                Time          Cycles PC       Instr    Mnemonic
26618693ns          448172 1c008080 0640006f jal              x0, 100            
26619151ns          448195 1c0080e4 f1402573 csrrs            x10, x0, 0xf14      x10=00000004
26619191ns          448197 1c0080e8 01f57593 andi             x11, x10, 31        x11=00000004 x10:00000004
26619210ns          448198 1c0080ec 00555513 srli             x10, x10, 0x5       x10=00000000 x10:00000004
26619230ns          448199 1c0080ee 01f00613 addi             x12, x0, 31         x12=0000001f
26619648ns          448220 1c0080f0 00c50463 beq              x10, x12, 8         x10:00000000 x12:0000001f
26619688ns          448222 1c0080f4 fa1ff06f jal              x0, -96            
26620145ns          448245 1c008094 f3ff8117 auipc            x2, 0xf3ff8000       x2=10000094
26620185ns          448247 1c008098 f7010113 addi             x2, x2, -144         x2=10000004  x2:10000094
26620205ns          448248 1c00809c 00012103 lw               x2, 0(x2)            x2=10000008  x2:10000004  PA:10000004
26620642ns          448270 1c0080a0 000011b7 lui              x3, 0x1000           x3=00001000
26620682ns          448272 1c0080a4 80018193 addi             x3, x3, -2048        x3=00000800  x3:00001000
26620702ns          448273 1c0080a8 00158593 addi             x11, x11, 1         x11=00000005 x11:00000004
26620722ns          448274 1c0080ac 02b180b3 mul              x1, x3, x11          x1=00002800  x3:00000800 x11:00000005
26621159ns          448296 1c0080b0 00110133 add              x2, x2, x1           x2=10002808  x2:10000008  x1:00002800
26621199ns          448298 1c0080b4 2f10306f jal              x0, 15088          
26621677ns          448322 1c00bba4 002047b7 lui              x15, 0x204000       x15=00204000
26621716ns          448324 1c00bba8 ff010113 addi             x2, x2, -16          x2=100027f8  x2:10002808
26621736ns          448325 1c00bbaa 00112623 sw               x1, 12(x2)           x1:00002800  x2:100027f8  PA:10002804
26621756ns          448326 1c00bbac 00878713 addi             x14, x15, 8         x14=00204008 x15:00204000
26622174ns          448347 1c00bbb0 000706b7 lui              x13, 0x70000        x13=00070000
26622214ns          448349 1c00bbb4 00d72023 sw               x13, 0(x14)         x13:00070000 x14:00204008  PA:00204008
26622233ns          448350 1c00bbb6 20078693 addi             x13, x15, 512       x13=00204200 x15:00204000
26622253ns          448351 1c00bbba 0ff00713 addi             x14, x0, 255        x14=000000ff
26622273ns          448352 1c00bbbe 00e6a023 sw               x14, 0(x13)         x14:000000ff x13:00204200  PA:00204200
26622691ns          448373 1c00bbc0 20c78793 addi             x15, x15, 524       x15=0020420c x15:00204000
26622731ns          448375 1c00bbc4 00e7a023 sw               x14, 0(x15)         x14:000000ff x15:0020420c  PA:0020420c
26622751ns          448376 1c00bbc6 1c0037b7 lui              x15, 0x1c003000     x15=1c003000
26622770ns          448377 1c00bbca f447a783 lw               x15, -188(x15)      x15=1c009204 x15:1c003000  PA:1c002f44
26623208ns          448399 1c00bbce 000780e7 jalr             x1, x15, 0           x1=1c00bbd0 x15:1c009204
26623705ns          448424 1c009204 ce010113 addi             x2, x2, -800         x2=100024d8  x2:100027f8
26623745ns          448426 1c009208 f14027f3 csrrs            x15, x0, 0xf14      x15=00000004
26623765ns          448427 1c00920c 30112e23 sw               x1, 796(x2)          x1:1c00bbd0  x2:100024d8  PA:100027f4
26624222ns          448450 1c009210 30812c23 sw               x8, 792(x2)          x8:xxxxxxxx  x2:100024d8  PA:100027f0
26624262ns          448452 1c009214 30912a23 sw               x9, 788(x2)          x9:xxxxxxxx  x2:100024d8  PA:100027ec
26624282ns          448453 1c009218 31212823 sw               x18, 784(x2)        x18:xxxxxxxx  x2:100024d8  PA:100027e8
26624302ns          448454 1c00921c 31312623 sw               x19, 780(x2)        x19:xxxxxxxx  x2:100024d8  PA:100027e4
26624739ns          448476 1c009220 31412423 sw               x20, 776(x2)        x20:xxxxxxxx  x2:100024d8  PA:100027e0
26624779ns          448478 1c009224 31512223 sw               x21, 772(x2)        x21:xxxxxxxx  x2:100024d8  PA:100027dc
26624799ns          448479 1c009228 31612023 sw               x22, 768(x2)        x22:xxxxxxxx  x2:100024d8  PA:100027d8
26624819ns          448480 1c00922c 2f712e23 sw               x23, 764(x2)        x23:xxxxxxxx  x2:100024d8  PA:100027d4
26625256ns          448502 1c009230 2f812c23 sw               x24, 760(x2)        x24:xxxxxxxx  x2:100024d8  PA:100027d0
26625296ns          448504 1c009234 2f912a23 sw               x25, 756(x2)        x25:xxxxxxxx  x2:100024d8  PA:100027cc
26625316ns          448505 1c009238 2fa12823 sw               x26, 752(x2)        x26:xxxxxxxx  x2:100024d8  PA:100027c8
26625336ns          448506 1c00923c 2fb12623 sw               x27, 748(x2)        x27:xxxxxxxx  x2:100024d8  PA:100027c4
26625773ns          448528 1c009240 ca579733 p.extractu       x14, x15, 5, 5      x14=00000000 x15:00000004
26625813ns          448530 1c009244 04070363 beq              x14, x0, 70         x14:00000000
26626330ns          448556 1c00928a f457b7b3 p.bclr           x15, x15, 26, 5     x15=00000004 x15:00000004
26626768ns          448578 1c00928e 1c000537 lui              x10, 0x1c000000     x10=1c000000
26626788ns          448579 1c009292 00f005b3 add              x11, x0, x15        x11=00000004 x15:00000004
26626808ns          448580 1c009294 00800613 addi             x12, x0, 8          x12=00000008
26626828ns          448581 1c009296 07050513 addi             x10, x10, 112       x10=1c000070 x10:1c000000
26626847ns          448582 1c00929a 0af12623 sw               x15, 172(x2)        x15:00000004  x2:100024d8  PA:10002584
26626867ns          448583 1c00929c 7c0010ef jal              x1, 6080             x1=1c0092a0
26627742ns          448627 1c00aa5c fc010113 addi             x2, x2, -64          x2=10002498  x2:100024d8
26628220ns          448651 1c00aa5e 02410313 addi             x6, x2, 36           x6=100024bc  x2:10002498
26628240ns          448652 1c00aa62 02c12423 sw               x12, 40(x2)         x12:00000008  x2:10002498  PA:100024c0
26628259ns          448653 1c00aa64 00a00633 add              x12, x0, x10        x12=1c000070 x10:1c000070
26628279ns          448654 1c00aa66 1c00b537 lui              x10, 0x1c00b000     x10=1c00b000
26628299ns          448655 1c00aa6a 02b12223 sw               x11, 36(x2)         x11:00000004  x2:10002498  PA:100024bc
26628319ns          448656 1c00aa6c 02d12623 sw               x13, 44(x2)         x13:00204200  x2:10002498  PA:100024c4
26628339ns          448657 1c00aa6e 00200593 addi             x11, x0, 2          x11=00000002
26628737ns          448677 1c00aa70 006006b3 add              x13, x0, x6         x13=100024bc  x6:100024bc
26628777ns          448679 1c00aa72 a1850513 addi             x10, x10, -1512     x10=1c00aa18 x10:1c00b000
26628796ns          448680 1c00aa76 00112e23 sw               x1, 28(x2)           x1:1c0092a0  x2:10002498  PA:100024b4
26628816ns          448681 1c00aa78 02e12823 sw               x14, 48(x2)         x14:00000000  x2:10002498  PA:100024c8
26628836ns          448682 1c00aa7a 02f12a23 sw               x15, 52(x2)         x15:00000004  x2:10002498  PA:100024cc
26628856ns          448683 1c00aa7c 03012c23 sw               x16, 56(x2)         x16:xxxxxxxx  x2:10002498  PA:100024d0
26628876ns          448684 1c00aa7e 03112e23 sw               x17, 60(x2)         x17:xxxxxxxx  x2:10002498  PA:100024d4
26629254ns          448703 1c00aa80 00612623 sw               x6, 12(x2)           x6:100024bc  x2:10002498  PA:100024a4
26629274ns          448704 1c00aa82 fbfff0ef jal              x1, -66              x1=1c00aa84
26629731ns          448727 1c00aa40 04a0006f jal              x0, 74             
26629771ns          448729 1c00aa8a ed010113 addi             x2, x2, -304         x2=10002368  x2:10002498
26629791ns          448730 1c00aa8c 12812423 sw               x8, 296(x2)          x8:xxxxxxxx  x2:10002368  PA:10002490
26630228ns          448752 1c00aa90 00000413 addi             x8, x0, 0            x8=00000000
26630268ns          448754 1c00aa92 11612823 sw               x22, 272(x2)        x22:xxxxxxxx  x2:10002368  PA:10002478
26630288ns          448755 1c00aa96 11712623 sw               x23, 268(x2)        x23:xxxxxxxx  x2:10002368  PA:10002474
26630308ns          448756 1c00aa9a 11812423 sw               x24, 264(x2)        x24:xxxxxxxx  x2:10002368  PA:10002470
26630745ns          448778 1c00aa9e 11912223 sw               x25, 260(x2)        x25:xxxxxxxx  x2:10002368  PA:1000246c
26630785ns          448780 1c00aaa2 11a12023 sw               x26, 256(x2)        x26:xxxxxxxx  x2:10002368  PA:10002468
26630805ns          448781 1c00aaa6 0fb12e23 sw               x27, 252(x2)        x27:xxxxxxxx  x2:10002368  PA:10002464
26630825ns          448782 1c00aaa8 12112623 sw               x1, 300(x2)          x1:1c00aa84  x2:10002368  PA:10002494
26630845ns          448783 1c00aaac 00800db3 add              x27, x0, x8         x27=00000000  x8:00000000
26631263ns          448804 1c00aaae 12912223 sw               x9, 292(x2)          x9:xxxxxxxx  x2:10002368  PA:1000248c
26631302ns          448806 1c00aab2 13212023 sw               x18, 288(x2)        x18:xxxxxxxx  x2:10002368  PA:10002488
26631322ns          448807 1c00aab6 11312e23 sw               x19, 284(x2)        x19:xxxxxxxx  x2:10002368  PA:10002484
26631342ns          448808 1c00aaba 11412c23 sw               x20, 280(x2)        x20:xxxxxxxx  x2:10002368  PA:10002480
26631780ns          448830 1c00aabe 11512a23 sw               x21, 276(x2)        x21:xxxxxxxx  x2:10002368  PA:1000247c
26631800ns          448831 1c00aac2 00a00b33 add              x22, x0, x10        x22=1c00aa18 x10:1c00aa18
26631819ns          448832 1c00aac4 00b00d33 add              x26, x0, x11        x26=00000002 x11:00000002
26631839ns          448833 1c00aac6 00d00c33 add              x24, x0, x13        x24=100024bc x13:100024bc
26631859ns          448834 1c00aac8 1c000bb7 lui              x23, 0x1c000000     x23=1c000000
26631879ns          448835 1c00aacc 02410c93 addi             x25, x2, 36         x25=1000238c  x2:10002368
26632317ns          448857 1c00aad0 00c00433 add              x8, x0, x12          x8=1c000070 x12:1c000070
26632356ns          448859 1c00aad2 00044503 lbu              x10, 0(x8)          x10=00000043  x8:1c000070  PA:1c000070
26632774ns          448880 1c00aad6 00140413 addi             x8, x8, 1            x8=1c000071  x8:1c000070
26632794ns          448881 1c00aad8 00050e63 beq              x10, x0, 28         x10:00000043
26632814ns          448882 1c00aada 02500793 addi             x15, x0, 37         x15=00000025
26632854ns          448884 1c00aade 04f50863 beq              x10, x15, 80        x10:00000043 x15:00000025
26632874ns          448885 1c00aae2 01a005b3 add              x11, x0, x26        x11=00000002 x26:00000002
26632893ns          448886 1c00aae4 000b00e7 jalr             x1, x22, 0           x1=1c00aae6 x22:1c00aa18
26633351ns          448909 1c00aa18 000026b7 lui              x13, 0x2000         x13=00002000
26633391ns          448911 1c00aa1a f14027f3 csrrs            x15, x0, 0xf14      x15=00000004
26633828ns          448933 1c00aa1e f8068693 addi             x13, x13, -128      x13=00001f80 x13:00002000
26633868ns          448935 1c00aa22 00379713 slli             x14, x15, 0x3       x14=00000020 x15:00000004
26633888ns          448936 1c00aa26 00279793 slli             x15, x15, 0x2       x15=00000010 x15:00000004
26633908ns          448937 1c00aa28 00d7f7b3 and              x15, x15, x13       x15=00000000 x15:00000010 x13:00001f80
26633928ns          448938 1c00aa2a ee873733 p.bclr           x14, x14, 23, 8     x14=00000020 x14:00000020
26634345ns          448959 1c00aa2e 1a10f6b7 lui              x13, 0x1a10f000     x13=1a10f000
26634385ns          448961 1c00aa32 0ff57513 andi             x10, x10, 255       x10=00000043 x10:00000043
26634405ns          448962 1c00aa36 00d70733 add              x14, x14, x13       x14=1a10f020 x14:00000020 x13:1a10f000
26634425ns          448963 1c00aa38 00a7e723 p.sw             x10, x0(x15)        x10:00000043 x15:00000000  PA:1a10f020
26634962ns          448990 1c00aa3c 00000513 addi             x10, x0, 0          x10=00000000
26634982ns          448991 1c00aa3e 00008067 jalr             x0, x1, 0            x1:1c00aae6
26635041ns          448994 1c00aae6 25f52163 p.beqimm         x10, 578            x10:00000000
26635061ns          448995 1c00aaea 001d8d93 addi             x27, x27, 1         x27=00000001 x27:00000000
26635081ns          448996 1c00aaec 00044503 lbu              x10, 0(x8)          x10=0000006f  x8:1c000071  PA:1c000071
26635399ns          449012 1c00aaf0 00140413 addi             x8, x8, 1            x8=1c000072  x8:1c000071
26635419ns          449013 1c00aaf2 fe0514e3 bne              x10, x0, -24        x10:0000006f
26635499ns          449017 1c00aada 02500793 addi             x15, x0, 37         x15=00000025
26635519ns          449018 1c00aade 04f50863 beq              x10, x15, 80        x10:0000006f x15:00000025
26635538ns          449019 1c00aae2 01a005b3 add              x11, x0, x26        x11=00000002 x26:00000002
26635558ns          449020 1c00aae4 000b00e7 jalr             x1, x22, 0           x1=1c00aae6 x22:1c00aa18
26635598ns          449022 1c00aa18 000026b7 lui              x13, 0x2000         x13=00002000
26635618ns          449023 1c00aa1a f14027f3 csrrs            x15, x0, 0xf14      x15=00000004
26635638ns          449024 1c00aa1e f8068693 addi             x13, x13, -128      x13=00001f80 x13:00002000
26635658ns          449025 1c00aa22 00379713 slli             x14, x15, 0x3       x14=00000020 x15:00000004
26635678ns          449026 1c00aa26 00279793 slli             x15, x15, 0x2       x15=00000010 x15:00000004
26635698ns          449027 1c00aa28 00d7f7b3 and              x15, x15, x13       x15=00000000 x15:00000010 x13:00001f80
26635717ns          449028 1c00aa2a ee873733 p.bclr           x14, x14, 23, 8     x14=00000020 x14:00000020
26635737ns          449029 1c00aa2e 1a10f6b7 lui              x13, 0x1a10f000     x13=1a10f000
26635757ns          449030 1c00aa32 0ff57513 andi             x10, x10, 255       x10=0000006f x10:0000006f
26635777ns          449031 1c00aa36 00d70733 add              x14, x14, x13       x14=1a10f020 x14:00000020 x13:1a10f000
26635797ns          449032 1c00aa38 00a7e723 p.sw             x10, x0(x15)        x10:0000006f x15:00000000  PA:1a10f020
26636175ns          449051 1c00aa3c 00000513 addi             x10, x0, 0          x10=00000000
26636195ns          449052 1c00aa3e 00008067 jalr             x0, x1, 0            x1:1c00aae6
26636254ns          449055 1c00aae6 25f52163 p.beqimm         x10, 578            x10:00000000
26636274ns          449056 1c00aaea 001d8d93 addi             x27, x27, 1         x27=00000002 x27:00000001
26636294ns          449057 1c00aaec 00044503 lbu              x10, 0(x8)          x10=00000072  x8:1c000072  PA:1c000072
26636593ns          449072 1c00aaf0 00140413 addi             x8, x8, 1            x8=1c000073  x8:1c000072
26636612ns          449073 1c00aaf2 fe0514e3 bne              x10, x0, -24        x10:00000072
26636692ns          449077 1c00aada 02500793 addi             x15, x0, 37         x15=00000025
26636712ns          449078 1c00aade 04f50863 beq              x10, x15, 80        x10:00000072 x15:00000025
26636732ns          449079 1c00aae2 01a005b3 add              x11, x0, x26        x11=00000002 x26:00000002
26636752ns          449080 1c00aae4 000b00e7 jalr             x1, x22, 0           x1=1c00aae6 x22:1c00aa18
26636791ns          449082 1c00aa18 000026b7 lui              x13, 0x2000         x13=00002000
26636811ns          449083 1c00aa1a f14027f3 csrrs            x15, x0, 0xf14      x15=00000004
26636831ns          449084 1c00aa1e f8068693 addi             x13, x13, -128      x13=00001f80 x13:00002000
26636851ns          449085 1c00aa22 00379713 slli             x14, x15, 0x3       x14=00000020 x15:00000004
26636871ns          449086 1c00aa26 00279793 slli             x15, x15, 0x2       x15=00000010 x15:00000004
26636891ns          449087 1c00aa28 00d7f7b3 and              x15, x15, x13       x15=00000000 x15:00000010 x13:00001f80
26636911ns          449088 1c00aa2a ee873733 p.bclr           x14, x14, 23, 8     x14=00000020 x14:00000020
26636931ns          449089 1c00aa2e 1a10f6b7 lui              x13, 0x1a10f000     x13=1a10f000
26636951ns          449090 1c00aa32 0ff57513 andi             x10, x10, 255       x10=00000072 x10:00000072
26636970ns          449091 1c00aa36 00d70733 add              x14, x14, x13       x14=1a10f020 x14:00000020 x13:1a10f000
26636990ns          449092 1c00aa38 00a7e723 p.sw             x10, x0(x15)        x10:00000072 x15:00000000  PA:1a10f020
26637328ns          449109 1c00aa3c 00000513 addi             x10, x0, 0          x10=00000000
26637348ns          449110 1c00aa3e 00008067 jalr             x0, x1, 0            x1:1c00aae6
26637408ns          449113 1c00aae6 25f52163 p.beqimm         x10, 578            x10:00000000
26637428ns          449114 1c00aaea 001d8d93 addi             x27, x27, 1         x27=00000003 x27:00000002
26637448ns          449115 1c00aaec 00044503 lbu              x10, 0(x8)          x10=00000065  x8:1c000073  PA:1c000073
26637746ns          449130 1c00aaf0 00140413 addi             x8, x8, 1            x8=1c000074  x8:1c000073
26637766ns          449131 1c00aaf2 fe0514e3 bne              x10, x0, -24        x10:00000065
26637846ns          449135 1c00aada 02500793 addi             x15, x0, 37         x15=00000025
26637865ns          449136 1c00aade 04f50863 beq              x10, x15, 80        x10:00000065 x15:00000025
26637885ns          449137 1c00aae2 01a005b3 add              x11, x0, x26        x11=00000002 x26:00000002
26637905ns          449138 1c00aae4 000b00e7 jalr             x1, x22, 0           x1=1c00aae6 x22:1c00aa18
26637945ns          449140 1c00aa18 000026b7 lui              x13, 0x2000         x13=00002000
26637965ns          449141 1c00aa1a f14027f3 csrrs            x15, x0, 0xf14      x15=00000004
26637985ns          449142 1c00aa1e f8068693 addi             x13, x13, -128      x13=00001f80 x13:00002000
26638005ns          449143 1c00aa22 00379713 slli             x14, x15, 0x3       x14=00000020 x15:00000004
26638024ns          449144 1c00aa26 00279793 slli             x15, x15, 0x2       x15=00000010 x15:00000004
26638044ns          449145 1c00aa28 00d7f7b3 and              x15, x15, x13       x15=00000000 x15:00000010 x13:00001f80
26638064ns          449146 1c00aa2a ee873733 p.bclr           x14, x14, 23, 8     x14=00000020 x14:00000020
26638084ns          449147 1c00aa2e 1a10f6b7 lui              x13, 0x1a10f000     x13=1a10f000
26638104ns          449148 1c00aa32 0ff57513 andi             x10, x10, 255       x10=00000065 x10:00000065
26638124ns          449149 1c00aa36 00d70733 add              x14, x14, x13       x14=1a10f020 x14:00000020 x13:1a10f000
26638144ns          449150 1c00aa38 00a7e723 p.sw             x10, x0(x15)        x10:00000065 x15:00000000  PA:1a10f020
26638462ns          449166 1c00aa3c 00000513 addi             x10, x0, 0          x10=00000000
26638482ns          449167 1c00aa3e 00008067 jalr             x0, x1, 0            x1:1c00aae6
26638542ns          449170 1c00aae6 25f52163 p.beqimm         x10, 578            x10:00000000
26638561ns          449171 1c00aaea 001d8d93 addi             x27, x27, 1         x27=00000004 x27:00000003
26638581ns          449172 1c00aaec 00044503 lbu              x10, 0(x8)          x10=00000020  x8:1c000074  PA:1c000074
26638880ns          449187 1c00aaf0 00140413 addi             x8, x8, 1            x8=1c000075  x8:1c000074
26638900ns          449188 1c00aaf2 fe0514e3 bne              x10, x0, -24        x10:00000020
26638979ns          449192 1c00aada 02500793 addi             x15, x0, 37         x15=00000025
26638999ns          449193 1c00aade 04f50863 beq              x10, x15, 80        x10:00000020 x15:00000025
26639019ns          449194 1c00aae2 01a005b3 add              x11, x0, x26        x11=00000002 x26:00000002
26639039ns          449195 1c00aae4 000b00e7 jalr             x1, x22, 0           x1=1c00aae6 x22:1c00aa18
26639079ns          449197 1c00aa18 000026b7 lui              x13, 0x2000         x13=00002000
26639098ns          449198 1c00aa1a f14027f3 csrrs            x15, x0, 0xf14      x15=00000004
26639118ns          449199 1c00aa1e f8068693 addi             x13, x13, -128      x13=00001f80 x13:00002000
26639138ns          449200 1c00aa22 00379713 slli             x14, x15, 0x3       x14=00000020 x15:00000004
26639158ns          449201 1c00aa26 00279793 slli             x15, x15, 0x2       x15=00000010 x15:00000004
26639178ns          449202 1c00aa28 00d7f7b3 and              x15, x15, x13       x15=00000000 x15:00000010 x13:00001f80
26639198ns          449203 1c00aa2a ee873733 p.bclr           x14, x14, 23, 8     x14=00000020 x14:00000020
26639218ns          449204 1c00aa2e 1a10f6b7 lui              x13, 0x1a10f000     x13=1a10f000
26639238ns          449205 1c00aa32 0ff57513 andi             x10, x10, 255       x10=00000020 x10:00000020
26639258ns          449206 1c00aa36 00d70733 add              x14, x14, x13       x14=1a10f020 x14:00000020 x13:1a10f000
26639277ns          449207 1c00aa38 00a7e723 p.sw             x10, x0(x15)        x10:00000020 x15:00000000  PA:1a10f020
26639616ns          449224 1c00aa3c 00000513 addi             x10, x0, 0          x10=00000000
26639635ns          449225 1c00aa3e 00008067 jalr             x0, x1, 0            x1:1c00aae6
26639695ns          449228 1c00aae6 25f52163 p.beqimm         x10, 578            x10:00000000
26639715ns          449229 1c00aaea 001d8d93 addi             x27, x27, 1         x27=00000005 x27:00000004
26639735ns          449230 1c00aaec 00044503 lbu              x10, 0(x8)          x10=00000049  x8:1c000075  PA:1c000075
26640033ns          449245 1c00aaf0 00140413 addi             x8, x8, 1            x8=1c000076  x8:1c000075
26640053ns          449246 1c00aaf2 fe0514e3 bne              x10, x0, -24        x10:00000049
26640133ns          449250 1c00aada 02500793 addi             x15, x0, 37         x15=00000025
26640153ns          449251 1c00aade 04f50863 beq              x10, x15, 80        x10:00000049 x15:00000025
26640172ns          449252 1c00aae2 01a005b3 add              x11, x0, x26        x11=00000002 x26:00000002
26640192ns          449253 1c00aae4 000b00e7 jalr             x1, x22, 0           x1=1c00aae6 x22:1c00aa18
26640232ns          449255 1c00aa18 000026b7 lui              x13, 0x2000         x13=00002000
26640252ns          449256 1c00aa1a f14027f3 csrrs            x15, x0, 0xf14      x15=00000004
26640272ns          449257 1c00aa1e f8068693 addi             x13, x13, -128      x13=00001f80 x13:00002000
26640292ns          449258 1c00aa22 00379713 slli             x14, x15, 0x3       x14=00000020 x15:00000004
26640312ns          449259 1c00aa26 00279793 slli             x15, x15, 0x2       x15=00000010 x15:00000004
26640332ns          449260 1c00aa28 00d7f7b3 and              x15, x15, x13       x15=00000000 x15:00000010 x13:00001f80
26640351ns          449261 1c00aa2a ee873733 p.bclr           x14, x14, 23, 8     x14=00000020 x14:00000020
26640371ns          449262 1c00aa2e 1a10f6b7 lui              x13, 0x1a10f000     x13=1a10f000
26640391ns          449263 1c00aa32 0ff57513 andi             x10, x10, 255       x10=00000049 x10:00000049
26640411ns          449264 1c00aa36 00d70733 add              x14, x14, x13       x14=1a10f020 x14:00000020 x13:1a10f000
26640431ns          449265 1c00aa38 00a7e723 p.sw             x10, x0(x15)        x10:00000049 x15:00000000  PA:1a10f020
26640769ns          449282 1c00aa3c 00000513 addi             x10, x0, 0          x10=00000000
26640789ns          449283 1c00aa3e 00008067 jalr             x0, x1, 0            x1:1c00aae6
26640849ns          449286 1c00aae6 25f52163 p.beqimm         x10, 578            x10:00000000
26640868ns          449287 1c00aaea 001d8d93 addi             x27, x27, 1         x27=00000006 x27:00000005
26640888ns          449288 1c00aaec 00044503 lbu              x10, 0(x8)          x10=00000044  x8:1c000076  PA:1c000076
26641187ns          449303 1c00aaf0 00140413 addi             x8, x8, 1            x8=1c000077  x8:1c000076
26641207ns          449304 1c00aaf2 fe0514e3 bne              x10, x0, -24        x10:00000044
26641286ns          449308 1c00aada 02500793 addi             x15, x0, 37         x15=00000025
26641306ns          449309 1c00aade 04f50863 beq              x10, x15, 80        x10:00000044 x15:00000025
26641326ns          449310 1c00aae2 01a005b3 add              x11, x0, x26        x11=00000002 x26:00000002
26641346ns          449311 1c00aae4 000b00e7 jalr             x1, x22, 0           x1=1c00aae6 x22:1c00aa18
26641386ns          449313 1c00aa18 000026b7 lui              x13, 0x2000         x13=00002000
26641405ns          449314 1c00aa1a f14027f3 csrrs            x15, x0, 0xf14      x15=00000004
26641425ns          449315 1c00aa1e f8068693 addi             x13, x13, -128      x13=00001f80 x13:00002000
26641445ns          449316 1c00aa22 00379713 slli             x14, x15, 0x3       x14=00000020 x15:00000004
26641465ns          449317 1c00aa26 00279793 slli             x15, x15, 0x2       x15=00000010 x15:00000004
26641485ns          449318 1c00aa28 00d7f7b3 and              x15, x15, x13       x15=00000000 x15:00000010 x13:00001f80
26641505ns          449319 1c00aa2a ee873733 p.bclr           x14, x14, 23, 8     x14=00000020 x14:00000020
26641525ns          449320 1c00aa2e 1a10f6b7 lui              x13, 0x1a10f000     x13=1a10f000
26641545ns          449321 1c00aa32 0ff57513 andi             x10, x10, 255       x10=00000044 x10:00000044
26641565ns          449322 1c00aa36 00d70733 add              x14, x14, x13       x14=1a10f020 x14:00000020 x13:1a10f000
26641584ns          449323 1c00aa38 00a7e723 p.sw             x10, x0(x15)        x10:00000044 x15:00000000  PA:1a10f020
26641942ns          449341 1c00aa3c 00000513 addi             x10, x0, 0          x10=00000000
26641962ns          449342 1c00aa3e 00008067 jalr             x0, x1, 0            x1:1c00aae6
26642022ns          449345 1c00aae6 25f52163 p.beqimm         x10, 578            x10:00000000
26642042ns          449346 1c00aaea 001d8d93 addi             x27, x27, 1         x27=00000007 x27:00000006
26642062ns          449347 1c00aaec 00044503 lbu              x10, 0(x8)          x10=0000003a  x8:1c000077  PA:1c000077
26642360ns          449362 1c00aaf0 00140413 addi             x8, x8, 1            x8=1c000078  x8:1c000077
26642380ns          449363 1c00aaf2 fe0514e3 bne              x10, x0, -24        x10:0000003a
26642460ns          449367 1c00aada 02500793 addi             x15, x0, 37         x15=00000025
26642479ns          449368 1c00aade 04f50863 beq              x10, x15, 80        x10:0000003a x15:00000025
26642499ns          449369 1c00aae2 01a005b3 add              x11, x0, x26        x11=00000002 x26:00000002
26642519ns          449370 1c00aae4 000b00e7 jalr             x1, x22, 0           x1=1c00aae6 x22:1c00aa18
26642559ns          449372 1c00aa18 000026b7 lui              x13, 0x2000         x13=00002000
26642579ns          449373 1c00aa1a f14027f3 csrrs            x15, x0, 0xf14      x15=00000004
26642599ns          449374 1c00aa1e f8068693 addi             x13, x13, -128      x13=00001f80 x13:00002000
26642619ns          449375 1c00aa22 00379713 slli             x14, x15, 0x3       x14=00000020 x15:00000004
26642639ns          449376 1c00aa26 00279793 slli             x15, x15, 0x2       x15=00000010 x15:00000004
26642658ns          449377 1c00aa28 00d7f7b3 and              x15, x15, x13       x15=00000000 x15:00000010 x13:00001f80
26642678ns          449378 1c00aa2a ee873733 p.bclr           x14, x14, 23, 8     x14=00000020 x14:00000020
26642698ns          449379 1c00aa2e 1a10f6b7 lui              x13, 0x1a10f000     x13=1a10f000
26642718ns          449380 1c00aa32 0ff57513 andi             x10, x10, 255       x10=0000003a x10:0000003a
26642738ns          449381 1c00aa36 00d70733 add              x14, x14, x13       x14=1a10f020 x14:00000020 x13:1a10f000
26642758ns          449382 1c00aa38 00a7e723 p.sw             x10, x0(x15)        x10:0000003a x15:00000000  PA:1a10f020
26643096ns          449399 1c00aa3c 00000513 addi             x10, x0, 0          x10=00000000
26643116ns          449400 1c00aa3e 00008067 jalr             x0, x1, 0            x1:1c00aae6
26643175ns          449403 1c00aae6 25f52163 p.beqimm         x10, 578            x10:00000000
26643195ns          449404 1c00aaea 001d8d93 addi             x27, x27, 1         x27=00000008 x27:00000007
26643215ns          449405 1c00aaec 00044503 lbu              x10, 0(x8)          x10=00000020  x8:1c000078  PA:1c000078
26643514ns          449420 1c00aaf0 00140413 addi             x8, x8, 1            x8=1c000079  x8:1c000078
26643533ns          449421 1c00aaf2 fe0514e3 bne              x10, x0, -24        x10:00000020
26643613ns          449425 1c00aada 02500793 addi             x15, x0, 37         x15=00000025
26643633ns          449426 1c00aade 04f50863 beq              x10, x15, 80        x10:00000020 x15:00000025
26643653ns          449427 1c00aae2 01a005b3 add              x11, x0, x26        x11=00000002 x26:00000002
26643673ns          449428 1c00aae4 000b00e7 jalr             x1, x22, 0           x1=1c00aae6 x22:1c00aa18
26643712ns          449430 1c00aa18 000026b7 lui              x13, 0x2000         x13=00002000
26643732ns          449431 1c00aa1a f14027f3 csrrs            x15, x0, 0xf14      x15=00000004
26643752ns          449432 1c00aa1e f8068693 addi             x13, x13, -128      x13=00001f80 x13:00002000
26643772ns          449433 1c00aa22 00379713 slli             x14, x15, 0x3       x14=00000020 x15:00000004
26643792ns          449434 1c00aa26 00279793 slli             x15, x15, 0x2       x15=00000010 x15:00000004
26643812ns          449435 1c00aa28 00d7f7b3 and              x15, x15, x13       x15=00000000 x15:00000010 x13:00001f80
26643832ns          449436 1c00aa2a ee873733 p.bclr           x14, x14, 23, 8     x14=00000020 x14:00000020
26643852ns          449437 1c00aa2e 1a10f6b7 lui              x13, 0x1a10f000     x13=1a10f000
26643872ns          449438 1c00aa32 0ff57513 andi             x10, x10, 255       x10=00000020 x10:00000020
26643891ns          449439 1c00aa36 00d70733 add              x14, x14, x13       x14=1a10f020 x14:00000020 x13:1a10f000
26643911ns          449440 1c00aa38 00a7e723 p.sw             x10, x0(x15)        x10:00000020 x15:00000000  PA:1a10f020
26644230ns          449456 1c00aa3c 00000513 addi             x10, x0, 0          x10=00000000
26644249ns          449457 1c00aa3e 00008067 jalr             x0, x1, 0            x1:1c00aae6
26644309ns          449460 1c00aae6 25f52163 p.beqimm         x10, 578            x10:00000000
26644329ns          449461 1c00aaea 001d8d93 addi             x27, x27, 1         x27=00000009 x27:00000008
26644349ns          449462 1c00aaec 00044503 lbu              x10, 0(x8)          x10=00000025  x8:1c000079  PA:1c000079
26644647ns          449477 1c00aaf0 00140413 addi             x8, x8, 1            x8=1c00007a  x8:1c000079
26644667ns          449478 1c00aaf2 fe0514e3 bne              x10, x0, -24        x10:00000025
26644747ns          449482 1c00aada 02500793 addi             x15, x0, 37         x15=00000025
26644767ns          449483 1c00aade 04f50863 beq              x10, x15, 80        x10:00000025 x15:00000025
26645582ns          449524 1c00ab2e 00044483 lbu              x9, 0(x8)            x9=00000064  x8:1c00007a  PA:1c00007a
26646000ns          449545 1c00ab32 02000693 addi             x13, x0, 32         x13=00000020
26646019ns          449546 1c00ab36 00140a93 addi             x21, x8, 1          x21=1c00007b  x8:1c00007a
26646039ns          449547 1c00ab3a 009005b3 add              x11, x0, x9         x11=00000064  x9:00000064
26646059ns          449548 1c00ab3c 610b8513 addi             x10, x23, 1552      x10=1c000610 x23:1c000000
26646397ns          449565 1c00ab40 00d12823 sw               x13, 16(x2)         x13:00000020  x2:10002368  PA:10002378
26646417ns          449566 1c00ab42 00012c23 sw               x0, 24(x2)           x2:10002368  PA:10002380
26646437ns          449567 1c00ab44 00012a23 sw               x0, 20(x2)           x2:10002368  PA:1000237c
26646457ns          449568 1c00ab46 00012e23 sw               x0, 28(x2)           x2:10002368  PA:10002384
26646477ns          449569 1c00ab48 00012623 sw               x0, 12(x2)           x2:10002368  PA:10002374
26646497ns          449570 1c00ab4a 02300913 addi             x18, x0, 35         x18=00000023
26646914ns          449591 1c00ab4e 02d00a13 addi             x20, x0, 45         x20=0000002d
26646934ns          449592 1c00ab52 015009b3 add              x19, x0, x21        x19=1c00007b x21:1c00007b
26646954ns          449593 1c00ab54 e45ff0ef jal              x1, -444             x1=1c00ab56
26647412ns          449616 1c00a998 00054783 lbu              x15, 0(x10)         x15=0000002d x10:1c000610  PA:1c000610
26647889ns          449640 1c00a99c 0ff5f593 andi             x11, x11, 255       x11=00000064 x11:00000064
26647929ns          449642 1c00a9a0 00b78c63 beq              x15, x11, 24        x15:0000002d x11:00000064
26647968ns          449644 1c00a9a4 00078b63 beq              x15, x0, 22         x15:0000002d
26647988ns          449645 1c00a9a6 00150793 addi             x15, x10, 1         x15=1c000611 x10:1c000610
26648008ns          449646 1c00a9aa 0040006f jal              x0, 4              
26648486ns          449670 1c00a9ae 00f00533 add              x10, x0, x15        x10=1c000611 x15:1c000611
26648505ns          449671 1c00a9b0 0017c70b p.lbu            x14, 1(x15!)        x14=0000002b x15=1c000612 x15:1c000611  PA:1c000611
26648943ns          449693 1c00a9b4 feb71ce3 bne              x14, x11, -8        x14:0000002b x11:00000064
26649042ns          449698 1c00a9ac 00070763 beq              x14, x0, 14         x14:0000002b
26649062ns          449699 1c00a9ae 00f00533 add              x10, x0, x15        x10=1c000612 x15:1c000612
26649082ns          449700 1c00a9b0 0017c70b p.lbu            x14, 1(x15!)        x14=00000020 x15=1c000613 x15:1c000612  PA:1c000612
26649400ns          449716 1c00a9b4 feb71ce3 bne              x14, x11, -8        x14:00000020 x11:00000064
26649460ns          449719 1c00a9ac 00070763 beq              x14, x0, 14         x14:00000020
26649480ns          449720 1c00a9ae 00f00533 add              x10, x0, x15        x10=1c000613 x15:1c000613
26649500ns          449721 1c00a9b0 0017c70b p.lbu            x14, 1(x15!)        x14=00000023 x15=1c000614 x15:1c000613  PA:1c000613
26649818ns          449737 1c00a9b4 feb71ce3 bne              x14, x11, -8        x14:00000023 x11:00000064
26649878ns          449740 1c00a9ac 00070763 beq              x14, x0, 14         x14:00000023
26649898ns          449741 1c00a9ae 00f00533 add              x10, x0, x15        x10=1c000614 x15:1c000614
26649918ns          449742 1c00a9b0 0017c70b p.lbu            x14, 1(x15!)        x14=00000030 x15=1c000615 x15:1c000614  PA:1c000614
26650236ns          449758 1c00a9b4 feb71ce3 bne              x14, x11, -8        x14:00000030 x11:00000064
26650295ns          449761 1c00a9ac 00070763 beq              x14, x0, 14         x14:00000030
26650315ns          449762 1c00a9ae 00f00533 add              x10, x0, x15        x10=1c000615 x15:1c000615
26650335ns          449763 1c00a9b0 0017c70b p.lbu            x14, 1(x15!)        x14=00000000 x15=1c000616 x15:1c000615  PA:1c000615
26650673ns          449780 1c00a9b4 feb71ce3 bne              x14, x11, -8        x14:00000000 x11:00000064
26650733ns          449783 1c00a9ac 00070763 beq              x14, x0, 14         x14:00000000
26650812ns          449787 1c00a9ba 0015b593 sltiu            x11, x11, 1         x11=00000000 x11:00000064
26650832ns          449788 1c00a9be 40b005b3 sub              x11, x0, x11        x11=00000000 x11:00000000
26650852ns          449789 1c00a9c2 00b57533 and              x10, x10, x11       x10=00000000 x10:1c000615 x11:00000000
26650872ns          449790 1c00a9c4 00008067 jalr             x0, x1, 0            x1:1c00ab56
26650912ns          449792 1c00ab56 02050a63 beq              x10, x0, 52         x10:00000000
26651429ns          449818 1c00ab8a 02a00613 addi             x12, x0, 42         x12=0000002a
26651886ns          449841 1c00ab8e 1ec48c63 beq              x9, x12, 504         x9:00000064 x12:0000002a
26651926ns          449843 1c00ab92 fd048613 addi             x12, x9, -48        x12=00000034  x9:00000064
26651946ns          449844 1c00ab96 00900593 addi             x11, x0, 9          x11=00000009
26651966ns          449845 1c00ab98 00000913 addi             x18, x0, 0          x18=00000000
26651986ns          449846 1c00ab9a 1cc5f663 bgeu             x11, x12, 460       x11:00000009 x12:00000034
26652404ns          449867 1c00ab9e 02e00693 addi             x13, x0, 46         x13=0000002e
26652423ns          449868 1c00aba2 fff00a13 addi             x20, x0, -1         x20=ffffffff
26652443ns          449869 1c00aba4 22d48963 beq              x9, x13, 562         x9:00000064 x13:0000002e
26652463ns          449870 1c00aba8 1c0007b7 lui              x15, 0x1c000000     x15=1c000000
26652483ns          449871 1c00abac 009005b3 add              x11, x0, x9         x11=00000064  x9:00000064
26652921ns          449893 1c00abae 61878513 addi             x10, x15, 1560      x10=1c000618 x15:1c000000
26652940ns          449894 1c00abb2 de7ff0ef jal              x1, -538             x1=1c00abb4
26653020ns          449898 1c00a998 00054783 lbu              x15, 0(x10)         x15=00000068 x10:1c000618  PA:1c000618
26653338ns          449914 1c00a99c 0ff5f593 andi             x11, x11, 255       x11=00000064 x11:00000064
26653358ns          449915 1c00a9a0 00b78c63 beq              x15, x11, 24        x15:00000068 x11:00000064
26653378ns          449916 1c00a9a4 00078b63 beq              x15, x0, 22         x15:00000068
26653398ns          449917 1c00a9a6 00150793 addi             x15, x10, 1         x15=1c000619 x10:1c000618
26653418ns          449918 1c00a9aa 0040006f jal              x0, 4              
26653458ns          449920 1c00a9ae 00f00533 add              x10, x0, x15        x10=1c000619 x15:1c000619
26653477ns          449921 1c00a9b0 0017c70b p.lbu            x14, 1(x15!)        x14=0000006c x15=1c00061a x15:1c000619  PA:1c000619
26653915ns          449943 1c00a9b4 feb71ce3 bne              x14, x11, -8        x14:0000006c x11:00000064
26653975ns          449946 1c00a9ac 00070763 beq              x14, x0, 14         x14:0000006c
26653995ns          449947 1c00a9ae 00f00533 add              x10, x0, x15        x10=1c00061a x15:1c00061a
26654014ns          449948 1c00a9b0 0017c70b p.lbu            x14, 1(x15!)        x14=0000004c x15=1c00061b x15:1c00061a  PA:1c00061a
26654333ns          449964 1c00a9b4 feb71ce3 bne              x14, x11, -8        x14:0000004c x11:00000064
26654392ns          449967 1c00a9ac 00070763 beq              x14, x0, 14         x14:0000004c
26654412ns          449968 1c00a9ae 00f00533 add              x10, x0, x15        x10=1c00061b x15:1c00061b
26654432ns          449969 1c00a9b0 0017c70b p.lbu            x14, 1(x15!)        x14=0000007a x15=1c00061c x15:1c00061b  PA:1c00061b
26654750ns          449985 1c00a9b4 feb71ce3 bne              x14, x11, -8        x14:0000007a x11:00000064
26654810ns          449988 1c00a9ac 00070763 beq              x14, x0, 14         x14:0000007a
26654830ns          449989 1c00a9ae 00f00533 add              x10, x0, x15        x10=1c00061c x15:1c00061c
26654850ns          449990 1c00a9b0 0017c70b p.lbu            x14, 1(x15!)        x14=00000000 x15=1c00061d x15:1c00061c  PA:1c00061c
26655168ns          450006 1c00a9b4 feb71ce3 bne              x14, x11, -8        x14:00000000 x11:00000064
26655228ns          450009 1c00a9ac 00070763 beq              x14, x0, 14         x14:00000000
26655307ns          450013 1c00a9ba 0015b593 sltiu            x11, x11, 1         x11=00000000 x11:00000064
26655327ns          450014 1c00a9be 40b005b3 sub              x11, x0, x11        x11=00000000 x11:00000000
26655347ns          450015 1c00a9c2 00b57533 and              x10, x10, x11       x10=00000000 x10:1c00061c x11:00000000
26655367ns          450016 1c00a9c4 00008067 jalr             x0, x1, 0            x1:1c00abb4
26655407ns          450018 1c00abb4 01300433 add              x8, x0, x19          x8=1c00007b x19:1c00007b
26655426ns          450019 1c00abb6 00050563 beq              x10, x0, 10         x10:00000000
26655864ns          450041 1c00abc0 06700693 addi             x13, x0, 103        x13=00000067
26655884ns          450042 1c00abc4 1c96df63 bge              x13, x9, 478        x13:00000067  x9:00000064
26656421ns          450069 1c00ada2 06500693 addi             x13, x0, 101        x13=00000065
26656441ns          450070 1c00ada6 12d4d463 bge              x9, x13, 296         x9:00000064 x13:00000065
26656461ns          450071 1c00adaa 04700693 addi             x13, x0, 71         x13=00000047
26656878ns          450092 1c00adae 5296c363 blt              x13, x9, 1318       x13:00000047  x9:00000064
26657376ns          450117 1c00b2d4 06300693 addi             x13, x0, 99         x13=00000063
26657415ns          450119 1c00b2d8 1cd48463 beq              x9, x13, 456         x9:00000064 x13:00000063
26657435ns          450120 1c00b2dc 1296c763 blt              x13, x9, 302        x13:00000063  x9:00000064
26658350ns          450166 1c00b40a 000c2503 lw               x10, 0(x24)         x10=00000004 x24:100024bc  PA:100024bc
26658370ns          450167 1c00b40e 004c0c13 addi             x24, x24, 4         x24=100024c0 x24:100024bc
26658807ns          450189 1c00b410 2c054b63 blt              x10, x0, 726        x10:00000004
26658847ns          450191 1c00b414 01412603 lw               x12, 20(x2)         x12=00000000  x2:10002368  PA:1000237c
26658867ns          450192 1c00b416 00a006b3 add              x13, x0, x10        x13=00000004 x10:00000004
26658887ns          450193 1c00b418 2e061463 bne              x12, x0, 744        x12:00000000
26658907ns          450194 1c00b41c 01812703 lw               x14, 24(x2)         x14=00000000  x2:10002368  PA:10002380
26658927ns          450195 1c00b41e 019007b3 add              x15, x0, x25        x15=1000238c x25:1000238c
26659344ns          450216 1c00b420 00070763 beq              x14, x0, 14         x14:00000000
26659404ns          450219 1c00b42e 00f00733 add              x14, x0, x15        x14=1000238c x15:1000238c
26659822ns          450240 1c00b430 00a00593 addi             x11, x0, 10         x11=0000000a
26659862ns          450242 1c00b432 02b6f633 remu             x12, x13, x11       x12=00000004 x13:00000004 x11:0000000a
26660478ns          450273 1c00b436 02b6d6b3 divu             x13, x13, x11       x13=00000000 x13:00000004 x11:0000000a
26661095ns          450304 1c00b43a 03060613 addi             x12, x12, 48        x12=00000034 x12:00000004
26661114ns          450305 1c00b43e 00c700ab p.sb             x12, 1(x14!)        x14=1000238d x12:00000034 x14:1000238c  PA:1000238c
26661134ns          450306 1c00b442 fe0698e3 bne              x13, x0, -16        x13:00000000
26661154ns          450307 1c00b444 40f706b3 sub              x13, x14, x15       x13=00000001 x14:1000238d x15:1000238c
26661174ns          450308 1c00b448 0146da63 bge              x13, x20, 20        x13:00000001 x20:ffffffff
26661651ns          450332 1c00b45c 00e006b3 add              x13, x0, x14        x13=1000238d x14:1000238d
26662089ns          450354 1c00b45e fe068fab p.sb             x0, -1(x13!)        x13=1000238c x13:1000238d  PA:1000238d
26662129ns          450356 1c00b462 00d7fc63 bgeu             x15, x13, 24        x15:1000238c x13:1000238c
26662626ns          450381 1c00b47a 01412783 lw               x15, 20(x2)         x15=00000000  x2:10002368  PA:1000237c
26662666ns          450383 1c00b47c 01812603 lw               x12, 24(x2)         x12=00000000  x2:10002368  PA:10002380
26663083ns          450404 1c00b47e 419704b3 sub              x9, x14, x25         x9=00000001 x14:1000238d x25:1000238c
26663103ns          450405 1c00b482 00c7e7b3 or               x15, x15, x12       x15=00000000 x15:00000000 x12:00000000
26663123ns          450406 1c00b484 00f12623 sw               x15, 12(x2)         x15:00000000  x2:10002368  PA:10002374
26663163ns          450408 1c00b486 00079363 bne              x15, x0, 6          x15:00000000
26663183ns          450409 1c00b488 01f55513 srli             x10, x10, 0x1f      x10=00000000 x10:00000004
26663203ns          450410 1c00b48a 00a12623 sw               x10, 12(x2)         x10:00000000  x2:10002368  PA:10002374
26663282ns          450414 1c00b48c ddfa22e3 p.beqimm         x20, -572           x20:ffffffff
26664078ns          450454 1c00b250 0c800793 addi             x15, x0, 200        x15=000000c8
26664118ns          450456 1c00b254 ac97cae3 blt              x15, x9, -1324      x15:000000c8  x9:00000001
26664137ns          450457 1c00b258 9d24c8e3 blt              x9, x18, -1584       x9:00000001 x18:00000000
26664157ns          450458 1c00b25c aabff06f jal              x0, -1366          
26665072ns          450504 1c00ad06 dc0486e3 beq              x9, x0, -564         x9:00000001
26665092ns          450505 1c00ad0a 01900933 add              x18, x0, x25        x18=1000238c x25:1000238c
26665112ns          450506 1c00ad0c 419d8db3 sub              x27, x27, x25       x27=efffdc7d x27:00000009 x25:1000238c
26665549ns          450528 1c00ad10 00a0006f jal              x0, 10             
26665609ns          450531 1c00ad1a 0019450b p.lbu            x10, 1(x18!)        x10=00000034 x18=1000238d x18:1000238c  PA:1000238c
26665629ns          450532 1c00ad1e 01a005b3 add              x11, x0, x26        x11=00000002 x26:00000002
26666067ns          450554 1c00ad20 000b00e7 jalr             x1, x22, 0           x1=1c00ad22 x22:1c00aa18
26666146ns          450558 1c00aa18 000026b7 lui              x13, 0x2000         x13=00002000
26666186ns          450560 1c00aa1a f14027f3 csrrs            x15, x0, 0xf14      x15=00000004
26666206ns          450561 1c00aa1e f8068693 addi             x13, x13, -128      x13=00001f80 x13:00002000
26666226ns          450562 1c00aa22 00379713 slli             x14, x15, 0x3       x14=00000020 x15:00000004
26666246ns          450563 1c00aa26 00279793 slli             x15, x15, 0x2       x15=00000010 x15:00000004
26666265ns          450564 1c00aa28 00d7f7b3 and              x15, x15, x13       x15=00000000 x15:00000010 x13:00001f80
26666285ns          450565 1c00aa2a ee873733 p.bclr           x14, x14, 23, 8     x14=00000020 x14:00000020
26666325ns          450567 1c00aa2e 1a10f6b7 lui              x13, 0x1a10f000     x13=1a10f000
26666365ns          450569 1c00aa32 0ff57513 andi             x10, x10, 255       x10=00000034 x10:00000034
26666385ns          450570 1c00aa36 00d70733 add              x14, x14, x13       x14=1a10f020 x14:00000020 x13:1a10f000
26666405ns          450571 1c00aa38 00a7e723 p.sw             x10, x0(x15)        x10:00000034 x15:00000000  PA:1a10f020
26666902ns          450596 1c00aa3c 00000513 addi             x10, x0, 0          x10=00000000
26666922ns          450597 1c00aa3e 00008067 jalr             x0, x1, 0            x1:1c00ad22
26666962ns          450599 1c00ad22 fff48493 addi             x9, x9, -1           x9=00000000  x9:00000001
26666981ns          450600 1c00ad24 fff537e3 p.bneimm         x10, -18            x10:00000000
26667061ns          450604 1c00ad12 012d8733 add              x14, x27, x18       x14=0000000a x27:efffdc7d x18:1000238d
26667081ns          450605 1c00ad16 66048d63 beq              x9, x0, 1658         x9:00000000
26667359ns          450619 1c00b390 00e00db3 add              x27, x0, x14        x27=0000000a x14:0000000a
26667399ns          450621 1c00b392 f40ff06f jal              x0, -2240          
26667518ns          450627 1c00aad2 00044503 lbu              x10, 0(x8)          x10=0000002c  x8:1c00007b  PA:1c00007b
26667837ns          450643 1c00aad6 00140413 addi             x8, x8, 1            x8=1c00007c  x8:1c00007b
26667856ns          450644 1c00aad8 00050e63 beq              x10, x0, 28         x10:0000002c
26667876ns          450645 1c00aada 02500793 addi             x15, x0, 37         x15=00000025
26667896ns          450646 1c00aade 04f50863 beq              x10, x15, 80        x10:0000002c x15:00000025
26667916ns          450647 1c00aae2 01a005b3 add              x11, x0, x26        x11=00000002 x26:00000002
26667936ns          450648 1c00aae4 000b00e7 jalr             x1, x22, 0           x1=1c00aae6 x22:1c00aa18
26667976ns          450650 1c00aa18 000026b7 lui              x13, 0x2000         x13=00002000
26667996ns          450651 1c00aa1a f14027f3 csrrs            x15, x0, 0xf14      x15=00000004
26668016ns          450652 1c00aa1e f8068693 addi             x13, x13, -128      x13=00001f80 x13:00002000
26668035ns          450653 1c00aa22 00379713 slli             x14, x15, 0x3       x14=00000020 x15:00000004
26668055ns          450654 1c00aa26 00279793 slli             x15, x15, 0x2       x15=00000010 x15:00000004
26668075ns          450655 1c00aa28 00d7f7b3 and              x15, x15, x13       x15=00000000 x15:00000010 x13:00001f80
26668095ns          450656 1c00aa2a ee873733 p.bclr           x14, x14, 23, 8     x14=00000020 x14:00000020
26668115ns          450657 1c00aa2e 1a10f6b7 lui              x13, 0x1a10f000     x13=1a10f000
26668135ns          450658 1c00aa32 0ff57513 andi             x10, x10, 255       x10=0000002c x10:0000002c
26668155ns          450659 1c00aa36 00d70733 add              x14, x14, x13       x14=1a10f020 x14:00000020 x13:1a10f000
26668175ns          450660 1c00aa38 00a7e723 p.sw             x10, x0(x15)        x10:0000002c x15:00000000  PA:1a10f020
26668692ns          450686 1c00aa3c 00000513 addi             x10, x0, 0          x10=00000000
26668712ns          450687 1c00aa3e 00008067 jalr             x0, x1, 0            x1:1c00aae6
26668771ns          450690 1c00aae6 25f52163 p.beqimm         x10, 578            x10:00000000
26668791ns          450691 1c00aaea 001d8d93 addi             x27, x27, 1         x27=0000000b x27:0000000a
26668811ns          450692 1c00aaec 00044503 lbu              x10, 0(x8)          x10=00000020  x8:1c00007c  PA:1c00007c
26669109ns          450707 1c00aaf0 00140413 addi             x8, x8, 1            x8=1c00007d  x8:1c00007c
26669129ns          450708 1c00aaf2 fe0514e3 bne              x10, x0, -24        x10:00000020
26669209ns          450712 1c00aada 02500793 addi             x15, x0, 37         x15=00000025
26669229ns          450713 1c00aade 04f50863 beq              x10, x15, 80        x10:00000020 x15:00000025
26669249ns          450714 1c00aae2 01a005b3 add              x11, x0, x26        x11=00000002 x26:00000002
26669269ns          450715 1c00aae4 000b00e7 jalr             x1, x22, 0           x1=1c00aae6 x22:1c00aa18
26669308ns          450717 1c00aa18 000026b7 lui              x13, 0x2000         x13=00002000
26669328ns          450718 1c00aa1a f14027f3 csrrs            x15, x0, 0xf14      x15=00000004
26669348ns          450719 1c00aa1e f8068693 addi             x13, x13, -128      x13=00001f80 x13:00002000
26669368ns          450720 1c00aa22 00379713 slli             x14, x15, 0x3       x14=00000020 x15:00000004
26669388ns          450721 1c00aa26 00279793 slli             x15, x15, 0x2       x15=00000010 x15:00000004
26669408ns          450722 1c00aa28 00d7f7b3 and              x15, x15, x13       x15=00000000 x15:00000010 x13:00001f80
26669428ns          450723 1c00aa2a ee873733 p.bclr           x14, x14, 23, 8     x14=00000020 x14:00000020
26669448ns          450724 1c00aa2e 1a10f6b7 lui              x13, 0x1a10f000     x13=1a10f000
26669467ns          450725 1c00aa32 0ff57513 andi             x10, x10, 255       x10=00000020 x10:00000020
26669487ns          450726 1c00aa36 00d70733 add              x14, x14, x13       x14=1a10f020 x14:00000020 x13:1a10f000
26669507ns          450727 1c00aa38 00a7e723 p.sw             x10, x0(x15)        x10:00000020 x15:00000000  PA:1a10f020
26669845ns          450744 1c00aa3c 00000513 addi             x10, x0, 0          x10=00000000
26669865ns          450745 1c00aa3e 00008067 jalr             x0, x1, 0            x1:1c00aae6
26669925ns          450748 1c00aae6 25f52163 p.beqimm         x10, 578            x10:00000000
26669945ns          450749 1c00aaea 001d8d93 addi             x27, x27, 1         x27=0000000c x27:0000000b
26669965ns          450750 1c00aaec 00044503 lbu              x10, 0(x8)          x10=0000004e  x8:1c00007d  PA:1c00007d
26670263ns          450765 1c00aaf0 00140413 addi             x8, x8, 1            x8=1c00007e  x8:1c00007d
26670283ns          450766 1c00aaf2 fe0514e3 bne              x10, x0, -24        x10:0000004e
26670362ns          450770 1c00aada 02500793 addi             x15, x0, 37         x15=00000025
26670382ns          450771 1c00aade 04f50863 beq              x10, x15, 80        x10:0000004e x15:00000025
26670402ns          450772 1c00aae2 01a005b3 add              x11, x0, x26        x11=00000002 x26:00000002
26670422ns          450773 1c00aae4 000b00e7 jalr             x1, x22, 0           x1=1c00aae6 x22:1c00aa18
26670462ns          450775 1c00aa18 000026b7 lui              x13, 0x2000         x13=00002000
26670482ns          450776 1c00aa1a f14027f3 csrrs            x15, x0, 0xf14      x15=00000004
26670502ns          450777 1c00aa1e f8068693 addi             x13, x13, -128      x13=00001f80 x13:00002000
26670521ns          450778 1c00aa22 00379713 slli             x14, x15, 0x3       x14=00000020 x15:00000004
26670541ns          450779 1c00aa26 00279793 slli             x15, x15, 0x2       x15=00000010 x15:00000004
26670561ns          450780 1c00aa28 00d7f7b3 and              x15, x15, x13       x15=00000000 x15:00000010 x13:00001f80
26670581ns          450781 1c00aa2a ee873733 p.bclr           x14, x14, 23, 8     x14=00000020 x14:00000020
26670601ns          450782 1c00aa2e 1a10f6b7 lui              x13, 0x1a10f000     x13=1a10f000
26670621ns          450783 1c00aa32 0ff57513 andi             x10, x10, 255       x10=0000004e x10:0000004e
26670641ns          450784 1c00aa36 00d70733 add              x14, x14, x13       x14=1a10f020 x14:00000020 x13:1a10f000
26670661ns          450785 1c00aa38 00a7e723 p.sw             x10, x0(x15)        x10:0000004e x15:00000000  PA:1a10f020
26670979ns          450801 1c00aa3c 00000513 addi             x10, x0, 0          x10=00000000
26670999ns          450802 1c00aa3e 00008067 jalr             x0, x1, 0            x1:1c00aae6
26671058ns          450805 1c00aae6 25f52163 p.beqimm         x10, 578            x10:00000000
26671078ns          450806 1c00aaea 001d8d93 addi             x27, x27, 1         x27=0000000d x27:0000000c
26671098ns          450807 1c00aaec 00044503 lbu              x10, 0(x8)          x10=00000075  x8:1c00007e  PA:1c00007e
26671397ns          450822 1c00aaf0 00140413 addi             x8, x8, 1            x8=1c00007f  x8:1c00007e
26671416ns          450823 1c00aaf2 fe0514e3 bne              x10, x0, -24        x10:00000075
26671496ns          450827 1c00aada 02500793 addi             x15, x0, 37         x15=00000025
26671516ns          450828 1c00aade 04f50863 beq              x10, x15, 80        x10:00000075 x15:00000025
26671536ns          450829 1c00aae2 01a005b3 add              x11, x0, x26        x11=00000002 x26:00000002
26671556ns          450830 1c00aae4 000b00e7 jalr             x1, x22, 0           x1=1c00aae6 x22:1c00aa18
26671595ns          450832 1c00aa18 000026b7 lui              x13, 0x2000         x13=00002000
26671615ns          450833 1c00aa1a f14027f3 csrrs            x15, x0, 0xf14      x15=00000004
26671635ns          450834 1c00aa1e f8068693 addi             x13, x13, -128      x13=00001f80 x13:00002000
26671655ns          450835 1c00aa22 00379713 slli             x14, x15, 0x3       x14=00000020 x15:00000004
26671675ns          450836 1c00aa26 00279793 slli             x15, x15, 0x2       x15=00000010 x15:00000004
26671695ns          450837 1c00aa28 00d7f7b3 and              x15, x15, x13       x15=00000000 x15:00000010 x13:00001f80
26671715ns          450838 1c00aa2a ee873733 p.bclr           x14, x14, 23, 8     x14=00000020 x14:00000020
26671735ns          450839 1c00aa2e 1a10f6b7 lui              x13, 0x1a10f000     x13=1a10f000
26671755ns          450840 1c00aa32 0ff57513 andi             x10, x10, 255       x10=00000075 x10:00000075
26671774ns          450841 1c00aa36 00d70733 add              x14, x14, x13       x14=1a10f020 x14:00000020 x13:1a10f000
26671794ns          450842 1c00aa38 00a7e723 p.sw             x10, x0(x15)        x10:00000075 x15:00000000  PA:1a10f020
26672113ns          450858 1c00aa3c 00000513 addi             x10, x0, 0          x10=00000000
26672132ns          450859 1c00aa3e 00008067 jalr             x0, x1, 0            x1:1c00aae6
26672192ns          450862 1c00aae6 25f52163 p.beqimm         x10, 578            x10:00000000
26672212ns          450863 1c00aaea 001d8d93 addi             x27, x27, 1         x27=0000000e x27:0000000d
26672232ns          450864 1c00aaec 00044503 lbu              x10, 0(x8)          x10=0000006d  x8:1c00007f  PA:1c00007f
26672530ns          450879 1c00aaf0 00140413 addi             x8, x8, 1            x8=1c000080  x8:1c00007f
26672550ns          450880 1c00aaf2 fe0514e3 bne              x10, x0, -24        x10:0000006d
26672630ns          450884 1c00aada 02500793 addi             x15, x0, 37         x15=00000025
26672650ns          450885 1c00aade 04f50863 beq              x10, x15, 80        x10:0000006d x15:00000025
26672669ns          450886 1c00aae2 01a005b3 add              x11, x0, x26        x11=00000002 x26:00000002
26672689ns          450887 1c00aae4 000b00e7 jalr             x1, x22, 0           x1=1c00aae6 x22:1c00aa18
26672729ns          450889 1c00aa18 000026b7 lui              x13, 0x2000         x13=00002000
26672749ns          450890 1c00aa1a f14027f3 csrrs            x15, x0, 0xf14      x15=00000004
26672769ns          450891 1c00aa1e f8068693 addi             x13, x13, -128      x13=00001f80 x13:00002000
26672789ns          450892 1c00aa22 00379713 slli             x14, x15, 0x3       x14=00000020 x15:00000004
26672809ns          450893 1c00aa26 00279793 slli             x15, x15, 0x2       x15=00000010 x15:00000004
26672828ns          450894 1c00aa28 00d7f7b3 and              x15, x15, x13       x15=00000000 x15:00000010 x13:00001f80
26672848ns          450895 1c00aa2a ee873733 p.bclr           x14, x14, 23, 8     x14=00000020 x14:00000020
26672868ns          450896 1c00aa2e 1a10f6b7 lui              x13, 0x1a10f000     x13=1a10f000
26672888ns          450897 1c00aa32 0ff57513 andi             x10, x10, 255       x10=0000006d x10:0000006d
26672908ns          450898 1c00aa36 00d70733 add              x14, x14, x13       x14=1a10f020 x14:00000020 x13:1a10f000
26672928ns          450899 1c00aa38 00a7e723 p.sw             x10, x0(x15)        x10:0000006d x15:00000000  PA:1a10f020
26673286ns          450917 1c00aa3c 00000513 addi             x10, x0, 0          x10=00000000
26673306ns          450918 1c00aa3e 00008067 jalr             x0, x1, 0            x1:1c00aae6
26673365ns          450921 1c00aae6 25f52163 p.beqimm         x10, 578            x10:00000000
26673385ns          450922 1c00aaea 001d8d93 addi             x27, x27, 1         x27=0000000f x27:0000000e
26673405ns          450923 1c00aaec 00044503 lbu              x10, 0(x8)          x10=00000062  x8:1c000080  PA:1c000080
26673704ns          450938 1c00aaf0 00140413 addi             x8, x8, 1            x8=1c000081  x8:1c000080
26673723ns          450939 1c00aaf2 fe0514e3 bne              x10, x0, -24        x10:00000062
26673803ns          450943 1c00aada 02500793 addi             x15, x0, 37         x15=00000025
26673823ns          450944 1c00aade 04f50863 beq              x10, x15, 80        x10:00000062 x15:00000025
26673843ns          450945 1c00aae2 01a005b3 add              x11, x0, x26        x11=00000002 x26:00000002
26673863ns          450946 1c00aae4 000b00e7 jalr             x1, x22, 0           x1=1c00aae6 x22:1c00aa18
26673902ns          450948 1c00aa18 000026b7 lui              x13, 0x2000         x13=00002000
26673922ns          450949 1c00aa1a f14027f3 csrrs            x15, x0, 0xf14      x15=00000004
26673942ns          450950 1c00aa1e f8068693 addi             x13, x13, -128      x13=00001f80 x13:00002000
26673962ns          450951 1c00aa22 00379713 slli             x14, x15, 0x3       x14=00000020 x15:00000004
26673982ns          450952 1c00aa26 00279793 slli             x15, x15, 0x2       x15=00000010 x15:00000004
26674002ns          450953 1c00aa28 00d7f7b3 and              x15, x15, x13       x15=00000000 x15:00000010 x13:00001f80
26674022ns          450954 1c00aa2a ee873733 p.bclr           x14, x14, 23, 8     x14=00000020 x14:00000020
26674042ns          450955 1c00aa2e 1a10f6b7 lui              x13, 0x1a10f000     x13=1a10f000
26674062ns          450956 1c00aa32 0ff57513 andi             x10, x10, 255       x10=00000062 x10:00000062
26674081ns          450957 1c00aa36 00d70733 add              x14, x14, x13       x14=1a10f020 x14:00000020 x13:1a10f000
26674101ns          450958 1c00aa38 00a7e723 p.sw             x10, x0(x15)        x10:00000062 x15:00000000  PA:1a10f020
26674439ns          450975 1c00aa3c 00000513 addi             x10, x0, 0          x10=00000000
26674459ns          450976 1c00aa3e 00008067 jalr             x0, x1, 0            x1:1c00aae6
26674519ns          450979 1c00aae6 25f52163 p.beqimm         x10, 578            x10:00000000
26674539ns          450980 1c00aaea 001d8d93 addi             x27, x27, 1         x27=00000010 x27:0000000f
26674559ns          450981 1c00aaec 00044503 lbu              x10, 0(x8)          x10=00000065  x8:1c000081  PA:1c000081
26674857ns          450996 1c00aaf0 00140413 addi             x8, x8, 1            x8=1c000082  x8:1c000081
26674877ns          450997 1c00aaf2 fe0514e3 bne              x10, x0, -24        x10:00000065
26674957ns          451001 1c00aada 02500793 addi             x15, x0, 37         x15=00000025
26674976ns          451002 1c00aade 04f50863 beq              x10, x15, 80        x10:00000065 x15:00000025
26674996ns          451003 1c00aae2 01a005b3 add              x11, x0, x26        x11=00000002 x26:00000002
26675016ns          451004 1c00aae4 000b00e7 jalr             x1, x22, 0           x1=1c00aae6 x22:1c00aa18
26675056ns          451006 1c00aa18 000026b7 lui              x13, 0x2000         x13=00002000
26675076ns          451007 1c00aa1a f14027f3 csrrs            x15, x0, 0xf14      x15=00000004
26675096ns          451008 1c00aa1e f8068693 addi             x13, x13, -128      x13=00001f80 x13:00002000
26675116ns          451009 1c00aa22 00379713 slli             x14, x15, 0x3       x14=00000020 x15:00000004
26675136ns          451010 1c00aa26 00279793 slli             x15, x15, 0x2       x15=00000010 x15:00000004
26675155ns          451011 1c00aa28 00d7f7b3 and              x15, x15, x13       x15=00000000 x15:00000010 x13:00001f80
26675175ns          451012 1c00aa2a ee873733 p.bclr           x14, x14, 23, 8     x14=00000020 x14:00000020
26675195ns          451013 1c00aa2e 1a10f6b7 lui              x13, 0x1a10f000     x13=1a10f000
26675215ns          451014 1c00aa32 0ff57513 andi             x10, x10, 255       x10=00000065 x10:00000065
26675235ns          451015 1c00aa36 00d70733 add              x14, x14, x13       x14=1a10f020 x14:00000020 x13:1a10f000
26675255ns          451016 1c00aa38 00a7e723 p.sw             x10, x0(x15)        x10:00000065 x15:00000000  PA:1a10f020
26675593ns          451033 1c00aa3c 00000513 addi             x10, x0, 0          x10=00000000
26675613ns          451034 1c00aa3e 00008067 jalr             x0, x1, 0            x1:1c00aae6
26675672ns          451037 1c00aae6 25f52163 p.beqimm         x10, 578            x10:00000000
26675692ns          451038 1c00aaea 001d8d93 addi             x27, x27, 1         x27=00000011 x27:00000010
26675712ns          451039 1c00aaec 00044503 lbu              x10, 0(x8)          x10=00000072  x8:1c000082  PA:1c000082
26676011ns          451054 1c00aaf0 00140413 addi             x8, x8, 1            x8=1c000083  x8:1c000082
26676030ns          451055 1c00aaf2 fe0514e3 bne              x10, x0, -24        x10:00000072
26676110ns          451059 1c00aada 02500793 addi             x15, x0, 37         x15=00000025
26676130ns          451060 1c00aade 04f50863 beq              x10, x15, 80        x10:00000072 x15:00000025
26676150ns          451061 1c00aae2 01a005b3 add              x11, x0, x26        x11=00000002 x26:00000002
26676170ns          451062 1c00aae4 000b00e7 jalr             x1, x22, 0           x1=1c00aae6 x22:1c00aa18
26676209ns          451064 1c00aa18 000026b7 lui              x13, 0x2000         x13=00002000
26676229ns          451065 1c00aa1a f14027f3 csrrs            x15, x0, 0xf14      x15=00000004
26676249ns          451066 1c00aa1e f8068693 addi             x13, x13, -128      x13=00001f80 x13:00002000
26676269ns          451067 1c00aa22 00379713 slli             x14, x15, 0x3       x14=00000020 x15:00000004
26676289ns          451068 1c00aa26 00279793 slli             x15, x15, 0x2       x15=00000010 x15:00000004
26676309ns          451069 1c00aa28 00d7f7b3 and              x15, x15, x13       x15=00000000 x15:00000010 x13:00001f80
26676329ns          451070 1c00aa2a ee873733 p.bclr           x14, x14, 23, 8     x14=00000020 x14:00000020
26676349ns          451071 1c00aa2e 1a10f6b7 lui              x13, 0x1a10f000     x13=1a10f000
26676369ns          451072 1c00aa32 0ff57513 andi             x10, x10, 255       x10=00000072 x10:00000072
26676388ns          451073 1c00aa36 00d70733 add              x14, x14, x13       x14=1a10f020 x14:00000020 x13:1a10f000
26676408ns          451074 1c00aa38 00a7e723 p.sw             x10, x0(x15)        x10:00000072 x15:00000000  PA:1a10f020
26676746ns          451091 1c00aa3c 00000513 addi             x10, x0, 0          x10=00000000
26676766ns          451092 1c00aa3e 00008067 jalr             x0, x1, 0            x1:1c00aae6
26676826ns          451095 1c00aae6 25f52163 p.beqimm         x10, 578            x10:00000000
26676846ns          451096 1c00aaea 001d8d93 addi             x27, x27, 1         x27=00000012 x27:00000011
26676866ns          451097 1c00aaec 00044503 lbu              x10, 0(x8)          x10=00000020  x8:1c000083  PA:1c000083
26677164ns          451112 1c00aaf0 00140413 addi             x8, x8, 1            x8=1c000084  x8:1c000083
26677184ns          451113 1c00aaf2 fe0514e3 bne              x10, x0, -24        x10:00000020
26677264ns          451117 1c00aada 02500793 addi             x15, x0, 37         x15=00000025
26677283ns          451118 1c00aade 04f50863 beq              x10, x15, 80        x10:00000020 x15:00000025
26677303ns          451119 1c00aae2 01a005b3 add              x11, x0, x26        x11=00000002 x26:00000002
26677323ns          451120 1c00aae4 000b00e7 jalr             x1, x22, 0           x1=1c00aae6 x22:1c00aa18
26677363ns          451122 1c00aa18 000026b7 lui              x13, 0x2000         x13=00002000
26677383ns          451123 1c00aa1a f14027f3 csrrs            x15, x0, 0xf14      x15=00000004
26677403ns          451124 1c00aa1e f8068693 addi             x13, x13, -128      x13=00001f80 x13:00002000
26677423ns          451125 1c00aa22 00379713 slli             x14, x15, 0x3       x14=00000020 x15:00000004
26677443ns          451126 1c00aa26 00279793 slli             x15, x15, 0x2       x15=00000010 x15:00000004
26677462ns          451127 1c00aa28 00d7f7b3 and              x15, x15, x13       x15=00000000 x15:00000010 x13:00001f80
26677482ns          451128 1c00aa2a ee873733 p.bclr           x14, x14, 23, 8     x14=00000020 x14:00000020
26677502ns          451129 1c00aa2e 1a10f6b7 lui              x13, 0x1a10f000     x13=1a10f000
26677522ns          451130 1c00aa32 0ff57513 andi             x10, x10, 255       x10=00000020 x10:00000020
26677542ns          451131 1c00aa36 00d70733 add              x14, x14, x13       x14=1a10f020 x14:00000020 x13:1a10f000
26677562ns          451132 1c00aa38 00a7e723 p.sw             x10, x0(x15)        x10:00000020 x15:00000000  PA:1a10f020
26677900ns          451149 1c00aa3c 00000513 addi             x10, x0, 0          x10=00000000
26677920ns          451150 1c00aa3e 00008067 jalr             x0, x1, 0            x1:1c00aae6
26677979ns          451153 1c00aae6 25f52163 p.beqimm         x10, 578            x10:00000000
26677999ns          451154 1c00aaea 001d8d93 addi             x27, x27, 1         x27=00000013 x27:00000012
26678019ns          451155 1c00aaec 00044503 lbu              x10, 0(x8)          x10=0000006f  x8:1c000084  PA:1c000084
26678337ns          451171 1c00aaf0 00140413 addi             x8, x8, 1            x8=1c000085  x8:1c000084
26678357ns          451172 1c00aaf2 fe0514e3 bne              x10, x0, -24        x10:0000006f
26678437ns          451176 1c00aada 02500793 addi             x15, x0, 37         x15=00000025
26678457ns          451177 1c00aade 04f50863 beq              x10, x15, 80        x10:0000006f x15:00000025
26678477ns          451178 1c00aae2 01a005b3 add              x11, x0, x26        x11=00000002 x26:00000002
26678497ns          451179 1c00aae4 000b00e7 jalr             x1, x22, 0           x1=1c00aae6 x22:1c00aa18
26678536ns          451181 1c00aa18 000026b7 lui              x13, 0x2000         x13=00002000
26678556ns          451182 1c00aa1a f14027f3 csrrs            x15, x0, 0xf14      x15=00000004
26678576ns          451183 1c00aa1e f8068693 addi             x13, x13, -128      x13=00001f80 x13:00002000
26678596ns          451184 1c00aa22 00379713 slli             x14, x15, 0x3       x14=00000020 x15:00000004
26678616ns          451185 1c00aa26 00279793 slli             x15, x15, 0x2       x15=00000010 x15:00000004
26678636ns          451186 1c00aa28 00d7f7b3 and              x15, x15, x13       x15=00000000 x15:00000010 x13:00001f80
26678656ns          451187 1c00aa2a ee873733 p.bclr           x14, x14, 23, 8     x14=00000020 x14:00000020
26678676ns          451188 1c00aa2e 1a10f6b7 lui              x13, 0x1a10f000     x13=1a10f000
26678695ns          451189 1c00aa32 0ff57513 andi             x10, x10, 255       x10=0000006f x10:0000006f
26678715ns          451190 1c00aa36 00d70733 add              x14, x14, x13       x14=1a10f020 x14:00000020 x13:1a10f000
26678735ns          451191 1c00aa38 00a7e723 p.sw             x10, x0(x15)        x10:0000006f x15:00000000  PA:1a10f020
26679053ns          451207 1c00aa3c 00000513 addi             x10, x0, 0          x10=00000000
26679073ns          451208 1c00aa3e 00008067 jalr             x0, x1, 0            x1:1c00aae6
26679133ns          451211 1c00aae6 25f52163 p.beqimm         x10, 578            x10:00000000
26679153ns          451212 1c00aaea 001d8d93 addi             x27, x27, 1         x27=00000014 x27:00000013
26679173ns          451213 1c00aaec 00044503 lbu              x10, 0(x8)          x10=00000066  x8:1c000085  PA:1c000085
26679471ns          451228 1c00aaf0 00140413 addi             x8, x8, 1            x8=1c000086  x8:1c000085
26679491ns          451229 1c00aaf2 fe0514e3 bne              x10, x0, -24        x10:00000066
26679571ns          451233 1c00aada 02500793 addi             x15, x0, 37         x15=00000025
26679590ns          451234 1c00aade 04f50863 beq              x10, x15, 80        x10:00000066 x15:00000025
26679610ns          451235 1c00aae2 01a005b3 add              x11, x0, x26        x11=00000002 x26:00000002
26679630ns          451236 1c00aae4 000b00e7 jalr             x1, x22, 0           x1=1c00aae6 x22:1c00aa18
26679670ns          451238 1c00aa18 000026b7 lui              x13, 0x2000         x13=00002000
26679690ns          451239 1c00aa1a f14027f3 csrrs            x15, x0, 0xf14      x15=00000004
26679710ns          451240 1c00aa1e f8068693 addi             x13, x13, -128      x13=00001f80 x13:00002000
26679730ns          451241 1c00aa22 00379713 slli             x14, x15, 0x3       x14=00000020 x15:00000004
26679750ns          451242 1c00aa26 00279793 slli             x15, x15, 0x2       x15=00000010 x15:00000004
26679769ns          451243 1c00aa28 00d7f7b3 and              x15, x15, x13       x15=00000000 x15:00000010 x13:00001f80
26679789ns          451244 1c00aa2a ee873733 p.bclr           x14, x14, 23, 8     x14=00000020 x14:00000020
26679809ns          451245 1c00aa2e 1a10f6b7 lui              x13, 0x1a10f000     x13=1a10f000
26679829ns          451246 1c00aa32 0ff57513 andi             x10, x10, 255       x10=00000066 x10:00000066
26679849ns          451247 1c00aa36 00d70733 add              x14, x14, x13       x14=1a10f020 x14:00000020 x13:1a10f000
26679869ns          451248 1c00aa38 00a7e723 p.sw             x10, x0(x15)        x10:00000066 x15:00000000  PA:1a10f020
26680227ns          451266 1c00aa3c 00000513 addi             x10, x0, 0          x10=00000000
26680247ns          451267 1c00aa3e 00008067 jalr             x0, x1, 0            x1:1c00aae6
26680306ns          451270 1c00aae6 25f52163 p.beqimm         x10, 578            x10:00000000
26680326ns          451271 1c00aaea 001d8d93 addi             x27, x27, 1         x27=00000015 x27:00000014
26680346ns          451272 1c00aaec 00044503 lbu              x10, 0(x8)          x10=00000020  x8:1c000086  PA:1c000086
26680644ns          451287 1c00aaf0 00140413 addi             x8, x8, 1            x8=1c000087  x8:1c000086
26680664ns          451288 1c00aaf2 fe0514e3 bne              x10, x0, -24        x10:00000020
26680744ns          451292 1c00aada 02500793 addi             x15, x0, 37         x15=00000025
26680764ns          451293 1c00aade 04f50863 beq              x10, x15, 80        x10:00000020 x15:00000025
26680784ns          451294 1c00aae2 01a005b3 add              x11, x0, x26        x11=00000002 x26:00000002
26680804ns          451295 1c00aae4 000b00e7 jalr             x1, x22, 0           x1=1c00aae6 x22:1c00aa18
26680843ns          451297 1c00aa18 000026b7 lui              x13, 0x2000         x13=00002000
26680863ns          451298 1c00aa1a f14027f3 csrrs            x15, x0, 0xf14      x15=00000004
26680883ns          451299 1c00aa1e f8068693 addi             x13, x13, -128      x13=00001f80 x13:00002000
26680903ns          451300 1c00aa22 00379713 slli             x14, x15, 0x3       x14=00000020 x15:00000004
26680923ns          451301 1c00aa26 00279793 slli             x15, x15, 0x2       x15=00000010 x15:00000004
26680943ns          451302 1c00aa28 00d7f7b3 and              x15, x15, x13       x15=00000000 x15:00000010 x13:00001f80
26680963ns          451303 1c00aa2a ee873733 p.bclr           x14, x14, 23, 8     x14=00000020 x14:00000020
26680983ns          451304 1c00aa2e 1a10f6b7 lui              x13, 0x1a10f000     x13=1a10f000
26681002ns          451305 1c00aa32 0ff57513 andi             x10, x10, 255       x10=00000020 x10:00000020
26681022ns          451306 1c00aa36 00d70733 add              x14, x14, x13       x14=1a10f020 x14:00000020 x13:1a10f000
26681042ns          451307 1c00aa38 00a7e723 p.sw             x10, x0(x15)        x10:00000020 x15:00000000  PA:1a10f020
26681380ns          451324 1c00aa3c 00000513 addi             x10, x0, 0          x10=00000000
26681400ns          451325 1c00aa3e 00008067 jalr             x0, x1, 0            x1:1c00aae6
26681460ns          451328 1c00aae6 25f52163 p.beqimm         x10, 578            x10:00000000
26681480ns          451329 1c00aaea 001d8d93 addi             x27, x27, 1         x27=00000016 x27:00000015
26681500ns          451330 1c00aaec 00044503 lbu              x10, 0(x8)          x10=00000063  x8:1c000087  PA:1c000087
26681798ns          451345 1c00aaf0 00140413 addi             x8, x8, 1            x8=1c000088  x8:1c000087
26681818ns          451346 1c00aaf2 fe0514e3 bne              x10, x0, -24        x10:00000063
26681897ns          451350 1c00aada 02500793 addi             x15, x0, 37         x15=00000025
26681917ns          451351 1c00aade 04f50863 beq              x10, x15, 80        x10:00000063 x15:00000025
26681937ns          451352 1c00aae2 01a005b3 add              x11, x0, x26        x11=00000002 x26:00000002
26681957ns          451353 1c00aae4 000b00e7 jalr             x1, x22, 0           x1=1c00aae6 x22:1c00aa18
26681997ns          451355 1c00aa18 000026b7 lui              x13, 0x2000         x13=00002000
26682017ns          451356 1c00aa1a f14027f3 csrrs            x15, x0, 0xf14      x15=00000004
26682037ns          451357 1c00aa1e f8068693 addi             x13, x13, -128      x13=00001f80 x13:00002000
26682057ns          451358 1c00aa22 00379713 slli             x14, x15, 0x3       x14=00000020 x15:00000004
26682076ns          451359 1c00aa26 00279793 slli             x15, x15, 0x2       x15=00000010 x15:00000004
26682096ns          451360 1c00aa28 00d7f7b3 and              x15, x15, x13       x15=00000000 x15:00000010 x13:00001f80
26682116ns          451361 1c00aa2a ee873733 p.bclr           x14, x14, 23, 8     x14=00000020 x14:00000020
26682136ns          451362 1c00aa2e 1a10f6b7 lui              x13, 0x1a10f000     x13=1a10f000
26682156ns          451363 1c00aa32 0ff57513 andi             x10, x10, 255       x10=00000063 x10:00000063
26682176ns          451364 1c00aa36 00d70733 add              x14, x14, x13       x14=1a10f020 x14:00000020 x13:1a10f000
26682196ns          451365 1c00aa38 00a7e723 p.sw             x10, x0(x15)        x10:00000063 x15:00000000  PA:1a10f020
26682554ns          451383 1c00aa3c 00000513 addi             x10, x0, 0          x10=00000000
26682574ns          451384 1c00aa3e 00008067 jalr             x0, x1, 0            x1:1c00aae6
26682633ns          451387 1c00aae6 25f52163 p.beqimm         x10, 578            x10:00000000
26682653ns          451388 1c00aaea 001d8d93 addi             x27, x27, 1         x27=00000017 x27:00000016
26682673ns          451389 1c00aaec 00044503 lbu              x10, 0(x8)          x10=0000006f  x8:1c000088  PA:1c000088
26682971ns          451404 1c00aaf0 00140413 addi             x8, x8, 1            x8=1c000089  x8:1c000088
26682991ns          451405 1c00aaf2 fe0514e3 bne              x10, x0, -24        x10:0000006f
26683071ns          451409 1c00aada 02500793 addi             x15, x0, 37         x15=00000025
26683091ns          451410 1c00aade 04f50863 beq              x10, x15, 80        x10:0000006f x15:00000025
26683111ns          451411 1c00aae2 01a005b3 add              x11, x0, x26        x11=00000002 x26:00000002
26683130ns          451412 1c00aae4 000b00e7 jalr             x1, x22, 0           x1=1c00aae6 x22:1c00aa18
26683170ns          451414 1c00aa18 000026b7 lui              x13, 0x2000         x13=00002000
26683190ns          451415 1c00aa1a f14027f3 csrrs            x15, x0, 0xf14      x15=00000004
26683210ns          451416 1c00aa1e f8068693 addi             x13, x13, -128      x13=00001f80 x13:00002000
26683230ns          451417 1c00aa22 00379713 slli             x14, x15, 0x3       x14=00000020 x15:00000004
26683250ns          451418 1c00aa26 00279793 slli             x15, x15, 0x2       x15=00000010 x15:00000004
26683270ns          451419 1c00aa28 00d7f7b3 and              x15, x15, x13       x15=00000000 x15:00000010 x13:00001f80
26683290ns          451420 1c00aa2a ee873733 p.bclr           x14, x14, 23, 8     x14=00000020 x14:00000020
26683309ns          451421 1c00aa2e 1a10f6b7 lui              x13, 0x1a10f000     x13=1a10f000
26683329ns          451422 1c00aa32 0ff57513 andi             x10, x10, 255       x10=0000006f x10:0000006f
26683349ns          451423 1c00aa36 00d70733 add              x14, x14, x13       x14=1a10f020 x14:00000020 x13:1a10f000
26683369ns          451424 1c00aa38 00a7e723 p.sw             x10, x0(x15)        x10:0000006f x15:00000000  PA:1a10f020
26683707ns          451441 1c00aa3c 00000513 addi             x10, x0, 0          x10=00000000
26683727ns          451442 1c00aa3e 00008067 jalr             x0, x1, 0            x1:1c00aae6
26683787ns          451445 1c00aae6 25f52163 p.beqimm         x10, 578            x10:00000000
26683807ns          451446 1c00aaea 001d8d93 addi             x27, x27, 1         x27=00000018 x27:00000017
26683827ns          451447 1c00aaec 00044503 lbu              x10, 0(x8)          x10=00000072  x8:1c000089  PA:1c000089
26684125ns          451462 1c00aaf0 00140413 addi             x8, x8, 1            x8=1c00008a  x8:1c000089
26684145ns          451463 1c00aaf2 fe0514e3 bne              x10, x0, -24        x10:00000072
26684224ns          451467 1c00aada 02500793 addi             x15, x0, 37         x15=00000025
26684244ns          451468 1c00aade 04f50863 beq              x10, x15, 80        x10:00000072 x15:00000025
26684264ns          451469 1c00aae2 01a005b3 add              x11, x0, x26        x11=00000002 x26:00000002
26684284ns          451470 1c00aae4 000b00e7 jalr             x1, x22, 0           x1=1c00aae6 x22:1c00aa18
26684324ns          451472 1c00aa18 000026b7 lui              x13, 0x2000         x13=00002000
26684344ns          451473 1c00aa1a f14027f3 csrrs            x15, x0, 0xf14      x15=00000004
26684364ns          451474 1c00aa1e f8068693 addi             x13, x13, -128      x13=00001f80 x13:00002000
26684383ns          451475 1c00aa22 00379713 slli             x14, x15, 0x3       x14=00000020 x15:00000004
26684403ns          451476 1c00aa26 00279793 slli             x15, x15, 0x2       x15=00000010 x15:00000004
26684423ns          451477 1c00aa28 00d7f7b3 and              x15, x15, x13       x15=00000000 x15:00000010 x13:00001f80
26684443ns          451478 1c00aa2a ee873733 p.bclr           x14, x14, 23, 8     x14=00000020 x14:00000020
26684463ns          451479 1c00aa2e 1a10f6b7 lui              x13, 0x1a10f000     x13=1a10f000
26684483ns          451480 1c00aa32 0ff57513 andi             x10, x10, 255       x10=00000072 x10:00000072
26684503ns          451481 1c00aa36 00d70733 add              x14, x14, x13       x14=1a10f020 x14:00000020 x13:1a10f000
26684523ns          451482 1c00aa38 00a7e723 p.sw             x10, x0(x15)        x10:00000072 x15:00000000  PA:1a10f020
26684861ns          451499 1c00aa3c 00000513 addi             x10, x0, 0          x10=00000000
26684881ns          451500 1c00aa3e 00008067 jalr             x0, x1, 0            x1:1c00aae6
26684940ns          451503 1c00aae6 25f52163 p.beqimm         x10, 578            x10:00000000
26684960ns          451504 1c00aaea 001d8d93 addi             x27, x27, 1         x27=00000019 x27:00000018
26684980ns          451505 1c00aaec 00044503 lbu              x10, 0(x8)          x10=00000065  x8:1c00008a  PA:1c00008a
26685278ns          451520 1c00aaf0 00140413 addi             x8, x8, 1            x8=1c00008b  x8:1c00008a
26685298ns          451521 1c00aaf2 fe0514e3 bne              x10, x0, -24        x10:00000065
26685378ns          451525 1c00aada 02500793 addi             x15, x0, 37         x15=00000025
26685398ns          451526 1c00aade 04f50863 beq              x10, x15, 80        x10:00000065 x15:00000025
26685418ns          451527 1c00aae2 01a005b3 add              x11, x0, x26        x11=00000002 x26:00000002
26685437ns          451528 1c00aae4 000b00e7 jalr             x1, x22, 0           x1=1c00aae6 x22:1c00aa18
26685477ns          451530 1c00aa18 000026b7 lui              x13, 0x2000         x13=00002000
26685497ns          451531 1c00aa1a f14027f3 csrrs            x15, x0, 0xf14      x15=00000004
26685517ns          451532 1c00aa1e f8068693 addi             x13, x13, -128      x13=00001f80 x13:00002000
26685537ns          451533 1c00aa22 00379713 slli             x14, x15, 0x3       x14=00000020 x15:00000004
26685557ns          451534 1c00aa26 00279793 slli             x15, x15, 0x2       x15=00000010 x15:00000004
26685577ns          451535 1c00aa28 00d7f7b3 and              x15, x15, x13       x15=00000000 x15:00000010 x13:00001f80
26685597ns          451536 1c00aa2a ee873733 p.bclr           x14, x14, 23, 8     x14=00000020 x14:00000020
26685616ns          451537 1c00aa2e 1a10f6b7 lui              x13, 0x1a10f000     x13=1a10f000
26685636ns          451538 1c00aa32 0ff57513 andi             x10, x10, 255       x10=00000065 x10:00000065
26685656ns          451539 1c00aa36 00d70733 add              x14, x14, x13       x14=1a10f020 x14:00000020 x13:1a10f000
26685676ns          451540 1c00aa38 00a7e723 p.sw             x10, x0(x15)        x10:00000065 x15:00000000  PA:1a10f020
26685994ns          451556 1c00aa3c 00000513 addi             x10, x0, 0          x10=00000000
26686014ns          451557 1c00aa3e 00008067 jalr             x0, x1, 0            x1:1c00aae6
26686074ns          451560 1c00aae6 25f52163 p.beqimm         x10, 578            x10:00000000
26686094ns          451561 1c00aaea 001d8d93 addi             x27, x27, 1         x27=0000001a x27:00000019
26686114ns          451562 1c00aaec 00044503 lbu              x10, 0(x8)          x10=00000073  x8:1c00008b  PA:1c00008b
26686412ns          451577 1c00aaf0 00140413 addi             x8, x8, 1            x8=1c00008c  x8:1c00008b
26686432ns          451578 1c00aaf2 fe0514e3 bne              x10, x0, -24        x10:00000073
26686511ns          451582 1c00aada 02500793 addi             x15, x0, 37         x15=00000025
26686531ns          451583 1c00aade 04f50863 beq              x10, x15, 80        x10:00000073 x15:00000025
26686551ns          451584 1c00aae2 01a005b3 add              x11, x0, x26        x11=00000002 x26:00000002
26686571ns          451585 1c00aae4 000b00e7 jalr             x1, x22, 0           x1=1c00aae6 x22:1c00aa18
26686611ns          451587 1c00aa18 000026b7 lui              x13, 0x2000         x13=00002000
26686631ns          451588 1c00aa1a f14027f3 csrrs            x15, x0, 0xf14      x15=00000004
26686651ns          451589 1c00aa1e f8068693 addi             x13, x13, -128      x13=00001f80 x13:00002000
26686671ns          451590 1c00aa22 00379713 slli             x14, x15, 0x3       x14=00000020 x15:00000004
26686690ns          451591 1c00aa26 00279793 slli             x15, x15, 0x2       x15=00000010 x15:00000004
26686710ns          451592 1c00aa28 00d7f7b3 and              x15, x15, x13       x15=00000000 x15:00000010 x13:00001f80
26686730ns          451593 1c00aa2a ee873733 p.bclr           x14, x14, 23, 8     x14=00000020 x14:00000020
26686750ns          451594 1c00aa2e 1a10f6b7 lui              x13, 0x1a10f000     x13=1a10f000
26686770ns          451595 1c00aa32 0ff57513 andi             x10, x10, 255       x10=00000073 x10:00000073
26686790ns          451596 1c00aa36 00d70733 add              x14, x14, x13       x14=1a10f020 x14:00000020 x13:1a10f000
26686810ns          451597 1c00aa38 00a7e723 p.sw             x10, x0(x15)        x10:00000073 x15:00000000  PA:1a10f020
26687168ns          451615 1c00aa3c 00000513 addi             x10, x0, 0          x10=00000000
26687188ns          451616 1c00aa3e 00008067 jalr             x0, x1, 0            x1:1c00aae6
26687247ns          451619 1c00aae6 25f52163 p.beqimm         x10, 578            x10:00000000
26687267ns          451620 1c00aaea 001d8d93 addi             x27, x27, 1         x27=0000001b x27:0000001a
26687287ns          451621 1c00aaec 00044503 lbu              x10, 0(x8)          x10=0000003a  x8:1c00008c  PA:1c00008c
26687585ns          451636 1c00aaf0 00140413 addi             x8, x8, 1            x8=1c00008d  x8:1c00008c
26687605ns          451637 1c00aaf2 fe0514e3 bne              x10, x0, -24        x10:0000003a
26687685ns          451641 1c00aada 02500793 addi             x15, x0, 37         x15=00000025
26687705ns          451642 1c00aade 04f50863 beq              x10, x15, 80        x10:0000003a x15:00000025
26687725ns          451643 1c00aae2 01a005b3 add              x11, x0, x26        x11=00000002 x26:00000002
26687744ns          451644 1c00aae4 000b00e7 jalr             x1, x22, 0           x1=1c00aae6 x22:1c00aa18
26687784ns          451646 1c00aa18 000026b7 lui              x13, 0x2000         x13=00002000
26687804ns          451647 1c00aa1a f14027f3 csrrs            x15, x0, 0xf14      x15=00000004
26687824ns          451648 1c00aa1e f8068693 addi             x13, x13, -128      x13=00001f80 x13:00002000
26687844ns          451649 1c00aa22 00379713 slli             x14, x15, 0x3       x14=00000020 x15:00000004
26687864ns          451650 1c00aa26 00279793 slli             x15, x15, 0x2       x15=00000010 x15:00000004
26687884ns          451651 1c00aa28 00d7f7b3 and              x15, x15, x13       x15=00000000 x15:00000010 x13:00001f80
26687904ns          451652 1c00aa2a ee873733 p.bclr           x14, x14, 23, 8     x14=00000020 x14:00000020
26687923ns          451653 1c00aa2e 1a10f6b7 lui              x13, 0x1a10f000     x13=1a10f000
26687943ns          451654 1c00aa32 0ff57513 andi             x10, x10, 255       x10=0000003a x10:0000003a
26687963ns          451655 1c00aa36 00d70733 add              x14, x14, x13       x14=1a10f020 x14:00000020 x13:1a10f000
26687983ns          451656 1c00aa38 00a7e723 p.sw             x10, x0(x15)        x10:0000003a x15:00000000  PA:1a10f020
26688321ns          451673 1c00aa3c 00000513 addi             x10, x0, 0          x10=00000000
26688341ns          451674 1c00aa3e 00008067 jalr             x0, x1, 0            x1:1c00aae6
26688401ns          451677 1c00aae6 25f52163 p.beqimm         x10, 578            x10:00000000
26688421ns          451678 1c00aaea 001d8d93 addi             x27, x27, 1         x27=0000001c x27:0000001b
26688441ns          451679 1c00aaec 00044503 lbu              x10, 0(x8)          x10=00000020  x8:1c00008d  PA:1c00008d
26688739ns          451694 1c00aaf0 00140413 addi             x8, x8, 1            x8=1c00008e  x8:1c00008d
26688759ns          451695 1c00aaf2 fe0514e3 bne              x10, x0, -24        x10:00000020
26688838ns          451699 1c00aada 02500793 addi             x15, x0, 37         x15=00000025
26688858ns          451700 1c00aade 04f50863 beq              x10, x15, 80        x10:00000020 x15:00000025
26688878ns          451701 1c00aae2 01a005b3 add              x11, x0, x26        x11=00000002 x26:00000002
26688898ns          451702 1c00aae4 000b00e7 jalr             x1, x22, 0           x1=1c00aae6 x22:1c00aa18
26688938ns          451704 1c00aa18 000026b7 lui              x13, 0x2000         x13=00002000
26688958ns          451705 1c00aa1a f14027f3 csrrs            x15, x0, 0xf14      x15=00000004
26688978ns          451706 1c00aa1e f8068693 addi             x13, x13, -128      x13=00001f80 x13:00002000
26688997ns          451707 1c00aa22 00379713 slli             x14, x15, 0x3       x14=00000020 x15:00000004
26689017ns          451708 1c00aa26 00279793 slli             x15, x15, 0x2       x15=00000010 x15:00000004
26689037ns          451709 1c00aa28 00d7f7b3 and              x15, x15, x13       x15=00000000 x15:00000010 x13:00001f80
26689057ns          451710 1c00aa2a ee873733 p.bclr           x14, x14, 23, 8     x14=00000020 x14:00000020
26689077ns          451711 1c00aa2e 1a10f6b7 lui              x13, 0x1a10f000     x13=1a10f000
26689097ns          451712 1c00aa32 0ff57513 andi             x10, x10, 255       x10=00000020 x10:00000020
26689117ns          451713 1c00aa36 00d70733 add              x14, x14, x13       x14=1a10f020 x14:00000020 x13:1a10f000
26689137ns          451714 1c00aa38 00a7e723 p.sw             x10, x0(x15)        x10:00000020 x15:00000000  PA:1a10f020
26689455ns          451730 1c00aa3c 00000513 addi             x10, x0, 0          x10=00000000
26689475ns          451731 1c00aa3e 00008067 jalr             x0, x1, 0            x1:1c00aae6
26689534ns          451734 1c00aae6 25f52163 p.beqimm         x10, 578            x10:00000000
26689554ns          451735 1c00aaea 001d8d93 addi             x27, x27, 1         x27=0000001d x27:0000001c
26689574ns          451736 1c00aaec 00044503 lbu              x10, 0(x8)          x10=00000025  x8:1c00008e  PA:1c00008e
26689873ns          451751 1c00aaf0 00140413 addi             x8, x8, 1            x8=1c00008f  x8:1c00008e
26689892ns          451752 1c00aaf2 fe0514e3 bne              x10, x0, -24        x10:00000025
26689972ns          451756 1c00aada 02500793 addi             x15, x0, 37         x15=00000025
26689992ns          451757 1c00aade 04f50863 beq              x10, x15, 80        x10:00000025 x15:00000025
26690171ns          451766 1c00ab2e 00044483 lbu              x9, 0(x8)            x9=00000064  x8:1c00008f  PA:1c00008f
26690489ns          451782 1c00ab32 02000693 addi             x13, x0, 32         x13=00000020
26690509ns          451783 1c00ab36 00140a93 addi             x21, x8, 1          x21=1c000090  x8:1c00008f
26690529ns          451784 1c00ab3a 009005b3 add              x11, x0, x9         x11=00000064  x9:00000064
26690549ns          451785 1c00ab3c 610b8513 addi             x10, x23, 1552      x10=1c000610 x23:1c000000
26690569ns          451786 1c00ab40 00d12823 sw               x13, 16(x2)         x13:00000020  x2:10002368  PA:10002378
26690588ns          451787 1c00ab42 00012c23 sw               x0, 24(x2)           x2:10002368  PA:10002380
26690608ns          451788 1c00ab44 00012a23 sw               x0, 20(x2)           x2:10002368  PA:1000237c
26690628ns          451789 1c00ab46 00012e23 sw               x0, 28(x2)           x2:10002368  PA:10002384
26690648ns          451790 1c00ab48 00012623 sw               x0, 12(x2)           x2:10002368  PA:10002374
26690668ns          451791 1c00ab4a 02300913 addi             x18, x0, 35         x18=00000023
26690688ns          451792 1c00ab4e 02d00a13 addi             x20, x0, 45         x20=0000002d
26690708ns          451793 1c00ab52 015009b3 add              x19, x0, x21        x19=1c000090 x21:1c000090
26690728ns          451794 1c00ab54 e45ff0ef jal              x1, -444             x1=1c00ab56
26690767ns          451796 1c00a998 00054783 lbu              x15, 0(x10)         x15=0000002d x10:1c000610  PA:1c000610
26691066ns          451811 1c00a99c 0ff5f593 andi             x11, x11, 255       x11=00000064 x11:00000064
26691086ns          451812 1c00a9a0 00b78c63 beq              x15, x11, 24        x15:0000002d x11:00000064
26691106ns          451813 1c00a9a4 00078b63 beq              x15, x0, 22         x15:0000002d
26691125ns          451814 1c00a9a6 00150793 addi             x15, x10, 1         x15=1c000611 x10:1c000610
26691145ns          451815 1c00a9aa 0040006f jal              x0, 4              
26691245ns          451820 1c00a9ae 00f00533 add              x10, x0, x15        x10=1c000611 x15:1c000611
26691265ns          451821 1c00a9b0 0017c70b p.lbu            x14, 1(x15!)        x14=0000002b x15=1c000612 x15:1c000611  PA:1c000611
26691603ns          451838 1c00a9b4 feb71ce3 bne              x14, x11, -8        x14:0000002b x11:00000064
26691662ns          451841 1c00a9ac 00070763 beq              x14, x0, 14         x14:0000002b
26691682ns          451842 1c00a9ae 00f00533 add              x10, x0, x15        x10=1c000612 x15:1c000612
26691702ns          451843 1c00a9b0 0017c70b p.lbu            x14, 1(x15!)        x14=00000020 x15=1c000613 x15:1c000612  PA:1c000612
26692040ns          451860 1c00a9b4 feb71ce3 bne              x14, x11, -8        x14:00000020 x11:00000064
26692100ns          451863 1c00a9ac 00070763 beq              x14, x0, 14         x14:00000020
26692120ns          451864 1c00a9ae 00f00533 add              x10, x0, x15        x10=1c000613 x15:1c000613
26692140ns          451865 1c00a9b0 0017c70b p.lbu            x14, 1(x15!)        x14=00000023 x15=1c000614 x15:1c000613  PA:1c000613
26692458ns          451881 1c00a9b4 feb71ce3 bne              x14, x11, -8        x14:00000023 x11:00000064
26692518ns          451884 1c00a9ac 00070763 beq              x14, x0, 14         x14:00000023
26692538ns          451885 1c00a9ae 00f00533 add              x10, x0, x15        x10=1c000614 x15:1c000614
26692557ns          451886 1c00a9b0 0017c70b p.lbu            x14, 1(x15!)        x14=00000030 x15=1c000615 x15:1c000614  PA:1c000614
26692935ns          451905 1c00a9b4 feb71ce3 bne              x14, x11, -8        x14:00000030 x11:00000064
26692995ns          451908 1c00a9ac 00070763 beq              x14, x0, 14         x14:00000030
26693015ns          451909 1c00a9ae 00f00533 add              x10, x0, x15        x10=1c000615 x15:1c000615
26693035ns          451910 1c00a9b0 0017c70b p.lbu            x14, 1(x15!)        x14=00000000 x15=1c000616 x15:1c000615  PA:1c000615
26693353ns          451926 1c00a9b4 feb71ce3 bne              x14, x11, -8        x14:00000000 x11:00000064
26693413ns          451929 1c00a9ac 00070763 beq              x14, x0, 14         x14:00000000
26693492ns          451933 1c00a9ba 0015b593 sltiu            x11, x11, 1         x11=00000000 x11:00000064
26693512ns          451934 1c00a9be 40b005b3 sub              x11, x0, x11        x11=00000000 x11:00000000
26693532ns          451935 1c00a9c2 00b57533 and              x10, x10, x11       x10=00000000 x10:1c000615 x11:00000000
26693552ns          451936 1c00a9c4 00008067 jalr             x0, x1, 0            x1:1c00ab56
26693592ns          451938 1c00ab56 02050a63 beq              x10, x0, 52         x10:00000000
26693731ns          451945 1c00ab8a 02a00613 addi             x12, x0, 42         x12=0000002a
26693790ns          451948 1c00ab8e 1ec48c63 beq              x9, x12, 504         x9:00000064 x12:0000002a
26693830ns          451950 1c00ab92 fd048613 addi             x12, x9, -48        x12=00000034  x9:00000064
26693850ns          451951 1c00ab96 00900593 addi             x11, x0, 9          x11=00000009
26693870ns          451952 1c00ab98 00000913 addi             x18, x0, 0          x18=00000000
26693890ns          451953 1c00ab9a 1cc5f663 bgeu             x11, x12, 460       x11:00000009 x12:00000034
26693930ns          451955 1c00ab9e 02e00693 addi             x13, x0, 46         x13=0000002e
26693950ns          451956 1c00aba2 fff00a13 addi             x20, x0, -1         x20=ffffffff
26693969ns          451957 1c00aba4 22d48963 beq              x9, x13, 562         x9:00000064 x13:0000002e
26693989ns          451958 1c00aba8 1c0007b7 lui              x15, 0x1c000000     x15=1c000000
26694009ns          451959 1c00abac 009005b3 add              x11, x0, x9         x11=00000064  x9:00000064
26694069ns          451962 1c00abae 61878513 addi             x10, x15, 1560      x10=1c000618 x15:1c000000
26694089ns          451963 1c00abb2 de7ff0ef jal              x1, -538             x1=1c00abb4
26694129ns          451965 1c00a998 00054783 lbu              x15, 0(x10)         x15=00000068 x10:1c000618  PA:1c000618
26694427ns          451980 1c00a99c 0ff5f593 andi             x11, x11, 255       x11=00000064 x11:00000064
26694447ns          451981 1c00a9a0 00b78c63 beq              x15, x11, 24        x15:00000068 x11:00000064
26694467ns          451982 1c00a9a4 00078b63 beq              x15, x0, 22         x15:00000068
26694487ns          451983 1c00a9a6 00150793 addi             x15, x10, 1         x15=1c000619 x10:1c000618
26694506ns          451984 1c00a9aa 0040006f jal              x0, 4              
26694546ns          451986 1c00a9ae 00f00533 add              x10, x0, x15        x10=1c000619 x15:1c000619
26694566ns          451987 1c00a9b0 0017c70b p.lbu            x14, 1(x15!)        x14=0000006c x15=1c00061a x15:1c000619  PA:1c000619
26694884ns          452003 1c00a9b4 feb71ce3 bne              x14, x11, -8        x14:0000006c x11:00000064
26694944ns          452006 1c00a9ac 00070763 beq              x14, x0, 14         x14:0000006c
26694964ns          452007 1c00a9ae 00f00533 add              x10, x0, x15        x10=1c00061a x15:1c00061a
26694984ns          452008 1c00a9b0 0017c70b p.lbu            x14, 1(x15!)        x14=0000004c x15=1c00061b x15:1c00061a  PA:1c00061a
26695302ns          452024 1c00a9b4 feb71ce3 bne              x14, x11, -8        x14:0000004c x11:00000064
26695362ns          452027 1c00a9ac 00070763 beq              x14, x0, 14         x14:0000004c
26695381ns          452028 1c00a9ae 00f00533 add              x10, x0, x15        x10=1c00061b x15:1c00061b
26695401ns          452029 1c00a9b0 0017c70b p.lbu            x14, 1(x15!)        x14=0000007a x15=1c00061c x15:1c00061b  PA:1c00061b
26695720ns          452045 1c00a9b4 feb71ce3 bne              x14, x11, -8        x14:0000007a x11:00000064
26695779ns          452048 1c00a9ac 00070763 beq              x14, x0, 14         x14:0000007a
26695799ns          452049 1c00a9ae 00f00533 add              x10, x0, x15        x10=1c00061c x15:1c00061c
26695819ns          452050 1c00a9b0 0017c70b p.lbu            x14, 1(x15!)        x14=00000000 x15=1c00061d x15:1c00061c  PA:1c00061c
26696157ns          452067 1c00a9b4 feb71ce3 bne              x14, x11, -8        x14:00000000 x11:00000064
26696217ns          452070 1c00a9ac 00070763 beq              x14, x0, 14         x14:00000000
26696296ns          452074 1c00a9ba 0015b593 sltiu            x11, x11, 1         x11=00000000 x11:00000064
26696316ns          452075 1c00a9be 40b005b3 sub              x11, x0, x11        x11=00000000 x11:00000000
26696336ns          452076 1c00a9c2 00b57533 and              x10, x10, x11       x10=00000000 x10:1c00061c x11:00000000
26696356ns          452077 1c00a9c4 00008067 jalr             x0, x1, 0            x1:1c00abb4
26696396ns          452079 1c00abb4 01300433 add              x8, x0, x19          x8=1c000090 x19:1c000090
26696416ns          452080 1c00abb6 00050563 beq              x10, x0, 10         x10:00000000
26696475ns          452083 1c00abc0 06700693 addi             x13, x0, 103        x13=00000067
26696495ns          452084 1c00abc4 1c96df63 bge              x13, x9, 478        x13:00000067  x9:00000064
26696634ns          452091 1c00ada2 06500693 addi             x13, x0, 101        x13=00000065
26696654ns          452092 1c00ada6 12d4d463 bge              x9, x13, 296         x9:00000064 x13:00000065
26696674ns          452093 1c00adaa 04700693 addi             x13, x0, 71         x13=00000047
26696734ns          452096 1c00adae 5296c363 blt              x13, x9, 1318       x13:00000047  x9:00000064
26696833ns          452101 1c00b2d4 06300693 addi             x13, x0, 99         x13=00000063
26696873ns          452103 1c00b2d8 1cd48463 beq              x9, x13, 456         x9:00000064 x13:00000063
26696893ns          452104 1c00b2dc 1296c763 blt              x13, x9, 302        x13:00000063  x9:00000064
26697012ns          452110 1c00b40a 000c2503 lw               x10, 0(x24)         x10=00000008 x24:100024c0  PA:100024c0
26697032ns          452111 1c00b40e 004c0c13 addi             x24, x24, 4         x24=100024c4 x24:100024c0
26697072ns          452113 1c00b410 2c054b63 blt              x10, x0, 726        x10:00000008
26697112ns          452115 1c00b414 01412603 lw               x12, 20(x2)         x12=00000000  x2:10002368  PA:1000237c
26697132ns          452116 1c00b416 00a006b3 add              x13, x0, x10        x13=00000008 x10:00000008
26697152ns          452117 1c00b418 2e061463 bne              x12, x0, 744        x12:00000000
26697171ns          452118 1c00b41c 01812703 lw               x14, 24(x2)         x14=00000000  x2:10002368  PA:10002380
26697191ns          452119 1c00b41e 019007b3 add              x15, x0, x25        x15=1000238c x25:1000238c
26697211ns          452120 1c00b420 00070763 beq              x14, x0, 14         x14:00000000
26697271ns          452123 1c00b42e 00f00733 add              x14, x0, x15        x14=1000238c x15:1000238c
26697331ns          452126 1c00b430 00a00593 addi             x11, x0, 10         x11=0000000a
26697370ns          452128 1c00b432 02b6f633 remu             x12, x13, x11       x12=00000008 x13:00000008 x11:0000000a
26697987ns          452159 1c00b436 02b6d6b3 divu             x13, x13, x11       x13=00000000 x13:00000008 x11:0000000a
26698603ns          452190 1c00b43a 03060613 addi             x12, x12, 48        x12=00000038 x12:00000008
26698623ns          452191 1c00b43e 00c700ab p.sb             x12, 1(x14!)        x14=1000238d x12:00000038 x14:1000238c  PA:1000238c
26698643ns          452192 1c00b442 fe0698e3 bne              x13, x0, -16        x13:00000000
26698663ns          452193 1c00b444 40f706b3 sub              x13, x14, x15       x13=00000001 x14:1000238d x15:1000238c
26698683ns          452194 1c00b448 0146da63 bge              x13, x20, 20        x13:00000001 x20:ffffffff
26698743ns          452197 1c00b45c 00e006b3 add              x13, x0, x14        x13=1000238d x14:1000238d
26698762ns          452198 1c00b45e fe068fab p.sb             x0, -1(x13!)        x13=1000238c x13:1000238d  PA:1000238d
26698782ns          452199 1c00b462 00d7fc63 bgeu             x15, x13, 24        x15:1000238c x13:1000238c
26698842ns          452202 1c00b47a 01412783 lw               x15, 20(x2)         x15=00000000  x2:10002368  PA:1000237c
26698862ns          452203 1c00b47c 01812603 lw               x12, 24(x2)         x12=00000000  x2:10002368  PA:10002380
26698882ns          452204 1c00b47e 419704b3 sub              x9, x14, x25         x9=00000001 x14:1000238d x25:1000238c
26698902ns          452205 1c00b482 00c7e7b3 or               x15, x15, x12       x15=00000000 x15:00000000 x12:00000000
26698922ns          452206 1c00b484 00f12623 sw               x15, 12(x2)         x15:00000000  x2:10002368  PA:10002374
26698941ns          452207 1c00b486 00079363 bne              x15, x0, 6          x15:00000000
26698961ns          452208 1c00b488 01f55513 srli             x10, x10, 0x1f      x10=00000000 x10:00000008
26698981ns          452209 1c00b48a 00a12623 sw               x10, 12(x2)         x10:00000000  x2:10002368  PA:10002374
26699001ns          452210 1c00b48c ddfa22e3 p.beqimm         x20, -572           x20:ffffffff
26699061ns          452213 1c00b250 0c800793 addi             x15, x0, 200        x15=000000c8
26699081ns          452214 1c00b254 ac97cae3 blt              x15, x9, -1324      x15:000000c8  x9:00000001
26699101ns          452215 1c00b258 9d24c8e3 blt              x9, x18, -1584       x9:00000001 x18:00000000
26699120ns          452216 1c00b25c aabff06f jal              x0, -1366          
26699240ns          452222 1c00ad06 dc0486e3 beq              x9, x0, -564         x9:00000001
26699260ns          452223 1c00ad0a 01900933 add              x18, x0, x25        x18=1000238c x25:1000238c
26699280ns          452224 1c00ad0c 419d8db3 sub              x27, x27, x25       x27=efffdc91 x27:0000001d x25:1000238c
26699319ns          452226 1c00ad10 00a0006f jal              x0, 10             
26699379ns          452229 1c00ad1a 0019450b p.lbu            x10, 1(x18!)        x10=00000038 x18=1000238d x18:1000238c  PA:1000238c
26699399ns          452230 1c00ad1e 01a005b3 add              x11, x0, x26        x11=00000002 x26:00000002
26699439ns          452232 1c00ad20 000b00e7 jalr             x1, x22, 0           x1=1c00ad22 x22:1c00aa18
26699518ns          452236 1c00aa18 000026b7 lui              x13, 0x2000         x13=00002000
26699558ns          452238 1c00aa1a f14027f3 csrrs            x15, x0, 0xf14      x15=00000004
26699618ns          452241 1c00aa1e f8068693 addi             x13, x13, -128      x13=00001f80 x13:00002000
26699657ns          452243 1c00aa22 00379713 slli             x14, x15, 0x3       x14=00000020 x15:00000004
26699677ns          452244 1c00aa26 00279793 slli             x15, x15, 0x2       x15=00000010 x15:00000004
26699697ns          452245 1c00aa28 00d7f7b3 and              x15, x15, x13       x15=00000000 x15:00000010 x13:00001f80
26699717ns          452246 1c00aa2a ee873733 p.bclr           x14, x14, 23, 8     x14=00000020 x14:00000020
26699737ns          452247 1c00aa2e 1a10f6b7 lui              x13, 0x1a10f000     x13=1a10f000
26699757ns          452248 1c00aa32 0ff57513 andi             x10, x10, 255       x10=00000038 x10:00000038
26699777ns          452249 1c00aa36 00d70733 add              x14, x14, x13       x14=1a10f020 x14:00000020 x13:1a10f000
26699797ns          452250 1c00aa38 00a7e723 p.sw             x10, x0(x15)        x10:00000038 x15:00000000  PA:1a10f020
26700155ns          452268 1c00aa3c 00000513 addi             x10, x0, 0          x10=00000000
26700174ns          452269 1c00aa3e 00008067 jalr             x0, x1, 0            x1:1c00ad22
26700214ns          452271 1c00ad22 fff48493 addi             x9, x9, -1           x9=00000000  x9:00000001
26700234ns          452272 1c00ad24 fff537e3 p.bneimm         x10, -18            x10:00000000
26700314ns          452276 1c00ad12 012d8733 add              x14, x27, x18       x14=0000001e x27:efffdc91 x18:1000238d
26700334ns          452277 1c00ad16 66048d63 beq              x9, x0, 1658         x9:00000000
26700393ns          452280 1c00b390 00e00db3 add              x27, x0, x14        x27=0000001e x14:0000001e
26700413ns          452281 1c00b392 f40ff06f jal              x0, -2240          
26700473ns          452284 1c00aad2 00044503 lbu              x10, 0(x8)          x10=0000000a  x8:1c000090  PA:1c000090
26700791ns          452300 1c00aad6 00140413 addi             x8, x8, 1            x8=1c000091  x8:1c000090
26700811ns          452301 1c00aad8 00050e63 beq              x10, x0, 28         x10:0000000a
26700831ns          452302 1c00aada 02500793 addi             x15, x0, 37         x15=00000025
26700851ns          452303 1c00aade 04f50863 beq              x10, x15, 80        x10:0000000a x15:00000025
26700871ns          452304 1c00aae2 01a005b3 add              x11, x0, x26        x11=00000002 x26:00000002
26700890ns          452305 1c00aae4 000b00e7 jalr             x1, x22, 0           x1=1c00aae6 x22:1c00aa18
26700930ns          452307 1c00aa18 000026b7 lui              x13, 0x2000         x13=00002000
26700950ns          452308 1c00aa1a f14027f3 csrrs            x15, x0, 0xf14      x15=00000004
26700970ns          452309 1c00aa1e f8068693 addi             x13, x13, -128      x13=00001f80 x13:00002000
26700990ns          452310 1c00aa22 00379713 slli             x14, x15, 0x3       x14=00000020 x15:00000004
26701010ns          452311 1c00aa26 00279793 slli             x15, x15, 0x2       x15=00000010 x15:00000004
26701030ns          452312 1c00aa28 00d7f7b3 and              x15, x15, x13       x15=00000000 x15:00000010 x13:00001f80
26701050ns          452313 1c00aa2a ee873733 p.bclr           x14, x14, 23, 8     x14=00000020 x14:00000020
26701069ns          452314 1c00aa2e 1a10f6b7 lui              x13, 0x1a10f000     x13=1a10f000
26701089ns          452315 1c00aa32 0ff57513 andi             x10, x10, 255       x10=0000000a x10:0000000a
26701109ns          452316 1c00aa36 00d70733 add              x14, x14, x13       x14=1a10f020 x14:00000020 x13:1a10f000
26701129ns          452317 1c00aa38 00a7e723 p.sw             x10, x0(x15)        x10:0000000a x15:00000000  PA:1a10f020
26701467ns          452334 1c00aa3c 00000513 addi             x10, x0, 0          x10=00000000
26701487ns          452335 1c00aa3e 00008067 jalr             x0, x1, 0            x1:1c00aae6
26701547ns          452338 1c00aae6 25f52163 p.beqimm         x10, 578            x10:00000000
26701567ns          452339 1c00aaea 001d8d93 addi             x27, x27, 1         x27=0000001f x27:0000001e
26701587ns          452340 1c00aaec 00044503 lbu              x10, 0(x8)          x10=00000000  x8:1c000091  PA:1c000091
26701885ns          452355 1c00aaf0 00140413 addi             x8, x8, 1            x8=1c000092  x8:1c000091
26701905ns          452356 1c00aaf2 fe0514e3 bne              x10, x0, -24        x10:00000000
26701925ns          452357 1c00aaf4 01b00433 add              x8, x0, x27          x8=0000001f x27:0000001f
26701945ns          452358 1c00aaf6 00800533 add              x10, x0, x8         x10=0000001f  x8:0000001f
26701964ns          452359 1c00aaf8 12c12083 lw               x1, 300(x2)          x1=1c00aa84  x2:10002368  PA:10002494
26701984ns          452360 1c00aafc 12812403 lw               x8, 296(x2)          x8=xxxxxxxx  x2:10002368  PA:10002490
26702024ns          452362 1c00ab00 12412483 lw               x9, 292(x2)          x9=xxxxxxxx  x2:10002368  PA:1000248c
26702064ns          452364 1c00ab04 12012903 lw               x18, 288(x2)        x18=xxxxxxxx  x2:10002368  PA:10002488
26702084ns          452365 1c00ab08 11c12983 lw               x19, 284(x2)        x19=xxxxxxxx  x2:10002368  PA:10002484
26702104ns          452366 1c00ab0c 11812a03 lw               x20, 280(x2)        x20=xxxxxxxx  x2:10002368  PA:10002480
26702243ns          452373 1c00ab10 11412a83 lw               x21, 276(x2)        x21=xxxxxxxx  x2:10002368  PA:1000247c
26702283ns          452375 1c00ab14 11012b03 lw               x22, 272(x2)        x22=xxxxxxxx  x2:10002368  PA:10002478
26702303ns          452376 1c00ab18 10c12b83 lw               x23, 268(x2)        x23=xxxxxxxx  x2:10002368  PA:10002474
26702322ns          452377 1c00ab1c 10812c03 lw               x24, 264(x2)        x24=xxxxxxxx  x2:10002368  PA:10002470
26702342ns          452378 1c00ab20 10412c83 lw               x25, 260(x2)        x25=xxxxxxxx  x2:10002368  PA:1000246c
26702362ns          452379 1c00ab24 10012d03 lw               x26, 256(x2)        x26=xxxxxxxx  x2:10002368  PA:10002468
26702382ns          452380 1c00ab28 0fc12d83 lw               x27, 252(x2)        x27=xxxxxxxx  x2:10002368  PA:10002464
26702402ns          452381 1c00ab2a 13010113 addi             x2, x2, 304          x2=10002498  x2:10002368
26702422ns          452382 1c00ab2c 00008067 jalr             x0, x1, 0            x1:1c00aa84
26702541ns          452388 1c00aa84 01c12083 lw               x1, 28(x2)           x1=1c0092a0  x2:10002498  PA:100024b4
26702561ns          452389 1c00aa86 04010113 addi             x2, x2, 64           x2=100024d8  x2:10002498
26702601ns          452391 1c00aa88 00008067 jalr             x0, x1, 0            x1:1c0092a0
26702740ns          452398 1c0092a0 1c0010b7 lui              x1, 0x1c001000       x1=1c001000
26702780ns          452400 1c0092a4 e9808093 addi             x1, x1, -360         x1=1c000e98  x1:1c001000
26702800ns          452401 1c0092a8 0000a583 lw               x11, 0(x1)          x11=00000000  x1:1c000e98  PA:1c000e98
26703217ns          452422 1c0092ac 0040a603 lw               x12, 4(x1)          x12=007f0427  x1:1c000e98  PA:1c000e9c
26703555ns          452439 1c0092b0 0080a683 lw               x13, 8(x1)          x13=ff6affd1  x1:1c000e98  PA:1c000ea0
26703993ns          452461 1c0092b4 0100a783 lw               x15, 16(x1)         x15=00000000  x1:1c000e98  PA:1c000ea8
26704391ns          452481 1c0092b8 00c0a703 lw               x14, 12(x1)         x14=0060ffe5  x1:1c000e98  PA:1c000ea4
26704808ns          452502 1c0092bc 2cb12623 sw               x11, 716(x2)        x11:00000000  x2:100024d8  PA:100027a4
26704828ns          452503 1c0092c0 2cc12823 sw               x12, 720(x2)        x12:007f0427  x2:100024d8  PA:100027a8
26704848ns          452504 1c0092c4 2cd12a23 sw               x13, 724(x2)        x13:ff6affd1  x2:100024d8  PA:100027ac
26704868ns          452505 1c0092c8 2ce12c23 sw               x14, 728(x2)        x14:0060ffe5  x2:100024d8  PA:100027b0
26704888ns          452506 1c0092cc 2cf12e23 sw               x15, 732(x2)        x15:00000000  x2:100024d8  PA:100027b4
26705226ns          452523 1c0092d0 21d020ef jal              x1, 10780            x1=1c0092d4
26705683ns          452546 1c00bcec f14027f3 csrrs            x15, x0, 0xf14      x15=00000004
26706181ns          452571 1c00bcf0 01f00713 addi             x14, x0, 31         x14=0000001f
26706220ns          452573 1c00bcf2 ca5797b3 p.extractu       x15, x15, 5, 5      x15=00000000 x15:00000004
26706240ns          452574 1c00bcf6 00e78863 beq              x15, x14, 16        x15:00000000 x14:0000001f
26706260ns          452575 1c00bcfa 002047b7 lui              x15, 0x204000       x15=00204000
26706698ns          452597 1c00bcfe 20078793 addi             x15, x15, 512       x15=00204200 x15:00204000
26706738ns          452599 1c00bd02 01c7e703 p.elw            x14, 28(x15)        x14=00010000 x15:00204200  PA:0020421c
26706917ns          452608 1c00bd06 00008067 jalr             x0, x1, 0            x1:1c0092d4
26707255ns          452625 1c0092d4 0ac12283 lw               x5, 172(x2)          x5=00000004  x2:100024d8  PA:10002584
26707275ns          452626 1c0092d6 1c003437 lui              x8, 0x1c003000       x8=1c003000
26707294ns          452627 1c0092da 1c0034b7 lui              x9, 0x1c003000       x9=1c003000
26707712ns          452648 1c0092de 1c003537 lui              x10, 0x1c003000     x10=1c003000
26707752ns          452650 1c0092e2 1c0035b7 lui              x11, 0x1c003000     x11=1c003000
26707772ns          452651 1c0092e6 1c003637 lui              x12, 0x1c003000     x12=1c003000
26707792ns          452652 1c0092ea 1c0036b7 lui              x13, 0x1c003000     x13=1c003000
26708249ns          452675 1c0092ee 1c0037b7 lui              x15, 0x1c003000     x15=1c003000
26708289ns          452677 1c0092f2 1c003db7 lui              x27, 0x1c003000     x27=1c003000
26708309ns          452678 1c0092f6 00129b93 slli             x23, x5, 0x1        x23=00000008  x5:00000004
26708329ns          452679 1c0092fa ef058593 addi             x11, x11, -272      x11=1c002ef0 x11:1c003000
26708786ns          452702 1c0092fe f0060613 addi             x12, x12, -256      x12=1c002f00 x12:1c003000
26708826ns          452704 1c009302 e6078793 addi             x15, x15, -416      x15=1c002e60 x15:1c003000
26708846ns          452705 1c009306 ec040413 addi             x8, x8, -320         x8=1c002ec0  x8:1c003000
26708866ns          452706 1c00930a ed048493 addi             x9, x9, -304         x9=1c002ed0  x9:1c003000
26709303ns          452728 1c00930e ee050513 addi             x10, x10, -288      x10=1c002ee0 x10:1c003000
26709343ns          452730 1c009312 e7068693 addi             x13, x13, -400      x13=1c002e70 x13:1c003000
26709363ns          452731 1c009316 e90d8d93 addi             x27, x27, -368      x27=1c002e90 x27:1c003000
26709383ns          452732 1c00931a 1c003e37 lui              x28, 0x1c003000     x28=1c003000
26709780ns          452752 1c00931e 1c003eb7 lui              x29, 0x1c003000     x29=1c003000
26709820ns          452754 1c009322 1c003f37 lui              x30, 0x1c003000     x30=1c003000
26709840ns          452755 1c009326 01740c33 add              x24, x8, x23        x24=1c002ec8  x8:1c002ec0 x23:00000008
26709860ns          452756 1c00932a 01748b33 add              x22, x9, x23        x22=1c002ed8  x9:1c002ed0 x23:00000008
26710317ns          452779 1c00932e 01758a33 add              x20, x11, x23       x20=1c002ef8 x11:1c002ef0 x23:00000008
26710357ns          452781 1c009332 017609b3 add              x19, x12, x23       x19=1c002f08 x12:1c002f00 x23:00000008
26710377ns          452782 1c009336 017784b3 add              x9, x15, x23         x9=1c002e68 x15:1c002e60 x23:00000008
26710397ns          452783 1c00933a 01750d33 add              x26, x10, x23       x26=1c002ee8 x10:1c002ee0 x23:00000008
26710854ns          452806 1c00933e 01768933 add              x18, x13, x23       x18=1c002e78 x13:1c002e70 x23:00000008
26710894ns          452808 1c009342 017d8433 add              x8, x27, x23         x8=1c002e98 x27:1c002e90 x23:00000008
26710914ns          452809 1c009346 e80e0e13 addi             x28, x28, -384      x28=1c002e80 x28:1c003000
26710934ns          452810 1c00934a eb0e8e93 addi             x29, x29, -336      x29=1c002eb0 x29:1c003000
26711352ns          452831 1c00934e ea0f0f13 addi             x30, x30, -352      x30=1c002ea0 x30:1c003000
26711391ns          452833 1c009352 000c1023 sh               x0, 0(x24)          x24:1c002ec8  PA:1c002ec8
26711710ns          452849 1c009356 000b1023 sh               x0, 0(x22)          x22:1c002ed8  PA:1c002ed8
26712048ns          452866 1c00935a 00041023 sh               x0, 0(x8)            x8:1c002e98  PA:1c002e98
26712366ns          452882 1c00935e 000e5ba3 p.sh             x0, x0(x28)         x28:1c002e80  PA:1c002e88
26712684ns          452898 1c009362 000edba3 p.sh             x0, x0(x29)         x29:1c002eb0  PA:1c002eb8
26713002ns          452914 1c009366 000f5ba3 p.sh             x0, x0(x30)         x30:1c002ea0  PA:1c002ea8
26713320ns          452930 1c00936a 000d1023 sh               x0, 0(x26)          x26:1c002ee8  PA:1c002ee8
26713639ns          452946 1c00936e 000a1023 sh               x0, 0(x20)          x20:1c002ef8  PA:1c002ef8
26713977ns          452963 1c009372 00099023 sh               x0, 0(x19)          x19:1c002f08  PA:1c002f08
26714315ns          452980 1c009376 00091023 sh               x0, 0(x18)          x18:1c002e78  PA:1c002e78
26714633ns          452996 1c00937a 00049023 sh               x0, 0(x9)            x9:1c002e68  PA:1c002e68
26714951ns          453012 1c00937e 16f020ef jal              x1, 10606            x1=1c009382
26714971ns          453013 1c00bcec f14027f3 csrrs            x15, x0, 0xf14      x15=00000004
26714991ns          453014 1c00bcf0 01f00713 addi             x14, x0, 31         x14=0000001f
26715011ns          453015 1c00bcf2 ca5797b3 p.extractu       x15, x15, 5, 5      x15=00000000 x15:00000004
26715031ns          453016 1c00bcf6 00e78863 beq              x15, x14, 16        x15:00000000 x14:0000001f
26715051ns          453017 1c00bcfa 002047b7 lui              x15, 0x204000       x15=00204000
26715071ns          453018 1c00bcfe 20078793 addi             x15, x15, 512       x15=00204200 x15:00204000
26715090ns          453019 1c00bd02 01c7e703 p.elw            x14, 28(x15)        x14=00010000 x15:00204200  PA:0020421c
26715349ns          453032 1c00bd06 00008067 jalr             x0, x1, 0            x1:1c009382
26715409ns          453035 1c009382 1c0027b7 lui              x15, 0x1c002000     x15=1c002000
26715429ns          453036 1c009386 e5078793 addi             x15, x15, -432      x15=1c001e50 x15:1c002000
26715448ns          453037 1c00938a 017785b3 add              x11, x15, x23       x11=1c001e58 x15:1c001e50 x23:00000008
26716005ns          453065 1c00938e 1c0017b7 lui              x15, 0x1c001000     x15=1c001000
26716045ns          453067 1c009392 67c78793 addi             x15, x15, 1660      x15=1c00167c x15:1c001000
26716065ns          453068 1c009396 01778633 add              x12, x15, x23       x12=1c001684 x15:1c00167c x23:00000008
26716085ns          453069 1c00939a 1c0017b7 lui              x15, 0x1c001000     x15=1c001000
26716483ns          453089 1c00939e eac78793 addi             x15, x15, -340      x15=1c000eac x15:1c001000
26716522ns          453091 1c0093a2 01778ab3 add              x21, x15, x23       x21=1c000eb4 x15:1c000eac x23:00000008
26716542ns          453092 1c0093a6 1c002cb7 lui              x25, 0x1c002000     x25=1c002000
26716562ns          453093 1c0093aa 0ac12783 lw               x15, 172(x2)        x15=00000004  x2:100024d8  PA:10002584
26716582ns          453094 1c0093ac 688c8c93 addi             x25, x25, 1672      x25=1c002688 x25:1c002000
26717020ns          453116 1c0093b0 017c8cb3 add              x25, x25, x23       x25=1c002690 x25:1c002688 x23:00000008
26717040ns          453117 1c0093b2 03812423 sw               x24, 40(x2)         x24:1c002ec8  x2:100024d8  PA:10002500
26717059ns          453118 1c0093b4 03612823 sw               x22, 48(x2)         x22:1c002ed8  x2:100024d8  PA:10002508
26717079ns          453119 1c0093b6 0a812023 sw               x8, 160(x2)          x8:1c002e98  x2:100024d8  PA:10002578
26717099ns          453120 1c0093b8 01700c33 add              x24, x0, x23        x24=00000008 x23:00000008
26717119ns          453121 1c0093ba 03a12c23 sw               x26, 56(x2)         x26:1c002ee8  x2:100024d8  PA:10002510
26717139ns          453122 1c0093bc 01500bb3 add              x23, x0, x21        x23=1c000eb4 x21:1c000eb4
26717159ns          453123 1c0093be 05412023 sw               x20, 64(x2)         x20:1c002ef8  x2:100024d8  PA:10002518
26717557ns          453143 1c0093c0 05312423 sw               x19, 72(x2)         x19:1c002f08  x2:100024d8  PA:10002520
26717576ns          453144 1c0093c2 05212823 sw               x18, 80(x2)         x18:1c002e78  x2:100024d8  PA:10002528
26717596ns          453145 1c0093c4 04912c23 sw               x9, 88(x2)           x9:1c002e68  x2:100024d8  PA:10002530
26717616ns          453146 1c0093c6 00b00433 add              x8, x0, x11          x8=1c001e58 x11:1c001e58
26717636ns          453147 1c0093c8 00f00b33 add              x22, x0, x15        x22=00000004 x15:00000004
26717656ns          453148 1c0093ca 00c00ab3 add              x21, x0, x12        x21=1c001684 x12:1c001684
26717676ns          453149 1c0093cc 010c9a0b p.lh             x20, 16(x25!)       x20=00000149 x25=1c0026a0 x25:1c002690  PA:1c002690
26718193ns          453175 1c0093d0 0104198b p.lh             x19, 16(x8!)        x19=ffffff91  x8=1c001e68  x8:1c001e58  PA:1c001e58
26718690ns          453200 1c0093d4 2cc10513 addi             x10, x2, 716        x10=100027a4  x2:100024d8
26718710ns          453201 1c0093d6 010a990b p.lh             x18, 16(x21!)       x18=0000014c x21=1c001694 x21:1c001684  PA:1c001684
26719088ns          453220 1c0093da 010b948b p.lh             x9, 16(x23!)         x9=ffffff72 x23=1c000ec4 x23:1c000eb4  PA:1c000eb4
26719506ns          453241 1c0093de 2d411623 sh               x20, 716(x2)        x20:00000149  x2:100024d8  PA:100027a4
26719526ns          453242 1c0093e2 2d311723 sh               x19, 718(x2)        x19:ffffff91  x2:100024d8  PA:100027a6
26719545ns          453243 1c0093e6 c33ff0ef jal              x1, -974             x1=1c0093e8
26719943ns          453263 1c009018 00051803 lh               x16, 0(x10)         x16=00000149 x10:100027a4  PA:100027a4
26720003ns          453266 1c00901c 00251883 lh               x17, 2(x10)         x17=ffffff91 x10:100027a4  PA:100027a6
26720381ns          453285 1c009020 030806b3 mul              x13, x16, x16       x13=0001a6d1 x16:00000149 x16:00000149
26720420ns          453287 1c009024 03188633 mul              x12, x17, x17       x12=00003021 x17:ffffff91 x17:ffffff91
26720440ns          453288 1c009028 40a65613 srai             x12, x12, 0x40a     x12=0000000c x12:00003021
26720460ns          453289 1c00902a 40a6d693 srai             x13, x13, 0x40a     x13=00000069 x13:0001a6d1
26720480ns          453290 1c00902c 00c686b3 add              x13, x13, x12       x13=00000075 x13:00000069 x12:0000000c
26720918ns          453312 1c00902e 1006c633 p.exths          x12, x13, x0        x12=00000075 x13:00000075
26720957ns          453314 1c009032 00855703 lhu              x14, 8(x10)         x14=0000ffd1 x10:100027a4  PA:100027ac
26720997ns          453316 1c009036 00a55683 lhu              x13, 10(x10)        x13=0000ff6a x10:100027a4  PA:100027ae
26721097ns          453321 1c00903a 02c60333 mul              x6, x12, x12         x6=00003579 x12:00000075 x12:00000075
26721455ns          453339 1c00903e 00c55783 lhu              x15, 12(x10)        x15=0000ffe5 x10:100027a4  PA:100027b0
26721514ns          453342 1c009042 00e55583 lhu              x11, 14(x10)        x11=00000060 x10:100027a4  PA:100027b2
26721614ns          453347 1c009046 dea30333 p.extract        x6, x6, 15, 10       x6=0000000d  x6:00003579
26721634ns          453348 1c00904a 80c7075b p.muls           x14, x14, x12       x14=ffffea85 x14:0000ffd1 x12:00000075
26721972ns          453365 1c00904e 80c686db p.muls           x13, x13, x12       x13=ffffbb72 x13:0000ff6a x12:00000075
26722012ns          453367 1c009052 00455e83 lhu              x29, 4(x10)         x29=00000427 x10:100027a4  PA:100027a8
26722051ns          453369 1c009056 00655e03 lhu              x28, 6(x10)         x28=0000007f x10:100027a4  PA:100027aa
26722151ns          453374 1c00905a 40a75713 srai             x14, x14, 0x40a     x14=fffffffa x14:ffffea85
26722171ns          453375 1c00905c 806787db p.muls           x15, x15, x6        x15=fffffea1 x15:0000ffe5  x6:0000000d
26722489ns          453391 1c009060 40a6d693 srai             x13, x13, 0x40a     x13=ffffffee x13:ffffbb72
26722529ns          453393 1c009062 8065865b p.muls           x12, x11, x6        x12=000004e0 x11:00000060  x6:0000000d
26722548ns          453394 1c009066 40a7d793 srai             x15, x15, 0x40a     x15=ffffffff x15:fffffea1
26722568ns          453395 1c009068 40a65613 srai             x12, x12, 0x40a     x12=00000001 x12:000004e0
26722588ns          453396 1c00906a 01d70733 add              x14, x14, x29       x14=00000421 x14:fffffffa x29:00000427
26722608ns          453397 1c00906c 01c686b3 add              x13, x13, x28       x13=0000006d x13:ffffffee x28:0000007f
26722628ns          453398 1c00906e 00c686b3 add              x13, x13, x12       x13=0000006e x13:0000006d x12:00000001
26723006ns          453417 1c009070 00f70733 add              x14, x14, x15       x14=00000420 x14:00000421 x15:ffffffff
26723046ns          453419 1c009072 100747b3 p.exths          x15, x14, x0        x15=00000420 x14:00000420
26723066ns          453420 1c009076 1006c733 p.exths          x14, x13, x0        x14=0000006e x13:0000006e
26723085ns          453421 1c00907a 03170633 mul              x12, x14, x17       x12=ffffd04e x14:0000006e x17:ffffff91
26723543ns          453444 1c00907e 030786b3 mul              x13, x15, x16       x13=00054d20 x15:00000420 x16:00000149
26723583ns          453446 1c009082 03070733 mul              x14, x14, x16       x14=00008d5e x14:0000006e x16:00000149
26723603ns          453447 1c009086 031787b3 mul              x15, x15, x17       x15=fffe3620 x15:00000420 x17:ffffff91
26723622ns          453448 1c00908a 40a6d693 srai             x13, x13, 0x40a     x13=00000153 x13:00054d20
26723642ns          453449 1c00908c 40a65613 srai             x12, x12, 0x40a     x12=fffffff4 x12:ffffd04e
26723662ns          453450 1c00908e 40a7d793 srai             x15, x15, 0x40a     x15=ffffff8d x15:fffe3620
26724060ns          453470 1c009090 40a75713 srai             x14, x14, 0x40a     x14=00000023 x14:00008d5e
26724080ns          453471 1c009092 40c686b3 sub              x13, x13, x12       x13=0000015f x13:00000153 x12:fffffff4
26724100ns          453472 1c009094 00e787b3 add              x15, x15, x14       x15=ffffffb0 x15:ffffff8d x14:00000023
26724120ns          453473 1c009096 00d51823 sh               x13, 16(x10)        x13:0000015f x10:100027a4  PA:100027b4
26724159ns          453475 1c00909a 00f51923 sh               x15, 18(x10)        x15:ffffffb0 x10:100027a4  PA:100027b6
26724259ns          453480 1c00909e 00008067 jalr             x0, x1, 0            x1:1c0093e8
26724577ns          453496 1c0093e8 2dc15583 lhu              x11, 732(x2)        x11=0000015f  x2:100024d8  PA:100027b4
26724597ns          453497 1c0093ec 2de15783 lhu              x15, 734(x2)        x15=0000ffb0  x2:100024d8  PA:100027b6
26725054ns          453520 1c0093f0 40b90933 sub              x18, x18, x11       x18=ffffffed x18:0000014c x11:0000015f
26725094ns          453522 1c0093f4 40f484b3 sub              x9, x9, x15          x9=fffeffc2  x9:ffffff72 x15:0000ffb0
26725114ns          453523 1c0093f6 100945b3 p.exths          x11, x18, x0        x11=ffffffed x18:ffffffed
26725134ns          453524 1c0093fa 1004c7b3 p.exths          x15, x9, x0         x15=ffffffc2  x9:fffeffc2
26725591ns          453547 1c0093fe 034586b3 mul              x13, x11, x20       x13=ffffe795 x11:ffffffed x20:00000149
26725631ns          453549 1c009402 03378533 mul              x10, x15, x19       x10=00001ae2 x15:ffffffc2 x19:ffffff91
26725651ns          453550 1c009406 034a0633 mul              x12, x20, x20       x12=0001a6d1 x20:00000149 x20:00000149
26725671ns          453551 1c00940a 03398733 mul              x14, x19, x19       x14=00003021 x19:ffffff91 x19:ffffff91
26726128ns          453574 1c00940e 034787b3 mul              x15, x15, x20       x15=ffffb052 x15:ffffffc2 x20:00000149
26726168ns          453576 1c009412 033585b3 mul              x11, x11, x19       x11=0000083d x11:ffffffed x19:ffffff91
26726188ns          453577 1c009416 40a75713 srai             x14, x14, 0x40a     x14=0000000c x14:00003021
26726208ns          453578 1c009418 40a5d593 srai             x11, x11, 0x40a     x11=00000002 x11:0000083d
26726228ns          453579 1c00941a 40a65613 srai             x12, x12, 0x40a     x12=00000069 x12:0001a6d1
26726248ns          453580 1c00941c 40a7d793 srai             x15, x15, 0x40a     x15=ffffffec x15:ffffb052
26726606ns          453598 1c00941e 1c0034b7 lui              x9, 0x1c003000       x9=1c003000
26726626ns          453599 1c009422 00e60633 add              x12, x12, x14       x12=00000075 x12:00000069 x14:0000000c
26726645ns          453600 1c009424 40b787b3 sub              x15, x15, x11       x15=ffffffea x15:ffffffec x11:00000002
26726665ns          453601 1c009426 eb048493 addi             x9, x9, -336         x9=1c002eb0  x9:1c003000
26726685ns          453602 1c00942a 1c0032b7 lui              x5, 0x1c003000       x5=1c003000
26727143ns          453625 1c00942e 1c0035b7 lui              x11, 0x1c003000     x11=1c003000
26727182ns          453627 1c009432 018483b3 add              x7, x9, x24          x7=1c002eb8  x9:1c002eb0 x24:00000008
26727202ns          453628 1c009436 02812e83 lw               x29, 40(x2)         x29=1c002ec8  x2:100024d8  PA:10002500
26727222ns          453629 1c009438 10065633 p.exthz          x12, x12, x0        x12=00000075 x12:00000075
26727242ns          453630 1c00943c e8028293 addi             x5, x5, -384         x5=1c002e80  x5:1c003000
26727680ns          453652 1c009440 ea058593 addi             x11, x11, -352      x11=1c002ea0 x11:1c003000
26727719ns          453654 1c009444 03812483 lw               x9, 56(x2)           x9=1c002ee8  x2:100024d8  PA:10002510
26727739ns          453655 1c009446 10064733 p.exths          x14, x12, x0        x14=00000075 x12:00000075
26727759ns          453656 1c00944a 018280b3 add              x1, x5, x24          x1=1c002e88  x5:1c002e80 x24:00000008
26727779ns          453657 1c00944e 03012f03 lw               x30, 48(x2)         x30=1c002ed8  x2:100024d8  PA:10002508
26728177ns          453677 1c009450 018582b3 add              x5, x11, x24         x5=1c002ea8 x11:1c002ea0 x24:00000008
26728217ns          453679 1c009454 04012583 lw               x11, 64(x2)         x11=1c002ef8  x2:100024d8  PA:10002518
26728236ns          453680 1c009456 000edd83 lhu              x27, 0(x29)         x27=00000000 x29:1c002ec8  PA:1c002ec8
26728654ns          453701 1c00945a 0004d483 lhu              x9, 0(x9)            x9=00000000  x9:1c002ee8  PA:1c002ee8
26729032ns          453720 1c00945e 02e70333 mul              x6, x14, x14         x6=00003579 x14:00000075 x14:00000075
26729052ns          453721 1c009462 40a55513 srai             x10, x10, 0x40a     x10=00000006 x10:00001ae2
26729072ns          453722 1c009464 04812e83 lw               x29, 72(x2)         x29=1c002f08  x2:100024d8  PA:10002520
26729092ns          453723 1c009466 40a6d693 srai             x13, x13, 0x40a     x13=fffffff9 x13:ffffe795
26729112ns          453724 1c009468 000f5d03 lhu              x26, 0(x30)         x26=00000000 x30:1c002ed8  PA:1c002ed8
26729410ns          453739 1c00946c 0005d583 lhu              x11, 0(x11)         x11=00000000 x11:1c002ef8  PA:1c002ef8
26729867ns          453762 1c009470 40a35313 srai             x6, x6, 0x40a        x6=0000000d  x6:00003579
26729887ns          453763 1c009474 00a686b3 add              x13, x13, x10       x13=ffffffff x13:fffffff9 x10:00000006
26729907ns          453764 1c009476 05012f03 lw               x30, 80(x2)         x30=1c002e78  x2:100024d8  PA:10002528
26729927ns          453765 1c009478 10034e33 p.exths          x28, x6, x0         x28=0000000d  x6:0000000d
26729947ns          453766 1c00947c 06911023 sh               x9, 96(x2)           x9:00000000  x2:100024d8  PA:10002538
26730106ns          453774 1c009480 000ede83 lhu              x29, 0(x29)         x29=00000000 x29:1c002f08  PA:1c002f08
26730663ns          453802 1c009484 05812483 lw               x9, 88(x2)           x9=1c002e68  x2:100024d8  PA:10002530
26730683ns          453803 1c009486 1006d6b3 p.exthz          x13, x13, x0        x13=0000ffff x13:ffffffff
26730703ns          453804 1c00948a 02ee08b3 mul              x17, x28, x14       x17=000005f1 x28:0000000d x14:00000075
26730722ns          453805 1c00948e 1006c833 p.exths          x16, x13, x0        x16=ffffffff x13:0000ffff
26730742ns          453806 1c009492 06b11823 sh               x11, 112(x2)        x11:00000000  x2:100024d8  PA:10002548
26730762ns          453807 1c009496 000f5f03 lhu              x30, 0(x30)         x30=00000000 x30:1c002e78  PA:1c002e78
26731200ns          453829 1c00949a 0a012583 lw               x11, 160(x2)        x11=1c002e98  x2:100024d8  PA:10002578
26731220ns          453830 1c00949c 1007d7b3 p.exthz          x15, x15, x0        x15=0000ffea x15:ffffffea
26731240ns          453831 1c0094a0 0004da03 lhu              x20, 0(x9)          x20=00000000  x9:1c002e68  PA:1c002e68
26731657ns          453852 1c0094a4 1007c533 p.exths          x10, x15, x0        x10=ffffffea x15:0000ffea
26731677ns          453853 1c0094a8 09d11023 sh               x29, 128(x2)        x29:00000000  x2:100024d8  PA:10002558
26731697ns          453854 1c0094ac 0003d483 lhu              x9, 0(x7)            x9=00000000  x7:1c002eb8  PA:1c002eb8
26732015ns          453870 1c0094b0 02e80eb3 mul              x29, x16, x14       x29=ffffff8b x16:ffffffff x14:00000075
26732035ns          453871 1c0094b4 40a8d893 srai             x17, x17, 0x40a     x17=00000001 x17:000005f1
26732055ns          453872 1c0094b8 03c80833 mul              x16, x16, x28       x16=fffffff3 x16:ffffffff x28:0000000d
26732075ns          453873 1c0094bc 09e11823 sh               x30, 144(x2)        x30:00000000  x2:100024d8  PA:10002568
26732473ns          453893 1c0094c0 0005d983 lhu              x19, 0(x11)         x19=00000000 x11:1c002e98  PA:1c002e98
26732970ns          453918 1c0094c4 81c88f5b p.muls           x30, x17, x28       x30=0000000d x17:00000001 x28:0000000d
26732990ns          453919 1c0094c8 0002d583 lhu              x11, 0(x5)          x11=00000000  x5:1c002ea8  PA:1c002ea8
26733348ns          453937 1c0094cc 03ce0fb3 mul              x31, x28, x28       x31=000000a9 x28:0000000d x28:0000000d
26733368ns          453938 1c0094d0 02e50733 mul              x14, x10, x14       x14=fffff5f2 x10:ffffffea x14:00000075
26733387ns          453939 1c0094d4 40a85813 srai             x16, x16, 0x40a     x16=ffffffff x16:fffffff3
26733407ns          453940 1c0094d8 03c50533 mul              x10, x10, x28       x10=fffffee2 x10:ffffffea x28:0000000d
26733427ns          453941 1c0094dc 07015e03 lhu              x28, 112(x2)        x28=00000000  x2:100024d8  PA:10002548
26733745ns          453957 1c0094e0 01b60633 add              x12, x12, x27       x12=00000075 x12:00000075 x27:00000000
26733765ns          453958 1c0094e2 00980833 add              x16, x16, x9        x16=ffffffff x16:ffffffff  x9:00000000
26733785ns          453959 1c0094e4 06015d83 lhu              x27, 96(x2)         x27=00000000  x2:100024d8  PA:10002538
26733805ns          453960 1c0094e8 02812483 lw               x9, 40(x2)           x9=1c002ec8  x2:100024d8  PA:10002500
26733825ns          453961 1c0094ea 40afdf93 srai             x31, x31, 0x40a     x31=00000000 x31:000000a9
26733845ns          453962 1c0094ee 40a55513 srai             x10, x10, 0x40a     x10=ffffffff x10:fffffee2
26734263ns          453983 1c0094f0 01cf8fb3 add              x31, x31, x28       x31=00000000 x31:00000000 x28:00000000
26734282ns          453984 1c0094f2 00b50533 add              x10, x10, x11       x10=ffffffff x10:ffffffff x11:00000000
26734302ns          453985 1c0094f4 09015e03 lhu              x28, 144(x2)        x28=00000000  x2:100024d8  PA:10002568
26734322ns          453986 1c0094f8 03012583 lw               x11, 48(x2)         x11=1c002ed8  x2:100024d8  PA:10002508
26734342ns          453987 1c0094fa 00c49023 sh               x12, 0(x9)          x12:00000075  x9:1c002ec8  PA:1c002ec8
26734660ns          454003 1c0094fe 01b888b3 add              x17, x17, x27       x17=00000001 x17:00000001 x27:00000000
26734800ns          454010 1c009500 01a30333 add              x6, x6, x26          x6=0000000d  x6:0000000d x26:00000000
26734839ns          454012 1c009502 08015d83 lhu              x27, 128(x2)        x27=00000000  x2:100024d8  PA:10002558
26734859ns          454013 1c009506 0000d903 lhu              x18, 0(x1)          x18=00000000  x1:1c002e88  PA:1c002e88
26735396ns          454040 1c00950a 01c686b3 add              x13, x13, x28       x13=0000ffff x13:0000ffff x28:00000000
26735416ns          454041 1c00950c 00659023 sh               x6, 0(x11)           x6:0000000d x11:1c002ed8  PA:1c002ed8
26735734ns          454057 1c009510 40af5f13 srai             x30, x30, 0x40a     x30=00000000 x30:0000000d
26735754ns          454058 1c009514 04812e03 lw               x28, 72(x2)         x28=1c002f08  x2:100024d8  PA:10002520
26735774ns          454059 1c009516 01bf0f33 add              x30, x30, x27       x30=00000000 x30:00000000 x27:00000000
26735794ns          454060 1c009518 40aede93 srai             x29, x29, 0x40a     x29=ffffffff x29:ffffff8b
26735814ns          454061 1c00951c 40a75713 srai             x14, x14, 0x40a     x14=fffffffd x14:fffff5f2
26735834ns          454062 1c00951e 03812603 lw               x12, 56(x2)         x12=1c002ee8  x2:100024d8  PA:10002510
26735873ns          454064 1c009520 04012d83 lw               x27, 64(x2)         x27=1c002ef8  x2:100024d8  PA:10002518
26735913ns          454066 1c009522 01ee1023 sh               x30, 0(x28)         x30:00000000 x28:1c002f08  PA:1c002f08
26736231ns          454082 1c009526 05812483 lw               x9, 88(x2)           x9=1c002e68  x2:100024d8  PA:10002530
26736251ns          454083 1c009528 05012f03 lw               x30, 80(x2)         x30=1c002e78  x2:100024d8  PA:10002528
26736271ns          454084 1c00952a 0a012583 lw               x11, 160(x2)        x11=1c002e98  x2:100024d8  PA:10002578
26736291ns          454085 1c00952c 014787b3 add              x15, x15, x20       x15=0000ffea x15:0000ffea x20:00000000
26736311ns          454086 1c00952e 013e8eb3 add              x29, x29, x19       x29=ffffffff x29:ffffffff x19:00000000
26736410ns          454091 1c009530 01270733 add              x14, x14, x18       x14=fffffffd x14:fffffffd x18:00000000
26736450ns          454093 1c009532 00f49023 sh               x15, 0(x9)          x15:0000ffea  x9:1c002e68  PA:1c002e68
26736768ns          454109 1c009536 01161023 sh               x17, 0(x12)         x17:00000001 x12:1c002ee8  PA:1c002ee8
26737087ns          454125 1c00953a 01fd9023 sh               x31, 0(x27)         x31:00000000 x27:1c002ef8  PA:1c002ef8
26737405ns          454141 1c00953e 00df1023 sh               x13, 0(x30)         x13:0000ffff x30:1c002e78  PA:1c002e78
26737743ns          454158 1c009542 01d59023 sh               x29, 0(x11)         x29:ffffffff x11:1c002e98  PA:1c002e98
26738061ns          454174 1c009546 00e09023 sh               x14, 0(x1)          x14:fffffffd  x1:1c002e88  PA:1c002e88
26738379ns          454190 1c00954a 01039023 sh               x16, 0(x7)          x16:ffffffff  x7:1c002eb8  PA:1c002eb8
26738698ns          454206 1c00954e 00a29023 sh               x10, 0(x5)          x10:ffffffff  x5:1c002ea8  PA:1c002ea8
26739036ns          454223 1c009552 008b0b13 addi             x22, x22, 8         x22=0000000c x22:00000004
26739056ns          454224 1c009554 1f300793 addi             x15, x0, 499        x15=000001f3
26739075ns          454225 1c009558 e767dae3 bge              x15, x22, -396      x15:000001f3 x22:0000000c
26739513ns          454247 1c0093cc 010c9a0b p.lh             x20, 16(x25!)       x20=0000003a x25=1c0026b0 x25:1c0026a0  PA:1c0026a0
26739831ns          454263 1c0093d0 0104198b p.lh             x19, 16(x8!)        x19=00000096  x8=1c001e78  x8:1c001e68  PA:1c001e68
26740129ns          454278 1c0093d4 2cc10513 addi             x10, x2, 716        x10=100027a4  x2:100024d8
26740149ns          454279 1c0093d6 010a990b p.lh             x18, 16(x21!)       x18=00000036 x21=1c0016a4 x21:1c001694  PA:1c001694
26740448ns          454294 1c0093da 010b948b p.lh             x9, 16(x23!)         x9=000000a0 x23=1c000ed4 x23:1c000ec4  PA:1c000ec4
26740746ns          454309 1c0093de 2d411623 sh               x20, 716(x2)        x20:0000003a  x2:100024d8  PA:100027a4
26740806ns          454312 1c0093e2 2d311723 sh               x19, 718(x2)        x19:00000096  x2:100024d8  PA:100027a6
26740925ns          454318 1c0093e6 c33ff0ef jal              x1, -974             x1=1c0093e8
26740945ns          454319 1c009018 00051803 lh               x16, 0(x10)         x16=0000003a x10:100027a4  PA:100027a4
26741064ns          454325 1c00901c 00251883 lh               x17, 2(x10)         x17=00000096 x10:100027a4  PA:100027a6
26741184ns          454331 1c009020 030806b3 mul              x13, x16, x16       x13=00000d24 x16:0000003a x16:0000003a
26741203ns          454332 1c009024 03188633 mul              x12, x17, x17       x12=000057e4 x17:00000096 x17:00000096
26741223ns          454333 1c009028 40a65613 srai             x12, x12, 0x40a     x12=00000015 x12:000057e4
26741243ns          454334 1c00902a 40a6d693 srai             x13, x13, 0x40a     x13=00000003 x13:00000d24
26741263ns          454335 1c00902c 00c686b3 add              x13, x13, x12       x13=00000018 x13:00000003 x12:00000015
26741283ns          454336 1c00902e 1006c633 p.exths          x12, x13, x0        x12=00000018 x13:00000018
26741323ns          454338 1c009032 00855703 lhu              x14, 8(x10)         x14=0000ffd1 x10:100027a4  PA:100027ac
26741363ns          454340 1c009036 00a55683 lhu              x13, 10(x10)        x13=0000ff6a x10:100027a4  PA:100027ae
26741442ns          454344 1c00903a 02c60333 mul              x6, x12, x12         x6=00000240 x12:00000018 x12:00000018
26741462ns          454345 1c00903e 00c55783 lhu              x15, 12(x10)        x15=0000ffe5 x10:100027a4  PA:100027b0
26741502ns          454347 1c009042 00e55583 lhu              x11, 14(x10)        x11=00000060 x10:100027a4  PA:100027b2
26741561ns          454350 1c009046 dea30333 p.extract        x6, x6, 15, 10       x6=00000000  x6:00000240
26741581ns          454351 1c00904a 80c7075b p.muls           x14, x14, x12       x14=fffffb98 x14:0000ffd1 x12:00000018
26741601ns          454352 1c00904e 80c686db p.muls           x13, x13, x12       x13=fffff1f0 x13:0000ff6a x12:00000018
26741641ns          454354 1c009052 00455e83 lhu              x29, 4(x10)         x29=00000427 x10:100027a4  PA:100027a8
26741681ns          454356 1c009056 00655e03 lhu              x28, 6(x10)         x28=0000007f x10:100027a4  PA:100027aa
26741721ns          454358 1c00905a 40a75713 srai             x14, x14, 0x40a     x14=fffffffe x14:fffffb98
26741740ns          454359 1c00905c 806787db p.muls           x15, x15, x6        x15=00000000 x15:0000ffe5  x6:00000000
26741760ns          454360 1c009060 40a6d693 srai             x13, x13, 0x40a     x13=fffffffc x13:fffff1f0
26741780ns          454361 1c009062 8065865b p.muls           x12, x11, x6        x12=00000000 x11:00000060  x6:00000000
26741800ns          454362 1c009066 40a7d793 srai             x15, x15, 0x40a     x15=00000000 x15:00000000
26741820ns          454363 1c009068 40a65613 srai             x12, x12, 0x40a     x12=00000000 x12:00000000
26741840ns          454364 1c00906a 01d70733 add              x14, x14, x29       x14=00000425 x14:fffffffe x29:00000427
26741860ns          454365 1c00906c 01c686b3 add              x13, x13, x28       x13=0000007b x13:fffffffc x28:0000007f
26741880ns          454366 1c00906e 00c686b3 add              x13, x13, x12       x13=0000007b x13:0000007b x12:00000000
26741900ns          454367 1c009070 00f70733 add              x14, x14, x15       x14=00000425 x14:00000425 x15:00000000
26741919ns          454368 1c009072 100747b3 p.exths          x15, x14, x0        x15=00000425 x14:00000425
26741939ns          454369 1c009076 1006c733 p.exths          x14, x13, x0        x14=0000007b x13:0000007b
26741959ns          454370 1c00907a 03170633 mul              x12, x14, x17       x12=00004812 x14:0000007b x17:00000096
26742019ns          454373 1c00907e 030786b3 mul              x13, x15, x16       x13=0000f062 x15:00000425 x16:0000003a
26742059ns          454375 1c009082 03070733 mul              x14, x14, x16       x14=00001bde x14:0000007b x16:0000003a
26742079ns          454376 1c009086 031787b3 mul              x15, x15, x17       x15=00026dae x15:00000425 x17:00000096
26742098ns          454377 1c00908a 40a6d693 srai             x13, x13, 0x40a     x13=0000003c x13:0000f062
26742118ns          454378 1c00908c 40a65613 srai             x12, x12, 0x40a     x12=00000012 x12:00004812
26742138ns          454379 1c00908e 40a7d793 srai             x15, x15, 0x40a     x15=0000009b x15:00026dae
26742158ns          454380 1c009090 40a75713 srai             x14, x14, 0x40a     x14=00000006 x14:00001bde
26742178ns          454381 1c009092 40c686b3 sub              x13, x13, x12       x13=0000002a x13:0000003c x12:00000012
26742198ns          454382 1c009094 00e787b3 add              x15, x15, x14       x15=000000a1 x15:0000009b x14:00000006
26742218ns          454383 1c009096 00d51823 sh               x13, 16(x10)        x13:0000002a x10:100027a4  PA:100027b4
26742238ns          454384 1c00909a 00f51923 sh               x15, 18(x10)        x15:000000a1 x10:100027a4  PA:100027b6
26742258ns          454385 1c00909e 00008067 jalr             x0, x1, 0            x1:1c0093e8
26742596ns          454402 1c0093e8 2dc15583 lhu              x11, 732(x2)        x11=0000002a  x2:100024d8  PA:100027b4
26742635ns          454404 1c0093ec 2de15783 lhu              x15, 734(x2)        x15=000000a1  x2:100024d8  PA:100027b6
26742735ns          454409 1c0093f0 40b90933 sub              x18, x18, x11       x18=0000000c x18:00000036 x11:0000002a
26742755ns          454410 1c0093f4 40f484b3 sub              x9, x9, x15          x9=ffffffff  x9:000000a0 x15:000000a1
26742775ns          454411 1c0093f6 100945b3 p.exths          x11, x18, x0        x11=0000000c x18:0000000c
26742794ns          454412 1c0093fa 1004c7b3 p.exths          x15, x9, x0         x15=ffffffff  x9:ffffffff
26742814ns          454413 1c0093fe 034586b3 mul              x13, x11, x20       x13=000002b8 x11:0000000c x20:0000003a
26742834ns          454414 1c009402 03378533 mul              x10, x15, x19       x10=ffffff6a x15:ffffffff x19:00000096
26742854ns          454415 1c009406 034a0633 mul              x12, x20, x20       x12=00000d24 x20:0000003a x20:0000003a
26742874ns          454416 1c00940a 03398733 mul              x14, x19, x19       x14=000057e4 x19:00000096 x19:00000096
26742894ns          454417 1c00940e 034787b3 mul              x15, x15, x20       x15=ffffffc6 x15:ffffffff x20:0000003a
26742914ns          454418 1c009412 033585b3 mul              x11, x11, x19       x11=00000708 x11:0000000c x19:00000096
26742934ns          454419 1c009416 40a75713 srai             x14, x14, 0x40a     x14=00000015 x14:000057e4
26742954ns          454420 1c009418 40a5d593 srai             x11, x11, 0x40a     x11=00000001 x11:00000708
26742973ns          454421 1c00941a 40a65613 srai             x12, x12, 0x40a     x12=00000003 x12:00000d24
26742993ns          454422 1c00941c 40a7d793 srai             x15, x15, 0x40a     x15=ffffffff x15:ffffffc6
26743013ns          454423 1c00941e 1c0034b7 lui              x9, 0x1c003000       x9=1c003000
26743033ns          454424 1c009422 00e60633 add              x12, x12, x14       x12=00000018 x12:00000003 x14:00000015
26743053ns          454425 1c009424 40b787b3 sub              x15, x15, x11       x15=fffffffe x15:ffffffff x11:00000001
26743073ns          454426 1c009426 eb048493 addi             x9, x9, -336         x9=1c002eb0  x9:1c003000
26743093ns          454427 1c00942a 1c0032b7 lui              x5, 0x1c003000       x5=1c003000
26743113ns          454428 1c00942e 1c0035b7 lui              x11, 0x1c003000     x11=1c003000
26743133ns          454429 1c009432 018483b3 add              x7, x9, x24          x7=1c002eb8  x9:1c002eb0 x24:00000008
26743152ns          454430 1c009436 02812e83 lw               x29, 40(x2)         x29=1c002ec8  x2:100024d8  PA:10002500
26743192ns          454432 1c009438 10065633 p.exthz          x12, x12, x0        x12=00000018 x12:00000018
26743212ns          454433 1c00943c e8028293 addi             x5, x5, -384         x5=1c002e80  x5:1c003000
26743232ns          454434 1c009440 ea058593 addi             x11, x11, -352      x11=1c002ea0 x11:1c003000
26743252ns          454435 1c009444 03812483 lw               x9, 56(x2)           x9=1c002ee8  x2:100024d8  PA:10002510
26743272ns          454436 1c009446 10064733 p.exths          x14, x12, x0        x14=00000018 x12:00000018
26743292ns          454437 1c00944a 018280b3 add              x1, x5, x24          x1=1c002e88  x5:1c002e80 x24:00000008
26743312ns          454438 1c00944e 03012f03 lw               x30, 48(x2)         x30=1c002ed8  x2:100024d8  PA:10002508
26743351ns          454440 1c009450 018582b3 add              x5, x11, x24         x5=1c002ea8 x11:1c002ea0 x24:00000008
26743391ns          454442 1c009454 04012583 lw               x11, 64(x2)         x11=1c002ef8  x2:100024d8  PA:10002518
26743411ns          454443 1c009456 000edd83 lhu              x27, 0(x29)         x27=00000075 x29:1c002ec8  PA:1c002ec8
26743809ns          454463 1c00945a 0004d483 lhu              x9, 0(x9)            x9=00000001  x9:1c002ee8  PA:1c002ee8
26744207ns          454483 1c00945e 02e70333 mul              x6, x14, x14         x6=00000240 x14:00000018 x14:00000018
26744226ns          454484 1c009462 40a55513 srai             x10, x10, 0x40a     x10=ffffffff x10:ffffff6a
26744246ns          454485 1c009464 04812e83 lw               x29, 72(x2)         x29=1c002f08  x2:100024d8  PA:10002520
26744266ns          454486 1c009466 40a6d693 srai             x13, x13, 0x40a     x13=00000000 x13:000002b8
26744286ns          454487 1c009468 000f5d03 lhu              x26, 0(x30)         x26=0000000d x30:1c002ed8  PA:1c002ed8
26744584ns          454502 1c00946c 0005d583 lhu              x11, 0(x11)         x11=00000000 x11:1c002ef8  PA:1c002ef8
26744922ns          454519 1c009470 40a35313 srai             x6, x6, 0x40a        x6=00000000  x6:00000240
26744942ns          454520 1c009474 00a686b3 add              x13, x13, x10       x13=ffffffff x13:00000000 x10:ffffffff
26744962ns          454521 1c009476 05012f03 lw               x30, 80(x2)         x30=1c002e78  x2:100024d8  PA:10002528
26744982ns          454522 1c009478 10034e33 p.exths          x28, x6, x0         x28=00000000  x6:00000000
26745002ns          454523 1c00947c 06911023 sh               x9, 96(x2)           x9:00000001  x2:100024d8  PA:10002538
26745042ns          454525 1c009480 000ede83 lhu              x29, 0(x29)         x29=00000000 x29:1c002f08  PA:1c002f08
26745380ns          454542 1c009484 05812483 lw               x9, 88(x2)           x9=1c002e68  x2:100024d8  PA:10002530
26745400ns          454543 1c009486 1006d6b3 p.exthz          x13, x13, x0        x13=0000ffff x13:ffffffff
26745420ns          454544 1c00948a 02ee08b3 mul              x17, x28, x14       x17=00000000 x28:00000000 x14:00000018
26745440ns          454545 1c00948e 1006c833 p.exths          x16, x13, x0        x16=ffffffff x13:0000ffff
26745459ns          454546 1c009492 06b11823 sh               x11, 112(x2)        x11:00000000  x2:100024d8  PA:10002548
26745479ns          454547 1c009496 000f5f03 lhu              x30, 0(x30)         x30=0000ffff x30:1c002e78  PA:1c002e78
26745778ns          454562 1c00949a 0a012583 lw               x11, 160(x2)        x11=1c002e98  x2:100024d8  PA:10002578
26745798ns          454563 1c00949c 1007d7b3 p.exthz          x15, x15, x0        x15=0000fffe x15:fffffffe
26745817ns          454564 1c0094a0 0004da03 lhu              x20, 0(x9)          x20=0000ffea  x9:1c002e68  PA:1c002e68
26746156ns          454581 1c0094a4 1007c533 p.exths          x10, x15, x0        x10=fffffffe x15:0000fffe
26746175ns          454582 1c0094a8 09d11023 sh               x29, 128(x2)        x29:00000000  x2:100024d8  PA:10002558
26746195ns          454583 1c0094ac 0003d483 lhu              x9, 0(x7)            x9=0000ffff  x7:1c002eb8  PA:1c002eb8
26746553ns          454601 1c0094b0 02e80eb3 mul              x29, x16, x14       x29=ffffffe8 x16:ffffffff x14:00000018
26746573ns          454602 1c0094b4 40a8d893 srai             x17, x17, 0x40a     x17=00000000 x17:00000000
26746593ns          454603 1c0094b8 03c80833 mul              x16, x16, x28       x16=00000000 x16:ffffffff x28:00000000
26746613ns          454604 1c0094bc 09e11823 sh               x30, 144(x2)        x30:0000ffff  x2:100024d8  PA:10002568
26746633ns          454605 1c0094c0 0005d983 lhu              x19, 0(x11)         x19=0000ffff x11:1c002e98  PA:1c002e98
26746951ns          454621 1c0094c4 81c88f5b p.muls           x30, x17, x28       x30=00000000 x17:00000000 x28:00000000
26746971ns          454622 1c0094c8 0002d583 lhu              x11, 0(x5)          x11=0000ffff  x5:1c002ea8  PA:1c002ea8
26747289ns          454638 1c0094cc 03ce0fb3 mul              x31, x28, x28       x31=00000000 x28:00000000 x28:00000000
26747309ns          454639 1c0094d0 02e50733 mul              x14, x10, x14       x14=ffffffd0 x10:fffffffe x14:00000018
26747329ns          454640 1c0094d4 40a85813 srai             x16, x16, 0x40a     x16=00000000 x16:00000000
26747349ns          454641 1c0094d8 03c50533 mul              x10, x10, x28       x10=00000000 x10:fffffffe x28:00000000
26747369ns          454642 1c0094dc 07015e03 lhu              x28, 112(x2)        x28=00000000  x2:100024d8  PA:10002548
26747408ns          454644 1c0094e0 01b60633 add              x12, x12, x27       x12=0000008d x12:00000018 x27:00000075
26747428ns          454645 1c0094e2 00980833 add              x16, x16, x9        x16=0000ffff x16:00000000  x9:0000ffff
26747448ns          454646 1c0094e4 06015d83 lhu              x27, 96(x2)         x27=00000001  x2:100024d8  PA:10002538
26747468ns          454647 1c0094e8 02812483 lw               x9, 40(x2)           x9=1c002ec8  x2:100024d8  PA:10002500
26747488ns          454648 1c0094ea 40afdf93 srai             x31, x31, 0x40a     x31=00000000 x31:00000000
26747508ns          454649 1c0094ee 40a55513 srai             x10, x10, 0x40a     x10=00000000 x10:00000000
26747528ns          454650 1c0094f0 01cf8fb3 add              x31, x31, x28       x31=00000000 x31:00000000 x28:00000000
26747548ns          454651 1c0094f2 00b50533 add              x10, x10, x11       x10=0000ffff x10:00000000 x11:0000ffff
26747568ns          454652 1c0094f4 09015e03 lhu              x28, 144(x2)        x28=0000ffff  x2:100024d8  PA:10002568
26747587ns          454653 1c0094f8 03012583 lw               x11, 48(x2)         x11=1c002ed8  x2:100024d8  PA:10002508
26747607ns          454654 1c0094fa 00c49023 sh               x12, 0(x9)          x12:0000008d  x9:1c002ec8  PA:1c002ec8
26747926ns          454670 1c0094fe 01b888b3 add              x17, x17, x27       x17=00000001 x17:00000000 x27:00000001
26747945ns          454671 1c009500 01a30333 add              x6, x6, x26          x6=0000000d  x6:00000000 x26:0000000d
26747965ns          454672 1c009502 08015d83 lhu              x27, 128(x2)        x27=00000000  x2:100024d8  PA:10002558
26747985ns          454673 1c009506 0000d903 lhu              x18, 0(x1)          x18=0000fffd  x1:1c002e88  PA:1c002e88
26748303ns          454689 1c00950a 01c686b3 add              x13, x13, x28       x13=0001fffe x13:0000ffff x28:0000ffff
26748323ns          454690 1c00950c 00659023 sh               x6, 0(x11)           x6:0000000d x11:1c002ed8  PA:1c002ed8
26748642ns          454706 1c009510 40af5f13 srai             x30, x30, 0x40a     x30=00000000 x30:00000000
26748661ns          454707 1c009514 04812e03 lw               x28, 72(x2)         x28=1c002f08  x2:100024d8  PA:10002520
26748681ns          454708 1c009516 01bf0f33 add              x30, x30, x27       x30=00000000 x30:00000000 x27:00000000
26748701ns          454709 1c009518 40aede93 srai             x29, x29, 0x40a     x29=ffffffff x29:ffffffe8
26748721ns          454710 1c00951c 40a75713 srai             x14, x14, 0x40a     x14=ffffffff x14:ffffffd0
26748741ns          454711 1c00951e 03812603 lw               x12, 56(x2)         x12=1c002ee8  x2:100024d8  PA:10002510
26748761ns          454712 1c009520 04012d83 lw               x27, 64(x2)         x27=1c002ef8  x2:100024d8  PA:10002518
26748781ns          454713 1c009522 01ee1023 sh               x30, 0(x28)         x30:00000000 x28:1c002f08  PA:1c002f08
26749099ns          454729 1c009526 05812483 lw               x9, 88(x2)           x9=1c002e68  x2:100024d8  PA:10002530
26749119ns          454730 1c009528 05012f03 lw               x30, 80(x2)         x30=1c002e78  x2:100024d8  PA:10002528
26749139ns          454731 1c00952a 0a012583 lw               x11, 160(x2)        x11=1c002e98  x2:100024d8  PA:10002578
26749159ns          454732 1c00952c 014787b3 add              x15, x15, x20       x15=0001ffe8 x15:0000fffe x20:0000ffea
26749179ns          454733 1c00952e 013e8eb3 add              x29, x29, x19       x29=0000fffe x29:ffffffff x19:0000ffff
26749198ns          454734 1c009530 01270733 add              x14, x14, x18       x14=0000fffc x14:ffffffff x18:0000fffd
26749218ns          454735 1c009532 00f49023 sh               x15, 0(x9)          x15:0001ffe8  x9:1c002e68  PA:1c002e68
26749576ns          454753 1c009536 01161023 sh               x17, 0(x12)         x17:00000001 x12:1c002ee8  PA:1c002ee8
26749894ns          454769 1c00953a 01fd9023 sh               x31, 0(x27)         x31:00000000 x27:1c002ef8  PA:1c002ef8
26750213ns          454785 1c00953e 00df1023 sh               x13, 0(x30)         x13:0001fffe x30:1c002e78  PA:1c002e78
26750531ns          454801 1c009542 01d59023 sh               x29, 0(x11)         x29:0000fffe x11:1c002e98  PA:1c002e98
26750869ns          454818 1c009546 00e09023 sh               x14, 0(x1)          x14:0000fffc  x1:1c002e88  PA:1c002e88
26751187ns          454834 1c00954a 01039023 sh               x16, 0(x7)          x16:0000ffff  x7:1c002eb8  PA:1c002eb8
26751505ns          454850 1c00954e 00a29023 sh               x10, 0(x5)          x10:0000ffff  x5:1c002ea8  PA:1c002ea8
26751824ns          454866 1c009552 008b0b13 addi             x22, x22, 8         x22=00000014 x22:0000000c
26751844ns          454867 1c009554 1f300793 addi             x15, x0, 499        x15=000001f3
26751863ns          454868 1c009558 e767dae3 bge              x15, x22, -396      x15:000001f3 x22:00000014
26752003ns          454875 1c0093cc 010c9a0b p.lh             x20, 16(x25!)       x20=ffffff4d x25=1c0026c0 x25:1c0026b0  PA:1c0026b0
26752361ns          454893 1c0093d0 0104198b p.lh             x19, 16(x8!)        x19=ffffffc9  x8=1c001e88  x8:1c001e78  PA:1c001e78
26752738ns          454912 1c0093d4 2cc10513 addi             x10, x2, 716        x10=100027a4  x2:100024d8
26752758ns          454913 1c0093d6 010a990b p.lh             x18, 16(x21!)       x18=ffffff54 x21=1c0016b4 x21:1c0016a4  PA:1c0016a4
26753136ns          454932 1c0093da 010b948b p.lh             x9, 16(x23!)         x9=ffffffc7 x23=1c000ee4 x23:1c000ed4  PA:1c000ed4
26753514ns          454951 1c0093de 2d411623 sh               x20, 716(x2)        x20:ffffff4d  x2:100024d8  PA:100027a4
26753534ns          454952 1c0093e2 2d311723 sh               x19, 718(x2)        x19:ffffffc9  x2:100024d8  PA:100027a6
26753554ns          454953 1c0093e6 c33ff0ef jal              x1, -974             x1=1c0093e8
26753852ns          454968 1c009018 00051803 lh               x16, 0(x10)         x16=ffffff4d x10:100027a4  PA:100027a4
26753932ns          454972 1c00901c 00251883 lh               x17, 2(x10)         x17=ffffffc9 x10:100027a4  PA:100027a6
26753991ns          454975 1c009020 030806b3 mul              x13, x16, x16       x13=00007d29 x16:ffffff4d x16:ffffff4d
26754011ns          454976 1c009024 03188633 mul              x12, x17, x17       x12=00000bd1 x17:ffffffc9 x17:ffffffc9
26754031ns          454977 1c009028 40a65613 srai             x12, x12, 0x40a     x12=00000002 x12:00000bd1
26754051ns          454978 1c00902a 40a6d693 srai             x13, x13, 0x40a     x13=0000001f x13:00007d29
26754071ns          454979 1c00902c 00c686b3 add              x13, x13, x12       x13=00000021 x13:0000001f x12:00000002
26754091ns          454980 1c00902e 1006c633 p.exths          x12, x13, x0        x12=00000021 x13:00000021
26754111ns          454981 1c009032 00855703 lhu              x14, 8(x10)         x14=0000ffd1 x10:100027a4  PA:100027ac
26754151ns          454983 1c009036 00a55683 lhu              x13, 10(x10)        x13=0000ff6a x10:100027a4  PA:100027ae
26754190ns          454985 1c00903a 02c60333 mul              x6, x12, x12         x6=00000441 x12:00000021 x12:00000021
26754210ns          454986 1c00903e 00c55783 lhu              x15, 12(x10)        x15=0000ffe5 x10:100027a4  PA:100027b0
26754250ns          454988 1c009042 00e55583 lhu              x11, 14(x10)        x11=00000060 x10:100027a4  PA:100027b2
26754270ns          454989 1c009046 dea30333 p.extract        x6, x6, 15, 10       x6=00000001  x6:00000441
26754290ns          454990 1c00904a 80c7075b p.muls           x14, x14, x12       x14=fffff9f1 x14:0000ffd1 x12:00000021
26754330ns          454992 1c00904e 80c686db p.muls           x13, x13, x12       x13=ffffecaa x13:0000ff6a x12:00000021
26754369ns          454994 1c009052 00455e83 lhu              x29, 4(x10)         x29=00000427 x10:100027a4  PA:100027a8
26754389ns          454995 1c009056 00655e03 lhu              x28, 6(x10)         x28=0000007f x10:100027a4  PA:100027aa
26754409ns          454996 1c00905a 40a75713 srai             x14, x14, 0x40a     x14=fffffffe x14:fffff9f1
26754429ns          454997 1c00905c 806787db p.muls           x15, x15, x6        x15=ffffffe5 x15:0000ffe5  x6:00000001
26754449ns          454998 1c009060 40a6d693 srai             x13, x13, 0x40a     x13=fffffffb x13:ffffecaa
26754469ns          454999 1c009062 8065865b p.muls           x12, x11, x6        x12=00000060 x11:00000060  x6:00000001
26754489ns          455000 1c009066 40a7d793 srai             x15, x15, 0x40a     x15=ffffffff x15:ffffffe5
26754509ns          455001 1c009068 40a65613 srai             x12, x12, 0x40a     x12=00000000 x12:00000060
26754528ns          455002 1c00906a 01d70733 add              x14, x14, x29       x14=00000425 x14:fffffffe x29:00000427
26754548ns          455003 1c00906c 01c686b3 add              x13, x13, x28       x13=0000007a x13:fffffffb x28:0000007f
26754568ns          455004 1c00906e 00c686b3 add              x13, x13, x12       x13=0000007a x13:0000007a x12:00000000
26754588ns          455005 1c009070 00f70733 add              x14, x14, x15       x14=00000424 x14:00000425 x15:ffffffff
26754608ns          455006 1c009072 100747b3 p.exths          x15, x14, x0        x15=00000424 x14:00000424
26754628ns          455007 1c009076 1006c733 p.exths          x14, x13, x0        x14=0000007a x13:0000007a
26754648ns          455008 1c00907a 03170633 mul              x12, x14, x17       x12=ffffe5ca x14:0000007a x17:ffffffc9
26754688ns          455010 1c00907e 030786b3 mul              x13, x15, x16       x13=fffd1ad4 x15:00000424 x16:ffffff4d
26754727ns          455012 1c009082 03070733 mul              x14, x14, x16       x14=ffffaab2 x14:0000007a x16:ffffff4d
26754747ns          455013 1c009086 031787b3 mul              x15, x15, x17       x15=ffff1c44 x15:00000424 x17:ffffffc9
26754767ns          455014 1c00908a 40a6d693 srai             x13, x13, 0x40a     x13=ffffff46 x13:fffd1ad4
26754787ns          455015 1c00908c 40a65613 srai             x12, x12, 0x40a     x12=fffffff9 x12:ffffe5ca
26754807ns          455016 1c00908e 40a7d793 srai             x15, x15, 0x40a     x15=ffffffc7 x15:ffff1c44
26754827ns          455017 1c009090 40a75713 srai             x14, x14, 0x40a     x14=ffffffea x14:ffffaab2
26754847ns          455018 1c009092 40c686b3 sub              x13, x13, x12       x13=ffffff4d x13:ffffff46 x12:fffffff9
26754866ns          455019 1c009094 00e787b3 add              x15, x15, x14       x15=ffffffb1 x15:ffffffc7 x14:ffffffea
26754886ns          455020 1c009096 00d51823 sh               x13, 16(x10)        x13:ffffff4d x10:100027a4  PA:100027b4
26754926ns          455022 1c00909a 00f51923 sh               x15, 18(x10)        x15:ffffffb1 x10:100027a4  PA:100027b6
26754986ns          455025 1c00909e 00008067 jalr             x0, x1, 0            x1:1c0093e8
26755006ns          455026 1c0093e8 2dc15583 lhu              x11, 732(x2)        x11=0000ff4d  x2:100024d8  PA:100027b4
26755085ns          455030 1c0093ec 2de15783 lhu              x15, 734(x2)        x15=0000ffb1  x2:100024d8  PA:100027b6
26755165ns          455034 1c0093f0 40b90933 sub              x18, x18, x11       x18=ffff0007 x18:ffffff54 x11:0000ff4d
26755185ns          455035 1c0093f4 40f484b3 sub              x9, x9, x15          x9=ffff0016  x9:ffffffc7 x15:0000ffb1
26755205ns          455036 1c0093f6 100945b3 p.exths          x11, x18, x0        x11=00000007 x18:ffff0007
26755224ns          455037 1c0093fa 1004c7b3 p.exths          x15, x9, x0         x15=00000016  x9:ffff0016
26755244ns          455038 1c0093fe 034586b3 mul              x13, x11, x20       x13=fffffb1b x11:00000007 x20:ffffff4d
26755264ns          455039 1c009402 03378533 mul              x10, x15, x19       x10=fffffb46 x15:00000016 x19:ffffffc9
26755284ns          455040 1c009406 034a0633 mul              x12, x20, x20       x12=00007d29 x20:ffffff4d x20:ffffff4d
26755304ns          455041 1c00940a 03398733 mul              x14, x19, x19       x14=00000bd1 x19:ffffffc9 x19:ffffffc9
26755324ns          455042 1c00940e 034787b3 mul              x15, x15, x20       x15=fffff09e x15:00000016 x20:ffffff4d
26755344ns          455043 1c009412 033585b3 mul              x11, x11, x19       x11=fffffe7f x11:00000007 x19:ffffffc9
26755364ns          455044 1c009416 40a75713 srai             x14, x14, 0x40a     x14=00000002 x14:00000bd1
26755384ns          455045 1c009418 40a5d593 srai             x11, x11, 0x40a     x11=ffffffff x11:fffffe7f
26755403ns          455046 1c00941a 40a65613 srai             x12, x12, 0x40a     x12=0000001f x12:00007d29
26755423ns          455047 1c00941c 40a7d793 srai             x15, x15, 0x40a     x15=fffffffc x15:fffff09e
26755443ns          455048 1c00941e 1c0034b7 lui              x9, 0x1c003000       x9=1c003000
26755463ns          455049 1c009422 00e60633 add              x12, x12, x14       x12=00000021 x12:0000001f x14:00000002
26755483ns          455050 1c009424 40b787b3 sub              x15, x15, x11       x15=fffffffd x15:fffffffc x11:ffffffff
26755503ns          455051 1c009426 eb048493 addi             x9, x9, -336         x9=1c002eb0  x9:1c003000
26755523ns          455052 1c00942a 1c0032b7 lui              x5, 0x1c003000       x5=1c003000
26755543ns          455053 1c00942e 1c0035b7 lui              x11, 0x1c003000     x11=1c003000
26755563ns          455054 1c009432 018483b3 add              x7, x9, x24          x7=1c002eb8  x9:1c002eb0 x24:00000008
26755582ns          455055 1c009436 02812e83 lw               x29, 40(x2)         x29=1c002ec8  x2:100024d8  PA:10002500
26755602ns          455056 1c009438 10065633 p.exthz          x12, x12, x0        x12=00000021 x12:00000021
26755622ns          455057 1c00943c e8028293 addi             x5, x5, -384         x5=1c002e80  x5:1c003000
26755662ns          455059 1c009440 ea058593 addi             x11, x11, -352      x11=1c002ea0 x11:1c003000
26755702ns          455061 1c009444 03812483 lw               x9, 56(x2)           x9=1c002ee8  x2:100024d8  PA:10002510
26755722ns          455062 1c009446 10064733 p.exths          x14, x12, x0        x14=00000021 x12:00000021
26755742ns          455063 1c00944a 018280b3 add              x1, x5, x24          x1=1c002e88  x5:1c002e80 x24:00000008
26755761ns          455064 1c00944e 03012f03 lw               x30, 48(x2)         x30=1c002ed8  x2:100024d8  PA:10002508
26755781ns          455065 1c009450 018582b3 add              x5, x11, x24         x5=1c002ea8 x11:1c002ea0 x24:00000008
26755801ns          455066 1c009454 04012583 lw               x11, 64(x2)         x11=1c002ef8  x2:100024d8  PA:10002518
26755821ns          455067 1c009456 000edd83 lhu              x27, 0(x29)         x27=0000008d x29:1c002ec8  PA:1c002ec8
26756179ns          455085 1c00945a 0004d483 lhu              x9, 0(x9)            x9=00000001  x9:1c002ee8  PA:1c002ee8
26756517ns          455102 1c00945e 02e70333 mul              x6, x14, x14         x6=00000441 x14:00000021 x14:00000021
26756537ns          455103 1c009462 40a55513 srai             x10, x10, 0x40a     x10=fffffffe x10:fffffb46
26756557ns          455104 1c009464 04812e83 lw               x29, 72(x2)         x29=1c002f08  x2:100024d8  PA:10002520
26756577ns          455105 1c009466 40a6d693 srai             x13, x13, 0x40a     x13=fffffffe x13:fffffb1b
26756597ns          455106 1c009468 000f5d03 lhu              x26, 0(x30)         x26=0000000d x30:1c002ed8  PA:1c002ed8
26756915ns          455122 1c00946c 0005d583 lhu              x11, 0(x11)         x11=00000000 x11:1c002ef8  PA:1c002ef8
26757253ns          455139 1c009470 40a35313 srai             x6, x6, 0x40a        x6=00000001  x6:00000441
26757273ns          455140 1c009474 00a686b3 add              x13, x13, x10       x13=fffffffc x13:fffffffe x10:fffffffe
26757293ns          455141 1c009476 05012f03 lw               x30, 80(x2)         x30=1c002e78  x2:100024d8  PA:10002528
26757313ns          455142 1c009478 10034e33 p.exths          x28, x6, x0         x28=00000001  x6:00000001
26757333ns          455143 1c00947c 06911023 sh               x9, 96(x2)           x9:00000001  x2:100024d8  PA:10002538
26757352ns          455144 1c009480 000ede83 lhu              x29, 0(x29)         x29=00000000 x29:1c002f08  PA:1c002f08
26757671ns          455160 1c009484 05812483 lw               x9, 88(x2)           x9=1c002e68  x2:100024d8  PA:10002530
26757691ns          455161 1c009486 1006d6b3 p.exthz          x13, x13, x0        x13=0000fffc x13:fffffffc
26757710ns          455162 1c00948a 02ee08b3 mul              x17, x28, x14       x17=00000021 x28:00000001 x14:00000021
26757730ns          455163 1c00948e 1006c833 p.exths          x16, x13, x0        x16=fffffffc x13:0000fffc
26757750ns          455164 1c009492 06b11823 sh               x11, 112(x2)        x11:00000000  x2:100024d8  PA:10002548
26757770ns          455165 1c009496 000f5f03 lhu              x30, 0(x30)         x30=0000fffe x30:1c002e78  PA:1c002e78
26758068ns          455180 1c00949a 0a012583 lw               x11, 160(x2)        x11=1c002e98  x2:100024d8  PA:10002578
26758088ns          455181 1c00949c 1007d7b3 p.exthz          x15, x15, x0        x15=0000fffd x15:fffffffd
26758108ns          455182 1c0094a0 0004da03 lhu              x20, 0(x9)          x20=0000ffe8  x9:1c002e68  PA:1c002e68
26758407ns          455197 1c0094a4 1007c533 p.exths          x10, x15, x0        x10=fffffffd x15:0000fffd
26758426ns          455198 1c0094a8 09d11023 sh               x29, 128(x2)        x29:00000000  x2:100024d8  PA:10002558
26758446ns          455199 1c0094ac 0003d483 lhu              x9, 0(x7)            x9=0000ffff  x7:1c002eb8  PA:1c002eb8
26758765ns          455215 1c0094b0 02e80eb3 mul              x29, x16, x14       x29=ffffff7c x16:fffffffc x14:00000021
26758784ns          455216 1c0094b4 40a8d893 srai             x17, x17, 0x40a     x17=00000000 x17:00000021
26758804ns          455217 1c0094b8 03c80833 mul              x16, x16, x28       x16=fffffffc x16:fffffffc x28:00000001
26758824ns          455218 1c0094bc 09e11823 sh               x30, 144(x2)        x30:0000fffe  x2:100024d8  PA:10002568
26758844ns          455219 1c0094c0 0005d983 lhu              x19, 0(x11)         x19=0000fffe x11:1c002e98  PA:1c002e98
26759162ns          455235 1c0094c4 81c88f5b p.muls           x30, x17, x28       x30=00000000 x17:00000000 x28:00000001
26759182ns          455236 1c0094c8 0002d583 lhu              x11, 0(x5)          x11=0000ffff  x5:1c002ea8  PA:1c002ea8
26759540ns          455254 1c0094cc 03ce0fb3 mul              x31, x28, x28       x31=00000001 x28:00000001 x28:00000001
26759560ns          455255 1c0094d0 02e50733 mul              x14, x10, x14       x14=ffffff9d x10:fffffffd x14:00000021
26759580ns          455256 1c0094d4 40a85813 srai             x16, x16, 0x40a     x16=ffffffff x16:fffffffc
26759600ns          455257 1c0094d8 03c50533 mul              x10, x10, x28       x10=fffffffd x10:fffffffd x28:00000001
26759620ns          455258 1c0094dc 07015e03 lhu              x28, 112(x2)        x28=00000000  x2:100024d8  PA:10002548
26759660ns          455260 1c0094e0 01b60633 add              x12, x12, x27       x12=000000ae x12:00000021 x27:0000008d
26759679ns          455261 1c0094e2 00980833 add              x16, x16, x9        x16=0000fffe x16:ffffffff  x9:0000ffff
26759699ns          455262 1c0094e4 06015d83 lhu              x27, 96(x2)         x27=00000001  x2:100024d8  PA:10002538
26759719ns          455263 1c0094e8 02812483 lw               x9, 40(x2)           x9=1c002ec8  x2:100024d8  PA:10002500
26759739ns          455264 1c0094ea 40afdf93 srai             x31, x31, 0x40a     x31=00000000 x31:00000001
26759759ns          455265 1c0094ee 40a55513 srai             x10, x10, 0x40a     x10=ffffffff x10:fffffffd
26759779ns          455266 1c0094f0 01cf8fb3 add              x31, x31, x28       x31=00000000 x31:00000000 x28:00000000
26759799ns          455267 1c0094f2 00b50533 add              x10, x10, x11       x10=0000fffe x10:ffffffff x11:0000ffff
26759819ns          455268 1c0094f4 09015e03 lhu              x28, 144(x2)        x28=0000fffe  x2:100024d8  PA:10002568
26759838ns          455269 1c0094f8 03012583 lw               x11, 48(x2)         x11=1c002ed8  x2:100024d8  PA:10002508
26759858ns          455270 1c0094fa 00c49023 sh               x12, 0(x9)          x12:000000ae  x9:1c002ec8  PA:1c002ec8
26760196ns          455287 1c0094fe 01b888b3 add              x17, x17, x27       x17=00000001 x17:00000000 x27:00000001
26760216ns          455288 1c009500 01a30333 add              x6, x6, x26          x6=0000000e  x6:00000001 x26:0000000d
26760236ns          455289 1c009502 08015d83 lhu              x27, 128(x2)        x27=00000000  x2:100024d8  PA:10002558
26760256ns          455290 1c009506 0000d903 lhu              x18, 0(x1)          x18=0000fffc  x1:1c002e88  PA:1c002e88
26760554ns          455305 1c00950a 01c686b3 add              x13, x13, x28       x13=0001fffa x13:0000fffc x28:0000fffe
26760574ns          455306 1c00950c 00659023 sh               x6, 0(x11)           x6:0000000e x11:1c002ed8  PA:1c002ed8
26760893ns          455322 1c009510 40af5f13 srai             x30, x30, 0x40a     x30=00000000 x30:00000000
26760912ns          455323 1c009514 04812e03 lw               x28, 72(x2)         x28=1c002f08  x2:100024d8  PA:10002520
26760932ns          455324 1c009516 01bf0f33 add              x30, x30, x27       x30=00000000 x30:00000000 x27:00000000
26760952ns          455325 1c009518 40aede93 srai             x29, x29, 0x40a     x29=ffffffff x29:ffffff7c
26760972ns          455326 1c00951c 40a75713 srai             x14, x14, 0x40a     x14=ffffffff x14:ffffff9d
26760992ns          455327 1c00951e 03812603 lw               x12, 56(x2)         x12=1c002ee8  x2:100024d8  PA:10002510
26761012ns          455328 1c009520 04012d83 lw               x27, 64(x2)         x27=1c002ef8  x2:100024d8  PA:10002518
26761032ns          455329 1c009522 01ee1023 sh               x30, 0(x28)         x30:00000000 x28:1c002f08  PA:1c002f08
26761350ns          455345 1c009526 05812483 lw               x9, 88(x2)           x9=1c002e68  x2:100024d8  PA:10002530
26761370ns          455346 1c009528 05012f03 lw               x30, 80(x2)         x30=1c002e78  x2:100024d8  PA:10002528
26761390ns          455347 1c00952a 0a012583 lw               x11, 160(x2)        x11=1c002e98  x2:100024d8  PA:10002578
26761410ns          455348 1c00952c 014787b3 add              x15, x15, x20       x15=0001ffe5 x15:0000fffd x20:0000ffe8
26761430ns          455349 1c00952e 013e8eb3 add              x29, x29, x19       x29=0000fffd x29:ffffffff x19:0000fffe
26761449ns          455350 1c009530 01270733 add              x14, x14, x18       x14=0000fffb x14:ffffffff x18:0000fffc
26761469ns          455351 1c009532 00f49023 sh               x15, 0(x9)          x15:0001ffe5  x9:1c002e68  PA:1c002e68
26761788ns          455367 1c009536 01161023 sh               x17, 0(x12)         x17:00000001 x12:1c002ee8  PA:1c002ee8
26762106ns          455383 1c00953a 01fd9023 sh               x31, 0(x27)         x31:00000000 x27:1c002ef8  PA:1c002ef8
26762424ns          455399 1c00953e 00df1023 sh               x13, 0(x30)         x13:0001fffa x30:1c002e78  PA:1c002e78
26762762ns          455416 1c009542 01d59023 sh               x29, 0(x11)         x29:0000fffd x11:1c002e98  PA:1c002e98
26763080ns          455432 1c009546 00e09023 sh               x14, 0(x1)          x14:0000fffb  x1:1c002e88  PA:1c002e88
26763398ns          455448 1c00954a 01039023 sh               x16, 0(x7)          x16:0000fffe  x7:1c002eb8  PA:1c002eb8
26763717ns          455464 1c00954e 00a29023 sh               x10, 0(x5)          x10:0000fffe  x5:1c002ea8  PA:1c002ea8
26764035ns          455480 1c009552 008b0b13 addi             x22, x22, 8         x22=0000001c x22:00000014
26764055ns          455481 1c009554 1f300793 addi             x15, x0, 499        x15=000001f3
26764075ns          455482 1c009558 e767dae3 bge              x15, x22, -396      x15:000001f3 x22:0000001c
26764174ns          455487 1c0093cc 010c9a0b p.lh             x20, 16(x25!)       x20=ffffff35 x25=1c0026d0 x25:1c0026c0  PA:1c0026c0
26764512ns          455504 1c0093d0 0104198b p.lh             x19, 16(x8!)        x19=00000074  x8=1c001e98  x8:1c001e88  PA:1c001e88
26764810ns          455519 1c0093d4 2cc10513 addi             x10, x2, 716        x10=100027a4  x2:100024d8
26764830ns          455520 1c0093d6 010a990b p.lh             x18, 16(x21!)       x18=ffffff2e x21=1c0016c4 x21:1c0016b4  PA:1c0016b4
26765149ns          455536 1c0093da 010b948b p.lh             x9, 16(x23!)         x9=0000007b x23=1c000ef4 x23:1c000ee4  PA:1c000ee4
26765467ns          455552 1c0093de 2d411623 sh               x20, 716(x2)        x20:ffffff35  x2:100024d8  PA:100027a4
26765487ns          455553 1c0093e2 2d311723 sh               x19, 718(x2)        x19:00000074  x2:100024d8  PA:100027a6
26765507ns          455554 1c0093e6 c33ff0ef jal              x1, -974             x1=1c0093e8
26765546ns          455556 1c009018 00051803 lh               x16, 0(x10)         x16=ffffff35 x10:100027a4  PA:100027a4
26765566ns          455557 1c00901c 00251883 lh               x17, 2(x10)         x17=00000074 x10:100027a4  PA:100027a6
26765586ns          455558 1c009020 030806b3 mul              x13, x16, x16       x13=0000a0f9 x16:ffffff35 x16:ffffff35
26765606ns          455559 1c009024 03188633 mul              x12, x17, x17       x12=00003490 x17:00000074 x17:00000074
26765626ns          455560 1c009028 40a65613 srai             x12, x12, 0x40a     x12=0000000d x12:00003490
26765646ns          455561 1c00902a 40a6d693 srai             x13, x13, 0x40a     x13=00000028 x13:0000a0f9
26765666ns          455562 1c00902c 00c686b3 add              x13, x13, x12       x13=00000035 x13:00000028 x12:0000000d
26765686ns          455563 1c00902e 1006c633 p.exths          x12, x13, x0        x12=00000035 x13:00000035
26765705ns          455564 1c009032 00855703 lhu              x14, 8(x10)         x14=0000ffd1 x10:100027a4  PA:100027ac
26765725ns          455565 1c009036 00a55683 lhu              x13, 10(x10)        x13=0000ff6a x10:100027a4  PA:100027ae
26765745ns          455566 1c00903a 02c60333 mul              x6, x12, x12         x6=00000af9 x12:00000035 x12:00000035
26765765ns          455567 1c00903e 00c55783 lhu              x15, 12(x10)        x15=0000ffe5 x10:100027a4  PA:100027b0
26765785ns          455568 1c009042 00e55583 lhu              x11, 14(x10)        x11=00000060 x10:100027a4  PA:100027b2
26765805ns          455569 1c009046 dea30333 p.extract        x6, x6, 15, 10       x6=00000002  x6:00000af9
26765825ns          455570 1c00904a 80c7075b p.muls           x14, x14, x12       x14=fffff645 x14:0000ffd1 x12:00000035
26765845ns          455571 1c00904e 80c686db p.muls           x13, x13, x12       x13=ffffe0f2 x13:0000ff6a x12:00000035
26765865ns          455572 1c009052 00455e83 lhu              x29, 4(x10)         x29=00000427 x10:100027a4  PA:100027a8
26765884ns          455573 1c009056 00655e03 lhu              x28, 6(x10)         x28=0000007f x10:100027a4  PA:100027aa
26765904ns          455574 1c00905a 40a75713 srai             x14, x14, 0x40a     x14=fffffffd x14:fffff645
26765924ns          455575 1c00905c 806787db p.muls           x15, x15, x6        x15=ffffffca x15:0000ffe5  x6:00000002
26765944ns          455576 1c009060 40a6d693 srai             x13, x13, 0x40a     x13=fffffff8 x13:ffffe0f2
26765984ns          455578 1c009062 8065865b p.muls           x12, x11, x6        x12=000000c0 x11:00000060  x6:00000002
26766004ns          455579 1c009066 40a7d793 srai             x15, x15, 0x40a     x15=ffffffff x15:ffffffca
26766024ns          455580 1c009068 40a65613 srai             x12, x12, 0x40a     x12=00000000 x12:000000c0
26766044ns          455581 1c00906a 01d70733 add              x14, x14, x29       x14=00000424 x14:fffffffd x29:00000427
26766063ns          455582 1c00906c 01c686b3 add              x13, x13, x28       x13=00000077 x13:fffffff8 x28:0000007f
26766083ns          455583 1c00906e 00c686b3 add              x13, x13, x12       x13=00000077 x13:00000077 x12:00000000
26766103ns          455584 1c009070 00f70733 add              x14, x14, x15       x14=00000423 x14:00000424 x15:ffffffff
26766123ns          455585 1c009072 100747b3 p.exths          x15, x14, x0        x15=00000423 x14:00000423
26766143ns          455586 1c009076 1006c733 p.exths          x14, x13, x0        x14=00000077 x13:00000077
26766163ns          455587 1c00907a 03170633 mul              x12, x14, x17       x12=000035ec x14:00000077 x17:00000074
26766223ns          455590 1c00907e 030786b3 mul              x13, x15, x16       x13=fffcb83f x15:00000423 x16:ffffff35
26766262ns          455592 1c009082 03070733 mul              x14, x14, x16       x14=ffffa1a3 x14:00000077 x16:ffffff35
26766282ns          455593 1c009086 031787b3 mul              x15, x15, x17       x15=0001dfdc x15:00000423 x17:00000074
26766302ns          455594 1c00908a 40a6d693 srai             x13, x13, 0x40a     x13=ffffff2e x13:fffcb83f
26766322ns          455595 1c00908c 40a65613 srai             x12, x12, 0x40a     x12=0000000d x12:000035ec
26766342ns          455596 1c00908e 40a7d793 srai             x15, x15, 0x40a     x15=00000077 x15:0001dfdc
26766362ns          455597 1c009090 40a75713 srai             x14, x14, 0x40a     x14=ffffffe8 x14:ffffa1a3
26766382ns          455598 1c009092 40c686b3 sub              x13, x13, x12       x13=ffffff21 x13:ffffff2e x12:0000000d
26766402ns          455599 1c009094 00e787b3 add              x15, x15, x14       x15=0000005f x15:00000077 x14:ffffffe8
26766421ns          455600 1c009096 00d51823 sh               x13, 16(x10)        x13:ffffff21 x10:100027a4  PA:100027b4
26766441ns          455601 1c00909a 00f51923 sh               x15, 18(x10)        x15:0000005f x10:100027a4  PA:100027b6
26766461ns          455602 1c00909e 00008067 jalr             x0, x1, 0            x1:1c0093e8
26766501ns          455604 1c0093e8 2dc15583 lhu              x11, 732(x2)        x11=0000ff21  x2:100024d8  PA:100027b4
26766521ns          455605 1c0093ec 2de15783 lhu              x15, 734(x2)        x15=0000005f  x2:100024d8  PA:100027b6
26766541ns          455606 1c0093f0 40b90933 sub              x18, x18, x11       x18=ffff000d x18:ffffff2e x11:0000ff21
26766561ns          455607 1c0093f4 40f484b3 sub              x9, x9, x15          x9=0000001c  x9:0000007b x15:0000005f
26766581ns          455608 1c0093f6 100945b3 p.exths          x11, x18, x0        x11=0000000d x18:ffff000d
26766600ns          455609 1c0093fa 1004c7b3 p.exths          x15, x9, x0         x15=0000001c  x9:0000001c
26766620ns          455610 1c0093fe 034586b3 mul              x13, x11, x20       x13=fffff5b1 x11:0000000d x20:ffffff35
26766640ns          455611 1c009402 03378533 mul              x10, x15, x19       x10=00000cb0 x15:0000001c x19:00000074
26766660ns          455612 1c009406 034a0633 mul              x12, x20, x20       x12=0000a0f9 x20:ffffff35 x20:ffffff35
26766680ns          455613 1c00940a 03398733 mul              x14, x19, x19       x14=00003490 x19:00000074 x19:00000074
26766700ns          455614 1c00940e 034787b3 mul              x15, x15, x20       x15=ffffe9cc x15:0000001c x20:ffffff35
26766720ns          455615 1c009412 033585b3 mul              x11, x11, x19       x11=000005e4 x11:0000000d x19:00000074
26766740ns          455616 1c009416 40a75713 srai             x14, x14, 0x40a     x14=0000000d x14:00003490
26766760ns          455617 1c009418 40a5d593 srai             x11, x11, 0x40a     x11=00000001 x11:000005e4
26766779ns          455618 1c00941a 40a65613 srai             x12, x12, 0x40a     x12=00000028 x12:0000a0f9
26766799ns          455619 1c00941c 40a7d793 srai             x15, x15, 0x40a     x15=fffffffa x15:ffffe9cc
26766819ns          455620 1c00941e 1c0034b7 lui              x9, 0x1c003000       x9=1c003000
26766839ns          455621 1c009422 00e60633 add              x12, x12, x14       x12=00000035 x12:00000028 x14:0000000d
26766859ns          455622 1c009424 40b787b3 sub              x15, x15, x11       x15=fffffff9 x15:fffffffa x11:00000001
26766879ns          455623 1c009426 eb048493 addi             x9, x9, -336         x9=1c002eb0  x9:1c003000
26766899ns          455624 1c00942a 1c0032b7 lui              x5, 0x1c003000       x5=1c003000
26766919ns          455625 1c00942e 1c0035b7 lui              x11, 0x1c003000     x11=1c003000
26766939ns          455626 1c009432 018483b3 add              x7, x9, x24          x7=1c002eb8  x9:1c002eb0 x24:00000008
26766958ns          455627 1c009436 02812e83 lw               x29, 40(x2)         x29=1c002ec8  x2:100024d8  PA:10002500
26766978ns          455628 1c009438 10065633 p.exthz          x12, x12, x0        x12=00000035 x12:00000035
26766998ns          455629 1c00943c e8028293 addi             x5, x5, -384         x5=1c002e80  x5:1c003000
26767038ns          455631 1c009440 ea058593 addi             x11, x11, -352      x11=1c002ea0 x11:1c003000
26767078ns          455633 1c009444 03812483 lw               x9, 56(x2)           x9=1c002ee8  x2:100024d8  PA:10002510
26767098ns          455634 1c009446 10064733 p.exths          x14, x12, x0        x14=00000035 x12:00000035
26767118ns          455635 1c00944a 018280b3 add              x1, x5, x24          x1=1c002e88  x5:1c002e80 x24:00000008
26767137ns          455636 1c00944e 03012f03 lw               x30, 48(x2)         x30=1c002ed8  x2:100024d8  PA:10002508
26767177ns          455638 1c009450 018582b3 add              x5, x11, x24         x5=1c002ea8 x11:1c002ea0 x24:00000008
26767217ns          455640 1c009454 04012583 lw               x11, 64(x2)         x11=1c002ef8  x2:100024d8  PA:10002518
26767237ns          455641 1c009456 000edd83 lhu              x27, 0(x29)         x27=000000ae x29:1c002ec8  PA:1c002ec8
26767535ns          455656 1c00945a 0004d483 lhu              x9, 0(x9)            x9=00000001  x9:1c002ee8  PA:1c002ee8
26767833ns          455671 1c00945e 02e70333 mul              x6, x14, x14         x6=00000af9 x14:00000035 x14:00000035
26767853ns          455672 1c009462 40a55513 srai             x10, x10, 0x40a     x10=00000003 x10:00000cb0
26767873ns          455673 1c009464 04812e83 lw               x29, 72(x2)         x29=1c002f08  x2:100024d8  PA:10002520
26767893ns          455674 1c009466 40a6d693 srai             x13, x13, 0x40a     x13=fffffffd x13:fffff5b1
26767913ns          455675 1c009468 000f5d03 lhu              x26, 0(x30)         x26=0000000e x30:1c002ed8  PA:1c002ed8
26768211ns          455690 1c00946c 0005d583 lhu              x11, 0(x11)         x11=00000000 x11:1c002ef8  PA:1c002ef8
26768629ns          455711 1c009470 40a35313 srai             x6, x6, 0x40a        x6=00000002  x6:00000af9
26768649ns          455712 1c009474 00a686b3 add              x13, x13, x10       x13=00000000 x13:fffffffd x10:00000003
26768669ns          455713 1c009476 05012f03 lw               x30, 80(x2)         x30=1c002e78  x2:100024d8  PA:10002528
26768689ns          455714 1c009478 10034e33 p.exths          x28, x6, x0         x28=00000002  x6:00000002
26768709ns          455715 1c00947c 06911023 sh               x9, 96(x2)           x9:00000001  x2:100024d8  PA:10002538
26768748ns          455717 1c009480 000ede83 lhu              x29, 0(x29)         x29=00000000 x29:1c002f08  PA:1c002f08
26769086ns          455734 1c009484 05812483 lw               x9, 88(x2)           x9=1c002e68  x2:100024d8  PA:10002530
26769106ns          455735 1c009486 1006d6b3 p.exthz          x13, x13, x0        x13=00000000 x13:00000000
26769126ns          455736 1c00948a 02ee08b3 mul              x17, x28, x14       x17=0000006a x28:00000002 x14:00000035
26769146ns          455737 1c00948e 1006c833 p.exths          x16, x13, x0        x16=00000000 x13:00000000
26769166ns          455738 1c009492 06b11823 sh               x11, 112(x2)        x11:00000000  x2:100024d8  PA:10002548
26769186ns          455739 1c009496 000f5f03 lhu              x30, 0(x30)         x30=0000fffa x30:1c002e78  PA:1c002e78
26769484ns          455754 1c00949a 0a012583 lw               x11, 160(x2)        x11=1c002e98  x2:100024d8  PA:10002578
26769504ns          455755 1c00949c 1007d7b3 p.exthz          x15, x15, x0        x15=0000fff9 x15:fffffff9
26769524ns          455756 1c0094a0 0004da03 lhu              x20, 0(x9)          x20=0000ffe5  x9:1c002e68  PA:1c002e68
26769942ns          455777 1c0094a4 1007c533 p.exths          x10, x15, x0        x10=fffffff9 x15:0000fff9
26769961ns          455778 1c0094a8 09d11023 sh               x29, 128(x2)        x29:00000000  x2:100024d8  PA:10002558
26769981ns          455779 1c0094ac 0003d483 lhu              x9, 0(x7)            x9=0000fffe  x7:1c002eb8  PA:1c002eb8
26770280ns          455794 1c0094b0 02e80eb3 mul              x29, x16, x14       x29=00000000 x16:00000000 x14:00000035
26770300ns          455795 1c0094b4 40a8d893 srai             x17, x17, 0x40a     x17=00000000 x17:0000006a
26770319ns          455796 1c0094b8 03c80833 mul              x16, x16, x28       x16=00000000 x16:00000000 x28:00000002
26770339ns          455797 1c0094bc 09e11823 sh               x30, 144(x2)        x30:0000fffa  x2:100024d8  PA:10002568
26770359ns          455798 1c0094c0 0005d983 lhu              x19, 0(x11)         x19=0000fffd x11:1c002e98  PA:1c002e98
26770697ns          455815 1c0094c4 81c88f5b p.muls           x30, x17, x28       x30=00000000 x17:00000000 x28:00000002
26770717ns          455816 1c0094c8 0002d583 lhu              x11, 0(x5)          x11=0000fffe  x5:1c002ea8  PA:1c002ea8
26771016ns          455831 1c0094cc 03ce0fb3 mul              x31, x28, x28       x31=00000004 x28:00000002 x28:00000002
26771035ns          455832 1c0094d0 02e50733 mul              x14, x10, x14       x14=fffffe8d x10:fffffff9 x14:00000035
26771055ns          455833 1c0094d4 40a85813 srai             x16, x16, 0x40a     x16=00000000 x16:00000000
26771075ns          455834 1c0094d8 03c50533 mul              x10, x10, x28       x10=fffffff2 x10:fffffff9 x28:00000002
26771095ns          455835 1c0094dc 07015e03 lhu              x28, 112(x2)        x28=00000000  x2:100024d8  PA:10002548
26771115ns          455836 1c0094e0 01b60633 add              x12, x12, x27       x12=000000e3 x12:00000035 x27:000000ae
26771135ns          455837 1c0094e2 00980833 add              x16, x16, x9        x16=0000fffe x16:00000000  x9:0000fffe
26771155ns          455838 1c0094e4 06015d83 lhu              x27, 96(x2)         x27=00000001  x2:100024d8  PA:10002538
26771175ns          455839 1c0094e8 02812483 lw               x9, 40(x2)           x9=1c002ec8  x2:100024d8  PA:10002500
26771195ns          455840 1c0094ea 40afdf93 srai             x31, x31, 0x40a     x31=00000000 x31:00000004
26771214ns          455841 1c0094ee 40a55513 srai             x10, x10, 0x40a     x10=ffffffff x10:fffffff2
26771234ns          455842 1c0094f0 01cf8fb3 add              x31, x31, x28       x31=00000000 x31:00000000 x28:00000000
26771254ns          455843 1c0094f2 00b50533 add              x10, x10, x11       x10=0000fffd x10:ffffffff x11:0000fffe
26771274ns          455844 1c0094f4 09015e03 lhu              x28, 144(x2)        x28=0000fffa  x2:100024d8  PA:10002568
26771294ns          455845 1c0094f8 03012583 lw               x11, 48(x2)         x11=1c002ed8  x2:100024d8  PA:10002508
26771314ns          455846 1c0094fa 00c49023 sh               x12, 0(x9)          x12:000000e3  x9:1c002ec8  PA:1c002ec8
26771632ns          455862 1c0094fe 01b888b3 add              x17, x17, x27       x17=00000001 x17:00000000 x27:00000001
26771652ns          455863 1c009500 01a30333 add              x6, x6, x26          x6=00000010  x6:00000002 x26:0000000e
26771672ns          455864 1c009502 08015d83 lhu              x27, 128(x2)        x27=00000000  x2:100024d8  PA:10002558
26771692ns          455865 1c009506 0000d903 lhu              x18, 0(x1)          x18=0000fffb  x1:1c002e88  PA:1c002e88
26772010ns          455881 1c00950a 01c686b3 add              x13, x13, x28       x13=0000fffa x13:00000000 x28:0000fffa
26772030ns          455882 1c00950c 00659023 sh               x6, 0(x11)           x6:00000010 x11:1c002ed8  PA:1c002ed8
26772348ns          455898 1c009510 40af5f13 srai             x30, x30, 0x40a     x30=00000000 x30:00000000
26772368ns          455899 1c009514 04812e03 lw               x28, 72(x2)         x28=1c002f08  x2:100024d8  PA:10002520
26772388ns          455900 1c009516 01bf0f33 add              x30, x30, x27       x30=00000000 x30:00000000 x27:00000000
26772408ns          455901 1c009518 40aede93 srai             x29, x29, 0x40a     x29=00000000 x29:00000000
26772428ns          455902 1c00951c 40a75713 srai             x14, x14, 0x40a     x14=ffffffff x14:fffffe8d
26772447ns          455903 1c00951e 03812603 lw               x12, 56(x2)         x12=1c002ee8  x2:100024d8  PA:10002510
26772467ns          455904 1c009520 04012d83 lw               x27, 64(x2)         x27=1c002ef8  x2:100024d8  PA:10002518
26772487ns          455905 1c009522 01ee1023 sh               x30, 0(x28)         x30:00000000 x28:1c002f08  PA:1c002f08
26772805ns          455921 1c009526 05812483 lw               x9, 88(x2)           x9=1c002e68  x2:100024d8  PA:10002530
26772825ns          455922 1c009528 05012f03 lw               x30, 80(x2)         x30=1c002e78  x2:100024d8  PA:10002528
26772845ns          455923 1c00952a 0a012583 lw               x11, 160(x2)        x11=1c002e98  x2:100024d8  PA:10002578
26772865ns          455924 1c00952c 014787b3 add              x15, x15, x20       x15=0001ffde x15:0000fff9 x20:0000ffe5
26772885ns          455925 1c00952e 013e8eb3 add              x29, x29, x19       x29=0000fffd x29:00000000 x19:0000fffd
26772905ns          455926 1c009530 01270733 add              x14, x14, x18       x14=0000fffa x14:ffffffff x18:0000fffb
26772925ns          455927 1c009532 00f49023 sh               x15, 0(x9)          x15:0001ffde  x9:1c002e68  PA:1c002e68
26773243ns          455943 1c009536 01161023 sh               x17, 0(x12)         x17:00000001 x12:1c002ee8  PA:1c002ee8
26773561ns          455959 1c00953a 01fd9023 sh               x31, 0(x27)         x31:00000000 x27:1c002ef8  PA:1c002ef8
26773979ns          455980 1c00953e 00df1023 sh               x13, 0(x30)         x13:0000fffa x30:1c002e78  PA:1c002e78
26774297ns          455996 1c009542 01d59023 sh               x29, 0(x11)         x29:0000fffd x11:1c002e98  PA:1c002e98
26774615ns          456012 1c009546 00e09023 sh               x14, 0(x1)          x14:0000fffa  x1:1c002e88  PA:1c002e88
26774973ns          456030 1c00954a 01039023 sh               x16, 0(x7)          x16:0000fffe  x7:1c002eb8  PA:1c002eb8
26775311ns          456047 1c00954e 00a29023 sh               x10, 0(x5)          x10:0000fffd  x5:1c002ea8  PA:1c002ea8
26775649ns          456064 1c009552 008b0b13 addi             x22, x22, 8         x22=00000024 x22:0000001c
26775669ns          456065 1c009554 1f300793 addi             x15, x0, 499        x15=000001f3
26775689ns          456066 1c009558 e767dae3 bge              x15, x22, -396      x15:000001f3 x22:00000024
26775789ns          456071 1c0093cc 010c9a0b p.lh             x20, 16(x25!)       x20=fffffe20 x25=1c0026e0 x25:1c0026d0  PA:1c0026d0
26776186ns          456091 1c0093d0 0104198b p.lh             x19, 16(x8!)        x19=0000006a  x8=1c001ea8  x8:1c001e98  PA:1c001e98
26776485ns          456106 1c0093d4 2cc10513 addi             x10, x2, 716        x10=100027a4  x2:100024d8
26776505ns          456107 1c0093d6 010a990b p.lh             x18, 16(x21!)       x18=fffffe3b x21=1c0016d4 x21:1c0016c4  PA:1c0016c4
26776803ns          456122 1c0093da 010b948b p.lh             x9, 16(x23!)         x9=000000b1 x23=1c000f04 x23:1c000ef4  PA:1c000ef4
26777101ns          456137 1c0093de 2d411623 sh               x20, 716(x2)        x20:fffffe20  x2:100024d8  PA:100027a4
26777141ns          456139 1c0093e2 2d311723 sh               x19, 718(x2)        x19:0000006a  x2:100024d8  PA:100027a6
26777161ns          456140 1c0093e6 c33ff0ef jal              x1, -974             x1=1c0093e8
26777201ns          456142 1c009018 00051803 lh               x16, 0(x10)         x16=fffffe20 x10:100027a4  PA:100027a4
26777221ns          456143 1c00901c 00251883 lh               x17, 2(x10)         x17=0000006a x10:100027a4  PA:100027a6
26777240ns          456144 1c009020 030806b3 mul              x13, x16, x16       x13=00038400 x16:fffffe20 x16:fffffe20
26777260ns          456145 1c009024 03188633 mul              x12, x17, x17       x12=00002be4 x17:0000006a x17:0000006a
26777280ns          456146 1c009028 40a65613 srai             x12, x12, 0x40a     x12=0000000a x12:00002be4
26777300ns          456147 1c00902a 40a6d693 srai             x13, x13, 0x40a     x13=000000e1 x13:00038400
26777320ns          456148 1c00902c 00c686b3 add              x13, x13, x12       x13=000000eb x13:000000e1 x12:0000000a
26777340ns          456149 1c00902e 1006c633 p.exths          x12, x13, x0        x12=000000eb x13:000000eb
26777360ns          456150 1c009032 00855703 lhu              x14, 8(x10)         x14=0000ffd1 x10:100027a4  PA:100027ac
26777380ns          456151 1c009036 00a55683 lhu              x13, 10(x10)        x13=0000ff6a x10:100027a4  PA:100027ae
26777400ns          456152 1c00903a 02c60333 mul              x6, x12, x12         x6=0000d7b9 x12:000000eb x12:000000eb
26777419ns          456153 1c00903e 00c55783 lhu              x15, 12(x10)        x15=0000ffe5 x10:100027a4  PA:100027b0
26777439ns          456154 1c009042 00e55583 lhu              x11, 14(x10)        x11=00000060 x10:100027a4  PA:100027b2
26777459ns          456155 1c009046 dea30333 p.extract        x6, x6, 15, 10       x6=00000035  x6:0000d7b9
26777479ns          456156 1c00904a 80c7075b p.muls           x14, x14, x12       x14=ffffd4db x14:0000ffd1 x12:000000eb
26777519ns          456158 1c00904e 80c686db p.muls           x13, x13, x12       x13=ffff764e x13:0000ff6a x12:000000eb
26777559ns          456160 1c009052 00455e83 lhu              x29, 4(x10)         x29=00000427 x10:100027a4  PA:100027a8
26777579ns          456161 1c009056 00655e03 lhu              x28, 6(x10)         x28=0000007f x10:100027a4  PA:100027aa
26777598ns          456162 1c00905a 40a75713 srai             x14, x14, 0x40a     x14=fffffff5 x14:ffffd4db
26777618ns          456163 1c00905c 806787db p.muls           x15, x15, x6        x15=fffffa69 x15:0000ffe5  x6:00000035
26777658ns          456165 1c009060 40a6d693 srai             x13, x13, 0x40a     x13=ffffffdd x13:ffff764e
26777698ns          456167 1c009062 8065865b p.muls           x12, x11, x6        x12=000013e0 x11:00000060  x6:00000035
26777718ns          456168 1c009066 40a7d793 srai             x15, x15, 0x40a     x15=fffffffe x15:fffffa69
26777738ns          456169 1c009068 40a65613 srai             x12, x12, 0x40a     x12=00000004 x12:000013e0
26777758ns          456170 1c00906a 01d70733 add              x14, x14, x29       x14=0000041c x14:fffffff5 x29:00000427
26777777ns          456171 1c00906c 01c686b3 add              x13, x13, x28       x13=0000005c x13:ffffffdd x28:0000007f
26777797ns          456172 1c00906e 00c686b3 add              x13, x13, x12       x13=00000060 x13:0000005c x12:00000004
26777817ns          456173 1c009070 00f70733 add              x14, x14, x15       x14=0000041a x14:0000041c x15:fffffffe
26777837ns          456174 1c009072 100747b3 p.exths          x15, x14, x0        x15=0000041a x14:0000041a
26777857ns          456175 1c009076 1006c733 p.exths          x14, x13, x0        x14=00000060 x13:00000060
26777877ns          456176 1c00907a 03170633 mul              x12, x14, x17       x12=000027c0 x14:00000060 x17:0000006a
26777897ns          456177 1c00907e 030786b3 mul              x13, x15, x16       x13=fff84f40 x15:0000041a x16:fffffe20
26777917ns          456178 1c009082 03070733 mul              x14, x14, x16       x14=ffff4c00 x14:00000060 x16:fffffe20
26777937ns          456179 1c009086 031787b3 mul              x15, x15, x17       x15=0001b2c4 x15:0000041a x17:0000006a
26777956ns          456180 1c00908a 40a6d693 srai             x13, x13, 0x40a     x13=fffffe13 x13:fff84f40
26777976ns          456181 1c00908c 40a65613 srai             x12, x12, 0x40a     x12=00000009 x12:000027c0
26777996ns          456182 1c00908e 40a7d793 srai             x15, x15, 0x40a     x15=0000006c x15:0001b2c4
26778016ns          456183 1c009090 40a75713 srai             x14, x14, 0x40a     x14=ffffffd3 x14:ffff4c00
26778036ns          456184 1c009092 40c686b3 sub              x13, x13, x12       x13=fffffe0a x13:fffffe13 x12:00000009
26778056ns          456185 1c009094 00e787b3 add              x15, x15, x14       x15=0000003f x15:0000006c x14:ffffffd3
26778076ns          456186 1c009096 00d51823 sh               x13, 16(x10)        x13:fffffe0a x10:100027a4  PA:100027b4
26778116ns          456188 1c00909a 00f51923 sh               x15, 18(x10)        x15:0000003f x10:100027a4  PA:100027b6
26778155ns          456190 1c00909e 00008067 jalr             x0, x1, 0            x1:1c0093e8
26778195ns          456192 1c0093e8 2dc15583 lhu              x11, 732(x2)        x11=0000fe0a  x2:100024d8  PA:100027b4
26778215ns          456193 1c0093ec 2de15783 lhu              x15, 734(x2)        x15=0000003f  x2:100024d8  PA:100027b6
26778235ns          456194 1c0093f0 40b90933 sub              x18, x18, x11       x18=ffff0031 x18:fffffe3b x11:0000fe0a
26778255ns          456195 1c0093f4 40f484b3 sub              x9, x9, x15          x9=00000072  x9:000000b1 x15:0000003f
26778275ns          456196 1c0093f6 100945b3 p.exths          x11, x18, x0        x11=00000031 x18:ffff0031
26778295ns          456197 1c0093fa 1004c7b3 p.exths          x15, x9, x0         x15=00000072  x9:00000072
26778314ns          456198 1c0093fe 034586b3 mul              x13, x11, x20       x13=ffffa420 x11:00000031 x20:fffffe20
26778334ns          456199 1c009402 03378533 mul              x10, x15, x19       x10=00002f34 x15:00000072 x19:0000006a
26778354ns          456200 1c009406 034a0633 mul              x12, x20, x20       x12=00038400 x20:fffffe20 x20:fffffe20
26778374ns          456201 1c00940a 03398733 mul              x14, x19, x19       x14=00002be4 x19:0000006a x19:0000006a
26778434ns          456204 1c00940e 034787b3 mul              x15, x15, x20       x15=ffff2a40 x15:00000072 x20:fffffe20
26778474ns          456206 1c009412 033585b3 mul              x11, x11, x19       x11=0000144a x11:00000031 x19:0000006a
26778493ns          456207 1c009416 40a75713 srai             x14, x14, 0x40a     x14=0000000a x14:00002be4
26778513ns          456208 1c009418 40a5d593 srai             x11, x11, 0x40a     x11=00000005 x11:0000144a
26778533ns          456209 1c00941a 40a65613 srai             x12, x12, 0x40a     x12=000000e1 x12:00038400
26778553ns          456210 1c00941c 40a7d793 srai             x15, x15, 0x40a     x15=ffffffca x15:ffff2a40
26778573ns          456211 1c00941e 1c0034b7 lui              x9, 0x1c003000       x9=1c003000
26778593ns          456212 1c009422 00e60633 add              x12, x12, x14       x12=000000eb x12:000000e1 x14:0000000a
26778613ns          456213 1c009424 40b787b3 sub              x15, x15, x11       x15=ffffffc5 x15:ffffffca x11:00000005
26778633ns          456214 1c009426 eb048493 addi             x9, x9, -336         x9=1c002eb0  x9:1c003000
26778653ns          456215 1c00942a 1c0032b7 lui              x5, 0x1c003000       x5=1c003000
26778672ns          456216 1c00942e 1c0035b7 lui              x11, 0x1c003000     x11=1c003000
26778692ns          456217 1c009432 018483b3 add              x7, x9, x24          x7=1c002eb8  x9:1c002eb0 x24:00000008
26778712ns          456218 1c009436 02812e83 lw               x29, 40(x2)         x29=1c002ec8  x2:100024d8  PA:10002500
26778732ns          456219 1c009438 10065633 p.exthz          x12, x12, x0        x12=000000eb x12:000000eb
26778752ns          456220 1c00943c e8028293 addi             x5, x5, -384         x5=1c002e80  x5:1c003000
26778772ns          456221 1c009440 ea058593 addi             x11, x11, -352      x11=1c002ea0 x11:1c003000
26778792ns          456222 1c009444 03812483 lw               x9, 56(x2)           x9=1c002ee8  x2:100024d8  PA:10002510
26778812ns          456223 1c009446 10064733 p.exths          x14, x12, x0        x14=000000eb x12:000000eb
26778832ns          456224 1c00944a 018280b3 add              x1, x5, x24          x1=1c002e88  x5:1c002e80 x24:00000008
26778851ns          456225 1c00944e 03012f03 lw               x30, 48(x2)         x30=1c002ed8  x2:100024d8  PA:10002508
26778871ns          456226 1c009450 018582b3 add              x5, x11, x24         x5=1c002ea8 x11:1c002ea0 x24:00000008
26778891ns          456227 1c009454 04012583 lw               x11, 64(x2)         x11=1c002ef8  x2:100024d8  PA:10002518
26778911ns          456228 1c009456 000edd83 lhu              x27, 0(x29)         x27=000000e3 x29:1c002ec8  PA:1c002ec8
26779229ns          456244 1c00945a 0004d483 lhu              x9, 0(x9)            x9=00000001  x9:1c002ee8  PA:1c002ee8
26779627ns          456264 1c00945e 02e70333 mul              x6, x14, x14         x6=0000d7b9 x14:000000eb x14:000000eb
26779647ns          456265 1c009462 40a55513 srai             x10, x10, 0x40a     x10=0000000b x10:00002f34
26779667ns          456266 1c009464 04812e83 lw               x29, 72(x2)         x29=1c002f08  x2:100024d8  PA:10002520
26779687ns          456267 1c009466 40a6d693 srai             x13, x13, 0x40a     x13=ffffffe9 x13:ffffa420
26779707ns          456268 1c009468 000f5d03 lhu              x26, 0(x30)         x26=00000010 x30:1c002ed8  PA:1c002ed8
26780045ns          456285 1c00946c 0005d583 lhu              x11, 0(x11)         x11=00000000 x11:1c002ef8  PA:1c002ef8
26780343ns          456300 1c009470 40a35313 srai             x6, x6, 0x40a        x6=00000035  x6:0000d7b9
26780363ns          456301 1c009474 00a686b3 add              x13, x13, x10       x13=fffffff4 x13:ffffffe9 x10:0000000b
26780383ns          456302 1c009476 05012f03 lw               x30, 80(x2)         x30=1c002e78  x2:100024d8  PA:10002528
26780403ns          456303 1c009478 10034e33 p.exths          x28, x6, x0         x28=00000035  x6:00000035
26780423ns          456304 1c00947c 06911023 sh               x9, 96(x2)           x9:00000001  x2:100024d8  PA:10002538
26780442ns          456305 1c009480 000ede83 lhu              x29, 0(x29)         x29=00000000 x29:1c002f08  PA:1c002f08
26780781ns          456322 1c009484 05812483 lw               x9, 88(x2)           x9=1c002e68  x2:100024d8  PA:10002530
26780800ns          456323 1c009486 1006d6b3 p.exthz          x13, x13, x0        x13=0000fff4 x13:fffffff4
26780820ns          456324 1c00948a 02ee08b3 mul              x17, x28, x14       x17=000030a7 x28:00000035 x14:000000eb
26780840ns          456325 1c00948e 1006c833 p.exths          x16, x13, x0        x16=fffffff4 x13:0000fff4
26780860ns          456326 1c009492 06b11823 sh               x11, 112(x2)        x11:00000000  x2:100024d8  PA:10002548
26780880ns          456327 1c009496 000f5f03 lhu              x30, 0(x30)         x30=0000fffa x30:1c002e78  PA:1c002e78
26781178ns          456342 1c00949a 0a012583 lw               x11, 160(x2)        x11=1c002e98  x2:100024d8  PA:10002578
26781198ns          456343 1c00949c 1007d7b3 p.exthz          x15, x15, x0        x15=0000ffc5 x15:ffffffc5
26781218ns          456344 1c0094a0 0004da03 lhu              x20, 0(x9)          x20=0000ffde  x9:1c002e68  PA:1c002e68
26781596ns          456363 1c0094a4 1007c533 p.exths          x10, x15, x0        x10=ffffffc5 x15:0000ffc5
26781616ns          456364 1c0094a8 09d11023 sh               x29, 128(x2)        x29:00000000  x2:100024d8  PA:10002558
26781636ns          456365 1c0094ac 0003d483 lhu              x9, 0(x7)            x9=0000fffe  x7:1c002eb8  PA:1c002eb8
26781994ns          456383 1c0094b0 02e80eb3 mul              x29, x16, x14       x29=fffff4fc x16:fffffff4 x14:000000eb
26782014ns          456384 1c0094b4 40a8d893 srai             x17, x17, 0x40a     x17=0000000c x17:000030a7
26782034ns          456385 1c0094b8 03c80833 mul              x16, x16, x28       x16=fffffd84 x16:fffffff4 x28:00000035
26782053ns          456386 1c0094bc 09e11823 sh               x30, 144(x2)        x30:0000fffa  x2:100024d8  PA:10002568
26782073ns          456387 1c0094c0 0005d983 lhu              x19, 0(x11)         x19=0000fffd x11:1c002e98  PA:1c002e98
26782372ns          456402 1c0094c4 81c88f5b p.muls           x30, x17, x28       x30=0000027c x17:0000000c x28:00000035
26782391ns          456403 1c0094c8 0002d583 lhu              x11, 0(x5)          x11=0000fffd  x5:1c002ea8  PA:1c002ea8
26782749ns          456421 1c0094cc 03ce0fb3 mul              x31, x28, x28       x31=00000af9 x28:00000035 x28:00000035
26782769ns          456422 1c0094d0 02e50733 mul              x14, x10, x14       x14=ffffc9d7 x10:ffffffc5 x14:000000eb
26782789ns          456423 1c0094d4 40a85813 srai             x16, x16, 0x40a     x16=ffffffff x16:fffffd84
26782809ns          456424 1c0094d8 03c50533 mul              x10, x10, x28       x10=fffff3c9 x10:ffffffc5 x28:00000035
26782829ns          456425 1c0094dc 07015e03 lhu              x28, 112(x2)        x28=00000000  x2:100024d8  PA:10002548
26782869ns          456427 1c0094e0 01b60633 add              x12, x12, x27       x12=000001ce x12:000000eb x27:000000e3
26782889ns          456428 1c0094e2 00980833 add              x16, x16, x9        x16=0000fffd x16:ffffffff  x9:0000fffe
26782909ns          456429 1c0094e4 06015d83 lhu              x27, 96(x2)         x27=00000001  x2:100024d8  PA:10002538
26782928ns          456430 1c0094e8 02812483 lw               x9, 40(x2)           x9=1c002ec8  x2:100024d8  PA:10002500
26782948ns          456431 1c0094ea 40afdf93 srai             x31, x31, 0x40a     x31=00000002 x31:00000af9
26782968ns          456432 1c0094ee 40a55513 srai             x10, x10, 0x40a     x10=fffffffc x10:fffff3c9
26782988ns          456433 1c0094f0 01cf8fb3 add              x31, x31, x28       x31=00000002 x31:00000002 x28:00000000
26783008ns          456434 1c0094f2 00b50533 add              x10, x10, x11       x10=0000fff9 x10:fffffffc x11:0000fffd
26783028ns          456435 1c0094f4 09015e03 lhu              x28, 144(x2)        x28=0000fffa  x2:100024d8  PA:10002568
26783048ns          456436 1c0094f8 03012583 lw               x11, 48(x2)         x11=1c002ed8  x2:100024d8  PA:10002508
26783068ns          456437 1c0094fa 00c49023 sh               x12, 0(x9)          x12:000001ce  x9:1c002ec8  PA:1c002ec8
26783386ns          456453 1c0094fe 01b888b3 add              x17, x17, x27       x17=0000000d x17:0000000c x27:00000001
26783406ns          456454 1c009500 01a30333 add              x6, x6, x26          x6=00000045  x6:00000035 x26:00000010
26783426ns          456455 1c009502 08015d83 lhu              x27, 128(x2)        x27=00000000  x2:100024d8  PA:10002558
26783446ns          456456 1c009506 0000d903 lhu              x18, 0(x1)          x18=0000fffa  x1:1c002e88  PA:1c002e88
26783744ns          456471 1c00950a 01c686b3 add              x13, x13, x28       x13=0001ffee x13:0000fff4 x28:0000fffa
26783764ns          456472 1c00950c 00659023 sh               x6, 0(x11)           x6:00000045 x11:1c002ed8  PA:1c002ed8
26784082ns          456488 1c009510 40af5f13 srai             x30, x30, 0x40a     x30=00000000 x30:0000027c
26784102ns          456489 1c009514 04812e03 lw               x28, 72(x2)         x28=1c002f08  x2:100024d8  PA:10002520
26784122ns          456490 1c009516 01bf0f33 add              x30, x30, x27       x30=00000000 x30:00000000 x27:00000000
26784142ns          456491 1c009518 40aede93 srai             x29, x29, 0x40a     x29=fffffffd x29:fffff4fc
26784162ns          456492 1c00951c 40a75713 srai             x14, x14, 0x40a     x14=fffffff2 x14:ffffc9d7
26784181ns          456493 1c00951e 03812603 lw               x12, 56(x2)         x12=1c002ee8  x2:100024d8  PA:10002510
26784201ns          456494 1c009520 04012d83 lw               x27, 64(x2)         x27=1c002ef8  x2:100024d8  PA:10002518
26784221ns          456495 1c009522 01ee1023 sh               x30, 0(x28)         x30:00000000 x28:1c002f08  PA:1c002f08
26784559ns          456512 1c009526 05812483 lw               x9, 88(x2)           x9=1c002e68  x2:100024d8  PA:10002530
26784579ns          456513 1c009528 05012f03 lw               x30, 80(x2)         x30=1c002e78  x2:100024d8  PA:10002528
26784599ns          456514 1c00952a 0a012583 lw               x11, 160(x2)        x11=1c002e98  x2:100024d8  PA:10002578
26784619ns          456515 1c00952c 014787b3 add              x15, x15, x20       x15=0001ffa3 x15:0000ffc5 x20:0000ffde
26784639ns          456516 1c00952e 013e8eb3 add              x29, x29, x19       x29=0000fffa x29:fffffffd x19:0000fffd
26784659ns          456517 1c009530 01270733 add              x14, x14, x18       x14=0000ffec x14:fffffff2 x18:0000fffa
26784679ns          456518 1c009532 00f49023 sh               x15, 0(x9)          x15:0001ffa3  x9:1c002e68  PA:1c002e68
26784997ns          456534 1c009536 01161023 sh               x17, 0(x12)         x17:0000000d x12:1c002ee8  PA:1c002ee8
26785335ns          456551 1c00953a 01fd9023 sh               x31, 0(x27)         x31:00000002 x27:1c002ef8  PA:1c002ef8
26785653ns          456567 1c00953e 00df1023 sh               x13, 0(x30)         x13:0001ffee x30:1c002e78  PA:1c002e78
26785971ns          456583 1c009542 01d59023 sh               x29, 0(x11)         x29:0000fffa x11:1c002e98  PA:1c002e98
26786290ns          456599 1c009546 00e09023 sh               x14, 0(x1)          x14:0000ffec  x1:1c002e88  PA:1c002e88
26786628ns          456616 1c00954a 01039023 sh               x16, 0(x7)          x16:0000fffd  x7:1c002eb8  PA:1c002eb8
26786946ns          456632 1c00954e 00a29023 sh               x10, 0(x5)          x10:0000fff9  x5:1c002ea8  PA:1c002ea8
26787284ns          456649 1c009552 008b0b13 addi             x22, x22, 8         x22=0000002c x22:00000024
26787304ns          456650 1c009554 1f300793 addi             x15, x0, 499        x15=000001f3
26787324ns          456651 1c009558 e767dae3 bge              x15, x22, -396      x15:000001f3 x22:0000002c
26787423ns          456656 1c0093cc 010c9a0b p.lh             x20, 16(x25!)       x20=ffffff70 x25=1c0026f0 x25:1c0026e0  PA:1c0026e0
26787801ns          456675 1c0093d0 0104198b p.lh             x19, 16(x8!)        x19=ffffff89  x8=1c001eb8  x8:1c001ea8  PA:1c001ea8
26788159ns          456693 1c0093d4 2cc10513 addi             x10, x2, 716        x10=100027a4  x2:100024d8
26788179ns          456694 1c0093d6 010a990b p.lh             x18, 16(x21!)       x18=ffffff67 x21=1c0016e4 x21:1c0016d4  PA:1c0016d4
26788477ns          456709 1c0093da 010b948b p.lh             x9, 16(x23!)         x9=ffffff89 x23=1c000f14 x23:1c000f04  PA:1c000f04
26788776ns          456724 1c0093de 2d411623 sh               x20, 716(x2)        x20:ffffff70  x2:100024d8  PA:100027a4
26788815ns          456726 1c0093e2 2d311723 sh               x19, 718(x2)        x19:ffffff89  x2:100024d8  PA:100027a6
26788835ns          456727 1c0093e6 c33ff0ef jal              x1, -974             x1=1c0093e8
26788875ns          456729 1c009018 00051803 lh               x16, 0(x10)         x16=ffffff70 x10:100027a4  PA:100027a4
26788895ns          456730 1c00901c 00251883 lh               x17, 2(x10)         x17=ffffff89 x10:100027a4  PA:100027a6
26788955ns          456733 1c009020 030806b3 mul              x13, x16, x16       x13=00005100 x16:ffffff70 x16:ffffff70
26788994ns          456735 1c009024 03188633 mul              x12, x17, x17       x12=00003751 x17:ffffff89 x17:ffffff89
26789014ns          456736 1c009028 40a65613 srai             x12, x12, 0x40a     x12=0000000d x12:00003751
26789034ns          456737 1c00902a 40a6d693 srai             x13, x13, 0x40a     x13=00000014 x13:00005100
26789054ns          456738 1c00902c 00c686b3 add              x13, x13, x12       x13=00000021 x13:00000014 x12:0000000d
26789074ns          456739 1c00902e 1006c633 p.exths          x12, x13, x0        x12=00000021 x13:00000021
26789094ns          456740 1c009032 00855703 lhu              x14, 8(x10)         x14=0000ffd1 x10:100027a4  PA:100027ac
26789114ns          456741 1c009036 00a55683 lhu              x13, 10(x10)        x13=0000ff6a x10:100027a4  PA:100027ae
26789134ns          456742 1c00903a 02c60333 mul              x6, x12, x12         x6=00000441 x12:00000021 x12:00000021
26789153ns          456743 1c00903e 00c55783 lhu              x15, 12(x10)        x15=0000ffe5 x10:100027a4  PA:100027b0
26789173ns          456744 1c009042 00e55583 lhu              x11, 14(x10)        x11=00000060 x10:100027a4  PA:100027b2
26789193ns          456745 1c009046 dea30333 p.extract        x6, x6, 15, 10       x6=00000001  x6:00000441
26789213ns          456746 1c00904a 80c7075b p.muls           x14, x14, x12       x14=fffff9f1 x14:0000ffd1 x12:00000021
26789233ns          456747 1c00904e 80c686db p.muls           x13, x13, x12       x13=ffffecaa x13:0000ff6a x12:00000021
26789253ns          456748 1c009052 00455e83 lhu              x29, 4(x10)         x29=00000427 x10:100027a4  PA:100027a8
26789273ns          456749 1c009056 00655e03 lhu              x28, 6(x10)         x28=0000007f x10:100027a4  PA:100027aa
26789293ns          456750 1c00905a 40a75713 srai             x14, x14, 0x40a     x14=fffffffe x14:fffff9f1
26789313ns          456751 1c00905c 806787db p.muls           x15, x15, x6        x15=ffffffe5 x15:0000ffe5  x6:00000001
26789332ns          456752 1c009060 40a6d693 srai             x13, x13, 0x40a     x13=fffffffb x13:ffffecaa
26789352ns          456753 1c009062 8065865b p.muls           x12, x11, x6        x12=00000060 x11:00000060  x6:00000001
26789372ns          456754 1c009066 40a7d793 srai             x15, x15, 0x40a     x15=ffffffff x15:ffffffe5
26789392ns          456755 1c009068 40a65613 srai             x12, x12, 0x40a     x12=00000000 x12:00000060
26789412ns          456756 1c00906a 01d70733 add              x14, x14, x29       x14=00000425 x14:fffffffe x29:00000427
26789432ns          456757 1c00906c 01c686b3 add              x13, x13, x28       x13=0000007a x13:fffffffb x28:0000007f
26789452ns          456758 1c00906e 00c686b3 add              x13, x13, x12       x13=0000007a x13:0000007a x12:00000000
26789472ns          456759 1c009070 00f70733 add              x14, x14, x15       x14=00000424 x14:00000425 x15:ffffffff
26789492ns          456760 1c009072 100747b3 p.exths          x15, x14, x0        x15=00000424 x14:00000424
26789511ns          456761 1c009076 1006c733 p.exths          x14, x13, x0        x14=0000007a x13:0000007a
26789531ns          456762 1c00907a 03170633 mul              x12, x14, x17       x12=ffffc74a x14:0000007a x17:ffffff89
26789551ns          456763 1c00907e 030786b3 mul              x13, x15, x16       x13=fffdabc0 x15:00000424 x16:ffffff70
26789571ns          456764 1c009082 03070733 mul              x14, x14, x16       x14=ffffbb60 x14:0000007a x16:ffffff70
26789591ns          456765 1c009086 031787b3 mul              x15, x15, x17       x15=fffe1344 x15:00000424 x17:ffffff89
26789611ns          456766 1c00908a 40a6d693 srai             x13, x13, 0x40a     x13=ffffff6a x13:fffdabc0
26789631ns          456767 1c00908c 40a65613 srai             x12, x12, 0x40a     x12=fffffff1 x12:ffffc74a
26789651ns          456768 1c00908e 40a7d793 srai             x15, x15, 0x40a     x15=ffffff84 x15:fffe1344
26789670ns          456769 1c009090 40a75713 srai             x14, x14, 0x40a     x14=ffffffee x14:ffffbb60
26789690ns          456770 1c009092 40c686b3 sub              x13, x13, x12       x13=ffffff79 x13:ffffff6a x12:fffffff1
26789710ns          456771 1c009094 00e787b3 add              x15, x15, x14       x15=ffffff72 x15:ffffff84 x14:ffffffee
26789730ns          456772 1c009096 00d51823 sh               x13, 16(x10)        x13:ffffff79 x10:100027a4  PA:100027b4
26789750ns          456773 1c00909a 00f51923 sh               x15, 18(x10)        x15:ffffff72 x10:100027a4  PA:100027b6
26789770ns          456774 1c00909e 00008067 jalr             x0, x1, 0            x1:1c0093e8
26789810ns          456776 1c0093e8 2dc15583 lhu              x11, 732(x2)        x11=0000ff79  x2:100024d8  PA:100027b4
26789830ns          456777 1c0093ec 2de15783 lhu              x15, 734(x2)        x15=0000ff72  x2:100024d8  PA:100027b6
26789849ns          456778 1c0093f0 40b90933 sub              x18, x18, x11       x18=fffeffee x18:ffffff67 x11:0000ff79
26789869ns          456779 1c0093f4 40f484b3 sub              x9, x9, x15          x9=ffff0017  x9:ffffff89 x15:0000ff72
26789889ns          456780 1c0093f6 100945b3 p.exths          x11, x18, x0        x11=ffffffee x18:fffeffee
26789909ns          456781 1c0093fa 1004c7b3 p.exths          x15, x9, x0         x15=00000017  x9:ffff0017
26789929ns          456782 1c0093fe 034586b3 mul              x13, x11, x20       x13=00000a20 x11:ffffffee x20:ffffff70
26789949ns          456783 1c009402 03378533 mul              x10, x15, x19       x10=fffff54f x15:00000017 x19:ffffff89
26789969ns          456784 1c009406 034a0633 mul              x12, x20, x20       x12=00005100 x20:ffffff70 x20:ffffff70
26789989ns          456785 1c00940a 03398733 mul              x14, x19, x19       x14=00003751 x19:ffffff89 x19:ffffff89
26790009ns          456786 1c00940e 034787b3 mul              x15, x15, x20       x15=fffff310 x15:00000017 x20:ffffff70
26790028ns          456787 1c009412 033585b3 mul              x11, x11, x19       x11=0000085e x11:ffffffee x19:ffffff89
26790048ns          456788 1c009416 40a75713 srai             x14, x14, 0x40a     x14=0000000d x14:00003751
26790068ns          456789 1c009418 40a5d593 srai             x11, x11, 0x40a     x11=00000002 x11:0000085e
26790088ns          456790 1c00941a 40a65613 srai             x12, x12, 0x40a     x12=00000014 x12:00005100
26790108ns          456791 1c00941c 40a7d793 srai             x15, x15, 0x40a     x15=fffffffc x15:fffff310
26790128ns          456792 1c00941e 1c0034b7 lui              x9, 0x1c003000       x9=1c003000
26790148ns          456793 1c009422 00e60633 add              x12, x12, x14       x12=00000021 x12:00000014 x14:0000000d
26790168ns          456794 1c009424 40b787b3 sub              x15, x15, x11       x15=fffffffa x15:fffffffc x11:00000002
26790188ns          456795 1c009426 eb048493 addi             x9, x9, -336         x9=1c002eb0  x9:1c003000
26790207ns          456796 1c00942a 1c0032b7 lui              x5, 0x1c003000       x5=1c003000
26790227ns          456797 1c00942e 1c0035b7 lui              x11, 0x1c003000     x11=1c003000
26790247ns          456798 1c009432 018483b3 add              x7, x9, x24          x7=1c002eb8  x9:1c002eb0 x24:00000008
26790267ns          456799 1c009436 02812e83 lw               x29, 40(x2)         x29=1c002ec8  x2:100024d8  PA:10002500
26790287ns          456800 1c009438 10065633 p.exthz          x12, x12, x0        x12=00000021 x12:00000021
26790307ns          456801 1c00943c e8028293 addi             x5, x5, -384         x5=1c002e80  x5:1c003000
26790327ns          456802 1c009440 ea058593 addi             x11, x11, -352      x11=1c002ea0 x11:1c003000
26790367ns          456804 1c009444 03812483 lw               x9, 56(x2)           x9=1c002ee8  x2:100024d8  PA:10002510
26790386ns          456805 1c009446 10064733 p.exths          x14, x12, x0        x14=00000021 x12:00000021
26790406ns          456806 1c00944a 018280b3 add              x1, x5, x24          x1=1c002e88  x5:1c002e80 x24:00000008
26790426ns          456807 1c00944e 03012f03 lw               x30, 48(x2)         x30=1c002ed8  x2:100024d8  PA:10002508
26790446ns          456808 1c009450 018582b3 add              x5, x11, x24         x5=1c002ea8 x11:1c002ea0 x24:00000008
26790466ns          456809 1c009454 04012583 lw               x11, 64(x2)         x11=1c002ef8  x2:100024d8  PA:10002518
26790486ns          456810 1c009456 000edd83 lhu              x27, 0(x29)         x27=000001ce x29:1c002ec8  PA:1c002ec8
26790784ns          456825 1c00945a 0004d483 lhu              x9, 0(x9)            x9=0000000d  x9:1c002ee8  PA:1c002ee8
26791122ns          456842 1c00945e 02e70333 mul              x6, x14, x14         x6=00000441 x14:00000021 x14:00000021
26791142ns          456843 1c009462 40a55513 srai             x10, x10, 0x40a     x10=fffffffd x10:fffff54f
26791162ns          456844 1c009464 04812e83 lw               x29, 72(x2)         x29=1c002f08  x2:100024d8  PA:10002520
26791182ns          456845 1c009466 40a6d693 srai             x13, x13, 0x40a     x13=00000002 x13:00000a20
26791202ns          456846 1c009468 000f5d03 lhu              x26, 0(x30)         x26=00000045 x30:1c002ed8  PA:1c002ed8
26791520ns          456862 1c00946c 0005d583 lhu              x11, 0(x11)         x11=00000002 x11:1c002ef8  PA:1c002ef8
26791838ns          456878 1c009470 40a35313 srai             x6, x6, 0x40a        x6=00000001  x6:00000441
26791858ns          456879 1c009474 00a686b3 add              x13, x13, x10       x13=ffffffff x13:00000002 x10:fffffffd
26791878ns          456880 1c009476 05012f03 lw               x30, 80(x2)         x30=1c002e78  x2:100024d8  PA:10002528
26791898ns          456881 1c009478 10034e33 p.exths          x28, x6, x0         x28=00000001  x6:00000001
26791918ns          456882 1c00947c 06911023 sh               x9, 96(x2)           x9:0000000d  x2:100024d8  PA:10002538
26791938ns          456883 1c009480 000ede83 lhu              x29, 0(x29)         x29=00000000 x29:1c002f08  PA:1c002f08
26792236ns          456898 1c009484 05812483 lw               x9, 88(x2)           x9=1c002e68  x2:100024d8  PA:10002530
26792256ns          456899 1c009486 1006d6b3 p.exthz          x13, x13, x0        x13=0000ffff x13:ffffffff
26792276ns          456900 1c00948a 02ee08b3 mul              x17, x28, x14       x17=00000021 x28:00000001 x14:00000021
26792296ns          456901 1c00948e 1006c833 p.exths          x16, x13, x0        x16=ffffffff x13:0000ffff
26792316ns          456902 1c009492 06b11823 sh               x11, 112(x2)        x11:00000002  x2:100024d8  PA:10002548
26792335ns          456903 1c009496 000f5f03 lhu              x30, 0(x30)         x30=0000ffee x30:1c002e78  PA:1c002e78
26792654ns          456919 1c00949a 0a012583 lw               x11, 160(x2)        x11=1c002e98  x2:100024d8  PA:10002578
26792674ns          456920 1c00949c 1007d7b3 p.exthz          x15, x15, x0        x15=0000fffa x15:fffffffa
26792693ns          456921 1c0094a0 0004da03 lhu              x20, 0(x9)          x20=0000ffa3  x9:1c002e68  PA:1c002e68
26793032ns          456938 1c0094a4 1007c533 p.exths          x10, x15, x0        x10=fffffffa x15:0000fffa
26793051ns          456939 1c0094a8 09d11023 sh               x29, 128(x2)        x29:00000000  x2:100024d8  PA:10002558
26793071ns          456940 1c0094ac 0003d483 lhu              x9, 0(x7)            x9=0000fffd  x7:1c002eb8  PA:1c002eb8
26793370ns          456955 1c0094b0 02e80eb3 mul              x29, x16, x14       x29=ffffffdf x16:ffffffff x14:00000021
26793390ns          456956 1c0094b4 40a8d893 srai             x17, x17, 0x40a     x17=00000000 x17:00000021
26793409ns          456957 1c0094b8 03c80833 mul              x16, x16, x28       x16=ffffffff x16:ffffffff x28:00000001
26793429ns          456958 1c0094bc 09e11823 sh               x30, 144(x2)        x30:0000ffee  x2:100024d8  PA:10002568
26793449ns          456959 1c0094c0 0005d983 lhu              x19, 0(x11)         x19=0000fffa x11:1c002e98  PA:1c002e98
26793748ns          456974 1c0094c4 81c88f5b p.muls           x30, x17, x28       x30=00000000 x17:00000000 x28:00000001
26793767ns          456975 1c0094c8 0002d583 lhu              x11, 0(x5)          x11=0000fff9  x5:1c002ea8  PA:1c002ea8
26794066ns          456990 1c0094cc 03ce0fb3 mul              x31, x28, x28       x31=00000001 x28:00000001 x28:00000001
26794086ns          456991 1c0094d0 02e50733 mul              x14, x10, x14       x14=ffffff3a x10:fffffffa x14:00000021
26794106ns          456992 1c0094d4 40a85813 srai             x16, x16, 0x40a     x16=ffffffff x16:ffffffff
26794125ns          456993 1c0094d8 03c50533 mul              x10, x10, x28       x10=fffffffa x10:fffffffa x28:00000001
26794145ns          456994 1c0094dc 07015e03 lhu              x28, 112(x2)        x28=00000002  x2:100024d8  PA:10002548
26794185ns          456996 1c0094e0 01b60633 add              x12, x12, x27       x12=000001ef x12:00000021 x27:000001ce
26794205ns          456997 1c0094e2 00980833 add              x16, x16, x9        x16=0000fffc x16:ffffffff  x9:0000fffd
26794225ns          456998 1c0094e4 06015d83 lhu              x27, 96(x2)         x27=0000000d  x2:100024d8  PA:10002538
26794245ns          456999 1c0094e8 02812483 lw               x9, 40(x2)           x9=1c002ec8  x2:100024d8  PA:10002500
26794265ns          457000 1c0094ea 40afdf93 srai             x31, x31, 0x40a     x31=00000000 x31:00000001
26794285ns          457001 1c0094ee 40a55513 srai             x10, x10, 0x40a     x10=ffffffff x10:fffffffa
26794304ns          457002 1c0094f0 01cf8fb3 add              x31, x31, x28       x31=00000002 x31:00000000 x28:00000002
26794324ns          457003 1c0094f2 00b50533 add              x10, x10, x11       x10=0000fff8 x10:ffffffff x11:0000fff9
26794344ns          457004 1c0094f4 09015e03 lhu              x28, 144(x2)        x28=0000ffee  x2:100024d8  PA:10002568
26794364ns          457005 1c0094f8 03012583 lw               x11, 48(x2)         x11=1c002ed8  x2:100024d8  PA:10002508
26794384ns          457006 1c0094fa 00c49023 sh               x12, 0(x9)          x12:000001ef  x9:1c002ec8  PA:1c002ec8
26794722ns          457023 1c0094fe 01b888b3 add              x17, x17, x27       x17=0000000d x17:00000000 x27:0000000d
26794742ns          457024 1c009500 01a30333 add              x6, x6, x26          x6=00000046  x6:00000001 x26:00000045
26794762ns          457025 1c009502 08015d83 lhu              x27, 128(x2)        x27=00000000  x2:100024d8  PA:10002558
26794782ns          457026 1c009506 0000d903 lhu              x18, 0(x1)          x18=0000ffec  x1:1c002e88  PA:1c002e88
26795080ns          457041 1c00950a 01c686b3 add              x13, x13, x28       x13=0001ffed x13:0000ffff x28:0000ffee
26795100ns          457042 1c00950c 00659023 sh               x6, 0(x11)           x6:00000046 x11:1c002ed8  PA:1c002ed8
26795418ns          457058 1c009510 40af5f13 srai             x30, x30, 0x40a     x30=00000000 x30:00000000
26795438ns          457059 1c009514 04812e03 lw               x28, 72(x2)         x28=1c002f08  x2:100024d8  PA:10002520
26795458ns          457060 1c009516 01bf0f33 add              x30, x30, x27       x30=00000000 x30:00000000 x27:00000000
26795478ns          457061 1c009518 40aede93 srai             x29, x29, 0x40a     x29=ffffffff x29:ffffffdf
26795498ns          457062 1c00951c 40a75713 srai             x14, x14, 0x40a     x14=ffffffff x14:ffffff3a
26795518ns          457063 1c00951e 03812603 lw               x12, 56(x2)         x12=1c002ee8  x2:100024d8  PA:10002510
26795537ns          457064 1c009520 04012d83 lw               x27, 64(x2)         x27=1c002ef8  x2:100024d8  PA:10002518
26795557ns          457065 1c009522 01ee1023 sh               x30, 0(x28)         x30:00000000 x28:1c002f08  PA:1c002f08
26795955ns          457085 1c009526 05812483 lw               x9, 88(x2)           x9=1c002e68  x2:100024d8  PA:10002530
26795975ns          457086 1c009528 05012f03 lw               x30, 80(x2)         x30=1c002e78  x2:100024d8  PA:10002528
26795995ns          457087 1c00952a 0a012583 lw               x11, 160(x2)        x11=1c002e98  x2:100024d8  PA:10002578
26796015ns          457088 1c00952c 014787b3 add              x15, x15, x20       x15=0001ff9d x15:0000fffa x20:0000ffa3
26796035ns          457089 1c00952e 013e8eb3 add              x29, x29, x19       x29=0000fff9 x29:ffffffff x19:0000fffa
26796055ns          457090 1c009530 01270733 add              x14, x14, x18       x14=0000ffeb x14:ffffffff x18:0000ffec
26796074ns          457091 1c009532 00f49023 sh               x15, 0(x9)          x15:0001ff9d  x9:1c002e68  PA:1c002e68
26796393ns          457107 1c009536 01161023 sh               x17, 0(x12)         x17:0000000d x12:1c002ee8  PA:1c002ee8
26796771ns          457126 1c00953a 01fd9023 sh               x31, 0(x27)         x31:00000002 x27:1c002ef8  PA:1c002ef8
26797109ns          457143 1c00953e 00df1023 sh               x13, 0(x30)         x13:0001ffed x30:1c002e78  PA:1c002e78
26797427ns          457159 1c009542 01d59023 sh               x29, 0(x11)         x29:0000fff9 x11:1c002e98  PA:1c002e98
26797745ns          457175 1c009546 00e09023 sh               x14, 0(x1)          x14:0000ffeb  x1:1c002e88  PA:1c002e88
26798083ns          457192 1c00954a 01039023 sh               x16, 0(x7)          x16:0000fffc  x7:1c002eb8  PA:1c002eb8
26798441ns          457210 1c00954e 00a29023 sh               x10, 0(x5)          x10:0000fff8  x5:1c002ea8  PA:1c002ea8
26798759ns          457226 1c009552 008b0b13 addi             x22, x22, 8         x22=00000034 x22:0000002c
26798779ns          457227 1c009554 1f300793 addi             x15, x0, 499        x15=000001f3
26798799ns          457228 1c009558 e767dae3 bge              x15, x22, -396      x15:000001f3 x22:00000034
26798859ns          457231 1c0093cc 010c9a0b p.lh             x20, 16(x25!)       x20=fffffffc x25=1c002700 x25:1c0026f0  PA:1c0026f0
26799177ns          457247 1c0093d0 0104198b p.lh             x19, 16(x8!)        x19=ffffffa2  x8=1c001ec8  x8:1c001eb8  PA:1c001eb8
26799515ns          457264 1c0093d4 2cc10513 addi             x10, x2, 716        x10=100027a4  x2:100024d8
26799535ns          457265 1c0093d6 010a990b p.lh             x18, 16(x21!)       x18=fffffff3 x21=1c0016f4 x21:1c0016e4  PA:1c0016e4
26799853ns          457281 1c0093da 010b948b p.lh             x9, 16(x23!)         x9=ffffff9d x23=1c000f24 x23:1c000f14  PA:1c000f14
26800151ns          457296 1c0093de 2d411623 sh               x20, 716(x2)        x20:fffffffc  x2:100024d8  PA:100027a4
26800171ns          457297 1c0093e2 2d311723 sh               x19, 718(x2)        x19:ffffffa2  x2:100024d8  PA:100027a6
26800191ns          457298 1c0093e6 c33ff0ef jal              x1, -974             x1=1c0093e8
26800271ns          457302 1c009018 00051803 lh               x16, 0(x10)         x16=fffffffc x10:100027a4  PA:100027a4
26800311ns          457304 1c00901c 00251883 lh               x17, 2(x10)         x17=ffffffa2 x10:100027a4  PA:100027a6
26800370ns          457307 1c009020 030806b3 mul              x13, x16, x16       x13=00000010 x16:fffffffc x16:fffffffc
26800410ns          457309 1c009024 03188633 mul              x12, x17, x17       x12=00002284 x17:ffffffa2 x17:ffffffa2
26800430ns          457310 1c009028 40a65613 srai             x12, x12, 0x40a     x12=00000008 x12:00002284
26800450ns          457311 1c00902a 40a6d693 srai             x13, x13, 0x40a     x13=00000000 x13:00000010
26800470ns          457312 1c00902c 00c686b3 add              x13, x13, x12       x13=00000008 x13:00000000 x12:00000008
26800490ns          457313 1c00902e 1006c633 p.exths          x12, x13, x0        x12=00000008 x13:00000008
26800509ns          457314 1c009032 00855703 lhu              x14, 8(x10)         x14=0000ffd1 x10:100027a4  PA:100027ac
26800529ns          457315 1c009036 00a55683 lhu              x13, 10(x10)        x13=0000ff6a x10:100027a4  PA:100027ae
26800549ns          457316 1c00903a 02c60333 mul              x6, x12, x12         x6=00000040 x12:00000008 x12:00000008
26800589ns          457318 1c00903e 00c55783 lhu              x15, 12(x10)        x15=0000ffe5 x10:100027a4  PA:100027b0
26800629ns          457320 1c009042 00e55583 lhu              x11, 14(x10)        x11=00000060 x10:100027a4  PA:100027b2
26800649ns          457321 1c009046 dea30333 p.extract        x6, x6, 15, 10       x6=00000000  x6:00000040
26800669ns          457322 1c00904a 80c7075b p.muls           x14, x14, x12       x14=fffffe88 x14:0000ffd1 x12:00000008
26800728ns          457325 1c00904e 80c686db p.muls           x13, x13, x12       x13=fffffb50 x13:0000ff6a x12:00000008
26800768ns          457327 1c009052 00455e83 lhu              x29, 4(x10)         x29=00000427 x10:100027a4  PA:100027a8
26800788ns          457328 1c009056 00655e03 lhu              x28, 6(x10)         x28=0000007f x10:100027a4  PA:100027aa
26800808ns          457329 1c00905a 40a75713 srai             x14, x14, 0x40a     x14=ffffffff x14:fffffe88
26800828ns          457330 1c00905c 806787db p.muls           x15, x15, x6        x15=00000000 x15:0000ffe5  x6:00000000
26800848ns          457331 1c009060 40a6d693 srai             x13, x13, 0x40a     x13=fffffffe x13:fffffb50
26800867ns          457332 1c009062 8065865b p.muls           x12, x11, x6        x12=00000000 x11:00000060  x6:00000000
26800887ns          457333 1c009066 40a7d793 srai             x15, x15, 0x40a     x15=00000000 x15:00000000
26800907ns          457334 1c009068 40a65613 srai             x12, x12, 0x40a     x12=00000000 x12:00000000
26800927ns          457335 1c00906a 01d70733 add              x14, x14, x29       x14=00000426 x14:ffffffff x29:00000427
26800947ns          457336 1c00906c 01c686b3 add              x13, x13, x28       x13=0000007d x13:fffffffe x28:0000007f
26800967ns          457337 1c00906e 00c686b3 add              x13, x13, x12       x13=0000007d x13:0000007d x12:00000000
26800987ns          457338 1c009070 00f70733 add              x14, x14, x15       x14=00000426 x14:00000426 x15:00000000
26801007ns          457339 1c009072 100747b3 p.exths          x15, x14, x0        x15=00000426 x14:00000426
26801027ns          457340 1c009076 1006c733 p.exths          x14, x13, x0        x14=0000007d x13:0000007d
26801046ns          457341 1c00907a 03170633 mul              x12, x14, x17       x12=ffffd21a x14:0000007d x17:ffffffa2
26801066ns          457342 1c00907e 030786b3 mul              x13, x15, x16       x13=ffffef68 x15:00000426 x16:fffffffc
26801086ns          457343 1c009082 03070733 mul              x14, x14, x16       x14=fffffe0c x14:0000007d x16:fffffffc
26801106ns          457344 1c009086 031787b3 mul              x15, x15, x17       x15=fffe7a0c x15:00000426 x17:ffffffa2
26801126ns          457345 1c00908a 40a6d693 srai             x13, x13, 0x40a     x13=fffffffb x13:ffffef68
26801146ns          457346 1c00908c 40a65613 srai             x12, x12, 0x40a     x12=fffffff4 x12:ffffd21a
26801166ns          457347 1c00908e 40a7d793 srai             x15, x15, 0x40a     x15=ffffff9e x15:fffe7a0c
26801186ns          457348 1c009090 40a75713 srai             x14, x14, 0x40a     x14=ffffffff x14:fffffe0c
26801206ns          457349 1c009092 40c686b3 sub              x13, x13, x12       x13=00000007 x13:fffffffb x12:fffffff4
26801225ns          457350 1c009094 00e787b3 add              x15, x15, x14       x15=ffffff9d x15:ffffff9e x14:ffffffff
26801245ns          457351 1c009096 00d51823 sh               x13, 16(x10)        x13:00000007 x10:100027a4  PA:100027b4
26801285ns          457353 1c00909a 00f51923 sh               x15, 18(x10)        x15:ffffff9d x10:100027a4  PA:100027b6
26801305ns          457354 1c00909e 00008067 jalr             x0, x1, 0            x1:1c0093e8
26801345ns          457356 1c0093e8 2dc15583 lhu              x11, 732(x2)        x11=00000007  x2:100024d8  PA:100027b4
26801385ns          457358 1c0093ec 2de15783 lhu              x15, 734(x2)        x15=0000ff9d  x2:100024d8  PA:100027b6
26801424ns          457360 1c0093f0 40b90933 sub              x18, x18, x11       x18=ffffffec x18:fffffff3 x11:00000007
26801444ns          457361 1c0093f4 40f484b3 sub              x9, x9, x15          x9=ffff0000  x9:ffffff9d x15:0000ff9d
26801464ns          457362 1c0093f6 100945b3 p.exths          x11, x18, x0        x11=ffffffec x18:ffffffec
26801484ns          457363 1c0093fa 1004c7b3 p.exths          x15, x9, x0         x15=00000000  x9:ffff0000
26801504ns          457364 1c0093fe 034586b3 mul              x13, x11, x20       x13=00000050 x11:ffffffec x20:fffffffc
26801524ns          457365 1c009402 03378533 mul              x10, x15, x19       x10=00000000 x15:00000000 x19:ffffffa2
26801544ns          457366 1c009406 034a0633 mul              x12, x20, x20       x12=00000010 x20:fffffffc x20:fffffffc
26801564ns          457367 1c00940a 03398733 mul              x14, x19, x19       x14=00002284 x19:ffffffa2 x19:ffffffa2
26801623ns          457370 1c00940e 034787b3 mul              x15, x15, x20       x15=00000000 x15:00000000 x20:fffffffc
26801663ns          457372 1c009412 033585b3 mul              x11, x11, x19       x11=00000758 x11:ffffffec x19:ffffffa2
26801683ns          457373 1c009416 40a75713 srai             x14, x14, 0x40a     x14=00000008 x14:00002284
26801703ns          457374 1c009418 40a5d593 srai             x11, x11, 0x40a     x11=00000001 x11:00000758
26801723ns          457375 1c00941a 40a65613 srai             x12, x12, 0x40a     x12=00000000 x12:00000010
26801743ns          457376 1c00941c 40a7d793 srai             x15, x15, 0x40a     x15=00000000 x15:00000000
26801762ns          457377 1c00941e 1c0034b7 lui              x9, 0x1c003000       x9=1c003000
26801782ns          457378 1c009422 00e60633 add              x12, x12, x14       x12=00000008 x12:00000000 x14:00000008
26801802ns          457379 1c009424 40b787b3 sub              x15, x15, x11       x15=ffffffff x15:00000000 x11:00000001
26801822ns          457380 1c009426 eb048493 addi             x9, x9, -336         x9=1c002eb0  x9:1c003000
26801842ns          457381 1c00942a 1c0032b7 lui              x5, 0x1c003000       x5=1c003000
26801862ns          457382 1c00942e 1c0035b7 lui              x11, 0x1c003000     x11=1c003000
26801882ns          457383 1c009432 018483b3 add              x7, x9, x24          x7=1c002eb8  x9:1c002eb0 x24:00000008
26801902ns          457384 1c009436 02812e83 lw               x29, 40(x2)         x29=1c002ec8  x2:100024d8  PA:10002500
26801922ns          457385 1c009438 10065633 p.exthz          x12, x12, x0        x12=00000008 x12:00000008
26801941ns          457386 1c00943c e8028293 addi             x5, x5, -384         x5=1c002e80  x5:1c003000
26801981ns          457388 1c009440 ea058593 addi             x11, x11, -352      x11=1c002ea0 x11:1c003000
26802021ns          457390 1c009444 03812483 lw               x9, 56(x2)           x9=1c002ee8  x2:100024d8  PA:10002510
26802041ns          457391 1c009446 10064733 p.exths          x14, x12, x0        x14=00000008 x12:00000008
26802061ns          457392 1c00944a 018280b3 add              x1, x5, x24          x1=1c002e88  x5:1c002e80 x24:00000008
26802081ns          457393 1c00944e 03012f03 lw               x30, 48(x2)         x30=1c002ed8  x2:100024d8  PA:10002508
26802100ns          457394 1c009450 018582b3 add              x5, x11, x24         x5=1c002ea8 x11:1c002ea0 x24:00000008
26802120ns          457395 1c009454 04012583 lw               x11, 64(x2)         x11=1c002ef8  x2:100024d8  PA:10002518
26802140ns          457396 1c009456 000edd83 lhu              x27, 0(x29)         x27=000001ef x29:1c002ec8  PA:1c002ec8
26802518ns          457415 1c00945a 0004d483 lhu              x9, 0(x9)            x9=0000000d  x9:1c002ee8  PA:1c002ee8
26802916ns          457435 1c00945e 02e70333 mul              x6, x14, x14         x6=00000040 x14:00000008 x14:00000008
26802936ns          457436 1c009462 40a55513 srai             x10, x10, 0x40a     x10=00000000 x10:00000000
26802956ns          457437 1c009464 04812e83 lw               x29, 72(x2)         x29=1c002f08  x2:100024d8  PA:10002520
26802976ns          457438 1c009466 40a6d693 srai             x13, x13, 0x40a     x13=00000000 x13:00000050
26802995ns          457439 1c009468 000f5d03 lhu              x26, 0(x30)         x26=00000046 x30:1c002ed8  PA:1c002ed8
26803294ns          457454 1c00946c 0005d583 lhu              x11, 0(x11)         x11=00000002 x11:1c002ef8  PA:1c002ef8
26803632ns          457471 1c009470 40a35313 srai             x6, x6, 0x40a        x6=00000000  x6:00000040
26803652ns          457472 1c009474 00a686b3 add              x13, x13, x10       x13=00000000 x13:00000000 x10:00000000
26803672ns          457473 1c009476 05012f03 lw               x30, 80(x2)         x30=1c002e78  x2:100024d8  PA:10002528
26803692ns          457474 1c009478 10034e33 p.exths          x28, x6, x0         x28=00000000  x6:00000000
26803711ns          457475 1c00947c 06911023 sh               x9, 96(x2)           x9:0000000d  x2:100024d8  PA:10002538
26803731ns          457476 1c009480 000ede83 lhu              x29, 0(x29)         x29=00000000 x29:1c002f08  PA:1c002f08
26804030ns          457491 1c009484 05812483 lw               x9, 88(x2)           x9=1c002e68  x2:100024d8  PA:10002530
26804050ns          457492 1c009486 1006d6b3 p.exthz          x13, x13, x0        x13=00000000 x13:00000000
26804069ns          457493 1c00948a 02ee08b3 mul              x17, x28, x14       x17=00000000 x28:00000000 x14:00000008
26804089ns          457494 1c00948e 1006c833 p.exths          x16, x13, x0        x16=00000000 x13:00000000
26804109ns          457495 1c009492 06b11823 sh               x11, 112(x2)        x11:00000002  x2:100024d8  PA:10002548
26804129ns          457496 1c009496 000f5f03 lhu              x30, 0(x30)         x30=0000ffed x30:1c002e78  PA:1c002e78
26804427ns          457511 1c00949a 0a012583 lw               x11, 160(x2)        x11=1c002e98  x2:100024d8  PA:10002578
26804447ns          457512 1c00949c 1007d7b3 p.exthz          x15, x15, x0        x15=0000ffff x15:ffffffff
26804467ns          457513 1c0094a0 0004da03 lhu              x20, 0(x9)          x20=0000ff9d  x9:1c002e68  PA:1c002e68
26804765ns          457528 1c0094a4 1007c533 p.exths          x10, x15, x0        x10=ffffffff x15:0000ffff
26804785ns          457529 1c0094a8 09d11023 sh               x29, 128(x2)        x29:00000000  x2:100024d8  PA:10002558
26804805ns          457530 1c0094ac 0003d483 lhu              x9, 0(x7)            x9=0000fffc  x7:1c002eb8  PA:1c002eb8
26805123ns          457546 1c0094b0 02e80eb3 mul              x29, x16, x14       x29=00000000 x16:00000000 x14:00000008
26805143ns          457547 1c0094b4 40a8d893 srai             x17, x17, 0x40a     x17=00000000 x17:00000000
26805163ns          457548 1c0094b8 03c80833 mul              x16, x16, x28       x16=00000000 x16:00000000 x28:00000000
26805183ns          457549 1c0094bc 09e11823 sh               x30, 144(x2)        x30:0000ffed  x2:100024d8  PA:10002568
26805203ns          457550 1c0094c0 0005d983 lhu              x19, 0(x11)         x19=0000fff9 x11:1c002e98  PA:1c002e98
26805501ns          457565 1c0094c4 81c88f5b p.muls           x30, x17, x28       x30=00000000 x17:00000000 x28:00000000
26805521ns          457566 1c0094c8 0002d583 lhu              x11, 0(x5)          x11=0000fff8  x5:1c002ea8  PA:1c002ea8
26805820ns          457581 1c0094cc 03ce0fb3 mul              x31, x28, x28       x31=00000000 x28:00000000 x28:00000000
26805839ns          457582 1c0094d0 02e50733 mul              x14, x10, x14       x14=fffffff8 x10:ffffffff x14:00000008
26805859ns          457583 1c0094d4 40a85813 srai             x16, x16, 0x40a     x16=00000000 x16:00000000
26805879ns          457584 1c0094d8 03c50533 mul              x10, x10, x28       x10=00000000 x10:ffffffff x28:00000000
26805899ns          457585 1c0094dc 07015e03 lhu              x28, 112(x2)        x28=00000002  x2:100024d8  PA:10002548
26805919ns          457586 1c0094e0 01b60633 add              x12, x12, x27       x12=000001f7 x12:00000008 x27:000001ef
26805939ns          457587 1c0094e2 00980833 add              x16, x16, x9        x16=0000fffc x16:00000000  x9:0000fffc
26805959ns          457588 1c0094e4 06015d83 lhu              x27, 96(x2)         x27=0000000d  x2:100024d8  PA:10002538
26805979ns          457589 1c0094e8 02812483 lw               x9, 40(x2)           x9=1c002ec8  x2:100024d8  PA:10002500
26805999ns          457590 1c0094ea 40afdf93 srai             x31, x31, 0x40a     x31=00000000 x31:00000000
26806018ns          457591 1c0094ee 40a55513 srai             x10, x10, 0x40a     x10=00000000 x10:00000000
26806038ns          457592 1c0094f0 01cf8fb3 add              x31, x31, x28       x31=00000002 x31:00000000 x28:00000002
26806058ns          457593 1c0094f2 00b50533 add              x10, x10, x11       x10=0000fff8 x10:00000000 x11:0000fff8
26806078ns          457594 1c0094f4 09015e03 lhu              x28, 144(x2)        x28=0000ffed  x2:100024d8  PA:10002568
26806098ns          457595 1c0094f8 03012583 lw               x11, 48(x2)         x11=1c002ed8  x2:100024d8  PA:10002508
26806118ns          457596 1c0094fa 00c49023 sh               x12, 0(x9)          x12:000001f7  x9:1c002ec8  PA:1c002ec8
26806456ns          457613 1c0094fe 01b888b3 add              x17, x17, x27       x17=0000000d x17:00000000 x27:0000000d
26806476ns          457614 1c009500 01a30333 add              x6, x6, x26          x6=00000046  x6:00000000 x26:00000046
26806496ns          457615 1c009502 08015d83 lhu              x27, 128(x2)        x27=00000000  x2:100024d8  PA:10002558
26806516ns          457616 1c009506 0000d903 lhu              x18, 0(x1)          x18=0000ffeb  x1:1c002e88  PA:1c002e88
26806814ns          457631 1c00950a 01c686b3 add              x13, x13, x28       x13=0000ffed x13:00000000 x28:0000ffed
26806834ns          457632 1c00950c 00659023 sh               x6, 0(x11)           x6:00000046 x11:1c002ed8  PA:1c002ed8
26807152ns          457648 1c009510 40af5f13 srai             x30, x30, 0x40a     x30=00000000 x30:00000000
26807172ns          457649 1c009514 04812e03 lw               x28, 72(x2)         x28=1c002f08  x2:100024d8  PA:10002520
26807192ns          457650 1c009516 01bf0f33 add              x30, x30, x27       x30=00000000 x30:00000000 x27:00000000
26807212ns          457651 1c009518 40aede93 srai             x29, x29, 0x40a     x29=00000000 x29:00000000
26807232ns          457652 1c00951c 40a75713 srai             x14, x14, 0x40a     x14=ffffffff x14:fffffff8
26807251ns          457653 1c00951e 03812603 lw               x12, 56(x2)         x12=1c002ee8  x2:100024d8  PA:10002510
26807271ns          457654 1c009520 04012d83 lw               x27, 64(x2)         x27=1c002ef8  x2:100024d8  PA:10002518
26807291ns          457655 1c009522 01ee1023 sh               x30, 0(x28)         x30:00000000 x28:1c002f08  PA:1c002f08
26807609ns          457671 1c009526 05812483 lw               x9, 88(x2)           x9=1c002e68  x2:100024d8  PA:10002530
26807629ns          457672 1c009528 05012f03 lw               x30, 80(x2)         x30=1c002e78  x2:100024d8  PA:10002528
26807649ns          457673 1c00952a 0a012583 lw               x11, 160(x2)        x11=1c002e98  x2:100024d8  PA:10002578
26807669ns          457674 1c00952c 014787b3 add              x15, x15, x20       x15=0001ff9c x15:0000ffff x20:0000ff9d
26807689ns          457675 1c00952e 013e8eb3 add              x29, x29, x19       x29=0000fff9 x29:00000000 x19:0000fff9
26807709ns          457676 1c009530 01270733 add              x14, x14, x18       x14=0000ffea x14:ffffffff x18:0000ffeb
26807729ns          457677 1c009532 00f49023 sh               x15, 0(x9)          x15:0001ff9c  x9:1c002e68  PA:1c002e68
26808067ns          457694 1c009536 01161023 sh               x17, 0(x12)         x17:0000000d x12:1c002ee8  PA:1c002ee8
26808385ns          457710 1c00953a 01fd9023 sh               x31, 0(x27)         x31:00000002 x27:1c002ef8  PA:1c002ef8
26808703ns          457726 1c00953e 00df1023 sh               x13, 0(x30)         x13:0000ffed x30:1c002e78  PA:1c002e78
26809041ns          457743 1c009542 01d59023 sh               x29, 0(x11)         x29:0000fff9 x11:1c002e98  PA:1c002e98
26809360ns          457759 1c009546 00e09023 sh               x14, 0(x1)          x14:0000ffea  x1:1c002e88  PA:1c002e88
26809718ns          457777 1c00954a 01039023 sh               x16, 0(x7)          x16:0000fffc  x7:1c002eb8  PA:1c002eb8
26810036ns          457793 1c00954e 00a29023 sh               x10, 0(x5)          x10:0000fff8  x5:1c002ea8  PA:1c002ea8
26810394ns          457811 1c009552 008b0b13 addi             x22, x22, 8         x22=0000003c x22:00000034
26810414ns          457812 1c009554 1f300793 addi             x15, x0, 499        x15=000001f3
26810434ns          457813 1c009558 e767dae3 bge              x15, x22, -396      x15:000001f3 x22:0000003c
26810533ns          457818 1c0093cc 010c9a0b p.lh             x20, 16(x25!)       x20=00000061 x25=1c002710 x25:1c002700  PA:1c002700
26810871ns          457835 1c0093d0 0104198b p.lh             x19, 16(x8!)        x19=ffffffe1  x8=1c001ed8  x8:1c001ec8  PA:1c001ec8
26811189ns          457851 1c0093d4 2cc10513 addi             x10, x2, 716        x10=100027a4  x2:100024d8
26811209ns          457852 1c0093d6 010a990b p.lh             x18, 16(x21!)       x18=0000005b x21=1c001704 x21:1c0016f4  PA:1c0016f4
26811547ns          457869 1c0093da 010b948b p.lh             x9, 16(x23!)         x9=ffffffd8 x23=1c000f34 x23:1c000f24  PA:1c000f24
26811866ns          457885 1c0093de 2d411623 sh               x20, 716(x2)        x20:00000061  x2:100024d8  PA:100027a4
26811885ns          457886 1c0093e2 2d311723 sh               x19, 718(x2)        x19:ffffffe1  x2:100024d8  PA:100027a6
26811905ns          457887 1c0093e6 c33ff0ef jal              x1, -974             x1=1c0093e8
26811985ns          457891 1c009018 00051803 lh               x16, 0(x10)         x16=00000061 x10:100027a4  PA:100027a4
26812025ns          457893 1c00901c 00251883 lh               x17, 2(x10)         x17=ffffffe1 x10:100027a4  PA:100027a6
26812084ns          457896 1c009020 030806b3 mul              x13, x16, x16       x13=000024c1 x16:00000061 x16:00000061
26812124ns          457898 1c009024 03188633 mul              x12, x17, x17       x12=000003c1 x17:ffffffe1 x17:ffffffe1
26812144ns          457899 1c009028 40a65613 srai             x12, x12, 0x40a     x12=00000000 x12:000003c1
26812164ns          457900 1c00902a 40a6d693 srai             x13, x13, 0x40a     x13=00000009 x13:000024c1
26812184ns          457901 1c00902c 00c686b3 add              x13, x13, x12       x13=00000009 x13:00000009 x12:00000000
26812204ns          457902 1c00902e 1006c633 p.exths          x12, x13, x0        x12=00000009 x13:00000009
26812223ns          457903 1c009032 00855703 lhu              x14, 8(x10)         x14=0000ffd1 x10:100027a4  PA:100027ac
26812243ns          457904 1c009036 00a55683 lhu              x13, 10(x10)        x13=0000ff6a x10:100027a4  PA:100027ae
26812263ns          457905 1c00903a 02c60333 mul              x6, x12, x12         x6=00000051 x12:00000009 x12:00000009
26812283ns          457906 1c00903e 00c55783 lhu              x15, 12(x10)        x15=0000ffe5 x10:100027a4  PA:100027b0
26812303ns          457907 1c009042 00e55583 lhu              x11, 14(x10)        x11=00000060 x10:100027a4  PA:100027b2
26812323ns          457908 1c009046 dea30333 p.extract        x6, x6, 15, 10       x6=00000000  x6:00000051
26812343ns          457909 1c00904a 80c7075b p.muls           x14, x14, x12       x14=fffffe59 x14:0000ffd1 x12:00000009
26812363ns          457910 1c00904e 80c686db p.muls           x13, x13, x12       x13=fffffaba x13:0000ff6a x12:00000009
26812383ns          457911 1c009052 00455e83 lhu              x29, 4(x10)         x29=00000427 x10:100027a4  PA:100027a8
26812402ns          457912 1c009056 00655e03 lhu              x28, 6(x10)         x28=0000007f x10:100027a4  PA:100027aa
26812422ns          457913 1c00905a 40a75713 srai             x14, x14, 0x40a     x14=ffffffff x14:fffffe59
26812442ns          457914 1c00905c 806787db p.muls           x15, x15, x6        x15=00000000 x15:0000ffe5  x6:00000000
26812482ns          457916 1c009060 40a6d693 srai             x13, x13, 0x40a     x13=fffffffe x13:fffffaba
26812522ns          457918 1c009062 8065865b p.muls           x12, x11, x6        x12=00000000 x11:00000060  x6:00000000
26812542ns          457919 1c009066 40a7d793 srai             x15, x15, 0x40a     x15=00000000 x15:00000000
26812562ns          457920 1c009068 40a65613 srai             x12, x12, 0x40a     x12=00000000 x12:00000000
26812581ns          457921 1c00906a 01d70733 add              x14, x14, x29       x14=00000426 x14:ffffffff x29:00000427
26812601ns          457922 1c00906c 01c686b3 add              x13, x13, x28       x13=0000007d x13:fffffffe x28:0000007f
26812621ns          457923 1c00906e 00c686b3 add              x13, x13, x12       x13=0000007d x13:0000007d x12:00000000
26812641ns          457924 1c009070 00f70733 add              x14, x14, x15       x14=00000426 x14:00000426 x15:00000000
26812661ns          457925 1c009072 100747b3 p.exths          x15, x14, x0        x15=00000426 x14:00000426
26812681ns          457926 1c009076 1006c733 p.exths          x14, x13, x0        x14=0000007d x13:0000007d
26812701ns          457927 1c00907a 03170633 mul              x12, x14, x17       x12=fffff0dd x14:0000007d x17:ffffffe1
26812721ns          457928 1c00907e 030786b3 mul              x13, x15, x16       x13=00019266 x15:00000426 x16:00000061
26812741ns          457929 1c009082 03070733 mul              x14, x14, x16       x14=00002f5d x14:0000007d x16:00000061
26812760ns          457930 1c009086 031787b3 mul              x15, x15, x17       x15=ffff7f66 x15:00000426 x17:ffffffe1
26812780ns          457931 1c00908a 40a6d693 srai             x13, x13, 0x40a     x13=00000064 x13:00019266
26812800ns          457932 1c00908c 40a65613 srai             x12, x12, 0x40a     x12=fffffffc x12:fffff0dd
26812820ns          457933 1c00908e 40a7d793 srai             x15, x15, 0x40a     x15=ffffffdf x15:ffff7f66
26812840ns          457934 1c009090 40a75713 srai             x14, x14, 0x40a     x14=0000000b x14:00002f5d
26812860ns          457935 1c009092 40c686b3 sub              x13, x13, x12       x13=00000068 x13:00000064 x12:fffffffc
26812880ns          457936 1c009094 00e787b3 add              x15, x15, x14       x15=ffffffea x15:ffffffdf x14:0000000b
26812900ns          457937 1c009096 00d51823 sh               x13, 16(x10)        x13:00000068 x10:100027a4  PA:100027b4
26812920ns          457938 1c00909a 00f51923 sh               x15, 18(x10)        x15:ffffffea x10:100027a4  PA:100027b6
26812959ns          457940 1c00909e 00008067 jalr             x0, x1, 0            x1:1c0093e8
26813019ns          457943 1c0093e8 2dc15583 lhu              x11, 732(x2)        x11=00000068  x2:100024d8  PA:100027b4
26813059ns          457945 1c0093ec 2de15783 lhu              x15, 734(x2)        x15=0000ffea  x2:100024d8  PA:100027b6
26813079ns          457946 1c0093f0 40b90933 sub              x18, x18, x11       x18=fffffff3 x18:0000005b x11:00000068
26813099ns          457947 1c0093f4 40f484b3 sub              x9, x9, x15          x9=fffeffee  x9:ffffffd8 x15:0000ffea
26813118ns          457948 1c0093f6 100945b3 p.exths          x11, x18, x0        x11=fffffff3 x18:fffffff3
26813138ns          457949 1c0093fa 1004c7b3 p.exths          x15, x9, x0         x15=ffffffee  x9:fffeffee
26813158ns          457950 1c0093fe 034586b3 mul              x13, x11, x20       x13=fffffb13 x11:fffffff3 x20:00000061
26813178ns          457951 1c009402 03378533 mul              x10, x15, x19       x10=0000022e x15:ffffffee x19:ffffffe1
26813198ns          457952 1c009406 034a0633 mul              x12, x20, x20       x12=000024c1 x20:00000061 x20:00000061
26813218ns          457953 1c00940a 03398733 mul              x14, x19, x19       x14=000003c1 x19:ffffffe1 x19:ffffffe1
26813238ns          457954 1c00940e 034787b3 mul              x15, x15, x20       x15=fffff92e x15:ffffffee x20:00000061
26813258ns          457955 1c009412 033585b3 mul              x11, x11, x19       x11=00000193 x11:fffffff3 x19:ffffffe1
26813278ns          457956 1c009416 40a75713 srai             x14, x14, 0x40a     x14=00000000 x14:000003c1
26813297ns          457957 1c009418 40a5d593 srai             x11, x11, 0x40a     x11=00000000 x11:00000193
26813317ns          457958 1c00941a 40a65613 srai             x12, x12, 0x40a     x12=00000009 x12:000024c1
26813337ns          457959 1c00941c 40a7d793 srai             x15, x15, 0x40a     x15=fffffffe x15:fffff92e
26813357ns          457960 1c00941e 1c0034b7 lui              x9, 0x1c003000       x9=1c003000
26813377ns          457961 1c009422 00e60633 add              x12, x12, x14       x12=00000009 x12:00000009 x14:00000000
26813397ns          457962 1c009424 40b787b3 sub              x15, x15, x11       x15=fffffffe x15:fffffffe x11:00000000
26813417ns          457963 1c009426 eb048493 addi             x9, x9, -336         x9=1c002eb0  x9:1c003000
26813437ns          457964 1c00942a 1c0032b7 lui              x5, 0x1c003000       x5=1c003000
26813457ns          457965 1c00942e 1c0035b7 lui              x11, 0x1c003000     x11=1c003000
26813476ns          457966 1c009432 018483b3 add              x7, x9, x24          x7=1c002eb8  x9:1c002eb0 x24:00000008
26813496ns          457967 1c009436 02812e83 lw               x29, 40(x2)         x29=1c002ec8  x2:100024d8  PA:10002500
26813516ns          457968 1c009438 10065633 p.exthz          x12, x12, x0        x12=00000009 x12:00000009
26813536ns          457969 1c00943c e8028293 addi             x5, x5, -384         x5=1c002e80  x5:1c003000
26813556ns          457970 1c009440 ea058593 addi             x11, x11, -352      x11=1c002ea0 x11:1c003000
26813596ns          457972 1c009444 03812483 lw               x9, 56(x2)           x9=1c002ee8  x2:100024d8  PA:10002510
26813616ns          457973 1c009446 10064733 p.exths          x14, x12, x0        x14=00000009 x12:00000009
26813636ns          457974 1c00944a 018280b3 add              x1, x5, x24          x1=1c002e88  x5:1c002e80 x24:00000008
26813655ns          457975 1c00944e 03012f03 lw               x30, 48(x2)         x30=1c002ed8  x2:100024d8  PA:10002508
26813675ns          457976 1c009450 018582b3 add              x5, x11, x24         x5=1c002ea8 x11:1c002ea0 x24:00000008
26813695ns          457977 1c009454 04012583 lw               x11, 64(x2)         x11=1c002ef8  x2:100024d8  PA:10002518
26813715ns          457978 1c009456 000edd83 lhu              x27, 0(x29)         x27=000001f7 x29:1c002ec8  PA:1c002ec8
26814013ns          457993 1c00945a 0004d483 lhu              x9, 0(x9)            x9=0000000d  x9:1c002ee8  PA:1c002ee8
26814391ns          458012 1c00945e 02e70333 mul              x6, x14, x14         x6=00000051 x14:00000009 x14:00000009
26814411ns          458013 1c009462 40a55513 srai             x10, x10, 0x40a     x10=00000000 x10:0000022e
26814431ns          458014 1c009464 04812e83 lw               x29, 72(x2)         x29=1c002f08  x2:100024d8  PA:10002520
26814451ns          458015 1c009466 40a6d693 srai             x13, x13, 0x40a     x13=fffffffe x13:fffffb13
26814471ns          458016 1c009468 000f5d03 lhu              x26, 0(x30)         x26=00000046 x30:1c002ed8  PA:1c002ed8
26814769ns          458031 1c00946c 0005d583 lhu              x11, 0(x11)         x11=00000002 x11:1c002ef8  PA:1c002ef8
26815067ns          458046 1c009470 40a35313 srai             x6, x6, 0x40a        x6=00000000  x6:00000051
26815087ns          458047 1c009474 00a686b3 add              x13, x13, x10       x13=fffffffe x13:fffffffe x10:00000000
26815107ns          458048 1c009476 05012f03 lw               x30, 80(x2)         x30=1c002e78  x2:100024d8  PA:10002528
26815127ns          458049 1c009478 10034e33 p.exths          x28, x6, x0         x28=00000000  x6:00000000
26815147ns          458050 1c00947c 06911023 sh               x9, 96(x2)           x9:0000000d  x2:100024d8  PA:10002538
26815167ns          458051 1c009480 000ede83 lhu              x29, 0(x29)         x29=00000000 x29:1c002f08  PA:1c002f08
26815465ns          458066 1c009484 05812483 lw               x9, 88(x2)           x9=1c002e68  x2:100024d8  PA:10002530
26815485ns          458067 1c009486 1006d6b3 p.exthz          x13, x13, x0        x13=0000fffe x13:fffffffe
26815505ns          458068 1c00948a 02ee08b3 mul              x17, x28, x14       x17=00000000 x28:00000000 x14:00000009
26815525ns          458069 1c00948e 1006c833 p.exths          x16, x13, x0        x16=fffffffe x13:0000fffe
26815545ns          458070 1c009492 06b11823 sh               x11, 112(x2)        x11:00000002  x2:100024d8  PA:10002548
26815565ns          458071 1c009496 000f5f03 lhu              x30, 0(x30)         x30=0000ffed x30:1c002e78  PA:1c002e78
26815923ns          458089 1c00949a 0a012583 lw               x11, 160(x2)        x11=1c002e98  x2:100024d8  PA:10002578
26815943ns          458090 1c00949c 1007d7b3 p.exthz          x15, x15, x0        x15=0000fffe x15:fffffffe
26815962ns          458091 1c0094a0 0004da03 lhu              x20, 0(x9)          x20=0000ff9c  x9:1c002e68  PA:1c002e68
26816261ns          458106 1c0094a4 1007c533 p.exths          x10, x15, x0        x10=fffffffe x15:0000fffe
26816281ns          458107 1c0094a8 09d11023 sh               x29, 128(x2)        x29:00000000  x2:100024d8  PA:10002558
26816301ns          458108 1c0094ac 0003d483 lhu              x9, 0(x7)            x9=0000fffc  x7:1c002eb8  PA:1c002eb8
26816599ns          458123 1c0094b0 02e80eb3 mul              x29, x16, x14       x29=ffffffee x16:fffffffe x14:00000009
26816619ns          458124 1c0094b4 40a8d893 srai             x17, x17, 0x40a     x17=00000000 x17:00000000
26816639ns          458125 1c0094b8 03c80833 mul              x16, x16, x28       x16=00000000 x16:fffffffe x28:00000000
26816659ns          458126 1c0094bc 09e11823 sh               x30, 144(x2)        x30:0000ffed  x2:100024d8  PA:10002568
26816678ns          458127 1c0094c0 0005d983 lhu              x19, 0(x11)         x19=0000fff9 x11:1c002e98  PA:1c002e98
26817056ns          458146 1c0094c4 81c88f5b p.muls           x30, x17, x28       x30=00000000 x17:00000000 x28:00000000
26817076ns          458147 1c0094c8 0002d583 lhu              x11, 0(x5)          x11=0000fff8  x5:1c002ea8  PA:1c002ea8
26817394ns          458163 1c0094cc 03ce0fb3 mul              x31, x28, x28       x31=00000000 x28:00000000 x28:00000000
26817414ns          458164 1c0094d0 02e50733 mul              x14, x10, x14       x14=ffffffee x10:fffffffe x14:00000009
26817434ns          458165 1c0094d4 40a85813 srai             x16, x16, 0x40a     x16=00000000 x16:00000000
26817454ns          458166 1c0094d8 03c50533 mul              x10, x10, x28       x10=00000000 x10:fffffffe x28:00000000
26817474ns          458167 1c0094dc 07015e03 lhu              x28, 112(x2)        x28=00000002  x2:100024d8  PA:10002548
26817494ns          458168 1c0094e0 01b60633 add              x12, x12, x27       x12=00000200 x12:00000009 x27:000001f7
26817514ns          458169 1c0094e2 00980833 add              x16, x16, x9        x16=0000fffc x16:00000000  x9:0000fffc
26817534ns          458170 1c0094e4 06015d83 lhu              x27, 96(x2)         x27=0000000d  x2:100024d8  PA:10002538
26817553ns          458171 1c0094e8 02812483 lw               x9, 40(x2)           x9=1c002ec8  x2:100024d8  PA:10002500
26817573ns          458172 1c0094ea 40afdf93 srai             x31, x31, 0x40a     x31=00000000 x31:00000000
26817593ns          458173 1c0094ee 40a55513 srai             x10, x10, 0x40a     x10=00000000 x10:00000000
26817613ns          458174 1c0094f0 01cf8fb3 add              x31, x31, x28       x31=00000002 x31:00000000 x28:00000002
26817633ns          458175 1c0094f2 00b50533 add              x10, x10, x11       x10=0000fff8 x10:00000000 x11:0000fff8
26817653ns          458176 1c0094f4 09015e03 lhu              x28, 144(x2)        x28=0000ffed  x2:100024d8  PA:10002568
26817673ns          458177 1c0094f8 03012583 lw               x11, 48(x2)         x11=1c002ed8  x2:100024d8  PA:10002508
26817693ns          458178 1c0094fa 00c49023 sh               x12, 0(x9)          x12:00000200  x9:1c002ec8  PA:1c002ec8
26818011ns          458194 1c0094fe 01b888b3 add              x17, x17, x27       x17=0000000d x17:00000000 x27:0000000d
26818031ns          458195 1c009500 01a30333 add              x6, x6, x26          x6=00000046  x6:00000000 x26:00000046
26818051ns          458196 1c009502 08015d83 lhu              x27, 128(x2)        x27=00000000  x2:100024d8  PA:10002558
26818071ns          458197 1c009506 0000d903 lhu              x18, 0(x1)          x18=0000ffea  x1:1c002e88  PA:1c002e88
26818369ns          458212 1c00950a 01c686b3 add              x13, x13, x28       x13=0001ffeb x13:0000fffe x28:0000ffed
26818389ns          458213 1c00950c 00659023 sh               x6, 0(x11)           x6:00000046 x11:1c002ed8  PA:1c002ed8
26818747ns          458231 1c009510 40af5f13 srai             x30, x30, 0x40a     x30=00000000 x30:00000000
26818767ns          458232 1c009514 04812e03 lw               x28, 72(x2)         x28=1c002f08  x2:100024d8  PA:10002520
26818787ns          458233 1c009516 01bf0f33 add              x30, x30, x27       x30=00000000 x30:00000000 x27:00000000
26818806ns          458234 1c009518 40aede93 srai             x29, x29, 0x40a     x29=ffffffff x29:ffffffee
26818826ns          458235 1c00951c 40a75713 srai             x14, x14, 0x40a     x14=ffffffff x14:ffffffee
26818846ns          458236 1c00951e 03812603 lw               x12, 56(x2)         x12=1c002ee8  x2:100024d8  PA:10002510
26818866ns          458237 1c009520 04012d83 lw               x27, 64(x2)         x27=1c002ef8  x2:100024d8  PA:10002518
26818886ns          458238 1c009522 01ee1023 sh               x30, 0(x28)         x30:00000000 x28:1c002f08  PA:1c002f08
26819204ns          458254 1c009526 05812483 lw               x9, 88(x2)           x9=1c002e68  x2:100024d8  PA:10002530
26819224ns          458255 1c009528 05012f03 lw               x30, 80(x2)         x30=1c002e78  x2:100024d8  PA:10002528
26819244ns          458256 1c00952a 0a012583 lw               x11, 160(x2)        x11=1c002e98  x2:100024d8  PA:10002578
26819264ns          458257 1c00952c 014787b3 add              x15, x15, x20       x15=0001ff9a x15:0000fffe x20:0000ff9c
26819284ns          458258 1c00952e 013e8eb3 add              x29, x29, x19       x29=0000fff8 x29:ffffffff x19:0000fff9
26819304ns          458259 1c009530 01270733 add              x14, x14, x18       x14=0000ffe9 x14:ffffffff x18:0000ffea
26819324ns          458260 1c009532 00f49023 sh               x15, 0(x9)          x15:0001ff9a  x9:1c002e68  PA:1c002e68
26819662ns          458277 1c009536 01161023 sh               x17, 0(x12)         x17:0000000d x12:1c002ee8  PA:1c002ee8
26819980ns          458293 1c00953a 01fd9023 sh               x31, 0(x27)         x31:00000002 x27:1c002ef8  PA:1c002ef8
26820298ns          458309 1c00953e 00df1023 sh               x13, 0(x30)         x13:0001ffeb x30:1c002e78  PA:1c002e78
26820616ns          458325 1c009542 01d59023 sh               x29, 0(x11)         x29:0000fff8 x11:1c002e98  PA:1c002e98
26820954ns          458342 1c009546 00e09023 sh               x14, 0(x1)          x14:0000ffe9  x1:1c002e88  PA:1c002e88
26821273ns          458358 1c00954a 01039023 sh               x16, 0(x7)          x16:0000fffc  x7:1c002eb8  PA:1c002eb8
26821591ns          458374 1c00954e 00a29023 sh               x10, 0(x5)          x10:0000fff8  x5:1c002ea8  PA:1c002ea8
26821909ns          458390 1c009552 008b0b13 addi             x22, x22, 8         x22=00000044 x22:0000003c
26821929ns          458391 1c009554 1f300793 addi             x15, x0, 499        x15=000001f3
26821949ns          458392 1c009558 e767dae3 bge              x15, x22, -396      x15:000001f3 x22:00000044
26822048ns          458397 1c0093cc 010c9a0b p.lh             x20, 16(x25!)       x20=ffffff43 x25=1c002720 x25:1c002710  PA:1c002710
26822346ns          458412 1c0093d0 0104198b p.lh             x19, 16(x8!)        x19=fffffe9d  x8=1c001ee8  x8:1c001ed8  PA:1c001ed8
26822645ns          458427 1c0093d4 2cc10513 addi             x10, x2, 716        x10=100027a4  x2:100024d8
26822665ns          458428 1c0093d6 010a990b p.lh             x18, 16(x21!)       x18=ffffff10 x21=1c001714 x21:1c001704  PA:1c001704
26822963ns          458443 1c0093da 010b948b p.lh             x9, 16(x23!)         x9=fffffeae x23=1c000f44 x23:1c000f34  PA:1c000f34
26823261ns          458458 1c0093de 2d411623 sh               x20, 716(x2)        x20:ffffff43  x2:100024d8  PA:100027a4
26823281ns          458459 1c0093e2 2d311723 sh               x19, 718(x2)        x19:fffffe9d  x2:100024d8  PA:100027a6
26823301ns          458460 1c0093e6 c33ff0ef jal              x1, -974             x1=1c0093e8
26823341ns          458462 1c009018 00051803 lh               x16, 0(x10)         x16=ffffff43 x10:100027a4  PA:100027a4
26823361ns          458463 1c00901c 00251883 lh               x17, 2(x10)         x17=fffffe9d x10:100027a4  PA:100027a6
26823381ns          458464 1c009020 030806b3 mul              x13, x16, x16       x13=00008b89 x16:ffffff43 x16:ffffff43
26823401ns          458465 1c009024 03188633 mul              x12, x17, x17       x12=0001ec49 x17:fffffe9d x17:fffffe9d
26823420ns          458466 1c009028 40a65613 srai             x12, x12, 0x40a     x12=0000007b x12:0001ec49
26823440ns          458467 1c00902a 40a6d693 srai             x13, x13, 0x40a     x13=00000022 x13:00008b89
26823460ns          458468 1c00902c 00c686b3 add              x13, x13, x12       x13=0000009d x13:00000022 x12:0000007b
26823480ns          458469 1c00902e 1006c633 p.exths          x12, x13, x0        x12=0000009d x13:0000009d
26823500ns          458470 1c009032 00855703 lhu              x14, 8(x10)         x14=0000ffd1 x10:100027a4  PA:100027ac
26823520ns          458471 1c009036 00a55683 lhu              x13, 10(x10)        x13=0000ff6a x10:100027a4  PA:100027ae
26823540ns          458472 1c00903a 02c60333 mul              x6, x12, x12         x6=00006049 x12:0000009d x12:0000009d
26823580ns          458474 1c00903e 00c55783 lhu              x15, 12(x10)        x15=0000ffe5 x10:100027a4  PA:100027b0
26823619ns          458476 1c009042 00e55583 lhu              x11, 14(x10)        x11=00000060 x10:100027a4  PA:100027b2
26823639ns          458477 1c009046 dea30333 p.extract        x6, x6, 15, 10       x6=00000018  x6:00006049
26823659ns          458478 1c00904a 80c7075b p.muls           x14, x14, x12       x14=ffffe32d x14:0000ffd1 x12:0000009d
26823679ns          458479 1c00904e 80c686db p.muls           x13, x13, x12       x13=ffffa402 x13:0000ff6a x12:0000009d
26823699ns          458480 1c009052 00455e83 lhu              x29, 4(x10)         x29=00000427 x10:100027a4  PA:100027a8
26823739ns          458482 1c009056 00655e03 lhu              x28, 6(x10)         x28=0000007f x10:100027a4  PA:100027aa
26823759ns          458483 1c00905a 40a75713 srai             x14, x14, 0x40a     x14=fffffff8 x14:ffffe32d
26823778ns          458484 1c00905c 806787db p.muls           x15, x15, x6        x15=fffffd78 x15:0000ffe5  x6:00000018
26823798ns          458485 1c009060 40a6d693 srai             x13, x13, 0x40a     x13=ffffffe9 x13:ffffa402
26823818ns          458486 1c009062 8065865b p.muls           x12, x11, x6        x12=00000900 x11:00000060  x6:00000018
26823838ns          458487 1c009066 40a7d793 srai             x15, x15, 0x40a     x15=ffffffff x15:fffffd78
26823858ns          458488 1c009068 40a65613 srai             x12, x12, 0x40a     x12=00000002 x12:00000900
26823878ns          458489 1c00906a 01d70733 add              x14, x14, x29       x14=0000041f x14:fffffff8 x29:00000427
26823898ns          458490 1c00906c 01c686b3 add              x13, x13, x28       x13=00000068 x13:ffffffe9 x28:0000007f
26823918ns          458491 1c00906e 00c686b3 add              x13, x13, x12       x13=0000006a x13:00000068 x12:00000002
26823938ns          458492 1c009070 00f70733 add              x14, x14, x15       x14=0000041e x14:0000041f x15:ffffffff
26823957ns          458493 1c009072 100747b3 p.exths          x15, x14, x0        x15=0000041e x14:0000041e
26823977ns          458494 1c009076 1006c733 p.exths          x14, x13, x0        x14=0000006a x13:0000006a
26823997ns          458495 1c00907a 03170633 mul              x12, x14, x17       x12=ffff6d02 x14:0000006a x17:fffffe9d
26824017ns          458496 1c00907e 030786b3 mul              x13, x15, x16       x13=fffcf5da x15:0000041e x16:ffffff43
26824037ns          458497 1c009082 03070733 mul              x14, x14, x16       x14=ffffb1be x14:0000006a x16:ffffff43
26824057ns          458498 1c009086 031787b3 mul              x15, x15, x17       x15=fffa4a66 x15:0000041e x17:fffffe9d
26824077ns          458499 1c00908a 40a6d693 srai             x13, x13, 0x40a     x13=ffffff3d x13:fffcf5da
26824097ns          458500 1c00908c 40a65613 srai             x12, x12, 0x40a     x12=ffffffdb x12:ffff6d02
26824117ns          458501 1c00908e 40a7d793 srai             x15, x15, 0x40a     x15=fffffe92 x15:fffa4a66
26824136ns          458502 1c009090 40a75713 srai             x14, x14, 0x40a     x14=ffffffec x14:ffffb1be
26824156ns          458503 1c009092 40c686b3 sub              x13, x13, x12       x13=ffffff62 x13:ffffff3d x12:ffffffdb
26824176ns          458504 1c009094 00e787b3 add              x15, x15, x14       x15=fffffe7e x15:fffffe92 x14:ffffffec
26824196ns          458505 1c009096 00d51823 sh               x13, 16(x10)        x13:ffffff62 x10:100027a4  PA:100027b4
26824216ns          458506 1c00909a 00f51923 sh               x15, 18(x10)        x15:fffffe7e x10:100027a4  PA:100027b6
26824236ns          458507 1c00909e 00008067 jalr             x0, x1, 0            x1:1c0093e8
26824315ns          458511 1c0093e8 2dc15583 lhu              x11, 732(x2)        x11=0000ff62  x2:100024d8  PA:100027b4
26824335ns          458512 1c0093ec 2de15783 lhu              x15, 734(x2)        x15=0000fe7e  x2:100024d8  PA:100027b6
26824355ns          458513 1c0093f0 40b90933 sub              x18, x18, x11       x18=fffeffae x18:ffffff10 x11:0000ff62
26824375ns          458514 1c0093f4 40f484b3 sub              x9, x9, x15          x9=ffff0030  x9:fffffeae x15:0000fe7e
26824395ns          458515 1c0093f6 100945b3 p.exths          x11, x18, x0        x11=ffffffae x18:fffeffae
26824415ns          458516 1c0093fa 1004c7b3 p.exths          x15, x9, x0         x15=00000030  x9:ffff0030
26824435ns          458517 1c0093fe 034586b3 mul              x13, x11, x20       x13=00003c8a x11:ffffffae x20:ffffff43
26824455ns          458518 1c009402 03378533 mul              x10, x15, x19       x10=ffffbd70 x15:00000030 x19:fffffe9d
26824474ns          458519 1c009406 034a0633 mul              x12, x20, x20       x12=00008b89 x20:ffffff43 x20:ffffff43
26824494ns          458520 1c00940a 03398733 mul              x14, x19, x19       x14=0001ec49 x19:fffffe9d x19:fffffe9d
26824554ns          458523 1c00940e 034787b3 mul              x15, x15, x20       x15=ffffdc90 x15:00000030 x20:ffffff43
26824594ns          458525 1c009412 033585b3 mul              x11, x11, x19       x11=000071b6 x11:ffffffae x19:fffffe9d
26824614ns          458526 1c009416 40a75713 srai             x14, x14, 0x40a     x14=0000007b x14:0001ec49
26824634ns          458527 1c009418 40a5d593 srai             x11, x11, 0x40a     x11=0000001c x11:000071b6
26824653ns          458528 1c00941a 40a65613 srai             x12, x12, 0x40a     x12=00000022 x12:00008b89
26824673ns          458529 1c00941c 40a7d793 srai             x15, x15, 0x40a     x15=fffffff7 x15:ffffdc90
26824693ns          458530 1c00941e 1c0034b7 lui              x9, 0x1c003000       x9=1c003000
26824713ns          458531 1c009422 00e60633 add              x12, x12, x14       x12=0000009d x12:00000022 x14:0000007b
26824733ns          458532 1c009424 40b787b3 sub              x15, x15, x11       x15=ffffffdb x15:fffffff7 x11:0000001c
26824753ns          458533 1c009426 eb048493 addi             x9, x9, -336         x9=1c002eb0  x9:1c003000
26824773ns          458534 1c00942a 1c0032b7 lui              x5, 0x1c003000       x5=1c003000
26824793ns          458535 1c00942e 1c0035b7 lui              x11, 0x1c003000     x11=1c003000
26824813ns          458536 1c009432 018483b3 add              x7, x9, x24          x7=1c002eb8  x9:1c002eb0 x24:00000008
26824832ns          458537 1c009436 02812e83 lw               x29, 40(x2)         x29=1c002ec8  x2:100024d8  PA:10002500
26824852ns          458538 1c009438 10065633 p.exthz          x12, x12, x0        x12=0000009d x12:0000009d
26824872ns          458539 1c00943c e8028293 addi             x5, x5, -384         x5=1c002e80  x5:1c003000
26824892ns          458540 1c009440 ea058593 addi             x11, x11, -352      x11=1c002ea0 x11:1c003000
26824912ns          458541 1c009444 03812483 lw               x9, 56(x2)           x9=1c002ee8  x2:100024d8  PA:10002510
26824932ns          458542 1c009446 10064733 p.exths          x14, x12, x0        x14=0000009d x12:0000009d
26824952ns          458543 1c00944a 018280b3 add              x1, x5, x24          x1=1c002e88  x5:1c002e80 x24:00000008
26824972ns          458544 1c00944e 03012f03 lw               x30, 48(x2)         x30=1c002ed8  x2:100024d8  PA:10002508
26824992ns          458545 1c009450 018582b3 add              x5, x11, x24         x5=1c002ea8 x11:1c002ea0 x24:00000008
26825011ns          458546 1c009454 04012583 lw               x11, 64(x2)         x11=1c002ef8  x2:100024d8  PA:10002518
26825031ns          458547 1c009456 000edd83 lhu              x27, 0(x29)         x27=00000200 x29:1c002ec8  PA:1c002ec8
26825330ns          458562 1c00945a 0004d483 lhu              x9, 0(x9)            x9=0000000d  x9:1c002ee8  PA:1c002ee8
26825767ns          458584 1c00945e 02e70333 mul              x6, x14, x14         x6=00006049 x14:0000009d x14:0000009d
26825787ns          458585 1c009462 40a55513 srai             x10, x10, 0x40a     x10=ffffffef x10:ffffbd70
26825807ns          458586 1c009464 04812e83 lw               x29, 72(x2)         x29=1c002f08  x2:100024d8  PA:10002520
26825827ns          458587 1c009466 40a6d693 srai             x13, x13, 0x40a     x13=0000000f x13:00003c8a
26825847ns          458588 1c009468 000f5d03 lhu              x26, 0(x30)         x26=00000046 x30:1c002ed8  PA:1c002ed8
26826165ns          458604 1c00946c 0005d583 lhu              x11, 0(x11)         x11=00000002 x11:1c002ef8  PA:1c002ef8
26826543ns          458623 1c009470 40a35313 srai             x6, x6, 0x40a        x6=00000018  x6:00006049
26826563ns          458624 1c009474 00a686b3 add              x13, x13, x10       x13=fffffffe x13:0000000f x10:ffffffef
26826583ns          458625 1c009476 05012f03 lw               x30, 80(x2)         x30=1c002e78  x2:100024d8  PA:10002528
26826603ns          458626 1c009478 10034e33 p.exths          x28, x6, x0         x28=00000018  x6:00000018
26826622ns          458627 1c00947c 06911023 sh               x9, 96(x2)           x9:0000000d  x2:100024d8  PA:10002538
26826642ns          458628 1c009480 000ede83 lhu              x29, 0(x29)         x29=00000000 x29:1c002f08  PA:1c002f08
26826941ns          458643 1c009484 05812483 lw               x9, 88(x2)           x9=1c002e68  x2:100024d8  PA:10002530
26826960ns          458644 1c009486 1006d6b3 p.exthz          x13, x13, x0        x13=0000fffe x13:fffffffe
26826980ns          458645 1c00948a 02ee08b3 mul              x17, x28, x14       x17=00000eb8 x28:00000018 x14:0000009d
26827000ns          458646 1c00948e 1006c833 p.exths          x16, x13, x0        x16=fffffffe x13:0000fffe
26827020ns          458647 1c009492 06b11823 sh               x11, 112(x2)        x11:00000002  x2:100024d8  PA:10002548
26827040ns          458648 1c009496 000f5f03 lhu              x30, 0(x30)         x30=0000ffeb x30:1c002e78  PA:1c002e78
26827338ns          458663 1c00949a 0a012583 lw               x11, 160(x2)        x11=1c002e98  x2:100024d8  PA:10002578
26827358ns          458664 1c00949c 1007d7b3 p.exthz          x15, x15, x0        x15=0000ffdb x15:ffffffdb
26827378ns          458665 1c0094a0 0004da03 lhu              x20, 0(x9)          x20=0000ff9a  x9:1c002e68  PA:1c002e68
26827676ns          458680 1c0094a4 1007c533 p.exths          x10, x15, x0        x10=ffffffdb x15:0000ffdb
26827696ns          458681 1c0094a8 09d11023 sh               x29, 128(x2)        x29:00000000  x2:100024d8  PA:10002558
26827716ns          458682 1c0094ac 0003d483 lhu              x9, 0(x7)            x9=0000fffc  x7:1c002eb8  PA:1c002eb8
26828074ns          458700 1c0094b0 02e80eb3 mul              x29, x16, x14       x29=fffffec6 x16:fffffffe x14:0000009d
26828094ns          458701 1c0094b4 40a8d893 srai             x17, x17, 0x40a     x17=00000003 x17:00000eb8
26828114ns          458702 1c0094b8 03c80833 mul              x16, x16, x28       x16=ffffffd0 x16:fffffffe x28:00000018
26828134ns          458703 1c0094bc 09e11823 sh               x30, 144(x2)        x30:0000ffeb  x2:100024d8  PA:10002568
26828154ns          458704 1c0094c0 0005d983 lhu              x19, 0(x11)         x19=0000fff8 x11:1c002e98  PA:1c002e98
26828452ns          458719 1c0094c4 81c88f5b p.muls           x30, x17, x28       x30=00000048 x17:00000003 x28:00000018
26828472ns          458720 1c0094c8 0002d583 lhu              x11, 0(x5)          x11=0000fff8  x5:1c002ea8  PA:1c002ea8
26828770ns          458735 1c0094cc 03ce0fb3 mul              x31, x28, x28       x31=00000240 x28:00000018 x28:00000018
26828790ns          458736 1c0094d0 02e50733 mul              x14, x10, x14       x14=ffffe94f x10:ffffffdb x14:0000009d
26828810ns          458737 1c0094d4 40a85813 srai             x16, x16, 0x40a     x16=ffffffff x16:ffffffd0
26828830ns          458738 1c0094d8 03c50533 mul              x10, x10, x28       x10=fffffc88 x10:ffffffdb x28:00000018
26828850ns          458739 1c0094dc 07015e03 lhu              x28, 112(x2)        x28=00000002  x2:100024d8  PA:10002548
26828870ns          458740 1c0094e0 01b60633 add              x12, x12, x27       x12=0000029d x12:0000009d x27:00000200
26828890ns          458741 1c0094e2 00980833 add              x16, x16, x9        x16=0000fffb x16:ffffffff  x9:0000fffc
26828910ns          458742 1c0094e4 06015d83 lhu              x27, 96(x2)         x27=0000000d  x2:100024d8  PA:10002538
26828929ns          458743 1c0094e8 02812483 lw               x9, 40(x2)           x9=1c002ec8  x2:100024d8  PA:10002500
26828949ns          458744 1c0094ea 40afdf93 srai             x31, x31, 0x40a     x31=00000000 x31:00000240
26828969ns          458745 1c0094ee 40a55513 srai             x10, x10, 0x40a     x10=ffffffff x10:fffffc88
26828989ns          458746 1c0094f0 01cf8fb3 add              x31, x31, x28       x31=00000002 x31:00000000 x28:00000002
26829009ns          458747 1c0094f2 00b50533 add              x10, x10, x11       x10=0000fff7 x10:ffffffff x11:0000fff8
26829029ns          458748 1c0094f4 09015e03 lhu              x28, 144(x2)        x28=0000ffeb  x2:100024d8  PA:10002568
26829049ns          458749 1c0094f8 03012583 lw               x11, 48(x2)         x11=1c002ed8  x2:100024d8  PA:10002508
26829069ns          458750 1c0094fa 00c49023 sh               x12, 0(x9)          x12:0000029d  x9:1c002ec8  PA:1c002ec8
26829446ns          458769 1c0094fe 01b888b3 add              x17, x17, x27       x17=00000010 x17:00000003 x27:0000000d
26829466ns          458770 1c009500 01a30333 add              x6, x6, x26          x6=0000005e  x6:00000018 x26:00000046
26829486ns          458771 1c009502 08015d83 lhu              x27, 128(x2)        x27=00000000  x2:100024d8  PA:10002558
26829506ns          458772 1c009506 0000d903 lhu              x18, 0(x1)          x18=0000ffe9  x1:1c002e88  PA:1c002e88
26829844ns          458789 1c00950a 01c686b3 add              x13, x13, x28       x13=0001ffe9 x13:0000fffe x28:0000ffeb
26829864ns          458790 1c00950c 00659023 sh               x6, 0(x11)           x6:0000005e x11:1c002ed8  PA:1c002ed8
26830202ns          458807 1c009510 40af5f13 srai             x30, x30, 0x40a     x30=00000000 x30:00000048
26830222ns          458808 1c009514 04812e03 lw               x28, 72(x2)         x28=1c002f08  x2:100024d8  PA:10002520
26830242ns          458809 1c009516 01bf0f33 add              x30, x30, x27       x30=00000000 x30:00000000 x27:00000000
26830262ns          458810 1c009518 40aede93 srai             x29, x29, 0x40a     x29=ffffffff x29:fffffec6
26830282ns          458811 1c00951c 40a75713 srai             x14, x14, 0x40a     x14=fffffffa x14:ffffe94f
26830302ns          458812 1c00951e 03812603 lw               x12, 56(x2)         x12=1c002ee8  x2:100024d8  PA:10002510
26830322ns          458813 1c009520 04012d83 lw               x27, 64(x2)         x27=1c002ef8  x2:100024d8  PA:10002518
26830341ns          458814 1c009522 01ee1023 sh               x30, 0(x28)         x30:00000000 x28:1c002f08  PA:1c002f08
26830660ns          458830 1c009526 05812483 lw               x9, 88(x2)           x9=1c002e68  x2:100024d8  PA:10002530
26830680ns          458831 1c009528 05012f03 lw               x30, 80(x2)         x30=1c002e78  x2:100024d8  PA:10002528
26830699ns          458832 1c00952a 0a012583 lw               x11, 160(x2)        x11=1c002e98  x2:100024d8  PA:10002578
26830719ns          458833 1c00952c 014787b3 add              x15, x15, x20       x15=0001ff75 x15:0000ffdb x20:0000ff9a
26830739ns          458834 1c00952e 013e8eb3 add              x29, x29, x19       x29=0000fff7 x29:ffffffff x19:0000fff8
26830759ns          458835 1c009530 01270733 add              x14, x14, x18       x14=0000ffe3 x14:fffffffa x18:0000ffe9
26830779ns          458836 1c009532 00f49023 sh               x15, 0(x9)          x15:0001ff75  x9:1c002e68  PA:1c002e68
26831137ns          458854 1c009536 01161023 sh               x17, 0(x12)         x17:00000010 x12:1c002ee8  PA:1c002ee8
26831475ns          458871 1c00953a 01fd9023 sh               x31, 0(x27)         x31:00000002 x27:1c002ef8  PA:1c002ef8
26831793ns          458887 1c00953e 00df1023 sh               x13, 0(x30)         x13:0001ffe9 x30:1c002e78  PA:1c002e78
26832111ns          458903 1c009542 01d59023 sh               x29, 0(x11)         x29:0000fff7 x11:1c002e98  PA:1c002e98
26832430ns          458919 1c009546 00e09023 sh               x14, 0(x1)          x14:0000ffe3  x1:1c002e88  PA:1c002e88
26832748ns          458935 1c00954a 01039023 sh               x16, 0(x7)          x16:0000fffb  x7:1c002eb8  PA:1c002eb8
26833066ns          458951 1c00954e 00a29023 sh               x10, 0(x5)          x10:0000fff7  x5:1c002ea8  PA:1c002ea8
26833384ns          458967 1c009552 008b0b13 addi             x22, x22, 8         x22=0000004c x22:00000044
26833404ns          458968 1c009554 1f300793 addi             x15, x0, 499        x15=000001f3
26833424ns          458969 1c009558 e767dae3 bge              x15, x22, -396      x15:000001f3 x22:0000004c
26833524ns          458974 1c0093cc 010c9a0b p.lh             x20, 16(x25!)       x20=ffffffc2 x25=1c002730 x25:1c002720  PA:1c002720
26833842ns          458990 1c0093d0 0104198b p.lh             x19, 16(x8!)        x19=000000d7  x8=1c001ef8  x8:1c001ee8  PA:1c001ee8
26834160ns          459006 1c0093d4 2cc10513 addi             x10, x2, 716        x10=100027a4  x2:100024d8
26834180ns          459007 1c0093d6 010a990b p.lh             x18, 16(x21!)       x18=ffffffbf x21=1c001724 x21:1c001714  PA:1c001714
26834478ns          459022 1c0093da 010b948b p.lh             x9, 16(x23!)         x9=000000da x23=1c000f54 x23:1c000f44  PA:1c000f44
26834776ns          459037 1c0093de 2d411623 sh               x20, 716(x2)        x20:ffffffc2  x2:100024d8  PA:100027a4
26834816ns          459039 1c0093e2 2d311723 sh               x19, 718(x2)        x19:000000d7  x2:100024d8  PA:100027a6
26834836ns          459040 1c0093e6 c33ff0ef jal              x1, -974             x1=1c0093e8
26834876ns          459042 1c009018 00051803 lh               x16, 0(x10)         x16=ffffffc2 x10:100027a4  PA:100027a4
26834896ns          459043 1c00901c 00251883 lh               x17, 2(x10)         x17=000000d7 x10:100027a4  PA:100027a6
26834916ns          459044 1c009020 030806b3 mul              x13, x16, x16       x13=00000f04 x16:ffffffc2 x16:ffffffc2
26834936ns          459045 1c009024 03188633 mul              x12, x17, x17       x12=0000b491 x17:000000d7 x17:000000d7
26834955ns          459046 1c009028 40a65613 srai             x12, x12, 0x40a     x12=0000002d x12:0000b491
26834975ns          459047 1c00902a 40a6d693 srai             x13, x13, 0x40a     x13=00000003 x13:00000f04
26834995ns          459048 1c00902c 00c686b3 add              x13, x13, x12       x13=00000030 x13:00000003 x12:0000002d
26835015ns          459049 1c00902e 1006c633 p.exths          x12, x13, x0        x12=00000030 x13:00000030
26835035ns          459050 1c009032 00855703 lhu              x14, 8(x10)         x14=0000ffd1 x10:100027a4  PA:100027ac
26835055ns          459051 1c009036 00a55683 lhu              x13, 10(x10)        x13=0000ff6a x10:100027a4  PA:100027ae
26835075ns          459052 1c00903a 02c60333 mul              x6, x12, x12         x6=00000900 x12:00000030 x12:00000030
26835095ns          459053 1c00903e 00c55783 lhu              x15, 12(x10)        x15=0000ffe5 x10:100027a4  PA:100027b0
26835115ns          459054 1c009042 00e55583 lhu              x11, 14(x10)        x11=00000060 x10:100027a4  PA:100027b2
26835134ns          459055 1c009046 dea30333 p.extract        x6, x6, 15, 10       x6=00000002  x6:00000900
26835154ns          459056 1c00904a 80c7075b p.muls           x14, x14, x12       x14=fffff730 x14:0000ffd1 x12:00000030
26835194ns          459058 1c00904e 80c686db p.muls           x13, x13, x12       x13=ffffe3e0 x13:0000ff6a x12:00000030
26835234ns          459060 1c009052 00455e83 lhu              x29, 4(x10)         x29=00000427 x10:100027a4  PA:100027a8
26835254ns          459061 1c009056 00655e03 lhu              x28, 6(x10)         x28=0000007f x10:100027a4  PA:100027aa
26835274ns          459062 1c00905a 40a75713 srai             x14, x14, 0x40a     x14=fffffffd x14:fffff730
26835294ns          459063 1c00905c 806787db p.muls           x15, x15, x6        x15=ffffffca x15:0000ffe5  x6:00000002
26835313ns          459064 1c009060 40a6d693 srai             x13, x13, 0x40a     x13=fffffff8 x13:ffffe3e0
26835333ns          459065 1c009062 8065865b p.muls           x12, x11, x6        x12=000000c0 x11:00000060  x6:00000002
26835353ns          459066 1c009066 40a7d793 srai             x15, x15, 0x40a     x15=ffffffff x15:ffffffca
26835373ns          459067 1c009068 40a65613 srai             x12, x12, 0x40a     x12=00000000 x12:000000c0
26835393ns          459068 1c00906a 01d70733 add              x14, x14, x29       x14=00000424 x14:fffffffd x29:00000427
26835413ns          459069 1c00906c 01c686b3 add              x13, x13, x28       x13=00000077 x13:fffffff8 x28:0000007f
26835433ns          459070 1c00906e 00c686b3 add              x13, x13, x12       x13=00000077 x13:00000077 x12:00000000
26835453ns          459071 1c009070 00f70733 add              x14, x14, x15       x14=00000423 x14:00000424 x15:ffffffff
26835473ns          459072 1c009072 100747b3 p.exths          x15, x14, x0        x15=00000423 x14:00000423
26835492ns          459073 1c009076 1006c733 p.exths          x14, x13, x0        x14=00000077 x13:00000077
26835512ns          459074 1c00907a 03170633 mul              x12, x14, x17       x12=000063f1 x14:00000077 x17:000000d7
26835532ns          459075 1c00907e 030786b3 mul              x13, x15, x16       x13=fffeff86 x15:00000423 x16:ffffffc2
26835552ns          459076 1c009082 03070733 mul              x14, x14, x16       x14=ffffe32e x14:00000077 x16:ffffffc2
26835572ns          459077 1c009086 031787b3 mul              x15, x15, x17       x15=00037965 x15:00000423 x17:000000d7
26835592ns          459078 1c00908a 40a6d693 srai             x13, x13, 0x40a     x13=ffffffbf x13:fffeff86
26835612ns          459079 1c00908c 40a65613 srai             x12, x12, 0x40a     x12=00000018 x12:000063f1
26835632ns          459080 1c00908e 40a7d793 srai             x15, x15, 0x40a     x15=000000de x15:00037965
26835652ns          459081 1c009090 40a75713 srai             x14, x14, 0x40a     x14=fffffff8 x14:ffffe32e
26835671ns          459082 1c009092 40c686b3 sub              x13, x13, x12       x13=ffffffa7 x13:ffffffbf x12:00000018
26835691ns          459083 1c009094 00e787b3 add              x15, x15, x14       x15=000000d6 x15:000000de x14:fffffff8
26835711ns          459084 1c009096 00d51823 sh               x13, 16(x10)        x13:ffffffa7 x10:100027a4  PA:100027b4
26835731ns          459085 1c00909a 00f51923 sh               x15, 18(x10)        x15:000000d6 x10:100027a4  PA:100027b6
26835751ns          459086 1c00909e 00008067 jalr             x0, x1, 0            x1:1c0093e8
26835791ns          459088 1c0093e8 2dc15583 lhu              x11, 732(x2)        x11=0000ffa7  x2:100024d8  PA:100027b4
26835811ns          459089 1c0093ec 2de15783 lhu              x15, 734(x2)        x15=000000d6  x2:100024d8  PA:100027b6
26835831ns          459090 1c0093f0 40b90933 sub              x18, x18, x11       x18=ffff0018 x18:ffffffbf x11:0000ffa7
26835850ns          459091 1c0093f4 40f484b3 sub              x9, x9, x15          x9=00000004  x9:000000da x15:000000d6
26835870ns          459092 1c0093f6 100945b3 p.exths          x11, x18, x0        x11=00000018 x18:ffff0018
26835890ns          459093 1c0093fa 1004c7b3 p.exths          x15, x9, x0         x15=00000004  x9:00000004
26835910ns          459094 1c0093fe 034586b3 mul              x13, x11, x20       x13=fffffa30 x11:00000018 x20:ffffffc2
26835930ns          459095 1c009402 03378533 mul              x10, x15, x19       x10=0000035c x15:00000004 x19:000000d7
26835950ns          459096 1c009406 034a0633 mul              x12, x20, x20       x12=00000f04 x20:ffffffc2 x20:ffffffc2
26835970ns          459097 1c00940a 03398733 mul              x14, x19, x19       x14=0000b491 x19:000000d7 x19:000000d7
26835990ns          459098 1c00940e 034787b3 mul              x15, x15, x20       x15=ffffff08 x15:00000004 x20:ffffffc2
26836010ns          459099 1c009412 033585b3 mul              x11, x11, x19       x11=00001428 x11:00000018 x19:000000d7
26836029ns          459100 1c009416 40a75713 srai             x14, x14, 0x40a     x14=0000002d x14:0000b491
26836049ns          459101 1c009418 40a5d593 srai             x11, x11, 0x40a     x11=00000005 x11:00001428
26836069ns          459102 1c00941a 40a65613 srai             x12, x12, 0x40a     x12=00000003 x12:00000f04
26836089ns          459103 1c00941c 40a7d793 srai             x15, x15, 0x40a     x15=ffffffff x15:ffffff08
26836109ns          459104 1c00941e 1c0034b7 lui              x9, 0x1c003000       x9=1c003000
26836129ns          459105 1c009422 00e60633 add              x12, x12, x14       x12=00000030 x12:00000003 x14:0000002d
26836149ns          459106 1c009424 40b787b3 sub              x15, x15, x11       x15=fffffffa x15:ffffffff x11:00000005
26836169ns          459107 1c009426 eb048493 addi             x9, x9, -336         x9=1c002eb0  x9:1c003000
26836189ns          459108 1c00942a 1c0032b7 lui              x5, 0x1c003000       x5=1c003000
26836208ns          459109 1c00942e 1c0035b7 lui              x11, 0x1c003000     x11=1c003000
26836228ns          459110 1c009432 018483b3 add              x7, x9, x24          x7=1c002eb8  x9:1c002eb0 x24:00000008
26836248ns          459111 1c009436 02812e83 lw               x29, 40(x2)         x29=1c002ec8  x2:100024d8  PA:10002500
26836268ns          459112 1c009438 10065633 p.exthz          x12, x12, x0        x12=00000030 x12:00000030
26836288ns          459113 1c00943c e8028293 addi             x5, x5, -384         x5=1c002e80  x5:1c003000
26836328ns          459115 1c009440 ea058593 addi             x11, x11, -352      x11=1c002ea0 x11:1c003000
26836368ns          459117 1c009444 03812483 lw               x9, 56(x2)           x9=1c002ee8  x2:100024d8  PA:10002510
26836387ns          459118 1c009446 10064733 p.exths          x14, x12, x0        x14=00000030 x12:00000030
26836407ns          459119 1c00944a 018280b3 add              x1, x5, x24          x1=1c002e88  x5:1c002e80 x24:00000008
26836427ns          459120 1c00944e 03012f03 lw               x30, 48(x2)         x30=1c002ed8  x2:100024d8  PA:10002508
26836447ns          459121 1c009450 018582b3 add              x5, x11, x24         x5=1c002ea8 x11:1c002ea0 x24:00000008
26836467ns          459122 1c009454 04012583 lw               x11, 64(x2)         x11=1c002ef8  x2:100024d8  PA:10002518
26836487ns          459123 1c009456 000edd83 lhu              x27, 0(x29)         x27=0000029d x29:1c002ec8  PA:1c002ec8
26836805ns          459139 1c00945a 0004d483 lhu              x9, 0(x9)            x9=00000010  x9:1c002ee8  PA:1c002ee8
26837103ns          459154 1c00945e 02e70333 mul              x6, x14, x14         x6=00000900 x14:00000030 x14:00000030
26837123ns          459155 1c009462 40a55513 srai             x10, x10, 0x40a     x10=00000000 x10:0000035c
26837143ns          459156 1c009464 04812e83 lw               x29, 72(x2)         x29=1c002f08  x2:100024d8  PA:10002520
26837163ns          459157 1c009466 40a6d693 srai             x13, x13, 0x40a     x13=fffffffe x13:fffffa30
26837183ns          459158 1c009468 000f5d03 lhu              x26, 0(x30)         x26=0000005e x30:1c002ed8  PA:1c002ed8
26837501ns          459174 1c00946c 0005d583 lhu              x11, 0(x11)         x11=00000002 x11:1c002ef8  PA:1c002ef8
26837839ns          459191 1c009470 40a35313 srai             x6, x6, 0x40a        x6=00000002  x6:00000900
26837859ns          459192 1c009474 00a686b3 add              x13, x13, x10       x13=fffffffe x13:fffffffe x10:00000000
26837879ns          459193 1c009476 05012f03 lw               x30, 80(x2)         x30=1c002e78  x2:100024d8  PA:10002528
26837899ns          459194 1c009478 10034e33 p.exths          x28, x6, x0         x28=00000002  x6:00000002
26837919ns          459195 1c00947c 06911023 sh               x9, 96(x2)           x9:00000010  x2:100024d8  PA:10002538
26837939ns          459196 1c009480 000ede83 lhu              x29, 0(x29)         x29=00000000 x29:1c002f08  PA:1c002f08
26838297ns          459214 1c009484 05812483 lw               x9, 88(x2)           x9=1c002e68  x2:100024d8  PA:10002530
26838317ns          459215 1c009486 1006d6b3 p.exthz          x13, x13, x0        x13=0000fffe x13:fffffffe
26838336ns          459216 1c00948a 02ee08b3 mul              x17, x28, x14       x17=00000060 x28:00000002 x14:00000030
26838356ns          459217 1c00948e 1006c833 p.exths          x16, x13, x0        x16=fffffffe x13:0000fffe
26838376ns          459218 1c009492 06b11823 sh               x11, 112(x2)        x11:00000002  x2:100024d8  PA:10002548
26838396ns          459219 1c009496 000f5f03 lhu              x30, 0(x30)         x30=0000ffe9 x30:1c002e78  PA:1c002e78
26838714ns          459235 1c00949a 0a012583 lw               x11, 160(x2)        x11=1c002e98  x2:100024d8  PA:10002578
26838734ns          459236 1c00949c 1007d7b3 p.exthz          x15, x15, x0        x15=0000fffa x15:fffffffa
26838754ns          459237 1c0094a0 0004da03 lhu              x20, 0(x9)          x20=0000ff75  x9:1c002e68  PA:1c002e68
26839112ns          459255 1c0094a4 1007c533 p.exths          x10, x15, x0        x10=fffffffa x15:0000fffa
26839132ns          459256 1c0094a8 09d11023 sh               x29, 128(x2)        x29:00000000  x2:100024d8  PA:10002558
26839152ns          459257 1c0094ac 0003d483 lhu              x9, 0(x7)            x9=0000fffb  x7:1c002eb8  PA:1c002eb8
26839550ns          459277 1c0094b0 02e80eb3 mul              x29, x16, x14       x29=ffffffa0 x16:fffffffe x14:00000030
26839569ns          459278 1c0094b4 40a8d893 srai             x17, x17, 0x40a     x17=00000000 x17:00000060
26839589ns          459279 1c0094b8 03c80833 mul              x16, x16, x28       x16=fffffffc x16:fffffffe x28:00000002
26839609ns          459280 1c0094bc 09e11823 sh               x30, 144(x2)        x30:0000ffe9  x2:100024d8  PA:10002568
26839629ns          459281 1c0094c0 0005d983 lhu              x19, 0(x11)         x19=0000fff7 x11:1c002e98  PA:1c002e98
26839947ns          459297 1c0094c4 81c88f5b p.muls           x30, x17, x28       x30=00000000 x17:00000000 x28:00000002
26839967ns          459298 1c0094c8 0002d583 lhu              x11, 0(x5)          x11=0000fff7  x5:1c002ea8  PA:1c002ea8
26840266ns          459313 1c0094cc 03ce0fb3 mul              x31, x28, x28       x31=00000004 x28:00000002 x28:00000002
26840285ns          459314 1c0094d0 02e50733 mul              x14, x10, x14       x14=fffffee0 x10:fffffffa x14:00000030
26840305ns          459315 1c0094d4 40a85813 srai             x16, x16, 0x40a     x16=ffffffff x16:fffffffc
26840325ns          459316 1c0094d8 03c50533 mul              x10, x10, x28       x10=fffffff4 x10:fffffffa x28:00000002
26840345ns          459317 1c0094dc 07015e03 lhu              x28, 112(x2)        x28=00000002  x2:100024d8  PA:10002548
26840365ns          459318 1c0094e0 01b60633 add              x12, x12, x27       x12=000002cd x12:00000030 x27:0000029d
26840385ns          459319 1c0094e2 00980833 add              x16, x16, x9        x16=0000fffa x16:ffffffff  x9:0000fffb
26840405ns          459320 1c0094e4 06015d83 lhu              x27, 96(x2)         x27=00000010  x2:100024d8  PA:10002538
26840425ns          459321 1c0094e8 02812483 lw               x9, 40(x2)           x9=1c002ec8  x2:100024d8  PA:10002500
26840445ns          459322 1c0094ea 40afdf93 srai             x31, x31, 0x40a     x31=00000000 x31:00000004
26840464ns          459323 1c0094ee 40a55513 srai             x10, x10, 0x40a     x10=ffffffff x10:fffffff4
26840484ns          459324 1c0094f0 01cf8fb3 add              x31, x31, x28       x31=00000002 x31:00000000 x28:00000002
26840504ns          459325 1c0094f2 00b50533 add              x10, x10, x11       x10=0000fff6 x10:ffffffff x11:0000fff7
26840524ns          459326 1c0094f4 09015e03 lhu              x28, 144(x2)        x28=0000ffe9  x2:100024d8  PA:10002568
26840544ns          459327 1c0094f8 03012583 lw               x11, 48(x2)         x11=1c002ed8  x2:100024d8  PA:10002508
26840564ns          459328 1c0094fa 00c49023 sh               x12, 0(x9)          x12:000002cd  x9:1c002ec8  PA:1c002ec8
26840882ns          459344 1c0094fe 01b888b3 add              x17, x17, x27       x17=00000010 x17:00000000 x27:00000010
26840902ns          459345 1c009500 01a30333 add              x6, x6, x26          x6=00000060  x6:00000002 x26:0000005e
26840922ns          459346 1c009502 08015d83 lhu              x27, 128(x2)        x27=00000000  x2:100024d8  PA:10002558
26840942ns          459347 1c009506 0000d903 lhu              x18, 0(x1)          x18=0000ffe3  x1:1c002e88  PA:1c002e88
26841240ns          459362 1c00950a 01c686b3 add              x13, x13, x28       x13=0001ffe7 x13:0000fffe x28:0000ffe9
26841260ns          459363 1c00950c 00659023 sh               x6, 0(x11)           x6:00000060 x11:1c002ed8  PA:1c002ed8
26841578ns          459379 1c009510 40af5f13 srai             x30, x30, 0x40a     x30=00000000 x30:00000000
26841598ns          459380 1c009514 04812e03 lw               x28, 72(x2)         x28=1c002f08  x2:100024d8  PA:10002520
26841618ns          459381 1c009516 01bf0f33 add              x30, x30, x27       x30=00000000 x30:00000000 x27:00000000
26841638ns          459382 1c009518 40aede93 srai             x29, x29, 0x40a     x29=ffffffff x29:ffffffa0
26841658ns          459383 1c00951c 40a75713 srai             x14, x14, 0x40a     x14=ffffffff x14:fffffee0
26841678ns          459384 1c00951e 03812603 lw               x12, 56(x2)         x12=1c002ee8  x2:100024d8  PA:10002510
26841698ns          459385 1c009520 04012d83 lw               x27, 64(x2)         x27=1c002ef8  x2:100024d8  PA:10002518
26841717ns          459386 1c009522 01ee1023 sh               x30, 0(x28)         x30:00000000 x28:1c002f08  PA:1c002f08
26842055ns          459403 1c009526 05812483 lw               x9, 88(x2)           x9=1c002e68  x2:100024d8  PA:10002530
26842075ns          459404 1c009528 05012f03 lw               x30, 80(x2)         x30=1c002e78  x2:100024d8  PA:10002528
26842095ns          459405 1c00952a 0a012583 lw               x11, 160(x2)        x11=1c002e98  x2:100024d8  PA:10002578
26842115ns          459406 1c00952c 014787b3 add              x15, x15, x20       x15=0001ff6f x15:0000fffa x20:0000ff75
26842135ns          459407 1c00952e 013e8eb3 add              x29, x29, x19       x29=0000fff6 x29:ffffffff x19:0000fff7
26842155ns          459408 1c009530 01270733 add              x14, x14, x18       x14=0000ffe2 x14:ffffffff x18:0000ffe3
26842175ns          459409 1c009532 00f49023 sh               x15, 0(x9)          x15:0001ff6f  x9:1c002e68  PA:1c002e68
26842513ns          459426 1c009536 01161023 sh               x17, 0(x12)         x17:00000010 x12:1c002ee8  PA:1c002ee8
26842831ns          459442 1c00953a 01fd9023 sh               x31, 0(x27)         x31:00000002 x27:1c002ef8  PA:1c002ef8
26843149ns          459458 1c00953e 00df1023 sh               x13, 0(x30)         x13:0001ffe7 x30:1c002e78  PA:1c002e78
26843487ns          459475 1c009542 01d59023 sh               x29, 0(x11)         x29:0000fff6 x11:1c002e98  PA:1c002e98
26843806ns          459491 1c009546 00e09023 sh               x14, 0(x1)          x14:0000ffe2  x1:1c002e88  PA:1c002e88
26844124ns          459507 1c00954a 01039023 sh               x16, 0(x7)          x16:0000fffa  x7:1c002eb8  PA:1c002eb8
26844442ns          459523 1c00954e 00a29023 sh               x10, 0(x5)          x10:0000fff6  x5:1c002ea8  PA:1c002ea8
26844780ns          459540 1c009552 008b0b13 addi             x22, x22, 8         x22=00000054 x22:0000004c
26844800ns          459541 1c009554 1f300793 addi             x15, x0, 499        x15=000001f3
26844820ns          459542 1c009558 e767dae3 bge              x15, x22, -396      x15:000001f3 x22:00000054
26844919ns          459547 1c0093cc 010c9a0b p.lh             x20, 16(x25!)       x20=000000bf x25=1c002740 x25:1c002730  PA:1c002730
26845257ns          459564 1c0093d0 0104198b p.lh             x19, 16(x8!)        x19=fffffe2c  x8=1c001f08  x8:1c001ef8  PA:1c001ef8
26845556ns          459579 1c0093d4 2cc10513 addi             x10, x2, 716        x10=100027a4  x2:100024d8
26845576ns          459580 1c0093d6 010a990b p.lh             x18, 16(x21!)       x18=00000076 x21=1c001734 x21:1c001724  PA:1c001724
26845874ns          459595 1c0093da 010b948b p.lh             x9, 16(x23!)         x9=fffffe1e x23=1c000f64 x23:1c000f54  PA:1c000f54
26846172ns          459610 1c0093de 2d411623 sh               x20, 716(x2)        x20:000000bf  x2:100024d8  PA:100027a4
26846212ns          459612 1c0093e2 2d311723 sh               x19, 718(x2)        x19:fffffe2c  x2:100024d8  PA:100027a6
26846232ns          459613 1c0093e6 c33ff0ef jal              x1, -974             x1=1c0093e8
26846312ns          459617 1c009018 00051803 lh               x16, 0(x10)         x16=000000bf x10:100027a4  PA:100027a4
26846351ns          459619 1c00901c 00251883 lh               x17, 2(x10)         x17=fffffe2c x10:100027a4  PA:100027a6
26846371ns          459620 1c009020 030806b3 mul              x13, x16, x16       x13=00008e81 x16:000000bf x16:000000bf
26846391ns          459621 1c009024 03188633 mul              x12, x17, x17       x12=00035790 x17:fffffe2c x17:fffffe2c
26846411ns          459622 1c009028 40a65613 srai             x12, x12, 0x40a     x12=000000d5 x12:00035790
26846431ns          459623 1c00902a 40a6d693 srai             x13, x13, 0x40a     x13=00000023 x13:00008e81
26846451ns          459624 1c00902c 00c686b3 add              x13, x13, x12       x13=000000f8 x13:00000023 x12:000000d5
26846471ns          459625 1c00902e 1006c633 p.exths          x12, x13, x0        x12=000000f8 x13:000000f8
26846491ns          459626 1c009032 00855703 lhu              x14, 8(x10)         x14=0000ffd1 x10:100027a4  PA:100027ac
26846510ns          459627 1c009036 00a55683 lhu              x13, 10(x10)        x13=0000ff6a x10:100027a4  PA:100027ae
26846530ns          459628 1c00903a 02c60333 mul              x6, x12, x12         x6=0000f040 x12:000000f8 x12:000000f8
26846570ns          459630 1c00903e 00c55783 lhu              x15, 12(x10)        x15=0000ffe5 x10:100027a4  PA:100027b0
26846610ns          459632 1c009042 00e55583 lhu              x11, 14(x10)        x11=00000060 x10:100027a4  PA:100027b2
26846630ns          459633 1c009046 dea30333 p.extract        x6, x6, 15, 10       x6=0000003c  x6:0000f040
26846650ns          459634 1c00904a 80c7075b p.muls           x14, x14, x12       x14=ffffd278 x14:0000ffd1 x12:000000f8
26846709ns          459637 1c00904e 80c686db p.muls           x13, x13, x12       x13=ffff6eb0 x13:0000ff6a x12:000000f8
26846749ns          459639 1c009052 00455e83 lhu              x29, 4(x10)         x29=00000427 x10:100027a4  PA:100027a8
26846769ns          459640 1c009056 00655e03 lhu              x28, 6(x10)         x28=0000007f x10:100027a4  PA:100027aa
26846789ns          459641 1c00905a 40a75713 srai             x14, x14, 0x40a     x14=fffffff4 x14:ffffd278
26846809ns          459642 1c00905c 806787db p.muls           x15, x15, x6        x15=fffff9ac x15:0000ffe5  x6:0000003c
26846829ns          459643 1c009060 40a6d693 srai             x13, x13, 0x40a     x13=ffffffdb x13:ffff6eb0
26846848ns          459644 1c009062 8065865b p.muls           x12, x11, x6        x12=00001680 x11:00000060  x6:0000003c
26846868ns          459645 1c009066 40a7d793 srai             x15, x15, 0x40a     x15=fffffffe x15:fffff9ac
26846888ns          459646 1c009068 40a65613 srai             x12, x12, 0x40a     x12=00000005 x12:00001680
26846908ns          459647 1c00906a 01d70733 add              x14, x14, x29       x14=0000041b x14:fffffff4 x29:00000427
26846928ns          459648 1c00906c 01c686b3 add              x13, x13, x28       x13=0000005a x13:ffffffdb x28:0000007f
26846948ns          459649 1c00906e 00c686b3 add              x13, x13, x12       x13=0000005f x13:0000005a x12:00000005
26846968ns          459650 1c009070 00f70733 add              x14, x14, x15       x14=00000419 x14:0000041b x15:fffffffe
26846988ns          459651 1c009072 100747b3 p.exths          x15, x14, x0        x15=00000419 x14:00000419
26847008ns          459652 1c009076 1006c733 p.exths          x14, x13, x0        x14=0000005f x13:0000005f
26847027ns          459653 1c00907a 03170633 mul              x12, x14, x17       x12=ffff5254 x14:0000005f x17:fffffe2c
26847047ns          459654 1c00907e 030786b3 mul              x13, x15, x16       x13=00030ea7 x15:00000419 x16:000000bf
26847067ns          459655 1c009082 03070733 mul              x14, x14, x16       x14=000046e1 x14:0000005f x16:000000bf
26847087ns          459656 1c009086 031787b3 mul              x15, x15, x17       x15=fff8824c x15:00000419 x17:fffffe2c
26847107ns          459657 1c00908a 40a6d693 srai             x13, x13, 0x40a     x13=000000c3 x13:00030ea7
26847127ns          459658 1c00908c 40a65613 srai             x12, x12, 0x40a     x12=ffffffd4 x12:ffff5254
26847147ns          459659 1c00908e 40a7d793 srai             x15, x15, 0x40a     x15=fffffe20 x15:fff8824c
26847167ns          459660 1c009090 40a75713 srai             x14, x14, 0x40a     x14=00000011 x14:000046e1
26847187ns          459661 1c009092 40c686b3 sub              x13, x13, x12       x13=000000ef x13:000000c3 x12:ffffffd4
26847206ns          459662 1c009094 00e787b3 add              x15, x15, x14       x15=fffffe31 x15:fffffe20 x14:00000011
26847226ns          459663 1c009096 00d51823 sh               x13, 16(x10)        x13:000000ef x10:100027a4  PA:100027b4
26847246ns          459664 1c00909a 00f51923 sh               x15, 18(x10)        x15:fffffe31 x10:100027a4  PA:100027b6
26847266ns          459665 1c00909e 00008067 jalr             x0, x1, 0            x1:1c0093e8
26847306ns          459667 1c0093e8 2dc15583 lhu              x11, 732(x2)        x11=000000ef  x2:100024d8  PA:100027b4
26847326ns          459668 1c0093ec 2de15783 lhu              x15, 734(x2)        x15=0000fe31  x2:100024d8  PA:100027b6
26847346ns          459669 1c0093f0 40b90933 sub              x18, x18, x11       x18=ffffff87 x18:00000076 x11:000000ef
26847366ns          459670 1c0093f4 40f484b3 sub              x9, x9, x15          x9=fffeffed  x9:fffffe1e x15:0000fe31
26847385ns          459671 1c0093f6 100945b3 p.exths          x11, x18, x0        x11=ffffff87 x18:ffffff87
26847405ns          459672 1c0093fa 1004c7b3 p.exths          x15, x9, x0         x15=ffffffed  x9:fffeffed
26847425ns          459673 1c0093fe 034586b3 mul              x13, x11, x20       x13=ffffa5b9 x11:ffffff87 x20:000000bf
26847445ns          459674 1c009402 03378533 mul              x10, x15, x19       x10=000022bc x15:ffffffed x19:fffffe2c
26847465ns          459675 1c009406 034a0633 mul              x12, x20, x20       x12=00008e81 x20:000000bf x20:000000bf
26847485ns          459676 1c00940a 03398733 mul              x14, x19, x19       x14=00035790 x19:fffffe2c x19:fffffe2c
26847545ns          459679 1c00940e 034787b3 mul              x15, x15, x20       x15=fffff1d3 x15:ffffffed x20:000000bf
26847584ns          459681 1c009412 033585b3 mul              x11, x11, x19       x11=0000dd34 x11:ffffff87 x19:fffffe2c
26847604ns          459682 1c009416 40a75713 srai             x14, x14, 0x40a     x14=000000d5 x14:00035790
26847624ns          459683 1c009418 40a5d593 srai             x11, x11, 0x40a     x11=00000037 x11:0000dd34
26847644ns          459684 1c00941a 40a65613 srai             x12, x12, 0x40a     x12=00000023 x12:00008e81
26847664ns          459685 1c00941c 40a7d793 srai             x15, x15, 0x40a     x15=fffffffc x15:fffff1d3
26847684ns          459686 1c00941e 1c0034b7 lui              x9, 0x1c003000       x9=1c003000
26847704ns          459687 1c009422 00e60633 add              x12, x12, x14       x12=000000f8 x12:00000023 x14:000000d5
26847724ns          459688 1c009424 40b787b3 sub              x15, x15, x11       x15=ffffffc5 x15:fffffffc x11:00000037
26847743ns          459689 1c009426 eb048493 addi             x9, x9, -336         x9=1c002eb0  x9:1c003000
26847763ns          459690 1c00942a 1c0032b7 lui              x5, 0x1c003000       x5=1c003000
26847783ns          459691 1c00942e 1c0035b7 lui              x11, 0x1c003000     x11=1c003000
26847803ns          459692 1c009432 018483b3 add              x7, x9, x24          x7=1c002eb8  x9:1c002eb0 x24:00000008
26847823ns          459693 1c009436 02812e83 lw               x29, 40(x2)         x29=1c002ec8  x2:100024d8  PA:10002500
26847843ns          459694 1c009438 10065633 p.exthz          x12, x12, x0        x12=000000f8 x12:000000f8
26847863ns          459695 1c00943c e8028293 addi             x5, x5, -384         x5=1c002e80  x5:1c003000
26847883ns          459696 1c009440 ea058593 addi             x11, x11, -352      x11=1c002ea0 x11:1c003000
26847903ns          459697 1c009444 03812483 lw               x9, 56(x2)           x9=1c002ee8  x2:100024d8  PA:10002510
26847922ns          459698 1c009446 10064733 p.exths          x14, x12, x0        x14=000000f8 x12:000000f8
26847942ns          459699 1c00944a 018280b3 add              x1, x5, x24          x1=1c002e88  x5:1c002e80 x24:00000008
26847962ns          459700 1c00944e 03012f03 lw               x30, 48(x2)         x30=1c002ed8  x2:100024d8  PA:10002508
26847982ns          459701 1c009450 018582b3 add              x5, x11, x24         x5=1c002ea8 x11:1c002ea0 x24:00000008
26848002ns          459702 1c009454 04012583 lw               x11, 64(x2)         x11=1c002ef8  x2:100024d8  PA:10002518
26848022ns          459703 1c009456 000edd83 lhu              x27, 0(x29)         x27=000002cd x29:1c002ec8  PA:1c002ec8
26848320ns          459718 1c00945a 0004d483 lhu              x9, 0(x9)            x9=00000010  x9:1c002ee8  PA:1c002ee8
26848638ns          459734 1c00945e 02e70333 mul              x6, x14, x14         x6=0000f040 x14:000000f8 x14:000000f8
26848658ns          459735 1c009462 40a55513 srai             x10, x10, 0x40a     x10=00000008 x10:000022bc
26848678ns          459736 1c009464 04812e83 lw               x29, 72(x2)         x29=1c002f08  x2:100024d8  PA:10002520
26848698ns          459737 1c009466 40a6d693 srai             x13, x13, 0x40a     x13=ffffffe9 x13:ffffa5b9
26848718ns          459738 1c009468 000f5d03 lhu              x26, 0(x30)         x26=00000060 x30:1c002ed8  PA:1c002ed8
26849016ns          459753 1c00946c 0005d583 lhu              x11, 0(x11)         x11=00000002 x11:1c002ef8  PA:1c002ef8
26849315ns          459768 1c009470 40a35313 srai             x6, x6, 0x40a        x6=0000003c  x6:0000f040
26849334ns          459769 1c009474 00a686b3 add              x13, x13, x10       x13=fffffff1 x13:ffffffe9 x10:00000008
26849354ns          459770 1c009476 05012f03 lw               x30, 80(x2)         x30=1c002e78  x2:100024d8  PA:10002528
26849374ns          459771 1c009478 10034e33 p.exths          x28, x6, x0         x28=0000003c  x6:0000003c
26849394ns          459772 1c00947c 06911023 sh               x9, 96(x2)           x9:00000010  x2:100024d8  PA:10002538
26849414ns          459773 1c009480 000ede83 lhu              x29, 0(x29)         x29=00000000 x29:1c002f08  PA:1c002f08
26849712ns          459788 1c009484 05812483 lw               x9, 88(x2)           x9=1c002e68  x2:100024d8  PA:10002530
26849732ns          459789 1c009486 1006d6b3 p.exthz          x13, x13, x0        x13=0000fff1 x13:fffffff1
26849752ns          459790 1c00948a 02ee08b3 mul              x17, x28, x14       x17=00003a20 x28:0000003c x14:000000f8
26849772ns          459791 1c00948e 1006c833 p.exths          x16, x13, x0        x16=fffffff1 x13:0000fff1
26849792ns          459792 1c009492 06b11823 sh               x11, 112(x2)        x11:00000002  x2:100024d8  PA:10002548
26849812ns          459793 1c009496 000f5f03 lhu              x30, 0(x30)         x30=0000ffe7 x30:1c002e78  PA:1c002e78
26850110ns          459808 1c00949a 0a012583 lw               x11, 160(x2)        x11=1c002e98  x2:100024d8  PA:10002578
26850130ns          459809 1c00949c 1007d7b3 p.exthz          x15, x15, x0        x15=0000ffc5 x15:ffffffc5
26850150ns          459810 1c0094a0 0004da03 lhu              x20, 0(x9)          x20=0000ff6f  x9:1c002e68  PA:1c002e68
26850448ns          459825 1c0094a4 1007c533 p.exths          x10, x15, x0        x10=ffffffc5 x15:0000ffc5
26850468ns          459826 1c0094a8 09d11023 sh               x29, 128(x2)        x29:00000000  x2:100024d8  PA:10002558
26850488ns          459827 1c0094ac 0003d483 lhu              x9, 0(x7)            x9=0000fffa  x7:1c002eb8  PA:1c002eb8
26850826ns          459844 1c0094b0 02e80eb3 mul              x29, x16, x14       x29=fffff178 x16:fffffff1 x14:000000f8
26850846ns          459845 1c0094b4 40a8d893 srai             x17, x17, 0x40a     x17=0000000e x17:00003a20
26850866ns          459846 1c0094b8 03c80833 mul              x16, x16, x28       x16=fffffc7c x16:fffffff1 x28:0000003c
26850886ns          459847 1c0094bc 09e11823 sh               x30, 144(x2)        x30:0000ffe7  x2:100024d8  PA:10002568
26850906ns          459848 1c0094c0 0005d983 lhu              x19, 0(x11)         x19=0000fff6 x11:1c002e98  PA:1c002e98
26851204ns          459863 1c0094c4 81c88f5b p.muls           x30, x17, x28       x30=00000348 x17:0000000e x28:0000003c
26851224ns          459864 1c0094c8 0002d583 lhu              x11, 0(x5)          x11=0000fff6  x5:1c002ea8  PA:1c002ea8
26851522ns          459879 1c0094cc 03ce0fb3 mul              x31, x28, x28       x31=00000e10 x28:0000003c x28:0000003c
26851542ns          459880 1c0094d0 02e50733 mul              x14, x10, x14       x14=ffffc6d8 x10:ffffffc5 x14:000000f8
26851562ns          459881 1c0094d4 40a85813 srai             x16, x16, 0x40a     x16=ffffffff x16:fffffc7c
26851582ns          459882 1c0094d8 03c50533 mul              x10, x10, x28       x10=fffff22c x10:ffffffc5 x28:0000003c
26851602ns          459883 1c0094dc 07015e03 lhu              x28, 112(x2)        x28=00000002  x2:100024d8  PA:10002548
26851642ns          459885 1c0094e0 01b60633 add              x12, x12, x27       x12=000003c5 x12:000000f8 x27:000002cd
26851661ns          459886 1c0094e2 00980833 add              x16, x16, x9        x16=0000fff9 x16:ffffffff  x9:0000fffa
26851681ns          459887 1c0094e4 06015d83 lhu              x27, 96(x2)         x27=00000010  x2:100024d8  PA:10002538
26851701ns          459888 1c0094e8 02812483 lw               x9, 40(x2)           x9=1c002ec8  x2:100024d8  PA:10002500
26851721ns          459889 1c0094ea 40afdf93 srai             x31, x31, 0x40a     x31=00000003 x31:00000e10
26851741ns          459890 1c0094ee 40a55513 srai             x10, x10, 0x40a     x10=fffffffc x10:fffff22c
26851761ns          459891 1c0094f0 01cf8fb3 add              x31, x31, x28       x31=00000005 x31:00000003 x28:00000002
26851781ns          459892 1c0094f2 00b50533 add              x10, x10, x11       x10=0000fff2 x10:fffffffc x11:0000fff6
26851801ns          459893 1c0094f4 09015e03 lhu              x28, 144(x2)        x28=0000ffe7  x2:100024d8  PA:10002568
26851820ns          459894 1c0094f8 03012583 lw               x11, 48(x2)         x11=1c002ed8  x2:100024d8  PA:10002508
26851840ns          459895 1c0094fa 00c49023 sh               x12, 0(x9)          x12:000003c5  x9:1c002ec8  PA:1c002ec8
26852159ns          459911 1c0094fe 01b888b3 add              x17, x17, x27       x17=0000001e x17:0000000e x27:00000010
26852178ns          459912 1c009500 01a30333 add              x6, x6, x26          x6=0000009c  x6:0000003c x26:00000060
26852198ns          459913 1c009502 08015d83 lhu              x27, 128(x2)        x27=00000000  x2:100024d8  PA:10002558
26852218ns          459914 1c009506 0000d903 lhu              x18, 0(x1)          x18=0000ffe2  x1:1c002e88  PA:1c002e88
26852556ns          459931 1c00950a 01c686b3 add              x13, x13, x28       x13=0001ffd8 x13:0000fff1 x28:0000ffe7
26852576ns          459932 1c00950c 00659023 sh               x6, 0(x11)           x6:0000009c x11:1c002ed8  PA:1c002ed8
26852894ns          459948 1c009510 40af5f13 srai             x30, x30, 0x40a     x30=00000000 x30:00000348
26852914ns          459949 1c009514 04812e03 lw               x28, 72(x2)         x28=1c002f08  x2:100024d8  PA:10002520
26852934ns          459950 1c009516 01bf0f33 add              x30, x30, x27       x30=00000000 x30:00000000 x27:00000000
26852954ns          459951 1c009518 40aede93 srai             x29, x29, 0x40a     x29=fffffffc x29:fffff178
26852974ns          459952 1c00951c 40a75713 srai             x14, x14, 0x40a     x14=fffffff1 x14:ffffc6d8
26852994ns          459953 1c00951e 03812603 lw               x12, 56(x2)         x12=1c002ee8  x2:100024d8  PA:10002510
26853014ns          459954 1c009520 04012d83 lw               x27, 64(x2)         x27=1c002ef8  x2:100024d8  PA:10002518
26853034ns          459955 1c009522 01ee1023 sh               x30, 0(x28)         x30:00000000 x28:1c002f08  PA:1c002f08
26853372ns          459972 1c009526 05812483 lw               x9, 88(x2)           x9=1c002e68  x2:100024d8  PA:10002530
26853392ns          459973 1c009528 05012f03 lw               x30, 80(x2)         x30=1c002e78  x2:100024d8  PA:10002528
26853412ns          459974 1c00952a 0a012583 lw               x11, 160(x2)        x11=1c002e98  x2:100024d8  PA:10002578
26853431ns          459975 1c00952c 014787b3 add              x15, x15, x20       x15=0001ff34 x15:0000ffc5 x20:0000ff6f
26853451ns          459976 1c00952e 013e8eb3 add              x29, x29, x19       x29=0000fff2 x29:fffffffc x19:0000fff6
26853471ns          459977 1c009530 01270733 add              x14, x14, x18       x14=0000ffd3 x14:fffffff1 x18:0000ffe2
26853491ns          459978 1c009532 00f49023 sh               x15, 0(x9)          x15:0001ff34  x9:1c002e68  PA:1c002e68
26853849ns          459996 1c009536 01161023 sh               x17, 0(x12)         x17:0000001e x12:1c002ee8  PA:1c002ee8
26854167ns          460012 1c00953a 01fd9023 sh               x31, 0(x27)         x31:00000005 x27:1c002ef8  PA:1c002ef8
26854485ns          460028 1c00953e 00df1023 sh               x13, 0(x30)         x13:0001ffd8 x30:1c002e78  PA:1c002e78
26854804ns          460044 1c009542 01d59023 sh               x29, 0(x11)         x29:0000fff2 x11:1c002e98  PA:1c002e98
26855122ns          460060 1c009546 00e09023 sh               x14, 0(x1)          x14:0000ffd3  x1:1c002e88  PA:1c002e88
26855440ns          460076 1c00954a 01039023 sh               x16, 0(x7)          x16:0000fff9  x7:1c002eb8  PA:1c002eb8
26855758ns          460092 1c00954e 00a29023 sh               x10, 0(x5)          x10:0000fff2  x5:1c002ea8  PA:1c002ea8
26856077ns          460108 1c009552 008b0b13 addi             x22, x22, 8         x22=0000005c x22:00000054
26856096ns          460109 1c009554 1f300793 addi             x15, x0, 499        x15=000001f3
26856116ns          460110 1c009558 e767dae3 bge              x15, x22, -396      x15:000001f3 x22:0000005c
26856176ns          460113 1c0093cc 010c9a0b p.lh             x20, 16(x25!)       x20=fffffedf x25=1c002750 x25:1c002740  PA:1c002740
26856554ns          460132 1c0093d0 0104198b p.lh             x19, 16(x8!)        x19=ffffffe8  x8=1c001f18  x8:1c001f08  PA:1c001f08
26856852ns          460147 1c0093d4 2cc10513 addi             x10, x2, 716        x10=100027a4  x2:100024d8
26856872ns          460148 1c0093d6 010a990b p.lh             x18, 16(x21!)       x18=fffffed3 x21=1c001744 x21:1c001734  PA:1c001734
26857170ns          460163 1c0093da 010b948b p.lh             x9, 16(x23!)         x9=fffffff1 x23=1c000f74 x23:1c000f64  PA:1c000f64
26857469ns          460178 1c0093de 2d411623 sh               x20, 716(x2)        x20:fffffedf  x2:100024d8  PA:100027a4
26857508ns          460180 1c0093e2 2d311723 sh               x19, 718(x2)        x19:ffffffe8  x2:100024d8  PA:100027a6
26857528ns          460181 1c0093e6 c33ff0ef jal              x1, -974             x1=1c0093e8
26857568ns          460183 1c009018 00051803 lh               x16, 0(x10)         x16=fffffedf x10:100027a4  PA:100027a4
26857588ns          460184 1c00901c 00251883 lh               x17, 2(x10)         x17=ffffffe8 x10:100027a4  PA:100027a6
26857608ns          460185 1c009020 030806b3 mul              x13, x16, x16       x13=00014641 x16:fffffedf x16:fffffedf
26857628ns          460186 1c009024 03188633 mul              x12, x17, x17       x12=00000240 x17:ffffffe8 x17:ffffffe8
26857648ns          460187 1c009028 40a65613 srai             x12, x12, 0x40a     x12=00000000 x12:00000240
26857668ns          460188 1c00902a 40a6d693 srai             x13, x13, 0x40a     x13=00000051 x13:00014641
26857687ns          460189 1c00902c 00c686b3 add              x13, x13, x12       x13=00000051 x13:00000051 x12:00000000
26857707ns          460190 1c00902e 1006c633 p.exths          x12, x13, x0        x12=00000051 x13:00000051
26857727ns          460191 1c009032 00855703 lhu              x14, 8(x10)         x14=0000ffd1 x10:100027a4  PA:100027ac
26857747ns          460192 1c009036 00a55683 lhu              x13, 10(x10)        x13=0000ff6a x10:100027a4  PA:100027ae
26857767ns          460193 1c00903a 02c60333 mul              x6, x12, x12         x6=000019a1 x12:00000051 x12:00000051
26857807ns          460195 1c00903e 00c55783 lhu              x15, 12(x10)        x15=0000ffe5 x10:100027a4  PA:100027b0
26857847ns          460197 1c009042 00e55583 lhu              x11, 14(x10)        x11=00000060 x10:100027a4  PA:100027b2
26857866ns          460198 1c009046 dea30333 p.extract        x6, x6, 15, 10       x6=00000006  x6:000019a1
26857886ns          460199 1c00904a 80c7075b p.muls           x14, x14, x12       x14=fffff121 x14:0000ffd1 x12:00000051
26857906ns          460200 1c00904e 80c686db p.muls           x13, x13, x12       x13=ffffd08a x13:0000ff6a x12:00000051
26857926ns          460201 1c009052 00455e83 lhu              x29, 4(x10)         x29=00000427 x10:100027a4  PA:100027a8
26857946ns          460202 1c009056 00655e03 lhu              x28, 6(x10)         x28=0000007f x10:100027a4  PA:100027aa
26857966ns          460203 1c00905a 40a75713 srai             x14, x14, 0x40a     x14=fffffffc x14:fffff121
26857986ns          460204 1c00905c 806787db p.muls           x15, x15, x6        x15=ffffff5e x15:0000ffe5  x6:00000006
26858026ns          460206 1c009060 40a6d693 srai             x13, x13, 0x40a     x13=fffffff4 x13:ffffd08a
26858065ns          460208 1c009062 8065865b p.muls           x12, x11, x6        x12=00000240 x11:00000060  x6:00000006
26858085ns          460209 1c009066 40a7d793 srai             x15, x15, 0x40a     x15=ffffffff x15:ffffff5e
26858105ns          460210 1c009068 40a65613 srai             x12, x12, 0x40a     x12=00000000 x12:00000240
26858125ns          460211 1c00906a 01d70733 add              x14, x14, x29       x14=00000423 x14:fffffffc x29:00000427
26858145ns          460212 1c00906c 01c686b3 add              x13, x13, x28       x13=00000073 x13:fffffff4 x28:0000007f
26858165ns          460213 1c00906e 00c686b3 add              x13, x13, x12       x13=00000073 x13:00000073 x12:00000000
26858185ns          460214 1c009070 00f70733 add              x14, x14, x15       x14=00000422 x14:00000423 x15:ffffffff
26858205ns          460215 1c009072 100747b3 p.exths          x15, x14, x0        x15=00000422 x14:00000422
26858224ns          460216 1c009076 1006c733 p.exths          x14, x13, x0        x14=00000073 x13:00000073
26858244ns          460217 1c00907a 03170633 mul              x12, x14, x17       x12=fffff538 x14:00000073 x17:ffffffe8
26858264ns          460218 1c00907e 030786b3 mul              x13, x15, x16       x13=fffb559e x15:00000422 x16:fffffedf
26858284ns          460219 1c009082 03070733 mul              x14, x14, x16       x14=ffff7e2d x14:00000073 x16:fffffedf
26858304ns          460220 1c009086 031787b3 mul              x15, x15, x17       x15=ffff9cd0 x15:00000422 x17:ffffffe8
26858324ns          460221 1c00908a 40a6d693 srai             x13, x13, 0x40a     x13=fffffed5 x13:fffb559e
26858344ns          460222 1c00908c 40a65613 srai             x12, x12, 0x40a     x12=fffffffd x12:fffff538
26858364ns          460223 1c00908e 40a7d793 srai             x15, x15, 0x40a     x15=ffffffe7 x15:ffff9cd0
26858384ns          460224 1c009090 40a75713 srai             x14, x14, 0x40a     x14=ffffffdf x14:ffff7e2d
26858403ns          460225 1c009092 40c686b3 sub              x13, x13, x12       x13=fffffed8 x13:fffffed5 x12:fffffffd
26858423ns          460226 1c009094 00e787b3 add              x15, x15, x14       x15=ffffffc6 x15:ffffffe7 x14:ffffffdf
26858443ns          460227 1c009096 00d51823 sh               x13, 16(x10)        x13:fffffed8 x10:100027a4  PA:100027b4
26858463ns          460228 1c00909a 00f51923 sh               x15, 18(x10)        x15:ffffffc6 x10:100027a4  PA:100027b6
26858483ns          460229 1c00909e 00008067 jalr             x0, x1, 0            x1:1c0093e8
26858602ns          460235 1c0093e8 2dc15583 lhu              x11, 732(x2)        x11=0000fed8  x2:100024d8  PA:100027b4
26858642ns          460237 1c0093ec 2de15783 lhu              x15, 734(x2)        x15=0000ffc6  x2:100024d8  PA:100027b6
26858662ns          460238 1c0093f0 40b90933 sub              x18, x18, x11       x18=fffefffb x18:fffffed3 x11:0000fed8
26858682ns          460239 1c0093f4 40f484b3 sub              x9, x9, x15          x9=ffff002b  x9:fffffff1 x15:0000ffc6
26858702ns          460240 1c0093f6 100945b3 p.exths          x11, x18, x0        x11=fffffffb x18:fffefffb
26858722ns          460241 1c0093fa 1004c7b3 p.exths          x15, x9, x0         x15=0000002b  x9:ffff002b
26858742ns          460242 1c0093fe 034586b3 mul              x13, x11, x20       x13=000005a5 x11:fffffffb x20:fffffedf
26858761ns          460243 1c009402 03378533 mul              x10, x15, x19       x10=fffffbf8 x15:0000002b x19:ffffffe8
26858781ns          460244 1c009406 034a0633 mul              x12, x20, x20       x12=00014641 x20:fffffedf x20:fffffedf
26858801ns          460245 1c00940a 03398733 mul              x14, x19, x19       x14=00000240 x19:ffffffe8 x19:ffffffe8
26858861ns          460248 1c00940e 034787b3 mul              x15, x15, x20       x15=ffffcf75 x15:0000002b x20:fffffedf
26858901ns          460250 1c009412 033585b3 mul              x11, x11, x19       x11=00000078 x11:fffffffb x19:ffffffe8
26858921ns          460251 1c009416 40a75713 srai             x14, x14, 0x40a     x14=00000000 x14:00000240
26858940ns          460252 1c009418 40a5d593 srai             x11, x11, 0x40a     x11=00000000 x11:00000078
26858960ns          460253 1c00941a 40a65613 srai             x12, x12, 0x40a     x12=00000051 x12:00014641
26858980ns          460254 1c00941c 40a7d793 srai             x15, x15, 0x40a     x15=fffffff3 x15:ffffcf75
26859000ns          460255 1c00941e 1c0034b7 lui              x9, 0x1c003000       x9=1c003000
26859020ns          460256 1c009422 00e60633 add              x12, x12, x14       x12=00000051 x12:00000051 x14:00000000
26859040ns          460257 1c009424 40b787b3 sub              x15, x15, x11       x15=fffffff3 x15:fffffff3 x11:00000000
26859060ns          460258 1c009426 eb048493 addi             x9, x9, -336         x9=1c002eb0  x9:1c003000
26859080ns          460259 1c00942a 1c0032b7 lui              x5, 0x1c003000       x5=1c003000
26859100ns          460260 1c00942e 1c0035b7 lui              x11, 0x1c003000     x11=1c003000
26859119ns          460261 1c009432 018483b3 add              x7, x9, x24          x7=1c002eb8  x9:1c002eb0 x24:00000008
26859139ns          460262 1c009436 02812e83 lw               x29, 40(x2)         x29=1c002ec8  x2:100024d8  PA:10002500
26859159ns          460263 1c009438 10065633 p.exthz          x12, x12, x0        x12=00000051 x12:00000051
26859179ns          460264 1c00943c e8028293 addi             x5, x5, -384         x5=1c002e80  x5:1c003000
26859199ns          460265 1c009440 ea058593 addi             x11, x11, -352      x11=1c002ea0 x11:1c003000
26859219ns          460266 1c009444 03812483 lw               x9, 56(x2)           x9=1c002ee8  x2:100024d8  PA:10002510
26859239ns          460267 1c009446 10064733 p.exths          x14, x12, x0        x14=00000051 x12:00000051
26859259ns          460268 1c00944a 018280b3 add              x1, x5, x24          x1=1c002e88  x5:1c002e80 x24:00000008
26859278ns          460269 1c00944e 03012f03 lw               x30, 48(x2)         x30=1c002ed8  x2:100024d8  PA:10002508
26859298ns          460270 1c009450 018582b3 add              x5, x11, x24         x5=1c002ea8 x11:1c002ea0 x24:00000008
26859338ns          460272 1c009454 04012583 lw               x11, 64(x2)         x11=1c002ef8  x2:100024d8  PA:10002518
26859358ns          460273 1c009456 000edd83 lhu              x27, 0(x29)         x27=000003c5 x29:1c002ec8  PA:1c002ec8
26859656ns          460288 1c00945a 0004d483 lhu              x9, 0(x9)            x9=0000001e  x9:1c002ee8  PA:1c002ee8
26859955ns          460303 1c00945e 02e70333 mul              x6, x14, x14         x6=000019a1 x14:00000051 x14:00000051
26859975ns          460304 1c009462 40a55513 srai             x10, x10, 0x40a     x10=fffffffe x10:fffffbf8
26859994ns          460305 1c009464 04812e83 lw               x29, 72(x2)         x29=1c002f08  x2:100024d8  PA:10002520
26860014ns          460306 1c009466 40a6d693 srai             x13, x13, 0x40a     x13=00000001 x13:000005a5
26860034ns          460307 1c009468 000f5d03 lhu              x26, 0(x30)         x26=0000009c x30:1c002ed8  PA:1c002ed8
26860372ns          460324 1c00946c 0005d583 lhu              x11, 0(x11)         x11=00000005 x11:1c002ef8  PA:1c002ef8
26860691ns          460340 1c009470 40a35313 srai             x6, x6, 0x40a        x6=00000006  x6:000019a1
26860710ns          460341 1c009474 00a686b3 add              x13, x13, x10       x13=ffffffff x13:00000001 x10:fffffffe
26860730ns          460342 1c009476 05012f03 lw               x30, 80(x2)         x30=1c002e78  x2:100024d8  PA:10002528
26860750ns          460343 1c009478 10034e33 p.exths          x28, x6, x0         x28=00000006  x6:00000006
26860770ns          460344 1c00947c 06911023 sh               x9, 96(x2)           x9:0000001e  x2:100024d8  PA:10002538
26860790ns          460345 1c009480 000ede83 lhu              x29, 0(x29)         x29=00000000 x29:1c002f08  PA:1c002f08
26861088ns          460360 1c009484 05812483 lw               x9, 88(x2)           x9=1c002e68  x2:100024d8  PA:10002530
26861108ns          460361 1c009486 1006d6b3 p.exthz          x13, x13, x0        x13=0000ffff x13:ffffffff
26861128ns          460362 1c00948a 02ee08b3 mul              x17, x28, x14       x17=000001e6 x28:00000006 x14:00000051
26861148ns          460363 1c00948e 1006c833 p.exths          x16, x13, x0        x16=ffffffff x13:0000ffff
26861168ns          460364 1c009492 06b11823 sh               x11, 112(x2)        x11:00000005  x2:100024d8  PA:10002548
26861188ns          460365 1c009496 000f5f03 lhu              x30, 0(x30)         x30=0000ffd8 x30:1c002e78  PA:1c002e78
26861566ns          460384 1c00949a 0a012583 lw               x11, 160(x2)        x11=1c002e98  x2:100024d8  PA:10002578
26861586ns          460385 1c00949c 1007d7b3 p.exthz          x15, x15, x0        x15=0000fff3 x15:fffffff3
26861605ns          460386 1c0094a0 0004da03 lhu              x20, 0(x9)          x20=0000ff34  x9:1c002e68  PA:1c002e68
26861983ns          460405 1c0094a4 1007c533 p.exths          x10, x15, x0        x10=fffffff3 x15:0000fff3
26862003ns          460406 1c0094a8 09d11023 sh               x29, 128(x2)        x29:00000000  x2:100024d8  PA:10002558
26862023ns          460407 1c0094ac 0003d483 lhu              x9, 0(x7)            x9=0000fff9  x7:1c002eb8  PA:1c002eb8
26862381ns          460425 1c0094b0 02e80eb3 mul              x29, x16, x14       x29=ffffffaf x16:ffffffff x14:00000051
26862401ns          460426 1c0094b4 40a8d893 srai             x17, x17, 0x40a     x17=00000000 x17:000001e6
26862421ns          460427 1c0094b8 03c80833 mul              x16, x16, x28       x16=fffffffa x16:ffffffff x28:00000006
26862441ns          460428 1c0094bc 09e11823 sh               x30, 144(x2)        x30:0000ffd8  x2:100024d8  PA:10002568
26862461ns          460429 1c0094c0 0005d983 lhu              x19, 0(x11)         x19=0000fff2 x11:1c002e98  PA:1c002e98
26862759ns          460444 1c0094c4 81c88f5b p.muls           x30, x17, x28       x30=00000000 x17:00000000 x28:00000006
26862779ns          460445 1c0094c8 0002d583 lhu              x11, 0(x5)          x11=0000fff2  x5:1c002ea8  PA:1c002ea8
26863077ns          460460 1c0094cc 03ce0fb3 mul              x31, x28, x28       x31=00000024 x28:00000006 x28:00000006
26863097ns          460461 1c0094d0 02e50733 mul              x14, x10, x14       x14=fffffbe3 x10:fffffff3 x14:00000051
26863117ns          460462 1c0094d4 40a85813 srai             x16, x16, 0x40a     x16=ffffffff x16:fffffffa
26863137ns          460463 1c0094d8 03c50533 mul              x10, x10, x28       x10=ffffffb2 x10:fffffff3 x28:00000006
26863157ns          460464 1c0094dc 07015e03 lhu              x28, 112(x2)        x28=00000005  x2:100024d8  PA:10002548
26863196ns          460466 1c0094e0 01b60633 add              x12, x12, x27       x12=00000416 x12:00000051 x27:000003c5
26863216ns          460467 1c0094e2 00980833 add              x16, x16, x9        x16=0000fff8 x16:ffffffff  x9:0000fff9
26863236ns          460468 1c0094e4 06015d83 lhu              x27, 96(x2)         x27=0000001e  x2:100024d8  PA:10002538
26863256ns          460469 1c0094e8 02812483 lw               x9, 40(x2)           x9=1c002ec8  x2:100024d8  PA:10002500
26863276ns          460470 1c0094ea 40afdf93 srai             x31, x31, 0x40a     x31=00000000 x31:00000024
26863296ns          460471 1c0094ee 40a55513 srai             x10, x10, 0x40a     x10=ffffffff x10:ffffffb2
26863316ns          460472 1c0094f0 01cf8fb3 add              x31, x31, x28       x31=00000005 x31:00000000 x28:00000005
26863336ns          460473 1c0094f2 00b50533 add              x10, x10, x11       x10=0000fff1 x10:ffffffff x11:0000fff2
26863356ns          460474 1c0094f4 09015e03 lhu              x28, 144(x2)        x28=0000ffd8  x2:100024d8  PA:10002568
26863375ns          460475 1c0094f8 03012583 lw               x11, 48(x2)         x11=1c002ed8  x2:100024d8  PA:10002508
26863395ns          460476 1c0094fa 00c49023 sh               x12, 0(x9)          x12:00000416  x9:1c002ec8  PA:1c002ec8
26863714ns          460492 1c0094fe 01b888b3 add              x17, x17, x27       x17=0000001e x17:00000000 x27:0000001e
26863733ns          460493 1c009500 01a30333 add              x6, x6, x26          x6=000000a2  x6:00000006 x26:0000009c
26863753ns          460494 1c009502 08015d83 lhu              x27, 128(x2)        x27=00000000  x2:100024d8  PA:10002558
26863773ns          460495 1c009506 0000d903 lhu              x18, 0(x1)          x18=0000ffd3  x1:1c002e88  PA:1c002e88
26864072ns          460510 1c00950a 01c686b3 add              x13, x13, x28       x13=0001ffd7 x13:0000ffff x28:0000ffd8
26864091ns          460511 1c00950c 00659023 sh               x6, 0(x11)           x6:000000a2 x11:1c002ed8  PA:1c002ed8
26864429ns          460528 1c009510 40af5f13 srai             x30, x30, 0x40a     x30=00000000 x30:00000000
26864449ns          460529 1c009514 04812e03 lw               x28, 72(x2)         x28=1c002f08  x2:100024d8  PA:10002520
26864469ns          460530 1c009516 01bf0f33 add              x30, x30, x27       x30=00000000 x30:00000000 x27:00000000
26864489ns          460531 1c009518 40aede93 srai             x29, x29, 0x40a     x29=ffffffff x29:ffffffaf
26864509ns          460532 1c00951c 40a75713 srai             x14, x14, 0x40a     x14=fffffffe x14:fffffbe3
26864529ns          460533 1c00951e 03812603 lw               x12, 56(x2)         x12=1c002ee8  x2:100024d8  PA:10002510
26864549ns          460534 1c009520 04012d83 lw               x27, 64(x2)         x27=1c002ef8  x2:100024d8  PA:10002518
26864569ns          460535 1c009522 01ee1023 sh               x30, 0(x28)         x30:00000000 x28:1c002f08  PA:1c002f08
26864887ns          460551 1c009526 05812483 lw               x9, 88(x2)           x9=1c002e68  x2:100024d8  PA:10002530
26864907ns          460552 1c009528 05012f03 lw               x30, 80(x2)         x30=1c002e78  x2:100024d8  PA:10002528
26864927ns          460553 1c00952a 0a012583 lw               x11, 160(x2)        x11=1c002e98  x2:100024d8  PA:10002578
26864947ns          460554 1c00952c 014787b3 add              x15, x15, x20       x15=0001ff27 x15:0000fff3 x20:0000ff34
26864966ns          460555 1c00952e 013e8eb3 add              x29, x29, x19       x29=0000fff1 x29:ffffffff x19:0000fff2
26864986ns          460556 1c009530 01270733 add              x14, x14, x18       x14=0000ffd1 x14:fffffffe x18:0000ffd3
26865006ns          460557 1c009532 00f49023 sh               x15, 0(x9)          x15:0001ff27  x9:1c002e68  PA:1c002e68
26865324ns          460573 1c009536 01161023 sh               x17, 0(x12)         x17:0000001e x12:1c002ee8  PA:1c002ee8
26865643ns          460589 1c00953a 01fd9023 sh               x31, 0(x27)         x31:00000005 x27:1c002ef8  PA:1c002ef8
26866040ns          460609 1c00953e 00df1023 sh               x13, 0(x30)         x13:0001ffd7 x30:1c002e78  PA:1c002e78
26866359ns          460625 1c009542 01d59023 sh               x29, 0(x11)         x29:0000fff1 x11:1c002e98  PA:1c002e98
26866677ns          460641 1c009546 00e09023 sh               x14, 0(x1)          x14:0000ffd1  x1:1c002e88  PA:1c002e88
26866995ns          460657 1c00954a 01039023 sh               x16, 0(x7)          x16:0000fff8  x7:1c002eb8  PA:1c002eb8
26867353ns          460675 1c00954e 00a29023 sh               x10, 0(x5)          x10:0000fff1  x5:1c002ea8  PA:1c002ea8
26867691ns          460692 1c009552 008b0b13 addi             x22, x22, 8         x22=00000064 x22:0000005c
26867711ns          460693 1c009554 1f300793 addi             x15, x0, 499        x15=000001f3
26867731ns          460694 1c009558 e767dae3 bge              x15, x22, -396      x15:000001f3 x22:00000064
26867830ns          460699 1c0093cc 010c9a0b p.lh             x20, 16(x25!)       x20=fffffe6a x25=1c002760 x25:1c002750  PA:1c002750
26868149ns          460715 1c0093d0 0104198b p.lh             x19, 16(x8!)        x19=ffffffbc  x8=1c001f28  x8:1c001f18  PA:1c001f18
26868467ns          460731 1c0093d4 2cc10513 addi             x10, x2, 716        x10=100027a4  x2:100024d8
26868487ns          460732 1c0093d6 010a990b p.lh             x18, 16(x21!)       x18=fffffe69 x21=1c001754 x21:1c001744  PA:1c001744
26868805ns          460748 1c0093da 010b948b p.lh             x9, 16(x23!)         x9=ffffffe8 x23=1c000f84 x23:1c000f74  PA:1c000f74
26869103ns          460763 1c0093de 2d411623 sh               x20, 716(x2)        x20:fffffe6a  x2:100024d8  PA:100027a4
26869143ns          460765 1c0093e2 2d311723 sh               x19, 718(x2)        x19:ffffffbc  x2:100024d8  PA:100027a6
26869163ns          460766 1c0093e6 c33ff0ef jal              x1, -974             x1=1c0093e8
26869242ns          460770 1c009018 00051803 lh               x16, 0(x10)         x16=fffffe6a x10:100027a4  PA:100027a4
26869282ns          460772 1c00901c 00251883 lh               x17, 2(x10)         x17=ffffffbc x10:100027a4  PA:100027a6
26869342ns          460775 1c009020 030806b3 mul              x13, x16, x16       x13=000283e4 x16:fffffe6a x16:fffffe6a
26869382ns          460777 1c009024 03188633 mul              x12, x17, x17       x12=00001210 x17:ffffffbc x17:ffffffbc
26869401ns          460778 1c009028 40a65613 srai             x12, x12, 0x40a     x12=00000004 x12:00001210
26869421ns          460779 1c00902a 40a6d693 srai             x13, x13, 0x40a     x13=000000a0 x13:000283e4
26869441ns          460780 1c00902c 00c686b3 add              x13, x13, x12       x13=000000a4 x13:000000a0 x12:00000004
26869461ns          460781 1c00902e 1006c633 p.exths          x12, x13, x0        x12=000000a4 x13:000000a4
26869481ns          460782 1c009032 00855703 lhu              x14, 8(x10)         x14=0000ffd1 x10:100027a4  PA:100027ac
26869501ns          460783 1c009036 00a55683 lhu              x13, 10(x10)        x13=0000ff6a x10:100027a4  PA:100027ae
26869521ns          460784 1c00903a 02c60333 mul              x6, x12, x12         x6=00006910 x12:000000a4 x12:000000a4
26869541ns          460785 1c00903e 00c55783 lhu              x15, 12(x10)        x15=0000ffe5 x10:100027a4  PA:100027b0
26869561ns          460786 1c009042 00e55583 lhu              x11, 14(x10)        x11=00000060 x10:100027a4  PA:100027b2
26869580ns          460787 1c009046 dea30333 p.extract        x6, x6, 15, 10       x6=0000001a  x6:00006910
26869600ns          460788 1c00904a 80c7075b p.muls           x14, x14, x12       x14=ffffe1e4 x14:0000ffd1 x12:000000a4
26869620ns          460789 1c00904e 80c686db p.muls           x13, x13, x12       x13=ffff9fe8 x13:0000ff6a x12:000000a4
26869640ns          460790 1c009052 00455e83 lhu              x29, 4(x10)         x29=00000427 x10:100027a4  PA:100027a8
26869660ns          460791 1c009056 00655e03 lhu              x28, 6(x10)         x28=0000007f x10:100027a4  PA:100027aa
26869680ns          460792 1c00905a 40a75713 srai             x14, x14, 0x40a     x14=fffffff8 x14:ffffe1e4
26869700ns          460793 1c00905c 806787db p.muls           x15, x15, x6        x15=fffffd42 x15:0000ffe5  x6:0000001a
26869720ns          460794 1c009060 40a6d693 srai             x13, x13, 0x40a     x13=ffffffe7 x13:ffff9fe8
26869740ns          460795 1c009062 8065865b p.muls           x12, x11, x6        x12=000009c0 x11:00000060  x6:0000001a
26869759ns          460796 1c009066 40a7d793 srai             x15, x15, 0x40a     x15=ffffffff x15:fffffd42
26869779ns          460797 1c009068 40a65613 srai             x12, x12, 0x40a     x12=00000002 x12:000009c0
26869799ns          460798 1c00906a 01d70733 add              x14, x14, x29       x14=0000041f x14:fffffff8 x29:00000427
26869819ns          460799 1c00906c 01c686b3 add              x13, x13, x28       x13=00000066 x13:ffffffe7 x28:0000007f
26869839ns          460800 1c00906e 00c686b3 add              x13, x13, x12       x13=00000068 x13:00000066 x12:00000002
26869859ns          460801 1c009070 00f70733 add              x14, x14, x15       x14=0000041e x14:0000041f x15:ffffffff
26869879ns          460802 1c009072 100747b3 p.exths          x15, x14, x0        x15=0000041e x14:0000041e
26869899ns          460803 1c009076 1006c733 p.exths          x14, x13, x0        x14=00000068 x13:00000068
26869919ns          460804 1c00907a 03170633 mul              x12, x14, x17       x12=ffffe460 x14:00000068 x17:ffffffbc
26869938ns          460805 1c00907e 030786b3 mul              x13, x15, x16       x13=fff9786c x15:0000041e x16:fffffe6a
26869958ns          460806 1c009082 03070733 mul              x14, x14, x16       x14=ffff5b10 x14:00000068 x16:fffffe6a
26869978ns          460807 1c009086 031787b3 mul              x15, x15, x17       x15=fffee808 x15:0000041e x17:ffffffbc
26869998ns          460808 1c00908a 40a6d693 srai             x13, x13, 0x40a     x13=fffffe5e x13:fff9786c
26870018ns          460809 1c00908c 40a65613 srai             x12, x12, 0x40a     x12=fffffff9 x12:ffffe460
26870038ns          460810 1c00908e 40a7d793 srai             x15, x15, 0x40a     x15=ffffffba x15:fffee808
26870058ns          460811 1c009090 40a75713 srai             x14, x14, 0x40a     x14=ffffffd6 x14:ffff5b10
26870078ns          460812 1c009092 40c686b3 sub              x13, x13, x12       x13=fffffe65 x13:fffffe5e x12:fffffff9
26870098ns          460813 1c009094 00e787b3 add              x15, x15, x14       x15=ffffff90 x15:ffffffba x14:ffffffd6
26870117ns          460814 1c009096 00d51823 sh               x13, 16(x10)        x13:fffffe65 x10:100027a4  PA:100027b4
26870137ns          460815 1c00909a 00f51923 sh               x15, 18(x10)        x15:ffffff90 x10:100027a4  PA:100027b6
26870157ns          460816 1c00909e 00008067 jalr             x0, x1, 0            x1:1c0093e8
26870237ns          460820 1c0093e8 2dc15583 lhu              x11, 732(x2)        x11=0000fe65  x2:100024d8  PA:100027b4
26870257ns          460821 1c0093ec 2de15783 lhu              x15, 734(x2)        x15=0000ff90  x2:100024d8  PA:100027b6
26870277ns          460822 1c0093f0 40b90933 sub              x18, x18, x11       x18=ffff0004 x18:fffffe69 x11:0000fe65
26870296ns          460823 1c0093f4 40f484b3 sub              x9, x9, x15          x9=ffff0058  x9:ffffffe8 x15:0000ff90
26870316ns          460824 1c0093f6 100945b3 p.exths          x11, x18, x0        x11=00000004 x18:ffff0004
26870336ns          460825 1c0093fa 1004c7b3 p.exths          x15, x9, x0         x15=00000058  x9:ffff0058
26870356ns          460826 1c0093fe 034586b3 mul              x13, x11, x20       x13=fffff9a8 x11:00000004 x20:fffffe6a
26870376ns          460827 1c009402 03378533 mul              x10, x15, x19       x10=ffffe8a0 x15:00000058 x19:ffffffbc
26870396ns          460828 1c009406 034a0633 mul              x12, x20, x20       x12=000283e4 x20:fffffe6a x20:fffffe6a
26870416ns          460829 1c00940a 03398733 mul              x14, x19, x19       x14=00001210 x19:ffffffbc x19:ffffffbc
26870436ns          460830 1c00940e 034787b3 mul              x15, x15, x20       x15=ffff7470 x15:00000058 x20:fffffe6a
26870456ns          460831 1c009412 033585b3 mul              x11, x11, x19       x11=fffffef0 x11:00000004 x19:ffffffbc
26870475ns          460832 1c009416 40a75713 srai             x14, x14, 0x40a     x14=00000004 x14:00001210
26870495ns          460833 1c009418 40a5d593 srai             x11, x11, 0x40a     x11=ffffffff x11:fffffef0
26870515ns          460834 1c00941a 40a65613 srai             x12, x12, 0x40a     x12=000000a0 x12:000283e4
26870535ns          460835 1c00941c 40a7d793 srai             x15, x15, 0x40a     x15=ffffffdd x15:ffff7470
26870555ns          460836 1c00941e 1c0034b7 lui              x9, 0x1c003000       x9=1c003000
26870575ns          460837 1c009422 00e60633 add              x12, x12, x14       x12=000000a4 x12:000000a0 x14:00000004
26870595ns          460838 1c009424 40b787b3 sub              x15, x15, x11       x15=ffffffde x15:ffffffdd x11:ffffffff
26870615ns          460839 1c009426 eb048493 addi             x9, x9, -336         x9=1c002eb0  x9:1c003000
26870635ns          460840 1c00942a 1c0032b7 lui              x5, 0x1c003000       x5=1c003000
26870654ns          460841 1c00942e 1c0035b7 lui              x11, 0x1c003000     x11=1c003000
26870674ns          460842 1c009432 018483b3 add              x7, x9, x24          x7=1c002eb8  x9:1c002eb0 x24:00000008
26870694ns          460843 1c009436 02812e83 lw               x29, 40(x2)         x29=1c002ec8  x2:100024d8  PA:10002500
26870714ns          460844 1c009438 10065633 p.exthz          x12, x12, x0        x12=000000a4 x12:000000a4
26870734ns          460845 1c00943c e8028293 addi             x5, x5, -384         x5=1c002e80  x5:1c003000
26870754ns          460846 1c009440 ea058593 addi             x11, x11, -352      x11=1c002ea0 x11:1c003000
26870774ns          460847 1c009444 03812483 lw               x9, 56(x2)           x9=1c002ee8  x2:100024d8  PA:10002510
26870794ns          460848 1c009446 10064733 p.exths          x14, x12, x0        x14=000000a4 x12:000000a4
26870814ns          460849 1c00944a 018280b3 add              x1, x5, x24          x1=1c002e88  x5:1c002e80 x24:00000008
26870833ns          460850 1c00944e 03012f03 lw               x30, 48(x2)         x30=1c002ed8  x2:100024d8  PA:10002508
26870853ns          460851 1c009450 018582b3 add              x5, x11, x24         x5=1c002ea8 x11:1c002ea0 x24:00000008
26870873ns          460852 1c009454 04012583 lw               x11, 64(x2)         x11=1c002ef8  x2:100024d8  PA:10002518
26870893ns          460853 1c009456 000edd83 lhu              x27, 0(x29)         x27=00000416 x29:1c002ec8  PA:1c002ec8
26871211ns          460869 1c00945a 0004d483 lhu              x9, 0(x9)            x9=0000001e  x9:1c002ee8  PA:1c002ee8
26871510ns          460884 1c00945e 02e70333 mul              x6, x14, x14         x6=00006910 x14:000000a4 x14:000000a4
26871530ns          460885 1c009462 40a55513 srai             x10, x10, 0x40a     x10=fffffffa x10:ffffe8a0
26871549ns          460886 1c009464 04812e83 lw               x29, 72(x2)         x29=1c002f08  x2:100024d8  PA:10002520
26871569ns          460887 1c009466 40a6d693 srai             x13, x13, 0x40a     x13=fffffffe x13:fffff9a8
26871589ns          460888 1c009468 000f5d03 lhu              x26, 0(x30)         x26=000000a2 x30:1c002ed8  PA:1c002ed8
26871887ns          460903 1c00946c 0005d583 lhu              x11, 0(x11)         x11=00000005 x11:1c002ef8  PA:1c002ef8
26872186ns          460918 1c009470 40a35313 srai             x6, x6, 0x40a        x6=0000001a  x6:00006910
26872206ns          460919 1c009474 00a686b3 add              x13, x13, x10       x13=fffffff8 x13:fffffffe x10:fffffffa
26872226ns          460920 1c009476 05012f03 lw               x30, 80(x2)         x30=1c002e78  x2:100024d8  PA:10002528
26872245ns          460921 1c009478 10034e33 p.exths          x28, x6, x0         x28=0000001a  x6:0000001a
26872265ns          460922 1c00947c 06911023 sh               x9, 96(x2)           x9:0000001e  x2:100024d8  PA:10002538
26872285ns          460923 1c009480 000ede83 lhu              x29, 0(x29)         x29=00000000 x29:1c002f08  PA:1c002f08
26872584ns          460938 1c009484 05812483 lw               x9, 88(x2)           x9=1c002e68  x2:100024d8  PA:10002530
26872603ns          460939 1c009486 1006d6b3 p.exthz          x13, x13, x0        x13=0000fff8 x13:fffffff8
26872623ns          460940 1c00948a 02ee08b3 mul              x17, x28, x14       x17=000010a8 x28:0000001a x14:000000a4
26872643ns          460941 1c00948e 1006c833 p.exths          x16, x13, x0        x16=fffffff8 x13:0000fff8
26872663ns          460942 1c009492 06b11823 sh               x11, 112(x2)        x11:00000005  x2:100024d8  PA:10002548
26872683ns          460943 1c009496 000f5f03 lhu              x30, 0(x30)         x30=0000ffd7 x30:1c002e78  PA:1c002e78
26872981ns          460958 1c00949a 0a012583 lw               x11, 160(x2)        x11=1c002e98  x2:100024d8  PA:10002578
26873001ns          460959 1c00949c 1007d7b3 p.exthz          x15, x15, x0        x15=0000ffde x15:ffffffde
26873021ns          460960 1c0094a0 0004da03 lhu              x20, 0(x9)          x20=0000ff27  x9:1c002e68  PA:1c002e68
26873319ns          460975 1c0094a4 1007c533 p.exths          x10, x15, x0        x10=ffffffde x15:0000ffde
26873339ns          460976 1c0094a8 09d11023 sh               x29, 128(x2)        x29:00000000  x2:100024d8  PA:10002558
26873359ns          460977 1c0094ac 0003d483 lhu              x9, 0(x7)            x9=0000fff8  x7:1c002eb8  PA:1c002eb8
26873658ns          460992 1c0094b0 02e80eb3 mul              x29, x16, x14       x29=fffffae0 x16:fffffff8 x14:000000a4
26873677ns          460993 1c0094b4 40a8d893 srai             x17, x17, 0x40a     x17=00000004 x17:000010a8
26873697ns          460994 1c0094b8 03c80833 mul              x16, x16, x28       x16=ffffff30 x16:fffffff8 x28:0000001a
26873717ns          460995 1c0094bc 09e11823 sh               x30, 144(x2)        x30:0000ffd7  x2:100024d8  PA:10002568
26873737ns          460996 1c0094c0 0005d983 lhu              x19, 0(x11)         x19=0000fff1 x11:1c002e98  PA:1c002e98
26874055ns          461012 1c0094c4 81c88f5b p.muls           x30, x17, x28       x30=00000068 x17:00000004 x28:0000001a
26874075ns          461013 1c0094c8 0002d583 lhu              x11, 0(x5)          x11=0000fff1  x5:1c002ea8  PA:1c002ea8
26874373ns          461028 1c0094cc 03ce0fb3 mul              x31, x28, x28       x31=000002a4 x28:0000001a x28:0000001a
26874393ns          461029 1c0094d0 02e50733 mul              x14, x10, x14       x14=ffffea38 x10:ffffffde x14:000000a4
26874413ns          461030 1c0094d4 40a85813 srai             x16, x16, 0x40a     x16=ffffffff x16:ffffff30
26874433ns          461031 1c0094d8 03c50533 mul              x10, x10, x28       x10=fffffc8c x10:ffffffde x28:0000001a
26874453ns          461032 1c0094dc 07015e03 lhu              x28, 112(x2)        x28=00000005  x2:100024d8  PA:10002548
26874473ns          461033 1c0094e0 01b60633 add              x12, x12, x27       x12=000004ba x12:000000a4 x27:00000416
26874493ns          461034 1c0094e2 00980833 add              x16, x16, x9        x16=0000fff7 x16:ffffffff  x9:0000fff8
26874513ns          461035 1c0094e4 06015d83 lhu              x27, 96(x2)         x27=0000001e  x2:100024d8  PA:10002538
26874533ns          461036 1c0094e8 02812483 lw               x9, 40(x2)           x9=1c002ec8  x2:100024d8  PA:10002500
26874552ns          461037 1c0094ea 40afdf93 srai             x31, x31, 0x40a     x31=00000000 x31:000002a4
26874572ns          461038 1c0094ee 40a55513 srai             x10, x10, 0x40a     x10=ffffffff x10:fffffc8c
26874592ns          461039 1c0094f0 01cf8fb3 add              x31, x31, x28       x31=00000005 x31:00000000 x28:00000005
26874612ns          461040 1c0094f2 00b50533 add              x10, x10, x11       x10=0000fff0 x10:ffffffff x11:0000fff1
26874632ns          461041 1c0094f4 09015e03 lhu              x28, 144(x2)        x28=0000ffd7  x2:100024d8  PA:10002568
26874652ns          461042 1c0094f8 03012583 lw               x11, 48(x2)         x11=1c002ed8  x2:100024d8  PA:10002508
26874672ns          461043 1c0094fa 00c49023 sh               x12, 0(x9)          x12:000004ba  x9:1c002ec8  PA:1c002ec8
26874990ns          461059 1c0094fe 01b888b3 add              x17, x17, x27       x17=00000022 x17:00000004 x27:0000001e
26875010ns          461060 1c009500 01a30333 add              x6, x6, x26          x6=000000bc  x6:0000001a x26:000000a2
26875030ns          461061 1c009502 08015d83 lhu              x27, 128(x2)        x27=00000000  x2:100024d8  PA:10002558
26875050ns          461062 1c009506 0000d903 lhu              x18, 0(x1)          x18=0000ffd1  x1:1c002e88  PA:1c002e88
26875348ns          461077 1c00950a 01c686b3 add              x13, x13, x28       x13=0001ffcf x13:0000fff8 x28:0000ffd7
26875368ns          461078 1c00950c 00659023 sh               x6, 0(x11)           x6:000000bc x11:1c002ed8  PA:1c002ed8
26875706ns          461095 1c009510 40af5f13 srai             x30, x30, 0x40a     x30=00000000 x30:00000068
26875726ns          461096 1c009514 04812e03 lw               x28, 72(x2)         x28=1c002f08  x2:100024d8  PA:10002520
26875746ns          461097 1c009516 01bf0f33 add              x30, x30, x27       x30=00000000 x30:00000000 x27:00000000
26875766ns          461098 1c009518 40aede93 srai             x29, x29, 0x40a     x29=fffffffe x29:fffffae0
26875786ns          461099 1c00951c 40a75713 srai             x14, x14, 0x40a     x14=fffffffa x14:ffffea38
26875805ns          461100 1c00951e 03812603 lw               x12, 56(x2)         x12=1c002ee8  x2:100024d8  PA:10002510
26875825ns          461101 1c009520 04012d83 lw               x27, 64(x2)         x27=1c002ef8  x2:100024d8  PA:10002518
26875845ns          461102 1c009522 01ee1023 sh               x30, 0(x28)         x30:00000000 x28:1c002f08  PA:1c002f08
26876163ns          461118 1c009526 05812483 lw               x9, 88(x2)           x9=1c002e68  x2:100024d8  PA:10002530
26876183ns          461119 1c009528 05012f03 lw               x30, 80(x2)         x30=1c002e78  x2:100024d8  PA:10002528
26876203ns          461120 1c00952a 0a012583 lw               x11, 160(x2)        x11=1c002e98  x2:100024d8  PA:10002578
26876223ns          461121 1c00952c 014787b3 add              x15, x15, x20       x15=0001ff05 x15:0000ffde x20:0000ff27
26876243ns          461122 1c00952e 013e8eb3 add              x29, x29, x19       x29=0000ffef x29:fffffffe x19:0000fff1
26876263ns          461123 1c009530 01270733 add              x14, x14, x18       x14=0000ffcb x14:fffffffa x18:0000ffd1
26876283ns          461124 1c009532 00f49023 sh               x15, 0(x9)          x15:0001ff05  x9:1c002e68  PA:1c002e68
26876601ns          461140 1c009536 01161023 sh               x17, 0(x12)         x17:00000022 x12:1c002ee8  PA:1c002ee8
26876919ns          461156 1c00953a 01fd9023 sh               x31, 0(x27)         x31:00000005 x27:1c002ef8  PA:1c002ef8
26877237ns          461172 1c00953e 00df1023 sh               x13, 0(x30)         x13:0001ffcf x30:1c002e78  PA:1c002e78
26877556ns          461188 1c009542 01d59023 sh               x29, 0(x11)         x29:0000ffef x11:1c002e98  PA:1c002e98
26877894ns          461205 1c009546 00e09023 sh               x14, 0(x1)          x14:0000ffcb  x1:1c002e88  PA:1c002e88
26878212ns          461221 1c00954a 01039023 sh               x16, 0(x7)          x16:0000fff7  x7:1c002eb8  PA:1c002eb8
26878530ns          461237 1c00954e 00a29023 sh               x10, 0(x5)          x10:0000fff0  x5:1c002ea8  PA:1c002ea8
26878868ns          461254 1c009552 008b0b13 addi             x22, x22, 8         x22=0000006c x22:00000064
26878888ns          461255 1c009554 1f300793 addi             x15, x0, 499        x15=000001f3
26878908ns          461256 1c009558 e767dae3 bge              x15, x22, -396      x15:000001f3 x22:0000006c
26878968ns          461259 1c0093cc 010c9a0b p.lh             x20, 16(x25!)       x20=00000155 x25=1c002770 x25:1c002760  PA:1c002760
26879306ns          461276 1c0093d0 0104198b p.lh             x19, 16(x8!)        x19=00000045  x8=1c001f38  x8:1c001f28  PA:1c001f28
26879604ns          461291 1c0093d4 2cc10513 addi             x10, x2, 716        x10=100027a4  x2:100024d8
26879624ns          461292 1c0093d6 010a990b p.lh             x18, 16(x21!)       x18=0000015b x21=1c001764 x21:1c001754  PA:1c001754
26880002ns          461311 1c0093da 010b948b p.lh             x9, 16(x23!)         x9=00000026 x23=1c000f94 x23:1c000f84  PA:1c000f84
26880300ns          461326 1c0093de 2d411623 sh               x20, 716(x2)        x20:00000155  x2:100024d8  PA:100027a4
26880320ns          461327 1c0093e2 2d311723 sh               x19, 718(x2)        x19:00000045  x2:100024d8  PA:100027a6
26880340ns          461328 1c0093e6 c33ff0ef jal              x1, -974             x1=1c0093e8
26880380ns          461330 1c009018 00051803 lh               x16, 0(x10)         x16=00000155 x10:100027a4  PA:100027a4
26880400ns          461331 1c00901c 00251883 lh               x17, 2(x10)         x17=00000045 x10:100027a4  PA:100027a6
26880459ns          461334 1c009020 030806b3 mul              x13, x16, x16       x13=0001c639 x16:00000155 x16:00000155
26880499ns          461336 1c009024 03188633 mul              x12, x17, x17       x12=00001299 x17:00000045 x17:00000045
26880519ns          461337 1c009028 40a65613 srai             x12, x12, 0x40a     x12=00000004 x12:00001299
26880539ns          461338 1c00902a 40a6d693 srai             x13, x13, 0x40a     x13=00000071 x13:0001c639
26880559ns          461339 1c00902c 00c686b3 add              x13, x13, x12       x13=00000075 x13:00000071 x12:00000004
26880579ns          461340 1c00902e 1006c633 p.exths          x12, x13, x0        x12=00000075 x13:00000075
26880598ns          461341 1c009032 00855703 lhu              x14, 8(x10)         x14=0000ffd1 x10:100027a4  PA:100027ac
26880618ns          461342 1c009036 00a55683 lhu              x13, 10(x10)        x13=0000ff6a x10:100027a4  PA:100027ae
26880638ns          461343 1c00903a 02c60333 mul              x6, x12, x12         x6=00003579 x12:00000075 x12:00000075
26880678ns          461345 1c00903e 00c55783 lhu              x15, 12(x10)        x15=0000ffe5 x10:100027a4  PA:100027b0
26880718ns          461347 1c009042 00e55583 lhu              x11, 14(x10)        x11=00000060 x10:100027a4  PA:100027b2
26880738ns          461348 1c009046 dea30333 p.extract        x6, x6, 15, 10       x6=0000000d  x6:00003579
26880758ns          461349 1c00904a 80c7075b p.muls           x14, x14, x12       x14=ffffea85 x14:0000ffd1 x12:00000075
26880777ns          461350 1c00904e 80c686db p.muls           x13, x13, x12       x13=ffffbb72 x13:0000ff6a x12:00000075
26880797ns          461351 1c009052 00455e83 lhu              x29, 4(x10)         x29=00000427 x10:100027a4  PA:100027a8
26880817ns          461352 1c009056 00655e03 lhu              x28, 6(x10)         x28=0000007f x10:100027a4  PA:100027aa
26880837ns          461353 1c00905a 40a75713 srai             x14, x14, 0x40a     x14=fffffffa x14:ffffea85
26880857ns          461354 1c00905c 806787db p.muls           x15, x15, x6        x15=fffffea1 x15:0000ffe5  x6:0000000d
26880877ns          461355 1c009060 40a6d693 srai             x13, x13, 0x40a     x13=ffffffee x13:ffffbb72
26880897ns          461356 1c009062 8065865b p.muls           x12, x11, x6        x12=000004e0 x11:00000060  x6:0000000d
26880917ns          461357 1c009066 40a7d793 srai             x15, x15, 0x40a     x15=ffffffff x15:fffffea1
26880937ns          461358 1c009068 40a65613 srai             x12, x12, 0x40a     x12=00000001 x12:000004e0
26880956ns          461359 1c00906a 01d70733 add              x14, x14, x29       x14=00000421 x14:fffffffa x29:00000427
26880976ns          461360 1c00906c 01c686b3 add              x13, x13, x28       x13=0000006d x13:ffffffee x28:0000007f
26880996ns          461361 1c00906e 00c686b3 add              x13, x13, x12       x13=0000006e x13:0000006d x12:00000001
26881016ns          461362 1c009070 00f70733 add              x14, x14, x15       x14=00000420 x14:00000421 x15:ffffffff
26881036ns          461363 1c009072 100747b3 p.exths          x15, x14, x0        x15=00000420 x14:00000420
26881056ns          461364 1c009076 1006c733 p.exths          x14, x13, x0        x14=0000006e x13:0000006e
26881076ns          461365 1c00907a 03170633 mul              x12, x14, x17       x12=00001da6 x14:0000006e x17:00000045
26881096ns          461366 1c00907e 030786b3 mul              x13, x15, x16       x13=00057ea0 x15:00000420 x16:00000155
26881116ns          461367 1c009082 03070733 mul              x14, x14, x16       x14=00009286 x14:0000006e x16:00000155
26881135ns          461368 1c009086 031787b3 mul              x15, x15, x17       x15=00011ca0 x15:00000420 x17:00000045
26881155ns          461369 1c00908a 40a6d693 srai             x13, x13, 0x40a     x13=0000015f x13:00057ea0
26881175ns          461370 1c00908c 40a65613 srai             x12, x12, 0x40a     x12=00000007 x12:00001da6
26881195ns          461371 1c00908e 40a7d793 srai             x15, x15, 0x40a     x15=00000047 x15:00011ca0
26881215ns          461372 1c009090 40a75713 srai             x14, x14, 0x40a     x14=00000024 x14:00009286
26881235ns          461373 1c009092 40c686b3 sub              x13, x13, x12       x13=00000158 x13:0000015f x12:00000007
26881255ns          461374 1c009094 00e787b3 add              x15, x15, x14       x15=0000006b x15:00000047 x14:00000024
26881275ns          461375 1c009096 00d51823 sh               x13, 16(x10)        x13:00000158 x10:100027a4  PA:100027b4
26881295ns          461376 1c00909a 00f51923 sh               x15, 18(x10)        x15:0000006b x10:100027a4  PA:100027b6
26881314ns          461377 1c00909e 00008067 jalr             x0, x1, 0            x1:1c0093e8
26881354ns          461379 1c0093e8 2dc15583 lhu              x11, 732(x2)        x11=00000158  x2:100024d8  PA:100027b4
26881374ns          461380 1c0093ec 2de15783 lhu              x15, 734(x2)        x15=0000006b  x2:100024d8  PA:100027b6
26881414ns          461382 1c0093f0 40b90933 sub              x18, x18, x11       x18=00000003 x18:0000015b x11:00000158
26881434ns          461383 1c0093f4 40f484b3 sub              x9, x9, x15          x9=ffffffbb  x9:00000026 x15:0000006b
26881454ns          461384 1c0093f6 100945b3 p.exths          x11, x18, x0        x11=00000003 x18:00000003
26881474ns          461385 1c0093fa 1004c7b3 p.exths          x15, x9, x0         x15=ffffffbb  x9:ffffffbb
26881493ns          461386 1c0093fe 034586b3 mul              x13, x11, x20       x13=000003ff x11:00000003 x20:00000155
26881513ns          461387 1c009402 03378533 mul              x10, x15, x19       x10=ffffed67 x15:ffffffbb x19:00000045
26881533ns          461388 1c009406 034a0633 mul              x12, x20, x20       x12=0001c639 x20:00000155 x20:00000155
26881553ns          461389 1c00940a 03398733 mul              x14, x19, x19       x14=00001299 x19:00000045 x19:00000045
26881593ns          461391 1c00940e 034787b3 mul              x15, x15, x20       x15=ffffa417 x15:ffffffbb x20:00000155
26881633ns          461393 1c009412 033585b3 mul              x11, x11, x19       x11=000000cf x11:00000003 x19:00000045
26881652ns          461394 1c009416 40a75713 srai             x14, x14, 0x40a     x14=00000004 x14:00001299
26881672ns          461395 1c009418 40a5d593 srai             x11, x11, 0x40a     x11=00000000 x11:000000cf
26881692ns          461396 1c00941a 40a65613 srai             x12, x12, 0x40a     x12=00000071 x12:0001c639
26881712ns          461397 1c00941c 40a7d793 srai             x15, x15, 0x40a     x15=ffffffe9 x15:ffffa417
26881732ns          461398 1c00941e 1c0034b7 lui              x9, 0x1c003000       x9=1c003000
26881752ns          461399 1c009422 00e60633 add              x12, x12, x14       x12=00000075 x12:00000071 x14:00000004
26881772ns          461400 1c009424 40b787b3 sub              x15, x15, x11       x15=ffffffe9 x15:ffffffe9 x11:00000000
26881792ns          461401 1c009426 eb048493 addi             x9, x9, -336         x9=1c002eb0  x9:1c003000
26881812ns          461402 1c00942a 1c0032b7 lui              x5, 0x1c003000       x5=1c003000
26881831ns          461403 1c00942e 1c0035b7 lui              x11, 0x1c003000     x11=1c003000
26881851ns          461404 1c009432 018483b3 add              x7, x9, x24          x7=1c002eb8  x9:1c002eb0 x24:00000008
26881871ns          461405 1c009436 02812e83 lw               x29, 40(x2)         x29=1c002ec8  x2:100024d8  PA:10002500
26881891ns          461406 1c009438 10065633 p.exthz          x12, x12, x0        x12=00000075 x12:00000075
26881911ns          461407 1c00943c e8028293 addi             x5, x5, -384         x5=1c002e80  x5:1c003000
26881931ns          461408 1c009440 ea058593 addi             x11, x11, -352      x11=1c002ea0 x11:1c003000
26881971ns          461410 1c009444 03812483 lw               x9, 56(x2)           x9=1c002ee8  x2:100024d8  PA:10002510
26882010ns          461412 1c009446 10064733 p.exths          x14, x12, x0        x14=00000075 x12:00000075
26882030ns          461413 1c00944a 018280b3 add              x1, x5, x24          x1=1c002e88  x5:1c002e80 x24:00000008
26882050ns          461414 1c00944e 03012f03 lw               x30, 48(x2)         x30=1c002ed8  x2:100024d8  PA:10002508
26882070ns          461415 1c009450 018582b3 add              x5, x11, x24         x5=1c002ea8 x11:1c002ea0 x24:00000008
26882110ns          461417 1c009454 04012583 lw               x11, 64(x2)         x11=1c002ef8  x2:100024d8  PA:10002518
26882130ns          461418 1c009456 000edd83 lhu              x27, 0(x29)         x27=000004ba x29:1c002ec8  PA:1c002ec8
26882448ns          461434 1c00945a 0004d483 lhu              x9, 0(x9)            x9=00000022  x9:1c002ee8  PA:1c002ee8
26882766ns          461450 1c00945e 02e70333 mul              x6, x14, x14         x6=00003579 x14:00000075 x14:00000075
26882786ns          461451 1c009462 40a55513 srai             x10, x10, 0x40a     x10=fffffffb x10:ffffed67
26882806ns          461452 1c009464 04812e83 lw               x29, 72(x2)         x29=1c002f08  x2:100024d8  PA:10002520
26882826ns          461453 1c009466 40a6d693 srai             x13, x13, 0x40a     x13=00000000 x13:000003ff
26882846ns          461454 1c009468 000f5d03 lhu              x26, 0(x30)         x26=000000bc x30:1c002ed8  PA:1c002ed8
26883184ns          461471 1c00946c 0005d583 lhu              x11, 0(x11)         x11=00000005 x11:1c002ef8  PA:1c002ef8
26883502ns          461487 1c009470 40a35313 srai             x6, x6, 0x40a        x6=0000000d  x6:00003579
26883522ns          461488 1c009474 00a686b3 add              x13, x13, x10       x13=fffffffb x13:00000000 x10:fffffffb
26883542ns          461489 1c009476 05012f03 lw               x30, 80(x2)         x30=1c002e78  x2:100024d8  PA:10002528
26883562ns          461490 1c009478 10034e33 p.exths          x28, x6, x0         x28=0000000d  x6:0000000d
26883582ns          461491 1c00947c 06911023 sh               x9, 96(x2)           x9:00000022  x2:100024d8  PA:10002538
26883602ns          461492 1c009480 000ede83 lhu              x29, 0(x29)         x29=00000000 x29:1c002f08  PA:1c002f08
26883999ns          461512 1c009484 05812483 lw               x9, 88(x2)           x9=1c002e68  x2:100024d8  PA:10002530
26884019ns          461513 1c009486 1006d6b3 p.exthz          x13, x13, x0        x13=0000fffb x13:fffffffb
26884039ns          461514 1c00948a 02ee08b3 mul              x17, x28, x14       x17=000005f1 x28:0000000d x14:00000075
26884059ns          461515 1c00948e 1006c833 p.exths          x16, x13, x0        x16=fffffffb x13:0000fffb
26884079ns          461516 1c009492 06b11823 sh               x11, 112(x2)        x11:00000005  x2:100024d8  PA:10002548
26884099ns          461517 1c009496 000f5f03 lhu              x30, 0(x30)         x30=0000ffcf x30:1c002e78  PA:1c002e78
26884417ns          461533 1c00949a 0a012583 lw               x11, 160(x2)        x11=1c002e98  x2:100024d8  PA:10002578
26884437ns          461534 1c00949c 1007d7b3 p.exthz          x15, x15, x0        x15=0000ffe9 x15:ffffffe9
26884457ns          461535 1c0094a0 0004da03 lhu              x20, 0(x9)          x20=0000ff05  x9:1c002e68  PA:1c002e68
26884775ns          461551 1c0094a4 1007c533 p.exths          x10, x15, x0        x10=ffffffe9 x15:0000ffe9
26884795ns          461552 1c0094a8 09d11023 sh               x29, 128(x2)        x29:00000000  x2:100024d8  PA:10002558
26884815ns          461553 1c0094ac 0003d483 lhu              x9, 0(x7)            x9=0000fff7  x7:1c002eb8  PA:1c002eb8
26885113ns          461568 1c0094b0 02e80eb3 mul              x29, x16, x14       x29=fffffdb7 x16:fffffffb x14:00000075
26885133ns          461569 1c0094b4 40a8d893 srai             x17, x17, 0x40a     x17=00000001 x17:000005f1
26885153ns          461570 1c0094b8 03c80833 mul              x16, x16, x28       x16=ffffffbf x16:fffffffb x28:0000000d
26885173ns          461571 1c0094bc 09e11823 sh               x30, 144(x2)        x30:0000ffcf  x2:100024d8  PA:10002568
26885193ns          461572 1c0094c0 0005d983 lhu              x19, 0(x11)         x19=0000ffef x11:1c002e98  PA:1c002e98
26885570ns          461591 1c0094c4 81c88f5b p.muls           x30, x17, x28       x30=0000000d x17:00000001 x28:0000000d
26885590ns          461592 1c0094c8 0002d583 lhu              x11, 0(x5)          x11=0000fff0  x5:1c002ea8  PA:1c002ea8
26885928ns          461609 1c0094cc 03ce0fb3 mul              x31, x28, x28       x31=000000a9 x28:0000000d x28:0000000d
26885948ns          461610 1c0094d0 02e50733 mul              x14, x10, x14       x14=fffff57d x10:ffffffe9 x14:00000075
26885968ns          461611 1c0094d4 40a85813 srai             x16, x16, 0x40a     x16=ffffffff x16:ffffffbf
26885988ns          461612 1c0094d8 03c50533 mul              x10, x10, x28       x10=fffffed5 x10:ffffffe9 x28:0000000d
26886008ns          461613 1c0094dc 07015e03 lhu              x28, 112(x2)        x28=00000005  x2:100024d8  PA:10002548
26886048ns          461615 1c0094e0 01b60633 add              x12, x12, x27       x12=0000052f x12:00000075 x27:000004ba
26886068ns          461616 1c0094e2 00980833 add              x16, x16, x9        x16=0000fff6 x16:ffffffff  x9:0000fff7
26886088ns          461617 1c0094e4 06015d83 lhu              x27, 96(x2)         x27=00000022  x2:100024d8  PA:10002538
26886107ns          461618 1c0094e8 02812483 lw               x9, 40(x2)           x9=1c002ec8  x2:100024d8  PA:10002500
26886127ns          461619 1c0094ea 40afdf93 srai             x31, x31, 0x40a     x31=00000000 x31:000000a9
26886147ns          461620 1c0094ee 40a55513 srai             x10, x10, 0x40a     x10=ffffffff x10:fffffed5
26886167ns          461621 1c0094f0 01cf8fb3 add              x31, x31, x28       x31=00000005 x31:00000000 x28:00000005
26886187ns          461622 1c0094f2 00b50533 add              x10, x10, x11       x10=0000ffef x10:ffffffff x11:0000fff0
26886207ns          461623 1c0094f4 09015e03 lhu              x28, 144(x2)        x28=0000ffcf  x2:100024d8  PA:10002568
26886227ns          461624 1c0094f8 03012583 lw               x11, 48(x2)         x11=1c002ed8  x2:100024d8  PA:10002508
26886247ns          461625 1c0094fa 00c49023 sh               x12, 0(x9)          x12:0000052f  x9:1c002ec8  PA:1c002ec8
26886605ns          461643 1c0094fe 01b888b3 add              x17, x17, x27       x17=00000023 x17:00000001 x27:00000022
26886624ns          461644 1c009500 01a30333 add              x6, x6, x26          x6=000000c9  x6:0000000d x26:000000bc
26886644ns          461645 1c009502 08015d83 lhu              x27, 128(x2)        x27=00000000  x2:100024d8  PA:10002558
26886664ns          461646 1c009506 0000d903 lhu              x18, 0(x1)          x18=0000ffcb  x1:1c002e88  PA:1c002e88
26886982ns          461662 1c00950a 01c686b3 add              x13, x13, x28       x13=0001ffca x13:0000fffb x28:0000ffcf
26887002ns          461663 1c00950c 00659023 sh               x6, 0(x11)           x6:000000c9 x11:1c002ed8  PA:1c002ed8
26887321ns          461679 1c009510 40af5f13 srai             x30, x30, 0x40a     x30=00000000 x30:0000000d
26887340ns          461680 1c009514 04812e03 lw               x28, 72(x2)         x28=1c002f08  x2:100024d8  PA:10002520
26887360ns          461681 1c009516 01bf0f33 add              x30, x30, x27       x30=00000000 x30:00000000 x27:00000000
26887380ns          461682 1c009518 40aede93 srai             x29, x29, 0x40a     x29=ffffffff x29:fffffdb7
26887400ns          461683 1c00951c 40a75713 srai             x14, x14, 0x40a     x14=fffffffd x14:fffff57d
26887420ns          461684 1c00951e 03812603 lw               x12, 56(x2)         x12=1c002ee8  x2:100024d8  PA:10002510
26887440ns          461685 1c009520 04012d83 lw               x27, 64(x2)         x27=1c002ef8  x2:100024d8  PA:10002518
26887460ns          461686 1c009522 01ee1023 sh               x30, 0(x28)         x30:00000000 x28:1c002f08  PA:1c002f08
26887818ns          461704 1c009526 05812483 lw               x9, 88(x2)           x9=1c002e68  x2:100024d8  PA:10002530
26887838ns          461705 1c009528 05012f03 lw               x30, 80(x2)         x30=1c002e78  x2:100024d8  PA:10002528
26887858ns          461706 1c00952a 0a012583 lw               x11, 160(x2)        x11=1c002e98  x2:100024d8  PA:10002578
26887877ns          461707 1c00952c 014787b3 add              x15, x15, x20       x15=0001feee x15:0000ffe9 x20:0000ff05
26887897ns          461708 1c00952e 013e8eb3 add              x29, x29, x19       x29=0000ffee x29:ffffffff x19:0000ffef
26887917ns          461709 1c009530 01270733 add              x14, x14, x18       x14=0000ffc8 x14:fffffffd x18:0000ffcb
26887937ns          461710 1c009532 00f49023 sh               x15, 0(x9)          x15:0001feee  x9:1c002e68  PA:1c002e68
26888275ns          461727 1c009536 01161023 sh               x17, 0(x12)         x17:00000023 x12:1c002ee8  PA:1c002ee8
26888613ns          461744 1c00953a 01fd9023 sh               x31, 0(x27)         x31:00000005 x27:1c002ef8  PA:1c002ef8
26888932ns          461760 1c00953e 00df1023 sh               x13, 0(x30)         x13:0001ffca x30:1c002e78  PA:1c002e78
26889250ns          461776 1c009542 01d59023 sh               x29, 0(x11)         x29:0000ffee x11:1c002e98  PA:1c002e98
26889588ns          461793 1c009546 00e09023 sh               x14, 0(x1)          x14:0000ffc8  x1:1c002e88  PA:1c002e88
26889906ns          461809 1c00954a 01039023 sh               x16, 0(x7)          x16:0000fff6  x7:1c002eb8  PA:1c002eb8
26890224ns          461825 1c00954e 00a29023 sh               x10, 0(x5)          x10:0000ffef  x5:1c002ea8  PA:1c002ea8
26890542ns          461841 1c009552 008b0b13 addi             x22, x22, 8         x22=00000074 x22:0000006c
26890562ns          461842 1c009554 1f300793 addi             x15, x0, 499        x15=000001f3
26890582ns          461843 1c009558 e767dae3 bge              x15, x22, -396      x15:000001f3 x22:00000074
26890721ns          461850 1c0093cc 010c9a0b p.lh             x20, 16(x25!)       x20=ffffffff x25=1c002780 x25:1c002770  PA:1c002770
26891040ns          461866 1c0093d0 0104198b p.lh             x19, 16(x8!)        x19=0000008a  x8=1c001f48  x8:1c001f38  PA:1c001f38
26891338ns          461881 1c0093d4 2cc10513 addi             x10, x2, 716        x10=100027a4  x2:100024d8
26891358ns          461882 1c0093d6 010a990b p.lh             x18, 16(x21!)       x18=00000000 x21=1c001774 x21:1c001764  PA:1c001764
26891716ns          461900 1c0093da 010b948b p.lh             x9, 16(x23!)         x9=00000091 x23=1c000fa4 x23:1c000f94  PA:1c000f94
26892014ns          461915 1c0093de 2d411623 sh               x20, 716(x2)        x20:ffffffff  x2:100024d8  PA:100027a4
26892034ns          461916 1c0093e2 2d311723 sh               x19, 718(x2)        x19:0000008a  x2:100024d8  PA:100027a6
26892054ns          461917 1c0093e6 c33ff0ef jal              x1, -974             x1=1c0093e8
26892133ns          461921 1c009018 00051803 lh               x16, 0(x10)         x16=ffffffff x10:100027a4  PA:100027a4
26892173ns          461923 1c00901c 00251883 lh               x17, 2(x10)         x17=0000008a x10:100027a4  PA:100027a6
26892193ns          461924 1c009020 030806b3 mul              x13, x16, x16       x13=00000001 x16:ffffffff x16:ffffffff
26892213ns          461925 1c009024 03188633 mul              x12, x17, x17       x12=00004a64 x17:0000008a x17:0000008a
26892233ns          461926 1c009028 40a65613 srai             x12, x12, 0x40a     x12=00000012 x12:00004a64
26892253ns          461927 1c00902a 40a6d693 srai             x13, x13, 0x40a     x13=00000000 x13:00000001
26892273ns          461928 1c00902c 00c686b3 add              x13, x13, x12       x13=00000012 x13:00000000 x12:00000012
26892293ns          461929 1c00902e 1006c633 p.exths          x12, x13, x0        x12=00000012 x13:00000012
26892312ns          461930 1c009032 00855703 lhu              x14, 8(x10)         x14=0000ffd1 x10:100027a4  PA:100027ac
26892332ns          461931 1c009036 00a55683 lhu              x13, 10(x10)        x13=0000ff6a x10:100027a4  PA:100027ae
26892352ns          461932 1c00903a 02c60333 mul              x6, x12, x12         x6=00000144 x12:00000012 x12:00000012
26892372ns          461933 1c00903e 00c55783 lhu              x15, 12(x10)        x15=0000ffe5 x10:100027a4  PA:100027b0
26892392ns          461934 1c009042 00e55583 lhu              x11, 14(x10)        x11=00000060 x10:100027a4  PA:100027b2
26892412ns          461935 1c009046 dea30333 p.extract        x6, x6, 15, 10       x6=00000000  x6:00000144
26892432ns          461936 1c00904a 80c7075b p.muls           x14, x14, x12       x14=fffffcb2 x14:0000ffd1 x12:00000012
26892452ns          461937 1c00904e 80c686db p.muls           x13, x13, x12       x13=fffff574 x13:0000ff6a x12:00000012
26892472ns          461938 1c009052 00455e83 lhu              x29, 4(x10)         x29=00000427 x10:100027a4  PA:100027a8
26892491ns          461939 1c009056 00655e03 lhu              x28, 6(x10)         x28=0000007f x10:100027a4  PA:100027aa
26892511ns          461940 1c00905a 40a75713 srai             x14, x14, 0x40a     x14=ffffffff x14:fffffcb2
26892531ns          461941 1c00905c 806787db p.muls           x15, x15, x6        x15=00000000 x15:0000ffe5  x6:00000000
26892571ns          461943 1c009060 40a6d693 srai             x13, x13, 0x40a     x13=fffffffd x13:fffff574
26892611ns          461945 1c009062 8065865b p.muls           x12, x11, x6        x12=00000000 x11:00000060  x6:00000000
26892631ns          461946 1c009066 40a7d793 srai             x15, x15, 0x40a     x15=00000000 x15:00000000
26892651ns          461947 1c009068 40a65613 srai             x12, x12, 0x40a     x12=00000000 x12:00000000
26892670ns          461948 1c00906a 01d70733 add              x14, x14, x29       x14=00000426 x14:ffffffff x29:00000427
26892690ns          461949 1c00906c 01c686b3 add              x13, x13, x28       x13=0000007c x13:fffffffd x28:0000007f
26892710ns          461950 1c00906e 00c686b3 add              x13, x13, x12       x13=0000007c x13:0000007c x12:00000000
26892730ns          461951 1c009070 00f70733 add              x14, x14, x15       x14=00000426 x14:00000426 x15:00000000
26892750ns          461952 1c009072 100747b3 p.exths          x15, x14, x0        x15=00000426 x14:00000426
26892770ns          461953 1c009076 1006c733 p.exths          x14, x13, x0        x14=0000007c x13:0000007c
26892790ns          461954 1c00907a 03170633 mul              x12, x14, x17       x12=000042d8 x14:0000007c x17:0000008a
26892810ns          461955 1c00907e 030786b3 mul              x13, x15, x16       x13=fffffbda x15:00000426 x16:ffffffff
26892830ns          461956 1c009082 03070733 mul              x14, x14, x16       x14=ffffff84 x14:0000007c x16:ffffffff
26892849ns          461957 1c009086 031787b3 mul              x15, x15, x17       x15=00023c7c x15:00000426 x17:0000008a
26892869ns          461958 1c00908a 40a6d693 srai             x13, x13, 0x40a     x13=fffffffe x13:fffffbda
26892889ns          461959 1c00908c 40a65613 srai             x12, x12, 0x40a     x12=00000010 x12:000042d8
26892909ns          461960 1c00908e 40a7d793 srai             x15, x15, 0x40a     x15=0000008f x15:00023c7c
26892929ns          461961 1c009090 40a75713 srai             x14, x14, 0x40a     x14=ffffffff x14:ffffff84
26892949ns          461962 1c009092 40c686b3 sub              x13, x13, x12       x13=ffffffee x13:fffffffe x12:00000010
26892969ns          461963 1c009094 00e787b3 add              x15, x15, x14       x15=0000008e x15:0000008f x14:ffffffff
26892989ns          461964 1c009096 00d51823 sh               x13, 16(x10)        x13:ffffffee x10:100027a4  PA:100027b4
26893009ns          461965 1c00909a 00f51923 sh               x15, 18(x10)        x15:0000008e x10:100027a4  PA:100027b6
26893028ns          461966 1c00909e 00008067 jalr             x0, x1, 0            x1:1c0093e8
26893148ns          461972 1c0093e8 2dc15583 lhu              x11, 732(x2)        x11=0000ffee  x2:100024d8  PA:100027b4
26893188ns          461974 1c0093ec 2de15783 lhu              x15, 734(x2)        x15=0000008e  x2:100024d8  PA:100027b6
26893207ns          461975 1c0093f0 40b90933 sub              x18, x18, x11       x18=ffff0012 x18:00000000 x11:0000ffee
26893227ns          461976 1c0093f4 40f484b3 sub              x9, x9, x15          x9=00000003  x9:00000091 x15:0000008e
26893247ns          461977 1c0093f6 100945b3 p.exths          x11, x18, x0        x11=00000012 x18:ffff0012
26893267ns          461978 1c0093fa 1004c7b3 p.exths          x15, x9, x0         x15=00000003  x9:00000003
26893287ns          461979 1c0093fe 034586b3 mul              x13, x11, x20       x13=ffffffee x11:00000012 x20:ffffffff
26893307ns          461980 1c009402 03378533 mul              x10, x15, x19       x10=0000019e x15:00000003 x19:0000008a
26893327ns          461981 1c009406 034a0633 mul              x12, x20, x20       x12=00000001 x20:ffffffff x20:ffffffff
26893347ns          461982 1c00940a 03398733 mul              x14, x19, x19       x14=00004a64 x19:0000008a x19:0000008a
26893367ns          461983 1c00940e 034787b3 mul              x15, x15, x20       x15=fffffffd x15:00000003 x20:ffffffff
26893386ns          461984 1c009412 033585b3 mul              x11, x11, x19       x11=000009b4 x11:00000012 x19:0000008a
26893406ns          461985 1c009416 40a75713 srai             x14, x14, 0x40a     x14=00000012 x14:00004a64
26893426ns          461986 1c009418 40a5d593 srai             x11, x11, 0x40a     x11=00000002 x11:000009b4
26893446ns          461987 1c00941a 40a65613 srai             x12, x12, 0x40a     x12=00000000 x12:00000001
26893466ns          461988 1c00941c 40a7d793 srai             x15, x15, 0x40a     x15=ffffffff x15:fffffffd
26893486ns          461989 1c00941e 1c0034b7 lui              x9, 0x1c003000       x9=1c003000
26893506ns          461990 1c009422 00e60633 add              x12, x12, x14       x12=00000012 x12:00000000 x14:00000012
26893526ns          461991 1c009424 40b787b3 sub              x15, x15, x11       x15=fffffffd x15:ffffffff x11:00000002
26893546ns          461992 1c009426 eb048493 addi             x9, x9, -336         x9=1c002eb0  x9:1c003000
26893565ns          461993 1c00942a 1c0032b7 lui              x5, 0x1c003000       x5=1c003000
26893585ns          461994 1c00942e 1c0035b7 lui              x11, 0x1c003000     x11=1c003000
26893605ns          461995 1c009432 018483b3 add              x7, x9, x24          x7=1c002eb8  x9:1c002eb0 x24:00000008
26893625ns          461996 1c009436 02812e83 lw               x29, 40(x2)         x29=1c002ec8  x2:100024d8  PA:10002500
26893645ns          461997 1c009438 10065633 p.exthz          x12, x12, x0        x12=00000012 x12:00000012
26893665ns          461998 1c00943c e8028293 addi             x5, x5, -384         x5=1c002e80  x5:1c003000
26893685ns          461999 1c009440 ea058593 addi             x11, x11, -352      x11=1c002ea0 x11:1c003000
26893705ns          462000 1c009444 03812483 lw               x9, 56(x2)           x9=1c002ee8  x2:100024d8  PA:10002510
26893725ns          462001 1c009446 10064733 p.exths          x14, x12, x0        x14=00000012 x12:00000012
26893744ns          462002 1c00944a 018280b3 add              x1, x5, x24          x1=1c002e88  x5:1c002e80 x24:00000008
26893764ns          462003 1c00944e 03012f03 lw               x30, 48(x2)         x30=1c002ed8  x2:100024d8  PA:10002508
26893784ns          462004 1c009450 018582b3 add              x5, x11, x24         x5=1c002ea8 x11:1c002ea0 x24:00000008
26893804ns          462005 1c009454 04012583 lw               x11, 64(x2)         x11=1c002ef8  x2:100024d8  PA:10002518
26893824ns          462006 1c009456 000edd83 lhu              x27, 0(x29)         x27=0000052f x29:1c002ec8  PA:1c002ec8
26894142ns          462022 1c00945a 0004d483 lhu              x9, 0(x9)            x9=00000023  x9:1c002ee8  PA:1c002ee8
26894460ns          462038 1c00945e 02e70333 mul              x6, x14, x14         x6=00000144 x14:00000012 x14:00000012
26894480ns          462039 1c009462 40a55513 srai             x10, x10, 0x40a     x10=00000000 x10:0000019e
26894500ns          462040 1c009464 04812e83 lw               x29, 72(x2)         x29=1c002f08  x2:100024d8  PA:10002520
26894520ns          462041 1c009466 40a6d693 srai             x13, x13, 0x40a     x13=ffffffff x13:ffffffee
26894540ns          462042 1c009468 000f5d03 lhu              x26, 0(x30)         x26=000000c9 x30:1c002ed8  PA:1c002ed8
26894858ns          462058 1c00946c 0005d583 lhu              x11, 0(x11)         x11=00000005 x11:1c002ef8  PA:1c002ef8
26895156ns          462073 1c009470 40a35313 srai             x6, x6, 0x40a        x6=00000000  x6:00000144
26895176ns          462074 1c009474 00a686b3 add              x13, x13, x10       x13=ffffffff x13:ffffffff x10:00000000
26895196ns          462075 1c009476 05012f03 lw               x30, 80(x2)         x30=1c002e78  x2:100024d8  PA:10002528
26895216ns          462076 1c009478 10034e33 p.exths          x28, x6, x0         x28=00000000  x6:00000000
26895236ns          462077 1c00947c 06911023 sh               x9, 96(x2)           x9:00000023  x2:100024d8  PA:10002538
26895256ns          462078 1c009480 000ede83 lhu              x29, 0(x29)         x29=00000000 x29:1c002f08  PA:1c002f08
26895554ns          462093 1c009484 05812483 lw               x9, 88(x2)           x9=1c002e68  x2:100024d8  PA:10002530
26895574ns          462094 1c009486 1006d6b3 p.exthz          x13, x13, x0        x13=0000ffff x13:ffffffff
26895594ns          462095 1c00948a 02ee08b3 mul              x17, x28, x14       x17=00000000 x28:00000000 x14:00000012
26895614ns          462096 1c00948e 1006c833 p.exths          x16, x13, x0        x16=ffffffff x13:0000ffff
26895634ns          462097 1c009492 06b11823 sh               x11, 112(x2)        x11:00000005  x2:100024d8  PA:10002548
26895654ns          462098 1c009496 000f5f03 lhu              x30, 0(x30)         x30=0000ffca x30:1c002e78  PA:1c002e78
26896012ns          462116 1c00949a 0a012583 lw               x11, 160(x2)        x11=1c002e98  x2:100024d8  PA:10002578
26896032ns          462117 1c00949c 1007d7b3 p.exthz          x15, x15, x0        x15=0000fffd x15:fffffffd
26896051ns          462118 1c0094a0 0004da03 lhu              x20, 0(x9)          x20=0000feee  x9:1c002e68  PA:1c002e68
26896429ns          462137 1c0094a4 1007c533 p.exths          x10, x15, x0        x10=fffffffd x15:0000fffd
26896449ns          462138 1c0094a8 09d11023 sh               x29, 128(x2)        x29:00000000  x2:100024d8  PA:10002558
26896469ns          462139 1c0094ac 0003d483 lhu              x9, 0(x7)            x9=0000fff6  x7:1c002eb8  PA:1c002eb8
26896767ns          462154 1c0094b0 02e80eb3 mul              x29, x16, x14       x29=ffffffee x16:ffffffff x14:00000012
26896787ns          462155 1c0094b4 40a8d893 srai             x17, x17, 0x40a     x17=00000000 x17:00000000
26896807ns          462156 1c0094b8 03c80833 mul              x16, x16, x28       x16=00000000 x16:ffffffff x28:00000000
26896827ns          462157 1c0094bc 09e11823 sh               x30, 144(x2)        x30:0000ffca  x2:100024d8  PA:10002568
26896847ns          462158 1c0094c0 0005d983 lhu              x19, 0(x11)         x19=0000ffee x11:1c002e98  PA:1c002e98
26897145ns          462173 1c0094c4 81c88f5b p.muls           x30, x17, x28       x30=00000000 x17:00000000 x28:00000000
26897165ns          462174 1c0094c8 0002d583 lhu              x11, 0(x5)          x11=0000ffef  x5:1c002ea8  PA:1c002ea8
26897583ns          462195 1c0094cc 03ce0fb3 mul              x31, x28, x28       x31=00000000 x28:00000000 x28:00000000
26897603ns          462196 1c0094d0 02e50733 mul              x14, x10, x14       x14=ffffffca x10:fffffffd x14:00000012
26897623ns          462197 1c0094d4 40a85813 srai             x16, x16, 0x40a     x16=00000000 x16:00000000
26897642ns          462198 1c0094d8 03c50533 mul              x10, x10, x28       x10=00000000 x10:fffffffd x28:00000000
26897662ns          462199 1c0094dc 07015e03 lhu              x28, 112(x2)        x28=00000005  x2:100024d8  PA:10002548
26897682ns          462200 1c0094e0 01b60633 add              x12, x12, x27       x12=00000541 x12:00000012 x27:0000052f
26897702ns          462201 1c0094e2 00980833 add              x16, x16, x9        x16=0000fff6 x16:00000000  x9:0000fff6
26897722ns          462202 1c0094e4 06015d83 lhu              x27, 96(x2)         x27=00000023  x2:100024d8  PA:10002538
26897742ns          462203 1c0094e8 02812483 lw               x9, 40(x2)           x9=1c002ec8  x2:100024d8  PA:10002500
26897762ns          462204 1c0094ea 40afdf93 srai             x31, x31, 0x40a     x31=00000000 x31:00000000
26897782ns          462205 1c0094ee 40a55513 srai             x10, x10, 0x40a     x10=00000000 x10:00000000
26897802ns          462206 1c0094f0 01cf8fb3 add              x31, x31, x28       x31=00000005 x31:00000000 x28:00000005
26897821ns          462207 1c0094f2 00b50533 add              x10, x10, x11       x10=0000ffef x10:00000000 x11:0000ffef
26897841ns          462208 1c0094f4 09015e03 lhu              x28, 144(x2)        x28=0000ffca  x2:100024d8  PA:10002568
26897861ns          462209 1c0094f8 03012583 lw               x11, 48(x2)         x11=1c002ed8  x2:100024d8  PA:10002508
26897881ns          462210 1c0094fa 00c49023 sh               x12, 0(x9)          x12:00000541  x9:1c002ec8  PA:1c002ec8
26898199ns          462226 1c0094fe 01b888b3 add              x17, x17, x27       x17=00000023 x17:00000000 x27:00000023
26898219ns          462227 1c009500 01a30333 add              x6, x6, x26          x6=000000c9  x6:00000000 x26:000000c9
26898239ns          462228 1c009502 08015d83 lhu              x27, 128(x2)        x27=00000000  x2:100024d8  PA:10002558
26898259ns          462229 1c009506 0000d903 lhu              x18, 0(x1)          x18=0000ffc8  x1:1c002e88  PA:1c002e88
26898557ns          462244 1c00950a 01c686b3 add              x13, x13, x28       x13=0001ffc9 x13:0000ffff x28:0000ffca
26898577ns          462245 1c00950c 00659023 sh               x6, 0(x11)           x6:000000c9 x11:1c002ed8  PA:1c002ed8
26898915ns          462262 1c009510 40af5f13 srai             x30, x30, 0x40a     x30=00000000 x30:00000000
26898935ns          462263 1c009514 04812e03 lw               x28, 72(x2)         x28=1c002f08  x2:100024d8  PA:10002520
26898955ns          462264 1c009516 01bf0f33 add              x30, x30, x27       x30=00000000 x30:00000000 x27:00000000
26898975ns          462265 1c009518 40aede93 srai             x29, x29, 0x40a     x29=ffffffff x29:ffffffee
26898995ns          462266 1c00951c 40a75713 srai             x14, x14, 0x40a     x14=ffffffff x14:ffffffca
26899015ns          462267 1c00951e 03812603 lw               x12, 56(x2)         x12=1c002ee8  x2:100024d8  PA:10002510
26899035ns          462268 1c009520 04012d83 lw               x27, 64(x2)         x27=1c002ef8  x2:100024d8  PA:10002518
26899054ns          462269 1c009522 01ee1023 sh               x30, 0(x28)         x30:00000000 x28:1c002f08  PA:1c002f08
26899393ns          462286 1c009526 05812483 lw               x9, 88(x2)           x9=1c002e68  x2:100024d8  PA:10002530
26899412ns          462287 1c009528 05012f03 lw               x30, 80(x2)         x30=1c002e78  x2:100024d8  PA:10002528
26899432ns          462288 1c00952a 0a012583 lw               x11, 160(x2)        x11=1c002e98  x2:100024d8  PA:10002578
26899452ns          462289 1c00952c 014787b3 add              x15, x15, x20       x15=0001feeb x15:0000fffd x20:0000feee
26899472ns          462290 1c00952e 013e8eb3 add              x29, x29, x19       x29=0000ffed x29:ffffffff x19:0000ffee
26899492ns          462291 1c009530 01270733 add              x14, x14, x18       x14=0000ffc7 x14:ffffffff x18:0000ffc8
26899512ns          462292 1c009532 00f49023 sh               x15, 0(x9)          x15:0001feeb  x9:1c002e68  PA:1c002e68
26899830ns          462308 1c009536 01161023 sh               x17, 0(x12)         x17:00000023 x12:1c002ee8  PA:1c002ee8
26900168ns          462325 1c00953a 01fd9023 sh               x31, 0(x27)         x31:00000005 x27:1c002ef8  PA:1c002ef8
26900486ns          462341 1c00953e 00df1023 sh               x13, 0(x30)         x13:0001ffc9 x30:1c002e78  PA:1c002e78
26900805ns          462357 1c009542 01d59023 sh               x29, 0(x11)         x29:0000ffed x11:1c002e98  PA:1c002e98
26901123ns          462373 1c009546 00e09023 sh               x14, 0(x1)          x14:0000ffc7  x1:1c002e88  PA:1c002e88
26901461ns          462390 1c00954a 01039023 sh               x16, 0(x7)          x16:0000fff6  x7:1c002eb8  PA:1c002eb8
26901779ns          462406 1c00954e 00a29023 sh               x10, 0(x5)          x10:0000ffef  x5:1c002ea8  PA:1c002ea8
26902097ns          462422 1c009552 008b0b13 addi             x22, x22, 8         x22=0000007c x22:00000074
26902117ns          462423 1c009554 1f300793 addi             x15, x0, 499        x15=000001f3
26902137ns          462424 1c009558 e767dae3 bge              x15, x22, -396      x15:000001f3 x22:0000007c
26902197ns          462427 1c0093cc 010c9a0b p.lh             x20, 16(x25!)       x20=ffffffa1 x25=1c002790 x25:1c002780  PA:1c002780
26902495ns          462442 1c0093d0 0104198b p.lh             x19, 16(x8!)        x19=00000128  x8=1c001f58  x8:1c001f48  PA:1c001f48
26902813ns          462458 1c0093d4 2cc10513 addi             x10, x2, 716        x10=100027a4  x2:100024d8
26902833ns          462459 1c0093d6 010a990b p.lh             x18, 16(x21!)       x18=ffffffb9 x21=1c001784 x21:1c001774  PA:1c001774
26903132ns          462474 1c0093da 010b948b p.lh             x9, 16(x23!)         x9=00000137 x23=1c000fb4 x23:1c000fa4  PA:1c000fa4
26903430ns          462489 1c0093de 2d411623 sh               x20, 716(x2)        x20:ffffffa1  x2:100024d8  PA:100027a4
26903450ns          462490 1c0093e2 2d311723 sh               x19, 718(x2)        x19:00000128  x2:100024d8  PA:100027a6
26903470ns          462491 1c0093e6 c33ff0ef jal              x1, -974             x1=1c0093e8
26903509ns          462493 1c009018 00051803 lh               x16, 0(x10)         x16=ffffffa1 x10:100027a4  PA:100027a4
26903529ns          462494 1c00901c 00251883 lh               x17, 2(x10)         x17=00000128 x10:100027a4  PA:100027a6
26903589ns          462497 1c009020 030806b3 mul              x13, x16, x16       x13=00002341 x16:ffffffa1 x16:ffffffa1
26903629ns          462499 1c009024 03188633 mul              x12, x17, x17       x12=00015640 x17:00000128 x17:00000128
26903649ns          462500 1c009028 40a65613 srai             x12, x12, 0x40a     x12=00000055 x12:00015640
26903669ns          462501 1c00902a 40a6d693 srai             x13, x13, 0x40a     x13=00000008 x13:00002341
26903688ns          462502 1c00902c 00c686b3 add              x13, x13, x12       x13=0000005d x13:00000008 x12:00000055
26903708ns          462503 1c00902e 1006c633 p.exths          x12, x13, x0        x12=0000005d x13:0000005d
26903728ns          462504 1c009032 00855703 lhu              x14, 8(x10)         x14=0000ffd1 x10:100027a4  PA:100027ac
26903748ns          462505 1c009036 00a55683 lhu              x13, 10(x10)        x13=0000ff6a x10:100027a4  PA:100027ae
26903768ns          462506 1c00903a 02c60333 mul              x6, x12, x12         x6=000021c9 x12:0000005d x12:0000005d
26903788ns          462507 1c00903e 00c55783 lhu              x15, 12(x10)        x15=0000ffe5 x10:100027a4  PA:100027b0
26903808ns          462508 1c009042 00e55583 lhu              x11, 14(x10)        x11=00000060 x10:100027a4  PA:100027b2
26903828ns          462509 1c009046 dea30333 p.extract        x6, x6, 15, 10       x6=00000008  x6:000021c9
26903848ns          462510 1c00904a 80c7075b p.muls           x14, x14, x12       x14=ffffeeed x14:0000ffd1 x12:0000005d
26903887ns          462512 1c00904e 80c686db p.muls           x13, x13, x12       x13=ffffc982 x13:0000ff6a x12:0000005d
26903927ns          462514 1c009052 00455e83 lhu              x29, 4(x10)         x29=00000427 x10:100027a4  PA:100027a8
26903947ns          462515 1c009056 00655e03 lhu              x28, 6(x10)         x28=0000007f x10:100027a4  PA:100027aa
26903967ns          462516 1c00905a 40a75713 srai             x14, x14, 0x40a     x14=fffffffb x14:ffffeeed
26903987ns          462517 1c00905c 806787db p.muls           x15, x15, x6        x15=ffffff28 x15:0000ffe5  x6:00000008
26904026ns          462519 1c009060 40a6d693 srai             x13, x13, 0x40a     x13=fffffff2 x13:ffffc982
26904066ns          462521 1c009062 8065865b p.muls           x12, x11, x6        x12=00000300 x11:00000060  x6:00000008
26904086ns          462522 1c009066 40a7d793 srai             x15, x15, 0x40a     x15=ffffffff x15:ffffff28
26904106ns          462523 1c009068 40a65613 srai             x12, x12, 0x40a     x12=00000000 x12:00000300
26904126ns          462524 1c00906a 01d70733 add              x14, x14, x29       x14=00000422 x14:fffffffb x29:00000427
26904146ns          462525 1c00906c 01c686b3 add              x13, x13, x28       x13=00000071 x13:fffffff2 x28:0000007f
26904166ns          462526 1c00906e 00c686b3 add              x13, x13, x12       x13=00000071 x13:00000071 x12:00000000
26904186ns          462527 1c009070 00f70733 add              x14, x14, x15       x14=00000421 x14:00000422 x15:ffffffff
26904205ns          462528 1c009072 100747b3 p.exths          x15, x14, x0        x15=00000421 x14:00000421
26904225ns          462529 1c009076 1006c733 p.exths          x14, x13, x0        x14=00000071 x13:00000071
26904245ns          462530 1c00907a 03170633 mul              x12, x14, x17       x12=000082a8 x14:00000071 x17:00000128
26904265ns          462531 1c00907e 030786b3 mul              x13, x15, x16       x13=fffe77c1 x15:00000421 x16:ffffffa1
26904285ns          462532 1c009082 03070733 mul              x14, x14, x16       x14=ffffd611 x14:00000071 x16:ffffffa1
26904305ns          462533 1c009086 031787b3 mul              x15, x15, x17       x15=0004c628 x15:00000421 x17:00000128
26904325ns          462534 1c00908a 40a6d693 srai             x13, x13, 0x40a     x13=ffffff9d x13:fffe77c1
26904345ns          462535 1c00908c 40a65613 srai             x12, x12, 0x40a     x12=00000020 x12:000082a8
26904365ns          462536 1c00908e 40a7d793 srai             x15, x15, 0x40a     x15=00000131 x15:0004c628
26904384ns          462537 1c009090 40a75713 srai             x14, x14, 0x40a     x14=fffffff5 x14:ffffd611
26904404ns          462538 1c009092 40c686b3 sub              x13, x13, x12       x13=ffffff7d x13:ffffff9d x12:00000020
26904424ns          462539 1c009094 00e787b3 add              x15, x15, x14       x15=00000126 x15:00000131 x14:fffffff5
26904444ns          462540 1c009096 00d51823 sh               x13, 16(x10)        x13:ffffff7d x10:100027a4  PA:100027b4
26904464ns          462541 1c00909a 00f51923 sh               x15, 18(x10)        x15:00000126 x10:100027a4  PA:100027b6
26904484ns          462542 1c00909e 00008067 jalr             x0, x1, 0            x1:1c0093e8
26904563ns          462546 1c0093e8 2dc15583 lhu              x11, 732(x2)        x11=0000ff7d  x2:100024d8  PA:100027b4
26904603ns          462548 1c0093ec 2de15783 lhu              x15, 734(x2)        x15=00000126  x2:100024d8  PA:100027b6
26904623ns          462549 1c0093f0 40b90933 sub              x18, x18, x11       x18=ffff003c x18:ffffffb9 x11:0000ff7d
26904643ns          462550 1c0093f4 40f484b3 sub              x9, x9, x15          x9=00000011  x9:00000137 x15:00000126
26904663ns          462551 1c0093f6 100945b3 p.exths          x11, x18, x0        x11=0000003c x18:ffff003c
26904683ns          462552 1c0093fa 1004c7b3 p.exths          x15, x9, x0         x15=00000011  x9:00000011
26904703ns          462553 1c0093fe 034586b3 mul              x13, x11, x20       x13=ffffe9bc x11:0000003c x20:ffffffa1
26904723ns          462554 1c009402 03378533 mul              x10, x15, x19       x10=000013a8 x15:00000011 x19:00000128
26904742ns          462555 1c009406 034a0633 mul              x12, x20, x20       x12=00002341 x20:ffffffa1 x20:ffffffa1
26904762ns          462556 1c00940a 03398733 mul              x14, x19, x19       x14=00015640 x19:00000128 x19:00000128
26904782ns          462557 1c00940e 034787b3 mul              x15, x15, x20       x15=fffff9b1 x15:00000011 x20:ffffffa1
26904802ns          462558 1c009412 033585b3 mul              x11, x11, x19       x11=00004560 x11:0000003c x19:00000128
26904822ns          462559 1c009416 40a75713 srai             x14, x14, 0x40a     x14=00000055 x14:00015640
26904842ns          462560 1c009418 40a5d593 srai             x11, x11, 0x40a     x11=00000011 x11:00004560
26904862ns          462561 1c00941a 40a65613 srai             x12, x12, 0x40a     x12=00000008 x12:00002341
26904882ns          462562 1c00941c 40a7d793 srai             x15, x15, 0x40a     x15=fffffffe x15:fffff9b1
26904902ns          462563 1c00941e 1c0034b7 lui              x9, 0x1c003000       x9=1c003000
26904921ns          462564 1c009422 00e60633 add              x12, x12, x14       x12=0000005d x12:00000008 x14:00000055
26904941ns          462565 1c009424 40b787b3 sub              x15, x15, x11       x15=ffffffed x15:fffffffe x11:00000011
26904961ns          462566 1c009426 eb048493 addi             x9, x9, -336         x9=1c002eb0  x9:1c003000
26904981ns          462567 1c00942a 1c0032b7 lui              x5, 0x1c003000       x5=1c003000
26905001ns          462568 1c00942e 1c0035b7 lui              x11, 0x1c003000     x11=1c003000
26905021ns          462569 1c009432 018483b3 add              x7, x9, x24          x7=1c002eb8  x9:1c002eb0 x24:00000008
26905041ns          462570 1c009436 02812e83 lw               x29, 40(x2)         x29=1c002ec8  x2:100024d8  PA:10002500
26905061ns          462571 1c009438 10065633 p.exthz          x12, x12, x0        x12=0000005d x12:0000005d
26905081ns          462572 1c00943c e8028293 addi             x5, x5, -384         x5=1c002e80  x5:1c003000
26905100ns          462573 1c009440 ea058593 addi             x11, x11, -352      x11=1c002ea0 x11:1c003000
26905140ns          462575 1c009444 03812483 lw               x9, 56(x2)           x9=1c002ee8  x2:100024d8  PA:10002510
26905160ns          462576 1c009446 10064733 p.exths          x14, x12, x0        x14=0000005d x12:0000005d
26905180ns          462577 1c00944a 018280b3 add              x1, x5, x24          x1=1c002e88  x5:1c002e80 x24:00000008
26905200ns          462578 1c00944e 03012f03 lw               x30, 48(x2)         x30=1c002ed8  x2:100024d8  PA:10002508
26905220ns          462579 1c009450 018582b3 add              x5, x11, x24         x5=1c002ea8 x11:1c002ea0 x24:00000008
26905240ns          462580 1c009454 04012583 lw               x11, 64(x2)         x11=1c002ef8  x2:100024d8  PA:10002518
26905260ns          462581 1c009456 000edd83 lhu              x27, 0(x29)         x27=00000541 x29:1c002ec8  PA:1c002ec8
26905558ns          462596 1c00945a 0004d483 lhu              x9, 0(x9)            x9=00000023  x9:1c002ee8  PA:1c002ee8
26905856ns          462611 1c00945e 02e70333 mul              x6, x14, x14         x6=000021c9 x14:0000005d x14:0000005d
26905876ns          462612 1c009462 40a55513 srai             x10, x10, 0x40a     x10=00000004 x10:000013a8
26905896ns          462613 1c009464 04812e83 lw               x29, 72(x2)         x29=1c002f08  x2:100024d8  PA:10002520
26905916ns          462614 1c009466 40a6d693 srai             x13, x13, 0x40a     x13=fffffffa x13:ffffe9bc
26905936ns          462615 1c009468 000f5d03 lhu              x26, 0(x30)         x26=000000c9 x30:1c002ed8  PA:1c002ed8
26906254ns          462631 1c00946c 0005d583 lhu              x11, 0(x11)         x11=00000005 x11:1c002ef8  PA:1c002ef8
26906552ns          462646 1c009470 40a35313 srai             x6, x6, 0x40a        x6=00000008  x6:000021c9
26906572ns          462647 1c009474 00a686b3 add              x13, x13, x10       x13=fffffffe x13:fffffffa x10:00000004
26906592ns          462648 1c009476 05012f03 lw               x30, 80(x2)         x30=1c002e78  x2:100024d8  PA:10002528
26906612ns          462649 1c009478 10034e33 p.exths          x28, x6, x0         x28=00000008  x6:00000008
26906632ns          462650 1c00947c 06911023 sh               x9, 96(x2)           x9:00000023  x2:100024d8  PA:10002538
26906652ns          462651 1c009480 000ede83 lhu              x29, 0(x29)         x29=00000000 x29:1c002f08  PA:1c002f08
26906950ns          462666 1c009484 05812483 lw               x9, 88(x2)           x9=1c002e68  x2:100024d8  PA:10002530
26906970ns          462667 1c009486 1006d6b3 p.exthz          x13, x13, x0        x13=0000fffe x13:fffffffe
26906990ns          462668 1c00948a 02ee08b3 mul              x17, x28, x14       x17=000002e8 x28:00000008 x14:0000005d
26907010ns          462669 1c00948e 1006c833 p.exths          x16, x13, x0        x16=fffffffe x13:0000fffe
26907030ns          462670 1c009492 06b11823 sh               x11, 112(x2)        x11:00000005  x2:100024d8  PA:10002548
26907049ns          462671 1c009496 000f5f03 lhu              x30, 0(x30)         x30=0000ffc9 x30:1c002e78  PA:1c002e78
26907348ns          462686 1c00949a 0a012583 lw               x11, 160(x2)        x11=1c002e98  x2:100024d8  PA:10002578
26907388ns          462688 1c00949c 1007d7b3 p.exthz          x15, x15, x0        x15=0000ffed x15:ffffffed
26907407ns          462689 1c0094a0 0004da03 lhu              x20, 0(x9)          x20=0000feeb  x9:1c002e68  PA:1c002e68
26907765ns          462707 1c0094a4 1007c533 p.exths          x10, x15, x0        x10=ffffffed x15:0000ffed
26907785ns          462708 1c0094a8 09d11023 sh               x29, 128(x2)        x29:00000000  x2:100024d8  PA:10002558
26907805ns          462709 1c0094ac 0003d483 lhu              x9, 0(x7)            x9=0000fff6  x7:1c002eb8  PA:1c002eb8
26908123ns          462725 1c0094b0 02e80eb3 mul              x29, x16, x14       x29=ffffff46 x16:fffffffe x14:0000005d
26908143ns          462726 1c0094b4 40a8d893 srai             x17, x17, 0x40a     x17=00000000 x17:000002e8
26908163ns          462727 1c0094b8 03c80833 mul              x16, x16, x28       x16=fffffff0 x16:fffffffe x28:00000008
26908183ns          462728 1c0094bc 09e11823 sh               x30, 144(x2)        x30:0000ffc9  x2:100024d8  PA:10002568
26908203ns          462729 1c0094c0 0005d983 lhu              x19, 0(x11)         x19=0000ffed x11:1c002e98  PA:1c002e98
26908501ns          462744 1c0094c4 81c88f5b p.muls           x30, x17, x28       x30=00000000 x17:00000000 x28:00000008
26908521ns          462745 1c0094c8 0002d583 lhu              x11, 0(x5)          x11=0000ffef  x5:1c002ea8  PA:1c002ea8
26908820ns          462760 1c0094cc 03ce0fb3 mul              x31, x28, x28       x31=00000040 x28:00000008 x28:00000008
26908839ns          462761 1c0094d0 02e50733 mul              x14, x10, x14       x14=fffff919 x10:ffffffed x14:0000005d
26908859ns          462762 1c0094d4 40a85813 srai             x16, x16, 0x40a     x16=ffffffff x16:fffffff0
26908879ns          462763 1c0094d8 03c50533 mul              x10, x10, x28       x10=ffffff68 x10:ffffffed x28:00000008
26908899ns          462764 1c0094dc 07015e03 lhu              x28, 112(x2)        x28=00000005  x2:100024d8  PA:10002548
26908939ns          462766 1c0094e0 01b60633 add              x12, x12, x27       x12=0000059e x12:0000005d x27:00000541
26908959ns          462767 1c0094e2 00980833 add              x16, x16, x9        x16=0000fff5 x16:ffffffff  x9:0000fff6
26908979ns          462768 1c0094e4 06015d83 lhu              x27, 96(x2)         x27=00000023  x2:100024d8  PA:10002538
26908998ns          462769 1c0094e8 02812483 lw               x9, 40(x2)           x9=1c002ec8  x2:100024d8  PA:10002500
26909018ns          462770 1c0094ea 40afdf93 srai             x31, x31, 0x40a     x31=00000000 x31:00000040
26909038ns          462771 1c0094ee 40a55513 srai             x10, x10, 0x40a     x10=ffffffff x10:ffffff68
26909058ns          462772 1c0094f0 01cf8fb3 add              x31, x31, x28       x31=00000005 x31:00000000 x28:00000005
26909078ns          462773 1c0094f2 00b50533 add              x10, x10, x11       x10=0000ffee x10:ffffffff x11:0000ffef
26909098ns          462774 1c0094f4 09015e03 lhu              x28, 144(x2)        x28=0000ffc9  x2:100024d8  PA:10002568
26909118ns          462775 1c0094f8 03012583 lw               x11, 48(x2)         x11=1c002ed8  x2:100024d8  PA:10002508
26909138ns          462776 1c0094fa 00c49023 sh               x12, 0(x9)          x12:0000059e  x9:1c002ec8  PA:1c002ec8
26909535ns          462796 1c0094fe 01b888b3 add              x17, x17, x27       x17=00000023 x17:00000000 x27:00000023
26909555ns          462797 1c009500 01a30333 add              x6, x6, x26          x6=000000d1  x6:00000008 x26:000000c9
26909575ns          462798 1c009502 08015d83 lhu              x27, 128(x2)        x27=00000000  x2:100024d8  PA:10002558
26909595ns          462799 1c009506 0000d903 lhu              x18, 0(x1)          x18=0000ffc7  x1:1c002e88  PA:1c002e88
26909893ns          462814 1c00950a 01c686b3 add              x13, x13, x28       x13=0001ffc7 x13:0000fffe x28:0000ffc9
26909913ns          462815 1c00950c 00659023 sh               x6, 0(x11)           x6:000000d1 x11:1c002ed8  PA:1c002ed8
26910232ns          462831 1c009510 40af5f13 srai             x30, x30, 0x40a     x30=00000000 x30:00000000
26910251ns          462832 1c009514 04812e03 lw               x28, 72(x2)         x28=1c002f08  x2:100024d8  PA:10002520
26910271ns          462833 1c009516 01bf0f33 add              x30, x30, x27       x30=00000000 x30:00000000 x27:00000000
26910291ns          462834 1c009518 40aede93 srai             x29, x29, 0x40a     x29=ffffffff x29:ffffff46
26910311ns          462835 1c00951c 40a75713 srai             x14, x14, 0x40a     x14=fffffffe x14:fffff919
26910331ns          462836 1c00951e 03812603 lw               x12, 56(x2)         x12=1c002ee8  x2:100024d8  PA:10002510
26910351ns          462837 1c009520 04012d83 lw               x27, 64(x2)         x27=1c002ef8  x2:100024d8  PA:10002518
26910371ns          462838 1c009522 01ee1023 sh               x30, 0(x28)         x30:00000000 x28:1c002f08  PA:1c002f08
26910709ns          462855 1c009526 05812483 lw               x9, 88(x2)           x9=1c002e68  x2:100024d8  PA:10002530
26910729ns          462856 1c009528 05012f03 lw               x30, 80(x2)         x30=1c002e78  x2:100024d8  PA:10002528
26910749ns          462857 1c00952a 0a012583 lw               x11, 160(x2)        x11=1c002e98  x2:100024d8  PA:10002578
26910769ns          462858 1c00952c 014787b3 add              x15, x15, x20       x15=0001fed8 x15:0000ffed x20:0000feeb
26910788ns          462859 1c00952e 013e8eb3 add              x29, x29, x19       x29=0000ffec x29:ffffffff x19:0000ffed
26910808ns          462860 1c009530 01270733 add              x14, x14, x18       x14=0000ffc5 x14:fffffffe x18:0000ffc7
26910828ns          462861 1c009532 00f49023 sh               x15, 0(x9)          x15:0001fed8  x9:1c002e68  PA:1c002e68
26911146ns          462877 1c009536 01161023 sh               x17, 0(x12)         x17:00000023 x12:1c002ee8  PA:1c002ee8
26911465ns          462893 1c00953a 01fd9023 sh               x31, 0(x27)         x31:00000005 x27:1c002ef8  PA:1c002ef8
26911783ns          462909 1c00953e 00df1023 sh               x13, 0(x30)         x13:0001ffc7 x30:1c002e78  PA:1c002e78
26912121ns          462926 1c009542 01d59023 sh               x29, 0(x11)         x29:0000ffec x11:1c002e98  PA:1c002e98
26912439ns          462942 1c009546 00e09023 sh               x14, 0(x1)          x14:0000ffc5  x1:1c002e88  PA:1c002e88
26912757ns          462958 1c00954a 01039023 sh               x16, 0(x7)          x16:0000fff5  x7:1c002eb8  PA:1c002eb8
26913076ns          462974 1c00954e 00a29023 sh               x10, 0(x5)          x10:0000ffee  x5:1c002ea8  PA:1c002ea8
26913414ns          462991 1c009552 008b0b13 addi             x22, x22, 8         x22=00000084 x22:0000007c
26913434ns          462992 1c009554 1f300793 addi             x15, x0, 499        x15=000001f3
26913453ns          462993 1c009558 e767dae3 bge              x15, x22, -396      x15:000001f3 x22:00000084
26913573ns          462999 1c0093cc 010c9a0b p.lh             x20, 16(x25!)       x20=ffffffcd x25=1c0027a0 x25:1c002790  PA:1c002790
26913891ns          463015 1c0093d0 0104198b p.lh             x19, 16(x8!)        x19=ffffff6a  x8=1c001f68  x8:1c001f58  PA:1c001f58
26914209ns          463031 1c0093d4 2cc10513 addi             x10, x2, 716        x10=100027a4  x2:100024d8
26914229ns          463032 1c0093d6 010a990b p.lh             x18, 16(x21!)       x18=ffffffbe x21=1c001794 x21:1c001784  PA:1c001784
26914527ns          463047 1c0093da 010b948b p.lh             x9, 16(x23!)         x9=ffffff66 x23=1c000fc4 x23:1c000fb4  PA:1c000fb4
26914826ns          463062 1c0093de 2d411623 sh               x20, 716(x2)        x20:ffffffcd  x2:100024d8  PA:100027a4
26914846ns          463063 1c0093e2 2d311723 sh               x19, 718(x2)        x19:ffffff6a  x2:100024d8  PA:100027a6
26914865ns          463064 1c0093e6 c33ff0ef jal              x1, -974             x1=1c0093e8
26914945ns          463068 1c009018 00051803 lh               x16, 0(x10)         x16=ffffffcd x10:100027a4  PA:100027a4
26914985ns          463070 1c00901c 00251883 lh               x17, 2(x10)         x17=ffffff6a x10:100027a4  PA:100027a6
26915044ns          463073 1c009020 030806b3 mul              x13, x16, x16       x13=00000a29 x16:ffffffcd x16:ffffffcd
26915084ns          463075 1c009024 03188633 mul              x12, x17, x17       x12=000057e4 x17:ffffff6a x17:ffffff6a
26915104ns          463076 1c009028 40a65613 srai             x12, x12, 0x40a     x12=00000015 x12:000057e4
26915124ns          463077 1c00902a 40a6d693 srai             x13, x13, 0x40a     x13=00000002 x13:00000a29
26915144ns          463078 1c00902c 00c686b3 add              x13, x13, x12       x13=00000017 x13:00000002 x12:00000015
26915164ns          463079 1c00902e 1006c633 p.exths          x12, x13, x0        x12=00000017 x13:00000017
26915184ns          463080 1c009032 00855703 lhu              x14, 8(x10)         x14=0000ffd1 x10:100027a4  PA:100027ac
26915204ns          463081 1c009036 00a55683 lhu              x13, 10(x10)        x13=0000ff6a x10:100027a4  PA:100027ae
26915223ns          463082 1c00903a 02c60333 mul              x6, x12, x12         x6=00000211 x12:00000017 x12:00000017
26915243ns          463083 1c00903e 00c55783 lhu              x15, 12(x10)        x15=0000ffe5 x10:100027a4  PA:100027b0
26915263ns          463084 1c009042 00e55583 lhu              x11, 14(x10)        x11=00000060 x10:100027a4  PA:100027b2
26915283ns          463085 1c009046 dea30333 p.extract        x6, x6, 15, 10       x6=00000000  x6:00000211
26915303ns          463086 1c00904a 80c7075b p.muls           x14, x14, x12       x14=fffffbc7 x14:0000ffd1 x12:00000017
26915323ns          463087 1c00904e 80c686db p.muls           x13, x13, x12       x13=fffff286 x13:0000ff6a x12:00000017
26915343ns          463088 1c009052 00455e83 lhu              x29, 4(x10)         x29=00000427 x10:100027a4  PA:100027a8
26915363ns          463089 1c009056 00655e03 lhu              x28, 6(x10)         x28=0000007f x10:100027a4  PA:100027aa
26915383ns          463090 1c00905a 40a75713 srai             x14, x14, 0x40a     x14=fffffffe x14:fffffbc7
26915402ns          463091 1c00905c 806787db p.muls           x15, x15, x6        x15=00000000 x15:0000ffe5  x6:00000000
26915422ns          463092 1c009060 40a6d693 srai             x13, x13, 0x40a     x13=fffffffc x13:fffff286
26915462ns          463094 1c009062 8065865b p.muls           x12, x11, x6        x12=00000000 x11:00000060  x6:00000000
26915482ns          463095 1c009066 40a7d793 srai             x15, x15, 0x40a     x15=00000000 x15:00000000
26915502ns          463096 1c009068 40a65613 srai             x12, x12, 0x40a     x12=00000000 x12:00000000
26915522ns          463097 1c00906a 01d70733 add              x14, x14, x29       x14=00000425 x14:fffffffe x29:00000427
26915542ns          463098 1c00906c 01c686b3 add              x13, x13, x28       x13=0000007b x13:fffffffc x28:0000007f
26915562ns          463099 1c00906e 00c686b3 add              x13, x13, x12       x13=0000007b x13:0000007b x12:00000000
26915581ns          463100 1c009070 00f70733 add              x14, x14, x15       x14=00000425 x14:00000425 x15:00000000
26915601ns          463101 1c009072 100747b3 p.exths          x15, x14, x0        x15=00000425 x14:00000425
26915621ns          463102 1c009076 1006c733 p.exths          x14, x13, x0        x14=0000007b x13:0000007b
26915641ns          463103 1c00907a 03170633 mul              x12, x14, x17       x12=ffffb7ee x14:0000007b x17:ffffff6a
26915661ns          463104 1c00907e 030786b3 mul              x13, x15, x16       x13=ffff2ca1 x15:00000425 x16:ffffffcd
26915681ns          463105 1c009082 03070733 mul              x14, x14, x16       x14=ffffe77f x14:0000007b x16:ffffffcd
26915701ns          463106 1c009086 031787b3 mul              x15, x15, x17       x15=fffd9252 x15:00000425 x17:ffffff6a
26915721ns          463107 1c00908a 40a6d693 srai             x13, x13, 0x40a     x13=ffffffcb x13:ffff2ca1
26915741ns          463108 1c00908c 40a65613 srai             x12, x12, 0x40a     x12=ffffffed x12:ffffb7ee
26915760ns          463109 1c00908e 40a7d793 srai             x15, x15, 0x40a     x15=ffffff64 x15:fffd9252
26915780ns          463110 1c009090 40a75713 srai             x14, x14, 0x40a     x14=fffffff9 x14:ffffe77f
26915800ns          463111 1c009092 40c686b3 sub              x13, x13, x12       x13=ffffffde x13:ffffffcb x12:ffffffed
26915820ns          463112 1c009094 00e787b3 add              x15, x15, x14       x15=ffffff5d x15:ffffff64 x14:fffffff9
26915840ns          463113 1c009096 00d51823 sh               x13, 16(x10)        x13:ffffffde x10:100027a4  PA:100027b4
26915860ns          463114 1c00909a 00f51923 sh               x15, 18(x10)        x15:ffffff5d x10:100027a4  PA:100027b6
26915880ns          463115 1c00909e 00008067 jalr             x0, x1, 0            x1:1c0093e8
26915959ns          463119 1c0093e8 2dc15583 lhu              x11, 732(x2)        x11=0000ffde  x2:100024d8  PA:100027b4
26915979ns          463120 1c0093ec 2de15783 lhu              x15, 734(x2)        x15=0000ff5d  x2:100024d8  PA:100027b6
26915999ns          463121 1c0093f0 40b90933 sub              x18, x18, x11       x18=fffeffe0 x18:ffffffbe x11:0000ffde
26916019ns          463122 1c0093f4 40f484b3 sub              x9, x9, x15          x9=ffff0009  x9:ffffff66 x15:0000ff5d
26916039ns          463123 1c0093f6 100945b3 p.exths          x11, x18, x0        x11=ffffffe0 x18:fffeffe0
26916059ns          463124 1c0093fa 1004c7b3 p.exths          x15, x9, x0         x15=00000009  x9:ffff0009
26916079ns          463125 1c0093fe 034586b3 mul              x13, x11, x20       x13=00000660 x11:ffffffe0 x20:ffffffcd
26916099ns          463126 1c009402 03378533 mul              x10, x15, x19       x10=fffffaba x15:00000009 x19:ffffff6a
26916118ns          463127 1c009406 034a0633 mul              x12, x20, x20       x12=00000a29 x20:ffffffcd x20:ffffffcd
26916138ns          463128 1c00940a 03398733 mul              x14, x19, x19       x14=000057e4 x19:ffffff6a x19:ffffff6a
26916198ns          463131 1c00940e 034787b3 mul              x15, x15, x20       x15=fffffe35 x15:00000009 x20:ffffffcd
26916238ns          463133 1c009412 033585b3 mul              x11, x11, x19       x11=000012c0 x11:ffffffe0 x19:ffffff6a
26916258ns          463134 1c009416 40a75713 srai             x14, x14, 0x40a     x14=00000015 x14:000057e4
26916278ns          463135 1c009418 40a5d593 srai             x11, x11, 0x40a     x11=00000004 x11:000012c0
26916297ns          463136 1c00941a 40a65613 srai             x12, x12, 0x40a     x12=00000002 x12:00000a29
26916317ns          463137 1c00941c 40a7d793 srai             x15, x15, 0x40a     x15=ffffffff x15:fffffe35
26916337ns          463138 1c00941e 1c0034b7 lui              x9, 0x1c003000       x9=1c003000
26916357ns          463139 1c009422 00e60633 add              x12, x12, x14       x12=00000017 x12:00000002 x14:00000015
26916377ns          463140 1c009424 40b787b3 sub              x15, x15, x11       x15=fffffffb x15:ffffffff x11:00000004
26916397ns          463141 1c009426 eb048493 addi             x9, x9, -336         x9=1c002eb0  x9:1c003000
26916417ns          463142 1c00942a 1c0032b7 lui              x5, 0x1c003000       x5=1c003000
26916437ns          463143 1c00942e 1c0035b7 lui              x11, 0x1c003000     x11=1c003000
26916456ns          463144 1c009432 018483b3 add              x7, x9, x24          x7=1c002eb8  x9:1c002eb0 x24:00000008
26916476ns          463145 1c009436 02812e83 lw               x29, 40(x2)         x29=1c002ec8  x2:100024d8  PA:10002500
26916496ns          463146 1c009438 10065633 p.exthz          x12, x12, x0        x12=00000017 x12:00000017
26916516ns          463147 1c00943c e8028293 addi             x5, x5, -384         x5=1c002e80  x5:1c003000
26916536ns          463148 1c009440 ea058593 addi             x11, x11, -352      x11=1c002ea0 x11:1c003000
26916556ns          463149 1c009444 03812483 lw               x9, 56(x2)           x9=1c002ee8  x2:100024d8  PA:10002510
26916576ns          463150 1c009446 10064733 p.exths          x14, x12, x0        x14=00000017 x12:00000017
26916596ns          463151 1c00944a 018280b3 add              x1, x5, x24          x1=1c002e88  x5:1c002e80 x24:00000008
26916616ns          463152 1c00944e 03012f03 lw               x30, 48(x2)         x30=1c002ed8  x2:100024d8  PA:10002508
26916635ns          463153 1c009450 018582b3 add              x5, x11, x24         x5=1c002ea8 x11:1c002ea0 x24:00000008
26916655ns          463154 1c009454 04012583 lw               x11, 64(x2)         x11=1c002ef8  x2:100024d8  PA:10002518
26916675ns          463155 1c009456 000edd83 lhu              x27, 0(x29)         x27=0000059e x29:1c002ec8  PA:1c002ec8
26916974ns          463170 1c00945a 0004d483 lhu              x9, 0(x9)            x9=00000023  x9:1c002ee8  PA:1c002ee8
26917332ns          463188 1c00945e 02e70333 mul              x6, x14, x14         x6=00000211 x14:00000017 x14:00000017
26917351ns          463189 1c009462 40a55513 srai             x10, x10, 0x40a     x10=fffffffe x10:fffffaba
26917371ns          463190 1c009464 04812e83 lw               x29, 72(x2)         x29=1c002f08  x2:100024d8  PA:10002520
26917391ns          463191 1c009466 40a6d693 srai             x13, x13, 0x40a     x13=00000001 x13:00000660
26917411ns          463192 1c009468 000f5d03 lhu              x26, 0(x30)         x26=000000d1 x30:1c002ed8  PA:1c002ed8
26917749ns          463209 1c00946c 0005d583 lhu              x11, 0(x11)         x11=00000005 x11:1c002ef8  PA:1c002ef8
26918107ns          463227 1c009470 40a35313 srai             x6, x6, 0x40a        x6=00000000  x6:00000211
26918127ns          463228 1c009474 00a686b3 add              x13, x13, x10       x13=ffffffff x13:00000001 x10:fffffffe
26918147ns          463229 1c009476 05012f03 lw               x30, 80(x2)         x30=1c002e78  x2:100024d8  PA:10002528
26918167ns          463230 1c009478 10034e33 p.exths          x28, x6, x0         x28=00000000  x6:00000000
26918187ns          463231 1c00947c 06911023 sh               x9, 96(x2)           x9:00000023  x2:100024d8  PA:10002538
26918207ns          463232 1c009480 000ede83 lhu              x29, 0(x29)         x29=00000000 x29:1c002f08  PA:1c002f08
26918525ns          463248 1c009484 05812483 lw               x9, 88(x2)           x9=1c002e68  x2:100024d8  PA:10002530
26918545ns          463249 1c009486 1006d6b3 p.exthz          x13, x13, x0        x13=0000ffff x13:ffffffff
26918565ns          463250 1c00948a 02ee08b3 mul              x17, x28, x14       x17=00000000 x28:00000000 x14:00000017
26918585ns          463251 1c00948e 1006c833 p.exths          x16, x13, x0        x16=ffffffff x13:0000ffff
26918604ns          463252 1c009492 06b11823 sh               x11, 112(x2)        x11:00000005  x2:100024d8  PA:10002548
26918624ns          463253 1c009496 000f5f03 lhu              x30, 0(x30)         x30=0000ffc7 x30:1c002e78  PA:1c002e78
26918982ns          463271 1c00949a 0a012583 lw               x11, 160(x2)        x11=1c002e98  x2:100024d8  PA:10002578
26919002ns          463272 1c00949c 1007d7b3 p.exthz          x15, x15, x0        x15=0000fffb x15:fffffffb
26919022ns          463273 1c0094a0 0004da03 lhu              x20, 0(x9)          x20=0000fed8  x9:1c002e68  PA:1c002e68
26919320ns          463288 1c0094a4 1007c533 p.exths          x10, x15, x0        x10=fffffffb x15:0000fffb
26919340ns          463289 1c0094a8 09d11023 sh               x29, 128(x2)        x29:00000000  x2:100024d8  PA:10002558
26919360ns          463290 1c0094ac 0003d483 lhu              x9, 0(x7)            x9=0000fff5  x7:1c002eb8  PA:1c002eb8
26919658ns          463305 1c0094b0 02e80eb3 mul              x29, x16, x14       x29=ffffffe9 x16:ffffffff x14:00000017
26919678ns          463306 1c0094b4 40a8d893 srai             x17, x17, 0x40a     x17=00000000 x17:00000000
26919698ns          463307 1c0094b8 03c80833 mul              x16, x16, x28       x16=00000000 x16:ffffffff x28:00000000
26919718ns          463308 1c0094bc 09e11823 sh               x30, 144(x2)        x30:0000ffc7  x2:100024d8  PA:10002568
26919738ns          463309 1c0094c0 0005d983 lhu              x19, 0(x11)         x19=0000ffec x11:1c002e98  PA:1c002e98
26920176ns          463331 1c0094c4 81c88f5b p.muls           x30, x17, x28       x30=00000000 x17:00000000 x28:00000000
26920195ns          463332 1c0094c8 0002d583 lhu              x11, 0(x5)          x11=0000ffee  x5:1c002ea8  PA:1c002ea8
26920494ns          463347 1c0094cc 03ce0fb3 mul              x31, x28, x28       x31=00000000 x28:00000000 x28:00000000
26920514ns          463348 1c0094d0 02e50733 mul              x14, x10, x14       x14=ffffff8d x10:fffffffb x14:00000017
26920534ns          463349 1c0094d4 40a85813 srai             x16, x16, 0x40a     x16=00000000 x16:00000000
26920553ns          463350 1c0094d8 03c50533 mul              x10, x10, x28       x10=00000000 x10:fffffffb x28:00000000
26920573ns          463351 1c0094dc 07015e03 lhu              x28, 112(x2)        x28=00000005  x2:100024d8  PA:10002548
26920593ns          463352 1c0094e0 01b60633 add              x12, x12, x27       x12=000005b5 x12:00000017 x27:0000059e
26920613ns          463353 1c0094e2 00980833 add              x16, x16, x9        x16=0000fff5 x16:00000000  x9:0000fff5
26920633ns          463354 1c0094e4 06015d83 lhu              x27, 96(x2)         x27=00000023  x2:100024d8  PA:10002538
26920653ns          463355 1c0094e8 02812483 lw               x9, 40(x2)           x9=1c002ec8  x2:100024d8  PA:10002500
26920673ns          463356 1c0094ea 40afdf93 srai             x31, x31, 0x40a     x31=00000000 x31:00000000
26920693ns          463357 1c0094ee 40a55513 srai             x10, x10, 0x40a     x10=00000000 x10:00000000
26920713ns          463358 1c0094f0 01cf8fb3 add              x31, x31, x28       x31=00000005 x31:00000000 x28:00000005
26920732ns          463359 1c0094f2 00b50533 add              x10, x10, x11       x10=0000ffee x10:00000000 x11:0000ffee
26920752ns          463360 1c0094f4 09015e03 lhu              x28, 144(x2)        x28=0000ffc7  x2:100024d8  PA:10002568
26920772ns          463361 1c0094f8 03012583 lw               x11, 48(x2)         x11=1c002ed8  x2:100024d8  PA:10002508
26920792ns          463362 1c0094fa 00c49023 sh               x12, 0(x9)          x12:000005b5  x9:1c002ec8  PA:1c002ec8
26921130ns          463379 1c0094fe 01b888b3 add              x17, x17, x27       x17=00000023 x17:00000000 x27:00000023
26921150ns          463380 1c009500 01a30333 add              x6, x6, x26          x6=000000d1  x6:00000000 x26:000000d1
26921170ns          463381 1c009502 08015d83 lhu              x27, 128(x2)        x27=00000000  x2:100024d8  PA:10002558
26921190ns          463382 1c009506 0000d903 lhu              x18, 0(x1)          x18=0000ffc5  x1:1c002e88  PA:1c002e88
26921508ns          463398 1c00950a 01c686b3 add              x13, x13, x28       x13=0001ffc6 x13:0000ffff x28:0000ffc7
26921528ns          463399 1c00950c 00659023 sh               x6, 0(x11)           x6:000000d1 x11:1c002ed8  PA:1c002ed8
26921866ns          463416 1c009510 40af5f13 srai             x30, x30, 0x40a     x30=00000000 x30:00000000
26921886ns          463417 1c009514 04812e03 lw               x28, 72(x2)         x28=1c002f08  x2:100024d8  PA:10002520
26921906ns          463418 1c009516 01bf0f33 add              x30, x30, x27       x30=00000000 x30:00000000 x27:00000000
26921926ns          463419 1c009518 40aede93 srai             x29, x29, 0x40a     x29=ffffffff x29:ffffffe9
26921946ns          463420 1c00951c 40a75713 srai             x14, x14, 0x40a     x14=ffffffff x14:ffffff8d
26921965ns          463421 1c00951e 03812603 lw               x12, 56(x2)         x12=1c002ee8  x2:100024d8  PA:10002510
26921985ns          463422 1c009520 04012d83 lw               x27, 64(x2)         x27=1c002ef8  x2:100024d8  PA:10002518
26922005ns          463423 1c009522 01ee1023 sh               x30, 0(x28)         x30:00000000 x28:1c002f08  PA:1c002f08
26922323ns          463439 1c009526 05812483 lw               x9, 88(x2)           x9=1c002e68  x2:100024d8  PA:10002530
26922343ns          463440 1c009528 05012f03 lw               x30, 80(x2)         x30=1c002e78  x2:100024d8  PA:10002528
26922363ns          463441 1c00952a 0a012583 lw               x11, 160(x2)        x11=1c002e98  x2:100024d8  PA:10002578
26922383ns          463442 1c00952c 014787b3 add              x15, x15, x20       x15=0001fed3 x15:0000fffb x20:0000fed8
26922403ns          463443 1c00952e 013e8eb3 add              x29, x29, x19       x29=0000ffeb x29:ffffffff x19:0000ffec
26922423ns          463444 1c009530 01270733 add              x14, x14, x18       x14=0000ffc4 x14:ffffffff x18:0000ffc5
26922443ns          463445 1c009532 00f49023 sh               x15, 0(x9)          x15:0001fed3  x9:1c002e68  PA:1c002e68
26922761ns          463461 1c009536 01161023 sh               x17, 0(x12)         x17:00000023 x12:1c002ee8  PA:1c002ee8
26923079ns          463477 1c00953a 01fd9023 sh               x31, 0(x27)         x31:00000005 x27:1c002ef8  PA:1c002ef8
26923397ns          463493 1c00953e 00df1023 sh               x13, 0(x30)         x13:0001ffc6 x30:1c002e78  PA:1c002e78
26923755ns          463511 1c009542 01d59023 sh               x29, 0(x11)         x29:0000ffeb x11:1c002e98  PA:1c002e98
26924093ns          463528 1c009546 00e09023 sh               x14, 0(x1)          x14:0000ffc4  x1:1c002e88  PA:1c002e88
26924412ns          463544 1c00954a 01039023 sh               x16, 0(x7)          x16:0000fff5  x7:1c002eb8  PA:1c002eb8
26924730ns          463560 1c00954e 00a29023 sh               x10, 0(x5)          x10:0000ffee  x5:1c002ea8  PA:1c002ea8
26925048ns          463576 1c009552 008b0b13 addi             x22, x22, 8         x22=0000008c x22:00000084
26925068ns          463577 1c009554 1f300793 addi             x15, x0, 499        x15=000001f3
26925088ns          463578 1c009558 e767dae3 bge              x15, x22, -396      x15:000001f3 x22:0000008c
26925187ns          463583 1c0093cc 010c9a0b p.lh             x20, 16(x25!)       x20=0000008d x25=1c0027b0 x25:1c0027a0  PA:1c0027a0
26925486ns          463598 1c0093d0 0104198b p.lh             x19, 16(x8!)        x19=ffffffc7  x8=1c001f78  x8:1c001f68  PA:1c001f68
26925784ns          463613 1c0093d4 2cc10513 addi             x10, x2, 716        x10=100027a4  x2:100024d8
26925804ns          463614 1c0093d6 010a990b p.lh             x18, 16(x21!)       x18=0000007c x21=1c0017a4 x21:1c001794  PA:1c001794
26926102ns          463629 1c0093da 010b948b p.lh             x9, 16(x23!)         x9=ffffffca x23=1c000fd4 x23:1c000fc4  PA:1c000fc4
26926400ns          463644 1c0093de 2d411623 sh               x20, 716(x2)        x20:0000008d  x2:100024d8  PA:100027a4
26926440ns          463646 1c0093e2 2d311723 sh               x19, 718(x2)        x19:ffffffc7  x2:100024d8  PA:100027a6
26926480ns          463648 1c0093e6 c33ff0ef jal              x1, -974             x1=1c0093e8
26926540ns          463651 1c009018 00051803 lh               x16, 0(x10)         x16=0000008d x10:100027a4  PA:100027a4
26926579ns          463653 1c00901c 00251883 lh               x17, 2(x10)         x17=ffffffc7 x10:100027a4  PA:100027a6
26926599ns          463654 1c009020 030806b3 mul              x13, x16, x16       x13=00004da9 x16:0000008d x16:0000008d
26926619ns          463655 1c009024 03188633 mul              x12, x17, x17       x12=00000cb1 x17:ffffffc7 x17:ffffffc7
26926639ns          463656 1c009028 40a65613 srai             x12, x12, 0x40a     x12=00000003 x12:00000cb1
26926659ns          463657 1c00902a 40a6d693 srai             x13, x13, 0x40a     x13=00000013 x13:00004da9
26926679ns          463658 1c00902c 00c686b3 add              x13, x13, x12       x13=00000016 x13:00000013 x12:00000003
26926699ns          463659 1c00902e 1006c633 p.exths          x12, x13, x0        x12=00000016 x13:00000016
26926719ns          463660 1c009032 00855703 lhu              x14, 8(x10)         x14=0000ffd1 x10:100027a4  PA:100027ac
26926739ns          463661 1c009036 00a55683 lhu              x13, 10(x10)        x13=0000ff6a x10:100027a4  PA:100027ae
26926758ns          463662 1c00903a 02c60333 mul              x6, x12, x12         x6=000001e4 x12:00000016 x12:00000016
26926778ns          463663 1c00903e 00c55783 lhu              x15, 12(x10)        x15=0000ffe5 x10:100027a4  PA:100027b0
26926798ns          463664 1c009042 00e55583 lhu              x11, 14(x10)        x11=00000060 x10:100027a4  PA:100027b2
26926818ns          463665 1c009046 dea30333 p.extract        x6, x6, 15, 10       x6=00000000  x6:000001e4
26926838ns          463666 1c00904a 80c7075b p.muls           x14, x14, x12       x14=fffffbf6 x14:0000ffd1 x12:00000016
26926878ns          463668 1c00904e 80c686db p.muls           x13, x13, x12       x13=fffff31c x13:0000ff6a x12:00000016
26926918ns          463670 1c009052 00455e83 lhu              x29, 4(x10)         x29=00000427 x10:100027a4  PA:100027a8
26926937ns          463671 1c009056 00655e03 lhu              x28, 6(x10)         x28=0000007f x10:100027a4  PA:100027aa
26926957ns          463672 1c00905a 40a75713 srai             x14, x14, 0x40a     x14=fffffffe x14:fffffbf6
26926977ns          463673 1c00905c 806787db p.muls           x15, x15, x6        x15=00000000 x15:0000ffe5  x6:00000000
26926997ns          463674 1c009060 40a6d693 srai             x13, x13, 0x40a     x13=fffffffc x13:fffff31c
26927017ns          463675 1c009062 8065865b p.muls           x12, x11, x6        x12=00000000 x11:00000060  x6:00000000
26927037ns          463676 1c009066 40a7d793 srai             x15, x15, 0x40a     x15=00000000 x15:00000000
26927057ns          463677 1c009068 40a65613 srai             x12, x12, 0x40a     x12=00000000 x12:00000000
26927077ns          463678 1c00906a 01d70733 add              x14, x14, x29       x14=00000425 x14:fffffffe x29:00000427
26927097ns          463679 1c00906c 01c686b3 add              x13, x13, x28       x13=0000007b x13:fffffffc x28:0000007f
26927116ns          463680 1c00906e 00c686b3 add              x13, x13, x12       x13=0000007b x13:0000007b x12:00000000
26927136ns          463681 1c009070 00f70733 add              x14, x14, x15       x14=00000425 x14:00000425 x15:00000000
26927156ns          463682 1c009072 100747b3 p.exths          x15, x14, x0        x15=00000425 x14:00000425
26927176ns          463683 1c009076 1006c733 p.exths          x14, x13, x0        x14=0000007b x13:0000007b
26927196ns          463684 1c00907a 03170633 mul              x12, x14, x17       x12=ffffe49d x14:0000007b x17:ffffffc7
26927216ns          463685 1c00907e 030786b3 mul              x13, x15, x16       x13=00024861 x15:00000425 x16:0000008d
26927236ns          463686 1c009082 03070733 mul              x14, x14, x16       x14=000043bf x14:0000007b x16:0000008d
26927256ns          463687 1c009086 031787b3 mul              x15, x15, x17       x15=ffff13c3 x15:00000425 x17:ffffffc7
26927276ns          463688 1c00908a 40a6d693 srai             x13, x13, 0x40a     x13=00000092 x13:00024861
26927295ns          463689 1c00908c 40a65613 srai             x12, x12, 0x40a     x12=fffffff9 x12:ffffe49d
26927315ns          463690 1c00908e 40a7d793 srai             x15, x15, 0x40a     x15=ffffffc4 x15:ffff13c3
26927335ns          463691 1c009090 40a75713 srai             x14, x14, 0x40a     x14=00000010 x14:000043bf
26927355ns          463692 1c009092 40c686b3 sub              x13, x13, x12       x13=00000099 x13:00000092 x12:fffffff9
26927375ns          463693 1c009094 00e787b3 add              x15, x15, x14       x15=ffffffd4 x15:ffffffc4 x14:00000010
26927395ns          463694 1c009096 00d51823 sh               x13, 16(x10)        x13:00000099 x10:100027a4  PA:100027b4
26927435ns          463696 1c00909a 00f51923 sh               x15, 18(x10)        x15:ffffffd4 x10:100027a4  PA:100027b6
26927474ns          463698 1c00909e 00008067 jalr             x0, x1, 0            x1:1c0093e8
26927494ns          463699 1c0093e8 2dc15583 lhu              x11, 732(x2)        x11=00000099  x2:100024d8  PA:100027b4
26927514ns          463700 1c0093ec 2de15783 lhu              x15, 734(x2)        x15=0000ffd4  x2:100024d8  PA:100027b6
26927534ns          463701 1c0093f0 40b90933 sub              x18, x18, x11       x18=ffffffe3 x18:0000007c x11:00000099
26927554ns          463702 1c0093f4 40f484b3 sub              x9, x9, x15          x9=fffefff6  x9:ffffffca x15:0000ffd4
26927574ns          463703 1c0093f6 100945b3 p.exths          x11, x18, x0        x11=ffffffe3 x18:ffffffe3
26927594ns          463704 1c0093fa 1004c7b3 p.exths          x15, x9, x0         x15=fffffff6  x9:fffefff6
26927614ns          463705 1c0093fe 034586b3 mul              x13, x11, x20       x13=fffff007 x11:ffffffe3 x20:0000008d
26927634ns          463706 1c009402 03378533 mul              x10, x15, x19       x10=0000023a x15:fffffff6 x19:ffffffc7
26927653ns          463707 1c009406 034a0633 mul              x12, x20, x20       x12=00004da9 x20:0000008d x20:0000008d
26927673ns          463708 1c00940a 03398733 mul              x14, x19, x19       x14=00000cb1 x19:ffffffc7 x19:ffffffc7
26927733ns          463711 1c00940e 034787b3 mul              x15, x15, x20       x15=fffffa7e x15:fffffff6 x20:0000008d
26927773ns          463713 1c009412 033585b3 mul              x11, x11, x19       x11=00000675 x11:ffffffe3 x19:ffffffc7
26927793ns          463714 1c009416 40a75713 srai             x14, x14, 0x40a     x14=00000003 x14:00000cb1
26927813ns          463715 1c009418 40a5d593 srai             x11, x11, 0x40a     x11=00000001 x11:00000675
26927832ns          463716 1c00941a 40a65613 srai             x12, x12, 0x40a     x12=00000013 x12:00004da9
26927852ns          463717 1c00941c 40a7d793 srai             x15, x15, 0x40a     x15=fffffffe x15:fffffa7e
26927872ns          463718 1c00941e 1c0034b7 lui              x9, 0x1c003000       x9=1c003000
26927892ns          463719 1c009422 00e60633 add              x12, x12, x14       x12=00000016 x12:00000013 x14:00000003
26927912ns          463720 1c009424 40b787b3 sub              x15, x15, x11       x15=fffffffd x15:fffffffe x11:00000001
26927932ns          463721 1c009426 eb048493 addi             x9, x9, -336         x9=1c002eb0  x9:1c003000
26927952ns          463722 1c00942a 1c0032b7 lui              x5, 0x1c003000       x5=1c003000
26927972ns          463723 1c00942e 1c0035b7 lui              x11, 0x1c003000     x11=1c003000
26927992ns          463724 1c009432 018483b3 add              x7, x9, x24          x7=1c002eb8  x9:1c002eb0 x24:00000008
26928011ns          463725 1c009436 02812e83 lw               x29, 40(x2)         x29=1c002ec8  x2:100024d8  PA:10002500
26928031ns          463726 1c009438 10065633 p.exthz          x12, x12, x0        x12=00000016 x12:00000016
26928051ns          463727 1c00943c e8028293 addi             x5, x5, -384         x5=1c002e80  x5:1c003000
26928091ns          463729 1c009440 ea058593 addi             x11, x11, -352      x11=1c002ea0 x11:1c003000
26928131ns          463731 1c009444 03812483 lw               x9, 56(x2)           x9=1c002ee8  x2:100024d8  PA:10002510
26928151ns          463732 1c009446 10064733 p.exths          x14, x12, x0        x14=00000016 x12:00000016
26928171ns          463733 1c00944a 018280b3 add              x1, x5, x24          x1=1c002e88  x5:1c002e80 x24:00000008
26928190ns          463734 1c00944e 03012f03 lw               x30, 48(x2)         x30=1c002ed8  x2:100024d8  PA:10002508
26928230ns          463736 1c009450 018582b3 add              x5, x11, x24         x5=1c002ea8 x11:1c002ea0 x24:00000008
26928270ns          463738 1c009454 04012583 lw               x11, 64(x2)         x11=1c002ef8  x2:100024d8  PA:10002518
26928290ns          463739 1c009456 000edd83 lhu              x27, 0(x29)         x27=000005b5 x29:1c002ec8  PA:1c002ec8
26928628ns          463756 1c00945a 0004d483 lhu              x9, 0(x9)            x9=00000023  x9:1c002ee8  PA:1c002ee8
26928926ns          463771 1c00945e 02e70333 mul              x6, x14, x14         x6=000001e4 x14:00000016 x14:00000016
26928946ns          463772 1c009462 40a55513 srai             x10, x10, 0x40a     x10=00000000 x10:0000023a
26928966ns          463773 1c009464 04812e83 lw               x29, 72(x2)         x29=1c002f08  x2:100024d8  PA:10002520
26928986ns          463774 1c009466 40a6d693 srai             x13, x13, 0x40a     x13=fffffffc x13:fffff007
26929006ns          463775 1c009468 000f5d03 lhu              x26, 0(x30)         x26=000000d1 x30:1c002ed8  PA:1c002ed8
26929384ns          463794 1c00946c 0005d583 lhu              x11, 0(x11)         x11=00000005 x11:1c002ef8  PA:1c002ef8
26929781ns          463814 1c009470 40a35313 srai             x6, x6, 0x40a        x6=00000000  x6:000001e4
26929801ns          463815 1c009474 00a686b3 add              x13, x13, x10       x13=fffffffc x13:fffffffc x10:00000000
26929821ns          463816 1c009476 05012f03 lw               x30, 80(x2)         x30=1c002e78  x2:100024d8  PA:10002528
26929841ns          463817 1c009478 10034e33 p.exths          x28, x6, x0         x28=00000000  x6:00000000
26929861ns          463818 1c00947c 06911023 sh               x9, 96(x2)           x9:00000023  x2:100024d8  PA:10002538
26929881ns          463819 1c009480 000ede83 lhu              x29, 0(x29)         x29=00000000 x29:1c002f08  PA:1c002f08
26930179ns          463834 1c009484 05812483 lw               x9, 88(x2)           x9=1c002e68  x2:100024d8  PA:10002530
26930199ns          463835 1c009486 1006d6b3 p.exthz          x13, x13, x0        x13=0000fffc x13:fffffffc
26930219ns          463836 1c00948a 02ee08b3 mul              x17, x28, x14       x17=00000000 x28:00000000 x14:00000016
26930239ns          463837 1c00948e 1006c833 p.exths          x16, x13, x0        x16=fffffffc x13:0000fffc
26930259ns          463838 1c009492 06b11823 sh               x11, 112(x2)        x11:00000005  x2:100024d8  PA:10002548
26930279ns          463839 1c009496 000f5f03 lhu              x30, 0(x30)         x30=0000ffc6 x30:1c002e78  PA:1c002e78
26930617ns          463856 1c00949a 0a012583 lw               x11, 160(x2)        x11=1c002e98  x2:100024d8  PA:10002578
26930637ns          463857 1c00949c 1007d7b3 p.exthz          x15, x15, x0        x15=0000fffd x15:fffffffd
26930657ns          463858 1c0094a0 0004da03 lhu              x20, 0(x9)          x20=0000fed3  x9:1c002e68  PA:1c002e68
26930955ns          463873 1c0094a4 1007c533 p.exths          x10, x15, x0        x10=fffffffd x15:0000fffd
26930975ns          463874 1c0094a8 09d11023 sh               x29, 128(x2)        x29:00000000  x2:100024d8  PA:10002558
26930995ns          463875 1c0094ac 0003d483 lhu              x9, 0(x7)            x9=0000fff5  x7:1c002eb8  PA:1c002eb8
26931293ns          463890 1c0094b0 02e80eb3 mul              x29, x16, x14       x29=ffffffa8 x16:fffffffc x14:00000016
26931313ns          463891 1c0094b4 40a8d893 srai             x17, x17, 0x40a     x17=00000000 x17:00000000
26931333ns          463892 1c0094b8 03c80833 mul              x16, x16, x28       x16=00000000 x16:fffffffc x28:00000000
26931353ns          463893 1c0094bc 09e11823 sh               x30, 144(x2)        x30:0000ffc6  x2:100024d8  PA:10002568
26931372ns          463894 1c0094c0 0005d983 lhu              x19, 0(x11)         x19=0000ffeb x11:1c002e98  PA:1c002e98
26931730ns          463912 1c0094c4 81c88f5b p.muls           x30, x17, x28       x30=00000000 x17:00000000 x28:00000000
26931750ns          463913 1c0094c8 0002d583 lhu              x11, 0(x5)          x11=0000ffee  x5:1c002ea8  PA:1c002ea8
26932069ns          463929 1c0094cc 03ce0fb3 mul              x31, x28, x28       x31=00000000 x28:00000000 x28:00000000
26932088ns          463930 1c0094d0 02e50733 mul              x14, x10, x14       x14=ffffffbe x10:fffffffd x14:00000016
26932108ns          463931 1c0094d4 40a85813 srai             x16, x16, 0x40a     x16=00000000 x16:00000000
26932128ns          463932 1c0094d8 03c50533 mul              x10, x10, x28       x10=00000000 x10:fffffffd x28:00000000
26932148ns          463933 1c0094dc 07015e03 lhu              x28, 112(x2)        x28=00000005  x2:100024d8  PA:10002548
26932188ns          463935 1c0094e0 01b60633 add              x12, x12, x27       x12=000005cb x12:00000016 x27:000005b5
26932208ns          463936 1c0094e2 00980833 add              x16, x16, x9        x16=0000fff5 x16:00000000  x9:0000fff5
26932228ns          463937 1c0094e4 06015d83 lhu              x27, 96(x2)         x27=00000023  x2:100024d8  PA:10002538
26932248ns          463938 1c0094e8 02812483 lw               x9, 40(x2)           x9=1c002ec8  x2:100024d8  PA:10002500
26932267ns          463939 1c0094ea 40afdf93 srai             x31, x31, 0x40a     x31=00000000 x31:00000000
26932287ns          463940 1c0094ee 40a55513 srai             x10, x10, 0x40a     x10=00000000 x10:00000000
26932307ns          463941 1c0094f0 01cf8fb3 add              x31, x31, x28       x31=00000005 x31:00000000 x28:00000005
26932327ns          463942 1c0094f2 00b50533 add              x10, x10, x11       x10=0000ffee x10:00000000 x11:0000ffee
26932347ns          463943 1c0094f4 09015e03 lhu              x28, 144(x2)        x28=0000ffc6  x2:100024d8  PA:10002568
26932367ns          463944 1c0094f8 03012583 lw               x11, 48(x2)         x11=1c002ed8  x2:100024d8  PA:10002508
26932387ns          463945 1c0094fa 00c49023 sh               x12, 0(x9)          x12:000005cb  x9:1c002ec8  PA:1c002ec8
26932725ns          463962 1c0094fe 01b888b3 add              x17, x17, x27       x17=00000023 x17:00000000 x27:00000023
26932745ns          463963 1c009500 01a30333 add              x6, x6, x26          x6=000000d1  x6:00000000 x26:000000d1
26932765ns          463964 1c009502 08015d83 lhu              x27, 128(x2)        x27=00000000  x2:100024d8  PA:10002558
26932785ns          463965 1c009506 0000d903 lhu              x18, 0(x1)          x18=0000ffc4  x1:1c002e88  PA:1c002e88
26933123ns          463982 1c00950a 01c686b3 add              x13, x13, x28       x13=0001ffc2 x13:0000fffc x28:0000ffc6
26933143ns          463983 1c00950c 00659023 sh               x6, 0(x11)           x6:000000d1 x11:1c002ed8  PA:1c002ed8
26933461ns          463999 1c009510 40af5f13 srai             x30, x30, 0x40a     x30=00000000 x30:00000000
26933481ns          464000 1c009514 04812e03 lw               x28, 72(x2)         x28=1c002f08  x2:100024d8  PA:10002520
26933501ns          464001 1c009516 01bf0f33 add              x30, x30, x27       x30=00000000 x30:00000000 x27:00000000
26933520ns          464002 1c009518 40aede93 srai             x29, x29, 0x40a     x29=ffffffff x29:ffffffa8
26933540ns          464003 1c00951c 40a75713 srai             x14, x14, 0x40a     x14=ffffffff x14:ffffffbe
26933560ns          464004 1c00951e 03812603 lw               x12, 56(x2)         x12=1c002ee8  x2:100024d8  PA:10002510
26933580ns          464005 1c009520 04012d83 lw               x27, 64(x2)         x27=1c002ef8  x2:100024d8  PA:10002518
26933620ns          464007 1c009522 01ee1023 sh               x30, 0(x28)         x30:00000000 x28:1c002f08  PA:1c002f08
26933938ns          464023 1c009526 05812483 lw               x9, 88(x2)           x9=1c002e68  x2:100024d8  PA:10002530
26933958ns          464024 1c009528 05012f03 lw               x30, 80(x2)         x30=1c002e78  x2:100024d8  PA:10002528
26933978ns          464025 1c00952a 0a012583 lw               x11, 160(x2)        x11=1c002e98  x2:100024d8  PA:10002578
26933998ns          464026 1c00952c 014787b3 add              x15, x15, x20       x15=0001fed0 x15:0000fffd x20:0000fed3
26934018ns          464027 1c00952e 013e8eb3 add              x29, x29, x19       x29=0000ffea x29:ffffffff x19:0000ffeb
26934037ns          464028 1c009530 01270733 add              x14, x14, x18       x14=0000ffc3 x14:ffffffff x18:0000ffc4
26934057ns          464029 1c009532 00f49023 sh               x15, 0(x9)          x15:0001fed0  x9:1c002e68  PA:1c002e68
26934376ns          464045 1c009536 01161023 sh               x17, 0(x12)         x17:00000023 x12:1c002ee8  PA:1c002ee8
26934694ns          464061 1c00953a 01fd9023 sh               x31, 0(x27)         x31:00000005 x27:1c002ef8  PA:1c002ef8
26935012ns          464077 1c00953e 00df1023 sh               x13, 0(x30)         x13:0001ffc2 x30:1c002e78  PA:1c002e78
26935330ns          464093 1c009542 01d59023 sh               x29, 0(x11)         x29:0000ffea x11:1c002e98  PA:1c002e98
26935648ns          464109 1c009546 00e09023 sh               x14, 0(x1)          x14:0000ffc3  x1:1c002e88  PA:1c002e88
26935967ns          464125 1c00954a 01039023 sh               x16, 0(x7)          x16:0000fff5  x7:1c002eb8  PA:1c002eb8
26936285ns          464141 1c00954e 00a29023 sh               x10, 0(x5)          x10:0000ffee  x5:1c002ea8  PA:1c002ea8
26936623ns          464158 1c009552 008b0b13 addi             x22, x22, 8         x22=00000094 x22:0000008c
26936643ns          464159 1c009554 1f300793 addi             x15, x0, 499        x15=000001f3
26936663ns          464160 1c009558 e767dae3 bge              x15, x22, -396      x15:000001f3 x22:00000094
26936722ns          464163 1c0093cc 010c9a0b p.lh             x20, 16(x25!)       x20=0000004d x25=1c0027c0 x25:1c0027b0  PA:1c0027b0
26937060ns          464180 1c0093d0 0104198b p.lh             x19, 16(x8!)        x19=fffffee5  x8=1c001f88  x8:1c001f78  PA:1c001f78
26937359ns          464195 1c0093d4 2cc10513 addi             x10, x2, 716        x10=100027a4  x2:100024d8
26937379ns          464196 1c0093d6 010a990b p.lh             x18, 16(x21!)       x18=00000039 x21=1c0017b4 x21:1c0017a4  PA:1c0017a4
26937677ns          464211 1c0093da 010b948b p.lh             x9, 16(x23!)         x9=fffffedc x23=1c000fe4 x23:1c000fd4  PA:1c000fd4
26937975ns          464226 1c0093de 2d411623 sh               x20, 716(x2)        x20:0000004d  x2:100024d8  PA:100027a4
26938015ns          464228 1c0093e2 2d311723 sh               x19, 718(x2)        x19:fffffee5  x2:100024d8  PA:100027a6
26938035ns          464229 1c0093e6 c33ff0ef jal              x1, -974             x1=1c0093e8
26938115ns          464233 1c009018 00051803 lh               x16, 0(x10)         x16=0000004d x10:100027a4  PA:100027a4
26938154ns          464235 1c00901c 00251883 lh               x17, 2(x10)         x17=fffffee5 x10:100027a4  PA:100027a6
26938174ns          464236 1c009020 030806b3 mul              x13, x16, x16       x13=00001729 x16:0000004d x16:0000004d
26938194ns          464237 1c009024 03188633 mul              x12, x17, x17       x12=000138d9 x17:fffffee5 x17:fffffee5
26938214ns          464238 1c009028 40a65613 srai             x12, x12, 0x40a     x12=0000004e x12:000138d9
26938234ns          464239 1c00902a 40a6d693 srai             x13, x13, 0x40a     x13=00000005 x13:00001729
26938254ns          464240 1c00902c 00c686b3 add              x13, x13, x12       x13=00000053 x13:00000005 x12:0000004e
26938274ns          464241 1c00902e 1006c633 p.exths          x12, x13, x0        x12=00000053 x13:00000053
26938294ns          464242 1c009032 00855703 lhu              x14, 8(x10)         x14=0000ffd1 x10:100027a4  PA:100027ac
26938313ns          464243 1c009036 00a55683 lhu              x13, 10(x10)        x13=0000ff6a x10:100027a4  PA:100027ae
26938333ns          464244 1c00903a 02c60333 mul              x6, x12, x12         x6=00001ae9 x12:00000053 x12:00000053
26938353ns          464245 1c00903e 00c55783 lhu              x15, 12(x10)        x15=0000ffe5 x10:100027a4  PA:100027b0
26938373ns          464246 1c009042 00e55583 lhu              x11, 14(x10)        x11=00000060 x10:100027a4  PA:100027b2
26938393ns          464247 1c009046 dea30333 p.extract        x6, x6, 15, 10       x6=00000006  x6:00001ae9
26938413ns          464248 1c00904a 80c7075b p.muls           x14, x14, x12       x14=fffff0c3 x14:0000ffd1 x12:00000053
26938453ns          464250 1c00904e 80c686db p.muls           x13, x13, x12       x13=ffffcf5e x13:0000ff6a x12:00000053
26938492ns          464252 1c009052 00455e83 lhu              x29, 4(x10)         x29=00000427 x10:100027a4  PA:100027a8
26938512ns          464253 1c009056 00655e03 lhu              x28, 6(x10)         x28=0000007f x10:100027a4  PA:100027aa
26938532ns          464254 1c00905a 40a75713 srai             x14, x14, 0x40a     x14=fffffffc x14:fffff0c3
26938552ns          464255 1c00905c 806787db p.muls           x15, x15, x6        x15=ffffff5e x15:0000ffe5  x6:00000006
26938572ns          464256 1c009060 40a6d693 srai             x13, x13, 0x40a     x13=fffffff3 x13:ffffcf5e
26938592ns          464257 1c009062 8065865b p.muls           x12, x11, x6        x12=00000240 x11:00000060  x6:00000006
26938612ns          464258 1c009066 40a7d793 srai             x15, x15, 0x40a     x15=ffffffff x15:ffffff5e
26938632ns          464259 1c009068 40a65613 srai             x12, x12, 0x40a     x12=00000000 x12:00000240
26938652ns          464260 1c00906a 01d70733 add              x14, x14, x29       x14=00000423 x14:fffffffc x29:00000427
26938671ns          464261 1c00906c 01c686b3 add              x13, x13, x28       x13=00000072 x13:fffffff3 x28:0000007f
26938691ns          464262 1c00906e 00c686b3 add              x13, x13, x12       x13=00000072 x13:00000072 x12:00000000
26938711ns          464263 1c009070 00f70733 add              x14, x14, x15       x14=00000422 x14:00000423 x15:ffffffff
26938731ns          464264 1c009072 100747b3 p.exths          x15, x14, x0        x15=00000422 x14:00000422
26938751ns          464265 1c009076 1006c733 p.exths          x14, x13, x0        x14=00000072 x13:00000072
26938771ns          464266 1c00907a 03170633 mul              x12, x14, x17       x12=ffff81fa x14:00000072 x17:fffffee5
26938791ns          464267 1c00907e 030786b3 mul              x13, x15, x16       x13=00013e3a x15:00000422 x16:0000004d
26938811ns          464268 1c009082 03070733 mul              x14, x14, x16       x14=0000224a x14:00000072 x16:0000004d
26938830ns          464269 1c009086 031787b3 mul              x15, x15, x17       x15=fffb6e6a x15:00000422 x17:fffffee5
26938850ns          464270 1c00908a 40a6d693 srai             x13, x13, 0x40a     x13=0000004f x13:00013e3a
26938870ns          464271 1c00908c 40a65613 srai             x12, x12, 0x40a     x12=ffffffe0 x12:ffff81fa
26938890ns          464272 1c00908e 40a7d793 srai             x15, x15, 0x40a     x15=fffffedb x15:fffb6e6a
26938910ns          464273 1c009090 40a75713 srai             x14, x14, 0x40a     x14=00000008 x14:0000224a
26938930ns          464274 1c009092 40c686b3 sub              x13, x13, x12       x13=0000006f x13:0000004f x12:ffffffe0
26938950ns          464275 1c009094 00e787b3 add              x15, x15, x14       x15=fffffee3 x15:fffffedb x14:00000008
26938970ns          464276 1c009096 00d51823 sh               x13, 16(x10)        x13:0000006f x10:100027a4  PA:100027b4
26939009ns          464278 1c00909a 00f51923 sh               x15, 18(x10)        x15:fffffee3 x10:100027a4  PA:100027b6
26939049ns          464280 1c00909e 00008067 jalr             x0, x1, 0            x1:1c0093e8
26939069ns          464281 1c0093e8 2dc15583 lhu              x11, 732(x2)        x11=0000006f  x2:100024d8  PA:100027b4
26939109ns          464283 1c0093ec 2de15783 lhu              x15, 734(x2)        x15=0000fee3  x2:100024d8  PA:100027b6
26939129ns          464284 1c0093f0 40b90933 sub              x18, x18, x11       x18=ffffffca x18:00000039 x11:0000006f
26939149ns          464285 1c0093f4 40f484b3 sub              x9, x9, x15          x9=fffefff9  x9:fffffedc x15:0000fee3
26939169ns          464286 1c0093f6 100945b3 p.exths          x11, x18, x0        x11=ffffffca x18:ffffffca
26939188ns          464287 1c0093fa 1004c7b3 p.exths          x15, x9, x0         x15=fffffff9  x9:fffefff9
26939208ns          464288 1c0093fe 034586b3 mul              x13, x11, x20       x13=ffffefc2 x11:ffffffca x20:0000004d
26939228ns          464289 1c009402 03378533 mul              x10, x15, x19       x10=000007bd x15:fffffff9 x19:fffffee5
26939248ns          464290 1c009406 034a0633 mul              x12, x20, x20       x12=00001729 x20:0000004d x20:0000004d
26939268ns          464291 1c00940a 03398733 mul              x14, x19, x19       x14=000138d9 x19:fffffee5 x19:fffffee5
26939288ns          464292 1c00940e 034787b3 mul              x15, x15, x20       x15=fffffde5 x15:fffffff9 x20:0000004d
26939308ns          464293 1c009412 033585b3 mul              x11, x11, x19       x11=00003bb2 x11:ffffffca x19:fffffee5
26939328ns          464294 1c009416 40a75713 srai             x14, x14, 0x40a     x14=0000004e x14:000138d9
26939348ns          464295 1c009418 40a5d593 srai             x11, x11, 0x40a     x11=0000000e x11:00003bb2
26939367ns          464296 1c00941a 40a65613 srai             x12, x12, 0x40a     x12=00000005 x12:00001729
26939387ns          464297 1c00941c 40a7d793 srai             x15, x15, 0x40a     x15=ffffffff x15:fffffde5
26939407ns          464298 1c00941e 1c0034b7 lui              x9, 0x1c003000       x9=1c003000
26939427ns          464299 1c009422 00e60633 add              x12, x12, x14       x12=00000053 x12:00000005 x14:0000004e
26939447ns          464300 1c009424 40b787b3 sub              x15, x15, x11       x15=fffffff1 x15:ffffffff x11:0000000e
26939467ns          464301 1c009426 eb048493 addi             x9, x9, -336         x9=1c002eb0  x9:1c003000
26939487ns          464302 1c00942a 1c0032b7 lui              x5, 0x1c003000       x5=1c003000
26939507ns          464303 1c00942e 1c0035b7 lui              x11, 0x1c003000     x11=1c003000
26939527ns          464304 1c009432 018483b3 add              x7, x9, x24          x7=1c002eb8  x9:1c002eb0 x24:00000008
26939546ns          464305 1c009436 02812e83 lw               x29, 40(x2)         x29=1c002ec8  x2:100024d8  PA:10002500
26939566ns          464306 1c009438 10065633 p.exthz          x12, x12, x0        x12=00000053 x12:00000053
26939586ns          464307 1c00943c e8028293 addi             x5, x5, -384         x5=1c002e80  x5:1c003000
26939606ns          464308 1c009440 ea058593 addi             x11, x11, -352      x11=1c002ea0 x11:1c003000
26939626ns          464309 1c009444 03812483 lw               x9, 56(x2)           x9=1c002ee8  x2:100024d8  PA:10002510
26939646ns          464310 1c009446 10064733 p.exths          x14, x12, x0        x14=00000053 x12:00000053
26939666ns          464311 1c00944a 018280b3 add              x1, x5, x24          x1=1c002e88  x5:1c002e80 x24:00000008
26939686ns          464312 1c00944e 03012f03 lw               x30, 48(x2)         x30=1c002ed8  x2:100024d8  PA:10002508
26939706ns          464313 1c009450 018582b3 add              x5, x11, x24         x5=1c002ea8 x11:1c002ea0 x24:00000008
26939725ns          464314 1c009454 04012583 lw               x11, 64(x2)         x11=1c002ef8  x2:100024d8  PA:10002518
26939745ns          464315 1c009456 000edd83 lhu              x27, 0(x29)         x27=000005cb x29:1c002ec8  PA:1c002ec8
26940143ns          464335 1c00945a 0004d483 lhu              x9, 0(x9)            x9=00000023  x9:1c002ee8  PA:1c002ee8
26940441ns          464350 1c00945e 02e70333 mul              x6, x14, x14         x6=00001ae9 x14:00000053 x14:00000053
26940461ns          464351 1c009462 40a55513 srai             x10, x10, 0x40a     x10=00000001 x10:000007bd
26940481ns          464352 1c009464 04812e83 lw               x29, 72(x2)         x29=1c002f08  x2:100024d8  PA:10002520
26940501ns          464353 1c009466 40a6d693 srai             x13, x13, 0x40a     x13=fffffffb x13:ffffefc2
26940521ns          464354 1c009468 000f5d03 lhu              x26, 0(x30)         x26=000000d1 x30:1c002ed8  PA:1c002ed8
26940859ns          464371 1c00946c 0005d583 lhu              x11, 0(x11)         x11=00000005 x11:1c002ef8  PA:1c002ef8
26941177ns          464387 1c009470 40a35313 srai             x6, x6, 0x40a        x6=00000006  x6:00001ae9
26941197ns          464388 1c009474 00a686b3 add              x13, x13, x10       x13=fffffffc x13:fffffffb x10:00000001
26941217ns          464389 1c009476 05012f03 lw               x30, 80(x2)         x30=1c002e78  x2:100024d8  PA:10002528
26941237ns          464390 1c009478 10034e33 p.exths          x28, x6, x0         x28=00000006  x6:00000006
26941257ns          464391 1c00947c 06911023 sh               x9, 96(x2)           x9:00000023  x2:100024d8  PA:10002538
26941277ns          464392 1c009480 000ede83 lhu              x29, 0(x29)         x29=00000000 x29:1c002f08  PA:1c002f08
26941575ns          464407 1c009484 05812483 lw               x9, 88(x2)           x9=1c002e68  x2:100024d8  PA:10002530
26941595ns          464408 1c009486 1006d6b3 p.exthz          x13, x13, x0        x13=0000fffc x13:fffffffc
26941615ns          464409 1c00948a 02ee08b3 mul              x17, x28, x14       x17=000001f2 x28:00000006 x14:00000053
26941635ns          464410 1c00948e 1006c833 p.exths          x16, x13, x0        x16=fffffffc x13:0000fffc
26941655ns          464411 1c009492 06b11823 sh               x11, 112(x2)        x11:00000005  x2:100024d8  PA:10002548
26941694ns          464413 1c009496 000f5f03 lhu              x30, 0(x30)         x30=0000ffc2 x30:1c002e78  PA:1c002e78
26941993ns          464428 1c00949a 0a012583 lw               x11, 160(x2)        x11=1c002e98  x2:100024d8  PA:10002578
26942013ns          464429 1c00949c 1007d7b3 p.exthz          x15, x15, x0        x15=0000fff1 x15:fffffff1
26942032ns          464430 1c0094a0 0004da03 lhu              x20, 0(x9)          x20=0000fed0  x9:1c002e68  PA:1c002e68
26942331ns          464445 1c0094a4 1007c533 p.exths          x10, x15, x0        x10=fffffff1 x15:0000fff1
26942351ns          464446 1c0094a8 09d11023 sh               x29, 128(x2)        x29:00000000  x2:100024d8  PA:10002558
26942371ns          464447 1c0094ac 0003d483 lhu              x9, 0(x7)            x9=0000fff5  x7:1c002eb8  PA:1c002eb8
26942669ns          464462 1c0094b0 02e80eb3 mul              x29, x16, x14       x29=fffffeb4 x16:fffffffc x14:00000053
26942689ns          464463 1c0094b4 40a8d893 srai             x17, x17, 0x40a     x17=00000000 x17:000001f2
26942709ns          464464 1c0094b8 03c80833 mul              x16, x16, x28       x16=ffffffe8 x16:fffffffc x28:00000006
26942729ns          464465 1c0094bc 09e11823 sh               x30, 144(x2)        x30:0000ffc2  x2:100024d8  PA:10002568
26942748ns          464466 1c0094c0 0005d983 lhu              x19, 0(x11)         x19=0000ffea x11:1c002e98  PA:1c002e98
26943047ns          464481 1c0094c4 81c88f5b p.muls           x30, x17, x28       x30=00000000 x17:00000000 x28:00000006
26943067ns          464482 1c0094c8 0002d583 lhu              x11, 0(x5)          x11=0000ffee  x5:1c002ea8  PA:1c002ea8
26943365ns          464497 1c0094cc 03ce0fb3 mul              x31, x28, x28       x31=00000024 x28:00000006 x28:00000006
26943385ns          464498 1c0094d0 02e50733 mul              x14, x10, x14       x14=fffffb23 x10:fffffff1 x14:00000053
26943405ns          464499 1c0094d4 40a85813 srai             x16, x16, 0x40a     x16=ffffffff x16:ffffffe8
26943425ns          464500 1c0094d8 03c50533 mul              x10, x10, x28       x10=ffffffa6 x10:fffffff1 x28:00000006
26943445ns          464501 1c0094dc 07015e03 lhu              x28, 112(x2)        x28=00000005  x2:100024d8  PA:10002548
26943484ns          464503 1c0094e0 01b60633 add              x12, x12, x27       x12=0000061e x12:00000053 x27:000005cb
26943504ns          464504 1c0094e2 00980833 add              x16, x16, x9        x16=0000fff4 x16:ffffffff  x9:0000fff5
26943524ns          464505 1c0094e4 06015d83 lhu              x27, 96(x2)         x27=00000023  x2:100024d8  PA:10002538
26943544ns          464506 1c0094e8 02812483 lw               x9, 40(x2)           x9=1c002ec8  x2:100024d8  PA:10002500
26943564ns          464507 1c0094ea 40afdf93 srai             x31, x31, 0x40a     x31=00000000 x31:00000024
26943584ns          464508 1c0094ee 40a55513 srai             x10, x10, 0x40a     x10=ffffffff x10:ffffffa6
26943604ns          464509 1c0094f0 01cf8fb3 add              x31, x31, x28       x31=00000005 x31:00000000 x28:00000005
26943624ns          464510 1c0094f2 00b50533 add              x10, x10, x11       x10=0000ffed x10:ffffffff x11:0000ffee
26943643ns          464511 1c0094f4 09015e03 lhu              x28, 144(x2)        x28=0000ffc2  x2:100024d8  PA:10002568
26943663ns          464512 1c0094f8 03012583 lw               x11, 48(x2)         x11=1c002ed8  x2:100024d8  PA:10002508
26943683ns          464513 1c0094fa 00c49023 sh               x12, 0(x9)          x12:0000061e  x9:1c002ec8  PA:1c002ec8
26944021ns          464530 1c0094fe 01b888b3 add              x17, x17, x27       x17=00000023 x17:00000000 x27:00000023
26944041ns          464531 1c009500 01a30333 add              x6, x6, x26          x6=000000d7  x6:00000006 x26:000000d1
26944061ns          464532 1c009502 08015d83 lhu              x27, 128(x2)        x27=00000000  x2:100024d8  PA:10002558
26944081ns          464533 1c009506 0000d903 lhu              x18, 0(x1)          x18=0000ffc3  x1:1c002e88  PA:1c002e88
26944379ns          464548 1c00950a 01c686b3 add              x13, x13, x28       x13=0001ffbe x13:0000fffc x28:0000ffc2
26944399ns          464549 1c00950c 00659023 sh               x6, 0(x11)           x6:000000d7 x11:1c002ed8  PA:1c002ed8
26944717ns          464565 1c009510 40af5f13 srai             x30, x30, 0x40a     x30=00000000 x30:00000000
26944737ns          464566 1c009514 04812e03 lw               x28, 72(x2)         x28=1c002f08  x2:100024d8  PA:10002520
26944757ns          464567 1c009516 01bf0f33 add              x30, x30, x27       x30=00000000 x30:00000000 x27:00000000
26944777ns          464568 1c009518 40aede93 srai             x29, x29, 0x40a     x29=ffffffff x29:fffffeb4
26944797ns          464569 1c00951c 40a75713 srai             x14, x14, 0x40a     x14=fffffffe x14:fffffb23
26944817ns          464570 1c00951e 03812603 lw               x12, 56(x2)         x12=1c002ee8  x2:100024d8  PA:10002510
26944837ns          464571 1c009520 04012d83 lw               x27, 64(x2)         x27=1c002ef8  x2:100024d8  PA:10002518
26944857ns          464572 1c009522 01ee1023 sh               x30, 0(x28)         x30:00000000 x28:1c002f08  PA:1c002f08
26945195ns          464589 1c009526 05812483 lw               x9, 88(x2)           x9=1c002e68  x2:100024d8  PA:10002530
26945215ns          464590 1c009528 05012f03 lw               x30, 80(x2)         x30=1c002e78  x2:100024d8  PA:10002528
26945234ns          464591 1c00952a 0a012583 lw               x11, 160(x2)        x11=1c002e98  x2:100024d8  PA:10002578
26945254ns          464592 1c00952c 014787b3 add              x15, x15, x20       x15=0001fec1 x15:0000fff1 x20:0000fed0
26945274ns          464593 1c00952e 013e8eb3 add              x29, x29, x19       x29=0000ffe9 x29:ffffffff x19:0000ffea
26945294ns          464594 1c009530 01270733 add              x14, x14, x18       x14=0000ffc1 x14:fffffffe x18:0000ffc3
26945314ns          464595 1c009532 00f49023 sh               x15, 0(x9)          x15:0001fec1  x9:1c002e68  PA:1c002e68
26945632ns          464611 1c009536 01161023 sh               x17, 0(x12)         x17:00000023 x12:1c002ee8  PA:1c002ee8
26945950ns          464627 1c00953a 01fd9023 sh               x31, 0(x27)         x31:00000005 x27:1c002ef8  PA:1c002ef8
26946269ns          464643 1c00953e 00df1023 sh               x13, 0(x30)         x13:0001ffbe x30:1c002e78  PA:1c002e78
26946627ns          464661 1c009542 01d59023 sh               x29, 0(x11)         x29:0000ffe9 x11:1c002e98  PA:1c002e98
26946945ns          464677 1c009546 00e09023 sh               x14, 0(x1)          x14:0000ffc1  x1:1c002e88  PA:1c002e88
26947263ns          464693 1c00954a 01039023 sh               x16, 0(x7)          x16:0000fff4  x7:1c002eb8  PA:1c002eb8
26947581ns          464709 1c00954e 00a29023 sh               x10, 0(x5)          x10:0000ffed  x5:1c002ea8  PA:1c002ea8
26947899ns          464725 1c009552 008b0b13 addi             x22, x22, 8         x22=0000009c x22:00000094
26947919ns          464726 1c009554 1f300793 addi             x15, x0, 499        x15=000001f3
26947939ns          464727 1c009558 e767dae3 bge              x15, x22, -396      x15:000001f3 x22:0000009c
26948039ns          464732 1c0093cc 010c9a0b p.lh             x20, 16(x25!)       x20=0000010a x25=1c0027d0 x25:1c0027c0  PA:1c0027c0
26948397ns          464750 1c0093d0 0104198b p.lh             x19, 16(x8!)        x19=ffffffd4  x8=1c001f98  x8:1c001f88  PA:1c001f88
26948695ns          464765 1c0093d4 2cc10513 addi             x10, x2, 716        x10=100027a4  x2:100024d8
26948715ns          464766 1c0093d6 010a990b p.lh             x18, 16(x21!)       x18=00000106 x21=1c0017c4 x21:1c0017b4  PA:1c0017b4
26949033ns          464782 1c0093da 010b948b p.lh             x9, 16(x23!)         x9=ffffffc8 x23=1c000ff4 x23:1c000fe4  PA:1c000fe4
26949331ns          464797 1c0093de 2d411623 sh               x20, 716(x2)        x20:0000010a  x2:100024d8  PA:100027a4
26949351ns          464798 1c0093e2 2d311723 sh               x19, 718(x2)        x19:ffffffd4  x2:100024d8  PA:100027a6
26949371ns          464799 1c0093e6 c33ff0ef jal              x1, -974             x1=1c0093e8
26949411ns          464801 1c009018 00051803 lh               x16, 0(x10)         x16=0000010a x10:100027a4  PA:100027a4
26949431ns          464802 1c00901c 00251883 lh               x17, 2(x10)         x17=ffffffd4 x10:100027a4  PA:100027a6
26949490ns          464805 1c009020 030806b3 mul              x13, x16, x16       x13=00011464 x16:0000010a x16:0000010a
26949530ns          464807 1c009024 03188633 mul              x12, x17, x17       x12=00000790 x17:ffffffd4 x17:ffffffd4
26949550ns          464808 1c009028 40a65613 srai             x12, x12, 0x40a     x12=00000001 x12:00000790
26949570ns          464809 1c00902a 40a6d693 srai             x13, x13, 0x40a     x13=00000045 x13:00011464
26949590ns          464810 1c00902c 00c686b3 add              x13, x13, x12       x13=00000046 x13:00000045 x12:00000001
26949610ns          464811 1c00902e 1006c633 p.exths          x12, x13, x0        x12=00000046 x13:00000046
26949630ns          464812 1c009032 00855703 lhu              x14, 8(x10)         x14=0000ffd1 x10:100027a4  PA:100027ac
26949650ns          464813 1c009036 00a55683 lhu              x13, 10(x10)        x13=0000ff6a x10:100027a4  PA:100027ae
26949669ns          464814 1c00903a 02c60333 mul              x6, x12, x12         x6=00001324 x12:00000046 x12:00000046
26949689ns          464815 1c00903e 00c55783 lhu              x15, 12(x10)        x15=0000ffe5 x10:100027a4  PA:100027b0
26949709ns          464816 1c009042 00e55583 lhu              x11, 14(x10)        x11=00000060 x10:100027a4  PA:100027b2
26949729ns          464817 1c009046 dea30333 p.extract        x6, x6, 15, 10       x6=00000004  x6:00001324
26949749ns          464818 1c00904a 80c7075b p.muls           x14, x14, x12       x14=fffff326 x14:0000ffd1 x12:00000046
26949789ns          464820 1c00904e 80c686db p.muls           x13, x13, x12       x13=ffffd6fc x13:0000ff6a x12:00000046
26949829ns          464822 1c009052 00455e83 lhu              x29, 4(x10)         x29=00000427 x10:100027a4  PA:100027a8
26949848ns          464823 1c009056 00655e03 lhu              x28, 6(x10)         x28=0000007f x10:100027a4  PA:100027aa
26949868ns          464824 1c00905a 40a75713 srai             x14, x14, 0x40a     x14=fffffffc x14:fffff326
26949888ns          464825 1c00905c 806787db p.muls           x15, x15, x6        x15=ffffff94 x15:0000ffe5  x6:00000004
26949908ns          464826 1c009060 40a6d693 srai             x13, x13, 0x40a     x13=fffffff5 x13:ffffd6fc
26949928ns          464827 1c009062 8065865b p.muls           x12, x11, x6        x12=00000180 x11:00000060  x6:00000004
26949948ns          464828 1c009066 40a7d793 srai             x15, x15, 0x40a     x15=ffffffff x15:ffffff94
26949968ns          464829 1c009068 40a65613 srai             x12, x12, 0x40a     x12=00000000 x12:00000180
26949988ns          464830 1c00906a 01d70733 add              x14, x14, x29       x14=00000423 x14:fffffffc x29:00000427
26950008ns          464831 1c00906c 01c686b3 add              x13, x13, x28       x13=00000074 x13:fffffff5 x28:0000007f
26950027ns          464832 1c00906e 00c686b3 add              x13, x13, x12       x13=00000074 x13:00000074 x12:00000000
26950047ns          464833 1c009070 00f70733 add              x14, x14, x15       x14=00000422 x14:00000423 x15:ffffffff
26950067ns          464834 1c009072 100747b3 p.exths          x15, x14, x0        x15=00000422 x14:00000422
26950087ns          464835 1c009076 1006c733 p.exths          x14, x13, x0        x14=00000074 x13:00000074
26950107ns          464836 1c00907a 03170633 mul              x12, x14, x17       x12=ffffec10 x14:00000074 x17:ffffffd4
26950127ns          464837 1c00907e 030786b3 mul              x13, x15, x16       x13=00044b54 x15:00000422 x16:0000010a
26950147ns          464838 1c009082 03070733 mul              x14, x14, x16       x14=00007888 x14:00000074 x16:0000010a
26950167ns          464839 1c009086 031787b3 mul              x15, x15, x17       x15=ffff4a28 x15:00000422 x17:ffffffd4
26950187ns          464840 1c00908a 40a6d693 srai             x13, x13, 0x40a     x13=00000112 x13:00044b54
26950206ns          464841 1c00908c 40a65613 srai             x12, x12, 0x40a     x12=fffffffb x12:ffffec10
26950226ns          464842 1c00908e 40a7d793 srai             x15, x15, 0x40a     x15=ffffffd2 x15:ffff4a28
26950246ns          464843 1c009090 40a75713 srai             x14, x14, 0x40a     x14=0000001e x14:00007888
26950266ns          464844 1c009092 40c686b3 sub              x13, x13, x12       x13=00000117 x13:00000112 x12:fffffffb
26950286ns          464845 1c009094 00e787b3 add              x15, x15, x14       x15=fffffff0 x15:ffffffd2 x14:0000001e
26950306ns          464846 1c009096 00d51823 sh               x13, 16(x10)        x13:00000117 x10:100027a4  PA:100027b4
26950346ns          464848 1c00909a 00f51923 sh               x15, 18(x10)        x15:fffffff0 x10:100027a4  PA:100027b6
26950366ns          464849 1c00909e 00008067 jalr             x0, x1, 0            x1:1c0093e8
26950405ns          464851 1c0093e8 2dc15583 lhu              x11, 732(x2)        x11=00000117  x2:100024d8  PA:100027b4
26950425ns          464852 1c0093ec 2de15783 lhu              x15, 734(x2)        x15=0000fff0  x2:100024d8  PA:100027b6
26950445ns          464853 1c0093f0 40b90933 sub              x18, x18, x11       x18=ffffffef x18:00000106 x11:00000117
26950465ns          464854 1c0093f4 40f484b3 sub              x9, x9, x15          x9=fffeffd8  x9:ffffffc8 x15:0000fff0
26950485ns          464855 1c0093f6 100945b3 p.exths          x11, x18, x0        x11=ffffffef x18:ffffffef
26950505ns          464856 1c0093fa 1004c7b3 p.exths          x15, x9, x0         x15=ffffffd8  x9:fffeffd8
26950525ns          464857 1c0093fe 034586b3 mul              x13, x11, x20       x13=ffffee56 x11:ffffffef x20:0000010a
26950545ns          464858 1c009402 03378533 mul              x10, x15, x19       x10=000006e0 x15:ffffffd8 x19:ffffffd4
26950564ns          464859 1c009406 034a0633 mul              x12, x20, x20       x12=00011464 x20:0000010a x20:0000010a
26950584ns          464860 1c00940a 03398733 mul              x14, x19, x19       x14=00000790 x19:ffffffd4 x19:ffffffd4
26950644ns          464863 1c00940e 034787b3 mul              x15, x15, x20       x15=ffffd670 x15:ffffffd8 x20:0000010a
26950684ns          464865 1c009412 033585b3 mul              x11, x11, x19       x11=000002ec x11:ffffffef x19:ffffffd4
26950704ns          464866 1c009416 40a75713 srai             x14, x14, 0x40a     x14=00000001 x14:00000790
26950724ns          464867 1c009418 40a5d593 srai             x11, x11, 0x40a     x11=00000000 x11:000002ec
26950743ns          464868 1c00941a 40a65613 srai             x12, x12, 0x40a     x12=00000045 x12:00011464
26950763ns          464869 1c00941c 40a7d793 srai             x15, x15, 0x40a     x15=fffffff5 x15:ffffd670
26950783ns          464870 1c00941e 1c0034b7 lui              x9, 0x1c003000       x9=1c003000
26950803ns          464871 1c009422 00e60633 add              x12, x12, x14       x12=00000046 x12:00000045 x14:00000001
26950823ns          464872 1c009424 40b787b3 sub              x15, x15, x11       x15=fffffff5 x15:fffffff5 x11:00000000
26950843ns          464873 1c009426 eb048493 addi             x9, x9, -336         x9=1c002eb0  x9:1c003000
26950863ns          464874 1c00942a 1c0032b7 lui              x5, 0x1c003000       x5=1c003000
26950883ns          464875 1c00942e 1c0035b7 lui              x11, 0x1c003000     x11=1c003000
26950903ns          464876 1c009432 018483b3 add              x7, x9, x24          x7=1c002eb8  x9:1c002eb0 x24:00000008
26950922ns          464877 1c009436 02812e83 lw               x29, 40(x2)         x29=1c002ec8  x2:100024d8  PA:10002500
26950942ns          464878 1c009438 10065633 p.exthz          x12, x12, x0        x12=00000046 x12:00000046
26950962ns          464879 1c00943c e8028293 addi             x5, x5, -384         x5=1c002e80  x5:1c003000
26950982ns          464880 1c009440 ea058593 addi             x11, x11, -352      x11=1c002ea0 x11:1c003000
26951022ns          464882 1c009444 03812483 lw               x9, 56(x2)           x9=1c002ee8  x2:100024d8  PA:10002510
26951042ns          464883 1c009446 10064733 p.exths          x14, x12, x0        x14=00000046 x12:00000046
26951062ns          464884 1c00944a 018280b3 add              x1, x5, x24          x1=1c002e88  x5:1c002e80 x24:00000008
26951082ns          464885 1c00944e 03012f03 lw               x30, 48(x2)         x30=1c002ed8  x2:100024d8  PA:10002508
26951101ns          464886 1c009450 018582b3 add              x5, x11, x24         x5=1c002ea8 x11:1c002ea0 x24:00000008
26951121ns          464887 1c009454 04012583 lw               x11, 64(x2)         x11=1c002ef8  x2:100024d8  PA:10002518
26951141ns          464888 1c009456 000edd83 lhu              x27, 0(x29)         x27=0000061e x29:1c002ec8  PA:1c002ec8
26951439ns          464903 1c00945a 0004d483 lhu              x9, 0(x9)            x9=00000023  x9:1c002ee8  PA:1c002ee8
26951758ns          464919 1c00945e 02e70333 mul              x6, x14, x14         x6=00001324 x14:00000046 x14:00000046
26951778ns          464920 1c009462 40a55513 srai             x10, x10, 0x40a     x10=00000001 x10:000006e0
26951797ns          464921 1c009464 04812e83 lw               x29, 72(x2)         x29=1c002f08  x2:100024d8  PA:10002520
26951817ns          464922 1c009466 40a6d693 srai             x13, x13, 0x40a     x13=fffffffb x13:ffffee56
26951837ns          464923 1c009468 000f5d03 lhu              x26, 0(x30)         x26=000000d7 x30:1c002ed8  PA:1c002ed8
26952195ns          464941 1c00946c 0005d583 lhu              x11, 0(x11)         x11=00000005 x11:1c002ef8  PA:1c002ef8
26952494ns          464956 1c009470 40a35313 srai             x6, x6, 0x40a        x6=00000004  x6:00001324
26952513ns          464957 1c009474 00a686b3 add              x13, x13, x10       x13=fffffffc x13:fffffffb x10:00000001
26952533ns          464958 1c009476 05012f03 lw               x30, 80(x2)         x30=1c002e78  x2:100024d8  PA:10002528
26952553ns          464959 1c009478 10034e33 p.exths          x28, x6, x0         x28=00000004  x6:00000004
26952573ns          464960 1c00947c 06911023 sh               x9, 96(x2)           x9:00000023  x2:100024d8  PA:10002538
26952593ns          464961 1c009480 000ede83 lhu              x29, 0(x29)         x29=00000000 x29:1c002f08  PA:1c002f08
26952891ns          464976 1c009484 05812483 lw               x9, 88(x2)           x9=1c002e68  x2:100024d8  PA:10002530
26952911ns          464977 1c009486 1006d6b3 p.exthz          x13, x13, x0        x13=0000fffc x13:fffffffc
26952931ns          464978 1c00948a 02ee08b3 mul              x17, x28, x14       x17=00000118 x28:00000004 x14:00000046
26952951ns          464979 1c00948e 1006c833 p.exths          x16, x13, x0        x16=fffffffc x13:0000fffc
26952971ns          464980 1c009492 06b11823 sh               x11, 112(x2)        x11:00000005  x2:100024d8  PA:10002548
26952991ns          464981 1c009496 000f5f03 lhu              x30, 0(x30)         x30=0000ffbe x30:1c002e78  PA:1c002e78
26953289ns          464996 1c00949a 0a012583 lw               x11, 160(x2)        x11=1c002e98  x2:100024d8  PA:10002578
26953309ns          464997 1c00949c 1007d7b3 p.exthz          x15, x15, x0        x15=0000fff5 x15:fffffff5
26953329ns          464998 1c0094a0 0004da03 lhu              x20, 0(x9)          x20=0000fec1  x9:1c002e68  PA:1c002e68
26953627ns          465013 1c0094a4 1007c533 p.exths          x10, x15, x0        x10=fffffff5 x15:0000fff5
26953647ns          465014 1c0094a8 09d11023 sh               x29, 128(x2)        x29:00000000  x2:100024d8  PA:10002558
26953667ns          465015 1c0094ac 0003d483 lhu              x9, 0(x7)            x9=0000fff4  x7:1c002eb8  PA:1c002eb8
26954085ns          465036 1c0094b0 02e80eb3 mul              x29, x16, x14       x29=fffffee8 x16:fffffffc x14:00000046
26954104ns          465037 1c0094b4 40a8d893 srai             x17, x17, 0x40a     x17=00000000 x17:00000118
26954124ns          465038 1c0094b8 03c80833 mul              x16, x16, x28       x16=fffffff0 x16:fffffffc x28:00000004
26954144ns          465039 1c0094bc 09e11823 sh               x30, 144(x2)        x30:0000ffbe  x2:100024d8  PA:10002568
26954164ns          465040 1c0094c0 0005d983 lhu              x19, 0(x11)         x19=0000ffe9 x11:1c002e98  PA:1c002e98
26954462ns          465055 1c0094c4 81c88f5b p.muls           x30, x17, x28       x30=00000000 x17:00000000 x28:00000004
26954482ns          465056 1c0094c8 0002d583 lhu              x11, 0(x5)          x11=0000ffed  x5:1c002ea8  PA:1c002ea8
26954801ns          465072 1c0094cc 03ce0fb3 mul              x31, x28, x28       x31=00000010 x28:00000004 x28:00000004
26954820ns          465073 1c0094d0 02e50733 mul              x14, x10, x14       x14=fffffcfe x10:fffffff5 x14:00000046
26954840ns          465074 1c0094d4 40a85813 srai             x16, x16, 0x40a     x16=ffffffff x16:fffffff0
26954860ns          465075 1c0094d8 03c50533 mul              x10, x10, x28       x10=ffffffd4 x10:fffffff5 x28:00000004
26954880ns          465076 1c0094dc 07015e03 lhu              x28, 112(x2)        x28=00000005  x2:100024d8  PA:10002548
26954920ns          465078 1c0094e0 01b60633 add              x12, x12, x27       x12=00000664 x12:00000046 x27:0000061e
26954940ns          465079 1c0094e2 00980833 add              x16, x16, x9        x16=0000fff3 x16:ffffffff  x9:0000fff4
26954960ns          465080 1c0094e4 06015d83 lhu              x27, 96(x2)         x27=00000023  x2:100024d8  PA:10002538
26954980ns          465081 1c0094e8 02812483 lw               x9, 40(x2)           x9=1c002ec8  x2:100024d8  PA:10002500
26954999ns          465082 1c0094ea 40afdf93 srai             x31, x31, 0x40a     x31=00000000 x31:00000010
26955019ns          465083 1c0094ee 40a55513 srai             x10, x10, 0x40a     x10=ffffffff x10:ffffffd4
26955039ns          465084 1c0094f0 01cf8fb3 add              x31, x31, x28       x31=00000005 x31:00000000 x28:00000005
26955059ns          465085 1c0094f2 00b50533 add              x10, x10, x11       x10=0000ffec x10:ffffffff x11:0000ffed
26955079ns          465086 1c0094f4 09015e03 lhu              x28, 144(x2)        x28=0000ffbe  x2:100024d8  PA:10002568
26955099ns          465087 1c0094f8 03012583 lw               x11, 48(x2)         x11=1c002ed8  x2:100024d8  PA:10002508
26955119ns          465088 1c0094fa 00c49023 sh               x12, 0(x9)          x12:00000664  x9:1c002ec8  PA:1c002ec8
26955457ns          465105 1c0094fe 01b888b3 add              x17, x17, x27       x17=00000023 x17:00000000 x27:00000023
26955477ns          465106 1c009500 01a30333 add              x6, x6, x26          x6=000000db  x6:00000004 x26:000000d7
26955497ns          465107 1c009502 08015d83 lhu              x27, 128(x2)        x27=00000000  x2:100024d8  PA:10002558
26955517ns          465108 1c009506 0000d903 lhu              x18, 0(x1)          x18=0000ffc1  x1:1c002e88  PA:1c002e88
26955815ns          465123 1c00950a 01c686b3 add              x13, x13, x28       x13=0001ffba x13:0000fffc x28:0000ffbe
26955835ns          465124 1c00950c 00659023 sh               x6, 0(x11)           x6:000000db x11:1c002ed8  PA:1c002ed8
26956213ns          465143 1c009510 40af5f13 srai             x30, x30, 0x40a     x30=00000000 x30:00000000
26956232ns          465144 1c009514 04812e03 lw               x28, 72(x2)         x28=1c002f08  x2:100024d8  PA:10002520
26956252ns          465145 1c009516 01bf0f33 add              x30, x30, x27       x30=00000000 x30:00000000 x27:00000000
26956272ns          465146 1c009518 40aede93 srai             x29, x29, 0x40a     x29=ffffffff x29:fffffee8
26956292ns          465147 1c00951c 40a75713 srai             x14, x14, 0x40a     x14=ffffffff x14:fffffcfe
26956312ns          465148 1c00951e 03812603 lw               x12, 56(x2)         x12=1c002ee8  x2:100024d8  PA:10002510
26956332ns          465149 1c009520 04012d83 lw               x27, 64(x2)         x27=1c002ef8  x2:100024d8  PA:10002518
26956352ns          465150 1c009522 01ee1023 sh               x30, 0(x28)         x30:00000000 x28:1c002f08  PA:1c002f08
26956670ns          465166 1c009526 05812483 lw               x9, 88(x2)           x9=1c002e68  x2:100024d8  PA:10002530
26956690ns          465167 1c009528 05012f03 lw               x30, 80(x2)         x30=1c002e78  x2:100024d8  PA:10002528
26956710ns          465168 1c00952a 0a012583 lw               x11, 160(x2)        x11=1c002e98  x2:100024d8  PA:10002578
26956730ns          465169 1c00952c 014787b3 add              x15, x15, x20       x15=0001feb6 x15:0000fff5 x20:0000fec1
26956750ns          465170 1c00952e 013e8eb3 add              x29, x29, x19       x29=0000ffe8 x29:ffffffff x19:0000ffe9
26956769ns          465171 1c009530 01270733 add              x14, x14, x18       x14=0000ffc0 x14:ffffffff x18:0000ffc1
26956789ns          465172 1c009532 00f49023 sh               x15, 0(x9)          x15:0001feb6  x9:1c002e68  PA:1c002e68
26957127ns          465189 1c009536 01161023 sh               x17, 0(x12)         x17:00000023 x12:1c002ee8  PA:1c002ee8
26957446ns          465205 1c00953a 01fd9023 sh               x31, 0(x27)         x31:00000005 x27:1c002ef8  PA:1c002ef8
26957764ns          465221 1c00953e 00df1023 sh               x13, 0(x30)         x13:0001ffba x30:1c002e78  PA:1c002e78
26958082ns          465237 1c009542 01d59023 sh               x29, 0(x11)         x29:0000ffe8 x11:1c002e98  PA:1c002e98
26958420ns          465254 1c009546 00e09023 sh               x14, 0(x1)          x14:0000ffc0  x1:1c002e88  PA:1c002e88
26958738ns          465270 1c00954a 01039023 sh               x16, 0(x7)          x16:0000fff3  x7:1c002eb8  PA:1c002eb8
26959057ns          465286 1c00954e 00a29023 sh               x10, 0(x5)          x10:0000ffec  x5:1c002ea8  PA:1c002ea8
26959375ns          465302 1c009552 008b0b13 addi             x22, x22, 8         x22=000000a4 x22:0000009c
26959395ns          465303 1c009554 1f300793 addi             x15, x0, 499        x15=000001f3
26959415ns          465304 1c009558 e767dae3 bge              x15, x22, -396      x15:000001f3 x22:000000a4
26959514ns          465309 1c0093cc 010c9a0b p.lh             x20, 16(x25!)       x20=ffffffcb x25=1c0027e0 x25:1c0027d0  PA:1c0027d0
26959832ns          465325 1c0093d0 0104198b p.lh             x19, 16(x8!)        x19=00000297  x8=1c001fa8  x8:1c001f98  PA:1c001f98
26960131ns          465340 1c0093d4 2cc10513 addi             x10, x2, 716        x10=100027a4  x2:100024d8
26960150ns          465341 1c0093d6 010a990b p.lh             x18, 16(x21!)       x18=00000048 x21=1c0017d4 x21:1c0017c4  PA:1c0017c4
26960449ns          465356 1c0093da 010b948b p.lh             x9, 16(x23!)         x9=00000293 x23=1c001004 x23:1c000ff4  PA:1c000ff4
26960827ns          465375 1c0093de 2d411623 sh               x20, 716(x2)        x20:ffffffcb  x2:100024d8  PA:100027a4
26960847ns          465376 1c0093e2 2d311723 sh               x19, 718(x2)        x19:00000297  x2:100024d8  PA:100027a6
26960866ns          465377 1c0093e6 c33ff0ef jal              x1, -974             x1=1c0093e8
26960906ns          465379 1c009018 00051803 lh               x16, 0(x10)         x16=ffffffcb x10:100027a4  PA:100027a4
26960926ns          465380 1c00901c 00251883 lh               x17, 2(x10)         x17=00000297 x10:100027a4  PA:100027a6
26960946ns          465381 1c009020 030806b3 mul              x13, x16, x16       x13=00000af9 x16:ffffffcb x16:ffffffcb
26960966ns          465382 1c009024 03188633 mul              x12, x17, x17       x12=0006b511 x17:00000297 x17:00000297
26960986ns          465383 1c009028 40a65613 srai             x12, x12, 0x40a     x12=000001ad x12:0006b511
26961006ns          465384 1c00902a 40a6d693 srai             x13, x13, 0x40a     x13=00000002 x13:00000af9
26961026ns          465385 1c00902c 00c686b3 add              x13, x13, x12       x13=000001af x13:00000002 x12:000001ad
26961045ns          465386 1c00902e 1006c633 p.exths          x12, x13, x0        x12=000001af x13:000001af
26961065ns          465387 1c009032 00855703 lhu              x14, 8(x10)         x14=0000ffd1 x10:100027a4  PA:100027ac
26961085ns          465388 1c009036 00a55683 lhu              x13, 10(x10)        x13=0000ff6a x10:100027a4  PA:100027ae
26961105ns          465389 1c00903a 02c60333 mul              x6, x12, x12         x6=0002d5a1 x12:000001af x12:000001af
26961125ns          465390 1c00903e 00c55783 lhu              x15, 12(x10)        x15=0000ffe5 x10:100027a4  PA:100027b0
26961145ns          465391 1c009042 00e55583 lhu              x11, 14(x10)        x11=00000060 x10:100027a4  PA:100027b2
26961165ns          465392 1c009046 dea30333 p.extract        x6, x6, 15, 10       x6=000000b5  x6:0002d5a1
26961185ns          465393 1c00904a 80c7075b p.muls           x14, x14, x12       x14=ffffb0df x14:0000ffd1 x12:000001af
26961204ns          465394 1c00904e 80c686db p.muls           x13, x13, x12       x13=ffff0376 x13:0000ff6a x12:000001af
26961224ns          465395 1c009052 00455e83 lhu              x29, 4(x10)         x29=00000427 x10:100027a4  PA:100027a8
26961244ns          465396 1c009056 00655e03 lhu              x28, 6(x10)         x28=0000007f x10:100027a4  PA:100027aa
26961264ns          465397 1c00905a 40a75713 srai             x14, x14, 0x40a     x14=ffffffec x14:ffffb0df
26961284ns          465398 1c00905c 806787db p.muls           x15, x15, x6        x15=ffffece9 x15:0000ffe5  x6:000000b5
26961304ns          465399 1c009060 40a6d693 srai             x13, x13, 0x40a     x13=ffffffc0 x13:ffff0376
26961324ns          465400 1c009062 8065865b p.muls           x12, x11, x6        x12=000043e0 x11:00000060  x6:000000b5
26961344ns          465401 1c009066 40a7d793 srai             x15, x15, 0x40a     x15=fffffffb x15:ffffece9
26961364ns          465402 1c009068 40a65613 srai             x12, x12, 0x40a     x12=00000010 x12:000043e0
26961383ns          465403 1c00906a 01d70733 add              x14, x14, x29       x14=00000413 x14:ffffffec x29:00000427
26961403ns          465404 1c00906c 01c686b3 add              x13, x13, x28       x13=0000003f x13:ffffffc0 x28:0000007f
26961423ns          465405 1c00906e 00c686b3 add              x13, x13, x12       x13=0000004f x13:0000003f x12:00000010
26961443ns          465406 1c009070 00f70733 add              x14, x14, x15       x14=0000040e x14:00000413 x15:fffffffb
26961463ns          465407 1c009072 100747b3 p.exths          x15, x14, x0        x15=0000040e x14:0000040e
26961483ns          465408 1c009076 1006c733 p.exths          x14, x13, x0        x14=0000004f x13:0000004f
26961503ns          465409 1c00907a 03170633 mul              x12, x14, x17       x12=0000cc99 x14:0000004f x17:00000297
26961523ns          465410 1c00907e 030786b3 mul              x13, x15, x16       x13=ffff291a x15:0000040e x16:ffffffcb
26961543ns          465411 1c009082 03070733 mul              x14, x14, x16       x14=ffffefa5 x14:0000004f x16:ffffffcb
26961562ns          465412 1c009086 031787b3 mul              x15, x15, x17       x15=000a8042 x15:0000040e x17:00000297
26961582ns          465413 1c00908a 40a6d693 srai             x13, x13, 0x40a     x13=ffffffca x13:ffff291a
26961602ns          465414 1c00908c 40a65613 srai             x12, x12, 0x40a     x12=00000033 x12:0000cc99
26961622ns          465415 1c00908e 40a7d793 srai             x15, x15, 0x40a     x15=000002a0 x15:000a8042
26961642ns          465416 1c009090 40a75713 srai             x14, x14, 0x40a     x14=fffffffb x14:ffffefa5
26961662ns          465417 1c009092 40c686b3 sub              x13, x13, x12       x13=ffffff97 x13:ffffffca x12:00000033
26961682ns          465418 1c009094 00e787b3 add              x15, x15, x14       x15=0000029b x15:000002a0 x14:fffffffb
26961702ns          465419 1c009096 00d51823 sh               x13, 16(x10)        x13:ffffff97 x10:100027a4  PA:100027b4
26961722ns          465420 1c00909a 00f51923 sh               x15, 18(x10)        x15:0000029b x10:100027a4  PA:100027b6
26961741ns          465421 1c00909e 00008067 jalr             x0, x1, 0            x1:1c0093e8
26961781ns          465423 1c0093e8 2dc15583 lhu              x11, 732(x2)        x11=0000ff97  x2:100024d8  PA:100027b4
26961801ns          465424 1c0093ec 2de15783 lhu              x15, 734(x2)        x15=0000029b  x2:100024d8  PA:100027b6
26961821ns          465425 1c0093f0 40b90933 sub              x18, x18, x11       x18=ffff00b1 x18:00000048 x11:0000ff97
26961841ns          465426 1c0093f4 40f484b3 sub              x9, x9, x15          x9=fffffff8  x9:00000293 x15:0000029b
26961861ns          465427 1c0093f6 100945b3 p.exths          x11, x18, x0        x11=000000b1 x18:ffff00b1
26961881ns          465428 1c0093fa 1004c7b3 p.exths          x15, x9, x0         x15=fffffff8  x9:fffffff8
26961901ns          465429 1c0093fe 034586b3 mul              x13, x11, x20       x13=ffffdb5b x11:000000b1 x20:ffffffcb
26961920ns          465430 1c009402 03378533 mul              x10, x15, x19       x10=ffffeb48 x15:fffffff8 x19:00000297
26961940ns          465431 1c009406 034a0633 mul              x12, x20, x20       x12=00000af9 x20:ffffffcb x20:ffffffcb
26961960ns          465432 1c00940a 03398733 mul              x14, x19, x19       x14=0006b511 x19:00000297 x19:00000297
26962020ns          465435 1c00940e 034787b3 mul              x15, x15, x20       x15=000001a8 x15:fffffff8 x20:ffffffcb
26962060ns          465437 1c009412 033585b3 mul              x11, x11, x19       x11=0001ca67 x11:000000b1 x19:00000297
26962080ns          465438 1c009416 40a75713 srai             x14, x14, 0x40a     x14=000001ad x14:0006b511
26962099ns          465439 1c009418 40a5d593 srai             x11, x11, 0x40a     x11=00000072 x11:0001ca67
26962119ns          465440 1c00941a 40a65613 srai             x12, x12, 0x40a     x12=00000002 x12:00000af9
26962139ns          465441 1c00941c 40a7d793 srai             x15, x15, 0x40a     x15=00000000 x15:000001a8
26962159ns          465442 1c00941e 1c0034b7 lui              x9, 0x1c003000       x9=1c003000
26962179ns          465443 1c009422 00e60633 add              x12, x12, x14       x12=000001af x12:00000002 x14:000001ad
26962199ns          465444 1c009424 40b787b3 sub              x15, x15, x11       x15=ffffff8e x15:00000000 x11:00000072
26962219ns          465445 1c009426 eb048493 addi             x9, x9, -336         x9=1c002eb0  x9:1c003000
26962239ns          465446 1c00942a 1c0032b7 lui              x5, 0x1c003000       x5=1c003000
26962259ns          465447 1c00942e 1c0035b7 lui              x11, 0x1c003000     x11=1c003000
26962278ns          465448 1c009432 018483b3 add              x7, x9, x24          x7=1c002eb8  x9:1c002eb0 x24:00000008
26962298ns          465449 1c009436 02812e83 lw               x29, 40(x2)         x29=1c002ec8  x2:100024d8  PA:10002500
26962318ns          465450 1c009438 10065633 p.exthz          x12, x12, x0        x12=000001af x12:000001af
26962338ns          465451 1c00943c e8028293 addi             x5, x5, -384         x5=1c002e80  x5:1c003000
26962358ns          465452 1c009440 ea058593 addi             x11, x11, -352      x11=1c002ea0 x11:1c003000
26962378ns          465453 1c009444 03812483 lw               x9, 56(x2)           x9=1c002ee8  x2:100024d8  PA:10002510
26962398ns          465454 1c009446 10064733 p.exths          x14, x12, x0        x14=000001af x12:000001af
26962418ns          465455 1c00944a 018280b3 add              x1, x5, x24          x1=1c002e88  x5:1c002e80 x24:00000008
26962438ns          465456 1c00944e 03012f03 lw               x30, 48(x2)         x30=1c002ed8  x2:100024d8  PA:10002508
26962457ns          465457 1c009450 018582b3 add              x5, x11, x24         x5=1c002ea8 x11:1c002ea0 x24:00000008
26962477ns          465458 1c009454 04012583 lw               x11, 64(x2)         x11=1c002ef8  x2:100024d8  PA:10002518
26962497ns          465459 1c009456 000edd83 lhu              x27, 0(x29)         x27=00000664 x29:1c002ec8  PA:1c002ec8
26962855ns          465477 1c00945a 0004d483 lhu              x9, 0(x9)            x9=00000023  x9:1c002ee8  PA:1c002ee8
26963173ns          465493 1c00945e 02e70333 mul              x6, x14, x14         x6=0002d5a1 x14:000001af x14:000001af
26963193ns          465494 1c009462 40a55513 srai             x10, x10, 0x40a     x10=fffffffa x10:ffffeb48
26963213ns          465495 1c009464 04812e83 lw               x29, 72(x2)         x29=1c002f08  x2:100024d8  PA:10002520
26963233ns          465496 1c009466 40a6d693 srai             x13, x13, 0x40a     x13=fffffff6 x13:ffffdb5b
26963253ns          465497 1c009468 000f5d03 lhu              x26, 0(x30)         x26=000000db x30:1c002ed8  PA:1c002ed8
26963631ns          465516 1c00946c 0005d583 lhu              x11, 0(x11)         x11=00000005 x11:1c002ef8  PA:1c002ef8
26964029ns          465536 1c009470 40a35313 srai             x6, x6, 0x40a        x6=000000b5  x6:0002d5a1
26964048ns          465537 1c009474 00a686b3 add              x13, x13, x10       x13=fffffff0 x13:fffffff6 x10:fffffffa
26964068ns          465538 1c009476 05012f03 lw               x30, 80(x2)         x30=1c002e78  x2:100024d8  PA:10002528
26964088ns          465539 1c009478 10034e33 p.exths          x28, x6, x0         x28=000000b5  x6:000000b5
26964108ns          465540 1c00947c 06911023 sh               x9, 96(x2)           x9:00000023  x2:100024d8  PA:10002538
26964128ns          465541 1c009480 000ede83 lhu              x29, 0(x29)         x29=00000000 x29:1c002f08  PA:1c002f08
26964446ns          465557 1c009484 05812483 lw               x9, 88(x2)           x9=1c002e68  x2:100024d8  PA:10002530
26964466ns          465558 1c009486 1006d6b3 p.exthz          x13, x13, x0        x13=0000fff0 x13:fffffff0
26964486ns          465559 1c00948a 02ee08b3 mul              x17, x28, x14       x17=000130bb x28:000000b5 x14:000001af
26964506ns          465560 1c00948e 1006c833 p.exths          x16, x13, x0        x16=fffffff0 x13:0000fff0
26964526ns          465561 1c009492 06b11823 sh               x11, 112(x2)        x11:00000005  x2:100024d8  PA:10002548
26964546ns          465562 1c009496 000f5f03 lhu              x30, 0(x30)         x30=0000ffba x30:1c002e78  PA:1c002e78
26964924ns          465581 1c00949a 0a012583 lw               x11, 160(x2)        x11=1c002e98  x2:100024d8  PA:10002578
26964943ns          465582 1c00949c 1007d7b3 p.exthz          x15, x15, x0        x15=0000ff8e x15:ffffff8e
26964963ns          465583 1c0094a0 0004da03 lhu              x20, 0(x9)          x20=0000feb6  x9:1c002e68  PA:1c002e68
26965262ns          465598 1c0094a4 1007c533 p.exths          x10, x15, x0        x10=ffffff8e x15:0000ff8e
26965282ns          465599 1c0094a8 09d11023 sh               x29, 128(x2)        x29:00000000  x2:100024d8  PA:10002558
26965301ns          465600 1c0094ac 0003d483 lhu              x9, 0(x7)            x9=0000fff3  x7:1c002eb8  PA:1c002eb8
26965600ns          465615 1c0094b0 02e80eb3 mul              x29, x16, x14       x29=ffffe510 x16:fffffff0 x14:000001af
26965620ns          465616 1c0094b4 40a8d893 srai             x17, x17, 0x40a     x17=0000004c x17:000130bb
26965640ns          465617 1c0094b8 03c80833 mul              x16, x16, x28       x16=fffff4b0 x16:fffffff0 x28:000000b5
26965659ns          465618 1c0094bc 09e11823 sh               x30, 144(x2)        x30:0000ffba  x2:100024d8  PA:10002568
26965679ns          465619 1c0094c0 0005d983 lhu              x19, 0(x11)         x19=0000ffe8 x11:1c002e98  PA:1c002e98
26966057ns          465638 1c0094c4 81c88f5b p.muls           x30, x17, x28       x30=000035bc x17:0000004c x28:000000b5
26966077ns          465639 1c0094c8 0002d583 lhu              x11, 0(x5)          x11=0000ffec  x5:1c002ea8  PA:1c002ea8
26966415ns          465656 1c0094cc 03ce0fb3 mul              x31, x28, x28       x31=00007ff9 x28:000000b5 x28:000000b5
26966435ns          465657 1c0094d0 02e50733 mul              x14, x10, x14       x14=ffff4012 x10:ffffff8e x14:000001af
26966455ns          465658 1c0094d4 40a85813 srai             x16, x16, 0x40a     x16=fffffffd x16:fffff4b0
26966475ns          465659 1c0094d8 03c50533 mul              x10, x10, x28       x10=ffffaf66 x10:ffffff8e x28:000000b5
26966495ns          465660 1c0094dc 07015e03 lhu              x28, 112(x2)        x28=00000005  x2:100024d8  PA:10002548
26966534ns          465662 1c0094e0 01b60633 add              x12, x12, x27       x12=00000813 x12:000001af x27:00000664
26966554ns          465663 1c0094e2 00980833 add              x16, x16, x9        x16=0000fff0 x16:fffffffd  x9:0000fff3
26966574ns          465664 1c0094e4 06015d83 lhu              x27, 96(x2)         x27=00000023  x2:100024d8  PA:10002538
26966594ns          465665 1c0094e8 02812483 lw               x9, 40(x2)           x9=1c002ec8  x2:100024d8  PA:10002500
26966614ns          465666 1c0094ea 40afdf93 srai             x31, x31, 0x40a     x31=0000001f x31:00007ff9
26966634ns          465667 1c0094ee 40a55513 srai             x10, x10, 0x40a     x10=ffffffeb x10:ffffaf66
26966654ns          465668 1c0094f0 01cf8fb3 add              x31, x31, x28       x31=00000024 x31:0000001f x28:00000005
26966674ns          465669 1c0094f2 00b50533 add              x10, x10, x11       x10=0000ffd7 x10:ffffffeb x11:0000ffec
26966694ns          465670 1c0094f4 09015e03 lhu              x28, 144(x2)        x28=0000ffba  x2:100024d8  PA:10002568
26966713ns          465671 1c0094f8 03012583 lw               x11, 48(x2)         x11=1c002ed8  x2:100024d8  PA:10002508
26966733ns          465672 1c0094fa 00c49023 sh               x12, 0(x9)          x12:00000813  x9:1c002ec8  PA:1c002ec8
26967071ns          465689 1c0094fe 01b888b3 add              x17, x17, x27       x17=0000006f x17:0000004c x27:00000023
26967091ns          465690 1c009500 01a30333 add              x6, x6, x26          x6=00000190  x6:000000b5 x26:000000db
26967111ns          465691 1c009502 08015d83 lhu              x27, 128(x2)        x27=00000000  x2:100024d8  PA:10002558
26967131ns          465692 1c009506 0000d903 lhu              x18, 0(x1)          x18=0000ffc0  x1:1c002e88  PA:1c002e88
26967449ns          465708 1c00950a 01c686b3 add              x13, x13, x28       x13=0001ffaa x13:0000fff0 x28:0000ffba
26967469ns          465709 1c00950c 00659023 sh               x6, 0(x11)           x6:00000190 x11:1c002ed8  PA:1c002ed8
26967787ns          465725 1c009510 40af5f13 srai             x30, x30, 0x40a     x30=0000000d x30:000035bc
26967807ns          465726 1c009514 04812e03 lw               x28, 72(x2)         x28=1c002f08  x2:100024d8  PA:10002520
26967827ns          465727 1c009516 01bf0f33 add              x30, x30, x27       x30=0000000d x30:0000000d x27:00000000
26967847ns          465728 1c009518 40aede93 srai             x29, x29, 0x40a     x29=fffffff9 x29:ffffe510
26967867ns          465729 1c00951c 40a75713 srai             x14, x14, 0x40a     x14=ffffffd0 x14:ffff4012
26967887ns          465730 1c00951e 03812603 lw               x12, 56(x2)         x12=1c002ee8  x2:100024d8  PA:10002510
26967907ns          465731 1c009520 04012d83 lw               x27, 64(x2)         x27=1c002ef8  x2:100024d8  PA:10002518
26967927ns          465732 1c009522 01ee1023 sh               x30, 0(x28)         x30:0000000d x28:1c002f08  PA:1c002f08
26968265ns          465749 1c009526 05812483 lw               x9, 88(x2)           x9=1c002e68  x2:100024d8  PA:10002530
26968285ns          465750 1c009528 05012f03 lw               x30, 80(x2)         x30=1c002e78  x2:100024d8  PA:10002528
26968305ns          465751 1c00952a 0a012583 lw               x11, 160(x2)        x11=1c002e98  x2:100024d8  PA:10002578
26968324ns          465752 1c00952c 014787b3 add              x15, x15, x20       x15=0001fe44 x15:0000ff8e x20:0000feb6
26968344ns          465753 1c00952e 013e8eb3 add              x29, x29, x19       x29=0000ffe1 x29:fffffff9 x19:0000ffe8
26968364ns          465754 1c009530 01270733 add              x14, x14, x18       x14=0000ff90 x14:ffffffd0 x18:0000ffc0
26968384ns          465755 1c009532 00f49023 sh               x15, 0(x9)          x15:0001fe44  x9:1c002e68  PA:1c002e68
26968702ns          465771 1c009536 01161023 sh               x17, 0(x12)         x17:0000006f x12:1c002ee8  PA:1c002ee8
26969020ns          465787 1c00953a 01fd9023 sh               x31, 0(x27)         x31:00000024 x27:1c002ef8  PA:1c002ef8
26969339ns          465803 1c00953e 00df1023 sh               x13, 0(x30)         x13:0001ffaa x30:1c002e78  PA:1c002e78
26969657ns          465819 1c009542 01d59023 sh               x29, 0(x11)         x29:0000ffe1 x11:1c002e98  PA:1c002e98
26969975ns          465835 1c009546 00e09023 sh               x14, 0(x1)          x14:0000ff90  x1:1c002e88  PA:1c002e88
26970293ns          465851 1c00954a 01039023 sh               x16, 0(x7)          x16:0000fff0  x7:1c002eb8  PA:1c002eb8
26970631ns          465868 1c00954e 00a29023 sh               x10, 0(x5)          x10:0000ffd7  x5:1c002ea8  PA:1c002ea8
26970950ns          465884 1c009552 008b0b13 addi             x22, x22, 8         x22=000000ac x22:000000a4
26970970ns          465885 1c009554 1f300793 addi             x15, x0, 499        x15=000001f3
26970989ns          465886 1c009558 e767dae3 bge              x15, x22, -396      x15:000001f3 x22:000000ac
26971049ns          465889 1c0093cc 010c9a0b p.lh             x20, 16(x25!)       x20=000001ca x25=1c0027f0 x25:1c0027e0  PA:1c0027e0
26971387ns          465906 1c0093d0 0104198b p.lh             x19, 16(x8!)        x19=000000fa  x8=1c001fb8  x8:1c001fa8  PA:1c001fa8
26971705ns          465922 1c0093d4 2cc10513 addi             x10, x2, 716        x10=100027a4  x2:100024d8
26971725ns          465923 1c0093d6 010a990b p.lh             x18, 16(x21!)       x18=000001ed x21=1c0017e4 x21:1c0017d4  PA:1c0017d4
26972024ns          465938 1c0093da 010b948b p.lh             x9, 16(x23!)         x9=000000a0 x23=1c001014 x23:1c001004  PA:1c001004
26972322ns          465953 1c0093de 2d411623 sh               x20, 716(x2)        x20:000001ca  x2:100024d8  PA:100027a4
26972342ns          465954 1c0093e2 2d311723 sh               x19, 718(x2)        x19:000000fa  x2:100024d8  PA:100027a6
26972362ns          465955 1c0093e6 c33ff0ef jal              x1, -974             x1=1c0093e8
26972441ns          465959 1c009018 00051803 lh               x16, 0(x10)         x16=000001ca x10:100027a4  PA:100027a4
26972481ns          465961 1c00901c 00251883 lh               x17, 2(x10)         x17=000000fa x10:100027a4  PA:100027a6
26972501ns          465962 1c009020 030806b3 mul              x13, x16, x16       x13=00033364 x16:000001ca x16:000001ca
26972521ns          465963 1c009024 03188633 mul              x12, x17, x17       x12=0000f424 x17:000000fa x17:000000fa
26972541ns          465964 1c009028 40a65613 srai             x12, x12, 0x40a     x12=0000003d x12:0000f424
26972561ns          465965 1c00902a 40a6d693 srai             x13, x13, 0x40a     x13=000000cc x13:00033364
26972580ns          465966 1c00902c 00c686b3 add              x13, x13, x12       x13=00000109 x13:000000cc x12:0000003d
26972600ns          465967 1c00902e 1006c633 p.exths          x12, x13, x0        x12=00000109 x13:00000109
26972620ns          465968 1c009032 00855703 lhu              x14, 8(x10)         x14=0000ffd1 x10:100027a4  PA:100027ac
26972640ns          465969 1c009036 00a55683 lhu              x13, 10(x10)        x13=0000ff6a x10:100027a4  PA:100027ae
26972660ns          465970 1c00903a 02c60333 mul              x6, x12, x12         x6=00011251 x12:00000109 x12:00000109
26972700ns          465972 1c00903e 00c55783 lhu              x15, 12(x10)        x15=0000ffe5 x10:100027a4  PA:100027b0
26972740ns          465974 1c009042 00e55583 lhu              x11, 14(x10)        x11=00000060 x10:100027a4  PA:100027b2
26972759ns          465975 1c009046 dea30333 p.extract        x6, x6, 15, 10       x6=00000044  x6:00011251
26972779ns          465976 1c00904a 80c7075b p.muls           x14, x14, x12       x14=ffffcf59 x14:0000ffd1 x12:00000109
26972799ns          465977 1c00904e 80c686db p.muls           x13, x13, x12       x13=ffff64ba x13:0000ff6a x12:00000109
26972819ns          465978 1c009052 00455e83 lhu              x29, 4(x10)         x29=00000427 x10:100027a4  PA:100027a8
26972839ns          465979 1c009056 00655e03 lhu              x28, 6(x10)         x28=0000007f x10:100027a4  PA:100027aa
26972859ns          465980 1c00905a 40a75713 srai             x14, x14, 0x40a     x14=fffffff3 x14:ffffcf59
26972879ns          465981 1c00905c 806787db p.muls           x15, x15, x6        x15=fffff8d4 x15:0000ffe5  x6:00000044
26972899ns          465982 1c009060 40a6d693 srai             x13, x13, 0x40a     x13=ffffffd9 x13:ffff64ba
26972919ns          465983 1c009062 8065865b p.muls           x12, x11, x6        x12=00001980 x11:00000060  x6:00000044
26972938ns          465984 1c009066 40a7d793 srai             x15, x15, 0x40a     x15=fffffffe x15:fffff8d4
26972958ns          465985 1c009068 40a65613 srai             x12, x12, 0x40a     x12=00000006 x12:00001980
26972978ns          465986 1c00906a 01d70733 add              x14, x14, x29       x14=0000041a x14:fffffff3 x29:00000427
26972998ns          465987 1c00906c 01c686b3 add              x13, x13, x28       x13=00000058 x13:ffffffd9 x28:0000007f
26973018ns          465988 1c00906e 00c686b3 add              x13, x13, x12       x13=0000005e x13:00000058 x12:00000006
26973038ns          465989 1c009070 00f70733 add              x14, x14, x15       x14=00000418 x14:0000041a x15:fffffffe
26973058ns          465990 1c009072 100747b3 p.exths          x15, x14, x0        x15=00000418 x14:00000418
26973078ns          465991 1c009076 1006c733 p.exths          x14, x13, x0        x14=0000005e x13:0000005e
26973098ns          465992 1c00907a 03170633 mul              x12, x14, x17       x12=00005bcc x14:0000005e x17:000000fa
26973117ns          465993 1c00907e 030786b3 mul              x13, x15, x16       x13=000752f0 x15:00000418 x16:000001ca
26973137ns          465994 1c009082 03070733 mul              x14, x14, x16       x14=0000a82c x14:0000005e x16:000001ca
26973157ns          465995 1c009086 031787b3 mul              x15, x15, x17       x15=0003ff70 x15:00000418 x17:000000fa
26973177ns          465996 1c00908a 40a6d693 srai             x13, x13, 0x40a     x13=000001d4 x13:000752f0
26973197ns          465997 1c00908c 40a65613 srai             x12, x12, 0x40a     x12=00000016 x12:00005bcc
26973217ns          465998 1c00908e 40a7d793 srai             x15, x15, 0x40a     x15=000000ff x15:0003ff70
26973237ns          465999 1c009090 40a75713 srai             x14, x14, 0x40a     x14=0000002a x14:0000a82c
26973257ns          466000 1c009092 40c686b3 sub              x13, x13, x12       x13=000001be x13:000001d4 x12:00000016
26973277ns          466001 1c009094 00e787b3 add              x15, x15, x14       x15=00000129 x15:000000ff x14:0000002a
26973296ns          466002 1c009096 00d51823 sh               x13, 16(x10)        x13:000001be x10:100027a4  PA:100027b4
26973316ns          466003 1c00909a 00f51923 sh               x15, 18(x10)        x15:00000129 x10:100027a4  PA:100027b6
26973336ns          466004 1c00909e 00008067 jalr             x0, x1, 0            x1:1c0093e8
26973396ns          466007 1c0093e8 2dc15583 lhu              x11, 732(x2)        x11=000001be  x2:100024d8  PA:100027b4
26973416ns          466008 1c0093ec 2de15783 lhu              x15, 734(x2)        x15=00000129  x2:100024d8  PA:100027b6
26973436ns          466009 1c0093f0 40b90933 sub              x18, x18, x11       x18=0000002f x18:000001ed x11:000001be
26973456ns          466010 1c0093f4 40f484b3 sub              x9, x9, x15          x9=ffffff77  x9:000000a0 x15:00000129
26973475ns          466011 1c0093f6 100945b3 p.exths          x11, x18, x0        x11=0000002f x18:0000002f
26973495ns          466012 1c0093fa 1004c7b3 p.exths          x15, x9, x0         x15=ffffff77  x9:ffffff77
26973515ns          466013 1c0093fe 034586b3 mul              x13, x11, x20       x13=00005416 x11:0000002f x20:000001ca
26973535ns          466014 1c009402 03378533 mul              x10, x15, x19       x10=ffff7a36 x15:ffffff77 x19:000000fa
26973555ns          466015 1c009406 034a0633 mul              x12, x20, x20       x12=00033364 x20:000001ca x20:000001ca
26973575ns          466016 1c00940a 03398733 mul              x14, x19, x19       x14=0000f424 x19:000000fa x19:000000fa
26973634ns          466019 1c00940e 034787b3 mul              x15, x15, x20       x15=ffff0ae6 x15:ffffff77 x20:000001ca
26973674ns          466021 1c009412 033585b3 mul              x11, x11, x19       x11=00002de6 x11:0000002f x19:000000fa
26973694ns          466022 1c009416 40a75713 srai             x14, x14, 0x40a     x14=0000003d x14:0000f424
26973714ns          466023 1c009418 40a5d593 srai             x11, x11, 0x40a     x11=0000000b x11:00002de6
26973734ns          466024 1c00941a 40a65613 srai             x12, x12, 0x40a     x12=000000cc x12:00033364
26973754ns          466025 1c00941c 40a7d793 srai             x15, x15, 0x40a     x15=ffffffc2 x15:ffff0ae6
26973774ns          466026 1c00941e 1c0034b7 lui              x9, 0x1c003000       x9=1c003000
26973794ns          466027 1c009422 00e60633 add              x12, x12, x14       x12=00000109 x12:000000cc x14:0000003d
26973813ns          466028 1c009424 40b787b3 sub              x15, x15, x11       x15=ffffffb7 x15:ffffffc2 x11:0000000b
26973833ns          466029 1c009426 eb048493 addi             x9, x9, -336         x9=1c002eb0  x9:1c003000
26973853ns          466030 1c00942a 1c0032b7 lui              x5, 0x1c003000       x5=1c003000
26973873ns          466031 1c00942e 1c0035b7 lui              x11, 0x1c003000     x11=1c003000
26973893ns          466032 1c009432 018483b3 add              x7, x9, x24          x7=1c002eb8  x9:1c002eb0 x24:00000008
26973913ns          466033 1c009436 02812e83 lw               x29, 40(x2)         x29=1c002ec8  x2:100024d8  PA:10002500
26973933ns          466034 1c009438 10065633 p.exthz          x12, x12, x0        x12=00000109 x12:00000109
26973953ns          466035 1c00943c e8028293 addi             x5, x5, -384         x5=1c002e80  x5:1c003000
26973973ns          466036 1c009440 ea058593 addi             x11, x11, -352      x11=1c002ea0 x11:1c003000
26973992ns          466037 1c009444 03812483 lw               x9, 56(x2)           x9=1c002ee8  x2:100024d8  PA:10002510
26974012ns          466038 1c009446 10064733 p.exths          x14, x12, x0        x14=00000109 x12:00000109
26974032ns          466039 1c00944a 018280b3 add              x1, x5, x24          x1=1c002e88  x5:1c002e80 x24:00000008
26974052ns          466040 1c00944e 03012f03 lw               x30, 48(x2)         x30=1c002ed8  x2:100024d8  PA:10002508
26974072ns          466041 1c009450 018582b3 add              x5, x11, x24         x5=1c002ea8 x11:1c002ea0 x24:00000008
26974092ns          466042 1c009454 04012583 lw               x11, 64(x2)         x11=1c002ef8  x2:100024d8  PA:10002518
26974112ns          466043 1c009456 000edd83 lhu              x27, 0(x29)         x27=00000813 x29:1c002ec8  PA:1c002ec8
26974410ns          466058 1c00945a 0004d483 lhu              x9, 0(x9)            x9=0000006f  x9:1c002ee8  PA:1c002ee8
26974768ns          466076 1c00945e 02e70333 mul              x6, x14, x14         x6=00011251 x14:00000109 x14:00000109
26974788ns          466077 1c009462 40a55513 srai             x10, x10, 0x40a     x10=ffffffde x10:ffff7a36
26974808ns          466078 1c009464 04812e83 lw               x29, 72(x2)         x29=1c002f08  x2:100024d8  PA:10002520
26974828ns          466079 1c009466 40a6d693 srai             x13, x13, 0x40a     x13=00000015 x13:00005416
26974848ns          466080 1c009468 000f5d03 lhu              x26, 0(x30)         x26=00000190 x30:1c002ed8  PA:1c002ed8
26975186ns          466097 1c00946c 0005d583 lhu              x11, 0(x11)         x11=00000024 x11:1c002ef8  PA:1c002ef8
26975504ns          466113 1c009470 40a35313 srai             x6, x6, 0x40a        x6=00000044  x6:00011251
26975524ns          466114 1c009474 00a686b3 add              x13, x13, x10       x13=fffffff3 x13:00000015 x10:ffffffde
26975544ns          466115 1c009476 05012f03 lw               x30, 80(x2)         x30=1c002e78  x2:100024d8  PA:10002528
26975564ns          466116 1c009478 10034e33 p.exths          x28, x6, x0         x28=00000044  x6:00000044
26975584ns          466117 1c00947c 06911023 sh               x9, 96(x2)           x9:0000006f  x2:100024d8  PA:10002538
26975603ns          466118 1c009480 000ede83 lhu              x29, 0(x29)         x29=0000000d x29:1c002f08  PA:1c002f08
26975902ns          466133 1c009484 05812483 lw               x9, 88(x2)           x9=1c002e68  x2:100024d8  PA:10002530
26975922ns          466134 1c009486 1006d6b3 p.exthz          x13, x13, x0        x13=0000fff3 x13:fffffff3
26975942ns          466135 1c00948a 02ee08b3 mul              x17, x28, x14       x17=00004664 x28:00000044 x14:00000109
26975961ns          466136 1c00948e 1006c833 p.exths          x16, x13, x0        x16=fffffff3 x13:0000fff3
26975981ns          466137 1c009492 06b11823 sh               x11, 112(x2)        x11:00000024  x2:100024d8  PA:10002548
26976001ns          466138 1c009496 000f5f03 lhu              x30, 0(x30)         x30=0000ffaa x30:1c002e78  PA:1c002e78
26976319ns          466154 1c00949a 0a012583 lw               x11, 160(x2)        x11=1c002e98  x2:100024d8  PA:10002578
26976339ns          466155 1c00949c 1007d7b3 p.exthz          x15, x15, x0        x15=0000ffb7 x15:ffffffb7
26976359ns          466156 1c0094a0 0004da03 lhu              x20, 0(x9)          x20=0000fe44  x9:1c002e68  PA:1c002e68
26976717ns          466174 1c0094a4 1007c533 p.exths          x10, x15, x0        x10=ffffffb7 x15:0000ffb7
26976737ns          466175 1c0094a8 09d11023 sh               x29, 128(x2)        x29:0000000d  x2:100024d8  PA:10002558
26976757ns          466176 1c0094ac 0003d483 lhu              x9, 0(x7)            x9=0000fff0  x7:1c002eb8  PA:1c002eb8
26977075ns          466192 1c0094b0 02e80eb3 mul              x29, x16, x14       x29=fffff28b x16:fffffff3 x14:00000109
26977095ns          466193 1c0094b4 40a8d893 srai             x17, x17, 0x40a     x17=00000011 x17:00004664
26977115ns          466194 1c0094b8 03c80833 mul              x16, x16, x28       x16=fffffc8c x16:fffffff3 x28:00000044
26977135ns          466195 1c0094bc 09e11823 sh               x30, 144(x2)        x30:0000ffaa  x2:100024d8  PA:10002568
26977155ns          466196 1c0094c0 0005d983 lhu              x19, 0(x11)         x19=0000ffe1 x11:1c002e98  PA:1c002e98
26977453ns          466211 1c0094c4 81c88f5b p.muls           x30, x17, x28       x30=00000484 x17:00000011 x28:00000044
26977473ns          466212 1c0094c8 0002d583 lhu              x11, 0(x5)          x11=0000ffd7  x5:1c002ea8  PA:1c002ea8
26977811ns          466229 1c0094cc 03ce0fb3 mul              x31, x28, x28       x31=00001210 x28:00000044 x28:00000044
26977831ns          466230 1c0094d0 02e50733 mul              x14, x10, x14       x14=ffffb46f x10:ffffffb7 x14:00000109
26977851ns          466231 1c0094d4 40a85813 srai             x16, x16, 0x40a     x16=ffffffff x16:fffffc8c
26977871ns          466232 1c0094d8 03c50533 mul              x10, x10, x28       x10=ffffec9c x10:ffffffb7 x28:00000044
26977891ns          466233 1c0094dc 07015e03 lhu              x28, 112(x2)        x28=00000024  x2:100024d8  PA:10002548
26977950ns          466236 1c0094e0 01b60633 add              x12, x12, x27       x12=0000091c x12:00000109 x27:00000813
26977970ns          466237 1c0094e2 00980833 add              x16, x16, x9        x16=0000ffef x16:ffffffff  x9:0000fff0
26977990ns          466238 1c0094e4 06015d83 lhu              x27, 96(x2)         x27=0000006f  x2:100024d8  PA:10002538
26978010ns          466239 1c0094e8 02812483 lw               x9, 40(x2)           x9=1c002ec8  x2:100024d8  PA:10002500
26978030ns          466240 1c0094ea 40afdf93 srai             x31, x31, 0x40a     x31=00000004 x31:00001210
26978050ns          466241 1c0094ee 40a55513 srai             x10, x10, 0x40a     x10=fffffffb x10:ffffec9c
26978070ns          466242 1c0094f0 01cf8fb3 add              x31, x31, x28       x31=00000028 x31:00000004 x28:00000024
26978089ns          466243 1c0094f2 00b50533 add              x10, x10, x11       x10=0000ffd2 x10:fffffffb x11:0000ffd7
26978109ns          466244 1c0094f4 09015e03 lhu              x28, 144(x2)        x28=0000ffaa  x2:100024d8  PA:10002568
26978129ns          466245 1c0094f8 03012583 lw               x11, 48(x2)         x11=1c002ed8  x2:100024d8  PA:10002508
26978149ns          466246 1c0094fa 00c49023 sh               x12, 0(x9)          x12:0000091c  x9:1c002ec8  PA:1c002ec8
26978467ns          466262 1c0094fe 01b888b3 add              x17, x17, x27       x17=00000080 x17:00000011 x27:0000006f
26978487ns          466263 1c009500 01a30333 add              x6, x6, x26          x6=000001d4  x6:00000044 x26:00000190
26978507ns          466264 1c009502 08015d83 lhu              x27, 128(x2)        x27=0000000d  x2:100024d8  PA:10002558
26978527ns          466265 1c009506 0000d903 lhu              x18, 0(x1)          x18=0000ff90  x1:1c002e88  PA:1c002e88
26978825ns          466280 1c00950a 01c686b3 add              x13, x13, x28       x13=0001ff9d x13:0000fff3 x28:0000ffaa
26978845ns          466281 1c00950c 00659023 sh               x6, 0(x11)           x6:000001d4 x11:1c002ed8  PA:1c002ed8
26979163ns          466297 1c009510 40af5f13 srai             x30, x30, 0x40a     x30=00000001 x30:00000484
26979183ns          466298 1c009514 04812e03 lw               x28, 72(x2)         x28=1c002f08  x2:100024d8  PA:10002520
26979203ns          466299 1c009516 01bf0f33 add              x30, x30, x27       x30=0000000e x30:00000001 x27:0000000d
26979223ns          466300 1c009518 40aede93 srai             x29, x29, 0x40a     x29=fffffffc x29:fffff28b
26979243ns          466301 1c00951c 40a75713 srai             x14, x14, 0x40a     x14=ffffffed x14:ffffb46f
26979263ns          466302 1c00951e 03812603 lw               x12, 56(x2)         x12=1c002ee8  x2:100024d8  PA:10002510
26979283ns          466303 1c009520 04012d83 lw               x27, 64(x2)         x27=1c002ef8  x2:100024d8  PA:10002518
26979303ns          466304 1c009522 01ee1023 sh               x30, 0(x28)         x30:0000000e x28:1c002f08  PA:1c002f08
26979621ns          466320 1c009526 05812483 lw               x9, 88(x2)           x9=1c002e68  x2:100024d8  PA:10002530
26979641ns          466321 1c009528 05012f03 lw               x30, 80(x2)         x30=1c002e78  x2:100024d8  PA:10002528
26979661ns          466322 1c00952a 0a012583 lw               x11, 160(x2)        x11=1c002e98  x2:100024d8  PA:10002578
26979680ns          466323 1c00952c 014787b3 add              x15, x15, x20       x15=0001fdfb x15:0000ffb7 x20:0000fe44
26979700ns          466324 1c00952e 013e8eb3 add              x29, x29, x19       x29=0000ffdd x29:fffffffc x19:0000ffe1
26979720ns          466325 1c009530 01270733 add              x14, x14, x18       x14=0000ff7d x14:ffffffed x18:0000ff90
26979740ns          466326 1c009532 00f49023 sh               x15, 0(x9)          x15:0001fdfb  x9:1c002e68  PA:1c002e68
26980078ns          466343 1c009536 01161023 sh               x17, 0(x12)         x17:00000080 x12:1c002ee8  PA:1c002ee8
26980416ns          466360 1c00953a 01fd9023 sh               x31, 0(x27)         x31:00000028 x27:1c002ef8  PA:1c002ef8
26980754ns          466377 1c00953e 00df1023 sh               x13, 0(x30)         x13:0001ff9d x30:1c002e78  PA:1c002e78
26981073ns          466393 1c009542 01d59023 sh               x29, 0(x11)         x29:0000ffdd x11:1c002e98  PA:1c002e98
26981391ns          466409 1c009546 00e09023 sh               x14, 0(x1)          x14:0000ff7d  x1:1c002e88  PA:1c002e88
26981709ns          466425 1c00954a 01039023 sh               x16, 0(x7)          x16:0000ffef  x7:1c002eb8  PA:1c002eb8
26982047ns          466442 1c00954e 00a29023 sh               x10, 0(x5)          x10:0000ffd2  x5:1c002ea8  PA:1c002ea8
26982365ns          466458 1c009552 008b0b13 addi             x22, x22, 8         x22=000000b4 x22:000000ac
26982385ns          466459 1c009554 1f300793 addi             x15, x0, 499        x15=000001f3
26982405ns          466460 1c009558 e767dae3 bge              x15, x22, -396      x15:000001f3 x22:000000b4
26982505ns          466465 1c0093cc 010c9a0b p.lh             x20, 16(x25!)       x20=000000b7 x25=1c002800 x25:1c0027f0  PA:1c0027f0
26982863ns          466483 1c0093d0 0104198b p.lh             x19, 16(x8!)        x19=0000000e  x8=1c001fc8  x8:1c001fb8  PA:1c001fb8
26983161ns          466498 1c0093d4 2cc10513 addi             x10, x2, 716        x10=100027a4  x2:100024d8
26983181ns          466499 1c0093d6 010a990b p.lh             x18, 16(x21!)       x18=000000c5 x21=1c0017f4 x21:1c0017e4  PA:1c0017e4
26983499ns          466515 1c0093da 010b948b p.lh             x9, 16(x23!)         x9=00000009 x23=1c001024 x23:1c001014  PA:1c001014
26983817ns          466531 1c0093de 2d411623 sh               x20, 716(x2)        x20:000000b7  x2:100024d8  PA:100027a4
26983837ns          466532 1c0093e2 2d311723 sh               x19, 718(x2)        x19:0000000e  x2:100024d8  PA:100027a6
26983857ns          466533 1c0093e6 c33ff0ef jal              x1, -974             x1=1c0093e8
26983936ns          466537 1c009018 00051803 lh               x16, 0(x10)         x16=000000b7 x10:100027a4  PA:100027a4
26983976ns          466539 1c00901c 00251883 lh               x17, 2(x10)         x17=0000000e x10:100027a4  PA:100027a6
26984036ns          466542 1c009020 030806b3 mul              x13, x16, x16       x13=000082d1 x16:000000b7 x16:000000b7
26984076ns          466544 1c009024 03188633 mul              x12, x17, x17       x12=000000c4 x17:0000000e x17:0000000e
26984096ns          466545 1c009028 40a65613 srai             x12, x12, 0x40a     x12=00000000 x12:000000c4
26984115ns          466546 1c00902a 40a6d693 srai             x13, x13, 0x40a     x13=00000020 x13:000082d1
26984135ns          466547 1c00902c 00c686b3 add              x13, x13, x12       x13=00000020 x13:00000020 x12:00000000
26984155ns          466548 1c00902e 1006c633 p.exths          x12, x13, x0        x12=00000020 x13:00000020
26984175ns          466549 1c009032 00855703 lhu              x14, 8(x10)         x14=0000ffd1 x10:100027a4  PA:100027ac
26984195ns          466550 1c009036 00a55683 lhu              x13, 10(x10)        x13=0000ff6a x10:100027a4  PA:100027ae
26984215ns          466551 1c00903a 02c60333 mul              x6, x12, x12         x6=00000400 x12:00000020 x12:00000020
26984235ns          466552 1c00903e 00c55783 lhu              x15, 12(x10)        x15=0000ffe5 x10:100027a4  PA:100027b0
26984255ns          466553 1c009042 00e55583 lhu              x11, 14(x10)        x11=00000060 x10:100027a4  PA:100027b2
26984275ns          466554 1c009046 dea30333 p.extract        x6, x6, 15, 10       x6=00000001  x6:00000400
26984294ns          466555 1c00904a 80c7075b p.muls           x14, x14, x12       x14=fffffa20 x14:0000ffd1 x12:00000020
26984314ns          466556 1c00904e 80c686db p.muls           x13, x13, x12       x13=ffffed40 x13:0000ff6a x12:00000020
26984334ns          466557 1c009052 00455e83 lhu              x29, 4(x10)         x29=00000427 x10:100027a4  PA:100027a8
26984354ns          466558 1c009056 00655e03 lhu              x28, 6(x10)         x28=0000007f x10:100027a4  PA:100027aa
26984374ns          466559 1c00905a 40a75713 srai             x14, x14, 0x40a     x14=fffffffe x14:fffffa20
26984394ns          466560 1c00905c 806787db p.muls           x15, x15, x6        x15=ffffffe5 x15:0000ffe5  x6:00000001
26984414ns          466561 1c009060 40a6d693 srai             x13, x13, 0x40a     x13=fffffffb x13:ffffed40
26984454ns          466563 1c009062 8065865b p.muls           x12, x11, x6        x12=00000060 x11:00000060  x6:00000001
26984473ns          466564 1c009066 40a7d793 srai             x15, x15, 0x40a     x15=ffffffff x15:ffffffe5
26984493ns          466565 1c009068 40a65613 srai             x12, x12, 0x40a     x12=00000000 x12:00000060
26984513ns          466566 1c00906a 01d70733 add              x14, x14, x29       x14=00000425 x14:fffffffe x29:00000427
26984533ns          466567 1c00906c 01c686b3 add              x13, x13, x28       x13=0000007a x13:fffffffb x28:0000007f
26984553ns          466568 1c00906e 00c686b3 add              x13, x13, x12       x13=0000007a x13:0000007a x12:00000000
26984573ns          466569 1c009070 00f70733 add              x14, x14, x15       x14=00000424 x14:00000425 x15:ffffffff
26984593ns          466570 1c009072 100747b3 p.exths          x15, x14, x0        x15=00000424 x14:00000424
26984613ns          466571 1c009076 1006c733 p.exths          x14, x13, x0        x14=0000007a x13:0000007a
26984633ns          466572 1c00907a 03170633 mul              x12, x14, x17       x12=000006ac x14:0000007a x17:0000000e
26984652ns          466573 1c00907e 030786b3 mul              x13, x15, x16       x13=0002f5bc x15:00000424 x16:000000b7
26984672ns          466574 1c009082 03070733 mul              x14, x14, x16       x14=00005736 x14:0000007a x16:000000b7
26984692ns          466575 1c009086 031787b3 mul              x15, x15, x17       x15=000039f8 x15:00000424 x17:0000000e
26984712ns          466576 1c00908a 40a6d693 srai             x13, x13, 0x40a     x13=000000bd x13:0002f5bc
26984732ns          466577 1c00908c 40a65613 srai             x12, x12, 0x40a     x12=00000001 x12:000006ac
26984752ns          466578 1c00908e 40a7d793 srai             x15, x15, 0x40a     x15=0000000e x15:000039f8
26984772ns          466579 1c009090 40a75713 srai             x14, x14, 0x40a     x14=00000015 x14:00005736
26984792ns          466580 1c009092 40c686b3 sub              x13, x13, x12       x13=000000bc x13:000000bd x12:00000001
26984812ns          466581 1c009094 00e787b3 add              x15, x15, x14       x15=00000023 x15:0000000e x14:00000015
26984831ns          466582 1c009096 00d51823 sh               x13, 16(x10)        x13:000000bc x10:100027a4  PA:100027b4
26984851ns          466583 1c00909a 00f51923 sh               x15, 18(x10)        x15:00000023 x10:100027a4  PA:100027b6
26984871ns          466584 1c00909e 00008067 jalr             x0, x1, 0            x1:1c0093e8
26984951ns          466588 1c0093e8 2dc15583 lhu              x11, 732(x2)        x11=000000bc  x2:100024d8  PA:100027b4
26984991ns          466590 1c0093ec 2de15783 lhu              x15, 734(x2)        x15=00000023  x2:100024d8  PA:100027b6
26985010ns          466591 1c0093f0 40b90933 sub              x18, x18, x11       x18=00000009 x18:000000c5 x11:000000bc
26985030ns          466592 1c0093f4 40f484b3 sub              x9, x9, x15          x9=ffffffe6  x9:00000009 x15:00000023
26985050ns          466593 1c0093f6 100945b3 p.exths          x11, x18, x0        x11=00000009 x18:00000009
26985070ns          466594 1c0093fa 1004c7b3 p.exths          x15, x9, x0         x15=ffffffe6  x9:ffffffe6
26985090ns          466595 1c0093fe 034586b3 mul              x13, x11, x20       x13=0000066f x11:00000009 x20:000000b7
26985110ns          466596 1c009402 03378533 mul              x10, x15, x19       x10=fffffe94 x15:ffffffe6 x19:0000000e
26985130ns          466597 1c009406 034a0633 mul              x12, x20, x20       x12=000082d1 x20:000000b7 x20:000000b7
26985150ns          466598 1c00940a 03398733 mul              x14, x19, x19       x14=000000c4 x19:0000000e x19:0000000e
26985209ns          466601 1c00940e 034787b3 mul              x15, x15, x20       x15=ffffed6a x15:ffffffe6 x20:000000b7
26985249ns          466603 1c009412 033585b3 mul              x11, x11, x19       x11=0000007e x11:00000009 x19:0000000e
26985269ns          466604 1c009416 40a75713 srai             x14, x14, 0x40a     x14=00000000 x14:000000c4
26985289ns          466605 1c009418 40a5d593 srai             x11, x11, 0x40a     x11=00000000 x11:0000007e
26985309ns          466606 1c00941a 40a65613 srai             x12, x12, 0x40a     x12=00000020 x12:000082d1
26985329ns          466607 1c00941c 40a7d793 srai             x15, x15, 0x40a     x15=fffffffb x15:ffffed6a
26985349ns          466608 1c00941e 1c0034b7 lui              x9, 0x1c003000       x9=1c003000
26985368ns          466609 1c009422 00e60633 add              x12, x12, x14       x12=00000020 x12:00000020 x14:00000000
26985388ns          466610 1c009424 40b787b3 sub              x15, x15, x11       x15=fffffffb x15:fffffffb x11:00000000
26985408ns          466611 1c009426 eb048493 addi             x9, x9, -336         x9=1c002eb0  x9:1c003000
26985428ns          466612 1c00942a 1c0032b7 lui              x5, 0x1c003000       x5=1c003000
26985448ns          466613 1c00942e 1c0035b7 lui              x11, 0x1c003000     x11=1c003000
26985468ns          466614 1c009432 018483b3 add              x7, x9, x24          x7=1c002eb8  x9:1c002eb0 x24:00000008
26985488ns          466615 1c009436 02812e83 lw               x29, 40(x2)         x29=1c002ec8  x2:100024d8  PA:10002500
26985508ns          466616 1c009438 10065633 p.exthz          x12, x12, x0        x12=00000020 x12:00000020
26985528ns          466617 1c00943c e8028293 addi             x5, x5, -384         x5=1c002e80  x5:1c003000
26985547ns          466618 1c009440 ea058593 addi             x11, x11, -352      x11=1c002ea0 x11:1c003000
26985567ns          466619 1c009444 03812483 lw               x9, 56(x2)           x9=1c002ee8  x2:100024d8  PA:10002510
26985587ns          466620 1c009446 10064733 p.exths          x14, x12, x0        x14=00000020 x12:00000020
26985607ns          466621 1c00944a 018280b3 add              x1, x5, x24          x1=1c002e88  x5:1c002e80 x24:00000008
26985627ns          466622 1c00944e 03012f03 lw               x30, 48(x2)         x30=1c002ed8  x2:100024d8  PA:10002508
26985647ns          466623 1c009450 018582b3 add              x5, x11, x24         x5=1c002ea8 x11:1c002ea0 x24:00000008
26985687ns          466625 1c009454 04012583 lw               x11, 64(x2)         x11=1c002ef8  x2:100024d8  PA:10002518
26985707ns          466626 1c009456 000edd83 lhu              x27, 0(x29)         x27=0000091c x29:1c002ec8  PA:1c002ec8
26986045ns          466643 1c00945a 0004d483 lhu              x9, 0(x9)            x9=00000080  x9:1c002ee8  PA:1c002ee8
26986343ns          466658 1c00945e 02e70333 mul              x6, x14, x14         x6=00000400 x14:00000020 x14:00000020
26986363ns          466659 1c009462 40a55513 srai             x10, x10, 0x40a     x10=ffffffff x10:fffffe94
26986383ns          466660 1c009464 04812e83 lw               x29, 72(x2)         x29=1c002f08  x2:100024d8  PA:10002520
26986403ns          466661 1c009466 40a6d693 srai             x13, x13, 0x40a     x13=00000001 x13:0000066f
26986422ns          466662 1c009468 000f5d03 lhu              x26, 0(x30)         x26=000001d4 x30:1c002ed8  PA:1c002ed8
26986721ns          466677 1c00946c 0005d583 lhu              x11, 0(x11)         x11=00000028 x11:1c002ef8  PA:1c002ef8
26987019ns          466692 1c009470 40a35313 srai             x6, x6, 0x40a        x6=00000001  x6:00000400
26987039ns          466693 1c009474 00a686b3 add              x13, x13, x10       x13=00000000 x13:00000001 x10:ffffffff
26987059ns          466694 1c009476 05012f03 lw               x30, 80(x2)         x30=1c002e78  x2:100024d8  PA:10002528
26987079ns          466695 1c009478 10034e33 p.exths          x28, x6, x0         x28=00000001  x6:00000001
26987099ns          466696 1c00947c 06911023 sh               x9, 96(x2)           x9:00000080  x2:100024d8  PA:10002538
26987119ns          466697 1c009480 000ede83 lhu              x29, 0(x29)         x29=0000000e x29:1c002f08  PA:1c002f08
26987457ns          466714 1c009484 05812483 lw               x9, 88(x2)           x9=1c002e68  x2:100024d8  PA:10002530
26987477ns          466715 1c009486 1006d6b3 p.exthz          x13, x13, x0        x13=00000000 x13:00000000
26987496ns          466716 1c00948a 02ee08b3 mul              x17, x28, x14       x17=00000020 x28:00000001 x14:00000020
26987516ns          466717 1c00948e 1006c833 p.exths          x16, x13, x0        x16=00000000 x13:00000000
26987536ns          466718 1c009492 06b11823 sh               x11, 112(x2)        x11:00000028  x2:100024d8  PA:10002548
26987556ns          466719 1c009496 000f5f03 lhu              x30, 0(x30)         x30=0000ff9d x30:1c002e78  PA:1c002e78
26987854ns          466734 1c00949a 0a012583 lw               x11, 160(x2)        x11=1c002e98  x2:100024d8  PA:10002578
26987874ns          466735 1c00949c 1007d7b3 p.exthz          x15, x15, x0        x15=0000fffb x15:fffffffb
26987894ns          466736 1c0094a0 0004da03 lhu              x20, 0(x9)          x20=0000fdfb  x9:1c002e68  PA:1c002e68
26988193ns          466751 1c0094a4 1007c533 p.exths          x10, x15, x0        x10=fffffffb x15:0000fffb
26988212ns          466752 1c0094a8 09d11023 sh               x29, 128(x2)        x29:0000000e  x2:100024d8  PA:10002558
26988232ns          466753 1c0094ac 0003d483 lhu              x9, 0(x7)            x9=0000ffef  x7:1c002eb8  PA:1c002eb8
26988570ns          466770 1c0094b0 02e80eb3 mul              x29, x16, x14       x29=00000000 x16:00000000 x14:00000020
26988590ns          466771 1c0094b4 40a8d893 srai             x17, x17, 0x40a     x17=00000000 x17:00000020
26988610ns          466772 1c0094b8 03c80833 mul              x16, x16, x28       x16=00000000 x16:00000000 x28:00000001
26988630ns          466773 1c0094bc 09e11823 sh               x30, 144(x2)        x30:0000ff9d  x2:100024d8  PA:10002568
26988670ns          466775 1c0094c0 0005d983 lhu              x19, 0(x11)         x19=0000ffdd x11:1c002e98  PA:1c002e98
26988968ns          466790 1c0094c4 81c88f5b p.muls           x30, x17, x28       x30=00000000 x17:00000000 x28:00000001
26988988ns          466791 1c0094c8 0002d583 lhu              x11, 0(x5)          x11=0000ffd2  x5:1c002ea8  PA:1c002ea8
26989306ns          466807 1c0094cc 03ce0fb3 mul              x31, x28, x28       x31=00000001 x28:00000001 x28:00000001
26989326ns          466808 1c0094d0 02e50733 mul              x14, x10, x14       x14=ffffff60 x10:fffffffb x14:00000020
26989346ns          466809 1c0094d4 40a85813 srai             x16, x16, 0x40a     x16=00000000 x16:00000000
26989366ns          466810 1c0094d8 03c50533 mul              x10, x10, x28       x10=fffffffb x10:fffffffb x28:00000001
26989386ns          466811 1c0094dc 07015e03 lhu              x28, 112(x2)        x28=00000028  x2:100024d8  PA:10002548
26989406ns          466812 1c0094e0 01b60633 add              x12, x12, x27       x12=0000093c x12:00000020 x27:0000091c
26989426ns          466813 1c0094e2 00980833 add              x16, x16, x9        x16=0000ffef x16:00000000  x9:0000ffef
26989445ns          466814 1c0094e4 06015d83 lhu              x27, 96(x2)         x27=00000080  x2:100024d8  PA:10002538
26989465ns          466815 1c0094e8 02812483 lw               x9, 40(x2)           x9=1c002ec8  x2:100024d8  PA:10002500
26989485ns          466816 1c0094ea 40afdf93 srai             x31, x31, 0x40a     x31=00000000 x31:00000001
26989505ns          466817 1c0094ee 40a55513 srai             x10, x10, 0x40a     x10=ffffffff x10:fffffffb
26989525ns          466818 1c0094f0 01cf8fb3 add              x31, x31, x28       x31=00000028 x31:00000000 x28:00000028
26989545ns          466819 1c0094f2 00b50533 add              x10, x10, x11       x10=0000ffd1 x10:ffffffff x11:0000ffd2
26989565ns          466820 1c0094f4 09015e03 lhu              x28, 144(x2)        x28=0000ff9d  x2:100024d8  PA:10002568
26989585ns          466821 1c0094f8 03012583 lw               x11, 48(x2)         x11=1c002ed8  x2:100024d8  PA:10002508
26989605ns          466822 1c0094fa 00c49023 sh               x12, 0(x9)          x12:0000093c  x9:1c002ec8  PA:1c002ec8
26989923ns          466838 1c0094fe 01b888b3 add              x17, x17, x27       x17=00000080 x17:00000000 x27:00000080
26989943ns          466839 1c009500 01a30333 add              x6, x6, x26          x6=000001d5  x6:00000001 x26:000001d4
26989963ns          466840 1c009502 08015d83 lhu              x27, 128(x2)        x27=0000000e  x2:100024d8  PA:10002558
26989982ns          466841 1c009506 0000d903 lhu              x18, 0(x1)          x18=0000ff7d  x1:1c002e88  PA:1c002e88
26990281ns          466856 1c00950a 01c686b3 add              x13, x13, x28       x13=0000ff9d x13:00000000 x28:0000ff9d
26990301ns          466857 1c00950c 00659023 sh               x6, 0(x11)           x6:000001d5 x11:1c002ed8  PA:1c002ed8
26990639ns          466874 1c009510 40af5f13 srai             x30, x30, 0x40a     x30=00000000 x30:00000000
26990659ns          466875 1c009514 04812e03 lw               x28, 72(x2)         x28=1c002f08  x2:100024d8  PA:10002520
26990679ns          466876 1c009516 01bf0f33 add              x30, x30, x27       x30=0000000e x30:00000000 x27:0000000e
26990698ns          466877 1c009518 40aede93 srai             x29, x29, 0x40a     x29=00000000 x29:00000000
26990718ns          466878 1c00951c 40a75713 srai             x14, x14, 0x40a     x14=ffffffff x14:ffffff60
26990738ns          466879 1c00951e 03812603 lw               x12, 56(x2)         x12=1c002ee8  x2:100024d8  PA:10002510
26990758ns          466880 1c009520 04012d83 lw               x27, 64(x2)         x27=1c002ef8  x2:100024d8  PA:10002518
26990778ns          466881 1c009522 01ee1023 sh               x30, 0(x28)         x30:0000000e x28:1c002f08  PA:1c002f08
26991096ns          466897 1c009526 05812483 lw               x9, 88(x2)           x9=1c002e68  x2:100024d8  PA:10002530
26991116ns          466898 1c009528 05012f03 lw               x30, 80(x2)         x30=1c002e78  x2:100024d8  PA:10002528
26991136ns          466899 1c00952a 0a012583 lw               x11, 160(x2)        x11=1c002e98  x2:100024d8  PA:10002578
26991156ns          466900 1c00952c 014787b3 add              x15, x15, x20       x15=0001fdf6 x15:0000fffb x20:0000fdfb
26991176ns          466901 1c00952e 013e8eb3 add              x29, x29, x19       x29=0000ffdd x29:00000000 x19:0000ffdd
26991196ns          466902 1c009530 01270733 add              x14, x14, x18       x14=0000ff7c x14:ffffffff x18:0000ff7d
26991215ns          466903 1c009532 00f49023 sh               x15, 0(x9)          x15:0001fdf6  x9:1c002e68  PA:1c002e68
26991534ns          466919 1c009536 01161023 sh               x17, 0(x12)         x17:00000080 x12:1c002ee8  PA:1c002ee8
26991852ns          466935 1c00953a 01fd9023 sh               x31, 0(x27)         x31:00000028 x27:1c002ef8  PA:1c002ef8
26992170ns          466951 1c00953e 00df1023 sh               x13, 0(x30)         x13:0000ff9d x30:1c002e78  PA:1c002e78
26992488ns          466967 1c009542 01d59023 sh               x29, 0(x11)         x29:0000ffdd x11:1c002e98  PA:1c002e98
26992906ns          466988 1c009546 00e09023 sh               x14, 0(x1)          x14:0000ff7c  x1:1c002e88  PA:1c002e88
26993224ns          467004 1c00954a 01039023 sh               x16, 0(x7)          x16:0000ffef  x7:1c002eb8  PA:1c002eb8
26993542ns          467020 1c00954e 00a29023 sh               x10, 0(x5)          x10:0000ffd1  x5:1c002ea8  PA:1c002ea8
26993900ns          467038 1c009552 008b0b13 addi             x22, x22, 8         x22=000000bc x22:000000b4
26993920ns          467039 1c009554 1f300793 addi             x15, x0, 499        x15=000001f3
26993940ns          467040 1c009558 e767dae3 bge              x15, x22, -396      x15:000001f3 x22:000000bc
26994079ns          467047 1c0093cc 010c9a0b p.lh             x20, 16(x25!)       x20=000000c6 x25=1c002810 x25:1c002800  PA:1c002800
26994398ns          467063 1c0093d0 0104198b p.lh             x19, 16(x8!)        x19=00000183  x8=1c001fd8  x8:1c001fc8  PA:1c001fc8
26994696ns          467078 1c0093d4 2cc10513 addi             x10, x2, 716        x10=100027a4  x2:100024d8
26994716ns          467079 1c0093d6 010a990b p.lh             x18, 16(x21!)       x18=000000f6 x21=1c001804 x21:1c0017f4  PA:1c0017f4
26995014ns          467094 1c0093da 010b948b p.lh             x9, 16(x23!)         x9=00000171 x23=1c001034 x23:1c001024  PA:1c001024
26995332ns          467110 1c0093de 2d411623 sh               x20, 716(x2)        x20:000000c6  x2:100024d8  PA:100027a4
26995352ns          467111 1c0093e2 2d311723 sh               x19, 718(x2)        x19:00000183  x2:100024d8  PA:100027a6
26995372ns          467112 1c0093e6 c33ff0ef jal              x1, -974             x1=1c0093e8
26995412ns          467114 1c009018 00051803 lh               x16, 0(x10)         x16=000000c6 x10:100027a4  PA:100027a4
26995432ns          467115 1c00901c 00251883 lh               x17, 2(x10)         x17=00000183 x10:100027a4  PA:100027a6
26995452ns          467116 1c009020 030806b3 mul              x13, x16, x16       x13=00009924 x16:000000c6 x16:000000c6
26995472ns          467117 1c009024 03188633 mul              x12, x17, x17       x12=00024909 x17:00000183 x17:00000183
26995491ns          467118 1c009028 40a65613 srai             x12, x12, 0x40a     x12=00000092 x12:00024909
26995511ns          467119 1c00902a 40a6d693 srai             x13, x13, 0x40a     x13=00000026 x13:00009924
26995531ns          467120 1c00902c 00c686b3 add              x13, x13, x12       x13=000000b8 x13:00000026 x12:00000092
26995551ns          467121 1c00902e 1006c633 p.exths          x12, x13, x0        x12=000000b8 x13:000000b8
26995571ns          467122 1c009032 00855703 lhu              x14, 8(x10)         x14=0000ffd1 x10:100027a4  PA:100027ac
26995591ns          467123 1c009036 00a55683 lhu              x13, 10(x10)        x13=0000ff6a x10:100027a4  PA:100027ae
26995611ns          467124 1c00903a 02c60333 mul              x6, x12, x12         x6=00008440 x12:000000b8 x12:000000b8
26995631ns          467125 1c00903e 00c55783 lhu              x15, 12(x10)        x15=0000ffe5 x10:100027a4  PA:100027b0
26995651ns          467126 1c009042 00e55583 lhu              x11, 14(x10)        x11=00000060 x10:100027a4  PA:100027b2
26995670ns          467127 1c009046 dea30333 p.extract        x6, x6, 15, 10       x6=00000021  x6:00008440
26995690ns          467128 1c00904a 80c7075b p.muls           x14, x14, x12       x14=ffffde38 x14:0000ffd1 x12:000000b8
26995710ns          467129 1c00904e 80c686db p.muls           x13, x13, x12       x13=ffff9430 x13:0000ff6a x12:000000b8
26995730ns          467130 1c009052 00455e83 lhu              x29, 4(x10)         x29=00000427 x10:100027a4  PA:100027a8
26995750ns          467131 1c009056 00655e03 lhu              x28, 6(x10)         x28=0000007f x10:100027a4  PA:100027aa
26995770ns          467132 1c00905a 40a75713 srai             x14, x14, 0x40a     x14=fffffff7 x14:ffffde38
26995790ns          467133 1c00905c 806787db p.muls           x15, x15, x6        x15=fffffc85 x15:0000ffe5  x6:00000021
26995810ns          467134 1c009060 40a6d693 srai             x13, x13, 0x40a     x13=ffffffe5 x13:ffff9430
26995830ns          467135 1c009062 8065865b p.muls           x12, x11, x6        x12=00000c60 x11:00000060  x6:00000021
26995849ns          467136 1c009066 40a7d793 srai             x15, x15, 0x40a     x15=ffffffff x15:fffffc85
26995869ns          467137 1c009068 40a65613 srai             x12, x12, 0x40a     x12=00000003 x12:00000c60
26995889ns          467138 1c00906a 01d70733 add              x14, x14, x29       x14=0000041e x14:fffffff7 x29:00000427
26995909ns          467139 1c00906c 01c686b3 add              x13, x13, x28       x13=00000064 x13:ffffffe5 x28:0000007f
26995929ns          467140 1c00906e 00c686b3 add              x13, x13, x12       x13=00000067 x13:00000064 x12:00000003
26995949ns          467141 1c009070 00f70733 add              x14, x14, x15       x14=0000041d x14:0000041e x15:ffffffff
26995969ns          467142 1c009072 100747b3 p.exths          x15, x14, x0        x15=0000041d x14:0000041d
26995989ns          467143 1c009076 1006c733 p.exths          x14, x13, x0        x14=00000067 x13:00000067
26996008ns          467144 1c00907a 03170633 mul              x12, x14, x17       x12=00009bb5 x14:00000067 x17:00000183
26996028ns          467145 1c00907e 030786b3 mul              x13, x15, x16       x13=00032e6e x15:0000041d x16:000000c6
26996048ns          467146 1c009082 03070733 mul              x14, x14, x16       x14=00004faa x14:00000067 x16:000000c6
26996068ns          467147 1c009086 031787b3 mul              x15, x15, x17       x15=000637d7 x15:0000041d x17:00000183
26996088ns          467148 1c00908a 40a6d693 srai             x13, x13, 0x40a     x13=000000cb x13:00032e6e
26996108ns          467149 1c00908c 40a65613 srai             x12, x12, 0x40a     x12=00000026 x12:00009bb5
26996128ns          467150 1c00908e 40a7d793 srai             x15, x15, 0x40a     x15=0000018d x15:000637d7
26996148ns          467151 1c009090 40a75713 srai             x14, x14, 0x40a     x14=00000013 x14:00004faa
26996168ns          467152 1c009092 40c686b3 sub              x13, x13, x12       x13=000000a5 x13:000000cb x12:00000026
26996187ns          467153 1c009094 00e787b3 add              x15, x15, x14       x15=000001a0 x15:0000018d x14:00000013
26996207ns          467154 1c009096 00d51823 sh               x13, 16(x10)        x13:000000a5 x10:100027a4  PA:100027b4
26996227ns          467155 1c00909a 00f51923 sh               x15, 18(x10)        x15:000001a0 x10:100027a4  PA:100027b6
26996247ns          467156 1c00909e 00008067 jalr             x0, x1, 0            x1:1c0093e8
26996327ns          467160 1c0093e8 2dc15583 lhu              x11, 732(x2)        x11=000000a5  x2:100024d8  PA:100027b4
26996347ns          467161 1c0093ec 2de15783 lhu              x15, 734(x2)        x15=000001a0  x2:100024d8  PA:100027b6
26996366ns          467162 1c0093f0 40b90933 sub              x18, x18, x11       x18=00000051 x18:000000f6 x11:000000a5
26996386ns          467163 1c0093f4 40f484b3 sub              x9, x9, x15          x9=ffffffd1  x9:00000171 x15:000001a0
26996406ns          467164 1c0093f6 100945b3 p.exths          x11, x18, x0        x11=00000051 x18:00000051
26996426ns          467165 1c0093fa 1004c7b3 p.exths          x15, x9, x0         x15=ffffffd1  x9:ffffffd1
26996446ns          467166 1c0093fe 034586b3 mul              x13, x11, x20       x13=00003ea6 x11:00000051 x20:000000c6
26996466ns          467167 1c009402 03378533 mul              x10, x15, x19       x10=ffffb8f3 x15:ffffffd1 x19:00000183
26996486ns          467168 1c009406 034a0633 mul              x12, x20, x20       x12=00009924 x20:000000c6 x20:000000c6
26996506ns          467169 1c00940a 03398733 mul              x14, x19, x19       x14=00024909 x19:00000183 x19:00000183
26996526ns          467170 1c00940e 034787b3 mul              x15, x15, x20       x15=ffffdba6 x15:ffffffd1 x20:000000c6
26996545ns          467171 1c009412 033585b3 mul              x11, x11, x19       x11=00007a73 x11:00000051 x19:00000183
26996565ns          467172 1c009416 40a75713 srai             x14, x14, 0x40a     x14=00000092 x14:00024909
26996585ns          467173 1c009418 40a5d593 srai             x11, x11, 0x40a     x11=0000001e x11:00007a73
26996605ns          467174 1c00941a 40a65613 srai             x12, x12, 0x40a     x12=00000026 x12:00009924
26996625ns          467175 1c00941c 40a7d793 srai             x15, x15, 0x40a     x15=fffffff6 x15:ffffdba6
26996645ns          467176 1c00941e 1c0034b7 lui              x9, 0x1c003000       x9=1c003000
26996665ns          467177 1c009422 00e60633 add              x12, x12, x14       x12=000000b8 x12:00000026 x14:00000092
26996685ns          467178 1c009424 40b787b3 sub              x15, x15, x11       x15=ffffffd8 x15:fffffff6 x11:0000001e
26996705ns          467179 1c009426 eb048493 addi             x9, x9, -336         x9=1c002eb0  x9:1c003000
26996724ns          467180 1c00942a 1c0032b7 lui              x5, 0x1c003000       x5=1c003000
26996744ns          467181 1c00942e 1c0035b7 lui              x11, 0x1c003000     x11=1c003000
26996764ns          467182 1c009432 018483b3 add              x7, x9, x24          x7=1c002eb8  x9:1c002eb0 x24:00000008
26996784ns          467183 1c009436 02812e83 lw               x29, 40(x2)         x29=1c002ec8  x2:100024d8  PA:10002500
26996804ns          467184 1c009438 10065633 p.exthz          x12, x12, x0        x12=000000b8 x12:000000b8
26996824ns          467185 1c00943c e8028293 addi             x5, x5, -384         x5=1c002e80  x5:1c003000
26996844ns          467186 1c009440 ea058593 addi             x11, x11, -352      x11=1c002ea0 x11:1c003000
26996864ns          467187 1c009444 03812483 lw               x9, 56(x2)           x9=1c002ee8  x2:100024d8  PA:10002510
26996884ns          467188 1c009446 10064733 p.exths          x14, x12, x0        x14=000000b8 x12:000000b8
26996903ns          467189 1c00944a 018280b3 add              x1, x5, x24          x1=1c002e88  x5:1c002e80 x24:00000008
26996923ns          467190 1c00944e 03012f03 lw               x30, 48(x2)         x30=1c002ed8  x2:100024d8  PA:10002508
26996943ns          467191 1c009450 018582b3 add              x5, x11, x24         x5=1c002ea8 x11:1c002ea0 x24:00000008
26996963ns          467192 1c009454 04012583 lw               x11, 64(x2)         x11=1c002ef8  x2:100024d8  PA:10002518
26996983ns          467193 1c009456 000edd83 lhu              x27, 0(x29)         x27=0000093c x29:1c002ec8  PA:1c002ec8
26997321ns          467210 1c00945a 0004d483 lhu              x9, 0(x9)            x9=00000080  x9:1c002ee8  PA:1c002ee8
26997639ns          467226 1c00945e 02e70333 mul              x6, x14, x14         x6=00008440 x14:000000b8 x14:000000b8
26997659ns          467227 1c009462 40a55513 srai             x10, x10, 0x40a     x10=ffffffee x10:ffffb8f3
26997679ns          467228 1c009464 04812e83 lw               x29, 72(x2)         x29=1c002f08  x2:100024d8  PA:10002520
26997699ns          467229 1c009466 40a6d693 srai             x13, x13, 0x40a     x13=0000000f x13:00003ea6
26997719ns          467230 1c009468 000f5d03 lhu              x26, 0(x30)         x26=000001d5 x30:1c002ed8  PA:1c002ed8
26998097ns          467249 1c00946c 0005d583 lhu              x11, 0(x11)         x11=00000028 x11:1c002ef8  PA:1c002ef8
26998395ns          467264 1c009470 40a35313 srai             x6, x6, 0x40a        x6=00000021  x6:00008440
26998415ns          467265 1c009474 00a686b3 add              x13, x13, x10       x13=fffffffd x13:0000000f x10:ffffffee
26998435ns          467266 1c009476 05012f03 lw               x30, 80(x2)         x30=1c002e78  x2:100024d8  PA:10002528
26998455ns          467267 1c009478 10034e33 p.exths          x28, x6, x0         x28=00000021  x6:00000021
26998475ns          467268 1c00947c 06911023 sh               x9, 96(x2)           x9:00000080  x2:100024d8  PA:10002538
26998494ns          467269 1c009480 000ede83 lhu              x29, 0(x29)         x29=0000000e x29:1c002f08  PA:1c002f08
26998793ns          467284 1c009484 05812483 lw               x9, 88(x2)           x9=1c002e68  x2:100024d8  PA:10002530
26998813ns          467285 1c009486 1006d6b3 p.exthz          x13, x13, x0        x13=0000fffd x13:fffffffd
26998833ns          467286 1c00948a 02ee08b3 mul              x17, x28, x14       x17=000017b8 x28:00000021 x14:000000b8
26998852ns          467287 1c00948e 1006c833 p.exths          x16, x13, x0        x16=fffffffd x13:0000fffd
26998872ns          467288 1c009492 06b11823 sh               x11, 112(x2)        x11:00000028  x2:100024d8  PA:10002548
26998892ns          467289 1c009496 000f5f03 lhu              x30, 0(x30)         x30=0000ff9d x30:1c002e78  PA:1c002e78
26999191ns          467304 1c00949a 0a012583 lw               x11, 160(x2)        x11=1c002e98  x2:100024d8  PA:10002578
26999210ns          467305 1c00949c 1007d7b3 p.exthz          x15, x15, x0        x15=0000ffd8 x15:ffffffd8
26999230ns          467306 1c0094a0 0004da03 lhu              x20, 0(x9)          x20=0000fdf6  x9:1c002e68  PA:1c002e68
26999529ns          467321 1c0094a4 1007c533 p.exths          x10, x15, x0        x10=ffffffd8 x15:0000ffd8
26999549ns          467322 1c0094a8 09d11023 sh               x29, 128(x2)        x29:0000000e  x2:100024d8  PA:10002558
26999568ns          467323 1c0094ac 0003d483 lhu              x9, 0(x7)            x9=0000ffef  x7:1c002eb8  PA:1c002eb8
26999887ns          467339 1c0094b0 02e80eb3 mul              x29, x16, x14       x29=fffffdd8 x16:fffffffd x14:000000b8
26999907ns          467340 1c0094b4 40a8d893 srai             x17, x17, 0x40a     x17=00000005 x17:000017b8
26999926ns          467341 1c0094b8 03c80833 mul              x16, x16, x28       x16=ffffff9d x16:fffffffd x28:00000021
26999946ns          467342 1c0094bc 09e11823 sh               x30, 144(x2)        x30:0000ff9d  x2:100024d8  PA:10002568
26999966ns          467343 1c0094c0 0005d983 lhu              x19, 0(x11)         x19=0000ffdd x11:1c002e98  PA:1c002e98
27000265ns          467358 1c0094c4 81c88f5b p.muls           x30, x17, x28       x30=000000a5 x17:00000005 x28:00000021
27000284ns          467359 1c0094c8 0002d583 lhu              x11, 0(x5)          x11=0000ffd1  x5:1c002ea8  PA:1c002ea8
27000603ns          467375 1c0094cc 03ce0fb3 mul              x31, x28, x28       x31=00000441 x28:00000021 x28:00000021
27000623ns          467376 1c0094d0 02e50733 mul              x14, x10, x14       x14=ffffe340 x10:ffffffd8 x14:000000b8
27000642ns          467377 1c0094d4 40a85813 srai             x16, x16, 0x40a     x16=ffffffff x16:ffffff9d
27000662ns          467378 1c0094d8 03c50533 mul              x10, x10, x28       x10=fffffad8 x10:ffffffd8 x28:00000021
27000682ns          467379 1c0094dc 07015e03 lhu              x28, 112(x2)        x28=00000028  x2:100024d8  PA:10002548
27000702ns          467380 1c0094e0 01b60633 add              x12, x12, x27       x12=000009f4 x12:000000b8 x27:0000093c
27000722ns          467381 1c0094e2 00980833 add              x16, x16, x9        x16=0000ffee x16:ffffffff  x9:0000ffef
27000742ns          467382 1c0094e4 06015d83 lhu              x27, 96(x2)         x27=00000080  x2:100024d8  PA:10002538
27000762ns          467383 1c0094e8 02812483 lw               x9, 40(x2)           x9=1c002ec8  x2:100024d8  PA:10002500
27000782ns          467384 1c0094ea 40afdf93 srai             x31, x31, 0x40a     x31=00000001 x31:00000441
27000802ns          467385 1c0094ee 40a55513 srai             x10, x10, 0x40a     x10=fffffffe x10:fffffad8
27000821ns          467386 1c0094f0 01cf8fb3 add              x31, x31, x28       x31=00000029 x31:00000001 x28:00000028
27000841ns          467387 1c0094f2 00b50533 add              x10, x10, x11       x10=0000ffcf x10:fffffffe x11:0000ffd1
27000861ns          467388 1c0094f4 09015e03 lhu              x28, 144(x2)        x28=0000ff9d  x2:100024d8  PA:10002568
27000881ns          467389 1c0094f8 03012583 lw               x11, 48(x2)         x11=1c002ed8  x2:100024d8  PA:10002508
27000901ns          467390 1c0094fa 00c49023 sh               x12, 0(x9)          x12:000009f4  x9:1c002ec8  PA:1c002ec8
27001219ns          467406 1c0094fe 01b888b3 add              x17, x17, x27       x17=00000085 x17:00000005 x27:00000080
27001239ns          467407 1c009500 01a30333 add              x6, x6, x26          x6=000001f6  x6:00000021 x26:000001d5
27001259ns          467408 1c009502 08015d83 lhu              x27, 128(x2)        x27=0000000e  x2:100024d8  PA:10002558
27001279ns          467409 1c009506 0000d903 lhu              x18, 0(x1)          x18=0000ff7c  x1:1c002e88  PA:1c002e88
27001577ns          467424 1c00950a 01c686b3 add              x13, x13, x28       x13=0001ff9a x13:0000fffd x28:0000ff9d
27001597ns          467425 1c00950c 00659023 sh               x6, 0(x11)           x6:000001f6 x11:1c002ed8  PA:1c002ed8
27001935ns          467442 1c009510 40af5f13 srai             x30, x30, 0x40a     x30=00000000 x30:000000a5
27001955ns          467443 1c009514 04812e03 lw               x28, 72(x2)         x28=1c002f08  x2:100024d8  PA:10002520
27001975ns          467444 1c009516 01bf0f33 add              x30, x30, x27       x30=0000000e x30:00000000 x27:0000000e
27001995ns          467445 1c009518 40aede93 srai             x29, x29, 0x40a     x29=ffffffff x29:fffffdd8
27002015ns          467446 1c00951c 40a75713 srai             x14, x14, 0x40a     x14=fffffff8 x14:ffffe340
27002035ns          467447 1c00951e 03812603 lw               x12, 56(x2)         x12=1c002ee8  x2:100024d8  PA:10002510
27002054ns          467448 1c009520 04012d83 lw               x27, 64(x2)         x27=1c002ef8  x2:100024d8  PA:10002518
27002074ns          467449 1c009522 01ee1023 sh               x30, 0(x28)         x30:0000000e x28:1c002f08  PA:1c002f08
27002393ns          467465 1c009526 05812483 lw               x9, 88(x2)           x9=1c002e68  x2:100024d8  PA:10002530
27002412ns          467466 1c009528 05012f03 lw               x30, 80(x2)         x30=1c002e78  x2:100024d8  PA:10002528
27002432ns          467467 1c00952a 0a012583 lw               x11, 160(x2)        x11=1c002e98  x2:100024d8  PA:10002578
27002452ns          467468 1c00952c 014787b3 add              x15, x15, x20       x15=0001fdce x15:0000ffd8 x20:0000fdf6
27002472ns          467469 1c00952e 013e8eb3 add              x29, x29, x19       x29=0000ffdc x29:ffffffff x19:0000ffdd
27002492ns          467470 1c009530 01270733 add              x14, x14, x18       x14=0000ff74 x14:fffffff8 x18:0000ff7c
27002512ns          467471 1c009532 00f49023 sh               x15, 0(x9)          x15:0001fdce  x9:1c002e68  PA:1c002e68
27002830ns          467487 1c009536 01161023 sh               x17, 0(x12)         x17:00000085 x12:1c002ee8  PA:1c002ee8
27003148ns          467503 1c00953a 01fd9023 sh               x31, 0(x27)         x31:00000029 x27:1c002ef8  PA:1c002ef8
27003506ns          467521 1c00953e 00df1023 sh               x13, 0(x30)         x13:0001ff9a x30:1c002e78  PA:1c002e78
27003824ns          467537 1c009542 01d59023 sh               x29, 0(x11)         x29:0000ffdc x11:1c002e98  PA:1c002e98
27004143ns          467553 1c009546 00e09023 sh               x14, 0(x1)          x14:0000ff74  x1:1c002e88  PA:1c002e88
27004461ns          467569 1c00954a 01039023 sh               x16, 0(x7)          x16:0000ffee  x7:1c002eb8  PA:1c002eb8
27004779ns          467585 1c00954e 00a29023 sh               x10, 0(x5)          x10:0000ffcf  x5:1c002ea8  PA:1c002ea8
27005097ns          467601 1c009552 008b0b13 addi             x22, x22, 8         x22=000000c4 x22:000000bc
27005117ns          467602 1c009554 1f300793 addi             x15, x0, 499        x15=000001f3
27005137ns          467603 1c009558 e767dae3 bge              x15, x22, -396      x15:000001f3 x22:000000c4
27005237ns          467608 1c0093cc 010c9a0b p.lh             x20, 16(x25!)       x20=fffffebc x25=1c002820 x25:1c002810  PA:1c002810
27005555ns          467624 1c0093d0 0104198b p.lh             x19, 16(x8!)        x19=00000096  x8=1c001fe8  x8:1c001fd8  PA:1c001fd8
27005873ns          467640 1c0093d4 2cc10513 addi             x10, x2, 716        x10=100027a4  x2:100024d8
27005893ns          467641 1c0093d6 010a990b p.lh             x18, 16(x21!)       x18=fffffeb7 x21=1c001814 x21:1c001804  PA:1c001804
27006231ns          467658 1c0093da 010b948b p.lh             x9, 16(x23!)         x9=000000b2 x23=1c001044 x23:1c001034  PA:1c001034
27006569ns          467675 1c0093de 2d411623 sh               x20, 716(x2)        x20:fffffebc  x2:100024d8  PA:100027a4
27006589ns          467676 1c0093e2 2d311723 sh               x19, 718(x2)        x19:00000096  x2:100024d8  PA:100027a6
27006609ns          467677 1c0093e6 c33ff0ef jal              x1, -974             x1=1c0093e8
27006649ns          467679 1c009018 00051803 lh               x16, 0(x10)         x16=fffffebc x10:100027a4  PA:100027a4
27006668ns          467680 1c00901c 00251883 lh               x17, 2(x10)         x17=00000096 x10:100027a4  PA:100027a6
27006688ns          467681 1c009020 030806b3 mul              x13, x16, x16       x13=00019a10 x16:fffffebc x16:fffffebc
27006708ns          467682 1c009024 03188633 mul              x12, x17, x17       x12=000057e4 x17:00000096 x17:00000096
27006728ns          467683 1c009028 40a65613 srai             x12, x12, 0x40a     x12=00000015 x12:000057e4
27006748ns          467684 1c00902a 40a6d693 srai             x13, x13, 0x40a     x13=00000066 x13:00019a10
27006768ns          467685 1c00902c 00c686b3 add              x13, x13, x12       x13=0000007b x13:00000066 x12:00000015
27006788ns          467686 1c00902e 1006c633 p.exths          x12, x13, x0        x12=0000007b x13:0000007b
27006808ns          467687 1c009032 00855703 lhu              x14, 8(x10)         x14=0000ffd1 x10:100027a4  PA:100027ac
27006828ns          467688 1c009036 00a55683 lhu              x13, 10(x10)        x13=0000ff6a x10:100027a4  PA:100027ae
27006847ns          467689 1c00903a 02c60333 mul              x6, x12, x12         x6=00003b19 x12:0000007b x12:0000007b
27006867ns          467690 1c00903e 00c55783 lhu              x15, 12(x10)        x15=0000ffe5 x10:100027a4  PA:100027b0
27006887ns          467691 1c009042 00e55583 lhu              x11, 14(x10)        x11=00000060 x10:100027a4  PA:100027b2
27006907ns          467692 1c009046 dea30333 p.extract        x6, x6, 15, 10       x6=0000000e  x6:00003b19
27006927ns          467693 1c00904a 80c7075b p.muls           x14, x14, x12       x14=ffffe96b x14:0000ffd1 x12:0000007b
27006967ns          467695 1c00904e 80c686db p.muls           x13, x13, x12       x13=ffffb7ee x13:0000ff6a x12:0000007b
27007007ns          467697 1c009052 00455e83 lhu              x29, 4(x10)         x29=00000427 x10:100027a4  PA:100027a8
27007026ns          467698 1c009056 00655e03 lhu              x28, 6(x10)         x28=0000007f x10:100027a4  PA:100027aa
27007046ns          467699 1c00905a 40a75713 srai             x14, x14, 0x40a     x14=fffffffa x14:ffffe96b
27007066ns          467700 1c00905c 806787db p.muls           x15, x15, x6        x15=fffffe86 x15:0000ffe5  x6:0000000e
27007106ns          467702 1c009060 40a6d693 srai             x13, x13, 0x40a     x13=ffffffed x13:ffffb7ee
27007146ns          467704 1c009062 8065865b p.muls           x12, x11, x6        x12=00000540 x11:00000060  x6:0000000e
27007166ns          467705 1c009066 40a7d793 srai             x15, x15, 0x40a     x15=ffffffff x15:fffffe86
27007186ns          467706 1c009068 40a65613 srai             x12, x12, 0x40a     x12=00000001 x12:00000540
27007205ns          467707 1c00906a 01d70733 add              x14, x14, x29       x14=00000421 x14:fffffffa x29:00000427
27007225ns          467708 1c00906c 01c686b3 add              x13, x13, x28       x13=0000006c x13:ffffffed x28:0000007f
27007245ns          467709 1c00906e 00c686b3 add              x13, x13, x12       x13=0000006d x13:0000006c x12:00000001
27007265ns          467710 1c009070 00f70733 add              x14, x14, x15       x14=00000420 x14:00000421 x15:ffffffff
27007285ns          467711 1c009072 100747b3 p.exths          x15, x14, x0        x15=00000420 x14:00000420
27007305ns          467712 1c009076 1006c733 p.exths          x14, x13, x0        x14=0000006d x13:0000006d
27007325ns          467713 1c00907a 03170633 mul              x12, x14, x17       x12=00003fde x14:0000006d x17:00000096
27007345ns          467714 1c00907e 030786b3 mul              x13, x15, x16       x13=fffac780 x15:00000420 x16:fffffebc
27007365ns          467715 1c009082 03070733 mul              x14, x14, x16       x14=ffff760c x14:0000006d x16:fffffebc
27007384ns          467716 1c009086 031787b3 mul              x15, x15, x17       x15=00026ac0 x15:00000420 x17:00000096
27007404ns          467717 1c00908a 40a6d693 srai             x13, x13, 0x40a     x13=fffffeb1 x13:fffac780
27007424ns          467718 1c00908c 40a65613 srai             x12, x12, 0x40a     x12=0000000f x12:00003fde
27007444ns          467719 1c00908e 40a7d793 srai             x15, x15, 0x40a     x15=0000009a x15:00026ac0
27007464ns          467720 1c009090 40a75713 srai             x14, x14, 0x40a     x14=ffffffdd x14:ffff760c
27007484ns          467721 1c009092 40c686b3 sub              x13, x13, x12       x13=fffffea2 x13:fffffeb1 x12:0000000f
27007504ns          467722 1c009094 00e787b3 add              x15, x15, x14       x15=00000077 x15:0000009a x14:ffffffdd
27007524ns          467723 1c009096 00d51823 sh               x13, 16(x10)        x13:fffffea2 x10:100027a4  PA:100027b4
27007544ns          467724 1c00909a 00f51923 sh               x15, 18(x10)        x15:00000077 x10:100027a4  PA:100027b6
27007563ns          467725 1c00909e 00008067 jalr             x0, x1, 0            x1:1c0093e8
27007603ns          467727 1c0093e8 2dc15583 lhu              x11, 732(x2)        x11=0000fea2  x2:100024d8  PA:100027b4
27007623ns          467728 1c0093ec 2de15783 lhu              x15, 734(x2)        x15=00000077  x2:100024d8  PA:100027b6
27007643ns          467729 1c0093f0 40b90933 sub              x18, x18, x11       x18=ffff0015 x18:fffffeb7 x11:0000fea2
27007663ns          467730 1c0093f4 40f484b3 sub              x9, x9, x15          x9=0000003b  x9:000000b2 x15:00000077
27007683ns          467731 1c0093f6 100945b3 p.exths          x11, x18, x0        x11=00000015 x18:ffff0015
27007703ns          467732 1c0093fa 1004c7b3 p.exths          x15, x9, x0         x15=0000003b  x9:0000003b
27007723ns          467733 1c0093fe 034586b3 mul              x13, x11, x20       x13=ffffe56c x11:00000015 x20:fffffebc
27007742ns          467734 1c009402 03378533 mul              x10, x15, x19       x10=00002292 x15:0000003b x19:00000096
27007762ns          467735 1c009406 034a0633 mul              x12, x20, x20       x12=00019a10 x20:fffffebc x20:fffffebc
27007782ns          467736 1c00940a 03398733 mul              x14, x19, x19       x14=000057e4 x19:00000096 x19:00000096
27007842ns          467739 1c00940e 034787b3 mul              x15, x15, x20       x15=ffffb554 x15:0000003b x20:fffffebc
27007882ns          467741 1c009412 033585b3 mul              x11, x11, x19       x11=00000c4e x11:00000015 x19:00000096
27007902ns          467742 1c009416 40a75713 srai             x14, x14, 0x40a     x14=00000015 x14:000057e4
27007921ns          467743 1c009418 40a5d593 srai             x11, x11, 0x40a     x11=00000003 x11:00000c4e
27007941ns          467744 1c00941a 40a65613 srai             x12, x12, 0x40a     x12=00000066 x12:00019a10
27007961ns          467745 1c00941c 40a7d793 srai             x15, x15, 0x40a     x15=ffffffed x15:ffffb554
27007981ns          467746 1c00941e 1c0034b7 lui              x9, 0x1c003000       x9=1c003000
27008001ns          467747 1c009422 00e60633 add              x12, x12, x14       x12=0000007b x12:00000066 x14:00000015
27008021ns          467748 1c009424 40b787b3 sub              x15, x15, x11       x15=ffffffea x15:ffffffed x11:00000003
27008041ns          467749 1c009426 eb048493 addi             x9, x9, -336         x9=1c002eb0  x9:1c003000
27008061ns          467750 1c00942a 1c0032b7 lui              x5, 0x1c003000       x5=1c003000
27008081ns          467751 1c00942e 1c0035b7 lui              x11, 0x1c003000     x11=1c003000
27008100ns          467752 1c009432 018483b3 add              x7, x9, x24          x7=1c002eb8  x9:1c002eb0 x24:00000008
27008120ns          467753 1c009436 02812e83 lw               x29, 40(x2)         x29=1c002ec8  x2:100024d8  PA:10002500
27008140ns          467754 1c009438 10065633 p.exthz          x12, x12, x0        x12=0000007b x12:0000007b
27008160ns          467755 1c00943c e8028293 addi             x5, x5, -384         x5=1c002e80  x5:1c003000
27008180ns          467756 1c009440 ea058593 addi             x11, x11, -352      x11=1c002ea0 x11:1c003000
27008200ns          467757 1c009444 03812483 lw               x9, 56(x2)           x9=1c002ee8  x2:100024d8  PA:10002510
27008220ns          467758 1c009446 10064733 p.exths          x14, x12, x0        x14=0000007b x12:0000007b
27008240ns          467759 1c00944a 018280b3 add              x1, x5, x24          x1=1c002e88  x5:1c002e80 x24:00000008
27008260ns          467760 1c00944e 03012f03 lw               x30, 48(x2)         x30=1c002ed8  x2:100024d8  PA:10002508
27008279ns          467761 1c009450 018582b3 add              x5, x11, x24         x5=1c002ea8 x11:1c002ea0 x24:00000008
27008299ns          467762 1c009454 04012583 lw               x11, 64(x2)         x11=1c002ef8  x2:100024d8  PA:10002518
27008319ns          467763 1c009456 000edd83 lhu              x27, 0(x29)         x27=000009f4 x29:1c002ec8  PA:1c002ec8
27008617ns          467778 1c00945a 0004d483 lhu              x9, 0(x9)            x9=00000085  x9:1c002ee8  PA:1c002ee8
27008916ns          467793 1c00945e 02e70333 mul              x6, x14, x14         x6=00003b19 x14:0000007b x14:0000007b
27008936ns          467794 1c009462 40a55513 srai             x10, x10, 0x40a     x10=00000008 x10:00002292
27008956ns          467795 1c009464 04812e83 lw               x29, 72(x2)         x29=1c002f08  x2:100024d8  PA:10002520
27008975ns          467796 1c009466 40a6d693 srai             x13, x13, 0x40a     x13=fffffff9 x13:ffffe56c
27008995ns          467797 1c009468 000f5d03 lhu              x26, 0(x30)         x26=000001f6 x30:1c002ed8  PA:1c002ed8
27009393ns          467817 1c00946c 0005d583 lhu              x11, 0(x11)         x11=00000029 x11:1c002ef8  PA:1c002ef8
27009811ns          467838 1c009470 40a35313 srai             x6, x6, 0x40a        x6=0000000e  x6:00003b19
27009831ns          467839 1c009474 00a686b3 add              x13, x13, x10       x13=00000001 x13:fffffff9 x10:00000008
27009851ns          467840 1c009476 05012f03 lw               x30, 80(x2)         x30=1c002e78  x2:100024d8  PA:10002528
27009870ns          467841 1c009478 10034e33 p.exths          x28, x6, x0         x28=0000000e  x6:0000000e
27009890ns          467842 1c00947c 06911023 sh               x9, 96(x2)           x9:00000085  x2:100024d8  PA:10002538
27009910ns          467843 1c009480 000ede83 lhu              x29, 0(x29)         x29=0000000e x29:1c002f08  PA:1c002f08
27010268ns          467861 1c009484 05812483 lw               x9, 88(x2)           x9=1c002e68  x2:100024d8  PA:10002530
27010288ns          467862 1c009486 1006d6b3 p.exthz          x13, x13, x0        x13=00000001 x13:00000001
27010308ns          467863 1c00948a 02ee08b3 mul              x17, x28, x14       x17=000006ba x28:0000000e x14:0000007b
27010328ns          467864 1c00948e 1006c833 p.exths          x16, x13, x0        x16=00000001 x13:00000001
27010348ns          467865 1c009492 06b11823 sh               x11, 112(x2)        x11:00000029  x2:100024d8  PA:10002548
27010368ns          467866 1c009496 000f5f03 lhu              x30, 0(x30)         x30=0000ff9a x30:1c002e78  PA:1c002e78
27010666ns          467881 1c00949a 0a012583 lw               x11, 160(x2)        x11=1c002e98  x2:100024d8  PA:10002578
27010686ns          467882 1c00949c 1007d7b3 p.exthz          x15, x15, x0        x15=0000ffea x15:ffffffea
27010706ns          467883 1c0094a0 0004da03 lhu              x20, 0(x9)          x20=0000fdce  x9:1c002e68  PA:1c002e68
27011004ns          467898 1c0094a4 1007c533 p.exths          x10, x15, x0        x10=ffffffea x15:0000ffea
27011024ns          467899 1c0094a8 09d11023 sh               x29, 128(x2)        x29:0000000e  x2:100024d8  PA:10002558
27011044ns          467900 1c0094ac 0003d483 lhu              x9, 0(x7)            x9=0000ffee  x7:1c002eb8  PA:1c002eb8
27011342ns          467915 1c0094b0 02e80eb3 mul              x29, x16, x14       x29=0000007b x16:00000001 x14:0000007b
27011362ns          467916 1c0094b4 40a8d893 srai             x17, x17, 0x40a     x17=00000001 x17:000006ba
27011382ns          467917 1c0094b8 03c80833 mul              x16, x16, x28       x16=0000000e x16:00000001 x28:0000000e
27011402ns          467918 1c0094bc 09e11823 sh               x30, 144(x2)        x30:0000ff9a  x2:100024d8  PA:10002568
27011422ns          467919 1c0094c0 0005d983 lhu              x19, 0(x11)         x19=0000ffdc x11:1c002e98  PA:1c002e98
27011780ns          467937 1c0094c4 81c88f5b p.muls           x30, x17, x28       x30=0000000e x17:00000001 x28:0000000e
27011800ns          467938 1c0094c8 0002d583 lhu              x11, 0(x5)          x11=0000ffcf  x5:1c002ea8  PA:1c002ea8
27012098ns          467953 1c0094cc 03ce0fb3 mul              x31, x28, x28       x31=000000c4 x28:0000000e x28:0000000e
27012118ns          467954 1c0094d0 02e50733 mul              x14, x10, x14       x14=fffff56e x10:ffffffea x14:0000007b
27012138ns          467955 1c0094d4 40a85813 srai             x16, x16, 0x40a     x16=00000000 x16:0000000e
27012158ns          467956 1c0094d8 03c50533 mul              x10, x10, x28       x10=fffffecc x10:ffffffea x28:0000000e
27012177ns          467957 1c0094dc 07015e03 lhu              x28, 112(x2)        x28=00000029  x2:100024d8  PA:10002548
27012237ns          467960 1c0094e0 01b60633 add              x12, x12, x27       x12=00000a6f x12:0000007b x27:000009f4
27012257ns          467961 1c0094e2 00980833 add              x16, x16, x9        x16=0000ffee x16:00000000  x9:0000ffee
27012277ns          467962 1c0094e4 06015d83 lhu              x27, 96(x2)         x27=00000085  x2:100024d8  PA:10002538
27012297ns          467963 1c0094e8 02812483 lw               x9, 40(x2)           x9=1c002ec8  x2:100024d8  PA:10002500
27012317ns          467964 1c0094ea 40afdf93 srai             x31, x31, 0x40a     x31=00000000 x31:000000c4
27012337ns          467965 1c0094ee 40a55513 srai             x10, x10, 0x40a     x10=ffffffff x10:fffffecc
27012356ns          467966 1c0094f0 01cf8fb3 add              x31, x31, x28       x31=00000029 x31:00000000 x28:00000029
27012376ns          467967 1c0094f2 00b50533 add              x10, x10, x11       x10=0000ffce x10:ffffffff x11:0000ffcf
27012396ns          467968 1c0094f4 09015e03 lhu              x28, 144(x2)        x28=0000ff9a  x2:100024d8  PA:10002568
27012416ns          467969 1c0094f8 03012583 lw               x11, 48(x2)         x11=1c002ed8  x2:100024d8  PA:10002508
27012436ns          467970 1c0094fa 00c49023 sh               x12, 0(x9)          x12:00000a6f  x9:1c002ec8  PA:1c002ec8
27012774ns          467987 1c0094fe 01b888b3 add              x17, x17, x27       x17=00000086 x17:00000001 x27:00000085
27012794ns          467988 1c009500 01a30333 add              x6, x6, x26          x6=00000204  x6:0000000e x26:000001f6
27012814ns          467989 1c009502 08015d83 lhu              x27, 128(x2)        x27=0000000e  x2:100024d8  PA:10002558
27012834ns          467990 1c009506 0000d903 lhu              x18, 0(x1)          x18=0000ff74  x1:1c002e88  PA:1c002e88
27013152ns          468006 1c00950a 01c686b3 add              x13, x13, x28       x13=0000ff9b x13:00000001 x28:0000ff9a
27013172ns          468007 1c00950c 00659023 sh               x6, 0(x11)           x6:00000204 x11:1c002ed8  PA:1c002ed8
27013490ns          468023 1c009510 40af5f13 srai             x30, x30, 0x40a     x30=00000000 x30:0000000e
27013510ns          468024 1c009514 04812e03 lw               x28, 72(x2)         x28=1c002f08  x2:100024d8  PA:10002520
27013530ns          468025 1c009516 01bf0f33 add              x30, x30, x27       x30=0000000e x30:00000000 x27:0000000e
27013550ns          468026 1c009518 40aede93 srai             x29, x29, 0x40a     x29=00000000 x29:0000007b
27013570ns          468027 1c00951c 40a75713 srai             x14, x14, 0x40a     x14=fffffffd x14:fffff56e
27013589ns          468028 1c00951e 03812603 lw               x12, 56(x2)         x12=1c002ee8  x2:100024d8  PA:10002510
27013609ns          468029 1c009520 04012d83 lw               x27, 64(x2)         x27=1c002ef8  x2:100024d8  PA:10002518
27013629ns          468030 1c009522 01ee1023 sh               x30, 0(x28)         x30:0000000e x28:1c002f08  PA:1c002f08
27013947ns          468046 1c009526 05812483 lw               x9, 88(x2)           x9=1c002e68  x2:100024d8  PA:10002530
27013967ns          468047 1c009528 05012f03 lw               x30, 80(x2)         x30=1c002e78  x2:100024d8  PA:10002528
27013987ns          468048 1c00952a 0a012583 lw               x11, 160(x2)        x11=1c002e98  x2:100024d8  PA:10002578
27014007ns          468049 1c00952c 014787b3 add              x15, x15, x20       x15=0001fdb8 x15:0000ffea x20:0000fdce
27014027ns          468050 1c00952e 013e8eb3 add              x29, x29, x19       x29=0000ffdc x29:00000000 x19:0000ffdc
27014047ns          468051 1c009530 01270733 add              x14, x14, x18       x14=0000ff71 x14:fffffffd x18:0000ff74
27014067ns          468052 1c009532 00f49023 sh               x15, 0(x9)          x15:0001fdb8  x9:1c002e68  PA:1c002e68
27014385ns          468068 1c009536 01161023 sh               x17, 0(x12)         x17:00000086 x12:1c002ee8  PA:1c002ee8
27014703ns          468084 1c00953a 01fd9023 sh               x31, 0(x27)         x31:00000029 x27:1c002ef8  PA:1c002ef8
27015021ns          468100 1c00953e 00df1023 sh               x13, 0(x30)         x13:0000ff9b x30:1c002e78  PA:1c002e78
27015360ns          468117 1c009542 01d59023 sh               x29, 0(x11)         x29:0000ffdc x11:1c002e98  PA:1c002e98
27015678ns          468133 1c009546 00e09023 sh               x14, 0(x1)          x14:0000ff71  x1:1c002e88  PA:1c002e88
27015996ns          468149 1c00954a 01039023 sh               x16, 0(x7)          x16:0000ffee  x7:1c002eb8  PA:1c002eb8
27016314ns          468165 1c00954e 00a29023 sh               x10, 0(x5)          x10:0000ffce  x5:1c002ea8  PA:1c002ea8
27016632ns          468181 1c009552 008b0b13 addi             x22, x22, 8         x22=000000cc x22:000000c4
27016652ns          468182 1c009554 1f300793 addi             x15, x0, 499        x15=000001f3
27016672ns          468183 1c009558 e767dae3 bge              x15, x22, -396      x15:000001f3 x22:000000cc
27016772ns          468188 1c0093cc 010c9a0b p.lh             x20, 16(x25!)       x20=fffffde5 x25=1c002830 x25:1c002820  PA:1c002820
27017090ns          468204 1c0093d0 0104198b p.lh             x19, 16(x8!)        x19=000000db  x8=1c001ff8  x8:1c001fe8  PA:1c001fe8
27017388ns          468219 1c0093d4 2cc10513 addi             x10, x2, 716        x10=100027a4  x2:100024d8
27017408ns          468220 1c0093d6 010a990b p.lh             x18, 16(x21!)       x18=fffffe1c x21=1c001824 x21:1c001814  PA:1c001814
27017746ns          468237 1c0093da 010b948b p.lh             x9, 16(x23!)         x9=00000126 x23=1c001054 x23:1c001044  PA:1c001044
27018084ns          468254 1c0093de 2d411623 sh               x20, 716(x2)        x20:fffffde5  x2:100024d8  PA:100027a4
27018104ns          468255 1c0093e2 2d311723 sh               x19, 718(x2)        x19:000000db  x2:100024d8  PA:100027a6
27018124ns          468256 1c0093e6 c33ff0ef jal              x1, -974             x1=1c0093e8
27018204ns          468260 1c009018 00051803 lh               x16, 0(x10)         x16=fffffde5 x10:100027a4  PA:100027a4
27018243ns          468262 1c00901c 00251883 lh               x17, 2(x10)         x17=000000db x10:100027a4  PA:100027a6
27018303ns          468265 1c009020 030806b3 mul              x13, x16, x16       x13=00046ed9 x16:fffffde5 x16:fffffde5
27018343ns          468267 1c009024 03188633 mul              x12, x17, x17       x12=0000bb59 x17:000000db x17:000000db
27018363ns          468268 1c009028 40a65613 srai             x12, x12, 0x40a     x12=0000002e x12:0000bb59
27018382ns          468269 1c00902a 40a6d693 srai             x13, x13, 0x40a     x13=0000011b x13:00046ed9
27018402ns          468270 1c00902c 00c686b3 add              x13, x13, x12       x13=00000149 x13:0000011b x12:0000002e
27018422ns          468271 1c00902e 1006c633 p.exths          x12, x13, x0        x12=00000149 x13:00000149
27018442ns          468272 1c009032 00855703 lhu              x14, 8(x10)         x14=0000ffd1 x10:100027a4  PA:100027ac
27018462ns          468273 1c009036 00a55683 lhu              x13, 10(x10)        x13=0000ff6a x10:100027a4  PA:100027ae
27018482ns          468274 1c00903a 02c60333 mul              x6, x12, x12         x6=0001a6d1 x12:00000149 x12:00000149
27018522ns          468276 1c00903e 00c55783 lhu              x15, 12(x10)        x15=0000ffe5 x10:100027a4  PA:100027b0
27018561ns          468278 1c009042 00e55583 lhu              x11, 14(x10)        x11=00000060 x10:100027a4  PA:100027b2
27018581ns          468279 1c009046 dea30333 p.extract        x6, x6, 15, 10       x6=00000069  x6:0001a6d1
27018601ns          468280 1c00904a 80c7075b p.muls           x14, x14, x12       x14=ffffc399 x14:0000ffd1 x12:00000149
27018621ns          468281 1c00904e 80c686db p.muls           x13, x13, x12       x13=ffff3f3a x13:0000ff6a x12:00000149
27018641ns          468282 1c009052 00455e83 lhu              x29, 4(x10)         x29=00000427 x10:100027a4  PA:100027a8
27018661ns          468283 1c009056 00655e03 lhu              x28, 6(x10)         x28=0000007f x10:100027a4  PA:100027aa
27018681ns          468284 1c00905a 40a75713 srai             x14, x14, 0x40a     x14=fffffff0 x14:ffffc399
27018701ns          468285 1c00905c 806787db p.muls           x15, x15, x6        x15=fffff4ed x15:0000ffe5  x6:00000069
27018740ns          468287 1c009060 40a6d693 srai             x13, x13, 0x40a     x13=ffffffcf x13:ffff3f3a
27018780ns          468289 1c009062 8065865b p.muls           x12, x11, x6        x12=00002760 x11:00000060  x6:00000069
27018800ns          468290 1c009066 40a7d793 srai             x15, x15, 0x40a     x15=fffffffd x15:fffff4ed
27018820ns          468291 1c009068 40a65613 srai             x12, x12, 0x40a     x12=00000009 x12:00002760
27018840ns          468292 1c00906a 01d70733 add              x14, x14, x29       x14=00000417 x14:fffffff0 x29:00000427
27018860ns          468293 1c00906c 01c686b3 add              x13, x13, x28       x13=0000004e x13:ffffffcf x28:0000007f
27018880ns          468294 1c00906e 00c686b3 add              x13, x13, x12       x13=00000057 x13:0000004e x12:00000009
27018900ns          468295 1c009070 00f70733 add              x14, x14, x15       x14=00000414 x14:00000417 x15:fffffffd
27018919ns          468296 1c009072 100747b3 p.exths          x15, x14, x0        x15=00000414 x14:00000414
27018939ns          468297 1c009076 1006c733 p.exths          x14, x13, x0        x14=00000057 x13:00000057
27018959ns          468298 1c00907a 03170633 mul              x12, x14, x17       x12=00004a6d x14:00000057 x17:000000db
27018979ns          468299 1c00907e 030786b3 mul              x13, x15, x16       x13=fff769e4 x15:00000414 x16:fffffde5
27018999ns          468300 1c009082 03070733 mul              x14, x14, x16       x14=ffff48d3 x14:00000057 x16:fffffde5
27019019ns          468301 1c009086 031787b3 mul              x15, x15, x17       x15=00037d1c x15:00000414 x17:000000db
27019039ns          468302 1c00908a 40a6d693 srai             x13, x13, 0x40a     x13=fffffdda x13:fff769e4
27019059ns          468303 1c00908c 40a65613 srai             x12, x12, 0x40a     x12=00000012 x12:00004a6d
27019079ns          468304 1c00908e 40a7d793 srai             x15, x15, 0x40a     x15=000000df x15:00037d1c
27019098ns          468305 1c009090 40a75713 srai             x14, x14, 0x40a     x14=ffffffd2 x14:ffff48d3
27019118ns          468306 1c009092 40c686b3 sub              x13, x13, x12       x13=fffffdc8 x13:fffffdda x12:00000012
27019138ns          468307 1c009094 00e787b3 add              x15, x15, x14       x15=000000b1 x15:000000df x14:ffffffd2
27019158ns          468308 1c009096 00d51823 sh               x13, 16(x10)        x13:fffffdc8 x10:100027a4  PA:100027b4
27019198ns          468310 1c00909a 00f51923 sh               x15, 18(x10)        x15:000000b1 x10:100027a4  PA:100027b6
27019238ns          468312 1c00909e 00008067 jalr             x0, x1, 0            x1:1c0093e8
27019258ns          468313 1c0093e8 2dc15583 lhu              x11, 732(x2)        x11=0000fdc8  x2:100024d8  PA:100027b4
27019277ns          468314 1c0093ec 2de15783 lhu              x15, 734(x2)        x15=000000b1  x2:100024d8  PA:100027b6
27019297ns          468315 1c0093f0 40b90933 sub              x18, x18, x11       x18=ffff0054 x18:fffffe1c x11:0000fdc8
27019317ns          468316 1c0093f4 40f484b3 sub              x9, x9, x15          x9=00000075  x9:00000126 x15:000000b1
27019337ns          468317 1c0093f6 100945b3 p.exths          x11, x18, x0        x11=00000054 x18:ffff0054
27019357ns          468318 1c0093fa 1004c7b3 p.exths          x15, x9, x0         x15=00000075  x9:00000075
27019377ns          468319 1c0093fe 034586b3 mul              x13, x11, x20       x13=ffff4f24 x11:00000054 x20:fffffde5
27019397ns          468320 1c009402 03378533 mul              x10, x15, x19       x10=00006417 x15:00000075 x19:000000db
27019417ns          468321 1c009406 034a0633 mul              x12, x20, x20       x12=00046ed9 x20:fffffde5 x20:fffffde5
27019437ns          468322 1c00940a 03398733 mul              x14, x19, x19       x14=0000bb59 x19:000000db x19:000000db
27019456ns          468323 1c00940e 034787b3 mul              x15, x15, x20       x15=ffff09a9 x15:00000075 x20:fffffde5
27019476ns          468324 1c009412 033585b3 mul              x11, x11, x19       x11=000047dc x11:00000054 x19:000000db
27019496ns          468325 1c009416 40a75713 srai             x14, x14, 0x40a     x14=0000002e x14:0000bb59
27019516ns          468326 1c009418 40a5d593 srai             x11, x11, 0x40a     x11=00000011 x11:000047dc
27019536ns          468327 1c00941a 40a65613 srai             x12, x12, 0x40a     x12=0000011b x12:00046ed9
27019556ns          468328 1c00941c 40a7d793 srai             x15, x15, 0x40a     x15=ffffffc2 x15:ffff09a9
27019576ns          468329 1c00941e 1c0034b7 lui              x9, 0x1c003000       x9=1c003000
27019596ns          468330 1c009422 00e60633 add              x12, x12, x14       x12=00000149 x12:0000011b x14:0000002e
27019616ns          468331 1c009424 40b787b3 sub              x15, x15, x11       x15=ffffffb1 x15:ffffffc2 x11:00000011
27019635ns          468332 1c009426 eb048493 addi             x9, x9, -336         x9=1c002eb0  x9:1c003000
27019655ns          468333 1c00942a 1c0032b7 lui              x5, 0x1c003000       x5=1c003000
27019675ns          468334 1c00942e 1c0035b7 lui              x11, 0x1c003000     x11=1c003000
27019695ns          468335 1c009432 018483b3 add              x7, x9, x24          x7=1c002eb8  x9:1c002eb0 x24:00000008
27019715ns          468336 1c009436 02812e83 lw               x29, 40(x2)         x29=1c002ec8  x2:100024d8  PA:10002500
27019735ns          468337 1c009438 10065633 p.exthz          x12, x12, x0        x12=00000149 x12:00000149
27019755ns          468338 1c00943c e8028293 addi             x5, x5, -384         x5=1c002e80  x5:1c003000
27019775ns          468339 1c009440 ea058593 addi             x11, x11, -352      x11=1c002ea0 x11:1c003000
27019795ns          468340 1c009444 03812483 lw               x9, 56(x2)           x9=1c002ee8  x2:100024d8  PA:10002510
27019814ns          468341 1c009446 10064733 p.exths          x14, x12, x0        x14=00000149 x12:00000149
27019834ns          468342 1c00944a 018280b3 add              x1, x5, x24          x1=1c002e88  x5:1c002e80 x24:00000008
27019854ns          468343 1c00944e 03012f03 lw               x30, 48(x2)         x30=1c002ed8  x2:100024d8  PA:10002508
27019874ns          468344 1c009450 018582b3 add              x5, x11, x24         x5=1c002ea8 x11:1c002ea0 x24:00000008
27019894ns          468345 1c009454 04012583 lw               x11, 64(x2)         x11=1c002ef8  x2:100024d8  PA:10002518
27019914ns          468346 1c009456 000edd83 lhu              x27, 0(x29)         x27=00000a6f x29:1c002ec8  PA:1c002ec8
27020212ns          468361 1c00945a 0004d483 lhu              x9, 0(x9)            x9=00000086  x9:1c002ee8  PA:1c002ee8
27020511ns          468376 1c00945e 02e70333 mul              x6, x14, x14         x6=0001a6d1 x14:00000149 x14:00000149
27020530ns          468377 1c009462 40a55513 srai             x10, x10, 0x40a     x10=00000019 x10:00006417
27020550ns          468378 1c009464 04812e83 lw               x29, 72(x2)         x29=1c002f08  x2:100024d8  PA:10002520
27020570ns          468379 1c009466 40a6d693 srai             x13, x13, 0x40a     x13=ffffffd3 x13:ffff4f24
27020590ns          468380 1c009468 000f5d03 lhu              x26, 0(x30)         x26=00000204 x30:1c002ed8  PA:1c002ed8
27020948ns          468398 1c00946c 0005d583 lhu              x11, 0(x11)         x11=00000029 x11:1c002ef8  PA:1c002ef8
27021306ns          468416 1c009470 40a35313 srai             x6, x6, 0x40a        x6=00000069  x6:0001a6d1
27021326ns          468417 1c009474 00a686b3 add              x13, x13, x10       x13=ffffffec x13:ffffffd3 x10:00000019
27021346ns          468418 1c009476 05012f03 lw               x30, 80(x2)         x30=1c002e78  x2:100024d8  PA:10002528
27021366ns          468419 1c009478 10034e33 p.exths          x28, x6, x0         x28=00000069  x6:00000069
27021386ns          468420 1c00947c 06911023 sh               x9, 96(x2)           x9:00000086  x2:100024d8  PA:10002538
27021405ns          468421 1c009480 000ede83 lhu              x29, 0(x29)         x29=0000000e x29:1c002f08  PA:1c002f08
27021744ns          468438 1c009484 05812483 lw               x9, 88(x2)           x9=1c002e68  x2:100024d8  PA:10002530
27021763ns          468439 1c009486 1006d6b3 p.exthz          x13, x13, x0        x13=0000ffec x13:ffffffec
27021783ns          468440 1c00948a 02ee08b3 mul              x17, x28, x14       x17=000086f1 x28:00000069 x14:00000149
27021803ns          468441 1c00948e 1006c833 p.exths          x16, x13, x0        x16=ffffffec x13:0000ffec
27021823ns          468442 1c009492 06b11823 sh               x11, 112(x2)        x11:00000029  x2:100024d8  PA:10002548
27021843ns          468443 1c009496 000f5f03 lhu              x30, 0(x30)         x30=0000ff9b x30:1c002e78  PA:1c002e78
27022161ns          468459 1c00949a 0a012583 lw               x11, 160(x2)        x11=1c002e98  x2:100024d8  PA:10002578
27022181ns          468460 1c00949c 1007d7b3 p.exthz          x15, x15, x0        x15=0000ffb1 x15:ffffffb1
27022201ns          468461 1c0094a0 0004da03 lhu              x20, 0(x9)          x20=0000fdb8  x9:1c002e68  PA:1c002e68
27022499ns          468476 1c0094a4 1007c533 p.exths          x10, x15, x0        x10=ffffffb1 x15:0000ffb1
27022519ns          468477 1c0094a8 09d11023 sh               x29, 128(x2)        x29:0000000e  x2:100024d8  PA:10002558
27022539ns          468478 1c0094ac 0003d483 lhu              x9, 0(x7)            x9=0000ffee  x7:1c002eb8  PA:1c002eb8
27022857ns          468494 1c0094b0 02e80eb3 mul              x29, x16, x14       x29=ffffe64c x16:ffffffec x14:00000149
27022877ns          468495 1c0094b4 40a8d893 srai             x17, x17, 0x40a     x17=00000021 x17:000086f1
27022897ns          468496 1c0094b8 03c80833 mul              x16, x16, x28       x16=fffff7cc x16:ffffffec x28:00000069
27022917ns          468497 1c0094bc 09e11823 sh               x30, 144(x2)        x30:0000ff9b  x2:100024d8  PA:10002568
27022937ns          468498 1c0094c0 0005d983 lhu              x19, 0(x11)         x19=0000ffdc x11:1c002e98  PA:1c002e98
27023295ns          468516 1c0094c4 81c88f5b p.muls           x30, x17, x28       x30=00000d89 x17:00000021 x28:00000069
27023315ns          468517 1c0094c8 0002d583 lhu              x11, 0(x5)          x11=0000ffce  x5:1c002ea8  PA:1c002ea8
27023613ns          468532 1c0094cc 03ce0fb3 mul              x31, x28, x28       x31=00002b11 x28:00000069 x28:00000069
27023633ns          468533 1c0094d0 02e50733 mul              x14, x10, x14       x14=ffff9a79 x10:ffffffb1 x14:00000149
27023653ns          468534 1c0094d4 40a85813 srai             x16, x16, 0x40a     x16=fffffffd x16:fffff7cc
27023673ns          468535 1c0094d8 03c50533 mul              x10, x10, x28       x10=ffffdf99 x10:ffffffb1 x28:00000069
27023693ns          468536 1c0094dc 07015e03 lhu              x28, 112(x2)        x28=00000029  x2:100024d8  PA:10002548
27023732ns          468538 1c0094e0 01b60633 add              x12, x12, x27       x12=00000bb8 x12:00000149 x27:00000a6f
27023752ns          468539 1c0094e2 00980833 add              x16, x16, x9        x16=0000ffeb x16:fffffffd  x9:0000ffee
27023772ns          468540 1c0094e4 06015d83 lhu              x27, 96(x2)         x27=00000086  x2:100024d8  PA:10002538
27023792ns          468541 1c0094e8 02812483 lw               x9, 40(x2)           x9=1c002ec8  x2:100024d8  PA:10002500
27023812ns          468542 1c0094ea 40afdf93 srai             x31, x31, 0x40a     x31=0000000a x31:00002b11
27023832ns          468543 1c0094ee 40a55513 srai             x10, x10, 0x40a     x10=fffffff7 x10:ffffdf99
27023852ns          468544 1c0094f0 01cf8fb3 add              x31, x31, x28       x31=00000033 x31:0000000a x28:00000029
27023872ns          468545 1c0094f2 00b50533 add              x10, x10, x11       x10=0000ffc5 x10:fffffff7 x11:0000ffce
27023891ns          468546 1c0094f4 09015e03 lhu              x28, 144(x2)        x28=0000ff9b  x2:100024d8  PA:10002568
27023911ns          468547 1c0094f8 03012583 lw               x11, 48(x2)         x11=1c002ed8  x2:100024d8  PA:10002508
27023931ns          468548 1c0094fa 00c49023 sh               x12, 0(x9)          x12:00000bb8  x9:1c002ec8  PA:1c002ec8
27024249ns          468564 1c0094fe 01b888b3 add              x17, x17, x27       x17=000000a7 x17:00000021 x27:00000086
27024269ns          468565 1c009500 01a30333 add              x6, x6, x26          x6=0000026d  x6:00000069 x26:00000204
27024289ns          468566 1c009502 08015d83 lhu              x27, 128(x2)        x27=0000000e  x2:100024d8  PA:10002558
27024309ns          468567 1c009506 0000d903 lhu              x18, 0(x1)          x18=0000ff71  x1:1c002e88  PA:1c002e88
27024607ns          468582 1c00950a 01c686b3 add              x13, x13, x28       x13=0001ff87 x13:0000ffec x28:0000ff9b
27024627ns          468583 1c00950c 00659023 sh               x6, 0(x11)           x6:0000026d x11:1c002ed8  PA:1c002ed8
27024985ns          468601 1c009510 40af5f13 srai             x30, x30, 0x40a     x30=00000003 x30:00000d89
27025005ns          468602 1c009514 04812e03 lw               x28, 72(x2)         x28=1c002f08  x2:100024d8  PA:10002520
27025025ns          468603 1c009516 01bf0f33 add              x30, x30, x27       x30=00000011 x30:00000003 x27:0000000e
27025045ns          468604 1c009518 40aede93 srai             x29, x29, 0x40a     x29=fffffff9 x29:ffffe64c
27025065ns          468605 1c00951c 40a75713 srai             x14, x14, 0x40a     x14=ffffffe6 x14:ffff9a79
27025085ns          468606 1c00951e 03812603 lw               x12, 56(x2)         x12=1c002ee8  x2:100024d8  PA:10002510
27025105ns          468607 1c009520 04012d83 lw               x27, 64(x2)         x27=1c002ef8  x2:100024d8  PA:10002518
27025125ns          468608 1c009522 01ee1023 sh               x30, 0(x28)         x30:00000011 x28:1c002f08  PA:1c002f08
27025443ns          468624 1c009526 05812483 lw               x9, 88(x2)           x9=1c002e68  x2:100024d8  PA:10002530
27025463ns          468625 1c009528 05012f03 lw               x30, 80(x2)         x30=1c002e78  x2:100024d8  PA:10002528
27025483ns          468626 1c00952a 0a012583 lw               x11, 160(x2)        x11=1c002e98  x2:100024d8  PA:10002578
27025502ns          468627 1c00952c 014787b3 add              x15, x15, x20       x15=0001fd69 x15:0000ffb1 x20:0000fdb8
27025522ns          468628 1c00952e 013e8eb3 add              x29, x29, x19       x29=0000ffd5 x29:fffffff9 x19:0000ffdc
27025542ns          468629 1c009530 01270733 add              x14, x14, x18       x14=0000ff57 x14:ffffffe6 x18:0000ff71
27025562ns          468630 1c009532 00f49023 sh               x15, 0(x9)          x15:0001fd69  x9:1c002e68  PA:1c002e68
27025900ns          468647 1c009536 01161023 sh               x17, 0(x12)         x17:000000a7 x12:1c002ee8  PA:1c002ee8
27026218ns          468663 1c00953a 01fd9023 sh               x31, 0(x27)         x31:00000033 x27:1c002ef8  PA:1c002ef8
27026537ns          468679 1c00953e 00df1023 sh               x13, 0(x30)         x13:0001ff87 x30:1c002e78  PA:1c002e78
27026855ns          468695 1c009542 01d59023 sh               x29, 0(x11)         x29:0000ffd5 x11:1c002e98  PA:1c002e98
27027173ns          468711 1c009546 00e09023 sh               x14, 0(x1)          x14:0000ff57  x1:1c002e88  PA:1c002e88
27027491ns          468727 1c00954a 01039023 sh               x16, 0(x7)          x16:0000ffeb  x7:1c002eb8  PA:1c002eb8
27027809ns          468743 1c00954e 00a29023 sh               x10, 0(x5)          x10:0000ffc5  x5:1c002ea8  PA:1c002ea8
27028128ns          468759 1c009552 008b0b13 addi             x22, x22, 8         x22=000000d4 x22:000000cc
27028148ns          468760 1c009554 1f300793 addi             x15, x0, 499        x15=000001f3
27028167ns          468761 1c009558 e767dae3 bge              x15, x22, -396      x15:000001f3 x22:000000d4
27028227ns          468764 1c0093cc 010c9a0b p.lh             x20, 16(x25!)       x20=00000067 x25=1c002840 x25:1c002830  PA:1c002830
27028585ns          468782 1c0093d0 0104198b p.lh             x19, 16(x8!)        x19=00000200  x8=1c002008  x8:1c001ff8  PA:1c001ff8
27028883ns          468797 1c0093d4 2cc10513 addi             x10, x2, 716        x10=100027a4  x2:100024d8
27028903ns          468798 1c0093d6 010a990b p.lh             x18, 16(x21!)       x18=000000b1 x21=1c001834 x21:1c001824  PA:1c001824
27029202ns          468813 1c0093da 010b948b p.lh             x9, 16(x23!)         x9=000001df x23=1c001064 x23:1c001054  PA:1c001054
27029500ns          468828 1c0093de 2d411623 sh               x20, 716(x2)        x20:00000067  x2:100024d8  PA:100027a4
27029560ns          468831 1c0093e2 2d311723 sh               x19, 718(x2)        x19:00000200  x2:100024d8  PA:100027a6
27029619ns          468834 1c0093e6 c33ff0ef jal              x1, -974             x1=1c0093e8
27029639ns          468835 1c009018 00051803 lh               x16, 0(x10)         x16=00000067 x10:100027a4  PA:100027a4
27029679ns          468837 1c00901c 00251883 lh               x17, 2(x10)         x17=00000200 x10:100027a4  PA:100027a6
27029699ns          468838 1c009020 030806b3 mul              x13, x16, x16       x13=00002971 x16:00000067 x16:00000067
27029719ns          468839 1c009024 03188633 mul              x12, x17, x17       x12=00040000 x17:00000200 x17:00000200
27029739ns          468840 1c009028 40a65613 srai             x12, x12, 0x40a     x12=00000100 x12:00040000
27029758ns          468841 1c00902a 40a6d693 srai             x13, x13, 0x40a     x13=0000000a x13:00002971
27029778ns          468842 1c00902c 00c686b3 add              x13, x13, x12       x13=0000010a x13:0000000a x12:00000100
27029798ns          468843 1c00902e 1006c633 p.exths          x12, x13, x0        x12=0000010a x13:0000010a
27029818ns          468844 1c009032 00855703 lhu              x14, 8(x10)         x14=0000ffd1 x10:100027a4  PA:100027ac
27029838ns          468845 1c009036 00a55683 lhu              x13, 10(x10)        x13=0000ff6a x10:100027a4  PA:100027ae
27029858ns          468846 1c00903a 02c60333 mul              x6, x12, x12         x6=00011464 x12:0000010a x12:0000010a
27029918ns          468849 1c00903e 00c55783 lhu              x15, 12(x10)        x15=0000ffe5 x10:100027a4  PA:100027b0
27029977ns          468852 1c009042 00e55583 lhu              x11, 14(x10)        x11=00000060 x10:100027a4  PA:100027b2
27029997ns          468853 1c009046 dea30333 p.extract        x6, x6, 15, 10       x6=00000045  x6:00011464
27030017ns          468854 1c00904a 80c7075b p.muls           x14, x14, x12       x14=ffffcf2a x14:0000ffd1 x12:0000010a
27030037ns          468855 1c00904e 80c686db p.muls           x13, x13, x12       x13=ffff6424 x13:0000ff6a x12:0000010a
27030057ns          468856 1c009052 00455e83 lhu              x29, 4(x10)         x29=00000427 x10:100027a4  PA:100027a8
27030077ns          468857 1c009056 00655e03 lhu              x28, 6(x10)         x28=0000007f x10:100027a4  PA:100027aa
27030097ns          468858 1c00905a 40a75713 srai             x14, x14, 0x40a     x14=fffffff3 x14:ffffcf2a
27030116ns          468859 1c00905c 806787db p.muls           x15, x15, x6        x15=fffff8b9 x15:0000ffe5  x6:00000045
27030136ns          468860 1c009060 40a6d693 srai             x13, x13, 0x40a     x13=ffffffd9 x13:ffff6424
27030176ns          468862 1c009062 8065865b p.muls           x12, x11, x6        x12=000019e0 x11:00000060  x6:00000045
27030196ns          468863 1c009066 40a7d793 srai             x15, x15, 0x40a     x15=fffffffe x15:fffff8b9
27030216ns          468864 1c009068 40a65613 srai             x12, x12, 0x40a     x12=00000006 x12:000019e0
27030236ns          468865 1c00906a 01d70733 add              x14, x14, x29       x14=0000041a x14:fffffff3 x29:00000427
27030256ns          468866 1c00906c 01c686b3 add              x13, x13, x28       x13=00000058 x13:ffffffd9 x28:0000007f
27030276ns          468867 1c00906e 00c686b3 add              x13, x13, x12       x13=0000005e x13:00000058 x12:00000006
27030295ns          468868 1c009070 00f70733 add              x14, x14, x15       x14=00000418 x14:0000041a x15:fffffffe
27030315ns          468869 1c009072 100747b3 p.exths          x15, x14, x0        x15=00000418 x14:00000418
27030335ns          468870 1c009076 1006c733 p.exths          x14, x13, x0        x14=0000005e x13:0000005e
27030355ns          468871 1c00907a 03170633 mul              x12, x14, x17       x12=0000bc00 x14:0000005e x17:00000200
27030375ns          468872 1c00907e 030786b3 mul              x13, x15, x16       x13=0001a5a8 x15:00000418 x16:00000067
27030395ns          468873 1c009082 03070733 mul              x14, x14, x16       x14=000025d2 x14:0000005e x16:00000067
27030415ns          468874 1c009086 031787b3 mul              x15, x15, x17       x15=00083000 x15:00000418 x17:00000200
27030435ns          468875 1c00908a 40a6d693 srai             x13, x13, 0x40a     x13=00000069 x13:0001a5a8
27030455ns          468876 1c00908c 40a65613 srai             x12, x12, 0x40a     x12=0000002f x12:0000bc00
27030474ns          468877 1c00908e 40a7d793 srai             x15, x15, 0x40a     x15=0000020c x15:00083000
27030494ns          468878 1c009090 40a75713 srai             x14, x14, 0x40a     x14=00000009 x14:000025d2
27030514ns          468879 1c009092 40c686b3 sub              x13, x13, x12       x13=0000003a x13:00000069 x12:0000002f
27030534ns          468880 1c009094 00e787b3 add              x15, x15, x14       x15=00000215 x15:0000020c x14:00000009
27030554ns          468881 1c009096 00d51823 sh               x13, 16(x10)        x13:0000003a x10:100027a4  PA:100027b4
27030614ns          468884 1c00909a 00f51923 sh               x15, 18(x10)        x15:00000215 x10:100027a4  PA:100027b6
27030634ns          468885 1c00909e 00008067 jalr             x0, x1, 0            x1:1c0093e8
27030673ns          468887 1c0093e8 2dc15583 lhu              x11, 732(x2)        x11=0000003a  x2:100024d8  PA:100027b4
27030693ns          468888 1c0093ec 2de15783 lhu              x15, 734(x2)        x15=00000215  x2:100024d8  PA:100027b6
27030713ns          468889 1c0093f0 40b90933 sub              x18, x18, x11       x18=00000077 x18:000000b1 x11:0000003a
27030733ns          468890 1c0093f4 40f484b3 sub              x9, x9, x15          x9=ffffffca  x9:000001df x15:00000215
27030753ns          468891 1c0093f6 100945b3 p.exths          x11, x18, x0        x11=00000077 x18:00000077
27030773ns          468892 1c0093fa 1004c7b3 p.exths          x15, x9, x0         x15=ffffffca  x9:ffffffca
27030793ns          468893 1c0093fe 034586b3 mul              x13, x11, x20       x13=00002fe1 x11:00000077 x20:00000067
27030812ns          468894 1c009402 03378533 mul              x10, x15, x19       x10=ffff9400 x15:ffffffca x19:00000200
27030832ns          468895 1c009406 034a0633 mul              x12, x20, x20       x12=00002971 x20:00000067 x20:00000067
27030852ns          468896 1c00940a 03398733 mul              x14, x19, x19       x14=00040000 x19:00000200 x19:00000200
27030872ns          468897 1c00940e 034787b3 mul              x15, x15, x20       x15=ffffea46 x15:ffffffca x20:00000067
27030892ns          468898 1c009412 033585b3 mul              x11, x11, x19       x11=0000ee00 x11:00000077 x19:00000200
27030912ns          468899 1c009416 40a75713 srai             x14, x14, 0x40a     x14=00000100 x14:00040000
27030932ns          468900 1c009418 40a5d593 srai             x11, x11, 0x40a     x11=0000003b x11:0000ee00
27030952ns          468901 1c00941a 40a65613 srai             x12, x12, 0x40a     x12=0000000a x12:00002971
27030972ns          468902 1c00941c 40a7d793 srai             x15, x15, 0x40a     x15=fffffffa x15:ffffea46
27030991ns          468903 1c00941e 1c0034b7 lui              x9, 0x1c003000       x9=1c003000
27031011ns          468904 1c009422 00e60633 add              x12, x12, x14       x12=0000010a x12:0000000a x14:00000100
27031031ns          468905 1c009424 40b787b3 sub              x15, x15, x11       x15=ffffffbf x15:fffffffa x11:0000003b
27031051ns          468906 1c009426 eb048493 addi             x9, x9, -336         x9=1c002eb0  x9:1c003000
27031071ns          468907 1c00942a 1c0032b7 lui              x5, 0x1c003000       x5=1c003000
27031091ns          468908 1c00942e 1c0035b7 lui              x11, 0x1c003000     x11=1c003000
27031111ns          468909 1c009432 018483b3 add              x7, x9, x24          x7=1c002eb8  x9:1c002eb0 x24:00000008
27031131ns          468910 1c009436 02812e83 lw               x29, 40(x2)         x29=1c002ec8  x2:100024d8  PA:10002500
27031151ns          468911 1c009438 10065633 p.exthz          x12, x12, x0        x12=0000010a x12:0000010a
27031170ns          468912 1c00943c e8028293 addi             x5, x5, -384         x5=1c002e80  x5:1c003000
27031190ns          468913 1c009440 ea058593 addi             x11, x11, -352      x11=1c002ea0 x11:1c003000
27031230ns          468915 1c009444 03812483 lw               x9, 56(x2)           x9=1c002ee8  x2:100024d8  PA:10002510
27031250ns          468916 1c009446 10064733 p.exths          x14, x12, x0        x14=0000010a x12:0000010a
27031270ns          468917 1c00944a 018280b3 add              x1, x5, x24          x1=1c002e88  x5:1c002e80 x24:00000008
27031290ns          468918 1c00944e 03012f03 lw               x30, 48(x2)         x30=1c002ed8  x2:100024d8  PA:10002508
27031310ns          468919 1c009450 018582b3 add              x5, x11, x24         x5=1c002ea8 x11:1c002ea0 x24:00000008
27031330ns          468920 1c009454 04012583 lw               x11, 64(x2)         x11=1c002ef8  x2:100024d8  PA:10002518
27031349ns          468921 1c009456 000edd83 lhu              x27, 0(x29)         x27=00000bb8 x29:1c002ec8  PA:1c002ec8
27031648ns          468936 1c00945a 0004d483 lhu              x9, 0(x9)            x9=000000a7  x9:1c002ee8  PA:1c002ee8
27031946ns          468951 1c00945e 02e70333 mul              x6, x14, x14         x6=00011464 x14:0000010a x14:0000010a
27031966ns          468952 1c009462 40a55513 srai             x10, x10, 0x40a     x10=ffffffe5 x10:ffff9400
27031986ns          468953 1c009464 04812e83 lw               x29, 72(x2)         x29=1c002f08  x2:100024d8  PA:10002520
27032006ns          468954 1c009466 40a6d693 srai             x13, x13, 0x40a     x13=0000000b x13:00002fe1
27032026ns          468955 1c009468 000f5d03 lhu              x26, 0(x30)         x26=0000026d x30:1c002ed8  PA:1c002ed8
27032344ns          468971 1c00946c 0005d583 lhu              x11, 0(x11)         x11=00000033 x11:1c002ef8  PA:1c002ef8
27032642ns          468986 1c009470 40a35313 srai             x6, x6, 0x40a        x6=00000045  x6:00011464
27032662ns          468987 1c009474 00a686b3 add              x13, x13, x10       x13=fffffff0 x13:0000000b x10:ffffffe5
27032682ns          468988 1c009476 05012f03 lw               x30, 80(x2)         x30=1c002e78  x2:100024d8  PA:10002528
27032702ns          468989 1c009478 10034e33 p.exths          x28, x6, x0         x28=00000045  x6:00000045
27032722ns          468990 1c00947c 06911023 sh               x9, 96(x2)           x9:000000a7  x2:100024d8  PA:10002538
27032742ns          468991 1c009480 000ede83 lhu              x29, 0(x29)         x29=00000011 x29:1c002f08  PA:1c002f08
27033040ns          469006 1c009484 05812483 lw               x9, 88(x2)           x9=1c002e68  x2:100024d8  PA:10002530
27033060ns          469007 1c009486 1006d6b3 p.exthz          x13, x13, x0        x13=0000fff0 x13:fffffff0
27033080ns          469008 1c00948a 02ee08b3 mul              x17, x28, x14       x17=000047b2 x28:00000045 x14:0000010a
27033100ns          469009 1c00948e 1006c833 p.exths          x16, x13, x0        x16=fffffff0 x13:0000fff0
27033120ns          469010 1c009492 06b11823 sh               x11, 112(x2)        x11:00000033  x2:100024d8  PA:10002548
27033139ns          469011 1c009496 000f5f03 lhu              x30, 0(x30)         x30=0000ff87 x30:1c002e78  PA:1c002e78
27033438ns          469026 1c00949a 0a012583 lw               x11, 160(x2)        x11=1c002e98  x2:100024d8  PA:10002578
27033458ns          469027 1c00949c 1007d7b3 p.exthz          x15, x15, x0        x15=0000ffbf x15:ffffffbf
27033477ns          469028 1c0094a0 0004da03 lhu              x20, 0(x9)          x20=0000fd69  x9:1c002e68  PA:1c002e68
27033796ns          469044 1c0094a4 1007c533 p.exths          x10, x15, x0        x10=ffffffbf x15:0000ffbf
27033816ns          469045 1c0094a8 09d11023 sh               x29, 128(x2)        x29:00000011  x2:100024d8  PA:10002558
27033835ns          469046 1c0094ac 0003d483 lhu              x9, 0(x7)            x9=0000ffeb  x7:1c002eb8  PA:1c002eb8
27034134ns          469061 1c0094b0 02e80eb3 mul              x29, x16, x14       x29=ffffef60 x16:fffffff0 x14:0000010a
27034154ns          469062 1c0094b4 40a8d893 srai             x17, x17, 0x40a     x17=00000011 x17:000047b2
27034174ns          469063 1c0094b8 03c80833 mul              x16, x16, x28       x16=fffffbb0 x16:fffffff0 x28:00000045
27034193ns          469064 1c0094bc 09e11823 sh               x30, 144(x2)        x30:0000ff87  x2:100024d8  PA:10002568
27034213ns          469065 1c0094c0 0005d983 lhu              x19, 0(x11)         x19=0000ffd5 x11:1c002e98  PA:1c002e98
27034571ns          469083 1c0094c4 81c88f5b p.muls           x30, x17, x28       x30=00000495 x17:00000011 x28:00000045
27034591ns          469084 1c0094c8 0002d583 lhu              x11, 0(x5)          x11=0000ffc5  x5:1c002ea8  PA:1c002ea8
27034909ns          469100 1c0094cc 03ce0fb3 mul              x31, x28, x28       x31=00001299 x28:00000045 x28:00000045
27034929ns          469101 1c0094d0 02e50733 mul              x14, x10, x14       x14=ffffbc76 x10:ffffffbf x14:0000010a
27034949ns          469102 1c0094d4 40a85813 srai             x16, x16, 0x40a     x16=fffffffe x16:fffffbb0
27034969ns          469103 1c0094d8 03c50533 mul              x10, x10, x28       x10=ffffee7b x10:ffffffbf x28:00000045
27034989ns          469104 1c0094dc 07015e03 lhu              x28, 112(x2)        x28=00000033  x2:100024d8  PA:10002548
27035009ns          469105 1c0094e0 01b60633 add              x12, x12, x27       x12=00000cc2 x12:0000010a x27:00000bb8
27035029ns          469106 1c0094e2 00980833 add              x16, x16, x9        x16=0000ffe9 x16:fffffffe  x9:0000ffeb
27035049ns          469107 1c0094e4 06015d83 lhu              x27, 96(x2)         x27=000000a7  x2:100024d8  PA:10002538
27035069ns          469108 1c0094e8 02812483 lw               x9, 40(x2)           x9=1c002ec8  x2:100024d8  PA:10002500
27035088ns          469109 1c0094ea 40afdf93 srai             x31, x31, 0x40a     x31=00000004 x31:00001299
27035108ns          469110 1c0094ee 40a55513 srai             x10, x10, 0x40a     x10=fffffffb x10:ffffee7b
27035128ns          469111 1c0094f0 01cf8fb3 add              x31, x31, x28       x31=00000037 x31:00000004 x28:00000033
27035148ns          469112 1c0094f2 00b50533 add              x10, x10, x11       x10=0000ffc0 x10:fffffffb x11:0000ffc5
27035168ns          469113 1c0094f4 09015e03 lhu              x28, 144(x2)        x28=0000ff87  x2:100024d8  PA:10002568
27035188ns          469114 1c0094f8 03012583 lw               x11, 48(x2)         x11=1c002ed8  x2:100024d8  PA:10002508
27035208ns          469115 1c0094fa 00c49023 sh               x12, 0(x9)          x12:00000cc2  x9:1c002ec8  PA:1c002ec8
27035606ns          469135 1c0094fe 01b888b3 add              x17, x17, x27       x17=000000b8 x17:00000011 x27:000000a7
27035625ns          469136 1c009500 01a30333 add              x6, x6, x26          x6=000002b2  x6:00000045 x26:0000026d
27035645ns          469137 1c009502 08015d83 lhu              x27, 128(x2)        x27=00000011  x2:100024d8  PA:10002558
27035665ns          469138 1c009506 0000d903 lhu              x18, 0(x1)          x18=0000ff57  x1:1c002e88  PA:1c002e88
27035963ns          469153 1c00950a 01c686b3 add              x13, x13, x28       x13=0001ff77 x13:0000fff0 x28:0000ff87
27035983ns          469154 1c00950c 00659023 sh               x6, 0(x11)           x6:000002b2 x11:1c002ed8  PA:1c002ed8
27036361ns          469173 1c009510 40af5f13 srai             x30, x30, 0x40a     x30=00000001 x30:00000495
27036381ns          469174 1c009514 04812e03 lw               x28, 72(x2)         x28=1c002f08  x2:100024d8  PA:10002520
27036401ns          469175 1c009516 01bf0f33 add              x30, x30, x27       x30=00000012 x30:00000001 x27:00000011
27036421ns          469176 1c009518 40aede93 srai             x29, x29, 0x40a     x29=fffffffb x29:ffffef60
27036441ns          469177 1c00951c 40a75713 srai             x14, x14, 0x40a     x14=ffffffef x14:ffffbc76
27036461ns          469178 1c00951e 03812603 lw               x12, 56(x2)         x12=1c002ee8  x2:100024d8  PA:10002510
27036481ns          469179 1c009520 04012d83 lw               x27, 64(x2)         x27=1c002ef8  x2:100024d8  PA:10002518
27036500ns          469180 1c009522 01ee1023 sh               x30, 0(x28)         x30:00000012 x28:1c002f08  PA:1c002f08
27036819ns          469196 1c009526 05812483 lw               x9, 88(x2)           x9=1c002e68  x2:100024d8  PA:10002530
27036839ns          469197 1c009528 05012f03 lw               x30, 80(x2)         x30=1c002e78  x2:100024d8  PA:10002528
27036858ns          469198 1c00952a 0a012583 lw               x11, 160(x2)        x11=1c002e98  x2:100024d8  PA:10002578
27036878ns          469199 1c00952c 014787b3 add              x15, x15, x20       x15=0001fd28 x15:0000ffbf x20:0000fd69
27036898ns          469200 1c00952e 013e8eb3 add              x29, x29, x19       x29=0000ffd0 x29:fffffffb x19:0000ffd5
27036918ns          469201 1c009530 01270733 add              x14, x14, x18       x14=0000ff46 x14:ffffffef x18:0000ff57
27036938ns          469202 1c009532 00f49023 sh               x15, 0(x9)          x15:0001fd28  x9:1c002e68  PA:1c002e68
27037296ns          469220 1c009536 01161023 sh               x17, 0(x12)         x17:000000b8 x12:1c002ee8  PA:1c002ee8
27037634ns          469237 1c00953a 01fd9023 sh               x31, 0(x27)         x31:00000037 x27:1c002ef8  PA:1c002ef8
27037952ns          469253 1c00953e 00df1023 sh               x13, 0(x30)         x13:0001ff77 x30:1c002e78  PA:1c002e78
27038270ns          469269 1c009542 01d59023 sh               x29, 0(x11)         x29:0000ffd0 x11:1c002e98  PA:1c002e98
27038589ns          469285 1c009546 00e09023 sh               x14, 0(x1)          x14:0000ff46  x1:1c002e88  PA:1c002e88
27038927ns          469302 1c00954a 01039023 sh               x16, 0(x7)          x16:0000ffe9  x7:1c002eb8  PA:1c002eb8
27039245ns          469318 1c00954e 00a29023 sh               x10, 0(x5)          x10:0000ffc0  x5:1c002ea8  PA:1c002ea8
27039563ns          469334 1c009552 008b0b13 addi             x22, x22, 8         x22=000000dc x22:000000d4
27039583ns          469335 1c009554 1f300793 addi             x15, x0, 499        x15=000001f3
27039603ns          469336 1c009558 e767dae3 bge              x15, x22, -396      x15:000001f3 x22:000000dc
27039702ns          469341 1c0093cc 010c9a0b p.lh             x20, 16(x25!)       x20=ffffff7d x25=1c002850 x25:1c002840  PA:1c002840
27040021ns          469357 1c0093d0 0104198b p.lh             x19, 16(x8!)        x19=ffffff7b  x8=1c002018  x8:1c002008  PA:1c002008
27040319ns          469372 1c0093d4 2cc10513 addi             x10, x2, 716        x10=100027a4  x2:100024d8
27040339ns          469373 1c0093d6 010a990b p.lh             x18, 16(x21!)       x18=ffffff80 x21=1c001844 x21:1c001834  PA:1c001834
27040657ns          469389 1c0093da 010b948b p.lh             x9, 16(x23!)         x9=ffffff83 x23=1c001074 x23:1c001064  PA:1c001064
27040995ns          469406 1c0093de 2d411623 sh               x20, 716(x2)        x20:ffffff7d  x2:100024d8  PA:100027a4
27041035ns          469408 1c0093e2 2d311723 sh               x19, 718(x2)        x19:ffffff7b  x2:100024d8  PA:100027a6
27041055ns          469409 1c0093e6 c33ff0ef jal              x1, -974             x1=1c0093e8
27041134ns          469413 1c009018 00051803 lh               x16, 0(x10)         x16=ffffff7d x10:100027a4  PA:100027a4
27041174ns          469415 1c00901c 00251883 lh               x17, 2(x10)         x17=ffffff7b x10:100027a4  PA:100027a6
27041194ns          469416 1c009020 030806b3 mul              x13, x16, x16       x13=00004309 x16:ffffff7d x16:ffffff7d
27041214ns          469417 1c009024 03188633 mul              x12, x17, x17       x12=00004519 x17:ffffff7b x17:ffffff7b
27041234ns          469418 1c009028 40a65613 srai             x12, x12, 0x40a     x12=00000011 x12:00004519
27041254ns          469419 1c00902a 40a6d693 srai             x13, x13, 0x40a     x13=00000010 x13:00004309
27041274ns          469420 1c00902c 00c686b3 add              x13, x13, x12       x13=00000021 x13:00000010 x12:00000011
27041293ns          469421 1c00902e 1006c633 p.exths          x12, x13, x0        x12=00000021 x13:00000021
27041313ns          469422 1c009032 00855703 lhu              x14, 8(x10)         x14=0000ffd1 x10:100027a4  PA:100027ac
27041333ns          469423 1c009036 00a55683 lhu              x13, 10(x10)        x13=0000ff6a x10:100027a4  PA:100027ae
27041353ns          469424 1c00903a 02c60333 mul              x6, x12, x12         x6=00000441 x12:00000021 x12:00000021
27041393ns          469426 1c00903e 00c55783 lhu              x15, 12(x10)        x15=0000ffe5 x10:100027a4  PA:100027b0
27041433ns          469428 1c009042 00e55583 lhu              x11, 14(x10)        x11=00000060 x10:100027a4  PA:100027b2
27041453ns          469429 1c009046 dea30333 p.extract        x6, x6, 15, 10       x6=00000001  x6:00000441
27041472ns          469430 1c00904a 80c7075b p.muls           x14, x14, x12       x14=fffff9f1 x14:0000ffd1 x12:00000021
27041532ns          469433 1c00904e 80c686db p.muls           x13, x13, x12       x13=ffffecaa x13:0000ff6a x12:00000021
27041572ns          469435 1c009052 00455e83 lhu              x29, 4(x10)         x29=00000427 x10:100027a4  PA:100027a8
27041592ns          469436 1c009056 00655e03 lhu              x28, 6(x10)         x28=0000007f x10:100027a4  PA:100027aa
27041612ns          469437 1c00905a 40a75713 srai             x14, x14, 0x40a     x14=fffffffe x14:fffff9f1
27041632ns          469438 1c00905c 806787db p.muls           x15, x15, x6        x15=ffffffe5 x15:0000ffe5  x6:00000001
27041651ns          469439 1c009060 40a6d693 srai             x13, x13, 0x40a     x13=fffffffb x13:ffffecaa
27041671ns          469440 1c009062 8065865b p.muls           x12, x11, x6        x12=00000060 x11:00000060  x6:00000001
27041691ns          469441 1c009066 40a7d793 srai             x15, x15, 0x40a     x15=ffffffff x15:ffffffe5
27041711ns          469442 1c009068 40a65613 srai             x12, x12, 0x40a     x12=00000000 x12:00000060
27041731ns          469443 1c00906a 01d70733 add              x14, x14, x29       x14=00000425 x14:fffffffe x29:00000427
27041751ns          469444 1c00906c 01c686b3 add              x13, x13, x28       x13=0000007a x13:fffffffb x28:0000007f
27041771ns          469445 1c00906e 00c686b3 add              x13, x13, x12       x13=0000007a x13:0000007a x12:00000000
27041791ns          469446 1c009070 00f70733 add              x14, x14, x15       x14=00000424 x14:00000425 x15:ffffffff
27041811ns          469447 1c009072 100747b3 p.exths          x15, x14, x0        x15=00000424 x14:00000424
27041830ns          469448 1c009076 1006c733 p.exths          x14, x13, x0        x14=0000007a x13:0000007a
27041850ns          469449 1c00907a 03170633 mul              x12, x14, x17       x12=ffffc09e x14:0000007a x17:ffffff7b
27041870ns          469450 1c00907e 030786b3 mul              x13, x15, x16       x13=fffde194 x15:00000424 x16:ffffff7d
27041890ns          469451 1c009082 03070733 mul              x14, x14, x16       x14=ffffc192 x14:0000007a x16:ffffff7d
27041910ns          469452 1c009086 031787b3 mul              x15, x15, x17       x15=fffdd94c x15:00000424 x17:ffffff7b
27041930ns          469453 1c00908a 40a6d693 srai             x13, x13, 0x40a     x13=ffffff78 x13:fffde194
27041950ns          469454 1c00908c 40a65613 srai             x12, x12, 0x40a     x12=fffffff0 x12:ffffc09e
27041970ns          469455 1c00908e 40a7d793 srai             x15, x15, 0x40a     x15=ffffff76 x15:fffdd94c
27041990ns          469456 1c009090 40a75713 srai             x14, x14, 0x40a     x14=fffffff0 x14:ffffc192
27042009ns          469457 1c009092 40c686b3 sub              x13, x13, x12       x13=ffffff88 x13:ffffff78 x12:fffffff0
27042029ns          469458 1c009094 00e787b3 add              x15, x15, x14       x15=ffffff66 x15:ffffff76 x14:fffffff0
27042049ns          469459 1c009096 00d51823 sh               x13, 16(x10)        x13:ffffff88 x10:100027a4  PA:100027b4
27042089ns          469461 1c00909a 00f51923 sh               x15, 18(x10)        x15:ffffff66 x10:100027a4  PA:100027b6
27042129ns          469463 1c00909e 00008067 jalr             x0, x1, 0            x1:1c0093e8
27042149ns          469464 1c0093e8 2dc15583 lhu              x11, 732(x2)        x11=0000ff88  x2:100024d8  PA:100027b4
27042169ns          469465 1c0093ec 2de15783 lhu              x15, 734(x2)        x15=0000ff66  x2:100024d8  PA:100027b6
27042188ns          469466 1c0093f0 40b90933 sub              x18, x18, x11       x18=fffefff8 x18:ffffff80 x11:0000ff88
27042208ns          469467 1c0093f4 40f484b3 sub              x9, x9, x15          x9=ffff001d  x9:ffffff83 x15:0000ff66
27042228ns          469468 1c0093f6 100945b3 p.exths          x11, x18, x0        x11=fffffff8 x18:fffefff8
27042248ns          469469 1c0093fa 1004c7b3 p.exths          x15, x9, x0         x15=0000001d  x9:ffff001d
27042268ns          469470 1c0093fe 034586b3 mul              x13, x11, x20       x13=00000418 x11:fffffff8 x20:ffffff7d
27042288ns          469471 1c009402 03378533 mul              x10, x15, x19       x10=fffff0ef x15:0000001d x19:ffffff7b
27042308ns          469472 1c009406 034a0633 mul              x12, x20, x20       x12=00004309 x20:ffffff7d x20:ffffff7d
27042328ns          469473 1c00940a 03398733 mul              x14, x19, x19       x14=00004519 x19:ffffff7b x19:ffffff7b
27042348ns          469474 1c00940e 034787b3 mul              x15, x15, x20       x15=fffff129 x15:0000001d x20:ffffff7d
27042367ns          469475 1c009412 033585b3 mul              x11, x11, x19       x11=00000428 x11:fffffff8 x19:ffffff7b
27042387ns          469476 1c009416 40a75713 srai             x14, x14, 0x40a     x14=00000011 x14:00004519
27042407ns          469477 1c009418 40a5d593 srai             x11, x11, 0x40a     x11=00000001 x11:00000428
27042427ns          469478 1c00941a 40a65613 srai             x12, x12, 0x40a     x12=00000010 x12:00004309
27042447ns          469479 1c00941c 40a7d793 srai             x15, x15, 0x40a     x15=fffffffc x15:fffff129
27042467ns          469480 1c00941e 1c0034b7 lui              x9, 0x1c003000       x9=1c003000
27042487ns          469481 1c009422 00e60633 add              x12, x12, x14       x12=00000021 x12:00000010 x14:00000011
27042507ns          469482 1c009424 40b787b3 sub              x15, x15, x11       x15=fffffffb x15:fffffffc x11:00000001
27042527ns          469483 1c009426 eb048493 addi             x9, x9, -336         x9=1c002eb0  x9:1c003000
27042546ns          469484 1c00942a 1c0032b7 lui              x5, 0x1c003000       x5=1c003000
27042566ns          469485 1c00942e 1c0035b7 lui              x11, 0x1c003000     x11=1c003000
27042586ns          469486 1c009432 018483b3 add              x7, x9, x24          x7=1c002eb8  x9:1c002eb0 x24:00000008
27042606ns          469487 1c009436 02812e83 lw               x29, 40(x2)         x29=1c002ec8  x2:100024d8  PA:10002500
27042626ns          469488 1c009438 10065633 p.exthz          x12, x12, x0        x12=00000021 x12:00000021
27042646ns          469489 1c00943c e8028293 addi             x5, x5, -384         x5=1c002e80  x5:1c003000
27042666ns          469490 1c009440 ea058593 addi             x11, x11, -352      x11=1c002ea0 x11:1c003000
27042686ns          469491 1c009444 03812483 lw               x9, 56(x2)           x9=1c002ee8  x2:100024d8  PA:10002510
27042706ns          469492 1c009446 10064733 p.exths          x14, x12, x0        x14=00000021 x12:00000021
27042725ns          469493 1c00944a 018280b3 add              x1, x5, x24          x1=1c002e88  x5:1c002e80 x24:00000008
27042745ns          469494 1c00944e 03012f03 lw               x30, 48(x2)         x30=1c002ed8  x2:100024d8  PA:10002508
27042765ns          469495 1c009450 018582b3 add              x5, x11, x24         x5=1c002ea8 x11:1c002ea0 x24:00000008
27042785ns          469496 1c009454 04012583 lw               x11, 64(x2)         x11=1c002ef8  x2:100024d8  PA:10002518
27042805ns          469497 1c009456 000edd83 lhu              x27, 0(x29)         x27=00000cc2 x29:1c002ec8  PA:1c002ec8
27043103ns          469512 1c00945a 0004d483 lhu              x9, 0(x9)            x9=000000b8  x9:1c002ee8  PA:1c002ee8
27043402ns          469527 1c00945e 02e70333 mul              x6, x14, x14         x6=00000441 x14:00000021 x14:00000021
27043421ns          469528 1c009462 40a55513 srai             x10, x10, 0x40a     x10=fffffffc x10:fffff0ef
27043441ns          469529 1c009464 04812e83 lw               x29, 72(x2)         x29=1c002f08  x2:100024d8  PA:10002520
27043461ns          469530 1c009466 40a6d693 srai             x13, x13, 0x40a     x13=00000001 x13:00000418
27043481ns          469531 1c009468 000f5d03 lhu              x26, 0(x30)         x26=000002b2 x30:1c002ed8  PA:1c002ed8
27043779ns          469546 1c00946c 0005d583 lhu              x11, 0(x11)         x11=00000037 x11:1c002ef8  PA:1c002ef8
27044098ns          469562 1c009470 40a35313 srai             x6, x6, 0x40a        x6=00000001  x6:00000441
27044118ns          469563 1c009474 00a686b3 add              x13, x13, x10       x13=fffffffd x13:00000001 x10:fffffffc
27044137ns          469564 1c009476 05012f03 lw               x30, 80(x2)         x30=1c002e78  x2:100024d8  PA:10002528
27044157ns          469565 1c009478 10034e33 p.exths          x28, x6, x0         x28=00000001  x6:00000001
27044177ns          469566 1c00947c 06911023 sh               x9, 96(x2)           x9:000000b8  x2:100024d8  PA:10002538
27044197ns          469567 1c009480 000ede83 lhu              x29, 0(x29)         x29=00000012 x29:1c002f08  PA:1c002f08
27044495ns          469582 1c009484 05812483 lw               x9, 88(x2)           x9=1c002e68  x2:100024d8  PA:10002530
27044515ns          469583 1c009486 1006d6b3 p.exthz          x13, x13, x0        x13=0000fffd x13:fffffffd
27044535ns          469584 1c00948a 02ee08b3 mul              x17, x28, x14       x17=00000021 x28:00000001 x14:00000021
27044555ns          469585 1c00948e 1006c833 p.exths          x16, x13, x0        x16=fffffffd x13:0000fffd
27044575ns          469586 1c009492 06b11823 sh               x11, 112(x2)        x11:00000037  x2:100024d8  PA:10002548
27044595ns          469587 1c009496 000f5f03 lhu              x30, 0(x30)         x30=0000ff77 x30:1c002e78  PA:1c002e78
27044933ns          469604 1c00949a 0a012583 lw               x11, 160(x2)        x11=1c002e98  x2:100024d8  PA:10002578
27044953ns          469605 1c00949c 1007d7b3 p.exthz          x15, x15, x0        x15=0000fffb x15:fffffffb
27044973ns          469606 1c0094a0 0004da03 lhu              x20, 0(x9)          x20=0000fd28  x9:1c002e68  PA:1c002e68
27045311ns          469623 1c0094a4 1007c533 p.exths          x10, x15, x0        x10=fffffffb x15:0000fffb
27045331ns          469624 1c0094a8 09d11023 sh               x29, 128(x2)        x29:00000012  x2:100024d8  PA:10002558
27045351ns          469625 1c0094ac 0003d483 lhu              x9, 0(x7)            x9=0000ffe9  x7:1c002eb8  PA:1c002eb8
27045669ns          469641 1c0094b0 02e80eb3 mul              x29, x16, x14       x29=ffffff9d x16:fffffffd x14:00000021
27045689ns          469642 1c0094b4 40a8d893 srai             x17, x17, 0x40a     x17=00000000 x17:00000021
27045709ns          469643 1c0094b8 03c80833 mul              x16, x16, x28       x16=fffffffd x16:fffffffd x28:00000001
27045728ns          469644 1c0094bc 09e11823 sh               x30, 144(x2)        x30:0000ff77  x2:100024d8  PA:10002568
27045748ns          469645 1c0094c0 0005d983 lhu              x19, 0(x11)         x19=0000ffd0 x11:1c002e98  PA:1c002e98
27046047ns          469660 1c0094c4 81c88f5b p.muls           x30, x17, x28       x30=00000000 x17:00000000 x28:00000001
27046067ns          469661 1c0094c8 0002d583 lhu              x11, 0(x5)          x11=0000ffc0  x5:1c002ea8  PA:1c002ea8
27046365ns          469676 1c0094cc 03ce0fb3 mul              x31, x28, x28       x31=00000001 x28:00000001 x28:00000001
27046385ns          469677 1c0094d0 02e50733 mul              x14, x10, x14       x14=ffffff5b x10:fffffffb x14:00000021
27046405ns          469678 1c0094d4 40a85813 srai             x16, x16, 0x40a     x16=ffffffff x16:fffffffd
27046425ns          469679 1c0094d8 03c50533 mul              x10, x10, x28       x10=fffffffb x10:fffffffb x28:00000001
27046444ns          469680 1c0094dc 07015e03 lhu              x28, 112(x2)        x28=00000037  x2:100024d8  PA:10002548
27046464ns          469681 1c0094e0 01b60633 add              x12, x12, x27       x12=00000ce3 x12:00000021 x27:00000cc2
27046484ns          469682 1c0094e2 00980833 add              x16, x16, x9        x16=0000ffe8 x16:ffffffff  x9:0000ffe9
27046504ns          469683 1c0094e4 06015d83 lhu              x27, 96(x2)         x27=000000b8  x2:100024d8  PA:10002538
27046524ns          469684 1c0094e8 02812483 lw               x9, 40(x2)           x9=1c002ec8  x2:100024d8  PA:10002500
27046544ns          469685 1c0094ea 40afdf93 srai             x31, x31, 0x40a     x31=00000000 x31:00000001
27046564ns          469686 1c0094ee 40a55513 srai             x10, x10, 0x40a     x10=ffffffff x10:fffffffb
27046584ns          469687 1c0094f0 01cf8fb3 add              x31, x31, x28       x31=00000037 x31:00000000 x28:00000037
27046604ns          469688 1c0094f2 00b50533 add              x10, x10, x11       x10=0000ffbf x10:ffffffff x11:0000ffc0
27046623ns          469689 1c0094f4 09015e03 lhu              x28, 144(x2)        x28=0000ff77  x2:100024d8  PA:10002568
27046643ns          469690 1c0094f8 03012583 lw               x11, 48(x2)         x11=1c002ed8  x2:100024d8  PA:10002508
27046663ns          469691 1c0094fa 00c49023 sh               x12, 0(x9)          x12:00000ce3  x9:1c002ec8  PA:1c002ec8
27047061ns          469711 1c0094fe 01b888b3 add              x17, x17, x27       x17=000000b8 x17:00000000 x27:000000b8
27047081ns          469712 1c009500 01a30333 add              x6, x6, x26          x6=000002b3  x6:00000001 x26:000002b2
27047101ns          469713 1c009502 08015d83 lhu              x27, 128(x2)        x27=00000012  x2:100024d8  PA:10002558
27047121ns          469714 1c009506 0000d903 lhu              x18, 0(x1)          x18=0000ff46  x1:1c002e88  PA:1c002e88
27047439ns          469730 1c00950a 01c686b3 add              x13, x13, x28       x13=0001ff74 x13:0000fffd x28:0000ff77
27047459ns          469731 1c00950c 00659023 sh               x6, 0(x11)           x6:000002b3 x11:1c002ed8  PA:1c002ed8
27047777ns          469747 1c009510 40af5f13 srai             x30, x30, 0x40a     x30=00000000 x30:00000000
27047797ns          469748 1c009514 04812e03 lw               x28, 72(x2)         x28=1c002f08  x2:100024d8  PA:10002520
27047817ns          469749 1c009516 01bf0f33 add              x30, x30, x27       x30=00000012 x30:00000000 x27:00000012
27047837ns          469750 1c009518 40aede93 srai             x29, x29, 0x40a     x29=ffffffff x29:ffffff9d
27047857ns          469751 1c00951c 40a75713 srai             x14, x14, 0x40a     x14=ffffffff x14:ffffff5b
27047876ns          469752 1c00951e 03812603 lw               x12, 56(x2)         x12=1c002ee8  x2:100024d8  PA:10002510
27047896ns          469753 1c009520 04012d83 lw               x27, 64(x2)         x27=1c002ef8  x2:100024d8  PA:10002518
27047916ns          469754 1c009522 01ee1023 sh               x30, 0(x28)         x30:00000012 x28:1c002f08  PA:1c002f08
27048234ns          469770 1c009526 05812483 lw               x9, 88(x2)           x9=1c002e68  x2:100024d8  PA:10002530
27048254ns          469771 1c009528 05012f03 lw               x30, 80(x2)         x30=1c002e78  x2:100024d8  PA:10002528
27048274ns          469772 1c00952a 0a012583 lw               x11, 160(x2)        x11=1c002e98  x2:100024d8  PA:10002578
27048294ns          469773 1c00952c 014787b3 add              x15, x15, x20       x15=0001fd23 x15:0000fffb x20:0000fd28
27048314ns          469774 1c00952e 013e8eb3 add              x29, x29, x19       x29=0000ffcf x29:ffffffff x19:0000ffd0
27048334ns          469775 1c009530 01270733 add              x14, x14, x18       x14=0000ff45 x14:ffffffff x18:0000ff46
27048354ns          469776 1c009532 00f49023 sh               x15, 0(x9)          x15:0001fd23  x9:1c002e68  PA:1c002e68
27048672ns          469792 1c009536 01161023 sh               x17, 0(x12)         x17:000000b8 x12:1c002ee8  PA:1c002ee8
27048990ns          469808 1c00953a 01fd9023 sh               x31, 0(x27)         x31:00000037 x27:1c002ef8  PA:1c002ef8
27049328ns          469825 1c00953e 00df1023 sh               x13, 0(x30)         x13:0001ff74 x30:1c002e78  PA:1c002e78
27049646ns          469841 1c009542 01d59023 sh               x29, 0(x11)         x29:0000ffcf x11:1c002e98  PA:1c002e98
27049965ns          469857 1c009546 00e09023 sh               x14, 0(x1)          x14:0000ff45  x1:1c002e88  PA:1c002e88
27050283ns          469873 1c00954a 01039023 sh               x16, 0(x7)          x16:0000ffe8  x7:1c002eb8  PA:1c002eb8
27050621ns          469890 1c00954e 00a29023 sh               x10, 0(x5)          x10:0000ffbf  x5:1c002ea8  PA:1c002ea8
27050959ns          469907 1c009552 008b0b13 addi             x22, x22, 8         x22=000000e4 x22:000000dc
27050979ns          469908 1c009554 1f300793 addi             x15, x0, 499        x15=000001f3
27050999ns          469909 1c009558 e767dae3 bge              x15, x22, -396      x15:000001f3 x22:000000e4
27051098ns          469914 1c0093cc 010c9a0b p.lh             x20, 16(x25!)       x20=0000004a x25=1c002860 x25:1c002850  PA:1c002850
27051436ns          469931 1c0093d0 0104198b p.lh             x19, 16(x8!)        x19=0000003c  x8=1c002028  x8:1c002018  PA:1c002018
27051735ns          469946 1c0093d4 2cc10513 addi             x10, x2, 716        x10=100027a4  x2:100024d8
27051755ns          469947 1c0093d6 010a990b p.lh             x18, 16(x21!)       x18=00000042 x21=1c001854 x21:1c001844  PA:1c001844
27052073ns          469963 1c0093da 010b948b p.lh             x9, 16(x23!)         x9=00000039 x23=1c001084 x23:1c001074  PA:1c001074
27052391ns          469979 1c0093de 2d411623 sh               x20, 716(x2)        x20:0000004a  x2:100024d8  PA:100027a4
27052431ns          469981 1c0093e2 2d311723 sh               x19, 718(x2)        x19:0000003c  x2:100024d8  PA:100027a6
27052451ns          469982 1c0093e6 c33ff0ef jal              x1, -974             x1=1c0093e8
27052490ns          469984 1c009018 00051803 lh               x16, 0(x10)         x16=0000004a x10:100027a4  PA:100027a4
27052510ns          469985 1c00901c 00251883 lh               x17, 2(x10)         x17=0000003c x10:100027a4  PA:100027a6
27052570ns          469988 1c009020 030806b3 mul              x13, x16, x16       x13=00001564 x16:0000004a x16:0000004a
27052610ns          469990 1c009024 03188633 mul              x12, x17, x17       x12=00000e10 x17:0000003c x17:0000003c
27052630ns          469991 1c009028 40a65613 srai             x12, x12, 0x40a     x12=00000003 x12:00000e10
27052650ns          469992 1c00902a 40a6d693 srai             x13, x13, 0x40a     x13=00000005 x13:00001564
27052669ns          469993 1c00902c 00c686b3 add              x13, x13, x12       x13=00000008 x13:00000005 x12:00000003
27052689ns          469994 1c00902e 1006c633 p.exths          x12, x13, x0        x12=00000008 x13:00000008
27052709ns          469995 1c009032 00855703 lhu              x14, 8(x10)         x14=0000ffd1 x10:100027a4  PA:100027ac
27052729ns          469996 1c009036 00a55683 lhu              x13, 10(x10)        x13=0000ff6a x10:100027a4  PA:100027ae
27052749ns          469997 1c00903a 02c60333 mul              x6, x12, x12         x6=00000040 x12:00000008 x12:00000008
27052789ns          469999 1c00903e 00c55783 lhu              x15, 12(x10)        x15=0000ffe5 x10:100027a4  PA:100027b0
27052829ns          470001 1c009042 00e55583 lhu              x11, 14(x10)        x11=00000060 x10:100027a4  PA:100027b2
27052848ns          470002 1c009046 dea30333 p.extract        x6, x6, 15, 10       x6=00000000  x6:00000040
27052868ns          470003 1c00904a 80c7075b p.muls           x14, x14, x12       x14=fffffe88 x14:0000ffd1 x12:00000008
27052928ns          470006 1c00904e 80c686db p.muls           x13, x13, x12       x13=fffffb50 x13:0000ff6a x12:00000008
27052968ns          470008 1c009052 00455e83 lhu              x29, 4(x10)         x29=00000427 x10:100027a4  PA:100027a8
27052988ns          470009 1c009056 00655e03 lhu              x28, 6(x10)         x28=0000007f x10:100027a4  PA:100027aa
27053008ns          470010 1c00905a 40a75713 srai             x14, x14, 0x40a     x14=ffffffff x14:fffffe88
27053027ns          470011 1c00905c 806787db p.muls           x15, x15, x6        x15=00000000 x15:0000ffe5  x6:00000000
27053067ns          470013 1c009060 40a6d693 srai             x13, x13, 0x40a     x13=fffffffe x13:fffffb50
27053107ns          470015 1c009062 8065865b p.muls           x12, x11, x6        x12=00000000 x11:00000060  x6:00000000
27053127ns          470016 1c009066 40a7d793 srai             x15, x15, 0x40a     x15=00000000 x15:00000000
27053147ns          470017 1c009068 40a65613 srai             x12, x12, 0x40a     x12=00000000 x12:00000000
27053167ns          470018 1c00906a 01d70733 add              x14, x14, x29       x14=00000426 x14:ffffffff x29:00000427
27053186ns          470019 1c00906c 01c686b3 add              x13, x13, x28       x13=0000007d x13:fffffffe x28:0000007f
27053206ns          470020 1c00906e 00c686b3 add              x13, x13, x12       x13=0000007d x13:0000007d x12:00000000
27053226ns          470021 1c009070 00f70733 add              x14, x14, x15       x14=00000426 x14:00000426 x15:00000000
27053246ns          470022 1c009072 100747b3 p.exths          x15, x14, x0        x15=00000426 x14:00000426
27053266ns          470023 1c009076 1006c733 p.exths          x14, x13, x0        x14=0000007d x13:0000007d
27053286ns          470024 1c00907a 03170633 mul              x12, x14, x17       x12=00001d4c x14:0000007d x17:0000003c
27053306ns          470025 1c00907e 030786b3 mul              x13, x15, x16       x13=000132fc x15:00000426 x16:0000004a
27053326ns          470026 1c009082 03070733 mul              x14, x14, x16       x14=00002422 x14:0000007d x16:0000004a
27053346ns          470027 1c009086 031787b3 mul              x15, x15, x17       x15=0000f8e8 x15:00000426 x17:0000003c
27053365ns          470028 1c00908a 40a6d693 srai             x13, x13, 0x40a     x13=0000004c x13:000132fc
27053385ns          470029 1c00908c 40a65613 srai             x12, x12, 0x40a     x12=00000007 x12:00001d4c
27053405ns          470030 1c00908e 40a7d793 srai             x15, x15, 0x40a     x15=0000003e x15:0000f8e8
27053425ns          470031 1c009090 40a75713 srai             x14, x14, 0x40a     x14=00000009 x14:00002422
27053445ns          470032 1c009092 40c686b3 sub              x13, x13, x12       x13=00000045 x13:0000004c x12:00000007
27053465ns          470033 1c009094 00e787b3 add              x15, x15, x14       x15=00000047 x15:0000003e x14:00000009
27053485ns          470034 1c009096 00d51823 sh               x13, 16(x10)        x13:00000045 x10:100027a4  PA:100027b4
27053525ns          470036 1c00909a 00f51923 sh               x15, 18(x10)        x15:00000047 x10:100027a4  PA:100027b6
27053564ns          470038 1c00909e 00008067 jalr             x0, x1, 0            x1:1c0093e8
27053604ns          470040 1c0093e8 2dc15583 lhu              x11, 732(x2)        x11=00000045  x2:100024d8  PA:100027b4
27053624ns          470041 1c0093ec 2de15783 lhu              x15, 734(x2)        x15=00000047  x2:100024d8  PA:100027b6
27053644ns          470042 1c0093f0 40b90933 sub              x18, x18, x11       x18=fffffffd x18:00000042 x11:00000045
27053664ns          470043 1c0093f4 40f484b3 sub              x9, x9, x15          x9=fffffff2  x9:00000039 x15:00000047
27053684ns          470044 1c0093f6 100945b3 p.exths          x11, x18, x0        x11=fffffffd x18:fffffffd
27053704ns          470045 1c0093fa 1004c7b3 p.exths          x15, x9, x0         x15=fffffff2  x9:fffffff2
27053723ns          470046 1c0093fe 034586b3 mul              x13, x11, x20       x13=ffffff22 x11:fffffffd x20:0000004a
27053743ns          470047 1c009402 03378533 mul              x10, x15, x19       x10=fffffcb8 x15:fffffff2 x19:0000003c
27053763ns          470048 1c009406 034a0633 mul              x12, x20, x20       x12=00001564 x20:0000004a x20:0000004a
27053783ns          470049 1c00940a 03398733 mul              x14, x19, x19       x14=00000e10 x19:0000003c x19:0000003c
27053843ns          470052 1c00940e 034787b3 mul              x15, x15, x20       x15=fffffbf4 x15:fffffff2 x20:0000004a
27053883ns          470054 1c009412 033585b3 mul              x11, x11, x19       x11=ffffff4c x11:fffffffd x19:0000003c
27053902ns          470055 1c009416 40a75713 srai             x14, x14, 0x40a     x14=00000003 x14:00000e10
27053922ns          470056 1c009418 40a5d593 srai             x11, x11, 0x40a     x11=ffffffff x11:ffffff4c
27053942ns          470057 1c00941a 40a65613 srai             x12, x12, 0x40a     x12=00000005 x12:00001564
27053962ns          470058 1c00941c 40a7d793 srai             x15, x15, 0x40a     x15=fffffffe x15:fffffbf4
27053982ns          470059 1c00941e 1c0034b7 lui              x9, 0x1c003000       x9=1c003000
27054002ns          470060 1c009422 00e60633 add              x12, x12, x14       x12=00000008 x12:00000005 x14:00000003
27054022ns          470061 1c009424 40b787b3 sub              x15, x15, x11       x15=ffffffff x15:fffffffe x11:ffffffff
27054042ns          470062 1c009426 eb048493 addi             x9, x9, -336         x9=1c002eb0  x9:1c003000
27054062ns          470063 1c00942a 1c0032b7 lui              x5, 0x1c003000       x5=1c003000
27054081ns          470064 1c00942e 1c0035b7 lui              x11, 0x1c003000     x11=1c003000
27054101ns          470065 1c009432 018483b3 add              x7, x9, x24          x7=1c002eb8  x9:1c002eb0 x24:00000008
27054121ns          470066 1c009436 02812e83 lw               x29, 40(x2)         x29=1c002ec8  x2:100024d8  PA:10002500
27054141ns          470067 1c009438 10065633 p.exthz          x12, x12, x0        x12=00000008 x12:00000008
27054161ns          470068 1c00943c e8028293 addi             x5, x5, -384         x5=1c002e80  x5:1c003000
27054181ns          470069 1c009440 ea058593 addi             x11, x11, -352      x11=1c002ea0 x11:1c003000
27054201ns          470070 1c009444 03812483 lw               x9, 56(x2)           x9=1c002ee8  x2:100024d8  PA:10002510
27054221ns          470071 1c009446 10064733 p.exths          x14, x12, x0        x14=00000008 x12:00000008
27054241ns          470072 1c00944a 018280b3 add              x1, x5, x24          x1=1c002e88  x5:1c002e80 x24:00000008
27054260ns          470073 1c00944e 03012f03 lw               x30, 48(x2)         x30=1c002ed8  x2:100024d8  PA:10002508
27054280ns          470074 1c009450 018582b3 add              x5, x11, x24         x5=1c002ea8 x11:1c002ea0 x24:00000008
27054300ns          470075 1c009454 04012583 lw               x11, 64(x2)         x11=1c002ef8  x2:100024d8  PA:10002518
27054320ns          470076 1c009456 000edd83 lhu              x27, 0(x29)         x27=00000ce3 x29:1c002ec8  PA:1c002ec8
27054618ns          470091 1c00945a 0004d483 lhu              x9, 0(x9)            x9=000000b8  x9:1c002ee8  PA:1c002ee8
27054917ns          470106 1c00945e 02e70333 mul              x6, x14, x14         x6=00000040 x14:00000008 x14:00000008
27054937ns          470107 1c009462 40a55513 srai             x10, x10, 0x40a     x10=ffffffff x10:fffffcb8
27054957ns          470108 1c009464 04812e83 lw               x29, 72(x2)         x29=1c002f08  x2:100024d8  PA:10002520
27054976ns          470109 1c009466 40a6d693 srai             x13, x13, 0x40a     x13=ffffffff x13:ffffff22
27054996ns          470110 1c009468 000f5d03 lhu              x26, 0(x30)         x26=000002b3 x30:1c002ed8  PA:1c002ed8
27055334ns          470127 1c00946c 0005d583 lhu              x11, 0(x11)         x11=00000037 x11:1c002ef8  PA:1c002ef8
27055633ns          470142 1c009470 40a35313 srai             x6, x6, 0x40a        x6=00000000  x6:00000040
27055653ns          470143 1c009474 00a686b3 add              x13, x13, x10       x13=fffffffe x13:ffffffff x10:ffffffff
27055672ns          470144 1c009476 05012f03 lw               x30, 80(x2)         x30=1c002e78  x2:100024d8  PA:10002528
27055692ns          470145 1c009478 10034e33 p.exths          x28, x6, x0         x28=00000000  x6:00000000
27055712ns          470146 1c00947c 06911023 sh               x9, 96(x2)           x9:000000b8  x2:100024d8  PA:10002538
27055732ns          470147 1c009480 000ede83 lhu              x29, 0(x29)         x29=00000012 x29:1c002f08  PA:1c002f08
27056070ns          470164 1c009484 05812483 lw               x9, 88(x2)           x9=1c002e68  x2:100024d8  PA:10002530
27056090ns          470165 1c009486 1006d6b3 p.exthz          x13, x13, x0        x13=0000fffe x13:fffffffe
27056110ns          470166 1c00948a 02ee08b3 mul              x17, x28, x14       x17=00000000 x28:00000000 x14:00000008
27056130ns          470167 1c00948e 1006c833 p.exths          x16, x13, x0        x16=fffffffe x13:0000fffe
27056150ns          470168 1c009492 06b11823 sh               x11, 112(x2)        x11:00000037  x2:100024d8  PA:10002548
27056170ns          470169 1c009496 000f5f03 lhu              x30, 0(x30)         x30=0000ff74 x30:1c002e78  PA:1c002e78
27056548ns          470188 1c00949a 0a012583 lw               x11, 160(x2)        x11=1c002e98  x2:100024d8  PA:10002578
27056567ns          470189 1c00949c 1007d7b3 p.exthz          x15, x15, x0        x15=0000ffff x15:ffffffff
27056587ns          470190 1c0094a0 0004da03 lhu              x20, 0(x9)          x20=0000fd23  x9:1c002e68  PA:1c002e68
27056886ns          470205 1c0094a4 1007c533 p.exths          x10, x15, x0        x10=ffffffff x15:0000ffff
27056906ns          470206 1c0094a8 09d11023 sh               x29, 128(x2)        x29:00000012  x2:100024d8  PA:10002558
27056925ns          470207 1c0094ac 0003d483 lhu              x9, 0(x7)            x9=0000ffe8  x7:1c002eb8  PA:1c002eb8
27057224ns          470222 1c0094b0 02e80eb3 mul              x29, x16, x14       x29=fffffff0 x16:fffffffe x14:00000008
27057244ns          470223 1c0094b4 40a8d893 srai             x17, x17, 0x40a     x17=00000000 x17:00000000
27057264ns          470224 1c0094b8 03c80833 mul              x16, x16, x28       x16=00000000 x16:fffffffe x28:00000000
27057283ns          470225 1c0094bc 09e11823 sh               x30, 144(x2)        x30:0000ff74  x2:100024d8  PA:10002568
27057303ns          470226 1c0094c0 0005d983 lhu              x19, 0(x11)         x19=0000ffcf x11:1c002e98  PA:1c002e98
27057641ns          470243 1c0094c4 81c88f5b p.muls           x30, x17, x28       x30=00000000 x17:00000000 x28:00000000
27057661ns          470244 1c0094c8 0002d583 lhu              x11, 0(x5)          x11=0000ffbf  x5:1c002ea8  PA:1c002ea8
27057960ns          470259 1c0094cc 03ce0fb3 mul              x31, x28, x28       x31=00000000 x28:00000000 x28:00000000
27057980ns          470260 1c0094d0 02e50733 mul              x14, x10, x14       x14=fffffff8 x10:ffffffff x14:00000008
27057999ns          470261 1c0094d4 40a85813 srai             x16, x16, 0x40a     x16=00000000 x16:00000000
27058019ns          470262 1c0094d8 03c50533 mul              x10, x10, x28       x10=00000000 x10:ffffffff x28:00000000
27058039ns          470263 1c0094dc 07015e03 lhu              x28, 112(x2)        x28=00000037  x2:100024d8  PA:10002548
27058059ns          470264 1c0094e0 01b60633 add              x12, x12, x27       x12=00000ceb x12:00000008 x27:00000ce3
27058079ns          470265 1c0094e2 00980833 add              x16, x16, x9        x16=0000ffe8 x16:00000000  x9:0000ffe8
27058099ns          470266 1c0094e4 06015d83 lhu              x27, 96(x2)         x27=000000b8  x2:100024d8  PA:10002538
27058119ns          470267 1c0094e8 02812483 lw               x9, 40(x2)           x9=1c002ec8  x2:100024d8  PA:10002500
27058139ns          470268 1c0094ea 40afdf93 srai             x31, x31, 0x40a     x31=00000000 x31:00000000
27058158ns          470269 1c0094ee 40a55513 srai             x10, x10, 0x40a     x10=00000000 x10:00000000
27058178ns          470270 1c0094f0 01cf8fb3 add              x31, x31, x28       x31=00000037 x31:00000000 x28:00000037
27058198ns          470271 1c0094f2 00b50533 add              x10, x10, x11       x10=0000ffbf x10:00000000 x11:0000ffbf
27058218ns          470272 1c0094f4 09015e03 lhu              x28, 144(x2)        x28=0000ff74  x2:100024d8  PA:10002568
27058238ns          470273 1c0094f8 03012583 lw               x11, 48(x2)         x11=1c002ed8  x2:100024d8  PA:10002508
27058258ns          470274 1c0094fa 00c49023 sh               x12, 0(x9)          x12:00000ceb  x9:1c002ec8  PA:1c002ec8
27058576ns          470290 1c0094fe 01b888b3 add              x17, x17, x27       x17=000000b8 x17:00000000 x27:000000b8
27058596ns          470291 1c009500 01a30333 add              x6, x6, x26          x6=000002b3  x6:00000000 x26:000002b3
27058616ns          470292 1c009502 08015d83 lhu              x27, 128(x2)        x27=00000012  x2:100024d8  PA:10002558
27058636ns          470293 1c009506 0000d903 lhu              x18, 0(x1)          x18=0000ff45  x1:1c002e88  PA:1c002e88
27058934ns          470308 1c00950a 01c686b3 add              x13, x13, x28       x13=0001ff72 x13:0000fffe x28:0000ff74
27058954ns          470309 1c00950c 00659023 sh               x6, 0(x11)           x6:000002b3 x11:1c002ed8  PA:1c002ed8
27059272ns          470325 1c009510 40af5f13 srai             x30, x30, 0x40a     x30=00000000 x30:00000000
27059292ns          470326 1c009514 04812e03 lw               x28, 72(x2)         x28=1c002f08  x2:100024d8  PA:10002520
27059312ns          470327 1c009516 01bf0f33 add              x30, x30, x27       x30=00000012 x30:00000000 x27:00000012
27059332ns          470328 1c009518 40aede93 srai             x29, x29, 0x40a     x29=ffffffff x29:fffffff0
27059352ns          470329 1c00951c 40a75713 srai             x14, x14, 0x40a     x14=ffffffff x14:fffffff8
27059372ns          470330 1c00951e 03812603 lw               x12, 56(x2)         x12=1c002ee8  x2:100024d8  PA:10002510
27059392ns          470331 1c009520 04012d83 lw               x27, 64(x2)         x27=1c002ef8  x2:100024d8  PA:10002518
27059411ns          470332 1c009522 01ee1023 sh               x30, 0(x28)         x30:00000012 x28:1c002f08  PA:1c002f08
27059789ns          470351 1c009526 05812483 lw               x9, 88(x2)           x9=1c002e68  x2:100024d8  PA:10002530
27059809ns          470352 1c009528 05012f03 lw               x30, 80(x2)         x30=1c002e78  x2:100024d8  PA:10002528
27059829ns          470353 1c00952a 0a012583 lw               x11, 160(x2)        x11=1c002e98  x2:100024d8  PA:10002578
27059849ns          470354 1c00952c 014787b3 add              x15, x15, x20       x15=0001fd22 x15:0000ffff x20:0000fd23
27059869ns          470355 1c00952e 013e8eb3 add              x29, x29, x19       x29=0000ffce x29:ffffffff x19:0000ffcf
27059889ns          470356 1c009530 01270733 add              x14, x14, x18       x14=0000ff44 x14:ffffffff x18:0000ff45
27059909ns          470357 1c009532 00f49023 sh               x15, 0(x9)          x15:0001fd22  x9:1c002e68  PA:1c002e68
27060227ns          470373 1c009536 01161023 sh               x17, 0(x12)         x17:000000b8 x12:1c002ee8  PA:1c002ee8
27060565ns          470390 1c00953a 01fd9023 sh               x31, 0(x27)         x31:00000037 x27:1c002ef8  PA:1c002ef8
27060883ns          470406 1c00953e 00df1023 sh               x13, 0(x30)         x13:0001ff72 x30:1c002e78  PA:1c002e78
27061201ns          470422 1c009542 01d59023 sh               x29, 0(x11)         x29:0000ffce x11:1c002e98  PA:1c002e98
27061520ns          470438 1c009546 00e09023 sh               x14, 0(x1)          x14:0000ff44  x1:1c002e88  PA:1c002e88
27061838ns          470454 1c00954a 01039023 sh               x16, 0(x7)          x16:0000ffe8  x7:1c002eb8  PA:1c002eb8
27062156ns          470470 1c00954e 00a29023 sh               x10, 0(x5)          x10:0000ffbf  x5:1c002ea8  PA:1c002ea8
27062474ns          470486 1c009552 008b0b13 addi             x22, x22, 8         x22=000000ec x22:000000e4
27062494ns          470487 1c009554 1f300793 addi             x15, x0, 499        x15=000001f3
27062514ns          470488 1c009558 e767dae3 bge              x15, x22, -396      x15:000001f3 x22:000000ec
27062613ns          470493 1c0093cc 010c9a0b p.lh             x20, 16(x25!)       x20=ffffff17 x25=1c002870 x25:1c002860  PA:1c002860
27062991ns          470512 1c0093d0 0104198b p.lh             x19, 16(x8!)        x19=000000bf  x8=1c002038  x8:1c002028  PA:1c002028
27063290ns          470527 1c0093d4 2cc10513 addi             x10, x2, 716        x10=100027a4  x2:100024d8
27063309ns          470528 1c0093d6 010a990b p.lh             x18, 16(x21!)       x18=ffffff21 x21=1c001864 x21:1c001854  PA:1c001854
27063628ns          470544 1c0093da 010b948b p.lh             x9, 16(x23!)         x9=000000de x23=1c001094 x23:1c001084  PA:1c001084
27063946ns          470560 1c0093de 2d411623 sh               x20, 716(x2)        x20:ffffff17  x2:100024d8  PA:100027a4
27063966ns          470561 1c0093e2 2d311723 sh               x19, 718(x2)        x19:000000bf  x2:100024d8  PA:100027a6
27063986ns          470562 1c0093e6 c33ff0ef jal              x1, -974             x1=1c0093e8
27064025ns          470564 1c009018 00051803 lh               x16, 0(x10)         x16=ffffff17 x10:100027a4  PA:100027a4
27064045ns          470565 1c00901c 00251883 lh               x17, 2(x10)         x17=000000bf x10:100027a4  PA:100027a6
27064105ns          470568 1c009020 030806b3 mul              x13, x16, x16       x13=0000d411 x16:ffffff17 x16:ffffff17
27064145ns          470570 1c009024 03188633 mul              x12, x17, x17       x12=00008e81 x17:000000bf x17:000000bf
27064165ns          470571 1c009028 40a65613 srai             x12, x12, 0x40a     x12=00000023 x12:00008e81
27064185ns          470572 1c00902a 40a6d693 srai             x13, x13, 0x40a     x13=00000035 x13:0000d411
27064204ns          470573 1c00902c 00c686b3 add              x13, x13, x12       x13=00000058 x13:00000035 x12:00000023
27064224ns          470574 1c00902e 1006c633 p.exths          x12, x13, x0        x12=00000058 x13:00000058
27064244ns          470575 1c009032 00855703 lhu              x14, 8(x10)         x14=0000ffd1 x10:100027a4  PA:100027ac
27064264ns          470576 1c009036 00a55683 lhu              x13, 10(x10)        x13=0000ff6a x10:100027a4  PA:100027ae
27064284ns          470577 1c00903a 02c60333 mul              x6, x12, x12         x6=00001e40 x12:00000058 x12:00000058
27064324ns          470579 1c00903e 00c55783 lhu              x15, 12(x10)        x15=0000ffe5 x10:100027a4  PA:100027b0
27064364ns          470581 1c009042 00e55583 lhu              x11, 14(x10)        x11=00000060 x10:100027a4  PA:100027b2
27064383ns          470582 1c009046 dea30333 p.extract        x6, x6, 15, 10       x6=00000007  x6:00001e40
27064403ns          470583 1c00904a 80c7075b p.muls           x14, x14, x12       x14=ffffefd8 x14:0000ffd1 x12:00000058
27064463ns          470586 1c00904e 80c686db p.muls           x13, x13, x12       x13=ffffcc70 x13:0000ff6a x12:00000058
27064503ns          470588 1c009052 00455e83 lhu              x29, 4(x10)         x29=00000427 x10:100027a4  PA:100027a8
27064523ns          470589 1c009056 00655e03 lhu              x28, 6(x10)         x28=0000007f x10:100027a4  PA:100027aa
27064543ns          470590 1c00905a 40a75713 srai             x14, x14, 0x40a     x14=fffffffb x14:ffffefd8
27064562ns          470591 1c00905c 806787db p.muls           x15, x15, x6        x15=ffffff43 x15:0000ffe5  x6:00000007
27064582ns          470592 1c009060 40a6d693 srai             x13, x13, 0x40a     x13=fffffff3 x13:ffffcc70
27064602ns          470593 1c009062 8065865b p.muls           x12, x11, x6        x12=000002a0 x11:00000060  x6:00000007
27064622ns          470594 1c009066 40a7d793 srai             x15, x15, 0x40a     x15=ffffffff x15:ffffff43
27064642ns          470595 1c009068 40a65613 srai             x12, x12, 0x40a     x12=00000000 x12:000002a0
27064662ns          470596 1c00906a 01d70733 add              x14, x14, x29       x14=00000422 x14:fffffffb x29:00000427
27064682ns          470597 1c00906c 01c686b3 add              x13, x13, x28       x13=00000072 x13:fffffff3 x28:0000007f
27064702ns          470598 1c00906e 00c686b3 add              x13, x13, x12       x13=00000072 x13:00000072 x12:00000000
27064722ns          470599 1c009070 00f70733 add              x14, x14, x15       x14=00000421 x14:00000422 x15:ffffffff
27064741ns          470600 1c009072 100747b3 p.exths          x15, x14, x0        x15=00000421 x14:00000421
27064761ns          470601 1c009076 1006c733 p.exths          x14, x13, x0        x14=00000072 x13:00000072
27064781ns          470602 1c00907a 03170633 mul              x12, x14, x17       x12=0000550e x14:00000072 x17:000000bf
27064801ns          470603 1c00907e 030786b3 mul              x13, x15, x16       x13=fffc3df7 x15:00000421 x16:ffffff17
27064821ns          470604 1c009082 03070733 mul              x14, x14, x16       x14=ffff983e x14:00000072 x16:ffffff17
27064841ns          470605 1c009086 031787b3 mul              x15, x15, x17       x15=0003149f x15:00000421 x17:000000bf
27064861ns          470606 1c00908a 40a6d693 srai             x13, x13, 0x40a     x13=ffffff0f x13:fffc3df7
27064881ns          470607 1c00908c 40a65613 srai             x12, x12, 0x40a     x12=00000015 x12:0000550e
27064901ns          470608 1c00908e 40a7d793 srai             x15, x15, 0x40a     x15=000000c5 x15:0003149f
27064920ns          470609 1c009090 40a75713 srai             x14, x14, 0x40a     x14=ffffffe6 x14:ffff983e
27064940ns          470610 1c009092 40c686b3 sub              x13, x13, x12       x13=fffffefa x13:ffffff0f x12:00000015
27064960ns          470611 1c009094 00e787b3 add              x15, x15, x14       x15=000000ab x15:000000c5 x14:ffffffe6
27064980ns          470612 1c009096 00d51823 sh               x13, 16(x10)        x13:fffffefa x10:100027a4  PA:100027b4
27065000ns          470613 1c00909a 00f51923 sh               x15, 18(x10)        x15:000000ab x10:100027a4  PA:100027b6
27065020ns          470614 1c00909e 00008067 jalr             x0, x1, 0            x1:1c0093e8
27065060ns          470616 1c0093e8 2dc15583 lhu              x11, 732(x2)        x11=0000fefa  x2:100024d8  PA:100027b4
27065080ns          470617 1c0093ec 2de15783 lhu              x15, 734(x2)        x15=000000ab  x2:100024d8  PA:100027b6
27065099ns          470618 1c0093f0 40b90933 sub              x18, x18, x11       x18=ffff0027 x18:ffffff21 x11:0000fefa
27065119ns          470619 1c0093f4 40f484b3 sub              x9, x9, x15          x9=00000033  x9:000000de x15:000000ab
27065139ns          470620 1c0093f6 100945b3 p.exths          x11, x18, x0        x11=00000027 x18:ffff0027
27065159ns          470621 1c0093fa 1004c7b3 p.exths          x15, x9, x0         x15=00000033  x9:00000033
27065179ns          470622 1c0093fe 034586b3 mul              x13, x11, x20       x13=ffffdc81 x11:00000027 x20:ffffff17
27065199ns          470623 1c009402 03378533 mul              x10, x15, x19       x10=0000260d x15:00000033 x19:000000bf
27065219ns          470624 1c009406 034a0633 mul              x12, x20, x20       x12=0000d411 x20:ffffff17 x20:ffffff17
27065239ns          470625 1c00940a 03398733 mul              x14, x19, x19       x14=00008e81 x19:000000bf x19:000000bf
27065259ns          470626 1c00940e 034787b3 mul              x15, x15, x20       x15=ffffd195 x15:00000033 x20:ffffff17
27065278ns          470627 1c009412 033585b3 mul              x11, x11, x19       x11=00001d19 x11:00000027 x19:000000bf
27065298ns          470628 1c009416 40a75713 srai             x14, x14, 0x40a     x14=00000023 x14:00008e81
27065318ns          470629 1c009418 40a5d593 srai             x11, x11, 0x40a     x11=00000007 x11:00001d19
27065338ns          470630 1c00941a 40a65613 srai             x12, x12, 0x40a     x12=00000035 x12:0000d411
27065358ns          470631 1c00941c 40a7d793 srai             x15, x15, 0x40a     x15=fffffff4 x15:ffffd195
27065378ns          470632 1c00941e 1c0034b7 lui              x9, 0x1c003000       x9=1c003000
27065398ns          470633 1c009422 00e60633 add              x12, x12, x14       x12=00000058 x12:00000035 x14:00000023
27065418ns          470634 1c009424 40b787b3 sub              x15, x15, x11       x15=ffffffed x15:fffffff4 x11:00000007
27065438ns          470635 1c009426 eb048493 addi             x9, x9, -336         x9=1c002eb0  x9:1c003000
27065457ns          470636 1c00942a 1c0032b7 lui              x5, 0x1c003000       x5=1c003000
27065477ns          470637 1c00942e 1c0035b7 lui              x11, 0x1c003000     x11=1c003000
27065497ns          470638 1c009432 018483b3 add              x7, x9, x24          x7=1c002eb8  x9:1c002eb0 x24:00000008
27065517ns          470639 1c009436 02812e83 lw               x29, 40(x2)         x29=1c002ec8  x2:100024d8  PA:10002500
27065537ns          470640 1c009438 10065633 p.exthz          x12, x12, x0        x12=00000058 x12:00000058
27065557ns          470641 1c00943c e8028293 addi             x5, x5, -384         x5=1c002e80  x5:1c003000
27065577ns          470642 1c009440 ea058593 addi             x11, x11, -352      x11=1c002ea0 x11:1c003000
27065597ns          470643 1c009444 03812483 lw               x9, 56(x2)           x9=1c002ee8  x2:100024d8  PA:10002510
27065616ns          470644 1c009446 10064733 p.exths          x14, x12, x0        x14=00000058 x12:00000058
27065636ns          470645 1c00944a 018280b3 add              x1, x5, x24          x1=1c002e88  x5:1c002e80 x24:00000008
27065656ns          470646 1c00944e 03012f03 lw               x30, 48(x2)         x30=1c002ed8  x2:100024d8  PA:10002508
27065676ns          470647 1c009450 018582b3 add              x5, x11, x24         x5=1c002ea8 x11:1c002ea0 x24:00000008
27065696ns          470648 1c009454 04012583 lw               x11, 64(x2)         x11=1c002ef8  x2:100024d8  PA:10002518
27065716ns          470649 1c009456 000edd83 lhu              x27, 0(x29)         x27=00000ceb x29:1c002ec8  PA:1c002ec8
27066034ns          470665 1c00945a 0004d483 lhu              x9, 0(x9)            x9=000000b8  x9:1c002ee8  PA:1c002ee8
27066332ns          470680 1c00945e 02e70333 mul              x6, x14, x14         x6=00001e40 x14:00000058 x14:00000058
27066352ns          470681 1c009462 40a55513 srai             x10, x10, 0x40a     x10=00000009 x10:0000260d
27066372ns          470682 1c009464 04812e83 lw               x29, 72(x2)         x29=1c002f08  x2:100024d8  PA:10002520
27066392ns          470683 1c009466 40a6d693 srai             x13, x13, 0x40a     x13=fffffff7 x13:ffffdc81
27066412ns          470684 1c009468 000f5d03 lhu              x26, 0(x30)         x26=000002b3 x30:1c002ed8  PA:1c002ed8
27066710ns          470699 1c00946c 0005d583 lhu              x11, 0(x11)         x11=00000037 x11:1c002ef8  PA:1c002ef8
27067009ns          470714 1c009470 40a35313 srai             x6, x6, 0x40a        x6=00000007  x6:00001e40
27067029ns          470715 1c009474 00a686b3 add              x13, x13, x10       x13=00000000 x13:fffffff7 x10:00000009
27067048ns          470716 1c009476 05012f03 lw               x30, 80(x2)         x30=1c002e78  x2:100024d8  PA:10002528
27067068ns          470717 1c009478 10034e33 p.exths          x28, x6, x0         x28=00000007  x6:00000007
27067088ns          470718 1c00947c 06911023 sh               x9, 96(x2)           x9:000000b8  x2:100024d8  PA:10002538
27067108ns          470719 1c009480 000ede83 lhu              x29, 0(x29)         x29=00000012 x29:1c002f08  PA:1c002f08
27067426ns          470735 1c009484 05812483 lw               x9, 88(x2)           x9=1c002e68  x2:100024d8  PA:10002530
27067446ns          470736 1c009486 1006d6b3 p.exthz          x13, x13, x0        x13=00000000 x13:00000000
27067466ns          470737 1c00948a 02ee08b3 mul              x17, x28, x14       x17=00000268 x28:00000007 x14:00000058
27067486ns          470738 1c00948e 1006c833 p.exths          x16, x13, x0        x16=00000000 x13:00000000
27067506ns          470739 1c009492 06b11823 sh               x11, 112(x2)        x11:00000037  x2:100024d8  PA:10002548
27067526ns          470740 1c009496 000f5f03 lhu              x30, 0(x30)         x30=0000ff72 x30:1c002e78  PA:1c002e78
27067864ns          470757 1c00949a 0a012583 lw               x11, 160(x2)        x11=1c002e98  x2:100024d8  PA:10002578
27067884ns          470758 1c00949c 1007d7b3 p.exthz          x15, x15, x0        x15=0000ffed x15:ffffffed
27067904ns          470759 1c0094a0 0004da03 lhu              x20, 0(x9)          x20=0000fd22  x9:1c002e68  PA:1c002e68
27068202ns          470774 1c0094a4 1007c533 p.exths          x10, x15, x0        x10=ffffffed x15:0000ffed
27068222ns          470775 1c0094a8 09d11023 sh               x29, 128(x2)        x29:00000012  x2:100024d8  PA:10002558
27068242ns          470776 1c0094ac 0003d483 lhu              x9, 0(x7)            x9=0000ffe8  x7:1c002eb8  PA:1c002eb8
27068540ns          470791 1c0094b0 02e80eb3 mul              x29, x16, x14       x29=00000000 x16:00000000 x14:00000058
27068560ns          470792 1c0094b4 40a8d893 srai             x17, x17, 0x40a     x17=00000000 x17:00000268
27068580ns          470793 1c0094b8 03c80833 mul              x16, x16, x28       x16=00000000 x16:00000000 x28:00000007
27068600ns          470794 1c0094bc 09e11823 sh               x30, 144(x2)        x30:0000ff72  x2:100024d8  PA:10002568
27068620ns          470795 1c0094c0 0005d983 lhu              x19, 0(x11)         x19=0000ffce x11:1c002e98  PA:1c002e98
27068938ns          470811 1c0094c4 81c88f5b p.muls           x30, x17, x28       x30=00000000 x17:00000000 x28:00000007
27068958ns          470812 1c0094c8 0002d583 lhu              x11, 0(x5)          x11=0000ffbf  x5:1c002ea8  PA:1c002ea8
27069276ns          470828 1c0094cc 03ce0fb3 mul              x31, x28, x28       x31=00000031 x28:00000007 x28:00000007
27069296ns          470829 1c0094d0 02e50733 mul              x14, x10, x14       x14=fffff978 x10:ffffffed x14:00000058
27069316ns          470830 1c0094d4 40a85813 srai             x16, x16, 0x40a     x16=00000000 x16:00000000
27069336ns          470831 1c0094d8 03c50533 mul              x10, x10, x28       x10=ffffff7b x10:ffffffed x28:00000007
27069355ns          470832 1c0094dc 07015e03 lhu              x28, 112(x2)        x28=00000037  x2:100024d8  PA:10002548
27069395ns          470834 1c0094e0 01b60633 add              x12, x12, x27       x12=00000d43 x12:00000058 x27:00000ceb
27069415ns          470835 1c0094e2 00980833 add              x16, x16, x9        x16=0000ffe8 x16:00000000  x9:0000ffe8
27069435ns          470836 1c0094e4 06015d83 lhu              x27, 96(x2)         x27=000000b8  x2:100024d8  PA:10002538
27069455ns          470837 1c0094e8 02812483 lw               x9, 40(x2)           x9=1c002ec8  x2:100024d8  PA:10002500
27069475ns          470838 1c0094ea 40afdf93 srai             x31, x31, 0x40a     x31=00000000 x31:00000031
27069495ns          470839 1c0094ee 40a55513 srai             x10, x10, 0x40a     x10=ffffffff x10:ffffff7b
27069515ns          470840 1c0094f0 01cf8fb3 add              x31, x31, x28       x31=00000037 x31:00000000 x28:00000037
27069534ns          470841 1c0094f2 00b50533 add              x10, x10, x11       x10=0000ffbe x10:ffffffff x11:0000ffbf
27069554ns          470842 1c0094f4 09015e03 lhu              x28, 144(x2)        x28=0000ff72  x2:100024d8  PA:10002568
27069574ns          470843 1c0094f8 03012583 lw               x11, 48(x2)         x11=1c002ed8  x2:100024d8  PA:10002508
27069594ns          470844 1c0094fa 00c49023 sh               x12, 0(x9)          x12:00000d43  x9:1c002ec8  PA:1c002ec8
27069912ns          470860 1c0094fe 01b888b3 add              x17, x17, x27       x17=000000b8 x17:00000000 x27:000000b8
27069932ns          470861 1c009500 01a30333 add              x6, x6, x26          x6=000002ba  x6:00000007 x26:000002b3
27069952ns          470862 1c009502 08015d83 lhu              x27, 128(x2)        x27=00000012  x2:100024d8  PA:10002558
27069992ns          470864 1c009506 0000d903 lhu              x18, 0(x1)          x18=0000ff44  x1:1c002e88  PA:1c002e88
27070310ns          470880 1c00950a 01c686b3 add              x13, x13, x28       x13=0000ff72 x13:00000000 x28:0000ff72
27070330ns          470881 1c00950c 00659023 sh               x6, 0(x11)           x6:000002ba x11:1c002ed8  PA:1c002ed8
27070668ns          470898 1c009510 40af5f13 srai             x30, x30, 0x40a     x30=00000000 x30:00000000
27070688ns          470899 1c009514 04812e03 lw               x28, 72(x2)         x28=1c002f08  x2:100024d8  PA:10002520
27070708ns          470900 1c009516 01bf0f33 add              x30, x30, x27       x30=00000012 x30:00000000 x27:00000012
27070728ns          470901 1c009518 40aede93 srai             x29, x29, 0x40a     x29=00000000 x29:00000000
27070748ns          470902 1c00951c 40a75713 srai             x14, x14, 0x40a     x14=fffffffe x14:fffff978
27070767ns          470903 1c00951e 03812603 lw               x12, 56(x2)         x12=1c002ee8  x2:100024d8  PA:10002510
27070787ns          470904 1c009520 04012d83 lw               x27, 64(x2)         x27=1c002ef8  x2:100024d8  PA:10002518
27070807ns          470905 1c009522 01ee1023 sh               x30, 0(x28)         x30:00000012 x28:1c002f08  PA:1c002f08
27071145ns          470922 1c009526 05812483 lw               x9, 88(x2)           x9=1c002e68  x2:100024d8  PA:10002530
27071165ns          470923 1c009528 05012f03 lw               x30, 80(x2)         x30=1c002e78  x2:100024d8  PA:10002528
27071185ns          470924 1c00952a 0a012583 lw               x11, 160(x2)        x11=1c002e98  x2:100024d8  PA:10002578
27071205ns          470925 1c00952c 014787b3 add              x15, x15, x20       x15=0001fd0f x15:0000ffed x20:0000fd22
27071225ns          470926 1c00952e 013e8eb3 add              x29, x29, x19       x29=0000ffce x29:00000000 x19:0000ffce
27071245ns          470927 1c009530 01270733 add              x14, x14, x18       x14=0000ff42 x14:fffffffe x18:0000ff44
27071265ns          470928 1c009532 00f49023 sh               x15, 0(x9)          x15:0001fd0f  x9:1c002e68  PA:1c002e68
27071583ns          470944 1c009536 01161023 sh               x17, 0(x12)         x17:000000b8 x12:1c002ee8  PA:1c002ee8
27071921ns          470961 1c00953a 01fd9023 sh               x31, 0(x27)         x31:00000037 x27:1c002ef8  PA:1c002ef8
27072239ns          470977 1c00953e 00df1023 sh               x13, 0(x30)         x13:0000ff72 x30:1c002e78  PA:1c002e78
27072557ns          470993 1c009542 01d59023 sh               x29, 0(x11)         x29:0000ffce x11:1c002e98  PA:1c002e98
27072876ns          471009 1c009546 00e09023 sh               x14, 0(x1)          x14:0000ff42  x1:1c002e88  PA:1c002e88
27073214ns          471026 1c00954a 01039023 sh               x16, 0(x7)          x16:0000ffe8  x7:1c002eb8  PA:1c002eb8
27073532ns          471042 1c00954e 00a29023 sh               x10, 0(x5)          x10:0000ffbe  x5:1c002ea8  PA:1c002ea8
27073870ns          471059 1c009552 008b0b13 addi             x22, x22, 8         x22=000000f4 x22:000000ec
27073890ns          471060 1c009554 1f300793 addi             x15, x0, 499        x15=000001f3
27073910ns          471061 1c009558 e767dae3 bge              x15, x22, -396      x15:000001f3 x22:000000f4
27074009ns          471066 1c0093cc 010c9a0b p.lh             x20, 16(x25!)       x20=fffffdd5 x25=1c002880 x25:1c002870  PA:1c002870
27074367ns          471084 1c0093d0 0104198b p.lh             x19, 16(x8!)        x19=00000053  x8=1c002048  x8:1c002038  PA:1c002038
27074666ns          471099 1c0093d4 2cc10513 addi             x10, x2, 716        x10=100027a4  x2:100024d8
27074685ns          471100 1c0093d6 010a990b p.lh             x18, 16(x21!)       x18=fffffde2 x21=1c001874 x21:1c001864  PA:1c001864
27075004ns          471116 1c0093da 010b948b p.lh             x9, 16(x23!)         x9=000000ae x23=1c0010a4 x23:1c001094  PA:1c001094
27075322ns          471132 1c0093de 2d411623 sh               x20, 716(x2)        x20:fffffdd5  x2:100024d8  PA:100027a4
27075342ns          471133 1c0093e2 2d311723 sh               x19, 718(x2)        x19:00000053  x2:100024d8  PA:100027a6
27075362ns          471134 1c0093e6 c33ff0ef jal              x1, -974             x1=1c0093e8
27075401ns          471136 1c009018 00051803 lh               x16, 0(x10)         x16=fffffdd5 x10:100027a4  PA:100027a4
27075421ns          471137 1c00901c 00251883 lh               x17, 2(x10)         x17=00000053 x10:100027a4  PA:100027a6
27075481ns          471140 1c009020 030806b3 mul              x13, x16, x16       x13=0004b339 x16:fffffdd5 x16:fffffdd5
27075521ns          471142 1c009024 03188633 mul              x12, x17, x17       x12=00001ae9 x17:00000053 x17:00000053
27075541ns          471143 1c009028 40a65613 srai             x12, x12, 0x40a     x12=00000006 x12:00001ae9
27075560ns          471144 1c00902a 40a6d693 srai             x13, x13, 0x40a     x13=0000012c x13:0004b339
27075580ns          471145 1c00902c 00c686b3 add              x13, x13, x12       x13=00000132 x13:0000012c x12:00000006
27075600ns          471146 1c00902e 1006c633 p.exths          x12, x13, x0        x12=00000132 x13:00000132
27075620ns          471147 1c009032 00855703 lhu              x14, 8(x10)         x14=0000ffd1 x10:100027a4  PA:100027ac
27075640ns          471148 1c009036 00a55683 lhu              x13, 10(x10)        x13=0000ff6a x10:100027a4  PA:100027ae
27075660ns          471149 1c00903a 02c60333 mul              x6, x12, x12         x6=00016dc4 x12:00000132 x12:00000132
27075680ns          471150 1c00903e 00c55783 lhu              x15, 12(x10)        x15=0000ffe5 x10:100027a4  PA:100027b0
27075700ns          471151 1c009042 00e55583 lhu              x11, 14(x10)        x11=00000060 x10:100027a4  PA:100027b2
27075720ns          471152 1c009046 dea30333 p.extract        x6, x6, 15, 10       x6=0000005b  x6:00016dc4
27075739ns          471153 1c00904a 80c7075b p.muls           x14, x14, x12       x14=ffffc7d2 x14:0000ffd1 x12:00000132
27075759ns          471154 1c00904e 80c686db p.muls           x13, x13, x12       x13=ffff4cb4 x13:0000ff6a x12:00000132
27075779ns          471155 1c009052 00455e83 lhu              x29, 4(x10)         x29=00000427 x10:100027a4  PA:100027a8
27075799ns          471156 1c009056 00655e03 lhu              x28, 6(x10)         x28=0000007f x10:100027a4  PA:100027aa
27075819ns          471157 1c00905a 40a75713 srai             x14, x14, 0x40a     x14=fffffff1 x14:ffffc7d2
27075839ns          471158 1c00905c 806787db p.muls           x15, x15, x6        x15=fffff667 x15:0000ffe5  x6:0000005b
27075859ns          471159 1c009060 40a6d693 srai             x13, x13, 0x40a     x13=ffffffd3 x13:ffff4cb4
27075879ns          471160 1c009062 8065865b p.muls           x12, x11, x6        x12=00002220 x11:00000060  x6:0000005b
27075899ns          471161 1c009066 40a7d793 srai             x15, x15, 0x40a     x15=fffffffd x15:fffff667
27075918ns          471162 1c009068 40a65613 srai             x12, x12, 0x40a     x12=00000008 x12:00002220
27075938ns          471163 1c00906a 01d70733 add              x14, x14, x29       x14=00000418 x14:fffffff1 x29:00000427
27075958ns          471164 1c00906c 01c686b3 add              x13, x13, x28       x13=00000052 x13:ffffffd3 x28:0000007f
27075978ns          471165 1c00906e 00c686b3 add              x13, x13, x12       x13=0000005a x13:00000052 x12:00000008
27075998ns          471166 1c009070 00f70733 add              x14, x14, x15       x14=00000415 x14:00000418 x15:fffffffd
27076018ns          471167 1c009072 100747b3 p.exths          x15, x14, x0        x15=00000415 x14:00000415
27076038ns          471168 1c009076 1006c733 p.exths          x14, x13, x0        x14=0000005a x13:0000005a
27076058ns          471169 1c00907a 03170633 mul              x12, x14, x17       x12=00001d2e x14:0000005a x17:00000053
27076078ns          471170 1c00907e 030786b3 mul              x13, x15, x16       x13=fff72679 x15:00000415 x16:fffffdd5
27076097ns          471171 1c009082 03070733 mul              x14, x14, x16       x14=ffff3ce2 x14:0000005a x16:fffffdd5
27076117ns          471172 1c009086 031787b3 mul              x15, x15, x17       x15=000152cf x15:00000415 x17:00000053
27076137ns          471173 1c00908a 40a6d693 srai             x13, x13, 0x40a     x13=fffffdc9 x13:fff72679
27076157ns          471174 1c00908c 40a65613 srai             x12, x12, 0x40a     x12=00000007 x12:00001d2e
27076177ns          471175 1c00908e 40a7d793 srai             x15, x15, 0x40a     x15=00000054 x15:000152cf
27076197ns          471176 1c009090 40a75713 srai             x14, x14, 0x40a     x14=ffffffcf x14:ffff3ce2
27076217ns          471177 1c009092 40c686b3 sub              x13, x13, x12       x13=fffffdc2 x13:fffffdc9 x12:00000007
27076237ns          471178 1c009094 00e787b3 add              x15, x15, x14       x15=00000023 x15:00000054 x14:ffffffcf
27076257ns          471179 1c009096 00d51823 sh               x13, 16(x10)        x13:fffffdc2 x10:100027a4  PA:100027b4
27076276ns          471180 1c00909a 00f51923 sh               x15, 18(x10)        x15:00000023 x10:100027a4  PA:100027b6
27076296ns          471181 1c00909e 00008067 jalr             x0, x1, 0            x1:1c0093e8
27076336ns          471183 1c0093e8 2dc15583 lhu              x11, 732(x2)        x11=0000fdc2  x2:100024d8  PA:100027b4
27076356ns          471184 1c0093ec 2de15783 lhu              x15, 734(x2)        x15=00000023  x2:100024d8  PA:100027b6
27076376ns          471185 1c0093f0 40b90933 sub              x18, x18, x11       x18=ffff0020 x18:fffffde2 x11:0000fdc2
27076396ns          471186 1c0093f4 40f484b3 sub              x9, x9, x15          x9=0000008b  x9:000000ae x15:00000023
27076416ns          471187 1c0093f6 100945b3 p.exths          x11, x18, x0        x11=00000020 x18:ffff0020
27076436ns          471188 1c0093fa 1004c7b3 p.exths          x15, x9, x0         x15=0000008b  x9:0000008b
27076455ns          471189 1c0093fe 034586b3 mul              x13, x11, x20       x13=ffffbaa0 x11:00000020 x20:fffffdd5
27076475ns          471190 1c009402 03378533 mul              x10, x15, x19       x10=00002d11 x15:0000008b x19:00000053
27076495ns          471191 1c009406 034a0633 mul              x12, x20, x20       x12=0004b339 x20:fffffdd5 x20:fffffdd5
27076515ns          471192 1c00940a 03398733 mul              x14, x19, x19       x14=00001ae9 x19:00000053 x19:00000053
27076535ns          471193 1c00940e 034787b3 mul              x15, x15, x20       x15=fffed2a7 x15:0000008b x20:fffffdd5
27076555ns          471194 1c009412 033585b3 mul              x11, x11, x19       x11=00000a60 x11:00000020 x19:00000053
27076575ns          471195 1c009416 40a75713 srai             x14, x14, 0x40a     x14=00000006 x14:00001ae9
27076595ns          471196 1c009418 40a5d593 srai             x11, x11, 0x40a     x11=00000002 x11:00000a60
27076615ns          471197 1c00941a 40a65613 srai             x12, x12, 0x40a     x12=0000012c x12:0004b339
27076634ns          471198 1c00941c 40a7d793 srai             x15, x15, 0x40a     x15=ffffffb4 x15:fffed2a7
27076654ns          471199 1c00941e 1c0034b7 lui              x9, 0x1c003000       x9=1c003000
27076674ns          471200 1c009422 00e60633 add              x12, x12, x14       x12=00000132 x12:0000012c x14:00000006
27076694ns          471201 1c009424 40b787b3 sub              x15, x15, x11       x15=ffffffb2 x15:ffffffb4 x11:00000002
27076714ns          471202 1c009426 eb048493 addi             x9, x9, -336         x9=1c002eb0  x9:1c003000
27076734ns          471203 1c00942a 1c0032b7 lui              x5, 0x1c003000       x5=1c003000
27076754ns          471204 1c00942e 1c0035b7 lui              x11, 0x1c003000     x11=1c003000
27076774ns          471205 1c009432 018483b3 add              x7, x9, x24          x7=1c002eb8  x9:1c002eb0 x24:00000008
27076794ns          471206 1c009436 02812e83 lw               x29, 40(x2)         x29=1c002ec8  x2:100024d8  PA:10002500
27076813ns          471207 1c009438 10065633 p.exthz          x12, x12, x0        x12=00000132 x12:00000132
27076833ns          471208 1c00943c e8028293 addi             x5, x5, -384         x5=1c002e80  x5:1c003000
27076853ns          471209 1c009440 ea058593 addi             x11, x11, -352      x11=1c002ea0 x11:1c003000
27076893ns          471211 1c009444 03812483 lw               x9, 56(x2)           x9=1c002ee8  x2:100024d8  PA:10002510
27076913ns          471212 1c009446 10064733 p.exths          x14, x12, x0        x14=00000132 x12:00000132
27076933ns          471213 1c00944a 018280b3 add              x1, x5, x24          x1=1c002e88  x5:1c002e80 x24:00000008
27076953ns          471214 1c00944e 03012f03 lw               x30, 48(x2)         x30=1c002ed8  x2:100024d8  PA:10002508
27076992ns          471216 1c009450 018582b3 add              x5, x11, x24         x5=1c002ea8 x11:1c002ea0 x24:00000008
27077032ns          471218 1c009454 04012583 lw               x11, 64(x2)         x11=1c002ef8  x2:100024d8  PA:10002518
27077052ns          471219 1c009456 000edd83 lhu              x27, 0(x29)         x27=00000d43 x29:1c002ec8  PA:1c002ec8
27077350ns          471234 1c00945a 0004d483 lhu              x9, 0(x9)            x9=000000b8  x9:1c002ee8  PA:1c002ee8
27077689ns          471251 1c00945e 02e70333 mul              x6, x14, x14         x6=00016dc4 x14:00000132 x14:00000132
27077708ns          471252 1c009462 40a55513 srai             x10, x10, 0x40a     x10=0000000b x10:00002d11
27077728ns          471253 1c009464 04812e83 lw               x29, 72(x2)         x29=1c002f08  x2:100024d8  PA:10002520
27077748ns          471254 1c009466 40a6d693 srai             x13, x13, 0x40a     x13=ffffffee x13:ffffbaa0
27077768ns          471255 1c009468 000f5d03 lhu              x26, 0(x30)         x26=000002ba x30:1c002ed8  PA:1c002ed8
27078066ns          471270 1c00946c 0005d583 lhu              x11, 0(x11)         x11=00000037 x11:1c002ef8  PA:1c002ef8
27078385ns          471286 1c009470 40a35313 srai             x6, x6, 0x40a        x6=0000005b  x6:00016dc4
27078404ns          471287 1c009474 00a686b3 add              x13, x13, x10       x13=fffffff9 x13:ffffffee x10:0000000b
27078424ns          471288 1c009476 05012f03 lw               x30, 80(x2)         x30=1c002e78  x2:100024d8  PA:10002528
27078444ns          471289 1c009478 10034e33 p.exths          x28, x6, x0         x28=0000005b  x6:0000005b
27078464ns          471290 1c00947c 06911023 sh               x9, 96(x2)           x9:000000b8  x2:100024d8  PA:10002538
27078484ns          471291 1c009480 000ede83 lhu              x29, 0(x29)         x29=00000012 x29:1c002f08  PA:1c002f08
27078922ns          471313 1c009484 05812483 lw               x9, 88(x2)           x9=1c002e68  x2:100024d8  PA:10002530
27078941ns          471314 1c009486 1006d6b3 p.exthz          x13, x13, x0        x13=0000fff9 x13:fffffff9
27078961ns          471315 1c00948a 02ee08b3 mul              x17, x28, x14       x17=00006cc6 x28:0000005b x14:00000132
27078981ns          471316 1c00948e 1006c833 p.exths          x16, x13, x0        x16=fffffff9 x13:0000fff9
27079001ns          471317 1c009492 06b11823 sh               x11, 112(x2)        x11:00000037  x2:100024d8  PA:10002548
27079021ns          471318 1c009496 000f5f03 lhu              x30, 0(x30)         x30=0000ff72 x30:1c002e78  PA:1c002e78
27079399ns          471337 1c00949a 0a012583 lw               x11, 160(x2)        x11=1c002e98  x2:100024d8  PA:10002578
27079419ns          471338 1c00949c 1007d7b3 p.exthz          x15, x15, x0        x15=0000ffb2 x15:ffffffb2
27079439ns          471339 1c0094a0 0004da03 lhu              x20, 0(x9)          x20=0000fd0f  x9:1c002e68  PA:1c002e68
27079757ns          471355 1c0094a4 1007c533 p.exths          x10, x15, x0        x10=ffffffb2 x15:0000ffb2
27079777ns          471356 1c0094a8 09d11023 sh               x29, 128(x2)        x29:00000012  x2:100024d8  PA:10002558
27079797ns          471357 1c0094ac 0003d483 lhu              x9, 0(x7)            x9=0000ffe8  x7:1c002eb8  PA:1c002eb8
27080095ns          471372 1c0094b0 02e80eb3 mul              x29, x16, x14       x29=fffff7a2 x16:fffffff9 x14:00000132
27080115ns          471373 1c0094b4 40a8d893 srai             x17, x17, 0x40a     x17=0000001b x17:00006cc6
27080135ns          471374 1c0094b8 03c80833 mul              x16, x16, x28       x16=fffffd83 x16:fffffff9 x28:0000005b
27080155ns          471375 1c0094bc 09e11823 sh               x30, 144(x2)        x30:0000ff72  x2:100024d8  PA:10002568
27080175ns          471376 1c0094c0 0005d983 lhu              x19, 0(x11)         x19=0000ffce x11:1c002e98  PA:1c002e98
27080493ns          471392 1c0094c4 81c88f5b p.muls           x30, x17, x28       x30=00000999 x17:0000001b x28:0000005b
27080513ns          471393 1c0094c8 0002d583 lhu              x11, 0(x5)          x11=0000ffbe  x5:1c002ea8  PA:1c002ea8
27080811ns          471408 1c0094cc 03ce0fb3 mul              x31, x28, x28       x31=00002059 x28:0000005b x28:0000005b
27080831ns          471409 1c0094d0 02e50733 mul              x14, x10, x14       x14=ffffa2c4 x10:ffffffb2 x14:00000132
27080851ns          471410 1c0094d4 40a85813 srai             x16, x16, 0x40a     x16=ffffffff x16:fffffd83
27080871ns          471411 1c0094d8 03c50533 mul              x10, x10, x28       x10=ffffe446 x10:ffffffb2 x28:0000005b
27080890ns          471412 1c0094dc 07015e03 lhu              x28, 112(x2)        x28=00000037  x2:100024d8  PA:10002548
27080910ns          471413 1c0094e0 01b60633 add              x12, x12, x27       x12=00000e75 x12:00000132 x27:00000d43
27080930ns          471414 1c0094e2 00980833 add              x16, x16, x9        x16=0000ffe7 x16:ffffffff  x9:0000ffe8
27080950ns          471415 1c0094e4 06015d83 lhu              x27, 96(x2)         x27=000000b8  x2:100024d8  PA:10002538
27080970ns          471416 1c0094e8 02812483 lw               x9, 40(x2)           x9=1c002ec8  x2:100024d8  PA:10002500
27080990ns          471417 1c0094ea 40afdf93 srai             x31, x31, 0x40a     x31=00000008 x31:00002059
27081010ns          471418 1c0094ee 40a55513 srai             x10, x10, 0x40a     x10=fffffff9 x10:ffffe446
27081030ns          471419 1c0094f0 01cf8fb3 add              x31, x31, x28       x31=0000003f x31:00000008 x28:00000037
27081050ns          471420 1c0094f2 00b50533 add              x10, x10, x11       x10=0000ffb7 x10:fffffff9 x11:0000ffbe
27081069ns          471421 1c0094f4 09015e03 lhu              x28, 144(x2)        x28=0000ff72  x2:100024d8  PA:10002568
27081089ns          471422 1c0094f8 03012583 lw               x11, 48(x2)         x11=1c002ed8  x2:100024d8  PA:10002508
27081109ns          471423 1c0094fa 00c49023 sh               x12, 0(x9)          x12:00000e75  x9:1c002ec8  PA:1c002ec8
27081427ns          471439 1c0094fe 01b888b3 add              x17, x17, x27       x17=000000d3 x17:0000001b x27:000000b8
27081447ns          471440 1c009500 01a30333 add              x6, x6, x26          x6=00000315  x6:0000005b x26:000002ba
27081467ns          471441 1c009502 08015d83 lhu              x27, 128(x2)        x27=00000012  x2:100024d8  PA:10002558
27081487ns          471442 1c009506 0000d903 lhu              x18, 0(x1)          x18=0000ff42  x1:1c002e88  PA:1c002e88
27081785ns          471457 1c00950a 01c686b3 add              x13, x13, x28       x13=0001ff6b x13:0000fff9 x28:0000ff72
27081805ns          471458 1c00950c 00659023 sh               x6, 0(x11)           x6:00000315 x11:1c002ed8  PA:1c002ed8
27082143ns          471475 1c009510 40af5f13 srai             x30, x30, 0x40a     x30=00000002 x30:00000999
27082163ns          471476 1c009514 04812e03 lw               x28, 72(x2)         x28=1c002f08  x2:100024d8  PA:10002520
27082183ns          471477 1c009516 01bf0f33 add              x30, x30, x27       x30=00000014 x30:00000002 x27:00000012
27082203ns          471478 1c009518 40aede93 srai             x29, x29, 0x40a     x29=fffffffd x29:fffff7a2
27082223ns          471479 1c00951c 40a75713 srai             x14, x14, 0x40a     x14=ffffffe8 x14:ffffa2c4
27082243ns          471480 1c00951e 03812603 lw               x12, 56(x2)         x12=1c002ee8  x2:100024d8  PA:10002510
27082263ns          471481 1c009520 04012d83 lw               x27, 64(x2)         x27=1c002ef8  x2:100024d8  PA:10002518
27082283ns          471482 1c009522 01ee1023 sh               x30, 0(x28)         x30:00000014 x28:1c002f08  PA:1c002f08
27082601ns          471498 1c009526 05812483 lw               x9, 88(x2)           x9=1c002e68  x2:100024d8  PA:10002530
27082621ns          471499 1c009528 05012f03 lw               x30, 80(x2)         x30=1c002e78  x2:100024d8  PA:10002528
27082641ns          471500 1c00952a 0a012583 lw               x11, 160(x2)        x11=1c002e98  x2:100024d8  PA:10002578
27082661ns          471501 1c00952c 014787b3 add              x15, x15, x20       x15=0001fcc1 x15:0000ffb2 x20:0000fd0f
27082680ns          471502 1c00952e 013e8eb3 add              x29, x29, x19       x29=0000ffcb x29:fffffffd x19:0000ffce
27082700ns          471503 1c009530 01270733 add              x14, x14, x18       x14=0000ff2a x14:ffffffe8 x18:0000ff42
27082720ns          471504 1c009532 00f49023 sh               x15, 0(x9)          x15:0001fcc1  x9:1c002e68  PA:1c002e68
27083038ns          471520 1c009536 01161023 sh               x17, 0(x12)         x17:000000d3 x12:1c002ee8  PA:1c002ee8
27083357ns          471536 1c00953a 01fd9023 sh               x31, 0(x27)         x31:0000003f x27:1c002ef8  PA:1c002ef8
27083675ns          471552 1c00953e 00df1023 sh               x13, 0(x30)         x13:0001ff6b x30:1c002e78  PA:1c002e78
27083993ns          471568 1c009542 01d59023 sh               x29, 0(x11)         x29:0000ffcb x11:1c002e98  PA:1c002e98
27084311ns          471584 1c009546 00e09023 sh               x14, 0(x1)          x14:0000ff2a  x1:1c002e88  PA:1c002e88
27084629ns          471600 1c00954a 01039023 sh               x16, 0(x7)          x16:0000ffe7  x7:1c002eb8  PA:1c002eb8
27084948ns          471616 1c00954e 00a29023 sh               x10, 0(x5)          x10:0000ffb7  x5:1c002ea8  PA:1c002ea8
27085286ns          471633 1c009552 008b0b13 addi             x22, x22, 8         x22=000000fc x22:000000f4
27085306ns          471634 1c009554 1f300793 addi             x15, x0, 499        x15=000001f3
27085326ns          471635 1c009558 e767dae3 bge              x15, x22, -396      x15:000001f3 x22:000000fc
27085425ns          471640 1c0093cc 010c9a0b p.lh             x20, 16(x25!)       x20=00000091 x25=1c002890 x25:1c002880  PA:1c002880
27085763ns          471657 1c0093d0 0104198b p.lh             x19, 16(x8!)        x19=fffffed9  x8=1c002058  x8:1c002048  PA:1c002048
27086061ns          471672 1c0093d4 2cc10513 addi             x10, x2, 716        x10=100027a4  x2:100024d8
27086081ns          471673 1c0093d6 010a990b p.lh             x18, 16(x21!)       x18=00000080 x21=1c001884 x21:1c001874  PA:1c001874
27086399ns          471689 1c0093da 010b948b p.lh             x9, 16(x23!)         x9=fffffed0 x23=1c0010b4 x23:1c0010a4  PA:1c0010a4
27086698ns          471704 1c0093de 2d411623 sh               x20, 716(x2)        x20:00000091  x2:100024d8  PA:100027a4
27086718ns          471705 1c0093e2 2d311723 sh               x19, 718(x2)        x19:fffffed9  x2:100024d8  PA:100027a6
27086738ns          471706 1c0093e6 c33ff0ef jal              x1, -974             x1=1c0093e8
27086817ns          471710 1c009018 00051803 lh               x16, 0(x10)         x16=00000091 x10:100027a4  PA:100027a4
27086857ns          471712 1c00901c 00251883 lh               x17, 2(x10)         x17=fffffed9 x10:100027a4  PA:100027a6
27086917ns          471715 1c009020 030806b3 mul              x13, x16, x16       x13=00005221 x16:00000091 x16:00000091
27086956ns          471717 1c009024 03188633 mul              x12, x17, x17       x12=000153f1 x17:fffffed9 x17:fffffed9
27086976ns          471718 1c009028 40a65613 srai             x12, x12, 0x40a     x12=00000054 x12:000153f1
27086996ns          471719 1c00902a 40a6d693 srai             x13, x13, 0x40a     x13=00000014 x13:00005221
27087016ns          471720 1c00902c 00c686b3 add              x13, x13, x12       x13=00000068 x13:00000014 x12:00000054
27087036ns          471721 1c00902e 1006c633 p.exths          x12, x13, x0        x12=00000068 x13:00000068
27087056ns          471722 1c009032 00855703 lhu              x14, 8(x10)         x14=0000ffd1 x10:100027a4  PA:100027ac
27087076ns          471723 1c009036 00a55683 lhu              x13, 10(x10)        x13=0000ff6a x10:100027a4  PA:100027ae
27087096ns          471724 1c00903a 02c60333 mul              x6, x12, x12         x6=00002a40 x12:00000068 x12:00000068
27087135ns          471726 1c00903e 00c55783 lhu              x15, 12(x10)        x15=0000ffe5 x10:100027a4  PA:100027b0
27087175ns          471728 1c009042 00e55583 lhu              x11, 14(x10)        x11=00000060 x10:100027a4  PA:100027b2
27087195ns          471729 1c009046 dea30333 p.extract        x6, x6, 15, 10       x6=0000000a  x6:00002a40
27087215ns          471730 1c00904a 80c7075b p.muls           x14, x14, x12       x14=ffffece8 x14:0000ffd1 x12:00000068
27087235ns          471731 1c00904e 80c686db p.muls           x13, x13, x12       x13=ffffc310 x13:0000ff6a x12:00000068
27087255ns          471732 1c009052 00455e83 lhu              x29, 4(x10)         x29=00000427 x10:100027a4  PA:100027a8
27087275ns          471733 1c009056 00655e03 lhu              x28, 6(x10)         x28=0000007f x10:100027a4  PA:100027aa
27087294ns          471734 1c00905a 40a75713 srai             x14, x14, 0x40a     x14=fffffffb x14:ffffece8
27087314ns          471735 1c00905c 806787db p.muls           x15, x15, x6        x15=fffffef2 x15:0000ffe5  x6:0000000a
27087334ns          471736 1c009060 40a6d693 srai             x13, x13, 0x40a     x13=fffffff0 x13:ffffc310
27087354ns          471737 1c009062 8065865b p.muls           x12, x11, x6        x12=000003c0 x11:00000060  x6:0000000a
27087374ns          471738 1c009066 40a7d793 srai             x15, x15, 0x40a     x15=ffffffff x15:fffffef2
27087394ns          471739 1c009068 40a65613 srai             x12, x12, 0x40a     x12=00000000 x12:000003c0
27087414ns          471740 1c00906a 01d70733 add              x14, x14, x29       x14=00000422 x14:fffffffb x29:00000427
27087434ns          471741 1c00906c 01c686b3 add              x13, x13, x28       x13=0000006f x13:fffffff0 x28:0000007f
27087454ns          471742 1c00906e 00c686b3 add              x13, x13, x12       x13=0000006f x13:0000006f x12:00000000
27087473ns          471743 1c009070 00f70733 add              x14, x14, x15       x14=00000421 x14:00000422 x15:ffffffff
27087493ns          471744 1c009072 100747b3 p.exths          x15, x14, x0        x15=00000421 x14:00000421
27087513ns          471745 1c009076 1006c733 p.exths          x14, x13, x0        x14=0000006f x13:0000006f
27087533ns          471746 1c00907a 03170633 mul              x12, x14, x17       x12=ffff8017 x14:0000006f x17:fffffed9
27087553ns          471747 1c00907e 030786b3 mul              x13, x15, x16       x13=000256b1 x15:00000421 x16:00000091
27087573ns          471748 1c009082 03070733 mul              x14, x14, x16       x14=00003edf x14:0000006f x16:00000091
27087593ns          471749 1c009086 031787b3 mul              x15, x15, x17       x15=fffb3df9 x15:00000421 x17:fffffed9
27087613ns          471750 1c00908a 40a6d693 srai             x13, x13, 0x40a     x13=00000095 x13:000256b1
27087633ns          471751 1c00908c 40a65613 srai             x12, x12, 0x40a     x12=ffffffe0 x12:ffff8017
27087652ns          471752 1c00908e 40a7d793 srai             x15, x15, 0x40a     x15=fffffecf x15:fffb3df9
27087672ns          471753 1c009090 40a75713 srai             x14, x14, 0x40a     x14=0000000f x14:00003edf
27087692ns          471754 1c009092 40c686b3 sub              x13, x13, x12       x13=000000b5 x13:00000095 x12:ffffffe0
27087712ns          471755 1c009094 00e787b3 add              x15, x15, x14       x15=fffffede x15:fffffecf x14:0000000f
27087732ns          471756 1c009096 00d51823 sh               x13, 16(x10)        x13:000000b5 x10:100027a4  PA:100027b4
27087752ns          471757 1c00909a 00f51923 sh               x15, 18(x10)        x15:fffffede x10:100027a4  PA:100027b6
27087772ns          471758 1c00909e 00008067 jalr             x0, x1, 0            x1:1c0093e8
27087812ns          471760 1c0093e8 2dc15583 lhu              x11, 732(x2)        x11=000000b5  x2:100024d8  PA:100027b4
27087831ns          471761 1c0093ec 2de15783 lhu              x15, 734(x2)        x15=0000fede  x2:100024d8  PA:100027b6
27087851ns          471762 1c0093f0 40b90933 sub              x18, x18, x11       x18=ffffffcb x18:00000080 x11:000000b5
27087871ns          471763 1c0093f4 40f484b3 sub              x9, x9, x15          x9=fffefff2  x9:fffffed0 x15:0000fede
27087891ns          471764 1c0093f6 100945b3 p.exths          x11, x18, x0        x11=ffffffcb x18:ffffffcb
27087911ns          471765 1c0093fa 1004c7b3 p.exths          x15, x9, x0         x15=fffffff2  x9:fffefff2
27087931ns          471766 1c0093fe 034586b3 mul              x13, x11, x20       x13=ffffe1fb x11:ffffffcb x20:00000091
27087951ns          471767 1c009402 03378533 mul              x10, x15, x19       x10=00001022 x15:fffffff2 x19:fffffed9
27087971ns          471768 1c009406 034a0633 mul              x12, x20, x20       x12=00005221 x20:00000091 x20:00000091
27087990ns          471769 1c00940a 03398733 mul              x14, x19, x19       x14=000153f1 x19:fffffed9 x19:fffffed9
27088010ns          471770 1c00940e 034787b3 mul              x15, x15, x20       x15=fffff812 x15:fffffff2 x20:00000091
27088030ns          471771 1c009412 033585b3 mul              x11, x11, x19       x11=00003d13 x11:ffffffcb x19:fffffed9
27088050ns          471772 1c009416 40a75713 srai             x14, x14, 0x40a     x14=00000054 x14:000153f1
27088070ns          471773 1c009418 40a5d593 srai             x11, x11, 0x40a     x11=0000000f x11:00003d13
27088090ns          471774 1c00941a 40a65613 srai             x12, x12, 0x40a     x12=00000014 x12:00005221
27088110ns          471775 1c00941c 40a7d793 srai             x15, x15, 0x40a     x15=fffffffe x15:fffff812
27088130ns          471776 1c00941e 1c0034b7 lui              x9, 0x1c003000       x9=1c003000
27088150ns          471777 1c009422 00e60633 add              x12, x12, x14       x12=00000068 x12:00000014 x14:00000054
27088169ns          471778 1c009424 40b787b3 sub              x15, x15, x11       x15=ffffffef x15:fffffffe x11:0000000f
27088189ns          471779 1c009426 eb048493 addi             x9, x9, -336         x9=1c002eb0  x9:1c003000
27088209ns          471780 1c00942a 1c0032b7 lui              x5, 0x1c003000       x5=1c003000
27088229ns          471781 1c00942e 1c0035b7 lui              x11, 0x1c003000     x11=1c003000
27088249ns          471782 1c009432 018483b3 add              x7, x9, x24          x7=1c002eb8  x9:1c002eb0 x24:00000008
27088269ns          471783 1c009436 02812e83 lw               x29, 40(x2)         x29=1c002ec8  x2:100024d8  PA:10002500
27088289ns          471784 1c009438 10065633 p.exthz          x12, x12, x0        x12=00000068 x12:00000068
27088309ns          471785 1c00943c e8028293 addi             x5, x5, -384         x5=1c002e80  x5:1c003000
27088329ns          471786 1c009440 ea058593 addi             x11, x11, -352      x11=1c002ea0 x11:1c003000
27088368ns          471788 1c009444 03812483 lw               x9, 56(x2)           x9=1c002ee8  x2:100024d8  PA:10002510
27088388ns          471789 1c009446 10064733 p.exths          x14, x12, x0        x14=00000068 x12:00000068
27088408ns          471790 1c00944a 018280b3 add              x1, x5, x24          x1=1c002e88  x5:1c002e80 x24:00000008
27088428ns          471791 1c00944e 03012f03 lw               x30, 48(x2)         x30=1c002ed8  x2:100024d8  PA:10002508
27088468ns          471793 1c009450 018582b3 add              x5, x11, x24         x5=1c002ea8 x11:1c002ea0 x24:00000008
27088508ns          471795 1c009454 04012583 lw               x11, 64(x2)         x11=1c002ef8  x2:100024d8  PA:10002518
27088527ns          471796 1c009456 000edd83 lhu              x27, 0(x29)         x27=00000e75 x29:1c002ec8  PA:1c002ec8
27088826ns          471811 1c00945a 0004d483 lhu              x9, 0(x9)            x9=000000d3  x9:1c002ee8  PA:1c002ee8
27089144ns          471827 1c00945e 02e70333 mul              x6, x14, x14         x6=00002a40 x14:00000068 x14:00000068
27089164ns          471828 1c009462 40a55513 srai             x10, x10, 0x40a     x10=00000004 x10:00001022
27089184ns          471829 1c009464 04812e83 lw               x29, 72(x2)         x29=1c002f08  x2:100024d8  PA:10002520
27089204ns          471830 1c009466 40a6d693 srai             x13, x13, 0x40a     x13=fffffff8 x13:ffffe1fb
27089224ns          471831 1c009468 000f5d03 lhu              x26, 0(x30)         x26=00000315 x30:1c002ed8  PA:1c002ed8
27089582ns          471849 1c00946c 0005d583 lhu              x11, 0(x11)         x11=0000003f x11:1c002ef8  PA:1c002ef8
27089880ns          471864 1c009470 40a35313 srai             x6, x6, 0x40a        x6=0000000a  x6:00002a40
27089900ns          471865 1c009474 00a686b3 add              x13, x13, x10       x13=fffffffc x13:fffffff8 x10:00000004
27089920ns          471866 1c009476 05012f03 lw               x30, 80(x2)         x30=1c002e78  x2:100024d8  PA:10002528
27089940ns          471867 1c009478 10034e33 p.exths          x28, x6, x0         x28=0000000a  x6:0000000a
27089959ns          471868 1c00947c 06911023 sh               x9, 96(x2)           x9:000000d3  x2:100024d8  PA:10002538
27089979ns          471869 1c009480 000ede83 lhu              x29, 0(x29)         x29=00000014 x29:1c002f08  PA:1c002f08
27090278ns          471884 1c009484 05812483 lw               x9, 88(x2)           x9=1c002e68  x2:100024d8  PA:10002530
27090298ns          471885 1c009486 1006d6b3 p.exthz          x13, x13, x0        x13=0000fffc x13:fffffffc
27090317ns          471886 1c00948a 02ee08b3 mul              x17, x28, x14       x17=00000410 x28:0000000a x14:00000068
27090337ns          471887 1c00948e 1006c833 p.exths          x16, x13, x0        x16=fffffffc x13:0000fffc
27090357ns          471888 1c009492 06b11823 sh               x11, 112(x2)        x11:0000003f  x2:100024d8  PA:10002548
27090377ns          471889 1c009496 000f5f03 lhu              x30, 0(x30)         x30=0000ff6b x30:1c002e78  PA:1c002e78
27090715ns          471906 1c00949a 0a012583 lw               x11, 160(x2)        x11=1c002e98  x2:100024d8  PA:10002578
27090735ns          471907 1c00949c 1007d7b3 p.exthz          x15, x15, x0        x15=0000ffef x15:ffffffef
27090755ns          471908 1c0094a0 0004da03 lhu              x20, 0(x9)          x20=0000fcc1  x9:1c002e68  PA:1c002e68
27091053ns          471923 1c0094a4 1007c533 p.exths          x10, x15, x0        x10=ffffffef x15:0000ffef
27091073ns          471924 1c0094a8 09d11023 sh               x29, 128(x2)        x29:00000014  x2:100024d8  PA:10002558
27091093ns          471925 1c0094ac 0003d483 lhu              x9, 0(x7)            x9=0000ffe7  x7:1c002eb8  PA:1c002eb8
27091491ns          471945 1c0094b0 02e80eb3 mul              x29, x16, x14       x29=fffffe60 x16:fffffffc x14:00000068
27091511ns          471946 1c0094b4 40a8d893 srai             x17, x17, 0x40a     x17=00000001 x17:00000410
27091531ns          471947 1c0094b8 03c80833 mul              x16, x16, x28       x16=ffffffd8 x16:fffffffc x28:0000000a
27091550ns          471948 1c0094bc 09e11823 sh               x30, 144(x2)        x30:0000ff6b  x2:100024d8  PA:10002568
27091570ns          471949 1c0094c0 0005d983 lhu              x19, 0(x11)         x19=0000ffcb x11:1c002e98  PA:1c002e98
27091908ns          471966 1c0094c4 81c88f5b p.muls           x30, x17, x28       x30=0000000a x17:00000001 x28:0000000a
27091928ns          471967 1c0094c8 0002d583 lhu              x11, 0(x5)          x11=0000ffb7  x5:1c002ea8  PA:1c002ea8
27092227ns          471982 1c0094cc 03ce0fb3 mul              x31, x28, x28       x31=00000064 x28:0000000a x28:0000000a
27092247ns          471983 1c0094d0 02e50733 mul              x14, x10, x14       x14=fffff918 x10:ffffffef x14:00000068
27092266ns          471984 1c0094d4 40a85813 srai             x16, x16, 0x40a     x16=ffffffff x16:ffffffd8
27092286ns          471985 1c0094d8 03c50533 mul              x10, x10, x28       x10=ffffff56 x10:ffffffef x28:0000000a
27092306ns          471986 1c0094dc 07015e03 lhu              x28, 112(x2)        x28=0000003f  x2:100024d8  PA:10002548
27092346ns          471988 1c0094e0 01b60633 add              x12, x12, x27       x12=00000edd x12:00000068 x27:00000e75
27092366ns          471989 1c0094e2 00980833 add              x16, x16, x9        x16=0000ffe6 x16:ffffffff  x9:0000ffe7
27092386ns          471990 1c0094e4 06015d83 lhu              x27, 96(x2)         x27=000000d3  x2:100024d8  PA:10002538
27092406ns          471991 1c0094e8 02812483 lw               x9, 40(x2)           x9=1c002ec8  x2:100024d8  PA:10002500
27092426ns          471992 1c0094ea 40afdf93 srai             x31, x31, 0x40a     x31=00000000 x31:00000064
27092445ns          471993 1c0094ee 40a55513 srai             x10, x10, 0x40a     x10=ffffffff x10:ffffff56
27092465ns          471994 1c0094f0 01cf8fb3 add              x31, x31, x28       x31=0000003f x31:00000000 x28:0000003f
27092485ns          471995 1c0094f2 00b50533 add              x10, x10, x11       x10=0000ffb6 x10:ffffffff x11:0000ffb7
27092505ns          471996 1c0094f4 09015e03 lhu              x28, 144(x2)        x28=0000ff6b  x2:100024d8  PA:10002568
27092525ns          471997 1c0094f8 03012583 lw               x11, 48(x2)         x11=1c002ed8  x2:100024d8  PA:10002508
27092545ns          471998 1c0094fa 00c49023 sh               x12, 0(x9)          x12:00000edd  x9:1c002ec8  PA:1c002ec8
27092883ns          472015 1c0094fe 01b888b3 add              x17, x17, x27       x17=000000d4 x17:00000001 x27:000000d3
27092903ns          472016 1c009500 01a30333 add              x6, x6, x26          x6=0000031f  x6:0000000a x26:00000315
27092923ns          472017 1c009502 08015d83 lhu              x27, 128(x2)        x27=00000014  x2:100024d8  PA:10002558
27092943ns          472018 1c009506 0000d903 lhu              x18, 0(x1)          x18=0000ff2a  x1:1c002e88  PA:1c002e88
27093241ns          472033 1c00950a 01c686b3 add              x13, x13, x28       x13=0001ff67 x13:0000fffc x28:0000ff6b
27093261ns          472034 1c00950c 00659023 sh               x6, 0(x11)           x6:0000031f x11:1c002ed8  PA:1c002ed8
27093639ns          472053 1c009510 40af5f13 srai             x30, x30, 0x40a     x30=00000000 x30:0000000a
27093659ns          472054 1c009514 04812e03 lw               x28, 72(x2)         x28=1c002f08  x2:100024d8  PA:10002520
27093678ns          472055 1c009516 01bf0f33 add              x30, x30, x27       x30=00000014 x30:00000000 x27:00000014
27093698ns          472056 1c009518 40aede93 srai             x29, x29, 0x40a     x29=ffffffff x29:fffffe60
27093718ns          472057 1c00951c 40a75713 srai             x14, x14, 0x40a     x14=fffffffe x14:fffff918
27093738ns          472058 1c00951e 03812603 lw               x12, 56(x2)         x12=1c002ee8  x2:100024d8  PA:10002510
27093758ns          472059 1c009520 04012d83 lw               x27, 64(x2)         x27=1c002ef8  x2:100024d8  PA:10002518
27093778ns          472060 1c009522 01ee1023 sh               x30, 0(x28)         x30:00000014 x28:1c002f08  PA:1c002f08
27094096ns          472076 1c009526 05812483 lw               x9, 88(x2)           x9=1c002e68  x2:100024d8  PA:10002530
27094116ns          472077 1c009528 05012f03 lw               x30, 80(x2)         x30=1c002e78  x2:100024d8  PA:10002528
27094136ns          472078 1c00952a 0a012583 lw               x11, 160(x2)        x11=1c002e98  x2:100024d8  PA:10002578
27094156ns          472079 1c00952c 014787b3 add              x15, x15, x20       x15=0001fcb0 x15:0000ffef x20:0000fcc1
27094176ns          472080 1c00952e 013e8eb3 add              x29, x29, x19       x29=0000ffca x29:ffffffff x19:0000ffcb
27094196ns          472081 1c009530 01270733 add              x14, x14, x18       x14=0000ff28 x14:fffffffe x18:0000ff2a
27094215ns          472082 1c009532 00f49023 sh               x15, 0(x9)          x15:0001fcb0  x9:1c002e68  PA:1c002e68
27094534ns          472098 1c009536 01161023 sh               x17, 0(x12)         x17:000000d4 x12:1c002ee8  PA:1c002ee8
27094852ns          472114 1c00953a 01fd9023 sh               x31, 0(x27)         x31:0000003f x27:1c002ef8  PA:1c002ef8
27095309ns          472137 1c00953e 00df1023 sh               x13, 0(x30)         x13:0001ff67 x30:1c002e78  PA:1c002e78
27095647ns          472154 1c009542 01d59023 sh               x29, 0(x11)         x29:0000ffca x11:1c002e98  PA:1c002e98
27095966ns          472170 1c009546 00e09023 sh               x14, 0(x1)          x14:0000ff28  x1:1c002e88  PA:1c002e88
27096284ns          472186 1c00954a 01039023 sh               x16, 0(x7)          x16:0000ffe6  x7:1c002eb8  PA:1c002eb8
27096602ns          472202 1c00954e 00a29023 sh               x10, 0(x5)          x10:0000ffb6  x5:1c002ea8  PA:1c002ea8
27096920ns          472218 1c009552 008b0b13 addi             x22, x22, 8         x22=00000104 x22:000000fc
27096940ns          472219 1c009554 1f300793 addi             x15, x0, 499        x15=000001f3
27096960ns          472220 1c009558 e767dae3 bge              x15, x22, -396      x15:000001f3 x22:00000104
27097020ns          472223 1c0093cc 010c9a0b p.lh             x20, 16(x25!)       x20=ffffff71 x25=1c0028a0 x25:1c002890  PA:1c002890
27097358ns          472240 1c0093d0 0104198b p.lh             x19, 16(x8!)        x19=000000ed  x8=1c002068  x8:1c002058  PA:1c002058
27097676ns          472256 1c0093d4 2cc10513 addi             x10, x2, 716        x10=100027a4  x2:100024d8
27097696ns          472257 1c0093d6 010a990b p.lh             x18, 16(x21!)       x18=ffffff7d x21=1c001894 x21:1c001884  PA:1c001884
27097994ns          472272 1c0093da 010b948b p.lh             x9, 16(x23!)         x9=000000f5 x23=1c0010c4 x23:1c0010b4  PA:1c0010b4
27098312ns          472288 1c0093de 2d411623 sh               x20, 716(x2)        x20:ffffff71  x2:100024d8  PA:100027a4
27098332ns          472289 1c0093e2 2d311723 sh               x19, 718(x2)        x19:000000ed  x2:100024d8  PA:100027a6
27098352ns          472290 1c0093e6 c33ff0ef jal              x1, -974             x1=1c0093e8
27098392ns          472292 1c009018 00051803 lh               x16, 0(x10)         x16=ffffff71 x10:100027a4  PA:100027a4
27098412ns          472293 1c00901c 00251883 lh               x17, 2(x10)         x17=000000ed x10:100027a4  PA:100027a6
27098432ns          472294 1c009020 030806b3 mul              x13, x16, x16       x13=00004fe1 x16:ffffff71 x16:ffffff71
27098452ns          472295 1c009024 03188633 mul              x12, x17, x17       x12=0000db69 x17:000000ed x17:000000ed
27098471ns          472296 1c009028 40a65613 srai             x12, x12, 0x40a     x12=00000036 x12:0000db69
27098491ns          472297 1c00902a 40a6d693 srai             x13, x13, 0x40a     x13=00000013 x13:00004fe1
27098511ns          472298 1c00902c 00c686b3 add              x13, x13, x12       x13=00000049 x13:00000013 x12:00000036
27098531ns          472299 1c00902e 1006c633 p.exths          x12, x13, x0        x12=00000049 x13:00000049
27098551ns          472300 1c009032 00855703 lhu              x14, 8(x10)         x14=0000ffd1 x10:100027a4  PA:100027ac
27098571ns          472301 1c009036 00a55683 lhu              x13, 10(x10)        x13=0000ff6a x10:100027a4  PA:100027ae
27098591ns          472302 1c00903a 02c60333 mul              x6, x12, x12         x6=000014d1 x12:00000049 x12:00000049
27098631ns          472304 1c00903e 00c55783 lhu              x15, 12(x10)        x15=0000ffe5 x10:100027a4  PA:100027b0
27098670ns          472306 1c009042 00e55583 lhu              x11, 14(x10)        x11=00000060 x10:100027a4  PA:100027b2
27098690ns          472307 1c009046 dea30333 p.extract        x6, x6, 15, 10       x6=00000005  x6:000014d1
27098710ns          472308 1c00904a 80c7075b p.muls           x14, x14, x12       x14=fffff299 x14:0000ffd1 x12:00000049
27098770ns          472311 1c00904e 80c686db p.muls           x13, x13, x12       x13=ffffd53a x13:0000ff6a x12:00000049
27098810ns          472313 1c009052 00455e83 lhu              x29, 4(x10)         x29=00000427 x10:100027a4  PA:100027a8
27098829ns          472314 1c009056 00655e03 lhu              x28, 6(x10)         x28=0000007f x10:100027a4  PA:100027aa
27098849ns          472315 1c00905a 40a75713 srai             x14, x14, 0x40a     x14=fffffffc x14:fffff299
27098869ns          472316 1c00905c 806787db p.muls           x15, x15, x6        x15=ffffff79 x15:0000ffe5  x6:00000005
27098909ns          472318 1c009060 40a6d693 srai             x13, x13, 0x40a     x13=fffffff5 x13:ffffd53a
27098949ns          472320 1c009062 8065865b p.muls           x12, x11, x6        x12=000001e0 x11:00000060  x6:00000005
27098969ns          472321 1c009066 40a7d793 srai             x15, x15, 0x40a     x15=ffffffff x15:ffffff79
27098989ns          472322 1c009068 40a65613 srai             x12, x12, 0x40a     x12=00000000 x12:000001e0
27099008ns          472323 1c00906a 01d70733 add              x14, x14, x29       x14=00000423 x14:fffffffc x29:00000427
27099028ns          472324 1c00906c 01c686b3 add              x13, x13, x28       x13=00000074 x13:fffffff5 x28:0000007f
27099048ns          472325 1c00906e 00c686b3 add              x13, x13, x12       x13=00000074 x13:00000074 x12:00000000
27099068ns          472326 1c009070 00f70733 add              x14, x14, x15       x14=00000422 x14:00000423 x15:ffffffff
27099088ns          472327 1c009072 100747b3 p.exths          x15, x14, x0        x15=00000422 x14:00000422
27099108ns          472328 1c009076 1006c733 p.exths          x14, x13, x0        x14=00000074 x13:00000074
27099128ns          472329 1c00907a 03170633 mul              x12, x14, x17       x12=00006b64 x14:00000074 x17:000000ed
27099148ns          472330 1c00907e 030786b3 mul              x13, x15, x16       x13=fffdb102 x15:00000422 x16:ffffff71
27099168ns          472331 1c009082 03070733 mul              x14, x14, x16       x14=ffffbf34 x14:00000074 x16:ffffff71
27099187ns          472332 1c009086 031787b3 mul              x15, x15, x17       x15=0003d37a x15:00000422 x17:000000ed
27099207ns          472333 1c00908a 40a6d693 srai             x13, x13, 0x40a     x13=ffffff6c x13:fffdb102
27099227ns          472334 1c00908c 40a65613 srai             x12, x12, 0x40a     x12=0000001a x12:00006b64
27099247ns          472335 1c00908e 40a7d793 srai             x15, x15, 0x40a     x15=000000f4 x15:0003d37a
27099267ns          472336 1c009090 40a75713 srai             x14, x14, 0x40a     x14=ffffffef x14:ffffbf34
27099287ns          472337 1c009092 40c686b3 sub              x13, x13, x12       x13=ffffff52 x13:ffffff6c x12:0000001a
27099307ns          472338 1c009094 00e787b3 add              x15, x15, x14       x15=000000e3 x15:000000f4 x14:ffffffef
27099327ns          472339 1c009096 00d51823 sh               x13, 16(x10)        x13:ffffff52 x10:100027a4  PA:100027b4
27099347ns          472340 1c00909a 00f51923 sh               x15, 18(x10)        x15:000000e3 x10:100027a4  PA:100027b6
27099366ns          472341 1c00909e 00008067 jalr             x0, x1, 0            x1:1c0093e8
27099446ns          472345 1c0093e8 2dc15583 lhu              x11, 732(x2)        x11=0000ff52  x2:100024d8  PA:100027b4
27099466ns          472346 1c0093ec 2de15783 lhu              x15, 734(x2)        x15=000000e3  x2:100024d8  PA:100027b6
27099486ns          472347 1c0093f0 40b90933 sub              x18, x18, x11       x18=ffff002b x18:ffffff7d x11:0000ff52
27099506ns          472348 1c0093f4 40f484b3 sub              x9, x9, x15          x9=00000012  x9:000000f5 x15:000000e3
27099526ns          472349 1c0093f6 100945b3 p.exths          x11, x18, x0        x11=0000002b x18:ffff002b
27099545ns          472350 1c0093fa 1004c7b3 p.exths          x15, x9, x0         x15=00000012  x9:00000012
27099565ns          472351 1c0093fe 034586b3 mul              x13, x11, x20       x13=ffffe7fb x11:0000002b x20:ffffff71
27099585ns          472352 1c009402 03378533 mul              x10, x15, x19       x10=000010aa x15:00000012 x19:000000ed
27099605ns          472353 1c009406 034a0633 mul              x12, x20, x20       x12=00004fe1 x20:ffffff71 x20:ffffff71
27099625ns          472354 1c00940a 03398733 mul              x14, x19, x19       x14=0000db69 x19:000000ed x19:000000ed
27099685ns          472357 1c00940e 034787b3 mul              x15, x15, x20       x15=fffff5f2 x15:00000012 x20:ffffff71
27099724ns          472359 1c009412 033585b3 mul              x11, x11, x19       x11=000027cf x11:0000002b x19:000000ed
27099744ns          472360 1c009416 40a75713 srai             x14, x14, 0x40a     x14=00000036 x14:0000db69
27099764ns          472361 1c009418 40a5d593 srai             x11, x11, 0x40a     x11=00000009 x11:000027cf
27099784ns          472362 1c00941a 40a65613 srai             x12, x12, 0x40a     x12=00000013 x12:00004fe1
27099804ns          472363 1c00941c 40a7d793 srai             x15, x15, 0x40a     x15=fffffffd x15:fffff5f2
27099824ns          472364 1c00941e 1c0034b7 lui              x9, 0x1c003000       x9=1c003000
27099844ns          472365 1c009422 00e60633 add              x12, x12, x14       x12=00000049 x12:00000013 x14:00000036
27099864ns          472366 1c009424 40b787b3 sub              x15, x15, x11       x15=fffffff4 x15:fffffffd x11:00000009
27099884ns          472367 1c009426 eb048493 addi             x9, x9, -336         x9=1c002eb0  x9:1c003000
27099903ns          472368 1c00942a 1c0032b7 lui              x5, 0x1c003000       x5=1c003000
27099923ns          472369 1c00942e 1c0035b7 lui              x11, 0x1c003000     x11=1c003000
27099943ns          472370 1c009432 018483b3 add              x7, x9, x24          x7=1c002eb8  x9:1c002eb0 x24:00000008
27099963ns          472371 1c009436 02812e83 lw               x29, 40(x2)         x29=1c002ec8  x2:100024d8  PA:10002500
27099983ns          472372 1c009438 10065633 p.exthz          x12, x12, x0        x12=00000049 x12:00000049
27100003ns          472373 1c00943c e8028293 addi             x5, x5, -384         x5=1c002e80  x5:1c003000
27100023ns          472374 1c009440 ea058593 addi             x11, x11, -352      x11=1c002ea0 x11:1c003000
27100043ns          472375 1c009444 03812483 lw               x9, 56(x2)           x9=1c002ee8  x2:100024d8  PA:10002510
27100063ns          472376 1c009446 10064733 p.exths          x14, x12, x0        x14=00000049 x12:00000049
27100082ns          472377 1c00944a 018280b3 add              x1, x5, x24          x1=1c002e88  x5:1c002e80 x24:00000008
27100102ns          472378 1c00944e 03012f03 lw               x30, 48(x2)         x30=1c002ed8  x2:100024d8  PA:10002508
27100122ns          472379 1c009450 018582b3 add              x5, x11, x24         x5=1c002ea8 x11:1c002ea0 x24:00000008
27100142ns          472380 1c009454 04012583 lw               x11, 64(x2)         x11=1c002ef8  x2:100024d8  PA:10002518
27100162ns          472381 1c009456 000edd83 lhu              x27, 0(x29)         x27=00000edd x29:1c002ec8  PA:1c002ec8
27100460ns          472396 1c00945a 0004d483 lhu              x9, 0(x9)            x9=000000d4  x9:1c002ee8  PA:1c002ee8
27100759ns          472411 1c00945e 02e70333 mul              x6, x14, x14         x6=000014d1 x14:00000049 x14:00000049
27100778ns          472412 1c009462 40a55513 srai             x10, x10, 0x40a     x10=00000004 x10:000010aa
27100798ns          472413 1c009464 04812e83 lw               x29, 72(x2)         x29=1c002f08  x2:100024d8  PA:10002520
27100818ns          472414 1c009466 40a6d693 srai             x13, x13, 0x40a     x13=fffffff9 x13:ffffe7fb
27100838ns          472415 1c009468 000f5d03 lhu              x26, 0(x30)         x26=0000031f x30:1c002ed8  PA:1c002ed8
27101196ns          472433 1c00946c 0005d583 lhu              x11, 0(x11)         x11=0000003f x11:1c002ef8  PA:1c002ef8
27101494ns          472448 1c009470 40a35313 srai             x6, x6, 0x40a        x6=00000005  x6:000014d1
27101514ns          472449 1c009474 00a686b3 add              x13, x13, x10       x13=fffffffd x13:fffffff9 x10:00000004
27101534ns          472450 1c009476 05012f03 lw               x30, 80(x2)         x30=1c002e78  x2:100024d8  PA:10002528
27101554ns          472451 1c009478 10034e33 p.exths          x28, x6, x0         x28=00000005  x6:00000005
27101574ns          472452 1c00947c 06911023 sh               x9, 96(x2)           x9:000000d4  x2:100024d8  PA:10002538
27101594ns          472453 1c009480 000ede83 lhu              x29, 0(x29)         x29=00000014 x29:1c002f08  PA:1c002f08
27101892ns          472468 1c009484 05812483 lw               x9, 88(x2)           x9=1c002e68  x2:100024d8  PA:10002530
27101912ns          472469 1c009486 1006d6b3 p.exthz          x13, x13, x0        x13=0000fffd x13:fffffffd
27101932ns          472470 1c00948a 02ee08b3 mul              x17, x28, x14       x17=0000016d x28:00000005 x14:00000049
27101952ns          472471 1c00948e 1006c833 p.exths          x16, x13, x0        x16=fffffffd x13:0000fffd
27101972ns          472472 1c009492 06b11823 sh               x11, 112(x2)        x11:0000003f  x2:100024d8  PA:10002548
27101992ns          472473 1c009496 000f5f03 lhu              x30, 0(x30)         x30=0000ff67 x30:1c002e78  PA:1c002e78
27102409ns          472494 1c00949a 0a012583 lw               x11, 160(x2)        x11=1c002e98  x2:100024d8  PA:10002578
27102429ns          472495 1c00949c 1007d7b3 p.exthz          x15, x15, x0        x15=0000fff4 x15:fffffff4
27102449ns          472496 1c0094a0 0004da03 lhu              x20, 0(x9)          x20=0000fcb0  x9:1c002e68  PA:1c002e68
27102747ns          472511 1c0094a4 1007c533 p.exths          x10, x15, x0        x10=fffffff4 x15:0000fff4
27102767ns          472512 1c0094a8 09d11023 sh               x29, 128(x2)        x29:00000014  x2:100024d8  PA:10002558
27102787ns          472513 1c0094ac 0003d483 lhu              x9, 0(x7)            x9=0000ffe6  x7:1c002eb8  PA:1c002eb8
27103145ns          472531 1c0094b0 02e80eb3 mul              x29, x16, x14       x29=ffffff25 x16:fffffffd x14:00000049
27103165ns          472532 1c0094b4 40a8d893 srai             x17, x17, 0x40a     x17=00000000 x17:0000016d
27103185ns          472533 1c0094b8 03c80833 mul              x16, x16, x28       x16=fffffff1 x16:fffffffd x28:00000005
27103205ns          472534 1c0094bc 09e11823 sh               x30, 144(x2)        x30:0000ff67  x2:100024d8  PA:10002568
27103225ns          472535 1c0094c0 0005d983 lhu              x19, 0(x11)         x19=0000ffca x11:1c002e98  PA:1c002e98
27103543ns          472551 1c0094c4 81c88f5b p.muls           x30, x17, x28       x30=00000000 x17:00000000 x28:00000005
27103563ns          472552 1c0094c8 0002d583 lhu              x11, 0(x5)          x11=0000ffb6  x5:1c002ea8  PA:1c002ea8
27103861ns          472567 1c0094cc 03ce0fb3 mul              x31, x28, x28       x31=00000019 x28:00000005 x28:00000005
27103881ns          472568 1c0094d0 02e50733 mul              x14, x10, x14       x14=fffffc94 x10:fffffff4 x14:00000049
27103901ns          472569 1c0094d4 40a85813 srai             x16, x16, 0x40a     x16=ffffffff x16:fffffff1
27103921ns          472570 1c0094d8 03c50533 mul              x10, x10, x28       x10=ffffffc4 x10:fffffff4 x28:00000005
27103941ns          472571 1c0094dc 07015e03 lhu              x28, 112(x2)        x28=0000003f  x2:100024d8  PA:10002548
27103980ns          472573 1c0094e0 01b60633 add              x12, x12, x27       x12=00000f26 x12:00000049 x27:00000edd
27104000ns          472574 1c0094e2 00980833 add              x16, x16, x9        x16=0000ffe5 x16:ffffffff  x9:0000ffe6
27104020ns          472575 1c0094e4 06015d83 lhu              x27, 96(x2)         x27=000000d4  x2:100024d8  PA:10002538
27104040ns          472576 1c0094e8 02812483 lw               x9, 40(x2)           x9=1c002ec8  x2:100024d8  PA:10002500
27104060ns          472577 1c0094ea 40afdf93 srai             x31, x31, 0x40a     x31=00000000 x31:00000019
27104080ns          472578 1c0094ee 40a55513 srai             x10, x10, 0x40a     x10=ffffffff x10:ffffffc4
27104100ns          472579 1c0094f0 01cf8fb3 add              x31, x31, x28       x31=0000003f x31:00000000 x28:0000003f
27104120ns          472580 1c0094f2 00b50533 add              x10, x10, x11       x10=0000ffb5 x10:ffffffff x11:0000ffb6
27104140ns          472581 1c0094f4 09015e03 lhu              x28, 144(x2)        x28=0000ff67  x2:100024d8  PA:10002568
27104159ns          472582 1c0094f8 03012583 lw               x11, 48(x2)         x11=1c002ed8  x2:100024d8  PA:10002508
27104179ns          472583 1c0094fa 00c49023 sh               x12, 0(x9)          x12:00000f26  x9:1c002ec8  PA:1c002ec8
27104537ns          472601 1c0094fe 01b888b3 add              x17, x17, x27       x17=000000d4 x17:00000000 x27:000000d4
27104557ns          472602 1c009500 01a30333 add              x6, x6, x26          x6=00000324  x6:00000005 x26:0000031f
27104577ns          472603 1c009502 08015d83 lhu              x27, 128(x2)        x27=00000014  x2:100024d8  PA:10002558
27104597ns          472604 1c009506 0000d903 lhu              x18, 0(x1)          x18=0000ff28  x1:1c002e88  PA:1c002e88
27104955ns          472622 1c00950a 01c686b3 add              x13, x13, x28       x13=0001ff64 x13:0000fffd x28:0000ff67
27104975ns          472623 1c00950c 00659023 sh               x6, 0(x11)           x6:00000324 x11:1c002ed8  PA:1c002ed8
27105313ns          472640 1c009510 40af5f13 srai             x30, x30, 0x40a     x30=00000000 x30:00000000
27105333ns          472641 1c009514 04812e03 lw               x28, 72(x2)         x28=1c002f08  x2:100024d8  PA:10002520
27105353ns          472642 1c009516 01bf0f33 add              x30, x30, x27       x30=00000014 x30:00000000 x27:00000014
27105373ns          472643 1c009518 40aede93 srai             x29, x29, 0x40a     x29=ffffffff x29:ffffff25
27105392ns          472644 1c00951c 40a75713 srai             x14, x14, 0x40a     x14=ffffffff x14:fffffc94
27105412ns          472645 1c00951e 03812603 lw               x12, 56(x2)         x12=1c002ee8  x2:100024d8  PA:10002510
27105432ns          472646 1c009520 04012d83 lw               x27, 64(x2)         x27=1c002ef8  x2:100024d8  PA:10002518
27105452ns          472647 1c009522 01ee1023 sh               x30, 0(x28)         x30:00000014 x28:1c002f08  PA:1c002f08
27105770ns          472663 1c009526 05812483 lw               x9, 88(x2)           x9=1c002e68  x2:100024d8  PA:10002530
27105790ns          472664 1c009528 05012f03 lw               x30, 80(x2)         x30=1c002e78  x2:100024d8  PA:10002528
27105810ns          472665 1c00952a 0a012583 lw               x11, 160(x2)        x11=1c002e98  x2:100024d8  PA:10002578
27105830ns          472666 1c00952c 014787b3 add              x15, x15, x20       x15=0001fca4 x15:0000fff4 x20:0000fcb0
27105850ns          472667 1c00952e 013e8eb3 add              x29, x29, x19       x29=0000ffc9 x29:ffffffff x19:0000ffca
27105870ns          472668 1c009530 01270733 add              x14, x14, x18       x14=0000ff27 x14:ffffffff x18:0000ff28
27105890ns          472669 1c009532 00f49023 sh               x15, 0(x9)          x15:0001fca4  x9:1c002e68  PA:1c002e68
27106248ns          472687 1c009536 01161023 sh               x17, 0(x12)         x17:000000d4 x12:1c002ee8  PA:1c002ee8
27106566ns          472703 1c00953a 01fd9023 sh               x31, 0(x27)         x31:0000003f x27:1c002ef8  PA:1c002ef8
27106884ns          472719 1c00953e 00df1023 sh               x13, 0(x30)         x13:0001ff64 x30:1c002e78  PA:1c002e78
27107202ns          472735 1c009542 01d59023 sh               x29, 0(x11)         x29:0000ffc9 x11:1c002e98  PA:1c002e98
27107540ns          472752 1c009546 00e09023 sh               x14, 0(x1)          x14:0000ff27  x1:1c002e88  PA:1c002e88
27107859ns          472768 1c00954a 01039023 sh               x16, 0(x7)          x16:0000ffe5  x7:1c002eb8  PA:1c002eb8
27108177ns          472784 1c00954e 00a29023 sh               x10, 0(x5)          x10:0000ffb5  x5:1c002ea8  PA:1c002ea8
27108495ns          472800 1c009552 008b0b13 addi             x22, x22, 8         x22=0000010c x22:00000104
27108515ns          472801 1c009554 1f300793 addi             x15, x0, 499        x15=000001f3
27108535ns          472802 1c009558 e767dae3 bge              x15, x22, -396      x15:000001f3 x22:0000010c
27108634ns          472807 1c0093cc 010c9a0b p.lh             x20, 16(x25!)       x20=fffffe85 x25=1c0028b0 x25:1c0028a0  PA:1c0028a0
27108972ns          472824 1c0093d0 0104198b p.lh             x19, 16(x8!)        x19=0000010b  x8=1c002078  x8:1c002068  PA:1c002068
27109271ns          472839 1c0093d4 2cc10513 addi             x10, x2, 716        x10=100027a4  x2:100024d8
27109291ns          472840 1c0093d6 010a990b p.lh             x18, 16(x21!)       x18=fffffe9f x21=1c0018a4 x21:1c001894  PA:1c001894
27109609ns          472856 1c0093da 010b948b p.lh             x9, 16(x23!)         x9=00000136 x23=1c0010d4 x23:1c0010c4  PA:1c0010c4
27109907ns          472871 1c0093de 2d411623 sh               x20, 716(x2)        x20:fffffe85  x2:100024d8  PA:100027a4
27109927ns          472872 1c0093e2 2d311723 sh               x19, 718(x2)        x19:0000010b  x2:100024d8  PA:100027a6
27109947ns          472873 1c0093e6 c33ff0ef jal              x1, -974             x1=1c0093e8
27109987ns          472875 1c009018 00051803 lh               x16, 0(x10)         x16=fffffe85 x10:100027a4  PA:100027a4
27110007ns          472876 1c00901c 00251883 lh               x17, 2(x10)         x17=0000010b x10:100027a4  PA:100027a6
27110066ns          472879 1c009020 030806b3 mul              x13, x16, x16       x13=00023119 x16:fffffe85 x16:fffffe85
27110106ns          472881 1c009024 03188633 mul              x12, x17, x17       x12=00011679 x17:0000010b x17:0000010b
27110126ns          472882 1c009028 40a65613 srai             x12, x12, 0x40a     x12=00000045 x12:00011679
27110146ns          472883 1c00902a 40a6d693 srai             x13, x13, 0x40a     x13=0000008c x13:00023119
27110166ns          472884 1c00902c 00c686b3 add              x13, x13, x12       x13=000000d1 x13:0000008c x12:00000045
27110186ns          472885 1c00902e 1006c633 p.exths          x12, x13, x0        x12=000000d1 x13:000000d1
27110205ns          472886 1c009032 00855703 lhu              x14, 8(x10)         x14=0000ffd1 x10:100027a4  PA:100027ac
27110225ns          472887 1c009036 00a55683 lhu              x13, 10(x10)        x13=0000ff6a x10:100027a4  PA:100027ae
27110245ns          472888 1c00903a 02c60333 mul              x6, x12, x12         x6=0000aaa1 x12:000000d1 x12:000000d1
27110285ns          472890 1c00903e 00c55783 lhu              x15, 12(x10)        x15=0000ffe5 x10:100027a4  PA:100027b0
27110325ns          472892 1c009042 00e55583 lhu              x11, 14(x10)        x11=00000060 x10:100027a4  PA:100027b2
27110345ns          472893 1c009046 dea30333 p.extract        x6, x6, 15, 10       x6=0000002a  x6:0000aaa1
27110364ns          472894 1c00904a 80c7075b p.muls           x14, x14, x12       x14=ffffd9a1 x14:0000ffd1 x12:000000d1
27110384ns          472895 1c00904e 80c686db p.muls           x13, x13, x12       x13=ffff858a x13:0000ff6a x12:000000d1
27110404ns          472896 1c009052 00455e83 lhu              x29, 4(x10)         x29=00000427 x10:100027a4  PA:100027a8
27110424ns          472897 1c009056 00655e03 lhu              x28, 6(x10)         x28=0000007f x10:100027a4  PA:100027aa
27110444ns          472898 1c00905a 40a75713 srai             x14, x14, 0x40a     x14=fffffff6 x14:ffffd9a1
27110464ns          472899 1c00905c 806787db p.muls           x15, x15, x6        x15=fffffb92 x15:0000ffe5  x6:0000002a
27110484ns          472900 1c009060 40a6d693 srai             x13, x13, 0x40a     x13=ffffffe1 x13:ffff858a
27110504ns          472901 1c009062 8065865b p.muls           x12, x11, x6        x12=00000fc0 x11:00000060  x6:0000002a
27110524ns          472902 1c009066 40a7d793 srai             x15, x15, 0x40a     x15=fffffffe x15:fffffb92
27110543ns          472903 1c009068 40a65613 srai             x12, x12, 0x40a     x12=00000003 x12:00000fc0
27110563ns          472904 1c00906a 01d70733 add              x14, x14, x29       x14=0000041d x14:fffffff6 x29:00000427
27110583ns          472905 1c00906c 01c686b3 add              x13, x13, x28       x13=00000060 x13:ffffffe1 x28:0000007f
27110603ns          472906 1c00906e 00c686b3 add              x13, x13, x12       x13=00000063 x13:00000060 x12:00000003
27110623ns          472907 1c009070 00f70733 add              x14, x14, x15       x14=0000041b x14:0000041d x15:fffffffe
27110643ns          472908 1c009072 100747b3 p.exths          x15, x14, x0        x15=0000041b x14:0000041b
27110663ns          472909 1c009076 1006c733 p.exths          x14, x13, x0        x14=00000063 x13:00000063
27110683ns          472910 1c00907a 03170633 mul              x12, x14, x17       x12=00006741 x14:00000063 x17:0000010b
27110703ns          472911 1c00907e 030786b3 mul              x13, x15, x16       x13=fff9ec07 x15:0000041b x16:fffffe85
27110722ns          472912 1c009082 03070733 mul              x14, x14, x16       x14=ffff6d6f x14:00000063 x16:fffffe85
27110742ns          472913 1c009086 031787b3 mul              x15, x15, x17       x15=00044829 x15:0000041b x17:0000010b
27110762ns          472914 1c00908a 40a6d693 srai             x13, x13, 0x40a     x13=fffffe7b x13:fff9ec07
27110782ns          472915 1c00908c 40a65613 srai             x12, x12, 0x40a     x12=00000019 x12:00006741
27110802ns          472916 1c00908e 40a7d793 srai             x15, x15, 0x40a     x15=00000112 x15:00044829
27110822ns          472917 1c009090 40a75713 srai             x14, x14, 0x40a     x14=ffffffdb x14:ffff6d6f
27110842ns          472918 1c009092 40c686b3 sub              x13, x13, x12       x13=fffffe62 x13:fffffe7b x12:00000019
27110862ns          472919 1c009094 00e787b3 add              x15, x15, x14       x15=000000ed x15:00000112 x14:ffffffdb
27110882ns          472920 1c009096 00d51823 sh               x13, 16(x10)        x13:fffffe62 x10:100027a4  PA:100027b4
27110901ns          472921 1c00909a 00f51923 sh               x15, 18(x10)        x15:000000ed x10:100027a4  PA:100027b6
27110921ns          472922 1c00909e 00008067 jalr             x0, x1, 0            x1:1c0093e8
27110981ns          472925 1c0093e8 2dc15583 lhu              x11, 732(x2)        x11=0000fe62  x2:100024d8  PA:100027b4
27111001ns          472926 1c0093ec 2de15783 lhu              x15, 734(x2)        x15=000000ed  x2:100024d8  PA:100027b6
27111021ns          472927 1c0093f0 40b90933 sub              x18, x18, x11       x18=ffff003d x18:fffffe9f x11:0000fe62
27111041ns          472928 1c0093f4 40f484b3 sub              x9, x9, x15          x9=00000049  x9:00000136 x15:000000ed
27111061ns          472929 1c0093f6 100945b3 p.exths          x11, x18, x0        x11=0000003d x18:ffff003d
27111080ns          472930 1c0093fa 1004c7b3 p.exths          x15, x9, x0         x15=00000049  x9:00000049
27111100ns          472931 1c0093fe 034586b3 mul              x13, x11, x20       x13=ffffa5b1 x11:0000003d x20:fffffe85
27111120ns          472932 1c009402 03378533 mul              x10, x15, x19       x10=00004c23 x15:00000049 x19:0000010b
27111140ns          472933 1c009406 034a0633 mul              x12, x20, x20       x12=00023119 x20:fffffe85 x20:fffffe85
27111160ns          472934 1c00940a 03398733 mul              x14, x19, x19       x14=00011679 x19:0000010b x19:0000010b
27111220ns          472937 1c00940e 034787b3 mul              x15, x15, x20       x15=ffff93ed x15:00000049 x20:fffffe85
27111259ns          472939 1c009412 033585b3 mul              x11, x11, x19       x11=00003f9f x11:0000003d x19:0000010b
27111279ns          472940 1c009416 40a75713 srai             x14, x14, 0x40a     x14=00000045 x14:00011679
27111299ns          472941 1c009418 40a5d593 srai             x11, x11, 0x40a     x11=0000000f x11:00003f9f
27111319ns          472942 1c00941a 40a65613 srai             x12, x12, 0x40a     x12=0000008c x12:00023119
27111339ns          472943 1c00941c 40a7d793 srai             x15, x15, 0x40a     x15=ffffffe4 x15:ffff93ed
27111359ns          472944 1c00941e 1c0034b7 lui              x9, 0x1c003000       x9=1c003000
27111379ns          472945 1c009422 00e60633 add              x12, x12, x14       x12=000000d1 x12:0000008c x14:00000045
27111399ns          472946 1c009424 40b787b3 sub              x15, x15, x11       x15=ffffffd5 x15:ffffffe4 x11:0000000f
27111419ns          472947 1c009426 eb048493 addi             x9, x9, -336         x9=1c002eb0  x9:1c003000
27111438ns          472948 1c00942a 1c0032b7 lui              x5, 0x1c003000       x5=1c003000
27111458ns          472949 1c00942e 1c0035b7 lui              x11, 0x1c003000     x11=1c003000
27111478ns          472950 1c009432 018483b3 add              x7, x9, x24          x7=1c002eb8  x9:1c002eb0 x24:00000008
27111498ns          472951 1c009436 02812e83 lw               x29, 40(x2)         x29=1c002ec8  x2:100024d8  PA:10002500
27111518ns          472952 1c009438 10065633 p.exthz          x12, x12, x0        x12=000000d1 x12:000000d1
27111538ns          472953 1c00943c e8028293 addi             x5, x5, -384         x5=1c002e80  x5:1c003000
27111558ns          472954 1c009440 ea058593 addi             x11, x11, -352      x11=1c002ea0 x11:1c003000
27111598ns          472956 1c009444 03812483 lw               x9, 56(x2)           x9=1c002ee8  x2:100024d8  PA:10002510
27111617ns          472957 1c009446 10064733 p.exths          x14, x12, x0        x14=000000d1 x12:000000d1
27111637ns          472958 1c00944a 018280b3 add              x1, x5, x24          x1=1c002e88  x5:1c002e80 x24:00000008
27111657ns          472959 1c00944e 03012f03 lw               x30, 48(x2)         x30=1c002ed8  x2:100024d8  PA:10002508
27111697ns          472961 1c009450 018582b3 add              x5, x11, x24         x5=1c002ea8 x11:1c002ea0 x24:00000008
27111737ns          472963 1c009454 04012583 lw               x11, 64(x2)         x11=1c002ef8  x2:100024d8  PA:10002518
27111757ns          472964 1c009456 000edd83 lhu              x27, 0(x29)         x27=00000f26 x29:1c002ec8  PA:1c002ec8
27112055ns          472979 1c00945a 0004d483 lhu              x9, 0(x9)            x9=000000d4  x9:1c002ee8  PA:1c002ee8
27112393ns          472996 1c00945e 02e70333 mul              x6, x14, x14         x6=0000aaa1 x14:000000d1 x14:000000d1
27112413ns          472997 1c009462 40a55513 srai             x10, x10, 0x40a     x10=00000013 x10:00004c23
27112433ns          472998 1c009464 04812e83 lw               x29, 72(x2)         x29=1c002f08  x2:100024d8  PA:10002520
27112453ns          472999 1c009466 40a6d693 srai             x13, x13, 0x40a     x13=ffffffe9 x13:ffffa5b1
27112473ns          473000 1c009468 000f5d03 lhu              x26, 0(x30)         x26=00000324 x30:1c002ed8  PA:1c002ed8
27112791ns          473016 1c00946c 0005d583 lhu              x11, 0(x11)         x11=0000003f x11:1c002ef8  PA:1c002ef8
27113109ns          473032 1c009470 40a35313 srai             x6, x6, 0x40a        x6=0000002a  x6:0000aaa1
27113129ns          473033 1c009474 00a686b3 add              x13, x13, x10       x13=fffffffc x13:ffffffe9 x10:00000013
27113149ns          473034 1c009476 05012f03 lw               x30, 80(x2)         x30=1c002e78  x2:100024d8  PA:10002528
27113169ns          473035 1c009478 10034e33 p.exths          x28, x6, x0         x28=0000002a  x6:0000002a
27113189ns          473036 1c00947c 06911023 sh               x9, 96(x2)           x9:000000d4  x2:100024d8  PA:10002538
27113208ns          473037 1c009480 000ede83 lhu              x29, 0(x29)         x29=00000014 x29:1c002f08  PA:1c002f08
27113527ns          473053 1c009484 05812483 lw               x9, 88(x2)           x9=1c002e68  x2:100024d8  PA:10002530
27113547ns          473054 1c009486 1006d6b3 p.exthz          x13, x13, x0        x13=0000fffc x13:fffffffc
27113566ns          473055 1c00948a 02ee08b3 mul              x17, x28, x14       x17=0000224a x28:0000002a x14:000000d1
27113586ns          473056 1c00948e 1006c833 p.exths          x16, x13, x0        x16=fffffffc x13:0000fffc
27113606ns          473057 1c009492 06b11823 sh               x11, 112(x2)        x11:0000003f  x2:100024d8  PA:10002548
27113626ns          473058 1c009496 000f5f03 lhu              x30, 0(x30)         x30=0000ff64 x30:1c002e78  PA:1c002e78
27113924ns          473073 1c00949a 0a012583 lw               x11, 160(x2)        x11=1c002e98  x2:100024d8  PA:10002578
27113944ns          473074 1c00949c 1007d7b3 p.exthz          x15, x15, x0        x15=0000ffd5 x15:ffffffd5
27113964ns          473075 1c0094a0 0004da03 lhu              x20, 0(x9)          x20=0000fca4  x9:1c002e68  PA:1c002e68
27114282ns          473091 1c0094a4 1007c533 p.exths          x10, x15, x0        x10=ffffffd5 x15:0000ffd5
27114302ns          473092 1c0094a8 09d11023 sh               x29, 128(x2)        x29:00000014  x2:100024d8  PA:10002558
27114322ns          473093 1c0094ac 0003d483 lhu              x9, 0(x7)            x9=0000ffe5  x7:1c002eb8  PA:1c002eb8
27114621ns          473108 1c0094b0 02e80eb3 mul              x29, x16, x14       x29=fffffcbc x16:fffffffc x14:000000d1
27114640ns          473109 1c0094b4 40a8d893 srai             x17, x17, 0x40a     x17=00000008 x17:0000224a
27114660ns          473110 1c0094b8 03c80833 mul              x16, x16, x28       x16=ffffff58 x16:fffffffc x28:0000002a
27114680ns          473111 1c0094bc 09e11823 sh               x30, 144(x2)        x30:0000ff64  x2:100024d8  PA:10002568
27114700ns          473112 1c0094c0 0005d983 lhu              x19, 0(x11)         x19=0000ffc9 x11:1c002e98  PA:1c002e98
27115018ns          473128 1c0094c4 81c88f5b p.muls           x30, x17, x28       x30=00000150 x17:00000008 x28:0000002a
27115038ns          473129 1c0094c8 0002d583 lhu              x11, 0(x5)          x11=0000ffb5  x5:1c002ea8  PA:1c002ea8
27115336ns          473144 1c0094cc 03ce0fb3 mul              x31, x28, x28       x31=000006e4 x28:0000002a x28:0000002a
27115356ns          473145 1c0094d0 02e50733 mul              x14, x10, x14       x14=ffffdce5 x10:ffffffd5 x14:000000d1
27115376ns          473146 1c0094d4 40a85813 srai             x16, x16, 0x40a     x16=ffffffff x16:ffffff58
27115396ns          473147 1c0094d8 03c50533 mul              x10, x10, x28       x10=fffff8f2 x10:ffffffd5 x28:0000002a
27115416ns          473148 1c0094dc 07015e03 lhu              x28, 112(x2)        x28=0000003f  x2:100024d8  PA:10002548
27115456ns          473150 1c0094e0 01b60633 add              x12, x12, x27       x12=00000ff7 x12:000000d1 x27:00000f26
27115476ns          473151 1c0094e2 00980833 add              x16, x16, x9        x16=0000ffe4 x16:ffffffff  x9:0000ffe5
27115496ns          473152 1c0094e4 06015d83 lhu              x27, 96(x2)         x27=000000d4  x2:100024d8  PA:10002538
27115515ns          473153 1c0094e8 02812483 lw               x9, 40(x2)           x9=1c002ec8  x2:100024d8  PA:10002500
27115535ns          473154 1c0094ea 40afdf93 srai             x31, x31, 0x40a     x31=00000001 x31:000006e4
27115555ns          473155 1c0094ee 40a55513 srai             x10, x10, 0x40a     x10=fffffffe x10:fffff8f2
27115575ns          473156 1c0094f0 01cf8fb3 add              x31, x31, x28       x31=00000040 x31:00000001 x28:0000003f
27115595ns          473157 1c0094f2 00b50533 add              x10, x10, x11       x10=0000ffb3 x10:fffffffe x11:0000ffb5
27115615ns          473158 1c0094f4 09015e03 lhu              x28, 144(x2)        x28=0000ff64  x2:100024d8  PA:10002568
27115655ns          473160 1c0094f8 03012583 lw               x11, 48(x2)         x11=1c002ed8  x2:100024d8  PA:10002508
27115675ns          473161 1c0094fa 00c49023 sh               x12, 0(x9)          x12:00000ff7  x9:1c002ec8  PA:1c002ec8
27115993ns          473177 1c0094fe 01b888b3 add              x17, x17, x27       x17=000000dc x17:00000008 x27:000000d4
27116013ns          473178 1c009500 01a30333 add              x6, x6, x26          x6=0000034e  x6:0000002a x26:00000324
27116033ns          473179 1c009502 08015d83 lhu              x27, 128(x2)        x27=00000014  x2:100024d8  PA:10002558
27116052ns          473180 1c009506 0000d903 lhu              x18, 0(x1)          x18=0000ff27  x1:1c002e88  PA:1c002e88
27116351ns          473195 1c00950a 01c686b3 add              x13, x13, x28       x13=0001ff60 x13:0000fffc x28:0000ff64
27116371ns          473196 1c00950c 00659023 sh               x6, 0(x11)           x6:0000034e x11:1c002ed8  PA:1c002ed8
27116689ns          473212 1c009510 40af5f13 srai             x30, x30, 0x40a     x30=00000000 x30:00000150
27116709ns          473213 1c009514 04812e03 lw               x28, 72(x2)         x28=1c002f08  x2:100024d8  PA:10002520
27116729ns          473214 1c009516 01bf0f33 add              x30, x30, x27       x30=00000014 x30:00000000 x27:00000014
27116749ns          473215 1c009518 40aede93 srai             x29, x29, 0x40a     x29=ffffffff x29:fffffcbc
27116768ns          473216 1c00951c 40a75713 srai             x14, x14, 0x40a     x14=fffffff7 x14:ffffdce5
27116788ns          473217 1c00951e 03812603 lw               x12, 56(x2)         x12=1c002ee8  x2:100024d8  PA:10002510
27116808ns          473218 1c009520 04012d83 lw               x27, 64(x2)         x27=1c002ef8  x2:100024d8  PA:10002518
27116828ns          473219 1c009522 01ee1023 sh               x30, 0(x28)         x30:00000014 x28:1c002f08  PA:1c002f08
27117146ns          473235 1c009526 05812483 lw               x9, 88(x2)           x9=1c002e68  x2:100024d8  PA:10002530
27117166ns          473236 1c009528 05012f03 lw               x30, 80(x2)         x30=1c002e78  x2:100024d8  PA:10002528
27117186ns          473237 1c00952a 0a012583 lw               x11, 160(x2)        x11=1c002e98  x2:100024d8  PA:10002578
27117206ns          473238 1c00952c 014787b3 add              x15, x15, x20       x15=0001fc79 x15:0000ffd5 x20:0000fca4
27117226ns          473239 1c00952e 013e8eb3 add              x29, x29, x19       x29=0000ffc8 x29:ffffffff x19:0000ffc9
27117246ns          473240 1c009530 01270733 add              x14, x14, x18       x14=0000ff1e x14:fffffff7 x18:0000ff27
27117266ns          473241 1c009532 00f49023 sh               x15, 0(x9)          x15:0001fc79  x9:1c002e68  PA:1c002e68
27117604ns          473258 1c009536 01161023 sh               x17, 0(x12)         x17:000000dc x12:1c002ee8  PA:1c002ee8
27117922ns          473274 1c00953a 01fd9023 sh               x31, 0(x27)         x31:00000040 x27:1c002ef8  PA:1c002ef8
27118240ns          473290 1c00953e 00df1023 sh               x13, 0(x30)         x13:0001ff60 x30:1c002e78  PA:1c002e78
27118558ns          473306 1c009542 01d59023 sh               x29, 0(x11)         x29:0000ffc8 x11:1c002e98  PA:1c002e98
27118877ns          473322 1c009546 00e09023 sh               x14, 0(x1)          x14:0000ff1e  x1:1c002e88  PA:1c002e88
27119195ns          473338 1c00954a 01039023 sh               x16, 0(x7)          x16:0000ffe4  x7:1c002eb8  PA:1c002eb8
27119533ns          473355 1c00954e 00a29023 sh               x10, 0(x5)          x10:0000ffb3  x5:1c002ea8  PA:1c002ea8
27119851ns          473371 1c009552 008b0b13 addi             x22, x22, 8         x22=00000114 x22:0000010c
27119871ns          473372 1c009554 1f300793 addi             x15, x0, 499        x15=000001f3
27119891ns          473373 1c009558 e767dae3 bge              x15, x22, -396      x15:000001f3 x22:00000114
27119951ns          473376 1c0093cc 010c9a0b p.lh             x20, 16(x25!)       x20=00000015 x25=1c0028c0 x25:1c0028b0  PA:1c0028b0
27120269ns          473392 1c0093d0 0104198b p.lh             x19, 16(x8!)        x19=ffffff46  x8=1c002088  x8:1c002078  PA:1c002078
27120567ns          473407 1c0093d4 2cc10513 addi             x10, x2, 716        x10=100027a4  x2:100024d8
27120587ns          473408 1c0093d6 010a990b p.lh             x18, 16(x21!)       x18=00000015 x21=1c0018b4 x21:1c0018a4  PA:1c0018a4
27120925ns          473425 1c0093da 010b948b p.lh             x9, 16(x23!)         x9=ffffff3d x23=1c0010e4 x23:1c0010d4  PA:1c0010d4
27121223ns          473440 1c0093de 2d411623 sh               x20, 716(x2)        x20:00000015  x2:100024d8  PA:100027a4
27121263ns          473442 1c0093e2 2d311723 sh               x19, 718(x2)        x19:ffffff46  x2:100024d8  PA:100027a6
27121283ns          473443 1c0093e6 c33ff0ef jal              x1, -974             x1=1c0093e8
27121323ns          473445 1c009018 00051803 lh               x16, 0(x10)         x16=00000015 x10:100027a4  PA:100027a4
27121343ns          473446 1c00901c 00251883 lh               x17, 2(x10)         x17=ffffff46 x10:100027a4  PA:100027a6
27121402ns          473449 1c009020 030806b3 mul              x13, x16, x16       x13=000001b9 x16:00000015 x16:00000015
27121442ns          473451 1c009024 03188633 mul              x12, x17, x17       x12=00008724 x17:ffffff46 x17:ffffff46
27121462ns          473452 1c009028 40a65613 srai             x12, x12, 0x40a     x12=00000021 x12:00008724
27121482ns          473453 1c00902a 40a6d693 srai             x13, x13, 0x40a     x13=00000000 x13:000001b9
27121502ns          473454 1c00902c 00c686b3 add              x13, x13, x12       x13=00000021 x13:00000000 x12:00000021
27121522ns          473455 1c00902e 1006c633 p.exths          x12, x13, x0        x12=00000021 x13:00000021
27121542ns          473456 1c009032 00855703 lhu              x14, 8(x10)         x14=0000ffd1 x10:100027a4  PA:100027ac
27121561ns          473457 1c009036 00a55683 lhu              x13, 10(x10)        x13=0000ff6a x10:100027a4  PA:100027ae
27121581ns          473458 1c00903a 02c60333 mul              x6, x12, x12         x6=00000441 x12:00000021 x12:00000021
27121621ns          473460 1c00903e 00c55783 lhu              x15, 12(x10)        x15=0000ffe5 x10:100027a4  PA:100027b0
27121661ns          473462 1c009042 00e55583 lhu              x11, 14(x10)        x11=00000060 x10:100027a4  PA:100027b2
27121681ns          473463 1c009046 dea30333 p.extract        x6, x6, 15, 10       x6=00000001  x6:00000441
27121701ns          473464 1c00904a 80c7075b p.muls           x14, x14, x12       x14=fffff9f1 x14:0000ffd1 x12:00000021
27121721ns          473465 1c00904e 80c686db p.muls           x13, x13, x12       x13=ffffecaa x13:0000ff6a x12:00000021
27121740ns          473466 1c009052 00455e83 lhu              x29, 4(x10)         x29=00000427 x10:100027a4  PA:100027a8
27121760ns          473467 1c009056 00655e03 lhu              x28, 6(x10)         x28=0000007f x10:100027a4  PA:100027aa
27121780ns          473468 1c00905a 40a75713 srai             x14, x14, 0x40a     x14=fffffffe x14:fffff9f1
27121800ns          473469 1c00905c 806787db p.muls           x15, x15, x6        x15=ffffffe5 x15:0000ffe5  x6:00000001
27121820ns          473470 1c009060 40a6d693 srai             x13, x13, 0x40a     x13=fffffffb x13:ffffecaa
27121840ns          473471 1c009062 8065865b p.muls           x12, x11, x6        x12=00000060 x11:00000060  x6:00000001
27121860ns          473472 1c009066 40a7d793 srai             x15, x15, 0x40a     x15=ffffffff x15:ffffffe5
27121880ns          473473 1c009068 40a65613 srai             x12, x12, 0x40a     x12=00000000 x12:00000060
27121900ns          473474 1c00906a 01d70733 add              x14, x14, x29       x14=00000425 x14:fffffffe x29:00000427
27121919ns          473475 1c00906c 01c686b3 add              x13, x13, x28       x13=0000007a x13:fffffffb x28:0000007f
27121939ns          473476 1c00906e 00c686b3 add              x13, x13, x12       x13=0000007a x13:0000007a x12:00000000
27121959ns          473477 1c009070 00f70733 add              x14, x14, x15       x14=00000424 x14:00000425 x15:ffffffff
27121979ns          473478 1c009072 100747b3 p.exths          x15, x14, x0        x15=00000424 x14:00000424
27121999ns          473479 1c009076 1006c733 p.exths          x14, x13, x0        x14=0000007a x13:0000007a
27122019ns          473480 1c00907a 03170633 mul              x12, x14, x17       x12=ffffa75c x14:0000007a x17:ffffff46
27122039ns          473481 1c00907e 030786b3 mul              x13, x15, x16       x13=000056f4 x15:00000424 x16:00000015
27122059ns          473482 1c009082 03070733 mul              x14, x14, x16       x14=00000a02 x14:0000007a x16:00000015
27122079ns          473483 1c009086 031787b3 mul              x15, x15, x17       x15=fffcfdd8 x15:00000424 x17:ffffff46
27122098ns          473484 1c00908a 40a6d693 srai             x13, x13, 0x40a     x13=00000015 x13:000056f4
27122118ns          473485 1c00908c 40a65613 srai             x12, x12, 0x40a     x12=ffffffe9 x12:ffffa75c
27122138ns          473486 1c00908e 40a7d793 srai             x15, x15, 0x40a     x15=ffffff3f x15:fffcfdd8
27122158ns          473487 1c009090 40a75713 srai             x14, x14, 0x40a     x14=00000002 x14:00000a02
27122178ns          473488 1c009092 40c686b3 sub              x13, x13, x12       x13=0000002c x13:00000015 x12:ffffffe9
27122198ns          473489 1c009094 00e787b3 add              x15, x15, x14       x15=ffffff41 x15:ffffff3f x14:00000002
27122218ns          473490 1c009096 00d51823 sh               x13, 16(x10)        x13:0000002c x10:100027a4  PA:100027b4
27122258ns          473492 1c00909a 00f51923 sh               x15, 18(x10)        x15:ffffff41 x10:100027a4  PA:100027b6
27122277ns          473493 1c00909e 00008067 jalr             x0, x1, 0            x1:1c0093e8
27122317ns          473495 1c0093e8 2dc15583 lhu              x11, 732(x2)        x11=0000002c  x2:100024d8  PA:100027b4
27122337ns          473496 1c0093ec 2de15783 lhu              x15, 734(x2)        x15=0000ff41  x2:100024d8  PA:100027b6
27122357ns          473497 1c0093f0 40b90933 sub              x18, x18, x11       x18=ffffffe9 x18:00000015 x11:0000002c
27122377ns          473498 1c0093f4 40f484b3 sub              x9, x9, x15          x9=fffefffc  x9:ffffff3d x15:0000ff41
27122397ns          473499 1c0093f6 100945b3 p.exths          x11, x18, x0        x11=ffffffe9 x18:ffffffe9
27122417ns          473500 1c0093fa 1004c7b3 p.exths          x15, x9, x0         x15=fffffffc  x9:fffefffc
27122437ns          473501 1c0093fe 034586b3 mul              x13, x11, x20       x13=fffffe1d x11:ffffffe9 x20:00000015
27122456ns          473502 1c009402 03378533 mul              x10, x15, x19       x10=000002e8 x15:fffffffc x19:ffffff46
27122476ns          473503 1c009406 034a0633 mul              x12, x20, x20       x12=000001b9 x20:00000015 x20:00000015
27122496ns          473504 1c00940a 03398733 mul              x14, x19, x19       x14=00008724 x19:ffffff46 x19:ffffff46
27122516ns          473505 1c00940e 034787b3 mul              x15, x15, x20       x15=ffffffac x15:fffffffc x20:00000015
27122536ns          473506 1c009412 033585b3 mul              x11, x11, x19       x11=000010b6 x11:ffffffe9 x19:ffffff46
27122556ns          473507 1c009416 40a75713 srai             x14, x14, 0x40a     x14=00000021 x14:00008724
27122576ns          473508 1c009418 40a5d593 srai             x11, x11, 0x40a     x11=00000004 x11:000010b6
27122596ns          473509 1c00941a 40a65613 srai             x12, x12, 0x40a     x12=00000000 x12:000001b9
27122616ns          473510 1c00941c 40a7d793 srai             x15, x15, 0x40a     x15=ffffffff x15:ffffffac
27122635ns          473511 1c00941e 1c0034b7 lui              x9, 0x1c003000       x9=1c003000
27122655ns          473512 1c009422 00e60633 add              x12, x12, x14       x12=00000021 x12:00000000 x14:00000021
27122675ns          473513 1c009424 40b787b3 sub              x15, x15, x11       x15=fffffffb x15:ffffffff x11:00000004
27122695ns          473514 1c009426 eb048493 addi             x9, x9, -336         x9=1c002eb0  x9:1c003000
27122715ns          473515 1c00942a 1c0032b7 lui              x5, 0x1c003000       x5=1c003000
27122735ns          473516 1c00942e 1c0035b7 lui              x11, 0x1c003000     x11=1c003000
27122755ns          473517 1c009432 018483b3 add              x7, x9, x24          x7=1c002eb8  x9:1c002eb0 x24:00000008
27122775ns          473518 1c009436 02812e83 lw               x29, 40(x2)         x29=1c002ec8  x2:100024d8  PA:10002500
27122794ns          473519 1c009438 10065633 p.exthz          x12, x12, x0        x12=00000021 x12:00000021
27122814ns          473520 1c00943c e8028293 addi             x5, x5, -384         x5=1c002e80  x5:1c003000
27122834ns          473521 1c009440 ea058593 addi             x11, x11, -352      x11=1c002ea0 x11:1c003000
27122854ns          473522 1c009444 03812483 lw               x9, 56(x2)           x9=1c002ee8  x2:100024d8  PA:10002510
27122874ns          473523 1c009446 10064733 p.exths          x14, x12, x0        x14=00000021 x12:00000021
27122894ns          473524 1c00944a 018280b3 add              x1, x5, x24          x1=1c002e88  x5:1c002e80 x24:00000008
27122914ns          473525 1c00944e 03012f03 lw               x30, 48(x2)         x30=1c002ed8  x2:100024d8  PA:10002508
27122934ns          473526 1c009450 018582b3 add              x5, x11, x24         x5=1c002ea8 x11:1c002ea0 x24:00000008
27122954ns          473527 1c009454 04012583 lw               x11, 64(x2)         x11=1c002ef8  x2:100024d8  PA:10002518
27122973ns          473528 1c009456 000edd83 lhu              x27, 0(x29)         x27=00000ff7 x29:1c002ec8  PA:1c002ec8
27123292ns          473544 1c00945a 0004d483 lhu              x9, 0(x9)            x9=000000dc  x9:1c002ee8  PA:1c002ee8
27123590ns          473559 1c00945e 02e70333 mul              x6, x14, x14         x6=00000441 x14:00000021 x14:00000021
27123610ns          473560 1c009462 40a55513 srai             x10, x10, 0x40a     x10=00000000 x10:000002e8
27123630ns          473561 1c009464 04812e83 lw               x29, 72(x2)         x29=1c002f08  x2:100024d8  PA:10002520
27123650ns          473562 1c009466 40a6d693 srai             x13, x13, 0x40a     x13=ffffffff x13:fffffe1d
27123670ns          473563 1c009468 000f5d03 lhu              x26, 0(x30)         x26=0000034e x30:1c002ed8  PA:1c002ed8
27123968ns          473578 1c00946c 0005d583 lhu              x11, 0(x11)         x11=00000040 x11:1c002ef8  PA:1c002ef8
27124346ns          473597 1c009470 40a35313 srai             x6, x6, 0x40a        x6=00000001  x6:00000441
27124366ns          473598 1c009474 00a686b3 add              x13, x13, x10       x13=ffffffff x13:ffffffff x10:00000000
27124386ns          473599 1c009476 05012f03 lw               x30, 80(x2)         x30=1c002e78  x2:100024d8  PA:10002528
27124405ns          473600 1c009478 10034e33 p.exths          x28, x6, x0         x28=00000001  x6:00000001
27124425ns          473601 1c00947c 06911023 sh               x9, 96(x2)           x9:000000dc  x2:100024d8  PA:10002538
27124445ns          473602 1c009480 000ede83 lhu              x29, 0(x29)         x29=00000014 x29:1c002f08  PA:1c002f08
27124763ns          473618 1c009484 05812483 lw               x9, 88(x2)           x9=1c002e68  x2:100024d8  PA:10002530
27124783ns          473619 1c009486 1006d6b3 p.exthz          x13, x13, x0        x13=0000ffff x13:ffffffff
27124803ns          473620 1c00948a 02ee08b3 mul              x17, x28, x14       x17=00000021 x28:00000001 x14:00000021
27124823ns          473621 1c00948e 1006c833 p.exths          x16, x13, x0        x16=ffffffff x13:0000ffff
27124843ns          473622 1c009492 06b11823 sh               x11, 112(x2)        x11:00000040  x2:100024d8  PA:10002548
27124863ns          473623 1c009496 000f5f03 lhu              x30, 0(x30)         x30=0000ff60 x30:1c002e78  PA:1c002e78
27125161ns          473638 1c00949a 0a012583 lw               x11, 160(x2)        x11=1c002e98  x2:100024d8  PA:10002578
27125181ns          473639 1c00949c 1007d7b3 p.exthz          x15, x15, x0        x15=0000fffb x15:fffffffb
27125201ns          473640 1c0094a0 0004da03 lhu              x20, 0(x9)          x20=0000fc79  x9:1c002e68  PA:1c002e68
27125499ns          473655 1c0094a4 1007c533 p.exths          x10, x15, x0        x10=fffffffb x15:0000fffb
27125519ns          473656 1c0094a8 09d11023 sh               x29, 128(x2)        x29:00000014  x2:100024d8  PA:10002558
27125539ns          473657 1c0094ac 0003d483 lhu              x9, 0(x7)            x9=0000ffe4  x7:1c002eb8  PA:1c002eb8
27125837ns          473672 1c0094b0 02e80eb3 mul              x29, x16, x14       x29=ffffffdf x16:ffffffff x14:00000021
27125857ns          473673 1c0094b4 40a8d893 srai             x17, x17, 0x40a     x17=00000000 x17:00000021
27125877ns          473674 1c0094b8 03c80833 mul              x16, x16, x28       x16=ffffffff x16:ffffffff x28:00000001
27125897ns          473675 1c0094bc 09e11823 sh               x30, 144(x2)        x30:0000ff60  x2:100024d8  PA:10002568
27125917ns          473676 1c0094c0 0005d983 lhu              x19, 0(x11)         x19=0000ffc8 x11:1c002e98  PA:1c002e98
27126235ns          473692 1c0094c4 81c88f5b p.muls           x30, x17, x28       x30=00000000 x17:00000000 x28:00000001
27126255ns          473693 1c0094c8 0002d583 lhu              x11, 0(x5)          x11=0000ffb3  x5:1c002ea8  PA:1c002ea8
27126553ns          473708 1c0094cc 03ce0fb3 mul              x31, x28, x28       x31=00000001 x28:00000001 x28:00000001
27126573ns          473709 1c0094d0 02e50733 mul              x14, x10, x14       x14=ffffff5b x10:fffffffb x14:00000021
27126593ns          473710 1c0094d4 40a85813 srai             x16, x16, 0x40a     x16=ffffffff x16:ffffffff
27126613ns          473711 1c0094d8 03c50533 mul              x10, x10, x28       x10=fffffffb x10:fffffffb x28:00000001
27126633ns          473712 1c0094dc 07015e03 lhu              x28, 112(x2)        x28=00000040  x2:100024d8  PA:10002548
27126673ns          473714 1c0094e0 01b60633 add              x12, x12, x27       x12=00001018 x12:00000021 x27:00000ff7
27126693ns          473715 1c0094e2 00980833 add              x16, x16, x9        x16=0000ffe3 x16:ffffffff  x9:0000ffe4
27126712ns          473716 1c0094e4 06015d83 lhu              x27, 96(x2)         x27=000000dc  x2:100024d8  PA:10002538
27126732ns          473717 1c0094e8 02812483 lw               x9, 40(x2)           x9=1c002ec8  x2:100024d8  PA:10002500
27126752ns          473718 1c0094ea 40afdf93 srai             x31, x31, 0x40a     x31=00000000 x31:00000001
27126772ns          473719 1c0094ee 40a55513 srai             x10, x10, 0x40a     x10=ffffffff x10:fffffffb
27126792ns          473720 1c0094f0 01cf8fb3 add              x31, x31, x28       x31=00000040 x31:00000000 x28:00000040
27126812ns          473721 1c0094f2 00b50533 add              x10, x10, x11       x10=0000ffb2 x10:ffffffff x11:0000ffb3
27126832ns          473722 1c0094f4 09015e03 lhu              x28, 144(x2)        x28=0000ff60  x2:100024d8  PA:10002568
27126852ns          473723 1c0094f8 03012583 lw               x11, 48(x2)         x11=1c002ed8  x2:100024d8  PA:10002508
27126872ns          473724 1c0094fa 00c49023 sh               x12, 0(x9)          x12:00001018  x9:1c002ec8  PA:1c002ec8
27127190ns          473740 1c0094fe 01b888b3 add              x17, x17, x27       x17=000000dc x17:00000000 x27:000000dc
27127210ns          473741 1c009500 01a30333 add              x6, x6, x26          x6=0000034f  x6:00000001 x26:0000034e
27127230ns          473742 1c009502 08015d83 lhu              x27, 128(x2)        x27=00000014  x2:100024d8  PA:10002558
27127249ns          473743 1c009506 0000d903 lhu              x18, 0(x1)          x18=0000ff1e  x1:1c002e88  PA:1c002e88
27127548ns          473758 1c00950a 01c686b3 add              x13, x13, x28       x13=0001ff5f x13:0000ffff x28:0000ff60
27127568ns          473759 1c00950c 00659023 sh               x6, 0(x11)           x6:0000034f x11:1c002ed8  PA:1c002ed8
27127886ns          473775 1c009510 40af5f13 srai             x30, x30, 0x40a     x30=00000000 x30:00000000
27127906ns          473776 1c009514 04812e03 lw               x28, 72(x2)         x28=1c002f08  x2:100024d8  PA:10002520
27127926ns          473777 1c009516 01bf0f33 add              x30, x30, x27       x30=00000014 x30:00000000 x27:00000014
27127945ns          473778 1c009518 40aede93 srai             x29, x29, 0x40a     x29=ffffffff x29:ffffffdf
27127965ns          473779 1c00951c 40a75713 srai             x14, x14, 0x40a     x14=ffffffff x14:ffffff5b
27127985ns          473780 1c00951e 03812603 lw               x12, 56(x2)         x12=1c002ee8  x2:100024d8  PA:10002510
27128005ns          473781 1c009520 04012d83 lw               x27, 64(x2)         x27=1c002ef8  x2:100024d8  PA:10002518
27128025ns          473782 1c009522 01ee1023 sh               x30, 0(x28)         x30:00000014 x28:1c002f08  PA:1c002f08
27128343ns          473798 1c009526 05812483 lw               x9, 88(x2)           x9=1c002e68  x2:100024d8  PA:10002530
27128363ns          473799 1c009528 05012f03 lw               x30, 80(x2)         x30=1c002e78  x2:100024d8  PA:10002528
27128383ns          473800 1c00952a 0a012583 lw               x11, 160(x2)        x11=1c002e98  x2:100024d8  PA:10002578
27128403ns          473801 1c00952c 014787b3 add              x15, x15, x20       x15=0001fc74 x15:0000fffb x20:0000fc79
27128423ns          473802 1c00952e 013e8eb3 add              x29, x29, x19       x29=0000ffc7 x29:ffffffff x19:0000ffc8
27128443ns          473803 1c009530 01270733 add              x14, x14, x18       x14=0000ff1d x14:ffffffff x18:0000ff1e
27128463ns          473804 1c009532 00f49023 sh               x15, 0(x9)          x15:0001fc74  x9:1c002e68  PA:1c002e68
27128801ns          473821 1c009536 01161023 sh               x17, 0(x12)         x17:000000dc x12:1c002ee8  PA:1c002ee8
27129119ns          473837 1c00953a 01fd9023 sh               x31, 0(x27)         x31:00000040 x27:1c002ef8  PA:1c002ef8
27129437ns          473853 1c00953e 00df1023 sh               x13, 0(x30)         x13:0001ff5f x30:1c002e78  PA:1c002e78
27129755ns          473869 1c009542 01d59023 sh               x29, 0(x11)         x29:0000ffc7 x11:1c002e98  PA:1c002e98
27130093ns          473886 1c009546 00e09023 sh               x14, 0(x1)          x14:0000ff1d  x1:1c002e88  PA:1c002e88
27130412ns          473902 1c00954a 01039023 sh               x16, 0(x7)          x16:0000ffe3  x7:1c002eb8  PA:1c002eb8
27130730ns          473918 1c00954e 00a29023 sh               x10, 0(x5)          x10:0000ffb2  x5:1c002ea8  PA:1c002ea8
27131048ns          473934 1c009552 008b0b13 addi             x22, x22, 8         x22=0000011c x22:00000114
27131068ns          473935 1c009554 1f300793 addi             x15, x0, 499        x15=000001f3
27131088ns          473936 1c009558 e767dae3 bge              x15, x22, -396      x15:000001f3 x22:0000011c
27131147ns          473939 1c0093cc 010c9a0b p.lh             x20, 16(x25!)       x20=0000007d x25=1c0028d0 x25:1c0028c0  PA:1c0028c0
27131545ns          473959 1c0093d0 0104198b p.lh             x19, 16(x8!)        x19=000000bb  x8=1c002098  x8:1c002088  PA:1c002088
27131844ns          473974 1c0093d4 2cc10513 addi             x10, x2, 716        x10=100027a4  x2:100024d8
27131863ns          473975 1c0093d6 010a990b p.lh             x18, 16(x21!)       x18=00000082 x21=1c0018c4 x21:1c0018b4  PA:1c0018b4
27132162ns          473990 1c0093da 010b948b p.lh             x9, 16(x23!)         x9=000000b9 x23=1c0010f4 x23:1c0010e4  PA:1c0010e4
27132500ns          474007 1c0093de 2d411623 sh               x20, 716(x2)        x20:0000007d  x2:100024d8  PA:100027a4
27132540ns          474009 1c0093e2 2d311723 sh               x19, 718(x2)        x19:000000bb  x2:100024d8  PA:100027a6
27132579ns          474011 1c0093e6 c33ff0ef jal              x1, -974             x1=1c0093e8
27132639ns          474014 1c009018 00051803 lh               x16, 0(x10)         x16=0000007d x10:100027a4  PA:100027a4
27132699ns          474017 1c00901c 00251883 lh               x17, 2(x10)         x17=000000bb x10:100027a4  PA:100027a6
27132719ns          474018 1c009020 030806b3 mul              x13, x16, x16       x13=00003d09 x16:0000007d x16:0000007d
27132738ns          474019 1c009024 03188633 mul              x12, x17, x17       x12=00008899 x17:000000bb x17:000000bb
27132758ns          474020 1c009028 40a65613 srai             x12, x12, 0x40a     x12=00000022 x12:00008899
27132778ns          474021 1c00902a 40a6d693 srai             x13, x13, 0x40a     x13=0000000f x13:00003d09
27132798ns          474022 1c00902c 00c686b3 add              x13, x13, x12       x13=00000031 x13:0000000f x12:00000022
27132818ns          474023 1c00902e 1006c633 p.exths          x12, x13, x0        x12=00000031 x13:00000031
27132838ns          474024 1c009032 00855703 lhu              x14, 8(x10)         x14=0000ffd1 x10:100027a4  PA:100027ac
27132858ns          474025 1c009036 00a55683 lhu              x13, 10(x10)        x13=0000ff6a x10:100027a4  PA:100027ae
27132878ns          474026 1c00903a 02c60333 mul              x6, x12, x12         x6=00000961 x12:00000031 x12:00000031
27132898ns          474027 1c00903e 00c55783 lhu              x15, 12(x10)        x15=0000ffe5 x10:100027a4  PA:100027b0
27132917ns          474028 1c009042 00e55583 lhu              x11, 14(x10)        x11=00000060 x10:100027a4  PA:100027b2
27132937ns          474029 1c009046 dea30333 p.extract        x6, x6, 15, 10       x6=00000002  x6:00000961
27132957ns          474030 1c00904a 80c7075b p.muls           x14, x14, x12       x14=fffff701 x14:0000ffd1 x12:00000031
27133017ns          474033 1c00904e 80c686db p.muls           x13, x13, x12       x13=ffffe34a x13:0000ff6a x12:00000031
27133057ns          474035 1c009052 00455e83 lhu              x29, 4(x10)         x29=00000427 x10:100027a4  PA:100027a8
27133077ns          474036 1c009056 00655e03 lhu              x28, 6(x10)         x28=0000007f x10:100027a4  PA:100027aa
27133096ns          474037 1c00905a 40a75713 srai             x14, x14, 0x40a     x14=fffffffd x14:fffff701
27133116ns          474038 1c00905c 806787db p.muls           x15, x15, x6        x15=ffffffca x15:0000ffe5  x6:00000002
27133156ns          474040 1c009060 40a6d693 srai             x13, x13, 0x40a     x13=fffffff8 x13:ffffe34a
27133196ns          474042 1c009062 8065865b p.muls           x12, x11, x6        x12=000000c0 x11:00000060  x6:00000002
27133216ns          474043 1c009066 40a7d793 srai             x15, x15, 0x40a     x15=ffffffff x15:ffffffca
27133236ns          474044 1c009068 40a65613 srai             x12, x12, 0x40a     x12=00000000 x12:000000c0
27133256ns          474045 1c00906a 01d70733 add              x14, x14, x29       x14=00000424 x14:fffffffd x29:00000427
27133275ns          474046 1c00906c 01c686b3 add              x13, x13, x28       x13=00000077 x13:fffffff8 x28:0000007f
27133295ns          474047 1c00906e 00c686b3 add              x13, x13, x12       x13=00000077 x13:00000077 x12:00000000
27133315ns          474048 1c009070 00f70733 add              x14, x14, x15       x14=00000423 x14:00000424 x15:ffffffff
27133335ns          474049 1c009072 100747b3 p.exths          x15, x14, x0        x15=00000423 x14:00000423
27133355ns          474050 1c009076 1006c733 p.exths          x14, x13, x0        x14=00000077 x13:00000077
27133375ns          474051 1c00907a 03170633 mul              x12, x14, x17       x12=000056ed x14:00000077 x17:000000bb
27133395ns          474052 1c00907e 030786b3 mul              x13, x15, x16       x13=00020517 x15:00000423 x16:0000007d
27133415ns          474053 1c009082 03070733 mul              x14, x14, x16       x14=00003a1b x14:00000077 x16:0000007d
27133435ns          474054 1c009086 031787b3 mul              x15, x15, x17       x15=00030591 x15:00000423 x17:000000bb
27133454ns          474055 1c00908a 40a6d693 srai             x13, x13, 0x40a     x13=00000081 x13:00020517
27133474ns          474056 1c00908c 40a65613 srai             x12, x12, 0x40a     x12=00000015 x12:000056ed
27133494ns          474057 1c00908e 40a7d793 srai             x15, x15, 0x40a     x15=000000c1 x15:00030591
27133514ns          474058 1c009090 40a75713 srai             x14, x14, 0x40a     x14=0000000e x14:00003a1b
27133534ns          474059 1c009092 40c686b3 sub              x13, x13, x12       x13=0000006c x13:00000081 x12:00000015
27133554ns          474060 1c009094 00e787b3 add              x15, x15, x14       x15=000000cf x15:000000c1 x14:0000000e
27133574ns          474061 1c009096 00d51823 sh               x13, 16(x10)        x13:0000006c x10:100027a4  PA:100027b4
27133633ns          474064 1c00909a 00f51923 sh               x15, 18(x10)        x15:000000cf x10:100027a4  PA:100027b6
27133673ns          474066 1c00909e 00008067 jalr             x0, x1, 0            x1:1c0093e8
27133693ns          474067 1c0093e8 2dc15583 lhu              x11, 732(x2)        x11=0000006c  x2:100024d8  PA:100027b4
27133713ns          474068 1c0093ec 2de15783 lhu              x15, 734(x2)        x15=000000cf  x2:100024d8  PA:100027b6
27133733ns          474069 1c0093f0 40b90933 sub              x18, x18, x11       x18=00000016 x18:00000082 x11:0000006c
27133753ns          474070 1c0093f4 40f484b3 sub              x9, x9, x15          x9=ffffffea  x9:000000b9 x15:000000cf
27133773ns          474071 1c0093f6 100945b3 p.exths          x11, x18, x0        x11=00000016 x18:00000016
27133793ns          474072 1c0093fa 1004c7b3 p.exths          x15, x9, x0         x15=ffffffea  x9:ffffffea
27133812ns          474073 1c0093fe 034586b3 mul              x13, x11, x20       x13=00000abe x11:00000016 x20:0000007d
27133832ns          474074 1c009402 03378533 mul              x10, x15, x19       x10=ffffefee x15:ffffffea x19:000000bb
27133852ns          474075 1c009406 034a0633 mul              x12, x20, x20       x12=00003d09 x20:0000007d x20:0000007d
27133872ns          474076 1c00940a 03398733 mul              x14, x19, x19       x14=00008899 x19:000000bb x19:000000bb
27133892ns          474077 1c00940e 034787b3 mul              x15, x15, x20       x15=fffff542 x15:ffffffea x20:0000007d
27133912ns          474078 1c009412 033585b3 mul              x11, x11, x19       x11=00001012 x11:00000016 x19:000000bb
27133932ns          474079 1c009416 40a75713 srai             x14, x14, 0x40a     x14=00000022 x14:00008899
27133952ns          474080 1c009418 40a5d593 srai             x11, x11, 0x40a     x11=00000004 x11:00001012
27133972ns          474081 1c00941a 40a65613 srai             x12, x12, 0x40a     x12=0000000f x12:00003d09
27133991ns          474082 1c00941c 40a7d793 srai             x15, x15, 0x40a     x15=fffffffd x15:fffff542
27134011ns          474083 1c00941e 1c0034b7 lui              x9, 0x1c003000       x9=1c003000
27134031ns          474084 1c009422 00e60633 add              x12, x12, x14       x12=00000031 x12:0000000f x14:00000022
27134051ns          474085 1c009424 40b787b3 sub              x15, x15, x11       x15=fffffff9 x15:fffffffd x11:00000004
27134071ns          474086 1c009426 eb048493 addi             x9, x9, -336         x9=1c002eb0  x9:1c003000
27134091ns          474087 1c00942a 1c0032b7 lui              x5, 0x1c003000       x5=1c003000
27134111ns          474088 1c00942e 1c0035b7 lui              x11, 0x1c003000     x11=1c003000
27134131ns          474089 1c009432 018483b3 add              x7, x9, x24          x7=1c002eb8  x9:1c002eb0 x24:00000008
27134151ns          474090 1c009436 02812e83 lw               x29, 40(x2)         x29=1c002ec8  x2:100024d8  PA:10002500
27134170ns          474091 1c009438 10065633 p.exthz          x12, x12, x0        x12=00000031 x12:00000031
27134190ns          474092 1c00943c e8028293 addi             x5, x5, -384         x5=1c002e80  x5:1c003000
27134230ns          474094 1c009440 ea058593 addi             x11, x11, -352      x11=1c002ea0 x11:1c003000
27134270ns          474096 1c009444 03812483 lw               x9, 56(x2)           x9=1c002ee8  x2:100024d8  PA:10002510
27134290ns          474097 1c009446 10064733 p.exths          x14, x12, x0        x14=00000031 x12:00000031
27134310ns          474098 1c00944a 018280b3 add              x1, x5, x24          x1=1c002e88  x5:1c002e80 x24:00000008
27134330ns          474099 1c00944e 03012f03 lw               x30, 48(x2)         x30=1c002ed8  x2:100024d8  PA:10002508
27134369ns          474101 1c009450 018582b3 add              x5, x11, x24         x5=1c002ea8 x11:1c002ea0 x24:00000008
27134409ns          474103 1c009454 04012583 lw               x11, 64(x2)         x11=1c002ef8  x2:100024d8  PA:10002518
27134429ns          474104 1c009456 000edd83 lhu              x27, 0(x29)         x27=00001018 x29:1c002ec8  PA:1c002ec8
27134827ns          474124 1c00945a 0004d483 lhu              x9, 0(x9)            x9=000000dc  x9:1c002ee8  PA:1c002ee8
27135125ns          474139 1c00945e 02e70333 mul              x6, x14, x14         x6=00000961 x14:00000031 x14:00000031
27135145ns          474140 1c009462 40a55513 srai             x10, x10, 0x40a     x10=fffffffb x10:ffffefee
27135165ns          474141 1c009464 04812e83 lw               x29, 72(x2)         x29=1c002f08  x2:100024d8  PA:10002520
27135185ns          474142 1c009466 40a6d693 srai             x13, x13, 0x40a     x13=00000002 x13:00000abe
27135205ns          474143 1c009468 000f5d03 lhu              x26, 0(x30)         x26=0000034f x30:1c002ed8  PA:1c002ed8
27135543ns          474160 1c00946c 0005d583 lhu              x11, 0(x11)         x11=00000040 x11:1c002ef8  PA:1c002ef8
27135841ns          474175 1c009470 40a35313 srai             x6, x6, 0x40a        x6=00000002  x6:00000961
27135861ns          474176 1c009474 00a686b3 add              x13, x13, x10       x13=fffffffd x13:00000002 x10:fffffffb
27135881ns          474177 1c009476 05012f03 lw               x30, 80(x2)         x30=1c002e78  x2:100024d8  PA:10002528
27135901ns          474178 1c009478 10034e33 p.exths          x28, x6, x0         x28=00000002  x6:00000002
27135921ns          474179 1c00947c 06911023 sh               x9, 96(x2)           x9:000000dc  x2:100024d8  PA:10002538
27135940ns          474180 1c009480 000ede83 lhu              x29, 0(x29)         x29=00000014 x29:1c002f08  PA:1c002f08
27136239ns          474195 1c009484 05812483 lw               x9, 88(x2)           x9=1c002e68  x2:100024d8  PA:10002530
27136259ns          474196 1c009486 1006d6b3 p.exthz          x13, x13, x0        x13=0000fffd x13:fffffffd
27136279ns          474197 1c00948a 02ee08b3 mul              x17, x28, x14       x17=00000062 x28:00000002 x14:00000031
27136298ns          474198 1c00948e 1006c833 p.exths          x16, x13, x0        x16=fffffffd x13:0000fffd
27136318ns          474199 1c009492 06b11823 sh               x11, 112(x2)        x11:00000040  x2:100024d8  PA:10002548
27136338ns          474200 1c009496 000f5f03 lhu              x30, 0(x30)         x30=0000ff5f x30:1c002e78  PA:1c002e78
27136656ns          474216 1c00949a 0a012583 lw               x11, 160(x2)        x11=1c002e98  x2:100024d8  PA:10002578
27136676ns          474217 1c00949c 1007d7b3 p.exthz          x15, x15, x0        x15=0000fff9 x15:fffffff9
27136696ns          474218 1c0094a0 0004da03 lhu              x20, 0(x9)          x20=0000fc74  x9:1c002e68  PA:1c002e68
27136995ns          474233 1c0094a4 1007c533 p.exths          x10, x15, x0        x10=fffffff9 x15:0000fff9
27137014ns          474234 1c0094a8 09d11023 sh               x29, 128(x2)        x29:00000014  x2:100024d8  PA:10002558
27137034ns          474235 1c0094ac 0003d483 lhu              x9, 0(x7)            x9=0000ffe3  x7:1c002eb8  PA:1c002eb8
27137412ns          474254 1c0094b0 02e80eb3 mul              x29, x16, x14       x29=ffffff6d x16:fffffffd x14:00000031
27137432ns          474255 1c0094b4 40a8d893 srai             x17, x17, 0x40a     x17=00000000 x17:00000062
27137452ns          474256 1c0094b8 03c80833 mul              x16, x16, x28       x16=fffffffa x16:fffffffd x28:00000002
27137472ns          474257 1c0094bc 09e11823 sh               x30, 144(x2)        x30:0000ff5f  x2:100024d8  PA:10002568
27137492ns          474258 1c0094c0 0005d983 lhu              x19, 0(x11)         x19=0000ffc7 x11:1c002e98  PA:1c002e98
27137830ns          474275 1c0094c4 81c88f5b p.muls           x30, x17, x28       x30=00000000 x17:00000000 x28:00000002
27137850ns          474276 1c0094c8 0002d583 lhu              x11, 0(x5)          x11=0000ffb2  x5:1c002ea8  PA:1c002ea8
27138148ns          474291 1c0094cc 03ce0fb3 mul              x31, x28, x28       x31=00000004 x28:00000002 x28:00000002
27138168ns          474292 1c0094d0 02e50733 mul              x14, x10, x14       x14=fffffea9 x10:fffffff9 x14:00000031
27138188ns          474293 1c0094d4 40a85813 srai             x16, x16, 0x40a     x16=ffffffff x16:fffffffa
27138208ns          474294 1c0094d8 03c50533 mul              x10, x10, x28       x10=fffffff2 x10:fffffff9 x28:00000002
27138228ns          474295 1c0094dc 07015e03 lhu              x28, 112(x2)        x28=00000040  x2:100024d8  PA:10002548
27138267ns          474297 1c0094e0 01b60633 add              x12, x12, x27       x12=00001049 x12:00000031 x27:00001018
27138287ns          474298 1c0094e2 00980833 add              x16, x16, x9        x16=0000ffe2 x16:ffffffff  x9:0000ffe3
27138307ns          474299 1c0094e4 06015d83 lhu              x27, 96(x2)         x27=000000dc  x2:100024d8  PA:10002538
27138327ns          474300 1c0094e8 02812483 lw               x9, 40(x2)           x9=1c002ec8  x2:100024d8  PA:10002500
27138347ns          474301 1c0094ea 40afdf93 srai             x31, x31, 0x40a     x31=00000000 x31:00000004
27138367ns          474302 1c0094ee 40a55513 srai             x10, x10, 0x40a     x10=ffffffff x10:fffffff2
27138387ns          474303 1c0094f0 01cf8fb3 add              x31, x31, x28       x31=00000040 x31:00000000 x28:00000040
27138407ns          474304 1c0094f2 00b50533 add              x10, x10, x11       x10=0000ffb1 x10:ffffffff x11:0000ffb2
27138426ns          474305 1c0094f4 09015e03 lhu              x28, 144(x2)        x28=0000ff5f  x2:100024d8  PA:10002568
27138446ns          474306 1c0094f8 03012583 lw               x11, 48(x2)         x11=1c002ed8  x2:100024d8  PA:10002508
27138466ns          474307 1c0094fa 00c49023 sh               x12, 0(x9)          x12:00001049  x9:1c002ec8  PA:1c002ec8
27138784ns          474323 1c0094fe 01b888b3 add              x17, x17, x27       x17=000000dc x17:00000000 x27:000000dc
27138804ns          474324 1c009500 01a30333 add              x6, x6, x26          x6=00000351  x6:00000002 x26:0000034f
27138824ns          474325 1c009502 08015d83 lhu              x27, 128(x2)        x27=00000014  x2:100024d8  PA:10002558
27138844ns          474326 1c009506 0000d903 lhu              x18, 0(x1)          x18=0000ff1d  x1:1c002e88  PA:1c002e88
27139182ns          474343 1c00950a 01c686b3 add              x13, x13, x28       x13=0001ff5c x13:0000fffd x28:0000ff5f
27139202ns          474344 1c00950c 00659023 sh               x6, 0(x11)           x6:00000351 x11:1c002ed8  PA:1c002ed8
27139520ns          474360 1c009510 40af5f13 srai             x30, x30, 0x40a     x30=00000000 x30:00000000
27139540ns          474361 1c009514 04812e03 lw               x28, 72(x2)         x28=1c002f08  x2:100024d8  PA:10002520
27139560ns          474362 1c009516 01bf0f33 add              x30, x30, x27       x30=00000014 x30:00000000 x27:00000014
27139580ns          474363 1c009518 40aede93 srai             x29, x29, 0x40a     x29=ffffffff x29:ffffff6d
27139600ns          474364 1c00951c 40a75713 srai             x14, x14, 0x40a     x14=ffffffff x14:fffffea9
27139620ns          474365 1c00951e 03812603 lw               x12, 56(x2)         x12=1c002ee8  x2:100024d8  PA:10002510
27139640ns          474366 1c009520 04012d83 lw               x27, 64(x2)         x27=1c002ef8  x2:100024d8  PA:10002518
27139660ns          474367 1c009522 01ee1023 sh               x30, 0(x28)         x30:00000014 x28:1c002f08  PA:1c002f08
27139978ns          474383 1c009526 05812483 lw               x9, 88(x2)           x9=1c002e68  x2:100024d8  PA:10002530
27139998ns          474384 1c009528 05012f03 lw               x30, 80(x2)         x30=1c002e78  x2:100024d8  PA:10002528
27140018ns          474385 1c00952a 0a012583 lw               x11, 160(x2)        x11=1c002e98  x2:100024d8  PA:10002578
27140037ns          474386 1c00952c 014787b3 add              x15, x15, x20       x15=0001fc6d x15:0000fff9 x20:0000fc74
27140057ns          474387 1c00952e 013e8eb3 add              x29, x29, x19       x29=0000ffc6 x29:ffffffff x19:0000ffc7
27140077ns          474388 1c009530 01270733 add              x14, x14, x18       x14=0000ff1c x14:ffffffff x18:0000ff1d
27140097ns          474389 1c009532 00f49023 sh               x15, 0(x9)          x15:0001fc6d  x9:1c002e68  PA:1c002e68
27140415ns          474405 1c009536 01161023 sh               x17, 0(x12)         x17:000000dc x12:1c002ee8  PA:1c002ee8
27140733ns          474421 1c00953a 01fd9023 sh               x31, 0(x27)         x31:00000040 x27:1c002ef8  PA:1c002ef8
27141052ns          474437 1c00953e 00df1023 sh               x13, 0(x30)         x13:0001ff5c x30:1c002e78  PA:1c002e78
27141370ns          474453 1c009542 01d59023 sh               x29, 0(x11)         x29:0000ffc6 x11:1c002e98  PA:1c002e98
27141688ns          474469 1c009546 00e09023 sh               x14, 0(x1)          x14:0000ff1c  x1:1c002e88  PA:1c002e88
27142006ns          474485 1c00954a 01039023 sh               x16, 0(x7)          x16:0000ffe2  x7:1c002eb8  PA:1c002eb8
27142325ns          474501 1c00954e 00a29023 sh               x10, 0(x5)          x10:0000ffb1  x5:1c002ea8  PA:1c002ea8
27142643ns          474517 1c009552 008b0b13 addi             x22, x22, 8         x22=00000124 x22:0000011c
27142663ns          474518 1c009554 1f300793 addi             x15, x0, 499        x15=000001f3
27142682ns          474519 1c009558 e767dae3 bge              x15, x22, -396      x15:000001f3 x22:00000124
27142782ns          474524 1c0093cc 010c9a0b p.lh             x20, 16(x25!)       x20=000000fe x25=1c0028e0 x25:1c0028d0  PA:1c0028d0
27143080ns          474539 1c0093d0 0104198b p.lh             x19, 16(x8!)        x19=ffffff3b  x8=1c0020a8  x8:1c002098  PA:1c002098
27143398ns          474555 1c0093d4 2cc10513 addi             x10, x2, 716        x10=100027a4  x2:100024d8
27143418ns          474556 1c0093d6 010a990b p.lh             x18, 16(x21!)       x18=000000f1 x21=1c0018d4 x21:1c0018c4  PA:1c0018c4
27143717ns          474571 1c0093da 010b948b p.lh             x9, 16(x23!)         x9=ffffff30 x23=1c001104 x23:1c0010f4  PA:1c0010f4
27144015ns          474586 1c0093de 2d411623 sh               x20, 716(x2)        x20:000000fe  x2:100024d8  PA:100027a4
27144055ns          474588 1c0093e2 2d311723 sh               x19, 718(x2)        x19:ffffff3b  x2:100024d8  PA:100027a6
27144075ns          474589 1c0093e6 c33ff0ef jal              x1, -974             x1=1c0093e8
27144154ns          474593 1c009018 00051803 lh               x16, 0(x10)         x16=000000fe x10:100027a4  PA:100027a4
27144194ns          474595 1c00901c 00251883 lh               x17, 2(x10)         x17=ffffff3b x10:100027a4  PA:100027a6
27144254ns          474598 1c009020 030806b3 mul              x13, x16, x16       x13=0000fc04 x16:000000fe x16:000000fe
27144293ns          474600 1c009024 03188633 mul              x12, x17, x17       x12=00009799 x17:ffffff3b x17:ffffff3b
27144313ns          474601 1c009028 40a65613 srai             x12, x12, 0x40a     x12=00000025 x12:00009799
27144333ns          474602 1c00902a 40a6d693 srai             x13, x13, 0x40a     x13=0000003f x13:0000fc04
27144353ns          474603 1c00902c 00c686b3 add              x13, x13, x12       x13=00000064 x13:0000003f x12:00000025
27144373ns          474604 1c00902e 1006c633 p.exths          x12, x13, x0        x12=00000064 x13:00000064
27144393ns          474605 1c009032 00855703 lhu              x14, 8(x10)         x14=0000ffd1 x10:100027a4  PA:100027ac
27144413ns          474606 1c009036 00a55683 lhu              x13, 10(x10)        x13=0000ff6a x10:100027a4  PA:100027ae
27144433ns          474607 1c00903a 02c60333 mul              x6, x12, x12         x6=00002710 x12:00000064 x12:00000064
27144453ns          474608 1c00903e 00c55783 lhu              x15, 12(x10)        x15=0000ffe5 x10:100027a4  PA:100027b0
27144472ns          474609 1c009042 00e55583 lhu              x11, 14(x10)        x11=00000060 x10:100027a4  PA:100027b2
27144492ns          474610 1c009046 dea30333 p.extract        x6, x6, 15, 10       x6=00000009  x6:00002710
27144512ns          474611 1c00904a 80c7075b p.muls           x14, x14, x12       x14=ffffeda4 x14:0000ffd1 x12:00000064
27144532ns          474612 1c00904e 80c686db p.muls           x13, x13, x12       x13=ffffc568 x13:0000ff6a x12:00000064
27144552ns          474613 1c009052 00455e83 lhu              x29, 4(x10)         x29=00000427 x10:100027a4  PA:100027a8
27144572ns          474614 1c009056 00655e03 lhu              x28, 6(x10)         x28=0000007f x10:100027a4  PA:100027aa
27144592ns          474615 1c00905a 40a75713 srai             x14, x14, 0x40a     x14=fffffffb x14:ffffeda4
27144612ns          474616 1c00905c 806787db p.muls           x15, x15, x6        x15=ffffff0d x15:0000ffe5  x6:00000009
27144632ns          474617 1c009060 40a6d693 srai             x13, x13, 0x40a     x13=fffffff1 x13:ffffc568
27144651ns          474618 1c009062 8065865b p.muls           x12, x11, x6        x12=00000360 x11:00000060  x6:00000009
27144671ns          474619 1c009066 40a7d793 srai             x15, x15, 0x40a     x15=ffffffff x15:ffffff0d
27144691ns          474620 1c009068 40a65613 srai             x12, x12, 0x40a     x12=00000000 x12:00000360
27144711ns          474621 1c00906a 01d70733 add              x14, x14, x29       x14=00000422 x14:fffffffb x29:00000427
27144731ns          474622 1c00906c 01c686b3 add              x13, x13, x28       x13=00000070 x13:fffffff1 x28:0000007f
27144751ns          474623 1c00906e 00c686b3 add              x13, x13, x12       x13=00000070 x13:00000070 x12:00000000
27144771ns          474624 1c009070 00f70733 add              x14, x14, x15       x14=00000421 x14:00000422 x15:ffffffff
27144791ns          474625 1c009072 100747b3 p.exths          x15, x14, x0        x15=00000421 x14:00000421
27144811ns          474626 1c009076 1006c733 p.exths          x14, x13, x0        x14=00000070 x13:00000070
27144830ns          474627 1c00907a 03170633 mul              x12, x14, x17       x12=ffffa9d0 x14:00000070 x17:ffffff3b
27144850ns          474628 1c00907e 030786b3 mul              x13, x15, x16       x13=000418be x15:00000421 x16:000000fe
27144870ns          474629 1c009082 03070733 mul              x14, x14, x16       x14=00006f20 x14:00000070 x16:000000fe
27144890ns          474630 1c009086 031787b3 mul              x15, x15, x17       x15=fffcd29b x15:00000421 x17:ffffff3b
27144910ns          474631 1c00908a 40a6d693 srai             x13, x13, 0x40a     x13=00000106 x13:000418be
27144930ns          474632 1c00908c 40a65613 srai             x12, x12, 0x40a     x12=ffffffea x12:ffffa9d0
27144950ns          474633 1c00908e 40a7d793 srai             x15, x15, 0x40a     x15=ffffff34 x15:fffcd29b
27144970ns          474634 1c009090 40a75713 srai             x14, x14, 0x40a     x14=0000001b x14:00006f20
27144990ns          474635 1c009092 40c686b3 sub              x13, x13, x12       x13=0000011c x13:00000106 x12:ffffffea
27145009ns          474636 1c009094 00e787b3 add              x15, x15, x14       x15=ffffff4f x15:ffffff34 x14:0000001b
27145029ns          474637 1c009096 00d51823 sh               x13, 16(x10)        x13:0000011c x10:100027a4  PA:100027b4
27145069ns          474639 1c00909a 00f51923 sh               x15, 18(x10)        x15:ffffff4f x10:100027a4  PA:100027b6
27145109ns          474641 1c00909e 00008067 jalr             x0, x1, 0            x1:1c0093e8
27145129ns          474642 1c0093e8 2dc15583 lhu              x11, 732(x2)        x11=0000011c  x2:100024d8  PA:100027b4
27145149ns          474643 1c0093ec 2de15783 lhu              x15, 734(x2)        x15=0000ff4f  x2:100024d8  PA:100027b6
27145168ns          474644 1c0093f0 40b90933 sub              x18, x18, x11       x18=ffffffd5 x18:000000f1 x11:0000011c
27145188ns          474645 1c0093f4 40f484b3 sub              x9, x9, x15          x9=fffeffe1  x9:ffffff30 x15:0000ff4f
27145208ns          474646 1c0093f6 100945b3 p.exths          x11, x18, x0        x11=ffffffd5 x18:ffffffd5
27145228ns          474647 1c0093fa 1004c7b3 p.exths          x15, x9, x0         x15=ffffffe1  x9:fffeffe1
27145248ns          474648 1c0093fe 034586b3 mul              x13, x11, x20       x13=ffffd556 x11:ffffffd5 x20:000000fe
27145268ns          474649 1c009402 03378533 mul              x10, x15, x19       x10=000017db x15:ffffffe1 x19:ffffff3b
27145288ns          474650 1c009406 034a0633 mul              x12, x20, x20       x12=0000fc04 x20:000000fe x20:000000fe
27145308ns          474651 1c00940a 03398733 mul              x14, x19, x19       x14=00009799 x19:ffffff3b x19:ffffff3b
27145367ns          474654 1c00940e 034787b3 mul              x15, x15, x20       x15=ffffe13e x15:ffffffe1 x20:000000fe
27145407ns          474656 1c009412 033585b3 mul              x11, x11, x19       x11=00002117 x11:ffffffd5 x19:ffffff3b
27145427ns          474657 1c009416 40a75713 srai             x14, x14, 0x40a     x14=00000025 x14:00009799
27145447ns          474658 1c009418 40a5d593 srai             x11, x11, 0x40a     x11=00000008 x11:00002117
27145467ns          474659 1c00941a 40a65613 srai             x12, x12, 0x40a     x12=0000003f x12:0000fc04
27145487ns          474660 1c00941c 40a7d793 srai             x15, x15, 0x40a     x15=fffffff8 x15:ffffe13e
27145507ns          474661 1c00941e 1c0034b7 lui              x9, 0x1c003000       x9=1c003000
27145526ns          474662 1c009422 00e60633 add              x12, x12, x14       x12=00000064 x12:0000003f x14:00000025
27145546ns          474663 1c009424 40b787b3 sub              x15, x15, x11       x15=fffffff0 x15:fffffff8 x11:00000008
27145566ns          474664 1c009426 eb048493 addi             x9, x9, -336         x9=1c002eb0  x9:1c003000
27145586ns          474665 1c00942a 1c0032b7 lui              x5, 0x1c003000       x5=1c003000
27145606ns          474666 1c00942e 1c0035b7 lui              x11, 0x1c003000     x11=1c003000
27145626ns          474667 1c009432 018483b3 add              x7, x9, x24          x7=1c002eb8  x9:1c002eb0 x24:00000008
27145646ns          474668 1c009436 02812e83 lw               x29, 40(x2)         x29=1c002ec8  x2:100024d8  PA:10002500
27145666ns          474669 1c009438 10065633 p.exthz          x12, x12, x0        x12=00000064 x12:00000064
27145686ns          474670 1c00943c e8028293 addi             x5, x5, -384         x5=1c002e80  x5:1c003000
27145705ns          474671 1c009440 ea058593 addi             x11, x11, -352      x11=1c002ea0 x11:1c003000
27145725ns          474672 1c009444 03812483 lw               x9, 56(x2)           x9=1c002ee8  x2:100024d8  PA:10002510
27145745ns          474673 1c009446 10064733 p.exths          x14, x12, x0        x14=00000064 x12:00000064
27145765ns          474674 1c00944a 018280b3 add              x1, x5, x24          x1=1c002e88  x5:1c002e80 x24:00000008
27145785ns          474675 1c00944e 03012f03 lw               x30, 48(x2)         x30=1c002ed8  x2:100024d8  PA:10002508
27145805ns          474676 1c009450 018582b3 add              x5, x11, x24         x5=1c002ea8 x11:1c002ea0 x24:00000008
27145825ns          474677 1c009454 04012583 lw               x11, 64(x2)         x11=1c002ef8  x2:100024d8  PA:10002518
27145845ns          474678 1c009456 000edd83 lhu              x27, 0(x29)         x27=00001049 x29:1c002ec8  PA:1c002ec8
27146203ns          474696 1c00945a 0004d483 lhu              x9, 0(x9)            x9=000000dc  x9:1c002ee8  PA:1c002ee8
27146501ns          474711 1c00945e 02e70333 mul              x6, x14, x14         x6=00002710 x14:00000064 x14:00000064
27146521ns          474712 1c009462 40a55513 srai             x10, x10, 0x40a     x10=00000005 x10:000017db
27146541ns          474713 1c009464 04812e83 lw               x29, 72(x2)         x29=1c002f08  x2:100024d8  PA:10002520
27146561ns          474714 1c009466 40a6d693 srai             x13, x13, 0x40a     x13=fffffff5 x13:ffffd556
27146581ns          474715 1c009468 000f5d03 lhu              x26, 0(x30)         x26=00000351 x30:1c002ed8  PA:1c002ed8
27146879ns          474730 1c00946c 0005d583 lhu              x11, 0(x11)         x11=00000040 x11:1c002ef8  PA:1c002ef8
27147197ns          474746 1c009470 40a35313 srai             x6, x6, 0x40a        x6=00000009  x6:00002710
27147217ns          474747 1c009474 00a686b3 add              x13, x13, x10       x13=fffffffa x13:fffffff5 x10:00000005
27147237ns          474748 1c009476 05012f03 lw               x30, 80(x2)         x30=1c002e78  x2:100024d8  PA:10002528
27147257ns          474749 1c009478 10034e33 p.exths          x28, x6, x0         x28=00000009  x6:00000009
27147277ns          474750 1c00947c 06911023 sh               x9, 96(x2)           x9:000000dc  x2:100024d8  PA:10002538
27147297ns          474751 1c009480 000ede83 lhu              x29, 0(x29)         x29=00000014 x29:1c002f08  PA:1c002f08
27147595ns          474766 1c009484 05812483 lw               x9, 88(x2)           x9=1c002e68  x2:100024d8  PA:10002530
27147615ns          474767 1c009486 1006d6b3 p.exthz          x13, x13, x0        x13=0000fffa x13:fffffffa
27147635ns          474768 1c00948a 02ee08b3 mul              x17, x28, x14       x17=00000384 x28:00000009 x14:00000064
27147654ns          474769 1c00948e 1006c833 p.exths          x16, x13, x0        x16=fffffffa x13:0000fffa
27147674ns          474770 1c009492 06b11823 sh               x11, 112(x2)        x11:00000040  x2:100024d8  PA:10002548
27147694ns          474771 1c009496 000f5f03 lhu              x30, 0(x30)         x30=0000ff5c x30:1c002e78  PA:1c002e78
27147993ns          474786 1c00949a 0a012583 lw               x11, 160(x2)        x11=1c002e98  x2:100024d8  PA:10002578
27148012ns          474787 1c00949c 1007d7b3 p.exthz          x15, x15, x0        x15=0000fff0 x15:fffffff0
27148032ns          474788 1c0094a0 0004da03 lhu              x20, 0(x9)          x20=0000fc6d  x9:1c002e68  PA:1c002e68
27148331ns          474803 1c0094a4 1007c533 p.exths          x10, x15, x0        x10=fffffff0 x15:0000fff0
27148351ns          474804 1c0094a8 09d11023 sh               x29, 128(x2)        x29:00000014  x2:100024d8  PA:10002558
27148370ns          474805 1c0094ac 0003d483 lhu              x9, 0(x7)            x9=0000ffe2  x7:1c002eb8  PA:1c002eb8
27148768ns          474825 1c0094b0 02e80eb3 mul              x29, x16, x14       x29=fffffda8 x16:fffffffa x14:00000064
27148788ns          474826 1c0094b4 40a8d893 srai             x17, x17, 0x40a     x17=00000000 x17:00000384
27148808ns          474827 1c0094b8 03c80833 mul              x16, x16, x28       x16=ffffffca x16:fffffffa x28:00000009
27148828ns          474828 1c0094bc 09e11823 sh               x30, 144(x2)        x30:0000ff5c  x2:100024d8  PA:10002568
27148848ns          474829 1c0094c0 0005d983 lhu              x19, 0(x11)         x19=0000ffc6 x11:1c002e98  PA:1c002e98
27149246ns          474849 1c0094c4 81c88f5b p.muls           x30, x17, x28       x30=00000000 x17:00000000 x28:00000009
27149265ns          474850 1c0094c8 0002d583 lhu              x11, 0(x5)          x11=0000ffb1  x5:1c002ea8  PA:1c002ea8
27149584ns          474866 1c0094cc 03ce0fb3 mul              x31, x28, x28       x31=00000051 x28:00000009 x28:00000009
27149604ns          474867 1c0094d0 02e50733 mul              x14, x10, x14       x14=fffff9c0 x10:fffffff0 x14:00000064
27149623ns          474868 1c0094d4 40a85813 srai             x16, x16, 0x40a     x16=ffffffff x16:ffffffca
27149643ns          474869 1c0094d8 03c50533 mul              x10, x10, x28       x10=ffffff70 x10:fffffff0 x28:00000009
27149663ns          474870 1c0094dc 07015e03 lhu              x28, 112(x2)        x28=00000040  x2:100024d8  PA:10002548
27149743ns          474874 1c0094e0 01b60633 add              x12, x12, x27       x12=000010ad x12:00000064 x27:00001049
27149763ns          474875 1c0094e2 00980833 add              x16, x16, x9        x16=0000ffe1 x16:ffffffff  x9:0000ffe2
27149783ns          474876 1c0094e4 06015d83 lhu              x27, 96(x2)         x27=000000dc  x2:100024d8  PA:10002538
27149802ns          474877 1c0094e8 02812483 lw               x9, 40(x2)           x9=1c002ec8  x2:100024d8  PA:10002500
27149822ns          474878 1c0094ea 40afdf93 srai             x31, x31, 0x40a     x31=00000000 x31:00000051
27149842ns          474879 1c0094ee 40a55513 srai             x10, x10, 0x40a     x10=ffffffff x10:ffffff70
27149862ns          474880 1c0094f0 01cf8fb3 add              x31, x31, x28       x31=00000040 x31:00000000 x28:00000040
27149882ns          474881 1c0094f2 00b50533 add              x10, x10, x11       x10=0000ffb0 x10:ffffffff x11:0000ffb1
27149902ns          474882 1c0094f4 09015e03 lhu              x28, 144(x2)        x28=0000ff5c  x2:100024d8  PA:10002568
27149922ns          474883 1c0094f8 03012583 lw               x11, 48(x2)         x11=1c002ed8  x2:100024d8  PA:10002508
27149942ns          474884 1c0094fa 00c49023 sh               x12, 0(x9)          x12:000010ad  x9:1c002ec8  PA:1c002ec8
27150280ns          474901 1c0094fe 01b888b3 add              x17, x17, x27       x17=000000dc x17:00000000 x27:000000dc
27150300ns          474902 1c009500 01a30333 add              x6, x6, x26          x6=0000035a  x6:00000009 x26:00000351
27150319ns          474903 1c009502 08015d83 lhu              x27, 128(x2)        x27=00000014  x2:100024d8  PA:10002558
27150339ns          474904 1c009506 0000d903 lhu              x18, 0(x1)          x18=0000ff1c  x1:1c002e88  PA:1c002e88
27150658ns          474920 1c00950a 01c686b3 add              x13, x13, x28       x13=0001ff56 x13:0000fffa x28:0000ff5c
27150677ns          474921 1c00950c 00659023 sh               x6, 0(x11)           x6:0000035a x11:1c002ed8  PA:1c002ed8
27150996ns          474937 1c009510 40af5f13 srai             x30, x30, 0x40a     x30=00000000 x30:00000000
27151016ns          474938 1c009514 04812e03 lw               x28, 72(x2)         x28=1c002f08  x2:100024d8  PA:10002520
27151035ns          474939 1c009516 01bf0f33 add              x30, x30, x27       x30=00000014 x30:00000000 x27:00000014
27151055ns          474940 1c009518 40aede93 srai             x29, x29, 0x40a     x29=ffffffff x29:fffffda8
27151075ns          474941 1c00951c 40a75713 srai             x14, x14, 0x40a     x14=fffffffe x14:fffff9c0
27151095ns          474942 1c00951e 03812603 lw               x12, 56(x2)         x12=1c002ee8  x2:100024d8  PA:10002510
27151115ns          474943 1c009520 04012d83 lw               x27, 64(x2)         x27=1c002ef8  x2:100024d8  PA:10002518
27151135ns          474944 1c009522 01ee1023 sh               x30, 0(x28)         x30:00000014 x28:1c002f08  PA:1c002f08
27151453ns          474960 1c009526 05812483 lw               x9, 88(x2)           x9=1c002e68  x2:100024d8  PA:10002530
27151473ns          474961 1c009528 05012f03 lw               x30, 80(x2)         x30=1c002e78  x2:100024d8  PA:10002528
27151493ns          474962 1c00952a 0a012583 lw               x11, 160(x2)        x11=1c002e98  x2:100024d8  PA:10002578
27151513ns          474963 1c00952c 014787b3 add              x15, x15, x20       x15=0001fc5d x15:0000fff0 x20:0000fc6d
27151533ns          474964 1c00952e 013e8eb3 add              x29, x29, x19       x29=0000ffc5 x29:ffffffff x19:0000ffc6
27151553ns          474965 1c009530 01270733 add              x14, x14, x18       x14=0000ff1a x14:fffffffe x18:0000ff1c
27151572ns          474966 1c009532 00f49023 sh               x15, 0(x9)          x15:0001fc5d  x9:1c002e68  PA:1c002e68
27151891ns          474982 1c009536 01161023 sh               x17, 0(x12)         x17:000000dc x12:1c002ee8  PA:1c002ee8
27152209ns          474998 1c00953a 01fd9023 sh               x31, 0(x27)         x31:00000040 x27:1c002ef8  PA:1c002ef8
27152547ns          475015 1c00953e 00df1023 sh               x13, 0(x30)         x13:0001ff56 x30:1c002e78  PA:1c002e78
27152865ns          475031 1c009542 01d59023 sh               x29, 0(x11)         x29:0000ffc5 x11:1c002e98  PA:1c002e98
27153183ns          475047 1c009546 00e09023 sh               x14, 0(x1)          x14:0000ff1a  x1:1c002e88  PA:1c002e88
27153502ns          475063 1c00954a 01039023 sh               x16, 0(x7)          x16:0000ffe1  x7:1c002eb8  PA:1c002eb8
27153840ns          475080 1c00954e 00a29023 sh               x10, 0(x5)          x10:0000ffb0  x5:1c002ea8  PA:1c002ea8
27154158ns          475096 1c009552 008b0b13 addi             x22, x22, 8         x22=0000012c x22:00000124
27154178ns          475097 1c009554 1f300793 addi             x15, x0, 499        x15=000001f3
27154198ns          475098 1c009558 e767dae3 bge              x15, x22, -396      x15:000001f3 x22:0000012c
27154257ns          475101 1c0093cc 010c9a0b p.lh             x20, 16(x25!)       x20=000001df x25=1c0028f0 x25:1c0028e0  PA:1c0028e0
27154556ns          475116 1c0093d0 0104198b p.lh             x19, 16(x8!)        x19=000000e9  x8=1c0020b8  x8:1c0020a8  PA:1c0020a8
27154874ns          475132 1c0093d4 2cc10513 addi             x10, x2, 716        x10=100027a4  x2:100024d8
27154894ns          475133 1c0093d6 010a990b p.lh             x18, 16(x21!)       x18=000001f6 x21=1c0018e4 x21:1c0018d4  PA:1c0018d4
27155212ns          475149 1c0093da 010b948b p.lh             x9, 16(x23!)         x9=0000009b x23=1c001114 x23:1c001104  PA:1c001104
27155510ns          475164 1c0093de 2d411623 sh               x20, 716(x2)        x20:000001df  x2:100024d8  PA:100027a4
27155550ns          475166 1c0093e2 2d311723 sh               x19, 718(x2)        x19:000000e9  x2:100024d8  PA:100027a6
27155590ns          475168 1c0093e6 c33ff0ef jal              x1, -974             x1=1c0093e8
27155610ns          475169 1c009018 00051803 lh               x16, 0(x10)         x16=000001df x10:100027a4  PA:100027a4
27155630ns          475170 1c00901c 00251883 lh               x17, 2(x10)         x17=000000e9 x10:100027a4  PA:100027a6
27155649ns          475171 1c009020 030806b3 mul              x13, x16, x16       x13=00038041 x16:000001df x16:000001df
27155669ns          475172 1c009024 03188633 mul              x12, x17, x17       x12=0000d411 x17:000000e9 x17:000000e9
27155689ns          475173 1c009028 40a65613 srai             x12, x12, 0x40a     x12=00000035 x12:0000d411
27155709ns          475174 1c00902a 40a6d693 srai             x13, x13, 0x40a     x13=000000e0 x13:00038041
27155729ns          475175 1c00902c 00c686b3 add              x13, x13, x12       x13=00000115 x13:000000e0 x12:00000035
27155749ns          475176 1c00902e 1006c633 p.exths          x12, x13, x0        x12=00000115 x13:00000115
27155769ns          475177 1c009032 00855703 lhu              x14, 8(x10)         x14=0000ffd1 x10:100027a4  PA:100027ac
27155789ns          475178 1c009036 00a55683 lhu              x13, 10(x10)        x13=0000ff6a x10:100027a4  PA:100027ae
27155809ns          475179 1c00903a 02c60333 mul              x6, x12, x12         x6=00012bb9 x12:00000115 x12:00000115
27155828ns          475180 1c00903e 00c55783 lhu              x15, 12(x10)        x15=0000ffe5 x10:100027a4  PA:100027b0
27155848ns          475181 1c009042 00e55583 lhu              x11, 14(x10)        x11=00000060 x10:100027a4  PA:100027b2
27155868ns          475182 1c009046 dea30333 p.extract        x6, x6, 15, 10       x6=0000004a  x6:00012bb9
27155888ns          475183 1c00904a 80c7075b p.muls           x14, x14, x12       x14=ffffcd25 x14:0000ffd1 x12:00000115
27155908ns          475184 1c00904e 80c686db p.muls           x13, x13, x12       x13=ffff5db2 x13:0000ff6a x12:00000115
27155928ns          475185 1c009052 00455e83 lhu              x29, 4(x10)         x29=00000427 x10:100027a4  PA:100027a8
27155948ns          475186 1c009056 00655e03 lhu              x28, 6(x10)         x28=0000007f x10:100027a4  PA:100027aa
27155968ns          475187 1c00905a 40a75713 srai             x14, x14, 0x40a     x14=fffffff3 x14:ffffcd25
27155988ns          475188 1c00905c 806787db p.muls           x15, x15, x6        x15=fffff832 x15:0000ffe5  x6:0000004a
27156007ns          475189 1c009060 40a6d693 srai             x13, x13, 0x40a     x13=ffffffd7 x13:ffff5db2
27156027ns          475190 1c009062 8065865b p.muls           x12, x11, x6        x12=00001bc0 x11:00000060  x6:0000004a
27156047ns          475191 1c009066 40a7d793 srai             x15, x15, 0x40a     x15=fffffffe x15:fffff832
27156067ns          475192 1c009068 40a65613 srai             x12, x12, 0x40a     x12=00000006 x12:00001bc0
27156087ns          475193 1c00906a 01d70733 add              x14, x14, x29       x14=0000041a x14:fffffff3 x29:00000427
27156107ns          475194 1c00906c 01c686b3 add              x13, x13, x28       x13=00000056 x13:ffffffd7 x28:0000007f
27156127ns          475195 1c00906e 00c686b3 add              x13, x13, x12       x13=0000005c x13:00000056 x12:00000006
27156147ns          475196 1c009070 00f70733 add              x14, x14, x15       x14=00000418 x14:0000041a x15:fffffffe
27156167ns          475197 1c009072 100747b3 p.exths          x15, x14, x0        x15=00000418 x14:00000418
27156186ns          475198 1c009076 1006c733 p.exths          x14, x13, x0        x14=0000005c x13:0000005c
27156206ns          475199 1c00907a 03170633 mul              x12, x14, x17       x12=000053bc x14:0000005c x17:000000e9
27156226ns          475200 1c00907e 030786b3 mul              x13, x15, x16       x13=0007a8e8 x15:00000418 x16:000001df
27156246ns          475201 1c009082 03070733 mul              x14, x14, x16       x14=0000ac24 x14:0000005c x16:000001df
27156266ns          475202 1c009086 031787b3 mul              x15, x15, x17       x15=0003b9d8 x15:00000418 x17:000000e9
27156286ns          475203 1c00908a 40a6d693 srai             x13, x13, 0x40a     x13=000001ea x13:0007a8e8
27156306ns          475204 1c00908c 40a65613 srai             x12, x12, 0x40a     x12=00000014 x12:000053bc
27156326ns          475205 1c00908e 40a7d793 srai             x15, x15, 0x40a     x15=000000ee x15:0003b9d8
27156346ns          475206 1c009090 40a75713 srai             x14, x14, 0x40a     x14=0000002b x14:0000ac24
27156365ns          475207 1c009092 40c686b3 sub              x13, x13, x12       x13=000001d6 x13:000001ea x12:00000014
27156385ns          475208 1c009094 00e787b3 add              x15, x15, x14       x15=00000119 x15:000000ee x14:0000002b
27156405ns          475209 1c009096 00d51823 sh               x13, 16(x10)        x13:000001d6 x10:100027a4  PA:100027b4
27156425ns          475210 1c00909a 00f51923 sh               x15, 18(x10)        x15:00000119 x10:100027a4  PA:100027b6
27156445ns          475211 1c00909e 00008067 jalr             x0, x1, 0            x1:1c0093e8
27156525ns          475215 1c0093e8 2dc15583 lhu              x11, 732(x2)        x11=000001d6  x2:100024d8  PA:100027b4
27156544ns          475216 1c0093ec 2de15783 lhu              x15, 734(x2)        x15=00000119  x2:100024d8  PA:100027b6
27156564ns          475217 1c0093f0 40b90933 sub              x18, x18, x11       x18=00000020 x18:000001f6 x11:000001d6
27156584ns          475218 1c0093f4 40f484b3 sub              x9, x9, x15          x9=ffffff82  x9:0000009b x15:00000119
27156604ns          475219 1c0093f6 100945b3 p.exths          x11, x18, x0        x11=00000020 x18:00000020
27156624ns          475220 1c0093fa 1004c7b3 p.exths          x15, x9, x0         x15=ffffff82  x9:ffffff82
27156644ns          475221 1c0093fe 034586b3 mul              x13, x11, x20       x13=00003be0 x11:00000020 x20:000001df
27156664ns          475222 1c009402 03378533 mul              x10, x15, x19       x10=ffff8d52 x15:ffffff82 x19:000000e9
27156684ns          475223 1c009406 034a0633 mul              x12, x20, x20       x12=00038041 x20:000001df x20:000001df
27156704ns          475224 1c00940a 03398733 mul              x14, x19, x19       x14=0000d411 x19:000000e9 x19:000000e9
27156763ns          475227 1c00940e 034787b3 mul              x15, x15, x20       x15=ffff143e x15:ffffff82 x20:000001df
27156803ns          475229 1c009412 033585b3 mul              x11, x11, x19       x11=00001d20 x11:00000020 x19:000000e9
27156823ns          475230 1c009416 40a75713 srai             x14, x14, 0x40a     x14=00000035 x14:0000d411
27156843ns          475231 1c009418 40a5d593 srai             x11, x11, 0x40a     x11=00000007 x11:00001d20
27156863ns          475232 1c00941a 40a65613 srai             x12, x12, 0x40a     x12=000000e0 x12:00038041
27156883ns          475233 1c00941c 40a7d793 srai             x15, x15, 0x40a     x15=ffffffc5 x15:ffff143e
27156902ns          475234 1c00941e 1c0034b7 lui              x9, 0x1c003000       x9=1c003000
27156922ns          475235 1c009422 00e60633 add              x12, x12, x14       x12=00000115 x12:000000e0 x14:00000035
27156942ns          475236 1c009424 40b787b3 sub              x15, x15, x11       x15=ffffffbe x15:ffffffc5 x11:00000007
27156962ns          475237 1c009426 eb048493 addi             x9, x9, -336         x9=1c002eb0  x9:1c003000
27156982ns          475238 1c00942a 1c0032b7 lui              x5, 0x1c003000       x5=1c003000
27157002ns          475239 1c00942e 1c0035b7 lui              x11, 0x1c003000     x11=1c003000
27157022ns          475240 1c009432 018483b3 add              x7, x9, x24          x7=1c002eb8  x9:1c002eb0 x24:00000008
27157042ns          475241 1c009436 02812e83 lw               x29, 40(x2)         x29=1c002ec8  x2:100024d8  PA:10002500
27157062ns          475242 1c009438 10065633 p.exthz          x12, x12, x0        x12=00000115 x12:00000115
27157081ns          475243 1c00943c e8028293 addi             x5, x5, -384         x5=1c002e80  x5:1c003000
27157121ns          475245 1c009440 ea058593 addi             x11, x11, -352      x11=1c002ea0 x11:1c003000
27157161ns          475247 1c009444 03812483 lw               x9, 56(x2)           x9=1c002ee8  x2:100024d8  PA:10002510
27157181ns          475248 1c009446 10064733 p.exths          x14, x12, x0        x14=00000115 x12:00000115
27157201ns          475249 1c00944a 018280b3 add              x1, x5, x24          x1=1c002e88  x5:1c002e80 x24:00000008
27157221ns          475250 1c00944e 03012f03 lw               x30, 48(x2)         x30=1c002ed8  x2:100024d8  PA:10002508
27157260ns          475252 1c009450 018582b3 add              x5, x11, x24         x5=1c002ea8 x11:1c002ea0 x24:00000008
27157300ns          475254 1c009454 04012583 lw               x11, 64(x2)         x11=1c002ef8  x2:100024d8  PA:10002518
27157320ns          475255 1c009456 000edd83 lhu              x27, 0(x29)         x27=000010ad x29:1c002ec8  PA:1c002ec8
27157618ns          475270 1c00945a 0004d483 lhu              x9, 0(x9)            x9=000000dc  x9:1c002ee8  PA:1c002ee8
27157917ns          475285 1c00945e 02e70333 mul              x6, x14, x14         x6=00012bb9 x14:00000115 x14:00000115
27157937ns          475286 1c009462 40a55513 srai             x10, x10, 0x40a     x10=ffffffe3 x10:ffff8d52
27157956ns          475287 1c009464 04812e83 lw               x29, 72(x2)         x29=1c002f08  x2:100024d8  PA:10002520
27157976ns          475288 1c009466 40a6d693 srai             x13, x13, 0x40a     x13=0000000e x13:00003be0
27157996ns          475289 1c009468 000f5d03 lhu              x26, 0(x30)         x26=0000035a x30:1c002ed8  PA:1c002ed8
27158314ns          475305 1c00946c 0005d583 lhu              x11, 0(x11)         x11=00000040 x11:1c002ef8  PA:1c002ef8
27158613ns          475320 1c009470 40a35313 srai             x6, x6, 0x40a        x6=0000004a  x6:00012bb9
27158633ns          475321 1c009474 00a686b3 add              x13, x13, x10       x13=fffffff1 x13:0000000e x10:ffffffe3
27158653ns          475322 1c009476 05012f03 lw               x30, 80(x2)         x30=1c002e78  x2:100024d8  PA:10002528
27158672ns          475323 1c009478 10034e33 p.exths          x28, x6, x0         x28=0000004a  x6:0000004a
27158692ns          475324 1c00947c 06911023 sh               x9, 96(x2)           x9:000000dc  x2:100024d8  PA:10002538
27158712ns          475325 1c009480 000ede83 lhu              x29, 0(x29)         x29=00000014 x29:1c002f08  PA:1c002f08
27159070ns          475343 1c009484 05812483 lw               x9, 88(x2)           x9=1c002e68  x2:100024d8  PA:10002530
27159090ns          475344 1c009486 1006d6b3 p.exthz          x13, x13, x0        x13=0000fff1 x13:fffffff1
27159110ns          475345 1c00948a 02ee08b3 mul              x17, x28, x14       x17=00005012 x28:0000004a x14:00000115
27159130ns          475346 1c00948e 1006c833 p.exths          x16, x13, x0        x16=fffffff1 x13:0000fff1
27159150ns          475347 1c009492 06b11823 sh               x11, 112(x2)        x11:00000040  x2:100024d8  PA:10002548
27159170ns          475348 1c009496 000f5f03 lhu              x30, 0(x30)         x30=0000ff56 x30:1c002e78  PA:1c002e78
27159567ns          475368 1c00949a 0a012583 lw               x11, 160(x2)        x11=1c002e98  x2:100024d8  PA:10002578
27159607ns          475370 1c00949c 1007d7b3 p.exthz          x15, x15, x0        x15=0000ffbe x15:ffffffbe
27159627ns          475371 1c0094a0 0004da03 lhu              x20, 0(x9)          x20=0000fc5d  x9:1c002e68  PA:1c002e68
27159925ns          475386 1c0094a4 1007c533 p.exths          x10, x15, x0        x10=ffffffbe x15:0000ffbe
27159945ns          475387 1c0094a8 09d11023 sh               x29, 128(x2)        x29:00000014  x2:100024d8  PA:10002558
27159965ns          475388 1c0094ac 0003d483 lhu              x9, 0(x7)            x9=0000ffe1  x7:1c002eb8  PA:1c002eb8
27160303ns          475405 1c0094b0 02e80eb3 mul              x29, x16, x14       x29=ffffefc5 x16:fffffff1 x14:00000115
27160323ns          475406 1c0094b4 40a8d893 srai             x17, x17, 0x40a     x17=00000014 x17:00005012
27160343ns          475407 1c0094b8 03c80833 mul              x16, x16, x28       x16=fffffbaa x16:fffffff1 x28:0000004a
27160363ns          475408 1c0094bc 09e11823 sh               x30, 144(x2)        x30:0000ff56  x2:100024d8  PA:10002568
27160383ns          475409 1c0094c0 0005d983 lhu              x19, 0(x11)         x19=0000ffc5 x11:1c002e98  PA:1c002e98
27160681ns          475424 1c0094c4 81c88f5b p.muls           x30, x17, x28       x30=000005c8 x17:00000014 x28:0000004a
27160701ns          475425 1c0094c8 0002d583 lhu              x11, 0(x5)          x11=0000ffb0  x5:1c002ea8  PA:1c002ea8
27160999ns          475440 1c0094cc 03ce0fb3 mul              x31, x28, x28       x31=00001564 x28:0000004a x28:0000004a
27161019ns          475441 1c0094d0 02e50733 mul              x14, x10, x14       x14=ffffb896 x10:ffffffbe x14:00000115
27161039ns          475442 1c0094d4 40a85813 srai             x16, x16, 0x40a     x16=fffffffe x16:fffffbaa
27161059ns          475443 1c0094d8 03c50533 mul              x10, x10, x28       x10=ffffecec x10:ffffffbe x28:0000004a
27161079ns          475444 1c0094dc 07015e03 lhu              x28, 112(x2)        x28=00000040  x2:100024d8  PA:10002548
27161139ns          475447 1c0094e0 01b60633 add              x12, x12, x27       x12=000011c2 x12:00000115 x27:000010ad
27161158ns          475448 1c0094e2 00980833 add              x16, x16, x9        x16=0000ffdf x16:fffffffe  x9:0000ffe1
27161178ns          475449 1c0094e4 06015d83 lhu              x27, 96(x2)         x27=000000dc  x2:100024d8  PA:10002538
27161198ns          475450 1c0094e8 02812483 lw               x9, 40(x2)           x9=1c002ec8  x2:100024d8  PA:10002500
27161218ns          475451 1c0094ea 40afdf93 srai             x31, x31, 0x40a     x31=00000005 x31:00001564
27161238ns          475452 1c0094ee 40a55513 srai             x10, x10, 0x40a     x10=fffffffb x10:ffffecec
27161258ns          475453 1c0094f0 01cf8fb3 add              x31, x31, x28       x31=00000045 x31:00000005 x28:00000040
27161278ns          475454 1c0094f2 00b50533 add              x10, x10, x11       x10=0000ffab x10:fffffffb x11:0000ffb0
27161298ns          475455 1c0094f4 09015e03 lhu              x28, 144(x2)        x28=0000ff56  x2:100024d8  PA:10002568
27161318ns          475456 1c0094f8 03012583 lw               x11, 48(x2)         x11=1c002ed8  x2:100024d8  PA:10002508
27161337ns          475457 1c0094fa 00c49023 sh               x12, 0(x9)          x12:000011c2  x9:1c002ec8  PA:1c002ec8
27161656ns          475473 1c0094fe 01b888b3 add              x17, x17, x27       x17=000000f0 x17:00000014 x27:000000dc
27161676ns          475474 1c009500 01a30333 add              x6, x6, x26          x6=000003a4  x6:0000004a x26:0000035a
27161695ns          475475 1c009502 08015d83 lhu              x27, 128(x2)        x27=00000014  x2:100024d8  PA:10002558
27161715ns          475476 1c009506 0000d903 lhu              x18, 0(x1)          x18=0000ff1a  x1:1c002e88  PA:1c002e88
27162014ns          475491 1c00950a 01c686b3 add              x13, x13, x28       x13=0001ff47 x13:0000fff1 x28:0000ff56
27162034ns          475492 1c00950c 00659023 sh               x6, 0(x11)           x6:000003a4 x11:1c002ed8  PA:1c002ed8
27162372ns          475509 1c009510 40af5f13 srai             x30, x30, 0x40a     x30=00000001 x30:000005c8
27162392ns          475510 1c009514 04812e03 lw               x28, 72(x2)         x28=1c002f08  x2:100024d8  PA:10002520
27162411ns          475511 1c009516 01bf0f33 add              x30, x30, x27       x30=00000015 x30:00000001 x27:00000014
27162431ns          475512 1c009518 40aede93 srai             x29, x29, 0x40a     x29=fffffffb x29:ffffefc5
27162451ns          475513 1c00951c 40a75713 srai             x14, x14, 0x40a     x14=ffffffee x14:ffffb896
27162471ns          475514 1c00951e 03812603 lw               x12, 56(x2)         x12=1c002ee8  x2:100024d8  PA:10002510
27162491ns          475515 1c009520 04012d83 lw               x27, 64(x2)         x27=1c002ef8  x2:100024d8  PA:10002518
27162511ns          475516 1c009522 01ee1023 sh               x30, 0(x28)         x30:00000015 x28:1c002f08  PA:1c002f08
27162829ns          475532 1c009526 05812483 lw               x9, 88(x2)           x9=1c002e68  x2:100024d8  PA:10002530
27162849ns          475533 1c009528 05012f03 lw               x30, 80(x2)         x30=1c002e78  x2:100024d8  PA:10002528
27162869ns          475534 1c00952a 0a012583 lw               x11, 160(x2)        x11=1c002e98  x2:100024d8  PA:10002578
27162889ns          475535 1c00952c 014787b3 add              x15, x15, x20       x15=0001fc1b x15:0000ffbe x20:0000fc5d
27162909ns          475536 1c00952e 013e8eb3 add              x29, x29, x19       x29=0000ffc0 x29:fffffffb x19:0000ffc5
27162928ns          475537 1c009530 01270733 add              x14, x14, x18       x14=0000ff08 x14:ffffffee x18:0000ff1a
27162948ns          475538 1c009532 00f49023 sh               x15, 0(x9)          x15:0001fc1b  x9:1c002e68  PA:1c002e68
27163267ns          475554 1c009536 01161023 sh               x17, 0(x12)         x17:000000f0 x12:1c002ee8  PA:1c002ee8
27163585ns          475570 1c00953a 01fd9023 sh               x31, 0(x27)         x31:00000045 x27:1c002ef8  PA:1c002ef8
27163903ns          475586 1c00953e 00df1023 sh               x13, 0(x30)         x13:0001ff47 x30:1c002e78  PA:1c002e78
27164221ns          475602 1c009542 01d59023 sh               x29, 0(x11)         x29:0000ffc0 x11:1c002e98  PA:1c002e98
27164579ns          475620 1c009546 00e09023 sh               x14, 0(x1)          x14:0000ff08  x1:1c002e88  PA:1c002e88
27164897ns          475636 1c00954a 01039023 sh               x16, 0(x7)          x16:0000ffdf  x7:1c002eb8  PA:1c002eb8
27165216ns          475652 1c00954e 00a29023 sh               x10, 0(x5)          x10:0000ffab  x5:1c002ea8  PA:1c002ea8
27165534ns          475668 1c009552 008b0b13 addi             x22, x22, 8         x22=00000134 x22:0000012c
27165554ns          475669 1c009554 1f300793 addi             x15, x0, 499        x15=000001f3
27165574ns          475670 1c009558 e767dae3 bge              x15, x22, -396      x15:000001f3 x22:00000134
27165673ns          475675 1c0093cc 010c9a0b p.lh             x20, 16(x25!)       x20=00000066 x25=1c002900 x25:1c0028f0  PA:1c0028f0
27166011ns          475692 1c0093d0 0104198b p.lh             x19, 16(x8!)        x19=000001fc  x8=1c0020c8  x8:1c0020b8  PA:1c0020b8
27166309ns          475707 1c0093d4 2cc10513 addi             x10, x2, 716        x10=100027a4  x2:100024d8
27166329ns          475708 1c0093d6 010a990b p.lh             x18, 16(x21!)       x18=000000a8 x21=1c0018f4 x21:1c0018e4  PA:1c0018e4
27166687ns          475726 1c0093da 010b948b p.lh             x9, 16(x23!)         x9=000001e9 x23=1c001124 x23:1c001114  PA:1c001114
27167006ns          475742 1c0093de 2d411623 sh               x20, 716(x2)        x20:00000066  x2:100024d8  PA:100027a4
27167045ns          475744 1c0093e2 2d311723 sh               x19, 718(x2)        x19:000001fc  x2:100024d8  PA:100027a6
27167065ns          475745 1c0093e6 c33ff0ef jal              x1, -974             x1=1c0093e8
27167105ns          475747 1c009018 00051803 lh               x16, 0(x10)         x16=00000066 x10:100027a4  PA:100027a4
27167145ns          475749 1c00901c 00251883 lh               x17, 2(x10)         x17=000001fc x10:100027a4  PA:100027a6
27167165ns          475750 1c009020 030806b3 mul              x13, x16, x16       x13=000028a4 x16:00000066 x16:00000066
27167185ns          475751 1c009024 03188633 mul              x12, x17, x17       x12=0003f010 x17:000001fc x17:000001fc
27167204ns          475752 1c009028 40a65613 srai             x12, x12, 0x40a     x12=000000fc x12:0003f010
27167224ns          475753 1c00902a 40a6d693 srai             x13, x13, 0x40a     x13=0000000a x13:000028a4
27167244ns          475754 1c00902c 00c686b3 add              x13, x13, x12       x13=00000106 x13:0000000a x12:000000fc
27167264ns          475755 1c00902e 1006c633 p.exths          x12, x13, x0        x12=00000106 x13:00000106
27167284ns          475756 1c009032 00855703 lhu              x14, 8(x10)         x14=0000ffd1 x10:100027a4  PA:100027ac
27167324ns          475758 1c009036 00a55683 lhu              x13, 10(x10)        x13=0000ff6a x10:100027a4  PA:100027ae
27167344ns          475759 1c00903a 02c60333 mul              x6, x12, x12         x6=00010c24 x12:00000106 x12:00000106
27167364ns          475760 1c00903e 00c55783 lhu              x15, 12(x10)        x15=0000ffe5 x10:100027a4  PA:100027b0
27167383ns          475761 1c009042 00e55583 lhu              x11, 14(x10)        x11=00000060 x10:100027a4  PA:100027b2
27167403ns          475762 1c009046 dea30333 p.extract        x6, x6, 15, 10       x6=00000043  x6:00010c24
27167423ns          475763 1c00904a 80c7075b p.muls           x14, x14, x12       x14=ffffcfe6 x14:0000ffd1 x12:00000106
27167463ns          475765 1c00904e 80c686db p.muls           x13, x13, x12       x13=ffff667c x13:0000ff6a x12:00000106
27167503ns          475767 1c009052 00455e83 lhu              x29, 4(x10)         x29=00000427 x10:100027a4  PA:100027a8
27167523ns          475768 1c009056 00655e03 lhu              x28, 6(x10)         x28=0000007f x10:100027a4  PA:100027aa
27167542ns          475769 1c00905a 40a75713 srai             x14, x14, 0x40a     x14=fffffff3 x14:ffffcfe6
27167562ns          475770 1c00905c 806787db p.muls           x15, x15, x6        x15=fffff8ef x15:0000ffe5  x6:00000043
27167582ns          475771 1c009060 40a6d693 srai             x13, x13, 0x40a     x13=ffffffd9 x13:ffff667c
27167602ns          475772 1c009062 8065865b p.muls           x12, x11, x6        x12=00001920 x11:00000060  x6:00000043
27167622ns          475773 1c009066 40a7d793 srai             x15, x15, 0x40a     x15=fffffffe x15:fffff8ef
27167642ns          475774 1c009068 40a65613 srai             x12, x12, 0x40a     x12=00000006 x12:00001920
27167662ns          475775 1c00906a 01d70733 add              x14, x14, x29       x14=0000041a x14:fffffff3 x29:00000427
27167682ns          475776 1c00906c 01c686b3 add              x13, x13, x28       x13=00000058 x13:ffffffd9 x28:0000007f
27167702ns          475777 1c00906e 00c686b3 add              x13, x13, x12       x13=0000005e x13:00000058 x12:00000006
27167721ns          475778 1c009070 00f70733 add              x14, x14, x15       x14=00000418 x14:0000041a x15:fffffffe
27167741ns          475779 1c009072 100747b3 p.exths          x15, x14, x0        x15=00000418 x14:00000418
27167761ns          475780 1c009076 1006c733 p.exths          x14, x13, x0        x14=0000005e x13:0000005e
27167781ns          475781 1c00907a 03170633 mul              x12, x14, x17       x12=0000ba88 x14:0000005e x17:000001fc
27167801ns          475782 1c00907e 030786b3 mul              x13, x15, x16       x13=0001a190 x15:00000418 x16:00000066
27167821ns          475783 1c009082 03070733 mul              x14, x14, x16       x14=00002574 x14:0000005e x16:00000066
27167841ns          475784 1c009086 031787b3 mul              x15, x15, x17       x15=00081fa0 x15:00000418 x17:000001fc
27167861ns          475785 1c00908a 40a6d693 srai             x13, x13, 0x40a     x13=00000068 x13:0001a190
27167881ns          475786 1c00908c 40a65613 srai             x12, x12, 0x40a     x12=0000002e x12:0000ba88
27167900ns          475787 1c00908e 40a7d793 srai             x15, x15, 0x40a     x15=00000207 x15:00081fa0
27167920ns          475788 1c009090 40a75713 srai             x14, x14, 0x40a     x14=00000009 x14:00002574
27167940ns          475789 1c009092 40c686b3 sub              x13, x13, x12       x13=0000003a x13:00000068 x12:0000002e
27167960ns          475790 1c009094 00e787b3 add              x15, x15, x14       x15=00000210 x15:00000207 x14:00000009
27167980ns          475791 1c009096 00d51823 sh               x13, 16(x10)        x13:0000003a x10:100027a4  PA:100027b4
27168000ns          475792 1c00909a 00f51923 sh               x15, 18(x10)        x15:00000210 x10:100027a4  PA:100027b6
27168020ns          475793 1c00909e 00008067 jalr             x0, x1, 0            x1:1c0093e8
27168079ns          475796 1c0093e8 2dc15583 lhu              x11, 732(x2)        x11=0000003a  x2:100024d8  PA:100027b4
27168119ns          475798 1c0093ec 2de15783 lhu              x15, 734(x2)        x15=00000210  x2:100024d8  PA:100027b6
27168139ns          475799 1c0093f0 40b90933 sub              x18, x18, x11       x18=0000006e x18:000000a8 x11:0000003a
27168159ns          475800 1c0093f4 40f484b3 sub              x9, x9, x15          x9=ffffffd9  x9:000001e9 x15:00000210
27168179ns          475801 1c0093f6 100945b3 p.exths          x11, x18, x0        x11=0000006e x18:0000006e
27168199ns          475802 1c0093fa 1004c7b3 p.exths          x15, x9, x0         x15=ffffffd9  x9:ffffffd9
27168219ns          475803 1c0093fe 034586b3 mul              x13, x11, x20       x13=00002bd4 x11:0000006e x20:00000066
27168239ns          475804 1c009402 03378533 mul              x10, x15, x19       x10=ffffb29c x15:ffffffd9 x19:000001fc
27168258ns          475805 1c009406 034a0633 mul              x12, x20, x20       x12=000028a4 x20:00000066 x20:00000066
27168278ns          475806 1c00940a 03398733 mul              x14, x19, x19       x14=0003f010 x19:000001fc x19:000001fc
27168298ns          475807 1c00940e 034787b3 mul              x15, x15, x20       x15=fffff076 x15:ffffffd9 x20:00000066
27168318ns          475808 1c009412 033585b3 mul              x11, x11, x19       x11=0000da48 x11:0000006e x19:000001fc
27168338ns          475809 1c009416 40a75713 srai             x14, x14, 0x40a     x14=000000fc x14:0003f010
27168358ns          475810 1c009418 40a5d593 srai             x11, x11, 0x40a     x11=00000036 x11:0000da48
27168378ns          475811 1c00941a 40a65613 srai             x12, x12, 0x40a     x12=0000000a x12:000028a4
27168398ns          475812 1c00941c 40a7d793 srai             x15, x15, 0x40a     x15=fffffffc x15:fffff076
27168418ns          475813 1c00941e 1c0034b7 lui              x9, 0x1c003000       x9=1c003000
27168437ns          475814 1c009422 00e60633 add              x12, x12, x14       x12=00000106 x12:0000000a x14:000000fc
27168457ns          475815 1c009424 40b787b3 sub              x15, x15, x11       x15=ffffffc6 x15:fffffffc x11:00000036
27168477ns          475816 1c009426 eb048493 addi             x9, x9, -336         x9=1c002eb0  x9:1c003000
27168497ns          475817 1c00942a 1c0032b7 lui              x5, 0x1c003000       x5=1c003000
27168517ns          475818 1c00942e 1c0035b7 lui              x11, 0x1c003000     x11=1c003000
27168537ns          475819 1c009432 018483b3 add              x7, x9, x24          x7=1c002eb8  x9:1c002eb0 x24:00000008
27168557ns          475820 1c009436 02812e83 lw               x29, 40(x2)         x29=1c002ec8  x2:100024d8  PA:10002500
27168577ns          475821 1c009438 10065633 p.exthz          x12, x12, x0        x12=00000106 x12:00000106
27168597ns          475822 1c00943c e8028293 addi             x5, x5, -384         x5=1c002e80  x5:1c003000
27168616ns          475823 1c009440 ea058593 addi             x11, x11, -352      x11=1c002ea0 x11:1c003000
27168636ns          475824 1c009444 03812483 lw               x9, 56(x2)           x9=1c002ee8  x2:100024d8  PA:10002510
27168656ns          475825 1c009446 10064733 p.exths          x14, x12, x0        x14=00000106 x12:00000106
27168676ns          475826 1c00944a 018280b3 add              x1, x5, x24          x1=1c002e88  x5:1c002e80 x24:00000008
27168696ns          475827 1c00944e 03012f03 lw               x30, 48(x2)         x30=1c002ed8  x2:100024d8  PA:10002508
27168716ns          475828 1c009450 018582b3 add              x5, x11, x24         x5=1c002ea8 x11:1c002ea0 x24:00000008
27168736ns          475829 1c009454 04012583 lw               x11, 64(x2)         x11=1c002ef8  x2:100024d8  PA:10002518
27168756ns          475830 1c009456 000edd83 lhu              x27, 0(x29)         x27=000011c2 x29:1c002ec8  PA:1c002ec8
27169134ns          475849 1c00945a 0004d483 lhu              x9, 0(x9)            x9=000000f0  x9:1c002ee8  PA:1c002ee8
27169432ns          475864 1c00945e 02e70333 mul              x6, x14, x14         x6=00010c24 x14:00000106 x14:00000106
27169452ns          475865 1c009462 40a55513 srai             x10, x10, 0x40a     x10=ffffffec x10:ffffb29c
27169472ns          475866 1c009464 04812e83 lw               x29, 72(x2)         x29=1c002f08  x2:100024d8  PA:10002520
27169492ns          475867 1c009466 40a6d693 srai             x13, x13, 0x40a     x13=0000000a x13:00002bd4
27169511ns          475868 1c009468 000f5d03 lhu              x26, 0(x30)         x26=000003a4 x30:1c002ed8  PA:1c002ed8
27169830ns          475884 1c00946c 0005d583 lhu              x11, 0(x11)         x11=00000045 x11:1c002ef8  PA:1c002ef8
27170188ns          475902 1c009470 40a35313 srai             x6, x6, 0x40a        x6=00000043  x6:00010c24
27170207ns          475903 1c009474 00a686b3 add              x13, x13, x10       x13=fffffff6 x13:0000000a x10:ffffffec
27170227ns          475904 1c009476 05012f03 lw               x30, 80(x2)         x30=1c002e78  x2:100024d8  PA:10002528
27170247ns          475905 1c009478 10034e33 p.exths          x28, x6, x0         x28=00000043  x6:00000043
27170267ns          475906 1c00947c 06911023 sh               x9, 96(x2)           x9:000000f0  x2:100024d8  PA:10002538
27170287ns          475907 1c009480 000ede83 lhu              x29, 0(x29)         x29=00000015 x29:1c002f08  PA:1c002f08
27170605ns          475923 1c009484 05812483 lw               x9, 88(x2)           x9=1c002e68  x2:100024d8  PA:10002530
27170625ns          475924 1c009486 1006d6b3 p.exthz          x13, x13, x0        x13=0000fff6 x13:fffffff6
27170645ns          475925 1c00948a 02ee08b3 mul              x17, x28, x14       x17=00004492 x28:00000043 x14:00000106
27170665ns          475926 1c00948e 1006c833 p.exths          x16, x13, x0        x16=fffffff6 x13:0000fff6
27170685ns          475927 1c009492 06b11823 sh               x11, 112(x2)        x11:00000045  x2:100024d8  PA:10002548
27170705ns          475928 1c009496 000f5f03 lhu              x30, 0(x30)         x30=0000ff47 x30:1c002e78  PA:1c002e78
27171023ns          475944 1c00949a 0a012583 lw               x11, 160(x2)        x11=1c002e98  x2:100024d8  PA:10002578
27171043ns          475945 1c00949c 1007d7b3 p.exthz          x15, x15, x0        x15=0000ffc6 x15:ffffffc6
27171063ns          475946 1c0094a0 0004da03 lhu              x20, 0(x9)          x20=0000fc1b  x9:1c002e68  PA:1c002e68
27171361ns          475961 1c0094a4 1007c533 p.exths          x10, x15, x0        x10=ffffffc6 x15:0000ffc6
27171381ns          475962 1c0094a8 09d11023 sh               x29, 128(x2)        x29:00000015  x2:100024d8  PA:10002558
27171401ns          475963 1c0094ac 0003d483 lhu              x9, 0(x7)            x9=0000ffdf  x7:1c002eb8  PA:1c002eb8
27171699ns          475978 1c0094b0 02e80eb3 mul              x29, x16, x14       x29=fffff5c4 x16:fffffff6 x14:00000106
27171719ns          475979 1c0094b4 40a8d893 srai             x17, x17, 0x40a     x17=00000011 x17:00004492
27171739ns          475980 1c0094b8 03c80833 mul              x16, x16, x28       x16=fffffd62 x16:fffffff6 x28:00000043
27171759ns          475981 1c0094bc 09e11823 sh               x30, 144(x2)        x30:0000ff47  x2:100024d8  PA:10002568
27171779ns          475982 1c0094c0 0005d983 lhu              x19, 0(x11)         x19=0000ffc0 x11:1c002e98  PA:1c002e98
27172077ns          475997 1c0094c4 81c88f5b p.muls           x30, x17, x28       x30=00000473 x17:00000011 x28:00000043
27172097ns          475998 1c0094c8 0002d583 lhu              x11, 0(x5)          x11=0000ffab  x5:1c002ea8  PA:1c002ea8
27172395ns          476013 1c0094cc 03ce0fb3 mul              x31, x28, x28       x31=00001189 x28:00000043 x28:00000043
27172415ns          476014 1c0094d0 02e50733 mul              x14, x10, x14       x14=ffffc4a4 x10:ffffffc6 x14:00000106
27172435ns          476015 1c0094d4 40a85813 srai             x16, x16, 0x40a     x16=ffffffff x16:fffffd62
27172455ns          476016 1c0094d8 03c50533 mul              x10, x10, x28       x10=fffff0d2 x10:ffffffc6 x28:00000043
27172475ns          476017 1c0094dc 07015e03 lhu              x28, 112(x2)        x28=00000045  x2:100024d8  PA:10002548
27172495ns          476018 1c0094e0 01b60633 add              x12, x12, x27       x12=000012c8 x12:00000106 x27:000011c2
27172514ns          476019 1c0094e2 00980833 add              x16, x16, x9        x16=0000ffde x16:ffffffff  x9:0000ffdf
27172534ns          476020 1c0094e4 06015d83 lhu              x27, 96(x2)         x27=000000f0  x2:100024d8  PA:10002538
27172554ns          476021 1c0094e8 02812483 lw               x9, 40(x2)           x9=1c002ec8  x2:100024d8  PA:10002500
27172574ns          476022 1c0094ea 40afdf93 srai             x31, x31, 0x40a     x31=00000004 x31:00001189
27172594ns          476023 1c0094ee 40a55513 srai             x10, x10, 0x40a     x10=fffffffc x10:fffff0d2
27172614ns          476024 1c0094f0 01cf8fb3 add              x31, x31, x28       x31=00000049 x31:00000004 x28:00000045
27172634ns          476025 1c0094f2 00b50533 add              x10, x10, x11       x10=0000ffa7 x10:fffffffc x11:0000ffab
27172654ns          476026 1c0094f4 09015e03 lhu              x28, 144(x2)        x28=0000ff47  x2:100024d8  PA:10002568
27172674ns          476027 1c0094f8 03012583 lw               x11, 48(x2)         x11=1c002ed8  x2:100024d8  PA:10002508
27172693ns          476028 1c0094fa 00c49023 sh               x12, 0(x9)          x12:000012c8  x9:1c002ec8  PA:1c002ec8
27173012ns          476044 1c0094fe 01b888b3 add              x17, x17, x27       x17=00000101 x17:00000011 x27:000000f0
27173032ns          476045 1c009500 01a30333 add              x6, x6, x26          x6=000003e7  x6:00000043 x26:000003a4
27173051ns          476046 1c009502 08015d83 lhu              x27, 128(x2)        x27=00000015  x2:100024d8  PA:10002558
27173071ns          476047 1c009506 0000d903 lhu              x18, 0(x1)          x18=0000ff08  x1:1c002e88  PA:1c002e88
27173409ns          476064 1c00950a 01c686b3 add              x13, x13, x28       x13=0001ff3d x13:0000fff6 x28:0000ff47
27173429ns          476065 1c00950c 00659023 sh               x6, 0(x11)           x6:000003e7 x11:1c002ed8  PA:1c002ed8
27173748ns          476081 1c009510 40af5f13 srai             x30, x30, 0x40a     x30=00000001 x30:00000473
27173767ns          476082 1c009514 04812e03 lw               x28, 72(x2)         x28=1c002f08  x2:100024d8  PA:10002520
27173787ns          476083 1c009516 01bf0f33 add              x30, x30, x27       x30=00000016 x30:00000001 x27:00000015
27173807ns          476084 1c009518 40aede93 srai             x29, x29, 0x40a     x29=fffffffd x29:fffff5c4
27173827ns          476085 1c00951c 40a75713 srai             x14, x14, 0x40a     x14=fffffff1 x14:ffffc4a4
27173847ns          476086 1c00951e 03812603 lw               x12, 56(x2)         x12=1c002ee8  x2:100024d8  PA:10002510
27173867ns          476087 1c009520 04012d83 lw               x27, 64(x2)         x27=1c002ef8  x2:100024d8  PA:10002518
27173887ns          476088 1c009522 01ee1023 sh               x30, 0(x28)         x30:00000016 x28:1c002f08  PA:1c002f08
27174225ns          476105 1c009526 05812483 lw               x9, 88(x2)           x9=1c002e68  x2:100024d8  PA:10002530
27174245ns          476106 1c009528 05012f03 lw               x30, 80(x2)         x30=1c002e78  x2:100024d8  PA:10002528
27174265ns          476107 1c00952a 0a012583 lw               x11, 160(x2)        x11=1c002e98  x2:100024d8  PA:10002578
27174285ns          476108 1c00952c 014787b3 add              x15, x15, x20       x15=0001fbe1 x15:0000ffc6 x20:0000fc1b
27174304ns          476109 1c00952e 013e8eb3 add              x29, x29, x19       x29=0000ffbd x29:fffffffd x19:0000ffc0
27174324ns          476110 1c009530 01270733 add              x14, x14, x18       x14=0000fef9 x14:fffffff1 x18:0000ff08
27174344ns          476111 1c009532 00f49023 sh               x15, 0(x9)          x15:0001fbe1  x9:1c002e68  PA:1c002e68
27174682ns          476128 1c009536 01161023 sh               x17, 0(x12)         x17:00000101 x12:1c002ee8  PA:1c002ee8
27175020ns          476145 1c00953a 01fd9023 sh               x31, 0(x27)         x31:00000049 x27:1c002ef8  PA:1c002ef8
27175339ns          476161 1c00953e 00df1023 sh               x13, 0(x30)         x13:0001ff3d x30:1c002e78  PA:1c002e78
27175657ns          476177 1c009542 01d59023 sh               x29, 0(x11)         x29:0000ffbd x11:1c002e98  PA:1c002e98
27175975ns          476193 1c009546 00e09023 sh               x14, 0(x1)          x14:0000fef9  x1:1c002e88  PA:1c002e88
27176313ns          476210 1c00954a 01039023 sh               x16, 0(x7)          x16:0000ffde  x7:1c002eb8  PA:1c002eb8
27176631ns          476226 1c00954e 00a29023 sh               x10, 0(x5)          x10:0000ffa7  x5:1c002ea8  PA:1c002ea8
27177009ns          476245 1c009552 008b0b13 addi             x22, x22, 8         x22=0000013c x22:00000134
27177029ns          476246 1c009554 1f300793 addi             x15, x0, 499        x15=000001f3
27177049ns          476247 1c009558 e767dae3 bge              x15, x22, -396      x15:000001f3 x22:0000013c
27177148ns          476252 1c0093cc 010c9a0b p.lh             x20, 16(x25!)       x20=0000003f x25=1c002910 x25:1c002900  PA:1c002900
27177526ns          476271 1c0093d0 0104198b p.lh             x19, 16(x8!)        x19=ffffffde  x8=1c0020d8  x8:1c0020c8  PA:1c0020c8
27177825ns          476286 1c0093d4 2cc10513 addi             x10, x2, 716        x10=100027a4  x2:100024d8
27177844ns          476287 1c0093d6 010a990b p.lh             x18, 16(x21!)       x18=0000003a x21=1c001904 x21:1c0018f4  PA:1c0018f4
27178143ns          476302 1c0093da 010b948b p.lh             x9, 16(x23!)         x9=ffffffd5 x23=1c001134 x23:1c001124  PA:1c001124
27178441ns          476317 1c0093de 2d411623 sh               x20, 716(x2)        x20:0000003f  x2:100024d8  PA:100027a4
27178501ns          476320 1c0093e2 2d311723 sh               x19, 718(x2)        x19:ffffffde  x2:100024d8  PA:100027a6
27178541ns          476322 1c0093e6 c33ff0ef jal              x1, -974             x1=1c0093e8
27178600ns          476325 1c009018 00051803 lh               x16, 0(x10)         x16=0000003f x10:100027a4  PA:100027a4
27178640ns          476327 1c00901c 00251883 lh               x17, 2(x10)         x17=ffffffde x10:100027a4  PA:100027a6
27178660ns          476328 1c009020 030806b3 mul              x13, x16, x16       x13=00000f81 x16:0000003f x16:0000003f
27178680ns          476329 1c009024 03188633 mul              x12, x17, x17       x12=00000484 x17:ffffffde x17:ffffffde
27178700ns          476330 1c009028 40a65613 srai             x12, x12, 0x40a     x12=00000001 x12:00000484
27178720ns          476331 1c00902a 40a6d693 srai             x13, x13, 0x40a     x13=00000003 x13:00000f81
27178739ns          476332 1c00902c 00c686b3 add              x13, x13, x12       x13=00000004 x13:00000003 x12:00000001
27178759ns          476333 1c00902e 1006c633 p.exths          x12, x13, x0        x12=00000004 x13:00000004
27178779ns          476334 1c009032 00855703 lhu              x14, 8(x10)         x14=0000ffd1 x10:100027a4  PA:100027ac
27178799ns          476335 1c009036 00a55683 lhu              x13, 10(x10)        x13=0000ff6a x10:100027a4  PA:100027ae
27178819ns          476336 1c00903a 02c60333 mul              x6, x12, x12         x6=00000010 x12:00000004 x12:00000004
27178839ns          476337 1c00903e 00c55783 lhu              x15, 12(x10)        x15=0000ffe5 x10:100027a4  PA:100027b0
27178859ns          476338 1c009042 00e55583 lhu              x11, 14(x10)        x11=00000060 x10:100027a4  PA:100027b2
27178879ns          476339 1c009046 dea30333 p.extract        x6, x6, 15, 10       x6=00000000  x6:00000010
27178899ns          476340 1c00904a 80c7075b p.muls           x14, x14, x12       x14=ffffff44 x14:0000ffd1 x12:00000004
27178918ns          476341 1c00904e 80c686db p.muls           x13, x13, x12       x13=fffffda8 x13:0000ff6a x12:00000004
27178938ns          476342 1c009052 00455e83 lhu              x29, 4(x10)         x29=00000427 x10:100027a4  PA:100027a8
27178958ns          476343 1c009056 00655e03 lhu              x28, 6(x10)         x28=0000007f x10:100027a4  PA:100027aa
27178978ns          476344 1c00905a 40a75713 srai             x14, x14, 0x40a     x14=ffffffff x14:ffffff44
27178998ns          476345 1c00905c 806787db p.muls           x15, x15, x6        x15=00000000 x15:0000ffe5  x6:00000000
27179018ns          476346 1c009060 40a6d693 srai             x13, x13, 0x40a     x13=ffffffff x13:fffffda8
27179058ns          476348 1c009062 8065865b p.muls           x12, x11, x6        x12=00000000 x11:00000060  x6:00000000
27179078ns          476349 1c009066 40a7d793 srai             x15, x15, 0x40a     x15=00000000 x15:00000000
27179097ns          476350 1c009068 40a65613 srai             x12, x12, 0x40a     x12=00000000 x12:00000000
27179117ns          476351 1c00906a 01d70733 add              x14, x14, x29       x14=00000426 x14:ffffffff x29:00000427
27179137ns          476352 1c00906c 01c686b3 add              x13, x13, x28       x13=0000007e x13:ffffffff x28:0000007f
27179157ns          476353 1c00906e 00c686b3 add              x13, x13, x12       x13=0000007e x13:0000007e x12:00000000
27179177ns          476354 1c009070 00f70733 add              x14, x14, x15       x14=00000426 x14:00000426 x15:00000000
27179197ns          476355 1c009072 100747b3 p.exths          x15, x14, x0        x15=00000426 x14:00000426
27179217ns          476356 1c009076 1006c733 p.exths          x14, x13, x0        x14=0000007e x13:0000007e
27179237ns          476357 1c00907a 03170633 mul              x12, x14, x17       x12=ffffef44 x14:0000007e x17:ffffffde
27179257ns          476358 1c00907e 030786b3 mul              x13, x15, x16       x13=0001055a x15:00000426 x16:0000003f
27179276ns          476359 1c009082 03070733 mul              x14, x14, x16       x14=00001f02 x14:0000007e x16:0000003f
27179296ns          476360 1c009086 031787b3 mul              x15, x15, x17       x15=ffff72f4 x15:00000426 x17:ffffffde
27179316ns          476361 1c00908a 40a6d693 srai             x13, x13, 0x40a     x13=00000041 x13:0001055a
27179336ns          476362 1c00908c 40a65613 srai             x12, x12, 0x40a     x12=fffffffb x12:ffffef44
27179356ns          476363 1c00908e 40a7d793 srai             x15, x15, 0x40a     x15=ffffffdc x15:ffff72f4
27179376ns          476364 1c009090 40a75713 srai             x14, x14, 0x40a     x14=00000007 x14:00001f02
27179396ns          476365 1c009092 40c686b3 sub              x13, x13, x12       x13=00000046 x13:00000041 x12:fffffffb
27179416ns          476366 1c009094 00e787b3 add              x15, x15, x14       x15=ffffffe3 x15:ffffffdc x14:00000007
27179436ns          476367 1c009096 00d51823 sh               x13, 16(x10)        x13:00000046 x10:100027a4  PA:100027b4
27179455ns          476368 1c00909a 00f51923 sh               x15, 18(x10)        x15:ffffffe3 x10:100027a4  PA:100027b6
27179475ns          476369 1c00909e 00008067 jalr             x0, x1, 0            x1:1c0093e8
27179515ns          476371 1c0093e8 2dc15583 lhu              x11, 732(x2)        x11=00000046  x2:100024d8  PA:100027b4
27179555ns          476373 1c0093ec 2de15783 lhu              x15, 734(x2)        x15=0000ffe3  x2:100024d8  PA:100027b6
27179575ns          476374 1c0093f0 40b90933 sub              x18, x18, x11       x18=fffffff4 x18:0000003a x11:00000046
27179595ns          476375 1c0093f4 40f484b3 sub              x9, x9, x15          x9=fffefff2  x9:ffffffd5 x15:0000ffe3
27179615ns          476376 1c0093f6 100945b3 p.exths          x11, x18, x0        x11=fffffff4 x18:fffffff4
27179634ns          476377 1c0093fa 1004c7b3 p.exths          x15, x9, x0         x15=fffffff2  x9:fffefff2
27179654ns          476378 1c0093fe 034586b3 mul              x13, x11, x20       x13=fffffd0c x11:fffffff4 x20:0000003f
27179674ns          476379 1c009402 03378533 mul              x10, x15, x19       x10=000001dc x15:fffffff2 x19:ffffffde
27179694ns          476380 1c009406 034a0633 mul              x12, x20, x20       x12=00000f81 x20:0000003f x20:0000003f
27179714ns          476381 1c00940a 03398733 mul              x14, x19, x19       x14=00000484 x19:ffffffde x19:ffffffde
27179734ns          476382 1c00940e 034787b3 mul              x15, x15, x20       x15=fffffc8e x15:fffffff2 x20:0000003f
27179754ns          476383 1c009412 033585b3 mul              x11, x11, x19       x11=00000198 x11:fffffff4 x19:ffffffde
27179774ns          476384 1c009416 40a75713 srai             x14, x14, 0x40a     x14=00000001 x14:00000484
27179794ns          476385 1c009418 40a5d593 srai             x11, x11, 0x40a     x11=00000000 x11:00000198
27179813ns          476386 1c00941a 40a65613 srai             x12, x12, 0x40a     x12=00000003 x12:00000f81
27179833ns          476387 1c00941c 40a7d793 srai             x15, x15, 0x40a     x15=ffffffff x15:fffffc8e
27179853ns          476388 1c00941e 1c0034b7 lui              x9, 0x1c003000       x9=1c003000
27179873ns          476389 1c009422 00e60633 add              x12, x12, x14       x12=00000004 x12:00000003 x14:00000001
27179893ns          476390 1c009424 40b787b3 sub              x15, x15, x11       x15=ffffffff x15:ffffffff x11:00000000
27179913ns          476391 1c009426 eb048493 addi             x9, x9, -336         x9=1c002eb0  x9:1c003000
27179933ns          476392 1c00942a 1c0032b7 lui              x5, 0x1c003000       x5=1c003000
27179953ns          476393 1c00942e 1c0035b7 lui              x11, 0x1c003000     x11=1c003000
27179972ns          476394 1c009432 018483b3 add              x7, x9, x24          x7=1c002eb8  x9:1c002eb0 x24:00000008
27179992ns          476395 1c009436 02812e83 lw               x29, 40(x2)         x29=1c002ec8  x2:100024d8  PA:10002500
27180012ns          476396 1c009438 10065633 p.exthz          x12, x12, x0        x12=00000004 x12:00000004
27180032ns          476397 1c00943c e8028293 addi             x5, x5, -384         x5=1c002e80  x5:1c003000
27180052ns          476398 1c009440 ea058593 addi             x11, x11, -352      x11=1c002ea0 x11:1c003000
27180072ns          476399 1c009444 03812483 lw               x9, 56(x2)           x9=1c002ee8  x2:100024d8  PA:10002510
27180092ns          476400 1c009446 10064733 p.exths          x14, x12, x0        x14=00000004 x12:00000004
27180112ns          476401 1c00944a 018280b3 add              x1, x5, x24          x1=1c002e88  x5:1c002e80 x24:00000008
27180132ns          476402 1c00944e 03012f03 lw               x30, 48(x2)         x30=1c002ed8  x2:100024d8  PA:10002508
27180151ns          476403 1c009450 018582b3 add              x5, x11, x24         x5=1c002ea8 x11:1c002ea0 x24:00000008
27180171ns          476404 1c009454 04012583 lw               x11, 64(x2)         x11=1c002ef8  x2:100024d8  PA:10002518
27180191ns          476405 1c009456 000edd83 lhu              x27, 0(x29)         x27=000012c8 x29:1c002ec8  PA:1c002ec8
27180490ns          476420 1c00945a 0004d483 lhu              x9, 0(x9)            x9=00000101  x9:1c002ee8  PA:1c002ee8
27180788ns          476435 1c00945e 02e70333 mul              x6, x14, x14         x6=00000010 x14:00000004 x14:00000004
27180808ns          476436 1c009462 40a55513 srai             x10, x10, 0x40a     x10=00000000 x10:000001dc
27180828ns          476437 1c009464 04812e83 lw               x29, 72(x2)         x29=1c002f08  x2:100024d8  PA:10002520
27180848ns          476438 1c009466 40a6d693 srai             x13, x13, 0x40a     x13=ffffffff x13:fffffd0c
27180867ns          476439 1c009468 000f5d03 lhu              x26, 0(x30)         x26=000003e7 x30:1c002ed8  PA:1c002ed8
27181186ns          476455 1c00946c 0005d583 lhu              x11, 0(x11)         x11=00000049 x11:1c002ef8  PA:1c002ef8
27181603ns          476476 1c009470 40a35313 srai             x6, x6, 0x40a        x6=00000000  x6:00000010
27181623ns          476477 1c009474 00a686b3 add              x13, x13, x10       x13=ffffffff x13:ffffffff x10:00000000
27181643ns          476478 1c009476 05012f03 lw               x30, 80(x2)         x30=1c002e78  x2:100024d8  PA:10002528
27181663ns          476479 1c009478 10034e33 p.exths          x28, x6, x0         x28=00000000  x6:00000000
27181683ns          476480 1c00947c 06911023 sh               x9, 96(x2)           x9:00000101  x2:100024d8  PA:10002538
27181703ns          476481 1c009480 000ede83 lhu              x29, 0(x29)         x29=00000016 x29:1c002f08  PA:1c002f08
27182021ns          476497 1c009484 05812483 lw               x9, 88(x2)           x9=1c002e68  x2:100024d8  PA:10002530
27182041ns          476498 1c009486 1006d6b3 p.exthz          x13, x13, x0        x13=0000ffff x13:ffffffff
27182061ns          476499 1c00948a 02ee08b3 mul              x17, x28, x14       x17=00000000 x28:00000000 x14:00000004
27182081ns          476500 1c00948e 1006c833 p.exths          x16, x13, x0        x16=ffffffff x13:0000ffff
27182101ns          476501 1c009492 06b11823 sh               x11, 112(x2)        x11:00000049  x2:100024d8  PA:10002548
27182120ns          476502 1c009496 000f5f03 lhu              x30, 0(x30)         x30=0000ff3d x30:1c002e78  PA:1c002e78
27182419ns          476517 1c00949a 0a012583 lw               x11, 160(x2)        x11=1c002e98  x2:100024d8  PA:10002578
27182439ns          476518 1c00949c 1007d7b3 p.exthz          x15, x15, x0        x15=0000ffff x15:ffffffff
27182458ns          476519 1c0094a0 0004da03 lhu              x20, 0(x9)          x20=0000fbe1  x9:1c002e68  PA:1c002e68
27182896ns          476541 1c0094a4 1007c533 p.exths          x10, x15, x0        x10=ffffffff x15:0000ffff
27182916ns          476542 1c0094a8 09d11023 sh               x29, 128(x2)        x29:00000016  x2:100024d8  PA:10002558
27182936ns          476543 1c0094ac 0003d483 lhu              x9, 0(x7)            x9=0000ffde  x7:1c002eb8  PA:1c002eb8
27183254ns          476559 1c0094b0 02e80eb3 mul              x29, x16, x14       x29=fffffffc x16:ffffffff x14:00000004
27183274ns          476560 1c0094b4 40a8d893 srai             x17, x17, 0x40a     x17=00000000 x17:00000000
27183294ns          476561 1c0094b8 03c80833 mul              x16, x16, x28       x16=00000000 x16:ffffffff x28:00000000
27183314ns          476562 1c0094bc 09e11823 sh               x30, 144(x2)        x30:0000ff3d  x2:100024d8  PA:10002568
27183334ns          476563 1c0094c0 0005d983 lhu              x19, 0(x11)         x19=0000ffbd x11:1c002e98  PA:1c002e98
27183652ns          476579 1c0094c4 81c88f5b p.muls           x30, x17, x28       x30=00000000 x17:00000000 x28:00000000
27183672ns          476580 1c0094c8 0002d583 lhu              x11, 0(x5)          x11=0000ffa7  x5:1c002ea8  PA:1c002ea8
27183990ns          476596 1c0094cc 03ce0fb3 mul              x31, x28, x28       x31=00000000 x28:00000000 x28:00000000
27184010ns          476597 1c0094d0 02e50733 mul              x14, x10, x14       x14=fffffffc x10:ffffffff x14:00000004
27184030ns          476598 1c0094d4 40a85813 srai             x16, x16, 0x40a     x16=00000000 x16:00000000
27184050ns          476599 1c0094d8 03c50533 mul              x10, x10, x28       x10=00000000 x10:ffffffff x28:00000000
27184069ns          476600 1c0094dc 07015e03 lhu              x28, 112(x2)        x28=00000049  x2:100024d8  PA:10002548
27184109ns          476602 1c0094e0 01b60633 add              x12, x12, x27       x12=000012cc x12:00000004 x27:000012c8
27184129ns          476603 1c0094e2 00980833 add              x16, x16, x9        x16=0000ffde x16:00000000  x9:0000ffde
27184149ns          476604 1c0094e4 06015d83 lhu              x27, 96(x2)         x27=00000101  x2:100024d8  PA:10002538
27184169ns          476605 1c0094e8 02812483 lw               x9, 40(x2)           x9=1c002ec8  x2:100024d8  PA:10002500
27184189ns          476606 1c0094ea 40afdf93 srai             x31, x31, 0x40a     x31=00000000 x31:00000000
27184209ns          476607 1c0094ee 40a55513 srai             x10, x10, 0x40a     x10=00000000 x10:00000000
27184229ns          476608 1c0094f0 01cf8fb3 add              x31, x31, x28       x31=00000049 x31:00000000 x28:00000049
27184248ns          476609 1c0094f2 00b50533 add              x10, x10, x11       x10=0000ffa7 x10:00000000 x11:0000ffa7
27184268ns          476610 1c0094f4 09015e03 lhu              x28, 144(x2)        x28=0000ff3d  x2:100024d8  PA:10002568
27184288ns          476611 1c0094f8 03012583 lw               x11, 48(x2)         x11=1c002ed8  x2:100024d8  PA:10002508
27184308ns          476612 1c0094fa 00c49023 sh               x12, 0(x9)          x12:000012cc  x9:1c002ec8  PA:1c002ec8
27184626ns          476628 1c0094fe 01b888b3 add              x17, x17, x27       x17=00000101 x17:00000000 x27:00000101
27184646ns          476629 1c009500 01a30333 add              x6, x6, x26          x6=000003e7  x6:00000000 x26:000003e7
27184666ns          476630 1c009502 08015d83 lhu              x27, 128(x2)        x27=00000016  x2:100024d8  PA:10002558
27184686ns          476631 1c009506 0000d903 lhu              x18, 0(x1)          x18=0000fef9  x1:1c002e88  PA:1c002e88
27184984ns          476646 1c00950a 01c686b3 add              x13, x13, x28       x13=0001ff3c x13:0000ffff x28:0000ff3d
27185004ns          476647 1c00950c 00659023 sh               x6, 0(x11)           x6:000003e7 x11:1c002ed8  PA:1c002ed8
27185342ns          476664 1c009510 40af5f13 srai             x30, x30, 0x40a     x30=00000000 x30:00000000
27185362ns          476665 1c009514 04812e03 lw               x28, 72(x2)         x28=1c002f08  x2:100024d8  PA:10002520
27185382ns          476666 1c009516 01bf0f33 add              x30, x30, x27       x30=00000016 x30:00000000 x27:00000016
27185402ns          476667 1c009518 40aede93 srai             x29, x29, 0x40a     x29=ffffffff x29:fffffffc
27185422ns          476668 1c00951c 40a75713 srai             x14, x14, 0x40a     x14=ffffffff x14:fffffffc
27185442ns          476669 1c00951e 03812603 lw               x12, 56(x2)         x12=1c002ee8  x2:100024d8  PA:10002510
27185462ns          476670 1c009520 04012d83 lw               x27, 64(x2)         x27=1c002ef8  x2:100024d8  PA:10002518
27185481ns          476671 1c009522 01ee1023 sh               x30, 0(x28)         x30:00000016 x28:1c002f08  PA:1c002f08
27185820ns          476688 1c009526 05812483 lw               x9, 88(x2)           x9=1c002e68  x2:100024d8  PA:10002530
27185839ns          476689 1c009528 05012f03 lw               x30, 80(x2)         x30=1c002e78  x2:100024d8  PA:10002528
27185859ns          476690 1c00952a 0a012583 lw               x11, 160(x2)        x11=1c002e98  x2:100024d8  PA:10002578
27185879ns          476691 1c00952c 014787b3 add              x15, x15, x20       x15=0001fbe0 x15:0000ffff x20:0000fbe1
27185899ns          476692 1c00952e 013e8eb3 add              x29, x29, x19       x29=0000ffbc x29:ffffffff x19:0000ffbd
27185919ns          476693 1c009530 01270733 add              x14, x14, x18       x14=0000fef8 x14:ffffffff x18:0000fef9
27185939ns          476694 1c009532 00f49023 sh               x15, 0(x9)          x15:0001fbe0  x9:1c002e68  PA:1c002e68
27186257ns          476710 1c009536 01161023 sh               x17, 0(x12)         x17:00000101 x12:1c002ee8  PA:1c002ee8
27186595ns          476727 1c00953a 01fd9023 sh               x31, 0(x27)         x31:00000049 x27:1c002ef8  PA:1c002ef8
27186913ns          476743 1c00953e 00df1023 sh               x13, 0(x30)         x13:0001ff3c x30:1c002e78  PA:1c002e78
27187271ns          476761 1c009542 01d59023 sh               x29, 0(x11)         x29:0000ffbc x11:1c002e98  PA:1c002e98
27187590ns          476777 1c009546 00e09023 sh               x14, 0(x1)          x14:0000fef8  x1:1c002e88  PA:1c002e88
27187908ns          476793 1c00954a 01039023 sh               x16, 0(x7)          x16:0000ffde  x7:1c002eb8  PA:1c002eb8
27188286ns          476812 1c00954e 00a29023 sh               x10, 0(x5)          x10:0000ffa7  x5:1c002ea8  PA:1c002ea8
27188604ns          476828 1c009552 008b0b13 addi             x22, x22, 8         x22=00000144 x22:0000013c
27188624ns          476829 1c009554 1f300793 addi             x15, x0, 499        x15=000001f3
27188644ns          476830 1c009558 e767dae3 bge              x15, x22, -396      x15:000001f3 x22:00000144
27188743ns          476835 1c0093cc 010c9a0b p.lh             x20, 16(x25!)       x20=ffffffc6 x25=1c002920 x25:1c002910  PA:1c002910
27189141ns          476855 1c0093d0 0104198b p.lh             x19, 16(x8!)        x19=fffffedf  x8=1c0020e8  x8:1c0020d8  PA:1c0020d8
27189459ns          476871 1c0093d4 2cc10513 addi             x10, x2, 716        x10=100027a4  x2:100024d8
27189479ns          476872 1c0093d6 010a990b p.lh             x18, 16(x21!)       x18=ffffffaa x21=1c001914 x21:1c001904  PA:1c001904
27189777ns          476887 1c0093da 010b948b p.lh             x9, 16(x23!)         x9=fffffee0 x23=1c001144 x23:1c001134  PA:1c001134
27190095ns          476903 1c0093de 2d411623 sh               x20, 716(x2)        x20:ffffffc6  x2:100024d8  PA:100027a4
27190135ns          476905 1c0093e2 2d311723 sh               x19, 718(x2)        x19:fffffedf  x2:100024d8  PA:100027a6
27190155ns          476906 1c0093e6 c33ff0ef jal              x1, -974             x1=1c0093e8
27190195ns          476908 1c009018 00051803 lh               x16, 0(x10)         x16=ffffffc6 x10:100027a4  PA:100027a4
27190215ns          476909 1c00901c 00251883 lh               x17, 2(x10)         x17=fffffedf x10:100027a4  PA:100027a6
27190274ns          476912 1c009020 030806b3 mul              x13, x16, x16       x13=00000d24 x16:ffffffc6 x16:ffffffc6
27190314ns          476914 1c009024 03188633 mul              x12, x17, x17       x12=00014641 x17:fffffedf x17:fffffedf
27190334ns          476915 1c009028 40a65613 srai             x12, x12, 0x40a     x12=00000051 x12:00014641
27190354ns          476916 1c00902a 40a6d693 srai             x13, x13, 0x40a     x13=00000003 x13:00000d24
27190374ns          476917 1c00902c 00c686b3 add              x13, x13, x12       x13=00000054 x13:00000003 x12:00000051
27190394ns          476918 1c00902e 1006c633 p.exths          x12, x13, x0        x12=00000054 x13:00000054
27190414ns          476919 1c009032 00855703 lhu              x14, 8(x10)         x14=0000ffd1 x10:100027a4  PA:100027ac
27190434ns          476920 1c009036 00a55683 lhu              x13, 10(x10)        x13=0000ff6a x10:100027a4  PA:100027ae
27190453ns          476921 1c00903a 02c60333 mul              x6, x12, x12         x6=00001b90 x12:00000054 x12:00000054
27190473ns          476922 1c00903e 00c55783 lhu              x15, 12(x10)        x15=0000ffe5 x10:100027a4  PA:100027b0
27190493ns          476923 1c009042 00e55583 lhu              x11, 14(x10)        x11=00000060 x10:100027a4  PA:100027b2
27190513ns          476924 1c009046 dea30333 p.extract        x6, x6, 15, 10       x6=00000006  x6:00001b90
27190533ns          476925 1c00904a 80c7075b p.muls           x14, x14, x12       x14=fffff094 x14:0000ffd1 x12:00000054
27190553ns          476926 1c00904e 80c686db p.muls           x13, x13, x12       x13=ffffcec8 x13:0000ff6a x12:00000054
27190573ns          476927 1c009052 00455e83 lhu              x29, 4(x10)         x29=00000427 x10:100027a4  PA:100027a8
27190593ns          476928 1c009056 00655e03 lhu              x28, 6(x10)         x28=0000007f x10:100027a4  PA:100027aa
27190613ns          476929 1c00905a 40a75713 srai             x14, x14, 0x40a     x14=fffffffc x14:fffff094
27190632ns          476930 1c00905c 806787db p.muls           x15, x15, x6        x15=ffffff5e x15:0000ffe5  x6:00000006
27190652ns          476931 1c009060 40a6d693 srai             x13, x13, 0x40a     x13=fffffff3 x13:ffffcec8
27190672ns          476932 1c009062 8065865b p.muls           x12, x11, x6        x12=00000240 x11:00000060  x6:00000006
27190692ns          476933 1c009066 40a7d793 srai             x15, x15, 0x40a     x15=ffffffff x15:ffffff5e
27190712ns          476934 1c009068 40a65613 srai             x12, x12, 0x40a     x12=00000000 x12:00000240
27190732ns          476935 1c00906a 01d70733 add              x14, x14, x29       x14=00000423 x14:fffffffc x29:00000427
27190752ns          476936 1c00906c 01c686b3 add              x13, x13, x28       x13=00000072 x13:fffffff3 x28:0000007f
27190772ns          476937 1c00906e 00c686b3 add              x13, x13, x12       x13=00000072 x13:00000072 x12:00000000
27190792ns          476938 1c009070 00f70733 add              x14, x14, x15       x14=00000422 x14:00000423 x15:ffffffff
27190811ns          476939 1c009072 100747b3 p.exths          x15, x14, x0        x15=00000422 x14:00000422
27190831ns          476940 1c009076 1006c733 p.exths          x14, x13, x0        x14=00000072 x13:00000072
27190851ns          476941 1c00907a 03170633 mul              x12, x14, x17       x12=ffff7f4e x14:00000072 x17:fffffedf
27190871ns          476942 1c00907e 030786b3 mul              x13, x15, x16       x13=ffff104c x15:00000422 x16:ffffffc6
27190891ns          476943 1c009082 03070733 mul              x14, x14, x16       x14=ffffe62c x14:00000072 x16:ffffffc6
27190911ns          476944 1c009086 031787b3 mul              x15, x15, x17       x15=fffb559e x15:00000422 x17:fffffedf
27190931ns          476945 1c00908a 40a6d693 srai             x13, x13, 0x40a     x13=ffffffc4 x13:ffff104c
27190951ns          476946 1c00908c 40a65613 srai             x12, x12, 0x40a     x12=ffffffdf x12:ffff7f4e
27190971ns          476947 1c00908e 40a7d793 srai             x15, x15, 0x40a     x15=fffffed5 x15:fffb559e
27190990ns          476948 1c009090 40a75713 srai             x14, x14, 0x40a     x14=fffffff9 x14:ffffe62c
27191010ns          476949 1c009092 40c686b3 sub              x13, x13, x12       x13=ffffffe5 x13:ffffffc4 x12:ffffffdf
27191030ns          476950 1c009094 00e787b3 add              x15, x15, x14       x15=fffffece x15:fffffed5 x14:fffffff9
27191050ns          476951 1c009096 00d51823 sh               x13, 16(x10)        x13:ffffffe5 x10:100027a4  PA:100027b4
27191090ns          476953 1c00909a 00f51923 sh               x15, 18(x10)        x15:fffffece x10:100027a4  PA:100027b6
27191110ns          476954 1c00909e 00008067 jalr             x0, x1, 0            x1:1c0093e8
27191150ns          476956 1c0093e8 2dc15583 lhu              x11, 732(x2)        x11=0000ffe5  x2:100024d8  PA:100027b4
27191169ns          476957 1c0093ec 2de15783 lhu              x15, 734(x2)        x15=0000fece  x2:100024d8  PA:100027b6
27191189ns          476958 1c0093f0 40b90933 sub              x18, x18, x11       x18=fffeffc5 x18:ffffffaa x11:0000ffe5
27191209ns          476959 1c0093f4 40f484b3 sub              x9, x9, x15          x9=ffff0012  x9:fffffee0 x15:0000fece
27191229ns          476960 1c0093f6 100945b3 p.exths          x11, x18, x0        x11=ffffffc5 x18:fffeffc5
27191249ns          476961 1c0093fa 1004c7b3 p.exths          x15, x9, x0         x15=00000012  x9:ffff0012
27191269ns          476962 1c0093fe 034586b3 mul              x13, x11, x20       x13=00000d5e x11:ffffffc5 x20:ffffffc6
27191289ns          476963 1c009402 03378533 mul              x10, x15, x19       x10=ffffebae x15:00000012 x19:fffffedf
27191309ns          476964 1c009406 034a0633 mul              x12, x20, x20       x12=00000d24 x20:ffffffc6 x20:ffffffc6
27191329ns          476965 1c00940a 03398733 mul              x14, x19, x19       x14=00014641 x19:fffffedf x19:fffffedf
27191388ns          476968 1c00940e 034787b3 mul              x15, x15, x20       x15=fffffbec x15:00000012 x20:ffffffc6
27191428ns          476970 1c009412 033585b3 mul              x11, x11, x19       x11=0000429b x11:ffffffc5 x19:fffffedf
27191448ns          476971 1c009416 40a75713 srai             x14, x14, 0x40a     x14=00000051 x14:00014641
27191468ns          476972 1c009418 40a5d593 srai             x11, x11, 0x40a     x11=00000010 x11:0000429b
27191488ns          476973 1c00941a 40a65613 srai             x12, x12, 0x40a     x12=00000003 x12:00000d24
27191508ns          476974 1c00941c 40a7d793 srai             x15, x15, 0x40a     x15=fffffffe x15:fffffbec
27191527ns          476975 1c00941e 1c0034b7 lui              x9, 0x1c003000       x9=1c003000
27191547ns          476976 1c009422 00e60633 add              x12, x12, x14       x12=00000054 x12:00000003 x14:00000051
27191567ns          476977 1c009424 40b787b3 sub              x15, x15, x11       x15=ffffffee x15:fffffffe x11:00000010
27191587ns          476978 1c009426 eb048493 addi             x9, x9, -336         x9=1c002eb0  x9:1c003000
27191607ns          476979 1c00942a 1c0032b7 lui              x5, 0x1c003000       x5=1c003000
27191627ns          476980 1c00942e 1c0035b7 lui              x11, 0x1c003000     x11=1c003000
27191647ns          476981 1c009432 018483b3 add              x7, x9, x24          x7=1c002eb8  x9:1c002eb0 x24:00000008
27191667ns          476982 1c009436 02812e83 lw               x29, 40(x2)         x29=1c002ec8  x2:100024d8  PA:10002500
27191687ns          476983 1c009438 10065633 p.exthz          x12, x12, x0        x12=00000054 x12:00000054
27191706ns          476984 1c00943c e8028293 addi             x5, x5, -384         x5=1c002e80  x5:1c003000
27191746ns          476986 1c009440 ea058593 addi             x11, x11, -352      x11=1c002ea0 x11:1c003000
27191786ns          476988 1c009444 03812483 lw               x9, 56(x2)           x9=1c002ee8  x2:100024d8  PA:10002510
27191806ns          476989 1c009446 10064733 p.exths          x14, x12, x0        x14=00000054 x12:00000054
27191826ns          476990 1c00944a 018280b3 add              x1, x5, x24          x1=1c002e88  x5:1c002e80 x24:00000008
27191846ns          476991 1c00944e 03012f03 lw               x30, 48(x2)         x30=1c002ed8  x2:100024d8  PA:10002508
27191885ns          476993 1c009450 018582b3 add              x5, x11, x24         x5=1c002ea8 x11:1c002ea0 x24:00000008
27191925ns          476995 1c009454 04012583 lw               x11, 64(x2)         x11=1c002ef8  x2:100024d8  PA:10002518
27191945ns          476996 1c009456 000edd83 lhu              x27, 0(x29)         x27=000012cc x29:1c002ec8  PA:1c002ec8
27192263ns          477012 1c00945a 0004d483 lhu              x9, 0(x9)            x9=00000101  x9:1c002ee8  PA:1c002ee8
27192562ns          477027 1c00945e 02e70333 mul              x6, x14, x14         x6=00001b90 x14:00000054 x14:00000054
27192581ns          477028 1c009462 40a55513 srai             x10, x10, 0x40a     x10=fffffffa x10:ffffebae
27192601ns          477029 1c009464 04812e83 lw               x29, 72(x2)         x29=1c002f08  x2:100024d8  PA:10002520
27192621ns          477030 1c009466 40a6d693 srai             x13, x13, 0x40a     x13=00000003 x13:00000d5e
27192641ns          477031 1c009468 000f5d03 lhu              x26, 0(x30)         x26=000003e7 x30:1c002ed8  PA:1c002ed8
27192939ns          477046 1c00946c 0005d583 lhu              x11, 0(x11)         x11=00000049 x11:1c002ef8  PA:1c002ef8
27193317ns          477065 1c009470 40a35313 srai             x6, x6, 0x40a        x6=00000006  x6:00001b90
27193337ns          477066 1c009474 00a686b3 add              x13, x13, x10       x13=fffffffd x13:00000003 x10:fffffffa
27193357ns          477067 1c009476 05012f03 lw               x30, 80(x2)         x30=1c002e78  x2:100024d8  PA:10002528
27193377ns          477068 1c009478 10034e33 p.exths          x28, x6, x0         x28=00000006  x6:00000006
27193397ns          477069 1c00947c 06911023 sh               x9, 96(x2)           x9:00000101  x2:100024d8  PA:10002538
27193417ns          477070 1c009480 000ede83 lhu              x29, 0(x29)         x29=00000016 x29:1c002f08  PA:1c002f08
27193715ns          477085 1c009484 05812483 lw               x9, 88(x2)           x9=1c002e68  x2:100024d8  PA:10002530
27193735ns          477086 1c009486 1006d6b3 p.exthz          x13, x13, x0        x13=0000fffd x13:fffffffd
27193755ns          477087 1c00948a 02ee08b3 mul              x17, x28, x14       x17=000001f8 x28:00000006 x14:00000054
27193775ns          477088 1c00948e 1006c833 p.exths          x16, x13, x0        x16=fffffffd x13:0000fffd
27193795ns          477089 1c009492 06b11823 sh               x11, 112(x2)        x11:00000049  x2:100024d8  PA:10002548
27193815ns          477090 1c009496 000f5f03 lhu              x30, 0(x30)         x30=0000ff3c x30:1c002e78  PA:1c002e78
27194113ns          477105 1c00949a 0a012583 lw               x11, 160(x2)        x11=1c002e98  x2:100024d8  PA:10002578
27194133ns          477106 1c00949c 1007d7b3 p.exthz          x15, x15, x0        x15=0000ffee x15:ffffffee
27194153ns          477107 1c0094a0 0004da03 lhu              x20, 0(x9)          x20=0000fbe0  x9:1c002e68  PA:1c002e68
27194491ns          477124 1c0094a4 1007c533 p.exths          x10, x15, x0        x10=ffffffee x15:0000ffee
27194511ns          477125 1c0094a8 09d11023 sh               x29, 128(x2)        x29:00000016  x2:100024d8  PA:10002558
27194531ns          477126 1c0094ac 0003d483 lhu              x9, 0(x7)            x9=0000ffde  x7:1c002eb8  PA:1c002eb8
27194849ns          477142 1c0094b0 02e80eb3 mul              x29, x16, x14       x29=ffffff04 x16:fffffffd x14:00000054
27194869ns          477143 1c0094b4 40a8d893 srai             x17, x17, 0x40a     x17=00000000 x17:000001f8
27194888ns          477144 1c0094b8 03c80833 mul              x16, x16, x28       x16=ffffffee x16:fffffffd x28:00000006
27194908ns          477145 1c0094bc 09e11823 sh               x30, 144(x2)        x30:0000ff3c  x2:100024d8  PA:10002568
27194928ns          477146 1c0094c0 0005d983 lhu              x19, 0(x11)         x19=0000ffbc x11:1c002e98  PA:1c002e98
27195227ns          477161 1c0094c4 81c88f5b p.muls           x30, x17, x28       x30=00000000 x17:00000000 x28:00000006
27195246ns          477162 1c0094c8 0002d583 lhu              x11, 0(x5)          x11=0000ffa7  x5:1c002ea8  PA:1c002ea8
27195624ns          477181 1c0094cc 03ce0fb3 mul              x31, x28, x28       x31=00000024 x28:00000006 x28:00000006
27195644ns          477182 1c0094d0 02e50733 mul              x14, x10, x14       x14=fffffa18 x10:ffffffee x14:00000054
27195664ns          477183 1c0094d4 40a85813 srai             x16, x16, 0x40a     x16=ffffffff x16:ffffffee
27195684ns          477184 1c0094d8 03c50533 mul              x10, x10, x28       x10=ffffff94 x10:ffffffee x28:00000006
27195704ns          477185 1c0094dc 07015e03 lhu              x28, 112(x2)        x28=00000049  x2:100024d8  PA:10002548
27195724ns          477186 1c0094e0 01b60633 add              x12, x12, x27       x12=00001320 x12:00000054 x27:000012cc
27195744ns          477187 1c0094e2 00980833 add              x16, x16, x9        x16=0000ffdd x16:ffffffff  x9:0000ffde
27195764ns          477188 1c0094e4 06015d83 lhu              x27, 96(x2)         x27=00000101  x2:100024d8  PA:10002538
27195783ns          477189 1c0094e8 02812483 lw               x9, 40(x2)           x9=1c002ec8  x2:100024d8  PA:10002500
27195803ns          477190 1c0094ea 40afdf93 srai             x31, x31, 0x40a     x31=00000000 x31:00000024
27195823ns          477191 1c0094ee 40a55513 srai             x10, x10, 0x40a     x10=ffffffff x10:ffffff94
27195843ns          477192 1c0094f0 01cf8fb3 add              x31, x31, x28       x31=00000049 x31:00000000 x28:00000049
27195863ns          477193 1c0094f2 00b50533 add              x10, x10, x11       x10=0000ffa6 x10:ffffffff x11:0000ffa7
27195883ns          477194 1c0094f4 09015e03 lhu              x28, 144(x2)        x28=0000ff3c  x2:100024d8  PA:10002568
27195903ns          477195 1c0094f8 03012583 lw               x11, 48(x2)         x11=1c002ed8  x2:100024d8  PA:10002508
27195923ns          477196 1c0094fa 00c49023 sh               x12, 0(x9)          x12:00001320  x9:1c002ec8  PA:1c002ec8
27196241ns          477212 1c0094fe 01b888b3 add              x17, x17, x27       x17=00000101 x17:00000000 x27:00000101
27196261ns          477213 1c009500 01a30333 add              x6, x6, x26          x6=000003ed  x6:00000006 x26:000003e7
27196281ns          477214 1c009502 08015d83 lhu              x27, 128(x2)        x27=00000016  x2:100024d8  PA:10002558
27196301ns          477215 1c009506 0000d903 lhu              x18, 0(x1)          x18=0000fef8  x1:1c002e88  PA:1c002e88
27196619ns          477231 1c00950a 01c686b3 add              x13, x13, x28       x13=0001ff39 x13:0000fffd x28:0000ff3c
27196639ns          477232 1c00950c 00659023 sh               x6, 0(x11)           x6:000003ed x11:1c002ed8  PA:1c002ed8
27196957ns          477248 1c009510 40af5f13 srai             x30, x30, 0x40a     x30=00000000 x30:00000000
27196977ns          477249 1c009514 04812e03 lw               x28, 72(x2)         x28=1c002f08  x2:100024d8  PA:10002520
27196997ns          477250 1c009516 01bf0f33 add              x30, x30, x27       x30=00000016 x30:00000000 x27:00000016
27197017ns          477251 1c009518 40aede93 srai             x29, x29, 0x40a     x29=ffffffff x29:ffffff04
27197036ns          477252 1c00951c 40a75713 srai             x14, x14, 0x40a     x14=fffffffe x14:fffffa18
27197056ns          477253 1c00951e 03812603 lw               x12, 56(x2)         x12=1c002ee8  x2:100024d8  PA:10002510
27197076ns          477254 1c009520 04012d83 lw               x27, 64(x2)         x27=1c002ef8  x2:100024d8  PA:10002518
27197096ns          477255 1c009522 01ee1023 sh               x30, 0(x28)         x30:00000016 x28:1c002f08  PA:1c002f08
27197434ns          477272 1c009526 05812483 lw               x9, 88(x2)           x9=1c002e68  x2:100024d8  PA:10002530
27197454ns          477273 1c009528 05012f03 lw               x30, 80(x2)         x30=1c002e78  x2:100024d8  PA:10002528
27197474ns          477274 1c00952a 0a012583 lw               x11, 160(x2)        x11=1c002e98  x2:100024d8  PA:10002578
27197494ns          477275 1c00952c 014787b3 add              x15, x15, x20       x15=0001fbce x15:0000ffee x20:0000fbe0
27197514ns          477276 1c00952e 013e8eb3 add              x29, x29, x19       x29=0000ffbb x29:ffffffff x19:0000ffbc
27197534ns          477277 1c009530 01270733 add              x14, x14, x18       x14=0000fef6 x14:fffffffe x18:0000fef8
27197553ns          477278 1c009532 00f49023 sh               x15, 0(x9)          x15:0001fbce  x9:1c002e68  PA:1c002e68
27197931ns          477297 1c009536 01161023 sh               x17, 0(x12)         x17:00000101 x12:1c002ee8  PA:1c002ee8
27198269ns          477314 1c00953a 01fd9023 sh               x31, 0(x27)         x31:00000049 x27:1c002ef8  PA:1c002ef8
27198588ns          477330 1c00953e 00df1023 sh               x13, 0(x30)         x13:0001ff39 x30:1c002e78  PA:1c002e78
27198906ns          477346 1c009542 01d59023 sh               x29, 0(x11)         x29:0000ffbb x11:1c002e98  PA:1c002e98
27199224ns          477362 1c009546 00e09023 sh               x14, 0(x1)          x14:0000fef6  x1:1c002e88  PA:1c002e88
27199542ns          477378 1c00954a 01039023 sh               x16, 0(x7)          x16:0000ffdd  x7:1c002eb8  PA:1c002eb8
27199860ns          477394 1c00954e 00a29023 sh               x10, 0(x5)          x10:0000ffa6  x5:1c002ea8  PA:1c002ea8
27200258ns          477414 1c009552 008b0b13 addi             x22, x22, 8         x22=0000014c x22:00000144
27200278ns          477415 1c009554 1f300793 addi             x15, x0, 499        x15=000001f3
27200298ns          477416 1c009558 e767dae3 bge              x15, x22, -396      x15:000001f3 x22:0000014c
27200397ns          477421 1c0093cc 010c9a0b p.lh             x20, 16(x25!)       x20=fffffeb2 x25=1c002930 x25:1c002920  PA:1c002920
27200696ns          477436 1c0093d0 0104198b p.lh             x19, 16(x8!)        x19=fffffe87  x8=1c0020f8  x8:1c0020e8  PA:1c0020e8
27200994ns          477451 1c0093d4 2cc10513 addi             x10, x2, 716        x10=100027a4  x2:100024d8
27201014ns          477452 1c0093d6 010a990b p.lh             x18, 16(x21!)       x18=fffffe8b x21=1c001924 x21:1c001914  PA:1c001914
27201332ns          477468 1c0093da 010b948b p.lh             x9, 16(x23!)         x9=fffffec7 x23=1c001154 x23:1c001144  PA:1c001144
27201670ns          477485 1c0093de 2d411623 sh               x20, 716(x2)        x20:fffffeb2  x2:100024d8  PA:100027a4
27201690ns          477486 1c0093e2 2d311723 sh               x19, 718(x2)        x19:fffffe87  x2:100024d8  PA:100027a6
27201710ns          477487 1c0093e6 c33ff0ef jal              x1, -974             x1=1c0093e8
27201790ns          477491 1c009018 00051803 lh               x16, 0(x10)         x16=fffffeb2 x10:100027a4  PA:100027a4
27201829ns          477493 1c00901c 00251883 lh               x17, 2(x10)         x17=fffffe87 x10:100027a4  PA:100027a6
27201869ns          477495 1c009020 030806b3 mul              x13, x16, x16       x13=0001b3c4 x16:fffffeb2 x16:fffffeb2
27201889ns          477496 1c009024 03188633 mul              x12, x17, x17       x12=00022b31 x17:fffffe87 x17:fffffe87
27201909ns          477497 1c009028 40a65613 srai             x12, x12, 0x40a     x12=0000008a x12:00022b31
27201929ns          477498 1c00902a 40a6d693 srai             x13, x13, 0x40a     x13=0000006c x13:0001b3c4
27201949ns          477499 1c00902c 00c686b3 add              x13, x13, x12       x13=000000f6 x13:0000006c x12:0000008a
27201969ns          477500 1c00902e 1006c633 p.exths          x12, x13, x0        x12=000000f6 x13:000000f6
27201989ns          477501 1c009032 00855703 lhu              x14, 8(x10)         x14=0000ffd1 x10:100027a4  PA:100027ac
27202008ns          477502 1c009036 00a55683 lhu              x13, 10(x10)        x13=0000ff6a x10:100027a4  PA:100027ae
27202028ns          477503 1c00903a 02c60333 mul              x6, x12, x12         x6=0000ec64 x12:000000f6 x12:000000f6
27202088ns          477506 1c00903e 00c55783 lhu              x15, 12(x10)        x15=0000ffe5 x10:100027a4  PA:100027b0
27202128ns          477508 1c009042 00e55583 lhu              x11, 14(x10)        x11=00000060 x10:100027a4  PA:100027b2
27202148ns          477509 1c009046 dea30333 p.extract        x6, x6, 15, 10       x6=0000003b  x6:0000ec64
27202168ns          477510 1c00904a 80c7075b p.muls           x14, x14, x12       x14=ffffd2d6 x14:0000ffd1 x12:000000f6
27202227ns          477513 1c00904e 80c686db p.muls           x13, x13, x12       x13=ffff6fdc x13:0000ff6a x12:000000f6
27202267ns          477515 1c009052 00455e83 lhu              x29, 4(x10)         x29=00000427 x10:100027a4  PA:100027a8
27202287ns          477516 1c009056 00655e03 lhu              x28, 6(x10)         x28=0000007f x10:100027a4  PA:100027aa
27202307ns          477517 1c00905a 40a75713 srai             x14, x14, 0x40a     x14=fffffff4 x14:ffffd2d6
27202327ns          477518 1c00905c 806787db p.muls           x15, x15, x6        x15=fffff9c7 x15:0000ffe5  x6:0000003b
27202366ns          477520 1c009060 40a6d693 srai             x13, x13, 0x40a     x13=ffffffdb x13:ffff6fdc
27202406ns          477522 1c009062 8065865b p.muls           x12, x11, x6        x12=00001620 x11:00000060  x6:0000003b
27202426ns          477523 1c009066 40a7d793 srai             x15, x15, 0x40a     x15=fffffffe x15:fffff9c7
27202446ns          477524 1c009068 40a65613 srai             x12, x12, 0x40a     x12=00000005 x12:00001620
27202466ns          477525 1c00906a 01d70733 add              x14, x14, x29       x14=0000041b x14:fffffff4 x29:00000427
27202486ns          477526 1c00906c 01c686b3 add              x13, x13, x28       x13=0000005a x13:ffffffdb x28:0000007f
27202506ns          477527 1c00906e 00c686b3 add              x13, x13, x12       x13=0000005f x13:0000005a x12:00000005
27202525ns          477528 1c009070 00f70733 add              x14, x14, x15       x14=00000419 x14:0000041b x15:fffffffe
27202545ns          477529 1c009072 100747b3 p.exths          x15, x14, x0        x15=00000419 x14:00000419
27202565ns          477530 1c009076 1006c733 p.exths          x14, x13, x0        x14=0000005f x13:0000005f
27202585ns          477531 1c00907a 03170633 mul              x12, x14, x17       x12=ffff7419 x14:0000005f x17:fffffe87
27202605ns          477532 1c00907e 030786b3 mul              x13, x15, x16       x13=fffaa762 x15:00000419 x16:fffffeb2
27202625ns          477533 1c009082 03070733 mul              x14, x14, x16       x14=ffff840e x14:0000005f x16:fffffeb2
27202645ns          477534 1c009086 031787b3 mul              x15, x15, x17       x15=fff9f72f x15:00000419 x17:fffffe87
27202665ns          477535 1c00908a 40a6d693 srai             x13, x13, 0x40a     x13=fffffea9 x13:fffaa762
27202685ns          477536 1c00908c 40a65613 srai             x12, x12, 0x40a     x12=ffffffdd x12:ffff7419
27202704ns          477537 1c00908e 40a7d793 srai             x15, x15, 0x40a     x15=fffffe7d x15:fff9f72f
27202724ns          477538 1c009090 40a75713 srai             x14, x14, 0x40a     x14=ffffffe1 x14:ffff840e
27202744ns          477539 1c009092 40c686b3 sub              x13, x13, x12       x13=fffffecc x13:fffffea9 x12:ffffffdd
27202764ns          477540 1c009094 00e787b3 add              x15, x15, x14       x15=fffffe5e x15:fffffe7d x14:ffffffe1
27202784ns          477541 1c009096 00d51823 sh               x13, 16(x10)        x13:fffffecc x10:100027a4  PA:100027b4
27202804ns          477542 1c00909a 00f51923 sh               x15, 18(x10)        x15:fffffe5e x10:100027a4  PA:100027b6
27202824ns          477543 1c00909e 00008067 jalr             x0, x1, 0            x1:1c0093e8
27202943ns          477549 1c0093e8 2dc15583 lhu              x11, 732(x2)        x11=0000fecc  x2:100024d8  PA:100027b4
27203003ns          477552 1c0093ec 2de15783 lhu              x15, 734(x2)        x15=0000fe5e  x2:100024d8  PA:100027b6
27203023ns          477553 1c0093f0 40b90933 sub              x18, x18, x11       x18=fffeffbf x18:fffffe8b x11:0000fecc
27203043ns          477554 1c0093f4 40f484b3 sub              x9, x9, x15          x9=ffff0069  x9:fffffec7 x15:0000fe5e
27203062ns          477555 1c0093f6 100945b3 p.exths          x11, x18, x0        x11=ffffffbf x18:fffeffbf
27203082ns          477556 1c0093fa 1004c7b3 p.exths          x15, x9, x0         x15=00000069  x9:ffff0069
27203102ns          477557 1c0093fe 034586b3 mul              x13, x11, x20       x13=000054ce x11:ffffffbf x20:fffffeb2
27203122ns          477558 1c009402 03378533 mul              x10, x15, x19       x10=ffff655f x15:00000069 x19:fffffe87
27203142ns          477559 1c009406 034a0633 mul              x12, x20, x20       x12=0001b3c4 x20:fffffeb2 x20:fffffeb2
27203162ns          477560 1c00940a 03398733 mul              x14, x19, x19       x14=00022b31 x19:fffffe87 x19:fffffe87
27203182ns          477561 1c00940e 034787b3 mul              x15, x15, x20       x15=ffff7702 x15:00000069 x20:fffffeb2
27203202ns          477562 1c009412 033585b3 mul              x11, x11, x19       x11=00005fb9 x11:ffffffbf x19:fffffe87
27203222ns          477563 1c009416 40a75713 srai             x14, x14, 0x40a     x14=0000008a x14:00022b31
27203241ns          477564 1c009418 40a5d593 srai             x11, x11, 0x40a     x11=00000017 x11:00005fb9
27203261ns          477565 1c00941a 40a65613 srai             x12, x12, 0x40a     x12=0000006c x12:0001b3c4
27203281ns          477566 1c00941c 40a7d793 srai             x15, x15, 0x40a     x15=ffffffdd x15:ffff7702
27203301ns          477567 1c00941e 1c0034b7 lui              x9, 0x1c003000       x9=1c003000
27203321ns          477568 1c009422 00e60633 add              x12, x12, x14       x12=000000f6 x12:0000006c x14:0000008a
27203341ns          477569 1c009424 40b787b3 sub              x15, x15, x11       x15=ffffffc6 x15:ffffffdd x11:00000017
27203361ns          477570 1c009426 eb048493 addi             x9, x9, -336         x9=1c002eb0  x9:1c003000
27203381ns          477571 1c00942a 1c0032b7 lui              x5, 0x1c003000       x5=1c003000
27203401ns          477572 1c00942e 1c0035b7 lui              x11, 0x1c003000     x11=1c003000
27203420ns          477573 1c009432 018483b3 add              x7, x9, x24          x7=1c002eb8  x9:1c002eb0 x24:00000008
27203440ns          477574 1c009436 02812e83 lw               x29, 40(x2)         x29=1c002ec8  x2:100024d8  PA:10002500
27203460ns          477575 1c009438 10065633 p.exthz          x12, x12, x0        x12=000000f6 x12:000000f6
27203480ns          477576 1c00943c e8028293 addi             x5, x5, -384         x5=1c002e80  x5:1c003000
27203500ns          477577 1c009440 ea058593 addi             x11, x11, -352      x11=1c002ea0 x11:1c003000
27203520ns          477578 1c009444 03812483 lw               x9, 56(x2)           x9=1c002ee8  x2:100024d8  PA:10002510
27203540ns          477579 1c009446 10064733 p.exths          x14, x12, x0        x14=000000f6 x12:000000f6
27203560ns          477580 1c00944a 018280b3 add              x1, x5, x24          x1=1c002e88  x5:1c002e80 x24:00000008
27203580ns          477581 1c00944e 03012f03 lw               x30, 48(x2)         x30=1c002ed8  x2:100024d8  PA:10002508
27203599ns          477582 1c009450 018582b3 add              x5, x11, x24         x5=1c002ea8 x11:1c002ea0 x24:00000008
27203619ns          477583 1c009454 04012583 lw               x11, 64(x2)         x11=1c002ef8  x2:100024d8  PA:10002518
27203639ns          477584 1c009456 000edd83 lhu              x27, 0(x29)         x27=00001320 x29:1c002ec8  PA:1c002ec8
27203938ns          477599 1c00945a 0004d483 lhu              x9, 0(x9)            x9=00000101  x9:1c002ee8  PA:1c002ee8
27204236ns          477614 1c00945e 02e70333 mul              x6, x14, x14         x6=0000ec64 x14:000000f6 x14:000000f6
27204256ns          477615 1c009462 40a55513 srai             x10, x10, 0x40a     x10=ffffffd9 x10:ffff655f
27204276ns          477616 1c009464 04812e83 lw               x29, 72(x2)         x29=1c002f08  x2:100024d8  PA:10002520
27204296ns          477617 1c009466 40a6d693 srai             x13, x13, 0x40a     x13=00000015 x13:000054ce
27204315ns          477618 1c009468 000f5d03 lhu              x26, 0(x30)         x26=000003ed x30:1c002ed8  PA:1c002ed8
27204614ns          477633 1c00946c 0005d583 lhu              x11, 0(x11)         x11=00000049 x11:1c002ef8  PA:1c002ef8
27204972ns          477651 1c009470 40a35313 srai             x6, x6, 0x40a        x6=0000003b  x6:0000ec64
27204992ns          477652 1c009474 00a686b3 add              x13, x13, x10       x13=ffffffee x13:00000015 x10:ffffffd9
27205011ns          477653 1c009476 05012f03 lw               x30, 80(x2)         x30=1c002e78  x2:100024d8  PA:10002528
27205031ns          477654 1c009478 10034e33 p.exths          x28, x6, x0         x28=0000003b  x6:0000003b
27205051ns          477655 1c00947c 06911023 sh               x9, 96(x2)           x9:00000101  x2:100024d8  PA:10002538
27205071ns          477656 1c009480 000ede83 lhu              x29, 0(x29)         x29=00000016 x29:1c002f08  PA:1c002f08
27205449ns          477675 1c009484 05812483 lw               x9, 88(x2)           x9=1c002e68  x2:100024d8  PA:10002530
27205469ns          477676 1c009486 1006d6b3 p.exthz          x13, x13, x0        x13=0000ffee x13:ffffffee
27205489ns          477677 1c00948a 02ee08b3 mul              x17, x28, x14       x17=000038b2 x28:0000003b x14:000000f6
27205509ns          477678 1c00948e 1006c833 p.exths          x16, x13, x0        x16=ffffffee x13:0000ffee
27205529ns          477679 1c009492 06b11823 sh               x11, 112(x2)        x11:00000049  x2:100024d8  PA:10002548
27205548ns          477680 1c009496 000f5f03 lhu              x30, 0(x30)         x30=0000ff39 x30:1c002e78  PA:1c002e78
27205847ns          477695 1c00949a 0a012583 lw               x11, 160(x2)        x11=1c002e98  x2:100024d8  PA:10002578
27205867ns          477696 1c00949c 1007d7b3 p.exthz          x15, x15, x0        x15=0000ffc6 x15:ffffffc6
27205887ns          477697 1c0094a0 0004da03 lhu              x20, 0(x9)          x20=0000fbce  x9:1c002e68  PA:1c002e68
27206185ns          477712 1c0094a4 1007c533 p.exths          x10, x15, x0        x10=ffffffc6 x15:0000ffc6
27206205ns          477713 1c0094a8 09d11023 sh               x29, 128(x2)        x29:00000016  x2:100024d8  PA:10002558
27206225ns          477714 1c0094ac 0003d483 lhu              x9, 0(x7)            x9=0000ffdd  x7:1c002eb8  PA:1c002eb8
27206523ns          477729 1c0094b0 02e80eb3 mul              x29, x16, x14       x29=ffffeeb4 x16:ffffffee x14:000000f6
27206543ns          477730 1c0094b4 40a8d893 srai             x17, x17, 0x40a     x17=0000000e x17:000038b2
27206563ns          477731 1c0094b8 03c80833 mul              x16, x16, x28       x16=fffffbda x16:ffffffee x28:0000003b
27206583ns          477732 1c0094bc 09e11823 sh               x30, 144(x2)        x30:0000ff39  x2:100024d8  PA:10002568
27206603ns          477733 1c0094c0 0005d983 lhu              x19, 0(x11)         x19=0000ffbb x11:1c002e98  PA:1c002e98
27206901ns          477748 1c0094c4 81c88f5b p.muls           x30, x17, x28       x30=0000033a x17:0000000e x28:0000003b
27206921ns          477749 1c0094c8 0002d583 lhu              x11, 0(x5)          x11=0000ffa6  x5:1c002ea8  PA:1c002ea8
27207219ns          477764 1c0094cc 03ce0fb3 mul              x31, x28, x28       x31=00000d99 x28:0000003b x28:0000003b
27207239ns          477765 1c0094d0 02e50733 mul              x14, x10, x14       x14=ffffc844 x10:ffffffc6 x14:000000f6
27207259ns          477766 1c0094d4 40a85813 srai             x16, x16, 0x40a     x16=fffffffe x16:fffffbda
27207279ns          477767 1c0094d8 03c50533 mul              x10, x10, x28       x10=fffff2a2 x10:ffffffc6 x28:0000003b
27207299ns          477768 1c0094dc 07015e03 lhu              x28, 112(x2)        x28=00000049  x2:100024d8  PA:10002548
27207338ns          477770 1c0094e0 01b60633 add              x12, x12, x27       x12=00001416 x12:000000f6 x27:00001320
27207358ns          477771 1c0094e2 00980833 add              x16, x16, x9        x16=0000ffdb x16:fffffffe  x9:0000ffdd
27207378ns          477772 1c0094e4 06015d83 lhu              x27, 96(x2)         x27=00000101  x2:100024d8  PA:10002538
27207398ns          477773 1c0094e8 02812483 lw               x9, 40(x2)           x9=1c002ec8  x2:100024d8  PA:10002500
27207418ns          477774 1c0094ea 40afdf93 srai             x31, x31, 0x40a     x31=00000003 x31:00000d99
27207438ns          477775 1c0094ee 40a55513 srai             x10, x10, 0x40a     x10=fffffffc x10:fffff2a2
27207458ns          477776 1c0094f0 01cf8fb3 add              x31, x31, x28       x31=0000004c x31:00000003 x28:00000049
27207478ns          477777 1c0094f2 00b50533 add              x10, x10, x11       x10=0000ffa2 x10:fffffffc x11:0000ffa6
27207497ns          477778 1c0094f4 09015e03 lhu              x28, 144(x2)        x28=0000ff39  x2:100024d8  PA:10002568
27207517ns          477779 1c0094f8 03012583 lw               x11, 48(x2)         x11=1c002ed8  x2:100024d8  PA:10002508
27207537ns          477780 1c0094fa 00c49023 sh               x12, 0(x9)          x12:00001416  x9:1c002ec8  PA:1c002ec8
27207955ns          477801 1c0094fe 01b888b3 add              x17, x17, x27       x17=0000010f x17:0000000e x27:00000101
27207975ns          477802 1c009500 01a30333 add              x6, x6, x26          x6=00000428  x6:0000003b x26:000003ed
27207995ns          477803 1c009502 08015d83 lhu              x27, 128(x2)        x27=00000016  x2:100024d8  PA:10002558
27208034ns          477805 1c009506 0000d903 lhu              x18, 0(x1)          x18=0000fef6  x1:1c002e88  PA:1c002e88
27208333ns          477820 1c00950a 01c686b3 add              x13, x13, x28       x13=0001ff27 x13:0000ffee x28:0000ff39
27208353ns          477821 1c00950c 00659023 sh               x6, 0(x11)           x6:00000428 x11:1c002ed8  PA:1c002ed8
27208671ns          477837 1c009510 40af5f13 srai             x30, x30, 0x40a     x30=00000000 x30:0000033a
27208691ns          477838 1c009514 04812e03 lw               x28, 72(x2)         x28=1c002f08  x2:100024d8  PA:10002520
27208711ns          477839 1c009516 01bf0f33 add              x30, x30, x27       x30=00000016 x30:00000000 x27:00000016
27208731ns          477840 1c009518 40aede93 srai             x29, x29, 0x40a     x29=fffffffb x29:ffffeeb4
27208750ns          477841 1c00951c 40a75713 srai             x14, x14, 0x40a     x14=fffffff2 x14:ffffc844
27208770ns          477842 1c00951e 03812603 lw               x12, 56(x2)         x12=1c002ee8  x2:100024d8  PA:10002510
27208790ns          477843 1c009520 04012d83 lw               x27, 64(x2)         x27=1c002ef8  x2:100024d8  PA:10002518
27208810ns          477844 1c009522 01ee1023 sh               x30, 0(x28)         x30:00000016 x28:1c002f08  PA:1c002f08
27209148ns          477861 1c009526 05812483 lw               x9, 88(x2)           x9=1c002e68  x2:100024d8  PA:10002530
27209168ns          477862 1c009528 05012f03 lw               x30, 80(x2)         x30=1c002e78  x2:100024d8  PA:10002528
27209188ns          477863 1c00952a 0a012583 lw               x11, 160(x2)        x11=1c002e98  x2:100024d8  PA:10002578
27209208ns          477864 1c00952c 014787b3 add              x15, x15, x20       x15=0001fb94 x15:0000ffc6 x20:0000fbce
27209228ns          477865 1c00952e 013e8eb3 add              x29, x29, x19       x29=0000ffb6 x29:fffffffb x19:0000ffbb
27209248ns          477866 1c009530 01270733 add              x14, x14, x18       x14=0000fee8 x14:fffffff2 x18:0000fef6
27209268ns          477867 1c009532 00f49023 sh               x15, 0(x9)          x15:0001fb94  x9:1c002e68  PA:1c002e68
27209586ns          477883 1c009536 01161023 sh               x17, 0(x12)         x17:0000010f x12:1c002ee8  PA:1c002ee8
27209904ns          477899 1c00953a 01fd9023 sh               x31, 0(x27)         x31:0000004c x27:1c002ef8  PA:1c002ef8
27210222ns          477915 1c00953e 00df1023 sh               x13, 0(x30)         x13:0001ff27 x30:1c002e78  PA:1c002e78
27210540ns          477931 1c009542 01d59023 sh               x29, 0(x11)         x29:0000ffb6 x11:1c002e98  PA:1c002e98
27210938ns          477951 1c009546 00e09023 sh               x14, 0(x1)          x14:0000fee8  x1:1c002e88  PA:1c002e88
27211256ns          477967 1c00954a 01039023 sh               x16, 0(x7)          x16:0000ffdb  x7:1c002eb8  PA:1c002eb8
27211575ns          477983 1c00954e 00a29023 sh               x10, 0(x5)          x10:0000ffa2  x5:1c002ea8  PA:1c002ea8
27211913ns          478000 1c009552 008b0b13 addi             x22, x22, 8         x22=00000154 x22:0000014c
27211933ns          478001 1c009554 1f300793 addi             x15, x0, 499        x15=000001f3
27211952ns          478002 1c009558 e767dae3 bge              x15, x22, -396      x15:000001f3 x22:00000154
27212012ns          478005 1c0093cc 010c9a0b p.lh             x20, 16(x25!)       x20=ffffff8b x25=1c002940 x25:1c002930  PA:1c002930
27212350ns          478022 1c0093d0 0104198b p.lh             x19, 16(x8!)        x19=ffffffca  x8=1c002108  x8:1c0020f8  PA:1c0020f8
27212688ns          478039 1c0093d4 2cc10513 addi             x10, x2, 716        x10=100027a4  x2:100024d8
27212708ns          478040 1c0093d6 010a990b p.lh             x18, 16(x21!)       x18=ffffff88 x21=1c001934 x21:1c001924  PA:1c001924
27213006ns          478055 1c0093da 010b948b p.lh             x9, 16(x23!)         x9=ffffffcd x23=1c001164 x23:1c001154  PA:1c001154
27213325ns          478071 1c0093de 2d411623 sh               x20, 716(x2)        x20:ffffff8b  x2:100024d8  PA:100027a4
27213345ns          478072 1c0093e2 2d311723 sh               x19, 718(x2)        x19:ffffffca  x2:100024d8  PA:100027a6
27213364ns          478073 1c0093e6 c33ff0ef jal              x1, -974             x1=1c0093e8
27213444ns          478077 1c009018 00051803 lh               x16, 0(x10)         x16=ffffff8b x10:100027a4  PA:100027a4
27213484ns          478079 1c00901c 00251883 lh               x17, 2(x10)         x17=ffffffca x10:100027a4  PA:100027a6
27213504ns          478080 1c009020 030806b3 mul              x13, x16, x16       x13=00003579 x16:ffffff8b x16:ffffff8b
27213524ns          478081 1c009024 03188633 mul              x12, x17, x17       x12=00000b64 x17:ffffffca x17:ffffffca
27213543ns          478082 1c009028 40a65613 srai             x12, x12, 0x40a     x12=00000002 x12:00000b64
27213563ns          478083 1c00902a 40a6d693 srai             x13, x13, 0x40a     x13=0000000d x13:00003579
27213583ns          478084 1c00902c 00c686b3 add              x13, x13, x12       x13=0000000f x13:0000000d x12:00000002
27213603ns          478085 1c00902e 1006c633 p.exths          x12, x13, x0        x12=0000000f x13:0000000f
27213623ns          478086 1c009032 00855703 lhu              x14, 8(x10)         x14=0000ffd1 x10:100027a4  PA:100027ac
27213643ns          478087 1c009036 00a55683 lhu              x13, 10(x10)        x13=0000ff6a x10:100027a4  PA:100027ae
27213663ns          478088 1c00903a 02c60333 mul              x6, x12, x12         x6=000000e1 x12:0000000f x12:0000000f
27213703ns          478090 1c00903e 00c55783 lhu              x15, 12(x10)        x15=0000ffe5 x10:100027a4  PA:100027b0
27213742ns          478092 1c009042 00e55583 lhu              x11, 14(x10)        x11=00000060 x10:100027a4  PA:100027b2
27213762ns          478093 1c009046 dea30333 p.extract        x6, x6, 15, 10       x6=00000000  x6:000000e1
27213782ns          478094 1c00904a 80c7075b p.muls           x14, x14, x12       x14=fffffd3f x14:0000ffd1 x12:0000000f
27213842ns          478097 1c00904e 80c686db p.muls           x13, x13, x12       x13=fffff736 x13:0000ff6a x12:0000000f
27213882ns          478099 1c009052 00455e83 lhu              x29, 4(x10)         x29=00000427 x10:100027a4  PA:100027a8
27213901ns          478100 1c009056 00655e03 lhu              x28, 6(x10)         x28=0000007f x10:100027a4  PA:100027aa
27213921ns          478101 1c00905a 40a75713 srai             x14, x14, 0x40a     x14=ffffffff x14:fffffd3f
27213941ns          478102 1c00905c 806787db p.muls           x15, x15, x6        x15=00000000 x15:0000ffe5  x6:00000000
27213961ns          478103 1c009060 40a6d693 srai             x13, x13, 0x40a     x13=fffffffd x13:fffff736
27213981ns          478104 1c009062 8065865b p.muls           x12, x11, x6        x12=00000000 x11:00000060  x6:00000000
27214001ns          478105 1c009066 40a7d793 srai             x15, x15, 0x40a     x15=00000000 x15:00000000
27214021ns          478106 1c009068 40a65613 srai             x12, x12, 0x40a     x12=00000000 x12:00000000
27214041ns          478107 1c00906a 01d70733 add              x14, x14, x29       x14=00000426 x14:ffffffff x29:00000427
27214061ns          478108 1c00906c 01c686b3 add              x13, x13, x28       x13=0000007c x13:fffffffd x28:0000007f
27214080ns          478109 1c00906e 00c686b3 add              x13, x13, x12       x13=0000007c x13:0000007c x12:00000000
27214100ns          478110 1c009070 00f70733 add              x14, x14, x15       x14=00000426 x14:00000426 x15:00000000
27214120ns          478111 1c009072 100747b3 p.exths          x15, x14, x0        x15=00000426 x14:00000426
27214140ns          478112 1c009076 1006c733 p.exths          x14, x13, x0        x14=0000007c x13:0000007c
27214160ns          478113 1c00907a 03170633 mul              x12, x14, x17       x12=ffffe5d8 x14:0000007c x17:ffffffca
27214180ns          478114 1c00907e 030786b3 mul              x13, x15, x16       x13=fffe1aa2 x15:00000426 x16:ffffff8b
27214200ns          478115 1c009082 03070733 mul              x14, x14, x16       x14=ffffc754 x14:0000007c x16:ffffff8b
27214220ns          478116 1c009086 031787b3 mul              x15, x15, x17       x15=ffff1ffc x15:00000426 x17:ffffffca
27214240ns          478117 1c00908a 40a6d693 srai             x13, x13, 0x40a     x13=ffffff86 x13:fffe1aa2
27214259ns          478118 1c00908c 40a65613 srai             x12, x12, 0x40a     x12=fffffff9 x12:ffffe5d8
27214279ns          478119 1c00908e 40a7d793 srai             x15, x15, 0x40a     x15=ffffffc7 x15:ffff1ffc
27214299ns          478120 1c009090 40a75713 srai             x14, x14, 0x40a     x14=fffffff1 x14:ffffc754
27214319ns          478121 1c009092 40c686b3 sub              x13, x13, x12       x13=ffffff8d x13:ffffff86 x12:fffffff9
27214339ns          478122 1c009094 00e787b3 add              x15, x15, x14       x15=ffffffb8 x15:ffffffc7 x14:fffffff1
27214359ns          478123 1c009096 00d51823 sh               x13, 16(x10)        x13:ffffff8d x10:100027a4  PA:100027b4
27214379ns          478124 1c00909a 00f51923 sh               x15, 18(x10)        x15:ffffffb8 x10:100027a4  PA:100027b6
27214399ns          478125 1c00909e 00008067 jalr             x0, x1, 0            x1:1c0093e8
27214438ns          478127 1c0093e8 2dc15583 lhu              x11, 732(x2)        x11=0000ff8d  x2:100024d8  PA:100027b4
27214458ns          478128 1c0093ec 2de15783 lhu              x15, 734(x2)        x15=0000ffb8  x2:100024d8  PA:100027b6
27214478ns          478129 1c0093f0 40b90933 sub              x18, x18, x11       x18=fffefffb x18:ffffff88 x11:0000ff8d
27214498ns          478130 1c0093f4 40f484b3 sub              x9, x9, x15          x9=ffff0015  x9:ffffffcd x15:0000ffb8
27214518ns          478131 1c0093f6 100945b3 p.exths          x11, x18, x0        x11=fffffffb x18:fffefffb
27214538ns          478132 1c0093fa 1004c7b3 p.exths          x15, x9, x0         x15=00000015  x9:ffff0015
27214558ns          478133 1c0093fe 034586b3 mul              x13, x11, x20       x13=00000249 x11:fffffffb x20:ffffff8b
27214578ns          478134 1c009402 03378533 mul              x10, x15, x19       x10=fffffb92 x15:00000015 x19:ffffffca
27214598ns          478135 1c009406 034a0633 mul              x12, x20, x20       x12=00003579 x20:ffffff8b x20:ffffff8b
27214617ns          478136 1c00940a 03398733 mul              x14, x19, x19       x14=00000b64 x19:ffffffca x19:ffffffca
27214637ns          478137 1c00940e 034787b3 mul              x15, x15, x20       x15=fffff667 x15:00000015 x20:ffffff8b
27214657ns          478138 1c009412 033585b3 mul              x11, x11, x19       x11=0000010e x11:fffffffb x19:ffffffca
27214677ns          478139 1c009416 40a75713 srai             x14, x14, 0x40a     x14=00000002 x14:00000b64
27214697ns          478140 1c009418 40a5d593 srai             x11, x11, 0x40a     x11=00000000 x11:0000010e
27214717ns          478141 1c00941a 40a65613 srai             x12, x12, 0x40a     x12=0000000d x12:00003579
27214737ns          478142 1c00941c 40a7d793 srai             x15, x15, 0x40a     x15=fffffffd x15:fffff667
27214757ns          478143 1c00941e 1c0034b7 lui              x9, 0x1c003000       x9=1c003000
27214776ns          478144 1c009422 00e60633 add              x12, x12, x14       x12=0000000f x12:0000000d x14:00000002
27214796ns          478145 1c009424 40b787b3 sub              x15, x15, x11       x15=fffffffd x15:fffffffd x11:00000000
27214816ns          478146 1c009426 eb048493 addi             x9, x9, -336         x9=1c002eb0  x9:1c003000
27214836ns          478147 1c00942a 1c0032b7 lui              x5, 0x1c003000       x5=1c003000
27214856ns          478148 1c00942e 1c0035b7 lui              x11, 0x1c003000     x11=1c003000
27214876ns          478149 1c009432 018483b3 add              x7, x9, x24          x7=1c002eb8  x9:1c002eb0 x24:00000008
27214896ns          478150 1c009436 02812e83 lw               x29, 40(x2)         x29=1c002ec8  x2:100024d8  PA:10002500
27214916ns          478151 1c009438 10065633 p.exthz          x12, x12, x0        x12=0000000f x12:0000000f
27214936ns          478152 1c00943c e8028293 addi             x5, x5, -384         x5=1c002e80  x5:1c003000
27214955ns          478153 1c009440 ea058593 addi             x11, x11, -352      x11=1c002ea0 x11:1c003000
27214975ns          478154 1c009444 03812483 lw               x9, 56(x2)           x9=1c002ee8  x2:100024d8  PA:10002510
27214995ns          478155 1c009446 10064733 p.exths          x14, x12, x0        x14=0000000f x12:0000000f
27215015ns          478156 1c00944a 018280b3 add              x1, x5, x24          x1=1c002e88  x5:1c002e80 x24:00000008
27215035ns          478157 1c00944e 03012f03 lw               x30, 48(x2)         x30=1c002ed8  x2:100024d8  PA:10002508
27215055ns          478158 1c009450 018582b3 add              x5, x11, x24         x5=1c002ea8 x11:1c002ea0 x24:00000008
27215075ns          478159 1c009454 04012583 lw               x11, 64(x2)         x11=1c002ef8  x2:100024d8  PA:10002518
27215095ns          478160 1c009456 000edd83 lhu              x27, 0(x29)         x27=00001416 x29:1c002ec8  PA:1c002ec8
27215393ns          478175 1c00945a 0004d483 lhu              x9, 0(x9)            x9=0000010f  x9:1c002ee8  PA:1c002ee8
27215751ns          478193 1c00945e 02e70333 mul              x6, x14, x14         x6=000000e1 x14:0000000f x14:0000000f
27215771ns          478194 1c009462 40a55513 srai             x10, x10, 0x40a     x10=fffffffe x10:fffffb92
27215791ns          478195 1c009464 04812e83 lw               x29, 72(x2)         x29=1c002f08  x2:100024d8  PA:10002520
27215811ns          478196 1c009466 40a6d693 srai             x13, x13, 0x40a     x13=00000000 x13:00000249
27215831ns          478197 1c009468 000f5d03 lhu              x26, 0(x30)         x26=00000428 x30:1c002ed8  PA:1c002ed8
27216129ns          478212 1c00946c 0005d583 lhu              x11, 0(x11)         x11=0000004c x11:1c002ef8  PA:1c002ef8
27216487ns          478230 1c009470 40a35313 srai             x6, x6, 0x40a        x6=00000000  x6:000000e1
27216507ns          478231 1c009474 00a686b3 add              x13, x13, x10       x13=fffffffe x13:00000000 x10:fffffffe
27216527ns          478232 1c009476 05012f03 lw               x30, 80(x2)         x30=1c002e78  x2:100024d8  PA:10002528
27216547ns          478233 1c009478 10034e33 p.exths          x28, x6, x0         x28=00000000  x6:00000000
27216566ns          478234 1c00947c 06911023 sh               x9, 96(x2)           x9:0000010f  x2:100024d8  PA:10002538
27216586ns          478235 1c009480 000ede83 lhu              x29, 0(x29)         x29=00000016 x29:1c002f08  PA:1c002f08
27216885ns          478250 1c009484 05812483 lw               x9, 88(x2)           x9=1c002e68  x2:100024d8  PA:10002530
27216905ns          478251 1c009486 1006d6b3 p.exthz          x13, x13, x0        x13=0000fffe x13:fffffffe
27216924ns          478252 1c00948a 02ee08b3 mul              x17, x28, x14       x17=00000000 x28:00000000 x14:0000000f
27216944ns          478253 1c00948e 1006c833 p.exths          x16, x13, x0        x16=fffffffe x13:0000fffe
27216964ns          478254 1c009492 06b11823 sh               x11, 112(x2)        x11:0000004c  x2:100024d8  PA:10002548
27216984ns          478255 1c009496 000f5f03 lhu              x30, 0(x30)         x30=0000ff27 x30:1c002e78  PA:1c002e78
27217362ns          478274 1c00949a 0a012583 lw               x11, 160(x2)        x11=1c002e98  x2:100024d8  PA:10002578
27217382ns          478275 1c00949c 1007d7b3 p.exthz          x15, x15, x0        x15=0000fffd x15:fffffffd
27217402ns          478276 1c0094a0 0004da03 lhu              x20, 0(x9)          x20=0000fb94  x9:1c002e68  PA:1c002e68
27217720ns          478292 1c0094a4 1007c533 p.exths          x10, x15, x0        x10=fffffffd x15:0000fffd
27217740ns          478293 1c0094a8 09d11023 sh               x29, 128(x2)        x29:00000016  x2:100024d8  PA:10002558
27217760ns          478294 1c0094ac 0003d483 lhu              x9, 0(x7)            x9=0000ffdb  x7:1c002eb8  PA:1c002eb8
27218078ns          478310 1c0094b0 02e80eb3 mul              x29, x16, x14       x29=ffffffe2 x16:fffffffe x14:0000000f
27218098ns          478311 1c0094b4 40a8d893 srai             x17, x17, 0x40a     x17=00000000 x17:00000000
27218118ns          478312 1c0094b8 03c80833 mul              x16, x16, x28       x16=00000000 x16:fffffffe x28:00000000
27218138ns          478313 1c0094bc 09e11823 sh               x30, 144(x2)        x30:0000ff27  x2:100024d8  PA:10002568
27218157ns          478314 1c0094c0 0005d983 lhu              x19, 0(x11)         x19=0000ffb6 x11:1c002e98  PA:1c002e98
27218456ns          478329 1c0094c4 81c88f5b p.muls           x30, x17, x28       x30=00000000 x17:00000000 x28:00000000
27218476ns          478330 1c0094c8 0002d583 lhu              x11, 0(x5)          x11=0000ffa2  x5:1c002ea8  PA:1c002ea8
27218774ns          478345 1c0094cc 03ce0fb3 mul              x31, x28, x28       x31=00000000 x28:00000000 x28:00000000
27218794ns          478346 1c0094d0 02e50733 mul              x14, x10, x14       x14=ffffffd3 x10:fffffffd x14:0000000f
27218814ns          478347 1c0094d4 40a85813 srai             x16, x16, 0x40a     x16=00000000 x16:00000000
27218834ns          478348 1c0094d8 03c50533 mul              x10, x10, x28       x10=00000000 x10:fffffffd x28:00000000
27218854ns          478349 1c0094dc 07015e03 lhu              x28, 112(x2)        x28=0000004c  x2:100024d8  PA:10002548
27218873ns          478350 1c0094e0 01b60633 add              x12, x12, x27       x12=00001425 x12:0000000f x27:00001416
27218893ns          478351 1c0094e2 00980833 add              x16, x16, x9        x16=0000ffdb x16:00000000  x9:0000ffdb
27218913ns          478352 1c0094e4 06015d83 lhu              x27, 96(x2)         x27=0000010f  x2:100024d8  PA:10002538
27218933ns          478353 1c0094e8 02812483 lw               x9, 40(x2)           x9=1c002ec8  x2:100024d8  PA:10002500
27218953ns          478354 1c0094ea 40afdf93 srai             x31, x31, 0x40a     x31=00000000 x31:00000000
27218973ns          478355 1c0094ee 40a55513 srai             x10, x10, 0x40a     x10=00000000 x10:00000000
27218993ns          478356 1c0094f0 01cf8fb3 add              x31, x31, x28       x31=0000004c x31:00000000 x28:0000004c
27219013ns          478357 1c0094f2 00b50533 add              x10, x10, x11       x10=0000ffa2 x10:00000000 x11:0000ffa2
27219033ns          478358 1c0094f4 09015e03 lhu              x28, 144(x2)        x28=0000ff27  x2:100024d8  PA:10002568
27219052ns          478359 1c0094f8 03012583 lw               x11, 48(x2)         x11=1c002ed8  x2:100024d8  PA:10002508
27219072ns          478360 1c0094fa 00c49023 sh               x12, 0(x9)          x12:00001425  x9:1c002ec8  PA:1c002ec8
27219391ns          478376 1c0094fe 01b888b3 add              x17, x17, x27       x17=0000010f x17:00000000 x27:0000010f
27219410ns          478377 1c009500 01a30333 add              x6, x6, x26          x6=00000428  x6:00000000 x26:00000428
27219430ns          478378 1c009502 08015d83 lhu              x27, 128(x2)        x27=00000016  x2:100024d8  PA:10002558
27219450ns          478379 1c009506 0000d903 lhu              x18, 0(x1)          x18=0000fee8  x1:1c002e88  PA:1c002e88
27219748ns          478394 1c00950a 01c686b3 add              x13, x13, x28       x13=0001ff25 x13:0000fffe x28:0000ff27
27219768ns          478395 1c00950c 00659023 sh               x6, 0(x11)           x6:00000428 x11:1c002ed8  PA:1c002ed8
27220126ns          478413 1c009510 40af5f13 srai             x30, x30, 0x40a     x30=00000000 x30:00000000
27220146ns          478414 1c009514 04812e03 lw               x28, 72(x2)         x28=1c002f08  x2:100024d8  PA:10002520
27220166ns          478415 1c009516 01bf0f33 add              x30, x30, x27       x30=00000016 x30:00000000 x27:00000016
27220186ns          478416 1c009518 40aede93 srai             x29, x29, 0x40a     x29=ffffffff x29:ffffffe2
27220206ns          478417 1c00951c 40a75713 srai             x14, x14, 0x40a     x14=ffffffff x14:ffffffd3
27220226ns          478418 1c00951e 03812603 lw               x12, 56(x2)         x12=1c002ee8  x2:100024d8  PA:10002510
27220246ns          478419 1c009520 04012d83 lw               x27, 64(x2)         x27=1c002ef8  x2:100024d8  PA:10002518
27220266ns          478420 1c009522 01ee1023 sh               x30, 0(x28)         x30:00000016 x28:1c002f08  PA:1c002f08
27220624ns          478438 1c009526 05812483 lw               x9, 88(x2)           x9=1c002e68  x2:100024d8  PA:10002530
27220643ns          478439 1c009528 05012f03 lw               x30, 80(x2)         x30=1c002e78  x2:100024d8  PA:10002528
27220663ns          478440 1c00952a 0a012583 lw               x11, 160(x2)        x11=1c002e98  x2:100024d8  PA:10002578
27220683ns          478441 1c00952c 014787b3 add              x15, x15, x20       x15=0001fb91 x15:0000fffd x20:0000fb94
27220703ns          478442 1c00952e 013e8eb3 add              x29, x29, x19       x29=0000ffb5 x29:ffffffff x19:0000ffb6
27220723ns          478443 1c009530 01270733 add              x14, x14, x18       x14=0000fee7 x14:ffffffff x18:0000fee8
27220743ns          478444 1c009532 00f49023 sh               x15, 0(x9)          x15:0001fb91  x9:1c002e68  PA:1c002e68
27221061ns          478460 1c009536 01161023 sh               x17, 0(x12)         x17:0000010f x12:1c002ee8  PA:1c002ee8
27221379ns          478476 1c00953a 01fd9023 sh               x31, 0(x27)         x31:0000004c x27:1c002ef8  PA:1c002ef8
27221698ns          478492 1c00953e 00df1023 sh               x13, 0(x30)         x13:0001ff25 x30:1c002e78  PA:1c002e78
27222075ns          478511 1c009542 01d59023 sh               x29, 0(x11)         x29:0000ffb5 x11:1c002e98  PA:1c002e98
27222394ns          478527 1c009546 00e09023 sh               x14, 0(x1)          x14:0000fee7  x1:1c002e88  PA:1c002e88
27222712ns          478543 1c00954a 01039023 sh               x16, 0(x7)          x16:0000ffdb  x7:1c002eb8  PA:1c002eb8
27223030ns          478559 1c00954e 00a29023 sh               x10, 0(x5)          x10:0000ffa2  x5:1c002ea8  PA:1c002ea8
27223348ns          478575 1c009552 008b0b13 addi             x22, x22, 8         x22=0000015c x22:00000154
27223368ns          478576 1c009554 1f300793 addi             x15, x0, 499        x15=000001f3
27223388ns          478577 1c009558 e767dae3 bge              x15, x22, -396      x15:000001f3 x22:0000015c
27223487ns          478582 1c0093cc 010c9a0b p.lh             x20, 16(x25!)       x20=ffffff67 x25=1c002950 x25:1c002940  PA:1c002940
27223865ns          478601 1c0093d0 0104198b p.lh             x19, 16(x8!)        x19=fffffeda  x8=1c002118  x8:1c002108  PA:1c002108
27224164ns          478616 1c0093d4 2cc10513 addi             x10, x2, 716        x10=100027a4  x2:100024d8
27224184ns          478617 1c0093d6 010a990b p.lh             x18, 16(x21!)       x18=ffffff59 x21=1c001944 x21:1c001934  PA:1c001934
27224482ns          478632 1c0093da 010b948b p.lh             x9, 16(x23!)         x9=fffffee6 x23=1c001174 x23:1c001164  PA:1c001164
27224780ns          478647 1c0093de 2d411623 sh               x20, 716(x2)        x20:ffffff67  x2:100024d8  PA:100027a4
27224820ns          478649 1c0093e2 2d311723 sh               x19, 718(x2)        x19:fffffeda  x2:100024d8  PA:100027a6
27224840ns          478650 1c0093e6 c33ff0ef jal              x1, -974             x1=1c0093e8
27224919ns          478654 1c009018 00051803 lh               x16, 0(x10)         x16=ffffff67 x10:100027a4  PA:100027a4
27224999ns          478658 1c00901c 00251883 lh               x17, 2(x10)         x17=fffffeda x10:100027a4  PA:100027a6
27225019ns          478659 1c009020 030806b3 mul              x13, x16, x16       x13=00005b71 x16:ffffff67 x16:ffffff67
27225059ns          478661 1c009024 03188633 mul              x12, x17, x17       x12=000151a4 x17:fffffeda x17:fffffeda
27225078ns          478662 1c009028 40a65613 srai             x12, x12, 0x40a     x12=00000054 x12:000151a4
27225098ns          478663 1c00902a 40a6d693 srai             x13, x13, 0x40a     x13=00000016 x13:00005b71
27225118ns          478664 1c00902c 00c686b3 add              x13, x13, x12       x13=0000006a x13:00000016 x12:00000054
27225138ns          478665 1c00902e 1006c633 p.exths          x12, x13, x0        x12=0000006a x13:0000006a
27225158ns          478666 1c009032 00855703 lhu              x14, 8(x10)         x14=0000ffd1 x10:100027a4  PA:100027ac
27225178ns          478667 1c009036 00a55683 lhu              x13, 10(x10)        x13=0000ff6a x10:100027a4  PA:100027ae
27225198ns          478668 1c00903a 02c60333 mul              x6, x12, x12         x6=00002be4 x12:0000006a x12:0000006a
27225238ns          478670 1c00903e 00c55783 lhu              x15, 12(x10)        x15=0000ffe5 x10:100027a4  PA:100027b0
27225277ns          478672 1c009042 00e55583 lhu              x11, 14(x10)        x11=00000060 x10:100027a4  PA:100027b2
27225297ns          478673 1c009046 dea30333 p.extract        x6, x6, 15, 10       x6=0000000a  x6:00002be4
27225317ns          478674 1c00904a 80c7075b p.muls           x14, x14, x12       x14=ffffec8a x14:0000ffd1 x12:0000006a
27225377ns          478677 1c00904e 80c686db p.muls           x13, x13, x12       x13=ffffc1e4 x13:0000ff6a x12:0000006a
27225417ns          478679 1c009052 00455e83 lhu              x29, 4(x10)         x29=00000427 x10:100027a4  PA:100027a8
27225436ns          478680 1c009056 00655e03 lhu              x28, 6(x10)         x28=0000007f x10:100027a4  PA:100027aa
27225456ns          478681 1c00905a 40a75713 srai             x14, x14, 0x40a     x14=fffffffb x14:ffffec8a
27225476ns          478682 1c00905c 806787db p.muls           x15, x15, x6        x15=fffffef2 x15:0000ffe5  x6:0000000a
27225496ns          478683 1c009060 40a6d693 srai             x13, x13, 0x40a     x13=fffffff0 x13:ffffc1e4
27225516ns          478684 1c009062 8065865b p.muls           x12, x11, x6        x12=000003c0 x11:00000060  x6:0000000a
27225536ns          478685 1c009066 40a7d793 srai             x15, x15, 0x40a     x15=ffffffff x15:fffffef2
27225556ns          478686 1c009068 40a65613 srai             x12, x12, 0x40a     x12=00000000 x12:000003c0
27225576ns          478687 1c00906a 01d70733 add              x14, x14, x29       x14=00000422 x14:fffffffb x29:00000427
27225596ns          478688 1c00906c 01c686b3 add              x13, x13, x28       x13=0000006f x13:fffffff0 x28:0000007f
27225615ns          478689 1c00906e 00c686b3 add              x13, x13, x12       x13=0000006f x13:0000006f x12:00000000
27225635ns          478690 1c009070 00f70733 add              x14, x14, x15       x14=00000421 x14:00000422 x15:ffffffff
27225655ns          478691 1c009072 100747b3 p.exths          x15, x14, x0        x15=00000421 x14:00000421
27225675ns          478692 1c009076 1006c733 p.exths          x14, x13, x0        x14=0000006f x13:0000006f
27225695ns          478693 1c00907a 03170633 mul              x12, x14, x17       x12=ffff8086 x14:0000006f x17:fffffeda
27225715ns          478694 1c00907e 030786b3 mul              x13, x15, x16       x13=fffd8847 x15:00000421 x16:ffffff67
27225735ns          478695 1c009082 03070733 mul              x14, x14, x16       x14=ffffbda9 x14:0000006f x16:ffffff67
27225755ns          478696 1c009086 031787b3 mul              x15, x15, x17       x15=fffb421a x15:00000421 x17:fffffeda
27225775ns          478697 1c00908a 40a6d693 srai             x13, x13, 0x40a     x13=ffffff62 x13:fffd8847
27225794ns          478698 1c00908c 40a65613 srai             x12, x12, 0x40a     x12=ffffffe0 x12:ffff8086
27225814ns          478699 1c00908e 40a7d793 srai             x15, x15, 0x40a     x15=fffffed0 x15:fffb421a
27225834ns          478700 1c009090 40a75713 srai             x14, x14, 0x40a     x14=ffffffef x14:ffffbda9
27225854ns          478701 1c009092 40c686b3 sub              x13, x13, x12       x13=ffffff82 x13:ffffff62 x12:ffffffe0
27225874ns          478702 1c009094 00e787b3 add              x15, x15, x14       x15=fffffebf x15:fffffed0 x14:ffffffef
27225894ns          478703 1c009096 00d51823 sh               x13, 16(x10)        x13:ffffff82 x10:100027a4  PA:100027b4
27225914ns          478704 1c00909a 00f51923 sh               x15, 18(x10)        x15:fffffebf x10:100027a4  PA:100027b6
27225934ns          478705 1c00909e 00008067 jalr             x0, x1, 0            x1:1c0093e8
27225973ns          478707 1c0093e8 2dc15583 lhu              x11, 732(x2)        x11=0000ff82  x2:100024d8  PA:100027b4
27226013ns          478709 1c0093ec 2de15783 lhu              x15, 734(x2)        x15=0000febf  x2:100024d8  PA:100027b6
27226033ns          478710 1c0093f0 40b90933 sub              x18, x18, x11       x18=fffeffd7 x18:ffffff59 x11:0000ff82
27226053ns          478711 1c0093f4 40f484b3 sub              x9, x9, x15          x9=ffff0027  x9:fffffee6 x15:0000febf
27226073ns          478712 1c0093f6 100945b3 p.exths          x11, x18, x0        x11=ffffffd7 x18:fffeffd7
27226093ns          478713 1c0093fa 1004c7b3 p.exths          x15, x9, x0         x15=00000027  x9:ffff0027
27226113ns          478714 1c0093fe 034586b3 mul              x13, x11, x20       x13=00001881 x11:ffffffd7 x20:ffffff67
27226133ns          478715 1c009402 03378533 mul              x10, x15, x19       x10=ffffd336 x15:00000027 x19:fffffeda
27226152ns          478716 1c009406 034a0633 mul              x12, x20, x20       x12=00005b71 x20:ffffff67 x20:ffffff67
27226172ns          478717 1c00940a 03398733 mul              x14, x19, x19       x14=000151a4 x19:fffffeda x19:fffffeda
27226212ns          478719 1c00940e 034787b3 mul              x15, x15, x20       x15=ffffe8b1 x15:00000027 x20:ffffff67
27226252ns          478721 1c009412 033585b3 mul              x11, x11, x19       x11=00002f16 x11:ffffffd7 x19:fffffeda
27226272ns          478722 1c009416 40a75713 srai             x14, x14, 0x40a     x14=00000054 x14:000151a4
27226292ns          478723 1c009418 40a5d593 srai             x11, x11, 0x40a     x11=0000000b x11:00002f16
27226312ns          478724 1c00941a 40a65613 srai             x12, x12, 0x40a     x12=00000016 x12:00005b71
27226331ns          478725 1c00941c 40a7d793 srai             x15, x15, 0x40a     x15=fffffffa x15:ffffe8b1
27226351ns          478726 1c00941e 1c0034b7 lui              x9, 0x1c003000       x9=1c003000
27226371ns          478727 1c009422 00e60633 add              x12, x12, x14       x12=0000006a x12:00000016 x14:00000054
27226391ns          478728 1c009424 40b787b3 sub              x15, x15, x11       x15=ffffffef x15:fffffffa x11:0000000b
27226411ns          478729 1c009426 eb048493 addi             x9, x9, -336         x9=1c002eb0  x9:1c003000
27226431ns          478730 1c00942a 1c0032b7 lui              x5, 0x1c003000       x5=1c003000
27226451ns          478731 1c00942e 1c0035b7 lui              x11, 0x1c003000     x11=1c003000
27226471ns          478732 1c009432 018483b3 add              x7, x9, x24          x7=1c002eb8  x9:1c002eb0 x24:00000008
27226491ns          478733 1c009436 02812e83 lw               x29, 40(x2)         x29=1c002ec8  x2:100024d8  PA:10002500
27226510ns          478734 1c009438 10065633 p.exthz          x12, x12, x0        x12=0000006a x12:0000006a
27226530ns          478735 1c00943c e8028293 addi             x5, x5, -384         x5=1c002e80  x5:1c003000
27226550ns          478736 1c009440 ea058593 addi             x11, x11, -352      x11=1c002ea0 x11:1c003000
27226570ns          478737 1c009444 03812483 lw               x9, 56(x2)           x9=1c002ee8  x2:100024d8  PA:10002510
27226590ns          478738 1c009446 10064733 p.exths          x14, x12, x0        x14=0000006a x12:0000006a
27226610ns          478739 1c00944a 018280b3 add              x1, x5, x24          x1=1c002e88  x5:1c002e80 x24:00000008
27226630ns          478740 1c00944e 03012f03 lw               x30, 48(x2)         x30=1c002ed8  x2:100024d8  PA:10002508
27226650ns          478741 1c009450 018582b3 add              x5, x11, x24         x5=1c002ea8 x11:1c002ea0 x24:00000008
27226670ns          478742 1c009454 04012583 lw               x11, 64(x2)         x11=1c002ef8  x2:100024d8  PA:10002518
27226689ns          478743 1c009456 000edd83 lhu              x27, 0(x29)         x27=00001425 x29:1c002ec8  PA:1c002ec8
27227008ns          478759 1c00945a 0004d483 lhu              x9, 0(x9)            x9=0000010f  x9:1c002ee8  PA:1c002ee8
27227306ns          478774 1c00945e 02e70333 mul              x6, x14, x14         x6=00002be4 x14:0000006a x14:0000006a
27227326ns          478775 1c009462 40a55513 srai             x10, x10, 0x40a     x10=fffffff4 x10:ffffd336
27227346ns          478776 1c009464 04812e83 lw               x29, 72(x2)         x29=1c002f08  x2:100024d8  PA:10002520
27227366ns          478777 1c009466 40a6d693 srai             x13, x13, 0x40a     x13=00000006 x13:00001881
27227385ns          478778 1c009468 000f5d03 lhu              x26, 0(x30)         x26=00000428 x30:1c002ed8  PA:1c002ed8
27227743ns          478796 1c00946c 0005d583 lhu              x11, 0(x11)         x11=0000004c x11:1c002ef8  PA:1c002ef8
27228121ns          478815 1c009470 40a35313 srai             x6, x6, 0x40a        x6=0000000a  x6:00002be4
27228141ns          478816 1c009474 00a686b3 add              x13, x13, x10       x13=fffffffa x13:00000006 x10:fffffff4
27228161ns          478817 1c009476 05012f03 lw               x30, 80(x2)         x30=1c002e78  x2:100024d8  PA:10002528
27228181ns          478818 1c009478 10034e33 p.exths          x28, x6, x0         x28=0000000a  x6:0000000a
27228201ns          478819 1c00947c 06911023 sh               x9, 96(x2)           x9:0000010f  x2:100024d8  PA:10002538
27228221ns          478820 1c009480 000ede83 lhu              x29, 0(x29)         x29=00000016 x29:1c002f08  PA:1c002f08
27228559ns          478837 1c009484 05812483 lw               x9, 88(x2)           x9=1c002e68  x2:100024d8  PA:10002530
27228579ns          478838 1c009486 1006d6b3 p.exthz          x13, x13, x0        x13=0000fffa x13:fffffffa
27228599ns          478839 1c00948a 02ee08b3 mul              x17, x28, x14       x17=00000424 x28:0000000a x14:0000006a
27228619ns          478840 1c00948e 1006c833 p.exths          x16, x13, x0        x16=fffffffa x13:0000fffa
27228638ns          478841 1c009492 06b11823 sh               x11, 112(x2)        x11:0000004c  x2:100024d8  PA:10002548
27228658ns          478842 1c009496 000f5f03 lhu              x30, 0(x30)         x30=0000ff25 x30:1c002e78  PA:1c002e78
27228957ns          478857 1c00949a 0a012583 lw               x11, 160(x2)        x11=1c002e98  x2:100024d8  PA:10002578
27228977ns          478858 1c00949c 1007d7b3 p.exthz          x15, x15, x0        x15=0000ffef x15:ffffffef
27228996ns          478859 1c0094a0 0004da03 lhu              x20, 0(x9)          x20=0000fb91  x9:1c002e68  PA:1c002e68
27229295ns          478874 1c0094a4 1007c533 p.exths          x10, x15, x0        x10=ffffffef x15:0000ffef
27229315ns          478875 1c0094a8 09d11023 sh               x29, 128(x2)        x29:00000016  x2:100024d8  PA:10002558
27229335ns          478876 1c0094ac 0003d483 lhu              x9, 0(x7)            x9=0000ffdb  x7:1c002eb8  PA:1c002eb8
27229692ns          478894 1c0094b0 02e80eb3 mul              x29, x16, x14       x29=fffffd84 x16:fffffffa x14:0000006a
27229712ns          478895 1c0094b4 40a8d893 srai             x17, x17, 0x40a     x17=00000001 x17:00000424
27229732ns          478896 1c0094b8 03c80833 mul              x16, x16, x28       x16=ffffffc4 x16:fffffffa x28:0000000a
27229752ns          478897 1c0094bc 09e11823 sh               x30, 144(x2)        x30:0000ff25  x2:100024d8  PA:10002568
27229772ns          478898 1c0094c0 0005d983 lhu              x19, 0(x11)         x19=0000ffb5 x11:1c002e98  PA:1c002e98
27230070ns          478913 1c0094c4 81c88f5b p.muls           x30, x17, x28       x30=0000000a x17:00000001 x28:0000000a
27230090ns          478914 1c0094c8 0002d583 lhu              x11, 0(x5)          x11=0000ffa2  x5:1c002ea8  PA:1c002ea8
27230408ns          478930 1c0094cc 03ce0fb3 mul              x31, x28, x28       x31=00000064 x28:0000000a x28:0000000a
27230428ns          478931 1c0094d0 02e50733 mul              x14, x10, x14       x14=fffff8f6 x10:ffffffef x14:0000006a
27230448ns          478932 1c0094d4 40a85813 srai             x16, x16, 0x40a     x16=ffffffff x16:ffffffc4
27230468ns          478933 1c0094d8 03c50533 mul              x10, x10, x28       x10=ffffff56 x10:ffffffef x28:0000000a
27230488ns          478934 1c0094dc 07015e03 lhu              x28, 112(x2)        x28=0000004c  x2:100024d8  PA:10002548
27230528ns          478936 1c0094e0 01b60633 add              x12, x12, x27       x12=0000148f x12:0000006a x27:00001425
27230548ns          478937 1c0094e2 00980833 add              x16, x16, x9        x16=0000ffda x16:ffffffff  x9:0000ffdb
27230568ns          478938 1c0094e4 06015d83 lhu              x27, 96(x2)         x27=0000010f  x2:100024d8  PA:10002538
27230587ns          478939 1c0094e8 02812483 lw               x9, 40(x2)           x9=1c002ec8  x2:100024d8  PA:10002500
27230607ns          478940 1c0094ea 40afdf93 srai             x31, x31, 0x40a     x31=00000000 x31:00000064
27230627ns          478941 1c0094ee 40a55513 srai             x10, x10, 0x40a     x10=ffffffff x10:ffffff56
27230647ns          478942 1c0094f0 01cf8fb3 add              x31, x31, x28       x31=0000004c x31:00000000 x28:0000004c
27230667ns          478943 1c0094f2 00b50533 add              x10, x10, x11       x10=0000ffa1 x10:ffffffff x11:0000ffa2
27230687ns          478944 1c0094f4 09015e03 lhu              x28, 144(x2)        x28=0000ff25  x2:100024d8  PA:10002568
27230707ns          478945 1c0094f8 03012583 lw               x11, 48(x2)         x11=1c002ed8  x2:100024d8  PA:10002508
27230727ns          478946 1c0094fa 00c49023 sh               x12, 0(x9)          x12:0000148f  x9:1c002ec8  PA:1c002ec8
27231065ns          478963 1c0094fe 01b888b3 add              x17, x17, x27       x17=00000110 x17:00000001 x27:0000010f
27231085ns          478964 1c009500 01a30333 add              x6, x6, x26          x6=00000432  x6:0000000a x26:00000428
27231105ns          478965 1c009502 08015d83 lhu              x27, 128(x2)        x27=00000016  x2:100024d8  PA:10002558
27231124ns          478966 1c009506 0000d903 lhu              x18, 0(x1)          x18=0000fee7  x1:1c002e88  PA:1c002e88
27231423ns          478981 1c00950a 01c686b3 add              x13, x13, x28       x13=0001ff1f x13:0000fffa x28:0000ff25
27231443ns          478982 1c00950c 00659023 sh               x6, 0(x11)           x6:00000432 x11:1c002ed8  PA:1c002ed8
27231781ns          478999 1c009510 40af5f13 srai             x30, x30, 0x40a     x30=00000000 x30:0000000a
27231801ns          479000 1c009514 04812e03 lw               x28, 72(x2)         x28=1c002f08  x2:100024d8  PA:10002520
27231821ns          479001 1c009516 01bf0f33 add              x30, x30, x27       x30=00000016 x30:00000000 x27:00000016
27231840ns          479002 1c009518 40aede93 srai             x29, x29, 0x40a     x29=ffffffff x29:fffffd84
27231860ns          479003 1c00951c 40a75713 srai             x14, x14, 0x40a     x14=fffffffe x14:fffff8f6
27231880ns          479004 1c00951e 03812603 lw               x12, 56(x2)         x12=1c002ee8  x2:100024d8  PA:10002510
27231900ns          479005 1c009520 04012d83 lw               x27, 64(x2)         x27=1c002ef8  x2:100024d8  PA:10002518
27231940ns          479007 1c009522 01ee1023 sh               x30, 0(x28)         x30:00000016 x28:1c002f08  PA:1c002f08
27232258ns          479023 1c009526 05812483 lw               x9, 88(x2)           x9=1c002e68  x2:100024d8  PA:10002530
27232278ns          479024 1c009528 05012f03 lw               x30, 80(x2)         x30=1c002e78  x2:100024d8  PA:10002528
27232298ns          479025 1c00952a 0a012583 lw               x11, 160(x2)        x11=1c002e98  x2:100024d8  PA:10002578
27232318ns          479026 1c00952c 014787b3 add              x15, x15, x20       x15=0001fb80 x15:0000ffef x20:0000fb91
27232338ns          479027 1c00952e 013e8eb3 add              x29, x29, x19       x29=0000ffb4 x29:ffffffff x19:0000ffb5
27232357ns          479028 1c009530 01270733 add              x14, x14, x18       x14=0000fee5 x14:fffffffe x18:0000fee7
27232377ns          479029 1c009532 00f49023 sh               x15, 0(x9)          x15:0001fb80  x9:1c002e68  PA:1c002e68
27232696ns          479045 1c009536 01161023 sh               x17, 0(x12)         x17:00000110 x12:1c002ee8  PA:1c002ee8
27233054ns          479063 1c00953a 01fd9023 sh               x31, 0(x27)         x31:0000004c x27:1c002ef8  PA:1c002ef8
27233372ns          479079 1c00953e 00df1023 sh               x13, 0(x30)         x13:0001ff1f x30:1c002e78  PA:1c002e78
27233690ns          479095 1c009542 01d59023 sh               x29, 0(x11)         x29:0000ffb4 x11:1c002e98  PA:1c002e98
27234008ns          479111 1c009546 00e09023 sh               x14, 0(x1)          x14:0000fee5  x1:1c002e88  PA:1c002e88
27234326ns          479127 1c00954a 01039023 sh               x16, 0(x7)          x16:0000ffda  x7:1c002eb8  PA:1c002eb8
27234684ns          479145 1c00954e 00a29023 sh               x10, 0(x5)          x10:0000ffa1  x5:1c002ea8  PA:1c002ea8
27235003ns          479161 1c009552 008b0b13 addi             x22, x22, 8         x22=00000164 x22:0000015c
27235022ns          479162 1c009554 1f300793 addi             x15, x0, 499        x15=000001f3
27235042ns          479163 1c009558 e767dae3 bge              x15, x22, -396      x15:000001f3 x22:00000164
27235102ns          479166 1c0093cc 010c9a0b p.lh             x20, 16(x25!)       x20=ffffff86 x25=1c002960 x25:1c002950  PA:1c002950
27235420ns          479182 1c0093d0 0104198b p.lh             x19, 16(x8!)        x19=00000081  x8=1c002128  x8:1c002118  PA:1c002118
27235738ns          479198 1c0093d4 2cc10513 addi             x10, x2, 716        x10=100027a4  x2:100024d8
27235758ns          479199 1c0093d6 010a990b p.lh             x18, 16(x21!)       x18=ffffff86 x21=1c001954 x21:1c001944  PA:1c001944
27236057ns          479214 1c0093da 010b948b p.lh             x9, 16(x23!)         x9=0000008b x23=1c001184 x23:1c001174  PA:1c001174
27236435ns          479233 1c0093de 2d411623 sh               x20, 716(x2)        x20:ffffff86  x2:100024d8  PA:100027a4
27236474ns          479235 1c0093e2 2d311723 sh               x19, 718(x2)        x19:00000081  x2:100024d8  PA:100027a6
27236494ns          479236 1c0093e6 c33ff0ef jal              x1, -974             x1=1c0093e8
27236574ns          479240 1c009018 00051803 lh               x16, 0(x10)         x16=ffffff86 x10:100027a4  PA:100027a4
27236614ns          479242 1c00901c 00251883 lh               x17, 2(x10)         x17=00000081 x10:100027a4  PA:100027a6
27236673ns          479245 1c009020 030806b3 mul              x13, x16, x16       x13=00003a24 x16:ffffff86 x16:ffffff86
27236713ns          479247 1c009024 03188633 mul              x12, x17, x17       x12=00004101 x17:00000081 x17:00000081
27236733ns          479248 1c009028 40a65613 srai             x12, x12, 0x40a     x12=00000010 x12:00004101
27236753ns          479249 1c00902a 40a6d693 srai             x13, x13, 0x40a     x13=0000000e x13:00003a24
27236773ns          479250 1c00902c 00c686b3 add              x13, x13, x12       x13=0000001e x13:0000000e x12:00000010
27236793ns          479251 1c00902e 1006c633 p.exths          x12, x13, x0        x12=0000001e x13:0000001e
27236812ns          479252 1c009032 00855703 lhu              x14, 8(x10)         x14=0000ffd1 x10:100027a4  PA:100027ac
27236832ns          479253 1c009036 00a55683 lhu              x13, 10(x10)        x13=0000ff6a x10:100027a4  PA:100027ae
27236852ns          479254 1c00903a 02c60333 mul              x6, x12, x12         x6=00000384 x12:0000001e x12:0000001e
27236872ns          479255 1c00903e 00c55783 lhu              x15, 12(x10)        x15=0000ffe5 x10:100027a4  PA:100027b0
27236892ns          479256 1c009042 00e55583 lhu              x11, 14(x10)        x11=00000060 x10:100027a4  PA:100027b2
27236912ns          479257 1c009046 dea30333 p.extract        x6, x6, 15, 10       x6=00000000  x6:00000384
27236932ns          479258 1c00904a 80c7075b p.muls           x14, x14, x12       x14=fffffa7e x14:0000ffd1 x12:0000001e
27236952ns          479259 1c00904e 80c686db p.muls           x13, x13, x12       x13=ffffee6c x13:0000ff6a x12:0000001e
27236972ns          479260 1c009052 00455e83 lhu              x29, 4(x10)         x29=00000427 x10:100027a4  PA:100027a8
27236991ns          479261 1c009056 00655e03 lhu              x28, 6(x10)         x28=0000007f x10:100027a4  PA:100027aa
27237011ns          479262 1c00905a 40a75713 srai             x14, x14, 0x40a     x14=fffffffe x14:fffffa7e
27237031ns          479263 1c00905c 806787db p.muls           x15, x15, x6        x15=00000000 x15:0000ffe5  x6:00000000
27237051ns          479264 1c009060 40a6d693 srai             x13, x13, 0x40a     x13=fffffffb x13:ffffee6c
27237071ns          479265 1c009062 8065865b p.muls           x12, x11, x6        x12=00000000 x11:00000060  x6:00000000
27237091ns          479266 1c009066 40a7d793 srai             x15, x15, 0x40a     x15=00000000 x15:00000000
27237111ns          479267 1c009068 40a65613 srai             x12, x12, 0x40a     x12=00000000 x12:00000000
27237131ns          479268 1c00906a 01d70733 add              x14, x14, x29       x14=00000425 x14:fffffffe x29:00000427
27237150ns          479269 1c00906c 01c686b3 add              x13, x13, x28       x13=0000007a x13:fffffffb x28:0000007f
27237170ns          479270 1c00906e 00c686b3 add              x13, x13, x12       x13=0000007a x13:0000007a x12:00000000
27237190ns          479271 1c009070 00f70733 add              x14, x14, x15       x14=00000425 x14:00000425 x15:00000000
27237210ns          479272 1c009072 100747b3 p.exths          x15, x14, x0        x15=00000425 x14:00000425
27237230ns          479273 1c009076 1006c733 p.exths          x14, x13, x0        x14=0000007a x13:0000007a
27237250ns          479274 1c00907a 03170633 mul              x12, x14, x17       x12=00003d7a x14:0000007a x17:00000081
27237270ns          479275 1c00907e 030786b3 mul              x13, x15, x16       x13=fffe065e x15:00000425 x16:ffffff86
27237290ns          479276 1c009082 03070733 mul              x14, x14, x16       x14=ffffc5dc x14:0000007a x16:ffffff86
27237310ns          479277 1c009086 031787b3 mul              x15, x15, x17       x15=000216a5 x15:00000425 x17:00000081
27237329ns          479278 1c00908a 40a6d693 srai             x13, x13, 0x40a     x13=ffffff81 x13:fffe065e
27237349ns          479279 1c00908c 40a65613 srai             x12, x12, 0x40a     x12=0000000f x12:00003d7a
27237369ns          479280 1c00908e 40a7d793 srai             x15, x15, 0x40a     x15=00000085 x15:000216a5
27237389ns          479281 1c009090 40a75713 srai             x14, x14, 0x40a     x14=fffffff1 x14:ffffc5dc
27237409ns          479282 1c009092 40c686b3 sub              x13, x13, x12       x13=ffffff72 x13:ffffff81 x12:0000000f
27237429ns          479283 1c009094 00e787b3 add              x15, x15, x14       x15=00000076 x15:00000085 x14:fffffff1
27237449ns          479284 1c009096 00d51823 sh               x13, 16(x10)        x13:ffffff72 x10:100027a4  PA:100027b4
27237469ns          479285 1c00909a 00f51923 sh               x15, 18(x10)        x15:00000076 x10:100027a4  PA:100027b6
27237489ns          479286 1c00909e 00008067 jalr             x0, x1, 0            x1:1c0093e8
27237568ns          479290 1c0093e8 2dc15583 lhu              x11, 732(x2)        x11=0000ff72  x2:100024d8  PA:100027b4
27237588ns          479291 1c0093ec 2de15783 lhu              x15, 734(x2)        x15=00000076  x2:100024d8  PA:100027b6
27237628ns          479293 1c0093f0 40b90933 sub              x18, x18, x11       x18=ffff0014 x18:ffffff86 x11:0000ff72
27237648ns          479294 1c0093f4 40f484b3 sub              x9, x9, x15          x9=00000015  x9:0000008b x15:00000076
27237668ns          479295 1c0093f6 100945b3 p.exths          x11, x18, x0        x11=00000014 x18:ffff0014
27237687ns          479296 1c0093fa 1004c7b3 p.exths          x15, x9, x0         x15=00000015  x9:00000015
27237707ns          479297 1c0093fe 034586b3 mul              x13, x11, x20       x13=fffff678 x11:00000014 x20:ffffff86
27237727ns          479298 1c009402 03378533 mul              x10, x15, x19       x10=00000a95 x15:00000015 x19:00000081
27237747ns          479299 1c009406 034a0633 mul              x12, x20, x20       x12=00003a24 x20:ffffff86 x20:ffffff86
27237767ns          479300 1c00940a 03398733 mul              x14, x19, x19       x14=00004101 x19:00000081 x19:00000081
27237787ns          479301 1c00940e 034787b3 mul              x15, x15, x20       x15=fffff5fe x15:00000015 x20:ffffff86
27237807ns          479302 1c009412 033585b3 mul              x11, x11, x19       x11=00000a14 x11:00000014 x19:00000081
27237827ns          479303 1c009416 40a75713 srai             x14, x14, 0x40a     x14=00000010 x14:00004101
27237847ns          479304 1c009418 40a5d593 srai             x11, x11, 0x40a     x11=00000002 x11:00000a14
27237866ns          479305 1c00941a 40a65613 srai             x12, x12, 0x40a     x12=0000000e x12:00003a24
27237886ns          479306 1c00941c 40a7d793 srai             x15, x15, 0x40a     x15=fffffffd x15:fffff5fe
27237906ns          479307 1c00941e 1c0034b7 lui              x9, 0x1c003000       x9=1c003000
27237926ns          479308 1c009422 00e60633 add              x12, x12, x14       x12=0000001e x12:0000000e x14:00000010
27237946ns          479309 1c009424 40b787b3 sub              x15, x15, x11       x15=fffffffb x15:fffffffd x11:00000002
27237966ns          479310 1c009426 eb048493 addi             x9, x9, -336         x9=1c002eb0  x9:1c003000
27237986ns          479311 1c00942a 1c0032b7 lui              x5, 0x1c003000       x5=1c003000
27238006ns          479312 1c00942e 1c0035b7 lui              x11, 0x1c003000     x11=1c003000
27238026ns          479313 1c009432 018483b3 add              x7, x9, x24          x7=1c002eb8  x9:1c002eb0 x24:00000008
27238045ns          479314 1c009436 02812e83 lw               x29, 40(x2)         x29=1c002ec8  x2:100024d8  PA:10002500
27238065ns          479315 1c009438 10065633 p.exthz          x12, x12, x0        x12=0000001e x12:0000001e
27238085ns          479316 1c00943c e8028293 addi             x5, x5, -384         x5=1c002e80  x5:1c003000
27238105ns          479317 1c009440 ea058593 addi             x11, x11, -352      x11=1c002ea0 x11:1c003000
27238125ns          479318 1c009444 03812483 lw               x9, 56(x2)           x9=1c002ee8  x2:100024d8  PA:10002510
27238145ns          479319 1c009446 10064733 p.exths          x14, x12, x0        x14=0000001e x12:0000001e
27238165ns          479320 1c00944a 018280b3 add              x1, x5, x24          x1=1c002e88  x5:1c002e80 x24:00000008
27238185ns          479321 1c00944e 03012f03 lw               x30, 48(x2)         x30=1c002ed8  x2:100024d8  PA:10002508
27238205ns          479322 1c009450 018582b3 add              x5, x11, x24         x5=1c002ea8 x11:1c002ea0 x24:00000008
27238224ns          479323 1c009454 04012583 lw               x11, 64(x2)         x11=1c002ef8  x2:100024d8  PA:10002518
27238244ns          479324 1c009456 000edd83 lhu              x27, 0(x29)         x27=0000148f x29:1c002ec8  PA:1c002ec8
27238563ns          479340 1c00945a 0004d483 lhu              x9, 0(x9)            x9=00000110  x9:1c002ee8  PA:1c002ee8
27238881ns          479356 1c00945e 02e70333 mul              x6, x14, x14         x6=00000384 x14:0000001e x14:0000001e
27238901ns          479357 1c009462 40a55513 srai             x10, x10, 0x40a     x10=00000002 x10:00000a95
27238921ns          479358 1c009464 04812e83 lw               x29, 72(x2)         x29=1c002f08  x2:100024d8  PA:10002520
27238940ns          479359 1c009466 40a6d693 srai             x13, x13, 0x40a     x13=fffffffd x13:fffff678
27238960ns          479360 1c009468 000f5d03 lhu              x26, 0(x30)         x26=00000432 x30:1c002ed8  PA:1c002ed8
27239259ns          479375 1c00946c 0005d583 lhu              x11, 0(x11)         x11=0000004c x11:1c002ef8  PA:1c002ef8
27239636ns          479394 1c009470 40a35313 srai             x6, x6, 0x40a        x6=00000000  x6:00000384
27239656ns          479395 1c009474 00a686b3 add              x13, x13, x10       x13=ffffffff x13:fffffffd x10:00000002
27239676ns          479396 1c009476 05012f03 lw               x30, 80(x2)         x30=1c002e78  x2:100024d8  PA:10002528
27239696ns          479397 1c009478 10034e33 p.exths          x28, x6, x0         x28=00000000  x6:00000000
27239716ns          479398 1c00947c 06911023 sh               x9, 96(x2)           x9:00000110  x2:100024d8  PA:10002538
27239756ns          479400 1c009480 000ede83 lhu              x29, 0(x29)         x29=00000016 x29:1c002f08  PA:1c002f08
27240074ns          479416 1c009484 05812483 lw               x9, 88(x2)           x9=1c002e68  x2:100024d8  PA:10002530
27240094ns          479417 1c009486 1006d6b3 p.exthz          x13, x13, x0        x13=0000ffff x13:ffffffff
27240114ns          479418 1c00948a 02ee08b3 mul              x17, x28, x14       x17=00000000 x28:00000000 x14:0000001e
27240134ns          479419 1c00948e 1006c833 p.exths          x16, x13, x0        x16=ffffffff x13:0000ffff
27240154ns          479420 1c009492 06b11823 sh               x11, 112(x2)        x11:0000004c  x2:100024d8  PA:10002548
27240173ns          479421 1c009496 000f5f03 lhu              x30, 0(x30)         x30=0000ff1f x30:1c002e78  PA:1c002e78
27240472ns          479436 1c00949a 0a012583 lw               x11, 160(x2)        x11=1c002e98  x2:100024d8  PA:10002578
27240492ns          479437 1c00949c 1007d7b3 p.exthz          x15, x15, x0        x15=0000fffb x15:fffffffb
27240512ns          479438 1c0094a0 0004da03 lhu              x20, 0(x9)          x20=0000fb80  x9:1c002e68  PA:1c002e68
27240810ns          479453 1c0094a4 1007c533 p.exths          x10, x15, x0        x10=fffffffb x15:0000fffb
27240830ns          479454 1c0094a8 09d11023 sh               x29, 128(x2)        x29:00000016  x2:100024d8  PA:10002558
27240850ns          479455 1c0094ac 0003d483 lhu              x9, 0(x7)            x9=0000ffda  x7:1c002eb8  PA:1c002eb8
27241228ns          479474 1c0094b0 02e80eb3 mul              x29, x16, x14       x29=ffffffe2 x16:ffffffff x14:0000001e
27241247ns          479475 1c0094b4 40a8d893 srai             x17, x17, 0x40a     x17=00000000 x17:00000000
27241267ns          479476 1c0094b8 03c80833 mul              x16, x16, x28       x16=00000000 x16:ffffffff x28:00000000
27241287ns          479477 1c0094bc 09e11823 sh               x30, 144(x2)        x30:0000ff1f  x2:100024d8  PA:10002568
27241307ns          479478 1c0094c0 0005d983 lhu              x19, 0(x11)         x19=0000ffb4 x11:1c002e98  PA:1c002e98
27241645ns          479495 1c0094c4 81c88f5b p.muls           x30, x17, x28       x30=00000000 x17:00000000 x28:00000000
27241665ns          479496 1c0094c8 0002d583 lhu              x11, 0(x5)          x11=0000ffa1  x5:1c002ea8  PA:1c002ea8
27241983ns          479512 1c0094cc 03ce0fb3 mul              x31, x28, x28       x31=00000000 x28:00000000 x28:00000000
27242003ns          479513 1c0094d0 02e50733 mul              x14, x10, x14       x14=ffffff6a x10:fffffffb x14:0000001e
27242023ns          479514 1c0094d4 40a85813 srai             x16, x16, 0x40a     x16=00000000 x16:00000000
27242043ns          479515 1c0094d8 03c50533 mul              x10, x10, x28       x10=00000000 x10:fffffffb x28:00000000
27242063ns          479516 1c0094dc 07015e03 lhu              x28, 112(x2)        x28=0000004c  x2:100024d8  PA:10002548
27242122ns          479519 1c0094e0 01b60633 add              x12, x12, x27       x12=000014ad x12:0000001e x27:0000148f
27242142ns          479520 1c0094e2 00980833 add              x16, x16, x9        x16=0000ffda x16:00000000  x9:0000ffda
27242162ns          479521 1c0094e4 06015d83 lhu              x27, 96(x2)         x27=00000110  x2:100024d8  PA:10002538
27242182ns          479522 1c0094e8 02812483 lw               x9, 40(x2)           x9=1c002ec8  x2:100024d8  PA:10002500
27242202ns          479523 1c0094ea 40afdf93 srai             x31, x31, 0x40a     x31=00000000 x31:00000000
27242222ns          479524 1c0094ee 40a55513 srai             x10, x10, 0x40a     x10=00000000 x10:00000000
27242242ns          479525 1c0094f0 01cf8fb3 add              x31, x31, x28       x31=0000004c x31:00000000 x28:0000004c
27242262ns          479526 1c0094f2 00b50533 add              x10, x10, x11       x10=0000ffa1 x10:00000000 x11:0000ffa1
27242282ns          479527 1c0094f4 09015e03 lhu              x28, 144(x2)        x28=0000ff1f  x2:100024d8  PA:10002568
27242301ns          479528 1c0094f8 03012583 lw               x11, 48(x2)         x11=1c002ed8  x2:100024d8  PA:10002508
27242321ns          479529 1c0094fa 00c49023 sh               x12, 0(x9)          x12:000014ad  x9:1c002ec8  PA:1c002ec8
27242659ns          479546 1c0094fe 01b888b3 add              x17, x17, x27       x17=00000110 x17:00000000 x27:00000110
27242679ns          479547 1c009500 01a30333 add              x6, x6, x26          x6=00000432  x6:00000000 x26:00000432
27242699ns          479548 1c009502 08015d83 lhu              x27, 128(x2)        x27=00000016  x2:100024d8  PA:10002558
27242719ns          479549 1c009506 0000d903 lhu              x18, 0(x1)          x18=0000fee5  x1:1c002e88  PA:1c002e88
27243017ns          479564 1c00950a 01c686b3 add              x13, x13, x28       x13=0001ff1e x13:0000ffff x28:0000ff1f
27243037ns          479565 1c00950c 00659023 sh               x6, 0(x11)           x6:00000432 x11:1c002ed8  PA:1c002ed8
27243356ns          479581 1c009510 40af5f13 srai             x30, x30, 0x40a     x30=00000000 x30:00000000
27243375ns          479582 1c009514 04812e03 lw               x28, 72(x2)         x28=1c002f08  x2:100024d8  PA:10002520
27243395ns          479583 1c009516 01bf0f33 add              x30, x30, x27       x30=00000016 x30:00000000 x27:00000016
27243415ns          479584 1c009518 40aede93 srai             x29, x29, 0x40a     x29=ffffffff x29:ffffffe2
27243435ns          479585 1c00951c 40a75713 srai             x14, x14, 0x40a     x14=ffffffff x14:ffffff6a
27243455ns          479586 1c00951e 03812603 lw               x12, 56(x2)         x12=1c002ee8  x2:100024d8  PA:10002510
27243475ns          479587 1c009520 04012d83 lw               x27, 64(x2)         x27=1c002ef8  x2:100024d8  PA:10002518
27243495ns          479588 1c009522 01ee1023 sh               x30, 0(x28)         x30:00000016 x28:1c002f08  PA:1c002f08
27243813ns          479604 1c009526 05812483 lw               x9, 88(x2)           x9=1c002e68  x2:100024d8  PA:10002530
27243833ns          479605 1c009528 05012f03 lw               x30, 80(x2)         x30=1c002e78  x2:100024d8  PA:10002528
27243853ns          479606 1c00952a 0a012583 lw               x11, 160(x2)        x11=1c002e98  x2:100024d8  PA:10002578
27243873ns          479607 1c00952c 014787b3 add              x15, x15, x20       x15=0001fb7b x15:0000fffb x20:0000fb80
27243893ns          479608 1c00952e 013e8eb3 add              x29, x29, x19       x29=0000ffb3 x29:ffffffff x19:0000ffb4
27243912ns          479609 1c009530 01270733 add              x14, x14, x18       x14=0000fee4 x14:ffffffff x18:0000fee5
27243932ns          479610 1c009532 00f49023 sh               x15, 0(x9)          x15:0001fb7b  x9:1c002e68  PA:1c002e68
27244251ns          479626 1c009536 01161023 sh               x17, 0(x12)         x17:00000110 x12:1c002ee8  PA:1c002ee8
27244589ns          479643 1c00953a 01fd9023 sh               x31, 0(x27)         x31:0000004c x27:1c002ef8  PA:1c002ef8
27244927ns          479660 1c00953e 00df1023 sh               x13, 0(x30)         x13:0001ff1e x30:1c002e78  PA:1c002e78
27245245ns          479676 1c009542 01d59023 sh               x29, 0(x11)         x29:0000ffb3 x11:1c002e98  PA:1c002e98
27245563ns          479692 1c009546 00e09023 sh               x14, 0(x1)          x14:0000fee4  x1:1c002e88  PA:1c002e88
27245881ns          479708 1c00954a 01039023 sh               x16, 0(x7)          x16:0000ffda  x7:1c002eb8  PA:1c002eb8
27246200ns          479724 1c00954e 00a29023 sh               x10, 0(x5)          x10:0000ffa1  x5:1c002ea8  PA:1c002ea8
27246518ns          479740 1c009552 008b0b13 addi             x22, x22, 8         x22=0000016c x22:00000164
27246538ns          479741 1c009554 1f300793 addi             x15, x0, 499        x15=000001f3
27246558ns          479742 1c009558 e767dae3 bge              x15, x22, -396      x15:000001f3 x22:0000016c
27246617ns          479745 1c0093cc 010c9a0b p.lh             x20, 16(x25!)       x20=0000011b x25=1c002970 x25:1c002960  PA:1c002960
27246955ns          479762 1c0093d0 0104198b p.lh             x19, 16(x8!)        x19=00000039  x8=1c002138  x8:1c002128  PA:1c002128
27247254ns          479777 1c0093d4 2cc10513 addi             x10, x2, 716        x10=100027a4  x2:100024d8
27247273ns          479778 1c0093d6 010a990b p.lh             x18, 16(x21!)       x18=00000126 x21=1c001964 x21:1c001954  PA:1c001954
27247631ns          479796 1c0093da 010b948b p.lh             x9, 16(x23!)         x9=0000002a x23=1c001194 x23:1c001184  PA:1c001184
27247950ns          479812 1c0093de 2d411623 sh               x20, 716(x2)        x20:0000011b  x2:100024d8  PA:100027a4
27247970ns          479813 1c0093e2 2d311723 sh               x19, 718(x2)        x19:00000039  x2:100024d8  PA:100027a6
27247989ns          479814 1c0093e6 c33ff0ef jal              x1, -974             x1=1c0093e8
27248029ns          479816 1c009018 00051803 lh               x16, 0(x10)         x16=0000011b x10:100027a4  PA:100027a4
27248049ns          479817 1c00901c 00251883 lh               x17, 2(x10)         x17=00000039 x10:100027a4  PA:100027a6
27248069ns          479818 1c009020 030806b3 mul              x13, x16, x16       x13=000138d9 x16:0000011b x16:0000011b
27248089ns          479819 1c009024 03188633 mul              x12, x17, x17       x12=00000cb1 x17:00000039 x17:00000039
27248109ns          479820 1c009028 40a65613 srai             x12, x12, 0x40a     x12=00000003 x12:00000cb1
27248129ns          479821 1c00902a 40a6d693 srai             x13, x13, 0x40a     x13=0000004e x13:000138d9
27248149ns          479822 1c00902c 00c686b3 add              x13, x13, x12       x13=00000051 x13:0000004e x12:00000003
27248168ns          479823 1c00902e 1006c633 p.exths          x12, x13, x0        x12=00000051 x13:00000051
27248188ns          479824 1c009032 00855703 lhu              x14, 8(x10)         x14=0000ffd1 x10:100027a4  PA:100027ac
27248208ns          479825 1c009036 00a55683 lhu              x13, 10(x10)        x13=0000ff6a x10:100027a4  PA:100027ae
27248228ns          479826 1c00903a 02c60333 mul              x6, x12, x12         x6=000019a1 x12:00000051 x12:00000051
27248248ns          479827 1c00903e 00c55783 lhu              x15, 12(x10)        x15=0000ffe5 x10:100027a4  PA:100027b0
27248268ns          479828 1c009042 00e55583 lhu              x11, 14(x10)        x11=00000060 x10:100027a4  PA:100027b2
27248288ns          479829 1c009046 dea30333 p.extract        x6, x6, 15, 10       x6=00000006  x6:000019a1
27248308ns          479830 1c00904a 80c7075b p.muls           x14, x14, x12       x14=fffff121 x14:0000ffd1 x12:00000051
27248328ns          479831 1c00904e 80c686db p.muls           x13, x13, x12       x13=ffffd08a x13:0000ff6a x12:00000051
27248347ns          479832 1c009052 00455e83 lhu              x29, 4(x10)         x29=00000427 x10:100027a4  PA:100027a8
27248367ns          479833 1c009056 00655e03 lhu              x28, 6(x10)         x28=0000007f x10:100027a4  PA:100027aa
27248387ns          479834 1c00905a 40a75713 srai             x14, x14, 0x40a     x14=fffffffc x14:fffff121
27248407ns          479835 1c00905c 806787db p.muls           x15, x15, x6        x15=ffffff5e x15:0000ffe5  x6:00000006
27248427ns          479836 1c009060 40a6d693 srai             x13, x13, 0x40a     x13=fffffff4 x13:ffffd08a
27248467ns          479838 1c009062 8065865b p.muls           x12, x11, x6        x12=00000240 x11:00000060  x6:00000006
27248487ns          479839 1c009066 40a7d793 srai             x15, x15, 0x40a     x15=ffffffff x15:ffffff5e
27248507ns          479840 1c009068 40a65613 srai             x12, x12, 0x40a     x12=00000000 x12:00000240
27248526ns          479841 1c00906a 01d70733 add              x14, x14, x29       x14=00000423 x14:fffffffc x29:00000427
27248546ns          479842 1c00906c 01c686b3 add              x13, x13, x28       x13=00000073 x13:fffffff4 x28:0000007f
27248566ns          479843 1c00906e 00c686b3 add              x13, x13, x12       x13=00000073 x13:00000073 x12:00000000
27248586ns          479844 1c009070 00f70733 add              x14, x14, x15       x14=00000422 x14:00000423 x15:ffffffff
27248606ns          479845 1c009072 100747b3 p.exths          x15, x14, x0        x15=00000422 x14:00000422
27248626ns          479846 1c009076 1006c733 p.exths          x14, x13, x0        x14=00000073 x13:00000073
27248646ns          479847 1c00907a 03170633 mul              x12, x14, x17       x12=0000199b x14:00000073 x17:00000039
27248666ns          479848 1c00907e 030786b3 mul              x13, x15, x16       x13=00049196 x15:00000422 x16:0000011b
27248686ns          479849 1c009082 03070733 mul              x14, x14, x16       x14=00007f21 x14:00000073 x16:0000011b
27248705ns          479850 1c009086 031787b3 mul              x15, x15, x17       x15=0000eb92 x15:00000422 x17:00000039
27248725ns          479851 1c00908a 40a6d693 srai             x13, x13, 0x40a     x13=00000124 x13:00049196
27248745ns          479852 1c00908c 40a65613 srai             x12, x12, 0x40a     x12=00000006 x12:0000199b
27248765ns          479853 1c00908e 40a7d793 srai             x15, x15, 0x40a     x15=0000003a x15:0000eb92
27248785ns          479854 1c009090 40a75713 srai             x14, x14, 0x40a     x14=0000001f x14:00007f21
27248805ns          479855 1c009092 40c686b3 sub              x13, x13, x12       x13=0000011e x13:00000124 x12:00000006
27248825ns          479856 1c009094 00e787b3 add              x15, x15, x14       x15=00000059 x15:0000003a x14:0000001f
27248845ns          479857 1c009096 00d51823 sh               x13, 16(x10)        x13:0000011e x10:100027a4  PA:100027b4
27248865ns          479858 1c00909a 00f51923 sh               x15, 18(x10)        x15:00000059 x10:100027a4  PA:100027b6
27248884ns          479859 1c00909e 00008067 jalr             x0, x1, 0            x1:1c0093e8
27248924ns          479861 1c0093e8 2dc15583 lhu              x11, 732(x2)        x11=0000011e  x2:100024d8  PA:100027b4
27248944ns          479862 1c0093ec 2de15783 lhu              x15, 734(x2)        x15=00000059  x2:100024d8  PA:100027b6
27248964ns          479863 1c0093f0 40b90933 sub              x18, x18, x11       x18=00000008 x18:00000126 x11:0000011e
27248984ns          479864 1c0093f4 40f484b3 sub              x9, x9, x15          x9=ffffffd1  x9:0000002a x15:00000059
27249004ns          479865 1c0093f6 100945b3 p.exths          x11, x18, x0        x11=00000008 x18:00000008
27249024ns          479866 1c0093fa 1004c7b3 p.exths          x15, x9, x0         x15=ffffffd1  x9:ffffffd1
27249044ns          479867 1c0093fe 034586b3 mul              x13, x11, x20       x13=000008d8 x11:00000008 x20:0000011b
27249063ns          479868 1c009402 03378533 mul              x10, x15, x19       x10=fffff589 x15:ffffffd1 x19:00000039
27249083ns          479869 1c009406 034a0633 mul              x12, x20, x20       x12=000138d9 x20:0000011b x20:0000011b
27249103ns          479870 1c00940a 03398733 mul              x14, x19, x19       x14=00000cb1 x19:00000039 x19:00000039
27249123ns          479871 1c00940e 034787b3 mul              x15, x15, x20       x15=ffffcc0b x15:ffffffd1 x20:0000011b
27249143ns          479872 1c009412 033585b3 mul              x11, x11, x19       x11=000001c8 x11:00000008 x19:00000039
27249163ns          479873 1c009416 40a75713 srai             x14, x14, 0x40a     x14=00000003 x14:00000cb1
27249183ns          479874 1c009418 40a5d593 srai             x11, x11, 0x40a     x11=00000000 x11:000001c8
27249203ns          479875 1c00941a 40a65613 srai             x12, x12, 0x40a     x12=0000004e x12:000138d9
27249223ns          479876 1c00941c 40a7d793 srai             x15, x15, 0x40a     x15=fffffff3 x15:ffffcc0b
27249242ns          479877 1c00941e 1c0034b7 lui              x9, 0x1c003000       x9=1c003000
27249262ns          479878 1c009422 00e60633 add              x12, x12, x14       x12=00000051 x12:0000004e x14:00000003
27249282ns          479879 1c009424 40b787b3 sub              x15, x15, x11       x15=fffffff3 x15:fffffff3 x11:00000000
27249302ns          479880 1c009426 eb048493 addi             x9, x9, -336         x9=1c002eb0  x9:1c003000
27249322ns          479881 1c00942a 1c0032b7 lui              x5, 0x1c003000       x5=1c003000
27249342ns          479882 1c00942e 1c0035b7 lui              x11, 0x1c003000     x11=1c003000
27249362ns          479883 1c009432 018483b3 add              x7, x9, x24          x7=1c002eb8  x9:1c002eb0 x24:00000008
27249382ns          479884 1c009436 02812e83 lw               x29, 40(x2)         x29=1c002ec8  x2:100024d8  PA:10002500
27249402ns          479885 1c009438 10065633 p.exthz          x12, x12, x0        x12=00000051 x12:00000051
27249421ns          479886 1c00943c e8028293 addi             x5, x5, -384         x5=1c002e80  x5:1c003000
27249461ns          479888 1c009440 ea058593 addi             x11, x11, -352      x11=1c002ea0 x11:1c003000
27249501ns          479890 1c009444 03812483 lw               x9, 56(x2)           x9=1c002ee8  x2:100024d8  PA:10002510
27249521ns          479891 1c009446 10064733 p.exths          x14, x12, x0        x14=00000051 x12:00000051
27249541ns          479892 1c00944a 018280b3 add              x1, x5, x24          x1=1c002e88  x5:1c002e80 x24:00000008
27249561ns          479893 1c00944e 03012f03 lw               x30, 48(x2)         x30=1c002ed8  x2:100024d8  PA:10002508
27249600ns          479895 1c009450 018582b3 add              x5, x11, x24         x5=1c002ea8 x11:1c002ea0 x24:00000008
27249640ns          479897 1c009454 04012583 lw               x11, 64(x2)         x11=1c002ef8  x2:100024d8  PA:10002518
27249660ns          479898 1c009456 000edd83 lhu              x27, 0(x29)         x27=000014ad x29:1c002ec8  PA:1c002ec8
27249958ns          479913 1c00945a 0004d483 lhu              x9, 0(x9)            x9=00000110  x9:1c002ee8  PA:1c002ee8
27250277ns          479929 1c00945e 02e70333 mul              x6, x14, x14         x6=000019a1 x14:00000051 x14:00000051
27250296ns          479930 1c009462 40a55513 srai             x10, x10, 0x40a     x10=fffffffd x10:fffff589
27250316ns          479931 1c009464 04812e83 lw               x29, 72(x2)         x29=1c002f08  x2:100024d8  PA:10002520
27250336ns          479932 1c009466 40a6d693 srai             x13, x13, 0x40a     x13=00000002 x13:000008d8
27250356ns          479933 1c009468 000f5d03 lhu              x26, 0(x30)         x26=00000432 x30:1c002ed8  PA:1c002ed8
27250654ns          479948 1c00946c 0005d583 lhu              x11, 0(x11)         x11=0000004c x11:1c002ef8  PA:1c002ef8
27250973ns          479964 1c009470 40a35313 srai             x6, x6, 0x40a        x6=00000006  x6:000019a1
27250993ns          479965 1c009474 00a686b3 add              x13, x13, x10       x13=ffffffff x13:00000002 x10:fffffffd
27251012ns          479966 1c009476 05012f03 lw               x30, 80(x2)         x30=1c002e78  x2:100024d8  PA:10002528
27251032ns          479967 1c009478 10034e33 p.exths          x28, x6, x0         x28=00000006  x6:00000006
27251052ns          479968 1c00947c 06911023 sh               x9, 96(x2)           x9:00000110  x2:100024d8  PA:10002538
27251072ns          479969 1c009480 000ede83 lhu              x29, 0(x29)         x29=00000016 x29:1c002f08  PA:1c002f08
27251370ns          479984 1c009484 05812483 lw               x9, 88(x2)           x9=1c002e68  x2:100024d8  PA:10002530
27251390ns          479985 1c009486 1006d6b3 p.exthz          x13, x13, x0        x13=0000ffff x13:ffffffff
27251410ns          479986 1c00948a 02ee08b3 mul              x17, x28, x14       x17=000001e6 x28:00000006 x14:00000051
27251430ns          479987 1c00948e 1006c833 p.exths          x16, x13, x0        x16=ffffffff x13:0000ffff
27251450ns          479988 1c009492 06b11823 sh               x11, 112(x2)        x11:0000004c  x2:100024d8  PA:10002548
27251470ns          479989 1c009496 000f5f03 lhu              x30, 0(x30)         x30=0000ff1e x30:1c002e78  PA:1c002e78
27251808ns          480006 1c00949a 0a012583 lw               x11, 160(x2)        x11=1c002e98  x2:100024d8  PA:10002578
27251828ns          480007 1c00949c 1007d7b3 p.exthz          x15, x15, x0        x15=0000fff3 x15:fffffff3
27251848ns          480008 1c0094a0 0004da03 lhu              x20, 0(x9)          x20=0000fb7b  x9:1c002e68  PA:1c002e68
27252186ns          480025 1c0094a4 1007c533 p.exths          x10, x15, x0        x10=fffffff3 x15:0000fff3
27252206ns          480026 1c0094a8 09d11023 sh               x29, 128(x2)        x29:00000016  x2:100024d8  PA:10002558
27252226ns          480027 1c0094ac 0003d483 lhu              x9, 0(x7)            x9=0000ffda  x7:1c002eb8  PA:1c002eb8
27252524ns          480042 1c0094b0 02e80eb3 mul              x29, x16, x14       x29=ffffffaf x16:ffffffff x14:00000051
27252544ns          480043 1c0094b4 40a8d893 srai             x17, x17, 0x40a     x17=00000000 x17:000001e6
27252564ns          480044 1c0094b8 03c80833 mul              x16, x16, x28       x16=fffffffa x16:ffffffff x28:00000006
27252584ns          480045 1c0094bc 09e11823 sh               x30, 144(x2)        x30:0000ff1e  x2:100024d8  PA:10002568
27252603ns          480046 1c0094c0 0005d983 lhu              x19, 0(x11)         x19=0000ffb3 x11:1c002e98  PA:1c002e98
27252961ns          480064 1c0094c4 81c88f5b p.muls           x30, x17, x28       x30=00000000 x17:00000000 x28:00000006
27252981ns          480065 1c0094c8 0002d583 lhu              x11, 0(x5)          x11=0000ffa1  x5:1c002ea8  PA:1c002ea8
27253280ns          480080 1c0094cc 03ce0fb3 mul              x31, x28, x28       x31=00000024 x28:00000006 x28:00000006
27253300ns          480081 1c0094d0 02e50733 mul              x14, x10, x14       x14=fffffbe3 x10:fffffff3 x14:00000051
27253319ns          480082 1c0094d4 40a85813 srai             x16, x16, 0x40a     x16=ffffffff x16:fffffffa
27253339ns          480083 1c0094d8 03c50533 mul              x10, x10, x28       x10=ffffffb2 x10:fffffff3 x28:00000006
27253359ns          480084 1c0094dc 07015e03 lhu              x28, 112(x2)        x28=0000004c  x2:100024d8  PA:10002548
27253379ns          480085 1c0094e0 01b60633 add              x12, x12, x27       x12=000014fe x12:00000051 x27:000014ad
27253399ns          480086 1c0094e2 00980833 add              x16, x16, x9        x16=0000ffd9 x16:ffffffff  x9:0000ffda
27253419ns          480087 1c0094e4 06015d83 lhu              x27, 96(x2)         x27=00000110  x2:100024d8  PA:10002538
27253439ns          480088 1c0094e8 02812483 lw               x9, 40(x2)           x9=1c002ec8  x2:100024d8  PA:10002500
27253459ns          480089 1c0094ea 40afdf93 srai             x31, x31, 0x40a     x31=00000000 x31:00000024
27253479ns          480090 1c0094ee 40a55513 srai             x10, x10, 0x40a     x10=ffffffff x10:ffffffb2
27253498ns          480091 1c0094f0 01cf8fb3 add              x31, x31, x28       x31=0000004c x31:00000000 x28:0000004c
27253518ns          480092 1c0094f2 00b50533 add              x10, x10, x11       x10=0000ffa0 x10:ffffffff x11:0000ffa1
27253538ns          480093 1c0094f4 09015e03 lhu              x28, 144(x2)        x28=0000ff1e  x2:100024d8  PA:10002568
27253558ns          480094 1c0094f8 03012583 lw               x11, 48(x2)         x11=1c002ed8  x2:100024d8  PA:10002508
27253578ns          480095 1c0094fa 00c49023 sh               x12, 0(x9)          x12:000014fe  x9:1c002ec8  PA:1c002ec8
27253916ns          480112 1c0094fe 01b888b3 add              x17, x17, x27       x17=00000110 x17:00000000 x27:00000110
27253936ns          480113 1c009500 01a30333 add              x6, x6, x26          x6=00000438  x6:00000006 x26:00000432
27253956ns          480114 1c009502 08015d83 lhu              x27, 128(x2)        x27=00000016  x2:100024d8  PA:10002558
27253976ns          480115 1c009506 0000d903 lhu              x18, 0(x1)          x18=0000fee4  x1:1c002e88  PA:1c002e88
27254294ns          480131 1c00950a 01c686b3 add              x13, x13, x28       x13=0001ff1d x13:0000ffff x28:0000ff1e
27254314ns          480132 1c00950c 00659023 sh               x6, 0(x11)           x6:00000438 x11:1c002ed8  PA:1c002ed8
27254692ns          480151 1c009510 40af5f13 srai             x30, x30, 0x40a     x30=00000000 x30:00000000
27254712ns          480152 1c009514 04812e03 lw               x28, 72(x2)         x28=1c002f08  x2:100024d8  PA:10002520
27254731ns          480153 1c009516 01bf0f33 add              x30, x30, x27       x30=00000016 x30:00000000 x27:00000016
27254751ns          480154 1c009518 40aede93 srai             x29, x29, 0x40a     x29=ffffffff x29:ffffffaf
27254771ns          480155 1c00951c 40a75713 srai             x14, x14, 0x40a     x14=fffffffe x14:fffffbe3
27254791ns          480156 1c00951e 03812603 lw               x12, 56(x2)         x12=1c002ee8  x2:100024d8  PA:10002510
27254811ns          480157 1c009520 04012d83 lw               x27, 64(x2)         x27=1c002ef8  x2:100024d8  PA:10002518
27254831ns          480158 1c009522 01ee1023 sh               x30, 0(x28)         x30:00000016 x28:1c002f08  PA:1c002f08
27255169ns          480175 1c009526 05812483 lw               x9, 88(x2)           x9=1c002e68  x2:100024d8  PA:10002530
27255189ns          480176 1c009528 05012f03 lw               x30, 80(x2)         x30=1c002e78  x2:100024d8  PA:10002528
27255229ns          480178 1c00952a 0a012583 lw               x11, 160(x2)        x11=1c002e98  x2:100024d8  PA:10002578
27255249ns          480179 1c00952c 014787b3 add              x15, x15, x20       x15=0001fb6e x15:0000fff3 x20:0000fb7b
27255268ns          480180 1c00952e 013e8eb3 add              x29, x29, x19       x29=0000ffb2 x29:ffffffff x19:0000ffb3
27255288ns          480181 1c009530 01270733 add              x14, x14, x18       x14=0000fee2 x14:fffffffe x18:0000fee4
27255308ns          480182 1c009532 00f49023 sh               x15, 0(x9)          x15:0001fb6e  x9:1c002e68  PA:1c002e68
27255626ns          480198 1c009536 01161023 sh               x17, 0(x12)         x17:00000110 x12:1c002ee8  PA:1c002ee8
27255945ns          480214 1c00953a 01fd9023 sh               x31, 0(x27)         x31:0000004c x27:1c002ef8  PA:1c002ef8
27256263ns          480230 1c00953e 00df1023 sh               x13, 0(x30)         x13:0001ff1d x30:1c002e78  PA:1c002e78
27256581ns          480246 1c009542 01d59023 sh               x29, 0(x11)         x29:0000ffb2 x11:1c002e98  PA:1c002e98
27256919ns          480263 1c009546 00e09023 sh               x14, 0(x1)          x14:0000fee2  x1:1c002e88  PA:1c002e88
27257237ns          480279 1c00954a 01039023 sh               x16, 0(x7)          x16:0000ffd9  x7:1c002eb8  PA:1c002eb8
27257556ns          480295 1c00954e 00a29023 sh               x10, 0(x5)          x10:0000ffa0  x5:1c002ea8  PA:1c002ea8
27257874ns          480311 1c009552 008b0b13 addi             x22, x22, 8         x22=00000174 x22:0000016c
27257894ns          480312 1c009554 1f300793 addi             x15, x0, 499        x15=000001f3
27257914ns          480313 1c009558 e767dae3 bge              x15, x22, -396      x15:000001f3 x22:00000174
27258013ns          480318 1c0093cc 010c9a0b p.lh             x20, 16(x25!)       x20=000000cb x25=1c002980 x25:1c002970  PA:1c002970
27258371ns          480336 1c0093d0 0104198b p.lh             x19, 16(x8!)        x19=000000b3  x8=1c002148  x8:1c002138  PA:1c002138
27258669ns          480351 1c0093d4 2cc10513 addi             x10, x2, 716        x10=100027a4  x2:100024d8
27258689ns          480352 1c0093d6 010a990b p.lh             x18, 16(x21!)       x18=000000d0 x21=1c001974 x21:1c001964  PA:1c001964
27259007ns          480368 1c0093da 010b948b p.lh             x9, 16(x23!)         x9=000000a3 x23=1c0011a4 x23:1c001194  PA:1c001194
27259326ns          480384 1c0093de 2d411623 sh               x20, 716(x2)        x20:000000cb  x2:100024d8  PA:100027a4
27259365ns          480386 1c0093e2 2d311723 sh               x19, 718(x2)        x19:000000b3  x2:100024d8  PA:100027a6
27259405ns          480388 1c0093e6 c33ff0ef jal              x1, -974             x1=1c0093e8
27259425ns          480389 1c009018 00051803 lh               x16, 0(x10)         x16=000000cb x10:100027a4  PA:100027a4
27259445ns          480390 1c00901c 00251883 lh               x17, 2(x10)         x17=000000b3 x10:100027a4  PA:100027a6
27259465ns          480391 1c009020 030806b3 mul              x13, x16, x16       x13=0000a0f9 x16:000000cb x16:000000cb
27259485ns          480392 1c009024 03188633 mul              x12, x17, x17       x12=00007d29 x17:000000b3 x17:000000b3
27259505ns          480393 1c009028 40a65613 srai             x12, x12, 0x40a     x12=0000001f x12:00007d29
27259524ns          480394 1c00902a 40a6d693 srai             x13, x13, 0x40a     x13=00000028 x13:0000a0f9
27259544ns          480395 1c00902c 00c686b3 add              x13, x13, x12       x13=00000047 x13:00000028 x12:0000001f
27259564ns          480396 1c00902e 1006c633 p.exths          x12, x13, x0        x12=00000047 x13:00000047
27259584ns          480397 1c009032 00855703 lhu              x14, 8(x10)         x14=0000ffd1 x10:100027a4  PA:100027ac
27259604ns          480398 1c009036 00a55683 lhu              x13, 10(x10)        x13=0000ff6a x10:100027a4  PA:100027ae
27259624ns          480399 1c00903a 02c60333 mul              x6, x12, x12         x6=000013b1 x12:00000047 x12:00000047
27259644ns          480400 1c00903e 00c55783 lhu              x15, 12(x10)        x15=0000ffe5 x10:100027a4  PA:100027b0
27259664ns          480401 1c009042 00e55583 lhu              x11, 14(x10)        x11=00000060 x10:100027a4  PA:100027b2
27259684ns          480402 1c009046 dea30333 p.extract        x6, x6, 15, 10       x6=00000004  x6:000013b1
27259703ns          480403 1c00904a 80c7075b p.muls           x14, x14, x12       x14=fffff2f7 x14:0000ffd1 x12:00000047
27259723ns          480404 1c00904e 80c686db p.muls           x13, x13, x12       x13=ffffd666 x13:0000ff6a x12:00000047
27259743ns          480405 1c009052 00455e83 lhu              x29, 4(x10)         x29=00000427 x10:100027a4  PA:100027a8
27259763ns          480406 1c009056 00655e03 lhu              x28, 6(x10)         x28=0000007f x10:100027a4  PA:100027aa
27259783ns          480407 1c00905a 40a75713 srai             x14, x14, 0x40a     x14=fffffffc x14:fffff2f7
27259803ns          480408 1c00905c 806787db p.muls           x15, x15, x6        x15=ffffff94 x15:0000ffe5  x6:00000004
27259823ns          480409 1c009060 40a6d693 srai             x13, x13, 0x40a     x13=fffffff5 x13:ffffd666
27259843ns          480410 1c009062 8065865b p.muls           x12, x11, x6        x12=00000180 x11:00000060  x6:00000004
27259863ns          480411 1c009066 40a7d793 srai             x15, x15, 0x40a     x15=ffffffff x15:ffffff94
27259882ns          480412 1c009068 40a65613 srai             x12, x12, 0x40a     x12=00000000 x12:00000180
27259902ns          480413 1c00906a 01d70733 add              x14, x14, x29       x14=00000423 x14:fffffffc x29:00000427
27259922ns          480414 1c00906c 01c686b3 add              x13, x13, x28       x13=00000074 x13:fffffff5 x28:0000007f
27259942ns          480415 1c00906e 00c686b3 add              x13, x13, x12       x13=00000074 x13:00000074 x12:00000000
27259962ns          480416 1c009070 00f70733 add              x14, x14, x15       x14=00000422 x14:00000423 x15:ffffffff
27259982ns          480417 1c009072 100747b3 p.exths          x15, x14, x0        x15=00000422 x14:00000422
27260002ns          480418 1c009076 1006c733 p.exths          x14, x13, x0        x14=00000074 x13:00000074
27260022ns          480419 1c00907a 03170633 mul              x12, x14, x17       x12=0000511c x14:00000074 x17:000000b3
27260042ns          480420 1c00907e 030786b3 mul              x13, x15, x16       x13=000346f6 x15:00000422 x16:000000cb
27260061ns          480421 1c009082 03070733 mul              x14, x14, x16       x14=00005bfc x14:00000074 x16:000000cb
27260081ns          480422 1c009086 031787b3 mul              x15, x15, x17       x15=0002e3c6 x15:00000422 x17:000000b3
27260101ns          480423 1c00908a 40a6d693 srai             x13, x13, 0x40a     x13=000000d1 x13:000346f6
27260121ns          480424 1c00908c 40a65613 srai             x12, x12, 0x40a     x12=00000014 x12:0000511c
27260141ns          480425 1c00908e 40a7d793 srai             x15, x15, 0x40a     x15=000000b8 x15:0002e3c6
27260161ns          480426 1c009090 40a75713 srai             x14, x14, 0x40a     x14=00000016 x14:00005bfc
27260181ns          480427 1c009092 40c686b3 sub              x13, x13, x12       x13=000000bd x13:000000d1 x12:00000014
27260201ns          480428 1c009094 00e787b3 add              x15, x15, x14       x15=000000ce x15:000000b8 x14:00000016
27260221ns          480429 1c009096 00d51823 sh               x13, 16(x10)        x13:000000bd x10:100027a4  PA:100027b4
27260240ns          480430 1c00909a 00f51923 sh               x15, 18(x10)        x15:000000ce x10:100027a4  PA:100027b6
27260260ns          480431 1c00909e 00008067 jalr             x0, x1, 0            x1:1c0093e8
27260340ns          480435 1c0093e8 2dc15583 lhu              x11, 732(x2)        x11=000000bd  x2:100024d8  PA:100027b4
27260360ns          480436 1c0093ec 2de15783 lhu              x15, 734(x2)        x15=000000ce  x2:100024d8  PA:100027b6
27260380ns          480437 1c0093f0 40b90933 sub              x18, x18, x11       x18=00000013 x18:000000d0 x11:000000bd
27260400ns          480438 1c0093f4 40f484b3 sub              x9, x9, x15          x9=ffffffd5  x9:000000a3 x15:000000ce
27260419ns          480439 1c0093f6 100945b3 p.exths          x11, x18, x0        x11=00000013 x18:00000013
27260439ns          480440 1c0093fa 1004c7b3 p.exths          x15, x9, x0         x15=ffffffd5  x9:ffffffd5
27260459ns          480441 1c0093fe 034586b3 mul              x13, x11, x20       x13=00000f11 x11:00000013 x20:000000cb
27260479ns          480442 1c009402 03378533 mul              x10, x15, x19       x10=ffffe1ef x15:ffffffd5 x19:000000b3
27260499ns          480443 1c009406 034a0633 mul              x12, x20, x20       x12=0000a0f9 x20:000000cb x20:000000cb
27260519ns          480444 1c00940a 03398733 mul              x14, x19, x19       x14=00007d29 x19:000000b3 x19:000000b3
27260539ns          480445 1c00940e 034787b3 mul              x15, x15, x20       x15=ffffdde7 x15:ffffffd5 x20:000000cb
27260559ns          480446 1c009412 033585b3 mul              x11, x11, x19       x11=00000d49 x11:00000013 x19:000000b3
27260579ns          480447 1c009416 40a75713 srai             x14, x14, 0x40a     x14=0000001f x14:00007d29
27260598ns          480448 1c009418 40a5d593 srai             x11, x11, 0x40a     x11=00000003 x11:00000d49
27260618ns          480449 1c00941a 40a65613 srai             x12, x12, 0x40a     x12=00000028 x12:0000a0f9
27260638ns          480450 1c00941c 40a7d793 srai             x15, x15, 0x40a     x15=fffffff7 x15:ffffdde7
27260658ns          480451 1c00941e 1c0034b7 lui              x9, 0x1c003000       x9=1c003000
27260678ns          480452 1c009422 00e60633 add              x12, x12, x14       x12=00000047 x12:00000028 x14:0000001f
27260698ns          480453 1c009424 40b787b3 sub              x15, x15, x11       x15=fffffff4 x15:fffffff7 x11:00000003
27260718ns          480454 1c009426 eb048493 addi             x9, x9, -336         x9=1c002eb0  x9:1c003000
27260738ns          480455 1c00942a 1c0032b7 lui              x5, 0x1c003000       x5=1c003000
27260758ns          480456 1c00942e 1c0035b7 lui              x11, 0x1c003000     x11=1c003000
27260777ns          480457 1c009432 018483b3 add              x7, x9, x24          x7=1c002eb8  x9:1c002eb0 x24:00000008
27260797ns          480458 1c009436 02812e83 lw               x29, 40(x2)         x29=1c002ec8  x2:100024d8  PA:10002500
27260817ns          480459 1c009438 10065633 p.exthz          x12, x12, x0        x12=00000047 x12:00000047
27260837ns          480460 1c00943c e8028293 addi             x5, x5, -384         x5=1c002e80  x5:1c003000
27260857ns          480461 1c009440 ea058593 addi             x11, x11, -352      x11=1c002ea0 x11:1c003000
27260877ns          480462 1c009444 03812483 lw               x9, 56(x2)           x9=1c002ee8  x2:100024d8  PA:10002510
27260897ns          480463 1c009446 10064733 p.exths          x14, x12, x0        x14=00000047 x12:00000047
27260917ns          480464 1c00944a 018280b3 add              x1, x5, x24          x1=1c002e88  x5:1c002e80 x24:00000008
27260937ns          480465 1c00944e 03012f03 lw               x30, 48(x2)         x30=1c002ed8  x2:100024d8  PA:10002508
27260956ns          480466 1c009450 018582b3 add              x5, x11, x24         x5=1c002ea8 x11:1c002ea0 x24:00000008
27260996ns          480468 1c009454 04012583 lw               x11, 64(x2)         x11=1c002ef8  x2:100024d8  PA:10002518
27261016ns          480469 1c009456 000edd83 lhu              x27, 0(x29)         x27=000014fe x29:1c002ec8  PA:1c002ec8
27261314ns          480484 1c00945a 0004d483 lhu              x9, 0(x9)            x9=00000110  x9:1c002ee8  PA:1c002ee8
27261613ns          480499 1c00945e 02e70333 mul              x6, x14, x14         x6=000013b1 x14:00000047 x14:00000047
27261633ns          480500 1c009462 40a55513 srai             x10, x10, 0x40a     x10=fffffff8 x10:ffffe1ef
27261653ns          480501 1c009464 04812e83 lw               x29, 72(x2)         x29=1c002f08  x2:100024d8  PA:10002520
27261672ns          480502 1c009466 40a6d693 srai             x13, x13, 0x40a     x13=00000003 x13:00000f11
27261692ns          480503 1c009468 000f5d03 lhu              x26, 0(x30)         x26=00000438 x30:1c002ed8  PA:1c002ed8
27261991ns          480518 1c00946c 0005d583 lhu              x11, 0(x11)         x11=0000004c x11:1c002ef8  PA:1c002ef8
27262289ns          480533 1c009470 40a35313 srai             x6, x6, 0x40a        x6=00000004  x6:000013b1
27262309ns          480534 1c009474 00a686b3 add              x13, x13, x10       x13=fffffffb x13:00000003 x10:fffffff8
27262329ns          480535 1c009476 05012f03 lw               x30, 80(x2)         x30=1c002e78  x2:100024d8  PA:10002528
27262349ns          480536 1c009478 10034e33 p.exths          x28, x6, x0         x28=00000004  x6:00000004
27262368ns          480537 1c00947c 06911023 sh               x9, 96(x2)           x9:00000110  x2:100024d8  PA:10002538
27262388ns          480538 1c009480 000ede83 lhu              x29, 0(x29)         x29=00000016 x29:1c002f08  PA:1c002f08
27262766ns          480557 1c009484 05812483 lw               x9, 88(x2)           x9=1c002e68  x2:100024d8  PA:10002530
27262786ns          480558 1c009486 1006d6b3 p.exthz          x13, x13, x0        x13=0000fffb x13:fffffffb
27262806ns          480559 1c00948a 02ee08b3 mul              x17, x28, x14       x17=0000011c x28:00000004 x14:00000047
27262826ns          480560 1c00948e 1006c833 p.exths          x16, x13, x0        x16=fffffffb x13:0000fffb
27262846ns          480561 1c009492 06b11823 sh               x11, 112(x2)        x11:0000004c  x2:100024d8  PA:10002548
27262866ns          480562 1c009496 000f5f03 lhu              x30, 0(x30)         x30=0000ff1d x30:1c002e78  PA:1c002e78
27263164ns          480577 1c00949a 0a012583 lw               x11, 160(x2)        x11=1c002e98  x2:100024d8  PA:10002578
27263184ns          480578 1c00949c 1007d7b3 p.exthz          x15, x15, x0        x15=0000fff4 x15:fffffff4
27263204ns          480579 1c0094a0 0004da03 lhu              x20, 0(x9)          x20=0000fb6e  x9:1c002e68  PA:1c002e68
27263522ns          480595 1c0094a4 1007c533 p.exths          x10, x15, x0        x10=fffffff4 x15:0000fff4
27263542ns          480596 1c0094a8 09d11023 sh               x29, 128(x2)        x29:00000016  x2:100024d8  PA:10002558
27263562ns          480597 1c0094ac 0003d483 lhu              x9, 0(x7)            x9=0000ffd9  x7:1c002eb8  PA:1c002eb8
27263900ns          480614 1c0094b0 02e80eb3 mul              x29, x16, x14       x29=fffffe9d x16:fffffffb x14:00000047
27263920ns          480615 1c0094b4 40a8d893 srai             x17, x17, 0x40a     x17=00000000 x17:0000011c
27263940ns          480616 1c0094b8 03c80833 mul              x16, x16, x28       x16=ffffffec x16:fffffffb x28:00000004
27263960ns          480617 1c0094bc 09e11823 sh               x30, 144(x2)        x30:0000ff1d  x2:100024d8  PA:10002568
27263979ns          480618 1c0094c0 0005d983 lhu              x19, 0(x11)         x19=0000ffb2 x11:1c002e98  PA:1c002e98
27264278ns          480633 1c0094c4 81c88f5b p.muls           x30, x17, x28       x30=00000000 x17:00000000 x28:00000004
27264298ns          480634 1c0094c8 0002d583 lhu              x11, 0(x5)          x11=0000ffa0  x5:1c002ea8  PA:1c002ea8
27264616ns          480650 1c0094cc 03ce0fb3 mul              x31, x28, x28       x31=00000010 x28:00000004 x28:00000004
27264636ns          480651 1c0094d0 02e50733 mul              x14, x10, x14       x14=fffffcac x10:fffffff4 x14:00000047
27264656ns          480652 1c0094d4 40a85813 srai             x16, x16, 0x40a     x16=ffffffff x16:ffffffec
27264675ns          480653 1c0094d8 03c50533 mul              x10, x10, x28       x10=ffffffd0 x10:fffffff4 x28:00000004
27264695ns          480654 1c0094dc 07015e03 lhu              x28, 112(x2)        x28=0000004c  x2:100024d8  PA:10002548
27264715ns          480655 1c0094e0 01b60633 add              x12, x12, x27       x12=00001545 x12:00000047 x27:000014fe
27264735ns          480656 1c0094e2 00980833 add              x16, x16, x9        x16=0000ffd8 x16:ffffffff  x9:0000ffd9
27264755ns          480657 1c0094e4 06015d83 lhu              x27, 96(x2)         x27=00000110  x2:100024d8  PA:10002538
27264775ns          480658 1c0094e8 02812483 lw               x9, 40(x2)           x9=1c002ec8  x2:100024d8  PA:10002500
27264795ns          480659 1c0094ea 40afdf93 srai             x31, x31, 0x40a     x31=00000000 x31:00000010
27264815ns          480660 1c0094ee 40a55513 srai             x10, x10, 0x40a     x10=ffffffff x10:ffffffd0
27264835ns          480661 1c0094f0 01cf8fb3 add              x31, x31, x28       x31=0000004c x31:00000000 x28:0000004c
27264854ns          480662 1c0094f2 00b50533 add              x10, x10, x11       x10=0000ff9f x10:ffffffff x11:0000ffa0
27264874ns          480663 1c0094f4 09015e03 lhu              x28, 144(x2)        x28=0000ff1d  x2:100024d8  PA:10002568
27264894ns          480664 1c0094f8 03012583 lw               x11, 48(x2)         x11=1c002ed8  x2:100024d8  PA:10002508
27264914ns          480665 1c0094fa 00c49023 sh               x12, 0(x9)          x12:00001545  x9:1c002ec8  PA:1c002ec8
27265232ns          480681 1c0094fe 01b888b3 add              x17, x17, x27       x17=00000110 x17:00000000 x27:00000110
27265252ns          480682 1c009500 01a30333 add              x6, x6, x26          x6=0000043c  x6:00000004 x26:00000438
27265272ns          480683 1c009502 08015d83 lhu              x27, 128(x2)        x27=00000016  x2:100024d8  PA:10002558
27265292ns          480684 1c009506 0000d903 lhu              x18, 0(x1)          x18=0000fee2  x1:1c002e88  PA:1c002e88
27265650ns          480702 1c00950a 01c686b3 add              x13, x13, x28       x13=0001ff18 x13:0000fffb x28:0000ff1d
27265670ns          480703 1c00950c 00659023 sh               x6, 0(x11)           x6:0000043c x11:1c002ed8  PA:1c002ed8
27265988ns          480719 1c009510 40af5f13 srai             x30, x30, 0x40a     x30=00000000 x30:00000000
27266008ns          480720 1c009514 04812e03 lw               x28, 72(x2)         x28=1c002f08  x2:100024d8  PA:10002520
27266028ns          480721 1c009516 01bf0f33 add              x30, x30, x27       x30=00000016 x30:00000000 x27:00000016
27266048ns          480722 1c009518 40aede93 srai             x29, x29, 0x40a     x29=ffffffff x29:fffffe9d
27266068ns          480723 1c00951c 40a75713 srai             x14, x14, 0x40a     x14=ffffffff x14:fffffcac
27266088ns          480724 1c00951e 03812603 lw               x12, 56(x2)         x12=1c002ee8  x2:100024d8  PA:10002510
27266107ns          480725 1c009520 04012d83 lw               x27, 64(x2)         x27=1c002ef8  x2:100024d8  PA:10002518
27266127ns          480726 1c009522 01ee1023 sh               x30, 0(x28)         x30:00000016 x28:1c002f08  PA:1c002f08
27266446ns          480742 1c009526 05812483 lw               x9, 88(x2)           x9=1c002e68  x2:100024d8  PA:10002530
27266485ns          480744 1c009528 05012f03 lw               x30, 80(x2)         x30=1c002e78  x2:100024d8  PA:10002528
27266505ns          480745 1c00952a 0a012583 lw               x11, 160(x2)        x11=1c002e98  x2:100024d8  PA:10002578
27266525ns          480746 1c00952c 014787b3 add              x15, x15, x20       x15=0001fb62 x15:0000fff4 x20:0000fb6e
27266545ns          480747 1c00952e 013e8eb3 add              x29, x29, x19       x29=0000ffb1 x29:ffffffff x19:0000ffb2
27266565ns          480748 1c009530 01270733 add              x14, x14, x18       x14=0000fee1 x14:ffffffff x18:0000fee2
27266585ns          480749 1c009532 00f49023 sh               x15, 0(x9)          x15:0001fb62  x9:1c002e68  PA:1c002e68
27266903ns          480765 1c009536 01161023 sh               x17, 0(x12)         x17:00000110 x12:1c002ee8  PA:1c002ee8
27267221ns          480781 1c00953a 01fd9023 sh               x31, 0(x27)         x31:0000004c x27:1c002ef8  PA:1c002ef8
27267539ns          480797 1c00953e 00df1023 sh               x13, 0(x30)         x13:0001ff18 x30:1c002e78  PA:1c002e78
27267858ns          480813 1c009542 01d59023 sh               x29, 0(x11)         x29:0000ffb1 x11:1c002e98  PA:1c002e98
27268176ns          480829 1c009546 00e09023 sh               x14, 0(x1)          x14:0000fee1  x1:1c002e88  PA:1c002e88
27268494ns          480845 1c00954a 01039023 sh               x16, 0(x7)          x16:0000ffd8  x7:1c002eb8  PA:1c002eb8
27268832ns          480862 1c00954e 00a29023 sh               x10, 0(x5)          x10:0000ff9f  x5:1c002ea8  PA:1c002ea8
27269150ns          480878 1c009552 008b0b13 addi             x22, x22, 8         x22=0000017c x22:00000174
27269170ns          480879 1c009554 1f300793 addi             x15, x0, 499        x15=000001f3
27269190ns          480880 1c009558 e767dae3 bge              x15, x22, -396      x15:000001f3 x22:0000017c
27269250ns          480883 1c0093cc 010c9a0b p.lh             x20, 16(x25!)       x20=0000014a x25=1c002990 x25:1c002980  PA:1c002980
27269548ns          480898 1c0093d0 0104198b p.lh             x19, 16(x8!)        x19=000000ed  x8=1c002158  x8:1c002148  PA:1c002148
27269866ns          480914 1c0093d4 2cc10513 addi             x10, x2, 716        x10=100027a4  x2:100024d8
27269886ns          480915 1c0093d6 010a990b p.lh             x18, 16(x21!)       x18=00000169 x21=1c001984 x21:1c001974  PA:1c001974
27270304ns          480936 1c0093da 010b948b p.lh             x9, 16(x23!)         x9=000000cd x23=1c0011b4 x23:1c0011a4  PA:1c0011a4
27270602ns          480951 1c0093de 2d411623 sh               x20, 716(x2)        x20:0000014a  x2:100024d8  PA:100027a4
27270642ns          480953 1c0093e2 2d311723 sh               x19, 718(x2)        x19:000000ed  x2:100024d8  PA:100027a6
27270662ns          480954 1c0093e6 c33ff0ef jal              x1, -974             x1=1c0093e8
27270702ns          480956 1c009018 00051803 lh               x16, 0(x10)         x16=0000014a x10:100027a4  PA:100027a4
27270721ns          480957 1c00901c 00251883 lh               x17, 2(x10)         x17=000000ed x10:100027a4  PA:100027a6
27270741ns          480958 1c009020 030806b3 mul              x13, x16, x16       x13=0001a964 x16:0000014a x16:0000014a
27270761ns          480959 1c009024 03188633 mul              x12, x17, x17       x12=0000db69 x17:000000ed x17:000000ed
27270781ns          480960 1c009028 40a65613 srai             x12, x12, 0x40a     x12=00000036 x12:0000db69
27270801ns          480961 1c00902a 40a6d693 srai             x13, x13, 0x40a     x13=0000006a x13:0001a964
27270821ns          480962 1c00902c 00c686b3 add              x13, x13, x12       x13=000000a0 x13:0000006a x12:00000036
27270841ns          480963 1c00902e 1006c633 p.exths          x12, x13, x0        x12=000000a0 x13:000000a0
27270861ns          480964 1c009032 00855703 lhu              x14, 8(x10)         x14=0000ffd1 x10:100027a4  PA:100027ac
27270881ns          480965 1c009036 00a55683 lhu              x13, 10(x10)        x13=0000ff6a x10:100027a4  PA:100027ae
27270900ns          480966 1c00903a 02c60333 mul              x6, x12, x12         x6=00006400 x12:000000a0 x12:000000a0
27270920ns          480967 1c00903e 00c55783 lhu              x15, 12(x10)        x15=0000ffe5 x10:100027a4  PA:100027b0
27270940ns          480968 1c009042 00e55583 lhu              x11, 14(x10)        x11=00000060 x10:100027a4  PA:100027b2
27270960ns          480969 1c009046 dea30333 p.extract        x6, x6, 15, 10       x6=00000019  x6:00006400
27270980ns          480970 1c00904a 80c7075b p.muls           x14, x14, x12       x14=ffffe2a0 x14:0000ffd1 x12:000000a0
27271020ns          480972 1c00904e 80c686db p.muls           x13, x13, x12       x13=ffffa240 x13:0000ff6a x12:000000a0
27271060ns          480974 1c009052 00455e83 lhu              x29, 4(x10)         x29=00000427 x10:100027a4  PA:100027a8
27271079ns          480975 1c009056 00655e03 lhu              x28, 6(x10)         x28=0000007f x10:100027a4  PA:100027aa
27271099ns          480976 1c00905a 40a75713 srai             x14, x14, 0x40a     x14=fffffff8 x14:ffffe2a0
27271119ns          480977 1c00905c 806787db p.muls           x15, x15, x6        x15=fffffd5d x15:0000ffe5  x6:00000019
27271159ns          480979 1c009060 40a6d693 srai             x13, x13, 0x40a     x13=ffffffe8 x13:ffffa240
27271199ns          480981 1c009062 8065865b p.muls           x12, x11, x6        x12=00000960 x11:00000060  x6:00000019
27271219ns          480982 1c009066 40a7d793 srai             x15, x15, 0x40a     x15=ffffffff x15:fffffd5d
27271239ns          480983 1c009068 40a65613 srai             x12, x12, 0x40a     x12=00000002 x12:00000960
27271258ns          480984 1c00906a 01d70733 add              x14, x14, x29       x14=0000041f x14:fffffff8 x29:00000427
27271278ns          480985 1c00906c 01c686b3 add              x13, x13, x28       x13=00000067 x13:ffffffe8 x28:0000007f
27271298ns          480986 1c00906e 00c686b3 add              x13, x13, x12       x13=00000069 x13:00000067 x12:00000002
27271318ns          480987 1c009070 00f70733 add              x14, x14, x15       x14=0000041e x14:0000041f x15:ffffffff
27271338ns          480988 1c009072 100747b3 p.exths          x15, x14, x0        x15=0000041e x14:0000041e
27271358ns          480989 1c009076 1006c733 p.exths          x14, x13, x0        x14=00000069 x13:00000069
27271378ns          480990 1c00907a 03170633 mul              x12, x14, x17       x12=00006135 x14:00000069 x17:000000ed
27271398ns          480991 1c00907e 030786b3 mul              x13, x15, x16       x13=00054eac x15:0000041e x16:0000014a
27271418ns          480992 1c009082 03070733 mul              x14, x14, x16       x14=0000875a x14:00000069 x16:0000014a
27271437ns          480993 1c009086 031787b3 mul              x15, x15, x17       x15=0003cfc6 x15:0000041e x17:000000ed
27271457ns          480994 1c00908a 40a6d693 srai             x13, x13, 0x40a     x13=00000153 x13:00054eac
27271477ns          480995 1c00908c 40a65613 srai             x12, x12, 0x40a     x12=00000018 x12:00006135
27271497ns          480996 1c00908e 40a7d793 srai             x15, x15, 0x40a     x15=000000f3 x15:0003cfc6
27271517ns          480997 1c009090 40a75713 srai             x14, x14, 0x40a     x14=00000021 x14:0000875a
27271537ns          480998 1c009092 40c686b3 sub              x13, x13, x12       x13=0000013b x13:00000153 x12:00000018
27271557ns          480999 1c009094 00e787b3 add              x15, x15, x14       x15=00000114 x15:000000f3 x14:00000021
27271577ns          481000 1c009096 00d51823 sh               x13, 16(x10)        x13:0000013b x10:100027a4  PA:100027b4
27271616ns          481002 1c00909a 00f51923 sh               x15, 18(x10)        x15:00000114 x10:100027a4  PA:100027b6
27271656ns          481004 1c00909e 00008067 jalr             x0, x1, 0            x1:1c0093e8
27271696ns          481006 1c0093e8 2dc15583 lhu              x11, 732(x2)        x11=0000013b  x2:100024d8  PA:100027b4
27271716ns          481007 1c0093ec 2de15783 lhu              x15, 734(x2)        x15=00000114  x2:100024d8  PA:100027b6
27271736ns          481008 1c0093f0 40b90933 sub              x18, x18, x11       x18=0000002e x18:00000169 x11:0000013b
27271756ns          481009 1c0093f4 40f484b3 sub              x9, x9, x15          x9=ffffffb9  x9:000000cd x15:00000114
27271776ns          481010 1c0093f6 100945b3 p.exths          x11, x18, x0        x11=0000002e x18:0000002e
27271795ns          481011 1c0093fa 1004c7b3 p.exths          x15, x9, x0         x15=ffffffb9  x9:ffffffb9
27271815ns          481012 1c0093fe 034586b3 mul              x13, x11, x20       x13=00003b4c x11:0000002e x20:0000014a
27271835ns          481013 1c009402 03378533 mul              x10, x15, x19       x10=ffffbe45 x15:ffffffb9 x19:000000ed
27271855ns          481014 1c009406 034a0633 mul              x12, x20, x20       x12=0001a964 x20:0000014a x20:0000014a
27271875ns          481015 1c00940a 03398733 mul              x14, x19, x19       x14=0000db69 x19:000000ed x19:000000ed
27271895ns          481016 1c00940e 034787b3 mul              x15, x15, x20       x15=ffffa47a x15:ffffffb9 x20:0000014a
27271915ns          481017 1c009412 033585b3 mul              x11, x11, x19       x11=00002a96 x11:0000002e x19:000000ed
27271935ns          481018 1c009416 40a75713 srai             x14, x14, 0x40a     x14=00000036 x14:0000db69
27271954ns          481019 1c009418 40a5d593 srai             x11, x11, 0x40a     x11=0000000a x11:00002a96
27271974ns          481020 1c00941a 40a65613 srai             x12, x12, 0x40a     x12=0000006a x12:0001a964
27271994ns          481021 1c00941c 40a7d793 srai             x15, x15, 0x40a     x15=ffffffe9 x15:ffffa47a
27272014ns          481022 1c00941e 1c0034b7 lui              x9, 0x1c003000       x9=1c003000
27272034ns          481023 1c009422 00e60633 add              x12, x12, x14       x12=000000a0 x12:0000006a x14:00000036
27272054ns          481024 1c009424 40b787b3 sub              x15, x15, x11       x15=ffffffdf x15:ffffffe9 x11:0000000a
27272074ns          481025 1c009426 eb048493 addi             x9, x9, -336         x9=1c002eb0  x9:1c003000
27272094ns          481026 1c00942a 1c0032b7 lui              x5, 0x1c003000       x5=1c003000
27272114ns          481027 1c00942e 1c0035b7 lui              x11, 0x1c003000     x11=1c003000
27272133ns          481028 1c009432 018483b3 add              x7, x9, x24          x7=1c002eb8  x9:1c002eb0 x24:00000008
27272153ns          481029 1c009436 02812e83 lw               x29, 40(x2)         x29=1c002ec8  x2:100024d8  PA:10002500
27272173ns          481030 1c009438 10065633 p.exthz          x12, x12, x0        x12=000000a0 x12:000000a0
27272193ns          481031 1c00943c e8028293 addi             x5, x5, -384         x5=1c002e80  x5:1c003000
27272213ns          481032 1c009440 ea058593 addi             x11, x11, -352      x11=1c002ea0 x11:1c003000
27272253ns          481034 1c009444 03812483 lw               x9, 56(x2)           x9=1c002ee8  x2:100024d8  PA:10002510
27272273ns          481035 1c009446 10064733 p.exths          x14, x12, x0        x14=000000a0 x12:000000a0
27272293ns          481036 1c00944a 018280b3 add              x1, x5, x24          x1=1c002e88  x5:1c002e80 x24:00000008
27272312ns          481037 1c00944e 03012f03 lw               x30, 48(x2)         x30=1c002ed8  x2:100024d8  PA:10002508
27272352ns          481039 1c009450 018582b3 add              x5, x11, x24         x5=1c002ea8 x11:1c002ea0 x24:00000008
27272392ns          481041 1c009454 04012583 lw               x11, 64(x2)         x11=1c002ef8  x2:100024d8  PA:10002518
27272412ns          481042 1c009456 000edd83 lhu              x27, 0(x29)         x27=00001545 x29:1c002ec8  PA:1c002ec8
27272750ns          481059 1c00945a 0004d483 lhu              x9, 0(x9)            x9=00000110  x9:1c002ee8  PA:1c002ee8
27273048ns          481074 1c00945e 02e70333 mul              x6, x14, x14         x6=00006400 x14:000000a0 x14:000000a0
27273068ns          481075 1c009462 40a55513 srai             x10, x10, 0x40a     x10=ffffffef x10:ffffbe45
27273088ns          481076 1c009464 04812e83 lw               x29, 72(x2)         x29=1c002f08  x2:100024d8  PA:10002520
27273108ns          481077 1c009466 40a6d693 srai             x13, x13, 0x40a     x13=0000000e x13:00003b4c
27273128ns          481078 1c009468 000f5d03 lhu              x26, 0(x30)         x26=0000043c x30:1c002ed8  PA:1c002ed8
27273486ns          481096 1c00946c 0005d583 lhu              x11, 0(x11)         x11=0000004c x11:1c002ef8  PA:1c002ef8
27273844ns          481114 1c009470 40a35313 srai             x6, x6, 0x40a        x6=00000019  x6:00006400
27273864ns          481115 1c009474 00a686b3 add              x13, x13, x10       x13=fffffffd x13:0000000e x10:ffffffef
27273884ns          481116 1c009476 05012f03 lw               x30, 80(x2)         x30=1c002e78  x2:100024d8  PA:10002528
27273904ns          481117 1c009478 10034e33 p.exths          x28, x6, x0         x28=00000019  x6:00000019
27273923ns          481118 1c00947c 06911023 sh               x9, 96(x2)           x9:00000110  x2:100024d8  PA:10002538
27273943ns          481119 1c009480 000ede83 lhu              x29, 0(x29)         x29=00000016 x29:1c002f08  PA:1c002f08
27274242ns          481134 1c009484 05812483 lw               x9, 88(x2)           x9=1c002e68  x2:100024d8  PA:10002530
27274262ns          481135 1c009486 1006d6b3 p.exthz          x13, x13, x0        x13=0000fffd x13:fffffffd
27274281ns          481136 1c00948a 02ee08b3 mul              x17, x28, x14       x17=00000fa0 x28:00000019 x14:000000a0
27274301ns          481137 1c00948e 1006c833 p.exths          x16, x13, x0        x16=fffffffd x13:0000fffd
27274321ns          481138 1c009492 06b11823 sh               x11, 112(x2)        x11:0000004c  x2:100024d8  PA:10002548
27274341ns          481139 1c009496 000f5f03 lhu              x30, 0(x30)         x30=0000ff18 x30:1c002e78  PA:1c002e78
27274639ns          481154 1c00949a 0a012583 lw               x11, 160(x2)        x11=1c002e98  x2:100024d8  PA:10002578
27274659ns          481155 1c00949c 1007d7b3 p.exthz          x15, x15, x0        x15=0000ffdf x15:ffffffdf
27274679ns          481156 1c0094a0 0004da03 lhu              x20, 0(x9)          x20=0000fb62  x9:1c002e68  PA:1c002e68
27274977ns          481171 1c0094a4 1007c533 p.exths          x10, x15, x0        x10=ffffffdf x15:0000ffdf
27274997ns          481172 1c0094a8 09d11023 sh               x29, 128(x2)        x29:00000016  x2:100024d8  PA:10002558
27275017ns          481173 1c0094ac 0003d483 lhu              x9, 0(x7)            x9=0000ffd8  x7:1c002eb8  PA:1c002eb8
27275375ns          481191 1c0094b0 02e80eb3 mul              x29, x16, x14       x29=fffffe20 x16:fffffffd x14:000000a0
27275395ns          481192 1c0094b4 40a8d893 srai             x17, x17, 0x40a     x17=00000003 x17:00000fa0
27275415ns          481193 1c0094b8 03c80833 mul              x16, x16, x28       x16=ffffffb5 x16:fffffffd x28:00000019
27275435ns          481194 1c0094bc 09e11823 sh               x30, 144(x2)        x30:0000ff18  x2:100024d8  PA:10002568
27275455ns          481195 1c0094c0 0005d983 lhu              x19, 0(x11)         x19=0000ffb1 x11:1c002e98  PA:1c002e98
27275773ns          481211 1c0094c4 81c88f5b p.muls           x30, x17, x28       x30=0000004b x17:00000003 x28:00000019
27275793ns          481212 1c0094c8 0002d583 lhu              x11, 0(x5)          x11=0000ff9f  x5:1c002ea8  PA:1c002ea8
27276091ns          481227 1c0094cc 03ce0fb3 mul              x31, x28, x28       x31=00000271 x28:00000019 x28:00000019
27276111ns          481228 1c0094d0 02e50733 mul              x14, x10, x14       x14=ffffeb60 x10:ffffffdf x14:000000a0
27276131ns          481229 1c0094d4 40a85813 srai             x16, x16, 0x40a     x16=ffffffff x16:ffffffb5
27276151ns          481230 1c0094d8 03c50533 mul              x10, x10, x28       x10=fffffcc7 x10:ffffffdf x28:00000019
27276171ns          481231 1c0094dc 07015e03 lhu              x28, 112(x2)        x28=0000004c  x2:100024d8  PA:10002548
27276191ns          481232 1c0094e0 01b60633 add              x12, x12, x27       x12=000015e5 x12:000000a0 x27:00001545
27276211ns          481233 1c0094e2 00980833 add              x16, x16, x9        x16=0000ffd7 x16:ffffffff  x9:0000ffd8
27276230ns          481234 1c0094e4 06015d83 lhu              x27, 96(x2)         x27=00000110  x2:100024d8  PA:10002538
27276250ns          481235 1c0094e8 02812483 lw               x9, 40(x2)           x9=1c002ec8  x2:100024d8  PA:10002500
27276270ns          481236 1c0094ea 40afdf93 srai             x31, x31, 0x40a     x31=00000000 x31:00000271
27276290ns          481237 1c0094ee 40a55513 srai             x10, x10, 0x40a     x10=ffffffff x10:fffffcc7
27276310ns          481238 1c0094f0 01cf8fb3 add              x31, x31, x28       x31=0000004c x31:00000000 x28:0000004c
27276330ns          481239 1c0094f2 00b50533 add              x10, x10, x11       x10=0000ff9e x10:ffffffff x11:0000ff9f
27276350ns          481240 1c0094f4 09015e03 lhu              x28, 144(x2)        x28=0000ff18  x2:100024d8  PA:10002568
27276370ns          481241 1c0094f8 03012583 lw               x11, 48(x2)         x11=1c002ed8  x2:100024d8  PA:10002508
27276390ns          481242 1c0094fa 00c49023 sh               x12, 0(x9)          x12:000015e5  x9:1c002ec8  PA:1c002ec8
27276728ns          481259 1c0094fe 01b888b3 add              x17, x17, x27       x17=00000113 x17:00000003 x27:00000110
27276748ns          481260 1c009500 01a30333 add              x6, x6, x26          x6=00000455  x6:00000019 x26:0000043c
27276767ns          481261 1c009502 08015d83 lhu              x27, 128(x2)        x27=00000016  x2:100024d8  PA:10002558
27276787ns          481262 1c009506 0000d903 lhu              x18, 0(x1)          x18=0000fee1  x1:1c002e88  PA:1c002e88
27277086ns          481277 1c00950a 01c686b3 add              x13, x13, x28       x13=0001ff15 x13:0000fffd x28:0000ff18
27277105ns          481278 1c00950c 00659023 sh               x6, 0(x11)           x6:00000455 x11:1c002ed8  PA:1c002ed8
27277424ns          481294 1c009510 40af5f13 srai             x30, x30, 0x40a     x30=00000000 x30:0000004b
27277444ns          481295 1c009514 04812e03 lw               x28, 72(x2)         x28=1c002f08  x2:100024d8  PA:10002520
27277463ns          481296 1c009516 01bf0f33 add              x30, x30, x27       x30=00000016 x30:00000000 x27:00000016
27277483ns          481297 1c009518 40aede93 srai             x29, x29, 0x40a     x29=ffffffff x29:fffffe20
27277503ns          481298 1c00951c 40a75713 srai             x14, x14, 0x40a     x14=fffffffa x14:ffffeb60
27277523ns          481299 1c00951e 03812603 lw               x12, 56(x2)         x12=1c002ee8  x2:100024d8  PA:10002510
27277543ns          481300 1c009520 04012d83 lw               x27, 64(x2)         x27=1c002ef8  x2:100024d8  PA:10002518
27277563ns          481301 1c009522 01ee1023 sh               x30, 0(x28)         x30:00000016 x28:1c002f08  PA:1c002f08
27277881ns          481317 1c009526 05812483 lw               x9, 88(x2)           x9=1c002e68  x2:100024d8  PA:10002530
27277901ns          481318 1c009528 05012f03 lw               x30, 80(x2)         x30=1c002e78  x2:100024d8  PA:10002528
27277921ns          481319 1c00952a 0a012583 lw               x11, 160(x2)        x11=1c002e98  x2:100024d8  PA:10002578
27277941ns          481320 1c00952c 014787b3 add              x15, x15, x20       x15=0001fb41 x15:0000ffdf x20:0000fb62
27277961ns          481321 1c00952e 013e8eb3 add              x29, x29, x19       x29=0000ffb0 x29:ffffffff x19:0000ffb1
27277981ns          481322 1c009530 01270733 add              x14, x14, x18       x14=0000fedb x14:fffffffa x18:0000fee1
27278000ns          481323 1c009532 00f49023 sh               x15, 0(x9)          x15:0001fb41  x9:1c002e68  PA:1c002e68
27278319ns          481339 1c009536 01161023 sh               x17, 0(x12)         x17:00000113 x12:1c002ee8  PA:1c002ee8
27278637ns          481355 1c00953a 01fd9023 sh               x31, 0(x27)         x31:0000004c x27:1c002ef8  PA:1c002ef8
27278975ns          481372 1c00953e 00df1023 sh               x13, 0(x30)         x13:0001ff15 x30:1c002e78  PA:1c002e78
27279353ns          481391 1c009542 01d59023 sh               x29, 0(x11)         x29:0000ffb0 x11:1c002e98  PA:1c002e98
27279671ns          481407 1c009546 00e09023 sh               x14, 0(x1)          x14:0000fedb  x1:1c002e88  PA:1c002e88
27279989ns          481423 1c00954a 01039023 sh               x16, 0(x7)          x16:0000ffd7  x7:1c002eb8  PA:1c002eb8
27280307ns          481439 1c00954e 00a29023 sh               x10, 0(x5)          x10:0000ff9e  x5:1c002ea8  PA:1c002ea8
27280646ns          481456 1c009552 008b0b13 addi             x22, x22, 8         x22=00000184 x22:0000017c
27280665ns          481457 1c009554 1f300793 addi             x15, x0, 499        x15=000001f3
27280685ns          481458 1c009558 e767dae3 bge              x15, x22, -396      x15:000001f3 x22:00000184
27280785ns          481463 1c0093cc 010c9a0b p.lh             x20, 16(x25!)       x20=000000ac x25=1c0029a0 x25:1c002990  PA:1c002990
27281103ns          481479 1c0093d0 0104198b p.lh             x19, 16(x8!)        x19=fffffea1  x8=1c002168  x8:1c002158  PA:1c002158
27281401ns          481494 1c0093d4 2cc10513 addi             x10, x2, 716        x10=100027a4  x2:100024d8
27281421ns          481495 1c0093d6 010a990b p.lh             x18, 16(x21!)       x18=0000007e x21=1c001994 x21:1c001984  PA:1c001984
27281720ns          481510 1c0093da 010b948b p.lh             x9, 16(x23!)         x9=fffffe8c x23=1c0011c4 x23:1c0011b4  PA:1c0011b4
27282038ns          481526 1c0093de 2d411623 sh               x20, 716(x2)        x20:000000ac  x2:100024d8  PA:100027a4
27282058ns          481527 1c0093e2 2d311723 sh               x19, 718(x2)        x19:fffffea1  x2:100024d8  PA:100027a6
27282077ns          481528 1c0093e6 c33ff0ef jal              x1, -974             x1=1c0093e8
27282117ns          481530 1c009018 00051803 lh               x16, 0(x10)         x16=000000ac x10:100027a4  PA:100027a4
27282137ns          481531 1c00901c 00251883 lh               x17, 2(x10)         x17=fffffea1 x10:100027a4  PA:100027a6
27282197ns          481534 1c009020 030806b3 mul              x13, x16, x16       x13=00007390 x16:000000ac x16:000000ac
27282237ns          481536 1c009024 03188633 mul              x12, x17, x17       x12=0001e141 x17:fffffea1 x17:fffffea1
27282256ns          481537 1c009028 40a65613 srai             x12, x12, 0x40a     x12=00000078 x12:0001e141
27282276ns          481538 1c00902a 40a6d693 srai             x13, x13, 0x40a     x13=0000001c x13:00007390
27282296ns          481539 1c00902c 00c686b3 add              x13, x13, x12       x13=00000094 x13:0000001c x12:00000078
27282316ns          481540 1c00902e 1006c633 p.exths          x12, x13, x0        x12=00000094 x13:00000094
27282336ns          481541 1c009032 00855703 lhu              x14, 8(x10)         x14=0000ffd1 x10:100027a4  PA:100027ac
27282356ns          481542 1c009036 00a55683 lhu              x13, 10(x10)        x13=0000ff6a x10:100027a4  PA:100027ae
27282376ns          481543 1c00903a 02c60333 mul              x6, x12, x12         x6=00005590 x12:00000094 x12:00000094
27282396ns          481544 1c00903e 00c55783 lhu              x15, 12(x10)        x15=0000ffe5 x10:100027a4  PA:100027b0
27282416ns          481545 1c009042 00e55583 lhu              x11, 14(x10)        x11=00000060 x10:100027a4  PA:100027b2
27282435ns          481546 1c009046 dea30333 p.extract        x6, x6, 15, 10       x6=00000015  x6:00005590
27282455ns          481547 1c00904a 80c7075b p.muls           x14, x14, x12       x14=ffffe4d4 x14:0000ffd1 x12:00000094
27282495ns          481549 1c00904e 80c686db p.muls           x13, x13, x12       x13=ffffa948 x13:0000ff6a x12:00000094
27282535ns          481551 1c009052 00455e83 lhu              x29, 4(x10)         x29=00000427 x10:100027a4  PA:100027a8
27282555ns          481552 1c009056 00655e03 lhu              x28, 6(x10)         x28=0000007f x10:100027a4  PA:100027aa
27282575ns          481553 1c00905a 40a75713 srai             x14, x14, 0x40a     x14=fffffff9 x14:ffffe4d4
27282595ns          481554 1c00905c 806787db p.muls           x15, x15, x6        x15=fffffdc9 x15:0000ffe5  x6:00000015
27282614ns          481555 1c009060 40a6d693 srai             x13, x13, 0x40a     x13=ffffffea x13:ffffa948
27282634ns          481556 1c009062 8065865b p.muls           x12, x11, x6        x12=000007e0 x11:00000060  x6:00000015
27282654ns          481557 1c009066 40a7d793 srai             x15, x15, 0x40a     x15=ffffffff x15:fffffdc9
27282674ns          481558 1c009068 40a65613 srai             x12, x12, 0x40a     x12=00000001 x12:000007e0
27282694ns          481559 1c00906a 01d70733 add              x14, x14, x29       x14=00000420 x14:fffffff9 x29:00000427
27282714ns          481560 1c00906c 01c686b3 add              x13, x13, x28       x13=00000069 x13:ffffffea x28:0000007f
27282734ns          481561 1c00906e 00c686b3 add              x13, x13, x12       x13=0000006a x13:00000069 x12:00000001
27282754ns          481562 1c009070 00f70733 add              x14, x14, x15       x14=0000041f x14:00000420 x15:ffffffff
27282774ns          481563 1c009072 100747b3 p.exths          x15, x14, x0        x15=0000041f x14:0000041f
27282793ns          481564 1c009076 1006c733 p.exths          x14, x13, x0        x14=0000006a x13:0000006a
27282813ns          481565 1c00907a 03170633 mul              x12, x14, x17       x12=ffff6eaa x14:0000006a x17:fffffea1
27282833ns          481566 1c00907e 030786b3 mul              x13, x15, x16       x13=0002c4d4 x15:0000041f x16:000000ac
27282853ns          481567 1c009082 03070733 mul              x14, x14, x16       x14=00004738 x14:0000006a x16:000000ac
27282873ns          481568 1c009086 031787b3 mul              x15, x15, x17       x15=fffa597f x15:0000041f x17:fffffea1
27282893ns          481569 1c00908a 40a6d693 srai             x13, x13, 0x40a     x13=000000b1 x13:0002c4d4
27282913ns          481570 1c00908c 40a65613 srai             x12, x12, 0x40a     x12=ffffffdb x12:ffff6eaa
27282933ns          481571 1c00908e 40a7d793 srai             x15, x15, 0x40a     x15=fffffe96 x15:fffa597f
27282953ns          481572 1c009090 40a75713 srai             x14, x14, 0x40a     x14=00000011 x14:00004738
27282972ns          481573 1c009092 40c686b3 sub              x13, x13, x12       x13=000000d6 x13:000000b1 x12:ffffffdb
27282992ns          481574 1c009094 00e787b3 add              x15, x15, x14       x15=fffffea7 x15:fffffe96 x14:00000011
27283012ns          481575 1c009096 00d51823 sh               x13, 16(x10)        x13:000000d6 x10:100027a4  PA:100027b4
27283032ns          481576 1c00909a 00f51923 sh               x15, 18(x10)        x15:fffffea7 x10:100027a4  PA:100027b6
27283052ns          481577 1c00909e 00008067 jalr             x0, x1, 0            x1:1c0093e8
27283092ns          481579 1c0093e8 2dc15583 lhu              x11, 732(x2)        x11=000000d6  x2:100024d8  PA:100027b4
27283112ns          481580 1c0093ec 2de15783 lhu              x15, 734(x2)        x15=0000fea7  x2:100024d8  PA:100027b6
27283132ns          481581 1c0093f0 40b90933 sub              x18, x18, x11       x18=ffffffa8 x18:0000007e x11:000000d6
27283151ns          481582 1c0093f4 40f484b3 sub              x9, x9, x15          x9=fffeffe5  x9:fffffe8c x15:0000fea7
27283171ns          481583 1c0093f6 100945b3 p.exths          x11, x18, x0        x11=ffffffa8 x18:ffffffa8
27283191ns          481584 1c0093fa 1004c7b3 p.exths          x15, x9, x0         x15=ffffffe5  x9:fffeffe5
27283211ns          481585 1c0093fe 034586b3 mul              x13, x11, x20       x13=ffffc4e0 x11:ffffffa8 x20:000000ac
27283231ns          481586 1c009402 03378533 mul              x10, x15, x19       x10=00002505 x15:ffffffe5 x19:fffffea1
27283251ns          481587 1c009406 034a0633 mul              x12, x20, x20       x12=00007390 x20:000000ac x20:000000ac
27283271ns          481588 1c00940a 03398733 mul              x14, x19, x19       x14=0001e141 x19:fffffea1 x19:fffffea1
27283291ns          481589 1c00940e 034787b3 mul              x15, x15, x20       x15=ffffeddc x15:ffffffe5 x20:000000ac
27283311ns          481590 1c009412 033585b3 mul              x11, x11, x19       x11=000078a8 x11:ffffffa8 x19:fffffea1
27283330ns          481591 1c009416 40a75713 srai             x14, x14, 0x40a     x14=00000078 x14:0001e141
27283350ns          481592 1c009418 40a5d593 srai             x11, x11, 0x40a     x11=0000001e x11:000078a8
27283370ns          481593 1c00941a 40a65613 srai             x12, x12, 0x40a     x12=0000001c x12:00007390
27283390ns          481594 1c00941c 40a7d793 srai             x15, x15, 0x40a     x15=fffffffb x15:ffffeddc
27283410ns          481595 1c00941e 1c0034b7 lui              x9, 0x1c003000       x9=1c003000
27283430ns          481596 1c009422 00e60633 add              x12, x12, x14       x12=00000094 x12:0000001c x14:00000078
27283450ns          481597 1c009424 40b787b3 sub              x15, x15, x11       x15=ffffffdd x15:fffffffb x11:0000001e
27283470ns          481598 1c009426 eb048493 addi             x9, x9, -336         x9=1c002eb0  x9:1c003000
27283490ns          481599 1c00942a 1c0032b7 lui              x5, 0x1c003000       x5=1c003000
27283509ns          481600 1c00942e 1c0035b7 lui              x11, 0x1c003000     x11=1c003000
27283529ns          481601 1c009432 018483b3 add              x7, x9, x24          x7=1c002eb8  x9:1c002eb0 x24:00000008
27283549ns          481602 1c009436 02812e83 lw               x29, 40(x2)         x29=1c002ec8  x2:100024d8  PA:10002500
27283569ns          481603 1c009438 10065633 p.exthz          x12, x12, x0        x12=00000094 x12:00000094
27283589ns          481604 1c00943c e8028293 addi             x5, x5, -384         x5=1c002e80  x5:1c003000
27283609ns          481605 1c009440 ea058593 addi             x11, x11, -352      x11=1c002ea0 x11:1c003000
27283649ns          481607 1c009444 03812483 lw               x9, 56(x2)           x9=1c002ee8  x2:100024d8  PA:10002510
27283669ns          481608 1c009446 10064733 p.exths          x14, x12, x0        x14=00000094 x12:00000094
27283688ns          481609 1c00944a 018280b3 add              x1, x5, x24          x1=1c002e88  x5:1c002e80 x24:00000008
27283708ns          481610 1c00944e 03012f03 lw               x30, 48(x2)         x30=1c002ed8  x2:100024d8  PA:10002508
27283728ns          481611 1c009450 018582b3 add              x5, x11, x24         x5=1c002ea8 x11:1c002ea0 x24:00000008
27283748ns          481612 1c009454 04012583 lw               x11, 64(x2)         x11=1c002ef8  x2:100024d8  PA:10002518
27283768ns          481613 1c009456 000edd83 lhu              x27, 0(x29)         x27=000015e5 x29:1c002ec8  PA:1c002ec8
27284066ns          481628 1c00945a 0004d483 lhu              x9, 0(x9)            x9=00000113  x9:1c002ee8  PA:1c002ee8
27284365ns          481643 1c00945e 02e70333 mul              x6, x14, x14         x6=00005590 x14:00000094 x14:00000094
27284384ns          481644 1c009462 40a55513 srai             x10, x10, 0x40a     x10=00000009 x10:00002505
27284404ns          481645 1c009464 04812e83 lw               x29, 72(x2)         x29=1c002f08  x2:100024d8  PA:10002520
27284424ns          481646 1c009466 40a6d693 srai             x13, x13, 0x40a     x13=fffffff1 x13:ffffc4e0
27284444ns          481647 1c009468 000f5d03 lhu              x26, 0(x30)         x26=00000455 x30:1c002ed8  PA:1c002ed8
27284742ns          481662 1c00946c 0005d583 lhu              x11, 0(x11)         x11=0000004c x11:1c002ef8  PA:1c002ef8
27285041ns          481677 1c009470 40a35313 srai             x6, x6, 0x40a        x6=00000015  x6:00005590
27285061ns          481678 1c009474 00a686b3 add              x13, x13, x10       x13=fffffffa x13:fffffff1 x10:00000009
27285081ns          481679 1c009476 05012f03 lw               x30, 80(x2)         x30=1c002e78  x2:100024d8  PA:10002528
27285100ns          481680 1c009478 10034e33 p.exths          x28, x6, x0         x28=00000015  x6:00000015
27285120ns          481681 1c00947c 06911023 sh               x9, 96(x2)           x9:00000113  x2:100024d8  PA:10002538
27285140ns          481682 1c009480 000ede83 lhu              x29, 0(x29)         x29=00000016 x29:1c002f08  PA:1c002f08
27285439ns          481697 1c009484 05812483 lw               x9, 88(x2)           x9=1c002e68  x2:100024d8  PA:10002530
27285458ns          481698 1c009486 1006d6b3 p.exthz          x13, x13, x0        x13=0000fffa x13:fffffffa
27285478ns          481699 1c00948a 02ee08b3 mul              x17, x28, x14       x17=00000c24 x28:00000015 x14:00000094
27285498ns          481700 1c00948e 1006c833 p.exths          x16, x13, x0        x16=fffffffa x13:0000fffa
27285518ns          481701 1c009492 06b11823 sh               x11, 112(x2)        x11:0000004c  x2:100024d8  PA:10002548
27285538ns          481702 1c009496 000f5f03 lhu              x30, 0(x30)         x30=0000ff15 x30:1c002e78  PA:1c002e78
27285836ns          481717 1c00949a 0a012583 lw               x11, 160(x2)        x11=1c002e98  x2:100024d8  PA:10002578
27285856ns          481718 1c00949c 1007d7b3 p.exthz          x15, x15, x0        x15=0000ffdd x15:ffffffdd
27285876ns          481719 1c0094a0 0004da03 lhu              x20, 0(x9)          x20=0000fb41  x9:1c002e68  PA:1c002e68
27286174ns          481734 1c0094a4 1007c533 p.exths          x10, x15, x0        x10=ffffffdd x15:0000ffdd
27286194ns          481735 1c0094a8 09d11023 sh               x29, 128(x2)        x29:00000016  x2:100024d8  PA:10002558
27286214ns          481736 1c0094ac 0003d483 lhu              x9, 0(x7)            x9=0000ffd7  x7:1c002eb8  PA:1c002eb8
27286513ns          481751 1c0094b0 02e80eb3 mul              x29, x16, x14       x29=fffffc88 x16:fffffffa x14:00000094
27286532ns          481752 1c0094b4 40a8d893 srai             x17, x17, 0x40a     x17=00000003 x17:00000c24
27286552ns          481753 1c0094b8 03c80833 mul              x16, x16, x28       x16=ffffff82 x16:fffffffa x28:00000015
27286572ns          481754 1c0094bc 09e11823 sh               x30, 144(x2)        x30:0000ff15  x2:100024d8  PA:10002568
27286592ns          481755 1c0094c0 0005d983 lhu              x19, 0(x11)         x19=0000ffb0 x11:1c002e98  PA:1c002e98
27286930ns          481772 1c0094c4 81c88f5b p.muls           x30, x17, x28       x30=0000003f x17:00000003 x28:00000015
27286950ns          481773 1c0094c8 0002d583 lhu              x11, 0(x5)          x11=0000ff9e  x5:1c002ea8  PA:1c002ea8
27287268ns          481789 1c0094cc 03ce0fb3 mul              x31, x28, x28       x31=000001b9 x28:00000015 x28:00000015
27287288ns          481790 1c0094d0 02e50733 mul              x14, x10, x14       x14=ffffebc4 x10:ffffffdd x14:00000094
27287308ns          481791 1c0094d4 40a85813 srai             x16, x16, 0x40a     x16=ffffffff x16:ffffff82
27287328ns          481792 1c0094d8 03c50533 mul              x10, x10, x28       x10=fffffd21 x10:ffffffdd x28:00000015
27287348ns          481793 1c0094dc 07015e03 lhu              x28, 112(x2)        x28=0000004c  x2:100024d8  PA:10002548
27287388ns          481795 1c0094e0 01b60633 add              x12, x12, x27       x12=00001679 x12:00000094 x27:000015e5
27287407ns          481796 1c0094e2 00980833 add              x16, x16, x9        x16=0000ffd6 x16:ffffffff  x9:0000ffd7
27287427ns          481797 1c0094e4 06015d83 lhu              x27, 96(x2)         x27=00000113  x2:100024d8  PA:10002538
27287447ns          481798 1c0094e8 02812483 lw               x9, 40(x2)           x9=1c002ec8  x2:100024d8  PA:10002500
27287467ns          481799 1c0094ea 40afdf93 srai             x31, x31, 0x40a     x31=00000000 x31:000001b9
27287487ns          481800 1c0094ee 40a55513 srai             x10, x10, 0x40a     x10=ffffffff x10:fffffd21
27287507ns          481801 1c0094f0 01cf8fb3 add              x31, x31, x28       x31=0000004c x31:00000000 x28:0000004c
27287527ns          481802 1c0094f2 00b50533 add              x10, x10, x11       x10=0000ff9d x10:ffffffff x11:0000ff9e
27287547ns          481803 1c0094f4 09015e03 lhu              x28, 144(x2)        x28=0000ff15  x2:100024d8  PA:10002568
27287567ns          481804 1c0094f8 03012583 lw               x11, 48(x2)         x11=1c002ed8  x2:100024d8  PA:10002508
27287586ns          481805 1c0094fa 00c49023 sh               x12, 0(x9)          x12:00001679  x9:1c002ec8  PA:1c002ec8
27287905ns          481821 1c0094fe 01b888b3 add              x17, x17, x27       x17=00000116 x17:00000003 x27:00000113
27287925ns          481822 1c009500 01a30333 add              x6, x6, x26          x6=0000046a  x6:00000015 x26:00000455
27287944ns          481823 1c009502 08015d83 lhu              x27, 128(x2)        x27=00000016  x2:100024d8  PA:10002558
27287964ns          481824 1c009506 0000d903 lhu              x18, 0(x1)          x18=0000fedb  x1:1c002e88  PA:1c002e88
27288263ns          481839 1c00950a 01c686b3 add              x13, x13, x28       x13=0001ff0f x13:0000fffa x28:0000ff15
27288283ns          481840 1c00950c 00659023 sh               x6, 0(x11)           x6:0000046a x11:1c002ed8  PA:1c002ed8
27288621ns          481857 1c009510 40af5f13 srai             x30, x30, 0x40a     x30=00000000 x30:0000003f
27288641ns          481858 1c009514 04812e03 lw               x28, 72(x2)         x28=1c002f08  x2:100024d8  PA:10002520
27288660ns          481859 1c009516 01bf0f33 add              x30, x30, x27       x30=00000016 x30:00000000 x27:00000016
27288680ns          481860 1c009518 40aede93 srai             x29, x29, 0x40a     x29=ffffffff x29:fffffc88
27288700ns          481861 1c00951c 40a75713 srai             x14, x14, 0x40a     x14=fffffffa x14:ffffebc4
27288720ns          481862 1c00951e 03812603 lw               x12, 56(x2)         x12=1c002ee8  x2:100024d8  PA:10002510
27288740ns          481863 1c009520 04012d83 lw               x27, 64(x2)         x27=1c002ef8  x2:100024d8  PA:10002518
27288760ns          481864 1c009522 01ee1023 sh               x30, 0(x28)         x30:00000016 x28:1c002f08  PA:1c002f08
27289078ns          481880 1c009526 05812483 lw               x9, 88(x2)           x9=1c002e68  x2:100024d8  PA:10002530
27289118ns          481882 1c009528 05012f03 lw               x30, 80(x2)         x30=1c002e78  x2:100024d8  PA:10002528
27289138ns          481883 1c00952a 0a012583 lw               x11, 160(x2)        x11=1c002e98  x2:100024d8  PA:10002578
27289158ns          481884 1c00952c 014787b3 add              x15, x15, x20       x15=0001fb1e x15:0000ffdd x20:0000fb41
27289178ns          481885 1c00952e 013e8eb3 add              x29, x29, x19       x29=0000ffaf x29:ffffffff x19:0000ffb0
27289197ns          481886 1c009530 01270733 add              x14, x14, x18       x14=0000fed5 x14:fffffffa x18:0000fedb
27289217ns          481887 1c009532 00f49023 sh               x15, 0(x9)          x15:0001fb1e  x9:1c002e68  PA:1c002e68
27289535ns          481903 1c009536 01161023 sh               x17, 0(x12)         x17:00000116 x12:1c002ee8  PA:1c002ee8
27289874ns          481920 1c00953a 01fd9023 sh               x31, 0(x27)         x31:0000004c x27:1c002ef8  PA:1c002ef8
27290232ns          481938 1c00953e 00df1023 sh               x13, 0(x30)         x13:0001ff0f x30:1c002e78  PA:1c002e78
27290550ns          481954 1c009542 01d59023 sh               x29, 0(x11)         x29:0000ffaf x11:1c002e98  PA:1c002e98
27290868ns          481970 1c009546 00e09023 sh               x14, 0(x1)          x14:0000fed5  x1:1c002e88  PA:1c002e88
27291206ns          481987 1c00954a 01039023 sh               x16, 0(x7)          x16:0000ffd6  x7:1c002eb8  PA:1c002eb8
27291544ns          482004 1c00954e 00a29023 sh               x10, 0(x5)          x10:0000ff9d  x5:1c002ea8  PA:1c002ea8
27291862ns          482020 1c009552 008b0b13 addi             x22, x22, 8         x22=0000018c x22:00000184
27291882ns          482021 1c009554 1f300793 addi             x15, x0, 499        x15=000001f3
27291902ns          482022 1c009558 e767dae3 bge              x15, x22, -396      x15:000001f3 x22:0000018c
27292002ns          482027 1c0093cc 010c9a0b p.lh             x20, 16(x25!)       x20=00000097 x25=1c0029b0 x25:1c0029a0  PA:1c0029a0
27292340ns          482044 1c0093d0 0104198b p.lh             x19, 16(x8!)        x19=00000089  x8=1c002178  x8:1c002168  PA:1c002168
27292678ns          482061 1c0093d4 2cc10513 addi             x10, x2, 716        x10=100027a4  x2:100024d8
27292698ns          482062 1c0093d6 010a990b p.lh             x18, 16(x21!)       x18=000000a1 x21=1c0019a4 x21:1c001994  PA:1c001994
27292996ns          482077 1c0093da 010b948b p.lh             x9, 16(x23!)         x9=00000093 x23=1c0011d4 x23:1c0011c4  PA:1c0011c4
27293294ns          482092 1c0093de 2d411623 sh               x20, 716(x2)        x20:00000097  x2:100024d8  PA:100027a4
27293334ns          482094 1c0093e2 2d311723 sh               x19, 718(x2)        x19:00000089  x2:100024d8  PA:100027a6
27293374ns          482096 1c0093e6 c33ff0ef jal              x1, -974             x1=1c0093e8
27293394ns          482097 1c009018 00051803 lh               x16, 0(x10)         x16=00000097 x10:100027a4  PA:100027a4
27293414ns          482098 1c00901c 00251883 lh               x17, 2(x10)         x17=00000089 x10:100027a4  PA:100027a6
27293434ns          482099 1c009020 030806b3 mul              x13, x16, x16       x13=00005911 x16:00000097 x16:00000097
27293453ns          482100 1c009024 03188633 mul              x12, x17, x17       x12=00004951 x17:00000089 x17:00000089
27293473ns          482101 1c009028 40a65613 srai             x12, x12, 0x40a     x12=00000012 x12:00004951
27293493ns          482102 1c00902a 40a6d693 srai             x13, x13, 0x40a     x13=00000016 x13:00005911
27293513ns          482103 1c00902c 00c686b3 add              x13, x13, x12       x13=00000028 x13:00000016 x12:00000012
27293533ns          482104 1c00902e 1006c633 p.exths          x12, x13, x0        x12=00000028 x13:00000028
27293553ns          482105 1c009032 00855703 lhu              x14, 8(x10)         x14=0000ffd1 x10:100027a4  PA:100027ac
27293573ns          482106 1c009036 00a55683 lhu              x13, 10(x10)        x13=0000ff6a x10:100027a4  PA:100027ae
27293593ns          482107 1c00903a 02c60333 mul              x6, x12, x12         x6=00000640 x12:00000028 x12:00000028
27293613ns          482108 1c00903e 00c55783 lhu              x15, 12(x10)        x15=0000ffe5 x10:100027a4  PA:100027b0
27293632ns          482109 1c009042 00e55583 lhu              x11, 14(x10)        x11=00000060 x10:100027a4  PA:100027b2
27293652ns          482110 1c009046 dea30333 p.extract        x6, x6, 15, 10       x6=00000001  x6:00000640
27293672ns          482111 1c00904a 80c7075b p.muls           x14, x14, x12       x14=fffff8a8 x14:0000ffd1 x12:00000028
27293692ns          482112 1c00904e 80c686db p.muls           x13, x13, x12       x13=ffffe890 x13:0000ff6a x12:00000028
27293712ns          482113 1c009052 00455e83 lhu              x29, 4(x10)         x29=00000427 x10:100027a4  PA:100027a8
27293732ns          482114 1c009056 00655e03 lhu              x28, 6(x10)         x28=0000007f x10:100027a4  PA:100027aa
27293752ns          482115 1c00905a 40a75713 srai             x14, x14, 0x40a     x14=fffffffe x14:fffff8a8
27293772ns          482116 1c00905c 806787db p.muls           x15, x15, x6        x15=ffffffe5 x15:0000ffe5  x6:00000001
27293792ns          482117 1c009060 40a6d693 srai             x13, x13, 0x40a     x13=fffffffa x13:ffffe890
27293811ns          482118 1c009062 8065865b p.muls           x12, x11, x6        x12=00000060 x11:00000060  x6:00000001
27293831ns          482119 1c009066 40a7d793 srai             x15, x15, 0x40a     x15=ffffffff x15:ffffffe5
27293851ns          482120 1c009068 40a65613 srai             x12, x12, 0x40a     x12=00000000 x12:00000060
27293871ns          482121 1c00906a 01d70733 add              x14, x14, x29       x14=00000425 x14:fffffffe x29:00000427
27293891ns          482122 1c00906c 01c686b3 add              x13, x13, x28       x13=00000079 x13:fffffffa x28:0000007f
27293911ns          482123 1c00906e 00c686b3 add              x13, x13, x12       x13=00000079 x13:00000079 x12:00000000
27293931ns          482124 1c009070 00f70733 add              x14, x14, x15       x14=00000424 x14:00000425 x15:ffffffff
27293951ns          482125 1c009072 100747b3 p.exths          x15, x14, x0        x15=00000424 x14:00000424
27293971ns          482126 1c009076 1006c733 p.exths          x14, x13, x0        x14=00000079 x13:00000079
27293990ns          482127 1c00907a 03170633 mul              x12, x14, x17       x12=000040c1 x14:00000079 x17:00000089
27294010ns          482128 1c00907e 030786b3 mul              x13, x15, x16       x13=0002713c x15:00000424 x16:00000097
27294030ns          482129 1c009082 03070733 mul              x14, x14, x16       x14=0000475f x14:00000079 x16:00000097
27294050ns          482130 1c009086 031787b3 mul              x15, x15, x17       x15=00023744 x15:00000424 x17:00000089
27294070ns          482131 1c00908a 40a6d693 srai             x13, x13, 0x40a     x13=0000009c x13:0002713c
27294090ns          482132 1c00908c 40a65613 srai             x12, x12, 0x40a     x12=00000010 x12:000040c1
27294110ns          482133 1c00908e 40a7d793 srai             x15, x15, 0x40a     x15=0000008d x15:00023744
27294130ns          482134 1c009090 40a75713 srai             x14, x14, 0x40a     x14=00000011 x14:0000475f
27294150ns          482135 1c009092 40c686b3 sub              x13, x13, x12       x13=0000008c x13:0000009c x12:00000010
27294169ns          482136 1c009094 00e787b3 add              x15, x15, x14       x15=0000009e x15:0000008d x14:00000011
27294189ns          482137 1c009096 00d51823 sh               x13, 16(x10)        x13:0000008c x10:100027a4  PA:100027b4
27294209ns          482138 1c00909a 00f51923 sh               x15, 18(x10)        x15:0000009e x10:100027a4  PA:100027b6
27294229ns          482139 1c00909e 00008067 jalr             x0, x1, 0            x1:1c0093e8
27294309ns          482143 1c0093e8 2dc15583 lhu              x11, 732(x2)        x11=0000008c  x2:100024d8  PA:100027b4
27294328ns          482144 1c0093ec 2de15783 lhu              x15, 734(x2)        x15=0000009e  x2:100024d8  PA:100027b6
27294348ns          482145 1c0093f0 40b90933 sub              x18, x18, x11       x18=00000015 x18:000000a1 x11:0000008c
27294368ns          482146 1c0093f4 40f484b3 sub              x9, x9, x15          x9=fffffff5  x9:00000093 x15:0000009e
27294388ns          482147 1c0093f6 100945b3 p.exths          x11, x18, x0        x11=00000015 x18:00000015
27294408ns          482148 1c0093fa 1004c7b3 p.exths          x15, x9, x0         x15=fffffff5  x9:fffffff5
27294428ns          482149 1c0093fe 034586b3 mul              x13, x11, x20       x13=00000c63 x11:00000015 x20:00000097
27294448ns          482150 1c009402 03378533 mul              x10, x15, x19       x10=fffffa1d x15:fffffff5 x19:00000089
27294468ns          482151 1c009406 034a0633 mul              x12, x20, x20       x12=00005911 x20:00000097 x20:00000097
27294488ns          482152 1c00940a 03398733 mul              x14, x19, x19       x14=00004951 x19:00000089 x19:00000089
27294547ns          482155 1c00940e 034787b3 mul              x15, x15, x20       x15=fffff983 x15:fffffff5 x20:00000097
27294587ns          482157 1c009412 033585b3 mul              x11, x11, x19       x11=00000b3d x11:00000015 x19:00000089
27294607ns          482158 1c009416 40a75713 srai             x14, x14, 0x40a     x14=00000012 x14:00004951
27294627ns          482159 1c009418 40a5d593 srai             x11, x11, 0x40a     x11=00000002 x11:00000b3d
27294647ns          482160 1c00941a 40a65613 srai             x12, x12, 0x40a     x12=00000016 x12:00005911
27294667ns          482161 1c00941c 40a7d793 srai             x15, x15, 0x40a     x15=fffffffe x15:fffff983
27294686ns          482162 1c00941e 1c0034b7 lui              x9, 0x1c003000       x9=1c003000
27294706ns          482163 1c009422 00e60633 add              x12, x12, x14       x12=00000028 x12:00000016 x14:00000012
27294726ns          482164 1c009424 40b787b3 sub              x15, x15, x11       x15=fffffffc x15:fffffffe x11:00000002
27294746ns          482165 1c009426 eb048493 addi             x9, x9, -336         x9=1c002eb0  x9:1c003000
27294766ns          482166 1c00942a 1c0032b7 lui              x5, 0x1c003000       x5=1c003000
27294786ns          482167 1c00942e 1c0035b7 lui              x11, 0x1c003000     x11=1c003000
27294806ns          482168 1c009432 018483b3 add              x7, x9, x24          x7=1c002eb8  x9:1c002eb0 x24:00000008
27294826ns          482169 1c009436 02812e83 lw               x29, 40(x2)         x29=1c002ec8  x2:100024d8  PA:10002500
27294846ns          482170 1c009438 10065633 p.exthz          x12, x12, x0        x12=00000028 x12:00000028
27294865ns          482171 1c00943c e8028293 addi             x5, x5, -384         x5=1c002e80  x5:1c003000
27294885ns          482172 1c009440 ea058593 addi             x11, x11, -352      x11=1c002ea0 x11:1c003000
27294905ns          482173 1c009444 03812483 lw               x9, 56(x2)           x9=1c002ee8  x2:100024d8  PA:10002510
27294925ns          482174 1c009446 10064733 p.exths          x14, x12, x0        x14=00000028 x12:00000028
27294945ns          482175 1c00944a 018280b3 add              x1, x5, x24          x1=1c002e88  x5:1c002e80 x24:00000008
27294965ns          482176 1c00944e 03012f03 lw               x30, 48(x2)         x30=1c002ed8  x2:100024d8  PA:10002508
27294985ns          482177 1c009450 018582b3 add              x5, x11, x24         x5=1c002ea8 x11:1c002ea0 x24:00000008
27295005ns          482178 1c009454 04012583 lw               x11, 64(x2)         x11=1c002ef8  x2:100024d8  PA:10002518
27295025ns          482179 1c009456 000edd83 lhu              x27, 0(x29)         x27=00001679 x29:1c002ec8  PA:1c002ec8
27295383ns          482197 1c00945a 0004d483 lhu              x9, 0(x9)            x9=00000116  x9:1c002ee8  PA:1c002ee8
27295681ns          482212 1c00945e 02e70333 mul              x6, x14, x14         x6=00000640 x14:00000028 x14:00000028
27295701ns          482213 1c009462 40a55513 srai             x10, x10, 0x40a     x10=fffffffe x10:fffffa1d
27295721ns          482214 1c009464 04812e83 lw               x29, 72(x2)         x29=1c002f08  x2:100024d8  PA:10002520
27295741ns          482215 1c009466 40a6d693 srai             x13, x13, 0x40a     x13=00000003 x13:00000c63
27295760ns          482216 1c009468 000f5d03 lhu              x26, 0(x30)         x26=0000046a x30:1c002ed8  PA:1c002ed8
27296079ns          482232 1c00946c 0005d583 lhu              x11, 0(x11)         x11=0000004c x11:1c002ef8  PA:1c002ef8
27296377ns          482247 1c009470 40a35313 srai             x6, x6, 0x40a        x6=00000001  x6:00000640
27296397ns          482248 1c009474 00a686b3 add              x13, x13, x10       x13=00000001 x13:00000003 x10:fffffffe
27296417ns          482249 1c009476 05012f03 lw               x30, 80(x2)         x30=1c002e78  x2:100024d8  PA:10002528
27296437ns          482250 1c009478 10034e33 p.exths          x28, x6, x0         x28=00000001  x6:00000001
27296457ns          482251 1c00947c 06911023 sh               x9, 96(x2)           x9:00000116  x2:100024d8  PA:10002538
27296476ns          482252 1c009480 000ede83 lhu              x29, 0(x29)         x29=00000016 x29:1c002f08  PA:1c002f08
27296775ns          482267 1c009484 05812483 lw               x9, 88(x2)           x9=1c002e68  x2:100024d8  PA:10002530
27296795ns          482268 1c009486 1006d6b3 p.exthz          x13, x13, x0        x13=00000001 x13:00000001
27296814ns          482269 1c00948a 02ee08b3 mul              x17, x28, x14       x17=00000028 x28:00000001 x14:00000028
27296834ns          482270 1c00948e 1006c833 p.exths          x16, x13, x0        x16=00000001 x13:00000001
27296854ns          482271 1c009492 06b11823 sh               x11, 112(x2)        x11:0000004c  x2:100024d8  PA:10002548
27296874ns          482272 1c009496 000f5f03 lhu              x30, 0(x30)         x30=0000ff0f x30:1c002e78  PA:1c002e78
27297172ns          482287 1c00949a 0a012583 lw               x11, 160(x2)        x11=1c002e98  x2:100024d8  PA:10002578
27297192ns          482288 1c00949c 1007d7b3 p.exthz          x15, x15, x0        x15=0000fffc x15:fffffffc
27297212ns          482289 1c0094a0 0004da03 lhu              x20, 0(x9)          x20=0000fb1e  x9:1c002e68  PA:1c002e68
27297511ns          482304 1c0094a4 1007c533 p.exths          x10, x15, x0        x10=fffffffc x15:0000fffc
27297530ns          482305 1c0094a8 09d11023 sh               x29, 128(x2)        x29:00000016  x2:100024d8  PA:10002558
27297550ns          482306 1c0094ac 0003d483 lhu              x9, 0(x7)            x9=0000ffd6  x7:1c002eb8  PA:1c002eb8
27297869ns          482322 1c0094b0 02e80eb3 mul              x29, x16, x14       x29=00000028 x16:00000001 x14:00000028
27297888ns          482323 1c0094b4 40a8d893 srai             x17, x17, 0x40a     x17=00000000 x17:00000028
27297908ns          482324 1c0094b8 03c80833 mul              x16, x16, x28       x16=00000001 x16:00000001 x28:00000001
27297928ns          482325 1c0094bc 09e11823 sh               x30, 144(x2)        x30:0000ff0f  x2:100024d8  PA:10002568
27297948ns          482326 1c0094c0 0005d983 lhu              x19, 0(x11)         x19=0000ffaf x11:1c002e98  PA:1c002e98
27298306ns          482344 1c0094c4 81c88f5b p.muls           x30, x17, x28       x30=00000000 x17:00000000 x28:00000001
27298326ns          482345 1c0094c8 0002d583 lhu              x11, 0(x5)          x11=0000ff9d  x5:1c002ea8  PA:1c002ea8
27298644ns          482361 1c0094cc 03ce0fb3 mul              x31, x28, x28       x31=00000001 x28:00000001 x28:00000001
27298664ns          482362 1c0094d0 02e50733 mul              x14, x10, x14       x14=ffffff60 x10:fffffffc x14:00000028
27298684ns          482363 1c0094d4 40a85813 srai             x16, x16, 0x40a     x16=00000000 x16:00000001
27298704ns          482364 1c0094d8 03c50533 mul              x10, x10, x28       x10=fffffffc x10:fffffffc x28:00000001
27298724ns          482365 1c0094dc 07015e03 lhu              x28, 112(x2)        x28=0000004c  x2:100024d8  PA:10002548
27298783ns          482368 1c0094e0 01b60633 add              x12, x12, x27       x12=000016a1 x12:00000028 x27:00001679
27298803ns          482369 1c0094e2 00980833 add              x16, x16, x9        x16=0000ffd6 x16:00000000  x9:0000ffd6
27298823ns          482370 1c0094e4 06015d83 lhu              x27, 96(x2)         x27=00000116  x2:100024d8  PA:10002538
27298843ns          482371 1c0094e8 02812483 lw               x9, 40(x2)           x9=1c002ec8  x2:100024d8  PA:10002500
27298863ns          482372 1c0094ea 40afdf93 srai             x31, x31, 0x40a     x31=00000000 x31:00000001
27298883ns          482373 1c0094ee 40a55513 srai             x10, x10, 0x40a     x10=ffffffff x10:fffffffc
27298903ns          482374 1c0094f0 01cf8fb3 add              x31, x31, x28       x31=0000004c x31:00000000 x28:0000004c
27298923ns          482375 1c0094f2 00b50533 add              x10, x10, x11       x10=0000ff9c x10:ffffffff x11:0000ff9d
27298943ns          482376 1c0094f4 09015e03 lhu              x28, 144(x2)        x28=0000ff0f  x2:100024d8  PA:10002568
27298962ns          482377 1c0094f8 03012583 lw               x11, 48(x2)         x11=1c002ed8  x2:100024d8  PA:10002508
27298982ns          482378 1c0094fa 00c49023 sh               x12, 0(x9)          x12:000016a1  x9:1c002ec8  PA:1c002ec8
27299300ns          482394 1c0094fe 01b888b3 add              x17, x17, x27       x17=00000116 x17:00000000 x27:00000116
27299320ns          482395 1c009500 01a30333 add              x6, x6, x26          x6=0000046b  x6:00000001 x26:0000046a
27299340ns          482396 1c009502 08015d83 lhu              x27, 128(x2)        x27=00000016  x2:100024d8  PA:10002558
27299360ns          482397 1c009506 0000d903 lhu              x18, 0(x1)          x18=0000fed5  x1:1c002e88  PA:1c002e88
27299658ns          482412 1c00950a 01c686b3 add              x13, x13, x28       x13=0000ff10 x13:00000001 x28:0000ff0f
27299678ns          482413 1c00950c 00659023 sh               x6, 0(x11)           x6:0000046b x11:1c002ed8  PA:1c002ed8
27299997ns          482429 1c009510 40af5f13 srai             x30, x30, 0x40a     x30=00000000 x30:00000000
27300016ns          482430 1c009514 04812e03 lw               x28, 72(x2)         x28=1c002f08  x2:100024d8  PA:10002520
27300036ns          482431 1c009516 01bf0f33 add              x30, x30, x27       x30=00000016 x30:00000000 x27:00000016
27300056ns          482432 1c009518 40aede93 srai             x29, x29, 0x40a     x29=00000000 x29:00000028
27300076ns          482433 1c00951c 40a75713 srai             x14, x14, 0x40a     x14=ffffffff x14:ffffff60
27300096ns          482434 1c00951e 03812603 lw               x12, 56(x2)         x12=1c002ee8  x2:100024d8  PA:10002510
27300116ns          482435 1c009520 04012d83 lw               x27, 64(x2)         x27=1c002ef8  x2:100024d8  PA:10002518
27300136ns          482436 1c009522 01ee1023 sh               x30, 0(x28)         x30:00000016 x28:1c002f08  PA:1c002f08
27300494ns          482454 1c009526 05812483 lw               x9, 88(x2)           x9=1c002e68  x2:100024d8  PA:10002530
27300514ns          482455 1c009528 05012f03 lw               x30, 80(x2)         x30=1c002e78  x2:100024d8  PA:10002528
27300534ns          482456 1c00952a 0a012583 lw               x11, 160(x2)        x11=1c002e98  x2:100024d8  PA:10002578
27300553ns          482457 1c00952c 014787b3 add              x15, x15, x20       x15=0001fb1a x15:0000fffc x20:0000fb1e
27300573ns          482458 1c00952e 013e8eb3 add              x29, x29, x19       x29=0000ffaf x29:00000000 x19:0000ffaf
27300593ns          482459 1c009530 01270733 add              x14, x14, x18       x14=0000fed4 x14:ffffffff x18:0000fed5
27300613ns          482460 1c009532 00f49023 sh               x15, 0(x9)          x15:0001fb1a  x9:1c002e68  PA:1c002e68
27300931ns          482476 1c009536 01161023 sh               x17, 0(x12)         x17:00000116 x12:1c002ee8  PA:1c002ee8
27301250ns          482492 1c00953a 01fd9023 sh               x31, 0(x27)         x31:0000004c x27:1c002ef8  PA:1c002ef8
27301568ns          482508 1c00953e 00df1023 sh               x13, 0(x30)         x13:0000ff10 x30:1c002e78  PA:1c002e78
27301886ns          482524 1c009542 01d59023 sh               x29, 0(x11)         x29:0000ffaf x11:1c002e98  PA:1c002e98
27302204ns          482540 1c009546 00e09023 sh               x14, 0(x1)          x14:0000fed4  x1:1c002e88  PA:1c002e88
27302522ns          482556 1c00954a 01039023 sh               x16, 0(x7)          x16:0000ffd6  x7:1c002eb8  PA:1c002eb8
27302841ns          482572 1c00954e 00a29023 sh               x10, 0(x5)          x10:0000ff9c  x5:1c002ea8  PA:1c002ea8
27303179ns          482589 1c009552 008b0b13 addi             x22, x22, 8         x22=00000194 x22:0000018c
27303199ns          482590 1c009554 1f300793 addi             x15, x0, 499        x15=000001f3
27303218ns          482591 1c009558 e767dae3 bge              x15, x22, -396      x15:000001f3 x22:00000194
27303278ns          482594 1c0093cc 010c9a0b p.lh             x20, 16(x25!)       x20=ffffffe3 x25=1c0029c0 x25:1c0029b0  PA:1c0029b0
27303676ns          482614 1c0093d0 0104198b p.lh             x19, 16(x8!)        x19=ffffffde  x8=1c002188  x8:1c002178  PA:1c002178
27303994ns          482630 1c0093d4 2cc10513 addi             x10, x2, 716        x10=100027a4  x2:100024d8
27304014ns          482631 1c0093d6 010a990b p.lh             x18, 16(x21!)       x18=ffffffe5 x21=1c0019b4 x21:1c0019a4  PA:1c0019a4
27304312ns          482646 1c0093da 010b948b p.lh             x9, 16(x23!)         x9=ffffffe1 x23=1c0011e4 x23:1c0011d4  PA:1c0011d4
27304611ns          482661 1c0093de 2d411623 sh               x20, 716(x2)        x20:ffffffe3  x2:100024d8  PA:100027a4
27304630ns          482662 1c0093e2 2d311723 sh               x19, 718(x2)        x19:ffffffde  x2:100024d8  PA:100027a6
27304650ns          482663 1c0093e6 c33ff0ef jal              x1, -974             x1=1c0093e8
27304730ns          482667 1c009018 00051803 lh               x16, 0(x10)         x16=ffffffe3 x10:100027a4  PA:100027a4
27304770ns          482669 1c00901c 00251883 lh               x17, 2(x10)         x17=ffffffde x10:100027a4  PA:100027a6
27304829ns          482672 1c009020 030806b3 mul              x13, x16, x16       x13=00000349 x16:ffffffe3 x16:ffffffe3
27304869ns          482674 1c009024 03188633 mul              x12, x17, x17       x12=00000484 x17:ffffffde x17:ffffffde
27304889ns          482675 1c009028 40a65613 srai             x12, x12, 0x40a     x12=00000001 x12:00000484
27304909ns          482676 1c00902a 40a6d693 srai             x13, x13, 0x40a     x13=00000000 x13:00000349
27304929ns          482677 1c00902c 00c686b3 add              x13, x13, x12       x13=00000001 x13:00000000 x12:00000001
27304949ns          482678 1c00902e 1006c633 p.exths          x12, x13, x0        x12=00000001 x13:00000001
27304969ns          482679 1c009032 00855703 lhu              x14, 8(x10)         x14=0000ffd1 x10:100027a4  PA:100027ac
27304988ns          482680 1c009036 00a55683 lhu              x13, 10(x10)        x13=0000ff6a x10:100027a4  PA:100027ae
27305008ns          482681 1c00903a 02c60333 mul              x6, x12, x12         x6=00000001 x12:00000001 x12:00000001
27305048ns          482683 1c00903e 00c55783 lhu              x15, 12(x10)        x15=0000ffe5 x10:100027a4  PA:100027b0
27305088ns          482685 1c009042 00e55583 lhu              x11, 14(x10)        x11=00000060 x10:100027a4  PA:100027b2
27305108ns          482686 1c009046 dea30333 p.extract        x6, x6, 15, 10       x6=00000000  x6:00000001
27305128ns          482687 1c00904a 80c7075b p.muls           x14, x14, x12       x14=ffffffd1 x14:0000ffd1 x12:00000001
27305148ns          482688 1c00904e 80c686db p.muls           x13, x13, x12       x13=ffffff6a x13:0000ff6a x12:00000001
27305167ns          482689 1c009052 00455e83 lhu              x29, 4(x10)         x29=00000427 x10:100027a4  PA:100027a8
27305187ns          482690 1c009056 00655e03 lhu              x28, 6(x10)         x28=0000007f x10:100027a4  PA:100027aa
27305207ns          482691 1c00905a 40a75713 srai             x14, x14, 0x40a     x14=ffffffff x14:ffffffd1
27305227ns          482692 1c00905c 806787db p.muls           x15, x15, x6        x15=00000000 x15:0000ffe5  x6:00000000
27305267ns          482694 1c009060 40a6d693 srai             x13, x13, 0x40a     x13=ffffffff x13:ffffff6a
27305307ns          482696 1c009062 8065865b p.muls           x12, x11, x6        x12=00000000 x11:00000060  x6:00000000
27305327ns          482697 1c009066 40a7d793 srai             x15, x15, 0x40a     x15=00000000 x15:00000000
27305346ns          482698 1c009068 40a65613 srai             x12, x12, 0x40a     x12=00000000 x12:00000000
27305366ns          482699 1c00906a 01d70733 add              x14, x14, x29       x14=00000426 x14:ffffffff x29:00000427
27305386ns          482700 1c00906c 01c686b3 add              x13, x13, x28       x13=0000007e x13:ffffffff x28:0000007f
27305406ns          482701 1c00906e 00c686b3 add              x13, x13, x12       x13=0000007e x13:0000007e x12:00000000
27305426ns          482702 1c009070 00f70733 add              x14, x14, x15       x14=00000426 x14:00000426 x15:00000000
27305446ns          482703 1c009072 100747b3 p.exths          x15, x14, x0        x15=00000426 x14:00000426
27305466ns          482704 1c009076 1006c733 p.exths          x14, x13, x0        x14=0000007e x13:0000007e
27305486ns          482705 1c00907a 03170633 mul              x12, x14, x17       x12=ffffef44 x14:0000007e x17:ffffffde
27305506ns          482706 1c00907e 030786b3 mul              x13, x15, x16       x13=ffff87b2 x15:00000426 x16:ffffffe3
27305525ns          482707 1c009082 03070733 mul              x14, x14, x16       x14=fffff1ba x14:0000007e x16:ffffffe3
27305545ns          482708 1c009086 031787b3 mul              x15, x15, x17       x15=ffff72f4 x15:00000426 x17:ffffffde
27305565ns          482709 1c00908a 40a6d693 srai             x13, x13, 0x40a     x13=ffffffe1 x13:ffff87b2
27305585ns          482710 1c00908c 40a65613 srai             x12, x12, 0x40a     x12=fffffffb x12:ffffef44
27305605ns          482711 1c00908e 40a7d793 srai             x15, x15, 0x40a     x15=ffffffdc x15:ffff72f4
27305625ns          482712 1c009090 40a75713 srai             x14, x14, 0x40a     x14=fffffffc x14:fffff1ba
27305645ns          482713 1c009092 40c686b3 sub              x13, x13, x12       x13=ffffffe6 x13:ffffffe1 x12:fffffffb
27305665ns          482714 1c009094 00e787b3 add              x15, x15, x14       x15=ffffffd8 x15:ffffffdc x14:fffffffc
27305685ns          482715 1c009096 00d51823 sh               x13, 16(x10)        x13:ffffffe6 x10:100027a4  PA:100027b4
27305704ns          482716 1c00909a 00f51923 sh               x15, 18(x10)        x15:ffffffd8 x10:100027a4  PA:100027b6
27305724ns          482717 1c00909e 00008067 jalr             x0, x1, 0            x1:1c0093e8
27305844ns          482723 1c0093e8 2dc15583 lhu              x11, 732(x2)        x11=0000ffe6  x2:100024d8  PA:100027b4
27305883ns          482725 1c0093ec 2de15783 lhu              x15, 734(x2)        x15=0000ffd8  x2:100024d8  PA:100027b6
27305903ns          482726 1c0093f0 40b90933 sub              x18, x18, x11       x18=fffeffff x18:ffffffe5 x11:0000ffe6
27305923ns          482727 1c0093f4 40f484b3 sub              x9, x9, x15          x9=ffff0009  x9:ffffffe1 x15:0000ffd8
27305943ns          482728 1c0093f6 100945b3 p.exths          x11, x18, x0        x11=ffffffff x18:fffeffff
27305963ns          482729 1c0093fa 1004c7b3 p.exths          x15, x9, x0         x15=00000009  x9:ffff0009
27305983ns          482730 1c0093fe 034586b3 mul              x13, x11, x20       x13=0000001d x11:ffffffff x20:ffffffe3
27306003ns          482731 1c009402 03378533 mul              x10, x15, x19       x10=fffffece x15:00000009 x19:ffffffde
27306023ns          482732 1c009406 034a0633 mul              x12, x20, x20       x12=00000349 x20:ffffffe3 x20:ffffffe3
27306043ns          482733 1c00940a 03398733 mul              x14, x19, x19       x14=00000484 x19:ffffffde x19:ffffffde
27306102ns          482736 1c00940e 034787b3 mul              x15, x15, x20       x15=fffffefb x15:00000009 x20:ffffffe3
27306142ns          482738 1c009412 033585b3 mul              x11, x11, x19       x11=00000022 x11:ffffffff x19:ffffffde
27306162ns          482739 1c009416 40a75713 srai             x14, x14, 0x40a     x14=00000001 x14:00000484
27306182ns          482740 1c009418 40a5d593 srai             x11, x11, 0x40a     x11=00000000 x11:00000022
27306202ns          482741 1c00941a 40a65613 srai             x12, x12, 0x40a     x12=00000000 x12:00000349
27306222ns          482742 1c00941c 40a7d793 srai             x15, x15, 0x40a     x15=ffffffff x15:fffffefb
27306241ns          482743 1c00941e 1c0034b7 lui              x9, 0x1c003000       x9=1c003000
27306261ns          482744 1c009422 00e60633 add              x12, x12, x14       x12=00000001 x12:00000000 x14:00000001
27306281ns          482745 1c009424 40b787b3 sub              x15, x15, x11       x15=ffffffff x15:ffffffff x11:00000000
27306301ns          482746 1c009426 eb048493 addi             x9, x9, -336         x9=1c002eb0  x9:1c003000
27306321ns          482747 1c00942a 1c0032b7 lui              x5, 0x1c003000       x5=1c003000
27306341ns          482748 1c00942e 1c0035b7 lui              x11, 0x1c003000     x11=1c003000
27306361ns          482749 1c009432 018483b3 add              x7, x9, x24          x7=1c002eb8  x9:1c002eb0 x24:00000008
27306381ns          482750 1c009436 02812e83 lw               x29, 40(x2)         x29=1c002ec8  x2:100024d8  PA:10002500
27306401ns          482751 1c009438 10065633 p.exthz          x12, x12, x0        x12=00000001 x12:00000001
27306420ns          482752 1c00943c e8028293 addi             x5, x5, -384         x5=1c002e80  x5:1c003000
27306440ns          482753 1c009440 ea058593 addi             x11, x11, -352      x11=1c002ea0 x11:1c003000
27306460ns          482754 1c009444 03812483 lw               x9, 56(x2)           x9=1c002ee8  x2:100024d8  PA:10002510
27306480ns          482755 1c009446 10064733 p.exths          x14, x12, x0        x14=00000001 x12:00000001
27306500ns          482756 1c00944a 018280b3 add              x1, x5, x24          x1=1c002e88  x5:1c002e80 x24:00000008
27306520ns          482757 1c00944e 03012f03 lw               x30, 48(x2)         x30=1c002ed8  x2:100024d8  PA:10002508
27306540ns          482758 1c009450 018582b3 add              x5, x11, x24         x5=1c002ea8 x11:1c002ea0 x24:00000008
27306560ns          482759 1c009454 04012583 lw               x11, 64(x2)         x11=1c002ef8  x2:100024d8  PA:10002518
27306580ns          482760 1c009456 000edd83 lhu              x27, 0(x29)         x27=000016a1 x29:1c002ec8  PA:1c002ec8
27306878ns          482775 1c00945a 0004d483 lhu              x9, 0(x9)            x9=00000116  x9:1c002ee8  PA:1c002ee8
27307256ns          482794 1c00945e 02e70333 mul              x6, x14, x14         x6=00000001 x14:00000001 x14:00000001
27307276ns          482795 1c009462 40a55513 srai             x10, x10, 0x40a     x10=ffffffff x10:fffffece
27307295ns          482796 1c009464 04812e83 lw               x29, 72(x2)         x29=1c002f08  x2:100024d8  PA:10002520
27307315ns          482797 1c009466 40a6d693 srai             x13, x13, 0x40a     x13=00000000 x13:0000001d
27307335ns          482798 1c009468 000f5d03 lhu              x26, 0(x30)         x26=0000046b x30:1c002ed8  PA:1c002ed8
27307753ns          482819 1c00946c 0005d583 lhu              x11, 0(x11)         x11=0000004c x11:1c002ef8  PA:1c002ef8
27308051ns          482834 1c009470 40a35313 srai             x6, x6, 0x40a        x6=00000000  x6:00000001
27308071ns          482835 1c009474 00a686b3 add              x13, x13, x10       x13=ffffffff x13:00000000 x10:ffffffff
27308091ns          482836 1c009476 05012f03 lw               x30, 80(x2)         x30=1c002e78  x2:100024d8  PA:10002528
27308111ns          482837 1c009478 10034e33 p.exths          x28, x6, x0         x28=00000000  x6:00000000
27308131ns          482838 1c00947c 06911023 sh               x9, 96(x2)           x9:00000116  x2:100024d8  PA:10002538
27308151ns          482839 1c009480 000ede83 lhu              x29, 0(x29)         x29=00000016 x29:1c002f08  PA:1c002f08
27308449ns          482854 1c009484 05812483 lw               x9, 88(x2)           x9=1c002e68  x2:100024d8  PA:10002530
27308469ns          482855 1c009486 1006d6b3 p.exthz          x13, x13, x0        x13=0000ffff x13:ffffffff
27308489ns          482856 1c00948a 02ee08b3 mul              x17, x28, x14       x17=00000000 x28:00000000 x14:00000001
27308509ns          482857 1c00948e 1006c833 p.exths          x16, x13, x0        x16=ffffffff x13:0000ffff
27308529ns          482858 1c009492 06b11823 sh               x11, 112(x2)        x11:0000004c  x2:100024d8  PA:10002548
27308548ns          482859 1c009496 000f5f03 lhu              x30, 0(x30)         x30=0000ff10 x30:1c002e78  PA:1c002e78
27308867ns          482875 1c00949a 0a012583 lw               x11, 160(x2)        x11=1c002e98  x2:100024d8  PA:10002578
27308887ns          482876 1c00949c 1007d7b3 p.exthz          x15, x15, x0        x15=0000ffff x15:ffffffff
27308906ns          482877 1c0094a0 0004da03 lhu              x20, 0(x9)          x20=0000fb1a  x9:1c002e68  PA:1c002e68
27309205ns          482892 1c0094a4 1007c533 p.exths          x10, x15, x0        x10=ffffffff x15:0000ffff
27309225ns          482893 1c0094a8 09d11023 sh               x29, 128(x2)        x29:00000016  x2:100024d8  PA:10002558
27309244ns          482894 1c0094ac 0003d483 lhu              x9, 0(x7)            x9=0000ffd6  x7:1c002eb8  PA:1c002eb8
27309563ns          482910 1c0094b0 02e80eb3 mul              x29, x16, x14       x29=ffffffff x16:ffffffff x14:00000001
27309583ns          482911 1c0094b4 40a8d893 srai             x17, x17, 0x40a     x17=00000000 x17:00000000
27309602ns          482912 1c0094b8 03c80833 mul              x16, x16, x28       x16=00000000 x16:ffffffff x28:00000000
27309622ns          482913 1c0094bc 09e11823 sh               x30, 144(x2)        x30:0000ff10  x2:100024d8  PA:10002568
27309642ns          482914 1c0094c0 0005d983 lhu              x19, 0(x11)         x19=0000ffaf x11:1c002e98  PA:1c002e98
27309941ns          482929 1c0094c4 81c88f5b p.muls           x30, x17, x28       x30=00000000 x17:00000000 x28:00000000
27309960ns          482930 1c0094c8 0002d583 lhu              x11, 0(x5)          x11=0000ff9c  x5:1c002ea8  PA:1c002ea8
27310259ns          482945 1c0094cc 03ce0fb3 mul              x31, x28, x28       x31=00000000 x28:00000000 x28:00000000
27310279ns          482946 1c0094d0 02e50733 mul              x14, x10, x14       x14=ffffffff x10:ffffffff x14:00000001
27310299ns          482947 1c0094d4 40a85813 srai             x16, x16, 0x40a     x16=00000000 x16:00000000
27310318ns          482948 1c0094d8 03c50533 mul              x10, x10, x28       x10=00000000 x10:ffffffff x28:00000000
27310338ns          482949 1c0094dc 07015e03 lhu              x28, 112(x2)        x28=0000004c  x2:100024d8  PA:10002548
27310378ns          482951 1c0094e0 01b60633 add              x12, x12, x27       x12=000016a2 x12:00000001 x27:000016a1
27310398ns          482952 1c0094e2 00980833 add              x16, x16, x9        x16=0000ffd6 x16:00000000  x9:0000ffd6
27310418ns          482953 1c0094e4 06015d83 lhu              x27, 96(x2)         x27=00000116  x2:100024d8  PA:10002538
27310438ns          482954 1c0094e8 02812483 lw               x9, 40(x2)           x9=1c002ec8  x2:100024d8  PA:10002500
27310458ns          482955 1c0094ea 40afdf93 srai             x31, x31, 0x40a     x31=00000000 x31:00000000
27310478ns          482956 1c0094ee 40a55513 srai             x10, x10, 0x40a     x10=00000000 x10:00000000
27310497ns          482957 1c0094f0 01cf8fb3 add              x31, x31, x28       x31=0000004c x31:00000000 x28:0000004c
27310517ns          482958 1c0094f2 00b50533 add              x10, x10, x11       x10=0000ff9c x10:00000000 x11:0000ff9c
27310537ns          482959 1c0094f4 09015e03 lhu              x28, 144(x2)        x28=0000ff10  x2:100024d8  PA:10002568
27310557ns          482960 1c0094f8 03012583 lw               x11, 48(x2)         x11=1c002ed8  x2:100024d8  PA:10002508
27310577ns          482961 1c0094fa 00c49023 sh               x12, 0(x9)          x12:000016a2  x9:1c002ec8  PA:1c002ec8
27310915ns          482978 1c0094fe 01b888b3 add              x17, x17, x27       x17=00000116 x17:00000000 x27:00000116
27310935ns          482979 1c009500 01a30333 add              x6, x6, x26          x6=0000046b  x6:00000000 x26:0000046b
27310955ns          482980 1c009502 08015d83 lhu              x27, 128(x2)        x27=00000016  x2:100024d8  PA:10002558
27310975ns          482981 1c009506 0000d903 lhu              x18, 0(x1)          x18=0000fed4  x1:1c002e88  PA:1c002e88
27311293ns          482997 1c00950a 01c686b3 add              x13, x13, x28       x13=0001ff0f x13:0000ffff x28:0000ff10
27311313ns          482998 1c00950c 00659023 sh               x6, 0(x11)           x6:0000046b x11:1c002ed8  PA:1c002ed8
27311631ns          483014 1c009510 40af5f13 srai             x30, x30, 0x40a     x30=00000000 x30:00000000
27311651ns          483015 1c009514 04812e03 lw               x28, 72(x2)         x28=1c002f08  x2:100024d8  PA:10002520
27311671ns          483016 1c009516 01bf0f33 add              x30, x30, x27       x30=00000016 x30:00000000 x27:00000016
27311691ns          483017 1c009518 40aede93 srai             x29, x29, 0x40a     x29=ffffffff x29:ffffffff
27311711ns          483018 1c00951c 40a75713 srai             x14, x14, 0x40a     x14=ffffffff x14:ffffffff
27311730ns          483019 1c00951e 03812603 lw               x12, 56(x2)         x12=1c002ee8  x2:100024d8  PA:10002510
27311750ns          483020 1c009520 04012d83 lw               x27, 64(x2)         x27=1c002ef8  x2:100024d8  PA:10002518
27311770ns          483021 1c009522 01ee1023 sh               x30, 0(x28)         x30:00000016 x28:1c002f08  PA:1c002f08
27312088ns          483037 1c009526 05812483 lw               x9, 88(x2)           x9=1c002e68  x2:100024d8  PA:10002530
27312108ns          483038 1c009528 05012f03 lw               x30, 80(x2)         x30=1c002e78  x2:100024d8  PA:10002528
27312128ns          483039 1c00952a 0a012583 lw               x11, 160(x2)        x11=1c002e98  x2:100024d8  PA:10002578
27312148ns          483040 1c00952c 014787b3 add              x15, x15, x20       x15=0001fb19 x15:0000ffff x20:0000fb1a
27312168ns          483041 1c00952e 013e8eb3 add              x29, x29, x19       x29=0000ffae x29:ffffffff x19:0000ffaf
27312188ns          483042 1c009530 01270733 add              x14, x14, x18       x14=0000fed3 x14:ffffffff x18:0000fed4
27312208ns          483043 1c009532 00f49023 sh               x15, 0(x9)          x15:0001fb19  x9:1c002e68  PA:1c002e68
27312526ns          483059 1c009536 01161023 sh               x17, 0(x12)         x17:00000116 x12:1c002ee8  PA:1c002ee8
27312844ns          483075 1c00953a 01fd9023 sh               x31, 0(x27)         x31:0000004c x27:1c002ef8  PA:1c002ef8
27313162ns          483091 1c00953e 00df1023 sh               x13, 0(x30)         x13:0001ff0f x30:1c002e78  PA:1c002e78
27313481ns          483107 1c009542 01d59023 sh               x29, 0(x11)         x29:0000ffae x11:1c002e98  PA:1c002e98
27313799ns          483123 1c009546 00e09023 sh               x14, 0(x1)          x14:0000fed3  x1:1c002e88  PA:1c002e88
27314117ns          483139 1c00954a 01039023 sh               x16, 0(x7)          x16:0000ffd6  x7:1c002eb8  PA:1c002eb8
27314475ns          483157 1c00954e 00a29023 sh               x10, 0(x5)          x10:0000ff9c  x5:1c002ea8  PA:1c002ea8
27314793ns          483173 1c009552 008b0b13 addi             x22, x22, 8         x22=0000019c x22:00000194
27314813ns          483174 1c009554 1f300793 addi             x15, x0, 499        x15=000001f3
27314833ns          483175 1c009558 e767dae3 bge              x15, x22, -396      x15:000001f3 x22:0000019c
27314932ns          483180 1c0093cc 010c9a0b p.lh             x20, 16(x25!)       x20=00000171 x25=1c0029d0 x25:1c0029c0  PA:1c0029c0
27315251ns          483196 1c0093d0 0104198b p.lh             x19, 16(x8!)        x19=ffffffdf  x8=1c002198  x8:1c002188  PA:1c002188
27315549ns          483211 1c0093d4 2cc10513 addi             x10, x2, 716        x10=100027a4  x2:100024d8
27315569ns          483212 1c0093d6 010a990b p.lh             x18, 16(x21!)       x18=0000016c x21=1c0019c4 x21:1c0019b4  PA:1c0019b4
27315867ns          483227 1c0093da 010b948b p.lh             x9, 16(x23!)         x9=ffffffc0 x23=1c0011f4 x23:1c0011e4  PA:1c0011e4
27316205ns          483244 1c0093de 2d411623 sh               x20, 716(x2)        x20:00000171  x2:100024d8  PA:100027a4
27316245ns          483246 1c0093e2 2d311723 sh               x19, 718(x2)        x19:ffffffdf  x2:100024d8  PA:100027a6
27316285ns          483248 1c0093e6 c33ff0ef jal              x1, -974             x1=1c0093e8
27316305ns          483249 1c009018 00051803 lh               x16, 0(x10)         x16=00000171 x10:100027a4  PA:100027a4
27316325ns          483250 1c00901c 00251883 lh               x17, 2(x10)         x17=ffffffdf x10:100027a4  PA:100027a6
27316384ns          483253 1c009020 030806b3 mul              x13, x16, x16       x13=000213e1 x16:00000171 x16:00000171
27316424ns          483255 1c009024 03188633 mul              x12, x17, x17       x12=00000441 x17:ffffffdf x17:ffffffdf
27316444ns          483256 1c009028 40a65613 srai             x12, x12, 0x40a     x12=00000001 x12:00000441
27316464ns          483257 1c00902a 40a6d693 srai             x13, x13, 0x40a     x13=00000084 x13:000213e1
27316484ns          483258 1c00902c 00c686b3 add              x13, x13, x12       x13=00000085 x13:00000084 x12:00000001
27316504ns          483259 1c00902e 1006c633 p.exths          x12, x13, x0        x12=00000085 x13:00000085
27316524ns          483260 1c009032 00855703 lhu              x14, 8(x10)         x14=0000ffd1 x10:100027a4  PA:100027ac
27316543ns          483261 1c009036 00a55683 lhu              x13, 10(x10)        x13=0000ff6a x10:100027a4  PA:100027ae
27316563ns          483262 1c00903a 02c60333 mul              x6, x12, x12         x6=00004519 x12:00000085 x12:00000085
27316603ns          483264 1c00903e 00c55783 lhu              x15, 12(x10)        x15=0000ffe5 x10:100027a4  PA:100027b0
27316643ns          483266 1c009042 00e55583 lhu              x11, 14(x10)        x11=00000060 x10:100027a4  PA:100027b2
27316663ns          483267 1c009046 dea30333 p.extract        x6, x6, 15, 10       x6=00000011  x6:00004519
27316683ns          483268 1c00904a 80c7075b p.muls           x14, x14, x12       x14=ffffe795 x14:0000ffd1 x12:00000085
27316742ns          483271 1c00904e 80c686db p.muls           x13, x13, x12       x13=ffffb212 x13:0000ff6a x12:00000085
27316782ns          483273 1c009052 00455e83 lhu              x29, 4(x10)         x29=00000427 x10:100027a4  PA:100027a8
27316802ns          483274 1c009056 00655e03 lhu              x28, 6(x10)         x28=0000007f x10:100027a4  PA:100027aa
27316822ns          483275 1c00905a 40a75713 srai             x14, x14, 0x40a     x14=fffffff9 x14:ffffe795
27316842ns          483276 1c00905c 806787db p.muls           x15, x15, x6        x15=fffffe35 x15:0000ffe5  x6:00000011
27316881ns          483278 1c009060 40a6d693 srai             x13, x13, 0x40a     x13=ffffffec x13:ffffb212
27316921ns          483280 1c009062 8065865b p.muls           x12, x11, x6        x12=00000660 x11:00000060  x6:00000011
27316941ns          483281 1c009066 40a7d793 srai             x15, x15, 0x40a     x15=ffffffff x15:fffffe35
27316961ns          483282 1c009068 40a65613 srai             x12, x12, 0x40a     x12=00000001 x12:00000660
27316981ns          483283 1c00906a 01d70733 add              x14, x14, x29       x14=00000420 x14:fffffff9 x29:00000427
27317001ns          483284 1c00906c 01c686b3 add              x13, x13, x28       x13=0000006b x13:ffffffec x28:0000007f
27317021ns          483285 1c00906e 00c686b3 add              x13, x13, x12       x13=0000006c x13:0000006b x12:00000001
27317041ns          483286 1c009070 00f70733 add              x14, x14, x15       x14=0000041f x14:00000420 x15:ffffffff
27317060ns          483287 1c009072 100747b3 p.exths          x15, x14, x0        x15=0000041f x14:0000041f
27317080ns          483288 1c009076 1006c733 p.exths          x14, x13, x0        x14=0000006c x13:0000006c
27317100ns          483289 1c00907a 03170633 mul              x12, x14, x17       x12=fffff214 x14:0000006c x17:ffffffdf
27317120ns          483290 1c00907e 030786b3 mul              x13, x15, x16       x13=0005f0af x15:0000041f x16:00000171
27317140ns          483291 1c009082 03070733 mul              x14, x14, x16       x14=00009bac x14:0000006c x16:00000171
27317160ns          483292 1c009086 031787b3 mul              x15, x15, x17       x15=ffff7801 x15:0000041f x17:ffffffdf
27317180ns          483293 1c00908a 40a6d693 srai             x13, x13, 0x40a     x13=0000017c x13:0005f0af
27317200ns          483294 1c00908c 40a65613 srai             x12, x12, 0x40a     x12=fffffffc x12:fffff214
27317220ns          483295 1c00908e 40a7d793 srai             x15, x15, 0x40a     x15=ffffffde x15:ffff7801
27317239ns          483296 1c009090 40a75713 srai             x14, x14, 0x40a     x14=00000026 x14:00009bac
27317259ns          483297 1c009092 40c686b3 sub              x13, x13, x12       x13=00000180 x13:0000017c x12:fffffffc
27317279ns          483298 1c009094 00e787b3 add              x15, x15, x14       x15=00000004 x15:ffffffde x14:00000026
27317299ns          483299 1c009096 00d51823 sh               x13, 16(x10)        x13:00000180 x10:100027a4  PA:100027b4
27317319ns          483300 1c00909a 00f51923 sh               x15, 18(x10)        x15:00000004 x10:100027a4  PA:100027b6
27317339ns          483301 1c00909e 00008067 jalr             x0, x1, 0            x1:1c0093e8
27317458ns          483307 1c0093e8 2dc15583 lhu              x11, 732(x2)        x11=00000180  x2:100024d8  PA:100027b4
27317498ns          483309 1c0093ec 2de15783 lhu              x15, 734(x2)        x15=00000004  x2:100024d8  PA:100027b6
27317518ns          483310 1c0093f0 40b90933 sub              x18, x18, x11       x18=ffffffec x18:0000016c x11:00000180
27317538ns          483311 1c0093f4 40f484b3 sub              x9, x9, x15          x9=ffffffbc  x9:ffffffc0 x15:00000004
27317558ns          483312 1c0093f6 100945b3 p.exths          x11, x18, x0        x11=ffffffec x18:ffffffec
27317578ns          483313 1c0093fa 1004c7b3 p.exths          x15, x9, x0         x15=ffffffbc  x9:ffffffbc
27317597ns          483314 1c0093fe 034586b3 mul              x13, x11, x20       x13=ffffe32c x11:ffffffec x20:00000171
27317617ns          483315 1c009402 03378533 mul              x10, x15, x19       x10=000008c4 x15:ffffffbc x19:ffffffdf
27317637ns          483316 1c009406 034a0633 mul              x12, x20, x20       x12=000213e1 x20:00000171 x20:00000171
27317657ns          483317 1c00940a 03398733 mul              x14, x19, x19       x14=00000441 x19:ffffffdf x19:ffffffdf
27317717ns          483320 1c00940e 034787b3 mul              x15, x15, x20       x15=ffff9dfc x15:ffffffbc x20:00000171
27317757ns          483322 1c009412 033585b3 mul              x11, x11, x19       x11=00000294 x11:ffffffec x19:ffffffdf
27317776ns          483323 1c009416 40a75713 srai             x14, x14, 0x40a     x14=00000001 x14:00000441
27317796ns          483324 1c009418 40a5d593 srai             x11, x11, 0x40a     x11=00000000 x11:00000294
27317816ns          483325 1c00941a 40a65613 srai             x12, x12, 0x40a     x12=00000084 x12:000213e1
27317836ns          483326 1c00941c 40a7d793 srai             x15, x15, 0x40a     x15=ffffffe7 x15:ffff9dfc
27317856ns          483327 1c00941e 1c0034b7 lui              x9, 0x1c003000       x9=1c003000
27317876ns          483328 1c009422 00e60633 add              x12, x12, x14       x12=00000085 x12:00000084 x14:00000001
27317896ns          483329 1c009424 40b787b3 sub              x15, x15, x11       x15=ffffffe7 x15:ffffffe7 x11:00000000
27317916ns          483330 1c009426 eb048493 addi             x9, x9, -336         x9=1c002eb0  x9:1c003000
27317936ns          483331 1c00942a 1c0032b7 lui              x5, 0x1c003000       x5=1c003000
27317955ns          483332 1c00942e 1c0035b7 lui              x11, 0x1c003000     x11=1c003000
27317975ns          483333 1c009432 018483b3 add              x7, x9, x24          x7=1c002eb8  x9:1c002eb0 x24:00000008
27317995ns          483334 1c009436 02812e83 lw               x29, 40(x2)         x29=1c002ec8  x2:100024d8  PA:10002500
27318015ns          483335 1c009438 10065633 p.exthz          x12, x12, x0        x12=00000085 x12:00000085
27318035ns          483336 1c00943c e8028293 addi             x5, x5, -384         x5=1c002e80  x5:1c003000
27318055ns          483337 1c009440 ea058593 addi             x11, x11, -352      x11=1c002ea0 x11:1c003000
27318075ns          483338 1c009444 03812483 lw               x9, 56(x2)           x9=1c002ee8  x2:100024d8  PA:10002510
27318095ns          483339 1c009446 10064733 p.exths          x14, x12, x0        x14=00000085 x12:00000085
27318115ns          483340 1c00944a 018280b3 add              x1, x5, x24          x1=1c002e88  x5:1c002e80 x24:00000008
27318134ns          483341 1c00944e 03012f03 lw               x30, 48(x2)         x30=1c002ed8  x2:100024d8  PA:10002508
27318154ns          483342 1c009450 018582b3 add              x5, x11, x24         x5=1c002ea8 x11:1c002ea0 x24:00000008
27318174ns          483343 1c009454 04012583 lw               x11, 64(x2)         x11=1c002ef8  x2:100024d8  PA:10002518
27318194ns          483344 1c009456 000edd83 lhu              x27, 0(x29)         x27=000016a2 x29:1c002ec8  PA:1c002ec8
27318492ns          483359 1c00945a 0004d483 lhu              x9, 0(x9)            x9=00000116  x9:1c002ee8  PA:1c002ee8
27318791ns          483374 1c00945e 02e70333 mul              x6, x14, x14         x6=00004519 x14:00000085 x14:00000085
27318811ns          483375 1c009462 40a55513 srai             x10, x10, 0x40a     x10=00000002 x10:000008c4
27318831ns          483376 1c009464 04812e83 lw               x29, 72(x2)         x29=1c002f08  x2:100024d8  PA:10002520
27318850ns          483377 1c009466 40a6d693 srai             x13, x13, 0x40a     x13=fffffff8 x13:ffffe32c
27318870ns          483378 1c009468 000f5d03 lhu              x26, 0(x30)         x26=0000046b x30:1c002ed8  PA:1c002ed8
27319248ns          483397 1c00946c 0005d583 lhu              x11, 0(x11)         x11=0000004c x11:1c002ef8  PA:1c002ef8
27319566ns          483413 1c009470 40a35313 srai             x6, x6, 0x40a        x6=00000011  x6:00004519
27319586ns          483414 1c009474 00a686b3 add              x13, x13, x10       x13=fffffffa x13:fffffff8 x10:00000002
27319606ns          483415 1c009476 05012f03 lw               x30, 80(x2)         x30=1c002e78  x2:100024d8  PA:10002528
27319626ns          483416 1c009478 10034e33 p.exths          x28, x6, x0         x28=00000011  x6:00000011
27319646ns          483417 1c00947c 06911023 sh               x9, 96(x2)           x9:00000116  x2:100024d8  PA:10002538
27319666ns          483418 1c009480 000ede83 lhu              x29, 0(x29)         x29=00000016 x29:1c002f08  PA:1c002f08
27320004ns          483435 1c009484 05812483 lw               x9, 88(x2)           x9=1c002e68  x2:100024d8  PA:10002530
27320024ns          483436 1c009486 1006d6b3 p.exthz          x13, x13, x0        x13=0000fffa x13:fffffffa
27320044ns          483437 1c00948a 02ee08b3 mul              x17, x28, x14       x17=000008d5 x28:00000011 x14:00000085
27320064ns          483438 1c00948e 1006c833 p.exths          x16, x13, x0        x16=fffffffa x13:0000fffa
27320083ns          483439 1c009492 06b11823 sh               x11, 112(x2)        x11:0000004c  x2:100024d8  PA:10002548
27320103ns          483440 1c009496 000f5f03 lhu              x30, 0(x30)         x30=0000ff0f x30:1c002e78  PA:1c002e78
27320501ns          483460 1c00949a 0a012583 lw               x11, 160(x2)        x11=1c002e98  x2:100024d8  PA:10002578
27320521ns          483461 1c00949c 1007d7b3 p.exthz          x15, x15, x0        x15=0000ffe7 x15:ffffffe7
27320541ns          483462 1c0094a0 0004da03 lhu              x20, 0(x9)          x20=0000fb19  x9:1c002e68  PA:1c002e68
27320839ns          483477 1c0094a4 1007c533 p.exths          x10, x15, x0        x10=ffffffe7 x15:0000ffe7
27320859ns          483478 1c0094a8 09d11023 sh               x29, 128(x2)        x29:00000016  x2:100024d8  PA:10002558
27320879ns          483479 1c0094ac 0003d483 lhu              x9, 0(x7)            x9=0000ffd6  x7:1c002eb8  PA:1c002eb8
27321177ns          483494 1c0094b0 02e80eb3 mul              x29, x16, x14       x29=fffffce2 x16:fffffffa x14:00000085
27321197ns          483495 1c0094b4 40a8d893 srai             x17, x17, 0x40a     x17=00000002 x17:000008d5
27321217ns          483496 1c0094b8 03c80833 mul              x16, x16, x28       x16=ffffff9a x16:fffffffa x28:00000011
27321237ns          483497 1c0094bc 09e11823 sh               x30, 144(x2)        x30:0000ff0f  x2:100024d8  PA:10002568
27321257ns          483498 1c0094c0 0005d983 lhu              x19, 0(x11)         x19=0000ffae x11:1c002e98  PA:1c002e98
27321575ns          483514 1c0094c4 81c88f5b p.muls           x30, x17, x28       x30=00000022 x17:00000002 x28:00000011
27321595ns          483515 1c0094c8 0002d583 lhu              x11, 0(x5)          x11=0000ff9c  x5:1c002ea8  PA:1c002ea8
27321993ns          483535 1c0094cc 03ce0fb3 mul              x31, x28, x28       x31=00000121 x28:00000011 x28:00000011
27322013ns          483536 1c0094d0 02e50733 mul              x14, x10, x14       x14=fffff303 x10:ffffffe7 x14:00000085
27322032ns          483537 1c0094d4 40a85813 srai             x16, x16, 0x40a     x16=ffffffff x16:ffffff9a
27322052ns          483538 1c0094d8 03c50533 mul              x10, x10, x28       x10=fffffe57 x10:ffffffe7 x28:00000011
27322072ns          483539 1c0094dc 07015e03 lhu              x28, 112(x2)        x28=0000004c  x2:100024d8  PA:10002548
27322092ns          483540 1c0094e0 01b60633 add              x12, x12, x27       x12=00001727 x12:00000085 x27:000016a2
27322112ns          483541 1c0094e2 00980833 add              x16, x16, x9        x16=0000ffd5 x16:ffffffff  x9:0000ffd6
27322132ns          483542 1c0094e4 06015d83 lhu              x27, 96(x2)         x27=00000116  x2:100024d8  PA:10002538
27322152ns          483543 1c0094e8 02812483 lw               x9, 40(x2)           x9=1c002ec8  x2:100024d8  PA:10002500
27322172ns          483544 1c0094ea 40afdf93 srai             x31, x31, 0x40a     x31=00000000 x31:00000121
27322192ns          483545 1c0094ee 40a55513 srai             x10, x10, 0x40a     x10=ffffffff x10:fffffe57
27322211ns          483546 1c0094f0 01cf8fb3 add              x31, x31, x28       x31=0000004c x31:00000000 x28:0000004c
27322231ns          483547 1c0094f2 00b50533 add              x10, x10, x11       x10=0000ff9b x10:ffffffff x11:0000ff9c
27322251ns          483548 1c0094f4 09015e03 lhu              x28, 144(x2)        x28=0000ff0f  x2:100024d8  PA:10002568
27322271ns          483549 1c0094f8 03012583 lw               x11, 48(x2)         x11=1c002ed8  x2:100024d8  PA:10002508
27322291ns          483550 1c0094fa 00c49023 sh               x12, 0(x9)          x12:00001727  x9:1c002ec8  PA:1c002ec8
27322629ns          483567 1c0094fe 01b888b3 add              x17, x17, x27       x17=00000118 x17:00000002 x27:00000116
27322649ns          483568 1c009500 01a30333 add              x6, x6, x26          x6=0000047c  x6:00000011 x26:0000046b
27322669ns          483569 1c009502 08015d83 lhu              x27, 128(x2)        x27=00000016  x2:100024d8  PA:10002558
27322689ns          483570 1c009506 0000d903 lhu              x18, 0(x1)          x18=0000fed3  x1:1c002e88  PA:1c002e88
27322987ns          483585 1c00950a 01c686b3 add              x13, x13, x28       x13=0001ff09 x13:0000fffa x28:0000ff0f
27323007ns          483586 1c00950c 00659023 sh               x6, 0(x11)           x6:0000047c x11:1c002ed8  PA:1c002ed8
27323325ns          483602 1c009510 40af5f13 srai             x30, x30, 0x40a     x30=00000000 x30:00000022
27323345ns          483603 1c009514 04812e03 lw               x28, 72(x2)         x28=1c002f08  x2:100024d8  PA:10002520
27323365ns          483604 1c009516 01bf0f33 add              x30, x30, x27       x30=00000016 x30:00000000 x27:00000016
27323385ns          483605 1c009518 40aede93 srai             x29, x29, 0x40a     x29=ffffffff x29:fffffce2
27323405ns          483606 1c00951c 40a75713 srai             x14, x14, 0x40a     x14=fffffffc x14:fffff303
27323425ns          483607 1c00951e 03812603 lw               x12, 56(x2)         x12=1c002ee8  x2:100024d8  PA:10002510
27323445ns          483608 1c009520 04012d83 lw               x27, 64(x2)         x27=1c002ef8  x2:100024d8  PA:10002518
27323464ns          483609 1c009522 01ee1023 sh               x30, 0(x28)         x30:00000016 x28:1c002f08  PA:1c002f08
27323822ns          483627 1c009526 05812483 lw               x9, 88(x2)           x9=1c002e68  x2:100024d8  PA:10002530
27323842ns          483628 1c009528 05012f03 lw               x30, 80(x2)         x30=1c002e78  x2:100024d8  PA:10002528
27323862ns          483629 1c00952a 0a012583 lw               x11, 160(x2)        x11=1c002e98  x2:100024d8  PA:10002578
27323882ns          483630 1c00952c 014787b3 add              x15, x15, x20       x15=0001fb00 x15:0000ffe7 x20:0000fb19
27323902ns          483631 1c00952e 013e8eb3 add              x29, x29, x19       x29=0000ffad x29:ffffffff x19:0000ffae
27323922ns          483632 1c009530 01270733 add              x14, x14, x18       x14=0000fecf x14:fffffffc x18:0000fed3
27323942ns          483633 1c009532 00f49023 sh               x15, 0(x9)          x15:0001fb00  x9:1c002e68  PA:1c002e68
27324280ns          483650 1c009536 01161023 sh               x17, 0(x12)         x17:00000118 x12:1c002ee8  PA:1c002ee8
27324598ns          483666 1c00953a 01fd9023 sh               x31, 0(x27)         x31:0000004c x27:1c002ef8  PA:1c002ef8
27324916ns          483682 1c00953e 00df1023 sh               x13, 0(x30)         x13:0001ff09 x30:1c002e78  PA:1c002e78
27325234ns          483698 1c009542 01d59023 sh               x29, 0(x11)         x29:0000ffad x11:1c002e98  PA:1c002e98
27325573ns          483715 1c009546 00e09023 sh               x14, 0(x1)          x14:0000fecf  x1:1c002e88  PA:1c002e88
27325891ns          483731 1c00954a 01039023 sh               x16, 0(x7)          x16:0000ffd5  x7:1c002eb8  PA:1c002eb8
27326209ns          483747 1c00954e 00a29023 sh               x10, 0(x5)          x10:0000ff9b  x5:1c002ea8  PA:1c002ea8
27326527ns          483763 1c009552 008b0b13 addi             x22, x22, 8         x22=000001a4 x22:0000019c
27326547ns          483764 1c009554 1f300793 addi             x15, x0, 499        x15=000001f3
27326567ns          483765 1c009558 e767dae3 bge              x15, x22, -396      x15:000001f3 x22:000001a4
27326706ns          483772 1c0093cc 010c9a0b p.lh             x20, 16(x25!)       x20=ffffffc6 x25=1c0029e0 x25:1c0029d0  PA:1c0029d0
27327064ns          483790 1c0093d0 0104198b p.lh             x19, 16(x8!)        x19=fffffe80  x8=1c0021a8  x8:1c002198  PA:1c002198
27327362ns          483805 1c0093d4 2cc10513 addi             x10, x2, 716        x10=100027a4  x2:100024d8
27327382ns          483806 1c0093d6 010a990b p.lh             x18, 16(x21!)       x18=ffffffaa x21=1c0019d4 x21:1c0019c4  PA:1c0019c4
27327681ns          483821 1c0093da 010b948b p.lh             x9, 16(x23!)         x9=fffffe91 x23=1c001204 x23:1c0011f4  PA:1c0011f4
27327999ns          483837 1c0093de 2d411623 sh               x20, 716(x2)        x20:ffffffc6  x2:100024d8  PA:100027a4
27328039ns          483839 1c0093e2 2d311723 sh               x19, 718(x2)        x19:fffffe80  x2:100024d8  PA:100027a6
27328078ns          483841 1c0093e6 c33ff0ef jal              x1, -974             x1=1c0093e8
27328098ns          483842 1c009018 00051803 lh               x16, 0(x10)         x16=ffffffc6 x10:100027a4  PA:100027a4
27328118ns          483843 1c00901c 00251883 lh               x17, 2(x10)         x17=fffffe80 x10:100027a4  PA:100027a6
27328138ns          483844 1c009020 030806b3 mul              x13, x16, x16       x13=00000d24 x16:ffffffc6 x16:ffffffc6
27328158ns          483845 1c009024 03188633 mul              x12, x17, x17       x12=00024000 x17:fffffe80 x17:fffffe80
27328178ns          483846 1c009028 40a65613 srai             x12, x12, 0x40a     x12=00000090 x12:00024000
27328198ns          483847 1c00902a 40a6d693 srai             x13, x13, 0x40a     x13=00000003 x13:00000d24
27328218ns          483848 1c00902c 00c686b3 add              x13, x13, x12       x13=00000093 x13:00000003 x12:00000090
27328238ns          483849 1c00902e 1006c633 p.exths          x12, x13, x0        x12=00000093 x13:00000093
27328257ns          483850 1c009032 00855703 lhu              x14, 8(x10)         x14=0000ffd1 x10:100027a4  PA:100027ac
27328277ns          483851 1c009036 00a55683 lhu              x13, 10(x10)        x13=0000ff6a x10:100027a4  PA:100027ae
27328297ns          483852 1c00903a 02c60333 mul              x6, x12, x12         x6=00005469 x12:00000093 x12:00000093
27328317ns          483853 1c00903e 00c55783 lhu              x15, 12(x10)        x15=0000ffe5 x10:100027a4  PA:100027b0
27328337ns          483854 1c009042 00e55583 lhu              x11, 14(x10)        x11=00000060 x10:100027a4  PA:100027b2
27328357ns          483855 1c009046 dea30333 p.extract        x6, x6, 15, 10       x6=00000015  x6:00005469
27328377ns          483856 1c00904a 80c7075b p.muls           x14, x14, x12       x14=ffffe503 x14:0000ffd1 x12:00000093
27328397ns          483857 1c00904e 80c686db p.muls           x13, x13, x12       x13=ffffa9de x13:0000ff6a x12:00000093
27328417ns          483858 1c009052 00455e83 lhu              x29, 4(x10)         x29=00000427 x10:100027a4  PA:100027a8
27328436ns          483859 1c009056 00655e03 lhu              x28, 6(x10)         x28=0000007f x10:100027a4  PA:100027aa
27328456ns          483860 1c00905a 40a75713 srai             x14, x14, 0x40a     x14=fffffff9 x14:ffffe503
27328476ns          483861 1c00905c 806787db p.muls           x15, x15, x6        x15=fffffdc9 x15:0000ffe5  x6:00000015
27328496ns          483862 1c009060 40a6d693 srai             x13, x13, 0x40a     x13=ffffffea x13:ffffa9de
27328536ns          483864 1c009062 8065865b p.muls           x12, x11, x6        x12=000007e0 x11:00000060  x6:00000015
27328556ns          483865 1c009066 40a7d793 srai             x15, x15, 0x40a     x15=ffffffff x15:fffffdc9
27328576ns          483866 1c009068 40a65613 srai             x12, x12, 0x40a     x12=00000001 x12:000007e0
27328596ns          483867 1c00906a 01d70733 add              x14, x14, x29       x14=00000420 x14:fffffff9 x29:00000427
27328615ns          483868 1c00906c 01c686b3 add              x13, x13, x28       x13=00000069 x13:ffffffea x28:0000007f
27328635ns          483869 1c00906e 00c686b3 add              x13, x13, x12       x13=0000006a x13:00000069 x12:00000001
27328655ns          483870 1c009070 00f70733 add              x14, x14, x15       x14=0000041f x14:00000420 x15:ffffffff
27328675ns          483871 1c009072 100747b3 p.exths          x15, x14, x0        x15=0000041f x14:0000041f
27328695ns          483872 1c009076 1006c733 p.exths          x14, x13, x0        x14=0000006a x13:0000006a
27328715ns          483873 1c00907a 03170633 mul              x12, x14, x17       x12=ffff6100 x14:0000006a x17:fffffe80
27328735ns          483874 1c00907e 030786b3 mul              x13, x15, x16       x13=ffff10fa x15:0000041f x16:ffffffc6
27328755ns          483875 1c009082 03070733 mul              x14, x14, x16       x14=ffffe7fc x14:0000006a x16:ffffffc6
27328775ns          483876 1c009086 031787b3 mul              x15, x15, x17       x15=fff9d180 x15:0000041f x17:fffffe80
27328794ns          483877 1c00908a 40a6d693 srai             x13, x13, 0x40a     x13=ffffffc4 x13:ffff10fa
27328814ns          483878 1c00908c 40a65613 srai             x12, x12, 0x40a     x12=ffffffd8 x12:ffff6100
27328834ns          483879 1c00908e 40a7d793 srai             x15, x15, 0x40a     x15=fffffe74 x15:fff9d180
27328854ns          483880 1c009090 40a75713 srai             x14, x14, 0x40a     x14=fffffff9 x14:ffffe7fc
27328874ns          483881 1c009092 40c686b3 sub              x13, x13, x12       x13=ffffffec x13:ffffffc4 x12:ffffffd8
27328894ns          483882 1c009094 00e787b3 add              x15, x15, x14       x15=fffffe6d x15:fffffe74 x14:fffffff9
27328914ns          483883 1c009096 00d51823 sh               x13, 16(x10)        x13:ffffffec x10:100027a4  PA:100027b4
27328954ns          483885 1c00909a 00f51923 sh               x15, 18(x10)        x15:fffffe6d x10:100027a4  PA:100027b6
27328993ns          483887 1c00909e 00008067 jalr             x0, x1, 0            x1:1c0093e8
27329013ns          483888 1c0093e8 2dc15583 lhu              x11, 732(x2)        x11=0000ffec  x2:100024d8  PA:100027b4
27329033ns          483889 1c0093ec 2de15783 lhu              x15, 734(x2)        x15=0000fe6d  x2:100024d8  PA:100027b6
27329053ns          483890 1c0093f0 40b90933 sub              x18, x18, x11       x18=fffeffbe x18:ffffffaa x11:0000ffec
27329073ns          483891 1c0093f4 40f484b3 sub              x9, x9, x15          x9=ffff0024  x9:fffffe91 x15:0000fe6d
27329093ns          483892 1c0093f6 100945b3 p.exths          x11, x18, x0        x11=ffffffbe x18:fffeffbe
27329113ns          483893 1c0093fa 1004c7b3 p.exths          x15, x9, x0         x15=00000024  x9:ffff0024
27329132ns          483894 1c0093fe 034586b3 mul              x13, x11, x20       x13=00000ef4 x11:ffffffbe x20:ffffffc6
27329152ns          483895 1c009402 03378533 mul              x10, x15, x19       x10=ffffca00 x15:00000024 x19:fffffe80
27329172ns          483896 1c009406 034a0633 mul              x12, x20, x20       x12=00000d24 x20:ffffffc6 x20:ffffffc6
27329192ns          483897 1c00940a 03398733 mul              x14, x19, x19       x14=00024000 x19:fffffe80 x19:fffffe80
27329252ns          483900 1c00940e 034787b3 mul              x15, x15, x20       x15=fffff7d8 x15:00000024 x20:ffffffc6
27329292ns          483902 1c009412 033585b3 mul              x11, x11, x19       x11=00006300 x11:ffffffbe x19:fffffe80
27329311ns          483903 1c009416 40a75713 srai             x14, x14, 0x40a     x14=00000090 x14:00024000
27329331ns          483904 1c009418 40a5d593 srai             x11, x11, 0x40a     x11=00000018 x11:00006300
27329351ns          483905 1c00941a 40a65613 srai             x12, x12, 0x40a     x12=00000003 x12:00000d24
27329371ns          483906 1c00941c 40a7d793 srai             x15, x15, 0x40a     x15=fffffffd x15:fffff7d8
27329391ns          483907 1c00941e 1c0034b7 lui              x9, 0x1c003000       x9=1c003000
27329411ns          483908 1c009422 00e60633 add              x12, x12, x14       x12=00000093 x12:00000003 x14:00000090
27329431ns          483909 1c009424 40b787b3 sub              x15, x15, x11       x15=ffffffe5 x15:fffffffd x11:00000018
27329451ns          483910 1c009426 eb048493 addi             x9, x9, -336         x9=1c002eb0  x9:1c003000
27329471ns          483911 1c00942a 1c0032b7 lui              x5, 0x1c003000       x5=1c003000
27329490ns          483912 1c00942e 1c0035b7 lui              x11, 0x1c003000     x11=1c003000
27329510ns          483913 1c009432 018483b3 add              x7, x9, x24          x7=1c002eb8  x9:1c002eb0 x24:00000008
27329530ns          483914 1c009436 02812e83 lw               x29, 40(x2)         x29=1c002ec8  x2:100024d8  PA:10002500
27329550ns          483915 1c009438 10065633 p.exthz          x12, x12, x0        x12=00000093 x12:00000093
27329570ns          483916 1c00943c e8028293 addi             x5, x5, -384         x5=1c002e80  x5:1c003000
27329610ns          483918 1c009440 ea058593 addi             x11, x11, -352      x11=1c002ea0 x11:1c003000
27329650ns          483920 1c009444 03812483 lw               x9, 56(x2)           x9=1c002ee8  x2:100024d8  PA:10002510
27329669ns          483921 1c009446 10064733 p.exths          x14, x12, x0        x14=00000093 x12:00000093
27329689ns          483922 1c00944a 018280b3 add              x1, x5, x24          x1=1c002e88  x5:1c002e80 x24:00000008
27329709ns          483923 1c00944e 03012f03 lw               x30, 48(x2)         x30=1c002ed8  x2:100024d8  PA:10002508
27329749ns          483925 1c009450 018582b3 add              x5, x11, x24         x5=1c002ea8 x11:1c002ea0 x24:00000008
27329789ns          483927 1c009454 04012583 lw               x11, 64(x2)         x11=1c002ef8  x2:100024d8  PA:10002518
27329809ns          483928 1c009456 000edd83 lhu              x27, 0(x29)         x27=00001727 x29:1c002ec8  PA:1c002ec8
27330107ns          483943 1c00945a 0004d483 lhu              x9, 0(x9)            x9=00000118  x9:1c002ee8  PA:1c002ee8
27330445ns          483960 1c00945e 02e70333 mul              x6, x14, x14         x6=00005469 x14:00000093 x14:00000093
27330465ns          483961 1c009462 40a55513 srai             x10, x10, 0x40a     x10=fffffff2 x10:ffffca00
27330485ns          483962 1c009464 04812e83 lw               x29, 72(x2)         x29=1c002f08  x2:100024d8  PA:10002520
27330505ns          483963 1c009466 40a6d693 srai             x13, x13, 0x40a     x13=00000003 x13:00000ef4
27330525ns          483964 1c009468 000f5d03 lhu              x26, 0(x30)         x26=0000047c x30:1c002ed8  PA:1c002ed8
27330863ns          483981 1c00946c 0005d583 lhu              x11, 0(x11)         x11=0000004c x11:1c002ef8  PA:1c002ef8
27331161ns          483996 1c009470 40a35313 srai             x6, x6, 0x40a        x6=00000015  x6:00005469
27331181ns          483997 1c009474 00a686b3 add              x13, x13, x10       x13=fffffff5 x13:00000003 x10:fffffff2
27331201ns          483998 1c009476 05012f03 lw               x30, 80(x2)         x30=1c002e78  x2:100024d8  PA:10002528
27331221ns          483999 1c009478 10034e33 p.exths          x28, x6, x0         x28=00000015  x6:00000015
27331241ns          484000 1c00947c 06911023 sh               x9, 96(x2)           x9:00000118  x2:100024d8  PA:10002538
27331261ns          484001 1c009480 000ede83 lhu              x29, 0(x29)         x29=00000016 x29:1c002f08  PA:1c002f08
27331579ns          484017 1c009484 05812483 lw               x9, 88(x2)           x9=1c002e68  x2:100024d8  PA:10002530
27331599ns          484018 1c009486 1006d6b3 p.exthz          x13, x13, x0        x13=0000fff5 x13:fffffff5
27331618ns          484019 1c00948a 02ee08b3 mul              x17, x28, x14       x17=00000c0f x28:00000015 x14:00000093
27331638ns          484020 1c00948e 1006c833 p.exths          x16, x13, x0        x16=fffffff5 x13:0000fff5
27331658ns          484021 1c009492 06b11823 sh               x11, 112(x2)        x11:0000004c  x2:100024d8  PA:10002548
27331678ns          484022 1c009496 000f5f03 lhu              x30, 0(x30)         x30=0000ff09 x30:1c002e78  PA:1c002e78
27331976ns          484037 1c00949a 0a012583 lw               x11, 160(x2)        x11=1c002e98  x2:100024d8  PA:10002578
27331996ns          484038 1c00949c 1007d7b3 p.exthz          x15, x15, x0        x15=0000ffe5 x15:ffffffe5
27332016ns          484039 1c0094a0 0004da03 lhu              x20, 0(x9)          x20=0000fb00  x9:1c002e68  PA:1c002e68
27332394ns          484058 1c0094a4 1007c533 p.exths          x10, x15, x0        x10=ffffffe5 x15:0000ffe5
27332414ns          484059 1c0094a8 09d11023 sh               x29, 128(x2)        x29:00000016  x2:100024d8  PA:10002558
27332434ns          484060 1c0094ac 0003d483 lhu              x9, 0(x7)            x9=0000ffd5  x7:1c002eb8  PA:1c002eb8
27332772ns          484077 1c0094b0 02e80eb3 mul              x29, x16, x14       x29=fffff9af x16:fffffff5 x14:00000093
27332792ns          484078 1c0094b4 40a8d893 srai             x17, x17, 0x40a     x17=00000003 x17:00000c0f
27332812ns          484079 1c0094b8 03c80833 mul              x16, x16, x28       x16=ffffff19 x16:fffffff5 x28:00000015
27332832ns          484080 1c0094bc 09e11823 sh               x30, 144(x2)        x30:0000ff09  x2:100024d8  PA:10002568
27332852ns          484081 1c0094c0 0005d983 lhu              x19, 0(x11)         x19=0000ffad x11:1c002e98  PA:1c002e98
27333349ns          484106 1c0094c4 81c88f5b p.muls           x30, x17, x28       x30=0000003f x17:00000003 x28:00000015
27333369ns          484107 1c0094c8 0002d583 lhu              x11, 0(x5)          x11=0000ff9b  x5:1c002ea8  PA:1c002ea8
27333707ns          484124 1c0094cc 03ce0fb3 mul              x31, x28, x28       x31=000001b9 x28:00000015 x28:00000015
27333727ns          484125 1c0094d0 02e50733 mul              x14, x10, x14       x14=fffff07f x10:ffffffe5 x14:00000093
27333747ns          484126 1c0094d4 40a85813 srai             x16, x16, 0x40a     x16=ffffffff x16:ffffff19
27333766ns          484127 1c0094d8 03c50533 mul              x10, x10, x28       x10=fffffdc9 x10:ffffffe5 x28:00000015
27333786ns          484128 1c0094dc 07015e03 lhu              x28, 112(x2)        x28=0000004c  x2:100024d8  PA:10002548
27333826ns          484130 1c0094e0 01b60633 add              x12, x12, x27       x12=000017ba x12:00000093 x27:00001727
27333846ns          484131 1c0094e2 00980833 add              x16, x16, x9        x16=0000ffd4 x16:ffffffff  x9:0000ffd5
27333866ns          484132 1c0094e4 06015d83 lhu              x27, 96(x2)         x27=00000118  x2:100024d8  PA:10002538
27333886ns          484133 1c0094e8 02812483 lw               x9, 40(x2)           x9=1c002ec8  x2:100024d8  PA:10002500
27333906ns          484134 1c0094ea 40afdf93 srai             x31, x31, 0x40a     x31=00000000 x31:000001b9
27333926ns          484135 1c0094ee 40a55513 srai             x10, x10, 0x40a     x10=ffffffff x10:fffffdc9
27333945ns          484136 1c0094f0 01cf8fb3 add              x31, x31, x28       x31=0000004c x31:00000000 x28:0000004c
27333965ns          484137 1c0094f2 00b50533 add              x10, x10, x11       x10=0000ff9a x10:ffffffff x11:0000ff9b
27333985ns          484138 1c0094f4 09015e03 lhu              x28, 144(x2)        x28=0000ff09  x2:100024d8  PA:10002568
27334005ns          484139 1c0094f8 03012583 lw               x11, 48(x2)         x11=1c002ed8  x2:100024d8  PA:10002508
27334025ns          484140 1c0094fa 00c49023 sh               x12, 0(x9)          x12:000017ba  x9:1c002ec8  PA:1c002ec8
27334343ns          484156 1c0094fe 01b888b3 add              x17, x17, x27       x17=0000011b x17:00000003 x27:00000118
27334363ns          484157 1c009500 01a30333 add              x6, x6, x26          x6=00000491  x6:00000015 x26:0000047c
27334383ns          484158 1c009502 08015d83 lhu              x27, 128(x2)        x27=00000016  x2:100024d8  PA:10002558
27334403ns          484159 1c009506 0000d903 lhu              x18, 0(x1)          x18=0000fecf  x1:1c002e88  PA:1c002e88
27334721ns          484175 1c00950a 01c686b3 add              x13, x13, x28       x13=0001fefe x13:0000fff5 x28:0000ff09
27334741ns          484176 1c00950c 00659023 sh               x6, 0(x11)           x6:00000491 x11:1c002ed8  PA:1c002ed8
27335059ns          484192 1c009510 40af5f13 srai             x30, x30, 0x40a     x30=00000000 x30:0000003f
27335079ns          484193 1c009514 04812e03 lw               x28, 72(x2)         x28=1c002f08  x2:100024d8  PA:10002520
27335099ns          484194 1c009516 01bf0f33 add              x30, x30, x27       x30=00000016 x30:00000000 x27:00000016
27335119ns          484195 1c009518 40aede93 srai             x29, x29, 0x40a     x29=fffffffe x29:fffff9af
27335139ns          484196 1c00951c 40a75713 srai             x14, x14, 0x40a     x14=fffffffc x14:fffff07f
27335159ns          484197 1c00951e 03812603 lw               x12, 56(x2)         x12=1c002ee8  x2:100024d8  PA:10002510
27335178ns          484198 1c009520 04012d83 lw               x27, 64(x2)         x27=1c002ef8  x2:100024d8  PA:10002518
27335198ns          484199 1c009522 01ee1023 sh               x30, 0(x28)         x30:00000016 x28:1c002f08  PA:1c002f08
27335517ns          484215 1c009526 05812483 lw               x9, 88(x2)           x9=1c002e68  x2:100024d8  PA:10002530
27335536ns          484216 1c009528 05012f03 lw               x30, 80(x2)         x30=1c002e78  x2:100024d8  PA:10002528
27335556ns          484217 1c00952a 0a012583 lw               x11, 160(x2)        x11=1c002e98  x2:100024d8  PA:10002578
27335576ns          484218 1c00952c 014787b3 add              x15, x15, x20       x15=0001fae5 x15:0000ffe5 x20:0000fb00
27335596ns          484219 1c00952e 013e8eb3 add              x29, x29, x19       x29=0000ffab x29:fffffffe x19:0000ffad
27335616ns          484220 1c009530 01270733 add              x14, x14, x18       x14=0000fecb x14:fffffffc x18:0000fecf
27335636ns          484221 1c009532 00f49023 sh               x15, 0(x9)          x15:0001fae5  x9:1c002e68  PA:1c002e68
27335954ns          484237 1c009536 01161023 sh               x17, 0(x12)         x17:0000011b x12:1c002ee8  PA:1c002ee8
27336272ns          484253 1c00953a 01fd9023 sh               x31, 0(x27)         x31:0000004c x27:1c002ef8  PA:1c002ef8
27336630ns          484271 1c00953e 00df1023 sh               x13, 0(x30)         x13:0001fefe x30:1c002e78  PA:1c002e78
27336948ns          484287 1c009542 01d59023 sh               x29, 0(x11)         x29:0000ffab x11:1c002e98  PA:1c002e98
27337287ns          484304 1c009546 00e09023 sh               x14, 0(x1)          x14:0000fecb  x1:1c002e88  PA:1c002e88
27337605ns          484320 1c00954a 01039023 sh               x16, 0(x7)          x16:0000ffd4  x7:1c002eb8  PA:1c002eb8
27337923ns          484336 1c00954e 00a29023 sh               x10, 0(x5)          x10:0000ff9a  x5:1c002ea8  PA:1c002ea8
27338241ns          484352 1c009552 008b0b13 addi             x22, x22, 8         x22=000001ac x22:000001a4
27338261ns          484353 1c009554 1f300793 addi             x15, x0, 499        x15=000001f3
27338281ns          484354 1c009558 e767dae3 bge              x15, x22, -396      x15:000001f3 x22:000001ac
27338420ns          484361 1c0093cc 010c9a0b p.lh             x20, 16(x25!)       x20=ffffff33 x25=1c0029f0 x25:1c0029e0  PA:1c0029e0
27338758ns          484378 1c0093d0 0104198b p.lh             x19, 16(x8!)        x19=fffffe00  x8=1c0021b8  x8:1c0021a8  PA:1c0021a8
27339057ns          484393 1c0093d4 2cc10513 addi             x10, x2, 716        x10=100027a4  x2:100024d8
27339076ns          484394 1c0093d6 010a990b p.lh             x18, 16(x21!)       x18=fffffee5 x21=1c0019e4 x21:1c0019d4  PA:1c0019d4
27339395ns          484410 1c0093da 010b948b p.lh             x9, 16(x23!)         x9=fffffe1d x23=1c001214 x23:1c001204  PA:1c001204
27339753ns          484428 1c0093de 2d411623 sh               x20, 716(x2)        x20:ffffff33  x2:100024d8  PA:100027a4
27339773ns          484429 1c0093e2 2d311723 sh               x19, 718(x2)        x19:fffffe00  x2:100024d8  PA:100027a6
27339792ns          484430 1c0093e6 c33ff0ef jal              x1, -974             x1=1c0093e8
27339872ns          484434 1c009018 00051803 lh               x16, 0(x10)         x16=ffffff33 x10:100027a4  PA:100027a4
27339912ns          484436 1c00901c 00251883 lh               x17, 2(x10)         x17=fffffe00 x10:100027a4  PA:100027a6
27339971ns          484439 1c009020 030806b3 mul              x13, x16, x16       x13=0000a429 x16:ffffff33 x16:ffffff33
27340011ns          484441 1c009024 03188633 mul              x12, x17, x17       x12=00040000 x17:fffffe00 x17:fffffe00
27340031ns          484442 1c009028 40a65613 srai             x12, x12, 0x40a     x12=00000100 x12:00040000
27340051ns          484443 1c00902a 40a6d693 srai             x13, x13, 0x40a     x13=00000029 x13:0000a429
27340071ns          484444 1c00902c 00c686b3 add              x13, x13, x12       x13=00000129 x13:00000029 x12:00000100
27340091ns          484445 1c00902e 1006c633 p.exths          x12, x13, x0        x12=00000129 x13:00000129
27340111ns          484446 1c009032 00855703 lhu              x14, 8(x10)         x14=0000ffd1 x10:100027a4  PA:100027ac
27340131ns          484447 1c009036 00a55683 lhu              x13, 10(x10)        x13=0000ff6a x10:100027a4  PA:100027ae
27340150ns          484448 1c00903a 02c60333 mul              x6, x12, x12         x6=00015891 x12:00000129 x12:00000129
27340170ns          484449 1c00903e 00c55783 lhu              x15, 12(x10)        x15=0000ffe5 x10:100027a4  PA:100027b0
27340190ns          484450 1c009042 00e55583 lhu              x11, 14(x10)        x11=00000060 x10:100027a4  PA:100027b2
27340210ns          484451 1c009046 dea30333 p.extract        x6, x6, 15, 10       x6=00000056  x6:00015891
27340230ns          484452 1c00904a 80c7075b p.muls           x14, x14, x12       x14=ffffc979 x14:0000ffd1 x12:00000129
27340250ns          484453 1c00904e 80c686db p.muls           x13, x13, x12       x13=ffff51fa x13:0000ff6a x12:00000129
27340270ns          484454 1c009052 00455e83 lhu              x29, 4(x10)         x29=00000427 x10:100027a4  PA:100027a8
27340290ns          484455 1c009056 00655e03 lhu              x28, 6(x10)         x28=0000007f x10:100027a4  PA:100027aa
27340310ns          484456 1c00905a 40a75713 srai             x14, x14, 0x40a     x14=fffffff2 x14:ffffc979
27340329ns          484457 1c00905c 806787db p.muls           x15, x15, x6        x15=fffff6ee x15:0000ffe5  x6:00000056
27340349ns          484458 1c009060 40a6d693 srai             x13, x13, 0x40a     x13=ffffffd4 x13:ffff51fa
27340389ns          484460 1c009062 8065865b p.muls           x12, x11, x6        x12=00002040 x11:00000060  x6:00000056
27340409ns          484461 1c009066 40a7d793 srai             x15, x15, 0x40a     x15=fffffffd x15:fffff6ee
27340429ns          484462 1c009068 40a65613 srai             x12, x12, 0x40a     x12=00000008 x12:00002040
27340449ns          484463 1c00906a 01d70733 add              x14, x14, x29       x14=00000419 x14:fffffff2 x29:00000427
27340469ns          484464 1c00906c 01c686b3 add              x13, x13, x28       x13=00000053 x13:ffffffd4 x28:0000007f
27340489ns          484465 1c00906e 00c686b3 add              x13, x13, x12       x13=0000005b x13:00000053 x12:00000008
27340508ns          484466 1c009070 00f70733 add              x14, x14, x15       x14=00000416 x14:00000419 x15:fffffffd
27340528ns          484467 1c009072 100747b3 p.exths          x15, x14, x0        x15=00000416 x14:00000416
27340548ns          484468 1c009076 1006c733 p.exths          x14, x13, x0        x14=0000005b x13:0000005b
27340568ns          484469 1c00907a 03170633 mul              x12, x14, x17       x12=ffff4a00 x14:0000005b x17:fffffe00
27340588ns          484470 1c00907e 030786b3 mul              x13, x15, x16       x13=fffcba62 x15:00000416 x16:ffffff33
27340608ns          484471 1c009082 03070733 mul              x14, x14, x16       x14=ffffb721 x14:0000005b x16:ffffff33
27340628ns          484472 1c009086 031787b3 mul              x15, x15, x17       x15=fff7d400 x15:00000416 x17:fffffe00
27340648ns          484473 1c00908a 40a6d693 srai             x13, x13, 0x40a     x13=ffffff2e x13:fffcba62
27340668ns          484474 1c00908c 40a65613 srai             x12, x12, 0x40a     x12=ffffffd2 x12:ffff4a00
27340687ns          484475 1c00908e 40a7d793 srai             x15, x15, 0x40a     x15=fffffdf5 x15:fff7d400
27340707ns          484476 1c009090 40a75713 srai             x14, x14, 0x40a     x14=ffffffed x14:ffffb721
27340727ns          484477 1c009092 40c686b3 sub              x13, x13, x12       x13=ffffff5c x13:ffffff2e x12:ffffffd2
27340747ns          484478 1c009094 00e787b3 add              x15, x15, x14       x15=fffffde2 x15:fffffdf5 x14:ffffffed
27340767ns          484479 1c009096 00d51823 sh               x13, 16(x10)        x13:ffffff5c x10:100027a4  PA:100027b4
27340787ns          484480 1c00909a 00f51923 sh               x15, 18(x10)        x15:fffffde2 x10:100027a4  PA:100027b6
27340807ns          484481 1c00909e 00008067 jalr             x0, x1, 0            x1:1c0093e8
27340886ns          484485 1c0093e8 2dc15583 lhu              x11, 732(x2)        x11=0000ff5c  x2:100024d8  PA:100027b4
27340926ns          484487 1c0093ec 2de15783 lhu              x15, 734(x2)        x15=0000fde2  x2:100024d8  PA:100027b6
27340946ns          484488 1c0093f0 40b90933 sub              x18, x18, x11       x18=fffeff89 x18:fffffee5 x11:0000ff5c
27340966ns          484489 1c0093f4 40f484b3 sub              x9, x9, x15          x9=ffff003b  x9:fffffe1d x15:0000fde2
27340986ns          484490 1c0093f6 100945b3 p.exths          x11, x18, x0        x11=ffffff89 x18:fffeff89
27341006ns          484491 1c0093fa 1004c7b3 p.exths          x15, x9, x0         x15=0000003b  x9:ffff003b
27341026ns          484492 1c0093fe 034586b3 mul              x13, x11, x20       x13=00005f4b x11:ffffff89 x20:ffffff33
27341045ns          484493 1c009402 03378533 mul              x10, x15, x19       x10=ffff8a00 x15:0000003b x19:fffffe00
27341065ns          484494 1c009406 034a0633 mul              x12, x20, x20       x12=0000a429 x20:ffffff33 x20:ffffff33
27341085ns          484495 1c00940a 03398733 mul              x14, x19, x19       x14=00040000 x19:fffffe00 x19:fffffe00
27341145ns          484498 1c00940e 034787b3 mul              x15, x15, x20       x15=ffffd0c1 x15:0000003b x20:ffffff33
27341185ns          484500 1c009412 033585b3 mul              x11, x11, x19       x11=0000ee00 x11:ffffff89 x19:fffffe00
27341205ns          484501 1c009416 40a75713 srai             x14, x14, 0x40a     x14=00000100 x14:00040000
27341224ns          484502 1c009418 40a5d593 srai             x11, x11, 0x40a     x11=0000003b x11:0000ee00
27341244ns          484503 1c00941a 40a65613 srai             x12, x12, 0x40a     x12=00000029 x12:0000a429
27341264ns          484504 1c00941c 40a7d793 srai             x15, x15, 0x40a     x15=fffffff4 x15:ffffd0c1
27341284ns          484505 1c00941e 1c0034b7 lui              x9, 0x1c003000       x9=1c003000
27341304ns          484506 1c009422 00e60633 add              x12, x12, x14       x12=00000129 x12:00000029 x14:00000100
27341324ns          484507 1c009424 40b787b3 sub              x15, x15, x11       x15=ffffffb9 x15:fffffff4 x11:0000003b
27341344ns          484508 1c009426 eb048493 addi             x9, x9, -336         x9=1c002eb0  x9:1c003000
27341364ns          484509 1c00942a 1c0032b7 lui              x5, 0x1c003000       x5=1c003000
27341384ns          484510 1c00942e 1c0035b7 lui              x11, 0x1c003000     x11=1c003000
27341403ns          484511 1c009432 018483b3 add              x7, x9, x24          x7=1c002eb8  x9:1c002eb0 x24:00000008
27341423ns          484512 1c009436 02812e83 lw               x29, 40(x2)         x29=1c002ec8  x2:100024d8  PA:10002500
27341443ns          484513 1c009438 10065633 p.exthz          x12, x12, x0        x12=00000129 x12:00000129
27341463ns          484514 1c00943c e8028293 addi             x5, x5, -384         x5=1c002e80  x5:1c003000
27341483ns          484515 1c009440 ea058593 addi             x11, x11, -352      x11=1c002ea0 x11:1c003000
27341503ns          484516 1c009444 03812483 lw               x9, 56(x2)           x9=1c002ee8  x2:100024d8  PA:10002510
27341523ns          484517 1c009446 10064733 p.exths          x14, x12, x0        x14=00000129 x12:00000129
27341543ns          484518 1c00944a 018280b3 add              x1, x5, x24          x1=1c002e88  x5:1c002e80 x24:00000008
27341562ns          484519 1c00944e 03012f03 lw               x30, 48(x2)         x30=1c002ed8  x2:100024d8  PA:10002508
27341582ns          484520 1c009450 018582b3 add              x5, x11, x24         x5=1c002ea8 x11:1c002ea0 x24:00000008
27341602ns          484521 1c009454 04012583 lw               x11, 64(x2)         x11=1c002ef8  x2:100024d8  PA:10002518
27341622ns          484522 1c009456 000edd83 lhu              x27, 0(x29)         x27=000017ba x29:1c002ec8  PA:1c002ec8
27341940ns          484538 1c00945a 0004d483 lhu              x9, 0(x9)            x9=0000011b  x9:1c002ee8  PA:1c002ee8
27342239ns          484553 1c00945e 02e70333 mul              x6, x14, x14         x6=00015891 x14:00000129 x14:00000129
27342259ns          484554 1c009462 40a55513 srai             x10, x10, 0x40a     x10=ffffffe2 x10:ffff8a00
27342278ns          484555 1c009464 04812e83 lw               x29, 72(x2)         x29=1c002f08  x2:100024d8  PA:10002520
27342298ns          484556 1c009466 40a6d693 srai             x13, x13, 0x40a     x13=00000017 x13:00005f4b
27342318ns          484557 1c009468 000f5d03 lhu              x26, 0(x30)         x26=00000491 x30:1c002ed8  PA:1c002ed8
27342676ns          484575 1c00946c 0005d583 lhu              x11, 0(x11)         x11=0000004c x11:1c002ef8  PA:1c002ef8
27342994ns          484591 1c009470 40a35313 srai             x6, x6, 0x40a        x6=00000056  x6:00015891
27343014ns          484592 1c009474 00a686b3 add              x13, x13, x10       x13=fffffff9 x13:00000017 x10:ffffffe2
27343034ns          484593 1c009476 05012f03 lw               x30, 80(x2)         x30=1c002e78  x2:100024d8  PA:10002528
27343054ns          484594 1c009478 10034e33 p.exths          x28, x6, x0         x28=00000056  x6:00000056
27343074ns          484595 1c00947c 06911023 sh               x9, 96(x2)           x9:0000011b  x2:100024d8  PA:10002538
27343094ns          484596 1c009480 000ede83 lhu              x29, 0(x29)         x29=00000016 x29:1c002f08  PA:1c002f08
27343392ns          484611 1c009484 05812483 lw               x9, 88(x2)           x9=1c002e68  x2:100024d8  PA:10002530
27343412ns          484612 1c009486 1006d6b3 p.exthz          x13, x13, x0        x13=0000fff9 x13:fffffff9
27343432ns          484613 1c00948a 02ee08b3 mul              x17, x28, x14       x17=000063c6 x28:00000056 x14:00000129
27343452ns          484614 1c00948e 1006c833 p.exths          x16, x13, x0        x16=fffffff9 x13:0000fff9
27343472ns          484615 1c009492 06b11823 sh               x11, 112(x2)        x11:0000004c  x2:100024d8  PA:10002548
27343492ns          484616 1c009496 000f5f03 lhu              x30, 0(x30)         x30=0000fefe x30:1c002e78  PA:1c002e78
27343790ns          484631 1c00949a 0a012583 lw               x11, 160(x2)        x11=1c002e98  x2:100024d8  PA:10002578
27343810ns          484632 1c00949c 1007d7b3 p.exthz          x15, x15, x0        x15=0000ffb9 x15:ffffffb9
27343830ns          484633 1c0094a0 0004da03 lhu              x20, 0(x9)          x20=0000fae5  x9:1c002e68  PA:1c002e68
27344227ns          484653 1c0094a4 1007c533 p.exths          x10, x15, x0        x10=ffffffb9 x15:0000ffb9
27344247ns          484654 1c0094a8 09d11023 sh               x29, 128(x2)        x29:00000016  x2:100024d8  PA:10002558
27344267ns          484655 1c0094ac 0003d483 lhu              x9, 0(x7)            x9=0000ffd4  x7:1c002eb8  PA:1c002eb8
27344665ns          484675 1c0094b0 02e80eb3 mul              x29, x16, x14       x29=fffff7e1 x16:fffffff9 x14:00000129
27344685ns          484676 1c0094b4 40a8d893 srai             x17, x17, 0x40a     x17=00000018 x17:000063c6
27344705ns          484677 1c0094b8 03c80833 mul              x16, x16, x28       x16=fffffda6 x16:fffffff9 x28:00000056
27344725ns          484678 1c0094bc 09e11823 sh               x30, 144(x2)        x30:0000fefe  x2:100024d8  PA:10002568
27344745ns          484679 1c0094c0 0005d983 lhu              x19, 0(x11)         x19=0000ffab x11:1c002e98  PA:1c002e98
27345063ns          484695 1c0094c4 81c88f5b p.muls           x30, x17, x28       x30=00000810 x17:00000018 x28:00000056
27345083ns          484696 1c0094c8 0002d583 lhu              x11, 0(x5)          x11=0000ff9a  x5:1c002ea8  PA:1c002ea8
27345480ns          484716 1c0094cc 03ce0fb3 mul              x31, x28, x28       x31=00001ce4 x28:00000056 x28:00000056
27345500ns          484717 1c0094d0 02e50733 mul              x14, x10, x14       x14=ffffada1 x10:ffffffb9 x14:00000129
27345520ns          484718 1c0094d4 40a85813 srai             x16, x16, 0x40a     x16=ffffffff x16:fffffda6
27345540ns          484719 1c0094d8 03c50533 mul              x10, x10, x28       x10=ffffe826 x10:ffffffb9 x28:00000056
27345560ns          484720 1c0094dc 07015e03 lhu              x28, 112(x2)        x28=0000004c  x2:100024d8  PA:10002548
27345580ns          484721 1c0094e0 01b60633 add              x12, x12, x27       x12=000018e3 x12:00000129 x27:000017ba
27345600ns          484722 1c0094e2 00980833 add              x16, x16, x9        x16=0000ffd3 x16:ffffffff  x9:0000ffd4
27345620ns          484723 1c0094e4 06015d83 lhu              x27, 96(x2)         x27=0000011b  x2:100024d8  PA:10002538
27345640ns          484724 1c0094e8 02812483 lw               x9, 40(x2)           x9=1c002ec8  x2:100024d8  PA:10002500
27345659ns          484725 1c0094ea 40afdf93 srai             x31, x31, 0x40a     x31=00000007 x31:00001ce4
27345679ns          484726 1c0094ee 40a55513 srai             x10, x10, 0x40a     x10=fffffffa x10:ffffe826
27345699ns          484727 1c0094f0 01cf8fb3 add              x31, x31, x28       x31=00000053 x31:00000007 x28:0000004c
27345719ns          484728 1c0094f2 00b50533 add              x10, x10, x11       x10=0000ff94 x10:fffffffa x11:0000ff9a
27345739ns          484729 1c0094f4 09015e03 lhu              x28, 144(x2)        x28=0000fefe  x2:100024d8  PA:10002568
27345759ns          484730 1c0094f8 03012583 lw               x11, 48(x2)         x11=1c002ed8  x2:100024d8  PA:10002508
27345779ns          484731 1c0094fa 00c49023 sh               x12, 0(x9)          x12:000018e3  x9:1c002ec8  PA:1c002ec8
27346097ns          484747 1c0094fe 01b888b3 add              x17, x17, x27       x17=00000133 x17:00000018 x27:0000011b
27346117ns          484748 1c009500 01a30333 add              x6, x6, x26          x6=000004e7  x6:00000056 x26:00000491
27346137ns          484749 1c009502 08015d83 lhu              x27, 128(x2)        x27=00000016  x2:100024d8  PA:10002558
27346157ns          484750 1c009506 0000d903 lhu              x18, 0(x1)          x18=0000fecb  x1:1c002e88  PA:1c002e88
27346455ns          484765 1c00950a 01c686b3 add              x13, x13, x28       x13=0001fef7 x13:0000fff9 x28:0000fefe
27346475ns          484766 1c00950c 00659023 sh               x6, 0(x11)           x6:000004e7 x11:1c002ed8  PA:1c002ed8
27346793ns          484782 1c009510 40af5f13 srai             x30, x30, 0x40a     x30=00000002 x30:00000810
27346813ns          484783 1c009514 04812e03 lw               x28, 72(x2)         x28=1c002f08  x2:100024d8  PA:10002520
27346833ns          484784 1c009516 01bf0f33 add              x30, x30, x27       x30=00000018 x30:00000002 x27:00000016
27346853ns          484785 1c009518 40aede93 srai             x29, x29, 0x40a     x29=fffffffd x29:fffff7e1
27346873ns          484786 1c00951c 40a75713 srai             x14, x14, 0x40a     x14=ffffffeb x14:ffffada1
27346892ns          484787 1c00951e 03812603 lw               x12, 56(x2)         x12=1c002ee8  x2:100024d8  PA:10002510
27346912ns          484788 1c009520 04012d83 lw               x27, 64(x2)         x27=1c002ef8  x2:100024d8  PA:10002518
27346932ns          484789 1c009522 01ee1023 sh               x30, 0(x28)         x30:00000018 x28:1c002f08  PA:1c002f08
27347250ns          484805 1c009526 05812483 lw               x9, 88(x2)           x9=1c002e68  x2:100024d8  PA:10002530
27347270ns          484806 1c009528 05012f03 lw               x30, 80(x2)         x30=1c002e78  x2:100024d8  PA:10002528
27347290ns          484807 1c00952a 0a012583 lw               x11, 160(x2)        x11=1c002e98  x2:100024d8  PA:10002578
27347310ns          484808 1c00952c 014787b3 add              x15, x15, x20       x15=0001fa9e x15:0000ffb9 x20:0000fae5
27347330ns          484809 1c00952e 013e8eb3 add              x29, x29, x19       x29=0000ffa8 x29:fffffffd x19:0000ffab
27347350ns          484810 1c009530 01270733 add              x14, x14, x18       x14=0000feb6 x14:ffffffeb x18:0000fecb
27347370ns          484811 1c009532 00f49023 sh               x15, 0(x9)          x15:0001fa9e  x9:1c002e68  PA:1c002e68
27347768ns          484831 1c009536 01161023 sh               x17, 0(x12)         x17:00000133 x12:1c002ee8  PA:1c002ee8
27348086ns          484847 1c00953a 01fd9023 sh               x31, 0(x27)         x31:00000053 x27:1c002ef8  PA:1c002ef8
27348404ns          484863 1c00953e 00df1023 sh               x13, 0(x30)         x13:0001fef7 x30:1c002e78  PA:1c002e78
27348722ns          484879 1c009542 01d59023 sh               x29, 0(x11)         x29:0000ffa8 x11:1c002e98  PA:1c002e98
27349040ns          484895 1c009546 00e09023 sh               x14, 0(x1)          x14:0000feb6  x1:1c002e88  PA:1c002e88
27349398ns          484913 1c00954a 01039023 sh               x16, 0(x7)          x16:0000ffd3  x7:1c002eb8  PA:1c002eb8
27349717ns          484929 1c00954e 00a29023 sh               x10, 0(x5)          x10:0000ff94  x5:1c002ea8  PA:1c002ea8
27350035ns          484945 1c009552 008b0b13 addi             x22, x22, 8         x22=000001b4 x22:000001ac
27350055ns          484946 1c009554 1f300793 addi             x15, x0, 499        x15=000001f3
27350075ns          484947 1c009558 e767dae3 bge              x15, x22, -396      x15:000001f3 x22:000001b4
27350174ns          484952 1c0093cc 010c9a0b p.lh             x20, 16(x25!)       x20=ffffffbd x25=1c002a00 x25:1c0029f0  PA:1c0029f0
27350492ns          484968 1c0093d0 0104198b p.lh             x19, 16(x8!)        x19=ffffff53  x8=1c0021c8  x8:1c0021b8  PA:1c0021b8
27350791ns          484983 1c0093d4 2cc10513 addi             x10, x2, 716        x10=100027a4  x2:100024d8
27350810ns          484984 1c0093d6 010a990b p.lh             x18, 16(x21!)       x18=ffffffbb x21=1c0019f4 x21:1c0019e4  PA:1c0019e4
27351109ns          484999 1c0093da 010b948b p.lh             x9, 16(x23!)         x9=ffffff56 x23=1c001224 x23:1c001214  PA:1c001214
27351407ns          485014 1c0093de 2d411623 sh               x20, 716(x2)        x20:ffffffbd  x2:100024d8  PA:100027a4
27351447ns          485016 1c0093e2 2d311723 sh               x19, 718(x2)        x19:ffffff53  x2:100024d8  PA:100027a6
27351467ns          485017 1c0093e6 c33ff0ef jal              x1, -974             x1=1c0093e8
27351506ns          485019 1c009018 00051803 lh               x16, 0(x10)         x16=ffffffbd x10:100027a4  PA:100027a4
27351526ns          485020 1c00901c 00251883 lh               x17, 2(x10)         x17=ffffff53 x10:100027a4  PA:100027a6
27351546ns          485021 1c009020 030806b3 mul              x13, x16, x16       x13=00001189 x16:ffffffbd x16:ffffffbd
27351566ns          485022 1c009024 03188633 mul              x12, x17, x17       x12=000074e9 x17:ffffff53 x17:ffffff53
27351586ns          485023 1c009028 40a65613 srai             x12, x12, 0x40a     x12=0000001d x12:000074e9
27351606ns          485024 1c00902a 40a6d693 srai             x13, x13, 0x40a     x13=00000004 x13:00001189
27351626ns          485025 1c00902c 00c686b3 add              x13, x13, x12       x13=00000021 x13:00000004 x12:0000001d
27351646ns          485026 1c00902e 1006c633 p.exths          x12, x13, x0        x12=00000021 x13:00000021
27351666ns          485027 1c009032 00855703 lhu              x14, 8(x10)         x14=0000ffd1 x10:100027a4  PA:100027ac
27351685ns          485028 1c009036 00a55683 lhu              x13, 10(x10)        x13=0000ff6a x10:100027a4  PA:100027ae
27351705ns          485029 1c00903a 02c60333 mul              x6, x12, x12         x6=00000441 x12:00000021 x12:00000021
27351725ns          485030 1c00903e 00c55783 lhu              x15, 12(x10)        x15=0000ffe5 x10:100027a4  PA:100027b0
27351745ns          485031 1c009042 00e55583 lhu              x11, 14(x10)        x11=00000060 x10:100027a4  PA:100027b2
27351765ns          485032 1c009046 dea30333 p.extract        x6, x6, 15, 10       x6=00000001  x6:00000441
27351785ns          485033 1c00904a 80c7075b p.muls           x14, x14, x12       x14=fffff9f1 x14:0000ffd1 x12:00000021
27351825ns          485035 1c00904e 80c686db p.muls           x13, x13, x12       x13=ffffecaa x13:0000ff6a x12:00000021
27351864ns          485037 1c009052 00455e83 lhu              x29, 4(x10)         x29=00000427 x10:100027a4  PA:100027a8
27351884ns          485038 1c009056 00655e03 lhu              x28, 6(x10)         x28=0000007f x10:100027a4  PA:100027aa
27351904ns          485039 1c00905a 40a75713 srai             x14, x14, 0x40a     x14=fffffffe x14:fffff9f1
27351924ns          485040 1c00905c 806787db p.muls           x15, x15, x6        x15=ffffffe5 x15:0000ffe5  x6:00000001
27351964ns          485042 1c009060 40a6d693 srai             x13, x13, 0x40a     x13=fffffffb x13:ffffecaa
27352004ns          485044 1c009062 8065865b p.muls           x12, x11, x6        x12=00000060 x11:00000060  x6:00000001
27352024ns          485045 1c009066 40a7d793 srai             x15, x15, 0x40a     x15=ffffffff x15:ffffffe5
27352043ns          485046 1c009068 40a65613 srai             x12, x12, 0x40a     x12=00000000 x12:00000060
27352063ns          485047 1c00906a 01d70733 add              x14, x14, x29       x14=00000425 x14:fffffffe x29:00000427
27352083ns          485048 1c00906c 01c686b3 add              x13, x13, x28       x13=0000007a x13:fffffffb x28:0000007f
27352103ns          485049 1c00906e 00c686b3 add              x13, x13, x12       x13=0000007a x13:0000007a x12:00000000
27352123ns          485050 1c009070 00f70733 add              x14, x14, x15       x14=00000424 x14:00000425 x15:ffffffff
27352143ns          485051 1c009072 100747b3 p.exths          x15, x14, x0        x15=00000424 x14:00000424
27352163ns          485052 1c009076 1006c733 p.exths          x14, x13, x0        x14=0000007a x13:0000007a
27352183ns          485053 1c00907a 03170633 mul              x12, x14, x17       x12=ffffad8e x14:0000007a x17:ffffff53
27352203ns          485054 1c00907e 030786b3 mul              x13, x15, x16       x13=fffeea94 x15:00000424 x16:ffffffbd
27352222ns          485055 1c009082 03070733 mul              x14, x14, x16       x14=ffffe012 x14:0000007a x16:ffffffbd
27352242ns          485056 1c009086 031787b3 mul              x15, x15, x17       x15=fffd33ac x15:00000424 x17:ffffff53
27352262ns          485057 1c00908a 40a6d693 srai             x13, x13, 0x40a     x13=ffffffba x13:fffeea94
27352282ns          485058 1c00908c 40a65613 srai             x12, x12, 0x40a     x12=ffffffeb x12:ffffad8e
27352302ns          485059 1c00908e 40a7d793 srai             x15, x15, 0x40a     x15=ffffff4c x15:fffd33ac
27352322ns          485060 1c009090 40a75713 srai             x14, x14, 0x40a     x14=fffffff8 x14:ffffe012
27352342ns          485061 1c009092 40c686b3 sub              x13, x13, x12       x13=ffffffcf x13:ffffffba x12:ffffffeb
27352362ns          485062 1c009094 00e787b3 add              x15, x15, x14       x15=ffffff44 x15:ffffff4c x14:fffffff8
27352382ns          485063 1c009096 00d51823 sh               x13, 16(x10)        x13:ffffffcf x10:100027a4  PA:100027b4
27352421ns          485065 1c00909a 00f51923 sh               x15, 18(x10)        x15:ffffff44 x10:100027a4  PA:100027b6
27352461ns          485067 1c00909e 00008067 jalr             x0, x1, 0            x1:1c0093e8
27352501ns          485069 1c0093e8 2dc15583 lhu              x11, 732(x2)        x11=0000ffcf  x2:100024d8  PA:100027b4
27352521ns          485070 1c0093ec 2de15783 lhu              x15, 734(x2)        x15=0000ff44  x2:100024d8  PA:100027b6
27352541ns          485071 1c0093f0 40b90933 sub              x18, x18, x11       x18=fffeffec x18:ffffffbb x11:0000ffcf
27352561ns          485072 1c0093f4 40f484b3 sub              x9, x9, x15          x9=ffff0012  x9:ffffff56 x15:0000ff44
27352580ns          485073 1c0093f6 100945b3 p.exths          x11, x18, x0        x11=ffffffec x18:fffeffec
27352600ns          485074 1c0093fa 1004c7b3 p.exths          x15, x9, x0         x15=00000012  x9:ffff0012
27352620ns          485075 1c0093fe 034586b3 mul              x13, x11, x20       x13=0000053c x11:ffffffec x20:ffffffbd
27352640ns          485076 1c009402 03378533 mul              x10, x15, x19       x10=fffff3d6 x15:00000012 x19:ffffff53
27352660ns          485077 1c009406 034a0633 mul              x12, x20, x20       x12=00001189 x20:ffffffbd x20:ffffffbd
27352680ns          485078 1c00940a 03398733 mul              x14, x19, x19       x14=000074e9 x19:ffffff53 x19:ffffff53
27352740ns          485081 1c00940e 034787b3 mul              x15, x15, x20       x15=fffffb4a x15:00000012 x20:ffffffbd
27352779ns          485083 1c009412 033585b3 mul              x11, x11, x19       x11=00000d84 x11:ffffffec x19:ffffff53
27352799ns          485084 1c009416 40a75713 srai             x14, x14, 0x40a     x14=0000001d x14:000074e9
27352819ns          485085 1c009418 40a5d593 srai             x11, x11, 0x40a     x11=00000003 x11:00000d84
27352839ns          485086 1c00941a 40a65613 srai             x12, x12, 0x40a     x12=00000004 x12:00001189
27352859ns          485087 1c00941c 40a7d793 srai             x15, x15, 0x40a     x15=fffffffe x15:fffffb4a
27352879ns          485088 1c00941e 1c0034b7 lui              x9, 0x1c003000       x9=1c003000
27352899ns          485089 1c009422 00e60633 add              x12, x12, x14       x12=00000021 x12:00000004 x14:0000001d
27352919ns          485090 1c009424 40b787b3 sub              x15, x15, x11       x15=fffffffb x15:fffffffe x11:00000003
27352938ns          485091 1c009426 eb048493 addi             x9, x9, -336         x9=1c002eb0  x9:1c003000
27352958ns          485092 1c00942a 1c0032b7 lui              x5, 0x1c003000       x5=1c003000
27352978ns          485093 1c00942e 1c0035b7 lui              x11, 0x1c003000     x11=1c003000
27352998ns          485094 1c009432 018483b3 add              x7, x9, x24          x7=1c002eb8  x9:1c002eb0 x24:00000008
27353018ns          485095 1c009436 02812e83 lw               x29, 40(x2)         x29=1c002ec8  x2:100024d8  PA:10002500
27353038ns          485096 1c009438 10065633 p.exthz          x12, x12, x0        x12=00000021 x12:00000021
27353058ns          485097 1c00943c e8028293 addi             x5, x5, -384         x5=1c002e80  x5:1c003000
27353078ns          485098 1c009440 ea058593 addi             x11, x11, -352      x11=1c002ea0 x11:1c003000
27353098ns          485099 1c009444 03812483 lw               x9, 56(x2)           x9=1c002ee8  x2:100024d8  PA:10002510
27353117ns          485100 1c009446 10064733 p.exths          x14, x12, x0        x14=00000021 x12:00000021
27353137ns          485101 1c00944a 018280b3 add              x1, x5, x24          x1=1c002e88  x5:1c002e80 x24:00000008
27353157ns          485102 1c00944e 03012f03 lw               x30, 48(x2)         x30=1c002ed8  x2:100024d8  PA:10002508
27353177ns          485103 1c009450 018582b3 add              x5, x11, x24         x5=1c002ea8 x11:1c002ea0 x24:00000008
27353197ns          485104 1c009454 04012583 lw               x11, 64(x2)         x11=1c002ef8  x2:100024d8  PA:10002518
27353217ns          485105 1c009456 000edd83 lhu              x27, 0(x29)         x27=000018e3 x29:1c002ec8  PA:1c002ec8
27353515ns          485120 1c00945a 0004d483 lhu              x9, 0(x9)            x9=00000133  x9:1c002ee8  PA:1c002ee8
27353893ns          485139 1c00945e 02e70333 mul              x6, x14, x14         x6=00000441 x14:00000021 x14:00000021
27353913ns          485140 1c009462 40a55513 srai             x10, x10, 0x40a     x10=fffffffc x10:fffff3d6
27353933ns          485141 1c009464 04812e83 lw               x29, 72(x2)         x29=1c002f08  x2:100024d8  PA:10002520
27353953ns          485142 1c009466 40a6d693 srai             x13, x13, 0x40a     x13=00000001 x13:0000053c
27353973ns          485143 1c009468 000f5d03 lhu              x26, 0(x30)         x26=000004e7 x30:1c002ed8  PA:1c002ed8
27354271ns          485158 1c00946c 0005d583 lhu              x11, 0(x11)         x11=00000053 x11:1c002ef8  PA:1c002ef8
27354589ns          485174 1c009470 40a35313 srai             x6, x6, 0x40a        x6=00000001  x6:00000441
27354609ns          485175 1c009474 00a686b3 add              x13, x13, x10       x13=fffffffd x13:00000001 x10:fffffffc
27354629ns          485176 1c009476 05012f03 lw               x30, 80(x2)         x30=1c002e78  x2:100024d8  PA:10002528
27354649ns          485177 1c009478 10034e33 p.exths          x28, x6, x0         x28=00000001  x6:00000001
27354669ns          485178 1c00947c 06911023 sh               x9, 96(x2)           x9:00000133  x2:100024d8  PA:10002538
27354689ns          485179 1c009480 000ede83 lhu              x29, 0(x29)         x29=00000018 x29:1c002f08  PA:1c002f08
27354987ns          485194 1c009484 05812483 lw               x9, 88(x2)           x9=1c002e68  x2:100024d8  PA:10002530
27355007ns          485195 1c009486 1006d6b3 p.exthz          x13, x13, x0        x13=0000fffd x13:fffffffd
27355027ns          485196 1c00948a 02ee08b3 mul              x17, x28, x14       x17=00000021 x28:00000001 x14:00000021
27355047ns          485197 1c00948e 1006c833 p.exths          x16, x13, x0        x16=fffffffd x13:0000fffd
27355066ns          485198 1c009492 06b11823 sh               x11, 112(x2)        x11:00000053  x2:100024d8  PA:10002548
27355086ns          485199 1c009496 000f5f03 lhu              x30, 0(x30)         x30=0000fef7 x30:1c002e78  PA:1c002e78
27355385ns          485214 1c00949a 0a012583 lw               x11, 160(x2)        x11=1c002e98  x2:100024d8  PA:10002578
27355405ns          485215 1c00949c 1007d7b3 p.exthz          x15, x15, x0        x15=0000fffb x15:fffffffb
27355424ns          485216 1c0094a0 0004da03 lhu              x20, 0(x9)          x20=0000fa9e  x9:1c002e68  PA:1c002e68
27355723ns          485231 1c0094a4 1007c533 p.exths          x10, x15, x0        x10=fffffffb x15:0000fffb
27355743ns          485232 1c0094a8 09d11023 sh               x29, 128(x2)        x29:00000018  x2:100024d8  PA:10002558
27355763ns          485233 1c0094ac 0003d483 lhu              x9, 0(x7)            x9=0000ffd3  x7:1c002eb8  PA:1c002eb8
27356121ns          485251 1c0094b0 02e80eb3 mul              x29, x16, x14       x29=ffffff9d x16:fffffffd x14:00000021
27356140ns          485252 1c0094b4 40a8d893 srai             x17, x17, 0x40a     x17=00000000 x17:00000021
27356160ns          485253 1c0094b8 03c80833 mul              x16, x16, x28       x16=fffffffd x16:fffffffd x28:00000001
27356180ns          485254 1c0094bc 09e11823 sh               x30, 144(x2)        x30:0000fef7  x2:100024d8  PA:10002568
27356200ns          485255 1c0094c0 0005d983 lhu              x19, 0(x11)         x19=0000ffa8 x11:1c002e98  PA:1c002e98
27356498ns          485270 1c0094c4 81c88f5b p.muls           x30, x17, x28       x30=00000000 x17:00000000 x28:00000001
27356518ns          485271 1c0094c8 0002d583 lhu              x11, 0(x5)          x11=0000ff94  x5:1c002ea8  PA:1c002ea8
27356836ns          485287 1c0094cc 03ce0fb3 mul              x31, x28, x28       x31=00000001 x28:00000001 x28:00000001
27356856ns          485288 1c0094d0 02e50733 mul              x14, x10, x14       x14=ffffff5b x10:fffffffb x14:00000021
27356876ns          485289 1c0094d4 40a85813 srai             x16, x16, 0x40a     x16=ffffffff x16:fffffffd
27356896ns          485290 1c0094d8 03c50533 mul              x10, x10, x28       x10=fffffffb x10:fffffffb x28:00000001
27356916ns          485291 1c0094dc 07015e03 lhu              x28, 112(x2)        x28=00000053  x2:100024d8  PA:10002548
27356936ns          485292 1c0094e0 01b60633 add              x12, x12, x27       x12=00001904 x12:00000021 x27:000018e3
27356956ns          485293 1c0094e2 00980833 add              x16, x16, x9        x16=0000ffd2 x16:ffffffff  x9:0000ffd3
27356976ns          485294 1c0094e4 06015d83 lhu              x27, 96(x2)         x27=00000133  x2:100024d8  PA:10002538
27356996ns          485295 1c0094e8 02812483 lw               x9, 40(x2)           x9=1c002ec8  x2:100024d8  PA:10002500
27357015ns          485296 1c0094ea 40afdf93 srai             x31, x31, 0x40a     x31=00000000 x31:00000001
27357035ns          485297 1c0094ee 40a55513 srai             x10, x10, 0x40a     x10=ffffffff x10:fffffffb
27357055ns          485298 1c0094f0 01cf8fb3 add              x31, x31, x28       x31=00000053 x31:00000000 x28:00000053
27357075ns          485299 1c0094f2 00b50533 add              x10, x10, x11       x10=0000ff93 x10:ffffffff x11:0000ff94
27357095ns          485300 1c0094f4 09015e03 lhu              x28, 144(x2)        x28=0000fef7  x2:100024d8  PA:10002568
27357115ns          485301 1c0094f8 03012583 lw               x11, 48(x2)         x11=1c002ed8  x2:100024d8  PA:10002508
27357135ns          485302 1c0094fa 00c49023 sh               x12, 0(x9)          x12:00001904  x9:1c002ec8  PA:1c002ec8
27357473ns          485319 1c0094fe 01b888b3 add              x17, x17, x27       x17=00000133 x17:00000000 x27:00000133
27357493ns          485320 1c009500 01a30333 add              x6, x6, x26          x6=000004e8  x6:00000001 x26:000004e7
27357513ns          485321 1c009502 08015d83 lhu              x27, 128(x2)        x27=00000018  x2:100024d8  PA:10002558
27357533ns          485322 1c009506 0000d903 lhu              x18, 0(x1)          x18=0000feb6  x1:1c002e88  PA:1c002e88
27357871ns          485339 1c00950a 01c686b3 add              x13, x13, x28       x13=0001fef4 x13:0000fffd x28:0000fef7
27357891ns          485340 1c00950c 00659023 sh               x6, 0(x11)           x6:000004e8 x11:1c002ed8  PA:1c002ed8
27358229ns          485357 1c009510 40af5f13 srai             x30, x30, 0x40a     x30=00000000 x30:00000000
27358249ns          485358 1c009514 04812e03 lw               x28, 72(x2)         x28=1c002f08  x2:100024d8  PA:10002520
27358268ns          485359 1c009516 01bf0f33 add              x30, x30, x27       x30=00000018 x30:00000000 x27:00000018
27358288ns          485360 1c009518 40aede93 srai             x29, x29, 0x40a     x29=ffffffff x29:ffffff9d
27358308ns          485361 1c00951c 40a75713 srai             x14, x14, 0x40a     x14=ffffffff x14:ffffff5b
27358328ns          485362 1c00951e 03812603 lw               x12, 56(x2)         x12=1c002ee8  x2:100024d8  PA:10002510
27358348ns          485363 1c009520 04012d83 lw               x27, 64(x2)         x27=1c002ef8  x2:100024d8  PA:10002518
27358368ns          485364 1c009522 01ee1023 sh               x30, 0(x28)         x30:00000018 x28:1c002f08  PA:1c002f08
27358706ns          485381 1c009526 05812483 lw               x9, 88(x2)           x9=1c002e68  x2:100024d8  PA:10002530
27358726ns          485382 1c009528 05012f03 lw               x30, 80(x2)         x30=1c002e78  x2:100024d8  PA:10002528
27358746ns          485383 1c00952a 0a012583 lw               x11, 160(x2)        x11=1c002e98  x2:100024d8  PA:10002578
27358766ns          485384 1c00952c 014787b3 add              x15, x15, x20       x15=0001fa99 x15:0000fffb x20:0000fa9e
27358786ns          485385 1c00952e 013e8eb3 add              x29, x29, x19       x29=0000ffa7 x29:ffffffff x19:0000ffa8
27358805ns          485386 1c009530 01270733 add              x14, x14, x18       x14=0000feb5 x14:ffffffff x18:0000feb6
27358825ns          485387 1c009532 00f49023 sh               x15, 0(x9)          x15:0001fa99  x9:1c002e68  PA:1c002e68
27359143ns          485403 1c009536 01161023 sh               x17, 0(x12)         x17:00000133 x12:1c002ee8  PA:1c002ee8
27359462ns          485419 1c00953a 01fd9023 sh               x31, 0(x27)         x31:00000053 x27:1c002ef8  PA:1c002ef8
27359780ns          485435 1c00953e 00df1023 sh               x13, 0(x30)         x13:0001fef4 x30:1c002e78  PA:1c002e78
27360118ns          485452 1c009542 01d59023 sh               x29, 0(x11)         x29:0000ffa7 x11:1c002e98  PA:1c002e98
27360436ns          485468 1c009546 00e09023 sh               x14, 0(x1)          x14:0000feb5  x1:1c002e88  PA:1c002e88
27360754ns          485484 1c00954a 01039023 sh               x16, 0(x7)          x16:0000ffd2  x7:1c002eb8  PA:1c002eb8
27361093ns          485501 1c00954e 00a29023 sh               x10, 0(x5)          x10:0000ff93  x5:1c002ea8  PA:1c002ea8
27361411ns          485517 1c009552 008b0b13 addi             x22, x22, 8         x22=000001bc x22:000001b4
27361431ns          485518 1c009554 1f300793 addi             x15, x0, 499        x15=000001f3
27361450ns          485519 1c009558 e767dae3 bge              x15, x22, -396      x15:000001f3 x22:000001bc
27361550ns          485524 1c0093cc 010c9a0b p.lh             x20, 16(x25!)       x20=ffffffc5 x25=1c002a10 x25:1c002a00  PA:1c002a00
27361868ns          485540 1c0093d0 0104198b p.lh             x19, 16(x8!)        x19=ffffffa5  x8=1c0021d8  x8:1c0021c8  PA:1c0021c8
27362166ns          485555 1c0093d4 2cc10513 addi             x10, x2, 716        x10=100027a4  x2:100024d8
27362186ns          485556 1c0093d6 010a990b p.lh             x18, 16(x21!)       x18=ffffffb7 x21=1c001a04 x21:1c0019f4  PA:1c0019f4
27362505ns          485572 1c0093da 010b948b p.lh             x9, 16(x23!)         x9=ffffffaa x23=1c001234 x23:1c001224  PA:1c001224
27362803ns          485587 1c0093de 2d411623 sh               x20, 716(x2)        x20:ffffffc5  x2:100024d8  PA:100027a4
27362823ns          485588 1c0093e2 2d311723 sh               x19, 718(x2)        x19:ffffffa5  x2:100024d8  PA:100027a6
27362843ns          485589 1c0093e6 c33ff0ef jal              x1, -974             x1=1c0093e8
27362882ns          485591 1c009018 00051803 lh               x16, 0(x10)         x16=ffffffc5 x10:100027a4  PA:100027a4
27362902ns          485592 1c00901c 00251883 lh               x17, 2(x10)         x17=ffffffa5 x10:100027a4  PA:100027a6
27362922ns          485593 1c009020 030806b3 mul              x13, x16, x16       x13=00000d99 x16:ffffffc5 x16:ffffffc5
27362942ns          485594 1c009024 03188633 mul              x12, x17, x17       x12=00002059 x17:ffffffa5 x17:ffffffa5
27362962ns          485595 1c009028 40a65613 srai             x12, x12, 0x40a     x12=00000008 x12:00002059
27362982ns          485596 1c00902a 40a6d693 srai             x13, x13, 0x40a     x13=00000003 x13:00000d99
27363002ns          485597 1c00902c 00c686b3 add              x13, x13, x12       x13=0000000b x13:00000003 x12:00000008
27363022ns          485598 1c00902e 1006c633 p.exths          x12, x13, x0        x12=0000000b x13:0000000b
27363042ns          485599 1c009032 00855703 lhu              x14, 8(x10)         x14=0000ffd1 x10:100027a4  PA:100027ac
27363061ns          485600 1c009036 00a55683 lhu              x13, 10(x10)        x13=0000ff6a x10:100027a4  PA:100027ae
27363081ns          485601 1c00903a 02c60333 mul              x6, x12, x12         x6=00000079 x12:0000000b x12:0000000b
27363101ns          485602 1c00903e 00c55783 lhu              x15, 12(x10)        x15=0000ffe5 x10:100027a4  PA:100027b0
27363121ns          485603 1c009042 00e55583 lhu              x11, 14(x10)        x11=00000060 x10:100027a4  PA:100027b2
27363141ns          485604 1c009046 dea30333 p.extract        x6, x6, 15, 10       x6=00000000  x6:00000079
27363161ns          485605 1c00904a 80c7075b p.muls           x14, x14, x12       x14=fffffdfb x14:0000ffd1 x12:0000000b
27363181ns          485606 1c00904e 80c686db p.muls           x13, x13, x12       x13=fffff98e x13:0000ff6a x12:0000000b
27363201ns          485607 1c009052 00455e83 lhu              x29, 4(x10)         x29=00000427 x10:100027a4  PA:100027a8
27363221ns          485608 1c009056 00655e03 lhu              x28, 6(x10)         x28=0000007f x10:100027a4  PA:100027aa
27363240ns          485609 1c00905a 40a75713 srai             x14, x14, 0x40a     x14=ffffffff x14:fffffdfb
27363260ns          485610 1c00905c 806787db p.muls           x15, x15, x6        x15=00000000 x15:0000ffe5  x6:00000000
27363280ns          485611 1c009060 40a6d693 srai             x13, x13, 0x40a     x13=fffffffe x13:fffff98e
27363320ns          485613 1c009062 8065865b p.muls           x12, x11, x6        x12=00000000 x11:00000060  x6:00000000
27363340ns          485614 1c009066 40a7d793 srai             x15, x15, 0x40a     x15=00000000 x15:00000000
27363360ns          485615 1c009068 40a65613 srai             x12, x12, 0x40a     x12=00000000 x12:00000000
27363380ns          485616 1c00906a 01d70733 add              x14, x14, x29       x14=00000426 x14:ffffffff x29:00000427
27363400ns          485617 1c00906c 01c686b3 add              x13, x13, x28       x13=0000007d x13:fffffffe x28:0000007f
27363419ns          485618 1c00906e 00c686b3 add              x13, x13, x12       x13=0000007d x13:0000007d x12:00000000
27363439ns          485619 1c009070 00f70733 add              x14, x14, x15       x14=00000426 x14:00000426 x15:00000000
27363459ns          485620 1c009072 100747b3 p.exths          x15, x14, x0        x15=00000426 x14:00000426
27363479ns          485621 1c009076 1006c733 p.exths          x14, x13, x0        x14=0000007d x13:0000007d
27363499ns          485622 1c00907a 03170633 mul              x12, x14, x17       x12=ffffd391 x14:0000007d x17:ffffffa5
27363519ns          485623 1c00907e 030786b3 mul              x13, x15, x16       x13=ffff0b3e x15:00000426 x16:ffffffc5
27363539ns          485624 1c009082 03070733 mul              x14, x14, x16       x14=ffffe331 x14:0000007d x16:ffffffc5
27363559ns          485625 1c009086 031787b3 mul              x15, x15, x17       x15=fffe867e x15:00000426 x17:ffffffa5
27363579ns          485626 1c00908a 40a6d693 srai             x13, x13, 0x40a     x13=ffffffc2 x13:ffff0b3e
27363598ns          485627 1c00908c 40a65613 srai             x12, x12, 0x40a     x12=fffffff4 x12:ffffd391
27363618ns          485628 1c00908e 40a7d793 srai             x15, x15, 0x40a     x15=ffffffa1 x15:fffe867e
27363638ns          485629 1c009090 40a75713 srai             x14, x14, 0x40a     x14=fffffff8 x14:ffffe331
27363658ns          485630 1c009092 40c686b3 sub              x13, x13, x12       x13=ffffffce x13:ffffffc2 x12:fffffff4
27363678ns          485631 1c009094 00e787b3 add              x15, x15, x14       x15=ffffff99 x15:ffffffa1 x14:fffffff8
27363698ns          485632 1c009096 00d51823 sh               x13, 16(x10)        x13:ffffffce x10:100027a4  PA:100027b4
27363718ns          485633 1c00909a 00f51923 sh               x15, 18(x10)        x15:ffffff99 x10:100027a4  PA:100027b6
27363738ns          485634 1c00909e 00008067 jalr             x0, x1, 0            x1:1c0093e8
27363837ns          485639 1c0093e8 2dc15583 lhu              x11, 732(x2)        x11=0000ffce  x2:100024d8  PA:100027b4
27363857ns          485640 1c0093ec 2de15783 lhu              x15, 734(x2)        x15=0000ff99  x2:100024d8  PA:100027b6
27363877ns          485641 1c0093f0 40b90933 sub              x18, x18, x11       x18=fffeffe9 x18:ffffffb7 x11:0000ffce
27363897ns          485642 1c0093f4 40f484b3 sub              x9, x9, x15          x9=ffff0011  x9:ffffffaa x15:0000ff99
27363917ns          485643 1c0093f6 100945b3 p.exths          x11, x18, x0        x11=ffffffe9 x18:fffeffe9
27363936ns          485644 1c0093fa 1004c7b3 p.exths          x15, x9, x0         x15=00000011  x9:ffff0011
27363956ns          485645 1c0093fe 034586b3 mul              x13, x11, x20       x13=0000054d x11:ffffffe9 x20:ffffffc5
27363976ns          485646 1c009402 03378533 mul              x10, x15, x19       x10=fffff9f5 x15:00000011 x19:ffffffa5
27363996ns          485647 1c009406 034a0633 mul              x12, x20, x20       x12=00000d99 x20:ffffffc5 x20:ffffffc5
27364016ns          485648 1c00940a 03398733 mul              x14, x19, x19       x14=00002059 x19:ffffffa5 x19:ffffffa5
27364036ns          485649 1c00940e 034787b3 mul              x15, x15, x20       x15=fffffc15 x15:00000011 x20:ffffffc5
27364056ns          485650 1c009412 033585b3 mul              x11, x11, x19       x11=0000082d x11:ffffffe9 x19:ffffffa5
27364076ns          485651 1c009416 40a75713 srai             x14, x14, 0x40a     x14=00000008 x14:00002059
27364096ns          485652 1c009418 40a5d593 srai             x11, x11, 0x40a     x11=00000002 x11:0000082d
27364115ns          485653 1c00941a 40a65613 srai             x12, x12, 0x40a     x12=00000003 x12:00000d99
27364135ns          485654 1c00941c 40a7d793 srai             x15, x15, 0x40a     x15=ffffffff x15:fffffc15
27364155ns          485655 1c00941e 1c0034b7 lui              x9, 0x1c003000       x9=1c003000
27364175ns          485656 1c009422 00e60633 add              x12, x12, x14       x12=0000000b x12:00000003 x14:00000008
27364195ns          485657 1c009424 40b787b3 sub              x15, x15, x11       x15=fffffffd x15:ffffffff x11:00000002
27364215ns          485658 1c009426 eb048493 addi             x9, x9, -336         x9=1c002eb0  x9:1c003000
27364235ns          485659 1c00942a 1c0032b7 lui              x5, 0x1c003000       x5=1c003000
27364255ns          485660 1c00942e 1c0035b7 lui              x11, 0x1c003000     x11=1c003000
27364275ns          485661 1c009432 018483b3 add              x7, x9, x24          x7=1c002eb8  x9:1c002eb0 x24:00000008
27364294ns          485662 1c009436 02812e83 lw               x29, 40(x2)         x29=1c002ec8  x2:100024d8  PA:10002500
27364314ns          485663 1c009438 10065633 p.exthz          x12, x12, x0        x12=0000000b x12:0000000b
27364334ns          485664 1c00943c e8028293 addi             x5, x5, -384         x5=1c002e80  x5:1c003000
27364374ns          485666 1c009440 ea058593 addi             x11, x11, -352      x11=1c002ea0 x11:1c003000
27364414ns          485668 1c009444 03812483 lw               x9, 56(x2)           x9=1c002ee8  x2:100024d8  PA:10002510
27364434ns          485669 1c009446 10064733 p.exths          x14, x12, x0        x14=0000000b x12:0000000b
27364454ns          485670 1c00944a 018280b3 add              x1, x5, x24          x1=1c002e88  x5:1c002e80 x24:00000008
27364473ns          485671 1c00944e 03012f03 lw               x30, 48(x2)         x30=1c002ed8  x2:100024d8  PA:10002508
27364513ns          485673 1c009450 018582b3 add              x5, x11, x24         x5=1c002ea8 x11:1c002ea0 x24:00000008
27364553ns          485675 1c009454 04012583 lw               x11, 64(x2)         x11=1c002ef8  x2:100024d8  PA:10002518
27364573ns          485676 1c009456 000edd83 lhu              x27, 0(x29)         x27=00001904 x29:1c002ec8  PA:1c002ec8
27364871ns          485691 1c00945a 0004d483 lhu              x9, 0(x9)            x9=00000133  x9:1c002ee8  PA:1c002ee8
27365189ns          485707 1c00945e 02e70333 mul              x6, x14, x14         x6=00000079 x14:0000000b x14:0000000b
27365209ns          485708 1c009462 40a55513 srai             x10, x10, 0x40a     x10=fffffffe x10:fffff9f5
27365229ns          485709 1c009464 04812e83 lw               x29, 72(x2)         x29=1c002f08  x2:100024d8  PA:10002520
27365249ns          485710 1c009466 40a6d693 srai             x13, x13, 0x40a     x13=00000001 x13:0000054d
27365269ns          485711 1c009468 000f5d03 lhu              x26, 0(x30)         x26=000004e8 x30:1c002ed8  PA:1c002ed8
27365647ns          485730 1c00946c 0005d583 lhu              x11, 0(x11)         x11=00000053 x11:1c002ef8  PA:1c002ef8
27365985ns          485747 1c009470 40a35313 srai             x6, x6, 0x40a        x6=00000000  x6:00000079
27366005ns          485748 1c009474 00a686b3 add              x13, x13, x10       x13=ffffffff x13:00000001 x10:fffffffe
27366025ns          485749 1c009476 05012f03 lw               x30, 80(x2)         x30=1c002e78  x2:100024d8  PA:10002528
27366045ns          485750 1c009478 10034e33 p.exths          x28, x6, x0         x28=00000000  x6:00000000
27366065ns          485751 1c00947c 06911023 sh               x9, 96(x2)           x9:00000133  x2:100024d8  PA:10002538
27366084ns          485752 1c009480 000ede83 lhu              x29, 0(x29)         x29=00000018 x29:1c002f08  PA:1c002f08
27366383ns          485767 1c009484 05812483 lw               x9, 88(x2)           x9=1c002e68  x2:100024d8  PA:10002530
27366403ns          485768 1c009486 1006d6b3 p.exthz          x13, x13, x0        x13=0000ffff x13:ffffffff
27366422ns          485769 1c00948a 02ee08b3 mul              x17, x28, x14       x17=00000000 x28:00000000 x14:0000000b
27366442ns          485770 1c00948e 1006c833 p.exths          x16, x13, x0        x16=ffffffff x13:0000ffff
27366462ns          485771 1c009492 06b11823 sh               x11, 112(x2)        x11:00000053  x2:100024d8  PA:10002548
27366482ns          485772 1c009496 000f5f03 lhu              x30, 0(x30)         x30=0000fef4 x30:1c002e78  PA:1c002e78
27366780ns          485787 1c00949a 0a012583 lw               x11, 160(x2)        x11=1c002e98  x2:100024d8  PA:10002578
27366800ns          485788 1c00949c 1007d7b3 p.exthz          x15, x15, x0        x15=0000fffd x15:fffffffd
27366820ns          485789 1c0094a0 0004da03 lhu              x20, 0(x9)          x20=0000fa99  x9:1c002e68  PA:1c002e68
27367119ns          485804 1c0094a4 1007c533 p.exths          x10, x15, x0        x10=fffffffd x15:0000fffd
27367138ns          485805 1c0094a8 09d11023 sh               x29, 128(x2)        x29:00000018  x2:100024d8  PA:10002558
27367158ns          485806 1c0094ac 0003d483 lhu              x9, 0(x7)            x9=0000ffd2  x7:1c002eb8  PA:1c002eb8
27367496ns          485823 1c0094b0 02e80eb3 mul              x29, x16, x14       x29=fffffff5 x16:ffffffff x14:0000000b
27367516ns          485824 1c0094b4 40a8d893 srai             x17, x17, 0x40a     x17=00000000 x17:00000000
27367536ns          485825 1c0094b8 03c80833 mul              x16, x16, x28       x16=00000000 x16:ffffffff x28:00000000
27367556ns          485826 1c0094bc 09e11823 sh               x30, 144(x2)        x30:0000fef4  x2:100024d8  PA:10002568
27367576ns          485827 1c0094c0 0005d983 lhu              x19, 0(x11)         x19=0000ffa7 x11:1c002e98  PA:1c002e98
27367914ns          485844 1c0094c4 81c88f5b p.muls           x30, x17, x28       x30=00000000 x17:00000000 x28:00000000
27367934ns          485845 1c0094c8 0002d583 lhu              x11, 0(x5)          x11=0000ff93  x5:1c002ea8  PA:1c002ea8
27368232ns          485860 1c0094cc 03ce0fb3 mul              x31, x28, x28       x31=00000000 x28:00000000 x28:00000000
27368252ns          485861 1c0094d0 02e50733 mul              x14, x10, x14       x14=ffffffdf x10:fffffffd x14:0000000b
27368272ns          485862 1c0094d4 40a85813 srai             x16, x16, 0x40a     x16=00000000 x16:00000000
27368292ns          485863 1c0094d8 03c50533 mul              x10, x10, x28       x10=00000000 x10:fffffffd x28:00000000
27368312ns          485864 1c0094dc 07015e03 lhu              x28, 112(x2)        x28=00000053  x2:100024d8  PA:10002548
27368332ns          485865 1c0094e0 01b60633 add              x12, x12, x27       x12=0000190f x12:0000000b x27:00001904
27368352ns          485866 1c0094e2 00980833 add              x16, x16, x9        x16=0000ffd2 x16:00000000  x9:0000ffd2
27368372ns          485867 1c0094e4 06015d83 lhu              x27, 96(x2)         x27=00000133  x2:100024d8  PA:10002538
27368391ns          485868 1c0094e8 02812483 lw               x9, 40(x2)           x9=1c002ec8  x2:100024d8  PA:10002500
27368411ns          485869 1c0094ea 40afdf93 srai             x31, x31, 0x40a     x31=00000000 x31:00000000
27368431ns          485870 1c0094ee 40a55513 srai             x10, x10, 0x40a     x10=00000000 x10:00000000
27368451ns          485871 1c0094f0 01cf8fb3 add              x31, x31, x28       x31=00000053 x31:00000000 x28:00000053
27368471ns          485872 1c0094f2 00b50533 add              x10, x10, x11       x10=0000ff93 x10:00000000 x11:0000ff93
27368491ns          485873 1c0094f4 09015e03 lhu              x28, 144(x2)        x28=0000fef4  x2:100024d8  PA:10002568
27368511ns          485874 1c0094f8 03012583 lw               x11, 48(x2)         x11=1c002ed8  x2:100024d8  PA:10002508
27368531ns          485875 1c0094fa 00c49023 sh               x12, 0(x9)          x12:0000190f  x9:1c002ec8  PA:1c002ec8
27368849ns          485891 1c0094fe 01b888b3 add              x17, x17, x27       x17=00000133 x17:00000000 x27:00000133
27368869ns          485892 1c009500 01a30333 add              x6, x6, x26          x6=000004e8  x6:00000000 x26:000004e8
27368889ns          485893 1c009502 08015d83 lhu              x27, 128(x2)        x27=00000018  x2:100024d8  PA:10002558
27368908ns          485894 1c009506 0000d903 lhu              x18, 0(x1)          x18=0000feb5  x1:1c002e88  PA:1c002e88
27369227ns          485910 1c00950a 01c686b3 add              x13, x13, x28       x13=0001fef3 x13:0000ffff x28:0000fef4
27369247ns          485911 1c00950c 00659023 sh               x6, 0(x11)           x6:000004e8 x11:1c002ed8  PA:1c002ed8
27369565ns          485927 1c009510 40af5f13 srai             x30, x30, 0x40a     x30=00000000 x30:00000000
27369585ns          485928 1c009514 04812e03 lw               x28, 72(x2)         x28=1c002f08  x2:100024d8  PA:10002520
27369605ns          485929 1c009516 01bf0f33 add              x30, x30, x27       x30=00000018 x30:00000000 x27:00000018
27369624ns          485930 1c009518 40aede93 srai             x29, x29, 0x40a     x29=ffffffff x29:fffffff5
27369644ns          485931 1c00951c 40a75713 srai             x14, x14, 0x40a     x14=ffffffff x14:ffffffdf
27369664ns          485932 1c00951e 03812603 lw               x12, 56(x2)         x12=1c002ee8  x2:100024d8  PA:10002510
27369684ns          485933 1c009520 04012d83 lw               x27, 64(x2)         x27=1c002ef8  x2:100024d8  PA:10002518
27369704ns          485934 1c009522 01ee1023 sh               x30, 0(x28)         x30:00000018 x28:1c002f08  PA:1c002f08
27370022ns          485950 1c009526 05812483 lw               x9, 88(x2)           x9=1c002e68  x2:100024d8  PA:10002530
27370042ns          485951 1c009528 05012f03 lw               x30, 80(x2)         x30=1c002e78  x2:100024d8  PA:10002528
27370062ns          485952 1c00952a 0a012583 lw               x11, 160(x2)        x11=1c002e98  x2:100024d8  PA:10002578
27370082ns          485953 1c00952c 014787b3 add              x15, x15, x20       x15=0001fa96 x15:0000fffd x20:0000fa99
27370102ns          485954 1c00952e 013e8eb3 add              x29, x29, x19       x29=0000ffa6 x29:ffffffff x19:0000ffa7
27370122ns          485955 1c009530 01270733 add              x14, x14, x18       x14=0000feb4 x14:ffffffff x18:0000feb5
27370142ns          485956 1c009532 00f49023 sh               x15, 0(x9)          x15:0001fa96  x9:1c002e68  PA:1c002e68
27370480ns          485973 1c009536 01161023 sh               x17, 0(x12)         x17:00000133 x12:1c002ee8  PA:1c002ee8
27370798ns          485989 1c00953a 01fd9023 sh               x31, 0(x27)         x31:00000053 x27:1c002ef8  PA:1c002ef8
27371116ns          486005 1c00953e 00df1023 sh               x13, 0(x30)         x13:0001fef3 x30:1c002e78  PA:1c002e78
27371434ns          486021 1c009542 01d59023 sh               x29, 0(x11)         x29:0000ffa6 x11:1c002e98  PA:1c002e98
27371772ns          486038 1c009546 00e09023 sh               x14, 0(x1)          x14:0000feb4  x1:1c002e88  PA:1c002e88
27372091ns          486054 1c00954a 01039023 sh               x16, 0(x7)          x16:0000ffd2  x7:1c002eb8  PA:1c002eb8
27372409ns          486070 1c00954e 00a29023 sh               x10, 0(x5)          x10:0000ff93  x5:1c002ea8  PA:1c002ea8
27372747ns          486087 1c009552 008b0b13 addi             x22, x22, 8         x22=000001c4 x22:000001bc
27372767ns          486088 1c009554 1f300793 addi             x15, x0, 499        x15=000001f3
27372787ns          486089 1c009558 e767dae3 bge              x15, x22, -396      x15:000001f3 x22:000001c4
27372886ns          486094 1c0093cc 010c9a0b p.lh             x20, 16(x25!)       x20=fffffeff x25=1c002a20 x25:1c002a10  PA:1c002a10
27373204ns          486110 1c0093d0 0104198b p.lh             x19, 16(x8!)        x19=ffffff90  x8=1c0021e8  x8:1c0021d8  PA:1c0021d8
27373582ns          486129 1c0093d4 2cc10513 addi             x10, x2, 716        x10=100027a4  x2:100024d8
27373602ns          486130 1c0093d6 010a990b p.lh             x18, 16(x21!)       x18=fffffefb x21=1c001a14 x21:1c001a04  PA:1c001a04
27373900ns          486145 1c0093da 010b948b p.lh             x9, 16(x23!)         x9=ffffffad x23=1c001244 x23:1c001234  PA:1c001234
27374219ns          486161 1c0093de 2d411623 sh               x20, 716(x2)        x20:fffffeff  x2:100024d8  PA:100027a4
27374258ns          486163 1c0093e2 2d311723 sh               x19, 718(x2)        x19:ffffff90  x2:100024d8  PA:100027a6
27374278ns          486164 1c0093e6 c33ff0ef jal              x1, -974             x1=1c0093e8
27374358ns          486168 1c009018 00051803 lh               x16, 0(x10)         x16=fffffeff x10:100027a4  PA:100027a4
27374398ns          486170 1c00901c 00251883 lh               x17, 2(x10)         x17=ffffff90 x10:100027a4  PA:100027a6
27374457ns          486173 1c009020 030806b3 mul              x13, x16, x16       x13=00010201 x16:fffffeff x16:fffffeff
27374497ns          486175 1c009024 03188633 mul              x12, x17, x17       x12=00003100 x17:ffffff90 x17:ffffff90
27374517ns          486176 1c009028 40a65613 srai             x12, x12, 0x40a     x12=0000000c x12:00003100
27374537ns          486177 1c00902a 40a6d693 srai             x13, x13, 0x40a     x13=00000040 x13:00010201
27374557ns          486178 1c00902c 00c686b3 add              x13, x13, x12       x13=0000004c x13:00000040 x12:0000000c
27374577ns          486179 1c00902e 1006c633 p.exths          x12, x13, x0        x12=0000004c x13:0000004c
27374596ns          486180 1c009032 00855703 lhu              x14, 8(x10)         x14=0000ffd1 x10:100027a4  PA:100027ac
27374656ns          486183 1c009036 00a55683 lhu              x13, 10(x10)        x13=0000ff6a x10:100027a4  PA:100027ae
27374676ns          486184 1c00903a 02c60333 mul              x6, x12, x12         x6=00001690 x12:0000004c x12:0000004c
27374696ns          486185 1c00903e 00c55783 lhu              x15, 12(x10)        x15=0000ffe5 x10:100027a4  PA:100027b0
27374716ns          486186 1c009042 00e55583 lhu              x11, 14(x10)        x11=00000060 x10:100027a4  PA:100027b2
27374736ns          486187 1c009046 dea30333 p.extract        x6, x6, 15, 10       x6=00000005  x6:00001690
27374756ns          486188 1c00904a 80c7075b p.muls           x14, x14, x12       x14=fffff20c x14:0000ffd1 x12:0000004c
27374775ns          486189 1c00904e 80c686db p.muls           x13, x13, x12       x13=ffffd378 x13:0000ff6a x12:0000004c
27374795ns          486190 1c009052 00455e83 lhu              x29, 4(x10)         x29=00000427 x10:100027a4  PA:100027a8
27374815ns          486191 1c009056 00655e03 lhu              x28, 6(x10)         x28=0000007f x10:100027a4  PA:100027aa
27374835ns          486192 1c00905a 40a75713 srai             x14, x14, 0x40a     x14=fffffffc x14:fffff20c
27374855ns          486193 1c00905c 806787db p.muls           x15, x15, x6        x15=ffffff79 x15:0000ffe5  x6:00000005
27374895ns          486195 1c009060 40a6d693 srai             x13, x13, 0x40a     x13=fffffff4 x13:ffffd378
27374935ns          486197 1c009062 8065865b p.muls           x12, x11, x6        x12=000001e0 x11:00000060  x6:00000005
27374954ns          486198 1c009066 40a7d793 srai             x15, x15, 0x40a     x15=ffffffff x15:ffffff79
27374974ns          486199 1c009068 40a65613 srai             x12, x12, 0x40a     x12=00000000 x12:000001e0
27374994ns          486200 1c00906a 01d70733 add              x14, x14, x29       x14=00000423 x14:fffffffc x29:00000427
27375014ns          486201 1c00906c 01c686b3 add              x13, x13, x28       x13=00000073 x13:fffffff4 x28:0000007f
27375034ns          486202 1c00906e 00c686b3 add              x13, x13, x12       x13=00000073 x13:00000073 x12:00000000
27375054ns          486203 1c009070 00f70733 add              x14, x14, x15       x14=00000422 x14:00000423 x15:ffffffff
27375074ns          486204 1c009072 100747b3 p.exths          x15, x14, x0        x15=00000422 x14:00000422
27375094ns          486205 1c009076 1006c733 p.exths          x14, x13, x0        x14=00000073 x13:00000073
27375114ns          486206 1c00907a 03170633 mul              x12, x14, x17       x12=ffffcdb0 x14:00000073 x17:ffffff90
27375133ns          486207 1c00907e 030786b3 mul              x13, x15, x16       x13=fffbd9de x15:00000422 x16:fffffeff
27375153ns          486208 1c009082 03070733 mul              x14, x14, x16       x14=ffff8c8d x14:00000073 x16:fffffeff
27375173ns          486209 1c009086 031787b3 mul              x15, x15, x17       x15=fffe3120 x15:00000422 x17:ffffff90
27375193ns          486210 1c00908a 40a6d693 srai             x13, x13, 0x40a     x13=fffffef6 x13:fffbd9de
27375213ns          486211 1c00908c 40a65613 srai             x12, x12, 0x40a     x12=fffffff3 x12:ffffcdb0
27375233ns          486212 1c00908e 40a7d793 srai             x15, x15, 0x40a     x15=ffffff8c x15:fffe3120
27375253ns          486213 1c009090 40a75713 srai             x14, x14, 0x40a     x14=ffffffe3 x14:ffff8c8d
27375273ns          486214 1c009092 40c686b3 sub              x13, x13, x12       x13=ffffff03 x13:fffffef6 x12:fffffff3
27375293ns          486215 1c009094 00e787b3 add              x15, x15, x14       x15=ffffff6f x15:ffffff8c x14:ffffffe3
27375312ns          486216 1c009096 00d51823 sh               x13, 16(x10)        x13:ffffff03 x10:100027a4  PA:100027b4
27375332ns          486217 1c00909a 00f51923 sh               x15, 18(x10)        x15:ffffff6f x10:100027a4  PA:100027b6
27375352ns          486218 1c00909e 00008067 jalr             x0, x1, 0            x1:1c0093e8
27375432ns          486222 1c0093e8 2dc15583 lhu              x11, 732(x2)        x11=0000ff03  x2:100024d8  PA:100027b4
27375452ns          486223 1c0093ec 2de15783 lhu              x15, 734(x2)        x15=0000ff6f  x2:100024d8  PA:100027b6
27375472ns          486224 1c0093f0 40b90933 sub              x18, x18, x11       x18=fffefff8 x18:fffffefb x11:0000ff03
27375491ns          486225 1c0093f4 40f484b3 sub              x9, x9, x15          x9=ffff003e  x9:ffffffad x15:0000ff6f
27375511ns          486226 1c0093f6 100945b3 p.exths          x11, x18, x0        x11=fffffff8 x18:fffefff8
27375531ns          486227 1c0093fa 1004c7b3 p.exths          x15, x9, x0         x15=0000003e  x9:ffff003e
27375551ns          486228 1c0093fe 034586b3 mul              x13, x11, x20       x13=00000808 x11:fffffff8 x20:fffffeff
27375571ns          486229 1c009402 03378533 mul              x10, x15, x19       x10=ffffe4e0 x15:0000003e x19:ffffff90
27375591ns          486230 1c009406 034a0633 mul              x12, x20, x20       x12=00010201 x20:fffffeff x20:fffffeff
27375611ns          486231 1c00940a 03398733 mul              x14, x19, x19       x14=00003100 x19:ffffff90 x19:ffffff90
27375631ns          486232 1c00940e 034787b3 mul              x15, x15, x20       x15=ffffc1c2 x15:0000003e x20:fffffeff
27375651ns          486233 1c009412 033585b3 mul              x11, x11, x19       x11=00000380 x11:fffffff8 x19:ffffff90
27375670ns          486234 1c009416 40a75713 srai             x14, x14, 0x40a     x14=0000000c x14:00003100
27375690ns          486235 1c009418 40a5d593 srai             x11, x11, 0x40a     x11=00000000 x11:00000380
27375710ns          486236 1c00941a 40a65613 srai             x12, x12, 0x40a     x12=00000040 x12:00010201
27375730ns          486237 1c00941c 40a7d793 srai             x15, x15, 0x40a     x15=fffffff0 x15:ffffc1c2
27375750ns          486238 1c00941e 1c0034b7 lui              x9, 0x1c003000       x9=1c003000
27375770ns          486239 1c009422 00e60633 add              x12, x12, x14       x12=0000004c x12:00000040 x14:0000000c
27375790ns          486240 1c009424 40b787b3 sub              x15, x15, x11       x15=fffffff0 x15:fffffff0 x11:00000000
27375810ns          486241 1c009426 eb048493 addi             x9, x9, -336         x9=1c002eb0  x9:1c003000
27375830ns          486242 1c00942a 1c0032b7 lui              x5, 0x1c003000       x5=1c003000
27375849ns          486243 1c00942e 1c0035b7 lui              x11, 0x1c003000     x11=1c003000
27375869ns          486244 1c009432 018483b3 add              x7, x9, x24          x7=1c002eb8  x9:1c002eb0 x24:00000008
27375889ns          486245 1c009436 02812e83 lw               x29, 40(x2)         x29=1c002ec8  x2:100024d8  PA:10002500
27375909ns          486246 1c009438 10065633 p.exthz          x12, x12, x0        x12=0000004c x12:0000004c
27375929ns          486247 1c00943c e8028293 addi             x5, x5, -384         x5=1c002e80  x5:1c003000
27375949ns          486248 1c009440 ea058593 addi             x11, x11, -352      x11=1c002ea0 x11:1c003000
27375989ns          486250 1c009444 03812483 lw               x9, 56(x2)           x9=1c002ee8  x2:100024d8  PA:10002510
27376009ns          486251 1c009446 10064733 p.exths          x14, x12, x0        x14=0000004c x12:0000004c
27376028ns          486252 1c00944a 018280b3 add              x1, x5, x24          x1=1c002e88  x5:1c002e80 x24:00000008
27376048ns          486253 1c00944e 03012f03 lw               x30, 48(x2)         x30=1c002ed8  x2:100024d8  PA:10002508
27376088ns          486255 1c009450 018582b3 add              x5, x11, x24         x5=1c002ea8 x11:1c002ea0 x24:00000008
27376128ns          486257 1c009454 04012583 lw               x11, 64(x2)         x11=1c002ef8  x2:100024d8  PA:10002518
27376148ns          486258 1c009456 000edd83 lhu              x27, 0(x29)         x27=0000190f x29:1c002ec8  PA:1c002ec8
27376466ns          486274 1c00945a 0004d483 lhu              x9, 0(x9)            x9=00000133  x9:1c002ee8  PA:1c002ee8
27376764ns          486289 1c00945e 02e70333 mul              x6, x14, x14         x6=00001690 x14:0000004c x14:0000004c
27376784ns          486290 1c009462 40a55513 srai             x10, x10, 0x40a     x10=fffffff9 x10:ffffe4e0
27376804ns          486291 1c009464 04812e83 lw               x29, 72(x2)         x29=1c002f08  x2:100024d8  PA:10002520
27376824ns          486292 1c009466 40a6d693 srai             x13, x13, 0x40a     x13=00000002 x13:00000808
27376844ns          486293 1c009468 000f5d03 lhu              x26, 0(x30)         x26=000004e8 x30:1c002ed8  PA:1c002ed8
27377202ns          486311 1c00946c 0005d583 lhu              x11, 0(x11)         x11=00000053 x11:1c002ef8  PA:1c002ef8
27377560ns          486329 1c009470 40a35313 srai             x6, x6, 0x40a        x6=00000005  x6:00001690
27377580ns          486330 1c009474 00a686b3 add              x13, x13, x10       x13=fffffffb x13:00000002 x10:fffffff9
27377600ns          486331 1c009476 05012f03 lw               x30, 80(x2)         x30=1c002e78  x2:100024d8  PA:10002528
27377619ns          486332 1c009478 10034e33 p.exths          x28, x6, x0         x28=00000005  x6:00000005
27377639ns          486333 1c00947c 06911023 sh               x9, 96(x2)           x9:00000133  x2:100024d8  PA:10002538
27377659ns          486334 1c009480 000ede83 lhu              x29, 0(x29)         x29=00000018 x29:1c002f08  PA:1c002f08
27377958ns          486349 1c009484 05812483 lw               x9, 88(x2)           x9=1c002e68  x2:100024d8  PA:10002530
27377977ns          486350 1c009486 1006d6b3 p.exthz          x13, x13, x0        x13=0000fffb x13:fffffffb
27377997ns          486351 1c00948a 02ee08b3 mul              x17, x28, x14       x17=0000017c x28:00000005 x14:0000004c
27378017ns          486352 1c00948e 1006c833 p.exths          x16, x13, x0        x16=fffffffb x13:0000fffb
27378037ns          486353 1c009492 06b11823 sh               x11, 112(x2)        x11:00000053  x2:100024d8  PA:10002548
27378057ns          486354 1c009496 000f5f03 lhu              x30, 0(x30)         x30=0000fef3 x30:1c002e78  PA:1c002e78
27378415ns          486372 1c00949a 0a012583 lw               x11, 160(x2)        x11=1c002e98  x2:100024d8  PA:10002578
27378435ns          486373 1c00949c 1007d7b3 p.exthz          x15, x15, x0        x15=0000fff0 x15:fffffff0
27378455ns          486374 1c0094a0 0004da03 lhu              x20, 0(x9)          x20=0000fa96  x9:1c002e68  PA:1c002e68
27378793ns          486391 1c0094a4 1007c533 p.exths          x10, x15, x0        x10=fffffff0 x15:0000fff0
27378813ns          486392 1c0094a8 09d11023 sh               x29, 128(x2)        x29:00000018  x2:100024d8  PA:10002558
27378833ns          486393 1c0094ac 0003d483 lhu              x9, 0(x7)            x9=0000ffd2  x7:1c002eb8  PA:1c002eb8
27379131ns          486408 1c0094b0 02e80eb3 mul              x29, x16, x14       x29=fffffe84 x16:fffffffb x14:0000004c
27379151ns          486409 1c0094b4 40a8d893 srai             x17, x17, 0x40a     x17=00000000 x17:0000017c
27379171ns          486410 1c0094b8 03c80833 mul              x16, x16, x28       x16=ffffffe7 x16:fffffffb x28:00000005
27379191ns          486411 1c0094bc 09e11823 sh               x30, 144(x2)        x30:0000fef3  x2:100024d8  PA:10002568
27379210ns          486412 1c0094c0 0005d983 lhu              x19, 0(x11)         x19=0000ffa6 x11:1c002e98  PA:1c002e98
27379549ns          486429 1c0094c4 81c88f5b p.muls           x30, x17, x28       x30=00000000 x17:00000000 x28:00000005
27379568ns          486430 1c0094c8 0002d583 lhu              x11, 0(x5)          x11=0000ff93  x5:1c002ea8  PA:1c002ea8
27379867ns          486445 1c0094cc 03ce0fb3 mul              x31, x28, x28       x31=00000019 x28:00000005 x28:00000005
27379887ns          486446 1c0094d0 02e50733 mul              x14, x10, x14       x14=fffffb40 x10:fffffff0 x14:0000004c
27379907ns          486447 1c0094d4 40a85813 srai             x16, x16, 0x40a     x16=ffffffff x16:ffffffe7
27379926ns          486448 1c0094d8 03c50533 mul              x10, x10, x28       x10=ffffffb0 x10:fffffff0 x28:00000005
27379946ns          486449 1c0094dc 07015e03 lhu              x28, 112(x2)        x28=00000053  x2:100024d8  PA:10002548
27379986ns          486451 1c0094e0 01b60633 add              x12, x12, x27       x12=0000195b x12:0000004c x27:0000190f
27380006ns          486452 1c0094e2 00980833 add              x16, x16, x9        x16=0000ffd1 x16:ffffffff  x9:0000ffd2
27380026ns          486453 1c0094e4 06015d83 lhu              x27, 96(x2)         x27=00000133  x2:100024d8  PA:10002538
27380046ns          486454 1c0094e8 02812483 lw               x9, 40(x2)           x9=1c002ec8  x2:100024d8  PA:10002500
27380066ns          486455 1c0094ea 40afdf93 srai             x31, x31, 0x40a     x31=00000000 x31:00000019
27380086ns          486456 1c0094ee 40a55513 srai             x10, x10, 0x40a     x10=ffffffff x10:ffffffb0
27380105ns          486457 1c0094f0 01cf8fb3 add              x31, x31, x28       x31=00000053 x31:00000000 x28:00000053
27380125ns          486458 1c0094f2 00b50533 add              x10, x10, x11       x10=0000ff92 x10:ffffffff x11:0000ff93
27380145ns          486459 1c0094f4 09015e03 lhu              x28, 144(x2)        x28=0000fef3  x2:100024d8  PA:10002568
27380165ns          486460 1c0094f8 03012583 lw               x11, 48(x2)         x11=1c002ed8  x2:100024d8  PA:10002508
27380205ns          486462 1c0094fa 00c49023 sh               x12, 0(x9)          x12:0000195b  x9:1c002ec8  PA:1c002ec8
27380523ns          486478 1c0094fe 01b888b3 add              x17, x17, x27       x17=00000133 x17:00000000 x27:00000133
27380543ns          486479 1c009500 01a30333 add              x6, x6, x26          x6=000004ed  x6:00000005 x26:000004e8
27380563ns          486480 1c009502 08015d83 lhu              x27, 128(x2)        x27=00000018  x2:100024d8  PA:10002558
27380583ns          486481 1c009506 0000d903 lhu              x18, 0(x1)          x18=0000feb4  x1:1c002e88  PA:1c002e88
27380881ns          486496 1c00950a 01c686b3 add              x13, x13, x28       x13=0001feee x13:0000fffb x28:0000fef3
27380901ns          486497 1c00950c 00659023 sh               x6, 0(x11)           x6:000004ed x11:1c002ed8  PA:1c002ed8
27381219ns          486513 1c009510 40af5f13 srai             x30, x30, 0x40a     x30=00000000 x30:00000000
27381239ns          486514 1c009514 04812e03 lw               x28, 72(x2)         x28=1c002f08  x2:100024d8  PA:10002520
27381259ns          486515 1c009516 01bf0f33 add              x30, x30, x27       x30=00000018 x30:00000000 x27:00000018
27381279ns          486516 1c009518 40aede93 srai             x29, x29, 0x40a     x29=ffffffff x29:fffffe84
27381299ns          486517 1c00951c 40a75713 srai             x14, x14, 0x40a     x14=fffffffe x14:fffffb40
27381319ns          486518 1c00951e 03812603 lw               x12, 56(x2)         x12=1c002ee8  x2:100024d8  PA:10002510
27381338ns          486519 1c009520 04012d83 lw               x27, 64(x2)         x27=1c002ef8  x2:100024d8  PA:10002518
27381358ns          486520 1c009522 01ee1023 sh               x30, 0(x28)         x30:00000018 x28:1c002f08  PA:1c002f08
27381677ns          486536 1c009526 05812483 lw               x9, 88(x2)           x9=1c002e68  x2:100024d8  PA:10002530
27381696ns          486537 1c009528 05012f03 lw               x30, 80(x2)         x30=1c002e78  x2:100024d8  PA:10002528
27381716ns          486538 1c00952a 0a012583 lw               x11, 160(x2)        x11=1c002e98  x2:100024d8  PA:10002578
27381736ns          486539 1c00952c 014787b3 add              x15, x15, x20       x15=0001fa86 x15:0000fff0 x20:0000fa96
27381756ns          486540 1c00952e 013e8eb3 add              x29, x29, x19       x29=0000ffa5 x29:ffffffff x19:0000ffa6
27381776ns          486541 1c009530 01270733 add              x14, x14, x18       x14=0000feb2 x14:fffffffe x18:0000feb4
27381796ns          486542 1c009532 00f49023 sh               x15, 0(x9)          x15:0001fa86  x9:1c002e68  PA:1c002e68
27382114ns          486558 1c009536 01161023 sh               x17, 0(x12)         x17:00000133 x12:1c002ee8  PA:1c002ee8
27382452ns          486575 1c00953a 01fd9023 sh               x31, 0(x27)         x31:00000053 x27:1c002ef8  PA:1c002ef8
27382770ns          486591 1c00953e 00df1023 sh               x13, 0(x30)         x13:0001feee x30:1c002e78  PA:1c002e78
27383089ns          486607 1c009542 01d59023 sh               x29, 0(x11)         x29:0000ffa5 x11:1c002e98  PA:1c002e98
27383427ns          486624 1c009546 00e09023 sh               x14, 0(x1)          x14:0000feb2  x1:1c002e88  PA:1c002e88
27383745ns          486640 1c00954a 01039023 sh               x16, 0(x7)          x16:0000ffd1  x7:1c002eb8  PA:1c002eb8
27384083ns          486657 1c00954e 00a29023 sh               x10, 0(x5)          x10:0000ff92  x5:1c002ea8  PA:1c002ea8
27384401ns          486673 1c009552 008b0b13 addi             x22, x22, 8         x22=000001cc x22:000001c4
27384421ns          486674 1c009554 1f300793 addi             x15, x0, 499        x15=000001f3
27384441ns          486675 1c009558 e767dae3 bge              x15, x22, -396      x15:000001f3 x22:000001cc
27384501ns          486678 1c0093cc 010c9a0b p.lh             x20, 16(x25!)       x20=ffffff27 x25=1c002a30 x25:1c002a20  PA:1c002a20
27384819ns          486694 1c0093d0 0104198b p.lh             x19, 16(x8!)        x19=fffffe4a  x8=1c0021f8  x8:1c0021e8  PA:1c0021e8
27385217ns          486714 1c0093d4 2cc10513 addi             x10, x2, 716        x10=100027a4  x2:100024d8
27385237ns          486715 1c0093d6 010a990b p.lh             x18, 16(x21!)       x18=fffffee7 x21=1c001a24 x21:1c001a14  PA:1c001a14
27385555ns          486731 1c0093da 010b948b p.lh             x9, 16(x23!)         x9=fffffe75 x23=1c001254 x23:1c001244  PA:1c001244
27385873ns          486747 1c0093de 2d411623 sh               x20, 716(x2)        x20:ffffff27  x2:100024d8  PA:100027a4
27385893ns          486748 1c0093e2 2d311723 sh               x19, 718(x2)        x19:fffffe4a  x2:100024d8  PA:100027a6
27385913ns          486749 1c0093e6 c33ff0ef jal              x1, -974             x1=1c0093e8
27385992ns          486753 1c009018 00051803 lh               x16, 0(x10)         x16=ffffff27 x10:100027a4  PA:100027a4
27386032ns          486755 1c00901c 00251883 lh               x17, 2(x10)         x17=fffffe4a x10:100027a4  PA:100027a6
27386052ns          486756 1c009020 030806b3 mul              x13, x16, x16       x13=0000b7f1 x16:ffffff27 x16:ffffff27
27386072ns          486757 1c009024 03188633 mul              x12, x17, x17       x12=0002ed64 x17:fffffe4a x17:fffffe4a
27386092ns          486758 1c009028 40a65613 srai             x12, x12, 0x40a     x12=000000bb x12:0002ed64
27386112ns          486759 1c00902a 40a6d693 srai             x13, x13, 0x40a     x13=0000002d x13:0000b7f1
27386132ns          486760 1c00902c 00c686b3 add              x13, x13, x12       x13=000000e8 x13:0000002d x12:000000bb
27386151ns          486761 1c00902e 1006c633 p.exths          x12, x13, x0        x12=000000e8 x13:000000e8
27386171ns          486762 1c009032 00855703 lhu              x14, 8(x10)         x14=0000ffd1 x10:100027a4  PA:100027ac
27386191ns          486763 1c009036 00a55683 lhu              x13, 10(x10)        x13=0000ff6a x10:100027a4  PA:100027ae
27386211ns          486764 1c00903a 02c60333 mul              x6, x12, x12         x6=0000d240 x12:000000e8 x12:000000e8
27386231ns          486765 1c00903e 00c55783 lhu              x15, 12(x10)        x15=0000ffe5 x10:100027a4  PA:100027b0
27386251ns          486766 1c009042 00e55583 lhu              x11, 14(x10)        x11=00000060 x10:100027a4  PA:100027b2
27386271ns          486767 1c009046 dea30333 p.extract        x6, x6, 15, 10       x6=00000034  x6:0000d240
27386291ns          486768 1c00904a 80c7075b p.muls           x14, x14, x12       x14=ffffd568 x14:0000ffd1 x12:000000e8
27386330ns          486770 1c00904e 80c686db p.muls           x13, x13, x12       x13=ffff7810 x13:0000ff6a x12:000000e8
27386370ns          486772 1c009052 00455e83 lhu              x29, 4(x10)         x29=00000427 x10:100027a4  PA:100027a8
27386390ns          486773 1c009056 00655e03 lhu              x28, 6(x10)         x28=0000007f x10:100027a4  PA:100027aa
27386410ns          486774 1c00905a 40a75713 srai             x14, x14, 0x40a     x14=fffffff5 x14:ffffd568
27386430ns          486775 1c00905c 806787db p.muls           x15, x15, x6        x15=fffffa84 x15:0000ffe5  x6:00000034
27386470ns          486777 1c009060 40a6d693 srai             x13, x13, 0x40a     x13=ffffffde x13:ffff7810
27386509ns          486779 1c009062 8065865b p.muls           x12, x11, x6        x12=00001380 x11:00000060  x6:00000034
27386529ns          486780 1c009066 40a7d793 srai             x15, x15, 0x40a     x15=fffffffe x15:fffffa84
27386549ns          486781 1c009068 40a65613 srai             x12, x12, 0x40a     x12=00000004 x12:00001380
27386569ns          486782 1c00906a 01d70733 add              x14, x14, x29       x14=0000041c x14:fffffff5 x29:00000427
27386589ns          486783 1c00906c 01c686b3 add              x13, x13, x28       x13=0000005d x13:ffffffde x28:0000007f
27386609ns          486784 1c00906e 00c686b3 add              x13, x13, x12       x13=00000061 x13:0000005d x12:00000004
27386629ns          486785 1c009070 00f70733 add              x14, x14, x15       x14=0000041a x14:0000041c x15:fffffffe
27386649ns          486786 1c009072 100747b3 p.exths          x15, x14, x0        x15=0000041a x14:0000041a
27386668ns          486787 1c009076 1006c733 p.exths          x14, x13, x0        x14=00000061 x13:00000061
27386688ns          486788 1c00907a 03170633 mul              x12, x14, x17       x12=ffff5a0a x14:00000061 x17:fffffe4a
27386708ns          486789 1c00907e 030786b3 mul              x13, x15, x16       x13=fffc85f6 x15:0000041a x16:ffffff27
27386728ns          486790 1c009082 03070733 mul              x14, x14, x16       x14=ffffadc7 x14:00000061 x16:ffffff27
27386748ns          486791 1c009086 031787b3 mul              x15, x15, x17       x15=fff8fb84 x15:0000041a x17:fffffe4a
27386768ns          486792 1c00908a 40a6d693 srai             x13, x13, 0x40a     x13=ffffff21 x13:fffc85f6
27386788ns          486793 1c00908c 40a65613 srai             x12, x12, 0x40a     x12=ffffffd6 x12:ffff5a0a
27386808ns          486794 1c00908e 40a7d793 srai             x15, x15, 0x40a     x15=fffffe3e x15:fff8fb84
27386828ns          486795 1c009090 40a75713 srai             x14, x14, 0x40a     x14=ffffffeb x14:ffffadc7
27386847ns          486796 1c009092 40c686b3 sub              x13, x13, x12       x13=ffffff4b x13:ffffff21 x12:ffffffd6
27386867ns          486797 1c009094 00e787b3 add              x15, x15, x14       x15=fffffe29 x15:fffffe3e x14:ffffffeb
27386887ns          486798 1c009096 00d51823 sh               x13, 16(x10)        x13:ffffff4b x10:100027a4  PA:100027b4
27386907ns          486799 1c00909a 00f51923 sh               x15, 18(x10)        x15:fffffe29 x10:100027a4  PA:100027b6
27386927ns          486800 1c00909e 00008067 jalr             x0, x1, 0            x1:1c0093e8
27386967ns          486802 1c0093e8 2dc15583 lhu              x11, 732(x2)        x11=0000ff4b  x2:100024d8  PA:100027b4
27386987ns          486803 1c0093ec 2de15783 lhu              x15, 734(x2)        x15=0000fe29  x2:100024d8  PA:100027b6
27387007ns          486804 1c0093f0 40b90933 sub              x18, x18, x11       x18=fffeff9c x18:fffffee7 x11:0000ff4b
27387026ns          486805 1c0093f4 40f484b3 sub              x9, x9, x15          x9=ffff004c  x9:fffffe75 x15:0000fe29
27387046ns          486806 1c0093f6 100945b3 p.exths          x11, x18, x0        x11=ffffff9c x18:fffeff9c
27387066ns          486807 1c0093fa 1004c7b3 p.exths          x15, x9, x0         x15=0000004c  x9:ffff004c
27387086ns          486808 1c0093fe 034586b3 mul              x13, x11, x20       x13=000054c4 x11:ffffff9c x20:ffffff27
27387106ns          486809 1c009402 03378533 mul              x10, x15, x19       x10=ffff7df8 x15:0000004c x19:fffffe4a
27387126ns          486810 1c009406 034a0633 mul              x12, x20, x20       x12=0000b7f1 x20:ffffff27 x20:ffffff27
27387146ns          486811 1c00940a 03398733 mul              x14, x19, x19       x14=0002ed64 x19:fffffe4a x19:fffffe4a
27387166ns          486812 1c00940e 034787b3 mul              x15, x15, x20       x15=ffffbf94 x15:0000004c x20:ffffff27
27387186ns          486813 1c009412 033585b3 mul              x11, x11, x19       x11=0000ab18 x11:ffffff9c x19:fffffe4a
27387205ns          486814 1c009416 40a75713 srai             x14, x14, 0x40a     x14=000000bb x14:0002ed64
27387225ns          486815 1c009418 40a5d593 srai             x11, x11, 0x40a     x11=0000002a x11:0000ab18
27387245ns          486816 1c00941a 40a65613 srai             x12, x12, 0x40a     x12=0000002d x12:0000b7f1
27387265ns          486817 1c00941c 40a7d793 srai             x15, x15, 0x40a     x15=ffffffef x15:ffffbf94
27387285ns          486818 1c00941e 1c0034b7 lui              x9, 0x1c003000       x9=1c003000
27387305ns          486819 1c009422 00e60633 add              x12, x12, x14       x12=000000e8 x12:0000002d x14:000000bb
27387325ns          486820 1c009424 40b787b3 sub              x15, x15, x11       x15=ffffffc5 x15:ffffffef x11:0000002a
27387345ns          486821 1c009426 eb048493 addi             x9, x9, -336         x9=1c002eb0  x9:1c003000
27387365ns          486822 1c00942a 1c0032b7 lui              x5, 0x1c003000       x5=1c003000
27387384ns          486823 1c00942e 1c0035b7 lui              x11, 0x1c003000     x11=1c003000
27387404ns          486824 1c009432 018483b3 add              x7, x9, x24          x7=1c002eb8  x9:1c002eb0 x24:00000008
27387424ns          486825 1c009436 02812e83 lw               x29, 40(x2)         x29=1c002ec8  x2:100024d8  PA:10002500
27387444ns          486826 1c009438 10065633 p.exthz          x12, x12, x0        x12=000000e8 x12:000000e8
27387464ns          486827 1c00943c e8028293 addi             x5, x5, -384         x5=1c002e80  x5:1c003000
27387484ns          486828 1c009440 ea058593 addi             x11, x11, -352      x11=1c002ea0 x11:1c003000
27387504ns          486829 1c009444 03812483 lw               x9, 56(x2)           x9=1c002ee8  x2:100024d8  PA:10002510
27387524ns          486830 1c009446 10064733 p.exths          x14, x12, x0        x14=000000e8 x12:000000e8
27387544ns          486831 1c00944a 018280b3 add              x1, x5, x24          x1=1c002e88  x5:1c002e80 x24:00000008
27387563ns          486832 1c00944e 03012f03 lw               x30, 48(x2)         x30=1c002ed8  x2:100024d8  PA:10002508
27387603ns          486834 1c009450 018582b3 add              x5, x11, x24         x5=1c002ea8 x11:1c002ea0 x24:00000008
27387623ns          486835 1c009454 04012583 lw               x11, 64(x2)         x11=1c002ef8  x2:100024d8  PA:10002518
27387643ns          486836 1c009456 000edd83 lhu              x27, 0(x29)         x27=0000195b x29:1c002ec8  PA:1c002ec8
27387981ns          486853 1c00945a 0004d483 lhu              x9, 0(x9)            x9=00000133  x9:1c002ee8  PA:1c002ee8
27388279ns          486868 1c00945e 02e70333 mul              x6, x14, x14         x6=0000d240 x14:000000e8 x14:000000e8
27388299ns          486869 1c009462 40a55513 srai             x10, x10, 0x40a     x10=ffffffdf x10:ffff7df8
27388319ns          486870 1c009464 04812e83 lw               x29, 72(x2)         x29=1c002f08  x2:100024d8  PA:10002520
27388339ns          486871 1c009466 40a6d693 srai             x13, x13, 0x40a     x13=00000015 x13:000054c4
27388359ns          486872 1c009468 000f5d03 lhu              x26, 0(x30)         x26=000004ed x30:1c002ed8  PA:1c002ed8
27388657ns          486887 1c00946c 0005d583 lhu              x11, 0(x11)         x11=00000053 x11:1c002ef8  PA:1c002ef8
27389055ns          486907 1c009470 40a35313 srai             x6, x6, 0x40a        x6=00000034  x6:0000d240
27389075ns          486908 1c009474 00a686b3 add              x13, x13, x10       x13=fffffff4 x13:00000015 x10:ffffffdf
27389095ns          486909 1c009476 05012f03 lw               x30, 80(x2)         x30=1c002e78  x2:100024d8  PA:10002528
27389115ns          486910 1c009478 10034e33 p.exths          x28, x6, x0         x28=00000034  x6:00000034
27389135ns          486911 1c00947c 06911023 sh               x9, 96(x2)           x9:00000133  x2:100024d8  PA:10002538
27389154ns          486912 1c009480 000ede83 lhu              x29, 0(x29)         x29=00000018 x29:1c002f08  PA:1c002f08
27389532ns          486931 1c009484 05812483 lw               x9, 88(x2)           x9=1c002e68  x2:100024d8  PA:10002530
27389552ns          486932 1c009486 1006d6b3 p.exthz          x13, x13, x0        x13=0000fff4 x13:fffffff4
27389572ns          486933 1c00948a 02ee08b3 mul              x17, x28, x14       x17=00002f20 x28:00000034 x14:000000e8
27389592ns          486934 1c00948e 1006c833 p.exths          x16, x13, x0        x16=fffffff4 x13:0000fff4
27389612ns          486935 1c009492 06b11823 sh               x11, 112(x2)        x11:00000053  x2:100024d8  PA:10002548
27389632ns          486936 1c009496 000f5f03 lhu              x30, 0(x30)         x30=0000feee x30:1c002e78  PA:1c002e78
27389970ns          486953 1c00949a 0a012583 lw               x11, 160(x2)        x11=1c002e98  x2:100024d8  PA:10002578
27389990ns          486954 1c00949c 1007d7b3 p.exthz          x15, x15, x0        x15=0000ffc5 x15:ffffffc5
27390010ns          486955 1c0094a0 0004da03 lhu              x20, 0(x9)          x20=0000fa86  x9:1c002e68  PA:1c002e68
27390328ns          486971 1c0094a4 1007c533 p.exths          x10, x15, x0        x10=ffffffc5 x15:0000ffc5
27390348ns          486972 1c0094a8 09d11023 sh               x29, 128(x2)        x29:00000018  x2:100024d8  PA:10002558
27390368ns          486973 1c0094ac 0003d483 lhu              x9, 0(x7)            x9=0000ffd1  x7:1c002eb8  PA:1c002eb8
27390666ns          486988 1c0094b0 02e80eb3 mul              x29, x16, x14       x29=fffff520 x16:fffffff4 x14:000000e8
27390686ns          486989 1c0094b4 40a8d893 srai             x17, x17, 0x40a     x17=0000000b x17:00002f20
27390706ns          486990 1c0094b8 03c80833 mul              x16, x16, x28       x16=fffffd90 x16:fffffff4 x28:00000034
27390726ns          486991 1c0094bc 09e11823 sh               x30, 144(x2)        x30:0000feee  x2:100024d8  PA:10002568
27390746ns          486992 1c0094c0 0005d983 lhu              x19, 0(x11)         x19=0000ffa5 x11:1c002e98  PA:1c002e98
27391044ns          487007 1c0094c4 81c88f5b p.muls           x30, x17, x28       x30=0000023c x17:0000000b x28:00000034
27391064ns          487008 1c0094c8 0002d583 lhu              x11, 0(x5)          x11=0000ff92  x5:1c002ea8  PA:1c002ea8
27391362ns          487023 1c0094cc 03ce0fb3 mul              x31, x28, x28       x31=00000a90 x28:00000034 x28:00000034
27391382ns          487024 1c0094d0 02e50733 mul              x14, x10, x14       x14=ffffca88 x10:ffffffc5 x14:000000e8
27391402ns          487025 1c0094d4 40a85813 srai             x16, x16, 0x40a     x16=ffffffff x16:fffffd90
27391422ns          487026 1c0094d8 03c50533 mul              x10, x10, x28       x10=fffff404 x10:ffffffc5 x28:00000034
27391442ns          487027 1c0094dc 07015e03 lhu              x28, 112(x2)        x28=00000053  x2:100024d8  PA:10002548
27391461ns          487028 1c0094e0 01b60633 add              x12, x12, x27       x12=00001a43 x12:000000e8 x27:0000195b
27391481ns          487029 1c0094e2 00980833 add              x16, x16, x9        x16=0000ffd0 x16:ffffffff  x9:0000ffd1
27391501ns          487030 1c0094e4 06015d83 lhu              x27, 96(x2)         x27=00000133  x2:100024d8  PA:10002538
27391521ns          487031 1c0094e8 02812483 lw               x9, 40(x2)           x9=1c002ec8  x2:100024d8  PA:10002500
27391541ns          487032 1c0094ea 40afdf93 srai             x31, x31, 0x40a     x31=00000002 x31:00000a90
27391561ns          487033 1c0094ee 40a55513 srai             x10, x10, 0x40a     x10=fffffffd x10:fffff404
27391581ns          487034 1c0094f0 01cf8fb3 add              x31, x31, x28       x31=00000055 x31:00000002 x28:00000053
27391601ns          487035 1c0094f2 00b50533 add              x10, x10, x11       x10=0000ff8f x10:fffffffd x11:0000ff92
27391621ns          487036 1c0094f4 09015e03 lhu              x28, 144(x2)        x28=0000feee  x2:100024d8  PA:10002568
27391640ns          487037 1c0094f8 03012583 lw               x11, 48(x2)         x11=1c002ed8  x2:100024d8  PA:10002508
27391660ns          487038 1c0094fa 00c49023 sh               x12, 0(x9)          x12:00001a43  x9:1c002ec8  PA:1c002ec8
27391979ns          487054 1c0094fe 01b888b3 add              x17, x17, x27       x17=0000013e x17:0000000b x27:00000133
27391998ns          487055 1c009500 01a30333 add              x6, x6, x26          x6=00000521  x6:00000034 x26:000004ed
27392018ns          487056 1c009502 08015d83 lhu              x27, 128(x2)        x27=00000018  x2:100024d8  PA:10002558
27392038ns          487057 1c009506 0000d903 lhu              x18, 0(x1)          x18=0000feb2  x1:1c002e88  PA:1c002e88
27392337ns          487072 1c00950a 01c686b3 add              x13, x13, x28       x13=0001fee2 x13:0000fff4 x28:0000feee
27392356ns          487073 1c00950c 00659023 sh               x6, 0(x11)           x6:00000521 x11:1c002ed8  PA:1c002ed8
27392714ns          487091 1c009510 40af5f13 srai             x30, x30, 0x40a     x30=00000000 x30:0000023c
27392734ns          487092 1c009514 04812e03 lw               x28, 72(x2)         x28=1c002f08  x2:100024d8  PA:10002520
27392754ns          487093 1c009516 01bf0f33 add              x30, x30, x27       x30=00000018 x30:00000000 x27:00000018
27392774ns          487094 1c009518 40aede93 srai             x29, x29, 0x40a     x29=fffffffd x29:fffff520
27392794ns          487095 1c00951c 40a75713 srai             x14, x14, 0x40a     x14=fffffff2 x14:ffffca88
27392814ns          487096 1c00951e 03812603 lw               x12, 56(x2)         x12=1c002ee8  x2:100024d8  PA:10002510
27392834ns          487097 1c009520 04012d83 lw               x27, 64(x2)         x27=1c002ef8  x2:100024d8  PA:10002518
27392854ns          487098 1c009522 01ee1023 sh               x30, 0(x28)         x30:00000018 x28:1c002f08  PA:1c002f08
27393172ns          487114 1c009526 05812483 lw               x9, 88(x2)           x9=1c002e68  x2:100024d8  PA:10002530
27393192ns          487115 1c009528 05012f03 lw               x30, 80(x2)         x30=1c002e78  x2:100024d8  PA:10002528
27393212ns          487116 1c00952a 0a012583 lw               x11, 160(x2)        x11=1c002e98  x2:100024d8  PA:10002578
27393232ns          487117 1c00952c 014787b3 add              x15, x15, x20       x15=0001fa4b x15:0000ffc5 x20:0000fa86
27393251ns          487118 1c00952e 013e8eb3 add              x29, x29, x19       x29=0000ffa2 x29:fffffffd x19:0000ffa5
27393271ns          487119 1c009530 01270733 add              x14, x14, x18       x14=0000fea4 x14:fffffff2 x18:0000feb2
27393291ns          487120 1c009532 00f49023 sh               x15, 0(x9)          x15:0001fa4b  x9:1c002e68  PA:1c002e68
27393609ns          487136 1c009536 01161023 sh               x17, 0(x12)         x17:0000013e x12:1c002ee8  PA:1c002ee8
27393928ns          487152 1c00953a 01fd9023 sh               x31, 0(x27)         x31:00000055 x27:1c002ef8  PA:1c002ef8
27394266ns          487169 1c00953e 00df1023 sh               x13, 0(x30)         x13:0001fee2 x30:1c002e78  PA:1c002e78
27394584ns          487185 1c009542 01d59023 sh               x29, 0(x11)         x29:0000ffa2 x11:1c002e98  PA:1c002e98
27394902ns          487201 1c009546 00e09023 sh               x14, 0(x1)          x14:0000fea4  x1:1c002e88  PA:1c002e88
27395220ns          487217 1c00954a 01039023 sh               x16, 0(x7)          x16:0000ffd0  x7:1c002eb8  PA:1c002eb8
27395578ns          487235 1c00954e 00a29023 sh               x10, 0(x5)          x10:0000ff8f  x5:1c002ea8  PA:1c002ea8
27395897ns          487251 1c009552 008b0b13 addi             x22, x22, 8         x22=000001d4 x22:000001cc
27395916ns          487252 1c009554 1f300793 addi             x15, x0, 499        x15=000001f3
27395936ns          487253 1c009558 e767dae3 bge              x15, x22, -396      x15:000001f3 x22:000001d4
27396076ns          487260 1c0093cc 010c9a0b p.lh             x20, 16(x25!)       x20=ffffffd1 x25=1c002a40 x25:1c002a30  PA:1c002a30
27396394ns          487276 1c0093d0 0104198b p.lh             x19, 16(x8!)        x19=000000ba  x8=1c002208  x8:1c0021f8  PA:1c0021f8
27396692ns          487291 1c0093d4 2cc10513 addi             x10, x2, 716        x10=100027a4  x2:100024d8
27396712ns          487292 1c0093d6 010a990b p.lh             x18, 16(x21!)       x18=ffffffd2 x21=1c001a34 x21:1c001a24  PA:1c001a24
27397010ns          487307 1c0093da 010b948b p.lh             x9, 16(x23!)         x9=000000b1 x23=1c001264 x23:1c001254  PA:1c001254
27397328ns          487323 1c0093de 2d411623 sh               x20, 716(x2)        x20:ffffffd1  x2:100024d8  PA:100027a4
27397368ns          487325 1c0093e2 2d311723 sh               x19, 718(x2)        x19:000000ba  x2:100024d8  PA:100027a6
27397388ns          487326 1c0093e6 c33ff0ef jal              x1, -974             x1=1c0093e8
27397428ns          487328 1c009018 00051803 lh               x16, 0(x10)         x16=ffffffd1 x10:100027a4  PA:100027a4
27397448ns          487329 1c00901c 00251883 lh               x17, 2(x10)         x17=000000ba x10:100027a4  PA:100027a6
27397468ns          487330 1c009020 030806b3 mul              x13, x16, x16       x13=000008a1 x16:ffffffd1 x16:ffffffd1
27397488ns          487331 1c009024 03188633 mul              x12, x17, x17       x12=00008724 x17:000000ba x17:000000ba
27397507ns          487332 1c009028 40a65613 srai             x12, x12, 0x40a     x12=00000021 x12:00008724
27397527ns          487333 1c00902a 40a6d693 srai             x13, x13, 0x40a     x13=00000002 x13:000008a1
27397547ns          487334 1c00902c 00c686b3 add              x13, x13, x12       x13=00000023 x13:00000002 x12:00000021
27397567ns          487335 1c00902e 1006c633 p.exths          x12, x13, x0        x12=00000023 x13:00000023
27397587ns          487336 1c009032 00855703 lhu              x14, 8(x10)         x14=0000ffd1 x10:100027a4  PA:100027ac
27397607ns          487337 1c009036 00a55683 lhu              x13, 10(x10)        x13=0000ff6a x10:100027a4  PA:100027ae
27397627ns          487338 1c00903a 02c60333 mul              x6, x12, x12         x6=000004c9 x12:00000023 x12:00000023
27397647ns          487339 1c00903e 00c55783 lhu              x15, 12(x10)        x15=0000ffe5 x10:100027a4  PA:100027b0
27397667ns          487340 1c009042 00e55583 lhu              x11, 14(x10)        x11=00000060 x10:100027a4  PA:100027b2
27397686ns          487341 1c009046 dea30333 p.extract        x6, x6, 15, 10       x6=00000001  x6:000004c9
27397706ns          487342 1c00904a 80c7075b p.muls           x14, x14, x12       x14=fffff993 x14:0000ffd1 x12:00000023
27397746ns          487344 1c00904e 80c686db p.muls           x13, x13, x12       x13=ffffeb7e x13:0000ff6a x12:00000023
27397786ns          487346 1c009052 00455e83 lhu              x29, 4(x10)         x29=00000427 x10:100027a4  PA:100027a8
27397806ns          487347 1c009056 00655e03 lhu              x28, 6(x10)         x28=0000007f x10:100027a4  PA:100027aa
27397826ns          487348 1c00905a 40a75713 srai             x14, x14, 0x40a     x14=fffffffe x14:fffff993
27397846ns          487349 1c00905c 806787db p.muls           x15, x15, x6        x15=ffffffe5 x15:0000ffe5  x6:00000001
27397865ns          487350 1c009060 40a6d693 srai             x13, x13, 0x40a     x13=fffffffa x13:ffffeb7e
27397885ns          487351 1c009062 8065865b p.muls           x12, x11, x6        x12=00000060 x11:00000060  x6:00000001
27397905ns          487352 1c009066 40a7d793 srai             x15, x15, 0x40a     x15=ffffffff x15:ffffffe5
27397925ns          487353 1c009068 40a65613 srai             x12, x12, 0x40a     x12=00000000 x12:00000060
27397945ns          487354 1c00906a 01d70733 add              x14, x14, x29       x14=00000425 x14:fffffffe x29:00000427
27397965ns          487355 1c00906c 01c686b3 add              x13, x13, x28       x13=00000079 x13:fffffffa x28:0000007f
27397985ns          487356 1c00906e 00c686b3 add              x13, x13, x12       x13=00000079 x13:00000079 x12:00000000
27398005ns          487357 1c009070 00f70733 add              x14, x14, x15       x14=00000424 x14:00000425 x15:ffffffff
27398025ns          487358 1c009072 100747b3 p.exths          x15, x14, x0        x15=00000424 x14:00000424
27398044ns          487359 1c009076 1006c733 p.exths          x14, x13, x0        x14=00000079 x13:00000079
27398064ns          487360 1c00907a 03170633 mul              x12, x14, x17       x12=000057ea x14:00000079 x17:000000ba
27398084ns          487361 1c00907e 030786b3 mul              x13, x15, x16       x13=ffff3d64 x15:00000424 x16:ffffffd1
27398104ns          487362 1c009082 03070733 mul              x14, x14, x16       x14=ffffe9c9 x14:00000079 x16:ffffffd1
27398124ns          487363 1c009086 031787b3 mul              x15, x15, x17       x15=00030228 x15:00000424 x17:000000ba
27398144ns          487364 1c00908a 40a6d693 srai             x13, x13, 0x40a     x13=ffffffcf x13:ffff3d64
27398164ns          487365 1c00908c 40a65613 srai             x12, x12, 0x40a     x12=00000015 x12:000057ea
27398184ns          487366 1c00908e 40a7d793 srai             x15, x15, 0x40a     x15=000000c0 x15:00030228
27398204ns          487367 1c009090 40a75713 srai             x14, x14, 0x40a     x14=fffffffa x14:ffffe9c9
27398223ns          487368 1c009092 40c686b3 sub              x13, x13, x12       x13=ffffffba x13:ffffffcf x12:00000015
27398243ns          487369 1c009094 00e787b3 add              x15, x15, x14       x15=000000ba x15:000000c0 x14:fffffffa
27398263ns          487370 1c009096 00d51823 sh               x13, 16(x10)        x13:ffffffba x10:100027a4  PA:100027b4
27398303ns          487372 1c00909a 00f51923 sh               x15, 18(x10)        x15:000000ba x10:100027a4  PA:100027b6
27398343ns          487374 1c00909e 00008067 jalr             x0, x1, 0            x1:1c0093e8
27398363ns          487375 1c0093e8 2dc15583 lhu              x11, 732(x2)        x11=0000ffba  x2:100024d8  PA:100027b4
27398383ns          487376 1c0093ec 2de15783 lhu              x15, 734(x2)        x15=000000ba  x2:100024d8  PA:100027b6
27398402ns          487377 1c0093f0 40b90933 sub              x18, x18, x11       x18=ffff0018 x18:ffffffd2 x11:0000ffba
27398422ns          487378 1c0093f4 40f484b3 sub              x9, x9, x15          x9=fffffff7  x9:000000b1 x15:000000ba
27398442ns          487379 1c0093f6 100945b3 p.exths          x11, x18, x0        x11=00000018 x18:ffff0018
27398462ns          487380 1c0093fa 1004c7b3 p.exths          x15, x9, x0         x15=fffffff7  x9:fffffff7
27398482ns          487381 1c0093fe 034586b3 mul              x13, x11, x20       x13=fffffb98 x11:00000018 x20:ffffffd1
27398502ns          487382 1c009402 03378533 mul              x10, x15, x19       x10=fffff976 x15:fffffff7 x19:000000ba
27398522ns          487383 1c009406 034a0633 mul              x12, x20, x20       x12=000008a1 x20:ffffffd1 x20:ffffffd1
27398542ns          487384 1c00940a 03398733 mul              x14, x19, x19       x14=00008724 x19:000000ba x19:000000ba
27398562ns          487385 1c00940e 034787b3 mul              x15, x15, x20       x15=000001a7 x15:fffffff7 x20:ffffffd1
27398581ns          487386 1c009412 033585b3 mul              x11, x11, x19       x11=00001170 x11:00000018 x19:000000ba
27398601ns          487387 1c009416 40a75713 srai             x14, x14, 0x40a     x14=00000021 x14:00008724
27398621ns          487388 1c009418 40a5d593 srai             x11, x11, 0x40a     x11=00000004 x11:00001170
27398641ns          487389 1c00941a 40a65613 srai             x12, x12, 0x40a     x12=00000002 x12:000008a1
27398661ns          487390 1c00941c 40a7d793 srai             x15, x15, 0x40a     x15=00000000 x15:000001a7
27398681ns          487391 1c00941e 1c0034b7 lui              x9, 0x1c003000       x9=1c003000
27398701ns          487392 1c009422 00e60633 add              x12, x12, x14       x12=00000023 x12:00000002 x14:00000021
27398721ns          487393 1c009424 40b787b3 sub              x15, x15, x11       x15=fffffffc x15:00000000 x11:00000004
27398740ns          487394 1c009426 eb048493 addi             x9, x9, -336         x9=1c002eb0  x9:1c003000
27398760ns          487395 1c00942a 1c0032b7 lui              x5, 0x1c003000       x5=1c003000
27398780ns          487396 1c00942e 1c0035b7 lui              x11, 0x1c003000     x11=1c003000
27398800ns          487397 1c009432 018483b3 add              x7, x9, x24          x7=1c002eb8  x9:1c002eb0 x24:00000008
27398820ns          487398 1c009436 02812e83 lw               x29, 40(x2)         x29=1c002ec8  x2:100024d8  PA:10002500
27398840ns          487399 1c009438 10065633 p.exthz          x12, x12, x0        x12=00000023 x12:00000023
27398860ns          487400 1c00943c e8028293 addi             x5, x5, -384         x5=1c002e80  x5:1c003000
27398880ns          487401 1c009440 ea058593 addi             x11, x11, -352      x11=1c002ea0 x11:1c003000
27398900ns          487402 1c009444 03812483 lw               x9, 56(x2)           x9=1c002ee8  x2:100024d8  PA:10002510
27398919ns          487403 1c009446 10064733 p.exths          x14, x12, x0        x14=00000023 x12:00000023
27398939ns          487404 1c00944a 018280b3 add              x1, x5, x24          x1=1c002e88  x5:1c002e80 x24:00000008
27398959ns          487405 1c00944e 03012f03 lw               x30, 48(x2)         x30=1c002ed8  x2:100024d8  PA:10002508
27398979ns          487406 1c009450 018582b3 add              x5, x11, x24         x5=1c002ea8 x11:1c002ea0 x24:00000008
27398999ns          487407 1c009454 04012583 lw               x11, 64(x2)         x11=1c002ef8  x2:100024d8  PA:10002518
27399019ns          487408 1c009456 000edd83 lhu              x27, 0(x29)         x27=00001a43 x29:1c002ec8  PA:1c002ec8
27399317ns          487423 1c00945a 0004d483 lhu              x9, 0(x9)            x9=0000013e  x9:1c002ee8  PA:1c002ee8
27399655ns          487440 1c00945e 02e70333 mul              x6, x14, x14         x6=000004c9 x14:00000023 x14:00000023
27399675ns          487441 1c009462 40a55513 srai             x10, x10, 0x40a     x10=fffffffe x10:fffff976
27399695ns          487442 1c009464 04812e83 lw               x29, 72(x2)         x29=1c002f08  x2:100024d8  PA:10002520
27399715ns          487443 1c009466 40a6d693 srai             x13, x13, 0x40a     x13=fffffffe x13:fffffb98
27399735ns          487444 1c009468 000f5d03 lhu              x26, 0(x30)         x26=00000521 x30:1c002ed8  PA:1c002ed8
27400033ns          487459 1c00946c 0005d583 lhu              x11, 0(x11)         x11=00000055 x11:1c002ef8  PA:1c002ef8
27400391ns          487477 1c009470 40a35313 srai             x6, x6, 0x40a        x6=00000001  x6:000004c9
27400411ns          487478 1c009474 00a686b3 add              x13, x13, x10       x13=fffffffc x13:fffffffe x10:fffffffe
27400431ns          487479 1c009476 05012f03 lw               x30, 80(x2)         x30=1c002e78  x2:100024d8  PA:10002528
27400451ns          487480 1c009478 10034e33 p.exths          x28, x6, x0         x28=00000001  x6:00000001
27400471ns          487481 1c00947c 06911023 sh               x9, 96(x2)           x9:0000013e  x2:100024d8  PA:10002538
27400491ns          487482 1c009480 000ede83 lhu              x29, 0(x29)         x29=00000018 x29:1c002f08  PA:1c002f08
27400809ns          487498 1c009484 05812483 lw               x9, 88(x2)           x9=1c002e68  x2:100024d8  PA:10002530
27400829ns          487499 1c009486 1006d6b3 p.exthz          x13, x13, x0        x13=0000fffc x13:fffffffc
27400849ns          487500 1c00948a 02ee08b3 mul              x17, x28, x14       x17=00000023 x28:00000001 x14:00000023
27400869ns          487501 1c00948e 1006c833 p.exths          x16, x13, x0        x16=fffffffc x13:0000fffc
27400888ns          487502 1c009492 06b11823 sh               x11, 112(x2)        x11:00000055  x2:100024d8  PA:10002548
27400908ns          487503 1c009496 000f5f03 lhu              x30, 0(x30)         x30=0000fee2 x30:1c002e78  PA:1c002e78
27401207ns          487518 1c00949a 0a012583 lw               x11, 160(x2)        x11=1c002e98  x2:100024d8  PA:10002578
27401226ns          487519 1c00949c 1007d7b3 p.exthz          x15, x15, x0        x15=0000fffc x15:fffffffc
27401246ns          487520 1c0094a0 0004da03 lhu              x20, 0(x9)          x20=0000fa4b  x9:1c002e68  PA:1c002e68
27401584ns          487537 1c0094a4 1007c533 p.exths          x10, x15, x0        x10=fffffffc x15:0000fffc
27401604ns          487538 1c0094a8 09d11023 sh               x29, 128(x2)        x29:00000018  x2:100024d8  PA:10002558
27401624ns          487539 1c0094ac 0003d483 lhu              x9, 0(x7)            x9=0000ffd0  x7:1c002eb8  PA:1c002eb8
27401923ns          487554 1c0094b0 02e80eb3 mul              x29, x16, x14       x29=ffffff74 x16:fffffffc x14:00000023
27401942ns          487555 1c0094b4 40a8d893 srai             x17, x17, 0x40a     x17=00000000 x17:00000023
27401962ns          487556 1c0094b8 03c80833 mul              x16, x16, x28       x16=fffffffc x16:fffffffc x28:00000001
27401982ns          487557 1c0094bc 09e11823 sh               x30, 144(x2)        x30:0000fee2  x2:100024d8  PA:10002568
27402002ns          487558 1c0094c0 0005d983 lhu              x19, 0(x11)         x19=0000ffa2 x11:1c002e98  PA:1c002e98
27402300ns          487573 1c0094c4 81c88f5b p.muls           x30, x17, x28       x30=00000000 x17:00000000 x28:00000001
27402320ns          487574 1c0094c8 0002d583 lhu              x11, 0(x5)          x11=0000ff8f  x5:1c002ea8  PA:1c002ea8
27402658ns          487591 1c0094cc 03ce0fb3 mul              x31, x28, x28       x31=00000001 x28:00000001 x28:00000001
27402678ns          487592 1c0094d0 02e50733 mul              x14, x10, x14       x14=ffffff74 x10:fffffffc x14:00000023
27402698ns          487593 1c0094d4 40a85813 srai             x16, x16, 0x40a     x16=ffffffff x16:fffffffc
27402718ns          487594 1c0094d8 03c50533 mul              x10, x10, x28       x10=fffffffc x10:fffffffc x28:00000001
27402738ns          487595 1c0094dc 07015e03 lhu              x28, 112(x2)        x28=00000055  x2:100024d8  PA:10002548
27402778ns          487597 1c0094e0 01b60633 add              x12, x12, x27       x12=00001a66 x12:00000023 x27:00001a43
27402798ns          487598 1c0094e2 00980833 add              x16, x16, x9        x16=0000ffcf x16:ffffffff  x9:0000ffd0
27402818ns          487599 1c0094e4 06015d83 lhu              x27, 96(x2)         x27=0000013e  x2:100024d8  PA:10002538
27402837ns          487600 1c0094e8 02812483 lw               x9, 40(x2)           x9=1c002ec8  x2:100024d8  PA:10002500
27402857ns          487601 1c0094ea 40afdf93 srai             x31, x31, 0x40a     x31=00000000 x31:00000001
27402877ns          487602 1c0094ee 40a55513 srai             x10, x10, 0x40a     x10=ffffffff x10:fffffffc
27402897ns          487603 1c0094f0 01cf8fb3 add              x31, x31, x28       x31=00000055 x31:00000000 x28:00000055
27402917ns          487604 1c0094f2 00b50533 add              x10, x10, x11       x10=0000ff8e x10:ffffffff x11:0000ff8f
27402937ns          487605 1c0094f4 09015e03 lhu              x28, 144(x2)        x28=0000fee2  x2:100024d8  PA:10002568
27402957ns          487606 1c0094f8 03012583 lw               x11, 48(x2)         x11=1c002ed8  x2:100024d8  PA:10002508
27402977ns          487607 1c0094fa 00c49023 sh               x12, 0(x9)          x12:00001a66  x9:1c002ec8  PA:1c002ec8
27403295ns          487623 1c0094fe 01b888b3 add              x17, x17, x27       x17=0000013e x17:00000000 x27:0000013e
27403315ns          487624 1c009500 01a30333 add              x6, x6, x26          x6=00000522  x6:00000001 x26:00000521
27403335ns          487625 1c009502 08015d83 lhu              x27, 128(x2)        x27=00000018  x2:100024d8  PA:10002558
27403355ns          487626 1c009506 0000d903 lhu              x18, 0(x1)          x18=0000fea4  x1:1c002e88  PA:1c002e88
27403653ns          487641 1c00950a 01c686b3 add              x13, x13, x28       x13=0001fede x13:0000fffc x28:0000fee2
27403673ns          487642 1c00950c 00659023 sh               x6, 0(x11)           x6:00000522 x11:1c002ed8  PA:1c002ed8
27403991ns          487658 1c009510 40af5f13 srai             x30, x30, 0x40a     x30=00000000 x30:00000000
27404011ns          487659 1c009514 04812e03 lw               x28, 72(x2)         x28=1c002f08  x2:100024d8  PA:10002520
27404031ns          487660 1c009516 01bf0f33 add              x30, x30, x27       x30=00000018 x30:00000000 x27:00000018
27404051ns          487661 1c009518 40aede93 srai             x29, x29, 0x40a     x29=ffffffff x29:ffffff74
27404070ns          487662 1c00951c 40a75713 srai             x14, x14, 0x40a     x14=ffffffff x14:ffffff74
27404090ns          487663 1c00951e 03812603 lw               x12, 56(x2)         x12=1c002ee8  x2:100024d8  PA:10002510
27404110ns          487664 1c009520 04012d83 lw               x27, 64(x2)         x27=1c002ef8  x2:100024d8  PA:10002518
27404130ns          487665 1c009522 01ee1023 sh               x30, 0(x28)         x30:00000018 x28:1c002f08  PA:1c002f08
27404448ns          487681 1c009526 05812483 lw               x9, 88(x2)           x9=1c002e68  x2:100024d8  PA:10002530
27404468ns          487682 1c009528 05012f03 lw               x30, 80(x2)         x30=1c002e78  x2:100024d8  PA:10002528
27404488ns          487683 1c00952a 0a012583 lw               x11, 160(x2)        x11=1c002e98  x2:100024d8  PA:10002578
27404508ns          487684 1c00952c 014787b3 add              x15, x15, x20       x15=0001fa47 x15:0000fffc x20:0000fa4b
27404528ns          487685 1c00952e 013e8eb3 add              x29, x29, x19       x29=0000ffa1 x29:ffffffff x19:0000ffa2
27404548ns          487686 1c009530 01270733 add              x14, x14, x18       x14=0000fea3 x14:ffffffff x18:0000fea4
27404568ns          487687 1c009532 00f49023 sh               x15, 0(x9)          x15:0001fa47  x9:1c002e68  PA:1c002e68
27404906ns          487704 1c009536 01161023 sh               x17, 0(x12)         x17:0000013e x12:1c002ee8  PA:1c002ee8
27405244ns          487721 1c00953a 01fd9023 sh               x31, 0(x27)         x31:00000055 x27:1c002ef8  PA:1c002ef8
27405582ns          487738 1c00953e 00df1023 sh               x13, 0(x30)         x13:0001fede x30:1c002e78  PA:1c002e78
27405920ns          487755 1c009542 01d59023 sh               x29, 0(x11)         x29:0000ffa1 x11:1c002e98  PA:1c002e98
27406238ns          487771 1c009546 00e09023 sh               x14, 0(x1)          x14:0000fea3  x1:1c002e88  PA:1c002e88
27406556ns          487787 1c00954a 01039023 sh               x16, 0(x7)          x16:0000ffcf  x7:1c002eb8  PA:1c002eb8
27406875ns          487803 1c00954e 00a29023 sh               x10, 0(x5)          x10:0000ff8e  x5:1c002ea8  PA:1c002ea8
27407193ns          487819 1c009552 008b0b13 addi             x22, x22, 8         x22=000001dc x22:000001d4
27407213ns          487820 1c009554 1f300793 addi             x15, x0, 499        x15=000001f3
27407233ns          487821 1c009558 e767dae3 bge              x15, x22, -396      x15:000001f3 x22:000001dc
27407292ns          487824 1c0093cc 010c9a0b p.lh             x20, 16(x25!)       x20=000000b5 x25=1c002a50 x25:1c002a40  PA:1c002a40
27407611ns          487840 1c0093d0 0104198b p.lh             x19, 16(x8!)        x19=fffffe11  x8=1c002218  x8:1c002208  PA:1c002208
27407909ns          487855 1c0093d4 2cc10513 addi             x10, x2, 716        x10=100027a4  x2:100024d8
27407929ns          487856 1c0093d6 010a990b p.lh             x18, 16(x21!)       x18=00000068 x21=1c001a44 x21:1c001a34  PA:1c001a34
27408327ns          487876 1c0093da 010b948b p.lh             x9, 16(x23!)         x9=fffffe09 x23=1c001274 x23:1c001264  PA:1c001264
27408625ns          487891 1c0093de 2d411623 sh               x20, 716(x2)        x20:000000b5  x2:100024d8  PA:100027a4
27408684ns          487894 1c0093e2 2d311723 sh               x19, 718(x2)        x19:fffffe11  x2:100024d8  PA:100027a6
27408724ns          487896 1c0093e6 c33ff0ef jal              x1, -974             x1=1c0093e8
27408784ns          487899 1c009018 00051803 lh               x16, 0(x10)         x16=000000b5 x10:100027a4  PA:100027a4
27408824ns          487901 1c00901c 00251883 lh               x17, 2(x10)         x17=fffffe11 x10:100027a4  PA:100027a6
27408844ns          487902 1c009020 030806b3 mul              x13, x16, x16       x13=00007ff9 x16:000000b5 x16:000000b5
27408863ns          487903 1c009024 03188633 mul              x12, x17, x17       x12=0003bd21 x17:fffffe11 x17:fffffe11
27408883ns          487904 1c009028 40a65613 srai             x12, x12, 0x40a     x12=000000ef x12:0003bd21
27408903ns          487905 1c00902a 40a6d693 srai             x13, x13, 0x40a     x13=0000001f x13:00007ff9
27408923ns          487906 1c00902c 00c686b3 add              x13, x13, x12       x13=0000010e x13:0000001f x12:000000ef
27408943ns          487907 1c00902e 1006c633 p.exths          x12, x13, x0        x12=0000010e x13:0000010e
27408963ns          487908 1c009032 00855703 lhu              x14, 8(x10)         x14=0000ffd1 x10:100027a4  PA:100027ac
27408983ns          487909 1c009036 00a55683 lhu              x13, 10(x10)        x13=0000ff6a x10:100027a4  PA:100027ae
27409003ns          487910 1c00903a 02c60333 mul              x6, x12, x12         x6=00011cc4 x12:0000010e x12:0000010e
27409042ns          487912 1c00903e 00c55783 lhu              x15, 12(x10)        x15=0000ffe5 x10:100027a4  PA:100027b0
27409082ns          487914 1c009042 00e55583 lhu              x11, 14(x10)        x11=00000060 x10:100027a4  PA:100027b2
27409102ns          487915 1c009046 dea30333 p.extract        x6, x6, 15, 10       x6=00000047  x6:00011cc4
27409122ns          487916 1c00904a 80c7075b p.muls           x14, x14, x12       x14=ffffce6e x14:0000ffd1 x12:0000010e
27409182ns          487919 1c00904e 80c686db p.muls           x13, x13, x12       x13=ffff61cc x13:0000ff6a x12:0000010e
27409221ns          487921 1c009052 00455e83 lhu              x29, 4(x10)         x29=00000427 x10:100027a4  PA:100027a8
27409241ns          487922 1c009056 00655e03 lhu              x28, 6(x10)         x28=0000007f x10:100027a4  PA:100027aa
27409261ns          487923 1c00905a 40a75713 srai             x14, x14, 0x40a     x14=fffffff3 x14:ffffce6e
27409281ns          487924 1c00905c 806787db p.muls           x15, x15, x6        x15=fffff883 x15:0000ffe5  x6:00000047
27409321ns          487926 1c009060 40a6d693 srai             x13, x13, 0x40a     x13=ffffffd8 x13:ffff61cc
27409361ns          487928 1c009062 8065865b p.muls           x12, x11, x6        x12=00001aa0 x11:00000060  x6:00000047
27409381ns          487929 1c009066 40a7d793 srai             x15, x15, 0x40a     x15=fffffffe x15:fffff883
27409400ns          487930 1c009068 40a65613 srai             x12, x12, 0x40a     x12=00000006 x12:00001aa0
27409420ns          487931 1c00906a 01d70733 add              x14, x14, x29       x14=0000041a x14:fffffff3 x29:00000427
27409440ns          487932 1c00906c 01c686b3 add              x13, x13, x28       x13=00000057 x13:ffffffd8 x28:0000007f
27409460ns          487933 1c00906e 00c686b3 add              x13, x13, x12       x13=0000005d x13:00000057 x12:00000006
27409480ns          487934 1c009070 00f70733 add              x14, x14, x15       x14=00000418 x14:0000041a x15:fffffffe
27409500ns          487935 1c009072 100747b3 p.exths          x15, x14, x0        x15=00000418 x14:00000418
27409520ns          487936 1c009076 1006c733 p.exths          x14, x13, x0        x14=0000005d x13:0000005d
27409540ns          487937 1c00907a 03170633 mul              x12, x14, x17       x12=ffff4c2d x14:0000005d x17:fffffe11
27409560ns          487938 1c00907e 030786b3 mul              x13, x15, x16       x13=0002e4f8 x15:00000418 x16:000000b5
27409579ns          487939 1c009082 03070733 mul              x14, x14, x16       x14=000041c1 x14:0000005d x16:000000b5
27409599ns          487940 1c009086 031787b3 mul              x15, x15, x17       x15=fff81598 x15:00000418 x17:fffffe11
27409619ns          487941 1c00908a 40a6d693 srai             x13, x13, 0x40a     x13=000000b9 x13:0002e4f8
27409639ns          487942 1c00908c 40a65613 srai             x12, x12, 0x40a     x12=ffffffd3 x12:ffff4c2d
27409659ns          487943 1c00908e 40a7d793 srai             x15, x15, 0x40a     x15=fffffe05 x15:fff81598
27409679ns          487944 1c009090 40a75713 srai             x14, x14, 0x40a     x14=00000010 x14:000041c1
27409699ns          487945 1c009092 40c686b3 sub              x13, x13, x12       x13=000000e6 x13:000000b9 x12:ffffffd3
27409719ns          487946 1c009094 00e787b3 add              x15, x15, x14       x15=fffffe15 x15:fffffe05 x14:00000010
27409739ns          487947 1c009096 00d51823 sh               x13, 16(x10)        x13:000000e6 x10:100027a4  PA:100027b4
27409778ns          487949 1c00909a 00f51923 sh               x15, 18(x10)        x15:fffffe15 x10:100027a4  PA:100027b6
27409818ns          487951 1c00909e 00008067 jalr             x0, x1, 0            x1:1c0093e8
27409858ns          487953 1c0093e8 2dc15583 lhu              x11, 732(x2)        x11=000000e6  x2:100024d8  PA:100027b4
27409878ns          487954 1c0093ec 2de15783 lhu              x15, 734(x2)        x15=0000fe15  x2:100024d8  PA:100027b6
27409898ns          487955 1c0093f0 40b90933 sub              x18, x18, x11       x18=ffffff82 x18:00000068 x11:000000e6
27409918ns          487956 1c0093f4 40f484b3 sub              x9, x9, x15          x9=fffefff4  x9:fffffe09 x15:0000fe15
27409937ns          487957 1c0093f6 100945b3 p.exths          x11, x18, x0        x11=ffffff82 x18:ffffff82
27409957ns          487958 1c0093fa 1004c7b3 p.exths          x15, x9, x0         x15=fffffff4  x9:fffefff4
27409977ns          487959 1c0093fe 034586b3 mul              x13, x11, x20       x13=ffffa6ea x11:ffffff82 x20:000000b5
27409997ns          487960 1c009402 03378533 mul              x10, x15, x19       x10=00001734 x15:fffffff4 x19:fffffe11
27410017ns          487961 1c009406 034a0633 mul              x12, x20, x20       x12=00007ff9 x20:000000b5 x20:000000b5
27410037ns          487962 1c00940a 03398733 mul              x14, x19, x19       x14=0003bd21 x19:fffffe11 x19:fffffe11
27410097ns          487965 1c00940e 034787b3 mul              x15, x15, x20       x15=fffff784 x15:fffffff4 x20:000000b5
27410136ns          487967 1c009412 033585b3 mul              x11, x11, x19       x11=0000f3a2 x11:ffffff82 x19:fffffe11
27410156ns          487968 1c009416 40a75713 srai             x14, x14, 0x40a     x14=000000ef x14:0003bd21
27410176ns          487969 1c009418 40a5d593 srai             x11, x11, 0x40a     x11=0000003c x11:0000f3a2
27410196ns          487970 1c00941a 40a65613 srai             x12, x12, 0x40a     x12=0000001f x12:00007ff9
27410216ns          487971 1c00941c 40a7d793 srai             x15, x15, 0x40a     x15=fffffffd x15:fffff784
27410236ns          487972 1c00941e 1c0034b7 lui              x9, 0x1c003000       x9=1c003000
27410256ns          487973 1c009422 00e60633 add              x12, x12, x14       x12=0000010e x12:0000001f x14:000000ef
27410276ns          487974 1c009424 40b787b3 sub              x15, x15, x11       x15=ffffffc1 x15:fffffffd x11:0000003c
27410295ns          487975 1c009426 eb048493 addi             x9, x9, -336         x9=1c002eb0  x9:1c003000
27410315ns          487976 1c00942a 1c0032b7 lui              x5, 0x1c003000       x5=1c003000
27410335ns          487977 1c00942e 1c0035b7 lui              x11, 0x1c003000     x11=1c003000
27410355ns          487978 1c009432 018483b3 add              x7, x9, x24          x7=1c002eb8  x9:1c002eb0 x24:00000008
27410375ns          487979 1c009436 02812e83 lw               x29, 40(x2)         x29=1c002ec8  x2:100024d8  PA:10002500
27410395ns          487980 1c009438 10065633 p.exthz          x12, x12, x0        x12=0000010e x12:0000010e
27410415ns          487981 1c00943c e8028293 addi             x5, x5, -384         x5=1c002e80  x5:1c003000
27410435ns          487982 1c009440 ea058593 addi             x11, x11, -352      x11=1c002ea0 x11:1c003000
27410474ns          487984 1c009444 03812483 lw               x9, 56(x2)           x9=1c002ee8  x2:100024d8  PA:10002510
27410494ns          487985 1c009446 10064733 p.exths          x14, x12, x0        x14=0000010e x12:0000010e
27410514ns          487986 1c00944a 018280b3 add              x1, x5, x24          x1=1c002e88  x5:1c002e80 x24:00000008
27410534ns          487987 1c00944e 03012f03 lw               x30, 48(x2)         x30=1c002ed8  x2:100024d8  PA:10002508
27410554ns          487988 1c009450 018582b3 add              x5, x11, x24         x5=1c002ea8 x11:1c002ea0 x24:00000008
27410574ns          487989 1c009454 04012583 lw               x11, 64(x2)         x11=1c002ef8  x2:100024d8  PA:10002518
27410594ns          487990 1c009456 000edd83 lhu              x27, 0(x29)         x27=00001a66 x29:1c002ec8  PA:1c002ec8
27410892ns          488005 1c00945a 0004d483 lhu              x9, 0(x9)            x9=0000013e  x9:1c002ee8  PA:1c002ee8
27411190ns          488020 1c00945e 02e70333 mul              x6, x14, x14         x6=00011cc4 x14:0000010e x14:0000010e
27411210ns          488021 1c009462 40a55513 srai             x10, x10, 0x40a     x10=00000005 x10:00001734
27411230ns          488022 1c009464 04812e83 lw               x29, 72(x2)         x29=1c002f08  x2:100024d8  PA:10002520
27411250ns          488023 1c009466 40a6d693 srai             x13, x13, 0x40a     x13=ffffffe9 x13:ffffa6ea
27411270ns          488024 1c009468 000f5d03 lhu              x26, 0(x30)         x26=00000522 x30:1c002ed8  PA:1c002ed8
27411568ns          488039 1c00946c 0005d583 lhu              x11, 0(x11)         x11=00000055 x11:1c002ef8  PA:1c002ef8
27411867ns          488054 1c009470 40a35313 srai             x6, x6, 0x40a        x6=00000047  x6:00011cc4
27411886ns          488055 1c009474 00a686b3 add              x13, x13, x10       x13=ffffffee x13:ffffffe9 x10:00000005
27411906ns          488056 1c009476 05012f03 lw               x30, 80(x2)         x30=1c002e78  x2:100024d8  PA:10002528
27411926ns          488057 1c009478 10034e33 p.exths          x28, x6, x0         x28=00000047  x6:00000047
27411946ns          488058 1c00947c 06911023 sh               x9, 96(x2)           x9:0000013e  x2:100024d8  PA:10002538
27411966ns          488059 1c009480 000ede83 lhu              x29, 0(x29)         x29=00000018 x29:1c002f08  PA:1c002f08
27412264ns          488074 1c009484 05812483 lw               x9, 88(x2)           x9=1c002e68  x2:100024d8  PA:10002530
27412284ns          488075 1c009486 1006d6b3 p.exthz          x13, x13, x0        x13=0000ffee x13:ffffffee
27412304ns          488076 1c00948a 02ee08b3 mul              x17, x28, x14       x17=00004ae2 x28:00000047 x14:0000010e
27412324ns          488077 1c00948e 1006c833 p.exths          x16, x13, x0        x16=ffffffee x13:0000ffee
27412344ns          488078 1c009492 06b11823 sh               x11, 112(x2)        x11:00000055  x2:100024d8  PA:10002548
27412384ns          488080 1c009496 000f5f03 lhu              x30, 0(x30)         x30=0000fede x30:1c002e78  PA:1c002e78
27412702ns          488096 1c00949a 0a012583 lw               x11, 160(x2)        x11=1c002e98  x2:100024d8  PA:10002578
27412722ns          488097 1c00949c 1007d7b3 p.exthz          x15, x15, x0        x15=0000ffc1 x15:ffffffc1
27412742ns          488098 1c0094a0 0004da03 lhu              x20, 0(x9)          x20=0000fa47  x9:1c002e68  PA:1c002e68
27413040ns          488113 1c0094a4 1007c533 p.exths          x10, x15, x0        x10=ffffffc1 x15:0000ffc1
27413060ns          488114 1c0094a8 09d11023 sh               x29, 128(x2)        x29:00000018  x2:100024d8  PA:10002558
27413080ns          488115 1c0094ac 0003d483 lhu              x9, 0(x7)            x9=0000ffcf  x7:1c002eb8  PA:1c002eb8
27413378ns          488130 1c0094b0 02e80eb3 mul              x29, x16, x14       x29=ffffed04 x16:ffffffee x14:0000010e
27413398ns          488131 1c0094b4 40a8d893 srai             x17, x17, 0x40a     x17=00000012 x17:00004ae2
27413418ns          488132 1c0094b8 03c80833 mul              x16, x16, x28       x16=fffffb02 x16:ffffffee x28:00000047
27413438ns          488133 1c0094bc 09e11823 sh               x30, 144(x2)        x30:0000fede  x2:100024d8  PA:10002568
27413458ns          488134 1c0094c0 0005d983 lhu              x19, 0(x11)         x19=0000ffa1 x11:1c002e98  PA:1c002e98
27413756ns          488149 1c0094c4 81c88f5b p.muls           x30, x17, x28       x30=000004fe x17:00000012 x28:00000047
27413776ns          488150 1c0094c8 0002d583 lhu              x11, 0(x5)          x11=0000ff8e  x5:1c002ea8  PA:1c002ea8
27414233ns          488173 1c0094cc 03ce0fb3 mul              x31, x28, x28       x31=000013b1 x28:00000047 x28:00000047
27414253ns          488174 1c0094d0 02e50733 mul              x14, x10, x14       x14=ffffbd8e x10:ffffffc1 x14:0000010e
27414273ns          488175 1c0094d4 40a85813 srai             x16, x16, 0x40a     x16=fffffffe x16:fffffb02
27414293ns          488176 1c0094d8 03c50533 mul              x10, x10, x28       x10=ffffee87 x10:ffffffc1 x28:00000047
27414313ns          488177 1c0094dc 07015e03 lhu              x28, 112(x2)        x28=00000055  x2:100024d8  PA:10002548
27414333ns          488178 1c0094e0 01b60633 add              x12, x12, x27       x12=00001b74 x12:0000010e x27:00001a66
27414353ns          488179 1c0094e2 00980833 add              x16, x16, x9        x16=0000ffcd x16:fffffffe  x9:0000ffcf
27414372ns          488180 1c0094e4 06015d83 lhu              x27, 96(x2)         x27=0000013e  x2:100024d8  PA:10002538
27414392ns          488181 1c0094e8 02812483 lw               x9, 40(x2)           x9=1c002ec8  x2:100024d8  PA:10002500
27414412ns          488182 1c0094ea 40afdf93 srai             x31, x31, 0x40a     x31=00000004 x31:000013b1
27414432ns          488183 1c0094ee 40a55513 srai             x10, x10, 0x40a     x10=fffffffb x10:ffffee87
27414452ns          488184 1c0094f0 01cf8fb3 add              x31, x31, x28       x31=00000059 x31:00000004 x28:00000055
27414472ns          488185 1c0094f2 00b50533 add              x10, x10, x11       x10=0000ff89 x10:fffffffb x11:0000ff8e
27414492ns          488186 1c0094f4 09015e03 lhu              x28, 144(x2)        x28=0000fede  x2:100024d8  PA:10002568
27414512ns          488187 1c0094f8 03012583 lw               x11, 48(x2)         x11=1c002ed8  x2:100024d8  PA:10002508
27414532ns          488188 1c0094fa 00c49023 sh               x12, 0(x9)          x12:00001b74  x9:1c002ec8  PA:1c002ec8
27414850ns          488204 1c0094fe 01b888b3 add              x17, x17, x27       x17=00000150 x17:00000012 x27:0000013e
27414870ns          488205 1c009500 01a30333 add              x6, x6, x26          x6=00000569  x6:00000047 x26:00000522
27414890ns          488206 1c009502 08015d83 lhu              x27, 128(x2)        x27=00000018  x2:100024d8  PA:10002558
27414909ns          488207 1c009506 0000d903 lhu              x18, 0(x1)          x18=0000fea3  x1:1c002e88  PA:1c002e88
27415208ns          488222 1c00950a 01c686b3 add              x13, x13, x28       x13=0001fecc x13:0000ffee x28:0000fede
27415228ns          488223 1c00950c 00659023 sh               x6, 0(x11)           x6:00000569 x11:1c002ed8  PA:1c002ed8
27415546ns          488239 1c009510 40af5f13 srai             x30, x30, 0x40a     x30=00000001 x30:000004fe
27415566ns          488240 1c009514 04812e03 lw               x28, 72(x2)         x28=1c002f08  x2:100024d8  PA:10002520
27415586ns          488241 1c009516 01bf0f33 add              x30, x30, x27       x30=00000019 x30:00000001 x27:00000018
27415606ns          488242 1c009518 40aede93 srai             x29, x29, 0x40a     x29=fffffffb x29:ffffed04
27415625ns          488243 1c00951c 40a75713 srai             x14, x14, 0x40a     x14=ffffffef x14:ffffbd8e
27415645ns          488244 1c00951e 03812603 lw               x12, 56(x2)         x12=1c002ee8  x2:100024d8  PA:10002510
27415665ns          488245 1c009520 04012d83 lw               x27, 64(x2)         x27=1c002ef8  x2:100024d8  PA:10002518
27415685ns          488246 1c009522 01ee1023 sh               x30, 0(x28)         x30:00000019 x28:1c002f08  PA:1c002f08
27416003ns          488262 1c009526 05812483 lw               x9, 88(x2)           x9=1c002e68  x2:100024d8  PA:10002530
27416023ns          488263 1c009528 05012f03 lw               x30, 80(x2)         x30=1c002e78  x2:100024d8  PA:10002528
27416043ns          488264 1c00952a 0a012583 lw               x11, 160(x2)        x11=1c002e98  x2:100024d8  PA:10002578
27416063ns          488265 1c00952c 014787b3 add              x15, x15, x20       x15=0001fa08 x15:0000ffc1 x20:0000fa47
27416083ns          488266 1c00952e 013e8eb3 add              x29, x29, x19       x29=0000ff9c x29:fffffffb x19:0000ffa1
27416103ns          488267 1c009530 01270733 add              x14, x14, x18       x14=0000fe92 x14:ffffffef x18:0000fea3
27416123ns          488268 1c009532 00f49023 sh               x15, 0(x9)          x15:0001fa08  x9:1c002e68  PA:1c002e68
27416441ns          488284 1c009536 01161023 sh               x17, 0(x12)         x17:00000150 x12:1c002ee8  PA:1c002ee8
27416799ns          488302 1c00953a 01fd9023 sh               x31, 0(x27)         x31:00000059 x27:1c002ef8  PA:1c002ef8
27417117ns          488318 1c00953e 00df1023 sh               x13, 0(x30)         x13:0001fecc x30:1c002e78  PA:1c002e78
27417435ns          488334 1c009542 01d59023 sh               x29, 0(x11)         x29:0000ff9c x11:1c002e98  PA:1c002e98
27417753ns          488350 1c009546 00e09023 sh               x14, 0(x1)          x14:0000fe92  x1:1c002e88  PA:1c002e88
27418111ns          488368 1c00954a 01039023 sh               x16, 0(x7)          x16:0000ffcd  x7:1c002eb8  PA:1c002eb8
27418430ns          488384 1c00954e 00a29023 sh               x10, 0(x5)          x10:0000ff89  x5:1c002ea8  PA:1c002ea8
27418748ns          488400 1c009552 008b0b13 addi             x22, x22, 8         x22=000001e4 x22:000001dc
27418768ns          488401 1c009554 1f300793 addi             x15, x0, 499        x15=000001f3
27418788ns          488402 1c009558 e767dae3 bge              x15, x22, -396      x15:000001f3 x22:000001e4
27418887ns          488407 1c0093cc 010c9a0b p.lh             x20, 16(x25!)       x20=00000181 x25=1c002a60 x25:1c002a50  PA:1c002a50
27419225ns          488424 1c0093d0 0104198b p.lh             x19, 16(x8!)        x19=ffffffe1  x8=1c002228  x8:1c002218  PA:1c002218
27419523ns          488439 1c0093d4 2cc10513 addi             x10, x2, 716        x10=100027a4  x2:100024d8
27419543ns          488440 1c0093d6 010a990b p.lh             x18, 16(x21!)       x18=00000180 x21=1c001a54 x21:1c001a44  PA:1c001a44
27419842ns          488455 1c0093da 010b948b p.lh             x9, 16(x23!)         x9=ffffffb2 x23=1c001284 x23:1c001274  PA:1c001274
27420140ns          488470 1c0093de 2d411623 sh               x20, 716(x2)        x20:00000181  x2:100024d8  PA:100027a4
27420160ns          488471 1c0093e2 2d311723 sh               x19, 718(x2)        x19:ffffffe1  x2:100024d8  PA:100027a6
27420180ns          488472 1c0093e6 c33ff0ef jal              x1, -974             x1=1c0093e8
27420259ns          488476 1c009018 00051803 lh               x16, 0(x10)         x16=00000181 x10:100027a4  PA:100027a4
27420319ns          488479 1c00901c 00251883 lh               x17, 2(x10)         x17=ffffffe1 x10:100027a4  PA:100027a6
27420359ns          488481 1c009020 030806b3 mul              x13, x16, x16       x13=00024301 x16:00000181 x16:00000181
27420399ns          488483 1c009024 03188633 mul              x12, x17, x17       x12=000003c1 x17:ffffffe1 x17:ffffffe1
27420418ns          488484 1c009028 40a65613 srai             x12, x12, 0x40a     x12=00000000 x12:000003c1
27420438ns          488485 1c00902a 40a6d693 srai             x13, x13, 0x40a     x13=00000090 x13:00024301
27420458ns          488486 1c00902c 00c686b3 add              x13, x13, x12       x13=00000090 x13:00000090 x12:00000000
27420478ns          488487 1c00902e 1006c633 p.exths          x12, x13, x0        x12=00000090 x13:00000090
27420498ns          488488 1c009032 00855703 lhu              x14, 8(x10)         x14=0000ffd1 x10:100027a4  PA:100027ac
27420518ns          488489 1c009036 00a55683 lhu              x13, 10(x10)        x13=0000ff6a x10:100027a4  PA:100027ae
27420538ns          488490 1c00903a 02c60333 mul              x6, x12, x12         x6=00005100 x12:00000090 x12:00000090
27420558ns          488491 1c00903e 00c55783 lhu              x15, 12(x10)        x15=0000ffe5 x10:100027a4  PA:100027b0
27420578ns          488492 1c009042 00e55583 lhu              x11, 14(x10)        x11=00000060 x10:100027a4  PA:100027b2
27420597ns          488493 1c009046 dea30333 p.extract        x6, x6, 15, 10       x6=00000014  x6:00005100
27420617ns          488494 1c00904a 80c7075b p.muls           x14, x14, x12       x14=ffffe590 x14:0000ffd1 x12:00000090
27420637ns          488495 1c00904e 80c686db p.muls           x13, x13, x12       x13=ffffaba0 x13:0000ff6a x12:00000090
27420657ns          488496 1c009052 00455e83 lhu              x29, 4(x10)         x29=00000427 x10:100027a4  PA:100027a8
27420677ns          488497 1c009056 00655e03 lhu              x28, 6(x10)         x28=0000007f x10:100027a4  PA:100027aa
27420697ns          488498 1c00905a 40a75713 srai             x14, x14, 0x40a     x14=fffffff9 x14:ffffe590
27420717ns          488499 1c00905c 806787db p.muls           x15, x15, x6        x15=fffffde4 x15:0000ffe5  x6:00000014
27420737ns          488500 1c009060 40a6d693 srai             x13, x13, 0x40a     x13=ffffffea x13:ffffaba0
27420776ns          488502 1c009062 8065865b p.muls           x12, x11, x6        x12=00000780 x11:00000060  x6:00000014
27420796ns          488503 1c009066 40a7d793 srai             x15, x15, 0x40a     x15=ffffffff x15:fffffde4
27420816ns          488504 1c009068 40a65613 srai             x12, x12, 0x40a     x12=00000001 x12:00000780
27420836ns          488505 1c00906a 01d70733 add              x14, x14, x29       x14=00000420 x14:fffffff9 x29:00000427
27420856ns          488506 1c00906c 01c686b3 add              x13, x13, x28       x13=00000069 x13:ffffffea x28:0000007f
27420876ns          488507 1c00906e 00c686b3 add              x13, x13, x12       x13=0000006a x13:00000069 x12:00000001
27420896ns          488508 1c009070 00f70733 add              x14, x14, x15       x14=0000041f x14:00000420 x15:ffffffff
27420916ns          488509 1c009072 100747b3 p.exths          x15, x14, x0        x15=0000041f x14:0000041f
27420936ns          488510 1c009076 1006c733 p.exths          x14, x13, x0        x14=0000006a x13:0000006a
27420955ns          488511 1c00907a 03170633 mul              x12, x14, x17       x12=fffff32a x14:0000006a x17:ffffffe1
27420975ns          488512 1c00907e 030786b3 mul              x13, x15, x16       x13=0006329f x15:0000041f x16:00000181
27420995ns          488513 1c009082 03070733 mul              x14, x14, x16       x14=00009f6a x14:0000006a x16:00000181
27421015ns          488514 1c009086 031787b3 mul              x15, x15, x17       x15=ffff803f x15:0000041f x17:ffffffe1
27421035ns          488515 1c00908a 40a6d693 srai             x13, x13, 0x40a     x13=0000018c x13:0006329f
27421055ns          488516 1c00908c 40a65613 srai             x12, x12, 0x40a     x12=fffffffc x12:fffff32a
27421075ns          488517 1c00908e 40a7d793 srai             x15, x15, 0x40a     x15=ffffffe0 x15:ffff803f
27421095ns          488518 1c009090 40a75713 srai             x14, x14, 0x40a     x14=00000027 x14:00009f6a
27421114ns          488519 1c009092 40c686b3 sub              x13, x13, x12       x13=00000190 x13:0000018c x12:fffffffc
27421134ns          488520 1c009094 00e787b3 add              x15, x15, x14       x15=00000007 x15:ffffffe0 x14:00000027
27421154ns          488521 1c009096 00d51823 sh               x13, 16(x10)        x13:00000190 x10:100027a4  PA:100027b4
27421174ns          488522 1c00909a 00f51923 sh               x15, 18(x10)        x15:00000007 x10:100027a4  PA:100027b6
27421194ns          488523 1c00909e 00008067 jalr             x0, x1, 0            x1:1c0093e8
27421274ns          488527 1c0093e8 2dc15583 lhu              x11, 732(x2)        x11=00000190  x2:100024d8  PA:100027b4
27421333ns          488530 1c0093ec 2de15783 lhu              x15, 734(x2)        x15=00000007  x2:100024d8  PA:100027b6
27421353ns          488531 1c0093f0 40b90933 sub              x18, x18, x11       x18=fffffff0 x18:00000180 x11:00000190
27421373ns          488532 1c0093f4 40f484b3 sub              x9, x9, x15          x9=ffffffab  x9:ffffffb2 x15:00000007
27421393ns          488533 1c0093f6 100945b3 p.exths          x11, x18, x0        x11=fffffff0 x18:fffffff0
27421413ns          488534 1c0093fa 1004c7b3 p.exths          x15, x9, x0         x15=ffffffab  x9:ffffffab
27421433ns          488535 1c0093fe 034586b3 mul              x13, x11, x20       x13=ffffe7f0 x11:fffffff0 x20:00000181
27421453ns          488536 1c009402 03378533 mul              x10, x15, x19       x10=00000a4b x15:ffffffab x19:ffffffe1
27421472ns          488537 1c009406 034a0633 mul              x12, x20, x20       x12=00024301 x20:00000181 x20:00000181
27421492ns          488538 1c00940a 03398733 mul              x14, x19, x19       x14=000003c1 x19:ffffffe1 x19:ffffffe1
27421532ns          488540 1c00940e 034787b3 mul              x15, x15, x20       x15=ffff802b x15:ffffffab x20:00000181
27421572ns          488542 1c009412 033585b3 mul              x11, x11, x19       x11=000001f0 x11:fffffff0 x19:ffffffe1
27421592ns          488543 1c009416 40a75713 srai             x14, x14, 0x40a     x14=00000000 x14:000003c1
27421612ns          488544 1c009418 40a5d593 srai             x11, x11, 0x40a     x11=00000000 x11:000001f0
27421632ns          488545 1c00941a 40a65613 srai             x12, x12, 0x40a     x12=00000090 x12:00024301
27421651ns          488546 1c00941c 40a7d793 srai             x15, x15, 0x40a     x15=ffffffe0 x15:ffff802b
27421671ns          488547 1c00941e 1c0034b7 lui              x9, 0x1c003000       x9=1c003000
27421691ns          488548 1c009422 00e60633 add              x12, x12, x14       x12=00000090 x12:00000090 x14:00000000
27421711ns          488549 1c009424 40b787b3 sub              x15, x15, x11       x15=ffffffe0 x15:ffffffe0 x11:00000000
27421731ns          488550 1c009426 eb048493 addi             x9, x9, -336         x9=1c002eb0  x9:1c003000
27421751ns          488551 1c00942a 1c0032b7 lui              x5, 0x1c003000       x5=1c003000
27421771ns          488552 1c00942e 1c0035b7 lui              x11, 0x1c003000     x11=1c003000
27421791ns          488553 1c009432 018483b3 add              x7, x9, x24          x7=1c002eb8  x9:1c002eb0 x24:00000008
27421811ns          488554 1c009436 02812e83 lw               x29, 40(x2)         x29=1c002ec8  x2:100024d8  PA:10002500
27421830ns          488555 1c009438 10065633 p.exthz          x12, x12, x0        x12=00000090 x12:00000090
27421850ns          488556 1c00943c e8028293 addi             x5, x5, -384         x5=1c002e80  x5:1c003000
27421870ns          488557 1c009440 ea058593 addi             x11, x11, -352      x11=1c002ea0 x11:1c003000
27421890ns          488558 1c009444 03812483 lw               x9, 56(x2)           x9=1c002ee8  x2:100024d8  PA:10002510
27421910ns          488559 1c009446 10064733 p.exths          x14, x12, x0        x14=00000090 x12:00000090
27421930ns          488560 1c00944a 018280b3 add              x1, x5, x24          x1=1c002e88  x5:1c002e80 x24:00000008
27421950ns          488561 1c00944e 03012f03 lw               x30, 48(x2)         x30=1c002ed8  x2:100024d8  PA:10002508
27421970ns          488562 1c009450 018582b3 add              x5, x11, x24         x5=1c002ea8 x11:1c002ea0 x24:00000008
27421990ns          488563 1c009454 04012583 lw               x11, 64(x2)         x11=1c002ef8  x2:100024d8  PA:10002518
27422009ns          488564 1c009456 000edd83 lhu              x27, 0(x29)         x27=00001b74 x29:1c002ec8  PA:1c002ec8
27422348ns          488581 1c00945a 0004d483 lhu              x9, 0(x9)            x9=00000150  x9:1c002ee8  PA:1c002ee8
27422706ns          488599 1c00945e 02e70333 mul              x6, x14, x14         x6=00005100 x14:00000090 x14:00000090
27422725ns          488600 1c009462 40a55513 srai             x10, x10, 0x40a     x10=00000002 x10:00000a4b
27422745ns          488601 1c009464 04812e83 lw               x29, 72(x2)         x29=1c002f08  x2:100024d8  PA:10002520
27422765ns          488602 1c009466 40a6d693 srai             x13, x13, 0x40a     x13=fffffff9 x13:ffffe7f0
27422785ns          488603 1c009468 000f5d03 lhu              x26, 0(x30)         x26=00000569 x30:1c002ed8  PA:1c002ed8
27423103ns          488619 1c00946c 0005d583 lhu              x11, 0(x11)         x11=00000059 x11:1c002ef8  PA:1c002ef8
27423402ns          488634 1c009470 40a35313 srai             x6, x6, 0x40a        x6=00000014  x6:00005100
27423422ns          488635 1c009474 00a686b3 add              x13, x13, x10       x13=fffffffb x13:fffffff9 x10:00000002
27423441ns          488636 1c009476 05012f03 lw               x30, 80(x2)         x30=1c002e78  x2:100024d8  PA:10002528
27423461ns          488637 1c009478 10034e33 p.exths          x28, x6, x0         x28=00000014  x6:00000014
27423481ns          488638 1c00947c 06911023 sh               x9, 96(x2)           x9:00000150  x2:100024d8  PA:10002538
27423501ns          488639 1c009480 000ede83 lhu              x29, 0(x29)         x29=00000019 x29:1c002f08  PA:1c002f08
27423819ns          488655 1c009484 05812483 lw               x9, 88(x2)           x9=1c002e68  x2:100024d8  PA:10002530
27423839ns          488656 1c009486 1006d6b3 p.exthz          x13, x13, x0        x13=0000fffb x13:fffffffb
27423859ns          488657 1c00948a 02ee08b3 mul              x17, x28, x14       x17=00000b40 x28:00000014 x14:00000090
27423879ns          488658 1c00948e 1006c833 p.exths          x16, x13, x0        x16=fffffffb x13:0000fffb
27423899ns          488659 1c009492 06b11823 sh               x11, 112(x2)        x11:00000059  x2:100024d8  PA:10002548
27423919ns          488660 1c009496 000f5f03 lhu              x30, 0(x30)         x30=0000fecc x30:1c002e78  PA:1c002e78
27424237ns          488676 1c00949a 0a012583 lw               x11, 160(x2)        x11=1c002e98  x2:100024d8  PA:10002578
27424257ns          488677 1c00949c 1007d7b3 p.exthz          x15, x15, x0        x15=0000ffe0 x15:ffffffe0
27424277ns          488678 1c0094a0 0004da03 lhu              x20, 0(x9)          x20=0000fa08  x9:1c002e68  PA:1c002e68
27424655ns          488697 1c0094a4 1007c533 p.exths          x10, x15, x0        x10=ffffffe0 x15:0000ffe0
27424674ns          488698 1c0094a8 09d11023 sh               x29, 128(x2)        x29:00000019  x2:100024d8  PA:10002558
27424694ns          488699 1c0094ac 0003d483 lhu              x9, 0(x7)            x9=0000ffcd  x7:1c002eb8  PA:1c002eb8
27425052ns          488717 1c0094b0 02e80eb3 mul              x29, x16, x14       x29=fffffd30 x16:fffffffb x14:00000090
27425072ns          488718 1c0094b4 40a8d893 srai             x17, x17, 0x40a     x17=00000002 x17:00000b40
27425092ns          488719 1c0094b8 03c80833 mul              x16, x16, x28       x16=ffffff9c x16:fffffffb x28:00000014
27425112ns          488720 1c0094bc 09e11823 sh               x30, 144(x2)        x30:0000fecc  x2:100024d8  PA:10002568
27425132ns          488721 1c0094c0 0005d983 lhu              x19, 0(x11)         x19=0000ff9c x11:1c002e98  PA:1c002e98
27425430ns          488736 1c0094c4 81c88f5b p.muls           x30, x17, x28       x30=00000028 x17:00000002 x28:00000014
27425450ns          488737 1c0094c8 0002d583 lhu              x11, 0(x5)          x11=0000ff89  x5:1c002ea8  PA:1c002ea8
27425748ns          488752 1c0094cc 03ce0fb3 mul              x31, x28, x28       x31=00000190 x28:00000014 x28:00000014
27425768ns          488753 1c0094d0 02e50733 mul              x14, x10, x14       x14=ffffee00 x10:ffffffe0 x14:00000090
27425788ns          488754 1c0094d4 40a85813 srai             x16, x16, 0x40a     x16=ffffffff x16:ffffff9c
27425808ns          488755 1c0094d8 03c50533 mul              x10, x10, x28       x10=fffffd80 x10:ffffffe0 x28:00000014
27425828ns          488756 1c0094dc 07015e03 lhu              x28, 112(x2)        x28=00000059  x2:100024d8  PA:10002548
27425868ns          488758 1c0094e0 01b60633 add              x12, x12, x27       x12=00001c04 x12:00000090 x27:00001b74
27425888ns          488759 1c0094e2 00980833 add              x16, x16, x9        x16=0000ffcc x16:ffffffff  x9:0000ffcd
27425908ns          488760 1c0094e4 06015d83 lhu              x27, 96(x2)         x27=00000150  x2:100024d8  PA:10002538
27425927ns          488761 1c0094e8 02812483 lw               x9, 40(x2)           x9=1c002ec8  x2:100024d8  PA:10002500
27425947ns          488762 1c0094ea 40afdf93 srai             x31, x31, 0x40a     x31=00000000 x31:00000190
27425967ns          488763 1c0094ee 40a55513 srai             x10, x10, 0x40a     x10=ffffffff x10:fffffd80
27425987ns          488764 1c0094f0 01cf8fb3 add              x31, x31, x28       x31=00000059 x31:00000000 x28:00000059
27426007ns          488765 1c0094f2 00b50533 add              x10, x10, x11       x10=0000ff88 x10:ffffffff x11:0000ff89
27426027ns          488766 1c0094f4 09015e03 lhu              x28, 144(x2)        x28=0000fecc  x2:100024d8  PA:10002568
27426047ns          488767 1c0094f8 03012583 lw               x11, 48(x2)         x11=1c002ed8  x2:100024d8  PA:10002508
27426067ns          488768 1c0094fa 00c49023 sh               x12, 0(x9)          x12:00001c04  x9:1c002ec8  PA:1c002ec8
27426425ns          488786 1c0094fe 01b888b3 add              x17, x17, x27       x17=00000152 x17:00000002 x27:00000150
27426444ns          488787 1c009500 01a30333 add              x6, x6, x26          x6=0000057d  x6:00000014 x26:00000569
27426464ns          488788 1c009502 08015d83 lhu              x27, 128(x2)        x27=00000019  x2:100024d8  PA:10002558
27426484ns          488789 1c009506 0000d903 lhu              x18, 0(x1)          x18=0000fe92  x1:1c002e88  PA:1c002e88
27426802ns          488805 1c00950a 01c686b3 add              x13, x13, x28       x13=0001fec7 x13:0000fffb x28:0000fecc
27426822ns          488806 1c00950c 00659023 sh               x6, 0(x11)           x6:0000057d x11:1c002ed8  PA:1c002ed8
27427141ns          488822 1c009510 40af5f13 srai             x30, x30, 0x40a     x30=00000000 x30:00000028
27427160ns          488823 1c009514 04812e03 lw               x28, 72(x2)         x28=1c002f08  x2:100024d8  PA:10002520
27427180ns          488824 1c009516 01bf0f33 add              x30, x30, x27       x30=00000019 x30:00000000 x27:00000019
27427200ns          488825 1c009518 40aede93 srai             x29, x29, 0x40a     x29=ffffffff x29:fffffd30
27427220ns          488826 1c00951c 40a75713 srai             x14, x14, 0x40a     x14=fffffffb x14:ffffee00
27427240ns          488827 1c00951e 03812603 lw               x12, 56(x2)         x12=1c002ee8  x2:100024d8  PA:10002510
27427260ns          488828 1c009520 04012d83 lw               x27, 64(x2)         x27=1c002ef8  x2:100024d8  PA:10002518
27427280ns          488829 1c009522 01ee1023 sh               x30, 0(x28)         x30:00000019 x28:1c002f08  PA:1c002f08
27427598ns          488845 1c009526 05812483 lw               x9, 88(x2)           x9=1c002e68  x2:100024d8  PA:10002530
27427618ns          488846 1c009528 05012f03 lw               x30, 80(x2)         x30=1c002e78  x2:100024d8  PA:10002528
27427638ns          488847 1c00952a 0a012583 lw               x11, 160(x2)        x11=1c002e98  x2:100024d8  PA:10002578
27427658ns          488848 1c00952c 014787b3 add              x15, x15, x20       x15=0001f9e8 x15:0000ffe0 x20:0000fa08
27427678ns          488849 1c00952e 013e8eb3 add              x29, x29, x19       x29=0000ff9b x29:ffffffff x19:0000ff9c
27427697ns          488850 1c009530 01270733 add              x14, x14, x18       x14=0000fe8d x14:fffffffb x18:0000fe92
27427717ns          488851 1c009532 00f49023 sh               x15, 0(x9)          x15:0001f9e8  x9:1c002e68  PA:1c002e68
27428036ns          488867 1c009536 01161023 sh               x17, 0(x12)         x17:00000152 x12:1c002ee8  PA:1c002ee8
27428374ns          488884 1c00953a 01fd9023 sh               x31, 0(x27)         x31:00000059 x27:1c002ef8  PA:1c002ef8
27428692ns          488900 1c00953e 00df1023 sh               x13, 0(x30)         x13:0001fec7 x30:1c002e78  PA:1c002e78
27429010ns          488916 1c009542 01d59023 sh               x29, 0(x11)         x29:0000ff9b x11:1c002e98  PA:1c002e98
27429328ns          488932 1c009546 00e09023 sh               x14, 0(x1)          x14:0000fe8d  x1:1c002e88  PA:1c002e88
27429646ns          488948 1c00954a 01039023 sh               x16, 0(x7)          x16:0000ffcc  x7:1c002eb8  PA:1c002eb8
27429985ns          488965 1c00954e 00a29023 sh               x10, 0(x5)          x10:0000ff88  x5:1c002ea8  PA:1c002ea8
27430303ns          488981 1c009552 008b0b13 addi             x22, x22, 8         x22=000001ec x22:000001e4
27430323ns          488982 1c009554 1f300793 addi             x15, x0, 499        x15=000001f3
27430343ns          488983 1c009558 e767dae3 bge              x15, x22, -396      x15:000001f3 x22:000001ec
27430442ns          488988 1c0093cc 010c9a0b p.lh             x20, 16(x25!)       x20=0000000e x25=1c002a70 x25:1c002a60  PA:1c002a60
27430760ns          489004 1c0093d0 0104198b p.lh             x19, 16(x8!)        x19=00000020  x8=1c002238  x8:1c002228  PA:1c002228
27431058ns          489019 1c0093d4 2cc10513 addi             x10, x2, 716        x10=100027a4  x2:100024d8
27431078ns          489020 1c0093d6 010a990b p.lh             x18, 16(x21!)       x18=0000000f x21=1c001a64 x21:1c001a54  PA:1c001a54
27431397ns          489036 1c0093da 010b948b p.lh             x9, 16(x23!)         x9=00000023 x23=1c001294 x23:1c001284  PA:1c001284
27431715ns          489052 1c0093de 2d411623 sh               x20, 716(x2)        x20:0000000e  x2:100024d8  PA:100027a4
27431755ns          489054 1c0093e2 2d311723 sh               x19, 718(x2)        x19:00000020  x2:100024d8  PA:100027a6
27431774ns          489055 1c0093e6 c33ff0ef jal              x1, -974             x1=1c0093e8
27431854ns          489059 1c009018 00051803 lh               x16, 0(x10)         x16=0000000e x10:100027a4  PA:100027a4
27431894ns          489061 1c00901c 00251883 lh               x17, 2(x10)         x17=00000020 x10:100027a4  PA:100027a6
27431914ns          489062 1c009020 030806b3 mul              x13, x16, x16       x13=000000c4 x16:0000000e x16:0000000e
27431934ns          489063 1c009024 03188633 mul              x12, x17, x17       x12=00000400 x17:00000020 x17:00000020
27431953ns          489064 1c009028 40a65613 srai             x12, x12, 0x40a     x12=00000001 x12:00000400
27431973ns          489065 1c00902a 40a6d693 srai             x13, x13, 0x40a     x13=00000000 x13:000000c4
27431993ns          489066 1c00902c 00c686b3 add              x13, x13, x12       x13=00000001 x13:00000000 x12:00000001
27432013ns          489067 1c00902e 1006c633 p.exths          x12, x13, x0        x12=00000001 x13:00000001
27432033ns          489068 1c009032 00855703 lhu              x14, 8(x10)         x14=0000ffd1 x10:100027a4  PA:100027ac
27432053ns          489069 1c009036 00a55683 lhu              x13, 10(x10)        x13=0000ff6a x10:100027a4  PA:100027ae
27432073ns          489070 1c00903a 02c60333 mul              x6, x12, x12         x6=00000001 x12:00000001 x12:00000001
27432113ns          489072 1c00903e 00c55783 lhu              x15, 12(x10)        x15=0000ffe5 x10:100027a4  PA:100027b0
27432152ns          489074 1c009042 00e55583 lhu              x11, 14(x10)        x11=00000060 x10:100027a4  PA:100027b2
27432172ns          489075 1c009046 dea30333 p.extract        x6, x6, 15, 10       x6=00000000  x6:00000001
27432192ns          489076 1c00904a 80c7075b p.muls           x14, x14, x12       x14=ffffffd1 x14:0000ffd1 x12:00000001
27432252ns          489079 1c00904e 80c686db p.muls           x13, x13, x12       x13=ffffff6a x13:0000ff6a x12:00000001
27432292ns          489081 1c009052 00455e83 lhu              x29, 4(x10)         x29=00000427 x10:100027a4  PA:100027a8
27432311ns          489082 1c009056 00655e03 lhu              x28, 6(x10)         x28=0000007f x10:100027a4  PA:100027aa
27432331ns          489083 1c00905a 40a75713 srai             x14, x14, 0x40a     x14=ffffffff x14:ffffffd1
27432351ns          489084 1c00905c 806787db p.muls           x15, x15, x6        x15=00000000 x15:0000ffe5  x6:00000000
27432391ns          489086 1c009060 40a6d693 srai             x13, x13, 0x40a     x13=ffffffff x13:ffffff6a
27432431ns          489088 1c009062 8065865b p.muls           x12, x11, x6        x12=00000000 x11:00000060  x6:00000000
27432451ns          489089 1c009066 40a7d793 srai             x15, x15, 0x40a     x15=00000000 x15:00000000
27432471ns          489090 1c009068 40a65613 srai             x12, x12, 0x40a     x12=00000000 x12:00000000
27432490ns          489091 1c00906a 01d70733 add              x14, x14, x29       x14=00000426 x14:ffffffff x29:00000427
27432510ns          489092 1c00906c 01c686b3 add              x13, x13, x28       x13=0000007e x13:ffffffff x28:0000007f
27432530ns          489093 1c00906e 00c686b3 add              x13, x13, x12       x13=0000007e x13:0000007e x12:00000000
27432550ns          489094 1c009070 00f70733 add              x14, x14, x15       x14=00000426 x14:00000426 x15:00000000
27432570ns          489095 1c009072 100747b3 p.exths          x15, x14, x0        x15=00000426 x14:00000426
27432590ns          489096 1c009076 1006c733 p.exths          x14, x13, x0        x14=0000007e x13:0000007e
27432610ns          489097 1c00907a 03170633 mul              x12, x14, x17       x12=00000fc0 x14:0000007e x17:00000020
27432630ns          489098 1c00907e 030786b3 mul              x13, x15, x16       x13=00003a14 x15:00000426 x16:0000000e
27432650ns          489099 1c009082 03070733 mul              x14, x14, x16       x14=000006e4 x14:0000007e x16:0000000e
27432669ns          489100 1c009086 031787b3 mul              x15, x15, x17       x15=000084c0 x15:00000426 x17:00000020
27432689ns          489101 1c00908a 40a6d693 srai             x13, x13, 0x40a     x13=0000000e x13:00003a14
27432709ns          489102 1c00908c 40a65613 srai             x12, x12, 0x40a     x12=00000003 x12:00000fc0
27432729ns          489103 1c00908e 40a7d793 srai             x15, x15, 0x40a     x15=00000021 x15:000084c0
27432749ns          489104 1c009090 40a75713 srai             x14, x14, 0x40a     x14=00000001 x14:000006e4
27432769ns          489105 1c009092 40c686b3 sub              x13, x13, x12       x13=0000000b x13:0000000e x12:00000003
27432789ns          489106 1c009094 00e787b3 add              x15, x15, x14       x15=00000022 x15:00000021 x14:00000001
27432809ns          489107 1c009096 00d51823 sh               x13, 16(x10)        x13:0000000b x10:100027a4  PA:100027b4
27432829ns          489108 1c00909a 00f51923 sh               x15, 18(x10)        x15:00000022 x10:100027a4  PA:100027b6
27432848ns          489109 1c00909e 00008067 jalr             x0, x1, 0            x1:1c0093e8
27432928ns          489113 1c0093e8 2dc15583 lhu              x11, 732(x2)        x11=0000000b  x2:100024d8  PA:100027b4
27432948ns          489114 1c0093ec 2de15783 lhu              x15, 734(x2)        x15=00000022  x2:100024d8  PA:100027b6
27432968ns          489115 1c0093f0 40b90933 sub              x18, x18, x11       x18=00000004 x18:0000000f x11:0000000b
27432988ns          489116 1c0093f4 40f484b3 sub              x9, x9, x15          x9=00000001  x9:00000023 x15:00000022
27433008ns          489117 1c0093f6 100945b3 p.exths          x11, x18, x0        x11=00000004 x18:00000004
27433027ns          489118 1c0093fa 1004c7b3 p.exths          x15, x9, x0         x15=00000001  x9:00000001
27433047ns          489119 1c0093fe 034586b3 mul              x13, x11, x20       x13=00000038 x11:00000004 x20:0000000e
27433067ns          489120 1c009402 03378533 mul              x10, x15, x19       x10=00000020 x15:00000001 x19:00000020
27433087ns          489121 1c009406 034a0633 mul              x12, x20, x20       x12=000000c4 x20:0000000e x20:0000000e
27433107ns          489122 1c00940a 03398733 mul              x14, x19, x19       x14=00000400 x19:00000020 x19:00000020
27433167ns          489125 1c00940e 034787b3 mul              x15, x15, x20       x15=0000000e x15:00000001 x20:0000000e
27433206ns          489127 1c009412 033585b3 mul              x11, x11, x19       x11=00000080 x11:00000004 x19:00000020
27433226ns          489128 1c009416 40a75713 srai             x14, x14, 0x40a     x14=00000001 x14:00000400
27433246ns          489129 1c009418 40a5d593 srai             x11, x11, 0x40a     x11=00000000 x11:00000080
27433266ns          489130 1c00941a 40a65613 srai             x12, x12, 0x40a     x12=00000000 x12:000000c4
27433286ns          489131 1c00941c 40a7d793 srai             x15, x15, 0x40a     x15=00000000 x15:0000000e
27433306ns          489132 1c00941e 1c0034b7 lui              x9, 0x1c003000       x9=1c003000
27433326ns          489133 1c009422 00e60633 add              x12, x12, x14       x12=00000001 x12:00000000 x14:00000001
27433346ns          489134 1c009424 40b787b3 sub              x15, x15, x11       x15=00000000 x15:00000000 x11:00000000
27433366ns          489135 1c009426 eb048493 addi             x9, x9, -336         x9=1c002eb0  x9:1c003000
27433385ns          489136 1c00942a 1c0032b7 lui              x5, 0x1c003000       x5=1c003000
27433405ns          489137 1c00942e 1c0035b7 lui              x11, 0x1c003000     x11=1c003000
27433425ns          489138 1c009432 018483b3 add              x7, x9, x24          x7=1c002eb8  x9:1c002eb0 x24:00000008
27433445ns          489139 1c009436 02812e83 lw               x29, 40(x2)         x29=1c002ec8  x2:100024d8  PA:10002500
27433465ns          489140 1c009438 10065633 p.exthz          x12, x12, x0        x12=00000001 x12:00000001
27433485ns          489141 1c00943c e8028293 addi             x5, x5, -384         x5=1c002e80  x5:1c003000
27433505ns          489142 1c009440 ea058593 addi             x11, x11, -352      x11=1c002ea0 x11:1c003000
27433525ns          489143 1c009444 03812483 lw               x9, 56(x2)           x9=1c002ee8  x2:100024d8  PA:10002510
27433544ns          489144 1c009446 10064733 p.exths          x14, x12, x0        x14=00000001 x12:00000001
27433564ns          489145 1c00944a 018280b3 add              x1, x5, x24          x1=1c002e88  x5:1c002e80 x24:00000008
27433584ns          489146 1c00944e 03012f03 lw               x30, 48(x2)         x30=1c002ed8  x2:100024d8  PA:10002508
27433604ns          489147 1c009450 018582b3 add              x5, x11, x24         x5=1c002ea8 x11:1c002ea0 x24:00000008
27433624ns          489148 1c009454 04012583 lw               x11, 64(x2)         x11=1c002ef8  x2:100024d8  PA:10002518
27433644ns          489149 1c009456 000edd83 lhu              x27, 0(x29)         x27=00001c04 x29:1c002ec8  PA:1c002ec8
27433942ns          489164 1c00945a 0004d483 lhu              x9, 0(x9)            x9=00000152  x9:1c002ee8  PA:1c002ee8
27434260ns          489180 1c00945e 02e70333 mul              x6, x14, x14         x6=00000001 x14:00000001 x14:00000001
27434280ns          489181 1c009462 40a55513 srai             x10, x10, 0x40a     x10=00000000 x10:00000020
27434300ns          489182 1c009464 04812e83 lw               x29, 72(x2)         x29=1c002f08  x2:100024d8  PA:10002520
27434320ns          489183 1c009466 40a6d693 srai             x13, x13, 0x40a     x13=00000000 x13:00000038
27434340ns          489184 1c009468 000f5d03 lhu              x26, 0(x30)         x26=0000057d x30:1c002ed8  PA:1c002ed8
27434698ns          489202 1c00946c 0005d583 lhu              x11, 0(x11)         x11=00000059 x11:1c002ef8  PA:1c002ef8
27435056ns          489220 1c009470 40a35313 srai             x6, x6, 0x40a        x6=00000000  x6:00000001
27435076ns          489221 1c009474 00a686b3 add              x13, x13, x10       x13=00000000 x13:00000000 x10:00000000
27435096ns          489222 1c009476 05012f03 lw               x30, 80(x2)         x30=1c002e78  x2:100024d8  PA:10002528
27435116ns          489223 1c009478 10034e33 p.exths          x28, x6, x0         x28=00000000  x6:00000000
27435136ns          489224 1c00947c 06911023 sh               x9, 96(x2)           x9:00000152  x2:100024d8  PA:10002538
27435155ns          489225 1c009480 000ede83 lhu              x29, 0(x29)         x29=00000019 x29:1c002f08  PA:1c002f08
27435454ns          489240 1c009484 05812483 lw               x9, 88(x2)           x9=1c002e68  x2:100024d8  PA:10002530
27435474ns          489241 1c009486 1006d6b3 p.exthz          x13, x13, x0        x13=00000000 x13:00000000
27435494ns          489242 1c00948a 02ee08b3 mul              x17, x28, x14       x17=00000000 x28:00000000 x14:00000001
27435513ns          489243 1c00948e 1006c833 p.exths          x16, x13, x0        x16=00000000 x13:00000000
27435533ns          489244 1c009492 06b11823 sh               x11, 112(x2)        x11:00000059  x2:100024d8  PA:10002548
27435553ns          489245 1c009496 000f5f03 lhu              x30, 0(x30)         x30=0000fec7 x30:1c002e78  PA:1c002e78
27435852ns          489260 1c00949a 0a012583 lw               x11, 160(x2)        x11=1c002e98  x2:100024d8  PA:10002578
27435871ns          489261 1c00949c 1007d7b3 p.exthz          x15, x15, x0        x15=00000000 x15:00000000
27435891ns          489262 1c0094a0 0004da03 lhu              x20, 0(x9)          x20=0000f9e8  x9:1c002e68  PA:1c002e68
27436190ns          489277 1c0094a4 1007c533 p.exths          x10, x15, x0        x10=00000000 x15:00000000
27436209ns          489278 1c0094a8 09d11023 sh               x29, 128(x2)        x29:00000019  x2:100024d8  PA:10002558
27436229ns          489279 1c0094ac 0003d483 lhu              x9, 0(x7)            x9=0000ffcc  x7:1c002eb8  PA:1c002eb8
27436627ns          489299 1c0094b0 02e80eb3 mul              x29, x16, x14       x29=00000000 x16:00000000 x14:00000001
27436647ns          489300 1c0094b4 40a8d893 srai             x17, x17, 0x40a     x17=00000000 x17:00000000
27436667ns          489301 1c0094b8 03c80833 mul              x16, x16, x28       x16=00000000 x16:00000000 x28:00000000
27436687ns          489302 1c0094bc 09e11823 sh               x30, 144(x2)        x30:0000fec7  x2:100024d8  PA:10002568
27436707ns          489303 1c0094c0 0005d983 lhu              x19, 0(x11)         x19=0000ff9b x11:1c002e98  PA:1c002e98
27437005ns          489318 1c0094c4 81c88f5b p.muls           x30, x17, x28       x30=00000000 x17:00000000 x28:00000000
27437025ns          489319 1c0094c8 0002d583 lhu              x11, 0(x5)          x11=0000ff88  x5:1c002ea8  PA:1c002ea8
27437363ns          489336 1c0094cc 03ce0fb3 mul              x31, x28, x28       x31=00000000 x28:00000000 x28:00000000
27437383ns          489337 1c0094d0 02e50733 mul              x14, x10, x14       x14=00000000 x10:00000000 x14:00000001
27437403ns          489338 1c0094d4 40a85813 srai             x16, x16, 0x40a     x16=00000000 x16:00000000
27437423ns          489339 1c0094d8 03c50533 mul              x10, x10, x28       x10=00000000 x10:00000000 x28:00000000
27437443ns          489340 1c0094dc 07015e03 lhu              x28, 112(x2)        x28=00000059  x2:100024d8  PA:10002548
27437482ns          489342 1c0094e0 01b60633 add              x12, x12, x27       x12=00001c05 x12:00000001 x27:00001c04
27437502ns          489343 1c0094e2 00980833 add              x16, x16, x9        x16=0000ffcc x16:00000000  x9:0000ffcc
27437522ns          489344 1c0094e4 06015d83 lhu              x27, 96(x2)         x27=00000152  x2:100024d8  PA:10002538
27437542ns          489345 1c0094e8 02812483 lw               x9, 40(x2)           x9=1c002ec8  x2:100024d8  PA:10002500
27437562ns          489346 1c0094ea 40afdf93 srai             x31, x31, 0x40a     x31=00000000 x31:00000000
27437582ns          489347 1c0094ee 40a55513 srai             x10, x10, 0x40a     x10=00000000 x10:00000000
27437602ns          489348 1c0094f0 01cf8fb3 add              x31, x31, x28       x31=00000059 x31:00000000 x28:00000059
27437622ns          489349 1c0094f2 00b50533 add              x10, x10, x11       x10=0000ff88 x10:00000000 x11:0000ff88
27437641ns          489350 1c0094f4 09015e03 lhu              x28, 144(x2)        x28=0000fec7  x2:100024d8  PA:10002568
27437661ns          489351 1c0094f8 03012583 lw               x11, 48(x2)         x11=1c002ed8  x2:100024d8  PA:10002508
27437681ns          489352 1c0094fa 00c49023 sh               x12, 0(x9)          x12:00001c05  x9:1c002ec8  PA:1c002ec8
27437999ns          489368 1c0094fe 01b888b3 add              x17, x17, x27       x17=00000152 x17:00000000 x27:00000152
27438019ns          489369 1c009500 01a30333 add              x6, x6, x26          x6=0000057d  x6:00000000 x26:0000057d
27438039ns          489370 1c009502 08015d83 lhu              x27, 128(x2)        x27=00000019  x2:100024d8  PA:10002558
27438059ns          489371 1c009506 0000d903 lhu              x18, 0(x1)          x18=0000fe8d  x1:1c002e88  PA:1c002e88
27438357ns          489386 1c00950a 01c686b3 add              x13, x13, x28       x13=0000fec7 x13:00000000 x28:0000fec7
27438377ns          489387 1c00950c 00659023 sh               x6, 0(x11)           x6:0000057d x11:1c002ed8  PA:1c002ed8
27438695ns          489403 1c009510 40af5f13 srai             x30, x30, 0x40a     x30=00000000 x30:00000000
27438715ns          489404 1c009514 04812e03 lw               x28, 72(x2)         x28=1c002f08  x2:100024d8  PA:10002520
27438735ns          489405 1c009516 01bf0f33 add              x30, x30, x27       x30=00000019 x30:00000000 x27:00000019
27438755ns          489406 1c009518 40aede93 srai             x29, x29, 0x40a     x29=00000000 x29:00000000
27438775ns          489407 1c00951c 40a75713 srai             x14, x14, 0x40a     x14=00000000 x14:00000000
27438795ns          489408 1c00951e 03812603 lw               x12, 56(x2)         x12=1c002ee8  x2:100024d8  PA:10002510
27438815ns          489409 1c009520 04012d83 lw               x27, 64(x2)         x27=1c002ef8  x2:100024d8  PA:10002518
27438835ns          489410 1c009522 01ee1023 sh               x30, 0(x28)         x30:00000019 x28:1c002f08  PA:1c002f08
27439173ns          489427 1c009526 05812483 lw               x9, 88(x2)           x9=1c002e68  x2:100024d8  PA:10002530
27439193ns          489428 1c009528 05012f03 lw               x30, 80(x2)         x30=1c002e78  x2:100024d8  PA:10002528
27439213ns          489429 1c00952a 0a012583 lw               x11, 160(x2)        x11=1c002e98  x2:100024d8  PA:10002578
27439232ns          489430 1c00952c 014787b3 add              x15, x15, x20       x15=0000f9e8 x15:00000000 x20:0000f9e8
27439252ns          489431 1c00952e 013e8eb3 add              x29, x29, x19       x29=0000ff9b x29:00000000 x19:0000ff9b
27439272ns          489432 1c009530 01270733 add              x14, x14, x18       x14=0000fe8d x14:00000000 x18:0000fe8d
27439292ns          489433 1c009532 00f49023 sh               x15, 0(x9)          x15:0000f9e8  x9:1c002e68  PA:1c002e68
27439610ns          489449 1c009536 01161023 sh               x17, 0(x12)         x17:00000152 x12:1c002ee8  PA:1c002ee8
27439929ns          489465 1c00953a 01fd9023 sh               x31, 0(x27)         x31:00000059 x27:1c002ef8  PA:1c002ef8
27440247ns          489481 1c00953e 00df1023 sh               x13, 0(x30)         x13:0000fec7 x30:1c002e78  PA:1c002e78
27440565ns          489497 1c009542 01d59023 sh               x29, 0(x11)         x29:0000ff9b x11:1c002e98  PA:1c002e98
27440883ns          489513 1c009546 00e09023 sh               x14, 0(x1)          x14:0000fe8d  x1:1c002e88  PA:1c002e88
27441201ns          489529 1c00954a 01039023 sh               x16, 0(x7)          x16:0000ffcc  x7:1c002eb8  PA:1c002eb8
27441520ns          489545 1c00954e 00a29023 sh               x10, 0(x5)          x10:0000ff88  x5:1c002ea8  PA:1c002ea8
27441878ns          489563 1c009552 008b0b13 addi             x22, x22, 8         x22=000001f4 x22:000001ec
27441897ns          489564 1c009554 1f300793 addi             x15, x0, 499        x15=000001f3
27441917ns          489565 1c009558 e767dae3 bge              x15, x22, -396      x15:000001f3 x22:000001f4
27441937ns          489566 1c00955c 790020ef jal              x1, 10128            x1=1c009560
27442057ns          489572 1c00bcec f14027f3 csrrs            x15, x0, 0xf14      x15=00000004
27442136ns          489576 1c00bcf0 01f00713 addi             x14, x0, 31         x14=0000001f
27442176ns          489578 1c00bcf2 ca5797b3 p.extractu       x15, x15, 5, 5      x15=00000000 x15:00000004
27442196ns          489579 1c00bcf6 00e78863 beq              x15, x14, 16        x15:00000000 x14:0000001f
27442216ns          489580 1c00bcfa 002047b7 lui              x15, 0x204000       x15=00204000
27442275ns          489583 1c00bcfe 20078793 addi             x15, x15, 512       x15=00204200 x15:00204000
27442315ns          489585 1c00bd02 01c7e703 p.elw            x14, 28(x15)        x14=00010000 x15:00204200  PA:0020421c
27453413ns          490143 1c00bd06 00008067 jalr             x0, x1, 0            x1:1c009560
27453452ns          490145 1c009560 0ac12683 lw               x13, 172(x2)        x13=00000004  x2:100024d8  PA:10002584
27453512ns          490148 1c009562 28069ce3 bne              x13, x0, 2712       x13:00000004
27454606ns          490203 1c009ffa 4f3010ef jal              x1, 7410             x1=1c009ffe
27455103ns          490228 1c00bcec f14027f3 csrrs            x15, x0, 0xf14      x15=00000004
27455123ns          490229 1c00bcf0 01f00713 addi             x14, x0, 31         x14=0000001f
27455143ns          490230 1c00bcf2 ca5797b3 p.extractu       x15, x15, 5, 5      x15=00000000 x15:00000004
27455163ns          490231 1c00bcf6 00e78863 beq              x15, x14, 16        x15:00000000 x14:0000001f
27455183ns          490232 1c00bcfa 002047b7 lui              x15, 0x204000       x15=00204000
27455262ns          490236 1c00bcfe 20078793 addi             x15, x15, 512       x15=00204200 x15:00204000
27455302ns          490238 1c00bd02 01c7e703 p.elw            x14, 28(x15)        x14=00010000 x15:00204200  PA:0020421c
31727660ns          703650 1c00bd06 00008067 jalr             x0, x1, 0            x1:1c009ffe
31727700ns          703652 1c009ffe 00000493 addi             x9, x0, 0            x9=00000000
31727720ns          703653 1c00a000 4ed010ef jal              x1, 7404             x1=1c00a004
31727760ns          703655 1c00bcec f14027f3 csrrs            x15, x0, 0xf14      x15=00000004
31727780ns          703656 1c00bcf0 01f00713 addi             x14, x0, 31         x14=0000001f
31727800ns          703657 1c00bcf2 ca5797b3 p.extractu       x15, x15, 5, 5      x15=00000000 x15:00000004
31727820ns          703658 1c00bcf6 00e78863 beq              x15, x14, 16        x15:00000000 x14:0000001f
31727840ns          703659 1c00bcfa 002047b7 lui              x15, 0x204000       x15=00204000
31727860ns          703660 1c00bcfe 20078793 addi             x15, x15, 512       x15=00204200 x15:00204000
31727880ns          703661 1c00bd02 01c7e703 p.elw            x14, 28(x15)        x14=00010000 x15:00204200  PA:0020421c
31728402ns          703687 1c00bd06 00008067 jalr             x0, x1, 0            x1:1c00a004
31728442ns          703689 1c00a004 a4aff06f jal              x0, -3510          
31729405ns          703737 1c00924e 31c12083 lw               x1, 796(x2)          x1=1c00bbd0  x2:100024d8  PA:100027f4
31729445ns          703739 1c009252 31812403 lw               x8, 792(x2)          x8=xxxxxxxx  x2:100024d8  PA:100027f0
31729465ns          703740 1c009256 00900533 add              x10, x0, x9         x10=00000000  x9:00000000
31729485ns          703741 1c009258 31012903 lw               x18, 784(x2)        x18=xxxxxxxx  x2:100024d8  PA:100027e8
31729506ns          703742 1c00925c 31412483 lw               x9, 788(x2)          x9=xxxxxxxx  x2:100024d8  PA:100027ec
31729927ns          703763 1c009260 30c12983 lw               x19, 780(x2)        x19=xxxxxxxx  x2:100024d8  PA:100027e4
31729967ns          703765 1c009264 30812a03 lw               x20, 776(x2)        x20=xxxxxxxx  x2:100024d8  PA:100027e0
31729987ns          703766 1c009268 30412a83 lw               x21, 772(x2)        x21=xxxxxxxx  x2:100024d8  PA:100027dc
31730007ns          703767 1c00926c 30012b03 lw               x22, 768(x2)        x22=xxxxxxxx  x2:100024d8  PA:100027d8
31730449ns          703789 1c009270 2fc12b83 lw               x23, 764(x2)        x23=xxxxxxxx  x2:100024d8  PA:100027d4
31730489ns          703791 1c009274 2f812c03 lw               x24, 760(x2)        x24=xxxxxxxx  x2:100024d8  PA:100027d0
31730509ns          703792 1c009278 2f412c83 lw               x25, 756(x2)        x25=xxxxxxxx  x2:100024d8  PA:100027cc
31730529ns          703793 1c00927c 2f012d03 lw               x26, 752(x2)        x26=xxxxxxxx  x2:100024d8  PA:100027c8
31730970ns          703815 1c009280 2ec12d83 lw               x27, 748(x2)        x27=xxxxxxxx  x2:100024d8  PA:100027c4
31731010ns          703817 1c009284 32010113 addi             x2, x2, 800          x2=100027f8  x2:100024d8
31731030ns          703818 1c009288 00008067 jalr             x0, x1, 0            x1:1c00bbd0
31731492ns          703841 1c00bbd0 f14027f3 csrrs            x15, x0, 0xf14      x15=00000004
31731532ns          703843 1c00bbd4 f457b7b3 p.bclr           x15, x15, 26, 5     x15=00000004 x15:00000004
31731552ns          703844 1c00bbd8 00079963 bne              x15, x0, 18         x15:00000004
31732074ns          703870 1c00bbea 002047b7 lui              x15, 0x204000       x15=00204000
31732515ns          703892 1c00bbee 00478713 addi             x14, x15, 4         x14=00204004 x15:00204000
31732535ns          703893 1c00bbf2 fff00693 addi             x13, x0, -1         x13=ffffffff
31732555ns          703894 1c00bbf4 00d72023 sw               x13, 0(x14)         x13:ffffffff x14:00204004  PA:00204004
