                Time          Cycles PC       Instr    Mnemonic
26618733ns          448174 1c008080 0640006f jal              x0, 100            
26619191ns          448197 1c0080e4 f1402573 csrrs            x10, x0, 0xf14      x10=00000006
26619230ns          448199 1c0080e8 01f57593 andi             x11, x10, 31        x11=00000006 x10:00000006
26619250ns          448200 1c0080ec 00555513 srli             x10, x10, 0x5       x10=00000000 x10:00000006
26619270ns          448201 1c0080ee 01f00613 addi             x12, x0, 31         x12=0000001f
26619688ns          448222 1c0080f0 00c50463 beq              x10, x12, 8         x10:00000000 x12:0000001f
26619728ns          448224 1c0080f4 fa1ff06f jal              x0, -96            
26620185ns          448247 1c008094 f3ff8117 auipc            x2, 0xf3ff8000       x2=10000094
26620225ns          448249 1c008098 f7010113 addi             x2, x2, -144         x2=10000004  x2:10000094
26620245ns          448250 1c00809c 00012103 lw               x2, 0(x2)            x2=10000008  x2:10000004  PA:10000004
26620682ns          448272 1c0080a0 000011b7 lui              x3, 0x1000           x3=00001000
26620722ns          448274 1c0080a4 80018193 addi             x3, x3, -2048        x3=00000800  x3:00001000
26620742ns          448275 1c0080a8 00158593 addi             x11, x11, 1         x11=00000007 x11:00000006
26620762ns          448276 1c0080ac 02b180b3 mul              x1, x3, x11          x1=00003800  x3:00000800 x11:00000007
26621199ns          448298 1c0080b0 00110133 add              x2, x2, x1           x2=10003808  x2:10000008  x1:00003800
26621239ns          448300 1c0080b4 2f10306f jal              x0, 15088          
26621716ns          448324 1c00bba4 002047b7 lui              x15, 0x204000       x15=00204000
26621756ns          448326 1c00bba8 ff010113 addi             x2, x2, -16          x2=100037f8  x2:10003808
26621776ns          448327 1c00bbaa 00112623 sw               x1, 12(x2)           x1:00003800  x2:100037f8  PA:10003804
26621796ns          448328 1c00bbac 00878713 addi             x14, x15, 8         x14=00204008 x15:00204000
26622214ns          448349 1c00bbb0 000706b7 lui              x13, 0x70000        x13=00070000
26622253ns          448351 1c00bbb4 00d72023 sw               x13, 0(x14)         x13:00070000 x14:00204008  PA:00204008
26622273ns          448352 1c00bbb6 20078693 addi             x13, x15, 512       x13=00204200 x15:00204000
26622293ns          448353 1c00bbba 0ff00713 addi             x14, x0, 255        x14=000000ff
26622313ns          448354 1c00bbbe 00e6a023 sw               x14, 0(x13)         x14:000000ff x13:00204200  PA:00204200
26622731ns          448375 1c00bbc0 20c78793 addi             x15, x15, 524       x15=0020420c x15:00204000
26622770ns          448377 1c00bbc4 00e7a023 sw               x14, 0(x15)         x14:000000ff x15:0020420c  PA:0020420c
26622790ns          448378 1c00bbc6 1c0037b7 lui              x15, 0x1c003000     x15=1c003000
26622810ns          448379 1c00bbca f447a783 lw               x15, -188(x15)      x15=1c009204 x15:1c003000  PA:1c002f44
26623268ns          448402 1c00bbce 000780e7 jalr             x1, x15, 0           x1=1c00bbd0 x15:1c009204
26623745ns          448426 1c009204 ce010113 addi             x2, x2, -800         x2=100034d8  x2:100037f8
26623785ns          448428 1c009208 f14027f3 csrrs            x15, x0, 0xf14      x15=00000006
26623805ns          448429 1c00920c 30112e23 sw               x1, 796(x2)          x1:1c00bbd0  x2:100034d8  PA:100037f4
26624262ns          448452 1c009210 30812c23 sw               x8, 792(x2)          x8:xxxxxxxx  x2:100034d8  PA:100037f0
26624302ns          448454 1c009214 30912a23 sw               x9, 788(x2)          x9:xxxxxxxx  x2:100034d8  PA:100037ec
26624322ns          448455 1c009218 31212823 sw               x18, 784(x2)        x18:xxxxxxxx  x2:100034d8  PA:100037e8
26624342ns          448456 1c00921c 31312623 sw               x19, 780(x2)        x19:xxxxxxxx  x2:100034d8  PA:100037e4
26624779ns          448478 1c009220 31412423 sw               x20, 776(x2)        x20:xxxxxxxx  x2:100034d8  PA:100037e0
26624819ns          448480 1c009224 31512223 sw               x21, 772(x2)        x21:xxxxxxxx  x2:100034d8  PA:100037dc
26624839ns          448481 1c009228 31612023 sw               x22, 768(x2)        x22:xxxxxxxx  x2:100034d8  PA:100037d8
26624859ns          448482 1c00922c 2f712e23 sw               x23, 764(x2)        x23:xxxxxxxx  x2:100034d8  PA:100037d4
26625296ns          448504 1c009230 2f812c23 sw               x24, 760(x2)        x24:xxxxxxxx  x2:100034d8  PA:100037d0
26625336ns          448506 1c009234 2f912a23 sw               x25, 756(x2)        x25:xxxxxxxx  x2:100034d8  PA:100037cc
26625356ns          448507 1c009238 2fa12823 sw               x26, 752(x2)        x26:xxxxxxxx  x2:100034d8  PA:100037c8
26625376ns          448508 1c00923c 2fb12623 sw               x27, 748(x2)        x27:xxxxxxxx  x2:100034d8  PA:100037c4
26625813ns          448530 1c009240 ca579733 p.extractu       x14, x15, 5, 5      x14=00000000 x15:00000006
26625853ns          448532 1c009244 04070363 beq              x14, x0, 70         x14:00000000
26626370ns          448558 1c00928a f457b7b3 p.bclr           x15, x15, 26, 5     x15=00000006 x15:00000006
26626808ns          448580 1c00928e 1c000537 lui              x10, 0x1c000000     x10=1c000000
26626828ns          448581 1c009292 00f005b3 add              x11, x0, x15        x11=00000006 x15:00000006
26626847ns          448582 1c009294 00800613 addi             x12, x0, 8          x12=00000008
26626867ns          448583 1c009296 07050513 addi             x10, x10, 112       x10=1c000070 x10:1c000000
26626887ns          448584 1c00929a 0af12623 sw               x15, 172(x2)        x15:00000006  x2:100034d8  PA:10003584
26626907ns          448585 1c00929c 7c0010ef jal              x1, 6080             x1=1c0092a0
26627782ns          448629 1c00aa5c fc010113 addi             x2, x2, -64          x2=10003498  x2:100034d8
26628259ns          448653 1c00aa5e 02410313 addi             x6, x2, 36           x6=100034bc  x2:10003498
26628279ns          448654 1c00aa62 02c12423 sw               x12, 40(x2)         x12:00000008  x2:10003498  PA:100034c0
26628299ns          448655 1c00aa64 00a00633 add              x12, x0, x10        x12=1c000070 x10:1c000070
26628319ns          448656 1c00aa66 1c00b537 lui              x10, 0x1c00b000     x10=1c00b000
26628339ns          448657 1c00aa6a 02b12223 sw               x11, 36(x2)         x11:00000006  x2:10003498  PA:100034bc
26628359ns          448658 1c00aa6c 02d12623 sw               x13, 44(x2)         x13:00204200  x2:10003498  PA:100034c4
26628379ns          448659 1c00aa6e 00200593 addi             x11, x0, 2          x11=00000002
26628777ns          448679 1c00aa70 006006b3 add              x13, x0, x6         x13=100034bc  x6:100034bc
26628816ns          448681 1c00aa72 a1850513 addi             x10, x10, -1512     x10=1c00aa18 x10:1c00b000
26628836ns          448682 1c00aa76 00112e23 sw               x1, 28(x2)           x1:1c0092a0  x2:10003498  PA:100034b4
26628856ns          448683 1c00aa78 02e12823 sw               x14, 48(x2)         x14:00000000  x2:10003498  PA:100034c8
26628876ns          448684 1c00aa7a 02f12a23 sw               x15, 52(x2)         x15:00000006  x2:10003498  PA:100034cc
26628896ns          448685 1c00aa7c 03012c23 sw               x16, 56(x2)         x16:xxxxxxxx  x2:10003498  PA:100034d0
26628916ns          448686 1c00aa7e 03112e23 sw               x17, 60(x2)         x17:xxxxxxxx  x2:10003498  PA:100034d4
26629294ns          448705 1c00aa80 00612623 sw               x6, 12(x2)           x6:100034bc  x2:10003498  PA:100034a4
26629314ns          448706 1c00aa82 fbfff0ef jal              x1, -66              x1=1c00aa84
26629771ns          448729 1c00aa40 04a0006f jal              x0, 74             
26629811ns          448731 1c00aa8a ed010113 addi             x2, x2, -304         x2=10003368  x2:10003498
26629831ns          448732 1c00aa8c 12812423 sw               x8, 296(x2)          x8:xxxxxxxx  x2:10003368  PA:10003490
26630268ns          448754 1c00aa90 00000413 addi             x8, x0, 0            x8=00000000
26630308ns          448756 1c00aa92 11612823 sw               x22, 272(x2)        x22:xxxxxxxx  x2:10003368  PA:10003478
26630328ns          448757 1c00aa96 11712623 sw               x23, 268(x2)        x23:xxxxxxxx  x2:10003368  PA:10003474
26630348ns          448758 1c00aa9a 11812423 sw               x24, 264(x2)        x24:xxxxxxxx  x2:10003368  PA:10003470
26630785ns          448780 1c00aa9e 11912223 sw               x25, 260(x2)        x25:xxxxxxxx  x2:10003368  PA:1000346c
26630825ns          448782 1c00aaa2 11a12023 sw               x26, 256(x2)        x26:xxxxxxxx  x2:10003368  PA:10003468
26630845ns          448783 1c00aaa6 0fb12e23 sw               x27, 252(x2)        x27:xxxxxxxx  x2:10003368  PA:10003464
26630865ns          448784 1c00aaa8 12112623 sw               x1, 300(x2)          x1:1c00aa84  x2:10003368  PA:10003494
26630885ns          448785 1c00aaac 00800db3 add              x27, x0, x8         x27=00000000  x8:00000000
26631302ns          448806 1c00aaae 12912223 sw               x9, 292(x2)          x9:xxxxxxxx  x2:10003368  PA:1000348c
26631342ns          448808 1c00aab2 13212023 sw               x18, 288(x2)        x18:xxxxxxxx  x2:10003368  PA:10003488
26631362ns          448809 1c00aab6 11312e23 sw               x19, 284(x2)        x19:xxxxxxxx  x2:10003368  PA:10003484
26631382ns          448810 1c00aaba 11412c23 sw               x20, 280(x2)        x20:xxxxxxxx  x2:10003368  PA:10003480
26631819ns          448832 1c00aabe 11512a23 sw               x21, 276(x2)        x21:xxxxxxxx  x2:10003368  PA:1000347c
26631839ns          448833 1c00aac2 00a00b33 add              x22, x0, x10        x22=1c00aa18 x10:1c00aa18
26631859ns          448834 1c00aac4 00b00d33 add              x26, x0, x11        x26=00000002 x11:00000002
26631879ns          448835 1c00aac6 00d00c33 add              x24, x0, x13        x24=100034bc x13:100034bc
26631899ns          448836 1c00aac8 1c000bb7 lui              x23, 0x1c000000     x23=1c000000
26631919ns          448837 1c00aacc 02410c93 addi             x25, x2, 36         x25=1000338c  x2:10003368
26632356ns          448859 1c00aad0 00c00433 add              x8, x0, x12          x8=1c000070 x12:1c000070
26632396ns          448861 1c00aad2 00044503 lbu              x10, 0(x8)          x10=00000043  x8:1c000070  PA:1c000070
26632814ns          448882 1c00aad6 00140413 addi             x8, x8, 1            x8=1c000071  x8:1c000070
26632834ns          448883 1c00aad8 00050e63 beq              x10, x0, 28         x10:00000043
26632854ns          448884 1c00aada 02500793 addi             x15, x0, 37         x15=00000025
26632893ns          448886 1c00aade 04f50863 beq              x10, x15, 80        x10:00000043 x15:00000025
26632913ns          448887 1c00aae2 01a005b3 add              x11, x0, x26        x11=00000002 x26:00000002
26632933ns          448888 1c00aae4 000b00e7 jalr             x1, x22, 0           x1=1c00aae6 x22:1c00aa18
26633391ns          448911 1c00aa18 000026b7 lui              x13, 0x2000         x13=00002000
26633430ns          448913 1c00aa1a f14027f3 csrrs            x15, x0, 0xf14      x15=00000006
26633868ns          448935 1c00aa1e f8068693 addi             x13, x13, -128      x13=00001f80 x13:00002000
26633908ns          448937 1c00aa22 00379713 slli             x14, x15, 0x3       x14=00000030 x15:00000006
26633928ns          448938 1c00aa26 00279793 slli             x15, x15, 0x2       x15=00000018 x15:00000006
26633947ns          448939 1c00aa28 00d7f7b3 and              x15, x15, x13       x15=00000000 x15:00000018 x13:00001f80
26633967ns          448940 1c00aa2a ee873733 p.bclr           x14, x14, 23, 8     x14=00000030 x14:00000030
26634385ns          448961 1c00aa2e 1a10f6b7 lui              x13, 0x1a10f000     x13=1a10f000
26634425ns          448963 1c00aa32 0ff57513 andi             x10, x10, 255       x10=00000043 x10:00000043
26634445ns          448964 1c00aa36 00d70733 add              x14, x14, x13       x14=1a10f030 x14:00000030 x13:1a10f000
26634465ns          448965 1c00aa38 00a7e723 p.sw             x10, x0(x15)        x10:00000043 x15:00000000  PA:1a10f030
26635121ns          448998 1c00aa3c 00000513 addi             x10, x0, 0          x10=00000000
26635141ns          448999 1c00aa3e 00008067 jalr             x0, x1, 0            x1:1c00aae6
26635200ns          449002 1c00aae6 25f52163 p.beqimm         x10, 578            x10:00000000
26635220ns          449003 1c00aaea 001d8d93 addi             x27, x27, 1         x27=00000001 x27:00000000
26635240ns          449004 1c00aaec 00044503 lbu              x10, 0(x8)          x10=0000006f  x8:1c000071  PA:1c000071
26635558ns          449020 1c00aaf0 00140413 addi             x8, x8, 1            x8=1c000072  x8:1c000071
26635578ns          449021 1c00aaf2 fe0514e3 bne              x10, x0, -24        x10:0000006f
26635658ns          449025 1c00aada 02500793 addi             x15, x0, 37         x15=00000025
26635678ns          449026 1c00aade 04f50863 beq              x10, x15, 80        x10:0000006f x15:00000025
26635698ns          449027 1c00aae2 01a005b3 add              x11, x0, x26        x11=00000002 x26:00000002
26635717ns          449028 1c00aae4 000b00e7 jalr             x1, x22, 0           x1=1c00aae6 x22:1c00aa18
26635757ns          449030 1c00aa18 000026b7 lui              x13, 0x2000         x13=00002000
26635777ns          449031 1c00aa1a f14027f3 csrrs            x15, x0, 0xf14      x15=00000006
26635797ns          449032 1c00aa1e f8068693 addi             x13, x13, -128      x13=00001f80 x13:00002000
26635817ns          449033 1c00aa22 00379713 slli             x14, x15, 0x3       x14=00000030 x15:00000006
26635837ns          449034 1c00aa26 00279793 slli             x15, x15, 0x2       x15=00000018 x15:00000006
26635857ns          449035 1c00aa28 00d7f7b3 and              x15, x15, x13       x15=00000000 x15:00000018 x13:00001f80
26635877ns          449036 1c00aa2a ee873733 p.bclr           x14, x14, 23, 8     x14=00000030 x14:00000030
26635896ns          449037 1c00aa2e 1a10f6b7 lui              x13, 0x1a10f000     x13=1a10f000
26635916ns          449038 1c00aa32 0ff57513 andi             x10, x10, 255       x10=0000006f x10:0000006f
26635936ns          449039 1c00aa36 00d70733 add              x14, x14, x13       x14=1a10f030 x14:00000030 x13:1a10f000
26635956ns          449040 1c00aa38 00a7e723 p.sw             x10, x0(x15)        x10:0000006f x15:00000000  PA:1a10f030
26636334ns          449059 1c00aa3c 00000513 addi             x10, x0, 0          x10=00000000
26636354ns          449060 1c00aa3e 00008067 jalr             x0, x1, 0            x1:1c00aae6
26636414ns          449063 1c00aae6 25f52163 p.beqimm         x10, 578            x10:00000000
26636433ns          449064 1c00aaea 001d8d93 addi             x27, x27, 1         x27=00000002 x27:00000001
26636453ns          449065 1c00aaec 00044503 lbu              x10, 0(x8)          x10=00000072  x8:1c000072  PA:1c000072
26636752ns          449080 1c00aaf0 00140413 addi             x8, x8, 1            x8=1c000073  x8:1c000072
26636772ns          449081 1c00aaf2 fe0514e3 bne              x10, x0, -24        x10:00000072
26636851ns          449085 1c00aada 02500793 addi             x15, x0, 37         x15=00000025
26636871ns          449086 1c00aade 04f50863 beq              x10, x15, 80        x10:00000072 x15:00000025
26636891ns          449087 1c00aae2 01a005b3 add              x11, x0, x26        x11=00000002 x26:00000002
26636911ns          449088 1c00aae4 000b00e7 jalr             x1, x22, 0           x1=1c00aae6 x22:1c00aa18
26636951ns          449090 1c00aa18 000026b7 lui              x13, 0x2000         x13=00002000
26636970ns          449091 1c00aa1a f14027f3 csrrs            x15, x0, 0xf14      x15=00000006
26636990ns          449092 1c00aa1e f8068693 addi             x13, x13, -128      x13=00001f80 x13:00002000
26637010ns          449093 1c00aa22 00379713 slli             x14, x15, 0x3       x14=00000030 x15:00000006
26637030ns          449094 1c00aa26 00279793 slli             x15, x15, 0x2       x15=00000018 x15:00000006
26637050ns          449095 1c00aa28 00d7f7b3 and              x15, x15, x13       x15=00000000 x15:00000018 x13:00001f80
26637070ns          449096 1c00aa2a ee873733 p.bclr           x14, x14, 23, 8     x14=00000030 x14:00000030
26637090ns          449097 1c00aa2e 1a10f6b7 lui              x13, 0x1a10f000     x13=1a10f000
26637110ns          449098 1c00aa32 0ff57513 andi             x10, x10, 255       x10=00000072 x10:00000072
26637130ns          449099 1c00aa36 00d70733 add              x14, x14, x13       x14=1a10f030 x14:00000030 x13:1a10f000
26637149ns          449100 1c00aa38 00a7e723 p.sw             x10, x0(x15)        x10:00000072 x15:00000000  PA:1a10f030
26637488ns          449117 1c00aa3c 00000513 addi             x10, x0, 0          x10=00000000
26637507ns          449118 1c00aa3e 00008067 jalr             x0, x1, 0            x1:1c00aae6
26637567ns          449121 1c00aae6 25f52163 p.beqimm         x10, 578            x10:00000000
26637587ns          449122 1c00aaea 001d8d93 addi             x27, x27, 1         x27=00000003 x27:00000002
26637607ns          449123 1c00aaec 00044503 lbu              x10, 0(x8)          x10=00000065  x8:1c000073  PA:1c000073
26637905ns          449138 1c00aaf0 00140413 addi             x8, x8, 1            x8=1c000074  x8:1c000073
26637925ns          449139 1c00aaf2 fe0514e3 bne              x10, x0, -24        x10:00000065
26638005ns          449143 1c00aada 02500793 addi             x15, x0, 37         x15=00000025
26638024ns          449144 1c00aade 04f50863 beq              x10, x15, 80        x10:00000065 x15:00000025
26638044ns          449145 1c00aae2 01a005b3 add              x11, x0, x26        x11=00000002 x26:00000002
26638064ns          449146 1c00aae4 000b00e7 jalr             x1, x22, 0           x1=1c00aae6 x22:1c00aa18
26638104ns          449148 1c00aa18 000026b7 lui              x13, 0x2000         x13=00002000
26638124ns          449149 1c00aa1a f14027f3 csrrs            x15, x0, 0xf14      x15=00000006
26638144ns          449150 1c00aa1e f8068693 addi             x13, x13, -128      x13=00001f80 x13:00002000
26638164ns          449151 1c00aa22 00379713 slli             x14, x15, 0x3       x14=00000030 x15:00000006
26638184ns          449152 1c00aa26 00279793 slli             x15, x15, 0x2       x15=00000018 x15:00000006
26638203ns          449153 1c00aa28 00d7f7b3 and              x15, x15, x13       x15=00000000 x15:00000018 x13:00001f80
26638223ns          449154 1c00aa2a ee873733 p.bclr           x14, x14, 23, 8     x14=00000030 x14:00000030
26638243ns          449155 1c00aa2e 1a10f6b7 lui              x13, 0x1a10f000     x13=1a10f000
26638263ns          449156 1c00aa32 0ff57513 andi             x10, x10, 255       x10=00000065 x10:00000065
26638283ns          449157 1c00aa36 00d70733 add              x14, x14, x13       x14=1a10f030 x14:00000030 x13:1a10f000
26638303ns          449158 1c00aa38 00a7e723 p.sw             x10, x0(x15)        x10:00000065 x15:00000000  PA:1a10f030
26638641ns          449175 1c00aa3c 00000513 addi             x10, x0, 0          x10=00000000
26638661ns          449176 1c00aa3e 00008067 jalr             x0, x1, 0            x1:1c00aae6
26638721ns          449179 1c00aae6 25f52163 p.beqimm         x10, 578            x10:00000000
26638740ns          449180 1c00aaea 001d8d93 addi             x27, x27, 1         x27=00000004 x27:00000003
26638760ns          449181 1c00aaec 00044503 lbu              x10, 0(x8)          x10=00000020  x8:1c000074  PA:1c000074
26639059ns          449196 1c00aaf0 00140413 addi             x8, x8, 1            x8=1c000075  x8:1c000074
26639079ns          449197 1c00aaf2 fe0514e3 bne              x10, x0, -24        x10:00000020
26639158ns          449201 1c00aada 02500793 addi             x15, x0, 37         x15=00000025
26639178ns          449202 1c00aade 04f50863 beq              x10, x15, 80        x10:00000020 x15:00000025
26639198ns          449203 1c00aae2 01a005b3 add              x11, x0, x26        x11=00000002 x26:00000002
26639218ns          449204 1c00aae4 000b00e7 jalr             x1, x22, 0           x1=1c00aae6 x22:1c00aa18
26639258ns          449206 1c00aa18 000026b7 lui              x13, 0x2000         x13=00002000
26639277ns          449207 1c00aa1a f14027f3 csrrs            x15, x0, 0xf14      x15=00000006
26639297ns          449208 1c00aa1e f8068693 addi             x13, x13, -128      x13=00001f80 x13:00002000
26639317ns          449209 1c00aa22 00379713 slli             x14, x15, 0x3       x14=00000030 x15:00000006
26639337ns          449210 1c00aa26 00279793 slli             x15, x15, 0x2       x15=00000018 x15:00000006
26639357ns          449211 1c00aa28 00d7f7b3 and              x15, x15, x13       x15=00000000 x15:00000018 x13:00001f80
26639377ns          449212 1c00aa2a ee873733 p.bclr           x14, x14, 23, 8     x14=00000030 x14:00000030
26639397ns          449213 1c00aa2e 1a10f6b7 lui              x13, 0x1a10f000     x13=1a10f000
26639417ns          449214 1c00aa32 0ff57513 andi             x10, x10, 255       x10=00000020 x10:00000020
26639437ns          449215 1c00aa36 00d70733 add              x14, x14, x13       x14=1a10f030 x14:00000030 x13:1a10f000
26639456ns          449216 1c00aa38 00a7e723 p.sw             x10, x0(x15)        x10:00000020 x15:00000000  PA:1a10f030
26639775ns          449232 1c00aa3c 00000513 addi             x10, x0, 0          x10=00000000
26639795ns          449233 1c00aa3e 00008067 jalr             x0, x1, 0            x1:1c00aae6
26639854ns          449236 1c00aae6 25f52163 p.beqimm         x10, 578            x10:00000000
26639874ns          449237 1c00aaea 001d8d93 addi             x27, x27, 1         x27=00000005 x27:00000004
26639894ns          449238 1c00aaec 00044503 lbu              x10, 0(x8)          x10=00000049  x8:1c000075  PA:1c000075
26640192ns          449253 1c00aaf0 00140413 addi             x8, x8, 1            x8=1c000076  x8:1c000075
26640212ns          449254 1c00aaf2 fe0514e3 bne              x10, x0, -24        x10:00000049
26640292ns          449258 1c00aada 02500793 addi             x15, x0, 37         x15=00000025
26640312ns          449259 1c00aade 04f50863 beq              x10, x15, 80        x10:00000049 x15:00000025
26640332ns          449260 1c00aae2 01a005b3 add              x11, x0, x26        x11=00000002 x26:00000002
26640351ns          449261 1c00aae4 000b00e7 jalr             x1, x22, 0           x1=1c00aae6 x22:1c00aa18
26640391ns          449263 1c00aa18 000026b7 lui              x13, 0x2000         x13=00002000
26640411ns          449264 1c00aa1a f14027f3 csrrs            x15, x0, 0xf14      x15=00000006
26640431ns          449265 1c00aa1e f8068693 addi             x13, x13, -128      x13=00001f80 x13:00002000
26640451ns          449266 1c00aa22 00379713 slli             x14, x15, 0x3       x14=00000030 x15:00000006
26640471ns          449267 1c00aa26 00279793 slli             x15, x15, 0x2       x15=00000018 x15:00000006
26640491ns          449268 1c00aa28 00d7f7b3 and              x15, x15, x13       x15=00000000 x15:00000018 x13:00001f80
26640510ns          449269 1c00aa2a ee873733 p.bclr           x14, x14, 23, 8     x14=00000030 x14:00000030
26640530ns          449270 1c00aa2e 1a10f6b7 lui              x13, 0x1a10f000     x13=1a10f000
26640550ns          449271 1c00aa32 0ff57513 andi             x10, x10, 255       x10=00000049 x10:00000049
26640570ns          449272 1c00aa36 00d70733 add              x14, x14, x13       x14=1a10f030 x14:00000030 x13:1a10f000
26640590ns          449273 1c00aa38 00a7e723 p.sw             x10, x0(x15)        x10:00000049 x15:00000000  PA:1a10f030
26640928ns          449290 1c00aa3c 00000513 addi             x10, x0, 0          x10=00000000
26640948ns          449291 1c00aa3e 00008067 jalr             x0, x1, 0            x1:1c00aae6
26641008ns          449294 1c00aae6 25f52163 p.beqimm         x10, 578            x10:00000000
26641028ns          449295 1c00aaea 001d8d93 addi             x27, x27, 1         x27=00000006 x27:00000005
26641047ns          449296 1c00aaec 00044503 lbu              x10, 0(x8)          x10=00000044  x8:1c000076  PA:1c000076
26641366ns          449312 1c00aaf0 00140413 addi             x8, x8, 1            x8=1c000077  x8:1c000076
26641386ns          449313 1c00aaf2 fe0514e3 bne              x10, x0, -24        x10:00000044
26641465ns          449317 1c00aada 02500793 addi             x15, x0, 37         x15=00000025
26641485ns          449318 1c00aade 04f50863 beq              x10, x15, 80        x10:00000044 x15:00000025
26641505ns          449319 1c00aae2 01a005b3 add              x11, x0, x26        x11=00000002 x26:00000002
26641525ns          449320 1c00aae4 000b00e7 jalr             x1, x22, 0           x1=1c00aae6 x22:1c00aa18
26641565ns          449322 1c00aa18 000026b7 lui              x13, 0x2000         x13=00002000
26641584ns          449323 1c00aa1a f14027f3 csrrs            x15, x0, 0xf14      x15=00000006
26641604ns          449324 1c00aa1e f8068693 addi             x13, x13, -128      x13=00001f80 x13:00002000
26641624ns          449325 1c00aa22 00379713 slli             x14, x15, 0x3       x14=00000030 x15:00000006
26641644ns          449326 1c00aa26 00279793 slli             x15, x15, 0x2       x15=00000018 x15:00000006
26641664ns          449327 1c00aa28 00d7f7b3 and              x15, x15, x13       x15=00000000 x15:00000018 x13:00001f80
26641684ns          449328 1c00aa2a ee873733 p.bclr           x14, x14, 23, 8     x14=00000030 x14:00000030
26641704ns          449329 1c00aa2e 1a10f6b7 lui              x13, 0x1a10f000     x13=1a10f000
26641724ns          449330 1c00aa32 0ff57513 andi             x10, x10, 255       x10=00000044 x10:00000044
26641744ns          449331 1c00aa36 00d70733 add              x14, x14, x13       x14=1a10f030 x14:00000030 x13:1a10f000
26641763ns          449332 1c00aa38 00a7e723 p.sw             x10, x0(x15)        x10:00000044 x15:00000000  PA:1a10f030
26642102ns          449349 1c00aa3c 00000513 addi             x10, x0, 0          x10=00000000
26642121ns          449350 1c00aa3e 00008067 jalr             x0, x1, 0            x1:1c00aae6
26642181ns          449353 1c00aae6 25f52163 p.beqimm         x10, 578            x10:00000000
26642201ns          449354 1c00aaea 001d8d93 addi             x27, x27, 1         x27=00000007 x27:00000006
26642221ns          449355 1c00aaec 00044503 lbu              x10, 0(x8)          x10=0000003a  x8:1c000077  PA:1c000077
26642519ns          449370 1c00aaf0 00140413 addi             x8, x8, 1            x8=1c000078  x8:1c000077
26642539ns          449371 1c00aaf2 fe0514e3 bne              x10, x0, -24        x10:0000003a
26642619ns          449375 1c00aada 02500793 addi             x15, x0, 37         x15=00000025
26642639ns          449376 1c00aade 04f50863 beq              x10, x15, 80        x10:0000003a x15:00000025
26642658ns          449377 1c00aae2 01a005b3 add              x11, x0, x26        x11=00000002 x26:00000002
26642678ns          449378 1c00aae4 000b00e7 jalr             x1, x22, 0           x1=1c00aae6 x22:1c00aa18
26642718ns          449380 1c00aa18 000026b7 lui              x13, 0x2000         x13=00002000
26642738ns          449381 1c00aa1a f14027f3 csrrs            x15, x0, 0xf14      x15=00000006
26642758ns          449382 1c00aa1e f8068693 addi             x13, x13, -128      x13=00001f80 x13:00002000
26642778ns          449383 1c00aa22 00379713 slli             x14, x15, 0x3       x14=00000030 x15:00000006
26642798ns          449384 1c00aa26 00279793 slli             x15, x15, 0x2       x15=00000018 x15:00000006
26642818ns          449385 1c00aa28 00d7f7b3 and              x15, x15, x13       x15=00000000 x15:00000018 x13:00001f80
26642837ns          449386 1c00aa2a ee873733 p.bclr           x14, x14, 23, 8     x14=00000030 x14:00000030
26642857ns          449387 1c00aa2e 1a10f6b7 lui              x13, 0x1a10f000     x13=1a10f000
26642877ns          449388 1c00aa32 0ff57513 andi             x10, x10, 255       x10=0000003a x10:0000003a
26642897ns          449389 1c00aa36 00d70733 add              x14, x14, x13       x14=1a10f030 x14:00000030 x13:1a10f000
26642917ns          449390 1c00aa38 00a7e723 p.sw             x10, x0(x15)        x10:0000003a x15:00000000  PA:1a10f030
26643255ns          449407 1c00aa3c 00000513 addi             x10, x0, 0          x10=00000000
26643275ns          449408 1c00aa3e 00008067 jalr             x0, x1, 0            x1:1c00aae6
26643335ns          449411 1c00aae6 25f52163 p.beqimm         x10, 578            x10:00000000
26643354ns          449412 1c00aaea 001d8d93 addi             x27, x27, 1         x27=00000008 x27:00000007
26643374ns          449413 1c00aaec 00044503 lbu              x10, 0(x8)          x10=00000020  x8:1c000078  PA:1c000078
26643673ns          449428 1c00aaf0 00140413 addi             x8, x8, 1            x8=1c000079  x8:1c000078
26643693ns          449429 1c00aaf2 fe0514e3 bne              x10, x0, -24        x10:00000020
26643772ns          449433 1c00aada 02500793 addi             x15, x0, 37         x15=00000025
26643792ns          449434 1c00aade 04f50863 beq              x10, x15, 80        x10:00000020 x15:00000025
26643812ns          449435 1c00aae2 01a005b3 add              x11, x0, x26        x11=00000002 x26:00000002
26643832ns          449436 1c00aae4 000b00e7 jalr             x1, x22, 0           x1=1c00aae6 x22:1c00aa18
26643872ns          449438 1c00aa18 000026b7 lui              x13, 0x2000         x13=00002000
26643891ns          449439 1c00aa1a f14027f3 csrrs            x15, x0, 0xf14      x15=00000006
26643911ns          449440 1c00aa1e f8068693 addi             x13, x13, -128      x13=00001f80 x13:00002000
26643931ns          449441 1c00aa22 00379713 slli             x14, x15, 0x3       x14=00000030 x15:00000006
26643951ns          449442 1c00aa26 00279793 slli             x15, x15, 0x2       x15=00000018 x15:00000006
26643971ns          449443 1c00aa28 00d7f7b3 and              x15, x15, x13       x15=00000000 x15:00000018 x13:00001f80
26643991ns          449444 1c00aa2a ee873733 p.bclr           x14, x14, 23, 8     x14=00000030 x14:00000030
26644011ns          449445 1c00aa2e 1a10f6b7 lui              x13, 0x1a10f000     x13=1a10f000
26644031ns          449446 1c00aa32 0ff57513 andi             x10, x10, 255       x10=00000020 x10:00000020
26644051ns          449447 1c00aa36 00d70733 add              x14, x14, x13       x14=1a10f030 x14:00000030 x13:1a10f000
26644070ns          449448 1c00aa38 00a7e723 p.sw             x10, x0(x15)        x10:00000020 x15:00000000  PA:1a10f030
26644409ns          449465 1c00aa3c 00000513 addi             x10, x0, 0          x10=00000000
26644428ns          449466 1c00aa3e 00008067 jalr             x0, x1, 0            x1:1c00aae6
26644488ns          449469 1c00aae6 25f52163 p.beqimm         x10, 578            x10:00000000
26644508ns          449470 1c00aaea 001d8d93 addi             x27, x27, 1         x27=00000009 x27:00000008
26644528ns          449471 1c00aaec 00044503 lbu              x10, 0(x8)          x10=00000025  x8:1c000079  PA:1c000079
26644826ns          449486 1c00aaf0 00140413 addi             x8, x8, 1            x8=1c00007a  x8:1c000079
26644846ns          449487 1c00aaf2 fe0514e3 bne              x10, x0, -24        x10:00000025
26644926ns          449491 1c00aada 02500793 addi             x15, x0, 37         x15=00000025
26644946ns          449492 1c00aade 04f50863 beq              x10, x15, 80        x10:00000025 x15:00000025
26645622ns          449526 1c00ab2e 00044483 lbu              x9, 0(x8)            x9=00000064  x8:1c00007a  PA:1c00007a
26646099ns          449550 1c00ab32 02000693 addi             x13, x0, 32         x13=00000020
26646119ns          449551 1c00ab36 00140a93 addi             x21, x8, 1          x21=1c00007b  x8:1c00007a
26646139ns          449552 1c00ab3a 009005b3 add              x11, x0, x9         x11=00000064  x9:00000064
26646159ns          449553 1c00ab3c 610b8513 addi             x10, x23, 1552      x10=1c000610 x23:1c000000
26646437ns          449567 1c00ab40 00d12823 sw               x13, 16(x2)         x13:00000020  x2:10003368  PA:10003378
26646457ns          449568 1c00ab42 00012c23 sw               x0, 24(x2)           x2:10003368  PA:10003380
26646477ns          449569 1c00ab44 00012a23 sw               x0, 20(x2)           x2:10003368  PA:1000337c
26646497ns          449570 1c00ab46 00012e23 sw               x0, 28(x2)           x2:10003368  PA:10003384
26646517ns          449571 1c00ab48 00012623 sw               x0, 12(x2)           x2:10003368  PA:10003374
26646537ns          449572 1c00ab4a 02300913 addi             x18, x0, 35         x18=00000023
26646954ns          449593 1c00ab4e 02d00a13 addi             x20, x0, 45         x20=0000002d
26646974ns          449594 1c00ab52 015009b3 add              x19, x0, x21        x19=1c00007b x21:1c00007b
26646994ns          449595 1c00ab54 e45ff0ef jal              x1, -444             x1=1c00ab56
26647451ns          449618 1c00a998 00054783 lbu              x15, 0(x10)         x15=0000002d x10:1c000610  PA:1c000610
26647929ns          449642 1c00a99c 0ff5f593 andi             x11, x11, 255       x11=00000064 x11:00000064
26647968ns          449644 1c00a9a0 00b78c63 beq              x15, x11, 24        x15:0000002d x11:00000064
26648008ns          449646 1c00a9a4 00078b63 beq              x15, x0, 22         x15:0000002d
26648028ns          449647 1c00a9a6 00150793 addi             x15, x10, 1         x15=1c000611 x10:1c000610
26648048ns          449648 1c00a9aa 0040006f jal              x0, 4              
26648525ns          449672 1c00a9ae 00f00533 add              x10, x0, x15        x10=1c000611 x15:1c000611
26648545ns          449673 1c00a9b0 0017c70b p.lbu            x14, 1(x15!)        x14=0000002b x15=1c000612 x15:1c000611  PA:1c000611
26648983ns          449695 1c00a9b4 feb71ce3 bne              x14, x11, -8        x14:0000002b x11:00000064
26649082ns          449700 1c00a9ac 00070763 beq              x14, x0, 14         x14:0000002b
26649102ns          449701 1c00a9ae 00f00533 add              x10, x0, x15        x10=1c000612 x15:1c000612
26649122ns          449702 1c00a9b0 0017c70b p.lbu            x14, 1(x15!)        x14=00000020 x15=1c000613 x15:1c000612  PA:1c000612
26649440ns          449718 1c00a9b4 feb71ce3 bne              x14, x11, -8        x14:00000020 x11:00000064
26649500ns          449721 1c00a9ac 00070763 beq              x14, x0, 14         x14:00000020
26649520ns          449722 1c00a9ae 00f00533 add              x10, x0, x15        x10=1c000613 x15:1c000613
26649540ns          449723 1c00a9b0 0017c70b p.lbu            x14, 1(x15!)        x14=00000023 x15=1c000614 x15:1c000613  PA:1c000613
26649858ns          449739 1c00a9b4 feb71ce3 bne              x14, x11, -8        x14:00000023 x11:00000064
26649918ns          449742 1c00a9ac 00070763 beq              x14, x0, 14         x14:00000023
26649937ns          449743 1c00a9ae 00f00533 add              x10, x0, x15        x10=1c000614 x15:1c000614
26649957ns          449744 1c00a9b0 0017c70b p.lbu            x14, 1(x15!)        x14=00000030 x15=1c000615 x15:1c000614  PA:1c000614
26650276ns          449760 1c00a9b4 feb71ce3 bne              x14, x11, -8        x14:00000030 x11:00000064
26650335ns          449763 1c00a9ac 00070763 beq              x14, x0, 14         x14:00000030
26650355ns          449764 1c00a9ae 00f00533 add              x10, x0, x15        x10=1c000615 x15:1c000615
26650375ns          449765 1c00a9b0 0017c70b p.lbu            x14, 1(x15!)        x14=00000000 x15=1c000616 x15:1c000615  PA:1c000615
26650713ns          449782 1c00a9b4 feb71ce3 bne              x14, x11, -8        x14:00000000 x11:00000064
26650773ns          449785 1c00a9ac 00070763 beq              x14, x0, 14         x14:00000000
26650852ns          449789 1c00a9ba 0015b593 sltiu            x11, x11, 1         x11=00000000 x11:00000064
26650872ns          449790 1c00a9be 40b005b3 sub              x11, x0, x11        x11=00000000 x11:00000000
26650892ns          449791 1c00a9c2 00b57533 and              x10, x10, x11       x10=00000000 x10:1c000615 x11:00000000
26650912ns          449792 1c00a9c4 00008067 jalr             x0, x1, 0            x1:1c00ab56
26650952ns          449794 1c00ab56 02050a63 beq              x10, x0, 52         x10:00000000
26651469ns          449820 1c00ab8a 02a00613 addi             x12, x0, 42         x12=0000002a
26651926ns          449843 1c00ab8e 1ec48c63 beq              x9, x12, 504         x9:00000064 x12:0000002a
26651966ns          449845 1c00ab92 fd048613 addi             x12, x9, -48        x12=00000034  x9:00000064
26651986ns          449846 1c00ab96 00900593 addi             x11, x0, 9          x11=00000009
26652006ns          449847 1c00ab98 00000913 addi             x18, x0, 0          x18=00000000
26652026ns          449848 1c00ab9a 1cc5f663 bgeu             x11, x12, 460       x11:00000009 x12:00000034
26652443ns          449869 1c00ab9e 02e00693 addi             x13, x0, 46         x13=0000002e
26652463ns          449870 1c00aba2 fff00a13 addi             x20, x0, -1         x20=ffffffff
26652483ns          449871 1c00aba4 22d48963 beq              x9, x13, 562         x9:00000064 x13:0000002e
26652503ns          449872 1c00aba8 1c0007b7 lui              x15, 0x1c000000     x15=1c000000
26652523ns          449873 1c00abac 009005b3 add              x11, x0, x9         x11=00000064  x9:00000064
26652960ns          449895 1c00abae 61878513 addi             x10, x15, 1560      x10=1c000618 x15:1c000000
26652980ns          449896 1c00abb2 de7ff0ef jal              x1, -538             x1=1c00abb4
26653060ns          449900 1c00a998 00054783 lbu              x15, 0(x10)         x15=00000068 x10:1c000618  PA:1c000618
26653378ns          449916 1c00a99c 0ff5f593 andi             x11, x11, 255       x11=00000064 x11:00000064
26653398ns          449917 1c00a9a0 00b78c63 beq              x15, x11, 24        x15:00000068 x11:00000064
26653418ns          449918 1c00a9a4 00078b63 beq              x15, x0, 22         x15:00000068
26653438ns          449919 1c00a9a6 00150793 addi             x15, x10, 1         x15=1c000619 x10:1c000618
26653458ns          449920 1c00a9aa 0040006f jal              x0, 4              
26653497ns          449922 1c00a9ae 00f00533 add              x10, x0, x15        x10=1c000619 x15:1c000619
26653517ns          449923 1c00a9b0 0017c70b p.lbu            x14, 1(x15!)        x14=0000006c x15=1c00061a x15:1c000619  PA:1c000619
26654014ns          449948 1c00a9b4 feb71ce3 bne              x14, x11, -8        x14:0000006c x11:00000064
26654074ns          449951 1c00a9ac 00070763 beq              x14, x0, 14         x14:0000006c
26654094ns          449952 1c00a9ae 00f00533 add              x10, x0, x15        x10=1c00061a x15:1c00061a
26654114ns          449953 1c00a9b0 0017c70b p.lbu            x14, 1(x15!)        x14=0000004c x15=1c00061b x15:1c00061a  PA:1c00061a
26654432ns          449969 1c00a9b4 feb71ce3 bne              x14, x11, -8        x14:0000004c x11:00000064
26654492ns          449972 1c00a9ac 00070763 beq              x14, x0, 14         x14:0000004c
26654512ns          449973 1c00a9ae 00f00533 add              x10, x0, x15        x10=1c00061b x15:1c00061b
26654532ns          449974 1c00a9b0 0017c70b p.lbu            x14, 1(x15!)        x14=0000007a x15=1c00061c x15:1c00061b  PA:1c00061b
26654850ns          449990 1c00a9b4 feb71ce3 bne              x14, x11, -8        x14:0000007a x11:00000064
26654909ns          449993 1c00a9ac 00070763 beq              x14, x0, 14         x14:0000007a
26654929ns          449994 1c00a9ae 00f00533 add              x10, x0, x15        x10=1c00061c x15:1c00061c
26654949ns          449995 1c00a9b0 0017c70b p.lbu            x14, 1(x15!)        x14=00000000 x15=1c00061d x15:1c00061c  PA:1c00061c
26655267ns          450011 1c00a9b4 feb71ce3 bne              x14, x11, -8        x14:00000000 x11:00000064
26655327ns          450014 1c00a9ac 00070763 beq              x14, x0, 14         x14:00000000
26655407ns          450018 1c00a9ba 0015b593 sltiu            x11, x11, 1         x11=00000000 x11:00000064
26655426ns          450019 1c00a9be 40b005b3 sub              x11, x0, x11        x11=00000000 x11:00000000
26655446ns          450020 1c00a9c2 00b57533 and              x10, x10, x11       x10=00000000 x10:1c00061c x11:00000000
26655466ns          450021 1c00a9c4 00008067 jalr             x0, x1, 0            x1:1c00abb4
26655506ns          450023 1c00abb4 01300433 add              x8, x0, x19          x8=1c00007b x19:1c00007b
26655526ns          450024 1c00abb6 00050563 beq              x10, x0, 10         x10:00000000
26655904ns          450043 1c00abc0 06700693 addi             x13, x0, 103        x13=00000067
26655924ns          450044 1c00abc4 1c96df63 bge              x13, x9, 478        x13:00000067  x9:00000064
26656461ns          450071 1c00ada2 06500693 addi             x13, x0, 101        x13=00000065
26656481ns          450072 1c00ada6 12d4d463 bge              x9, x13, 296         x9:00000064 x13:00000065
26656500ns          450073 1c00adaa 04700693 addi             x13, x0, 71         x13=00000047
26656918ns          450094 1c00adae 5296c363 blt              x13, x9, 1318       x13:00000047  x9:00000064
26657415ns          450119 1c00b2d4 06300693 addi             x13, x0, 99         x13=00000063
26657455ns          450121 1c00b2d8 1cd48463 beq              x9, x13, 456         x9:00000064 x13:00000063
26657475ns          450122 1c00b2dc 1296c763 blt              x13, x9, 302        x13:00000063  x9:00000064
26658390ns          450168 1c00b40a 000c2503 lw               x10, 0(x24)         x10=00000006 x24:100034bc  PA:100034bc
26658410ns          450169 1c00b40e 004c0c13 addi             x24, x24, 4         x24=100034c0 x24:100034bc
26658847ns          450191 1c00b410 2c054b63 blt              x10, x0, 726        x10:00000006
26658887ns          450193 1c00b414 01412603 lw               x12, 20(x2)         x12=00000000  x2:10003368  PA:1000337c
26658907ns          450194 1c00b416 00a006b3 add              x13, x0, x10        x13=00000006 x10:00000006
26658927ns          450195 1c00b418 2e061463 bne              x12, x0, 744        x12:00000000
26658947ns          450196 1c00b41c 01812703 lw               x14, 24(x2)         x14=00000000  x2:10003368  PA:10003380
26658967ns          450197 1c00b41e 019007b3 add              x15, x0, x25        x15=1000338c x25:1000338c
26659384ns          450218 1c00b420 00070763 beq              x14, x0, 14         x14:00000000
26659444ns          450221 1c00b42e 00f00733 add              x14, x0, x15        x14=1000338c x15:1000338c
26659862ns          450242 1c00b430 00a00593 addi             x11, x0, 10         x11=0000000a
26659901ns          450244 1c00b432 02b6f633 remu             x12, x13, x11       x12=00000006 x13:00000006 x11:0000000a
26660518ns          450275 1c00b436 02b6d6b3 divu             x13, x13, x11       x13=00000000 x13:00000006 x11:0000000a
26661134ns          450306 1c00b43a 03060613 addi             x12, x12, 48        x12=00000036 x12:00000006
26661154ns          450307 1c00b43e 00c700ab p.sb             x12, 1(x14!)        x14=1000338d x12:00000036 x14:1000338c  PA:1000338c
26661174ns          450308 1c00b442 fe0698e3 bne              x13, x0, -16        x13:00000000
26661194ns          450309 1c00b444 40f706b3 sub              x13, x14, x15       x13=00000001 x14:1000338d x15:1000338c
26661214ns          450310 1c00b448 0146da63 bge              x13, x20, 20        x13:00000001 x20:ffffffff
26661691ns          450334 1c00b45c 00e006b3 add              x13, x0, x14        x13=1000338d x14:1000338d
26662129ns          450356 1c00b45e fe068fab p.sb             x0, -1(x13!)        x13=1000338c x13:1000338d  PA:1000338d
26662169ns          450358 1c00b462 00d7fc63 bgeu             x15, x13, 24        x15:1000338c x13:1000338c
26662666ns          450383 1c00b47a 01412783 lw               x15, 20(x2)         x15=00000000  x2:10003368  PA:1000337c
26662706ns          450385 1c00b47c 01812603 lw               x12, 24(x2)         x12=00000000  x2:10003368  PA:10003380
26663123ns          450406 1c00b47e 419704b3 sub              x9, x14, x25         x9=00000001 x14:1000338d x25:1000338c
26663143ns          450407 1c00b482 00c7e7b3 or               x15, x15, x12       x15=00000000 x15:00000000 x12:00000000
26663163ns          450408 1c00b484 00f12623 sw               x15, 12(x2)         x15:00000000  x2:10003368  PA:10003374
26663203ns          450410 1c00b486 00079363 bne              x15, x0, 6          x15:00000000
26663223ns          450411 1c00b488 01f55513 srli             x10, x10, 0x1f      x10=00000000 x10:00000006
26663242ns          450412 1c00b48a 00a12623 sw               x10, 12(x2)         x10:00000000  x2:10003368  PA:10003374
26663322ns          450416 1c00b48c ddfa22e3 p.beqimm         x20, -572           x20:ffffffff
26664118ns          450456 1c00b250 0c800793 addi             x15, x0, 200        x15=000000c8
26664157ns          450458 1c00b254 ac97cae3 blt              x15, x9, -1324      x15:000000c8  x9:00000001
26664177ns          450459 1c00b258 9d24c8e3 blt              x9, x18, -1584       x9:00000001 x18:00000000
26664197ns          450460 1c00b25c aabff06f jal              x0, -1366          
26665112ns          450506 1c00ad06 dc0486e3 beq              x9, x0, -564         x9:00000001
26665132ns          450507 1c00ad0a 01900933 add              x18, x0, x25        x18=1000338c x25:1000338c
26665152ns          450508 1c00ad0c 419d8db3 sub              x27, x27, x25       x27=efffcc7d x27:00000009 x25:1000338c
26665589ns          450530 1c00ad10 00a0006f jal              x0, 10             
26665649ns          450533 1c00ad1a 0019450b p.lbu            x10, 1(x18!)        x10=00000036 x18=1000338d x18:1000338c  PA:1000338c
26665669ns          450534 1c00ad1e 01a005b3 add              x11, x0, x26        x11=00000002 x26:00000002
26666106ns          450556 1c00ad20 000b00e7 jalr             x1, x22, 0           x1=1c00ad22 x22:1c00aa18
26666186ns          450560 1c00aa18 000026b7 lui              x13, 0x2000         x13=00002000
26666226ns          450562 1c00aa1a f14027f3 csrrs            x15, x0, 0xf14      x15=00000006
26666246ns          450563 1c00aa1e f8068693 addi             x13, x13, -128      x13=00001f80 x13:00002000
26666265ns          450564 1c00aa22 00379713 slli             x14, x15, 0x3       x14=00000030 x15:00000006
26666285ns          450565 1c00aa26 00279793 slli             x15, x15, 0x2       x15=00000018 x15:00000006
26666305ns          450566 1c00aa28 00d7f7b3 and              x15, x15, x13       x15=00000000 x15:00000018 x13:00001f80
26666325ns          450567 1c00aa2a ee873733 p.bclr           x14, x14, 23, 8     x14=00000030 x14:00000030
26666365ns          450569 1c00aa2e 1a10f6b7 lui              x13, 0x1a10f000     x13=1a10f000
26666405ns          450571 1c00aa32 0ff57513 andi             x10, x10, 255       x10=00000036 x10:00000036
26666425ns          450572 1c00aa36 00d70733 add              x14, x14, x13       x14=1a10f030 x14:00000030 x13:1a10f000
26666444ns          450573 1c00aa38 00a7e723 p.sw             x10, x0(x15)        x10:00000036 x15:00000000  PA:1a10f030
26667061ns          450604 1c00aa3c 00000513 addi             x10, x0, 0          x10=00000000
26667081ns          450605 1c00aa3e 00008067 jalr             x0, x1, 0            x1:1c00ad22
26667121ns          450607 1c00ad22 fff48493 addi             x9, x9, -1           x9=00000000  x9:00000001
26667141ns          450608 1c00ad24 fff537e3 p.bneimm         x10, -18            x10:00000000
26667220ns          450612 1c00ad12 012d8733 add              x14, x27, x18       x14=0000000a x27:efffcc7d x18:1000338d
26667240ns          450613 1c00ad16 66048d63 beq              x9, x0, 1658         x9:00000000
26667399ns          450621 1c00b390 00e00db3 add              x27, x0, x14        x27=0000000a x14:0000000a
26667439ns          450623 1c00b392 f40ff06f jal              x0, -2240          
26667558ns          450629 1c00aad2 00044503 lbu              x10, 0(x8)          x10=0000002c  x8:1c00007b  PA:1c00007b
26667936ns          450648 1c00aad6 00140413 addi             x8, x8, 1            x8=1c00007c  x8:1c00007b
26667956ns          450649 1c00aad8 00050e63 beq              x10, x0, 28         x10:0000002c
26667976ns          450650 1c00aada 02500793 addi             x15, x0, 37         x15=00000025
26667996ns          450651 1c00aade 04f50863 beq              x10, x15, 80        x10:0000002c x15:00000025
26668016ns          450652 1c00aae2 01a005b3 add              x11, x0, x26        x11=00000002 x26:00000002
26668035ns          450653 1c00aae4 000b00e7 jalr             x1, x22, 0           x1=1c00aae6 x22:1c00aa18
26668075ns          450655 1c00aa18 000026b7 lui              x13, 0x2000         x13=00002000
26668095ns          450656 1c00aa1a f14027f3 csrrs            x15, x0, 0xf14      x15=00000006
26668115ns          450657 1c00aa1e f8068693 addi             x13, x13, -128      x13=00001f80 x13:00002000
26668135ns          450658 1c00aa22 00379713 slli             x14, x15, 0x3       x14=00000030 x15:00000006
26668155ns          450659 1c00aa26 00279793 slli             x15, x15, 0x2       x15=00000018 x15:00000006
26668175ns          450660 1c00aa28 00d7f7b3 and              x15, x15, x13       x15=00000000 x15:00000018 x13:00001f80
26668195ns          450661 1c00aa2a ee873733 p.bclr           x14, x14, 23, 8     x14=00000030 x14:00000030
26668214ns          450662 1c00aa2e 1a10f6b7 lui              x13, 0x1a10f000     x13=1a10f000
26668234ns          450663 1c00aa32 0ff57513 andi             x10, x10, 255       x10=0000002c x10:0000002c
26668254ns          450664 1c00aa36 00d70733 add              x14, x14, x13       x14=1a10f030 x14:00000030 x13:1a10f000
26668274ns          450665 1c00aa38 00a7e723 p.sw             x10, x0(x15)        x10:0000002c x15:00000000  PA:1a10f030
26668851ns          450694 1c00aa3c 00000513 addi             x10, x0, 0          x10=00000000
26668871ns          450695 1c00aa3e 00008067 jalr             x0, x1, 0            x1:1c00aae6
26668930ns          450698 1c00aae6 25f52163 p.beqimm         x10, 578            x10:00000000
26668950ns          450699 1c00aaea 001d8d93 addi             x27, x27, 1         x27=0000000b x27:0000000a
26668970ns          450700 1c00aaec 00044503 lbu              x10, 0(x8)          x10=00000020  x8:1c00007c  PA:1c00007c
26669269ns          450715 1c00aaf0 00140413 addi             x8, x8, 1            x8=1c00007d  x8:1c00007c
26669288ns          450716 1c00aaf2 fe0514e3 bne              x10, x0, -24        x10:00000020
26669368ns          450720 1c00aada 02500793 addi             x15, x0, 37         x15=00000025
26669388ns          450721 1c00aade 04f50863 beq              x10, x15, 80        x10:00000020 x15:00000025
26669408ns          450722 1c00aae2 01a005b3 add              x11, x0, x26        x11=00000002 x26:00000002
26669428ns          450723 1c00aae4 000b00e7 jalr             x1, x22, 0           x1=1c00aae6 x22:1c00aa18
26669467ns          450725 1c00aa18 000026b7 lui              x13, 0x2000         x13=00002000
26669487ns          450726 1c00aa1a f14027f3 csrrs            x15, x0, 0xf14      x15=00000006
26669507ns          450727 1c00aa1e f8068693 addi             x13, x13, -128      x13=00001f80 x13:00002000
26669527ns          450728 1c00aa22 00379713 slli             x14, x15, 0x3       x14=00000030 x15:00000006
26669547ns          450729 1c00aa26 00279793 slli             x15, x15, 0x2       x15=00000018 x15:00000006
26669567ns          450730 1c00aa28 00d7f7b3 and              x15, x15, x13       x15=00000000 x15:00000018 x13:00001f80
26669587ns          450731 1c00aa2a ee873733 p.bclr           x14, x14, 23, 8     x14=00000030 x14:00000030
26669607ns          450732 1c00aa2e 1a10f6b7 lui              x13, 0x1a10f000     x13=1a10f000
26669627ns          450733 1c00aa32 0ff57513 andi             x10, x10, 255       x10=00000020 x10:00000020
26669646ns          450734 1c00aa36 00d70733 add              x14, x14, x13       x14=1a10f030 x14:00000030 x13:1a10f000
26669666ns          450735 1c00aa38 00a7e723 p.sw             x10, x0(x15)        x10:00000020 x15:00000000  PA:1a10f030
26670024ns          450753 1c00aa3c 00000513 addi             x10, x0, 0          x10=00000000
26670044ns          450754 1c00aa3e 00008067 jalr             x0, x1, 0            x1:1c00aae6
26670104ns          450757 1c00aae6 25f52163 p.beqimm         x10, 578            x10:00000000
26670124ns          450758 1c00aaea 001d8d93 addi             x27, x27, 1         x27=0000000c x27:0000000b
26670144ns          450759 1c00aaec 00044503 lbu              x10, 0(x8)          x10=0000004e  x8:1c00007d  PA:1c00007d
26670442ns          450774 1c00aaf0 00140413 addi             x8, x8, 1            x8=1c00007e  x8:1c00007d
26670462ns          450775 1c00aaf2 fe0514e3 bne              x10, x0, -24        x10:0000004e
26670541ns          450779 1c00aada 02500793 addi             x15, x0, 37         x15=00000025
26670561ns          450780 1c00aade 04f50863 beq              x10, x15, 80        x10:0000004e x15:00000025
26670581ns          450781 1c00aae2 01a005b3 add              x11, x0, x26        x11=00000002 x26:00000002
26670601ns          450782 1c00aae4 000b00e7 jalr             x1, x22, 0           x1=1c00aae6 x22:1c00aa18
26670641ns          450784 1c00aa18 000026b7 lui              x13, 0x2000         x13=00002000
26670661ns          450785 1c00aa1a f14027f3 csrrs            x15, x0, 0xf14      x15=00000006
26670681ns          450786 1c00aa1e f8068693 addi             x13, x13, -128      x13=00001f80 x13:00002000
26670700ns          450787 1c00aa22 00379713 slli             x14, x15, 0x3       x14=00000030 x15:00000006
26670720ns          450788 1c00aa26 00279793 slli             x15, x15, 0x2       x15=00000018 x15:00000006
26670740ns          450789 1c00aa28 00d7f7b3 and              x15, x15, x13       x15=00000000 x15:00000018 x13:00001f80
26670760ns          450790 1c00aa2a ee873733 p.bclr           x14, x14, 23, 8     x14=00000030 x14:00000030
26670780ns          450791 1c00aa2e 1a10f6b7 lui              x13, 0x1a10f000     x13=1a10f000
26670800ns          450792 1c00aa32 0ff57513 andi             x10, x10, 255       x10=0000004e x10:0000004e
26670820ns          450793 1c00aa36 00d70733 add              x14, x14, x13       x14=1a10f030 x14:00000030 x13:1a10f000
26670840ns          450794 1c00aa38 00a7e723 p.sw             x10, x0(x15)        x10:0000004e x15:00000000  PA:1a10f030
26671178ns          450811 1c00aa3c 00000513 addi             x10, x0, 0          x10=00000000
26671198ns          450812 1c00aa3e 00008067 jalr             x0, x1, 0            x1:1c00aae6
26671257ns          450815 1c00aae6 25f52163 p.beqimm         x10, 578            x10:00000000
26671277ns          450816 1c00aaea 001d8d93 addi             x27, x27, 1         x27=0000000d x27:0000000c
26671297ns          450817 1c00aaec 00044503 lbu              x10, 0(x8)          x10=00000075  x8:1c00007e  PA:1c00007e
26671615ns          450833 1c00aaf0 00140413 addi             x8, x8, 1            x8=1c00007f  x8:1c00007e
26671635ns          450834 1c00aaf2 fe0514e3 bne              x10, x0, -24        x10:00000075
26671715ns          450838 1c00aada 02500793 addi             x15, x0, 37         x15=00000025
26671735ns          450839 1c00aade 04f50863 beq              x10, x15, 80        x10:00000075 x15:00000025
26671755ns          450840 1c00aae2 01a005b3 add              x11, x0, x26        x11=00000002 x26:00000002
26671774ns          450841 1c00aae4 000b00e7 jalr             x1, x22, 0           x1=1c00aae6 x22:1c00aa18
26671814ns          450843 1c00aa18 000026b7 lui              x13, 0x2000         x13=00002000
26671834ns          450844 1c00aa1a f14027f3 csrrs            x15, x0, 0xf14      x15=00000006
26671854ns          450845 1c00aa1e f8068693 addi             x13, x13, -128      x13=00001f80 x13:00002000
26671874ns          450846 1c00aa22 00379713 slli             x14, x15, 0x3       x14=00000030 x15:00000006
26671894ns          450847 1c00aa26 00279793 slli             x15, x15, 0x2       x15=00000018 x15:00000006
26671914ns          450848 1c00aa28 00d7f7b3 and              x15, x15, x13       x15=00000000 x15:00000018 x13:00001f80
26671934ns          450849 1c00aa2a ee873733 p.bclr           x14, x14, 23, 8     x14=00000030 x14:00000030
26671953ns          450850 1c00aa2e 1a10f6b7 lui              x13, 0x1a10f000     x13=1a10f000
26671973ns          450851 1c00aa32 0ff57513 andi             x10, x10, 255       x10=00000075 x10:00000075
26671993ns          450852 1c00aa36 00d70733 add              x14, x14, x13       x14=1a10f030 x14:00000030 x13:1a10f000
26672013ns          450853 1c00aa38 00a7e723 p.sw             x10, x0(x15)        x10:00000075 x15:00000000  PA:1a10f030
26672331ns          450869 1c00aa3c 00000513 addi             x10, x0, 0          x10=00000000
26672351ns          450870 1c00aa3e 00008067 jalr             x0, x1, 0            x1:1c00aae6
26672411ns          450873 1c00aae6 25f52163 p.beqimm         x10, 578            x10:00000000
26672431ns          450874 1c00aaea 001d8d93 addi             x27, x27, 1         x27=0000000e x27:0000000d
26672451ns          450875 1c00aaec 00044503 lbu              x10, 0(x8)          x10=0000006d  x8:1c00007f  PA:1c00007f
26672749ns          450890 1c00aaf0 00140413 addi             x8, x8, 1            x8=1c000080  x8:1c00007f
26672769ns          450891 1c00aaf2 fe0514e3 bne              x10, x0, -24        x10:0000006d
26672848ns          450895 1c00aada 02500793 addi             x15, x0, 37         x15=00000025
26672868ns          450896 1c00aade 04f50863 beq              x10, x15, 80        x10:0000006d x15:00000025
26672888ns          450897 1c00aae2 01a005b3 add              x11, x0, x26        x11=00000002 x26:00000002
26672908ns          450898 1c00aae4 000b00e7 jalr             x1, x22, 0           x1=1c00aae6 x22:1c00aa18
26672948ns          450900 1c00aa18 000026b7 lui              x13, 0x2000         x13=00002000
26672968ns          450901 1c00aa1a f14027f3 csrrs            x15, x0, 0xf14      x15=00000006
26672988ns          450902 1c00aa1e f8068693 addi             x13, x13, -128      x13=00001f80 x13:00002000
26673007ns          450903 1c00aa22 00379713 slli             x14, x15, 0x3       x14=00000030 x15:00000006
26673027ns          450904 1c00aa26 00279793 slli             x15, x15, 0x2       x15=00000018 x15:00000006
26673047ns          450905 1c00aa28 00d7f7b3 and              x15, x15, x13       x15=00000000 x15:00000018 x13:00001f80
26673067ns          450906 1c00aa2a ee873733 p.bclr           x14, x14, 23, 8     x14=00000030 x14:00000030
26673087ns          450907 1c00aa2e 1a10f6b7 lui              x13, 0x1a10f000     x13=1a10f000
26673107ns          450908 1c00aa32 0ff57513 andi             x10, x10, 255       x10=0000006d x10:0000006d
26673127ns          450909 1c00aa36 00d70733 add              x14, x14, x13       x14=1a10f030 x14:00000030 x13:1a10f000
26673147ns          450910 1c00aa38 00a7e723 p.sw             x10, x0(x15)        x10:0000006d x15:00000000  PA:1a10f030
26673485ns          450927 1c00aa3c 00000513 addi             x10, x0, 0          x10=00000000
26673505ns          450928 1c00aa3e 00008067 jalr             x0, x1, 0            x1:1c00aae6
26673564ns          450931 1c00aae6 25f52163 p.beqimm         x10, 578            x10:00000000
26673584ns          450932 1c00aaea 001d8d93 addi             x27, x27, 1         x27=0000000f x27:0000000e
26673604ns          450933 1c00aaec 00044503 lbu              x10, 0(x8)          x10=00000062  x8:1c000080  PA:1c000080
26673902ns          450948 1c00aaf0 00140413 addi             x8, x8, 1            x8=1c000081  x8:1c000080
26673922ns          450949 1c00aaf2 fe0514e3 bne              x10, x0, -24        x10:00000062
26674002ns          450953 1c00aada 02500793 addi             x15, x0, 37         x15=00000025
26674022ns          450954 1c00aade 04f50863 beq              x10, x15, 80        x10:00000062 x15:00000025
26674042ns          450955 1c00aae2 01a005b3 add              x11, x0, x26        x11=00000002 x26:00000002
26674062ns          450956 1c00aae4 000b00e7 jalr             x1, x22, 0           x1=1c00aae6 x22:1c00aa18
26674101ns          450958 1c00aa18 000026b7 lui              x13, 0x2000         x13=00002000
26674121ns          450959 1c00aa1a f14027f3 csrrs            x15, x0, 0xf14      x15=00000006
26674141ns          450960 1c00aa1e f8068693 addi             x13, x13, -128      x13=00001f80 x13:00002000
26674161ns          450961 1c00aa22 00379713 slli             x14, x15, 0x3       x14=00000030 x15:00000006
26674181ns          450962 1c00aa26 00279793 slli             x15, x15, 0x2       x15=00000018 x15:00000006
26674201ns          450963 1c00aa28 00d7f7b3 and              x15, x15, x13       x15=00000000 x15:00000018 x13:00001f80
26674221ns          450964 1c00aa2a ee873733 p.bclr           x14, x14, 23, 8     x14=00000030 x14:00000030
26674241ns          450965 1c00aa2e 1a10f6b7 lui              x13, 0x1a10f000     x13=1a10f000
26674260ns          450966 1c00aa32 0ff57513 andi             x10, x10, 255       x10=00000062 x10:00000062
26674280ns          450967 1c00aa36 00d70733 add              x14, x14, x13       x14=1a10f030 x14:00000030 x13:1a10f000
26674300ns          450968 1c00aa38 00a7e723 p.sw             x10, x0(x15)        x10:00000062 x15:00000000  PA:1a10f030
26674638ns          450985 1c00aa3c 00000513 addi             x10, x0, 0          x10=00000000
26674658ns          450986 1c00aa3e 00008067 jalr             x0, x1, 0            x1:1c00aae6
26674718ns          450989 1c00aae6 25f52163 p.beqimm         x10, 578            x10:00000000
26674738ns          450990 1c00aaea 001d8d93 addi             x27, x27, 1         x27=00000010 x27:0000000f
26674758ns          450991 1c00aaec 00044503 lbu              x10, 0(x8)          x10=00000065  x8:1c000081  PA:1c000081
26675056ns          451006 1c00aaf0 00140413 addi             x8, x8, 1            x8=1c000082  x8:1c000081
26675076ns          451007 1c00aaf2 fe0514e3 bne              x10, x0, -24        x10:00000065
26675155ns          451011 1c00aada 02500793 addi             x15, x0, 37         x15=00000025
26675175ns          451012 1c00aade 04f50863 beq              x10, x15, 80        x10:00000065 x15:00000025
26675195ns          451013 1c00aae2 01a005b3 add              x11, x0, x26        x11=00000002 x26:00000002
26675215ns          451014 1c00aae4 000b00e7 jalr             x1, x22, 0           x1=1c00aae6 x22:1c00aa18
26675255ns          451016 1c00aa18 000026b7 lui              x13, 0x2000         x13=00002000
26675275ns          451017 1c00aa1a f14027f3 csrrs            x15, x0, 0xf14      x15=00000006
26675295ns          451018 1c00aa1e f8068693 addi             x13, x13, -128      x13=00001f80 x13:00002000
26675314ns          451019 1c00aa22 00379713 slli             x14, x15, 0x3       x14=00000030 x15:00000006
26675334ns          451020 1c00aa26 00279793 slli             x15, x15, 0x2       x15=00000018 x15:00000006
26675354ns          451021 1c00aa28 00d7f7b3 and              x15, x15, x13       x15=00000000 x15:00000018 x13:00001f80
26675374ns          451022 1c00aa2a ee873733 p.bclr           x14, x14, 23, 8     x14=00000030 x14:00000030
26675394ns          451023 1c00aa2e 1a10f6b7 lui              x13, 0x1a10f000     x13=1a10f000
26675414ns          451024 1c00aa32 0ff57513 andi             x10, x10, 255       x10=00000065 x10:00000065
26675434ns          451025 1c00aa36 00d70733 add              x14, x14, x13       x14=1a10f030 x14:00000030 x13:1a10f000
26675454ns          451026 1c00aa38 00a7e723 p.sw             x10, x0(x15)        x10:00000065 x15:00000000  PA:1a10f030
26675792ns          451043 1c00aa3c 00000513 addi             x10, x0, 0          x10=00000000
26675812ns          451044 1c00aa3e 00008067 jalr             x0, x1, 0            x1:1c00aae6
26675871ns          451047 1c00aae6 25f52163 p.beqimm         x10, 578            x10:00000000
26675891ns          451048 1c00aaea 001d8d93 addi             x27, x27, 1         x27=00000011 x27:00000010
26675911ns          451049 1c00aaec 00044503 lbu              x10, 0(x8)          x10=00000072  x8:1c000082  PA:1c000082
26676209ns          451064 1c00aaf0 00140413 addi             x8, x8, 1            x8=1c000083  x8:1c000082
26676229ns          451065 1c00aaf2 fe0514e3 bne              x10, x0, -24        x10:00000072
26676309ns          451069 1c00aada 02500793 addi             x15, x0, 37         x15=00000025
26676329ns          451070 1c00aade 04f50863 beq              x10, x15, 80        x10:00000072 x15:00000025
26676349ns          451071 1c00aae2 01a005b3 add              x11, x0, x26        x11=00000002 x26:00000002
26676369ns          451072 1c00aae4 000b00e7 jalr             x1, x22, 0           x1=1c00aae6 x22:1c00aa18
26676408ns          451074 1c00aa18 000026b7 lui              x13, 0x2000         x13=00002000
26676428ns          451075 1c00aa1a f14027f3 csrrs            x15, x0, 0xf14      x15=00000006
26676448ns          451076 1c00aa1e f8068693 addi             x13, x13, -128      x13=00001f80 x13:00002000
26676468ns          451077 1c00aa22 00379713 slli             x14, x15, 0x3       x14=00000030 x15:00000006
26676488ns          451078 1c00aa26 00279793 slli             x15, x15, 0x2       x15=00000018 x15:00000006
26676508ns          451079 1c00aa28 00d7f7b3 and              x15, x15, x13       x15=00000000 x15:00000018 x13:00001f80
26676528ns          451080 1c00aa2a ee873733 p.bclr           x14, x14, 23, 8     x14=00000030 x14:00000030
26676548ns          451081 1c00aa2e 1a10f6b7 lui              x13, 0x1a10f000     x13=1a10f000
26676567ns          451082 1c00aa32 0ff57513 andi             x10, x10, 255       x10=00000072 x10:00000072
26676587ns          451083 1c00aa36 00d70733 add              x14, x14, x13       x14=1a10f030 x14:00000030 x13:1a10f000
26676607ns          451084 1c00aa38 00a7e723 p.sw             x10, x0(x15)        x10:00000072 x15:00000000  PA:1a10f030
26676965ns          451102 1c00aa3c 00000513 addi             x10, x0, 0          x10=00000000
26676985ns          451103 1c00aa3e 00008067 jalr             x0, x1, 0            x1:1c00aae6
26677045ns          451106 1c00aae6 25f52163 p.beqimm         x10, 578            x10:00000000
26677065ns          451107 1c00aaea 001d8d93 addi             x27, x27, 1         x27=00000012 x27:00000011
26677085ns          451108 1c00aaec 00044503 lbu              x10, 0(x8)          x10=00000020  x8:1c000083  PA:1c000083
26677383ns          451123 1c00aaf0 00140413 addi             x8, x8, 1            x8=1c000084  x8:1c000083
26677403ns          451124 1c00aaf2 fe0514e3 bne              x10, x0, -24        x10:00000020
26677482ns          451128 1c00aada 02500793 addi             x15, x0, 37         x15=00000025
26677502ns          451129 1c00aade 04f50863 beq              x10, x15, 80        x10:00000020 x15:00000025
26677522ns          451130 1c00aae2 01a005b3 add              x11, x0, x26        x11=00000002 x26:00000002
26677542ns          451131 1c00aae4 000b00e7 jalr             x1, x22, 0           x1=1c00aae6 x22:1c00aa18
26677582ns          451133 1c00aa18 000026b7 lui              x13, 0x2000         x13=00002000
26677602ns          451134 1c00aa1a f14027f3 csrrs            x15, x0, 0xf14      x15=00000006
26677622ns          451135 1c00aa1e f8068693 addi             x13, x13, -128      x13=00001f80 x13:00002000
26677641ns          451136 1c00aa22 00379713 slli             x14, x15, 0x3       x14=00000030 x15:00000006
26677661ns          451137 1c00aa26 00279793 slli             x15, x15, 0x2       x15=00000018 x15:00000006
26677681ns          451138 1c00aa28 00d7f7b3 and              x15, x15, x13       x15=00000000 x15:00000018 x13:00001f80
26677701ns          451139 1c00aa2a ee873733 p.bclr           x14, x14, 23, 8     x14=00000030 x14:00000030
26677721ns          451140 1c00aa2e 1a10f6b7 lui              x13, 0x1a10f000     x13=1a10f000
26677741ns          451141 1c00aa32 0ff57513 andi             x10, x10, 255       x10=00000020 x10:00000020
26677761ns          451142 1c00aa36 00d70733 add              x14, x14, x13       x14=1a10f030 x14:00000030 x13:1a10f000
26677781ns          451143 1c00aa38 00a7e723 p.sw             x10, x0(x15)        x10:00000020 x15:00000000  PA:1a10f030
26678119ns          451160 1c00aa3c 00000513 addi             x10, x0, 0          x10=00000000
26678139ns          451161 1c00aa3e 00008067 jalr             x0, x1, 0            x1:1c00aae6
26678198ns          451164 1c00aae6 25f52163 p.beqimm         x10, 578            x10:00000000
26678218ns          451165 1c00aaea 001d8d93 addi             x27, x27, 1         x27=00000013 x27:00000012
26678238ns          451166 1c00aaec 00044503 lbu              x10, 0(x8)          x10=0000006f  x8:1c000084  PA:1c000084
26678536ns          451181 1c00aaf0 00140413 addi             x8, x8, 1            x8=1c000085  x8:1c000084
26678556ns          451182 1c00aaf2 fe0514e3 bne              x10, x0, -24        x10:0000006f
26678636ns          451186 1c00aada 02500793 addi             x15, x0, 37         x15=00000025
26678656ns          451187 1c00aade 04f50863 beq              x10, x15, 80        x10:0000006f x15:00000025
26678676ns          451188 1c00aae2 01a005b3 add              x11, x0, x26        x11=00000002 x26:00000002
26678695ns          451189 1c00aae4 000b00e7 jalr             x1, x22, 0           x1=1c00aae6 x22:1c00aa18
26678735ns          451191 1c00aa18 000026b7 lui              x13, 0x2000         x13=00002000
26678755ns          451192 1c00aa1a f14027f3 csrrs            x15, x0, 0xf14      x15=00000006
26678775ns          451193 1c00aa1e f8068693 addi             x13, x13, -128      x13=00001f80 x13:00002000
26678795ns          451194 1c00aa22 00379713 slli             x14, x15, 0x3       x14=00000030 x15:00000006
26678815ns          451195 1c00aa26 00279793 slli             x15, x15, 0x2       x15=00000018 x15:00000006
26678835ns          451196 1c00aa28 00d7f7b3 and              x15, x15, x13       x15=00000000 x15:00000018 x13:00001f80
26678855ns          451197 1c00aa2a ee873733 p.bclr           x14, x14, 23, 8     x14=00000030 x14:00000030
26678874ns          451198 1c00aa2e 1a10f6b7 lui              x13, 0x1a10f000     x13=1a10f000
26678894ns          451199 1c00aa32 0ff57513 andi             x10, x10, 255       x10=0000006f x10:0000006f
26678914ns          451200 1c00aa36 00d70733 add              x14, x14, x13       x14=1a10f030 x14:00000030 x13:1a10f000
26678934ns          451201 1c00aa38 00a7e723 p.sw             x10, x0(x15)        x10:0000006f x15:00000000  PA:1a10f030
26679272ns          451218 1c00aa3c 00000513 addi             x10, x0, 0          x10=00000000
26679292ns          451219 1c00aa3e 00008067 jalr             x0, x1, 0            x1:1c00aae6
26679352ns          451222 1c00aae6 25f52163 p.beqimm         x10, 578            x10:00000000
26679372ns          451223 1c00aaea 001d8d93 addi             x27, x27, 1         x27=00000014 x27:00000013
26679392ns          451224 1c00aaec 00044503 lbu              x10, 0(x8)          x10=00000066  x8:1c000085  PA:1c000085
26679690ns          451239 1c00aaf0 00140413 addi             x8, x8, 1            x8=1c000086  x8:1c000085
26679710ns          451240 1c00aaf2 fe0514e3 bne              x10, x0, -24        x10:00000066
26679789ns          451244 1c00aada 02500793 addi             x15, x0, 37         x15=00000025
26679809ns          451245 1c00aade 04f50863 beq              x10, x15, 80        x10:00000066 x15:00000025
26679829ns          451246 1c00aae2 01a005b3 add              x11, x0, x26        x11=00000002 x26:00000002
26679849ns          451247 1c00aae4 000b00e7 jalr             x1, x22, 0           x1=1c00aae6 x22:1c00aa18
26679889ns          451249 1c00aa18 000026b7 lui              x13, 0x2000         x13=00002000
26679909ns          451250 1c00aa1a f14027f3 csrrs            x15, x0, 0xf14      x15=00000006
26679929ns          451251 1c00aa1e f8068693 addi             x13, x13, -128      x13=00001f80 x13:00002000
26679948ns          451252 1c00aa22 00379713 slli             x14, x15, 0x3       x14=00000030 x15:00000006
26679968ns          451253 1c00aa26 00279793 slli             x15, x15, 0x2       x15=00000018 x15:00000006
26679988ns          451254 1c00aa28 00d7f7b3 and              x15, x15, x13       x15=00000000 x15:00000018 x13:00001f80
26680008ns          451255 1c00aa2a ee873733 p.bclr           x14, x14, 23, 8     x14=00000030 x14:00000030
26680028ns          451256 1c00aa2e 1a10f6b7 lui              x13, 0x1a10f000     x13=1a10f000
26680048ns          451257 1c00aa32 0ff57513 andi             x10, x10, 255       x10=00000066 x10:00000066
26680068ns          451258 1c00aa36 00d70733 add              x14, x14, x13       x14=1a10f030 x14:00000030 x13:1a10f000
26680088ns          451259 1c00aa38 00a7e723 p.sw             x10, x0(x15)        x10:00000066 x15:00000000  PA:1a10f030
26680426ns          451276 1c00aa3c 00000513 addi             x10, x0, 0          x10=00000000
26680446ns          451277 1c00aa3e 00008067 jalr             x0, x1, 0            x1:1c00aae6
26680505ns          451280 1c00aae6 25f52163 p.beqimm         x10, 578            x10:00000000
26680525ns          451281 1c00aaea 001d8d93 addi             x27, x27, 1         x27=00000015 x27:00000014
26680545ns          451282 1c00aaec 00044503 lbu              x10, 0(x8)          x10=00000020  x8:1c000086  PA:1c000086
26680863ns          451298 1c00aaf0 00140413 addi             x8, x8, 1            x8=1c000087  x8:1c000086
26680883ns          451299 1c00aaf2 fe0514e3 bne              x10, x0, -24        x10:00000020
26680963ns          451303 1c00aada 02500793 addi             x15, x0, 37         x15=00000025
26680983ns          451304 1c00aade 04f50863 beq              x10, x15, 80        x10:00000020 x15:00000025
26681002ns          451305 1c00aae2 01a005b3 add              x11, x0, x26        x11=00000002 x26:00000002
26681022ns          451306 1c00aae4 000b00e7 jalr             x1, x22, 0           x1=1c00aae6 x22:1c00aa18
26681062ns          451308 1c00aa18 000026b7 lui              x13, 0x2000         x13=00002000
26681082ns          451309 1c00aa1a f14027f3 csrrs            x15, x0, 0xf14      x15=00000006
26681102ns          451310 1c00aa1e f8068693 addi             x13, x13, -128      x13=00001f80 x13:00002000
26681122ns          451311 1c00aa22 00379713 slli             x14, x15, 0x3       x14=00000030 x15:00000006
26681142ns          451312 1c00aa26 00279793 slli             x15, x15, 0x2       x15=00000018 x15:00000006
26681162ns          451313 1c00aa28 00d7f7b3 and              x15, x15, x13       x15=00000000 x15:00000018 x13:00001f80
26681181ns          451314 1c00aa2a ee873733 p.bclr           x14, x14, 23, 8     x14=00000030 x14:00000030
26681201ns          451315 1c00aa2e 1a10f6b7 lui              x13, 0x1a10f000     x13=1a10f000
26681221ns          451316 1c00aa32 0ff57513 andi             x10, x10, 255       x10=00000020 x10:00000020
26681241ns          451317 1c00aa36 00d70733 add              x14, x14, x13       x14=1a10f030 x14:00000030 x13:1a10f000
26681261ns          451318 1c00aa38 00a7e723 p.sw             x10, x0(x15)        x10:00000020 x15:00000000  PA:1a10f030
26681599ns          451335 1c00aa3c 00000513 addi             x10, x0, 0          x10=00000000
26681619ns          451336 1c00aa3e 00008067 jalr             x0, x1, 0            x1:1c00aae6
26681679ns          451339 1c00aae6 25f52163 p.beqimm         x10, 578            x10:00000000
26681699ns          451340 1c00aaea 001d8d93 addi             x27, x27, 1         x27=00000016 x27:00000015
26681718ns          451341 1c00aaec 00044503 lbu              x10, 0(x8)          x10=00000063  x8:1c000087  PA:1c000087
26682017ns          451356 1c00aaf0 00140413 addi             x8, x8, 1            x8=1c000088  x8:1c000087
26682037ns          451357 1c00aaf2 fe0514e3 bne              x10, x0, -24        x10:00000063
26682116ns          451361 1c00aada 02500793 addi             x15, x0, 37         x15=00000025
26682136ns          451362 1c00aade 04f50863 beq              x10, x15, 80        x10:00000063 x15:00000025
26682156ns          451363 1c00aae2 01a005b3 add              x11, x0, x26        x11=00000002 x26:00000002
26682176ns          451364 1c00aae4 000b00e7 jalr             x1, x22, 0           x1=1c00aae6 x22:1c00aa18
26682216ns          451366 1c00aa18 000026b7 lui              x13, 0x2000         x13=00002000
26682236ns          451367 1c00aa1a f14027f3 csrrs            x15, x0, 0xf14      x15=00000006
26682255ns          451368 1c00aa1e f8068693 addi             x13, x13, -128      x13=00001f80 x13:00002000
26682275ns          451369 1c00aa22 00379713 slli             x14, x15, 0x3       x14=00000030 x15:00000006
26682295ns          451370 1c00aa26 00279793 slli             x15, x15, 0x2       x15=00000018 x15:00000006
26682315ns          451371 1c00aa28 00d7f7b3 and              x15, x15, x13       x15=00000000 x15:00000018 x13:00001f80
26682335ns          451372 1c00aa2a ee873733 p.bclr           x14, x14, 23, 8     x14=00000030 x14:00000030
26682355ns          451373 1c00aa2e 1a10f6b7 lui              x13, 0x1a10f000     x13=1a10f000
26682375ns          451374 1c00aa32 0ff57513 andi             x10, x10, 255       x10=00000063 x10:00000063
26682395ns          451375 1c00aa36 00d70733 add              x14, x14, x13       x14=1a10f030 x14:00000030 x13:1a10f000
26682415ns          451376 1c00aa38 00a7e723 p.sw             x10, x0(x15)        x10:00000063 x15:00000000  PA:1a10f030
26682753ns          451393 1c00aa3c 00000513 addi             x10, x0, 0          x10=00000000
26682772ns          451394 1c00aa3e 00008067 jalr             x0, x1, 0            x1:1c00aae6
26682832ns          451397 1c00aae6 25f52163 p.beqimm         x10, 578            x10:00000000
26682852ns          451398 1c00aaea 001d8d93 addi             x27, x27, 1         x27=00000017 x27:00000016
26682872ns          451399 1c00aaec 00044503 lbu              x10, 0(x8)          x10=0000006f  x8:1c000088  PA:1c000088
26683170ns          451414 1c00aaf0 00140413 addi             x8, x8, 1            x8=1c000089  x8:1c000088
26683190ns          451415 1c00aaf2 fe0514e3 bne              x10, x0, -24        x10:0000006f
26683270ns          451419 1c00aada 02500793 addi             x15, x0, 37         x15=00000025
26683290ns          451420 1c00aade 04f50863 beq              x10, x15, 80        x10:0000006f x15:00000025
26683309ns          451421 1c00aae2 01a005b3 add              x11, x0, x26        x11=00000002 x26:00000002
26683329ns          451422 1c00aae4 000b00e7 jalr             x1, x22, 0           x1=1c00aae6 x22:1c00aa18
26683369ns          451424 1c00aa18 000026b7 lui              x13, 0x2000         x13=00002000
26683389ns          451425 1c00aa1a f14027f3 csrrs            x15, x0, 0xf14      x15=00000006
26683409ns          451426 1c00aa1e f8068693 addi             x13, x13, -128      x13=00001f80 x13:00002000
26683429ns          451427 1c00aa22 00379713 slli             x14, x15, 0x3       x14=00000030 x15:00000006
26683449ns          451428 1c00aa26 00279793 slli             x15, x15, 0x2       x15=00000018 x15:00000006
26683469ns          451429 1c00aa28 00d7f7b3 and              x15, x15, x13       x15=00000000 x15:00000018 x13:00001f80
26683488ns          451430 1c00aa2a ee873733 p.bclr           x14, x14, 23, 8     x14=00000030 x14:00000030
26683508ns          451431 1c00aa2e 1a10f6b7 lui              x13, 0x1a10f000     x13=1a10f000
26683528ns          451432 1c00aa32 0ff57513 andi             x10, x10, 255       x10=0000006f x10:0000006f
26683548ns          451433 1c00aa36 00d70733 add              x14, x14, x13       x14=1a10f030 x14:00000030 x13:1a10f000
26683568ns          451434 1c00aa38 00a7e723 p.sw             x10, x0(x15)        x10:0000006f x15:00000000  PA:1a10f030
26683906ns          451451 1c00aa3c 00000513 addi             x10, x0, 0          x10=00000000
26683926ns          451452 1c00aa3e 00008067 jalr             x0, x1, 0            x1:1c00aae6
26683986ns          451455 1c00aae6 25f52163 p.beqimm         x10, 578            x10:00000000
26684006ns          451456 1c00aaea 001d8d93 addi             x27, x27, 1         x27=00000018 x27:00000017
26684025ns          451457 1c00aaec 00044503 lbu              x10, 0(x8)          x10=00000072  x8:1c000089  PA:1c000089
26684324ns          451472 1c00aaf0 00140413 addi             x8, x8, 1            x8=1c00008a  x8:1c000089
26684344ns          451473 1c00aaf2 fe0514e3 bne              x10, x0, -24        x10:00000072
26684423ns          451477 1c00aada 02500793 addi             x15, x0, 37         x15=00000025
26684443ns          451478 1c00aade 04f50863 beq              x10, x15, 80        x10:00000072 x15:00000025
26684463ns          451479 1c00aae2 01a005b3 add              x11, x0, x26        x11=00000002 x26:00000002
26684483ns          451480 1c00aae4 000b00e7 jalr             x1, x22, 0           x1=1c00aae6 x22:1c00aa18
26684523ns          451482 1c00aa18 000026b7 lui              x13, 0x2000         x13=00002000
26684543ns          451483 1c00aa1a f14027f3 csrrs            x15, x0, 0xf14      x15=00000006
26684562ns          451484 1c00aa1e f8068693 addi             x13, x13, -128      x13=00001f80 x13:00002000
26684582ns          451485 1c00aa22 00379713 slli             x14, x15, 0x3       x14=00000030 x15:00000006
26684602ns          451486 1c00aa26 00279793 slli             x15, x15, 0x2       x15=00000018 x15:00000006
26684622ns          451487 1c00aa28 00d7f7b3 and              x15, x15, x13       x15=00000000 x15:00000018 x13:00001f80
26684642ns          451488 1c00aa2a ee873733 p.bclr           x14, x14, 23, 8     x14=00000030 x14:00000030
26684662ns          451489 1c00aa2e 1a10f6b7 lui              x13, 0x1a10f000     x13=1a10f000
26684682ns          451490 1c00aa32 0ff57513 andi             x10, x10, 255       x10=00000072 x10:00000072
26684702ns          451491 1c00aa36 00d70733 add              x14, x14, x13       x14=1a10f030 x14:00000030 x13:1a10f000
26684722ns          451492 1c00aa38 00a7e723 p.sw             x10, x0(x15)        x10:00000072 x15:00000000  PA:1a10f030
26685060ns          451509 1c00aa3c 00000513 addi             x10, x0, 0          x10=00000000
26685080ns          451510 1c00aa3e 00008067 jalr             x0, x1, 0            x1:1c00aae6
26685139ns          451513 1c00aae6 25f52163 p.beqimm         x10, 578            x10:00000000
26685159ns          451514 1c00aaea 001d8d93 addi             x27, x27, 1         x27=00000019 x27:00000018
26685179ns          451515 1c00aaec 00044503 lbu              x10, 0(x8)          x10=00000065  x8:1c00008a  PA:1c00008a
26685477ns          451530 1c00aaf0 00140413 addi             x8, x8, 1            x8=1c00008b  x8:1c00008a
26685497ns          451531 1c00aaf2 fe0514e3 bne              x10, x0, -24        x10:00000065
26685577ns          451535 1c00aada 02500793 addi             x15, x0, 37         x15=00000025
26685597ns          451536 1c00aade 04f50863 beq              x10, x15, 80        x10:00000065 x15:00000025
26685616ns          451537 1c00aae2 01a005b3 add              x11, x0, x26        x11=00000002 x26:00000002
26685636ns          451538 1c00aae4 000b00e7 jalr             x1, x22, 0           x1=1c00aae6 x22:1c00aa18
26685676ns          451540 1c00aa18 000026b7 lui              x13, 0x2000         x13=00002000
26685696ns          451541 1c00aa1a f14027f3 csrrs            x15, x0, 0xf14      x15=00000006
26685716ns          451542 1c00aa1e f8068693 addi             x13, x13, -128      x13=00001f80 x13:00002000
26685736ns          451543 1c00aa22 00379713 slli             x14, x15, 0x3       x14=00000030 x15:00000006
26685756ns          451544 1c00aa26 00279793 slli             x15, x15, 0x2       x15=00000018 x15:00000006
26685776ns          451545 1c00aa28 00d7f7b3 and              x15, x15, x13       x15=00000000 x15:00000018 x13:00001f80
26685795ns          451546 1c00aa2a ee873733 p.bclr           x14, x14, 23, 8     x14=00000030 x14:00000030
26685815ns          451547 1c00aa2e 1a10f6b7 lui              x13, 0x1a10f000     x13=1a10f000
26685835ns          451548 1c00aa32 0ff57513 andi             x10, x10, 255       x10=00000065 x10:00000065
26685855ns          451549 1c00aa36 00d70733 add              x14, x14, x13       x14=1a10f030 x14:00000030 x13:1a10f000
26685875ns          451550 1c00aa38 00a7e723 p.sw             x10, x0(x15)        x10:00000065 x15:00000000  PA:1a10f030
26686233ns          451568 1c00aa3c 00000513 addi             x10, x0, 0          x10=00000000
26686253ns          451569 1c00aa3e 00008067 jalr             x0, x1, 0            x1:1c00aae6
26686313ns          451572 1c00aae6 25f52163 p.beqimm         x10, 578            x10:00000000
26686332ns          451573 1c00aaea 001d8d93 addi             x27, x27, 1         x27=0000001a x27:00000019
26686352ns          451574 1c00aaec 00044503 lbu              x10, 0(x8)          x10=00000073  x8:1c00008b  PA:1c00008b
26686651ns          451589 1c00aaf0 00140413 addi             x8, x8, 1            x8=1c00008c  x8:1c00008b
26686671ns          451590 1c00aaf2 fe0514e3 bne              x10, x0, -24        x10:00000073
26686750ns          451594 1c00aada 02500793 addi             x15, x0, 37         x15=00000025
26686770ns          451595 1c00aade 04f50863 beq              x10, x15, 80        x10:00000073 x15:00000025
26686790ns          451596 1c00aae2 01a005b3 add              x11, x0, x26        x11=00000002 x26:00000002
26686810ns          451597 1c00aae4 000b00e7 jalr             x1, x22, 0           x1=1c00aae6 x22:1c00aa18
26686850ns          451599 1c00aa18 000026b7 lui              x13, 0x2000         x13=00002000
26686869ns          451600 1c00aa1a f14027f3 csrrs            x15, x0, 0xf14      x15=00000006
26686889ns          451601 1c00aa1e f8068693 addi             x13, x13, -128      x13=00001f80 x13:00002000
26686909ns          451602 1c00aa22 00379713 slli             x14, x15, 0x3       x14=00000030 x15:00000006
26686929ns          451603 1c00aa26 00279793 slli             x15, x15, 0x2       x15=00000018 x15:00000006
26686949ns          451604 1c00aa28 00d7f7b3 and              x15, x15, x13       x15=00000000 x15:00000018 x13:00001f80
26686969ns          451605 1c00aa2a ee873733 p.bclr           x14, x14, 23, 8     x14=00000030 x14:00000030
26686989ns          451606 1c00aa2e 1a10f6b7 lui              x13, 0x1a10f000     x13=1a10f000
26687009ns          451607 1c00aa32 0ff57513 andi             x10, x10, 255       x10=00000073 x10:00000073
26687029ns          451608 1c00aa36 00d70733 add              x14, x14, x13       x14=1a10f030 x14:00000030 x13:1a10f000
26687048ns          451609 1c00aa38 00a7e723 p.sw             x10, x0(x15)        x10:00000073 x15:00000000  PA:1a10f030
26687387ns          451626 1c00aa3c 00000513 addi             x10, x0, 0          x10=00000000
26687406ns          451627 1c00aa3e 00008067 jalr             x0, x1, 0            x1:1c00aae6
26687466ns          451630 1c00aae6 25f52163 p.beqimm         x10, 578            x10:00000000
26687486ns          451631 1c00aaea 001d8d93 addi             x27, x27, 1         x27=0000001b x27:0000001a
26687506ns          451632 1c00aaec 00044503 lbu              x10, 0(x8)          x10=0000003a  x8:1c00008c  PA:1c00008c
26687824ns          451648 1c00aaf0 00140413 addi             x8, x8, 1            x8=1c00008d  x8:1c00008c
26687844ns          451649 1c00aaf2 fe0514e3 bne              x10, x0, -24        x10:0000003a
26687923ns          451653 1c00aada 02500793 addi             x15, x0, 37         x15=00000025
26687943ns          451654 1c00aade 04f50863 beq              x10, x15, 80        x10:0000003a x15:00000025
26687963ns          451655 1c00aae2 01a005b3 add              x11, x0, x26        x11=00000002 x26:00000002
26687983ns          451656 1c00aae4 000b00e7 jalr             x1, x22, 0           x1=1c00aae6 x22:1c00aa18
26688023ns          451658 1c00aa18 000026b7 lui              x13, 0x2000         x13=00002000
26688043ns          451659 1c00aa1a f14027f3 csrrs            x15, x0, 0xf14      x15=00000006
26688063ns          451660 1c00aa1e f8068693 addi             x13, x13, -128      x13=00001f80 x13:00002000
26688083ns          451661 1c00aa22 00379713 slli             x14, x15, 0x3       x14=00000030 x15:00000006
26688102ns          451662 1c00aa26 00279793 slli             x15, x15, 0x2       x15=00000018 x15:00000006
26688122ns          451663 1c00aa28 00d7f7b3 and              x15, x15, x13       x15=00000000 x15:00000018 x13:00001f80
26688142ns          451664 1c00aa2a ee873733 p.bclr           x14, x14, 23, 8     x14=00000030 x14:00000030
26688162ns          451665 1c00aa2e 1a10f6b7 lui              x13, 0x1a10f000     x13=1a10f000
26688182ns          451666 1c00aa32 0ff57513 andi             x10, x10, 255       x10=0000003a x10:0000003a
26688202ns          451667 1c00aa36 00d70733 add              x14, x14, x13       x14=1a10f030 x14:00000030 x13:1a10f000
26688222ns          451668 1c00aa38 00a7e723 p.sw             x10, x0(x15)        x10:0000003a x15:00000000  PA:1a10f030
26688540ns          451684 1c00aa3c 00000513 addi             x10, x0, 0          x10=00000000
26688560ns          451685 1c00aa3e 00008067 jalr             x0, x1, 0            x1:1c00aae6
26688620ns          451688 1c00aae6 25f52163 p.beqimm         x10, 578            x10:00000000
26688639ns          451689 1c00aaea 001d8d93 addi             x27, x27, 1         x27=0000001c x27:0000001b
26688659ns          451690 1c00aaec 00044503 lbu              x10, 0(x8)          x10=00000020  x8:1c00008d  PA:1c00008d
26688958ns          451705 1c00aaf0 00140413 addi             x8, x8, 1            x8=1c00008e  x8:1c00008d
26688978ns          451706 1c00aaf2 fe0514e3 bne              x10, x0, -24        x10:00000020
26689057ns          451710 1c00aada 02500793 addi             x15, x0, 37         x15=00000025
26689077ns          451711 1c00aade 04f50863 beq              x10, x15, 80        x10:00000020 x15:00000025
26689097ns          451712 1c00aae2 01a005b3 add              x11, x0, x26        x11=00000002 x26:00000002
26689117ns          451713 1c00aae4 000b00e7 jalr             x1, x22, 0           x1=1c00aae6 x22:1c00aa18
26689157ns          451715 1c00aa18 000026b7 lui              x13, 0x2000         x13=00002000
26689176ns          451716 1c00aa1a f14027f3 csrrs            x15, x0, 0xf14      x15=00000006
26689196ns          451717 1c00aa1e f8068693 addi             x13, x13, -128      x13=00001f80 x13:00002000
26689216ns          451718 1c00aa22 00379713 slli             x14, x15, 0x3       x14=00000030 x15:00000006
26689236ns          451719 1c00aa26 00279793 slli             x15, x15, 0x2       x15=00000018 x15:00000006
26689256ns          451720 1c00aa28 00d7f7b3 and              x15, x15, x13       x15=00000000 x15:00000018 x13:00001f80
26689276ns          451721 1c00aa2a ee873733 p.bclr           x14, x14, 23, 8     x14=00000030 x14:00000030
26689296ns          451722 1c00aa2e 1a10f6b7 lui              x13, 0x1a10f000     x13=1a10f000
26689316ns          451723 1c00aa32 0ff57513 andi             x10, x10, 255       x10=00000020 x10:00000020
26689336ns          451724 1c00aa36 00d70733 add              x14, x14, x13       x14=1a10f030 x14:00000030 x13:1a10f000
26689355ns          451725 1c00aa38 00a7e723 p.sw             x10, x0(x15)        x10:00000020 x15:00000000  PA:1a10f030
26689674ns          451741 1c00aa3c 00000513 addi             x10, x0, 0          x10=00000000
26689694ns          451742 1c00aa3e 00008067 jalr             x0, x1, 0            x1:1c00aae6
26689753ns          451745 1c00aae6 25f52163 p.beqimm         x10, 578            x10:00000000
26689773ns          451746 1c00aaea 001d8d93 addi             x27, x27, 1         x27=0000001d x27:0000001c
26689793ns          451747 1c00aaec 00044503 lbu              x10, 0(x8)          x10=00000025  x8:1c00008e  PA:1c00008e
26690111ns          451763 1c00aaf0 00140413 addi             x8, x8, 1            x8=1c00008f  x8:1c00008e
26690131ns          451764 1c00aaf2 fe0514e3 bne              x10, x0, -24        x10:00000025
26690211ns          451768 1c00aada 02500793 addi             x15, x0, 37         x15=00000025
26690230ns          451769 1c00aade 04f50863 beq              x10, x15, 80        x10:00000025 x15:00000025
26690409ns          451778 1c00ab2e 00044483 lbu              x9, 0(x8)            x9=00000064  x8:1c00008f  PA:1c00008f
26690728ns          451794 1c00ab32 02000693 addi             x13, x0, 32         x13=00000020
26690748ns          451795 1c00ab36 00140a93 addi             x21, x8, 1          x21=1c000090  x8:1c00008f
26690767ns          451796 1c00ab3a 009005b3 add              x11, x0, x9         x11=00000064  x9:00000064
26690787ns          451797 1c00ab3c 610b8513 addi             x10, x23, 1552      x10=1c000610 x23:1c000000
26690807ns          451798 1c00ab40 00d12823 sw               x13, 16(x2)         x13:00000020  x2:10003368  PA:10003378
26690827ns          451799 1c00ab42 00012c23 sw               x0, 24(x2)           x2:10003368  PA:10003380
26690847ns          451800 1c00ab44 00012a23 sw               x0, 20(x2)           x2:10003368  PA:1000337c
26690867ns          451801 1c00ab46 00012e23 sw               x0, 28(x2)           x2:10003368  PA:10003384
26690887ns          451802 1c00ab48 00012623 sw               x0, 12(x2)           x2:10003368  PA:10003374
26690907ns          451803 1c00ab4a 02300913 addi             x18, x0, 35         x18=00000023
26690927ns          451804 1c00ab4e 02d00a13 addi             x20, x0, 45         x20=0000002d
26690946ns          451805 1c00ab52 015009b3 add              x19, x0, x21        x19=1c000090 x21:1c000090
26690966ns          451806 1c00ab54 e45ff0ef jal              x1, -444             x1=1c00ab56
26691006ns          451808 1c00a998 00054783 lbu              x15, 0(x10)         x15=0000002d x10:1c000610  PA:1c000610
26691324ns          451824 1c00a99c 0ff5f593 andi             x11, x11, 255       x11=00000064 x11:00000064
26691344ns          451825 1c00a9a0 00b78c63 beq              x15, x11, 24        x15:0000002d x11:00000064
26691364ns          451826 1c00a9a4 00078b63 beq              x15, x0, 22         x15:0000002d
26691384ns          451827 1c00a9a6 00150793 addi             x15, x10, 1         x15=1c000611 x10:1c000610
26691404ns          451828 1c00a9aa 0040006f jal              x0, 4              
26691503ns          451833 1c00a9ae 00f00533 add              x10, x0, x15        x10=1c000611 x15:1c000611
26691523ns          451834 1c00a9b0 0017c70b p.lbu            x14, 1(x15!)        x14=0000002b x15=1c000612 x15:1c000611  PA:1c000611
26691841ns          451850 1c00a9b4 feb71ce3 bne              x14, x11, -8        x14:0000002b x11:00000064
26691901ns          451853 1c00a9ac 00070763 beq              x14, x0, 14         x14:0000002b
26691921ns          451854 1c00a9ae 00f00533 add              x10, x0, x15        x10=1c000612 x15:1c000612
26691941ns          451855 1c00a9b0 0017c70b p.lbu            x14, 1(x15!)        x14=00000020 x15=1c000613 x15:1c000612  PA:1c000612
26692259ns          451871 1c00a9b4 feb71ce3 bne              x14, x11, -8        x14:00000020 x11:00000064
26692319ns          451874 1c00a9ac 00070763 beq              x14, x0, 14         x14:00000020
26692339ns          451875 1c00a9ae 00f00533 add              x10, x0, x15        x10=1c000613 x15:1c000613
26692359ns          451876 1c00a9b0 0017c70b p.lbu            x14, 1(x15!)        x14=00000023 x15=1c000614 x15:1c000613  PA:1c000613
26692677ns          451892 1c00a9b4 feb71ce3 bne              x14, x11, -8        x14:00000023 x11:00000064
26692736ns          451895 1c00a9ac 00070763 beq              x14, x0, 14         x14:00000023
26692756ns          451896 1c00a9ae 00f00533 add              x10, x0, x15        x10=1c000614 x15:1c000614
26692776ns          451897 1c00a9b0 0017c70b p.lbu            x14, 1(x15!)        x14=00000030 x15=1c000615 x15:1c000614  PA:1c000614
26693134ns          451915 1c00a9b4 feb71ce3 bne              x14, x11, -8        x14:00000030 x11:00000064
26693194ns          451918 1c00a9ac 00070763 beq              x14, x0, 14         x14:00000030
26693214ns          451919 1c00a9ae 00f00533 add              x10, x0, x15        x10=1c000615 x15:1c000615
26693234ns          451920 1c00a9b0 0017c70b p.lbu            x14, 1(x15!)        x14=00000000 x15=1c000616 x15:1c000615  PA:1c000615
26693552ns          451936 1c00a9b4 feb71ce3 bne              x14, x11, -8        x14:00000000 x11:00000064
26693611ns          451939 1c00a9ac 00070763 beq              x14, x0, 14         x14:00000000
26693691ns          451943 1c00a9ba 0015b593 sltiu            x11, x11, 1         x11=00000000 x11:00000064
26693711ns          451944 1c00a9be 40b005b3 sub              x11, x0, x11        x11=00000000 x11:00000000
26693731ns          451945 1c00a9c2 00b57533 and              x10, x10, x11       x10=00000000 x10:1c000615 x11:00000000
26693751ns          451946 1c00a9c4 00008067 jalr             x0, x1, 0            x1:1c00ab56
26693790ns          451948 1c00ab56 02050a63 beq              x10, x0, 52         x10:00000000
26693930ns          451955 1c00ab8a 02a00613 addi             x12, x0, 42         x12=0000002a
26693989ns          451958 1c00ab8e 1ec48c63 beq              x9, x12, 504         x9:00000064 x12:0000002a
26694029ns          451960 1c00ab92 fd048613 addi             x12, x9, -48        x12=00000034  x9:00000064
26694049ns          451961 1c00ab96 00900593 addi             x11, x0, 9          x11=00000009
26694069ns          451962 1c00ab98 00000913 addi             x18, x0, 0          x18=00000000
26694089ns          451963 1c00ab9a 1cc5f663 bgeu             x11, x12, 460       x11:00000009 x12:00000034
26694129ns          451965 1c00ab9e 02e00693 addi             x13, x0, 46         x13=0000002e
26694148ns          451966 1c00aba2 fff00a13 addi             x20, x0, -1         x20=ffffffff
26694168ns          451967 1c00aba4 22d48963 beq              x9, x13, 562         x9:00000064 x13:0000002e
26694188ns          451968 1c00aba8 1c0007b7 lui              x15, 0x1c000000     x15=1c000000
26694208ns          451969 1c00abac 009005b3 add              x11, x0, x9         x11=00000064  x9:00000064
26694268ns          451972 1c00abae 61878513 addi             x10, x15, 1560      x10=1c000618 x15:1c000000
26694288ns          451973 1c00abb2 de7ff0ef jal              x1, -538             x1=1c00abb4
26694327ns          451975 1c00a998 00054783 lbu              x15, 0(x10)         x15=00000068 x10:1c000618  PA:1c000618
26694626ns          451990 1c00a99c 0ff5f593 andi             x11, x11, 255       x11=00000064 x11:00000064
26694646ns          451991 1c00a9a0 00b78c63 beq              x15, x11, 24        x15:00000068 x11:00000064
26694666ns          451992 1c00a9a4 00078b63 beq              x15, x0, 22         x15:00000068
26694685ns          451993 1c00a9a6 00150793 addi             x15, x10, 1         x15=1c000619 x10:1c000618
26694705ns          451994 1c00a9aa 0040006f jal              x0, 4              
26694745ns          451996 1c00a9ae 00f00533 add              x10, x0, x15        x10=1c000619 x15:1c000619
26694765ns          451997 1c00a9b0 0017c70b p.lbu            x14, 1(x15!)        x14=0000006c x15=1c00061a x15:1c000619  PA:1c000619
26695083ns          452013 1c00a9b4 feb71ce3 bne              x14, x11, -8        x14:0000006c x11:00000064
26695143ns          452016 1c00a9ac 00070763 beq              x14, x0, 14         x14:0000006c
26695163ns          452017 1c00a9ae 00f00533 add              x10, x0, x15        x10=1c00061a x15:1c00061a
26695183ns          452018 1c00a9b0 0017c70b p.lbu            x14, 1(x15!)        x14=0000004c x15=1c00061b x15:1c00061a  PA:1c00061a
26695521ns          452035 1c00a9b4 feb71ce3 bne              x14, x11, -8        x14:0000004c x11:00000064
26695580ns          452038 1c00a9ac 00070763 beq              x14, x0, 14         x14:0000004c
26695600ns          452039 1c00a9ae 00f00533 add              x10, x0, x15        x10=1c00061b x15:1c00061b
26695620ns          452040 1c00a9b0 0017c70b p.lbu            x14, 1(x15!)        x14=0000007a x15=1c00061c x15:1c00061b  PA:1c00061b
26695958ns          452057 1c00a9b4 feb71ce3 bne              x14, x11, -8        x14:0000007a x11:00000064
26696018ns          452060 1c00a9ac 00070763 beq              x14, x0, 14         x14:0000007a
26696038ns          452061 1c00a9ae 00f00533 add              x10, x0, x15        x10=1c00061c x15:1c00061c
26696058ns          452062 1c00a9b0 0017c70b p.lbu            x14, 1(x15!)        x14=00000000 x15=1c00061d x15:1c00061c  PA:1c00061c
26696376ns          452078 1c00a9b4 feb71ce3 bne              x14, x11, -8        x14:00000000 x11:00000064
26696436ns          452081 1c00a9ac 00070763 beq              x14, x0, 14         x14:00000000
26696515ns          452085 1c00a9ba 0015b593 sltiu            x11, x11, 1         x11=00000000 x11:00000064
26696535ns          452086 1c00a9be 40b005b3 sub              x11, x0, x11        x11=00000000 x11:00000000
26696555ns          452087 1c00a9c2 00b57533 and              x10, x10, x11       x10=00000000 x10:1c00061c x11:00000000
26696575ns          452088 1c00a9c4 00008067 jalr             x0, x1, 0            x1:1c00abb4
26696615ns          452090 1c00abb4 01300433 add              x8, x0, x19          x8=1c000090 x19:1c000090
26696634ns          452091 1c00abb6 00050563 beq              x10, x0, 10         x10:00000000
26696694ns          452094 1c00abc0 06700693 addi             x13, x0, 103        x13=00000067
26696714ns          452095 1c00abc4 1c96df63 bge              x13, x9, 478        x13:00000067  x9:00000064
26696853ns          452102 1c00ada2 06500693 addi             x13, x0, 101        x13=00000065
26696873ns          452103 1c00ada6 12d4d463 bge              x9, x13, 296         x9:00000064 x13:00000065
26696893ns          452104 1c00adaa 04700693 addi             x13, x0, 71         x13=00000047
26696973ns          452108 1c00adae 5296c363 blt              x13, x9, 1318       x13:00000047  x9:00000064
26697072ns          452113 1c00b2d4 06300693 addi             x13, x0, 99         x13=00000063
26697112ns          452115 1c00b2d8 1cd48463 beq              x9, x13, 456         x9:00000064 x13:00000063
26697132ns          452116 1c00b2dc 1296c763 blt              x13, x9, 302        x13:00000063  x9:00000064
26697251ns          452122 1c00b40a 000c2503 lw               x10, 0(x24)         x10=00000008 x24:100034c0  PA:100034c0
26697271ns          452123 1c00b40e 004c0c13 addi             x24, x24, 4         x24=100034c4 x24:100034c0
26697311ns          452125 1c00b410 2c054b63 blt              x10, x0, 726        x10:00000008
26697350ns          452127 1c00b414 01412603 lw               x12, 20(x2)         x12=00000000  x2:10003368  PA:1000337c
26697370ns          452128 1c00b416 00a006b3 add              x13, x0, x10        x13=00000008 x10:00000008
26697390ns          452129 1c00b418 2e061463 bne              x12, x0, 744        x12:00000000
26697410ns          452130 1c00b41c 01812703 lw               x14, 24(x2)         x14=00000000  x2:10003368  PA:10003380
26697430ns          452131 1c00b41e 019007b3 add              x15, x0, x25        x15=1000338c x25:1000338c
26697450ns          452132 1c00b420 00070763 beq              x14, x0, 14         x14:00000000
26697510ns          452135 1c00b42e 00f00733 add              x14, x0, x15        x14=1000338c x15:1000338c
26697569ns          452138 1c00b430 00a00593 addi             x11, x0, 10         x11=0000000a
26697609ns          452140 1c00b432 02b6f633 remu             x12, x13, x11       x12=00000008 x13:00000008 x11:0000000a
26698225ns          452171 1c00b436 02b6d6b3 divu             x13, x13, x11       x13=00000000 x13:00000008 x11:0000000a
26698842ns          452202 1c00b43a 03060613 addi             x12, x12, 48        x12=00000038 x12:00000008
26698862ns          452203 1c00b43e 00c700ab p.sb             x12, 1(x14!)        x14=1000338d x12:00000038 x14:1000338c  PA:1000338c
26698882ns          452204 1c00b442 fe0698e3 bne              x13, x0, -16        x13:00000000
26698902ns          452205 1c00b444 40f706b3 sub              x13, x14, x15       x13=00000001 x14:1000338d x15:1000338c
26698922ns          452206 1c00b448 0146da63 bge              x13, x20, 20        x13:00000001 x20:ffffffff
26698981ns          452209 1c00b45c 00e006b3 add              x13, x0, x14        x13=1000338d x14:1000338d
26699001ns          452210 1c00b45e fe068fab p.sb             x0, -1(x13!)        x13=1000338c x13:1000338d  PA:1000338d
26699021ns          452211 1c00b462 00d7fc63 bgeu             x15, x13, 24        x15:1000338c x13:1000338c
26699081ns          452214 1c00b47a 01412783 lw               x15, 20(x2)         x15=00000000  x2:10003368  PA:1000337c
26699101ns          452215 1c00b47c 01812603 lw               x12, 24(x2)         x12=00000000  x2:10003368  PA:10003380
26699120ns          452216 1c00b47e 419704b3 sub              x9, x14, x25         x9=00000001 x14:1000338d x25:1000338c
26699140ns          452217 1c00b482 00c7e7b3 or               x15, x15, x12       x15=00000000 x15:00000000 x12:00000000
26699160ns          452218 1c00b484 00f12623 sw               x15, 12(x2)         x15:00000000  x2:10003368  PA:10003374
26699180ns          452219 1c00b486 00079363 bne              x15, x0, 6          x15:00000000
26699200ns          452220 1c00b488 01f55513 srli             x10, x10, 0x1f      x10=00000000 x10:00000008
26699220ns          452221 1c00b48a 00a12623 sw               x10, 12(x2)         x10:00000000  x2:10003368  PA:10003374
26699240ns          452222 1c00b48c ddfa22e3 p.beqimm         x20, -572           x20:ffffffff
26699299ns          452225 1c00b250 0c800793 addi             x15, x0, 200        x15=000000c8
26699319ns          452226 1c00b254 ac97cae3 blt              x15, x9, -1324      x15:000000c8  x9:00000001
26699339ns          452227 1c00b258 9d24c8e3 blt              x9, x18, -1584       x9:00000001 x18:00000000
26699359ns          452228 1c00b25c aabff06f jal              x0, -1366          
26699478ns          452234 1c00ad06 dc0486e3 beq              x9, x0, -564         x9:00000001
26699498ns          452235 1c00ad0a 01900933 add              x18, x0, x25        x18=1000338c x25:1000338c
26699518ns          452236 1c00ad0c 419d8db3 sub              x27, x27, x25       x27=efffcc91 x27:0000001d x25:1000338c
26699558ns          452238 1c00ad10 00a0006f jal              x0, 10             
26699618ns          452241 1c00ad1a 0019450b p.lbu            x10, 1(x18!)        x10=00000038 x18=1000338d x18:1000338c  PA:1000338c
26699638ns          452242 1c00ad1e 01a005b3 add              x11, x0, x26        x11=00000002 x26:00000002
26699677ns          452244 1c00ad20 000b00e7 jalr             x1, x22, 0           x1=1c00ad22 x22:1c00aa18
26699757ns          452248 1c00aa18 000026b7 lui              x13, 0x2000         x13=00002000
26699797ns          452250 1c00aa1a f14027f3 csrrs            x15, x0, 0xf14      x15=00000006
26699856ns          452253 1c00aa1e f8068693 addi             x13, x13, -128      x13=00001f80 x13:00002000
26699896ns          452255 1c00aa22 00379713 slli             x14, x15, 0x3       x14=00000030 x15:00000006
26699916ns          452256 1c00aa26 00279793 slli             x15, x15, 0x2       x15=00000018 x15:00000006
26699936ns          452257 1c00aa28 00d7f7b3 and              x15, x15, x13       x15=00000000 x15:00000018 x13:00001f80
26699956ns          452258 1c00aa2a ee873733 p.bclr           x14, x14, 23, 8     x14=00000030 x14:00000030
26699976ns          452259 1c00aa2e 1a10f6b7 lui              x13, 0x1a10f000     x13=1a10f000
26699996ns          452260 1c00aa32 0ff57513 andi             x10, x10, 255       x10=00000038 x10:00000038
26700015ns          452261 1c00aa36 00d70733 add              x14, x14, x13       x14=1a10f030 x14:00000030 x13:1a10f000
26700035ns          452262 1c00aa38 00a7e723 p.sw             x10, x0(x15)        x10:00000038 x15:00000000  PA:1a10f030
26700353ns          452278 1c00aa3c 00000513 addi             x10, x0, 0          x10=00000000
26700373ns          452279 1c00aa3e 00008067 jalr             x0, x1, 0            x1:1c00ad22
26700413ns          452281 1c00ad22 fff48493 addi             x9, x9, -1           x9=00000000  x9:00000001
26700433ns          452282 1c00ad24 fff537e3 p.bneimm         x10, -18            x10:00000000
26700513ns          452286 1c00ad12 012d8733 add              x14, x27, x18       x14=0000001e x27:efffcc91 x18:1000338d
26700532ns          452287 1c00ad16 66048d63 beq              x9, x0, 1658         x9:00000000
26700592ns          452290 1c00b390 00e00db3 add              x27, x0, x14        x27=0000001e x14:0000001e
26700612ns          452291 1c00b392 f40ff06f jal              x0, -2240          
26700672ns          452294 1c00aad2 00044503 lbu              x10, 0(x8)          x10=0000000a  x8:1c000090  PA:1c000090
26700990ns          452310 1c00aad6 00140413 addi             x8, x8, 1            x8=1c000091  x8:1c000090
26701010ns          452311 1c00aad8 00050e63 beq              x10, x0, 28         x10:0000000a
26701030ns          452312 1c00aada 02500793 addi             x15, x0, 37         x15=00000025
26701050ns          452313 1c00aade 04f50863 beq              x10, x15, 80        x10:0000000a x15:00000025
26701069ns          452314 1c00aae2 01a005b3 add              x11, x0, x26        x11=00000002 x26:00000002
26701089ns          452315 1c00aae4 000b00e7 jalr             x1, x22, 0           x1=1c00aae6 x22:1c00aa18
26701129ns          452317 1c00aa18 000026b7 lui              x13, 0x2000         x13=00002000
26701149ns          452318 1c00aa1a f14027f3 csrrs            x15, x0, 0xf14      x15=00000006
26701169ns          452319 1c00aa1e f8068693 addi             x13, x13, -128      x13=00001f80 x13:00002000
26701189ns          452320 1c00aa22 00379713 slli             x14, x15, 0x3       x14=00000030 x15:00000006
26701209ns          452321 1c00aa26 00279793 slli             x15, x15, 0x2       x15=00000018 x15:00000006
26701229ns          452322 1c00aa28 00d7f7b3 and              x15, x15, x13       x15=00000000 x15:00000018 x13:00001f80
26701248ns          452323 1c00aa2a ee873733 p.bclr           x14, x14, 23, 8     x14=00000030 x14:00000030
26701268ns          452324 1c00aa2e 1a10f6b7 lui              x13, 0x1a10f000     x13=1a10f000
26701288ns          452325 1c00aa32 0ff57513 andi             x10, x10, 255       x10=0000000a x10:0000000a
26701308ns          452326 1c00aa36 00d70733 add              x14, x14, x13       x14=1a10f030 x14:00000030 x13:1a10f000
26701328ns          452327 1c00aa38 00a7e723 p.sw             x10, x0(x15)        x10:0000000a x15:00000000  PA:1a10f030
26701666ns          452344 1c00aa3c 00000513 addi             x10, x0, 0          x10=00000000
26701686ns          452345 1c00aa3e 00008067 jalr             x0, x1, 0            x1:1c00aae6
26701746ns          452348 1c00aae6 25f52163 p.beqimm         x10, 578            x10:00000000
26701766ns          452349 1c00aaea 001d8d93 addi             x27, x27, 1         x27=0000001f x27:0000001e
26701785ns          452350 1c00aaec 00044503 lbu              x10, 0(x8)          x10=00000000  x8:1c000091  PA:1c000091
26702124ns          452367 1c00aaf0 00140413 addi             x8, x8, 1            x8=1c000092  x8:1c000091
26702143ns          452368 1c00aaf2 fe0514e3 bne              x10, x0, -24        x10:00000000
26702163ns          452369 1c00aaf4 01b00433 add              x8, x0, x27          x8=0000001f x27:0000001f
26702183ns          452370 1c00aaf6 00800533 add              x10, x0, x8         x10=0000001f  x8:0000001f
26702203ns          452371 1c00aaf8 12c12083 lw               x1, 300(x2)          x1=1c00aa84  x2:10003368  PA:10003494
26702223ns          452372 1c00aafc 12812403 lw               x8, 296(x2)          x8=xxxxxxxx  x2:10003368  PA:10003490
26702263ns          452374 1c00ab00 12412483 lw               x9, 292(x2)          x9=xxxxxxxx  x2:10003368  PA:1000348c
26702303ns          452376 1c00ab04 12012903 lw               x18, 288(x2)        x18=xxxxxxxx  x2:10003368  PA:10003488
26702322ns          452377 1c00ab08 11c12983 lw               x19, 284(x2)        x19=xxxxxxxx  x2:10003368  PA:10003484
26702342ns          452378 1c00ab0c 11812a03 lw               x20, 280(x2)        x20=xxxxxxxx  x2:10003368  PA:10003480
26702402ns          452381 1c00ab10 11412a83 lw               x21, 276(x2)        x21=xxxxxxxx  x2:10003368  PA:1000347c
26702442ns          452383 1c00ab14 11012b03 lw               x22, 272(x2)        x22=xxxxxxxx  x2:10003368  PA:10003478
26702462ns          452384 1c00ab18 10c12b83 lw               x23, 268(x2)        x23=xxxxxxxx  x2:10003368  PA:10003474
26702501ns          452386 1c00ab1c 10812c03 lw               x24, 264(x2)        x24=xxxxxxxx  x2:10003368  PA:10003470
26702521ns          452387 1c00ab20 10412c83 lw               x25, 260(x2)        x25=xxxxxxxx  x2:10003368  PA:1000346c
26702541ns          452388 1c00ab24 10012d03 lw               x26, 256(x2)        x26=xxxxxxxx  x2:10003368  PA:10003468
26702561ns          452389 1c00ab28 0fc12d83 lw               x27, 252(x2)        x27=xxxxxxxx  x2:10003368  PA:10003464
26702581ns          452390 1c00ab2a 13010113 addi             x2, x2, 304          x2=10003498  x2:10003368
26702601ns          452391 1c00ab2c 00008067 jalr             x0, x1, 0            x1:1c00aa84
26702700ns          452396 1c00aa84 01c12083 lw               x1, 28(x2)           x1=1c0092a0  x2:10003498  PA:100034b4
26702720ns          452397 1c00aa86 04010113 addi             x2, x2, 64           x2=100034d8  x2:10003498
26702760ns          452399 1c00aa88 00008067 jalr             x0, x1, 0            x1:1c0092a0
26702899ns          452406 1c0092a0 1c0010b7 lui              x1, 0x1c001000       x1=1c001000
26702939ns          452408 1c0092a4 e9808093 addi             x1, x1, -360         x1=1c000e98  x1:1c001000
26702959ns          452409 1c0092a8 0000a583 lw               x11, 0(x1)          x11=00000000  x1:1c000e98  PA:1c000e98
26703257ns          452424 1c0092ac 0040a603 lw               x12, 4(x1)          x12=007f0427  x1:1c000e98  PA:1c000e9c
26703655ns          452444 1c0092b0 0080a683 lw               x13, 8(x1)          x13=ff6affd1  x1:1c000e98  PA:1c000ea0
26704152ns          452469 1c0092b4 0100a783 lw               x15, 16(x1)         x15=00000000  x1:1c000e98  PA:1c000ea8
26704550ns          452489 1c0092b8 00c0a703 lw               x14, 12(x1)         x14=0060ffe5  x1:1c000e98  PA:1c000ea4
26704968ns          452510 1c0092bc 2cb12623 sw               x11, 716(x2)        x11:00000000  x2:100034d8  PA:100037a4
26704987ns          452511 1c0092c0 2cc12823 sw               x12, 720(x2)        x12:007f0427  x2:100034d8  PA:100037a8
26705007ns          452512 1c0092c4 2cd12a23 sw               x13, 724(x2)        x13:ff6affd1  x2:100034d8  PA:100037ac
26705027ns          452513 1c0092c8 2ce12c23 sw               x14, 728(x2)        x14:0060ffe5  x2:100034d8  PA:100037b0
26705047ns          452514 1c0092cc 2cf12e23 sw               x15, 732(x2)        x15:00000000  x2:100034d8  PA:100037b4
26705266ns          452525 1c0092d0 21d020ef jal              x1, 10780            x1=1c0092d4
26705723ns          452548 1c00bcec f14027f3 csrrs            x15, x0, 0xf14      x15=00000006
26706220ns          452573 1c00bcf0 01f00713 addi             x14, x0, 31         x14=0000001f
26706260ns          452575 1c00bcf2 ca5797b3 p.extractu       x15, x15, 5, 5      x15=00000000 x15:00000006
26706280ns          452576 1c00bcf6 00e78863 beq              x15, x14, 16        x15:00000000 x14:0000001f
26706300ns          452577 1c00bcfa 002047b7 lui              x15, 0x204000       x15=00204000
26706738ns          452599 1c00bcfe 20078793 addi             x15, x15, 512       x15=00204200 x15:00204000
26706777ns          452601 1c00bd02 01c7e703 p.elw            x14, 28(x15)        x14=00010000 x15:00204200  PA:0020421c
26706917ns          452608 1c00bd06 00008067 jalr             x0, x1, 0            x1:1c0092d4
26707294ns          452627 1c0092d4 0ac12283 lw               x5, 172(x2)          x5=00000006  x2:100034d8  PA:10003584
26707314ns          452628 1c0092d6 1c003437 lui              x8, 0x1c003000       x8=1c003000
26707334ns          452629 1c0092da 1c0034b7 lui              x9, 0x1c003000       x9=1c003000
26707752ns          452650 1c0092de 1c003537 lui              x10, 0x1c003000     x10=1c003000
26707792ns          452652 1c0092e2 1c0035b7 lui              x11, 0x1c003000     x11=1c003000
26707811ns          452653 1c0092e6 1c003637 lui              x12, 0x1c003000     x12=1c003000
26707831ns          452654 1c0092ea 1c0036b7 lui              x13, 0x1c003000     x13=1c003000
26708289ns          452677 1c0092ee 1c0037b7 lui              x15, 0x1c003000     x15=1c003000
26708329ns          452679 1c0092f2 1c003db7 lui              x27, 0x1c003000     x27=1c003000
26708348ns          452680 1c0092f6 00129b93 slli             x23, x5, 0x1        x23=0000000c  x5:00000006
26708368ns          452681 1c0092fa ef058593 addi             x11, x11, -272      x11=1c002ef0 x11:1c003000
26708826ns          452704 1c0092fe f0060613 addi             x12, x12, -256      x12=1c002f00 x12:1c003000
26708866ns          452706 1c009302 e6078793 addi             x15, x15, -416      x15=1c002e60 x15:1c003000
26708885ns          452707 1c009306 ec040413 addi             x8, x8, -320         x8=1c002ec0  x8:1c003000
26708905ns          452708 1c00930a ed048493 addi             x9, x9, -304         x9=1c002ed0  x9:1c003000
26709343ns          452730 1c00930e ee050513 addi             x10, x10, -288      x10=1c002ee0 x10:1c003000
26709383ns          452732 1c009312 e7068693 addi             x13, x13, -400      x13=1c002e70 x13:1c003000
26709403ns          452733 1c009316 e90d8d93 addi             x27, x27, -368      x27=1c002e90 x27:1c003000
26709422ns          452734 1c00931a 1c003e37 lui              x28, 0x1c003000     x28=1c003000
26709820ns          452754 1c00931e 1c003eb7 lui              x29, 0x1c003000     x29=1c003000
26709860ns          452756 1c009322 1c003f37 lui              x30, 0x1c003000     x30=1c003000
26709880ns          452757 1c009326 01740c33 add              x24, x8, x23        x24=1c002ecc  x8:1c002ec0 x23:0000000c
26709900ns          452758 1c00932a 01748b33 add              x22, x9, x23        x22=1c002edc  x9:1c002ed0 x23:0000000c
26710357ns          452781 1c00932e 01758a33 add              x20, x11, x23       x20=1c002efc x11:1c002ef0 x23:0000000c
26710397ns          452783 1c009332 017609b3 add              x19, x12, x23       x19=1c002f0c x12:1c002f00 x23:0000000c
26710417ns          452784 1c009336 017784b3 add              x9, x15, x23         x9=1c002e6c x15:1c002e60 x23:0000000c
26710437ns          452785 1c00933a 01750d33 add              x26, x10, x23       x26=1c002eec x10:1c002ee0 x23:0000000c
26710894ns          452808 1c00933e 01768933 add              x18, x13, x23       x18=1c002e7c x13:1c002e70 x23:0000000c
26710934ns          452810 1c009342 017d8433 add              x8, x27, x23         x8=1c002e9c x27:1c002e90 x23:0000000c
26710954ns          452811 1c009346 e80e0e13 addi             x28, x28, -384      x28=1c002e80 x28:1c003000
26710974ns          452812 1c00934a eb0e8e93 addi             x29, x29, -336      x29=1c002eb0 x29:1c003000
26711391ns          452833 1c00934e ea0f0f13 addi             x30, x30, -352      x30=1c002ea0 x30:1c003000
26711431ns          452835 1c009352 000c1023 sh               x0, 0(x24)          x24:1c002ecc  PA:1c002ecc
26711749ns          452851 1c009356 000b1023 sh               x0, 0(x22)          x22:1c002edc  PA:1c002edc
26712127ns          452870 1c00935a 00041023 sh               x0, 0(x8)            x8:1c002e9c  PA:1c002e9c
26712445ns          452886 1c00935e 000e5ba3 p.sh             x0, x0(x28)         x28:1c002e80  PA:1c002e8c
26712764ns          452902 1c009362 000edba3 p.sh             x0, x0(x29)         x29:1c002eb0  PA:1c002ebc
26713082ns          452918 1c009366 000f5ba3 p.sh             x0, x0(x30)         x30:1c002ea0  PA:1c002eac
26713400ns          452934 1c00936a 000d1023 sh               x0, 0(x26)          x26:1c002eec  PA:1c002eec
26713718ns          452950 1c00936e 000a1023 sh               x0, 0(x20)          x20:1c002efc  PA:1c002efc
26714036ns          452966 1c009372 00099023 sh               x0, 0(x19)          x19:1c002f0c  PA:1c002f0c
26714394ns          452984 1c009376 00091023 sh               x0, 0(x18)          x18:1c002e7c  PA:1c002e7c
26714713ns          453000 1c00937a 00049023 sh               x0, 0(x9)            x9:1c002e6c  PA:1c002e6c
26715031ns          453016 1c00937e 16f020ef jal              x1, 10606            x1=1c009382
26715051ns          453017 1c00bcec f14027f3 csrrs            x15, x0, 0xf14      x15=00000006
26715071ns          453018 1c00bcf0 01f00713 addi             x14, x0, 31         x14=0000001f
26715090ns          453019 1c00bcf2 ca5797b3 p.extractu       x15, x15, 5, 5      x15=00000000 x15:00000006
26715110ns          453020 1c00bcf6 00e78863 beq              x15, x14, 16        x15:00000000 x14:0000001f
26715130ns          453021 1c00bcfa 002047b7 lui              x15, 0x204000       x15=00204000
26715150ns          453022 1c00bcfe 20078793 addi             x15, x15, 512       x15=00204200 x15:00204000
26715170ns          453023 1c00bd02 01c7e703 p.elw            x14, 28(x15)        x14=00010000 x15:00204200  PA:0020421c
26715349ns          453032 1c00bd06 00008067 jalr             x0, x1, 0            x1:1c009382
26715409ns          453035 1c009382 1c0027b7 lui              x15, 0x1c002000     x15=1c002000
26715429ns          453036 1c009386 e5078793 addi             x15, x15, -432      x15=1c001e50 x15:1c002000
26715448ns          453037 1c00938a 017785b3 add              x11, x15, x23       x11=1c001e5c x15:1c001e50 x23:0000000c
26716045ns          453067 1c00938e 1c0017b7 lui              x15, 0x1c001000     x15=1c001000
26716085ns          453069 1c009392 67c78793 addi             x15, x15, 1660      x15=1c00167c x15:1c001000
26716105ns          453070 1c009396 01778633 add              x12, x15, x23       x12=1c001688 x15:1c00167c x23:0000000c
26716125ns          453071 1c00939a 1c0017b7 lui              x15, 0x1c001000     x15=1c001000
26716522ns          453091 1c00939e eac78793 addi             x15, x15, -340      x15=1c000eac x15:1c001000
26716562ns          453093 1c0093a2 01778ab3 add              x21, x15, x23       x21=1c000eb8 x15:1c000eac x23:0000000c
26716582ns          453094 1c0093a6 1c002cb7 lui              x25, 0x1c002000     x25=1c002000
26716602ns          453095 1c0093aa 0ac12783 lw               x15, 172(x2)        x15=00000006  x2:100034d8  PA:10003584
26716622ns          453096 1c0093ac 688c8c93 addi             x25, x25, 1672      x25=1c002688 x25:1c002000
26717059ns          453118 1c0093b0 017c8cb3 add              x25, x25, x23       x25=1c002694 x25:1c002688 x23:0000000c
26717079ns          453119 1c0093b2 03812423 sw               x24, 40(x2)         x24:1c002ecc  x2:100034d8  PA:10003500
26717099ns          453120 1c0093b4 03612823 sw               x22, 48(x2)         x22:1c002edc  x2:100034d8  PA:10003508
26717119ns          453121 1c0093b6 0a812023 sw               x8, 160(x2)          x8:1c002e9c  x2:100034d8  PA:10003578
26717139ns          453122 1c0093b8 01700c33 add              x24, x0, x23        x24=0000000c x23:0000000c
26717159ns          453123 1c0093ba 03a12c23 sw               x26, 56(x2)         x26:1c002eec  x2:100034d8  PA:10003510
26717179ns          453124 1c0093bc 01500bb3 add              x23, x0, x21        x23=1c000eb8 x21:1c000eb8
26717199ns          453125 1c0093be 05412023 sw               x20, 64(x2)         x20:1c002efc  x2:100034d8  PA:10003518
26717596ns          453145 1c0093c0 05312423 sw               x19, 72(x2)         x19:1c002f0c  x2:100034d8  PA:10003520
26717616ns          453146 1c0093c2 05212823 sw               x18, 80(x2)         x18:1c002e7c  x2:100034d8  PA:10003528
26717636ns          453147 1c0093c4 04912c23 sw               x9, 88(x2)           x9:1c002e6c  x2:100034d8  PA:10003530
26717656ns          453148 1c0093c6 00b00433 add              x8, x0, x11          x8=1c001e5c x11:1c001e5c
26717676ns          453149 1c0093c8 00f00b33 add              x22, x0, x15        x22=00000006 x15:00000006
26717696ns          453150 1c0093ca 00c00ab3 add              x21, x0, x12        x21=1c001688 x12:1c001688
26717716ns          453151 1c0093cc 010c9a0b p.lh             x20, 16(x25!)       x20=fffffe9f x25=1c0026a4 x25:1c002694  PA:1c002694
26718292ns          453180 1c0093d0 0104198b p.lh             x19, 16(x8!)        x19=0000013b  x8=1c001e6c  x8:1c001e5c  PA:1c001e5c
26718790ns          453205 1c0093d4 2cc10513 addi             x10, x2, 716        x10=100037a4  x2:100034d8
26718810ns          453206 1c0093d6 010a990b p.lh             x18, 16(x21!)       x18=fffffed1 x21=1c001698 x21:1c001688  PA:1c001688
26719207ns          453226 1c0093da 010b948b p.lh             x9, 16(x23!)         x9=0000016a x23=1c000ec8 x23:1c000eb8  PA:1c000eb8
26719605ns          453246 1c0093de 2d411623 sh               x20, 716(x2)        x20:fffffe9f  x2:100034d8  PA:100037a4
26719625ns          453247 1c0093e2 2d311723 sh               x19, 718(x2)        x19:0000013b  x2:100034d8  PA:100037a6
26719645ns          453248 1c0093e6 c33ff0ef jal              x1, -974             x1=1c0093e8
26719983ns          453265 1c009018 00051803 lh               x16, 0(x10)         x16=fffffe9f x10:100037a4  PA:100037a4
26720043ns          453268 1c00901c 00251883 lh               x17, 2(x10)         x17=0000013b x10:100037a4  PA:100037a6
26720420ns          453287 1c009020 030806b3 mul              x13, x16, x16       x13=0001e6c1 x16:fffffe9f x16:fffffe9f
26720460ns          453289 1c009024 03188633 mul              x12, x17, x17       x12=00018399 x17:0000013b x17:0000013b
26720480ns          453290 1c009028 40a65613 srai             x12, x12, 0x40a     x12=00000060 x12:00018399
26720500ns          453291 1c00902a 40a6d693 srai             x13, x13, 0x40a     x13=00000079 x13:0001e6c1
26720520ns          453292 1c00902c 00c686b3 add              x13, x13, x12       x13=000000d9 x13:00000079 x12:00000060
26720957ns          453314 1c00902e 1006c633 p.exths          x12, x13, x0        x12=000000d9 x13:000000d9
26720997ns          453316 1c009032 00855703 lhu              x14, 8(x10)         x14=0000ffd1 x10:100037a4  PA:100037ac
26721037ns          453318 1c009036 00a55683 lhu              x13, 10(x10)        x13=0000ff6a x10:100037a4  PA:100037ae
26721136ns          453323 1c00903a 02c60333 mul              x6, x12, x12         x6=0000b7f1 x12:000000d9 x12:000000d9
26721494ns          453341 1c00903e 00c55783 lhu              x15, 12(x10)        x15=0000ffe5 x10:100037a4  PA:100037b0
26721554ns          453344 1c009042 00e55583 lhu              x11, 14(x10)        x11=00000060 x10:100037a4  PA:100037b2
26721654ns          453349 1c009046 dea30333 p.extract        x6, x6, 15, 10       x6=0000002d  x6:0000b7f1
26721673ns          453350 1c00904a 80c7075b p.muls           x14, x14, x12       x14=ffffd829 x14:0000ffd1 x12:000000d9
26722012ns          453367 1c00904e 80c686db p.muls           x13, x13, x12       x13=ffff80da x13:0000ff6a x12:000000d9
26722051ns          453369 1c009052 00455e83 lhu              x29, 4(x10)         x29=00000427 x10:100037a4  PA:100037a8
26722091ns          453371 1c009056 00655e03 lhu              x28, 6(x10)         x28=0000007f x10:100037a4  PA:100037aa
26722191ns          453376 1c00905a 40a75713 srai             x14, x14, 0x40a     x14=fffffff6 x14:ffffd829
26722210ns          453377 1c00905c 806787db p.muls           x15, x15, x6        x15=fffffb41 x15:0000ffe5  x6:0000002d
26722529ns          453393 1c009060 40a6d693 srai             x13, x13, 0x40a     x13=ffffffe0 x13:ffff80da
26722568ns          453395 1c009062 8065865b p.muls           x12, x11, x6        x12=000010e0 x11:00000060  x6:0000002d
26722588ns          453396 1c009066 40a7d793 srai             x15, x15, 0x40a     x15=fffffffe x15:fffffb41
26722608ns          453397 1c009068 40a65613 srai             x12, x12, 0x40a     x12=00000004 x12:000010e0
26722628ns          453398 1c00906a 01d70733 add              x14, x14, x29       x14=0000041d x14:fffffff6 x29:00000427
26722648ns          453399 1c00906c 01c686b3 add              x13, x13, x28       x13=0000005f x13:ffffffe0 x28:0000007f
26722668ns          453400 1c00906e 00c686b3 add              x13, x13, x12       x13=00000063 x13:0000005f x12:00000004
26723046ns          453419 1c009070 00f70733 add              x14, x14, x15       x14=0000041b x14:0000041d x15:fffffffe
26723085ns          453421 1c009072 100747b3 p.exths          x15, x14, x0        x15=0000041b x14:0000041b
26723105ns          453422 1c009076 1006c733 p.exths          x14, x13, x0        x14=00000063 x13:00000063
26723125ns          453423 1c00907a 03170633 mul              x12, x14, x17       x12=000079d1 x14:00000063 x17:0000013b
26723583ns          453446 1c00907e 030786b3 mul              x13, x15, x16       x13=fffa56c5 x15:0000041b x16:fffffe9f
26723622ns          453448 1c009082 03070733 mul              x14, x14, x16       x14=ffff777d x14:00000063 x16:fffffe9f
26723642ns          453449 1c009086 031787b3 mul              x15, x15, x17       x15=00050d39 x15:0000041b x17:0000013b
26723662ns          453450 1c00908a 40a6d693 srai             x13, x13, 0x40a     x13=fffffe95 x13:fffa56c5
26723682ns          453451 1c00908c 40a65613 srai             x12, x12, 0x40a     x12=0000001e x12:000079d1
26723702ns          453452 1c00908e 40a7d793 srai             x15, x15, 0x40a     x15=00000143 x15:00050d39
26724100ns          453472 1c009090 40a75713 srai             x14, x14, 0x40a     x14=ffffffdd x14:ffff777d
26724120ns          453473 1c009092 40c686b3 sub              x13, x13, x12       x13=fffffe77 x13:fffffe95 x12:0000001e
26724140ns          453474 1c009094 00e787b3 add              x15, x15, x14       x15=00000120 x15:00000143 x14:ffffffdd
26724159ns          453475 1c009096 00d51823 sh               x13, 16(x10)        x13:fffffe77 x10:100037a4  PA:100037b4
26724199ns          453477 1c00909a 00f51923 sh               x15, 18(x10)        x15:00000120 x10:100037a4  PA:100037b6
26724299ns          453482 1c00909e 00008067 jalr             x0, x1, 0            x1:1c0093e8
26724617ns          453498 1c0093e8 2dc15583 lhu              x11, 732(x2)        x11=0000fe77  x2:100034d8  PA:100037b4
26724657ns          453500 1c0093ec 2de15783 lhu              x15, 734(x2)        x15=00000120  x2:100034d8  PA:100037b6
26725094ns          453522 1c0093f0 40b90933 sub              x18, x18, x11       x18=ffff005a x18:fffffed1 x11:0000fe77
26725134ns          453524 1c0093f4 40f484b3 sub              x9, x9, x15          x9=0000004a  x9:0000016a x15:00000120
26725154ns          453525 1c0093f6 100945b3 p.exths          x11, x18, x0        x11=0000005a x18:ffff005a
26725174ns          453526 1c0093fa 1004c7b3 p.exths          x15, x9, x0         x15=0000004a  x9:0000004a
26725631ns          453549 1c0093fe 034586b3 mul              x13, x11, x20       x13=ffff83e6 x11:0000005a x20:fffffe9f
26725671ns          453551 1c009402 03378533 mul              x10, x15, x19       x10=00005b0e x15:0000004a x19:0000013b
26725691ns          453552 1c009406 034a0633 mul              x12, x20, x20       x12=0001e6c1 x20:fffffe9f x20:fffffe9f
26725711ns          453553 1c00940a 03398733 mul              x14, x19, x19       x14=00018399 x19:0000013b x19:0000013b
26726168ns          453576 1c00940e 034787b3 mul              x15, x15, x20       x15=ffff99f6 x15:0000004a x20:fffffe9f
26726208ns          453578 1c009412 033585b3 mul              x11, x11, x19       x11=00006ebe x11:0000005a x19:0000013b
26726228ns          453579 1c009416 40a75713 srai             x14, x14, 0x40a     x14=00000060 x14:00018399
26726248ns          453580 1c009418 40a5d593 srai             x11, x11, 0x40a     x11=0000001b x11:00006ebe
26726268ns          453581 1c00941a 40a65613 srai             x12, x12, 0x40a     x12=00000079 x12:0001e6c1
26726287ns          453582 1c00941c 40a7d793 srai             x15, x15, 0x40a     x15=ffffffe6 x15:ffff99f6
26726645ns          453600 1c00941e 1c0034b7 lui              x9, 0x1c003000       x9=1c003000
26726665ns          453601 1c009422 00e60633 add              x12, x12, x14       x12=000000d9 x12:00000079 x14:00000060
26726685ns          453602 1c009424 40b787b3 sub              x15, x15, x11       x15=ffffffcb x15:ffffffe6 x11:0000001b
26726705ns          453603 1c009426 eb048493 addi             x9, x9, -336         x9=1c002eb0  x9:1c003000
26726725ns          453604 1c00942a 1c0032b7 lui              x5, 0x1c003000       x5=1c003000
26727182ns          453627 1c00942e 1c0035b7 lui              x11, 0x1c003000     x11=1c003000
26727222ns          453629 1c009432 018483b3 add              x7, x9, x24          x7=1c002ebc  x9:1c002eb0 x24:0000000c
26727242ns          453630 1c009436 02812e83 lw               x29, 40(x2)         x29=1c002ecc  x2:100034d8  PA:10003500
26727262ns          453631 1c009438 10065633 p.exthz          x12, x12, x0        x12=000000d9 x12:000000d9
26727282ns          453632 1c00943c e8028293 addi             x5, x5, -384         x5=1c002e80  x5:1c003000
26727719ns          453654 1c009440 ea058593 addi             x11, x11, -352      x11=1c002ea0 x11:1c003000
26727759ns          453656 1c009444 03812483 lw               x9, 56(x2)           x9=1c002eec  x2:100034d8  PA:10003510
26727779ns          453657 1c009446 10064733 p.exths          x14, x12, x0        x14=000000d9 x12:000000d9
26727799ns          453658 1c00944a 018280b3 add              x1, x5, x24          x1=1c002e8c  x5:1c002e80 x24:0000000c
26727819ns          453659 1c00944e 03012f03 lw               x30, 48(x2)         x30=1c002edc  x2:100034d8  PA:10003508
26728217ns          453679 1c009450 018582b3 add              x5, x11, x24         x5=1c002eac x11:1c002ea0 x24:0000000c
26728256ns          453681 1c009454 04012583 lw               x11, 64(x2)         x11=1c002efc  x2:100034d8  PA:10003518
26728276ns          453682 1c009456 000edd83 lhu              x27, 0(x29)         x27=00000000 x29:1c002ecc  PA:1c002ecc
26728694ns          453703 1c00945a 0004d483 lhu              x9, 0(x9)            x9=00000000  x9:1c002eec  PA:1c002eec
26729131ns          453725 1c00945e 02e70333 mul              x6, x14, x14         x6=0000b7f1 x14:000000d9 x14:000000d9
26729151ns          453726 1c009462 40a55513 srai             x10, x10, 0x40a     x10=00000016 x10:00005b0e
26729171ns          453727 1c009464 04812e83 lw               x29, 72(x2)         x29=1c002f0c  x2:100034d8  PA:10003520
26729191ns          453728 1c009466 40a6d693 srai             x13, x13, 0x40a     x13=ffffffe0 x13:ffff83e6
26729211ns          453729 1c009468 000f5d03 lhu              x26, 0(x30)         x26=00000000 x30:1c002edc  PA:1c002edc
26729509ns          453744 1c00946c 0005d583 lhu              x11, 0(x11)         x11=00000000 x11:1c002efc  PA:1c002efc
26730006ns          453769 1c009470 40a35313 srai             x6, x6, 0x40a        x6=0000002d  x6:0000b7f1
26730026ns          453770 1c009474 00a686b3 add              x13, x13, x10       x13=fffffff6 x13:ffffffe0 x10:00000016
26730046ns          453771 1c009476 05012f03 lw               x30, 80(x2)         x30=1c002e7c  x2:100034d8  PA:10003528
26730066ns          453772 1c009478 10034e33 p.exths          x28, x6, x0         x28=0000002d  x6:0000002d
26730086ns          453773 1c00947c 06911023 sh               x9, 96(x2)           x9:00000000  x2:100034d8  PA:10003538
26730106ns          453774 1c009480 000ede83 lhu              x29, 0(x29)         x29=00000000 x29:1c002f0c  PA:1c002f0c
26730563ns          453797 1c009484 05812483 lw               x9, 88(x2)           x9=1c002e6c  x2:100034d8  PA:10003530
26730583ns          453798 1c009486 1006d6b3 p.exthz          x13, x13, x0        x13=0000fff6 x13:fffffff6
26730603ns          453799 1c00948a 02ee08b3 mul              x17, x28, x14       x17=00002625 x28:0000002d x14:000000d9
26730722ns          453805 1c00948e 1006c833 p.exths          x16, x13, x0        x16=fffffff6 x13:0000fff6
26730762ns          453807 1c009492 06b11823 sh               x11, 112(x2)        x11:00000000  x2:100034d8  PA:10003548
26730782ns          453808 1c009496 000f5f03 lhu              x30, 0(x30)         x30=00000000 x30:1c002e7c  PA:1c002e7c
26731259ns          453832 1c00949a 0a012583 lw               x11, 160(x2)        x11=1c002e9c  x2:100034d8  PA:10003578
26731279ns          453833 1c00949c 1007d7b3 p.exthz          x15, x15, x0        x15=0000ffcb x15:ffffffcb
26731299ns          453834 1c0094a0 0004da03 lhu              x20, 0(x9)          x20=00000000  x9:1c002e6c  PA:1c002e6c
26731697ns          453854 1c0094a4 1007c533 p.exths          x10, x15, x0        x10=ffffffcb x15:0000ffcb
26731717ns          453855 1c0094a8 09d11023 sh               x29, 128(x2)        x29:00000000  x2:100034d8  PA:10003558
26731737ns          453856 1c0094ac 0003d483 lhu              x9, 0(x7)            x9=00000000  x7:1c002ebc  PA:1c002ebc
26732055ns          453872 1c0094b0 02e80eb3 mul              x29, x16, x14       x29=fffff786 x16:fffffff6 x14:000000d9
26732075ns          453873 1c0094b4 40a8d893 srai             x17, x17, 0x40a     x17=00000009 x17:00002625
26732095ns          453874 1c0094b8 03c80833 mul              x16, x16, x28       x16=fffffe3e x16:fffffff6 x28:0000002d
26732115ns          453875 1c0094bc 09e11823 sh               x30, 144(x2)        x30:00000000  x2:100034d8  PA:10003568
26732512ns          453895 1c0094c0 0005d983 lhu              x19, 0(x11)         x19=00000000 x11:1c002e9c  PA:1c002e9c
26733069ns          453923 1c0094c4 81c88f5b p.muls           x30, x17, x28       x30=00000195 x17:00000009 x28:0000002d
26733089ns          453924 1c0094c8 0002d583 lhu              x11, 0(x5)          x11=00000000  x5:1c002eac  PA:1c002eac
26733447ns          453942 1c0094cc 03ce0fb3 mul              x31, x28, x28       x31=000007e9 x28:0000002d x28:0000002d
26733467ns          453943 1c0094d0 02e50733 mul              x14, x10, x14       x14=ffffd313 x10:ffffffcb x14:000000d9
26733487ns          453944 1c0094d4 40a85813 srai             x16, x16, 0x40a     x16=ffffffff x16:fffffe3e
26733507ns          453945 1c0094d8 03c50533 mul              x10, x10, x28       x10=fffff6af x10:ffffffcb x28:0000002d
26733527ns          453946 1c0094dc 07015e03 lhu              x28, 112(x2)        x28=00000000  x2:100034d8  PA:10003548
26733785ns          453959 1c0094e0 01b60633 add              x12, x12, x27       x12=000000d9 x12:000000d9 x27:00000000
26733805ns          453960 1c0094e2 00980833 add              x16, x16, x9        x16=ffffffff x16:ffffffff  x9:00000000
26733825ns          453961 1c0094e4 06015d83 lhu              x27, 96(x2)         x27=00000000  x2:100034d8  PA:10003538
26733845ns          453962 1c0094e8 02812483 lw               x9, 40(x2)           x9=1c002ecc  x2:100034d8  PA:10003500
26733865ns          453963 1c0094ea 40afdf93 srai             x31, x31, 0x40a     x31=00000001 x31:000007e9
26733885ns          453964 1c0094ee 40a55513 srai             x10, x10, 0x40a     x10=fffffffd x10:fffff6af
26734302ns          453985 1c0094f0 01cf8fb3 add              x31, x31, x28       x31=00000001 x31:00000001 x28:00000000
26734322ns          453986 1c0094f2 00b50533 add              x10, x10, x11       x10=fffffffd x10:fffffffd x11:00000000
26734342ns          453987 1c0094f4 09015e03 lhu              x28, 144(x2)        x28=00000000  x2:100034d8  PA:10003568
26734362ns          453988 1c0094f8 03012583 lw               x11, 48(x2)         x11=1c002edc  x2:100034d8  PA:10003508
26734382ns          453989 1c0094fa 00c49023 sh               x12, 0(x9)          x12:000000d9  x9:1c002ecc  PA:1c002ecc
26734700ns          454005 1c0094fe 01b888b3 add              x17, x17, x27       x17=00000009 x17:00000009 x27:00000000
26734839ns          454012 1c009500 01a30333 add              x6, x6, x26          x6=0000002d  x6:0000002d x26:00000000
26734879ns          454014 1c009502 08015d83 lhu              x27, 128(x2)        x27=00000000  x2:100034d8  PA:10003558
26734899ns          454015 1c009506 0000d903 lhu              x18, 0(x1)          x18=00000000  x1:1c002e8c  PA:1c002e8c
26735456ns          454043 1c00950a 01c686b3 add              x13, x13, x28       x13=0000fff6 x13:0000fff6 x28:00000000
26735476ns          454044 1c00950c 00659023 sh               x6, 0(x11)           x6:0000002d x11:1c002edc  PA:1c002edc
26735794ns          454060 1c009510 40af5f13 srai             x30, x30, 0x40a     x30=00000000 x30:00000195
26735814ns          454061 1c009514 04812e03 lw               x28, 72(x2)         x28=1c002f0c  x2:100034d8  PA:10003520
26735834ns          454062 1c009516 01bf0f33 add              x30, x30, x27       x30=00000000 x30:00000000 x27:00000000
26735854ns          454063 1c009518 40aede93 srai             x29, x29, 0x40a     x29=fffffffd x29:fffff786
26735873ns          454064 1c00951c 40a75713 srai             x14, x14, 0x40a     x14=fffffff4 x14:ffffd313
26735893ns          454065 1c00951e 03812603 lw               x12, 56(x2)         x12=1c002eec  x2:100034d8  PA:10003510
26735913ns          454066 1c009520 04012d83 lw               x27, 64(x2)         x27=1c002efc  x2:100034d8  PA:10003518
26735953ns          454068 1c009522 01ee1023 sh               x30, 0(x28)         x30:00000000 x28:1c002f0c  PA:1c002f0c
26736311ns          454086 1c009526 05812483 lw               x9, 88(x2)           x9=1c002e6c  x2:100034d8  PA:10003530
26736331ns          454087 1c009528 05012f03 lw               x30, 80(x2)         x30=1c002e7c  x2:100034d8  PA:10003528
26736351ns          454088 1c00952a 0a012583 lw               x11, 160(x2)        x11=1c002e9c  x2:100034d8  PA:10003578
26736371ns          454089 1c00952c 014787b3 add              x15, x15, x20       x15=0000ffcb x15:0000ffcb x20:00000000
26736391ns          454090 1c00952e 013e8eb3 add              x29, x29, x19       x29=fffffffd x29:fffffffd x19:00000000
26736450ns          454093 1c009530 01270733 add              x14, x14, x18       x14=fffffff4 x14:fffffff4 x18:00000000
26736490ns          454095 1c009532 00f49023 sh               x15, 0(x9)          x15:0000ffcb  x9:1c002e6c  PA:1c002e6c
26736808ns          454111 1c009536 01161023 sh               x17, 0(x12)         x17:00000009 x12:1c002eec  PA:1c002eec
26737126ns          454127 1c00953a 01fd9023 sh               x31, 0(x27)         x31:00000001 x27:1c002efc  PA:1c002efc
26737445ns          454143 1c00953e 00df1023 sh               x13, 0(x30)         x13:0000fff6 x30:1c002e7c  PA:1c002e7c
26737783ns          454160 1c009542 01d59023 sh               x29, 0(x11)         x29:fffffffd x11:1c002e9c  PA:1c002e9c
26738101ns          454176 1c009546 00e09023 sh               x14, 0(x1)          x14:fffffff4  x1:1c002e8c  PA:1c002e8c
26738419ns          454192 1c00954a 01039023 sh               x16, 0(x7)          x16:ffffffff  x7:1c002ebc  PA:1c002ebc
26738737ns          454208 1c00954e 00a29023 sh               x10, 0(x5)          x10:fffffffd  x5:1c002eac  PA:1c002eac
26739075ns          454225 1c009552 008b0b13 addi             x22, x22, 8         x22=0000000e x22:00000006
26739095ns          454226 1c009554 1f300793 addi             x15, x0, 499        x15=000001f3
26739115ns          454227 1c009558 e767dae3 bge              x15, x22, -396      x15:000001f3 x22:0000000e
26739553ns          454249 1c0093cc 010c9a0b p.lh             x20, 16(x25!)       x20=ffffffc4 x25=1c0026b4 x25:1c0026a4  PA:1c0026a4
26739891ns          454266 1c0093d0 0104198b p.lh             x19, 16(x8!)        x19=000001f8  x8=1c001e7c  x8:1c001e6c  PA:1c001e6c
26740189ns          454281 1c0093d4 2cc10513 addi             x10, x2, 716        x10=100037a4  x2:100034d8
26740209ns          454282 1c0093d6 010a990b p.lh             x18, 16(x21!)       x18=00000010 x21=1c0016a8 x21:1c001698  PA:1c001698
26740507ns          454297 1c0093da 010b948b p.lh             x9, 16(x23!)         x9=000001f5 x23=1c000ed8 x23:1c000ec8  PA:1c000ec8
26740806ns          454312 1c0093de 2d411623 sh               x20, 716(x2)        x20:ffffffc4  x2:100034d8  PA:100037a4
26740845ns          454314 1c0093e2 2d311723 sh               x19, 718(x2)        x19:000001f8  x2:100034d8  PA:100037a6
26740965ns          454320 1c0093e6 c33ff0ef jal              x1, -974             x1=1c0093e8
26740985ns          454321 1c009018 00051803 lh               x16, 0(x10)         x16=ffffffc4 x10:100037a4  PA:100037a4
26741104ns          454327 1c00901c 00251883 lh               x17, 2(x10)         x17=000001f8 x10:100037a4  PA:100037a6
26741223ns          454333 1c009020 030806b3 mul              x13, x16, x16       x13=00000e10 x16:ffffffc4 x16:ffffffc4
26741243ns          454334 1c009024 03188633 mul              x12, x17, x17       x12=0003e040 x17:000001f8 x17:000001f8
26741263ns          454335 1c009028 40a65613 srai             x12, x12, 0x40a     x12=000000f8 x12:0003e040
26741283ns          454336 1c00902a 40a6d693 srai             x13, x13, 0x40a     x13=00000003 x13:00000e10
26741303ns          454337 1c00902c 00c686b3 add              x13, x13, x12       x13=000000fb x13:00000003 x12:000000f8
26741323ns          454338 1c00902e 1006c633 p.exths          x12, x13, x0        x12=000000fb x13:000000fb
26741363ns          454340 1c009032 00855703 lhu              x14, 8(x10)         x14=0000ffd1 x10:100037a4  PA:100037ac
26741402ns          454342 1c009036 00a55683 lhu              x13, 10(x10)        x13=0000ff6a x10:100037a4  PA:100037ae
26741482ns          454346 1c00903a 02c60333 mul              x6, x12, x12         x6=0000f619 x12:000000fb x12:000000fb
26741502ns          454347 1c00903e 00c55783 lhu              x15, 12(x10)        x15=0000ffe5 x10:100037a4  PA:100037b0
26741542ns          454349 1c009042 00e55583 lhu              x11, 14(x10)        x11=00000060 x10:100037a4  PA:100037b2
26741581ns          454351 1c009046 dea30333 p.extract        x6, x6, 15, 10       x6=0000003d  x6:0000f619
26741601ns          454352 1c00904a 80c7075b p.muls           x14, x14, x12       x14=ffffd1eb x14:0000ffd1 x12:000000fb
26741621ns          454353 1c00904e 80c686db p.muls           x13, x13, x12       x13=ffff6cee x13:0000ff6a x12:000000fb
26741661ns          454355 1c009052 00455e83 lhu              x29, 4(x10)         x29=00000427 x10:100037a4  PA:100037a8
26741701ns          454357 1c009056 00655e03 lhu              x28, 6(x10)         x28=0000007f x10:100037a4  PA:100037aa
26741740ns          454359 1c00905a 40a75713 srai             x14, x14, 0x40a     x14=fffffff4 x14:ffffd1eb
26741760ns          454360 1c00905c 806787db p.muls           x15, x15, x6        x15=fffff991 x15:0000ffe5  x6:0000003d
26741780ns          454361 1c009060 40a6d693 srai             x13, x13, 0x40a     x13=ffffffdb x13:ffff6cee
26741800ns          454362 1c009062 8065865b p.muls           x12, x11, x6        x12=000016e0 x11:00000060  x6:0000003d
26741820ns          454363 1c009066 40a7d793 srai             x15, x15, 0x40a     x15=fffffffe x15:fffff991
26741840ns          454364 1c009068 40a65613 srai             x12, x12, 0x40a     x12=00000005 x12:000016e0
26741860ns          454365 1c00906a 01d70733 add              x14, x14, x29       x14=0000041b x14:fffffff4 x29:00000427
26741880ns          454366 1c00906c 01c686b3 add              x13, x13, x28       x13=0000005a x13:ffffffdb x28:0000007f
26741900ns          454367 1c00906e 00c686b3 add              x13, x13, x12       x13=0000005f x13:0000005a x12:00000005
26741919ns          454368 1c009070 00f70733 add              x14, x14, x15       x14=00000419 x14:0000041b x15:fffffffe
26741939ns          454369 1c009072 100747b3 p.exths          x15, x14, x0        x15=00000419 x14:00000419
26741959ns          454370 1c009076 1006c733 p.exths          x14, x13, x0        x14=0000005f x13:0000005f
26741979ns          454371 1c00907a 03170633 mul              x12, x14, x17       x12=0000bb08 x14:0000005f x17:000001f8
26742039ns          454374 1c00907e 030786b3 mul              x13, x15, x16       x13=ffff0a24 x15:00000419 x16:ffffffc4
26742079ns          454376 1c009082 03070733 mul              x14, x14, x16       x14=ffffe9bc x14:0000005f x16:ffffffc4
26742098ns          454377 1c009086 031787b3 mul              x15, x15, x17       x15=00081138 x15:00000419 x17:000001f8
26742118ns          454378 1c00908a 40a6d693 srai             x13, x13, 0x40a     x13=ffffffc2 x13:ffff0a24
26742138ns          454379 1c00908c 40a65613 srai             x12, x12, 0x40a     x12=0000002e x12:0000bb08
26742158ns          454380 1c00908e 40a7d793 srai             x15, x15, 0x40a     x15=00000204 x15:00081138
26742178ns          454381 1c009090 40a75713 srai             x14, x14, 0x40a     x14=fffffffa x14:ffffe9bc
26742198ns          454382 1c009092 40c686b3 sub              x13, x13, x12       x13=ffffff94 x13:ffffffc2 x12:0000002e
26742218ns          454383 1c009094 00e787b3 add              x15, x15, x14       x15=000001fe x15:00000204 x14:fffffffa
26742238ns          454384 1c009096 00d51823 sh               x13, 16(x10)        x13:ffffff94 x10:100037a4  PA:100037b4
26742277ns          454386 1c00909a 00f51923 sh               x15, 18(x10)        x15:000001fe x10:100037a4  PA:100037b6
26742297ns          454387 1c00909e 00008067 jalr             x0, x1, 0            x1:1c0093e8
26742536ns          454399 1c0093e8 2dc15583 lhu              x11, 732(x2)        x11=0000ff94  x2:100034d8  PA:100037b4
26742576ns          454401 1c0093ec 2de15783 lhu              x15, 734(x2)        x15=000001fe  x2:100034d8  PA:100037b6
26742675ns          454406 1c0093f0 40b90933 sub              x18, x18, x11       x18=ffff007c x18:00000010 x11:0000ff94
26742695ns          454407 1c0093f4 40f484b3 sub              x9, x9, x15          x9=fffffff7  x9:000001f5 x15:000001fe
26742715ns          454408 1c0093f6 100945b3 p.exths          x11, x18, x0        x11=0000007c x18:ffff007c
26742735ns          454409 1c0093fa 1004c7b3 p.exths          x15, x9, x0         x15=fffffff7  x9:fffffff7
26742755ns          454410 1c0093fe 034586b3 mul              x13, x11, x20       x13=ffffe2f0 x11:0000007c x20:ffffffc4
26742775ns          454411 1c009402 03378533 mul              x10, x15, x19       x10=ffffee48 x15:fffffff7 x19:000001f8
26742794ns          454412 1c009406 034a0633 mul              x12, x20, x20       x12=00000e10 x20:ffffffc4 x20:ffffffc4
26742814ns          454413 1c00940a 03398733 mul              x14, x19, x19       x14=0003e040 x19:000001f8 x19:000001f8
26742834ns          454414 1c00940e 034787b3 mul              x15, x15, x20       x15=0000021c x15:fffffff7 x20:ffffffc4
26742854ns          454415 1c009412 033585b3 mul              x11, x11, x19       x11=0000f420 x11:0000007c x19:000001f8
26742874ns          454416 1c009416 40a75713 srai             x14, x14, 0x40a     x14=000000f8 x14:0003e040
26742894ns          454417 1c009418 40a5d593 srai             x11, x11, 0x40a     x11=0000003d x11:0000f420
26742914ns          454418 1c00941a 40a65613 srai             x12, x12, 0x40a     x12=00000003 x12:00000e10
26742934ns          454419 1c00941c 40a7d793 srai             x15, x15, 0x40a     x15=00000000 x15:0000021c
26742954ns          454420 1c00941e 1c0034b7 lui              x9, 0x1c003000       x9=1c003000
26742973ns          454421 1c009422 00e60633 add              x12, x12, x14       x12=000000fb x12:00000003 x14:000000f8
26742993ns          454422 1c009424 40b787b3 sub              x15, x15, x11       x15=ffffffc3 x15:00000000 x11:0000003d
26743013ns          454423 1c009426 eb048493 addi             x9, x9, -336         x9=1c002eb0  x9:1c003000
26743033ns          454424 1c00942a 1c0032b7 lui              x5, 0x1c003000       x5=1c003000
26743053ns          454425 1c00942e 1c0035b7 lui              x11, 0x1c003000     x11=1c003000
26743073ns          454426 1c009432 018483b3 add              x7, x9, x24          x7=1c002ebc  x9:1c002eb0 x24:0000000c
26743093ns          454427 1c009436 02812e83 lw               x29, 40(x2)         x29=1c002ecc  x2:100034d8  PA:10003500
26743113ns          454428 1c009438 10065633 p.exthz          x12, x12, x0        x12=000000fb x12:000000fb
26743133ns          454429 1c00943c e8028293 addi             x5, x5, -384         x5=1c002e80  x5:1c003000
26743152ns          454430 1c009440 ea058593 addi             x11, x11, -352      x11=1c002ea0 x11:1c003000
26743192ns          454432 1c009444 03812483 lw               x9, 56(x2)           x9=1c002eec  x2:100034d8  PA:10003510
26743212ns          454433 1c009446 10064733 p.exths          x14, x12, x0        x14=000000fb x12:000000fb
26743232ns          454434 1c00944a 018280b3 add              x1, x5, x24          x1=1c002e8c  x5:1c002e80 x24:0000000c
26743252ns          454435 1c00944e 03012f03 lw               x30, 48(x2)         x30=1c002edc  x2:100034d8  PA:10003508
26743292ns          454437 1c009450 018582b3 add              x5, x11, x24         x5=1c002eac x11:1c002ea0 x24:0000000c
26743331ns          454439 1c009454 04012583 lw               x11, 64(x2)         x11=1c002efc  x2:100034d8  PA:10003518
26743351ns          454440 1c009456 000edd83 lhu              x27, 0(x29)         x27=000000d9 x29:1c002ecc  PA:1c002ecc
26743670ns          454456 1c00945a 0004d483 lhu              x9, 0(x9)            x9=00000009  x9:1c002eec  PA:1c002eec
26744067ns          454476 1c00945e 02e70333 mul              x6, x14, x14         x6=0000f619 x14:000000fb x14:000000fb
26744087ns          454477 1c009462 40a55513 srai             x10, x10, 0x40a     x10=fffffffb x10:ffffee48
26744107ns          454478 1c009464 04812e83 lw               x29, 72(x2)         x29=1c002f0c  x2:100034d8  PA:10003520
26744127ns          454479 1c009466 40a6d693 srai             x13, x13, 0x40a     x13=fffffff8 x13:ffffe2f0
26744147ns          454480 1c009468 000f5d03 lhu              x26, 0(x30)         x26=0000002d x30:1c002edc  PA:1c002edc
26744445ns          454495 1c00946c 0005d583 lhu              x11, 0(x11)         x11=00000001 x11:1c002efc  PA:1c002efc
26744763ns          454511 1c009470 40a35313 srai             x6, x6, 0x40a        x6=0000003d  x6:0000f619
26744783ns          454512 1c009474 00a686b3 add              x13, x13, x10       x13=fffffff3 x13:fffffff8 x10:fffffffb
26744803ns          454513 1c009476 05012f03 lw               x30, 80(x2)         x30=1c002e7c  x2:100034d8  PA:10003528
26744823ns          454514 1c009478 10034e33 p.exths          x28, x6, x0         x28=0000003d  x6:0000003d
26744843ns          454515 1c00947c 06911023 sh               x9, 96(x2)           x9:00000009  x2:100034d8  PA:10003538
26744883ns          454517 1c009480 000ede83 lhu              x29, 0(x29)         x29=00000000 x29:1c002f0c  PA:1c002f0c
26745221ns          454534 1c009484 05812483 lw               x9, 88(x2)           x9=1c002e6c  x2:100034d8  PA:10003530
26745241ns          454535 1c009486 1006d6b3 p.exthz          x13, x13, x0        x13=0000fff3 x13:fffffff3
26745261ns          454536 1c00948a 02ee08b3 mul              x17, x28, x14       x17=00003bcf x28:0000003d x14:000000fb
26745280ns          454537 1c00948e 1006c833 p.exths          x16, x13, x0        x16=fffffff3 x13:0000fff3
26745300ns          454538 1c009492 06b11823 sh               x11, 112(x2)        x11:00000001  x2:100034d8  PA:10003548
26745320ns          454539 1c009496 000f5f03 lhu              x30, 0(x30)         x30=0000fff6 x30:1c002e7c  PA:1c002e7c
26745638ns          454555 1c00949a 0a012583 lw               x11, 160(x2)        x11=1c002e9c  x2:100034d8  PA:10003578
26745658ns          454556 1c00949c 1007d7b3 p.exthz          x15, x15, x0        x15=0000ffc3 x15:ffffffc3
26745678ns          454557 1c0094a0 0004da03 lhu              x20, 0(x9)          x20=0000ffcb  x9:1c002e6c  PA:1c002e6c
26745996ns          454573 1c0094a4 1007c533 p.exths          x10, x15, x0        x10=ffffffc3 x15:0000ffc3
26746016ns          454574 1c0094a8 09d11023 sh               x29, 128(x2)        x29:00000000  x2:100034d8  PA:10003558
26746036ns          454575 1c0094ac 0003d483 lhu              x9, 0(x7)            x9=0000ffff  x7:1c002ebc  PA:1c002ebc
26746394ns          454593 1c0094b0 02e80eb3 mul              x29, x16, x14       x29=fffff341 x16:fffffff3 x14:000000fb
26746414ns          454594 1c0094b4 40a8d893 srai             x17, x17, 0x40a     x17=0000000e x17:00003bcf
26746434ns          454595 1c0094b8 03c80833 mul              x16, x16, x28       x16=fffffce7 x16:fffffff3 x28:0000003d
26746454ns          454596 1c0094bc 09e11823 sh               x30, 144(x2)        x30:0000fff6  x2:100034d8  PA:10003568
26746474ns          454597 1c0094c0 0005d983 lhu              x19, 0(x11)         x19=0000fffd x11:1c002e9c  PA:1c002e9c
26746772ns          454612 1c0094c4 81c88f5b p.muls           x30, x17, x28       x30=00000356 x17:0000000e x28:0000003d
26746792ns          454613 1c0094c8 0002d583 lhu              x11, 0(x5)          x11=0000fffd  x5:1c002eac  PA:1c002eac
26747130ns          454630 1c0094cc 03ce0fb3 mul              x31, x28, x28       x31=00000e89 x28:0000003d x28:0000003d
26747150ns          454631 1c0094d0 02e50733 mul              x14, x10, x14       x14=ffffc431 x10:ffffffc3 x14:000000fb
26747170ns          454632 1c0094d4 40a85813 srai             x16, x16, 0x40a     x16=ffffffff x16:fffffce7
26747190ns          454633 1c0094d8 03c50533 mul              x10, x10, x28       x10=fffff177 x10:ffffffc3 x28:0000003d
26747210ns          454634 1c0094dc 07015e03 lhu              x28, 112(x2)        x28=00000001  x2:100034d8  PA:10003548
26747249ns          454636 1c0094e0 01b60633 add              x12, x12, x27       x12=000001d4 x12:000000fb x27:000000d9
26747269ns          454637 1c0094e2 00980833 add              x16, x16, x9        x16=0000fffe x16:ffffffff  x9:0000ffff
26747289ns          454638 1c0094e4 06015d83 lhu              x27, 96(x2)         x27=00000009  x2:100034d8  PA:10003538
26747309ns          454639 1c0094e8 02812483 lw               x9, 40(x2)           x9=1c002ecc  x2:100034d8  PA:10003500
26747329ns          454640 1c0094ea 40afdf93 srai             x31, x31, 0x40a     x31=00000003 x31:00000e89
26747349ns          454641 1c0094ee 40a55513 srai             x10, x10, 0x40a     x10=fffffffc x10:fffff177
26747369ns          454642 1c0094f0 01cf8fb3 add              x31, x31, x28       x31=00000004 x31:00000003 x28:00000001
26747389ns          454643 1c0094f2 00b50533 add              x10, x10, x11       x10=0000fff9 x10:fffffffc x11:0000fffd
26747408ns          454644 1c0094f4 09015e03 lhu              x28, 144(x2)        x28=0000fff6  x2:100034d8  PA:10003568
26747428ns          454645 1c0094f8 03012583 lw               x11, 48(x2)         x11=1c002edc  x2:100034d8  PA:10003508
26747448ns          454646 1c0094fa 00c49023 sh               x12, 0(x9)          x12:000001d4  x9:1c002ecc  PA:1c002ecc
26747766ns          454662 1c0094fe 01b888b3 add              x17, x17, x27       x17=00000017 x17:0000000e x27:00000009
26747786ns          454663 1c009500 01a30333 add              x6, x6, x26          x6=0000006a  x6:0000003d x26:0000002d
26747806ns          454664 1c009502 08015d83 lhu              x27, 128(x2)        x27=00000000  x2:100034d8  PA:10003558
26747826ns          454665 1c009506 0000d903 lhu              x18, 0(x1)          x18=0000fff4  x1:1c002e8c  PA:1c002e8c
26748124ns          454680 1c00950a 01c686b3 add              x13, x13, x28       x13=0001ffe9 x13:0000fff3 x28:0000fff6
26748144ns          454681 1c00950c 00659023 sh               x6, 0(x11)           x6:0000006a x11:1c002edc  PA:1c002edc
26748463ns          454697 1c009510 40af5f13 srai             x30, x30, 0x40a     x30=00000000 x30:00000356
26748482ns          454698 1c009514 04812e03 lw               x28, 72(x2)         x28=1c002f0c  x2:100034d8  PA:10003520
26748502ns          454699 1c009516 01bf0f33 add              x30, x30, x27       x30=00000000 x30:00000000 x27:00000000
26748522ns          454700 1c009518 40aede93 srai             x29, x29, 0x40a     x29=fffffffc x29:fffff341
26748542ns          454701 1c00951c 40a75713 srai             x14, x14, 0x40a     x14=fffffff1 x14:ffffc431
26748562ns          454702 1c00951e 03812603 lw               x12, 56(x2)         x12=1c002eec  x2:100034d8  PA:10003510
26748582ns          454703 1c009520 04012d83 lw               x27, 64(x2)         x27=1c002efc  x2:100034d8  PA:10003518
26748602ns          454704 1c009522 01ee1023 sh               x30, 0(x28)         x30:00000000 x28:1c002f0c  PA:1c002f0c
26748920ns          454720 1c009526 05812483 lw               x9, 88(x2)           x9=1c002e6c  x2:100034d8  PA:10003530
26748940ns          454721 1c009528 05012f03 lw               x30, 80(x2)         x30=1c002e7c  x2:100034d8  PA:10003528
26748960ns          454722 1c00952a 0a012583 lw               x11, 160(x2)        x11=1c002e9c  x2:100034d8  PA:10003578
26748980ns          454723 1c00952c 014787b3 add              x15, x15, x20       x15=0001ff8e x15:0000ffc3 x20:0000ffcb
26749000ns          454724 1c00952e 013e8eb3 add              x29, x29, x19       x29=0000fff9 x29:fffffffc x19:0000fffd
26749019ns          454725 1c009530 01270733 add              x14, x14, x18       x14=0000ffe5 x14:fffffff1 x18:0000fff4
26749039ns          454726 1c009532 00f49023 sh               x15, 0(x9)          x15:0001ff8e  x9:1c002e6c  PA:1c002e6c
26749358ns          454742 1c009536 01161023 sh               x17, 0(x12)         x17:00000017 x12:1c002eec  PA:1c002eec
26749676ns          454758 1c00953a 01fd9023 sh               x31, 0(x27)         x31:00000004 x27:1c002efc  PA:1c002efc
26749994ns          454774 1c00953e 00df1023 sh               x13, 0(x30)         x13:0001ffe9 x30:1c002e7c  PA:1c002e7c
26750312ns          454790 1c009542 01d59023 sh               x29, 0(x11)         x29:0000fff9 x11:1c002e9c  PA:1c002e9c
26750630ns          454806 1c009546 00e09023 sh               x14, 0(x1)          x14:0000ffe5  x1:1c002e8c  PA:1c002e8c
26750968ns          454823 1c00954a 01039023 sh               x16, 0(x7)          x16:0000fffe  x7:1c002ebc  PA:1c002ebc
26751287ns          454839 1c00954e 00a29023 sh               x10, 0(x5)          x10:0000fff9  x5:1c002eac  PA:1c002eac
26751605ns          454855 1c009552 008b0b13 addi             x22, x22, 8         x22=00000016 x22:0000000e
26751625ns          454856 1c009554 1f300793 addi             x15, x0, 499        x15=000001f3
26751645ns          454857 1c009558 e767dae3 bge              x15, x22, -396      x15:000001f3 x22:00000016
26751784ns          454864 1c0093cc 010c9a0b p.lh             x20, 16(x25!)       x20=ffffffda x25=1c0026c4 x25:1c0026b4  PA:1c0026b4
26752142ns          454882 1c0093d0 0104198b p.lh             x19, 16(x8!)        x19=0000003c  x8=1c001e8c  x8:1c001e7c  PA:1c001e7c
26752540ns          454902 1c0093d4 2cc10513 addi             x10, x2, 716        x10=100037a4  x2:100034d8
26752559ns          454903 1c0093d6 010a990b p.lh             x18, 16(x21!)       x18=ffffffcf x21=1c0016b8 x21:1c0016a8  PA:1c0016a8
26752937ns          454922 1c0093da 010b948b p.lh             x9, 16(x23!)         x9=00000043 x23=1c000ee8 x23:1c000ed8  PA:1c000ed8
26753335ns          454942 1c0093de 2d411623 sh               x20, 716(x2)        x20:ffffffda  x2:100034d8  PA:100037a4
26753355ns          454943 1c0093e2 2d311723 sh               x19, 718(x2)        x19:0000003c  x2:100034d8  PA:100037a6
26753375ns          454944 1c0093e6 c33ff0ef jal              x1, -974             x1=1c0093e8
26753892ns          454970 1c009018 00051803 lh               x16, 0(x10)         x16=ffffffda x10:100037a4  PA:100037a4
26753952ns          454973 1c00901c 00251883 lh               x17, 2(x10)         x17=0000003c x10:100037a4  PA:100037a6
26754031ns          454977 1c009020 030806b3 mul              x13, x16, x16       x13=000005a4 x16:ffffffda x16:ffffffda
26754051ns          454978 1c009024 03188633 mul              x12, x17, x17       x12=00000e10 x17:0000003c x17:0000003c
26754071ns          454979 1c009028 40a65613 srai             x12, x12, 0x40a     x12=00000003 x12:00000e10
26754091ns          454980 1c00902a 40a6d693 srai             x13, x13, 0x40a     x13=00000001 x13:000005a4
26754111ns          454981 1c00902c 00c686b3 add              x13, x13, x12       x13=00000004 x13:00000001 x12:00000003
26754131ns          454982 1c00902e 1006c633 p.exths          x12, x13, x0        x12=00000004 x13:00000004
26754151ns          454983 1c009032 00855703 lhu              x14, 8(x10)         x14=0000ffd1 x10:100037a4  PA:100037ac
26754210ns          454986 1c009036 00a55683 lhu              x13, 10(x10)        x13=0000ff6a x10:100037a4  PA:100037ae
26754250ns          454988 1c00903a 02c60333 mul              x6, x12, x12         x6=00000010 x12:00000004 x12:00000004
26754270ns          454989 1c00903e 00c55783 lhu              x15, 12(x10)        x15=0000ffe5 x10:100037a4  PA:100037b0
26754290ns          454990 1c009042 00e55583 lhu              x11, 14(x10)        x11=00000060 x10:100037a4  PA:100037b2
26754310ns          454991 1c009046 dea30333 p.extract        x6, x6, 15, 10       x6=00000000  x6:00000010
26754330ns          454992 1c00904a 80c7075b p.muls           x14, x14, x12       x14=ffffff44 x14:0000ffd1 x12:00000004
26754389ns          454995 1c00904e 80c686db p.muls           x13, x13, x12       x13=fffffda8 x13:0000ff6a x12:00000004
26754429ns          454997 1c009052 00455e83 lhu              x29, 4(x10)         x29=00000427 x10:100037a4  PA:100037a8
26754449ns          454998 1c009056 00655e03 lhu              x28, 6(x10)         x28=0000007f x10:100037a4  PA:100037aa
26754469ns          454999 1c00905a 40a75713 srai             x14, x14, 0x40a     x14=ffffffff x14:ffffff44
26754489ns          455000 1c00905c 806787db p.muls           x15, x15, x6        x15=00000000 x15:0000ffe5  x6:00000000
26754509ns          455001 1c009060 40a6d693 srai             x13, x13, 0x40a     x13=ffffffff x13:fffffda8
26754528ns          455002 1c009062 8065865b p.muls           x12, x11, x6        x12=00000000 x11:00000060  x6:00000000
26754548ns          455003 1c009066 40a7d793 srai             x15, x15, 0x40a     x15=00000000 x15:00000000
26754568ns          455004 1c009068 40a65613 srai             x12, x12, 0x40a     x12=00000000 x12:00000000
26754588ns          455005 1c00906a 01d70733 add              x14, x14, x29       x14=00000426 x14:ffffffff x29:00000427
26754608ns          455006 1c00906c 01c686b3 add              x13, x13, x28       x13=0000007e x13:ffffffff x28:0000007f
26754628ns          455007 1c00906e 00c686b3 add              x13, x13, x12       x13=0000007e x13:0000007e x12:00000000
26754648ns          455008 1c009070 00f70733 add              x14, x14, x15       x14=00000426 x14:00000426 x15:00000000
26754668ns          455009 1c009072 100747b3 p.exths          x15, x14, x0        x15=00000426 x14:00000426
26754688ns          455010 1c009076 1006c733 p.exths          x14, x13, x0        x14=0000007e x13:0000007e
26754707ns          455011 1c00907a 03170633 mul              x12, x14, x17       x12=00001d88 x14:0000007e x17:0000003c
26754747ns          455013 1c00907e 030786b3 mul              x13, x15, x16       x13=ffff625c x15:00000426 x16:ffffffda
26754787ns          455015 1c009082 03070733 mul              x14, x14, x16       x14=ffffed4c x14:0000007e x16:ffffffda
26754807ns          455016 1c009086 031787b3 mul              x15, x15, x17       x15=0000f8e8 x15:00000426 x17:0000003c
26754827ns          455017 1c00908a 40a6d693 srai             x13, x13, 0x40a     x13=ffffffd8 x13:ffff625c
26754847ns          455018 1c00908c 40a65613 srai             x12, x12, 0x40a     x12=00000007 x12:00001d88
26754866ns          455019 1c00908e 40a7d793 srai             x15, x15, 0x40a     x15=0000003e x15:0000f8e8
26754886ns          455020 1c009090 40a75713 srai             x14, x14, 0x40a     x14=fffffffb x14:ffffed4c
26754906ns          455021 1c009092 40c686b3 sub              x13, x13, x12       x13=ffffffd1 x13:ffffffd8 x12:00000007
26754926ns          455022 1c009094 00e787b3 add              x15, x15, x14       x15=00000039 x15:0000003e x14:fffffffb
26754946ns          455023 1c009096 00d51823 sh               x13, 16(x10)        x13:ffffffd1 x10:100037a4  PA:100037b4
26755026ns          455027 1c00909a 00f51923 sh               x15, 18(x10)        x15:00000039 x10:100037a4  PA:100037b6
26755105ns          455031 1c00909e 00008067 jalr             x0, x1, 0            x1:1c0093e8
26755125ns          455032 1c0093e8 2dc15583 lhu              x11, 732(x2)        x11=0000ffd1  x2:100034d8  PA:100037b4
26755185ns          455035 1c0093ec 2de15783 lhu              x15, 734(x2)        x15=00000039  x2:100034d8  PA:100037b6
26755224ns          455037 1c0093f0 40b90933 sub              x18, x18, x11       x18=fffefffe x18:ffffffcf x11:0000ffd1
26755244ns          455038 1c0093f4 40f484b3 sub              x9, x9, x15          x9=0000000a  x9:00000043 x15:00000039
26755264ns          455039 1c0093f6 100945b3 p.exths          x11, x18, x0        x11=fffffffe x18:fffefffe
26755284ns          455040 1c0093fa 1004c7b3 p.exths          x15, x9, x0         x15=0000000a  x9:0000000a
26755304ns          455041 1c0093fe 034586b3 mul              x13, x11, x20       x13=0000004c x11:fffffffe x20:ffffffda
26755324ns          455042 1c009402 03378533 mul              x10, x15, x19       x10=00000258 x15:0000000a x19:0000003c
26755344ns          455043 1c009406 034a0633 mul              x12, x20, x20       x12=000005a4 x20:ffffffda x20:ffffffda
26755364ns          455044 1c00940a 03398733 mul              x14, x19, x19       x14=00000e10 x19:0000003c x19:0000003c
26755384ns          455045 1c00940e 034787b3 mul              x15, x15, x20       x15=fffffe84 x15:0000000a x20:ffffffda
26755403ns          455046 1c009412 033585b3 mul              x11, x11, x19       x11=ffffff88 x11:fffffffe x19:0000003c
26755423ns          455047 1c009416 40a75713 srai             x14, x14, 0x40a     x14=00000003 x14:00000e10
26755443ns          455048 1c009418 40a5d593 srai             x11, x11, 0x40a     x11=ffffffff x11:ffffff88
26755463ns          455049 1c00941a 40a65613 srai             x12, x12, 0x40a     x12=00000001 x12:000005a4
26755483ns          455050 1c00941c 40a7d793 srai             x15, x15, 0x40a     x15=ffffffff x15:fffffe84
26755503ns          455051 1c00941e 1c0034b7 lui              x9, 0x1c003000       x9=1c003000
26755523ns          455052 1c009422 00e60633 add              x12, x12, x14       x12=00000004 x12:00000001 x14:00000003
26755543ns          455053 1c009424 40b787b3 sub              x15, x15, x11       x15=00000000 x15:ffffffff x11:ffffffff
26755563ns          455054 1c009426 eb048493 addi             x9, x9, -336         x9=1c002eb0  x9:1c003000
26755582ns          455055 1c00942a 1c0032b7 lui              x5, 0x1c003000       x5=1c003000
26755602ns          455056 1c00942e 1c0035b7 lui              x11, 0x1c003000     x11=1c003000
26755622ns          455057 1c009432 018483b3 add              x7, x9, x24          x7=1c002ebc  x9:1c002eb0 x24:0000000c
26755642ns          455058 1c009436 02812e83 lw               x29, 40(x2)         x29=1c002ecc  x2:100034d8  PA:10003500
26755662ns          455059 1c009438 10065633 p.exthz          x12, x12, x0        x12=00000004 x12:00000004
26755682ns          455060 1c00943c e8028293 addi             x5, x5, -384         x5=1c002e80  x5:1c003000
26755722ns          455062 1c009440 ea058593 addi             x11, x11, -352      x11=1c002ea0 x11:1c003000
26755761ns          455064 1c009444 03812483 lw               x9, 56(x2)           x9=1c002eec  x2:100034d8  PA:10003510
26755781ns          455065 1c009446 10064733 p.exths          x14, x12, x0        x14=00000004 x12:00000004
26755801ns          455066 1c00944a 018280b3 add              x1, x5, x24          x1=1c002e8c  x5:1c002e80 x24:0000000c
26755821ns          455067 1c00944e 03012f03 lw               x30, 48(x2)         x30=1c002edc  x2:100034d8  PA:10003508
26755841ns          455068 1c009450 018582b3 add              x5, x11, x24         x5=1c002eac x11:1c002ea0 x24:0000000c
26755861ns          455069 1c009454 04012583 lw               x11, 64(x2)         x11=1c002efc  x2:100034d8  PA:10003518
26755881ns          455070 1c009456 000edd83 lhu              x27, 0(x29)         x27=000001d4 x29:1c002ecc  PA:1c002ecc
26756219ns          455087 1c00945a 0004d483 lhu              x9, 0(x9)            x9=00000017  x9:1c002eec  PA:1c002eec
26756617ns          455107 1c00945e 02e70333 mul              x6, x14, x14         x6=00000010 x14:00000004 x14:00000004
26756637ns          455108 1c009462 40a55513 srai             x10, x10, 0x40a     x10=00000000 x10:00000258
26756656ns          455109 1c009464 04812e83 lw               x29, 72(x2)         x29=1c002f0c  x2:100034d8  PA:10003520
26756676ns          455110 1c009466 40a6d693 srai             x13, x13, 0x40a     x13=00000000 x13:0000004c
26756696ns          455111 1c009468 000f5d03 lhu              x26, 0(x30)         x26=0000006a x30:1c002edc  PA:1c002edc
26757014ns          455127 1c00946c 0005d583 lhu              x11, 0(x11)         x11=00000004 x11:1c002efc  PA:1c002efc
26757352ns          455144 1c009470 40a35313 srai             x6, x6, 0x40a        x6=00000000  x6:00000010
26757372ns          455145 1c009474 00a686b3 add              x13, x13, x10       x13=00000000 x13:00000000 x10:00000000
26757392ns          455146 1c009476 05012f03 lw               x30, 80(x2)         x30=1c002e7c  x2:100034d8  PA:10003528
26757412ns          455147 1c009478 10034e33 p.exths          x28, x6, x0         x28=00000000  x6:00000000
26757432ns          455148 1c00947c 06911023 sh               x9, 96(x2)           x9:00000017  x2:100034d8  PA:10003538
26757452ns          455149 1c009480 000ede83 lhu              x29, 0(x29)         x29=00000000 x29:1c002f0c  PA:1c002f0c
26757750ns          455164 1c009484 05812483 lw               x9, 88(x2)           x9=1c002e6c  x2:100034d8  PA:10003530
26757770ns          455165 1c009486 1006d6b3 p.exthz          x13, x13, x0        x13=00000000 x13:00000000
26757790ns          455166 1c00948a 02ee08b3 mul              x17, x28, x14       x17=00000000 x28:00000000 x14:00000004
26757810ns          455167 1c00948e 1006c833 p.exths          x16, x13, x0        x16=00000000 x13:00000000
26757830ns          455168 1c009492 06b11823 sh               x11, 112(x2)        x11:00000004  x2:100034d8  PA:10003548
26757850ns          455169 1c009496 000f5f03 lhu              x30, 0(x30)         x30=0000ffe9 x30:1c002e7c  PA:1c002e7c
26758148ns          455184 1c00949a 0a012583 lw               x11, 160(x2)        x11=1c002e9c  x2:100034d8  PA:10003578
26758168ns          455185 1c00949c 1007d7b3 p.exthz          x15, x15, x0        x15=00000000 x15:00000000
26758188ns          455186 1c0094a0 0004da03 lhu              x20, 0(x9)          x20=0000ff8e  x9:1c002e6c  PA:1c002e6c
26758486ns          455201 1c0094a4 1007c533 p.exths          x10, x15, x0        x10=00000000 x15:00000000
26758506ns          455202 1c0094a8 09d11023 sh               x29, 128(x2)        x29:00000000  x2:100034d8  PA:10003558
26758526ns          455203 1c0094ac 0003d483 lhu              x9, 0(x7)            x9=0000fffe  x7:1c002ebc  PA:1c002ebc
26758884ns          455221 1c0094b0 02e80eb3 mul              x29, x16, x14       x29=00000000 x16:00000000 x14:00000004
26758904ns          455222 1c0094b4 40a8d893 srai             x17, x17, 0x40a     x17=00000000 x17:00000000
26758924ns          455223 1c0094b8 03c80833 mul              x16, x16, x28       x16=00000000 x16:00000000 x28:00000000
26758944ns          455224 1c0094bc 09e11823 sh               x30, 144(x2)        x30:0000ffe9  x2:100034d8  PA:10003568
26758963ns          455225 1c0094c0 0005d983 lhu              x19, 0(x11)         x19=0000fff9 x11:1c002e9c  PA:1c002e9c
26759262ns          455240 1c0094c4 81c88f5b p.muls           x30, x17, x28       x30=00000000 x17:00000000 x28:00000000
26759282ns          455241 1c0094c8 0002d583 lhu              x11, 0(x5)          x11=0000fff9  x5:1c002eac  PA:1c002eac
26759580ns          455256 1c0094cc 03ce0fb3 mul              x31, x28, x28       x31=00000000 x28:00000000 x28:00000000
26759600ns          455257 1c0094d0 02e50733 mul              x14, x10, x14       x14=00000000 x10:00000000 x14:00000004
26759620ns          455258 1c0094d4 40a85813 srai             x16, x16, 0x40a     x16=00000000 x16:00000000
26759640ns          455259 1c0094d8 03c50533 mul              x10, x10, x28       x10=00000000 x10:00000000 x28:00000000
26759660ns          455260 1c0094dc 07015e03 lhu              x28, 112(x2)        x28=00000004  x2:100034d8  PA:10003548
26759699ns          455262 1c0094e0 01b60633 add              x12, x12, x27       x12=000001d8 x12:00000004 x27:000001d4
26759719ns          455263 1c0094e2 00980833 add              x16, x16, x9        x16=0000fffe x16:00000000  x9:0000fffe
26759739ns          455264 1c0094e4 06015d83 lhu              x27, 96(x2)         x27=00000017  x2:100034d8  PA:10003538
26759759ns          455265 1c0094e8 02812483 lw               x9, 40(x2)           x9=1c002ecc  x2:100034d8  PA:10003500
26759779ns          455266 1c0094ea 40afdf93 srai             x31, x31, 0x40a     x31=00000000 x31:00000000
26759799ns          455267 1c0094ee 40a55513 srai             x10, x10, 0x40a     x10=00000000 x10:00000000
26759819ns          455268 1c0094f0 01cf8fb3 add              x31, x31, x28       x31=00000004 x31:00000000 x28:00000004
26759838ns          455269 1c0094f2 00b50533 add              x10, x10, x11       x10=0000fff9 x10:00000000 x11:0000fff9
26759858ns          455270 1c0094f4 09015e03 lhu              x28, 144(x2)        x28=0000ffe9  x2:100034d8  PA:10003568
26759878ns          455271 1c0094f8 03012583 lw               x11, 48(x2)         x11=1c002edc  x2:100034d8  PA:10003508
26759898ns          455272 1c0094fa 00c49023 sh               x12, 0(x9)          x12:000001d8  x9:1c002ecc  PA:1c002ecc
26760236ns          455289 1c0094fe 01b888b3 add              x17, x17, x27       x17=00000017 x17:00000000 x27:00000017
26760256ns          455290 1c009500 01a30333 add              x6, x6, x26          x6=0000006a  x6:00000000 x26:0000006a
26760276ns          455291 1c009502 08015d83 lhu              x27, 128(x2)        x27=00000000  x2:100034d8  PA:10003558
26760296ns          455292 1c009506 0000d903 lhu              x18, 0(x1)          x18=0000ffe5  x1:1c002e8c  PA:1c002e8c
26760594ns          455307 1c00950a 01c686b3 add              x13, x13, x28       x13=0000ffe9 x13:00000000 x28:0000ffe9
26760614ns          455308 1c00950c 00659023 sh               x6, 0(x11)           x6:0000006a x11:1c002edc  PA:1c002edc
26760932ns          455324 1c009510 40af5f13 srai             x30, x30, 0x40a     x30=00000000 x30:00000000
26760952ns          455325 1c009514 04812e03 lw               x28, 72(x2)         x28=1c002f0c  x2:100034d8  PA:10003520
26760972ns          455326 1c009516 01bf0f33 add              x30, x30, x27       x30=00000000 x30:00000000 x27:00000000
26760992ns          455327 1c009518 40aede93 srai             x29, x29, 0x40a     x29=00000000 x29:00000000
26761012ns          455328 1c00951c 40a75713 srai             x14, x14, 0x40a     x14=00000000 x14:00000000
26761032ns          455329 1c00951e 03812603 lw               x12, 56(x2)         x12=1c002eec  x2:100034d8  PA:10003510
26761052ns          455330 1c009520 04012d83 lw               x27, 64(x2)         x27=1c002efc  x2:100034d8  PA:10003518
26761072ns          455331 1c009522 01ee1023 sh               x30, 0(x28)         x30:00000000 x28:1c002f0c  PA:1c002f0c
26761390ns          455347 1c009526 05812483 lw               x9, 88(x2)           x9=1c002e6c  x2:100034d8  PA:10003530
26761410ns          455348 1c009528 05012f03 lw               x30, 80(x2)         x30=1c002e7c  x2:100034d8  PA:10003528
26761430ns          455349 1c00952a 0a012583 lw               x11, 160(x2)        x11=1c002e9c  x2:100034d8  PA:10003578
26761449ns          455350 1c00952c 014787b3 add              x15, x15, x20       x15=0000ff8e x15:00000000 x20:0000ff8e
26761469ns          455351 1c00952e 013e8eb3 add              x29, x29, x19       x29=0000fff9 x29:00000000 x19:0000fff9
26761489ns          455352 1c009530 01270733 add              x14, x14, x18       x14=0000ffe5 x14:00000000 x18:0000ffe5
26761509ns          455353 1c009532 00f49023 sh               x15, 0(x9)          x15:0000ff8e  x9:1c002e6c  PA:1c002e6c
26761827ns          455369 1c009536 01161023 sh               x17, 0(x12)         x17:00000017 x12:1c002eec  PA:1c002eec
26762146ns          455385 1c00953a 01fd9023 sh               x31, 0(x27)         x31:00000004 x27:1c002efc  PA:1c002efc
26762464ns          455401 1c00953e 00df1023 sh               x13, 0(x30)         x13:0000ffe9 x30:1c002e7c  PA:1c002e7c
26762802ns          455418 1c009542 01d59023 sh               x29, 0(x11)         x29:0000fff9 x11:1c002e9c  PA:1c002e9c
26763120ns          455434 1c009546 00e09023 sh               x14, 0(x1)          x14:0000ffe5  x1:1c002e8c  PA:1c002e8c
26763438ns          455450 1c00954a 01039023 sh               x16, 0(x7)          x16:0000fffe  x7:1c002ebc  PA:1c002ebc
26763756ns          455466 1c00954e 00a29023 sh               x10, 0(x5)          x10:0000fff9  x5:1c002eac  PA:1c002eac
26764095ns          455483 1c009552 008b0b13 addi             x22, x22, 8         x22=0000001e x22:00000016
26764114ns          455484 1c009554 1f300793 addi             x15, x0, 499        x15=000001f3
26764134ns          455485 1c009558 e767dae3 bge              x15, x22, -396      x15:000001f3 x22:0000001e
26764234ns          455490 1c0093cc 010c9a0b p.lh             x20, 16(x25!)       x20=0000016a x25=1c0026d4 x25:1c0026c4  PA:1c0026c4
26764552ns          455506 1c0093d0 0104198b p.lh             x19, 16(x8!)        x19=0000005c  x8=1c001e9c  x8:1c001e8c  PA:1c001e8c
26764850ns          455521 1c0093d4 2cc10513 addi             x10, x2, 716        x10=100037a4  x2:100034d8
26764870ns          455522 1c0093d6 010a990b p.lh             x18, 16(x21!)       x18=00000171 x21=1c0016c8 x21:1c0016b8  PA:1c0016b8
26765188ns          455538 1c0093da 010b948b p.lh             x9, 16(x23!)         x9=00000035 x23=1c000ef8 x23:1c000ee8  PA:1c000ee8
26765507ns          455554 1c0093de 2d411623 sh               x20, 716(x2)        x20:0000016a  x2:100034d8  PA:100037a4
26765526ns          455555 1c0093e2 2d311723 sh               x19, 718(x2)        x19:0000005c  x2:100034d8  PA:100037a6
26765546ns          455556 1c0093e6 c33ff0ef jal              x1, -974             x1=1c0093e8
26765586ns          455558 1c009018 00051803 lh               x16, 0(x10)         x16=0000016a x10:100037a4  PA:100037a4
26765606ns          455559 1c00901c 00251883 lh               x17, 2(x10)         x17=0000005c x10:100037a4  PA:100037a6
26765626ns          455560 1c009020 030806b3 mul              x13, x16, x16       x13=0001ffe4 x16:0000016a x16:0000016a
26765646ns          455561 1c009024 03188633 mul              x12, x17, x17       x12=00002110 x17:0000005c x17:0000005c
26765666ns          455562 1c009028 40a65613 srai             x12, x12, 0x40a     x12=00000008 x12:00002110
26765686ns          455563 1c00902a 40a6d693 srai             x13, x13, 0x40a     x13=0000007f x13:0001ffe4
26765705ns          455564 1c00902c 00c686b3 add              x13, x13, x12       x13=00000087 x13:0000007f x12:00000008
26765725ns          455565 1c00902e 1006c633 p.exths          x12, x13, x0        x12=00000087 x13:00000087
26765745ns          455566 1c009032 00855703 lhu              x14, 8(x10)         x14=0000ffd1 x10:100037a4  PA:100037ac
26765765ns          455567 1c009036 00a55683 lhu              x13, 10(x10)        x13=0000ff6a x10:100037a4  PA:100037ae
26765785ns          455568 1c00903a 02c60333 mul              x6, x12, x12         x6=00004731 x12:00000087 x12:00000087
26765805ns          455569 1c00903e 00c55783 lhu              x15, 12(x10)        x15=0000ffe5 x10:100037a4  PA:100037b0
26765825ns          455570 1c009042 00e55583 lhu              x11, 14(x10)        x11=00000060 x10:100037a4  PA:100037b2
26765845ns          455571 1c009046 dea30333 p.extract        x6, x6, 15, 10       x6=00000011  x6:00004731
26765865ns          455572 1c00904a 80c7075b p.muls           x14, x14, x12       x14=ffffe737 x14:0000ffd1 x12:00000087
26765884ns          455573 1c00904e 80c686db p.muls           x13, x13, x12       x13=ffffb0e6 x13:0000ff6a x12:00000087
26765904ns          455574 1c009052 00455e83 lhu              x29, 4(x10)         x29=00000427 x10:100037a4  PA:100037a8
26765924ns          455575 1c009056 00655e03 lhu              x28, 6(x10)         x28=0000007f x10:100037a4  PA:100037aa
26765944ns          455576 1c00905a 40a75713 srai             x14, x14, 0x40a     x14=fffffff9 x14:ffffe737
26765964ns          455577 1c00905c 806787db p.muls           x15, x15, x6        x15=fffffe35 x15:0000ffe5  x6:00000011
26765984ns          455578 1c009060 40a6d693 srai             x13, x13, 0x40a     x13=ffffffec x13:ffffb0e6
26766024ns          455580 1c009062 8065865b p.muls           x12, x11, x6        x12=00000660 x11:00000060  x6:00000011
26766044ns          455581 1c009066 40a7d793 srai             x15, x15, 0x40a     x15=ffffffff x15:fffffe35
26766063ns          455582 1c009068 40a65613 srai             x12, x12, 0x40a     x12=00000001 x12:00000660
26766083ns          455583 1c00906a 01d70733 add              x14, x14, x29       x14=00000420 x14:fffffff9 x29:00000427
26766103ns          455584 1c00906c 01c686b3 add              x13, x13, x28       x13=0000006b x13:ffffffec x28:0000007f
26766123ns          455585 1c00906e 00c686b3 add              x13, x13, x12       x13=0000006c x13:0000006b x12:00000001
26766143ns          455586 1c009070 00f70733 add              x14, x14, x15       x14=0000041f x14:00000420 x15:ffffffff
26766163ns          455587 1c009072 100747b3 p.exths          x15, x14, x0        x15=0000041f x14:0000041f
26766183ns          455588 1c009076 1006c733 p.exths          x14, x13, x0        x14=0000006c x13:0000006c
26766203ns          455589 1c00907a 03170633 mul              x12, x14, x17       x12=000026d0 x14:0000006c x17:0000005c
26766262ns          455592 1c00907e 030786b3 mul              x13, x15, x16       x13=0005d3d6 x15:0000041f x16:0000016a
26766302ns          455594 1c009082 03070733 mul              x14, x14, x16       x14=000098b8 x14:0000006c x16:0000016a
26766322ns          455595 1c009086 031787b3 mul              x15, x15, x17       x15=00017b24 x15:0000041f x17:0000005c
26766342ns          455596 1c00908a 40a6d693 srai             x13, x13, 0x40a     x13=00000174 x13:0005d3d6
26766362ns          455597 1c00908c 40a65613 srai             x12, x12, 0x40a     x12=00000009 x12:000026d0
26766382ns          455598 1c00908e 40a7d793 srai             x15, x15, 0x40a     x15=0000005e x15:00017b24
26766402ns          455599 1c009090 40a75713 srai             x14, x14, 0x40a     x14=00000026 x14:000098b8
26766421ns          455600 1c009092 40c686b3 sub              x13, x13, x12       x13=0000016b x13:00000174 x12:00000009
26766441ns          455601 1c009094 00e787b3 add              x15, x15, x14       x15=00000084 x15:0000005e x14:00000026
26766461ns          455602 1c009096 00d51823 sh               x13, 16(x10)        x13:0000016b x10:100037a4  PA:100037b4
26766481ns          455603 1c00909a 00f51923 sh               x15, 18(x10)        x15:00000084 x10:100037a4  PA:100037b6
26766501ns          455604 1c00909e 00008067 jalr             x0, x1, 0            x1:1c0093e8
26766541ns          455606 1c0093e8 2dc15583 lhu              x11, 732(x2)        x11=0000016b  x2:100034d8  PA:100037b4
26766561ns          455607 1c0093ec 2de15783 lhu              x15, 734(x2)        x15=00000084  x2:100034d8  PA:100037b6
26766581ns          455608 1c0093f0 40b90933 sub              x18, x18, x11       x18=00000006 x18:00000171 x11:0000016b
26766600ns          455609 1c0093f4 40f484b3 sub              x9, x9, x15          x9=ffffffb1  x9:00000035 x15:00000084
26766620ns          455610 1c0093f6 100945b3 p.exths          x11, x18, x0        x11=00000006 x18:00000006
26766640ns          455611 1c0093fa 1004c7b3 p.exths          x15, x9, x0         x15=ffffffb1  x9:ffffffb1
26766660ns          455612 1c0093fe 034586b3 mul              x13, x11, x20       x13=0000087c x11:00000006 x20:0000016a
26766680ns          455613 1c009402 03378533 mul              x10, x15, x19       x10=ffffe39c x15:ffffffb1 x19:0000005c
26766700ns          455614 1c009406 034a0633 mul              x12, x20, x20       x12=0001ffe4 x20:0000016a x20:0000016a
26766720ns          455615 1c00940a 03398733 mul              x14, x19, x19       x14=00002110 x19:0000005c x19:0000005c
26766740ns          455616 1c00940e 034787b3 mul              x15, x15, x20       x15=ffff904a x15:ffffffb1 x20:0000016a
26766760ns          455617 1c009412 033585b3 mul              x11, x11, x19       x11=00000228 x11:00000006 x19:0000005c
26766779ns          455618 1c009416 40a75713 srai             x14, x14, 0x40a     x14=00000008 x14:00002110
26766799ns          455619 1c009418 40a5d593 srai             x11, x11, 0x40a     x11=00000000 x11:00000228
26766819ns          455620 1c00941a 40a65613 srai             x12, x12, 0x40a     x12=0000007f x12:0001ffe4
26766839ns          455621 1c00941c 40a7d793 srai             x15, x15, 0x40a     x15=ffffffe4 x15:ffff904a
26766859ns          455622 1c00941e 1c0034b7 lui              x9, 0x1c003000       x9=1c003000
26766879ns          455623 1c009422 00e60633 add              x12, x12, x14       x12=00000087 x12:0000007f x14:00000008
26766899ns          455624 1c009424 40b787b3 sub              x15, x15, x11       x15=ffffffe4 x15:ffffffe4 x11:00000000
26766919ns          455625 1c009426 eb048493 addi             x9, x9, -336         x9=1c002eb0  x9:1c003000
26766939ns          455626 1c00942a 1c0032b7 lui              x5, 0x1c003000       x5=1c003000
26766958ns          455627 1c00942e 1c0035b7 lui              x11, 0x1c003000     x11=1c003000
26766978ns          455628 1c009432 018483b3 add              x7, x9, x24          x7=1c002ebc  x9:1c002eb0 x24:0000000c
26766998ns          455629 1c009436 02812e83 lw               x29, 40(x2)         x29=1c002ecc  x2:100034d8  PA:10003500
26767018ns          455630 1c009438 10065633 p.exthz          x12, x12, x0        x12=00000087 x12:00000087
26767038ns          455631 1c00943c e8028293 addi             x5, x5, -384         x5=1c002e80  x5:1c003000
26767078ns          455633 1c009440 ea058593 addi             x11, x11, -352      x11=1c002ea0 x11:1c003000
26767118ns          455635 1c009444 03812483 lw               x9, 56(x2)           x9=1c002eec  x2:100034d8  PA:10003510
26767137ns          455636 1c009446 10064733 p.exths          x14, x12, x0        x14=00000087 x12:00000087
26767157ns          455637 1c00944a 018280b3 add              x1, x5, x24          x1=1c002e8c  x5:1c002e80 x24:0000000c
26767177ns          455638 1c00944e 03012f03 lw               x30, 48(x2)         x30=1c002edc  x2:100034d8  PA:10003508
26767217ns          455640 1c009450 018582b3 add              x5, x11, x24         x5=1c002eac x11:1c002ea0 x24:0000000c
26767257ns          455642 1c009454 04012583 lw               x11, 64(x2)         x11=1c002efc  x2:100034d8  PA:10003518
26767277ns          455643 1c009456 000edd83 lhu              x27, 0(x29)         x27=000001d8 x29:1c002ecc  PA:1c002ecc
26767575ns          455658 1c00945a 0004d483 lhu              x9, 0(x9)            x9=00000017  x9:1c002eec  PA:1c002eec
26767893ns          455674 1c00945e 02e70333 mul              x6, x14, x14         x6=00004731 x14:00000087 x14:00000087
26767913ns          455675 1c009462 40a55513 srai             x10, x10, 0x40a     x10=fffffff8 x10:ffffe39c
26767933ns          455676 1c009464 04812e83 lw               x29, 72(x2)         x29=1c002f0c  x2:100034d8  PA:10003520
26767953ns          455677 1c009466 40a6d693 srai             x13, x13, 0x40a     x13=00000002 x13:0000087c
26767973ns          455678 1c009468 000f5d03 lhu              x26, 0(x30)         x26=0000006a x30:1c002edc  PA:1c002edc
26768271ns          455693 1c00946c 0005d583 lhu              x11, 0(x11)         x11=00000004 x11:1c002efc  PA:1c002efc
26768669ns          455713 1c009470 40a35313 srai             x6, x6, 0x40a        x6=00000011  x6:00004731
26768689ns          455714 1c009474 00a686b3 add              x13, x13, x10       x13=fffffffa x13:00000002 x10:fffffff8
26768709ns          455715 1c009476 05012f03 lw               x30, 80(x2)         x30=1c002e7c  x2:100034d8  PA:10003528
26768728ns          455716 1c009478 10034e33 p.exths          x28, x6, x0         x28=00000011  x6:00000011
26768748ns          455717 1c00947c 06911023 sh               x9, 96(x2)           x9:00000017  x2:100034d8  PA:10003538
26768788ns          455719 1c009480 000ede83 lhu              x29, 0(x29)         x29=00000000 x29:1c002f0c  PA:1c002f0c
26769126ns          455736 1c009484 05812483 lw               x9, 88(x2)           x9=1c002e6c  x2:100034d8  PA:10003530
26769146ns          455737 1c009486 1006d6b3 p.exthz          x13, x13, x0        x13=0000fffa x13:fffffffa
26769166ns          455738 1c00948a 02ee08b3 mul              x17, x28, x14       x17=000008f7 x28:00000011 x14:00000087
26769186ns          455739 1c00948e 1006c833 p.exths          x16, x13, x0        x16=fffffffa x13:0000fffa
26769206ns          455740 1c009492 06b11823 sh               x11, 112(x2)        x11:00000004  x2:100034d8  PA:10003548
26769226ns          455741 1c009496 000f5f03 lhu              x30, 0(x30)         x30=0000ffe9 x30:1c002e7c  PA:1c002e7c
26769584ns          455759 1c00949a 0a012583 lw               x11, 160(x2)        x11=1c002e9c  x2:100034d8  PA:10003578
26769604ns          455760 1c00949c 1007d7b3 p.exthz          x15, x15, x0        x15=0000ffe4 x15:ffffffe4
26769623ns          455761 1c0094a0 0004da03 lhu              x20, 0(x9)          x20=0000ff8e  x9:1c002e6c  PA:1c002e6c
26770041ns          455782 1c0094a4 1007c533 p.exths          x10, x15, x0        x10=ffffffe4 x15:0000ffe4
26770061ns          455783 1c0094a8 09d11023 sh               x29, 128(x2)        x29:00000000  x2:100034d8  PA:10003558
26770081ns          455784 1c0094ac 0003d483 lhu              x9, 0(x7)            x9=0000fffe  x7:1c002ebc  PA:1c002ebc
26770379ns          455799 1c0094b0 02e80eb3 mul              x29, x16, x14       x29=fffffcd6 x16:fffffffa x14:00000087
26770399ns          455800 1c0094b4 40a8d893 srai             x17, x17, 0x40a     x17=00000002 x17:000008f7
26770419ns          455801 1c0094b8 03c80833 mul              x16, x16, x28       x16=ffffff9a x16:fffffffa x28:00000011
26770439ns          455802 1c0094bc 09e11823 sh               x30, 144(x2)        x30:0000ffe9  x2:100034d8  PA:10003568
26770459ns          455803 1c0094c0 0005d983 lhu              x19, 0(x11)         x19=0000fff9 x11:1c002e9c  PA:1c002e9c
26770797ns          455820 1c0094c4 81c88f5b p.muls           x30, x17, x28       x30=00000022 x17:00000002 x28:00000011
26770817ns          455821 1c0094c8 0002d583 lhu              x11, 0(x5)          x11=0000fff9  x5:1c002eac  PA:1c002eac
26771115ns          455836 1c0094cc 03ce0fb3 mul              x31, x28, x28       x31=00000121 x28:00000011 x28:00000011
26771135ns          455837 1c0094d0 02e50733 mul              x14, x10, x14       x14=fffff13c x10:ffffffe4 x14:00000087
26771155ns          455838 1c0094d4 40a85813 srai             x16, x16, 0x40a     x16=ffffffff x16:ffffff9a
26771175ns          455839 1c0094d8 03c50533 mul              x10, x10, x28       x10=fffffe24 x10:ffffffe4 x28:00000011
26771195ns          455840 1c0094dc 07015e03 lhu              x28, 112(x2)        x28=00000004  x2:100034d8  PA:10003548
26771214ns          455841 1c0094e0 01b60633 add              x12, x12, x27       x12=0000025f x12:00000087 x27:000001d8
26771234ns          455842 1c0094e2 00980833 add              x16, x16, x9        x16=0000fffd x16:ffffffff  x9:0000fffe
26771254ns          455843 1c0094e4 06015d83 lhu              x27, 96(x2)         x27=00000017  x2:100034d8  PA:10003538
26771274ns          455844 1c0094e8 02812483 lw               x9, 40(x2)           x9=1c002ecc  x2:100034d8  PA:10003500
26771294ns          455845 1c0094ea 40afdf93 srai             x31, x31, 0x40a     x31=00000000 x31:00000121
26771314ns          455846 1c0094ee 40a55513 srai             x10, x10, 0x40a     x10=ffffffff x10:fffffe24
26771334ns          455847 1c0094f0 01cf8fb3 add              x31, x31, x28       x31=00000004 x31:00000000 x28:00000004
26771354ns          455848 1c0094f2 00b50533 add              x10, x10, x11       x10=0000fff8 x10:ffffffff x11:0000fff9
26771374ns          455849 1c0094f4 09015e03 lhu              x28, 144(x2)        x28=0000ffe9  x2:100034d8  PA:10003568
26771393ns          455850 1c0094f8 03012583 lw               x11, 48(x2)         x11=1c002edc  x2:100034d8  PA:10003508
26771413ns          455851 1c0094fa 00c49023 sh               x12, 0(x9)          x12:0000025f  x9:1c002ecc  PA:1c002ecc
26771732ns          455867 1c0094fe 01b888b3 add              x17, x17, x27       x17=00000019 x17:00000002 x27:00000017
26771751ns          455868 1c009500 01a30333 add              x6, x6, x26          x6=0000007b  x6:00000011 x26:0000006a
26771771ns          455869 1c009502 08015d83 lhu              x27, 128(x2)        x27=00000000  x2:100034d8  PA:10003558
26771791ns          455870 1c009506 0000d903 lhu              x18, 0(x1)          x18=0000ffe5  x1:1c002e8c  PA:1c002e8c
26772169ns          455889 1c00950a 01c686b3 add              x13, x13, x28       x13=0001ffe3 x13:0000fffa x28:0000ffe9
26772189ns          455890 1c00950c 00659023 sh               x6, 0(x11)           x6:0000007b x11:1c002edc  PA:1c002edc
26772507ns          455906 1c009510 40af5f13 srai             x30, x30, 0x40a     x30=00000000 x30:00000022
26772527ns          455907 1c009514 04812e03 lw               x28, 72(x2)         x28=1c002f0c  x2:100034d8  PA:10003520
26772547ns          455908 1c009516 01bf0f33 add              x30, x30, x27       x30=00000000 x30:00000000 x27:00000000
26772567ns          455909 1c009518 40aede93 srai             x29, x29, 0x40a     x29=ffffffff x29:fffffcd6
26772587ns          455910 1c00951c 40a75713 srai             x14, x14, 0x40a     x14=fffffffc x14:fffff13c
26772607ns          455911 1c00951e 03812603 lw               x12, 56(x2)         x12=1c002eec  x2:100034d8  PA:10003510
26772626ns          455912 1c009520 04012d83 lw               x27, 64(x2)         x27=1c002efc  x2:100034d8  PA:10003518
26772646ns          455913 1c009522 01ee1023 sh               x30, 0(x28)         x30:00000000 x28:1c002f0c  PA:1c002f0c
26772965ns          455929 1c009526 05812483 lw               x9, 88(x2)           x9=1c002e6c  x2:100034d8  PA:10003530
26772984ns          455930 1c009528 05012f03 lw               x30, 80(x2)         x30=1c002e7c  x2:100034d8  PA:10003528
26773004ns          455931 1c00952a 0a012583 lw               x11, 160(x2)        x11=1c002e9c  x2:100034d8  PA:10003578
26773024ns          455932 1c00952c 014787b3 add              x15, x15, x20       x15=0001ff72 x15:0000ffe4 x20:0000ff8e
26773044ns          455933 1c00952e 013e8eb3 add              x29, x29, x19       x29=0000fff8 x29:ffffffff x19:0000fff9
26773064ns          455934 1c009530 01270733 add              x14, x14, x18       x14=0000ffe1 x14:fffffffc x18:0000ffe5
26773084ns          455935 1c009532 00f49023 sh               x15, 0(x9)          x15:0001ff72  x9:1c002e6c  PA:1c002e6c
26773422ns          455952 1c009536 01161023 sh               x17, 0(x12)         x17:00000019 x12:1c002eec  PA:1c002eec
26773840ns          455973 1c00953a 01fd9023 sh               x31, 0(x27)         x31:00000004 x27:1c002efc  PA:1c002efc
26774158ns          455989 1c00953e 00df1023 sh               x13, 0(x30)         x13:0001ffe3 x30:1c002e7c  PA:1c002e7c
26774476ns          456005 1c009542 01d59023 sh               x29, 0(x11)         x29:0000fff8 x11:1c002e9c  PA:1c002e9c
26774794ns          456021 1c009546 00e09023 sh               x14, 0(x1)          x14:0000ffe1  x1:1c002e8c  PA:1c002e8c
26775112ns          456037 1c00954a 01039023 sh               x16, 0(x7)          x16:0000fffd  x7:1c002ebc  PA:1c002ebc
26775431ns          456053 1c00954e 00a29023 sh               x10, 0(x5)          x10:0000fff8  x5:1c002eac  PA:1c002eac
26775749ns          456069 1c009552 008b0b13 addi             x22, x22, 8         x22=00000026 x22:0000001e
26775769ns          456070 1c009554 1f300793 addi             x15, x0, 499        x15=000001f3
26775789ns          456071 1c009558 e767dae3 bge              x15, x22, -396      x15:000001f3 x22:00000026
26775888ns          456076 1c0093cc 010c9a0b p.lh             x20, 16(x25!)       x20=000002ad x25=1c0026e4 x25:1c0026d4  PA:1c0026d4
26776226ns          456093 1c0093d0 0104198b p.lh             x19, 16(x8!)        x19=ffffff24  x8=1c001eac  x8:1c001e9c  PA:1c001e9c
26776525ns          456108 1c0093d4 2cc10513 addi             x10, x2, 716        x10=100037a4  x2:100034d8
26776544ns          456109 1c0093d6 010a990b p.lh             x18, 16(x21!)       x18=00000260 x21=1c0016d8 x21:1c0016c8  PA:1c0016c8
26776843ns          456124 1c0093da 010b948b p.lh             x9, 16(x23!)         x9=fffffea1 x23=1c000f08 x23:1c000ef8  PA:1c000ef8
26777141ns          456139 1c0093de 2d411623 sh               x20, 716(x2)        x20:000002ad  x2:100034d8  PA:100037a4
26777181ns          456141 1c0093e2 2d311723 sh               x19, 718(x2)        x19:ffffff24  x2:100034d8  PA:100037a6
26777201ns          456142 1c0093e6 c33ff0ef jal              x1, -974             x1=1c0093e8
26777240ns          456144 1c009018 00051803 lh               x16, 0(x10)         x16=000002ad x10:100037a4  PA:100037a4
26777260ns          456145 1c00901c 00251883 lh               x17, 2(x10)         x17=ffffff24 x10:100037a4  PA:100037a6
26777280ns          456146 1c009020 030806b3 mul              x13, x16, x16       x13=000728e9 x16:000002ad x16:000002ad
26777300ns          456147 1c009024 03188633 mul              x12, x17, x17       x12=0000bd10 x17:ffffff24 x17:ffffff24
26777320ns          456148 1c009028 40a65613 srai             x12, x12, 0x40a     x12=0000002f x12:0000bd10
26777340ns          456149 1c00902a 40a6d693 srai             x13, x13, 0x40a     x13=000001ca x13:000728e9
26777360ns          456150 1c00902c 00c686b3 add              x13, x13, x12       x13=000001f9 x13:000001ca x12:0000002f
26777380ns          456151 1c00902e 1006c633 p.exths          x12, x13, x0        x12=000001f9 x13:000001f9
26777400ns          456152 1c009032 00855703 lhu              x14, 8(x10)         x14=0000ffd1 x10:100037a4  PA:100037ac
26777419ns          456153 1c009036 00a55683 lhu              x13, 10(x10)        x13=0000ff6a x10:100037a4  PA:100037ae
26777439ns          456154 1c00903a 02c60333 mul              x6, x12, x12         x6=0003e431 x12:000001f9 x12:000001f9
26777459ns          456155 1c00903e 00c55783 lhu              x15, 12(x10)        x15=0000ffe5 x10:100037a4  PA:100037b0
26777479ns          456156 1c009042 00e55583 lhu              x11, 14(x10)        x11=00000060 x10:100037a4  PA:100037b2
26777499ns          456157 1c009046 dea30333 p.extract        x6, x6, 15, 10       x6=000000f9  x6:0003e431
26777519ns          456158 1c00904a 80c7075b p.muls           x14, x14, x12       x14=ffffa349 x14:0000ffd1 x12:000001f9
26777559ns          456160 1c00904e 80c686db p.muls           x13, x13, x12       x13=fffed81a x13:0000ff6a x12:000001f9
26777598ns          456162 1c009052 00455e83 lhu              x29, 4(x10)         x29=00000427 x10:100037a4  PA:100037a8
26777618ns          456163 1c009056 00655e03 lhu              x28, 6(x10)         x28=0000007f x10:100037a4  PA:100037aa
26777638ns          456164 1c00905a 40a75713 srai             x14, x14, 0x40a     x14=ffffffe8 x14:ffffa349
26777658ns          456165 1c00905c 806787db p.muls           x15, x15, x6        x15=ffffe5bd x15:0000ffe5  x6:000000f9
26777698ns          456167 1c009060 40a6d693 srai             x13, x13, 0x40a     x13=ffffffb6 x13:fffed81a
26777738ns          456169 1c009062 8065865b p.muls           x12, x11, x6        x12=00005d60 x11:00000060  x6:000000f9
26777758ns          456170 1c009066 40a7d793 srai             x15, x15, 0x40a     x15=fffffff9 x15:ffffe5bd
26777777ns          456171 1c009068 40a65613 srai             x12, x12, 0x40a     x12=00000017 x12:00005d60
26777797ns          456172 1c00906a 01d70733 add              x14, x14, x29       x14=0000040f x14:ffffffe8 x29:00000427
26777817ns          456173 1c00906c 01c686b3 add              x13, x13, x28       x13=00000035 x13:ffffffb6 x28:0000007f
26777837ns          456174 1c00906e 00c686b3 add              x13, x13, x12       x13=0000004c x13:00000035 x12:00000017
26777857ns          456175 1c009070 00f70733 add              x14, x14, x15       x14=00000408 x14:0000040f x15:fffffff9
26777877ns          456176 1c009072 100747b3 p.exths          x15, x14, x0        x15=00000408 x14:00000408
26777897ns          456177 1c009076 1006c733 p.exths          x14, x13, x0        x14=0000004c x13:0000004c
26777917ns          456178 1c00907a 03170633 mul              x12, x14, x17       x12=ffffbeb0 x14:0000004c x17:ffffff24
26777937ns          456179 1c00907e 030786b3 mul              x13, x15, x16       x13=000ac968 x15:00000408 x16:000002ad
26777956ns          456180 1c009082 03070733 mul              x14, x14, x16       x14=0000cb5c x14:0000004c x16:000002ad
26777976ns          456181 1c009086 031787b3 mul              x15, x15, x17       x15=fffc8920 x15:00000408 x17:ffffff24
26777996ns          456182 1c00908a 40a6d693 srai             x13, x13, 0x40a     x13=000002b2 x13:000ac968
26778016ns          456183 1c00908c 40a65613 srai             x12, x12, 0x40a     x12=ffffffef x12:ffffbeb0
26778036ns          456184 1c00908e 40a7d793 srai             x15, x15, 0x40a     x15=ffffff22 x15:fffc8920
26778056ns          456185 1c009090 40a75713 srai             x14, x14, 0x40a     x14=00000032 x14:0000cb5c
26778076ns          456186 1c009092 40c686b3 sub              x13, x13, x12       x13=000002c3 x13:000002b2 x12:ffffffef
26778096ns          456187 1c009094 00e787b3 add              x15, x15, x14       x15=ffffff54 x15:ffffff22 x14:00000032
26778116ns          456188 1c009096 00d51823 sh               x13, 16(x10)        x13:000002c3 x10:100037a4  PA:100037b4
26778175ns          456191 1c00909a 00f51923 sh               x15, 18(x10)        x15:ffffff54 x10:100037a4  PA:100037b6
26778195ns          456192 1c00909e 00008067 jalr             x0, x1, 0            x1:1c0093e8
26778235ns          456194 1c0093e8 2dc15583 lhu              x11, 732(x2)        x11=000002c3  x2:100034d8  PA:100037b4
26778255ns          456195 1c0093ec 2de15783 lhu              x15, 734(x2)        x15=0000ff54  x2:100034d8  PA:100037b6
26778275ns          456196 1c0093f0 40b90933 sub              x18, x18, x11       x18=ffffff9d x18:00000260 x11:000002c3
26778295ns          456197 1c0093f4 40f484b3 sub              x9, x9, x15          x9=fffeff4d  x9:fffffea1 x15:0000ff54
26778314ns          456198 1c0093f6 100945b3 p.exths          x11, x18, x0        x11=ffffff9d x18:ffffff9d
26778334ns          456199 1c0093fa 1004c7b3 p.exths          x15, x9, x0         x15=ffffff4d  x9:fffeff4d
26778354ns          456200 1c0093fe 034586b3 mul              x13, x11, x20       x13=fffef719 x11:ffffff9d x20:000002ad
26778374ns          456201 1c009402 03378533 mul              x10, x15, x19       x10=000099d4 x15:ffffff4d x19:ffffff24
26778394ns          456202 1c009406 034a0633 mul              x12, x20, x20       x12=000728e9 x20:000002ad x20:000002ad
26778414ns          456203 1c00940a 03398733 mul              x14, x19, x19       x14=0000bd10 x19:ffffff24 x19:ffffff24
26778474ns          456206 1c00940e 034787b3 mul              x15, x15, x20       x15=fffe2109 x15:ffffff4d x20:000002ad
26778513ns          456208 1c009412 033585b3 mul              x11, x11, x19       x11=00005514 x11:ffffff9d x19:ffffff24
26778533ns          456209 1c009416 40a75713 srai             x14, x14, 0x40a     x14=0000002f x14:0000bd10
26778553ns          456210 1c009418 40a5d593 srai             x11, x11, 0x40a     x11=00000015 x11:00005514
26778573ns          456211 1c00941a 40a65613 srai             x12, x12, 0x40a     x12=000001ca x12:000728e9
26778593ns          456212 1c00941c 40a7d793 srai             x15, x15, 0x40a     x15=ffffff88 x15:fffe2109
26778613ns          456213 1c00941e 1c0034b7 lui              x9, 0x1c003000       x9=1c003000
26778633ns          456214 1c009422 00e60633 add              x12, x12, x14       x12=000001f9 x12:000001ca x14:0000002f
26778653ns          456215 1c009424 40b787b3 sub              x15, x15, x11       x15=ffffff73 x15:ffffff88 x11:00000015
26778672ns          456216 1c009426 eb048493 addi             x9, x9, -336         x9=1c002eb0  x9:1c003000
26778692ns          456217 1c00942a 1c0032b7 lui              x5, 0x1c003000       x5=1c003000
26778712ns          456218 1c00942e 1c0035b7 lui              x11, 0x1c003000     x11=1c003000
26778732ns          456219 1c009432 018483b3 add              x7, x9, x24          x7=1c002ebc  x9:1c002eb0 x24:0000000c
26778752ns          456220 1c009436 02812e83 lw               x29, 40(x2)         x29=1c002ecc  x2:100034d8  PA:10003500
26778772ns          456221 1c009438 10065633 p.exthz          x12, x12, x0        x12=000001f9 x12:000001f9
26778792ns          456222 1c00943c e8028293 addi             x5, x5, -384         x5=1c002e80  x5:1c003000
26778812ns          456223 1c009440 ea058593 addi             x11, x11, -352      x11=1c002ea0 x11:1c003000
26778832ns          456224 1c009444 03812483 lw               x9, 56(x2)           x9=1c002eec  x2:100034d8  PA:10003510
26778851ns          456225 1c009446 10064733 p.exths          x14, x12, x0        x14=000001f9 x12:000001f9
26778871ns          456226 1c00944a 018280b3 add              x1, x5, x24          x1=1c002e8c  x5:1c002e80 x24:0000000c
26778891ns          456227 1c00944e 03012f03 lw               x30, 48(x2)         x30=1c002edc  x2:100034d8  PA:10003508
26778911ns          456228 1c009450 018582b3 add              x5, x11, x24         x5=1c002eac x11:1c002ea0 x24:0000000c
26778931ns          456229 1c009454 04012583 lw               x11, 64(x2)         x11=1c002efc  x2:100034d8  PA:10003518
26778951ns          456230 1c009456 000edd83 lhu              x27, 0(x29)         x27=0000025f x29:1c002ecc  PA:1c002ecc
26779329ns          456249 1c00945a 0004d483 lhu              x9, 0(x9)            x9=00000019  x9:1c002eec  PA:1c002eec
26779667ns          456266 1c00945e 02e70333 mul              x6, x14, x14         x6=0003e431 x14:000001f9 x14:000001f9
26779687ns          456267 1c009462 40a55513 srai             x10, x10, 0x40a     x10=00000026 x10:000099d4
26779707ns          456268 1c009464 04812e83 lw               x29, 72(x2)         x29=1c002f0c  x2:100034d8  PA:10003520
26779726ns          456269 1c009466 40a6d693 srai             x13, x13, 0x40a     x13=ffffffbd x13:fffef719
26779746ns          456270 1c009468 000f5d03 lhu              x26, 0(x30)         x26=0000007b x30:1c002edc  PA:1c002edc
26780084ns          456287 1c00946c 0005d583 lhu              x11, 0(x11)         x11=00000004 x11:1c002efc  PA:1c002efc
26780383ns          456302 1c009470 40a35313 srai             x6, x6, 0x40a        x6=000000f9  x6:0003e431
26780403ns          456303 1c009474 00a686b3 add              x13, x13, x10       x13=ffffffe3 x13:ffffffbd x10:00000026
26780423ns          456304 1c009476 05012f03 lw               x30, 80(x2)         x30=1c002e7c  x2:100034d8  PA:10003528
26780442ns          456305 1c009478 10034e33 p.exths          x28, x6, x0         x28=000000f9  x6:000000f9
26780462ns          456306 1c00947c 06911023 sh               x9, 96(x2)           x9:00000019  x2:100034d8  PA:10003538
26780482ns          456307 1c009480 000ede83 lhu              x29, 0(x29)         x29=00000000 x29:1c002f0c  PA:1c002f0c
26780820ns          456324 1c009484 05812483 lw               x9, 88(x2)           x9=1c002e6c  x2:100034d8  PA:10003530
26780840ns          456325 1c009486 1006d6b3 p.exthz          x13, x13, x0        x13=0000ffe3 x13:ffffffe3
26780860ns          456326 1c00948a 02ee08b3 mul              x17, x28, x14       x17=0001eb31 x28:000000f9 x14:000001f9
26780880ns          456327 1c00948e 1006c833 p.exths          x16, x13, x0        x16=ffffffe3 x13:0000ffe3
26780900ns          456328 1c009492 06b11823 sh               x11, 112(x2)        x11:00000004  x2:100034d8  PA:10003548
26780920ns          456329 1c009496 000f5f03 lhu              x30, 0(x30)         x30=0000ffe3 x30:1c002e7c  PA:1c002e7c
26781218ns          456344 1c00949a 0a012583 lw               x11, 160(x2)        x11=1c002e9c  x2:100034d8  PA:10003578
26781238ns          456345 1c00949c 1007d7b3 p.exthz          x15, x15, x0        x15=0000ff73 x15:ffffff73
26781258ns          456346 1c0094a0 0004da03 lhu              x20, 0(x9)          x20=0000ff72  x9:1c002e6c  PA:1c002e6c
26781636ns          456365 1c0094a4 1007c533 p.exths          x10, x15, x0        x10=ffffff73 x15:0000ff73
26781656ns          456366 1c0094a8 09d11023 sh               x29, 128(x2)        x29:00000000  x2:100034d8  PA:10003558
26781676ns          456367 1c0094ac 0003d483 lhu              x9, 0(x7)            x9=0000fffd  x7:1c002ebc  PA:1c002ebc
26782034ns          456385 1c0094b0 02e80eb3 mul              x29, x16, x14       x29=ffffc6cb x16:ffffffe3 x14:000001f9
26782053ns          456386 1c0094b4 40a8d893 srai             x17, x17, 0x40a     x17=0000007a x17:0001eb31
26782073ns          456387 1c0094b8 03c80833 mul              x16, x16, x28       x16=ffffe3cb x16:ffffffe3 x28:000000f9
26782093ns          456388 1c0094bc 09e11823 sh               x30, 144(x2)        x30:0000ffe3  x2:100034d8  PA:10003568
26782113ns          456389 1c0094c0 0005d983 lhu              x19, 0(x11)         x19=0000fff8 x11:1c002e9c  PA:1c002e9c
26782411ns          456404 1c0094c4 81c88f5b p.muls           x30, x17, x28       x30=000076aa x17:0000007a x28:000000f9
26782431ns          456405 1c0094c8 0002d583 lhu              x11, 0(x5)          x11=0000fff8  x5:1c002eac  PA:1c002eac
26782789ns          456423 1c0094cc 03ce0fb3 mul              x31, x28, x28       x31=0000f231 x28:000000f9 x28:000000f9
26782809ns          456424 1c0094d0 02e50733 mul              x14, x10, x14       x14=fffee9db x10:ffffff73 x14:000001f9
26782829ns          456425 1c0094d4 40a85813 srai             x16, x16, 0x40a     x16=fffffff8 x16:ffffe3cb
26782849ns          456426 1c0094d8 03c50533 mul              x10, x10, x28       x10=ffff76db x10:ffffff73 x28:000000f9
26782869ns          456427 1c0094dc 07015e03 lhu              x28, 112(x2)        x28=00000004  x2:100034d8  PA:10003548
26782909ns          456429 1c0094e0 01b60633 add              x12, x12, x27       x12=00000458 x12:000001f9 x27:0000025f
26782928ns          456430 1c0094e2 00980833 add              x16, x16, x9        x16=0000fff5 x16:fffffff8  x9:0000fffd
26782948ns          456431 1c0094e4 06015d83 lhu              x27, 96(x2)         x27=00000019  x2:100034d8  PA:10003538
26782968ns          456432 1c0094e8 02812483 lw               x9, 40(x2)           x9=1c002ecc  x2:100034d8  PA:10003500
26782988ns          456433 1c0094ea 40afdf93 srai             x31, x31, 0x40a     x31=0000003c x31:0000f231
26783008ns          456434 1c0094ee 40a55513 srai             x10, x10, 0x40a     x10=ffffffdd x10:ffff76db
26783028ns          456435 1c0094f0 01cf8fb3 add              x31, x31, x28       x31=00000040 x31:0000003c x28:00000004
26783048ns          456436 1c0094f2 00b50533 add              x10, x10, x11       x10=0000ffd5 x10:ffffffdd x11:0000fff8
26783068ns          456437 1c0094f4 09015e03 lhu              x28, 144(x2)        x28=0000ffe3  x2:100034d8  PA:10003568
26783088ns          456438 1c0094f8 03012583 lw               x11, 48(x2)         x11=1c002edc  x2:100034d8  PA:10003508
26783107ns          456439 1c0094fa 00c49023 sh               x12, 0(x9)          x12:00000458  x9:1c002ecc  PA:1c002ecc
26783446ns          456456 1c0094fe 01b888b3 add              x17, x17, x27       x17=00000093 x17:0000007a x27:00000019
26783465ns          456457 1c009500 01a30333 add              x6, x6, x26          x6=00000174  x6:000000f9 x26:0000007b
26783485ns          456458 1c009502 08015d83 lhu              x27, 128(x2)        x27=00000000  x2:100034d8  PA:10003558
26783505ns          456459 1c009506 0000d903 lhu              x18, 0(x1)          x18=0000ffe1  x1:1c002e8c  PA:1c002e8c
26783823ns          456475 1c00950a 01c686b3 add              x13, x13, x28       x13=0001ffc6 x13:0000ffe3 x28:0000ffe3
26783843ns          456476 1c00950c 00659023 sh               x6, 0(x11)           x6:00000174 x11:1c002edc  PA:1c002edc
26784162ns          456492 1c009510 40af5f13 srai             x30, x30, 0x40a     x30=0000001d x30:000076aa
26784181ns          456493 1c009514 04812e03 lw               x28, 72(x2)         x28=1c002f0c  x2:100034d8  PA:10003520
26784201ns          456494 1c009516 01bf0f33 add              x30, x30, x27       x30=0000001d x30:0000001d x27:00000000
26784221ns          456495 1c009518 40aede93 srai             x29, x29, 0x40a     x29=fffffff1 x29:ffffc6cb
26784241ns          456496 1c00951c 40a75713 srai             x14, x14, 0x40a     x14=ffffffba x14:fffee9db
26784261ns          456497 1c00951e 03812603 lw               x12, 56(x2)         x12=1c002eec  x2:100034d8  PA:10003510
26784281ns          456498 1c009520 04012d83 lw               x27, 64(x2)         x27=1c002efc  x2:100034d8  PA:10003518
26784301ns          456499 1c009522 01ee1023 sh               x30, 0(x28)         x30:0000001d x28:1c002f0c  PA:1c002f0c
26784619ns          456515 1c009526 05812483 lw               x9, 88(x2)           x9=1c002e6c  x2:100034d8  PA:10003530
26784639ns          456516 1c009528 05012f03 lw               x30, 80(x2)         x30=1c002e7c  x2:100034d8  PA:10003528
26784659ns          456517 1c00952a 0a012583 lw               x11, 160(x2)        x11=1c002e9c  x2:100034d8  PA:10003578
26784679ns          456518 1c00952c 014787b3 add              x15, x15, x20       x15=0001fee5 x15:0000ff73 x20:0000ff72
26784698ns          456519 1c00952e 013e8eb3 add              x29, x29, x19       x29=0000ffe9 x29:fffffff1 x19:0000fff8
26784718ns          456520 1c009530 01270733 add              x14, x14, x18       x14=0000ff9b x14:ffffffba x18:0000ffe1
26784738ns          456521 1c009532 00f49023 sh               x15, 0(x9)          x15:0001fee5  x9:1c002e6c  PA:1c002e6c
26785056ns          456537 1c009536 01161023 sh               x17, 0(x12)         x17:00000093 x12:1c002eec  PA:1c002eec
26785375ns          456553 1c00953a 01fd9023 sh               x31, 0(x27)         x31:00000040 x27:1c002efc  PA:1c002efc
26785693ns          456569 1c00953e 00df1023 sh               x13, 0(x30)         x13:0001ffc6 x30:1c002e7c  PA:1c002e7c
26786011ns          456585 1c009542 01d59023 sh               x29, 0(x11)         x29:0000ffe9 x11:1c002e9c  PA:1c002e9c
26786329ns          456601 1c009546 00e09023 sh               x14, 0(x1)          x14:0000ff9b  x1:1c002e8c  PA:1c002e8c
26786667ns          456618 1c00954a 01039023 sh               x16, 0(x7)          x16:0000fff5  x7:1c002ebc  PA:1c002ebc
26786986ns          456634 1c00954e 00a29023 sh               x10, 0(x5)          x10:0000ffd5  x5:1c002eac  PA:1c002eac
26787304ns          456650 1c009552 008b0b13 addi             x22, x22, 8         x22=0000002e x22:00000026
26787324ns          456651 1c009554 1f300793 addi             x15, x0, 499        x15=000001f3
26787344ns          456652 1c009558 e767dae3 bge              x15, x22, -396      x15:000001f3 x22:0000002e
26787443ns          456657 1c0093cc 010c9a0b p.lh             x20, 16(x25!)       x20=00000025 x25=1c0026f4 x25:1c0026e4  PA:1c0026e4
26787881ns          456679 1c0093d0 0104198b p.lh             x19, 16(x8!)        x19=0000026d  x8=1c001ebc  x8:1c001eac  PA:1c001eac
26788199ns          456695 1c0093d4 2cc10513 addi             x10, x2, 716        x10=100037a4  x2:100034d8
26788219ns          456696 1c0093d6 010a990b p.lh             x18, 16(x21!)       x18=0000009d x21=1c0016e8 x21:1c0016d8  PA:1c0016d8
26788517ns          456711 1c0093da 010b948b p.lh             x9, 16(x23!)         x9=0000024e x23=1c000f18 x23:1c000f08  PA:1c000f08
26788815ns          456726 1c0093de 2d411623 sh               x20, 716(x2)        x20:00000025  x2:100034d8  PA:100037a4
26788855ns          456728 1c0093e2 2d311723 sh               x19, 718(x2)        x19:0000026d  x2:100034d8  PA:100037a6
26788875ns          456729 1c0093e6 c33ff0ef jal              x1, -974             x1=1c0093e8
26788915ns          456731 1c009018 00051803 lh               x16, 0(x10)         x16=00000025 x10:100037a4  PA:100037a4
26788935ns          456732 1c00901c 00251883 lh               x17, 2(x10)         x17=0000026d x10:100037a4  PA:100037a6
26788994ns          456735 1c009020 030806b3 mul              x13, x16, x16       x13=00000559 x16:00000025 x16:00000025
26789034ns          456737 1c009024 03188633 mul              x12, x17, x17       x12=0005e269 x17:0000026d x17:0000026d
26789054ns          456738 1c009028 40a65613 srai             x12, x12, 0x40a     x12=00000178 x12:0005e269
26789074ns          456739 1c00902a 40a6d693 srai             x13, x13, 0x40a     x13=00000001 x13:00000559
26789094ns          456740 1c00902c 00c686b3 add              x13, x13, x12       x13=00000179 x13:00000001 x12:00000178
26789114ns          456741 1c00902e 1006c633 p.exths          x12, x13, x0        x12=00000179 x13:00000179
26789134ns          456742 1c009032 00855703 lhu              x14, 8(x10)         x14=0000ffd1 x10:100037a4  PA:100037ac
26789153ns          456743 1c009036 00a55683 lhu              x13, 10(x10)        x13=0000ff6a x10:100037a4  PA:100037ae
26789173ns          456744 1c00903a 02c60333 mul              x6, x12, x12         x6=00022b31 x12:00000179 x12:00000179
26789193ns          456745 1c00903e 00c55783 lhu              x15, 12(x10)        x15=0000ffe5 x10:100037a4  PA:100037b0
26789213ns          456746 1c009042 00e55583 lhu              x11, 14(x10)        x11=00000060 x10:100037a4  PA:100037b2
26789233ns          456747 1c009046 dea30333 p.extract        x6, x6, 15, 10       x6=0000008a  x6:00022b31
26789253ns          456748 1c00904a 80c7075b p.muls           x14, x14, x12       x14=ffffbac9 x14:0000ffd1 x12:00000179
26789273ns          456749 1c00904e 80c686db p.muls           x13, x13, x12       x13=ffff231a x13:0000ff6a x12:00000179
26789293ns          456750 1c009052 00455e83 lhu              x29, 4(x10)         x29=00000427 x10:100037a4  PA:100037a8
26789313ns          456751 1c009056 00655e03 lhu              x28, 6(x10)         x28=0000007f x10:100037a4  PA:100037aa
26789332ns          456752 1c00905a 40a75713 srai             x14, x14, 0x40a     x14=ffffffee x14:ffffbac9
26789352ns          456753 1c00905c 806787db p.muls           x15, x15, x6        x15=fffff172 x15:0000ffe5  x6:0000008a
26789372ns          456754 1c009060 40a6d693 srai             x13, x13, 0x40a     x13=ffffffc8 x13:ffff231a
26789392ns          456755 1c009062 8065865b p.muls           x12, x11, x6        x12=000033c0 x11:00000060  x6:0000008a
26789412ns          456756 1c009066 40a7d793 srai             x15, x15, 0x40a     x15=fffffffc x15:fffff172
26789432ns          456757 1c009068 40a65613 srai             x12, x12, 0x40a     x12=0000000c x12:000033c0
26789452ns          456758 1c00906a 01d70733 add              x14, x14, x29       x14=00000415 x14:ffffffee x29:00000427
26789472ns          456759 1c00906c 01c686b3 add              x13, x13, x28       x13=00000047 x13:ffffffc8 x28:0000007f
26789492ns          456760 1c00906e 00c686b3 add              x13, x13, x12       x13=00000053 x13:00000047 x12:0000000c
26789511ns          456761 1c009070 00f70733 add              x14, x14, x15       x14=00000411 x14:00000415 x15:fffffffc
26789531ns          456762 1c009072 100747b3 p.exths          x15, x14, x0        x15=00000411 x14:00000411
26789551ns          456763 1c009076 1006c733 p.exths          x14, x13, x0        x14=00000053 x13:00000053
26789571ns          456764 1c00907a 03170633 mul              x12, x14, x17       x12=0000c957 x14:00000053 x17:0000026d
26789591ns          456765 1c00907e 030786b3 mul              x13, x15, x16       x13=00009675 x15:00000411 x16:00000025
26789611ns          456766 1c009082 03070733 mul              x14, x14, x16       x14=00000bff x14:00000053 x16:00000025
26789631ns          456767 1c009086 031787b3 mul              x15, x15, x17       x15=0009dd3d x15:00000411 x17:0000026d
26789651ns          456768 1c00908a 40a6d693 srai             x13, x13, 0x40a     x13=00000025 x13:00009675
26789670ns          456769 1c00908c 40a65613 srai             x12, x12, 0x40a     x12=00000032 x12:0000c957
26789690ns          456770 1c00908e 40a7d793 srai             x15, x15, 0x40a     x15=00000277 x15:0009dd3d
26789710ns          456771 1c009090 40a75713 srai             x14, x14, 0x40a     x14=00000002 x14:00000bff
26789730ns          456772 1c009092 40c686b3 sub              x13, x13, x12       x13=fffffff3 x13:00000025 x12:00000032
26789750ns          456773 1c009094 00e787b3 add              x15, x15, x14       x15=00000279 x15:00000277 x14:00000002
26789770ns          456774 1c009096 00d51823 sh               x13, 16(x10)        x13:fffffff3 x10:100037a4  PA:100037b4
26789790ns          456775 1c00909a 00f51923 sh               x15, 18(x10)        x15:00000279 x10:100037a4  PA:100037b6
26789810ns          456776 1c00909e 00008067 jalr             x0, x1, 0            x1:1c0093e8
26789849ns          456778 1c0093e8 2dc15583 lhu              x11, 732(x2)        x11=0000fff3  x2:100034d8  PA:100037b4
26789869ns          456779 1c0093ec 2de15783 lhu              x15, 734(x2)        x15=00000279  x2:100034d8  PA:100037b6
26789889ns          456780 1c0093f0 40b90933 sub              x18, x18, x11       x18=ffff00aa x18:0000009d x11:0000fff3
26789909ns          456781 1c0093f4 40f484b3 sub              x9, x9, x15          x9=ffffffd5  x9:0000024e x15:00000279
26789929ns          456782 1c0093f6 100945b3 p.exths          x11, x18, x0        x11=000000aa x18:ffff00aa
26789949ns          456783 1c0093fa 1004c7b3 p.exths          x15, x9, x0         x15=ffffffd5  x9:ffffffd5
26789969ns          456784 1c0093fe 034586b3 mul              x13, x11, x20       x13=00001892 x11:000000aa x20:00000025
26789989ns          456785 1c009402 03378533 mul              x10, x15, x19       x10=ffff97b1 x15:ffffffd5 x19:0000026d
26790009ns          456786 1c009406 034a0633 mul              x12, x20, x20       x12=00000559 x20:00000025 x20:00000025
26790028ns          456787 1c00940a 03398733 mul              x14, x19, x19       x14=0005e269 x19:0000026d x19:0000026d
26790048ns          456788 1c00940e 034787b3 mul              x15, x15, x20       x15=fffff9c9 x15:ffffffd5 x20:00000025
26790068ns          456789 1c009412 033585b3 mul              x11, x11, x19       x11=00019c62 x11:000000aa x19:0000026d
26790088ns          456790 1c009416 40a75713 srai             x14, x14, 0x40a     x14=00000178 x14:0005e269
26790108ns          456791 1c009418 40a5d593 srai             x11, x11, 0x40a     x11=00000067 x11:00019c62
26790128ns          456792 1c00941a 40a65613 srai             x12, x12, 0x40a     x12=00000001 x12:00000559
26790148ns          456793 1c00941c 40a7d793 srai             x15, x15, 0x40a     x15=fffffffe x15:fffff9c9
26790168ns          456794 1c00941e 1c0034b7 lui              x9, 0x1c003000       x9=1c003000
26790188ns          456795 1c009422 00e60633 add              x12, x12, x14       x12=00000179 x12:00000001 x14:00000178
26790207ns          456796 1c009424 40b787b3 sub              x15, x15, x11       x15=ffffff97 x15:fffffffe x11:00000067
26790227ns          456797 1c009426 eb048493 addi             x9, x9, -336         x9=1c002eb0  x9:1c003000
26790247ns          456798 1c00942a 1c0032b7 lui              x5, 0x1c003000       x5=1c003000
26790267ns          456799 1c00942e 1c0035b7 lui              x11, 0x1c003000     x11=1c003000
26790287ns          456800 1c009432 018483b3 add              x7, x9, x24          x7=1c002ebc  x9:1c002eb0 x24:0000000c
26790307ns          456801 1c009436 02812e83 lw               x29, 40(x2)         x29=1c002ecc  x2:100034d8  PA:10003500
26790327ns          456802 1c009438 10065633 p.exthz          x12, x12, x0        x12=00000179 x12:00000179
26790347ns          456803 1c00943c e8028293 addi             x5, x5, -384         x5=1c002e80  x5:1c003000
26790367ns          456804 1c009440 ea058593 addi             x11, x11, -352      x11=1c002ea0 x11:1c003000
26790406ns          456806 1c009444 03812483 lw               x9, 56(x2)           x9=1c002eec  x2:100034d8  PA:10003510
26790426ns          456807 1c009446 10064733 p.exths          x14, x12, x0        x14=00000179 x12:00000179
26790446ns          456808 1c00944a 018280b3 add              x1, x5, x24          x1=1c002e8c  x5:1c002e80 x24:0000000c
26790466ns          456809 1c00944e 03012f03 lw               x30, 48(x2)         x30=1c002edc  x2:100034d8  PA:10003508
26790486ns          456810 1c009450 018582b3 add              x5, x11, x24         x5=1c002eac x11:1c002ea0 x24:0000000c
26790506ns          456811 1c009454 04012583 lw               x11, 64(x2)         x11=1c002efc  x2:100034d8  PA:10003518
26790526ns          456812 1c009456 000edd83 lhu              x27, 0(x29)         x27=00000458 x29:1c002ecc  PA:1c002ecc
26790824ns          456827 1c00945a 0004d483 lhu              x9, 0(x9)            x9=00000093  x9:1c002eec  PA:1c002eec
26791222ns          456847 1c00945e 02e70333 mul              x6, x14, x14         x6=00022b31 x14:00000179 x14:00000179
26791242ns          456848 1c009462 40a55513 srai             x10, x10, 0x40a     x10=ffffffe5 x10:ffff97b1
26791262ns          456849 1c009464 04812e83 lw               x29, 72(x2)         x29=1c002f0c  x2:100034d8  PA:10003520
26791281ns          456850 1c009466 40a6d693 srai             x13, x13, 0x40a     x13=00000006 x13:00001892
26791301ns          456851 1c009468 000f5d03 lhu              x26, 0(x30)         x26=00000174 x30:1c002edc  PA:1c002edc
26791620ns          456867 1c00946c 0005d583 lhu              x11, 0(x11)         x11=00000040 x11:1c002efc  PA:1c002efc
26791938ns          456883 1c009470 40a35313 srai             x6, x6, 0x40a        x6=0000008a  x6:00022b31
26791958ns          456884 1c009474 00a686b3 add              x13, x13, x10       x13=ffffffeb x13:00000006 x10:ffffffe5
26791978ns          456885 1c009476 05012f03 lw               x30, 80(x2)         x30=1c002e7c  x2:100034d8  PA:10003528
26791997ns          456886 1c009478 10034e33 p.exths          x28, x6, x0         x28=0000008a  x6:0000008a
26792017ns          456887 1c00947c 06911023 sh               x9, 96(x2)           x9:00000093  x2:100034d8  PA:10003538
26792037ns          456888 1c009480 000ede83 lhu              x29, 0(x29)         x29=0000001d x29:1c002f0c  PA:1c002f0c
26792335ns          456903 1c009484 05812483 lw               x9, 88(x2)           x9=1c002e6c  x2:100034d8  PA:10003530
26792355ns          456904 1c009486 1006d6b3 p.exthz          x13, x13, x0        x13=0000ffeb x13:ffffffeb
26792375ns          456905 1c00948a 02ee08b3 mul              x17, x28, x14       x17=0000cb3a x28:0000008a x14:00000179
26792395ns          456906 1c00948e 1006c833 p.exths          x16, x13, x0        x16=ffffffeb x13:0000ffeb
26792415ns          456907 1c009492 06b11823 sh               x11, 112(x2)        x11:00000040  x2:100034d8  PA:10003548
26792435ns          456908 1c009496 000f5f03 lhu              x30, 0(x30)         x30=0000ffc6 x30:1c002e7c  PA:1c002e7c
26792733ns          456923 1c00949a 0a012583 lw               x11, 160(x2)        x11=1c002e9c  x2:100034d8  PA:10003578
26792753ns          456924 1c00949c 1007d7b3 p.exthz          x15, x15, x0        x15=0000ff97 x15:ffffff97
26792773ns          456925 1c0094a0 0004da03 lhu              x20, 0(x9)          x20=0000fee5  x9:1c002e6c  PA:1c002e6c
26793071ns          456940 1c0094a4 1007c533 p.exths          x10, x15, x0        x10=ffffff97 x15:0000ff97
26793091ns          456941 1c0094a8 09d11023 sh               x29, 128(x2)        x29:0000001d  x2:100034d8  PA:10003558
26793111ns          456942 1c0094ac 0003d483 lhu              x9, 0(x7)            x9=0000fff5  x7:1c002ebc  PA:1c002ebc
26793429ns          456958 1c0094b0 02e80eb3 mul              x29, x16, x14       x29=ffffe113 x16:ffffffeb x14:00000179
26793449ns          456959 1c0094b4 40a8d893 srai             x17, x17, 0x40a     x17=00000032 x17:0000cb3a
26793469ns          456960 1c0094b8 03c80833 mul              x16, x16, x28       x16=fffff4ae x16:ffffffeb x28:0000008a
26793489ns          456961 1c0094bc 09e11823 sh               x30, 144(x2)        x30:0000ffc6  x2:100034d8  PA:10003568
26793509ns          456962 1c0094c0 0005d983 lhu              x19, 0(x11)         x19=0000ffe9 x11:1c002e9c  PA:1c002e9c
26793807ns          456977 1c0094c4 81c88f5b p.muls           x30, x17, x28       x30=00001af4 x17:00000032 x28:0000008a
26793827ns          456978 1c0094c8 0002d583 lhu              x11, 0(x5)          x11=0000ffd5  x5:1c002eac  PA:1c002eac
26794125ns          456993 1c0094cc 03ce0fb3 mul              x31, x28, x28       x31=00004a64 x28:0000008a x28:0000008a
26794145ns          456994 1c0094d0 02e50733 mul              x14, x10, x14       x14=ffff655f x10:ffffff97 x14:00000179
26794165ns          456995 1c0094d4 40a85813 srai             x16, x16, 0x40a     x16=fffffffd x16:fffff4ae
26794185ns          456996 1c0094d8 03c50533 mul              x10, x10, x28       x10=ffffc766 x10:ffffff97 x28:0000008a
26794205ns          456997 1c0094dc 07015e03 lhu              x28, 112(x2)        x28=00000040  x2:100034d8  PA:10003548
26794245ns          456999 1c0094e0 01b60633 add              x12, x12, x27       x12=000005d1 x12:00000179 x27:00000458
26794265ns          457000 1c0094e2 00980833 add              x16, x16, x9        x16=0000fff2 x16:fffffffd  x9:0000fff5
26794285ns          457001 1c0094e4 06015d83 lhu              x27, 96(x2)         x27=00000093  x2:100034d8  PA:10003538
26794304ns          457002 1c0094e8 02812483 lw               x9, 40(x2)           x9=1c002ecc  x2:100034d8  PA:10003500
26794324ns          457003 1c0094ea 40afdf93 srai             x31, x31, 0x40a     x31=00000012 x31:00004a64
26794344ns          457004 1c0094ee 40a55513 srai             x10, x10, 0x40a     x10=fffffff1 x10:ffffc766
26794364ns          457005 1c0094f0 01cf8fb3 add              x31, x31, x28       x31=00000052 x31:00000012 x28:00000040
26794384ns          457006 1c0094f2 00b50533 add              x10, x10, x11       x10=0000ffc6 x10:fffffff1 x11:0000ffd5
26794404ns          457007 1c0094f4 09015e03 lhu              x28, 144(x2)        x28=0000ffc6  x2:100034d8  PA:10003568
26794424ns          457008 1c0094f8 03012583 lw               x11, 48(x2)         x11=1c002edc  x2:100034d8  PA:10003508
26794444ns          457009 1c0094fa 00c49023 sh               x12, 0(x9)          x12:000005d1  x9:1c002ecc  PA:1c002ecc
26794762ns          457025 1c0094fe 01b888b3 add              x17, x17, x27       x17=000000c5 x17:00000032 x27:00000093
26794782ns          457026 1c009500 01a30333 add              x6, x6, x26          x6=000001fe  x6:0000008a x26:00000174
26794802ns          457027 1c009502 08015d83 lhu              x27, 128(x2)        x27=0000001d  x2:100034d8  PA:10003558
26794821ns          457028 1c009506 0000d903 lhu              x18, 0(x1)          x18=0000ff9b  x1:1c002e8c  PA:1c002e8c
26795120ns          457043 1c00950a 01c686b3 add              x13, x13, x28       x13=0001ffb1 x13:0000ffeb x28:0000ffc6
26795140ns          457044 1c00950c 00659023 sh               x6, 0(x11)           x6:000001fe x11:1c002edc  PA:1c002edc
26795458ns          457060 1c009510 40af5f13 srai             x30, x30, 0x40a     x30=00000006 x30:00001af4
26795478ns          457061 1c009514 04812e03 lw               x28, 72(x2)         x28=1c002f0c  x2:100034d8  PA:10003520
26795498ns          457062 1c009516 01bf0f33 add              x30, x30, x27       x30=00000023 x30:00000006 x27:0000001d
26795518ns          457063 1c009518 40aede93 srai             x29, x29, 0x40a     x29=fffffff8 x29:ffffe113
26795537ns          457064 1c00951c 40a75713 srai             x14, x14, 0x40a     x14=ffffffd9 x14:ffff655f
26795557ns          457065 1c00951e 03812603 lw               x12, 56(x2)         x12=1c002eec  x2:100034d8  PA:10003510
26795577ns          457066 1c009520 04012d83 lw               x27, 64(x2)         x27=1c002efc  x2:100034d8  PA:10003518
26795597ns          457067 1c009522 01ee1023 sh               x30, 0(x28)         x30:00000023 x28:1c002f0c  PA:1c002f0c
26796015ns          457088 1c009526 05812483 lw               x9, 88(x2)           x9=1c002e6c  x2:100034d8  PA:10003530
26796035ns          457089 1c009528 05012f03 lw               x30, 80(x2)         x30=1c002e7c  x2:100034d8  PA:10003528
26796055ns          457090 1c00952a 0a012583 lw               x11, 160(x2)        x11=1c002e9c  x2:100034d8  PA:10003578
26796074ns          457091 1c00952c 014787b3 add              x15, x15, x20       x15=0001fe7c x15:0000ff97 x20:0000fee5
26796094ns          457092 1c00952e 013e8eb3 add              x29, x29, x19       x29=0000ffe1 x29:fffffff8 x19:0000ffe9
26796114ns          457093 1c009530 01270733 add              x14, x14, x18       x14=0000ff74 x14:ffffffd9 x18:0000ff9b
26796134ns          457094 1c009532 00f49023 sh               x15, 0(x9)          x15:0001fe7c  x9:1c002e6c  PA:1c002e6c
26796452ns          457110 1c009536 01161023 sh               x17, 0(x12)         x17:000000c5 x12:1c002eec  PA:1c002eec
26796830ns          457129 1c00953a 01fd9023 sh               x31, 0(x27)         x31:00000052 x27:1c002efc  PA:1c002efc
26797168ns          457146 1c00953e 00df1023 sh               x13, 0(x30)         x13:0001ffb1 x30:1c002e7c  PA:1c002e7c
26797486ns          457162 1c009542 01d59023 sh               x29, 0(x11)         x29:0000ffe1 x11:1c002e9c  PA:1c002e9c
26797805ns          457178 1c009546 00e09023 sh               x14, 0(x1)          x14:0000ff74  x1:1c002e8c  PA:1c002e8c
26798123ns          457194 1c00954a 01039023 sh               x16, 0(x7)          x16:0000fff2  x7:1c002ebc  PA:1c002ebc
26798481ns          457212 1c00954e 00a29023 sh               x10, 0(x5)          x10:0000ffc6  x5:1c002eac  PA:1c002eac
26798799ns          457228 1c009552 008b0b13 addi             x22, x22, 8         x22=00000036 x22:0000002e
26798819ns          457229 1c009554 1f300793 addi             x15, x0, 499        x15=000001f3
26798839ns          457230 1c009558 e767dae3 bge              x15, x22, -396      x15:000001f3 x22:00000036
26798899ns          457233 1c0093cc 010c9a0b p.lh             x20, 16(x25!)       x20=000000fa x25=1c002704 x25:1c0026f4  PA:1c0026f4
26799217ns          457249 1c0093d0 0104198b p.lh             x19, 16(x8!)        x19=fffffdfa  x8=1c001ecc  x8:1c001ebc  PA:1c001ebc
26799575ns          457267 1c0093d4 2cc10513 addi             x10, x2, 716        x10=100037a4  x2:100034d8
26799595ns          457268 1c0093d6 010a990b p.lh             x18, 16(x21!)       x18=000000a7 x21=1c0016f8 x21:1c0016e8  PA:1c0016e8
26799893ns          457283 1c0093da 010b948b p.lh             x9, 16(x23!)         x9=fffffdd7 x23=1c000f28 x23:1c000f18  PA:1c000f18
26800191ns          457298 1c0093de 2d411623 sh               x20, 716(x2)        x20:000000fa  x2:100034d8  PA:100037a4
26800231ns          457300 1c0093e2 2d311723 sh               x19, 718(x2)        x19:fffffdfa  x2:100034d8  PA:100037a6
26800271ns          457302 1c0093e6 c33ff0ef jal              x1, -974             x1=1c0093e8
26800330ns          457305 1c009018 00051803 lh               x16, 0(x10)         x16=000000fa x10:100037a4  PA:100037a4
26800390ns          457308 1c00901c 00251883 lh               x17, 2(x10)         x17=fffffdfa x10:100037a4  PA:100037a6
26800430ns          457310 1c009020 030806b3 mul              x13, x16, x16       x13=0000f424 x16:000000fa x16:000000fa
26800470ns          457312 1c009024 03188633 mul              x12, x17, x17       x12=00041824 x17:fffffdfa x17:fffffdfa
26800490ns          457313 1c009028 40a65613 srai             x12, x12, 0x40a     x12=00000106 x12:00041824
26800509ns          457314 1c00902a 40a6d693 srai             x13, x13, 0x40a     x13=0000003d x13:0000f424
26800529ns          457315 1c00902c 00c686b3 add              x13, x13, x12       x13=00000143 x13:0000003d x12:00000106
26800549ns          457316 1c00902e 1006c633 p.exths          x12, x13, x0        x12=00000143 x13:00000143
26800569ns          457317 1c009032 00855703 lhu              x14, 8(x10)         x14=0000ffd1 x10:100037a4  PA:100037ac
26800589ns          457318 1c009036 00a55683 lhu              x13, 10(x10)        x13=0000ff6a x10:100037a4  PA:100037ae
26800609ns          457319 1c00903a 02c60333 mul              x6, x12, x12         x6=00019789 x12:00000143 x12:00000143
26800649ns          457321 1c00903e 00c55783 lhu              x15, 12(x10)        x15=0000ffe5 x10:100037a4  PA:100037b0
26800688ns          457323 1c009042 00e55583 lhu              x11, 14(x10)        x11=00000060 x10:100037a4  PA:100037b2
26800708ns          457324 1c009046 dea30333 p.extract        x6, x6, 15, 10       x6=00000065  x6:00019789
26800728ns          457325 1c00904a 80c7075b p.muls           x14, x14, x12       x14=ffffc4b3 x14:0000ffd1 x12:00000143
26800788ns          457328 1c00904e 80c686db p.muls           x13, x13, x12       x13=ffff42be x13:0000ff6a x12:00000143
26800828ns          457330 1c009052 00455e83 lhu              x29, 4(x10)         x29=00000427 x10:100037a4  PA:100037a8
26800848ns          457331 1c009056 00655e03 lhu              x28, 6(x10)         x28=0000007f x10:100037a4  PA:100037aa
26800867ns          457332 1c00905a 40a75713 srai             x14, x14, 0x40a     x14=fffffff1 x14:ffffc4b3
26800887ns          457333 1c00905c 806787db p.muls           x15, x15, x6        x15=fffff559 x15:0000ffe5  x6:00000065
26800907ns          457334 1c009060 40a6d693 srai             x13, x13, 0x40a     x13=ffffffd0 x13:ffff42be
26800927ns          457335 1c009062 8065865b p.muls           x12, x11, x6        x12=000025e0 x11:00000060  x6:00000065
26800947ns          457336 1c009066 40a7d793 srai             x15, x15, 0x40a     x15=fffffffd x15:fffff559
26800967ns          457337 1c009068 40a65613 srai             x12, x12, 0x40a     x12=00000009 x12:000025e0
26800987ns          457338 1c00906a 01d70733 add              x14, x14, x29       x14=00000418 x14:fffffff1 x29:00000427
26801007ns          457339 1c00906c 01c686b3 add              x13, x13, x28       x13=0000004f x13:ffffffd0 x28:0000007f
26801027ns          457340 1c00906e 00c686b3 add              x13, x13, x12       x13=00000058 x13:0000004f x12:00000009
26801046ns          457341 1c009070 00f70733 add              x14, x14, x15       x14=00000415 x14:00000418 x15:fffffffd
26801066ns          457342 1c009072 100747b3 p.exths          x15, x14, x0        x15=00000415 x14:00000415
26801086ns          457343 1c009076 1006c733 p.exths          x14, x13, x0        x14=00000058 x13:00000058
26801106ns          457344 1c00907a 03170633 mul              x12, x14, x17       x12=ffff4df0 x14:00000058 x17:fffffdfa
26801126ns          457345 1c00907e 030786b3 mul              x13, x15, x16       x13=0003fc82 x15:00000415 x16:000000fa
26801146ns          457346 1c009082 03070733 mul              x14, x14, x16       x14=000055f0 x14:00000058 x16:000000fa
26801166ns          457347 1c009086 031787b3 mul              x15, x15, x17       x15=fff7bd82 x15:00000415 x17:fffffdfa
26801186ns          457348 1c00908a 40a6d693 srai             x13, x13, 0x40a     x13=000000ff x13:0003fc82
26801206ns          457349 1c00908c 40a65613 srai             x12, x12, 0x40a     x12=ffffffd3 x12:ffff4df0
26801225ns          457350 1c00908e 40a7d793 srai             x15, x15, 0x40a     x15=fffffdef x15:fff7bd82
26801245ns          457351 1c009090 40a75713 srai             x14, x14, 0x40a     x14=00000015 x14:000055f0
26801265ns          457352 1c009092 40c686b3 sub              x13, x13, x12       x13=0000012c x13:000000ff x12:ffffffd3
26801285ns          457353 1c009094 00e787b3 add              x15, x15, x14       x15=fffffe04 x15:fffffdef x14:00000015
26801305ns          457354 1c009096 00d51823 sh               x13, 16(x10)        x13:0000012c x10:100037a4  PA:100037b4
26801345ns          457356 1c00909a 00f51923 sh               x15, 18(x10)        x15:fffffe04 x10:100037a4  PA:100037b6
26801404ns          457359 1c00909e 00008067 jalr             x0, x1, 0            x1:1c0093e8
26801424ns          457360 1c0093e8 2dc15583 lhu              x11, 732(x2)        x11=0000012c  x2:100034d8  PA:100037b4
26801464ns          457362 1c0093ec 2de15783 lhu              x15, 734(x2)        x15=0000fe04  x2:100034d8  PA:100037b6
26801504ns          457364 1c0093f0 40b90933 sub              x18, x18, x11       x18=ffffff7b x18:000000a7 x11:0000012c
26801524ns          457365 1c0093f4 40f484b3 sub              x9, x9, x15          x9=fffeffd3  x9:fffffdd7 x15:0000fe04
26801544ns          457366 1c0093f6 100945b3 p.exths          x11, x18, x0        x11=ffffff7b x18:ffffff7b
26801564ns          457367 1c0093fa 1004c7b3 p.exths          x15, x9, x0         x15=ffffffd3  x9:fffeffd3
26801583ns          457368 1c0093fe 034586b3 mul              x13, x11, x20       x13=ffff7e1e x11:ffffff7b x20:000000fa
26801603ns          457369 1c009402 03378533 mul              x10, x15, x19       x10=00005b0e x15:ffffffd3 x19:fffffdfa
26801623ns          457370 1c009406 034a0633 mul              x12, x20, x20       x12=0000f424 x20:000000fa x20:000000fa
26801643ns          457371 1c00940a 03398733 mul              x14, x19, x19       x14=00041824 x19:fffffdfa x19:fffffdfa
26801703ns          457374 1c00940e 034787b3 mul              x15, x15, x20       x15=ffffd40e x15:ffffffd3 x20:000000fa
26801743ns          457376 1c009412 033585b3 mul              x11, x11, x19       x11=00010d1e x11:ffffff7b x19:fffffdfa
26801762ns          457377 1c009416 40a75713 srai             x14, x14, 0x40a     x14=00000106 x14:00041824
26801782ns          457378 1c009418 40a5d593 srai             x11, x11, 0x40a     x11=00000043 x11:00010d1e
26801802ns          457379 1c00941a 40a65613 srai             x12, x12, 0x40a     x12=0000003d x12:0000f424
26801822ns          457380 1c00941c 40a7d793 srai             x15, x15, 0x40a     x15=fffffff5 x15:ffffd40e
26801842ns          457381 1c00941e 1c0034b7 lui              x9, 0x1c003000       x9=1c003000
26801862ns          457382 1c009422 00e60633 add              x12, x12, x14       x12=00000143 x12:0000003d x14:00000106
26801882ns          457383 1c009424 40b787b3 sub              x15, x15, x11       x15=ffffffb2 x15:fffffff5 x11:00000043
26801902ns          457384 1c009426 eb048493 addi             x9, x9, -336         x9=1c002eb0  x9:1c003000
26801922ns          457385 1c00942a 1c0032b7 lui              x5, 0x1c003000       x5=1c003000
26801941ns          457386 1c00942e 1c0035b7 lui              x11, 0x1c003000     x11=1c003000
26801961ns          457387 1c009432 018483b3 add              x7, x9, x24          x7=1c002ebc  x9:1c002eb0 x24:0000000c
26801981ns          457388 1c009436 02812e83 lw               x29, 40(x2)         x29=1c002ecc  x2:100034d8  PA:10003500
26802001ns          457389 1c009438 10065633 p.exthz          x12, x12, x0        x12=00000143 x12:00000143
26802021ns          457390 1c00943c e8028293 addi             x5, x5, -384         x5=1c002e80  x5:1c003000
26802061ns          457392 1c009440 ea058593 addi             x11, x11, -352      x11=1c002ea0 x11:1c003000
26802100ns          457394 1c009444 03812483 lw               x9, 56(x2)           x9=1c002eec  x2:100034d8  PA:10003510
26802120ns          457395 1c009446 10064733 p.exths          x14, x12, x0        x14=00000143 x12:00000143
26802140ns          457396 1c00944a 018280b3 add              x1, x5, x24          x1=1c002e8c  x5:1c002e80 x24:0000000c
26802160ns          457397 1c00944e 03012f03 lw               x30, 48(x2)         x30=1c002edc  x2:100034d8  PA:10003508
26802180ns          457398 1c009450 018582b3 add              x5, x11, x24         x5=1c002eac x11:1c002ea0 x24:0000000c
26802200ns          457399 1c009454 04012583 lw               x11, 64(x2)         x11=1c002efc  x2:100034d8  PA:10003518
26802220ns          457400 1c009456 000edd83 lhu              x27, 0(x29)         x27=000005d1 x29:1c002ecc  PA:1c002ecc
26802558ns          457417 1c00945a 0004d483 lhu              x9, 0(x9)            x9=000000c5  x9:1c002eec  PA:1c002eec
26802956ns          457437 1c00945e 02e70333 mul              x6, x14, x14         x6=00019789 x14:00000143 x14:00000143
26802976ns          457438 1c009462 40a55513 srai             x10, x10, 0x40a     x10=00000016 x10:00005b0e
26802995ns          457439 1c009464 04812e83 lw               x29, 72(x2)         x29=1c002f0c  x2:100034d8  PA:10003520
26803015ns          457440 1c009466 40a6d693 srai             x13, x13, 0x40a     x13=ffffffdf x13:ffff7e1e
26803035ns          457441 1c009468 000f5d03 lhu              x26, 0(x30)         x26=000001fe x30:1c002edc  PA:1c002edc
26803334ns          457456 1c00946c 0005d583 lhu              x11, 0(x11)         x11=00000052 x11:1c002efc  PA:1c002efc
26803672ns          457473 1c009470 40a35313 srai             x6, x6, 0x40a        x6=00000065  x6:00019789
26803692ns          457474 1c009474 00a686b3 add              x13, x13, x10       x13=fffffff5 x13:ffffffdf x10:00000016
26803711ns          457475 1c009476 05012f03 lw               x30, 80(x2)         x30=1c002e7c  x2:100034d8  PA:10003528
26803731ns          457476 1c009478 10034e33 p.exths          x28, x6, x0         x28=00000065  x6:00000065
26803751ns          457477 1c00947c 06911023 sh               x9, 96(x2)           x9:000000c5  x2:100034d8  PA:10003538
26803771ns          457478 1c009480 000ede83 lhu              x29, 0(x29)         x29=00000023 x29:1c002f0c  PA:1c002f0c
26804069ns          457493 1c009484 05812483 lw               x9, 88(x2)           x9=1c002e6c  x2:100034d8  PA:10003530
26804089ns          457494 1c009486 1006d6b3 p.exthz          x13, x13, x0        x13=0000fff5 x13:fffffff5
26804109ns          457495 1c00948a 02ee08b3 mul              x17, x28, x14       x17=00007f6f x28:00000065 x14:00000143
26804129ns          457496 1c00948e 1006c833 p.exths          x16, x13, x0        x16=fffffff5 x13:0000fff5
26804149ns          457497 1c009492 06b11823 sh               x11, 112(x2)        x11:00000052  x2:100034d8  PA:10003548
26804169ns          457498 1c009496 000f5f03 lhu              x30, 0(x30)         x30=0000ffb1 x30:1c002e7c  PA:1c002e7c
26804467ns          457513 1c00949a 0a012583 lw               x11, 160(x2)        x11=1c002e9c  x2:100034d8  PA:10003578
26804487ns          457514 1c00949c 1007d7b3 p.exthz          x15, x15, x0        x15=0000ffb2 x15:ffffffb2
26804507ns          457515 1c0094a0 0004da03 lhu              x20, 0(x9)          x20=0000fe7c  x9:1c002e6c  PA:1c002e6c
26804805ns          457530 1c0094a4 1007c533 p.exths          x10, x15, x0        x10=ffffffb2 x15:0000ffb2
26804825ns          457531 1c0094a8 09d11023 sh               x29, 128(x2)        x29:00000023  x2:100034d8  PA:10003558
26804845ns          457532 1c0094ac 0003d483 lhu              x9, 0(x7)            x9=0000fff2  x7:1c002ebc  PA:1c002ebc
26805163ns          457548 1c0094b0 02e80eb3 mul              x29, x16, x14       x29=fffff21f x16:fffffff5 x14:00000143
26805183ns          457549 1c0094b4 40a8d893 srai             x17, x17, 0x40a     x17=0000001f x17:00007f6f
26805203ns          457550 1c0094b8 03c80833 mul              x16, x16, x28       x16=fffffba9 x16:fffffff5 x28:00000065
26805223ns          457551 1c0094bc 09e11823 sh               x30, 144(x2)        x30:0000ffb1  x2:100034d8  PA:10003568
26805243ns          457552 1c0094c0 0005d983 lhu              x19, 0(x11)         x19=0000ffe1 x11:1c002e9c  PA:1c002e9c
26805561ns          457568 1c0094c4 81c88f5b p.muls           x30, x17, x28       x30=00000c3b x17:0000001f x28:00000065
26805581ns          457569 1c0094c8 0002d583 lhu              x11, 0(x5)          x11=0000ffc6  x5:1c002eac  PA:1c002eac
26805879ns          457584 1c0094cc 03ce0fb3 mul              x31, x28, x28       x31=000027d9 x28:00000065 x28:00000065
26805899ns          457585 1c0094d0 02e50733 mul              x14, x10, x14       x14=ffff9d96 x10:ffffffb2 x14:00000143
26805919ns          457586 1c0094d4 40a85813 srai             x16, x16, 0x40a     x16=fffffffe x16:fffffba9
26805939ns          457587 1c0094d8 03c50533 mul              x10, x10, x28       x10=ffffe13a x10:ffffffb2 x28:00000065
26805959ns          457588 1c0094dc 07015e03 lhu              x28, 112(x2)        x28=00000052  x2:100034d8  PA:10003548
26805979ns          457589 1c0094e0 01b60633 add              x12, x12, x27       x12=00000714 x12:00000143 x27:000005d1
26805999ns          457590 1c0094e2 00980833 add              x16, x16, x9        x16=0000fff0 x16:fffffffe  x9:0000fff2
26806018ns          457591 1c0094e4 06015d83 lhu              x27, 96(x2)         x27=000000c5  x2:100034d8  PA:10003538
26806038ns          457592 1c0094e8 02812483 lw               x9, 40(x2)           x9=1c002ecc  x2:100034d8  PA:10003500
26806058ns          457593 1c0094ea 40afdf93 srai             x31, x31, 0x40a     x31=00000009 x31:000027d9
26806078ns          457594 1c0094ee 40a55513 srai             x10, x10, 0x40a     x10=fffffff8 x10:ffffe13a
26806098ns          457595 1c0094f0 01cf8fb3 add              x31, x31, x28       x31=0000005b x31:00000009 x28:00000052
26806118ns          457596 1c0094f2 00b50533 add              x10, x10, x11       x10=0000ffbe x10:fffffff8 x11:0000ffc6
26806138ns          457597 1c0094f4 09015e03 lhu              x28, 144(x2)        x28=0000ffb1  x2:100034d8  PA:10003568
26806158ns          457598 1c0094f8 03012583 lw               x11, 48(x2)         x11=1c002edc  x2:100034d8  PA:10003508
26806178ns          457599 1c0094fa 00c49023 sh               x12, 0(x9)          x12:00000714  x9:1c002ecc  PA:1c002ecc
26806555ns          457618 1c0094fe 01b888b3 add              x17, x17, x27       x17=000000e4 x17:0000001f x27:000000c5
26806575ns          457619 1c009500 01a30333 add              x6, x6, x26          x6=00000263  x6:00000065 x26:000001fe
26806595ns          457620 1c009502 08015d83 lhu              x27, 128(x2)        x27=00000023  x2:100034d8  PA:10003558
26806615ns          457621 1c009506 0000d903 lhu              x18, 0(x1)          x18=0000ff74  x1:1c002e8c  PA:1c002e8c
26806953ns          457638 1c00950a 01c686b3 add              x13, x13, x28       x13=0001ffa6 x13:0000fff5 x28:0000ffb1
26806973ns          457639 1c00950c 00659023 sh               x6, 0(x11)           x6:00000263 x11:1c002edc  PA:1c002edc
26807291ns          457655 1c009510 40af5f13 srai             x30, x30, 0x40a     x30=00000003 x30:00000c3b
26807311ns          457656 1c009514 04812e03 lw               x28, 72(x2)         x28=1c002f0c  x2:100034d8  PA:10003520
26807331ns          457657 1c009516 01bf0f33 add              x30, x30, x27       x30=00000026 x30:00000003 x27:00000023
26807351ns          457658 1c009518 40aede93 srai             x29, x29, 0x40a     x29=fffffffc x29:fffff21f
26807371ns          457659 1c00951c 40a75713 srai             x14, x14, 0x40a     x14=ffffffe7 x14:ffff9d96
26807391ns          457660 1c00951e 03812603 lw               x12, 56(x2)         x12=1c002eec  x2:100034d8  PA:10003510
26807411ns          457661 1c009520 04012d83 lw               x27, 64(x2)         x27=1c002efc  x2:100034d8  PA:10003518
26807430ns          457662 1c009522 01ee1023 sh               x30, 0(x28)         x30:00000026 x28:1c002f0c  PA:1c002f0c
26807769ns          457679 1c009526 05812483 lw               x9, 88(x2)           x9=1c002e6c  x2:100034d8  PA:10003530
26807788ns          457680 1c009528 05012f03 lw               x30, 80(x2)         x30=1c002e7c  x2:100034d8  PA:10003528
26807808ns          457681 1c00952a 0a012583 lw               x11, 160(x2)        x11=1c002e9c  x2:100034d8  PA:10003578
26807828ns          457682 1c00952c 014787b3 add              x15, x15, x20       x15=0001fe2e x15:0000ffb2 x20:0000fe7c
26807848ns          457683 1c00952e 013e8eb3 add              x29, x29, x19       x29=0000ffdd x29:fffffffc x19:0000ffe1
26807868ns          457684 1c009530 01270733 add              x14, x14, x18       x14=0000ff5b x14:ffffffe7 x18:0000ff74
26807888ns          457685 1c009532 00f49023 sh               x15, 0(x9)          x15:0001fe2e  x9:1c002e6c  PA:1c002e6c
26808226ns          457702 1c009536 01161023 sh               x17, 0(x12)         x17:000000e4 x12:1c002eec  PA:1c002eec
26808544ns          457718 1c00953a 01fd9023 sh               x31, 0(x27)         x31:0000005b x27:1c002efc  PA:1c002efc
26808862ns          457734 1c00953e 00df1023 sh               x13, 0(x30)         x13:0001ffa6 x30:1c002e7c  PA:1c002e7c
26809240ns          457753 1c009542 01d59023 sh               x29, 0(x11)         x29:0000ffdd x11:1c002e9c  PA:1c002e9c
26809558ns          457769 1c009546 00e09023 sh               x14, 0(x1)          x14:0000ff5b  x1:1c002e8c  PA:1c002e8c
26809877ns          457785 1c00954a 01039023 sh               x16, 0(x7)          x16:0000fff0  x7:1c002ebc  PA:1c002ebc
26810215ns          457802 1c00954e 00a29023 sh               x10, 0(x5)          x10:0000ffbe  x5:1c002eac  PA:1c002eac
26810533ns          457818 1c009552 008b0b13 addi             x22, x22, 8         x22=0000003e x22:00000036
26810553ns          457819 1c009554 1f300793 addi             x15, x0, 499        x15=000001f3
26810573ns          457820 1c009558 e767dae3 bge              x15, x22, -396      x15:000001f3 x22:0000003e
26810672ns          457825 1c0093cc 010c9a0b p.lh             x20, 16(x25!)       x20=fffffe07 x25=1c002714 x25:1c002704  PA:1c002704
26811070ns          457845 1c0093d0 0104198b p.lh             x19, 16(x8!)        x19=00000104  x8=1c001edc  x8:1c001ecc  PA:1c001ecc
26811388ns          457861 1c0093d4 2cc10513 addi             x10, x2, 716        x10=100037a4  x2:100034d8
26811408ns          457862 1c0093d6 010a990b p.lh             x18, 16(x21!)       x18=fffffe39 x21=1c001708 x21:1c0016f8  PA:1c0016f8
26811726ns          457878 1c0093da 010b948b p.lh             x9, 16(x23!)         x9=00000153 x23=1c000f38 x23:1c000f28  PA:1c000f28
26812025ns          457893 1c0093de 2d411623 sh               x20, 716(x2)        x20:fffffe07  x2:100034d8  PA:100037a4
26812064ns          457895 1c0093e2 2d311723 sh               x19, 718(x2)        x19:00000104  x2:100034d8  PA:100037a6
26812084ns          457896 1c0093e6 c33ff0ef jal              x1, -974             x1=1c0093e8
26812164ns          457900 1c009018 00051803 lh               x16, 0(x10)         x16=fffffe07 x10:100037a4  PA:100037a4
26812204ns          457902 1c00901c 00251883 lh               x17, 2(x10)         x17=00000104 x10:100037a4  PA:100037a6
26812263ns          457905 1c009020 030806b3 mul              x13, x16, x16       x13=0003e431 x16:fffffe07 x16:fffffe07
26812303ns          457907 1c009024 03188633 mul              x12, x17, x17       x12=00010810 x17:00000104 x17:00000104
26812323ns          457908 1c009028 40a65613 srai             x12, x12, 0x40a     x12=00000042 x12:00010810
26812343ns          457909 1c00902a 40a6d693 srai             x13, x13, 0x40a     x13=000000f9 x13:0003e431
26812363ns          457910 1c00902c 00c686b3 add              x13, x13, x12       x13=0000013b x13:000000f9 x12:00000042
26812383ns          457911 1c00902e 1006c633 p.exths          x12, x13, x0        x12=0000013b x13:0000013b
26812402ns          457912 1c009032 00855703 lhu              x14, 8(x10)         x14=0000ffd1 x10:100037a4  PA:100037ac
26812422ns          457913 1c009036 00a55683 lhu              x13, 10(x10)        x13=0000ff6a x10:100037a4  PA:100037ae
26812442ns          457914 1c00903a 02c60333 mul              x6, x12, x12         x6=00018399 x12:0000013b x12:0000013b
26812462ns          457915 1c00903e 00c55783 lhu              x15, 12(x10)        x15=0000ffe5 x10:100037a4  PA:100037b0
26812482ns          457916 1c009042 00e55583 lhu              x11, 14(x10)        x11=00000060 x10:100037a4  PA:100037b2
26812502ns          457917 1c009046 dea30333 p.extract        x6, x6, 15, 10       x6=00000060  x6:00018399
26812522ns          457918 1c00904a 80c7075b p.muls           x14, x14, x12       x14=ffffc62b x14:0000ffd1 x12:0000013b
26812542ns          457919 1c00904e 80c686db p.muls           x13, x13, x12       x13=ffff476e x13:0000ff6a x12:0000013b
26812562ns          457920 1c009052 00455e83 lhu              x29, 4(x10)         x29=00000427 x10:100037a4  PA:100037a8
26812581ns          457921 1c009056 00655e03 lhu              x28, 6(x10)         x28=0000007f x10:100037a4  PA:100037aa
26812601ns          457922 1c00905a 40a75713 srai             x14, x14, 0x40a     x14=fffffff1 x14:ffffc62b
26812621ns          457923 1c00905c 806787db p.muls           x15, x15, x6        x15=fffff5e0 x15:0000ffe5  x6:00000060
26812641ns          457924 1c009060 40a6d693 srai             x13, x13, 0x40a     x13=ffffffd1 x13:ffff476e
26812681ns          457926 1c009062 8065865b p.muls           x12, x11, x6        x12=00002400 x11:00000060  x6:00000060
26812701ns          457927 1c009066 40a7d793 srai             x15, x15, 0x40a     x15=fffffffd x15:fffff5e0
26812721ns          457928 1c009068 40a65613 srai             x12, x12, 0x40a     x12=00000009 x12:00002400
26812741ns          457929 1c00906a 01d70733 add              x14, x14, x29       x14=00000418 x14:fffffff1 x29:00000427
26812760ns          457930 1c00906c 01c686b3 add              x13, x13, x28       x13=00000050 x13:ffffffd1 x28:0000007f
26812780ns          457931 1c00906e 00c686b3 add              x13, x13, x12       x13=00000059 x13:00000050 x12:00000009
26812800ns          457932 1c009070 00f70733 add              x14, x14, x15       x14=00000415 x14:00000418 x15:fffffffd
26812820ns          457933 1c009072 100747b3 p.exths          x15, x14, x0        x15=00000415 x14:00000415
26812840ns          457934 1c009076 1006c733 p.exths          x14, x13, x0        x14=00000059 x13:00000059
26812860ns          457935 1c00907a 03170633 mul              x12, x14, x17       x12=00005a64 x14:00000059 x17:00000104
26812880ns          457936 1c00907e 030786b3 mul              x13, x15, x16       x13=fff7f293 x15:00000415 x16:fffffe07
26812900ns          457937 1c009082 03070733 mul              x14, x14, x16       x14=ffff506f x14:00000059 x16:fffffe07
26812920ns          457938 1c009086 031787b3 mul              x15, x15, x17       x15=00042554 x15:00000415 x17:00000104
26812939ns          457939 1c00908a 40a6d693 srai             x13, x13, 0x40a     x13=fffffdfc x13:fff7f293
26812959ns          457940 1c00908c 40a65613 srai             x12, x12, 0x40a     x12=00000016 x12:00005a64
26812979ns          457941 1c00908e 40a7d793 srai             x15, x15, 0x40a     x15=00000109 x15:00042554
26812999ns          457942 1c009090 40a75713 srai             x14, x14, 0x40a     x14=ffffffd4 x14:ffff506f
26813019ns          457943 1c009092 40c686b3 sub              x13, x13, x12       x13=fffffde6 x13:fffffdfc x12:00000016
26813039ns          457944 1c009094 00e787b3 add              x15, x15, x14       x15=000000dd x15:00000109 x14:ffffffd4
26813059ns          457945 1c009096 00d51823 sh               x13, 16(x10)        x13:fffffde6 x10:100037a4  PA:100037b4
26813099ns          457947 1c00909a 00f51923 sh               x15, 18(x10)        x15:000000dd x10:100037a4  PA:100037b6
26813118ns          457948 1c00909e 00008067 jalr             x0, x1, 0            x1:1c0093e8
26813198ns          457952 1c0093e8 2dc15583 lhu              x11, 732(x2)        x11=0000fde6  x2:100034d8  PA:100037b4
26813238ns          457954 1c0093ec 2de15783 lhu              x15, 734(x2)        x15=000000dd  x2:100034d8  PA:100037b6
26813258ns          457955 1c0093f0 40b90933 sub              x18, x18, x11       x18=ffff0053 x18:fffffe39 x11:0000fde6
26813278ns          457956 1c0093f4 40f484b3 sub              x9, x9, x15          x9=00000076  x9:00000153 x15:000000dd
26813297ns          457957 1c0093f6 100945b3 p.exths          x11, x18, x0        x11=00000053 x18:ffff0053
26813317ns          457958 1c0093fa 1004c7b3 p.exths          x15, x9, x0         x15=00000076  x9:00000076
26813337ns          457959 1c0093fe 034586b3 mul              x13, x11, x20       x13=ffff5c45 x11:00000053 x20:fffffe07
26813357ns          457960 1c009402 03378533 mul              x10, x15, x19       x10=000077d8 x15:00000076 x19:00000104
26813377ns          457961 1c009406 034a0633 mul              x12, x20, x20       x12=0003e431 x20:fffffe07 x20:fffffe07
26813397ns          457962 1c00940a 03398733 mul              x14, x19, x19       x14=00010810 x19:00000104 x19:00000104
26813417ns          457963 1c00940e 034787b3 mul              x15, x15, x20       x15=ffff173a x15:00000076 x20:fffffe07
26813437ns          457964 1c009412 033585b3 mul              x11, x11, x19       x11=0000544c x11:00000053 x19:00000104
26813457ns          457965 1c009416 40a75713 srai             x14, x14, 0x40a     x14=00000042 x14:00010810
26813476ns          457966 1c009418 40a5d593 srai             x11, x11, 0x40a     x11=00000015 x11:0000544c
26813496ns          457967 1c00941a 40a65613 srai             x12, x12, 0x40a     x12=000000f9 x12:0003e431
26813516ns          457968 1c00941c 40a7d793 srai             x15, x15, 0x40a     x15=ffffffc5 x15:ffff173a
26813536ns          457969 1c00941e 1c0034b7 lui              x9, 0x1c003000       x9=1c003000
26813556ns          457970 1c009422 00e60633 add              x12, x12, x14       x12=0000013b x12:000000f9 x14:00000042
26813576ns          457971 1c009424 40b787b3 sub              x15, x15, x11       x15=ffffffb0 x15:ffffffc5 x11:00000015
26813596ns          457972 1c009426 eb048493 addi             x9, x9, -336         x9=1c002eb0  x9:1c003000
26813616ns          457973 1c00942a 1c0032b7 lui              x5, 0x1c003000       x5=1c003000
26813636ns          457974 1c00942e 1c0035b7 lui              x11, 0x1c003000     x11=1c003000
26813655ns          457975 1c009432 018483b3 add              x7, x9, x24          x7=1c002ebc  x9:1c002eb0 x24:0000000c
26813675ns          457976 1c009436 02812e83 lw               x29, 40(x2)         x29=1c002ecc  x2:100034d8  PA:10003500
26813695ns          457977 1c009438 10065633 p.exthz          x12, x12, x0        x12=0000013b x12:0000013b
26813715ns          457978 1c00943c e8028293 addi             x5, x5, -384         x5=1c002e80  x5:1c003000
26813735ns          457979 1c009440 ea058593 addi             x11, x11, -352      x11=1c002ea0 x11:1c003000
26813775ns          457981 1c009444 03812483 lw               x9, 56(x2)           x9=1c002eec  x2:100034d8  PA:10003510
26813795ns          457982 1c009446 10064733 p.exths          x14, x12, x0        x14=0000013b x12:0000013b
26813815ns          457983 1c00944a 018280b3 add              x1, x5, x24          x1=1c002e8c  x5:1c002e80 x24:0000000c
26813834ns          457984 1c00944e 03012f03 lw               x30, 48(x2)         x30=1c002edc  x2:100034d8  PA:10003508
26813854ns          457985 1c009450 018582b3 add              x5, x11, x24         x5=1c002eac x11:1c002ea0 x24:0000000c
26813874ns          457986 1c009454 04012583 lw               x11, 64(x2)         x11=1c002efc  x2:100034d8  PA:10003518
26813894ns          457987 1c009456 000edd83 lhu              x27, 0(x29)         x27=00000714 x29:1c002ecc  PA:1c002ecc
26814192ns          458002 1c00945a 0004d483 lhu              x9, 0(x9)            x9=000000e4  x9:1c002eec  PA:1c002eec
26814550ns          458020 1c00945e 02e70333 mul              x6, x14, x14         x6=00018399 x14:0000013b x14:0000013b
26814570ns          458021 1c009462 40a55513 srai             x10, x10, 0x40a     x10=0000001d x10:000077d8
26814590ns          458022 1c009464 04812e83 lw               x29, 72(x2)         x29=1c002f0c  x2:100034d8  PA:10003520
26814610ns          458023 1c009466 40a6d693 srai             x13, x13, 0x40a     x13=ffffffd7 x13:ffff5c45
26814630ns          458024 1c009468 000f5d03 lhu              x26, 0(x30)         x26=00000263 x30:1c002edc  PA:1c002edc
26814928ns          458039 1c00946c 0005d583 lhu              x11, 0(x11)         x11=0000005b x11:1c002efc  PA:1c002efc
26815227ns          458054 1c009470 40a35313 srai             x6, x6, 0x40a        x6=00000060  x6:00018399
26815246ns          458055 1c009474 00a686b3 add              x13, x13, x10       x13=fffffff4 x13:ffffffd7 x10:0000001d
26815266ns          458056 1c009476 05012f03 lw               x30, 80(x2)         x30=1c002e7c  x2:100034d8  PA:10003528
26815286ns          458057 1c009478 10034e33 p.exths          x28, x6, x0         x28=00000060  x6:00000060
26815306ns          458058 1c00947c 06911023 sh               x9, 96(x2)           x9:000000e4  x2:100034d8  PA:10003538
26815326ns          458059 1c009480 000ede83 lhu              x29, 0(x29)         x29=00000026 x29:1c002f0c  PA:1c002f0c
26815724ns          458079 1c009484 05812483 lw               x9, 88(x2)           x9=1c002e6c  x2:100034d8  PA:10003530
26815744ns          458080 1c009486 1006d6b3 p.exthz          x13, x13, x0        x13=0000fff4 x13:fffffff4
26815764ns          458081 1c00948a 02ee08b3 mul              x17, x28, x14       x17=00007620 x28:00000060 x14:0000013b
26815783ns          458082 1c00948e 1006c833 p.exths          x16, x13, x0        x16=fffffff4 x13:0000fff4
26815803ns          458083 1c009492 06b11823 sh               x11, 112(x2)        x11:0000005b  x2:100034d8  PA:10003548
26815823ns          458084 1c009496 000f5f03 lhu              x30, 0(x30)         x30=0000ffa6 x30:1c002e7c  PA:1c002e7c
26816141ns          458100 1c00949a 0a012583 lw               x11, 160(x2)        x11=1c002e9c  x2:100034d8  PA:10003578
26816161ns          458101 1c00949c 1007d7b3 p.exthz          x15, x15, x0        x15=0000ffb0 x15:ffffffb0
26816181ns          458102 1c0094a0 0004da03 lhu              x20, 0(x9)          x20=0000fe2e  x9:1c002e6c  PA:1c002e6c
26816499ns          458118 1c0094a4 1007c533 p.exths          x10, x15, x0        x10=ffffffb0 x15:0000ffb0
26816519ns          458119 1c0094a8 09d11023 sh               x29, 128(x2)        x29:00000026  x2:100034d8  PA:10003558
26816539ns          458120 1c0094ac 0003d483 lhu              x9, 0(x7)            x9=0000fff0  x7:1c002ebc  PA:1c002ebc
26816838ns          458135 1c0094b0 02e80eb3 mul              x29, x16, x14       x29=fffff13c x16:fffffff4 x14:0000013b
26816857ns          458136 1c0094b4 40a8d893 srai             x17, x17, 0x40a     x17=0000001d x17:00007620
26816877ns          458137 1c0094b8 03c80833 mul              x16, x16, x28       x16=fffffb80 x16:fffffff4 x28:00000060
26816897ns          458138 1c0094bc 09e11823 sh               x30, 144(x2)        x30:0000ffa6  x2:100034d8  PA:10003568
26816917ns          458139 1c0094c0 0005d983 lhu              x19, 0(x11)         x19=0000ffdd x11:1c002e9c  PA:1c002e9c
26817215ns          458154 1c0094c4 81c88f5b p.muls           x30, x17, x28       x30=00000ae0 x17:0000001d x28:00000060
26817235ns          458155 1c0094c8 0002d583 lhu              x11, 0(x5)          x11=0000ffbe  x5:1c002eac  PA:1c002eac
26817534ns          458170 1c0094cc 03ce0fb3 mul              x31, x28, x28       x31=00002400 x28:00000060 x28:00000060
26817553ns          458171 1c0094d0 02e50733 mul              x14, x10, x14       x14=ffff9d90 x10:ffffffb0 x14:0000013b
26817573ns          458172 1c0094d4 40a85813 srai             x16, x16, 0x40a     x16=fffffffe x16:fffffb80
26817593ns          458173 1c0094d8 03c50533 mul              x10, x10, x28       x10=ffffe200 x10:ffffffb0 x28:00000060
26817613ns          458174 1c0094dc 07015e03 lhu              x28, 112(x2)        x28=0000005b  x2:100034d8  PA:10003548
26817633ns          458175 1c0094e0 01b60633 add              x12, x12, x27       x12=0000084f x12:0000013b x27:00000714
26817653ns          458176 1c0094e2 00980833 add              x16, x16, x9        x16=0000ffee x16:fffffffe  x9:0000fff0
26817673ns          458177 1c0094e4 06015d83 lhu              x27, 96(x2)         x27=000000e4  x2:100034d8  PA:10003538
26817693ns          458178 1c0094e8 02812483 lw               x9, 40(x2)           x9=1c002ecc  x2:100034d8  PA:10003500
26817713ns          458179 1c0094ea 40afdf93 srai             x31, x31, 0x40a     x31=00000009 x31:00002400
26817732ns          458180 1c0094ee 40a55513 srai             x10, x10, 0x40a     x10=fffffff8 x10:ffffe200
26817752ns          458181 1c0094f0 01cf8fb3 add              x31, x31, x28       x31=00000064 x31:00000009 x28:0000005b
26817772ns          458182 1c0094f2 00b50533 add              x10, x10, x11       x10=0000ffb6 x10:fffffff8 x11:0000ffbe
26817792ns          458183 1c0094f4 09015e03 lhu              x28, 144(x2)        x28=0000ffa6  x2:100034d8  PA:10003568
26817812ns          458184 1c0094f8 03012583 lw               x11, 48(x2)         x11=1c002edc  x2:100034d8  PA:10003508
26817832ns          458185 1c0094fa 00c49023 sh               x12, 0(x9)          x12:0000084f  x9:1c002ecc  PA:1c002ecc
26818150ns          458201 1c0094fe 01b888b3 add              x17, x17, x27       x17=00000101 x17:0000001d x27:000000e4
26818170ns          458202 1c009500 01a30333 add              x6, x6, x26          x6=000002c3  x6:00000060 x26:00000263
26818190ns          458203 1c009502 08015d83 lhu              x27, 128(x2)        x27=00000026  x2:100034d8  PA:10003558
26818210ns          458204 1c009506 0000d903 lhu              x18, 0(x1)          x18=0000ff5b  x1:1c002e8c  PA:1c002e8c
26818528ns          458220 1c00950a 01c686b3 add              x13, x13, x28       x13=0001ff9a x13:0000fff4 x28:0000ffa6
26818548ns          458221 1c00950c 00659023 sh               x6, 0(x11)           x6:000002c3 x11:1c002edc  PA:1c002edc
26818866ns          458237 1c009510 40af5f13 srai             x30, x30, 0x40a     x30=00000002 x30:00000ae0
26818886ns          458238 1c009514 04812e03 lw               x28, 72(x2)         x28=1c002f0c  x2:100034d8  PA:10003520
26818906ns          458239 1c009516 01bf0f33 add              x30, x30, x27       x30=00000028 x30:00000002 x27:00000026
26818926ns          458240 1c009518 40aede93 srai             x29, x29, 0x40a     x29=fffffffc x29:fffff13c
26818946ns          458241 1c00951c 40a75713 srai             x14, x14, 0x40a     x14=ffffffe7 x14:ffff9d90
26818966ns          458242 1c00951e 03812603 lw               x12, 56(x2)         x12=1c002eec  x2:100034d8  PA:10003510
26818985ns          458243 1c009520 04012d83 lw               x27, 64(x2)         x27=1c002efc  x2:100034d8  PA:10003518
26819005ns          458244 1c009522 01ee1023 sh               x30, 0(x28)         x30:00000028 x28:1c002f0c  PA:1c002f0c
26819324ns          458260 1c009526 05812483 lw               x9, 88(x2)           x9=1c002e6c  x2:100034d8  PA:10003530
26819343ns          458261 1c009528 05012f03 lw               x30, 80(x2)         x30=1c002e7c  x2:100034d8  PA:10003528
26819363ns          458262 1c00952a 0a012583 lw               x11, 160(x2)        x11=1c002e9c  x2:100034d8  PA:10003578
26819383ns          458263 1c00952c 014787b3 add              x15, x15, x20       x15=0001fdde x15:0000ffb0 x20:0000fe2e
26819403ns          458264 1c00952e 013e8eb3 add              x29, x29, x19       x29=0000ffd9 x29:fffffffc x19:0000ffdd
26819423ns          458265 1c009530 01270733 add              x14, x14, x18       x14=0000ff42 x14:ffffffe7 x18:0000ff5b
26819443ns          458266 1c009532 00f49023 sh               x15, 0(x9)          x15:0001fdde  x9:1c002e6c  PA:1c002e6c
26819841ns          458286 1c009536 01161023 sh               x17, 0(x12)         x17:00000101 x12:1c002eec  PA:1c002eec
26820159ns          458302 1c00953a 01fd9023 sh               x31, 0(x27)         x31:00000064 x27:1c002efc  PA:1c002efc
26820477ns          458318 1c00953e 00df1023 sh               x13, 0(x30)         x13:0001ff9a x30:1c002e7c  PA:1c002e7c
26820795ns          458334 1c009542 01d59023 sh               x29, 0(x11)         x29:0000ffd9 x11:1c002e9c  PA:1c002e9c
26821113ns          458350 1c009546 00e09023 sh               x14, 0(x1)          x14:0000ff42  x1:1c002e8c  PA:1c002e8c
26821432ns          458366 1c00954a 01039023 sh               x16, 0(x7)          x16:0000ffee  x7:1c002ebc  PA:1c002ebc
26821750ns          458382 1c00954e 00a29023 sh               x10, 0(x5)          x10:0000ffb6  x5:1c002eac  PA:1c002eac
26822068ns          458398 1c009552 008b0b13 addi             x22, x22, 8         x22=00000046 x22:0000003e
26822088ns          458399 1c009554 1f300793 addi             x15, x0, 499        x15=000001f3
26822108ns          458400 1c009558 e767dae3 bge              x15, x22, -396      x15:000001f3 x22:00000046
26822207ns          458405 1c0093cc 010c9a0b p.lh             x20, 16(x25!)       x20=000000e3 x25=1c002724 x25:1c002714  PA:1c002714
26822506ns          458420 1c0093d0 0104198b p.lh             x19, 16(x8!)        x19=ffffff18  x8=1c001eec  x8:1c001edc  PA:1c001edc
26822804ns          458435 1c0093d4 2cc10513 addi             x10, x2, 716        x10=100037a4  x2:100034d8
26822824ns          458436 1c0093d6 010a990b p.lh             x18, 16(x21!)       x18=000000dd x21=1c001718 x21:1c001708  PA:1c001708
26823142ns          458452 1c0093da 010b948b p.lh             x9, 16(x23!)         x9=ffffff05 x23=1c000f48 x23:1c000f38  PA:1c000f38
26823440ns          458467 1c0093de 2d411623 sh               x20, 716(x2)        x20:000000e3  x2:100034d8  PA:100037a4
26823460ns          458468 1c0093e2 2d311723 sh               x19, 718(x2)        x19:ffffff18  x2:100034d8  PA:100037a6
26823480ns          458469 1c0093e6 c33ff0ef jal              x1, -974             x1=1c0093e8
26823520ns          458471 1c009018 00051803 lh               x16, 0(x10)         x16=000000e3 x10:100037a4  PA:100037a4
26823540ns          458472 1c00901c 00251883 lh               x17, 2(x10)         x17=ffffff18 x10:100037a4  PA:100037a6
26823560ns          458473 1c009020 030806b3 mul              x13, x16, x16       x13=0000c949 x16:000000e3 x16:000000e3
26823580ns          458474 1c009024 03188633 mul              x12, x17, x17       x12=0000d240 x17:ffffff18 x17:ffffff18
26823599ns          458475 1c009028 40a65613 srai             x12, x12, 0x40a     x12=00000034 x12:0000d240
26823619ns          458476 1c00902a 40a6d693 srai             x13, x13, 0x40a     x13=00000032 x13:0000c949
26823639ns          458477 1c00902c 00c686b3 add              x13, x13, x12       x13=00000066 x13:00000032 x12:00000034
26823659ns          458478 1c00902e 1006c633 p.exths          x12, x13, x0        x12=00000066 x13:00000066
26823679ns          458479 1c009032 00855703 lhu              x14, 8(x10)         x14=0000ffd1 x10:100037a4  PA:100037ac
26823699ns          458480 1c009036 00a55683 lhu              x13, 10(x10)        x13=0000ff6a x10:100037a4  PA:100037ae
26823719ns          458481 1c00903a 02c60333 mul              x6, x12, x12         x6=000028a4 x12:00000066 x12:00000066
26823759ns          458483 1c00903e 00c55783 lhu              x15, 12(x10)        x15=0000ffe5 x10:100037a4  PA:100037b0
26823798ns          458485 1c009042 00e55583 lhu              x11, 14(x10)        x11=00000060 x10:100037a4  PA:100037b2
26823818ns          458486 1c009046 dea30333 p.extract        x6, x6, 15, 10       x6=0000000a  x6:000028a4
26823838ns          458487 1c00904a 80c7075b p.muls           x14, x14, x12       x14=ffffed46 x14:0000ffd1 x12:00000066
26823858ns          458488 1c00904e 80c686db p.muls           x13, x13, x12       x13=ffffc43c x13:0000ff6a x12:00000066
26823878ns          458489 1c009052 00455e83 lhu              x29, 4(x10)         x29=00000427 x10:100037a4  PA:100037a8
26823898ns          458490 1c009056 00655e03 lhu              x28, 6(x10)         x28=0000007f x10:100037a4  PA:100037aa
26823918ns          458491 1c00905a 40a75713 srai             x14, x14, 0x40a     x14=fffffffb x14:ffffed46
26823938ns          458492 1c00905c 806787db p.muls           x15, x15, x6        x15=fffffef2 x15:0000ffe5  x6:0000000a
26823957ns          458493 1c009060 40a6d693 srai             x13, x13, 0x40a     x13=fffffff1 x13:ffffc43c
26823977ns          458494 1c009062 8065865b p.muls           x12, x11, x6        x12=000003c0 x11:00000060  x6:0000000a
26823997ns          458495 1c009066 40a7d793 srai             x15, x15, 0x40a     x15=ffffffff x15:fffffef2
26824017ns          458496 1c009068 40a65613 srai             x12, x12, 0x40a     x12=00000000 x12:000003c0
26824037ns          458497 1c00906a 01d70733 add              x14, x14, x29       x14=00000422 x14:fffffffb x29:00000427
26824057ns          458498 1c00906c 01c686b3 add              x13, x13, x28       x13=00000070 x13:fffffff1 x28:0000007f
26824077ns          458499 1c00906e 00c686b3 add              x13, x13, x12       x13=00000070 x13:00000070 x12:00000000
26824097ns          458500 1c009070 00f70733 add              x14, x14, x15       x14=00000421 x14:00000422 x15:ffffffff
26824117ns          458501 1c009072 100747b3 p.exths          x15, x14, x0        x15=00000421 x14:00000421
26824136ns          458502 1c009076 1006c733 p.exths          x14, x13, x0        x14=00000070 x13:00000070
26824156ns          458503 1c00907a 03170633 mul              x12, x14, x17       x12=ffff9a80 x14:00000070 x17:ffffff18
26824176ns          458504 1c00907e 030786b3 mul              x13, x15, x16       x13=0003a943 x15:00000421 x16:000000e3
26824196ns          458505 1c009082 03070733 mul              x14, x14, x16       x14=00006350 x14:00000070 x16:000000e3
26824216ns          458506 1c009086 031787b3 mul              x15, x15, x17       x15=fffc4218 x15:00000421 x17:ffffff18
26824236ns          458507 1c00908a 40a6d693 srai             x13, x13, 0x40a     x13=000000ea x13:0003a943
26824256ns          458508 1c00908c 40a65613 srai             x12, x12, 0x40a     x12=ffffffe6 x12:ffff9a80
26824276ns          458509 1c00908e 40a7d793 srai             x15, x15, 0x40a     x15=ffffff10 x15:fffc4218
26824296ns          458510 1c009090 40a75713 srai             x14, x14, 0x40a     x14=00000018 x14:00006350
26824315ns          458511 1c009092 40c686b3 sub              x13, x13, x12       x13=00000104 x13:000000ea x12:ffffffe6
26824335ns          458512 1c009094 00e787b3 add              x15, x15, x14       x15=ffffff28 x15:ffffff10 x14:00000018
26824355ns          458513 1c009096 00d51823 sh               x13, 16(x10)        x13:00000104 x10:100037a4  PA:100037b4
26824375ns          458514 1c00909a 00f51923 sh               x15, 18(x10)        x15:ffffff28 x10:100037a4  PA:100037b6
26824395ns          458515 1c00909e 00008067 jalr             x0, x1, 0            x1:1c0093e8
26824455ns          458518 1c0093e8 2dc15583 lhu              x11, 732(x2)        x11=00000104  x2:100034d8  PA:100037b4
26824474ns          458519 1c0093ec 2de15783 lhu              x15, 734(x2)        x15=0000ff28  x2:100034d8  PA:100037b6
26824494ns          458520 1c0093f0 40b90933 sub              x18, x18, x11       x18=ffffffd9 x18:000000dd x11:00000104
26824514ns          458521 1c0093f4 40f484b3 sub              x9, x9, x15          x9=fffeffdd  x9:ffffff05 x15:0000ff28
26824534ns          458522 1c0093f6 100945b3 p.exths          x11, x18, x0        x11=ffffffd9 x18:ffffffd9
26824554ns          458523 1c0093fa 1004c7b3 p.exths          x15, x9, x0         x15=ffffffdd  x9:fffeffdd
26824574ns          458524 1c0093fe 034586b3 mul              x13, x11, x20       x13=ffffdd6b x11:ffffffd9 x20:000000e3
26824594ns          458525 1c009402 03378533 mul              x10, x15, x19       x10=00001fb8 x15:ffffffdd x19:ffffff18
26824614ns          458526 1c009406 034a0633 mul              x12, x20, x20       x12=0000c949 x20:000000e3 x20:000000e3
26824634ns          458527 1c00940a 03398733 mul              x14, x19, x19       x14=0000d240 x19:ffffff18 x19:ffffff18
26824693ns          458530 1c00940e 034787b3 mul              x15, x15, x20       x15=ffffe0f7 x15:ffffffdd x20:000000e3
26824733ns          458532 1c009412 033585b3 mul              x11, x11, x19       x11=00002358 x11:ffffffd9 x19:ffffff18
26824753ns          458533 1c009416 40a75713 srai             x14, x14, 0x40a     x14=00000034 x14:0000d240
26824773ns          458534 1c009418 40a5d593 srai             x11, x11, 0x40a     x11=00000008 x11:00002358
26824793ns          458535 1c00941a 40a65613 srai             x12, x12, 0x40a     x12=00000032 x12:0000c949
26824813ns          458536 1c00941c 40a7d793 srai             x15, x15, 0x40a     x15=fffffff8 x15:ffffe0f7
26824832ns          458537 1c00941e 1c0034b7 lui              x9, 0x1c003000       x9=1c003000
26824852ns          458538 1c009422 00e60633 add              x12, x12, x14       x12=00000066 x12:00000032 x14:00000034
26824872ns          458539 1c009424 40b787b3 sub              x15, x15, x11       x15=fffffff0 x15:fffffff8 x11:00000008
26824892ns          458540 1c009426 eb048493 addi             x9, x9, -336         x9=1c002eb0  x9:1c003000
26824912ns          458541 1c00942a 1c0032b7 lui              x5, 0x1c003000       x5=1c003000
26824932ns          458542 1c00942e 1c0035b7 lui              x11, 0x1c003000     x11=1c003000
26824952ns          458543 1c009432 018483b3 add              x7, x9, x24          x7=1c002ebc  x9:1c002eb0 x24:0000000c
26824972ns          458544 1c009436 02812e83 lw               x29, 40(x2)         x29=1c002ecc  x2:100034d8  PA:10003500
26824992ns          458545 1c009438 10065633 p.exthz          x12, x12, x0        x12=00000066 x12:00000066
26825011ns          458546 1c00943c e8028293 addi             x5, x5, -384         x5=1c002e80  x5:1c003000
26825031ns          458547 1c009440 ea058593 addi             x11, x11, -352      x11=1c002ea0 x11:1c003000
26825051ns          458548 1c009444 03812483 lw               x9, 56(x2)           x9=1c002eec  x2:100034d8  PA:10003510
26825071ns          458549 1c009446 10064733 p.exths          x14, x12, x0        x14=00000066 x12:00000066
26825091ns          458550 1c00944a 018280b3 add              x1, x5, x24          x1=1c002e8c  x5:1c002e80 x24:0000000c
26825111ns          458551 1c00944e 03012f03 lw               x30, 48(x2)         x30=1c002edc  x2:100034d8  PA:10003508
26825131ns          458552 1c009450 018582b3 add              x5, x11, x24         x5=1c002eac x11:1c002ea0 x24:0000000c
26825151ns          458553 1c009454 04012583 lw               x11, 64(x2)         x11=1c002efc  x2:100034d8  PA:10003518
26825171ns          458554 1c009456 000edd83 lhu              x27, 0(x29)         x27=0000084f x29:1c002ecc  PA:1c002ecc
26825509ns          458571 1c00945a 0004d483 lhu              x9, 0(x9)            x9=00000101  x9:1c002eec  PA:1c002eec
26825906ns          458591 1c00945e 02e70333 mul              x6, x14, x14         x6=000028a4 x14:00000066 x14:00000066
26825926ns          458592 1c009462 40a55513 srai             x10, x10, 0x40a     x10=00000007 x10:00001fb8
26825946ns          458593 1c009464 04812e83 lw               x29, 72(x2)         x29=1c002f0c  x2:100034d8  PA:10003520
26825966ns          458594 1c009466 40a6d693 srai             x13, x13, 0x40a     x13=fffffff7 x13:ffffdd6b
26825986ns          458595 1c009468 000f5d03 lhu              x26, 0(x30)         x26=000002c3 x30:1c002edc  PA:1c002edc
26826344ns          458613 1c00946c 0005d583 lhu              x11, 0(x11)         x11=00000064 x11:1c002efc  PA:1c002efc
26826642ns          458628 1c009470 40a35313 srai             x6, x6, 0x40a        x6=0000000a  x6:000028a4
26826662ns          458629 1c009474 00a686b3 add              x13, x13, x10       x13=fffffffe x13:fffffff7 x10:00000007
26826682ns          458630 1c009476 05012f03 lw               x30, 80(x2)         x30=1c002e7c  x2:100034d8  PA:10003528
26826702ns          458631 1c009478 10034e33 p.exths          x28, x6, x0         x28=0000000a  x6:0000000a
26826722ns          458632 1c00947c 06911023 sh               x9, 96(x2)           x9:00000101  x2:100034d8  PA:10003538
26826742ns          458633 1c009480 000ede83 lhu              x29, 0(x29)         x29=00000028 x29:1c002f0c  PA:1c002f0c
26827040ns          458648 1c009484 05812483 lw               x9, 88(x2)           x9=1c002e6c  x2:100034d8  PA:10003530
26827060ns          458649 1c009486 1006d6b3 p.exthz          x13, x13, x0        x13=0000fffe x13:fffffffe
26827080ns          458650 1c00948a 02ee08b3 mul              x17, x28, x14       x17=000003fc x28:0000000a x14:00000066
26827100ns          458651 1c00948e 1006c833 p.exths          x16, x13, x0        x16=fffffffe x13:0000fffe
26827120ns          458652 1c009492 06b11823 sh               x11, 112(x2)        x11:00000064  x2:100034d8  PA:10003548
26827139ns          458653 1c009496 000f5f03 lhu              x30, 0(x30)         x30=0000ff9a x30:1c002e7c  PA:1c002e7c
26827438ns          458668 1c00949a 0a012583 lw               x11, 160(x2)        x11=1c002e9c  x2:100034d8  PA:10003578
26827458ns          458669 1c00949c 1007d7b3 p.exthz          x15, x15, x0        x15=0000fff0 x15:fffffff0
26827478ns          458670 1c0094a0 0004da03 lhu              x20, 0(x9)          x20=0000fdde  x9:1c002e6c  PA:1c002e6c
26827836ns          458688 1c0094a4 1007c533 p.exths          x10, x15, x0        x10=fffffff0 x15:0000fff0
26827855ns          458689 1c0094a8 09d11023 sh               x29, 128(x2)        x29:00000028  x2:100034d8  PA:10003558
26827875ns          458690 1c0094ac 0003d483 lhu              x9, 0(x7)            x9=0000ffee  x7:1c002ebc  PA:1c002ebc
26828253ns          458709 1c0094b0 02e80eb3 mul              x29, x16, x14       x29=ffffff34 x16:fffffffe x14:00000066
26828273ns          458710 1c0094b4 40a8d893 srai             x17, x17, 0x40a     x17=00000000 x17:000003fc
26828293ns          458711 1c0094b8 03c80833 mul              x16, x16, x28       x16=ffffffec x16:fffffffe x28:0000000a
26828313ns          458712 1c0094bc 09e11823 sh               x30, 144(x2)        x30:0000ff9a  x2:100034d8  PA:10003568
26828333ns          458713 1c0094c0 0005d983 lhu              x19, 0(x11)         x19=0000ffd9 x11:1c002e9c  PA:1c002e9c
26828631ns          458728 1c0094c4 81c88f5b p.muls           x30, x17, x28       x30=00000000 x17:00000000 x28:0000000a
26828651ns          458729 1c0094c8 0002d583 lhu              x11, 0(x5)          x11=0000ffb6  x5:1c002eac  PA:1c002eac
26828949ns          458744 1c0094cc 03ce0fb3 mul              x31, x28, x28       x31=00000064 x28:0000000a x28:0000000a
26828969ns          458745 1c0094d0 02e50733 mul              x14, x10, x14       x14=fffff9a0 x10:fffffff0 x14:00000066
26828989ns          458746 1c0094d4 40a85813 srai             x16, x16, 0x40a     x16=ffffffff x16:ffffffec
26829009ns          458747 1c0094d8 03c50533 mul              x10, x10, x28       x10=ffffff60 x10:fffffff0 x28:0000000a
26829029ns          458748 1c0094dc 07015e03 lhu              x28, 112(x2)        x28=00000064  x2:100034d8  PA:10003548
26829049ns          458749 1c0094e0 01b60633 add              x12, x12, x27       x12=000008b5 x12:00000066 x27:0000084f
26829069ns          458750 1c0094e2 00980833 add              x16, x16, x9        x16=0000ffed x16:ffffffff  x9:0000ffee
26829089ns          458751 1c0094e4 06015d83 lhu              x27, 96(x2)         x27=00000101  x2:100034d8  PA:10003538
26829108ns          458752 1c0094e8 02812483 lw               x9, 40(x2)           x9=1c002ecc  x2:100034d8  PA:10003500
26829128ns          458753 1c0094ea 40afdf93 srai             x31, x31, 0x40a     x31=00000000 x31:00000064
26829148ns          458754 1c0094ee 40a55513 srai             x10, x10, 0x40a     x10=ffffffff x10:ffffff60
26829168ns          458755 1c0094f0 01cf8fb3 add              x31, x31, x28       x31=00000064 x31:00000000 x28:00000064
26829188ns          458756 1c0094f2 00b50533 add              x10, x10, x11       x10=0000ffb5 x10:ffffffff x11:0000ffb6
26829208ns          458757 1c0094f4 09015e03 lhu              x28, 144(x2)        x28=0000ff9a  x2:100034d8  PA:10003568
26829228ns          458758 1c0094f8 03012583 lw               x11, 48(x2)         x11=1c002edc  x2:100034d8  PA:10003508
26829248ns          458759 1c0094fa 00c49023 sh               x12, 0(x9)          x12:000008b5  x9:1c002ecc  PA:1c002ecc
26829566ns          458775 1c0094fe 01b888b3 add              x17, x17, x27       x17=00000101 x17:00000000 x27:00000101
26829586ns          458776 1c009500 01a30333 add              x6, x6, x26          x6=000002cd  x6:0000000a x26:000002c3
26829606ns          458777 1c009502 08015d83 lhu              x27, 128(x2)        x27=00000028  x2:100034d8  PA:10003558
26829625ns          458778 1c009506 0000d903 lhu              x18, 0(x1)          x18=0000ff42  x1:1c002e8c  PA:1c002e8c
26829924ns          458793 1c00950a 01c686b3 add              x13, x13, x28       x13=0001ff98 x13:0000fffe x28:0000ff9a
26829944ns          458794 1c00950c 00659023 sh               x6, 0(x11)           x6:000002cd x11:1c002edc  PA:1c002edc
26830302ns          458812 1c009510 40af5f13 srai             x30, x30, 0x40a     x30=00000000 x30:00000000
26830322ns          458813 1c009514 04812e03 lw               x28, 72(x2)         x28=1c002f0c  x2:100034d8  PA:10003520
26830341ns          458814 1c009516 01bf0f33 add              x30, x30, x27       x30=00000028 x30:00000000 x27:00000028
26830361ns          458815 1c009518 40aede93 srai             x29, x29, 0x40a     x29=ffffffff x29:ffffff34
26830381ns          458816 1c00951c 40a75713 srai             x14, x14, 0x40a     x14=fffffffe x14:fffff9a0
26830401ns          458817 1c00951e 03812603 lw               x12, 56(x2)         x12=1c002eec  x2:100034d8  PA:10003510
26830421ns          458818 1c009520 04012d83 lw               x27, 64(x2)         x27=1c002efc  x2:100034d8  PA:10003518
26830441ns          458819 1c009522 01ee1023 sh               x30, 0(x28)         x30:00000028 x28:1c002f0c  PA:1c002f0c
26830759ns          458835 1c009526 05812483 lw               x9, 88(x2)           x9=1c002e6c  x2:100034d8  PA:10003530
26830779ns          458836 1c009528 05012f03 lw               x30, 80(x2)         x30=1c002e7c  x2:100034d8  PA:10003528
26830799ns          458837 1c00952a 0a012583 lw               x11, 160(x2)        x11=1c002e9c  x2:100034d8  PA:10003578
26830819ns          458838 1c00952c 014787b3 add              x15, x15, x20       x15=0001fdce x15:0000fff0 x20:0000fdde
26830839ns          458839 1c00952e 013e8eb3 add              x29, x29, x19       x29=0000ffd8 x29:ffffffff x19:0000ffd9
26830859ns          458840 1c009530 01270733 add              x14, x14, x18       x14=0000ff40 x14:fffffffe x18:0000ff42
26830878ns          458841 1c009532 00f49023 sh               x15, 0(x9)          x15:0001fdce  x9:1c002e6c  PA:1c002e6c
26831256ns          458860 1c009536 01161023 sh               x17, 0(x12)         x17:00000101 x12:1c002eec  PA:1c002eec
26831575ns          458876 1c00953a 01fd9023 sh               x31, 0(x27)         x31:00000064 x27:1c002efc  PA:1c002efc
26831893ns          458892 1c00953e 00df1023 sh               x13, 0(x30)         x13:0001ff98 x30:1c002e7c  PA:1c002e7c
26832211ns          458908 1c009542 01d59023 sh               x29, 0(x11)         x29:0000ffd8 x11:1c002e9c  PA:1c002e9c
26832529ns          458924 1c009546 00e09023 sh               x14, 0(x1)          x14:0000ff40  x1:1c002e8c  PA:1c002e8c
26832867ns          458941 1c00954a 01039023 sh               x16, 0(x7)          x16:0000ffed  x7:1c002ebc  PA:1c002ebc
26833185ns          458957 1c00954e 00a29023 sh               x10, 0(x5)          x10:0000ffb5  x5:1c002eac  PA:1c002eac
26833504ns          458973 1c009552 008b0b13 addi             x22, x22, 8         x22=0000004e x22:00000046
26833524ns          458974 1c009554 1f300793 addi             x15, x0, 499        x15=000001f3
26833543ns          458975 1c009558 e767dae3 bge              x15, x22, -396      x15:000001f3 x22:0000004e
26833643ns          458980 1c0093cc 010c9a0b p.lh             x20, 16(x25!)       x20=ffffff5c x25=1c002734 x25:1c002724  PA:1c002724
26833981ns          458997 1c0093d0 0104198b p.lh             x19, 16(x8!)        x19=ffffff2d  x8=1c001efc  x8:1c001eec  PA:1c001eec
26834279ns          459012 1c0093d4 2cc10513 addi             x10, x2, 716        x10=100037a4  x2:100034d8
26834299ns          459013 1c0093d6 010a990b p.lh             x18, 16(x21!)       x18=ffffff4a x21=1c001728 x21:1c001718  PA:1c001718
26834617ns          459029 1c0093da 010b948b p.lh             x9, 16(x23!)         x9=ffffff3f x23=1c000f58 x23:1c000f48  PA:1c000f48
26834916ns          459044 1c0093de 2d411623 sh               x20, 716(x2)        x20:ffffff5c  x2:100034d8  PA:100037a4
26834936ns          459045 1c0093e2 2d311723 sh               x19, 718(x2)        x19:ffffff2d  x2:100034d8  PA:100037a6
26834955ns          459046 1c0093e6 c33ff0ef jal              x1, -974             x1=1c0093e8
26834995ns          459048 1c009018 00051803 lh               x16, 0(x10)         x16=ffffff5c x10:100037a4  PA:100037a4
26835015ns          459049 1c00901c 00251883 lh               x17, 2(x10)         x17=ffffff2d x10:100037a4  PA:100037a6
26835035ns          459050 1c009020 030806b3 mul              x13, x16, x16       x13=00006910 x16:ffffff5c x16:ffffff5c
26835055ns          459051 1c009024 03188633 mul              x12, x17, x17       x12=0000ade9 x17:ffffff2d x17:ffffff2d
26835075ns          459052 1c009028 40a65613 srai             x12, x12, 0x40a     x12=0000002b x12:0000ade9
26835095ns          459053 1c00902a 40a6d693 srai             x13, x13, 0x40a     x13=0000001a x13:00006910
26835115ns          459054 1c00902c 00c686b3 add              x13, x13, x12       x13=00000045 x13:0000001a x12:0000002b
26835134ns          459055 1c00902e 1006c633 p.exths          x12, x13, x0        x12=00000045 x13:00000045
26835154ns          459056 1c009032 00855703 lhu              x14, 8(x10)         x14=0000ffd1 x10:100037a4  PA:100037ac
26835174ns          459057 1c009036 00a55683 lhu              x13, 10(x10)        x13=0000ff6a x10:100037a4  PA:100037ae
26835194ns          459058 1c00903a 02c60333 mul              x6, x12, x12         x6=00001299 x12:00000045 x12:00000045
26835214ns          459059 1c00903e 00c55783 lhu              x15, 12(x10)        x15=0000ffe5 x10:100037a4  PA:100037b0
26835234ns          459060 1c009042 00e55583 lhu              x11, 14(x10)        x11=00000060 x10:100037a4  PA:100037b2
26835254ns          459061 1c009046 dea30333 p.extract        x6, x6, 15, 10       x6=00000004  x6:00001299
26835274ns          459062 1c00904a 80c7075b p.muls           x14, x14, x12       x14=fffff355 x14:0000ffd1 x12:00000045
26835313ns          459064 1c00904e 80c686db p.muls           x13, x13, x12       x13=ffffd792 x13:0000ff6a x12:00000045
26835353ns          459066 1c009052 00455e83 lhu              x29, 4(x10)         x29=00000427 x10:100037a4  PA:100037a8
26835373ns          459067 1c009056 00655e03 lhu              x28, 6(x10)         x28=0000007f x10:100037a4  PA:100037aa
26835393ns          459068 1c00905a 40a75713 srai             x14, x14, 0x40a     x14=fffffffc x14:fffff355
26835413ns          459069 1c00905c 806787db p.muls           x15, x15, x6        x15=ffffff94 x15:0000ffe5  x6:00000004
26835433ns          459070 1c009060 40a6d693 srai             x13, x13, 0x40a     x13=fffffff5 x13:ffffd792
26835453ns          459071 1c009062 8065865b p.muls           x12, x11, x6        x12=00000180 x11:00000060  x6:00000004
26835473ns          459072 1c009066 40a7d793 srai             x15, x15, 0x40a     x15=ffffffff x15:ffffff94
26835492ns          459073 1c009068 40a65613 srai             x12, x12, 0x40a     x12=00000000 x12:00000180
26835512ns          459074 1c00906a 01d70733 add              x14, x14, x29       x14=00000423 x14:fffffffc x29:00000427
26835532ns          459075 1c00906c 01c686b3 add              x13, x13, x28       x13=00000074 x13:fffffff5 x28:0000007f
26835552ns          459076 1c00906e 00c686b3 add              x13, x13, x12       x13=00000074 x13:00000074 x12:00000000
26835572ns          459077 1c009070 00f70733 add              x14, x14, x15       x14=00000422 x14:00000423 x15:ffffffff
26835592ns          459078 1c009072 100747b3 p.exths          x15, x14, x0        x15=00000422 x14:00000422
26835612ns          459079 1c009076 1006c733 p.exths          x14, x13, x0        x14=00000074 x13:00000074
26835632ns          459080 1c00907a 03170633 mul              x12, x14, x17       x12=ffffa064 x14:00000074 x17:ffffff2d
26835652ns          459081 1c00907e 030786b3 mul              x13, x15, x16       x13=fffd5a38 x15:00000422 x16:ffffff5c
26835671ns          459082 1c009082 03070733 mul              x14, x14, x16       x14=ffffb5b0 x14:00000074 x16:ffffff5c
26835691ns          459083 1c009086 031787b3 mul              x15, x15, x17       x15=fffc97fa x15:00000422 x17:ffffff2d
26835711ns          459084 1c00908a 40a6d693 srai             x13, x13, 0x40a     x13=ffffff56 x13:fffd5a38
26835731ns          459085 1c00908c 40a65613 srai             x12, x12, 0x40a     x12=ffffffe8 x12:ffffa064
26835751ns          459086 1c00908e 40a7d793 srai             x15, x15, 0x40a     x15=ffffff25 x15:fffc97fa
26835771ns          459087 1c009090 40a75713 srai             x14, x14, 0x40a     x14=ffffffed x14:ffffb5b0
26835791ns          459088 1c009092 40c686b3 sub              x13, x13, x12       x13=ffffff6e x13:ffffff56 x12:ffffffe8
26835811ns          459089 1c009094 00e787b3 add              x15, x15, x14       x15=ffffff12 x15:ffffff25 x14:ffffffed
26835831ns          459090 1c009096 00d51823 sh               x13, 16(x10)        x13:ffffff6e x10:100037a4  PA:100037b4
26835850ns          459091 1c00909a 00f51923 sh               x15, 18(x10)        x15:ffffff12 x10:100037a4  PA:100037b6
26835870ns          459092 1c00909e 00008067 jalr             x0, x1, 0            x1:1c0093e8
26835910ns          459094 1c0093e8 2dc15583 lhu              x11, 732(x2)        x11=0000ff6e  x2:100034d8  PA:100037b4
26835930ns          459095 1c0093ec 2de15783 lhu              x15, 734(x2)        x15=0000ff12  x2:100034d8  PA:100037b6
26835950ns          459096 1c0093f0 40b90933 sub              x18, x18, x11       x18=fffeffdc x18:ffffff4a x11:0000ff6e
26835970ns          459097 1c0093f4 40f484b3 sub              x9, x9, x15          x9=ffff002d  x9:ffffff3f x15:0000ff12
26835990ns          459098 1c0093f6 100945b3 p.exths          x11, x18, x0        x11=ffffffdc x18:fffeffdc
26836010ns          459099 1c0093fa 1004c7b3 p.exths          x15, x9, x0         x15=0000002d  x9:ffff002d
26836029ns          459100 1c0093fe 034586b3 mul              x13, x11, x20       x13=00001710 x11:ffffffdc x20:ffffff5c
26836049ns          459101 1c009402 03378533 mul              x10, x15, x19       x10=ffffdae9 x15:0000002d x19:ffffff2d
26836069ns          459102 1c009406 034a0633 mul              x12, x20, x20       x12=00006910 x20:ffffff5c x20:ffffff5c
26836089ns          459103 1c00940a 03398733 mul              x14, x19, x19       x14=0000ade9 x19:ffffff2d x19:ffffff2d
26836109ns          459104 1c00940e 034787b3 mul              x15, x15, x20       x15=ffffe32c x15:0000002d x20:ffffff5c
26836129ns          459105 1c009412 033585b3 mul              x11, x11, x19       x11=00001dac x11:ffffffdc x19:ffffff2d
26836149ns          459106 1c009416 40a75713 srai             x14, x14, 0x40a     x14=0000002b x14:0000ade9
26836169ns          459107 1c009418 40a5d593 srai             x11, x11, 0x40a     x11=00000007 x11:00001dac
26836189ns          459108 1c00941a 40a65613 srai             x12, x12, 0x40a     x12=0000001a x12:00006910
26836208ns          459109 1c00941c 40a7d793 srai             x15, x15, 0x40a     x15=fffffff8 x15:ffffe32c
26836228ns          459110 1c00941e 1c0034b7 lui              x9, 0x1c003000       x9=1c003000
26836248ns          459111 1c009422 00e60633 add              x12, x12, x14       x12=00000045 x12:0000001a x14:0000002b
26836268ns          459112 1c009424 40b787b3 sub              x15, x15, x11       x15=fffffff1 x15:fffffff8 x11:00000007
26836288ns          459113 1c009426 eb048493 addi             x9, x9, -336         x9=1c002eb0  x9:1c003000
26836308ns          459114 1c00942a 1c0032b7 lui              x5, 0x1c003000       x5=1c003000
26836328ns          459115 1c00942e 1c0035b7 lui              x11, 0x1c003000     x11=1c003000
26836348ns          459116 1c009432 018483b3 add              x7, x9, x24          x7=1c002ebc  x9:1c002eb0 x24:0000000c
26836368ns          459117 1c009436 02812e83 lw               x29, 40(x2)         x29=1c002ecc  x2:100034d8  PA:10003500
26836387ns          459118 1c009438 10065633 p.exthz          x12, x12, x0        x12=00000045 x12:00000045
26836407ns          459119 1c00943c e8028293 addi             x5, x5, -384         x5=1c002e80  x5:1c003000
26836447ns          459121 1c009440 ea058593 addi             x11, x11, -352      x11=1c002ea0 x11:1c003000
26836487ns          459123 1c009444 03812483 lw               x9, 56(x2)           x9=1c002eec  x2:100034d8  PA:10003510
26836507ns          459124 1c009446 10064733 p.exths          x14, x12, x0        x14=00000045 x12:00000045
26836527ns          459125 1c00944a 018280b3 add              x1, x5, x24          x1=1c002e8c  x5:1c002e80 x24:0000000c
26836547ns          459126 1c00944e 03012f03 lw               x30, 48(x2)         x30=1c002edc  x2:100034d8  PA:10003508
26836566ns          459127 1c009450 018582b3 add              x5, x11, x24         x5=1c002eac x11:1c002ea0 x24:0000000c
26836586ns          459128 1c009454 04012583 lw               x11, 64(x2)         x11=1c002efc  x2:100034d8  PA:10003518
26836606ns          459129 1c009456 000edd83 lhu              x27, 0(x29)         x27=000008b5 x29:1c002ecc  PA:1c002ecc
26836904ns          459144 1c00945a 0004d483 lhu              x9, 0(x9)            x9=00000101  x9:1c002eec  PA:1c002eec
26837223ns          459160 1c00945e 02e70333 mul              x6, x14, x14         x6=00001299 x14:00000045 x14:00000045
26837243ns          459161 1c009462 40a55513 srai             x10, x10, 0x40a     x10=fffffff6 x10:ffffdae9
26837262ns          459162 1c009464 04812e83 lw               x29, 72(x2)         x29=1c002f0c  x2:100034d8  PA:10003520
26837282ns          459163 1c009466 40a6d693 srai             x13, x13, 0x40a     x13=00000005 x13:00001710
26837302ns          459164 1c009468 000f5d03 lhu              x26, 0(x30)         x26=000002cd x30:1c002edc  PA:1c002edc
26837601ns          459179 1c00946c 0005d583 lhu              x11, 0(x11)         x11=00000064 x11:1c002efc  PA:1c002efc
26837939ns          459196 1c009470 40a35313 srai             x6, x6, 0x40a        x6=00000004  x6:00001299
26837959ns          459197 1c009474 00a686b3 add              x13, x13, x10       x13=fffffffb x13:00000005 x10:fffffff6
26837978ns          459198 1c009476 05012f03 lw               x30, 80(x2)         x30=1c002e7c  x2:100034d8  PA:10003528
26837998ns          459199 1c009478 10034e33 p.exths          x28, x6, x0         x28=00000004  x6:00000004
26838018ns          459200 1c00947c 06911023 sh               x9, 96(x2)           x9:00000101  x2:100034d8  PA:10003538
26838038ns          459201 1c009480 000ede83 lhu              x29, 0(x29)         x29=00000028 x29:1c002f0c  PA:1c002f0c
26838456ns          459222 1c009484 05812483 lw               x9, 88(x2)           x9=1c002e6c  x2:100034d8  PA:10003530
26838476ns          459223 1c009486 1006d6b3 p.exthz          x13, x13, x0        x13=0000fffb x13:fffffffb
26838496ns          459224 1c00948a 02ee08b3 mul              x17, x28, x14       x17=00000114 x28:00000004 x14:00000045
26838515ns          459225 1c00948e 1006c833 p.exths          x16, x13, x0        x16=fffffffb x13:0000fffb
26838535ns          459226 1c009492 06b11823 sh               x11, 112(x2)        x11:00000064  x2:100034d8  PA:10003548
26838555ns          459227 1c009496 000f5f03 lhu              x30, 0(x30)         x30=0000ff98 x30:1c002e7c  PA:1c002e7c
26838873ns          459243 1c00949a 0a012583 lw               x11, 160(x2)        x11=1c002e9c  x2:100034d8  PA:10003578
26838893ns          459244 1c00949c 1007d7b3 p.exthz          x15, x15, x0        x15=0000fff1 x15:fffffff1
26838913ns          459245 1c0094a0 0004da03 lhu              x20, 0(x9)          x20=0000fdce  x9:1c002e6c  PA:1c002e6c
26839212ns          459260 1c0094a4 1007c533 p.exths          x10, x15, x0        x10=fffffff1 x15:0000fff1
26839231ns          459261 1c0094a8 09d11023 sh               x29, 128(x2)        x29:00000028  x2:100034d8  PA:10003558
26839251ns          459262 1c0094ac 0003d483 lhu              x9, 0(x7)            x9=0000ffed  x7:1c002ebc  PA:1c002ebc
26839649ns          459282 1c0094b0 02e80eb3 mul              x29, x16, x14       x29=fffffea7 x16:fffffffb x14:00000045
26839669ns          459283 1c0094b4 40a8d893 srai             x17, x17, 0x40a     x17=00000000 x17:00000114
26839689ns          459284 1c0094b8 03c80833 mul              x16, x16, x28       x16=ffffffec x16:fffffffb x28:00000004
26839709ns          459285 1c0094bc 09e11823 sh               x30, 144(x2)        x30:0000ff98  x2:100034d8  PA:10003568
26839729ns          459286 1c0094c0 0005d983 lhu              x19, 0(x11)         x19=0000ffd8 x11:1c002e9c  PA:1c002e9c
26840047ns          459302 1c0094c4 81c88f5b p.muls           x30, x17, x28       x30=00000000 x17:00000000 x28:00000004
26840067ns          459303 1c0094c8 0002d583 lhu              x11, 0(x5)          x11=0000ffb5  x5:1c002eac  PA:1c002eac
26840365ns          459318 1c0094cc 03ce0fb3 mul              x31, x28, x28       x31=00000010 x28:00000004 x28:00000004
26840385ns          459319 1c0094d0 02e50733 mul              x14, x10, x14       x14=fffffbf5 x10:fffffff1 x14:00000045
26840405ns          459320 1c0094d4 40a85813 srai             x16, x16, 0x40a     x16=ffffffff x16:ffffffec
26840425ns          459321 1c0094d8 03c50533 mul              x10, x10, x28       x10=ffffffc4 x10:fffffff1 x28:00000004
26840445ns          459322 1c0094dc 07015e03 lhu              x28, 112(x2)        x28=00000064  x2:100034d8  PA:10003548
26840464ns          459323 1c0094e0 01b60633 add              x12, x12, x27       x12=000008fa x12:00000045 x27:000008b5
26840484ns          459324 1c0094e2 00980833 add              x16, x16, x9        x16=0000ffec x16:ffffffff  x9:0000ffed
26840504ns          459325 1c0094e4 06015d83 lhu              x27, 96(x2)         x27=00000101  x2:100034d8  PA:10003538
26840524ns          459326 1c0094e8 02812483 lw               x9, 40(x2)           x9=1c002ecc  x2:100034d8  PA:10003500
26840544ns          459327 1c0094ea 40afdf93 srai             x31, x31, 0x40a     x31=00000000 x31:00000010
26840564ns          459328 1c0094ee 40a55513 srai             x10, x10, 0x40a     x10=ffffffff x10:ffffffc4
26840584ns          459329 1c0094f0 01cf8fb3 add              x31, x31, x28       x31=00000064 x31:00000000 x28:00000064
26840604ns          459330 1c0094f2 00b50533 add              x10, x10, x11       x10=0000ffb4 x10:ffffffff x11:0000ffb5
26840624ns          459331 1c0094f4 09015e03 lhu              x28, 144(x2)        x28=0000ff98  x2:100034d8  PA:10003568
26840643ns          459332 1c0094f8 03012583 lw               x11, 48(x2)         x11=1c002edc  x2:100034d8  PA:10003508
26840663ns          459333 1c0094fa 00c49023 sh               x12, 0(x9)          x12:000008fa  x9:1c002ecc  PA:1c002ecc
26840982ns          459349 1c0094fe 01b888b3 add              x17, x17, x27       x17=00000101 x17:00000000 x27:00000101
26841001ns          459350 1c009500 01a30333 add              x6, x6, x26          x6=000002d1  x6:00000004 x26:000002cd
26841021ns          459351 1c009502 08015d83 lhu              x27, 128(x2)        x27=00000028  x2:100034d8  PA:10003558
26841041ns          459352 1c009506 0000d903 lhu              x18, 0(x1)          x18=0000ff40  x1:1c002e8c  PA:1c002e8c
26841340ns          459367 1c00950a 01c686b3 add              x13, x13, x28       x13=0001ff93 x13:0000fffb x28:0000ff98
26841359ns          459368 1c00950c 00659023 sh               x6, 0(x11)           x6:000002d1 x11:1c002edc  PA:1c002edc
26841678ns          459384 1c009510 40af5f13 srai             x30, x30, 0x40a     x30=00000000 x30:00000000
26841698ns          459385 1c009514 04812e03 lw               x28, 72(x2)         x28=1c002f0c  x2:100034d8  PA:10003520
26841717ns          459386 1c009516 01bf0f33 add              x30, x30, x27       x30=00000028 x30:00000000 x27:00000028
26841737ns          459387 1c009518 40aede93 srai             x29, x29, 0x40a     x29=ffffffff x29:fffffea7
26841757ns          459388 1c00951c 40a75713 srai             x14, x14, 0x40a     x14=fffffffe x14:fffffbf5
26841777ns          459389 1c00951e 03812603 lw               x12, 56(x2)         x12=1c002eec  x2:100034d8  PA:10003510
26841797ns          459390 1c009520 04012d83 lw               x27, 64(x2)         x27=1c002efc  x2:100034d8  PA:10003518
26841817ns          459391 1c009522 01ee1023 sh               x30, 0(x28)         x30:00000028 x28:1c002f0c  PA:1c002f0c
26842234ns          459412 1c009526 05812483 lw               x9, 88(x2)           x9=1c002e6c  x2:100034d8  PA:10003530
26842254ns          459413 1c009528 05012f03 lw               x30, 80(x2)         x30=1c002e7c  x2:100034d8  PA:10003528
26842274ns          459414 1c00952a 0a012583 lw               x11, 160(x2)        x11=1c002e9c  x2:100034d8  PA:10003578
26842294ns          459415 1c00952c 014787b3 add              x15, x15, x20       x15=0001fdbf x15:0000fff1 x20:0000fdce
26842314ns          459416 1c00952e 013e8eb3 add              x29, x29, x19       x29=0000ffd7 x29:ffffffff x19:0000ffd8
26842334ns          459417 1c009530 01270733 add              x14, x14, x18       x14=0000ff3e x14:fffffffe x18:0000ff40
26842354ns          459418 1c009532 00f49023 sh               x15, 0(x9)          x15:0001fdbf  x9:1c002e6c  PA:1c002e6c
26842692ns          459435 1c009536 01161023 sh               x17, 0(x12)         x17:00000101 x12:1c002eec  PA:1c002eec
26843010ns          459451 1c00953a 01fd9023 sh               x31, 0(x27)         x31:00000064 x27:1c002efc  PA:1c002efc
26843348ns          459468 1c00953e 00df1023 sh               x13, 0(x30)         x13:0001ff93 x30:1c002e7c  PA:1c002e7c
26843666ns          459484 1c009542 01d59023 sh               x29, 0(x11)         x29:0000ffd7 x11:1c002e9c  PA:1c002e9c
26843985ns          459500 1c009546 00e09023 sh               x14, 0(x1)          x14:0000ff3e  x1:1c002e8c  PA:1c002e8c
26844303ns          459516 1c00954a 01039023 sh               x16, 0(x7)          x16:0000ffec  x7:1c002ebc  PA:1c002ebc
26844621ns          459532 1c00954e 00a29023 sh               x10, 0(x5)          x10:0000ffb4  x5:1c002eac  PA:1c002eac
26844939ns          459548 1c009552 008b0b13 addi             x22, x22, 8         x22=00000056 x22:0000004e
26844959ns          459549 1c009554 1f300793 addi             x15, x0, 499        x15=000001f3
26844979ns          459550 1c009558 e767dae3 bge              x15, x22, -396      x15:000001f3 x22:00000056
26845078ns          459555 1c0093cc 010c9a0b p.lh             x20, 16(x25!)       x20=ffffffce x25=1c002744 x25:1c002734  PA:1c002734
26845377ns          459570 1c0093d0 0104198b p.lh             x19, 16(x8!)        x19=ffffff59  x8=1c001f0c  x8:1c001efc  PA:1c001efc
26845695ns          459586 1c0093d4 2cc10513 addi             x10, x2, 716        x10=100037a4  x2:100034d8
26845715ns          459587 1c0093d6 010a990b p.lh             x18, 16(x21!)       x18=ffffffc5 x21=1c001738 x21:1c001728  PA:1c001728
26846053ns          459604 1c0093da 010b948b p.lh             x9, 16(x23!)         x9=ffffff5a x23=1c000f68 x23:1c000f58  PA:1c000f58
26846351ns          459619 1c0093de 2d411623 sh               x20, 716(x2)        x20:ffffffce  x2:100034d8  PA:100037a4
26846391ns          459621 1c0093e2 2d311723 sh               x19, 718(x2)        x19:ffffff59  x2:100034d8  PA:100037a6
26846411ns          459622 1c0093e6 c33ff0ef jal              x1, -974             x1=1c0093e8
26846491ns          459626 1c009018 00051803 lh               x16, 0(x10)         x16=ffffffce x10:100037a4  PA:100037a4
26846530ns          459628 1c00901c 00251883 lh               x17, 2(x10)         x17=ffffff59 x10:100037a4  PA:100037a6
26846550ns          459629 1c009020 030806b3 mul              x13, x16, x16       x13=000009c4 x16:ffffffce x16:ffffffce
26846570ns          459630 1c009024 03188633 mul              x12, x17, x17       x12=00006cf1 x17:ffffff59 x17:ffffff59
26846590ns          459631 1c009028 40a65613 srai             x12, x12, 0x40a     x12=0000001b x12:00006cf1
26846610ns          459632 1c00902a 40a6d693 srai             x13, x13, 0x40a     x13=00000002 x13:000009c4
26846630ns          459633 1c00902c 00c686b3 add              x13, x13, x12       x13=0000001d x13:00000002 x12:0000001b
26846650ns          459634 1c00902e 1006c633 p.exths          x12, x13, x0        x12=0000001d x13:0000001d
26846670ns          459635 1c009032 00855703 lhu              x14, 8(x10)         x14=0000ffd1 x10:100037a4  PA:100037ac
26846689ns          459636 1c009036 00a55683 lhu              x13, 10(x10)        x13=0000ff6a x10:100037a4  PA:100037ae
26846709ns          459637 1c00903a 02c60333 mul              x6, x12, x12         x6=00000349 x12:0000001d x12:0000001d
26846749ns          459639 1c00903e 00c55783 lhu              x15, 12(x10)        x15=0000ffe5 x10:100037a4  PA:100037b0
26846789ns          459641 1c009042 00e55583 lhu              x11, 14(x10)        x11=00000060 x10:100037a4  PA:100037b2
26846809ns          459642 1c009046 dea30333 p.extract        x6, x6, 15, 10       x6=00000000  x6:00000349
26846829ns          459643 1c00904a 80c7075b p.muls           x14, x14, x12       x14=fffffaad x14:0000ffd1 x12:0000001d
26846888ns          459646 1c00904e 80c686db p.muls           x13, x13, x12       x13=ffffef02 x13:0000ff6a x12:0000001d
26846928ns          459648 1c009052 00455e83 lhu              x29, 4(x10)         x29=00000427 x10:100037a4  PA:100037a8
26846948ns          459649 1c009056 00655e03 lhu              x28, 6(x10)         x28=0000007f x10:100037a4  PA:100037aa
26846968ns          459650 1c00905a 40a75713 srai             x14, x14, 0x40a     x14=fffffffe x14:fffffaad
26846988ns          459651 1c00905c 806787db p.muls           x15, x15, x6        x15=00000000 x15:0000ffe5  x6:00000000
26847008ns          459652 1c009060 40a6d693 srai             x13, x13, 0x40a     x13=fffffffb x13:ffffef02
26847027ns          459653 1c009062 8065865b p.muls           x12, x11, x6        x12=00000000 x11:00000060  x6:00000000
26847047ns          459654 1c009066 40a7d793 srai             x15, x15, 0x40a     x15=00000000 x15:00000000
26847067ns          459655 1c009068 40a65613 srai             x12, x12, 0x40a     x12=00000000 x12:00000000
26847087ns          459656 1c00906a 01d70733 add              x14, x14, x29       x14=00000425 x14:fffffffe x29:00000427
26847107ns          459657 1c00906c 01c686b3 add              x13, x13, x28       x13=0000007a x13:fffffffb x28:0000007f
26847127ns          459658 1c00906e 00c686b3 add              x13, x13, x12       x13=0000007a x13:0000007a x12:00000000
26847147ns          459659 1c009070 00f70733 add              x14, x14, x15       x14=00000425 x14:00000425 x15:00000000
26847167ns          459660 1c009072 100747b3 p.exths          x15, x14, x0        x15=00000425 x14:00000425
26847187ns          459661 1c009076 1006c733 p.exths          x14, x13, x0        x14=0000007a x13:0000007a
26847206ns          459662 1c00907a 03170633 mul              x12, x14, x17       x12=ffffb06a x14:0000007a x17:ffffff59
26847226ns          459663 1c00907e 030786b3 mul              x13, x15, x16       x13=ffff30c6 x15:00000425 x16:ffffffce
26847246ns          459664 1c009082 03070733 mul              x14, x14, x16       x14=ffffe82c x14:0000007a x16:ffffffce
26847266ns          459665 1c009086 031787b3 mul              x15, x15, x17       x15=fffd4bdd x15:00000425 x17:ffffff59
26847286ns          459666 1c00908a 40a6d693 srai             x13, x13, 0x40a     x13=ffffffcc x13:ffff30c6
26847306ns          459667 1c00908c 40a65613 srai             x12, x12, 0x40a     x12=ffffffec x12:ffffb06a
26847326ns          459668 1c00908e 40a7d793 srai             x15, x15, 0x40a     x15=ffffff52 x15:fffd4bdd
26847346ns          459669 1c009090 40a75713 srai             x14, x14, 0x40a     x14=fffffffa x14:ffffe82c
26847366ns          459670 1c009092 40c686b3 sub              x13, x13, x12       x13=ffffffe0 x13:ffffffcc x12:ffffffec
26847385ns          459671 1c009094 00e787b3 add              x15, x15, x14       x15=ffffff4c x15:ffffff52 x14:fffffffa
26847405ns          459672 1c009096 00d51823 sh               x13, 16(x10)        x13:ffffffe0 x10:100037a4  PA:100037b4
26847425ns          459673 1c00909a 00f51923 sh               x15, 18(x10)        x15:ffffff4c x10:100037a4  PA:100037b6
26847445ns          459674 1c00909e 00008067 jalr             x0, x1, 0            x1:1c0093e8
26847485ns          459676 1c0093e8 2dc15583 lhu              x11, 732(x2)        x11=0000ffe0  x2:100034d8  PA:100037b4
26847505ns          459677 1c0093ec 2de15783 lhu              x15, 734(x2)        x15=0000ff4c  x2:100034d8  PA:100037b6
26847525ns          459678 1c0093f0 40b90933 sub              x18, x18, x11       x18=fffeffe5 x18:ffffffc5 x11:0000ffe0
26847545ns          459679 1c0093f4 40f484b3 sub              x9, x9, x15          x9=ffff000e  x9:ffffff5a x15:0000ff4c
26847564ns          459680 1c0093f6 100945b3 p.exths          x11, x18, x0        x11=ffffffe5 x18:fffeffe5
26847584ns          459681 1c0093fa 1004c7b3 p.exths          x15, x9, x0         x15=0000000e  x9:ffff000e
26847604ns          459682 1c0093fe 034586b3 mul              x13, x11, x20       x13=00000546 x11:ffffffe5 x20:ffffffce
26847624ns          459683 1c009402 03378533 mul              x10, x15, x19       x10=fffff6de x15:0000000e x19:ffffff59
26847644ns          459684 1c009406 034a0633 mul              x12, x20, x20       x12=000009c4 x20:ffffffce x20:ffffffce
26847664ns          459685 1c00940a 03398733 mul              x14, x19, x19       x14=00006cf1 x19:ffffff59 x19:ffffff59
26847724ns          459688 1c00940e 034787b3 mul              x15, x15, x20       x15=fffffd44 x15:0000000e x20:ffffffce
26847763ns          459690 1c009412 033585b3 mul              x11, x11, x19       x11=0000119d x11:ffffffe5 x19:ffffff59
26847783ns          459691 1c009416 40a75713 srai             x14, x14, 0x40a     x14=0000001b x14:00006cf1
26847803ns          459692 1c009418 40a5d593 srai             x11, x11, 0x40a     x11=00000004 x11:0000119d
26847823ns          459693 1c00941a 40a65613 srai             x12, x12, 0x40a     x12=00000002 x12:000009c4
26847843ns          459694 1c00941c 40a7d793 srai             x15, x15, 0x40a     x15=ffffffff x15:fffffd44
26847863ns          459695 1c00941e 1c0034b7 lui              x9, 0x1c003000       x9=1c003000
26847883ns          459696 1c009422 00e60633 add              x12, x12, x14       x12=0000001d x12:00000002 x14:0000001b
26847903ns          459697 1c009424 40b787b3 sub              x15, x15, x11       x15=fffffffb x15:ffffffff x11:00000004
26847922ns          459698 1c009426 eb048493 addi             x9, x9, -336         x9=1c002eb0  x9:1c003000
26847942ns          459699 1c00942a 1c0032b7 lui              x5, 0x1c003000       x5=1c003000
26847962ns          459700 1c00942e 1c0035b7 lui              x11, 0x1c003000     x11=1c003000
26847982ns          459701 1c009432 018483b3 add              x7, x9, x24          x7=1c002ebc  x9:1c002eb0 x24:0000000c
26848002ns          459702 1c009436 02812e83 lw               x29, 40(x2)         x29=1c002ecc  x2:100034d8  PA:10003500
26848022ns          459703 1c009438 10065633 p.exthz          x12, x12, x0        x12=0000001d x12:0000001d
26848042ns          459704 1c00943c e8028293 addi             x5, x5, -384         x5=1c002e80  x5:1c003000
26848062ns          459705 1c009440 ea058593 addi             x11, x11, -352      x11=1c002ea0 x11:1c003000
26848082ns          459706 1c009444 03812483 lw               x9, 56(x2)           x9=1c002eec  x2:100034d8  PA:10003510
26848101ns          459707 1c009446 10064733 p.exths          x14, x12, x0        x14=0000001d x12:0000001d
26848121ns          459708 1c00944a 018280b3 add              x1, x5, x24          x1=1c002e8c  x5:1c002e80 x24:0000000c
26848141ns          459709 1c00944e 03012f03 lw               x30, 48(x2)         x30=1c002edc  x2:100034d8  PA:10003508
26848161ns          459710 1c009450 018582b3 add              x5, x11, x24         x5=1c002eac x11:1c002ea0 x24:0000000c
26848181ns          459711 1c009454 04012583 lw               x11, 64(x2)         x11=1c002efc  x2:100034d8  PA:10003518
26848201ns          459712 1c009456 000edd83 lhu              x27, 0(x29)         x27=000008fa x29:1c002ecc  PA:1c002ecc
26848519ns          459728 1c00945a 0004d483 lhu              x9, 0(x9)            x9=00000101  x9:1c002eec  PA:1c002eec
26848817ns          459743 1c00945e 02e70333 mul              x6, x14, x14         x6=00000349 x14:0000001d x14:0000001d
26848837ns          459744 1c009462 40a55513 srai             x10, x10, 0x40a     x10=fffffffd x10:fffff6de
26848857ns          459745 1c009464 04812e83 lw               x29, 72(x2)         x29=1c002f0c  x2:100034d8  PA:10003520
26848877ns          459746 1c009466 40a6d693 srai             x13, x13, 0x40a     x13=00000001 x13:00000546
26848897ns          459747 1c009468 000f5d03 lhu              x26, 0(x30)         x26=000002d1 x30:1c002edc  PA:1c002edc
26849215ns          459763 1c00946c 0005d583 lhu              x11, 0(x11)         x11=00000064 x11:1c002efc  PA:1c002efc
26849533ns          459779 1c009470 40a35313 srai             x6, x6, 0x40a        x6=00000000  x6:00000349
26849553ns          459780 1c009474 00a686b3 add              x13, x13, x10       x13=fffffffe x13:00000001 x10:fffffffd
26849573ns          459781 1c009476 05012f03 lw               x30, 80(x2)         x30=1c002e7c  x2:100034d8  PA:10003528
26849593ns          459782 1c009478 10034e33 p.exths          x28, x6, x0         x28=00000000  x6:00000000
26849613ns          459783 1c00947c 06911023 sh               x9, 96(x2)           x9:00000101  x2:100034d8  PA:10003538
26849633ns          459784 1c009480 000ede83 lhu              x29, 0(x29)         x29=00000028 x29:1c002f0c  PA:1c002f0c
26849951ns          459800 1c009484 05812483 lw               x9, 88(x2)           x9=1c002e6c  x2:100034d8  PA:10003530
26849971ns          459801 1c009486 1006d6b3 p.exthz          x13, x13, x0        x13=0000fffe x13:fffffffe
26849991ns          459802 1c00948a 02ee08b3 mul              x17, x28, x14       x17=00000000 x28:00000000 x14:0000001d
26850011ns          459803 1c00948e 1006c833 p.exths          x16, x13, x0        x16=fffffffe x13:0000fffe
26850031ns          459804 1c009492 06b11823 sh               x11, 112(x2)        x11:00000064  x2:100034d8  PA:10003548
26850050ns          459805 1c009496 000f5f03 lhu              x30, 0(x30)         x30=0000ff93 x30:1c002e7c  PA:1c002e7c
26850369ns          459821 1c00949a 0a012583 lw               x11, 160(x2)        x11=1c002e9c  x2:100034d8  PA:10003578
26850389ns          459822 1c00949c 1007d7b3 p.exthz          x15, x15, x0        x15=0000fffb x15:fffffffb
26850408ns          459823 1c0094a0 0004da03 lhu              x20, 0(x9)          x20=0000fdbf  x9:1c002e6c  PA:1c002e6c
26850766ns          459841 1c0094a4 1007c533 p.exths          x10, x15, x0        x10=fffffffb x15:0000fffb
26850786ns          459842 1c0094a8 09d11023 sh               x29, 128(x2)        x29:00000028  x2:100034d8  PA:10003558
26850806ns          459843 1c0094ac 0003d483 lhu              x9, 0(x7)            x9=0000ffec  x7:1c002ebc  PA:1c002ebc
26851144ns          459860 1c0094b0 02e80eb3 mul              x29, x16, x14       x29=ffffffc6 x16:fffffffe x14:0000001d
26851164ns          459861 1c0094b4 40a8d893 srai             x17, x17, 0x40a     x17=00000000 x17:00000000
26851184ns          459862 1c0094b8 03c80833 mul              x16, x16, x28       x16=00000000 x16:fffffffe x28:00000000
26851204ns          459863 1c0094bc 09e11823 sh               x30, 144(x2)        x30:0000ff93  x2:100034d8  PA:10003568
26851224ns          459864 1c0094c0 0005d983 lhu              x19, 0(x11)         x19=0000ffd7 x11:1c002e9c  PA:1c002e9c
26851562ns          459881 1c0094c4 81c88f5b p.muls           x30, x17, x28       x30=00000000 x17:00000000 x28:00000000
26851582ns          459882 1c0094c8 0002d583 lhu              x11, 0(x5)          x11=0000ffb4  x5:1c002eac  PA:1c002eac
26851900ns          459898 1c0094cc 03ce0fb3 mul              x31, x28, x28       x31=00000000 x28:00000000 x28:00000000
26851920ns          459899 1c0094d0 02e50733 mul              x14, x10, x14       x14=ffffff6f x10:fffffffb x14:0000001d
26851940ns          459900 1c0094d4 40a85813 srai             x16, x16, 0x40a     x16=00000000 x16:00000000
26851960ns          459901 1c0094d8 03c50533 mul              x10, x10, x28       x10=00000000 x10:fffffffb x28:00000000
26851980ns          459902 1c0094dc 07015e03 lhu              x28, 112(x2)        x28=00000064  x2:100034d8  PA:10003548
26852019ns          459904 1c0094e0 01b60633 add              x12, x12, x27       x12=00000917 x12:0000001d x27:000008fa
26852039ns          459905 1c0094e2 00980833 add              x16, x16, x9        x16=0000ffec x16:00000000  x9:0000ffec
26852059ns          459906 1c0094e4 06015d83 lhu              x27, 96(x2)         x27=00000101  x2:100034d8  PA:10003538
26852079ns          459907 1c0094e8 02812483 lw               x9, 40(x2)           x9=1c002ecc  x2:100034d8  PA:10003500
26852099ns          459908 1c0094ea 40afdf93 srai             x31, x31, 0x40a     x31=00000000 x31:00000000
26852119ns          459909 1c0094ee 40a55513 srai             x10, x10, 0x40a     x10=00000000 x10:00000000
26852139ns          459910 1c0094f0 01cf8fb3 add              x31, x31, x28       x31=00000064 x31:00000000 x28:00000064
26852159ns          459911 1c0094f2 00b50533 add              x10, x10, x11       x10=0000ffb4 x10:00000000 x11:0000ffb4
26852178ns          459912 1c0094f4 09015e03 lhu              x28, 144(x2)        x28=0000ff93  x2:100034d8  PA:10003568
26852198ns          459913 1c0094f8 03012583 lw               x11, 48(x2)         x11=1c002edc  x2:100034d8  PA:10003508
26852218ns          459914 1c0094fa 00c49023 sh               x12, 0(x9)          x12:00000917  x9:1c002ecc  PA:1c002ecc
26852596ns          459933 1c0094fe 01b888b3 add              x17, x17, x27       x17=00000101 x17:00000000 x27:00000101
26852616ns          459934 1c009500 01a30333 add              x6, x6, x26          x6=000002d1  x6:00000000 x26:000002d1
26852636ns          459935 1c009502 08015d83 lhu              x27, 128(x2)        x27=00000028  x2:100034d8  PA:10003558
26852656ns          459936 1c009506 0000d903 lhu              x18, 0(x1)          x18=0000ff3e  x1:1c002e8c  PA:1c002e8c
26852954ns          459951 1c00950a 01c686b3 add              x13, x13, x28       x13=0001ff91 x13:0000fffe x28:0000ff93
26852974ns          459952 1c00950c 00659023 sh               x6, 0(x11)           x6:000002d1 x11:1c002edc  PA:1c002edc
26853312ns          459969 1c009510 40af5f13 srai             x30, x30, 0x40a     x30=00000000 x30:00000000
26853332ns          459970 1c009514 04812e03 lw               x28, 72(x2)         x28=1c002f0c  x2:100034d8  PA:10003520
26853352ns          459971 1c009516 01bf0f33 add              x30, x30, x27       x30=00000028 x30:00000000 x27:00000028
26853372ns          459972 1c009518 40aede93 srai             x29, x29, 0x40a     x29=ffffffff x29:ffffffc6
26853392ns          459973 1c00951c 40a75713 srai             x14, x14, 0x40a     x14=ffffffff x14:ffffff6f
26853412ns          459974 1c00951e 03812603 lw               x12, 56(x2)         x12=1c002eec  x2:100034d8  PA:10003510
26853431ns          459975 1c009520 04012d83 lw               x27, 64(x2)         x27=1c002efc  x2:100034d8  PA:10003518
26853451ns          459976 1c009522 01ee1023 sh               x30, 0(x28)         x30:00000028 x28:1c002f0c  PA:1c002f0c
26853809ns          459994 1c009526 05812483 lw               x9, 88(x2)           x9=1c002e6c  x2:100034d8  PA:10003530
26853829ns          459995 1c009528 05012f03 lw               x30, 80(x2)         x30=1c002e7c  x2:100034d8  PA:10003528
26853849ns          459996 1c00952a 0a012583 lw               x11, 160(x2)        x11=1c002e9c  x2:100034d8  PA:10003578
26853869ns          459997 1c00952c 014787b3 add              x15, x15, x20       x15=0001fdba x15:0000fffb x20:0000fdbf
26853889ns          459998 1c00952e 013e8eb3 add              x29, x29, x19       x29=0000ffd6 x29:ffffffff x19:0000ffd7
26853909ns          459999 1c009530 01270733 add              x14, x14, x18       x14=0000ff3d x14:ffffffff x18:0000ff3e
26853929ns          460000 1c009532 00f49023 sh               x15, 0(x9)          x15:0001fdba  x9:1c002e6c  PA:1c002e6c
26854247ns          460016 1c009536 01161023 sh               x17, 0(x12)         x17:00000101 x12:1c002eec  PA:1c002eec
26854565ns          460032 1c00953a 01fd9023 sh               x31, 0(x27)         x31:00000064 x27:1c002efc  PA:1c002efc
26854883ns          460048 1c00953e 00df1023 sh               x13, 0(x30)         x13:0001ff91 x30:1c002e7c  PA:1c002e7c
26855201ns          460064 1c009542 01d59023 sh               x29, 0(x11)         x29:0000ffd6 x11:1c002e9c  PA:1c002e9c
26855520ns          460080 1c009546 00e09023 sh               x14, 0(x1)          x14:0000ff3d  x1:1c002e8c  PA:1c002e8c
26855838ns          460096 1c00954a 01039023 sh               x16, 0(x7)          x16:0000ffec  x7:1c002ebc  PA:1c002ebc
26856156ns          460112 1c00954e 00a29023 sh               x10, 0(x5)          x10:0000ffb4  x5:1c002eac  PA:1c002eac
26856474ns          460128 1c009552 008b0b13 addi             x22, x22, 8         x22=0000005e x22:00000056
26856494ns          460129 1c009554 1f300793 addi             x15, x0, 499        x15=000001f3
26856514ns          460130 1c009558 e767dae3 bge              x15, x22, -396      x15:000001f3 x22:0000005e
26856574ns          460133 1c0093cc 010c9a0b p.lh             x20, 16(x25!)       x20=0000011f x25=1c002754 x25:1c002744  PA:1c002744
26856872ns          460148 1c0093d0 0104198b p.lh             x19, 16(x8!)        x19=ffffffbd  x8=1c001f1c  x8:1c001f0c  PA:1c001f0c
26857190ns          460164 1c0093d4 2cc10513 addi             x10, x2, 716        x10=100037a4  x2:100034d8
26857210ns          460165 1c0093d6 010a990b p.lh             x18, 16(x21!)       x18=00000119 x21=1c001748 x21:1c001738  PA:1c001738
26857508ns          460180 1c0093da 010b948b p.lh             x9, 16(x23!)         x9=ffffffaa x23=1c000f78 x23:1c000f68  PA:1c000f68
26857807ns          460195 1c0093de 2d411623 sh               x20, 716(x2)        x20:0000011f  x2:100034d8  PA:100037a4
26857827ns          460196 1c0093e2 2d311723 sh               x19, 718(x2)        x19:ffffffbd  x2:100034d8  PA:100037a6
26857847ns          460197 1c0093e6 c33ff0ef jal              x1, -974             x1=1c0093e8
26857886ns          460199 1c009018 00051803 lh               x16, 0(x10)         x16=0000011f x10:100037a4  PA:100037a4
26857906ns          460200 1c00901c 00251883 lh               x17, 2(x10)         x17=ffffffbd x10:100037a4  PA:100037a6
26857926ns          460201 1c009020 030806b3 mul              x13, x16, x16       x13=000141c1 x16:0000011f x16:0000011f
26857946ns          460202 1c009024 03188633 mul              x12, x17, x17       x12=00001189 x17:ffffffbd x17:ffffffbd
26857966ns          460203 1c009028 40a65613 srai             x12, x12, 0x40a     x12=00000004 x12:00001189
26857986ns          460204 1c00902a 40a6d693 srai             x13, x13, 0x40a     x13=00000050 x13:000141c1
26858006ns          460205 1c00902c 00c686b3 add              x13, x13, x12       x13=00000054 x13:00000050 x12:00000004
26858026ns          460206 1c00902e 1006c633 p.exths          x12, x13, x0        x12=00000054 x13:00000054
26858045ns          460207 1c009032 00855703 lhu              x14, 8(x10)         x14=0000ffd1 x10:100037a4  PA:100037ac
26858065ns          460208 1c009036 00a55683 lhu              x13, 10(x10)        x13=0000ff6a x10:100037a4  PA:100037ae
26858085ns          460209 1c00903a 02c60333 mul              x6, x12, x12         x6=00001b90 x12:00000054 x12:00000054
26858125ns          460211 1c00903e 00c55783 lhu              x15, 12(x10)        x15=0000ffe5 x10:100037a4  PA:100037b0
26858165ns          460213 1c009042 00e55583 lhu              x11, 14(x10)        x11=00000060 x10:100037a4  PA:100037b2
26858185ns          460214 1c009046 dea30333 p.extract        x6, x6, 15, 10       x6=00000006  x6:00001b90
26858205ns          460215 1c00904a 80c7075b p.muls           x14, x14, x12       x14=fffff094 x14:0000ffd1 x12:00000054
26858224ns          460216 1c00904e 80c686db p.muls           x13, x13, x12       x13=ffffcec8 x13:0000ff6a x12:00000054
26858244ns          460217 1c009052 00455e83 lhu              x29, 4(x10)         x29=00000427 x10:100037a4  PA:100037a8
26858264ns          460218 1c009056 00655e03 lhu              x28, 6(x10)         x28=0000007f x10:100037a4  PA:100037aa
26858284ns          460219 1c00905a 40a75713 srai             x14, x14, 0x40a     x14=fffffffc x14:fffff094
26858304ns          460220 1c00905c 806787db p.muls           x15, x15, x6        x15=ffffff5e x15:0000ffe5  x6:00000006
26858364ns          460223 1c009060 40a6d693 srai             x13, x13, 0x40a     x13=fffffff3 x13:ffffcec8
26858403ns          460225 1c009062 8065865b p.muls           x12, x11, x6        x12=00000240 x11:00000060  x6:00000006
26858423ns          460226 1c009066 40a7d793 srai             x15, x15, 0x40a     x15=ffffffff x15:ffffff5e
26858443ns          460227 1c009068 40a65613 srai             x12, x12, 0x40a     x12=00000000 x12:00000240
26858463ns          460228 1c00906a 01d70733 add              x14, x14, x29       x14=00000423 x14:fffffffc x29:00000427
26858483ns          460229 1c00906c 01c686b3 add              x13, x13, x28       x13=00000072 x13:fffffff3 x28:0000007f
26858503ns          460230 1c00906e 00c686b3 add              x13, x13, x12       x13=00000072 x13:00000072 x12:00000000
26858523ns          460231 1c009070 00f70733 add              x14, x14, x15       x14=00000422 x14:00000423 x15:ffffffff
26858543ns          460232 1c009072 100747b3 p.exths          x15, x14, x0        x15=00000422 x14:00000422
26858563ns          460233 1c009076 1006c733 p.exths          x14, x13, x0        x14=00000072 x13:00000072
26858582ns          460234 1c00907a 03170633 mul              x12, x14, x17       x12=ffffe22a x14:00000072 x17:ffffffbd
26858602ns          460235 1c00907e 030786b3 mul              x13, x15, x16       x13=0004a21e x15:00000422 x16:0000011f
26858622ns          460236 1c009082 03070733 mul              x14, x14, x16       x14=00007fce x14:00000072 x16:0000011f
26858642ns          460237 1c009086 031787b3 mul              x15, x15, x17       x15=fffeeb1a x15:00000422 x17:ffffffbd
26858662ns          460238 1c00908a 40a6d693 srai             x13, x13, 0x40a     x13=00000128 x13:0004a21e
26858682ns          460239 1c00908c 40a65613 srai             x12, x12, 0x40a     x12=fffffff8 x12:ffffe22a
26858702ns          460240 1c00908e 40a7d793 srai             x15, x15, 0x40a     x15=ffffffba x15:fffeeb1a
26858722ns          460241 1c009090 40a75713 srai             x14, x14, 0x40a     x14=0000001f x14:00007fce
26858742ns          460242 1c009092 40c686b3 sub              x13, x13, x12       x13=00000130 x13:00000128 x12:fffffff8
26858761ns          460243 1c009094 00e787b3 add              x15, x15, x14       x15=ffffffd9 x15:ffffffba x14:0000001f
26858781ns          460244 1c009096 00d51823 sh               x13, 16(x10)        x13:00000130 x10:100037a4  PA:100037b4
26858801ns          460245 1c00909a 00f51923 sh               x15, 18(x10)        x15:ffffffd9 x10:100037a4  PA:100037b6
26858821ns          460246 1c00909e 00008067 jalr             x0, x1, 0            x1:1c0093e8
26858940ns          460252 1c0093e8 2dc15583 lhu              x11, 732(x2)        x11=00000130  x2:100034d8  PA:100037b4
26858980ns          460254 1c0093ec 2de15783 lhu              x15, 734(x2)        x15=0000ffd9  x2:100034d8  PA:100037b6
26859020ns          460256 1c0093f0 40b90933 sub              x18, x18, x11       x18=ffffffe9 x18:00000119 x11:00000130
26859040ns          460257 1c0093f4 40f484b3 sub              x9, x9, x15          x9=fffeffd1  x9:ffffffaa x15:0000ffd9
26859060ns          460258 1c0093f6 100945b3 p.exths          x11, x18, x0        x11=ffffffe9 x18:ffffffe9
26859080ns          460259 1c0093fa 1004c7b3 p.exths          x15, x9, x0         x15=ffffffd1  x9:fffeffd1
26859100ns          460260 1c0093fe 034586b3 mul              x13, x11, x20       x13=ffffe637 x11:ffffffe9 x20:0000011f
26859119ns          460261 1c009402 03378533 mul              x10, x15, x19       x10=00000c4d x15:ffffffd1 x19:ffffffbd
26859139ns          460262 1c009406 034a0633 mul              x12, x20, x20       x12=000141c1 x20:0000011f x20:0000011f
26859159ns          460263 1c00940a 03398733 mul              x14, x19, x19       x14=00001189 x19:ffffffbd x19:ffffffbd
26859199ns          460265 1c00940e 034787b3 mul              x15, x15, x20       x15=ffffcb4f x15:ffffffd1 x20:0000011f
26859239ns          460267 1c009412 033585b3 mul              x11, x11, x19       x11=00000605 x11:ffffffe9 x19:ffffffbd
26859259ns          460268 1c009416 40a75713 srai             x14, x14, 0x40a     x14=00000004 x14:00001189
26859278ns          460269 1c009418 40a5d593 srai             x11, x11, 0x40a     x11=00000001 x11:00000605
26859298ns          460270 1c00941a 40a65613 srai             x12, x12, 0x40a     x12=00000050 x12:000141c1
26859318ns          460271 1c00941c 40a7d793 srai             x15, x15, 0x40a     x15=fffffff2 x15:ffffcb4f
26859338ns          460272 1c00941e 1c0034b7 lui              x9, 0x1c003000       x9=1c003000
26859358ns          460273 1c009422 00e60633 add              x12, x12, x14       x12=00000054 x12:00000050 x14:00000004
26859378ns          460274 1c009424 40b787b3 sub              x15, x15, x11       x15=fffffff1 x15:fffffff2 x11:00000001
26859398ns          460275 1c009426 eb048493 addi             x9, x9, -336         x9=1c002eb0  x9:1c003000
26859418ns          460276 1c00942a 1c0032b7 lui              x5, 0x1c003000       x5=1c003000
26859438ns          460277 1c00942e 1c0035b7 lui              x11, 0x1c003000     x11=1c003000
26859457ns          460278 1c009432 018483b3 add              x7, x9, x24          x7=1c002ebc  x9:1c002eb0 x24:0000000c
26859477ns          460279 1c009436 02812e83 lw               x29, 40(x2)         x29=1c002ecc  x2:100034d8  PA:10003500
26859497ns          460280 1c009438 10065633 p.exthz          x12, x12, x0        x12=00000054 x12:00000054
26859517ns          460281 1c00943c e8028293 addi             x5, x5, -384         x5=1c002e80  x5:1c003000
26859537ns          460282 1c009440 ea058593 addi             x11, x11, -352      x11=1c002ea0 x11:1c003000
26859557ns          460283 1c009444 03812483 lw               x9, 56(x2)           x9=1c002eec  x2:100034d8  PA:10003510
26859577ns          460284 1c009446 10064733 p.exths          x14, x12, x0        x14=00000054 x12:00000054
26859597ns          460285 1c00944a 018280b3 add              x1, x5, x24          x1=1c002e8c  x5:1c002e80 x24:0000000c
26859617ns          460286 1c00944e 03012f03 lw               x30, 48(x2)         x30=1c002edc  x2:100034d8  PA:10003508
26859636ns          460287 1c009450 018582b3 add              x5, x11, x24         x5=1c002eac x11:1c002ea0 x24:0000000c
26859676ns          460289 1c009454 04012583 lw               x11, 64(x2)         x11=1c002efc  x2:100034d8  PA:10003518
26859696ns          460290 1c009456 000edd83 lhu              x27, 0(x29)         x27=00000917 x29:1c002ecc  PA:1c002ecc
26860014ns          460306 1c00945a 0004d483 lhu              x9, 0(x9)            x9=00000101  x9:1c002eec  PA:1c002eec
26860333ns          460322 1c00945e 02e70333 mul              x6, x14, x14         x6=00001b90 x14:00000054 x14:00000054
26860352ns          460323 1c009462 40a55513 srai             x10, x10, 0x40a     x10=00000003 x10:00000c4d
26860372ns          460324 1c009464 04812e83 lw               x29, 72(x2)         x29=1c002f0c  x2:100034d8  PA:10003520
26860392ns          460325 1c009466 40a6d693 srai             x13, x13, 0x40a     x13=fffffff9 x13:ffffe637
26860412ns          460326 1c009468 000f5d03 lhu              x26, 0(x30)         x26=000002d1 x30:1c002edc  PA:1c002edc
26860790ns          460345 1c00946c 0005d583 lhu              x11, 0(x11)         x11=00000064 x11:1c002efc  PA:1c002efc
26861108ns          460361 1c009470 40a35313 srai             x6, x6, 0x40a        x6=00000006  x6:00001b90
26861128ns          460362 1c009474 00a686b3 add              x13, x13, x10       x13=fffffffc x13:fffffff9 x10:00000003
26861148ns          460363 1c009476 05012f03 lw               x30, 80(x2)         x30=1c002e7c  x2:100034d8  PA:10003528
26861168ns          460364 1c009478 10034e33 p.exths          x28, x6, x0         x28=00000006  x6:00000006
26861188ns          460365 1c00947c 06911023 sh               x9, 96(x2)           x9:00000101  x2:100034d8  PA:10003538
26861208ns          460366 1c009480 000ede83 lhu              x29, 0(x29)         x29=00000028 x29:1c002f0c  PA:1c002f0c
26861605ns          460386 1c009484 05812483 lw               x9, 88(x2)           x9=1c002e6c  x2:100034d8  PA:10003530
26861625ns          460387 1c009486 1006d6b3 p.exthz          x13, x13, x0        x13=0000fffc x13:fffffffc
26861645ns          460388 1c00948a 02ee08b3 mul              x17, x28, x14       x17=000001f8 x28:00000006 x14:00000054
26861665ns          460389 1c00948e 1006c833 p.exths          x16, x13, x0        x16=fffffffc x13:0000fffc
26861685ns          460390 1c009492 06b11823 sh               x11, 112(x2)        x11:00000064  x2:100034d8  PA:10003548
26861705ns          460391 1c009496 000f5f03 lhu              x30, 0(x30)         x30=0000ff91 x30:1c002e7c  PA:1c002e7c
26862083ns          460410 1c00949a 0a012583 lw               x11, 160(x2)        x11=1c002e9c  x2:100034d8  PA:10003578
26862103ns          460411 1c00949c 1007d7b3 p.exthz          x15, x15, x0        x15=0000fff1 x15:fffffff1
26862122ns          460412 1c0094a0 0004da03 lhu              x20, 0(x9)          x20=0000fdba  x9:1c002e6c  PA:1c002e6c
26862421ns          460427 1c0094a4 1007c533 p.exths          x10, x15, x0        x10=fffffff1 x15:0000fff1
26862441ns          460428 1c0094a8 09d11023 sh               x29, 128(x2)        x29:00000028  x2:100034d8  PA:10003558
26862461ns          460429 1c0094ac 0003d483 lhu              x9, 0(x7)            x9=0000ffec  x7:1c002ebc  PA:1c002ebc
26862799ns          460446 1c0094b0 02e80eb3 mul              x29, x16, x14       x29=fffffeb0 x16:fffffffc x14:00000054
26862819ns          460447 1c0094b4 40a8d893 srai             x17, x17, 0x40a     x17=00000000 x17:000001f8
26862838ns          460448 1c0094b8 03c80833 mul              x16, x16, x28       x16=ffffffe8 x16:fffffffc x28:00000006
26862858ns          460449 1c0094bc 09e11823 sh               x30, 144(x2)        x30:0000ff91  x2:100034d8  PA:10003568
26862878ns          460450 1c0094c0 0005d983 lhu              x19, 0(x11)         x19=0000ffd6 x11:1c002e9c  PA:1c002e9c
26863236ns          460468 1c0094c4 81c88f5b p.muls           x30, x17, x28       x30=00000000 x17:00000000 x28:00000006
26863256ns          460469 1c0094c8 0002d583 lhu              x11, 0(x5)          x11=0000ffb4  x5:1c002eac  PA:1c002eac
26863574ns          460485 1c0094cc 03ce0fb3 mul              x31, x28, x28       x31=00000024 x28:00000006 x28:00000006
26863594ns          460486 1c0094d0 02e50733 mul              x14, x10, x14       x14=fffffb14 x10:fffffff1 x14:00000054
26863614ns          460487 1c0094d4 40a85813 srai             x16, x16, 0x40a     x16=ffffffff x16:ffffffe8
26863634ns          460488 1c0094d8 03c50533 mul              x10, x10, x28       x10=ffffffa6 x10:fffffff1 x28:00000006
26863654ns          460489 1c0094dc 07015e03 lhu              x28, 112(x2)        x28=00000064  x2:100034d8  PA:10003548
26863694ns          460491 1c0094e0 01b60633 add              x12, x12, x27       x12=0000096b x12:00000054 x27:00000917
26863714ns          460492 1c0094e2 00980833 add              x16, x16, x9        x16=0000ffeb x16:ffffffff  x9:0000ffec
26863733ns          460493 1c0094e4 06015d83 lhu              x27, 96(x2)         x27=00000101  x2:100034d8  PA:10003538
26863753ns          460494 1c0094e8 02812483 lw               x9, 40(x2)           x9=1c002ecc  x2:100034d8  PA:10003500
26863773ns          460495 1c0094ea 40afdf93 srai             x31, x31, 0x40a     x31=00000000 x31:00000024
26863793ns          460496 1c0094ee 40a55513 srai             x10, x10, 0x40a     x10=ffffffff x10:ffffffa6
26863813ns          460497 1c0094f0 01cf8fb3 add              x31, x31, x28       x31=00000064 x31:00000000 x28:00000064
26863833ns          460498 1c0094f2 00b50533 add              x10, x10, x11       x10=0000ffb3 x10:ffffffff x11:0000ffb4
26863853ns          460499 1c0094f4 09015e03 lhu              x28, 144(x2)        x28=0000ff91  x2:100034d8  PA:10003568
26863873ns          460500 1c0094f8 03012583 lw               x11, 48(x2)         x11=1c002edc  x2:100034d8  PA:10003508
26863893ns          460501 1c0094fa 00c49023 sh               x12, 0(x9)          x12:0000096b  x9:1c002ecc  PA:1c002ecc
26864211ns          460517 1c0094fe 01b888b3 add              x17, x17, x27       x17=00000101 x17:00000000 x27:00000101
26864231ns          460518 1c009500 01a30333 add              x6, x6, x26          x6=000002d7  x6:00000006 x26:000002d1
26864250ns          460519 1c009502 08015d83 lhu              x27, 128(x2)        x27=00000028  x2:100034d8  PA:10003558
26864270ns          460520 1c009506 0000d903 lhu              x18, 0(x1)          x18=0000ff3d  x1:1c002e8c  PA:1c002e8c
26864589ns          460536 1c00950a 01c686b3 add              x13, x13, x28       x13=0001ff8d x13:0000fffc x28:0000ff91
26864608ns          460537 1c00950c 00659023 sh               x6, 0(x11)           x6:000002d7 x11:1c002edc  PA:1c002edc
26864966ns          460555 1c009510 40af5f13 srai             x30, x30, 0x40a     x30=00000000 x30:00000000
26864986ns          460556 1c009514 04812e03 lw               x28, 72(x2)         x28=1c002f0c  x2:100034d8  PA:10003520
26865006ns          460557 1c009516 01bf0f33 add              x30, x30, x27       x30=00000028 x30:00000000 x27:00000028
26865026ns          460558 1c009518 40aede93 srai             x29, x29, 0x40a     x29=ffffffff x29:fffffeb0
26865046ns          460559 1c00951c 40a75713 srai             x14, x14, 0x40a     x14=fffffffe x14:fffffb14
26865066ns          460560 1c00951e 03812603 lw               x12, 56(x2)         x12=1c002eec  x2:100034d8  PA:10003510
26865086ns          460561 1c009520 04012d83 lw               x27, 64(x2)         x27=1c002efc  x2:100034d8  PA:10003518
26865106ns          460562 1c009522 01ee1023 sh               x30, 0(x28)         x30:00000028 x28:1c002f0c  PA:1c002f0c
26865464ns          460580 1c009526 05812483 lw               x9, 88(x2)           x9=1c002e6c  x2:100034d8  PA:10003530
26865484ns          460581 1c009528 05012f03 lw               x30, 80(x2)         x30=1c002e7c  x2:100034d8  PA:10003528
26865503ns          460582 1c00952a 0a012583 lw               x11, 160(x2)        x11=1c002e9c  x2:100034d8  PA:10003578
26865523ns          460583 1c00952c 014787b3 add              x15, x15, x20       x15=0001fdab x15:0000fff1 x20:0000fdba
26865543ns          460584 1c00952e 013e8eb3 add              x29, x29, x19       x29=0000ffd5 x29:ffffffff x19:0000ffd6
26865563ns          460585 1c009530 01270733 add              x14, x14, x18       x14=0000ff3b x14:fffffffe x18:0000ff3d
26865583ns          460586 1c009532 00f49023 sh               x15, 0(x9)          x15:0001fdab  x9:1c002e6c  PA:1c002e6c
26866001ns          460607 1c009536 01161023 sh               x17, 0(x12)         x17:00000101 x12:1c002eec  PA:1c002eec
26866319ns          460623 1c00953a 01fd9023 sh               x31, 0(x27)         x31:00000064 x27:1c002efc  PA:1c002efc
26866637ns          460639 1c00953e 00df1023 sh               x13, 0(x30)         x13:0001ff8d x30:1c002e7c  PA:1c002e7c
26866955ns          460655 1c009542 01d59023 sh               x29, 0(x11)         x29:0000ffd5 x11:1c002e9c  PA:1c002e9c
26867313ns          460673 1c009546 00e09023 sh               x14, 0(x1)          x14:0000ff3b  x1:1c002e8c  PA:1c002e8c
26867651ns          460690 1c00954a 01039023 sh               x16, 0(x7)          x16:0000ffeb  x7:1c002ebc  PA:1c002ebc
26867970ns          460706 1c00954e 00a29023 sh               x10, 0(x5)          x10:0000ffb3  x5:1c002eac  PA:1c002eac
26868288ns          460722 1c009552 008b0b13 addi             x22, x22, 8         x22=00000066 x22:0000005e
26868308ns          460723 1c009554 1f300793 addi             x15, x0, 499        x15=000001f3
26868328ns          460724 1c009558 e767dae3 bge              x15, x22, -396      x15:000001f3 x22:00000066
26868427ns          460729 1c0093cc 010c9a0b p.lh             x20, 16(x25!)       x20=00000011 x25=1c002764 x25:1c002754  PA:1c002754
26868745ns          460745 1c0093d0 0104198b p.lh             x19, 16(x8!)        x19=ffffff8b  x8=1c001f2c  x8:1c001f1c  PA:1c001f1c
26869044ns          460760 1c0093d4 2cc10513 addi             x10, x2, 716        x10=100037a4  x2:100034d8
26869063ns          460761 1c0093d6 010a990b p.lh             x18, 16(x21!)       x18=0000001b x21=1c001758 x21:1c001748  PA:1c001748
26869362ns          460776 1c0093da 010b948b p.lh             x9, 16(x23!)         x9=ffffff95 x23=1c000f88 x23:1c000f78  PA:1c000f78
26869660ns          460791 1c0093de 2d411623 sh               x20, 716(x2)        x20:00000011  x2:100034d8  PA:100037a4
26869700ns          460793 1c0093e2 2d311723 sh               x19, 718(x2)        x19:ffffff8b  x2:100034d8  PA:100037a6
26869720ns          460794 1c0093e6 c33ff0ef jal              x1, -974             x1=1c0093e8
26869799ns          460798 1c009018 00051803 lh               x16, 0(x10)         x16=00000011 x10:100037a4  PA:100037a4
26869839ns          460800 1c00901c 00251883 lh               x17, 2(x10)         x17=ffffff8b x10:100037a4  PA:100037a6
26869899ns          460803 1c009020 030806b3 mul              x13, x16, x16       x13=00000121 x16:00000011 x16:00000011
26869938ns          460805 1c009024 03188633 mul              x12, x17, x17       x12=00003579 x17:ffffff8b x17:ffffff8b
26869958ns          460806 1c009028 40a65613 srai             x12, x12, 0x40a     x12=0000000d x12:00003579
26869978ns          460807 1c00902a 40a6d693 srai             x13, x13, 0x40a     x13=00000000 x13:00000121
26869998ns          460808 1c00902c 00c686b3 add              x13, x13, x12       x13=0000000d x13:00000000 x12:0000000d
26870018ns          460809 1c00902e 1006c633 p.exths          x12, x13, x0        x12=0000000d x13:0000000d
26870038ns          460810 1c009032 00855703 lhu              x14, 8(x10)         x14=0000ffd1 x10:100037a4  PA:100037ac
26870058ns          460811 1c009036 00a55683 lhu              x13, 10(x10)        x13=0000ff6a x10:100037a4  PA:100037ae
26870078ns          460812 1c00903a 02c60333 mul              x6, x12, x12         x6=000000a9 x12:0000000d x12:0000000d
26870098ns          460813 1c00903e 00c55783 lhu              x15, 12(x10)        x15=0000ffe5 x10:100037a4  PA:100037b0
26870117ns          460814 1c009042 00e55583 lhu              x11, 14(x10)        x11=00000060 x10:100037a4  PA:100037b2
26870137ns          460815 1c009046 dea30333 p.extract        x6, x6, 15, 10       x6=00000000  x6:000000a9
26870157ns          460816 1c00904a 80c7075b p.muls           x14, x14, x12       x14=fffffd9d x14:0000ffd1 x12:0000000d
26870177ns          460817 1c00904e 80c686db p.muls           x13, x13, x12       x13=fffff862 x13:0000ff6a x12:0000000d
26870197ns          460818 1c009052 00455e83 lhu              x29, 4(x10)         x29=00000427 x10:100037a4  PA:100037a8
26870217ns          460819 1c009056 00655e03 lhu              x28, 6(x10)         x28=0000007f x10:100037a4  PA:100037aa
26870237ns          460820 1c00905a 40a75713 srai             x14, x14, 0x40a     x14=ffffffff x14:fffffd9d
26870257ns          460821 1c00905c 806787db p.muls           x15, x15, x6        x15=00000000 x15:0000ffe5  x6:00000000
26870277ns          460822 1c009060 40a6d693 srai             x13, x13, 0x40a     x13=fffffffe x13:fffff862
26870296ns          460823 1c009062 8065865b p.muls           x12, x11, x6        x12=00000000 x11:00000060  x6:00000000
26870316ns          460824 1c009066 40a7d793 srai             x15, x15, 0x40a     x15=00000000 x15:00000000
26870336ns          460825 1c009068 40a65613 srai             x12, x12, 0x40a     x12=00000000 x12:00000000
26870356ns          460826 1c00906a 01d70733 add              x14, x14, x29       x14=00000426 x14:ffffffff x29:00000427
26870376ns          460827 1c00906c 01c686b3 add              x13, x13, x28       x13=0000007d x13:fffffffe x28:0000007f
26870396ns          460828 1c00906e 00c686b3 add              x13, x13, x12       x13=0000007d x13:0000007d x12:00000000
26870416ns          460829 1c009070 00f70733 add              x14, x14, x15       x14=00000426 x14:00000426 x15:00000000
26870436ns          460830 1c009072 100747b3 p.exths          x15, x14, x0        x15=00000426 x14:00000426
26870456ns          460831 1c009076 1006c733 p.exths          x14, x13, x0        x14=0000007d x13:0000007d
26870475ns          460832 1c00907a 03170633 mul              x12, x14, x17       x12=ffffc6df x14:0000007d x17:ffffff8b
26870495ns          460833 1c00907e 030786b3 mul              x13, x15, x16       x13=00004686 x15:00000426 x16:00000011
26870515ns          460834 1c009082 03070733 mul              x14, x14, x16       x14=0000084d x14:0000007d x16:00000011
26870535ns          460835 1c009086 031787b3 mul              x15, x15, x17       x15=fffe1aa2 x15:00000426 x17:ffffff8b
26870555ns          460836 1c00908a 40a6d693 srai             x13, x13, 0x40a     x13=00000011 x13:00004686
26870575ns          460837 1c00908c 40a65613 srai             x12, x12, 0x40a     x12=fffffff1 x12:ffffc6df
26870595ns          460838 1c00908e 40a7d793 srai             x15, x15, 0x40a     x15=ffffff86 x15:fffe1aa2
26870615ns          460839 1c009090 40a75713 srai             x14, x14, 0x40a     x14=00000002 x14:0000084d
26870635ns          460840 1c009092 40c686b3 sub              x13, x13, x12       x13=00000020 x13:00000011 x12:fffffff1
26870654ns          460841 1c009094 00e787b3 add              x15, x15, x14       x15=ffffff88 x15:ffffff86 x14:00000002
26870674ns          460842 1c009096 00d51823 sh               x13, 16(x10)        x13:00000020 x10:100037a4  PA:100037b4
26870714ns          460844 1c00909a 00f51923 sh               x15, 18(x10)        x15:ffffff88 x10:100037a4  PA:100037b6
26870734ns          460845 1c00909e 00008067 jalr             x0, x1, 0            x1:1c0093e8
26870794ns          460848 1c0093e8 2dc15583 lhu              x11, 732(x2)        x11=00000020  x2:100034d8  PA:100037b4
26870814ns          460849 1c0093ec 2de15783 lhu              x15, 734(x2)        x15=0000ff88  x2:100034d8  PA:100037b6
26870833ns          460850 1c0093f0 40b90933 sub              x18, x18, x11       x18=fffffffb x18:0000001b x11:00000020
26870853ns          460851 1c0093f4 40f484b3 sub              x9, x9, x15          x9=ffff000d  x9:ffffff95 x15:0000ff88
26870873ns          460852 1c0093f6 100945b3 p.exths          x11, x18, x0        x11=fffffffb x18:fffffffb
26870893ns          460853 1c0093fa 1004c7b3 p.exths          x15, x9, x0         x15=0000000d  x9:ffff000d
26870913ns          460854 1c0093fe 034586b3 mul              x13, x11, x20       x13=ffffffab x11:fffffffb x20:00000011
26870933ns          460855 1c009402 03378533 mul              x10, x15, x19       x10=fffffa0f x15:0000000d x19:ffffff8b
26870953ns          460856 1c009406 034a0633 mul              x12, x20, x20       x12=00000121 x20:00000011 x20:00000011
26870973ns          460857 1c00940a 03398733 mul              x14, x19, x19       x14=00003579 x19:ffffff8b x19:ffffff8b
26870993ns          460858 1c00940e 034787b3 mul              x15, x15, x20       x15=000000dd x15:0000000d x20:00000011
26871012ns          460859 1c009412 033585b3 mul              x11, x11, x19       x11=00000249 x11:fffffffb x19:ffffff8b
26871032ns          460860 1c009416 40a75713 srai             x14, x14, 0x40a     x14=0000000d x14:00003579
26871052ns          460861 1c009418 40a5d593 srai             x11, x11, 0x40a     x11=00000000 x11:00000249
26871072ns          460862 1c00941a 40a65613 srai             x12, x12, 0x40a     x12=00000000 x12:00000121
26871092ns          460863 1c00941c 40a7d793 srai             x15, x15, 0x40a     x15=00000000 x15:000000dd
26871112ns          460864 1c00941e 1c0034b7 lui              x9, 0x1c003000       x9=1c003000
26871132ns          460865 1c009422 00e60633 add              x12, x12, x14       x12=0000000d x12:00000000 x14:0000000d
26871152ns          460866 1c009424 40b787b3 sub              x15, x15, x11       x15=00000000 x15:00000000 x11:00000000
26871172ns          460867 1c009426 eb048493 addi             x9, x9, -336         x9=1c002eb0  x9:1c003000
26871191ns          460868 1c00942a 1c0032b7 lui              x5, 0x1c003000       x5=1c003000
26871211ns          460869 1c00942e 1c0035b7 lui              x11, 0x1c003000     x11=1c003000
26871231ns          460870 1c009432 018483b3 add              x7, x9, x24          x7=1c002ebc  x9:1c002eb0 x24:0000000c
26871251ns          460871 1c009436 02812e83 lw               x29, 40(x2)         x29=1c002ecc  x2:100034d8  PA:10003500
26871271ns          460872 1c009438 10065633 p.exthz          x12, x12, x0        x12=0000000d x12:0000000d
26871291ns          460873 1c00943c e8028293 addi             x5, x5, -384         x5=1c002e80  x5:1c003000
26871311ns          460874 1c009440 ea058593 addi             x11, x11, -352      x11=1c002ea0 x11:1c003000
26871331ns          460875 1c009444 03812483 lw               x9, 56(x2)           x9=1c002eec  x2:100034d8  PA:10003510
26871351ns          460876 1c009446 10064733 p.exths          x14, x12, x0        x14=0000000d x12:0000000d
26871370ns          460877 1c00944a 018280b3 add              x1, x5, x24          x1=1c002e8c  x5:1c002e80 x24:0000000c
26871390ns          460878 1c00944e 03012f03 lw               x30, 48(x2)         x30=1c002edc  x2:100034d8  PA:10003508
26871410ns          460879 1c009450 018582b3 add              x5, x11, x24         x5=1c002eac x11:1c002ea0 x24:0000000c
26871430ns          460880 1c009454 04012583 lw               x11, 64(x2)         x11=1c002efc  x2:100034d8  PA:10003518
26871450ns          460881 1c009456 000edd83 lhu              x27, 0(x29)         x27=0000096b x29:1c002ecc  PA:1c002ecc
26871748ns          460896 1c00945a 0004d483 lhu              x9, 0(x9)            x9=00000101  x9:1c002eec  PA:1c002eec
26872047ns          460911 1c00945e 02e70333 mul              x6, x14, x14         x6=000000a9 x14:0000000d x14:0000000d
26872066ns          460912 1c009462 40a55513 srai             x10, x10, 0x40a     x10=fffffffe x10:fffffa0f
26872086ns          460913 1c009464 04812e83 lw               x29, 72(x2)         x29=1c002f0c  x2:100034d8  PA:10003520
26872106ns          460914 1c009466 40a6d693 srai             x13, x13, 0x40a     x13=ffffffff x13:ffffffab
26872126ns          460915 1c009468 000f5d03 lhu              x26, 0(x30)         x26=000002d7 x30:1c002edc  PA:1c002edc
26872544ns          460936 1c00946c 0005d583 lhu              x11, 0(x11)         x11=00000064 x11:1c002efc  PA:1c002efc
26872862ns          460952 1c009470 40a35313 srai             x6, x6, 0x40a        x6=00000000  x6:000000a9
26872882ns          460953 1c009474 00a686b3 add              x13, x13, x10       x13=fffffffd x13:ffffffff x10:fffffffe
26872902ns          460954 1c009476 05012f03 lw               x30, 80(x2)         x30=1c002e7c  x2:100034d8  PA:10003528
26872922ns          460955 1c009478 10034e33 p.exths          x28, x6, x0         x28=00000000  x6:00000000
26872942ns          460956 1c00947c 06911023 sh               x9, 96(x2)           x9:00000101  x2:100034d8  PA:10003538
26872961ns          460957 1c009480 000ede83 lhu              x29, 0(x29)         x29=00000028 x29:1c002f0c  PA:1c002f0c
26873280ns          460973 1c009484 05812483 lw               x9, 88(x2)           x9=1c002e6c  x2:100034d8  PA:10003530
26873300ns          460974 1c009486 1006d6b3 p.exthz          x13, x13, x0        x13=0000fffd x13:fffffffd
26873319ns          460975 1c00948a 02ee08b3 mul              x17, x28, x14       x17=00000000 x28:00000000 x14:0000000d
26873339ns          460976 1c00948e 1006c833 p.exths          x16, x13, x0        x16=fffffffd x13:0000fffd
26873359ns          460977 1c009492 06b11823 sh               x11, 112(x2)        x11:00000064  x2:100034d8  PA:10003548
26873379ns          460978 1c009496 000f5f03 lhu              x30, 0(x30)         x30=0000ff8d x30:1c002e7c  PA:1c002e7c
26873697ns          460994 1c00949a 0a012583 lw               x11, 160(x2)        x11=1c002e9c  x2:100034d8  PA:10003578
26873717ns          460995 1c00949c 1007d7b3 p.exthz          x15, x15, x0        x15=00000000 x15:00000000
26873737ns          460996 1c0094a0 0004da03 lhu              x20, 0(x9)          x20=0000fdab  x9:1c002e6c  PA:1c002e6c
26874095ns          461014 1c0094a4 1007c533 p.exths          x10, x15, x0        x10=00000000 x15:00000000
26874115ns          461015 1c0094a8 09d11023 sh               x29, 128(x2)        x29:00000028  x2:100034d8  PA:10003558
26874135ns          461016 1c0094ac 0003d483 lhu              x9, 0(x7)            x9=0000ffeb  x7:1c002ebc  PA:1c002ebc
26874453ns          461032 1c0094b0 02e80eb3 mul              x29, x16, x14       x29=ffffffd9 x16:fffffffd x14:0000000d
26874473ns          461033 1c0094b4 40a8d893 srai             x17, x17, 0x40a     x17=00000000 x17:00000000
26874493ns          461034 1c0094b8 03c80833 mul              x16, x16, x28       x16=00000000 x16:fffffffd x28:00000000
26874513ns          461035 1c0094bc 09e11823 sh               x30, 144(x2)        x30:0000ff8d  x2:100034d8  PA:10003568
26874533ns          461036 1c0094c0 0005d983 lhu              x19, 0(x11)         x19=0000ffd5 x11:1c002e9c  PA:1c002e9c
26874851ns          461052 1c0094c4 81c88f5b p.muls           x30, x17, x28       x30=00000000 x17:00000000 x28:00000000
26874871ns          461053 1c0094c8 0002d583 lhu              x11, 0(x5)          x11=0000ffb3  x5:1c002eac  PA:1c002eac
26875209ns          461070 1c0094cc 03ce0fb3 mul              x31, x28, x28       x31=00000000 x28:00000000 x28:00000000
26875229ns          461071 1c0094d0 02e50733 mul              x14, x10, x14       x14=00000000 x10:00000000 x14:0000000d
26875249ns          461072 1c0094d4 40a85813 srai             x16, x16, 0x40a     x16=00000000 x16:00000000
26875268ns          461073 1c0094d8 03c50533 mul              x10, x10, x28       x10=00000000 x10:00000000 x28:00000000
26875288ns          461074 1c0094dc 07015e03 lhu              x28, 112(x2)        x28=00000064  x2:100034d8  PA:10003548
26875308ns          461075 1c0094e0 01b60633 add              x12, x12, x27       x12=00000978 x12:0000000d x27:0000096b
26875328ns          461076 1c0094e2 00980833 add              x16, x16, x9        x16=0000ffeb x16:00000000  x9:0000ffeb
26875348ns          461077 1c0094e4 06015d83 lhu              x27, 96(x2)         x27=00000101  x2:100034d8  PA:10003538
26875368ns          461078 1c0094e8 02812483 lw               x9, 40(x2)           x9=1c002ecc  x2:100034d8  PA:10003500
26875388ns          461079 1c0094ea 40afdf93 srai             x31, x31, 0x40a     x31=00000000 x31:00000000
26875408ns          461080 1c0094ee 40a55513 srai             x10, x10, 0x40a     x10=00000000 x10:00000000
26875428ns          461081 1c0094f0 01cf8fb3 add              x31, x31, x28       x31=00000064 x31:00000000 x28:00000064
26875447ns          461082 1c0094f2 00b50533 add              x10, x10, x11       x10=0000ffb3 x10:00000000 x11:0000ffb3
26875467ns          461083 1c0094f4 09015e03 lhu              x28, 144(x2)        x28=0000ff8d  x2:100034d8  PA:10003568
26875487ns          461084 1c0094f8 03012583 lw               x11, 48(x2)         x11=1c002edc  x2:100034d8  PA:10003508
26875507ns          461085 1c0094fa 00c49023 sh               x12, 0(x9)          x12:00000978  x9:1c002ecc  PA:1c002ecc
26875825ns          461101 1c0094fe 01b888b3 add              x17, x17, x27       x17=00000101 x17:00000000 x27:00000101
26875845ns          461102 1c009500 01a30333 add              x6, x6, x26          x6=000002d7  x6:00000000 x26:000002d7
26875865ns          461103 1c009502 08015d83 lhu              x27, 128(x2)        x27=00000028  x2:100034d8  PA:10003558
26875885ns          461104 1c009506 0000d903 lhu              x18, 0(x1)          x18=0000ff3b  x1:1c002e8c  PA:1c002e8c
26876203ns          461120 1c00950a 01c686b3 add              x13, x13, x28       x13=0001ff8a x13:0000fffd x28:0000ff8d
26876223ns          461121 1c00950c 00659023 sh               x6, 0(x11)           x6:000002d7 x11:1c002edc  PA:1c002edc
26876541ns          461137 1c009510 40af5f13 srai             x30, x30, 0x40a     x30=00000000 x30:00000000
26876561ns          461138 1c009514 04812e03 lw               x28, 72(x2)         x28=1c002f0c  x2:100034d8  PA:10003520
26876581ns          461139 1c009516 01bf0f33 add              x30, x30, x27       x30=00000028 x30:00000000 x27:00000028
26876601ns          461140 1c009518 40aede93 srai             x29, x29, 0x40a     x29=ffffffff x29:ffffffd9
26876621ns          461141 1c00951c 40a75713 srai             x14, x14, 0x40a     x14=00000000 x14:00000000
26876641ns          461142 1c00951e 03812603 lw               x12, 56(x2)         x12=1c002eec  x2:100034d8  PA:10003510
26876661ns          461143 1c009520 04012d83 lw               x27, 64(x2)         x27=1c002efc  x2:100034d8  PA:10003518
26876680ns          461144 1c009522 01ee1023 sh               x30, 0(x28)         x30:00000028 x28:1c002f0c  PA:1c002f0c
26876999ns          461160 1c009526 05812483 lw               x9, 88(x2)           x9=1c002e6c  x2:100034d8  PA:10003530
26877019ns          461161 1c009528 05012f03 lw               x30, 80(x2)         x30=1c002e7c  x2:100034d8  PA:10003528
26877038ns          461162 1c00952a 0a012583 lw               x11, 160(x2)        x11=1c002e9c  x2:100034d8  PA:10003578
26877058ns          461163 1c00952c 014787b3 add              x15, x15, x20       x15=0000fdab x15:00000000 x20:0000fdab
26877078ns          461164 1c00952e 013e8eb3 add              x29, x29, x19       x29=0000ffd4 x29:ffffffff x19:0000ffd5
26877098ns          461165 1c009530 01270733 add              x14, x14, x18       x14=0000ff3b x14:00000000 x18:0000ff3b
26877118ns          461166 1c009532 00f49023 sh               x15, 0(x9)          x15:0000fdab  x9:1c002e6c  PA:1c002e6c
26877436ns          461182 1c009536 01161023 sh               x17, 0(x12)         x17:00000101 x12:1c002eec  PA:1c002eec
26877774ns          461199 1c00953a 01fd9023 sh               x31, 0(x27)         x31:00000064 x27:1c002efc  PA:1c002efc
26878093ns          461215 1c00953e 00df1023 sh               x13, 0(x30)         x13:0001ff8a x30:1c002e7c  PA:1c002e7c
26878411ns          461231 1c009542 01d59023 sh               x29, 0(x11)         x29:0000ffd4 x11:1c002e9c  PA:1c002e9c
26878729ns          461247 1c009546 00e09023 sh               x14, 0(x1)          x14:0000ff3b  x1:1c002e8c  PA:1c002e8c
26879067ns          461264 1c00954a 01039023 sh               x16, 0(x7)          x16:0000ffeb  x7:1c002ebc  PA:1c002ebc
26879385ns          461280 1c00954e 00a29023 sh               x10, 0(x5)          x10:0000ffb3  x5:1c002eac  PA:1c002eac
26879703ns          461296 1c009552 008b0b13 addi             x22, x22, 8         x22=0000006e x22:00000066
26879723ns          461297 1c009554 1f300793 addi             x15, x0, 499        x15=000001f3
26879743ns          461298 1c009558 e767dae3 bge              x15, x22, -396      x15:000001f3 x22:0000006e
26879803ns          461301 1c0093cc 010c9a0b p.lh             x20, 16(x25!)       x20=0000009d x25=1c002774 x25:1c002764  PA:1c002764
26880101ns          461316 1c0093d0 0104198b p.lh             x19, 16(x8!)        x19=ffffffea  x8=1c001f3c  x8:1c001f2c  PA:1c001f2c
26880419ns          461332 1c0093d4 2cc10513 addi             x10, x2, 716        x10=100037a4  x2:100034d8
26880439ns          461333 1c0093d6 010a990b p.lh             x18, 16(x21!)       x18=000000a5 x21=1c001768 x21:1c001758  PA:1c001758
26880738ns          461348 1c0093da 010b948b p.lh             x9, 16(x23!)         x9=fffffff7 x23=1c000f98 x23:1c000f88  PA:1c000f88
26881036ns          461363 1c0093de 2d411623 sh               x20, 716(x2)        x20:0000009d  x2:100034d8  PA:100037a4
26881056ns          461364 1c0093e2 2d311723 sh               x19, 718(x2)        x19:ffffffea  x2:100034d8  PA:100037a6
26881076ns          461365 1c0093e6 c33ff0ef jal              x1, -974             x1=1c0093e8
26881116ns          461367 1c009018 00051803 lh               x16, 0(x10)         x16=0000009d x10:100037a4  PA:100037a4
26881135ns          461368 1c00901c 00251883 lh               x17, 2(x10)         x17=ffffffea x10:100037a4  PA:100037a6
26881195ns          461371 1c009020 030806b3 mul              x13, x16, x16       x13=00006049 x16:0000009d x16:0000009d
26881235ns          461373 1c009024 03188633 mul              x12, x17, x17       x12=000001e4 x17:ffffffea x17:ffffffea
26881255ns          461374 1c009028 40a65613 srai             x12, x12, 0x40a     x12=00000000 x12:000001e4
26881275ns          461375 1c00902a 40a6d693 srai             x13, x13, 0x40a     x13=00000018 x13:00006049
26881295ns          461376 1c00902c 00c686b3 add              x13, x13, x12       x13=00000018 x13:00000018 x12:00000000
26881314ns          461377 1c00902e 1006c633 p.exths          x12, x13, x0        x12=00000018 x13:00000018
26881334ns          461378 1c009032 00855703 lhu              x14, 8(x10)         x14=0000ffd1 x10:100037a4  PA:100037ac
26881354ns          461379 1c009036 00a55683 lhu              x13, 10(x10)        x13=0000ff6a x10:100037a4  PA:100037ae
26881374ns          461380 1c00903a 02c60333 mul              x6, x12, x12         x6=00000240 x12:00000018 x12:00000018
26881414ns          461382 1c00903e 00c55783 lhu              x15, 12(x10)        x15=0000ffe5 x10:100037a4  PA:100037b0
26881454ns          461384 1c009042 00e55583 lhu              x11, 14(x10)        x11=00000060 x10:100037a4  PA:100037b2
26881474ns          461385 1c009046 dea30333 p.extract        x6, x6, 15, 10       x6=00000000  x6:00000240
26881493ns          461386 1c00904a 80c7075b p.muls           x14, x14, x12       x14=fffffb98 x14:0000ffd1 x12:00000018
26881513ns          461387 1c00904e 80c686db p.muls           x13, x13, x12       x13=fffff1f0 x13:0000ff6a x12:00000018
26881533ns          461388 1c009052 00455e83 lhu              x29, 4(x10)         x29=00000427 x10:100037a4  PA:100037a8
26881553ns          461389 1c009056 00655e03 lhu              x28, 6(x10)         x28=0000007f x10:100037a4  PA:100037aa
26881573ns          461390 1c00905a 40a75713 srai             x14, x14, 0x40a     x14=fffffffe x14:fffffb98
26881593ns          461391 1c00905c 806787db p.muls           x15, x15, x6        x15=00000000 x15:0000ffe5  x6:00000000
26881613ns          461392 1c009060 40a6d693 srai             x13, x13, 0x40a     x13=fffffffc x13:fffff1f0
26881633ns          461393 1c009062 8065865b p.muls           x12, x11, x6        x12=00000000 x11:00000060  x6:00000000
26881652ns          461394 1c009066 40a7d793 srai             x15, x15, 0x40a     x15=00000000 x15:00000000
26881672ns          461395 1c009068 40a65613 srai             x12, x12, 0x40a     x12=00000000 x12:00000000
26881692ns          461396 1c00906a 01d70733 add              x14, x14, x29       x14=00000425 x14:fffffffe x29:00000427
26881712ns          461397 1c00906c 01c686b3 add              x13, x13, x28       x13=0000007b x13:fffffffc x28:0000007f
26881732ns          461398 1c00906e 00c686b3 add              x13, x13, x12       x13=0000007b x13:0000007b x12:00000000
26881752ns          461399 1c009070 00f70733 add              x14, x14, x15       x14=00000425 x14:00000425 x15:00000000
26881772ns          461400 1c009072 100747b3 p.exths          x15, x14, x0        x15=00000425 x14:00000425
26881792ns          461401 1c009076 1006c733 p.exths          x14, x13, x0        x14=0000007b x13:0000007b
26881812ns          461402 1c00907a 03170633 mul              x12, x14, x17       x12=fffff56e x14:0000007b x17:ffffffea
26881831ns          461403 1c00907e 030786b3 mul              x13, x15, x16       x13=00028ab1 x15:00000425 x16:0000009d
26881851ns          461404 1c009082 03070733 mul              x14, x14, x16       x14=00004b6f x14:0000007b x16:0000009d
26881871ns          461405 1c009086 031787b3 mul              x15, x15, x17       x15=ffffa4d2 x15:00000425 x17:ffffffea
26881891ns          461406 1c00908a 40a6d693 srai             x13, x13, 0x40a     x13=000000a2 x13:00028ab1
26881911ns          461407 1c00908c 40a65613 srai             x12, x12, 0x40a     x12=fffffffd x12:fffff56e
26881931ns          461408 1c00908e 40a7d793 srai             x15, x15, 0x40a     x15=ffffffe9 x15:ffffa4d2
26881951ns          461409 1c009090 40a75713 srai             x14, x14, 0x40a     x14=00000012 x14:00004b6f
26881971ns          461410 1c009092 40c686b3 sub              x13, x13, x12       x13=000000a5 x13:000000a2 x12:fffffffd
26881991ns          461411 1c009094 00e787b3 add              x15, x15, x14       x15=fffffffb x15:ffffffe9 x14:00000012
26882010ns          461412 1c009096 00d51823 sh               x13, 16(x10)        x13:000000a5 x10:100037a4  PA:100037b4
26882030ns          461413 1c00909a 00f51923 sh               x15, 18(x10)        x15:fffffffb x10:100037a4  PA:100037b6
26882050ns          461414 1c00909e 00008067 jalr             x0, x1, 0            x1:1c0093e8
26882090ns          461416 1c0093e8 2dc15583 lhu              x11, 732(x2)        x11=000000a5  x2:100034d8  PA:100037b4
26882110ns          461417 1c0093ec 2de15783 lhu              x15, 734(x2)        x15=0000fffb  x2:100034d8  PA:100037b6
26882130ns          461418 1c0093f0 40b90933 sub              x18, x18, x11       x18=00000000 x18:000000a5 x11:000000a5
26882150ns          461419 1c0093f4 40f484b3 sub              x9, x9, x15          x9=fffefffc  x9:fffffff7 x15:0000fffb
26882170ns          461420 1c0093f6 100945b3 p.exths          x11, x18, x0        x11=00000000 x18:00000000
26882189ns          461421 1c0093fa 1004c7b3 p.exths          x15, x9, x0         x15=fffffffc  x9:fffefffc
26882209ns          461422 1c0093fe 034586b3 mul              x13, x11, x20       x13=00000000 x11:00000000 x20:0000009d
26882229ns          461423 1c009402 03378533 mul              x10, x15, x19       x10=00000058 x15:fffffffc x19:ffffffea
26882249ns          461424 1c009406 034a0633 mul              x12, x20, x20       x12=00006049 x20:0000009d x20:0000009d
26882269ns          461425 1c00940a 03398733 mul              x14, x19, x19       x14=000001e4 x19:ffffffea x19:ffffffea
26882329ns          461428 1c00940e 034787b3 mul              x15, x15, x20       x15=fffffd8c x15:fffffffc x20:0000009d
26882368ns          461430 1c009412 033585b3 mul              x11, x11, x19       x11=00000000 x11:00000000 x19:ffffffea
26882388ns          461431 1c009416 40a75713 srai             x14, x14, 0x40a     x14=00000000 x14:000001e4
26882408ns          461432 1c009418 40a5d593 srai             x11, x11, 0x40a     x11=00000000 x11:00000000
26882428ns          461433 1c00941a 40a65613 srai             x12, x12, 0x40a     x12=00000018 x12:00006049
26882448ns          461434 1c00941c 40a7d793 srai             x15, x15, 0x40a     x15=ffffffff x15:fffffd8c
26882468ns          461435 1c00941e 1c0034b7 lui              x9, 0x1c003000       x9=1c003000
26882488ns          461436 1c009422 00e60633 add              x12, x12, x14       x12=00000018 x12:00000018 x14:00000000
26882508ns          461437 1c009424 40b787b3 sub              x15, x15, x11       x15=ffffffff x15:ffffffff x11:00000000
26882528ns          461438 1c009426 eb048493 addi             x9, x9, -336         x9=1c002eb0  x9:1c003000
26882547ns          461439 1c00942a 1c0032b7 lui              x5, 0x1c003000       x5=1c003000
26882567ns          461440 1c00942e 1c0035b7 lui              x11, 0x1c003000     x11=1c003000
26882587ns          461441 1c009432 018483b3 add              x7, x9, x24          x7=1c002ebc  x9:1c002eb0 x24:0000000c
26882607ns          461442 1c009436 02812e83 lw               x29, 40(x2)         x29=1c002ecc  x2:100034d8  PA:10003500
26882627ns          461443 1c009438 10065633 p.exthz          x12, x12, x0        x12=00000018 x12:00000018
26882647ns          461444 1c00943c e8028293 addi             x5, x5, -384         x5=1c002e80  x5:1c003000
26882667ns          461445 1c009440 ea058593 addi             x11, x11, -352      x11=1c002ea0 x11:1c003000
26882707ns          461447 1c009444 03812483 lw               x9, 56(x2)           x9=1c002eec  x2:100034d8  PA:10003510
26882726ns          461448 1c009446 10064733 p.exths          x14, x12, x0        x14=00000018 x12:00000018
26882746ns          461449 1c00944a 018280b3 add              x1, x5, x24          x1=1c002e8c  x5:1c002e80 x24:0000000c
26882766ns          461450 1c00944e 03012f03 lw               x30, 48(x2)         x30=1c002edc  x2:100034d8  PA:10003508
26882806ns          461452 1c009450 018582b3 add              x5, x11, x24         x5=1c002eac x11:1c002ea0 x24:0000000c
26882846ns          461454 1c009454 04012583 lw               x11, 64(x2)         x11=1c002efc  x2:100034d8  PA:10003518
26882866ns          461455 1c009456 000edd83 lhu              x27, 0(x29)         x27=00000978 x29:1c002ecc  PA:1c002ecc
26883244ns          461474 1c00945a 0004d483 lhu              x9, 0(x9)            x9=00000101  x9:1c002eec  PA:1c002eec
26883562ns          461490 1c00945e 02e70333 mul              x6, x14, x14         x6=00000240 x14:00000018 x14:00000018
26883582ns          461491 1c009462 40a55513 srai             x10, x10, 0x40a     x10=00000000 x10:00000058
26883602ns          461492 1c009464 04812e83 lw               x29, 72(x2)         x29=1c002f0c  x2:100034d8  PA:10003520
26883621ns          461493 1c009466 40a6d693 srai             x13, x13, 0x40a     x13=00000000 x13:00000000
26883641ns          461494 1c009468 000f5d03 lhu              x26, 0(x30)         x26=000002d7 x30:1c002edc  PA:1c002edc
26884059ns          461515 1c00946c 0005d583 lhu              x11, 0(x11)         x11=00000064 x11:1c002efc  PA:1c002efc
26884377ns          461531 1c009470 40a35313 srai             x6, x6, 0x40a        x6=00000000  x6:00000240
26884397ns          461532 1c009474 00a686b3 add              x13, x13, x10       x13=00000000 x13:00000000 x10:00000000
26884417ns          461533 1c009476 05012f03 lw               x30, 80(x2)         x30=1c002e7c  x2:100034d8  PA:10003528
26884437ns          461534 1c009478 10034e33 p.exths          x28, x6, x0         x28=00000000  x6:00000000
26884457ns          461535 1c00947c 06911023 sh               x9, 96(x2)           x9:00000101  x2:100034d8  PA:10003538
26884477ns          461536 1c009480 000ede83 lhu              x29, 0(x29)         x29=00000028 x29:1c002f0c  PA:1c002f0c
26884815ns          461553 1c009484 05812483 lw               x9, 88(x2)           x9=1c002e6c  x2:100034d8  PA:10003530
26884835ns          461554 1c009486 1006d6b3 p.exthz          x13, x13, x0        x13=00000000 x13:00000000
26884854ns          461555 1c00948a 02ee08b3 mul              x17, x28, x14       x17=00000000 x28:00000000 x14:00000018
26884874ns          461556 1c00948e 1006c833 p.exths          x16, x13, x0        x16=00000000 x13:00000000
26884894ns          461557 1c009492 06b11823 sh               x11, 112(x2)        x11:00000064  x2:100034d8  PA:10003548
26884934ns          461559 1c009496 000f5f03 lhu              x30, 0(x30)         x30=0000ff8a x30:1c002e7c  PA:1c002e7c
26885272ns          461576 1c00949a 0a012583 lw               x11, 160(x2)        x11=1c002e9c  x2:100034d8  PA:10003578
26885292ns          461577 1c00949c 1007d7b3 p.exthz          x15, x15, x0        x15=0000ffff x15:ffffffff
26885312ns          461578 1c0094a0 0004da03 lhu              x20, 0(x9)          x20=0000fdab  x9:1c002e6c  PA:1c002e6c
26885690ns          461597 1c0094a4 1007c533 p.exths          x10, x15, x0        x10=ffffffff x15:0000ffff
26885710ns          461598 1c0094a8 09d11023 sh               x29, 128(x2)        x29:00000028  x2:100034d8  PA:10003558
26885730ns          461599 1c0094ac 0003d483 lhu              x9, 0(x7)            x9=0000ffeb  x7:1c002ebc  PA:1c002ebc
26886028ns          461614 1c0094b0 02e80eb3 mul              x29, x16, x14       x29=00000000 x16:00000000 x14:00000018
26886048ns          461615 1c0094b4 40a8d893 srai             x17, x17, 0x40a     x17=00000000 x17:00000000
26886068ns          461616 1c0094b8 03c80833 mul              x16, x16, x28       x16=00000000 x16:00000000 x28:00000000
26886088ns          461617 1c0094bc 09e11823 sh               x30, 144(x2)        x30:0000ff8a  x2:100034d8  PA:10003568
26886107ns          461618 1c0094c0 0005d983 lhu              x19, 0(x11)         x19=0000ffd4 x11:1c002e9c  PA:1c002e9c
26886426ns          461634 1c0094c4 81c88f5b p.muls           x30, x17, x28       x30=00000000 x17:00000000 x28:00000000
26886446ns          461635 1c0094c8 0002d583 lhu              x11, 0(x5)          x11=0000ffb3  x5:1c002eac  PA:1c002eac
26886744ns          461650 1c0094cc 03ce0fb3 mul              x31, x28, x28       x31=00000000 x28:00000000 x28:00000000
26886764ns          461651 1c0094d0 02e50733 mul              x14, x10, x14       x14=ffffffe8 x10:ffffffff x14:00000018
26886784ns          461652 1c0094d4 40a85813 srai             x16, x16, 0x40a     x16=00000000 x16:00000000
26886803ns          461653 1c0094d8 03c50533 mul              x10, x10, x28       x10=00000000 x10:ffffffff x28:00000000
26886823ns          461654 1c0094dc 07015e03 lhu              x28, 112(x2)        x28=00000064  x2:100034d8  PA:10003548
26886843ns          461655 1c0094e0 01b60633 add              x12, x12, x27       x12=00000990 x12:00000018 x27:00000978
26886863ns          461656 1c0094e2 00980833 add              x16, x16, x9        x16=0000ffeb x16:00000000  x9:0000ffeb
26886883ns          461657 1c0094e4 06015d83 lhu              x27, 96(x2)         x27=00000101  x2:100034d8  PA:10003538
26886903ns          461658 1c0094e8 02812483 lw               x9, 40(x2)           x9=1c002ecc  x2:100034d8  PA:10003500
26886923ns          461659 1c0094ea 40afdf93 srai             x31, x31, 0x40a     x31=00000000 x31:00000000
26886943ns          461660 1c0094ee 40a55513 srai             x10, x10, 0x40a     x10=00000000 x10:00000000
26886963ns          461661 1c0094f0 01cf8fb3 add              x31, x31, x28       x31=00000064 x31:00000000 x28:00000064
26886982ns          461662 1c0094f2 00b50533 add              x10, x10, x11       x10=0000ffb3 x10:00000000 x11:0000ffb3
26887002ns          461663 1c0094f4 09015e03 lhu              x28, 144(x2)        x28=0000ff8a  x2:100034d8  PA:10003568
26887022ns          461664 1c0094f8 03012583 lw               x11, 48(x2)         x11=1c002edc  x2:100034d8  PA:10003508
26887042ns          461665 1c0094fa 00c49023 sh               x12, 0(x9)          x12:00000990  x9:1c002ecc  PA:1c002ecc
26887360ns          461681 1c0094fe 01b888b3 add              x17, x17, x27       x17=00000101 x17:00000000 x27:00000101
26887380ns          461682 1c009500 01a30333 add              x6, x6, x26          x6=000002d7  x6:00000000 x26:000002d7
26887400ns          461683 1c009502 08015d83 lhu              x27, 128(x2)        x27=00000028  x2:100034d8  PA:10003558
26887420ns          461684 1c009506 0000d903 lhu              x18, 0(x1)          x18=0000ff3b  x1:1c002e8c  PA:1c002e8c
26887738ns          461700 1c00950a 01c686b3 add              x13, x13, x28       x13=0000ff8a x13:00000000 x28:0000ff8a
26887758ns          461701 1c00950c 00659023 sh               x6, 0(x11)           x6:000002d7 x11:1c002edc  PA:1c002edc
26888116ns          461719 1c009510 40af5f13 srai             x30, x30, 0x40a     x30=00000000 x30:00000000
26888136ns          461720 1c009514 04812e03 lw               x28, 72(x2)         x28=1c002f0c  x2:100034d8  PA:10003520
26888156ns          461721 1c009516 01bf0f33 add              x30, x30, x27       x30=00000028 x30:00000000 x27:00000028
26888176ns          461722 1c009518 40aede93 srai             x29, x29, 0x40a     x29=00000000 x29:00000000
26888196ns          461723 1c00951c 40a75713 srai             x14, x14, 0x40a     x14=ffffffff x14:ffffffe8
26888216ns          461724 1c00951e 03812603 lw               x12, 56(x2)         x12=1c002eec  x2:100034d8  PA:10003510
26888235ns          461725 1c009520 04012d83 lw               x27, 64(x2)         x27=1c002efc  x2:100034d8  PA:10003518
26888255ns          461726 1c009522 01ee1023 sh               x30, 0(x28)         x30:00000028 x28:1c002f0c  PA:1c002f0c
26888593ns          461743 1c009526 05812483 lw               x9, 88(x2)           x9=1c002e6c  x2:100034d8  PA:10003530
26888613ns          461744 1c009528 05012f03 lw               x30, 80(x2)         x30=1c002e7c  x2:100034d8  PA:10003528
26888633ns          461745 1c00952a 0a012583 lw               x11, 160(x2)        x11=1c002e9c  x2:100034d8  PA:10003578
26888653ns          461746 1c00952c 014787b3 add              x15, x15, x20       x15=0001fdaa x15:0000ffff x20:0000fdab
26888673ns          461747 1c00952e 013e8eb3 add              x29, x29, x19       x29=0000ffd4 x29:00000000 x19:0000ffd4
26888693ns          461748 1c009530 01270733 add              x14, x14, x18       x14=0000ff3a x14:ffffffff x18:0000ff3b
26888713ns          461749 1c009532 00f49023 sh               x15, 0(x9)          x15:0001fdaa  x9:1c002e6c  PA:1c002e6c
26889051ns          461766 1c009536 01161023 sh               x17, 0(x12)         x17:00000101 x12:1c002eec  PA:1c002eec
26889369ns          461782 1c00953a 01fd9023 sh               x31, 0(x27)         x31:00000064 x27:1c002efc  PA:1c002efc
26889727ns          461800 1c00953e 00df1023 sh               x13, 0(x30)         x13:0000ff8a x30:1c002e7c  PA:1c002e7c
26890045ns          461816 1c009542 01d59023 sh               x29, 0(x11)         x29:0000ffd4 x11:1c002e9c  PA:1c002e9c
26890403ns          461834 1c009546 00e09023 sh               x14, 0(x1)          x14:0000ff3a  x1:1c002e8c  PA:1c002e8c
26890741ns          461851 1c00954a 01039023 sh               x16, 0(x7)          x16:0000ffeb  x7:1c002ebc  PA:1c002ebc
26891060ns          461867 1c00954e 00a29023 sh               x10, 0(x5)          x10:0000ffb3  x5:1c002eac  PA:1c002eac
26891378ns          461883 1c009552 008b0b13 addi             x22, x22, 8         x22=00000076 x22:0000006e
26891398ns          461884 1c009554 1f300793 addi             x15, x0, 499        x15=000001f3
26891418ns          461885 1c009558 e767dae3 bge              x15, x22, -396      x15:000001f3 x22:00000076
26891557ns          461892 1c0093cc 010c9a0b p.lh             x20, 16(x25!)       x20=000000c4 x25=1c002784 x25:1c002774  PA:1c002774
26891875ns          461908 1c0093d0 0104198b p.lh             x19, 16(x8!)        x19=000000d9  x8=1c001f4c  x8:1c001f3c  PA:1c001f3c
26892173ns          461923 1c0093d4 2cc10513 addi             x10, x2, 716        x10=100037a4  x2:100034d8
26892193ns          461924 1c0093d6 010a990b p.lh             x18, 16(x21!)       x18=000000e9 x21=1c001778 x21:1c001768  PA:1c001768
26892491ns          461939 1c0093da 010b948b p.lh             x9, 16(x23!)         x9=000000c8 x23=1c000fa8 x23:1c000f98  PA:1c000f98
26892790ns          461954 1c0093de 2d411623 sh               x20, 716(x2)        x20:000000c4  x2:100034d8  PA:100037a4
26892810ns          461955 1c0093e2 2d311723 sh               x19, 718(x2)        x19:000000d9  x2:100034d8  PA:100037a6
26892830ns          461956 1c0093e6 c33ff0ef jal              x1, -974             x1=1c0093e8
26892909ns          461960 1c009018 00051803 lh               x16, 0(x10)         x16=000000c4 x10:100037a4  PA:100037a4
26892949ns          461962 1c00901c 00251883 lh               x17, 2(x10)         x17=000000d9 x10:100037a4  PA:100037a6
26892969ns          461963 1c009020 030806b3 mul              x13, x16, x16       x13=00009610 x16:000000c4 x16:000000c4
26892989ns          461964 1c009024 03188633 mul              x12, x17, x17       x12=0000b7f1 x17:000000d9 x17:000000d9
26893009ns          461965 1c009028 40a65613 srai             x12, x12, 0x40a     x12=0000002d x12:0000b7f1
26893028ns          461966 1c00902a 40a6d693 srai             x13, x13, 0x40a     x13=00000025 x13:00009610
26893048ns          461967 1c00902c 00c686b3 add              x13, x13, x12       x13=00000052 x13:00000025 x12:0000002d
26893068ns          461968 1c00902e 1006c633 p.exths          x12, x13, x0        x12=00000052 x13:00000052
26893088ns          461969 1c009032 00855703 lhu              x14, 8(x10)         x14=0000ffd1 x10:100037a4  PA:100037ac
26893108ns          461970 1c009036 00a55683 lhu              x13, 10(x10)        x13=0000ff6a x10:100037a4  PA:100037ae
26893128ns          461971 1c00903a 02c60333 mul              x6, x12, x12         x6=00001a44 x12:00000052 x12:00000052
26893148ns          461972 1c00903e 00c55783 lhu              x15, 12(x10)        x15=0000ffe5 x10:100037a4  PA:100037b0
26893168ns          461973 1c009042 00e55583 lhu              x11, 14(x10)        x11=00000060 x10:100037a4  PA:100037b2
26893188ns          461974 1c009046 dea30333 p.extract        x6, x6, 15, 10       x6=00000006  x6:00001a44
26893207ns          461975 1c00904a 80c7075b p.muls           x14, x14, x12       x14=fffff0f2 x14:0000ffd1 x12:00000052
26893227ns          461976 1c00904e 80c686db p.muls           x13, x13, x12       x13=ffffcff4 x13:0000ff6a x12:00000052
26893247ns          461977 1c009052 00455e83 lhu              x29, 4(x10)         x29=00000427 x10:100037a4  PA:100037a8
26893267ns          461978 1c009056 00655e03 lhu              x28, 6(x10)         x28=0000007f x10:100037a4  PA:100037aa
26893287ns          461979 1c00905a 40a75713 srai             x14, x14, 0x40a     x14=fffffffc x14:fffff0f2
26893307ns          461980 1c00905c 806787db p.muls           x15, x15, x6        x15=ffffff5e x15:0000ffe5  x6:00000006
26893327ns          461981 1c009060 40a6d693 srai             x13, x13, 0x40a     x13=fffffff3 x13:ffffcff4
26893367ns          461983 1c009062 8065865b p.muls           x12, x11, x6        x12=00000240 x11:00000060  x6:00000006
26893386ns          461984 1c009066 40a7d793 srai             x15, x15, 0x40a     x15=ffffffff x15:ffffff5e
26893406ns          461985 1c009068 40a65613 srai             x12, x12, 0x40a     x12=00000000 x12:00000240
26893426ns          461986 1c00906a 01d70733 add              x14, x14, x29       x14=00000423 x14:fffffffc x29:00000427
26893446ns          461987 1c00906c 01c686b3 add              x13, x13, x28       x13=00000072 x13:fffffff3 x28:0000007f
26893466ns          461988 1c00906e 00c686b3 add              x13, x13, x12       x13=00000072 x13:00000072 x12:00000000
26893486ns          461989 1c009070 00f70733 add              x14, x14, x15       x14=00000422 x14:00000423 x15:ffffffff
26893506ns          461990 1c009072 100747b3 p.exths          x15, x14, x0        x15=00000422 x14:00000422
26893526ns          461991 1c009076 1006c733 p.exths          x14, x13, x0        x14=00000072 x13:00000072
26893546ns          461992 1c00907a 03170633 mul              x12, x14, x17       x12=000060a2 x14:00000072 x17:000000d9
26893565ns          461993 1c00907e 030786b3 mul              x13, x15, x16       x13=00032a08 x15:00000422 x16:000000c4
26893585ns          461994 1c009082 03070733 mul              x14, x14, x16       x14=00005748 x14:00000072 x16:000000c4
26893605ns          461995 1c009086 031787b3 mul              x15, x15, x17       x15=000380d2 x15:00000422 x17:000000d9
26893625ns          461996 1c00908a 40a6d693 srai             x13, x13, 0x40a     x13=000000ca x13:00032a08
26893645ns          461997 1c00908c 40a65613 srai             x12, x12, 0x40a     x12=00000018 x12:000060a2
26893665ns          461998 1c00908e 40a7d793 srai             x15, x15, 0x40a     x15=000000e0 x15:000380d2
26893685ns          461999 1c009090 40a75713 srai             x14, x14, 0x40a     x14=00000015 x14:00005748
26893705ns          462000 1c009092 40c686b3 sub              x13, x13, x12       x13=000000b2 x13:000000ca x12:00000018
26893725ns          462001 1c009094 00e787b3 add              x15, x15, x14       x15=000000f5 x15:000000e0 x14:00000015
26893744ns          462002 1c009096 00d51823 sh               x13, 16(x10)        x13:000000b2 x10:100037a4  PA:100037b4
26893764ns          462003 1c00909a 00f51923 sh               x15, 18(x10)        x15:000000f5 x10:100037a4  PA:100037b6
26893784ns          462004 1c00909e 00008067 jalr             x0, x1, 0            x1:1c0093e8
26893904ns          462010 1c0093e8 2dc15583 lhu              x11, 732(x2)        x11=000000b2  x2:100034d8  PA:100037b4
26893943ns          462012 1c0093ec 2de15783 lhu              x15, 734(x2)        x15=000000f5  x2:100034d8  PA:100037b6
26893963ns          462013 1c0093f0 40b90933 sub              x18, x18, x11       x18=00000037 x18:000000e9 x11:000000b2
26893983ns          462014 1c0093f4 40f484b3 sub              x9, x9, x15          x9=ffffffd3  x9:000000c8 x15:000000f5
26894003ns          462015 1c0093f6 100945b3 p.exths          x11, x18, x0        x11=00000037 x18:00000037
26894023ns          462016 1c0093fa 1004c7b3 p.exths          x15, x9, x0         x15=ffffffd3  x9:ffffffd3
26894043ns          462017 1c0093fe 034586b3 mul              x13, x11, x20       x13=00002a1c x11:00000037 x20:000000c4
26894063ns          462018 1c009402 03378533 mul              x10, x15, x19       x10=ffffd9db x15:ffffffd3 x19:000000d9
26894082ns          462019 1c009406 034a0633 mul              x12, x20, x20       x12=00009610 x20:000000c4 x20:000000c4
26894102ns          462020 1c00940a 03398733 mul              x14, x19, x19       x14=0000b7f1 x19:000000d9 x19:000000d9
26894122ns          462021 1c00940e 034787b3 mul              x15, x15, x20       x15=ffffdd8c x15:ffffffd3 x20:000000c4
26894142ns          462022 1c009412 033585b3 mul              x11, x11, x19       x11=00002e9f x11:00000037 x19:000000d9
26894162ns          462023 1c009416 40a75713 srai             x14, x14, 0x40a     x14=0000002d x14:0000b7f1
26894182ns          462024 1c009418 40a5d593 srai             x11, x11, 0x40a     x11=0000000b x11:00002e9f
26894202ns          462025 1c00941a 40a65613 srai             x12, x12, 0x40a     x12=00000025 x12:00009610
26894222ns          462026 1c00941c 40a7d793 srai             x15, x15, 0x40a     x15=fffffff7 x15:ffffdd8c
26894242ns          462027 1c00941e 1c0034b7 lui              x9, 0x1c003000       x9=1c003000
26894261ns          462028 1c009422 00e60633 add              x12, x12, x14       x12=00000052 x12:00000025 x14:0000002d
26894281ns          462029 1c009424 40b787b3 sub              x15, x15, x11       x15=ffffffec x15:fffffff7 x11:0000000b
26894301ns          462030 1c009426 eb048493 addi             x9, x9, -336         x9=1c002eb0  x9:1c003000
26894321ns          462031 1c00942a 1c0032b7 lui              x5, 0x1c003000       x5=1c003000
26894341ns          462032 1c00942e 1c0035b7 lui              x11, 0x1c003000     x11=1c003000
26894361ns          462033 1c009432 018483b3 add              x7, x9, x24          x7=1c002ebc  x9:1c002eb0 x24:0000000c
26894381ns          462034 1c009436 02812e83 lw               x29, 40(x2)         x29=1c002ecc  x2:100034d8  PA:10003500
26894401ns          462035 1c009438 10065633 p.exthz          x12, x12, x0        x12=00000052 x12:00000052
26894421ns          462036 1c00943c e8028293 addi             x5, x5, -384         x5=1c002e80  x5:1c003000
26894440ns          462037 1c009440 ea058593 addi             x11, x11, -352      x11=1c002ea0 x11:1c003000
26894460ns          462038 1c009444 03812483 lw               x9, 56(x2)           x9=1c002eec  x2:100034d8  PA:10003510
26894480ns          462039 1c009446 10064733 p.exths          x14, x12, x0        x14=00000052 x12:00000052
26894500ns          462040 1c00944a 018280b3 add              x1, x5, x24          x1=1c002e8c  x5:1c002e80 x24:0000000c
26894520ns          462041 1c00944e 03012f03 lw               x30, 48(x2)         x30=1c002edc  x2:100034d8  PA:10003508
26894540ns          462042 1c009450 018582b3 add              x5, x11, x24         x5=1c002eac x11:1c002ea0 x24:0000000c
26894560ns          462043 1c009454 04012583 lw               x11, 64(x2)         x11=1c002efc  x2:100034d8  PA:10003518
26894580ns          462044 1c009456 000edd83 lhu              x27, 0(x29)         x27=00000990 x29:1c002ecc  PA:1c002ecc
26894938ns          462062 1c00945a 0004d483 lhu              x9, 0(x9)            x9=00000101  x9:1c002eec  PA:1c002eec
26895236ns          462077 1c00945e 02e70333 mul              x6, x14, x14         x6=00001a44 x14:00000052 x14:00000052
26895256ns          462078 1c009462 40a55513 srai             x10, x10, 0x40a     x10=fffffff6 x10:ffffd9db
26895276ns          462079 1c009464 04812e83 lw               x29, 72(x2)         x29=1c002f0c  x2:100034d8  PA:10003520
26895296ns          462080 1c009466 40a6d693 srai             x13, x13, 0x40a     x13=0000000a x13:00002a1c
26895316ns          462081 1c009468 000f5d03 lhu              x26, 0(x30)         x26=000002d7 x30:1c002edc  PA:1c002edc
26895614ns          462096 1c00946c 0005d583 lhu              x11, 0(x11)         x11=00000064 x11:1c002efc  PA:1c002efc
26895952ns          462113 1c009470 40a35313 srai             x6, x6, 0x40a        x6=00000006  x6:00001a44
26895972ns          462114 1c009474 00a686b3 add              x13, x13, x10       x13=00000000 x13:0000000a x10:fffffff6
26895992ns          462115 1c009476 05012f03 lw               x30, 80(x2)         x30=1c002e7c  x2:100034d8  PA:10003528
26896012ns          462116 1c009478 10034e33 p.exths          x28, x6, x0         x28=00000006  x6:00000006
26896032ns          462117 1c00947c 06911023 sh               x9, 96(x2)           x9:00000101  x2:100034d8  PA:10003538
26896051ns          462118 1c009480 000ede83 lhu              x29, 0(x29)         x29=00000028 x29:1c002f0c  PA:1c002f0c
26896370ns          462134 1c009484 05812483 lw               x9, 88(x2)           x9=1c002e6c  x2:100034d8  PA:10003530
26896390ns          462135 1c009486 1006d6b3 p.exthz          x13, x13, x0        x13=00000000 x13:00000000
26896409ns          462136 1c00948a 02ee08b3 mul              x17, x28, x14       x17=000001ec x28:00000006 x14:00000052
26896429ns          462137 1c00948e 1006c833 p.exths          x16, x13, x0        x16=00000000 x13:00000000
26896449ns          462138 1c009492 06b11823 sh               x11, 112(x2)        x11:00000064  x2:100034d8  PA:10003548
26896469ns          462139 1c009496 000f5f03 lhu              x30, 0(x30)         x30=0000ff8a x30:1c002e7c  PA:1c002e7c
26896787ns          462155 1c00949a 0a012583 lw               x11, 160(x2)        x11=1c002e9c  x2:100034d8  PA:10003578
26896807ns          462156 1c00949c 1007d7b3 p.exthz          x15, x15, x0        x15=0000ffec x15:ffffffec
26896827ns          462157 1c0094a0 0004da03 lhu              x20, 0(x9)          x20=0000fdaa  x9:1c002e6c  PA:1c002e6c
26897125ns          462172 1c0094a4 1007c533 p.exths          x10, x15, x0        x10=ffffffec x15:0000ffec
26897145ns          462173 1c0094a8 09d11023 sh               x29, 128(x2)        x29:00000028  x2:100034d8  PA:10003558
26897165ns          462174 1c0094ac 0003d483 lhu              x9, 0(x7)            x9=0000ffeb  x7:1c002ebc  PA:1c002ebc
26897543ns          462193 1c0094b0 02e80eb3 mul              x29, x16, x14       x29=00000000 x16:00000000 x14:00000052
26897563ns          462194 1c0094b4 40a8d893 srai             x17, x17, 0x40a     x17=00000000 x17:000001ec
26897583ns          462195 1c0094b8 03c80833 mul              x16, x16, x28       x16=00000000 x16:00000000 x28:00000006
26897603ns          462196 1c0094bc 09e11823 sh               x30, 144(x2)        x30:0000ff8a  x2:100034d8  PA:10003568
26897623ns          462197 1c0094c0 0005d983 lhu              x19, 0(x11)         x19=0000ffd4 x11:1c002e9c  PA:1c002e9c
26897961ns          462214 1c0094c4 81c88f5b p.muls           x30, x17, x28       x30=00000000 x17:00000000 x28:00000006
26897981ns          462215 1c0094c8 0002d583 lhu              x11, 0(x5)          x11=0000ffb3  x5:1c002eac  PA:1c002eac
26898299ns          462231 1c0094cc 03ce0fb3 mul              x31, x28, x28       x31=00000024 x28:00000006 x28:00000006
26898319ns          462232 1c0094d0 02e50733 mul              x14, x10, x14       x14=fffff998 x10:ffffffec x14:00000052
26898339ns          462233 1c0094d4 40a85813 srai             x16, x16, 0x40a     x16=00000000 x16:00000000
26898358ns          462234 1c0094d8 03c50533 mul              x10, x10, x28       x10=ffffff88 x10:ffffffec x28:00000006
26898378ns          462235 1c0094dc 07015e03 lhu              x28, 112(x2)        x28=00000064  x2:100034d8  PA:10003548
26898398ns          462236 1c0094e0 01b60633 add              x12, x12, x27       x12=000009e2 x12:00000052 x27:00000990
26898418ns          462237 1c0094e2 00980833 add              x16, x16, x9        x16=0000ffeb x16:00000000  x9:0000ffeb
26898438ns          462238 1c0094e4 06015d83 lhu              x27, 96(x2)         x27=00000101  x2:100034d8  PA:10003538
26898458ns          462239 1c0094e8 02812483 lw               x9, 40(x2)           x9=1c002ecc  x2:100034d8  PA:10003500
26898478ns          462240 1c0094ea 40afdf93 srai             x31, x31, 0x40a     x31=00000000 x31:00000024
26898498ns          462241 1c0094ee 40a55513 srai             x10, x10, 0x40a     x10=ffffffff x10:ffffff88
26898518ns          462242 1c0094f0 01cf8fb3 add              x31, x31, x28       x31=00000064 x31:00000000 x28:00000064
26898537ns          462243 1c0094f2 00b50533 add              x10, x10, x11       x10=0000ffb2 x10:ffffffff x11:0000ffb3
26898557ns          462244 1c0094f4 09015e03 lhu              x28, 144(x2)        x28=0000ff8a  x2:100034d8  PA:10003568
26898577ns          462245 1c0094f8 03012583 lw               x11, 48(x2)         x11=1c002edc  x2:100034d8  PA:10003508
26898597ns          462246 1c0094fa 00c49023 sh               x12, 0(x9)          x12:000009e2  x9:1c002ecc  PA:1c002ecc
26898935ns          462263 1c0094fe 01b888b3 add              x17, x17, x27       x17=00000101 x17:00000000 x27:00000101
26898955ns          462264 1c009500 01a30333 add              x6, x6, x26          x6=000002dd  x6:00000006 x26:000002d7
26898975ns          462265 1c009502 08015d83 lhu              x27, 128(x2)        x27=00000028  x2:100034d8  PA:10003558
26898995ns          462266 1c009506 0000d903 lhu              x18, 0(x1)          x18=0000ff3a  x1:1c002e8c  PA:1c002e8c
26899333ns          462283 1c00950a 01c686b3 add              x13, x13, x28       x13=0000ff8a x13:00000000 x28:0000ff8a
26899353ns          462284 1c00950c 00659023 sh               x6, 0(x11)           x6:000002dd x11:1c002edc  PA:1c002edc
26899671ns          462300 1c009510 40af5f13 srai             x30, x30, 0x40a     x30=00000000 x30:00000000
26899691ns          462301 1c009514 04812e03 lw               x28, 72(x2)         x28=1c002f0c  x2:100034d8  PA:10003520
26899711ns          462302 1c009516 01bf0f33 add              x30, x30, x27       x30=00000028 x30:00000000 x27:00000028
26899731ns          462303 1c009518 40aede93 srai             x29, x29, 0x40a     x29=00000000 x29:00000000
26899751ns          462304 1c00951c 40a75713 srai             x14, x14, 0x40a     x14=fffffffe x14:fffff998
26899770ns          462305 1c00951e 03812603 lw               x12, 56(x2)         x12=1c002eec  x2:100034d8  PA:10003510
26899790ns          462306 1c009520 04012d83 lw               x27, 64(x2)         x27=1c002efc  x2:100034d8  PA:10003518
26899810ns          462307 1c009522 01ee1023 sh               x30, 0(x28)         x30:00000028 x28:1c002f0c  PA:1c002f0c
26900148ns          462324 1c009526 05812483 lw               x9, 88(x2)           x9=1c002e6c  x2:100034d8  PA:10003530
26900168ns          462325 1c009528 05012f03 lw               x30, 80(x2)         x30=1c002e7c  x2:100034d8  PA:10003528
26900188ns          462326 1c00952a 0a012583 lw               x11, 160(x2)        x11=1c002e9c  x2:100034d8  PA:10003578
26900208ns          462327 1c00952c 014787b3 add              x15, x15, x20       x15=0001fd96 x15:0000ffec x20:0000fdaa
26900228ns          462328 1c00952e 013e8eb3 add              x29, x29, x19       x29=0000ffd4 x29:00000000 x19:0000ffd4
26900248ns          462329 1c009530 01270733 add              x14, x14, x18       x14=0000ff38 x14:fffffffe x18:0000ff3a
26900268ns          462330 1c009532 00f49023 sh               x15, 0(x9)          x15:0001fd96  x9:1c002e6c  PA:1c002e6c
26900626ns          462348 1c009536 01161023 sh               x17, 0(x12)         x17:00000101 x12:1c002eec  PA:1c002eec
26900944ns          462364 1c00953a 01fd9023 sh               x31, 0(x27)         x31:00000064 x27:1c002efc  PA:1c002efc
26901262ns          462380 1c00953e 00df1023 sh               x13, 0(x30)         x13:0000ff8a x30:1c002e7c  PA:1c002e7c
26901600ns          462397 1c009542 01d59023 sh               x29, 0(x11)         x29:0000ffd4 x11:1c002e9c  PA:1c002e9c
26901958ns          462415 1c009546 00e09023 sh               x14, 0(x1)          x14:0000ff38  x1:1c002e8c  PA:1c002e8c
26902276ns          462431 1c00954a 01039023 sh               x16, 0(x7)          x16:0000ffeb  x7:1c002ebc  PA:1c002ebc
26902595ns          462447 1c00954e 00a29023 sh               x10, 0(x5)          x10:0000ffb2  x5:1c002eac  PA:1c002eac
26902913ns          462463 1c009552 008b0b13 addi             x22, x22, 8         x22=0000007e x22:00000076
26902933ns          462464 1c009554 1f300793 addi             x15, x0, 499        x15=000001f3
26902953ns          462465 1c009558 e767dae3 bge              x15, x22, -396      x15:000001f3 x22:0000007e
26903012ns          462468 1c0093cc 010c9a0b p.lh             x20, 16(x25!)       x20=00000080 x25=1c002794 x25:1c002784  PA:1c002784
26903311ns          462483 1c0093d0 0104198b p.lh             x19, 16(x8!)        x19=0000017b  x8=1c001f5c  x8:1c001f4c  PA:1c001f4c
26903609ns          462498 1c0093d4 2cc10513 addi             x10, x2, 716        x10=100037a4  x2:100034d8
26903629ns          462499 1c0093d6 010a990b p.lh             x18, 16(x21!)       x18=000000a4 x21=1c001788 x21:1c001778  PA:1c001778
26903927ns          462514 1c0093da 010b948b p.lh             x9, 16(x23!)         x9=00000168 x23=1c000fb8 x23:1c000fa8  PA:1c000fa8
26904225ns          462529 1c0093de 2d411623 sh               x20, 716(x2)        x20:00000080  x2:100034d8  PA:100037a4
26904245ns          462530 1c0093e2 2d311723 sh               x19, 718(x2)        x19:0000017b  x2:100034d8  PA:100037a6
26904265ns          462531 1c0093e6 c33ff0ef jal              x1, -974             x1=1c0093e8
26904305ns          462533 1c009018 00051803 lh               x16, 0(x10)         x16=00000080 x10:100037a4  PA:100037a4
26904325ns          462534 1c00901c 00251883 lh               x17, 2(x10)         x17=0000017b x10:100037a4  PA:100037a6
26904384ns          462537 1c009020 030806b3 mul              x13, x16, x16       x13=00004000 x16:00000080 x16:00000080
26904424ns          462539 1c009024 03188633 mul              x12, x17, x17       x12=00023119 x17:0000017b x17:0000017b
26904444ns          462540 1c009028 40a65613 srai             x12, x12, 0x40a     x12=0000008c x12:00023119
26904464ns          462541 1c00902a 40a6d693 srai             x13, x13, 0x40a     x13=00000010 x13:00004000
26904484ns          462542 1c00902c 00c686b3 add              x13, x13, x12       x13=0000009c x13:00000010 x12:0000008c
26904504ns          462543 1c00902e 1006c633 p.exths          x12, x13, x0        x12=0000009c x13:0000009c
26904524ns          462544 1c009032 00855703 lhu              x14, 8(x10)         x14=0000ffd1 x10:100037a4  PA:100037ac
26904544ns          462545 1c009036 00a55683 lhu              x13, 10(x10)        x13=0000ff6a x10:100037a4  PA:100037ae
26904563ns          462546 1c00903a 02c60333 mul              x6, x12, x12         x6=00005f10 x12:0000009c x12:0000009c
26904583ns          462547 1c00903e 00c55783 lhu              x15, 12(x10)        x15=0000ffe5 x10:100037a4  PA:100037b0
26904603ns          462548 1c009042 00e55583 lhu              x11, 14(x10)        x11=00000060 x10:100037a4  PA:100037b2
26904623ns          462549 1c009046 dea30333 p.extract        x6, x6, 15, 10       x6=00000017  x6:00005f10
26904643ns          462550 1c00904a 80c7075b p.muls           x14, x14, x12       x14=ffffe35c x14:0000ffd1 x12:0000009c
26904683ns          462552 1c00904e 80c686db p.muls           x13, x13, x12       x13=ffffa498 x13:0000ff6a x12:0000009c
26904723ns          462554 1c009052 00455e83 lhu              x29, 4(x10)         x29=00000427 x10:100037a4  PA:100037a8
26904742ns          462555 1c009056 00655e03 lhu              x28, 6(x10)         x28=0000007f x10:100037a4  PA:100037aa
26904762ns          462556 1c00905a 40a75713 srai             x14, x14, 0x40a     x14=fffffff8 x14:ffffe35c
26904782ns          462557 1c00905c 806787db p.muls           x15, x15, x6        x15=fffffd93 x15:0000ffe5  x6:00000017
26904822ns          462559 1c009060 40a6d693 srai             x13, x13, 0x40a     x13=ffffffe9 x13:ffffa498
26904862ns          462561 1c009062 8065865b p.muls           x12, x11, x6        x12=000008a0 x11:00000060  x6:00000017
26904882ns          462562 1c009066 40a7d793 srai             x15, x15, 0x40a     x15=ffffffff x15:fffffd93
26904902ns          462563 1c009068 40a65613 srai             x12, x12, 0x40a     x12=00000002 x12:000008a0
26904921ns          462564 1c00906a 01d70733 add              x14, x14, x29       x14=0000041f x14:fffffff8 x29:00000427
26904941ns          462565 1c00906c 01c686b3 add              x13, x13, x28       x13=00000068 x13:ffffffe9 x28:0000007f
26904961ns          462566 1c00906e 00c686b3 add              x13, x13, x12       x13=0000006a x13:00000068 x12:00000002
26904981ns          462567 1c009070 00f70733 add              x14, x14, x15       x14=0000041e x14:0000041f x15:ffffffff
26905001ns          462568 1c009072 100747b3 p.exths          x15, x14, x0        x15=0000041e x14:0000041e
26905021ns          462569 1c009076 1006c733 p.exths          x14, x13, x0        x14=0000006a x13:0000006a
26905041ns          462570 1c00907a 03170633 mul              x12, x14, x17       x12=00009cee x14:0000006a x17:0000017b
26905061ns          462571 1c00907e 030786b3 mul              x13, x15, x16       x13=00020f00 x15:0000041e x16:00000080
26905081ns          462572 1c009082 03070733 mul              x14, x14, x16       x14=00003500 x14:0000006a x16:00000080
26905100ns          462573 1c009086 031787b3 mul              x15, x15, x17       x15=0006186a x15:0000041e x17:0000017b
26905120ns          462574 1c00908a 40a6d693 srai             x13, x13, 0x40a     x13=00000083 x13:00020f00
26905140ns          462575 1c00908c 40a65613 srai             x12, x12, 0x40a     x12=00000027 x12:00009cee
26905160ns          462576 1c00908e 40a7d793 srai             x15, x15, 0x40a     x15=00000186 x15:0006186a
26905180ns          462577 1c009090 40a75713 srai             x14, x14, 0x40a     x14=0000000d x14:00003500
26905200ns          462578 1c009092 40c686b3 sub              x13, x13, x12       x13=0000005c x13:00000083 x12:00000027
26905220ns          462579 1c009094 00e787b3 add              x15, x15, x14       x15=00000193 x15:00000186 x14:0000000d
26905240ns          462580 1c009096 00d51823 sh               x13, 16(x10)        x13:0000005c x10:100037a4  PA:100037b4
26905260ns          462581 1c00909a 00f51923 sh               x15, 18(x10)        x15:00000193 x10:100037a4  PA:100037b6
26905279ns          462582 1c00909e 00008067 jalr             x0, x1, 0            x1:1c0093e8
26905359ns          462586 1c0093e8 2dc15583 lhu              x11, 732(x2)        x11=0000005c  x2:100034d8  PA:100037b4
26905399ns          462588 1c0093ec 2de15783 lhu              x15, 734(x2)        x15=00000193  x2:100034d8  PA:100037b6
26905419ns          462589 1c0093f0 40b90933 sub              x18, x18, x11       x18=00000048 x18:000000a4 x11:0000005c
26905439ns          462590 1c0093f4 40f484b3 sub              x9, x9, x15          x9=ffffffd5  x9:00000168 x15:00000193
26905458ns          462591 1c0093f6 100945b3 p.exths          x11, x18, x0        x11=00000048 x18:00000048
26905478ns          462592 1c0093fa 1004c7b3 p.exths          x15, x9, x0         x15=ffffffd5  x9:ffffffd5
26905498ns          462593 1c0093fe 034586b3 mul              x13, x11, x20       x13=00002400 x11:00000048 x20:00000080
26905518ns          462594 1c009402 03378533 mul              x10, x15, x19       x10=ffffc057 x15:ffffffd5 x19:0000017b
26905538ns          462595 1c009406 034a0633 mul              x12, x20, x20       x12=00004000 x20:00000080 x20:00000080
26905558ns          462596 1c00940a 03398733 mul              x14, x19, x19       x14=00023119 x19:0000017b x19:0000017b
26905578ns          462597 1c00940e 034787b3 mul              x15, x15, x20       x15=ffffea80 x15:ffffffd5 x20:00000080
26905598ns          462598 1c009412 033585b3 mul              x11, x11, x19       x11=00006a98 x11:00000048 x19:0000017b
26905618ns          462599 1c009416 40a75713 srai             x14, x14, 0x40a     x14=0000008c x14:00023119
26905637ns          462600 1c009418 40a5d593 srai             x11, x11, 0x40a     x11=0000001a x11:00006a98
26905657ns          462601 1c00941a 40a65613 srai             x12, x12, 0x40a     x12=00000010 x12:00004000
26905677ns          462602 1c00941c 40a7d793 srai             x15, x15, 0x40a     x15=fffffffa x15:ffffea80
26905697ns          462603 1c00941e 1c0034b7 lui              x9, 0x1c003000       x9=1c003000
26905717ns          462604 1c009422 00e60633 add              x12, x12, x14       x12=0000009c x12:00000010 x14:0000008c
26905737ns          462605 1c009424 40b787b3 sub              x15, x15, x11       x15=ffffffe0 x15:fffffffa x11:0000001a
26905757ns          462606 1c009426 eb048493 addi             x9, x9, -336         x9=1c002eb0  x9:1c003000
26905777ns          462607 1c00942a 1c0032b7 lui              x5, 0x1c003000       x5=1c003000
26905797ns          462608 1c00942e 1c0035b7 lui              x11, 0x1c003000     x11=1c003000
26905816ns          462609 1c009432 018483b3 add              x7, x9, x24          x7=1c002ebc  x9:1c002eb0 x24:0000000c
26905836ns          462610 1c009436 02812e83 lw               x29, 40(x2)         x29=1c002ecc  x2:100034d8  PA:10003500
26905856ns          462611 1c009438 10065633 p.exthz          x12, x12, x0        x12=0000009c x12:0000009c
26905876ns          462612 1c00943c e8028293 addi             x5, x5, -384         x5=1c002e80  x5:1c003000
26905896ns          462613 1c009440 ea058593 addi             x11, x11, -352      x11=1c002ea0 x11:1c003000
26905936ns          462615 1c009444 03812483 lw               x9, 56(x2)           x9=1c002eec  x2:100034d8  PA:10003510
26905956ns          462616 1c009446 10064733 p.exths          x14, x12, x0        x14=0000009c x12:0000009c
26905976ns          462617 1c00944a 018280b3 add              x1, x5, x24          x1=1c002e8c  x5:1c002e80 x24:0000000c
26905995ns          462618 1c00944e 03012f03 lw               x30, 48(x2)         x30=1c002edc  x2:100034d8  PA:10003508
26906015ns          462619 1c009450 018582b3 add              x5, x11, x24         x5=1c002eac x11:1c002ea0 x24:0000000c
26906035ns          462620 1c009454 04012583 lw               x11, 64(x2)         x11=1c002efc  x2:100034d8  PA:10003518
26906055ns          462621 1c009456 000edd83 lhu              x27, 0(x29)         x27=000009e2 x29:1c002ecc  PA:1c002ecc
26906353ns          462636 1c00945a 0004d483 lhu              x9, 0(x9)            x9=00000101  x9:1c002eec  PA:1c002eec
26906652ns          462651 1c00945e 02e70333 mul              x6, x14, x14         x6=00005f10 x14:0000009c x14:0000009c
26906672ns          462652 1c009462 40a55513 srai             x10, x10, 0x40a     x10=fffffff0 x10:ffffc057
26906691ns          462653 1c009464 04812e83 lw               x29, 72(x2)         x29=1c002f0c  x2:100034d8  PA:10003520
26906711ns          462654 1c009466 40a6d693 srai             x13, x13, 0x40a     x13=00000009 x13:00002400
26906731ns          462655 1c009468 000f5d03 lhu              x26, 0(x30)         x26=000002dd x30:1c002edc  PA:1c002edc
26907030ns          462670 1c00946c 0005d583 lhu              x11, 0(x11)         x11=00000064 x11:1c002efc  PA:1c002efc
26907328ns          462685 1c009470 40a35313 srai             x6, x6, 0x40a        x6=00000017  x6:00005f10
26907348ns          462686 1c009474 00a686b3 add              x13, x13, x10       x13=fffffff9 x13:00000009 x10:fffffff0
26907368ns          462687 1c009476 05012f03 lw               x30, 80(x2)         x30=1c002e7c  x2:100034d8  PA:10003528
26907388ns          462688 1c009478 10034e33 p.exths          x28, x6, x0         x28=00000017  x6:00000017
26907407ns          462689 1c00947c 06911023 sh               x9, 96(x2)           x9:00000101  x2:100034d8  PA:10003538
26907427ns          462690 1c009480 000ede83 lhu              x29, 0(x29)         x29=00000028 x29:1c002f0c  PA:1c002f0c
26907845ns          462711 1c009484 05812483 lw               x9, 88(x2)           x9=1c002e6c  x2:100034d8  PA:10003530
26907865ns          462712 1c009486 1006d6b3 p.exthz          x13, x13, x0        x13=0000fff9 x13:fffffff9
26907885ns          462713 1c00948a 02ee08b3 mul              x17, x28, x14       x17=00000e04 x28:00000017 x14:0000009c
26907905ns          462714 1c00948e 1006c833 p.exths          x16, x13, x0        x16=fffffff9 x13:0000fff9
26907925ns          462715 1c009492 06b11823 sh               x11, 112(x2)        x11:00000064  x2:100034d8  PA:10003548
26907944ns          462716 1c009496 000f5f03 lhu              x30, 0(x30)         x30=0000ff8a x30:1c002e7c  PA:1c002e7c
26908243ns          462731 1c00949a 0a012583 lw               x11, 160(x2)        x11=1c002e9c  x2:100034d8  PA:10003578
26908263ns          462732 1c00949c 1007d7b3 p.exthz          x15, x15, x0        x15=0000ffe0 x15:ffffffe0
26908283ns          462733 1c0094a0 0004da03 lhu              x20, 0(x9)          x20=0000fd96  x9:1c002e6c  PA:1c002e6c
26908601ns          462749 1c0094a4 1007c533 p.exths          x10, x15, x0        x10=ffffffe0 x15:0000ffe0
26908621ns          462750 1c0094a8 09d11023 sh               x29, 128(x2)        x29:00000028  x2:100034d8  PA:10003558
26908641ns          462751 1c0094ac 0003d483 lhu              x9, 0(x7)            x9=0000ffeb  x7:1c002ebc  PA:1c002ebc
26908939ns          462766 1c0094b0 02e80eb3 mul              x29, x16, x14       x29=fffffbbc x16:fffffff9 x14:0000009c
26908959ns          462767 1c0094b4 40a8d893 srai             x17, x17, 0x40a     x17=00000003 x17:00000e04
26908979ns          462768 1c0094b8 03c80833 mul              x16, x16, x28       x16=ffffff5f x16:fffffff9 x28:00000017
26908998ns          462769 1c0094bc 09e11823 sh               x30, 144(x2)        x30:0000ff8a  x2:100034d8  PA:10003568
26909058ns          462772 1c0094c0 0005d983 lhu              x19, 0(x11)         x19=0000ffd4 x11:1c002e9c  PA:1c002e9c
26909396ns          462789 1c0094c4 81c88f5b p.muls           x30, x17, x28       x30=00000045 x17:00000003 x28:00000017
26909416ns          462790 1c0094c8 0002d583 lhu              x11, 0(x5)          x11=0000ffb2  x5:1c002eac  PA:1c002eac
26909794ns          462809 1c0094cc 03ce0fb3 mul              x31, x28, x28       x31=00000211 x28:00000017 x28:00000017
26909814ns          462810 1c0094d0 02e50733 mul              x14, x10, x14       x14=ffffec80 x10:ffffffe0 x14:0000009c
26909834ns          462811 1c0094d4 40a85813 srai             x16, x16, 0x40a     x16=ffffffff x16:ffffff5f
26909854ns          462812 1c0094d8 03c50533 mul              x10, x10, x28       x10=fffffd20 x10:ffffffe0 x28:00000017
26909874ns          462813 1c0094dc 07015e03 lhu              x28, 112(x2)        x28=00000064  x2:100034d8  PA:10003548
26909913ns          462815 1c0094e0 01b60633 add              x12, x12, x27       x12=00000a7e x12:0000009c x27:000009e2
26909933ns          462816 1c0094e2 00980833 add              x16, x16, x9        x16=0000ffea x16:ffffffff  x9:0000ffeb
26909953ns          462817 1c0094e4 06015d83 lhu              x27, 96(x2)         x27=00000101  x2:100034d8  PA:10003538
26909973ns          462818 1c0094e8 02812483 lw               x9, 40(x2)           x9=1c002ecc  x2:100034d8  PA:10003500
26909993ns          462819 1c0094ea 40afdf93 srai             x31, x31, 0x40a     x31=00000000 x31:00000211
26910013ns          462820 1c0094ee 40a55513 srai             x10, x10, 0x40a     x10=ffffffff x10:fffffd20
26910033ns          462821 1c0094f0 01cf8fb3 add              x31, x31, x28       x31=00000064 x31:00000000 x28:00000064
26910053ns          462822 1c0094f2 00b50533 add              x10, x10, x11       x10=0000ffb1 x10:ffffffff x11:0000ffb2
26910072ns          462823 1c0094f4 09015e03 lhu              x28, 144(x2)        x28=0000ff8a  x2:100034d8  PA:10003568
26910092ns          462824 1c0094f8 03012583 lw               x11, 48(x2)         x11=1c002edc  x2:100034d8  PA:10003508
26910112ns          462825 1c0094fa 00c49023 sh               x12, 0(x9)          x12:00000a7e  x9:1c002ecc  PA:1c002ecc
26910450ns          462842 1c0094fe 01b888b3 add              x17, x17, x27       x17=00000104 x17:00000003 x27:00000101
26910470ns          462843 1c009500 01a30333 add              x6, x6, x26          x6=000002f4  x6:00000017 x26:000002dd
26910490ns          462844 1c009502 08015d83 lhu              x27, 128(x2)        x27=00000028  x2:100034d8  PA:10003558
26910510ns          462845 1c009506 0000d903 lhu              x18, 0(x1)          x18=0000ff38  x1:1c002e8c  PA:1c002e8c
26910848ns          462862 1c00950a 01c686b3 add              x13, x13, x28       x13=0001ff83 x13:0000fff9 x28:0000ff8a
26910868ns          462863 1c00950c 00659023 sh               x6, 0(x11)           x6:000002f4 x11:1c002edc  PA:1c002edc
26911186ns          462879 1c009510 40af5f13 srai             x30, x30, 0x40a     x30=00000000 x30:00000045
26911206ns          462880 1c009514 04812e03 lw               x28, 72(x2)         x28=1c002f0c  x2:100034d8  PA:10003520
26911226ns          462881 1c009516 01bf0f33 add              x30, x30, x27       x30=00000028 x30:00000000 x27:00000028
26911246ns          462882 1c009518 40aede93 srai             x29, x29, 0x40a     x29=fffffffe x29:fffffbbc
26911266ns          462883 1c00951c 40a75713 srai             x14, x14, 0x40a     x14=fffffffb x14:ffffec80
26911286ns          462884 1c00951e 03812603 lw               x12, 56(x2)         x12=1c002eec  x2:100034d8  PA:10003510
26911306ns          462885 1c009520 04012d83 lw               x27, 64(x2)         x27=1c002efc  x2:100034d8  PA:10003518
26911325ns          462886 1c009522 01ee1023 sh               x30, 0(x28)         x30:00000028 x28:1c002f0c  PA:1c002f0c
26911644ns          462902 1c009526 05812483 lw               x9, 88(x2)           x9=1c002e6c  x2:100034d8  PA:10003530
26911663ns          462903 1c009528 05012f03 lw               x30, 80(x2)         x30=1c002e7c  x2:100034d8  PA:10003528
26911683ns          462904 1c00952a 0a012583 lw               x11, 160(x2)        x11=1c002e9c  x2:100034d8  PA:10003578
26911703ns          462905 1c00952c 014787b3 add              x15, x15, x20       x15=0001fd76 x15:0000ffe0 x20:0000fd96
26911723ns          462906 1c00952e 013e8eb3 add              x29, x29, x19       x29=0000ffd2 x29:fffffffe x19:0000ffd4
26911743ns          462907 1c009530 01270733 add              x14, x14, x18       x14=0000ff33 x14:fffffffb x18:0000ff38
26911763ns          462908 1c009532 00f49023 sh               x15, 0(x9)          x15:0001fd76  x9:1c002e6c  PA:1c002e6c
26912101ns          462925 1c009536 01161023 sh               x17, 0(x12)         x17:00000104 x12:1c002eec  PA:1c002eec
26912419ns          462941 1c00953a 01fd9023 sh               x31, 0(x27)         x31:00000064 x27:1c002efc  PA:1c002efc
26912737ns          462957 1c00953e 00df1023 sh               x13, 0(x30)         x13:0001ff83 x30:1c002e7c  PA:1c002e7c
26913056ns          462973 1c009542 01d59023 sh               x29, 0(x11)         x29:0000ffd2 x11:1c002e9c  PA:1c002e9c
26913394ns          462990 1c009546 00e09023 sh               x14, 0(x1)          x14:0000ff33  x1:1c002e8c  PA:1c002e8c
26913712ns          463006 1c00954a 01039023 sh               x16, 0(x7)          x16:0000ffea  x7:1c002ebc  PA:1c002ebc
26914030ns          463022 1c00954e 00a29023 sh               x10, 0(x5)          x10:0000ffb1  x5:1c002eac  PA:1c002eac
26914348ns          463038 1c009552 008b0b13 addi             x22, x22, 8         x22=00000086 x22:0000007e
26914368ns          463039 1c009554 1f300793 addi             x15, x0, 499        x15=000001f3
26914388ns          463040 1c009558 e767dae3 bge              x15, x22, -396      x15:000001f3 x22:00000086
26914488ns          463045 1c0093cc 010c9a0b p.lh             x20, 16(x25!)       x20=ffffff46 x25=1c0027a4 x25:1c002794  PA:1c002794
26914826ns          463062 1c0093d0 0104198b p.lh             x19, 16(x8!)        x19=00000065  x8=1c001f6c  x8:1c001f5c  PA:1c001f5c
26915124ns          463077 1c0093d4 2cc10513 addi             x10, x2, 716        x10=100037a4  x2:100034d8
26915144ns          463078 1c0093d6 010a990b p.lh             x18, 16(x21!)       x18=ffffff3b x21=1c001798 x21:1c001788  PA:1c001788
26915462ns          463094 1c0093da 010b948b p.lh             x9, 16(x23!)         x9=00000078 x23=1c000fc8 x23:1c000fb8  PA:1c000fb8
26915760ns          463109 1c0093de 2d411623 sh               x20, 716(x2)        x20:ffffff46  x2:100034d8  PA:100037a4
26915780ns          463110 1c0093e2 2d311723 sh               x19, 718(x2)        x19:00000065  x2:100034d8  PA:100037a6
26915800ns          463111 1c0093e6 c33ff0ef jal              x1, -974             x1=1c0093e8
26915900ns          463116 1c009018 00051803 lh               x16, 0(x10)         x16=ffffff46 x10:100037a4  PA:100037a4
26915939ns          463118 1c00901c 00251883 lh               x17, 2(x10)         x17=00000065 x10:100037a4  PA:100037a6
26915999ns          463121 1c009020 030806b3 mul              x13, x16, x16       x13=00008724 x16:ffffff46 x16:ffffff46
26916039ns          463123 1c009024 03188633 mul              x12, x17, x17       x12=000027d9 x17:00000065 x17:00000065
26916059ns          463124 1c009028 40a65613 srai             x12, x12, 0x40a     x12=00000009 x12:000027d9
26916079ns          463125 1c00902a 40a6d693 srai             x13, x13, 0x40a     x13=00000021 x13:00008724
26916099ns          463126 1c00902c 00c686b3 add              x13, x13, x12       x13=0000002a x13:00000021 x12:00000009
26916118ns          463127 1c00902e 1006c633 p.exths          x12, x13, x0        x12=0000002a x13:0000002a
26916138ns          463128 1c009032 00855703 lhu              x14, 8(x10)         x14=0000ffd1 x10:100037a4  PA:100037ac
26916158ns          463129 1c009036 00a55683 lhu              x13, 10(x10)        x13=0000ff6a x10:100037a4  PA:100037ae
26916178ns          463130 1c00903a 02c60333 mul              x6, x12, x12         x6=000006e4 x12:0000002a x12:0000002a
26916198ns          463131 1c00903e 00c55783 lhu              x15, 12(x10)        x15=0000ffe5 x10:100037a4  PA:100037b0
26916218ns          463132 1c009042 00e55583 lhu              x11, 14(x10)        x11=00000060 x10:100037a4  PA:100037b2
26916238ns          463133 1c009046 dea30333 p.extract        x6, x6, 15, 10       x6=00000001  x6:000006e4
26916258ns          463134 1c00904a 80c7075b p.muls           x14, x14, x12       x14=fffff84a x14:0000ffd1 x12:0000002a
26916278ns          463135 1c00904e 80c686db p.muls           x13, x13, x12       x13=ffffe764 x13:0000ff6a x12:0000002a
26916297ns          463136 1c009052 00455e83 lhu              x29, 4(x10)         x29=00000427 x10:100037a4  PA:100037a8
26916317ns          463137 1c009056 00655e03 lhu              x28, 6(x10)         x28=0000007f x10:100037a4  PA:100037aa
26916337ns          463138 1c00905a 40a75713 srai             x14, x14, 0x40a     x14=fffffffe x14:fffff84a
26916357ns          463139 1c00905c 806787db p.muls           x15, x15, x6        x15=ffffffe5 x15:0000ffe5  x6:00000001
26916377ns          463140 1c009060 40a6d693 srai             x13, x13, 0x40a     x13=fffffff9 x13:ffffe764
26916417ns          463142 1c009062 8065865b p.muls           x12, x11, x6        x12=00000060 x11:00000060  x6:00000001
26916437ns          463143 1c009066 40a7d793 srai             x15, x15, 0x40a     x15=ffffffff x15:ffffffe5
26916456ns          463144 1c009068 40a65613 srai             x12, x12, 0x40a     x12=00000000 x12:00000060
26916476ns          463145 1c00906a 01d70733 add              x14, x14, x29       x14=00000425 x14:fffffffe x29:00000427
26916496ns          463146 1c00906c 01c686b3 add              x13, x13, x28       x13=00000078 x13:fffffff9 x28:0000007f
26916516ns          463147 1c00906e 00c686b3 add              x13, x13, x12       x13=00000078 x13:00000078 x12:00000000
26916536ns          463148 1c009070 00f70733 add              x14, x14, x15       x14=00000424 x14:00000425 x15:ffffffff
26916556ns          463149 1c009072 100747b3 p.exths          x15, x14, x0        x15=00000424 x14:00000424
26916576ns          463150 1c009076 1006c733 p.exths          x14, x13, x0        x14=00000078 x13:00000078
26916596ns          463151 1c00907a 03170633 mul              x12, x14, x17       x12=00002f58 x14:00000078 x17:00000065
26916616ns          463152 1c00907e 030786b3 mul              x13, x15, x16       x13=fffcfdd8 x15:00000424 x16:ffffff46
26916635ns          463153 1c009082 03070733 mul              x14, x14, x16       x14=ffffa8d0 x14:00000078 x16:ffffff46
26916655ns          463154 1c009086 031787b3 mul              x15, x15, x17       x15=0001a234 x15:00000424 x17:00000065
26916675ns          463155 1c00908a 40a6d693 srai             x13, x13, 0x40a     x13=ffffff3f x13:fffcfdd8
26916695ns          463156 1c00908c 40a65613 srai             x12, x12, 0x40a     x12=0000000b x12:00002f58
26916715ns          463157 1c00908e 40a7d793 srai             x15, x15, 0x40a     x15=00000068 x15:0001a234
26916735ns          463158 1c009090 40a75713 srai             x14, x14, 0x40a     x14=ffffffea x14:ffffa8d0
26916755ns          463159 1c009092 40c686b3 sub              x13, x13, x12       x13=ffffff34 x13:ffffff3f x12:0000000b
26916775ns          463160 1c009094 00e787b3 add              x15, x15, x14       x15=00000052 x15:00000068 x14:ffffffea
26916795ns          463161 1c009096 00d51823 sh               x13, 16(x10)        x13:ffffff34 x10:100037a4  PA:100037b4
26916814ns          463162 1c00909a 00f51923 sh               x15, 18(x10)        x15:00000052 x10:100037a4  PA:100037b6
26916834ns          463163 1c00909e 00008067 jalr             x0, x1, 0            x1:1c0093e8
26916914ns          463167 1c0093e8 2dc15583 lhu              x11, 732(x2)        x11=0000ff34  x2:100034d8  PA:100037b4
26916934ns          463168 1c0093ec 2de15783 lhu              x15, 734(x2)        x15=00000052  x2:100034d8  PA:100037b6
26916954ns          463169 1c0093f0 40b90933 sub              x18, x18, x11       x18=ffff0007 x18:ffffff3b x11:0000ff34
26916974ns          463170 1c0093f4 40f484b3 sub              x9, x9, x15          x9=00000026  x9:00000078 x15:00000052
26916993ns          463171 1c0093f6 100945b3 p.exths          x11, x18, x0        x11=00000007 x18:ffff0007
26917013ns          463172 1c0093fa 1004c7b3 p.exths          x15, x9, x0         x15=00000026  x9:00000026
26917033ns          463173 1c0093fe 034586b3 mul              x13, x11, x20       x13=fffffaea x11:00000007 x20:ffffff46
26917053ns          463174 1c009402 03378533 mul              x10, x15, x19       x10=00000efe x15:00000026 x19:00000065
26917073ns          463175 1c009406 034a0633 mul              x12, x20, x20       x12=00008724 x20:ffffff46 x20:ffffff46
26917093ns          463176 1c00940a 03398733 mul              x14, x19, x19       x14=000027d9 x19:00000065 x19:00000065
26917153ns          463179 1c00940e 034787b3 mul              x15, x15, x20       x15=ffffe464 x15:00000026 x20:ffffff46
26917192ns          463181 1c009412 033585b3 mul              x11, x11, x19       x11=000002c3 x11:00000007 x19:00000065
26917212ns          463182 1c009416 40a75713 srai             x14, x14, 0x40a     x14=00000009 x14:000027d9
26917232ns          463183 1c009418 40a5d593 srai             x11, x11, 0x40a     x11=00000000 x11:000002c3
26917252ns          463184 1c00941a 40a65613 srai             x12, x12, 0x40a     x12=00000021 x12:00008724
26917272ns          463185 1c00941c 40a7d793 srai             x15, x15, 0x40a     x15=fffffff9 x15:ffffe464
26917292ns          463186 1c00941e 1c0034b7 lui              x9, 0x1c003000       x9=1c003000
26917312ns          463187 1c009422 00e60633 add              x12, x12, x14       x12=0000002a x12:00000021 x14:00000009
26917332ns          463188 1c009424 40b787b3 sub              x15, x15, x11       x15=fffffff9 x15:fffffff9 x11:00000000
26917351ns          463189 1c009426 eb048493 addi             x9, x9, -336         x9=1c002eb0  x9:1c003000
26917371ns          463190 1c00942a 1c0032b7 lui              x5, 0x1c003000       x5=1c003000
26917391ns          463191 1c00942e 1c0035b7 lui              x11, 0x1c003000     x11=1c003000
26917411ns          463192 1c009432 018483b3 add              x7, x9, x24          x7=1c002ebc  x9:1c002eb0 x24:0000000c
26917431ns          463193 1c009436 02812e83 lw               x29, 40(x2)         x29=1c002ecc  x2:100034d8  PA:10003500
26917451ns          463194 1c009438 10065633 p.exthz          x12, x12, x0        x12=0000002a x12:0000002a
26917471ns          463195 1c00943c e8028293 addi             x5, x5, -384         x5=1c002e80  x5:1c003000
26917491ns          463196 1c009440 ea058593 addi             x11, x11, -352      x11=1c002ea0 x11:1c003000
26917511ns          463197 1c009444 03812483 lw               x9, 56(x2)           x9=1c002eec  x2:100034d8  PA:10003510
26917530ns          463198 1c009446 10064733 p.exths          x14, x12, x0        x14=0000002a x12:0000002a
26917550ns          463199 1c00944a 018280b3 add              x1, x5, x24          x1=1c002e8c  x5:1c002e80 x24:0000000c
26917570ns          463200 1c00944e 03012f03 lw               x30, 48(x2)         x30=1c002edc  x2:100034d8  PA:10003508
26917590ns          463201 1c009450 018582b3 add              x5, x11, x24         x5=1c002eac x11:1c002ea0 x24:0000000c
26917610ns          463202 1c009454 04012583 lw               x11, 64(x2)         x11=1c002efc  x2:100034d8  PA:10003518
26917630ns          463203 1c009456 000edd83 lhu              x27, 0(x29)         x27=00000a7e x29:1c002ecc  PA:1c002ecc
26917948ns          463219 1c00945a 0004d483 lhu              x9, 0(x9)            x9=00000104  x9:1c002eec  PA:1c002eec
26918246ns          463234 1c00945e 02e70333 mul              x6, x14, x14         x6=000006e4 x14:0000002a x14:0000002a
26918266ns          463235 1c009462 40a55513 srai             x10, x10, 0x40a     x10=00000003 x10:00000efe
26918286ns          463236 1c009464 04812e83 lw               x29, 72(x2)         x29=1c002f0c  x2:100034d8  PA:10003520
26918306ns          463237 1c009466 40a6d693 srai             x13, x13, 0x40a     x13=fffffffe x13:fffffaea
26918326ns          463238 1c009468 000f5d03 lhu              x26, 0(x30)         x26=000002f4 x30:1c002edc  PA:1c002edc
26918744ns          463259 1c00946c 0005d583 lhu              x11, 0(x11)         x11=00000064 x11:1c002efc  PA:1c002efc
26919082ns          463276 1c009470 40a35313 srai             x6, x6, 0x40a        x6=00000001  x6:000006e4
26919102ns          463277 1c009474 00a686b3 add              x13, x13, x10       x13=00000001 x13:fffffffe x10:00000003
26919121ns          463278 1c009476 05012f03 lw               x30, 80(x2)         x30=1c002e7c  x2:100034d8  PA:10003528
26919141ns          463279 1c009478 10034e33 p.exths          x28, x6, x0         x28=00000001  x6:00000001
26919161ns          463280 1c00947c 06911023 sh               x9, 96(x2)           x9:00000104  x2:100034d8  PA:10003538
26919181ns          463281 1c009480 000ede83 lhu              x29, 0(x29)         x29=00000028 x29:1c002f0c  PA:1c002f0c
26919479ns          463296 1c009484 05812483 lw               x9, 88(x2)           x9=1c002e6c  x2:100034d8  PA:10003530
26919499ns          463297 1c009486 1006d6b3 p.exthz          x13, x13, x0        x13=00000001 x13:00000001
26919519ns          463298 1c00948a 02ee08b3 mul              x17, x28, x14       x17=0000002a x28:00000001 x14:0000002a
26919539ns          463299 1c00948e 1006c833 p.exths          x16, x13, x0        x16=00000001 x13:00000001
26919559ns          463300 1c009492 06b11823 sh               x11, 112(x2)        x11:00000064  x2:100034d8  PA:10003548
26919579ns          463301 1c009496 000f5f03 lhu              x30, 0(x30)         x30=0000ff83 x30:1c002e7c  PA:1c002e7c
26919897ns          463317 1c00949a 0a012583 lw               x11, 160(x2)        x11=1c002e9c  x2:100034d8  PA:10003578
26919917ns          463318 1c00949c 1007d7b3 p.exthz          x15, x15, x0        x15=0000fff9 x15:fffffff9
26919937ns          463319 1c0094a0 0004da03 lhu              x20, 0(x9)          x20=0000fd76  x9:1c002e6c  PA:1c002e6c
26920275ns          463336 1c0094a4 1007c533 p.exths          x10, x15, x0        x10=fffffff9 x15:0000fff9
26920295ns          463337 1c0094a8 09d11023 sh               x29, 128(x2)        x29:00000028  x2:100034d8  PA:10003558
26920315ns          463338 1c0094ac 0003d483 lhu              x9, 0(x7)            x9=0000ffea  x7:1c002ebc  PA:1c002ebc
26920633ns          463354 1c0094b0 02e80eb3 mul              x29, x16, x14       x29=0000002a x16:00000001 x14:0000002a
26920653ns          463355 1c0094b4 40a8d893 srai             x17, x17, 0x40a     x17=00000000 x17:0000002a
26920673ns          463356 1c0094b8 03c80833 mul              x16, x16, x28       x16=00000001 x16:00000001 x28:00000001
26920693ns          463357 1c0094bc 09e11823 sh               x30, 144(x2)        x30:0000ff83  x2:100034d8  PA:10003568
26920713ns          463358 1c0094c0 0005d983 lhu              x19, 0(x11)         x19=0000ffd2 x11:1c002e9c  PA:1c002e9c
26921031ns          463374 1c0094c4 81c88f5b p.muls           x30, x17, x28       x30=00000000 x17:00000000 x28:00000001
26921051ns          463375 1c0094c8 0002d583 lhu              x11, 0(x5)          x11=0000ffb1  x5:1c002eac  PA:1c002eac
26921389ns          463392 1c0094cc 03ce0fb3 mul              x31, x28, x28       x31=00000001 x28:00000001 x28:00000001
26921409ns          463393 1c0094d0 02e50733 mul              x14, x10, x14       x14=fffffeda x10:fffffff9 x14:0000002a
26921428ns          463394 1c0094d4 40a85813 srai             x16, x16, 0x40a     x16=00000000 x16:00000001
26921448ns          463395 1c0094d8 03c50533 mul              x10, x10, x28       x10=fffffff9 x10:fffffff9 x28:00000001
26921468ns          463396 1c0094dc 07015e03 lhu              x28, 112(x2)        x28=00000064  x2:100034d8  PA:10003548
26921488ns          463397 1c0094e0 01b60633 add              x12, x12, x27       x12=00000aa8 x12:0000002a x27:00000a7e
26921508ns          463398 1c0094e2 00980833 add              x16, x16, x9        x16=0000ffea x16:00000000  x9:0000ffea
26921528ns          463399 1c0094e4 06015d83 lhu              x27, 96(x2)         x27=00000104  x2:100034d8  PA:10003538
26921548ns          463400 1c0094e8 02812483 lw               x9, 40(x2)           x9=1c002ecc  x2:100034d8  PA:10003500
26921568ns          463401 1c0094ea 40afdf93 srai             x31, x31, 0x40a     x31=00000000 x31:00000001
26921588ns          463402 1c0094ee 40a55513 srai             x10, x10, 0x40a     x10=ffffffff x10:fffffff9
26921607ns          463403 1c0094f0 01cf8fb3 add              x31, x31, x28       x31=00000064 x31:00000000 x28:00000064
26921627ns          463404 1c0094f2 00b50533 add              x10, x10, x11       x10=0000ffb0 x10:ffffffff x11:0000ffb1
26921647ns          463405 1c0094f4 09015e03 lhu              x28, 144(x2)        x28=0000ff83  x2:100034d8  PA:10003568
26921667ns          463406 1c0094f8 03012583 lw               x11, 48(x2)         x11=1c002edc  x2:100034d8  PA:10003508
26921687ns          463407 1c0094fa 00c49023 sh               x12, 0(x9)          x12:00000aa8  x9:1c002ecc  PA:1c002ecc
26922005ns          463423 1c0094fe 01b888b3 add              x17, x17, x27       x17=00000104 x17:00000000 x27:00000104
26922025ns          463424 1c009500 01a30333 add              x6, x6, x26          x6=000002f5  x6:00000001 x26:000002f4
26922045ns          463425 1c009502 08015d83 lhu              x27, 128(x2)        x27=00000028  x2:100034d8  PA:10003558
26922065ns          463426 1c009506 0000d903 lhu              x18, 0(x1)          x18=0000ff33  x1:1c002e8c  PA:1c002e8c
26922383ns          463442 1c00950a 01c686b3 add              x13, x13, x28       x13=0000ff84 x13:00000001 x28:0000ff83
26922403ns          463443 1c00950c 00659023 sh               x6, 0(x11)           x6:000002f5 x11:1c002edc  PA:1c002edc
26922721ns          463459 1c009510 40af5f13 srai             x30, x30, 0x40a     x30=00000000 x30:00000000
26922741ns          463460 1c009514 04812e03 lw               x28, 72(x2)         x28=1c002f0c  x2:100034d8  PA:10003520
26922761ns          463461 1c009516 01bf0f33 add              x30, x30, x27       x30=00000028 x30:00000000 x27:00000028
26922781ns          463462 1c009518 40aede93 srai             x29, x29, 0x40a     x29=00000000 x29:0000002a
26922801ns          463463 1c00951c 40a75713 srai             x14, x14, 0x40a     x14=ffffffff x14:fffffeda
26922821ns          463464 1c00951e 03812603 lw               x12, 56(x2)         x12=1c002eec  x2:100034d8  PA:10003510
26922841ns          463465 1c009520 04012d83 lw               x27, 64(x2)         x27=1c002efc  x2:100034d8  PA:10003518
26922860ns          463466 1c009522 01ee1023 sh               x30, 0(x28)         x30:00000028 x28:1c002f0c  PA:1c002f0c
26923199ns          463483 1c009526 05812483 lw               x9, 88(x2)           x9=1c002e6c  x2:100034d8  PA:10003530
26923218ns          463484 1c009528 05012f03 lw               x30, 80(x2)         x30=1c002e7c  x2:100034d8  PA:10003528
26923238ns          463485 1c00952a 0a012583 lw               x11, 160(x2)        x11=1c002e9c  x2:100034d8  PA:10003578
26923258ns          463486 1c00952c 014787b3 add              x15, x15, x20       x15=0001fd6f x15:0000fff9 x20:0000fd76
26923278ns          463487 1c00952e 013e8eb3 add              x29, x29, x19       x29=0000ffd2 x29:00000000 x19:0000ffd2
26923298ns          463488 1c009530 01270733 add              x14, x14, x18       x14=0000ff32 x14:ffffffff x18:0000ff33
26923318ns          463489 1c009532 00f49023 sh               x15, 0(x9)          x15:0001fd6f  x9:1c002e6c  PA:1c002e6c
26923656ns          463506 1c009536 01161023 sh               x17, 0(x12)         x17:00000104 x12:1c002eec  PA:1c002eec
26923994ns          463523 1c00953a 01fd9023 sh               x31, 0(x27)         x31:00000064 x27:1c002efc  PA:1c002efc
26924332ns          463540 1c00953e 00df1023 sh               x13, 0(x30)         x13:0000ff84 x30:1c002e7c  PA:1c002e7c
26924650ns          463556 1c009542 01d59023 sh               x29, 0(x11)         x29:0000ffd2 x11:1c002e9c  PA:1c002e9c
26924969ns          463572 1c009546 00e09023 sh               x14, 0(x1)          x14:0000ff32  x1:1c002e8c  PA:1c002e8c
26925307ns          463589 1c00954a 01039023 sh               x16, 0(x7)          x16:0000ffea  x7:1c002ebc  PA:1c002ebc
26925625ns          463605 1c00954e 00a29023 sh               x10, 0(x5)          x10:0000ffb0  x5:1c002eac  PA:1c002eac
26925983ns          463623 1c009552 008b0b13 addi             x22, x22, 8         x22=0000008e x22:00000086
26926003ns          463624 1c009554 1f300793 addi             x15, x0, 499        x15=000001f3
26926023ns          463625 1c009558 e767dae3 bge              x15, x22, -396      x15:000001f3 x22:0000008e
26926122ns          463630 1c0093cc 010c9a0b p.lh             x20, 16(x25!)       x20=00000067 x25=1c0027b4 x25:1c0027a4  PA:1c0027a4
26926420ns          463645 1c0093d0 0104198b p.lh             x19, 16(x8!)        x19=ffffff21  x8=1c001f7c  x8:1c001f6c  PA:1c001f6c
26926719ns          463660 1c0093d4 2cc10513 addi             x10, x2, 716        x10=100037a4  x2:100034d8
26926739ns          463661 1c0093d6 010a990b p.lh             x18, 16(x21!)       x18=00000060 x21=1c0017a8 x21:1c001798  PA:1c001798
26927037ns          463676 1c0093da 010b948b p.lh             x9, 16(x23!)         x9=ffffff0b x23=1c000fd8 x23:1c000fc8  PA:1c000fc8
26927335ns          463691 1c0093de 2d411623 sh               x20, 716(x2)        x20:00000067  x2:100034d8  PA:100037a4
26927355ns          463692 1c0093e2 2d311723 sh               x19, 718(x2)        x19:ffffff21  x2:100034d8  PA:100037a6
26927375ns          463693 1c0093e6 c33ff0ef jal              x1, -974             x1=1c0093e8
26927455ns          463697 1c009018 00051803 lh               x16, 0(x10)         x16=00000067 x10:100037a4  PA:100037a4
26927494ns          463699 1c00901c 00251883 lh               x17, 2(x10)         x17=ffffff21 x10:100037a4  PA:100037a6
26927514ns          463700 1c009020 030806b3 mul              x13, x16, x16       x13=00002971 x16:00000067 x16:00000067
26927534ns          463701 1c009024 03188633 mul              x12, x17, x17       x12=0000c241 x17:ffffff21 x17:ffffff21
26927554ns          463702 1c009028 40a65613 srai             x12, x12, 0x40a     x12=00000030 x12:0000c241
26927574ns          463703 1c00902a 40a6d693 srai             x13, x13, 0x40a     x13=0000000a x13:00002971
26927594ns          463704 1c00902c 00c686b3 add              x13, x13, x12       x13=0000003a x13:0000000a x12:00000030
26927614ns          463705 1c00902e 1006c633 p.exths          x12, x13, x0        x12=0000003a x13:0000003a
26927634ns          463706 1c009032 00855703 lhu              x14, 8(x10)         x14=0000ffd1 x10:100037a4  PA:100037ac
26927653ns          463707 1c009036 00a55683 lhu              x13, 10(x10)        x13=0000ff6a x10:100037a4  PA:100037ae
26927673ns          463708 1c00903a 02c60333 mul              x6, x12, x12         x6=00000d24 x12:0000003a x12:0000003a
26927693ns          463709 1c00903e 00c55783 lhu              x15, 12(x10)        x15=0000ffe5 x10:100037a4  PA:100037b0
26927713ns          463710 1c009042 00e55583 lhu              x11, 14(x10)        x11=00000060 x10:100037a4  PA:100037b2
26927733ns          463711 1c009046 dea30333 p.extract        x6, x6, 15, 10       x6=00000003  x6:00000d24
26927753ns          463712 1c00904a 80c7075b p.muls           x14, x14, x12       x14=fffff55a x14:0000ffd1 x12:0000003a
26927793ns          463714 1c00904e 80c686db p.muls           x13, x13, x12       x13=ffffde04 x13:0000ff6a x12:0000003a
26927832ns          463716 1c009052 00455e83 lhu              x29, 4(x10)         x29=00000427 x10:100037a4  PA:100037a8
26927852ns          463717 1c009056 00655e03 lhu              x28, 6(x10)         x28=0000007f x10:100037a4  PA:100037aa
26927872ns          463718 1c00905a 40a75713 srai             x14, x14, 0x40a     x14=fffffffd x14:fffff55a
26927892ns          463719 1c00905c 806787db p.muls           x15, x15, x6        x15=ffffffaf x15:0000ffe5  x6:00000003
26927912ns          463720 1c009060 40a6d693 srai             x13, x13, 0x40a     x13=fffffff7 x13:ffffde04
26927932ns          463721 1c009062 8065865b p.muls           x12, x11, x6        x12=00000120 x11:00000060  x6:00000003
26927952ns          463722 1c009066 40a7d793 srai             x15, x15, 0x40a     x15=ffffffff x15:ffffffaf
26927972ns          463723 1c009068 40a65613 srai             x12, x12, 0x40a     x12=00000000 x12:00000120
26927992ns          463724 1c00906a 01d70733 add              x14, x14, x29       x14=00000424 x14:fffffffd x29:00000427
26928011ns          463725 1c00906c 01c686b3 add              x13, x13, x28       x13=00000076 x13:fffffff7 x28:0000007f
26928031ns          463726 1c00906e 00c686b3 add              x13, x13, x12       x13=00000076 x13:00000076 x12:00000000
26928051ns          463727 1c009070 00f70733 add              x14, x14, x15       x14=00000423 x14:00000424 x15:ffffffff
26928071ns          463728 1c009072 100747b3 p.exths          x15, x14, x0        x15=00000423 x14:00000423
26928091ns          463729 1c009076 1006c733 p.exths          x14, x13, x0        x14=00000076 x13:00000076
26928111ns          463730 1c00907a 03170633 mul              x12, x14, x17       x12=ffff9936 x14:00000076 x17:ffffff21
26928131ns          463731 1c00907e 030786b3 mul              x13, x15, x16       x13=0001aa15 x15:00000423 x16:00000067
26928151ns          463732 1c009082 03070733 mul              x14, x14, x16       x14=00002f7a x14:00000076 x16:00000067
26928171ns          463733 1c009086 031787b3 mul              x15, x15, x17       x15=fffc6583 x15:00000423 x17:ffffff21
26928190ns          463734 1c00908a 40a6d693 srai             x13, x13, 0x40a     x13=0000006a x13:0001aa15
26928210ns          463735 1c00908c 40a65613 srai             x12, x12, 0x40a     x12=ffffffe6 x12:ffff9936
26928230ns          463736 1c00908e 40a7d793 srai             x15, x15, 0x40a     x15=ffffff19 x15:fffc6583
26928250ns          463737 1c009090 40a75713 srai             x14, x14, 0x40a     x14=0000000b x14:00002f7a
26928270ns          463738 1c009092 40c686b3 sub              x13, x13, x12       x13=00000084 x13:0000006a x12:ffffffe6
26928290ns          463739 1c009094 00e787b3 add              x15, x15, x14       x15=ffffff24 x15:ffffff19 x14:0000000b
26928310ns          463740 1c009096 00d51823 sh               x13, 16(x10)        x13:00000084 x10:100037a4  PA:100037b4
26928330ns          463741 1c00909a 00f51923 sh               x15, 18(x10)        x15:ffffff24 x10:100037a4  PA:100037b6
26928350ns          463742 1c00909e 00008067 jalr             x0, x1, 0            x1:1c0093e8
26928409ns          463745 1c0093e8 2dc15583 lhu              x11, 732(x2)        x11=00000084  x2:100034d8  PA:100037b4
26928429ns          463746 1c0093ec 2de15783 lhu              x15, 734(x2)        x15=0000ff24  x2:100034d8  PA:100037b6
26928449ns          463747 1c0093f0 40b90933 sub              x18, x18, x11       x18=ffffffdc x18:00000060 x11:00000084
26928469ns          463748 1c0093f4 40f484b3 sub              x9, x9, x15          x9=fffeffe7  x9:ffffff0b x15:0000ff24
26928489ns          463749 1c0093f6 100945b3 p.exths          x11, x18, x0        x11=ffffffdc x18:ffffffdc
26928509ns          463750 1c0093fa 1004c7b3 p.exths          x15, x9, x0         x15=ffffffe7  x9:fffeffe7
26928529ns          463751 1c0093fe 034586b3 mul              x13, x11, x20       x13=fffff184 x11:ffffffdc x20:00000067
26928548ns          463752 1c009402 03378533 mul              x10, x15, x19       x10=000015c7 x15:ffffffe7 x19:ffffff21
26928568ns          463753 1c009406 034a0633 mul              x12, x20, x20       x12=00002971 x20:00000067 x20:00000067
26928588ns          463754 1c00940a 03398733 mul              x14, x19, x19       x14=0000c241 x19:ffffff21 x19:ffffff21
26928648ns          463757 1c00940e 034787b3 mul              x15, x15, x20       x15=fffff5f1 x15:ffffffe7 x20:00000067
26928688ns          463759 1c009412 033585b3 mul              x11, x11, x19       x11=00001f5c x11:ffffffdc x19:ffffff21
26928708ns          463760 1c009416 40a75713 srai             x14, x14, 0x40a     x14=00000030 x14:0000c241
26928727ns          463761 1c009418 40a5d593 srai             x11, x11, 0x40a     x11=00000007 x11:00001f5c
26928747ns          463762 1c00941a 40a65613 srai             x12, x12, 0x40a     x12=0000000a x12:00002971
26928767ns          463763 1c00941c 40a7d793 srai             x15, x15, 0x40a     x15=fffffffd x15:fffff5f1
26928787ns          463764 1c00941e 1c0034b7 lui              x9, 0x1c003000       x9=1c003000
26928807ns          463765 1c009422 00e60633 add              x12, x12, x14       x12=0000003a x12:0000000a x14:00000030
26928827ns          463766 1c009424 40b787b3 sub              x15, x15, x11       x15=fffffff6 x15:fffffffd x11:00000007
26928847ns          463767 1c009426 eb048493 addi             x9, x9, -336         x9=1c002eb0  x9:1c003000
26928867ns          463768 1c00942a 1c0032b7 lui              x5, 0x1c003000       x5=1c003000
26928886ns          463769 1c00942e 1c0035b7 lui              x11, 0x1c003000     x11=1c003000
26928906ns          463770 1c009432 018483b3 add              x7, x9, x24          x7=1c002ebc  x9:1c002eb0 x24:0000000c
26928926ns          463771 1c009436 02812e83 lw               x29, 40(x2)         x29=1c002ecc  x2:100034d8  PA:10003500
26928946ns          463772 1c009438 10065633 p.exthz          x12, x12, x0        x12=0000003a x12:0000003a
26928966ns          463773 1c00943c e8028293 addi             x5, x5, -384         x5=1c002e80  x5:1c003000
26929006ns          463775 1c009440 ea058593 addi             x11, x11, -352      x11=1c002ea0 x11:1c003000
26929046ns          463777 1c009444 03812483 lw               x9, 56(x2)           x9=1c002eec  x2:100034d8  PA:10003510
26929065ns          463778 1c009446 10064733 p.exths          x14, x12, x0        x14=0000003a x12:0000003a
26929085ns          463779 1c00944a 018280b3 add              x1, x5, x24          x1=1c002e8c  x5:1c002e80 x24:0000000c
26929105ns          463780 1c00944e 03012f03 lw               x30, 48(x2)         x30=1c002edc  x2:100034d8  PA:10003508
26929145ns          463782 1c009450 018582b3 add              x5, x11, x24         x5=1c002eac x11:1c002ea0 x24:0000000c
26929185ns          463784 1c009454 04012583 lw               x11, 64(x2)         x11=1c002efc  x2:100034d8  PA:10003518
26929205ns          463785 1c009456 000edd83 lhu              x27, 0(x29)         x27=00000aa8 x29:1c002ecc  PA:1c002ecc
26929583ns          463804 1c00945a 0004d483 lhu              x9, 0(x9)            x9=00000104  x9:1c002eec  PA:1c002eec
26929881ns          463819 1c00945e 02e70333 mul              x6, x14, x14         x6=00000d24 x14:0000003a x14:0000003a
26929901ns          463820 1c009462 40a55513 srai             x10, x10, 0x40a     x10=00000005 x10:000015c7
26929921ns          463821 1c009464 04812e83 lw               x29, 72(x2)         x29=1c002f0c  x2:100034d8  PA:10003520
26929941ns          463822 1c009466 40a6d693 srai             x13, x13, 0x40a     x13=fffffffc x13:fffff184
26929960ns          463823 1c009468 000f5d03 lhu              x26, 0(x30)         x26=000002f5 x30:1c002edc  PA:1c002edc
26930279ns          463839 1c00946c 0005d583 lhu              x11, 0(x11)         x11=00000064 x11:1c002efc  PA:1c002efc
26930637ns          463857 1c009470 40a35313 srai             x6, x6, 0x40a        x6=00000003  x6:00000d24
26930657ns          463858 1c009474 00a686b3 add              x13, x13, x10       x13=00000001 x13:fffffffc x10:00000005
26930676ns          463859 1c009476 05012f03 lw               x30, 80(x2)         x30=1c002e7c  x2:100034d8  PA:10003528
26930696ns          463860 1c009478 10034e33 p.exths          x28, x6, x0         x28=00000003  x6:00000003
26930716ns          463861 1c00947c 06911023 sh               x9, 96(x2)           x9:00000104  x2:100034d8  PA:10003538
26930736ns          463862 1c009480 000ede83 lhu              x29, 0(x29)         x29=00000028 x29:1c002f0c  PA:1c002f0c
26931054ns          463878 1c009484 05812483 lw               x9, 88(x2)           x9=1c002e6c  x2:100034d8  PA:10003530
26931074ns          463879 1c009486 1006d6b3 p.exthz          x13, x13, x0        x13=00000001 x13:00000001
26931094ns          463880 1c00948a 02ee08b3 mul              x17, x28, x14       x17=000000ae x28:00000003 x14:0000003a
26931114ns          463881 1c00948e 1006c833 p.exths          x16, x13, x0        x16=00000001 x13:00000001
26931134ns          463882 1c009492 06b11823 sh               x11, 112(x2)        x11:00000064  x2:100034d8  PA:10003548
26931154ns          463883 1c009496 000f5f03 lhu              x30, 0(x30)         x30=0000ff84 x30:1c002e7c  PA:1c002e7c
26931472ns          463899 1c00949a 0a012583 lw               x11, 160(x2)        x11=1c002e9c  x2:100034d8  PA:10003578
26931492ns          463900 1c00949c 1007d7b3 p.exthz          x15, x15, x0        x15=0000fff6 x15:fffffff6
26931512ns          463901 1c0094a0 0004da03 lhu              x20, 0(x9)          x20=0000fd6f  x9:1c002e6c  PA:1c002e6c
26931850ns          463918 1c0094a4 1007c533 p.exths          x10, x15, x0        x10=fffffff6 x15:0000fff6
26931870ns          463919 1c0094a8 09d11023 sh               x29, 128(x2)        x29:00000028  x2:100034d8  PA:10003558
26931890ns          463920 1c0094ac 0003d483 lhu              x9, 0(x7)            x9=0000ffea  x7:1c002ebc  PA:1c002ebc
26932188ns          463935 1c0094b0 02e80eb3 mul              x29, x16, x14       x29=0000003a x16:00000001 x14:0000003a
26932208ns          463936 1c0094b4 40a8d893 srai             x17, x17, 0x40a     x17=00000000 x17:000000ae
26932228ns          463937 1c0094b8 03c80833 mul              x16, x16, x28       x16=00000003 x16:00000001 x28:00000003
26932248ns          463938 1c0094bc 09e11823 sh               x30, 144(x2)        x30:0000ff84  x2:100034d8  PA:10003568
26932267ns          463939 1c0094c0 0005d983 lhu              x19, 0(x11)         x19=0000ffd2 x11:1c002e9c  PA:1c002e9c
26932586ns          463955 1c0094c4 81c88f5b p.muls           x30, x17, x28       x30=00000000 x17:00000000 x28:00000003
26932606ns          463956 1c0094c8 0002d583 lhu              x11, 0(x5)          x11=0000ffb0  x5:1c002eac  PA:1c002eac
26932904ns          463971 1c0094cc 03ce0fb3 mul              x31, x28, x28       x31=00000009 x28:00000003 x28:00000003
26932924ns          463972 1c0094d0 02e50733 mul              x14, x10, x14       x14=fffffdbc x10:fffffff6 x14:0000003a
26932944ns          463973 1c0094d4 40a85813 srai             x16, x16, 0x40a     x16=00000000 x16:00000003
26932964ns          463974 1c0094d8 03c50533 mul              x10, x10, x28       x10=ffffffe2 x10:fffffff6 x28:00000003
26932983ns          463975 1c0094dc 07015e03 lhu              x28, 112(x2)        x28=00000064  x2:100034d8  PA:10003548
26933023ns          463977 1c0094e0 01b60633 add              x12, x12, x27       x12=00000ae2 x12:0000003a x27:00000aa8
26933043ns          463978 1c0094e2 00980833 add              x16, x16, x9        x16=0000ffea x16:00000000  x9:0000ffea
26933063ns          463979 1c0094e4 06015d83 lhu              x27, 96(x2)         x27=00000104  x2:100034d8  PA:10003538
26933083ns          463980 1c0094e8 02812483 lw               x9, 40(x2)           x9=1c002ecc  x2:100034d8  PA:10003500
26933103ns          463981 1c0094ea 40afdf93 srai             x31, x31, 0x40a     x31=00000000 x31:00000009
26933123ns          463982 1c0094ee 40a55513 srai             x10, x10, 0x40a     x10=ffffffff x10:ffffffe2
26933143ns          463983 1c0094f0 01cf8fb3 add              x31, x31, x28       x31=00000064 x31:00000000 x28:00000064
26933162ns          463984 1c0094f2 00b50533 add              x10, x10, x11       x10=0000ffaf x10:ffffffff x11:0000ffb0
26933182ns          463985 1c0094f4 09015e03 lhu              x28, 144(x2)        x28=0000ff84  x2:100034d8  PA:10003568
26933202ns          463986 1c0094f8 03012583 lw               x11, 48(x2)         x11=1c002edc  x2:100034d8  PA:10003508
26933222ns          463987 1c0094fa 00c49023 sh               x12, 0(x9)          x12:00000ae2  x9:1c002ecc  PA:1c002ecc
26933540ns          464003 1c0094fe 01b888b3 add              x17, x17, x27       x17=00000104 x17:00000000 x27:00000104
26933560ns          464004 1c009500 01a30333 add              x6, x6, x26          x6=000002f8  x6:00000003 x26:000002f5
26933580ns          464005 1c009502 08015d83 lhu              x27, 128(x2)        x27=00000028  x2:100034d8  PA:10003558
26933600ns          464006 1c009506 0000d903 lhu              x18, 0(x1)          x18=0000ff32  x1:1c002e8c  PA:1c002e8c
26933898ns          464021 1c00950a 01c686b3 add              x13, x13, x28       x13=0000ff85 x13:00000001 x28:0000ff84
26933918ns          464022 1c00950c 00659023 sh               x6, 0(x11)           x6:000002f8 x11:1c002edc  PA:1c002edc
26934236ns          464038 1c009510 40af5f13 srai             x30, x30, 0x40a     x30=00000000 x30:00000000
26934256ns          464039 1c009514 04812e03 lw               x28, 72(x2)         x28=1c002f0c  x2:100034d8  PA:10003520
26934276ns          464040 1c009516 01bf0f33 add              x30, x30, x27       x30=00000028 x30:00000000 x27:00000028
26934296ns          464041 1c009518 40aede93 srai             x29, x29, 0x40a     x29=00000000 x29:0000003a
26934316ns          464042 1c00951c 40a75713 srai             x14, x14, 0x40a     x14=ffffffff x14:fffffdbc
26934336ns          464043 1c00951e 03812603 lw               x12, 56(x2)         x12=1c002eec  x2:100034d8  PA:10003510
26934356ns          464044 1c009520 04012d83 lw               x27, 64(x2)         x27=1c002efc  x2:100034d8  PA:10003518
26934376ns          464045 1c009522 01ee1023 sh               x30, 0(x28)         x30:00000028 x28:1c002f0c  PA:1c002f0c
26934714ns          464062 1c009526 05812483 lw               x9, 88(x2)           x9=1c002e6c  x2:100034d8  PA:10003530
26934734ns          464063 1c009528 05012f03 lw               x30, 80(x2)         x30=1c002e7c  x2:100034d8  PA:10003528
26934753ns          464064 1c00952a 0a012583 lw               x11, 160(x2)        x11=1c002e9c  x2:100034d8  PA:10003578
26934773ns          464065 1c00952c 014787b3 add              x15, x15, x20       x15=0001fd65 x15:0000fff6 x20:0000fd6f
26934793ns          464066 1c00952e 013e8eb3 add              x29, x29, x19       x29=0000ffd2 x29:00000000 x19:0000ffd2
26934813ns          464067 1c009530 01270733 add              x14, x14, x18       x14=0000ff31 x14:ffffffff x18:0000ff32
26934833ns          464068 1c009532 00f49023 sh               x15, 0(x9)          x15:0001fd65  x9:1c002e6c  PA:1c002e6c
26935151ns          464084 1c009536 01161023 sh               x17, 0(x12)         x17:00000104 x12:1c002eec  PA:1c002eec
26935489ns          464101 1c00953a 01fd9023 sh               x31, 0(x27)         x31:00000064 x27:1c002efc  PA:1c002efc
26935827ns          464118 1c00953e 00df1023 sh               x13, 0(x30)         x13:0000ff85 x30:1c002e7c  PA:1c002e7c
26936146ns          464134 1c009542 01d59023 sh               x29, 0(x11)         x29:0000ffd2 x11:1c002e9c  PA:1c002e9c
26936464ns          464150 1c009546 00e09023 sh               x14, 0(x1)          x14:0000ff31  x1:1c002e8c  PA:1c002e8c
26936782ns          464166 1c00954a 01039023 sh               x16, 0(x7)          x16:0000ffea  x7:1c002ebc  PA:1c002ebc
26937100ns          464182 1c00954e 00a29023 sh               x10, 0(x5)          x10:0000ffaf  x5:1c002eac  PA:1c002eac
26937418ns          464198 1c009552 008b0b13 addi             x22, x22, 8         x22=00000096 x22:0000008e
26937438ns          464199 1c009554 1f300793 addi             x15, x0, 499        x15=000001f3
26937458ns          464200 1c009558 e767dae3 bge              x15, x22, -396      x15:000001f3 x22:00000096
26937518ns          464203 1c0093cc 010c9a0b p.lh             x20, 16(x25!)       x20=fffffe57 x25=1c0027c4 x25:1c0027b4  PA:1c0027b4
26937876ns          464221 1c0093d0 0104198b p.lh             x19, 16(x8!)        x19=000000be  x8=1c001f8c  x8:1c001f7c  PA:1c001f7c
26938174ns          464236 1c0093d4 2cc10513 addi             x10, x2, 716        x10=100037a4  x2:100034d8
26938194ns          464237 1c0093d6 010a990b p.lh             x18, 16(x21!)       x18=fffffe77 x21=1c0017b8 x21:1c0017a8  PA:1c0017a8
26938512ns          464253 1c0093da 010b948b p.lh             x9, 16(x23!)         x9=000000fa x23=1c000fe8 x23:1c000fd8  PA:1c000fd8
26938811ns          464268 1c0093de 2d411623 sh               x20, 716(x2)        x20:fffffe57  x2:100034d8  PA:100037a4
26938850ns          464270 1c0093e2 2d311723 sh               x19, 718(x2)        x19:000000be  x2:100034d8  PA:100037a6
26938870ns          464271 1c0093e6 c33ff0ef jal              x1, -974             x1=1c0093e8
26938950ns          464275 1c009018 00051803 lh               x16, 0(x10)         x16=fffffe57 x10:100037a4  PA:100037a4
26938990ns          464277 1c00901c 00251883 lh               x17, 2(x10)         x17=000000be x10:100037a4  PA:100037a6
26939009ns          464278 1c009020 030806b3 mul              x13, x16, x16       x13=0002c191 x16:fffffe57 x16:fffffe57
26939029ns          464279 1c009024 03188633 mul              x12, x17, x17       x12=00008d04 x17:000000be x17:000000be
26939049ns          464280 1c009028 40a65613 srai             x12, x12, 0x40a     x12=00000023 x12:00008d04
26939069ns          464281 1c00902a 40a6d693 srai             x13, x13, 0x40a     x13=000000b0 x13:0002c191
26939089ns          464282 1c00902c 00c686b3 add              x13, x13, x12       x13=000000d3 x13:000000b0 x12:00000023
26939109ns          464283 1c00902e 1006c633 p.exths          x12, x13, x0        x12=000000d3 x13:000000d3
26939129ns          464284 1c009032 00855703 lhu              x14, 8(x10)         x14=0000ffd1 x10:100037a4  PA:100037ac
26939149ns          464285 1c009036 00a55683 lhu              x13, 10(x10)        x13=0000ff6a x10:100037a4  PA:100037ae
26939169ns          464286 1c00903a 02c60333 mul              x6, x12, x12         x6=0000ade9 x12:000000d3 x12:000000d3
26939188ns          464287 1c00903e 00c55783 lhu              x15, 12(x10)        x15=0000ffe5 x10:100037a4  PA:100037b0
26939208ns          464288 1c009042 00e55583 lhu              x11, 14(x10)        x11=00000060 x10:100037a4  PA:100037b2
26939228ns          464289 1c009046 dea30333 p.extract        x6, x6, 15, 10       x6=0000002b  x6:0000ade9
26939248ns          464290 1c00904a 80c7075b p.muls           x14, x14, x12       x14=ffffd943 x14:0000ffd1 x12:000000d3
26939288ns          464292 1c00904e 80c686db p.muls           x13, x13, x12       x13=ffff845e x13:0000ff6a x12:000000d3
26939328ns          464294 1c009052 00455e83 lhu              x29, 4(x10)         x29=00000427 x10:100037a4  PA:100037a8
26939348ns          464295 1c009056 00655e03 lhu              x28, 6(x10)         x28=0000007f x10:100037a4  PA:100037aa
26939367ns          464296 1c00905a 40a75713 srai             x14, x14, 0x40a     x14=fffffff6 x14:ffffd943
26939387ns          464297 1c00905c 806787db p.muls           x15, x15, x6        x15=fffffb77 x15:0000ffe5  x6:0000002b
26939407ns          464298 1c009060 40a6d693 srai             x13, x13, 0x40a     x13=ffffffe1 x13:ffff845e
26939427ns          464299 1c009062 8065865b p.muls           x12, x11, x6        x12=00001020 x11:00000060  x6:0000002b
26939447ns          464300 1c009066 40a7d793 srai             x15, x15, 0x40a     x15=fffffffe x15:fffffb77
26939467ns          464301 1c009068 40a65613 srai             x12, x12, 0x40a     x12=00000004 x12:00001020
26939487ns          464302 1c00906a 01d70733 add              x14, x14, x29       x14=0000041d x14:fffffff6 x29:00000427
26939507ns          464303 1c00906c 01c686b3 add              x13, x13, x28       x13=00000060 x13:ffffffe1 x28:0000007f
26939527ns          464304 1c00906e 00c686b3 add              x13, x13, x12       x13=00000064 x13:00000060 x12:00000004
26939546ns          464305 1c009070 00f70733 add              x14, x14, x15       x14=0000041b x14:0000041d x15:fffffffe
26939566ns          464306 1c009072 100747b3 p.exths          x15, x14, x0        x15=0000041b x14:0000041b
26939586ns          464307 1c009076 1006c733 p.exths          x14, x13, x0        x14=00000064 x13:00000064
26939606ns          464308 1c00907a 03170633 mul              x12, x14, x17       x12=00004a38 x14:00000064 x17:000000be
26939626ns          464309 1c00907e 030786b3 mul              x13, x15, x16       x13=fff92f2d x15:0000041b x16:fffffe57
26939646ns          464310 1c009082 03070733 mul              x14, x14, x16       x14=ffff59fc x14:00000064 x16:fffffe57
26939666ns          464311 1c009086 031787b3 mul              x15, x15, x17       x15=00030c0a x15:0000041b x17:000000be
26939686ns          464312 1c00908a 40a6d693 srai             x13, x13, 0x40a     x13=fffffe4b x13:fff92f2d
26939706ns          464313 1c00908c 40a65613 srai             x12, x12, 0x40a     x12=00000012 x12:00004a38
26939725ns          464314 1c00908e 40a7d793 srai             x15, x15, 0x40a     x15=000000c3 x15:00030c0a
26939745ns          464315 1c009090 40a75713 srai             x14, x14, 0x40a     x14=ffffffd6 x14:ffff59fc
26939765ns          464316 1c009092 40c686b3 sub              x13, x13, x12       x13=fffffe39 x13:fffffe4b x12:00000012
26939785ns          464317 1c009094 00e787b3 add              x15, x15, x14       x15=00000099 x15:000000c3 x14:ffffffd6
26939805ns          464318 1c009096 00d51823 sh               x13, 16(x10)        x13:fffffe39 x10:100037a4  PA:100037b4
26939845ns          464320 1c00909a 00f51923 sh               x15, 18(x10)        x15:00000099 x10:100037a4  PA:100037b6
26939885ns          464322 1c00909e 00008067 jalr             x0, x1, 0            x1:1c0093e8
26939904ns          464323 1c0093e8 2dc15583 lhu              x11, 732(x2)        x11=0000fe39  x2:100034d8  PA:100037b4
26939924ns          464324 1c0093ec 2de15783 lhu              x15, 734(x2)        x15=00000099  x2:100034d8  PA:100037b6
26939944ns          464325 1c0093f0 40b90933 sub              x18, x18, x11       x18=ffff003e x18:fffffe77 x11:0000fe39
26939964ns          464326 1c0093f4 40f484b3 sub              x9, x9, x15          x9=00000061  x9:000000fa x15:00000099
26939984ns          464327 1c0093f6 100945b3 p.exths          x11, x18, x0        x11=0000003e x18:ffff003e
26940004ns          464328 1c0093fa 1004c7b3 p.exths          x15, x9, x0         x15=00000061  x9:00000061
26940024ns          464329 1c0093fe 034586b3 mul              x13, x11, x20       x13=ffff9912 x11:0000003e x20:fffffe57
26940044ns          464330 1c009402 03378533 mul              x10, x15, x19       x10=000047fe x15:00000061 x19:000000be
26940064ns          464331 1c009406 034a0633 mul              x12, x20, x20       x12=0002c191 x20:fffffe57 x20:fffffe57
26940083ns          464332 1c00940a 03398733 mul              x14, x19, x19       x14=00008d04 x19:000000be x19:000000be
26940103ns          464333 1c00940e 034787b3 mul              x15, x15, x20       x15=ffff5ef7 x15:00000061 x20:fffffe57
26940123ns          464334 1c009412 033585b3 mul              x11, x11, x19       x11=00002e04 x11:0000003e x19:000000be
26940143ns          464335 1c009416 40a75713 srai             x14, x14, 0x40a     x14=00000023 x14:00008d04
26940163ns          464336 1c009418 40a5d593 srai             x11, x11, 0x40a     x11=0000000b x11:00002e04
26940183ns          464337 1c00941a 40a65613 srai             x12, x12, 0x40a     x12=000000b0 x12:0002c191
26940203ns          464338 1c00941c 40a7d793 srai             x15, x15, 0x40a     x15=ffffffd7 x15:ffff5ef7
26940223ns          464339 1c00941e 1c0034b7 lui              x9, 0x1c003000       x9=1c003000
26940243ns          464340 1c009422 00e60633 add              x12, x12, x14       x12=000000d3 x12:000000b0 x14:00000023
26940262ns          464341 1c009424 40b787b3 sub              x15, x15, x11       x15=ffffffcc x15:ffffffd7 x11:0000000b
26940282ns          464342 1c009426 eb048493 addi             x9, x9, -336         x9=1c002eb0  x9:1c003000
26940302ns          464343 1c00942a 1c0032b7 lui              x5, 0x1c003000       x5=1c003000
26940322ns          464344 1c00942e 1c0035b7 lui              x11, 0x1c003000     x11=1c003000
26940342ns          464345 1c009432 018483b3 add              x7, x9, x24          x7=1c002ebc  x9:1c002eb0 x24:0000000c
26940362ns          464346 1c009436 02812e83 lw               x29, 40(x2)         x29=1c002ecc  x2:100034d8  PA:10003500
26940382ns          464347 1c009438 10065633 p.exthz          x12, x12, x0        x12=000000d3 x12:000000d3
26940402ns          464348 1c00943c e8028293 addi             x5, x5, -384         x5=1c002e80  x5:1c003000
26940422ns          464349 1c009440 ea058593 addi             x11, x11, -352      x11=1c002ea0 x11:1c003000
26940441ns          464350 1c009444 03812483 lw               x9, 56(x2)           x9=1c002eec  x2:100034d8  PA:10003510
26940461ns          464351 1c009446 10064733 p.exths          x14, x12, x0        x14=000000d3 x12:000000d3
26940481ns          464352 1c00944a 018280b3 add              x1, x5, x24          x1=1c002e8c  x5:1c002e80 x24:0000000c
26940501ns          464353 1c00944e 03012f03 lw               x30, 48(x2)         x30=1c002edc  x2:100034d8  PA:10003508
26940521ns          464354 1c009450 018582b3 add              x5, x11, x24         x5=1c002eac x11:1c002ea0 x24:0000000c
26940561ns          464356 1c009454 04012583 lw               x11, 64(x2)         x11=1c002efc  x2:100034d8  PA:10003518
26940581ns          464357 1c009456 000edd83 lhu              x27, 0(x29)         x27=00000ae2 x29:1c002ecc  PA:1c002ecc
26940919ns          464374 1c00945a 0004d483 lhu              x9, 0(x9)            x9=00000104  x9:1c002eec  PA:1c002eec
26941237ns          464390 1c00945e 02e70333 mul              x6, x14, x14         x6=0000ade9 x14:000000d3 x14:000000d3
26941257ns          464391 1c009462 40a55513 srai             x10, x10, 0x40a     x10=00000011 x10:000047fe
26941277ns          464392 1c009464 04812e83 lw               x29, 72(x2)         x29=1c002f0c  x2:100034d8  PA:10003520
26941297ns          464393 1c009466 40a6d693 srai             x13, x13, 0x40a     x13=ffffffe6 x13:ffff9912
26941316ns          464394 1c009468 000f5d03 lhu              x26, 0(x30)         x26=000002f8 x30:1c002edc  PA:1c002edc
26941635ns          464410 1c00946c 0005d583 lhu              x11, 0(x11)         x11=00000064 x11:1c002efc  PA:1c002efc
26941933ns          464425 1c009470 40a35313 srai             x6, x6, 0x40a        x6=0000002b  x6:0000ade9
26941953ns          464426 1c009474 00a686b3 add              x13, x13, x10       x13=fffffff7 x13:ffffffe6 x10:00000011
26941973ns          464427 1c009476 05012f03 lw               x30, 80(x2)         x30=1c002e7c  x2:100034d8  PA:10003528
26941993ns          464428 1c009478 10034e33 p.exths          x28, x6, x0         x28=0000002b  x6:0000002b
26942013ns          464429 1c00947c 06911023 sh               x9, 96(x2)           x9:00000104  x2:100034d8  PA:10003538
26942032ns          464430 1c009480 000ede83 lhu              x29, 0(x29)         x29=00000028 x29:1c002f0c  PA:1c002f0c
26942371ns          464447 1c009484 05812483 lw               x9, 88(x2)           x9=1c002e6c  x2:100034d8  PA:10003530
26942390ns          464448 1c009486 1006d6b3 p.exthz          x13, x13, x0        x13=0000fff7 x13:fffffff7
26942410ns          464449 1c00948a 02ee08b3 mul              x17, x28, x14       x17=00002371 x28:0000002b x14:000000d3
26942430ns          464450 1c00948e 1006c833 p.exths          x16, x13, x0        x16=fffffff7 x13:0000fff7
26942450ns          464451 1c009492 06b11823 sh               x11, 112(x2)        x11:00000064  x2:100034d8  PA:10003548
26942470ns          464452 1c009496 000f5f03 lhu              x30, 0(x30)         x30=0000ff85 x30:1c002e7c  PA:1c002e7c
26942808ns          464469 1c00949a 0a012583 lw               x11, 160(x2)        x11=1c002e9c  x2:100034d8  PA:10003578
26942828ns          464470 1c00949c 1007d7b3 p.exthz          x15, x15, x0        x15=0000ffcc x15:ffffffcc
26942848ns          464471 1c0094a0 0004da03 lhu              x20, 0(x9)          x20=0000fd65  x9:1c002e6c  PA:1c002e6c
26943146ns          464486 1c0094a4 1007c533 p.exths          x10, x15, x0        x10=ffffffcc x15:0000ffcc
26943166ns          464487 1c0094a8 09d11023 sh               x29, 128(x2)        x29:00000028  x2:100034d8  PA:10003558
26943186ns          464488 1c0094ac 0003d483 lhu              x9, 0(x7)            x9=0000ffea  x7:1c002ebc  PA:1c002ebc
26943484ns          464503 1c0094b0 02e80eb3 mul              x29, x16, x14       x29=fffff895 x16:fffffff7 x14:000000d3
26943504ns          464504 1c0094b4 40a8d893 srai             x17, x17, 0x40a     x17=00000008 x17:00002371
26943524ns          464505 1c0094b8 03c80833 mul              x16, x16, x28       x16=fffffe7d x16:fffffff7 x28:0000002b
26943544ns          464506 1c0094bc 09e11823 sh               x30, 144(x2)        x30:0000ff85  x2:100034d8  PA:10003568
26943564ns          464507 1c0094c0 0005d983 lhu              x19, 0(x11)         x19=0000ffd2 x11:1c002e9c  PA:1c002e9c
26943902ns          464524 1c0094c4 81c88f5b p.muls           x30, x17, x28       x30=00000158 x17:00000008 x28:0000002b
26943922ns          464525 1c0094c8 0002d583 lhu              x11, 0(x5)          x11=0000ffaf  x5:1c002eac  PA:1c002eac
26944220ns          464540 1c0094cc 03ce0fb3 mul              x31, x28, x28       x31=00000739 x28:0000002b x28:0000002b
26944240ns          464541 1c0094d0 02e50733 mul              x14, x10, x14       x14=ffffd524 x10:ffffffcc x14:000000d3
26944260ns          464542 1c0094d4 40a85813 srai             x16, x16, 0x40a     x16=ffffffff x16:fffffe7d
26944280ns          464543 1c0094d8 03c50533 mul              x10, x10, x28       x10=fffff744 x10:ffffffcc x28:0000002b
26944300ns          464544 1c0094dc 07015e03 lhu              x28, 112(x2)        x28=00000064  x2:100034d8  PA:10003548
26944339ns          464546 1c0094e0 01b60633 add              x12, x12, x27       x12=00000bb5 x12:000000d3 x27:00000ae2
26944359ns          464547 1c0094e2 00980833 add              x16, x16, x9        x16=0000ffe9 x16:ffffffff  x9:0000ffea
26944379ns          464548 1c0094e4 06015d83 lhu              x27, 96(x2)         x27=00000104  x2:100034d8  PA:10003538
26944399ns          464549 1c0094e8 02812483 lw               x9, 40(x2)           x9=1c002ecc  x2:100034d8  PA:10003500
26944419ns          464550 1c0094ea 40afdf93 srai             x31, x31, 0x40a     x31=00000001 x31:00000739
26944439ns          464551 1c0094ee 40a55513 srai             x10, x10, 0x40a     x10=fffffffd x10:fffff744
26944459ns          464552 1c0094f0 01cf8fb3 add              x31, x31, x28       x31=00000065 x31:00000001 x28:00000064
26944479ns          464553 1c0094f2 00b50533 add              x10, x10, x11       x10=0000ffac x10:fffffffd x11:0000ffaf
26944499ns          464554 1c0094f4 09015e03 lhu              x28, 144(x2)        x28=0000ff85  x2:100034d8  PA:10003568
26944518ns          464555 1c0094f8 03012583 lw               x11, 48(x2)         x11=1c002edc  x2:100034d8  PA:10003508
26944538ns          464556 1c0094fa 00c49023 sh               x12, 0(x9)          x12:00000bb5  x9:1c002ecc  PA:1c002ecc
26944876ns          464573 1c0094fe 01b888b3 add              x17, x17, x27       x17=0000010c x17:00000008 x27:00000104
26944896ns          464574 1c009500 01a30333 add              x6, x6, x26          x6=00000323  x6:0000002b x26:000002f8
26944916ns          464575 1c009502 08015d83 lhu              x27, 128(x2)        x27=00000028  x2:100034d8  PA:10003558
26944936ns          464576 1c009506 0000d903 lhu              x18, 0(x1)          x18=0000ff31  x1:1c002e8c  PA:1c002e8c
26945234ns          464591 1c00950a 01c686b3 add              x13, x13, x28       x13=0001ff7c x13:0000fff7 x28:0000ff85
26945254ns          464592 1c00950c 00659023 sh               x6, 0(x11)           x6:00000323 x11:1c002edc  PA:1c002edc
26945573ns          464608 1c009510 40af5f13 srai             x30, x30, 0x40a     x30=00000000 x30:00000158
26945592ns          464609 1c009514 04812e03 lw               x28, 72(x2)         x28=1c002f0c  x2:100034d8  PA:10003520
26945612ns          464610 1c009516 01bf0f33 add              x30, x30, x27       x30=00000028 x30:00000000 x27:00000028
26945632ns          464611 1c009518 40aede93 srai             x29, x29, 0x40a     x29=fffffffe x29:fffff895
26945652ns          464612 1c00951c 40a75713 srai             x14, x14, 0x40a     x14=fffffff5 x14:ffffd524
26945672ns          464613 1c00951e 03812603 lw               x12, 56(x2)         x12=1c002eec  x2:100034d8  PA:10003510
26945692ns          464614 1c009520 04012d83 lw               x27, 64(x2)         x27=1c002efc  x2:100034d8  PA:10003518
26945712ns          464615 1c009522 01ee1023 sh               x30, 0(x28)         x30:00000028 x28:1c002f0c  PA:1c002f0c
26946030ns          464631 1c009526 05812483 lw               x9, 88(x2)           x9=1c002e6c  x2:100034d8  PA:10003530
26946050ns          464632 1c009528 05012f03 lw               x30, 80(x2)         x30=1c002e7c  x2:100034d8  PA:10003528
26946070ns          464633 1c00952a 0a012583 lw               x11, 160(x2)        x11=1c002e9c  x2:100034d8  PA:10003578
26946090ns          464634 1c00952c 014787b3 add              x15, x15, x20       x15=0001fd31 x15:0000ffcc x20:0000fd65
26946110ns          464635 1c00952e 013e8eb3 add              x29, x29, x19       x29=0000ffd0 x29:fffffffe x19:0000ffd2
26946129ns          464636 1c009530 01270733 add              x14, x14, x18       x14=0000ff26 x14:fffffff5 x18:0000ff31
26946149ns          464637 1c009532 00f49023 sh               x15, 0(x9)          x15:0001fd31  x9:1c002e6c  PA:1c002e6c
26946507ns          464655 1c009536 01161023 sh               x17, 0(x12)         x17:0000010c x12:1c002eec  PA:1c002eec
26946825ns          464671 1c00953a 01fd9023 sh               x31, 0(x27)         x31:00000065 x27:1c002efc  PA:1c002efc
26947183ns          464689 1c00953e 00df1023 sh               x13, 0(x30)         x13:0001ff7c x30:1c002e7c  PA:1c002e7c
26947502ns          464705 1c009542 01d59023 sh               x29, 0(x11)         x29:0000ffd0 x11:1c002e9c  PA:1c002e9c
26947820ns          464721 1c009546 00e09023 sh               x14, 0(x1)          x14:0000ff26  x1:1c002e8c  PA:1c002e8c
26948158ns          464738 1c00954a 01039023 sh               x16, 0(x7)          x16:0000ffe9  x7:1c002ebc  PA:1c002ebc
26948476ns          464754 1c00954e 00a29023 sh               x10, 0(x5)          x10:0000ffac  x5:1c002eac  PA:1c002eac
26948794ns          464770 1c009552 008b0b13 addi             x22, x22, 8         x22=0000009e x22:00000096
26948814ns          464771 1c009554 1f300793 addi             x15, x0, 499        x15=000001f3
26948834ns          464772 1c009558 e767dae3 bge              x15, x22, -396      x15:000001f3 x22:0000009e
26948934ns          464777 1c0093cc 010c9a0b p.lh             x20, 16(x25!)       x20=ffffff40 x25=1c0027d4 x25:1c0027c4  PA:1c0027c4
26949232ns          464792 1c0093d0 0104198b p.lh             x19, 16(x8!)        x19=0000006c  x8=1c001f9c  x8:1c001f8c  PA:1c001f8c
26949530ns          464807 1c0093d4 2cc10513 addi             x10, x2, 716        x10=100037a4  x2:100034d8
26949550ns          464808 1c0093d6 010a990b p.lh             x18, 16(x21!)       x18=ffffff47 x21=1c0017c8 x21:1c0017b8  PA:1c0017b8
26949848ns          464823 1c0093da 010b948b p.lh             x9, 16(x23!)         x9=00000070 x23=1c000ff8 x23:1c000fe8  PA:1c000fe8
26950147ns          464838 1c0093de 2d411623 sh               x20, 716(x2)        x20:ffffff40  x2:100034d8  PA:100037a4
26950167ns          464839 1c0093e2 2d311723 sh               x19, 718(x2)        x19:0000006c  x2:100034d8  PA:100037a6
26950187ns          464840 1c0093e6 c33ff0ef jal              x1, -974             x1=1c0093e8
26950226ns          464842 1c009018 00051803 lh               x16, 0(x10)         x16=ffffff40 x10:100037a4  PA:100037a4
26950246ns          464843 1c00901c 00251883 lh               x17, 2(x10)         x17=0000006c x10:100037a4  PA:100037a6
26950306ns          464846 1c009020 030806b3 mul              x13, x16, x16       x13=00009000 x16:ffffff40 x16:ffffff40
26950346ns          464848 1c009024 03188633 mul              x12, x17, x17       x12=00002d90 x17:0000006c x17:0000006c
26950366ns          464849 1c009028 40a65613 srai             x12, x12, 0x40a     x12=0000000b x12:00002d90
26950385ns          464850 1c00902a 40a6d693 srai             x13, x13, 0x40a     x13=00000024 x13:00009000
26950405ns          464851 1c00902c 00c686b3 add              x13, x13, x12       x13=0000002f x13:00000024 x12:0000000b
26950425ns          464852 1c00902e 1006c633 p.exths          x12, x13, x0        x12=0000002f x13:0000002f
26950445ns          464853 1c009032 00855703 lhu              x14, 8(x10)         x14=0000ffd1 x10:100037a4  PA:100037ac
26950465ns          464854 1c009036 00a55683 lhu              x13, 10(x10)        x13=0000ff6a x10:100037a4  PA:100037ae
26950485ns          464855 1c00903a 02c60333 mul              x6, x12, x12         x6=000008a1 x12:0000002f x12:0000002f
26950505ns          464856 1c00903e 00c55783 lhu              x15, 12(x10)        x15=0000ffe5 x10:100037a4  PA:100037b0
26950525ns          464857 1c009042 00e55583 lhu              x11, 14(x10)        x11=00000060 x10:100037a4  PA:100037b2
26950545ns          464858 1c009046 dea30333 p.extract        x6, x6, 15, 10       x6=00000002  x6:000008a1
26950564ns          464859 1c00904a 80c7075b p.muls           x14, x14, x12       x14=fffff75f x14:0000ffd1 x12:0000002f
26950604ns          464861 1c00904e 80c686db p.muls           x13, x13, x12       x13=ffffe476 x13:0000ff6a x12:0000002f
26950644ns          464863 1c009052 00455e83 lhu              x29, 4(x10)         x29=00000427 x10:100037a4  PA:100037a8
26950664ns          464864 1c009056 00655e03 lhu              x28, 6(x10)         x28=0000007f x10:100037a4  PA:100037aa
26950684ns          464865 1c00905a 40a75713 srai             x14, x14, 0x40a     x14=fffffffd x14:fffff75f
26950704ns          464866 1c00905c 806787db p.muls           x15, x15, x6        x15=ffffffca x15:0000ffe5  x6:00000002
26950724ns          464867 1c009060 40a6d693 srai             x13, x13, 0x40a     x13=fffffff9 x13:ffffe476
26950743ns          464868 1c009062 8065865b p.muls           x12, x11, x6        x12=000000c0 x11:00000060  x6:00000002
26950763ns          464869 1c009066 40a7d793 srai             x15, x15, 0x40a     x15=ffffffff x15:ffffffca
26950783ns          464870 1c009068 40a65613 srai             x12, x12, 0x40a     x12=00000000 x12:000000c0
26950803ns          464871 1c00906a 01d70733 add              x14, x14, x29       x14=00000424 x14:fffffffd x29:00000427
26950823ns          464872 1c00906c 01c686b3 add              x13, x13, x28       x13=00000078 x13:fffffff9 x28:0000007f
26950843ns          464873 1c00906e 00c686b3 add              x13, x13, x12       x13=00000078 x13:00000078 x12:00000000
26950863ns          464874 1c009070 00f70733 add              x14, x14, x15       x14=00000423 x14:00000424 x15:ffffffff
26950883ns          464875 1c009072 100747b3 p.exths          x15, x14, x0        x15=00000423 x14:00000423
26950903ns          464876 1c009076 1006c733 p.exths          x14, x13, x0        x14=00000078 x13:00000078
26950922ns          464877 1c00907a 03170633 mul              x12, x14, x17       x12=000032a0 x14:00000078 x17:0000006c
26950942ns          464878 1c00907e 030786b3 mul              x13, x15, x16       x13=fffce5c0 x15:00000423 x16:ffffff40
26950962ns          464879 1c009082 03070733 mul              x14, x14, x16       x14=ffffa600 x14:00000078 x16:ffffff40
26950982ns          464880 1c009086 031787b3 mul              x15, x15, x17       x15=0001bec4 x15:00000423 x17:0000006c
26951002ns          464881 1c00908a 40a6d693 srai             x13, x13, 0x40a     x13=ffffff39 x13:fffce5c0
26951022ns          464882 1c00908c 40a65613 srai             x12, x12, 0x40a     x12=0000000c x12:000032a0
26951042ns          464883 1c00908e 40a7d793 srai             x15, x15, 0x40a     x15=0000006f x15:0001bec4
26951062ns          464884 1c009090 40a75713 srai             x14, x14, 0x40a     x14=ffffffe9 x14:ffffa600
26951082ns          464885 1c009092 40c686b3 sub              x13, x13, x12       x13=ffffff2d x13:ffffff39 x12:0000000c
26951101ns          464886 1c009094 00e787b3 add              x15, x15, x14       x15=00000058 x15:0000006f x14:ffffffe9
26951121ns          464887 1c009096 00d51823 sh               x13, 16(x10)        x13:ffffff2d x10:100037a4  PA:100037b4
26951141ns          464888 1c00909a 00f51923 sh               x15, 18(x10)        x15:00000058 x10:100037a4  PA:100037b6
26951161ns          464889 1c00909e 00008067 jalr             x0, x1, 0            x1:1c0093e8
26951221ns          464892 1c0093e8 2dc15583 lhu              x11, 732(x2)        x11=0000ff2d  x2:100034d8  PA:100037b4
26951241ns          464893 1c0093ec 2de15783 lhu              x15, 734(x2)        x15=00000058  x2:100034d8  PA:100037b6
26951260ns          464894 1c0093f0 40b90933 sub              x18, x18, x11       x18=ffff001a x18:ffffff47 x11:0000ff2d
26951280ns          464895 1c0093f4 40f484b3 sub              x9, x9, x15          x9=00000018  x9:00000070 x15:00000058
26951300ns          464896 1c0093f6 100945b3 p.exths          x11, x18, x0        x11=0000001a x18:ffff001a
26951320ns          464897 1c0093fa 1004c7b3 p.exths          x15, x9, x0         x15=00000018  x9:00000018
26951340ns          464898 1c0093fe 034586b3 mul              x13, x11, x20       x13=ffffec80 x11:0000001a x20:ffffff40
26951360ns          464899 1c009402 03378533 mul              x10, x15, x19       x10=00000a20 x15:00000018 x19:0000006c
26951380ns          464900 1c009406 034a0633 mul              x12, x20, x20       x12=00009000 x20:ffffff40 x20:ffffff40
26951400ns          464901 1c00940a 03398733 mul              x14, x19, x19       x14=00002d90 x19:0000006c x19:0000006c
26951459ns          464904 1c00940e 034787b3 mul              x15, x15, x20       x15=ffffee00 x15:00000018 x20:ffffff40
26951499ns          464906 1c009412 033585b3 mul              x11, x11, x19       x11=00000af8 x11:0000001a x19:0000006c
26951519ns          464907 1c009416 40a75713 srai             x14, x14, 0x40a     x14=0000000b x14:00002d90
26951539ns          464908 1c009418 40a5d593 srai             x11, x11, 0x40a     x11=00000002 x11:00000af8
26951559ns          464909 1c00941a 40a65613 srai             x12, x12, 0x40a     x12=00000024 x12:00009000
26951579ns          464910 1c00941c 40a7d793 srai             x15, x15, 0x40a     x15=fffffffb x15:ffffee00
26951599ns          464911 1c00941e 1c0034b7 lui              x9, 0x1c003000       x9=1c003000
26951618ns          464912 1c009422 00e60633 add              x12, x12, x14       x12=0000002f x12:00000024 x14:0000000b
26951638ns          464913 1c009424 40b787b3 sub              x15, x15, x11       x15=fffffff9 x15:fffffffb x11:00000002
26951658ns          464914 1c009426 eb048493 addi             x9, x9, -336         x9=1c002eb0  x9:1c003000
26951678ns          464915 1c00942a 1c0032b7 lui              x5, 0x1c003000       x5=1c003000
26951698ns          464916 1c00942e 1c0035b7 lui              x11, 0x1c003000     x11=1c003000
26951718ns          464917 1c009432 018483b3 add              x7, x9, x24          x7=1c002ebc  x9:1c002eb0 x24:0000000c
26951738ns          464918 1c009436 02812e83 lw               x29, 40(x2)         x29=1c002ecc  x2:100034d8  PA:10003500
26951758ns          464919 1c009438 10065633 p.exthz          x12, x12, x0        x12=0000002f x12:0000002f
26951778ns          464920 1c00943c e8028293 addi             x5, x5, -384         x5=1c002e80  x5:1c003000
26951797ns          464921 1c009440 ea058593 addi             x11, x11, -352      x11=1c002ea0 x11:1c003000
26951837ns          464923 1c009444 03812483 lw               x9, 56(x2)           x9=1c002eec  x2:100034d8  PA:10003510
26951857ns          464924 1c009446 10064733 p.exths          x14, x12, x0        x14=0000002f x12:0000002f
26951877ns          464925 1c00944a 018280b3 add              x1, x5, x24          x1=1c002e8c  x5:1c002e80 x24:0000000c
26951897ns          464926 1c00944e 03012f03 lw               x30, 48(x2)         x30=1c002edc  x2:100034d8  PA:10003508
26951917ns          464927 1c009450 018582b3 add              x5, x11, x24         x5=1c002eac x11:1c002ea0 x24:0000000c
26951937ns          464928 1c009454 04012583 lw               x11, 64(x2)         x11=1c002efc  x2:100034d8  PA:10003518
26951957ns          464929 1c009456 000edd83 lhu              x27, 0(x29)         x27=00000bb5 x29:1c002ecc  PA:1c002ecc
26952315ns          464947 1c00945a 0004d483 lhu              x9, 0(x9)            x9=0000010c  x9:1c002eec  PA:1c002eec
26952633ns          464963 1c00945e 02e70333 mul              x6, x14, x14         x6=000008a1 x14:0000002f x14:0000002f
26952653ns          464964 1c009462 40a55513 srai             x10, x10, 0x40a     x10=00000002 x10:00000a20
26952673ns          464965 1c009464 04812e83 lw               x29, 72(x2)         x29=1c002f0c  x2:100034d8  PA:10003520
26952692ns          464966 1c009466 40a6d693 srai             x13, x13, 0x40a     x13=fffffffb x13:ffffec80
26952712ns          464967 1c009468 000f5d03 lhu              x26, 0(x30)         x26=00000323 x30:1c002edc  PA:1c002edc
26953050ns          464984 1c00946c 0005d583 lhu              x11, 0(x11)         x11=00000065 x11:1c002efc  PA:1c002efc
26953349ns          464999 1c009470 40a35313 srai             x6, x6, 0x40a        x6=00000002  x6:000008a1
26953369ns          465000 1c009474 00a686b3 add              x13, x13, x10       x13=fffffffd x13:fffffffb x10:00000002
26953389ns          465001 1c009476 05012f03 lw               x30, 80(x2)         x30=1c002e7c  x2:100034d8  PA:10003528
26953408ns          465002 1c009478 10034e33 p.exths          x28, x6, x0         x28=00000002  x6:00000002
26953428ns          465003 1c00947c 06911023 sh               x9, 96(x2)           x9:0000010c  x2:100034d8  PA:10003538
26953448ns          465004 1c009480 000ede83 lhu              x29, 0(x29)         x29=00000028 x29:1c002f0c  PA:1c002f0c
26953746ns          465019 1c009484 05812483 lw               x9, 88(x2)           x9=1c002e6c  x2:100034d8  PA:10003530
26953766ns          465020 1c009486 1006d6b3 p.exthz          x13, x13, x0        x13=0000fffd x13:fffffffd
26953786ns          465021 1c00948a 02ee08b3 mul              x17, x28, x14       x17=0000005e x28:00000002 x14:0000002f
26953806ns          465022 1c00948e 1006c833 p.exths          x16, x13, x0        x16=fffffffd x13:0000fffd
26953826ns          465023 1c009492 06b11823 sh               x11, 112(x2)        x11:00000065  x2:100034d8  PA:10003548
26953846ns          465024 1c009496 000f5f03 lhu              x30, 0(x30)         x30=0000ff7c x30:1c002e7c  PA:1c002e7c
26954144ns          465039 1c00949a 0a012583 lw               x11, 160(x2)        x11=1c002e9c  x2:100034d8  PA:10003578
26954164ns          465040 1c00949c 1007d7b3 p.exthz          x15, x15, x0        x15=0000fff9 x15:fffffff9
26954184ns          465041 1c0094a0 0004da03 lhu              x20, 0(x9)          x20=0000fd31  x9:1c002e6c  PA:1c002e6c
26954482ns          465056 1c0094a4 1007c533 p.exths          x10, x15, x0        x10=fffffff9 x15:0000fff9
26954502ns          465057 1c0094a8 09d11023 sh               x29, 128(x2)        x29:00000028  x2:100034d8  PA:10003558
26954522ns          465058 1c0094ac 0003d483 lhu              x9, 0(x7)            x9=0000ffe9  x7:1c002ebc  PA:1c002ebc
26954860ns          465075 1c0094b0 02e80eb3 mul              x29, x16, x14       x29=ffffff73 x16:fffffffd x14:0000002f
26954880ns          465076 1c0094b4 40a8d893 srai             x17, x17, 0x40a     x17=00000000 x17:0000005e
26954900ns          465077 1c0094b8 03c80833 mul              x16, x16, x28       x16=fffffffa x16:fffffffd x28:00000002
26954920ns          465078 1c0094bc 09e11823 sh               x30, 144(x2)        x30:0000ff7c  x2:100034d8  PA:10003568
26954940ns          465079 1c0094c0 0005d983 lhu              x19, 0(x11)         x19=0000ffd0 x11:1c002e9c  PA:1c002e9c
26955238ns          465094 1c0094c4 81c88f5b p.muls           x30, x17, x28       x30=00000000 x17:00000000 x28:00000002
26955258ns          465095 1c0094c8 0002d583 lhu              x11, 0(x5)          x11=0000ffac  x5:1c002eac  PA:1c002eac
26955576ns          465111 1c0094cc 03ce0fb3 mul              x31, x28, x28       x31=00000004 x28:00000002 x28:00000002
26955596ns          465112 1c0094d0 02e50733 mul              x14, x10, x14       x14=fffffeb7 x10:fffffff9 x14:0000002f
26955616ns          465113 1c0094d4 40a85813 srai             x16, x16, 0x40a     x16=ffffffff x16:fffffffa
26955636ns          465114 1c0094d8 03c50533 mul              x10, x10, x28       x10=fffffff2 x10:fffffff9 x28:00000002
26955656ns          465115 1c0094dc 07015e03 lhu              x28, 112(x2)        x28=00000065  x2:100034d8  PA:10003548
26955715ns          465118 1c0094e0 01b60633 add              x12, x12, x27       x12=00000be4 x12:0000002f x27:00000bb5
26955735ns          465119 1c0094e2 00980833 add              x16, x16, x9        x16=0000ffe8 x16:ffffffff  x9:0000ffe9
26955755ns          465120 1c0094e4 06015d83 lhu              x27, 96(x2)         x27=0000010c  x2:100034d8  PA:10003538
26955775ns          465121 1c0094e8 02812483 lw               x9, 40(x2)           x9=1c002ecc  x2:100034d8  PA:10003500
26955795ns          465122 1c0094ea 40afdf93 srai             x31, x31, 0x40a     x31=00000000 x31:00000004
26955815ns          465123 1c0094ee 40a55513 srai             x10, x10, 0x40a     x10=ffffffff x10:fffffff2
26955835ns          465124 1c0094f0 01cf8fb3 add              x31, x31, x28       x31=00000065 x31:00000000 x28:00000065
26955855ns          465125 1c0094f2 00b50533 add              x10, x10, x11       x10=0000ffab x10:ffffffff x11:0000ffac
26955875ns          465126 1c0094f4 09015e03 lhu              x28, 144(x2)        x28=0000ff7c  x2:100034d8  PA:10003568
26955894ns          465127 1c0094f8 03012583 lw               x11, 48(x2)         x11=1c002edc  x2:100034d8  PA:10003508
26955914ns          465128 1c0094fa 00c49023 sh               x12, 0(x9)          x12:00000be4  x9:1c002ecc  PA:1c002ecc
26956312ns          465148 1c0094fe 01b888b3 add              x17, x17, x27       x17=0000010c x17:00000000 x27:0000010c
26956332ns          465149 1c009500 01a30333 add              x6, x6, x26          x6=00000325  x6:00000002 x26:00000323
26956352ns          465150 1c009502 08015d83 lhu              x27, 128(x2)        x27=00000028  x2:100034d8  PA:10003558
26956372ns          465151 1c009506 0000d903 lhu              x18, 0(x1)          x18=0000ff26  x1:1c002e8c  PA:1c002e8c
26956690ns          465167 1c00950a 01c686b3 add              x13, x13, x28       x13=0001ff79 x13:0000fffd x28:0000ff7c
26956710ns          465168 1c00950c 00659023 sh               x6, 0(x11)           x6:00000325 x11:1c002edc  PA:1c002edc
26957048ns          465185 1c009510 40af5f13 srai             x30, x30, 0x40a     x30=00000000 x30:00000000
26957068ns          465186 1c009514 04812e03 lw               x28, 72(x2)         x28=1c002f0c  x2:100034d8  PA:10003520
26957088ns          465187 1c009516 01bf0f33 add              x30, x30, x27       x30=00000028 x30:00000000 x27:00000028
26957108ns          465188 1c009518 40aede93 srai             x29, x29, 0x40a     x29=ffffffff x29:ffffff73
26957127ns          465189 1c00951c 40a75713 srai             x14, x14, 0x40a     x14=ffffffff x14:fffffeb7
26957147ns          465190 1c00951e 03812603 lw               x12, 56(x2)         x12=1c002eec  x2:100034d8  PA:10003510
26957167ns          465191 1c009520 04012d83 lw               x27, 64(x2)         x27=1c002efc  x2:100034d8  PA:10003518
26957187ns          465192 1c009522 01ee1023 sh               x30, 0(x28)         x30:00000028 x28:1c002f0c  PA:1c002f0c
26957505ns          465208 1c009526 05812483 lw               x9, 88(x2)           x9=1c002e6c  x2:100034d8  PA:10003530
26957525ns          465209 1c009528 05012f03 lw               x30, 80(x2)         x30=1c002e7c  x2:100034d8  PA:10003528
26957545ns          465210 1c00952a 0a012583 lw               x11, 160(x2)        x11=1c002e9c  x2:100034d8  PA:10003578
26957565ns          465211 1c00952c 014787b3 add              x15, x15, x20       x15=0001fd2a x15:0000fff9 x20:0000fd31
26957585ns          465212 1c00952e 013e8eb3 add              x29, x29, x19       x29=0000ffcf x29:ffffffff x19:0000ffd0
26957605ns          465213 1c009530 01270733 add              x14, x14, x18       x14=0000ff25 x14:ffffffff x18:0000ff26
26957625ns          465214 1c009532 00f49023 sh               x15, 0(x9)          x15:0001fd2a  x9:1c002e6c  PA:1c002e6c
26957943ns          465230 1c009536 01161023 sh               x17, 0(x12)         x17:0000010c x12:1c002eec  PA:1c002eec
26958281ns          465247 1c00953a 01fd9023 sh               x31, 0(x27)         x31:00000065 x27:1c002efc  PA:1c002efc
26958599ns          465263 1c00953e 00df1023 sh               x13, 0(x30)         x13:0001ff79 x30:1c002e7c  PA:1c002e7c
26958917ns          465279 1c009542 01d59023 sh               x29, 0(x11)         x29:0000ffcf x11:1c002e9c  PA:1c002e9c
26959236ns          465295 1c009546 00e09023 sh               x14, 0(x1)          x14:0000ff25  x1:1c002e8c  PA:1c002e8c
26959594ns          465313 1c00954a 01039023 sh               x16, 0(x7)          x16:0000ffe8  x7:1c002ebc  PA:1c002ebc
26959912ns          465329 1c00954e 00a29023 sh               x10, 0(x5)          x10:0000ffab  x5:1c002eac  PA:1c002eac
26960230ns          465345 1c009552 008b0b13 addi             x22, x22, 8         x22=000000a6 x22:0000009e
26960250ns          465346 1c009554 1f300793 addi             x15, x0, 499        x15=000001f3
26960270ns          465347 1c009558 e767dae3 bge              x15, x22, -396      x15:000001f3 x22:000000a6
26960369ns          465352 1c0093cc 010c9a0b p.lh             x20, 16(x25!)       x20=ffffff63 x25=1c0027e4 x25:1c0027d4  PA:1c0027d4
26960707ns          465369 1c0093d0 0104198b p.lh             x19, 16(x8!)        x19=fffffe07  x8=1c001fac  x8:1c001f9c  PA:1c001f9c
26961026ns          465385 1c0093d4 2cc10513 addi             x10, x2, 716        x10=100037a4  x2:100034d8
26961045ns          465386 1c0093d6 010a990b p.lh             x18, 16(x21!)       x18=ffffff1a x21=1c0017d8 x21:1c0017c8  PA:1c0017c8
26961344ns          465401 1c0093da 010b948b p.lh             x9, 16(x23!)         x9=fffffe22 x23=1c001008 x23:1c000ff8  PA:1c000ff8
26961642ns          465416 1c0093de 2d411623 sh               x20, 716(x2)        x20:ffffff63  x2:100034d8  PA:100037a4
26961662ns          465417 1c0093e2 2d311723 sh               x19, 718(x2)        x19:fffffe07  x2:100034d8  PA:100037a6
26961682ns          465418 1c0093e6 c33ff0ef jal              x1, -974             x1=1c0093e8
26961722ns          465420 1c009018 00051803 lh               x16, 0(x10)         x16=ffffff63 x10:100037a4  PA:100037a4
26961741ns          465421 1c00901c 00251883 lh               x17, 2(x10)         x17=fffffe07 x10:100037a4  PA:100037a6
26961761ns          465422 1c009020 030806b3 mul              x13, x16, x16       x13=00006049 x16:ffffff63 x16:ffffff63
26961781ns          465423 1c009024 03188633 mul              x12, x17, x17       x12=0003e431 x17:fffffe07 x17:fffffe07
26961801ns          465424 1c009028 40a65613 srai             x12, x12, 0x40a     x12=000000f9 x12:0003e431
26961821ns          465425 1c00902a 40a6d693 srai             x13, x13, 0x40a     x13=00000018 x13:00006049
26961841ns          465426 1c00902c 00c686b3 add              x13, x13, x12       x13=00000111 x13:00000018 x12:000000f9
26961861ns          465427 1c00902e 1006c633 p.exths          x12, x13, x0        x12=00000111 x13:00000111
26961881ns          465428 1c009032 00855703 lhu              x14, 8(x10)         x14=0000ffd1 x10:100037a4  PA:100037ac
26961901ns          465429 1c009036 00a55683 lhu              x13, 10(x10)        x13=0000ff6a x10:100037a4  PA:100037ae
26961920ns          465430 1c00903a 02c60333 mul              x6, x12, x12         x6=00012321 x12:00000111 x12:00000111
26961940ns          465431 1c00903e 00c55783 lhu              x15, 12(x10)        x15=0000ffe5 x10:100037a4  PA:100037b0
26961960ns          465432 1c009042 00e55583 lhu              x11, 14(x10)        x11=00000060 x10:100037a4  PA:100037b2
26961980ns          465433 1c009046 dea30333 p.extract        x6, x6, 15, 10       x6=00000048  x6:00012321
26962000ns          465434 1c00904a 80c7075b p.muls           x14, x14, x12       x14=ffffcde1 x14:0000ffd1 x12:00000111
26962020ns          465435 1c00904e 80c686db p.muls           x13, x13, x12       x13=ffff600a x13:0000ff6a x12:00000111
26962040ns          465436 1c009052 00455e83 lhu              x29, 4(x10)         x29=00000427 x10:100037a4  PA:100037a8
26962060ns          465437 1c009056 00655e03 lhu              x28, 6(x10)         x28=0000007f x10:100037a4  PA:100037aa
26962080ns          465438 1c00905a 40a75713 srai             x14, x14, 0x40a     x14=fffffff3 x14:ffffcde1
26962099ns          465439 1c00905c 806787db p.muls           x15, x15, x6        x15=fffff868 x15:0000ffe5  x6:00000048
26962119ns          465440 1c009060 40a6d693 srai             x13, x13, 0x40a     x13=ffffffd8 x13:ffff600a
26962139ns          465441 1c009062 8065865b p.muls           x12, x11, x6        x12=00001b00 x11:00000060  x6:00000048
26962159ns          465442 1c009066 40a7d793 srai             x15, x15, 0x40a     x15=fffffffe x15:fffff868
26962179ns          465443 1c009068 40a65613 srai             x12, x12, 0x40a     x12=00000006 x12:00001b00
26962199ns          465444 1c00906a 01d70733 add              x14, x14, x29       x14=0000041a x14:fffffff3 x29:00000427
26962219ns          465445 1c00906c 01c686b3 add              x13, x13, x28       x13=00000057 x13:ffffffd8 x28:0000007f
26962239ns          465446 1c00906e 00c686b3 add              x13, x13, x12       x13=0000005d x13:00000057 x12:00000006
26962259ns          465447 1c009070 00f70733 add              x14, x14, x15       x14=00000418 x14:0000041a x15:fffffffe
26962278ns          465448 1c009072 100747b3 p.exths          x15, x14, x0        x15=00000418 x14:00000418
26962298ns          465449 1c009076 1006c733 p.exths          x14, x13, x0        x14=0000005d x13:0000005d
26962318ns          465450 1c00907a 03170633 mul              x12, x14, x17       x12=ffff488b x14:0000005d x17:fffffe07
26962338ns          465451 1c00907e 030786b3 mul              x13, x15, x16       x13=fffd7d48 x15:00000418 x16:ffffff63
26962358ns          465452 1c009082 03070733 mul              x14, x14, x16       x14=ffffc6f7 x14:0000005d x16:ffffff63
26962378ns          465453 1c009086 031787b3 mul              x15, x15, x17       x15=fff7eca8 x15:00000418 x17:fffffe07
26962398ns          465454 1c00908a 40a6d693 srai             x13, x13, 0x40a     x13=ffffff5f x13:fffd7d48
26962418ns          465455 1c00908c 40a65613 srai             x12, x12, 0x40a     x12=ffffffd2 x12:ffff488b
26962438ns          465456 1c00908e 40a7d793 srai             x15, x15, 0x40a     x15=fffffdfb x15:fff7eca8
26962457ns          465457 1c009090 40a75713 srai             x14, x14, 0x40a     x14=fffffff1 x14:ffffc6f7
26962477ns          465458 1c009092 40c686b3 sub              x13, x13, x12       x13=ffffff8d x13:ffffff5f x12:ffffffd2
26962497ns          465459 1c009094 00e787b3 add              x15, x15, x14       x15=fffffdec x15:fffffdfb x14:fffffff1
26962517ns          465460 1c009096 00d51823 sh               x13, 16(x10)        x13:ffffff8d x10:100037a4  PA:100037b4
26962537ns          465461 1c00909a 00f51923 sh               x15, 18(x10)        x15:fffffdec x10:100037a4  PA:100037b6
26962557ns          465462 1c00909e 00008067 jalr             x0, x1, 0            x1:1c0093e8
26962597ns          465464 1c0093e8 2dc15583 lhu              x11, 732(x2)        x11=0000ff8d  x2:100034d8  PA:100037b4
26962617ns          465465 1c0093ec 2de15783 lhu              x15, 734(x2)        x15=0000fdec  x2:100034d8  PA:100037b6
26962636ns          465466 1c0093f0 40b90933 sub              x18, x18, x11       x18=fffeff8d x18:ffffff1a x11:0000ff8d
26962656ns          465467 1c0093f4 40f484b3 sub              x9, x9, x15          x9=ffff0036  x9:fffffe22 x15:0000fdec
26962676ns          465468 1c0093f6 100945b3 p.exths          x11, x18, x0        x11=ffffff8d x18:fffeff8d
26962696ns          465469 1c0093fa 1004c7b3 p.exths          x15, x9, x0         x15=00000036  x9:ffff0036
26962716ns          465470 1c0093fe 034586b3 mul              x13, x11, x20       x13=00004687 x11:ffffff8d x20:ffffff63
26962736ns          465471 1c009402 03378533 mul              x10, x15, x19       x10=ffff957a x15:00000036 x19:fffffe07
26962756ns          465472 1c009406 034a0633 mul              x12, x20, x20       x12=00006049 x20:ffffff63 x20:ffffff63
26962776ns          465473 1c00940a 03398733 mul              x14, x19, x19       x14=0003e431 x19:fffffe07 x19:fffffe07
26962835ns          465476 1c00940e 034787b3 mul              x15, x15, x20       x15=ffffdee2 x15:00000036 x20:ffffff63
26962875ns          465478 1c009412 033585b3 mul              x11, x11, x19       x11=0000e2db x11:ffffff8d x19:fffffe07
26962895ns          465479 1c009416 40a75713 srai             x14, x14, 0x40a     x14=000000f9 x14:0003e431
26962915ns          465480 1c009418 40a5d593 srai             x11, x11, 0x40a     x11=00000038 x11:0000e2db
26962935ns          465481 1c00941a 40a65613 srai             x12, x12, 0x40a     x12=00000018 x12:00006049
26962955ns          465482 1c00941c 40a7d793 srai             x15, x15, 0x40a     x15=fffffff7 x15:ffffdee2
26962975ns          465483 1c00941e 1c0034b7 lui              x9, 0x1c003000       x9=1c003000
26962994ns          465484 1c009422 00e60633 add              x12, x12, x14       x12=00000111 x12:00000018 x14:000000f9
26963014ns          465485 1c009424 40b787b3 sub              x15, x15, x11       x15=ffffffbf x15:fffffff7 x11:00000038
26963034ns          465486 1c009426 eb048493 addi             x9, x9, -336         x9=1c002eb0  x9:1c003000
26963054ns          465487 1c00942a 1c0032b7 lui              x5, 0x1c003000       x5=1c003000
26963074ns          465488 1c00942e 1c0035b7 lui              x11, 0x1c003000     x11=1c003000
26963094ns          465489 1c009432 018483b3 add              x7, x9, x24          x7=1c002ebc  x9:1c002eb0 x24:0000000c
26963114ns          465490 1c009436 02812e83 lw               x29, 40(x2)         x29=1c002ecc  x2:100034d8  PA:10003500
26963134ns          465491 1c009438 10065633 p.exthz          x12, x12, x0        x12=00000111 x12:00000111
26963154ns          465492 1c00943c e8028293 addi             x5, x5, -384         x5=1c002e80  x5:1c003000
26963173ns          465493 1c009440 ea058593 addi             x11, x11, -352      x11=1c002ea0 x11:1c003000
26963193ns          465494 1c009444 03812483 lw               x9, 56(x2)           x9=1c002eec  x2:100034d8  PA:10003510
26963213ns          465495 1c009446 10064733 p.exths          x14, x12, x0        x14=00000111 x12:00000111
26963233ns          465496 1c00944a 018280b3 add              x1, x5, x24          x1=1c002e8c  x5:1c002e80 x24:0000000c
26963253ns          465497 1c00944e 03012f03 lw               x30, 48(x2)         x30=1c002edc  x2:100034d8  PA:10003508
26963273ns          465498 1c009450 018582b3 add              x5, x11, x24         x5=1c002eac x11:1c002ea0 x24:0000000c
26963293ns          465499 1c009454 04012583 lw               x11, 64(x2)         x11=1c002efc  x2:100034d8  PA:10003518
26963313ns          465500 1c009456 000edd83 lhu              x27, 0(x29)         x27=00000be4 x29:1c002ecc  PA:1c002ecc
26963671ns          465518 1c00945a 0004d483 lhu              x9, 0(x9)            x9=0000010c  x9:1c002eec  PA:1c002eec
26964068ns          465538 1c00945e 02e70333 mul              x6, x14, x14         x6=00012321 x14:00000111 x14:00000111
26964088ns          465539 1c009462 40a55513 srai             x10, x10, 0x40a     x10=ffffffe5 x10:ffff957a
26964108ns          465540 1c009464 04812e83 lw               x29, 72(x2)         x29=1c002f0c  x2:100034d8  PA:10003520
26964128ns          465541 1c009466 40a6d693 srai             x13, x13, 0x40a     x13=00000011 x13:00004687
26964148ns          465542 1c009468 000f5d03 lhu              x26, 0(x30)         x26=00000325 x30:1c002edc  PA:1c002edc
26964466ns          465558 1c00946c 0005d583 lhu              x11, 0(x11)         x11=00000065 x11:1c002efc  PA:1c002efc
26964804ns          465575 1c009470 40a35313 srai             x6, x6, 0x40a        x6=00000048  x6:00012321
26964824ns          465576 1c009474 00a686b3 add              x13, x13, x10       x13=fffffff6 x13:00000011 x10:ffffffe5
26964844ns          465577 1c009476 05012f03 lw               x30, 80(x2)         x30=1c002e7c  x2:100034d8  PA:10003528
26964864ns          465578 1c009478 10034e33 p.exths          x28, x6, x0         x28=00000048  x6:00000048
26964884ns          465579 1c00947c 06911023 sh               x9, 96(x2)           x9:0000010c  x2:100034d8  PA:10003538
26964904ns          465580 1c009480 000ede83 lhu              x29, 0(x29)         x29=00000028 x29:1c002f0c  PA:1c002f0c
26965222ns          465596 1c009484 05812483 lw               x9, 88(x2)           x9=1c002e6c  x2:100034d8  PA:10003530
26965242ns          465597 1c009486 1006d6b3 p.exthz          x13, x13, x0        x13=0000fff6 x13:fffffff6
26965262ns          465598 1c00948a 02ee08b3 mul              x17, x28, x14       x17=00004cc8 x28:00000048 x14:00000111
26965282ns          465599 1c00948e 1006c833 p.exths          x16, x13, x0        x16=fffffff6 x13:0000fff6
26965301ns          465600 1c009492 06b11823 sh               x11, 112(x2)        x11:00000065  x2:100034d8  PA:10003548
26965321ns          465601 1c009496 000f5f03 lhu              x30, 0(x30)         x30=0000ff79 x30:1c002e7c  PA:1c002e7c
26965620ns          465616 1c00949a 0a012583 lw               x11, 160(x2)        x11=1c002e9c  x2:100034d8  PA:10003578
26965640ns          465617 1c00949c 1007d7b3 p.exthz          x15, x15, x0        x15=0000ffbf x15:ffffffbf
26965659ns          465618 1c0094a0 0004da03 lhu              x20, 0(x9)          x20=0000fd2a  x9:1c002e6c  PA:1c002e6c
26965998ns          465635 1c0094a4 1007c533 p.exths          x10, x15, x0        x10=ffffffbf x15:0000ffbf
26966017ns          465636 1c0094a8 09d11023 sh               x29, 128(x2)        x29:00000028  x2:100034d8  PA:10003558
26966037ns          465637 1c0094ac 0003d483 lhu              x9, 0(x7)            x9=0000ffe8  x7:1c002ebc  PA:1c002ebc
26966355ns          465653 1c0094b0 02e80eb3 mul              x29, x16, x14       x29=fffff556 x16:fffffff6 x14:00000111
26966375ns          465654 1c0094b4 40a8d893 srai             x17, x17, 0x40a     x17=00000013 x17:00004cc8
26966395ns          465655 1c0094b8 03c80833 mul              x16, x16, x28       x16=fffffd30 x16:fffffff6 x28:00000048
26966415ns          465656 1c0094bc 09e11823 sh               x30, 144(x2)        x30:0000ff79  x2:100034d8  PA:10003568
26966435ns          465657 1c0094c0 0005d983 lhu              x19, 0(x11)         x19=0000ffcf x11:1c002e9c  PA:1c002e9c
26966753ns          465673 1c0094c4 81c88f5b p.muls           x30, x17, x28       x30=00000558 x17:00000013 x28:00000048
26966773ns          465674 1c0094c8 0002d583 lhu              x11, 0(x5)          x11=0000ffab  x5:1c002eac  PA:1c002eac
26967091ns          465690 1c0094cc 03ce0fb3 mul              x31, x28, x28       x31=00001440 x28:00000048 x28:00000048
26967111ns          465691 1c0094d0 02e50733 mul              x14, x10, x14       x14=ffffbaaf x10:ffffffbf x14:00000111
26967131ns          465692 1c0094d4 40a85813 srai             x16, x16, 0x40a     x16=ffffffff x16:fffffd30
26967151ns          465693 1c0094d8 03c50533 mul              x10, x10, x28       x10=ffffedb8 x10:ffffffbf x28:00000048
26967171ns          465694 1c0094dc 07015e03 lhu              x28, 112(x2)        x28=00000065  x2:100034d8  PA:10003548
26967231ns          465697 1c0094e0 01b60633 add              x12, x12, x27       x12=00000cf5 x12:00000111 x27:00000be4
26967250ns          465698 1c0094e2 00980833 add              x16, x16, x9        x16=0000ffe7 x16:ffffffff  x9:0000ffe8
26967270ns          465699 1c0094e4 06015d83 lhu              x27, 96(x2)         x27=0000010c  x2:100034d8  PA:10003538
26967290ns          465700 1c0094e8 02812483 lw               x9, 40(x2)           x9=1c002ecc  x2:100034d8  PA:10003500
26967310ns          465701 1c0094ea 40afdf93 srai             x31, x31, 0x40a     x31=00000005 x31:00001440
26967330ns          465702 1c0094ee 40a55513 srai             x10, x10, 0x40a     x10=fffffffb x10:ffffedb8
26967350ns          465703 1c0094f0 01cf8fb3 add              x31, x31, x28       x31=0000006a x31:00000005 x28:00000065
26967370ns          465704 1c0094f2 00b50533 add              x10, x10, x11       x10=0000ffa6 x10:fffffffb x11:0000ffab
26967390ns          465705 1c0094f4 09015e03 lhu              x28, 144(x2)        x28=0000ff79  x2:100034d8  PA:10003568
26967410ns          465706 1c0094f8 03012583 lw               x11, 48(x2)         x11=1c002edc  x2:100034d8  PA:10003508
26967429ns          465707 1c0094fa 00c49023 sh               x12, 0(x9)          x12:00000cf5  x9:1c002ecc  PA:1c002ecc
26967748ns          465723 1c0094fe 01b888b3 add              x17, x17, x27       x17=0000011f x17:00000013 x27:0000010c
26967768ns          465724 1c009500 01a30333 add              x6, x6, x26          x6=0000036d  x6:00000048 x26:00000325
26967787ns          465725 1c009502 08015d83 lhu              x27, 128(x2)        x27=00000028  x2:100034d8  PA:10003558
26967807ns          465726 1c009506 0000d903 lhu              x18, 0(x1)          x18=0000ff25  x1:1c002e8c  PA:1c002e8c
26968145ns          465743 1c00950a 01c686b3 add              x13, x13, x28       x13=0001ff6f x13:0000fff6 x28:0000ff79
26968165ns          465744 1c00950c 00659023 sh               x6, 0(x11)           x6:0000036d x11:1c002edc  PA:1c002edc
26968484ns          465760 1c009510 40af5f13 srai             x30, x30, 0x40a     x30=00000001 x30:00000558
26968503ns          465761 1c009514 04812e03 lw               x28, 72(x2)         x28=1c002f0c  x2:100034d8  PA:10003520
26968523ns          465762 1c009516 01bf0f33 add              x30, x30, x27       x30=00000029 x30:00000001 x27:00000028
26968543ns          465763 1c009518 40aede93 srai             x29, x29, 0x40a     x29=fffffffd x29:fffff556
26968563ns          465764 1c00951c 40a75713 srai             x14, x14, 0x40a     x14=ffffffee x14:ffffbaaf
26968583ns          465765 1c00951e 03812603 lw               x12, 56(x2)         x12=1c002eec  x2:100034d8  PA:10003510
26968603ns          465766 1c009520 04012d83 lw               x27, 64(x2)         x27=1c002efc  x2:100034d8  PA:10003518
26968623ns          465767 1c009522 01ee1023 sh               x30, 0(x28)         x30:00000029 x28:1c002f0c  PA:1c002f0c
26968981ns          465785 1c009526 05812483 lw               x9, 88(x2)           x9=1c002e6c  x2:100034d8  PA:10003530
26969001ns          465786 1c009528 05012f03 lw               x30, 80(x2)         x30=1c002e7c  x2:100034d8  PA:10003528
26969020ns          465787 1c00952a 0a012583 lw               x11, 160(x2)        x11=1c002e9c  x2:100034d8  PA:10003578
26969040ns          465788 1c00952c 014787b3 add              x15, x15, x20       x15=0001fce9 x15:0000ffbf x20:0000fd2a
26969060ns          465789 1c00952e 013e8eb3 add              x29, x29, x19       x29=0000ffcc x29:fffffffd x19:0000ffcf
26969080ns          465790 1c009530 01270733 add              x14, x14, x18       x14=0000ff13 x14:ffffffee x18:0000ff25
26969100ns          465791 1c009532 00f49023 sh               x15, 0(x9)          x15:0001fce9  x9:1c002e6c  PA:1c002e6c
26969418ns          465807 1c009536 01161023 sh               x17, 0(x12)         x17:0000011f x12:1c002eec  PA:1c002eec
26969736ns          465823 1c00953a 01fd9023 sh               x31, 0(x27)         x31:0000006a x27:1c002efc  PA:1c002efc
26970055ns          465839 1c00953e 00df1023 sh               x13, 0(x30)         x13:0001ff6f x30:1c002e7c  PA:1c002e7c
26970373ns          465855 1c009542 01d59023 sh               x29, 0(x11)         x29:0000ffcc x11:1c002e9c  PA:1c002e9c
26970711ns          465872 1c009546 00e09023 sh               x14, 0(x1)          x14:0000ff13  x1:1c002e8c  PA:1c002e8c
26971029ns          465888 1c00954a 01039023 sh               x16, 0(x7)          x16:0000ffe7  x7:1c002ebc  PA:1c002ebc
26971367ns          465905 1c00954e 00a29023 sh               x10, 0(x5)          x10:0000ffa6  x5:1c002eac  PA:1c002eac
26971685ns          465921 1c009552 008b0b13 addi             x22, x22, 8         x22=000000ae x22:000000a6
26971705ns          465922 1c009554 1f300793 addi             x15, x0, 499        x15=000001f3
26971725ns          465923 1c009558 e767dae3 bge              x15, x22, -396      x15:000001f3 x22:000000ae
26971785ns          465926 1c0093cc 010c9a0b p.lh             x20, 16(x25!)       x20=fffffd39 x25=1c0027f4 x25:1c0027e4  PA:1c0027e4
26972083ns          465941 1c0093d0 0104198b p.lh             x19, 16(x8!)        x19=fffffe75  x8=1c001fbc  x8:1c001fac  PA:1c001fac
26972421ns          465958 1c0093d4 2cc10513 addi             x10, x2, 716        x10=100037a4  x2:100034d8
26972441ns          465959 1c0093d6 010a990b p.lh             x18, 16(x21!)       x18=fffffd15 x21=1c0017e8 x21:1c0017d8  PA:1c0017d8
26972740ns          465974 1c0093da 010b948b p.lh             x9, 16(x23!)         x9=ffffff27 x23=1c001018 x23:1c001008  PA:1c001008
26973038ns          465989 1c0093de 2d411623 sh               x20, 716(x2)        x20:fffffd39  x2:100034d8  PA:100037a4
26973058ns          465990 1c0093e2 2d311723 sh               x19, 718(x2)        x19:fffffe75  x2:100034d8  PA:100037a6
26973078ns          465991 1c0093e6 c33ff0ef jal              x1, -974             x1=1c0093e8
26973157ns          465995 1c009018 00051803 lh               x16, 0(x10)         x16=fffffd39 x10:100037a4  PA:100037a4
26973197ns          465997 1c00901c 00251883 lh               x17, 2(x10)         x17=fffffe75 x10:100037a4  PA:100037a6
26973217ns          465998 1c009020 030806b3 mul              x13, x16, x16       x13=0007b6b1 x16:fffffd39 x16:fffffd39
26973237ns          465999 1c009024 03188633 mul              x12, x17, x17       x12=00026179 x17:fffffe75 x17:fffffe75
26973257ns          466000 1c009028 40a65613 srai             x12, x12, 0x40a     x12=00000098 x12:00026179
26973277ns          466001 1c00902a 40a6d693 srai             x13, x13, 0x40a     x13=000001ed x13:0007b6b1
26973296ns          466002 1c00902c 00c686b3 add              x13, x13, x12       x13=00000285 x13:000001ed x12:00000098
26973316ns          466003 1c00902e 1006c633 p.exths          x12, x13, x0        x12=00000285 x13:00000285
26973336ns          466004 1c009032 00855703 lhu              x14, 8(x10)         x14=0000ffd1 x10:100037a4  PA:100037ac
26973356ns          466005 1c009036 00a55683 lhu              x13, 10(x10)        x13=0000ff6a x10:100037a4  PA:100037ae
26973376ns          466006 1c00903a 02c60333 mul              x6, x12, x12         x6=00065919 x12:00000285 x12:00000285
26973416ns          466008 1c00903e 00c55783 lhu              x15, 12(x10)        x15=0000ffe5 x10:100037a4  PA:100037b0
26973456ns          466010 1c009042 00e55583 lhu              x11, 14(x10)        x11=00000060 x10:100037a4  PA:100037b2
26973475ns          466011 1c009046 dea30333 p.extract        x6, x6, 15, 10       x6=00000196  x6:00065919
26973495ns          466012 1c00904a 80c7075b p.muls           x14, x14, x12       x14=ffff8995 x14:0000ffd1 x12:00000285
26973515ns          466013 1c00904e 80c686db p.muls           x13, x13, x12       x13=fffe8612 x13:0000ff6a x12:00000285
26973535ns          466014 1c009052 00455e83 lhu              x29, 4(x10)         x29=00000427 x10:100037a4  PA:100037a8
26973555ns          466015 1c009056 00655e03 lhu              x28, 6(x10)         x28=0000007f x10:100037a4  PA:100037aa
26973575ns          466016 1c00905a 40a75713 srai             x14, x14, 0x40a     x14=ffffffe2 x14:ffff8995
26973595ns          466017 1c00905c 806787db p.muls           x15, x15, x6        x15=ffffd52e x15:0000ffe5  x6:00000196
26973615ns          466018 1c009060 40a6d693 srai             x13, x13, 0x40a     x13=ffffffa1 x13:fffe8612
26973634ns          466019 1c009062 8065865b p.muls           x12, x11, x6        x12=00009840 x11:00000060  x6:00000196
26973654ns          466020 1c009066 40a7d793 srai             x15, x15, 0x40a     x15=fffffff5 x15:ffffd52e
26973674ns          466021 1c009068 40a65613 srai             x12, x12, 0x40a     x12=00000026 x12:00009840
26973694ns          466022 1c00906a 01d70733 add              x14, x14, x29       x14=00000409 x14:ffffffe2 x29:00000427
26973714ns          466023 1c00906c 01c686b3 add              x13, x13, x28       x13=00000020 x13:ffffffa1 x28:0000007f
26973734ns          466024 1c00906e 00c686b3 add              x13, x13, x12       x13=00000046 x13:00000020 x12:00000026
26973754ns          466025 1c009070 00f70733 add              x14, x14, x15       x14=000003fe x14:00000409 x15:fffffff5
26973774ns          466026 1c009072 100747b3 p.exths          x15, x14, x0        x15=000003fe x14:000003fe
26973794ns          466027 1c009076 1006c733 p.exths          x14, x13, x0        x14=00000046 x13:00000046
26973813ns          466028 1c00907a 03170633 mul              x12, x14, x17       x12=ffff93fe x14:00000046 x17:fffffe75
26973833ns          466029 1c00907e 030786b3 mul              x13, x15, x16       x13=fff4e98e x15:000003fe x16:fffffd39
26973853ns          466030 1c009082 03070733 mul              x14, x14, x16       x14=ffff3d96 x14:00000046 x16:fffffd39
26973873ns          466031 1c009086 031787b3 mul              x15, x15, x17       x15=fff9d716 x15:000003fe x17:fffffe75
26973893ns          466032 1c00908a 40a6d693 srai             x13, x13, 0x40a     x13=fffffd3a x13:fff4e98e
26973913ns          466033 1c00908c 40a65613 srai             x12, x12, 0x40a     x12=ffffffe4 x12:ffff93fe
26973933ns          466034 1c00908e 40a7d793 srai             x15, x15, 0x40a     x15=fffffe75 x15:fff9d716
26973953ns          466035 1c009090 40a75713 srai             x14, x14, 0x40a     x14=ffffffcf x14:ffff3d96
26973973ns          466036 1c009092 40c686b3 sub              x13, x13, x12       x13=fffffd56 x13:fffffd3a x12:ffffffe4
26973992ns          466037 1c009094 00e787b3 add              x15, x15, x14       x15=fffffe44 x15:fffffe75 x14:ffffffcf
26974012ns          466038 1c009096 00d51823 sh               x13, 16(x10)        x13:fffffd56 x10:100037a4  PA:100037b4
26974032ns          466039 1c00909a 00f51923 sh               x15, 18(x10)        x15:fffffe44 x10:100037a4  PA:100037b6
26974052ns          466040 1c00909e 00008067 jalr             x0, x1, 0            x1:1c0093e8
26974112ns          466043 1c0093e8 2dc15583 lhu              x11, 732(x2)        x11=0000fd56  x2:100034d8  PA:100037b4
26974132ns          466044 1c0093ec 2de15783 lhu              x15, 734(x2)        x15=0000fe44  x2:100034d8  PA:100037b6
26974152ns          466045 1c0093f0 40b90933 sub              x18, x18, x11       x18=fffeffbf x18:fffffd15 x11:0000fd56
26974171ns          466046 1c0093f4 40f484b3 sub              x9, x9, x15          x9=ffff00e3  x9:ffffff27 x15:0000fe44
26974191ns          466047 1c0093f6 100945b3 p.exths          x11, x18, x0        x11=ffffffbf x18:fffeffbf
26974211ns          466048 1c0093fa 1004c7b3 p.exths          x15, x9, x0         x15=000000e3  x9:ffff00e3
26974231ns          466049 1c0093fe 034586b3 mul              x13, x11, x20       x13=0000b487 x11:ffffffbf x20:fffffd39
26974251ns          466050 1c009402 03378533 mul              x10, x15, x19       x10=fffea1bf x15:000000e3 x19:fffffe75
26974271ns          466051 1c009406 034a0633 mul              x12, x20, x20       x12=0007b6b1 x20:fffffd39 x20:fffffd39
26974291ns          466052 1c00940a 03398733 mul              x14, x19, x19       x14=00026179 x19:fffffe75 x19:fffffe75
26974350ns          466055 1c00940e 034787b3 mul              x15, x15, x20       x15=fffd898b x15:000000e3 x20:fffffd39
26974390ns          466057 1c009412 033585b3 mul              x11, x11, x19       x11=0000644b x11:ffffffbf x19:fffffe75
26974410ns          466058 1c009416 40a75713 srai             x14, x14, 0x40a     x14=00000098 x14:00026179
26974430ns          466059 1c009418 40a5d593 srai             x11, x11, 0x40a     x11=00000019 x11:0000644b
26974450ns          466060 1c00941a 40a65613 srai             x12, x12, 0x40a     x12=000001ed x12:0007b6b1
26974470ns          466061 1c00941c 40a7d793 srai             x15, x15, 0x40a     x15=ffffff62 x15:fffd898b
26974490ns          466062 1c00941e 1c0034b7 lui              x9, 0x1c003000       x9=1c003000
26974510ns          466063 1c009422 00e60633 add              x12, x12, x14       x12=00000285 x12:000001ed x14:00000098
26974529ns          466064 1c009424 40b787b3 sub              x15, x15, x11       x15=ffffff49 x15:ffffff62 x11:00000019
26974549ns          466065 1c009426 eb048493 addi             x9, x9, -336         x9=1c002eb0  x9:1c003000
26974569ns          466066 1c00942a 1c0032b7 lui              x5, 0x1c003000       x5=1c003000
26974589ns          466067 1c00942e 1c0035b7 lui              x11, 0x1c003000     x11=1c003000
26974609ns          466068 1c009432 018483b3 add              x7, x9, x24          x7=1c002ebc  x9:1c002eb0 x24:0000000c
26974629ns          466069 1c009436 02812e83 lw               x29, 40(x2)         x29=1c002ecc  x2:100034d8  PA:10003500
26974649ns          466070 1c009438 10065633 p.exthz          x12, x12, x0        x12=00000285 x12:00000285
26974669ns          466071 1c00943c e8028293 addi             x5, x5, -384         x5=1c002e80  x5:1c003000
26974689ns          466072 1c009440 ea058593 addi             x11, x11, -352      x11=1c002ea0 x11:1c003000
26974708ns          466073 1c009444 03812483 lw               x9, 56(x2)           x9=1c002eec  x2:100034d8  PA:10003510
26974728ns          466074 1c009446 10064733 p.exths          x14, x12, x0        x14=00000285 x12:00000285
26974748ns          466075 1c00944a 018280b3 add              x1, x5, x24          x1=1c002e8c  x5:1c002e80 x24:0000000c
26974768ns          466076 1c00944e 03012f03 lw               x30, 48(x2)         x30=1c002edc  x2:100034d8  PA:10003508
26974788ns          466077 1c009450 018582b3 add              x5, x11, x24         x5=1c002eac x11:1c002ea0 x24:0000000c
26974808ns          466078 1c009454 04012583 lw               x11, 64(x2)         x11=1c002efc  x2:100034d8  PA:10003518
26974828ns          466079 1c009456 000edd83 lhu              x27, 0(x29)         x27=00000cf5 x29:1c002ecc  PA:1c002ecc
26975126ns          466094 1c00945a 0004d483 lhu              x9, 0(x9)            x9=0000011f  x9:1c002eec  PA:1c002eec
26975444ns          466110 1c00945e 02e70333 mul              x6, x14, x14         x6=00065919 x14:00000285 x14:00000285
26975464ns          466111 1c009462 40a55513 srai             x10, x10, 0x40a     x10=ffffffa8 x10:fffea1bf
26975484ns          466112 1c009464 04812e83 lw               x29, 72(x2)         x29=1c002f0c  x2:100034d8  PA:10003520
26975504ns          466113 1c009466 40a6d693 srai             x13, x13, 0x40a     x13=0000002d x13:0000b487
26975524ns          466114 1c009468 000f5d03 lhu              x26, 0(x30)         x26=0000036d x30:1c002edc  PA:1c002edc
26975822ns          466129 1c00946c 0005d583 lhu              x11, 0(x11)         x11=0000006a x11:1c002efc  PA:1c002efc
26976120ns          466144 1c009470 40a35313 srai             x6, x6, 0x40a        x6=00000196  x6:00065919
26976140ns          466145 1c009474 00a686b3 add              x13, x13, x10       x13=ffffffd5 x13:0000002d x10:ffffffa8
26976160ns          466146 1c009476 05012f03 lw               x30, 80(x2)         x30=1c002e7c  x2:100034d8  PA:10003528
26976180ns          466147 1c009478 10034e33 p.exths          x28, x6, x0         x28=00000196  x6:00000196
26976200ns          466148 1c00947c 06911023 sh               x9, 96(x2)           x9:0000011f  x2:100034d8  PA:10003538
26976220ns          466149 1c009480 000ede83 lhu              x29, 0(x29)         x29=00000029 x29:1c002f0c  PA:1c002f0c
26976558ns          466166 1c009484 05812483 lw               x9, 88(x2)           x9=1c002e6c  x2:100034d8  PA:10003530
26976578ns          466167 1c009486 1006d6b3 p.exthz          x13, x13, x0        x13=0000ffd5 x13:ffffffd5
26976598ns          466168 1c00948a 02ee08b3 mul              x17, x28, x14       x17=0003feee x28:00000196 x14:00000285
26976618ns          466169 1c00948e 1006c833 p.exths          x16, x13, x0        x16=ffffffd5 x13:0000ffd5
26976638ns          466170 1c009492 06b11823 sh               x11, 112(x2)        x11:0000006a  x2:100034d8  PA:10003548
26976657ns          466171 1c009496 000f5f03 lhu              x30, 0(x30)         x30=0000ff6f x30:1c002e7c  PA:1c002e7c
26976976ns          466187 1c00949a 0a012583 lw               x11, 160(x2)        x11=1c002e9c  x2:100034d8  PA:10003578
26976996ns          466188 1c00949c 1007d7b3 p.exthz          x15, x15, x0        x15=0000ff49 x15:ffffff49
26977015ns          466189 1c0094a0 0004da03 lhu              x20, 0(x9)          x20=0000fce9  x9:1c002e6c  PA:1c002e6c
26977334ns          466205 1c0094a4 1007c533 p.exths          x10, x15, x0        x10=ffffff49 x15:0000ff49
26977354ns          466206 1c0094a8 09d11023 sh               x29, 128(x2)        x29:00000029  x2:100034d8  PA:10003558
26977373ns          466207 1c0094ac 0003d483 lhu              x9, 0(x7)            x9=0000ffe7  x7:1c002ebc  PA:1c002ebc
26977672ns          466222 1c0094b0 02e80eb3 mul              x29, x16, x14       x29=ffff93a9 x16:ffffffd5 x14:00000285
26977692ns          466223 1c0094b4 40a8d893 srai             x17, x17, 0x40a     x17=000000ff x17:0003feee
26977712ns          466224 1c0094b8 03c80833 mul              x16, x16, x28       x16=ffffbbce x16:ffffffd5 x28:00000196
26977731ns          466225 1c0094bc 09e11823 sh               x30, 144(x2)        x30:0000ff6f  x2:100034d8  PA:10003568
26977751ns          466226 1c0094c0 0005d983 lhu              x19, 0(x11)         x19=0000ffcc x11:1c002e9c  PA:1c002e9c
26978089ns          466243 1c0094c4 81c88f5b p.muls           x30, x17, x28       x30=0001946a x17:000000ff x28:00000196
26978109ns          466244 1c0094c8 0002d583 lhu              x11, 0(x5)          x11=0000ffa6  x5:1c002eac  PA:1c002eac
26978408ns          466259 1c0094cc 03ce0fb3 mul              x31, x28, x28       x31=000283e4 x28:00000196 x28:00000196
26978428ns          466260 1c0094d0 02e50733 mul              x14, x10, x14       x14=fffe32ed x10:ffffff49 x14:00000285
26978447ns          466261 1c0094d4 40a85813 srai             x16, x16, 0x40a     x16=ffffffee x16:ffffbbce
26978467ns          466262 1c0094d8 03c50533 mul              x10, x10, x28       x10=fffeddc6 x10:ffffff49 x28:00000196
26978487ns          466263 1c0094dc 07015e03 lhu              x28, 112(x2)        x28=0000006a  x2:100034d8  PA:10003548
26978527ns          466265 1c0094e0 01b60633 add              x12, x12, x27       x12=00000f7a x12:00000285 x27:00000cf5
26978547ns          466266 1c0094e2 00980833 add              x16, x16, x9        x16=0000ffd5 x16:ffffffee  x9:0000ffe7
26978567ns          466267 1c0094e4 06015d83 lhu              x27, 96(x2)         x27=0000011f  x2:100034d8  PA:10003538
26978587ns          466268 1c0094e8 02812483 lw               x9, 40(x2)           x9=1c002ecc  x2:100034d8  PA:10003500
26978606ns          466269 1c0094ea 40afdf93 srai             x31, x31, 0x40a     x31=000000a0 x31:000283e4
26978626ns          466270 1c0094ee 40a55513 srai             x10, x10, 0x40a     x10=ffffffb7 x10:fffeddc6
26978646ns          466271 1c0094f0 01cf8fb3 add              x31, x31, x28       x31=0000010a x31:000000a0 x28:0000006a
26978666ns          466272 1c0094f2 00b50533 add              x10, x10, x11       x10=0000ff5d x10:ffffffb7 x11:0000ffa6
26978686ns          466273 1c0094f4 09015e03 lhu              x28, 144(x2)        x28=0000ff6f  x2:100034d8  PA:10003568
26978706ns          466274 1c0094f8 03012583 lw               x11, 48(x2)         x11=1c002edc  x2:100034d8  PA:10003508
26978726ns          466275 1c0094fa 00c49023 sh               x12, 0(x9)          x12:00000f7a  x9:1c002ecc  PA:1c002ecc
26979044ns          466291 1c0094fe 01b888b3 add              x17, x17, x27       x17=0000021e x17:000000ff x27:0000011f
26979064ns          466292 1c009500 01a30333 add              x6, x6, x26          x6=00000503  x6:00000196 x26:0000036d
26979084ns          466293 1c009502 08015d83 lhu              x27, 128(x2)        x27=00000029  x2:100034d8  PA:10003558
26979104ns          466294 1c009506 0000d903 lhu              x18, 0(x1)          x18=0000ff13  x1:1c002e8c  PA:1c002e8c
26979442ns          466311 1c00950a 01c686b3 add              x13, x13, x28       x13=0001ff44 x13:0000ffd5 x28:0000ff6f
26979462ns          466312 1c00950c 00659023 sh               x6, 0(x11)           x6:00000503 x11:1c002edc  PA:1c002edc
26979780ns          466328 1c009510 40af5f13 srai             x30, x30, 0x40a     x30=00000065 x30:0001946a
26979800ns          466329 1c009514 04812e03 lw               x28, 72(x2)         x28=1c002f0c  x2:100034d8  PA:10003520
26979820ns          466330 1c009516 01bf0f33 add              x30, x30, x27       x30=0000008e x30:00000065 x27:00000029
26979840ns          466331 1c009518 40aede93 srai             x29, x29, 0x40a     x29=ffffffe4 x29:ffff93a9
26979859ns          466332 1c00951c 40a75713 srai             x14, x14, 0x40a     x14=ffffff8c x14:fffe32ed
26979879ns          466333 1c00951e 03812603 lw               x12, 56(x2)         x12=1c002eec  x2:100034d8  PA:10003510
26979899ns          466334 1c009520 04012d83 lw               x27, 64(x2)         x27=1c002efc  x2:100034d8  PA:10003518
26979919ns          466335 1c009522 01ee1023 sh               x30, 0(x28)         x30:0000008e x28:1c002f0c  PA:1c002f0c
26980237ns          466351 1c009526 05812483 lw               x9, 88(x2)           x9=1c002e6c  x2:100034d8  PA:10003530
26980257ns          466352 1c009528 05012f03 lw               x30, 80(x2)         x30=1c002e7c  x2:100034d8  PA:10003528
26980277ns          466353 1c00952a 0a012583 lw               x11, 160(x2)        x11=1c002e9c  x2:100034d8  PA:10003578
26980297ns          466354 1c00952c 014787b3 add              x15, x15, x20       x15=0001fc32 x15:0000ff49 x20:0000fce9
26980317ns          466355 1c00952e 013e8eb3 add              x29, x29, x19       x29=0000ffb0 x29:ffffffe4 x19:0000ffcc
26980337ns          466356 1c009530 01270733 add              x14, x14, x18       x14=0000fe9f x14:ffffff8c x18:0000ff13
26980357ns          466357 1c009532 00f49023 sh               x15, 0(x9)          x15:0001fc32  x9:1c002e6c  PA:1c002e6c
26980675ns          466373 1c009536 01161023 sh               x17, 0(x12)         x17:0000021e x12:1c002eec  PA:1c002eec
26980993ns          466389 1c00953a 01fd9023 sh               x31, 0(x27)         x31:0000010a x27:1c002efc  PA:1c002efc
26981311ns          466405 1c00953e 00df1023 sh               x13, 0(x30)         x13:0001ff44 x30:1c002e7c  PA:1c002e7c
26981629ns          466421 1c009542 01d59023 sh               x29, 0(x11)         x29:0000ffb0 x11:1c002e9c  PA:1c002e9c
26981948ns          466437 1c009546 00e09023 sh               x14, 0(x1)          x14:0000fe9f  x1:1c002e8c  PA:1c002e8c
26982286ns          466454 1c00954a 01039023 sh               x16, 0(x7)          x16:0000ffd5  x7:1c002ebc  PA:1c002ebc
26982624ns          466471 1c00954e 00a29023 sh               x10, 0(x5)          x10:0000ff5d  x5:1c002eac  PA:1c002eac
26982962ns          466488 1c009552 008b0b13 addi             x22, x22, 8         x22=000000b6 x22:000000ae
26982982ns          466489 1c009554 1f300793 addi             x15, x0, 499        x15=000001f3
26983002ns          466490 1c009558 e767dae3 bge              x15, x22, -396      x15:000001f3 x22:000000b6
26983101ns          466495 1c0093cc 010c9a0b p.lh             x20, 16(x25!)       x20=fffffe84 x25=1c002804 x25:1c0027f4  PA:1c0027f4
26983459ns          466513 1c0093d0 0104198b p.lh             x19, 16(x8!)        x19=ffffffe4  x8=1c001fcc  x8:1c001fbc  PA:1c001fbc
26983777ns          466529 1c0093d4 2cc10513 addi             x10, x2, 716        x10=100037a4  x2:100034d8
26983797ns          466530 1c0093d6 010a990b p.lh             x18, 16(x21!)       x18=fffffe85 x21=1c0017f8 x21:1c0017e8  PA:1c0017e8
26984096ns          466545 1c0093da 010b948b p.lh             x9, 16(x23!)         x9=00000009 x23=1c001028 x23:1c001018  PA:1c001018
26984394ns          466560 1c0093de 2d411623 sh               x20, 716(x2)        x20:fffffe84  x2:100034d8  PA:100037a4
26984414ns          466561 1c0093e2 2d311723 sh               x19, 718(x2)        x19:ffffffe4  x2:100034d8  PA:100037a6
26984434ns          466562 1c0093e6 c33ff0ef jal              x1, -974             x1=1c0093e8
26984513ns          466566 1c009018 00051803 lh               x16, 0(x10)         x16=fffffe84 x10:100037a4  PA:100037a4
26984553ns          466568 1c00901c 00251883 lh               x17, 2(x10)         x17=ffffffe4 x10:100037a4  PA:100037a6
26984613ns          466571 1c009020 030806b3 mul              x13, x16, x16       x13=00023410 x16:fffffe84 x16:fffffe84
26984652ns          466573 1c009024 03188633 mul              x12, x17, x17       x12=00000310 x17:ffffffe4 x17:ffffffe4
26984672ns          466574 1c009028 40a65613 srai             x12, x12, 0x40a     x12=00000000 x12:00000310
26984692ns          466575 1c00902a 40a6d693 srai             x13, x13, 0x40a     x13=0000008d x13:00023410
26984712ns          466576 1c00902c 00c686b3 add              x13, x13, x12       x13=0000008d x13:0000008d x12:00000000
26984732ns          466577 1c00902e 1006c633 p.exths          x12, x13, x0        x12=0000008d x13:0000008d
26984752ns          466578 1c009032 00855703 lhu              x14, 8(x10)         x14=0000ffd1 x10:100037a4  PA:100037ac
26984772ns          466579 1c009036 00a55683 lhu              x13, 10(x10)        x13=0000ff6a x10:100037a4  PA:100037ae
26984792ns          466580 1c00903a 02c60333 mul              x6, x12, x12         x6=00004da9 x12:0000008d x12:0000008d
26984812ns          466581 1c00903e 00c55783 lhu              x15, 12(x10)        x15=0000ffe5 x10:100037a4  PA:100037b0
26984831ns          466582 1c009042 00e55583 lhu              x11, 14(x10)        x11=00000060 x10:100037a4  PA:100037b2
26984851ns          466583 1c009046 dea30333 p.extract        x6, x6, 15, 10       x6=00000013  x6:00004da9
26984871ns          466584 1c00904a 80c7075b p.muls           x14, x14, x12       x14=ffffe61d x14:0000ffd1 x12:0000008d
26984891ns          466585 1c00904e 80c686db p.muls           x13, x13, x12       x13=ffffad62 x13:0000ff6a x12:0000008d
26984911ns          466586 1c009052 00455e83 lhu              x29, 4(x10)         x29=00000427 x10:100037a4  PA:100037a8
26984931ns          466587 1c009056 00655e03 lhu              x28, 6(x10)         x28=0000007f x10:100037a4  PA:100037aa
26984951ns          466588 1c00905a 40a75713 srai             x14, x14, 0x40a     x14=fffffff9 x14:ffffe61d
26984971ns          466589 1c00905c 806787db p.muls           x15, x15, x6        x15=fffffdff x15:0000ffe5  x6:00000013
26984991ns          466590 1c009060 40a6d693 srai             x13, x13, 0x40a     x13=ffffffeb x13:ffffad62
26985030ns          466592 1c009062 8065865b p.muls           x12, x11, x6        x12=00000720 x11:00000060  x6:00000013
26985050ns          466593 1c009066 40a7d793 srai             x15, x15, 0x40a     x15=ffffffff x15:fffffdff
26985070ns          466594 1c009068 40a65613 srai             x12, x12, 0x40a     x12=00000001 x12:00000720
26985090ns          466595 1c00906a 01d70733 add              x14, x14, x29       x14=00000420 x14:fffffff9 x29:00000427
26985110ns          466596 1c00906c 01c686b3 add              x13, x13, x28       x13=0000006a x13:ffffffeb x28:0000007f
26985130ns          466597 1c00906e 00c686b3 add              x13, x13, x12       x13=0000006b x13:0000006a x12:00000001
26985150ns          466598 1c009070 00f70733 add              x14, x14, x15       x14=0000041f x14:00000420 x15:ffffffff
26985170ns          466599 1c009072 100747b3 p.exths          x15, x14, x0        x15=0000041f x14:0000041f
26985189ns          466600 1c009076 1006c733 p.exths          x14, x13, x0        x14=0000006b x13:0000006b
26985209ns          466601 1c00907a 03170633 mul              x12, x14, x17       x12=fffff44c x14:0000006b x17:ffffffe4
26985229ns          466602 1c00907e 030786b3 mul              x13, x15, x16       x13=fff9e1fc x15:0000041f x16:fffffe84
26985249ns          466603 1c009082 03070733 mul              x14, x14, x16       x14=ffff612c x14:0000006b x16:fffffe84
26985269ns          466604 1c009086 031787b3 mul              x15, x15, x17       x15=ffff8c9c x15:0000041f x17:ffffffe4
26985289ns          466605 1c00908a 40a6d693 srai             x13, x13, 0x40a     x13=fffffe78 x13:fff9e1fc
26985309ns          466606 1c00908c 40a65613 srai             x12, x12, 0x40a     x12=fffffffd x12:fffff44c
26985329ns          466607 1c00908e 40a7d793 srai             x15, x15, 0x40a     x15=ffffffe3 x15:ffff8c9c
26985349ns          466608 1c009090 40a75713 srai             x14, x14, 0x40a     x14=ffffffd8 x14:ffff612c
26985368ns          466609 1c009092 40c686b3 sub              x13, x13, x12       x13=fffffe7b x13:fffffe78 x12:fffffffd
26985388ns          466610 1c009094 00e787b3 add              x15, x15, x14       x15=ffffffbb x15:ffffffe3 x14:ffffffd8
26985408ns          466611 1c009096 00d51823 sh               x13, 16(x10)        x13:fffffe7b x10:100037a4  PA:100037b4
26985428ns          466612 1c00909a 00f51923 sh               x15, 18(x10)        x15:ffffffbb x10:100037a4  PA:100037b6
26985448ns          466613 1c00909e 00008067 jalr             x0, x1, 0            x1:1c0093e8
26985528ns          466617 1c0093e8 2dc15583 lhu              x11, 732(x2)        x11=0000fe7b  x2:100034d8  PA:100037b4
26985567ns          466619 1c0093ec 2de15783 lhu              x15, 734(x2)        x15=0000ffbb  x2:100034d8  PA:100037b6
26985587ns          466620 1c0093f0 40b90933 sub              x18, x18, x11       x18=ffff000a x18:fffffe85 x11:0000fe7b
26985607ns          466621 1c0093f4 40f484b3 sub              x9, x9, x15          x9=ffff004e  x9:00000009 x15:0000ffbb
26985627ns          466622 1c0093f6 100945b3 p.exths          x11, x18, x0        x11=0000000a x18:ffff000a
26985647ns          466623 1c0093fa 1004c7b3 p.exths          x15, x9, x0         x15=0000004e  x9:ffff004e
26985667ns          466624 1c0093fe 034586b3 mul              x13, x11, x20       x13=fffff128 x11:0000000a x20:fffffe84
26985687ns          466625 1c009402 03378533 mul              x10, x15, x19       x10=fffff778 x15:0000004e x19:ffffffe4
26985707ns          466626 1c009406 034a0633 mul              x12, x20, x20       x12=00023410 x20:fffffe84 x20:fffffe84
26985726ns          466627 1c00940a 03398733 mul              x14, x19, x19       x14=00000310 x19:ffffffe4 x19:ffffffe4
26985786ns          466630 1c00940e 034787b3 mul              x15, x15, x20       x15=ffff8c38 x15:0000004e x20:fffffe84
26985826ns          466632 1c009412 033585b3 mul              x11, x11, x19       x11=fffffee8 x11:0000000a x19:ffffffe4
26985846ns          466633 1c009416 40a75713 srai             x14, x14, 0x40a     x14=00000000 x14:00000310
26985866ns          466634 1c009418 40a5d593 srai             x11, x11, 0x40a     x11=ffffffff x11:fffffee8
26985886ns          466635 1c00941a 40a65613 srai             x12, x12, 0x40a     x12=0000008d x12:00023410
26985905ns          466636 1c00941c 40a7d793 srai             x15, x15, 0x40a     x15=ffffffe3 x15:ffff8c38
26985925ns          466637 1c00941e 1c0034b7 lui              x9, 0x1c003000       x9=1c003000
26985945ns          466638 1c009422 00e60633 add              x12, x12, x14       x12=0000008d x12:0000008d x14:00000000
26985965ns          466639 1c009424 40b787b3 sub              x15, x15, x11       x15=ffffffe4 x15:ffffffe3 x11:ffffffff
26985985ns          466640 1c009426 eb048493 addi             x9, x9, -336         x9=1c002eb0  x9:1c003000
26986005ns          466641 1c00942a 1c0032b7 lui              x5, 0x1c003000       x5=1c003000
26986025ns          466642 1c00942e 1c0035b7 lui              x11, 0x1c003000     x11=1c003000
26986045ns          466643 1c009432 018483b3 add              x7, x9, x24          x7=1c002ebc  x9:1c002eb0 x24:0000000c
26986064ns          466644 1c009436 02812e83 lw               x29, 40(x2)         x29=1c002ecc  x2:100034d8  PA:10003500
26986084ns          466645 1c009438 10065633 p.exthz          x12, x12, x0        x12=0000008d x12:0000008d
26986104ns          466646 1c00943c e8028293 addi             x5, x5, -384         x5=1c002e80  x5:1c003000
26986124ns          466647 1c009440 ea058593 addi             x11, x11, -352      x11=1c002ea0 x11:1c003000
26986144ns          466648 1c009444 03812483 lw               x9, 56(x2)           x9=1c002eec  x2:100034d8  PA:10003510
26986164ns          466649 1c009446 10064733 p.exths          x14, x12, x0        x14=0000008d x12:0000008d
26986184ns          466650 1c00944a 018280b3 add              x1, x5, x24          x1=1c002e8c  x5:1c002e80 x24:0000000c
26986204ns          466651 1c00944e 03012f03 lw               x30, 48(x2)         x30=1c002edc  x2:100034d8  PA:10003508
26986224ns          466652 1c009450 018582b3 add              x5, x11, x24         x5=1c002eac x11:1c002ea0 x24:0000000c
26986263ns          466654 1c009454 04012583 lw               x11, 64(x2)         x11=1c002efc  x2:100034d8  PA:10003518
26986283ns          466655 1c009456 000edd83 lhu              x27, 0(x29)         x27=00000f7a x29:1c002ecc  PA:1c002ecc
26986582ns          466670 1c00945a 0004d483 lhu              x9, 0(x9)            x9=0000021e  x9:1c002eec  PA:1c002eec
26986880ns          466685 1c00945e 02e70333 mul              x6, x14, x14         x6=00004da9 x14:0000008d x14:0000008d
26986900ns          466686 1c009462 40a55513 srai             x10, x10, 0x40a     x10=fffffffd x10:fffff778
26986920ns          466687 1c009464 04812e83 lw               x29, 72(x2)         x29=1c002f0c  x2:100034d8  PA:10003520
26986940ns          466688 1c009466 40a6d693 srai             x13, x13, 0x40a     x13=fffffffc x13:fffff128
26986959ns          466689 1c009468 000f5d03 lhu              x26, 0(x30)         x26=00000503 x30:1c002edc  PA:1c002edc
26987258ns          466704 1c00946c 0005d583 lhu              x11, 0(x11)         x11=0000010a x11:1c002efc  PA:1c002efc
26987556ns          466719 1c009470 40a35313 srai             x6, x6, 0x40a        x6=00000013  x6:00004da9
26987576ns          466720 1c009474 00a686b3 add              x13, x13, x10       x13=fffffff9 x13:fffffffc x10:fffffffd
26987596ns          466721 1c009476 05012f03 lw               x30, 80(x2)         x30=1c002e7c  x2:100034d8  PA:10003528
26987616ns          466722 1c009478 10034e33 p.exths          x28, x6, x0         x28=00000013  x6:00000013
26987636ns          466723 1c00947c 06911023 sh               x9, 96(x2)           x9:0000021e  x2:100034d8  PA:10003538
26987656ns          466724 1c009480 000ede83 lhu              x29, 0(x29)         x29=0000008e x29:1c002f0c  PA:1c002f0c
26987954ns          466739 1c009484 05812483 lw               x9, 88(x2)           x9=1c002e6c  x2:100034d8  PA:10003530
26987974ns          466740 1c009486 1006d6b3 p.exthz          x13, x13, x0        x13=0000fff9 x13:fffffff9
26987994ns          466741 1c00948a 02ee08b3 mul              x17, x28, x14       x17=00000a77 x28:00000013 x14:0000008d
26988014ns          466742 1c00948e 1006c833 p.exths          x16, x13, x0        x16=fffffff9 x13:0000fff9
26988033ns          466743 1c009492 06b11823 sh               x11, 112(x2)        x11:0000010a  x2:100034d8  PA:10003548
26988053ns          466744 1c009496 000f5f03 lhu              x30, 0(x30)         x30=0000ff44 x30:1c002e7c  PA:1c002e7c
26988372ns          466760 1c00949a 0a012583 lw               x11, 160(x2)        x11=1c002e9c  x2:100034d8  PA:10003578
26988391ns          466761 1c00949c 1007d7b3 p.exthz          x15, x15, x0        x15=0000ffe4 x15:ffffffe4
26988411ns          466762 1c0094a0 0004da03 lhu              x20, 0(x9)          x20=0000fc32  x9:1c002e6c  PA:1c002e6c
26988749ns          466779 1c0094a4 1007c533 p.exths          x10, x15, x0        x10=ffffffe4 x15:0000ffe4
26988769ns          466780 1c0094a8 09d11023 sh               x29, 128(x2)        x29:0000008e  x2:100034d8  PA:10003558
26988789ns          466781 1c0094ac 0003d483 lhu              x9, 0(x7)            x9=0000ffd5  x7:1c002ebc  PA:1c002ebc
26989107ns          466797 1c0094b0 02e80eb3 mul              x29, x16, x14       x29=fffffc25 x16:fffffff9 x14:0000008d
26989127ns          466798 1c0094b4 40a8d893 srai             x17, x17, 0x40a     x17=00000002 x17:00000a77
26989147ns          466799 1c0094b8 03c80833 mul              x16, x16, x28       x16=ffffff7b x16:fffffff9 x28:00000013
26989167ns          466800 1c0094bc 09e11823 sh               x30, 144(x2)        x30:0000ff44  x2:100034d8  PA:10003568
26989187ns          466801 1c0094c0 0005d983 lhu              x19, 0(x11)         x19=0000ffb0 x11:1c002e9c  PA:1c002e9c
26989505ns          466817 1c0094c4 81c88f5b p.muls           x30, x17, x28       x30=00000026 x17:00000002 x28:00000013
26989525ns          466818 1c0094c8 0002d583 lhu              x11, 0(x5)          x11=0000ff5d  x5:1c002eac  PA:1c002eac
26989883ns          466836 1c0094cc 03ce0fb3 mul              x31, x28, x28       x31=00000169 x28:00000013 x28:00000013
26989903ns          466837 1c0094d0 02e50733 mul              x14, x10, x14       x14=fffff094 x10:ffffffe4 x14:0000008d
26989923ns          466838 1c0094d4 40a85813 srai             x16, x16, 0x40a     x16=ffffffff x16:ffffff7b
26989943ns          466839 1c0094d8 03c50533 mul              x10, x10, x28       x10=fffffdec x10:ffffffe4 x28:00000013
26989963ns          466840 1c0094dc 07015e03 lhu              x28, 112(x2)        x28=0000010a  x2:100034d8  PA:10003548
26989982ns          466841 1c0094e0 01b60633 add              x12, x12, x27       x12=00001007 x12:0000008d x27:00000f7a
26990002ns          466842 1c0094e2 00980833 add              x16, x16, x9        x16=0000ffd4 x16:ffffffff  x9:0000ffd5
26990022ns          466843 1c0094e4 06015d83 lhu              x27, 96(x2)         x27=0000021e  x2:100034d8  PA:10003538
26990042ns          466844 1c0094e8 02812483 lw               x9, 40(x2)           x9=1c002ecc  x2:100034d8  PA:10003500
26990062ns          466845 1c0094ea 40afdf93 srai             x31, x31, 0x40a     x31=00000000 x31:00000169
26990082ns          466846 1c0094ee 40a55513 srai             x10, x10, 0x40a     x10=ffffffff x10:fffffdec
26990102ns          466847 1c0094f0 01cf8fb3 add              x31, x31, x28       x31=0000010a x31:00000000 x28:0000010a
26990122ns          466848 1c0094f2 00b50533 add              x10, x10, x11       x10=0000ff5c x10:ffffffff x11:0000ff5d
26990142ns          466849 1c0094f4 09015e03 lhu              x28, 144(x2)        x28=0000ff44  x2:100034d8  PA:10003568
26990161ns          466850 1c0094f8 03012583 lw               x11, 48(x2)         x11=1c002edc  x2:100034d8  PA:10003508
26990181ns          466851 1c0094fa 00c49023 sh               x12, 0(x9)          x12:00001007  x9:1c002ecc  PA:1c002ecc
26990500ns          466867 1c0094fe 01b888b3 add              x17, x17, x27       x17=00000220 x17:00000002 x27:0000021e
26990519ns          466868 1c009500 01a30333 add              x6, x6, x26          x6=00000516  x6:00000013 x26:00000503
26990539ns          466869 1c009502 08015d83 lhu              x27, 128(x2)        x27=0000008e  x2:100034d8  PA:10003558
26990559ns          466870 1c009506 0000d903 lhu              x18, 0(x1)          x18=0000fe9f  x1:1c002e8c  PA:1c002e8c
26990858ns          466885 1c00950a 01c686b3 add              x13, x13, x28       x13=0001ff3d x13:0000fff9 x28:0000ff44
26990877ns          466886 1c00950c 00659023 sh               x6, 0(x11)           x6:00000516 x11:1c002edc  PA:1c002edc
26991196ns          466902 1c009510 40af5f13 srai             x30, x30, 0x40a     x30=00000000 x30:00000026
26991215ns          466903 1c009514 04812e03 lw               x28, 72(x2)         x28=1c002f0c  x2:100034d8  PA:10003520
26991235ns          466904 1c009516 01bf0f33 add              x30, x30, x27       x30=0000008e x30:00000000 x27:0000008e
26991255ns          466905 1c009518 40aede93 srai             x29, x29, 0x40a     x29=ffffffff x29:fffffc25
26991275ns          466906 1c00951c 40a75713 srai             x14, x14, 0x40a     x14=fffffffc x14:fffff094
26991295ns          466907 1c00951e 03812603 lw               x12, 56(x2)         x12=1c002eec  x2:100034d8  PA:10003510
26991315ns          466908 1c009520 04012d83 lw               x27, 64(x2)         x27=1c002efc  x2:100034d8  PA:10003518
26991335ns          466909 1c009522 01ee1023 sh               x30, 0(x28)         x30:0000008e x28:1c002f0c  PA:1c002f0c
26991653ns          466925 1c009526 05812483 lw               x9, 88(x2)           x9=1c002e6c  x2:100034d8  PA:10003530
26991673ns          466926 1c009528 05012f03 lw               x30, 80(x2)         x30=1c002e7c  x2:100034d8  PA:10003528
26991693ns          466927 1c00952a 0a012583 lw               x11, 160(x2)        x11=1c002e9c  x2:100034d8  PA:10003578
26991713ns          466928 1c00952c 014787b3 add              x15, x15, x20       x15=0001fc16 x15:0000ffe4 x20:0000fc32
26991733ns          466929 1c00952e 013e8eb3 add              x29, x29, x19       x29=0000ffaf x29:ffffffff x19:0000ffb0
26991752ns          466930 1c009530 01270733 add              x14, x14, x18       x14=0000fe9b x14:fffffffc x18:0000fe9f
26991772ns          466931 1c009532 00f49023 sh               x15, 0(x9)          x15:0001fc16  x9:1c002e6c  PA:1c002e6c
26992130ns          466949 1c009536 01161023 sh               x17, 0(x12)         x17:00000220 x12:1c002eec  PA:1c002eec
26992449ns          466965 1c00953a 01fd9023 sh               x31, 0(x27)         x31:0000010a x27:1c002efc  PA:1c002efc
26992807ns          466983 1c00953e 00df1023 sh               x13, 0(x30)         x13:0001ff3d x30:1c002e7c  PA:1c002e7c
26993125ns          466999 1c009542 01d59023 sh               x29, 0(x11)         x29:0000ffaf x11:1c002e9c  PA:1c002e9c
26993443ns          467015 1c009546 00e09023 sh               x14, 0(x1)          x14:0000fe9b  x1:1c002e8c  PA:1c002e8c
26993761ns          467031 1c00954a 01039023 sh               x16, 0(x7)          x16:0000ffd4  x7:1c002ebc  PA:1c002ebc
26994079ns          467047 1c00954e 00a29023 sh               x10, 0(x5)          x10:0000ff5c  x5:1c002eac  PA:1c002eac
26994437ns          467065 1c009552 008b0b13 addi             x22, x22, 8         x22=000000be x22:000000b6
26994457ns          467066 1c009554 1f300793 addi             x15, x0, 499        x15=000001f3
26994477ns          467067 1c009558 e767dae3 bge              x15, x22, -396      x15:000001f3 x22:000000be
26994616ns          467074 1c0093cc 010c9a0b p.lh             x20, 16(x25!)       x20=00000040 x25=1c002814 x25:1c002804  PA:1c002804
26994935ns          467090 1c0093d0 0104198b p.lh             x19, 16(x8!)        x19=fffffe20  x8=1c001fdc  x8:1c001fcc  PA:1c001fcc
26995253ns          467106 1c0093d4 2cc10513 addi             x10, x2, 716        x10=100037a4  x2:100034d8
26995273ns          467107 1c0093d6 010a990b p.lh             x18, 16(x21!)       x18=fffffffc x21=1c001808 x21:1c0017f8  PA:1c0017f8
26995571ns          467122 1c0093da 010b948b p.lh             x9, 16(x23!)         x9=fffffe24 x23=1c001038 x23:1c001028  PA:1c001028
26995869ns          467137 1c0093de 2d411623 sh               x20, 716(x2)        x20:00000040  x2:100034d8  PA:100037a4
26995889ns          467138 1c0093e2 2d311723 sh               x19, 718(x2)        x19:fffffe20  x2:100034d8  PA:100037a6
26995909ns          467139 1c0093e6 c33ff0ef jal              x1, -974             x1=1c0093e8
26995949ns          467141 1c009018 00051803 lh               x16, 0(x10)         x16=00000040 x10:100037a4  PA:100037a4
26995969ns          467142 1c00901c 00251883 lh               x17, 2(x10)         x17=fffffe20 x10:100037a4  PA:100037a6
26995989ns          467143 1c009020 030806b3 mul              x13, x16, x16       x13=00001000 x16:00000040 x16:00000040
26996008ns          467144 1c009024 03188633 mul              x12, x17, x17       x12=00038400 x17:fffffe20 x17:fffffe20
26996028ns          467145 1c009028 40a65613 srai             x12, x12, 0x40a     x12=000000e1 x12:00038400
26996048ns          467146 1c00902a 40a6d693 srai             x13, x13, 0x40a     x13=00000004 x13:00001000
26996068ns          467147 1c00902c 00c686b3 add              x13, x13, x12       x13=000000e5 x13:00000004 x12:000000e1
26996088ns          467148 1c00902e 1006c633 p.exths          x12, x13, x0        x12=000000e5 x13:000000e5
26996108ns          467149 1c009032 00855703 lhu              x14, 8(x10)         x14=0000ffd1 x10:100037a4  PA:100037ac
26996128ns          467150 1c009036 00a55683 lhu              x13, 10(x10)        x13=0000ff6a x10:100037a4  PA:100037ae
26996148ns          467151 1c00903a 02c60333 mul              x6, x12, x12         x6=0000ccd9 x12:000000e5 x12:000000e5
26996168ns          467152 1c00903e 00c55783 lhu              x15, 12(x10)        x15=0000ffe5 x10:100037a4  PA:100037b0
26996187ns          467153 1c009042 00e55583 lhu              x11, 14(x10)        x11=00000060 x10:100037a4  PA:100037b2
26996207ns          467154 1c009046 dea30333 p.extract        x6, x6, 15, 10       x6=00000033  x6:0000ccd9
26996227ns          467155 1c00904a 80c7075b p.muls           x14, x14, x12       x14=ffffd5f5 x14:0000ffd1 x12:000000e5
26996247ns          467156 1c00904e 80c686db p.muls           x13, x13, x12       x13=ffff79d2 x13:0000ff6a x12:000000e5
26996267ns          467157 1c009052 00455e83 lhu              x29, 4(x10)         x29=00000427 x10:100037a4  PA:100037a8
26996287ns          467158 1c009056 00655e03 lhu              x28, 6(x10)         x28=0000007f x10:100037a4  PA:100037aa
26996307ns          467159 1c00905a 40a75713 srai             x14, x14, 0x40a     x14=fffffff5 x14:ffffd5f5
26996327ns          467160 1c00905c 806787db p.muls           x15, x15, x6        x15=fffffa9f x15:0000ffe5  x6:00000033
26996347ns          467161 1c009060 40a6d693 srai             x13, x13, 0x40a     x13=ffffffde x13:ffff79d2
26996366ns          467162 1c009062 8065865b p.muls           x12, x11, x6        x12=00001320 x11:00000060  x6:00000033
26996386ns          467163 1c009066 40a7d793 srai             x15, x15, 0x40a     x15=fffffffe x15:fffffa9f
26996406ns          467164 1c009068 40a65613 srai             x12, x12, 0x40a     x12=00000004 x12:00001320
26996426ns          467165 1c00906a 01d70733 add              x14, x14, x29       x14=0000041c x14:fffffff5 x29:00000427
26996446ns          467166 1c00906c 01c686b3 add              x13, x13, x28       x13=0000005d x13:ffffffde x28:0000007f
26996466ns          467167 1c00906e 00c686b3 add              x13, x13, x12       x13=00000061 x13:0000005d x12:00000004
26996486ns          467168 1c009070 00f70733 add              x14, x14, x15       x14=0000041a x14:0000041c x15:fffffffe
26996506ns          467169 1c009072 100747b3 p.exths          x15, x14, x0        x15=0000041a x14:0000041a
26996526ns          467170 1c009076 1006c733 p.exths          x14, x13, x0        x14=00000061 x13:00000061
26996545ns          467171 1c00907a 03170633 mul              x12, x14, x17       x12=ffff4a20 x14:00000061 x17:fffffe20
26996565ns          467172 1c00907e 030786b3 mul              x13, x15, x16       x13=00010680 x15:0000041a x16:00000040
26996585ns          467173 1c009082 03070733 mul              x14, x14, x16       x14=00001840 x14:00000061 x16:00000040
26996605ns          467174 1c009086 031787b3 mul              x15, x15, x17       x15=fff84f40 x15:0000041a x17:fffffe20
26996625ns          467175 1c00908a 40a6d693 srai             x13, x13, 0x40a     x13=00000041 x13:00010680
26996645ns          467176 1c00908c 40a65613 srai             x12, x12, 0x40a     x12=ffffffd2 x12:ffff4a20
26996665ns          467177 1c00908e 40a7d793 srai             x15, x15, 0x40a     x15=fffffe13 x15:fff84f40
26996685ns          467178 1c009090 40a75713 srai             x14, x14, 0x40a     x14=00000006 x14:00001840
26996705ns          467179 1c009092 40c686b3 sub              x13, x13, x12       x13=0000006f x13:00000041 x12:ffffffd2
26996724ns          467180 1c009094 00e787b3 add              x15, x15, x14       x15=fffffe19 x15:fffffe13 x14:00000006
26996744ns          467181 1c009096 00d51823 sh               x13, 16(x10)        x13:0000006f x10:100037a4  PA:100037b4
26996784ns          467183 1c00909a 00f51923 sh               x15, 18(x10)        x15:fffffe19 x10:100037a4  PA:100037b6
26996804ns          467184 1c00909e 00008067 jalr             x0, x1, 0            x1:1c0093e8
26996864ns          467187 1c0093e8 2dc15583 lhu              x11, 732(x2)        x11=0000006f  x2:100034d8  PA:100037b4
26996884ns          467188 1c0093ec 2de15783 lhu              x15, 734(x2)        x15=0000fe19  x2:100034d8  PA:100037b6
26996903ns          467189 1c0093f0 40b90933 sub              x18, x18, x11       x18=ffffff8d x18:fffffffc x11:0000006f
26996923ns          467190 1c0093f4 40f484b3 sub              x9, x9, x15          x9=ffff000b  x9:fffffe24 x15:0000fe19
26996943ns          467191 1c0093f6 100945b3 p.exths          x11, x18, x0        x11=ffffff8d x18:ffffff8d
26996963ns          467192 1c0093fa 1004c7b3 p.exths          x15, x9, x0         x15=0000000b  x9:ffff000b
26996983ns          467193 1c0093fe 034586b3 mul              x13, x11, x20       x13=ffffe340 x11:ffffff8d x20:00000040
26997003ns          467194 1c009402 03378533 mul              x10, x15, x19       x10=ffffeb60 x15:0000000b x19:fffffe20
26997023ns          467195 1c009406 034a0633 mul              x12, x20, x20       x12=00001000 x20:00000040 x20:00000040
26997043ns          467196 1c00940a 03398733 mul              x14, x19, x19       x14=00038400 x19:fffffe20 x19:fffffe20
26997063ns          467197 1c00940e 034787b3 mul              x15, x15, x20       x15=000002c0 x15:0000000b x20:00000040
26997082ns          467198 1c009412 033585b3 mul              x11, x11, x19       x11=0000d7a0 x11:ffffff8d x19:fffffe20
26997102ns          467199 1c009416 40a75713 srai             x14, x14, 0x40a     x14=000000e1 x14:00038400
26997122ns          467200 1c009418 40a5d593 srai             x11, x11, 0x40a     x11=00000035 x11:0000d7a0
26997142ns          467201 1c00941a 40a65613 srai             x12, x12, 0x40a     x12=00000004 x12:00001000
26997162ns          467202 1c00941c 40a7d793 srai             x15, x15, 0x40a     x15=00000000 x15:000002c0
26997182ns          467203 1c00941e 1c0034b7 lui              x9, 0x1c003000       x9=1c003000
26997202ns          467204 1c009422 00e60633 add              x12, x12, x14       x12=000000e5 x12:00000004 x14:000000e1
26997222ns          467205 1c009424 40b787b3 sub              x15, x15, x11       x15=ffffffcb x15:00000000 x11:00000035
26997242ns          467206 1c009426 eb048493 addi             x9, x9, -336         x9=1c002eb0  x9:1c003000
26997261ns          467207 1c00942a 1c0032b7 lui              x5, 0x1c003000       x5=1c003000
26997281ns          467208 1c00942e 1c0035b7 lui              x11, 0x1c003000     x11=1c003000
26997301ns          467209 1c009432 018483b3 add              x7, x9, x24          x7=1c002ebc  x9:1c002eb0 x24:0000000c
26997321ns          467210 1c009436 02812e83 lw               x29, 40(x2)         x29=1c002ecc  x2:100034d8  PA:10003500
26997341ns          467211 1c009438 10065633 p.exthz          x12, x12, x0        x12=000000e5 x12:000000e5
26997361ns          467212 1c00943c e8028293 addi             x5, x5, -384         x5=1c002e80  x5:1c003000
26997381ns          467213 1c009440 ea058593 addi             x11, x11, -352      x11=1c002ea0 x11:1c003000
26997401ns          467214 1c009444 03812483 lw               x9, 56(x2)           x9=1c002eec  x2:100034d8  PA:10003510
26997421ns          467215 1c009446 10064733 p.exths          x14, x12, x0        x14=000000e5 x12:000000e5
26997440ns          467216 1c00944a 018280b3 add              x1, x5, x24          x1=1c002e8c  x5:1c002e80 x24:0000000c
26997460ns          467217 1c00944e 03012f03 lw               x30, 48(x2)         x30=1c002edc  x2:100034d8  PA:10003508
26997480ns          467218 1c009450 018582b3 add              x5, x11, x24         x5=1c002eac x11:1c002ea0 x24:0000000c
26997500ns          467219 1c009454 04012583 lw               x11, 64(x2)         x11=1c002efc  x2:100034d8  PA:10003518
26997520ns          467220 1c009456 000edd83 lhu              x27, 0(x29)         x27=00001007 x29:1c002ecc  PA:1c002ecc
26997838ns          467236 1c00945a 0004d483 lhu              x9, 0(x9)            x9=00000220  x9:1c002eec  PA:1c002eec
26998256ns          467257 1c00945e 02e70333 mul              x6, x14, x14         x6=0000ccd9 x14:000000e5 x14:000000e5
26998276ns          467258 1c009462 40a55513 srai             x10, x10, 0x40a     x10=fffffffa x10:ffffeb60
26998296ns          467259 1c009464 04812e83 lw               x29, 72(x2)         x29=1c002f0c  x2:100034d8  PA:10003520
26998316ns          467260 1c009466 40a6d693 srai             x13, x13, 0x40a     x13=fffffff8 x13:ffffe340
26998335ns          467261 1c009468 000f5d03 lhu              x26, 0(x30)         x26=00000516 x30:1c002edc  PA:1c002edc
26998634ns          467276 1c00946c 0005d583 lhu              x11, 0(x11)         x11=0000010a x11:1c002efc  PA:1c002efc
26998932ns          467291 1c009470 40a35313 srai             x6, x6, 0x40a        x6=00000033  x6:0000ccd9
26998952ns          467292 1c009474 00a686b3 add              x13, x13, x10       x13=fffffff2 x13:fffffff8 x10:fffffffa
26998972ns          467293 1c009476 05012f03 lw               x30, 80(x2)         x30=1c002e7c  x2:100034d8  PA:10003528
26998992ns          467294 1c009478 10034e33 p.exths          x28, x6, x0         x28=00000033  x6:00000033
26999012ns          467295 1c00947c 06911023 sh               x9, 96(x2)           x9:00000220  x2:100034d8  PA:10003538
26999031ns          467296 1c009480 000ede83 lhu              x29, 0(x29)         x29=0000008e x29:1c002f0c  PA:1c002f0c
26999370ns          467313 1c009484 05812483 lw               x9, 88(x2)           x9=1c002e6c  x2:100034d8  PA:10003530
26999389ns          467314 1c009486 1006d6b3 p.exthz          x13, x13, x0        x13=0000fff2 x13:fffffff2
26999409ns          467315 1c00948a 02ee08b3 mul              x17, x28, x14       x17=00002d9f x28:00000033 x14:000000e5
26999429ns          467316 1c00948e 1006c833 p.exths          x16, x13, x0        x16=fffffff2 x13:0000fff2
26999449ns          467317 1c009492 06b11823 sh               x11, 112(x2)        x11:0000010a  x2:100034d8  PA:10003548
26999469ns          467318 1c009496 000f5f03 lhu              x30, 0(x30)         x30=0000ff3d x30:1c002e7c  PA:1c002e7c
26999767ns          467333 1c00949a 0a012583 lw               x11, 160(x2)        x11=1c002e9c  x2:100034d8  PA:10003578
26999787ns          467334 1c00949c 1007d7b3 p.exthz          x15, x15, x0        x15=0000ffcb x15:ffffffcb
26999807ns          467335 1c0094a0 0004da03 lhu              x20, 0(x9)          x20=0000fc16  x9:1c002e6c  PA:1c002e6c
27000105ns          467350 1c0094a4 1007c533 p.exths          x10, x15, x0        x10=ffffffcb x15:0000ffcb
27000125ns          467351 1c0094a8 09d11023 sh               x29, 128(x2)        x29:0000008e  x2:100034d8  PA:10003558
27000145ns          467352 1c0094ac 0003d483 lhu              x9, 0(x7)            x9=0000ffd4  x7:1c002ebc  PA:1c002ebc
27000444ns          467367 1c0094b0 02e80eb3 mul              x29, x16, x14       x29=fffff37a x16:fffffff2 x14:000000e5
27000463ns          467368 1c0094b4 40a8d893 srai             x17, x17, 0x40a     x17=0000000b x17:00002d9f
27000483ns          467369 1c0094b8 03c80833 mul              x16, x16, x28       x16=fffffd36 x16:fffffff2 x28:00000033
27000503ns          467370 1c0094bc 09e11823 sh               x30, 144(x2)        x30:0000ff3d  x2:100034d8  PA:10003568
27000523ns          467371 1c0094c0 0005d983 lhu              x19, 0(x11)         x19=0000ffaf x11:1c002e9c  PA:1c002e9c
27000861ns          467388 1c0094c4 81c88f5b p.muls           x30, x17, x28       x30=00000231 x17:0000000b x28:00000033
27000881ns          467389 1c0094c8 0002d583 lhu              x11, 0(x5)          x11=0000ff5c  x5:1c002eac  PA:1c002eac
27001179ns          467404 1c0094cc 03ce0fb3 mul              x31, x28, x28       x31=00000a29 x28:00000033 x28:00000033
27001199ns          467405 1c0094d0 02e50733 mul              x14, x10, x14       x14=ffffd097 x10:ffffffcb x14:000000e5
27001219ns          467406 1c0094d4 40a85813 srai             x16, x16, 0x40a     x16=ffffffff x16:fffffd36
27001239ns          467407 1c0094d8 03c50533 mul              x10, x10, x28       x10=fffff571 x10:ffffffcb x28:00000033
27001259ns          467408 1c0094dc 07015e03 lhu              x28, 112(x2)        x28=0000010a  x2:100034d8  PA:10003548
27001279ns          467409 1c0094e0 01b60633 add              x12, x12, x27       x12=000010ec x12:000000e5 x27:00001007
27001299ns          467410 1c0094e2 00980833 add              x16, x16, x9        x16=0000ffd3 x16:ffffffff  x9:0000ffd4
27001319ns          467411 1c0094e4 06015d83 lhu              x27, 96(x2)         x27=00000220  x2:100034d8  PA:10003538
27001338ns          467412 1c0094e8 02812483 lw               x9, 40(x2)           x9=1c002ecc  x2:100034d8  PA:10003500
27001358ns          467413 1c0094ea 40afdf93 srai             x31, x31, 0x40a     x31=00000002 x31:00000a29
27001378ns          467414 1c0094ee 40a55513 srai             x10, x10, 0x40a     x10=fffffffd x10:fffff571
27001398ns          467415 1c0094f0 01cf8fb3 add              x31, x31, x28       x31=0000010c x31:00000002 x28:0000010a
27001418ns          467416 1c0094f2 00b50533 add              x10, x10, x11       x10=0000ff59 x10:fffffffd x11:0000ff5c
27001438ns          467417 1c0094f4 09015e03 lhu              x28, 144(x2)        x28=0000ff3d  x2:100034d8  PA:10003568
27001458ns          467418 1c0094f8 03012583 lw               x11, 48(x2)         x11=1c002edc  x2:100034d8  PA:10003508
27001478ns          467419 1c0094fa 00c49023 sh               x12, 0(x9)          x12:000010ec  x9:1c002ecc  PA:1c002ecc
27001796ns          467435 1c0094fe 01b888b3 add              x17, x17, x27       x17=0000022b x17:0000000b x27:00000220
27001816ns          467436 1c009500 01a30333 add              x6, x6, x26          x6=00000549  x6:00000033 x26:00000516
27001836ns          467437 1c009502 08015d83 lhu              x27, 128(x2)        x27=0000008e  x2:100034d8  PA:10003558
27001875ns          467439 1c009506 0000d903 lhu              x18, 0(x1)          x18=0000fe9b  x1:1c002e8c  PA:1c002e8c
27002194ns          467455 1c00950a 01c686b3 add              x13, x13, x28       x13=0001ff2f x13:0000fff2 x28:0000ff3d
27002214ns          467456 1c00950c 00659023 sh               x6, 0(x11)           x6:00000549 x11:1c002edc  PA:1c002edc
27002532ns          467472 1c009510 40af5f13 srai             x30, x30, 0x40a     x30=00000000 x30:00000231
27002552ns          467473 1c009514 04812e03 lw               x28, 72(x2)         x28=1c002f0c  x2:100034d8  PA:10003520
27002572ns          467474 1c009516 01bf0f33 add              x30, x30, x27       x30=0000008e x30:00000000 x27:0000008e
27002591ns          467475 1c009518 40aede93 srai             x29, x29, 0x40a     x29=fffffffc x29:fffff37a
27002611ns          467476 1c00951c 40a75713 srai             x14, x14, 0x40a     x14=fffffff4 x14:ffffd097
27002631ns          467477 1c00951e 03812603 lw               x12, 56(x2)         x12=1c002eec  x2:100034d8  PA:10003510
27002651ns          467478 1c009520 04012d83 lw               x27, 64(x2)         x27=1c002efc  x2:100034d8  PA:10003518
27002671ns          467479 1c009522 01ee1023 sh               x30, 0(x28)         x30:0000008e x28:1c002f0c  PA:1c002f0c
27002989ns          467495 1c009526 05812483 lw               x9, 88(x2)           x9=1c002e6c  x2:100034d8  PA:10003530
27003009ns          467496 1c009528 05012f03 lw               x30, 80(x2)         x30=1c002e7c  x2:100034d8  PA:10003528
27003029ns          467497 1c00952a 0a012583 lw               x11, 160(x2)        x11=1c002e9c  x2:100034d8  PA:10003578
27003049ns          467498 1c00952c 014787b3 add              x15, x15, x20       x15=0001fbe1 x15:0000ffcb x20:0000fc16
27003069ns          467499 1c00952e 013e8eb3 add              x29, x29, x19       x29=0000ffab x29:fffffffc x19:0000ffaf
27003089ns          467500 1c009530 01270733 add              x14, x14, x18       x14=0000fe8f x14:fffffff4 x18:0000fe9b
27003109ns          467501 1c009532 00f49023 sh               x15, 0(x9)          x15:0001fbe1  x9:1c002e6c  PA:1c002e6c
27003466ns          467519 1c009536 01161023 sh               x17, 0(x12)         x17:0000022b x12:1c002eec  PA:1c002eec
27003785ns          467535 1c00953a 01fd9023 sh               x31, 0(x27)         x31:0000010c x27:1c002efc  PA:1c002efc
27004103ns          467551 1c00953e 00df1023 sh               x13, 0(x30)         x13:0001ff2f x30:1c002e7c  PA:1c002e7c
27004421ns          467567 1c009542 01d59023 sh               x29, 0(x11)         x29:0000ffab x11:1c002e9c  PA:1c002e9c
27004739ns          467583 1c009546 00e09023 sh               x14, 0(x1)          x14:0000fe8f  x1:1c002e8c  PA:1c002e8c
27005058ns          467599 1c00954a 01039023 sh               x16, 0(x7)          x16:0000ffd3  x7:1c002ebc  PA:1c002ebc
27005396ns          467616 1c00954e 00a29023 sh               x10, 0(x5)          x10:0000ff59  x5:1c002eac  PA:1c002eac
27005714ns          467632 1c009552 008b0b13 addi             x22, x22, 8         x22=000000c6 x22:000000be
27005734ns          467633 1c009554 1f300793 addi             x15, x0, 499        x15=000001f3
27005754ns          467634 1c009558 e767dae3 bge              x15, x22, -396      x15:000001f3 x22:000000c6
27005853ns          467639 1c0093cc 010c9a0b p.lh             x20, 16(x25!)       x20=ffffff19 x25=1c002824 x25:1c002814  PA:1c002814
27006191ns          467656 1c0093d0 0104198b p.lh             x19, 16(x8!)        x19=ffffff18  x8=1c001fec  x8:1c001fdc  PA:1c001fdc
27006529ns          467673 1c0093d4 2cc10513 addi             x10, x2, 716        x10=100037a4  x2:100034d8
27006549ns          467674 1c0093d6 010a990b p.lh             x18, 16(x21!)       x18=ffffff04 x21=1c001818 x21:1c001808  PA:1c001808
27006847ns          467689 1c0093da 010b948b p.lh             x9, 16(x23!)         x9=ffffff24 x23=1c001048 x23:1c001038  PA:1c001038
27007166ns          467705 1c0093de 2d411623 sh               x20, 716(x2)        x20:ffffff19  x2:100034d8  PA:100037a4
27007186ns          467706 1c0093e2 2d311723 sh               x19, 718(x2)        x19:ffffff18  x2:100034d8  PA:100037a6
27007205ns          467707 1c0093e6 c33ff0ef jal              x1, -974             x1=1c0093e8
27007245ns          467709 1c009018 00051803 lh               x16, 0(x10)         x16=ffffff19 x10:100037a4  PA:100037a4
27007265ns          467710 1c00901c 00251883 lh               x17, 2(x10)         x17=ffffff18 x10:100037a4  PA:100037a6
27007285ns          467711 1c009020 030806b3 mul              x13, x16, x16       x13=0000d071 x16:ffffff19 x16:ffffff19
27007305ns          467712 1c009024 03188633 mul              x12, x17, x17       x12=0000d240 x17:ffffff18 x17:ffffff18
27007325ns          467713 1c009028 40a65613 srai             x12, x12, 0x40a     x12=00000034 x12:0000d240
27007345ns          467714 1c00902a 40a6d693 srai             x13, x13, 0x40a     x13=00000034 x13:0000d071
27007365ns          467715 1c00902c 00c686b3 add              x13, x13, x12       x13=00000068 x13:00000034 x12:00000034
27007384ns          467716 1c00902e 1006c633 p.exths          x12, x13, x0        x12=00000068 x13:00000068
27007404ns          467717 1c009032 00855703 lhu              x14, 8(x10)         x14=0000ffd1 x10:100037a4  PA:100037ac
27007424ns          467718 1c009036 00a55683 lhu              x13, 10(x10)        x13=0000ff6a x10:100037a4  PA:100037ae
27007444ns          467719 1c00903a 02c60333 mul              x6, x12, x12         x6=00002a40 x12:00000068 x12:00000068
27007464ns          467720 1c00903e 00c55783 lhu              x15, 12(x10)        x15=0000ffe5 x10:100037a4  PA:100037b0
27007484ns          467721 1c009042 00e55583 lhu              x11, 14(x10)        x11=00000060 x10:100037a4  PA:100037b2
27007504ns          467722 1c009046 dea30333 p.extract        x6, x6, 15, 10       x6=0000000a  x6:00002a40
27007524ns          467723 1c00904a 80c7075b p.muls           x14, x14, x12       x14=ffffece8 x14:0000ffd1 x12:00000068
27007563ns          467725 1c00904e 80c686db p.muls           x13, x13, x12       x13=ffffc310 x13:0000ff6a x12:00000068
27007603ns          467727 1c009052 00455e83 lhu              x29, 4(x10)         x29=00000427 x10:100037a4  PA:100037a8
27007623ns          467728 1c009056 00655e03 lhu              x28, 6(x10)         x28=0000007f x10:100037a4  PA:100037aa
27007643ns          467729 1c00905a 40a75713 srai             x14, x14, 0x40a     x14=fffffffb x14:ffffece8
27007663ns          467730 1c00905c 806787db p.muls           x15, x15, x6        x15=fffffef2 x15:0000ffe5  x6:0000000a
27007703ns          467732 1c009060 40a6d693 srai             x13, x13, 0x40a     x13=fffffff0 x13:ffffc310
27007742ns          467734 1c009062 8065865b p.muls           x12, x11, x6        x12=000003c0 x11:00000060  x6:0000000a
27007762ns          467735 1c009066 40a7d793 srai             x15, x15, 0x40a     x15=ffffffff x15:fffffef2
27007782ns          467736 1c009068 40a65613 srai             x12, x12, 0x40a     x12=00000000 x12:000003c0
27007802ns          467737 1c00906a 01d70733 add              x14, x14, x29       x14=00000422 x14:fffffffb x29:00000427
27007822ns          467738 1c00906c 01c686b3 add              x13, x13, x28       x13=0000006f x13:fffffff0 x28:0000007f
27007842ns          467739 1c00906e 00c686b3 add              x13, x13, x12       x13=0000006f x13:0000006f x12:00000000
27007862ns          467740 1c009070 00f70733 add              x14, x14, x15       x14=00000421 x14:00000422 x15:ffffffff
27007882ns          467741 1c009072 100747b3 p.exths          x15, x14, x0        x15=00000421 x14:00000421
27007902ns          467742 1c009076 1006c733 p.exths          x14, x13, x0        x14=0000006f x13:0000006f
27007921ns          467743 1c00907a 03170633 mul              x12, x14, x17       x12=ffff9b68 x14:0000006f x17:ffffff18
27007941ns          467744 1c00907e 030786b3 mul              x13, x15, x16       x13=fffc4639 x15:00000421 x16:ffffff19
27007961ns          467745 1c009082 03070733 mul              x14, x14, x16       x14=ffff9bd7 x14:0000006f x16:ffffff19
27007981ns          467746 1c009086 031787b3 mul              x15, x15, x17       x15=fffc4218 x15:00000421 x17:ffffff18
27008001ns          467747 1c00908a 40a6d693 srai             x13, x13, 0x40a     x13=ffffff11 x13:fffc4639
27008021ns          467748 1c00908c 40a65613 srai             x12, x12, 0x40a     x12=ffffffe6 x12:ffff9b68
27008041ns          467749 1c00908e 40a7d793 srai             x15, x15, 0x40a     x15=ffffff10 x15:fffc4218
27008061ns          467750 1c009090 40a75713 srai             x14, x14, 0x40a     x14=ffffffe6 x14:ffff9bd7
27008081ns          467751 1c009092 40c686b3 sub              x13, x13, x12       x13=ffffff2b x13:ffffff11 x12:ffffffe6
27008100ns          467752 1c009094 00e787b3 add              x15, x15, x14       x15=fffffef6 x15:ffffff10 x14:ffffffe6
27008120ns          467753 1c009096 00d51823 sh               x13, 16(x10)        x13:ffffff2b x10:100037a4  PA:100037b4
27008140ns          467754 1c00909a 00f51923 sh               x15, 18(x10)        x15:fffffef6 x10:100037a4  PA:100037b6
27008160ns          467755 1c00909e 00008067 jalr             x0, x1, 0            x1:1c0093e8
27008200ns          467757 1c0093e8 2dc15583 lhu              x11, 732(x2)        x11=0000ff2b  x2:100034d8  PA:100037b4
27008220ns          467758 1c0093ec 2de15783 lhu              x15, 734(x2)        x15=0000fef6  x2:100034d8  PA:100037b6
27008240ns          467759 1c0093f0 40b90933 sub              x18, x18, x11       x18=fffeffd9 x18:ffffff04 x11:0000ff2b
27008260ns          467760 1c0093f4 40f484b3 sub              x9, x9, x15          x9=ffff002e  x9:ffffff24 x15:0000fef6
27008279ns          467761 1c0093f6 100945b3 p.exths          x11, x18, x0        x11=ffffffd9 x18:fffeffd9
27008299ns          467762 1c0093fa 1004c7b3 p.exths          x15, x9, x0         x15=0000002e  x9:ffff002e
27008319ns          467763 1c0093fe 034586b3 mul              x13, x11, x20       x13=00002331 x11:ffffffd9 x20:ffffff19
27008339ns          467764 1c009402 03378533 mul              x10, x15, x19       x10=ffffd650 x15:0000002e x19:ffffff18
27008359ns          467765 1c009406 034a0633 mul              x12, x20, x20       x12=0000d071 x20:ffffff19 x20:ffffff19
27008379ns          467766 1c00940a 03398733 mul              x14, x19, x19       x14=0000d240 x19:ffffff18 x19:ffffff18
27008438ns          467769 1c00940e 034787b3 mul              x15, x15, x20       x15=ffffd67e x15:0000002e x20:ffffff19
27008478ns          467771 1c009412 033585b3 mul              x11, x11, x19       x11=00002358 x11:ffffffd9 x19:ffffff18
27008498ns          467772 1c009416 40a75713 srai             x14, x14, 0x40a     x14=00000034 x14:0000d240
27008518ns          467773 1c009418 40a5d593 srai             x11, x11, 0x40a     x11=00000008 x11:00002358
27008538ns          467774 1c00941a 40a65613 srai             x12, x12, 0x40a     x12=00000034 x12:0000d071
27008558ns          467775 1c00941c 40a7d793 srai             x15, x15, 0x40a     x15=fffffff5 x15:ffffd67e
27008578ns          467776 1c00941e 1c0034b7 lui              x9, 0x1c003000       x9=1c003000
27008598ns          467777 1c009422 00e60633 add              x12, x12, x14       x12=00000068 x12:00000034 x14:00000034
27008617ns          467778 1c009424 40b787b3 sub              x15, x15, x11       x15=ffffffed x15:fffffff5 x11:00000008
27008637ns          467779 1c009426 eb048493 addi             x9, x9, -336         x9=1c002eb0  x9:1c003000
27008657ns          467780 1c00942a 1c0032b7 lui              x5, 0x1c003000       x5=1c003000
27008677ns          467781 1c00942e 1c0035b7 lui              x11, 0x1c003000     x11=1c003000
27008697ns          467782 1c009432 018483b3 add              x7, x9, x24          x7=1c002ebc  x9:1c002eb0 x24:0000000c
27008717ns          467783 1c009436 02812e83 lw               x29, 40(x2)         x29=1c002ecc  x2:100034d8  PA:10003500
27008737ns          467784 1c009438 10065633 p.exthz          x12, x12, x0        x12=00000068 x12:00000068
27008757ns          467785 1c00943c e8028293 addi             x5, x5, -384         x5=1c002e80  x5:1c003000
27008777ns          467786 1c009440 ea058593 addi             x11, x11, -352      x11=1c002ea0 x11:1c003000
27008796ns          467787 1c009444 03812483 lw               x9, 56(x2)           x9=1c002eec  x2:100034d8  PA:10003510
27008816ns          467788 1c009446 10064733 p.exths          x14, x12, x0        x14=00000068 x12:00000068
27008836ns          467789 1c00944a 018280b3 add              x1, x5, x24          x1=1c002e8c  x5:1c002e80 x24:0000000c
27008856ns          467790 1c00944e 03012f03 lw               x30, 48(x2)         x30=1c002edc  x2:100034d8  PA:10003508
27008876ns          467791 1c009450 018582b3 add              x5, x11, x24         x5=1c002eac x11:1c002ea0 x24:0000000c
27008896ns          467792 1c009454 04012583 lw               x11, 64(x2)         x11=1c002efc  x2:100034d8  PA:10003518
27008916ns          467793 1c009456 000edd83 lhu              x27, 0(x29)         x27=000010ec x29:1c002ecc  PA:1c002ecc
27009333ns          467814 1c00945a 0004d483 lhu              x9, 0(x9)            x9=0000022b  x9:1c002eec  PA:1c002eec
27009731ns          467834 1c00945e 02e70333 mul              x6, x14, x14         x6=00002a40 x14:00000068 x14:00000068
27009751ns          467835 1c009462 40a55513 srai             x10, x10, 0x40a     x10=fffffff5 x10:ffffd650
27009771ns          467836 1c009464 04812e83 lw               x29, 72(x2)         x29=1c002f0c  x2:100034d8  PA:10003520
27009791ns          467837 1c009466 40a6d693 srai             x13, x13, 0x40a     x13=00000008 x13:00002331
27009811ns          467838 1c009468 000f5d03 lhu              x26, 0(x30)         x26=00000549 x30:1c002edc  PA:1c002edc
27010169ns          467856 1c00946c 0005d583 lhu              x11, 0(x11)         x11=0000010c x11:1c002efc  PA:1c002efc
27010527ns          467874 1c009470 40a35313 srai             x6, x6, 0x40a        x6=0000000a  x6:00002a40
27010547ns          467875 1c009474 00a686b3 add              x13, x13, x10       x13=fffffffd x13:00000008 x10:fffffff5
27010567ns          467876 1c009476 05012f03 lw               x30, 80(x2)         x30=1c002e7c  x2:100034d8  PA:10003528
27010586ns          467877 1c009478 10034e33 p.exths          x28, x6, x0         x28=0000000a  x6:0000000a
27010606ns          467878 1c00947c 06911023 sh               x9, 96(x2)           x9:0000022b  x2:100034d8  PA:10003538
27010626ns          467879 1c009480 000ede83 lhu              x29, 0(x29)         x29=0000008e x29:1c002f0c  PA:1c002f0c
27010924ns          467894 1c009484 05812483 lw               x9, 88(x2)           x9=1c002e6c  x2:100034d8  PA:10003530
27010944ns          467895 1c009486 1006d6b3 p.exthz          x13, x13, x0        x13=0000fffd x13:fffffffd
27010964ns          467896 1c00948a 02ee08b3 mul              x17, x28, x14       x17=00000410 x28:0000000a x14:00000068
27010984ns          467897 1c00948e 1006c833 p.exths          x16, x13, x0        x16=fffffffd x13:0000fffd
27011004ns          467898 1c009492 06b11823 sh               x11, 112(x2)        x11:0000010c  x2:100034d8  PA:10003548
27011024ns          467899 1c009496 000f5f03 lhu              x30, 0(x30)         x30=0000ff2f x30:1c002e7c  PA:1c002e7c
27011322ns          467914 1c00949a 0a012583 lw               x11, 160(x2)        x11=1c002e9c  x2:100034d8  PA:10003578
27011342ns          467915 1c00949c 1007d7b3 p.exthz          x15, x15, x0        x15=0000ffed x15:ffffffed
27011362ns          467916 1c0094a0 0004da03 lhu              x20, 0(x9)          x20=0000fbe1  x9:1c002e6c  PA:1c002e6c
27011680ns          467932 1c0094a4 1007c533 p.exths          x10, x15, x0        x10=ffffffed x15:0000ffed
27011700ns          467933 1c0094a8 09d11023 sh               x29, 128(x2)        x29:0000008e  x2:100034d8  PA:10003558
27011720ns          467934 1c0094ac 0003d483 lhu              x9, 0(x7)            x9=0000ffd3  x7:1c002ebc  PA:1c002ebc
27012038ns          467950 1c0094b0 02e80eb3 mul              x29, x16, x14       x29=fffffec8 x16:fffffffd x14:00000068
27012058ns          467951 1c0094b4 40a8d893 srai             x17, x17, 0x40a     x17=00000001 x17:00000410
27012078ns          467952 1c0094b8 03c80833 mul              x16, x16, x28       x16=ffffffe2 x16:fffffffd x28:0000000a
27012098ns          467953 1c0094bc 09e11823 sh               x30, 144(x2)        x30:0000ff2f  x2:100034d8  PA:10003568
27012118ns          467954 1c0094c0 0005d983 lhu              x19, 0(x11)         x19=0000ffab x11:1c002e9c  PA:1c002e9c
27012456ns          467971 1c0094c4 81c88f5b p.muls           x30, x17, x28       x30=0000000a x17:00000001 x28:0000000a
27012476ns          467972 1c0094c8 0002d583 lhu              x11, 0(x5)          x11=0000ff59  x5:1c002eac  PA:1c002eac
27012794ns          467988 1c0094cc 03ce0fb3 mul              x31, x28, x28       x31=00000064 x28:0000000a x28:0000000a
27012814ns          467989 1c0094d0 02e50733 mul              x14, x10, x14       x14=fffff848 x10:ffffffed x14:00000068
27012834ns          467990 1c0094d4 40a85813 srai             x16, x16, 0x40a     x16=ffffffff x16:ffffffe2
27012854ns          467991 1c0094d8 03c50533 mul              x10, x10, x28       x10=ffffff42 x10:ffffffed x28:0000000a
27012874ns          467992 1c0094dc 07015e03 lhu              x28, 112(x2)        x28=0000010c  x2:100034d8  PA:10003548
27012913ns          467994 1c0094e0 01b60633 add              x12, x12, x27       x12=00001154 x12:00000068 x27:000010ec
27012933ns          467995 1c0094e2 00980833 add              x16, x16, x9        x16=0000ffd2 x16:ffffffff  x9:0000ffd3
27012953ns          467996 1c0094e4 06015d83 lhu              x27, 96(x2)         x27=0000022b  x2:100034d8  PA:10003538
27012973ns          467997 1c0094e8 02812483 lw               x9, 40(x2)           x9=1c002ecc  x2:100034d8  PA:10003500
27012993ns          467998 1c0094ea 40afdf93 srai             x31, x31, 0x40a     x31=00000000 x31:00000064
27013013ns          467999 1c0094ee 40a55513 srai             x10, x10, 0x40a     x10=ffffffff x10:ffffff42
27013033ns          468000 1c0094f0 01cf8fb3 add              x31, x31, x28       x31=0000010c x31:00000000 x28:0000010c
27013053ns          468001 1c0094f2 00b50533 add              x10, x10, x11       x10=0000ff58 x10:ffffffff x11:0000ff59
27013072ns          468002 1c0094f4 09015e03 lhu              x28, 144(x2)        x28=0000ff2f  x2:100034d8  PA:10003568
27013092ns          468003 1c0094f8 03012583 lw               x11, 48(x2)         x11=1c002edc  x2:100034d8  PA:10003508
27013112ns          468004 1c0094fa 00c49023 sh               x12, 0(x9)          x12:00001154  x9:1c002ecc  PA:1c002ecc
27013430ns          468020 1c0094fe 01b888b3 add              x17, x17, x27       x17=0000022c x17:00000001 x27:0000022b
27013450ns          468021 1c009500 01a30333 add              x6, x6, x26          x6=00000553  x6:0000000a x26:00000549
27013470ns          468022 1c009502 08015d83 lhu              x27, 128(x2)        x27=0000008e  x2:100034d8  PA:10003558
27013490ns          468023 1c009506 0000d903 lhu              x18, 0(x1)          x18=0000fe8f  x1:1c002e8c  PA:1c002e8c
27013808ns          468039 1c00950a 01c686b3 add              x13, x13, x28       x13=0001ff2c x13:0000fffd x28:0000ff2f
27013828ns          468040 1c00950c 00659023 sh               x6, 0(x11)           x6:00000553 x11:1c002edc  PA:1c002edc
27014146ns          468056 1c009510 40af5f13 srai             x30, x30, 0x40a     x30=00000000 x30:0000000a
27014166ns          468057 1c009514 04812e03 lw               x28, 72(x2)         x28=1c002f0c  x2:100034d8  PA:10003520
27014186ns          468058 1c009516 01bf0f33 add              x30, x30, x27       x30=0000008e x30:00000000 x27:0000008e
27014206ns          468059 1c009518 40aede93 srai             x29, x29, 0x40a     x29=ffffffff x29:fffffec8
27014226ns          468060 1c00951c 40a75713 srai             x14, x14, 0x40a     x14=fffffffe x14:fffff848
27014246ns          468061 1c00951e 03812603 lw               x12, 56(x2)         x12=1c002eec  x2:100034d8  PA:10003510
27014266ns          468062 1c009520 04012d83 lw               x27, 64(x2)         x27=1c002efc  x2:100034d8  PA:10003518
27014286ns          468063 1c009522 01ee1023 sh               x30, 0(x28)         x30:0000008e x28:1c002f0c  PA:1c002f0c
27014604ns          468079 1c009526 05812483 lw               x9, 88(x2)           x9=1c002e6c  x2:100034d8  PA:10003530
27014624ns          468080 1c009528 05012f03 lw               x30, 80(x2)         x30=1c002e7c  x2:100034d8  PA:10003528
27014644ns          468081 1c00952a 0a012583 lw               x11, 160(x2)        x11=1c002e9c  x2:100034d8  PA:10003578
27014663ns          468082 1c00952c 014787b3 add              x15, x15, x20       x15=0001fbce x15:0000ffed x20:0000fbe1
27014683ns          468083 1c00952e 013e8eb3 add              x29, x29, x19       x29=0000ffaa x29:ffffffff x19:0000ffab
27014703ns          468084 1c009530 01270733 add              x14, x14, x18       x14=0000fe8d x14:fffffffe x18:0000fe8f
27014723ns          468085 1c009532 00f49023 sh               x15, 0(x9)          x15:0001fbce  x9:1c002e6c  PA:1c002e6c
27015041ns          468101 1c009536 01161023 sh               x17, 0(x12)         x17:0000022c x12:1c002eec  PA:1c002eec
27015399ns          468119 1c00953a 01fd9023 sh               x31, 0(x27)         x31:0000010c x27:1c002efc  PA:1c002efc
27015718ns          468135 1c00953e 00df1023 sh               x13, 0(x30)         x13:0001ff2c x30:1c002e7c  PA:1c002e7c
27016036ns          468151 1c009542 01d59023 sh               x29, 0(x11)         x29:0000ffaa x11:1c002e9c  PA:1c002e9c
27016354ns          468167 1c009546 00e09023 sh               x14, 0(x1)          x14:0000fe8d  x1:1c002e8c  PA:1c002e8c
27016672ns          468183 1c00954a 01039023 sh               x16, 0(x7)          x16:0000ffd2  x7:1c002ebc  PA:1c002ebc
27016990ns          468199 1c00954e 00a29023 sh               x10, 0(x5)          x10:0000ff58  x5:1c002eac  PA:1c002eac
27017309ns          468215 1c009552 008b0b13 addi             x22, x22, 8         x22=000000ce x22:000000c6
27017328ns          468216 1c009554 1f300793 addi             x15, x0, 499        x15=000001f3
27017348ns          468217 1c009558 e767dae3 bge              x15, x22, -396      x15:000001f3 x22:000000ce
27017448ns          468222 1c0093cc 010c9a0b p.lh             x20, 16(x25!)       x20=000000d0 x25=1c002834 x25:1c002824  PA:1c002824
27017806ns          468240 1c0093d0 0104198b p.lh             x19, 16(x8!)        x19=00000130  x8=1c001ffc  x8:1c001fec  PA:1c001fec
27018144ns          468257 1c0093d4 2cc10513 addi             x10, x2, 716        x10=100037a4  x2:100034d8
27018164ns          468258 1c0093d6 010a990b p.lh             x18, 16(x21!)       x18=000000fd x21=1c001828 x21:1c001818  PA:1c001818
27018462ns          468273 1c0093da 010b948b p.lh             x9, 16(x23!)         x9=00000122 x23=1c001058 x23:1c001048  PA:1c001048
27018760ns          468288 1c0093de 2d411623 sh               x20, 716(x2)        x20:000000d0  x2:100034d8  PA:100037a4
27018780ns          468289 1c0093e2 2d311723 sh               x19, 718(x2)        x19:00000130  x2:100034d8  PA:100037a6
27018800ns          468290 1c0093e6 c33ff0ef jal              x1, -974             x1=1c0093e8
27018880ns          468294 1c009018 00051803 lh               x16, 0(x10)         x16=000000d0 x10:100037a4  PA:100037a4
27018919ns          468296 1c00901c 00251883 lh               x17, 2(x10)         x17=00000130 x10:100037a4  PA:100037a6
27018979ns          468299 1c009020 030806b3 mul              x13, x16, x16       x13=0000a900 x16:000000d0 x16:000000d0
27019019ns          468301 1c009024 03188633 mul              x12, x17, x17       x12=00016900 x17:00000130 x17:00000130
27019039ns          468302 1c009028 40a65613 srai             x12, x12, 0x40a     x12=0000005a x12:00016900
27019059ns          468303 1c00902a 40a6d693 srai             x13, x13, 0x40a     x13=0000002a x13:0000a900
27019079ns          468304 1c00902c 00c686b3 add              x13, x13, x12       x13=00000084 x13:0000002a x12:0000005a
27019098ns          468305 1c00902e 1006c633 p.exths          x12, x13, x0        x12=00000084 x13:00000084
27019118ns          468306 1c009032 00855703 lhu              x14, 8(x10)         x14=0000ffd1 x10:100037a4  PA:100037ac
27019138ns          468307 1c009036 00a55683 lhu              x13, 10(x10)        x13=0000ff6a x10:100037a4  PA:100037ae
27019158ns          468308 1c00903a 02c60333 mul              x6, x12, x12         x6=00004410 x12:00000084 x12:00000084
27019198ns          468310 1c00903e 00c55783 lhu              x15, 12(x10)        x15=0000ffe5 x10:100037a4  PA:100037b0
27019238ns          468312 1c009042 00e55583 lhu              x11, 14(x10)        x11=00000060 x10:100037a4  PA:100037b2
27019258ns          468313 1c009046 dea30333 p.extract        x6, x6, 15, 10       x6=00000011  x6:00004410
27019277ns          468314 1c00904a 80c7075b p.muls           x14, x14, x12       x14=ffffe7c4 x14:0000ffd1 x12:00000084
27019297ns          468315 1c00904e 80c686db p.muls           x13, x13, x12       x13=ffffb2a8 x13:0000ff6a x12:00000084
27019317ns          468316 1c009052 00455e83 lhu              x29, 4(x10)         x29=00000427 x10:100037a4  PA:100037a8
27019337ns          468317 1c009056 00655e03 lhu              x28, 6(x10)         x28=0000007f x10:100037a4  PA:100037aa
27019357ns          468318 1c00905a 40a75713 srai             x14, x14, 0x40a     x14=fffffff9 x14:ffffe7c4
27019377ns          468319 1c00905c 806787db p.muls           x15, x15, x6        x15=fffffe35 x15:0000ffe5  x6:00000011
27019417ns          468321 1c009060 40a6d693 srai             x13, x13, 0x40a     x13=ffffffec x13:ffffb2a8
27019456ns          468323 1c009062 8065865b p.muls           x12, x11, x6        x12=00000660 x11:00000060  x6:00000011
27019476ns          468324 1c009066 40a7d793 srai             x15, x15, 0x40a     x15=ffffffff x15:fffffe35
27019496ns          468325 1c009068 40a65613 srai             x12, x12, 0x40a     x12=00000001 x12:00000660
27019516ns          468326 1c00906a 01d70733 add              x14, x14, x29       x14=00000420 x14:fffffff9 x29:00000427
27019536ns          468327 1c00906c 01c686b3 add              x13, x13, x28       x13=0000006b x13:ffffffec x28:0000007f
27019556ns          468328 1c00906e 00c686b3 add              x13, x13, x12       x13=0000006c x13:0000006b x12:00000001
27019576ns          468329 1c009070 00f70733 add              x14, x14, x15       x14=0000041f x14:00000420 x15:ffffffff
27019596ns          468330 1c009072 100747b3 p.exths          x15, x14, x0        x15=0000041f x14:0000041f
27019616ns          468331 1c009076 1006c733 p.exths          x14, x13, x0        x14=0000006c x13:0000006c
27019635ns          468332 1c00907a 03170633 mul              x12, x14, x17       x12=00008040 x14:0000006c x17:00000130
27019655ns          468333 1c00907e 030786b3 mul              x13, x15, x16       x13=00035930 x15:0000041f x16:000000d0
27019675ns          468334 1c009082 03070733 mul              x14, x14, x16       x14=000057c0 x14:0000006c x16:000000d0
27019695ns          468335 1c009086 031787b3 mul              x15, x15, x17       x15=0004e4d0 x15:0000041f x17:00000130
27019715ns          468336 1c00908a 40a6d693 srai             x13, x13, 0x40a     x13=000000d6 x13:00035930
27019735ns          468337 1c00908c 40a65613 srai             x12, x12, 0x40a     x12=00000020 x12:00008040
27019755ns          468338 1c00908e 40a7d793 srai             x15, x15, 0x40a     x15=00000139 x15:0004e4d0
27019775ns          468339 1c009090 40a75713 srai             x14, x14, 0x40a     x14=00000015 x14:000057c0
27019795ns          468340 1c009092 40c686b3 sub              x13, x13, x12       x13=000000b6 x13:000000d6 x12:00000020
27019814ns          468341 1c009094 00e787b3 add              x15, x15, x14       x15=0000014e x15:00000139 x14:00000015
27019834ns          468342 1c009096 00d51823 sh               x13, 16(x10)        x13:000000b6 x10:100037a4  PA:100037b4
27019874ns          468344 1c00909a 00f51923 sh               x15, 18(x10)        x15:0000014e x10:100037a4  PA:100037b6
27019894ns          468345 1c00909e 00008067 jalr             x0, x1, 0            x1:1c0093e8
27019934ns          468347 1c0093e8 2dc15583 lhu              x11, 732(x2)        x11=000000b6  x2:100034d8  PA:100037b4
27019954ns          468348 1c0093ec 2de15783 lhu              x15, 734(x2)        x15=0000014e  x2:100034d8  PA:100037b6
27019974ns          468349 1c0093f0 40b90933 sub              x18, x18, x11       x18=00000047 x18:000000fd x11:000000b6
27019993ns          468350 1c0093f4 40f484b3 sub              x9, x9, x15          x9=ffffffd4  x9:00000122 x15:0000014e
27020013ns          468351 1c0093f6 100945b3 p.exths          x11, x18, x0        x11=00000047 x18:00000047
27020033ns          468352 1c0093fa 1004c7b3 p.exths          x15, x9, x0         x15=ffffffd4  x9:ffffffd4
27020053ns          468353 1c0093fe 034586b3 mul              x13, x11, x20       x13=000039b0 x11:00000047 x20:000000d0
27020073ns          468354 1c009402 03378533 mul              x10, x15, x19       x10=ffffcbc0 x15:ffffffd4 x19:00000130
27020093ns          468355 1c009406 034a0633 mul              x12, x20, x20       x12=0000a900 x20:000000d0 x20:000000d0
27020113ns          468356 1c00940a 03398733 mul              x14, x19, x19       x14=00016900 x19:00000130 x19:00000130
27020133ns          468357 1c00940e 034787b3 mul              x15, x15, x20       x15=ffffdc40 x15:ffffffd4 x20:000000d0
27020153ns          468358 1c009412 033585b3 mul              x11, x11, x19       x11=00005450 x11:00000047 x19:00000130
27020172ns          468359 1c009416 40a75713 srai             x14, x14, 0x40a     x14=0000005a x14:00016900
27020192ns          468360 1c009418 40a5d593 srai             x11, x11, 0x40a     x11=00000015 x11:00005450
27020212ns          468361 1c00941a 40a65613 srai             x12, x12, 0x40a     x12=0000002a x12:0000a900
27020232ns          468362 1c00941c 40a7d793 srai             x15, x15, 0x40a     x15=fffffff7 x15:ffffdc40
27020252ns          468363 1c00941e 1c0034b7 lui              x9, 0x1c003000       x9=1c003000
27020272ns          468364 1c009422 00e60633 add              x12, x12, x14       x12=00000084 x12:0000002a x14:0000005a
27020292ns          468365 1c009424 40b787b3 sub              x15, x15, x11       x15=ffffffe2 x15:fffffff7 x11:00000015
27020312ns          468366 1c009426 eb048493 addi             x9, x9, -336         x9=1c002eb0  x9:1c003000
27020332ns          468367 1c00942a 1c0032b7 lui              x5, 0x1c003000       x5=1c003000
27020351ns          468368 1c00942e 1c0035b7 lui              x11, 0x1c003000     x11=1c003000
27020371ns          468369 1c009432 018483b3 add              x7, x9, x24          x7=1c002ebc  x9:1c002eb0 x24:0000000c
27020391ns          468370 1c009436 02812e83 lw               x29, 40(x2)         x29=1c002ecc  x2:100034d8  PA:10003500
27020411ns          468371 1c009438 10065633 p.exthz          x12, x12, x0        x12=00000084 x12:00000084
27020431ns          468372 1c00943c e8028293 addi             x5, x5, -384         x5=1c002e80  x5:1c003000
27020451ns          468373 1c009440 ea058593 addi             x11, x11, -352      x11=1c002ea0 x11:1c003000
27020471ns          468374 1c009444 03812483 lw               x9, 56(x2)           x9=1c002eec  x2:100034d8  PA:10003510
27020491ns          468375 1c009446 10064733 p.exths          x14, x12, x0        x14=00000084 x12:00000084
27020511ns          468376 1c00944a 018280b3 add              x1, x5, x24          x1=1c002e8c  x5:1c002e80 x24:0000000c
27020530ns          468377 1c00944e 03012f03 lw               x30, 48(x2)         x30=1c002edc  x2:100034d8  PA:10003508
27020550ns          468378 1c009450 018582b3 add              x5, x11, x24         x5=1c002eac x11:1c002ea0 x24:0000000c
27020570ns          468379 1c009454 04012583 lw               x11, 64(x2)         x11=1c002efc  x2:100034d8  PA:10003518
27020590ns          468380 1c009456 000edd83 lhu              x27, 0(x29)         x27=00001154 x29:1c002ecc  PA:1c002ecc
27021008ns          468401 1c00945a 0004d483 lhu              x9, 0(x9)            x9=0000022c  x9:1c002eec  PA:1c002eec
27021346ns          468418 1c00945e 02e70333 mul              x6, x14, x14         x6=00004410 x14:00000084 x14:00000084
27021366ns          468419 1c009462 40a55513 srai             x10, x10, 0x40a     x10=fffffff2 x10:ffffcbc0
27021386ns          468420 1c009464 04812e83 lw               x29, 72(x2)         x29=1c002f0c  x2:100034d8  PA:10003520
27021405ns          468421 1c009466 40a6d693 srai             x13, x13, 0x40a     x13=0000000e x13:000039b0
27021425ns          468422 1c009468 000f5d03 lhu              x26, 0(x30)         x26=00000553 x30:1c002edc  PA:1c002edc
27021783ns          468440 1c00946c 0005d583 lhu              x11, 0(x11)         x11=0000010c x11:1c002efc  PA:1c002efc
27022102ns          468456 1c009470 40a35313 srai             x6, x6, 0x40a        x6=00000011  x6:00004410
27022121ns          468457 1c009474 00a686b3 add              x13, x13, x10       x13=00000000 x13:0000000e x10:fffffff2
27022141ns          468458 1c009476 05012f03 lw               x30, 80(x2)         x30=1c002e7c  x2:100034d8  PA:10003528
27022161ns          468459 1c009478 10034e33 p.exths          x28, x6, x0         x28=00000011  x6:00000011
27022181ns          468460 1c00947c 06911023 sh               x9, 96(x2)           x9:0000022c  x2:100034d8  PA:10003538
27022201ns          468461 1c009480 000ede83 lhu              x29, 0(x29)         x29=0000008e x29:1c002f0c  PA:1c002f0c
27022519ns          468477 1c009484 05812483 lw               x9, 88(x2)           x9=1c002e6c  x2:100034d8  PA:10003530
27022539ns          468478 1c009486 1006d6b3 p.exthz          x13, x13, x0        x13=00000000 x13:00000000
27022559ns          468479 1c00948a 02ee08b3 mul              x17, x28, x14       x17=000008c4 x28:00000011 x14:00000084
27022579ns          468480 1c00948e 1006c833 p.exths          x16, x13, x0        x16=00000000 x13:00000000
27022599ns          468481 1c009492 06b11823 sh               x11, 112(x2)        x11:0000010c  x2:100034d8  PA:10003548
27022619ns          468482 1c009496 000f5f03 lhu              x30, 0(x30)         x30=0000ff2c x30:1c002e7c  PA:1c002e7c
27022917ns          468497 1c00949a 0a012583 lw               x11, 160(x2)        x11=1c002e9c  x2:100034d8  PA:10003578
27022937ns          468498 1c00949c 1007d7b3 p.exthz          x15, x15, x0        x15=0000ffe2 x15:ffffffe2
27022957ns          468499 1c0094a0 0004da03 lhu              x20, 0(x9)          x20=0000fbce  x9:1c002e6c  PA:1c002e6c
27023335ns          468518 1c0094a4 1007c533 p.exths          x10, x15, x0        x10=ffffffe2 x15:0000ffe2
27023354ns          468519 1c0094a8 09d11023 sh               x29, 128(x2)        x29:0000008e  x2:100034d8  PA:10003558
27023374ns          468520 1c0094ac 0003d483 lhu              x9, 0(x7)            x9=0000ffd2  x7:1c002ebc  PA:1c002ebc
27023693ns          468536 1c0094b0 02e80eb3 mul              x29, x16, x14       x29=00000000 x16:00000000 x14:00000084
27023712ns          468537 1c0094b4 40a8d893 srai             x17, x17, 0x40a     x17=00000002 x17:000008c4
27023732ns          468538 1c0094b8 03c80833 mul              x16, x16, x28       x16=00000000 x16:00000000 x28:00000011
27023752ns          468539 1c0094bc 09e11823 sh               x30, 144(x2)        x30:0000ff2c  x2:100034d8  PA:10003568
27023772ns          468540 1c0094c0 0005d983 lhu              x19, 0(x11)         x19=0000ffaa x11:1c002e9c  PA:1c002e9c
27024130ns          468558 1c0094c4 81c88f5b p.muls           x30, x17, x28       x30=00000022 x17:00000002 x28:00000011
27024150ns          468559 1c0094c8 0002d583 lhu              x11, 0(x5)          x11=0000ff58  x5:1c002eac  PA:1c002eac
27024508ns          468577 1c0094cc 03ce0fb3 mul              x31, x28, x28       x31=00000121 x28:00000011 x28:00000011
27024528ns          468578 1c0094d0 02e50733 mul              x14, x10, x14       x14=fffff088 x10:ffffffe2 x14:00000084
27024548ns          468579 1c0094d4 40a85813 srai             x16, x16, 0x40a     x16=00000000 x16:00000000
27024568ns          468580 1c0094d8 03c50533 mul              x10, x10, x28       x10=fffffe02 x10:ffffffe2 x28:00000011
27024588ns          468581 1c0094dc 07015e03 lhu              x28, 112(x2)        x28=0000010c  x2:100034d8  PA:10003548
27024627ns          468583 1c0094e0 01b60633 add              x12, x12, x27       x12=000011d8 x12:00000084 x27:00001154
27024647ns          468584 1c0094e2 00980833 add              x16, x16, x9        x16=0000ffd2 x16:00000000  x9:0000ffd2
27024667ns          468585 1c0094e4 06015d83 lhu              x27, 96(x2)         x27=0000022c  x2:100034d8  PA:10003538
27024687ns          468586 1c0094e8 02812483 lw               x9, 40(x2)           x9=1c002ecc  x2:100034d8  PA:10003500
27024707ns          468587 1c0094ea 40afdf93 srai             x31, x31, 0x40a     x31=00000000 x31:00000121
27024727ns          468588 1c0094ee 40a55513 srai             x10, x10, 0x40a     x10=ffffffff x10:fffffe02
27024747ns          468589 1c0094f0 01cf8fb3 add              x31, x31, x28       x31=0000010c x31:00000000 x28:0000010c
27024767ns          468590 1c0094f2 00b50533 add              x10, x10, x11       x10=0000ff57 x10:ffffffff x11:0000ff58
27024786ns          468591 1c0094f4 09015e03 lhu              x28, 144(x2)        x28=0000ff2c  x2:100034d8  PA:10003568
27024806ns          468592 1c0094f8 03012583 lw               x11, 48(x2)         x11=1c002edc  x2:100034d8  PA:10003508
27024826ns          468593 1c0094fa 00c49023 sh               x12, 0(x9)          x12:000011d8  x9:1c002ecc  PA:1c002ecc
27025144ns          468609 1c0094fe 01b888b3 add              x17, x17, x27       x17=0000022e x17:00000002 x27:0000022c
27025164ns          468610 1c009500 01a30333 add              x6, x6, x26          x6=00000564  x6:00000011 x26:00000553
27025184ns          468611 1c009502 08015d83 lhu              x27, 128(x2)        x27=0000008e  x2:100034d8  PA:10003558
27025204ns          468612 1c009506 0000d903 lhu              x18, 0(x1)          x18=0000fe8d  x1:1c002e8c  PA:1c002e8c
27025502ns          468627 1c00950a 01c686b3 add              x13, x13, x28       x13=0000ff2c x13:00000000 x28:0000ff2c
27025522ns          468628 1c00950c 00659023 sh               x6, 0(x11)           x6:00000564 x11:1c002edc  PA:1c002edc
27025860ns          468645 1c009510 40af5f13 srai             x30, x30, 0x40a     x30=00000000 x30:00000022
27025880ns          468646 1c009514 04812e03 lw               x28, 72(x2)         x28=1c002f0c  x2:100034d8  PA:10003520
27025900ns          468647 1c009516 01bf0f33 add              x30, x30, x27       x30=0000008e x30:00000000 x27:0000008e
27025920ns          468648 1c009518 40aede93 srai             x29, x29, 0x40a     x29=00000000 x29:00000000
27025940ns          468649 1c00951c 40a75713 srai             x14, x14, 0x40a     x14=fffffffc x14:fffff088
27025960ns          468650 1c00951e 03812603 lw               x12, 56(x2)         x12=1c002eec  x2:100034d8  PA:10003510
27025980ns          468651 1c009520 04012d83 lw               x27, 64(x2)         x27=1c002efc  x2:100034d8  PA:10003518
27026000ns          468652 1c009522 01ee1023 sh               x30, 0(x28)         x30:0000008e x28:1c002f0c  PA:1c002f0c
27026318ns          468668 1c009526 05812483 lw               x9, 88(x2)           x9=1c002e6c  x2:100034d8  PA:10003530
27026338ns          468669 1c009528 05012f03 lw               x30, 80(x2)         x30=1c002e7c  x2:100034d8  PA:10003528
27026358ns          468670 1c00952a 0a012583 lw               x11, 160(x2)        x11=1c002e9c  x2:100034d8  PA:10003578
27026377ns          468671 1c00952c 014787b3 add              x15, x15, x20       x15=0001fbb0 x15:0000ffe2 x20:0000fbce
27026397ns          468672 1c00952e 013e8eb3 add              x29, x29, x19       x29=0000ffaa x29:00000000 x19:0000ffaa
27026417ns          468673 1c009530 01270733 add              x14, x14, x18       x14=0000fe89 x14:fffffffc x18:0000fe8d
27026437ns          468674 1c009532 00f49023 sh               x15, 0(x9)          x15:0001fbb0  x9:1c002e6c  PA:1c002e6c
27026755ns          468690 1c009536 01161023 sh               x17, 0(x12)         x17:0000022e x12:1c002eec  PA:1c002eec
27027093ns          468707 1c00953a 01fd9023 sh               x31, 0(x27)         x31:0000010c x27:1c002efc  PA:1c002efc
27027412ns          468723 1c00953e 00df1023 sh               x13, 0(x30)         x13:0000ff2c x30:1c002e7c  PA:1c002e7c
27027730ns          468739 1c009542 01d59023 sh               x29, 0(x11)         x29:0000ffaa x11:1c002e9c  PA:1c002e9c
27028048ns          468755 1c009546 00e09023 sh               x14, 0(x1)          x14:0000fe89  x1:1c002e8c  PA:1c002e8c
27028386ns          468772 1c00954a 01039023 sh               x16, 0(x7)          x16:0000ffd2  x7:1c002ebc  PA:1c002ebc
27028704ns          468788 1c00954e 00a29023 sh               x10, 0(x5)          x10:0000ff57  x5:1c002eac  PA:1c002eac
27029023ns          468804 1c009552 008b0b13 addi             x22, x22, 8         x22=000000d6 x22:000000ce
27029042ns          468805 1c009554 1f300793 addi             x15, x0, 499        x15=000001f3
27029062ns          468806 1c009558 e767dae3 bge              x15, x22, -396      x15:000001f3 x22:000000d6
27029122ns          468809 1c0093cc 010c9a0b p.lh             x20, 16(x25!)       x20=0000002d x25=1c002844 x25:1c002834  PA:1c002834
27029460ns          468826 1c0093d0 0104198b p.lh             x19, 16(x8!)        x19=ffffffe2  x8=1c00200c  x8:1c001ffc  PA:1c001ffc
27029758ns          468841 1c0093d4 2cc10513 addi             x10, x2, 716        x10=100037a4  x2:100034d8
27029778ns          468842 1c0093d6 010a990b p.lh             x18, 16(x21!)       x18=0000002f x21=1c001838 x21:1c001828  PA:1c001828
27030077ns          468857 1c0093da 010b948b p.lh             x9, 16(x23!)         x9=ffffffe9 x23=1c001068 x23:1c001058  PA:1c001058
27030375ns          468872 1c0093de 2d411623 sh               x20, 716(x2)        x20:0000002d  x2:100034d8  PA:100037a4
27030415ns          468874 1c0093e2 2d311723 sh               x19, 718(x2)        x19:ffffffe2  x2:100034d8  PA:100037a6
27030435ns          468875 1c0093e6 c33ff0ef jal              x1, -974             x1=1c0093e8
27030474ns          468877 1c009018 00051803 lh               x16, 0(x10)         x16=0000002d x10:100037a4  PA:100037a4
27030494ns          468878 1c00901c 00251883 lh               x17, 2(x10)         x17=ffffffe2 x10:100037a4  PA:100037a6
27030514ns          468879 1c009020 030806b3 mul              x13, x16, x16       x13=000007e9 x16:0000002d x16:0000002d
27030534ns          468880 1c009024 03188633 mul              x12, x17, x17       x12=00000384 x17:ffffffe2 x17:ffffffe2
27030554ns          468881 1c009028 40a65613 srai             x12, x12, 0x40a     x12=00000000 x12:00000384
27030574ns          468882 1c00902a 40a6d693 srai             x13, x13, 0x40a     x13=00000001 x13:000007e9
27030594ns          468883 1c00902c 00c686b3 add              x13, x13, x12       x13=00000001 x13:00000001 x12:00000000
27030614ns          468884 1c00902e 1006c633 p.exths          x12, x13, x0        x12=00000001 x13:00000001
27030634ns          468885 1c009032 00855703 lhu              x14, 8(x10)         x14=0000ffd1 x10:100037a4  PA:100037ac
27030653ns          468886 1c009036 00a55683 lhu              x13, 10(x10)        x13=0000ff6a x10:100037a4  PA:100037ae
27030673ns          468887 1c00903a 02c60333 mul              x6, x12, x12         x6=00000001 x12:00000001 x12:00000001
27030713ns          468889 1c00903e 00c55783 lhu              x15, 12(x10)        x15=0000ffe5 x10:100037a4  PA:100037b0
27030753ns          468891 1c009042 00e55583 lhu              x11, 14(x10)        x11=00000060 x10:100037a4  PA:100037b2
27030773ns          468892 1c009046 dea30333 p.extract        x6, x6, 15, 10       x6=00000000  x6:00000001
27030793ns          468893 1c00904a 80c7075b p.muls           x14, x14, x12       x14=ffffffd1 x14:0000ffd1 x12:00000001
27030812ns          468894 1c00904e 80c686db p.muls           x13, x13, x12       x13=ffffff6a x13:0000ff6a x12:00000001
27030832ns          468895 1c009052 00455e83 lhu              x29, 4(x10)         x29=00000427 x10:100037a4  PA:100037a8
27030852ns          468896 1c009056 00655e03 lhu              x28, 6(x10)         x28=0000007f x10:100037a4  PA:100037aa
27030872ns          468897 1c00905a 40a75713 srai             x14, x14, 0x40a     x14=ffffffff x14:ffffffd1
27030892ns          468898 1c00905c 806787db p.muls           x15, x15, x6        x15=00000000 x15:0000ffe5  x6:00000000
27030932ns          468900 1c009060 40a6d693 srai             x13, x13, 0x40a     x13=ffffffff x13:ffffff6a
27030972ns          468902 1c009062 8065865b p.muls           x12, x11, x6        x12=00000000 x11:00000060  x6:00000000
27030991ns          468903 1c009066 40a7d793 srai             x15, x15, 0x40a     x15=00000000 x15:00000000
27031011ns          468904 1c009068 40a65613 srai             x12, x12, 0x40a     x12=00000000 x12:00000000
27031031ns          468905 1c00906a 01d70733 add              x14, x14, x29       x14=00000426 x14:ffffffff x29:00000427
27031051ns          468906 1c00906c 01c686b3 add              x13, x13, x28       x13=0000007e x13:ffffffff x28:0000007f
27031071ns          468907 1c00906e 00c686b3 add              x13, x13, x12       x13=0000007e x13:0000007e x12:00000000
27031091ns          468908 1c009070 00f70733 add              x14, x14, x15       x14=00000426 x14:00000426 x15:00000000
27031111ns          468909 1c009072 100747b3 p.exths          x15, x14, x0        x15=00000426 x14:00000426
27031131ns          468910 1c009076 1006c733 p.exths          x14, x13, x0        x14=0000007e x13:0000007e
27031151ns          468911 1c00907a 03170633 mul              x12, x14, x17       x12=fffff13c x14:0000007e x17:ffffffe2
27031170ns          468912 1c00907e 030786b3 mul              x13, x15, x16       x13=0000baae x15:00000426 x16:0000002d
27031190ns          468913 1c009082 03070733 mul              x14, x14, x16       x14=00001626 x14:0000007e x16:0000002d
27031210ns          468914 1c009086 031787b3 mul              x15, x15, x17       x15=ffff838c x15:00000426 x17:ffffffe2
27031230ns          468915 1c00908a 40a6d693 srai             x13, x13, 0x40a     x13=0000002e x13:0000baae
27031250ns          468916 1c00908c 40a65613 srai             x12, x12, 0x40a     x12=fffffffc x12:fffff13c
27031270ns          468917 1c00908e 40a7d793 srai             x15, x15, 0x40a     x15=ffffffe0 x15:ffff838c
27031290ns          468918 1c009090 40a75713 srai             x14, x14, 0x40a     x14=00000005 x14:00001626
27031310ns          468919 1c009092 40c686b3 sub              x13, x13, x12       x13=00000032 x13:0000002e x12:fffffffc
27031330ns          468920 1c009094 00e787b3 add              x15, x15, x14       x15=ffffffe5 x15:ffffffe0 x14:00000005
27031349ns          468921 1c009096 00d51823 sh               x13, 16(x10)        x13:00000032 x10:100037a4  PA:100037b4
27031389ns          468923 1c00909a 00f51923 sh               x15, 18(x10)        x15:ffffffe5 x10:100037a4  PA:100037b6
27031429ns          468925 1c00909e 00008067 jalr             x0, x1, 0            x1:1c0093e8
27031469ns          468927 1c0093e8 2dc15583 lhu              x11, 732(x2)        x11=00000032  x2:100034d8  PA:100037b4
27031489ns          468928 1c0093ec 2de15783 lhu              x15, 734(x2)        x15=0000ffe5  x2:100034d8  PA:100037b6
27031509ns          468929 1c0093f0 40b90933 sub              x18, x18, x11       x18=fffffffd x18:0000002f x11:00000032
27031528ns          468930 1c0093f4 40f484b3 sub              x9, x9, x15          x9=ffff0004  x9:ffffffe9 x15:0000ffe5
27031548ns          468931 1c0093f6 100945b3 p.exths          x11, x18, x0        x11=fffffffd x18:fffffffd
27031568ns          468932 1c0093fa 1004c7b3 p.exths          x15, x9, x0         x15=00000004  x9:ffff0004
27031588ns          468933 1c0093fe 034586b3 mul              x13, x11, x20       x13=ffffff79 x11:fffffffd x20:0000002d
27031608ns          468934 1c009402 03378533 mul              x10, x15, x19       x10=ffffff88 x15:00000004 x19:ffffffe2
27031628ns          468935 1c009406 034a0633 mul              x12, x20, x20       x12=000007e9 x20:0000002d x20:0000002d
27031648ns          468936 1c00940a 03398733 mul              x14, x19, x19       x14=00000384 x19:ffffffe2 x19:ffffffe2
27031668ns          468937 1c00940e 034787b3 mul              x15, x15, x20       x15=000000b4 x15:00000004 x20:0000002d
27031688ns          468938 1c009412 033585b3 mul              x11, x11, x19       x11=0000005a x11:fffffffd x19:ffffffe2
27031707ns          468939 1c009416 40a75713 srai             x14, x14, 0x40a     x14=00000000 x14:00000384
27031727ns          468940 1c009418 40a5d593 srai             x11, x11, 0x40a     x11=00000000 x11:0000005a
27031747ns          468941 1c00941a 40a65613 srai             x12, x12, 0x40a     x12=00000001 x12:000007e9
27031767ns          468942 1c00941c 40a7d793 srai             x15, x15, 0x40a     x15=00000000 x15:000000b4
27031787ns          468943 1c00941e 1c0034b7 lui              x9, 0x1c003000       x9=1c003000
27031807ns          468944 1c009422 00e60633 add              x12, x12, x14       x12=00000001 x12:00000001 x14:00000000
27031827ns          468945 1c009424 40b787b3 sub              x15, x15, x11       x15=00000000 x15:00000000 x11:00000000
27031847ns          468946 1c009426 eb048493 addi             x9, x9, -336         x9=1c002eb0  x9:1c003000
27031867ns          468947 1c00942a 1c0032b7 lui              x5, 0x1c003000       x5=1c003000
27031886ns          468948 1c00942e 1c0035b7 lui              x11, 0x1c003000     x11=1c003000
27031906ns          468949 1c009432 018483b3 add              x7, x9, x24          x7=1c002ebc  x9:1c002eb0 x24:0000000c
27031926ns          468950 1c009436 02812e83 lw               x29, 40(x2)         x29=1c002ecc  x2:100034d8  PA:10003500
27031946ns          468951 1c009438 10065633 p.exthz          x12, x12, x0        x12=00000001 x12:00000001
27031966ns          468952 1c00943c e8028293 addi             x5, x5, -384         x5=1c002e80  x5:1c003000
27031986ns          468953 1c009440 ea058593 addi             x11, x11, -352      x11=1c002ea0 x11:1c003000
27032026ns          468955 1c009444 03812483 lw               x9, 56(x2)           x9=1c002eec  x2:100034d8  PA:10003510
27032046ns          468956 1c009446 10064733 p.exths          x14, x12, x0        x14=00000001 x12:00000001
27032065ns          468957 1c00944a 018280b3 add              x1, x5, x24          x1=1c002e8c  x5:1c002e80 x24:0000000c
27032085ns          468958 1c00944e 03012f03 lw               x30, 48(x2)         x30=1c002edc  x2:100034d8  PA:10003508
27032105ns          468959 1c009450 018582b3 add              x5, x11, x24         x5=1c002eac x11:1c002ea0 x24:0000000c
27032125ns          468960 1c009454 04012583 lw               x11, 64(x2)         x11=1c002efc  x2:100034d8  PA:10003518
27032145ns          468961 1c009456 000edd83 lhu              x27, 0(x29)         x27=000011d8 x29:1c002ecc  PA:1c002ecc
27032443ns          468976 1c00945a 0004d483 lhu              x9, 0(x9)            x9=0000022e  x9:1c002eec  PA:1c002eec
27032742ns          468991 1c00945e 02e70333 mul              x6, x14, x14         x6=00000001 x14:00000001 x14:00000001
27032762ns          468992 1c009462 40a55513 srai             x10, x10, 0x40a     x10=ffffffff x10:ffffff88
27032781ns          468993 1c009464 04812e83 lw               x29, 72(x2)         x29=1c002f0c  x2:100034d8  PA:10003520
27032801ns          468994 1c009466 40a6d693 srai             x13, x13, 0x40a     x13=ffffffff x13:ffffff79
27032821ns          468995 1c009468 000f5d03 lhu              x26, 0(x30)         x26=00000564 x30:1c002edc  PA:1c002edc
27033120ns          469010 1c00946c 0005d583 lhu              x11, 0(x11)         x11=0000010c x11:1c002efc  PA:1c002efc
27033418ns          469025 1c009470 40a35313 srai             x6, x6, 0x40a        x6=00000000  x6:00000001
27033438ns          469026 1c009474 00a686b3 add              x13, x13, x10       x13=fffffffe x13:ffffffff x10:ffffffff
27033458ns          469027 1c009476 05012f03 lw               x30, 80(x2)         x30=1c002e7c  x2:100034d8  PA:10003528
27033477ns          469028 1c009478 10034e33 p.exths          x28, x6, x0         x28=00000000  x6:00000000
27033497ns          469029 1c00947c 06911023 sh               x9, 96(x2)           x9:0000022e  x2:100034d8  PA:10003538
27033517ns          469030 1c009480 000ede83 lhu              x29, 0(x29)         x29=0000008e x29:1c002f0c  PA:1c002f0c
27033895ns          469049 1c009484 05812483 lw               x9, 88(x2)           x9=1c002e6c  x2:100034d8  PA:10003530
27033915ns          469050 1c009486 1006d6b3 p.exthz          x13, x13, x0        x13=0000fffe x13:fffffffe
27033935ns          469051 1c00948a 02ee08b3 mul              x17, x28, x14       x17=00000000 x28:00000000 x14:00000001
27033955ns          469052 1c00948e 1006c833 p.exths          x16, x13, x0        x16=fffffffe x13:0000fffe
27033975ns          469053 1c009492 06b11823 sh               x11, 112(x2)        x11:0000010c  x2:100034d8  PA:10003548
27033995ns          469054 1c009496 000f5f03 lhu              x30, 0(x30)         x30=0000ff2c x30:1c002e7c  PA:1c002e7c
27034372ns          469073 1c00949a 0a012583 lw               x11, 160(x2)        x11=1c002e9c  x2:100034d8  PA:10003578
27034392ns          469074 1c00949c 1007d7b3 p.exthz          x15, x15, x0        x15=00000000 x15:00000000
27034412ns          469075 1c0094a0 0004da03 lhu              x20, 0(x9)          x20=0000fbb0  x9:1c002e6c  PA:1c002e6c
27034711ns          469090 1c0094a4 1007c533 p.exths          x10, x15, x0        x10=00000000 x15:00000000
27034730ns          469091 1c0094a8 09d11023 sh               x29, 128(x2)        x29:0000008e  x2:100034d8  PA:10003558
27034750ns          469092 1c0094ac 0003d483 lhu              x9, 0(x7)            x9=0000ffd2  x7:1c002ebc  PA:1c002ebc
27035049ns          469107 1c0094b0 02e80eb3 mul              x29, x16, x14       x29=fffffffe x16:fffffffe x14:00000001
27035069ns          469108 1c0094b4 40a8d893 srai             x17, x17, 0x40a     x17=00000000 x17:00000000
27035088ns          469109 1c0094b8 03c80833 mul              x16, x16, x28       x16=00000000 x16:fffffffe x28:00000000
27035108ns          469110 1c0094bc 09e11823 sh               x30, 144(x2)        x30:0000ff2c  x2:100034d8  PA:10003568
27035148ns          469112 1c0094c0 0005d983 lhu              x19, 0(x11)         x19=0000ffaa x11:1c002e9c  PA:1c002e9c
27035486ns          469129 1c0094c4 81c88f5b p.muls           x30, x17, x28       x30=00000000 x17:00000000 x28:00000000
27035506ns          469130 1c0094c8 0002d583 lhu              x11, 0(x5)          x11=0000ff57  x5:1c002eac  PA:1c002eac
27035824ns          469146 1c0094cc 03ce0fb3 mul              x31, x28, x28       x31=00000000 x28:00000000 x28:00000000
27035844ns          469147 1c0094d0 02e50733 mul              x14, x10, x14       x14=00000000 x10:00000000 x14:00000001
27035864ns          469148 1c0094d4 40a85813 srai             x16, x16, 0x40a     x16=00000000 x16:00000000
27035884ns          469149 1c0094d8 03c50533 mul              x10, x10, x28       x10=00000000 x10:00000000 x28:00000000
27035904ns          469150 1c0094dc 07015e03 lhu              x28, 112(x2)        x28=0000010c  x2:100034d8  PA:10003548
27035924ns          469151 1c0094e0 01b60633 add              x12, x12, x27       x12=000011d9 x12:00000001 x27:000011d8
27035944ns          469152 1c0094e2 00980833 add              x16, x16, x9        x16=0000ffd2 x16:00000000  x9:0000ffd2
27035963ns          469153 1c0094e4 06015d83 lhu              x27, 96(x2)         x27=0000022e  x2:100034d8  PA:10003538
27035983ns          469154 1c0094e8 02812483 lw               x9, 40(x2)           x9=1c002ecc  x2:100034d8  PA:10003500
27036003ns          469155 1c0094ea 40afdf93 srai             x31, x31, 0x40a     x31=00000000 x31:00000000
27036023ns          469156 1c0094ee 40a55513 srai             x10, x10, 0x40a     x10=00000000 x10:00000000
27036043ns          469157 1c0094f0 01cf8fb3 add              x31, x31, x28       x31=0000010c x31:00000000 x28:0000010c
27036063ns          469158 1c0094f2 00b50533 add              x10, x10, x11       x10=0000ff57 x10:00000000 x11:0000ff57
27036083ns          469159 1c0094f4 09015e03 lhu              x28, 144(x2)        x28=0000ff2c  x2:100034d8  PA:10003568
27036103ns          469160 1c0094f8 03012583 lw               x11, 48(x2)         x11=1c002edc  x2:100034d8  PA:10003508
27036123ns          469161 1c0094fa 00c49023 sh               x12, 0(x9)          x12:000011d9  x9:1c002ecc  PA:1c002ecc
27036441ns          469177 1c0094fe 01b888b3 add              x17, x17, x27       x17=0000022e x17:00000000 x27:0000022e
27036461ns          469178 1c009500 01a30333 add              x6, x6, x26          x6=00000564  x6:00000000 x26:00000564
27036481ns          469179 1c009502 08015d83 lhu              x27, 128(x2)        x27=0000008e  x2:100034d8  PA:10003558
27036520ns          469181 1c009506 0000d903 lhu              x18, 0(x1)          x18=0000fe89  x1:1c002e8c  PA:1c002e8c
27036839ns          469197 1c00950a 01c686b3 add              x13, x13, x28       x13=0001ff2a x13:0000fffe x28:0000ff2c
27036858ns          469198 1c00950c 00659023 sh               x6, 0(x11)           x6:00000564 x11:1c002edc  PA:1c002edc
27037216ns          469216 1c009510 40af5f13 srai             x30, x30, 0x40a     x30=00000000 x30:00000000
27037236ns          469217 1c009514 04812e03 lw               x28, 72(x2)         x28=1c002f0c  x2:100034d8  PA:10003520
27037256ns          469218 1c009516 01bf0f33 add              x30, x30, x27       x30=0000008e x30:00000000 x27:0000008e
27037276ns          469219 1c009518 40aede93 srai             x29, x29, 0x40a     x29=ffffffff x29:fffffffe
27037296ns          469220 1c00951c 40a75713 srai             x14, x14, 0x40a     x14=00000000 x14:00000000
27037316ns          469221 1c00951e 03812603 lw               x12, 56(x2)         x12=1c002eec  x2:100034d8  PA:10003510
27037336ns          469222 1c009520 04012d83 lw               x27, 64(x2)         x27=1c002efc  x2:100034d8  PA:10003518
27037356ns          469223 1c009522 01ee1023 sh               x30, 0(x28)         x30:0000008e x28:1c002f0c  PA:1c002f0c
27037674ns          469239 1c009526 05812483 lw               x9, 88(x2)           x9=1c002e6c  x2:100034d8  PA:10003530
27037694ns          469240 1c009528 05012f03 lw               x30, 80(x2)         x30=1c002e7c  x2:100034d8  PA:10003528
27037714ns          469241 1c00952a 0a012583 lw               x11, 160(x2)        x11=1c002e9c  x2:100034d8  PA:10003578
27037734ns          469242 1c00952c 014787b3 add              x15, x15, x20       x15=0000fbb0 x15:00000000 x20:0000fbb0
27037753ns          469243 1c00952e 013e8eb3 add              x29, x29, x19       x29=0000ffa9 x29:ffffffff x19:0000ffaa
27037773ns          469244 1c009530 01270733 add              x14, x14, x18       x14=0000fe89 x14:00000000 x18:0000fe89
27037793ns          469245 1c009532 00f49023 sh               x15, 0(x9)          x15:0000fbb0  x9:1c002e6c  PA:1c002e6c
27038111ns          469261 1c009536 01161023 sh               x17, 0(x12)         x17:0000022e x12:1c002eec  PA:1c002eec
27038430ns          469277 1c00953a 01fd9023 sh               x31, 0(x27)         x31:0000010c x27:1c002efc  PA:1c002efc
27038748ns          469293 1c00953e 00df1023 sh               x13, 0(x30)         x13:0001ff2a x30:1c002e7c  PA:1c002e7c
27039066ns          469309 1c009542 01d59023 sh               x29, 0(x11)         x29:0000ffa9 x11:1c002e9c  PA:1c002e9c
27039384ns          469325 1c009546 00e09023 sh               x14, 0(x1)          x14:0000fe89  x1:1c002e8c  PA:1c002e8c
27039702ns          469341 1c00954a 01039023 sh               x16, 0(x7)          x16:0000ffd2  x7:1c002ebc  PA:1c002ebc
27040041ns          469358 1c00954e 00a29023 sh               x10, 0(x5)          x10:0000ff57  x5:1c002eac  PA:1c002eac
27040359ns          469374 1c009552 008b0b13 addi             x22, x22, 8         x22=000000de x22:000000d6
27040379ns          469375 1c009554 1f300793 addi             x15, x0, 499        x15=000001f3
27040399ns          469376 1c009558 e767dae3 bge              x15, x22, -396      x15:000001f3 x22:000000de
27040498ns          469381 1c0093cc 010c9a0b p.lh             x20, 16(x25!)       x20=000000b3 x25=1c002854 x25:1c002844  PA:1c002844
27040896ns          469401 1c0093d0 0104198b p.lh             x19, 16(x8!)        x19=0000011c  x8=1c00201c  x8:1c00200c  PA:1c00200c
27041194ns          469416 1c0093d4 2cc10513 addi             x10, x2, 716        x10=100037a4  x2:100034d8
27041214ns          469417 1c0093d6 010a990b p.lh             x18, 16(x21!)       x18=000000bd x21=1c001848 x21:1c001838  PA:1c001838
27041532ns          469433 1c0093da 010b948b p.lh             x9, 16(x23!)         x9=00000113 x23=1c001078 x23:1c001068  PA:1c001068
27041830ns          469448 1c0093de 2d411623 sh               x20, 716(x2)        x20:000000b3  x2:100034d8  PA:100037a4
27041870ns          469450 1c0093e2 2d311723 sh               x19, 718(x2)        x19:0000011c  x2:100034d8  PA:100037a6
27041890ns          469451 1c0093e6 c33ff0ef jal              x1, -974             x1=1c0093e8
27041970ns          469455 1c009018 00051803 lh               x16, 0(x10)         x16=000000b3 x10:100037a4  PA:100037a4
27042009ns          469457 1c00901c 00251883 lh               x17, 2(x10)         x17=0000011c x10:100037a4  PA:100037a6
27042029ns          469458 1c009020 030806b3 mul              x13, x16, x16       x13=00007d29 x16:000000b3 x16:000000b3
27042049ns          469459 1c009024 03188633 mul              x12, x17, x17       x12=00013b10 x17:0000011c x17:0000011c
27042069ns          469460 1c009028 40a65613 srai             x12, x12, 0x40a     x12=0000004e x12:00013b10
27042089ns          469461 1c00902a 40a6d693 srai             x13, x13, 0x40a     x13=0000001f x13:00007d29
27042109ns          469462 1c00902c 00c686b3 add              x13, x13, x12       x13=0000006d x13:0000001f x12:0000004e
27042129ns          469463 1c00902e 1006c633 p.exths          x12, x13, x0        x12=0000006d x13:0000006d
27042149ns          469464 1c009032 00855703 lhu              x14, 8(x10)         x14=0000ffd1 x10:100037a4  PA:100037ac
27042169ns          469465 1c009036 00a55683 lhu              x13, 10(x10)        x13=0000ff6a x10:100037a4  PA:100037ae
27042188ns          469466 1c00903a 02c60333 mul              x6, x12, x12         x6=00002e69 x12:0000006d x12:0000006d
27042228ns          469468 1c00903e 00c55783 lhu              x15, 12(x10)        x15=0000ffe5 x10:100037a4  PA:100037b0
27042268ns          469470 1c009042 00e55583 lhu              x11, 14(x10)        x11=00000060 x10:100037a4  PA:100037b2
27042288ns          469471 1c009046 dea30333 p.extract        x6, x6, 15, 10       x6=0000000b  x6:00002e69
27042308ns          469472 1c00904a 80c7075b p.muls           x14, x14, x12       x14=ffffebfd x14:0000ffd1 x12:0000006d
27042367ns          469475 1c00904e 80c686db p.muls           x13, x13, x12       x13=ffffc022 x13:0000ff6a x12:0000006d
27042407ns          469477 1c009052 00455e83 lhu              x29, 4(x10)         x29=00000427 x10:100037a4  PA:100037a8
27042427ns          469478 1c009056 00655e03 lhu              x28, 6(x10)         x28=0000007f x10:100037a4  PA:100037aa
27042447ns          469479 1c00905a 40a75713 srai             x14, x14, 0x40a     x14=fffffffa x14:ffffebfd
27042467ns          469480 1c00905c 806787db p.muls           x15, x15, x6        x15=fffffed7 x15:0000ffe5  x6:0000000b
27042487ns          469481 1c009060 40a6d693 srai             x13, x13, 0x40a     x13=fffffff0 x13:ffffc022
27042507ns          469482 1c009062 8065865b p.muls           x12, x11, x6        x12=00000420 x11:00000060  x6:0000000b
27042527ns          469483 1c009066 40a7d793 srai             x15, x15, 0x40a     x15=ffffffff x15:fffffed7
27042546ns          469484 1c009068 40a65613 srai             x12, x12, 0x40a     x12=00000001 x12:00000420
27042566ns          469485 1c00906a 01d70733 add              x14, x14, x29       x14=00000421 x14:fffffffa x29:00000427
27042586ns          469486 1c00906c 01c686b3 add              x13, x13, x28       x13=0000006f x13:fffffff0 x28:0000007f
27042606ns          469487 1c00906e 00c686b3 add              x13, x13, x12       x13=00000070 x13:0000006f x12:00000001
27042626ns          469488 1c009070 00f70733 add              x14, x14, x15       x14=00000420 x14:00000421 x15:ffffffff
27042646ns          469489 1c009072 100747b3 p.exths          x15, x14, x0        x15=00000420 x14:00000420
27042666ns          469490 1c009076 1006c733 p.exths          x14, x13, x0        x14=00000070 x13:00000070
27042686ns          469491 1c00907a 03170633 mul              x12, x14, x17       x12=00007c40 x14:00000070 x17:0000011c
27042706ns          469492 1c00907e 030786b3 mul              x13, x15, x16       x13=0002e260 x15:00000420 x16:000000b3
27042725ns          469493 1c009082 03070733 mul              x14, x14, x16       x14=00004e50 x14:00000070 x16:000000b3
27042745ns          469494 1c009086 031787b3 mul              x15, x15, x17       x15=00049380 x15:00000420 x17:0000011c
27042765ns          469495 1c00908a 40a6d693 srai             x13, x13, 0x40a     x13=000000b8 x13:0002e260
27042785ns          469496 1c00908c 40a65613 srai             x12, x12, 0x40a     x12=0000001f x12:00007c40
27042805ns          469497 1c00908e 40a7d793 srai             x15, x15, 0x40a     x15=00000124 x15:00049380
27042825ns          469498 1c009090 40a75713 srai             x14, x14, 0x40a     x14=00000013 x14:00004e50
27042845ns          469499 1c009092 40c686b3 sub              x13, x13, x12       x13=00000099 x13:000000b8 x12:0000001f
27042865ns          469500 1c009094 00e787b3 add              x15, x15, x14       x15=00000137 x15:00000124 x14:00000013
27042885ns          469501 1c009096 00d51823 sh               x13, 16(x10)        x13:00000099 x10:100037a4  PA:100037b4
27042924ns          469503 1c00909a 00f51923 sh               x15, 18(x10)        x15:00000137 x10:100037a4  PA:100037b6
27042964ns          469505 1c00909e 00008067 jalr             x0, x1, 0            x1:1c0093e8
27042984ns          469506 1c0093e8 2dc15583 lhu              x11, 732(x2)        x11=00000099  x2:100034d8  PA:100037b4
27043004ns          469507 1c0093ec 2de15783 lhu              x15, 734(x2)        x15=00000137  x2:100034d8  PA:100037b6
27043024ns          469508 1c0093f0 40b90933 sub              x18, x18, x11       x18=00000024 x18:000000bd x11:00000099
27043044ns          469509 1c0093f4 40f484b3 sub              x9, x9, x15          x9=ffffffdc  x9:00000113 x15:00000137
27043064ns          469510 1c0093f6 100945b3 p.exths          x11, x18, x0        x11=00000024 x18:00000024
27043083ns          469511 1c0093fa 1004c7b3 p.exths          x15, x9, x0         x15=ffffffdc  x9:ffffffdc
27043103ns          469512 1c0093fe 034586b3 mul              x13, x11, x20       x13=0000192c x11:00000024 x20:000000b3
27043123ns          469513 1c009402 03378533 mul              x10, x15, x19       x10=ffffd810 x15:ffffffdc x19:0000011c
27043143ns          469514 1c009406 034a0633 mul              x12, x20, x20       x12=00007d29 x20:000000b3 x20:000000b3
27043163ns          469515 1c00940a 03398733 mul              x14, x19, x19       x14=00013b10 x19:0000011c x19:0000011c
27043183ns          469516 1c00940e 034787b3 mul              x15, x15, x20       x15=ffffe6d4 x15:ffffffdc x20:000000b3
27043203ns          469517 1c009412 033585b3 mul              x11, x11, x19       x11=000027f0 x11:00000024 x19:0000011c
27043223ns          469518 1c009416 40a75713 srai             x14, x14, 0x40a     x14=0000004e x14:00013b10
27043242ns          469519 1c009418 40a5d593 srai             x11, x11, 0x40a     x11=00000009 x11:000027f0
27043262ns          469520 1c00941a 40a65613 srai             x12, x12, 0x40a     x12=0000001f x12:00007d29
27043282ns          469521 1c00941c 40a7d793 srai             x15, x15, 0x40a     x15=fffffff9 x15:ffffe6d4
27043302ns          469522 1c00941e 1c0034b7 lui              x9, 0x1c003000       x9=1c003000
27043322ns          469523 1c009422 00e60633 add              x12, x12, x14       x12=0000006d x12:0000001f x14:0000004e
27043342ns          469524 1c009424 40b787b3 sub              x15, x15, x11       x15=fffffff0 x15:fffffff9 x11:00000009
27043362ns          469525 1c009426 eb048493 addi             x9, x9, -336         x9=1c002eb0  x9:1c003000
27043382ns          469526 1c00942a 1c0032b7 lui              x5, 0x1c003000       x5=1c003000
27043402ns          469527 1c00942e 1c0035b7 lui              x11, 0x1c003000     x11=1c003000
27043421ns          469528 1c009432 018483b3 add              x7, x9, x24          x7=1c002ebc  x9:1c002eb0 x24:0000000c
27043441ns          469529 1c009436 02812e83 lw               x29, 40(x2)         x29=1c002ecc  x2:100034d8  PA:10003500
27043461ns          469530 1c009438 10065633 p.exthz          x12, x12, x0        x12=0000006d x12:0000006d
27043481ns          469531 1c00943c e8028293 addi             x5, x5, -384         x5=1c002e80  x5:1c003000
27043501ns          469532 1c009440 ea058593 addi             x11, x11, -352      x11=1c002ea0 x11:1c003000
27043521ns          469533 1c009444 03812483 lw               x9, 56(x2)           x9=1c002eec  x2:100034d8  PA:10003510
27043541ns          469534 1c009446 10064733 p.exths          x14, x12, x0        x14=0000006d x12:0000006d
27043561ns          469535 1c00944a 018280b3 add              x1, x5, x24          x1=1c002e8c  x5:1c002e80 x24:0000000c
27043581ns          469536 1c00944e 03012f03 lw               x30, 48(x2)         x30=1c002edc  x2:100034d8  PA:10003508
27043600ns          469537 1c009450 018582b3 add              x5, x11, x24         x5=1c002eac x11:1c002ea0 x24:0000000c
27043620ns          469538 1c009454 04012583 lw               x11, 64(x2)         x11=1c002efc  x2:100034d8  PA:10003518
27043640ns          469539 1c009456 000edd83 lhu              x27, 0(x29)         x27=000011d9 x29:1c002ecc  PA:1c002ecc
27043958ns          469555 1c00945a 0004d483 lhu              x9, 0(x9)            x9=0000022e  x9:1c002eec  PA:1c002eec
27044257ns          469570 1c00945e 02e70333 mul              x6, x14, x14         x6=00002e69 x14:0000006d x14:0000006d
27044277ns          469571 1c009462 40a55513 srai             x10, x10, 0x40a     x10=fffffff6 x10:ffffd810
27044297ns          469572 1c009464 04812e83 lw               x29, 72(x2)         x29=1c002f0c  x2:100034d8  PA:10003520
27044316ns          469573 1c009466 40a6d693 srai             x13, x13, 0x40a     x13=00000006 x13:0000192c
27044336ns          469574 1c009468 000f5d03 lhu              x26, 0(x30)         x26=00000564 x30:1c002edc  PA:1c002edc
27044635ns          469589 1c00946c 0005d583 lhu              x11, 0(x11)         x11=0000010c x11:1c002efc  PA:1c002efc
27044993ns          469607 1c009470 40a35313 srai             x6, x6, 0x40a        x6=0000000b  x6:00002e69
27045013ns          469608 1c009474 00a686b3 add              x13, x13, x10       x13=fffffffc x13:00000006 x10:fffffff6
27045032ns          469609 1c009476 05012f03 lw               x30, 80(x2)         x30=1c002e7c  x2:100034d8  PA:10003528
27045052ns          469610 1c009478 10034e33 p.exths          x28, x6, x0         x28=0000000b  x6:0000000b
27045072ns          469611 1c00947c 06911023 sh               x9, 96(x2)           x9:0000022e  x2:100034d8  PA:10003538
27045092ns          469612 1c009480 000ede83 lhu              x29, 0(x29)         x29=0000008e x29:1c002f0c  PA:1c002f0c
27045470ns          469631 1c009484 05812483 lw               x9, 88(x2)           x9=1c002e6c  x2:100034d8  PA:10003530
27045490ns          469632 1c009486 1006d6b3 p.exthz          x13, x13, x0        x13=0000fffc x13:fffffffc
27045510ns          469633 1c00948a 02ee08b3 mul              x17, x28, x14       x17=000004af x28:0000000b x14:0000006d
27045530ns          469634 1c00948e 1006c833 p.exths          x16, x13, x0        x16=fffffffc x13:0000fffc
27045550ns          469635 1c009492 06b11823 sh               x11, 112(x2)        x11:0000010c  x2:100034d8  PA:10003548
27045569ns          469636 1c009496 000f5f03 lhu              x30, 0(x30)         x30=0000ff2a x30:1c002e7c  PA:1c002e7c
27045868ns          469651 1c00949a 0a012583 lw               x11, 160(x2)        x11=1c002e9c  x2:100034d8  PA:10003578
27045888ns          469652 1c00949c 1007d7b3 p.exthz          x15, x15, x0        x15=0000fff0 x15:fffffff0
27045907ns          469653 1c0094a0 0004da03 lhu              x20, 0(x9)          x20=0000fbb0  x9:1c002e6c  PA:1c002e6c
27046206ns          469668 1c0094a4 1007c533 p.exths          x10, x15, x0        x10=fffffff0 x15:0000fff0
27046226ns          469669 1c0094a8 09d11023 sh               x29, 128(x2)        x29:0000008e  x2:100034d8  PA:10003558
27046246ns          469670 1c0094ac 0003d483 lhu              x9, 0(x7)            x9=0000ffd2  x7:1c002ebc  PA:1c002ebc
27046544ns          469685 1c0094b0 02e80eb3 mul              x29, x16, x14       x29=fffffe4c x16:fffffffc x14:0000006d
27046564ns          469686 1c0094b4 40a8d893 srai             x17, x17, 0x40a     x17=00000001 x17:000004af
27046584ns          469687 1c0094b8 03c80833 mul              x16, x16, x28       x16=ffffffd4 x16:fffffffc x28:0000000b
27046604ns          469688 1c0094bc 09e11823 sh               x30, 144(x2)        x30:0000ff2a  x2:100034d8  PA:10003568
27046623ns          469689 1c0094c0 0005d983 lhu              x19, 0(x11)         x19=0000ffa9 x11:1c002e9c  PA:1c002e9c
27046981ns          469707 1c0094c4 81c88f5b p.muls           x30, x17, x28       x30=0000000b x17:00000001 x28:0000000b
27047001ns          469708 1c0094c8 0002d583 lhu              x11, 0(x5)          x11=0000ff57  x5:1c002eac  PA:1c002eac
27047379ns          469727 1c0094cc 03ce0fb3 mul              x31, x28, x28       x31=00000079 x28:0000000b x28:0000000b
27047399ns          469728 1c0094d0 02e50733 mul              x14, x10, x14       x14=fffff930 x10:fffffff0 x14:0000006d
27047419ns          469729 1c0094d4 40a85813 srai             x16, x16, 0x40a     x16=ffffffff x16:ffffffd4
27047439ns          469730 1c0094d8 03c50533 mul              x10, x10, x28       x10=ffffff50 x10:fffffff0 x28:0000000b
27047459ns          469731 1c0094dc 07015e03 lhu              x28, 112(x2)        x28=0000010c  x2:100034d8  PA:10003548
27047479ns          469732 1c0094e0 01b60633 add              x12, x12, x27       x12=00001246 x12:0000006d x27:000011d9
27047499ns          469733 1c0094e2 00980833 add              x16, x16, x9        x16=0000ffd1 x16:ffffffff  x9:0000ffd2
27047518ns          469734 1c0094e4 06015d83 lhu              x27, 96(x2)         x27=0000022e  x2:100034d8  PA:10003538
27047538ns          469735 1c0094e8 02812483 lw               x9, 40(x2)           x9=1c002ecc  x2:100034d8  PA:10003500
27047558ns          469736 1c0094ea 40afdf93 srai             x31, x31, 0x40a     x31=00000000 x31:00000079
27047578ns          469737 1c0094ee 40a55513 srai             x10, x10, 0x40a     x10=ffffffff x10:ffffff50
27047598ns          469738 1c0094f0 01cf8fb3 add              x31, x31, x28       x31=0000010c x31:00000000 x28:0000010c
27047618ns          469739 1c0094f2 00b50533 add              x10, x10, x11       x10=0000ff56 x10:ffffffff x11:0000ff57
27047638ns          469740 1c0094f4 09015e03 lhu              x28, 144(x2)        x28=0000ff2a  x2:100034d8  PA:10003568
27047658ns          469741 1c0094f8 03012583 lw               x11, 48(x2)         x11=1c002edc  x2:100034d8  PA:10003508
27047678ns          469742 1c0094fa 00c49023 sh               x12, 0(x9)          x12:00001246  x9:1c002ecc  PA:1c002ecc
27047996ns          469758 1c0094fe 01b888b3 add              x17, x17, x27       x17=0000022f x17:00000001 x27:0000022e
27048016ns          469759 1c009500 01a30333 add              x6, x6, x26          x6=0000056f  x6:0000000b x26:00000564
27048036ns          469760 1c009502 08015d83 lhu              x27, 128(x2)        x27=0000008e  x2:100034d8  PA:10003558
27048055ns          469761 1c009506 0000d903 lhu              x18, 0(x1)          x18=0000fe89  x1:1c002e8c  PA:1c002e8c
27048374ns          469777 1c00950a 01c686b3 add              x13, x13, x28       x13=0001ff26 x13:0000fffc x28:0000ff2a
27048393ns          469778 1c00950c 00659023 sh               x6, 0(x11)           x6:0000056f x11:1c002edc  PA:1c002edc
27048712ns          469794 1c009510 40af5f13 srai             x30, x30, 0x40a     x30=00000000 x30:0000000b
27048732ns          469795 1c009514 04812e03 lw               x28, 72(x2)         x28=1c002f0c  x2:100034d8  PA:10003520
27048751ns          469796 1c009516 01bf0f33 add              x30, x30, x27       x30=0000008e x30:00000000 x27:0000008e
27048771ns          469797 1c009518 40aede93 srai             x29, x29, 0x40a     x29=ffffffff x29:fffffe4c
27048791ns          469798 1c00951c 40a75713 srai             x14, x14, 0x40a     x14=fffffffe x14:fffff930
27048811ns          469799 1c00951e 03812603 lw               x12, 56(x2)         x12=1c002eec  x2:100034d8  PA:10003510
27048831ns          469800 1c009520 04012d83 lw               x27, 64(x2)         x27=1c002efc  x2:100034d8  PA:10003518
27048851ns          469801 1c009522 01ee1023 sh               x30, 0(x28)         x30:0000008e x28:1c002f0c  PA:1c002f0c
27049189ns          469818 1c009526 05812483 lw               x9, 88(x2)           x9=1c002e6c  x2:100034d8  PA:10003530
27049209ns          469819 1c009528 05012f03 lw               x30, 80(x2)         x30=1c002e7c  x2:100034d8  PA:10003528
27049229ns          469820 1c00952a 0a012583 lw               x11, 160(x2)        x11=1c002e9c  x2:100034d8  PA:10003578
27049249ns          469821 1c00952c 014787b3 add              x15, x15, x20       x15=0001fba0 x15:0000fff0 x20:0000fbb0
27049269ns          469822 1c00952e 013e8eb3 add              x29, x29, x19       x29=0000ffa8 x29:ffffffff x19:0000ffa9
27049288ns          469823 1c009530 01270733 add              x14, x14, x18       x14=0000fe87 x14:fffffffe x18:0000fe89
27049308ns          469824 1c009532 00f49023 sh               x15, 0(x9)          x15:0001fba0  x9:1c002e6c  PA:1c002e6c
27049627ns          469840 1c009536 01161023 sh               x17, 0(x12)         x17:0000022f x12:1c002eec  PA:1c002eec
27049945ns          469856 1c00953a 01fd9023 sh               x31, 0(x27)         x31:0000010c x27:1c002efc  PA:1c002efc
27050263ns          469872 1c00953e 00df1023 sh               x13, 0(x30)         x13:0001ff26 x30:1c002e7c  PA:1c002e7c
27050581ns          469888 1c009542 01d59023 sh               x29, 0(x11)         x29:0000ffa8 x11:1c002e9c  PA:1c002e9c
27050899ns          469904 1c009546 00e09023 sh               x14, 0(x1)          x14:0000fe87  x1:1c002e8c  PA:1c002e8c
27051218ns          469920 1c00954a 01039023 sh               x16, 0(x7)          x16:0000ffd1  x7:1c002ebc  PA:1c002ebc
27051536ns          469936 1c00954e 00a29023 sh               x10, 0(x5)          x10:0000ff56  x5:1c002eac  PA:1c002eac
27051854ns          469952 1c009552 008b0b13 addi             x22, x22, 8         x22=000000e6 x22:000000de
27051874ns          469953 1c009554 1f300793 addi             x15, x0, 499        x15=000001f3
27051894ns          469954 1c009558 e767dae3 bge              x15, x22, -396      x15:000001f3 x22:000000e6
27051993ns          469959 1c0093cc 010c9a0b p.lh             x20, 16(x25!)       x20=ffffffca x25=1c002864 x25:1c002854  PA:1c002854
27052351ns          469977 1c0093d0 0104198b p.lh             x19, 16(x8!)        x19=000001ad  x8=1c00202c  x8:1c00201c  PA:1c00201c
27052650ns          469992 1c0093d4 2cc10513 addi             x10, x2, 716        x10=100037a4  x2:100034d8
27052669ns          469993 1c0093d6 010a990b p.lh             x18, 16(x21!)       x18=00000010 x21=1c001858 x21:1c001848  PA:1c001848
27052968ns          470008 1c0093da 010b948b p.lh             x9, 16(x23!)         x9=000001b5 x23=1c001088 x23:1c001078  PA:1c001078
27053266ns          470023 1c0093de 2d411623 sh               x20, 716(x2)        x20:ffffffca  x2:100034d8  PA:100037a4
27053286ns          470024 1c0093e2 2d311723 sh               x19, 718(x2)        x19:000001ad  x2:100034d8  PA:100037a6
27053306ns          470025 1c0093e6 c33ff0ef jal              x1, -974             x1=1c0093e8
27053346ns          470027 1c009018 00051803 lh               x16, 0(x10)         x16=ffffffca x10:100037a4  PA:100037a4
27053365ns          470028 1c00901c 00251883 lh               x17, 2(x10)         x17=000001ad x10:100037a4  PA:100037a6
27053425ns          470031 1c009020 030806b3 mul              x13, x16, x16       x13=00000b64 x16:ffffffca x16:ffffffca
27053465ns          470033 1c009024 03188633 mul              x12, x17, x17       x12=0002cee9 x17:000001ad x17:000001ad
27053485ns          470034 1c009028 40a65613 srai             x12, x12, 0x40a     x12=000000b3 x12:0002cee9
27053505ns          470035 1c00902a 40a6d693 srai             x13, x13, 0x40a     x13=00000002 x13:00000b64
27053525ns          470036 1c00902c 00c686b3 add              x13, x13, x12       x13=000000b5 x13:00000002 x12:000000b3
27053544ns          470037 1c00902e 1006c633 p.exths          x12, x13, x0        x12=000000b5 x13:000000b5
27053564ns          470038 1c009032 00855703 lhu              x14, 8(x10)         x14=0000ffd1 x10:100037a4  PA:100037ac
27053584ns          470039 1c009036 00a55683 lhu              x13, 10(x10)        x13=0000ff6a x10:100037a4  PA:100037ae
27053604ns          470040 1c00903a 02c60333 mul              x6, x12, x12         x6=00007ff9 x12:000000b5 x12:000000b5
27053644ns          470042 1c00903e 00c55783 lhu              x15, 12(x10)        x15=0000ffe5 x10:100037a4  PA:100037b0
27053684ns          470044 1c009042 00e55583 lhu              x11, 14(x10)        x11=00000060 x10:100037a4  PA:100037b2
27053704ns          470045 1c009046 dea30333 p.extract        x6, x6, 15, 10       x6=0000001f  x6:00007ff9
27053723ns          470046 1c00904a 80c7075b p.muls           x14, x14, x12       x14=ffffdec5 x14:0000ffd1 x12:000000b5
27053783ns          470049 1c00904e 80c686db p.muls           x13, x13, x12       x13=ffff95f2 x13:0000ff6a x12:000000b5
27053823ns          470051 1c009052 00455e83 lhu              x29, 4(x10)         x29=00000427 x10:100037a4  PA:100037a8
27053843ns          470052 1c009056 00655e03 lhu              x28, 6(x10)         x28=0000007f x10:100037a4  PA:100037aa
27053863ns          470053 1c00905a 40a75713 srai             x14, x14, 0x40a     x14=fffffff7 x14:ffffdec5
27053883ns          470054 1c00905c 806787db p.muls           x15, x15, x6        x15=fffffcbb x15:0000ffe5  x6:0000001f
27053922ns          470056 1c009060 40a6d693 srai             x13, x13, 0x40a     x13=ffffffe5 x13:ffff95f2
27053962ns          470058 1c009062 8065865b p.muls           x12, x11, x6        x12=00000ba0 x11:00000060  x6:0000001f
27053982ns          470059 1c009066 40a7d793 srai             x15, x15, 0x40a     x15=ffffffff x15:fffffcbb
27054002ns          470060 1c009068 40a65613 srai             x12, x12, 0x40a     x12=00000002 x12:00000ba0
27054022ns          470061 1c00906a 01d70733 add              x14, x14, x29       x14=0000041e x14:fffffff7 x29:00000427
27054042ns          470062 1c00906c 01c686b3 add              x13, x13, x28       x13=00000064 x13:ffffffe5 x28:0000007f
27054062ns          470063 1c00906e 00c686b3 add              x13, x13, x12       x13=00000066 x13:00000064 x12:00000002
27054081ns          470064 1c009070 00f70733 add              x14, x14, x15       x14=0000041d x14:0000041e x15:ffffffff
27054101ns          470065 1c009072 100747b3 p.exths          x15, x14, x0        x15=0000041d x14:0000041d
27054121ns          470066 1c009076 1006c733 p.exths          x14, x13, x0        x14=00000066 x13:00000066
27054141ns          470067 1c00907a 03170633 mul              x12, x14, x17       x12=0000aaee x14:00000066 x17:000001ad
27054161ns          470068 1c00907e 030786b3 mul              x13, x15, x16       x13=ffff21e2 x15:0000041d x16:ffffffca
27054181ns          470069 1c009082 03070733 mul              x14, x14, x16       x14=ffffea7c x14:00000066 x16:ffffffca
27054201ns          470070 1c009086 031787b3 mul              x15, x15, x17       x15=0006e499 x15:0000041d x17:000001ad
27054221ns          470071 1c00908a 40a6d693 srai             x13, x13, 0x40a     x13=ffffffc8 x13:ffff21e2
27054241ns          470072 1c00908c 40a65613 srai             x12, x12, 0x40a     x12=0000002a x12:0000aaee
27054260ns          470073 1c00908e 40a7d793 srai             x15, x15, 0x40a     x15=000001b9 x15:0006e499
27054280ns          470074 1c009090 40a75713 srai             x14, x14, 0x40a     x14=fffffffa x14:ffffea7c
27054300ns          470075 1c009092 40c686b3 sub              x13, x13, x12       x13=ffffff9e x13:ffffffc8 x12:0000002a
27054320ns          470076 1c009094 00e787b3 add              x15, x15, x14       x15=000001b3 x15:000001b9 x14:fffffffa
27054340ns          470077 1c009096 00d51823 sh               x13, 16(x10)        x13:ffffff9e x10:100037a4  PA:100037b4
27054360ns          470078 1c00909a 00f51923 sh               x15, 18(x10)        x15:000001b3 x10:100037a4  PA:100037b6
27054380ns          470079 1c00909e 00008067 jalr             x0, x1, 0            x1:1c0093e8
27054459ns          470083 1c0093e8 2dc15583 lhu              x11, 732(x2)        x11=0000ff9e  x2:100034d8  PA:100037b4
27054479ns          470084 1c0093ec 2de15783 lhu              x15, 734(x2)        x15=000001b3  x2:100034d8  PA:100037b6
27054499ns          470085 1c0093f0 40b90933 sub              x18, x18, x11       x18=ffff0072 x18:00000010 x11:0000ff9e
27054519ns          470086 1c0093f4 40f484b3 sub              x9, x9, x15          x9=00000002  x9:000001b5 x15:000001b3
27054539ns          470087 1c0093f6 100945b3 p.exths          x11, x18, x0        x11=00000072 x18:ffff0072
27054559ns          470088 1c0093fa 1004c7b3 p.exths          x15, x9, x0         x15=00000002  x9:00000002
27054579ns          470089 1c0093fe 034586b3 mul              x13, x11, x20       x13=ffffe7f4 x11:00000072 x20:ffffffca
27054599ns          470090 1c009402 03378533 mul              x10, x15, x19       x10=0000035a x15:00000002 x19:000001ad
27054618ns          470091 1c009406 034a0633 mul              x12, x20, x20       x12=00000b64 x20:ffffffca x20:ffffffca
27054638ns          470092 1c00940a 03398733 mul              x14, x19, x19       x14=0002cee9 x19:000001ad x19:000001ad
27054698ns          470095 1c00940e 034787b3 mul              x15, x15, x20       x15=ffffff94 x15:00000002 x20:ffffffca
27054738ns          470097 1c009412 033585b3 mul              x11, x11, x19       x11=0000bf0a x11:00000072 x19:000001ad
27054758ns          470098 1c009416 40a75713 srai             x14, x14, 0x40a     x14=000000b3 x14:0002cee9
27054778ns          470099 1c009418 40a5d593 srai             x11, x11, 0x40a     x11=0000002f x11:0000bf0a
27054797ns          470100 1c00941a 40a65613 srai             x12, x12, 0x40a     x12=00000002 x12:00000b64
27054817ns          470101 1c00941c 40a7d793 srai             x15, x15, 0x40a     x15=ffffffff x15:ffffff94
27054837ns          470102 1c00941e 1c0034b7 lui              x9, 0x1c003000       x9=1c003000
27054857ns          470103 1c009422 00e60633 add              x12, x12, x14       x12=000000b5 x12:00000002 x14:000000b3
27054877ns          470104 1c009424 40b787b3 sub              x15, x15, x11       x15=ffffffd0 x15:ffffffff x11:0000002f
27054897ns          470105 1c009426 eb048493 addi             x9, x9, -336         x9=1c002eb0  x9:1c003000
27054917ns          470106 1c00942a 1c0032b7 lui              x5, 0x1c003000       x5=1c003000
27054937ns          470107 1c00942e 1c0035b7 lui              x11, 0x1c003000     x11=1c003000
27054957ns          470108 1c009432 018483b3 add              x7, x9, x24          x7=1c002ebc  x9:1c002eb0 x24:0000000c
27054976ns          470109 1c009436 02812e83 lw               x29, 40(x2)         x29=1c002ecc  x2:100034d8  PA:10003500
27054996ns          470110 1c009438 10065633 p.exthz          x12, x12, x0        x12=000000b5 x12:000000b5
27055016ns          470111 1c00943c e8028293 addi             x5, x5, -384         x5=1c002e80  x5:1c003000
27055036ns          470112 1c009440 ea058593 addi             x11, x11, -352      x11=1c002ea0 x11:1c003000
27055056ns          470113 1c009444 03812483 lw               x9, 56(x2)           x9=1c002eec  x2:100034d8  PA:10003510
27055076ns          470114 1c009446 10064733 p.exths          x14, x12, x0        x14=000000b5 x12:000000b5
27055096ns          470115 1c00944a 018280b3 add              x1, x5, x24          x1=1c002e8c  x5:1c002e80 x24:0000000c
27055116ns          470116 1c00944e 03012f03 lw               x30, 48(x2)         x30=1c002edc  x2:100034d8  PA:10003508
27055136ns          470117 1c009450 018582b3 add              x5, x11, x24         x5=1c002eac x11:1c002ea0 x24:0000000c
27055155ns          470118 1c009454 04012583 lw               x11, 64(x2)         x11=1c002efc  x2:100034d8  PA:10003518
27055175ns          470119 1c009456 000edd83 lhu              x27, 0(x29)         x27=00001246 x29:1c002ecc  PA:1c002ecc
27055494ns          470135 1c00945a 0004d483 lhu              x9, 0(x9)            x9=0000022f  x9:1c002eec  PA:1c002eec
27055792ns          470150 1c00945e 02e70333 mul              x6, x14, x14         x6=00007ff9 x14:000000b5 x14:000000b5
27055812ns          470151 1c009462 40a55513 srai             x10, x10, 0x40a     x10=00000000 x10:0000035a
27055832ns          470152 1c009464 04812e83 lw               x29, 72(x2)         x29=1c002f0c  x2:100034d8  PA:10003520
27055851ns          470153 1c009466 40a6d693 srai             x13, x13, 0x40a     x13=fffffff9 x13:ffffe7f4
27055871ns          470154 1c009468 000f5d03 lhu              x26, 0(x30)         x26=0000056f x30:1c002edc  PA:1c002edc
27056170ns          470169 1c00946c 0005d583 lhu              x11, 0(x11)         x11=0000010c x11:1c002efc  PA:1c002efc
27056607ns          470191 1c009470 40a35313 srai             x6, x6, 0x40a        x6=0000001f  x6:00007ff9
27056627ns          470192 1c009474 00a686b3 add              x13, x13, x10       x13=fffffff9 x13:fffffff9 x10:00000000
27056647ns          470193 1c009476 05012f03 lw               x30, 80(x2)         x30=1c002e7c  x2:100034d8  PA:10003528
27056667ns          470194 1c009478 10034e33 p.exths          x28, x6, x0         x28=0000001f  x6:0000001f
27056687ns          470195 1c00947c 06911023 sh               x9, 96(x2)           x9:0000022f  x2:100034d8  PA:10003538
27056707ns          470196 1c009480 000ede83 lhu              x29, 0(x29)         x29=0000008e x29:1c002f0c  PA:1c002f0c
27057025ns          470212 1c009484 05812483 lw               x9, 88(x2)           x9=1c002e6c  x2:100034d8  PA:10003530
27057045ns          470213 1c009486 1006d6b3 p.exthz          x13, x13, x0        x13=0000fff9 x13:fffffff9
27057065ns          470214 1c00948a 02ee08b3 mul              x17, x28, x14       x17=000015eb x28:0000001f x14:000000b5
27057085ns          470215 1c00948e 1006c833 p.exths          x16, x13, x0        x16=fffffff9 x13:0000fff9
27057104ns          470216 1c009492 06b11823 sh               x11, 112(x2)        x11:0000010c  x2:100034d8  PA:10003548
27057124ns          470217 1c009496 000f5f03 lhu              x30, 0(x30)         x30=0000ff26 x30:1c002e7c  PA:1c002e7c
27057462ns          470234 1c00949a 0a012583 lw               x11, 160(x2)        x11=1c002e9c  x2:100034d8  PA:10003578
27057482ns          470235 1c00949c 1007d7b3 p.exthz          x15, x15, x0        x15=0000ffd0 x15:ffffffd0
27057502ns          470236 1c0094a0 0004da03 lhu              x20, 0(x9)          x20=0000fba0  x9:1c002e6c  PA:1c002e6c
27057820ns          470252 1c0094a4 1007c533 p.exths          x10, x15, x0        x10=ffffffd0 x15:0000ffd0
27057840ns          470253 1c0094a8 09d11023 sh               x29, 128(x2)        x29:0000008e  x2:100034d8  PA:10003558
27057860ns          470254 1c0094ac 0003d483 lhu              x9, 0(x7)            x9=0000ffd1  x7:1c002ebc  PA:1c002ebc
27058158ns          470269 1c0094b0 02e80eb3 mul              x29, x16, x14       x29=fffffb0d x16:fffffff9 x14:000000b5
27058178ns          470270 1c0094b4 40a8d893 srai             x17, x17, 0x40a     x17=00000005 x17:000015eb
27058198ns          470271 1c0094b8 03c80833 mul              x16, x16, x28       x16=ffffff27 x16:fffffff9 x28:0000001f
27058218ns          470272 1c0094bc 09e11823 sh               x30, 144(x2)        x30:0000ff26  x2:100034d8  PA:10003568
27058258ns          470274 1c0094c0 0005d983 lhu              x19, 0(x11)         x19=0000ffa8 x11:1c002e9c  PA:1c002e9c
27058596ns          470291 1c0094c4 81c88f5b p.muls           x30, x17, x28       x30=0000009b x17:00000005 x28:0000001f
27058616ns          470292 1c0094c8 0002d583 lhu              x11, 0(x5)          x11=0000ff56  x5:1c002eac  PA:1c002eac
27058974ns          470310 1c0094cc 03ce0fb3 mul              x31, x28, x28       x31=000003c1 x28:0000001f x28:0000001f
27058994ns          470311 1c0094d0 02e50733 mul              x14, x10, x14       x14=ffffde10 x10:ffffffd0 x14:000000b5
27059014ns          470312 1c0094d4 40a85813 srai             x16, x16, 0x40a     x16=ffffffff x16:ffffff27
27059034ns          470313 1c0094d8 03c50533 mul              x10, x10, x28       x10=fffffa30 x10:ffffffd0 x28:0000001f
27059053ns          470314 1c0094dc 07015e03 lhu              x28, 112(x2)        x28=0000010c  x2:100034d8  PA:10003548
27059073ns          470315 1c0094e0 01b60633 add              x12, x12, x27       x12=000012fb x12:000000b5 x27:00001246
27059093ns          470316 1c0094e2 00980833 add              x16, x16, x9        x16=0000ffd0 x16:ffffffff  x9:0000ffd1
27059113ns          470317 1c0094e4 06015d83 lhu              x27, 96(x2)         x27=0000022f  x2:100034d8  PA:10003538
27059133ns          470318 1c0094e8 02812483 lw               x9, 40(x2)           x9=1c002ecc  x2:100034d8  PA:10003500
27059153ns          470319 1c0094ea 40afdf93 srai             x31, x31, 0x40a     x31=00000000 x31:000003c1
27059173ns          470320 1c0094ee 40a55513 srai             x10, x10, 0x40a     x10=fffffffe x10:fffffa30
27059193ns          470321 1c0094f0 01cf8fb3 add              x31, x31, x28       x31=0000010c x31:00000000 x28:0000010c
27059213ns          470322 1c0094f2 00b50533 add              x10, x10, x11       x10=0000ff54 x10:fffffffe x11:0000ff56
27059232ns          470323 1c0094f4 09015e03 lhu              x28, 144(x2)        x28=0000ff26  x2:100034d8  PA:10003568
27059252ns          470324 1c0094f8 03012583 lw               x11, 48(x2)         x11=1c002edc  x2:100034d8  PA:10003508
27059272ns          470325 1c0094fa 00c49023 sh               x12, 0(x9)          x12:000012fb  x9:1c002ecc  PA:1c002ecc
27059590ns          470341 1c0094fe 01b888b3 add              x17, x17, x27       x17=00000234 x17:00000005 x27:0000022f
27059610ns          470342 1c009500 01a30333 add              x6, x6, x26          x6=0000058e  x6:0000001f x26:0000056f
27059630ns          470343 1c009502 08015d83 lhu              x27, 128(x2)        x27=0000008e  x2:100034d8  PA:10003558
27059650ns          470344 1c009506 0000d903 lhu              x18, 0(x1)          x18=0000fe87  x1:1c002e8c  PA:1c002e8c
27059948ns          470359 1c00950a 01c686b3 add              x13, x13, x28       x13=0001ff1f x13:0000fff9 x28:0000ff26
27059968ns          470360 1c00950c 00659023 sh               x6, 0(x11)           x6:0000058e x11:1c002edc  PA:1c002edc
27060287ns          470376 1c009510 40af5f13 srai             x30, x30, 0x40a     x30=00000000 x30:0000009b
27060306ns          470377 1c009514 04812e03 lw               x28, 72(x2)         x28=1c002f0c  x2:100034d8  PA:10003520
27060326ns          470378 1c009516 01bf0f33 add              x30, x30, x27       x30=0000008e x30:00000000 x27:0000008e
27060346ns          470379 1c009518 40aede93 srai             x29, x29, 0x40a     x29=fffffffe x29:fffffb0d
27060366ns          470380 1c00951c 40a75713 srai             x14, x14, 0x40a     x14=fffffff7 x14:ffffde10
27060386ns          470381 1c00951e 03812603 lw               x12, 56(x2)         x12=1c002eec  x2:100034d8  PA:10003510
27060406ns          470382 1c009520 04012d83 lw               x27, 64(x2)         x27=1c002efc  x2:100034d8  PA:10003518
27060426ns          470383 1c009522 01ee1023 sh               x30, 0(x28)         x30:0000008e x28:1c002f0c  PA:1c002f0c
27060764ns          470400 1c009526 05812483 lw               x9, 88(x2)           x9=1c002e6c  x2:100034d8  PA:10003530
27060784ns          470401 1c009528 05012f03 lw               x30, 80(x2)         x30=1c002e7c  x2:100034d8  PA:10003528
27060804ns          470402 1c00952a 0a012583 lw               x11, 160(x2)        x11=1c002e9c  x2:100034d8  PA:10003578
27060823ns          470403 1c00952c 014787b3 add              x15, x15, x20       x15=0001fb70 x15:0000ffd0 x20:0000fba0
27060843ns          470404 1c00952e 013e8eb3 add              x29, x29, x19       x29=0000ffa6 x29:fffffffe x19:0000ffa8
27060863ns          470405 1c009530 01270733 add              x14, x14, x18       x14=0000fe7e x14:fffffff7 x18:0000fe87
27060883ns          470406 1c009532 00f49023 sh               x15, 0(x9)          x15:0001fb70  x9:1c002e6c  PA:1c002e6c
27061221ns          470423 1c009536 01161023 sh               x17, 0(x12)         x17:00000234 x12:1c002eec  PA:1c002eec
27061539ns          470439 1c00953a 01fd9023 sh               x31, 0(x27)         x31:0000010c x27:1c002efc  PA:1c002efc
27061858ns          470455 1c00953e 00df1023 sh               x13, 0(x30)         x13:0001ff1f x30:1c002e7c  PA:1c002e7c
27062196ns          470472 1c009542 01d59023 sh               x29, 0(x11)         x29:0000ffa6 x11:1c002e9c  PA:1c002e9c
27062534ns          470489 1c009546 00e09023 sh               x14, 0(x1)          x14:0000fe7e  x1:1c002e8c  PA:1c002e8c
27062852ns          470505 1c00954a 01039023 sh               x16, 0(x7)          x16:0000ffd0  x7:1c002ebc  PA:1c002ebc
27063170ns          470521 1c00954e 00a29023 sh               x10, 0(x5)          x10:0000ff54  x5:1c002eac  PA:1c002eac
27063488ns          470537 1c009552 008b0b13 addi             x22, x22, 8         x22=000000ee x22:000000e6
27063508ns          470538 1c009554 1f300793 addi             x15, x0, 499        x15=000001f3
27063528ns          470539 1c009558 e767dae3 bge              x15, x22, -396      x15:000001f3 x22:000000ee
27063628ns          470544 1c0093cc 010c9a0b p.lh             x20, 16(x25!)       x20=ffffffea x25=1c002874 x25:1c002864  PA:1c002864
27063986ns          470562 1c0093d0 0104198b p.lh             x19, 16(x8!)        x19=fffffead  x8=1c00203c  x8:1c00202c  PA:1c00202c
27064304ns          470578 1c0093d4 2cc10513 addi             x10, x2, 716        x10=100037a4  x2:100034d8
27064324ns          470579 1c0093d6 010a990b p.lh             x18, 16(x21!)       x18=ffffffc6 x21=1c001868 x21:1c001858  PA:1c001858
27064622ns          470594 1c0093da 010b948b p.lh             x9, 16(x23!)         x9=fffffeab x23=1c001098 x23:1c001088  PA:1c001088
27064920ns          470609 1c0093de 2d411623 sh               x20, 716(x2)        x20:ffffffea  x2:100034d8  PA:100037a4
27064940ns          470610 1c0093e2 2d311723 sh               x19, 718(x2)        x19:fffffead  x2:100034d8  PA:100037a6
27064960ns          470611 1c0093e6 c33ff0ef jal              x1, -974             x1=1c0093e8
27065000ns          470613 1c009018 00051803 lh               x16, 0(x10)         x16=ffffffea x10:100037a4  PA:100037a4
27065020ns          470614 1c00901c 00251883 lh               x17, 2(x10)         x17=fffffead x10:100037a4  PA:100037a6
27065080ns          470617 1c009020 030806b3 mul              x13, x16, x16       x13=000001e4 x16:ffffffea x16:ffffffea
27065119ns          470619 1c009024 03188633 mul              x12, x17, x17       x12=0001c0e9 x17:fffffead x17:fffffead
27065139ns          470620 1c009028 40a65613 srai             x12, x12, 0x40a     x12=00000070 x12:0001c0e9
27065159ns          470621 1c00902a 40a6d693 srai             x13, x13, 0x40a     x13=00000000 x13:000001e4
27065179ns          470622 1c00902c 00c686b3 add              x13, x13, x12       x13=00000070 x13:00000000 x12:00000070
27065199ns          470623 1c00902e 1006c633 p.exths          x12, x13, x0        x12=00000070 x13:00000070
27065219ns          470624 1c009032 00855703 lhu              x14, 8(x10)         x14=0000ffd1 x10:100037a4  PA:100037ac
27065239ns          470625 1c009036 00a55683 lhu              x13, 10(x10)        x13=0000ff6a x10:100037a4  PA:100037ae
27065259ns          470626 1c00903a 02c60333 mul              x6, x12, x12         x6=00003100 x12:00000070 x12:00000070
27065298ns          470628 1c00903e 00c55783 lhu              x15, 12(x10)        x15=0000ffe5 x10:100037a4  PA:100037b0
27065338ns          470630 1c009042 00e55583 lhu              x11, 14(x10)        x11=00000060 x10:100037a4  PA:100037b2
27065358ns          470631 1c009046 dea30333 p.extract        x6, x6, 15, 10       x6=0000000c  x6:00003100
27065378ns          470632 1c00904a 80c7075b p.muls           x14, x14, x12       x14=ffffeb70 x14:0000ffd1 x12:00000070
27065438ns          470635 1c00904e 80c686db p.muls           x13, x13, x12       x13=ffffbe60 x13:0000ff6a x12:00000070
27065477ns          470637 1c009052 00455e83 lhu              x29, 4(x10)         x29=00000427 x10:100037a4  PA:100037a8
27065497ns          470638 1c009056 00655e03 lhu              x28, 6(x10)         x28=0000007f x10:100037a4  PA:100037aa
27065517ns          470639 1c00905a 40a75713 srai             x14, x14, 0x40a     x14=fffffffa x14:ffffeb70
27065537ns          470640 1c00905c 806787db p.muls           x15, x15, x6        x15=fffffebc x15:0000ffe5  x6:0000000c
27065557ns          470641 1c009060 40a6d693 srai             x13, x13, 0x40a     x13=ffffffef x13:ffffbe60
27065577ns          470642 1c009062 8065865b p.muls           x12, x11, x6        x12=00000480 x11:00000060  x6:0000000c
27065597ns          470643 1c009066 40a7d793 srai             x15, x15, 0x40a     x15=ffffffff x15:fffffebc
27065616ns          470644 1c009068 40a65613 srai             x12, x12, 0x40a     x12=00000001 x12:00000480
27065636ns          470645 1c00906a 01d70733 add              x14, x14, x29       x14=00000421 x14:fffffffa x29:00000427
27065656ns          470646 1c00906c 01c686b3 add              x13, x13, x28       x13=0000006e x13:ffffffef x28:0000007f
27065676ns          470647 1c00906e 00c686b3 add              x13, x13, x12       x13=0000006f x13:0000006e x12:00000001
27065696ns          470648 1c009070 00f70733 add              x14, x14, x15       x14=00000420 x14:00000421 x15:ffffffff
27065716ns          470649 1c009072 100747b3 p.exths          x15, x14, x0        x15=00000420 x14:00000420
27065736ns          470650 1c009076 1006c733 p.exths          x14, x13, x0        x14=0000006f x13:0000006f
27065756ns          470651 1c00907a 03170633 mul              x12, x14, x17       x12=ffff6d03 x14:0000006f x17:fffffead
27065776ns          470652 1c00907e 030786b3 mul              x13, x15, x16       x13=ffffa540 x15:00000420 x16:ffffffea
27065795ns          470653 1c009082 03070733 mul              x14, x14, x16       x14=fffff676 x14:0000006f x16:ffffffea
27065815ns          470654 1c009086 031787b3 mul              x15, x15, x17       x15=fffa89a0 x15:00000420 x17:fffffead
27065835ns          470655 1c00908a 40a6d693 srai             x13, x13, 0x40a     x13=ffffffe9 x13:ffffa540
27065855ns          470656 1c00908c 40a65613 srai             x12, x12, 0x40a     x12=ffffffdb x12:ffff6d03
27065875ns          470657 1c00908e 40a7d793 srai             x15, x15, 0x40a     x15=fffffea2 x15:fffa89a0
27065895ns          470658 1c009090 40a75713 srai             x14, x14, 0x40a     x14=fffffffd x14:fffff676
27065915ns          470659 1c009092 40c686b3 sub              x13, x13, x12       x13=0000000e x13:ffffffe9 x12:ffffffdb
27065935ns          470660 1c009094 00e787b3 add              x15, x15, x14       x15=fffffe9f x15:fffffea2 x14:fffffffd
27065955ns          470661 1c009096 00d51823 sh               x13, 16(x10)        x13:0000000e x10:100037a4  PA:100037b4
27065974ns          470662 1c00909a 00f51923 sh               x15, 18(x10)        x15:fffffe9f x10:100037a4  PA:100037b6
27065994ns          470663 1c00909e 00008067 jalr             x0, x1, 0            x1:1c0093e8
27066034ns          470665 1c0093e8 2dc15583 lhu              x11, 732(x2)        x11=0000000e  x2:100034d8  PA:100037b4
27066054ns          470666 1c0093ec 2de15783 lhu              x15, 734(x2)        x15=0000fe9f  x2:100034d8  PA:100037b6
27066074ns          470667 1c0093f0 40b90933 sub              x18, x18, x11       x18=ffffffb8 x18:ffffffc6 x11:0000000e
27066094ns          470668 1c0093f4 40f484b3 sub              x9, x9, x15          x9=ffff000c  x9:fffffeab x15:0000fe9f
27066114ns          470669 1c0093f6 100945b3 p.exths          x11, x18, x0        x11=ffffffb8 x18:ffffffb8
27066134ns          470670 1c0093fa 1004c7b3 p.exths          x15, x9, x0         x15=0000000c  x9:ffff000c
27066153ns          470671 1c0093fe 034586b3 mul              x13, x11, x20       x13=00000630 x11:ffffffb8 x20:ffffffea
27066173ns          470672 1c009402 03378533 mul              x10, x15, x19       x10=fffff01c x15:0000000c x19:fffffead
27066193ns          470673 1c009406 034a0633 mul              x12, x20, x20       x12=000001e4 x20:ffffffea x20:ffffffea
27066213ns          470674 1c00940a 03398733 mul              x14, x19, x19       x14=0001c0e9 x19:fffffead x19:fffffead
27066233ns          470675 1c00940e 034787b3 mul              x15, x15, x20       x15=fffffef8 x15:0000000c x20:ffffffea
27066253ns          470676 1c009412 033585b3 mul              x11, x11, x19       x11=00005f58 x11:ffffffb8 x19:fffffead
27066273ns          470677 1c009416 40a75713 srai             x14, x14, 0x40a     x14=00000070 x14:0001c0e9
27066293ns          470678 1c009418 40a5d593 srai             x11, x11, 0x40a     x11=00000017 x11:00005f58
27066313ns          470679 1c00941a 40a65613 srai             x12, x12, 0x40a     x12=00000000 x12:000001e4
27066332ns          470680 1c00941c 40a7d793 srai             x15, x15, 0x40a     x15=ffffffff x15:fffffef8
27066352ns          470681 1c00941e 1c0034b7 lui              x9, 0x1c003000       x9=1c003000
27066372ns          470682 1c009422 00e60633 add              x12, x12, x14       x12=00000070 x12:00000000 x14:00000070
27066392ns          470683 1c009424 40b787b3 sub              x15, x15, x11       x15=ffffffe8 x15:ffffffff x11:00000017
27066412ns          470684 1c009426 eb048493 addi             x9, x9, -336         x9=1c002eb0  x9:1c003000
27066432ns          470685 1c00942a 1c0032b7 lui              x5, 0x1c003000       x5=1c003000
27066452ns          470686 1c00942e 1c0035b7 lui              x11, 0x1c003000     x11=1c003000
27066472ns          470687 1c009432 018483b3 add              x7, x9, x24          x7=1c002ebc  x9:1c002eb0 x24:0000000c
27066492ns          470688 1c009436 02812e83 lw               x29, 40(x2)         x29=1c002ecc  x2:100034d8  PA:10003500
27066511ns          470689 1c009438 10065633 p.exthz          x12, x12, x0        x12=00000070 x12:00000070
27066531ns          470690 1c00943c e8028293 addi             x5, x5, -384         x5=1c002e80  x5:1c003000
27066551ns          470691 1c009440 ea058593 addi             x11, x11, -352      x11=1c002ea0 x11:1c003000
27066571ns          470692 1c009444 03812483 lw               x9, 56(x2)           x9=1c002eec  x2:100034d8  PA:10003510
27066591ns          470693 1c009446 10064733 p.exths          x14, x12, x0        x14=00000070 x12:00000070
27066611ns          470694 1c00944a 018280b3 add              x1, x5, x24          x1=1c002e8c  x5:1c002e80 x24:0000000c
27066631ns          470695 1c00944e 03012f03 lw               x30, 48(x2)         x30=1c002edc  x2:100034d8  PA:10003508
27066651ns          470696 1c009450 018582b3 add              x5, x11, x24         x5=1c002eac x11:1c002ea0 x24:0000000c
27066671ns          470697 1c009454 04012583 lw               x11, 64(x2)         x11=1c002efc  x2:100034d8  PA:10003518
27066690ns          470698 1c009456 000edd83 lhu              x27, 0(x29)         x27=000012fb x29:1c002ecc  PA:1c002ecc
27066989ns          470713 1c00945a 0004d483 lhu              x9, 0(x9)            x9=00000234  x9:1c002eec  PA:1c002eec
27067307ns          470729 1c00945e 02e70333 mul              x6, x14, x14         x6=00003100 x14:00000070 x14:00000070
27067327ns          470730 1c009462 40a55513 srai             x10, x10, 0x40a     x10=fffffffc x10:fffff01c
27067347ns          470731 1c009464 04812e83 lw               x29, 72(x2)         x29=1c002f0c  x2:100034d8  PA:10003520
27067367ns          470732 1c009466 40a6d693 srai             x13, x13, 0x40a     x13=00000001 x13:00000630
27067387ns          470733 1c009468 000f5d03 lhu              x26, 0(x30)         x26=0000058e x30:1c002edc  PA:1c002edc
27067725ns          470750 1c00946c 0005d583 lhu              x11, 0(x11)         x11=0000010c x11:1c002efc  PA:1c002efc
27068063ns          470767 1c009470 40a35313 srai             x6, x6, 0x40a        x6=0000000c  x6:00003100
27068083ns          470768 1c009474 00a686b3 add              x13, x13, x10       x13=fffffffd x13:00000001 x10:fffffffc
27068102ns          470769 1c009476 05012f03 lw               x30, 80(x2)         x30=1c002e7c  x2:100034d8  PA:10003528
27068122ns          470770 1c009478 10034e33 p.exths          x28, x6, x0         x28=0000000c  x6:0000000c
27068142ns          470771 1c00947c 06911023 sh               x9, 96(x2)           x9:00000234  x2:100034d8  PA:10003538
27068162ns          470772 1c009480 000ede83 lhu              x29, 0(x29)         x29=0000008e x29:1c002f0c  PA:1c002f0c
27068480ns          470788 1c009484 05812483 lw               x9, 88(x2)           x9=1c002e6c  x2:100034d8  PA:10003530
27068500ns          470789 1c009486 1006d6b3 p.exthz          x13, x13, x0        x13=0000fffd x13:fffffffd
27068520ns          470790 1c00948a 02ee08b3 mul              x17, x28, x14       x17=00000540 x28:0000000c x14:00000070
27068540ns          470791 1c00948e 1006c833 p.exths          x16, x13, x0        x16=fffffffd x13:0000fffd
27068560ns          470792 1c009492 06b11823 sh               x11, 112(x2)        x11:0000010c  x2:100034d8  PA:10003548
27068580ns          470793 1c009496 000f5f03 lhu              x30, 0(x30)         x30=0000ff1f x30:1c002e7c  PA:1c002e7c
27068878ns          470808 1c00949a 0a012583 lw               x11, 160(x2)        x11=1c002e9c  x2:100034d8  PA:10003578
27068898ns          470809 1c00949c 1007d7b3 p.exthz          x15, x15, x0        x15=0000ffe8 x15:ffffffe8
27068918ns          470810 1c0094a0 0004da03 lhu              x20, 0(x9)          x20=0000fb70  x9:1c002e6c  PA:1c002e6c
27069236ns          470826 1c0094a4 1007c533 p.exths          x10, x15, x0        x10=ffffffe8 x15:0000ffe8
27069256ns          470827 1c0094a8 09d11023 sh               x29, 128(x2)        x29:0000008e  x2:100034d8  PA:10003558
27069276ns          470828 1c0094ac 0003d483 lhu              x9, 0(x7)            x9=0000ffd0  x7:1c002ebc  PA:1c002ebc
27069594ns          470844 1c0094b0 02e80eb3 mul              x29, x16, x14       x29=fffffeb0 x16:fffffffd x14:00000070
27069614ns          470845 1c0094b4 40a8d893 srai             x17, x17, 0x40a     x17=00000001 x17:00000540
27069634ns          470846 1c0094b8 03c80833 mul              x16, x16, x28       x16=ffffffdc x16:fffffffd x28:0000000c
27069654ns          470847 1c0094bc 09e11823 sh               x30, 144(x2)        x30:0000ff1f  x2:100034d8  PA:10003568
27069674ns          470848 1c0094c0 0005d983 lhu              x19, 0(x11)         x19=0000ffa6 x11:1c002e9c  PA:1c002e9c
27069972ns          470863 1c0094c4 81c88f5b p.muls           x30, x17, x28       x30=0000000c x17:00000001 x28:0000000c
27069992ns          470864 1c0094c8 0002d583 lhu              x11, 0(x5)          x11=0000ff54  x5:1c002eac  PA:1c002eac
27070370ns          470883 1c0094cc 03ce0fb3 mul              x31, x28, x28       x31=00000090 x28:0000000c x28:0000000c
27070390ns          470884 1c0094d0 02e50733 mul              x14, x10, x14       x14=fffff580 x10:ffffffe8 x14:00000070
27070410ns          470885 1c0094d4 40a85813 srai             x16, x16, 0x40a     x16=ffffffff x16:ffffffdc
27070429ns          470886 1c0094d8 03c50533 mul              x10, x10, x28       x10=fffffee0 x10:ffffffe8 x28:0000000c
27070449ns          470887 1c0094dc 07015e03 lhu              x28, 112(x2)        x28=0000010c  x2:100034d8  PA:10003548
27070509ns          470890 1c0094e0 01b60633 add              x12, x12, x27       x12=0000136b x12:00000070 x27:000012fb
27070529ns          470891 1c0094e2 00980833 add              x16, x16, x9        x16=0000ffcf x16:ffffffff  x9:0000ffd0
27070549ns          470892 1c0094e4 06015d83 lhu              x27, 96(x2)         x27=00000234  x2:100034d8  PA:10003538
27070569ns          470893 1c0094e8 02812483 lw               x9, 40(x2)           x9=1c002ecc  x2:100034d8  PA:10003500
27070588ns          470894 1c0094ea 40afdf93 srai             x31, x31, 0x40a     x31=00000000 x31:00000090
27070608ns          470895 1c0094ee 40a55513 srai             x10, x10, 0x40a     x10=ffffffff x10:fffffee0
27070628ns          470896 1c0094f0 01cf8fb3 add              x31, x31, x28       x31=0000010c x31:00000000 x28:0000010c
27070648ns          470897 1c0094f2 00b50533 add              x10, x10, x11       x10=0000ff53 x10:ffffffff x11:0000ff54
27070668ns          470898 1c0094f4 09015e03 lhu              x28, 144(x2)        x28=0000ff1f  x2:100034d8  PA:10003568
27070688ns          470899 1c0094f8 03012583 lw               x11, 48(x2)         x11=1c002edc  x2:100034d8  PA:10003508
27070708ns          470900 1c0094fa 00c49023 sh               x12, 0(x9)          x12:0000136b  x9:1c002ecc  PA:1c002ecc
27071026ns          470916 1c0094fe 01b888b3 add              x17, x17, x27       x17=00000235 x17:00000001 x27:00000234
27071046ns          470917 1c009500 01a30333 add              x6, x6, x26          x6=0000059a  x6:0000000c x26:0000058e
27071066ns          470918 1c009502 08015d83 lhu              x27, 128(x2)        x27=0000008e  x2:100034d8  PA:10003558
27071086ns          470919 1c009506 0000d903 lhu              x18, 0(x1)          x18=0000fe7e  x1:1c002e8c  PA:1c002e8c
27071404ns          470935 1c00950a 01c686b3 add              x13, x13, x28       x13=0001ff1c x13:0000fffd x28:0000ff1f
27071424ns          470936 1c00950c 00659023 sh               x6, 0(x11)           x6:0000059a x11:1c002edc  PA:1c002edc
27071742ns          470952 1c009510 40af5f13 srai             x30, x30, 0x40a     x30=00000000 x30:0000000c
27071762ns          470953 1c009514 04812e03 lw               x28, 72(x2)         x28=1c002f0c  x2:100034d8  PA:10003520
27071782ns          470954 1c009516 01bf0f33 add              x30, x30, x27       x30=0000008e x30:00000000 x27:0000008e
27071802ns          470955 1c009518 40aede93 srai             x29, x29, 0x40a     x29=ffffffff x29:fffffeb0
27071822ns          470956 1c00951c 40a75713 srai             x14, x14, 0x40a     x14=fffffffd x14:fffff580
27071841ns          470957 1c00951e 03812603 lw               x12, 56(x2)         x12=1c002eec  x2:100034d8  PA:10003510
27071861ns          470958 1c009520 04012d83 lw               x27, 64(x2)         x27=1c002efc  x2:100034d8  PA:10003518
27071881ns          470959 1c009522 01ee1023 sh               x30, 0(x28)         x30:0000008e x28:1c002f0c  PA:1c002f0c
27072199ns          470975 1c009526 05812483 lw               x9, 88(x2)           x9=1c002e6c  x2:100034d8  PA:10003530
27072219ns          470976 1c009528 05012f03 lw               x30, 80(x2)         x30=1c002e7c  x2:100034d8  PA:10003528
27072239ns          470977 1c00952a 0a012583 lw               x11, 160(x2)        x11=1c002e9c  x2:100034d8  PA:10003578
27072259ns          470978 1c00952c 014787b3 add              x15, x15, x20       x15=0001fb58 x15:0000ffe8 x20:0000fb70
27072279ns          470979 1c00952e 013e8eb3 add              x29, x29, x19       x29=0000ffa5 x29:ffffffff x19:0000ffa6
27072299ns          470980 1c009530 01270733 add              x14, x14, x18       x14=0000fe7b x14:fffffffd x18:0000fe7e
27072319ns          470981 1c009532 00f49023 sh               x15, 0(x9)          x15:0001fb58  x9:1c002e6c  PA:1c002e6c
27072637ns          470997 1c009536 01161023 sh               x17, 0(x12)         x17:00000235 x12:1c002eec  PA:1c002eec
27072955ns          471013 1c00953a 01fd9023 sh               x31, 0(x27)         x31:0000010c x27:1c002efc  PA:1c002efc
27073293ns          471030 1c00953e 00df1023 sh               x13, 0(x30)         x13:0001ff1c x30:1c002e7c  PA:1c002e7c
27073611ns          471046 1c009542 01d59023 sh               x29, 0(x11)         x29:0000ffa5 x11:1c002e9c  PA:1c002e9c
27073930ns          471062 1c009546 00e09023 sh               x14, 0(x1)          x14:0000fe7b  x1:1c002e8c  PA:1c002e8c
27074268ns          471079 1c00954a 01039023 sh               x16, 0(x7)          x16:0000ffcf  x7:1c002ebc  PA:1c002ebc
27074606ns          471096 1c00954e 00a29023 sh               x10, 0(x5)          x10:0000ff53  x5:1c002eac  PA:1c002eac
27074964ns          471114 1c009552 008b0b13 addi             x22, x22, 8         x22=000000f6 x22:000000ee
27074984ns          471115 1c009554 1f300793 addi             x15, x0, 499        x15=000001f3
27075004ns          471116 1c009558 e767dae3 bge              x15, x22, -396      x15:000001f3 x22:000000f6
27075103ns          471121 1c0093cc 010c9a0b p.lh             x20, 16(x25!)       x20=ffffff0a x25=1c002884 x25:1c002874  PA:1c002874
27075421ns          471137 1c0093d0 0104198b p.lh             x19, 16(x8!)        x19=0000017c  x8=1c00204c  x8:1c00203c  PA:1c00203c
27075739ns          471153 1c0093d4 2cc10513 addi             x10, x2, 716        x10=100037a4  x2:100034d8
27075759ns          471154 1c0093d6 010a990b p.lh             x18, 16(x21!)       x18=ffffff2b x21=1c001878 x21:1c001868  PA:1c001868
27076097ns          471171 1c0093da 010b948b p.lh             x9, 16(x23!)         x9=00000196 x23=1c0010a8 x23:1c001098  PA:1c001098
27076396ns          471186 1c0093de 2d411623 sh               x20, 716(x2)        x20:ffffff0a  x2:100034d8  PA:100037a4
27076416ns          471187 1c0093e2 2d311723 sh               x19, 718(x2)        x19:0000017c  x2:100034d8  PA:100037a6
27076436ns          471188 1c0093e6 c33ff0ef jal              x1, -974             x1=1c0093e8
27076475ns          471190 1c009018 00051803 lh               x16, 0(x10)         x16=ffffff0a x10:100037a4  PA:100037a4
27076495ns          471191 1c00901c 00251883 lh               x17, 2(x10)         x17=0000017c x10:100037a4  PA:100037a6
27076555ns          471194 1c009020 030806b3 mul              x13, x16, x16       x13=0000ec64 x16:ffffff0a x16:ffffff0a
27076595ns          471196 1c009024 03188633 mul              x12, x17, x17       x12=00023410 x17:0000017c x17:0000017c
27076615ns          471197 1c009028 40a65613 srai             x12, x12, 0x40a     x12=0000008d x12:00023410
27076634ns          471198 1c00902a 40a6d693 srai             x13, x13, 0x40a     x13=0000003b x13:0000ec64
27076654ns          471199 1c00902c 00c686b3 add              x13, x13, x12       x13=000000c8 x13:0000003b x12:0000008d
27076674ns          471200 1c00902e 1006c633 p.exths          x12, x13, x0        x12=000000c8 x13:000000c8
27076694ns          471201 1c009032 00855703 lhu              x14, 8(x10)         x14=0000ffd1 x10:100037a4  PA:100037ac
27076714ns          471202 1c009036 00a55683 lhu              x13, 10(x10)        x13=0000ff6a x10:100037a4  PA:100037ae
27076734ns          471203 1c00903a 02c60333 mul              x6, x12, x12         x6=00009c40 x12:000000c8 x12:000000c8
27076754ns          471204 1c00903e 00c55783 lhu              x15, 12(x10)        x15=0000ffe5 x10:100037a4  PA:100037b0
27076774ns          471205 1c009042 00e55583 lhu              x11, 14(x10)        x11=00000060 x10:100037a4  PA:100037b2
27076794ns          471206 1c009046 dea30333 p.extract        x6, x6, 15, 10       x6=00000027  x6:00009c40
27076813ns          471207 1c00904a 80c7075b p.muls           x14, x14, x12       x14=ffffdb48 x14:0000ffd1 x12:000000c8
27076833ns          471208 1c00904e 80c686db p.muls           x13, x13, x12       x13=ffff8ad0 x13:0000ff6a x12:000000c8
27076853ns          471209 1c009052 00455e83 lhu              x29, 4(x10)         x29=00000427 x10:100037a4  PA:100037a8
27076873ns          471210 1c009056 00655e03 lhu              x28, 6(x10)         x28=0000007f x10:100037a4  PA:100037aa
27076893ns          471211 1c00905a 40a75713 srai             x14, x14, 0x40a     x14=fffffff6 x14:ffffdb48
27076913ns          471212 1c00905c 806787db p.muls           x15, x15, x6        x15=fffffbe3 x15:0000ffe5  x6:00000027
27076933ns          471213 1c009060 40a6d693 srai             x13, x13, 0x40a     x13=ffffffe2 x13:ffff8ad0
27076953ns          471214 1c009062 8065865b p.muls           x12, x11, x6        x12=00000ea0 x11:00000060  x6:00000027
27076973ns          471215 1c009066 40a7d793 srai             x15, x15, 0x40a     x15=fffffffe x15:fffffbe3
27076992ns          471216 1c009068 40a65613 srai             x12, x12, 0x40a     x12=00000003 x12:00000ea0
27077012ns          471217 1c00906a 01d70733 add              x14, x14, x29       x14=0000041d x14:fffffff6 x29:00000427
27077032ns          471218 1c00906c 01c686b3 add              x13, x13, x28       x13=00000061 x13:ffffffe2 x28:0000007f
27077052ns          471219 1c00906e 00c686b3 add              x13, x13, x12       x13=00000064 x13:00000061 x12:00000003
27077072ns          471220 1c009070 00f70733 add              x14, x14, x15       x14=0000041b x14:0000041d x15:fffffffe
27077092ns          471221 1c009072 100747b3 p.exths          x15, x14, x0        x15=0000041b x14:0000041b
27077112ns          471222 1c009076 1006c733 p.exths          x14, x13, x0        x14=00000064 x13:00000064
27077132ns          471223 1c00907a 03170633 mul              x12, x14, x17       x12=00009470 x14:00000064 x17:0000017c
27077152ns          471224 1c00907e 030786b3 mul              x13, x15, x16       x13=fffc0e0e x15:0000041b x16:ffffff0a
27077171ns          471225 1c009082 03070733 mul              x14, x14, x16       x14=ffff9fe8 x14:00000064 x16:ffffff0a
27077191ns          471226 1c009086 031787b3 mul              x15, x15, x17       x15=00061814 x15:0000041b x17:0000017c
27077211ns          471227 1c00908a 40a6d693 srai             x13, x13, 0x40a     x13=ffffff03 x13:fffc0e0e
27077231ns          471228 1c00908c 40a65613 srai             x12, x12, 0x40a     x12=00000025 x12:00009470
27077251ns          471229 1c00908e 40a7d793 srai             x15, x15, 0x40a     x15=00000186 x15:00061814
27077271ns          471230 1c009090 40a75713 srai             x14, x14, 0x40a     x14=ffffffe7 x14:ffff9fe8
27077291ns          471231 1c009092 40c686b3 sub              x13, x13, x12       x13=fffffede x13:ffffff03 x12:00000025
27077311ns          471232 1c009094 00e787b3 add              x15, x15, x14       x15=0000016d x15:00000186 x14:ffffffe7
27077331ns          471233 1c009096 00d51823 sh               x13, 16(x10)        x13:fffffede x10:100037a4  PA:100037b4
27077350ns          471234 1c00909a 00f51923 sh               x15, 18(x10)        x15:0000016d x10:100037a4  PA:100037b6
27077370ns          471235 1c00909e 00008067 jalr             x0, x1, 0            x1:1c0093e8
27077410ns          471237 1c0093e8 2dc15583 lhu              x11, 732(x2)        x11=0000fede  x2:100034d8  PA:100037b4
27077430ns          471238 1c0093ec 2de15783 lhu              x15, 734(x2)        x15=0000016d  x2:100034d8  PA:100037b6
27077450ns          471239 1c0093f0 40b90933 sub              x18, x18, x11       x18=ffff004d x18:ffffff2b x11:0000fede
27077470ns          471240 1c0093f4 40f484b3 sub              x9, x9, x15          x9=00000029  x9:00000196 x15:0000016d
27077490ns          471241 1c0093f6 100945b3 p.exths          x11, x18, x0        x11=0000004d x18:ffff004d
27077510ns          471242 1c0093fa 1004c7b3 p.exths          x15, x9, x0         x15=00000029  x9:00000029
27077529ns          471243 1c0093fe 034586b3 mul              x13, x11, x20       x13=ffffb602 x11:0000004d x20:ffffff0a
27077549ns          471244 1c009402 03378533 mul              x10, x15, x19       x10=00003cdc x15:00000029 x19:0000017c
27077569ns          471245 1c009406 034a0633 mul              x12, x20, x20       x12=0000ec64 x20:ffffff0a x20:ffffff0a
27077589ns          471246 1c00940a 03398733 mul              x14, x19, x19       x14=00023410 x19:0000017c x19:0000017c
27077609ns          471247 1c00940e 034787b3 mul              x15, x15, x20       x15=ffffd89a x15:00000029 x20:ffffff0a
27077629ns          471248 1c009412 033585b3 mul              x11, x11, x19       x11=0000724c x11:0000004d x19:0000017c
27077649ns          471249 1c009416 40a75713 srai             x14, x14, 0x40a     x14=0000008d x14:00023410
27077669ns          471250 1c009418 40a5d593 srai             x11, x11, 0x40a     x11=0000001c x11:0000724c
27077689ns          471251 1c00941a 40a65613 srai             x12, x12, 0x40a     x12=0000003b x12:0000ec64
27077708ns          471252 1c00941c 40a7d793 srai             x15, x15, 0x40a     x15=fffffff6 x15:ffffd89a
27077728ns          471253 1c00941e 1c0034b7 lui              x9, 0x1c003000       x9=1c003000
27077748ns          471254 1c009422 00e60633 add              x12, x12, x14       x12=000000c8 x12:0000003b x14:0000008d
27077768ns          471255 1c009424 40b787b3 sub              x15, x15, x11       x15=ffffffda x15:fffffff6 x11:0000001c
27077788ns          471256 1c009426 eb048493 addi             x9, x9, -336         x9=1c002eb0  x9:1c003000
27077808ns          471257 1c00942a 1c0032b7 lui              x5, 0x1c003000       x5=1c003000
27077828ns          471258 1c00942e 1c0035b7 lui              x11, 0x1c003000     x11=1c003000
27077848ns          471259 1c009432 018483b3 add              x7, x9, x24          x7=1c002ebc  x9:1c002eb0 x24:0000000c
27077868ns          471260 1c009436 02812e83 lw               x29, 40(x2)         x29=1c002ecc  x2:100034d8  PA:10003500
27077887ns          471261 1c009438 10065633 p.exthz          x12, x12, x0        x12=000000c8 x12:000000c8
27077907ns          471262 1c00943c e8028293 addi             x5, x5, -384         x5=1c002e80  x5:1c003000
27077927ns          471263 1c009440 ea058593 addi             x11, x11, -352      x11=1c002ea0 x11:1c003000
27077967ns          471265 1c009444 03812483 lw               x9, 56(x2)           x9=1c002eec  x2:100034d8  PA:10003510
27077987ns          471266 1c009446 10064733 p.exths          x14, x12, x0        x14=000000c8 x12:000000c8
27078007ns          471267 1c00944a 018280b3 add              x1, x5, x24          x1=1c002e8c  x5:1c002e80 x24:0000000c
27078027ns          471268 1c00944e 03012f03 lw               x30, 48(x2)         x30=1c002edc  x2:100034d8  PA:10003508
27078066ns          471270 1c009450 018582b3 add              x5, x11, x24         x5=1c002eac x11:1c002ea0 x24:0000000c
27078106ns          471272 1c009454 04012583 lw               x11, 64(x2)         x11=1c002efc  x2:100034d8  PA:10003518
27078126ns          471273 1c009456 000edd83 lhu              x27, 0(x29)         x27=0000136b x29:1c002ecc  PA:1c002ecc
27078444ns          471289 1c00945a 0004d483 lhu              x9, 0(x9)            x9=00000235  x9:1c002eec  PA:1c002eec
27078762ns          471305 1c00945e 02e70333 mul              x6, x14, x14         x6=00009c40 x14:000000c8 x14:000000c8
27078782ns          471306 1c009462 40a55513 srai             x10, x10, 0x40a     x10=0000000f x10:00003cdc
27078802ns          471307 1c009464 04812e83 lw               x29, 72(x2)         x29=1c002f0c  x2:100034d8  PA:10003520
27078822ns          471308 1c009466 40a6d693 srai             x13, x13, 0x40a     x13=ffffffed x13:ffffb602
27078842ns          471309 1c009468 000f5d03 lhu              x26, 0(x30)         x26=0000059a x30:1c002edc  PA:1c002edc
27079160ns          471325 1c00946c 0005d583 lhu              x11, 0(x11)         x11=0000010c x11:1c002efc  PA:1c002efc
27079459ns          471340 1c009470 40a35313 srai             x6, x6, 0x40a        x6=00000027  x6:00009c40
27079478ns          471341 1c009474 00a686b3 add              x13, x13, x10       x13=fffffffc x13:ffffffed x10:0000000f
27079498ns          471342 1c009476 05012f03 lw               x30, 80(x2)         x30=1c002e7c  x2:100034d8  PA:10003528
27079518ns          471343 1c009478 10034e33 p.exths          x28, x6, x0         x28=00000027  x6:00000027
27079538ns          471344 1c00947c 06911023 sh               x9, 96(x2)           x9:00000235  x2:100034d8  PA:10003538
27079558ns          471345 1c009480 000ede83 lhu              x29, 0(x29)         x29=0000008e x29:1c002f0c  PA:1c002f0c
27079876ns          471361 1c009484 05812483 lw               x9, 88(x2)           x9=1c002e6c  x2:100034d8  PA:10003530
27079896ns          471362 1c009486 1006d6b3 p.exthz          x13, x13, x0        x13=0000fffc x13:fffffffc
27079916ns          471363 1c00948a 02ee08b3 mul              x17, x28, x14       x17=00001e78 x28:00000027 x14:000000c8
27079936ns          471364 1c00948e 1006c833 p.exths          x16, x13, x0        x16=fffffffc x13:0000fffc
27079956ns          471365 1c009492 06b11823 sh               x11, 112(x2)        x11:0000010c  x2:100034d8  PA:10003548
27079976ns          471366 1c009496 000f5f03 lhu              x30, 0(x30)         x30=0000ff1c x30:1c002e7c  PA:1c002e7c
27080274ns          471381 1c00949a 0a012583 lw               x11, 160(x2)        x11=1c002e9c  x2:100034d8  PA:10003578
27080294ns          471382 1c00949c 1007d7b3 p.exthz          x15, x15, x0        x15=0000ffda x15:ffffffda
27080314ns          471383 1c0094a0 0004da03 lhu              x20, 0(x9)          x20=0000fb58  x9:1c002e6c  PA:1c002e6c
27080612ns          471398 1c0094a4 1007c533 p.exths          x10, x15, x0        x10=ffffffda x15:0000ffda
27080632ns          471399 1c0094a8 09d11023 sh               x29, 128(x2)        x29:0000008e  x2:100034d8  PA:10003558
27080652ns          471400 1c0094ac 0003d483 lhu              x9, 0(x7)            x9=0000ffcf  x7:1c002ebc  PA:1c002ebc
27080950ns          471415 1c0094b0 02e80eb3 mul              x29, x16, x14       x29=fffffce0 x16:fffffffc x14:000000c8
27080970ns          471416 1c0094b4 40a8d893 srai             x17, x17, 0x40a     x17=00000007 x17:00001e78
27080990ns          471417 1c0094b8 03c80833 mul              x16, x16, x28       x16=ffffff64 x16:fffffffc x28:00000027
27081010ns          471418 1c0094bc 09e11823 sh               x30, 144(x2)        x30:0000ff1c  x2:100034d8  PA:10003568
27081030ns          471419 1c0094c0 0005d983 lhu              x19, 0(x11)         x19=0000ffa5 x11:1c002e9c  PA:1c002e9c
27081328ns          471434 1c0094c4 81c88f5b p.muls           x30, x17, x28       x30=00000111 x17:00000007 x28:00000027
27081348ns          471435 1c0094c8 0002d583 lhu              x11, 0(x5)          x11=0000ff53  x5:1c002eac  PA:1c002eac
27081646ns          471450 1c0094cc 03ce0fb3 mul              x31, x28, x28       x31=000005f1 x28:00000027 x28:00000027
27081666ns          471451 1c0094d0 02e50733 mul              x14, x10, x14       x14=ffffe250 x10:ffffffda x14:000000c8
27081686ns          471452 1c0094d4 40a85813 srai             x16, x16, 0x40a     x16=ffffffff x16:ffffff64
27081706ns          471453 1c0094d8 03c50533 mul              x10, x10, x28       x10=fffffa36 x10:ffffffda x28:00000027
27081726ns          471454 1c0094dc 07015e03 lhu              x28, 112(x2)        x28=0000010c  x2:100034d8  PA:10003548
27081746ns          471455 1c0094e0 01b60633 add              x12, x12, x27       x12=00001433 x12:000000c8 x27:0000136b
27081766ns          471456 1c0094e2 00980833 add              x16, x16, x9        x16=0000ffce x16:ffffffff  x9:0000ffcf
27081785ns          471457 1c0094e4 06015d83 lhu              x27, 96(x2)         x27=00000235  x2:100034d8  PA:10003538
27081805ns          471458 1c0094e8 02812483 lw               x9, 40(x2)           x9=1c002ecc  x2:100034d8  PA:10003500
27081825ns          471459 1c0094ea 40afdf93 srai             x31, x31, 0x40a     x31=00000001 x31:000005f1
27081845ns          471460 1c0094ee 40a55513 srai             x10, x10, 0x40a     x10=fffffffe x10:fffffa36
27081865ns          471461 1c0094f0 01cf8fb3 add              x31, x31, x28       x31=0000010d x31:00000001 x28:0000010c
27081885ns          471462 1c0094f2 00b50533 add              x10, x10, x11       x10=0000ff51 x10:fffffffe x11:0000ff53
27081905ns          471463 1c0094f4 09015e03 lhu              x28, 144(x2)        x28=0000ff1c  x2:100034d8  PA:10003568
27081925ns          471464 1c0094f8 03012583 lw               x11, 48(x2)         x11=1c002edc  x2:100034d8  PA:10003508
27081945ns          471465 1c0094fa 00c49023 sh               x12, 0(x9)          x12:00001433  x9:1c002ecc  PA:1c002ecc
27082263ns          471481 1c0094fe 01b888b3 add              x17, x17, x27       x17=0000023c x17:00000007 x27:00000235
27082283ns          471482 1c009500 01a30333 add              x6, x6, x26          x6=000005c1  x6:00000027 x26:0000059a
27082303ns          471483 1c009502 08015d83 lhu              x27, 128(x2)        x27=0000008e  x2:100034d8  PA:10003558
27082322ns          471484 1c009506 0000d903 lhu              x18, 0(x1)          x18=0000fe7b  x1:1c002e8c  PA:1c002e8c
27082720ns          471504 1c00950a 01c686b3 add              x13, x13, x28       x13=0001ff18 x13:0000fffc x28:0000ff1c
27082740ns          471505 1c00950c 00659023 sh               x6, 0(x11)           x6:000005c1 x11:1c002edc  PA:1c002edc
27083058ns          471521 1c009510 40af5f13 srai             x30, x30, 0x40a     x30=00000000 x30:00000111
27083078ns          471522 1c009514 04812e03 lw               x28, 72(x2)         x28=1c002f0c  x2:100034d8  PA:10003520
27083098ns          471523 1c009516 01bf0f33 add              x30, x30, x27       x30=0000008e x30:00000000 x27:0000008e
27083118ns          471524 1c009518 40aede93 srai             x29, x29, 0x40a     x29=ffffffff x29:fffffce0
27083138ns          471525 1c00951c 40a75713 srai             x14, x14, 0x40a     x14=fffffff8 x14:ffffe250
27083158ns          471526 1c00951e 03812603 lw               x12, 56(x2)         x12=1c002eec  x2:100034d8  PA:10003510
27083178ns          471527 1c009520 04012d83 lw               x27, 64(x2)         x27=1c002efc  x2:100034d8  PA:10003518
27083197ns          471528 1c009522 01ee1023 sh               x30, 0(x28)         x30:0000008e x28:1c002f0c  PA:1c002f0c
27083536ns          471545 1c009526 05812483 lw               x9, 88(x2)           x9=1c002e6c  x2:100034d8  PA:10003530
27083555ns          471546 1c009528 05012f03 lw               x30, 80(x2)         x30=1c002e7c  x2:100034d8  PA:10003528
27083575ns          471547 1c00952a 0a012583 lw               x11, 160(x2)        x11=1c002e9c  x2:100034d8  PA:10003578
27083595ns          471548 1c00952c 014787b3 add              x15, x15, x20       x15=0001fb32 x15:0000ffda x20:0000fb58
27083615ns          471549 1c00952e 013e8eb3 add              x29, x29, x19       x29=0000ffa4 x29:ffffffff x19:0000ffa5
27083635ns          471550 1c009530 01270733 add              x14, x14, x18       x14=0000fe73 x14:fffffff8 x18:0000fe7b
27083655ns          471551 1c009532 00f49023 sh               x15, 0(x9)          x15:0001fb32  x9:1c002e6c  PA:1c002e6c
27083973ns          471567 1c009536 01161023 sh               x17, 0(x12)         x17:0000023c x12:1c002eec  PA:1c002eec
27084291ns          471583 1c00953a 01fd9023 sh               x31, 0(x27)         x31:0000010d x27:1c002efc  PA:1c002efc
27084610ns          471599 1c00953e 00df1023 sh               x13, 0(x30)         x13:0001ff18 x30:1c002e7c  PA:1c002e7c
27084928ns          471615 1c009542 01d59023 sh               x29, 0(x11)         x29:0000ffa4 x11:1c002e9c  PA:1c002e9c
27085266ns          471632 1c009546 00e09023 sh               x14, 0(x1)          x14:0000fe73  x1:1c002e8c  PA:1c002e8c
27085584ns          471648 1c00954a 01039023 sh               x16, 0(x7)          x16:0000ffce  x7:1c002ebc  PA:1c002ebc
27085902ns          471664 1c00954e 00a29023 sh               x10, 0(x5)          x10:0000ff51  x5:1c002eac  PA:1c002eac
27086240ns          471681 1c009552 008b0b13 addi             x22, x22, 8         x22=000000fe x22:000000f6
27086260ns          471682 1c009554 1f300793 addi             x15, x0, 499        x15=000001f3
27086280ns          471683 1c009558 e767dae3 bge              x15, x22, -396      x15:000001f3 x22:000000fe
27086380ns          471688 1c0093cc 010c9a0b p.lh             x20, 16(x25!)       x20=ffffff5c x25=1c002894 x25:1c002884  PA:1c002884
27086698ns          471704 1c0093d0 0104198b p.lh             x19, 16(x8!)        x19=0000001b  x8=1c00205c  x8:1c00204c  PA:1c00204c
27086996ns          471719 1c0093d4 2cc10513 addi             x10, x2, 716        x10=100037a4  x2:100034d8
27087016ns          471720 1c0093d6 010a990b p.lh             x18, 16(x21!)       x18=ffffff62 x21=1c001888 x21:1c001878  PA:1c001878
27087314ns          471735 1c0093da 010b948b p.lh             x9, 16(x23!)         x9=00000019 x23=1c0010b8 x23:1c0010a8  PA:1c0010a8
27087613ns          471750 1c0093de 2d411623 sh               x20, 716(x2)        x20:ffffff5c  x2:100034d8  PA:100037a4
27087633ns          471751 1c0093e2 2d311723 sh               x19, 718(x2)        x19:0000001b  x2:100034d8  PA:100037a6
27087652ns          471752 1c0093e6 c33ff0ef jal              x1, -974             x1=1c0093e8
27087732ns          471756 1c009018 00051803 lh               x16, 0(x10)         x16=ffffff5c x10:100037a4  PA:100037a4
27087772ns          471758 1c00901c 00251883 lh               x17, 2(x10)         x17=0000001b x10:100037a4  PA:100037a6
27087831ns          471761 1c009020 030806b3 mul              x13, x16, x16       x13=00006910 x16:ffffff5c x16:ffffff5c
27087871ns          471763 1c009024 03188633 mul              x12, x17, x17       x12=000002d9 x17:0000001b x17:0000001b
27087891ns          471764 1c009028 40a65613 srai             x12, x12, 0x40a     x12=00000000 x12:000002d9
27087911ns          471765 1c00902a 40a6d693 srai             x13, x13, 0x40a     x13=0000001a x13:00006910
27087931ns          471766 1c00902c 00c686b3 add              x13, x13, x12       x13=0000001a x13:0000001a x12:00000000
27087951ns          471767 1c00902e 1006c633 p.exths          x12, x13, x0        x12=0000001a x13:0000001a
27087971ns          471768 1c009032 00855703 lhu              x14, 8(x10)         x14=0000ffd1 x10:100037a4  PA:100037ac
27087990ns          471769 1c009036 00a55683 lhu              x13, 10(x10)        x13=0000ff6a x10:100037a4  PA:100037ae
27088010ns          471770 1c00903a 02c60333 mul              x6, x12, x12         x6=000002a4 x12:0000001a x12:0000001a
27088050ns          471772 1c00903e 00c55783 lhu              x15, 12(x10)        x15=0000ffe5 x10:100037a4  PA:100037b0
27088110ns          471775 1c009042 00e55583 lhu              x11, 14(x10)        x11=00000060 x10:100037a4  PA:100037b2
27088130ns          471776 1c009046 dea30333 p.extract        x6, x6, 15, 10       x6=00000000  x6:000002a4
27088150ns          471777 1c00904a 80c7075b p.muls           x14, x14, x12       x14=fffffb3a x14:0000ffd1 x12:0000001a
27088169ns          471778 1c00904e 80c686db p.muls           x13, x13, x12       x13=fffff0c4 x13:0000ff6a x12:0000001a
27088189ns          471779 1c009052 00455e83 lhu              x29, 4(x10)         x29=00000427 x10:100037a4  PA:100037a8
27088209ns          471780 1c009056 00655e03 lhu              x28, 6(x10)         x28=0000007f x10:100037a4  PA:100037aa
27088229ns          471781 1c00905a 40a75713 srai             x14, x14, 0x40a     x14=fffffffe x14:fffffb3a
27088249ns          471782 1c00905c 806787db p.muls           x15, x15, x6        x15=00000000 x15:0000ffe5  x6:00000000
27088269ns          471783 1c009060 40a6d693 srai             x13, x13, 0x40a     x13=fffffffc x13:fffff0c4
27088289ns          471784 1c009062 8065865b p.muls           x12, x11, x6        x12=00000000 x11:00000060  x6:00000000
27088309ns          471785 1c009066 40a7d793 srai             x15, x15, 0x40a     x15=00000000 x15:00000000
27088329ns          471786 1c009068 40a65613 srai             x12, x12, 0x40a     x12=00000000 x12:00000000
27088348ns          471787 1c00906a 01d70733 add              x14, x14, x29       x14=00000425 x14:fffffffe x29:00000427
27088368ns          471788 1c00906c 01c686b3 add              x13, x13, x28       x13=0000007b x13:fffffffc x28:0000007f
27088388ns          471789 1c00906e 00c686b3 add              x13, x13, x12       x13=0000007b x13:0000007b x12:00000000
27088408ns          471790 1c009070 00f70733 add              x14, x14, x15       x14=00000425 x14:00000425 x15:00000000
27088428ns          471791 1c009072 100747b3 p.exths          x15, x14, x0        x15=00000425 x14:00000425
27088448ns          471792 1c009076 1006c733 p.exths          x14, x13, x0        x14=0000007b x13:0000007b
27088468ns          471793 1c00907a 03170633 mul              x12, x14, x17       x12=00000cf9 x14:0000007b x17:0000001b
27088488ns          471794 1c00907e 030786b3 mul              x13, x15, x16       x13=fffd584c x15:00000425 x16:ffffff5c
27088508ns          471795 1c009082 03070733 mul              x14, x14, x16       x14=ffffb134 x14:0000007b x16:ffffff5c
27088527ns          471796 1c009086 031787b3 mul              x15, x15, x17       x15=00006fe7 x15:00000425 x17:0000001b
27088547ns          471797 1c00908a 40a6d693 srai             x13, x13, 0x40a     x13=ffffff56 x13:fffd584c
27088567ns          471798 1c00908c 40a65613 srai             x12, x12, 0x40a     x12=00000003 x12:00000cf9
27088587ns          471799 1c00908e 40a7d793 srai             x15, x15, 0x40a     x15=0000001b x15:00006fe7
27088607ns          471800 1c009090 40a75713 srai             x14, x14, 0x40a     x14=ffffffec x14:ffffb134
27088627ns          471801 1c009092 40c686b3 sub              x13, x13, x12       x13=ffffff53 x13:ffffff56 x12:00000003
27088647ns          471802 1c009094 00e787b3 add              x15, x15, x14       x15=00000007 x15:0000001b x14:ffffffec
27088667ns          471803 1c009096 00d51823 sh               x13, 16(x10)        x13:ffffff53 x10:100037a4  PA:100037b4
27088687ns          471804 1c00909a 00f51923 sh               x15, 18(x10)        x15:00000007 x10:100037a4  PA:100037b6
27088706ns          471805 1c00909e 00008067 jalr             x0, x1, 0            x1:1c0093e8
27088746ns          471807 1c0093e8 2dc15583 lhu              x11, 732(x2)        x11=0000ff53  x2:100034d8  PA:100037b4
27088766ns          471808 1c0093ec 2de15783 lhu              x15, 734(x2)        x15=00000007  x2:100034d8  PA:100037b6
27088786ns          471809 1c0093f0 40b90933 sub              x18, x18, x11       x18=ffff000f x18:ffffff62 x11:0000ff53
27088806ns          471810 1c0093f4 40f484b3 sub              x9, x9, x15          x9=00000012  x9:00000019 x15:00000007
27088826ns          471811 1c0093f6 100945b3 p.exths          x11, x18, x0        x11=0000000f x18:ffff000f
27088846ns          471812 1c0093fa 1004c7b3 p.exths          x15, x9, x0         x15=00000012  x9:00000012
27088866ns          471813 1c0093fe 034586b3 mul              x13, x11, x20       x13=fffff664 x11:0000000f x20:ffffff5c
27088885ns          471814 1c009402 03378533 mul              x10, x15, x19       x10=000001e6 x15:00000012 x19:0000001b
27088905ns          471815 1c009406 034a0633 mul              x12, x20, x20       x12=00006910 x20:ffffff5c x20:ffffff5c
27088925ns          471816 1c00940a 03398733 mul              x14, x19, x19       x14=000002d9 x19:0000001b x19:0000001b
27088945ns          471817 1c00940e 034787b3 mul              x15, x15, x20       x15=fffff478 x15:00000012 x20:ffffff5c
27088965ns          471818 1c009412 033585b3 mul              x11, x11, x19       x11=00000195 x11:0000000f x19:0000001b
27088985ns          471819 1c009416 40a75713 srai             x14, x14, 0x40a     x14=00000000 x14:000002d9
27089005ns          471820 1c009418 40a5d593 srai             x11, x11, 0x40a     x11=00000000 x11:00000195
27089025ns          471821 1c00941a 40a65613 srai             x12, x12, 0x40a     x12=0000001a x12:00006910
27089045ns          471822 1c00941c 40a7d793 srai             x15, x15, 0x40a     x15=fffffffd x15:fffff478
27089064ns          471823 1c00941e 1c0034b7 lui              x9, 0x1c003000       x9=1c003000
27089084ns          471824 1c009422 00e60633 add              x12, x12, x14       x12=0000001a x12:0000001a x14:00000000
27089104ns          471825 1c009424 40b787b3 sub              x15, x15, x11       x15=fffffffd x15:fffffffd x11:00000000
27089124ns          471826 1c009426 eb048493 addi             x9, x9, -336         x9=1c002eb0  x9:1c003000
27089144ns          471827 1c00942a 1c0032b7 lui              x5, 0x1c003000       x5=1c003000
27089164ns          471828 1c00942e 1c0035b7 lui              x11, 0x1c003000     x11=1c003000
27089184ns          471829 1c009432 018483b3 add              x7, x9, x24          x7=1c002ebc  x9:1c002eb0 x24:0000000c
27089204ns          471830 1c009436 02812e83 lw               x29, 40(x2)         x29=1c002ecc  x2:100034d8  PA:10003500
27089224ns          471831 1c009438 10065633 p.exthz          x12, x12, x0        x12=0000001a x12:0000001a
27089243ns          471832 1c00943c e8028293 addi             x5, x5, -384         x5=1c002e80  x5:1c003000
27089263ns          471833 1c009440 ea058593 addi             x11, x11, -352      x11=1c002ea0 x11:1c003000
27089303ns          471835 1c009444 03812483 lw               x9, 56(x2)           x9=1c002eec  x2:100034d8  PA:10003510
27089323ns          471836 1c009446 10064733 p.exths          x14, x12, x0        x14=0000001a x12:0000001a
27089343ns          471837 1c00944a 018280b3 add              x1, x5, x24          x1=1c002e8c  x5:1c002e80 x24:0000000c
27089363ns          471838 1c00944e 03012f03 lw               x30, 48(x2)         x30=1c002edc  x2:100034d8  PA:10003508
27089403ns          471840 1c009450 018582b3 add              x5, x11, x24         x5=1c002eac x11:1c002ea0 x24:0000000c
27089442ns          471842 1c009454 04012583 lw               x11, 64(x2)         x11=1c002efc  x2:100034d8  PA:10003518
27089462ns          471843 1c009456 000edd83 lhu              x27, 0(x29)         x27=00001433 x29:1c002ecc  PA:1c002ecc
27089780ns          471859 1c00945a 0004d483 lhu              x9, 0(x9)            x9=0000023c  x9:1c002eec  PA:1c002eec
27090079ns          471874 1c00945e 02e70333 mul              x6, x14, x14         x6=000002a4 x14:0000001a x14:0000001a
27090099ns          471875 1c009462 40a55513 srai             x10, x10, 0x40a     x10=00000000 x10:000001e6
27090119ns          471876 1c009464 04812e83 lw               x29, 72(x2)         x29=1c002f0c  x2:100034d8  PA:10003520
27090138ns          471877 1c009466 40a6d693 srai             x13, x13, 0x40a     x13=fffffffd x13:fffff664
27090158ns          471878 1c009468 000f5d03 lhu              x26, 0(x30)         x26=000005c1 x30:1c002edc  PA:1c002edc
27090476ns          471894 1c00946c 0005d583 lhu              x11, 0(x11)         x11=0000010d x11:1c002efc  PA:1c002efc
27090914ns          471916 1c009470 40a35313 srai             x6, x6, 0x40a        x6=00000000  x6:000002a4
27090934ns          471917 1c009474 00a686b3 add              x13, x13, x10       x13=fffffffd x13:fffffffd x10:00000000
27090954ns          471918 1c009476 05012f03 lw               x30, 80(x2)         x30=1c002e7c  x2:100034d8  PA:10003528
27090974ns          471919 1c009478 10034e33 p.exths          x28, x6, x0         x28=00000000  x6:00000000
27090994ns          471920 1c00947c 06911023 sh               x9, 96(x2)           x9:0000023c  x2:100034d8  PA:10003538
27091013ns          471921 1c009480 000ede83 lhu              x29, 0(x29)         x29=0000008e x29:1c002f0c  PA:1c002f0c
27091332ns          471937 1c009484 05812483 lw               x9, 88(x2)           x9=1c002e6c  x2:100034d8  PA:10003530
27091352ns          471938 1c009486 1006d6b3 p.exthz          x13, x13, x0        x13=0000fffd x13:fffffffd
27091371ns          471939 1c00948a 02ee08b3 mul              x17, x28, x14       x17=00000000 x28:00000000 x14:0000001a
27091391ns          471940 1c00948e 1006c833 p.exths          x16, x13, x0        x16=fffffffd x13:0000fffd
27091411ns          471941 1c009492 06b11823 sh               x11, 112(x2)        x11:0000010d  x2:100034d8  PA:10003548
27091431ns          471942 1c009496 000f5f03 lhu              x30, 0(x30)         x30=0000ff18 x30:1c002e7c  PA:1c002e7c
27091829ns          471962 1c00949a 0a012583 lw               x11, 160(x2)        x11=1c002e9c  x2:100034d8  PA:10003578
27091849ns          471963 1c00949c 1007d7b3 p.exthz          x15, x15, x0        x15=0000fffd x15:fffffffd
27091869ns          471964 1c0094a0 0004da03 lhu              x20, 0(x9)          x20=0000fb32  x9:1c002e6c  PA:1c002e6c
27092187ns          471980 1c0094a4 1007c533 p.exths          x10, x15, x0        x10=fffffffd x15:0000fffd
27092207ns          471981 1c0094a8 09d11023 sh               x29, 128(x2)        x29:0000008e  x2:100034d8  PA:10003558
27092227ns          471982 1c0094ac 0003d483 lhu              x9, 0(x7)            x9=0000ffce  x7:1c002ebc  PA:1c002ebc
27092545ns          471998 1c0094b0 02e80eb3 mul              x29, x16, x14       x29=ffffffb2 x16:fffffffd x14:0000001a
27092565ns          471999 1c0094b4 40a8d893 srai             x17, x17, 0x40a     x17=00000000 x17:00000000
27092585ns          472000 1c0094b8 03c80833 mul              x16, x16, x28       x16=00000000 x16:fffffffd x28:00000000
27092605ns          472001 1c0094bc 09e11823 sh               x30, 144(x2)        x30:0000ff18  x2:100034d8  PA:10003568
27092624ns          472002 1c0094c0 0005d983 lhu              x19, 0(x11)         x19=0000ffa4 x11:1c002e9c  PA:1c002e9c
27092962ns          472019 1c0094c4 81c88f5b p.muls           x30, x17, x28       x30=00000000 x17:00000000 x28:00000000
27092982ns          472020 1c0094c8 0002d583 lhu              x11, 0(x5)          x11=0000ff51  x5:1c002eac  PA:1c002eac
27093301ns          472036 1c0094cc 03ce0fb3 mul              x31, x28, x28       x31=00000000 x28:00000000 x28:00000000
27093320ns          472037 1c0094d0 02e50733 mul              x14, x10, x14       x14=ffffffb2 x10:fffffffd x14:0000001a
27093340ns          472038 1c0094d4 40a85813 srai             x16, x16, 0x40a     x16=00000000 x16:00000000
27093360ns          472039 1c0094d8 03c50533 mul              x10, x10, x28       x10=00000000 x10:fffffffd x28:00000000
27093380ns          472040 1c0094dc 07015e03 lhu              x28, 112(x2)        x28=0000010d  x2:100034d8  PA:10003548
27093420ns          472042 1c0094e0 01b60633 add              x12, x12, x27       x12=0000144d x12:0000001a x27:00001433
27093440ns          472043 1c0094e2 00980833 add              x16, x16, x9        x16=0000ffce x16:00000000  x9:0000ffce
27093460ns          472044 1c0094e4 06015d83 lhu              x27, 96(x2)         x27=0000023c  x2:100034d8  PA:10003538
27093480ns          472045 1c0094e8 02812483 lw               x9, 40(x2)           x9=1c002ecc  x2:100034d8  PA:10003500
27093499ns          472046 1c0094ea 40afdf93 srai             x31, x31, 0x40a     x31=00000000 x31:00000000
27093519ns          472047 1c0094ee 40a55513 srai             x10, x10, 0x40a     x10=00000000 x10:00000000
27093539ns          472048 1c0094f0 01cf8fb3 add              x31, x31, x28       x31=0000010d x31:00000000 x28:0000010d
27093559ns          472049 1c0094f2 00b50533 add              x10, x10, x11       x10=0000ff51 x10:00000000 x11:0000ff51
27093579ns          472050 1c0094f4 09015e03 lhu              x28, 144(x2)        x28=0000ff18  x2:100034d8  PA:10003568
27093599ns          472051 1c0094f8 03012583 lw               x11, 48(x2)         x11=1c002edc  x2:100034d8  PA:10003508
27093619ns          472052 1c0094fa 00c49023 sh               x12, 0(x9)          x12:0000144d  x9:1c002ecc  PA:1c002ecc
27093937ns          472068 1c0094fe 01b888b3 add              x17, x17, x27       x17=0000023c x17:00000000 x27:0000023c
27093957ns          472069 1c009500 01a30333 add              x6, x6, x26          x6=000005c1  x6:00000000 x26:000005c1
27093977ns          472070 1c009502 08015d83 lhu              x27, 128(x2)        x27=0000008e  x2:100034d8  PA:10003558
27093997ns          472071 1c009506 0000d903 lhu              x18, 0(x1)          x18=0000fe73  x1:1c002e8c  PA:1c002e8c
27094295ns          472086 1c00950a 01c686b3 add              x13, x13, x28       x13=0001ff15 x13:0000fffd x28:0000ff18
27094315ns          472087 1c00950c 00659023 sh               x6, 0(x11)           x6:000005c1 x11:1c002edc  PA:1c002edc
27094633ns          472103 1c009510 40af5f13 srai             x30, x30, 0x40a     x30=00000000 x30:00000000
27094653ns          472104 1c009514 04812e03 lw               x28, 72(x2)         x28=1c002f0c  x2:100034d8  PA:10003520
27094673ns          472105 1c009516 01bf0f33 add              x30, x30, x27       x30=0000008e x30:00000000 x27:0000008e
27094693ns          472106 1c009518 40aede93 srai             x29, x29, 0x40a     x29=ffffffff x29:ffffffb2
27094713ns          472107 1c00951c 40a75713 srai             x14, x14, 0x40a     x14=ffffffff x14:ffffffb2
27094733ns          472108 1c00951e 03812603 lw               x12, 56(x2)         x12=1c002eec  x2:100034d8  PA:10003510
27094752ns          472109 1c009520 04012d83 lw               x27, 64(x2)         x27=1c002efc  x2:100034d8  PA:10003518
27094772ns          472110 1c009522 01ee1023 sh               x30, 0(x28)         x30:0000008e x28:1c002f0c  PA:1c002f0c
27095170ns          472130 1c009526 05812483 lw               x9, 88(x2)           x9=1c002e6c  x2:100034d8  PA:10003530
27095190ns          472131 1c009528 05012f03 lw               x30, 80(x2)         x30=1c002e7c  x2:100034d8  PA:10003528
27095210ns          472132 1c00952a 0a012583 lw               x11, 160(x2)        x11=1c002e9c  x2:100034d8  PA:10003578
27095230ns          472133 1c00952c 014787b3 add              x15, x15, x20       x15=0001fb2f x15:0000fffd x20:0000fb32
27095250ns          472134 1c00952e 013e8eb3 add              x29, x29, x19       x29=0000ffa3 x29:ffffffff x19:0000ffa4
27095270ns          472135 1c009530 01270733 add              x14, x14, x18       x14=0000fe72 x14:ffffffff x18:0000fe73
27095289ns          472136 1c009532 00f49023 sh               x15, 0(x9)          x15:0001fb2f  x9:1c002e6c  PA:1c002e6c
27095608ns          472152 1c009536 01161023 sh               x17, 0(x12)         x17:0000023c x12:1c002eec  PA:1c002eec
27095926ns          472168 1c00953a 01fd9023 sh               x31, 0(x27)         x31:0000010d x27:1c002efc  PA:1c002efc
27096244ns          472184 1c00953e 00df1023 sh               x13, 0(x30)         x13:0001ff15 x30:1c002e7c  PA:1c002e7c
27096562ns          472200 1c009542 01d59023 sh               x29, 0(x11)         x29:0000ffa3 x11:1c002e9c  PA:1c002e9c
27096880ns          472216 1c009546 00e09023 sh               x14, 0(x1)          x14:0000fe72  x1:1c002e8c  PA:1c002e8c
27097199ns          472232 1c00954a 01039023 sh               x16, 0(x7)          x16:0000ffce  x7:1c002ebc  PA:1c002ebc
27097517ns          472248 1c00954e 00a29023 sh               x10, 0(x5)          x10:0000ff51  x5:1c002eac  PA:1c002eac
27097835ns          472264 1c009552 008b0b13 addi             x22, x22, 8         x22=00000106 x22:000000fe
27097855ns          472265 1c009554 1f300793 addi             x15, x0, 499        x15=000001f3
27097875ns          472266 1c009558 e767dae3 bge              x15, x22, -396      x15:000001f3 x22:00000106
27097934ns          472269 1c0093cc 010c9a0b p.lh             x20, 16(x25!)       x20=00000074 x25=1c0028a4 x25:1c002894  PA:1c002894
27098233ns          472284 1c0093d0 0104198b p.lh             x19, 16(x8!)        x19=0000005b  x8=1c00206c  x8:1c00205c  PA:1c00205c
27098551ns          472300 1c0093d4 2cc10513 addi             x10, x2, 716        x10=100037a4  x2:100034d8
27098571ns          472301 1c0093d6 010a990b p.lh             x18, 16(x21!)       x18=00000087 x21=1c001898 x21:1c001888  PA:1c001888
27098869ns          472316 1c0093da 010b948b p.lh             x9, 16(x23!)         x9=00000069 x23=1c0010c8 x23:1c0010b8  PA:1c0010b8
27099168ns          472331 1c0093de 2d411623 sh               x20, 716(x2)        x20:00000074  x2:100034d8  PA:100037a4
27099187ns          472332 1c0093e2 2d311723 sh               x19, 718(x2)        x19:0000005b  x2:100034d8  PA:100037a6
27099207ns          472333 1c0093e6 c33ff0ef jal              x1, -974             x1=1c0093e8
27099247ns          472335 1c009018 00051803 lh               x16, 0(x10)         x16=00000074 x10:100037a4  PA:100037a4
27099267ns          472336 1c00901c 00251883 lh               x17, 2(x10)         x17=0000005b x10:100037a4  PA:100037a6
27099287ns          472337 1c009020 030806b3 mul              x13, x16, x16       x13=00003490 x16:00000074 x16:00000074
27099307ns          472338 1c009024 03188633 mul              x12, x17, x17       x12=00002059 x17:0000005b x17:0000005b
27099327ns          472339 1c009028 40a65613 srai             x12, x12, 0x40a     x12=00000008 x12:00002059
27099347ns          472340 1c00902a 40a6d693 srai             x13, x13, 0x40a     x13=0000000d x13:00003490
27099366ns          472341 1c00902c 00c686b3 add              x13, x13, x12       x13=00000015 x13:0000000d x12:00000008
27099386ns          472342 1c00902e 1006c633 p.exths          x12, x13, x0        x12=00000015 x13:00000015
27099406ns          472343 1c009032 00855703 lhu              x14, 8(x10)         x14=0000ffd1 x10:100037a4  PA:100037ac
27099426ns          472344 1c009036 00a55683 lhu              x13, 10(x10)        x13=0000ff6a x10:100037a4  PA:100037ae
27099446ns          472345 1c00903a 02c60333 mul              x6, x12, x12         x6=000001b9 x12:00000015 x12:00000015
27099486ns          472347 1c00903e 00c55783 lhu              x15, 12(x10)        x15=0000ffe5 x10:100037a4  PA:100037b0
27099545ns          472350 1c009042 00e55583 lhu              x11, 14(x10)        x11=00000060 x10:100037a4  PA:100037b2
27099565ns          472351 1c009046 dea30333 p.extract        x6, x6, 15, 10       x6=00000000  x6:000001b9
27099585ns          472352 1c00904a 80c7075b p.muls           x14, x14, x12       x14=fffffc25 x14:0000ffd1 x12:00000015
27099625ns          472354 1c00904e 80c686db p.muls           x13, x13, x12       x13=fffff3b2 x13:0000ff6a x12:00000015
27099665ns          472356 1c009052 00455e83 lhu              x29, 4(x10)         x29=00000427 x10:100037a4  PA:100037a8
27099685ns          472357 1c009056 00655e03 lhu              x28, 6(x10)         x28=0000007f x10:100037a4  PA:100037aa
27099705ns          472358 1c00905a 40a75713 srai             x14, x14, 0x40a     x14=ffffffff x14:fffffc25
27099724ns          472359 1c00905c 806787db p.muls           x15, x15, x6        x15=00000000 x15:0000ffe5  x6:00000000
27099764ns          472361 1c009060 40a6d693 srai             x13, x13, 0x40a     x13=fffffffc x13:fffff3b2
27099804ns          472363 1c009062 8065865b p.muls           x12, x11, x6        x12=00000000 x11:00000060  x6:00000000
27099824ns          472364 1c009066 40a7d793 srai             x15, x15, 0x40a     x15=00000000 x15:00000000
27099844ns          472365 1c009068 40a65613 srai             x12, x12, 0x40a     x12=00000000 x12:00000000
27099864ns          472366 1c00906a 01d70733 add              x14, x14, x29       x14=00000426 x14:ffffffff x29:00000427
27099884ns          472367 1c00906c 01c686b3 add              x13, x13, x28       x13=0000007b x13:fffffffc x28:0000007f
27099903ns          472368 1c00906e 00c686b3 add              x13, x13, x12       x13=0000007b x13:0000007b x12:00000000
27099923ns          472369 1c009070 00f70733 add              x14, x14, x15       x14=00000426 x14:00000426 x15:00000000
27099943ns          472370 1c009072 100747b3 p.exths          x15, x14, x0        x15=00000426 x14:00000426
27099963ns          472371 1c009076 1006c733 p.exths          x14, x13, x0        x14=0000007b x13:0000007b
27099983ns          472372 1c00907a 03170633 mul              x12, x14, x17       x12=00002bb9 x14:0000007b x17:0000005b
27100003ns          472373 1c00907e 030786b3 mul              x13, x15, x16       x13=0001e138 x15:00000426 x16:00000074
27100023ns          472374 1c009082 03070733 mul              x14, x14, x16       x14=000037bc x14:0000007b x16:00000074
27100043ns          472375 1c009086 031787b3 mul              x15, x15, x17       x15=00017982 x15:00000426 x17:0000005b
27100063ns          472376 1c00908a 40a6d693 srai             x13, x13, 0x40a     x13=00000078 x13:0001e138
27100082ns          472377 1c00908c 40a65613 srai             x12, x12, 0x40a     x12=0000000a x12:00002bb9
27100102ns          472378 1c00908e 40a7d793 srai             x15, x15, 0x40a     x15=0000005e x15:00017982
27100122ns          472379 1c009090 40a75713 srai             x14, x14, 0x40a     x14=0000000d x14:000037bc
27100142ns          472380 1c009092 40c686b3 sub              x13, x13, x12       x13=0000006e x13:00000078 x12:0000000a
27100162ns          472381 1c009094 00e787b3 add              x15, x15, x14       x15=0000006b x15:0000005e x14:0000000d
27100182ns          472382 1c009096 00d51823 sh               x13, 16(x10)        x13:0000006e x10:100037a4  PA:100037b4
27100202ns          472383 1c00909a 00f51923 sh               x15, 18(x10)        x15:0000006b x10:100037a4  PA:100037b6
27100222ns          472384 1c00909e 00008067 jalr             x0, x1, 0            x1:1c0093e8
27100301ns          472388 1c0093e8 2dc15583 lhu              x11, 732(x2)        x11=0000006e  x2:100034d8  PA:100037b4
27100321ns          472389 1c0093ec 2de15783 lhu              x15, 734(x2)        x15=0000006b  x2:100034d8  PA:100037b6
27100341ns          472390 1c0093f0 40b90933 sub              x18, x18, x11       x18=00000019 x18:00000087 x11:0000006e
27100361ns          472391 1c0093f4 40f484b3 sub              x9, x9, x15          x9=fffffffe  x9:00000069 x15:0000006b
27100381ns          472392 1c0093f6 100945b3 p.exths          x11, x18, x0        x11=00000019 x18:00000019
27100401ns          472393 1c0093fa 1004c7b3 p.exths          x15, x9, x0         x15=fffffffe  x9:fffffffe
27100420ns          472394 1c0093fe 034586b3 mul              x13, x11, x20       x13=00000b54 x11:00000019 x20:00000074
27100440ns          472395 1c009402 03378533 mul              x10, x15, x19       x10=ffffff4a x15:fffffffe x19:0000005b
27100460ns          472396 1c009406 034a0633 mul              x12, x20, x20       x12=00003490 x20:00000074 x20:00000074
27100480ns          472397 1c00940a 03398733 mul              x14, x19, x19       x14=00002059 x19:0000005b x19:0000005b
27100540ns          472400 1c00940e 034787b3 mul              x15, x15, x20       x15=ffffff18 x15:fffffffe x20:00000074
27100580ns          472402 1c009412 033585b3 mul              x11, x11, x19       x11=000008e3 x11:00000019 x19:0000005b
27100599ns          472403 1c009416 40a75713 srai             x14, x14, 0x40a     x14=00000008 x14:00002059
27100619ns          472404 1c009418 40a5d593 srai             x11, x11, 0x40a     x11=00000002 x11:000008e3
27100639ns          472405 1c00941a 40a65613 srai             x12, x12, 0x40a     x12=0000000d x12:00003490
27100659ns          472406 1c00941c 40a7d793 srai             x15, x15, 0x40a     x15=ffffffff x15:ffffff18
27100679ns          472407 1c00941e 1c0034b7 lui              x9, 0x1c003000       x9=1c003000
27100699ns          472408 1c009422 00e60633 add              x12, x12, x14       x12=00000015 x12:0000000d x14:00000008
27100719ns          472409 1c009424 40b787b3 sub              x15, x15, x11       x15=fffffffd x15:ffffffff x11:00000002
27100739ns          472410 1c009426 eb048493 addi             x9, x9, -336         x9=1c002eb0  x9:1c003000
27100759ns          472411 1c00942a 1c0032b7 lui              x5, 0x1c003000       x5=1c003000
27100778ns          472412 1c00942e 1c0035b7 lui              x11, 0x1c003000     x11=1c003000
27100798ns          472413 1c009432 018483b3 add              x7, x9, x24          x7=1c002ebc  x9:1c002eb0 x24:0000000c
27100818ns          472414 1c009436 02812e83 lw               x29, 40(x2)         x29=1c002ecc  x2:100034d8  PA:10003500
27100838ns          472415 1c009438 10065633 p.exthz          x12, x12, x0        x12=00000015 x12:00000015
27100858ns          472416 1c00943c e8028293 addi             x5, x5, -384         x5=1c002e80  x5:1c003000
27100878ns          472417 1c009440 ea058593 addi             x11, x11, -352      x11=1c002ea0 x11:1c003000
27100898ns          472418 1c009444 03812483 lw               x9, 56(x2)           x9=1c002eec  x2:100034d8  PA:10003510
27100918ns          472419 1c009446 10064733 p.exths          x14, x12, x0        x14=00000015 x12:00000015
27100938ns          472420 1c00944a 018280b3 add              x1, x5, x24          x1=1c002e8c  x5:1c002e80 x24:0000000c
27100957ns          472421 1c00944e 03012f03 lw               x30, 48(x2)         x30=1c002edc  x2:100034d8  PA:10003508
27100977ns          472422 1c009450 018582b3 add              x5, x11, x24         x5=1c002eac x11:1c002ea0 x24:0000000c
27100997ns          472423 1c009454 04012583 lw               x11, 64(x2)         x11=1c002efc  x2:100034d8  PA:10003518
27101017ns          472424 1c009456 000edd83 lhu              x27, 0(x29)         x27=0000144d x29:1c002ecc  PA:1c002ecc
27101395ns          472443 1c00945a 0004d483 lhu              x9, 0(x9)            x9=0000023c  x9:1c002eec  PA:1c002eec
27101733ns          472460 1c00945e 02e70333 mul              x6, x14, x14         x6=000001b9 x14:00000015 x14:00000015
27101753ns          472461 1c009462 40a55513 srai             x10, x10, 0x40a     x10=ffffffff x10:ffffff4a
27101773ns          472462 1c009464 04812e83 lw               x29, 72(x2)         x29=1c002f0c  x2:100034d8  PA:10003520
27101793ns          472463 1c009466 40a6d693 srai             x13, x13, 0x40a     x13=00000002 x13:00000b54
27101813ns          472464 1c009468 000f5d03 lhu              x26, 0(x30)         x26=000005c1 x30:1c002edc  PA:1c002edc
27102151ns          472481 1c00946c 0005d583 lhu              x11, 0(x11)         x11=0000010d x11:1c002efc  PA:1c002efc
27102608ns          472504 1c009470 40a35313 srai             x6, x6, 0x40a        x6=00000000  x6:000001b9
27102628ns          472505 1c009474 00a686b3 add              x13, x13, x10       x13=00000001 x13:00000002 x10:ffffffff
27102648ns          472506 1c009476 05012f03 lw               x30, 80(x2)         x30=1c002e7c  x2:100034d8  PA:10003528
27102668ns          472507 1c009478 10034e33 p.exths          x28, x6, x0         x28=00000000  x6:00000000
27102688ns          472508 1c00947c 06911023 sh               x9, 96(x2)           x9:0000023c  x2:100034d8  PA:10003538
27102708ns          472509 1c009480 000ede83 lhu              x29, 0(x29)         x29=0000008e x29:1c002f0c  PA:1c002f0c
27103006ns          472524 1c009484 05812483 lw               x9, 88(x2)           x9=1c002e6c  x2:100034d8  PA:10003530
27103026ns          472525 1c009486 1006d6b3 p.exthz          x13, x13, x0        x13=00000001 x13:00000001
27103046ns          472526 1c00948a 02ee08b3 mul              x17, x28, x14       x17=00000000 x28:00000000 x14:00000015
27103066ns          472527 1c00948e 1006c833 p.exths          x16, x13, x0        x16=00000001 x13:00000001
27103085ns          472528 1c009492 06b11823 sh               x11, 112(x2)        x11:0000010d  x2:100034d8  PA:10003548
27103105ns          472529 1c009496 000f5f03 lhu              x30, 0(x30)         x30=0000ff15 x30:1c002e7c  PA:1c002e7c
27103424ns          472545 1c00949a 0a012583 lw               x11, 160(x2)        x11=1c002e9c  x2:100034d8  PA:10003578
27103443ns          472546 1c00949c 1007d7b3 p.exthz          x15, x15, x0        x15=0000fffd x15:fffffffd
27103463ns          472547 1c0094a0 0004da03 lhu              x20, 0(x9)          x20=0000fb2f  x9:1c002e6c  PA:1c002e6c
27103762ns          472562 1c0094a4 1007c533 p.exths          x10, x15, x0        x10=fffffffd x15:0000fffd
27103782ns          472563 1c0094a8 09d11023 sh               x29, 128(x2)        x29:0000008e  x2:100034d8  PA:10003558
27103801ns          472564 1c0094ac 0003d483 lhu              x9, 0(x7)            x9=0000ffce  x7:1c002ebc  PA:1c002ebc
27104100ns          472579 1c0094b0 02e80eb3 mul              x29, x16, x14       x29=00000015 x16:00000001 x14:00000015
27104120ns          472580 1c0094b4 40a8d893 srai             x17, x17, 0x40a     x17=00000000 x17:00000000
27104140ns          472581 1c0094b8 03c80833 mul              x16, x16, x28       x16=00000000 x16:00000001 x28:00000000
27104159ns          472582 1c0094bc 09e11823 sh               x30, 144(x2)        x30:0000ff15  x2:100034d8  PA:10003568
27104179ns          472583 1c0094c0 0005d983 lhu              x19, 0(x11)         x19=0000ffa3 x11:1c002e9c  PA:1c002e9c
27104478ns          472598 1c0094c4 81c88f5b p.muls           x30, x17, x28       x30=00000000 x17:00000000 x28:00000000
27104498ns          472599 1c0094c8 0002d583 lhu              x11, 0(x5)          x11=0000ff51  x5:1c002eac  PA:1c002eac
27104796ns          472614 1c0094cc 03ce0fb3 mul              x31, x28, x28       x31=00000000 x28:00000000 x28:00000000
27104816ns          472615 1c0094d0 02e50733 mul              x14, x10, x14       x14=ffffffc1 x10:fffffffd x14:00000015
27104836ns          472616 1c0094d4 40a85813 srai             x16, x16, 0x40a     x16=00000000 x16:00000000
27104856ns          472617 1c0094d8 03c50533 mul              x10, x10, x28       x10=00000000 x10:fffffffd x28:00000000
27104875ns          472618 1c0094dc 07015e03 lhu              x28, 112(x2)        x28=0000010d  x2:100034d8  PA:10003548
27104915ns          472620 1c0094e0 01b60633 add              x12, x12, x27       x12=00001462 x12:00000015 x27:0000144d
27104935ns          472621 1c0094e2 00980833 add              x16, x16, x9        x16=0000ffce x16:00000000  x9:0000ffce
27104955ns          472622 1c0094e4 06015d83 lhu              x27, 96(x2)         x27=0000023c  x2:100034d8  PA:10003538
27104975ns          472623 1c0094e8 02812483 lw               x9, 40(x2)           x9=1c002ecc  x2:100034d8  PA:10003500
27104995ns          472624 1c0094ea 40afdf93 srai             x31, x31, 0x40a     x31=00000000 x31:00000000
27105015ns          472625 1c0094ee 40a55513 srai             x10, x10, 0x40a     x10=00000000 x10:00000000
27105035ns          472626 1c0094f0 01cf8fb3 add              x31, x31, x28       x31=0000010d x31:00000000 x28:0000010d
27105054ns          472627 1c0094f2 00b50533 add              x10, x10, x11       x10=0000ff51 x10:00000000 x11:0000ff51
27105074ns          472628 1c0094f4 09015e03 lhu              x28, 144(x2)        x28=0000ff15  x2:100034d8  PA:10003568
27105094ns          472629 1c0094f8 03012583 lw               x11, 48(x2)         x11=1c002edc  x2:100034d8  PA:10003508
27105114ns          472630 1c0094fa 00c49023 sh               x12, 0(x9)          x12:00001462  x9:1c002ecc  PA:1c002ecc
27105432ns          472646 1c0094fe 01b888b3 add              x17, x17, x27       x17=0000023c x17:00000000 x27:0000023c
27105452ns          472647 1c009500 01a30333 add              x6, x6, x26          x6=000005c1  x6:00000000 x26:000005c1
27105472ns          472648 1c009502 08015d83 lhu              x27, 128(x2)        x27=0000008e  x2:100034d8  PA:10003558
27105492ns          472649 1c009506 0000d903 lhu              x18, 0(x1)          x18=0000fe72  x1:1c002e8c  PA:1c002e8c
27105850ns          472667 1c00950a 01c686b3 add              x13, x13, x28       x13=0000ff16 x13:00000001 x28:0000ff15
27105870ns          472668 1c00950c 00659023 sh               x6, 0(x11)           x6:000005c1 x11:1c002edc  PA:1c002edc
27106188ns          472684 1c009510 40af5f13 srai             x30, x30, 0x40a     x30=00000000 x30:00000000
27106208ns          472685 1c009514 04812e03 lw               x28, 72(x2)         x28=1c002f0c  x2:100034d8  PA:10003520
27106228ns          472686 1c009516 01bf0f33 add              x30, x30, x27       x30=0000008e x30:00000000 x27:0000008e
27106248ns          472687 1c009518 40aede93 srai             x29, x29, 0x40a     x29=00000000 x29:00000015
27106268ns          472688 1c00951c 40a75713 srai             x14, x14, 0x40a     x14=ffffffff x14:ffffffc1
27106287ns          472689 1c00951e 03812603 lw               x12, 56(x2)         x12=1c002eec  x2:100034d8  PA:10003510
27106307ns          472690 1c009520 04012d83 lw               x27, 64(x2)         x27=1c002efc  x2:100034d8  PA:10003518
27106327ns          472691 1c009522 01ee1023 sh               x30, 0(x28)         x30:0000008e x28:1c002f0c  PA:1c002f0c
27106665ns          472708 1c009526 05812483 lw               x9, 88(x2)           x9=1c002e6c  x2:100034d8  PA:10003530
27106685ns          472709 1c009528 05012f03 lw               x30, 80(x2)         x30=1c002e7c  x2:100034d8  PA:10003528
27106705ns          472710 1c00952a 0a012583 lw               x11, 160(x2)        x11=1c002e9c  x2:100034d8  PA:10003578
27106725ns          472711 1c00952c 014787b3 add              x15, x15, x20       x15=0001fb2c x15:0000fffd x20:0000fb2f
27106745ns          472712 1c00952e 013e8eb3 add              x29, x29, x19       x29=0000ffa3 x29:00000000 x19:0000ffa3
27106765ns          472713 1c009530 01270733 add              x14, x14, x18       x14=0000fe71 x14:ffffffff x18:0000fe72
27106785ns          472714 1c009532 00f49023 sh               x15, 0(x9)          x15:0001fb2c  x9:1c002e6c  PA:1c002e6c
27107103ns          472730 1c009536 01161023 sh               x17, 0(x12)         x17:0000023c x12:1c002eec  PA:1c002eec
27107421ns          472746 1c00953a 01fd9023 sh               x31, 0(x27)         x31:0000010d x27:1c002efc  PA:1c002efc
27107739ns          472762 1c00953e 00df1023 sh               x13, 0(x30)         x13:0000ff16 x30:1c002e7c  PA:1c002e7c
27108057ns          472778 1c009542 01d59023 sh               x29, 0(x11)         x29:0000ffa3 x11:1c002e9c  PA:1c002e9c
27108376ns          472794 1c009546 00e09023 sh               x14, 0(x1)          x14:0000fe71  x1:1c002e8c  PA:1c002e8c
27108694ns          472810 1c00954a 01039023 sh               x16, 0(x7)          x16:0000ffce  x7:1c002ebc  PA:1c002ebc
27109012ns          472826 1c00954e 00a29023 sh               x10, 0(x5)          x10:0000ff51  x5:1c002eac  PA:1c002eac
27109330ns          472842 1c009552 008b0b13 addi             x22, x22, 8         x22=0000010e x22:00000106
27109350ns          472843 1c009554 1f300793 addi             x15, x0, 499        x15=000001f3
27109370ns          472844 1c009558 e767dae3 bge              x15, x22, -396      x15:000001f3 x22:0000010e
27109470ns          472849 1c0093cc 010c9a0b p.lh             x20, 16(x25!)       x20=ffffff1d x25=1c0028b4 x25:1c0028a4  PA:1c0028a4
27109768ns          472864 1c0093d0 0104198b p.lh             x19, 16(x8!)        x19=ffffffad  x8=1c00207c  x8:1c00206c  PA:1c00206c
27110066ns          472879 1c0093d4 2cc10513 addi             x10, x2, 716        x10=100037a4  x2:100034d8
27110086ns          472880 1c0093d6 010a990b p.lh             x18, 16(x21!)       x18=ffffff12 x21=1c0018a8 x21:1c001898  PA:1c001898
27110384ns          472895 1c0093da 010b948b p.lh             x9, 16(x23!)         x9=ffffffb3 x23=1c0010d8 x23:1c0010c8  PA:1c0010c8
27110683ns          472910 1c0093de 2d411623 sh               x20, 716(x2)        x20:ffffff1d  x2:100034d8  PA:100037a4
27110722ns          472912 1c0093e2 2d311723 sh               x19, 718(x2)        x19:ffffffad  x2:100034d8  PA:100037a6
27110742ns          472913 1c0093e6 c33ff0ef jal              x1, -974             x1=1c0093e8
27110782ns          472915 1c009018 00051803 lh               x16, 0(x10)         x16=ffffff1d x10:100037a4  PA:100037a4
27110802ns          472916 1c00901c 00251883 lh               x17, 2(x10)         x17=ffffffad x10:100037a4  PA:100037a6
27110862ns          472919 1c009020 030806b3 mul              x13, x16, x16       x13=0000c949 x16:ffffff1d x16:ffffff1d
27110901ns          472921 1c009024 03188633 mul              x12, x17, x17       x12=00001ae9 x17:ffffffad x17:ffffffad
27110921ns          472922 1c009028 40a65613 srai             x12, x12, 0x40a     x12=00000006 x12:00001ae9
27110941ns          472923 1c00902a 40a6d693 srai             x13, x13, 0x40a     x13=00000032 x13:0000c949
27110961ns          472924 1c00902c 00c686b3 add              x13, x13, x12       x13=00000038 x13:00000032 x12:00000006
27110981ns          472925 1c00902e 1006c633 p.exths          x12, x13, x0        x12=00000038 x13:00000038
27111001ns          472926 1c009032 00855703 lhu              x14, 8(x10)         x14=0000ffd1 x10:100037a4  PA:100037ac
27111021ns          472927 1c009036 00a55683 lhu              x13, 10(x10)        x13=0000ff6a x10:100037a4  PA:100037ae
27111041ns          472928 1c00903a 02c60333 mul              x6, x12, x12         x6=00000c40 x12:00000038 x12:00000038
27111080ns          472930 1c00903e 00c55783 lhu              x15, 12(x10)        x15=0000ffe5 x10:100037a4  PA:100037b0
27111140ns          472933 1c009042 00e55583 lhu              x11, 14(x10)        x11=00000060 x10:100037a4  PA:100037b2
27111160ns          472934 1c009046 dea30333 p.extract        x6, x6, 15, 10       x6=00000003  x6:00000c40
27111180ns          472935 1c00904a 80c7075b p.muls           x14, x14, x12       x14=fffff5b8 x14:0000ffd1 x12:00000038
27111200ns          472936 1c00904e 80c686db p.muls           x13, x13, x12       x13=ffffdf30 x13:0000ff6a x12:00000038
27111220ns          472937 1c009052 00455e83 lhu              x29, 4(x10)         x29=00000427 x10:100037a4  PA:100037a8
27111240ns          472938 1c009056 00655e03 lhu              x28, 6(x10)         x28=0000007f x10:100037a4  PA:100037aa
27111259ns          472939 1c00905a 40a75713 srai             x14, x14, 0x40a     x14=fffffffd x14:fffff5b8
27111279ns          472940 1c00905c 806787db p.muls           x15, x15, x6        x15=ffffffaf x15:0000ffe5  x6:00000003
27111299ns          472941 1c009060 40a6d693 srai             x13, x13, 0x40a     x13=fffffff7 x13:ffffdf30
27111319ns          472942 1c009062 8065865b p.muls           x12, x11, x6        x12=00000120 x11:00000060  x6:00000003
27111339ns          472943 1c009066 40a7d793 srai             x15, x15, 0x40a     x15=ffffffff x15:ffffffaf
27111359ns          472944 1c009068 40a65613 srai             x12, x12, 0x40a     x12=00000000 x12:00000120
27111379ns          472945 1c00906a 01d70733 add              x14, x14, x29       x14=00000424 x14:fffffffd x29:00000427
27111399ns          472946 1c00906c 01c686b3 add              x13, x13, x28       x13=00000076 x13:fffffff7 x28:0000007f
27111419ns          472947 1c00906e 00c686b3 add              x13, x13, x12       x13=00000076 x13:00000076 x12:00000000
27111438ns          472948 1c009070 00f70733 add              x14, x14, x15       x14=00000423 x14:00000424 x15:ffffffff
27111458ns          472949 1c009072 100747b3 p.exths          x15, x14, x0        x15=00000423 x14:00000423
27111478ns          472950 1c009076 1006c733 p.exths          x14, x13, x0        x14=00000076 x13:00000076
27111498ns          472951 1c00907a 03170633 mul              x12, x14, x17       x12=ffffd9be x14:00000076 x17:ffffffad
27111518ns          472952 1c00907e 030786b3 mul              x13, x15, x16       x13=fffc54f7 x15:00000423 x16:ffffff1d
27111538ns          472953 1c009082 03070733 mul              x14, x14, x16       x14=ffff975e x14:00000076 x16:ffffff1d
27111558ns          472954 1c009086 031787b3 mul              x15, x15, x17       x15=fffea8a7 x15:00000423 x17:ffffffad
27111578ns          472955 1c00908a 40a6d693 srai             x13, x13, 0x40a     x13=ffffff15 x13:fffc54f7
27111598ns          472956 1c00908c 40a65613 srai             x12, x12, 0x40a     x12=fffffff6 x12:ffffd9be
27111617ns          472957 1c00908e 40a7d793 srai             x15, x15, 0x40a     x15=ffffffaa x15:fffea8a7
27111637ns          472958 1c009090 40a75713 srai             x14, x14, 0x40a     x14=ffffffe5 x14:ffff975e
27111657ns          472959 1c009092 40c686b3 sub              x13, x13, x12       x13=ffffff1f x13:ffffff15 x12:fffffff6
27111677ns          472960 1c009094 00e787b3 add              x15, x15, x14       x15=ffffff8f x15:ffffffaa x14:ffffffe5
27111697ns          472961 1c009096 00d51823 sh               x13, 16(x10)        x13:ffffff1f x10:100037a4  PA:100037b4
27111717ns          472962 1c00909a 00f51923 sh               x15, 18(x10)        x15:ffffff8f x10:100037a4  PA:100037b6
27111737ns          472963 1c00909e 00008067 jalr             x0, x1, 0            x1:1c0093e8
27111816ns          472967 1c0093e8 2dc15583 lhu              x11, 732(x2)        x11=0000ff1f  x2:100034d8  PA:100037b4
27111836ns          472968 1c0093ec 2de15783 lhu              x15, 734(x2)        x15=0000ff8f  x2:100034d8  PA:100037b6
27111856ns          472969 1c0093f0 40b90933 sub              x18, x18, x11       x18=fffefff3 x18:ffffff12 x11:0000ff1f
27111876ns          472970 1c0093f4 40f484b3 sub              x9, x9, x15          x9=ffff0024  x9:ffffffb3 x15:0000ff8f
27111896ns          472971 1c0093f6 100945b3 p.exths          x11, x18, x0        x11=fffffff3 x18:fffefff3
27111916ns          472972 1c0093fa 1004c7b3 p.exths          x15, x9, x0         x15=00000024  x9:ffff0024
27111936ns          472973 1c0093fe 034586b3 mul              x13, x11, x20       x13=00000b87 x11:fffffff3 x20:ffffff1d
27111956ns          472974 1c009402 03378533 mul              x10, x15, x19       x10=fffff454 x15:00000024 x19:ffffffad
27111975ns          472975 1c009406 034a0633 mul              x12, x20, x20       x12=0000c949 x20:ffffff1d x20:ffffff1d
27111995ns          472976 1c00940a 03398733 mul              x14, x19, x19       x14=00001ae9 x19:ffffffad x19:ffffffad
27112055ns          472979 1c00940e 034787b3 mul              x15, x15, x20       x15=ffffe014 x15:00000024 x20:ffffff1d
27112095ns          472981 1c009412 033585b3 mul              x11, x11, x19       x11=00000437 x11:fffffff3 x19:ffffffad
27112115ns          472982 1c009416 40a75713 srai             x14, x14, 0x40a     x14=00000006 x14:00001ae9
27112135ns          472983 1c009418 40a5d593 srai             x11, x11, 0x40a     x11=00000001 x11:00000437
27112154ns          472984 1c00941a 40a65613 srai             x12, x12, 0x40a     x12=00000032 x12:0000c949
27112174ns          472985 1c00941c 40a7d793 srai             x15, x15, 0x40a     x15=fffffff8 x15:ffffe014
27112194ns          472986 1c00941e 1c0034b7 lui              x9, 0x1c003000       x9=1c003000
27112214ns          472987 1c009422 00e60633 add              x12, x12, x14       x12=00000038 x12:00000032 x14:00000006
27112234ns          472988 1c009424 40b787b3 sub              x15, x15, x11       x15=fffffff7 x15:fffffff8 x11:00000001
27112254ns          472989 1c009426 eb048493 addi             x9, x9, -336         x9=1c002eb0  x9:1c003000
27112274ns          472990 1c00942a 1c0032b7 lui              x5, 0x1c003000       x5=1c003000
27112294ns          472991 1c00942e 1c0035b7 lui              x11, 0x1c003000     x11=1c003000
27112314ns          472992 1c009432 018483b3 add              x7, x9, x24          x7=1c002ebc  x9:1c002eb0 x24:0000000c
27112333ns          472993 1c009436 02812e83 lw               x29, 40(x2)         x29=1c002ecc  x2:100034d8  PA:10003500
27112353ns          472994 1c009438 10065633 p.exthz          x12, x12, x0        x12=00000038 x12:00000038
27112373ns          472995 1c00943c e8028293 addi             x5, x5, -384         x5=1c002e80  x5:1c003000
27112393ns          472996 1c009440 ea058593 addi             x11, x11, -352      x11=1c002ea0 x11:1c003000
27112433ns          472998 1c009444 03812483 lw               x9, 56(x2)           x9=1c002eec  x2:100034d8  PA:10003510
27112453ns          472999 1c009446 10064733 p.exths          x14, x12, x0        x14=00000038 x12:00000038
27112473ns          473000 1c00944a 018280b3 add              x1, x5, x24          x1=1c002e8c  x5:1c002e80 x24:0000000c
27112493ns          473001 1c00944e 03012f03 lw               x30, 48(x2)         x30=1c002edc  x2:100034d8  PA:10003508
27112532ns          473003 1c009450 018582b3 add              x5, x11, x24         x5=1c002eac x11:1c002ea0 x24:0000000c
27112572ns          473005 1c009454 04012583 lw               x11, 64(x2)         x11=1c002efc  x2:100034d8  PA:10003518
27112592ns          473006 1c009456 000edd83 lhu              x27, 0(x29)         x27=00001462 x29:1c002ecc  PA:1c002ecc
27112990ns          473026 1c00945a 0004d483 lhu              x9, 0(x9)            x9=0000023c  x9:1c002eec  PA:1c002eec
27113288ns          473041 1c00945e 02e70333 mul              x6, x14, x14         x6=00000c40 x14:00000038 x14:00000038
27113308ns          473042 1c009462 40a55513 srai             x10, x10, 0x40a     x10=fffffffd x10:fffff454
27113328ns          473043 1c009464 04812e83 lw               x29, 72(x2)         x29=1c002f0c  x2:100034d8  PA:10003520
27113348ns          473044 1c009466 40a6d693 srai             x13, x13, 0x40a     x13=00000002 x13:00000b87
27113368ns          473045 1c009468 000f5d03 lhu              x26, 0(x30)         x26=000005c1 x30:1c002edc  PA:1c002edc
27113666ns          473060 1c00946c 0005d583 lhu              x11, 0(x11)         x11=0000010d x11:1c002efc  PA:1c002efc
27114044ns          473079 1c009470 40a35313 srai             x6, x6, 0x40a        x6=00000003  x6:00000c40
27114064ns          473080 1c009474 00a686b3 add              x13, x13, x10       x13=ffffffff x13:00000002 x10:fffffffd
27114084ns          473081 1c009476 05012f03 lw               x30, 80(x2)         x30=1c002e7c  x2:100034d8  PA:10003528
27114103ns          473082 1c009478 10034e33 p.exths          x28, x6, x0         x28=00000003  x6:00000003
27114123ns          473083 1c00947c 06911023 sh               x9, 96(x2)           x9:0000023c  x2:100034d8  PA:10003538
27114143ns          473084 1c009480 000ede83 lhu              x29, 0(x29)         x29=0000008e x29:1c002f0c  PA:1c002f0c
27114442ns          473099 1c009484 05812483 lw               x9, 88(x2)           x9=1c002e6c  x2:100034d8  PA:10003530
27114461ns          473100 1c009486 1006d6b3 p.exthz          x13, x13, x0        x13=0000ffff x13:ffffffff
27114481ns          473101 1c00948a 02ee08b3 mul              x17, x28, x14       x17=000000a8 x28:00000003 x14:00000038
27114501ns          473102 1c00948e 1006c833 p.exths          x16, x13, x0        x16=ffffffff x13:0000ffff
27114521ns          473103 1c009492 06b11823 sh               x11, 112(x2)        x11:0000010d  x2:100034d8  PA:10003548
27114541ns          473104 1c009496 000f5f03 lhu              x30, 0(x30)         x30=0000ff16 x30:1c002e7c  PA:1c002e7c
27114839ns          473119 1c00949a 0a012583 lw               x11, 160(x2)        x11=1c002e9c  x2:100034d8  PA:10003578
27114859ns          473120 1c00949c 1007d7b3 p.exthz          x15, x15, x0        x15=0000fff7 x15:fffffff7
27114879ns          473121 1c0094a0 0004da03 lhu              x20, 0(x9)          x20=0000fb2c  x9:1c002e6c  PA:1c002e6c
27115177ns          473136 1c0094a4 1007c533 p.exths          x10, x15, x0        x10=fffffff7 x15:0000fff7
27115197ns          473137 1c0094a8 09d11023 sh               x29, 128(x2)        x29:0000008e  x2:100034d8  PA:10003558
27115217ns          473138 1c0094ac 0003d483 lhu              x9, 0(x7)            x9=0000ffce  x7:1c002ebc  PA:1c002ebc
27115555ns          473155 1c0094b0 02e80eb3 mul              x29, x16, x14       x29=ffffffc8 x16:ffffffff x14:00000038
27115575ns          473156 1c0094b4 40a8d893 srai             x17, x17, 0x40a     x17=00000000 x17:000000a8
27115595ns          473157 1c0094b8 03c80833 mul              x16, x16, x28       x16=fffffffd x16:ffffffff x28:00000003
27115615ns          473158 1c0094bc 09e11823 sh               x30, 144(x2)        x30:0000ff16  x2:100034d8  PA:10003568
27115635ns          473159 1c0094c0 0005d983 lhu              x19, 0(x11)         x19=0000ffa3 x11:1c002e9c  PA:1c002e9c
27115953ns          473175 1c0094c4 81c88f5b p.muls           x30, x17, x28       x30=00000000 x17:00000000 x28:00000003
27115973ns          473176 1c0094c8 0002d583 lhu              x11, 0(x5)          x11=0000ff51  x5:1c002eac  PA:1c002eac
27116271ns          473191 1c0094cc 03ce0fb3 mul              x31, x28, x28       x31=00000009 x28:00000003 x28:00000003
27116291ns          473192 1c0094d0 02e50733 mul              x14, x10, x14       x14=fffffe08 x10:fffffff7 x14:00000038
27116311ns          473193 1c0094d4 40a85813 srai             x16, x16, 0x40a     x16=ffffffff x16:fffffffd
27116331ns          473194 1c0094d8 03c50533 mul              x10, x10, x28       x10=ffffffe5 x10:fffffff7 x28:00000003
27116351ns          473195 1c0094dc 07015e03 lhu              x28, 112(x2)        x28=0000010d  x2:100034d8  PA:10003548
27116391ns          473197 1c0094e0 01b60633 add              x12, x12, x27       x12=0000149a x12:00000038 x27:00001462
27116410ns          473198 1c0094e2 00980833 add              x16, x16, x9        x16=0000ffcd x16:ffffffff  x9:0000ffce
27116430ns          473199 1c0094e4 06015d83 lhu              x27, 96(x2)         x27=0000023c  x2:100034d8  PA:10003538
27116450ns          473200 1c0094e8 02812483 lw               x9, 40(x2)           x9=1c002ecc  x2:100034d8  PA:10003500
27116470ns          473201 1c0094ea 40afdf93 srai             x31, x31, 0x40a     x31=00000000 x31:00000009
27116490ns          473202 1c0094ee 40a55513 srai             x10, x10, 0x40a     x10=ffffffff x10:ffffffe5
27116510ns          473203 1c0094f0 01cf8fb3 add              x31, x31, x28       x31=0000010d x31:00000000 x28:0000010d
27116530ns          473204 1c0094f2 00b50533 add              x10, x10, x11       x10=0000ff50 x10:ffffffff x11:0000ff51
27116550ns          473205 1c0094f4 09015e03 lhu              x28, 144(x2)        x28=0000ff16  x2:100034d8  PA:10003568
27116570ns          473206 1c0094f8 03012583 lw               x11, 48(x2)         x11=1c002edc  x2:100034d8  PA:10003508
27116589ns          473207 1c0094fa 00c49023 sh               x12, 0(x9)          x12:0000149a  x9:1c002ecc  PA:1c002ecc
27116908ns          473223 1c0094fe 01b888b3 add              x17, x17, x27       x17=0000023c x17:00000000 x27:0000023c
27116928ns          473224 1c009500 01a30333 add              x6, x6, x26          x6=000005c4  x6:00000003 x26:000005c1
27116947ns          473225 1c009502 08015d83 lhu              x27, 128(x2)        x27=0000008e  x2:100034d8  PA:10003558
27116967ns          473226 1c009506 0000d903 lhu              x18, 0(x1)          x18=0000fe71  x1:1c002e8c  PA:1c002e8c
27117286ns          473242 1c00950a 01c686b3 add              x13, x13, x28       x13=0001ff15 x13:0000ffff x28:0000ff16
27117305ns          473243 1c00950c 00659023 sh               x6, 0(x11)           x6:000005c4 x11:1c002edc  PA:1c002edc
27117644ns          473260 1c009510 40af5f13 srai             x30, x30, 0x40a     x30=00000000 x30:00000000
27117663ns          473261 1c009514 04812e03 lw               x28, 72(x2)         x28=1c002f0c  x2:100034d8  PA:10003520
27117683ns          473262 1c009516 01bf0f33 add              x30, x30, x27       x30=0000008e x30:00000000 x27:0000008e
27117703ns          473263 1c009518 40aede93 srai             x29, x29, 0x40a     x29=ffffffff x29:ffffffc8
27117723ns          473264 1c00951c 40a75713 srai             x14, x14, 0x40a     x14=ffffffff x14:fffffe08
27117743ns          473265 1c00951e 03812603 lw               x12, 56(x2)         x12=1c002eec  x2:100034d8  PA:10003510
27117763ns          473266 1c009520 04012d83 lw               x27, 64(x2)         x27=1c002efc  x2:100034d8  PA:10003518
27117783ns          473267 1c009522 01ee1023 sh               x30, 0(x28)         x30:0000008e x28:1c002f0c  PA:1c002f0c
27118121ns          473284 1c009526 05812483 lw               x9, 88(x2)           x9=1c002e6c  x2:100034d8  PA:10003530
27118141ns          473285 1c009528 05012f03 lw               x30, 80(x2)         x30=1c002e7c  x2:100034d8  PA:10003528
27118161ns          473286 1c00952a 0a012583 lw               x11, 160(x2)        x11=1c002e9c  x2:100034d8  PA:10003578
27118180ns          473287 1c00952c 014787b3 add              x15, x15, x20       x15=0001fb23 x15:0000fff7 x20:0000fb2c
27118200ns          473288 1c00952e 013e8eb3 add              x29, x29, x19       x29=0000ffa2 x29:ffffffff x19:0000ffa3
27118220ns          473289 1c009530 01270733 add              x14, x14, x18       x14=0000fe70 x14:ffffffff x18:0000fe71
27118240ns          473290 1c009532 00f49023 sh               x15, 0(x9)          x15:0001fb23  x9:1c002e6c  PA:1c002e6c
27118598ns          473308 1c009536 01161023 sh               x17, 0(x12)         x17:0000023c x12:1c002eec  PA:1c002eec
27118916ns          473324 1c00953a 01fd9023 sh               x31, 0(x27)         x31:0000010d x27:1c002efc  PA:1c002efc
27119235ns          473340 1c00953e 00df1023 sh               x13, 0(x30)         x13:0001ff15 x30:1c002e7c  PA:1c002e7c
27119573ns          473357 1c009542 01d59023 sh               x29, 0(x11)         x29:0000ffa2 x11:1c002e9c  PA:1c002e9c
27119891ns          473373 1c009546 00e09023 sh               x14, 0(x1)          x14:0000fe70  x1:1c002e8c  PA:1c002e8c
27120209ns          473389 1c00954a 01039023 sh               x16, 0(x7)          x16:0000ffcd  x7:1c002ebc  PA:1c002ebc
27120527ns          473405 1c00954e 00a29023 sh               x10, 0(x5)          x10:0000ff50  x5:1c002eac  PA:1c002eac
27120865ns          473422 1c009552 008b0b13 addi             x22, x22, 8         x22=00000116 x22:0000010e
27120885ns          473423 1c009554 1f300793 addi             x15, x0, 499        x15=000001f3
27120905ns          473424 1c009558 e767dae3 bge              x15, x22, -396      x15:000001f3 x22:00000116
27120965ns          473427 1c0093cc 010c9a0b p.lh             x20, 16(x25!)       x20=ffffff50 x25=1c0028c4 x25:1c0028b4  PA:1c0028b4
27121263ns          473442 1c0093d0 0104198b p.lh             x19, 16(x8!)        x19=ffffff63  x8=1c00208c  x8:1c00207c  PA:1c00207c
27121561ns          473457 1c0093d4 2cc10513 addi             x10, x2, 716        x10=100037a4  x2:100034d8
27121581ns          473458 1c0093d6 010a990b p.lh             x18, 16(x21!)       x18=ffffff47 x21=1c0018b8 x21:1c0018a8  PA:1c0018a8
27121880ns          473473 1c0093da 010b948b p.lh             x9, 16(x23!)         x9=ffffff63 x23=1c0010e8 x23:1c0010d8  PA:1c0010d8
27122198ns          473489 1c0093de 2d411623 sh               x20, 716(x2)        x20:ffffff50  x2:100034d8  PA:100037a4
27122218ns          473490 1c0093e2 2d311723 sh               x19, 718(x2)        x19:ffffff63  x2:100034d8  PA:100037a6
27122238ns          473491 1c0093e6 c33ff0ef jal              x1, -974             x1=1c0093e8
27122277ns          473493 1c009018 00051803 lh               x16, 0(x10)         x16=ffffff50 x10:100037a4  PA:100037a4
27122297ns          473494 1c00901c 00251883 lh               x17, 2(x10)         x17=ffffff63 x10:100037a4  PA:100037a6
27122357ns          473497 1c009020 030806b3 mul              x13, x16, x16       x13=00007900 x16:ffffff50 x16:ffffff50
27122397ns          473499 1c009024 03188633 mul              x12, x17, x17       x12=00006049 x17:ffffff63 x17:ffffff63
27122417ns          473500 1c009028 40a65613 srai             x12, x12, 0x40a     x12=00000018 x12:00006049
27122437ns          473501 1c00902a 40a6d693 srai             x13, x13, 0x40a     x13=0000001e x13:00007900
27122456ns          473502 1c00902c 00c686b3 add              x13, x13, x12       x13=00000036 x13:0000001e x12:00000018
27122476ns          473503 1c00902e 1006c633 p.exths          x12, x13, x0        x12=00000036 x13:00000036
27122496ns          473504 1c009032 00855703 lhu              x14, 8(x10)         x14=0000ffd1 x10:100037a4  PA:100037ac
27122516ns          473505 1c009036 00a55683 lhu              x13, 10(x10)        x13=0000ff6a x10:100037a4  PA:100037ae
27122536ns          473506 1c00903a 02c60333 mul              x6, x12, x12         x6=00000b64 x12:00000036 x12:00000036
27122576ns          473508 1c00903e 00c55783 lhu              x15, 12(x10)        x15=0000ffe5 x10:100037a4  PA:100037b0
27122616ns          473510 1c009042 00e55583 lhu              x11, 14(x10)        x11=00000060 x10:100037a4  PA:100037b2
27122635ns          473511 1c009046 dea30333 p.extract        x6, x6, 15, 10       x6=00000002  x6:00000b64
27122655ns          473512 1c00904a 80c7075b p.muls           x14, x14, x12       x14=fffff616 x14:0000ffd1 x12:00000036
27122675ns          473513 1c00904e 80c686db p.muls           x13, x13, x12       x13=ffffe05c x13:0000ff6a x12:00000036
27122695ns          473514 1c009052 00455e83 lhu              x29, 4(x10)         x29=00000427 x10:100037a4  PA:100037a8
27122715ns          473515 1c009056 00655e03 lhu              x28, 6(x10)         x28=0000007f x10:100037a4  PA:100037aa
27122735ns          473516 1c00905a 40a75713 srai             x14, x14, 0x40a     x14=fffffffd x14:fffff616
27122755ns          473517 1c00905c 806787db p.muls           x15, x15, x6        x15=ffffffca x15:0000ffe5  x6:00000002
27122775ns          473518 1c009060 40a6d693 srai             x13, x13, 0x40a     x13=fffffff8 x13:ffffe05c
27122794ns          473519 1c009062 8065865b p.muls           x12, x11, x6        x12=000000c0 x11:00000060  x6:00000002
27122814ns          473520 1c009066 40a7d793 srai             x15, x15, 0x40a     x15=ffffffff x15:ffffffca
27122834ns          473521 1c009068 40a65613 srai             x12, x12, 0x40a     x12=00000000 x12:000000c0
27122854ns          473522 1c00906a 01d70733 add              x14, x14, x29       x14=00000424 x14:fffffffd x29:00000427
27122874ns          473523 1c00906c 01c686b3 add              x13, x13, x28       x13=00000077 x13:fffffff8 x28:0000007f
27122894ns          473524 1c00906e 00c686b3 add              x13, x13, x12       x13=00000077 x13:00000077 x12:00000000
27122914ns          473525 1c009070 00f70733 add              x14, x14, x15       x14=00000423 x14:00000424 x15:ffffffff
27122934ns          473526 1c009072 100747b3 p.exths          x15, x14, x0        x15=00000423 x14:00000423
27122954ns          473527 1c009076 1006c733 p.exths          x14, x13, x0        x14=00000077 x13:00000077
27122973ns          473528 1c00907a 03170633 mul              x12, x14, x17       x12=ffffb705 x14:00000077 x17:ffffff63
27122993ns          473529 1c00907e 030786b3 mul              x13, x15, x16       x13=fffd27f0 x15:00000423 x16:ffffff50
27123013ns          473530 1c009082 03070733 mul              x14, x14, x16       x14=ffffae30 x14:00000077 x16:ffffff50
27123033ns          473531 1c009086 031787b3 mul              x15, x15, x17       x15=fffd7689 x15:00000423 x17:ffffff63
27123053ns          473532 1c00908a 40a6d693 srai             x13, x13, 0x40a     x13=ffffff49 x13:fffd27f0
27123073ns          473533 1c00908c 40a65613 srai             x12, x12, 0x40a     x12=ffffffed x12:ffffb705
27123093ns          473534 1c00908e 40a7d793 srai             x15, x15, 0x40a     x15=ffffff5d x15:fffd7689
27123113ns          473535 1c009090 40a75713 srai             x14, x14, 0x40a     x14=ffffffeb x14:ffffae30
27123133ns          473536 1c009092 40c686b3 sub              x13, x13, x12       x13=ffffff5c x13:ffffff49 x12:ffffffed
27123152ns          473537 1c009094 00e787b3 add              x15, x15, x14       x15=ffffff48 x15:ffffff5d x14:ffffffeb
27123172ns          473538 1c009096 00d51823 sh               x13, 16(x10)        x13:ffffff5c x10:100037a4  PA:100037b4
27123192ns          473539 1c00909a 00f51923 sh               x15, 18(x10)        x15:ffffff48 x10:100037a4  PA:100037b6
27123212ns          473540 1c00909e 00008067 jalr             x0, x1, 0            x1:1c0093e8
27123272ns          473543 1c0093e8 2dc15583 lhu              x11, 732(x2)        x11=0000ff5c  x2:100034d8  PA:100037b4
27123292ns          473544 1c0093ec 2de15783 lhu              x15, 734(x2)        x15=0000ff48  x2:100034d8  PA:100037b6
27123312ns          473545 1c0093f0 40b90933 sub              x18, x18, x11       x18=fffeffeb x18:ffffff47 x11:0000ff5c
27123331ns          473546 1c0093f4 40f484b3 sub              x9, x9, x15          x9=ffff001b  x9:ffffff63 x15:0000ff48
27123351ns          473547 1c0093f6 100945b3 p.exths          x11, x18, x0        x11=ffffffeb x18:fffeffeb
27123371ns          473548 1c0093fa 1004c7b3 p.exths          x15, x9, x0         x15=0000001b  x9:ffff001b
27123391ns          473549 1c0093fe 034586b3 mul              x13, x11, x20       x13=00000e70 x11:ffffffeb x20:ffffff50
27123411ns          473550 1c009402 03378533 mul              x10, x15, x19       x10=ffffef71 x15:0000001b x19:ffffff63
27123431ns          473551 1c009406 034a0633 mul              x12, x20, x20       x12=00007900 x20:ffffff50 x20:ffffff50
27123451ns          473552 1c00940a 03398733 mul              x14, x19, x19       x14=00006049 x19:ffffff63 x19:ffffff63
27123471ns          473553 1c00940e 034787b3 mul              x15, x15, x20       x15=ffffed70 x15:0000001b x20:ffffff50
27123491ns          473554 1c009412 033585b3 mul              x11, x11, x19       x11=00000ce1 x11:ffffffeb x19:ffffff63
27123510ns          473555 1c009416 40a75713 srai             x14, x14, 0x40a     x14=00000018 x14:00006049
27123530ns          473556 1c009418 40a5d593 srai             x11, x11, 0x40a     x11=00000003 x11:00000ce1
27123550ns          473557 1c00941a 40a65613 srai             x12, x12, 0x40a     x12=0000001e x12:00007900
27123570ns          473558 1c00941c 40a7d793 srai             x15, x15, 0x40a     x15=fffffffb x15:ffffed70
27123590ns          473559 1c00941e 1c0034b7 lui              x9, 0x1c003000       x9=1c003000
27123610ns          473560 1c009422 00e60633 add              x12, x12, x14       x12=00000036 x12:0000001e x14:00000018
27123630ns          473561 1c009424 40b787b3 sub              x15, x15, x11       x15=fffffff8 x15:fffffffb x11:00000003
27123650ns          473562 1c009426 eb048493 addi             x9, x9, -336         x9=1c002eb0  x9:1c003000
27123670ns          473563 1c00942a 1c0032b7 lui              x5, 0x1c003000       x5=1c003000
27123689ns          473564 1c00942e 1c0035b7 lui              x11, 0x1c003000     x11=1c003000
27123709ns          473565 1c009432 018483b3 add              x7, x9, x24          x7=1c002ebc  x9:1c002eb0 x24:0000000c
27123729ns          473566 1c009436 02812e83 lw               x29, 40(x2)         x29=1c002ecc  x2:100034d8  PA:10003500
27123749ns          473567 1c009438 10065633 p.exthz          x12, x12, x0        x12=00000036 x12:00000036
27123769ns          473568 1c00943c e8028293 addi             x5, x5, -384         x5=1c002e80  x5:1c003000
27123789ns          473569 1c009440 ea058593 addi             x11, x11, -352      x11=1c002ea0 x11:1c003000
27123809ns          473570 1c009444 03812483 lw               x9, 56(x2)           x9=1c002eec  x2:100034d8  PA:10003510
27123829ns          473571 1c009446 10064733 p.exths          x14, x12, x0        x14=00000036 x12:00000036
27123849ns          473572 1c00944a 018280b3 add              x1, x5, x24          x1=1c002e8c  x5:1c002e80 x24:0000000c
27123868ns          473573 1c00944e 03012f03 lw               x30, 48(x2)         x30=1c002edc  x2:100034d8  PA:10003508
27123888ns          473574 1c009450 018582b3 add              x5, x11, x24         x5=1c002eac x11:1c002ea0 x24:0000000c
27123908ns          473575 1c009454 04012583 lw               x11, 64(x2)         x11=1c002efc  x2:100034d8  PA:10003518
27123928ns          473576 1c009456 000edd83 lhu              x27, 0(x29)         x27=0000149a x29:1c002ecc  PA:1c002ecc
27124246ns          473592 1c00945a 0004d483 lhu              x9, 0(x9)            x9=0000023c  x9:1c002eec  PA:1c002eec
27124604ns          473610 1c00945e 02e70333 mul              x6, x14, x14         x6=00000b64 x14:00000036 x14:00000036
27124624ns          473611 1c009462 40a55513 srai             x10, x10, 0x40a     x10=fffffffb x10:ffffef71
27124644ns          473612 1c009464 04812e83 lw               x29, 72(x2)         x29=1c002f0c  x2:100034d8  PA:10003520
27124664ns          473613 1c009466 40a6d693 srai             x13, x13, 0x40a     x13=00000003 x13:00000e70
27124684ns          473614 1c009468 000f5d03 lhu              x26, 0(x30)         x26=000005c4 x30:1c002edc  PA:1c002edc
27124982ns          473629 1c00946c 0005d583 lhu              x11, 0(x11)         x11=0000010d x11:1c002efc  PA:1c002efc
27125300ns          473645 1c009470 40a35313 srai             x6, x6, 0x40a        x6=00000002  x6:00000b64
27125320ns          473646 1c009474 00a686b3 add              x13, x13, x10       x13=fffffffe x13:00000003 x10:fffffffb
27125340ns          473647 1c009476 05012f03 lw               x30, 80(x2)         x30=1c002e7c  x2:100034d8  PA:10003528
27125360ns          473648 1c009478 10034e33 p.exths          x28, x6, x0         x28=00000002  x6:00000002
27125380ns          473649 1c00947c 06911023 sh               x9, 96(x2)           x9:0000023c  x2:100034d8  PA:10003538
27125400ns          473650 1c009480 000ede83 lhu              x29, 0(x29)         x29=0000008e x29:1c002f0c  PA:1c002f0c
27125698ns          473665 1c009484 05812483 lw               x9, 88(x2)           x9=1c002e6c  x2:100034d8  PA:10003530
27125718ns          473666 1c009486 1006d6b3 p.exthz          x13, x13, x0        x13=0000fffe x13:fffffffe
27125738ns          473667 1c00948a 02ee08b3 mul              x17, x28, x14       x17=0000006c x28:00000002 x14:00000036
27125758ns          473668 1c00948e 1006c833 p.exths          x16, x13, x0        x16=fffffffe x13:0000fffe
27125778ns          473669 1c009492 06b11823 sh               x11, 112(x2)        x11:0000010d  x2:100034d8  PA:10003548
27125798ns          473670 1c009496 000f5f03 lhu              x30, 0(x30)         x30=0000ff15 x30:1c002e7c  PA:1c002e7c
27126116ns          473686 1c00949a 0a012583 lw               x11, 160(x2)        x11=1c002e9c  x2:100034d8  PA:10003578
27126136ns          473687 1c00949c 1007d7b3 p.exthz          x15, x15, x0        x15=0000fff8 x15:fffffff8
27126156ns          473688 1c0094a0 0004da03 lhu              x20, 0(x9)          x20=0000fb23  x9:1c002e6c  PA:1c002e6c
27126474ns          473704 1c0094a4 1007c533 p.exths          x10, x15, x0        x10=fffffff8 x15:0000fff8
27126494ns          473705 1c0094a8 09d11023 sh               x29, 128(x2)        x29:0000008e  x2:100034d8  PA:10003558
27126514ns          473706 1c0094ac 0003d483 lhu              x9, 0(x7)            x9=0000ffcd  x7:1c002ebc  PA:1c002ebc
27126812ns          473721 1c0094b0 02e80eb3 mul              x29, x16, x14       x29=ffffff94 x16:fffffffe x14:00000036
27126832ns          473722 1c0094b4 40a8d893 srai             x17, x17, 0x40a     x17=00000000 x17:0000006c
27126852ns          473723 1c0094b8 03c80833 mul              x16, x16, x28       x16=fffffffc x16:fffffffe x28:00000002
27126872ns          473724 1c0094bc 09e11823 sh               x30, 144(x2)        x30:0000ff15  x2:100034d8  PA:10003568
27126891ns          473725 1c0094c0 0005d983 lhu              x19, 0(x11)         x19=0000ffa2 x11:1c002e9c  PA:1c002e9c
27127289ns          473745 1c0094c4 81c88f5b p.muls           x30, x17, x28       x30=00000000 x17:00000000 x28:00000002
27127309ns          473746 1c0094c8 0002d583 lhu              x11, 0(x5)          x11=0000ff50  x5:1c002eac  PA:1c002eac
27127607ns          473761 1c0094cc 03ce0fb3 mul              x31, x28, x28       x31=00000004 x28:00000002 x28:00000002
27127627ns          473762 1c0094d0 02e50733 mul              x14, x10, x14       x14=fffffe50 x10:fffffff8 x14:00000036
27127647ns          473763 1c0094d4 40a85813 srai             x16, x16, 0x40a     x16=ffffffff x16:fffffffc
27127667ns          473764 1c0094d8 03c50533 mul              x10, x10, x28       x10=fffffff0 x10:fffffff8 x28:00000002
27127687ns          473765 1c0094dc 07015e03 lhu              x28, 112(x2)        x28=0000010d  x2:100034d8  PA:10003548
27127727ns          473767 1c0094e0 01b60633 add              x12, x12, x27       x12=000014d0 x12:00000036 x27:0000149a
27127747ns          473768 1c0094e2 00980833 add              x16, x16, x9        x16=0000ffcc x16:ffffffff  x9:0000ffcd
27127766ns          473769 1c0094e4 06015d83 lhu              x27, 96(x2)         x27=0000023c  x2:100034d8  PA:10003538
27127786ns          473770 1c0094e8 02812483 lw               x9, 40(x2)           x9=1c002ecc  x2:100034d8  PA:10003500
27127806ns          473771 1c0094ea 40afdf93 srai             x31, x31, 0x40a     x31=00000000 x31:00000004
27127826ns          473772 1c0094ee 40a55513 srai             x10, x10, 0x40a     x10=ffffffff x10:fffffff0
27127846ns          473773 1c0094f0 01cf8fb3 add              x31, x31, x28       x31=0000010d x31:00000000 x28:0000010d
27127866ns          473774 1c0094f2 00b50533 add              x10, x10, x11       x10=0000ff4f x10:ffffffff x11:0000ff50
27127886ns          473775 1c0094f4 09015e03 lhu              x28, 144(x2)        x28=0000ff15  x2:100034d8  PA:10003568
27127906ns          473776 1c0094f8 03012583 lw               x11, 48(x2)         x11=1c002edc  x2:100034d8  PA:10003508
27127926ns          473777 1c0094fa 00c49023 sh               x12, 0(x9)          x12:000014d0  x9:1c002ecc  PA:1c002ecc
27128264ns          473794 1c0094fe 01b888b3 add              x17, x17, x27       x17=0000023c x17:00000000 x27:0000023c
27128284ns          473795 1c009500 01a30333 add              x6, x6, x26          x6=000005c6  x6:00000002 x26:000005c4
27128303ns          473796 1c009502 08015d83 lhu              x27, 128(x2)        x27=0000008e  x2:100034d8  PA:10003558
27128323ns          473797 1c009506 0000d903 lhu              x18, 0(x1)          x18=0000fe70  x1:1c002e8c  PA:1c002e8c
27128701ns          473816 1c00950a 01c686b3 add              x13, x13, x28       x13=0001ff13 x13:0000fffe x28:0000ff15
27128721ns          473817 1c00950c 00659023 sh               x6, 0(x11)           x6:000005c6 x11:1c002edc  PA:1c002edc
27129039ns          473833 1c009510 40af5f13 srai             x30, x30, 0x40a     x30=00000000 x30:00000000
27129059ns          473834 1c009514 04812e03 lw               x28, 72(x2)         x28=1c002f0c  x2:100034d8  PA:10003520
27129079ns          473835 1c009516 01bf0f33 add              x30, x30, x27       x30=0000008e x30:00000000 x27:0000008e
27129099ns          473836 1c009518 40aede93 srai             x29, x29, 0x40a     x29=ffffffff x29:ffffff94
27129119ns          473837 1c00951c 40a75713 srai             x14, x14, 0x40a     x14=ffffffff x14:fffffe50
27129139ns          473838 1c00951e 03812603 lw               x12, 56(x2)         x12=1c002eec  x2:100034d8  PA:10003510
27129159ns          473839 1c009520 04012d83 lw               x27, 64(x2)         x27=1c002efc  x2:100034d8  PA:10003518
27129179ns          473840 1c009522 01ee1023 sh               x30, 0(x28)         x30:0000008e x28:1c002f0c  PA:1c002f0c
27129517ns          473857 1c009526 05812483 lw               x9, 88(x2)           x9=1c002e6c  x2:100034d8  PA:10003530
27129537ns          473858 1c009528 05012f03 lw               x30, 80(x2)         x30=1c002e7c  x2:100034d8  PA:10003528
27129556ns          473859 1c00952a 0a012583 lw               x11, 160(x2)        x11=1c002e9c  x2:100034d8  PA:10003578
27129576ns          473860 1c00952c 014787b3 add              x15, x15, x20       x15=0001fb1b x15:0000fff8 x20:0000fb23
27129596ns          473861 1c00952e 013e8eb3 add              x29, x29, x19       x29=0000ffa1 x29:ffffffff x19:0000ffa2
27129616ns          473862 1c009530 01270733 add              x14, x14, x18       x14=0000fe6f x14:ffffffff x18:0000fe70
27129636ns          473863 1c009532 00f49023 sh               x15, 0(x9)          x15:0001fb1b  x9:1c002e6c  PA:1c002e6c
27129994ns          473881 1c009536 01161023 sh               x17, 0(x12)         x17:0000023c x12:1c002eec  PA:1c002eec
27130312ns          473897 1c00953a 01fd9023 sh               x31, 0(x27)         x31:0000010d x27:1c002efc  PA:1c002efc
27130630ns          473913 1c00953e 00df1023 sh               x13, 0(x30)         x13:0001ff13 x30:1c002e7c  PA:1c002e7c
27130949ns          473929 1c009542 01d59023 sh               x29, 0(x11)         x29:0000ffa1 x11:1c002e9c  PA:1c002e9c
27131267ns          473945 1c009546 00e09023 sh               x14, 0(x1)          x14:0000fe6f  x1:1c002e8c  PA:1c002e8c
27131605ns          473962 1c00954a 01039023 sh               x16, 0(x7)          x16:0000ffcc  x7:1c002ebc  PA:1c002ebc
27131963ns          473980 1c00954e 00a29023 sh               x10, 0(x5)          x10:0000ff4f  x5:1c002eac  PA:1c002eac
27132281ns          473996 1c009552 008b0b13 addi             x22, x22, 8         x22=0000011e x22:00000116
27132301ns          473997 1c009554 1f300793 addi             x15, x0, 499        x15=000001f3
27132321ns          473998 1c009558 e767dae3 bge              x15, x22, -396      x15:000001f3 x22:0000011e
27132381ns          474001 1c0093cc 010c9a0b p.lh             x20, 16(x25!)       x20=00000193 x25=1c0028d4 x25:1c0028c4  PA:1c0028c4
27132699ns          474017 1c0093d0 0104198b p.lh             x19, 16(x8!)        x19=ffffff1c  x8=1c00209c  x8:1c00208c  PA:1c00208c
27132997ns          474032 1c0093d4 2cc10513 addi             x10, x2, 716        x10=100037a4  x2:100034d8
27133017ns          474033 1c0093d6 010a990b p.lh             x18, 16(x21!)       x18=0000017a x21=1c0018c8 x21:1c0018b8  PA:1c0018b8
27133315ns          474048 1c0093da 010b948b p.lh             x9, 16(x23!)         x9=fffffeee x23=1c0010f8 x23:1c0010e8  PA:1c0010e8
27133614ns          474063 1c0093de 2d411623 sh               x20, 716(x2)        x20:00000193  x2:100034d8  PA:100037a4
27133633ns          474064 1c0093e2 2d311723 sh               x19, 718(x2)        x19:ffffff1c  x2:100034d8  PA:100037a6
27133653ns          474065 1c0093e6 c33ff0ef jal              x1, -974             x1=1c0093e8
27133733ns          474069 1c009018 00051803 lh               x16, 0(x10)         x16=00000193 x10:100037a4  PA:100037a4
27133793ns          474072 1c00901c 00251883 lh               x17, 2(x10)         x17=ffffff1c x10:100037a4  PA:100037a6
27133812ns          474073 1c009020 030806b3 mul              x13, x16, x16       x13=00027a69 x16:00000193 x16:00000193
27133832ns          474074 1c009024 03188633 mul              x12, x17, x17       x12=0000cb10 x17:ffffff1c x17:ffffff1c
27133852ns          474075 1c009028 40a65613 srai             x12, x12, 0x40a     x12=00000032 x12:0000cb10
27133872ns          474076 1c00902a 40a6d693 srai             x13, x13, 0x40a     x13=0000009e x13:00027a69
27133892ns          474077 1c00902c 00c686b3 add              x13, x13, x12       x13=000000d0 x13:0000009e x12:00000032
27133912ns          474078 1c00902e 1006c633 p.exths          x12, x13, x0        x12=000000d0 x13:000000d0
27133932ns          474079 1c009032 00855703 lhu              x14, 8(x10)         x14=0000ffd1 x10:100037a4  PA:100037ac
27133952ns          474080 1c009036 00a55683 lhu              x13, 10(x10)        x13=0000ff6a x10:100037a4  PA:100037ae
27133972ns          474081 1c00903a 02c60333 mul              x6, x12, x12         x6=0000a900 x12:000000d0 x12:000000d0
27133991ns          474082 1c00903e 00c55783 lhu              x15, 12(x10)        x15=0000ffe5 x10:100037a4  PA:100037b0
27134011ns          474083 1c009042 00e55583 lhu              x11, 14(x10)        x11=00000060 x10:100037a4  PA:100037b2
27134031ns          474084 1c009046 dea30333 p.extract        x6, x6, 15, 10       x6=0000002a  x6:0000a900
27134051ns          474085 1c00904a 80c7075b p.muls           x14, x14, x12       x14=ffffd9d0 x14:0000ffd1 x12:000000d0
27134111ns          474088 1c00904e 80c686db p.muls           x13, x13, x12       x13=ffff8620 x13:0000ff6a x12:000000d0
27134151ns          474090 1c009052 00455e83 lhu              x29, 4(x10)         x29=00000427 x10:100037a4  PA:100037a8
27134170ns          474091 1c009056 00655e03 lhu              x28, 6(x10)         x28=0000007f x10:100037a4  PA:100037aa
27134190ns          474092 1c00905a 40a75713 srai             x14, x14, 0x40a     x14=fffffff6 x14:ffffd9d0
27134210ns          474093 1c00905c 806787db p.muls           x15, x15, x6        x15=fffffb92 x15:0000ffe5  x6:0000002a
27134250ns          474095 1c009060 40a6d693 srai             x13, x13, 0x40a     x13=ffffffe1 x13:ffff8620
27134290ns          474097 1c009062 8065865b p.muls           x12, x11, x6        x12=00000fc0 x11:00000060  x6:0000002a
27134310ns          474098 1c009066 40a7d793 srai             x15, x15, 0x40a     x15=fffffffe x15:fffffb92
27134330ns          474099 1c009068 40a65613 srai             x12, x12, 0x40a     x12=00000003 x12:00000fc0
27134349ns          474100 1c00906a 01d70733 add              x14, x14, x29       x14=0000041d x14:fffffff6 x29:00000427
27134369ns          474101 1c00906c 01c686b3 add              x13, x13, x28       x13=00000060 x13:ffffffe1 x28:0000007f
27134389ns          474102 1c00906e 00c686b3 add              x13, x13, x12       x13=00000063 x13:00000060 x12:00000003
27134409ns          474103 1c009070 00f70733 add              x14, x14, x15       x14=0000041b x14:0000041d x15:fffffffe
27134429ns          474104 1c009072 100747b3 p.exths          x15, x14, x0        x15=0000041b x14:0000041b
27134449ns          474105 1c009076 1006c733 p.exths          x14, x13, x0        x14=00000063 x13:00000063
27134469ns          474106 1c00907a 03170633 mul              x12, x14, x17       x12=ffffa7d4 x14:00000063 x17:ffffff1c
27134489ns          474107 1c00907e 030786b3 mul              x13, x15, x16       x13=00067681 x15:0000041b x16:00000193
27134509ns          474108 1c009082 03070733 mul              x14, x14, x16       x14=00009bd9 x14:00000063 x16:00000193
27134528ns          474109 1c009086 031787b3 mul              x15, x15, x17       x15=fffc57f4 x15:0000041b x17:ffffff1c
27134548ns          474110 1c00908a 40a6d693 srai             x13, x13, 0x40a     x13=0000019d x13:00067681
27134568ns          474111 1c00908c 40a65613 srai             x12, x12, 0x40a     x12=ffffffe9 x12:ffffa7d4
27134588ns          474112 1c00908e 40a7d793 srai             x15, x15, 0x40a     x15=ffffff15 x15:fffc57f4
27134608ns          474113 1c009090 40a75713 srai             x14, x14, 0x40a     x14=00000026 x14:00009bd9
27134628ns          474114 1c009092 40c686b3 sub              x13, x13, x12       x13=000001b4 x13:0000019d x12:ffffffe9
27134648ns          474115 1c009094 00e787b3 add              x15, x15, x14       x15=ffffff3b x15:ffffff15 x14:00000026
27134668ns          474116 1c009096 00d51823 sh               x13, 16(x10)        x13:000001b4 x10:100037a4  PA:100037b4
27134688ns          474117 1c00909a 00f51923 sh               x15, 18(x10)        x15:ffffff3b x10:100037a4  PA:100037b6
27134707ns          474118 1c00909e 00008067 jalr             x0, x1, 0            x1:1c0093e8
27134787ns          474122 1c0093e8 2dc15583 lhu              x11, 732(x2)        x11=000001b4  x2:100034d8  PA:100037b4
27134807ns          474123 1c0093ec 2de15783 lhu              x15, 734(x2)        x15=0000ff3b  x2:100034d8  PA:100037b6
27134827ns          474124 1c0093f0 40b90933 sub              x18, x18, x11       x18=ffffffc6 x18:0000017a x11:000001b4
27134847ns          474125 1c0093f4 40f484b3 sub              x9, x9, x15          x9=fffeffb3  x9:fffffeee x15:0000ff3b
27134867ns          474126 1c0093f6 100945b3 p.exths          x11, x18, x0        x11=ffffffc6 x18:ffffffc6
27134886ns          474127 1c0093fa 1004c7b3 p.exths          x15, x9, x0         x15=ffffffb3  x9:fffeffb3
27134906ns          474128 1c0093fe 034586b3 mul              x13, x11, x20       x13=ffffa4b2 x11:ffffffc6 x20:00000193
27134926ns          474129 1c009402 03378533 mul              x10, x15, x19       x10=00004494 x15:ffffffb3 x19:ffffff1c
27134946ns          474130 1c009406 034a0633 mul              x12, x20, x20       x12=00027a69 x20:00000193 x20:00000193
27134966ns          474131 1c00940a 03398733 mul              x14, x19, x19       x14=0000cb10 x19:ffffff1c x19:ffffff1c
27134986ns          474132 1c00940e 034787b3 mul              x15, x15, x20       x15=ffff86c9 x15:ffffffb3 x20:00000193
27135006ns          474133 1c009412 033585b3 mul              x11, x11, x19       x11=000033a8 x11:ffffffc6 x19:ffffff1c
27135026ns          474134 1c009416 40a75713 srai             x14, x14, 0x40a     x14=00000032 x14:0000cb10
27135046ns          474135 1c009418 40a5d593 srai             x11, x11, 0x40a     x11=0000000c x11:000033a8
27135065ns          474136 1c00941a 40a65613 srai             x12, x12, 0x40a     x12=0000009e x12:00027a69
27135085ns          474137 1c00941c 40a7d793 srai             x15, x15, 0x40a     x15=ffffffe1 x15:ffff86c9
27135105ns          474138 1c00941e 1c0034b7 lui              x9, 0x1c003000       x9=1c003000
27135125ns          474139 1c009422 00e60633 add              x12, x12, x14       x12=000000d0 x12:0000009e x14:00000032
27135145ns          474140 1c009424 40b787b3 sub              x15, x15, x11       x15=ffffffd5 x15:ffffffe1 x11:0000000c
27135165ns          474141 1c009426 eb048493 addi             x9, x9, -336         x9=1c002eb0  x9:1c003000
27135185ns          474142 1c00942a 1c0032b7 lui              x5, 0x1c003000       x5=1c003000
27135205ns          474143 1c00942e 1c0035b7 lui              x11, 0x1c003000     x11=1c003000
27135224ns          474144 1c009432 018483b3 add              x7, x9, x24          x7=1c002ebc  x9:1c002eb0 x24:0000000c
27135244ns          474145 1c009436 02812e83 lw               x29, 40(x2)         x29=1c002ecc  x2:100034d8  PA:10003500
27135264ns          474146 1c009438 10065633 p.exthz          x12, x12, x0        x12=000000d0 x12:000000d0
27135284ns          474147 1c00943c e8028293 addi             x5, x5, -384         x5=1c002e80  x5:1c003000
27135324ns          474149 1c009440 ea058593 addi             x11, x11, -352      x11=1c002ea0 x11:1c003000
27135364ns          474151 1c009444 03812483 lw               x9, 56(x2)           x9=1c002eec  x2:100034d8  PA:10003510
27135384ns          474152 1c009446 10064733 p.exths          x14, x12, x0        x14=000000d0 x12:000000d0
27135403ns          474153 1c00944a 018280b3 add              x1, x5, x24          x1=1c002e8c  x5:1c002e80 x24:0000000c
27135423ns          474154 1c00944e 03012f03 lw               x30, 48(x2)         x30=1c002edc  x2:100034d8  PA:10003508
27135463ns          474156 1c009450 018582b3 add              x5, x11, x24         x5=1c002eac x11:1c002ea0 x24:0000000c
27135503ns          474158 1c009454 04012583 lw               x11, 64(x2)         x11=1c002efc  x2:100034d8  PA:10003518
27135523ns          474159 1c009456 000edd83 lhu              x27, 0(x29)         x27=000014d0 x29:1c002ecc  PA:1c002ecc
27135821ns          474174 1c00945a 0004d483 lhu              x9, 0(x9)            x9=0000023c  x9:1c002eec  PA:1c002eec
27136119ns          474189 1c00945e 02e70333 mul              x6, x14, x14         x6=0000a900 x14:000000d0 x14:000000d0
27136139ns          474190 1c009462 40a55513 srai             x10, x10, 0x40a     x10=00000011 x10:00004494
27136159ns          474191 1c009464 04812e83 lw               x29, 72(x2)         x29=1c002f0c  x2:100034d8  PA:10003520
27136179ns          474192 1c009466 40a6d693 srai             x13, x13, 0x40a     x13=ffffffe9 x13:ffffa4b2
27136199ns          474193 1c009468 000f5d03 lhu              x26, 0(x30)         x26=000005c6 x30:1c002edc  PA:1c002edc
27136497ns          474208 1c00946c 0005d583 lhu              x11, 0(x11)         x11=0000010d x11:1c002efc  PA:1c002efc
27136875ns          474227 1c009470 40a35313 srai             x6, x6, 0x40a        x6=0000002a  x6:0000a900
27136895ns          474228 1c009474 00a686b3 add              x13, x13, x10       x13=fffffffa x13:ffffffe9 x10:00000011
27136915ns          474229 1c009476 05012f03 lw               x30, 80(x2)         x30=1c002e7c  x2:100034d8  PA:10003528
27136935ns          474230 1c009478 10034e33 p.exths          x28, x6, x0         x28=0000002a  x6:0000002a
27136955ns          474231 1c00947c 06911023 sh               x9, 96(x2)           x9:0000023c  x2:100034d8  PA:10003538
27136975ns          474232 1c009480 000ede83 lhu              x29, 0(x29)         x29=0000008e x29:1c002f0c  PA:1c002f0c
27137313ns          474249 1c009484 05812483 lw               x9, 88(x2)           x9=1c002e6c  x2:100034d8  PA:10003530
27137333ns          474250 1c009486 1006d6b3 p.exthz          x13, x13, x0        x13=0000fffa x13:fffffffa
27137353ns          474251 1c00948a 02ee08b3 mul              x17, x28, x14       x17=00002220 x28:0000002a x14:000000d0
27137372ns          474252 1c00948e 1006c833 p.exths          x16, x13, x0        x16=fffffffa x13:0000fffa
27137392ns          474253 1c009492 06b11823 sh               x11, 112(x2)        x11:0000010d  x2:100034d8  PA:10003548
27137412ns          474254 1c009496 000f5f03 lhu              x30, 0(x30)         x30=0000ff13 x30:1c002e7c  PA:1c002e7c
27137710ns          474269 1c00949a 0a012583 lw               x11, 160(x2)        x11=1c002e9c  x2:100034d8  PA:10003578
27137730ns          474270 1c00949c 1007d7b3 p.exthz          x15, x15, x0        x15=0000ffd5 x15:ffffffd5
27137750ns          474271 1c0094a0 0004da03 lhu              x20, 0(x9)          x20=0000fb1b  x9:1c002e6c  PA:1c002e6c
27138049ns          474286 1c0094a4 1007c533 p.exths          x10, x15, x0        x10=ffffffd5 x15:0000ffd5
27138068ns          474287 1c0094a8 09d11023 sh               x29, 128(x2)        x29:0000008e  x2:100034d8  PA:10003558
27138088ns          474288 1c0094ac 0003d483 lhu              x9, 0(x7)            x9=0000ffcc  x7:1c002ebc  PA:1c002ebc
27138407ns          474304 1c0094b0 02e80eb3 mul              x29, x16, x14       x29=fffffb20 x16:fffffffa x14:000000d0
27138426ns          474305 1c0094b4 40a8d893 srai             x17, x17, 0x40a     x17=00000008 x17:00002220
27138446ns          474306 1c0094b8 03c80833 mul              x16, x16, x28       x16=ffffff04 x16:fffffffa x28:0000002a
27138466ns          474307 1c0094bc 09e11823 sh               x30, 144(x2)        x30:0000ff13  x2:100034d8  PA:10003568
27138486ns          474308 1c0094c0 0005d983 lhu              x19, 0(x11)         x19=0000ffa1 x11:1c002e9c  PA:1c002e9c
27138804ns          474324 1c0094c4 81c88f5b p.muls           x30, x17, x28       x30=00000150 x17:00000008 x28:0000002a
27138824ns          474325 1c0094c8 0002d583 lhu              x11, 0(x5)          x11=0000ff4f  x5:1c002eac  PA:1c002eac
27139142ns          474341 1c0094cc 03ce0fb3 mul              x31, x28, x28       x31=000006e4 x28:0000002a x28:0000002a
27139162ns          474342 1c0094d0 02e50733 mul              x14, x10, x14       x14=ffffdd10 x10:ffffffd5 x14:000000d0
27139182ns          474343 1c0094d4 40a85813 srai             x16, x16, 0x40a     x16=ffffffff x16:ffffff04
27139202ns          474344 1c0094d8 03c50533 mul              x10, x10, x28       x10=fffff8f2 x10:ffffffd5 x28:0000002a
27139222ns          474345 1c0094dc 07015e03 lhu              x28, 112(x2)        x28=0000010d  x2:100034d8  PA:10003548
27139262ns          474347 1c0094e0 01b60633 add              x12, x12, x27       x12=000015a0 x12:000000d0 x27:000014d0
27139282ns          474348 1c0094e2 00980833 add              x16, x16, x9        x16=0000ffcb x16:ffffffff  x9:0000ffcc
27139302ns          474349 1c0094e4 06015d83 lhu              x27, 96(x2)         x27=0000023c  x2:100034d8  PA:10003538
27139321ns          474350 1c0094e8 02812483 lw               x9, 40(x2)           x9=1c002ecc  x2:100034d8  PA:10003500
27139341ns          474351 1c0094ea 40afdf93 srai             x31, x31, 0x40a     x31=00000001 x31:000006e4
27139361ns          474352 1c0094ee 40a55513 srai             x10, x10, 0x40a     x10=fffffffe x10:fffff8f2
27139381ns          474353 1c0094f0 01cf8fb3 add              x31, x31, x28       x31=0000010e x31:00000001 x28:0000010d
27139401ns          474354 1c0094f2 00b50533 add              x10, x10, x11       x10=0000ff4d x10:fffffffe x11:0000ff4f
27139421ns          474355 1c0094f4 09015e03 lhu              x28, 144(x2)        x28=0000ff13  x2:100034d8  PA:10003568
27139441ns          474356 1c0094f8 03012583 lw               x11, 48(x2)         x11=1c002edc  x2:100034d8  PA:10003508
27139461ns          474357 1c0094fa 00c49023 sh               x12, 0(x9)          x12:000015a0  x9:1c002ecc  PA:1c002ecc
27139779ns          474373 1c0094fe 01b888b3 add              x17, x17, x27       x17=00000244 x17:00000008 x27:0000023c
27139799ns          474374 1c009500 01a30333 add              x6, x6, x26          x6=000005f0  x6:0000002a x26:000005c6
27139819ns          474375 1c009502 08015d83 lhu              x27, 128(x2)        x27=0000008e  x2:100034d8  PA:10003558
27139839ns          474376 1c009506 0000d903 lhu              x18, 0(x1)          x18=0000fe6f  x1:1c002e8c  PA:1c002e8c
27140177ns          474393 1c00950a 01c686b3 add              x13, x13, x28       x13=0001ff0d x13:0000fffa x28:0000ff13
27140196ns          474394 1c00950c 00659023 sh               x6, 0(x11)           x6:000005f0 x11:1c002edc  PA:1c002edc
27140535ns          474411 1c009510 40af5f13 srai             x30, x30, 0x40a     x30=00000000 x30:00000150
27140554ns          474412 1c009514 04812e03 lw               x28, 72(x2)         x28=1c002f0c  x2:100034d8  PA:10003520
27140574ns          474413 1c009516 01bf0f33 add              x30, x30, x27       x30=0000008e x30:00000000 x27:0000008e
27140594ns          474414 1c009518 40aede93 srai             x29, x29, 0x40a     x29=fffffffe x29:fffffb20
27140614ns          474415 1c00951c 40a75713 srai             x14, x14, 0x40a     x14=fffffff7 x14:ffffdd10
27140634ns          474416 1c00951e 03812603 lw               x12, 56(x2)         x12=1c002eec  x2:100034d8  PA:10003510
27140654ns          474417 1c009520 04012d83 lw               x27, 64(x2)         x27=1c002efc  x2:100034d8  PA:10003518
27140674ns          474418 1c009522 01ee1023 sh               x30, 0(x28)         x30:0000008e x28:1c002f0c  PA:1c002f0c
27140992ns          474434 1c009526 05812483 lw               x9, 88(x2)           x9=1c002e6c  x2:100034d8  PA:10003530
27141012ns          474435 1c009528 05012f03 lw               x30, 80(x2)         x30=1c002e7c  x2:100034d8  PA:10003528
27141032ns          474436 1c00952a 0a012583 lw               x11, 160(x2)        x11=1c002e9c  x2:100034d8  PA:10003578
27141052ns          474437 1c00952c 014787b3 add              x15, x15, x20       x15=0001faf0 x15:0000ffd5 x20:0000fb1b
27141072ns          474438 1c00952e 013e8eb3 add              x29, x29, x19       x29=0000ff9f x29:fffffffe x19:0000ffa1
27141091ns          474439 1c009530 01270733 add              x14, x14, x18       x14=0000fe66 x14:fffffff7 x18:0000fe6f
27141111ns          474440 1c009532 00f49023 sh               x15, 0(x9)          x15:0001faf0  x9:1c002e6c  PA:1c002e6c
27141430ns          474456 1c009536 01161023 sh               x17, 0(x12)         x17:00000244 x12:1c002eec  PA:1c002eec
27141748ns          474472 1c00953a 01fd9023 sh               x31, 0(x27)         x31:0000010e x27:1c002efc  PA:1c002efc
27142066ns          474488 1c00953e 00df1023 sh               x13, 0(x30)         x13:0001ff0d x30:1c002e7c  PA:1c002e7c
27142424ns          474506 1c009542 01d59023 sh               x29, 0(x11)         x29:0000ff9f x11:1c002e9c  PA:1c002e9c
27142742ns          474522 1c009546 00e09023 sh               x14, 0(x1)          x14:0000fe66  x1:1c002e8c  PA:1c002e8c
27143100ns          474540 1c00954a 01039023 sh               x16, 0(x7)          x16:0000ffcb  x7:1c002ebc  PA:1c002ebc
27143418ns          474556 1c00954e 00a29023 sh               x10, 0(x5)          x10:0000ff4d  x5:1c002eac  PA:1c002eac
27143756ns          474573 1c009552 008b0b13 addi             x22, x22, 8         x22=00000126 x22:0000011e
27143776ns          474574 1c009554 1f300793 addi             x15, x0, 499        x15=000001f3
27143796ns          474575 1c009558 e767dae3 bge              x15, x22, -396      x15:000001f3 x22:00000126
27143896ns          474580 1c0093cc 010c9a0b p.lh             x20, 16(x25!)       x20=ffffffd4 x25=1c0028e4 x25:1c0028d4  PA:1c0028d4
27144194ns          474595 1c0093d0 0104198b p.lh             x19, 16(x8!)        x19=ffffff47  x8=1c0020ac  x8:1c00209c  PA:1c00209c
27144492ns          474610 1c0093d4 2cc10513 addi             x10, x2, 716        x10=100037a4  x2:100034d8
27144512ns          474611 1c0093d6 010a990b p.lh             x18, 16(x21!)       x18=ffffffcb x21=1c0018d8 x21:1c0018c8  PA:1c0018c8
27144811ns          474626 1c0093da 010b948b p.lh             x9, 16(x23!)         x9=ffffff3e x23=1c001108 x23:1c0010f8  PA:1c0010f8
27145109ns          474641 1c0093de 2d411623 sh               x20, 716(x2)        x20:ffffffd4  x2:100034d8  PA:100037a4
27145129ns          474642 1c0093e2 2d311723 sh               x19, 718(x2)        x19:ffffff47  x2:100034d8  PA:100037a6
27145149ns          474643 1c0093e6 c33ff0ef jal              x1, -974             x1=1c0093e8
27145228ns          474647 1c009018 00051803 lh               x16, 0(x10)         x16=ffffffd4 x10:100037a4  PA:100037a4
27145268ns          474649 1c00901c 00251883 lh               x17, 2(x10)         x17=ffffff47 x10:100037a4  PA:100037a6
27145328ns          474652 1c009020 030806b3 mul              x13, x16, x16       x13=00000790 x16:ffffffd4 x16:ffffffd4
27145367ns          474654 1c009024 03188633 mul              x12, x17, x17       x12=000085b1 x17:ffffff47 x17:ffffff47
27145387ns          474655 1c009028 40a65613 srai             x12, x12, 0x40a     x12=00000021 x12:000085b1
27145407ns          474656 1c00902a 40a6d693 srai             x13, x13, 0x40a     x13=00000001 x13:00000790
27145427ns          474657 1c00902c 00c686b3 add              x13, x13, x12       x13=00000022 x13:00000001 x12:00000021
27145447ns          474658 1c00902e 1006c633 p.exths          x12, x13, x0        x12=00000022 x13:00000022
27145467ns          474659 1c009032 00855703 lhu              x14, 8(x10)         x14=0000ffd1 x10:100037a4  PA:100037ac
27145487ns          474660 1c009036 00a55683 lhu              x13, 10(x10)        x13=0000ff6a x10:100037a4  PA:100037ae
27145507ns          474661 1c00903a 02c60333 mul              x6, x12, x12         x6=00000484 x12:00000022 x12:00000022
27145526ns          474662 1c00903e 00c55783 lhu              x15, 12(x10)        x15=0000ffe5 x10:100037a4  PA:100037b0
27145546ns          474663 1c009042 00e55583 lhu              x11, 14(x10)        x11=00000060 x10:100037a4  PA:100037b2
27145566ns          474664 1c009046 dea30333 p.extract        x6, x6, 15, 10       x6=00000001  x6:00000484
27145586ns          474665 1c00904a 80c7075b p.muls           x14, x14, x12       x14=fffff9c2 x14:0000ffd1 x12:00000022
27145606ns          474666 1c00904e 80c686db p.muls           x13, x13, x12       x13=ffffec14 x13:0000ff6a x12:00000022
27145626ns          474667 1c009052 00455e83 lhu              x29, 4(x10)         x29=00000427 x10:100037a4  PA:100037a8
27145646ns          474668 1c009056 00655e03 lhu              x28, 6(x10)         x28=0000007f x10:100037a4  PA:100037aa
27145666ns          474669 1c00905a 40a75713 srai             x14, x14, 0x40a     x14=fffffffe x14:fffff9c2
27145686ns          474670 1c00905c 806787db p.muls           x15, x15, x6        x15=ffffffe5 x15:0000ffe5  x6:00000001
27145705ns          474671 1c009060 40a6d693 srai             x13, x13, 0x40a     x13=fffffffb x13:ffffec14
27145725ns          474672 1c009062 8065865b p.muls           x12, x11, x6        x12=00000060 x11:00000060  x6:00000001
27145745ns          474673 1c009066 40a7d793 srai             x15, x15, 0x40a     x15=ffffffff x15:ffffffe5
27145765ns          474674 1c009068 40a65613 srai             x12, x12, 0x40a     x12=00000000 x12:00000060
27145785ns          474675 1c00906a 01d70733 add              x14, x14, x29       x14=00000425 x14:fffffffe x29:00000427
27145805ns          474676 1c00906c 01c686b3 add              x13, x13, x28       x13=0000007a x13:fffffffb x28:0000007f
27145825ns          474677 1c00906e 00c686b3 add              x13, x13, x12       x13=0000007a x13:0000007a x12:00000000
27145845ns          474678 1c009070 00f70733 add              x14, x14, x15       x14=00000424 x14:00000425 x15:ffffffff
27145865ns          474679 1c009072 100747b3 p.exths          x15, x14, x0        x15=00000424 x14:00000424
27145884ns          474680 1c009076 1006c733 p.exths          x14, x13, x0        x14=0000007a x13:0000007a
27145904ns          474681 1c00907a 03170633 mul              x12, x14, x17       x12=ffffa7d6 x14:0000007a x17:ffffff47
27145924ns          474682 1c00907e 030786b3 mul              x13, x15, x16       x13=ffff49d0 x15:00000424 x16:ffffffd4
27145944ns          474683 1c009082 03070733 mul              x14, x14, x16       x14=ffffeb08 x14:0000007a x16:ffffffd4
27145964ns          474684 1c009086 031787b3 mul              x15, x15, x17       x15=fffd01fc x15:00000424 x17:ffffff47
27145984ns          474685 1c00908a 40a6d693 srai             x13, x13, 0x40a     x13=ffffffd2 x13:ffff49d0
27146004ns          474686 1c00908c 40a65613 srai             x12, x12, 0x40a     x12=ffffffe9 x12:ffffa7d6
27146024ns          474687 1c00908e 40a7d793 srai             x15, x15, 0x40a     x15=ffffff40 x15:fffd01fc
27146044ns          474688 1c009090 40a75713 srai             x14, x14, 0x40a     x14=fffffffa x14:ffffeb08
27146063ns          474689 1c009092 40c686b3 sub              x13, x13, x12       x13=ffffffe9 x13:ffffffd2 x12:ffffffe9
27146083ns          474690 1c009094 00e787b3 add              x15, x15, x14       x15=ffffff3a x15:ffffff40 x14:fffffffa
27146103ns          474691 1c009096 00d51823 sh               x13, 16(x10)        x13:ffffffe9 x10:100037a4  PA:100037b4
27146123ns          474692 1c00909a 00f51923 sh               x15, 18(x10)        x15:ffffff3a x10:100037a4  PA:100037b6
27146143ns          474693 1c00909e 00008067 jalr             x0, x1, 0            x1:1c0093e8
27146183ns          474695 1c0093e8 2dc15583 lhu              x11, 732(x2)        x11=0000ffe9  x2:100034d8  PA:100037b4
27146203ns          474696 1c0093ec 2de15783 lhu              x15, 734(x2)        x15=0000ff3a  x2:100034d8  PA:100037b6
27146223ns          474697 1c0093f0 40b90933 sub              x18, x18, x11       x18=fffeffe2 x18:ffffffcb x11:0000ffe9
27146242ns          474698 1c0093f4 40f484b3 sub              x9, x9, x15          x9=ffff0004  x9:ffffff3e x15:0000ff3a
27146262ns          474699 1c0093f6 100945b3 p.exths          x11, x18, x0        x11=ffffffe2 x18:fffeffe2
27146282ns          474700 1c0093fa 1004c7b3 p.exths          x15, x9, x0         x15=00000004  x9:ffff0004
27146302ns          474701 1c0093fe 034586b3 mul              x13, x11, x20       x13=00000528 x11:ffffffe2 x20:ffffffd4
27146322ns          474702 1c009402 03378533 mul              x10, x15, x19       x10=fffffd1c x15:00000004 x19:ffffff47
27146342ns          474703 1c009406 034a0633 mul              x12, x20, x20       x12=00000790 x20:ffffffd4 x20:ffffffd4
27146362ns          474704 1c00940a 03398733 mul              x14, x19, x19       x14=000085b1 x19:ffffff47 x19:ffffff47
27146421ns          474707 1c00940e 034787b3 mul              x15, x15, x20       x15=ffffff50 x15:00000004 x20:ffffffd4
27146461ns          474709 1c009412 033585b3 mul              x11, x11, x19       x11=000015ae x11:ffffffe2 x19:ffffff47
27146481ns          474710 1c009416 40a75713 srai             x14, x14, 0x40a     x14=00000021 x14:000085b1
27146501ns          474711 1c009418 40a5d593 srai             x11, x11, 0x40a     x11=00000005 x11:000015ae
27146521ns          474712 1c00941a 40a65613 srai             x12, x12, 0x40a     x12=00000001 x12:00000790
27146541ns          474713 1c00941c 40a7d793 srai             x15, x15, 0x40a     x15=ffffffff x15:ffffff50
27146561ns          474714 1c00941e 1c0034b7 lui              x9, 0x1c003000       x9=1c003000
27146581ns          474715 1c009422 00e60633 add              x12, x12, x14       x12=00000022 x12:00000001 x14:00000021
27146600ns          474716 1c009424 40b787b3 sub              x15, x15, x11       x15=fffffffa x15:ffffffff x11:00000005
27146620ns          474717 1c009426 eb048493 addi             x9, x9, -336         x9=1c002eb0  x9:1c003000
27146640ns          474718 1c00942a 1c0032b7 lui              x5, 0x1c003000       x5=1c003000
27146660ns          474719 1c00942e 1c0035b7 lui              x11, 0x1c003000     x11=1c003000
27146680ns          474720 1c009432 018483b3 add              x7, x9, x24          x7=1c002ebc  x9:1c002eb0 x24:0000000c
27146700ns          474721 1c009436 02812e83 lw               x29, 40(x2)         x29=1c002ecc  x2:100034d8  PA:10003500
27146720ns          474722 1c009438 10065633 p.exthz          x12, x12, x0        x12=00000022 x12:00000022
27146740ns          474723 1c00943c e8028293 addi             x5, x5, -384         x5=1c002e80  x5:1c003000
27146760ns          474724 1c009440 ea058593 addi             x11, x11, -352      x11=1c002ea0 x11:1c003000
27146779ns          474725 1c009444 03812483 lw               x9, 56(x2)           x9=1c002eec  x2:100034d8  PA:10003510
27146799ns          474726 1c009446 10064733 p.exths          x14, x12, x0        x14=00000022 x12:00000022
27146819ns          474727 1c00944a 018280b3 add              x1, x5, x24          x1=1c002e8c  x5:1c002e80 x24:0000000c
27146839ns          474728 1c00944e 03012f03 lw               x30, 48(x2)         x30=1c002edc  x2:100034d8  PA:10003508
27146859ns          474729 1c009450 018582b3 add              x5, x11, x24         x5=1c002eac x11:1c002ea0 x24:0000000c
27146879ns          474730 1c009454 04012583 lw               x11, 64(x2)         x11=1c002efc  x2:100034d8  PA:10003518
27146899ns          474731 1c009456 000edd83 lhu              x27, 0(x29)         x27=000015a0 x29:1c002ecc  PA:1c002ecc
27147237ns          474748 1c00945a 0004d483 lhu              x9, 0(x9)            x9=00000244  x9:1c002eec  PA:1c002eec
27147535ns          474763 1c00945e 02e70333 mul              x6, x14, x14         x6=00000484 x14:00000022 x14:00000022
27147555ns          474764 1c009462 40a55513 srai             x10, x10, 0x40a     x10=ffffffff x10:fffffd1c
27147575ns          474765 1c009464 04812e83 lw               x29, 72(x2)         x29=1c002f0c  x2:100034d8  PA:10003520
27147595ns          474766 1c009466 40a6d693 srai             x13, x13, 0x40a     x13=00000001 x13:00000528
27147615ns          474767 1c009468 000f5d03 lhu              x26, 0(x30)         x26=000005f0 x30:1c002edc  PA:1c002edc
27147953ns          474784 1c00946c 0005d583 lhu              x11, 0(x11)         x11=0000010e x11:1c002efc  PA:1c002efc
27148251ns          474799 1c009470 40a35313 srai             x6, x6, 0x40a        x6=00000001  x6:00000484
27148271ns          474800 1c009474 00a686b3 add              x13, x13, x10       x13=00000000 x13:00000001 x10:ffffffff
27148291ns          474801 1c009476 05012f03 lw               x30, 80(x2)         x30=1c002e7c  x2:100034d8  PA:10003528
27148311ns          474802 1c009478 10034e33 p.exths          x28, x6, x0         x28=00000001  x6:00000001
27148331ns          474803 1c00947c 06911023 sh               x9, 96(x2)           x9:00000244  x2:100034d8  PA:10003538
27148351ns          474804 1c009480 000ede83 lhu              x29, 0(x29)         x29=0000008e x29:1c002f0c  PA:1c002f0c
27148728ns          474823 1c009484 05812483 lw               x9, 88(x2)           x9=1c002e6c  x2:100034d8  PA:10003530
27148748ns          474824 1c009486 1006d6b3 p.exthz          x13, x13, x0        x13=00000000 x13:00000000
27148768ns          474825 1c00948a 02ee08b3 mul              x17, x28, x14       x17=00000022 x28:00000001 x14:00000022
27148788ns          474826 1c00948e 1006c833 p.exths          x16, x13, x0        x16=00000000 x13:00000000
27148808ns          474827 1c009492 06b11823 sh               x11, 112(x2)        x11:0000010e  x2:100034d8  PA:10003548
27148828ns          474828 1c009496 000f5f03 lhu              x30, 0(x30)         x30=0000ff0d x30:1c002e7c  PA:1c002e7c
27149186ns          474846 1c00949a 0a012583 lw               x11, 160(x2)        x11=1c002e9c  x2:100034d8  PA:10003578
27149206ns          474847 1c00949c 1007d7b3 p.exthz          x15, x15, x0        x15=0000fffa x15:fffffffa
27149226ns          474848 1c0094a0 0004da03 lhu              x20, 0(x9)          x20=0000faf0  x9:1c002e6c  PA:1c002e6c
27149524ns          474863 1c0094a4 1007c533 p.exths          x10, x15, x0        x10=fffffffa x15:0000fffa
27149544ns          474864 1c0094a8 09d11023 sh               x29, 128(x2)        x29:0000008e  x2:100034d8  PA:10003558
27149564ns          474865 1c0094ac 0003d483 lhu              x9, 0(x7)            x9=0000ffcb  x7:1c002ebc  PA:1c002ebc
27149882ns          474881 1c0094b0 02e80eb3 mul              x29, x16, x14       x29=00000000 x16:00000000 x14:00000022
27149902ns          474882 1c0094b4 40a8d893 srai             x17, x17, 0x40a     x17=00000000 x17:00000022
27149922ns          474883 1c0094b8 03c80833 mul              x16, x16, x28       x16=00000000 x16:00000000 x28:00000001
27149942ns          474884 1c0094bc 09e11823 sh               x30, 144(x2)        x30:0000ff0d  x2:100034d8  PA:10003568
27149962ns          474885 1c0094c0 0005d983 lhu              x19, 0(x11)         x19=0000ff9f x11:1c002e9c  PA:1c002e9c
27150300ns          474902 1c0094c4 81c88f5b p.muls           x30, x17, x28       x30=00000000 x17:00000000 x28:00000001
27150319ns          474903 1c0094c8 0002d583 lhu              x11, 0(x5)          x11=0000ff4d  x5:1c002eac  PA:1c002eac
27150618ns          474918 1c0094cc 03ce0fb3 mul              x31, x28, x28       x31=00000001 x28:00000001 x28:00000001
27150638ns          474919 1c0094d0 02e50733 mul              x14, x10, x14       x14=ffffff34 x10:fffffffa x14:00000022
27150658ns          474920 1c0094d4 40a85813 srai             x16, x16, 0x40a     x16=00000000 x16:00000000
27150677ns          474921 1c0094d8 03c50533 mul              x10, x10, x28       x10=fffffffa x10:fffffffa x28:00000001
27150697ns          474922 1c0094dc 07015e03 lhu              x28, 112(x2)        x28=0000010e  x2:100034d8  PA:10003548
27150737ns          474924 1c0094e0 01b60633 add              x12, x12, x27       x12=000015c2 x12:00000022 x27:000015a0
27150757ns          474925 1c0094e2 00980833 add              x16, x16, x9        x16=0000ffcb x16:00000000  x9:0000ffcb
27150777ns          474926 1c0094e4 06015d83 lhu              x27, 96(x2)         x27=00000244  x2:100034d8  PA:10003538
27150797ns          474927 1c0094e8 02812483 lw               x9, 40(x2)           x9=1c002ecc  x2:100034d8  PA:10003500
27150817ns          474928 1c0094ea 40afdf93 srai             x31, x31, 0x40a     x31=00000000 x31:00000001
27150837ns          474929 1c0094ee 40a55513 srai             x10, x10, 0x40a     x10=ffffffff x10:fffffffa
27150856ns          474930 1c0094f0 01cf8fb3 add              x31, x31, x28       x31=0000010e x31:00000000 x28:0000010e
27150876ns          474931 1c0094f2 00b50533 add              x10, x10, x11       x10=0000ff4c x10:ffffffff x11:0000ff4d
27150896ns          474932 1c0094f4 09015e03 lhu              x28, 144(x2)        x28=0000ff0d  x2:100034d8  PA:10003568
27150916ns          474933 1c0094f8 03012583 lw               x11, 48(x2)         x11=1c002edc  x2:100034d8  PA:10003508
27150936ns          474934 1c0094fa 00c49023 sh               x12, 0(x9)          x12:000015c2  x9:1c002ecc  PA:1c002ecc
27151254ns          474950 1c0094fe 01b888b3 add              x17, x17, x27       x17=00000244 x17:00000000 x27:00000244
27151274ns          474951 1c009500 01a30333 add              x6, x6, x26          x6=000005f1  x6:00000001 x26:000005f0
27151294ns          474952 1c009502 08015d83 lhu              x27, 128(x2)        x27=0000008e  x2:100034d8  PA:10003558
27151314ns          474953 1c009506 0000d903 lhu              x18, 0(x1)          x18=0000fe66  x1:1c002e8c  PA:1c002e8c
27151672ns          474971 1c00950a 01c686b3 add              x13, x13, x28       x13=0000ff0d x13:00000000 x28:0000ff0d
27151692ns          474972 1c00950c 00659023 sh               x6, 0(x11)           x6:000005f1 x11:1c002edc  PA:1c002edc
27152030ns          474989 1c009510 40af5f13 srai             x30, x30, 0x40a     x30=00000000 x30:00000000
27152050ns          474990 1c009514 04812e03 lw               x28, 72(x2)         x28=1c002f0c  x2:100034d8  PA:10003520
27152070ns          474991 1c009516 01bf0f33 add              x30, x30, x27       x30=0000008e x30:00000000 x27:0000008e
27152090ns          474992 1c009518 40aede93 srai             x29, x29, 0x40a     x29=00000000 x29:00000000
27152109ns          474993 1c00951c 40a75713 srai             x14, x14, 0x40a     x14=ffffffff x14:ffffff34
27152129ns          474994 1c00951e 03812603 lw               x12, 56(x2)         x12=1c002eec  x2:100034d8  PA:10003510
27152149ns          474995 1c009520 04012d83 lw               x27, 64(x2)         x27=1c002efc  x2:100034d8  PA:10003518
27152169ns          474996 1c009522 01ee1023 sh               x30, 0(x28)         x30:0000008e x28:1c002f0c  PA:1c002f0c
27152507ns          475013 1c009526 05812483 lw               x9, 88(x2)           x9=1c002e6c  x2:100034d8  PA:10003530
27152527ns          475014 1c009528 05012f03 lw               x30, 80(x2)         x30=1c002e7c  x2:100034d8  PA:10003528
27152547ns          475015 1c00952a 0a012583 lw               x11, 160(x2)        x11=1c002e9c  x2:100034d8  PA:10003578
27152567ns          475016 1c00952c 014787b3 add              x15, x15, x20       x15=0001faea x15:0000fffa x20:0000faf0
27152587ns          475017 1c00952e 013e8eb3 add              x29, x29, x19       x29=0000ff9f x29:00000000 x19:0000ff9f
27152607ns          475018 1c009530 01270733 add              x14, x14, x18       x14=0000fe65 x14:ffffffff x18:0000fe66
27152626ns          475019 1c009532 00f49023 sh               x15, 0(x9)          x15:0001faea  x9:1c002e6c  PA:1c002e6c
27152945ns          475035 1c009536 01161023 sh               x17, 0(x12)         x17:00000244 x12:1c002eec  PA:1c002eec
27153263ns          475051 1c00953a 01fd9023 sh               x31, 0(x27)         x31:0000010e x27:1c002efc  PA:1c002efc
27153581ns          475067 1c00953e 00df1023 sh               x13, 0(x30)         x13:0000ff0d x30:1c002e7c  PA:1c002e7c
27153899ns          475083 1c009542 01d59023 sh               x29, 0(x11)         x29:0000ff9f x11:1c002e9c  PA:1c002e9c
27154218ns          475099 1c009546 00e09023 sh               x14, 0(x1)          x14:0000fe65  x1:1c002e8c  PA:1c002e8c
27154536ns          475115 1c00954a 01039023 sh               x16, 0(x7)          x16:0000ffcb  x7:1c002ebc  PA:1c002ebc
27154854ns          475131 1c00954e 00a29023 sh               x10, 0(x5)          x10:0000ff4c  x5:1c002eac  PA:1c002eac
27155192ns          475148 1c009552 008b0b13 addi             x22, x22, 8         x22=0000012e x22:00000126
27155212ns          475149 1c009554 1f300793 addi             x15, x0, 499        x15=000001f3
27155232ns          475150 1c009558 e767dae3 bge              x15, x22, -396      x15:000001f3 x22:0000012e
27155291ns          475153 1c0093cc 010c9a0b p.lh             x20, 16(x25!)       x20=ffffff2d x25=1c0028f4 x25:1c0028e4  PA:1c0028e4
27155590ns          475168 1c0093d0 0104198b p.lh             x19, 16(x8!)        x19=0000002f  x8=1c0020bc  x8:1c0020ac  PA:1c0020ac
27155888ns          475183 1c0093d4 2cc10513 addi             x10, x2, 716        x10=100037a4  x2:100034d8
27155908ns          475184 1c0093d6 010a990b p.lh             x18, 16(x21!)       x18=ffffff2e x21=1c0018e8 x21:1c0018d8  PA:1c0018d8
27156206ns          475199 1c0093da 010b948b p.lh             x9, 16(x23!)         x9=00000040 x23=1c001118 x23:1c001108  PA:1c001108
27156525ns          475215 1c0093de 2d411623 sh               x20, 716(x2)        x20:ffffff2d  x2:100034d8  PA:100037a4
27156544ns          475216 1c0093e2 2d311723 sh               x19, 718(x2)        x19:0000002f  x2:100034d8  PA:100037a6
27156564ns          475217 1c0093e6 c33ff0ef jal              x1, -974             x1=1c0093e8
27156604ns          475219 1c009018 00051803 lh               x16, 0(x10)         x16=ffffff2d x10:100037a4  PA:100037a4
27156624ns          475220 1c00901c 00251883 lh               x17, 2(x10)         x17=0000002f x10:100037a4  PA:100037a6
27156644ns          475221 1c009020 030806b3 mul              x13, x16, x16       x13=0000ade9 x16:ffffff2d x16:ffffff2d
27156664ns          475222 1c009024 03188633 mul              x12, x17, x17       x12=000008a1 x17:0000002f x17:0000002f
27156684ns          475223 1c009028 40a65613 srai             x12, x12, 0x40a     x12=00000002 x12:000008a1
27156704ns          475224 1c00902a 40a6d693 srai             x13, x13, 0x40a     x13=0000002b x13:0000ade9
27156723ns          475225 1c00902c 00c686b3 add              x13, x13, x12       x13=0000002d x13:0000002b x12:00000002
27156743ns          475226 1c00902e 1006c633 p.exths          x12, x13, x0        x12=0000002d x13:0000002d
27156763ns          475227 1c009032 00855703 lhu              x14, 8(x10)         x14=0000ffd1 x10:100037a4  PA:100037ac
27156783ns          475228 1c009036 00a55683 lhu              x13, 10(x10)        x13=0000ff6a x10:100037a4  PA:100037ae
27156803ns          475229 1c00903a 02c60333 mul              x6, x12, x12         x6=000007e9 x12:0000002d x12:0000002d
27156823ns          475230 1c00903e 00c55783 lhu              x15, 12(x10)        x15=0000ffe5 x10:100037a4  PA:100037b0
27156843ns          475231 1c009042 00e55583 lhu              x11, 14(x10)        x11=00000060 x10:100037a4  PA:100037b2
27156863ns          475232 1c009046 dea30333 p.extract        x6, x6, 15, 10       x6=00000001  x6:000007e9
27156883ns          475233 1c00904a 80c7075b p.muls           x14, x14, x12       x14=fffff7bd x14:0000ffd1 x12:0000002d
27156902ns          475234 1c00904e 80c686db p.muls           x13, x13, x12       x13=ffffe5a2 x13:0000ff6a x12:0000002d
27156922ns          475235 1c009052 00455e83 lhu              x29, 4(x10)         x29=00000427 x10:100037a4  PA:100037a8
27156942ns          475236 1c009056 00655e03 lhu              x28, 6(x10)         x28=0000007f x10:100037a4  PA:100037aa
27156962ns          475237 1c00905a 40a75713 srai             x14, x14, 0x40a     x14=fffffffd x14:fffff7bd
27156982ns          475238 1c00905c 806787db p.muls           x15, x15, x6        x15=ffffffe5 x15:0000ffe5  x6:00000001
27157002ns          475239 1c009060 40a6d693 srai             x13, x13, 0x40a     x13=fffffff9 x13:ffffe5a2
27157022ns          475240 1c009062 8065865b p.muls           x12, x11, x6        x12=00000060 x11:00000060  x6:00000001
27157042ns          475241 1c009066 40a7d793 srai             x15, x15, 0x40a     x15=ffffffff x15:ffffffe5
27157062ns          475242 1c009068 40a65613 srai             x12, x12, 0x40a     x12=00000000 x12:00000060
27157081ns          475243 1c00906a 01d70733 add              x14, x14, x29       x14=00000424 x14:fffffffd x29:00000427
27157101ns          475244 1c00906c 01c686b3 add              x13, x13, x28       x13=00000078 x13:fffffff9 x28:0000007f
27157121ns          475245 1c00906e 00c686b3 add              x13, x13, x12       x13=00000078 x13:00000078 x12:00000000
27157141ns          475246 1c009070 00f70733 add              x14, x14, x15       x14=00000423 x14:00000424 x15:ffffffff
27157161ns          475247 1c009072 100747b3 p.exths          x15, x14, x0        x15=00000423 x14:00000423
27157181ns          475248 1c009076 1006c733 p.exths          x14, x13, x0        x14=00000078 x13:00000078
27157201ns          475249 1c00907a 03170633 mul              x12, x14, x17       x12=00001608 x14:00000078 x17:0000002f
27157221ns          475250 1c00907e 030786b3 mul              x13, x15, x16       x13=fffc9727 x15:00000423 x16:ffffff2d
27157241ns          475251 1c009082 03070733 mul              x14, x14, x16       x14=ffff9d18 x14:00000078 x16:ffffff2d
27157260ns          475252 1c009086 031787b3 mul              x15, x15, x17       x15=0000c26d x15:00000423 x17:0000002f
27157280ns          475253 1c00908a 40a6d693 srai             x13, x13, 0x40a     x13=ffffff25 x13:fffc9727
27157300ns          475254 1c00908c 40a65613 srai             x12, x12, 0x40a     x12=00000005 x12:00001608
27157320ns          475255 1c00908e 40a7d793 srai             x15, x15, 0x40a     x15=00000030 x15:0000c26d
27157340ns          475256 1c009090 40a75713 srai             x14, x14, 0x40a     x14=ffffffe7 x14:ffff9d18
27157360ns          475257 1c009092 40c686b3 sub              x13, x13, x12       x13=ffffff20 x13:ffffff25 x12:00000005
27157380ns          475258 1c009094 00e787b3 add              x15, x15, x14       x15=00000017 x15:00000030 x14:ffffffe7
27157400ns          475259 1c009096 00d51823 sh               x13, 16(x10)        x13:ffffff20 x10:100037a4  PA:100037b4
27157420ns          475260 1c00909a 00f51923 sh               x15, 18(x10)        x15:00000017 x10:100037a4  PA:100037b6
27157439ns          475261 1c00909e 00008067 jalr             x0, x1, 0            x1:1c0093e8
27157519ns          475265 1c0093e8 2dc15583 lhu              x11, 732(x2)        x11=0000ff20  x2:100034d8  PA:100037b4
27157539ns          475266 1c0093ec 2de15783 lhu              x15, 734(x2)        x15=00000017  x2:100034d8  PA:100037b6
27157559ns          475267 1c0093f0 40b90933 sub              x18, x18, x11       x18=ffff000e x18:ffffff2e x11:0000ff20
27157579ns          475268 1c0093f4 40f484b3 sub              x9, x9, x15          x9=00000029  x9:00000040 x15:00000017
27157598ns          475269 1c0093f6 100945b3 p.exths          x11, x18, x0        x11=0000000e x18:ffff000e
27157618ns          475270 1c0093fa 1004c7b3 p.exths          x15, x9, x0         x15=00000029  x9:00000029
27157638ns          475271 1c0093fe 034586b3 mul              x13, x11, x20       x13=fffff476 x11:0000000e x20:ffffff2d
27157658ns          475272 1c009402 03378533 mul              x10, x15, x19       x10=00000787 x15:00000029 x19:0000002f
27157678ns          475273 1c009406 034a0633 mul              x12, x20, x20       x12=0000ade9 x20:ffffff2d x20:ffffff2d
27157698ns          475274 1c00940a 03398733 mul              x14, x19, x19       x14=000008a1 x19:0000002f x19:0000002f
27157758ns          475277 1c00940e 034787b3 mul              x15, x15, x20       x15=ffffde35 x15:00000029 x20:ffffff2d
27157797ns          475279 1c009412 033585b3 mul              x11, x11, x19       x11=00000292 x11:0000000e x19:0000002f
27157817ns          475280 1c009416 40a75713 srai             x14, x14, 0x40a     x14=00000002 x14:000008a1
27157837ns          475281 1c009418 40a5d593 srai             x11, x11, 0x40a     x11=00000000 x11:00000292
27157857ns          475282 1c00941a 40a65613 srai             x12, x12, 0x40a     x12=0000002b x12:0000ade9
27157877ns          475283 1c00941c 40a7d793 srai             x15, x15, 0x40a     x15=fffffff7 x15:ffffde35
27157897ns          475284 1c00941e 1c0034b7 lui              x9, 0x1c003000       x9=1c003000
27157917ns          475285 1c009422 00e60633 add              x12, x12, x14       x12=0000002d x12:0000002b x14:00000002
27157937ns          475286 1c009424 40b787b3 sub              x15, x15, x11       x15=fffffff7 x15:fffffff7 x11:00000000
27157956ns          475287 1c009426 eb048493 addi             x9, x9, -336         x9=1c002eb0  x9:1c003000
27157976ns          475288 1c00942a 1c0032b7 lui              x5, 0x1c003000       x5=1c003000
27157996ns          475289 1c00942e 1c0035b7 lui              x11, 0x1c003000     x11=1c003000
27158016ns          475290 1c009432 018483b3 add              x7, x9, x24          x7=1c002ebc  x9:1c002eb0 x24:0000000c
27158036ns          475291 1c009436 02812e83 lw               x29, 40(x2)         x29=1c002ecc  x2:100034d8  PA:10003500
27158056ns          475292 1c009438 10065633 p.exthz          x12, x12, x0        x12=0000002d x12:0000002d
27158076ns          475293 1c00943c e8028293 addi             x5, x5, -384         x5=1c002e80  x5:1c003000
27158116ns          475295 1c009440 ea058593 addi             x11, x11, -352      x11=1c002ea0 x11:1c003000
27158155ns          475297 1c009444 03812483 lw               x9, 56(x2)           x9=1c002eec  x2:100034d8  PA:10003510
27158175ns          475298 1c009446 10064733 p.exths          x14, x12, x0        x14=0000002d x12:0000002d
27158195ns          475299 1c00944a 018280b3 add              x1, x5, x24          x1=1c002e8c  x5:1c002e80 x24:0000000c
27158215ns          475300 1c00944e 03012f03 lw               x30, 48(x2)         x30=1c002edc  x2:100034d8  PA:10003508
27158255ns          475302 1c009450 018582b3 add              x5, x11, x24         x5=1c002eac x11:1c002ea0 x24:0000000c
27158295ns          475304 1c009454 04012583 lw               x11, 64(x2)         x11=1c002efc  x2:100034d8  PA:10003518
27158314ns          475305 1c009456 000edd83 lhu              x27, 0(x29)         x27=000015c2 x29:1c002ecc  PA:1c002ecc
27158633ns          475321 1c00945a 0004d483 lhu              x9, 0(x9)            x9=00000244  x9:1c002eec  PA:1c002eec
27158931ns          475336 1c00945e 02e70333 mul              x6, x14, x14         x6=000007e9 x14:0000002d x14:0000002d
27158951ns          475337 1c009462 40a55513 srai             x10, x10, 0x40a     x10=00000001 x10:00000787
27158971ns          475338 1c009464 04812e83 lw               x29, 72(x2)         x29=1c002f0c  x2:100034d8  PA:10003520
27158991ns          475339 1c009466 40a6d693 srai             x13, x13, 0x40a     x13=fffffffd x13:fffff476
27159011ns          475340 1c009468 000f5d03 lhu              x26, 0(x30)         x26=000005f1 x30:1c002edc  PA:1c002edc
27159369ns          475358 1c00946c 0005d583 lhu              x11, 0(x11)         x11=0000010e x11:1c002efc  PA:1c002efc
27159687ns          475374 1c009470 40a35313 srai             x6, x6, 0x40a        x6=00000001  x6:000007e9
27159707ns          475375 1c009474 00a686b3 add              x13, x13, x10       x13=fffffffe x13:fffffffd x10:00000001
27159727ns          475376 1c009476 05012f03 lw               x30, 80(x2)         x30=1c002e7c  x2:100034d8  PA:10003528
27159746ns          475377 1c009478 10034e33 p.exths          x28, x6, x0         x28=00000001  x6:00000001
27159766ns          475378 1c00947c 06911023 sh               x9, 96(x2)           x9:00000244  x2:100034d8  PA:10003538
27159786ns          475379 1c009480 000ede83 lhu              x29, 0(x29)         x29=0000008e x29:1c002f0c  PA:1c002f0c
27160084ns          475394 1c009484 05812483 lw               x9, 88(x2)           x9=1c002e6c  x2:100034d8  PA:10003530
27160104ns          475395 1c009486 1006d6b3 p.exthz          x13, x13, x0        x13=0000fffe x13:fffffffe
27160124ns          475396 1c00948a 02ee08b3 mul              x17, x28, x14       x17=0000002d x28:00000001 x14:0000002d
27160144ns          475397 1c00948e 1006c833 p.exths          x16, x13, x0        x16=fffffffe x13:0000fffe
27160164ns          475398 1c009492 06b11823 sh               x11, 112(x2)        x11:0000010e  x2:100034d8  PA:10003548
27160184ns          475399 1c009496 000f5f03 lhu              x30, 0(x30)         x30=0000ff0d x30:1c002e7c  PA:1c002e7c
27160522ns          475416 1c00949a 0a012583 lw               x11, 160(x2)        x11=1c002e9c  x2:100034d8  PA:10003578
27160542ns          475417 1c00949c 1007d7b3 p.exthz          x15, x15, x0        x15=0000fff7 x15:fffffff7
27160562ns          475418 1c0094a0 0004da03 lhu              x20, 0(x9)          x20=0000faea  x9:1c002e6c  PA:1c002e6c
27160860ns          475433 1c0094a4 1007c533 p.exths          x10, x15, x0        x10=fffffff7 x15:0000fff7
27160880ns          475434 1c0094a8 09d11023 sh               x29, 128(x2)        x29:0000008e  x2:100034d8  PA:10003558
27160900ns          475435 1c0094ac 0003d483 lhu              x9, 0(x7)            x9=0000ffcb  x7:1c002ebc  PA:1c002ebc
27161198ns          475450 1c0094b0 02e80eb3 mul              x29, x16, x14       x29=ffffffa6 x16:fffffffe x14:0000002d
27161218ns          475451 1c0094b4 40a8d893 srai             x17, x17, 0x40a     x17=00000000 x17:0000002d
27161238ns          475452 1c0094b8 03c80833 mul              x16, x16, x28       x16=fffffffe x16:fffffffe x28:00000001
27161258ns          475453 1c0094bc 09e11823 sh               x30, 144(x2)        x30:0000ff0d  x2:100034d8  PA:10003568
27161278ns          475454 1c0094c0 0005d983 lhu              x19, 0(x11)         x19=0000ff9f x11:1c002e9c  PA:1c002e9c
27161596ns          475470 1c0094c4 81c88f5b p.muls           x30, x17, x28       x30=00000000 x17:00000000 x28:00000001
27161616ns          475471 1c0094c8 0002d583 lhu              x11, 0(x5)          x11=0000ff4c  x5:1c002eac  PA:1c002eac
27161934ns          475487 1c0094cc 03ce0fb3 mul              x31, x28, x28       x31=00000001 x28:00000001 x28:00000001
27161954ns          475488 1c0094d0 02e50733 mul              x14, x10, x14       x14=fffffe6b x10:fffffff7 x14:0000002d
27161974ns          475489 1c0094d4 40a85813 srai             x16, x16, 0x40a     x16=ffffffff x16:fffffffe
27161994ns          475490 1c0094d8 03c50533 mul              x10, x10, x28       x10=fffffff7 x10:fffffff7 x28:00000001
27162014ns          475491 1c0094dc 07015e03 lhu              x28, 112(x2)        x28=0000010e  x2:100034d8  PA:10003548
27162034ns          475492 1c0094e0 01b60633 add              x12, x12, x27       x12=000015ef x12:0000002d x27:000015c2
27162053ns          475493 1c0094e2 00980833 add              x16, x16, x9        x16=0000ffca x16:ffffffff  x9:0000ffcb
27162073ns          475494 1c0094e4 06015d83 lhu              x27, 96(x2)         x27=00000244  x2:100034d8  PA:10003538
27162093ns          475495 1c0094e8 02812483 lw               x9, 40(x2)           x9=1c002ecc  x2:100034d8  PA:10003500
27162113ns          475496 1c0094ea 40afdf93 srai             x31, x31, 0x40a     x31=00000000 x31:00000001
27162133ns          475497 1c0094ee 40a55513 srai             x10, x10, 0x40a     x10=ffffffff x10:fffffff7
27162153ns          475498 1c0094f0 01cf8fb3 add              x31, x31, x28       x31=0000010e x31:00000000 x28:0000010e
27162173ns          475499 1c0094f2 00b50533 add              x10, x10, x11       x10=0000ff4b x10:ffffffff x11:0000ff4c
27162193ns          475500 1c0094f4 09015e03 lhu              x28, 144(x2)        x28=0000ff0d  x2:100034d8  PA:10003568
27162213ns          475501 1c0094f8 03012583 lw               x11, 48(x2)         x11=1c002edc  x2:100034d8  PA:10003508
27162232ns          475502 1c0094fa 00c49023 sh               x12, 0(x9)          x12:000015ef  x9:1c002ecc  PA:1c002ecc
27162551ns          475518 1c0094fe 01b888b3 add              x17, x17, x27       x17=00000244 x17:00000000 x27:00000244
27162570ns          475519 1c009500 01a30333 add              x6, x6, x26          x6=000005f2  x6:00000001 x26:000005f1
27162590ns          475520 1c009502 08015d83 lhu              x27, 128(x2)        x27=0000008e  x2:100034d8  PA:10003558
27162610ns          475521 1c009506 0000d903 lhu              x18, 0(x1)          x18=0000fe65  x1:1c002e8c  PA:1c002e8c
27162909ns          475536 1c00950a 01c686b3 add              x13, x13, x28       x13=0001ff0b x13:0000fffe x28:0000ff0d
27162928ns          475537 1c00950c 00659023 sh               x6, 0(x11)           x6:000005f2 x11:1c002edc  PA:1c002edc
27163247ns          475553 1c009510 40af5f13 srai             x30, x30, 0x40a     x30=00000000 x30:00000000
27163267ns          475554 1c009514 04812e03 lw               x28, 72(x2)         x28=1c002f0c  x2:100034d8  PA:10003520
27163286ns          475555 1c009516 01bf0f33 add              x30, x30, x27       x30=0000008e x30:00000000 x27:0000008e
27163306ns          475556 1c009518 40aede93 srai             x29, x29, 0x40a     x29=ffffffff x29:ffffffa6
27163326ns          475557 1c00951c 40a75713 srai             x14, x14, 0x40a     x14=ffffffff x14:fffffe6b
27163346ns          475558 1c00951e 03812603 lw               x12, 56(x2)         x12=1c002eec  x2:100034d8  PA:10003510
27163366ns          475559 1c009520 04012d83 lw               x27, 64(x2)         x27=1c002efc  x2:100034d8  PA:10003518
27163386ns          475560 1c009522 01ee1023 sh               x30, 0(x28)         x30:0000008e x28:1c002f0c  PA:1c002f0c
27163724ns          475577 1c009526 05812483 lw               x9, 88(x2)           x9=1c002e6c  x2:100034d8  PA:10003530
27163744ns          475578 1c009528 05012f03 lw               x30, 80(x2)         x30=1c002e7c  x2:100034d8  PA:10003528
27163764ns          475579 1c00952a 0a012583 lw               x11, 160(x2)        x11=1c002e9c  x2:100034d8  PA:10003578
27163784ns          475580 1c00952c 014787b3 add              x15, x15, x20       x15=0001fae1 x15:0000fff7 x20:0000faea
27163804ns          475581 1c00952e 013e8eb3 add              x29, x29, x19       x29=0000ff9e x29:ffffffff x19:0000ff9f
27163823ns          475582 1c009530 01270733 add              x14, x14, x18       x14=0000fe64 x14:ffffffff x18:0000fe65
27163843ns          475583 1c009532 00f49023 sh               x15, 0(x9)          x15:0001fae1  x9:1c002e6c  PA:1c002e6c
27164181ns          475600 1c009536 01161023 sh               x17, 0(x12)         x17:00000244 x12:1c002eec  PA:1c002eec
27164539ns          475618 1c00953a 01fd9023 sh               x31, 0(x27)         x31:0000010e x27:1c002efc  PA:1c002efc
27164858ns          475634 1c00953e 00df1023 sh               x13, 0(x30)         x13:0001ff0b x30:1c002e7c  PA:1c002e7c
27165176ns          475650 1c009542 01d59023 sh               x29, 0(x11)         x29:0000ff9e x11:1c002e9c  PA:1c002e9c
27165514ns          475667 1c009546 00e09023 sh               x14, 0(x1)          x14:0000fe64  x1:1c002e8c  PA:1c002e8c
27165832ns          475683 1c00954a 01039023 sh               x16, 0(x7)          x16:0000ffca  x7:1c002ebc  PA:1c002ebc
27166150ns          475699 1c00954e 00a29023 sh               x10, 0(x5)          x10:0000ff4b  x5:1c002eac  PA:1c002eac
27166469ns          475715 1c009552 008b0b13 addi             x22, x22, 8         x22=00000136 x22:0000012e
27166488ns          475716 1c009554 1f300793 addi             x15, x0, 499        x15=000001f3
27166508ns          475717 1c009558 e767dae3 bge              x15, x22, -396      x15:000001f3 x22:00000136
27166608ns          475722 1c0093cc 010c9a0b p.lh             x20, 16(x25!)       x20=0000000c x25=1c002904 x25:1c0028f4  PA:1c0028f4
27166926ns          475738 1c0093d0 0104198b p.lh             x19, 16(x8!)        x19=ffffffa2  x8=1c0020cc  x8:1c0020bc  PA:1c0020bc
27167224ns          475753 1c0093d4 2cc10513 addi             x10, x2, 716        x10=100037a4  x2:100034d8
27167244ns          475754 1c0093d6 010a990b p.lh             x18, 16(x21!)       x18=00000009 x21=1c0018f8 x21:1c0018e8  PA:1c0018e8
27167542ns          475769 1c0093da 010b948b p.lh             x9, 16(x23!)         x9=ffffff9a x23=1c001128 x23:1c001118  PA:1c001118
27167841ns          475784 1c0093de 2d411623 sh               x20, 716(x2)        x20:0000000c  x2:100034d8  PA:100037a4
27167861ns          475785 1c0093e2 2d311723 sh               x19, 718(x2)        x19:ffffffa2  x2:100034d8  PA:100037a6
27167881ns          475786 1c0093e6 c33ff0ef jal              x1, -974             x1=1c0093e8
27167920ns          475788 1c009018 00051803 lh               x16, 0(x10)         x16=0000000c x10:100037a4  PA:100037a4
27167940ns          475789 1c00901c 00251883 lh               x17, 2(x10)         x17=ffffffa2 x10:100037a4  PA:100037a6
27167960ns          475790 1c009020 030806b3 mul              x13, x16, x16       x13=00000090 x16:0000000c x16:0000000c
27167980ns          475791 1c009024 03188633 mul              x12, x17, x17       x12=00002284 x17:ffffffa2 x17:ffffffa2
27168000ns          475792 1c009028 40a65613 srai             x12, x12, 0x40a     x12=00000008 x12:00002284
27168020ns          475793 1c00902a 40a6d693 srai             x13, x13, 0x40a     x13=00000000 x13:00000090
27168040ns          475794 1c00902c 00c686b3 add              x13, x13, x12       x13=00000008 x13:00000000 x12:00000008
27168060ns          475795 1c00902e 1006c633 p.exths          x12, x13, x0        x12=00000008 x13:00000008
27168079ns          475796 1c009032 00855703 lhu              x14, 8(x10)         x14=0000ffd1 x10:100037a4  PA:100037ac
27168099ns          475797 1c009036 00a55683 lhu              x13, 10(x10)        x13=0000ff6a x10:100037a4  PA:100037ae
27168119ns          475798 1c00903a 02c60333 mul              x6, x12, x12         x6=00000040 x12:00000008 x12:00000008
27168139ns          475799 1c00903e 00c55783 lhu              x15, 12(x10)        x15=0000ffe5 x10:100037a4  PA:100037b0
27168159ns          475800 1c009042 00e55583 lhu              x11, 14(x10)        x11=00000060 x10:100037a4  PA:100037b2
27168179ns          475801 1c009046 dea30333 p.extract        x6, x6, 15, 10       x6=00000000  x6:00000040
27168199ns          475802 1c00904a 80c7075b p.muls           x14, x14, x12       x14=fffffe88 x14:0000ffd1 x12:00000008
27168239ns          475804 1c00904e 80c686db p.muls           x13, x13, x12       x13=fffffb50 x13:0000ff6a x12:00000008
27168278ns          475806 1c009052 00455e83 lhu              x29, 4(x10)         x29=00000427 x10:100037a4  PA:100037a8
27168318ns          475808 1c009056 00655e03 lhu              x28, 6(x10)         x28=0000007f x10:100037a4  PA:100037aa
27168338ns          475809 1c00905a 40a75713 srai             x14, x14, 0x40a     x14=ffffffff x14:fffffe88
27168358ns          475810 1c00905c 806787db p.muls           x15, x15, x6        x15=00000000 x15:0000ffe5  x6:00000000
27168378ns          475811 1c009060 40a6d693 srai             x13, x13, 0x40a     x13=fffffffe x13:fffffb50
27168398ns          475812 1c009062 8065865b p.muls           x12, x11, x6        x12=00000000 x11:00000060  x6:00000000
27168418ns          475813 1c009066 40a7d793 srai             x15, x15, 0x40a     x15=00000000 x15:00000000
27168437ns          475814 1c009068 40a65613 srai             x12, x12, 0x40a     x12=00000000 x12:00000000
27168457ns          475815 1c00906a 01d70733 add              x14, x14, x29       x14=00000426 x14:ffffffff x29:00000427
27168477ns          475816 1c00906c 01c686b3 add              x13, x13, x28       x13=0000007d x13:fffffffe x28:0000007f
27168497ns          475817 1c00906e 00c686b3 add              x13, x13, x12       x13=0000007d x13:0000007d x12:00000000
27168517ns          475818 1c009070 00f70733 add              x14, x14, x15       x14=00000426 x14:00000426 x15:00000000
27168537ns          475819 1c009072 100747b3 p.exths          x15, x14, x0        x15=00000426 x14:00000426
27168557ns          475820 1c009076 1006c733 p.exths          x14, x13, x0        x14=0000007d x13:0000007d
27168577ns          475821 1c00907a 03170633 mul              x12, x14, x17       x12=ffffd21a x14:0000007d x17:ffffffa2
27168597ns          475822 1c00907e 030786b3 mul              x13, x15, x16       x13=000031c8 x15:00000426 x16:0000000c
27168616ns          475823 1c009082 03070733 mul              x14, x14, x16       x14=000005dc x14:0000007d x16:0000000c
27168636ns          475824 1c009086 031787b3 mul              x15, x15, x17       x15=fffe7a0c x15:00000426 x17:ffffffa2
27168656ns          475825 1c00908a 40a6d693 srai             x13, x13, 0x40a     x13=0000000c x13:000031c8
27168676ns          475826 1c00908c 40a65613 srai             x12, x12, 0x40a     x12=fffffff4 x12:ffffd21a
27168696ns          475827 1c00908e 40a7d793 srai             x15, x15, 0x40a     x15=ffffff9e x15:fffe7a0c
27168716ns          475828 1c009090 40a75713 srai             x14, x14, 0x40a     x14=00000001 x14:000005dc
27168736ns          475829 1c009092 40c686b3 sub              x13, x13, x12       x13=00000018 x13:0000000c x12:fffffff4
27168756ns          475830 1c009094 00e787b3 add              x15, x15, x14       x15=ffffff9f x15:ffffff9e x14:00000001
27168776ns          475831 1c009096 00d51823 sh               x13, 16(x10)        x13:00000018 x10:100037a4  PA:100037b4
27168795ns          475832 1c00909a 00f51923 sh               x15, 18(x10)        x15:ffffff9f x10:100037a4  PA:100037b6
27168815ns          475833 1c00909e 00008067 jalr             x0, x1, 0            x1:1c0093e8
27168895ns          475837 1c0093e8 2dc15583 lhu              x11, 732(x2)        x11=00000018  x2:100034d8  PA:100037b4
27168915ns          475838 1c0093ec 2de15783 lhu              x15, 734(x2)        x15=0000ff9f  x2:100034d8  PA:100037b6
27168935ns          475839 1c0093f0 40b90933 sub              x18, x18, x11       x18=fffffff1 x18:00000009 x11:00000018
27168955ns          475840 1c0093f4 40f484b3 sub              x9, x9, x15          x9=fffefffb  x9:ffffff9a x15:0000ff9f
27168974ns          475841 1c0093f6 100945b3 p.exths          x11, x18, x0        x11=fffffff1 x18:fffffff1
27168994ns          475842 1c0093fa 1004c7b3 p.exths          x15, x9, x0         x15=fffffffb  x9:fffefffb
27169014ns          475843 1c0093fe 034586b3 mul              x13, x11, x20       x13=ffffff4c x11:fffffff1 x20:0000000c
27169034ns          475844 1c009402 03378533 mul              x10, x15, x19       x10=000001d6 x15:fffffffb x19:ffffffa2
27169054ns          475845 1c009406 034a0633 mul              x12, x20, x20       x12=00000090 x20:0000000c x20:0000000c
27169074ns          475846 1c00940a 03398733 mul              x14, x19, x19       x14=00002284 x19:ffffffa2 x19:ffffffa2
27169094ns          475847 1c00940e 034787b3 mul              x15, x15, x20       x15=ffffffc4 x15:fffffffb x20:0000000c
27169114ns          475848 1c009412 033585b3 mul              x11, x11, x19       x11=00000582 x11:fffffff1 x19:ffffffa2
27169134ns          475849 1c009416 40a75713 srai             x14, x14, 0x40a     x14=00000008 x14:00002284
27169153ns          475850 1c009418 40a5d593 srai             x11, x11, 0x40a     x11=00000001 x11:00000582
27169173ns          475851 1c00941a 40a65613 srai             x12, x12, 0x40a     x12=00000000 x12:00000090
27169193ns          475852 1c00941c 40a7d793 srai             x15, x15, 0x40a     x15=ffffffff x15:ffffffc4
27169213ns          475853 1c00941e 1c0034b7 lui              x9, 0x1c003000       x9=1c003000
27169233ns          475854 1c009422 00e60633 add              x12, x12, x14       x12=00000008 x12:00000000 x14:00000008
27169253ns          475855 1c009424 40b787b3 sub              x15, x15, x11       x15=fffffffe x15:ffffffff x11:00000001
27169273ns          475856 1c009426 eb048493 addi             x9, x9, -336         x9=1c002eb0  x9:1c003000
27169293ns          475857 1c00942a 1c0032b7 lui              x5, 0x1c003000       x5=1c003000
27169313ns          475858 1c00942e 1c0035b7 lui              x11, 0x1c003000     x11=1c003000
27169332ns          475859 1c009432 018483b3 add              x7, x9, x24          x7=1c002ebc  x9:1c002eb0 x24:0000000c
27169352ns          475860 1c009436 02812e83 lw               x29, 40(x2)         x29=1c002ecc  x2:100034d8  PA:10003500
27169372ns          475861 1c009438 10065633 p.exthz          x12, x12, x0        x12=00000008 x12:00000008
27169392ns          475862 1c00943c e8028293 addi             x5, x5, -384         x5=1c002e80  x5:1c003000
27169412ns          475863 1c009440 ea058593 addi             x11, x11, -352      x11=1c002ea0 x11:1c003000
27169432ns          475864 1c009444 03812483 lw               x9, 56(x2)           x9=1c002eec  x2:100034d8  PA:10003510
27169452ns          475865 1c009446 10064733 p.exths          x14, x12, x0        x14=00000008 x12:00000008
27169472ns          475866 1c00944a 018280b3 add              x1, x5, x24          x1=1c002e8c  x5:1c002e80 x24:0000000c
27169492ns          475867 1c00944e 03012f03 lw               x30, 48(x2)         x30=1c002edc  x2:100034d8  PA:10003508
27169511ns          475868 1c009450 018582b3 add              x5, x11, x24         x5=1c002eac x11:1c002ea0 x24:0000000c
27169531ns          475869 1c009454 04012583 lw               x11, 64(x2)         x11=1c002efc  x2:100034d8  PA:10003518
27169551ns          475870 1c009456 000edd83 lhu              x27, 0(x29)         x27=000015ef x29:1c002ecc  PA:1c002ecc
27169869ns          475886 1c00945a 0004d483 lhu              x9, 0(x9)            x9=00000244  x9:1c002eec  PA:1c002eec
27170247ns          475905 1c00945e 02e70333 mul              x6, x14, x14         x6=00000040 x14:00000008 x14:00000008
27170267ns          475906 1c009462 40a55513 srai             x10, x10, 0x40a     x10=00000000 x10:000001d6
27170287ns          475907 1c009464 04812e83 lw               x29, 72(x2)         x29=1c002f0c  x2:100034d8  PA:10003520
27170307ns          475908 1c009466 40a6d693 srai             x13, x13, 0x40a     x13=ffffffff x13:ffffff4c
27170327ns          475909 1c009468 000f5d03 lhu              x26, 0(x30)         x26=000005f2 x30:1c002edc  PA:1c002edc
27170665ns          475926 1c00946c 0005d583 lhu              x11, 0(x11)         x11=0000010e x11:1c002efc  PA:1c002efc
27170983ns          475942 1c009470 40a35313 srai             x6, x6, 0x40a        x6=00000000  x6:00000040
27171003ns          475943 1c009474 00a686b3 add              x13, x13, x10       x13=ffffffff x13:ffffffff x10:00000000
27171023ns          475944 1c009476 05012f03 lw               x30, 80(x2)         x30=1c002e7c  x2:100034d8  PA:10003528
27171043ns          475945 1c009478 10034e33 p.exths          x28, x6, x0         x28=00000000  x6:00000000
27171063ns          475946 1c00947c 06911023 sh               x9, 96(x2)           x9:00000244  x2:100034d8  PA:10003538
27171083ns          475947 1c009480 000ede83 lhu              x29, 0(x29)         x29=0000008e x29:1c002f0c  PA:1c002f0c
27171381ns          475962 1c009484 05812483 lw               x9, 88(x2)           x9=1c002e6c  x2:100034d8  PA:10003530
27171401ns          475963 1c009486 1006d6b3 p.exthz          x13, x13, x0        x13=0000ffff x13:ffffffff
27171421ns          475964 1c00948a 02ee08b3 mul              x17, x28, x14       x17=00000000 x28:00000000 x14:00000008
27171441ns          475965 1c00948e 1006c833 p.exths          x16, x13, x0        x16=ffffffff x13:0000ffff
27171460ns          475966 1c009492 06b11823 sh               x11, 112(x2)        x11:0000010e  x2:100034d8  PA:10003548
27171480ns          475967 1c009496 000f5f03 lhu              x30, 0(x30)         x30=0000ff0b x30:1c002e7c  PA:1c002e7c
27171779ns          475982 1c00949a 0a012583 lw               x11, 160(x2)        x11=1c002e9c  x2:100034d8  PA:10003578
27171799ns          475983 1c00949c 1007d7b3 p.exthz          x15, x15, x0        x15=0000fffe x15:fffffffe
27171818ns          475984 1c0094a0 0004da03 lhu              x20, 0(x9)          x20=0000fae1  x9:1c002e6c  PA:1c002e6c
27172117ns          475999 1c0094a4 1007c533 p.exths          x10, x15, x0        x10=fffffffe x15:0000fffe
27172137ns          476000 1c0094a8 09d11023 sh               x29, 128(x2)        x29:0000008e  x2:100034d8  PA:10003558
27172157ns          476001 1c0094ac 0003d483 lhu              x9, 0(x7)            x9=0000ffca  x7:1c002ebc  PA:1c002ebc
27172455ns          476016 1c0094b0 02e80eb3 mul              x29, x16, x14       x29=fffffff8 x16:ffffffff x14:00000008
27172475ns          476017 1c0094b4 40a8d893 srai             x17, x17, 0x40a     x17=00000000 x17:00000000
27172495ns          476018 1c0094b8 03c80833 mul              x16, x16, x28       x16=00000000 x16:ffffffff x28:00000000
27172514ns          476019 1c0094bc 09e11823 sh               x30, 144(x2)        x30:0000ff0b  x2:100034d8  PA:10003568
27172534ns          476020 1c0094c0 0005d983 lhu              x19, 0(x11)         x19=0000ff9e x11:1c002e9c  PA:1c002e9c
27172833ns          476035 1c0094c4 81c88f5b p.muls           x30, x17, x28       x30=00000000 x17:00000000 x28:00000000
27172853ns          476036 1c0094c8 0002d583 lhu              x11, 0(x5)          x11=0000ff4b  x5:1c002eac  PA:1c002eac
27173191ns          476053 1c0094cc 03ce0fb3 mul              x31, x28, x28       x31=00000000 x28:00000000 x28:00000000
27173211ns          476054 1c0094d0 02e50733 mul              x14, x10, x14       x14=fffffff0 x10:fffffffe x14:00000008
27173230ns          476055 1c0094d4 40a85813 srai             x16, x16, 0x40a     x16=00000000 x16:00000000
27173250ns          476056 1c0094d8 03c50533 mul              x10, x10, x28       x10=00000000 x10:fffffffe x28:00000000
27173270ns          476057 1c0094dc 07015e03 lhu              x28, 112(x2)        x28=0000010e  x2:100034d8  PA:10003548
27173290ns          476058 1c0094e0 01b60633 add              x12, x12, x27       x12=000015f7 x12:00000008 x27:000015ef
27173310ns          476059 1c0094e2 00980833 add              x16, x16, x9        x16=0000ffca x16:00000000  x9:0000ffca
27173330ns          476060 1c0094e4 06015d83 lhu              x27, 96(x2)         x27=00000244  x2:100034d8  PA:10003538
27173350ns          476061 1c0094e8 02812483 lw               x9, 40(x2)           x9=1c002ecc  x2:100034d8  PA:10003500
27173370ns          476062 1c0094ea 40afdf93 srai             x31, x31, 0x40a     x31=00000000 x31:00000000
27173390ns          476063 1c0094ee 40a55513 srai             x10, x10, 0x40a     x10=00000000 x10:00000000
27173409ns          476064 1c0094f0 01cf8fb3 add              x31, x31, x28       x31=0000010e x31:00000000 x28:0000010e
27173429ns          476065 1c0094f2 00b50533 add              x10, x10, x11       x10=0000ff4b x10:00000000 x11:0000ff4b
27173449ns          476066 1c0094f4 09015e03 lhu              x28, 144(x2)        x28=0000ff0b  x2:100034d8  PA:10003568
27173469ns          476067 1c0094f8 03012583 lw               x11, 48(x2)         x11=1c002edc  x2:100034d8  PA:10003508
27173489ns          476068 1c0094fa 00c49023 sh               x12, 0(x9)          x12:000015f7  x9:1c002ecc  PA:1c002ecc
27173807ns          476084 1c0094fe 01b888b3 add              x17, x17, x27       x17=00000244 x17:00000000 x27:00000244
27173827ns          476085 1c009500 01a30333 add              x6, x6, x26          x6=000005f2  x6:00000000 x26:000005f2
27173847ns          476086 1c009502 08015d83 lhu              x27, 128(x2)        x27=0000008e  x2:100034d8  PA:10003558
27173867ns          476087 1c009506 0000d903 lhu              x18, 0(x1)          x18=0000fe64  x1:1c002e8c  PA:1c002e8c
27174165ns          476102 1c00950a 01c686b3 add              x13, x13, x28       x13=0001ff0a x13:0000ffff x28:0000ff0b
27174185ns          476103 1c00950c 00659023 sh               x6, 0(x11)           x6:000005f2 x11:1c002edc  PA:1c002edc
27174503ns          476119 1c009510 40af5f13 srai             x30, x30, 0x40a     x30=00000000 x30:00000000
27174523ns          476120 1c009514 04812e03 lw               x28, 72(x2)         x28=1c002f0c  x2:100034d8  PA:10003520
27174543ns          476121 1c009516 01bf0f33 add              x30, x30, x27       x30=0000008e x30:00000000 x27:0000008e
27174563ns          476122 1c009518 40aede93 srai             x29, x29, 0x40a     x29=ffffffff x29:fffffff8
27174583ns          476123 1c00951c 40a75713 srai             x14, x14, 0x40a     x14=ffffffff x14:fffffff0
27174603ns          476124 1c00951e 03812603 lw               x12, 56(x2)         x12=1c002eec  x2:100034d8  PA:10003510
27174623ns          476125 1c009520 04012d83 lw               x27, 64(x2)         x27=1c002efc  x2:100034d8  PA:10003518
27174643ns          476126 1c009522 01ee1023 sh               x30, 0(x28)         x30:0000008e x28:1c002f0c  PA:1c002f0c
27174981ns          476143 1c009526 05812483 lw               x9, 88(x2)           x9=1c002e6c  x2:100034d8  PA:10003530
27175000ns          476144 1c009528 05012f03 lw               x30, 80(x2)         x30=1c002e7c  x2:100034d8  PA:10003528
27175020ns          476145 1c00952a 0a012583 lw               x11, 160(x2)        x11=1c002e9c  x2:100034d8  PA:10003578
27175040ns          476146 1c00952c 014787b3 add              x15, x15, x20       x15=0001fadf x15:0000fffe x20:0000fae1
27175060ns          476147 1c00952e 013e8eb3 add              x29, x29, x19       x29=0000ff9d x29:ffffffff x19:0000ff9e
27175080ns          476148 1c009530 01270733 add              x14, x14, x18       x14=0000fe63 x14:ffffffff x18:0000fe64
27175100ns          476149 1c009532 00f49023 sh               x15, 0(x9)          x15:0001fadf  x9:1c002e6c  PA:1c002e6c
27175438ns          476166 1c009536 01161023 sh               x17, 0(x12)         x17:00000244 x12:1c002eec  PA:1c002eec
27175756ns          476182 1c00953a 01fd9023 sh               x31, 0(x27)         x31:0000010e x27:1c002efc  PA:1c002efc
27176074ns          476198 1c00953e 00df1023 sh               x13, 0(x30)         x13:0001ff0a x30:1c002e7c  PA:1c002e7c
27176393ns          476214 1c009542 01d59023 sh               x29, 0(x11)         x29:0000ff9d x11:1c002e9c  PA:1c002e9c
27176711ns          476230 1c009546 00e09023 sh               x14, 0(x1)          x14:0000fe63  x1:1c002e8c  PA:1c002e8c
27177109ns          476250 1c00954a 01039023 sh               x16, 0(x7)          x16:0000ffca  x7:1c002ebc  PA:1c002ebc
27177447ns          476267 1c00954e 00a29023 sh               x10, 0(x5)          x10:0000ff4b  x5:1c002eac  PA:1c002eac
27177765ns          476283 1c009552 008b0b13 addi             x22, x22, 8         x22=0000013e x22:00000136
27177785ns          476284 1c009554 1f300793 addi             x15, x0, 499        x15=000001f3
27177805ns          476285 1c009558 e767dae3 bge              x15, x22, -396      x15:000001f3 x22:0000013e
27177904ns          476290 1c0093cc 010c9a0b p.lh             x20, 16(x25!)       x20=000000f9 x25=1c002914 x25:1c002904  PA:1c002904
27178242ns          476307 1c0093d0 0104198b p.lh             x19, 16(x8!)        x19=fffffeaa  x8=1c0020dc  x8:1c0020cc  PA:1c0020cc
27178541ns          476322 1c0093d4 2cc10513 addi             x10, x2, 716        x10=100037a4  x2:100034d8
27178560ns          476323 1c0093d6 010a990b p.lh             x18, 16(x21!)       x18=000000d0 x21=1c001908 x21:1c0018f8  PA:1c0018f8
27178879ns          476339 1c0093da 010b948b p.lh             x9, 16(x23!)         x9=fffffe8f x23=1c001138 x23:1c001128  PA:1c001128
27179177ns          476354 1c0093de 2d411623 sh               x20, 716(x2)        x20:000000f9  x2:100034d8  PA:100037a4
27179197ns          476355 1c0093e2 2d311723 sh               x19, 718(x2)        x19:fffffeaa  x2:100034d8  PA:100037a6
27179217ns          476356 1c0093e6 c33ff0ef jal              x1, -974             x1=1c0093e8
27179296ns          476360 1c009018 00051803 lh               x16, 0(x10)         x16=000000f9 x10:100037a4  PA:100037a4
27179336ns          476362 1c00901c 00251883 lh               x17, 2(x10)         x17=fffffeaa x10:100037a4  PA:100037a6
27179356ns          476363 1c009020 030806b3 mul              x13, x16, x16       x13=0000f231 x16:000000f9 x16:000000f9
27179376ns          476364 1c009024 03188633 mul              x12, x17, x17       x12=0001c8e4 x17:fffffeaa x17:fffffeaa
27179396ns          476365 1c009028 40a65613 srai             x12, x12, 0x40a     x12=00000072 x12:0001c8e4
27179416ns          476366 1c00902a 40a6d693 srai             x13, x13, 0x40a     x13=0000003c x13:0000f231
27179436ns          476367 1c00902c 00c686b3 add              x13, x13, x12       x13=000000ae x13:0000003c x12:00000072
27179455ns          476368 1c00902e 1006c633 p.exths          x12, x13, x0        x12=000000ae x13:000000ae
27179475ns          476369 1c009032 00855703 lhu              x14, 8(x10)         x14=0000ffd1 x10:100037a4  PA:100037ac
27179495ns          476370 1c009036 00a55683 lhu              x13, 10(x10)        x13=0000ff6a x10:100037a4  PA:100037ae
27179515ns          476371 1c00903a 02c60333 mul              x6, x12, x12         x6=00007644 x12:000000ae x12:000000ae
27179535ns          476372 1c00903e 00c55783 lhu              x15, 12(x10)        x15=0000ffe5 x10:100037a4  PA:100037b0
27179555ns          476373 1c009042 00e55583 lhu              x11, 14(x10)        x11=00000060 x10:100037a4  PA:100037b2
27179575ns          476374 1c009046 dea30333 p.extract        x6, x6, 15, 10       x6=0000001d  x6:00007644
27179595ns          476375 1c00904a 80c7075b p.muls           x14, x14, x12       x14=ffffe00e x14:0000ffd1 x12:000000ae
27179615ns          476376 1c00904e 80c686db p.muls           x13, x13, x12       x13=ffff9a0c x13:0000ff6a x12:000000ae
27179634ns          476377 1c009052 00455e83 lhu              x29, 4(x10)         x29=00000427 x10:100037a4  PA:100037a8
27179654ns          476378 1c009056 00655e03 lhu              x28, 6(x10)         x28=0000007f x10:100037a4  PA:100037aa
27179674ns          476379 1c00905a 40a75713 srai             x14, x14, 0x40a     x14=fffffff8 x14:ffffe00e
27179694ns          476380 1c00905c 806787db p.muls           x15, x15, x6        x15=fffffcf1 x15:0000ffe5  x6:0000001d
27179714ns          476381 1c009060 40a6d693 srai             x13, x13, 0x40a     x13=ffffffe6 x13:ffff9a0c
27179754ns          476383 1c009062 8065865b p.muls           x12, x11, x6        x12=00000ae0 x11:00000060  x6:0000001d
27179774ns          476384 1c009066 40a7d793 srai             x15, x15, 0x40a     x15=ffffffff x15:fffffcf1
27179794ns          476385 1c009068 40a65613 srai             x12, x12, 0x40a     x12=00000002 x12:00000ae0
27179813ns          476386 1c00906a 01d70733 add              x14, x14, x29       x14=0000041f x14:fffffff8 x29:00000427
27179833ns          476387 1c00906c 01c686b3 add              x13, x13, x28       x13=00000065 x13:ffffffe6 x28:0000007f
27179853ns          476388 1c00906e 00c686b3 add              x13, x13, x12       x13=00000067 x13:00000065 x12:00000002
27179873ns          476389 1c009070 00f70733 add              x14, x14, x15       x14=0000041e x14:0000041f x15:ffffffff
27179893ns          476390 1c009072 100747b3 p.exths          x15, x14, x0        x15=0000041e x14:0000041e
27179913ns          476391 1c009076 1006c733 p.exths          x14, x13, x0        x14=00000067 x13:00000067
27179933ns          476392 1c00907a 03170633 mul              x12, x14, x17       x12=ffff7666 x14:00000067 x17:fffffeaa
27179953ns          476393 1c00907e 030786b3 mul              x13, x15, x16       x13=0004012e x15:0000041e x16:000000f9
27179972ns          476394 1c009082 03070733 mul              x14, x14, x16       x14=0000642f x14:00000067 x16:000000f9
27179992ns          476395 1c009086 031787b3 mul              x15, x15, x17       x15=fffa7fec x15:0000041e x17:fffffeaa
27180012ns          476396 1c00908a 40a6d693 srai             x13, x13, 0x40a     x13=00000100 x13:0004012e
27180032ns          476397 1c00908c 40a65613 srai             x12, x12, 0x40a     x12=ffffffdd x12:ffff7666
27180052ns          476398 1c00908e 40a7d793 srai             x15, x15, 0x40a     x15=fffffe9f x15:fffa7fec
27180072ns          476399 1c009090 40a75713 srai             x14, x14, 0x40a     x14=00000019 x14:0000642f
27180092ns          476400 1c009092 40c686b3 sub              x13, x13, x12       x13=00000123 x13:00000100 x12:ffffffdd
27180112ns          476401 1c009094 00e787b3 add              x15, x15, x14       x15=fffffeb8 x15:fffffe9f x14:00000019
27180132ns          476402 1c009096 00d51823 sh               x13, 16(x10)        x13:00000123 x10:100037a4  PA:100037b4
27180171ns          476404 1c00909a 00f51923 sh               x15, 18(x10)        x15:fffffeb8 x10:100037a4  PA:100037b6
27180211ns          476406 1c00909e 00008067 jalr             x0, x1, 0            x1:1c0093e8
27180231ns          476407 1c0093e8 2dc15583 lhu              x11, 732(x2)        x11=00000123  x2:100034d8  PA:100037b4
27180251ns          476408 1c0093ec 2de15783 lhu              x15, 734(x2)        x15=0000feb8  x2:100034d8  PA:100037b6
27180271ns          476409 1c0093f0 40b90933 sub              x18, x18, x11       x18=ffffffad x18:000000d0 x11:00000123
27180291ns          476410 1c0093f4 40f484b3 sub              x9, x9, x15          x9=fffeffd7  x9:fffffe8f x15:0000feb8
27180311ns          476411 1c0093f6 100945b3 p.exths          x11, x18, x0        x11=ffffffad x18:ffffffad
27180330ns          476412 1c0093fa 1004c7b3 p.exths          x15, x9, x0         x15=ffffffd7  x9:fffeffd7
27180350ns          476413 1c0093fe 034586b3 mul              x13, x11, x20       x13=ffffaf45 x11:ffffffad x20:000000f9
27180370ns          476414 1c009402 03378533 mul              x10, x15, x19       x10=000036c6 x15:ffffffd7 x19:fffffeaa
27180390ns          476415 1c009406 034a0633 mul              x12, x20, x20       x12=0000f231 x20:000000f9 x20:000000f9
27180410ns          476416 1c00940a 03398733 mul              x14, x19, x19       x14=0001c8e4 x19:fffffeaa x19:fffffeaa
27180430ns          476417 1c00940e 034787b3 mul              x15, x15, x20       x15=ffffd81f x15:ffffffd7 x20:000000f9
27180450ns          476418 1c009412 033585b3 mul              x11, x11, x19       x11=00006ee2 x11:ffffffad x19:fffffeaa
27180470ns          476419 1c009416 40a75713 srai             x14, x14, 0x40a     x14=00000072 x14:0001c8e4
27180490ns          476420 1c009418 40a5d593 srai             x11, x11, 0x40a     x11=0000001b x11:00006ee2
27180509ns          476421 1c00941a 40a65613 srai             x12, x12, 0x40a     x12=0000003c x12:0000f231
27180529ns          476422 1c00941c 40a7d793 srai             x15, x15, 0x40a     x15=fffffff6 x15:ffffd81f
27180549ns          476423 1c00941e 1c0034b7 lui              x9, 0x1c003000       x9=1c003000
27180569ns          476424 1c009422 00e60633 add              x12, x12, x14       x12=000000ae x12:0000003c x14:00000072
27180589ns          476425 1c009424 40b787b3 sub              x15, x15, x11       x15=ffffffdb x15:fffffff6 x11:0000001b
27180609ns          476426 1c009426 eb048493 addi             x9, x9, -336         x9=1c002eb0  x9:1c003000
27180629ns          476427 1c00942a 1c0032b7 lui              x5, 0x1c003000       x5=1c003000
27180649ns          476428 1c00942e 1c0035b7 lui              x11, 0x1c003000     x11=1c003000
27180669ns          476429 1c009432 018483b3 add              x7, x9, x24          x7=1c002ebc  x9:1c002eb0 x24:0000000c
27180688ns          476430 1c009436 02812e83 lw               x29, 40(x2)         x29=1c002ecc  x2:100034d8  PA:10003500
27180708ns          476431 1c009438 10065633 p.exthz          x12, x12, x0        x12=000000ae x12:000000ae
27180728ns          476432 1c00943c e8028293 addi             x5, x5, -384         x5=1c002e80  x5:1c003000
27180748ns          476433 1c009440 ea058593 addi             x11, x11, -352      x11=1c002ea0 x11:1c003000
27180768ns          476434 1c009444 03812483 lw               x9, 56(x2)           x9=1c002eec  x2:100034d8  PA:10003510
27180788ns          476435 1c009446 10064733 p.exths          x14, x12, x0        x14=000000ae x12:000000ae
27180808ns          476436 1c00944a 018280b3 add              x1, x5, x24          x1=1c002e8c  x5:1c002e80 x24:0000000c
27180828ns          476437 1c00944e 03012f03 lw               x30, 48(x2)         x30=1c002edc  x2:100034d8  PA:10003508
27180848ns          476438 1c009450 018582b3 add              x5, x11, x24         x5=1c002eac x11:1c002ea0 x24:0000000c
27180867ns          476439 1c009454 04012583 lw               x11, 64(x2)         x11=1c002efc  x2:100034d8  PA:10003518
27180887ns          476440 1c009456 000edd83 lhu              x27, 0(x29)         x27=000015f7 x29:1c002ecc  PA:1c002ecc
27181225ns          476457 1c00945a 0004d483 lhu              x9, 0(x9)            x9=00000244  x9:1c002eec  PA:1c002eec
27181663ns          476479 1c00945e 02e70333 mul              x6, x14, x14         x6=00007644 x14:000000ae x14:000000ae
27181683ns          476480 1c009462 40a55513 srai             x10, x10, 0x40a     x10=0000000d x10:000036c6
27181703ns          476481 1c009464 04812e83 lw               x29, 72(x2)         x29=1c002f0c  x2:100034d8  PA:10003520
27181723ns          476482 1c009466 40a6d693 srai             x13, x13, 0x40a     x13=ffffffeb x13:ffffaf45
27181743ns          476483 1c009468 000f5d03 lhu              x26, 0(x30)         x26=000005f2 x30:1c002edc  PA:1c002edc
27182061ns          476499 1c00946c 0005d583 lhu              x11, 0(x11)         x11=0000010e x11:1c002efc  PA:1c002efc
27182359ns          476514 1c009470 40a35313 srai             x6, x6, 0x40a        x6=0000001d  x6:00007644
27182379ns          476515 1c009474 00a686b3 add              x13, x13, x10       x13=fffffff8 x13:ffffffeb x10:0000000d
27182399ns          476516 1c009476 05012f03 lw               x30, 80(x2)         x30=1c002e7c  x2:100034d8  PA:10003528
27182419ns          476517 1c009478 10034e33 p.exths          x28, x6, x0         x28=0000001d  x6:0000001d
27182439ns          476518 1c00947c 06911023 sh               x9, 96(x2)           x9:00000244  x2:100034d8  PA:10003538
27182458ns          476519 1c009480 000ede83 lhu              x29, 0(x29)         x29=0000008e x29:1c002f0c  PA:1c002f0c
27182836ns          476538 1c009484 05812483 lw               x9, 88(x2)           x9=1c002e6c  x2:100034d8  PA:10003530
27182856ns          476539 1c009486 1006d6b3 p.exthz          x13, x13, x0        x13=0000fff8 x13:fffffff8
27182876ns          476540 1c00948a 02ee08b3 mul              x17, x28, x14       x17=000013b6 x28:0000001d x14:000000ae
27182896ns          476541 1c00948e 1006c833 p.exths          x16, x13, x0        x16=fffffff8 x13:0000fff8
27182916ns          476542 1c009492 06b11823 sh               x11, 112(x2)        x11:0000010e  x2:100034d8  PA:10003548
27182936ns          476543 1c009496 000f5f03 lhu              x30, 0(x30)         x30=0000ff0a x30:1c002e7c  PA:1c002e7c
27183294ns          476561 1c00949a 0a012583 lw               x11, 160(x2)        x11=1c002e9c  x2:100034d8  PA:10003578
27183314ns          476562 1c00949c 1007d7b3 p.exthz          x15, x15, x0        x15=0000ffdb x15:ffffffdb
27183334ns          476563 1c0094a0 0004da03 lhu              x20, 0(x9)          x20=0000fadf  x9:1c002e6c  PA:1c002e6c
27183692ns          476581 1c0094a4 1007c533 p.exths          x10, x15, x0        x10=ffffffdb x15:0000ffdb
27183711ns          476582 1c0094a8 09d11023 sh               x29, 128(x2)        x29:0000008e  x2:100034d8  PA:10003558
27183731ns          476583 1c0094ac 0003d483 lhu              x9, 0(x7)            x9=0000ffca  x7:1c002ebc  PA:1c002ebc
27184089ns          476601 1c0094b0 02e80eb3 mul              x29, x16, x14       x29=fffffa90 x16:fffffff8 x14:000000ae
27184109ns          476602 1c0094b4 40a8d893 srai             x17, x17, 0x40a     x17=00000004 x17:000013b6
27184129ns          476603 1c0094b8 03c80833 mul              x16, x16, x28       x16=ffffff18 x16:fffffff8 x28:0000001d
27184149ns          476604 1c0094bc 09e11823 sh               x30, 144(x2)        x30:0000ff0a  x2:100034d8  PA:10003568
27184169ns          476605 1c0094c0 0005d983 lhu              x19, 0(x11)         x19=0000ff9d x11:1c002e9c  PA:1c002e9c
27184467ns          476620 1c0094c4 81c88f5b p.muls           x30, x17, x28       x30=00000074 x17:00000004 x28:0000001d
27184487ns          476621 1c0094c8 0002d583 lhu              x11, 0(x5)          x11=0000ff4b  x5:1c002eac  PA:1c002eac
27184805ns          476637 1c0094cc 03ce0fb3 mul              x31, x28, x28       x31=00000349 x28:0000001d x28:0000001d
27184825ns          476638 1c0094d0 02e50733 mul              x14, x10, x14       x14=ffffe6da x10:ffffffdb x14:000000ae
27184845ns          476639 1c0094d4 40a85813 srai             x16, x16, 0x40a     x16=ffffffff x16:ffffff18
27184865ns          476640 1c0094d8 03c50533 mul              x10, x10, x28       x10=fffffbcf x10:ffffffdb x28:0000001d
27184885ns          476641 1c0094dc 07015e03 lhu              x28, 112(x2)        x28=0000010e  x2:100034d8  PA:10003548
27184925ns          476643 1c0094e0 01b60633 add              x12, x12, x27       x12=000016a5 x12:000000ae x27:000015f7
27184944ns          476644 1c0094e2 00980833 add              x16, x16, x9        x16=0000ffc9 x16:ffffffff  x9:0000ffca
27184964ns          476645 1c0094e4 06015d83 lhu              x27, 96(x2)         x27=00000244  x2:100034d8  PA:10003538
27184984ns          476646 1c0094e8 02812483 lw               x9, 40(x2)           x9=1c002ecc  x2:100034d8  PA:10003500
27185004ns          476647 1c0094ea 40afdf93 srai             x31, x31, 0x40a     x31=00000000 x31:00000349
27185024ns          476648 1c0094ee 40a55513 srai             x10, x10, 0x40a     x10=fffffffe x10:fffffbcf
27185044ns          476649 1c0094f0 01cf8fb3 add              x31, x31, x28       x31=0000010e x31:00000000 x28:0000010e
27185064ns          476650 1c0094f2 00b50533 add              x10, x10, x11       x10=0000ff49 x10:fffffffe x11:0000ff4b
27185084ns          476651 1c0094f4 09015e03 lhu              x28, 144(x2)        x28=0000ff0a  x2:100034d8  PA:10003568
27185104ns          476652 1c0094f8 03012583 lw               x11, 48(x2)         x11=1c002edc  x2:100034d8  PA:10003508
27185123ns          476653 1c0094fa 00c49023 sh               x12, 0(x9)          x12:000016a5  x9:1c002ecc  PA:1c002ecc
27185442ns          476669 1c0094fe 01b888b3 add              x17, x17, x27       x17=00000248 x17:00000004 x27:00000244
27185462ns          476670 1c009500 01a30333 add              x6, x6, x26          x6=0000060f  x6:0000001d x26:000005f2
27185481ns          476671 1c009502 08015d83 lhu              x27, 128(x2)        x27=0000008e  x2:100034d8  PA:10003558
27185501ns          476672 1c009506 0000d903 lhu              x18, 0(x1)          x18=0000fe63  x1:1c002e8c  PA:1c002e8c
27185800ns          476687 1c00950a 01c686b3 add              x13, x13, x28       x13=0001ff02 x13:0000fff8 x28:0000ff0a
27185820ns          476688 1c00950c 00659023 sh               x6, 0(x11)           x6:0000060f x11:1c002edc  PA:1c002edc
27186197ns          476707 1c009510 40af5f13 srai             x30, x30, 0x40a     x30=00000000 x30:00000074
27186217ns          476708 1c009514 04812e03 lw               x28, 72(x2)         x28=1c002f0c  x2:100034d8  PA:10003520
27186237ns          476709 1c009516 01bf0f33 add              x30, x30, x27       x30=0000008e x30:00000000 x27:0000008e
27186257ns          476710 1c009518 40aede93 srai             x29, x29, 0x40a     x29=fffffffe x29:fffffa90
27186277ns          476711 1c00951c 40a75713 srai             x14, x14, 0x40a     x14=fffffff9 x14:ffffe6da
27186297ns          476712 1c00951e 03812603 lw               x12, 56(x2)         x12=1c002eec  x2:100034d8  PA:10003510
27186317ns          476713 1c009520 04012d83 lw               x27, 64(x2)         x27=1c002efc  x2:100034d8  PA:10003518
27186337ns          476714 1c009522 01ee1023 sh               x30, 0(x28)         x30:0000008e x28:1c002f0c  PA:1c002f0c
27186734ns          476734 1c009526 05812483 lw               x9, 88(x2)           x9=1c002e6c  x2:100034d8  PA:10003530
27186754ns          476735 1c009528 05012f03 lw               x30, 80(x2)         x30=1c002e7c  x2:100034d8  PA:10003528
27186774ns          476736 1c00952a 0a012583 lw               x11, 160(x2)        x11=1c002e9c  x2:100034d8  PA:10003578
27186794ns          476737 1c00952c 014787b3 add              x15, x15, x20       x15=0001faba x15:0000ffdb x20:0000fadf
27186814ns          476738 1c00952e 013e8eb3 add              x29, x29, x19       x29=0000ff9b x29:fffffffe x19:0000ff9d
27186834ns          476739 1c009530 01270733 add              x14, x14, x18       x14=0000fe5c x14:fffffff9 x18:0000fe63
27186854ns          476740 1c009532 00f49023 sh               x15, 0(x9)          x15:0001faba  x9:1c002e6c  PA:1c002e6c
27187192ns          476757 1c009536 01161023 sh               x17, 0(x12)         x17:00000248 x12:1c002eec  PA:1c002eec
27187510ns          476773 1c00953a 01fd9023 sh               x31, 0(x27)         x31:0000010e x27:1c002efc  PA:1c002efc
27187828ns          476789 1c00953e 00df1023 sh               x13, 0(x30)         x13:0001ff02 x30:1c002e7c  PA:1c002e7c
27188186ns          476807 1c009542 01d59023 sh               x29, 0(x11)         x29:0000ff9b x11:1c002e9c  PA:1c002e9c
27188504ns          476823 1c009546 00e09023 sh               x14, 0(x1)          x14:0000fe5c  x1:1c002e8c  PA:1c002e8c
27188862ns          476841 1c00954a 01039023 sh               x16, 0(x7)          x16:0000ffc9  x7:1c002ebc  PA:1c002ebc
27189220ns          476859 1c00954e 00a29023 sh               x10, 0(x5)          x10:0000ff49  x5:1c002eac  PA:1c002eac
27189559ns          476876 1c009552 008b0b13 addi             x22, x22, 8         x22=00000146 x22:0000013e
27189578ns          476877 1c009554 1f300793 addi             x15, x0, 499        x15=000001f3
27189598ns          476878 1c009558 e767dae3 bge              x15, x22, -396      x15:000001f3 x22:00000146
27189698ns          476883 1c0093cc 010c9a0b p.lh             x20, 16(x25!)       x20=ffffffd7 x25=1c002924 x25:1c002914  PA:1c002914
27190016ns          476899 1c0093d0 0104198b p.lh             x19, 16(x8!)        x19=ffffffb8  x8=1c0020ec  x8:1c0020dc  PA:1c0020dc
27190334ns          476915 1c0093d4 2cc10513 addi             x10, x2, 716        x10=100037a4  x2:100034d8
27190354ns          476916 1c0093d6 010a990b p.lh             x18, 16(x21!)       x18=ffffffda x21=1c001918 x21:1c001908  PA:1c001908
27190672ns          476932 1c0093da 010b948b p.lh             x9, 16(x23!)         x9=ffffffbd x23=1c001148 x23:1c001138  PA:1c001138
27190971ns          476947 1c0093de 2d411623 sh               x20, 716(x2)        x20:ffffffd7  x2:100034d8  PA:100037a4
27190990ns          476948 1c0093e2 2d311723 sh               x19, 718(x2)        x19:ffffffb8  x2:100034d8  PA:100037a6
27191010ns          476949 1c0093e6 c33ff0ef jal              x1, -974             x1=1c0093e8
27191050ns          476951 1c009018 00051803 lh               x16, 0(x10)         x16=ffffffd7 x10:100037a4  PA:100037a4
27191070ns          476952 1c00901c 00251883 lh               x17, 2(x10)         x17=ffffffb8 x10:100037a4  PA:100037a6
27191130ns          476955 1c009020 030806b3 mul              x13, x16, x16       x13=00000691 x16:ffffffd7 x16:ffffffd7
27191169ns          476957 1c009024 03188633 mul              x12, x17, x17       x12=00001440 x17:ffffffb8 x17:ffffffb8
27191189ns          476958 1c009028 40a65613 srai             x12, x12, 0x40a     x12=00000005 x12:00001440
27191209ns          476959 1c00902a 40a6d693 srai             x13, x13, 0x40a     x13=00000001 x13:00000691
27191229ns          476960 1c00902c 00c686b3 add              x13, x13, x12       x13=00000006 x13:00000001 x12:00000005
27191249ns          476961 1c00902e 1006c633 p.exths          x12, x13, x0        x12=00000006 x13:00000006
27191269ns          476962 1c009032 00855703 lhu              x14, 8(x10)         x14=0000ffd1 x10:100037a4  PA:100037ac
27191289ns          476963 1c009036 00a55683 lhu              x13, 10(x10)        x13=0000ff6a x10:100037a4  PA:100037ae
27191309ns          476964 1c00903a 02c60333 mul              x6, x12, x12         x6=00000024 x12:00000006 x12:00000006
27191329ns          476965 1c00903e 00c55783 lhu              x15, 12(x10)        x15=0000ffe5 x10:100037a4  PA:100037b0
27191348ns          476966 1c009042 00e55583 lhu              x11, 14(x10)        x11=00000060 x10:100037a4  PA:100037b2
27191368ns          476967 1c009046 dea30333 p.extract        x6, x6, 15, 10       x6=00000000  x6:00000024
27191388ns          476968 1c00904a 80c7075b p.muls           x14, x14, x12       x14=fffffee6 x14:0000ffd1 x12:00000006
27191408ns          476969 1c00904e 80c686db p.muls           x13, x13, x12       x13=fffffc7c x13:0000ff6a x12:00000006
27191428ns          476970 1c009052 00455e83 lhu              x29, 4(x10)         x29=00000427 x10:100037a4  PA:100037a8
27191448ns          476971 1c009056 00655e03 lhu              x28, 6(x10)         x28=0000007f x10:100037a4  PA:100037aa
27191468ns          476972 1c00905a 40a75713 srai             x14, x14, 0x40a     x14=ffffffff x14:fffffee6
27191488ns          476973 1c00905c 806787db p.muls           x15, x15, x6        x15=00000000 x15:0000ffe5  x6:00000000
27191508ns          476974 1c009060 40a6d693 srai             x13, x13, 0x40a     x13=ffffffff x13:fffffc7c
27191527ns          476975 1c009062 8065865b p.muls           x12, x11, x6        x12=00000000 x11:00000060  x6:00000000
27191547ns          476976 1c009066 40a7d793 srai             x15, x15, 0x40a     x15=00000000 x15:00000000
27191567ns          476977 1c009068 40a65613 srai             x12, x12, 0x40a     x12=00000000 x12:00000000
27191587ns          476978 1c00906a 01d70733 add              x14, x14, x29       x14=00000426 x14:ffffffff x29:00000427
27191607ns          476979 1c00906c 01c686b3 add              x13, x13, x28       x13=0000007e x13:ffffffff x28:0000007f
27191627ns          476980 1c00906e 00c686b3 add              x13, x13, x12       x13=0000007e x13:0000007e x12:00000000
27191647ns          476981 1c009070 00f70733 add              x14, x14, x15       x14=00000426 x14:00000426 x15:00000000
27191667ns          476982 1c009072 100747b3 p.exths          x15, x14, x0        x15=00000426 x14:00000426
27191687ns          476983 1c009076 1006c733 p.exths          x14, x13, x0        x14=0000007e x13:0000007e
27191706ns          476984 1c00907a 03170633 mul              x12, x14, x17       x12=ffffdc90 x14:0000007e x17:ffffffb8
27191726ns          476985 1c00907e 030786b3 mul              x13, x15, x16       x13=ffff55ea x15:00000426 x16:ffffffd7
27191746ns          476986 1c009082 03070733 mul              x14, x14, x16       x14=ffffebd2 x14:0000007e x16:ffffffd7
27191766ns          476987 1c009086 031787b3 mul              x15, x15, x17       x15=fffed550 x15:00000426 x17:ffffffb8
27191786ns          476988 1c00908a 40a6d693 srai             x13, x13, 0x40a     x13=ffffffd5 x13:ffff55ea
27191806ns          476989 1c00908c 40a65613 srai             x12, x12, 0x40a     x12=fffffff7 x12:ffffdc90
27191826ns          476990 1c00908e 40a7d793 srai             x15, x15, 0x40a     x15=ffffffb5 x15:fffed550
27191846ns          476991 1c009090 40a75713 srai             x14, x14, 0x40a     x14=fffffffa x14:ffffebd2
27191866ns          476992 1c009092 40c686b3 sub              x13, x13, x12       x13=ffffffde x13:ffffffd5 x12:fffffff7
27191885ns          476993 1c009094 00e787b3 add              x15, x15, x14       x15=ffffffaf x15:ffffffb5 x14:fffffffa
27191905ns          476994 1c009096 00d51823 sh               x13, 16(x10)        x13:ffffffde x10:100037a4  PA:100037b4
27191925ns          476995 1c00909a 00f51923 sh               x15, 18(x10)        x15:ffffffaf x10:100037a4  PA:100037b6
27191945ns          476996 1c00909e 00008067 jalr             x0, x1, 0            x1:1c0093e8
27191985ns          476998 1c0093e8 2dc15583 lhu              x11, 732(x2)        x11=0000ffde  x2:100034d8  PA:100037b4
27192005ns          476999 1c0093ec 2de15783 lhu              x15, 734(x2)        x15=0000ffaf  x2:100034d8  PA:100037b6
27192025ns          477000 1c0093f0 40b90933 sub              x18, x18, x11       x18=fffefffc x18:ffffffda x11:0000ffde
27192045ns          477001 1c0093f4 40f484b3 sub              x9, x9, x15          x9=ffff000e  x9:ffffffbd x15:0000ffaf
27192064ns          477002 1c0093f6 100945b3 p.exths          x11, x18, x0        x11=fffffffc x18:fffefffc
27192084ns          477003 1c0093fa 1004c7b3 p.exths          x15, x9, x0         x15=0000000e  x9:ffff000e
27192104ns          477004 1c0093fe 034586b3 mul              x13, x11, x20       x13=000000a4 x11:fffffffc x20:ffffffd7
27192124ns          477005 1c009402 03378533 mul              x10, x15, x19       x10=fffffc10 x15:0000000e x19:ffffffb8
27192144ns          477006 1c009406 034a0633 mul              x12, x20, x20       x12=00000691 x20:ffffffd7 x20:ffffffd7
27192164ns          477007 1c00940a 03398733 mul              x14, x19, x19       x14=00001440 x19:ffffffb8 x19:ffffffb8
27192224ns          477010 1c00940e 034787b3 mul              x15, x15, x20       x15=fffffdc2 x15:0000000e x20:ffffffd7
27192263ns          477012 1c009412 033585b3 mul              x11, x11, x19       x11=00000120 x11:fffffffc x19:ffffffb8
27192283ns          477013 1c009416 40a75713 srai             x14, x14, 0x40a     x14=00000005 x14:00001440
27192303ns          477014 1c009418 40a5d593 srai             x11, x11, 0x40a     x11=00000000 x11:00000120
27192323ns          477015 1c00941a 40a65613 srai             x12, x12, 0x40a     x12=00000001 x12:00000691
27192343ns          477016 1c00941c 40a7d793 srai             x15, x15, 0x40a     x15=ffffffff x15:fffffdc2
27192363ns          477017 1c00941e 1c0034b7 lui              x9, 0x1c003000       x9=1c003000
27192383ns          477018 1c009422 00e60633 add              x12, x12, x14       x12=00000006 x12:00000001 x14:00000005
27192402ns          477019 1c009424 40b787b3 sub              x15, x15, x11       x15=ffffffff x15:ffffffff x11:00000000
27192422ns          477020 1c009426 eb048493 addi             x9, x9, -336         x9=1c002eb0  x9:1c003000
27192442ns          477021 1c00942a 1c0032b7 lui              x5, 0x1c003000       x5=1c003000
27192462ns          477022 1c00942e 1c0035b7 lui              x11, 0x1c003000     x11=1c003000
27192482ns          477023 1c009432 018483b3 add              x7, x9, x24          x7=1c002ebc  x9:1c002eb0 x24:0000000c
27192502ns          477024 1c009436 02812e83 lw               x29, 40(x2)         x29=1c002ecc  x2:100034d8  PA:10003500
27192522ns          477025 1c009438 10065633 p.exthz          x12, x12, x0        x12=00000006 x12:00000006
27192542ns          477026 1c00943c e8028293 addi             x5, x5, -384         x5=1c002e80  x5:1c003000
27192581ns          477028 1c009440 ea058593 addi             x11, x11, -352      x11=1c002ea0 x11:1c003000
27192621ns          477030 1c009444 03812483 lw               x9, 56(x2)           x9=1c002eec  x2:100034d8  PA:10003510
27192641ns          477031 1c009446 10064733 p.exths          x14, x12, x0        x14=00000006 x12:00000006
27192661ns          477032 1c00944a 018280b3 add              x1, x5, x24          x1=1c002e8c  x5:1c002e80 x24:0000000c
27192681ns          477033 1c00944e 03012f03 lw               x30, 48(x2)         x30=1c002edc  x2:100034d8  PA:10003508
27192721ns          477035 1c009450 018582b3 add              x5, x11, x24         x5=1c002eac x11:1c002ea0 x24:0000000c
27192760ns          477037 1c009454 04012583 lw               x11, 64(x2)         x11=1c002efc  x2:100034d8  PA:10003518
27192780ns          477038 1c009456 000edd83 lhu              x27, 0(x29)         x27=000016a5 x29:1c002ecc  PA:1c002ecc
27193118ns          477055 1c00945a 0004d483 lhu              x9, 0(x9)            x9=00000248  x9:1c002eec  PA:1c002eec
27193457ns          477072 1c00945e 02e70333 mul              x6, x14, x14         x6=00000024 x14:00000006 x14:00000006
27193476ns          477073 1c009462 40a55513 srai             x10, x10, 0x40a     x10=ffffffff x10:fffffc10
27193496ns          477074 1c009464 04812e83 lw               x29, 72(x2)         x29=1c002f0c  x2:100034d8  PA:10003520
27193516ns          477075 1c009466 40a6d693 srai             x13, x13, 0x40a     x13=00000000 x13:000000a4
27193536ns          477076 1c009468 000f5d03 lhu              x26, 0(x30)         x26=0000060f x30:1c002edc  PA:1c002edc
27193834ns          477091 1c00946c 0005d583 lhu              x11, 0(x11)         x11=0000010e x11:1c002efc  PA:1c002efc
27194153ns          477107 1c009470 40a35313 srai             x6, x6, 0x40a        x6=00000000  x6:00000024
27194173ns          477108 1c009474 00a686b3 add              x13, x13, x10       x13=ffffffff x13:00000000 x10:ffffffff
27194192ns          477109 1c009476 05012f03 lw               x30, 80(x2)         x30=1c002e7c  x2:100034d8  PA:10003528
27194212ns          477110 1c009478 10034e33 p.exths          x28, x6, x0         x28=00000000  x6:00000000
27194232ns          477111 1c00947c 06911023 sh               x9, 96(x2)           x9:00000248  x2:100034d8  PA:10003538
27194252ns          477112 1c009480 000ede83 lhu              x29, 0(x29)         x29=0000008e x29:1c002f0c  PA:1c002f0c
27194590ns          477129 1c009484 05812483 lw               x9, 88(x2)           x9=1c002e6c  x2:100034d8  PA:10003530
27194610ns          477130 1c009486 1006d6b3 p.exthz          x13, x13, x0        x13=0000ffff x13:ffffffff
27194630ns          477131 1c00948a 02ee08b3 mul              x17, x28, x14       x17=00000000 x28:00000000 x14:00000006
27194650ns          477132 1c00948e 1006c833 p.exths          x16, x13, x0        x16=ffffffff x13:0000ffff
27194670ns          477133 1c009492 06b11823 sh               x11, 112(x2)        x11:0000010e  x2:100034d8  PA:10003548
27194690ns          477134 1c009496 000f5f03 lhu              x30, 0(x30)         x30=0000ff02 x30:1c002e7c  PA:1c002e7c
27195008ns          477150 1c00949a 0a012583 lw               x11, 160(x2)        x11=1c002e9c  x2:100034d8  PA:10003578
27195028ns          477151 1c00949c 1007d7b3 p.exthz          x15, x15, x0        x15=0000ffff x15:ffffffff
27195048ns          477152 1c0094a0 0004da03 lhu              x20, 0(x9)          x20=0000faba  x9:1c002e6c  PA:1c002e6c
27195346ns          477167 1c0094a4 1007c533 p.exths          x10, x15, x0        x10=ffffffff x15:0000ffff
27195366ns          477168 1c0094a8 09d11023 sh               x29, 128(x2)        x29:0000008e  x2:100034d8  PA:10003558
27195386ns          477169 1c0094ac 0003d483 lhu              x9, 0(x7)            x9=0000ffc9  x7:1c002ebc  PA:1c002ebc
27195724ns          477186 1c0094b0 02e80eb3 mul              x29, x16, x14       x29=fffffffa x16:ffffffff x14:00000006
27195744ns          477187 1c0094b4 40a8d893 srai             x17, x17, 0x40a     x17=00000000 x17:00000000
27195764ns          477188 1c0094b8 03c80833 mul              x16, x16, x28       x16=00000000 x16:ffffffff x28:00000000
27195783ns          477189 1c0094bc 09e11823 sh               x30, 144(x2)        x30:0000ff02  x2:100034d8  PA:10003568
27195803ns          477190 1c0094c0 0005d983 lhu              x19, 0(x11)         x19=0000ff9b x11:1c002e9c  PA:1c002e9c
27196122ns          477206 1c0094c4 81c88f5b p.muls           x30, x17, x28       x30=00000000 x17:00000000 x28:00000000
27196141ns          477207 1c0094c8 0002d583 lhu              x11, 0(x5)          x11=0000ff49  x5:1c002eac  PA:1c002eac
27196519ns          477226 1c0094cc 03ce0fb3 mul              x31, x28, x28       x31=00000000 x28:00000000 x28:00000000
27196539ns          477227 1c0094d0 02e50733 mul              x14, x10, x14       x14=fffffffa x10:ffffffff x14:00000006
27196559ns          477228 1c0094d4 40a85813 srai             x16, x16, 0x40a     x16=00000000 x16:00000000
27196579ns          477229 1c0094d8 03c50533 mul              x10, x10, x28       x10=00000000 x10:ffffffff x28:00000000
27196599ns          477230 1c0094dc 07015e03 lhu              x28, 112(x2)        x28=0000010e  x2:100034d8  PA:10003548
27196619ns          477231 1c0094e0 01b60633 add              x12, x12, x27       x12=000016ab x12:00000006 x27:000016a5
27196639ns          477232 1c0094e2 00980833 add              x16, x16, x9        x16=0000ffc9 x16:00000000  x9:0000ffc9
27196659ns          477233 1c0094e4 06015d83 lhu              x27, 96(x2)         x27=00000248  x2:100034d8  PA:10003538
27196678ns          477234 1c0094e8 02812483 lw               x9, 40(x2)           x9=1c002ecc  x2:100034d8  PA:10003500
27196698ns          477235 1c0094ea 40afdf93 srai             x31, x31, 0x40a     x31=00000000 x31:00000000
27196718ns          477236 1c0094ee 40a55513 srai             x10, x10, 0x40a     x10=00000000 x10:00000000
27196738ns          477237 1c0094f0 01cf8fb3 add              x31, x31, x28       x31=0000010e x31:00000000 x28:0000010e
27196758ns          477238 1c0094f2 00b50533 add              x10, x10, x11       x10=0000ff49 x10:00000000 x11:0000ff49
27196778ns          477239 1c0094f4 09015e03 lhu              x28, 144(x2)        x28=0000ff02  x2:100034d8  PA:10003568
27196798ns          477240 1c0094f8 03012583 lw               x11, 48(x2)         x11=1c002edc  x2:100034d8  PA:10003508
27196818ns          477241 1c0094fa 00c49023 sh               x12, 0(x9)          x12:000016ab  x9:1c002ecc  PA:1c002ecc
27197136ns          477257 1c0094fe 01b888b3 add              x17, x17, x27       x17=00000248 x17:00000000 x27:00000248
27197156ns          477258 1c009500 01a30333 add              x6, x6, x26          x6=0000060f  x6:00000000 x26:0000060f
27197176ns          477259 1c009502 08015d83 lhu              x27, 128(x2)        x27=0000008e  x2:100034d8  PA:10003558
27197196ns          477260 1c009506 0000d903 lhu              x18, 0(x1)          x18=0000fe5c  x1:1c002e8c  PA:1c002e8c
27197494ns          477275 1c00950a 01c686b3 add              x13, x13, x28       x13=0001ff01 x13:0000ffff x28:0000ff02
27197514ns          477276 1c00950c 00659023 sh               x6, 0(x11)           x6:0000060f x11:1c002edc  PA:1c002edc
27197832ns          477292 1c009510 40af5f13 srai             x30, x30, 0x40a     x30=00000000 x30:00000000
27197852ns          477293 1c009514 04812e03 lw               x28, 72(x2)         x28=1c002f0c  x2:100034d8  PA:10003520
27197872ns          477294 1c009516 01bf0f33 add              x30, x30, x27       x30=0000008e x30:00000000 x27:0000008e
27197892ns          477295 1c009518 40aede93 srai             x29, x29, 0x40a     x29=ffffffff x29:fffffffa
27197911ns          477296 1c00951c 40a75713 srai             x14, x14, 0x40a     x14=ffffffff x14:fffffffa
27197931ns          477297 1c00951e 03812603 lw               x12, 56(x2)         x12=1c002eec  x2:100034d8  PA:10003510
27197951ns          477298 1c009520 04012d83 lw               x27, 64(x2)         x27=1c002efc  x2:100034d8  PA:10003518
27197971ns          477299 1c009522 01ee1023 sh               x30, 0(x28)         x30:0000008e x28:1c002f0c  PA:1c002f0c
27198349ns          477318 1c009526 05812483 lw               x9, 88(x2)           x9=1c002e6c  x2:100034d8  PA:10003530
27198369ns          477319 1c009528 05012f03 lw               x30, 80(x2)         x30=1c002e7c  x2:100034d8  PA:10003528
27198389ns          477320 1c00952a 0a012583 lw               x11, 160(x2)        x11=1c002e9c  x2:100034d8  PA:10003578
27198409ns          477321 1c00952c 014787b3 add              x15, x15, x20       x15=0001fab9 x15:0000ffff x20:0000faba
27198429ns          477322 1c00952e 013e8eb3 add              x29, x29, x19       x29=0000ff9a x29:ffffffff x19:0000ff9b
27198448ns          477323 1c009530 01270733 add              x14, x14, x18       x14=0000fe5b x14:ffffffff x18:0000fe5c
27198468ns          477324 1c009532 00f49023 sh               x15, 0(x9)          x15:0001fab9  x9:1c002e6c  PA:1c002e6c
27198826ns          477342 1c009536 01161023 sh               x17, 0(x12)         x17:00000248 x12:1c002eec  PA:1c002eec
27199145ns          477358 1c00953a 01fd9023 sh               x31, 0(x27)         x31:0000010e x27:1c002efc  PA:1c002efc
27199463ns          477374 1c00953e 00df1023 sh               x13, 0(x30)         x13:0001ff01 x30:1c002e7c  PA:1c002e7c
27199781ns          477390 1c009542 01d59023 sh               x29, 0(x11)         x29:0000ff9a x11:1c002e9c  PA:1c002e9c
27200159ns          477409 1c009546 00e09023 sh               x14, 0(x1)          x14:0000fe5b  x1:1c002e8c  PA:1c002e8c
27200477ns          477425 1c00954a 01039023 sh               x16, 0(x7)          x16:0000ffc9  x7:1c002ebc  PA:1c002ebc
27200795ns          477441 1c00954e 00a29023 sh               x10, 0(x5)          x10:0000ff49  x5:1c002eac  PA:1c002eac
27201113ns          477457 1c009552 008b0b13 addi             x22, x22, 8         x22=0000014e x22:00000146
27201133ns          477458 1c009554 1f300793 addi             x15, x0, 499        x15=000001f3
27201153ns          477459 1c009558 e767dae3 bge              x15, x22, -396      x15:000001f3 x22:0000014e
27201253ns          477464 1c0093cc 010c9a0b p.lh             x20, 16(x25!)       x20=00000059 x25=1c002934 x25:1c002924  PA:1c002924
27201571ns          477480 1c0093d0 0104198b p.lh             x19, 16(x8!)        x19=ffffffd8  x8=1c0020fc  x8:1c0020ec  PA:1c0020ec
27201869ns          477495 1c0093d4 2cc10513 addi             x10, x2, 716        x10=100037a4  x2:100034d8
27201889ns          477496 1c0093d6 010a990b p.lh             x18, 16(x21!)       x18=0000005b x21=1c001928 x21:1c001918  PA:1c001918
27202187ns          477511 1c0093da 010b948b p.lh             x9, 16(x23!)         x9=ffffffdf x23=1c001158 x23:1c001148  PA:1c001148
27202486ns          477526 1c0093de 2d411623 sh               x20, 716(x2)        x20:00000059  x2:100034d8  PA:100037a4
27202506ns          477527 1c0093e2 2d311723 sh               x19, 718(x2)        x19:ffffffd8  x2:100034d8  PA:100037a6
27202525ns          477528 1c0093e6 c33ff0ef jal              x1, -974             x1=1c0093e8
27202605ns          477532 1c009018 00051803 lh               x16, 0(x10)         x16=00000059 x10:100037a4  PA:100037a4
27202645ns          477534 1c00901c 00251883 lh               x17, 2(x10)         x17=ffffffd8 x10:100037a4  PA:100037a6
27202665ns          477535 1c009020 030806b3 mul              x13, x16, x16       x13=00001ef1 x16:00000059 x16:00000059
27202685ns          477536 1c009024 03188633 mul              x12, x17, x17       x12=00000640 x17:ffffffd8 x17:ffffffd8
27202704ns          477537 1c009028 40a65613 srai             x12, x12, 0x40a     x12=00000001 x12:00000640
27202724ns          477538 1c00902a 40a6d693 srai             x13, x13, 0x40a     x13=00000007 x13:00001ef1
27202744ns          477539 1c00902c 00c686b3 add              x13, x13, x12       x13=00000008 x13:00000007 x12:00000001
27202764ns          477540 1c00902e 1006c633 p.exths          x12, x13, x0        x12=00000008 x13:00000008
27202784ns          477541 1c009032 00855703 lhu              x14, 8(x10)         x14=0000ffd1 x10:100037a4  PA:100037ac
27202804ns          477542 1c009036 00a55683 lhu              x13, 10(x10)        x13=0000ff6a x10:100037a4  PA:100037ae
27202824ns          477543 1c00903a 02c60333 mul              x6, x12, x12         x6=00000040 x12:00000008 x12:00000008
27202864ns          477545 1c00903e 00c55783 lhu              x15, 12(x10)        x15=0000ffe5 x10:100037a4  PA:100037b0
27202903ns          477547 1c009042 00e55583 lhu              x11, 14(x10)        x11=00000060 x10:100037a4  PA:100037b2
27202923ns          477548 1c009046 dea30333 p.extract        x6, x6, 15, 10       x6=00000000  x6:00000040
27202943ns          477549 1c00904a 80c7075b p.muls           x14, x14, x12       x14=fffffe88 x14:0000ffd1 x12:00000008
27203003ns          477552 1c00904e 80c686db p.muls           x13, x13, x12       x13=fffffb50 x13:0000ff6a x12:00000008
27203043ns          477554 1c009052 00455e83 lhu              x29, 4(x10)         x29=00000427 x10:100037a4  PA:100037a8
27203062ns          477555 1c009056 00655e03 lhu              x28, 6(x10)         x28=0000007f x10:100037a4  PA:100037aa
27203082ns          477556 1c00905a 40a75713 srai             x14, x14, 0x40a     x14=ffffffff x14:fffffe88
27203102ns          477557 1c00905c 806787db p.muls           x15, x15, x6        x15=00000000 x15:0000ffe5  x6:00000000
27203142ns          477559 1c009060 40a6d693 srai             x13, x13, 0x40a     x13=fffffffe x13:fffffb50
27203182ns          477561 1c009062 8065865b p.muls           x12, x11, x6        x12=00000000 x11:00000060  x6:00000000
27203202ns          477562 1c009066 40a7d793 srai             x15, x15, 0x40a     x15=00000000 x15:00000000
27203222ns          477563 1c009068 40a65613 srai             x12, x12, 0x40a     x12=00000000 x12:00000000
27203241ns          477564 1c00906a 01d70733 add              x14, x14, x29       x14=00000426 x14:ffffffff x29:00000427
27203261ns          477565 1c00906c 01c686b3 add              x13, x13, x28       x13=0000007d x13:fffffffe x28:0000007f
27203281ns          477566 1c00906e 00c686b3 add              x13, x13, x12       x13=0000007d x13:0000007d x12:00000000
27203301ns          477567 1c009070 00f70733 add              x14, x14, x15       x14=00000426 x14:00000426 x15:00000000
27203321ns          477568 1c009072 100747b3 p.exths          x15, x14, x0        x15=00000426 x14:00000426
27203341ns          477569 1c009076 1006c733 p.exths          x14, x13, x0        x14=0000007d x13:0000007d
27203361ns          477570 1c00907a 03170633 mul              x12, x14, x17       x12=ffffec78 x14:0000007d x17:ffffffd8
27203381ns          477571 1c00907e 030786b3 mul              x13, x15, x16       x13=00017136 x15:00000426 x16:00000059
27203401ns          477572 1c009082 03070733 mul              x14, x14, x16       x14=00002b75 x14:0000007d x16:00000059
27203420ns          477573 1c009086 031787b3 mul              x15, x15, x17       x15=ffff5a10 x15:00000426 x17:ffffffd8
27203440ns          477574 1c00908a 40a6d693 srai             x13, x13, 0x40a     x13=0000005c x13:00017136
27203460ns          477575 1c00908c 40a65613 srai             x12, x12, 0x40a     x12=fffffffb x12:ffffec78
27203480ns          477576 1c00908e 40a7d793 srai             x15, x15, 0x40a     x15=ffffffd6 x15:ffff5a10
27203500ns          477577 1c009090 40a75713 srai             x14, x14, 0x40a     x14=0000000a x14:00002b75
27203520ns          477578 1c009092 40c686b3 sub              x13, x13, x12       x13=00000061 x13:0000005c x12:fffffffb
27203540ns          477579 1c009094 00e787b3 add              x15, x15, x14       x15=ffffffe0 x15:ffffffd6 x14:0000000a
27203560ns          477580 1c009096 00d51823 sh               x13, 16(x10)        x13:00000061 x10:100037a4  PA:100037b4
27203580ns          477581 1c00909a 00f51923 sh               x15, 18(x10)        x15:ffffffe0 x10:100037a4  PA:100037b6
27203599ns          477582 1c00909e 00008067 jalr             x0, x1, 0            x1:1c0093e8
27203739ns          477589 1c0093e8 2dc15583 lhu              x11, 732(x2)        x11=00000061  x2:100034d8  PA:100037b4
27203778ns          477591 1c0093ec 2de15783 lhu              x15, 734(x2)        x15=0000ffe0  x2:100034d8  PA:100037b6
27203798ns          477592 1c0093f0 40b90933 sub              x18, x18, x11       x18=fffffffa x18:0000005b x11:00000061
27203818ns          477593 1c0093f4 40f484b3 sub              x9, x9, x15          x9=fffeffff  x9:ffffffdf x15:0000ffe0
27203838ns          477594 1c0093f6 100945b3 p.exths          x11, x18, x0        x11=fffffffa x18:fffffffa
27203858ns          477595 1c0093fa 1004c7b3 p.exths          x15, x9, x0         x15=ffffffff  x9:fffeffff
27203878ns          477596 1c0093fe 034586b3 mul              x13, x11, x20       x13=fffffdea x11:fffffffa x20:00000059
27203898ns          477597 1c009402 03378533 mul              x10, x15, x19       x10=00000028 x15:ffffffff x19:ffffffd8
27203918ns          477598 1c009406 034a0633 mul              x12, x20, x20       x12=00001ef1 x20:00000059 x20:00000059
27203938ns          477599 1c00940a 03398733 mul              x14, x19, x19       x14=00000640 x19:ffffffd8 x19:ffffffd8
27203957ns          477600 1c00940e 034787b3 mul              x15, x15, x20       x15=ffffffa7 x15:ffffffff x20:00000059
27203977ns          477601 1c009412 033585b3 mul              x11, x11, x19       x11=000000f0 x11:fffffffa x19:ffffffd8
27203997ns          477602 1c009416 40a75713 srai             x14, x14, 0x40a     x14=00000001 x14:00000640
27204017ns          477603 1c009418 40a5d593 srai             x11, x11, 0x40a     x11=00000000 x11:000000f0
27204037ns          477604 1c00941a 40a65613 srai             x12, x12, 0x40a     x12=00000007 x12:00001ef1
27204057ns          477605 1c00941c 40a7d793 srai             x15, x15, 0x40a     x15=ffffffff x15:ffffffa7
27204077ns          477606 1c00941e 1c0034b7 lui              x9, 0x1c003000       x9=1c003000
27204097ns          477607 1c009422 00e60633 add              x12, x12, x14       x12=00000008 x12:00000007 x14:00000001
27204117ns          477608 1c009424 40b787b3 sub              x15, x15, x11       x15=ffffffff x15:ffffffff x11:00000000
27204136ns          477609 1c009426 eb048493 addi             x9, x9, -336         x9=1c002eb0  x9:1c003000
27204156ns          477610 1c00942a 1c0032b7 lui              x5, 0x1c003000       x5=1c003000
27204176ns          477611 1c00942e 1c0035b7 lui              x11, 0x1c003000     x11=1c003000
27204196ns          477612 1c009432 018483b3 add              x7, x9, x24          x7=1c002ebc  x9:1c002eb0 x24:0000000c
27204216ns          477613 1c009436 02812e83 lw               x29, 40(x2)         x29=1c002ecc  x2:100034d8  PA:10003500
27204236ns          477614 1c009438 10065633 p.exthz          x12, x12, x0        x12=00000008 x12:00000008
27204256ns          477615 1c00943c e8028293 addi             x5, x5, -384         x5=1c002e80  x5:1c003000
27204276ns          477616 1c009440 ea058593 addi             x11, x11, -352      x11=1c002ea0 x11:1c003000
27204296ns          477617 1c009444 03812483 lw               x9, 56(x2)           x9=1c002eec  x2:100034d8  PA:10003510
27204315ns          477618 1c009446 10064733 p.exths          x14, x12, x0        x14=00000008 x12:00000008
27204335ns          477619 1c00944a 018280b3 add              x1, x5, x24          x1=1c002e8c  x5:1c002e80 x24:0000000c
27204355ns          477620 1c00944e 03012f03 lw               x30, 48(x2)         x30=1c002edc  x2:100034d8  PA:10003508
27204375ns          477621 1c009450 018582b3 add              x5, x11, x24         x5=1c002eac x11:1c002ea0 x24:0000000c
27204395ns          477622 1c009454 04012583 lw               x11, 64(x2)         x11=1c002efc  x2:100034d8  PA:10003518
27204415ns          477623 1c009456 000edd83 lhu              x27, 0(x29)         x27=000016ab x29:1c002ecc  PA:1c002ecc
27204713ns          477638 1c00945a 0004d483 lhu              x9, 0(x9)            x9=00000248  x9:1c002eec  PA:1c002eec
27205031ns          477654 1c00945e 02e70333 mul              x6, x14, x14         x6=00000040 x14:00000008 x14:00000008
27205051ns          477655 1c009462 40a55513 srai             x10, x10, 0x40a     x10=00000000 x10:00000028
27205071ns          477656 1c009464 04812e83 lw               x29, 72(x2)         x29=1c002f0c  x2:100034d8  PA:10003520
27205091ns          477657 1c009466 40a6d693 srai             x13, x13, 0x40a     x13=ffffffff x13:fffffdea
27205111ns          477658 1c009468 000f5d03 lhu              x26, 0(x30)         x26=0000060f x30:1c002edc  PA:1c002edc
27205529ns          477679 1c00946c 0005d583 lhu              x11, 0(x11)         x11=0000010e x11:1c002efc  PA:1c002efc
27205827ns          477694 1c009470 40a35313 srai             x6, x6, 0x40a        x6=00000000  x6:00000040
27205847ns          477695 1c009474 00a686b3 add              x13, x13, x10       x13=ffffffff x13:ffffffff x10:00000000
27205867ns          477696 1c009476 05012f03 lw               x30, 80(x2)         x30=1c002e7c  x2:100034d8  PA:10003528
27205887ns          477697 1c009478 10034e33 p.exths          x28, x6, x0         x28=00000000  x6:00000000
27205906ns          477698 1c00947c 06911023 sh               x9, 96(x2)           x9:00000248  x2:100034d8  PA:10003538
27205926ns          477699 1c009480 000ede83 lhu              x29, 0(x29)         x29=0000008e x29:1c002f0c  PA:1c002f0c
27206264ns          477716 1c009484 05812483 lw               x9, 88(x2)           x9=1c002e6c  x2:100034d8  PA:10003530
27206284ns          477717 1c009486 1006d6b3 p.exthz          x13, x13, x0        x13=0000ffff x13:ffffffff
27206304ns          477718 1c00948a 02ee08b3 mul              x17, x28, x14       x17=00000000 x28:00000000 x14:00000008
27206324ns          477719 1c00948e 1006c833 p.exths          x16, x13, x0        x16=ffffffff x13:0000ffff
27206344ns          477720 1c009492 06b11823 sh               x11, 112(x2)        x11:0000010e  x2:100034d8  PA:10003548
27206364ns          477721 1c009496 000f5f03 lhu              x30, 0(x30)         x30=0000ff01 x30:1c002e7c  PA:1c002e7c
27206682ns          477737 1c00949a 0a012583 lw               x11, 160(x2)        x11=1c002e9c  x2:100034d8  PA:10003578
27206702ns          477738 1c00949c 1007d7b3 p.exthz          x15, x15, x0        x15=0000ffff x15:ffffffff
27206722ns          477739 1c0094a0 0004da03 lhu              x20, 0(x9)          x20=0000fab9  x9:1c002e6c  PA:1c002e6c
27207040ns          477755 1c0094a4 1007c533 p.exths          x10, x15, x0        x10=ffffffff x15:0000ffff
27207060ns          477756 1c0094a8 09d11023 sh               x29, 128(x2)        x29:0000008e  x2:100034d8  PA:10003558
27207080ns          477757 1c0094ac 0003d483 lhu              x9, 0(x7)            x9=0000ffc9  x7:1c002ebc  PA:1c002ebc
27207398ns          477773 1c0094b0 02e80eb3 mul              x29, x16, x14       x29=fffffff8 x16:ffffffff x14:00000008
27207418ns          477774 1c0094b4 40a8d893 srai             x17, x17, 0x40a     x17=00000000 x17:00000000
27207438ns          477775 1c0094b8 03c80833 mul              x16, x16, x28       x16=00000000 x16:ffffffff x28:00000000
27207458ns          477776 1c0094bc 09e11823 sh               x30, 144(x2)        x30:0000ff01  x2:100034d8  PA:10003568
27207478ns          477777 1c0094c0 0005d983 lhu              x19, 0(x11)         x19=0000ff9a x11:1c002e9c  PA:1c002e9c
27207816ns          477794 1c0094c4 81c88f5b p.muls           x30, x17, x28       x30=00000000 x17:00000000 x28:00000000
27207836ns          477795 1c0094c8 0002d583 lhu              x11, 0(x5)          x11=0000ff49  x5:1c002eac  PA:1c002eac
27208194ns          477813 1c0094cc 03ce0fb3 mul              x31, x28, x28       x31=00000000 x28:00000000 x28:00000000
27208213ns          477814 1c0094d0 02e50733 mul              x14, x10, x14       x14=fffffff8 x10:ffffffff x14:00000008
27208233ns          477815 1c0094d4 40a85813 srai             x16, x16, 0x40a     x16=00000000 x16:00000000
27208253ns          477816 1c0094d8 03c50533 mul              x10, x10, x28       x10=00000000 x10:ffffffff x28:00000000
27208273ns          477817 1c0094dc 07015e03 lhu              x28, 112(x2)        x28=0000010e  x2:100034d8  PA:10003548
27208313ns          477819 1c0094e0 01b60633 add              x12, x12, x27       x12=000016b3 x12:00000008 x27:000016ab
27208333ns          477820 1c0094e2 00980833 add              x16, x16, x9        x16=0000ffc9 x16:00000000  x9:0000ffc9
27208353ns          477821 1c0094e4 06015d83 lhu              x27, 96(x2)         x27=00000248  x2:100034d8  PA:10003538
27208373ns          477822 1c0094e8 02812483 lw               x9, 40(x2)           x9=1c002ecc  x2:100034d8  PA:10003500
27208392ns          477823 1c0094ea 40afdf93 srai             x31, x31, 0x40a     x31=00000000 x31:00000000
27208412ns          477824 1c0094ee 40a55513 srai             x10, x10, 0x40a     x10=00000000 x10:00000000
27208432ns          477825 1c0094f0 01cf8fb3 add              x31, x31, x28       x31=0000010e x31:00000000 x28:0000010e
27208452ns          477826 1c0094f2 00b50533 add              x10, x10, x11       x10=0000ff49 x10:00000000 x11:0000ff49
27208472ns          477827 1c0094f4 09015e03 lhu              x28, 144(x2)        x28=0000ff01  x2:100034d8  PA:10003568
27208492ns          477828 1c0094f8 03012583 lw               x11, 48(x2)         x11=1c002edc  x2:100034d8  PA:10003508
27208512ns          477829 1c0094fa 00c49023 sh               x12, 0(x9)          x12:000016b3  x9:1c002ecc  PA:1c002ecc
27208830ns          477845 1c0094fe 01b888b3 add              x17, x17, x27       x17=00000248 x17:00000000 x27:00000248
27208850ns          477846 1c009500 01a30333 add              x6, x6, x26          x6=0000060f  x6:00000000 x26:0000060f
27208870ns          477847 1c009502 08015d83 lhu              x27, 128(x2)        x27=0000008e  x2:100034d8  PA:10003558
27208890ns          477848 1c009506 0000d903 lhu              x18, 0(x1)          x18=0000fe5b  x1:1c002e8c  PA:1c002e8c
27209188ns          477863 1c00950a 01c686b3 add              x13, x13, x28       x13=0001ff00 x13:0000ffff x28:0000ff01
27209208ns          477864 1c00950c 00659023 sh               x6, 0(x11)           x6:0000060f x11:1c002edc  PA:1c002edc
27209526ns          477880 1c009510 40af5f13 srai             x30, x30, 0x40a     x30=00000000 x30:00000000
27209546ns          477881 1c009514 04812e03 lw               x28, 72(x2)         x28=1c002f0c  x2:100034d8  PA:10003520
27209566ns          477882 1c009516 01bf0f33 add              x30, x30, x27       x30=0000008e x30:00000000 x27:0000008e
27209586ns          477883 1c009518 40aede93 srai             x29, x29, 0x40a     x29=ffffffff x29:fffffff8
27209606ns          477884 1c00951c 40a75713 srai             x14, x14, 0x40a     x14=ffffffff x14:fffffff8
27209626ns          477885 1c00951e 03812603 lw               x12, 56(x2)         x12=1c002eec  x2:100034d8  PA:10003510
27209645ns          477886 1c009520 04012d83 lw               x27, 64(x2)         x27=1c002efc  x2:100034d8  PA:10003518
27209665ns          477887 1c009522 01ee1023 sh               x30, 0(x28)         x30:0000008e x28:1c002f0c  PA:1c002f0c
27209983ns          477903 1c009526 05812483 lw               x9, 88(x2)           x9=1c002e6c  x2:100034d8  PA:10003530
27210003ns          477904 1c009528 05012f03 lw               x30, 80(x2)         x30=1c002e7c  x2:100034d8  PA:10003528
27210023ns          477905 1c00952a 0a012583 lw               x11, 160(x2)        x11=1c002e9c  x2:100034d8  PA:10003578
27210043ns          477906 1c00952c 014787b3 add              x15, x15, x20       x15=0001fab8 x15:0000ffff x20:0000fab9
27210063ns          477907 1c00952e 013e8eb3 add              x29, x29, x19       x29=0000ff99 x29:ffffffff x19:0000ff9a
27210083ns          477908 1c009530 01270733 add              x14, x14, x18       x14=0000fe5a x14:ffffffff x18:0000fe5b
27210103ns          477909 1c009532 00f49023 sh               x15, 0(x9)          x15:0001fab8  x9:1c002e6c  PA:1c002e6c
27210421ns          477925 1c009536 01161023 sh               x17, 0(x12)         x17:00000248 x12:1c002eec  PA:1c002eec
27210759ns          477942 1c00953a 01fd9023 sh               x31, 0(x27)         x31:0000010e x27:1c002efc  PA:1c002efc
27211077ns          477958 1c00953e 00df1023 sh               x13, 0(x30)         x13:0001ff00 x30:1c002e7c  PA:1c002e7c
27211396ns          477974 1c009542 01d59023 sh               x29, 0(x11)         x29:0000ff99 x11:1c002e9c  PA:1c002e9c
27211754ns          477992 1c009546 00e09023 sh               x14, 0(x1)          x14:0000fe5a  x1:1c002e8c  PA:1c002e8c
27212092ns          478009 1c00954a 01039023 sh               x16, 0(x7)          x16:0000ffc9  x7:1c002ebc  PA:1c002ebc
27212410ns          478025 1c00954e 00a29023 sh               x10, 0(x5)          x10:0000ff49  x5:1c002eac  PA:1c002eac
27212728ns          478041 1c009552 008b0b13 addi             x22, x22, 8         x22=00000156 x22:0000014e
27212748ns          478042 1c009554 1f300793 addi             x15, x0, 499        x15=000001f3
27212768ns          478043 1c009558 e767dae3 bge              x15, x22, -396      x15:000001f3 x22:00000156
27212827ns          478046 1c0093cc 010c9a0b p.lh             x20, 16(x25!)       x20=0000007d x25=1c002944 x25:1c002934  PA:1c002934
27213146ns          478062 1c0093d0 0104198b p.lh             x19, 16(x8!)        x19=fffffead  x8=1c00210c  x8:1c0020fc  PA:1c0020fc
27213444ns          478077 1c0093d4 2cc10513 addi             x10, x2, 716        x10=100037a4  x2:100034d8
27213464ns          478078 1c0093d6 010a990b p.lh             x18, 16(x21!)       x18=00000055 x21=1c001938 x21:1c001928  PA:1c001928
27213762ns          478093 1c0093da 010b948b p.lh             x9, 16(x23!)         x9=fffffe93 x23=1c001168 x23:1c001158  PA:1c001158
27214061ns          478108 1c0093de 2d411623 sh               x20, 716(x2)        x20:0000007d  x2:100034d8  PA:100037a4
27214100ns          478110 1c0093e2 2d311723 sh               x19, 718(x2)        x19:fffffead  x2:100034d8  PA:100037a6
27214120ns          478111 1c0093e6 c33ff0ef jal              x1, -974             x1=1c0093e8
27214200ns          478115 1c009018 00051803 lh               x16, 0(x10)         x16=0000007d x10:100037a4  PA:100037a4
27214259ns          478118 1c00901c 00251883 lh               x17, 2(x10)         x17=fffffead x10:100037a4  PA:100037a6
27214279ns          478119 1c009020 030806b3 mul              x13, x16, x16       x13=00003d09 x16:0000007d x16:0000007d
27214299ns          478120 1c009024 03188633 mul              x12, x17, x17       x12=0001c0e9 x17:fffffead x17:fffffead
27214319ns          478121 1c009028 40a65613 srai             x12, x12, 0x40a     x12=00000070 x12:0001c0e9
27214339ns          478122 1c00902a 40a6d693 srai             x13, x13, 0x40a     x13=0000000f x13:00003d09
27214359ns          478123 1c00902c 00c686b3 add              x13, x13, x12       x13=0000007f x13:0000000f x12:00000070
27214379ns          478124 1c00902e 1006c633 p.exths          x12, x13, x0        x12=0000007f x13:0000007f
27214399ns          478125 1c009032 00855703 lhu              x14, 8(x10)         x14=0000ffd1 x10:100037a4  PA:100037ac
27214419ns          478126 1c009036 00a55683 lhu              x13, 10(x10)        x13=0000ff6a x10:100037a4  PA:100037ae
27214438ns          478127 1c00903a 02c60333 mul              x6, x12, x12         x6=00003f01 x12:0000007f x12:0000007f
27214498ns          478130 1c00903e 00c55783 lhu              x15, 12(x10)        x15=0000ffe5 x10:100037a4  PA:100037b0
27214538ns          478132 1c009042 00e55583 lhu              x11, 14(x10)        x11=00000060 x10:100037a4  PA:100037b2
27214558ns          478133 1c009046 dea30333 p.extract        x6, x6, 15, 10       x6=0000000f  x6:00003f01
27214578ns          478134 1c00904a 80c7075b p.muls           x14, x14, x12       x14=ffffe8af x14:0000ffd1 x12:0000007f
27214637ns          478137 1c00904e 80c686db p.muls           x13, x13, x12       x13=ffffb596 x13:0000ff6a x12:0000007f
27214677ns          478139 1c009052 00455e83 lhu              x29, 4(x10)         x29=00000427 x10:100037a4  PA:100037a8
27214697ns          478140 1c009056 00655e03 lhu              x28, 6(x10)         x28=0000007f x10:100037a4  PA:100037aa
27214717ns          478141 1c00905a 40a75713 srai             x14, x14, 0x40a     x14=fffffffa x14:ffffe8af
27214737ns          478142 1c00905c 806787db p.muls           x15, x15, x6        x15=fffffe6b x15:0000ffe5  x6:0000000f
27214757ns          478143 1c009060 40a6d693 srai             x13, x13, 0x40a     x13=ffffffed x13:ffffb596
27214776ns          478144 1c009062 8065865b p.muls           x12, x11, x6        x12=000005a0 x11:00000060  x6:0000000f
27214796ns          478145 1c009066 40a7d793 srai             x15, x15, 0x40a     x15=ffffffff x15:fffffe6b
27214816ns          478146 1c009068 40a65613 srai             x12, x12, 0x40a     x12=00000001 x12:000005a0
27214836ns          478147 1c00906a 01d70733 add              x14, x14, x29       x14=00000421 x14:fffffffa x29:00000427
27214856ns          478148 1c00906c 01c686b3 add              x13, x13, x28       x13=0000006c x13:ffffffed x28:0000007f
27214876ns          478149 1c00906e 00c686b3 add              x13, x13, x12       x13=0000006d x13:0000006c x12:00000001
27214896ns          478150 1c009070 00f70733 add              x14, x14, x15       x14=00000420 x14:00000421 x15:ffffffff
27214916ns          478151 1c009072 100747b3 p.exths          x15, x14, x0        x15=00000420 x14:00000420
27214936ns          478152 1c009076 1006c733 p.exths          x14, x13, x0        x14=0000006d x13:0000006d
27214955ns          478153 1c00907a 03170633 mul              x12, x14, x17       x12=ffff6fa9 x14:0000006d x17:fffffead
27214975ns          478154 1c00907e 030786b3 mul              x13, x15, x16       x13=000203a0 x15:00000420 x16:0000007d
27214995ns          478155 1c009082 03070733 mul              x14, x14, x16       x14=00003539 x14:0000006d x16:0000007d
27215015ns          478156 1c009086 031787b3 mul              x15, x15, x17       x15=fffa89a0 x15:00000420 x17:fffffead
27215035ns          478157 1c00908a 40a6d693 srai             x13, x13, 0x40a     x13=00000080 x13:000203a0
27215055ns          478158 1c00908c 40a65613 srai             x12, x12, 0x40a     x12=ffffffdb x12:ffff6fa9
27215075ns          478159 1c00908e 40a7d793 srai             x15, x15, 0x40a     x15=fffffea2 x15:fffa89a0
27215095ns          478160 1c009090 40a75713 srai             x14, x14, 0x40a     x14=0000000d x14:00003539
27215115ns          478161 1c009092 40c686b3 sub              x13, x13, x12       x13=000000a5 x13:00000080 x12:ffffffdb
27215134ns          478162 1c009094 00e787b3 add              x15, x15, x14       x15=fffffeaf x15:fffffea2 x14:0000000d
27215154ns          478163 1c009096 00d51823 sh               x13, 16(x10)        x13:000000a5 x10:100037a4  PA:100037b4
27215194ns          478165 1c00909a 00f51923 sh               x15, 18(x10)        x15:fffffeaf x10:100037a4  PA:100037b6
27215234ns          478167 1c00909e 00008067 jalr             x0, x1, 0            x1:1c0093e8
27215254ns          478168 1c0093e8 2dc15583 lhu              x11, 732(x2)        x11=000000a5  x2:100034d8  PA:100037b4
27215274ns          478169 1c0093ec 2de15783 lhu              x15, 734(x2)        x15=0000feaf  x2:100034d8  PA:100037b6
27215294ns          478170 1c0093f0 40b90933 sub              x18, x18, x11       x18=ffffffb0 x18:00000055 x11:000000a5
27215313ns          478171 1c0093f4 40f484b3 sub              x9, x9, x15          x9=fffeffe4  x9:fffffe93 x15:0000feaf
27215333ns          478172 1c0093f6 100945b3 p.exths          x11, x18, x0        x11=ffffffb0 x18:ffffffb0
27215353ns          478173 1c0093fa 1004c7b3 p.exths          x15, x9, x0         x15=ffffffe4  x9:fffeffe4
27215373ns          478174 1c0093fe 034586b3 mul              x13, x11, x20       x13=ffffd8f0 x11:ffffffb0 x20:0000007d
27215393ns          478175 1c009402 03378533 mul              x10, x15, x19       x10=00002514 x15:ffffffe4 x19:fffffead
27215413ns          478176 1c009406 034a0633 mul              x12, x20, x20       x12=00003d09 x20:0000007d x20:0000007d
27215433ns          478177 1c00940a 03398733 mul              x14, x19, x19       x14=0001c0e9 x19:fffffead x19:fffffead
27215453ns          478178 1c00940e 034787b3 mul              x15, x15, x20       x15=fffff254 x15:ffffffe4 x20:0000007d
27215473ns          478179 1c009412 033585b3 mul              x11, x11, x19       x11=000069f0 x11:ffffffb0 x19:fffffead
27215492ns          478180 1c009416 40a75713 srai             x14, x14, 0x40a     x14=00000070 x14:0001c0e9
27215512ns          478181 1c009418 40a5d593 srai             x11, x11, 0x40a     x11=0000001a x11:000069f0
27215532ns          478182 1c00941a 40a65613 srai             x12, x12, 0x40a     x12=0000000f x12:00003d09
27215552ns          478183 1c00941c 40a7d793 srai             x15, x15, 0x40a     x15=fffffffc x15:fffff254
27215572ns          478184 1c00941e 1c0034b7 lui              x9, 0x1c003000       x9=1c003000
27215592ns          478185 1c009422 00e60633 add              x12, x12, x14       x12=0000007f x12:0000000f x14:00000070
27215612ns          478186 1c009424 40b787b3 sub              x15, x15, x11       x15=ffffffe2 x15:fffffffc x11:0000001a
27215632ns          478187 1c009426 eb048493 addi             x9, x9, -336         x9=1c002eb0  x9:1c003000
27215652ns          478188 1c00942a 1c0032b7 lui              x5, 0x1c003000       x5=1c003000
27215671ns          478189 1c00942e 1c0035b7 lui              x11, 0x1c003000     x11=1c003000
27215691ns          478190 1c009432 018483b3 add              x7, x9, x24          x7=1c002ebc  x9:1c002eb0 x24:0000000c
27215711ns          478191 1c009436 02812e83 lw               x29, 40(x2)         x29=1c002ecc  x2:100034d8  PA:10003500
27215731ns          478192 1c009438 10065633 p.exthz          x12, x12, x0        x12=0000007f x12:0000007f
27215751ns          478193 1c00943c e8028293 addi             x5, x5, -384         x5=1c002e80  x5:1c003000
27215771ns          478194 1c009440 ea058593 addi             x11, x11, -352      x11=1c002ea0 x11:1c003000
27215791ns          478195 1c009444 03812483 lw               x9, 56(x2)           x9=1c002eec  x2:100034d8  PA:10003510
27215811ns          478196 1c009446 10064733 p.exths          x14, x12, x0        x14=0000007f x12:0000007f
27215831ns          478197 1c00944a 018280b3 add              x1, x5, x24          x1=1c002e8c  x5:1c002e80 x24:0000000c
27215850ns          478198 1c00944e 03012f03 lw               x30, 48(x2)         x30=1c002edc  x2:100034d8  PA:10003508
27215870ns          478199 1c009450 018582b3 add              x5, x11, x24         x5=1c002eac x11:1c002ea0 x24:0000000c
27215890ns          478200 1c009454 04012583 lw               x11, 64(x2)         x11=1c002efc  x2:100034d8  PA:10003518
27215910ns          478201 1c009456 000edd83 lhu              x27, 0(x29)         x27=000016b3 x29:1c002ecc  PA:1c002ecc
27216268ns          478219 1c00945a 0004d483 lhu              x9, 0(x9)            x9=00000248  x9:1c002eec  PA:1c002eec
27216566ns          478234 1c00945e 02e70333 mul              x6, x14, x14         x6=00003f01 x14:0000007f x14:0000007f
27216586ns          478235 1c009462 40a55513 srai             x10, x10, 0x40a     x10=00000009 x10:00002514
27216606ns          478236 1c009464 04812e83 lw               x29, 72(x2)         x29=1c002f0c  x2:100034d8  PA:10003520
27216626ns          478237 1c009466 40a6d693 srai             x13, x13, 0x40a     x13=fffffff6 x13:ffffd8f0
27216646ns          478238 1c009468 000f5d03 lhu              x26, 0(x30)         x26=0000060f x30:1c002edc  PA:1c002edc
27216964ns          478254 1c00946c 0005d583 lhu              x11, 0(x11)         x11=0000010e x11:1c002efc  PA:1c002efc
27217302ns          478271 1c009470 40a35313 srai             x6, x6, 0x40a        x6=0000000f  x6:00003f01
27217322ns          478272 1c009474 00a686b3 add              x13, x13, x10       x13=ffffffff x13:fffffff6 x10:00000009
27217342ns          478273 1c009476 05012f03 lw               x30, 80(x2)         x30=1c002e7c  x2:100034d8  PA:10003528
27217362ns          478274 1c009478 10034e33 p.exths          x28, x6, x0         x28=0000000f  x6:0000000f
27217382ns          478275 1c00947c 06911023 sh               x9, 96(x2)           x9:00000248  x2:100034d8  PA:10003538
27217402ns          478276 1c009480 000ede83 lhu              x29, 0(x29)         x29=0000008e x29:1c002f0c  PA:1c002f0c
27217700ns          478291 1c009484 05812483 lw               x9, 88(x2)           x9=1c002e6c  x2:100034d8  PA:10003530
27217720ns          478292 1c009486 1006d6b3 p.exthz          x13, x13, x0        x13=0000ffff x13:ffffffff
27217740ns          478293 1c00948a 02ee08b3 mul              x17, x28, x14       x17=00000771 x28:0000000f x14:0000007f
27217760ns          478294 1c00948e 1006c833 p.exths          x16, x13, x0        x16=ffffffff x13:0000ffff
27217780ns          478295 1c009492 06b11823 sh               x11, 112(x2)        x11:0000010e  x2:100034d8  PA:10003548
27217799ns          478296 1c009496 000f5f03 lhu              x30, 0(x30)         x30=0000ff00 x30:1c002e7c  PA:1c002e7c
27218138ns          478313 1c00949a 0a012583 lw               x11, 160(x2)        x11=1c002e9c  x2:100034d8  PA:10003578
27218157ns          478314 1c00949c 1007d7b3 p.exthz          x15, x15, x0        x15=0000ffe2 x15:ffffffe2
27218177ns          478315 1c0094a0 0004da03 lhu              x20, 0(x9)          x20=0000fab8  x9:1c002e6c  PA:1c002e6c
27218476ns          478330 1c0094a4 1007c533 p.exths          x10, x15, x0        x10=ffffffe2 x15:0000ffe2
27218496ns          478331 1c0094a8 09d11023 sh               x29, 128(x2)        x29:0000008e  x2:100034d8  PA:10003558
27218515ns          478332 1c0094ac 0003d483 lhu              x9, 0(x7)            x9=0000ffc9  x7:1c002ebc  PA:1c002ebc
27218814ns          478347 1c0094b0 02e80eb3 mul              x29, x16, x14       x29=ffffff81 x16:ffffffff x14:0000007f
27218834ns          478348 1c0094b4 40a8d893 srai             x17, x17, 0x40a     x17=00000001 x17:00000771
27218854ns          478349 1c0094b8 03c80833 mul              x16, x16, x28       x16=fffffff1 x16:ffffffff x28:0000000f
27218873ns          478350 1c0094bc 09e11823 sh               x30, 144(x2)        x30:0000ff00  x2:100034d8  PA:10003568
27218893ns          478351 1c0094c0 0005d983 lhu              x19, 0(x11)         x19=0000ff99 x11:1c002e9c  PA:1c002e9c
27219231ns          478368 1c0094c4 81c88f5b p.muls           x30, x17, x28       x30=0000000f x17:00000001 x28:0000000f
27219251ns          478369 1c0094c8 0002d583 lhu              x11, 0(x5)          x11=0000ff49  x5:1c002eac  PA:1c002eac
27219550ns          478384 1c0094cc 03ce0fb3 mul              x31, x28, x28       x31=000000e1 x28:0000000f x28:0000000f
27219570ns          478385 1c0094d0 02e50733 mul              x14, x10, x14       x14=fffff11e x10:ffffffe2 x14:0000007f
27219589ns          478386 1c0094d4 40a85813 srai             x16, x16, 0x40a     x16=ffffffff x16:fffffff1
27219609ns          478387 1c0094d8 03c50533 mul              x10, x10, x28       x10=fffffe3e x10:ffffffe2 x28:0000000f
27219629ns          478388 1c0094dc 07015e03 lhu              x28, 112(x2)        x28=0000010e  x2:100034d8  PA:10003548
27219649ns          478389 1c0094e0 01b60633 add              x12, x12, x27       x12=00001732 x12:0000007f x27:000016b3
27219669ns          478390 1c0094e2 00980833 add              x16, x16, x9        x16=0000ffc8 x16:ffffffff  x9:0000ffc9
27219689ns          478391 1c0094e4 06015d83 lhu              x27, 96(x2)         x27=00000248  x2:100034d8  PA:10003538
27219709ns          478392 1c0094e8 02812483 lw               x9, 40(x2)           x9=1c002ecc  x2:100034d8  PA:10003500
27219729ns          478393 1c0094ea 40afdf93 srai             x31, x31, 0x40a     x31=00000000 x31:000000e1
27219748ns          478394 1c0094ee 40a55513 srai             x10, x10, 0x40a     x10=ffffffff x10:fffffe3e
27219768ns          478395 1c0094f0 01cf8fb3 add              x31, x31, x28       x31=0000010e x31:00000000 x28:0000010e
27219788ns          478396 1c0094f2 00b50533 add              x10, x10, x11       x10=0000ff48 x10:ffffffff x11:0000ff49
27219808ns          478397 1c0094f4 09015e03 lhu              x28, 144(x2)        x28=0000ff00  x2:100034d8  PA:10003568
27219828ns          478398 1c0094f8 03012583 lw               x11, 48(x2)         x11=1c002edc  x2:100034d8  PA:10003508
27219848ns          478399 1c0094fa 00c49023 sh               x12, 0(x9)          x12:00001732  x9:1c002ecc  PA:1c002ecc
27220166ns          478415 1c0094fe 01b888b3 add              x17, x17, x27       x17=00000249 x17:00000001 x27:00000248
27220186ns          478416 1c009500 01a30333 add              x6, x6, x26          x6=0000061e  x6:0000000f x26:0000060f
27220206ns          478417 1c009502 08015d83 lhu              x27, 128(x2)        x27=0000008e  x2:100034d8  PA:10003558
27220226ns          478418 1c009506 0000d903 lhu              x18, 0(x1)          x18=0000fe5a  x1:1c002e8c  PA:1c002e8c
27220524ns          478433 1c00950a 01c686b3 add              x13, x13, x28       x13=0001feff x13:0000ffff x28:0000ff00
27220544ns          478434 1c00950c 00659023 sh               x6, 0(x11)           x6:0000061e x11:1c002edc  PA:1c002edc
27220862ns          478450 1c009510 40af5f13 srai             x30, x30, 0x40a     x30=00000000 x30:0000000f
27220882ns          478451 1c009514 04812e03 lw               x28, 72(x2)         x28=1c002f0c  x2:100034d8  PA:10003520
27220902ns          478452 1c009516 01bf0f33 add              x30, x30, x27       x30=0000008e x30:00000000 x27:0000008e
27220922ns          478453 1c009518 40aede93 srai             x29, x29, 0x40a     x29=ffffffff x29:ffffff81
27220942ns          478454 1c00951c 40a75713 srai             x14, x14, 0x40a     x14=fffffffc x14:fffff11e
27220962ns          478455 1c00951e 03812603 lw               x12, 56(x2)         x12=1c002eec  x2:100034d8  PA:10003510
27220982ns          478456 1c009520 04012d83 lw               x27, 64(x2)         x27=1c002efc  x2:100034d8  PA:10003518
27221001ns          478457 1c009522 01ee1023 sh               x30, 0(x28)         x30:0000008e x28:1c002f0c  PA:1c002f0c
27221320ns          478473 1c009526 05812483 lw               x9, 88(x2)           x9=1c002e6c  x2:100034d8  PA:10003530
27221340ns          478474 1c009528 05012f03 lw               x30, 80(x2)         x30=1c002e7c  x2:100034d8  PA:10003528
27221359ns          478475 1c00952a 0a012583 lw               x11, 160(x2)        x11=1c002e9c  x2:100034d8  PA:10003578
27221379ns          478476 1c00952c 014787b3 add              x15, x15, x20       x15=0001fa9a x15:0000ffe2 x20:0000fab8
27221399ns          478477 1c00952e 013e8eb3 add              x29, x29, x19       x29=0000ff98 x29:ffffffff x19:0000ff99
27221419ns          478478 1c009530 01270733 add              x14, x14, x18       x14=0000fe56 x14:fffffffc x18:0000fe5a
27221439ns          478479 1c009532 00f49023 sh               x15, 0(x9)          x15:0001fa9a  x9:1c002e6c  PA:1c002e6c
27221757ns          478495 1c009536 01161023 sh               x17, 0(x12)         x17:00000249 x12:1c002eec  PA:1c002eec
27222155ns          478515 1c00953a 01fd9023 sh               x31, 0(x27)         x31:0000010e x27:1c002efc  PA:1c002efc
27222493ns          478532 1c00953e 00df1023 sh               x13, 0(x30)         x13:0001feff x30:1c002e7c  PA:1c002e7c
27222811ns          478548 1c009542 01d59023 sh               x29, 0(x11)         x29:0000ff98 x11:1c002e9c  PA:1c002e9c
27223129ns          478564 1c009546 00e09023 sh               x14, 0(x1)          x14:0000fe56  x1:1c002e8c  PA:1c002e8c
27223448ns          478580 1c00954a 01039023 sh               x16, 0(x7)          x16:0000ffc8  x7:1c002ebc  PA:1c002ebc
27223786ns          478597 1c00954e 00a29023 sh               x10, 0(x5)          x10:0000ff48  x5:1c002eac  PA:1c002eac
27224104ns          478613 1c009552 008b0b13 addi             x22, x22, 8         x22=0000015e x22:00000156
27224124ns          478614 1c009554 1f300793 addi             x15, x0, 499        x15=000001f3
27224144ns          478615 1c009558 e767dae3 bge              x15, x22, -396      x15:000001f3 x22:0000015e
27224243ns          478620 1c0093cc 010c9a0b p.lh             x20, 16(x25!)       x20=00000053 x25=1c002954 x25:1c002944  PA:1c002944
27224561ns          478636 1c0093d0 0104198b p.lh             x19, 16(x8!)        x19=000000cc  x8=1c00211c  x8:1c00210c  PA:1c00210c
27224860ns          478651 1c0093d4 2cc10513 addi             x10, x2, 716        x10=100037a4  x2:100034d8
27224880ns          478652 1c0093d6 010a990b p.lh             x18, 16(x21!)       x18=00000053 x21=1c001948 x21:1c001938  PA:1c001938
27225198ns          478668 1c0093da 010b948b p.lh             x9, 16(x23!)         x9=000000c9 x23=1c001178 x23:1c001168  PA:1c001168
27225496ns          478683 1c0093de 2d411623 sh               x20, 716(x2)        x20:00000053  x2:100034d8  PA:100037a4
27225516ns          478684 1c0093e2 2d311723 sh               x19, 718(x2)        x19:000000cc  x2:100034d8  PA:100037a6
27225536ns          478685 1c0093e6 c33ff0ef jal              x1, -974             x1=1c0093e8
27225615ns          478689 1c009018 00051803 lh               x16, 0(x10)         x16=00000053 x10:100037a4  PA:100037a4
27225675ns          478692 1c00901c 00251883 lh               x17, 2(x10)         x17=000000cc x10:100037a4  PA:100037a6
27225715ns          478694 1c009020 030806b3 mul              x13, x16, x16       x13=00001ae9 x16:00000053 x16:00000053
27225755ns          478696 1c009024 03188633 mul              x12, x17, x17       x12=0000a290 x17:000000cc x17:000000cc
27225775ns          478697 1c009028 40a65613 srai             x12, x12, 0x40a     x12=00000028 x12:0000a290
27225794ns          478698 1c00902a 40a6d693 srai             x13, x13, 0x40a     x13=00000006 x13:00001ae9
27225814ns          478699 1c00902c 00c686b3 add              x13, x13, x12       x13=0000002e x13:00000006 x12:00000028
27225834ns          478700 1c00902e 1006c633 p.exths          x12, x13, x0        x12=0000002e x13:0000002e
27225854ns          478701 1c009032 00855703 lhu              x14, 8(x10)         x14=0000ffd1 x10:100037a4  PA:100037ac
27225874ns          478702 1c009036 00a55683 lhu              x13, 10(x10)        x13=0000ff6a x10:100037a4  PA:100037ae
27225894ns          478703 1c00903a 02c60333 mul              x6, x12, x12         x6=00000844 x12:0000002e x12:0000002e
27225934ns          478705 1c00903e 00c55783 lhu              x15, 12(x10)        x15=0000ffe5 x10:100037a4  PA:100037b0
27225993ns          478708 1c009042 00e55583 lhu              x11, 14(x10)        x11=00000060 x10:100037a4  PA:100037b2
27226013ns          478709 1c009046 dea30333 p.extract        x6, x6, 15, 10       x6=00000002  x6:00000844
27226033ns          478710 1c00904a 80c7075b p.muls           x14, x14, x12       x14=fffff78e x14:0000ffd1 x12:0000002e
27226073ns          478712 1c00904e 80c686db p.muls           x13, x13, x12       x13=ffffe50c x13:0000ff6a x12:0000002e
27226113ns          478714 1c009052 00455e83 lhu              x29, 4(x10)         x29=00000427 x10:100037a4  PA:100037a8
27226133ns          478715 1c009056 00655e03 lhu              x28, 6(x10)         x28=0000007f x10:100037a4  PA:100037aa
27226152ns          478716 1c00905a 40a75713 srai             x14, x14, 0x40a     x14=fffffffd x14:fffff78e
27226172ns          478717 1c00905c 806787db p.muls           x15, x15, x6        x15=ffffffca x15:0000ffe5  x6:00000002
27226192ns          478718 1c009060 40a6d693 srai             x13, x13, 0x40a     x13=fffffff9 x13:ffffe50c
27226212ns          478719 1c009062 8065865b p.muls           x12, x11, x6        x12=000000c0 x11:00000060  x6:00000002
27226232ns          478720 1c009066 40a7d793 srai             x15, x15, 0x40a     x15=ffffffff x15:ffffffca
27226252ns          478721 1c009068 40a65613 srai             x12, x12, 0x40a     x12=00000000 x12:000000c0
27226272ns          478722 1c00906a 01d70733 add              x14, x14, x29       x14=00000424 x14:fffffffd x29:00000427
27226292ns          478723 1c00906c 01c686b3 add              x13, x13, x28       x13=00000078 x13:fffffff9 x28:0000007f
27226312ns          478724 1c00906e 00c686b3 add              x13, x13, x12       x13=00000078 x13:00000078 x12:00000000
27226331ns          478725 1c009070 00f70733 add              x14, x14, x15       x14=00000423 x14:00000424 x15:ffffffff
27226351ns          478726 1c009072 100747b3 p.exths          x15, x14, x0        x15=00000423 x14:00000423
27226371ns          478727 1c009076 1006c733 p.exths          x14, x13, x0        x14=00000078 x13:00000078
27226391ns          478728 1c00907a 03170633 mul              x12, x14, x17       x12=00005fa0 x14:00000078 x17:000000cc
27226411ns          478729 1c00907e 030786b3 mul              x13, x15, x16       x13=00015759 x15:00000423 x16:00000053
27226431ns          478730 1c009082 03070733 mul              x14, x14, x16       x14=000026e8 x14:00000078 x16:00000053
27226451ns          478731 1c009086 031787b3 mul              x15, x15, x17       x15=00034be4 x15:00000423 x17:000000cc
27226471ns          478732 1c00908a 40a6d693 srai             x13, x13, 0x40a     x13=00000055 x13:00015759
27226491ns          478733 1c00908c 40a65613 srai             x12, x12, 0x40a     x12=00000017 x12:00005fa0
27226510ns          478734 1c00908e 40a7d793 srai             x15, x15, 0x40a     x15=000000d2 x15:00034be4
27226530ns          478735 1c009090 40a75713 srai             x14, x14, 0x40a     x14=00000009 x14:000026e8
27226550ns          478736 1c009092 40c686b3 sub              x13, x13, x12       x13=0000003e x13:00000055 x12:00000017
27226570ns          478737 1c009094 00e787b3 add              x15, x15, x14       x15=000000db x15:000000d2 x14:00000009
27226590ns          478738 1c009096 00d51823 sh               x13, 16(x10)        x13:0000003e x10:100037a4  PA:100037b4
27226610ns          478739 1c00909a 00f51923 sh               x15, 18(x10)        x15:000000db x10:100037a4  PA:100037b6
27226630ns          478740 1c00909e 00008067 jalr             x0, x1, 0            x1:1c0093e8
27226670ns          478742 1c0093e8 2dc15583 lhu              x11, 732(x2)        x11=0000003e  x2:100034d8  PA:100037b4
27226689ns          478743 1c0093ec 2de15783 lhu              x15, 734(x2)        x15=000000db  x2:100034d8  PA:100037b6
27226709ns          478744 1c0093f0 40b90933 sub              x18, x18, x11       x18=00000015 x18:00000053 x11:0000003e
27226729ns          478745 1c0093f4 40f484b3 sub              x9, x9, x15          x9=ffffffee  x9:000000c9 x15:000000db
27226749ns          478746 1c0093f6 100945b3 p.exths          x11, x18, x0        x11=00000015 x18:00000015
27226769ns          478747 1c0093fa 1004c7b3 p.exths          x15, x9, x0         x15=ffffffee  x9:ffffffee
27226789ns          478748 1c0093fe 034586b3 mul              x13, x11, x20       x13=000006cf x11:00000015 x20:00000053
27226809ns          478749 1c009402 03378533 mul              x10, x15, x19       x10=fffff1a8 x15:ffffffee x19:000000cc
27226829ns          478750 1c009406 034a0633 mul              x12, x20, x20       x12=00001ae9 x20:00000053 x20:00000053
27226849ns          478751 1c00940a 03398733 mul              x14, x19, x19       x14=0000a290 x19:000000cc x19:000000cc
27226908ns          478754 1c00940e 034787b3 mul              x15, x15, x20       x15=fffffa2a x15:ffffffee x20:00000053
27226948ns          478756 1c009412 033585b3 mul              x11, x11, x19       x11=000010bc x11:00000015 x19:000000cc
27226968ns          478757 1c009416 40a75713 srai             x14, x14, 0x40a     x14=00000028 x14:0000a290
27226988ns          478758 1c009418 40a5d593 srai             x11, x11, 0x40a     x11=00000004 x11:000010bc
27227008ns          478759 1c00941a 40a65613 srai             x12, x12, 0x40a     x12=00000006 x12:00001ae9
27227028ns          478760 1c00941c 40a7d793 srai             x15, x15, 0x40a     x15=fffffffe x15:fffffa2a
27227047ns          478761 1c00941e 1c0034b7 lui              x9, 0x1c003000       x9=1c003000
27227067ns          478762 1c009422 00e60633 add              x12, x12, x14       x12=0000002e x12:00000006 x14:00000028
27227087ns          478763 1c009424 40b787b3 sub              x15, x15, x11       x15=fffffffa x15:fffffffe x11:00000004
27227107ns          478764 1c009426 eb048493 addi             x9, x9, -336         x9=1c002eb0  x9:1c003000
27227127ns          478765 1c00942a 1c0032b7 lui              x5, 0x1c003000       x5=1c003000
27227147ns          478766 1c00942e 1c0035b7 lui              x11, 0x1c003000     x11=1c003000
27227167ns          478767 1c009432 018483b3 add              x7, x9, x24          x7=1c002ebc  x9:1c002eb0 x24:0000000c
27227187ns          478768 1c009436 02812e83 lw               x29, 40(x2)         x29=1c002ecc  x2:100034d8  PA:10003500
27227206ns          478769 1c009438 10065633 p.exthz          x12, x12, x0        x12=0000002e x12:0000002e
27227226ns          478770 1c00943c e8028293 addi             x5, x5, -384         x5=1c002e80  x5:1c003000
27227246ns          478771 1c009440 ea058593 addi             x11, x11, -352      x11=1c002ea0 x11:1c003000
27227266ns          478772 1c009444 03812483 lw               x9, 56(x2)           x9=1c002eec  x2:100034d8  PA:10003510
27227286ns          478773 1c009446 10064733 p.exths          x14, x12, x0        x14=0000002e x12:0000002e
27227306ns          478774 1c00944a 018280b3 add              x1, x5, x24          x1=1c002e8c  x5:1c002e80 x24:0000000c
27227326ns          478775 1c00944e 03012f03 lw               x30, 48(x2)         x30=1c002edc  x2:100034d8  PA:10003508
27227346ns          478776 1c009450 018582b3 add              x5, x11, x24         x5=1c002eac x11:1c002ea0 x24:0000000c
27227366ns          478777 1c009454 04012583 lw               x11, 64(x2)         x11=1c002efc  x2:100034d8  PA:10003518
27227385ns          478778 1c009456 000edd83 lhu              x27, 0(x29)         x27=00001732 x29:1c002ecc  PA:1c002ecc
27227684ns          478793 1c00945a 0004d483 lhu              x9, 0(x9)            x9=00000249  x9:1c002eec  PA:1c002eec
27228082ns          478813 1c00945e 02e70333 mul              x6, x14, x14         x6=00000844 x14:0000002e x14:0000002e
27228101ns          478814 1c009462 40a55513 srai             x10, x10, 0x40a     x10=fffffffc x10:fffff1a8
27228121ns          478815 1c009464 04812e83 lw               x29, 72(x2)         x29=1c002f0c  x2:100034d8  PA:10003520
27228141ns          478816 1c009466 40a6d693 srai             x13, x13, 0x40a     x13=00000001 x13:000006cf
27228161ns          478817 1c009468 000f5d03 lhu              x26, 0(x30)         x26=0000061e x30:1c002edc  PA:1c002edc
27228519ns          478835 1c00946c 0005d583 lhu              x11, 0(x11)         x11=0000010e x11:1c002efc  PA:1c002efc
27228817ns          478850 1c009470 40a35313 srai             x6, x6, 0x40a        x6=00000002  x6:00000844
27228837ns          478851 1c009474 00a686b3 add              x13, x13, x10       x13=fffffffd x13:00000001 x10:fffffffc
27228857ns          478852 1c009476 05012f03 lw               x30, 80(x2)         x30=1c002e7c  x2:100034d8  PA:10003528
27228877ns          478853 1c009478 10034e33 p.exths          x28, x6, x0         x28=00000002  x6:00000002
27228897ns          478854 1c00947c 06911023 sh               x9, 96(x2)           x9:00000249  x2:100034d8  PA:10003538
27228917ns          478855 1c009480 000ede83 lhu              x29, 0(x29)         x29=0000008e x29:1c002f0c  PA:1c002f0c
27229255ns          478872 1c009484 05812483 lw               x9, 88(x2)           x9=1c002e6c  x2:100034d8  PA:10003530
27229275ns          478873 1c009486 1006d6b3 p.exthz          x13, x13, x0        x13=0000fffd x13:fffffffd
27229295ns          478874 1c00948a 02ee08b3 mul              x17, x28, x14       x17=0000005c x28:00000002 x14:0000002e
27229315ns          478875 1c00948e 1006c833 p.exths          x16, x13, x0        x16=fffffffd x13:0000fffd
27229335ns          478876 1c009492 06b11823 sh               x11, 112(x2)        x11:0000010e  x2:100034d8  PA:10003548
27229354ns          478877 1c009496 000f5f03 lhu              x30, 0(x30)         x30=0000feff x30:1c002e7c  PA:1c002e7c
27229752ns          478897 1c00949a 0a012583 lw               x11, 160(x2)        x11=1c002e9c  x2:100034d8  PA:10003578
27229772ns          478898 1c00949c 1007d7b3 p.exthz          x15, x15, x0        x15=0000fffa x15:fffffffa
27229792ns          478899 1c0094a0 0004da03 lhu              x20, 0(x9)          x20=0000fa9a  x9:1c002e6c  PA:1c002e6c
27230090ns          478914 1c0094a4 1007c533 p.exths          x10, x15, x0        x10=fffffffa x15:0000fffa
27230110ns          478915 1c0094a8 09d11023 sh               x29, 128(x2)        x29:0000008e  x2:100034d8  PA:10003558
27230130ns          478916 1c0094ac 0003d483 lhu              x9, 0(x7)            x9=0000ffc8  x7:1c002ebc  PA:1c002ebc
27230468ns          478933 1c0094b0 02e80eb3 mul              x29, x16, x14       x29=ffffff76 x16:fffffffd x14:0000002e
27230488ns          478934 1c0094b4 40a8d893 srai             x17, x17, 0x40a     x17=00000000 x17:0000005c
27230508ns          478935 1c0094b8 03c80833 mul              x16, x16, x28       x16=fffffffa x16:fffffffd x28:00000002
27230528ns          478936 1c0094bc 09e11823 sh               x30, 144(x2)        x30:0000feff  x2:100034d8  PA:10003568
27230548ns          478937 1c0094c0 0005d983 lhu              x19, 0(x11)         x19=0000ff98 x11:1c002e9c  PA:1c002e9c
27230866ns          478953 1c0094c4 81c88f5b p.muls           x30, x17, x28       x30=00000000 x17:00000000 x28:00000002
27230886ns          478954 1c0094c8 0002d583 lhu              x11, 0(x5)          x11=0000ff48  x5:1c002eac  PA:1c002eac
27231224ns          478971 1c0094cc 03ce0fb3 mul              x31, x28, x28       x31=00000004 x28:00000002 x28:00000002
27231244ns          478972 1c0094d0 02e50733 mul              x14, x10, x14       x14=fffffeec x10:fffffffa x14:0000002e
27231264ns          478973 1c0094d4 40a85813 srai             x16, x16, 0x40a     x16=ffffffff x16:fffffffa
27231284ns          478974 1c0094d8 03c50533 mul              x10, x10, x28       x10=fffffff4 x10:fffffffa x28:00000002
27231303ns          478975 1c0094dc 07015e03 lhu              x28, 112(x2)        x28=0000010e  x2:100034d8  PA:10003548
27231343ns          478977 1c0094e0 01b60633 add              x12, x12, x27       x12=00001760 x12:0000002e x27:00001732
27231363ns          478978 1c0094e2 00980833 add              x16, x16, x9        x16=0000ffc7 x16:ffffffff  x9:0000ffc8
27231383ns          478979 1c0094e4 06015d83 lhu              x27, 96(x2)         x27=00000249  x2:100034d8  PA:10003538
27231403ns          478980 1c0094e8 02812483 lw               x9, 40(x2)           x9=1c002ecc  x2:100034d8  PA:10003500
27231423ns          478981 1c0094ea 40afdf93 srai             x31, x31, 0x40a     x31=00000000 x31:00000004
27231443ns          478982 1c0094ee 40a55513 srai             x10, x10, 0x40a     x10=ffffffff x10:fffffff4
27231463ns          478983 1c0094f0 01cf8fb3 add              x31, x31, x28       x31=0000010e x31:00000000 x28:0000010e
27231482ns          478984 1c0094f2 00b50533 add              x10, x10, x11       x10=0000ff47 x10:ffffffff x11:0000ff48
27231502ns          478985 1c0094f4 09015e03 lhu              x28, 144(x2)        x28=0000feff  x2:100034d8  PA:10003568
27231522ns          478986 1c0094f8 03012583 lw               x11, 48(x2)         x11=1c002edc  x2:100034d8  PA:10003508
27231542ns          478987 1c0094fa 00c49023 sh               x12, 0(x9)          x12:00001760  x9:1c002ecc  PA:1c002ecc
27231860ns          479003 1c0094fe 01b888b3 add              x17, x17, x27       x17=00000249 x17:00000000 x27:00000249
27231880ns          479004 1c009500 01a30333 add              x6, x6, x26          x6=00000620  x6:00000002 x26:0000061e
27231900ns          479005 1c009502 08015d83 lhu              x27, 128(x2)        x27=0000008e  x2:100034d8  PA:10003558
27231920ns          479006 1c009506 0000d903 lhu              x18, 0(x1)          x18=0000fe56  x1:1c002e8c  PA:1c002e8c
27232218ns          479021 1c00950a 01c686b3 add              x13, x13, x28       x13=0001fefc x13:0000fffd x28:0000feff
27232238ns          479022 1c00950c 00659023 sh               x6, 0(x11)           x6:00000620 x11:1c002edc  PA:1c002edc
27232556ns          479038 1c009510 40af5f13 srai             x30, x30, 0x40a     x30=00000000 x30:00000000
27232576ns          479039 1c009514 04812e03 lw               x28, 72(x2)         x28=1c002f0c  x2:100034d8  PA:10003520
27232596ns          479040 1c009516 01bf0f33 add              x30, x30, x27       x30=0000008e x30:00000000 x27:0000008e
27232616ns          479041 1c009518 40aede93 srai             x29, x29, 0x40a     x29=ffffffff x29:ffffff76
27232636ns          479042 1c00951c 40a75713 srai             x14, x14, 0x40a     x14=ffffffff x14:fffffeec
27232656ns          479043 1c00951e 03812603 lw               x12, 56(x2)         x12=1c002eec  x2:100034d8  PA:10003510
27232676ns          479044 1c009520 04012d83 lw               x27, 64(x2)         x27=1c002efc  x2:100034d8  PA:10003518
27232696ns          479045 1c009522 01ee1023 sh               x30, 0(x28)         x30:0000008e x28:1c002f0c  PA:1c002f0c
27233034ns          479062 1c009526 05812483 lw               x9, 88(x2)           x9=1c002e6c  x2:100034d8  PA:10003530
27233054ns          479063 1c009528 05012f03 lw               x30, 80(x2)         x30=1c002e7c  x2:100034d8  PA:10003528
27233073ns          479064 1c00952a 0a012583 lw               x11, 160(x2)        x11=1c002e9c  x2:100034d8  PA:10003578
27233093ns          479065 1c00952c 014787b3 add              x15, x15, x20       x15=0001fa94 x15:0000fffa x20:0000fa9a
27233113ns          479066 1c00952e 013e8eb3 add              x29, x29, x19       x29=0000ff97 x29:ffffffff x19:0000ff98
27233133ns          479067 1c009530 01270733 add              x14, x14, x18       x14=0000fe55 x14:ffffffff x18:0000fe56
27233153ns          479068 1c009532 00f49023 sh               x15, 0(x9)          x15:0001fa94  x9:1c002e6c  PA:1c002e6c
27233471ns          479084 1c009536 01161023 sh               x17, 0(x12)         x17:00000249 x12:1c002eec  PA:1c002eec
27233789ns          479100 1c00953a 01fd9023 sh               x31, 0(x27)         x31:0000010e x27:1c002efc  PA:1c002efc
27234128ns          479117 1c00953e 00df1023 sh               x13, 0(x30)         x13:0001fefc x30:1c002e7c  PA:1c002e7c
27234466ns          479134 1c009542 01d59023 sh               x29, 0(x11)         x29:0000ff97 x11:1c002e9c  PA:1c002e9c
27234804ns          479151 1c009546 00e09023 sh               x14, 0(x1)          x14:0000fe55  x1:1c002e8c  PA:1c002e8c
27235122ns          479167 1c00954a 01039023 sh               x16, 0(x7)          x16:0000ffc7  x7:1c002ebc  PA:1c002ebc
27235440ns          479183 1c00954e 00a29023 sh               x10, 0(x5)          x10:0000ff47  x5:1c002eac  PA:1c002eac
27235778ns          479200 1c009552 008b0b13 addi             x22, x22, 8         x22=00000166 x22:0000015e
27235798ns          479201 1c009554 1f300793 addi             x15, x0, 499        x15=000001f3
27235818ns          479202 1c009558 e767dae3 bge              x15, x22, -396      x15:000001f3 x22:00000166
27235878ns          479205 1c0093cc 010c9a0b p.lh             x20, 16(x25!)       x20=fffffea0 x25=1c002964 x25:1c002954  PA:1c002954
27236196ns          479221 1c0093d0 0104198b p.lh             x19, 16(x8!)        x19=000001e8  x8=1c00212c  x8:1c00211c  PA:1c00211c
27236494ns          479236 1c0093d4 2cc10513 addi             x10, x2, 716        x10=100037a4  x2:100034d8
27236514ns          479237 1c0093d6 010a990b p.lh             x18, 16(x21!)       x18=ffffff06 x21=1c001958 x21:1c001948  PA:1c001948
27236832ns          479253 1c0093da 010b948b p.lh             x9, 16(x23!)         x9=00000214 x23=1c001188 x23:1c001178  PA:1c001178
27237150ns          479269 1c0093de 2d411623 sh               x20, 716(x2)        x20:fffffea0  x2:100034d8  PA:100037a4
27237170ns          479270 1c0093e2 2d311723 sh               x19, 718(x2)        x19:000001e8  x2:100034d8  PA:100037a6
27237190ns          479271 1c0093e6 c33ff0ef jal              x1, -974             x1=1c0093e8
27237270ns          479275 1c009018 00051803 lh               x16, 0(x10)         x16=fffffea0 x10:100037a4  PA:100037a4
27237310ns          479277 1c00901c 00251883 lh               x17, 2(x10)         x17=000001e8 x10:100037a4  PA:100037a6
27237369ns          479280 1c009020 030806b3 mul              x13, x16, x16       x13=0001e400 x16:fffffea0 x16:fffffea0
27237409ns          479282 1c009024 03188633 mul              x12, x17, x17       x12=0003a240 x17:000001e8 x17:000001e8
27237429ns          479283 1c009028 40a65613 srai             x12, x12, 0x40a     x12=000000e8 x12:0003a240
27237449ns          479284 1c00902a 40a6d693 srai             x13, x13, 0x40a     x13=00000079 x13:0001e400
27237469ns          479285 1c00902c 00c686b3 add              x13, x13, x12       x13=00000161 x13:00000079 x12:000000e8
27237489ns          479286 1c00902e 1006c633 p.exths          x12, x13, x0        x12=00000161 x13:00000161
27237508ns          479287 1c009032 00855703 lhu              x14, 8(x10)         x14=0000ffd1 x10:100037a4  PA:100037ac
27237528ns          479288 1c009036 00a55683 lhu              x13, 10(x10)        x13=0000ff6a x10:100037a4  PA:100037ae
27237548ns          479289 1c00903a 02c60333 mul              x6, x12, x12         x6=0001e6c1 x12:00000161 x12:00000161
27237568ns          479290 1c00903e 00c55783 lhu              x15, 12(x10)        x15=0000ffe5 x10:100037a4  PA:100037b0
27237588ns          479291 1c009042 00e55583 lhu              x11, 14(x10)        x11=00000060 x10:100037a4  PA:100037b2
27237608ns          479292 1c009046 dea30333 p.extract        x6, x6, 15, 10       x6=00000079  x6:0001e6c1
27237628ns          479293 1c00904a 80c7075b p.muls           x14, x14, x12       x14=ffffbf31 x14:0000ffd1 x12:00000161
27237648ns          479294 1c00904e 80c686db p.muls           x13, x13, x12       x13=ffff312a x13:0000ff6a x12:00000161
27237668ns          479295 1c009052 00455e83 lhu              x29, 4(x10)         x29=00000427 x10:100037a4  PA:100037a8
27237687ns          479296 1c009056 00655e03 lhu              x28, 6(x10)         x28=0000007f x10:100037a4  PA:100037aa
27237707ns          479297 1c00905a 40a75713 srai             x14, x14, 0x40a     x14=ffffffef x14:ffffbf31
27237727ns          479298 1c00905c 806787db p.muls           x15, x15, x6        x15=fffff33d x15:0000ffe5  x6:00000079
27237747ns          479299 1c009060 40a6d693 srai             x13, x13, 0x40a     x13=ffffffcc x13:ffff312a
27237767ns          479300 1c009062 8065865b p.muls           x12, x11, x6        x12=00002d60 x11:00000060  x6:00000079
27237787ns          479301 1c009066 40a7d793 srai             x15, x15, 0x40a     x15=fffffffc x15:fffff33d
27237807ns          479302 1c009068 40a65613 srai             x12, x12, 0x40a     x12=0000000b x12:00002d60
27237827ns          479303 1c00906a 01d70733 add              x14, x14, x29       x14=00000416 x14:ffffffef x29:00000427
27237847ns          479304 1c00906c 01c686b3 add              x13, x13, x28       x13=0000004b x13:ffffffcc x28:0000007f
27237866ns          479305 1c00906e 00c686b3 add              x13, x13, x12       x13=00000056 x13:0000004b x12:0000000b
27237886ns          479306 1c009070 00f70733 add              x14, x14, x15       x14=00000412 x14:00000416 x15:fffffffc
27237906ns          479307 1c009072 100747b3 p.exths          x15, x14, x0        x15=00000412 x14:00000412
27237926ns          479308 1c009076 1006c733 p.exths          x14, x13, x0        x14=00000056 x13:00000056
27237946ns          479309 1c00907a 03170633 mul              x12, x14, x17       x12=0000a3f0 x14:00000056 x17:000001e8
27237966ns          479310 1c00907e 030786b3 mul              x13, x15, x16       x13=fffa6740 x15:00000412 x16:fffffea0
27237986ns          479311 1c009082 03070733 mul              x14, x14, x16       x14=ffff89c0 x14:00000056 x16:fffffea0
27238006ns          479312 1c009086 031787b3 mul              x15, x15, x17       x15=0007c250 x15:00000412 x17:000001e8
27238026ns          479313 1c00908a 40a6d693 srai             x13, x13, 0x40a     x13=fffffe99 x13:fffa6740
27238045ns          479314 1c00908c 40a65613 srai             x12, x12, 0x40a     x12=00000028 x12:0000a3f0
27238065ns          479315 1c00908e 40a7d793 srai             x15, x15, 0x40a     x15=000001f0 x15:0007c250
27238085ns          479316 1c009090 40a75713 srai             x14, x14, 0x40a     x14=ffffffe2 x14:ffff89c0
27238105ns          479317 1c009092 40c686b3 sub              x13, x13, x12       x13=fffffe71 x13:fffffe99 x12:00000028
27238125ns          479318 1c009094 00e787b3 add              x15, x15, x14       x15=000001d2 x15:000001f0 x14:ffffffe2
27238145ns          479319 1c009096 00d51823 sh               x13, 16(x10)        x13:fffffe71 x10:100037a4  PA:100037b4
27238185ns          479321 1c00909a 00f51923 sh               x15, 18(x10)        x15:000001d2 x10:100037a4  PA:100037b6
27238205ns          479322 1c00909e 00008067 jalr             x0, x1, 0            x1:1c0093e8
27238264ns          479325 1c0093e8 2dc15583 lhu              x11, 732(x2)        x11=0000fe71  x2:100034d8  PA:100037b4
27238284ns          479326 1c0093ec 2de15783 lhu              x15, 734(x2)        x15=000001d2  x2:100034d8  PA:100037b6
27238304ns          479327 1c0093f0 40b90933 sub              x18, x18, x11       x18=ffff0095 x18:ffffff06 x11:0000fe71
27238324ns          479328 1c0093f4 40f484b3 sub              x9, x9, x15          x9=00000042  x9:00000214 x15:000001d2
27238344ns          479329 1c0093f6 100945b3 p.exths          x11, x18, x0        x11=00000095 x18:ffff0095
27238364ns          479330 1c0093fa 1004c7b3 p.exths          x15, x9, x0         x15=00000042  x9:00000042
27238384ns          479331 1c0093fe 034586b3 mul              x13, x11, x20       x13=ffff3320 x11:00000095 x20:fffffea0
27238403ns          479332 1c009402 03378533 mul              x10, x15, x19       x10=00007dd0 x15:00000042 x19:000001e8
27238423ns          479333 1c009406 034a0633 mul              x12, x20, x20       x12=0001e400 x20:fffffea0 x20:fffffea0
27238443ns          479334 1c00940a 03398733 mul              x14, x19, x19       x14=0003a240 x19:000001e8 x19:000001e8
27238463ns          479335 1c00940e 034787b3 mul              x15, x15, x20       x15=ffffa540 x15:00000042 x20:fffffea0
27238483ns          479336 1c009412 033585b3 mul              x11, x11, x19       x11=00011c08 x11:00000095 x19:000001e8
27238503ns          479337 1c009416 40a75713 srai             x14, x14, 0x40a     x14=000000e8 x14:0003a240
27238523ns          479338 1c009418 40a5d593 srai             x11, x11, 0x40a     x11=00000047 x11:00011c08
27238543ns          479339 1c00941a 40a65613 srai             x12, x12, 0x40a     x12=00000079 x12:0001e400
27238563ns          479340 1c00941c 40a7d793 srai             x15, x15, 0x40a     x15=ffffffe9 x15:ffffa540
27238582ns          479341 1c00941e 1c0034b7 lui              x9, 0x1c003000       x9=1c003000
27238602ns          479342 1c009422 00e60633 add              x12, x12, x14       x12=00000161 x12:00000079 x14:000000e8
27238622ns          479343 1c009424 40b787b3 sub              x15, x15, x11       x15=ffffffa2 x15:ffffffe9 x11:00000047
27238642ns          479344 1c009426 eb048493 addi             x9, x9, -336         x9=1c002eb0  x9:1c003000
27238662ns          479345 1c00942a 1c0032b7 lui              x5, 0x1c003000       x5=1c003000
27238682ns          479346 1c00942e 1c0035b7 lui              x11, 0x1c003000     x11=1c003000
27238702ns          479347 1c009432 018483b3 add              x7, x9, x24          x7=1c002ebc  x9:1c002eb0 x24:0000000c
27238722ns          479348 1c009436 02812e83 lw               x29, 40(x2)         x29=1c002ecc  x2:100034d8  PA:10003500
27238742ns          479349 1c009438 10065633 p.exthz          x12, x12, x0        x12=00000161 x12:00000161
27238761ns          479350 1c00943c e8028293 addi             x5, x5, -384         x5=1c002e80  x5:1c003000
27238781ns          479351 1c009440 ea058593 addi             x11, x11, -352      x11=1c002ea0 x11:1c003000
27238801ns          479352 1c009444 03812483 lw               x9, 56(x2)           x9=1c002eec  x2:100034d8  PA:10003510
27238821ns          479353 1c009446 10064733 p.exths          x14, x12, x0        x14=00000161 x12:00000161
27238841ns          479354 1c00944a 018280b3 add              x1, x5, x24          x1=1c002e8c  x5:1c002e80 x24:0000000c
27238861ns          479355 1c00944e 03012f03 lw               x30, 48(x2)         x30=1c002edc  x2:100034d8  PA:10003508
27238881ns          479356 1c009450 018582b3 add              x5, x11, x24         x5=1c002eac x11:1c002ea0 x24:0000000c
27238901ns          479357 1c009454 04012583 lw               x11, 64(x2)         x11=1c002efc  x2:100034d8  PA:10003518
27238921ns          479358 1c009456 000edd83 lhu              x27, 0(x29)         x27=00001760 x29:1c002ecc  PA:1c002ecc
27239219ns          479373 1c00945a 0004d483 lhu              x9, 0(x9)            x9=00000249  x9:1c002eec  PA:1c002eec
27239517ns          479388 1c00945e 02e70333 mul              x6, x14, x14         x6=0001e6c1 x14:00000161 x14:00000161
27239537ns          479389 1c009462 40a55513 srai             x10, x10, 0x40a     x10=0000001f x10:00007dd0
27239557ns          479390 1c009464 04812e83 lw               x29, 72(x2)         x29=1c002f0c  x2:100034d8  PA:10003520
27239577ns          479391 1c009466 40a6d693 srai             x13, x13, 0x40a     x13=ffffffcc x13:ffff3320
27239597ns          479392 1c009468 000f5d03 lhu              x26, 0(x30)         x26=00000620 x30:1c002edc  PA:1c002edc
27239895ns          479407 1c00946c 0005d583 lhu              x11, 0(x11)         x11=0000010e x11:1c002efc  PA:1c002efc
27240333ns          479429 1c009470 40a35313 srai             x6, x6, 0x40a        x6=00000079  x6:0001e6c1
27240352ns          479430 1c009474 00a686b3 add              x13, x13, x10       x13=ffffffeb x13:ffffffcc x10:0000001f
27240372ns          479431 1c009476 05012f03 lw               x30, 80(x2)         x30=1c002e7c  x2:100034d8  PA:10003528
27240392ns          479432 1c009478 10034e33 p.exths          x28, x6, x0         x28=00000079  x6:00000079
27240412ns          479433 1c00947c 06911023 sh               x9, 96(x2)           x9:00000249  x2:100034d8  PA:10003538
27240432ns          479434 1c009480 000ede83 lhu              x29, 0(x29)         x29=0000008e x29:1c002f0c  PA:1c002f0c
27240750ns          479450 1c009484 05812483 lw               x9, 88(x2)           x9=1c002e6c  x2:100034d8  PA:10003530
27240770ns          479451 1c009486 1006d6b3 p.exthz          x13, x13, x0        x13=0000ffeb x13:ffffffeb
27240790ns          479452 1c00948a 02ee08b3 mul              x17, x28, x14       x17=0000a6d9 x28:00000079 x14:00000161
27240810ns          479453 1c00948e 1006c833 p.exths          x16, x13, x0        x16=ffffffeb x13:0000ffeb
27240830ns          479454 1c009492 06b11823 sh               x11, 112(x2)        x11:0000010e  x2:100034d8  PA:10003548
27240850ns          479455 1c009496 000f5f03 lhu              x30, 0(x30)         x30=0000fefc x30:1c002e7c  PA:1c002e7c
27241168ns          479471 1c00949a 0a012583 lw               x11, 160(x2)        x11=1c002e9c  x2:100034d8  PA:10003578
27241188ns          479472 1c00949c 1007d7b3 p.exthz          x15, x15, x0        x15=0000ffa2 x15:ffffffa2
27241208ns          479473 1c0094a0 0004da03 lhu              x20, 0(x9)          x20=0000fa94  x9:1c002e6c  PA:1c002e6c
27241586ns          479492 1c0094a4 1007c533 p.exths          x10, x15, x0        x10=ffffffa2 x15:0000ffa2
27241605ns          479493 1c0094a8 09d11023 sh               x29, 128(x2)        x29:0000008e  x2:100034d8  PA:10003558
27241625ns          479494 1c0094ac 0003d483 lhu              x9, 0(x7)            x9=0000ffc7  x7:1c002ebc  PA:1c002ebc
27241944ns          479510 1c0094b0 02e80eb3 mul              x29, x16, x14       x29=ffffe30b x16:ffffffeb x14:00000161
27241963ns          479511 1c0094b4 40a8d893 srai             x17, x17, 0x40a     x17=00000029 x17:0000a6d9
27241983ns          479512 1c0094b8 03c80833 mul              x16, x16, x28       x16=fffff613 x16:ffffffeb x28:00000079
27242003ns          479513 1c0094bc 09e11823 sh               x30, 144(x2)        x30:0000fefc  x2:100034d8  PA:10003568
27242023ns          479514 1c0094c0 0005d983 lhu              x19, 0(x11)         x19=0000ff97 x11:1c002e9c  PA:1c002e9c
27242341ns          479530 1c0094c4 81c88f5b p.muls           x30, x17, x28       x30=00001361 x17:00000029 x28:00000079
27242361ns          479531 1c0094c8 0002d583 lhu              x11, 0(x5)          x11=0000ff47  x5:1c002eac  PA:1c002eac
27242719ns          479549 1c0094cc 03ce0fb3 mul              x31, x28, x28       x31=00003931 x28:00000079 x28:00000079
27242739ns          479550 1c0094d0 02e50733 mul              x14, x10, x14       x14=ffff7e62 x10:ffffffa2 x14:00000161
27242759ns          479551 1c0094d4 40a85813 srai             x16, x16, 0x40a     x16=fffffffd x16:fffff613
27242779ns          479552 1c0094d8 03c50533 mul              x10, x10, x28       x10=ffffd392 x10:ffffffa2 x28:00000079
27242799ns          479553 1c0094dc 07015e03 lhu              x28, 112(x2)        x28=0000010e  x2:100034d8  PA:10003548
27242858ns          479556 1c0094e0 01b60633 add              x12, x12, x27       x12=000018c1 x12:00000161 x27:00001760
27242878ns          479557 1c0094e2 00980833 add              x16, x16, x9        x16=0000ffc4 x16:fffffffd  x9:0000ffc7
27242898ns          479558 1c0094e4 06015d83 lhu              x27, 96(x2)         x27=00000249  x2:100034d8  PA:10003538
27242918ns          479559 1c0094e8 02812483 lw               x9, 40(x2)           x9=1c002ecc  x2:100034d8  PA:10003500
27242938ns          479560 1c0094ea 40afdf93 srai             x31, x31, 0x40a     x31=0000000e x31:00003931
27242958ns          479561 1c0094ee 40a55513 srai             x10, x10, 0x40a     x10=fffffff4 x10:ffffd392
27242978ns          479562 1c0094f0 01cf8fb3 add              x31, x31, x28       x31=0000011c x31:0000000e x28:0000010e
27242998ns          479563 1c0094f2 00b50533 add              x10, x10, x11       x10=0000ff3b x10:fffffff4 x11:0000ff47
27243017ns          479564 1c0094f4 09015e03 lhu              x28, 144(x2)        x28=0000fefc  x2:100034d8  PA:10003568
27243037ns          479565 1c0094f8 03012583 lw               x11, 48(x2)         x11=1c002edc  x2:100034d8  PA:10003508
27243057ns          479566 1c0094fa 00c49023 sh               x12, 0(x9)          x12:000018c1  x9:1c002ecc  PA:1c002ecc
27243375ns          479582 1c0094fe 01b888b3 add              x17, x17, x27       x17=00000272 x17:00000029 x27:00000249
27243395ns          479583 1c009500 01a30333 add              x6, x6, x26          x6=00000699  x6:00000079 x26:00000620
27243415ns          479584 1c009502 08015d83 lhu              x27, 128(x2)        x27=0000008e  x2:100034d8  PA:10003558
27243435ns          479585 1c009506 0000d903 lhu              x18, 0(x1)          x18=0000fe55  x1:1c002e8c  PA:1c002e8c
27243773ns          479602 1c00950a 01c686b3 add              x13, x13, x28       x13=0001fee7 x13:0000ffeb x28:0000fefc
27243793ns          479603 1c00950c 00659023 sh               x6, 0(x11)           x6:00000699 x11:1c002edc  PA:1c002edc
27244111ns          479619 1c009510 40af5f13 srai             x30, x30, 0x40a     x30=00000004 x30:00001361
27244131ns          479620 1c009514 04812e03 lw               x28, 72(x2)         x28=1c002f0c  x2:100034d8  PA:10003520
27244151ns          479621 1c009516 01bf0f33 add              x30, x30, x27       x30=00000092 x30:00000004 x27:0000008e
27244171ns          479622 1c009518 40aede93 srai             x29, x29, 0x40a     x29=fffffff8 x29:ffffe30b
27244191ns          479623 1c00951c 40a75713 srai             x14, x14, 0x40a     x14=ffffffdf x14:ffff7e62
27244211ns          479624 1c00951e 03812603 lw               x12, 56(x2)         x12=1c002eec  x2:100034d8  PA:10003510
27244231ns          479625 1c009520 04012d83 lw               x27, 64(x2)         x27=1c002efc  x2:100034d8  PA:10003518
27244251ns          479626 1c009522 01ee1023 sh               x30, 0(x28)         x30:00000092 x28:1c002f0c  PA:1c002f0c
27244628ns          479645 1c009526 05812483 lw               x9, 88(x2)           x9=1c002e6c  x2:100034d8  PA:10003530
27244648ns          479646 1c009528 05012f03 lw               x30, 80(x2)         x30=1c002e7c  x2:100034d8  PA:10003528
27244668ns          479647 1c00952a 0a012583 lw               x11, 160(x2)        x11=1c002e9c  x2:100034d8  PA:10003578
27244688ns          479648 1c00952c 014787b3 add              x15, x15, x20       x15=0001fa36 x15:0000ffa2 x20:0000fa94
27244708ns          479649 1c00952e 013e8eb3 add              x29, x29, x19       x29=0000ff8f x29:fffffff8 x19:0000ff97
27244728ns          479650 1c009530 01270733 add              x14, x14, x18       x14=0000fe34 x14:ffffffdf x18:0000fe55
27244748ns          479651 1c009532 00f49023 sh               x15, 0(x9)          x15:0001fa36  x9:1c002e6c  PA:1c002e6c
27245106ns          479669 1c009536 01161023 sh               x17, 0(x12)         x17:00000272 x12:1c002eec  PA:1c002eec
27245424ns          479685 1c00953a 01fd9023 sh               x31, 0(x27)         x31:0000011c x27:1c002efc  PA:1c002efc
27245742ns          479701 1c00953e 00df1023 sh               x13, 0(x30)         x13:0001fee7 x30:1c002e7c  PA:1c002e7c
27246100ns          479719 1c009542 01d59023 sh               x29, 0(x11)         x29:0000ff8f x11:1c002e9c  PA:1c002e9c
27246418ns          479735 1c009546 00e09023 sh               x14, 0(x1)          x14:0000fe34  x1:1c002e8c  PA:1c002e8c
27246737ns          479751 1c00954a 01039023 sh               x16, 0(x7)          x16:0000ffc4  x7:1c002ebc  PA:1c002ebc
27247055ns          479767 1c00954e 00a29023 sh               x10, 0(x5)          x10:0000ff3b  x5:1c002eac  PA:1c002eac
27247373ns          479783 1c009552 008b0b13 addi             x22, x22, 8         x22=0000016e x22:00000166
27247393ns          479784 1c009554 1f300793 addi             x15, x0, 499        x15=000001f3
27247413ns          479785 1c009558 e767dae3 bge              x15, x22, -396      x15:000001f3 x22:0000016e
27247472ns          479788 1c0093cc 010c9a0b p.lh             x20, 16(x25!)       x20=00000194 x25=1c002974 x25:1c002964  PA:1c002964
27247791ns          479804 1c0093d0 0104198b p.lh             x19, 16(x8!)        x19=ffffffa7  x8=1c00213c  x8:1c00212c  PA:1c00212c
27248089ns          479819 1c0093d4 2cc10513 addi             x10, x2, 716        x10=100037a4  x2:100034d8
27248109ns          479820 1c0093d6 010a990b p.lh             x18, 16(x21!)       x18=00000187 x21=1c001968 x21:1c001958  PA:1c001958
27248407ns          479835 1c0093da 010b948b p.lh             x9, 16(x23!)         x9=ffffff73 x23=1c001198 x23:1c001188  PA:1c001188
27248705ns          479850 1c0093de 2d411623 sh               x20, 716(x2)        x20:00000194  x2:100034d8  PA:100037a4
27248725ns          479851 1c0093e2 2d311723 sh               x19, 718(x2)        x19:ffffffa7  x2:100034d8  PA:100037a6
27248745ns          479852 1c0093e6 c33ff0ef jal              x1, -974             x1=1c0093e8
27248785ns          479854 1c009018 00051803 lh               x16, 0(x10)         x16=00000194 x10:100037a4  PA:100037a4
27248805ns          479855 1c00901c 00251883 lh               x17, 2(x10)         x17=ffffffa7 x10:100037a4  PA:100037a6
27248825ns          479856 1c009020 030806b3 mul              x13, x16, x16       x13=00027d90 x16:00000194 x16:00000194
27248845ns          479857 1c009024 03188633 mul              x12, x17, x17       x12=00001ef1 x17:ffffffa7 x17:ffffffa7
27248865ns          479858 1c009028 40a65613 srai             x12, x12, 0x40a     x12=00000007 x12:00001ef1
27248884ns          479859 1c00902a 40a6d693 srai             x13, x13, 0x40a     x13=0000009f x13:00027d90
27248904ns          479860 1c00902c 00c686b3 add              x13, x13, x12       x13=000000a6 x13:0000009f x12:00000007
27248924ns          479861 1c00902e 1006c633 p.exths          x12, x13, x0        x12=000000a6 x13:000000a6
27248944ns          479862 1c009032 00855703 lhu              x14, 8(x10)         x14=0000ffd1 x10:100037a4  PA:100037ac
27248964ns          479863 1c009036 00a55683 lhu              x13, 10(x10)        x13=0000ff6a x10:100037a4  PA:100037ae
27248984ns          479864 1c00903a 02c60333 mul              x6, x12, x12         x6=00006ba4 x12:000000a6 x12:000000a6
27249004ns          479865 1c00903e 00c55783 lhu              x15, 12(x10)        x15=0000ffe5 x10:100037a4  PA:100037b0
27249024ns          479866 1c009042 00e55583 lhu              x11, 14(x10)        x11=00000060 x10:100037a4  PA:100037b2
27249044ns          479867 1c009046 dea30333 p.extract        x6, x6, 15, 10       x6=0000001a  x6:00006ba4
27249063ns          479868 1c00904a 80c7075b p.muls           x14, x14, x12       x14=ffffe186 x14:0000ffd1 x12:000000a6
27249083ns          479869 1c00904e 80c686db p.muls           x13, x13, x12       x13=ffff9ebc x13:0000ff6a x12:000000a6
27249103ns          479870 1c009052 00455e83 lhu              x29, 4(x10)         x29=00000427 x10:100037a4  PA:100037a8
27249123ns          479871 1c009056 00655e03 lhu              x28, 6(x10)         x28=0000007f x10:100037a4  PA:100037aa
27249143ns          479872 1c00905a 40a75713 srai             x14, x14, 0x40a     x14=fffffff8 x14:ffffe186
27249163ns          479873 1c00905c 806787db p.muls           x15, x15, x6        x15=fffffd42 x15:0000ffe5  x6:0000001a
27249183ns          479874 1c009060 40a6d693 srai             x13, x13, 0x40a     x13=ffffffe7 x13:ffff9ebc
27249223ns          479876 1c009062 8065865b p.muls           x12, x11, x6        x12=000009c0 x11:00000060  x6:0000001a
27249242ns          479877 1c009066 40a7d793 srai             x15, x15, 0x40a     x15=ffffffff x15:fffffd42
27249262ns          479878 1c009068 40a65613 srai             x12, x12, 0x40a     x12=00000002 x12:000009c0
27249282ns          479879 1c00906a 01d70733 add              x14, x14, x29       x14=0000041f x14:fffffff8 x29:00000427
27249302ns          479880 1c00906c 01c686b3 add              x13, x13, x28       x13=00000066 x13:ffffffe7 x28:0000007f
27249322ns          479881 1c00906e 00c686b3 add              x13, x13, x12       x13=00000068 x13:00000066 x12:00000002
27249342ns          479882 1c009070 00f70733 add              x14, x14, x15       x14=0000041e x14:0000041f x15:ffffffff
27249362ns          479883 1c009072 100747b3 p.exths          x15, x14, x0        x15=0000041e x14:0000041e
27249382ns          479884 1c009076 1006c733 p.exths          x14, x13, x0        x14=00000068 x13:00000068
27249402ns          479885 1c00907a 03170633 mul              x12, x14, x17       x12=ffffdbd8 x14:00000068 x17:ffffffa7
27249421ns          479886 1c00907e 030786b3 mul              x13, x15, x16       x13=00067f58 x15:0000041e x16:00000194
27249441ns          479887 1c009082 03070733 mul              x14, x14, x16       x14=0000a420 x14:00000068 x16:00000194
27249461ns          479888 1c009086 031787b3 mul              x15, x15, x17       x15=fffe9192 x15:0000041e x17:ffffffa7
27249481ns          479889 1c00908a 40a6d693 srai             x13, x13, 0x40a     x13=0000019f x13:00067f58
27249501ns          479890 1c00908c 40a65613 srai             x12, x12, 0x40a     x12=fffffff6 x12:ffffdbd8
27249521ns          479891 1c00908e 40a7d793 srai             x15, x15, 0x40a     x15=ffffffa4 x15:fffe9192
27249541ns          479892 1c009090 40a75713 srai             x14, x14, 0x40a     x14=00000029 x14:0000a420
27249561ns          479893 1c009092 40c686b3 sub              x13, x13, x12       x13=000001a9 x13:0000019f x12:fffffff6
27249580ns          479894 1c009094 00e787b3 add              x15, x15, x14       x15=ffffffcd x15:ffffffa4 x14:00000029
27249600ns          479895 1c009096 00d51823 sh               x13, 16(x10)        x13:000001a9 x10:100037a4  PA:100037b4
27249620ns          479896 1c00909a 00f51923 sh               x15, 18(x10)        x15:ffffffcd x10:100037a4  PA:100037b6
27249640ns          479897 1c00909e 00008067 jalr             x0, x1, 0            x1:1c0093e8
27249680ns          479899 1c0093e8 2dc15583 lhu              x11, 732(x2)        x11=000001a9  x2:100034d8  PA:100037b4
27249700ns          479900 1c0093ec 2de15783 lhu              x15, 734(x2)        x15=0000ffcd  x2:100034d8  PA:100037b6
27249720ns          479901 1c0093f0 40b90933 sub              x18, x18, x11       x18=ffffffde x18:00000187 x11:000001a9
27249740ns          479902 1c0093f4 40f484b3 sub              x9, x9, x15          x9=fffeffa6  x9:ffffff73 x15:0000ffcd
27249759ns          479903 1c0093f6 100945b3 p.exths          x11, x18, x0        x11=ffffffde x18:ffffffde
27249779ns          479904 1c0093fa 1004c7b3 p.exths          x15, x9, x0         x15=ffffffa6  x9:fffeffa6
27249799ns          479905 1c0093fe 034586b3 mul              x13, x11, x20       x13=ffffca58 x11:ffffffde x20:00000194
27249819ns          479906 1c009402 03378533 mul              x10, x15, x19       x10=00001f4a x15:ffffffa6 x19:ffffffa7
27249839ns          479907 1c009406 034a0633 mul              x12, x20, x20       x12=00027d90 x20:00000194 x20:00000194
27249859ns          479908 1c00940a 03398733 mul              x14, x19, x19       x14=00001ef1 x19:ffffffa7 x19:ffffffa7
27249879ns          479909 1c00940e 034787b3 mul              x15, x15, x20       x15=ffff71f8 x15:ffffffa6 x20:00000194
27249899ns          479910 1c009412 033585b3 mul              x11, x11, x19       x11=00000bd2 x11:ffffffde x19:ffffffa7
27249919ns          479911 1c009416 40a75713 srai             x14, x14, 0x40a     x14=00000007 x14:00001ef1
27249938ns          479912 1c009418 40a5d593 srai             x11, x11, 0x40a     x11=00000002 x11:00000bd2
27249958ns          479913 1c00941a 40a65613 srai             x12, x12, 0x40a     x12=0000009f x12:00027d90
27249978ns          479914 1c00941c 40a7d793 srai             x15, x15, 0x40a     x15=ffffffdc x15:ffff71f8
27249998ns          479915 1c00941e 1c0034b7 lui              x9, 0x1c003000       x9=1c003000
27250018ns          479916 1c009422 00e60633 add              x12, x12, x14       x12=000000a6 x12:0000009f x14:00000007
27250038ns          479917 1c009424 40b787b3 sub              x15, x15, x11       x15=ffffffda x15:ffffffdc x11:00000002
27250058ns          479918 1c009426 eb048493 addi             x9, x9, -336         x9=1c002eb0  x9:1c003000
27250078ns          479919 1c00942a 1c0032b7 lui              x5, 0x1c003000       x5=1c003000
27250098ns          479920 1c00942e 1c0035b7 lui              x11, 0x1c003000     x11=1c003000
27250117ns          479921 1c009432 018483b3 add              x7, x9, x24          x7=1c002ebc  x9:1c002eb0 x24:0000000c
27250137ns          479922 1c009436 02812e83 lw               x29, 40(x2)         x29=1c002ecc  x2:100034d8  PA:10003500
27250157ns          479923 1c009438 10065633 p.exthz          x12, x12, x0        x12=000000a6 x12:000000a6
27250177ns          479924 1c00943c e8028293 addi             x5, x5, -384         x5=1c002e80  x5:1c003000
27250217ns          479926 1c009440 ea058593 addi             x11, x11, -352      x11=1c002ea0 x11:1c003000
27250257ns          479928 1c009444 03812483 lw               x9, 56(x2)           x9=1c002eec  x2:100034d8  PA:10003510
27250277ns          479929 1c009446 10064733 p.exths          x14, x12, x0        x14=000000a6 x12:000000a6
27250296ns          479930 1c00944a 018280b3 add              x1, x5, x24          x1=1c002e8c  x5:1c002e80 x24:0000000c
27250316ns          479931 1c00944e 03012f03 lw               x30, 48(x2)         x30=1c002edc  x2:100034d8  PA:10003508
27250356ns          479933 1c009450 018582b3 add              x5, x11, x24         x5=1c002eac x11:1c002ea0 x24:0000000c
27250396ns          479935 1c009454 04012583 lw               x11, 64(x2)         x11=1c002efc  x2:100034d8  PA:10003518
27250416ns          479936 1c009456 000edd83 lhu              x27, 0(x29)         x27=000018c1 x29:1c002ecc  PA:1c002ecc
27250714ns          479951 1c00945a 0004d483 lhu              x9, 0(x9)            x9=00000272  x9:1c002eec  PA:1c002eec
27251012ns          479966 1c00945e 02e70333 mul              x6, x14, x14         x6=00006ba4 x14:000000a6 x14:000000a6
27251032ns          479967 1c009462 40a55513 srai             x10, x10, 0x40a     x10=00000007 x10:00001f4a
27251052ns          479968 1c009464 04812e83 lw               x29, 72(x2)         x29=1c002f0c  x2:100034d8  PA:10003520
27251072ns          479969 1c009466 40a6d693 srai             x13, x13, 0x40a     x13=fffffff2 x13:ffffca58
27251092ns          479970 1c009468 000f5d03 lhu              x26, 0(x30)         x26=00000699 x30:1c002edc  PA:1c002edc
27251430ns          479987 1c00946c 0005d583 lhu              x11, 0(x11)         x11=0000011c x11:1c002efc  PA:1c002efc
27251728ns          480002 1c009470 40a35313 srai             x6, x6, 0x40a        x6=0000001a  x6:00006ba4
27251748ns          480003 1c009474 00a686b3 add              x13, x13, x10       x13=fffffff9 x13:fffffff2 x10:00000007
27251768ns          480004 1c009476 05012f03 lw               x30, 80(x2)         x30=1c002e7c  x2:100034d8  PA:10003528
27251788ns          480005 1c009478 10034e33 p.exths          x28, x6, x0         x28=0000001a  x6:0000001a
27251808ns          480006 1c00947c 06911023 sh               x9, 96(x2)           x9:00000272  x2:100034d8  PA:10003538
27251848ns          480008 1c009480 000ede83 lhu              x29, 0(x29)         x29=00000092 x29:1c002f0c  PA:1c002f0c
27252146ns          480023 1c009484 05812483 lw               x9, 88(x2)           x9=1c002e6c  x2:100034d8  PA:10003530
27252166ns          480024 1c009486 1006d6b3 p.exthz          x13, x13, x0        x13=0000fff9 x13:fffffff9
27252186ns          480025 1c00948a 02ee08b3 mul              x17, x28, x14       x17=000010dc x28:0000001a x14:000000a6
27252206ns          480026 1c00948e 1006c833 p.exths          x16, x13, x0        x16=fffffff9 x13:0000fff9
27252226ns          480027 1c009492 06b11823 sh               x11, 112(x2)        x11:0000011c  x2:100034d8  PA:10003548
27252245ns          480028 1c009496 000f5f03 lhu              x30, 0(x30)         x30=0000fee7 x30:1c002e7c  PA:1c002e7c
27252564ns          480044 1c00949a 0a012583 lw               x11, 160(x2)        x11=1c002e9c  x2:100034d8  PA:10003578
27252584ns          480045 1c00949c 1007d7b3 p.exthz          x15, x15, x0        x15=0000ffda x15:ffffffda
27252603ns          480046 1c0094a0 0004da03 lhu              x20, 0(x9)          x20=0000fa36  x9:1c002e6c  PA:1c002e6c
27253021ns          480067 1c0094a4 1007c533 p.exths          x10, x15, x0        x10=ffffffda x15:0000ffda
27253041ns          480068 1c0094a8 09d11023 sh               x29, 128(x2)        x29:00000092  x2:100034d8  PA:10003558
27253061ns          480069 1c0094ac 0003d483 lhu              x9, 0(x7)            x9=0000ffc4  x7:1c002ebc  PA:1c002ebc
27253359ns          480084 1c0094b0 02e80eb3 mul              x29, x16, x14       x29=fffffb76 x16:fffffff9 x14:000000a6
27253379ns          480085 1c0094b4 40a8d893 srai             x17, x17, 0x40a     x17=00000004 x17:000010dc
27253399ns          480086 1c0094b8 03c80833 mul              x16, x16, x28       x16=ffffff4a x16:fffffff9 x28:0000001a
27253419ns          480087 1c0094bc 09e11823 sh               x30, 144(x2)        x30:0000fee7  x2:100034d8  PA:10003568
27253439ns          480088 1c0094c0 0005d983 lhu              x19, 0(x11)         x19=0000ff8f x11:1c002e9c  PA:1c002e9c
27253737ns          480103 1c0094c4 81c88f5b p.muls           x30, x17, x28       x30=00000068 x17:00000004 x28:0000001a
27253757ns          480104 1c0094c8 0002d583 lhu              x11, 0(x5)          x11=0000ff3b  x5:1c002eac  PA:1c002eac
27254075ns          480120 1c0094cc 03ce0fb3 mul              x31, x28, x28       x31=000002a4 x28:0000001a x28:0000001a
27254095ns          480121 1c0094d0 02e50733 mul              x14, x10, x14       x14=ffffe75c x10:ffffffda x14:000000a6
27254115ns          480122 1c0094d4 40a85813 srai             x16, x16, 0x40a     x16=ffffffff x16:ffffff4a
27254135ns          480123 1c0094d8 03c50533 mul              x10, x10, x28       x10=fffffc24 x10:ffffffda x28:0000001a
27254155ns          480124 1c0094dc 07015e03 lhu              x28, 112(x2)        x28=0000011c  x2:100034d8  PA:10003548
27254175ns          480125 1c0094e0 01b60633 add              x12, x12, x27       x12=00001967 x12:000000a6 x27:000018c1
27254195ns          480126 1c0094e2 00980833 add              x16, x16, x9        x16=0000ffc3 x16:ffffffff  x9:0000ffc4
27254214ns          480127 1c0094e4 06015d83 lhu              x27, 96(x2)         x27=00000272  x2:100034d8  PA:10003538
27254234ns          480128 1c0094e8 02812483 lw               x9, 40(x2)           x9=1c002ecc  x2:100034d8  PA:10003500
27254254ns          480129 1c0094ea 40afdf93 srai             x31, x31, 0x40a     x31=00000000 x31:000002a4
27254274ns          480130 1c0094ee 40a55513 srai             x10, x10, 0x40a     x10=ffffffff x10:fffffc24
27254294ns          480131 1c0094f0 01cf8fb3 add              x31, x31, x28       x31=0000011c x31:00000000 x28:0000011c
27254314ns          480132 1c0094f2 00b50533 add              x10, x10, x11       x10=0000ff3a x10:ffffffff x11:0000ff3b
27254334ns          480133 1c0094f4 09015e03 lhu              x28, 144(x2)        x28=0000fee7  x2:100034d8  PA:10003568
27254354ns          480134 1c0094f8 03012583 lw               x11, 48(x2)         x11=1c002edc  x2:100034d8  PA:10003508
27254374ns          480135 1c0094fa 00c49023 sh               x12, 0(x9)          x12:00001967  x9:1c002ecc  PA:1c002ecc
27254731ns          480153 1c0094fe 01b888b3 add              x17, x17, x27       x17=00000276 x17:00000004 x27:00000272
27254751ns          480154 1c009500 01a30333 add              x6, x6, x26          x6=000006b3  x6:0000001a x26:00000699
27254771ns          480155 1c009502 08015d83 lhu              x27, 128(x2)        x27=00000092  x2:100034d8  PA:10003558
27254791ns          480156 1c009506 0000d903 lhu              x18, 0(x1)          x18=0000fe34  x1:1c002e8c  PA:1c002e8c
27255129ns          480173 1c00950a 01c686b3 add              x13, x13, x28       x13=0001fee0 x13:0000fff9 x28:0000fee7
27255149ns          480174 1c00950c 00659023 sh               x6, 0(x11)           x6:000006b3 x11:1c002edc  PA:1c002edc
27255507ns          480192 1c009510 40af5f13 srai             x30, x30, 0x40a     x30=00000000 x30:00000068
27255527ns          480193 1c009514 04812e03 lw               x28, 72(x2)         x28=1c002f0c  x2:100034d8  PA:10003520
27255547ns          480194 1c009516 01bf0f33 add              x30, x30, x27       x30=00000092 x30:00000000 x27:00000092
27255567ns          480195 1c009518 40aede93 srai             x29, x29, 0x40a     x29=fffffffe x29:fffffb76
27255587ns          480196 1c00951c 40a75713 srai             x14, x14, 0x40a     x14=fffffff9 x14:ffffe75c
27255607ns          480197 1c00951e 03812603 lw               x12, 56(x2)         x12=1c002eec  x2:100034d8  PA:10003510
27255626ns          480198 1c009520 04012d83 lw               x27, 64(x2)         x27=1c002efc  x2:100034d8  PA:10003518
27255646ns          480199 1c009522 01ee1023 sh               x30, 0(x28)         x30:00000092 x28:1c002f0c  PA:1c002f0c
27255965ns          480215 1c009526 05812483 lw               x9, 88(x2)           x9=1c002e6c  x2:100034d8  PA:10003530
27255984ns          480216 1c009528 05012f03 lw               x30, 80(x2)         x30=1c002e7c  x2:100034d8  PA:10003528
27256004ns          480217 1c00952a 0a012583 lw               x11, 160(x2)        x11=1c002e9c  x2:100034d8  PA:10003578
27256024ns          480218 1c00952c 014787b3 add              x15, x15, x20       x15=0001fa10 x15:0000ffda x20:0000fa36
27256044ns          480219 1c00952e 013e8eb3 add              x29, x29, x19       x29=0000ff8d x29:fffffffe x19:0000ff8f
27256064ns          480220 1c009530 01270733 add              x14, x14, x18       x14=0000fe2d x14:fffffff9 x18:0000fe34
27256084ns          480221 1c009532 00f49023 sh               x15, 0(x9)          x15:0001fa10  x9:1c002e6c  PA:1c002e6c
27256402ns          480237 1c009536 01161023 sh               x17, 0(x12)         x17:00000276 x12:1c002eec  PA:1c002eec
27256720ns          480253 1c00953a 01fd9023 sh               x31, 0(x27)         x31:0000011c x27:1c002efc  PA:1c002efc
27257058ns          480270 1c00953e 00df1023 sh               x13, 0(x30)         x13:0001fee0 x30:1c002e7c  PA:1c002e7c
27257377ns          480286 1c009542 01d59023 sh               x29, 0(x11)         x29:0000ff8d x11:1c002e9c  PA:1c002e9c
27257695ns          480302 1c009546 00e09023 sh               x14, 0(x1)          x14:0000fe2d  x1:1c002e8c  PA:1c002e8c
27258013ns          480318 1c00954a 01039023 sh               x16, 0(x7)          x16:0000ffc3  x7:1c002ebc  PA:1c002ebc
27258331ns          480334 1c00954e 00a29023 sh               x10, 0(x5)          x10:0000ff3a  x5:1c002eac  PA:1c002eac
27258649ns          480350 1c009552 008b0b13 addi             x22, x22, 8         x22=00000176 x22:0000016e
27258669ns          480351 1c009554 1f300793 addi             x15, x0, 499        x15=000001f3
27258689ns          480352 1c009558 e767dae3 bge              x15, x22, -396      x15:000001f3 x22:00000176
27258789ns          480357 1c0093cc 010c9a0b p.lh             x20, 16(x25!)       x20=ffffffbb x25=1c002984 x25:1c002974  PA:1c002974
27259167ns          480376 1c0093d0 0104198b p.lh             x19, 16(x8!)        x19=ffffff0e  x8=1c00214c  x8:1c00213c  PA:1c00213c
27259485ns          480392 1c0093d4 2cc10513 addi             x10, x2, 716        x10=100037a4  x2:100034d8
27259505ns          480393 1c0093d6 010a990b p.lh             x18, 16(x21!)       x18=ffffffb1 x21=1c001978 x21:1c001968  PA:1c001968
27259823ns          480409 1c0093da 010b948b p.lh             x9, 16(x23!)         x9=ffffff0d x23=1c0011a8 x23:1c001198  PA:1c001198
27260121ns          480424 1c0093de 2d411623 sh               x20, 716(x2)        x20:ffffffbb  x2:100034d8  PA:100037a4
27260141ns          480425 1c0093e2 2d311723 sh               x19, 718(x2)        x19:ffffff0e  x2:100034d8  PA:100037a6
27260161ns          480426 1c0093e6 c33ff0ef jal              x1, -974             x1=1c0093e8
27260201ns          480428 1c009018 00051803 lh               x16, 0(x10)         x16=ffffffbb x10:100037a4  PA:100037a4
27260221ns          480429 1c00901c 00251883 lh               x17, 2(x10)         x17=ffffff0e x10:100037a4  PA:100037a6
27260240ns          480430 1c009020 030806b3 mul              x13, x16, x16       x13=00001299 x16:ffffffbb x16:ffffffbb
27260260ns          480431 1c009024 03188633 mul              x12, x17, x17       x12=0000e4c4 x17:ffffff0e x17:ffffff0e
27260280ns          480432 1c009028 40a65613 srai             x12, x12, 0x40a     x12=00000039 x12:0000e4c4
27260300ns          480433 1c00902a 40a6d693 srai             x13, x13, 0x40a     x13=00000004 x13:00001299
27260320ns          480434 1c00902c 00c686b3 add              x13, x13, x12       x13=0000003d x13:00000004 x12:00000039
27260340ns          480435 1c00902e 1006c633 p.exths          x12, x13, x0        x12=0000003d x13:0000003d
27260360ns          480436 1c009032 00855703 lhu              x14, 8(x10)         x14=0000ffd1 x10:100037a4  PA:100037ac
27260380ns          480437 1c009036 00a55683 lhu              x13, 10(x10)        x13=0000ff6a x10:100037a4  PA:100037ae
27260400ns          480438 1c00903a 02c60333 mul              x6, x12, x12         x6=00000e89 x12:0000003d x12:0000003d
27260419ns          480439 1c00903e 00c55783 lhu              x15, 12(x10)        x15=0000ffe5 x10:100037a4  PA:100037b0
27260439ns          480440 1c009042 00e55583 lhu              x11, 14(x10)        x11=00000060 x10:100037a4  PA:100037b2
27260459ns          480441 1c009046 dea30333 p.extract        x6, x6, 15, 10       x6=00000003  x6:00000e89
27260479ns          480442 1c00904a 80c7075b p.muls           x14, x14, x12       x14=fffff4cd x14:0000ffd1 x12:0000003d
27260499ns          480443 1c00904e 80c686db p.muls           x13, x13, x12       x13=ffffdc42 x13:0000ff6a x12:0000003d
27260519ns          480444 1c009052 00455e83 lhu              x29, 4(x10)         x29=00000427 x10:100037a4  PA:100037a8
27260539ns          480445 1c009056 00655e03 lhu              x28, 6(x10)         x28=0000007f x10:100037a4  PA:100037aa
27260559ns          480446 1c00905a 40a75713 srai             x14, x14, 0x40a     x14=fffffffd x14:fffff4cd
27260579ns          480447 1c00905c 806787db p.muls           x15, x15, x6        x15=ffffffaf x15:0000ffe5  x6:00000003
27260598ns          480448 1c009060 40a6d693 srai             x13, x13, 0x40a     x13=fffffff7 x13:ffffdc42
27260618ns          480449 1c009062 8065865b p.muls           x12, x11, x6        x12=00000120 x11:00000060  x6:00000003
27260638ns          480450 1c009066 40a7d793 srai             x15, x15, 0x40a     x15=ffffffff x15:ffffffaf
27260658ns          480451 1c009068 40a65613 srai             x12, x12, 0x40a     x12=00000000 x12:00000120
27260678ns          480452 1c00906a 01d70733 add              x14, x14, x29       x14=00000424 x14:fffffffd x29:00000427
27260698ns          480453 1c00906c 01c686b3 add              x13, x13, x28       x13=00000076 x13:fffffff7 x28:0000007f
27260718ns          480454 1c00906e 00c686b3 add              x13, x13, x12       x13=00000076 x13:00000076 x12:00000000
27260738ns          480455 1c009070 00f70733 add              x14, x14, x15       x14=00000423 x14:00000424 x15:ffffffff
27260758ns          480456 1c009072 100747b3 p.exths          x15, x14, x0        x15=00000423 x14:00000423
27260777ns          480457 1c009076 1006c733 p.exths          x14, x13, x0        x14=00000076 x13:00000076
27260797ns          480458 1c00907a 03170633 mul              x12, x14, x17       x12=ffff9074 x14:00000076 x17:ffffff0e
27260817ns          480459 1c00907e 030786b3 mul              x13, x15, x16       x13=fffee291 x15:00000423 x16:ffffffbb
27260837ns          480460 1c009082 03070733 mul              x14, x14, x16       x14=ffffe032 x14:00000076 x16:ffffffbb
27260857ns          480461 1c009086 031787b3 mul              x15, x15, x17       x15=fffc16ea x15:00000423 x17:ffffff0e
27260877ns          480462 1c00908a 40a6d693 srai             x13, x13, 0x40a     x13=ffffffb8 x13:fffee291
27260897ns          480463 1c00908c 40a65613 srai             x12, x12, 0x40a     x12=ffffffe4 x12:ffff9074
27260917ns          480464 1c00908e 40a7d793 srai             x15, x15, 0x40a     x15=ffffff05 x15:fffc16ea
27260937ns          480465 1c009090 40a75713 srai             x14, x14, 0x40a     x14=fffffff8 x14:ffffe032
27260956ns          480466 1c009092 40c686b3 sub              x13, x13, x12       x13=ffffffd4 x13:ffffffb8 x12:ffffffe4
27260976ns          480467 1c009094 00e787b3 add              x15, x15, x14       x15=fffffefd x15:ffffff05 x14:fffffff8
27260996ns          480468 1c009096 00d51823 sh               x13, 16(x10)        x13:ffffffd4 x10:100037a4  PA:100037b4
27261016ns          480469 1c00909a 00f51923 sh               x15, 18(x10)        x15:fffffefd x10:100037a4  PA:100037b6
27261036ns          480470 1c00909e 00008067 jalr             x0, x1, 0            x1:1c0093e8
27261116ns          480474 1c0093e8 2dc15583 lhu              x11, 732(x2)        x11=0000ffd4  x2:100034d8  PA:100037b4
27261135ns          480475 1c0093ec 2de15783 lhu              x15, 734(x2)        x15=0000fefd  x2:100034d8  PA:100037b6
27261155ns          480476 1c0093f0 40b90933 sub              x18, x18, x11       x18=fffeffdd x18:ffffffb1 x11:0000ffd4
27261175ns          480477 1c0093f4 40f484b3 sub              x9, x9, x15          x9=ffff0010  x9:ffffff0d x15:0000fefd
27261195ns          480478 1c0093f6 100945b3 p.exths          x11, x18, x0        x11=ffffffdd x18:fffeffdd
27261215ns          480479 1c0093fa 1004c7b3 p.exths          x15, x9, x0         x15=00000010  x9:ffff0010
27261235ns          480480 1c0093fe 034586b3 mul              x13, x11, x20       x13=0000096f x11:ffffffdd x20:ffffffbb
27261255ns          480481 1c009402 03378533 mul              x10, x15, x19       x10=fffff0e0 x15:00000010 x19:ffffff0e
27261275ns          480482 1c009406 034a0633 mul              x12, x20, x20       x12=00001299 x20:ffffffbb x20:ffffffbb
27261295ns          480483 1c00940a 03398733 mul              x14, x19, x19       x14=0000e4c4 x19:ffffff0e x19:ffffff0e
27261314ns          480484 1c00940e 034787b3 mul              x15, x15, x20       x15=fffffbb0 x15:00000010 x20:ffffffbb
27261334ns          480485 1c009412 033585b3 mul              x11, x11, x19       x11=00002116 x11:ffffffdd x19:ffffff0e
27261354ns          480486 1c009416 40a75713 srai             x14, x14, 0x40a     x14=00000039 x14:0000e4c4
27261374ns          480487 1c009418 40a5d593 srai             x11, x11, 0x40a     x11=00000008 x11:00002116
27261394ns          480488 1c00941a 40a65613 srai             x12, x12, 0x40a     x12=00000004 x12:00001299
27261414ns          480489 1c00941c 40a7d793 srai             x15, x15, 0x40a     x15=fffffffe x15:fffffbb0
27261434ns          480490 1c00941e 1c0034b7 lui              x9, 0x1c003000       x9=1c003000
27261454ns          480491 1c009422 00e60633 add              x12, x12, x14       x12=0000003d x12:00000004 x14:00000039
27261474ns          480492 1c009424 40b787b3 sub              x15, x15, x11       x15=fffffff6 x15:fffffffe x11:00000008
27261493ns          480493 1c009426 eb048493 addi             x9, x9, -336         x9=1c002eb0  x9:1c003000
27261513ns          480494 1c00942a 1c0032b7 lui              x5, 0x1c003000       x5=1c003000
27261533ns          480495 1c00942e 1c0035b7 lui              x11, 0x1c003000     x11=1c003000
27261553ns          480496 1c009432 018483b3 add              x7, x9, x24          x7=1c002ebc  x9:1c002eb0 x24:0000000c
27261573ns          480497 1c009436 02812e83 lw               x29, 40(x2)         x29=1c002ecc  x2:100034d8  PA:10003500
27261593ns          480498 1c009438 10065633 p.exthz          x12, x12, x0        x12=0000003d x12:0000003d
27261613ns          480499 1c00943c e8028293 addi             x5, x5, -384         x5=1c002e80  x5:1c003000
27261633ns          480500 1c009440 ea058593 addi             x11, x11, -352      x11=1c002ea0 x11:1c003000
27261653ns          480501 1c009444 03812483 lw               x9, 56(x2)           x9=1c002eec  x2:100034d8  PA:10003510
27261672ns          480502 1c009446 10064733 p.exths          x14, x12, x0        x14=0000003d x12:0000003d
27261692ns          480503 1c00944a 018280b3 add              x1, x5, x24          x1=1c002e8c  x5:1c002e80 x24:0000000c
27261712ns          480504 1c00944e 03012f03 lw               x30, 48(x2)         x30=1c002edc  x2:100034d8  PA:10003508
27261732ns          480505 1c009450 018582b3 add              x5, x11, x24         x5=1c002eac x11:1c002ea0 x24:0000000c
27261772ns          480507 1c009454 04012583 lw               x11, 64(x2)         x11=1c002efc  x2:100034d8  PA:10003518
27261792ns          480508 1c009456 000edd83 lhu              x27, 0(x29)         x27=00001967 x29:1c002ecc  PA:1c002ecc
27262130ns          480525 1c00945a 0004d483 lhu              x9, 0(x9)            x9=00000276  x9:1c002eec  PA:1c002eec
27262448ns          480541 1c00945e 02e70333 mul              x6, x14, x14         x6=00000e89 x14:0000003d x14:0000003d
27262468ns          480542 1c009462 40a55513 srai             x10, x10, 0x40a     x10=fffffffc x10:fffff0e0
27262488ns          480543 1c009464 04812e83 lw               x29, 72(x2)         x29=1c002f0c  x2:100034d8  PA:10003520
27262508ns          480544 1c009466 40a6d693 srai             x13, x13, 0x40a     x13=00000002 x13:0000096f
27262528ns          480545 1c009468 000f5d03 lhu              x26, 0(x30)         x26=000006b3 x30:1c002edc  PA:1c002edc
27262866ns          480562 1c00946c 0005d583 lhu              x11, 0(x11)         x11=0000011c x11:1c002efc  PA:1c002efc
27263204ns          480579 1c009470 40a35313 srai             x6, x6, 0x40a        x6=00000003  x6:00000e89
27263224ns          480580 1c009474 00a686b3 add              x13, x13, x10       x13=fffffffe x13:00000002 x10:fffffffc
27263244ns          480581 1c009476 05012f03 lw               x30, 80(x2)         x30=1c002e7c  x2:100034d8  PA:10003528
27263263ns          480582 1c009478 10034e33 p.exths          x28, x6, x0         x28=00000003  x6:00000003
27263283ns          480583 1c00947c 06911023 sh               x9, 96(x2)           x9:00000276  x2:100034d8  PA:10003538
27263303ns          480584 1c009480 000ede83 lhu              x29, 0(x29)         x29=00000092 x29:1c002f0c  PA:1c002f0c
27263621ns          480600 1c009484 05812483 lw               x9, 88(x2)           x9=1c002e6c  x2:100034d8  PA:10003530
27263641ns          480601 1c009486 1006d6b3 p.exthz          x13, x13, x0        x13=0000fffe x13:fffffffe
27263661ns          480602 1c00948a 02ee08b3 mul              x17, x28, x14       x17=000000b7 x28:00000003 x14:0000003d
27263681ns          480603 1c00948e 1006c833 p.exths          x16, x13, x0        x16=fffffffe x13:0000fffe
27263701ns          480604 1c009492 06b11823 sh               x11, 112(x2)        x11:0000011c  x2:100034d8  PA:10003548
27263721ns          480605 1c009496 000f5f03 lhu              x30, 0(x30)         x30=0000fee0 x30:1c002e7c  PA:1c002e7c
27264039ns          480621 1c00949a 0a012583 lw               x11, 160(x2)        x11=1c002e9c  x2:100034d8  PA:10003578
27264059ns          480622 1c00949c 1007d7b3 p.exthz          x15, x15, x0        x15=0000fff6 x15:fffffff6
27264079ns          480623 1c0094a0 0004da03 lhu              x20, 0(x9)          x20=0000fa10  x9:1c002e6c  PA:1c002e6c
27264397ns          480639 1c0094a4 1007c533 p.exths          x10, x15, x0        x10=fffffff6 x15:0000fff6
27264417ns          480640 1c0094a8 09d11023 sh               x29, 128(x2)        x29:00000092  x2:100034d8  PA:10003558
27264437ns          480641 1c0094ac 0003d483 lhu              x9, 0(x7)            x9=0000ffc3  x7:1c002ebc  PA:1c002ebc
27264755ns          480657 1c0094b0 02e80eb3 mul              x29, x16, x14       x29=ffffff86 x16:fffffffe x14:0000003d
27264775ns          480658 1c0094b4 40a8d893 srai             x17, x17, 0x40a     x17=00000000 x17:000000b7
27264795ns          480659 1c0094b8 03c80833 mul              x16, x16, x28       x16=fffffffa x16:fffffffe x28:00000003
27264815ns          480660 1c0094bc 09e11823 sh               x30, 144(x2)        x30:0000fee0  x2:100034d8  PA:10003568
27264835ns          480661 1c0094c0 0005d983 lhu              x19, 0(x11)         x19=0000ff8d x11:1c002e9c  PA:1c002e9c
27265153ns          480677 1c0094c4 81c88f5b p.muls           x30, x17, x28       x30=00000000 x17:00000000 x28:00000003
27265173ns          480678 1c0094c8 0002d583 lhu              x11, 0(x5)          x11=0000ff3a  x5:1c002eac  PA:1c002eac
27265471ns          480693 1c0094cc 03ce0fb3 mul              x31, x28, x28       x31=00000009 x28:00000003 x28:00000003
27265491ns          480694 1c0094d0 02e50733 mul              x14, x10, x14       x14=fffffd9e x10:fffffff6 x14:0000003d
27265511ns          480695 1c0094d4 40a85813 srai             x16, x16, 0x40a     x16=ffffffff x16:fffffffa
27265531ns          480696 1c0094d8 03c50533 mul              x10, x10, x28       x10=ffffffe2 x10:fffffff6 x28:00000003
27265551ns          480697 1c0094dc 07015e03 lhu              x28, 112(x2)        x28=0000011c  x2:100034d8  PA:10003548
27265570ns          480698 1c0094e0 01b60633 add              x12, x12, x27       x12=000019a4 x12:0000003d x27:00001967
27265590ns          480699 1c0094e2 00980833 add              x16, x16, x9        x16=0000ffc2 x16:ffffffff  x9:0000ffc3
27265610ns          480700 1c0094e4 06015d83 lhu              x27, 96(x2)         x27=00000276  x2:100034d8  PA:10003538
27265630ns          480701 1c0094e8 02812483 lw               x9, 40(x2)           x9=1c002ecc  x2:100034d8  PA:10003500
27265650ns          480702 1c0094ea 40afdf93 srai             x31, x31, 0x40a     x31=00000000 x31:00000009
27265670ns          480703 1c0094ee 40a55513 srai             x10, x10, 0x40a     x10=ffffffff x10:ffffffe2
27265690ns          480704 1c0094f0 01cf8fb3 add              x31, x31, x28       x31=0000011c x31:00000000 x28:0000011c
27265710ns          480705 1c0094f2 00b50533 add              x10, x10, x11       x10=0000ff39 x10:ffffffff x11:0000ff3a
27265730ns          480706 1c0094f4 09015e03 lhu              x28, 144(x2)        x28=0000fee0  x2:100034d8  PA:10003568
27265749ns          480707 1c0094f8 03012583 lw               x11, 48(x2)         x11=1c002edc  x2:100034d8  PA:10003508
27265769ns          480708 1c0094fa 00c49023 sh               x12, 0(x9)          x12:000019a4  x9:1c002ecc  PA:1c002ecc
27266107ns          480725 1c0094fe 01b888b3 add              x17, x17, x27       x17=00000276 x17:00000000 x27:00000276
27266127ns          480726 1c009500 01a30333 add              x6, x6, x26          x6=000006b6  x6:00000003 x26:000006b3
27266147ns          480727 1c009502 08015d83 lhu              x27, 128(x2)        x27=00000092  x2:100034d8  PA:10003558
27266167ns          480728 1c009506 0000d903 lhu              x18, 0(x1)          x18=0000fe2d  x1:1c002e8c  PA:1c002e8c
27266465ns          480743 1c00950a 01c686b3 add              x13, x13, x28       x13=0001fede x13:0000fffe x28:0000fee0
27266485ns          480744 1c00950c 00659023 sh               x6, 0(x11)           x6:000006b6 x11:1c002edc  PA:1c002edc
27266823ns          480761 1c009510 40af5f13 srai             x30, x30, 0x40a     x30=00000000 x30:00000000
27266843ns          480762 1c009514 04812e03 lw               x28, 72(x2)         x28=1c002f0c  x2:100034d8  PA:10003520
27266863ns          480763 1c009516 01bf0f33 add              x30, x30, x27       x30=00000092 x30:00000000 x27:00000092
27266883ns          480764 1c009518 40aede93 srai             x29, x29, 0x40a     x29=ffffffff x29:ffffff86
27266903ns          480765 1c00951c 40a75713 srai             x14, x14, 0x40a     x14=ffffffff x14:fffffd9e
27266923ns          480766 1c00951e 03812603 lw               x12, 56(x2)         x12=1c002eec  x2:100034d8  PA:10003510
27266943ns          480767 1c009520 04012d83 lw               x27, 64(x2)         x27=1c002efc  x2:100034d8  PA:10003518
27266963ns          480768 1c009522 01ee1023 sh               x30, 0(x28)         x30:00000092 x28:1c002f0c  PA:1c002f0c
27267281ns          480784 1c009526 05812483 lw               x9, 88(x2)           x9=1c002e6c  x2:100034d8  PA:10003530
27267301ns          480785 1c009528 05012f03 lw               x30, 80(x2)         x30=1c002e7c  x2:100034d8  PA:10003528
27267321ns          480786 1c00952a 0a012583 lw               x11, 160(x2)        x11=1c002e9c  x2:100034d8  PA:10003578
27267340ns          480787 1c00952c 014787b3 add              x15, x15, x20       x15=0001fa06 x15:0000fff6 x20:0000fa10
27267360ns          480788 1c00952e 013e8eb3 add              x29, x29, x19       x29=0000ff8c x29:ffffffff x19:0000ff8d
27267380ns          480789 1c009530 01270733 add              x14, x14, x18       x14=0000fe2c x14:ffffffff x18:0000fe2d
27267400ns          480790 1c009532 00f49023 sh               x15, 0(x9)          x15:0001fa06  x9:1c002e6c  PA:1c002e6c
27267718ns          480806 1c009536 01161023 sh               x17, 0(x12)         x17:00000276 x12:1c002eec  PA:1c002eec
27268037ns          480822 1c00953a 01fd9023 sh               x31, 0(x27)         x31:0000011c x27:1c002efc  PA:1c002efc
27268355ns          480838 1c00953e 00df1023 sh               x13, 0(x30)         x13:0001fede x30:1c002e7c  PA:1c002e7c
27268673ns          480854 1c009542 01d59023 sh               x29, 0(x11)         x29:0000ff8c x11:1c002e9c  PA:1c002e9c
27268991ns          480870 1c009546 00e09023 sh               x14, 0(x1)          x14:0000fe2c  x1:1c002e8c  PA:1c002e8c
27269309ns          480886 1c00954a 01039023 sh               x16, 0(x7)          x16:0000ffc2  x7:1c002ebc  PA:1c002ebc
27269628ns          480902 1c00954e 00a29023 sh               x10, 0(x5)          x10:0000ff39  x5:1c002eac  PA:1c002eac
27269946ns          480918 1c009552 008b0b13 addi             x22, x22, 8         x22=0000017e x22:00000176
27269966ns          480919 1c009554 1f300793 addi             x15, x0, 499        x15=000001f3
27269986ns          480920 1c009558 e767dae3 bge              x15, x22, -396      x15:000001f3 x22:0000017e
27270045ns          480923 1c0093cc 010c9a0b p.lh             x20, 16(x25!)       x20=ffffff5b x25=1c002994 x25:1c002984  PA:1c002984
27270363ns          480939 1c0093d0 0104198b p.lh             x19, 16(x8!)        x19=ffffff0c  x8=1c00215c  x8:1c00214c  PA:1c00214c
27270662ns          480954 1c0093d4 2cc10513 addi             x10, x2, 716        x10=100037a4  x2:100034d8
27270682ns          480955 1c0093d6 010a990b p.lh             x18, 16(x21!)       x18=ffffff4c x21=1c001988 x21:1c001978  PA:1c001978
27270980ns          480970 1c0093da 010b948b p.lh             x9, 16(x23!)         x9=ffffff1f x23=1c0011b8 x23:1c0011a8  PA:1c0011a8
27271278ns          480985 1c0093de 2d411623 sh               x20, 716(x2)        x20:ffffff5b  x2:100034d8  PA:100037a4
27271318ns          480987 1c0093e2 2d311723 sh               x19, 718(x2)        x19:ffffff0c  x2:100034d8  PA:100037a6
27271358ns          480989 1c0093e6 c33ff0ef jal              x1, -974             x1=1c0093e8
27271378ns          480990 1c009018 00051803 lh               x16, 0(x10)         x16=ffffff5b x10:100037a4  PA:100037a4
27271398ns          480991 1c00901c 00251883 lh               x17, 2(x10)         x17=ffffff0c x10:100037a4  PA:100037a6
27271418ns          480992 1c009020 030806b3 mul              x13, x16, x16       x13=00006a59 x16:ffffff5b x16:ffffff5b
27271437ns          480993 1c009024 03188633 mul              x12, x17, x17       x12=0000e890 x17:ffffff0c x17:ffffff0c
27271457ns          480994 1c009028 40a65613 srai             x12, x12, 0x40a     x12=0000003a x12:0000e890
27271477ns          480995 1c00902a 40a6d693 srai             x13, x13, 0x40a     x13=0000001a x13:00006a59
27271497ns          480996 1c00902c 00c686b3 add              x13, x13, x12       x13=00000054 x13:0000001a x12:0000003a
27271517ns          480997 1c00902e 1006c633 p.exths          x12, x13, x0        x12=00000054 x13:00000054
27271537ns          480998 1c009032 00855703 lhu              x14, 8(x10)         x14=0000ffd1 x10:100037a4  PA:100037ac
27271557ns          480999 1c009036 00a55683 lhu              x13, 10(x10)        x13=0000ff6a x10:100037a4  PA:100037ae
27271577ns          481000 1c00903a 02c60333 mul              x6, x12, x12         x6=00001b90 x12:00000054 x12:00000054
27271597ns          481001 1c00903e 00c55783 lhu              x15, 12(x10)        x15=0000ffe5 x10:100037a4  PA:100037b0
27271616ns          481002 1c009042 00e55583 lhu              x11, 14(x10)        x11=00000060 x10:100037a4  PA:100037b2
27271636ns          481003 1c009046 dea30333 p.extract        x6, x6, 15, 10       x6=00000006  x6:00001b90
27271656ns          481004 1c00904a 80c7075b p.muls           x14, x14, x12       x14=fffff094 x14:0000ffd1 x12:00000054
27271696ns          481006 1c00904e 80c686db p.muls           x13, x13, x12       x13=ffffcec8 x13:0000ff6a x12:00000054
27271736ns          481008 1c009052 00455e83 lhu              x29, 4(x10)         x29=00000427 x10:100037a4  PA:100037a8
27271756ns          481009 1c009056 00655e03 lhu              x28, 6(x10)         x28=0000007f x10:100037a4  PA:100037aa
27271776ns          481010 1c00905a 40a75713 srai             x14, x14, 0x40a     x14=fffffffc x14:fffff094
27271795ns          481011 1c00905c 806787db p.muls           x15, x15, x6        x15=ffffff5e x15:0000ffe5  x6:00000006
27271835ns          481013 1c009060 40a6d693 srai             x13, x13, 0x40a     x13=fffffff3 x13:ffffcec8
27271875ns          481015 1c009062 8065865b p.muls           x12, x11, x6        x12=00000240 x11:00000060  x6:00000006
27271895ns          481016 1c009066 40a7d793 srai             x15, x15, 0x40a     x15=ffffffff x15:ffffff5e
27271915ns          481017 1c009068 40a65613 srai             x12, x12, 0x40a     x12=00000000 x12:00000240
27271935ns          481018 1c00906a 01d70733 add              x14, x14, x29       x14=00000423 x14:fffffffc x29:00000427
27271954ns          481019 1c00906c 01c686b3 add              x13, x13, x28       x13=00000072 x13:fffffff3 x28:0000007f
27271974ns          481020 1c00906e 00c686b3 add              x13, x13, x12       x13=00000072 x13:00000072 x12:00000000
27271994ns          481021 1c009070 00f70733 add              x14, x14, x15       x14=00000422 x14:00000423 x15:ffffffff
27272014ns          481022 1c009072 100747b3 p.exths          x15, x14, x0        x15=00000422 x14:00000422
27272034ns          481023 1c009076 1006c733 p.exths          x14, x13, x0        x14=00000072 x13:00000072
27272054ns          481024 1c00907a 03170633 mul              x12, x14, x17       x12=ffff9358 x14:00000072 x17:ffffff0c
27272074ns          481025 1c00907e 030786b3 mul              x13, x15, x16       x13=fffd5616 x15:00000422 x16:ffffff5b
27272094ns          481026 1c009082 03070733 mul              x14, x14, x16       x14=ffffb686 x14:00000072 x16:ffffff5b
27272114ns          481027 1c009086 031787b3 mul              x15, x15, x17       x15=fffc0f98 x15:00000422 x17:ffffff0c
27272133ns          481028 1c00908a 40a6d693 srai             x13, x13, 0x40a     x13=ffffff55 x13:fffd5616
27272153ns          481029 1c00908c 40a65613 srai             x12, x12, 0x40a     x12=ffffffe4 x12:ffff9358
27272173ns          481030 1c00908e 40a7d793 srai             x15, x15, 0x40a     x15=ffffff03 x15:fffc0f98
27272193ns          481031 1c009090 40a75713 srai             x14, x14, 0x40a     x14=ffffffed x14:ffffb686
27272213ns          481032 1c009092 40c686b3 sub              x13, x13, x12       x13=ffffff71 x13:ffffff55 x12:ffffffe4
27272233ns          481033 1c009094 00e787b3 add              x15, x15, x14       x15=fffffef0 x15:ffffff03 x14:ffffffed
27272253ns          481034 1c009096 00d51823 sh               x13, 16(x10)        x13:ffffff71 x10:100037a4  PA:100037b4
27272273ns          481035 1c00909a 00f51923 sh               x15, 18(x10)        x15:fffffef0 x10:100037a4  PA:100037b6
27272293ns          481036 1c00909e 00008067 jalr             x0, x1, 0            x1:1c0093e8
27272372ns          481040 1c0093e8 2dc15583 lhu              x11, 732(x2)        x11=0000ff71  x2:100034d8  PA:100037b4
27272392ns          481041 1c0093ec 2de15783 lhu              x15, 734(x2)        x15=0000fef0  x2:100034d8  PA:100037b6
27272412ns          481042 1c0093f0 40b90933 sub              x18, x18, x11       x18=fffeffdb x18:ffffff4c x11:0000ff71
27272432ns          481043 1c0093f4 40f484b3 sub              x9, x9, x15          x9=ffff002f  x9:ffffff1f x15:0000fef0
27272452ns          481044 1c0093f6 100945b3 p.exths          x11, x18, x0        x11=ffffffdb x18:fffeffdb
27272472ns          481045 1c0093fa 1004c7b3 p.exths          x15, x9, x0         x15=0000002f  x9:ffff002f
27272491ns          481046 1c0093fe 034586b3 mul              x13, x11, x20       x13=000017d9 x11:ffffffdb x20:ffffff5b
27272511ns          481047 1c009402 03378533 mul              x10, x15, x19       x10=ffffd334 x15:0000002f x19:ffffff0c
27272531ns          481048 1c009406 034a0633 mul              x12, x20, x20       x12=00006a59 x20:ffffff5b x20:ffffff5b
27272551ns          481049 1c00940a 03398733 mul              x14, x19, x19       x14=0000e890 x19:ffffff0c x19:ffffff0c
27272571ns          481050 1c00940e 034787b3 mul              x15, x15, x20       x15=ffffe1b5 x15:0000002f x20:ffffff5b
27272591ns          481051 1c009412 033585b3 mul              x11, x11, x19       x11=00002344 x11:ffffffdb x19:ffffff0c
27272611ns          481052 1c009416 40a75713 srai             x14, x14, 0x40a     x14=0000003a x14:0000e890
27272631ns          481053 1c009418 40a5d593 srai             x11, x11, 0x40a     x11=00000008 x11:00002344
27272651ns          481054 1c00941a 40a65613 srai             x12, x12, 0x40a     x12=0000001a x12:00006a59
27272670ns          481055 1c00941c 40a7d793 srai             x15, x15, 0x40a     x15=fffffff8 x15:ffffe1b5
27272690ns          481056 1c00941e 1c0034b7 lui              x9, 0x1c003000       x9=1c003000
27272710ns          481057 1c009422 00e60633 add              x12, x12, x14       x12=00000054 x12:0000001a x14:0000003a
27272730ns          481058 1c009424 40b787b3 sub              x15, x15, x11       x15=fffffff0 x15:fffffff8 x11:00000008
27272750ns          481059 1c009426 eb048493 addi             x9, x9, -336         x9=1c002eb0  x9:1c003000
27272770ns          481060 1c00942a 1c0032b7 lui              x5, 0x1c003000       x5=1c003000
27272790ns          481061 1c00942e 1c0035b7 lui              x11, 0x1c003000     x11=1c003000
27272810ns          481062 1c009432 018483b3 add              x7, x9, x24          x7=1c002ebc  x9:1c002eb0 x24:0000000c
27272830ns          481063 1c009436 02812e83 lw               x29, 40(x2)         x29=1c002ecc  x2:100034d8  PA:10003500
27272849ns          481064 1c009438 10065633 p.exthz          x12, x12, x0        x12=00000054 x12:00000054
27272869ns          481065 1c00943c e8028293 addi             x5, x5, -384         x5=1c002e80  x5:1c003000
27272889ns          481066 1c009440 ea058593 addi             x11, x11, -352      x11=1c002ea0 x11:1c003000
27272929ns          481068 1c009444 03812483 lw               x9, 56(x2)           x9=1c002eec  x2:100034d8  PA:10003510
27272949ns          481069 1c009446 10064733 p.exths          x14, x12, x0        x14=00000054 x12:00000054
27272969ns          481070 1c00944a 018280b3 add              x1, x5, x24          x1=1c002e8c  x5:1c002e80 x24:0000000c
27272989ns          481071 1c00944e 03012f03 lw               x30, 48(x2)         x30=1c002edc  x2:100034d8  PA:10003508
27273028ns          481073 1c009450 018582b3 add              x5, x11, x24         x5=1c002eac x11:1c002ea0 x24:0000000c
27273068ns          481075 1c009454 04012583 lw               x11, 64(x2)         x11=1c002efc  x2:100034d8  PA:10003518
27273088ns          481076 1c009456 000edd83 lhu              x27, 0(x29)         x27=000019a4 x29:1c002ecc  PA:1c002ecc
27273426ns          481093 1c00945a 0004d483 lhu              x9, 0(x9)            x9=00000276  x9:1c002eec  PA:1c002eec
27273804ns          481112 1c00945e 02e70333 mul              x6, x14, x14         x6=00001b90 x14:00000054 x14:00000054
27273824ns          481113 1c009462 40a55513 srai             x10, x10, 0x40a     x10=fffffff4 x10:ffffd334
27273844ns          481114 1c009464 04812e83 lw               x29, 72(x2)         x29=1c002f0c  x2:100034d8  PA:10003520
27273864ns          481115 1c009466 40a6d693 srai             x13, x13, 0x40a     x13=00000005 x13:000017d9
27273884ns          481116 1c009468 000f5d03 lhu              x26, 0(x30)         x26=000006b6 x30:1c002edc  PA:1c002edc
27274202ns          481132 1c00946c 0005d583 lhu              x11, 0(x11)         x11=0000011c x11:1c002efc  PA:1c002efc
27274500ns          481147 1c009470 40a35313 srai             x6, x6, 0x40a        x6=00000006  x6:00001b90
27274520ns          481148 1c009474 00a686b3 add              x13, x13, x10       x13=fffffff9 x13:00000005 x10:fffffff4
27274540ns          481149 1c009476 05012f03 lw               x30, 80(x2)         x30=1c002e7c  x2:100034d8  PA:10003528
27274560ns          481150 1c009478 10034e33 p.exths          x28, x6, x0         x28=00000006  x6:00000006
27274580ns          481151 1c00947c 06911023 sh               x9, 96(x2)           x9:00000276  x2:100034d8  PA:10003538
27274600ns          481152 1c009480 000ede83 lhu              x29, 0(x29)         x29=00000092 x29:1c002f0c  PA:1c002f0c
27274938ns          481169 1c009484 05812483 lw               x9, 88(x2)           x9=1c002e6c  x2:100034d8  PA:10003530
27274958ns          481170 1c009486 1006d6b3 p.exthz          x13, x13, x0        x13=0000fff9 x13:fffffff9
27274977ns          481171 1c00948a 02ee08b3 mul              x17, x28, x14       x17=000001f8 x28:00000006 x14:00000054
27274997ns          481172 1c00948e 1006c833 p.exths          x16, x13, x0        x16=fffffff9 x13:0000fff9
27275017ns          481173 1c009492 06b11823 sh               x11, 112(x2)        x11:0000011c  x2:100034d8  PA:10003548
27275037ns          481174 1c009496 000f5f03 lhu              x30, 0(x30)         x30=0000fede x30:1c002e7c  PA:1c002e7c
27275455ns          481195 1c00949a 0a012583 lw               x11, 160(x2)        x11=1c002e9c  x2:100034d8  PA:10003578
27275475ns          481196 1c00949c 1007d7b3 p.exthz          x15, x15, x0        x15=0000fff0 x15:fffffff0
27275495ns          481197 1c0094a0 0004da03 lhu              x20, 0(x9)          x20=0000fa06  x9:1c002e6c  PA:1c002e6c
27275833ns          481214 1c0094a4 1007c533 p.exths          x10, x15, x0        x10=fffffff0 x15:0000fff0
27275853ns          481215 1c0094a8 09d11023 sh               x29, 128(x2)        x29:00000092  x2:100034d8  PA:10003558
27275872ns          481216 1c0094ac 0003d483 lhu              x9, 0(x7)            x9=0000ffc2  x7:1c002ebc  PA:1c002ebc
27276171ns          481231 1c0094b0 02e80eb3 mul              x29, x16, x14       x29=fffffdb4 x16:fffffff9 x14:00000054
27276191ns          481232 1c0094b4 40a8d893 srai             x17, x17, 0x40a     x17=00000000 x17:000001f8
27276211ns          481233 1c0094b8 03c80833 mul              x16, x16, x28       x16=ffffffd6 x16:fffffff9 x28:00000006
27276230ns          481234 1c0094bc 09e11823 sh               x30, 144(x2)        x30:0000fede  x2:100034d8  PA:10003568
27276270ns          481236 1c0094c0 0005d983 lhu              x19, 0(x11)         x19=0000ff8c x11:1c002e9c  PA:1c002e9c
27276628ns          481254 1c0094c4 81c88f5b p.muls           x30, x17, x28       x30=00000000 x17:00000000 x28:00000006
27276648ns          481255 1c0094c8 0002d583 lhu              x11, 0(x5)          x11=0000ff39  x5:1c002eac  PA:1c002eac
27276946ns          481270 1c0094cc 03ce0fb3 mul              x31, x28, x28       x31=00000024 x28:00000006 x28:00000006
27276966ns          481271 1c0094d0 02e50733 mul              x14, x10, x14       x14=fffffac0 x10:fffffff0 x14:00000054
27276986ns          481272 1c0094d4 40a85813 srai             x16, x16, 0x40a     x16=ffffffff x16:ffffffd6
27277006ns          481273 1c0094d8 03c50533 mul              x10, x10, x28       x10=ffffffa0 x10:fffffff0 x28:00000006
27277026ns          481274 1c0094dc 07015e03 lhu              x28, 112(x2)        x28=0000011c  x2:100034d8  PA:10003548
27277066ns          481276 1c0094e0 01b60633 add              x12, x12, x27       x12=000019f8 x12:00000054 x27:000019a4
27277086ns          481277 1c0094e2 00980833 add              x16, x16, x9        x16=0000ffc1 x16:ffffffff  x9:0000ffc2
27277105ns          481278 1c0094e4 06015d83 lhu              x27, 96(x2)         x27=00000276  x2:100034d8  PA:10003538
27277125ns          481279 1c0094e8 02812483 lw               x9, 40(x2)           x9=1c002ecc  x2:100034d8  PA:10003500
27277145ns          481280 1c0094ea 40afdf93 srai             x31, x31, 0x40a     x31=00000000 x31:00000024
27277165ns          481281 1c0094ee 40a55513 srai             x10, x10, 0x40a     x10=ffffffff x10:ffffffa0
27277185ns          481282 1c0094f0 01cf8fb3 add              x31, x31, x28       x31=0000011c x31:00000000 x28:0000011c
27277205ns          481283 1c0094f2 00b50533 add              x10, x10, x11       x10=0000ff38 x10:ffffffff x11:0000ff39
27277225ns          481284 1c0094f4 09015e03 lhu              x28, 144(x2)        x28=0000fede  x2:100034d8  PA:10003568
27277245ns          481285 1c0094f8 03012583 lw               x11, 48(x2)         x11=1c002edc  x2:100034d8  PA:10003508
27277265ns          481286 1c0094fa 00c49023 sh               x12, 0(x9)          x12:000019f8  x9:1c002ecc  PA:1c002ecc
27277583ns          481302 1c0094fe 01b888b3 add              x17, x17, x27       x17=00000276 x17:00000000 x27:00000276
27277603ns          481303 1c009500 01a30333 add              x6, x6, x26          x6=000006bc  x6:00000006 x26:000006b6
27277623ns          481304 1c009502 08015d83 lhu              x27, 128(x2)        x27=00000092  x2:100034d8  PA:10003558
27277642ns          481305 1c009506 0000d903 lhu              x18, 0(x1)          x18=0000fe2c  x1:1c002e8c  PA:1c002e8c
27277981ns          481322 1c00950a 01c686b3 add              x13, x13, x28       x13=0001fed7 x13:0000fff9 x28:0000fede
27278000ns          481323 1c00950c 00659023 sh               x6, 0(x11)           x6:000006bc x11:1c002edc  PA:1c002edc
27278339ns          481340 1c009510 40af5f13 srai             x30, x30, 0x40a     x30=00000000 x30:00000000
27278358ns          481341 1c009514 04812e03 lw               x28, 72(x2)         x28=1c002f0c  x2:100034d8  PA:10003520
27278378ns          481342 1c009516 01bf0f33 add              x30, x30, x27       x30=00000092 x30:00000000 x27:00000092
27278398ns          481343 1c009518 40aede93 srai             x29, x29, 0x40a     x29=ffffffff x29:fffffdb4
27278418ns          481344 1c00951c 40a75713 srai             x14, x14, 0x40a     x14=fffffffe x14:fffffac0
27278438ns          481345 1c00951e 03812603 lw               x12, 56(x2)         x12=1c002eec  x2:100034d8  PA:10003510
27278458ns          481346 1c009520 04012d83 lw               x27, 64(x2)         x27=1c002efc  x2:100034d8  PA:10003518
27278478ns          481347 1c009522 01ee1023 sh               x30, 0(x28)         x30:00000092 x28:1c002f0c  PA:1c002f0c
27278796ns          481363 1c009526 05812483 lw               x9, 88(x2)           x9=1c002e6c  x2:100034d8  PA:10003530
27278816ns          481364 1c009528 05012f03 lw               x30, 80(x2)         x30=1c002e7c  x2:100034d8  PA:10003528
27278836ns          481365 1c00952a 0a012583 lw               x11, 160(x2)        x11=1c002e9c  x2:100034d8  PA:10003578
27278856ns          481366 1c00952c 014787b3 add              x15, x15, x20       x15=0001f9f6 x15:0000fff0 x20:0000fa06
27278876ns          481367 1c00952e 013e8eb3 add              x29, x29, x19       x29=0000ff8b x29:ffffffff x19:0000ff8c
27278895ns          481368 1c009530 01270733 add              x14, x14, x18       x14=0000fe2a x14:fffffffe x18:0000fe2c
27278915ns          481369 1c009532 00f49023 sh               x15, 0(x9)          x15:0001f9f6  x9:1c002e6c  PA:1c002e6c
27279273ns          481387 1c009536 01161023 sh               x17, 0(x12)         x17:00000276 x12:1c002eec  PA:1c002eec
27279591ns          481403 1c00953a 01fd9023 sh               x31, 0(x27)         x31:0000011c x27:1c002efc  PA:1c002efc
27279910ns          481419 1c00953e 00df1023 sh               x13, 0(x30)         x13:0001fed7 x30:1c002e7c  PA:1c002e7c
27280228ns          481435 1c009542 01d59023 sh               x29, 0(x11)         x29:0000ff8b x11:1c002e9c  PA:1c002e9c
27280546ns          481451 1c009546 00e09023 sh               x14, 0(x1)          x14:0000fe2a  x1:1c002e8c  PA:1c002e8c
27280884ns          481468 1c00954a 01039023 sh               x16, 0(x7)          x16:0000ffc1  x7:1c002ebc  PA:1c002ebc
27281222ns          481485 1c00954e 00a29023 sh               x10, 0(x5)          x10:0000ff38  x5:1c002eac  PA:1c002eac
27281541ns          481501 1c009552 008b0b13 addi             x22, x22, 8         x22=00000186 x22:0000017e
27281560ns          481502 1c009554 1f300793 addi             x15, x0, 499        x15=000001f3
27281580ns          481503 1c009558 e767dae3 bge              x15, x22, -396      x15:000001f3 x22:00000186
27281680ns          481508 1c0093cc 010c9a0b p.lh             x20, 16(x25!)       x20=0000009e x25=1c0029a4 x25:1c002994  PA:1c002994
27282018ns          481525 1c0093d0 0104198b p.lh             x19, 16(x8!)        x19=00000021  x8=1c00216c  x8:1c00215c  PA:1c00215c
27282336ns          481541 1c0093d4 2cc10513 addi             x10, x2, 716        x10=100037a4  x2:100034d8
27282356ns          481542 1c0093d6 010a990b p.lh             x18, 16(x21!)       x18=000000a7 x21=1c001998 x21:1c001988  PA:1c001988
27282654ns          481557 1c0093da 010b948b p.lh             x9, 16(x23!)         x9=00000020 x23=1c0011c8 x23:1c0011b8  PA:1c0011b8
27282953ns          481572 1c0093de 2d411623 sh               x20, 716(x2)        x20:0000009e  x2:100034d8  PA:100037a4
27282972ns          481573 1c0093e2 2d311723 sh               x19, 718(x2)        x19:00000021  x2:100034d8  PA:100037a6
27282992ns          481574 1c0093e6 c33ff0ef jal              x1, -974             x1=1c0093e8
27283032ns          481576 1c009018 00051803 lh               x16, 0(x10)         x16=0000009e x10:100037a4  PA:100037a4
27283052ns          481577 1c00901c 00251883 lh               x17, 2(x10)         x17=00000021 x10:100037a4  PA:100037a6
27283112ns          481580 1c009020 030806b3 mul              x13, x16, x16       x13=00006184 x16:0000009e x16:0000009e
27283151ns          481582 1c009024 03188633 mul              x12, x17, x17       x12=00000441 x17:00000021 x17:00000021
27283171ns          481583 1c009028 40a65613 srai             x12, x12, 0x40a     x12=00000001 x12:00000441
27283191ns          481584 1c00902a 40a6d693 srai             x13, x13, 0x40a     x13=00000018 x13:00006184
27283211ns          481585 1c00902c 00c686b3 add              x13, x13, x12       x13=00000019 x13:00000018 x12:00000001
27283231ns          481586 1c00902e 1006c633 p.exths          x12, x13, x0        x12=00000019 x13:00000019
27283251ns          481587 1c009032 00855703 lhu              x14, 8(x10)         x14=0000ffd1 x10:100037a4  PA:100037ac
27283271ns          481588 1c009036 00a55683 lhu              x13, 10(x10)        x13=0000ff6a x10:100037a4  PA:100037ae
27283291ns          481589 1c00903a 02c60333 mul              x6, x12, x12         x6=00000271 x12:00000019 x12:00000019
27283311ns          481590 1c00903e 00c55783 lhu              x15, 12(x10)        x15=0000ffe5 x10:100037a4  PA:100037b0
27283330ns          481591 1c009042 00e55583 lhu              x11, 14(x10)        x11=00000060 x10:100037a4  PA:100037b2
27283350ns          481592 1c009046 dea30333 p.extract        x6, x6, 15, 10       x6=00000000  x6:00000271
27283370ns          481593 1c00904a 80c7075b p.muls           x14, x14, x12       x14=fffffb69 x14:0000ffd1 x12:00000019
27283410ns          481595 1c00904e 80c686db p.muls           x13, x13, x12       x13=fffff15a x13:0000ff6a x12:00000019
27283450ns          481597 1c009052 00455e83 lhu              x29, 4(x10)         x29=00000427 x10:100037a4  PA:100037a8
27283470ns          481598 1c009056 00655e03 lhu              x28, 6(x10)         x28=0000007f x10:100037a4  PA:100037aa
27283490ns          481599 1c00905a 40a75713 srai             x14, x14, 0x40a     x14=fffffffe x14:fffffb69
27283509ns          481600 1c00905c 806787db p.muls           x15, x15, x6        x15=00000000 x15:0000ffe5  x6:00000000
27283529ns          481601 1c009060 40a6d693 srai             x13, x13, 0x40a     x13=fffffffc x13:fffff15a
27283549ns          481602 1c009062 8065865b p.muls           x12, x11, x6        x12=00000000 x11:00000060  x6:00000000
27283569ns          481603 1c009066 40a7d793 srai             x15, x15, 0x40a     x15=00000000 x15:00000000
27283589ns          481604 1c009068 40a65613 srai             x12, x12, 0x40a     x12=00000000 x12:00000000
27283609ns          481605 1c00906a 01d70733 add              x14, x14, x29       x14=00000425 x14:fffffffe x29:00000427
27283629ns          481606 1c00906c 01c686b3 add              x13, x13, x28       x13=0000007b x13:fffffffc x28:0000007f
27283649ns          481607 1c00906e 00c686b3 add              x13, x13, x12       x13=0000007b x13:0000007b x12:00000000
27283669ns          481608 1c009070 00f70733 add              x14, x14, x15       x14=00000425 x14:00000425 x15:00000000
27283688ns          481609 1c009072 100747b3 p.exths          x15, x14, x0        x15=00000425 x14:00000425
27283708ns          481610 1c009076 1006c733 p.exths          x14, x13, x0        x14=0000007b x13:0000007b
27283728ns          481611 1c00907a 03170633 mul              x12, x14, x17       x12=00000fdb x14:0000007b x17:00000021
27283748ns          481612 1c00907e 030786b3 mul              x13, x15, x16       x13=00028ed6 x15:00000425 x16:0000009e
27283768ns          481613 1c009082 03070733 mul              x14, x14, x16       x14=00004bea x14:0000007b x16:0000009e
27283788ns          481614 1c009086 031787b3 mul              x15, x15, x17       x15=000088c5 x15:00000425 x17:00000021
27283808ns          481615 1c00908a 40a6d693 srai             x13, x13, 0x40a     x13=000000a3 x13:00028ed6
27283828ns          481616 1c00908c 40a65613 srai             x12, x12, 0x40a     x12=00000003 x12:00000fdb
27283848ns          481617 1c00908e 40a7d793 srai             x15, x15, 0x40a     x15=00000022 x15:000088c5
27283867ns          481618 1c009090 40a75713 srai             x14, x14, 0x40a     x14=00000012 x14:00004bea
27283887ns          481619 1c009092 40c686b3 sub              x13, x13, x12       x13=000000a0 x13:000000a3 x12:00000003
27283907ns          481620 1c009094 00e787b3 add              x15, x15, x14       x15=00000034 x15:00000022 x14:00000012
27283927ns          481621 1c009096 00d51823 sh               x13, 16(x10)        x13:000000a0 x10:100037a4  PA:100037b4
27283947ns          481622 1c00909a 00f51923 sh               x15, 18(x10)        x15:00000034 x10:100037a4  PA:100037b6
27283967ns          481623 1c00909e 00008067 jalr             x0, x1, 0            x1:1c0093e8
27284007ns          481625 1c0093e8 2dc15583 lhu              x11, 732(x2)        x11=000000a0  x2:100034d8  PA:100037b4
27284027ns          481626 1c0093ec 2de15783 lhu              x15, 734(x2)        x15=00000034  x2:100034d8  PA:100037b6
27284046ns          481627 1c0093f0 40b90933 sub              x18, x18, x11       x18=00000007 x18:000000a7 x11:000000a0
27284066ns          481628 1c0093f4 40f484b3 sub              x9, x9, x15          x9=ffffffec  x9:00000020 x15:00000034
27284086ns          481629 1c0093f6 100945b3 p.exths          x11, x18, x0        x11=00000007 x18:00000007
27284106ns          481630 1c0093fa 1004c7b3 p.exths          x15, x9, x0         x15=ffffffec  x9:ffffffec
27284126ns          481631 1c0093fe 034586b3 mul              x13, x11, x20       x13=00000452 x11:00000007 x20:0000009e
27284146ns          481632 1c009402 03378533 mul              x10, x15, x19       x10=fffffd6c x15:ffffffec x19:00000021
27284166ns          481633 1c009406 034a0633 mul              x12, x20, x20       x12=00006184 x20:0000009e x20:0000009e
27284186ns          481634 1c00940a 03398733 mul              x14, x19, x19       x14=00000441 x19:00000021 x19:00000021
27284206ns          481635 1c00940e 034787b3 mul              x15, x15, x20       x15=fffff3a8 x15:ffffffec x20:0000009e
27284225ns          481636 1c009412 033585b3 mul              x11, x11, x19       x11=000000e7 x11:00000007 x19:00000021
27284245ns          481637 1c009416 40a75713 srai             x14, x14, 0x40a     x14=00000001 x14:00000441
27284265ns          481638 1c009418 40a5d593 srai             x11, x11, 0x40a     x11=00000000 x11:000000e7
27284285ns          481639 1c00941a 40a65613 srai             x12, x12, 0x40a     x12=00000018 x12:00006184
27284305ns          481640 1c00941c 40a7d793 srai             x15, x15, 0x40a     x15=fffffffc x15:fffff3a8
27284325ns          481641 1c00941e 1c0034b7 lui              x9, 0x1c003000       x9=1c003000
27284345ns          481642 1c009422 00e60633 add              x12, x12, x14       x12=00000019 x12:00000018 x14:00000001
27284365ns          481643 1c009424 40b787b3 sub              x15, x15, x11       x15=fffffffc x15:fffffffc x11:00000000
27284384ns          481644 1c009426 eb048493 addi             x9, x9, -336         x9=1c002eb0  x9:1c003000
27284404ns          481645 1c00942a 1c0032b7 lui              x5, 0x1c003000       x5=1c003000
27284424ns          481646 1c00942e 1c0035b7 lui              x11, 0x1c003000     x11=1c003000
27284444ns          481647 1c009432 018483b3 add              x7, x9, x24          x7=1c002ebc  x9:1c002eb0 x24:0000000c
27284464ns          481648 1c009436 02812e83 lw               x29, 40(x2)         x29=1c002ecc  x2:100034d8  PA:10003500
27284484ns          481649 1c009438 10065633 p.exthz          x12, x12, x0        x12=00000019 x12:00000019
27284504ns          481650 1c00943c e8028293 addi             x5, x5, -384         x5=1c002e80  x5:1c003000
27284524ns          481651 1c009440 ea058593 addi             x11, x11, -352      x11=1c002ea0 x11:1c003000
27284563ns          481653 1c009444 03812483 lw               x9, 56(x2)           x9=1c002eec  x2:100034d8  PA:10003510
27284583ns          481654 1c009446 10064733 p.exths          x14, x12, x0        x14=00000019 x12:00000019
27284603ns          481655 1c00944a 018280b3 add              x1, x5, x24          x1=1c002e8c  x5:1c002e80 x24:0000000c
27284623ns          481656 1c00944e 03012f03 lw               x30, 48(x2)         x30=1c002edc  x2:100034d8  PA:10003508
27284643ns          481657 1c009450 018582b3 add              x5, x11, x24         x5=1c002eac x11:1c002ea0 x24:0000000c
27284663ns          481658 1c009454 04012583 lw               x11, 64(x2)         x11=1c002efc  x2:100034d8  PA:10003518
27284683ns          481659 1c009456 000edd83 lhu              x27, 0(x29)         x27=000019f8 x29:1c002ecc  PA:1c002ecc
27284981ns          481674 1c00945a 0004d483 lhu              x9, 0(x9)            x9=00000276  x9:1c002eec  PA:1c002eec
27285299ns          481690 1c00945e 02e70333 mul              x6, x14, x14         x6=00000271 x14:00000019 x14:00000019
27285319ns          481691 1c009462 40a55513 srai             x10, x10, 0x40a     x10=ffffffff x10:fffffd6c
27285339ns          481692 1c009464 04812e83 lw               x29, 72(x2)         x29=1c002f0c  x2:100034d8  PA:10003520
27285359ns          481693 1c009466 40a6d693 srai             x13, x13, 0x40a     x13=00000001 x13:00000452
27285379ns          481694 1c009468 000f5d03 lhu              x26, 0(x30)         x26=000006bc x30:1c002edc  PA:1c002edc
27285677ns          481709 1c00946c 0005d583 lhu              x11, 0(x11)         x11=0000011c x11:1c002efc  PA:1c002efc
27285995ns          481725 1c009470 40a35313 srai             x6, x6, 0x40a        x6=00000000  x6:00000271
27286015ns          481726 1c009474 00a686b3 add              x13, x13, x10       x13=00000000 x13:00000001 x10:ffffffff
27286035ns          481727 1c009476 05012f03 lw               x30, 80(x2)         x30=1c002e7c  x2:100034d8  PA:10003528
27286055ns          481728 1c009478 10034e33 p.exths          x28, x6, x0         x28=00000000  x6:00000000
27286075ns          481729 1c00947c 06911023 sh               x9, 96(x2)           x9:00000276  x2:100034d8  PA:10003538
27286095ns          481730 1c009480 000ede83 lhu              x29, 0(x29)         x29=00000092 x29:1c002f0c  PA:1c002f0c
27286433ns          481747 1c009484 05812483 lw               x9, 88(x2)           x9=1c002e6c  x2:100034d8  PA:10003530
27286453ns          481748 1c009486 1006d6b3 p.exthz          x13, x13, x0        x13=00000000 x13:00000000
27286473ns          481749 1c00948a 02ee08b3 mul              x17, x28, x14       x17=00000000 x28:00000000 x14:00000019
27286493ns          481750 1c00948e 1006c833 p.exths          x16, x13, x0        x16=00000000 x13:00000000
27286513ns          481751 1c009492 06b11823 sh               x11, 112(x2)        x11:0000011c  x2:100034d8  PA:10003548
27286532ns          481752 1c009496 000f5f03 lhu              x30, 0(x30)         x30=0000fed7 x30:1c002e7c  PA:1c002e7c
27286831ns          481767 1c00949a 0a012583 lw               x11, 160(x2)        x11=1c002e9c  x2:100034d8  PA:10003578
27286851ns          481768 1c00949c 1007d7b3 p.exthz          x15, x15, x0        x15=0000fffc x15:fffffffc
27286870ns          481769 1c0094a0 0004da03 lhu              x20, 0(x9)          x20=0000f9f6  x9:1c002e6c  PA:1c002e6c
27287189ns          481785 1c0094a4 1007c533 p.exths          x10, x15, x0        x10=fffffffc x15:0000fffc
27287209ns          481786 1c0094a8 09d11023 sh               x29, 128(x2)        x29:00000092  x2:100034d8  PA:10003558
27287228ns          481787 1c0094ac 0003d483 lhu              x9, 0(x7)            x9=0000ffc1  x7:1c002ebc  PA:1c002ebc
27287547ns          481803 1c0094b0 02e80eb3 mul              x29, x16, x14       x29=00000000 x16:00000000 x14:00000019
27287567ns          481804 1c0094b4 40a8d893 srai             x17, x17, 0x40a     x17=00000000 x17:00000000
27287586ns          481805 1c0094b8 03c80833 mul              x16, x16, x28       x16=00000000 x16:00000000 x28:00000000
27287606ns          481806 1c0094bc 09e11823 sh               x30, 144(x2)        x30:0000fed7  x2:100034d8  PA:10003568
27287626ns          481807 1c0094c0 0005d983 lhu              x19, 0(x11)         x19=0000ff8b x11:1c002e9c  PA:1c002e9c
27287944ns          481823 1c0094c4 81c88f5b p.muls           x30, x17, x28       x30=00000000 x17:00000000 x28:00000000
27287964ns          481824 1c0094c8 0002d583 lhu              x11, 0(x5)          x11=0000ff38  x5:1c002eac  PA:1c002eac
27288283ns          481840 1c0094cc 03ce0fb3 mul              x31, x28, x28       x31=00000000 x28:00000000 x28:00000000
27288302ns          481841 1c0094d0 02e50733 mul              x14, x10, x14       x14=ffffff9c x10:fffffffc x14:00000019
27288322ns          481842 1c0094d4 40a85813 srai             x16, x16, 0x40a     x16=00000000 x16:00000000
27288342ns          481843 1c0094d8 03c50533 mul              x10, x10, x28       x10=00000000 x10:fffffffc x28:00000000
27288362ns          481844 1c0094dc 07015e03 lhu              x28, 112(x2)        x28=0000011c  x2:100034d8  PA:10003548
27288422ns          481847 1c0094e0 01b60633 add              x12, x12, x27       x12=00001a11 x12:00000019 x27:000019f8
27288442ns          481848 1c0094e2 00980833 add              x16, x16, x9        x16=0000ffc1 x16:00000000  x9:0000ffc1
27288462ns          481849 1c0094e4 06015d83 lhu              x27, 96(x2)         x27=00000276  x2:100034d8  PA:10003538
27288481ns          481850 1c0094e8 02812483 lw               x9, 40(x2)           x9=1c002ecc  x2:100034d8  PA:10003500
27288501ns          481851 1c0094ea 40afdf93 srai             x31, x31, 0x40a     x31=00000000 x31:00000000
27288521ns          481852 1c0094ee 40a55513 srai             x10, x10, 0x40a     x10=00000000 x10:00000000
27288541ns          481853 1c0094f0 01cf8fb3 add              x31, x31, x28       x31=0000011c x31:00000000 x28:0000011c
27288561ns          481854 1c0094f2 00b50533 add              x10, x10, x11       x10=0000ff38 x10:00000000 x11:0000ff38
27288581ns          481855 1c0094f4 09015e03 lhu              x28, 144(x2)        x28=0000fed7  x2:100034d8  PA:10003568
27288601ns          481856 1c0094f8 03012583 lw               x11, 48(x2)         x11=1c002edc  x2:100034d8  PA:10003508
27288621ns          481857 1c0094fa 00c49023 sh               x12, 0(x9)          x12:00001a11  x9:1c002ecc  PA:1c002ecc
27288979ns          481875 1c0094fe 01b888b3 add              x17, x17, x27       x17=00000276 x17:00000000 x27:00000276
27288999ns          481876 1c009500 01a30333 add              x6, x6, x26          x6=000006bc  x6:00000000 x26:000006bc
27289018ns          481877 1c009502 08015d83 lhu              x27, 128(x2)        x27=00000092  x2:100034d8  PA:10003558
27289038ns          481878 1c009506 0000d903 lhu              x18, 0(x1)          x18=0000fe2a  x1:1c002e8c  PA:1c002e8c
27289376ns          481895 1c00950a 01c686b3 add              x13, x13, x28       x13=0000fed7 x13:00000000 x28:0000fed7
27289396ns          481896 1c00950c 00659023 sh               x6, 0(x11)           x6:000006bc x11:1c002edc  PA:1c002edc
27289714ns          481912 1c009510 40af5f13 srai             x30, x30, 0x40a     x30=00000000 x30:00000000
27289734ns          481913 1c009514 04812e03 lw               x28, 72(x2)         x28=1c002f0c  x2:100034d8  PA:10003520
27289754ns          481914 1c009516 01bf0f33 add              x30, x30, x27       x30=00000092 x30:00000000 x27:00000092
27289774ns          481915 1c009518 40aede93 srai             x29, x29, 0x40a     x29=00000000 x29:00000000
27289794ns          481916 1c00951c 40a75713 srai             x14, x14, 0x40a     x14=ffffffff x14:ffffff9c
27289814ns          481917 1c00951e 03812603 lw               x12, 56(x2)         x12=1c002eec  x2:100034d8  PA:10003510
27289834ns          481918 1c009520 04012d83 lw               x27, 64(x2)         x27=1c002efc  x2:100034d8  PA:10003518
27289854ns          481919 1c009522 01ee1023 sh               x30, 0(x28)         x30:00000092 x28:1c002f0c  PA:1c002f0c
27290192ns          481936 1c009526 05812483 lw               x9, 88(x2)           x9=1c002e6c  x2:100034d8  PA:10003530
27290212ns          481937 1c009528 05012f03 lw               x30, 80(x2)         x30=1c002e7c  x2:100034d8  PA:10003528
27290232ns          481938 1c00952a 0a012583 lw               x11, 160(x2)        x11=1c002e9c  x2:100034d8  PA:10003578
27290251ns          481939 1c00952c 014787b3 add              x15, x15, x20       x15=0001f9f2 x15:0000fffc x20:0000f9f6
27290271ns          481940 1c00952e 013e8eb3 add              x29, x29, x19       x29=0000ff8b x29:00000000 x19:0000ff8b
27290291ns          481941 1c009530 01270733 add              x14, x14, x18       x14=0000fe29 x14:ffffffff x18:0000fe2a
27290311ns          481942 1c009532 00f49023 sh               x15, 0(x9)          x15:0001f9f2  x9:1c002e6c  PA:1c002e6c
27290649ns          481959 1c009536 01161023 sh               x17, 0(x12)         x17:00000276 x12:1c002eec  PA:1c002eec
27290967ns          481975 1c00953a 01fd9023 sh               x31, 0(x27)         x31:0000011c x27:1c002efc  PA:1c002efc
27291325ns          481993 1c00953e 00df1023 sh               x13, 0(x30)         x13:0000fed7 x30:1c002e7c  PA:1c002e7c
27291664ns          482010 1c009542 01d59023 sh               x29, 0(x11)         x29:0000ff8b x11:1c002e9c  PA:1c002e9c
27291982ns          482026 1c009546 00e09023 sh               x14, 0(x1)          x14:0000fe29  x1:1c002e8c  PA:1c002e8c
27292320ns          482043 1c00954a 01039023 sh               x16, 0(x7)          x16:0000ffc1  x7:1c002ebc  PA:1c002ebc
27292658ns          482060 1c00954e 00a29023 sh               x10, 0(x5)          x10:0000ff38  x5:1c002eac  PA:1c002eac
27292976ns          482076 1c009552 008b0b13 addi             x22, x22, 8         x22=0000018e x22:00000186
27292996ns          482077 1c009554 1f300793 addi             x15, x0, 499        x15=000001f3
27293016ns          482078 1c009558 e767dae3 bge              x15, x22, -396      x15:000001f3 x22:0000018e
27293115ns          482083 1c0093cc 010c9a0b p.lh             x20, 16(x25!)       x20=ffffff86 x25=1c0029b4 x25:1c0029a4  PA:1c0029a4
27293414ns          482098 1c0093d0 0104198b p.lh             x19, 16(x8!)        x19=ffffff87  x8=1c00217c  x8:1c00216c  PA:1c00216c
27293712ns          482113 1c0093d4 2cc10513 addi             x10, x2, 716        x10=100037a4  x2:100034d8
27293732ns          482114 1c0093d6 010a990b p.lh             x18, 16(x21!)       x18=ffffff7e x21=1c0019a8 x21:1c001998  PA:1c001998
27294030ns          482129 1c0093da 010b948b p.lh             x9, 16(x23!)         x9=ffffff89 x23=1c0011d8 x23:1c0011c8  PA:1c0011c8
27294328ns          482144 1c0093de 2d411623 sh               x20, 716(x2)        x20:ffffff86  x2:100034d8  PA:100037a4
27294348ns          482145 1c0093e2 2d311723 sh               x19, 718(x2)        x19:ffffff87  x2:100034d8  PA:100037a6
27294368ns          482146 1c0093e6 c33ff0ef jal              x1, -974             x1=1c0093e8
27294408ns          482148 1c009018 00051803 lh               x16, 0(x10)         x16=ffffff86 x10:100037a4  PA:100037a4
27294428ns          482149 1c00901c 00251883 lh               x17, 2(x10)         x17=ffffff87 x10:100037a4  PA:100037a6
27294448ns          482150 1c009020 030806b3 mul              x13, x16, x16       x13=00003a24 x16:ffffff86 x16:ffffff86
27294468ns          482151 1c009024 03188633 mul              x12, x17, x17       x12=00003931 x17:ffffff87 x17:ffffff87
27294488ns          482152 1c009028 40a65613 srai             x12, x12, 0x40a     x12=0000000e x12:00003931
27294507ns          482153 1c00902a 40a6d693 srai             x13, x13, 0x40a     x13=0000000e x13:00003a24
27294527ns          482154 1c00902c 00c686b3 add              x13, x13, x12       x13=0000001c x13:0000000e x12:0000000e
27294547ns          482155 1c00902e 1006c633 p.exths          x12, x13, x0        x12=0000001c x13:0000001c
27294567ns          482156 1c009032 00855703 lhu              x14, 8(x10)         x14=0000ffd1 x10:100037a4  PA:100037ac
27294587ns          482157 1c009036 00a55683 lhu              x13, 10(x10)        x13=0000ff6a x10:100037a4  PA:100037ae
27294607ns          482158 1c00903a 02c60333 mul              x6, x12, x12         x6=00000310 x12:0000001c x12:0000001c
27294627ns          482159 1c00903e 00c55783 lhu              x15, 12(x10)        x15=0000ffe5 x10:100037a4  PA:100037b0
27294647ns          482160 1c009042 00e55583 lhu              x11, 14(x10)        x11=00000060 x10:100037a4  PA:100037b2
27294667ns          482161 1c009046 dea30333 p.extract        x6, x6, 15, 10       x6=00000000  x6:00000310
27294686ns          482162 1c00904a 80c7075b p.muls           x14, x14, x12       x14=fffffadc x14:0000ffd1 x12:0000001c
27294706ns          482163 1c00904e 80c686db p.muls           x13, x13, x12       x13=ffffef98 x13:0000ff6a x12:0000001c
27294726ns          482164 1c009052 00455e83 lhu              x29, 4(x10)         x29=00000427 x10:100037a4  PA:100037a8
27294746ns          482165 1c009056 00655e03 lhu              x28, 6(x10)         x28=0000007f x10:100037a4  PA:100037aa
27294766ns          482166 1c00905a 40a75713 srai             x14, x14, 0x40a     x14=fffffffe x14:fffffadc
27294786ns          482167 1c00905c 806787db p.muls           x15, x15, x6        x15=00000000 x15:0000ffe5  x6:00000000
27294806ns          482168 1c009060 40a6d693 srai             x13, x13, 0x40a     x13=fffffffb x13:ffffef98
27294826ns          482169 1c009062 8065865b p.muls           x12, x11, x6        x12=00000000 x11:00000060  x6:00000000
27294846ns          482170 1c009066 40a7d793 srai             x15, x15, 0x40a     x15=00000000 x15:00000000
27294865ns          482171 1c009068 40a65613 srai             x12, x12, 0x40a     x12=00000000 x12:00000000
27294885ns          482172 1c00906a 01d70733 add              x14, x14, x29       x14=00000425 x14:fffffffe x29:00000427
27294905ns          482173 1c00906c 01c686b3 add              x13, x13, x28       x13=0000007a x13:fffffffb x28:0000007f
27294925ns          482174 1c00906e 00c686b3 add              x13, x13, x12       x13=0000007a x13:0000007a x12:00000000
27294945ns          482175 1c009070 00f70733 add              x14, x14, x15       x14=00000425 x14:00000425 x15:00000000
27294965ns          482176 1c009072 100747b3 p.exths          x15, x14, x0        x15=00000425 x14:00000425
27294985ns          482177 1c009076 1006c733 p.exths          x14, x13, x0        x14=0000007a x13:0000007a
27295005ns          482178 1c00907a 03170633 mul              x12, x14, x17       x12=ffffc656 x14:0000007a x17:ffffff87
27295025ns          482179 1c00907e 030786b3 mul              x13, x15, x16       x13=fffe065e x15:00000425 x16:ffffff86
27295044ns          482180 1c009082 03070733 mul              x14, x14, x16       x14=ffffc5dc x14:0000007a x16:ffffff86
27295064ns          482181 1c009086 031787b3 mul              x15, x15, x17       x15=fffe0a83 x15:00000425 x17:ffffff87
27295084ns          482182 1c00908a 40a6d693 srai             x13, x13, 0x40a     x13=ffffff81 x13:fffe065e
27295104ns          482183 1c00908c 40a65613 srai             x12, x12, 0x40a     x12=fffffff1 x12:ffffc656
27295124ns          482184 1c00908e 40a7d793 srai             x15, x15, 0x40a     x15=ffffff82 x15:fffe0a83
27295144ns          482185 1c009090 40a75713 srai             x14, x14, 0x40a     x14=fffffff1 x14:ffffc5dc
27295164ns          482186 1c009092 40c686b3 sub              x13, x13, x12       x13=ffffff90 x13:ffffff81 x12:fffffff1
27295184ns          482187 1c009094 00e787b3 add              x15, x15, x14       x15=ffffff73 x15:ffffff82 x14:fffffff1
27295204ns          482188 1c009096 00d51823 sh               x13, 16(x10)        x13:ffffff90 x10:100037a4  PA:100037b4
27295223ns          482189 1c00909a 00f51923 sh               x15, 18(x10)        x15:ffffff73 x10:100037a4  PA:100037b6
27295243ns          482190 1c00909e 00008067 jalr             x0, x1, 0            x1:1c0093e8
27295323ns          482194 1c0093e8 2dc15583 lhu              x11, 732(x2)        x11=0000ff90  x2:100034d8  PA:100037b4
27295343ns          482195 1c0093ec 2de15783 lhu              x15, 734(x2)        x15=0000ff73  x2:100034d8  PA:100037b6
27295363ns          482196 1c0093f0 40b90933 sub              x18, x18, x11       x18=fffeffee x18:ffffff7e x11:0000ff90
27295383ns          482197 1c0093f4 40f484b3 sub              x9, x9, x15          x9=ffff0016  x9:ffffff89 x15:0000ff73
27295402ns          482198 1c0093f6 100945b3 p.exths          x11, x18, x0        x11=ffffffee x18:fffeffee
27295422ns          482199 1c0093fa 1004c7b3 p.exths          x15, x9, x0         x15=00000016  x9:ffff0016
27295442ns          482200 1c0093fe 034586b3 mul              x13, x11, x20       x13=00000894 x11:ffffffee x20:ffffff86
27295462ns          482201 1c009402 03378533 mul              x10, x15, x19       x10=fffff59a x15:00000016 x19:ffffff87
27295482ns          482202 1c009406 034a0633 mul              x12, x20, x20       x12=00003a24 x20:ffffff86 x20:ffffff86
27295502ns          482203 1c00940a 03398733 mul              x14, x19, x19       x14=00003931 x19:ffffff87 x19:ffffff87
27295562ns          482206 1c00940e 034787b3 mul              x15, x15, x20       x15=fffff584 x15:00000016 x20:ffffff86
27295601ns          482208 1c009412 033585b3 mul              x11, x11, x19       x11=00000882 x11:ffffffee x19:ffffff87
27295621ns          482209 1c009416 40a75713 srai             x14, x14, 0x40a     x14=0000000e x14:00003931
27295641ns          482210 1c009418 40a5d593 srai             x11, x11, 0x40a     x11=00000002 x11:00000882
27295661ns          482211 1c00941a 40a65613 srai             x12, x12, 0x40a     x12=0000000e x12:00003a24
27295681ns          482212 1c00941c 40a7d793 srai             x15, x15, 0x40a     x15=fffffffd x15:fffff584
27295701ns          482213 1c00941e 1c0034b7 lui              x9, 0x1c003000       x9=1c003000
27295721ns          482214 1c009422 00e60633 add              x12, x12, x14       x12=0000001c x12:0000000e x14:0000000e
27295741ns          482215 1c009424 40b787b3 sub              x15, x15, x11       x15=fffffffb x15:fffffffd x11:00000002
27295760ns          482216 1c009426 eb048493 addi             x9, x9, -336         x9=1c002eb0  x9:1c003000
27295780ns          482217 1c00942a 1c0032b7 lui              x5, 0x1c003000       x5=1c003000
27295800ns          482218 1c00942e 1c0035b7 lui              x11, 0x1c003000     x11=1c003000
27295820ns          482219 1c009432 018483b3 add              x7, x9, x24          x7=1c002ebc  x9:1c002eb0 x24:0000000c
27295840ns          482220 1c009436 02812e83 lw               x29, 40(x2)         x29=1c002ecc  x2:100034d8  PA:10003500
27295860ns          482221 1c009438 10065633 p.exthz          x12, x12, x0        x12=0000001c x12:0000001c
27295880ns          482222 1c00943c e8028293 addi             x5, x5, -384         x5=1c002e80  x5:1c003000
27295900ns          482223 1c009440 ea058593 addi             x11, x11, -352      x11=1c002ea0 x11:1c003000
27295920ns          482224 1c009444 03812483 lw               x9, 56(x2)           x9=1c002eec  x2:100034d8  PA:10003510
27295939ns          482225 1c009446 10064733 p.exths          x14, x12, x0        x14=0000001c x12:0000001c
27295959ns          482226 1c00944a 018280b3 add              x1, x5, x24          x1=1c002e8c  x5:1c002e80 x24:0000000c
27295979ns          482227 1c00944e 03012f03 lw               x30, 48(x2)         x30=1c002edc  x2:100034d8  PA:10003508
27295999ns          482228 1c009450 018582b3 add              x5, x11, x24         x5=1c002eac x11:1c002ea0 x24:0000000c
27296019ns          482229 1c009454 04012583 lw               x11, 64(x2)         x11=1c002efc  x2:100034d8  PA:10003518
27296039ns          482230 1c009456 000edd83 lhu              x27, 0(x29)         x27=00001a11 x29:1c002ecc  PA:1c002ecc
27296337ns          482245 1c00945a 0004d483 lhu              x9, 0(x9)            x9=00000276  x9:1c002eec  PA:1c002eec
27296675ns          482262 1c00945e 02e70333 mul              x6, x14, x14         x6=00000310 x14:0000001c x14:0000001c
27296695ns          482263 1c009462 40a55513 srai             x10, x10, 0x40a     x10=fffffffd x10:fffff59a
27296715ns          482264 1c009464 04812e83 lw               x29, 72(x2)         x29=1c002f0c  x2:100034d8  PA:10003520
27296735ns          482265 1c009466 40a6d693 srai             x13, x13, 0x40a     x13=00000002 x13:00000894
27296755ns          482266 1c009468 000f5d03 lhu              x26, 0(x30)         x26=000006bc x30:1c002edc  PA:1c002edc
27297113ns          482284 1c00946c 0005d583 lhu              x11, 0(x11)         x11=0000011c x11:1c002efc  PA:1c002efc
27297411ns          482299 1c009470 40a35313 srai             x6, x6, 0x40a        x6=00000000  x6:00000310
27297431ns          482300 1c009474 00a686b3 add              x13, x13, x10       x13=ffffffff x13:00000002 x10:fffffffd
27297451ns          482301 1c009476 05012f03 lw               x30, 80(x2)         x30=1c002e7c  x2:100034d8  PA:10003528
27297471ns          482302 1c009478 10034e33 p.exths          x28, x6, x0         x28=00000000  x6:00000000
27297491ns          482303 1c00947c 06911023 sh               x9, 96(x2)           x9:00000276  x2:100034d8  PA:10003538
27297511ns          482304 1c009480 000ede83 lhu              x29, 0(x29)         x29=00000092 x29:1c002f0c  PA:1c002f0c
27297829ns          482320 1c009484 05812483 lw               x9, 88(x2)           x9=1c002e6c  x2:100034d8  PA:10003530
27297849ns          482321 1c009486 1006d6b3 p.exthz          x13, x13, x0        x13=0000ffff x13:ffffffff
27297869ns          482322 1c00948a 02ee08b3 mul              x17, x28, x14       x17=00000000 x28:00000000 x14:0000001c
27297888ns          482323 1c00948e 1006c833 p.exths          x16, x13, x0        x16=ffffffff x13:0000ffff
27297908ns          482324 1c009492 06b11823 sh               x11, 112(x2)        x11:0000011c  x2:100034d8  PA:10003548
27297928ns          482325 1c009496 000f5f03 lhu              x30, 0(x30)         x30=0000fed7 x30:1c002e7c  PA:1c002e7c
27298246ns          482341 1c00949a 0a012583 lw               x11, 160(x2)        x11=1c002e9c  x2:100034d8  PA:10003578
27298266ns          482342 1c00949c 1007d7b3 p.exthz          x15, x15, x0        x15=0000fffb x15:fffffffb
27298286ns          482343 1c0094a0 0004da03 lhu              x20, 0(x9)          x20=0000f9f2  x9:1c002e6c  PA:1c002e6c
27298604ns          482359 1c0094a4 1007c533 p.exths          x10, x15, x0        x10=fffffffb x15:0000fffb
27298624ns          482360 1c0094a8 09d11023 sh               x29, 128(x2)        x29:00000092  x2:100034d8  PA:10003558
27298644ns          482361 1c0094ac 0003d483 lhu              x9, 0(x7)            x9=0000ffc1  x7:1c002ebc  PA:1c002ebc
27298982ns          482378 1c0094b0 02e80eb3 mul              x29, x16, x14       x29=ffffffe4 x16:ffffffff x14:0000001c
27299002ns          482379 1c0094b4 40a8d893 srai             x17, x17, 0x40a     x17=00000000 x17:00000000
27299022ns          482380 1c0094b8 03c80833 mul              x16, x16, x28       x16=00000000 x16:ffffffff x28:00000000
27299042ns          482381 1c0094bc 09e11823 sh               x30, 144(x2)        x30:0000fed7  x2:100034d8  PA:10003568
27299062ns          482382 1c0094c0 0005d983 lhu              x19, 0(x11)         x19=0000ff8b x11:1c002e9c  PA:1c002e9c
27299360ns          482397 1c0094c4 81c88f5b p.muls           x30, x17, x28       x30=00000000 x17:00000000 x28:00000000
27299380ns          482398 1c0094c8 0002d583 lhu              x11, 0(x5)          x11=0000ff38  x5:1c002eac  PA:1c002eac
27299698ns          482414 1c0094cc 03ce0fb3 mul              x31, x28, x28       x31=00000000 x28:00000000 x28:00000000
27299718ns          482415 1c0094d0 02e50733 mul              x14, x10, x14       x14=ffffff74 x10:fffffffb x14:0000001c
27299738ns          482416 1c0094d4 40a85813 srai             x16, x16, 0x40a     x16=00000000 x16:00000000
27299758ns          482417 1c0094d8 03c50533 mul              x10, x10, x28       x10=00000000 x10:fffffffb x28:00000000
27299778ns          482418 1c0094dc 07015e03 lhu              x28, 112(x2)        x28=0000011c  x2:100034d8  PA:10003548
27299818ns          482420 1c0094e0 01b60633 add              x12, x12, x27       x12=00001a2d x12:0000001c x27:00001a11
27299837ns          482421 1c0094e2 00980833 add              x16, x16, x9        x16=0000ffc1 x16:00000000  x9:0000ffc1
27299857ns          482422 1c0094e4 06015d83 lhu              x27, 96(x2)         x27=00000276  x2:100034d8  PA:10003538
27299877ns          482423 1c0094e8 02812483 lw               x9, 40(x2)           x9=1c002ecc  x2:100034d8  PA:10003500
27299897ns          482424 1c0094ea 40afdf93 srai             x31, x31, 0x40a     x31=00000000 x31:00000000
27299917ns          482425 1c0094ee 40a55513 srai             x10, x10, 0x40a     x10=00000000 x10:00000000
27299937ns          482426 1c0094f0 01cf8fb3 add              x31, x31, x28       x31=0000011c x31:00000000 x28:0000011c
27299957ns          482427 1c0094f2 00b50533 add              x10, x10, x11       x10=0000ff38 x10:00000000 x11:0000ff38
27299977ns          482428 1c0094f4 09015e03 lhu              x28, 144(x2)        x28=0000fed7  x2:100034d8  PA:10003568
27299997ns          482429 1c0094f8 03012583 lw               x11, 48(x2)         x11=1c002edc  x2:100034d8  PA:10003508
27300016ns          482430 1c0094fa 00c49023 sh               x12, 0(x9)          x12:00001a2d  x9:1c002ecc  PA:1c002ecc
27300374ns          482448 1c0094fe 01b888b3 add              x17, x17, x27       x17=00000276 x17:00000000 x27:00000276
27300394ns          482449 1c009500 01a30333 add              x6, x6, x26          x6=000006bc  x6:00000000 x26:000006bc
27300414ns          482450 1c009502 08015d83 lhu              x27, 128(x2)        x27=00000092  x2:100034d8  PA:10003558
27300434ns          482451 1c009506 0000d903 lhu              x18, 0(x1)          x18=0000fe29  x1:1c002e8c  PA:1c002e8c
27300752ns          482467 1c00950a 01c686b3 add              x13, x13, x28       x13=0001fed6 x13:0000ffff x28:0000fed7
27300772ns          482468 1c00950c 00659023 sh               x6, 0(x11)           x6:000006bc x11:1c002edc  PA:1c002edc
27301090ns          482484 1c009510 40af5f13 srai             x30, x30, 0x40a     x30=00000000 x30:00000000
27301110ns          482485 1c009514 04812e03 lw               x28, 72(x2)         x28=1c002f0c  x2:100034d8  PA:10003520
27301130ns          482486 1c009516 01bf0f33 add              x30, x30, x27       x30=00000092 x30:00000000 x27:00000092
27301150ns          482487 1c009518 40aede93 srai             x29, x29, 0x40a     x29=ffffffff x29:ffffffe4
27301170ns          482488 1c00951c 40a75713 srai             x14, x14, 0x40a     x14=ffffffff x14:ffffff74
27301190ns          482489 1c00951e 03812603 lw               x12, 56(x2)         x12=1c002eec  x2:100034d8  PA:10003510
27301210ns          482490 1c009520 04012d83 lw               x27, 64(x2)         x27=1c002efc  x2:100034d8  PA:10003518
27301230ns          482491 1c009522 01ee1023 sh               x30, 0(x28)         x30:00000092 x28:1c002f0c  PA:1c002f0c
27301548ns          482507 1c009526 05812483 lw               x9, 88(x2)           x9=1c002e6c  x2:100034d8  PA:10003530
27301568ns          482508 1c009528 05012f03 lw               x30, 80(x2)         x30=1c002e7c  x2:100034d8  PA:10003528
27301588ns          482509 1c00952a 0a012583 lw               x11, 160(x2)        x11=1c002e9c  x2:100034d8  PA:10003578
27301608ns          482510 1c00952c 014787b3 add              x15, x15, x20       x15=0001f9ed x15:0000fffb x20:0000f9f2
27301627ns          482511 1c00952e 013e8eb3 add              x29, x29, x19       x29=0000ff8a x29:ffffffff x19:0000ff8b
27301647ns          482512 1c009530 01270733 add              x14, x14, x18       x14=0000fe28 x14:ffffffff x18:0000fe29
27301667ns          482513 1c009532 00f49023 sh               x15, 0(x9)          x15:0001f9ed  x9:1c002e6c  PA:1c002e6c
27301985ns          482529 1c009536 01161023 sh               x17, 0(x12)         x17:00000276 x12:1c002eec  PA:1c002eec
27302304ns          482545 1c00953a 01fd9023 sh               x31, 0(x27)         x31:0000011c x27:1c002efc  PA:1c002efc
27302622ns          482561 1c00953e 00df1023 sh               x13, 0(x30)         x13:0001fed6 x30:1c002e7c  PA:1c002e7c
27302940ns          482577 1c009542 01d59023 sh               x29, 0(x11)         x29:0000ff8a x11:1c002e9c  PA:1c002e9c
27303258ns          482593 1c009546 00e09023 sh               x14, 0(x1)          x14:0000fe28  x1:1c002e8c  PA:1c002e8c
27303616ns          482611 1c00954a 01039023 sh               x16, 0(x7)          x16:0000ffc1  x7:1c002ebc  PA:1c002ebc
27303934ns          482627 1c00954e 00a29023 sh               x10, 0(x5)          x10:0000ff38  x5:1c002eac  PA:1c002eac
27304253ns          482643 1c009552 008b0b13 addi             x22, x22, 8         x22=00000196 x22:0000018e
27304272ns          482644 1c009554 1f300793 addi             x15, x0, 499        x15=000001f3
27304292ns          482645 1c009558 e767dae3 bge              x15, x22, -396      x15:000001f3 x22:00000196
27304352ns          482648 1c0093cc 010c9a0b p.lh             x20, 16(x25!)       x20=00000046 x25=1c0029c4 x25:1c0029b4  PA:1c0029b4
27304650ns          482663 1c0093d0 0104198b p.lh             x19, 16(x8!)        x19=0000004d  x8=1c00218c  x8:1c00217c  PA:1c00217c
27304949ns          482678 1c0093d4 2cc10513 addi             x10, x2, 716        x10=100037a4  x2:100034d8
27304969ns          482679 1c0093d6 010a990b p.lh             x18, 16(x21!)       x18=00000056 x21=1c0019b8 x21:1c0019a8  PA:1c0019a8
27305267ns          482694 1c0093da 010b948b p.lh             x9, 16(x23!)         x9=00000056 x23=1c0011e8 x23:1c0011d8  PA:1c0011d8
27305565ns          482709 1c0093de 2d411623 sh               x20, 716(x2)        x20:00000046  x2:100034d8  PA:100037a4
27305585ns          482710 1c0093e2 2d311723 sh               x19, 718(x2)        x19:0000004d  x2:100034d8  PA:100037a6
27305605ns          482711 1c0093e6 c33ff0ef jal              x1, -974             x1=1c0093e8
27305685ns          482715 1c009018 00051803 lh               x16, 0(x10)         x16=00000046 x10:100037a4  PA:100037a4
27305724ns          482717 1c00901c 00251883 lh               x17, 2(x10)         x17=0000004d x10:100037a4  PA:100037a6
27305784ns          482720 1c009020 030806b3 mul              x13, x16, x16       x13=00001324 x16:00000046 x16:00000046
27305824ns          482722 1c009024 03188633 mul              x12, x17, x17       x12=00001729 x17:0000004d x17:0000004d
27305844ns          482723 1c009028 40a65613 srai             x12, x12, 0x40a     x12=00000005 x12:00001729
27305864ns          482724 1c00902a 40a6d693 srai             x13, x13, 0x40a     x13=00000004 x13:00001324
27305883ns          482725 1c00902c 00c686b3 add              x13, x13, x12       x13=00000009 x13:00000004 x12:00000005
27305903ns          482726 1c00902e 1006c633 p.exths          x12, x13, x0        x12=00000009 x13:00000009
27305923ns          482727 1c009032 00855703 lhu              x14, 8(x10)         x14=0000ffd1 x10:100037a4  PA:100037ac
27305943ns          482728 1c009036 00a55683 lhu              x13, 10(x10)        x13=0000ff6a x10:100037a4  PA:100037ae
27305963ns          482729 1c00903a 02c60333 mul              x6, x12, x12         x6=00000051 x12:00000009 x12:00000009
27306003ns          482731 1c00903e 00c55783 lhu              x15, 12(x10)        x15=0000ffe5 x10:100037a4  PA:100037b0
27306043ns          482733 1c009042 00e55583 lhu              x11, 14(x10)        x11=00000060 x10:100037a4  PA:100037b2
27306062ns          482734 1c009046 dea30333 p.extract        x6, x6, 15, 10       x6=00000000  x6:00000051
27306082ns          482735 1c00904a 80c7075b p.muls           x14, x14, x12       x14=fffffe59 x14:0000ffd1 x12:00000009
27306102ns          482736 1c00904e 80c686db p.muls           x13, x13, x12       x13=fffffaba x13:0000ff6a x12:00000009
27306122ns          482737 1c009052 00455e83 lhu              x29, 4(x10)         x29=00000427 x10:100037a4  PA:100037a8
27306142ns          482738 1c009056 00655e03 lhu              x28, 6(x10)         x28=0000007f x10:100037a4  PA:100037aa
27306162ns          482739 1c00905a 40a75713 srai             x14, x14, 0x40a     x14=ffffffff x14:fffffe59
27306182ns          482740 1c00905c 806787db p.muls           x15, x15, x6        x15=00000000 x15:0000ffe5  x6:00000000
27306222ns          482742 1c009060 40a6d693 srai             x13, x13, 0x40a     x13=fffffffe x13:fffffaba
27306261ns          482744 1c009062 8065865b p.muls           x12, x11, x6        x12=00000000 x11:00000060  x6:00000000
27306281ns          482745 1c009066 40a7d793 srai             x15, x15, 0x40a     x15=00000000 x15:00000000
27306301ns          482746 1c009068 40a65613 srai             x12, x12, 0x40a     x12=00000000 x12:00000000
27306321ns          482747 1c00906a 01d70733 add              x14, x14, x29       x14=00000426 x14:ffffffff x29:00000427
27306341ns          482748 1c00906c 01c686b3 add              x13, x13, x28       x13=0000007d x13:fffffffe x28:0000007f
27306361ns          482749 1c00906e 00c686b3 add              x13, x13, x12       x13=0000007d x13:0000007d x12:00000000
27306381ns          482750 1c009070 00f70733 add              x14, x14, x15       x14=00000426 x14:00000426 x15:00000000
27306401ns          482751 1c009072 100747b3 p.exths          x15, x14, x0        x15=00000426 x14:00000426
27306420ns          482752 1c009076 1006c733 p.exths          x14, x13, x0        x14=0000007d x13:0000007d
27306440ns          482753 1c00907a 03170633 mul              x12, x14, x17       x12=00002599 x14:0000007d x17:0000004d
27306460ns          482754 1c00907e 030786b3 mul              x13, x15, x16       x13=00012264 x15:00000426 x16:00000046
27306480ns          482755 1c009082 03070733 mul              x14, x14, x16       x14=0000222e x14:0000007d x16:00000046
27306500ns          482756 1c009086 031787b3 mul              x15, x15, x17       x15=00013f6e x15:00000426 x17:0000004d
27306520ns          482757 1c00908a 40a6d693 srai             x13, x13, 0x40a     x13=00000048 x13:00012264
27306540ns          482758 1c00908c 40a65613 srai             x12, x12, 0x40a     x12=00000009 x12:00002599
27306560ns          482759 1c00908e 40a7d793 srai             x15, x15, 0x40a     x15=0000004f x15:00013f6e
27306580ns          482760 1c009090 40a75713 srai             x14, x14, 0x40a     x14=00000008 x14:0000222e
27306599ns          482761 1c009092 40c686b3 sub              x13, x13, x12       x13=0000003f x13:00000048 x12:00000009
27306619ns          482762 1c009094 00e787b3 add              x15, x15, x14       x15=00000057 x15:0000004f x14:00000008
27306639ns          482763 1c009096 00d51823 sh               x13, 16(x10)        x13:0000003f x10:100037a4  PA:100037b4
27306659ns          482764 1c00909a 00f51923 sh               x15, 18(x10)        x15:00000057 x10:100037a4  PA:100037b6
27306679ns          482765 1c00909e 00008067 jalr             x0, x1, 0            x1:1c0093e8
27306798ns          482771 1c0093e8 2dc15583 lhu              x11, 732(x2)        x11=0000003f  x2:100034d8  PA:100037b4
27306838ns          482773 1c0093ec 2de15783 lhu              x15, 734(x2)        x15=00000057  x2:100034d8  PA:100037b6
27306858ns          482774 1c0093f0 40b90933 sub              x18, x18, x11       x18=00000017 x18:00000056 x11:0000003f
27306878ns          482775 1c0093f4 40f484b3 sub              x9, x9, x15          x9=ffffffff  x9:00000056 x15:00000057
27306898ns          482776 1c0093f6 100945b3 p.exths          x11, x18, x0        x11=00000017 x18:00000017
27306918ns          482777 1c0093fa 1004c7b3 p.exths          x15, x9, x0         x15=ffffffff  x9:ffffffff
27306937ns          482778 1c0093fe 034586b3 mul              x13, x11, x20       x13=0000064a x11:00000017 x20:00000046
27306957ns          482779 1c009402 03378533 mul              x10, x15, x19       x10=ffffffb3 x15:ffffffff x19:0000004d
27306977ns          482780 1c009406 034a0633 mul              x12, x20, x20       x12=00001324 x20:00000046 x20:00000046
27306997ns          482781 1c00940a 03398733 mul              x14, x19, x19       x14=00001729 x19:0000004d x19:0000004d
27307057ns          482784 1c00940e 034787b3 mul              x15, x15, x20       x15=ffffffba x15:ffffffff x20:00000046
27307097ns          482786 1c009412 033585b3 mul              x11, x11, x19       x11=000006eb x11:00000017 x19:0000004d
27307116ns          482787 1c009416 40a75713 srai             x14, x14, 0x40a     x14=00000005 x14:00001729
27307136ns          482788 1c009418 40a5d593 srai             x11, x11, 0x40a     x11=00000001 x11:000006eb
27307156ns          482789 1c00941a 40a65613 srai             x12, x12, 0x40a     x12=00000004 x12:00001324
27307176ns          482790 1c00941c 40a7d793 srai             x15, x15, 0x40a     x15=ffffffff x15:ffffffba
27307196ns          482791 1c00941e 1c0034b7 lui              x9, 0x1c003000       x9=1c003000
27307216ns          482792 1c009422 00e60633 add              x12, x12, x14       x12=00000009 x12:00000004 x14:00000005
27307236ns          482793 1c009424 40b787b3 sub              x15, x15, x11       x15=fffffffe x15:ffffffff x11:00000001
27307256ns          482794 1c009426 eb048493 addi             x9, x9, -336         x9=1c002eb0  x9:1c003000
27307276ns          482795 1c00942a 1c0032b7 lui              x5, 0x1c003000       x5=1c003000
27307295ns          482796 1c00942e 1c0035b7 lui              x11, 0x1c003000     x11=1c003000
27307315ns          482797 1c009432 018483b3 add              x7, x9, x24          x7=1c002ebc  x9:1c002eb0 x24:0000000c
27307335ns          482798 1c009436 02812e83 lw               x29, 40(x2)         x29=1c002ecc  x2:100034d8  PA:10003500
27307355ns          482799 1c009438 10065633 p.exthz          x12, x12, x0        x12=00000009 x12:00000009
27307375ns          482800 1c00943c e8028293 addi             x5, x5, -384         x5=1c002e80  x5:1c003000
27307395ns          482801 1c009440 ea058593 addi             x11, x11, -352      x11=1c002ea0 x11:1c003000
27307415ns          482802 1c009444 03812483 lw               x9, 56(x2)           x9=1c002eec  x2:100034d8  PA:10003510
27307435ns          482803 1c009446 10064733 p.exths          x14, x12, x0        x14=00000009 x12:00000009
27307455ns          482804 1c00944a 018280b3 add              x1, x5, x24          x1=1c002e8c  x5:1c002e80 x24:0000000c
27307474ns          482805 1c00944e 03012f03 lw               x30, 48(x2)         x30=1c002edc  x2:100034d8  PA:10003508
27307494ns          482806 1c009450 018582b3 add              x5, x11, x24         x5=1c002eac x11:1c002ea0 x24:0000000c
27307514ns          482807 1c009454 04012583 lw               x11, 64(x2)         x11=1c002efc  x2:100034d8  PA:10003518
27307534ns          482808 1c009456 000edd83 lhu              x27, 0(x29)         x27=00001a2d x29:1c002ecc  PA:1c002ecc
27307832ns          482823 1c00945a 0004d483 lhu              x9, 0(x9)            x9=00000276  x9:1c002eec  PA:1c002eec
27308131ns          482838 1c00945e 02e70333 mul              x6, x14, x14         x6=00000051 x14:00000009 x14:00000009
27308151ns          482839 1c009462 40a55513 srai             x10, x10, 0x40a     x10=ffffffff x10:ffffffb3
27308171ns          482840 1c009464 04812e83 lw               x29, 72(x2)         x29=1c002f0c  x2:100034d8  PA:10003520
27308190ns          482841 1c009466 40a6d693 srai             x13, x13, 0x40a     x13=00000001 x13:0000064a
27308210ns          482842 1c009468 000f5d03 lhu              x26, 0(x30)         x26=000006bc x30:1c002edc  PA:1c002edc
27308509ns          482857 1c00946c 0005d583 lhu              x11, 0(x11)         x11=0000011c x11:1c002efc  PA:1c002efc
27308807ns          482872 1c009470 40a35313 srai             x6, x6, 0x40a        x6=00000000  x6:00000051
27308827ns          482873 1c009474 00a686b3 add              x13, x13, x10       x13=00000000 x13:00000001 x10:ffffffff
27308847ns          482874 1c009476 05012f03 lw               x30, 80(x2)         x30=1c002e7c  x2:100034d8  PA:10003528
27308867ns          482875 1c009478 10034e33 p.exths          x28, x6, x0         x28=00000000  x6:00000000
27308887ns          482876 1c00947c 06911023 sh               x9, 96(x2)           x9:00000276  x2:100034d8  PA:10003538
27308906ns          482877 1c009480 000ede83 lhu              x29, 0(x29)         x29=00000092 x29:1c002f0c  PA:1c002f0c
27309225ns          482893 1c009484 05812483 lw               x9, 88(x2)           x9=1c002e6c  x2:100034d8  PA:10003530
27309244ns          482894 1c009486 1006d6b3 p.exthz          x13, x13, x0        x13=00000000 x13:00000000
27309264ns          482895 1c00948a 02ee08b3 mul              x17, x28, x14       x17=00000000 x28:00000000 x14:00000009
27309284ns          482896 1c00948e 1006c833 p.exths          x16, x13, x0        x16=00000000 x13:00000000
27309304ns          482897 1c009492 06b11823 sh               x11, 112(x2)        x11:0000011c  x2:100034d8  PA:10003548
27309324ns          482898 1c009496 000f5f03 lhu              x30, 0(x30)         x30=0000fed6 x30:1c002e7c  PA:1c002e7c
27309622ns          482913 1c00949a 0a012583 lw               x11, 160(x2)        x11=1c002e9c  x2:100034d8  PA:10003578
27309642ns          482914 1c00949c 1007d7b3 p.exthz          x15, x15, x0        x15=0000fffe x15:fffffffe
27309662ns          482915 1c0094a0 0004da03 lhu              x20, 0(x9)          x20=0000f9ed  x9:1c002e6c  PA:1c002e6c
27309960ns          482930 1c0094a4 1007c533 p.exths          x10, x15, x0        x10=fffffffe x15:0000fffe
27309980ns          482931 1c0094a8 09d11023 sh               x29, 128(x2)        x29:00000092  x2:100034d8  PA:10003558
27310000ns          482932 1c0094ac 0003d483 lhu              x9, 0(x7)            x9=0000ffc1  x7:1c002ebc  PA:1c002ebc
27310299ns          482947 1c0094b0 02e80eb3 mul              x29, x16, x14       x29=00000000 x16:00000000 x14:00000009
27310318ns          482948 1c0094b4 40a8d893 srai             x17, x17, 0x40a     x17=00000000 x17:00000000
27310338ns          482949 1c0094b8 03c80833 mul              x16, x16, x28       x16=00000000 x16:00000000 x28:00000000
27310358ns          482950 1c0094bc 09e11823 sh               x30, 144(x2)        x30:0000fed6  x2:100034d8  PA:10003568
27310378ns          482951 1c0094c0 0005d983 lhu              x19, 0(x11)         x19=0000ff8a x11:1c002e9c  PA:1c002e9c
27310696ns          482967 1c0094c4 81c88f5b p.muls           x30, x17, x28       x30=00000000 x17:00000000 x28:00000000
27310716ns          482968 1c0094c8 0002d583 lhu              x11, 0(x5)          x11=0000ff38  x5:1c002eac  PA:1c002eac
27311034ns          482984 1c0094cc 03ce0fb3 mul              x31, x28, x28       x31=00000000 x28:00000000 x28:00000000
27311054ns          482985 1c0094d0 02e50733 mul              x14, x10, x14       x14=ffffffee x10:fffffffe x14:00000009
27311074ns          482986 1c0094d4 40a85813 srai             x16, x16, 0x40a     x16=00000000 x16:00000000
27311094ns          482987 1c0094d8 03c50533 mul              x10, x10, x28       x10=00000000 x10:fffffffe x28:00000000
27311114ns          482988 1c0094dc 07015e03 lhu              x28, 112(x2)        x28=0000011c  x2:100034d8  PA:10003548
27311134ns          482989 1c0094e0 01b60633 add              x12, x12, x27       x12=00001a36 x12:00000009 x27:00001a2d
27311154ns          482990 1c0094e2 00980833 add              x16, x16, x9        x16=0000ffc1 x16:00000000  x9:0000ffc1
27311174ns          482991 1c0094e4 06015d83 lhu              x27, 96(x2)         x27=00000276  x2:100034d8  PA:10003538
27311194ns          482992 1c0094e8 02812483 lw               x9, 40(x2)           x9=1c002ecc  x2:100034d8  PA:10003500
27311213ns          482993 1c0094ea 40afdf93 srai             x31, x31, 0x40a     x31=00000000 x31:00000000
27311233ns          482994 1c0094ee 40a55513 srai             x10, x10, 0x40a     x10=00000000 x10:00000000
27311253ns          482995 1c0094f0 01cf8fb3 add              x31, x31, x28       x31=0000011c x31:00000000 x28:0000011c
27311273ns          482996 1c0094f2 00b50533 add              x10, x10, x11       x10=0000ff38 x10:00000000 x11:0000ff38
27311293ns          482997 1c0094f4 09015e03 lhu              x28, 144(x2)        x28=0000fed6  x2:100034d8  PA:10003568
27311313ns          482998 1c0094f8 03012583 lw               x11, 48(x2)         x11=1c002edc  x2:100034d8  PA:10003508
27311333ns          482999 1c0094fa 00c49023 sh               x12, 0(x9)          x12:00001a36  x9:1c002ecc  PA:1c002ecc
27311671ns          483016 1c0094fe 01b888b3 add              x17, x17, x27       x17=00000276 x17:00000000 x27:00000276
27311691ns          483017 1c009500 01a30333 add              x6, x6, x26          x6=000006bc  x6:00000000 x26:000006bc
27311711ns          483018 1c009502 08015d83 lhu              x27, 128(x2)        x27=00000092  x2:100034d8  PA:10003558
27311730ns          483019 1c009506 0000d903 lhu              x18, 0(x1)          x18=0000fe28  x1:1c002e8c  PA:1c002e8c
27312029ns          483034 1c00950a 01c686b3 add              x13, x13, x28       x13=0000fed6 x13:00000000 x28:0000fed6
27312049ns          483035 1c00950c 00659023 sh               x6, 0(x11)           x6:000006bc x11:1c002edc  PA:1c002edc
27312387ns          483052 1c009510 40af5f13 srai             x30, x30, 0x40a     x30=00000000 x30:00000000
27312407ns          483053 1c009514 04812e03 lw               x28, 72(x2)         x28=1c002f0c  x2:100034d8  PA:10003520
27312427ns          483054 1c009516 01bf0f33 add              x30, x30, x27       x30=00000092 x30:00000000 x27:00000092
27312446ns          483055 1c009518 40aede93 srai             x29, x29, 0x40a     x29=00000000 x29:00000000
27312466ns          483056 1c00951c 40a75713 srai             x14, x14, 0x40a     x14=ffffffff x14:ffffffee
27312486ns          483057 1c00951e 03812603 lw               x12, 56(x2)         x12=1c002eec  x2:100034d8  PA:10003510
27312506ns          483058 1c009520 04012d83 lw               x27, 64(x2)         x27=1c002efc  x2:100034d8  PA:10003518
27312526ns          483059 1c009522 01ee1023 sh               x30, 0(x28)         x30:00000092 x28:1c002f0c  PA:1c002f0c
27312864ns          483076 1c009526 05812483 lw               x9, 88(x2)           x9=1c002e6c  x2:100034d8  PA:10003530
27312884ns          483077 1c009528 05012f03 lw               x30, 80(x2)         x30=1c002e7c  x2:100034d8  PA:10003528
27312904ns          483078 1c00952a 0a012583 lw               x11, 160(x2)        x11=1c002e9c  x2:100034d8  PA:10003578
27312924ns          483079 1c00952c 014787b3 add              x15, x15, x20       x15=0001f9eb x15:0000fffe x20:0000f9ed
27312944ns          483080 1c00952e 013e8eb3 add              x29, x29, x19       x29=0000ff8a x29:00000000 x19:0000ff8a
27312964ns          483081 1c009530 01270733 add              x14, x14, x18       x14=0000fe27 x14:ffffffff x18:0000fe28
27312983ns          483082 1c009532 00f49023 sh               x15, 0(x9)          x15:0001f9eb  x9:1c002e6c  PA:1c002e6c
27313322ns          483099 1c009536 01161023 sh               x17, 0(x12)         x17:00000276 x12:1c002eec  PA:1c002eec
27313660ns          483116 1c00953a 01fd9023 sh               x31, 0(x27)         x31:0000011c x27:1c002efc  PA:1c002efc
27313978ns          483132 1c00953e 00df1023 sh               x13, 0(x30)         x13:0000fed6 x30:1c002e7c  PA:1c002e7c
27314296ns          483148 1c009542 01d59023 sh               x29, 0(x11)         x29:0000ff8a x11:1c002e9c  PA:1c002e9c
27314614ns          483164 1c009546 00e09023 sh               x14, 0(x1)          x14:0000fe27  x1:1c002e8c  PA:1c002e8c
27314952ns          483181 1c00954a 01039023 sh               x16, 0(x7)          x16:0000ffc1  x7:1c002ebc  PA:1c002ebc
27315271ns          483197 1c00954e 00a29023 sh               x10, 0(x5)          x10:0000ff38  x5:1c002eac  PA:1c002eac
27315589ns          483213 1c009552 008b0b13 addi             x22, x22, 8         x22=0000019e x22:00000196
27315609ns          483214 1c009554 1f300793 addi             x15, x0, 499        x15=000001f3
27315629ns          483215 1c009558 e767dae3 bge              x15, x22, -396      x15:000001f3 x22:0000019e
27315728ns          483220 1c0093cc 010c9a0b p.lh             x20, 16(x25!)       x20=000000dd x25=1c0029d4 x25:1c0029c4  PA:1c0029c4
27316046ns          483236 1c0093d0 0104198b p.lh             x19, 16(x8!)        x19=000000ef  x8=1c00219c  x8:1c00218c  PA:1c00218c
27316384ns          483253 1c0093d4 2cc10513 addi             x10, x2, 716        x10=100037a4  x2:100034d8
27316404ns          483254 1c0093d6 010a990b p.lh             x18, 16(x21!)       x18=000000e1 x21=1c0019c8 x21:1c0019b8  PA:1c0019b8
27316702ns          483269 1c0093da 010b948b p.lh             x9, 16(x23!)         x9=000000e2 x23=1c0011f8 x23:1c0011e8  PA:1c0011e8
27317001ns          483284 1c0093de 2d411623 sh               x20, 716(x2)        x20:000000dd  x2:100034d8  PA:100037a4
27317021ns          483285 1c0093e2 2d311723 sh               x19, 718(x2)        x19:000000ef  x2:100034d8  PA:100037a6
27317041ns          483286 1c0093e6 c33ff0ef jal              x1, -974             x1=1c0093e8
27317080ns          483288 1c009018 00051803 lh               x16, 0(x10)         x16=000000dd x10:100037a4  PA:100037a4
27317100ns          483289 1c00901c 00251883 lh               x17, 2(x10)         x17=000000ef x10:100037a4  PA:100037a6
27317160ns          483292 1c009020 030806b3 mul              x13, x16, x16       x13=0000bec9 x16:000000dd x16:000000dd
27317200ns          483294 1c009024 03188633 mul              x12, x17, x17       x12=0000df21 x17:000000ef x17:000000ef
27317220ns          483295 1c009028 40a65613 srai             x12, x12, 0x40a     x12=00000037 x12:0000df21
27317239ns          483296 1c00902a 40a6d693 srai             x13, x13, 0x40a     x13=0000002f x13:0000bec9
27317259ns          483297 1c00902c 00c686b3 add              x13, x13, x12       x13=00000066 x13:0000002f x12:00000037
27317279ns          483298 1c00902e 1006c633 p.exths          x12, x13, x0        x12=00000066 x13:00000066
27317299ns          483299 1c009032 00855703 lhu              x14, 8(x10)         x14=0000ffd1 x10:100037a4  PA:100037ac
27317319ns          483300 1c009036 00a55683 lhu              x13, 10(x10)        x13=0000ff6a x10:100037a4  PA:100037ae
27317339ns          483301 1c00903a 02c60333 mul              x6, x12, x12         x6=000028a4 x12:00000066 x12:00000066
27317379ns          483303 1c00903e 00c55783 lhu              x15, 12(x10)        x15=0000ffe5 x10:100037a4  PA:100037b0
27317418ns          483305 1c009042 00e55583 lhu              x11, 14(x10)        x11=00000060 x10:100037a4  PA:100037b2
27317438ns          483306 1c009046 dea30333 p.extract        x6, x6, 15, 10       x6=0000000a  x6:000028a4
27317458ns          483307 1c00904a 80c7075b p.muls           x14, x14, x12       x14=ffffed46 x14:0000ffd1 x12:00000066
27317518ns          483310 1c00904e 80c686db p.muls           x13, x13, x12       x13=ffffc43c x13:0000ff6a x12:00000066
27317558ns          483312 1c009052 00455e83 lhu              x29, 4(x10)         x29=00000427 x10:100037a4  PA:100037a8
27317578ns          483313 1c009056 00655e03 lhu              x28, 6(x10)         x28=0000007f x10:100037a4  PA:100037aa
27317597ns          483314 1c00905a 40a75713 srai             x14, x14, 0x40a     x14=fffffffb x14:ffffed46
27317617ns          483315 1c00905c 806787db p.muls           x15, x15, x6        x15=fffffef2 x15:0000ffe5  x6:0000000a
27317657ns          483317 1c009060 40a6d693 srai             x13, x13, 0x40a     x13=fffffff1 x13:ffffc43c
27317697ns          483319 1c009062 8065865b p.muls           x12, x11, x6        x12=000003c0 x11:00000060  x6:0000000a
27317717ns          483320 1c009066 40a7d793 srai             x15, x15, 0x40a     x15=ffffffff x15:fffffef2
27317737ns          483321 1c009068 40a65613 srai             x12, x12, 0x40a     x12=00000000 x12:000003c0
27317757ns          483322 1c00906a 01d70733 add              x14, x14, x29       x14=00000422 x14:fffffffb x29:00000427
27317776ns          483323 1c00906c 01c686b3 add              x13, x13, x28       x13=00000070 x13:fffffff1 x28:0000007f
27317796ns          483324 1c00906e 00c686b3 add              x13, x13, x12       x13=00000070 x13:00000070 x12:00000000
27317816ns          483325 1c009070 00f70733 add              x14, x14, x15       x14=00000421 x14:00000422 x15:ffffffff
27317836ns          483326 1c009072 100747b3 p.exths          x15, x14, x0        x15=00000421 x14:00000421
27317856ns          483327 1c009076 1006c733 p.exths          x14, x13, x0        x14=00000070 x13:00000070
27317876ns          483328 1c00907a 03170633 mul              x12, x14, x17       x12=00006890 x14:00000070 x17:000000ef
27317896ns          483329 1c00907e 030786b3 mul              x13, x15, x16       x13=0003907d x15:00000421 x16:000000dd
27317916ns          483330 1c009082 03070733 mul              x14, x14, x16       x14=000060b0 x14:00000070 x16:000000dd
27317936ns          483331 1c009086 031787b3 mul              x15, x15, x17       x15=0003dacf x15:00000421 x17:000000ef
27317955ns          483332 1c00908a 40a6d693 srai             x13, x13, 0x40a     x13=000000e4 x13:0003907d
27317975ns          483333 1c00908c 40a65613 srai             x12, x12, 0x40a     x12=0000001a x12:00006890
27317995ns          483334 1c00908e 40a7d793 srai             x15, x15, 0x40a     x15=000000f6 x15:0003dacf
27318015ns          483335 1c009090 40a75713 srai             x14, x14, 0x40a     x14=00000018 x14:000060b0
27318035ns          483336 1c009092 40c686b3 sub              x13, x13, x12       x13=000000ca x13:000000e4 x12:0000001a
27318055ns          483337 1c009094 00e787b3 add              x15, x15, x14       x15=0000010e x15:000000f6 x14:00000018
27318075ns          483338 1c009096 00d51823 sh               x13, 16(x10)        x13:000000ca x10:100037a4  PA:100037b4
27318095ns          483339 1c00909a 00f51923 sh               x15, 18(x10)        x15:0000010e x10:100037a4  PA:100037b6
27318115ns          483340 1c00909e 00008067 jalr             x0, x1, 0            x1:1c0093e8
27318234ns          483346 1c0093e8 2dc15583 lhu              x11, 732(x2)        x11=000000ca  x2:100034d8  PA:100037b4
27318274ns          483348 1c0093ec 2de15783 lhu              x15, 734(x2)        x15=0000010e  x2:100034d8  PA:100037b6
27318294ns          483349 1c0093f0 40b90933 sub              x18, x18, x11       x18=00000017 x18:000000e1 x11:000000ca
27318313ns          483350 1c0093f4 40f484b3 sub              x9, x9, x15          x9=ffffffd4  x9:000000e2 x15:0000010e
27318333ns          483351 1c0093f6 100945b3 p.exths          x11, x18, x0        x11=00000017 x18:00000017
27318353ns          483352 1c0093fa 1004c7b3 p.exths          x15, x9, x0         x15=ffffffd4  x9:ffffffd4
27318373ns          483353 1c0093fe 034586b3 mul              x13, x11, x20       x13=000013db x11:00000017 x20:000000dd
27318393ns          483354 1c009402 03378533 mul              x10, x15, x19       x10=ffffd6ec x15:ffffffd4 x19:000000ef
27318413ns          483355 1c009406 034a0633 mul              x12, x20, x20       x12=0000bec9 x20:000000dd x20:000000dd
27318433ns          483356 1c00940a 03398733 mul              x14, x19, x19       x14=0000df21 x19:000000ef x19:000000ef
27318492ns          483359 1c00940e 034787b3 mul              x15, x15, x20       x15=ffffda04 x15:ffffffd4 x20:000000dd
27318532ns          483361 1c009412 033585b3 mul              x11, x11, x19       x11=00001579 x11:00000017 x19:000000ef
27318552ns          483362 1c009416 40a75713 srai             x14, x14, 0x40a     x14=00000037 x14:0000df21
27318572ns          483363 1c009418 40a5d593 srai             x11, x11, 0x40a     x11=00000005 x11:00001579
27318592ns          483364 1c00941a 40a65613 srai             x12, x12, 0x40a     x12=0000002f x12:0000bec9
27318612ns          483365 1c00941c 40a7d793 srai             x15, x15, 0x40a     x15=fffffff6 x15:ffffda04
27318632ns          483366 1c00941e 1c0034b7 lui              x9, 0x1c003000       x9=1c003000
27318652ns          483367 1c009422 00e60633 add              x12, x12, x14       x12=00000066 x12:0000002f x14:00000037
27318671ns          483368 1c009424 40b787b3 sub              x15, x15, x11       x15=fffffff1 x15:fffffff6 x11:00000005
27318691ns          483369 1c009426 eb048493 addi             x9, x9, -336         x9=1c002eb0  x9:1c003000
27318711ns          483370 1c00942a 1c0032b7 lui              x5, 0x1c003000       x5=1c003000
27318731ns          483371 1c00942e 1c0035b7 lui              x11, 0x1c003000     x11=1c003000
27318751ns          483372 1c009432 018483b3 add              x7, x9, x24          x7=1c002ebc  x9:1c002eb0 x24:0000000c
27318771ns          483373 1c009436 02812e83 lw               x29, 40(x2)         x29=1c002ecc  x2:100034d8  PA:10003500
27318791ns          483374 1c009438 10065633 p.exthz          x12, x12, x0        x12=00000066 x12:00000066
27318811ns          483375 1c00943c e8028293 addi             x5, x5, -384         x5=1c002e80  x5:1c003000
27318831ns          483376 1c009440 ea058593 addi             x11, x11, -352      x11=1c002ea0 x11:1c003000
27318850ns          483377 1c009444 03812483 lw               x9, 56(x2)           x9=1c002eec  x2:100034d8  PA:10003510
27318870ns          483378 1c009446 10064733 p.exths          x14, x12, x0        x14=00000066 x12:00000066
27318890ns          483379 1c00944a 018280b3 add              x1, x5, x24          x1=1c002e8c  x5:1c002e80 x24:0000000c
27318910ns          483380 1c00944e 03012f03 lw               x30, 48(x2)         x30=1c002edc  x2:100034d8  PA:10003508
27318930ns          483381 1c009450 018582b3 add              x5, x11, x24         x5=1c002eac x11:1c002ea0 x24:0000000c
27318950ns          483382 1c009454 04012583 lw               x11, 64(x2)         x11=1c002efc  x2:100034d8  PA:10003518
27318970ns          483383 1c009456 000edd83 lhu              x27, 0(x29)         x27=00001a36 x29:1c002ecc  PA:1c002ecc
27319367ns          483403 1c00945a 0004d483 lhu              x9, 0(x9)            x9=00000276  x9:1c002eec  PA:1c002eec
27319706ns          483420 1c00945e 02e70333 mul              x6, x14, x14         x6=000028a4 x14:00000066 x14:00000066
27319725ns          483421 1c009462 40a55513 srai             x10, x10, 0x40a     x10=fffffff5 x10:ffffd6ec
27319745ns          483422 1c009464 04812e83 lw               x29, 72(x2)         x29=1c002f0c  x2:100034d8  PA:10003520
27319765ns          483423 1c009466 40a6d693 srai             x13, x13, 0x40a     x13=00000004 x13:000013db
27319785ns          483424 1c009468 000f5d03 lhu              x26, 0(x30)         x26=000006bc x30:1c002edc  PA:1c002edc
27320083ns          483439 1c00946c 0005d583 lhu              x11, 0(x11)         x11=0000011c x11:1c002efc  PA:1c002efc
27320461ns          483458 1c009470 40a35313 srai             x6, x6, 0x40a        x6=0000000a  x6:000028a4
27320481ns          483459 1c009474 00a686b3 add              x13, x13, x10       x13=fffffff9 x13:00000004 x10:fffffff5
27320501ns          483460 1c009476 05012f03 lw               x30, 80(x2)         x30=1c002e7c  x2:100034d8  PA:10003528
27320521ns          483461 1c009478 10034e33 p.exths          x28, x6, x0         x28=0000000a  x6:0000000a
27320541ns          483462 1c00947c 06911023 sh               x9, 96(x2)           x9:00000276  x2:100034d8  PA:10003538
27320561ns          483463 1c009480 000ede83 lhu              x29, 0(x29)         x29=00000092 x29:1c002f0c  PA:1c002f0c
27320879ns          483479 1c009484 05812483 lw               x9, 88(x2)           x9=1c002e6c  x2:100034d8  PA:10003530
27320899ns          483480 1c009486 1006d6b3 p.exthz          x13, x13, x0        x13=0000fff9 x13:fffffff9
27320919ns          483481 1c00948a 02ee08b3 mul              x17, x28, x14       x17=000003fc x28:0000000a x14:00000066
27320939ns          483482 1c00948e 1006c833 p.exths          x16, x13, x0        x16=fffffff9 x13:0000fff9
27320959ns          483483 1c009492 06b11823 sh               x11, 112(x2)        x11:0000011c  x2:100034d8  PA:10003548
27320978ns          483484 1c009496 000f5f03 lhu              x30, 0(x30)         x30=0000fed6 x30:1c002e7c  PA:1c002e7c
27321277ns          483499 1c00949a 0a012583 lw               x11, 160(x2)        x11=1c002e9c  x2:100034d8  PA:10003578
27321297ns          483500 1c00949c 1007d7b3 p.exthz          x15, x15, x0        x15=0000fff1 x15:fffffff1
27321317ns          483501 1c0094a0 0004da03 lhu              x20, 0(x9)          x20=0000f9eb  x9:1c002e6c  PA:1c002e6c
27321655ns          483518 1c0094a4 1007c533 p.exths          x10, x15, x0        x10=fffffff1 x15:0000fff1
27321674ns          483519 1c0094a8 09d11023 sh               x29, 128(x2)        x29:00000092  x2:100034d8  PA:10003558
27321694ns          483520 1c0094ac 0003d483 lhu              x9, 0(x7)            x9=0000ffc1  x7:1c002ebc  PA:1c002ebc
27322052ns          483538 1c0094b0 02e80eb3 mul              x29, x16, x14       x29=fffffd36 x16:fffffff9 x14:00000066
27322072ns          483539 1c0094b4 40a8d893 srai             x17, x17, 0x40a     x17=00000000 x17:000003fc
27322092ns          483540 1c0094b8 03c80833 mul              x16, x16, x28       x16=ffffffba x16:fffffff9 x28:0000000a
27322112ns          483541 1c0094bc 09e11823 sh               x30, 144(x2)        x30:0000fed6  x2:100034d8  PA:10003568
27322132ns          483542 1c0094c0 0005d983 lhu              x19, 0(x11)         x19=0000ff8a x11:1c002e9c  PA:1c002e9c
27322430ns          483557 1c0094c4 81c88f5b p.muls           x30, x17, x28       x30=00000000 x17:00000000 x28:0000000a
27322450ns          483558 1c0094c8 0002d583 lhu              x11, 0(x5)          x11=0000ff38  x5:1c002eac  PA:1c002eac
27322748ns          483573 1c0094cc 03ce0fb3 mul              x31, x28, x28       x31=00000064 x28:0000000a x28:0000000a
27322768ns          483574 1c0094d0 02e50733 mul              x14, x10, x14       x14=fffffa06 x10:fffffff1 x14:00000066
27322788ns          483575 1c0094d4 40a85813 srai             x16, x16, 0x40a     x16=ffffffff x16:ffffffba
27322808ns          483576 1c0094d8 03c50533 mul              x10, x10, x28       x10=ffffff6a x10:fffffff1 x28:0000000a
27322828ns          483577 1c0094dc 07015e03 lhu              x28, 112(x2)        x28=0000011c  x2:100034d8  PA:10003548
27322848ns          483578 1c0094e0 01b60633 add              x12, x12, x27       x12=00001a9c x12:00000066 x27:00001a36
27322868ns          483579 1c0094e2 00980833 add              x16, x16, x9        x16=0000ffc0 x16:ffffffff  x9:0000ffc1
27322888ns          483580 1c0094e4 06015d83 lhu              x27, 96(x2)         x27=00000276  x2:100034d8  PA:10003538
27322908ns          483581 1c0094e8 02812483 lw               x9, 40(x2)           x9=1c002ecc  x2:100034d8  PA:10003500
27322927ns          483582 1c0094ea 40afdf93 srai             x31, x31, 0x40a     x31=00000000 x31:00000064
27322947ns          483583 1c0094ee 40a55513 srai             x10, x10, 0x40a     x10=ffffffff x10:ffffff6a
27322967ns          483584 1c0094f0 01cf8fb3 add              x31, x31, x28       x31=0000011c x31:00000000 x28:0000011c
27322987ns          483585 1c0094f2 00b50533 add              x10, x10, x11       x10=0000ff37 x10:ffffffff x11:0000ff38
27323007ns          483586 1c0094f4 09015e03 lhu              x28, 144(x2)        x28=0000fed6  x2:100034d8  PA:10003568
27323027ns          483587 1c0094f8 03012583 lw               x11, 48(x2)         x11=1c002edc  x2:100034d8  PA:10003508
27323047ns          483588 1c0094fa 00c49023 sh               x12, 0(x9)          x12:00001a9c  x9:1c002ecc  PA:1c002ecc
27323385ns          483605 1c0094fe 01b888b3 add              x17, x17, x27       x17=00000276 x17:00000000 x27:00000276
27323405ns          483606 1c009500 01a30333 add              x6, x6, x26          x6=000006c6  x6:0000000a x26:000006bc
27323425ns          483607 1c009502 08015d83 lhu              x27, 128(x2)        x27=00000092  x2:100034d8  PA:10003558
27323445ns          483608 1c009506 0000d903 lhu              x18, 0(x1)          x18=0000fe27  x1:1c002e8c  PA:1c002e8c
27323783ns          483625 1c00950a 01c686b3 add              x13, x13, x28       x13=0001fecf x13:0000fff9 x28:0000fed6
27323803ns          483626 1c00950c 00659023 sh               x6, 0(x11)           x6:000006c6 x11:1c002edc  PA:1c002edc
27324121ns          483642 1c009510 40af5f13 srai             x30, x30, 0x40a     x30=00000000 x30:00000000
27324141ns          483643 1c009514 04812e03 lw               x28, 72(x2)         x28=1c002f0c  x2:100034d8  PA:10003520
27324160ns          483644 1c009516 01bf0f33 add              x30, x30, x27       x30=00000092 x30:00000000 x27:00000092
27324180ns          483645 1c009518 40aede93 srai             x29, x29, 0x40a     x29=ffffffff x29:fffffd36
27324200ns          483646 1c00951c 40a75713 srai             x14, x14, 0x40a     x14=fffffffe x14:fffffa06
27324220ns          483647 1c00951e 03812603 lw               x12, 56(x2)         x12=1c002eec  x2:100034d8  PA:10003510
27324240ns          483648 1c009520 04012d83 lw               x27, 64(x2)         x27=1c002efc  x2:100034d8  PA:10003518
27324260ns          483649 1c009522 01ee1023 sh               x30, 0(x28)         x30:00000092 x28:1c002f0c  PA:1c002f0c
27324578ns          483665 1c009526 05812483 lw               x9, 88(x2)           x9=1c002e6c  x2:100034d8  PA:10003530
27324598ns          483666 1c009528 05012f03 lw               x30, 80(x2)         x30=1c002e7c  x2:100034d8  PA:10003528
27324618ns          483667 1c00952a 0a012583 lw               x11, 160(x2)        x11=1c002e9c  x2:100034d8  PA:10003578
27324638ns          483668 1c00952c 014787b3 add              x15, x15, x20       x15=0001f9dc x15:0000fff1 x20:0000f9eb
27324658ns          483669 1c00952e 013e8eb3 add              x29, x29, x19       x29=0000ff89 x29:ffffffff x19:0000ff8a
27324678ns          483670 1c009530 01270733 add              x14, x14, x18       x14=0000fe25 x14:fffffffe x18:0000fe27
27324697ns          483671 1c009532 00f49023 sh               x15, 0(x9)          x15:0001f9dc  x9:1c002e6c  PA:1c002e6c
27325016ns          483687 1c009536 01161023 sh               x17, 0(x12)         x17:00000276 x12:1c002eec  PA:1c002eec
27325334ns          483703 1c00953a 01fd9023 sh               x31, 0(x27)         x31:0000011c x27:1c002efc  PA:1c002efc
27325652ns          483719 1c00953e 00df1023 sh               x13, 0(x30)         x13:0001fecf x30:1c002e7c  PA:1c002e7c
27325970ns          483735 1c009542 01d59023 sh               x29, 0(x11)         x29:0000ff89 x11:1c002e9c  PA:1c002e9c
27326308ns          483752 1c009546 00e09023 sh               x14, 0(x1)          x14:0000fe25  x1:1c002e8c  PA:1c002e8c
27326627ns          483768 1c00954a 01039023 sh               x16, 0(x7)          x16:0000ffc0  x7:1c002ebc  PA:1c002ebc
27326965ns          483785 1c00954e 00a29023 sh               x10, 0(x5)          x10:0000ff37  x5:1c002eac  PA:1c002eac
27327283ns          483801 1c009552 008b0b13 addi             x22, x22, 8         x22=000001a6 x22:0000019e
27327303ns          483802 1c009554 1f300793 addi             x15, x0, 499        x15=000001f3
27327323ns          483803 1c009558 e767dae3 bge              x15, x22, -396      x15:000001f3 x22:000001a6
27327462ns          483810 1c0093cc 010c9a0b p.lh             x20, 16(x25!)       x20=ffffff6d x25=1c0029e4 x25:1c0029d4  PA:1c0029d4
27327780ns          483826 1c0093d0 0104198b p.lh             x19, 16(x8!)        x19=ffffff95  x8=1c0021ac  x8:1c00219c  PA:1c00219c
27328078ns          483841 1c0093d4 2cc10513 addi             x10, x2, 716        x10=100037a4  x2:100034d8
27328098ns          483842 1c0093d6 010a990b p.lh             x18, 16(x21!)       x18=ffffff73 x21=1c0019d8 x21:1c0019c8  PA:1c0019c8
27328397ns          483857 1c0093da 010b948b p.lh             x9, 16(x23!)         x9=ffffff90 x23=1c001208 x23:1c0011f8  PA:1c0011f8
27328695ns          483872 1c0093de 2d411623 sh               x20, 716(x2)        x20:ffffff6d  x2:100034d8  PA:100037a4
27328715ns          483873 1c0093e2 2d311723 sh               x19, 718(x2)        x19:ffffff95  x2:100034d8  PA:100037a6
27328735ns          483874 1c0093e6 c33ff0ef jal              x1, -974             x1=1c0093e8
27328775ns          483876 1c009018 00051803 lh               x16, 0(x10)         x16=ffffff6d x10:100037a4  PA:100037a4
27328794ns          483877 1c00901c 00251883 lh               x17, 2(x10)         x17=ffffff95 x10:100037a4  PA:100037a6
27328814ns          483878 1c009020 030806b3 mul              x13, x16, x16       x13=00005469 x16:ffffff6d x16:ffffff6d
27328834ns          483879 1c009024 03188633 mul              x12, x17, x17       x12=00002cb9 x17:ffffff95 x17:ffffff95
27328854ns          483880 1c009028 40a65613 srai             x12, x12, 0x40a     x12=0000000b x12:00002cb9
27328874ns          483881 1c00902a 40a6d693 srai             x13, x13, 0x40a     x13=00000015 x13:00005469
27328894ns          483882 1c00902c 00c686b3 add              x13, x13, x12       x13=00000020 x13:00000015 x12:0000000b
27328914ns          483883 1c00902e 1006c633 p.exths          x12, x13, x0        x12=00000020 x13:00000020
27328934ns          483884 1c009032 00855703 lhu              x14, 8(x10)         x14=0000ffd1 x10:100037a4  PA:100037ac
27328954ns          483885 1c009036 00a55683 lhu              x13, 10(x10)        x13=0000ff6a x10:100037a4  PA:100037ae
27328973ns          483886 1c00903a 02c60333 mul              x6, x12, x12         x6=00000400 x12:00000020 x12:00000020
27328993ns          483887 1c00903e 00c55783 lhu              x15, 12(x10)        x15=0000ffe5 x10:100037a4  PA:100037b0
27329013ns          483888 1c009042 00e55583 lhu              x11, 14(x10)        x11=00000060 x10:100037a4  PA:100037b2
27329033ns          483889 1c009046 dea30333 p.extract        x6, x6, 15, 10       x6=00000001  x6:00000400
27329053ns          483890 1c00904a 80c7075b p.muls           x14, x14, x12       x14=fffffa20 x14:0000ffd1 x12:00000020
27329073ns          483891 1c00904e 80c686db p.muls           x13, x13, x12       x13=ffffed40 x13:0000ff6a x12:00000020
27329093ns          483892 1c009052 00455e83 lhu              x29, 4(x10)         x29=00000427 x10:100037a4  PA:100037a8
27329113ns          483893 1c009056 00655e03 lhu              x28, 6(x10)         x28=0000007f x10:100037a4  PA:100037aa
27329132ns          483894 1c00905a 40a75713 srai             x14, x14, 0x40a     x14=fffffffe x14:fffffa20
27329152ns          483895 1c00905c 806787db p.muls           x15, x15, x6        x15=ffffffe5 x15:0000ffe5  x6:00000001
27329172ns          483896 1c009060 40a6d693 srai             x13, x13, 0x40a     x13=fffffffb x13:ffffed40
27329212ns          483898 1c009062 8065865b p.muls           x12, x11, x6        x12=00000060 x11:00000060  x6:00000001
27329232ns          483899 1c009066 40a7d793 srai             x15, x15, 0x40a     x15=ffffffff x15:ffffffe5
27329252ns          483900 1c009068 40a65613 srai             x12, x12, 0x40a     x12=00000000 x12:00000060
27329272ns          483901 1c00906a 01d70733 add              x14, x14, x29       x14=00000425 x14:fffffffe x29:00000427
27329292ns          483902 1c00906c 01c686b3 add              x13, x13, x28       x13=0000007a x13:fffffffb x28:0000007f
27329311ns          483903 1c00906e 00c686b3 add              x13, x13, x12       x13=0000007a x13:0000007a x12:00000000
27329331ns          483904 1c009070 00f70733 add              x14, x14, x15       x14=00000424 x14:00000425 x15:ffffffff
27329351ns          483905 1c009072 100747b3 p.exths          x15, x14, x0        x15=00000424 x14:00000424
27329371ns          483906 1c009076 1006c733 p.exths          x14, x13, x0        x14=0000007a x13:0000007a
27329391ns          483907 1c00907a 03170633 mul              x12, x14, x17       x12=ffffcd02 x14:0000007a x17:ffffff95
27329411ns          483908 1c00907e 030786b3 mul              x13, x15, x16       x13=fffd9f54 x15:00000424 x16:ffffff6d
27329431ns          483909 1c009082 03070733 mul              x14, x14, x16       x14=ffffb9f2 x14:0000007a x16:ffffff6d
27329451ns          483910 1c009086 031787b3 mul              x15, x15, x17       x15=fffe44f4 x15:00000424 x17:ffffff95
27329471ns          483911 1c00908a 40a6d693 srai             x13, x13, 0x40a     x13=ffffff67 x13:fffd9f54
27329490ns          483912 1c00908c 40a65613 srai             x12, x12, 0x40a     x12=fffffff3 x12:ffffcd02
27329510ns          483913 1c00908e 40a7d793 srai             x15, x15, 0x40a     x15=ffffff91 x15:fffe44f4
27329530ns          483914 1c009090 40a75713 srai             x14, x14, 0x40a     x14=ffffffee x14:ffffb9f2
27329550ns          483915 1c009092 40c686b3 sub              x13, x13, x12       x13=ffffff74 x13:ffffff67 x12:fffffff3
27329570ns          483916 1c009094 00e787b3 add              x15, x15, x14       x15=ffffff7f x15:ffffff91 x14:ffffffee
27329590ns          483917 1c009096 00d51823 sh               x13, 16(x10)        x13:ffffff74 x10:100037a4  PA:100037b4
27329610ns          483918 1c00909a 00f51923 sh               x15, 18(x10)        x15:ffffff7f x10:100037a4  PA:100037b6
27329630ns          483919 1c00909e 00008067 jalr             x0, x1, 0            x1:1c0093e8
27329669ns          483921 1c0093e8 2dc15583 lhu              x11, 732(x2)        x11=0000ff74  x2:100034d8  PA:100037b4
27329689ns          483922 1c0093ec 2de15783 lhu              x15, 734(x2)        x15=0000ff7f  x2:100034d8  PA:100037b6
27329709ns          483923 1c0093f0 40b90933 sub              x18, x18, x11       x18=fffeffff x18:ffffff73 x11:0000ff74
27329729ns          483924 1c0093f4 40f484b3 sub              x9, x9, x15          x9=ffff0011  x9:ffffff90 x15:0000ff7f
27329749ns          483925 1c0093f6 100945b3 p.exths          x11, x18, x0        x11=ffffffff x18:fffeffff
27329769ns          483926 1c0093fa 1004c7b3 p.exths          x15, x9, x0         x15=00000011  x9:ffff0011
27329789ns          483927 1c0093fe 034586b3 mul              x13, x11, x20       x13=00000093 x11:ffffffff x20:ffffff6d
27329809ns          483928 1c009402 03378533 mul              x10, x15, x19       x10=fffff8e5 x15:00000011 x19:ffffff95
27329829ns          483929 1c009406 034a0633 mul              x12, x20, x20       x12=00005469 x20:ffffff6d x20:ffffff6d
27329848ns          483930 1c00940a 03398733 mul              x14, x19, x19       x14=00002cb9 x19:ffffff95 x19:ffffff95
27329908ns          483933 1c00940e 034787b3 mul              x15, x15, x20       x15=fffff63d x15:00000011 x20:ffffff6d
27329948ns          483935 1c009412 033585b3 mul              x11, x11, x19       x11=0000006b x11:ffffffff x19:ffffff95
27329968ns          483936 1c009416 40a75713 srai             x14, x14, 0x40a     x14=0000000b x14:00002cb9
27329988ns          483937 1c009418 40a5d593 srai             x11, x11, 0x40a     x11=00000000 x11:0000006b
27330008ns          483938 1c00941a 40a65613 srai             x12, x12, 0x40a     x12=00000015 x12:00005469
27330027ns          483939 1c00941c 40a7d793 srai             x15, x15, 0x40a     x15=fffffffd x15:fffff63d
27330047ns          483940 1c00941e 1c0034b7 lui              x9, 0x1c003000       x9=1c003000
27330067ns          483941 1c009422 00e60633 add              x12, x12, x14       x12=00000020 x12:00000015 x14:0000000b
27330087ns          483942 1c009424 40b787b3 sub              x15, x15, x11       x15=fffffffd x15:fffffffd x11:00000000
27330107ns          483943 1c009426 eb048493 addi             x9, x9, -336         x9=1c002eb0  x9:1c003000
27330127ns          483944 1c00942a 1c0032b7 lui              x5, 0x1c003000       x5=1c003000
27330147ns          483945 1c00942e 1c0035b7 lui              x11, 0x1c003000     x11=1c003000
27330167ns          483946 1c009432 018483b3 add              x7, x9, x24          x7=1c002ebc  x9:1c002eb0 x24:0000000c
27330187ns          483947 1c009436 02812e83 lw               x29, 40(x2)         x29=1c002ecc  x2:100034d8  PA:10003500
27330206ns          483948 1c009438 10065633 p.exthz          x12, x12, x0        x12=00000020 x12:00000020
27330226ns          483949 1c00943c e8028293 addi             x5, x5, -384         x5=1c002e80  x5:1c003000
27330266ns          483951 1c009440 ea058593 addi             x11, x11, -352      x11=1c002ea0 x11:1c003000
27330306ns          483953 1c009444 03812483 lw               x9, 56(x2)           x9=1c002eec  x2:100034d8  PA:10003510
27330326ns          483954 1c009446 10064733 p.exths          x14, x12, x0        x14=00000020 x12:00000020
27330346ns          483955 1c00944a 018280b3 add              x1, x5, x24          x1=1c002e8c  x5:1c002e80 x24:0000000c
27330366ns          483956 1c00944e 03012f03 lw               x30, 48(x2)         x30=1c002edc  x2:100034d8  PA:10003508
27330405ns          483958 1c009450 018582b3 add              x5, x11, x24         x5=1c002eac x11:1c002ea0 x24:0000000c
27330445ns          483960 1c009454 04012583 lw               x11, 64(x2)         x11=1c002efc  x2:100034d8  PA:10003518
27330465ns          483961 1c009456 000edd83 lhu              x27, 0(x29)         x27=00001a9c x29:1c002ecc  PA:1c002ecc
27330823ns          483979 1c00945a 0004d483 lhu              x9, 0(x9)            x9=00000276  x9:1c002eec  PA:1c002eec
27331121ns          483994 1c00945e 02e70333 mul              x6, x14, x14         x6=00000400 x14:00000020 x14:00000020
27331141ns          483995 1c009462 40a55513 srai             x10, x10, 0x40a     x10=fffffffe x10:fffff8e5
27331161ns          483996 1c009464 04812e83 lw               x29, 72(x2)         x29=1c002f0c  x2:100034d8  PA:10003520
27331181ns          483997 1c009466 40a6d693 srai             x13, x13, 0x40a     x13=00000000 x13:00000093
27331201ns          483998 1c009468 000f5d03 lhu              x26, 0(x30)         x26=000006c6 x30:1c002edc  PA:1c002edc
27331519ns          484014 1c00946c 0005d583 lhu              x11, 0(x11)         x11=0000011c x11:1c002efc  PA:1c002efc
27331817ns          484029 1c009470 40a35313 srai             x6, x6, 0x40a        x6=00000001  x6:00000400
27331837ns          484030 1c009474 00a686b3 add              x13, x13, x10       x13=fffffffe x13:00000000 x10:fffffffe
27331857ns          484031 1c009476 05012f03 lw               x30, 80(x2)         x30=1c002e7c  x2:100034d8  PA:10003528
27331877ns          484032 1c009478 10034e33 p.exths          x28, x6, x0         x28=00000001  x6:00000001
27331897ns          484033 1c00947c 06911023 sh               x9, 96(x2)           x9:00000276  x2:100034d8  PA:10003538
27331917ns          484034 1c009480 000ede83 lhu              x29, 0(x29)         x29=00000092 x29:1c002f0c  PA:1c002f0c
27332235ns          484050 1c009484 05812483 lw               x9, 88(x2)           x9=1c002e6c  x2:100034d8  PA:10003530
27332255ns          484051 1c009486 1006d6b3 p.exthz          x13, x13, x0        x13=0000fffe x13:fffffffe
27332275ns          484052 1c00948a 02ee08b3 mul              x17, x28, x14       x17=00000020 x28:00000001 x14:00000020
27332295ns          484053 1c00948e 1006c833 p.exths          x16, x13, x0        x16=fffffffe x13:0000fffe
27332315ns          484054 1c009492 06b11823 sh               x11, 112(x2)        x11:0000011c  x2:100034d8  PA:10003548
27332334ns          484055 1c009496 000f5f03 lhu              x30, 0(x30)         x30=0000fecf x30:1c002e7c  PA:1c002e7c
27332692ns          484073 1c00949a 0a012583 lw               x11, 160(x2)        x11=1c002e9c  x2:100034d8  PA:10003578
27332712ns          484074 1c00949c 1007d7b3 p.exthz          x15, x15, x0        x15=0000fffd x15:fffffffd
27332732ns          484075 1c0094a0 0004da03 lhu              x20, 0(x9)          x20=0000f9dc  x9:1c002e6c  PA:1c002e6c
27333150ns          484096 1c0094a4 1007c533 p.exths          x10, x15, x0        x10=fffffffd x15:0000fffd
27333170ns          484097 1c0094a8 09d11023 sh               x29, 128(x2)        x29:00000092  x2:100034d8  PA:10003558
27333190ns          484098 1c0094ac 0003d483 lhu              x9, 0(x7)            x9=0000ffc0  x7:1c002ebc  PA:1c002ebc
27333508ns          484114 1c0094b0 02e80eb3 mul              x29, x16, x14       x29=ffffffc0 x16:fffffffe x14:00000020
27333528ns          484115 1c0094b4 40a8d893 srai             x17, x17, 0x40a     x17=00000000 x17:00000020
27333548ns          484116 1c0094b8 03c80833 mul              x16, x16, x28       x16=fffffffe x16:fffffffe x28:00000001
27333568ns          484117 1c0094bc 09e11823 sh               x30, 144(x2)        x30:0000fecf  x2:100034d8  PA:10003568
27333587ns          484118 1c0094c0 0005d983 lhu              x19, 0(x11)         x19=0000ff89 x11:1c002e9c  PA:1c002e9c
27333926ns          484135 1c0094c4 81c88f5b p.muls           x30, x17, x28       x30=00000000 x17:00000000 x28:00000001
27333945ns          484136 1c0094c8 0002d583 lhu              x11, 0(x5)          x11=0000ff37  x5:1c002eac  PA:1c002eac
27334244ns          484151 1c0094cc 03ce0fb3 mul              x31, x28, x28       x31=00000001 x28:00000001 x28:00000001
27334264ns          484152 1c0094d0 02e50733 mul              x14, x10, x14       x14=ffffffa0 x10:fffffffd x14:00000020
27334283ns          484153 1c0094d4 40a85813 srai             x16, x16, 0x40a     x16=ffffffff x16:fffffffe
27334303ns          484154 1c0094d8 03c50533 mul              x10, x10, x28       x10=fffffffd x10:fffffffd x28:00000001
27334323ns          484155 1c0094dc 07015e03 lhu              x28, 112(x2)        x28=0000011c  x2:100034d8  PA:10003548
27334363ns          484157 1c0094e0 01b60633 add              x12, x12, x27       x12=00001abc x12:00000020 x27:00001a9c
27334383ns          484158 1c0094e2 00980833 add              x16, x16, x9        x16=0000ffbf x16:ffffffff  x9:0000ffc0
27334403ns          484159 1c0094e4 06015d83 lhu              x27, 96(x2)         x27=00000276  x2:100034d8  PA:10003538
27334423ns          484160 1c0094e8 02812483 lw               x9, 40(x2)           x9=1c002ecc  x2:100034d8  PA:10003500
27334443ns          484161 1c0094ea 40afdf93 srai             x31, x31, 0x40a     x31=00000000 x31:00000001
27334462ns          484162 1c0094ee 40a55513 srai             x10, x10, 0x40a     x10=ffffffff x10:fffffffd
27334482ns          484163 1c0094f0 01cf8fb3 add              x31, x31, x28       x31=0000011c x31:00000000 x28:0000011c
27334502ns          484164 1c0094f2 00b50533 add              x10, x10, x11       x10=0000ff36 x10:ffffffff x11:0000ff37
27334522ns          484165 1c0094f4 09015e03 lhu              x28, 144(x2)        x28=0000fecf  x2:100034d8  PA:10003568
27334542ns          484166 1c0094f8 03012583 lw               x11, 48(x2)         x11=1c002edc  x2:100034d8  PA:10003508
27334562ns          484167 1c0094fa 00c49023 sh               x12, 0(x9)          x12:00001abc  x9:1c002ecc  PA:1c002ecc
27334880ns          484183 1c0094fe 01b888b3 add              x17, x17, x27       x17=00000276 x17:00000000 x27:00000276
27334900ns          484184 1c009500 01a30333 add              x6, x6, x26          x6=000006c7  x6:00000001 x26:000006c6
27334920ns          484185 1c009502 08015d83 lhu              x27, 128(x2)        x27=00000092  x2:100034d8  PA:10003558
27334940ns          484186 1c009506 0000d903 lhu              x18, 0(x1)          x18=0000fe25  x1:1c002e8c  PA:1c002e8c
27335258ns          484202 1c00950a 01c686b3 add              x13, x13, x28       x13=0001fecd x13:0000fffe x28:0000fecf
27335278ns          484203 1c00950c 00659023 sh               x6, 0(x11)           x6:000006c7 x11:1c002edc  PA:1c002edc
27335596ns          484219 1c009510 40af5f13 srai             x30, x30, 0x40a     x30=00000000 x30:00000000
27335616ns          484220 1c009514 04812e03 lw               x28, 72(x2)         x28=1c002f0c  x2:100034d8  PA:10003520
27335636ns          484221 1c009516 01bf0f33 add              x30, x30, x27       x30=00000092 x30:00000000 x27:00000092
27335656ns          484222 1c009518 40aede93 srai             x29, x29, 0x40a     x29=ffffffff x29:ffffffc0
27335676ns          484223 1c00951c 40a75713 srai             x14, x14, 0x40a     x14=ffffffff x14:ffffffa0
27335696ns          484224 1c00951e 03812603 lw               x12, 56(x2)         x12=1c002eec  x2:100034d8  PA:10003510
27335715ns          484225 1c009520 04012d83 lw               x27, 64(x2)         x27=1c002efc  x2:100034d8  PA:10003518
27335735ns          484226 1c009522 01ee1023 sh               x30, 0(x28)         x30:00000092 x28:1c002f0c  PA:1c002f0c
27336073ns          484243 1c009526 05812483 lw               x9, 88(x2)           x9=1c002e6c  x2:100034d8  PA:10003530
27336093ns          484244 1c009528 05012f03 lw               x30, 80(x2)         x30=1c002e7c  x2:100034d8  PA:10003528
27336113ns          484245 1c00952a 0a012583 lw               x11, 160(x2)        x11=1c002e9c  x2:100034d8  PA:10003578
27336133ns          484246 1c00952c 014787b3 add              x15, x15, x20       x15=0001f9d9 x15:0000fffd x20:0000f9dc
27336153ns          484247 1c00952e 013e8eb3 add              x29, x29, x19       x29=0000ff88 x29:ffffffff x19:0000ff89
27336173ns          484248 1c009530 01270733 add              x14, x14, x18       x14=0000fe24 x14:ffffffff x18:0000fe25
27336193ns          484249 1c009532 00f49023 sh               x15, 0(x9)          x15:0001f9d9  x9:1c002e6c  PA:1c002e6c
27336551ns          484267 1c009536 01161023 sh               x17, 0(x12)         x17:00000276 x12:1c002eec  PA:1c002eec
27336869ns          484283 1c00953a 01fd9023 sh               x31, 0(x27)         x31:0000011c x27:1c002efc  PA:1c002efc
27337187ns          484299 1c00953e 00df1023 sh               x13, 0(x30)         x13:0001fecd x30:1c002e7c  PA:1c002e7c
27337505ns          484315 1c009542 01d59023 sh               x29, 0(x11)         x29:0000ff88 x11:1c002e9c  PA:1c002e9c
27337824ns          484331 1c009546 00e09023 sh               x14, 0(x1)          x14:0000fe24  x1:1c002e8c  PA:1c002e8c
27338142ns          484347 1c00954a 01039023 sh               x16, 0(x7)          x16:0000ffbf  x7:1c002ebc  PA:1c002ebc
27338480ns          484364 1c00954e 00a29023 sh               x10, 0(x5)          x10:0000ff36  x5:1c002eac  PA:1c002eac
27338838ns          484382 1c009552 008b0b13 addi             x22, x22, 8         x22=000001ae x22:000001a6
27338858ns          484383 1c009554 1f300793 addi             x15, x0, 499        x15=000001f3
27338878ns          484384 1c009558 e767dae3 bge              x15, x22, -396      x15:000001f3 x22:000001ae
27339017ns          484391 1c0093cc 010c9a0b p.lh             x20, 16(x25!)       x20=00000172 x25=1c0029f4 x25:1c0029e4  PA:1c0029e4
27339375ns          484409 1c0093d0 0104198b p.lh             x19, 16(x8!)        x19=00000237  x8=1c0021bc  x8:1c0021ac  PA:1c0021ac
27339693ns          484425 1c0093d4 2cc10513 addi             x10, x2, 716        x10=100037a4  x2:100034d8
27339713ns          484426 1c0093d6 010a990b p.lh             x18, 16(x21!)       x18=000001d4 x21=1c0019e8 x21:1c0019d8  PA:1c0019d8
27340031ns          484442 1c0093da 010b948b p.lh             x9, 16(x23!)         x9=000001d8 x23=1c001218 x23:1c001208  PA:1c001208
27340349ns          484458 1c0093de 2d411623 sh               x20, 716(x2)        x20:00000172  x2:100034d8  PA:100037a4
27340369ns          484459 1c0093e2 2d311723 sh               x19, 718(x2)        x19:00000237  x2:100034d8  PA:100037a6
27340389ns          484460 1c0093e6 c33ff0ef jal              x1, -974             x1=1c0093e8
27340469ns          484464 1c009018 00051803 lh               x16, 0(x10)         x16=00000172 x10:100037a4  PA:100037a4
27340508ns          484466 1c00901c 00251883 lh               x17, 2(x10)         x17=00000237 x10:100037a4  PA:100037a6
27340568ns          484469 1c009020 030806b3 mul              x13, x16, x16       x13=000216c4 x16:00000172 x16:00000172
27340608ns          484471 1c009024 03188633 mul              x12, x17, x17       x12=0004e7d1 x17:00000237 x17:00000237
27340628ns          484472 1c009028 40a65613 srai             x12, x12, 0x40a     x12=00000139 x12:0004e7d1
27340648ns          484473 1c00902a 40a6d693 srai             x13, x13, 0x40a     x13=00000085 x13:000216c4
27340668ns          484474 1c00902c 00c686b3 add              x13, x13, x12       x13=000001be x13:00000085 x12:00000139
27340687ns          484475 1c00902e 1006c633 p.exths          x12, x13, x0        x12=000001be x13:000001be
27340707ns          484476 1c009032 00855703 lhu              x14, 8(x10)         x14=0000ffd1 x10:100037a4  PA:100037ac
27340727ns          484477 1c009036 00a55683 lhu              x13, 10(x10)        x13=0000ff6a x10:100037a4  PA:100037ae
27340747ns          484478 1c00903a 02c60333 mul              x6, x12, x12         x6=00030904 x12:000001be x12:000001be
27340767ns          484479 1c00903e 00c55783 lhu              x15, 12(x10)        x15=0000ffe5 x10:100037a4  PA:100037b0
27340787ns          484480 1c009042 00e55583 lhu              x11, 14(x10)        x11=00000060 x10:100037a4  PA:100037b2
27340807ns          484481 1c009046 dea30333 p.extract        x6, x6, 15, 10       x6=000000c2  x6:00030904
27340827ns          484482 1c00904a 80c7075b p.muls           x14, x14, x12       x14=ffffae1e x14:0000ffd1 x12:000001be
27340847ns          484483 1c00904e 80c686db p.muls           x13, x13, x12       x13=fffefaac x13:0000ff6a x12:000001be
27340866ns          484484 1c009052 00455e83 lhu              x29, 4(x10)         x29=00000427 x10:100037a4  PA:100037a8
27340886ns          484485 1c009056 00655e03 lhu              x28, 6(x10)         x28=0000007f x10:100037a4  PA:100037aa
27340906ns          484486 1c00905a 40a75713 srai             x14, x14, 0x40a     x14=ffffffeb x14:ffffae1e
27340926ns          484487 1c00905c 806787db p.muls           x15, x15, x6        x15=ffffeb8a x15:0000ffe5  x6:000000c2
27340946ns          484488 1c009060 40a6d693 srai             x13, x13, 0x40a     x13=ffffffbe x13:fffefaac
27340986ns          484490 1c009062 8065865b p.muls           x12, x11, x6        x12=000048c0 x11:00000060  x6:000000c2
27341006ns          484491 1c009066 40a7d793 srai             x15, x15, 0x40a     x15=fffffffa x15:ffffeb8a
27341026ns          484492 1c009068 40a65613 srai             x12, x12, 0x40a     x12=00000012 x12:000048c0
27341045ns          484493 1c00906a 01d70733 add              x14, x14, x29       x14=00000412 x14:ffffffeb x29:00000427
27341065ns          484494 1c00906c 01c686b3 add              x13, x13, x28       x13=0000003d x13:ffffffbe x28:0000007f
27341085ns          484495 1c00906e 00c686b3 add              x13, x13, x12       x13=0000004f x13:0000003d x12:00000012
27341105ns          484496 1c009070 00f70733 add              x14, x14, x15       x14=0000040c x14:00000412 x15:fffffffa
27341125ns          484497 1c009072 100747b3 p.exths          x15, x14, x0        x15=0000040c x14:0000040c
27341145ns          484498 1c009076 1006c733 p.exths          x14, x13, x0        x14=0000004f x13:0000004f
27341165ns          484499 1c00907a 03170633 mul              x12, x14, x17       x12=0000aef9 x14:0000004f x17:00000237
27341185ns          484500 1c00907e 030786b3 mul              x13, x15, x16       x13=0005d958 x15:0000040c x16:00000172
27341205ns          484501 1c009082 03070733 mul              x14, x14, x16       x14=0000722e x14:0000004f x16:00000172
27341224ns          484502 1c009086 031787b3 mul              x15, x15, x17       x15=0008f694 x15:0000040c x17:00000237
27341244ns          484503 1c00908a 40a6d693 srai             x13, x13, 0x40a     x13=00000176 x13:0005d958
27341264ns          484504 1c00908c 40a65613 srai             x12, x12, 0x40a     x12=0000002b x12:0000aef9
27341284ns          484505 1c00908e 40a7d793 srai             x15, x15, 0x40a     x15=0000023d x15:0008f694
27341304ns          484506 1c009090 40a75713 srai             x14, x14, 0x40a     x14=0000001c x14:0000722e
27341324ns          484507 1c009092 40c686b3 sub              x13, x13, x12       x13=0000014b x13:00000176 x12:0000002b
27341344ns          484508 1c009094 00e787b3 add              x15, x15, x14       x15=00000259 x15:0000023d x14:0000001c
27341364ns          484509 1c009096 00d51823 sh               x13, 16(x10)        x13:0000014b x10:100037a4  PA:100037b4
27341384ns          484510 1c00909a 00f51923 sh               x15, 18(x10)        x15:00000259 x10:100037a4  PA:100037b6
27341403ns          484511 1c00909e 00008067 jalr             x0, x1, 0            x1:1c0093e8
27341483ns          484515 1c0093e8 2dc15583 lhu              x11, 732(x2)        x11=0000014b  x2:100034d8  PA:100037b4
27341523ns          484517 1c0093ec 2de15783 lhu              x15, 734(x2)        x15=00000259  x2:100034d8  PA:100037b6
27341543ns          484518 1c0093f0 40b90933 sub              x18, x18, x11       x18=00000089 x18:000001d4 x11:0000014b
27341562ns          484519 1c0093f4 40f484b3 sub              x9, x9, x15          x9=ffffff7f  x9:000001d8 x15:00000259
27341582ns          484520 1c0093f6 100945b3 p.exths          x11, x18, x0        x11=00000089 x18:00000089
27341602ns          484521 1c0093fa 1004c7b3 p.exths          x15, x9, x0         x15=ffffff7f  x9:ffffff7f
27341622ns          484522 1c0093fe 034586b3 mul              x13, x11, x20       x13=0000c602 x11:00000089 x20:00000172
27341642ns          484523 1c009402 03378533 mul              x10, x15, x19       x10=fffee249 x15:ffffff7f x19:00000237
27341662ns          484524 1c009406 034a0633 mul              x12, x20, x20       x12=000216c4 x20:00000172 x20:00000172
27341682ns          484525 1c00940a 03398733 mul              x14, x19, x19       x14=0004e7d1 x19:00000237 x19:00000237
27341741ns          484528 1c00940e 034787b3 mul              x15, x15, x20       x15=ffff458e x15:ffffff7f x20:00000172
27341781ns          484530 1c009412 033585b3 mul              x11, x11, x19       x11=00012f6f x11:00000089 x19:00000237
27341801ns          484531 1c009416 40a75713 srai             x14, x14, 0x40a     x14=00000139 x14:0004e7d1
27341821ns          484532 1c009418 40a5d593 srai             x11, x11, 0x40a     x11=0000004b x11:00012f6f
27341841ns          484533 1c00941a 40a65613 srai             x12, x12, 0x40a     x12=00000085 x12:000216c4
27341861ns          484534 1c00941c 40a7d793 srai             x15, x15, 0x40a     x15=ffffffd1 x15:ffff458e
27341881ns          484535 1c00941e 1c0034b7 lui              x9, 0x1c003000       x9=1c003000
27341901ns          484536 1c009422 00e60633 add              x12, x12, x14       x12=000001be x12:00000085 x14:00000139
27341920ns          484537 1c009424 40b787b3 sub              x15, x15, x11       x15=ffffff86 x15:ffffffd1 x11:0000004b
27341940ns          484538 1c009426 eb048493 addi             x9, x9, -336         x9=1c002eb0  x9:1c003000
27341960ns          484539 1c00942a 1c0032b7 lui              x5, 0x1c003000       x5=1c003000
27341980ns          484540 1c00942e 1c0035b7 lui              x11, 0x1c003000     x11=1c003000
27342000ns          484541 1c009432 018483b3 add              x7, x9, x24          x7=1c002ebc  x9:1c002eb0 x24:0000000c
27342020ns          484542 1c009436 02812e83 lw               x29, 40(x2)         x29=1c002ecc  x2:100034d8  PA:10003500
27342040ns          484543 1c009438 10065633 p.exthz          x12, x12, x0        x12=000001be x12:000001be
27342060ns          484544 1c00943c e8028293 addi             x5, x5, -384         x5=1c002e80  x5:1c003000
27342080ns          484545 1c009440 ea058593 addi             x11, x11, -352      x11=1c002ea0 x11:1c003000
27342099ns          484546 1c009444 03812483 lw               x9, 56(x2)           x9=1c002eec  x2:100034d8  PA:10003510
27342119ns          484547 1c009446 10064733 p.exths          x14, x12, x0        x14=000001be x12:000001be
27342139ns          484548 1c00944a 018280b3 add              x1, x5, x24          x1=1c002e8c  x5:1c002e80 x24:0000000c
27342159ns          484549 1c00944e 03012f03 lw               x30, 48(x2)         x30=1c002edc  x2:100034d8  PA:10003508
27342179ns          484550 1c009450 018582b3 add              x5, x11, x24         x5=1c002eac x11:1c002ea0 x24:0000000c
27342199ns          484551 1c009454 04012583 lw               x11, 64(x2)         x11=1c002efc  x2:100034d8  PA:10003518
27342219ns          484552 1c009456 000edd83 lhu              x27, 0(x29)         x27=00001abc x29:1c002ecc  PA:1c002ecc
27342557ns          484569 1c00945a 0004d483 lhu              x9, 0(x9)            x9=00000276  x9:1c002eec  PA:1c002eec
27342895ns          484586 1c00945e 02e70333 mul              x6, x14, x14         x6=00030904 x14:000001be x14:000001be
27342915ns          484587 1c009462 40a55513 srai             x10, x10, 0x40a     x10=ffffffb8 x10:fffee249
27342935ns          484588 1c009464 04812e83 lw               x29, 72(x2)         x29=1c002f0c  x2:100034d8  PA:10003520
27342955ns          484589 1c009466 40a6d693 srai             x13, x13, 0x40a     x13=00000031 x13:0000c602
27342975ns          484590 1c009468 000f5d03 lhu              x26, 0(x30)         x26=000006c7 x30:1c002edc  PA:1c002edc
27343313ns          484607 1c00946c 0005d583 lhu              x11, 0(x11)         x11=0000011c x11:1c002efc  PA:1c002efc
27343671ns          484625 1c009470 40a35313 srai             x6, x6, 0x40a        x6=000000c2  x6:00030904
27343691ns          484626 1c009474 00a686b3 add              x13, x13, x10       x13=ffffffe9 x13:00000031 x10:ffffffb8
27343710ns          484627 1c009476 05012f03 lw               x30, 80(x2)         x30=1c002e7c  x2:100034d8  PA:10003528
27343730ns          484628 1c009478 10034e33 p.exths          x28, x6, x0         x28=000000c2  x6:000000c2
27343750ns          484629 1c00947c 06911023 sh               x9, 96(x2)           x9:00000276  x2:100034d8  PA:10003538
27343790ns          484631 1c009480 000ede83 lhu              x29, 0(x29)         x29=00000092 x29:1c002f0c  PA:1c002f0c
27344128ns          484648 1c009484 05812483 lw               x9, 88(x2)           x9=1c002e6c  x2:100034d8  PA:10003530
27344148ns          484649 1c009486 1006d6b3 p.exthz          x13, x13, x0        x13=0000ffe9 x13:ffffffe9
27344168ns          484650 1c00948a 02ee08b3 mul              x17, x28, x14       x17=000151fc x28:000000c2 x14:000001be
27344188ns          484651 1c00948e 1006c833 p.exths          x16, x13, x0        x16=ffffffe9 x13:0000ffe9
27344208ns          484652 1c009492 06b11823 sh               x11, 112(x2)        x11:0000011c  x2:100034d8  PA:10003548
27344227ns          484653 1c009496 000f5f03 lhu              x30, 0(x30)         x30=0000fecd x30:1c002e7c  PA:1c002e7c
27344566ns          484670 1c00949a 0a012583 lw               x11, 160(x2)        x11=1c002e9c  x2:100034d8  PA:10003578
27344585ns          484671 1c00949c 1007d7b3 p.exthz          x15, x15, x0        x15=0000ff86 x15:ffffff86
27344605ns          484672 1c0094a0 0004da03 lhu              x20, 0(x9)          x20=0000f9d9  x9:1c002e6c  PA:1c002e6c
27344963ns          484690 1c0094a4 1007c533 p.exths          x10, x15, x0        x10=ffffff86 x15:0000ff86
27344983ns          484691 1c0094a8 09d11023 sh               x29, 128(x2)        x29:00000092  x2:100034d8  PA:10003558
27345003ns          484692 1c0094ac 0003d483 lhu              x9, 0(x7)            x9=0000ffbf  x7:1c002ebc  PA:1c002ebc
27345381ns          484711 1c0094b0 02e80eb3 mul              x29, x16, x14       x29=ffffd7ee x16:ffffffe9 x14:000001be
27345401ns          484712 1c0094b4 40a8d893 srai             x17, x17, 0x40a     x17=00000054 x17:000151fc
27345421ns          484713 1c0094b8 03c80833 mul              x16, x16, x28       x16=ffffee92 x16:ffffffe9 x28:000000c2
27345441ns          484714 1c0094bc 09e11823 sh               x30, 144(x2)        x30:0000fecd  x2:100034d8  PA:10003568
27345480ns          484716 1c0094c0 0005d983 lhu              x19, 0(x11)         x19=0000ff88 x11:1c002e9c  PA:1c002e9c
27345819ns          484733 1c0094c4 81c88f5b p.muls           x30, x17, x28       x30=00003fa8 x17:00000054 x28:000000c2
27345838ns          484734 1c0094c8 0002d583 lhu              x11, 0(x5)          x11=0000ff36  x5:1c002eac  PA:1c002eac
27346157ns          484750 1c0094cc 03ce0fb3 mul              x31, x28, x28       x31=00009304 x28:000000c2 x28:000000c2
27346177ns          484751 1c0094d0 02e50733 mul              x14, x10, x14       x14=ffff2b74 x10:ffffff86 x14:000001be
27346196ns          484752 1c0094d4 40a85813 srai             x16, x16, 0x40a     x16=fffffffb x16:ffffee92
27346216ns          484753 1c0094d8 03c50533 mul              x10, x10, x28       x10=ffffa38c x10:ffffff86 x28:000000c2
27346236ns          484754 1c0094dc 07015e03 lhu              x28, 112(x2)        x28=0000011c  x2:100034d8  PA:10003548
27346256ns          484755 1c0094e0 01b60633 add              x12, x12, x27       x12=00001c7a x12:000001be x27:00001abc
27346276ns          484756 1c0094e2 00980833 add              x16, x16, x9        x16=0000ffba x16:fffffffb  x9:0000ffbf
27346296ns          484757 1c0094e4 06015d83 lhu              x27, 96(x2)         x27=00000276  x2:100034d8  PA:10003538
27346316ns          484758 1c0094e8 02812483 lw               x9, 40(x2)           x9=1c002ecc  x2:100034d8  PA:10003500
27346336ns          484759 1c0094ea 40afdf93 srai             x31, x31, 0x40a     x31=00000024 x31:00009304
27346356ns          484760 1c0094ee 40a55513 srai             x10, x10, 0x40a     x10=ffffffe8 x10:ffffa38c
27346375ns          484761 1c0094f0 01cf8fb3 add              x31, x31, x28       x31=00000140 x31:00000024 x28:0000011c
27346395ns          484762 1c0094f2 00b50533 add              x10, x10, x11       x10=0000ff1e x10:ffffffe8 x11:0000ff36
27346415ns          484763 1c0094f4 09015e03 lhu              x28, 144(x2)        x28=0000fecd  x2:100034d8  PA:10003568
27346435ns          484764 1c0094f8 03012583 lw               x11, 48(x2)         x11=1c002edc  x2:100034d8  PA:10003508
27346455ns          484765 1c0094fa 00c49023 sh               x12, 0(x9)          x12:00001c7a  x9:1c002ecc  PA:1c002ecc
27346773ns          484781 1c0094fe 01b888b3 add              x17, x17, x27       x17=000002ca x17:00000054 x27:00000276
27346793ns          484782 1c009500 01a30333 add              x6, x6, x26          x6=00000789  x6:000000c2 x26:000006c7
27346813ns          484783 1c009502 08015d83 lhu              x27, 128(x2)        x27=00000092  x2:100034d8  PA:10003558
27346833ns          484784 1c009506 0000d903 lhu              x18, 0(x1)          x18=0000fe24  x1:1c002e8c  PA:1c002e8c
27347151ns          484800 1c00950a 01c686b3 add              x13, x13, x28       x13=0001feb6 x13:0000ffe9 x28:0000fecd
27347171ns          484801 1c00950c 00659023 sh               x6, 0(x11)           x6:00000789 x11:1c002edc  PA:1c002edc
27347529ns          484819 1c009510 40af5f13 srai             x30, x30, 0x40a     x30=0000000f x30:00003fa8
27347549ns          484820 1c009514 04812e03 lw               x28, 72(x2)         x28=1c002f0c  x2:100034d8  PA:10003520
27347569ns          484821 1c009516 01bf0f33 add              x30, x30, x27       x30=000000a1 x30:0000000f x27:00000092
27347589ns          484822 1c009518 40aede93 srai             x29, x29, 0x40a     x29=fffffff5 x29:ffffd7ee
27347608ns          484823 1c00951c 40a75713 srai             x14, x14, 0x40a     x14=ffffffca x14:ffff2b74
27347628ns          484824 1c00951e 03812603 lw               x12, 56(x2)         x12=1c002eec  x2:100034d8  PA:10003510
27347648ns          484825 1c009520 04012d83 lw               x27, 64(x2)         x27=1c002efc  x2:100034d8  PA:10003518
27347668ns          484826 1c009522 01ee1023 sh               x30, 0(x28)         x30:000000a1 x28:1c002f0c  PA:1c002f0c
27348006ns          484843 1c009526 05812483 lw               x9, 88(x2)           x9=1c002e6c  x2:100034d8  PA:10003530
27348026ns          484844 1c009528 05012f03 lw               x30, 80(x2)         x30=1c002e7c  x2:100034d8  PA:10003528
27348046ns          484845 1c00952a 0a012583 lw               x11, 160(x2)        x11=1c002e9c  x2:100034d8  PA:10003578
27348066ns          484846 1c00952c 014787b3 add              x15, x15, x20       x15=0001f95f x15:0000ff86 x20:0000f9d9
27348086ns          484847 1c00952e 013e8eb3 add              x29, x29, x19       x29=0000ff7d x29:fffffff5 x19:0000ff88
27348106ns          484848 1c009530 01270733 add              x14, x14, x18       x14=0000fdee x14:ffffffca x18:0000fe24
27348126ns          484849 1c009532 00f49023 sh               x15, 0(x9)          x15:0001f95f  x9:1c002e6c  PA:1c002e6c
27348444ns          484865 1c009536 01161023 sh               x17, 0(x12)         x17:000002ca x12:1c002eec  PA:1c002eec
27348762ns          484881 1c00953a 01fd9023 sh               x31, 0(x27)         x31:00000140 x27:1c002efc  PA:1c002efc
27349080ns          484897 1c00953e 00df1023 sh               x13, 0(x30)         x13:0001feb6 x30:1c002e7c  PA:1c002e7c
27349438ns          484915 1c009542 01d59023 sh               x29, 0(x11)         x29:0000ff7d x11:1c002e9c  PA:1c002e9c
27349756ns          484931 1c009546 00e09023 sh               x14, 0(x1)          x14:0000fdee  x1:1c002e8c  PA:1c002e8c
27350075ns          484947 1c00954a 01039023 sh               x16, 0(x7)          x16:0000ffba  x7:1c002ebc  PA:1c002ebc
27350393ns          484963 1c00954e 00a29023 sh               x10, 0(x5)          x10:0000ff1e  x5:1c002eac  PA:1c002eac
27350731ns          484980 1c009552 008b0b13 addi             x22, x22, 8         x22=000001b6 x22:000001ae
27350751ns          484981 1c009554 1f300793 addi             x15, x0, 499        x15=000001f3
27350771ns          484982 1c009558 e767dae3 bge              x15, x22, -396      x15:000001f3 x22:000001b6
27350870ns          484987 1c0093cc 010c9a0b p.lh             x20, 16(x25!)       x20=000001b4 x25=1c002a04 x25:1c0029f4  PA:1c0029f4
27351188ns          485003 1c0093d0 0104198b p.lh             x19, 16(x8!)        x19=0000001c  x8=1c0021cc  x8:1c0021bc  PA:1c0021bc
27351487ns          485018 1c0093d4 2cc10513 addi             x10, x2, 716        x10=100037a4  x2:100034d8
27351506ns          485019 1c0093d6 010a990b p.lh             x18, 16(x21!)       x18=000001bc x21=1c0019f8 x21:1c0019e8  PA:1c0019e8
27351805ns          485034 1c0093da 010b948b p.lh             x9, 16(x23!)         x9=ffffffd7 x23=1c001228 x23:1c001218  PA:1c001218
27352103ns          485049 1c0093de 2d411623 sh               x20, 716(x2)        x20:000001b4  x2:100034d8  PA:100037a4
27352123ns          485050 1c0093e2 2d311723 sh               x19, 718(x2)        x19:0000001c  x2:100034d8  PA:100037a6
27352143ns          485051 1c0093e6 c33ff0ef jal              x1, -974             x1=1c0093e8
27352183ns          485053 1c009018 00051803 lh               x16, 0(x10)         x16=000001b4 x10:100037a4  PA:100037a4
27352203ns          485054 1c00901c 00251883 lh               x17, 2(x10)         x17=0000001c x10:100037a4  PA:100037a6
27352222ns          485055 1c009020 030806b3 mul              x13, x16, x16       x13=0002e690 x16:000001b4 x16:000001b4
27352242ns          485056 1c009024 03188633 mul              x12, x17, x17       x12=00000310 x17:0000001c x17:0000001c
27352262ns          485057 1c009028 40a65613 srai             x12, x12, 0x40a     x12=00000000 x12:00000310
27352282ns          485058 1c00902a 40a6d693 srai             x13, x13, 0x40a     x13=000000b9 x13:0002e690
27352302ns          485059 1c00902c 00c686b3 add              x13, x13, x12       x13=000000b9 x13:000000b9 x12:00000000
27352322ns          485060 1c00902e 1006c633 p.exths          x12, x13, x0        x12=000000b9 x13:000000b9
27352342ns          485061 1c009032 00855703 lhu              x14, 8(x10)         x14=0000ffd1 x10:100037a4  PA:100037ac
27352362ns          485062 1c009036 00a55683 lhu              x13, 10(x10)        x13=0000ff6a x10:100037a4  PA:100037ae
27352382ns          485063 1c00903a 02c60333 mul              x6, x12, x12         x6=000085b1 x12:000000b9 x12:000000b9
27352401ns          485064 1c00903e 00c55783 lhu              x15, 12(x10)        x15=0000ffe5 x10:100037a4  PA:100037b0
27352421ns          485065 1c009042 00e55583 lhu              x11, 14(x10)        x11=00000060 x10:100037a4  PA:100037b2
27352441ns          485066 1c009046 dea30333 p.extract        x6, x6, 15, 10       x6=00000021  x6:000085b1
27352461ns          485067 1c00904a 80c7075b p.muls           x14, x14, x12       x14=ffffde09 x14:0000ffd1 x12:000000b9
27352501ns          485069 1c00904e 80c686db p.muls           x13, x13, x12       x13=ffff939a x13:0000ff6a x12:000000b9
27352541ns          485071 1c009052 00455e83 lhu              x29, 4(x10)         x29=00000427 x10:100037a4  PA:100037a8
27352561ns          485072 1c009056 00655e03 lhu              x28, 6(x10)         x28=0000007f x10:100037a4  PA:100037aa
27352580ns          485073 1c00905a 40a75713 srai             x14, x14, 0x40a     x14=fffffff7 x14:ffffde09
27352600ns          485074 1c00905c 806787db p.muls           x15, x15, x6        x15=fffffc85 x15:0000ffe5  x6:00000021
27352640ns          485076 1c009060 40a6d693 srai             x13, x13, 0x40a     x13=ffffffe4 x13:ffff939a
27352680ns          485078 1c009062 8065865b p.muls           x12, x11, x6        x12=00000c60 x11:00000060  x6:00000021
27352700ns          485079 1c009066 40a7d793 srai             x15, x15, 0x40a     x15=ffffffff x15:fffffc85
27352720ns          485080 1c009068 40a65613 srai             x12, x12, 0x40a     x12=00000003 x12:00000c60
27352740ns          485081 1c00906a 01d70733 add              x14, x14, x29       x14=0000041e x14:fffffff7 x29:00000427
27352759ns          485082 1c00906c 01c686b3 add              x13, x13, x28       x13=00000063 x13:ffffffe4 x28:0000007f
27352779ns          485083 1c00906e 00c686b3 add              x13, x13, x12       x13=00000066 x13:00000063 x12:00000003
27352799ns          485084 1c009070 00f70733 add              x14, x14, x15       x14=0000041d x14:0000041e x15:ffffffff
27352819ns          485085 1c009072 100747b3 p.exths          x15, x14, x0        x15=0000041d x14:0000041d
27352839ns          485086 1c009076 1006c733 p.exths          x14, x13, x0        x14=00000066 x13:00000066
27352859ns          485087 1c00907a 03170633 mul              x12, x14, x17       x12=00000b28 x14:00000066 x17:0000001c
27352879ns          485088 1c00907e 030786b3 mul              x13, x15, x16       x13=00070164 x15:0000041d x16:000001b4
27352899ns          485089 1c009082 03070733 mul              x14, x14, x16       x14=0000adb8 x14:00000066 x16:000001b4
27352919ns          485090 1c009086 031787b3 mul              x15, x15, x17       x15=0000732c x15:0000041d x17:0000001c
27352938ns          485091 1c00908a 40a6d693 srai             x13, x13, 0x40a     x13=000001c0 x13:00070164
27352958ns          485092 1c00908c 40a65613 srai             x12, x12, 0x40a     x12=00000002 x12:00000b28
27352978ns          485093 1c00908e 40a7d793 srai             x15, x15, 0x40a     x15=0000001c x15:0000732c
27352998ns          485094 1c009090 40a75713 srai             x14, x14, 0x40a     x14=0000002b x14:0000adb8
27353018ns          485095 1c009092 40c686b3 sub              x13, x13, x12       x13=000001be x13:000001c0 x12:00000002
27353038ns          485096 1c009094 00e787b3 add              x15, x15, x14       x15=00000047 x15:0000001c x14:0000002b
27353058ns          485097 1c009096 00d51823 sh               x13, 16(x10)        x13:000001be x10:100037a4  PA:100037b4
27353078ns          485098 1c00909a 00f51923 sh               x15, 18(x10)        x15:00000047 x10:100037a4  PA:100037b6
27353098ns          485099 1c00909e 00008067 jalr             x0, x1, 0            x1:1c0093e8
27353177ns          485103 1c0093e8 2dc15583 lhu              x11, 732(x2)        x11=000001be  x2:100034d8  PA:100037b4
27353197ns          485104 1c0093ec 2de15783 lhu              x15, 734(x2)        x15=00000047  x2:100034d8  PA:100037b6
27353217ns          485105 1c0093f0 40b90933 sub              x18, x18, x11       x18=fffffffe x18:000001bc x11:000001be
27353237ns          485106 1c0093f4 40f484b3 sub              x9, x9, x15          x9=ffffff90  x9:ffffffd7 x15:00000047
27353257ns          485107 1c0093f6 100945b3 p.exths          x11, x18, x0        x11=fffffffe x18:fffffffe
27353277ns          485108 1c0093fa 1004c7b3 p.exths          x15, x9, x0         x15=ffffff90  x9:ffffff90
27353296ns          485109 1c0093fe 034586b3 mul              x13, x11, x20       x13=fffffc98 x11:fffffffe x20:000001b4
27353316ns          485110 1c009402 03378533 mul              x10, x15, x19       x10=fffff3c0 x15:ffffff90 x19:0000001c
27353336ns          485111 1c009406 034a0633 mul              x12, x20, x20       x12=0002e690 x20:000001b4 x20:000001b4
27353356ns          485112 1c00940a 03398733 mul              x14, x19, x19       x14=00000310 x19:0000001c x19:0000001c
27353416ns          485115 1c00940e 034787b3 mul              x15, x15, x20       x15=ffff4140 x15:ffffff90 x20:000001b4
27353456ns          485117 1c009412 033585b3 mul              x11, x11, x19       x11=ffffffc8 x11:fffffffe x19:0000001c
27353475ns          485118 1c009416 40a75713 srai             x14, x14, 0x40a     x14=00000000 x14:00000310
27353495ns          485119 1c009418 40a5d593 srai             x11, x11, 0x40a     x11=ffffffff x11:ffffffc8
27353515ns          485120 1c00941a 40a65613 srai             x12, x12, 0x40a     x12=000000b9 x12:0002e690
27353535ns          485121 1c00941c 40a7d793 srai             x15, x15, 0x40a     x15=ffffffd0 x15:ffff4140
27353555ns          485122 1c00941e 1c0034b7 lui              x9, 0x1c003000       x9=1c003000
27353575ns          485123 1c009422 00e60633 add              x12, x12, x14       x12=000000b9 x12:000000b9 x14:00000000
27353595ns          485124 1c009424 40b787b3 sub              x15, x15, x11       x15=ffffffd1 x15:ffffffd0 x11:ffffffff
27353615ns          485125 1c009426 eb048493 addi             x9, x9, -336         x9=1c002eb0  x9:1c003000
27353635ns          485126 1c00942a 1c0032b7 lui              x5, 0x1c003000       x5=1c003000
27353654ns          485127 1c00942e 1c0035b7 lui              x11, 0x1c003000     x11=1c003000
27353674ns          485128 1c009432 018483b3 add              x7, x9, x24          x7=1c002ebc  x9:1c002eb0 x24:0000000c
27353694ns          485129 1c009436 02812e83 lw               x29, 40(x2)         x29=1c002ecc  x2:100034d8  PA:10003500
27353714ns          485130 1c009438 10065633 p.exthz          x12, x12, x0        x12=000000b9 x12:000000b9
27353734ns          485131 1c00943c e8028293 addi             x5, x5, -384         x5=1c002e80  x5:1c003000
27353754ns          485132 1c009440 ea058593 addi             x11, x11, -352      x11=1c002ea0 x11:1c003000
27353774ns          485133 1c009444 03812483 lw               x9, 56(x2)           x9=1c002eec  x2:100034d8  PA:10003510
27353794ns          485134 1c009446 10064733 p.exths          x14, x12, x0        x14=000000b9 x12:000000b9
27353814ns          485135 1c00944a 018280b3 add              x1, x5, x24          x1=1c002e8c  x5:1c002e80 x24:0000000c
27353833ns          485136 1c00944e 03012f03 lw               x30, 48(x2)         x30=1c002edc  x2:100034d8  PA:10003508
27353853ns          485137 1c009450 018582b3 add              x5, x11, x24         x5=1c002eac x11:1c002ea0 x24:0000000c
27353873ns          485138 1c009454 04012583 lw               x11, 64(x2)         x11=1c002efc  x2:100034d8  PA:10003518
27353893ns          485139 1c009456 000edd83 lhu              x27, 0(x29)         x27=00001c7a x29:1c002ecc  PA:1c002ecc
27354211ns          485155 1c00945a 0004d483 lhu              x9, 0(x9)            x9=000002ca  x9:1c002eec  PA:1c002eec
27354510ns          485170 1c00945e 02e70333 mul              x6, x14, x14         x6=000085b1 x14:000000b9 x14:000000b9
27354529ns          485171 1c009462 40a55513 srai             x10, x10, 0x40a     x10=fffffffc x10:fffff3c0
27354549ns          485172 1c009464 04812e83 lw               x29, 72(x2)         x29=1c002f0c  x2:100034d8  PA:10003520
27354569ns          485173 1c009466 40a6d693 srai             x13, x13, 0x40a     x13=ffffffff x13:fffffc98
27354589ns          485174 1c009468 000f5d03 lhu              x26, 0(x30)         x26=00000789 x30:1c002edc  PA:1c002edc
27354887ns          485189 1c00946c 0005d583 lhu              x11, 0(x11)         x11=00000140 x11:1c002efc  PA:1c002efc
27355186ns          485204 1c009470 40a35313 srai             x6, x6, 0x40a        x6=00000021  x6:000085b1
27355206ns          485205 1c009474 00a686b3 add              x13, x13, x10       x13=fffffffb x13:ffffffff x10:fffffffc
27355226ns          485206 1c009476 05012f03 lw               x30, 80(x2)         x30=1c002e7c  x2:100034d8  PA:10003528
27355245ns          485207 1c009478 10034e33 p.exths          x28, x6, x0         x28=00000021  x6:00000021
27355265ns          485208 1c00947c 06911023 sh               x9, 96(x2)           x9:000002ca  x2:100034d8  PA:10003538
27355285ns          485209 1c009480 000ede83 lhu              x29, 0(x29)         x29=000000a1 x29:1c002f0c  PA:1c002f0c
27355643ns          485227 1c009484 05812483 lw               x9, 88(x2)           x9=1c002e6c  x2:100034d8  PA:10003530
27355663ns          485228 1c009486 1006d6b3 p.exthz          x13, x13, x0        x13=0000fffb x13:fffffffb
27355683ns          485229 1c00948a 02ee08b3 mul              x17, x28, x14       x17=000017d9 x28:00000021 x14:000000b9
27355703ns          485230 1c00948e 1006c833 p.exths          x16, x13, x0        x16=fffffffb x13:0000fffb
27355723ns          485231 1c009492 06b11823 sh               x11, 112(x2)        x11:00000140  x2:100034d8  PA:10003548
27355743ns          485232 1c009496 000f5f03 lhu              x30, 0(x30)         x30=0000feb6 x30:1c002e7c  PA:1c002e7c
27356061ns          485248 1c00949a 0a012583 lw               x11, 160(x2)        x11=1c002e9c  x2:100034d8  PA:10003578
27356081ns          485249 1c00949c 1007d7b3 p.exthz          x15, x15, x0        x15=0000ffd1 x15:ffffffd1
27356101ns          485250 1c0094a0 0004da03 lhu              x20, 0(x9)          x20=0000f95f  x9:1c002e6c  PA:1c002e6c
27356439ns          485267 1c0094a4 1007c533 p.exths          x10, x15, x0        x10=ffffffd1 x15:0000ffd1
27356459ns          485268 1c0094a8 09d11023 sh               x29, 128(x2)        x29:000000a1  x2:100034d8  PA:10003558
27356478ns          485269 1c0094ac 0003d483 lhu              x9, 0(x7)            x9=0000ffba  x7:1c002ebc  PA:1c002ebc
27356777ns          485284 1c0094b0 02e80eb3 mul              x29, x16, x14       x29=fffffc63 x16:fffffffb x14:000000b9
27356797ns          485285 1c0094b4 40a8d893 srai             x17, x17, 0x40a     x17=00000005 x17:000017d9
27356817ns          485286 1c0094b8 03c80833 mul              x16, x16, x28       x16=ffffff5b x16:fffffffb x28:00000021
27356836ns          485287 1c0094bc 09e11823 sh               x30, 144(x2)        x30:0000feb6  x2:100034d8  PA:10003568
27356856ns          485288 1c0094c0 0005d983 lhu              x19, 0(x11)         x19=0000ff7d x11:1c002e9c  PA:1c002e9c
27357175ns          485304 1c0094c4 81c88f5b p.muls           x30, x17, x28       x30=000000a5 x17:00000005 x28:00000021
27357194ns          485305 1c0094c8 0002d583 lhu              x11, 0(x5)          x11=0000ff1e  x5:1c002eac  PA:1c002eac
27357513ns          485321 1c0094cc 03ce0fb3 mul              x31, x28, x28       x31=00000441 x28:00000021 x28:00000021
27357533ns          485322 1c0094d0 02e50733 mul              x14, x10, x14       x14=ffffde09 x10:ffffffd1 x14:000000b9
27357552ns          485323 1c0094d4 40a85813 srai             x16, x16, 0x40a     x16=ffffffff x16:ffffff5b
27357572ns          485324 1c0094d8 03c50533 mul              x10, x10, x28       x10=fffff9f1 x10:ffffffd1 x28:00000021
27357592ns          485325 1c0094dc 07015e03 lhu              x28, 112(x2)        x28=00000140  x2:100034d8  PA:10003548
27357612ns          485326 1c0094e0 01b60633 add              x12, x12, x27       x12=00001d33 x12:000000b9 x27:00001c7a
27357632ns          485327 1c0094e2 00980833 add              x16, x16, x9        x16=0000ffb9 x16:ffffffff  x9:0000ffba
27357652ns          485328 1c0094e4 06015d83 lhu              x27, 96(x2)         x27=000002ca  x2:100034d8  PA:10003538
27357672ns          485329 1c0094e8 02812483 lw               x9, 40(x2)           x9=1c002ecc  x2:100034d8  PA:10003500
27357692ns          485330 1c0094ea 40afdf93 srai             x31, x31, 0x40a     x31=00000001 x31:00000441
27357712ns          485331 1c0094ee 40a55513 srai             x10, x10, 0x40a     x10=fffffffe x10:fffff9f1
27357731ns          485332 1c0094f0 01cf8fb3 add              x31, x31, x28       x31=00000141 x31:00000001 x28:00000140
27357751ns          485333 1c0094f2 00b50533 add              x10, x10, x11       x10=0000ff1c x10:fffffffe x11:0000ff1e
27357771ns          485334 1c0094f4 09015e03 lhu              x28, 144(x2)        x28=0000feb6  x2:100034d8  PA:10003568
27357791ns          485335 1c0094f8 03012583 lw               x11, 48(x2)         x11=1c002edc  x2:100034d8  PA:10003508
27357811ns          485336 1c0094fa 00c49023 sh               x12, 0(x9)          x12:00001d33  x9:1c002ecc  PA:1c002ecc
27358149ns          485353 1c0094fe 01b888b3 add              x17, x17, x27       x17=000002cf x17:00000005 x27:000002ca
27358169ns          485354 1c009500 01a30333 add              x6, x6, x26          x6=000007aa  x6:00000021 x26:00000789
27358189ns          485355 1c009502 08015d83 lhu              x27, 128(x2)        x27=000000a1  x2:100034d8  PA:10003558
27358209ns          485356 1c009506 0000d903 lhu              x18, 0(x1)          x18=0000fdee  x1:1c002e8c  PA:1c002e8c
27358547ns          485373 1c00950a 01c686b3 add              x13, x13, x28       x13=0001feb1 x13:0000fffb x28:0000feb6
27358567ns          485374 1c00950c 00659023 sh               x6, 0(x11)           x6:000007aa x11:1c002edc  PA:1c002edc
27358885ns          485390 1c009510 40af5f13 srai             x30, x30, 0x40a     x30=00000000 x30:000000a5
27358905ns          485391 1c009514 04812e03 lw               x28, 72(x2)         x28=1c002f0c  x2:100034d8  PA:10003520
27358925ns          485392 1c009516 01bf0f33 add              x30, x30, x27       x30=000000a1 x30:00000000 x27:000000a1
27358945ns          485393 1c009518 40aede93 srai             x29, x29, 0x40a     x29=ffffffff x29:fffffc63
27358964ns          485394 1c00951c 40a75713 srai             x14, x14, 0x40a     x14=fffffff7 x14:ffffde09
27358984ns          485395 1c00951e 03812603 lw               x12, 56(x2)         x12=1c002eec  x2:100034d8  PA:10003510
27359004ns          485396 1c009520 04012d83 lw               x27, 64(x2)         x27=1c002efc  x2:100034d8  PA:10003518
27359024ns          485397 1c009522 01ee1023 sh               x30, 0(x28)         x30:000000a1 x28:1c002f0c  PA:1c002f0c
27359342ns          485413 1c009526 05812483 lw               x9, 88(x2)           x9=1c002e6c  x2:100034d8  PA:10003530
27359362ns          485414 1c009528 05012f03 lw               x30, 80(x2)         x30=1c002e7c  x2:100034d8  PA:10003528
27359382ns          485415 1c00952a 0a012583 lw               x11, 160(x2)        x11=1c002e9c  x2:100034d8  PA:10003578
27359402ns          485416 1c00952c 014787b3 add              x15, x15, x20       x15=0001f930 x15:0000ffd1 x20:0000f95f
27359422ns          485417 1c00952e 013e8eb3 add              x29, x29, x19       x29=0000ff7c x29:ffffffff x19:0000ff7d
27359442ns          485418 1c009530 01270733 add              x14, x14, x18       x14=0000fde5 x14:fffffff7 x18:0000fdee
27359462ns          485419 1c009532 00f49023 sh               x15, 0(x9)          x15:0001f930  x9:1c002e6c  PA:1c002e6c
27359800ns          485436 1c009536 01161023 sh               x17, 0(x12)         x17:000002cf x12:1c002eec  PA:1c002eec
27360138ns          485453 1c00953a 01fd9023 sh               x31, 0(x27)         x31:00000141 x27:1c002efc  PA:1c002efc
27360456ns          485469 1c00953e 00df1023 sh               x13, 0(x30)         x13:0001feb1 x30:1c002e7c  PA:1c002e7c
27360774ns          485485 1c009542 01d59023 sh               x29, 0(x11)         x29:0000ff7c x11:1c002e9c  PA:1c002e9c
27361132ns          485503 1c009546 00e09023 sh               x14, 0(x1)          x14:0000fde5  x1:1c002e8c  PA:1c002e8c
27361450ns          485519 1c00954a 01039023 sh               x16, 0(x7)          x16:0000ffb9  x7:1c002ebc  PA:1c002ebc
27361769ns          485535 1c00954e 00a29023 sh               x10, 0(x5)          x10:0000ff1c  x5:1c002eac  PA:1c002eac
27362087ns          485551 1c009552 008b0b13 addi             x22, x22, 8         x22=000001be x22:000001b6
27362107ns          485552 1c009554 1f300793 addi             x15, x0, 499        x15=000001f3
27362127ns          485553 1c009558 e767dae3 bge              x15, x22, -396      x15:000001f3 x22:000001be
27362226ns          485558 1c0093cc 010c9a0b p.lh             x20, 16(x25!)       x20=ffffff9f x25=1c002a14 x25:1c002a04  PA:1c002a04
27362564ns          485575 1c0093d0 0104198b p.lh             x19, 16(x8!)        x19=ffffff03  x8=1c0021dc  x8:1c0021cc  PA:1c0021cc
27362863ns          485590 1c0093d4 2cc10513 addi             x10, x2, 716        x10=100037a4  x2:100034d8
27362882ns          485591 1c0093d6 010a990b p.lh             x18, 16(x21!)       x18=ffffff88 x21=1c001a08 x21:1c0019f8  PA:1c0019f8
27363201ns          485607 1c0093da 010b948b p.lh             x9, 16(x23!)         x9=ffffff0b x23=1c001238 x23:1c001228  PA:1c001228
27363499ns          485622 1c0093de 2d411623 sh               x20, 716(x2)        x20:ffffff9f  x2:100034d8  PA:100037a4
27363519ns          485623 1c0093e2 2d311723 sh               x19, 718(x2)        x19:ffffff03  x2:100034d8  PA:100037a6
27363539ns          485624 1c0093e6 c33ff0ef jal              x1, -974             x1=1c0093e8
27363579ns          485626 1c009018 00051803 lh               x16, 0(x10)         x16=ffffff9f x10:100037a4  PA:100037a4
27363598ns          485627 1c00901c 00251883 lh               x17, 2(x10)         x17=ffffff03 x10:100037a4  PA:100037a6
27363618ns          485628 1c009020 030806b3 mul              x13, x16, x16       x13=000024c1 x16:ffffff9f x16:ffffff9f
27363638ns          485629 1c009024 03188633 mul              x12, x17, x17       x12=0000fa09 x17:ffffff03 x17:ffffff03
27363658ns          485630 1c009028 40a65613 srai             x12, x12, 0x40a     x12=0000003e x12:0000fa09
27363678ns          485631 1c00902a 40a6d693 srai             x13, x13, 0x40a     x13=00000009 x13:000024c1
27363698ns          485632 1c00902c 00c686b3 add              x13, x13, x12       x13=00000047 x13:00000009 x12:0000003e
27363718ns          485633 1c00902e 1006c633 p.exths          x12, x13, x0        x12=00000047 x13:00000047
27363738ns          485634 1c009032 00855703 lhu              x14, 8(x10)         x14=0000ffd1 x10:100037a4  PA:100037ac
27363758ns          485635 1c009036 00a55683 lhu              x13, 10(x10)        x13=0000ff6a x10:100037a4  PA:100037ae
27363777ns          485636 1c00903a 02c60333 mul              x6, x12, x12         x6=000013b1 x12:00000047 x12:00000047
27363797ns          485637 1c00903e 00c55783 lhu              x15, 12(x10)        x15=0000ffe5 x10:100037a4  PA:100037b0
27363817ns          485638 1c009042 00e55583 lhu              x11, 14(x10)        x11=00000060 x10:100037a4  PA:100037b2
27363837ns          485639 1c009046 dea30333 p.extract        x6, x6, 15, 10       x6=00000004  x6:000013b1
27363857ns          485640 1c00904a 80c7075b p.muls           x14, x14, x12       x14=fffff2f7 x14:0000ffd1 x12:00000047
27363877ns          485641 1c00904e 80c686db p.muls           x13, x13, x12       x13=ffffd666 x13:0000ff6a x12:00000047
27363897ns          485642 1c009052 00455e83 lhu              x29, 4(x10)         x29=00000427 x10:100037a4  PA:100037a8
27363917ns          485643 1c009056 00655e03 lhu              x28, 6(x10)         x28=0000007f x10:100037a4  PA:100037aa
27363936ns          485644 1c00905a 40a75713 srai             x14, x14, 0x40a     x14=fffffffc x14:fffff2f7
27363956ns          485645 1c00905c 806787db p.muls           x15, x15, x6        x15=ffffff94 x15:0000ffe5  x6:00000004
27363976ns          485646 1c009060 40a6d693 srai             x13, x13, 0x40a     x13=fffffff5 x13:ffffd666
27364016ns          485648 1c009062 8065865b p.muls           x12, x11, x6        x12=00000180 x11:00000060  x6:00000004
27364036ns          485649 1c009066 40a7d793 srai             x15, x15, 0x40a     x15=ffffffff x15:ffffff94
27364056ns          485650 1c009068 40a65613 srai             x12, x12, 0x40a     x12=00000000 x12:00000180
27364076ns          485651 1c00906a 01d70733 add              x14, x14, x29       x14=00000423 x14:fffffffc x29:00000427
27364096ns          485652 1c00906c 01c686b3 add              x13, x13, x28       x13=00000074 x13:fffffff5 x28:0000007f
27364115ns          485653 1c00906e 00c686b3 add              x13, x13, x12       x13=00000074 x13:00000074 x12:00000000
27364135ns          485654 1c009070 00f70733 add              x14, x14, x15       x14=00000422 x14:00000423 x15:ffffffff
27364155ns          485655 1c009072 100747b3 p.exths          x15, x14, x0        x15=00000422 x14:00000422
27364175ns          485656 1c009076 1006c733 p.exths          x14, x13, x0        x14=00000074 x13:00000074
27364195ns          485657 1c00907a 03170633 mul              x12, x14, x17       x12=ffff8d5c x14:00000074 x17:ffffff03
27364215ns          485658 1c00907e 030786b3 mul              x13, x15, x16       x13=fffe6f1e x15:00000422 x16:ffffff9f
27364235ns          485659 1c009082 03070733 mul              x14, x14, x16       x14=ffffd40c x14:00000074 x16:ffffff9f
27364255ns          485660 1c009086 031787b3 mul              x15, x15, x17       x15=fffbea66 x15:00000422 x17:ffffff03
27364275ns          485661 1c00908a 40a6d693 srai             x13, x13, 0x40a     x13=ffffff9b x13:fffe6f1e
27364294ns          485662 1c00908c 40a65613 srai             x12, x12, 0x40a     x12=ffffffe3 x12:ffff8d5c
27364314ns          485663 1c00908e 40a7d793 srai             x15, x15, 0x40a     x15=fffffefa x15:fffbea66
27364334ns          485664 1c009090 40a75713 srai             x14, x14, 0x40a     x14=fffffff5 x14:ffffd40c
27364354ns          485665 1c009092 40c686b3 sub              x13, x13, x12       x13=ffffffb8 x13:ffffff9b x12:ffffffe3
27364374ns          485666 1c009094 00e787b3 add              x15, x15, x14       x15=fffffeef x15:fffffefa x14:fffffff5
27364394ns          485667 1c009096 00d51823 sh               x13, 16(x10)        x13:ffffffb8 x10:100037a4  PA:100037b4
27364414ns          485668 1c00909a 00f51923 sh               x15, 18(x10)        x15:fffffeef x10:100037a4  PA:100037b6
27364434ns          485669 1c00909e 00008067 jalr             x0, x1, 0            x1:1c0093e8
27364513ns          485673 1c0093e8 2dc15583 lhu              x11, 732(x2)        x11=0000ffb8  x2:100034d8  PA:100037b4
27364533ns          485674 1c0093ec 2de15783 lhu              x15, 734(x2)        x15=0000feef  x2:100034d8  PA:100037b6
27364553ns          485675 1c0093f0 40b90933 sub              x18, x18, x11       x18=fffeffd0 x18:ffffff88 x11:0000ffb8
27364573ns          485676 1c0093f4 40f484b3 sub              x9, x9, x15          x9=ffff001c  x9:ffffff0b x15:0000feef
27364593ns          485677 1c0093f6 100945b3 p.exths          x11, x18, x0        x11=ffffffd0 x18:fffeffd0
27364613ns          485678 1c0093fa 1004c7b3 p.exths          x15, x9, x0         x15=0000001c  x9:ffff001c
27364633ns          485679 1c0093fe 034586b3 mul              x13, x11, x20       x13=00001230 x11:ffffffd0 x20:ffffff9f
27364652ns          485680 1c009402 03378533 mul              x10, x15, x19       x10=ffffe454 x15:0000001c x19:ffffff03
27364672ns          485681 1c009406 034a0633 mul              x12, x20, x20       x12=000024c1 x20:ffffff9f x20:ffffff9f
27364692ns          485682 1c00940a 03398733 mul              x14, x19, x19       x14=0000fa09 x19:ffffff03 x19:ffffff03
27364712ns          485683 1c00940e 034787b3 mul              x15, x15, x20       x15=fffff564 x15:0000001c x20:ffffff9f
27364732ns          485684 1c009412 033585b3 mul              x11, x11, x19       x11=00002f70 x11:ffffffd0 x19:ffffff03
27364752ns          485685 1c009416 40a75713 srai             x14, x14, 0x40a     x14=0000003e x14:0000fa09
27364772ns          485686 1c009418 40a5d593 srai             x11, x11, 0x40a     x11=0000000b x11:00002f70
27364792ns          485687 1c00941a 40a65613 srai             x12, x12, 0x40a     x12=00000009 x12:000024c1
27364812ns          485688 1c00941c 40a7d793 srai             x15, x15, 0x40a     x15=fffffffd x15:fffff564
27364831ns          485689 1c00941e 1c0034b7 lui              x9, 0x1c003000       x9=1c003000
27364851ns          485690 1c009422 00e60633 add              x12, x12, x14       x12=00000047 x12:00000009 x14:0000003e
27364871ns          485691 1c009424 40b787b3 sub              x15, x15, x11       x15=fffffff2 x15:fffffffd x11:0000000b
27364891ns          485692 1c009426 eb048493 addi             x9, x9, -336         x9=1c002eb0  x9:1c003000
27364911ns          485693 1c00942a 1c0032b7 lui              x5, 0x1c003000       x5=1c003000
27364931ns          485694 1c00942e 1c0035b7 lui              x11, 0x1c003000     x11=1c003000
27364951ns          485695 1c009432 018483b3 add              x7, x9, x24          x7=1c002ebc  x9:1c002eb0 x24:0000000c
27364971ns          485696 1c009436 02812e83 lw               x29, 40(x2)         x29=1c002ecc  x2:100034d8  PA:10003500
27364991ns          485697 1c009438 10065633 p.exthz          x12, x12, x0        x12=00000047 x12:00000047
27365010ns          485698 1c00943c e8028293 addi             x5, x5, -384         x5=1c002e80  x5:1c003000
27365050ns          485700 1c009440 ea058593 addi             x11, x11, -352      x11=1c002ea0 x11:1c003000
27365090ns          485702 1c009444 03812483 lw               x9, 56(x2)           x9=1c002eec  x2:100034d8  PA:10003510
27365110ns          485703 1c009446 10064733 p.exths          x14, x12, x0        x14=00000047 x12:00000047
27365130ns          485704 1c00944a 018280b3 add              x1, x5, x24          x1=1c002e8c  x5:1c002e80 x24:0000000c
27365150ns          485705 1c00944e 03012f03 lw               x30, 48(x2)         x30=1c002edc  x2:100034d8  PA:10003508
27365189ns          485707 1c009450 018582b3 add              x5, x11, x24         x5=1c002eac x11:1c002ea0 x24:0000000c
27365229ns          485709 1c009454 04012583 lw               x11, 64(x2)         x11=1c002efc  x2:100034d8  PA:10003518
27365249ns          485710 1c009456 000edd83 lhu              x27, 0(x29)         x27=00001d33 x29:1c002ecc  PA:1c002ecc
27365587ns          485727 1c00945a 0004d483 lhu              x9, 0(x9)            x9=000002cf  x9:1c002eec  PA:1c002eec
27365886ns          485742 1c00945e 02e70333 mul              x6, x14, x14         x6=000013b1 x14:00000047 x14:00000047
27365905ns          485743 1c009462 40a55513 srai             x10, x10, 0x40a     x10=fffffff9 x10:ffffe454
27365925ns          485744 1c009464 04812e83 lw               x29, 72(x2)         x29=1c002f0c  x2:100034d8  PA:10003520
27365945ns          485745 1c009466 40a6d693 srai             x13, x13, 0x40a     x13=00000004 x13:00001230
27365965ns          485746 1c009468 000f5d03 lhu              x26, 0(x30)         x26=000007aa x30:1c002edc  PA:1c002edc
27366263ns          485761 1c00946c 0005d583 lhu              x11, 0(x11)         x11=00000141 x11:1c002efc  PA:1c002efc
27366582ns          485777 1c009470 40a35313 srai             x6, x6, 0x40a        x6=00000004  x6:000013b1
27366601ns          485778 1c009474 00a686b3 add              x13, x13, x10       x13=fffffffd x13:00000004 x10:fffffff9
27366621ns          485779 1c009476 05012f03 lw               x30, 80(x2)         x30=1c002e7c  x2:100034d8  PA:10003528
27366641ns          485780 1c009478 10034e33 p.exths          x28, x6, x0         x28=00000004  x6:00000004
27366661ns          485781 1c00947c 06911023 sh               x9, 96(x2)           x9:000002cf  x2:100034d8  PA:10003538
27366681ns          485782 1c009480 000ede83 lhu              x29, 0(x29)         x29=000000a1 x29:1c002f0c  PA:1c002f0c
27367039ns          485800 1c009484 05812483 lw               x9, 88(x2)           x9=1c002e6c  x2:100034d8  PA:10003530
27367059ns          485801 1c009486 1006d6b3 p.exthz          x13, x13, x0        x13=0000fffd x13:fffffffd
27367079ns          485802 1c00948a 02ee08b3 mul              x17, x28, x14       x17=0000011c x28:00000004 x14:00000047
27367099ns          485803 1c00948e 1006c833 p.exths          x16, x13, x0        x16=fffffffd x13:0000fffd
27367119ns          485804 1c009492 06b11823 sh               x11, 112(x2)        x11:00000141  x2:100034d8  PA:10003548
27367138ns          485805 1c009496 000f5f03 lhu              x30, 0(x30)         x30=0000feb1 x30:1c002e7c  PA:1c002e7c
27367457ns          485821 1c00949a 0a012583 lw               x11, 160(x2)        x11=1c002e9c  x2:100034d8  PA:10003578
27367477ns          485822 1c00949c 1007d7b3 p.exthz          x15, x15, x0        x15=0000fff2 x15:fffffff2
27367496ns          485823 1c0094a0 0004da03 lhu              x20, 0(x9)          x20=0000f930  x9:1c002e6c  PA:1c002e6c
27367874ns          485842 1c0094a4 1007c533 p.exths          x10, x15, x0        x10=fffffff2 x15:0000fff2
27367894ns          485843 1c0094a8 09d11023 sh               x29, 128(x2)        x29:000000a1  x2:100034d8  PA:10003558
27367914ns          485844 1c0094ac 0003d483 lhu              x9, 0(x7)            x9=0000ffb9  x7:1c002ebc  PA:1c002ebc
27368212ns          485859 1c0094b0 02e80eb3 mul              x29, x16, x14       x29=ffffff2b x16:fffffffd x14:00000047
27368232ns          485860 1c0094b4 40a8d893 srai             x17, x17, 0x40a     x17=00000000 x17:0000011c
27368252ns          485861 1c0094b8 03c80833 mul              x16, x16, x28       x16=fffffff4 x16:fffffffd x28:00000004
27368272ns          485862 1c0094bc 09e11823 sh               x30, 144(x2)        x30:0000feb1  x2:100034d8  PA:10003568
27368312ns          485864 1c0094c0 0005d983 lhu              x19, 0(x11)         x19=0000ff7c x11:1c002e9c  PA:1c002e9c
27368650ns          485881 1c0094c4 81c88f5b p.muls           x30, x17, x28       x30=00000000 x17:00000000 x28:00000004
27368670ns          485882 1c0094c8 0002d583 lhu              x11, 0(x5)          x11=0000ff1c  x5:1c002eac  PA:1c002eac
27369048ns          485901 1c0094cc 03ce0fb3 mul              x31, x28, x28       x31=00000010 x28:00000004 x28:00000004
27369068ns          485902 1c0094d0 02e50733 mul              x14, x10, x14       x14=fffffc1e x10:fffffff2 x14:00000047
27369087ns          485903 1c0094d4 40a85813 srai             x16, x16, 0x40a     x16=ffffffff x16:fffffff4
27369107ns          485904 1c0094d8 03c50533 mul              x10, x10, x28       x10=ffffffc8 x10:fffffff2 x28:00000004
27369127ns          485905 1c0094dc 07015e03 lhu              x28, 112(x2)        x28=00000141  x2:100034d8  PA:10003548
27369147ns          485906 1c0094e0 01b60633 add              x12, x12, x27       x12=00001d7a x12:00000047 x27:00001d33
27369167ns          485907 1c0094e2 00980833 add              x16, x16, x9        x16=0000ffb8 x16:ffffffff  x9:0000ffb9
27369187ns          485908 1c0094e4 06015d83 lhu              x27, 96(x2)         x27=000002cf  x2:100034d8  PA:10003538
27369207ns          485909 1c0094e8 02812483 lw               x9, 40(x2)           x9=1c002ecc  x2:100034d8  PA:10003500
27369227ns          485910 1c0094ea 40afdf93 srai             x31, x31, 0x40a     x31=00000000 x31:00000010
27369247ns          485911 1c0094ee 40a55513 srai             x10, x10, 0x40a     x10=ffffffff x10:ffffffc8
27369266ns          485912 1c0094f0 01cf8fb3 add              x31, x31, x28       x31=00000141 x31:00000000 x28:00000141
27369286ns          485913 1c0094f2 00b50533 add              x10, x10, x11       x10=0000ff1b x10:ffffffff x11:0000ff1c
27369306ns          485914 1c0094f4 09015e03 lhu              x28, 144(x2)        x28=0000feb1  x2:100034d8  PA:10003568
27369326ns          485915 1c0094f8 03012583 lw               x11, 48(x2)         x11=1c002edc  x2:100034d8  PA:10003508
27369346ns          485916 1c0094fa 00c49023 sh               x12, 0(x9)          x12:00001d7a  x9:1c002ecc  PA:1c002ecc
27369664ns          485932 1c0094fe 01b888b3 add              x17, x17, x27       x17=000002cf x17:00000000 x27:000002cf
27369684ns          485933 1c009500 01a30333 add              x6, x6, x26          x6=000007ae  x6:00000004 x26:000007aa
27369704ns          485934 1c009502 08015d83 lhu              x27, 128(x2)        x27=000000a1  x2:100034d8  PA:10003558
27369724ns          485935 1c009506 0000d903 lhu              x18, 0(x1)          x18=0000fde5  x1:1c002e8c  PA:1c002e8c
27370042ns          485951 1c00950a 01c686b3 add              x13, x13, x28       x13=0001feae x13:0000fffd x28:0000feb1
27370062ns          485952 1c00950c 00659023 sh               x6, 0(x11)           x6:000007ae x11:1c002edc  PA:1c002edc
27370380ns          485968 1c009510 40af5f13 srai             x30, x30, 0x40a     x30=00000000 x30:00000000
27370400ns          485969 1c009514 04812e03 lw               x28, 72(x2)         x28=1c002f0c  x2:100034d8  PA:10003520
27370420ns          485970 1c009516 01bf0f33 add              x30, x30, x27       x30=000000a1 x30:00000000 x27:000000a1
27370440ns          485971 1c009518 40aede93 srai             x29, x29, 0x40a     x29=ffffffff x29:ffffff2b
27370460ns          485972 1c00951c 40a75713 srai             x14, x14, 0x40a     x14=ffffffff x14:fffffc1e
27370480ns          485973 1c00951e 03812603 lw               x12, 56(x2)         x12=1c002eec  x2:100034d8  PA:10003510
27370500ns          485974 1c009520 04012d83 lw               x27, 64(x2)         x27=1c002efc  x2:100034d8  PA:10003518
27370519ns          485975 1c009522 01ee1023 sh               x30, 0(x28)         x30:000000a1 x28:1c002f0c  PA:1c002f0c
27370838ns          485991 1c009526 05812483 lw               x9, 88(x2)           x9=1c002e6c  x2:100034d8  PA:10003530
27370858ns          485992 1c009528 05012f03 lw               x30, 80(x2)         x30=1c002e7c  x2:100034d8  PA:10003528
27370877ns          485993 1c00952a 0a012583 lw               x11, 160(x2)        x11=1c002e9c  x2:100034d8  PA:10003578
27370897ns          485994 1c00952c 014787b3 add              x15, x15, x20       x15=0001f922 x15:0000fff2 x20:0000f930
27370917ns          485995 1c00952e 013e8eb3 add              x29, x29, x19       x29=0000ff7b x29:ffffffff x19:0000ff7c
27370937ns          485996 1c009530 01270733 add              x14, x14, x18       x14=0000fde4 x14:ffffffff x18:0000fde5
27370957ns          485997 1c009532 00f49023 sh               x15, 0(x9)          x15:0001f922  x9:1c002e6c  PA:1c002e6c
27371275ns          486013 1c009536 01161023 sh               x17, 0(x12)         x17:000002cf x12:1c002eec  PA:1c002eec
27371593ns          486029 1c00953a 01fd9023 sh               x31, 0(x27)         x31:00000141 x27:1c002efc  PA:1c002efc
27371912ns          486045 1c00953e 00df1023 sh               x13, 0(x30)         x13:0001feae x30:1c002e7c  PA:1c002e7c
27372230ns          486061 1c009542 01d59023 sh               x29, 0(x11)         x29:0000ff7b x11:1c002e9c  PA:1c002e9c
27372548ns          486077 1c009546 00e09023 sh               x14, 0(x1)          x14:0000fde4  x1:1c002e8c  PA:1c002e8c
27372866ns          486093 1c00954a 01039023 sh               x16, 0(x7)          x16:0000ffb8  x7:1c002ebc  PA:1c002ebc
27373184ns          486109 1c00954e 00a29023 sh               x10, 0(x5)          x10:0000ff1b  x5:1c002eac  PA:1c002eac
27373523ns          486126 1c009552 008b0b13 addi             x22, x22, 8         x22=000001c6 x22:000001be
27373542ns          486127 1c009554 1f300793 addi             x15, x0, 499        x15=000001f3
27373562ns          486128 1c009558 e767dae3 bge              x15, x22, -396      x15:000001f3 x22:000001c6
27373662ns          486133 1c0093cc 010c9a0b p.lh             x20, 16(x25!)       x20=ffffffd1 x25=1c002a24 x25:1c002a14  PA:1c002a14
27373980ns          486149 1c0093d0 0104198b p.lh             x19, 16(x8!)        x19=ffffffdf  x8=1c0021ec  x8:1c0021dc  PA:1c0021dc
27374318ns          486166 1c0093d4 2cc10513 addi             x10, x2, 716        x10=100037a4  x2:100034d8
27374338ns          486167 1c0093d6 010a990b p.lh             x18, 16(x21!)       x18=ffffffcf x21=1c001a18 x21:1c001a08  PA:1c001a08
27374636ns          486182 1c0093da 010b948b p.lh             x9, 16(x23!)         x9=ffffffde x23=1c001248 x23:1c001238  PA:1c001238
27374935ns          486197 1c0093de 2d411623 sh               x20, 716(x2)        x20:ffffffd1  x2:100034d8  PA:100037a4
27374954ns          486198 1c0093e2 2d311723 sh               x19, 718(x2)        x19:ffffffdf  x2:100034d8  PA:100037a6
27374974ns          486199 1c0093e6 c33ff0ef jal              x1, -974             x1=1c0093e8
27375054ns          486203 1c009018 00051803 lh               x16, 0(x10)         x16=ffffffd1 x10:100037a4  PA:100037a4
27375094ns          486205 1c00901c 00251883 lh               x17, 2(x10)         x17=ffffffdf x10:100037a4  PA:100037a6
27375173ns          486209 1c009020 030806b3 mul              x13, x16, x16       x13=000008a1 x16:ffffffd1 x16:ffffffd1
27375213ns          486211 1c009024 03188633 mul              x12, x17, x17       x12=00000441 x17:ffffffdf x17:ffffffdf
27375233ns          486212 1c009028 40a65613 srai             x12, x12, 0x40a     x12=00000001 x12:00000441
27375253ns          486213 1c00902a 40a6d693 srai             x13, x13, 0x40a     x13=00000002 x13:000008a1
27375273ns          486214 1c00902c 00c686b3 add              x13, x13, x12       x13=00000003 x13:00000002 x12:00000001
27375293ns          486215 1c00902e 1006c633 p.exths          x12, x13, x0        x12=00000003 x13:00000003
27375312ns          486216 1c009032 00855703 lhu              x14, 8(x10)         x14=0000ffd1 x10:100037a4  PA:100037ac
27375332ns          486217 1c009036 00a55683 lhu              x13, 10(x10)        x13=0000ff6a x10:100037a4  PA:100037ae
27375352ns          486218 1c00903a 02c60333 mul              x6, x12, x12         x6=00000009 x12:00000003 x12:00000003
27375372ns          486219 1c00903e 00c55783 lhu              x15, 12(x10)        x15=0000ffe5 x10:100037a4  PA:100037b0
27375392ns          486220 1c009042 00e55583 lhu              x11, 14(x10)        x11=00000060 x10:100037a4  PA:100037b2
27375412ns          486221 1c009046 dea30333 p.extract        x6, x6, 15, 10       x6=00000000  x6:00000009
27375432ns          486222 1c00904a 80c7075b p.muls           x14, x14, x12       x14=ffffff73 x14:0000ffd1 x12:00000003
27375452ns          486223 1c00904e 80c686db p.muls           x13, x13, x12       x13=fffffe3e x13:0000ff6a x12:00000003
27375472ns          486224 1c009052 00455e83 lhu              x29, 4(x10)         x29=00000427 x10:100037a4  PA:100037a8
27375491ns          486225 1c009056 00655e03 lhu              x28, 6(x10)         x28=0000007f x10:100037a4  PA:100037aa
27375511ns          486226 1c00905a 40a75713 srai             x14, x14, 0x40a     x14=ffffffff x14:ffffff73
27375531ns          486227 1c00905c 806787db p.muls           x15, x15, x6        x15=00000000 x15:0000ffe5  x6:00000000
27375551ns          486228 1c009060 40a6d693 srai             x13, x13, 0x40a     x13=ffffffff x13:fffffe3e
27375591ns          486230 1c009062 8065865b p.muls           x12, x11, x6        x12=00000000 x11:00000060  x6:00000000
27375611ns          486231 1c009066 40a7d793 srai             x15, x15, 0x40a     x15=00000000 x15:00000000
27375631ns          486232 1c009068 40a65613 srai             x12, x12, 0x40a     x12=00000000 x12:00000000
27375651ns          486233 1c00906a 01d70733 add              x14, x14, x29       x14=00000426 x14:ffffffff x29:00000427
27375670ns          486234 1c00906c 01c686b3 add              x13, x13, x28       x13=0000007e x13:ffffffff x28:0000007f
27375690ns          486235 1c00906e 00c686b3 add              x13, x13, x12       x13=0000007e x13:0000007e x12:00000000
27375710ns          486236 1c009070 00f70733 add              x14, x14, x15       x14=00000426 x14:00000426 x15:00000000
27375730ns          486237 1c009072 100747b3 p.exths          x15, x14, x0        x15=00000426 x14:00000426
27375750ns          486238 1c009076 1006c733 p.exths          x14, x13, x0        x14=0000007e x13:0000007e
27375770ns          486239 1c00907a 03170633 mul              x12, x14, x17       x12=ffffefc2 x14:0000007e x17:ffffffdf
27375790ns          486240 1c00907e 030786b3 mul              x13, x15, x16       x13=ffff3d06 x15:00000426 x16:ffffffd1
27375810ns          486241 1c009082 03070733 mul              x14, x14, x16       x14=ffffe8de x14:0000007e x16:ffffffd1
27375830ns          486242 1c009086 031787b3 mul              x15, x15, x17       x15=ffff771a x15:00000426 x17:ffffffdf
27375849ns          486243 1c00908a 40a6d693 srai             x13, x13, 0x40a     x13=ffffffcf x13:ffff3d06
27375869ns          486244 1c00908c 40a65613 srai             x12, x12, 0x40a     x12=fffffffb x12:ffffefc2
27375889ns          486245 1c00908e 40a7d793 srai             x15, x15, 0x40a     x15=ffffffdd x15:ffff771a
27375909ns          486246 1c009090 40a75713 srai             x14, x14, 0x40a     x14=fffffffa x14:ffffe8de
27375929ns          486247 1c009092 40c686b3 sub              x13, x13, x12       x13=ffffffd4 x13:ffffffcf x12:fffffffb
27375949ns          486248 1c009094 00e787b3 add              x15, x15, x14       x15=ffffffd7 x15:ffffffdd x14:fffffffa
27375969ns          486249 1c009096 00d51823 sh               x13, 16(x10)        x13:ffffffd4 x10:100037a4  PA:100037b4
27375989ns          486250 1c00909a 00f51923 sh               x15, 18(x10)        x15:ffffffd7 x10:100037a4  PA:100037b6
27376009ns          486251 1c00909e 00008067 jalr             x0, x1, 0            x1:1c0093e8
27376088ns          486255 1c0093e8 2dc15583 lhu              x11, 732(x2)        x11=0000ffd4  x2:100034d8  PA:100037b4
27376108ns          486256 1c0093ec 2de15783 lhu              x15, 734(x2)        x15=0000ffd7  x2:100034d8  PA:100037b6
27376128ns          486257 1c0093f0 40b90933 sub              x18, x18, x11       x18=fffefffb x18:ffffffcf x11:0000ffd4
27376148ns          486258 1c0093f4 40f484b3 sub              x9, x9, x15          x9=ffff0007  x9:ffffffde x15:0000ffd7
27376168ns          486259 1c0093f6 100945b3 p.exths          x11, x18, x0        x11=fffffffb x18:fffefffb
27376188ns          486260 1c0093fa 1004c7b3 p.exths          x15, x9, x0         x15=00000007  x9:ffff0007
27376207ns          486261 1c0093fe 034586b3 mul              x13, x11, x20       x13=000000eb x11:fffffffb x20:ffffffd1
27376227ns          486262 1c009402 03378533 mul              x10, x15, x19       x10=ffffff19 x15:00000007 x19:ffffffdf
27376247ns          486263 1c009406 034a0633 mul              x12, x20, x20       x12=000008a1 x20:ffffffd1 x20:ffffffd1
27376267ns          486264 1c00940a 03398733 mul              x14, x19, x19       x14=00000441 x19:ffffffdf x19:ffffffdf
27376287ns          486265 1c00940e 034787b3 mul              x15, x15, x20       x15=fffffeb7 x15:00000007 x20:ffffffd1
27376307ns          486266 1c009412 033585b3 mul              x11, x11, x19       x11=000000a5 x11:fffffffb x19:ffffffdf
27376327ns          486267 1c009416 40a75713 srai             x14, x14, 0x40a     x14=00000001 x14:00000441
27376347ns          486268 1c009418 40a5d593 srai             x11, x11, 0x40a     x11=00000000 x11:000000a5
27376366ns          486269 1c00941a 40a65613 srai             x12, x12, 0x40a     x12=00000002 x12:000008a1
27376386ns          486270 1c00941c 40a7d793 srai             x15, x15, 0x40a     x15=ffffffff x15:fffffeb7
27376406ns          486271 1c00941e 1c0034b7 lui              x9, 0x1c003000       x9=1c003000
27376426ns          486272 1c009422 00e60633 add              x12, x12, x14       x12=00000003 x12:00000002 x14:00000001
27376446ns          486273 1c009424 40b787b3 sub              x15, x15, x11       x15=ffffffff x15:ffffffff x11:00000000
27376466ns          486274 1c009426 eb048493 addi             x9, x9, -336         x9=1c002eb0  x9:1c003000
27376486ns          486275 1c00942a 1c0032b7 lui              x5, 0x1c003000       x5=1c003000
27376506ns          486276 1c00942e 1c0035b7 lui              x11, 0x1c003000     x11=1c003000
27376526ns          486277 1c009432 018483b3 add              x7, x9, x24          x7=1c002ebc  x9:1c002eb0 x24:0000000c
27376545ns          486278 1c009436 02812e83 lw               x29, 40(x2)         x29=1c002ecc  x2:100034d8  PA:10003500
27376565ns          486279 1c009438 10065633 p.exthz          x12, x12, x0        x12=00000003 x12:00000003
27376585ns          486280 1c00943c e8028293 addi             x5, x5, -384         x5=1c002e80  x5:1c003000
27376605ns          486281 1c009440 ea058593 addi             x11, x11, -352      x11=1c002ea0 x11:1c003000
27376645ns          486283 1c009444 03812483 lw               x9, 56(x2)           x9=1c002eec  x2:100034d8  PA:10003510
27376665ns          486284 1c009446 10064733 p.exths          x14, x12, x0        x14=00000003 x12:00000003
27376685ns          486285 1c00944a 018280b3 add              x1, x5, x24          x1=1c002e8c  x5:1c002e80 x24:0000000c
27376705ns          486286 1c00944e 03012f03 lw               x30, 48(x2)         x30=1c002edc  x2:100034d8  PA:10003508
27376744ns          486288 1c009450 018582b3 add              x5, x11, x24         x5=1c002eac x11:1c002ea0 x24:0000000c
27376784ns          486290 1c009454 04012583 lw               x11, 64(x2)         x11=1c002efc  x2:100034d8  PA:10003518
27376804ns          486291 1c009456 000edd83 lhu              x27, 0(x29)         x27=00001d7a x29:1c002ecc  PA:1c002ecc
27377122ns          486307 1c00945a 0004d483 lhu              x9, 0(x9)            x9=000002cf  x9:1c002eec  PA:1c002eec
27377500ns          486326 1c00945e 02e70333 mul              x6, x14, x14         x6=00000009 x14:00000003 x14:00000003
27377520ns          486327 1c009462 40a55513 srai             x10, x10, 0x40a     x10=ffffffff x10:ffffff19
27377540ns          486328 1c009464 04812e83 lw               x29, 72(x2)         x29=1c002f0c  x2:100034d8  PA:10003520
27377560ns          486329 1c009466 40a6d693 srai             x13, x13, 0x40a     x13=00000000 x13:000000eb
27377580ns          486330 1c009468 000f5d03 lhu              x26, 0(x30)         x26=000007ae x30:1c002edc  PA:1c002edc
27377878ns          486345 1c00946c 0005d583 lhu              x11, 0(x11)         x11=00000141 x11:1c002efc  PA:1c002efc
27378176ns          486360 1c009470 40a35313 srai             x6, x6, 0x40a        x6=00000000  x6:00000009
27378196ns          486361 1c009474 00a686b3 add              x13, x13, x10       x13=ffffffff x13:00000000 x10:ffffffff
27378216ns          486362 1c009476 05012f03 lw               x30, 80(x2)         x30=1c002e7c  x2:100034d8  PA:10003528
27378236ns          486363 1c009478 10034e33 p.exths          x28, x6, x0         x28=00000000  x6:00000000
27378256ns          486364 1c00947c 06911023 sh               x9, 96(x2)           x9:000002cf  x2:100034d8  PA:10003538
27378276ns          486365 1c009480 000ede83 lhu              x29, 0(x29)         x29=000000a1 x29:1c002f0c  PA:1c002f0c
27378594ns          486381 1c009484 05812483 lw               x9, 88(x2)           x9=1c002e6c  x2:100034d8  PA:10003530
27378614ns          486382 1c009486 1006d6b3 p.exthz          x13, x13, x0        x13=0000ffff x13:ffffffff
27378634ns          486383 1c00948a 02ee08b3 mul              x17, x28, x14       x17=00000000 x28:00000000 x14:00000003
27378654ns          486384 1c00948e 1006c833 p.exths          x16, x13, x0        x16=ffffffff x13:0000ffff
27378674ns          486385 1c009492 06b11823 sh               x11, 112(x2)        x11:00000141  x2:100034d8  PA:10003548
27378693ns          486386 1c009496 000f5f03 lhu              x30, 0(x30)         x30=0000feae x30:1c002e7c  PA:1c002e7c
27379031ns          486403 1c00949a 0a012583 lw               x11, 160(x2)        x11=1c002e9c  x2:100034d8  PA:10003578
27379051ns          486404 1c00949c 1007d7b3 p.exthz          x15, x15, x0        x15=0000ffff x15:ffffffff
27379071ns          486405 1c0094a0 0004da03 lhu              x20, 0(x9)          x20=0000f922  x9:1c002e6c  PA:1c002e6c
27379449ns          486424 1c0094a4 1007c533 p.exths          x10, x15, x0        x10=ffffffff x15:0000ffff
27379469ns          486425 1c0094a8 09d11023 sh               x29, 128(x2)        x29:000000a1  x2:100034d8  PA:10003558
27379489ns          486426 1c0094ac 0003d483 lhu              x9, 0(x7)            x9=0000ffb8  x7:1c002ebc  PA:1c002ebc
27379787ns          486441 1c0094b0 02e80eb3 mul              x29, x16, x14       x29=fffffffd x16:ffffffff x14:00000003
27379807ns          486442 1c0094b4 40a8d893 srai             x17, x17, 0x40a     x17=00000000 x17:00000000
27379827ns          486443 1c0094b8 03c80833 mul              x16, x16, x28       x16=00000000 x16:ffffffff x28:00000000
27379847ns          486444 1c0094bc 09e11823 sh               x30, 144(x2)        x30:0000feae  x2:100034d8  PA:10003568
27379887ns          486446 1c0094c0 0005d983 lhu              x19, 0(x11)         x19=0000ff7b x11:1c002e9c  PA:1c002e9c
27380225ns          486463 1c0094c4 81c88f5b p.muls           x30, x17, x28       x30=00000000 x17:00000000 x28:00000000
27380245ns          486464 1c0094c8 0002d583 lhu              x11, 0(x5)          x11=0000ff1b  x5:1c002eac  PA:1c002eac
27380543ns          486479 1c0094cc 03ce0fb3 mul              x31, x28, x28       x31=00000000 x28:00000000 x28:00000000
27380563ns          486480 1c0094d0 02e50733 mul              x14, x10, x14       x14=fffffffd x10:ffffffff x14:00000003
27380583ns          486481 1c0094d4 40a85813 srai             x16, x16, 0x40a     x16=00000000 x16:00000000
27380603ns          486482 1c0094d8 03c50533 mul              x10, x10, x28       x10=00000000 x10:ffffffff x28:00000000
27380623ns          486483 1c0094dc 07015e03 lhu              x28, 112(x2)        x28=00000141  x2:100034d8  PA:10003548
27380662ns          486485 1c0094e0 01b60633 add              x12, x12, x27       x12=00001d7d x12:00000003 x27:00001d7a
27380682ns          486486 1c0094e2 00980833 add              x16, x16, x9        x16=0000ffb8 x16:00000000  x9:0000ffb8
27380702ns          486487 1c0094e4 06015d83 lhu              x27, 96(x2)         x27=000002cf  x2:100034d8  PA:10003538
27380722ns          486488 1c0094e8 02812483 lw               x9, 40(x2)           x9=1c002ecc  x2:100034d8  PA:10003500
27380742ns          486489 1c0094ea 40afdf93 srai             x31, x31, 0x40a     x31=00000000 x31:00000000
27380762ns          486490 1c0094ee 40a55513 srai             x10, x10, 0x40a     x10=00000000 x10:00000000
27380782ns          486491 1c0094f0 01cf8fb3 add              x31, x31, x28       x31=00000141 x31:00000000 x28:00000141
27380802ns          486492 1c0094f2 00b50533 add              x10, x10, x11       x10=0000ff1b x10:00000000 x11:0000ff1b
27380821ns          486493 1c0094f4 09015e03 lhu              x28, 144(x2)        x28=0000feae  x2:100034d8  PA:10003568
27380841ns          486494 1c0094f8 03012583 lw               x11, 48(x2)         x11=1c002edc  x2:100034d8  PA:10003508
27380861ns          486495 1c0094fa 00c49023 sh               x12, 0(x9)          x12:00001d7d  x9:1c002ecc  PA:1c002ecc
27381179ns          486511 1c0094fe 01b888b3 add              x17, x17, x27       x17=000002cf x17:00000000 x27:000002cf
27381199ns          486512 1c009500 01a30333 add              x6, x6, x26          x6=000007ae  x6:00000000 x26:000007ae
27381219ns          486513 1c009502 08015d83 lhu              x27, 128(x2)        x27=000000a1  x2:100034d8  PA:10003558
27381239ns          486514 1c009506 0000d903 lhu              x18, 0(x1)          x18=0000fde4  x1:1c002e8c  PA:1c002e8c
27381537ns          486529 1c00950a 01c686b3 add              x13, x13, x28       x13=0001fead x13:0000ffff x28:0000feae
27381557ns          486530 1c00950c 00659023 sh               x6, 0(x11)           x6:000007ae x11:1c002edc  PA:1c002edc
27381895ns          486547 1c009510 40af5f13 srai             x30, x30, 0x40a     x30=00000000 x30:00000000
27381915ns          486548 1c009514 04812e03 lw               x28, 72(x2)         x28=1c002f0c  x2:100034d8  PA:10003520
27381935ns          486549 1c009516 01bf0f33 add              x30, x30, x27       x30=000000a1 x30:00000000 x27:000000a1
27381955ns          486550 1c009518 40aede93 srai             x29, x29, 0x40a     x29=ffffffff x29:fffffffd
27381975ns          486551 1c00951c 40a75713 srai             x14, x14, 0x40a     x14=ffffffff x14:fffffffd
27381995ns          486552 1c00951e 03812603 lw               x12, 56(x2)         x12=1c002eec  x2:100034d8  PA:10003510
27382015ns          486553 1c009520 04012d83 lw               x27, 64(x2)         x27=1c002efc  x2:100034d8  PA:10003518
27382035ns          486554 1c009522 01ee1023 sh               x30, 0(x28)         x30:000000a1 x28:1c002f0c  PA:1c002f0c
27382393ns          486572 1c009526 05812483 lw               x9, 88(x2)           x9=1c002e6c  x2:100034d8  PA:10003530
27382412ns          486573 1c009528 05012f03 lw               x30, 80(x2)         x30=1c002e7c  x2:100034d8  PA:10003528
27382432ns          486574 1c00952a 0a012583 lw               x11, 160(x2)        x11=1c002e9c  x2:100034d8  PA:10003578
27382452ns          486575 1c00952c 014787b3 add              x15, x15, x20       x15=0001f921 x15:0000ffff x20:0000f922
27382472ns          486576 1c00952e 013e8eb3 add              x29, x29, x19       x29=0000ff7a x29:ffffffff x19:0000ff7b
27382492ns          486577 1c009530 01270733 add              x14, x14, x18       x14=0000fde3 x14:ffffffff x18:0000fde4
27382512ns          486578 1c009532 00f49023 sh               x15, 0(x9)          x15:0001f921  x9:1c002e6c  PA:1c002e6c
27382850ns          486595 1c009536 01161023 sh               x17, 0(x12)         x17:000002cf x12:1c002eec  PA:1c002eec
27383168ns          486611 1c00953a 01fd9023 sh               x31, 0(x27)         x31:00000141 x27:1c002efc  PA:1c002efc
27383506ns          486628 1c00953e 00df1023 sh               x13, 0(x30)         x13:0001fead x30:1c002e7c  PA:1c002e7c
27383824ns          486644 1c009542 01d59023 sh               x29, 0(x11)         x29:0000ff7a x11:1c002e9c  PA:1c002e9c
27384163ns          486661 1c009546 00e09023 sh               x14, 0(x1)          x14:0000fde3  x1:1c002e8c  PA:1c002e8c
27384481ns          486677 1c00954a 01039023 sh               x16, 0(x7)          x16:0000ffb8  x7:1c002ebc  PA:1c002ebc
27384819ns          486694 1c00954e 00a29023 sh               x10, 0(x5)          x10:0000ff1b  x5:1c002eac  PA:1c002eac
27385137ns          486710 1c009552 008b0b13 addi             x22, x22, 8         x22=000001ce x22:000001c6
27385157ns          486711 1c009554 1f300793 addi             x15, x0, 499        x15=000001f3
27385177ns          486712 1c009558 e767dae3 bge              x15, x22, -396      x15:000001f3 x22:000001ce
27385237ns          486715 1c0093cc 010c9a0b p.lh             x20, 16(x25!)       x20=000001ba x25=1c002a34 x25:1c002a24  PA:1c002a24
27385555ns          486731 1c0093d0 0104198b p.lh             x19, 16(x8!)        x19=ffffffe7  x8=1c0021fc  x8:1c0021ec  PA:1c0021ec
27385853ns          486746 1c0093d4 2cc10513 addi             x10, x2, 716        x10=100037a4  x2:100034d8
27385873ns          486747 1c0093d6 010a990b p.lh             x18, 16(x21!)       x18=000001a2 x21=1c001a28 x21:1c001a18  PA:1c001a18
27386191ns          486763 1c0093da 010b948b p.lh             x9, 16(x23!)         x9=ffffffc1 x23=1c001258 x23:1c001248  PA:1c001248
27386509ns          486779 1c0093de 2d411623 sh               x20, 716(x2)        x20:000001ba  x2:100034d8  PA:100037a4
27386529ns          486780 1c0093e2 2d311723 sh               x19, 718(x2)        x19:ffffffe7  x2:100034d8  PA:100037a6
27386549ns          486781 1c0093e6 c33ff0ef jal              x1, -974             x1=1c0093e8
27386629ns          486785 1c009018 00051803 lh               x16, 0(x10)         x16=000001ba x10:100037a4  PA:100037a4
27386668ns          486787 1c00901c 00251883 lh               x17, 2(x10)         x17=ffffffe7 x10:100037a4  PA:100037a6
27386688ns          486788 1c009020 030806b3 mul              x13, x16, x16       x13=0002fb24 x16:000001ba x16:000001ba
27386708ns          486789 1c009024 03188633 mul              x12, x17, x17       x12=00000271 x17:ffffffe7 x17:ffffffe7
27386728ns          486790 1c009028 40a65613 srai             x12, x12, 0x40a     x12=00000000 x12:00000271
27386748ns          486791 1c00902a 40a6d693 srai             x13, x13, 0x40a     x13=000000be x13:0002fb24
27386768ns          486792 1c00902c 00c686b3 add              x13, x13, x12       x13=000000be x13:000000be x12:00000000
27386788ns          486793 1c00902e 1006c633 p.exths          x12, x13, x0        x12=000000be x13:000000be
27386808ns          486794 1c009032 00855703 lhu              x14, 8(x10)         x14=0000ffd1 x10:100037a4  PA:100037ac
27386828ns          486795 1c009036 00a55683 lhu              x13, 10(x10)        x13=0000ff6a x10:100037a4  PA:100037ae
27386847ns          486796 1c00903a 02c60333 mul              x6, x12, x12         x6=00008d04 x12:000000be x12:000000be
27386867ns          486797 1c00903e 00c55783 lhu              x15, 12(x10)        x15=0000ffe5 x10:100037a4  PA:100037b0
27386887ns          486798 1c009042 00e55583 lhu              x11, 14(x10)        x11=00000060 x10:100037a4  PA:100037b2
27386907ns          486799 1c009046 dea30333 p.extract        x6, x6, 15, 10       x6=00000023  x6:00008d04
27386927ns          486800 1c00904a 80c7075b p.muls           x14, x14, x12       x14=ffffdd1e x14:0000ffd1 x12:000000be
27386967ns          486802 1c00904e 80c686db p.muls           x13, x13, x12       x13=ffff90ac x13:0000ff6a x12:000000be
27387007ns          486804 1c009052 00455e83 lhu              x29, 4(x10)         x29=00000427 x10:100037a4  PA:100037a8
27387026ns          486805 1c009056 00655e03 lhu              x28, 6(x10)         x28=0000007f x10:100037a4  PA:100037aa
27387046ns          486806 1c00905a 40a75713 srai             x14, x14, 0x40a     x14=fffffff7 x14:ffffdd1e
27387066ns          486807 1c00905c 806787db p.muls           x15, x15, x6        x15=fffffc4f x15:0000ffe5  x6:00000023
27387106ns          486809 1c009060 40a6d693 srai             x13, x13, 0x40a     x13=ffffffe4 x13:ffff90ac
27387146ns          486811 1c009062 8065865b p.muls           x12, x11, x6        x12=00000d20 x11:00000060  x6:00000023
27387166ns          486812 1c009066 40a7d793 srai             x15, x15, 0x40a     x15=ffffffff x15:fffffc4f
27387186ns          486813 1c009068 40a65613 srai             x12, x12, 0x40a     x12=00000003 x12:00000d20
27387205ns          486814 1c00906a 01d70733 add              x14, x14, x29       x14=0000041e x14:fffffff7 x29:00000427
27387225ns          486815 1c00906c 01c686b3 add              x13, x13, x28       x13=00000063 x13:ffffffe4 x28:0000007f
27387245ns          486816 1c00906e 00c686b3 add              x13, x13, x12       x13=00000066 x13:00000063 x12:00000003
27387265ns          486817 1c009070 00f70733 add              x14, x14, x15       x14=0000041d x14:0000041e x15:ffffffff
27387285ns          486818 1c009072 100747b3 p.exths          x15, x14, x0        x15=0000041d x14:0000041d
27387305ns          486819 1c009076 1006c733 p.exths          x14, x13, x0        x14=00000066 x13:00000066
27387325ns          486820 1c00907a 03170633 mul              x12, x14, x17       x12=fffff60a x14:00000066 x17:ffffffe7
27387345ns          486821 1c00907e 030786b3 mul              x13, x15, x16       x13=00071a12 x15:0000041d x16:000001ba
27387365ns          486822 1c009082 03070733 mul              x14, x14, x16       x14=0000b01c x14:00000066 x16:000001ba
27387384ns          486823 1c009086 031787b3 mul              x15, x15, x17       x15=ffff992b x15:0000041d x17:ffffffe7
27387404ns          486824 1c00908a 40a6d693 srai             x13, x13, 0x40a     x13=000001c6 x13:00071a12
27387424ns          486825 1c00908c 40a65613 srai             x12, x12, 0x40a     x12=fffffffd x12:fffff60a
27387444ns          486826 1c00908e 40a7d793 srai             x15, x15, 0x40a     x15=ffffffe6 x15:ffff992b
27387464ns          486827 1c009090 40a75713 srai             x14, x14, 0x40a     x14=0000002c x14:0000b01c
27387484ns          486828 1c009092 40c686b3 sub              x13, x13, x12       x13=000001c9 x13:000001c6 x12:fffffffd
27387504ns          486829 1c009094 00e787b3 add              x15, x15, x14       x15=00000012 x15:ffffffe6 x14:0000002c
27387524ns          486830 1c009096 00d51823 sh               x13, 16(x10)        x13:000001c9 x10:100037a4  PA:100037b4
27387544ns          486831 1c00909a 00f51923 sh               x15, 18(x10)        x15:00000012 x10:100037a4  PA:100037b6
27387563ns          486832 1c00909e 00008067 jalr             x0, x1, 0            x1:1c0093e8
27387603ns          486834 1c0093e8 2dc15583 lhu              x11, 732(x2)        x11=000001c9  x2:100034d8  PA:100037b4
27387623ns          486835 1c0093ec 2de15783 lhu              x15, 734(x2)        x15=00000012  x2:100034d8  PA:100037b6
27387643ns          486836 1c0093f0 40b90933 sub              x18, x18, x11       x18=ffffffd9 x18:000001a2 x11:000001c9
27387663ns          486837 1c0093f4 40f484b3 sub              x9, x9, x15          x9=ffffffaf  x9:ffffffc1 x15:00000012
27387683ns          486838 1c0093f6 100945b3 p.exths          x11, x18, x0        x11=ffffffd9 x18:ffffffd9
27387703ns          486839 1c0093fa 1004c7b3 p.exths          x15, x9, x0         x15=ffffffaf  x9:ffffffaf
27387723ns          486840 1c0093fe 034586b3 mul              x13, x11, x20       x13=ffffbcaa x11:ffffffd9 x20:000001ba
27387742ns          486841 1c009402 03378533 mul              x10, x15, x19       x10=000007e9 x15:ffffffaf x19:ffffffe7
27387762ns          486842 1c009406 034a0633 mul              x12, x20, x20       x12=0002fb24 x20:000001ba x20:000001ba
27387782ns          486843 1c00940a 03398733 mul              x14, x19, x19       x14=00000271 x19:ffffffe7 x19:ffffffe7
27387802ns          486844 1c00940e 034787b3 mul              x15, x15, x20       x15=ffff7426 x15:ffffffaf x20:000001ba
27387822ns          486845 1c009412 033585b3 mul              x11, x11, x19       x11=000003cf x11:ffffffd9 x19:ffffffe7
27387842ns          486846 1c009416 40a75713 srai             x14, x14, 0x40a     x14=00000000 x14:00000271
27387862ns          486847 1c009418 40a5d593 srai             x11, x11, 0x40a     x11=00000000 x11:000003cf
27387882ns          486848 1c00941a 40a65613 srai             x12, x12, 0x40a     x12=000000be x12:0002fb24
27387902ns          486849 1c00941c 40a7d793 srai             x15, x15, 0x40a     x15=ffffffdd x15:ffff7426
27387921ns          486850 1c00941e 1c0034b7 lui              x9, 0x1c003000       x9=1c003000
27387941ns          486851 1c009422 00e60633 add              x12, x12, x14       x12=000000be x12:000000be x14:00000000
27387961ns          486852 1c009424 40b787b3 sub              x15, x15, x11       x15=ffffffdd x15:ffffffdd x11:00000000
27387981ns          486853 1c009426 eb048493 addi             x9, x9, -336         x9=1c002eb0  x9:1c003000
27388001ns          486854 1c00942a 1c0032b7 lui              x5, 0x1c003000       x5=1c003000
27388021ns          486855 1c00942e 1c0035b7 lui              x11, 0x1c003000     x11=1c003000
27388041ns          486856 1c009432 018483b3 add              x7, x9, x24          x7=1c002ebc  x9:1c002eb0 x24:0000000c
27388061ns          486857 1c009436 02812e83 lw               x29, 40(x2)         x29=1c002ecc  x2:100034d8  PA:10003500
27388081ns          486858 1c009438 10065633 p.exthz          x12, x12, x0        x12=000000be x12:000000be
27388100ns          486859 1c00943c e8028293 addi             x5, x5, -384         x5=1c002e80  x5:1c003000
27388120ns          486860 1c009440 ea058593 addi             x11, x11, -352      x11=1c002ea0 x11:1c003000
27388140ns          486861 1c009444 03812483 lw               x9, 56(x2)           x9=1c002eec  x2:100034d8  PA:10003510
27388160ns          486862 1c009446 10064733 p.exths          x14, x12, x0        x14=000000be x12:000000be
27388180ns          486863 1c00944a 018280b3 add              x1, x5, x24          x1=1c002e8c  x5:1c002e80 x24:0000000c
27388200ns          486864 1c00944e 03012f03 lw               x30, 48(x2)         x30=1c002edc  x2:100034d8  PA:10003508
27388220ns          486865 1c009450 018582b3 add              x5, x11, x24         x5=1c002eac x11:1c002ea0 x24:0000000c
27388240ns          486866 1c009454 04012583 lw               x11, 64(x2)         x11=1c002efc  x2:100034d8  PA:10003518
27388260ns          486867 1c009456 000edd83 lhu              x27, 0(x29)         x27=00001d7d x29:1c002ecc  PA:1c002ecc
27388578ns          486883 1c00945a 0004d483 lhu              x9, 0(x9)            x9=000002cf  x9:1c002eec  PA:1c002eec
27388995ns          486904 1c00945e 02e70333 mul              x6, x14, x14         x6=00008d04 x14:000000be x14:000000be
27389015ns          486905 1c009462 40a55513 srai             x10, x10, 0x40a     x10=00000001 x10:000007e9
27389035ns          486906 1c009464 04812e83 lw               x29, 72(x2)         x29=1c002f0c  x2:100034d8  PA:10003520
27389055ns          486907 1c009466 40a6d693 srai             x13, x13, 0x40a     x13=ffffffef x13:ffffbcaa
27389075ns          486908 1c009468 000f5d03 lhu              x26, 0(x30)         x26=000007ae x30:1c002edc  PA:1c002edc
27389433ns          486926 1c00946c 0005d583 lhu              x11, 0(x11)         x11=00000141 x11:1c002efc  PA:1c002efc
27389731ns          486941 1c009470 40a35313 srai             x6, x6, 0x40a        x6=00000023  x6:00008d04
27389751ns          486942 1c009474 00a686b3 add              x13, x13, x10       x13=fffffff0 x13:ffffffef x10:00000001
27389771ns          486943 1c009476 05012f03 lw               x30, 80(x2)         x30=1c002e7c  x2:100034d8  PA:10003528
27389791ns          486944 1c009478 10034e33 p.exths          x28, x6, x0         x28=00000023  x6:00000023
27389811ns          486945 1c00947c 06911023 sh               x9, 96(x2)           x9:000002cf  x2:100034d8  PA:10003538
27389831ns          486946 1c009480 000ede83 lhu              x29, 0(x29)         x29=000000a1 x29:1c002f0c  PA:1c002f0c
27390169ns          486963 1c009484 05812483 lw               x9, 88(x2)           x9=1c002e6c  x2:100034d8  PA:10003530
27390189ns          486964 1c009486 1006d6b3 p.exthz          x13, x13, x0        x13=0000fff0 x13:fffffff0
27390209ns          486965 1c00948a 02ee08b3 mul              x17, x28, x14       x17=000019fa x28:00000023 x14:000000be
27390228ns          486966 1c00948e 1006c833 p.exths          x16, x13, x0        x16=fffffff0 x13:0000fff0
27390248ns          486967 1c009492 06b11823 sh               x11, 112(x2)        x11:00000141  x2:100034d8  PA:10003548
27390268ns          486968 1c009496 000f5f03 lhu              x30, 0(x30)         x30=0000fead x30:1c002e7c  PA:1c002e7c
27390626ns          486986 1c00949a 0a012583 lw               x11, 160(x2)        x11=1c002e9c  x2:100034d8  PA:10003578
27390646ns          486987 1c00949c 1007d7b3 p.exthz          x15, x15, x0        x15=0000ffdd x15:ffffffdd
27390666ns          486988 1c0094a0 0004da03 lhu              x20, 0(x9)          x20=0000f921  x9:1c002e6c  PA:1c002e6c
27390964ns          487003 1c0094a4 1007c533 p.exths          x10, x15, x0        x10=ffffffdd x15:0000ffdd
27390984ns          487004 1c0094a8 09d11023 sh               x29, 128(x2)        x29:000000a1  x2:100034d8  PA:10003558
27391004ns          487005 1c0094ac 0003d483 lhu              x9, 0(x7)            x9=0000ffb8  x7:1c002ebc  PA:1c002ebc
27391302ns          487020 1c0094b0 02e80eb3 mul              x29, x16, x14       x29=fffff420 x16:fffffff0 x14:000000be
27391322ns          487021 1c0094b4 40a8d893 srai             x17, x17, 0x40a     x17=00000006 x17:000019fa
27391342ns          487022 1c0094b8 03c80833 mul              x16, x16, x28       x16=fffffdd0 x16:fffffff0 x28:00000023
27391362ns          487023 1c0094bc 09e11823 sh               x30, 144(x2)        x30:0000fead  x2:100034d8  PA:10003568
27391382ns          487024 1c0094c0 0005d983 lhu              x19, 0(x11)         x19=0000ff7a x11:1c002e9c  PA:1c002e9c
27391720ns          487041 1c0094c4 81c88f5b p.muls           x30, x17, x28       x30=000000d2 x17:00000006 x28:00000023
27391740ns          487042 1c0094c8 0002d583 lhu              x11, 0(x5)          x11=0000ff1b  x5:1c002eac  PA:1c002eac
27392038ns          487057 1c0094cc 03ce0fb3 mul              x31, x28, x28       x31=000004c9 x28:00000023 x28:00000023
27392058ns          487058 1c0094d0 02e50733 mul              x14, x10, x14       x14=ffffe606 x10:ffffffdd x14:000000be
27392078ns          487059 1c0094d4 40a85813 srai             x16, x16, 0x40a     x16=ffffffff x16:fffffdd0
27392098ns          487060 1c0094d8 03c50533 mul              x10, x10, x28       x10=fffffb37 x10:ffffffdd x28:00000023
27392118ns          487061 1c0094dc 07015e03 lhu              x28, 112(x2)        x28=00000141  x2:100034d8  PA:10003548
27392138ns          487062 1c0094e0 01b60633 add              x12, x12, x27       x12=00001e3b x12:000000be x27:00001d7d
27392158ns          487063 1c0094e2 00980833 add              x16, x16, x9        x16=0000ffb7 x16:ffffffff  x9:0000ffb8
27392177ns          487064 1c0094e4 06015d83 lhu              x27, 96(x2)         x27=000002cf  x2:100034d8  PA:10003538
27392197ns          487065 1c0094e8 02812483 lw               x9, 40(x2)           x9=1c002ecc  x2:100034d8  PA:10003500
27392217ns          487066 1c0094ea 40afdf93 srai             x31, x31, 0x40a     x31=00000001 x31:000004c9
27392237ns          487067 1c0094ee 40a55513 srai             x10, x10, 0x40a     x10=fffffffe x10:fffffb37
27392257ns          487068 1c0094f0 01cf8fb3 add              x31, x31, x28       x31=00000142 x31:00000001 x28:00000141
27392277ns          487069 1c0094f2 00b50533 add              x10, x10, x11       x10=0000ff19 x10:fffffffe x11:0000ff1b
27392297ns          487070 1c0094f4 09015e03 lhu              x28, 144(x2)        x28=0000fead  x2:100034d8  PA:10003568
27392317ns          487071 1c0094f8 03012583 lw               x11, 48(x2)         x11=1c002edc  x2:100034d8  PA:10003508
27392337ns          487072 1c0094fa 00c49023 sh               x12, 0(x9)          x12:00001e3b  x9:1c002ecc  PA:1c002ecc
27392675ns          487089 1c0094fe 01b888b3 add              x17, x17, x27       x17=000002d5 x17:00000006 x27:000002cf
27392695ns          487090 1c009500 01a30333 add              x6, x6, x26          x6=000007d1  x6:00000023 x26:000007ae
27392714ns          487091 1c009502 08015d83 lhu              x27, 128(x2)        x27=000000a1  x2:100034d8  PA:10003558
27392734ns          487092 1c009506 0000d903 lhu              x18, 0(x1)          x18=0000fde3  x1:1c002e8c  PA:1c002e8c
27393033ns          487107 1c00950a 01c686b3 add              x13, x13, x28       x13=0001fe9d x13:0000fff0 x28:0000fead
27393053ns          487108 1c00950c 00659023 sh               x6, 0(x11)           x6:000007d1 x11:1c002edc  PA:1c002edc
27393391ns          487125 1c009510 40af5f13 srai             x30, x30, 0x40a     x30=00000000 x30:000000d2
27393411ns          487126 1c009514 04812e03 lw               x28, 72(x2)         x28=1c002f0c  x2:100034d8  PA:10003520
27393430ns          487127 1c009516 01bf0f33 add              x30, x30, x27       x30=000000a1 x30:00000000 x27:000000a1
27393450ns          487128 1c009518 40aede93 srai             x29, x29, 0x40a     x29=fffffffd x29:fffff420
27393470ns          487129 1c00951c 40a75713 srai             x14, x14, 0x40a     x14=fffffff9 x14:ffffe606
27393490ns          487130 1c00951e 03812603 lw               x12, 56(x2)         x12=1c002eec  x2:100034d8  PA:10003510
27393510ns          487131 1c009520 04012d83 lw               x27, 64(x2)         x27=1c002efc  x2:100034d8  PA:10003518
27393530ns          487132 1c009522 01ee1023 sh               x30, 0(x28)         x30:000000a1 x28:1c002f0c  PA:1c002f0c
27393848ns          487148 1c009526 05812483 lw               x9, 88(x2)           x9=1c002e6c  x2:100034d8  PA:10003530
27393868ns          487149 1c009528 05012f03 lw               x30, 80(x2)         x30=1c002e7c  x2:100034d8  PA:10003528
27393888ns          487150 1c00952a 0a012583 lw               x11, 160(x2)        x11=1c002e9c  x2:100034d8  PA:10003578
27393908ns          487151 1c00952c 014787b3 add              x15, x15, x20       x15=0001f8fe x15:0000ffdd x20:0000f921
27393928ns          487152 1c00952e 013e8eb3 add              x29, x29, x19       x29=0000ff77 x29:fffffffd x19:0000ff7a
27393947ns          487153 1c009530 01270733 add              x14, x14, x18       x14=0000fddc x14:fffffff9 x18:0000fde3
27393967ns          487154 1c009532 00f49023 sh               x15, 0(x9)          x15:0001f8fe  x9:1c002e6c  PA:1c002e6c
27394305ns          487171 1c009536 01161023 sh               x17, 0(x12)         x17:000002d5 x12:1c002eec  PA:1c002eec
27394644ns          487188 1c00953a 01fd9023 sh               x31, 0(x27)         x31:00000142 x27:1c002efc  PA:1c002efc
27394982ns          487205 1c00953e 00df1023 sh               x13, 0(x30)         x13:0001fe9d x30:1c002e7c  PA:1c002e7c
27395300ns          487221 1c009542 01d59023 sh               x29, 0(x11)         x29:0000ff77 x11:1c002e9c  PA:1c002e9c
27395638ns          487238 1c009546 00e09023 sh               x14, 0(x1)          x14:0000fddc  x1:1c002e8c  PA:1c002e8c
27395956ns          487254 1c00954a 01039023 sh               x16, 0(x7)          x16:0000ffb7  x7:1c002ebc  PA:1c002ebc
27396274ns          487270 1c00954e 00a29023 sh               x10, 0(x5)          x10:0000ff19  x5:1c002eac  PA:1c002eac
27396612ns          487287 1c009552 008b0b13 addi             x22, x22, 8         x22=000001d6 x22:000001ce
27396632ns          487288 1c009554 1f300793 addi             x15, x0, 499        x15=000001f3
27396652ns          487289 1c009558 e767dae3 bge              x15, x22, -396      x15:000001f3 x22:000001d6
27396791ns          487296 1c0093cc 010c9a0b p.lh             x20, 16(x25!)       x20=0000005d x25=1c002a44 x25:1c002a34  PA:1c002a34
27397110ns          487312 1c0093d0 0104198b p.lh             x19, 16(x8!)        x19=0000003d  x8=1c00220c  x8:1c0021fc  PA:1c0021fc
27397408ns          487327 1c0093d4 2cc10513 addi             x10, x2, 716        x10=100037a4  x2:100034d8
27397428ns          487328 1c0093d6 010a990b p.lh             x18, 16(x21!)       x18=0000005a x21=1c001a38 x21:1c001a28  PA:1c001a28
27397726ns          487343 1c0093da 010b948b p.lh             x9, 16(x23!)         x9=0000003c x23=1c001268 x23:1c001258  PA:1c001258
27398025ns          487358 1c0093de 2d411623 sh               x20, 716(x2)        x20:0000005d  x2:100034d8  PA:100037a4
27398044ns          487359 1c0093e2 2d311723 sh               x19, 718(x2)        x19:0000003d  x2:100034d8  PA:100037a6
27398064ns          487360 1c0093e6 c33ff0ef jal              x1, -974             x1=1c0093e8
27398104ns          487362 1c009018 00051803 lh               x16, 0(x10)         x16=0000005d x10:100037a4  PA:100037a4
27398124ns          487363 1c00901c 00251883 lh               x17, 2(x10)         x17=0000003d x10:100037a4  PA:100037a6
27398144ns          487364 1c009020 030806b3 mul              x13, x16, x16       x13=000021c9 x16:0000005d x16:0000005d
27398164ns          487365 1c009024 03188633 mul              x12, x17, x17       x12=00000e89 x17:0000003d x17:0000003d
27398184ns          487366 1c009028 40a65613 srai             x12, x12, 0x40a     x12=00000003 x12:00000e89
27398204ns          487367 1c00902a 40a6d693 srai             x13, x13, 0x40a     x13=00000008 x13:000021c9
27398223ns          487368 1c00902c 00c686b3 add              x13, x13, x12       x13=0000000b x13:00000008 x12:00000003
27398243ns          487369 1c00902e 1006c633 p.exths          x12, x13, x0        x12=0000000b x13:0000000b
27398263ns          487370 1c009032 00855703 lhu              x14, 8(x10)         x14=0000ffd1 x10:100037a4  PA:100037ac
27398283ns          487371 1c009036 00a55683 lhu              x13, 10(x10)        x13=0000ff6a x10:100037a4  PA:100037ae
27398303ns          487372 1c00903a 02c60333 mul              x6, x12, x12         x6=00000079 x12:0000000b x12:0000000b
27398323ns          487373 1c00903e 00c55783 lhu              x15, 12(x10)        x15=0000ffe5 x10:100037a4  PA:100037b0
27398343ns          487374 1c009042 00e55583 lhu              x11, 14(x10)        x11=00000060 x10:100037a4  PA:100037b2
27398363ns          487375 1c009046 dea30333 p.extract        x6, x6, 15, 10       x6=00000000  x6:00000079
27398383ns          487376 1c00904a 80c7075b p.muls           x14, x14, x12       x14=fffffdfb x14:0000ffd1 x12:0000000b
27398422ns          487378 1c00904e 80c686db p.muls           x13, x13, x12       x13=fffff98e x13:0000ff6a x12:0000000b
27398462ns          487380 1c009052 00455e83 lhu              x29, 4(x10)         x29=00000427 x10:100037a4  PA:100037a8
27398482ns          487381 1c009056 00655e03 lhu              x28, 6(x10)         x28=0000007f x10:100037a4  PA:100037aa
27398502ns          487382 1c00905a 40a75713 srai             x14, x14, 0x40a     x14=ffffffff x14:fffffdfb
27398522ns          487383 1c00905c 806787db p.muls           x15, x15, x6        x15=00000000 x15:0000ffe5  x6:00000000
27398542ns          487384 1c009060 40a6d693 srai             x13, x13, 0x40a     x13=fffffffe x13:fffff98e
27398562ns          487385 1c009062 8065865b p.muls           x12, x11, x6        x12=00000000 x11:00000060  x6:00000000
27398581ns          487386 1c009066 40a7d793 srai             x15, x15, 0x40a     x15=00000000 x15:00000000
27398601ns          487387 1c009068 40a65613 srai             x12, x12, 0x40a     x12=00000000 x12:00000000
27398621ns          487388 1c00906a 01d70733 add              x14, x14, x29       x14=00000426 x14:ffffffff x29:00000427
27398641ns          487389 1c00906c 01c686b3 add              x13, x13, x28       x13=0000007d x13:fffffffe x28:0000007f
27398661ns          487390 1c00906e 00c686b3 add              x13, x13, x12       x13=0000007d x13:0000007d x12:00000000
27398681ns          487391 1c009070 00f70733 add              x14, x14, x15       x14=00000426 x14:00000426 x15:00000000
27398701ns          487392 1c009072 100747b3 p.exths          x15, x14, x0        x15=00000426 x14:00000426
27398721ns          487393 1c009076 1006c733 p.exths          x14, x13, x0        x14=0000007d x13:0000007d
27398740ns          487394 1c00907a 03170633 mul              x12, x14, x17       x12=00001dc9 x14:0000007d x17:0000003d
27398760ns          487395 1c00907e 030786b3 mul              x13, x15, x16       x13=000181ce x15:00000426 x16:0000005d
27398780ns          487396 1c009082 03070733 mul              x14, x14, x16       x14=00002d69 x14:0000007d x16:0000005d
27398800ns          487397 1c009086 031787b3 mul              x15, x15, x17       x15=0000fd0e x15:00000426 x17:0000003d
27398820ns          487398 1c00908a 40a6d693 srai             x13, x13, 0x40a     x13=00000060 x13:000181ce
27398840ns          487399 1c00908c 40a65613 srai             x12, x12, 0x40a     x12=00000007 x12:00001dc9
27398860ns          487400 1c00908e 40a7d793 srai             x15, x15, 0x40a     x15=0000003f x15:0000fd0e
27398880ns          487401 1c009090 40a75713 srai             x14, x14, 0x40a     x14=0000000b x14:00002d69
27398900ns          487402 1c009092 40c686b3 sub              x13, x13, x12       x13=00000059 x13:00000060 x12:00000007
27398919ns          487403 1c009094 00e787b3 add              x15, x15, x14       x15=0000004a x15:0000003f x14:0000000b
27398939ns          487404 1c009096 00d51823 sh               x13, 16(x10)        x13:00000059 x10:100037a4  PA:100037b4
27398959ns          487405 1c00909a 00f51923 sh               x15, 18(x10)        x15:0000004a x10:100037a4  PA:100037b6
27398979ns          487406 1c00909e 00008067 jalr             x0, x1, 0            x1:1c0093e8
27399019ns          487408 1c0093e8 2dc15583 lhu              x11, 732(x2)        x11=00000059  x2:100034d8  PA:100037b4
27399039ns          487409 1c0093ec 2de15783 lhu              x15, 734(x2)        x15=0000004a  x2:100034d8  PA:100037b6
27399059ns          487410 1c0093f0 40b90933 sub              x18, x18, x11       x18=00000001 x18:0000005a x11:00000059
27399079ns          487411 1c0093f4 40f484b3 sub              x9, x9, x15          x9=fffffff2  x9:0000003c x15:0000004a
27399098ns          487412 1c0093f6 100945b3 p.exths          x11, x18, x0        x11=00000001 x18:00000001
27399118ns          487413 1c0093fa 1004c7b3 p.exths          x15, x9, x0         x15=fffffff2  x9:fffffff2
27399138ns          487414 1c0093fe 034586b3 mul              x13, x11, x20       x13=0000005d x11:00000001 x20:0000005d
27399158ns          487415 1c009402 03378533 mul              x10, x15, x19       x10=fffffcaa x15:fffffff2 x19:0000003d
27399178ns          487416 1c009406 034a0633 mul              x12, x20, x20       x12=000021c9 x20:0000005d x20:0000005d
27399198ns          487417 1c00940a 03398733 mul              x14, x19, x19       x14=00000e89 x19:0000003d x19:0000003d
27399218ns          487418 1c00940e 034787b3 mul              x15, x15, x20       x15=fffffaea x15:fffffff2 x20:0000005d
27399238ns          487419 1c009412 033585b3 mul              x11, x11, x19       x11=0000003d x11:00000001 x19:0000003d
27399258ns          487420 1c009416 40a75713 srai             x14, x14, 0x40a     x14=00000003 x14:00000e89
27399277ns          487421 1c009418 40a5d593 srai             x11, x11, 0x40a     x11=00000000 x11:0000003d
27399297ns          487422 1c00941a 40a65613 srai             x12, x12, 0x40a     x12=00000008 x12:000021c9
27399317ns          487423 1c00941c 40a7d793 srai             x15, x15, 0x40a     x15=fffffffe x15:fffffaea
27399337ns          487424 1c00941e 1c0034b7 lui              x9, 0x1c003000       x9=1c003000
27399357ns          487425 1c009422 00e60633 add              x12, x12, x14       x12=0000000b x12:00000008 x14:00000003
27399377ns          487426 1c009424 40b787b3 sub              x15, x15, x11       x15=fffffffe x15:fffffffe x11:00000000
27399397ns          487427 1c009426 eb048493 addi             x9, x9, -336         x9=1c002eb0  x9:1c003000
27399417ns          487428 1c00942a 1c0032b7 lui              x5, 0x1c003000       x5=1c003000
27399437ns          487429 1c00942e 1c0035b7 lui              x11, 0x1c003000     x11=1c003000
27399456ns          487430 1c009432 018483b3 add              x7, x9, x24          x7=1c002ebc  x9:1c002eb0 x24:0000000c
27399476ns          487431 1c009436 02812e83 lw               x29, 40(x2)         x29=1c002ecc  x2:100034d8  PA:10003500
27399496ns          487432 1c009438 10065633 p.exthz          x12, x12, x0        x12=0000000b x12:0000000b
27399516ns          487433 1c00943c e8028293 addi             x5, x5, -384         x5=1c002e80  x5:1c003000
27399536ns          487434 1c009440 ea058593 addi             x11, x11, -352      x11=1c002ea0 x11:1c003000
27399556ns          487435 1c009444 03812483 lw               x9, 56(x2)           x9=1c002eec  x2:100034d8  PA:10003510
27399576ns          487436 1c009446 10064733 p.exths          x14, x12, x0        x14=0000000b x12:0000000b
27399596ns          487437 1c00944a 018280b3 add              x1, x5, x24          x1=1c002e8c  x5:1c002e80 x24:0000000c
27399616ns          487438 1c00944e 03012f03 lw               x30, 48(x2)         x30=1c002edc  x2:100034d8  PA:10003508
27399635ns          487439 1c009450 018582b3 add              x5, x11, x24         x5=1c002eac x11:1c002ea0 x24:0000000c
27399655ns          487440 1c009454 04012583 lw               x11, 64(x2)         x11=1c002efc  x2:100034d8  PA:10003518
27399675ns          487441 1c009456 000edd83 lhu              x27, 0(x29)         x27=00001e3b x29:1c002ecc  PA:1c002ecc
27399974ns          487456 1c00945a 0004d483 lhu              x9, 0(x9)            x9=000002d5  x9:1c002eec  PA:1c002eec
27400312ns          487473 1c00945e 02e70333 mul              x6, x14, x14         x6=00000079 x14:0000000b x14:0000000b
27400332ns          487474 1c009462 40a55513 srai             x10, x10, 0x40a     x10=ffffffff x10:fffffcaa
27400351ns          487475 1c009464 04812e83 lw               x29, 72(x2)         x29=1c002f0c  x2:100034d8  PA:10003520
27400371ns          487476 1c009466 40a6d693 srai             x13, x13, 0x40a     x13=00000000 x13:0000005d
27400391ns          487477 1c009468 000f5d03 lhu              x26, 0(x30)         x26=000007d1 x30:1c002edc  PA:1c002edc
27400690ns          487492 1c00946c 0005d583 lhu              x11, 0(x11)         x11=00000142 x11:1c002efc  PA:1c002efc
27400988ns          487507 1c009470 40a35313 srai             x6, x6, 0x40a        x6=00000000  x6:00000079
27401008ns          487508 1c009474 00a686b3 add              x13, x13, x10       x13=ffffffff x13:00000000 x10:ffffffff
27401028ns          487509 1c009476 05012f03 lw               x30, 80(x2)         x30=1c002e7c  x2:100034d8  PA:10003528
27401048ns          487510 1c009478 10034e33 p.exths          x28, x6, x0         x28=00000000  x6:00000000
27401067ns          487511 1c00947c 06911023 sh               x9, 96(x2)           x9:000002d5  x2:100034d8  PA:10003538
27401087ns          487512 1c009480 000ede83 lhu              x29, 0(x29)         x29=000000a1 x29:1c002f0c  PA:1c002f0c
27401445ns          487530 1c009484 05812483 lw               x9, 88(x2)           x9=1c002e6c  x2:100034d8  PA:10003530
27401465ns          487531 1c009486 1006d6b3 p.exthz          x13, x13, x0        x13=0000ffff x13:ffffffff
27401485ns          487532 1c00948a 02ee08b3 mul              x17, x28, x14       x17=00000000 x28:00000000 x14:0000000b
27401505ns          487533 1c00948e 1006c833 p.exths          x16, x13, x0        x16=ffffffff x13:0000ffff
27401525ns          487534 1c009492 06b11823 sh               x11, 112(x2)        x11:00000142  x2:100034d8  PA:10003548
27401545ns          487535 1c009496 000f5f03 lhu              x30, 0(x30)         x30=0000fe9d x30:1c002e7c  PA:1c002e7c
27401843ns          487550 1c00949a 0a012583 lw               x11, 160(x2)        x11=1c002e9c  x2:100034d8  PA:10003578
27401863ns          487551 1c00949c 1007d7b3 p.exthz          x15, x15, x0        x15=0000fffe x15:fffffffe
27401883ns          487552 1c0094a0 0004da03 lhu              x20, 0(x9)          x20=0000f8fe  x9:1c002e6c  PA:1c002e6c
27402201ns          487568 1c0094a4 1007c533 p.exths          x10, x15, x0        x10=fffffffe x15:0000fffe
27402221ns          487569 1c0094a8 09d11023 sh               x29, 128(x2)        x29:000000a1  x2:100034d8  PA:10003558
27402241ns          487570 1c0094ac 0003d483 lhu              x9, 0(x7)            x9=0000ffb7  x7:1c002ebc  PA:1c002ebc
27402539ns          487585 1c0094b0 02e80eb3 mul              x29, x16, x14       x29=fffffff5 x16:ffffffff x14:0000000b
27402559ns          487586 1c0094b4 40a8d893 srai             x17, x17, 0x40a     x17=00000000 x17:00000000
27402579ns          487587 1c0094b8 03c80833 mul              x16, x16, x28       x16=00000000 x16:ffffffff x28:00000000
27402599ns          487588 1c0094bc 09e11823 sh               x30, 144(x2)        x30:0000fe9d  x2:100034d8  PA:10003568
27402619ns          487589 1c0094c0 0005d983 lhu              x19, 0(x11)         x19=0000ff77 x11:1c002e9c  PA:1c002e9c
27402917ns          487604 1c0094c4 81c88f5b p.muls           x30, x17, x28       x30=00000000 x17:00000000 x28:00000000
27402937ns          487605 1c0094c8 0002d583 lhu              x11, 0(x5)          x11=0000ff19  x5:1c002eac  PA:1c002eac
27403275ns          487622 1c0094cc 03ce0fb3 mul              x31, x28, x28       x31=00000000 x28:00000000 x28:00000000
27403295ns          487623 1c0094d0 02e50733 mul              x14, x10, x14       x14=ffffffea x10:fffffffe x14:0000000b
27403315ns          487624 1c0094d4 40a85813 srai             x16, x16, 0x40a     x16=00000000 x16:00000000
27403335ns          487625 1c0094d8 03c50533 mul              x10, x10, x28       x10=00000000 x10:fffffffe x28:00000000
27403355ns          487626 1c0094dc 07015e03 lhu              x28, 112(x2)        x28=00000142  x2:100034d8  PA:10003548
27403394ns          487628 1c0094e0 01b60633 add              x12, x12, x27       x12=00001e46 x12:0000000b x27:00001e3b
27403414ns          487629 1c0094e2 00980833 add              x16, x16, x9        x16=0000ffb7 x16:00000000  x9:0000ffb7
27403434ns          487630 1c0094e4 06015d83 lhu              x27, 96(x2)         x27=000002d5  x2:100034d8  PA:10003538
27403454ns          487631 1c0094e8 02812483 lw               x9, 40(x2)           x9=1c002ecc  x2:100034d8  PA:10003500
27403474ns          487632 1c0094ea 40afdf93 srai             x31, x31, 0x40a     x31=00000000 x31:00000000
27403494ns          487633 1c0094ee 40a55513 srai             x10, x10, 0x40a     x10=00000000 x10:00000000
27403514ns          487634 1c0094f0 01cf8fb3 add              x31, x31, x28       x31=00000142 x31:00000000 x28:00000142
27403534ns          487635 1c0094f2 00b50533 add              x10, x10, x11       x10=0000ff19 x10:00000000 x11:0000ff19
27403553ns          487636 1c0094f4 09015e03 lhu              x28, 144(x2)        x28=0000fe9d  x2:100034d8  PA:10003568
27403573ns          487637 1c0094f8 03012583 lw               x11, 48(x2)         x11=1c002edc  x2:100034d8  PA:10003508
27403593ns          487638 1c0094fa 00c49023 sh               x12, 0(x9)          x12:00001e46  x9:1c002ecc  PA:1c002ecc
27403911ns          487654 1c0094fe 01b888b3 add              x17, x17, x27       x17=000002d5 x17:00000000 x27:000002d5
27403931ns          487655 1c009500 01a30333 add              x6, x6, x26          x6=000007d1  x6:00000000 x26:000007d1
27403951ns          487656 1c009502 08015d83 lhu              x27, 128(x2)        x27=000000a1  x2:100034d8  PA:10003558
27403971ns          487657 1c009506 0000d903 lhu              x18, 0(x1)          x18=0000fddc  x1:1c002e8c  PA:1c002e8c
27404289ns          487673 1c00950a 01c686b3 add              x13, x13, x28       x13=0001fe9c x13:0000ffff x28:0000fe9d
27404309ns          487674 1c00950c 00659023 sh               x6, 0(x11)           x6:000007d1 x11:1c002edc  PA:1c002edc
27404627ns          487690 1c009510 40af5f13 srai             x30, x30, 0x40a     x30=00000000 x30:00000000
27404647ns          487691 1c009514 04812e03 lw               x28, 72(x2)         x28=1c002f0c  x2:100034d8  PA:10003520
27404667ns          487692 1c009516 01bf0f33 add              x30, x30, x27       x30=000000a1 x30:00000000 x27:000000a1
27404687ns          487693 1c009518 40aede93 srai             x29, x29, 0x40a     x29=ffffffff x29:fffffff5
27404707ns          487694 1c00951c 40a75713 srai             x14, x14, 0x40a     x14=ffffffff x14:ffffffea
27404727ns          487695 1c00951e 03812603 lw               x12, 56(x2)         x12=1c002eec  x2:100034d8  PA:10003510
27404747ns          487696 1c009520 04012d83 lw               x27, 64(x2)         x27=1c002efc  x2:100034d8  PA:10003518
27404767ns          487697 1c009522 01ee1023 sh               x30, 0(x28)         x30:000000a1 x28:1c002f0c  PA:1c002f0c
27405085ns          487713 1c009526 05812483 lw               x9, 88(x2)           x9=1c002e6c  x2:100034d8  PA:10003530
27405105ns          487714 1c009528 05012f03 lw               x30, 80(x2)         x30=1c002e7c  x2:100034d8  PA:10003528
27405125ns          487715 1c00952a 0a012583 lw               x11, 160(x2)        x11=1c002e9c  x2:100034d8  PA:10003578
27405144ns          487716 1c00952c 014787b3 add              x15, x15, x20       x15=0001f8fc x15:0000fffe x20:0000f8fe
27405164ns          487717 1c00952e 013e8eb3 add              x29, x29, x19       x29=0000ff76 x29:ffffffff x19:0000ff77
27405184ns          487718 1c009530 01270733 add              x14, x14, x18       x14=0000fddb x14:ffffffff x18:0000fddc
27405204ns          487719 1c009532 00f49023 sh               x15, 0(x9)          x15:0001f8fc  x9:1c002e6c  PA:1c002e6c
27405542ns          487736 1c009536 01161023 sh               x17, 0(x12)         x17:000002d5 x12:1c002eec  PA:1c002eec
27405880ns          487753 1c00953a 01fd9023 sh               x31, 0(x27)         x31:00000142 x27:1c002efc  PA:1c002efc
27406198ns          487769 1c00953e 00df1023 sh               x13, 0(x30)         x13:0001fe9c x30:1c002e7c  PA:1c002e7c
27406517ns          487785 1c009542 01d59023 sh               x29, 0(x11)         x29:0000ff76 x11:1c002e9c  PA:1c002e9c
27406835ns          487801 1c009546 00e09023 sh               x14, 0(x1)          x14:0000fddb  x1:1c002e8c  PA:1c002e8c
27407153ns          487817 1c00954a 01039023 sh               x16, 0(x7)          x16:0000ffb7  x7:1c002ebc  PA:1c002ebc
27407491ns          487834 1c00954e 00a29023 sh               x10, 0(x5)          x10:0000ff19  x5:1c002eac  PA:1c002eac
27407809ns          487850 1c009552 008b0b13 addi             x22, x22, 8         x22=000001de x22:000001d6
27407829ns          487851 1c009554 1f300793 addi             x15, x0, 499        x15=000001f3
27407849ns          487852 1c009558 e767dae3 bge              x15, x22, -396      x15:000001f3 x22:000001de
27407909ns          487855 1c0093cc 010c9a0b p.lh             x20, 16(x25!)       x20=00000112 x25=1c002a54 x25:1c002a44  PA:1c002a44
27408307ns          487875 1c0093d0 0104198b p.lh             x19, 16(x8!)        x19=000001c6  x8=1c00221c  x8:1c00220c  PA:1c00220c
27408605ns          487890 1c0093d4 2cc10513 addi             x10, x2, 716        x10=100037a4  x2:100034d8
27408625ns          487891 1c0093d6 010a990b p.lh             x18, 16(x21!)       x18=00000155 x21=1c001a48 x21:1c001a38  PA:1c001a38
27408923ns          487906 1c0093da 010b948b p.lh             x9, 16(x23!)         x9=0000018e x23=1c001278 x23:1c001268  PA:1c001268
27409221ns          487921 1c0093de 2d411623 sh               x20, 716(x2)        x20:00000112  x2:100034d8  PA:100037a4
27409241ns          487922 1c0093e2 2d311723 sh               x19, 718(x2)        x19:000001c6  x2:100034d8  PA:100037a6
27409261ns          487923 1c0093e6 c33ff0ef jal              x1, -974             x1=1c0093e8
27409341ns          487927 1c009018 00051803 lh               x16, 0(x10)         x16=00000112 x10:100037a4  PA:100037a4
27409381ns          487929 1c00901c 00251883 lh               x17, 2(x10)         x17=000001c6 x10:100037a4  PA:100037a6
27409400ns          487930 1c009020 030806b3 mul              x13, x16, x16       x13=00012544 x16:00000112 x16:00000112
27409420ns          487931 1c009024 03188633 mul              x12, x17, x17       x12=00032524 x17:000001c6 x17:000001c6
27409440ns          487932 1c009028 40a65613 srai             x12, x12, 0x40a     x12=000000c9 x12:00032524
27409460ns          487933 1c00902a 40a6d693 srai             x13, x13, 0x40a     x13=00000049 x13:00012544
27409480ns          487934 1c00902c 00c686b3 add              x13, x13, x12       x13=00000112 x13:00000049 x12:000000c9
27409500ns          487935 1c00902e 1006c633 p.exths          x12, x13, x0        x12=00000112 x13:00000112
27409520ns          487936 1c009032 00855703 lhu              x14, 8(x10)         x14=0000ffd1 x10:100037a4  PA:100037ac
27409540ns          487937 1c009036 00a55683 lhu              x13, 10(x10)        x13=0000ff6a x10:100037a4  PA:100037ae
27409560ns          487938 1c00903a 02c60333 mul              x6, x12, x12         x6=00012544 x12:00000112 x12:00000112
27409599ns          487940 1c00903e 00c55783 lhu              x15, 12(x10)        x15=0000ffe5 x10:100037a4  PA:100037b0
27409639ns          487942 1c009042 00e55583 lhu              x11, 14(x10)        x11=00000060 x10:100037a4  PA:100037b2
27409659ns          487943 1c009046 dea30333 p.extract        x6, x6, 15, 10       x6=00000049  x6:00012544
27409679ns          487944 1c00904a 80c7075b p.muls           x14, x14, x12       x14=ffffcdb2 x14:0000ffd1 x12:00000112
27409739ns          487947 1c00904e 80c686db p.muls           x13, x13, x12       x13=ffff5f74 x13:0000ff6a x12:00000112
27409778ns          487949 1c009052 00455e83 lhu              x29, 4(x10)         x29=00000427 x10:100037a4  PA:100037a8
27409798ns          487950 1c009056 00655e03 lhu              x28, 6(x10)         x28=0000007f x10:100037a4  PA:100037aa
27409818ns          487951 1c00905a 40a75713 srai             x14, x14, 0x40a     x14=fffffff3 x14:ffffcdb2
27409838ns          487952 1c00905c 806787db p.muls           x15, x15, x6        x15=fffff84d x15:0000ffe5  x6:00000049
27409878ns          487954 1c009060 40a6d693 srai             x13, x13, 0x40a     x13=ffffffd7 x13:ffff5f74
27409918ns          487956 1c009062 8065865b p.muls           x12, x11, x6        x12=00001b60 x11:00000060  x6:00000049
27409937ns          487957 1c009066 40a7d793 srai             x15, x15, 0x40a     x15=fffffffe x15:fffff84d
27409957ns          487958 1c009068 40a65613 srai             x12, x12, 0x40a     x12=00000006 x12:00001b60
27409977ns          487959 1c00906a 01d70733 add              x14, x14, x29       x14=0000041a x14:fffffff3 x29:00000427
27409997ns          487960 1c00906c 01c686b3 add              x13, x13, x28       x13=00000056 x13:ffffffd7 x28:0000007f
27410017ns          487961 1c00906e 00c686b3 add              x13, x13, x12       x13=0000005c x13:00000056 x12:00000006
27410037ns          487962 1c009070 00f70733 add              x14, x14, x15       x14=00000418 x14:0000041a x15:fffffffe
27410057ns          487963 1c009072 100747b3 p.exths          x15, x14, x0        x15=00000418 x14:00000418
27410077ns          487964 1c009076 1006c733 p.exths          x14, x13, x0        x14=0000005c x13:0000005c
27410097ns          487965 1c00907a 03170633 mul              x12, x14, x17       x12=0000a328 x14:0000005c x17:000001c6
27410116ns          487966 1c00907e 030786b3 mul              x13, x15, x16       x13=000461b0 x15:00000418 x16:00000112
27410136ns          487967 1c009082 03070733 mul              x14, x14, x16       x14=00006278 x14:0000005c x16:00000112
27410156ns          487968 1c009086 031787b3 mul              x15, x15, x17       x15=00074290 x15:00000418 x17:000001c6
27410176ns          487969 1c00908a 40a6d693 srai             x13, x13, 0x40a     x13=00000118 x13:000461b0
27410196ns          487970 1c00908c 40a65613 srai             x12, x12, 0x40a     x12=00000028 x12:0000a328
27410216ns          487971 1c00908e 40a7d793 srai             x15, x15, 0x40a     x15=000001d0 x15:00074290
27410236ns          487972 1c009090 40a75713 srai             x14, x14, 0x40a     x14=00000018 x14:00006278
27410256ns          487973 1c009092 40c686b3 sub              x13, x13, x12       x13=000000f0 x13:00000118 x12:00000028
27410276ns          487974 1c009094 00e787b3 add              x15, x15, x14       x15=000001e8 x15:000001d0 x14:00000018
27410295ns          487975 1c009096 00d51823 sh               x13, 16(x10)        x13:000000f0 x10:100037a4  PA:100037b4
27410315ns          487976 1c00909a 00f51923 sh               x15, 18(x10)        x15:000001e8 x10:100037a4  PA:100037b6
27410335ns          487977 1c00909e 00008067 jalr             x0, x1, 0            x1:1c0093e8
27410415ns          487981 1c0093e8 2dc15583 lhu              x11, 732(x2)        x11=000000f0  x2:100034d8  PA:100037b4
27410435ns          487982 1c0093ec 2de15783 lhu              x15, 734(x2)        x15=000001e8  x2:100034d8  PA:100037b6
27410455ns          487983 1c0093f0 40b90933 sub              x18, x18, x11       x18=00000065 x18:00000155 x11:000000f0
27410474ns          487984 1c0093f4 40f484b3 sub              x9, x9, x15          x9=ffffffa6  x9:0000018e x15:000001e8
27410494ns          487985 1c0093f6 100945b3 p.exths          x11, x18, x0        x11=00000065 x18:00000065
27410514ns          487986 1c0093fa 1004c7b3 p.exths          x15, x9, x0         x15=ffffffa6  x9:ffffffa6
27410534ns          487987 1c0093fe 034586b3 mul              x13, x11, x20       x13=00006c1a x11:00000065 x20:00000112
27410554ns          487988 1c009402 03378533 mul              x10, x15, x19       x10=ffff6064 x15:ffffffa6 x19:000001c6
27410574ns          487989 1c009406 034a0633 mul              x12, x20, x20       x12=00012544 x20:00000112 x20:00000112
27410594ns          487990 1c00940a 03398733 mul              x14, x19, x19       x14=00032524 x19:000001c6 x19:000001c6
27410653ns          487993 1c00940e 034787b3 mul              x15, x15, x20       x15=ffff9fac x15:ffffffa6 x20:00000112
27410693ns          487995 1c009412 033585b3 mul              x11, x11, x19       x11=0000b31e x11:00000065 x19:000001c6
27410713ns          487996 1c009416 40a75713 srai             x14, x14, 0x40a     x14=000000c9 x14:00032524
27410733ns          487997 1c009418 40a5d593 srai             x11, x11, 0x40a     x11=0000002c x11:0000b31e
27410753ns          487998 1c00941a 40a65613 srai             x12, x12, 0x40a     x12=00000049 x12:00012544
27410773ns          487999 1c00941c 40a7d793 srai             x15, x15, 0x40a     x15=ffffffe7 x15:ffff9fac
27410793ns          488000 1c00941e 1c0034b7 lui              x9, 0x1c003000       x9=1c003000
27410813ns          488001 1c009422 00e60633 add              x12, x12, x14       x12=00000112 x12:00000049 x14:000000c9
27410832ns          488002 1c009424 40b787b3 sub              x15, x15, x11       x15=ffffffbb x15:ffffffe7 x11:0000002c
27410852ns          488003 1c009426 eb048493 addi             x9, x9, -336         x9=1c002eb0  x9:1c003000
27410872ns          488004 1c00942a 1c0032b7 lui              x5, 0x1c003000       x5=1c003000
27410892ns          488005 1c00942e 1c0035b7 lui              x11, 0x1c003000     x11=1c003000
27410912ns          488006 1c009432 018483b3 add              x7, x9, x24          x7=1c002ebc  x9:1c002eb0 x24:0000000c
27410932ns          488007 1c009436 02812e83 lw               x29, 40(x2)         x29=1c002ecc  x2:100034d8  PA:10003500
27410952ns          488008 1c009438 10065633 p.exthz          x12, x12, x0        x12=00000112 x12:00000112
27410972ns          488009 1c00943c e8028293 addi             x5, x5, -384         x5=1c002e80  x5:1c003000
27410992ns          488010 1c009440 ea058593 addi             x11, x11, -352      x11=1c002ea0 x11:1c003000
27411031ns          488012 1c009444 03812483 lw               x9, 56(x2)           x9=1c002eec  x2:100034d8  PA:10003510
27411051ns          488013 1c009446 10064733 p.exths          x14, x12, x0        x14=00000112 x12:00000112
27411071ns          488014 1c00944a 018280b3 add              x1, x5, x24          x1=1c002e8c  x5:1c002e80 x24:0000000c
27411091ns          488015 1c00944e 03012f03 lw               x30, 48(x2)         x30=1c002edc  x2:100034d8  PA:10003508
27411111ns          488016 1c009450 018582b3 add              x5, x11, x24         x5=1c002eac x11:1c002ea0 x24:0000000c
27411131ns          488017 1c009454 04012583 lw               x11, 64(x2)         x11=1c002efc  x2:100034d8  PA:10003518
27411151ns          488018 1c009456 000edd83 lhu              x27, 0(x29)         x27=00001e46 x29:1c002ecc  PA:1c002ecc
27411469ns          488034 1c00945a 0004d483 lhu              x9, 0(x9)            x9=000002d5  x9:1c002eec  PA:1c002eec
27411827ns          488052 1c00945e 02e70333 mul              x6, x14, x14         x6=00012544 x14:00000112 x14:00000112
27411847ns          488053 1c009462 40a55513 srai             x10, x10, 0x40a     x10=ffffffd8 x10:ffff6064
27411867ns          488054 1c009464 04812e83 lw               x29, 72(x2)         x29=1c002f0c  x2:100034d8  PA:10003520
27411886ns          488055 1c009466 40a6d693 srai             x13, x13, 0x40a     x13=0000001b x13:00006c1a
27411906ns          488056 1c009468 000f5d03 lhu              x26, 0(x30)         x26=000007d1 x30:1c002edc  PA:1c002edc
27412205ns          488071 1c00946c 0005d583 lhu              x11, 0(x11)         x11=00000142 x11:1c002efc  PA:1c002efc
27412503ns          488086 1c009470 40a35313 srai             x6, x6, 0x40a        x6=00000049  x6:00012544
27412523ns          488087 1c009474 00a686b3 add              x13, x13, x10       x13=fffffff3 x13:0000001b x10:ffffffd8
27412543ns          488088 1c009476 05012f03 lw               x30, 80(x2)         x30=1c002e7c  x2:100034d8  PA:10003528
27412563ns          488089 1c009478 10034e33 p.exths          x28, x6, x0         x28=00000049  x6:00000049
27412583ns          488090 1c00947c 06911023 sh               x9, 96(x2)           x9:000002d5  x2:100034d8  PA:10003538
27412622ns          488092 1c009480 000ede83 lhu              x29, 0(x29)         x29=000000a1 x29:1c002f0c  PA:1c002f0c
27412921ns          488107 1c009484 05812483 lw               x9, 88(x2)           x9=1c002e6c  x2:100034d8  PA:10003530
27412941ns          488108 1c009486 1006d6b3 p.exthz          x13, x13, x0        x13=0000fff3 x13:fffffff3
27412960ns          488109 1c00948a 02ee08b3 mul              x17, x28, x14       x17=00004e22 x28:00000049 x14:00000112
27412980ns          488110 1c00948e 1006c833 p.exths          x16, x13, x0        x16=fffffff3 x13:0000fff3
27413000ns          488111 1c009492 06b11823 sh               x11, 112(x2)        x11:00000142  x2:100034d8  PA:10003548
27413020ns          488112 1c009496 000f5f03 lhu              x30, 0(x30)         x30=0000fe9c x30:1c002e7c  PA:1c002e7c
27413318ns          488127 1c00949a 0a012583 lw               x11, 160(x2)        x11=1c002e9c  x2:100034d8  PA:10003578
27413338ns          488128 1c00949c 1007d7b3 p.exthz          x15, x15, x0        x15=0000ffbb x15:ffffffbb
27413358ns          488129 1c0094a0 0004da03 lhu              x20, 0(x9)          x20=0000f8fc  x9:1c002e6c  PA:1c002e6c
27413676ns          488145 1c0094a4 1007c533 p.exths          x10, x15, x0        x10=ffffffbb x15:0000ffbb
27413696ns          488146 1c0094a8 09d11023 sh               x29, 128(x2)        x29:000000a1  x2:100034d8  PA:10003558
27413716ns          488147 1c0094ac 0003d483 lhu              x9, 0(x7)            x9=0000ffb7  x7:1c002ebc  PA:1c002ebc
27414134ns          488168 1c0094b0 02e80eb3 mul              x29, x16, x14       x29=fffff216 x16:fffffff3 x14:00000112
27414154ns          488169 1c0094b4 40a8d893 srai             x17, x17, 0x40a     x17=00000013 x17:00004e22
27414174ns          488170 1c0094b8 03c80833 mul              x16, x16, x28       x16=fffffc4b x16:fffffff3 x28:00000049
27414193ns          488171 1c0094bc 09e11823 sh               x30, 144(x2)        x30:0000fe9c  x2:100034d8  PA:10003568
27414213ns          488172 1c0094c0 0005d983 lhu              x19, 0(x11)         x19=0000ff76 x11:1c002e9c  PA:1c002e9c
27414532ns          488188 1c0094c4 81c88f5b p.muls           x30, x17, x28       x30=0000056b x17:00000013 x28:00000049
27414551ns          488189 1c0094c8 0002d583 lhu              x11, 0(x5)          x11=0000ff19  x5:1c002eac  PA:1c002eac
27414870ns          488205 1c0094cc 03ce0fb3 mul              x31, x28, x28       x31=000014d1 x28:00000049 x28:00000049
27414890ns          488206 1c0094d0 02e50733 mul              x14, x10, x14       x14=ffffb626 x10:ffffffbb x14:00000112
27414909ns          488207 1c0094d4 40a85813 srai             x16, x16, 0x40a     x16=ffffffff x16:fffffc4b
27414929ns          488208 1c0094d8 03c50533 mul              x10, x10, x28       x10=ffffec53 x10:ffffffbb x28:00000049
27414949ns          488209 1c0094dc 07015e03 lhu              x28, 112(x2)        x28=00000142  x2:100034d8  PA:10003548
27414969ns          488210 1c0094e0 01b60633 add              x12, x12, x27       x12=00001f58 x12:00000112 x27:00001e46
27414989ns          488211 1c0094e2 00980833 add              x16, x16, x9        x16=0000ffb6 x16:ffffffff  x9:0000ffb7
27415009ns          488212 1c0094e4 06015d83 lhu              x27, 96(x2)         x27=000002d5  x2:100034d8  PA:10003538
27415029ns          488213 1c0094e8 02812483 lw               x9, 40(x2)           x9=1c002ecc  x2:100034d8  PA:10003500
27415049ns          488214 1c0094ea 40afdf93 srai             x31, x31, 0x40a     x31=00000005 x31:000014d1
27415069ns          488215 1c0094ee 40a55513 srai             x10, x10, 0x40a     x10=fffffffb x10:ffffec53
27415088ns          488216 1c0094f0 01cf8fb3 add              x31, x31, x28       x31=00000147 x31:00000005 x28:00000142
27415108ns          488217 1c0094f2 00b50533 add              x10, x10, x11       x10=0000ff14 x10:fffffffb x11:0000ff19
27415128ns          488218 1c0094f4 09015e03 lhu              x28, 144(x2)        x28=0000fe9c  x2:100034d8  PA:10003568
27415148ns          488219 1c0094f8 03012583 lw               x11, 48(x2)         x11=1c002edc  x2:100034d8  PA:10003508
27415168ns          488220 1c0094fa 00c49023 sh               x12, 0(x9)          x12:00001f58  x9:1c002ecc  PA:1c002ecc
27415506ns          488237 1c0094fe 01b888b3 add              x17, x17, x27       x17=000002e8 x17:00000013 x27:000002d5
27415526ns          488238 1c009500 01a30333 add              x6, x6, x26          x6=0000081a  x6:00000049 x26:000007d1
27415546ns          488239 1c009502 08015d83 lhu              x27, 128(x2)        x27=000000a1  x2:100034d8  PA:10003558
27415586ns          488241 1c009506 0000d903 lhu              x18, 0(x1)          x18=0000fddb  x1:1c002e8c  PA:1c002e8c
27415904ns          488257 1c00950a 01c686b3 add              x13, x13, x28       x13=0001fe8f x13:0000fff3 x28:0000fe9c
27415924ns          488258 1c00950c 00659023 sh               x6, 0(x11)           x6:0000081a x11:1c002edc  PA:1c002edc
27416242ns          488274 1c009510 40af5f13 srai             x30, x30, 0x40a     x30=00000001 x30:0000056b
27416262ns          488275 1c009514 04812e03 lw               x28, 72(x2)         x28=1c002f0c  x2:100034d8  PA:10003520
27416282ns          488276 1c009516 01bf0f33 add              x30, x30, x27       x30=000000a2 x30:00000001 x27:000000a1
27416302ns          488277 1c009518 40aede93 srai             x29, x29, 0x40a     x29=fffffffc x29:fffff216
27416321ns          488278 1c00951c 40a75713 srai             x14, x14, 0x40a     x14=ffffffed x14:ffffb626
27416341ns          488279 1c00951e 03812603 lw               x12, 56(x2)         x12=1c002eec  x2:100034d8  PA:10003510
27416361ns          488280 1c009520 04012d83 lw               x27, 64(x2)         x27=1c002efc  x2:100034d8  PA:10003518
27416381ns          488281 1c009522 01ee1023 sh               x30, 0(x28)         x30:000000a2 x28:1c002f0c  PA:1c002f0c
27416759ns          488300 1c009526 05812483 lw               x9, 88(x2)           x9=1c002e6c  x2:100034d8  PA:10003530
27416779ns          488301 1c009528 05012f03 lw               x30, 80(x2)         x30=1c002e7c  x2:100034d8  PA:10003528
27416799ns          488302 1c00952a 0a012583 lw               x11, 160(x2)        x11=1c002e9c  x2:100034d8  PA:10003578
27416819ns          488303 1c00952c 014787b3 add              x15, x15, x20       x15=0001f8b7 x15:0000ffbb x20:0000f8fc
27416839ns          488304 1c00952e 013e8eb3 add              x29, x29, x19       x29=0000ff72 x29:fffffffc x19:0000ff76
27416858ns          488305 1c009530 01270733 add              x14, x14, x18       x14=0000fdc8 x14:ffffffed x18:0000fddb
27416878ns          488306 1c009532 00f49023 sh               x15, 0(x9)          x15:0001f8b7  x9:1c002e6c  PA:1c002e6c
27417236ns          488324 1c009536 01161023 sh               x17, 0(x12)         x17:000002e8 x12:1c002eec  PA:1c002eec
27417555ns          488340 1c00953a 01fd9023 sh               x31, 0(x27)         x31:00000147 x27:1c002efc  PA:1c002efc
27417873ns          488356 1c00953e 00df1023 sh               x13, 0(x30)         x13:0001fe8f x30:1c002e7c  PA:1c002e7c
27418231ns          488374 1c009542 01d59023 sh               x29, 0(x11)         x29:0000ff72 x11:1c002e9c  PA:1c002e9c
27418549ns          488390 1c009546 00e09023 sh               x14, 0(x1)          x14:0000fdc8  x1:1c002e8c  PA:1c002e8c
27418867ns          488406 1c00954a 01039023 sh               x16, 0(x7)          x16:0000ffb6  x7:1c002ebc  PA:1c002ebc
27419185ns          488422 1c00954e 00a29023 sh               x10, 0(x5)          x10:0000ff14  x5:1c002eac  PA:1c002eac
27419504ns          488438 1c009552 008b0b13 addi             x22, x22, 8         x22=000001e6 x22:000001de
27419523ns          488439 1c009554 1f300793 addi             x15, x0, 499        x15=000001f3
27419543ns          488440 1c009558 e767dae3 bge              x15, x22, -396      x15:000001f3 x22:000001e6
27419643ns          488445 1c0093cc 010c9a0b p.lh             x20, 16(x25!)       x20=00000116 x25=1c002a64 x25:1c002a54  PA:1c002a54
27419961ns          488461 1c0093d0 0104198b p.lh             x19, 16(x8!)        x19=0000007e  x8=1c00222c  x8:1c00221c  PA:1c00221c
27420279ns          488477 1c0093d4 2cc10513 addi             x10, x2, 716        x10=100037a4  x2:100034d8
27420299ns          488478 1c0093d6 010a990b p.lh             x18, 16(x21!)       x18=00000124 x21=1c001a58 x21:1c001a48  PA:1c001a48
27420617ns          488494 1c0093da 010b948b p.lh             x9, 16(x23!)         x9=00000064 x23=1c001288 x23:1c001278  PA:1c001278
27420916ns          488509 1c0093de 2d411623 sh               x20, 716(x2)        x20:00000116  x2:100034d8  PA:100037a4
27420936ns          488510 1c0093e2 2d311723 sh               x19, 718(x2)        x19:0000007e  x2:100034d8  PA:100037a6
27420955ns          488511 1c0093e6 c33ff0ef jal              x1, -974             x1=1c0093e8
27421035ns          488515 1c009018 00051803 lh               x16, 0(x10)         x16=00000116 x10:100037a4  PA:100037a4
27421075ns          488517 1c00901c 00251883 lh               x17, 2(x10)         x17=0000007e x10:100037a4  PA:100037a6
27421134ns          488520 1c009020 030806b3 mul              x13, x16, x16       x13=00012de4 x16:00000116 x16:00000116
27421174ns          488522 1c009024 03188633 mul              x12, x17, x17       x12=00003e04 x17:0000007e x17:0000007e
27421194ns          488523 1c009028 40a65613 srai             x12, x12, 0x40a     x12=0000000f x12:00003e04
27421214ns          488524 1c00902a 40a6d693 srai             x13, x13, 0x40a     x13=0000004b x13:00012de4
27421234ns          488525 1c00902c 00c686b3 add              x13, x13, x12       x13=0000005a x13:0000004b x12:0000000f
27421254ns          488526 1c00902e 1006c633 p.exths          x12, x13, x0        x12=0000005a x13:0000005a
27421274ns          488527 1c009032 00855703 lhu              x14, 8(x10)         x14=0000ffd1 x10:100037a4  PA:100037ac
27421293ns          488528 1c009036 00a55683 lhu              x13, 10(x10)        x13=0000ff6a x10:100037a4  PA:100037ae
27421313ns          488529 1c00903a 02c60333 mul              x6, x12, x12         x6=00001fa4 x12:0000005a x12:0000005a
27421333ns          488530 1c00903e 00c55783 lhu              x15, 12(x10)        x15=0000ffe5 x10:100037a4  PA:100037b0
27421353ns          488531 1c009042 00e55583 lhu              x11, 14(x10)        x11=00000060 x10:100037a4  PA:100037b2
27421373ns          488532 1c009046 dea30333 p.extract        x6, x6, 15, 10       x6=00000007  x6:00001fa4
27421393ns          488533 1c00904a 80c7075b p.muls           x14, x14, x12       x14=ffffef7a x14:0000ffd1 x12:0000005a
27421413ns          488534 1c00904e 80c686db p.muls           x13, x13, x12       x13=ffffcb44 x13:0000ff6a x12:0000005a
27421433ns          488535 1c009052 00455e83 lhu              x29, 4(x10)         x29=00000427 x10:100037a4  PA:100037a8
27421453ns          488536 1c009056 00655e03 lhu              x28, 6(x10)         x28=0000007f x10:100037a4  PA:100037aa
27421472ns          488537 1c00905a 40a75713 srai             x14, x14, 0x40a     x14=fffffffb x14:ffffef7a
27421492ns          488538 1c00905c 806787db p.muls           x15, x15, x6        x15=ffffff43 x15:0000ffe5  x6:00000007
27421512ns          488539 1c009060 40a6d693 srai             x13, x13, 0x40a     x13=fffffff2 x13:ffffcb44
27421552ns          488541 1c009062 8065865b p.muls           x12, x11, x6        x12=000002a0 x11:00000060  x6:00000007
27421572ns          488542 1c009066 40a7d793 srai             x15, x15, 0x40a     x15=ffffffff x15:ffffff43
27421592ns          488543 1c009068 40a65613 srai             x12, x12, 0x40a     x12=00000000 x12:000002a0
27421612ns          488544 1c00906a 01d70733 add              x14, x14, x29       x14=00000422 x14:fffffffb x29:00000427
27421632ns          488545 1c00906c 01c686b3 add              x13, x13, x28       x13=00000071 x13:fffffff2 x28:0000007f
27421651ns          488546 1c00906e 00c686b3 add              x13, x13, x12       x13=00000071 x13:00000071 x12:00000000
27421671ns          488547 1c009070 00f70733 add              x14, x14, x15       x14=00000421 x14:00000422 x15:ffffffff
27421691ns          488548 1c009072 100747b3 p.exths          x15, x14, x0        x15=00000421 x14:00000421
27421711ns          488549 1c009076 1006c733 p.exths          x14, x13, x0        x14=00000071 x13:00000071
27421731ns          488550 1c00907a 03170633 mul              x12, x14, x17       x12=0000379e x14:00000071 x17:0000007e
27421751ns          488551 1c00907e 030786b3 mul              x13, x15, x16       x13=00047bd6 x15:00000421 x16:00000116
27421771ns          488552 1c009082 03070733 mul              x14, x14, x16       x14=00007ab6 x14:00000071 x16:00000116
27421791ns          488553 1c009086 031787b3 mul              x15, x15, x17       x15=0002083e x15:00000421 x17:0000007e
27421811ns          488554 1c00908a 40a6d693 srai             x13, x13, 0x40a     x13=0000011e x13:00047bd6
27421830ns          488555 1c00908c 40a65613 srai             x12, x12, 0x40a     x12=0000000d x12:0000379e
27421850ns          488556 1c00908e 40a7d793 srai             x15, x15, 0x40a     x15=00000082 x15:0002083e
27421870ns          488557 1c009090 40a75713 srai             x14, x14, 0x40a     x14=0000001e x14:00007ab6
27421890ns          488558 1c009092 40c686b3 sub              x13, x13, x12       x13=00000111 x13:0000011e x12:0000000d
27421910ns          488559 1c009094 00e787b3 add              x15, x15, x14       x15=000000a0 x15:00000082 x14:0000001e
27421930ns          488560 1c009096 00d51823 sh               x13, 16(x10)        x13:00000111 x10:100037a4  PA:100037b4
27421950ns          488561 1c00909a 00f51923 sh               x15, 18(x10)        x15:000000a0 x10:100037a4  PA:100037b6
27421970ns          488562 1c00909e 00008067 jalr             x0, x1, 0            x1:1c0093e8
27422049ns          488566 1c0093e8 2dc15583 lhu              x11, 732(x2)        x11=00000111  x2:100034d8  PA:100037b4
27422089ns          488568 1c0093ec 2de15783 lhu              x15, 734(x2)        x15=000000a0  x2:100034d8  PA:100037b6
27422109ns          488569 1c0093f0 40b90933 sub              x18, x18, x11       x18=00000013 x18:00000124 x11:00000111
27422129ns          488570 1c0093f4 40f484b3 sub              x9, x9, x15          x9=ffffffc4  x9:00000064 x15:000000a0
27422149ns          488571 1c0093f6 100945b3 p.exths          x11, x18, x0        x11=00000013 x18:00000013
27422169ns          488572 1c0093fa 1004c7b3 p.exths          x15, x9, x0         x15=ffffffc4  x9:ffffffc4
27422188ns          488573 1c0093fe 034586b3 mul              x13, x11, x20       x13=000014a2 x11:00000013 x20:00000116
27422208ns          488574 1c009402 03378533 mul              x10, x15, x19       x10=ffffe278 x15:ffffffc4 x19:0000007e
27422228ns          488575 1c009406 034a0633 mul              x12, x20, x20       x12=00012de4 x20:00000116 x20:00000116
27422248ns          488576 1c00940a 03398733 mul              x14, x19, x19       x14=00003e04 x19:0000007e x19:0000007e
27422308ns          488579 1c00940e 034787b3 mul              x15, x15, x20       x15=ffffbed8 x15:ffffffc4 x20:00000116
27422348ns          488581 1c009412 033585b3 mul              x11, x11, x19       x11=0000095a x11:00000013 x19:0000007e
27422367ns          488582 1c009416 40a75713 srai             x14, x14, 0x40a     x14=0000000f x14:00003e04
27422387ns          488583 1c009418 40a5d593 srai             x11, x11, 0x40a     x11=00000002 x11:0000095a
27422407ns          488584 1c00941a 40a65613 srai             x12, x12, 0x40a     x12=0000004b x12:00012de4
27422427ns          488585 1c00941c 40a7d793 srai             x15, x15, 0x40a     x15=ffffffef x15:ffffbed8
27422447ns          488586 1c00941e 1c0034b7 lui              x9, 0x1c003000       x9=1c003000
27422467ns          488587 1c009422 00e60633 add              x12, x12, x14       x12=0000005a x12:0000004b x14:0000000f
27422487ns          488588 1c009424 40b787b3 sub              x15, x15, x11       x15=ffffffed x15:ffffffef x11:00000002
27422507ns          488589 1c009426 eb048493 addi             x9, x9, -336         x9=1c002eb0  x9:1c003000
27422527ns          488590 1c00942a 1c0032b7 lui              x5, 0x1c003000       x5=1c003000
27422546ns          488591 1c00942e 1c0035b7 lui              x11, 0x1c003000     x11=1c003000
27422566ns          488592 1c009432 018483b3 add              x7, x9, x24          x7=1c002ebc  x9:1c002eb0 x24:0000000c
27422586ns          488593 1c009436 02812e83 lw               x29, 40(x2)         x29=1c002ecc  x2:100034d8  PA:10003500
27422606ns          488594 1c009438 10065633 p.exthz          x12, x12, x0        x12=0000005a x12:0000005a
27422626ns          488595 1c00943c e8028293 addi             x5, x5, -384         x5=1c002e80  x5:1c003000
27422646ns          488596 1c009440 ea058593 addi             x11, x11, -352      x11=1c002ea0 x11:1c003000
27422666ns          488597 1c009444 03812483 lw               x9, 56(x2)           x9=1c002eec  x2:100034d8  PA:10003510
27422686ns          488598 1c009446 10064733 p.exths          x14, x12, x0        x14=0000005a x12:0000005a
27422706ns          488599 1c00944a 018280b3 add              x1, x5, x24          x1=1c002e8c  x5:1c002e80 x24:0000000c
27422725ns          488600 1c00944e 03012f03 lw               x30, 48(x2)         x30=1c002edc  x2:100034d8  PA:10003508
27422745ns          488601 1c009450 018582b3 add              x5, x11, x24         x5=1c002eac x11:1c002ea0 x24:0000000c
27422765ns          488602 1c009454 04012583 lw               x11, 64(x2)         x11=1c002efc  x2:100034d8  PA:10003518
27422785ns          488603 1c009456 000edd83 lhu              x27, 0(x29)         x27=00001f58 x29:1c002ecc  PA:1c002ecc
27423083ns          488618 1c00945a 0004d483 lhu              x9, 0(x9)            x9=000002e8  x9:1c002eec  PA:1c002eec
27423382ns          488633 1c00945e 02e70333 mul              x6, x14, x14         x6=00001fa4 x14:0000005a x14:0000005a
27423402ns          488634 1c009462 40a55513 srai             x10, x10, 0x40a     x10=fffffff8 x10:ffffe278
27423422ns          488635 1c009464 04812e83 lw               x29, 72(x2)         x29=1c002f0c  x2:100034d8  PA:10003520
27423441ns          488636 1c009466 40a6d693 srai             x13, x13, 0x40a     x13=00000005 x13:000014a2
27423461ns          488637 1c009468 000f5d03 lhu              x26, 0(x30)         x26=0000081a x30:1c002edc  PA:1c002edc
27423779ns          488653 1c00946c 0005d583 lhu              x11, 0(x11)         x11=00000147 x11:1c002efc  PA:1c002efc
27424078ns          488668 1c009470 40a35313 srai             x6, x6, 0x40a        x6=00000007  x6:00001fa4
27424098ns          488669 1c009474 00a686b3 add              x13, x13, x10       x13=fffffffd x13:00000005 x10:fffffff8
27424118ns          488670 1c009476 05012f03 lw               x30, 80(x2)         x30=1c002e7c  x2:100034d8  PA:10003528
27424137ns          488671 1c009478 10034e33 p.exths          x28, x6, x0         x28=00000007  x6:00000007
27424157ns          488672 1c00947c 06911023 sh               x9, 96(x2)           x9:000002e8  x2:100034d8  PA:10003538
27424177ns          488673 1c009480 000ede83 lhu              x29, 0(x29)         x29=000000a2 x29:1c002f0c  PA:1c002f0c
27424535ns          488691 1c009484 05812483 lw               x9, 88(x2)           x9=1c002e6c  x2:100034d8  PA:10003530
27424555ns          488692 1c009486 1006d6b3 p.exthz          x13, x13, x0        x13=0000fffd x13:fffffffd
27424575ns          488693 1c00948a 02ee08b3 mul              x17, x28, x14       x17=00000276 x28:00000007 x14:0000005a
27424595ns          488694 1c00948e 1006c833 p.exths          x16, x13, x0        x16=fffffffd x13:0000fffd
27424615ns          488695 1c009492 06b11823 sh               x11, 112(x2)        x11:00000147  x2:100034d8  PA:10003548
27424635ns          488696 1c009496 000f5f03 lhu              x30, 0(x30)         x30=0000fe8f x30:1c002e7c  PA:1c002e7c
27424953ns          488712 1c00949a 0a012583 lw               x11, 160(x2)        x11=1c002e9c  x2:100034d8  PA:10003578
27424973ns          488713 1c00949c 1007d7b3 p.exthz          x15, x15, x0        x15=0000ffed x15:ffffffed
27424993ns          488714 1c0094a0 0004da03 lhu              x20, 0(x9)          x20=0000f8b7  x9:1c002e6c  PA:1c002e6c
27425291ns          488729 1c0094a4 1007c533 p.exths          x10, x15, x0        x10=ffffffed x15:0000ffed
27425311ns          488730 1c0094a8 09d11023 sh               x29, 128(x2)        x29:000000a2  x2:100034d8  PA:10003558
27425331ns          488731 1c0094ac 0003d483 lhu              x9, 0(x7)            x9=0000ffb6  x7:1c002ebc  PA:1c002ebc
27425689ns          488749 1c0094b0 02e80eb3 mul              x29, x16, x14       x29=fffffef2 x16:fffffffd x14:0000005a
27425709ns          488750 1c0094b4 40a8d893 srai             x17, x17, 0x40a     x17=00000000 x17:00000276
27425729ns          488751 1c0094b8 03c80833 mul              x16, x16, x28       x16=ffffffeb x16:fffffffd x28:00000007
27425748ns          488752 1c0094bc 09e11823 sh               x30, 144(x2)        x30:0000fe8f  x2:100034d8  PA:10003568
27425768ns          488753 1c0094c0 0005d983 lhu              x19, 0(x11)         x19=0000ff72 x11:1c002e9c  PA:1c002e9c
27426067ns          488768 1c0094c4 81c88f5b p.muls           x30, x17, x28       x30=00000000 x17:00000000 x28:00000007
27426086ns          488769 1c0094c8 0002d583 lhu              x11, 0(x5)          x11=0000ff14  x5:1c002eac  PA:1c002eac
27426385ns          488784 1c0094cc 03ce0fb3 mul              x31, x28, x28       x31=00000031 x28:00000007 x28:00000007
27426405ns          488785 1c0094d0 02e50733 mul              x14, x10, x14       x14=fffff952 x10:ffffffed x14:0000005a
27426425ns          488786 1c0094d4 40a85813 srai             x16, x16, 0x40a     x16=ffffffff x16:ffffffeb
27426444ns          488787 1c0094d8 03c50533 mul              x10, x10, x28       x10=ffffff7b x10:ffffffed x28:00000007
27426464ns          488788 1c0094dc 07015e03 lhu              x28, 112(x2)        x28=00000147  x2:100034d8  PA:10003548
27426504ns          488790 1c0094e0 01b60633 add              x12, x12, x27       x12=00001fb2 x12:0000005a x27:00001f58
27426524ns          488791 1c0094e2 00980833 add              x16, x16, x9        x16=0000ffb5 x16:ffffffff  x9:0000ffb6
27426544ns          488792 1c0094e4 06015d83 lhu              x27, 96(x2)         x27=000002e8  x2:100034d8  PA:10003538
27426564ns          488793 1c0094e8 02812483 lw               x9, 40(x2)           x9=1c002ecc  x2:100034d8  PA:10003500
27426584ns          488794 1c0094ea 40afdf93 srai             x31, x31, 0x40a     x31=00000000 x31:00000031
27426604ns          488795 1c0094ee 40a55513 srai             x10, x10, 0x40a     x10=ffffffff x10:ffffff7b
27426623ns          488796 1c0094f0 01cf8fb3 add              x31, x31, x28       x31=00000147 x31:00000000 x28:00000147
27426643ns          488797 1c0094f2 00b50533 add              x10, x10, x11       x10=0000ff13 x10:ffffffff x11:0000ff14
27426663ns          488798 1c0094f4 09015e03 lhu              x28, 144(x2)        x28=0000fe8f  x2:100034d8  PA:10003568
27426683ns          488799 1c0094f8 03012583 lw               x11, 48(x2)         x11=1c002edc  x2:100034d8  PA:10003508
27426703ns          488800 1c0094fa 00c49023 sh               x12, 0(x9)          x12:00001fb2  x9:1c002ecc  PA:1c002ecc
27427021ns          488816 1c0094fe 01b888b3 add              x17, x17, x27       x17=000002e8 x17:00000000 x27:000002e8
27427041ns          488817 1c009500 01a30333 add              x6, x6, x26          x6=00000821  x6:00000007 x26:0000081a
27427061ns          488818 1c009502 08015d83 lhu              x27, 128(x2)        x27=000000a2  x2:100034d8  PA:10003558
27427101ns          488820 1c009506 0000d903 lhu              x18, 0(x1)          x18=0000fdc8  x1:1c002e8c  PA:1c002e8c
27427419ns          488836 1c00950a 01c686b3 add              x13, x13, x28       x13=0001fe8c x13:0000fffd x28:0000fe8f
27427439ns          488837 1c00950c 00659023 sh               x6, 0(x11)           x6:00000821 x11:1c002edc  PA:1c002edc
27427757ns          488853 1c009510 40af5f13 srai             x30, x30, 0x40a     x30=00000000 x30:00000000
27427777ns          488854 1c009514 04812e03 lw               x28, 72(x2)         x28=1c002f0c  x2:100034d8  PA:10003520
27427797ns          488855 1c009516 01bf0f33 add              x30, x30, x27       x30=000000a2 x30:00000000 x27:000000a2
27427817ns          488856 1c009518 40aede93 srai             x29, x29, 0x40a     x29=ffffffff x29:fffffef2
27427837ns          488857 1c00951c 40a75713 srai             x14, x14, 0x40a     x14=fffffffe x14:fffff952
27427857ns          488858 1c00951e 03812603 lw               x12, 56(x2)         x12=1c002eec  x2:100034d8  PA:10003510
27427876ns          488859 1c009520 04012d83 lw               x27, 64(x2)         x27=1c002efc  x2:100034d8  PA:10003518
27427896ns          488860 1c009522 01ee1023 sh               x30, 0(x28)         x30:000000a2 x28:1c002f0c  PA:1c002f0c
27428234ns          488877 1c009526 05812483 lw               x9, 88(x2)           x9=1c002e6c  x2:100034d8  PA:10003530
27428254ns          488878 1c009528 05012f03 lw               x30, 80(x2)         x30=1c002e7c  x2:100034d8  PA:10003528
27428274ns          488879 1c00952a 0a012583 lw               x11, 160(x2)        x11=1c002e9c  x2:100034d8  PA:10003578
27428294ns          488880 1c00952c 014787b3 add              x15, x15, x20       x15=0001f8a4 x15:0000ffed x20:0000f8b7
27428314ns          488881 1c00952e 013e8eb3 add              x29, x29, x19       x29=0000ff71 x29:ffffffff x19:0000ff72
27428334ns          488882 1c009530 01270733 add              x14, x14, x18       x14=0000fdc6 x14:fffffffe x18:0000fdc8
27428354ns          488883 1c009532 00f49023 sh               x15, 0(x9)          x15:0001f8a4  x9:1c002e6c  PA:1c002e6c
27428672ns          488899 1c009536 01161023 sh               x17, 0(x12)         x17:000002e8 x12:1c002eec  PA:1c002eec
27428990ns          488915 1c00953a 01fd9023 sh               x31, 0(x27)         x31:00000147 x27:1c002efc  PA:1c002efc
27429308ns          488931 1c00953e 00df1023 sh               x13, 0(x30)         x13:0001fe8c x30:1c002e7c  PA:1c002e7c
27429627ns          488947 1c009542 01d59023 sh               x29, 0(x11)         x29:0000ff71 x11:1c002e9c  PA:1c002e9c
27429965ns          488964 1c009546 00e09023 sh               x14, 0(x1)          x14:0000fdc6  x1:1c002e8c  PA:1c002e8c
27430283ns          488980 1c00954a 01039023 sh               x16, 0(x7)          x16:0000ffb5  x7:1c002ebc  PA:1c002ebc
27430601ns          488996 1c00954e 00a29023 sh               x10, 0(x5)          x10:0000ff13  x5:1c002eac  PA:1c002eac
27430919ns          489012 1c009552 008b0b13 addi             x22, x22, 8         x22=000001ee x22:000001e6
27430939ns          489013 1c009554 1f300793 addi             x15, x0, 499        x15=000001f3
27430959ns          489014 1c009558 e767dae3 bge              x15, x22, -396      x15:000001f3 x22:000001ee
27431058ns          489019 1c0093cc 010c9a0b p.lh             x20, 16(x25!)       x20=00000126 x25=1c002a74 x25:1c002a64  PA:1c002a64
27431377ns          489035 1c0093d0 0104198b p.lh             x19, 16(x8!)        x19=ffffff5f  x8=1c00223c  x8:1c00222c  PA:1c00222c
27431675ns          489050 1c0093d4 2cc10513 addi             x10, x2, 716        x10=100037a4  x2:100034d8
27431695ns          489051 1c0093d6 010a990b p.lh             x18, 16(x21!)       x18=00000111 x21=1c001a68 x21:1c001a58  PA:1c001a58
27432013ns          489067 1c0093da 010b948b p.lh             x9, 16(x23!)         x9=ffffff3a x23=1c001298 x23:1c001288  PA:1c001288
27432331ns          489083 1c0093de 2d411623 sh               x20, 716(x2)        x20:00000126  x2:100034d8  PA:100037a4
27432351ns          489084 1c0093e2 2d311723 sh               x19, 718(x2)        x19:ffffff5f  x2:100034d8  PA:100037a6
27432371ns          489085 1c0093e6 c33ff0ef jal              x1, -974             x1=1c0093e8
27432451ns          489089 1c009018 00051803 lh               x16, 0(x10)         x16=00000126 x10:100037a4  PA:100037a4
27432490ns          489091 1c00901c 00251883 lh               x17, 2(x10)         x17=ffffff5f x10:100037a4  PA:100037a6
27432510ns          489092 1c009020 030806b3 mul              x13, x16, x16       x13=000151a4 x16:00000126 x16:00000126
27432530ns          489093 1c009024 03188633 mul              x12, x17, x17       x12=00006541 x17:ffffff5f x17:ffffff5f
27432550ns          489094 1c009028 40a65613 srai             x12, x12, 0x40a     x12=00000019 x12:00006541
27432570ns          489095 1c00902a 40a6d693 srai             x13, x13, 0x40a     x13=00000054 x13:000151a4
27432590ns          489096 1c00902c 00c686b3 add              x13, x13, x12       x13=0000006d x13:00000054 x12:00000019
27432610ns          489097 1c00902e 1006c633 p.exths          x12, x13, x0        x12=0000006d x13:0000006d
27432630ns          489098 1c009032 00855703 lhu              x14, 8(x10)         x14=0000ffd1 x10:100037a4  PA:100037ac
27432650ns          489099 1c009036 00a55683 lhu              x13, 10(x10)        x13=0000ff6a x10:100037a4  PA:100037ae
27432669ns          489100 1c00903a 02c60333 mul              x6, x12, x12         x6=00002e69 x12:0000006d x12:0000006d
27432709ns          489102 1c00903e 00c55783 lhu              x15, 12(x10)        x15=0000ffe5 x10:100037a4  PA:100037b0
27432749ns          489104 1c009042 00e55583 lhu              x11, 14(x10)        x11=00000060 x10:100037a4  PA:100037b2
27432769ns          489105 1c009046 dea30333 p.extract        x6, x6, 15, 10       x6=0000000b  x6:00002e69
27432789ns          489106 1c00904a 80c7075b p.muls           x14, x14, x12       x14=ffffebfd x14:0000ffd1 x12:0000006d
27432848ns          489109 1c00904e 80c686db p.muls           x13, x13, x12       x13=ffffc022 x13:0000ff6a x12:0000006d
27432888ns          489111 1c009052 00455e83 lhu              x29, 4(x10)         x29=00000427 x10:100037a4  PA:100037a8
27432908ns          489112 1c009056 00655e03 lhu              x28, 6(x10)         x28=0000007f x10:100037a4  PA:100037aa
27432928ns          489113 1c00905a 40a75713 srai             x14, x14, 0x40a     x14=fffffffa x14:ffffebfd
27432948ns          489114 1c00905c 806787db p.muls           x15, x15, x6        x15=fffffed7 x15:0000ffe5  x6:0000000b
27432988ns          489116 1c009060 40a6d693 srai             x13, x13, 0x40a     x13=fffffff0 x13:ffffc022
27433027ns          489118 1c009062 8065865b p.muls           x12, x11, x6        x12=00000420 x11:00000060  x6:0000000b
27433047ns          489119 1c009066 40a7d793 srai             x15, x15, 0x40a     x15=ffffffff x15:fffffed7
27433067ns          489120 1c009068 40a65613 srai             x12, x12, 0x40a     x12=00000001 x12:00000420
27433087ns          489121 1c00906a 01d70733 add              x14, x14, x29       x14=00000421 x14:fffffffa x29:00000427
27433107ns          489122 1c00906c 01c686b3 add              x13, x13, x28       x13=0000006f x13:fffffff0 x28:0000007f
27433127ns          489123 1c00906e 00c686b3 add              x13, x13, x12       x13=00000070 x13:0000006f x12:00000001
27433147ns          489124 1c009070 00f70733 add              x14, x14, x15       x14=00000420 x14:00000421 x15:ffffffff
27433167ns          489125 1c009072 100747b3 p.exths          x15, x14, x0        x15=00000420 x14:00000420
27433187ns          489126 1c009076 1006c733 p.exths          x14, x13, x0        x14=00000070 x13:00000070
27433206ns          489127 1c00907a 03170633 mul              x12, x14, x17       x12=ffffb990 x14:00000070 x17:ffffff5f
27433226ns          489128 1c00907e 030786b3 mul              x13, x15, x16       x13=0004bcc0 x15:00000420 x16:00000126
27433246ns          489129 1c009082 03070733 mul              x14, x14, x16       x14=000080a0 x14:00000070 x16:00000126
27433266ns          489130 1c009086 031787b3 mul              x15, x15, x17       x15=fffd67e0 x15:00000420 x17:ffffff5f
27433286ns          489131 1c00908a 40a6d693 srai             x13, x13, 0x40a     x13=0000012f x13:0004bcc0
27433306ns          489132 1c00908c 40a65613 srai             x12, x12, 0x40a     x12=ffffffee x12:ffffb990
27433326ns          489133 1c00908e 40a7d793 srai             x15, x15, 0x40a     x15=ffffff59 x15:fffd67e0
27433346ns          489134 1c009090 40a75713 srai             x14, x14, 0x40a     x14=00000020 x14:000080a0
27433366ns          489135 1c009092 40c686b3 sub              x13, x13, x12       x13=00000141 x13:0000012f x12:ffffffee
27433385ns          489136 1c009094 00e787b3 add              x15, x15, x14       x15=ffffff79 x15:ffffff59 x14:00000020
27433405ns          489137 1c009096 00d51823 sh               x13, 16(x10)        x13:00000141 x10:100037a4  PA:100037b4
27433425ns          489138 1c00909a 00f51923 sh               x15, 18(x10)        x15:ffffff79 x10:100037a4  PA:100037b6
27433445ns          489139 1c00909e 00008067 jalr             x0, x1, 0            x1:1c0093e8
27433525ns          489143 1c0093e8 2dc15583 lhu              x11, 732(x2)        x11=00000141  x2:100034d8  PA:100037b4
27433544ns          489144 1c0093ec 2de15783 lhu              x15, 734(x2)        x15=0000ff79  x2:100034d8  PA:100037b6
27433564ns          489145 1c0093f0 40b90933 sub              x18, x18, x11       x18=ffffffd0 x18:00000111 x11:00000141
27433584ns          489146 1c0093f4 40f484b3 sub              x9, x9, x15          x9=fffeffc1  x9:ffffff3a x15:0000ff79
27433604ns          489147 1c0093f6 100945b3 p.exths          x11, x18, x0        x11=ffffffd0 x18:ffffffd0
27433624ns          489148 1c0093fa 1004c7b3 p.exths          x15, x9, x0         x15=ffffffc1  x9:fffeffc1
27433644ns          489149 1c0093fe 034586b3 mul              x13, x11, x20       x13=ffffc8e0 x11:ffffffd0 x20:00000126
27433664ns          489150 1c009402 03378533 mul              x10, x15, x19       x10=0000279f x15:ffffffc1 x19:ffffff5f
27433684ns          489151 1c009406 034a0633 mul              x12, x20, x20       x12=000151a4 x20:00000126 x20:00000126
27433704ns          489152 1c00940a 03398733 mul              x14, x19, x19       x14=00006541 x19:ffffff5f x19:ffffff5f
27433763ns          489155 1c00940e 034787b3 mul              x15, x15, x20       x15=ffffb7a6 x15:ffffffc1 x20:00000126
27433803ns          489157 1c009412 033585b3 mul              x11, x11, x19       x11=00001e30 x11:ffffffd0 x19:ffffff5f
27433823ns          489158 1c009416 40a75713 srai             x14, x14, 0x40a     x14=00000019 x14:00006541
27433843ns          489159 1c009418 40a5d593 srai             x11, x11, 0x40a     x11=00000007 x11:00001e30
27433863ns          489160 1c00941a 40a65613 srai             x12, x12, 0x40a     x12=00000054 x12:000151a4
27433883ns          489161 1c00941c 40a7d793 srai             x15, x15, 0x40a     x15=ffffffed x15:ffffb7a6
27433902ns          489162 1c00941e 1c0034b7 lui              x9, 0x1c003000       x9=1c003000
27433922ns          489163 1c009422 00e60633 add              x12, x12, x14       x12=0000006d x12:00000054 x14:00000019
27433942ns          489164 1c009424 40b787b3 sub              x15, x15, x11       x15=ffffffe6 x15:ffffffed x11:00000007
27433962ns          489165 1c009426 eb048493 addi             x9, x9, -336         x9=1c002eb0  x9:1c003000
27433982ns          489166 1c00942a 1c0032b7 lui              x5, 0x1c003000       x5=1c003000
27434002ns          489167 1c00942e 1c0035b7 lui              x11, 0x1c003000     x11=1c003000
27434022ns          489168 1c009432 018483b3 add              x7, x9, x24          x7=1c002ebc  x9:1c002eb0 x24:0000000c
27434042ns          489169 1c009436 02812e83 lw               x29, 40(x2)         x29=1c002ecc  x2:100034d8  PA:10003500
27434062ns          489170 1c009438 10065633 p.exthz          x12, x12, x0        x12=0000006d x12:0000006d
27434081ns          489171 1c00943c e8028293 addi             x5, x5, -384         x5=1c002e80  x5:1c003000
27434101ns          489172 1c009440 ea058593 addi             x11, x11, -352      x11=1c002ea0 x11:1c003000
27434121ns          489173 1c009444 03812483 lw               x9, 56(x2)           x9=1c002eec  x2:100034d8  PA:10003510
27434141ns          489174 1c009446 10064733 p.exths          x14, x12, x0        x14=0000006d x12:0000006d
27434161ns          489175 1c00944a 018280b3 add              x1, x5, x24          x1=1c002e8c  x5:1c002e80 x24:0000000c
27434181ns          489176 1c00944e 03012f03 lw               x30, 48(x2)         x30=1c002edc  x2:100034d8  PA:10003508
27434201ns          489177 1c009450 018582b3 add              x5, x11, x24         x5=1c002eac x11:1c002ea0 x24:0000000c
27434221ns          489178 1c009454 04012583 lw               x11, 64(x2)         x11=1c002efc  x2:100034d8  PA:10003518
27434241ns          489179 1c009456 000edd83 lhu              x27, 0(x29)         x27=00001fb2 x29:1c002ecc  PA:1c002ecc
27434559ns          489195 1c00945a 0004d483 lhu              x9, 0(x9)            x9=000002e8  x9:1c002eec  PA:1c002eec
27434957ns          489215 1c00945e 02e70333 mul              x6, x14, x14         x6=00002e69 x14:0000006d x14:0000006d
27434976ns          489216 1c009462 40a55513 srai             x10, x10, 0x40a     x10=00000009 x10:0000279f
27434996ns          489217 1c009464 04812e83 lw               x29, 72(x2)         x29=1c002f0c  x2:100034d8  PA:10003520
27435016ns          489218 1c009466 40a6d693 srai             x13, x13, 0x40a     x13=fffffff2 x13:ffffc8e0
27435036ns          489219 1c009468 000f5d03 lhu              x26, 0(x30)         x26=00000821 x30:1c002edc  PA:1c002edc
27435394ns          489237 1c00946c 0005d583 lhu              x11, 0(x11)         x11=00000147 x11:1c002efc  PA:1c002efc
27435712ns          489253 1c009470 40a35313 srai             x6, x6, 0x40a        x6=0000000b  x6:00002e69
27435732ns          489254 1c009474 00a686b3 add              x13, x13, x10       x13=fffffffb x13:fffffff2 x10:00000009
27435752ns          489255 1c009476 05012f03 lw               x30, 80(x2)         x30=1c002e7c  x2:100034d8  PA:10003528
27435772ns          489256 1c009478 10034e33 p.exths          x28, x6, x0         x28=0000000b  x6:0000000b
27435792ns          489257 1c00947c 06911023 sh               x9, 96(x2)           x9:000002e8  x2:100034d8  PA:10003538
27435812ns          489258 1c009480 000ede83 lhu              x29, 0(x29)         x29=000000a2 x29:1c002f0c  PA:1c002f0c
27436110ns          489273 1c009484 05812483 lw               x9, 88(x2)           x9=1c002e6c  x2:100034d8  PA:10003530
27436130ns          489274 1c009486 1006d6b3 p.exthz          x13, x13, x0        x13=0000fffb x13:fffffffb
27436150ns          489275 1c00948a 02ee08b3 mul              x17, x28, x14       x17=000004af x28:0000000b x14:0000006d
27436170ns          489276 1c00948e 1006c833 p.exths          x16, x13, x0        x16=fffffffb x13:0000fffb
27436190ns          489277 1c009492 06b11823 sh               x11, 112(x2)        x11:00000147  x2:100034d8  PA:10003548
27436209ns          489278 1c009496 000f5f03 lhu              x30, 0(x30)         x30=0000fe8c x30:1c002e7c  PA:1c002e7c
27436567ns          489296 1c00949a 0a012583 lw               x11, 160(x2)        x11=1c002e9c  x2:100034d8  PA:10003578
27436587ns          489297 1c00949c 1007d7b3 p.exthz          x15, x15, x0        x15=0000ffe6 x15:ffffffe6
27436607ns          489298 1c0094a0 0004da03 lhu              x20, 0(x9)          x20=0000f8a4  x9:1c002e6c  PA:1c002e6c
27436945ns          489315 1c0094a4 1007c533 p.exths          x10, x15, x0        x10=ffffffe6 x15:0000ffe6
27436965ns          489316 1c0094a8 09d11023 sh               x29, 128(x2)        x29:000000a2  x2:100034d8  PA:10003558
27436985ns          489317 1c0094ac 0003d483 lhu              x9, 0(x7)            x9=0000ffb5  x7:1c002ebc  PA:1c002ebc
27437303ns          489333 1c0094b0 02e80eb3 mul              x29, x16, x14       x29=fffffddf x16:fffffffb x14:0000006d
27437323ns          489334 1c0094b4 40a8d893 srai             x17, x17, 0x40a     x17=00000001 x17:000004af
27437343ns          489335 1c0094b8 03c80833 mul              x16, x16, x28       x16=ffffffc9 x16:fffffffb x28:0000000b
27437363ns          489336 1c0094bc 09e11823 sh               x30, 144(x2)        x30:0000fe8c  x2:100034d8  PA:10003568
27437383ns          489337 1c0094c0 0005d983 lhu              x19, 0(x11)         x19=0000ff71 x11:1c002e9c  PA:1c002e9c
27437681ns          489352 1c0094c4 81c88f5b p.muls           x30, x17, x28       x30=0000000b x17:00000001 x28:0000000b
27437701ns          489353 1c0094c8 0002d583 lhu              x11, 0(x5)          x11=0000ff13  x5:1c002eac  PA:1c002eac
27438019ns          489369 1c0094cc 03ce0fb3 mul              x31, x28, x28       x31=00000079 x28:0000000b x28:0000000b
27438039ns          489370 1c0094d0 02e50733 mul              x14, x10, x14       x14=fffff4ee x10:ffffffe6 x14:0000006d
27438059ns          489371 1c0094d4 40a85813 srai             x16, x16, 0x40a     x16=ffffffff x16:ffffffc9
27438079ns          489372 1c0094d8 03c50533 mul              x10, x10, x28       x10=fffffee2 x10:ffffffe6 x28:0000000b
27438099ns          489373 1c0094dc 07015e03 lhu              x28, 112(x2)        x28=00000147  x2:100034d8  PA:10003548
27438119ns          489374 1c0094e0 01b60633 add              x12, x12, x27       x12=0000201f x12:0000006d x27:00001fb2
27438139ns          489375 1c0094e2 00980833 add              x16, x16, x9        x16=0000ffb4 x16:ffffffff  x9:0000ffb5
27438159ns          489376 1c0094e4 06015d83 lhu              x27, 96(x2)         x27=000002e8  x2:100034d8  PA:10003538
27438178ns          489377 1c0094e8 02812483 lw               x9, 40(x2)           x9=1c002ecc  x2:100034d8  PA:10003500
27438198ns          489378 1c0094ea 40afdf93 srai             x31, x31, 0x40a     x31=00000000 x31:00000079
27438218ns          489379 1c0094ee 40a55513 srai             x10, x10, 0x40a     x10=ffffffff x10:fffffee2
27438238ns          489380 1c0094f0 01cf8fb3 add              x31, x31, x28       x31=00000147 x31:00000000 x28:00000147
27438258ns          489381 1c0094f2 00b50533 add              x10, x10, x11       x10=0000ff12 x10:ffffffff x11:0000ff13
27438278ns          489382 1c0094f4 09015e03 lhu              x28, 144(x2)        x28=0000fe8c  x2:100034d8  PA:10003568
27438298ns          489383 1c0094f8 03012583 lw               x11, 48(x2)         x11=1c002edc  x2:100034d8  PA:10003508
27438318ns          489384 1c0094fa 00c49023 sh               x12, 0(x9)          x12:0000201f  x9:1c002ecc  PA:1c002ecc
27438656ns          489401 1c0094fe 01b888b3 add              x17, x17, x27       x17=000002e9 x17:00000001 x27:000002e8
27438676ns          489402 1c009500 01a30333 add              x6, x6, x26          x6=0000082c  x6:0000000b x26:00000821
27438695ns          489403 1c009502 08015d83 lhu              x27, 128(x2)        x27=000000a2  x2:100034d8  PA:10003558
27438715ns          489404 1c009506 0000d903 lhu              x18, 0(x1)          x18=0000fdc6  x1:1c002e8c  PA:1c002e8c
27439014ns          489419 1c00950a 01c686b3 add              x13, x13, x28       x13=0001fe87 x13:0000fffb x28:0000fe8c
27439034ns          489420 1c00950c 00659023 sh               x6, 0(x11)           x6:0000082c x11:1c002edc  PA:1c002edc
27439372ns          489437 1c009510 40af5f13 srai             x30, x30, 0x40a     x30=00000000 x30:0000000b
27439392ns          489438 1c009514 04812e03 lw               x28, 72(x2)         x28=1c002f0c  x2:100034d8  PA:10003520
27439411ns          489439 1c009516 01bf0f33 add              x30, x30, x27       x30=000000a2 x30:00000000 x27:000000a2
27439431ns          489440 1c009518 40aede93 srai             x29, x29, 0x40a     x29=ffffffff x29:fffffddf
27439451ns          489441 1c00951c 40a75713 srai             x14, x14, 0x40a     x14=fffffffd x14:fffff4ee
27439471ns          489442 1c00951e 03812603 lw               x12, 56(x2)         x12=1c002eec  x2:100034d8  PA:10003510
27439491ns          489443 1c009520 04012d83 lw               x27, 64(x2)         x27=1c002efc  x2:100034d8  PA:10003518
27439511ns          489444 1c009522 01ee1023 sh               x30, 0(x28)         x30:000000a2 x28:1c002f0c  PA:1c002f0c
27439869ns          489462 1c009526 05812483 lw               x9, 88(x2)           x9=1c002e6c  x2:100034d8  PA:10003530
27439889ns          489463 1c009528 05012f03 lw               x30, 80(x2)         x30=1c002e7c  x2:100034d8  PA:10003528
27439909ns          489464 1c00952a 0a012583 lw               x11, 160(x2)        x11=1c002e9c  x2:100034d8  PA:10003578
27439929ns          489465 1c00952c 014787b3 add              x15, x15, x20       x15=0001f88a x15:0000ffe6 x20:0000f8a4
27439948ns          489466 1c00952e 013e8eb3 add              x29, x29, x19       x29=0000ff70 x29:ffffffff x19:0000ff71
27439968ns          489467 1c009530 01270733 add              x14, x14, x18       x14=0000fdc3 x14:fffffffd x18:0000fdc6
27439988ns          489468 1c009532 00f49023 sh               x15, 0(x9)          x15:0001f88a  x9:1c002e6c  PA:1c002e6c
27440306ns          489484 1c009536 01161023 sh               x17, 0(x12)         x17:000002e9 x12:1c002eec  PA:1c002eec
27440625ns          489500 1c00953a 01fd9023 sh               x31, 0(x27)         x31:00000147 x27:1c002efc  PA:1c002efc
27440943ns          489516 1c00953e 00df1023 sh               x13, 0(x30)         x13:0001fe87 x30:1c002e7c  PA:1c002e7c
27441261ns          489532 1c009542 01d59023 sh               x29, 0(x11)         x29:0000ff70 x11:1c002e9c  PA:1c002e9c
27441579ns          489548 1c009546 00e09023 sh               x14, 0(x1)          x14:0000fdc3  x1:1c002e8c  PA:1c002e8c
27441917ns          489565 1c00954a 01039023 sh               x16, 0(x7)          x16:0000ffb4  x7:1c002ebc  PA:1c002ebc
27442236ns          489581 1c00954e 00a29023 sh               x10, 0(x5)          x10:0000ff12  x5:1c002eac  PA:1c002eac
27442554ns          489597 1c009552 008b0b13 addi             x22, x22, 8         x22=000001f6 x22:000001ee
27442574ns          489598 1c009554 1f300793 addi             x15, x0, 499        x15=000001f3
27442594ns          489599 1c009558 e767dae3 bge              x15, x22, -396      x15:000001f3 x22:000001f6
27442613ns          489600 1c00955c 790020ef jal              x1, 10128            x1=1c009560
27442733ns          489606 1c00bcec f14027f3 csrrs            x15, x0, 0xf14      x15=00000006
27442812ns          489610 1c00bcf0 01f00713 addi             x14, x0, 31         x14=0000001f
27442852ns          489612 1c00bcf2 ca5797b3 p.extractu       x15, x15, 5, 5      x15=00000000 x15:00000006
27442872ns          489613 1c00bcf6 00e78863 beq              x15, x14, 16        x15:00000000 x14:0000001f
27442892ns          489614 1c00bcfa 002047b7 lui              x15, 0x204000       x15=00204000
27442952ns          489617 1c00bcfe 20078793 addi             x15, x15, 512       x15=00204200 x15:00204000
27442991ns          489619 1c00bd02 01c7e703 p.elw            x14, 28(x15)        x14=00010000 x15:00204200  PA:0020421c
27453413ns          490143 1c00bd06 00008067 jalr             x0, x1, 0            x1:1c009560
27453452ns          490145 1c009560 0ac12683 lw               x13, 172(x2)        x13=00000006  x2:100034d8  PA:10003584
27453552ns          490150 1c009562 28069ce3 bne              x13, x0, 2712       x13:00000006
27454666ns          490206 1c009ffa 4f3010ef jal              x1, 7410             x1=1c009ffe
27455143ns          490230 1c00bcec f14027f3 csrrs            x15, x0, 0xf14      x15=00000006
27455163ns          490231 1c00bcf0 01f00713 addi             x14, x0, 31         x14=0000001f
27455183ns          490232 1c00bcf2 ca5797b3 p.extractu       x15, x15, 5, 5      x15=00000000 x15:00000006
27455203ns          490233 1c00bcf6 00e78863 beq              x15, x14, 16        x15:00000000 x14:0000001f
27455222ns          490234 1c00bcfa 002047b7 lui              x15, 0x204000       x15=00204000
27455282ns          490237 1c00bcfe 20078793 addi             x15, x15, 512       x15=00204200 x15:00204000
27455322ns          490239 1c00bd02 01c7e703 p.elw            x14, 28(x15)        x14=00010000 x15:00204200  PA:0020421c
31727660ns          703650 1c00bd06 00008067 jalr             x0, x1, 0            x1:1c009ffe
31727700ns          703652 1c009ffe 00000493 addi             x9, x0, 0            x9=00000000
31727720ns          703653 1c00a000 4ed010ef jal              x1, 7404             x1=1c00a004
31727760ns          703655 1c00bcec f14027f3 csrrs            x15, x0, 0xf14      x15=00000006
31727780ns          703656 1c00bcf0 01f00713 addi             x14, x0, 31         x14=0000001f
31727800ns          703657 1c00bcf2 ca5797b3 p.extractu       x15, x15, 5, 5      x15=00000000 x15:00000006
31727820ns          703658 1c00bcf6 00e78863 beq              x15, x14, 16        x15:00000000 x14:0000001f
31727840ns          703659 1c00bcfa 002047b7 lui              x15, 0x204000       x15=00204000
31727860ns          703660 1c00bcfe 20078793 addi             x15, x15, 512       x15=00204200 x15:00204000
31727880ns          703661 1c00bd02 01c7e703 p.elw            x14, 28(x15)        x14=00010000 x15:00204200  PA:0020421c
31728402ns          703687 1c00bd06 00008067 jalr             x0, x1, 0            x1:1c00a004
31728442ns          703689 1c00a004 a4aff06f jal              x0, -3510          
31729546ns          703744 1c00924e 31c12083 lw               x1, 796(x2)          x1=1c00bbd0  x2:100034d8  PA:100037f4
31729586ns          703746 1c009252 31812403 lw               x8, 792(x2)          x8=xxxxxxxx  x2:100034d8  PA:100037f0
31729606ns          703747 1c009256 00900533 add              x10, x0, x9         x10=00000000  x9:00000000
31729626ns          703748 1c009258 31012903 lw               x18, 784(x2)        x18=xxxxxxxx  x2:100034d8  PA:100037e8
31729646ns          703749 1c00925c 31412483 lw               x9, 788(x2)          x9=xxxxxxxx  x2:100034d8  PA:100037ec
31730007ns          703767 1c009260 30c12983 lw               x19, 780(x2)        x19=xxxxxxxx  x2:100034d8  PA:100037e4
31730047ns          703769 1c009264 30812a03 lw               x20, 776(x2)        x20=xxxxxxxx  x2:100034d8  PA:100037e0
31730067ns          703770 1c009268 30412a83 lw               x21, 772(x2)        x21=xxxxxxxx  x2:100034d8  PA:100037dc
31730087ns          703771 1c00926c 30012b03 lw               x22, 768(x2)        x22=xxxxxxxx  x2:100034d8  PA:100037d8
31730489ns          703791 1c009270 2fc12b83 lw               x23, 764(x2)        x23=xxxxxxxx  x2:100034d8  PA:100037d4
31730529ns          703793 1c009274 2f812c03 lw               x24, 760(x2)        x24=xxxxxxxx  x2:100034d8  PA:100037d0
31730549ns          703794 1c009278 2f412c83 lw               x25, 756(x2)        x25=xxxxxxxx  x2:100034d8  PA:100037cc
31730569ns          703795 1c00927c 2f012d03 lw               x26, 752(x2)        x26=xxxxxxxx  x2:100034d8  PA:100037c8
31731091ns          703821 1c009280 2ec12d83 lw               x27, 748(x2)        x27=xxxxxxxx  x2:100034d8  PA:100037c4
31731131ns          703823 1c009284 32010113 addi             x2, x2, 800          x2=100037f8  x2:100034d8
31731151ns          703824 1c009288 00008067 jalr             x0, x1, 0            x1:1c00bbd0
31731632ns          703848 1c00bbd0 f14027f3 csrrs            x15, x0, 0xf14      x15=00000006
31731672ns          703850 1c00bbd4 f457b7b3 p.bclr           x15, x15, 26, 5     x15=00000006 x15:00000006
31731693ns          703851 1c00bbd8 00079963 bne              x15, x0, 18         x15:00000006
31732154ns          703874 1c00bbea 002047b7 lui              x15, 0x204000       x15=00204000
31732555ns          703894 1c00bbee 00478713 addi             x14, x15, 4         x14=00204004 x15:00204000
31732575ns          703895 1c00bbf2 fff00693 addi             x13, x0, -1         x13=ffffffff
31732595ns          703896 1c00bbf4 00d72023 sw               x13, 0(x14)         x13:ffffffff x14:00204004  PA:00204004
