                Time          Cycles PC       Instr    Mnemonic
26618753ns          448175 1c008080 0640006f jal              x0, 100            
26619210ns          448198 1c0080e4 f1402573 csrrs            x10, x0, 0xf14      x10=00000007
26619250ns          448200 1c0080e8 01f57593 andi             x11, x10, 31        x11=00000007 x10:00000007
26619270ns          448201 1c0080ec 00555513 srli             x10, x10, 0x5       x10=00000000 x10:00000007
26619290ns          448202 1c0080ee 01f00613 addi             x12, x0, 31         x12=0000001f
26619708ns          448223 1c0080f0 00c50463 beq              x10, x12, 8         x10:00000000 x12:0000001f
26619747ns          448225 1c0080f4 fa1ff06f jal              x0, -96            
26620205ns          448248 1c008094 f3ff8117 auipc            x2, 0xf3ff8000       x2=10000094
26620245ns          448250 1c008098 f7010113 addi             x2, x2, -144         x2=10000004  x2:10000094
26620265ns          448251 1c00809c 00012103 lw               x2, 0(x2)            x2=10000008  x2:10000004  PA:10000004
26620702ns          448273 1c0080a0 000011b7 lui              x3, 0x1000           x3=00001000
26620742ns          448275 1c0080a4 80018193 addi             x3, x3, -2048        x3=00000800  x3:00001000
26620762ns          448276 1c0080a8 00158593 addi             x11, x11, 1         x11=00000008 x11:00000007
26620782ns          448277 1c0080ac 02b180b3 mul              x1, x3, x11          x1=00004000  x3:00000800 x11:00000008
26621219ns          448299 1c0080b0 00110133 add              x2, x2, x1           x2=10004008  x2:10000008  x1:00004000
26621259ns          448301 1c0080b4 2f10306f jal              x0, 15088          
26621736ns          448325 1c00bba4 002047b7 lui              x15, 0x204000       x15=00204000
26621776ns          448327 1c00bba8 ff010113 addi             x2, x2, -16          x2=10003ff8  x2:10004008
26621796ns          448328 1c00bbaa 00112623 sw               x1, 12(x2)           x1:00004000  x2:10003ff8  PA:10004004
26621816ns          448329 1c00bbac 00878713 addi             x14, x15, 8         x14=00204008 x15:00204000
26622233ns          448350 1c00bbb0 000706b7 lui              x13, 0x70000        x13=00070000
26622273ns          448352 1c00bbb4 00d72023 sw               x13, 0(x14)         x13:00070000 x14:00204008  PA:00204008
26622293ns          448353 1c00bbb6 20078693 addi             x13, x15, 512       x13=00204200 x15:00204000
26622313ns          448354 1c00bbba 0ff00713 addi             x14, x0, 255        x14=000000ff
26622333ns          448355 1c00bbbe 00e6a023 sw               x14, 0(x13)         x14:000000ff x13:00204200  PA:00204200
26622751ns          448376 1c00bbc0 20c78793 addi             x15, x15, 524       x15=0020420c x15:00204000
26622790ns          448378 1c00bbc4 00e7a023 sw               x14, 0(x15)         x14:000000ff x15:0020420c  PA:0020420c
26622810ns          448379 1c00bbc6 1c0037b7 lui              x15, 0x1c003000     x15=1c003000
26622830ns          448380 1c00bbca f447a783 lw               x15, -188(x15)      x15=1c009204 x15:1c003000  PA:1c002f44
26623307ns          448404 1c00bbce 000780e7 jalr             x1, x15, 0           x1=1c00bbd0 x15:1c009204
26623765ns          448427 1c009204 ce010113 addi             x2, x2, -800         x2=10003cd8  x2:10003ff8
26623805ns          448429 1c009208 f14027f3 csrrs            x15, x0, 0xf14      x15=00000007
26623824ns          448430 1c00920c 30112e23 sw               x1, 796(x2)          x1:1c00bbd0  x2:10003cd8  PA:10003ff4
26624282ns          448453 1c009210 30812c23 sw               x8, 792(x2)          x8:xxxxxxxx  x2:10003cd8  PA:10003ff0
26624322ns          448455 1c009214 30912a23 sw               x9, 788(x2)          x9:xxxxxxxx  x2:10003cd8  PA:10003fec
26624342ns          448456 1c009218 31212823 sw               x18, 784(x2)        x18:xxxxxxxx  x2:10003cd8  PA:10003fe8
26624361ns          448457 1c00921c 31312623 sw               x19, 780(x2)        x19:xxxxxxxx  x2:10003cd8  PA:10003fe4
26624799ns          448479 1c009220 31412423 sw               x20, 776(x2)        x20:xxxxxxxx  x2:10003cd8  PA:10003fe0
26624839ns          448481 1c009224 31512223 sw               x21, 772(x2)        x21:xxxxxxxx  x2:10003cd8  PA:10003fdc
26624859ns          448482 1c009228 31612023 sw               x22, 768(x2)        x22:xxxxxxxx  x2:10003cd8  PA:10003fd8
26624879ns          448483 1c00922c 2f712e23 sw               x23, 764(x2)        x23:xxxxxxxx  x2:10003cd8  PA:10003fd4
26625316ns          448505 1c009230 2f812c23 sw               x24, 760(x2)        x24:xxxxxxxx  x2:10003cd8  PA:10003fd0
26625356ns          448507 1c009234 2f912a23 sw               x25, 756(x2)        x25:xxxxxxxx  x2:10003cd8  PA:10003fcc
26625376ns          448508 1c009238 2fa12823 sw               x26, 752(x2)        x26:xxxxxxxx  x2:10003cd8  PA:10003fc8
26625396ns          448509 1c00923c 2fb12623 sw               x27, 748(x2)        x27:xxxxxxxx  x2:10003cd8  PA:10003fc4
26625833ns          448531 1c009240 ca579733 p.extractu       x14, x15, 5, 5      x14=00000000 x15:00000007
26625873ns          448533 1c009244 04070363 beq              x14, x0, 70         x14:00000000
26626390ns          448559 1c00928a f457b7b3 p.bclr           x15, x15, 26, 5     x15=00000007 x15:00000007
26626828ns          448581 1c00928e 1c000537 lui              x10, 0x1c000000     x10=1c000000
26626847ns          448582 1c009292 00f005b3 add              x11, x0, x15        x11=00000007 x15:00000007
26626867ns          448583 1c009294 00800613 addi             x12, x0, 8          x12=00000008
26626887ns          448584 1c009296 07050513 addi             x10, x10, 112       x10=1c000070 x10:1c000000
26626907ns          448585 1c00929a 0af12623 sw               x15, 172(x2)        x15:00000007  x2:10003cd8  PA:10003d84
26626927ns          448586 1c00929c 7c0010ef jal              x1, 6080             x1=1c0092a0
26627802ns          448630 1c00aa5c fc010113 addi             x2, x2, -64          x2=10003c98  x2:10003cd8
26628279ns          448654 1c00aa5e 02410313 addi             x6, x2, 36           x6=10003cbc  x2:10003c98
26628299ns          448655 1c00aa62 02c12423 sw               x12, 40(x2)         x12:00000008  x2:10003c98  PA:10003cc0
26628319ns          448656 1c00aa64 00a00633 add              x12, x0, x10        x12=1c000070 x10:1c000070
26628339ns          448657 1c00aa66 1c00b537 lui              x10, 0x1c00b000     x10=1c00b000
26628359ns          448658 1c00aa6a 02b12223 sw               x11, 36(x2)         x11:00000007  x2:10003c98  PA:10003cbc
26628379ns          448659 1c00aa6c 02d12623 sw               x13, 44(x2)         x13:00204200  x2:10003c98  PA:10003cc4
26628399ns          448660 1c00aa6e 00200593 addi             x11, x0, 2          x11=00000002
26628796ns          448680 1c00aa70 006006b3 add              x13, x0, x6         x13=10003cbc  x6:10003cbc
26628836ns          448682 1c00aa72 a1850513 addi             x10, x10, -1512     x10=1c00aa18 x10:1c00b000
26628856ns          448683 1c00aa76 00112e23 sw               x1, 28(x2)           x1:1c0092a0  x2:10003c98  PA:10003cb4
26628876ns          448684 1c00aa78 02e12823 sw               x14, 48(x2)         x14:00000000  x2:10003c98  PA:10003cc8
26628896ns          448685 1c00aa7a 02f12a23 sw               x15, 52(x2)         x15:00000007  x2:10003c98  PA:10003ccc
26628916ns          448686 1c00aa7c 03012c23 sw               x16, 56(x2)         x16:xxxxxxxx  x2:10003c98  PA:10003cd0
26628936ns          448687 1c00aa7e 03112e23 sw               x17, 60(x2)         x17:xxxxxxxx  x2:10003c98  PA:10003cd4
26629314ns          448706 1c00aa80 00612623 sw               x6, 12(x2)           x6:10003cbc  x2:10003c98  PA:10003ca4
26629333ns          448707 1c00aa82 fbfff0ef jal              x1, -66              x1=1c00aa84
26629791ns          448730 1c00aa40 04a0006f jal              x0, 74             
26629831ns          448732 1c00aa8a ed010113 addi             x2, x2, -304         x2=10003b68  x2:10003c98
26629851ns          448733 1c00aa8c 12812423 sw               x8, 296(x2)          x8:xxxxxxxx  x2:10003b68  PA:10003c90
26630288ns          448755 1c00aa90 00000413 addi             x8, x0, 0            x8=00000000
26630328ns          448757 1c00aa92 11612823 sw               x22, 272(x2)        x22:xxxxxxxx  x2:10003b68  PA:10003c78
26630348ns          448758 1c00aa96 11712623 sw               x23, 268(x2)        x23:xxxxxxxx  x2:10003b68  PA:10003c74
26630368ns          448759 1c00aa9a 11812423 sw               x24, 264(x2)        x24:xxxxxxxx  x2:10003b68  PA:10003c70
26630805ns          448781 1c00aa9e 11912223 sw               x25, 260(x2)        x25:xxxxxxxx  x2:10003b68  PA:10003c6c
26630845ns          448783 1c00aaa2 11a12023 sw               x26, 256(x2)        x26:xxxxxxxx  x2:10003b68  PA:10003c68
26630865ns          448784 1c00aaa6 0fb12e23 sw               x27, 252(x2)        x27:xxxxxxxx  x2:10003b68  PA:10003c64
26630885ns          448785 1c00aaa8 12112623 sw               x1, 300(x2)          x1:1c00aa84  x2:10003b68  PA:10003c94
26630905ns          448786 1c00aaac 00800db3 add              x27, x0, x8         x27=00000000  x8:00000000
26631322ns          448807 1c00aaae 12912223 sw               x9, 292(x2)          x9:xxxxxxxx  x2:10003b68  PA:10003c8c
26631362ns          448809 1c00aab2 13212023 sw               x18, 288(x2)        x18:xxxxxxxx  x2:10003b68  PA:10003c88
26631382ns          448810 1c00aab6 11312e23 sw               x19, 284(x2)        x19:xxxxxxxx  x2:10003b68  PA:10003c84
26631402ns          448811 1c00aaba 11412c23 sw               x20, 280(x2)        x20:xxxxxxxx  x2:10003b68  PA:10003c80
26631839ns          448833 1c00aabe 11512a23 sw               x21, 276(x2)        x21:xxxxxxxx  x2:10003b68  PA:10003c7c
26631859ns          448834 1c00aac2 00a00b33 add              x22, x0, x10        x22=1c00aa18 x10:1c00aa18
26631879ns          448835 1c00aac4 00b00d33 add              x26, x0, x11        x26=00000002 x11:00000002
26631899ns          448836 1c00aac6 00d00c33 add              x24, x0, x13        x24=10003cbc x13:10003cbc
26631919ns          448837 1c00aac8 1c000bb7 lui              x23, 0x1c000000     x23=1c000000
26631939ns          448838 1c00aacc 02410c93 addi             x25, x2, 36         x25=10003b8c  x2:10003b68
26632376ns          448860 1c00aad0 00c00433 add              x8, x0, x12          x8=1c000070 x12:1c000070
26632416ns          448862 1c00aad2 00044503 lbu              x10, 0(x8)          x10=00000043  x8:1c000070  PA:1c000070
26632834ns          448883 1c00aad6 00140413 addi             x8, x8, 1            x8=1c000071  x8:1c000070
26632854ns          448884 1c00aad8 00050e63 beq              x10, x0, 28         x10:00000043
26632874ns          448885 1c00aada 02500793 addi             x15, x0, 37         x15=00000025
26632913ns          448887 1c00aade 04f50863 beq              x10, x15, 80        x10:00000043 x15:00000025
26632933ns          448888 1c00aae2 01a005b3 add              x11, x0, x26        x11=00000002 x26:00000002
26632953ns          448889 1c00aae4 000b00e7 jalr             x1, x22, 0           x1=1c00aae6 x22:1c00aa18
26633410ns          448912 1c00aa18 000026b7 lui              x13, 0x2000         x13=00002000
26633450ns          448914 1c00aa1a f14027f3 csrrs            x15, x0, 0xf14      x15=00000007
26633888ns          448936 1c00aa1e f8068693 addi             x13, x13, -128      x13=00001f80 x13:00002000
26633928ns          448938 1c00aa22 00379713 slli             x14, x15, 0x3       x14=00000038 x15:00000007
26633947ns          448939 1c00aa26 00279793 slli             x15, x15, 0x2       x15=0000001c x15:00000007
26633967ns          448940 1c00aa28 00d7f7b3 and              x15, x15, x13       x15=00000000 x15:0000001c x13:00001f80
26633987ns          448941 1c00aa2a ee873733 p.bclr           x14, x14, 23, 8     x14=00000038 x14:00000038
26634405ns          448962 1c00aa2e 1a10f6b7 lui              x13, 0x1a10f000     x13=1a10f000
26634445ns          448964 1c00aa32 0ff57513 andi             x10, x10, 255       x10=00000043 x10:00000043
26634465ns          448965 1c00aa36 00d70733 add              x14, x14, x13       x14=1a10f038 x14:00000038 x13:1a10f000
26634484ns          448966 1c00aa38 00a7e723 p.sw             x10, x0(x15)        x10:00000043 x15:00000000  PA:1a10f038
26635240ns          449004 1c00aa3c 00000513 addi             x10, x0, 0          x10=00000000
26635260ns          449005 1c00aa3e 00008067 jalr             x0, x1, 0            x1:1c00aae6
26635320ns          449008 1c00aae6 25f52163 p.beqimm         x10, 578            x10:00000000
26635340ns          449009 1c00aaea 001d8d93 addi             x27, x27, 1         x27=00000001 x27:00000000
26635360ns          449010 1c00aaec 00044503 lbu              x10, 0(x8)          x10=0000006f  x8:1c000071  PA:1c000071
26635678ns          449026 1c00aaf0 00140413 addi             x8, x8, 1            x8=1c000072  x8:1c000071
26635698ns          449027 1c00aaf2 fe0514e3 bne              x10, x0, -24        x10:0000006f
26635777ns          449031 1c00aada 02500793 addi             x15, x0, 37         x15=00000025
26635797ns          449032 1c00aade 04f50863 beq              x10, x15, 80        x10:0000006f x15:00000025
26635817ns          449033 1c00aae2 01a005b3 add              x11, x0, x26        x11=00000002 x26:00000002
26635837ns          449034 1c00aae4 000b00e7 jalr             x1, x22, 0           x1=1c00aae6 x22:1c00aa18
26635877ns          449036 1c00aa18 000026b7 lui              x13, 0x2000         x13=00002000
26635896ns          449037 1c00aa1a f14027f3 csrrs            x15, x0, 0xf14      x15=00000007
26635916ns          449038 1c00aa1e f8068693 addi             x13, x13, -128      x13=00001f80 x13:00002000
26635936ns          449039 1c00aa22 00379713 slli             x14, x15, 0x3       x14=00000038 x15:00000007
26635956ns          449040 1c00aa26 00279793 slli             x15, x15, 0x2       x15=0000001c x15:00000007
26635976ns          449041 1c00aa28 00d7f7b3 and              x15, x15, x13       x15=00000000 x15:0000001c x13:00001f80
26635996ns          449042 1c00aa2a ee873733 p.bclr           x14, x14, 23, 8     x14=00000038 x14:00000038
26636016ns          449043 1c00aa2e 1a10f6b7 lui              x13, 0x1a10f000     x13=1a10f000
26636036ns          449044 1c00aa32 0ff57513 andi             x10, x10, 255       x10=0000006f x10:0000006f
26636056ns          449045 1c00aa36 00d70733 add              x14, x14, x13       x14=1a10f038 x14:00000038 x13:1a10f000
26636075ns          449046 1c00aa38 00a7e723 p.sw             x10, x0(x15)        x10:0000006f x15:00000000  PA:1a10f038
26636414ns          449063 1c00aa3c 00000513 addi             x10, x0, 0          x10=00000000
26636433ns          449064 1c00aa3e 00008067 jalr             x0, x1, 0            x1:1c00aae6
26636493ns          449067 1c00aae6 25f52163 p.beqimm         x10, 578            x10:00000000
26636513ns          449068 1c00aaea 001d8d93 addi             x27, x27, 1         x27=00000002 x27:00000001
26636533ns          449069 1c00aaec 00044503 lbu              x10, 0(x8)          x10=00000072  x8:1c000072  PA:1c000072
26636831ns          449084 1c00aaf0 00140413 addi             x8, x8, 1            x8=1c000073  x8:1c000072
26636851ns          449085 1c00aaf2 fe0514e3 bne              x10, x0, -24        x10:00000072
26636931ns          449089 1c00aada 02500793 addi             x15, x0, 37         x15=00000025
26636951ns          449090 1c00aade 04f50863 beq              x10, x15, 80        x10:00000072 x15:00000025
26636970ns          449091 1c00aae2 01a005b3 add              x11, x0, x26        x11=00000002 x26:00000002
26636990ns          449092 1c00aae4 000b00e7 jalr             x1, x22, 0           x1=1c00aae6 x22:1c00aa18
26637030ns          449094 1c00aa18 000026b7 lui              x13, 0x2000         x13=00002000
26637050ns          449095 1c00aa1a f14027f3 csrrs            x15, x0, 0xf14      x15=00000007
26637070ns          449096 1c00aa1e f8068693 addi             x13, x13, -128      x13=00001f80 x13:00002000
26637090ns          449097 1c00aa22 00379713 slli             x14, x15, 0x3       x14=00000038 x15:00000007
26637110ns          449098 1c00aa26 00279793 slli             x15, x15, 0x2       x15=0000001c x15:00000007
26637130ns          449099 1c00aa28 00d7f7b3 and              x15, x15, x13       x15=00000000 x15:0000001c x13:00001f80
26637149ns          449100 1c00aa2a ee873733 p.bclr           x14, x14, 23, 8     x14=00000038 x14:00000038
26637169ns          449101 1c00aa2e 1a10f6b7 lui              x13, 0x1a10f000     x13=1a10f000
26637189ns          449102 1c00aa32 0ff57513 andi             x10, x10, 255       x10=00000072 x10:00000072
26637209ns          449103 1c00aa36 00d70733 add              x14, x14, x13       x14=1a10f038 x14:00000038 x13:1a10f000
26637229ns          449104 1c00aa38 00a7e723 p.sw             x10, x0(x15)        x10:00000072 x15:00000000  PA:1a10f038
26637587ns          449122 1c00aa3c 00000513 addi             x10, x0, 0          x10=00000000
26637607ns          449123 1c00aa3e 00008067 jalr             x0, x1, 0            x1:1c00aae6
26637667ns          449126 1c00aae6 25f52163 p.beqimm         x10, 578            x10:00000000
26637686ns          449127 1c00aaea 001d8d93 addi             x27, x27, 1         x27=00000003 x27:00000002
26637706ns          449128 1c00aaec 00044503 lbu              x10, 0(x8)          x10=00000065  x8:1c000073  PA:1c000073
26638005ns          449143 1c00aaf0 00140413 addi             x8, x8, 1            x8=1c000074  x8:1c000073
26638024ns          449144 1c00aaf2 fe0514e3 bne              x10, x0, -24        x10:00000065
26638104ns          449148 1c00aada 02500793 addi             x15, x0, 37         x15=00000025
26638124ns          449149 1c00aade 04f50863 beq              x10, x15, 80        x10:00000065 x15:00000025
26638144ns          449150 1c00aae2 01a005b3 add              x11, x0, x26        x11=00000002 x26:00000002
26638164ns          449151 1c00aae4 000b00e7 jalr             x1, x22, 0           x1=1c00aae6 x22:1c00aa18
26638203ns          449153 1c00aa18 000026b7 lui              x13, 0x2000         x13=00002000
26638223ns          449154 1c00aa1a f14027f3 csrrs            x15, x0, 0xf14      x15=00000007
26638243ns          449155 1c00aa1e f8068693 addi             x13, x13, -128      x13=00001f80 x13:00002000
26638263ns          449156 1c00aa22 00379713 slli             x14, x15, 0x3       x14=00000038 x15:00000007
26638283ns          449157 1c00aa26 00279793 slli             x15, x15, 0x2       x15=0000001c x15:00000007
26638303ns          449158 1c00aa28 00d7f7b3 and              x15, x15, x13       x15=00000000 x15:0000001c x13:00001f80
26638323ns          449159 1c00aa2a ee873733 p.bclr           x14, x14, 23, 8     x14=00000038 x14:00000038
26638343ns          449160 1c00aa2e 1a10f6b7 lui              x13, 0x1a10f000     x13=1a10f000
26638363ns          449161 1c00aa32 0ff57513 andi             x10, x10, 255       x10=00000065 x10:00000065
26638382ns          449162 1c00aa36 00d70733 add              x14, x14, x13       x14=1a10f038 x14:00000038 x13:1a10f000
26638402ns          449163 1c00aa38 00a7e723 p.sw             x10, x0(x15)        x10:00000065 x15:00000000  PA:1a10f038
26638740ns          449180 1c00aa3c 00000513 addi             x10, x0, 0          x10=00000000
26638760ns          449181 1c00aa3e 00008067 jalr             x0, x1, 0            x1:1c00aae6
26638820ns          449184 1c00aae6 25f52163 p.beqimm         x10, 578            x10:00000000
26638840ns          449185 1c00aaea 001d8d93 addi             x27, x27, 1         x27=00000004 x27:00000003
26638860ns          449186 1c00aaec 00044503 lbu              x10, 0(x8)          x10=00000020  x8:1c000074  PA:1c000074
26639158ns          449201 1c00aaf0 00140413 addi             x8, x8, 1            x8=1c000075  x8:1c000074
26639178ns          449202 1c00aaf2 fe0514e3 bne              x10, x0, -24        x10:00000020
26639258ns          449206 1c00aada 02500793 addi             x15, x0, 37         x15=00000025
26639277ns          449207 1c00aade 04f50863 beq              x10, x15, 80        x10:00000020 x15:00000025
26639297ns          449208 1c00aae2 01a005b3 add              x11, x0, x26        x11=00000002 x26:00000002
26639317ns          449209 1c00aae4 000b00e7 jalr             x1, x22, 0           x1=1c00aae6 x22:1c00aa18
26639357ns          449211 1c00aa18 000026b7 lui              x13, 0x2000         x13=00002000
26639377ns          449212 1c00aa1a f14027f3 csrrs            x15, x0, 0xf14      x15=00000007
26639397ns          449213 1c00aa1e f8068693 addi             x13, x13, -128      x13=00001f80 x13:00002000
26639417ns          449214 1c00aa22 00379713 slli             x14, x15, 0x3       x14=00000038 x15:00000007
26639437ns          449215 1c00aa26 00279793 slli             x15, x15, 0x2       x15=0000001c x15:00000007
26639456ns          449216 1c00aa28 00d7f7b3 and              x15, x15, x13       x15=00000000 x15:0000001c x13:00001f80
26639476ns          449217 1c00aa2a ee873733 p.bclr           x14, x14, 23, 8     x14=00000038 x14:00000038
26639496ns          449218 1c00aa2e 1a10f6b7 lui              x13, 0x1a10f000     x13=1a10f000
26639516ns          449219 1c00aa32 0ff57513 andi             x10, x10, 255       x10=00000020 x10:00000020
26639536ns          449220 1c00aa36 00d70733 add              x14, x14, x13       x14=1a10f038 x14:00000038 x13:1a10f000
26639556ns          449221 1c00aa38 00a7e723 p.sw             x10, x0(x15)        x10:00000020 x15:00000000  PA:1a10f038
26639894ns          449238 1c00aa3c 00000513 addi             x10, x0, 0          x10=00000000
26639914ns          449239 1c00aa3e 00008067 jalr             x0, x1, 0            x1:1c00aae6
26639974ns          449242 1c00aae6 25f52163 p.beqimm         x10, 578            x10:00000000
26639993ns          449243 1c00aaea 001d8d93 addi             x27, x27, 1         x27=00000005 x27:00000004
26640013ns          449244 1c00aaec 00044503 lbu              x10, 0(x8)          x10=00000049  x8:1c000075  PA:1c000075
26640332ns          449260 1c00aaf0 00140413 addi             x8, x8, 1            x8=1c000076  x8:1c000075
26640351ns          449261 1c00aaf2 fe0514e3 bne              x10, x0, -24        x10:00000049
26640431ns          449265 1c00aada 02500793 addi             x15, x0, 37         x15=00000025
26640451ns          449266 1c00aade 04f50863 beq              x10, x15, 80        x10:00000049 x15:00000025
26640471ns          449267 1c00aae2 01a005b3 add              x11, x0, x26        x11=00000002 x26:00000002
26640491ns          449268 1c00aae4 000b00e7 jalr             x1, x22, 0           x1=1c00aae6 x22:1c00aa18
26640530ns          449270 1c00aa18 000026b7 lui              x13, 0x2000         x13=00002000
26640550ns          449271 1c00aa1a f14027f3 csrrs            x15, x0, 0xf14      x15=00000007
26640570ns          449272 1c00aa1e f8068693 addi             x13, x13, -128      x13=00001f80 x13:00002000
26640590ns          449273 1c00aa22 00379713 slli             x14, x15, 0x3       x14=00000038 x15:00000007
26640610ns          449274 1c00aa26 00279793 slli             x15, x15, 0x2       x15=0000001c x15:00000007
26640630ns          449275 1c00aa28 00d7f7b3 and              x15, x15, x13       x15=00000000 x15:0000001c x13:00001f80
26640650ns          449276 1c00aa2a ee873733 p.bclr           x14, x14, 23, 8     x14=00000038 x14:00000038
26640670ns          449277 1c00aa2e 1a10f6b7 lui              x13, 0x1a10f000     x13=1a10f000
26640689ns          449278 1c00aa32 0ff57513 andi             x10, x10, 255       x10=00000049 x10:00000049
26640709ns          449279 1c00aa36 00d70733 add              x14, x14, x13       x14=1a10f038 x14:00000038 x13:1a10f000
26640729ns          449280 1c00aa38 00a7e723 p.sw             x10, x0(x15)        x10:00000049 x15:00000000  PA:1a10f038
26641047ns          449296 1c00aa3c 00000513 addi             x10, x0, 0          x10=00000000
26641067ns          449297 1c00aa3e 00008067 jalr             x0, x1, 0            x1:1c00aae6
26641127ns          449300 1c00aae6 25f52163 p.beqimm         x10, 578            x10:00000000
26641147ns          449301 1c00aaea 001d8d93 addi             x27, x27, 1         x27=00000006 x27:00000005
26641167ns          449302 1c00aaec 00044503 lbu              x10, 0(x8)          x10=00000044  x8:1c000076  PA:1c000076
26641465ns          449317 1c00aaf0 00140413 addi             x8, x8, 1            x8=1c000077  x8:1c000076
26641485ns          449318 1c00aaf2 fe0514e3 bne              x10, x0, -24        x10:00000044
26641565ns          449322 1c00aada 02500793 addi             x15, x0, 37         x15=00000025
26641584ns          449323 1c00aade 04f50863 beq              x10, x15, 80        x10:00000044 x15:00000025
26641604ns          449324 1c00aae2 01a005b3 add              x11, x0, x26        x11=00000002 x26:00000002
26641624ns          449325 1c00aae4 000b00e7 jalr             x1, x22, 0           x1=1c00aae6 x22:1c00aa18
26641664ns          449327 1c00aa18 000026b7 lui              x13, 0x2000         x13=00002000
26641684ns          449328 1c00aa1a f14027f3 csrrs            x15, x0, 0xf14      x15=00000007
26641704ns          449329 1c00aa1e f8068693 addi             x13, x13, -128      x13=00001f80 x13:00002000
26641724ns          449330 1c00aa22 00379713 slli             x14, x15, 0x3       x14=00000038 x15:00000007
26641744ns          449331 1c00aa26 00279793 slli             x15, x15, 0x2       x15=0000001c x15:00000007
26641763ns          449332 1c00aa28 00d7f7b3 and              x15, x15, x13       x15=00000000 x15:0000001c x13:00001f80
26641783ns          449333 1c00aa2a ee873733 p.bclr           x14, x14, 23, 8     x14=00000038 x14:00000038
26641803ns          449334 1c00aa2e 1a10f6b7 lui              x13, 0x1a10f000     x13=1a10f000
26641823ns          449335 1c00aa32 0ff57513 andi             x10, x10, 255       x10=00000044 x10:00000044
26641843ns          449336 1c00aa36 00d70733 add              x14, x14, x13       x14=1a10f038 x14:00000038 x13:1a10f000
26641863ns          449337 1c00aa38 00a7e723 p.sw             x10, x0(x15)        x10:00000044 x15:00000000  PA:1a10f038
26642201ns          449354 1c00aa3c 00000513 addi             x10, x0, 0          x10=00000000
26642221ns          449355 1c00aa3e 00008067 jalr             x0, x1, 0            x1:1c00aae6
26642281ns          449358 1c00aae6 25f52163 p.beqimm         x10, 578            x10:00000000
26642300ns          449359 1c00aaea 001d8d93 addi             x27, x27, 1         x27=00000007 x27:00000006
26642320ns          449360 1c00aaec 00044503 lbu              x10, 0(x8)          x10=0000003a  x8:1c000077  PA:1c000077
26642639ns          449376 1c00aaf0 00140413 addi             x8, x8, 1            x8=1c000078  x8:1c000077
26642658ns          449377 1c00aaf2 fe0514e3 bne              x10, x0, -24        x10:0000003a
26642738ns          449381 1c00aada 02500793 addi             x15, x0, 37         x15=00000025
26642758ns          449382 1c00aade 04f50863 beq              x10, x15, 80        x10:0000003a x15:00000025
26642778ns          449383 1c00aae2 01a005b3 add              x11, x0, x26        x11=00000002 x26:00000002
26642798ns          449384 1c00aae4 000b00e7 jalr             x1, x22, 0           x1=1c00aae6 x22:1c00aa18
26642837ns          449386 1c00aa18 000026b7 lui              x13, 0x2000         x13=00002000
26642857ns          449387 1c00aa1a f14027f3 csrrs            x15, x0, 0xf14      x15=00000007
26642877ns          449388 1c00aa1e f8068693 addi             x13, x13, -128      x13=00001f80 x13:00002000
26642897ns          449389 1c00aa22 00379713 slli             x14, x15, 0x3       x14=00000038 x15:00000007
26642917ns          449390 1c00aa26 00279793 slli             x15, x15, 0x2       x15=0000001c x15:00000007
26642937ns          449391 1c00aa28 00d7f7b3 and              x15, x15, x13       x15=00000000 x15:0000001c x13:00001f80
26642957ns          449392 1c00aa2a ee873733 p.bclr           x14, x14, 23, 8     x14=00000038 x14:00000038
26642977ns          449393 1c00aa2e 1a10f6b7 lui              x13, 0x1a10f000     x13=1a10f000
26642996ns          449394 1c00aa32 0ff57513 andi             x10, x10, 255       x10=0000003a x10:0000003a
26643016ns          449395 1c00aa36 00d70733 add              x14, x14, x13       x14=1a10f038 x14:00000038 x13:1a10f000
26643036ns          449396 1c00aa38 00a7e723 p.sw             x10, x0(x15)        x10:0000003a x15:00000000  PA:1a10f038
26643354ns          449412 1c00aa3c 00000513 addi             x10, x0, 0          x10=00000000
26643374ns          449413 1c00aa3e 00008067 jalr             x0, x1, 0            x1:1c00aae6
26643434ns          449416 1c00aae6 25f52163 p.beqimm         x10, 578            x10:00000000
26643454ns          449417 1c00aaea 001d8d93 addi             x27, x27, 1         x27=00000008 x27:00000007
26643474ns          449418 1c00aaec 00044503 lbu              x10, 0(x8)          x10=00000020  x8:1c000078  PA:1c000078
26643772ns          449433 1c00aaf0 00140413 addi             x8, x8, 1            x8=1c000079  x8:1c000078
26643792ns          449434 1c00aaf2 fe0514e3 bne              x10, x0, -24        x10:00000020
26643872ns          449438 1c00aada 02500793 addi             x15, x0, 37         x15=00000025
26643891ns          449439 1c00aade 04f50863 beq              x10, x15, 80        x10:00000020 x15:00000025
26643911ns          449440 1c00aae2 01a005b3 add              x11, x0, x26        x11=00000002 x26:00000002
26643931ns          449441 1c00aae4 000b00e7 jalr             x1, x22, 0           x1=1c00aae6 x22:1c00aa18
26643971ns          449443 1c00aa18 000026b7 lui              x13, 0x2000         x13=00002000
26643991ns          449444 1c00aa1a f14027f3 csrrs            x15, x0, 0xf14      x15=00000007
26644011ns          449445 1c00aa1e f8068693 addi             x13, x13, -128      x13=00001f80 x13:00002000
26644031ns          449446 1c00aa22 00379713 slli             x14, x15, 0x3       x14=00000038 x15:00000007
26644051ns          449447 1c00aa26 00279793 slli             x15, x15, 0x2       x15=0000001c x15:00000007
26644070ns          449448 1c00aa28 00d7f7b3 and              x15, x15, x13       x15=00000000 x15:0000001c x13:00001f80
26644090ns          449449 1c00aa2a ee873733 p.bclr           x14, x14, 23, 8     x14=00000038 x14:00000038
26644110ns          449450 1c00aa2e 1a10f6b7 lui              x13, 0x1a10f000     x13=1a10f000
26644130ns          449451 1c00aa32 0ff57513 andi             x10, x10, 255       x10=00000020 x10:00000020
26644150ns          449452 1c00aa36 00d70733 add              x14, x14, x13       x14=1a10f038 x14:00000038 x13:1a10f000
26644170ns          449453 1c00aa38 00a7e723 p.sw             x10, x0(x15)        x10:00000020 x15:00000000  PA:1a10f038
26644508ns          449470 1c00aa3c 00000513 addi             x10, x0, 0          x10=00000000
26644528ns          449471 1c00aa3e 00008067 jalr             x0, x1, 0            x1:1c00aae6
26644588ns          449474 1c00aae6 25f52163 p.beqimm         x10, 578            x10:00000000
26644607ns          449475 1c00aaea 001d8d93 addi             x27, x27, 1         x27=00000009 x27:00000008
26644627ns          449476 1c00aaec 00044503 lbu              x10, 0(x8)          x10=00000025  x8:1c000079  PA:1c000079
26644985ns          449494 1c00aaf0 00140413 addi             x8, x8, 1            x8=1c00007a  x8:1c000079
26645005ns          449495 1c00aaf2 fe0514e3 bne              x10, x0, -24        x10:00000025
26645085ns          449499 1c00aada 02500793 addi             x15, x0, 37         x15=00000025
26645105ns          449500 1c00aade 04f50863 beq              x10, x15, 80        x10:00000025 x15:00000025
26645642ns          449527 1c00ab2e 00044483 lbu              x9, 0(x8)            x9=00000064  x8:1c00007a  PA:1c00007a
26646139ns          449552 1c00ab32 02000693 addi             x13, x0, 32         x13=00000020
26646159ns          449553 1c00ab36 00140a93 addi             x21, x8, 1          x21=1c00007b  x8:1c00007a
26646179ns          449554 1c00ab3a 009005b3 add              x11, x0, x9         x11=00000064  x9:00000064
26646198ns          449555 1c00ab3c 610b8513 addi             x10, x23, 1552      x10=1c000610 x23:1c000000
26646457ns          449568 1c00ab40 00d12823 sw               x13, 16(x2)         x13:00000020  x2:10003b68  PA:10003b78
26646477ns          449569 1c00ab42 00012c23 sw               x0, 24(x2)           x2:10003b68  PA:10003b80
26646497ns          449570 1c00ab44 00012a23 sw               x0, 20(x2)           x2:10003b68  PA:10003b7c
26646517ns          449571 1c00ab46 00012e23 sw               x0, 28(x2)           x2:10003b68  PA:10003b84
26646537ns          449572 1c00ab48 00012623 sw               x0, 12(x2)           x2:10003b68  PA:10003b74
26646556ns          449573 1c00ab4a 02300913 addi             x18, x0, 35         x18=00000023
26646974ns          449594 1c00ab4e 02d00a13 addi             x20, x0, 45         x20=0000002d
26646994ns          449595 1c00ab52 015009b3 add              x19, x0, x21        x19=1c00007b x21:1c00007b
26647014ns          449596 1c00ab54 e45ff0ef jal              x1, -444             x1=1c00ab56
26647471ns          449619 1c00a998 00054783 lbu              x15, 0(x10)         x15=0000002d x10:1c000610  PA:1c000610
26647949ns          449643 1c00a99c 0ff5f593 andi             x11, x11, 255       x11=00000064 x11:00000064
26647988ns          449645 1c00a9a0 00b78c63 beq              x15, x11, 24        x15:0000002d x11:00000064
26648028ns          449647 1c00a9a4 00078b63 beq              x15, x0, 22         x15:0000002d
26648048ns          449648 1c00a9a6 00150793 addi             x15, x10, 1         x15=1c000611 x10:1c000610
26648068ns          449649 1c00a9aa 0040006f jal              x0, 4              
26648545ns          449673 1c00a9ae 00f00533 add              x10, x0, x15        x10=1c000611 x15:1c000611
26648565ns          449674 1c00a9b0 0017c70b p.lbu            x14, 1(x15!)        x14=0000002b x15=1c000612 x15:1c000611  PA:1c000611
26649003ns          449696 1c00a9b4 feb71ce3 bne              x14, x11, -8        x14:0000002b x11:00000064
26649102ns          449701 1c00a9ac 00070763 beq              x14, x0, 14         x14:0000002b
26649122ns          449702 1c00a9ae 00f00533 add              x10, x0, x15        x10=1c000612 x15:1c000612
26649142ns          449703 1c00a9b0 0017c70b p.lbu            x14, 1(x15!)        x14=00000020 x15=1c000613 x15:1c000612  PA:1c000612
26649480ns          449720 1c00a9b4 feb71ce3 bne              x14, x11, -8        x14:00000020 x11:00000064
26649540ns          449723 1c00a9ac 00070763 beq              x14, x0, 14         x14:00000020
26649560ns          449724 1c00a9ae 00f00533 add              x10, x0, x15        x10=1c000613 x15:1c000613
26649579ns          449725 1c00a9b0 0017c70b p.lbu            x14, 1(x15!)        x14=00000023 x15=1c000614 x15:1c000613  PA:1c000613
26649898ns          449741 1c00a9b4 feb71ce3 bne              x14, x11, -8        x14:00000023 x11:00000064
26649957ns          449744 1c00a9ac 00070763 beq              x14, x0, 14         x14:00000023
26649977ns          449745 1c00a9ae 00f00533 add              x10, x0, x15        x10=1c000614 x15:1c000614
26649997ns          449746 1c00a9b0 0017c70b p.lbu            x14, 1(x15!)        x14=00000030 x15=1c000615 x15:1c000614  PA:1c000614
26650315ns          449762 1c00a9b4 feb71ce3 bne              x14, x11, -8        x14:00000030 x11:00000064
26650375ns          449765 1c00a9ac 00070763 beq              x14, x0, 14         x14:00000030
26650395ns          449766 1c00a9ae 00f00533 add              x10, x0, x15        x10=1c000615 x15:1c000615
26650415ns          449767 1c00a9b0 0017c70b p.lbu            x14, 1(x15!)        x14=00000000 x15=1c000616 x15:1c000615  PA:1c000615
26650753ns          449784 1c00a9b4 feb71ce3 bne              x14, x11, -8        x14:00000000 x11:00000064
26650812ns          449787 1c00a9ac 00070763 beq              x14, x0, 14         x14:00000000
26650892ns          449791 1c00a9ba 0015b593 sltiu            x11, x11, 1         x11=00000000 x11:00000064
26650912ns          449792 1c00a9be 40b005b3 sub              x11, x0, x11        x11=00000000 x11:00000000
26650932ns          449793 1c00a9c2 00b57533 and              x10, x10, x11       x10=00000000 x10:1c000615 x11:00000000
26650952ns          449794 1c00a9c4 00008067 jalr             x0, x1, 0            x1:1c00ab56
26650991ns          449796 1c00ab56 02050a63 beq              x10, x0, 52         x10:00000000
26651489ns          449821 1c00ab8a 02a00613 addi             x12, x0, 42         x12=0000002a
26651946ns          449844 1c00ab8e 1ec48c63 beq              x9, x12, 504         x9:00000064 x12:0000002a
26651986ns          449846 1c00ab92 fd048613 addi             x12, x9, -48        x12=00000034  x9:00000064
26652006ns          449847 1c00ab96 00900593 addi             x11, x0, 9          x11=00000009
26652026ns          449848 1c00ab98 00000913 addi             x18, x0, 0          x18=00000000
26652046ns          449849 1c00ab9a 1cc5f663 bgeu             x11, x12, 460       x11:00000009 x12:00000034
26652463ns          449870 1c00ab9e 02e00693 addi             x13, x0, 46         x13=0000002e
26652483ns          449871 1c00aba2 fff00a13 addi             x20, x0, -1         x20=ffffffff
26652503ns          449872 1c00aba4 22d48963 beq              x9, x13, 562         x9:00000064 x13:0000002e
26652523ns          449873 1c00aba8 1c0007b7 lui              x15, 0x1c000000     x15=1c000000
26652543ns          449874 1c00abac 009005b3 add              x11, x0, x9         x11=00000064  x9:00000064
26652980ns          449896 1c00abae 61878513 addi             x10, x15, 1560      x10=1c000618 x15:1c000000
26653000ns          449897 1c00abb2 de7ff0ef jal              x1, -538             x1=1c00abb4
26653080ns          449901 1c00a998 00054783 lbu              x15, 0(x10)         x15=00000068 x10:1c000618  PA:1c000618
26653418ns          449918 1c00a99c 0ff5f593 andi             x11, x11, 255       x11=00000064 x11:00000064
26653438ns          449919 1c00a9a0 00b78c63 beq              x15, x11, 24        x15:00000068 x11:00000064
26653458ns          449920 1c00a9a4 00078b63 beq              x15, x0, 22         x15:00000068
26653477ns          449921 1c00a9a6 00150793 addi             x15, x10, 1         x15=1c000619 x10:1c000618
26653497ns          449922 1c00a9aa 0040006f jal              x0, 4              
26653537ns          449924 1c00a9ae 00f00533 add              x10, x0, x15        x10=1c000619 x15:1c000619
26653557ns          449925 1c00a9b0 0017c70b p.lbu            x14, 1(x15!)        x14=0000006c x15=1c00061a x15:1c000619  PA:1c000619
26654054ns          449950 1c00a9b4 feb71ce3 bne              x14, x11, -8        x14:0000006c x11:00000064
26654114ns          449953 1c00a9ac 00070763 beq              x14, x0, 14         x14:0000006c
26654134ns          449954 1c00a9ae 00f00533 add              x10, x0, x15        x10=1c00061a x15:1c00061a
26654154ns          449955 1c00a9b0 0017c70b p.lbu            x14, 1(x15!)        x14=0000004c x15=1c00061b x15:1c00061a  PA:1c00061a
26654492ns          449972 1c00a9b4 feb71ce3 bne              x14, x11, -8        x14:0000004c x11:00000064
26654551ns          449975 1c00a9ac 00070763 beq              x14, x0, 14         x14:0000004c
26654571ns          449976 1c00a9ae 00f00533 add              x10, x0, x15        x10=1c00061b x15:1c00061b
26654591ns          449977 1c00a9b0 0017c70b p.lbu            x14, 1(x15!)        x14=0000007a x15=1c00061c x15:1c00061b  PA:1c00061b
26654909ns          449993 1c00a9b4 feb71ce3 bne              x14, x11, -8        x14:0000007a x11:00000064
26654969ns          449996 1c00a9ac 00070763 beq              x14, x0, 14         x14:0000007a
26654989ns          449997 1c00a9ae 00f00533 add              x10, x0, x15        x10=1c00061c x15:1c00061c
26655009ns          449998 1c00a9b0 0017c70b p.lbu            x14, 1(x15!)        x14=00000000 x15=1c00061d x15:1c00061c  PA:1c00061c
26655327ns          450014 1c00a9b4 feb71ce3 bne              x14, x11, -8        x14:00000000 x11:00000064
26655387ns          450017 1c00a9ac 00070763 beq              x14, x0, 14         x14:00000000
26655466ns          450021 1c00a9ba 0015b593 sltiu            x11, x11, 1         x11=00000000 x11:00000064
26655486ns          450022 1c00a9be 40b005b3 sub              x11, x0, x11        x11=00000000 x11:00000000
26655506ns          450023 1c00a9c2 00b57533 and              x10, x10, x11       x10=00000000 x10:1c00061c x11:00000000
26655526ns          450024 1c00a9c4 00008067 jalr             x0, x1, 0            x1:1c00abb4
26655566ns          450026 1c00abb4 01300433 add              x8, x0, x19          x8=1c00007b x19:1c00007b
26655586ns          450027 1c00abb6 00050563 beq              x10, x0, 10         x10:00000000
26655924ns          450044 1c00abc0 06700693 addi             x13, x0, 103        x13=00000067
26655944ns          450045 1c00abc4 1c96df63 bge              x13, x9, 478        x13:00000067  x9:00000064
26656401ns          450068 1c00ada2 06500693 addi             x13, x0, 101        x13=00000065
26656421ns          450069 1c00ada6 12d4d463 bge              x9, x13, 296         x9:00000064 x13:00000065
26656441ns          450070 1c00adaa 04700693 addi             x13, x0, 71         x13=00000047
26656938ns          450095 1c00adae 5296c363 blt              x13, x9, 1318       x13:00000047  x9:00000064
26657435ns          450120 1c00b2d4 06300693 addi             x13, x0, 99         x13=00000063
26657475ns          450122 1c00b2d8 1cd48463 beq              x9, x13, 456         x9:00000064 x13:00000063
26657495ns          450123 1c00b2dc 1296c763 blt              x13, x9, 302        x13:00000063  x9:00000064
26658410ns          450169 1c00b40a 000c2503 lw               x10, 0(x24)         x10=00000007 x24:10003cbc  PA:10003cbc
26658430ns          450170 1c00b40e 004c0c13 addi             x24, x24, 4         x24=10003cc0 x24:10003cbc
26658867ns          450192 1c00b410 2c054b63 blt              x10, x0, 726        x10:00000007
26658907ns          450194 1c00b414 01412603 lw               x12, 20(x2)         x12=00000000  x2:10003b68  PA:10003b7c
26658927ns          450195 1c00b416 00a006b3 add              x13, x0, x10        x13=00000007 x10:00000007
26658947ns          450196 1c00b418 2e061463 bne              x12, x0, 744        x12:00000000
26658967ns          450197 1c00b41c 01812703 lw               x14, 24(x2)         x14=00000000  x2:10003b68  PA:10003b80
26658986ns          450198 1c00b41e 019007b3 add              x15, x0, x25        x15=10003b8c x25:10003b8c
26659325ns          450215 1c00b420 00070763 beq              x14, x0, 14         x14:00000000
26659384ns          450218 1c00b42e 00f00733 add              x14, x0, x15        x14=10003b8c x15:10003b8c
26659881ns          450243 1c00b430 00a00593 addi             x11, x0, 10         x11=0000000a
26659921ns          450245 1c00b432 02b6f633 remu             x12, x13, x11       x12=00000007 x13:00000007 x11:0000000a
26660538ns          450276 1c00b436 02b6d6b3 divu             x13, x13, x11       x13=00000000 x13:00000007 x11:0000000a
26661154ns          450307 1c00b43a 03060613 addi             x12, x12, 48        x12=00000037 x12:00000007
26661174ns          450308 1c00b43e 00c700ab p.sb             x12, 1(x14!)        x14=10003b8d x12:00000037 x14:10003b8c  PA:10003b8c
26661194ns          450309 1c00b442 fe0698e3 bne              x13, x0, -16        x13:00000000
26661214ns          450310 1c00b444 40f706b3 sub              x13, x14, x15       x13=00000001 x14:10003b8d x15:10003b8c
26661234ns          450311 1c00b448 0146da63 bge              x13, x20, 20        x13:00000001 x20:ffffffff
26661711ns          450335 1c00b45c 00e006b3 add              x13, x0, x14        x13=10003b8d x14:10003b8d
26662149ns          450357 1c00b45e fe068fab p.sb             x0, -1(x13!)        x13=10003b8c x13:10003b8d  PA:10003b8d
26662188ns          450359 1c00b462 00d7fc63 bgeu             x15, x13, 24        x15:10003b8c x13:10003b8c
26662686ns          450384 1c00b47a 01412783 lw               x15, 20(x2)         x15=00000000  x2:10003b68  PA:10003b7c
26662725ns          450386 1c00b47c 01812603 lw               x12, 24(x2)         x12=00000000  x2:10003b68  PA:10003b80
26663143ns          450407 1c00b47e 419704b3 sub              x9, x14, x25         x9=00000001 x14:10003b8d x25:10003b8c
26663163ns          450408 1c00b482 00c7e7b3 or               x15, x15, x12       x15=00000000 x15:00000000 x12:00000000
26663183ns          450409 1c00b484 00f12623 sw               x15, 12(x2)         x15:00000000  x2:10003b68  PA:10003b74
26663223ns          450411 1c00b486 00079363 bne              x15, x0, 6          x15:00000000
26663242ns          450412 1c00b488 01f55513 srli             x10, x10, 0x1f      x10=00000000 x10:00000007
26663262ns          450413 1c00b48a 00a12623 sw               x10, 12(x2)         x10:00000000  x2:10003b68  PA:10003b74
26663342ns          450417 1c00b48c ddfa22e3 p.beqimm         x20, -572           x20:ffffffff
26664137ns          450457 1c00b250 0c800793 addi             x15, x0, 200        x15=000000c8
26664177ns          450459 1c00b254 ac97cae3 blt              x15, x9, -1324      x15:000000c8  x9:00000001
26664197ns          450460 1c00b258 9d24c8e3 blt              x9, x18, -1584       x9:00000001 x18:00000000
26664217ns          450461 1c00b25c aabff06f jal              x0, -1366          
26665132ns          450507 1c00ad06 dc0486e3 beq              x9, x0, -564         x9:00000001
26665152ns          450508 1c00ad0a 01900933 add              x18, x0, x25        x18=10003b8c x25:10003b8c
26665172ns          450509 1c00ad0c 419d8db3 sub              x27, x27, x25       x27=efffc47d x27:00000009 x25:10003b8c
26665609ns          450531 1c00ad10 00a0006f jal              x0, 10             
26665669ns          450534 1c00ad1a 0019450b p.lbu            x10, 1(x18!)        x10=00000037 x18=10003b8d x18:10003b8c  PA:10003b8c
26665689ns          450535 1c00ad1e 01a005b3 add              x11, x0, x26        x11=00000002 x26:00000002
26666047ns          450553 1c00ad20 000b00e7 jalr             x1, x22, 0           x1=1c00ad22 x22:1c00aa18
26666126ns          450557 1c00aa18 000026b7 lui              x13, 0x2000         x13=00002000
26666166ns          450559 1c00aa1a f14027f3 csrrs            x15, x0, 0xf14      x15=00000007
26666186ns          450560 1c00aa1e f8068693 addi             x13, x13, -128      x13=00001f80 x13:00002000
26666206ns          450561 1c00aa22 00379713 slli             x14, x15, 0x3       x14=00000038 x15:00000007
26666226ns          450562 1c00aa26 00279793 slli             x15, x15, 0x2       x15=0000001c x15:00000007
26666246ns          450563 1c00aa28 00d7f7b3 and              x15, x15, x13       x15=00000000 x15:0000001c x13:00001f80
26666265ns          450564 1c00aa2a ee873733 p.bclr           x14, x14, 23, 8     x14=00000038 x14:00000038
26666305ns          450566 1c00aa2e 1a10f6b7 lui              x13, 0x1a10f000     x13=1a10f000
26666345ns          450568 1c00aa32 0ff57513 andi             x10, x10, 255       x10=00000037 x10:00000037
26666365ns          450569 1c00aa36 00d70733 add              x14, x14, x13       x14=1a10f038 x14:00000038 x13:1a10f000
26666385ns          450570 1c00aa38 00a7e723 p.sw             x10, x0(x15)        x10:00000037 x15:00000000  PA:1a10f038
26666822ns          450592 1c00aa3c 00000513 addi             x10, x0, 0          x10=00000000
26666842ns          450593 1c00aa3e 00008067 jalr             x0, x1, 0            x1:1c00ad22
26666882ns          450595 1c00ad22 fff48493 addi             x9, x9, -1           x9=00000000  x9:00000001
26666902ns          450596 1c00ad24 fff537e3 p.bneimm         x10, -18            x10:00000000
26666981ns          450600 1c00ad12 012d8733 add              x14, x27, x18       x14=0000000a x27:efffc47d x18:10003b8d
26667001ns          450601 1c00ad16 66048d63 beq              x9, x0, 1658         x9:00000000
26667339ns          450618 1c00b390 00e00db3 add              x27, x0, x14        x27=0000000a x14:0000000a
26667379ns          450620 1c00b392 f40ff06f jal              x0, -2240          
26667499ns          450626 1c00aad2 00044503 lbu              x10, 0(x8)          x10=0000002c  x8:1c00007b  PA:1c00007b
26667797ns          450641 1c00aad6 00140413 addi             x8, x8, 1            x8=1c00007c  x8:1c00007b
26667817ns          450642 1c00aad8 00050e63 beq              x10, x0, 28         x10:0000002c
26667837ns          450643 1c00aada 02500793 addi             x15, x0, 37         x15=00000025
26667856ns          450644 1c00aade 04f50863 beq              x10, x15, 80        x10:0000002c x15:00000025
26667876ns          450645 1c00aae2 01a005b3 add              x11, x0, x26        x11=00000002 x26:00000002
26667896ns          450646 1c00aae4 000b00e7 jalr             x1, x22, 0           x1=1c00aae6 x22:1c00aa18
26667936ns          450648 1c00aa18 000026b7 lui              x13, 0x2000         x13=00002000
26667956ns          450649 1c00aa1a f14027f3 csrrs            x15, x0, 0xf14      x15=00000007
26667976ns          450650 1c00aa1e f8068693 addi             x13, x13, -128      x13=00001f80 x13:00002000
26667996ns          450651 1c00aa22 00379713 slli             x14, x15, 0x3       x14=00000038 x15:00000007
26668016ns          450652 1c00aa26 00279793 slli             x15, x15, 0x2       x15=0000001c x15:00000007
26668035ns          450653 1c00aa28 00d7f7b3 and              x15, x15, x13       x15=00000000 x15:0000001c x13:00001f80
26668055ns          450654 1c00aa2a ee873733 p.bclr           x14, x14, 23, 8     x14=00000038 x14:00000038
26668075ns          450655 1c00aa2e 1a10f6b7 lui              x13, 0x1a10f000     x13=1a10f000
26668095ns          450656 1c00aa32 0ff57513 andi             x10, x10, 255       x10=0000002c x10:0000002c
26668115ns          450657 1c00aa36 00d70733 add              x14, x14, x13       x14=1a10f038 x14:00000038 x13:1a10f000
26668135ns          450658 1c00aa38 00a7e723 p.sw             x10, x0(x15)        x10:0000002c x15:00000000  PA:1a10f038
26668612ns          450682 1c00aa3c 00000513 addi             x10, x0, 0          x10=00000000
26668632ns          450683 1c00aa3e 00008067 jalr             x0, x1, 0            x1:1c00aae6
26668692ns          450686 1c00aae6 25f52163 p.beqimm         x10, 578            x10:00000000
26668712ns          450687 1c00aaea 001d8d93 addi             x27, x27, 1         x27=0000000b x27:0000000a
26668732ns          450688 1c00aaec 00044503 lbu              x10, 0(x8)          x10=00000020  x8:1c00007c  PA:1c00007c
26669050ns          450704 1c00aaf0 00140413 addi             x8, x8, 1            x8=1c00007d  x8:1c00007c
26669070ns          450705 1c00aaf2 fe0514e3 bne              x10, x0, -24        x10:00000020
26669149ns          450709 1c00aada 02500793 addi             x15, x0, 37         x15=00000025
26669169ns          450710 1c00aade 04f50863 beq              x10, x15, 80        x10:00000020 x15:00000025
26669189ns          450711 1c00aae2 01a005b3 add              x11, x0, x26        x11=00000002 x26:00000002
26669209ns          450712 1c00aae4 000b00e7 jalr             x1, x22, 0           x1=1c00aae6 x22:1c00aa18
26669249ns          450714 1c00aa18 000026b7 lui              x13, 0x2000         x13=00002000
26669269ns          450715 1c00aa1a f14027f3 csrrs            x15, x0, 0xf14      x15=00000007
26669288ns          450716 1c00aa1e f8068693 addi             x13, x13, -128      x13=00001f80 x13:00002000
26669308ns          450717 1c00aa22 00379713 slli             x14, x15, 0x3       x14=00000038 x15:00000007
26669328ns          450718 1c00aa26 00279793 slli             x15, x15, 0x2       x15=0000001c x15:00000007
26669348ns          450719 1c00aa28 00d7f7b3 and              x15, x15, x13       x15=00000000 x15:0000001c x13:00001f80
26669368ns          450720 1c00aa2a ee873733 p.bclr           x14, x14, 23, 8     x14=00000038 x14:00000038
26669388ns          450721 1c00aa2e 1a10f6b7 lui              x13, 0x1a10f000     x13=1a10f000
26669408ns          450722 1c00aa32 0ff57513 andi             x10, x10, 255       x10=00000020 x10:00000020
26669428ns          450723 1c00aa36 00d70733 add              x14, x14, x13       x14=1a10f038 x14:00000038 x13:1a10f000
26669448ns          450724 1c00aa38 00a7e723 p.sw             x10, x0(x15)        x10:00000020 x15:00000000  PA:1a10f038
26669766ns          450740 1c00aa3c 00000513 addi             x10, x0, 0          x10=00000000
26669786ns          450741 1c00aa3e 00008067 jalr             x0, x1, 0            x1:1c00aae6
26669845ns          450744 1c00aae6 25f52163 p.beqimm         x10, 578            x10:00000000
26669865ns          450745 1c00aaea 001d8d93 addi             x27, x27, 1         x27=0000000c x27:0000000b
26669885ns          450746 1c00aaec 00044503 lbu              x10, 0(x8)          x10=0000004e  x8:1c00007d  PA:1c00007d
26670183ns          450761 1c00aaf0 00140413 addi             x8, x8, 1            x8=1c00007e  x8:1c00007d
26670203ns          450762 1c00aaf2 fe0514e3 bne              x10, x0, -24        x10:0000004e
26670283ns          450766 1c00aada 02500793 addi             x15, x0, 37         x15=00000025
26670303ns          450767 1c00aade 04f50863 beq              x10, x15, 80        x10:0000004e x15:00000025
26670323ns          450768 1c00aae2 01a005b3 add              x11, x0, x26        x11=00000002 x26:00000002
26670342ns          450769 1c00aae4 000b00e7 jalr             x1, x22, 0           x1=1c00aae6 x22:1c00aa18
26670382ns          450771 1c00aa18 000026b7 lui              x13, 0x2000         x13=00002000
26670402ns          450772 1c00aa1a f14027f3 csrrs            x15, x0, 0xf14      x15=00000007
26670422ns          450773 1c00aa1e f8068693 addi             x13, x13, -128      x13=00001f80 x13:00002000
26670442ns          450774 1c00aa22 00379713 slli             x14, x15, 0x3       x14=00000038 x15:00000007
26670462ns          450775 1c00aa26 00279793 slli             x15, x15, 0x2       x15=0000001c x15:00000007
26670482ns          450776 1c00aa28 00d7f7b3 and              x15, x15, x13       x15=00000000 x15:0000001c x13:00001f80
26670502ns          450777 1c00aa2a ee873733 p.bclr           x14, x14, 23, 8     x14=00000038 x14:00000038
26670521ns          450778 1c00aa2e 1a10f6b7 lui              x13, 0x1a10f000     x13=1a10f000
26670541ns          450779 1c00aa32 0ff57513 andi             x10, x10, 255       x10=0000004e x10:0000004e
26670561ns          450780 1c00aa36 00d70733 add              x14, x14, x13       x14=1a10f038 x14:00000038 x13:1a10f000
26670581ns          450781 1c00aa38 00a7e723 p.sw             x10, x0(x15)        x10:0000004e x15:00000000  PA:1a10f038
26670899ns          450797 1c00aa3c 00000513 addi             x10, x0, 0          x10=00000000
26670919ns          450798 1c00aa3e 00008067 jalr             x0, x1, 0            x1:1c00aae6
26670979ns          450801 1c00aae6 25f52163 p.beqimm         x10, 578            x10:00000000
26670999ns          450802 1c00aaea 001d8d93 addi             x27, x27, 1         x27=0000000d x27:0000000c
26671019ns          450803 1c00aaec 00044503 lbu              x10, 0(x8)          x10=00000075  x8:1c00007e  PA:1c00007e
26671317ns          450818 1c00aaf0 00140413 addi             x8, x8, 1            x8=1c00007f  x8:1c00007e
26671337ns          450819 1c00aaf2 fe0514e3 bne              x10, x0, -24        x10:00000075
26671416ns          450823 1c00aada 02500793 addi             x15, x0, 37         x15=00000025
26671436ns          450824 1c00aade 04f50863 beq              x10, x15, 80        x10:00000075 x15:00000025
26671456ns          450825 1c00aae2 01a005b3 add              x11, x0, x26        x11=00000002 x26:00000002
26671476ns          450826 1c00aae4 000b00e7 jalr             x1, x22, 0           x1=1c00aae6 x22:1c00aa18
26671516ns          450828 1c00aa18 000026b7 lui              x13, 0x2000         x13=00002000
26671536ns          450829 1c00aa1a f14027f3 csrrs            x15, x0, 0xf14      x15=00000007
26671556ns          450830 1c00aa1e f8068693 addi             x13, x13, -128      x13=00001f80 x13:00002000
26671576ns          450831 1c00aa22 00379713 slli             x14, x15, 0x3       x14=00000038 x15:00000007
26671595ns          450832 1c00aa26 00279793 slli             x15, x15, 0x2       x15=0000001c x15:00000007
26671615ns          450833 1c00aa28 00d7f7b3 and              x15, x15, x13       x15=00000000 x15:0000001c x13:00001f80
26671635ns          450834 1c00aa2a ee873733 p.bclr           x14, x14, 23, 8     x14=00000038 x14:00000038
26671655ns          450835 1c00aa2e 1a10f6b7 lui              x13, 0x1a10f000     x13=1a10f000
26671675ns          450836 1c00aa32 0ff57513 andi             x10, x10, 255       x10=00000075 x10:00000075
26671695ns          450837 1c00aa36 00d70733 add              x14, x14, x13       x14=1a10f038 x14:00000038 x13:1a10f000
26671715ns          450838 1c00aa38 00a7e723 p.sw             x10, x0(x15)        x10:00000075 x15:00000000  PA:1a10f038
26672033ns          450854 1c00aa3c 00000513 addi             x10, x0, 0          x10=00000000
26672053ns          450855 1c00aa3e 00008067 jalr             x0, x1, 0            x1:1c00aae6
26672113ns          450858 1c00aae6 25f52163 p.beqimm         x10, 578            x10:00000000
26672132ns          450859 1c00aaea 001d8d93 addi             x27, x27, 1         x27=0000000e x27:0000000d
26672152ns          450860 1c00aaec 00044503 lbu              x10, 0(x8)          x10=0000006d  x8:1c00007f  PA:1c00007f
26672451ns          450875 1c00aaf0 00140413 addi             x8, x8, 1            x8=1c000080  x8:1c00007f
26672471ns          450876 1c00aaf2 fe0514e3 bne              x10, x0, -24        x10:0000006d
26672550ns          450880 1c00aada 02500793 addi             x15, x0, 37         x15=00000025
26672570ns          450881 1c00aade 04f50863 beq              x10, x15, 80        x10:0000006d x15:00000025
26672590ns          450882 1c00aae2 01a005b3 add              x11, x0, x26        x11=00000002 x26:00000002
26672610ns          450883 1c00aae4 000b00e7 jalr             x1, x22, 0           x1=1c00aae6 x22:1c00aa18
26672650ns          450885 1c00aa18 000026b7 lui              x13, 0x2000         x13=00002000
26672669ns          450886 1c00aa1a f14027f3 csrrs            x15, x0, 0xf14      x15=00000007
26672689ns          450887 1c00aa1e f8068693 addi             x13, x13, -128      x13=00001f80 x13:00002000
26672709ns          450888 1c00aa22 00379713 slli             x14, x15, 0x3       x14=00000038 x15:00000007
26672729ns          450889 1c00aa26 00279793 slli             x15, x15, 0x2       x15=0000001c x15:00000007
26672749ns          450890 1c00aa28 00d7f7b3 and              x15, x15, x13       x15=00000000 x15:0000001c x13:00001f80
26672769ns          450891 1c00aa2a ee873733 p.bclr           x14, x14, 23, 8     x14=00000038 x14:00000038
26672789ns          450892 1c00aa2e 1a10f6b7 lui              x13, 0x1a10f000     x13=1a10f000
26672809ns          450893 1c00aa32 0ff57513 andi             x10, x10, 255       x10=0000006d x10:0000006d
26672828ns          450894 1c00aa36 00d70733 add              x14, x14, x13       x14=1a10f038 x14:00000038 x13:1a10f000
26672848ns          450895 1c00aa38 00a7e723 p.sw             x10, x0(x15)        x10:0000006d x15:00000000  PA:1a10f038
26673206ns          450913 1c00aa3c 00000513 addi             x10, x0, 0          x10=00000000
26673226ns          450914 1c00aa3e 00008067 jalr             x0, x1, 0            x1:1c00aae6
26673286ns          450917 1c00aae6 25f52163 p.beqimm         x10, 578            x10:00000000
26673306ns          450918 1c00aaea 001d8d93 addi             x27, x27, 1         x27=0000000f x27:0000000e
26673326ns          450919 1c00aaec 00044503 lbu              x10, 0(x8)          x10=00000062  x8:1c000080  PA:1c000080
26673624ns          450934 1c00aaf0 00140413 addi             x8, x8, 1            x8=1c000081  x8:1c000080
26673644ns          450935 1c00aaf2 fe0514e3 bne              x10, x0, -24        x10:00000062
26673723ns          450939 1c00aada 02500793 addi             x15, x0, 37         x15=00000025
26673743ns          450940 1c00aade 04f50863 beq              x10, x15, 80        x10:00000062 x15:00000025
26673763ns          450941 1c00aae2 01a005b3 add              x11, x0, x26        x11=00000002 x26:00000002
26673783ns          450942 1c00aae4 000b00e7 jalr             x1, x22, 0           x1=1c00aae6 x22:1c00aa18
26673823ns          450944 1c00aa18 000026b7 lui              x13, 0x2000         x13=00002000
26673843ns          450945 1c00aa1a f14027f3 csrrs            x15, x0, 0xf14      x15=00000007
26673863ns          450946 1c00aa1e f8068693 addi             x13, x13, -128      x13=00001f80 x13:00002000
26673883ns          450947 1c00aa22 00379713 slli             x14, x15, 0x3       x14=00000038 x15:00000007
26673902ns          450948 1c00aa26 00279793 slli             x15, x15, 0x2       x15=0000001c x15:00000007
26673922ns          450949 1c00aa28 00d7f7b3 and              x15, x15, x13       x15=00000000 x15:0000001c x13:00001f80
26673942ns          450950 1c00aa2a ee873733 p.bclr           x14, x14, 23, 8     x14=00000038 x14:00000038
26673962ns          450951 1c00aa2e 1a10f6b7 lui              x13, 0x1a10f000     x13=1a10f000
26673982ns          450952 1c00aa32 0ff57513 andi             x10, x10, 255       x10=00000062 x10:00000062
26674002ns          450953 1c00aa36 00d70733 add              x14, x14, x13       x14=1a10f038 x14:00000038 x13:1a10f000
26674022ns          450954 1c00aa38 00a7e723 p.sw             x10, x0(x15)        x10:00000062 x15:00000000  PA:1a10f038
26674360ns          450971 1c00aa3c 00000513 addi             x10, x0, 0          x10=00000000
26674380ns          450972 1c00aa3e 00008067 jalr             x0, x1, 0            x1:1c00aae6
26674439ns          450975 1c00aae6 25f52163 p.beqimm         x10, 578            x10:00000000
26674459ns          450976 1c00aaea 001d8d93 addi             x27, x27, 1         x27=00000010 x27:0000000f
26674479ns          450977 1c00aaec 00044503 lbu              x10, 0(x8)          x10=00000065  x8:1c000081  PA:1c000081
26674778ns          450992 1c00aaf0 00140413 addi             x8, x8, 1            x8=1c000082  x8:1c000081
26674797ns          450993 1c00aaf2 fe0514e3 bne              x10, x0, -24        x10:00000065
26674877ns          450997 1c00aada 02500793 addi             x15, x0, 37         x15=00000025
26674897ns          450998 1c00aade 04f50863 beq              x10, x15, 80        x10:00000065 x15:00000025
26674917ns          450999 1c00aae2 01a005b3 add              x11, x0, x26        x11=00000002 x26:00000002
26674937ns          451000 1c00aae4 000b00e7 jalr             x1, x22, 0           x1=1c00aae6 x22:1c00aa18
26674976ns          451002 1c00aa18 000026b7 lui              x13, 0x2000         x13=00002000
26674996ns          451003 1c00aa1a f14027f3 csrrs            x15, x0, 0xf14      x15=00000007
26675016ns          451004 1c00aa1e f8068693 addi             x13, x13, -128      x13=00001f80 x13:00002000
26675036ns          451005 1c00aa22 00379713 slli             x14, x15, 0x3       x14=00000038 x15:00000007
26675056ns          451006 1c00aa26 00279793 slli             x15, x15, 0x2       x15=0000001c x15:00000007
26675076ns          451007 1c00aa28 00d7f7b3 and              x15, x15, x13       x15=00000000 x15:0000001c x13:00001f80
26675096ns          451008 1c00aa2a ee873733 p.bclr           x14, x14, 23, 8     x14=00000038 x14:00000038
26675116ns          451009 1c00aa2e 1a10f6b7 lui              x13, 0x1a10f000     x13=1a10f000
26675136ns          451010 1c00aa32 0ff57513 andi             x10, x10, 255       x10=00000065 x10:00000065
26675155ns          451011 1c00aa36 00d70733 add              x14, x14, x13       x14=1a10f038 x14:00000038 x13:1a10f000
26675175ns          451012 1c00aa38 00a7e723 p.sw             x10, x0(x15)        x10:00000065 x15:00000000  PA:1a10f038
26675493ns          451028 1c00aa3c 00000513 addi             x10, x0, 0          x10=00000000
26675513ns          451029 1c00aa3e 00008067 jalr             x0, x1, 0            x1:1c00aae6
26675573ns          451032 1c00aae6 25f52163 p.beqimm         x10, 578            x10:00000000
26675593ns          451033 1c00aaea 001d8d93 addi             x27, x27, 1         x27=00000011 x27:00000010
26675613ns          451034 1c00aaec 00044503 lbu              x10, 0(x8)          x10=00000072  x8:1c000082  PA:1c000082
26675911ns          451049 1c00aaf0 00140413 addi             x8, x8, 1            x8=1c000083  x8:1c000082
26675931ns          451050 1c00aaf2 fe0514e3 bne              x10, x0, -24        x10:00000072
26676011ns          451054 1c00aada 02500793 addi             x15, x0, 37         x15=00000025
26676030ns          451055 1c00aade 04f50863 beq              x10, x15, 80        x10:00000072 x15:00000025
26676050ns          451056 1c00aae2 01a005b3 add              x11, x0, x26        x11=00000002 x26:00000002
26676070ns          451057 1c00aae4 000b00e7 jalr             x1, x22, 0           x1=1c00aae6 x22:1c00aa18
26676110ns          451059 1c00aa18 000026b7 lui              x13, 0x2000         x13=00002000
26676130ns          451060 1c00aa1a f14027f3 csrrs            x15, x0, 0xf14      x15=00000007
26676150ns          451061 1c00aa1e f8068693 addi             x13, x13, -128      x13=00001f80 x13:00002000
26676170ns          451062 1c00aa22 00379713 slli             x14, x15, 0x3       x14=00000038 x15:00000007
26676190ns          451063 1c00aa26 00279793 slli             x15, x15, 0x2       x15=0000001c x15:00000007
26676209ns          451064 1c00aa28 00d7f7b3 and              x15, x15, x13       x15=00000000 x15:0000001c x13:00001f80
26676229ns          451065 1c00aa2a ee873733 p.bclr           x14, x14, 23, 8     x14=00000038 x14:00000038
26676249ns          451066 1c00aa2e 1a10f6b7 lui              x13, 0x1a10f000     x13=1a10f000
26676269ns          451067 1c00aa32 0ff57513 andi             x10, x10, 255       x10=00000072 x10:00000072
26676289ns          451068 1c00aa36 00d70733 add              x14, x14, x13       x14=1a10f038 x14:00000038 x13:1a10f000
26676309ns          451069 1c00aa38 00a7e723 p.sw             x10, x0(x15)        x10:00000072 x15:00000000  PA:1a10f038
26676667ns          451087 1c00aa3c 00000513 addi             x10, x0, 0          x10=00000000
26676687ns          451088 1c00aa3e 00008067 jalr             x0, x1, 0            x1:1c00aae6
26676746ns          451091 1c00aae6 25f52163 p.beqimm         x10, 578            x10:00000000
26676766ns          451092 1c00aaea 001d8d93 addi             x27, x27, 1         x27=00000012 x27:00000011
26676786ns          451093 1c00aaec 00044503 lbu              x10, 0(x8)          x10=00000020  x8:1c000083  PA:1c000083
26677085ns          451108 1c00aaf0 00140413 addi             x8, x8, 1            x8=1c000084  x8:1c000083
26677104ns          451109 1c00aaf2 fe0514e3 bne              x10, x0, -24        x10:00000020
26677184ns          451113 1c00aada 02500793 addi             x15, x0, 37         x15=00000025
26677204ns          451114 1c00aade 04f50863 beq              x10, x15, 80        x10:00000020 x15:00000025
26677224ns          451115 1c00aae2 01a005b3 add              x11, x0, x26        x11=00000002 x26:00000002
26677244ns          451116 1c00aae4 000b00e7 jalr             x1, x22, 0           x1=1c00aae6 x22:1c00aa18
26677283ns          451118 1c00aa18 000026b7 lui              x13, 0x2000         x13=00002000
26677303ns          451119 1c00aa1a f14027f3 csrrs            x15, x0, 0xf14      x15=00000007
26677323ns          451120 1c00aa1e f8068693 addi             x13, x13, -128      x13=00001f80 x13:00002000
26677343ns          451121 1c00aa22 00379713 slli             x14, x15, 0x3       x14=00000038 x15:00000007
26677363ns          451122 1c00aa26 00279793 slli             x15, x15, 0x2       x15=0000001c x15:00000007
26677383ns          451123 1c00aa28 00d7f7b3 and              x15, x15, x13       x15=00000000 x15:0000001c x13:00001f80
26677403ns          451124 1c00aa2a ee873733 p.bclr           x14, x14, 23, 8     x14=00000038 x14:00000038
26677423ns          451125 1c00aa2e 1a10f6b7 lui              x13, 0x1a10f000     x13=1a10f000
26677443ns          451126 1c00aa32 0ff57513 andi             x10, x10, 255       x10=00000020 x10:00000020
26677462ns          451127 1c00aa36 00d70733 add              x14, x14, x13       x14=1a10f038 x14:00000038 x13:1a10f000
26677482ns          451128 1c00aa38 00a7e723 p.sw             x10, x0(x15)        x10:00000020 x15:00000000  PA:1a10f038
26677820ns          451145 1c00aa3c 00000513 addi             x10, x0, 0          x10=00000000
26677840ns          451146 1c00aa3e 00008067 jalr             x0, x1, 0            x1:1c00aae6
26677900ns          451149 1c00aae6 25f52163 p.beqimm         x10, 578            x10:00000000
26677920ns          451150 1c00aaea 001d8d93 addi             x27, x27, 1         x27=00000013 x27:00000012
26677940ns          451151 1c00aaec 00044503 lbu              x10, 0(x8)          x10=0000006f  x8:1c000084  PA:1c000084
26678258ns          451167 1c00aaf0 00140413 addi             x8, x8, 1            x8=1c000085  x8:1c000084
26678278ns          451168 1c00aaf2 fe0514e3 bne              x10, x0, -24        x10:0000006f
26678357ns          451172 1c00aada 02500793 addi             x15, x0, 37         x15=00000025
26678377ns          451173 1c00aade 04f50863 beq              x10, x15, 80        x10:0000006f x15:00000025
26678397ns          451174 1c00aae2 01a005b3 add              x11, x0, x26        x11=00000002 x26:00000002
26678417ns          451175 1c00aae4 000b00e7 jalr             x1, x22, 0           x1=1c00aae6 x22:1c00aa18
26678457ns          451177 1c00aa18 000026b7 lui              x13, 0x2000         x13=00002000
26678477ns          451178 1c00aa1a f14027f3 csrrs            x15, x0, 0xf14      x15=00000007
26678497ns          451179 1c00aa1e f8068693 addi             x13, x13, -128      x13=00001f80 x13:00002000
26678516ns          451180 1c00aa22 00379713 slli             x14, x15, 0x3       x14=00000038 x15:00000007
26678536ns          451181 1c00aa26 00279793 slli             x15, x15, 0x2       x15=0000001c x15:00000007
26678556ns          451182 1c00aa28 00d7f7b3 and              x15, x15, x13       x15=00000000 x15:0000001c x13:00001f80
26678576ns          451183 1c00aa2a ee873733 p.bclr           x14, x14, 23, 8     x14=00000038 x14:00000038
26678596ns          451184 1c00aa2e 1a10f6b7 lui              x13, 0x1a10f000     x13=1a10f000
26678616ns          451185 1c00aa32 0ff57513 andi             x10, x10, 255       x10=0000006f x10:0000006f
26678636ns          451186 1c00aa36 00d70733 add              x14, x14, x13       x14=1a10f038 x14:00000038 x13:1a10f000
26678656ns          451187 1c00aa38 00a7e723 p.sw             x10, x0(x15)        x10:0000006f x15:00000000  PA:1a10f038
26678974ns          451203 1c00aa3c 00000513 addi             x10, x0, 0          x10=00000000
26678994ns          451204 1c00aa3e 00008067 jalr             x0, x1, 0            x1:1c00aae6
26679053ns          451207 1c00aae6 25f52163 p.beqimm         x10, 578            x10:00000000
26679073ns          451208 1c00aaea 001d8d93 addi             x27, x27, 1         x27=00000014 x27:00000013
26679093ns          451209 1c00aaec 00044503 lbu              x10, 0(x8)          x10=00000066  x8:1c000085  PA:1c000085
26679392ns          451224 1c00aaf0 00140413 addi             x8, x8, 1            x8=1c000086  x8:1c000085
26679411ns          451225 1c00aaf2 fe0514e3 bne              x10, x0, -24        x10:00000066
26679491ns          451229 1c00aada 02500793 addi             x15, x0, 37         x15=00000025
26679511ns          451230 1c00aade 04f50863 beq              x10, x15, 80        x10:00000066 x15:00000025
26679531ns          451231 1c00aae2 01a005b3 add              x11, x0, x26        x11=00000002 x26:00000002
26679551ns          451232 1c00aae4 000b00e7 jalr             x1, x22, 0           x1=1c00aae6 x22:1c00aa18
26679590ns          451234 1c00aa18 000026b7 lui              x13, 0x2000         x13=00002000
26679610ns          451235 1c00aa1a f14027f3 csrrs            x15, x0, 0xf14      x15=00000007
26679630ns          451236 1c00aa1e f8068693 addi             x13, x13, -128      x13=00001f80 x13:00002000
26679650ns          451237 1c00aa22 00379713 slli             x14, x15, 0x3       x14=00000038 x15:00000007
26679670ns          451238 1c00aa26 00279793 slli             x15, x15, 0x2       x15=0000001c x15:00000007
26679690ns          451239 1c00aa28 00d7f7b3 and              x15, x15, x13       x15=00000000 x15:0000001c x13:00001f80
26679710ns          451240 1c00aa2a ee873733 p.bclr           x14, x14, 23, 8     x14=00000038 x14:00000038
26679730ns          451241 1c00aa2e 1a10f6b7 lui              x13, 0x1a10f000     x13=1a10f000
26679750ns          451242 1c00aa32 0ff57513 andi             x10, x10, 255       x10=00000066 x10:00000066
26679769ns          451243 1c00aa36 00d70733 add              x14, x14, x13       x14=1a10f038 x14:00000038 x13:1a10f000
26679789ns          451244 1c00aa38 00a7e723 p.sw             x10, x0(x15)        x10:00000066 x15:00000000  PA:1a10f038
26680147ns          451262 1c00aa3c 00000513 addi             x10, x0, 0          x10=00000000
26680167ns          451263 1c00aa3e 00008067 jalr             x0, x1, 0            x1:1c00aae6
26680227ns          451266 1c00aae6 25f52163 p.beqimm         x10, 578            x10:00000000
26680247ns          451267 1c00aaea 001d8d93 addi             x27, x27, 1         x27=00000015 x27:00000014
26680267ns          451268 1c00aaec 00044503 lbu              x10, 0(x8)          x10=00000020  x8:1c000086  PA:1c000086
26680565ns          451283 1c00aaf0 00140413 addi             x8, x8, 1            x8=1c000087  x8:1c000086
26680585ns          451284 1c00aaf2 fe0514e3 bne              x10, x0, -24        x10:00000020
26680664ns          451288 1c00aada 02500793 addi             x15, x0, 37         x15=00000025
26680684ns          451289 1c00aade 04f50863 beq              x10, x15, 80        x10:00000020 x15:00000025
26680704ns          451290 1c00aae2 01a005b3 add              x11, x0, x26        x11=00000002 x26:00000002
26680724ns          451291 1c00aae4 000b00e7 jalr             x1, x22, 0           x1=1c00aae6 x22:1c00aa18
26680764ns          451293 1c00aa18 000026b7 lui              x13, 0x2000         x13=00002000
26680784ns          451294 1c00aa1a f14027f3 csrrs            x15, x0, 0xf14      x15=00000007
26680804ns          451295 1c00aa1e f8068693 addi             x13, x13, -128      x13=00001f80 x13:00002000
26680823ns          451296 1c00aa22 00379713 slli             x14, x15, 0x3       x14=00000038 x15:00000007
26680843ns          451297 1c00aa26 00279793 slli             x15, x15, 0x2       x15=0000001c x15:00000007
26680863ns          451298 1c00aa28 00d7f7b3 and              x15, x15, x13       x15=00000000 x15:0000001c x13:00001f80
26680883ns          451299 1c00aa2a ee873733 p.bclr           x14, x14, 23, 8     x14=00000038 x14:00000038
26680903ns          451300 1c00aa2e 1a10f6b7 lui              x13, 0x1a10f000     x13=1a10f000
26680923ns          451301 1c00aa32 0ff57513 andi             x10, x10, 255       x10=00000020 x10:00000020
26680943ns          451302 1c00aa36 00d70733 add              x14, x14, x13       x14=1a10f038 x14:00000038 x13:1a10f000
26680963ns          451303 1c00aa38 00a7e723 p.sw             x10, x0(x15)        x10:00000020 x15:00000000  PA:1a10f038
26681301ns          451320 1c00aa3c 00000513 addi             x10, x0, 0          x10=00000000
26681321ns          451321 1c00aa3e 00008067 jalr             x0, x1, 0            x1:1c00aae6
26681380ns          451324 1c00aae6 25f52163 p.beqimm         x10, 578            x10:00000000
26681400ns          451325 1c00aaea 001d8d93 addi             x27, x27, 1         x27=00000016 x27:00000015
26681420ns          451326 1c00aaec 00044503 lbu              x10, 0(x8)          x10=00000063  x8:1c000087  PA:1c000087
26681718ns          451341 1c00aaf0 00140413 addi             x8, x8, 1            x8=1c000088  x8:1c000087
26681738ns          451342 1c00aaf2 fe0514e3 bne              x10, x0, -24        x10:00000063
26681818ns          451346 1c00aada 02500793 addi             x15, x0, 37         x15=00000025
26681838ns          451347 1c00aade 04f50863 beq              x10, x15, 80        x10:00000063 x15:00000025
26681858ns          451348 1c00aae2 01a005b3 add              x11, x0, x26        x11=00000002 x26:00000002
26681878ns          451349 1c00aae4 000b00e7 jalr             x1, x22, 0           x1=1c00aae6 x22:1c00aa18
26681917ns          451351 1c00aa18 000026b7 lui              x13, 0x2000         x13=00002000
26681937ns          451352 1c00aa1a f14027f3 csrrs            x15, x0, 0xf14      x15=00000007
26681957ns          451353 1c00aa1e f8068693 addi             x13, x13, -128      x13=00001f80 x13:00002000
26681977ns          451354 1c00aa22 00379713 slli             x14, x15, 0x3       x14=00000038 x15:00000007
26681997ns          451355 1c00aa26 00279793 slli             x15, x15, 0x2       x15=0000001c x15:00000007
26682017ns          451356 1c00aa28 00d7f7b3 and              x15, x15, x13       x15=00000000 x15:0000001c x13:00001f80
26682037ns          451357 1c00aa2a ee873733 p.bclr           x14, x14, 23, 8     x14=00000038 x14:00000038
26682057ns          451358 1c00aa2e 1a10f6b7 lui              x13, 0x1a10f000     x13=1a10f000
26682076ns          451359 1c00aa32 0ff57513 andi             x10, x10, 255       x10=00000063 x10:00000063
26682096ns          451360 1c00aa36 00d70733 add              x14, x14, x13       x14=1a10f038 x14:00000038 x13:1a10f000
26682116ns          451361 1c00aa38 00a7e723 p.sw             x10, x0(x15)        x10:00000063 x15:00000000  PA:1a10f038
26682474ns          451379 1c00aa3c 00000513 addi             x10, x0, 0          x10=00000000
26682494ns          451380 1c00aa3e 00008067 jalr             x0, x1, 0            x1:1c00aae6
26682554ns          451383 1c00aae6 25f52163 p.beqimm         x10, 578            x10:00000000
26682574ns          451384 1c00aaea 001d8d93 addi             x27, x27, 1         x27=00000017 x27:00000016
26682594ns          451385 1c00aaec 00044503 lbu              x10, 0(x8)          x10=0000006f  x8:1c000088  PA:1c000088
26682892ns          451400 1c00aaf0 00140413 addi             x8, x8, 1            x8=1c000089  x8:1c000088
26682912ns          451401 1c00aaf2 fe0514e3 bne              x10, x0, -24        x10:0000006f
26682991ns          451405 1c00aada 02500793 addi             x15, x0, 37         x15=00000025
26683011ns          451406 1c00aade 04f50863 beq              x10, x15, 80        x10:0000006f x15:00000025
26683031ns          451407 1c00aae2 01a005b3 add              x11, x0, x26        x11=00000002 x26:00000002
26683051ns          451408 1c00aae4 000b00e7 jalr             x1, x22, 0           x1=1c00aae6 x22:1c00aa18
26683091ns          451410 1c00aa18 000026b7 lui              x13, 0x2000         x13=00002000
26683111ns          451411 1c00aa1a f14027f3 csrrs            x15, x0, 0xf14      x15=00000007
26683130ns          451412 1c00aa1e f8068693 addi             x13, x13, -128      x13=00001f80 x13:00002000
26683150ns          451413 1c00aa22 00379713 slli             x14, x15, 0x3       x14=00000038 x15:00000007
26683170ns          451414 1c00aa26 00279793 slli             x15, x15, 0x2       x15=0000001c x15:00000007
26683190ns          451415 1c00aa28 00d7f7b3 and              x15, x15, x13       x15=00000000 x15:0000001c x13:00001f80
26683210ns          451416 1c00aa2a ee873733 p.bclr           x14, x14, 23, 8     x14=00000038 x14:00000038
26683230ns          451417 1c00aa2e 1a10f6b7 lui              x13, 0x1a10f000     x13=1a10f000
26683250ns          451418 1c00aa32 0ff57513 andi             x10, x10, 255       x10=0000006f x10:0000006f
26683270ns          451419 1c00aa36 00d70733 add              x14, x14, x13       x14=1a10f038 x14:00000038 x13:1a10f000
26683290ns          451420 1c00aa38 00a7e723 p.sw             x10, x0(x15)        x10:0000006f x15:00000000  PA:1a10f038
26683628ns          451437 1c00aa3c 00000513 addi             x10, x0, 0          x10=00000000
26683648ns          451438 1c00aa3e 00008067 jalr             x0, x1, 0            x1:1c00aae6
26683707ns          451441 1c00aae6 25f52163 p.beqimm         x10, 578            x10:00000000
26683727ns          451442 1c00aaea 001d8d93 addi             x27, x27, 1         x27=00000018 x27:00000017
26683747ns          451443 1c00aaec 00044503 lbu              x10, 0(x8)          x10=00000072  x8:1c000089  PA:1c000089
26684045ns          451458 1c00aaf0 00140413 addi             x8, x8, 1            x8=1c00008a  x8:1c000089
26684065ns          451459 1c00aaf2 fe0514e3 bne              x10, x0, -24        x10:00000072
26684145ns          451463 1c00aada 02500793 addi             x15, x0, 37         x15=00000025
26684165ns          451464 1c00aade 04f50863 beq              x10, x15, 80        x10:00000072 x15:00000025
26684185ns          451465 1c00aae2 01a005b3 add              x11, x0, x26        x11=00000002 x26:00000002
26684204ns          451466 1c00aae4 000b00e7 jalr             x1, x22, 0           x1=1c00aae6 x22:1c00aa18
26684244ns          451468 1c00aa18 000026b7 lui              x13, 0x2000         x13=00002000
26684264ns          451469 1c00aa1a f14027f3 csrrs            x15, x0, 0xf14      x15=00000007
26684284ns          451470 1c00aa1e f8068693 addi             x13, x13, -128      x13=00001f80 x13:00002000
26684304ns          451471 1c00aa22 00379713 slli             x14, x15, 0x3       x14=00000038 x15:00000007
26684324ns          451472 1c00aa26 00279793 slli             x15, x15, 0x2       x15=0000001c x15:00000007
26684344ns          451473 1c00aa28 00d7f7b3 and              x15, x15, x13       x15=00000000 x15:0000001c x13:00001f80
26684364ns          451474 1c00aa2a ee873733 p.bclr           x14, x14, 23, 8     x14=00000038 x14:00000038
26684383ns          451475 1c00aa2e 1a10f6b7 lui              x13, 0x1a10f000     x13=1a10f000
26684403ns          451476 1c00aa32 0ff57513 andi             x10, x10, 255       x10=00000072 x10:00000072
26684423ns          451477 1c00aa36 00d70733 add              x14, x14, x13       x14=1a10f038 x14:00000038 x13:1a10f000
26684443ns          451478 1c00aa38 00a7e723 p.sw             x10, x0(x15)        x10:00000072 x15:00000000  PA:1a10f038
26684761ns          451494 1c00aa3c 00000513 addi             x10, x0, 0          x10=00000000
26684781ns          451495 1c00aa3e 00008067 jalr             x0, x1, 0            x1:1c00aae6
26684841ns          451498 1c00aae6 25f52163 p.beqimm         x10, 578            x10:00000000
26684861ns          451499 1c00aaea 001d8d93 addi             x27, x27, 1         x27=00000019 x27:00000018
26684881ns          451500 1c00aaec 00044503 lbu              x10, 0(x8)          x10=00000065  x8:1c00008a  PA:1c00008a
26685179ns          451515 1c00aaf0 00140413 addi             x8, x8, 1            x8=1c00008b  x8:1c00008a
26685199ns          451516 1c00aaf2 fe0514e3 bne              x10, x0, -24        x10:00000065
26685278ns          451520 1c00aada 02500793 addi             x15, x0, 37         x15=00000025
26685298ns          451521 1c00aade 04f50863 beq              x10, x15, 80        x10:00000065 x15:00000025
26685318ns          451522 1c00aae2 01a005b3 add              x11, x0, x26        x11=00000002 x26:00000002
26685338ns          451523 1c00aae4 000b00e7 jalr             x1, x22, 0           x1=1c00aae6 x22:1c00aa18
26685378ns          451525 1c00aa18 000026b7 lui              x13, 0x2000         x13=00002000
26685398ns          451526 1c00aa1a f14027f3 csrrs            x15, x0, 0xf14      x15=00000007
26685418ns          451527 1c00aa1e f8068693 addi             x13, x13, -128      x13=00001f80 x13:00002000
26685437ns          451528 1c00aa22 00379713 slli             x14, x15, 0x3       x14=00000038 x15:00000007
26685457ns          451529 1c00aa26 00279793 slli             x15, x15, 0x2       x15=0000001c x15:00000007
26685477ns          451530 1c00aa28 00d7f7b3 and              x15, x15, x13       x15=00000000 x15:0000001c x13:00001f80
26685497ns          451531 1c00aa2a ee873733 p.bclr           x14, x14, 23, 8     x14=00000038 x14:00000038
26685517ns          451532 1c00aa2e 1a10f6b7 lui              x13, 0x1a10f000     x13=1a10f000
26685537ns          451533 1c00aa32 0ff57513 andi             x10, x10, 255       x10=00000065 x10:00000065
26685557ns          451534 1c00aa36 00d70733 add              x14, x14, x13       x14=1a10f038 x14:00000038 x13:1a10f000
26685577ns          451535 1c00aa38 00a7e723 p.sw             x10, x0(x15)        x10:00000065 x15:00000000  PA:1a10f038
26685915ns          451552 1c00aa3c 00000513 addi             x10, x0, 0          x10=00000000
26685935ns          451553 1c00aa3e 00008067 jalr             x0, x1, 0            x1:1c00aae6
26685994ns          451556 1c00aae6 25f52163 p.beqimm         x10, 578            x10:00000000
26686014ns          451557 1c00aaea 001d8d93 addi             x27, x27, 1         x27=0000001a x27:00000019
26686034ns          451558 1c00aaec 00044503 lbu              x10, 0(x8)          x10=00000073  x8:1c00008b  PA:1c00008b
26686332ns          451573 1c00aaf0 00140413 addi             x8, x8, 1            x8=1c00008c  x8:1c00008b
26686352ns          451574 1c00aaf2 fe0514e3 bne              x10, x0, -24        x10:00000073
26686432ns          451578 1c00aada 02500793 addi             x15, x0, 37         x15=00000025
26686452ns          451579 1c00aade 04f50863 beq              x10, x15, 80        x10:00000073 x15:00000025
26686472ns          451580 1c00aae2 01a005b3 add              x11, x0, x26        x11=00000002 x26:00000002
26686492ns          451581 1c00aae4 000b00e7 jalr             x1, x22, 0           x1=1c00aae6 x22:1c00aa18
26686531ns          451583 1c00aa18 000026b7 lui              x13, 0x2000         x13=00002000
26686551ns          451584 1c00aa1a f14027f3 csrrs            x15, x0, 0xf14      x15=00000007
26686571ns          451585 1c00aa1e f8068693 addi             x13, x13, -128      x13=00001f80 x13:00002000
26686591ns          451586 1c00aa22 00379713 slli             x14, x15, 0x3       x14=00000038 x15:00000007
26686611ns          451587 1c00aa26 00279793 slli             x15, x15, 0x2       x15=0000001c x15:00000007
26686631ns          451588 1c00aa28 00d7f7b3 and              x15, x15, x13       x15=00000000 x15:0000001c x13:00001f80
26686651ns          451589 1c00aa2a ee873733 p.bclr           x14, x14, 23, 8     x14=00000038 x14:00000038
26686671ns          451590 1c00aa2e 1a10f6b7 lui              x13, 0x1a10f000     x13=1a10f000
26686690ns          451591 1c00aa32 0ff57513 andi             x10, x10, 255       x10=00000073 x10:00000073
26686710ns          451592 1c00aa36 00d70733 add              x14, x14, x13       x14=1a10f038 x14:00000038 x13:1a10f000
26686730ns          451593 1c00aa38 00a7e723 p.sw             x10, x0(x15)        x10:00000073 x15:00000000  PA:1a10f038
26687088ns          451611 1c00aa3c 00000513 addi             x10, x0, 0          x10=00000000
26687108ns          451612 1c00aa3e 00008067 jalr             x0, x1, 0            x1:1c00aae6
26687168ns          451615 1c00aae6 25f52163 p.beqimm         x10, 578            x10:00000000
26687188ns          451616 1c00aaea 001d8d93 addi             x27, x27, 1         x27=0000001b x27:0000001a
26687208ns          451617 1c00aaec 00044503 lbu              x10, 0(x8)          x10=0000003a  x8:1c00008c  PA:1c00008c
26687526ns          451633 1c00aaf0 00140413 addi             x8, x8, 1            x8=1c00008d  x8:1c00008c
26687546ns          451634 1c00aaf2 fe0514e3 bne              x10, x0, -24        x10:0000003a
26687625ns          451638 1c00aada 02500793 addi             x15, x0, 37         x15=00000025
26687645ns          451639 1c00aade 04f50863 beq              x10, x15, 80        x10:0000003a x15:00000025
26687665ns          451640 1c00aae2 01a005b3 add              x11, x0, x26        x11=00000002 x26:00000002
26687685ns          451641 1c00aae4 000b00e7 jalr             x1, x22, 0           x1=1c00aae6 x22:1c00aa18
26687725ns          451643 1c00aa18 000026b7 lui              x13, 0x2000         x13=00002000
26687744ns          451644 1c00aa1a f14027f3 csrrs            x15, x0, 0xf14      x15=00000007
26687764ns          451645 1c00aa1e f8068693 addi             x13, x13, -128      x13=00001f80 x13:00002000
26687784ns          451646 1c00aa22 00379713 slli             x14, x15, 0x3       x14=00000038 x15:00000007
26687804ns          451647 1c00aa26 00279793 slli             x15, x15, 0x2       x15=0000001c x15:00000007
26687824ns          451648 1c00aa28 00d7f7b3 and              x15, x15, x13       x15=00000000 x15:0000001c x13:00001f80
26687844ns          451649 1c00aa2a ee873733 p.bclr           x14, x14, 23, 8     x14=00000038 x14:00000038
26687864ns          451650 1c00aa2e 1a10f6b7 lui              x13, 0x1a10f000     x13=1a10f000
26687884ns          451651 1c00aa32 0ff57513 andi             x10, x10, 255       x10=0000003a x10:0000003a
26687904ns          451652 1c00aa36 00d70733 add              x14, x14, x13       x14=1a10f038 x14:00000038 x13:1a10f000
26687923ns          451653 1c00aa38 00a7e723 p.sw             x10, x0(x15)        x10:0000003a x15:00000000  PA:1a10f038
26688242ns          451669 1c00aa3c 00000513 addi             x10, x0, 0          x10=00000000
26688262ns          451670 1c00aa3e 00008067 jalr             x0, x1, 0            x1:1c00aae6
26688321ns          451673 1c00aae6 25f52163 p.beqimm         x10, 578            x10:00000000
26688341ns          451674 1c00aaea 001d8d93 addi             x27, x27, 1         x27=0000001c x27:0000001b
26688361ns          451675 1c00aaec 00044503 lbu              x10, 0(x8)          x10=00000020  x8:1c00008d  PA:1c00008d
26688659ns          451690 1c00aaf0 00140413 addi             x8, x8, 1            x8=1c00008e  x8:1c00008d
26688679ns          451691 1c00aaf2 fe0514e3 bne              x10, x0, -24        x10:00000020
26688759ns          451695 1c00aada 02500793 addi             x15, x0, 37         x15=00000025
26688779ns          451696 1c00aade 04f50863 beq              x10, x15, 80        x10:00000020 x15:00000025
26688799ns          451697 1c00aae2 01a005b3 add              x11, x0, x26        x11=00000002 x26:00000002
26688818ns          451698 1c00aae4 000b00e7 jalr             x1, x22, 0           x1=1c00aae6 x22:1c00aa18
26688858ns          451700 1c00aa18 000026b7 lui              x13, 0x2000         x13=00002000
26688878ns          451701 1c00aa1a f14027f3 csrrs            x15, x0, 0xf14      x15=00000007
26688898ns          451702 1c00aa1e f8068693 addi             x13, x13, -128      x13=00001f80 x13:00002000
26688918ns          451703 1c00aa22 00379713 slli             x14, x15, 0x3       x14=00000038 x15:00000007
26688938ns          451704 1c00aa26 00279793 slli             x15, x15, 0x2       x15=0000001c x15:00000007
26688958ns          451705 1c00aa28 00d7f7b3 and              x15, x15, x13       x15=00000000 x15:0000001c x13:00001f80
26688978ns          451706 1c00aa2a ee873733 p.bclr           x14, x14, 23, 8     x14=00000038 x14:00000038
26688997ns          451707 1c00aa2e 1a10f6b7 lui              x13, 0x1a10f000     x13=1a10f000
26689017ns          451708 1c00aa32 0ff57513 andi             x10, x10, 255       x10=00000020 x10:00000020
26689037ns          451709 1c00aa36 00d70733 add              x14, x14, x13       x14=1a10f038 x14:00000038 x13:1a10f000
26689057ns          451710 1c00aa38 00a7e723 p.sw             x10, x0(x15)        x10:00000020 x15:00000000  PA:1a10f038
26689375ns          451726 1c00aa3c 00000513 addi             x10, x0, 0          x10=00000000
26689395ns          451727 1c00aa3e 00008067 jalr             x0, x1, 0            x1:1c00aae6
26689455ns          451730 1c00aae6 25f52163 p.beqimm         x10, 578            x10:00000000
26689475ns          451731 1c00aaea 001d8d93 addi             x27, x27, 1         x27=0000001d x27:0000001c
26689495ns          451732 1c00aaec 00044503 lbu              x10, 0(x8)          x10=00000025  x8:1c00008e  PA:1c00008e
26689793ns          451747 1c00aaf0 00140413 addi             x8, x8, 1            x8=1c00008f  x8:1c00008e
26689813ns          451748 1c00aaf2 fe0514e3 bne              x10, x0, -24        x10:00000025
26689892ns          451752 1c00aada 02500793 addi             x15, x0, 37         x15=00000025
26689912ns          451753 1c00aade 04f50863 beq              x10, x15, 80        x10:00000025 x15:00000025
26690091ns          451762 1c00ab2e 00044483 lbu              x9, 0(x8)            x9=00000064  x8:1c00008f  PA:1c00008f
26690409ns          451778 1c00ab32 02000693 addi             x13, x0, 32         x13=00000020
26690429ns          451779 1c00ab36 00140a93 addi             x21, x8, 1          x21=1c000090  x8:1c00008f
26690449ns          451780 1c00ab3a 009005b3 add              x11, x0, x9         x11=00000064  x9:00000064
26690469ns          451781 1c00ab3c 610b8513 addi             x10, x23, 1552      x10=1c000610 x23:1c000000
26690489ns          451782 1c00ab40 00d12823 sw               x13, 16(x2)         x13:00000020  x2:10003b68  PA:10003b78
26690509ns          451783 1c00ab42 00012c23 sw               x0, 24(x2)           x2:10003b68  PA:10003b80
26690529ns          451784 1c00ab44 00012a23 sw               x0, 20(x2)           x2:10003b68  PA:10003b7c
26690549ns          451785 1c00ab46 00012e23 sw               x0, 28(x2)           x2:10003b68  PA:10003b84
26690569ns          451786 1c00ab48 00012623 sw               x0, 12(x2)           x2:10003b68  PA:10003b74
26690588ns          451787 1c00ab4a 02300913 addi             x18, x0, 35         x18=00000023
26690608ns          451788 1c00ab4e 02d00a13 addi             x20, x0, 45         x20=0000002d
26690628ns          451789 1c00ab52 015009b3 add              x19, x0, x21        x19=1c000090 x21:1c000090
26690648ns          451790 1c00ab54 e45ff0ef jal              x1, -444             x1=1c00ab56
26690688ns          451792 1c00a998 00054783 lbu              x15, 0(x10)         x15=0000002d x10:1c000610  PA:1c000610
26690986ns          451807 1c00a99c 0ff5f593 andi             x11, x11, 255       x11=00000064 x11:00000064
26691006ns          451808 1c00a9a0 00b78c63 beq              x15, x11, 24        x15:0000002d x11:00000064
26691026ns          451809 1c00a9a4 00078b63 beq              x15, x0, 22         x15:0000002d
26691046ns          451810 1c00a9a6 00150793 addi             x15, x10, 1         x15=1c000611 x10:1c000610
26691066ns          451811 1c00a9aa 0040006f jal              x0, 4              
26691165ns          451816 1c00a9ae 00f00533 add              x10, x0, x15        x10=1c000611 x15:1c000611
26691185ns          451817 1c00a9b0 0017c70b p.lbu            x14, 1(x15!)        x14=0000002b x15=1c000612 x15:1c000611  PA:1c000611
26691563ns          451836 1c00a9b4 feb71ce3 bne              x14, x11, -8        x14:0000002b x11:00000064
26691623ns          451839 1c00a9ac 00070763 beq              x14, x0, 14         x14:0000002b
26691643ns          451840 1c00a9ae 00f00533 add              x10, x0, x15        x10=1c000612 x15:1c000612
26691662ns          451841 1c00a9b0 0017c70b p.lbu            x14, 1(x15!)        x14=00000020 x15=1c000613 x15:1c000612  PA:1c000612
26692001ns          451858 1c00a9b4 feb71ce3 bne              x14, x11, -8        x14:00000020 x11:00000064
26692060ns          451861 1c00a9ac 00070763 beq              x14, x0, 14         x14:00000020
26692080ns          451862 1c00a9ae 00f00533 add              x10, x0, x15        x10=1c000613 x15:1c000613
26692100ns          451863 1c00a9b0 0017c70b p.lbu            x14, 1(x15!)        x14=00000023 x15=1c000614 x15:1c000613  PA:1c000613
26692418ns          451879 1c00a9b4 feb71ce3 bne              x14, x11, -8        x14:00000023 x11:00000064
26692478ns          451882 1c00a9ac 00070763 beq              x14, x0, 14         x14:00000023
26692498ns          451883 1c00a9ae 00f00533 add              x10, x0, x15        x10=1c000614 x15:1c000614
26692518ns          451884 1c00a9b0 0017c70b p.lbu            x14, 1(x15!)        x14=00000030 x15=1c000615 x15:1c000614  PA:1c000614
26692876ns          451902 1c00a9b4 feb71ce3 bne              x14, x11, -8        x14:00000030 x11:00000064
26692935ns          451905 1c00a9ac 00070763 beq              x14, x0, 14         x14:00000030
26692955ns          451906 1c00a9ae 00f00533 add              x10, x0, x15        x10=1c000615 x15:1c000615
26692975ns          451907 1c00a9b0 0017c70b p.lbu            x14, 1(x15!)        x14=00000000 x15=1c000616 x15:1c000615  PA:1c000615
26693293ns          451923 1c00a9b4 feb71ce3 bne              x14, x11, -8        x14:00000000 x11:00000064
26693353ns          451926 1c00a9ac 00070763 beq              x14, x0, 14         x14:00000000
26693432ns          451930 1c00a9ba 0015b593 sltiu            x11, x11, 1         x11=00000000 x11:00000064
26693452ns          451931 1c00a9be 40b005b3 sub              x11, x0, x11        x11=00000000 x11:00000000
26693472ns          451932 1c00a9c2 00b57533 and              x10, x10, x11       x10=00000000 x10:1c000615 x11:00000000
26693492ns          451933 1c00a9c4 00008067 jalr             x0, x1, 0            x1:1c00ab56
26693532ns          451935 1c00ab56 02050a63 beq              x10, x0, 52         x10:00000000
26693671ns          451942 1c00ab8a 02a00613 addi             x12, x0, 42         x12=0000002a
26693731ns          451945 1c00ab8e 1ec48c63 beq              x9, x12, 504         x9:00000064 x12:0000002a
26693771ns          451947 1c00ab92 fd048613 addi             x12, x9, -48        x12=00000034  x9:00000064
26693790ns          451948 1c00ab96 00900593 addi             x11, x0, 9          x11=00000009
26693810ns          451949 1c00ab98 00000913 addi             x18, x0, 0          x18=00000000
26693830ns          451950 1c00ab9a 1cc5f663 bgeu             x11, x12, 460       x11:00000009 x12:00000034
26693870ns          451952 1c00ab9e 02e00693 addi             x13, x0, 46         x13=0000002e
26693890ns          451953 1c00aba2 fff00a13 addi             x20, x0, -1         x20=ffffffff
26693910ns          451954 1c00aba4 22d48963 beq              x9, x13, 562         x9:00000064 x13:0000002e
26693930ns          451955 1c00aba8 1c0007b7 lui              x15, 0x1c000000     x15=1c000000
26693950ns          451956 1c00abac 009005b3 add              x11, x0, x9         x11=00000064  x9:00000064
26694009ns          451959 1c00abae 61878513 addi             x10, x15, 1560      x10=1c000618 x15:1c000000
26694029ns          451960 1c00abb2 de7ff0ef jal              x1, -538             x1=1c00abb4
26694069ns          451962 1c00a998 00054783 lbu              x15, 0(x10)         x15=00000068 x10:1c000618  PA:1c000618
26694367ns          451977 1c00a99c 0ff5f593 andi             x11, x11, 255       x11=00000064 x11:00000064
26694387ns          451978 1c00a9a0 00b78c63 beq              x15, x11, 24        x15:00000068 x11:00000064
26694407ns          451979 1c00a9a4 00078b63 beq              x15, x0, 22         x15:00000068
26694427ns          451980 1c00a9a6 00150793 addi             x15, x10, 1         x15=1c000619 x10:1c000618
26694447ns          451981 1c00a9aa 0040006f jal              x0, 4              
26694487ns          451983 1c00a9ae 00f00533 add              x10, x0, x15        x10=1c000619 x15:1c000619
26694506ns          451984 1c00a9b0 0017c70b p.lbu            x14, 1(x15!)        x14=0000006c x15=1c00061a x15:1c000619  PA:1c000619
26694825ns          452000 1c00a9b4 feb71ce3 bne              x14, x11, -8        x14:0000006c x11:00000064
26694884ns          452003 1c00a9ac 00070763 beq              x14, x0, 14         x14:0000006c
26694904ns          452004 1c00a9ae 00f00533 add              x10, x0, x15        x10=1c00061a x15:1c00061a
26694924ns          452005 1c00a9b0 0017c70b p.lbu            x14, 1(x15!)        x14=0000004c x15=1c00061b x15:1c00061a  PA:1c00061a
26695242ns          452021 1c00a9b4 feb71ce3 bne              x14, x11, -8        x14:0000004c x11:00000064
26695302ns          452024 1c00a9ac 00070763 beq              x14, x0, 14         x14:0000004c
26695322ns          452025 1c00a9ae 00f00533 add              x10, x0, x15        x10=1c00061b x15:1c00061b
26695342ns          452026 1c00a9b0 0017c70b p.lbu            x14, 1(x15!)        x14=0000007a x15=1c00061c x15:1c00061b  PA:1c00061b
26695660ns          452042 1c00a9b4 feb71ce3 bne              x14, x11, -8        x14:0000007a x11:00000064
26695720ns          452045 1c00a9ac 00070763 beq              x14, x0, 14         x14:0000007a
26695739ns          452046 1c00a9ae 00f00533 add              x10, x0, x15        x10=1c00061c x15:1c00061c
26695759ns          452047 1c00a9b0 0017c70b p.lbu            x14, 1(x15!)        x14=00000000 x15=1c00061d x15:1c00061c  PA:1c00061c
26696078ns          452063 1c00a9b4 feb71ce3 bne              x14, x11, -8        x14:00000000 x11:00000064
26696137ns          452066 1c00a9ac 00070763 beq              x14, x0, 14         x14:00000000
26696217ns          452070 1c00a9ba 0015b593 sltiu            x11, x11, 1         x11=00000000 x11:00000064
26696237ns          452071 1c00a9be 40b005b3 sub              x11, x0, x11        x11=00000000 x11:00000000
26696257ns          452072 1c00a9c2 00b57533 and              x10, x10, x11       x10=00000000 x10:1c00061c x11:00000000
26696276ns          452073 1c00a9c4 00008067 jalr             x0, x1, 0            x1:1c00abb4
26696316ns          452075 1c00abb4 01300433 add              x8, x0, x19          x8=1c000090 x19:1c000090
26696336ns          452076 1c00abb6 00050563 beq              x10, x0, 10         x10:00000000
26696396ns          452079 1c00abc0 06700693 addi             x13, x0, 103        x13=00000067
26696416ns          452080 1c00abc4 1c96df63 bge              x13, x9, 478        x13:00000067  x9:00000064
26696555ns          452087 1c00ada2 06500693 addi             x13, x0, 101        x13=00000065
26696575ns          452088 1c00ada6 12d4d463 bge              x9, x13, 296         x9:00000064 x13:00000065
26696595ns          452089 1c00adaa 04700693 addi             x13, x0, 71         x13=00000047
26696654ns          452092 1c00adae 5296c363 blt              x13, x9, 1318       x13:00000047  x9:00000064
26696754ns          452097 1c00b2d4 06300693 addi             x13, x0, 99         x13=00000063
26696794ns          452099 1c00b2d8 1cd48463 beq              x9, x13, 456         x9:00000064 x13:00000063
26696813ns          452100 1c00b2dc 1296c763 blt              x13, x9, 302        x13:00000063  x9:00000064
26696933ns          452106 1c00b40a 000c2503 lw               x10, 0(x24)         x10=00000008 x24:10003cc0  PA:10003cc0
26696973ns          452108 1c00b40e 004c0c13 addi             x24, x24, 4         x24=10003cc4 x24:10003cc0
26696992ns          452109 1c00b410 2c054b63 blt              x10, x0, 726        x10:00000008
26697032ns          452111 1c00b414 01412603 lw               x12, 20(x2)         x12=00000000  x2:10003b68  PA:10003b7c
26697052ns          452112 1c00b416 00a006b3 add              x13, x0, x10        x13=00000008 x10:00000008
26697072ns          452113 1c00b418 2e061463 bne              x12, x0, 744        x12:00000000
26697092ns          452114 1c00b41c 01812703 lw               x14, 24(x2)         x14=00000000  x2:10003b68  PA:10003b80
26697112ns          452115 1c00b41e 019007b3 add              x15, x0, x25        x15=10003b8c x25:10003b8c
26697132ns          452116 1c00b420 00070763 beq              x14, x0, 14         x14:00000000
26697191ns          452119 1c00b42e 00f00733 add              x14, x0, x15        x14=10003b8c x15:10003b8c
26697251ns          452122 1c00b430 00a00593 addi             x11, x0, 10         x11=0000000a
26697291ns          452124 1c00b432 02b6f633 remu             x12, x13, x11       x12=00000008 x13:00000008 x11:0000000a
26697907ns          452155 1c00b436 02b6d6b3 divu             x13, x13, x11       x13=00000000 x13:00000008 x11:0000000a
26698524ns          452186 1c00b43a 03060613 addi             x12, x12, 48        x12=00000038 x12:00000008
26698544ns          452187 1c00b43e 00c700ab p.sb             x12, 1(x14!)        x14=10003b8d x12:00000038 x14:10003b8c  PA:10003b8c
26698583ns          452189 1c00b442 fe0698e3 bne              x13, x0, -16        x13:00000000
26698603ns          452190 1c00b444 40f706b3 sub              x13, x14, x15       x13=00000001 x14:10003b8d x15:10003b8c
26698623ns          452191 1c00b448 0146da63 bge              x13, x20, 20        x13:00000001 x20:ffffffff
26698683ns          452194 1c00b45c 00e006b3 add              x13, x0, x14        x13=10003b8d x14:10003b8d
26698703ns          452195 1c00b45e fe068fab p.sb             x0, -1(x13!)        x13=10003b8c x13:10003b8d  PA:10003b8d
26698723ns          452196 1c00b462 00d7fc63 bgeu             x15, x13, 24        x15:10003b8c x13:10003b8c
26698782ns          452199 1c00b47a 01412783 lw               x15, 20(x2)         x15=00000000  x2:10003b68  PA:10003b7c
26698802ns          452200 1c00b47c 01812603 lw               x12, 24(x2)         x12=00000000  x2:10003b68  PA:10003b80
26698822ns          452201 1c00b47e 419704b3 sub              x9, x14, x25         x9=00000001 x14:10003b8d x25:10003b8c
26698842ns          452202 1c00b482 00c7e7b3 or               x15, x15, x12       x15=00000000 x15:00000000 x12:00000000
26698862ns          452203 1c00b484 00f12623 sw               x15, 12(x2)         x15:00000000  x2:10003b68  PA:10003b74
26698902ns          452205 1c00b486 00079363 bne              x15, x0, 6          x15:00000000
26698922ns          452206 1c00b488 01f55513 srli             x10, x10, 0x1f      x10=00000000 x10:00000008
26698941ns          452207 1c00b48a 00a12623 sw               x10, 12(x2)         x10:00000000  x2:10003b68  PA:10003b74
26698961ns          452208 1c00b48c ddfa22e3 p.beqimm         x20, -572           x20:ffffffff
26699021ns          452211 1c00b250 0c800793 addi             x15, x0, 200        x15=000000c8
26699041ns          452212 1c00b254 ac97cae3 blt              x15, x9, -1324      x15:000000c8  x9:00000001
26699061ns          452213 1c00b258 9d24c8e3 blt              x9, x18, -1584       x9:00000001 x18:00000000
26699081ns          452214 1c00b25c aabff06f jal              x0, -1366          
26699200ns          452220 1c00ad06 dc0486e3 beq              x9, x0, -564         x9:00000001
26699220ns          452221 1c00ad0a 01900933 add              x18, x0, x25        x18=10003b8c x25:10003b8c
26699240ns          452222 1c00ad0c 419d8db3 sub              x27, x27, x25       x27=efffc491 x27:0000001d x25:10003b8c
26699280ns          452224 1c00ad10 00a0006f jal              x0, 10             
26699339ns          452227 1c00ad1a 0019450b p.lbu            x10, 1(x18!)        x10=00000038 x18=10003b8d x18:10003b8c  PA:10003b8c
26699359ns          452228 1c00ad1e 01a005b3 add              x11, x0, x26        x11=00000002 x26:00000002
26699399ns          452230 1c00ad20 000b00e7 jalr             x1, x22, 0           x1=1c00ad22 x22:1c00aa18
26699478ns          452234 1c00aa18 000026b7 lui              x13, 0x2000         x13=00002000
26699518ns          452236 1c00aa1a f14027f3 csrrs            x15, x0, 0xf14      x15=00000007
26699578ns          452239 1c00aa1e f8068693 addi             x13, x13, -128      x13=00001f80 x13:00002000
26699618ns          452241 1c00aa22 00379713 slli             x14, x15, 0x3       x14=00000038 x15:00000007
26699638ns          452242 1c00aa26 00279793 slli             x15, x15, 0x2       x15=0000001c x15:00000007
26699657ns          452243 1c00aa28 00d7f7b3 and              x15, x15, x13       x15=00000000 x15:0000001c x13:00001f80
26699677ns          452244 1c00aa2a ee873733 p.bclr           x14, x14, 23, 8     x14=00000038 x14:00000038
26699697ns          452245 1c00aa2e 1a10f6b7 lui              x13, 0x1a10f000     x13=1a10f000
26699717ns          452246 1c00aa32 0ff57513 andi             x10, x10, 255       x10=00000038 x10:00000038
26699737ns          452247 1c00aa36 00d70733 add              x14, x14, x13       x14=1a10f038 x14:00000038 x13:1a10f000
26699757ns          452248 1c00aa38 00a7e723 p.sw             x10, x0(x15)        x10:00000038 x15:00000000  PA:1a10f038
26700075ns          452264 1c00aa3c 00000513 addi             x10, x0, 0          x10=00000000
26700095ns          452265 1c00aa3e 00008067 jalr             x0, x1, 0            x1:1c00ad22
26700135ns          452267 1c00ad22 fff48493 addi             x9, x9, -1           x9=00000000  x9:00000001
26700155ns          452268 1c00ad24 fff537e3 p.bneimm         x10, -18            x10:00000000
26700234ns          452272 1c00ad12 012d8733 add              x14, x27, x18       x14=0000001e x27:efffc491 x18:10003b8d
26700254ns          452273 1c00ad16 66048d63 beq              x9, x0, 1658         x9:00000000
26700314ns          452276 1c00b390 00e00db3 add              x27, x0, x14        x27=0000001e x14:0000001e
26700334ns          452277 1c00b392 f40ff06f jal              x0, -2240          
26700393ns          452280 1c00aad2 00044503 lbu              x10, 0(x8)          x10=0000000a  x8:1c000090  PA:1c000090
26700711ns          452296 1c00aad6 00140413 addi             x8, x8, 1            x8=1c000091  x8:1c000090
26700731ns          452297 1c00aad8 00050e63 beq              x10, x0, 28         x10:0000000a
26700751ns          452298 1c00aada 02500793 addi             x15, x0, 37         x15=00000025
26700771ns          452299 1c00aade 04f50863 beq              x10, x15, 80        x10:0000000a x15:00000025
26700791ns          452300 1c00aae2 01a005b3 add              x11, x0, x26        x11=00000002 x26:00000002
26700811ns          452301 1c00aae4 000b00e7 jalr             x1, x22, 0           x1=1c00aae6 x22:1c00aa18
26700851ns          452303 1c00aa18 000026b7 lui              x13, 0x2000         x13=00002000
26700871ns          452304 1c00aa1a f14027f3 csrrs            x15, x0, 0xf14      x15=00000007
26700890ns          452305 1c00aa1e f8068693 addi             x13, x13, -128      x13=00001f80 x13:00002000
26700910ns          452306 1c00aa22 00379713 slli             x14, x15, 0x3       x14=00000038 x15:00000007
26700930ns          452307 1c00aa26 00279793 slli             x15, x15, 0x2       x15=0000001c x15:00000007
26700950ns          452308 1c00aa28 00d7f7b3 and              x15, x15, x13       x15=00000000 x15:0000001c x13:00001f80
26700970ns          452309 1c00aa2a ee873733 p.bclr           x14, x14, 23, 8     x14=00000038 x14:00000038
26700990ns          452310 1c00aa2e 1a10f6b7 lui              x13, 0x1a10f000     x13=1a10f000
26701010ns          452311 1c00aa32 0ff57513 andi             x10, x10, 255       x10=0000000a x10:0000000a
26701030ns          452312 1c00aa36 00d70733 add              x14, x14, x13       x14=1a10f038 x14:00000038 x13:1a10f000
26701050ns          452313 1c00aa38 00a7e723 p.sw             x10, x0(x15)        x10:0000000a x15:00000000  PA:1a10f038
26701368ns          452329 1c00aa3c 00000513 addi             x10, x0, 0          x10=00000000
26701388ns          452330 1c00aa3e 00008067 jalr             x0, x1, 0            x1:1c00aae6
26701447ns          452333 1c00aae6 25f52163 p.beqimm         x10, 578            x10:00000000
26701467ns          452334 1c00aaea 001d8d93 addi             x27, x27, 1         x27=0000001f x27:0000001e
26701487ns          452335 1c00aaec 00044503 lbu              x10, 0(x8)          x10=00000000  x8:1c000091  PA:1c000091
26701785ns          452350 1c00aaf0 00140413 addi             x8, x8, 1            x8=1c000092  x8:1c000091
26701805ns          452351 1c00aaf2 fe0514e3 bne              x10, x0, -24        x10:00000000
26701825ns          452352 1c00aaf4 01b00433 add              x8, x0, x27          x8=0000001f x27:0000001f
26701845ns          452353 1c00aaf6 00800533 add              x10, x0, x8         x10=0000001f  x8:0000001f
26701865ns          452354 1c00aaf8 12c12083 lw               x1, 300(x2)          x1=1c00aa84  x2:10003b68  PA:10003c94
26701885ns          452355 1c00aafc 12812403 lw               x8, 296(x2)          x8=xxxxxxxx  x2:10003b68  PA:10003c90
26701925ns          452357 1c00ab00 12412483 lw               x9, 292(x2)          x9=xxxxxxxx  x2:10003b68  PA:10003c8c
26701964ns          452359 1c00ab04 12012903 lw               x18, 288(x2)        x18=xxxxxxxx  x2:10003b68  PA:10003c88
26701984ns          452360 1c00ab08 11c12983 lw               x19, 284(x2)        x19=xxxxxxxx  x2:10003b68  PA:10003c84
26702004ns          452361 1c00ab0c 11812a03 lw               x20, 280(x2)        x20=xxxxxxxx  x2:10003b68  PA:10003c80
26702223ns          452372 1c00ab10 11412a83 lw               x21, 276(x2)        x21=xxxxxxxx  x2:10003b68  PA:10003c7c
26702263ns          452374 1c00ab14 11012b03 lw               x22, 272(x2)        x22=xxxxxxxx  x2:10003b68  PA:10003c78
26702283ns          452375 1c00ab18 10c12b83 lw               x23, 268(x2)        x23=xxxxxxxx  x2:10003b68  PA:10003c74
26702303ns          452376 1c00ab1c 10812c03 lw               x24, 264(x2)        x24=xxxxxxxx  x2:10003b68  PA:10003c70
26702322ns          452377 1c00ab20 10412c83 lw               x25, 260(x2)        x25=xxxxxxxx  x2:10003b68  PA:10003c6c
26702342ns          452378 1c00ab24 10012d03 lw               x26, 256(x2)        x26=xxxxxxxx  x2:10003b68  PA:10003c68
26702362ns          452379 1c00ab28 0fc12d83 lw               x27, 252(x2)        x27=xxxxxxxx  x2:10003b68  PA:10003c64
26702382ns          452380 1c00ab2a 13010113 addi             x2, x2, 304          x2=10003c98  x2:10003b68
26702402ns          452381 1c00ab2c 00008067 jalr             x0, x1, 0            x1:1c00aa84
26702521ns          452387 1c00aa84 01c12083 lw               x1, 28(x2)           x1=1c0092a0  x2:10003c98  PA:10003cb4
26702541ns          452388 1c00aa86 04010113 addi             x2, x2, 64           x2=10003cd8  x2:10003c98
26702581ns          452390 1c00aa88 00008067 jalr             x0, x1, 0            x1:1c0092a0
26702720ns          452397 1c0092a0 1c0010b7 lui              x1, 0x1c001000       x1=1c001000
26702760ns          452399 1c0092a4 e9808093 addi             x1, x1, -360         x1=1c000e98  x1:1c001000
26702780ns          452400 1c0092a8 0000a583 lw               x11, 0(x1)          x11=00000000  x1:1c000e98  PA:1c000e98
26703197ns          452421 1c0092ac 0040a603 lw               x12, 4(x1)          x12=007f0427  x1:1c000e98  PA:1c000e9c
26703516ns          452437 1c0092b0 0080a683 lw               x13, 8(x1)          x13=ff6affd1  x1:1c000e98  PA:1c000ea0
26703953ns          452459 1c0092b4 0100a783 lw               x15, 16(x1)         x15=00000000  x1:1c000e98  PA:1c000ea8
26704351ns          452479 1c0092b8 00c0a703 lw               x14, 12(x1)         x14=0060ffe5  x1:1c000e98  PA:1c000ea4
26704769ns          452500 1c0092bc 2cb12623 sw               x11, 716(x2)        x11:00000000  x2:10003cd8  PA:10003fa4
26704789ns          452501 1c0092c0 2cc12823 sw               x12, 720(x2)        x12:007f0427  x2:10003cd8  PA:10003fa8
26704808ns          452502 1c0092c4 2cd12a23 sw               x13, 724(x2)        x13:ff6affd1  x2:10003cd8  PA:10003fac
26704828ns          452503 1c0092c8 2ce12c23 sw               x14, 728(x2)        x14:0060ffe5  x2:10003cd8  PA:10003fb0
26704848ns          452504 1c0092cc 2cf12e23 sw               x15, 732(x2)        x15:00000000  x2:10003cd8  PA:10003fb4
26705286ns          452526 1c0092d0 21d020ef jal              x1, 10780            x1=1c0092d4
26705743ns          452549 1c00bcec f14027f3 csrrs            x15, x0, 0xf14      x15=00000007
26706240ns          452574 1c00bcf0 01f00713 addi             x14, x0, 31         x14=0000001f
26706280ns          452576 1c00bcf2 ca5797b3 p.extractu       x15, x15, 5, 5      x15=00000000 x15:00000007
26706300ns          452577 1c00bcf6 00e78863 beq              x15, x14, 16        x15:00000000 x14:0000001f
26706320ns          452578 1c00bcfa 002047b7 lui              x15, 0x204000       x15=00204000
26706757ns          452600 1c00bcfe 20078793 addi             x15, x15, 512       x15=00204200 x15:00204000
26706797ns          452602 1c00bd02 01c7e703 p.elw            x14, 28(x15)        x14=00010000 x15:00204200  PA:0020421c
26706917ns          452608 1c00bd06 00008067 jalr             x0, x1, 0            x1:1c0092d4
26707314ns          452628 1c0092d4 0ac12283 lw               x5, 172(x2)          x5=00000007  x2:10003cd8  PA:10003d84
26707334ns          452629 1c0092d6 1c003437 lui              x8, 0x1c003000       x8=1c003000
26707354ns          452630 1c0092da 1c0034b7 lui              x9, 0x1c003000       x9=1c003000
26707772ns          452651 1c0092de 1c003537 lui              x10, 0x1c003000     x10=1c003000
26707811ns          452653 1c0092e2 1c0035b7 lui              x11, 0x1c003000     x11=1c003000
26707831ns          452654 1c0092e6 1c003637 lui              x12, 0x1c003000     x12=1c003000
26707851ns          452655 1c0092ea 1c0036b7 lui              x13, 0x1c003000     x13=1c003000
26708309ns          452678 1c0092ee 1c0037b7 lui              x15, 0x1c003000     x15=1c003000
26708348ns          452680 1c0092f2 1c003db7 lui              x27, 0x1c003000     x27=1c003000
26708368ns          452681 1c0092f6 00129b93 slli             x23, x5, 0x1        x23=0000000e  x5:00000007
26708388ns          452682 1c0092fa ef058593 addi             x11, x11, -272      x11=1c002ef0 x11:1c003000
26708846ns          452705 1c0092fe f0060613 addi             x12, x12, -256      x12=1c002f00 x12:1c003000
26708885ns          452707 1c009302 e6078793 addi             x15, x15, -416      x15=1c002e60 x15:1c003000
26708905ns          452708 1c009306 ec040413 addi             x8, x8, -320         x8=1c002ec0  x8:1c003000
26708925ns          452709 1c00930a ed048493 addi             x9, x9, -304         x9=1c002ed0  x9:1c003000
26709363ns          452731 1c00930e ee050513 addi             x10, x10, -288      x10=1c002ee0 x10:1c003000
26709403ns          452733 1c009312 e7068693 addi             x13, x13, -400      x13=1c002e70 x13:1c003000
26709422ns          452734 1c009316 e90d8d93 addi             x27, x27, -368      x27=1c002e90 x27:1c003000
26709442ns          452735 1c00931a 1c003e37 lui              x28, 0x1c003000     x28=1c003000
26709840ns          452755 1c00931e 1c003eb7 lui              x29, 0x1c003000     x29=1c003000
26709880ns          452757 1c009322 1c003f37 lui              x30, 0x1c003000     x30=1c003000
26709900ns          452758 1c009326 01740c33 add              x24, x8, x23        x24=1c002ece  x8:1c002ec0 x23:0000000e
26709920ns          452759 1c00932a 01748b33 add              x22, x9, x23        x22=1c002ede  x9:1c002ed0 x23:0000000e
26710377ns          452782 1c00932e 01758a33 add              x20, x11, x23       x20=1c002efe x11:1c002ef0 x23:0000000e
26710417ns          452784 1c009332 017609b3 add              x19, x12, x23       x19=1c002f0e x12:1c002f00 x23:0000000e
26710437ns          452785 1c009336 017784b3 add              x9, x15, x23         x9=1c002e6e x15:1c002e60 x23:0000000e
26710457ns          452786 1c00933a 01750d33 add              x26, x10, x23       x26=1c002eee x10:1c002ee0 x23:0000000e
26710914ns          452809 1c00933e 01768933 add              x18, x13, x23       x18=1c002e7e x13:1c002e70 x23:0000000e
26710954ns          452811 1c009342 017d8433 add              x8, x27, x23         x8=1c002e9e x27:1c002e90 x23:0000000e
26710974ns          452812 1c009346 e80e0e13 addi             x28, x28, -384      x28=1c002e80 x28:1c003000
26710994ns          452813 1c00934a eb0e8e93 addi             x29, x29, -336      x29=1c002eb0 x29:1c003000
26711411ns          452834 1c00934e ea0f0f13 addi             x30, x30, -352      x30=1c002ea0 x30:1c003000
26711451ns          452836 1c009352 000c1023 sh               x0, 0(x24)          x24:1c002ece  PA:1c002ece
26711769ns          452852 1c009356 000b1023 sh               x0, 0(x22)          x22:1c002ede  PA:1c002ede
26712167ns          452872 1c00935a 00041023 sh               x0, 0(x8)            x8:1c002e9e  PA:1c002e9e
26712485ns          452888 1c00935e 000e5ba3 p.sh             x0, x0(x28)         x28:1c002e80  PA:1c002e8e
26712803ns          452904 1c009362 000edba3 p.sh             x0, x0(x29)         x29:1c002eb0  PA:1c002ebe
26713122ns          452920 1c009366 000f5ba3 p.sh             x0, x0(x30)         x30:1c002ea0  PA:1c002eae
26713440ns          452936 1c00936a 000d1023 sh               x0, 0(x26)          x26:1c002eee  PA:1c002eee
26713758ns          452952 1c00936e 000a1023 sh               x0, 0(x20)          x20:1c002efe  PA:1c002efe
26714076ns          452968 1c009372 00099023 sh               x0, 0(x19)          x19:1c002f0e  PA:1c002f0e
26714434ns          452986 1c009376 00091023 sh               x0, 0(x18)          x18:1c002e7e  PA:1c002e7e
26714752ns          453002 1c00937a 00049023 sh               x0, 0(x9)            x9:1c002e6e  PA:1c002e6e
26715071ns          453018 1c00937e 16f020ef jal              x1, 10606            x1=1c009382
26715090ns          453019 1c00bcec f14027f3 csrrs            x15, x0, 0xf14      x15=00000007
26715110ns          453020 1c00bcf0 01f00713 addi             x14, x0, 31         x14=0000001f
26715130ns          453021 1c00bcf2 ca5797b3 p.extractu       x15, x15, 5, 5      x15=00000000 x15:00000007
26715150ns          453022 1c00bcf6 00e78863 beq              x15, x14, 16        x15:00000000 x14:0000001f
26715170ns          453023 1c00bcfa 002047b7 lui              x15, 0x204000       x15=00204000
26715190ns          453024 1c00bcfe 20078793 addi             x15, x15, 512       x15=00204200 x15:00204000
26715210ns          453025 1c00bd02 01c7e703 p.elw            x14, 28(x15)        x14=00010000 x15:00204200  PA:0020421c
26715349ns          453032 1c00bd06 00008067 jalr             x0, x1, 0            x1:1c009382
26715409ns          453035 1c009382 1c0027b7 lui              x15, 0x1c002000     x15=1c002000
26715429ns          453036 1c009386 e5078793 addi             x15, x15, -432      x15=1c001e50 x15:1c002000
26715448ns          453037 1c00938a 017785b3 add              x11, x15, x23       x11=1c001e5e x15:1c001e50 x23:0000000e
26716065ns          453068 1c00938e 1c0017b7 lui              x15, 0x1c001000     x15=1c001000
26716105ns          453070 1c009392 67c78793 addi             x15, x15, 1660      x15=1c00167c x15:1c001000
26716125ns          453071 1c009396 01778633 add              x12, x15, x23       x12=1c00168a x15:1c00167c x23:0000000e
26716145ns          453072 1c00939a 1c0017b7 lui              x15, 0x1c001000     x15=1c001000
26716542ns          453092 1c00939e eac78793 addi             x15, x15, -340      x15=1c000eac x15:1c001000
26716582ns          453094 1c0093a2 01778ab3 add              x21, x15, x23       x21=1c000eba x15:1c000eac x23:0000000e
26716602ns          453095 1c0093a6 1c002cb7 lui              x25, 0x1c002000     x25=1c002000
26716622ns          453096 1c0093aa 0ac12783 lw               x15, 172(x2)        x15=00000007  x2:10003cd8  PA:10003d84
26716642ns          453097 1c0093ac 688c8c93 addi             x25, x25, 1672      x25=1c002688 x25:1c002000
26717079ns          453119 1c0093b0 017c8cb3 add              x25, x25, x23       x25=1c002696 x25:1c002688 x23:0000000e
26717099ns          453120 1c0093b2 03812423 sw               x24, 40(x2)         x24:1c002ece  x2:10003cd8  PA:10003d00
26717119ns          453121 1c0093b4 03612823 sw               x22, 48(x2)         x22:1c002ede  x2:10003cd8  PA:10003d08
26717139ns          453122 1c0093b6 0a812023 sw               x8, 160(x2)          x8:1c002e9e  x2:10003cd8  PA:10003d78
26717159ns          453123 1c0093b8 01700c33 add              x24, x0, x23        x24=0000000e x23:0000000e
26717179ns          453124 1c0093ba 03a12c23 sw               x26, 56(x2)         x26:1c002eee  x2:10003cd8  PA:10003d10
26717199ns          453125 1c0093bc 01500bb3 add              x23, x0, x21        x23=1c000eba x21:1c000eba
26717219ns          453126 1c0093be 05412023 sw               x20, 64(x2)         x20:1c002efe  x2:10003cd8  PA:10003d18
26717616ns          453146 1c0093c0 05312423 sw               x19, 72(x2)         x19:1c002f0e  x2:10003cd8  PA:10003d20
26717636ns          453147 1c0093c2 05212823 sw               x18, 80(x2)         x18:1c002e7e  x2:10003cd8  PA:10003d28
26717656ns          453148 1c0093c4 04912c23 sw               x9, 88(x2)           x9:1c002e6e  x2:10003cd8  PA:10003d30
26717676ns          453149 1c0093c6 00b00433 add              x8, x0, x11          x8=1c001e5e x11:1c001e5e
26717696ns          453150 1c0093c8 00f00b33 add              x22, x0, x15        x22=00000007 x15:00000007
26717716ns          453151 1c0093ca 00c00ab3 add              x21, x0, x12        x21=1c00168a x12:1c00168a
26717736ns          453152 1c0093cc 010c9a0b p.lh             x20, 16(x25!)       x20=ffffffd4 x25=1c0026a6 x25:1c002696  PA:1c002696
26718352ns          453183 1c0093d0 0104198b p.lh             x19, 16(x8!)        x19=0000000f  x8=1c001e6e  x8:1c001e5e  PA:1c001e5e
26718849ns          453208 1c0093d4 2cc10513 addi             x10, x2, 716        x10=10003fa4  x2:10003cd8
26718869ns          453209 1c0093d6 010a990b p.lh             x18, 16(x21!)       x18=ffffffca x21=1c00169a x21:1c00168a  PA:1c00168a
26719267ns          453229 1c0093da 010b948b p.lh             x9, 16(x23!)         x9=00000010 x23=1c000eca x23:1c000eba  PA:1c000eba
26719665ns          453249 1c0093de 2d411623 sh               x20, 716(x2)        x20:ffffffd4  x2:10003cd8  PA:10003fa4
26719685ns          453250 1c0093e2 2d311723 sh               x19, 718(x2)        x19:0000000f  x2:10003cd8  PA:10003fa6
26719705ns          453251 1c0093e6 c33ff0ef jal              x1, -974             x1=1c0093e8
26720003ns          453266 1c009018 00051803 lh               x16, 0(x10)         x16=ffffffd4 x10:10003fa4  PA:10003fa4
26720062ns          453269 1c00901c 00251883 lh               x17, 2(x10)         x17=0000000f x10:10003fa4  PA:10003fa6
26720440ns          453288 1c009020 030806b3 mul              x13, x16, x16       x13=00000790 x16:ffffffd4 x16:ffffffd4
26720480ns          453290 1c009024 03188633 mul              x12, x17, x17       x12=000000e1 x17:0000000f x17:0000000f
26720500ns          453291 1c009028 40a65613 srai             x12, x12, 0x40a     x12=00000000 x12:000000e1
26720520ns          453292 1c00902a 40a6d693 srai             x13, x13, 0x40a     x13=00000001 x13:00000790
26720540ns          453293 1c00902c 00c686b3 add              x13, x13, x12       x13=00000001 x13:00000001 x12:00000000
26720977ns          453315 1c00902e 1006c633 p.exths          x12, x13, x0        x12=00000001 x13:00000001
26721017ns          453317 1c009032 00855703 lhu              x14, 8(x10)         x14=0000ffd1 x10:10003fa4  PA:10003fac
26721057ns          453319 1c009036 00a55683 lhu              x13, 10(x10)        x13=0000ff6a x10:10003fa4  PA:10003fae
26721156ns          453324 1c00903a 02c60333 mul              x6, x12, x12         x6=00000001 x12:00000001 x12:00000001
26721514ns          453342 1c00903e 00c55783 lhu              x15, 12(x10)        x15=0000ffe5 x10:10003fa4  PA:10003fb0
26721574ns          453345 1c009042 00e55583 lhu              x11, 14(x10)        x11=00000060 x10:10003fa4  PA:10003fb2
26721673ns          453350 1c009046 dea30333 p.extract        x6, x6, 15, 10       x6=00000000  x6:00000001
26721693ns          453351 1c00904a 80c7075b p.muls           x14, x14, x12       x14=ffffffd1 x14:0000ffd1 x12:00000001
26722031ns          453368 1c00904e 80c686db p.muls           x13, x13, x12       x13=ffffff6a x13:0000ff6a x12:00000001
26722071ns          453370 1c009052 00455e83 lhu              x29, 4(x10)         x29=00000427 x10:10003fa4  PA:10003fa8
26722111ns          453372 1c009056 00655e03 lhu              x28, 6(x10)         x28=0000007f x10:10003fa4  PA:10003faa
26722210ns          453377 1c00905a 40a75713 srai             x14, x14, 0x40a     x14=ffffffff x14:ffffffd1
26722230ns          453378 1c00905c 806787db p.muls           x15, x15, x6        x15=00000000 x15:0000ffe5  x6:00000000
26722548ns          453394 1c009060 40a6d693 srai             x13, x13, 0x40a     x13=ffffffff x13:ffffff6a
26722588ns          453396 1c009062 8065865b p.muls           x12, x11, x6        x12=00000000 x11:00000060  x6:00000000
26722608ns          453397 1c009066 40a7d793 srai             x15, x15, 0x40a     x15=00000000 x15:00000000
26722628ns          453398 1c009068 40a65613 srai             x12, x12, 0x40a     x12=00000000 x12:00000000
26722648ns          453399 1c00906a 01d70733 add              x14, x14, x29       x14=00000426 x14:ffffffff x29:00000427
26722668ns          453400 1c00906c 01c686b3 add              x13, x13, x28       x13=0000007e x13:ffffffff x28:0000007f
26722688ns          453401 1c00906e 00c686b3 add              x13, x13, x12       x13=0000007e x13:0000007e x12:00000000
26723066ns          453420 1c009070 00f70733 add              x14, x14, x15       x14=00000426 x14:00000426 x15:00000000
26723105ns          453422 1c009072 100747b3 p.exths          x15, x14, x0        x15=00000426 x14:00000426
26723125ns          453423 1c009076 1006c733 p.exths          x14, x13, x0        x14=0000007e x13:0000007e
26723145ns          453424 1c00907a 03170633 mul              x12, x14, x17       x12=00000762 x14:0000007e x17:0000000f
26723603ns          453447 1c00907e 030786b3 mul              x13, x15, x16       x13=ffff4978 x15:00000426 x16:ffffffd4
26723642ns          453449 1c009082 03070733 mul              x14, x14, x16       x14=ffffea58 x14:0000007e x16:ffffffd4
26723662ns          453450 1c009086 031787b3 mul              x15, x15, x17       x15=00003e3a x15:00000426 x17:0000000f
26723682ns          453451 1c00908a 40a6d693 srai             x13, x13, 0x40a     x13=ffffffd2 x13:ffff4978
26723702ns          453452 1c00908c 40a65613 srai             x12, x12, 0x40a     x12=00000001 x12:00000762
26723722ns          453453 1c00908e 40a7d793 srai             x15, x15, 0x40a     x15=0000000f x15:00003e3a
26724120ns          453473 1c009090 40a75713 srai             x14, x14, 0x40a     x14=fffffffa x14:ffffea58
26724140ns          453474 1c009092 40c686b3 sub              x13, x13, x12       x13=ffffffd1 x13:ffffffd2 x12:00000001
26724159ns          453475 1c009094 00e787b3 add              x15, x15, x14       x15=00000009 x15:0000000f x14:fffffffa
26724179ns          453476 1c009096 00d51823 sh               x13, 16(x10)        x13:ffffffd1 x10:10003fa4  PA:10003fb4
26724219ns          453478 1c00909a 00f51923 sh               x15, 18(x10)        x15:00000009 x10:10003fa4  PA:10003fb6
26724319ns          453483 1c00909e 00008067 jalr             x0, x1, 0            x1:1c0093e8
26724637ns          453499 1c0093e8 2dc15583 lhu              x11, 732(x2)        x11=0000ffd1  x2:10003cd8  PA:10003fb4
26724677ns          453501 1c0093ec 2de15783 lhu              x15, 734(x2)        x15=00000009  x2:10003cd8  PA:10003fb6
26725114ns          453523 1c0093f0 40b90933 sub              x18, x18, x11       x18=fffefff9 x18:ffffffca x11:0000ffd1
26725154ns          453525 1c0093f4 40f484b3 sub              x9, x9, x15          x9=00000007  x9:00000010 x15:00000009
26725174ns          453526 1c0093f6 100945b3 p.exths          x11, x18, x0        x11=fffffff9 x18:fffefff9
26725194ns          453527 1c0093fa 1004c7b3 p.exths          x15, x9, x0         x15=00000007  x9:00000007
26725651ns          453550 1c0093fe 034586b3 mul              x13, x11, x20       x13=00000134 x11:fffffff9 x20:ffffffd4
26725691ns          453552 1c009402 03378533 mul              x10, x15, x19       x10=00000069 x15:00000007 x19:0000000f
26725711ns          453553 1c009406 034a0633 mul              x12, x20, x20       x12=00000790 x20:ffffffd4 x20:ffffffd4
26725731ns          453554 1c00940a 03398733 mul              x14, x19, x19       x14=000000e1 x19:0000000f x19:0000000f
26726188ns          453577 1c00940e 034787b3 mul              x15, x15, x20       x15=fffffecc x15:00000007 x20:ffffffd4
26726228ns          453579 1c009412 033585b3 mul              x11, x11, x19       x11=ffffff97 x11:fffffff9 x19:0000000f
26726248ns          453580 1c009416 40a75713 srai             x14, x14, 0x40a     x14=00000000 x14:000000e1
26726268ns          453581 1c009418 40a5d593 srai             x11, x11, 0x40a     x11=ffffffff x11:ffffff97
26726287ns          453582 1c00941a 40a65613 srai             x12, x12, 0x40a     x12=00000001 x12:00000790
26726307ns          453583 1c00941c 40a7d793 srai             x15, x15, 0x40a     x15=ffffffff x15:fffffecc
26726665ns          453601 1c00941e 1c0034b7 lui              x9, 0x1c003000       x9=1c003000
26726685ns          453602 1c009422 00e60633 add              x12, x12, x14       x12=00000001 x12:00000001 x14:00000000
26726705ns          453603 1c009424 40b787b3 sub              x15, x15, x11       x15=00000000 x15:ffffffff x11:ffffffff
26726725ns          453604 1c009426 eb048493 addi             x9, x9, -336         x9=1c002eb0  x9:1c003000
26726745ns          453605 1c00942a 1c0032b7 lui              x5, 0x1c003000       x5=1c003000
26727202ns          453628 1c00942e 1c0035b7 lui              x11, 0x1c003000     x11=1c003000
26727242ns          453630 1c009432 018483b3 add              x7, x9, x24          x7=1c002ebe  x9:1c002eb0 x24:0000000e
26727262ns          453631 1c009436 02812e83 lw               x29, 40(x2)         x29=1c002ece  x2:10003cd8  PA:10003d00
26727282ns          453632 1c009438 10065633 p.exthz          x12, x12, x0        x12=00000001 x12:00000001
26727302ns          453633 1c00943c e8028293 addi             x5, x5, -384         x5=1c002e80  x5:1c003000
26727739ns          453655 1c009440 ea058593 addi             x11, x11, -352      x11=1c002ea0 x11:1c003000
26727779ns          453657 1c009444 03812483 lw               x9, 56(x2)           x9=1c002eee  x2:10003cd8  PA:10003d10
26727799ns          453658 1c009446 10064733 p.exths          x14, x12, x0        x14=00000001 x12:00000001
26727819ns          453659 1c00944a 018280b3 add              x1, x5, x24          x1=1c002e8e  x5:1c002e80 x24:0000000e
26727839ns          453660 1c00944e 03012f03 lw               x30, 48(x2)         x30=1c002ede  x2:10003cd8  PA:10003d08
26728236ns          453680 1c009450 018582b3 add              x5, x11, x24         x5=1c002eae x11:1c002ea0 x24:0000000e
26728276ns          453682 1c009454 04012583 lw               x11, 64(x2)         x11=1c002efe  x2:10003cd8  PA:10003d18
26728296ns          453683 1c009456 000edd83 lhu              x27, 0(x29)         x27=00000000 x29:1c002ece  PA:1c002ece
26728714ns          453704 1c00945a 0004d483 lhu              x9, 0(x9)            x9=00000000  x9:1c002eee  PA:1c002eee
26729191ns          453728 1c00945e 02e70333 mul              x6, x14, x14         x6=00000001 x14:00000001 x14:00000001
26729211ns          453729 1c009462 40a55513 srai             x10, x10, 0x40a     x10=00000000 x10:00000069
26729231ns          453730 1c009464 04812e83 lw               x29, 72(x2)         x29=1c002f0e  x2:10003cd8  PA:10003d20
26729251ns          453731 1c009466 40a6d693 srai             x13, x13, 0x40a     x13=00000000 x13:00000134
26729271ns          453732 1c009468 000f5d03 lhu              x26, 0(x30)         x26=00000000 x30:1c002ede  PA:1c002ede
26729569ns          453747 1c00946c 0005d583 lhu              x11, 0(x11)         x11=00000000 x11:1c002efe  PA:1c002efe
26730026ns          453770 1c009470 40a35313 srai             x6, x6, 0x40a        x6=00000000  x6:00000001
26730046ns          453771 1c009474 00a686b3 add              x13, x13, x10       x13=00000000 x13:00000000 x10:00000000
26730066ns          453772 1c009476 05012f03 lw               x30, 80(x2)         x30=1c002e7e  x2:10003cd8  PA:10003d28
26730086ns          453773 1c009478 10034e33 p.exths          x28, x6, x0         x28=00000000  x6:00000000
26730106ns          453774 1c00947c 06911023 sh               x9, 96(x2)           x9:00000000  x2:10003cd8  PA:10003d38
26730146ns          453776 1c009480 000ede83 lhu              x29, 0(x29)         x29=00000000 x29:1c002f0e  PA:1c002f0e
26730762ns          453807 1c009484 05812483 lw               x9, 88(x2)           x9=1c002e6e  x2:10003cd8  PA:10003d30
26730782ns          453808 1c009486 1006d6b3 p.exthz          x13, x13, x0        x13=00000000 x13:00000000
26730802ns          453809 1c00948a 02ee08b3 mul              x17, x28, x14       x17=00000000 x28:00000000 x14:00000001
26730822ns          453810 1c00948e 1006c833 p.exths          x16, x13, x0        x16=00000000 x13:00000000
26730842ns          453811 1c009492 06b11823 sh               x11, 112(x2)        x11:00000000  x2:10003cd8  PA:10003d48
26730862ns          453812 1c009496 000f5f03 lhu              x30, 0(x30)         x30=00000000 x30:1c002e7e  PA:1c002e7e
26731359ns          453837 1c00949a 0a012583 lw               x11, 160(x2)        x11=1c002e9e  x2:10003cd8  PA:10003d78
26731379ns          453838 1c00949c 1007d7b3 p.exthz          x15, x15, x0        x15=00000000 x15:00000000
26731399ns          453839 1c0094a0 0004da03 lhu              x20, 0(x9)          x20=00000000  x9:1c002e6e  PA:1c002e6e
26731737ns          453856 1c0094a4 1007c533 p.exths          x10, x15, x0        x10=00000000 x15:00000000
26731757ns          453857 1c0094a8 09d11023 sh               x29, 128(x2)        x29:00000000  x2:10003cd8  PA:10003d58
26731796ns          453859 1c0094ac 0003d483 lhu              x9, 0(x7)            x9=00000000  x7:1c002ebe  PA:1c002ebe
26732135ns          453876 1c0094b0 02e80eb3 mul              x29, x16, x14       x29=00000000 x16:00000000 x14:00000001
26732154ns          453877 1c0094b4 40a8d893 srai             x17, x17, 0x40a     x17=00000000 x17:00000000
26732174ns          453878 1c0094b8 03c80833 mul              x16, x16, x28       x16=00000000 x16:00000000 x28:00000000
26732194ns          453879 1c0094bc 09e11823 sh               x30, 144(x2)        x30:00000000  x2:10003cd8  PA:10003d68
26732532ns          453896 1c0094c0 0005d983 lhu              x19, 0(x11)         x19=00000000 x11:1c002e9e  PA:1c002e9e
26733109ns          453925 1c0094c4 81c88f5b p.muls           x30, x17, x28       x30=00000000 x17:00000000 x28:00000000
26733129ns          453926 1c0094c8 0002d583 lhu              x11, 0(x5)          x11=00000000  x5:1c002eae  PA:1c002eae
26733487ns          453944 1c0094cc 03ce0fb3 mul              x31, x28, x28       x31=00000000 x28:00000000 x28:00000000
26733507ns          453945 1c0094d0 02e50733 mul              x14, x10, x14       x14=00000000 x10:00000000 x14:00000001
26733527ns          453946 1c0094d4 40a85813 srai             x16, x16, 0x40a     x16=00000000 x16:00000000
26733547ns          453947 1c0094d8 03c50533 mul              x10, x10, x28       x10=00000000 x10:00000000 x28:00000000
26733566ns          453948 1c0094dc 07015e03 lhu              x28, 112(x2)        x28=00000000  x2:10003cd8  PA:10003d48
26733805ns          453960 1c0094e0 01b60633 add              x12, x12, x27       x12=00000001 x12:00000001 x27:00000000
26733825ns          453961 1c0094e2 00980833 add              x16, x16, x9        x16=00000000 x16:00000000  x9:00000000
26733845ns          453962 1c0094e4 06015d83 lhu              x27, 96(x2)         x27=00000000  x2:10003cd8  PA:10003d38
26733865ns          453963 1c0094e8 02812483 lw               x9, 40(x2)           x9=1c002ece  x2:10003cd8  PA:10003d00
26733885ns          453964 1c0094ea 40afdf93 srai             x31, x31, 0x40a     x31=00000000 x31:00000000
26733905ns          453965 1c0094ee 40a55513 srai             x10, x10, 0x40a     x10=00000000 x10:00000000
26734322ns          453986 1c0094f0 01cf8fb3 add              x31, x31, x28       x31=00000000 x31:00000000 x28:00000000
26734342ns          453987 1c0094f2 00b50533 add              x10, x10, x11       x10=00000000 x10:00000000 x11:00000000
26734362ns          453988 1c0094f4 09015e03 lhu              x28, 144(x2)        x28=00000000  x2:10003cd8  PA:10003d68
26734382ns          453989 1c0094f8 03012583 lw               x11, 48(x2)         x11=1c002ede  x2:10003cd8  PA:10003d08
26734402ns          453990 1c0094fa 00c49023 sh               x12, 0(x9)          x12:00000001  x9:1c002ece  PA:1c002ece
26734720ns          454006 1c0094fe 01b888b3 add              x17, x17, x27       x17=00000000 x17:00000000 x27:00000000
26734859ns          454013 1c009500 01a30333 add              x6, x6, x26          x6=00000000  x6:00000000 x26:00000000
26734899ns          454015 1c009502 08015d83 lhu              x27, 128(x2)        x27=00000000  x2:10003cd8  PA:10003d58
26734919ns          454016 1c009506 0000d903 lhu              x18, 0(x1)          x18=00000000  x1:1c002e8e  PA:1c002e8e
26735476ns          454044 1c00950a 01c686b3 add              x13, x13, x28       x13=00000000 x13:00000000 x28:00000000
26735496ns          454045 1c00950c 00659023 sh               x6, 0(x11)           x6:00000000 x11:1c002ede  PA:1c002ede
26735814ns          454061 1c009510 40af5f13 srai             x30, x30, 0x40a     x30=00000000 x30:00000000
26735834ns          454062 1c009514 04812e03 lw               x28, 72(x2)         x28=1c002f0e  x2:10003cd8  PA:10003d20
26735854ns          454063 1c009516 01bf0f33 add              x30, x30, x27       x30=00000000 x30:00000000 x27:00000000
26735873ns          454064 1c009518 40aede93 srai             x29, x29, 0x40a     x29=00000000 x29:00000000
26735893ns          454065 1c00951c 40a75713 srai             x14, x14, 0x40a     x14=00000000 x14:00000000
26735913ns          454066 1c00951e 03812603 lw               x12, 56(x2)         x12=1c002eee  x2:10003cd8  PA:10003d10
26735933ns          454067 1c009520 04012d83 lw               x27, 64(x2)         x27=1c002efe  x2:10003cd8  PA:10003d18
26735973ns          454069 1c009522 01ee1023 sh               x30, 0(x28)         x30:00000000 x28:1c002f0e  PA:1c002f0e
26736371ns          454089 1c009526 05812483 lw               x9, 88(x2)           x9=1c002e6e  x2:10003cd8  PA:10003d30
26736391ns          454090 1c009528 05012f03 lw               x30, 80(x2)         x30=1c002e7e  x2:10003cd8  PA:10003d28
26736410ns          454091 1c00952a 0a012583 lw               x11, 160(x2)        x11=1c002e9e  x2:10003cd8  PA:10003d78
26736430ns          454092 1c00952c 014787b3 add              x15, x15, x20       x15=00000000 x15:00000000 x20:00000000
26736450ns          454093 1c00952e 013e8eb3 add              x29, x29, x19       x29=00000000 x29:00000000 x19:00000000
26736470ns          454094 1c009530 01270733 add              x14, x14, x18       x14=00000000 x14:00000000 x18:00000000
26736510ns          454096 1c009532 00f49023 sh               x15, 0(x9)          x15:00000000  x9:1c002e6e  PA:1c002e6e
26736828ns          454112 1c009536 01161023 sh               x17, 0(x12)         x17:00000000 x12:1c002eee  PA:1c002eee
26737146ns          454128 1c00953a 01fd9023 sh               x31, 0(x27)         x31:00000000 x27:1c002efe  PA:1c002efe
26737464ns          454144 1c00953e 00df1023 sh               x13, 0(x30)         x13:00000000 x30:1c002e7e  PA:1c002e7e
26737803ns          454161 1c009542 01d59023 sh               x29, 0(x11)         x29:00000000 x11:1c002e9e  PA:1c002e9e
26738121ns          454177 1c009546 00e09023 sh               x14, 0(x1)          x14:00000000  x1:1c002e8e  PA:1c002e8e
26738439ns          454193 1c00954a 01039023 sh               x16, 0(x7)          x16:00000000  x7:1c002ebe  PA:1c002ebe
26738757ns          454209 1c00954e 00a29023 sh               x10, 0(x5)          x10:00000000  x5:1c002eae  PA:1c002eae
26739095ns          454226 1c009552 008b0b13 addi             x22, x22, 8         x22=0000000f x22:00000007
26739115ns          454227 1c009554 1f300793 addi             x15, x0, 499        x15=000001f3
26739135ns          454228 1c009558 e767dae3 bge              x15, x22, -396      x15:000001f3 x22:0000000f
26739573ns          454250 1c0093cc 010c9a0b p.lh             x20, 16(x25!)       x20=00000148 x25=1c0026b6 x25:1c0026a6  PA:1c0026a6
26739931ns          454268 1c0093d0 0104198b p.lh             x19, 16(x8!)        x19=000000da  x8=1c001e7e  x8:1c001e6e  PA:1c001e6e
26740229ns          454283 1c0093d4 2cc10513 addi             x10, x2, 716        x10=10003fa4  x2:10003cd8
26740249ns          454284 1c0093d6 010a990b p.lh             x18, 16(x21!)       x18=0000015a x21=1c0016aa x21:1c00169a  PA:1c00169a
26740547ns          454299 1c0093da 010b948b p.lh             x9, 16(x23!)         x9=000000be x23=1c000eda x23:1c000eca  PA:1c000eca
26740845ns          454314 1c0093de 2d411623 sh               x20, 716(x2)        x20:00000148  x2:10003cd8  PA:10003fa4
26740985ns          454321 1c0093e2 2d311723 sh               x19, 718(x2)        x19:000000da  x2:10003cd8  PA:10003fa6
26741124ns          454328 1c0093e6 c33ff0ef jal              x1, -974             x1=1c0093e8
26741144ns          454329 1c009018 00051803 lh               x16, 0(x10)         x16=00000148 x10:10003fa4  PA:10003fa4
26741243ns          454334 1c00901c 00251883 lh               x17, 2(x10)         x17=000000da x10:10003fa4  PA:10003fa6
26741283ns          454336 1c009020 030806b3 mul              x13, x16, x16       x13=0001a440 x16:00000148 x16:00000148
26741303ns          454337 1c009024 03188633 mul              x12, x17, x17       x12=0000b9a4 x17:000000da x17:000000da
26741323ns          454338 1c009028 40a65613 srai             x12, x12, 0x40a     x12=0000002e x12:0000b9a4
26741343ns          454339 1c00902a 40a6d693 srai             x13, x13, 0x40a     x13=00000069 x13:0001a440
26741363ns          454340 1c00902c 00c686b3 add              x13, x13, x12       x13=00000097 x13:00000069 x12:0000002e
26741382ns          454341 1c00902e 1006c633 p.exths          x12, x13, x0        x12=00000097 x13:00000097
26741422ns          454343 1c009032 00855703 lhu              x14, 8(x10)         x14=0000ffd1 x10:10003fa4  PA:10003fac
26741502ns          454347 1c009036 00a55683 lhu              x13, 10(x10)        x13=0000ff6a x10:10003fa4  PA:10003fae
26741561ns          454350 1c00903a 02c60333 mul              x6, x12, x12         x6=00005911 x12:00000097 x12:00000097
26741581ns          454351 1c00903e 00c55783 lhu              x15, 12(x10)        x15=0000ffe5 x10:10003fa4  PA:10003fb0
26741621ns          454353 1c009042 00e55583 lhu              x11, 14(x10)        x11=00000060 x10:10003fa4  PA:10003fb2
26741681ns          454356 1c009046 dea30333 p.extract        x6, x6, 15, 10       x6=00000016  x6:00005911
26741701ns          454357 1c00904a 80c7075b p.muls           x14, x14, x12       x14=ffffe447 x14:0000ffd1 x12:00000097
26741721ns          454358 1c00904e 80c686db p.muls           x13, x13, x12       x13=ffffa786 x13:0000ff6a x12:00000097
26741740ns          454359 1c009052 00455e83 lhu              x29, 4(x10)         x29=00000427 x10:10003fa4  PA:10003fa8
26741780ns          454361 1c009056 00655e03 lhu              x28, 6(x10)         x28=0000007f x10:10003fa4  PA:10003faa
26741840ns          454364 1c00905a 40a75713 srai             x14, x14, 0x40a     x14=fffffff9 x14:ffffe447
26741860ns          454365 1c00905c 806787db p.muls           x15, x15, x6        x15=fffffdae x15:0000ffe5  x6:00000016
26741880ns          454366 1c009060 40a6d693 srai             x13, x13, 0x40a     x13=ffffffe9 x13:ffffa786
26741900ns          454367 1c009062 8065865b p.muls           x12, x11, x6        x12=00000840 x11:00000060  x6:00000016
26741919ns          454368 1c009066 40a7d793 srai             x15, x15, 0x40a     x15=ffffffff x15:fffffdae
26741939ns          454369 1c009068 40a65613 srai             x12, x12, 0x40a     x12=00000002 x12:00000840
26741959ns          454370 1c00906a 01d70733 add              x14, x14, x29       x14=00000420 x14:fffffff9 x29:00000427
26741979ns          454371 1c00906c 01c686b3 add              x13, x13, x28       x13=00000068 x13:ffffffe9 x28:0000007f
26741999ns          454372 1c00906e 00c686b3 add              x13, x13, x12       x13=0000006a x13:00000068 x12:00000002
26742019ns          454373 1c009070 00f70733 add              x14, x14, x15       x14=0000041f x14:00000420 x15:ffffffff
26742039ns          454374 1c009072 100747b3 p.exths          x15, x14, x0        x15=0000041f x14:0000041f
26742059ns          454375 1c009076 1006c733 p.exths          x14, x13, x0        x14=0000006a x13:0000006a
26742079ns          454376 1c00907a 03170633 mul              x12, x14, x17       x12=00005a44 x14:0000006a x17:000000da
26742138ns          454379 1c00907e 030786b3 mul              x13, x15, x16       x13=000547b8 x15:0000041f x16:00000148
26742178ns          454381 1c009082 03070733 mul              x14, x14, x16       x14=000087d0 x14:0000006a x16:00000148
26742198ns          454382 1c009086 031787b3 mul              x15, x15, x17       x15=00038266 x15:0000041f x17:000000da
26742218ns          454383 1c00908a 40a6d693 srai             x13, x13, 0x40a     x13=00000151 x13:000547b8
26742238ns          454384 1c00908c 40a65613 srai             x12, x12, 0x40a     x12=00000016 x12:00005a44
26742258ns          454385 1c00908e 40a7d793 srai             x15, x15, 0x40a     x15=000000e0 x15:00038266
26742277ns          454386 1c009090 40a75713 srai             x14, x14, 0x40a     x14=00000021 x14:000087d0
26742297ns          454387 1c009092 40c686b3 sub              x13, x13, x12       x13=0000013b x13:00000151 x12:00000016
26742317ns          454388 1c009094 00e787b3 add              x15, x15, x14       x15=00000101 x15:000000e0 x14:00000021
26742337ns          454389 1c009096 00d51823 sh               x13, 16(x10)        x13:0000013b x10:10003fa4  PA:10003fb4
26742357ns          454390 1c00909a 00f51923 sh               x15, 18(x10)        x15:00000101 x10:10003fa4  PA:10003fb6
26742377ns          454391 1c00909e 00008067 jalr             x0, x1, 0            x1:1c0093e8
26742556ns          454400 1c0093e8 2dc15583 lhu              x11, 732(x2)        x11=0000013b  x2:10003cd8  PA:10003fb4
26742596ns          454402 1c0093ec 2de15783 lhu              x15, 734(x2)        x15=00000101  x2:10003cd8  PA:10003fb6
26742695ns          454407 1c0093f0 40b90933 sub              x18, x18, x11       x18=0000001f x18:0000015a x11:0000013b
26742715ns          454408 1c0093f4 40f484b3 sub              x9, x9, x15          x9=ffffffbd  x9:000000be x15:00000101
26742735ns          454409 1c0093f6 100945b3 p.exths          x11, x18, x0        x11=0000001f x18:0000001f
26742755ns          454410 1c0093fa 1004c7b3 p.exths          x15, x9, x0         x15=ffffffbd  x9:ffffffbd
26742775ns          454411 1c0093fe 034586b3 mul              x13, x11, x20       x13=000027b8 x11:0000001f x20:00000148
26742794ns          454412 1c009402 03378533 mul              x10, x15, x19       x10=ffffc6f2 x15:ffffffbd x19:000000da
26742814ns          454413 1c009406 034a0633 mul              x12, x20, x20       x12=0001a440 x20:00000148 x20:00000148
26742834ns          454414 1c00940a 03398733 mul              x14, x19, x19       x14=0000b9a4 x19:000000da x19:000000da
26742854ns          454415 1c00940e 034787b3 mul              x15, x15, x20       x15=ffffaa28 x15:ffffffbd x20:00000148
26742874ns          454416 1c009412 033585b3 mul              x11, x11, x19       x11=00001a66 x11:0000001f x19:000000da
26742894ns          454417 1c009416 40a75713 srai             x14, x14, 0x40a     x14=0000002e x14:0000b9a4
26742914ns          454418 1c009418 40a5d593 srai             x11, x11, 0x40a     x11=00000006 x11:00001a66
26742934ns          454419 1c00941a 40a65613 srai             x12, x12, 0x40a     x12=00000069 x12:0001a440
26742954ns          454420 1c00941c 40a7d793 srai             x15, x15, 0x40a     x15=ffffffea x15:ffffaa28
26742973ns          454421 1c00941e 1c0034b7 lui              x9, 0x1c003000       x9=1c003000
26742993ns          454422 1c009422 00e60633 add              x12, x12, x14       x12=00000097 x12:00000069 x14:0000002e
26743013ns          454423 1c009424 40b787b3 sub              x15, x15, x11       x15=ffffffe4 x15:ffffffea x11:00000006
26743033ns          454424 1c009426 eb048493 addi             x9, x9, -336         x9=1c002eb0  x9:1c003000
26743053ns          454425 1c00942a 1c0032b7 lui              x5, 0x1c003000       x5=1c003000
26743073ns          454426 1c00942e 1c0035b7 lui              x11, 0x1c003000     x11=1c003000
26743093ns          454427 1c009432 018483b3 add              x7, x9, x24          x7=1c002ebe  x9:1c002eb0 x24:0000000e
26743113ns          454428 1c009436 02812e83 lw               x29, 40(x2)         x29=1c002ece  x2:10003cd8  PA:10003d00
26743133ns          454429 1c009438 10065633 p.exthz          x12, x12, x0        x12=00000097 x12:00000097
26743152ns          454430 1c00943c e8028293 addi             x5, x5, -384         x5=1c002e80  x5:1c003000
26743172ns          454431 1c009440 ea058593 addi             x11, x11, -352      x11=1c002ea0 x11:1c003000
26743212ns          454433 1c009444 03812483 lw               x9, 56(x2)           x9=1c002eee  x2:10003cd8  PA:10003d10
26743232ns          454434 1c009446 10064733 p.exths          x14, x12, x0        x14=00000097 x12:00000097
26743252ns          454435 1c00944a 018280b3 add              x1, x5, x24          x1=1c002e8e  x5:1c002e80 x24:0000000e
26743272ns          454436 1c00944e 03012f03 lw               x30, 48(x2)         x30=1c002ede  x2:10003cd8  PA:10003d08
26743312ns          454438 1c009450 018582b3 add              x5, x11, x24         x5=1c002eae x11:1c002ea0 x24:0000000e
26743351ns          454440 1c009454 04012583 lw               x11, 64(x2)         x11=1c002efe  x2:10003cd8  PA:10003d18
26743371ns          454441 1c009456 000edd83 lhu              x27, 0(x29)         x27=00000001 x29:1c002ece  PA:1c002ece
26743709ns          454458 1c00945a 0004d483 lhu              x9, 0(x9)            x9=00000000  x9:1c002eee  PA:1c002eee
26744107ns          454478 1c00945e 02e70333 mul              x6, x14, x14         x6=00005911 x14:00000097 x14:00000097
26744127ns          454479 1c009462 40a55513 srai             x10, x10, 0x40a     x10=fffffff1 x10:ffffc6f2
26744147ns          454480 1c009464 04812e83 lw               x29, 72(x2)         x29=1c002f0e  x2:10003cd8  PA:10003d20
26744167ns          454481 1c009466 40a6d693 srai             x13, x13, 0x40a     x13=00000009 x13:000027b8
26744187ns          454482 1c009468 000f5d03 lhu              x26, 0(x30)         x26=00000000 x30:1c002ede  PA:1c002ede
26744485ns          454497 1c00946c 0005d583 lhu              x11, 0(x11)         x11=00000000 x11:1c002efe  PA:1c002efe
26744823ns          454514 1c009470 40a35313 srai             x6, x6, 0x40a        x6=00000016  x6:00005911
26744843ns          454515 1c009474 00a686b3 add              x13, x13, x10       x13=fffffffa x13:00000009 x10:fffffff1
26744863ns          454516 1c009476 05012f03 lw               x30, 80(x2)         x30=1c002e7e  x2:10003cd8  PA:10003d28
26744883ns          454517 1c009478 10034e33 p.exths          x28, x6, x0         x28=00000016  x6:00000016
26744903ns          454518 1c00947c 06911023 sh               x9, 96(x2)           x9:00000000  x2:10003cd8  PA:10003d38
26744942ns          454520 1c009480 000ede83 lhu              x29, 0(x29)         x29=00000000 x29:1c002f0e  PA:1c002f0e
26745280ns          454537 1c009484 05812483 lw               x9, 88(x2)           x9=1c002e6e  x2:10003cd8  PA:10003d30
26745300ns          454538 1c009486 1006d6b3 p.exthz          x13, x13, x0        x13=0000fffa x13:fffffffa
26745320ns          454539 1c00948a 02ee08b3 mul              x17, x28, x14       x17=00000cfa x28:00000016 x14:00000097
26745340ns          454540 1c00948e 1006c833 p.exths          x16, x13, x0        x16=fffffffa x13:0000fffa
26745360ns          454541 1c009492 06b11823 sh               x11, 112(x2)        x11:00000000  x2:10003cd8  PA:10003d48
26745380ns          454542 1c009496 000f5f03 lhu              x30, 0(x30)         x30=00000000 x30:1c002e7e  PA:1c002e7e
26745698ns          454558 1c00949a 0a012583 lw               x11, 160(x2)        x11=1c002e9e  x2:10003cd8  PA:10003d78
26745718ns          454559 1c00949c 1007d7b3 p.exthz          x15, x15, x0        x15=0000ffe4 x15:ffffffe4
26745738ns          454560 1c0094a0 0004da03 lhu              x20, 0(x9)          x20=00000000  x9:1c002e6e  PA:1c002e6e
26746056ns          454576 1c0094a4 1007c533 p.exths          x10, x15, x0        x10=ffffffe4 x15:0000ffe4
26746076ns          454577 1c0094a8 09d11023 sh               x29, 128(x2)        x29:00000000  x2:10003cd8  PA:10003d58
26746096ns          454578 1c0094ac 0003d483 lhu              x9, 0(x7)            x9=00000000  x7:1c002ebe  PA:1c002ebe
26746454ns          454596 1c0094b0 02e80eb3 mul              x29, x16, x14       x29=fffffc76 x16:fffffffa x14:00000097
26746474ns          454597 1c0094b4 40a8d893 srai             x17, x17, 0x40a     x17=00000003 x17:00000cfa
26746494ns          454598 1c0094b8 03c80833 mul              x16, x16, x28       x16=ffffff7c x16:fffffffa x28:00000016
26746514ns          454599 1c0094bc 09e11823 sh               x30, 144(x2)        x30:00000000  x2:10003cd8  PA:10003d68
26746533ns          454600 1c0094c0 0005d983 lhu              x19, 0(x11)         x19=00000000 x11:1c002e9e  PA:1c002e9e
26746832ns          454615 1c0094c4 81c88f5b p.muls           x30, x17, x28       x30=00000042 x17:00000003 x28:00000016
26746852ns          454616 1c0094c8 0002d583 lhu              x11, 0(x5)          x11=00000000  x5:1c002eae  PA:1c002eae
26747190ns          454633 1c0094cc 03ce0fb3 mul              x31, x28, x28       x31=000001e4 x28:00000016 x28:00000016
26747210ns          454634 1c0094d0 02e50733 mul              x14, x10, x14       x14=ffffef7c x10:ffffffe4 x14:00000097
26747230ns          454635 1c0094d4 40a85813 srai             x16, x16, 0x40a     x16=ffffffff x16:ffffff7c
26747249ns          454636 1c0094d8 03c50533 mul              x10, x10, x28       x10=fffffd98 x10:ffffffe4 x28:00000016
26747269ns          454637 1c0094dc 07015e03 lhu              x28, 112(x2)        x28=00000000  x2:10003cd8  PA:10003d48
26747309ns          454639 1c0094e0 01b60633 add              x12, x12, x27       x12=00000098 x12:00000097 x27:00000001
26747329ns          454640 1c0094e2 00980833 add              x16, x16, x9        x16=ffffffff x16:ffffffff  x9:00000000
26747349ns          454641 1c0094e4 06015d83 lhu              x27, 96(x2)         x27=00000000  x2:10003cd8  PA:10003d38
26747369ns          454642 1c0094e8 02812483 lw               x9, 40(x2)           x9=1c002ece  x2:10003cd8  PA:10003d00
26747389ns          454643 1c0094ea 40afdf93 srai             x31, x31, 0x40a     x31=00000000 x31:000001e4
26747408ns          454644 1c0094ee 40a55513 srai             x10, x10, 0x40a     x10=ffffffff x10:fffffd98
26747428ns          454645 1c0094f0 01cf8fb3 add              x31, x31, x28       x31=00000000 x31:00000000 x28:00000000
26747448ns          454646 1c0094f2 00b50533 add              x10, x10, x11       x10=ffffffff x10:ffffffff x11:00000000
26747468ns          454647 1c0094f4 09015e03 lhu              x28, 144(x2)        x28=00000000  x2:10003cd8  PA:10003d68
26747488ns          454648 1c0094f8 03012583 lw               x11, 48(x2)         x11=1c002ede  x2:10003cd8  PA:10003d08
26747508ns          454649 1c0094fa 00c49023 sh               x12, 0(x9)          x12:00000098  x9:1c002ece  PA:1c002ece
26747826ns          454665 1c0094fe 01b888b3 add              x17, x17, x27       x17=00000003 x17:00000003 x27:00000000
26747846ns          454666 1c009500 01a30333 add              x6, x6, x26          x6=00000016  x6:00000016 x26:00000000
26747866ns          454667 1c009502 08015d83 lhu              x27, 128(x2)        x27=00000000  x2:10003cd8  PA:10003d58
26747886ns          454668 1c009506 0000d903 lhu              x18, 0(x1)          x18=00000000  x1:1c002e8e  PA:1c002e8e
26748184ns          454683 1c00950a 01c686b3 add              x13, x13, x28       x13=0000fffa x13:0000fffa x28:00000000
26748204ns          454684 1c00950c 00659023 sh               x6, 0(x11)           x6:00000016 x11:1c002ede  PA:1c002ede
26748522ns          454700 1c009510 40af5f13 srai             x30, x30, 0x40a     x30=00000000 x30:00000042
26748542ns          454701 1c009514 04812e03 lw               x28, 72(x2)         x28=1c002f0e  x2:10003cd8  PA:10003d20
26748562ns          454702 1c009516 01bf0f33 add              x30, x30, x27       x30=00000000 x30:00000000 x27:00000000
26748582ns          454703 1c009518 40aede93 srai             x29, x29, 0x40a     x29=ffffffff x29:fffffc76
26748602ns          454704 1c00951c 40a75713 srai             x14, x14, 0x40a     x14=fffffffb x14:ffffef7c
26748622ns          454705 1c00951e 03812603 lw               x12, 56(x2)         x12=1c002eee  x2:10003cd8  PA:10003d10
26748642ns          454706 1c009520 04012d83 lw               x27, 64(x2)         x27=1c002efe  x2:10003cd8  PA:10003d18
26748661ns          454707 1c009522 01ee1023 sh               x30, 0(x28)         x30:00000000 x28:1c002f0e  PA:1c002f0e
26748980ns          454723 1c009526 05812483 lw               x9, 88(x2)           x9=1c002e6e  x2:10003cd8  PA:10003d30
26749000ns          454724 1c009528 05012f03 lw               x30, 80(x2)         x30=1c002e7e  x2:10003cd8  PA:10003d28
26749019ns          454725 1c00952a 0a012583 lw               x11, 160(x2)        x11=1c002e9e  x2:10003cd8  PA:10003d78
26749039ns          454726 1c00952c 014787b3 add              x15, x15, x20       x15=0000ffe4 x15:0000ffe4 x20:00000000
26749059ns          454727 1c00952e 013e8eb3 add              x29, x29, x19       x29=ffffffff x29:ffffffff x19:00000000
26749079ns          454728 1c009530 01270733 add              x14, x14, x18       x14=fffffffb x14:fffffffb x18:00000000
26749099ns          454729 1c009532 00f49023 sh               x15, 0(x9)          x15:0000ffe4  x9:1c002e6e  PA:1c002e6e
26749417ns          454745 1c009536 01161023 sh               x17, 0(x12)         x17:00000003 x12:1c002eee  PA:1c002eee
26749735ns          454761 1c00953a 01fd9023 sh               x31, 0(x27)         x31:00000000 x27:1c002efe  PA:1c002efe
26750054ns          454777 1c00953e 00df1023 sh               x13, 0(x30)         x13:0000fffa x30:1c002e7e  PA:1c002e7e
26750372ns          454793 1c009542 01d59023 sh               x29, 0(x11)         x29:ffffffff x11:1c002e9e  PA:1c002e9e
26750690ns          454809 1c009546 00e09023 sh               x14, 0(x1)          x14:fffffffb  x1:1c002e8e  PA:1c002e8e
26751008ns          454825 1c00954a 01039023 sh               x16, 0(x7)          x16:ffffffff  x7:1c002ebe  PA:1c002ebe
26751326ns          454841 1c00954e 00a29023 sh               x10, 0(x5)          x10:ffffffff  x5:1c002eae  PA:1c002eae
26751645ns          454857 1c009552 008b0b13 addi             x22, x22, 8         x22=00000017 x22:0000000f
26751665ns          454858 1c009554 1f300793 addi             x15, x0, 499        x15=000001f3
26751684ns          454859 1c009558 e767dae3 bge              x15, x22, -396      x15:000001f3 x22:00000017
26751824ns          454866 1c0093cc 010c9a0b p.lh             x20, 16(x25!)       x20=fffffeae x25=1c0026c6 x25:1c0026b6  PA:1c0026b6
26752221ns          454886 1c0093d0 0104198b p.lh             x19, 16(x8!)        x19=ffffffc1  x8=1c001e8e  x8:1c001e7e  PA:1c001e7e
26752599ns          454905 1c0093d4 2cc10513 addi             x10, x2, 716        x10=10003fa4  x2:10003cd8
26752619ns          454906 1c0093d6 010a990b p.lh             x18, 16(x21!)       x18=fffffeae x21=1c0016ba x21:1c0016aa  PA:1c0016aa
26752997ns          454925 1c0093da 010b948b p.lh             x9, 16(x23!)         x9=ffffffdd x23=1c000eea x23:1c000eda  PA:1c000eda
26753395ns          454945 1c0093de 2d411623 sh               x20, 716(x2)        x20:fffffeae  x2:10003cd8  PA:10003fa4
26753415ns          454946 1c0093e2 2d311723 sh               x19, 718(x2)        x19:ffffffc1  x2:10003cd8  PA:10003fa6
26753435ns          454947 1c0093e6 c33ff0ef jal              x1, -974             x1=1c0093e8
26753872ns          454969 1c009018 00051803 lh               x16, 0(x10)         x16=fffffeae x10:10003fa4  PA:10003fa4
26753972ns          454974 1c00901c 00251883 lh               x17, 2(x10)         x17=ffffffc1 x10:10003fa4  PA:10003fa6
26754031ns          454977 1c009020 030806b3 mul              x13, x16, x16       x13=0001be44 x16:fffffeae x16:fffffeae
26754051ns          454978 1c009024 03188633 mul              x12, x17, x17       x12=00000f81 x17:ffffffc1 x17:ffffffc1
26754071ns          454979 1c009028 40a65613 srai             x12, x12, 0x40a     x12=00000003 x12:00000f81
26754091ns          454980 1c00902a 40a6d693 srai             x13, x13, 0x40a     x13=0000006f x13:0001be44
26754111ns          454981 1c00902c 00c686b3 add              x13, x13, x12       x13=00000072 x13:0000006f x12:00000003
26754131ns          454982 1c00902e 1006c633 p.exths          x12, x13, x0        x12=00000072 x13:00000072
26754151ns          454983 1c009032 00855703 lhu              x14, 8(x10)         x14=0000ffd1 x10:10003fa4  PA:10003fac
26754230ns          454987 1c009036 00a55683 lhu              x13, 10(x10)        x13=0000ff6a x10:10003fa4  PA:10003fae
26754270ns          454989 1c00903a 02c60333 mul              x6, x12, x12         x6=000032c4 x12:00000072 x12:00000072
26754290ns          454990 1c00903e 00c55783 lhu              x15, 12(x10)        x15=0000ffe5 x10:10003fa4  PA:10003fb0
26754330ns          454992 1c009042 00e55583 lhu              x11, 14(x10)        x11=00000060 x10:10003fa4  PA:10003fb2
26754349ns          454993 1c009046 dea30333 p.extract        x6, x6, 15, 10       x6=0000000c  x6:000032c4
26754369ns          454994 1c00904a 80c7075b p.muls           x14, x14, x12       x14=ffffeb12 x14:0000ffd1 x12:00000072
26754409ns          454996 1c00904e 80c686db p.muls           x13, x13, x12       x13=ffffbd34 x13:0000ff6a x12:00000072
26754449ns          454998 1c009052 00455e83 lhu              x29, 4(x10)         x29=00000427 x10:10003fa4  PA:10003fa8
26754489ns          455000 1c009056 00655e03 lhu              x28, 6(x10)         x28=0000007f x10:10003fa4  PA:10003faa
26754509ns          455001 1c00905a 40a75713 srai             x14, x14, 0x40a     x14=fffffffa x14:ffffeb12
26754528ns          455002 1c00905c 806787db p.muls           x15, x15, x6        x15=fffffebc x15:0000ffe5  x6:0000000c
26754548ns          455003 1c009060 40a6d693 srai             x13, x13, 0x40a     x13=ffffffef x13:ffffbd34
26754568ns          455004 1c009062 8065865b p.muls           x12, x11, x6        x12=00000480 x11:00000060  x6:0000000c
26754588ns          455005 1c009066 40a7d793 srai             x15, x15, 0x40a     x15=ffffffff x15:fffffebc
26754608ns          455006 1c009068 40a65613 srai             x12, x12, 0x40a     x12=00000001 x12:00000480
26754628ns          455007 1c00906a 01d70733 add              x14, x14, x29       x14=00000421 x14:fffffffa x29:00000427
26754648ns          455008 1c00906c 01c686b3 add              x13, x13, x28       x13=0000006e x13:ffffffef x28:0000007f
26754668ns          455009 1c00906e 00c686b3 add              x13, x13, x12       x13=0000006f x13:0000006e x12:00000001
26754688ns          455010 1c009070 00f70733 add              x14, x14, x15       x14=00000420 x14:00000421 x15:ffffffff
26754707ns          455011 1c009072 100747b3 p.exths          x15, x14, x0        x15=00000420 x14:00000420
26754727ns          455012 1c009076 1006c733 p.exths          x14, x13, x0        x14=0000006f x13:0000006f
26754747ns          455013 1c00907a 03170633 mul              x12, x14, x17       x12=ffffe4af x14:0000006f x17:ffffffc1
26754807ns          455016 1c00907e 030786b3 mul              x13, x15, x16       x13=fffa8dc0 x15:00000420 x16:fffffeae
26754847ns          455018 1c009082 03070733 mul              x14, x14, x16       x14=ffff6d72 x14:0000006f x16:fffffeae
26754866ns          455019 1c009086 031787b3 mul              x15, x15, x17       x15=fffefc20 x15:00000420 x17:ffffffc1
26754886ns          455020 1c00908a 40a6d693 srai             x13, x13, 0x40a     x13=fffffea3 x13:fffa8dc0
26754906ns          455021 1c00908c 40a65613 srai             x12, x12, 0x40a     x12=fffffff9 x12:ffffe4af
26754926ns          455022 1c00908e 40a7d793 srai             x15, x15, 0x40a     x15=ffffffbf x15:fffefc20
26754946ns          455023 1c009090 40a75713 srai             x14, x14, 0x40a     x14=ffffffdb x14:ffff6d72
26754966ns          455024 1c009092 40c686b3 sub              x13, x13, x12       x13=fffffeaa x13:fffffea3 x12:fffffff9
26754986ns          455025 1c009094 00e787b3 add              x15, x15, x14       x15=ffffff9a x15:ffffffbf x14:ffffffdb
26755006ns          455026 1c009096 00d51823 sh               x13, 16(x10)        x13:fffffeaa x10:10003fa4  PA:10003fb4
26755045ns          455028 1c00909a 00f51923 sh               x15, 18(x10)        x15:ffffff9a x10:10003fa4  PA:10003fb6
26755125ns          455032 1c00909e 00008067 jalr             x0, x1, 0            x1:1c0093e8
26755145ns          455033 1c0093e8 2dc15583 lhu              x11, 732(x2)        x11=0000feaa  x2:10003cd8  PA:10003fb4
26755205ns          455036 1c0093ec 2de15783 lhu              x15, 734(x2)        x15=0000ff9a  x2:10003cd8  PA:10003fb6
26755244ns          455038 1c0093f0 40b90933 sub              x18, x18, x11       x18=ffff0004 x18:fffffeae x11:0000feaa
26755264ns          455039 1c0093f4 40f484b3 sub              x9, x9, x15          x9=ffff0043  x9:ffffffdd x15:0000ff9a
26755284ns          455040 1c0093f6 100945b3 p.exths          x11, x18, x0        x11=00000004 x18:ffff0004
26755304ns          455041 1c0093fa 1004c7b3 p.exths          x15, x9, x0         x15=00000043  x9:ffff0043
26755324ns          455042 1c0093fe 034586b3 mul              x13, x11, x20       x13=fffffab8 x11:00000004 x20:fffffeae
26755344ns          455043 1c009402 03378533 mul              x10, x15, x19       x10=ffffef83 x15:00000043 x19:ffffffc1
26755364ns          455044 1c009406 034a0633 mul              x12, x20, x20       x12=0001be44 x20:fffffeae x20:fffffeae
26755384ns          455045 1c00940a 03398733 mul              x14, x19, x19       x14=00000f81 x19:ffffffc1 x19:ffffffc1
26755403ns          455046 1c00940e 034787b3 mul              x15, x15, x20       x15=ffffa78a x15:00000043 x20:fffffeae
26755423ns          455047 1c009412 033585b3 mul              x11, x11, x19       x11=ffffff04 x11:00000004 x19:ffffffc1
26755443ns          455048 1c009416 40a75713 srai             x14, x14, 0x40a     x14=00000003 x14:00000f81
26755463ns          455049 1c009418 40a5d593 srai             x11, x11, 0x40a     x11=ffffffff x11:ffffff04
26755483ns          455050 1c00941a 40a65613 srai             x12, x12, 0x40a     x12=0000006f x12:0001be44
26755503ns          455051 1c00941c 40a7d793 srai             x15, x15, 0x40a     x15=ffffffe9 x15:ffffa78a
26755523ns          455052 1c00941e 1c0034b7 lui              x9, 0x1c003000       x9=1c003000
26755543ns          455053 1c009422 00e60633 add              x12, x12, x14       x12=00000072 x12:0000006f x14:00000003
26755563ns          455054 1c009424 40b787b3 sub              x15, x15, x11       x15=ffffffea x15:ffffffe9 x11:ffffffff
26755582ns          455055 1c009426 eb048493 addi             x9, x9, -336         x9=1c002eb0  x9:1c003000
26755602ns          455056 1c00942a 1c0032b7 lui              x5, 0x1c003000       x5=1c003000
26755622ns          455057 1c00942e 1c0035b7 lui              x11, 0x1c003000     x11=1c003000
26755642ns          455058 1c009432 018483b3 add              x7, x9, x24          x7=1c002ebe  x9:1c002eb0 x24:0000000e
26755662ns          455059 1c009436 02812e83 lw               x29, 40(x2)         x29=1c002ece  x2:10003cd8  PA:10003d00
26755682ns          455060 1c009438 10065633 p.exthz          x12, x12, x0        x12=00000072 x12:00000072
26755702ns          455061 1c00943c e8028293 addi             x5, x5, -384         x5=1c002e80  x5:1c003000
26755742ns          455063 1c009440 ea058593 addi             x11, x11, -352      x11=1c002ea0 x11:1c003000
26755781ns          455065 1c009444 03812483 lw               x9, 56(x2)           x9=1c002eee  x2:10003cd8  PA:10003d10
26755801ns          455066 1c009446 10064733 p.exths          x14, x12, x0        x14=00000072 x12:00000072
26755821ns          455067 1c00944a 018280b3 add              x1, x5, x24          x1=1c002e8e  x5:1c002e80 x24:0000000e
26755841ns          455068 1c00944e 03012f03 lw               x30, 48(x2)         x30=1c002ede  x2:10003cd8  PA:10003d08
26755861ns          455069 1c009450 018582b3 add              x5, x11, x24         x5=1c002eae x11:1c002ea0 x24:0000000e
26755881ns          455070 1c009454 04012583 lw               x11, 64(x2)         x11=1c002efe  x2:10003cd8  PA:10003d18
26755901ns          455071 1c009456 000edd83 lhu              x27, 0(x29)         x27=00000098 x29:1c002ece  PA:1c002ece
26756279ns          455090 1c00945a 0004d483 lhu              x9, 0(x9)            x9=00000003  x9:1c002eee  PA:1c002eee
26756676ns          455110 1c00945e 02e70333 mul              x6, x14, x14         x6=000032c4 x14:00000072 x14:00000072
26756696ns          455111 1c009462 40a55513 srai             x10, x10, 0x40a     x10=fffffffb x10:ffffef83
26756716ns          455112 1c009464 04812e83 lw               x29, 72(x2)         x29=1c002f0e  x2:10003cd8  PA:10003d20
26756736ns          455113 1c009466 40a6d693 srai             x13, x13, 0x40a     x13=fffffffe x13:fffffab8
26756756ns          455114 1c009468 000f5d03 lhu              x26, 0(x30)         x26=00000016 x30:1c002ede  PA:1c002ede
26757054ns          455129 1c00946c 0005d583 lhu              x11, 0(x11)         x11=00000000 x11:1c002efe  PA:1c002efe
26757412ns          455147 1c009470 40a35313 srai             x6, x6, 0x40a        x6=0000000c  x6:000032c4
26757432ns          455148 1c009474 00a686b3 add              x13, x13, x10       x13=fffffff9 x13:fffffffe x10:fffffffb
26757452ns          455149 1c009476 05012f03 lw               x30, 80(x2)         x30=1c002e7e  x2:10003cd8  PA:10003d28
26757472ns          455150 1c009478 10034e33 p.exths          x28, x6, x0         x28=0000000c  x6:0000000c
26757492ns          455151 1c00947c 06911023 sh               x9, 96(x2)           x9:00000003  x2:10003cd8  PA:10003d38
26757512ns          455152 1c009480 000ede83 lhu              x29, 0(x29)         x29=00000000 x29:1c002f0e  PA:1c002f0e
26757810ns          455167 1c009484 05812483 lw               x9, 88(x2)           x9=1c002e6e  x2:10003cd8  PA:10003d30
26757830ns          455168 1c009486 1006d6b3 p.exthz          x13, x13, x0        x13=0000fff9 x13:fffffff9
26757850ns          455169 1c00948a 02ee08b3 mul              x17, x28, x14       x17=00000558 x28:0000000c x14:00000072
26757870ns          455170 1c00948e 1006c833 p.exths          x16, x13, x0        x16=fffffff9 x13:0000fff9
26757889ns          455171 1c009492 06b11823 sh               x11, 112(x2)        x11:00000000  x2:10003cd8  PA:10003d48
26757909ns          455172 1c009496 000f5f03 lhu              x30, 0(x30)         x30=0000fffa x30:1c002e7e  PA:1c002e7e
26758208ns          455187 1c00949a 0a012583 lw               x11, 160(x2)        x11=1c002e9e  x2:10003cd8  PA:10003d78
26758228ns          455188 1c00949c 1007d7b3 p.exthz          x15, x15, x0        x15=0000ffea x15:ffffffea
26758247ns          455189 1c0094a0 0004da03 lhu              x20, 0(x9)          x20=0000ffe4  x9:1c002e6e  PA:1c002e6e
26758546ns          455204 1c0094a4 1007c533 p.exths          x10, x15, x0        x10=ffffffea x15:0000ffea
26758566ns          455205 1c0094a8 09d11023 sh               x29, 128(x2)        x29:00000000  x2:10003cd8  PA:10003d58
26758586ns          455206 1c0094ac 0003d483 lhu              x9, 0(x7)            x9=0000ffff  x7:1c002ebe  PA:1c002ebe
26758924ns          455223 1c0094b0 02e80eb3 mul              x29, x16, x14       x29=fffffce2 x16:fffffff9 x14:00000072
26758944ns          455224 1c0094b4 40a8d893 srai             x17, x17, 0x40a     x17=00000001 x17:00000558
26758963ns          455225 1c0094b8 03c80833 mul              x16, x16, x28       x16=ffffffac x16:fffffff9 x28:0000000c
26758983ns          455226 1c0094bc 09e11823 sh               x30, 144(x2)        x30:0000fffa  x2:10003cd8  PA:10003d68
26759003ns          455227 1c0094c0 0005d983 lhu              x19, 0(x11)         x19=0000ffff x11:1c002e9e  PA:1c002e9e
26759341ns          455244 1c0094c4 81c88f5b p.muls           x30, x17, x28       x30=0000000c x17:00000001 x28:0000000c
26759361ns          455245 1c0094c8 0002d583 lhu              x11, 0(x5)          x11=0000ffff  x5:1c002eae  PA:1c002eae
26759679ns          455261 1c0094cc 03ce0fb3 mul              x31, x28, x28       x31=00000090 x28:0000000c x28:0000000c
26759699ns          455262 1c0094d0 02e50733 mul              x14, x10, x14       x14=fffff634 x10:ffffffea x14:00000072
26759719ns          455263 1c0094d4 40a85813 srai             x16, x16, 0x40a     x16=ffffffff x16:ffffffac
26759739ns          455264 1c0094d8 03c50533 mul              x10, x10, x28       x10=fffffef8 x10:ffffffea x28:0000000c
26759759ns          455265 1c0094dc 07015e03 lhu              x28, 112(x2)        x28=00000000  x2:10003cd8  PA:10003d48
26759799ns          455267 1c0094e0 01b60633 add              x12, x12, x27       x12=0000010a x12:00000072 x27:00000098
26759819ns          455268 1c0094e2 00980833 add              x16, x16, x9        x16=0000fffe x16:ffffffff  x9:0000ffff
26759838ns          455269 1c0094e4 06015d83 lhu              x27, 96(x2)         x27=00000003  x2:10003cd8  PA:10003d38
26759858ns          455270 1c0094e8 02812483 lw               x9, 40(x2)           x9=1c002ece  x2:10003cd8  PA:10003d00
26759878ns          455271 1c0094ea 40afdf93 srai             x31, x31, 0x40a     x31=00000000 x31:00000090
26759898ns          455272 1c0094ee 40a55513 srai             x10, x10, 0x40a     x10=ffffffff x10:fffffef8
26759918ns          455273 1c0094f0 01cf8fb3 add              x31, x31, x28       x31=00000000 x31:00000000 x28:00000000
26759938ns          455274 1c0094f2 00b50533 add              x10, x10, x11       x10=0000fffe x10:ffffffff x11:0000ffff
26759958ns          455275 1c0094f4 09015e03 lhu              x28, 144(x2)        x28=0000fffa  x2:10003cd8  PA:10003d68
26759978ns          455276 1c0094f8 03012583 lw               x11, 48(x2)         x11=1c002ede  x2:10003cd8  PA:10003d08
26759998ns          455277 1c0094fa 00c49023 sh               x12, 0(x9)          x12:0000010a  x9:1c002ece  PA:1c002ece
26760356ns          455295 1c0094fe 01b888b3 add              x17, x17, x27       x17=00000004 x17:00000001 x27:00000003
26760375ns          455296 1c009500 01a30333 add              x6, x6, x26          x6=00000022  x6:0000000c x26:00000016
26760395ns          455297 1c009502 08015d83 lhu              x27, 128(x2)        x27=00000000  x2:10003cd8  PA:10003d58
26760415ns          455298 1c009506 0000d903 lhu              x18, 0(x1)          x18=0000fffb  x1:1c002e8e  PA:1c002e8e
26760714ns          455313 1c00950a 01c686b3 add              x13, x13, x28       x13=0001fff3 x13:0000fff9 x28:0000fffa
26760733ns          455314 1c00950c 00659023 sh               x6, 0(x11)           x6:00000022 x11:1c002ede  PA:1c002ede
26761052ns          455330 1c009510 40af5f13 srai             x30, x30, 0x40a     x30=00000000 x30:0000000c
26761072ns          455331 1c009514 04812e03 lw               x28, 72(x2)         x28=1c002f0e  x2:10003cd8  PA:10003d20
26761091ns          455332 1c009516 01bf0f33 add              x30, x30, x27       x30=00000000 x30:00000000 x27:00000000
26761111ns          455333 1c009518 40aede93 srai             x29, x29, 0x40a     x29=ffffffff x29:fffffce2
26761131ns          455334 1c00951c 40a75713 srai             x14, x14, 0x40a     x14=fffffffd x14:fffff634
26761151ns          455335 1c00951e 03812603 lw               x12, 56(x2)         x12=1c002eee  x2:10003cd8  PA:10003d10
26761171ns          455336 1c009520 04012d83 lw               x27, 64(x2)         x27=1c002efe  x2:10003cd8  PA:10003d18
26761191ns          455337 1c009522 01ee1023 sh               x30, 0(x28)         x30:00000000 x28:1c002f0e  PA:1c002f0e
26761529ns          455354 1c009526 05812483 lw               x9, 88(x2)           x9=1c002e6e  x2:10003cd8  PA:10003d30
26761549ns          455355 1c009528 05012f03 lw               x30, 80(x2)         x30=1c002e7e  x2:10003cd8  PA:10003d28
26761569ns          455356 1c00952a 0a012583 lw               x11, 160(x2)        x11=1c002e9e  x2:10003cd8  PA:10003d78
26761589ns          455357 1c00952c 014787b3 add              x15, x15, x20       x15=0001ffce x15:0000ffea x20:0000ffe4
26761609ns          455358 1c00952e 013e8eb3 add              x29, x29, x19       x29=0000fffe x29:ffffffff x19:0000ffff
26761628ns          455359 1c009530 01270733 add              x14, x14, x18       x14=0000fff8 x14:fffffffd x18:0000fffb
26761648ns          455360 1c009532 00f49023 sh               x15, 0(x9)          x15:0001ffce  x9:1c002e6e  PA:1c002e6e
26761986ns          455377 1c009536 01161023 sh               x17, 0(x12)         x17:00000004 x12:1c002eee  PA:1c002eee
26762305ns          455393 1c00953a 01fd9023 sh               x31, 0(x27)         x31:00000000 x27:1c002efe  PA:1c002efe
26762623ns          455409 1c00953e 00df1023 sh               x13, 0(x30)         x13:0001fff3 x30:1c002e7e  PA:1c002e7e
26762941ns          455425 1c009542 01d59023 sh               x29, 0(x11)         x29:0000fffe x11:1c002e9e  PA:1c002e9e
26763279ns          455442 1c009546 00e09023 sh               x14, 0(x1)          x14:0000fff8  x1:1c002e8e  PA:1c002e8e
26763597ns          455458 1c00954a 01039023 sh               x16, 0(x7)          x16:0000fffe  x7:1c002ebe  PA:1c002ebe
26763916ns          455474 1c00954e 00a29023 sh               x10, 0(x5)          x10:0000fffe  x5:1c002eae  PA:1c002eae
26764234ns          455490 1c009552 008b0b13 addi             x22, x22, 8         x22=0000001f x22:00000017
26764254ns          455491 1c009554 1f300793 addi             x15, x0, 499        x15=000001f3
26764274ns          455492 1c009558 e767dae3 bge              x15, x22, -396      x15:000001f3 x22:0000001f
26764373ns          455497 1c0093cc 010c9a0b p.lh             x20, 16(x25!)       x20=000001c0 x25=1c0026d6 x25:1c0026c6  PA:1c0026c6
26764691ns          455513 1c0093d0 0104198b p.lh             x19, 16(x8!)        x19=00000086  x8=1c001e9e  x8:1c001e8e  PA:1c001e8e
26764989ns          455528 1c0093d4 2cc10513 addi             x10, x2, 716        x10=10003fa4  x2:10003cd8
26765009ns          455529 1c0093d6 010a990b p.lh             x18, 16(x21!)       x18=000001d4 x21=1c0016ca x21:1c0016ba  PA:1c0016ba
26765347ns          455546 1c0093da 010b948b p.lh             x9, 16(x23!)         x9=00000050 x23=1c000efa x23:1c000eea  PA:1c000eea
26765666ns          455562 1c0093de 2d411623 sh               x20, 716(x2)        x20:000001c0  x2:10003cd8  PA:10003fa4
26765686ns          455563 1c0093e2 2d311723 sh               x19, 718(x2)        x19:00000086  x2:10003cd8  PA:10003fa6
26765705ns          455564 1c0093e6 c33ff0ef jal              x1, -974             x1=1c0093e8
26765745ns          455566 1c009018 00051803 lh               x16, 0(x10)         x16=000001c0 x10:10003fa4  PA:10003fa4
26765765ns          455567 1c00901c 00251883 lh               x17, 2(x10)         x17=00000086 x10:10003fa4  PA:10003fa6
26765785ns          455568 1c009020 030806b3 mul              x13, x16, x16       x13=00031000 x16:000001c0 x16:000001c0
26765805ns          455569 1c009024 03188633 mul              x12, x17, x17       x12=00004624 x17:00000086 x17:00000086
26765825ns          455570 1c009028 40a65613 srai             x12, x12, 0x40a     x12=00000011 x12:00004624
26765845ns          455571 1c00902a 40a6d693 srai             x13, x13, 0x40a     x13=000000c4 x13:00031000
26765865ns          455572 1c00902c 00c686b3 add              x13, x13, x12       x13=000000d5 x13:000000c4 x12:00000011
26765884ns          455573 1c00902e 1006c633 p.exths          x12, x13, x0        x12=000000d5 x13:000000d5
26765904ns          455574 1c009032 00855703 lhu              x14, 8(x10)         x14=0000ffd1 x10:10003fa4  PA:10003fac
26765924ns          455575 1c009036 00a55683 lhu              x13, 10(x10)        x13=0000ff6a x10:10003fa4  PA:10003fae
26765944ns          455576 1c00903a 02c60333 mul              x6, x12, x12         x6=0000b139 x12:000000d5 x12:000000d5
26765964ns          455577 1c00903e 00c55783 lhu              x15, 12(x10)        x15=0000ffe5 x10:10003fa4  PA:10003fb0
26765984ns          455578 1c009042 00e55583 lhu              x11, 14(x10)        x11=00000060 x10:10003fa4  PA:10003fb2
26766004ns          455579 1c009046 dea30333 p.extract        x6, x6, 15, 10       x6=0000002c  x6:0000b139
26766024ns          455580 1c00904a 80c7075b p.muls           x14, x14, x12       x14=ffffd8e5 x14:0000ffd1 x12:000000d5
26766044ns          455581 1c00904e 80c686db p.muls           x13, x13, x12       x13=ffff8332 x13:0000ff6a x12:000000d5
26766063ns          455582 1c009052 00455e83 lhu              x29, 4(x10)         x29=00000427 x10:10003fa4  PA:10003fa8
26766083ns          455583 1c009056 00655e03 lhu              x28, 6(x10)         x28=0000007f x10:10003fa4  PA:10003faa
26766103ns          455584 1c00905a 40a75713 srai             x14, x14, 0x40a     x14=fffffff6 x14:ffffd8e5
26766123ns          455585 1c00905c 806787db p.muls           x15, x15, x6        x15=fffffb5c x15:0000ffe5  x6:0000002c
26766143ns          455586 1c009060 40a6d693 srai             x13, x13, 0x40a     x13=ffffffe0 x13:ffff8332
26766183ns          455588 1c009062 8065865b p.muls           x12, x11, x6        x12=00001080 x11:00000060  x6:0000002c
26766203ns          455589 1c009066 40a7d793 srai             x15, x15, 0x40a     x15=fffffffe x15:fffffb5c
26766223ns          455590 1c009068 40a65613 srai             x12, x12, 0x40a     x12=00000004 x12:00001080
26766242ns          455591 1c00906a 01d70733 add              x14, x14, x29       x14=0000041d x14:fffffff6 x29:00000427
26766262ns          455592 1c00906c 01c686b3 add              x13, x13, x28       x13=0000005f x13:ffffffe0 x28:0000007f
26766282ns          455593 1c00906e 00c686b3 add              x13, x13, x12       x13=00000063 x13:0000005f x12:00000004
26766302ns          455594 1c009070 00f70733 add              x14, x14, x15       x14=0000041b x14:0000041d x15:fffffffe
26766322ns          455595 1c009072 100747b3 p.exths          x15, x14, x0        x15=0000041b x14:0000041b
26766342ns          455596 1c009076 1006c733 p.exths          x14, x13, x0        x14=00000063 x13:00000063
26766362ns          455597 1c00907a 03170633 mul              x12, x14, x17       x12=000033d2 x14:00000063 x17:00000086
26766421ns          455600 1c00907e 030786b3 mul              x13, x15, x16       x13=00072f40 x15:0000041b x16:000001c0
26766461ns          455602 1c009082 03070733 mul              x14, x14, x16       x14=0000ad40 x14:00000063 x16:000001c0
26766481ns          455603 1c009086 031787b3 mul              x15, x15, x17       x15=00022622 x15:0000041b x17:00000086
26766501ns          455604 1c00908a 40a6d693 srai             x13, x13, 0x40a     x13=000001cb x13:00072f40
26766521ns          455605 1c00908c 40a65613 srai             x12, x12, 0x40a     x12=0000000c x12:000033d2
26766541ns          455606 1c00908e 40a7d793 srai             x15, x15, 0x40a     x15=00000089 x15:00022622
26766561ns          455607 1c009090 40a75713 srai             x14, x14, 0x40a     x14=0000002b x14:0000ad40
26766581ns          455608 1c009092 40c686b3 sub              x13, x13, x12       x13=000001bf x13:000001cb x12:0000000c
26766600ns          455609 1c009094 00e787b3 add              x15, x15, x14       x15=000000b4 x15:00000089 x14:0000002b
26766620ns          455610 1c009096 00d51823 sh               x13, 16(x10)        x13:000001bf x10:10003fa4  PA:10003fb4
26766640ns          455611 1c00909a 00f51923 sh               x15, 18(x10)        x15:000000b4 x10:10003fa4  PA:10003fb6
26766660ns          455612 1c00909e 00008067 jalr             x0, x1, 0            x1:1c0093e8
26766700ns          455614 1c0093e8 2dc15583 lhu              x11, 732(x2)        x11=000001bf  x2:10003cd8  PA:10003fb4
26766720ns          455615 1c0093ec 2de15783 lhu              x15, 734(x2)        x15=000000b4  x2:10003cd8  PA:10003fb6
26766740ns          455616 1c0093f0 40b90933 sub              x18, x18, x11       x18=00000015 x18:000001d4 x11:000001bf
26766760ns          455617 1c0093f4 40f484b3 sub              x9, x9, x15          x9=ffffff9c  x9:00000050 x15:000000b4
26766779ns          455618 1c0093f6 100945b3 p.exths          x11, x18, x0        x11=00000015 x18:00000015
26766799ns          455619 1c0093fa 1004c7b3 p.exths          x15, x9, x0         x15=ffffff9c  x9:ffffff9c
26766819ns          455620 1c0093fe 034586b3 mul              x13, x11, x20       x13=000024c0 x11:00000015 x20:000001c0
26766839ns          455621 1c009402 03378533 mul              x10, x15, x19       x10=ffffcba8 x15:ffffff9c x19:00000086
26766859ns          455622 1c009406 034a0633 mul              x12, x20, x20       x12=00031000 x20:000001c0 x20:000001c0
26766879ns          455623 1c00940a 03398733 mul              x14, x19, x19       x14=00004624 x19:00000086 x19:00000086
26766899ns          455624 1c00940e 034787b3 mul              x15, x15, x20       x15=ffff5100 x15:ffffff9c x20:000001c0
26766919ns          455625 1c009412 033585b3 mul              x11, x11, x19       x11=00000afe x11:00000015 x19:00000086
26766939ns          455626 1c009416 40a75713 srai             x14, x14, 0x40a     x14=00000011 x14:00004624
26766958ns          455627 1c009418 40a5d593 srai             x11, x11, 0x40a     x11=00000002 x11:00000afe
26766978ns          455628 1c00941a 40a65613 srai             x12, x12, 0x40a     x12=000000c4 x12:00031000
26766998ns          455629 1c00941c 40a7d793 srai             x15, x15, 0x40a     x15=ffffffd4 x15:ffff5100
26767018ns          455630 1c00941e 1c0034b7 lui              x9, 0x1c003000       x9=1c003000
26767038ns          455631 1c009422 00e60633 add              x12, x12, x14       x12=000000d5 x12:000000c4 x14:00000011
26767058ns          455632 1c009424 40b787b3 sub              x15, x15, x11       x15=ffffffd2 x15:ffffffd4 x11:00000002
26767078ns          455633 1c009426 eb048493 addi             x9, x9, -336         x9=1c002eb0  x9:1c003000
26767098ns          455634 1c00942a 1c0032b7 lui              x5, 0x1c003000       x5=1c003000
26767118ns          455635 1c00942e 1c0035b7 lui              x11, 0x1c003000     x11=1c003000
26767137ns          455636 1c009432 018483b3 add              x7, x9, x24          x7=1c002ebe  x9:1c002eb0 x24:0000000e
26767157ns          455637 1c009436 02812e83 lw               x29, 40(x2)         x29=1c002ece  x2:10003cd8  PA:10003d00
26767177ns          455638 1c009438 10065633 p.exthz          x12, x12, x0        x12=000000d5 x12:000000d5
26767197ns          455639 1c00943c e8028293 addi             x5, x5, -384         x5=1c002e80  x5:1c003000
26767237ns          455641 1c009440 ea058593 addi             x11, x11, -352      x11=1c002ea0 x11:1c003000
26767277ns          455643 1c009444 03812483 lw               x9, 56(x2)           x9=1c002eee  x2:10003cd8  PA:10003d10
26767296ns          455644 1c009446 10064733 p.exths          x14, x12, x0        x14=000000d5 x12:000000d5
26767316ns          455645 1c00944a 018280b3 add              x1, x5, x24          x1=1c002e8e  x5:1c002e80 x24:0000000e
26767336ns          455646 1c00944e 03012f03 lw               x30, 48(x2)         x30=1c002ede  x2:10003cd8  PA:10003d08
26767376ns          455648 1c009450 018582b3 add              x5, x11, x24         x5=1c002eae x11:1c002ea0 x24:0000000e
26767416ns          455650 1c009454 04012583 lw               x11, 64(x2)         x11=1c002efe  x2:10003cd8  PA:10003d18
26767436ns          455651 1c009456 000edd83 lhu              x27, 0(x29)         x27=0000010a x29:1c002ece  PA:1c002ece
26767734ns          455666 1c00945a 0004d483 lhu              x9, 0(x9)            x9=00000004  x9:1c002eee  PA:1c002eee
26768052ns          455682 1c00945e 02e70333 mul              x6, x14, x14         x6=0000b139 x14:000000d5 x14:000000d5
26768072ns          455683 1c009462 40a55513 srai             x10, x10, 0x40a     x10=fffffff2 x10:ffffcba8
26768092ns          455684 1c009464 04812e83 lw               x29, 72(x2)         x29=1c002f0e  x2:10003cd8  PA:10003d20
26768112ns          455685 1c009466 40a6d693 srai             x13, x13, 0x40a     x13=00000009 x13:000024c0
26768132ns          455686 1c009468 000f5d03 lhu              x26, 0(x30)         x26=00000022 x30:1c002ede  PA:1c002ede
26768530ns          455706 1c00946c 0005d583 lhu              x11, 0(x11)         x11=00000000 x11:1c002efe  PA:1c002efe
26768868ns          455723 1c009470 40a35313 srai             x6, x6, 0x40a        x6=0000002c  x6:0000b139
26768888ns          455724 1c009474 00a686b3 add              x13, x13, x10       x13=fffffffb x13:00000009 x10:fffffff2
26768907ns          455725 1c009476 05012f03 lw               x30, 80(x2)         x30=1c002e7e  x2:10003cd8  PA:10003d28
26768927ns          455726 1c009478 10034e33 p.exths          x28, x6, x0         x28=0000002c  x6:0000002c
26768947ns          455727 1c00947c 06911023 sh               x9, 96(x2)           x9:00000004  x2:10003cd8  PA:10003d38
26768987ns          455729 1c009480 000ede83 lhu              x29, 0(x29)         x29=00000000 x29:1c002f0e  PA:1c002f0e
26769325ns          455746 1c009484 05812483 lw               x9, 88(x2)           x9=1c002e6e  x2:10003cd8  PA:10003d30
26769345ns          455747 1c009486 1006d6b3 p.exthz          x13, x13, x0        x13=0000fffb x13:fffffffb
26769365ns          455748 1c00948a 02ee08b3 mul              x17, x28, x14       x17=0000249c x28:0000002c x14:000000d5
26769385ns          455749 1c00948e 1006c833 p.exths          x16, x13, x0        x16=fffffffb x13:0000fffb
26769405ns          455750 1c009492 06b11823 sh               x11, 112(x2)        x11:00000000  x2:10003cd8  PA:10003d48
26769425ns          455751 1c009496 000f5f03 lhu              x30, 0(x30)         x30=0000fff3 x30:1c002e7e  PA:1c002e7e
26769743ns          455767 1c00949a 0a012583 lw               x11, 160(x2)        x11=1c002e9e  x2:10003cd8  PA:10003d78
26769763ns          455768 1c00949c 1007d7b3 p.exthz          x15, x15, x0        x15=0000ffd2 x15:ffffffd2
26769782ns          455769 1c0094a0 0004da03 lhu              x20, 0(x9)          x20=0000ffce  x9:1c002e6e  PA:1c002e6e
26770140ns          455787 1c0094a4 1007c533 p.exths          x10, x15, x0        x10=ffffffd2 x15:0000ffd2
26770160ns          455788 1c0094a8 09d11023 sh               x29, 128(x2)        x29:00000000  x2:10003cd8  PA:10003d58
26770180ns          455789 1c0094ac 0003d483 lhu              x9, 0(x7)            x9=0000fffe  x7:1c002ebe  PA:1c002ebe
26770538ns          455807 1c0094b0 02e80eb3 mul              x29, x16, x14       x29=fffffbd7 x16:fffffffb x14:000000d5
26770558ns          455808 1c0094b4 40a8d893 srai             x17, x17, 0x40a     x17=00000009 x17:0000249c
26770578ns          455809 1c0094b8 03c80833 mul              x16, x16, x28       x16=ffffff24 x16:fffffffb x28:0000002c
26770598ns          455810 1c0094bc 09e11823 sh               x30, 144(x2)        x30:0000fff3  x2:10003cd8  PA:10003d68
26770618ns          455811 1c0094c0 0005d983 lhu              x19, 0(x11)         x19=0000fffe x11:1c002e9e  PA:1c002e9e
26770916ns          455826 1c0094c4 81c88f5b p.muls           x30, x17, x28       x30=0000018c x17:00000009 x28:0000002c
26770936ns          455827 1c0094c8 0002d583 lhu              x11, 0(x5)          x11=0000fffe  x5:1c002eae  PA:1c002eae
26771234ns          455842 1c0094cc 03ce0fb3 mul              x31, x28, x28       x31=00000790 x28:0000002c x28:0000002c
26771254ns          455843 1c0094d0 02e50733 mul              x14, x10, x14       x14=ffffd9ba x10:ffffffd2 x14:000000d5
26771274ns          455844 1c0094d4 40a85813 srai             x16, x16, 0x40a     x16=ffffffff x16:ffffff24
26771294ns          455845 1c0094d8 03c50533 mul              x10, x10, x28       x10=fffff818 x10:ffffffd2 x28:0000002c
26771314ns          455846 1c0094dc 07015e03 lhu              x28, 112(x2)        x28=00000000  x2:10003cd8  PA:10003d48
26771334ns          455847 1c0094e0 01b60633 add              x12, x12, x27       x12=000001df x12:000000d5 x27:0000010a
26771354ns          455848 1c0094e2 00980833 add              x16, x16, x9        x16=0000fffd x16:ffffffff  x9:0000fffe
26771374ns          455849 1c0094e4 06015d83 lhu              x27, 96(x2)         x27=00000004  x2:10003cd8  PA:10003d38
26771393ns          455850 1c0094e8 02812483 lw               x9, 40(x2)           x9=1c002ece  x2:10003cd8  PA:10003d00
26771413ns          455851 1c0094ea 40afdf93 srai             x31, x31, 0x40a     x31=00000001 x31:00000790
26771433ns          455852 1c0094ee 40a55513 srai             x10, x10, 0x40a     x10=fffffffe x10:fffff818
26771453ns          455853 1c0094f0 01cf8fb3 add              x31, x31, x28       x31=00000001 x31:00000001 x28:00000000
26771473ns          455854 1c0094f2 00b50533 add              x10, x10, x11       x10=0000fffc x10:fffffffe x11:0000fffe
26771493ns          455855 1c0094f4 09015e03 lhu              x28, 144(x2)        x28=0000fff3  x2:10003cd8  PA:10003d68
26771513ns          455856 1c0094f8 03012583 lw               x11, 48(x2)         x11=1c002ede  x2:10003cd8  PA:10003d08
26771533ns          455857 1c0094fa 00c49023 sh               x12, 0(x9)          x12:000001df  x9:1c002ece  PA:1c002ece
26771851ns          455873 1c0094fe 01b888b3 add              x17, x17, x27       x17=0000000d x17:00000009 x27:00000004
26771871ns          455874 1c009500 01a30333 add              x6, x6, x26          x6=0000004e  x6:0000002c x26:00000022
26771891ns          455875 1c009502 08015d83 lhu              x27, 128(x2)        x27=00000000  x2:10003cd8  PA:10003d58
26771911ns          455876 1c009506 0000d903 lhu              x18, 0(x1)          x18=0000fff8  x1:1c002e8e  PA:1c002e8e
26772268ns          455894 1c00950a 01c686b3 add              x13, x13, x28       x13=0001ffee x13:0000fffb x28:0000fff3
26772288ns          455895 1c00950c 00659023 sh               x6, 0(x11)           x6:0000004e x11:1c002ede  PA:1c002ede
26772607ns          455911 1c009510 40af5f13 srai             x30, x30, 0x40a     x30=00000000 x30:0000018c
26772626ns          455912 1c009514 04812e03 lw               x28, 72(x2)         x28=1c002f0e  x2:10003cd8  PA:10003d20
26772646ns          455913 1c009516 01bf0f33 add              x30, x30, x27       x30=00000000 x30:00000000 x27:00000000
26772666ns          455914 1c009518 40aede93 srai             x29, x29, 0x40a     x29=fffffffe x29:fffffbd7
26772686ns          455915 1c00951c 40a75713 srai             x14, x14, 0x40a     x14=fffffff6 x14:ffffd9ba
26772706ns          455916 1c00951e 03812603 lw               x12, 56(x2)         x12=1c002eee  x2:10003cd8  PA:10003d10
26772726ns          455917 1c009520 04012d83 lw               x27, 64(x2)         x27=1c002efe  x2:10003cd8  PA:10003d18
26772746ns          455918 1c009522 01ee1023 sh               x30, 0(x28)         x30:00000000 x28:1c002f0e  PA:1c002f0e
26773084ns          455935 1c009526 05812483 lw               x9, 88(x2)           x9=1c002e6e  x2:10003cd8  PA:10003d30
26773104ns          455936 1c009528 05012f03 lw               x30, 80(x2)         x30=1c002e7e  x2:10003cd8  PA:10003d28
26773124ns          455937 1c00952a 0a012583 lw               x11, 160(x2)        x11=1c002e9e  x2:10003cd8  PA:10003d78
26773144ns          455938 1c00952c 014787b3 add              x15, x15, x20       x15=0001ffa0 x15:0000ffd2 x20:0000ffce
26773163ns          455939 1c00952e 013e8eb3 add              x29, x29, x19       x29=0000fffc x29:fffffffe x19:0000fffe
26773183ns          455940 1c009530 01270733 add              x14, x14, x18       x14=0000ffee x14:fffffff6 x18:0000fff8
26773203ns          455941 1c009532 00f49023 sh               x15, 0(x9)          x15:0001ffa0  x9:1c002e6e  PA:1c002e6e
26773521ns          455957 1c009536 01161023 sh               x17, 0(x12)         x17:0000000d x12:1c002eee  PA:1c002eee
26773919ns          455977 1c00953a 01fd9023 sh               x31, 0(x27)         x31:00000001 x27:1c002efe  PA:1c002efe
26774237ns          455993 1c00953e 00df1023 sh               x13, 0(x30)         x13:0001ffee x30:1c002e7e  PA:1c002e7e
26774556ns          456009 1c009542 01d59023 sh               x29, 0(x11)         x29:0000fffc x11:1c002e9e  PA:1c002e9e
26774874ns          456025 1c009546 00e09023 sh               x14, 0(x1)          x14:0000ffee  x1:1c002e8e  PA:1c002e8e
26775192ns          456041 1c00954a 01039023 sh               x16, 0(x7)          x16:0000fffd  x7:1c002ebe  PA:1c002ebe
26775510ns          456057 1c00954e 00a29023 sh               x10, 0(x5)          x10:0000fffc  x5:1c002eae  PA:1c002eae
26775848ns          456074 1c009552 008b0b13 addi             x22, x22, 8         x22=00000027 x22:0000001f
26775868ns          456075 1c009554 1f300793 addi             x15, x0, 499        x15=000001f3
26775888ns          456076 1c009558 e767dae3 bge              x15, x22, -396      x15:000001f3 x22:00000027
26775988ns          456081 1c0093cc 010c9a0b p.lh             x20, 16(x25!)       x20=00000037 x25=1c0026e6 x25:1c0026d6  PA:1c0026d6
26776326ns          456098 1c0093d0 0104198b p.lh             x19, 16(x8!)        x19=ffffff79  x8=1c001eae  x8:1c001e9e  PA:1c001e9e
26776624ns          456113 1c0093d4 2cc10513 addi             x10, x2, 716        x10=10003fa4  x2:10003cd8
26776644ns          456114 1c0093d6 010a990b p.lh             x18, 16(x21!)       x18=0000003b x21=1c0016da x21:1c0016ca  PA:1c0016ca
26776942ns          456129 1c0093da 010b948b p.lh             x9, 16(x23!)         x9=ffffff6d x23=1c000f0a x23:1c000efa  PA:1c000efa
26777240ns          456144 1c0093de 2d411623 sh               x20, 716(x2)        x20:00000037  x2:10003cd8  PA:10003fa4
26777300ns          456147 1c0093e2 2d311723 sh               x19, 718(x2)        x19:ffffff79  x2:10003cd8  PA:10003fa6
26777320ns          456148 1c0093e6 c33ff0ef jal              x1, -974             x1=1c0093e8
26777360ns          456150 1c009018 00051803 lh               x16, 0(x10)         x16=00000037 x10:10003fa4  PA:10003fa4
26777380ns          456151 1c00901c 00251883 lh               x17, 2(x10)         x17=ffffff79 x10:10003fa4  PA:10003fa6
26777400ns          456152 1c009020 030806b3 mul              x13, x16, x16       x13=00000bd1 x16:00000037 x16:00000037
26777419ns          456153 1c009024 03188633 mul              x12, x17, x17       x12=00004731 x17:ffffff79 x17:ffffff79
26777439ns          456154 1c009028 40a65613 srai             x12, x12, 0x40a     x12=00000011 x12:00004731
26777459ns          456155 1c00902a 40a6d693 srai             x13, x13, 0x40a     x13=00000002 x13:00000bd1
26777479ns          456156 1c00902c 00c686b3 add              x13, x13, x12       x13=00000013 x13:00000002 x12:00000011
26777499ns          456157 1c00902e 1006c633 p.exths          x12, x13, x0        x12=00000013 x13:00000013
26777519ns          456158 1c009032 00855703 lhu              x14, 8(x10)         x14=0000ffd1 x10:10003fa4  PA:10003fac
26777539ns          456159 1c009036 00a55683 lhu              x13, 10(x10)        x13=0000ff6a x10:10003fa4  PA:10003fae
26777559ns          456160 1c00903a 02c60333 mul              x6, x12, x12         x6=00000169 x12:00000013 x12:00000013
26777579ns          456161 1c00903e 00c55783 lhu              x15, 12(x10)        x15=0000ffe5 x10:10003fa4  PA:10003fb0
26777598ns          456162 1c009042 00e55583 lhu              x11, 14(x10)        x11=00000060 x10:10003fa4  PA:10003fb2
26777618ns          456163 1c009046 dea30333 p.extract        x6, x6, 15, 10       x6=00000000  x6:00000169
26777638ns          456164 1c00904a 80c7075b p.muls           x14, x14, x12       x14=fffffc83 x14:0000ffd1 x12:00000013
26777678ns          456166 1c00904e 80c686db p.muls           x13, x13, x12       x13=fffff4de x13:0000ff6a x12:00000013
26777718ns          456168 1c009052 00455e83 lhu              x29, 4(x10)         x29=00000427 x10:10003fa4  PA:10003fa8
26777738ns          456169 1c009056 00655e03 lhu              x28, 6(x10)         x28=0000007f x10:10003fa4  PA:10003faa
26777758ns          456170 1c00905a 40a75713 srai             x14, x14, 0x40a     x14=ffffffff x14:fffffc83
26777777ns          456171 1c00905c 806787db p.muls           x15, x15, x6        x15=00000000 x15:0000ffe5  x6:00000000
26777817ns          456173 1c009060 40a6d693 srai             x13, x13, 0x40a     x13=fffffffd x13:fffff4de
26777857ns          456175 1c009062 8065865b p.muls           x12, x11, x6        x12=00000000 x11:00000060  x6:00000000
26777877ns          456176 1c009066 40a7d793 srai             x15, x15, 0x40a     x15=00000000 x15:00000000
26777897ns          456177 1c009068 40a65613 srai             x12, x12, 0x40a     x12=00000000 x12:00000000
26777917ns          456178 1c00906a 01d70733 add              x14, x14, x29       x14=00000426 x14:ffffffff x29:00000427
26777937ns          456179 1c00906c 01c686b3 add              x13, x13, x28       x13=0000007c x13:fffffffd x28:0000007f
26777956ns          456180 1c00906e 00c686b3 add              x13, x13, x12       x13=0000007c x13:0000007c x12:00000000
26777976ns          456181 1c009070 00f70733 add              x14, x14, x15       x14=00000426 x14:00000426 x15:00000000
26777996ns          456182 1c009072 100747b3 p.exths          x15, x14, x0        x15=00000426 x14:00000426
26778016ns          456183 1c009076 1006c733 p.exths          x14, x13, x0        x14=0000007c x13:0000007c
26778036ns          456184 1c00907a 03170633 mul              x12, x14, x17       x12=ffffbe9c x14:0000007c x17:ffffff79
26778056ns          456185 1c00907e 030786b3 mul              x13, x15, x16       x13=0000e42a x15:00000426 x16:00000037
26778076ns          456186 1c009082 03070733 mul              x14, x14, x16       x14=00001aa4 x14:0000007c x16:00000037
26778096ns          456187 1c009086 031787b3 mul              x15, x15, x17       x15=fffdcff6 x15:00000426 x17:ffffff79
26778116ns          456188 1c00908a 40a6d693 srai             x13, x13, 0x40a     x13=00000039 x13:0000e42a
26778135ns          456189 1c00908c 40a65613 srai             x12, x12, 0x40a     x12=ffffffef x12:ffffbe9c
26778155ns          456190 1c00908e 40a7d793 srai             x15, x15, 0x40a     x15=ffffff73 x15:fffdcff6
26778175ns          456191 1c009090 40a75713 srai             x14, x14, 0x40a     x14=00000006 x14:00001aa4
26778195ns          456192 1c009092 40c686b3 sub              x13, x13, x12       x13=0000004a x13:00000039 x12:ffffffef
26778215ns          456193 1c009094 00e787b3 add              x15, x15, x14       x15=ffffff79 x15:ffffff73 x14:00000006
26778235ns          456194 1c009096 00d51823 sh               x13, 16(x10)        x13:0000004a x10:10003fa4  PA:10003fb4
26778295ns          456197 1c00909a 00f51923 sh               x15, 18(x10)        x15:ffffff79 x10:10003fa4  PA:10003fb6
26778314ns          456198 1c00909e 00008067 jalr             x0, x1, 0            x1:1c0093e8
26778354ns          456200 1c0093e8 2dc15583 lhu              x11, 732(x2)        x11=0000004a  x2:10003cd8  PA:10003fb4
26778374ns          456201 1c0093ec 2de15783 lhu              x15, 734(x2)        x15=0000ff79  x2:10003cd8  PA:10003fb6
26778394ns          456202 1c0093f0 40b90933 sub              x18, x18, x11       x18=fffffff1 x18:0000003b x11:0000004a
26778414ns          456203 1c0093f4 40f484b3 sub              x9, x9, x15          x9=fffefff4  x9:ffffff6d x15:0000ff79
26778434ns          456204 1c0093f6 100945b3 p.exths          x11, x18, x0        x11=fffffff1 x18:fffffff1
26778454ns          456205 1c0093fa 1004c7b3 p.exths          x15, x9, x0         x15=fffffff4  x9:fffefff4
26778474ns          456206 1c0093fe 034586b3 mul              x13, x11, x20       x13=fffffcc7 x11:fffffff1 x20:00000037
26778493ns          456207 1c009402 03378533 mul              x10, x15, x19       x10=00000654 x15:fffffff4 x19:ffffff79
26778513ns          456208 1c009406 034a0633 mul              x12, x20, x20       x12=00000bd1 x20:00000037 x20:00000037
26778533ns          456209 1c00940a 03398733 mul              x14, x19, x19       x14=00004731 x19:ffffff79 x19:ffffff79
26778593ns          456212 1c00940e 034787b3 mul              x15, x15, x20       x15=fffffd6c x15:fffffff4 x20:00000037
26778633ns          456214 1c009412 033585b3 mul              x11, x11, x19       x11=000007e9 x11:fffffff1 x19:ffffff79
26778653ns          456215 1c009416 40a75713 srai             x14, x14, 0x40a     x14=00000011 x14:00004731
26778672ns          456216 1c009418 40a5d593 srai             x11, x11, 0x40a     x11=00000001 x11:000007e9
26778692ns          456217 1c00941a 40a65613 srai             x12, x12, 0x40a     x12=00000002 x12:00000bd1
26778712ns          456218 1c00941c 40a7d793 srai             x15, x15, 0x40a     x15=ffffffff x15:fffffd6c
26778732ns          456219 1c00941e 1c0034b7 lui              x9, 0x1c003000       x9=1c003000
26778752ns          456220 1c009422 00e60633 add              x12, x12, x14       x12=00000013 x12:00000002 x14:00000011
26778772ns          456221 1c009424 40b787b3 sub              x15, x15, x11       x15=fffffffe x15:ffffffff x11:00000001
26778792ns          456222 1c009426 eb048493 addi             x9, x9, -336         x9=1c002eb0  x9:1c003000
26778812ns          456223 1c00942a 1c0032b7 lui              x5, 0x1c003000       x5=1c003000
26778832ns          456224 1c00942e 1c0035b7 lui              x11, 0x1c003000     x11=1c003000
26778851ns          456225 1c009432 018483b3 add              x7, x9, x24          x7=1c002ebe  x9:1c002eb0 x24:0000000e
26778871ns          456226 1c009436 02812e83 lw               x29, 40(x2)         x29=1c002ece  x2:10003cd8  PA:10003d00
26778891ns          456227 1c009438 10065633 p.exthz          x12, x12, x0        x12=00000013 x12:00000013
26778911ns          456228 1c00943c e8028293 addi             x5, x5, -384         x5=1c002e80  x5:1c003000
26778931ns          456229 1c009440 ea058593 addi             x11, x11, -352      x11=1c002ea0 x11:1c003000
26778951ns          456230 1c009444 03812483 lw               x9, 56(x2)           x9=1c002eee  x2:10003cd8  PA:10003d10
26778971ns          456231 1c009446 10064733 p.exths          x14, x12, x0        x14=00000013 x12:00000013
26778991ns          456232 1c00944a 018280b3 add              x1, x5, x24          x1=1c002e8e  x5:1c002e80 x24:0000000e
26779011ns          456233 1c00944e 03012f03 lw               x30, 48(x2)         x30=1c002ede  x2:10003cd8  PA:10003d08
26779030ns          456234 1c009450 018582b3 add              x5, x11, x24         x5=1c002eae x11:1c002ea0 x24:0000000e
26779050ns          456235 1c009454 04012583 lw               x11, 64(x2)         x11=1c002efe  x2:10003cd8  PA:10003d18
26779070ns          456236 1c009456 000edd83 lhu              x27, 0(x29)         x27=000001df x29:1c002ece  PA:1c002ece
26779428ns          456254 1c00945a 0004d483 lhu              x9, 0(x9)            x9=0000000d  x9:1c002eee  PA:1c002eee
26779766ns          456271 1c00945e 02e70333 mul              x6, x14, x14         x6=00000169 x14:00000013 x14:00000013
26779786ns          456272 1c009462 40a55513 srai             x10, x10, 0x40a     x10=00000001 x10:00000654
26779806ns          456273 1c009464 04812e83 lw               x29, 72(x2)         x29=1c002f0e  x2:10003cd8  PA:10003d20
26779826ns          456274 1c009466 40a6d693 srai             x13, x13, 0x40a     x13=ffffffff x13:fffffcc7
26779846ns          456275 1c009468 000f5d03 lhu              x26, 0(x30)         x26=0000004e x30:1c002ede  PA:1c002ede
26780204ns          456293 1c00946c 0005d583 lhu              x11, 0(x11)         x11=00000001 x11:1c002efe  PA:1c002efe
26780522ns          456309 1c009470 40a35313 srai             x6, x6, 0x40a        x6=00000000  x6:00000169
26780542ns          456310 1c009474 00a686b3 add              x13, x13, x10       x13=00000000 x13:ffffffff x10:00000001
26780562ns          456311 1c009476 05012f03 lw               x30, 80(x2)         x30=1c002e7e  x2:10003cd8  PA:10003d28
26780582ns          456312 1c009478 10034e33 p.exths          x28, x6, x0         x28=00000000  x6:00000000
26780602ns          456313 1c00947c 06911023 sh               x9, 96(x2)           x9:0000000d  x2:10003cd8  PA:10003d38
26780621ns          456314 1c009480 000ede83 lhu              x29, 0(x29)         x29=00000000 x29:1c002f0e  PA:1c002f0e
26780920ns          456329 1c009484 05812483 lw               x9, 88(x2)           x9=1c002e6e  x2:10003cd8  PA:10003d30
26780940ns          456330 1c009486 1006d6b3 p.exthz          x13, x13, x0        x13=00000000 x13:00000000
26780960ns          456331 1c00948a 02ee08b3 mul              x17, x28, x14       x17=00000000 x28:00000000 x14:00000013
26780979ns          456332 1c00948e 1006c833 p.exths          x16, x13, x0        x16=00000000 x13:00000000
26780999ns          456333 1c009492 06b11823 sh               x11, 112(x2)        x11:00000001  x2:10003cd8  PA:10003d48
26781019ns          456334 1c009496 000f5f03 lhu              x30, 0(x30)         x30=0000ffee x30:1c002e7e  PA:1c002e7e
26781397ns          456353 1c00949a 0a012583 lw               x11, 160(x2)        x11=1c002e9e  x2:10003cd8  PA:10003d78
26781417ns          456354 1c00949c 1007d7b3 p.exthz          x15, x15, x0        x15=0000fffe x15:fffffffe
26781437ns          456355 1c0094a0 0004da03 lhu              x20, 0(x9)          x20=0000ffa0  x9:1c002e6e  PA:1c002e6e
26781795ns          456373 1c0094a4 1007c533 p.exths          x10, x15, x0        x10=fffffffe x15:0000fffe
26781815ns          456374 1c0094a8 09d11023 sh               x29, 128(x2)        x29:00000000  x2:10003cd8  PA:10003d58
26781835ns          456375 1c0094ac 0003d483 lhu              x9, 0(x7)            x9=0000fffd  x7:1c002ebe  PA:1c002ebe
26782133ns          456390 1c0094b0 02e80eb3 mul              x29, x16, x14       x29=00000000 x16:00000000 x14:00000013
26782153ns          456391 1c0094b4 40a8d893 srai             x17, x17, 0x40a     x17=00000000 x17:00000000
26782173ns          456392 1c0094b8 03c80833 mul              x16, x16, x28       x16=00000000 x16:00000000 x28:00000000
26782193ns          456393 1c0094bc 09e11823 sh               x30, 144(x2)        x30:0000ffee  x2:10003cd8  PA:10003d68
26782212ns          456394 1c0094c0 0005d983 lhu              x19, 0(x11)         x19=0000fffc x11:1c002e9e  PA:1c002e9e
26782511ns          456409 1c0094c4 81c88f5b p.muls           x30, x17, x28       x30=00000000 x17:00000000 x28:00000000
26782531ns          456410 1c0094c8 0002d583 lhu              x11, 0(x5)          x11=0000fffc  x5:1c002eae  PA:1c002eae
26782849ns          456426 1c0094cc 03ce0fb3 mul              x31, x28, x28       x31=00000000 x28:00000000 x28:00000000
26782869ns          456427 1c0094d0 02e50733 mul              x14, x10, x14       x14=ffffffda x10:fffffffe x14:00000013
26782889ns          456428 1c0094d4 40a85813 srai             x16, x16, 0x40a     x16=00000000 x16:00000000
26782909ns          456429 1c0094d8 03c50533 mul              x10, x10, x28       x10=00000000 x10:fffffffe x28:00000000
26782928ns          456430 1c0094dc 07015e03 lhu              x28, 112(x2)        x28=00000001  x2:10003cd8  PA:10003d48
26782968ns          456432 1c0094e0 01b60633 add              x12, x12, x27       x12=000001f2 x12:00000013 x27:000001df
26782988ns          456433 1c0094e2 00980833 add              x16, x16, x9        x16=0000fffd x16:00000000  x9:0000fffd
26783008ns          456434 1c0094e4 06015d83 lhu              x27, 96(x2)         x27=0000000d  x2:10003cd8  PA:10003d38
26783028ns          456435 1c0094e8 02812483 lw               x9, 40(x2)           x9=1c002ece  x2:10003cd8  PA:10003d00
26783048ns          456436 1c0094ea 40afdf93 srai             x31, x31, 0x40a     x31=00000000 x31:00000000
26783068ns          456437 1c0094ee 40a55513 srai             x10, x10, 0x40a     x10=00000000 x10:00000000
26783088ns          456438 1c0094f0 01cf8fb3 add              x31, x31, x28       x31=00000001 x31:00000000 x28:00000001
26783107ns          456439 1c0094f2 00b50533 add              x10, x10, x11       x10=0000fffc x10:00000000 x11:0000fffc
26783127ns          456440 1c0094f4 09015e03 lhu              x28, 144(x2)        x28=0000ffee  x2:10003cd8  PA:10003d68
26783147ns          456441 1c0094f8 03012583 lw               x11, 48(x2)         x11=1c002ede  x2:10003cd8  PA:10003d08
26783167ns          456442 1c0094fa 00c49023 sh               x12, 0(x9)          x12:000001f2  x9:1c002ece  PA:1c002ece
26783485ns          456458 1c0094fe 01b888b3 add              x17, x17, x27       x17=0000000d x17:00000000 x27:0000000d
26783505ns          456459 1c009500 01a30333 add              x6, x6, x26          x6=0000004e  x6:00000000 x26:0000004e
26783525ns          456460 1c009502 08015d83 lhu              x27, 128(x2)        x27=00000000  x2:10003cd8  PA:10003d58
26783545ns          456461 1c009506 0000d903 lhu              x18, 0(x1)          x18=0000ffee  x1:1c002e8e  PA:1c002e8e
26783863ns          456477 1c00950a 01c686b3 add              x13, x13, x28       x13=0000ffee x13:00000000 x28:0000ffee
26783883ns          456478 1c00950c 00659023 sh               x6, 0(x11)           x6:0000004e x11:1c002ede  PA:1c002ede
26784201ns          456494 1c009510 40af5f13 srai             x30, x30, 0x40a     x30=00000000 x30:00000000
26784221ns          456495 1c009514 04812e03 lw               x28, 72(x2)         x28=1c002f0e  x2:10003cd8  PA:10003d20
26784241ns          456496 1c009516 01bf0f33 add              x30, x30, x27       x30=00000000 x30:00000000 x27:00000000
26784261ns          456497 1c009518 40aede93 srai             x29, x29, 0x40a     x29=00000000 x29:00000000
26784281ns          456498 1c00951c 40a75713 srai             x14, x14, 0x40a     x14=ffffffff x14:ffffffda
26784301ns          456499 1c00951e 03812603 lw               x12, 56(x2)         x12=1c002eee  x2:10003cd8  PA:10003d10
26784321ns          456500 1c009520 04012d83 lw               x27, 64(x2)         x27=1c002efe  x2:10003cd8  PA:10003d18
26784341ns          456501 1c009522 01ee1023 sh               x30, 0(x28)         x30:00000000 x28:1c002f0e  PA:1c002f0e
26784659ns          456517 1c009526 05812483 lw               x9, 88(x2)           x9=1c002e6e  x2:10003cd8  PA:10003d30
26784679ns          456518 1c009528 05012f03 lw               x30, 80(x2)         x30=1c002e7e  x2:10003cd8  PA:10003d28
26784698ns          456519 1c00952a 0a012583 lw               x11, 160(x2)        x11=1c002e9e  x2:10003cd8  PA:10003d78
26784718ns          456520 1c00952c 014787b3 add              x15, x15, x20       x15=0001ff9e x15:0000fffe x20:0000ffa0
26784738ns          456521 1c00952e 013e8eb3 add              x29, x29, x19       x29=0000fffc x29:00000000 x19:0000fffc
26784758ns          456522 1c009530 01270733 add              x14, x14, x18       x14=0000ffed x14:ffffffff x18:0000ffee
26784778ns          456523 1c009532 00f49023 sh               x15, 0(x9)          x15:0001ff9e  x9:1c002e6e  PA:1c002e6e
26785116ns          456540 1c009536 01161023 sh               x17, 0(x12)         x17:0000000d x12:1c002eee  PA:1c002eee
26785434ns          456556 1c00953a 01fd9023 sh               x31, 0(x27)         x31:00000001 x27:1c002efe  PA:1c002efe
26785753ns          456572 1c00953e 00df1023 sh               x13, 0(x30)         x13:0000ffee x30:1c002e7e  PA:1c002e7e
26786071ns          456588 1c009542 01d59023 sh               x29, 0(x11)         x29:0000fffc x11:1c002e9e  PA:1c002e9e
26786389ns          456604 1c009546 00e09023 sh               x14, 0(x1)          x14:0000ffed  x1:1c002e8e  PA:1c002e8e
26786727ns          456621 1c00954a 01039023 sh               x16, 0(x7)          x16:0000fffd  x7:1c002ebe  PA:1c002ebe
26787045ns          456637 1c00954e 00a29023 sh               x10, 0(x5)          x10:0000fffc  x5:1c002eae  PA:1c002eae
26787363ns          456653 1c009552 008b0b13 addi             x22, x22, 8         x22=0000002f x22:00000027
26787383ns          456654 1c009554 1f300793 addi             x15, x0, 499        x15=000001f3
26787403ns          456655 1c009558 e767dae3 bge              x15, x22, -396      x15:000001f3 x22:0000002f
26787503ns          456660 1c0093cc 010c9a0b p.lh             x20, 16(x25!)       x20=000000d5 x25=1c0026f6 x25:1c0026e6  PA:1c0026e6
26787980ns          456684 1c0093d0 0104198b p.lh             x19, 16(x8!)        x19=00000035  x8=1c001ebe  x8:1c001eae  PA:1c001eae
26788298ns          456700 1c0093d4 2cc10513 addi             x10, x2, 716        x10=10003fa4  x2:10003cd8
26788318ns          456701 1c0093d6 010a990b p.lh             x18, 16(x21!)       x18=000000d1 x21=1c0016ea x21:1c0016da  PA:1c0016da
26788616ns          456716 1c0093da 010b948b p.lh             x9, 16(x23!)         x9=0000002d x23=1c000f1a x23:1c000f0a  PA:1c000f0a
26788915ns          456731 1c0093de 2d411623 sh               x20, 716(x2)        x20:000000d5  x2:10003cd8  PA:10003fa4
26788974ns          456734 1c0093e2 2d311723 sh               x19, 718(x2)        x19:00000035  x2:10003cd8  PA:10003fa6
26788994ns          456735 1c0093e6 c33ff0ef jal              x1, -974             x1=1c0093e8
26789034ns          456737 1c009018 00051803 lh               x16, 0(x10)         x16=000000d5 x10:10003fa4  PA:10003fa4
26789054ns          456738 1c00901c 00251883 lh               x17, 2(x10)         x17=00000035 x10:10003fa4  PA:10003fa6
26789114ns          456741 1c009020 030806b3 mul              x13, x16, x16       x13=0000b139 x16:000000d5 x16:000000d5
26789153ns          456743 1c009024 03188633 mul              x12, x17, x17       x12=00000af9 x17:00000035 x17:00000035
26789173ns          456744 1c009028 40a65613 srai             x12, x12, 0x40a     x12=00000002 x12:00000af9
26789193ns          456745 1c00902a 40a6d693 srai             x13, x13, 0x40a     x13=0000002c x13:0000b139
26789213ns          456746 1c00902c 00c686b3 add              x13, x13, x12       x13=0000002e x13:0000002c x12:00000002
26789233ns          456747 1c00902e 1006c633 p.exths          x12, x13, x0        x12=0000002e x13:0000002e
26789253ns          456748 1c009032 00855703 lhu              x14, 8(x10)         x14=0000ffd1 x10:10003fa4  PA:10003fac
26789273ns          456749 1c009036 00a55683 lhu              x13, 10(x10)        x13=0000ff6a x10:10003fa4  PA:10003fae
26789293ns          456750 1c00903a 02c60333 mul              x6, x12, x12         x6=00000844 x12:0000002e x12:0000002e
26789313ns          456751 1c00903e 00c55783 lhu              x15, 12(x10)        x15=0000ffe5 x10:10003fa4  PA:10003fb0
26789332ns          456752 1c009042 00e55583 lhu              x11, 14(x10)        x11=00000060 x10:10003fa4  PA:10003fb2
26789352ns          456753 1c009046 dea30333 p.extract        x6, x6, 15, 10       x6=00000002  x6:00000844
26789372ns          456754 1c00904a 80c7075b p.muls           x14, x14, x12       x14=fffff78e x14:0000ffd1 x12:0000002e
26789392ns          456755 1c00904e 80c686db p.muls           x13, x13, x12       x13=ffffe50c x13:0000ff6a x12:0000002e
26789412ns          456756 1c009052 00455e83 lhu              x29, 4(x10)         x29=00000427 x10:10003fa4  PA:10003fa8
26789432ns          456757 1c009056 00655e03 lhu              x28, 6(x10)         x28=0000007f x10:10003fa4  PA:10003faa
26789452ns          456758 1c00905a 40a75713 srai             x14, x14, 0x40a     x14=fffffffd x14:fffff78e
26789472ns          456759 1c00905c 806787db p.muls           x15, x15, x6        x15=ffffffca x15:0000ffe5  x6:00000002
26789492ns          456760 1c009060 40a6d693 srai             x13, x13, 0x40a     x13=fffffff9 x13:ffffe50c
26789511ns          456761 1c009062 8065865b p.muls           x12, x11, x6        x12=000000c0 x11:00000060  x6:00000002
26789531ns          456762 1c009066 40a7d793 srai             x15, x15, 0x40a     x15=ffffffff x15:ffffffca
26789551ns          456763 1c009068 40a65613 srai             x12, x12, 0x40a     x12=00000000 x12:000000c0
26789571ns          456764 1c00906a 01d70733 add              x14, x14, x29       x14=00000424 x14:fffffffd x29:00000427
26789591ns          456765 1c00906c 01c686b3 add              x13, x13, x28       x13=00000078 x13:fffffff9 x28:0000007f
26789611ns          456766 1c00906e 00c686b3 add              x13, x13, x12       x13=00000078 x13:00000078 x12:00000000
26789631ns          456767 1c009070 00f70733 add              x14, x14, x15       x14=00000423 x14:00000424 x15:ffffffff
26789651ns          456768 1c009072 100747b3 p.exths          x15, x14, x0        x15=00000423 x14:00000423
26789670ns          456769 1c009076 1006c733 p.exths          x14, x13, x0        x14=00000078 x13:00000078
26789690ns          456770 1c00907a 03170633 mul              x12, x14, x17       x12=000018d8 x14:00000078 x17:00000035
26789710ns          456771 1c00907e 030786b3 mul              x13, x15, x16       x13=0003711f x15:00000423 x16:000000d5
26789730ns          456772 1c009082 03070733 mul              x14, x14, x16       x14=000063d8 x14:00000078 x16:000000d5
26789750ns          456773 1c009086 031787b3 mul              x15, x15, x17       x15=0000db3f x15:00000423 x17:00000035
26789770ns          456774 1c00908a 40a6d693 srai             x13, x13, 0x40a     x13=000000dc x13:0003711f
26789790ns          456775 1c00908c 40a65613 srai             x12, x12, 0x40a     x12=00000006 x12:000018d8
26789810ns          456776 1c00908e 40a7d793 srai             x15, x15, 0x40a     x15=00000036 x15:0000db3f
26789830ns          456777 1c009090 40a75713 srai             x14, x14, 0x40a     x14=00000018 x14:000063d8
26789849ns          456778 1c009092 40c686b3 sub              x13, x13, x12       x13=000000d6 x13:000000dc x12:00000006
26789869ns          456779 1c009094 00e787b3 add              x15, x15, x14       x15=0000004e x15:00000036 x14:00000018
26789889ns          456780 1c009096 00d51823 sh               x13, 16(x10)        x13:000000d6 x10:10003fa4  PA:10003fb4
26789909ns          456781 1c00909a 00f51923 sh               x15, 18(x10)        x15:0000004e x10:10003fa4  PA:10003fb6
26789929ns          456782 1c00909e 00008067 jalr             x0, x1, 0            x1:1c0093e8
26789969ns          456784 1c0093e8 2dc15583 lhu              x11, 732(x2)        x11=000000d6  x2:10003cd8  PA:10003fb4
26789989ns          456785 1c0093ec 2de15783 lhu              x15, 734(x2)        x15=0000004e  x2:10003cd8  PA:10003fb6
26790009ns          456786 1c0093f0 40b90933 sub              x18, x18, x11       x18=fffffffb x18:000000d1 x11:000000d6
26790028ns          456787 1c0093f4 40f484b3 sub              x9, x9, x15          x9=ffffffdf  x9:0000002d x15:0000004e
26790048ns          456788 1c0093f6 100945b3 p.exths          x11, x18, x0        x11=fffffffb x18:fffffffb
26790068ns          456789 1c0093fa 1004c7b3 p.exths          x15, x9, x0         x15=ffffffdf  x9:ffffffdf
26790088ns          456790 1c0093fe 034586b3 mul              x13, x11, x20       x13=fffffbd7 x11:fffffffb x20:000000d5
26790108ns          456791 1c009402 03378533 mul              x10, x15, x19       x10=fffff92b x15:ffffffdf x19:00000035
26790128ns          456792 1c009406 034a0633 mul              x12, x20, x20       x12=0000b139 x20:000000d5 x20:000000d5
26790148ns          456793 1c00940a 03398733 mul              x14, x19, x19       x14=00000af9 x19:00000035 x19:00000035
26790168ns          456794 1c00940e 034787b3 mul              x15, x15, x20       x15=ffffe48b x15:ffffffdf x20:000000d5
26790188ns          456795 1c009412 033585b3 mul              x11, x11, x19       x11=fffffef7 x11:fffffffb x19:00000035
26790207ns          456796 1c009416 40a75713 srai             x14, x14, 0x40a     x14=00000002 x14:00000af9
26790227ns          456797 1c009418 40a5d593 srai             x11, x11, 0x40a     x11=ffffffff x11:fffffef7
26790247ns          456798 1c00941a 40a65613 srai             x12, x12, 0x40a     x12=0000002c x12:0000b139
26790267ns          456799 1c00941c 40a7d793 srai             x15, x15, 0x40a     x15=fffffff9 x15:ffffe48b
26790287ns          456800 1c00941e 1c0034b7 lui              x9, 0x1c003000       x9=1c003000
26790307ns          456801 1c009422 00e60633 add              x12, x12, x14       x12=0000002e x12:0000002c x14:00000002
26790327ns          456802 1c009424 40b787b3 sub              x15, x15, x11       x15=fffffffa x15:fffffff9 x11:ffffffff
26790347ns          456803 1c009426 eb048493 addi             x9, x9, -336         x9=1c002eb0  x9:1c003000
26790367ns          456804 1c00942a 1c0032b7 lui              x5, 0x1c003000       x5=1c003000
26790386ns          456805 1c00942e 1c0035b7 lui              x11, 0x1c003000     x11=1c003000
26790406ns          456806 1c009432 018483b3 add              x7, x9, x24          x7=1c002ebe  x9:1c002eb0 x24:0000000e
26790426ns          456807 1c009436 02812e83 lw               x29, 40(x2)         x29=1c002ece  x2:10003cd8  PA:10003d00
26790446ns          456808 1c009438 10065633 p.exthz          x12, x12, x0        x12=0000002e x12:0000002e
26790466ns          456809 1c00943c e8028293 addi             x5, x5, -384         x5=1c002e80  x5:1c003000
26790486ns          456810 1c009440 ea058593 addi             x11, x11, -352      x11=1c002ea0 x11:1c003000
26790526ns          456812 1c009444 03812483 lw               x9, 56(x2)           x9=1c002eee  x2:10003cd8  PA:10003d10
26790546ns          456813 1c009446 10064733 p.exths          x14, x12, x0        x14=0000002e x12:0000002e
26790565ns          456814 1c00944a 018280b3 add              x1, x5, x24          x1=1c002e8e  x5:1c002e80 x24:0000000e
26790585ns          456815 1c00944e 03012f03 lw               x30, 48(x2)         x30=1c002ede  x2:10003cd8  PA:10003d08
26790605ns          456816 1c009450 018582b3 add              x5, x11, x24         x5=1c002eae x11:1c002ea0 x24:0000000e
26790625ns          456817 1c009454 04012583 lw               x11, 64(x2)         x11=1c002efe  x2:10003cd8  PA:10003d18
26790645ns          456818 1c009456 000edd83 lhu              x27, 0(x29)         x27=000001f2 x29:1c002ece  PA:1c002ece
26790963ns          456834 1c00945a 0004d483 lhu              x9, 0(x9)            x9=0000000d  x9:1c002eee  PA:1c002eee
26791321ns          456852 1c00945e 02e70333 mul              x6, x14, x14         x6=00000844 x14:0000002e x14:0000002e
26791341ns          456853 1c009462 40a55513 srai             x10, x10, 0x40a     x10=fffffffe x10:fffff92b
26791361ns          456854 1c009464 04812e83 lw               x29, 72(x2)         x29=1c002f0e  x2:10003cd8  PA:10003d20
26791381ns          456855 1c009466 40a6d693 srai             x13, x13, 0x40a     x13=fffffffe x13:fffffbd7
26791401ns          456856 1c009468 000f5d03 lhu              x26, 0(x30)         x26=0000004e x30:1c002ede  PA:1c002ede
26791699ns          456871 1c00946c 0005d583 lhu              x11, 0(x11)         x11=00000001 x11:1c002efe  PA:1c002efe
26791997ns          456886 1c009470 40a35313 srai             x6, x6, 0x40a        x6=00000002  x6:00000844
26792017ns          456887 1c009474 00a686b3 add              x13, x13, x10       x13=fffffffc x13:fffffffe x10:fffffffe
26792037ns          456888 1c009476 05012f03 lw               x30, 80(x2)         x30=1c002e7e  x2:10003cd8  PA:10003d28
26792057ns          456889 1c009478 10034e33 p.exths          x28, x6, x0         x28=00000002  x6:00000002
26792077ns          456890 1c00947c 06911023 sh               x9, 96(x2)           x9:0000000d  x2:10003cd8  PA:10003d38
26792097ns          456891 1c009480 000ede83 lhu              x29, 0(x29)         x29=00000000 x29:1c002f0e  PA:1c002f0e
26792395ns          456906 1c009484 05812483 lw               x9, 88(x2)           x9=1c002e6e  x2:10003cd8  PA:10003d30
26792415ns          456907 1c009486 1006d6b3 p.exthz          x13, x13, x0        x13=0000fffc x13:fffffffc
26792435ns          456908 1c00948a 02ee08b3 mul              x17, x28, x14       x17=0000005c x28:00000002 x14:0000002e
26792455ns          456909 1c00948e 1006c833 p.exths          x16, x13, x0        x16=fffffffc x13:0000fffc
26792475ns          456910 1c009492 06b11823 sh               x11, 112(x2)        x11:00000001  x2:10003cd8  PA:10003d48
26792495ns          456911 1c009496 000f5f03 lhu              x30, 0(x30)         x30=0000ffee x30:1c002e7e  PA:1c002e7e
26792793ns          456926 1c00949a 0a012583 lw               x11, 160(x2)        x11=1c002e9e  x2:10003cd8  PA:10003d78
26792813ns          456927 1c00949c 1007d7b3 p.exthz          x15, x15, x0        x15=0000fffa x15:fffffffa
26792833ns          456928 1c0094a0 0004da03 lhu              x20, 0(x9)          x20=0000ff9e  x9:1c002e6e  PA:1c002e6e
26793151ns          456944 1c0094a4 1007c533 p.exths          x10, x15, x0        x10=fffffffa x15:0000fffa
26793171ns          456945 1c0094a8 09d11023 sh               x29, 128(x2)        x29:00000000  x2:10003cd8  PA:10003d58
26793191ns          456946 1c0094ac 0003d483 lhu              x9, 0(x7)            x9=0000fffd  x7:1c002ebe  PA:1c002ebe
26793489ns          456961 1c0094b0 02e80eb3 mul              x29, x16, x14       x29=ffffff48 x16:fffffffc x14:0000002e
26793509ns          456962 1c0094b4 40a8d893 srai             x17, x17, 0x40a     x17=00000000 x17:0000005c
26793529ns          456963 1c0094b8 03c80833 mul              x16, x16, x28       x16=fffffff8 x16:fffffffc x28:00000002
26793549ns          456964 1c0094bc 09e11823 sh               x30, 144(x2)        x30:0000ffee  x2:10003cd8  PA:10003d68
26793569ns          456965 1c0094c0 0005d983 lhu              x19, 0(x11)         x19=0000fffc x11:1c002e9e  PA:1c002e9e
26793867ns          456980 1c0094c4 81c88f5b p.muls           x30, x17, x28       x30=00000000 x17:00000000 x28:00000002
26793887ns          456981 1c0094c8 0002d583 lhu              x11, 0(x5)          x11=0000fffc  x5:1c002eae  PA:1c002eae
26794205ns          456997 1c0094cc 03ce0fb3 mul              x31, x28, x28       x31=00000004 x28:00000002 x28:00000002
26794225ns          456998 1c0094d0 02e50733 mul              x14, x10, x14       x14=fffffeec x10:fffffffa x14:0000002e
26794245ns          456999 1c0094d4 40a85813 srai             x16, x16, 0x40a     x16=ffffffff x16:fffffff8
26794265ns          457000 1c0094d8 03c50533 mul              x10, x10, x28       x10=fffffff4 x10:fffffffa x28:00000002
26794285ns          457001 1c0094dc 07015e03 lhu              x28, 112(x2)        x28=00000001  x2:10003cd8  PA:10003d48
26794324ns          457003 1c0094e0 01b60633 add              x12, x12, x27       x12=00000220 x12:0000002e x27:000001f2
26794344ns          457004 1c0094e2 00980833 add              x16, x16, x9        x16=0000fffc x16:ffffffff  x9:0000fffd
26794364ns          457005 1c0094e4 06015d83 lhu              x27, 96(x2)         x27=0000000d  x2:10003cd8  PA:10003d38
26794384ns          457006 1c0094e8 02812483 lw               x9, 40(x2)           x9=1c002ece  x2:10003cd8  PA:10003d00
26794404ns          457007 1c0094ea 40afdf93 srai             x31, x31, 0x40a     x31=00000000 x31:00000004
26794424ns          457008 1c0094ee 40a55513 srai             x10, x10, 0x40a     x10=ffffffff x10:fffffff4
26794444ns          457009 1c0094f0 01cf8fb3 add              x31, x31, x28       x31=00000001 x31:00000000 x28:00000001
26794464ns          457010 1c0094f2 00b50533 add              x10, x10, x11       x10=0000fffb x10:ffffffff x11:0000fffc
26794483ns          457011 1c0094f4 09015e03 lhu              x28, 144(x2)        x28=0000ffee  x2:10003cd8  PA:10003d68
26794503ns          457012 1c0094f8 03012583 lw               x11, 48(x2)         x11=1c002ede  x2:10003cd8  PA:10003d08
26794523ns          457013 1c0094fa 00c49023 sh               x12, 0(x9)          x12:00000220  x9:1c002ece  PA:1c002ece
26794841ns          457029 1c0094fe 01b888b3 add              x17, x17, x27       x17=0000000d x17:00000000 x27:0000000d
26794861ns          457030 1c009500 01a30333 add              x6, x6, x26          x6=00000050  x6:00000002 x26:0000004e
26794881ns          457031 1c009502 08015d83 lhu              x27, 128(x2)        x27=00000000  x2:10003cd8  PA:10003d58
26794901ns          457032 1c009506 0000d903 lhu              x18, 0(x1)          x18=0000ffed  x1:1c002e8e  PA:1c002e8e
26795239ns          457049 1c00950a 01c686b3 add              x13, x13, x28       x13=0001ffea x13:0000fffc x28:0000ffee
26795259ns          457050 1c00950c 00659023 sh               x6, 0(x11)           x6:00000050 x11:1c002ede  PA:1c002ede
26795577ns          457066 1c009510 40af5f13 srai             x30, x30, 0x40a     x30=00000000 x30:00000000
26795597ns          457067 1c009514 04812e03 lw               x28, 72(x2)         x28=1c002f0e  x2:10003cd8  PA:10003d20
26795617ns          457068 1c009516 01bf0f33 add              x30, x30, x27       x30=00000000 x30:00000000 x27:00000000
26795637ns          457069 1c009518 40aede93 srai             x29, x29, 0x40a     x29=ffffffff x29:ffffff48
26795657ns          457070 1c00951c 40a75713 srai             x14, x14, 0x40a     x14=ffffffff x14:fffffeec
26795677ns          457071 1c00951e 03812603 lw               x12, 56(x2)         x12=1c002eee  x2:10003cd8  PA:10003d10
26795697ns          457072 1c009520 04012d83 lw               x27, 64(x2)         x27=1c002efe  x2:10003cd8  PA:10003d18
26795716ns          457073 1c009522 01ee1023 sh               x30, 0(x28)         x30:00000000 x28:1c002f0e  PA:1c002f0e
26796094ns          457092 1c009526 05812483 lw               x9, 88(x2)           x9=1c002e6e  x2:10003cd8  PA:10003d30
26796114ns          457093 1c009528 05012f03 lw               x30, 80(x2)         x30=1c002e7e  x2:10003cd8  PA:10003d28
26796134ns          457094 1c00952a 0a012583 lw               x11, 160(x2)        x11=1c002e9e  x2:10003cd8  PA:10003d78
26796154ns          457095 1c00952c 014787b3 add              x15, x15, x20       x15=0001ff98 x15:0000fffa x20:0000ff9e
26796174ns          457096 1c00952e 013e8eb3 add              x29, x29, x19       x29=0000fffb x29:ffffffff x19:0000fffc
26796194ns          457097 1c009530 01270733 add              x14, x14, x18       x14=0000ffec x14:ffffffff x18:0000ffed
26796214ns          457098 1c009532 00f49023 sh               x15, 0(x9)          x15:0001ff98  x9:1c002e6e  PA:1c002e6e
26796552ns          457115 1c009536 01161023 sh               x17, 0(x12)         x17:0000000d x12:1c002eee  PA:1c002eee
26796910ns          457133 1c00953a 01fd9023 sh               x31, 0(x27)         x31:00000001 x27:1c002efe  PA:1c002efe
26797228ns          457149 1c00953e 00df1023 sh               x13, 0(x30)         x13:0001ffea x30:1c002e7e  PA:1c002e7e
26797546ns          457165 1c009542 01d59023 sh               x29, 0(x11)         x29:0000fffb x11:1c002e9e  PA:1c002e9e
26797864ns          457181 1c009546 00e09023 sh               x14, 0(x1)          x14:0000ffec  x1:1c002e8e  PA:1c002e8e
26798183ns          457197 1c00954a 01039023 sh               x16, 0(x7)          x16:0000fffc  x7:1c002ebe  PA:1c002ebe
26798521ns          457214 1c00954e 00a29023 sh               x10, 0(x5)          x10:0000fffb  x5:1c002eae  PA:1c002eae
26798839ns          457230 1c009552 008b0b13 addi             x22, x22, 8         x22=00000037 x22:0000002f
26798859ns          457231 1c009554 1f300793 addi             x15, x0, 499        x15=000001f3
26798879ns          457232 1c009558 e767dae3 bge              x15, x22, -396      x15:000001f3 x22:00000037
26798938ns          457235 1c0093cc 010c9a0b p.lh             x20, 16(x25!)       x20=00000337 x25=1c002706 x25:1c0026f6  PA:1c0026f6
26799316ns          457254 1c0093d0 0104198b p.lh             x19, 16(x8!)        x19=fffffe7d  x8=1c001ece  x8:1c001ebe  PA:1c001ebe
26799674ns          457272 1c0093d4 2cc10513 addi             x10, x2, 716        x10=10003fa4  x2:10003cd8
26799694ns          457273 1c0093d6 010a990b p.lh             x18, 16(x21!)       x18=000002a1 x21=1c0016fa x21:1c0016ea  PA:1c0016ea
26799992ns          457288 1c0093da 010b948b p.lh             x9, 16(x23!)         x9=fffffdda x23=1c000f2a x23:1c000f1a  PA:1c000f1a
26800291ns          457303 1c0093de 2d411623 sh               x20, 716(x2)        x20:00000337  x2:10003cd8  PA:10003fa4
26800330ns          457305 1c0093e2 2d311723 sh               x19, 718(x2)        x19:fffffe7d  x2:10003cd8  PA:10003fa6
26800390ns          457308 1c0093e6 c33ff0ef jal              x1, -974             x1=1c0093e8
26800430ns          457310 1c009018 00051803 lh               x16, 0(x10)         x16=00000337 x10:10003fa4  PA:10003fa4
26800470ns          457312 1c00901c 00251883 lh               x17, 2(x10)         x17=fffffe7d x10:10003fa4  PA:10003fa6
26800529ns          457315 1c009020 030806b3 mul              x13, x16, x16       x13=000a55d1 x16:00000337 x16:00000337
26800569ns          457317 1c009024 03188633 mul              x12, x17, x17       x12=00024909 x17:fffffe7d x17:fffffe7d
26800589ns          457318 1c009028 40a65613 srai             x12, x12, 0x40a     x12=00000092 x12:00024909
26800609ns          457319 1c00902a 40a6d693 srai             x13, x13, 0x40a     x13=00000295 x13:000a55d1
26800629ns          457320 1c00902c 00c686b3 add              x13, x13, x12       x13=00000327 x13:00000295 x12:00000092
26800649ns          457321 1c00902e 1006c633 p.exths          x12, x13, x0        x12=00000327 x13:00000327
26800669ns          457322 1c009032 00855703 lhu              x14, 8(x10)         x14=0000ffd1 x10:10003fa4  PA:10003fac
26800688ns          457323 1c009036 00a55683 lhu              x13, 10(x10)        x13=0000ff6a x10:10003fa4  PA:10003fae
26800708ns          457324 1c00903a 02c60333 mul              x6, x12, x12         x6=0009eff1 x12:00000327 x12:00000327
26800748ns          457326 1c00903e 00c55783 lhu              x15, 12(x10)        x15=0000ffe5 x10:10003fa4  PA:10003fb0
26800788ns          457328 1c009042 00e55583 lhu              x11, 14(x10)        x11=00000060 x10:10003fa4  PA:10003fb2
26800808ns          457329 1c009046 dea30333 p.extract        x6, x6, 15, 10       x6=0000027b  x6:0009eff1
26800828ns          457330 1c00904a 80c7075b p.muls           x14, x14, x12       x14=ffff6bd7 x14:0000ffd1 x12:00000327
26800887ns          457333 1c00904e 80c686db p.muls           x13, x13, x12       x13=fffe2726 x13:0000ff6a x12:00000327
26800927ns          457335 1c009052 00455e83 lhu              x29, 4(x10)         x29=00000427 x10:10003fa4  PA:10003fa8
26800947ns          457336 1c009056 00655e03 lhu              x28, 6(x10)         x28=0000007f x10:10003fa4  PA:10003faa
26800967ns          457337 1c00905a 40a75713 srai             x14, x14, 0x40a     x14=ffffffda x14:ffff6bd7
26800987ns          457338 1c00905c 806787db p.muls           x15, x15, x6        x15=ffffbd07 x15:0000ffe5  x6:0000027b
26801007ns          457339 1c009060 40a6d693 srai             x13, x13, 0x40a     x13=ffffff89 x13:fffe2726
26801027ns          457340 1c009062 8065865b p.muls           x12, x11, x6        x12=0000ee20 x11:00000060  x6:0000027b
26801046ns          457341 1c009066 40a7d793 srai             x15, x15, 0x40a     x15=ffffffef x15:ffffbd07
26801066ns          457342 1c009068 40a65613 srai             x12, x12, 0x40a     x12=0000003b x12:0000ee20
26801086ns          457343 1c00906a 01d70733 add              x14, x14, x29       x14=00000401 x14:ffffffda x29:00000427
26801106ns          457344 1c00906c 01c686b3 add              x13, x13, x28       x13=00000008 x13:ffffff89 x28:0000007f
26801126ns          457345 1c00906e 00c686b3 add              x13, x13, x12       x13=00000043 x13:00000008 x12:0000003b
26801146ns          457346 1c009070 00f70733 add              x14, x14, x15       x14=000003f0 x14:00000401 x15:ffffffef
26801166ns          457347 1c009072 100747b3 p.exths          x15, x14, x0        x15=000003f0 x14:000003f0
26801186ns          457348 1c009076 1006c733 p.exths          x14, x13, x0        x14=00000043 x13:00000043
26801206ns          457349 1c00907a 03170633 mul              x12, x14, x17       x12=ffff9ab7 x14:00000043 x17:fffffe7d
26801225ns          457350 1c00907e 030786b3 mul              x13, x15, x16       x13=000ca890 x15:000003f0 x16:00000337
26801245ns          457351 1c009082 03070733 mul              x14, x14, x16       x14=0000d765 x14:00000043 x16:00000337
26801265ns          457352 1c009086 031787b3 mul              x15, x15, x17       x15=fffa0c30 x15:000003f0 x17:fffffe7d
26801285ns          457353 1c00908a 40a6d693 srai             x13, x13, 0x40a     x13=0000032a x13:000ca890
26801305ns          457354 1c00908c 40a65613 srai             x12, x12, 0x40a     x12=ffffffe6 x12:ffff9ab7
26801325ns          457355 1c00908e 40a7d793 srai             x15, x15, 0x40a     x15=fffffe83 x15:fffa0c30
26801345ns          457356 1c009090 40a75713 srai             x14, x14, 0x40a     x14=00000035 x14:0000d765
26801365ns          457357 1c009092 40c686b3 sub              x13, x13, x12       x13=00000344 x13:0000032a x12:ffffffe6
26801385ns          457358 1c009094 00e787b3 add              x15, x15, x14       x15=fffffeb8 x15:fffffe83 x14:00000035
26801404ns          457359 1c009096 00d51823 sh               x13, 16(x10)        x13:00000344 x10:10003fa4  PA:10003fb4
26801444ns          457361 1c00909a 00f51923 sh               x15, 18(x10)        x15:fffffeb8 x10:10003fa4  PA:10003fb6
26801484ns          457363 1c00909e 00008067 jalr             x0, x1, 0            x1:1c0093e8
26801504ns          457364 1c0093e8 2dc15583 lhu              x11, 732(x2)        x11=00000344  x2:10003cd8  PA:10003fb4
26801524ns          457365 1c0093ec 2de15783 lhu              x15, 734(x2)        x15=0000feb8  x2:10003cd8  PA:10003fb6
26801544ns          457366 1c0093f0 40b90933 sub              x18, x18, x11       x18=ffffff5d x18:000002a1 x11:00000344
26801564ns          457367 1c0093f4 40f484b3 sub              x9, x9, x15          x9=fffeff22  x9:fffffdda x15:0000feb8
26801583ns          457368 1c0093f6 100945b3 p.exths          x11, x18, x0        x11=ffffff5d x18:ffffff5d
26801603ns          457369 1c0093fa 1004c7b3 p.exths          x15, x9, x0         x15=ffffff22  x9:fffeff22
26801623ns          457370 1c0093fe 034586b3 mul              x13, x11, x20       x13=fffdf3fb x11:ffffff5d x20:00000337
26801643ns          457371 1c009402 03378533 mul              x10, x15, x19       x10=00014f9a x15:ffffff22 x19:fffffe7d
26801663ns          457372 1c009406 034a0633 mul              x12, x20, x20       x12=000a55d1 x20:00000337 x20:00000337
26801683ns          457373 1c00940a 03398733 mul              x14, x19, x19       x14=00024909 x19:fffffe7d x19:fffffe7d
26801743ns          457376 1c00940e 034787b3 mul              x15, x15, x20       x15=fffd364e x15:ffffff22 x20:00000337
26801782ns          457378 1c009412 033585b3 mul              x11, x11, x19       x11=0000f669 x11:ffffff5d x19:fffffe7d
26801802ns          457379 1c009416 40a75713 srai             x14, x14, 0x40a     x14=00000092 x14:00024909
26801822ns          457380 1c009418 40a5d593 srai             x11, x11, 0x40a     x11=0000003d x11:0000f669
26801842ns          457381 1c00941a 40a65613 srai             x12, x12, 0x40a     x12=00000295 x12:000a55d1
26801862ns          457382 1c00941c 40a7d793 srai             x15, x15, 0x40a     x15=ffffff4d x15:fffd364e
26801882ns          457383 1c00941e 1c0034b7 lui              x9, 0x1c003000       x9=1c003000
26801902ns          457384 1c009422 00e60633 add              x12, x12, x14       x12=00000327 x12:00000295 x14:00000092
26801922ns          457385 1c009424 40b787b3 sub              x15, x15, x11       x15=ffffff10 x15:ffffff4d x11:0000003d
26801941ns          457386 1c009426 eb048493 addi             x9, x9, -336         x9=1c002eb0  x9:1c003000
26801961ns          457387 1c00942a 1c0032b7 lui              x5, 0x1c003000       x5=1c003000
26801981ns          457388 1c00942e 1c0035b7 lui              x11, 0x1c003000     x11=1c003000
26802001ns          457389 1c009432 018483b3 add              x7, x9, x24          x7=1c002ebe  x9:1c002eb0 x24:0000000e
26802021ns          457390 1c009436 02812e83 lw               x29, 40(x2)         x29=1c002ece  x2:10003cd8  PA:10003d00
26802041ns          457391 1c009438 10065633 p.exthz          x12, x12, x0        x12=00000327 x12:00000327
26802061ns          457392 1c00943c e8028293 addi             x5, x5, -384         x5=1c002e80  x5:1c003000
26802100ns          457394 1c009440 ea058593 addi             x11, x11, -352      x11=1c002ea0 x11:1c003000
26802140ns          457396 1c009444 03812483 lw               x9, 56(x2)           x9=1c002eee  x2:10003cd8  PA:10003d10
26802160ns          457397 1c009446 10064733 p.exths          x14, x12, x0        x14=00000327 x12:00000327
26802180ns          457398 1c00944a 018280b3 add              x1, x5, x24          x1=1c002e8e  x5:1c002e80 x24:0000000e
26802200ns          457399 1c00944e 03012f03 lw               x30, 48(x2)         x30=1c002ede  x2:10003cd8  PA:10003d08
26802220ns          457400 1c009450 018582b3 add              x5, x11, x24         x5=1c002eae x11:1c002ea0 x24:0000000e
26802240ns          457401 1c009454 04012583 lw               x11, 64(x2)         x11=1c002efe  x2:10003cd8  PA:10003d18
26802260ns          457402 1c009456 000edd83 lhu              x27, 0(x29)         x27=00000220 x29:1c002ece  PA:1c002ece
26802717ns          457425 1c00945a 0004d483 lhu              x9, 0(x9)            x9=0000000d  x9:1c002eee  PA:1c002eee
26803115ns          457445 1c00945e 02e70333 mul              x6, x14, x14         x6=0009eff1 x14:00000327 x14:00000327
26803135ns          457446 1c009462 40a55513 srai             x10, x10, 0x40a     x10=00000053 x10:00014f9a
26803155ns          457447 1c009464 04812e83 lw               x29, 72(x2)         x29=1c002f0e  x2:10003cd8  PA:10003d20
26803174ns          457448 1c009466 40a6d693 srai             x13, x13, 0x40a     x13=ffffff7c x13:fffdf3fb
26803194ns          457449 1c009468 000f5d03 lhu              x26, 0(x30)         x26=00000050 x30:1c002ede  PA:1c002ede
26803532ns          457466 1c00946c 0005d583 lhu              x11, 0(x11)         x11=00000001 x11:1c002efe  PA:1c002efe
26803831ns          457481 1c009470 40a35313 srai             x6, x6, 0x40a        x6=0000027b  x6:0009eff1
26803851ns          457482 1c009474 00a686b3 add              x13, x13, x10       x13=ffffffcf x13:ffffff7c x10:00000053
26803871ns          457483 1c009476 05012f03 lw               x30, 80(x2)         x30=1c002e7e  x2:10003cd8  PA:10003d28
26803890ns          457484 1c009478 10034e33 p.exths          x28, x6, x0         x28=0000027b  x6:0000027b
26803910ns          457485 1c00947c 06911023 sh               x9, 96(x2)           x9:0000000d  x2:10003cd8  PA:10003d38
26803930ns          457486 1c009480 000ede83 lhu              x29, 0(x29)         x29=00000000 x29:1c002f0e  PA:1c002f0e
26804229ns          457501 1c009484 05812483 lw               x9, 88(x2)           x9=1c002e6e  x2:10003cd8  PA:10003d30
26804248ns          457502 1c009486 1006d6b3 p.exthz          x13, x13, x0        x13=0000ffcf x13:ffffffcf
26804268ns          457503 1c00948a 02ee08b3 mul              x17, x28, x14       x17=0007d1bd x28:0000027b x14:00000327
26804288ns          457504 1c00948e 1006c833 p.exths          x16, x13, x0        x16=ffffffcf x13:0000ffcf
26804308ns          457505 1c009492 06b11823 sh               x11, 112(x2)        x11:00000001  x2:10003cd8  PA:10003d48
26804328ns          457506 1c009496 000f5f03 lhu              x30, 0(x30)         x30=0000ffea x30:1c002e7e  PA:1c002e7e
26804626ns          457521 1c00949a 0a012583 lw               x11, 160(x2)        x11=1c002e9e  x2:10003cd8  PA:10003d78
26804646ns          457522 1c00949c 1007d7b3 p.exthz          x15, x15, x0        x15=0000ff10 x15:ffffff10
26804666ns          457523 1c0094a0 0004da03 lhu              x20, 0(x9)          x20=0000ff98  x9:1c002e6e  PA:1c002e6e
26804964ns          457538 1c0094a4 1007c533 p.exths          x10, x15, x0        x10=ffffff10 x15:0000ff10
26804984ns          457539 1c0094a8 09d11023 sh               x29, 128(x2)        x29:00000000  x2:10003cd8  PA:10003d58
26805004ns          457540 1c0094ac 0003d483 lhu              x9, 0(x7)            x9=0000fffc  x7:1c002ebe  PA:1c002ebe
26805322ns          457556 1c0094b0 02e80eb3 mul              x29, x16, x14       x29=ffff6589 x16:ffffffcf x14:00000327
26805342ns          457557 1c0094b4 40a8d893 srai             x17, x17, 0x40a     x17=000001f4 x17:0007d1bd
26805362ns          457558 1c0094b8 03c80833 mul              x16, x16, x28       x16=ffff8675 x16:ffffffcf x28:0000027b
26805382ns          457559 1c0094bc 09e11823 sh               x30, 144(x2)        x30:0000ffea  x2:10003cd8  PA:10003d68
26805402ns          457560 1c0094c0 0005d983 lhu              x19, 0(x11)         x19=0000fffb x11:1c002e9e  PA:1c002e9e
26805720ns          457576 1c0094c4 81c88f5b p.muls           x30, x17, x28       x30=0004d83c x17:000001f4 x28:0000027b
26805740ns          457577 1c0094c8 0002d583 lhu              x11, 0(x5)          x11=0000fffb  x5:1c002eae  PA:1c002eae
26806058ns          457593 1c0094cc 03ce0fb3 mul              x31, x28, x28       x31=00062719 x28:0000027b x28:0000027b
26806078ns          457594 1c0094d0 02e50733 mul              x14, x10, x14       x14=fffd0b70 x10:ffffff10 x14:00000327
26806098ns          457595 1c0094d4 40a85813 srai             x16, x16, 0x40a     x16=ffffffe1 x16:ffff8675
26806118ns          457596 1c0094d8 03c50533 mul              x10, x10, x28       x10=fffdacb0 x10:ffffff10 x28:0000027b
26806138ns          457597 1c0094dc 07015e03 lhu              x28, 112(x2)        x28=00000001  x2:10003cd8  PA:10003d48
26806158ns          457598 1c0094e0 01b60633 add              x12, x12, x27       x12=00000547 x12:00000327 x27:00000220
26806178ns          457599 1c0094e2 00980833 add              x16, x16, x9        x16=0000ffdd x16:ffffffe1  x9:0000fffc
26806197ns          457600 1c0094e4 06015d83 lhu              x27, 96(x2)         x27=0000000d  x2:10003cd8  PA:10003d38
26806217ns          457601 1c0094e8 02812483 lw               x9, 40(x2)           x9=1c002ece  x2:10003cd8  PA:10003d00
26806237ns          457602 1c0094ea 40afdf93 srai             x31, x31, 0x40a     x31=00000189 x31:00062719
26806257ns          457603 1c0094ee 40a55513 srai             x10, x10, 0x40a     x10=ffffff6b x10:fffdacb0
26806277ns          457604 1c0094f0 01cf8fb3 add              x31, x31, x28       x31=0000018a x31:00000189 x28:00000001
26806297ns          457605 1c0094f2 00b50533 add              x10, x10, x11       x10=0000ff66 x10:ffffff6b x11:0000fffb
26806317ns          457606 1c0094f4 09015e03 lhu              x28, 144(x2)        x28=0000ffea  x2:10003cd8  PA:10003d68
26806337ns          457607 1c0094f8 03012583 lw               x11, 48(x2)         x11=1c002ede  x2:10003cd8  PA:10003d08
26806357ns          457608 1c0094fa 00c49023 sh               x12, 0(x9)          x12:00000547  x9:1c002ece  PA:1c002ece
26806675ns          457624 1c0094fe 01b888b3 add              x17, x17, x27       x17=00000201 x17:000001f4 x27:0000000d
26806695ns          457625 1c009500 01a30333 add              x6, x6, x26          x6=000002cb  x6:0000027b x26:00000050
26806715ns          457626 1c009502 08015d83 lhu              x27, 128(x2)        x27=00000000  x2:10003cd8  PA:10003d58
26806734ns          457627 1c009506 0000d903 lhu              x18, 0(x1)          x18=0000ffec  x1:1c002e8e  PA:1c002e8e
26807053ns          457643 1c00950a 01c686b3 add              x13, x13, x28       x13=0001ffb9 x13:0000ffcf x28:0000ffea
26807072ns          457644 1c00950c 00659023 sh               x6, 0(x11)           x6:000002cb x11:1c002ede  PA:1c002ede
26807391ns          457660 1c009510 40af5f13 srai             x30, x30, 0x40a     x30=00000136 x30:0004d83c
26807411ns          457661 1c009514 04812e03 lw               x28, 72(x2)         x28=1c002f0e  x2:10003cd8  PA:10003d20
26807430ns          457662 1c009516 01bf0f33 add              x30, x30, x27       x30=00000136 x30:00000136 x27:00000000
26807450ns          457663 1c009518 40aede93 srai             x29, x29, 0x40a     x29=ffffffd9 x29:ffff6589
26807470ns          457664 1c00951c 40a75713 srai             x14, x14, 0x40a     x14=ffffff42 x14:fffd0b70
26807490ns          457665 1c00951e 03812603 lw               x12, 56(x2)         x12=1c002eee  x2:10003cd8  PA:10003d10
26807510ns          457666 1c009520 04012d83 lw               x27, 64(x2)         x27=1c002efe  x2:10003cd8  PA:10003d18
26807530ns          457667 1c009522 01ee1023 sh               x30, 0(x28)         x30:00000136 x28:1c002f0e  PA:1c002f0e
26807908ns          457686 1c009526 05812483 lw               x9, 88(x2)           x9=1c002e6e  x2:10003cd8  PA:10003d30
26807928ns          457687 1c009528 05012f03 lw               x30, 80(x2)         x30=1c002e7e  x2:10003cd8  PA:10003d28
26807948ns          457688 1c00952a 0a012583 lw               x11, 160(x2)        x11=1c002e9e  x2:10003cd8  PA:10003d78
26807967ns          457689 1c00952c 014787b3 add              x15, x15, x20       x15=0001fea8 x15:0000ff10 x20:0000ff98
26807987ns          457690 1c00952e 013e8eb3 add              x29, x29, x19       x29=0000ffd4 x29:ffffffd9 x19:0000fffb
26808007ns          457691 1c009530 01270733 add              x14, x14, x18       x14=0000ff2e x14:ffffff42 x18:0000ffec
26808027ns          457692 1c009532 00f49023 sh               x15, 0(x9)          x15:0001fea8  x9:1c002e6e  PA:1c002e6e
26808345ns          457708 1c009536 01161023 sh               x17, 0(x12)         x17:00000201 x12:1c002eee  PA:1c002eee
26808664ns          457724 1c00953a 01fd9023 sh               x31, 0(x27)         x31:0000018a x27:1c002efe  PA:1c002efe
26809002ns          457741 1c00953e 00df1023 sh               x13, 0(x30)         x13:0001ffb9 x30:1c002e7e  PA:1c002e7e
26809320ns          457757 1c009542 01d59023 sh               x29, 0(x11)         x29:0000ffd4 x11:1c002e9e  PA:1c002e9e
26809658ns          457774 1c009546 00e09023 sh               x14, 0(x1)          x14:0000ff2e  x1:1c002e8e  PA:1c002e8e
26809996ns          457791 1c00954a 01039023 sh               x16, 0(x7)          x16:0000ffdd  x7:1c002ebe  PA:1c002ebe
26810354ns          457809 1c00954e 00a29023 sh               x10, 0(x5)          x10:0000ff66  x5:1c002eae  PA:1c002eae
26810672ns          457825 1c009552 008b0b13 addi             x22, x22, 8         x22=0000003f x22:00000037
26810692ns          457826 1c009554 1f300793 addi             x15, x0, 499        x15=000001f3
26810712ns          457827 1c009558 e767dae3 bge              x15, x22, -396      x15:000001f3 x22:0000003f
26810811ns          457832 1c0093cc 010c9a0b p.lh             x20, 16(x25!)       x20=ffffff89 x25=1c002716 x25:1c002706  PA:1c002706
26811169ns          457850 1c0093d0 0104198b p.lh             x19, 16(x8!)        x19=00000055  x8=1c001ede  x8:1c001ece  PA:1c001ece
26811488ns          457866 1c0093d4 2cc10513 addi             x10, x2, 716        x10=10003fa4  x2:10003cd8
26811508ns          457867 1c0093d6 010a990b p.lh             x18, 16(x21!)       x18=ffffff81 x21=1c00170a x21:1c0016fa  PA:1c0016fa
26811806ns          457882 1c0093da 010b948b p.lh             x9, 16(x23!)         x9=00000053 x23=1c000f3a x23:1c000f2a  PA:1c000f2a
26812104ns          457897 1c0093de 2d411623 sh               x20, 716(x2)        x20:ffffff89  x2:10003cd8  PA:10003fa4
26812124ns          457898 1c0093e2 2d311723 sh               x19, 718(x2)        x19:00000055  x2:10003cd8  PA:10003fa6
26812144ns          457899 1c0093e6 c33ff0ef jal              x1, -974             x1=1c0093e8
26812223ns          457903 1c009018 00051803 lh               x16, 0(x10)         x16=ffffff89 x10:10003fa4  PA:10003fa4
26812263ns          457905 1c00901c 00251883 lh               x17, 2(x10)         x17=00000055 x10:10003fa4  PA:10003fa6
26812323ns          457908 1c009020 030806b3 mul              x13, x16, x16       x13=00003751 x16:ffffff89 x16:ffffff89
26812363ns          457910 1c009024 03188633 mul              x12, x17, x17       x12=00001c39 x17:00000055 x17:00000055
26812383ns          457911 1c009028 40a65613 srai             x12, x12, 0x40a     x12=00000007 x12:00001c39
26812402ns          457912 1c00902a 40a6d693 srai             x13, x13, 0x40a     x13=0000000d x13:00003751
26812422ns          457913 1c00902c 00c686b3 add              x13, x13, x12       x13=00000014 x13:0000000d x12:00000007
26812442ns          457914 1c00902e 1006c633 p.exths          x12, x13, x0        x12=00000014 x13:00000014
26812462ns          457915 1c009032 00855703 lhu              x14, 8(x10)         x14=0000ffd1 x10:10003fa4  PA:10003fac
26812482ns          457916 1c009036 00a55683 lhu              x13, 10(x10)        x13=0000ff6a x10:10003fa4  PA:10003fae
26812502ns          457917 1c00903a 02c60333 mul              x6, x12, x12         x6=00000190 x12:00000014 x12:00000014
26812522ns          457918 1c00903e 00c55783 lhu              x15, 12(x10)        x15=0000ffe5 x10:10003fa4  PA:10003fb0
26812542ns          457919 1c009042 00e55583 lhu              x11, 14(x10)        x11=00000060 x10:10003fa4  PA:10003fb2
26812562ns          457920 1c009046 dea30333 p.extract        x6, x6, 15, 10       x6=00000000  x6:00000190
26812581ns          457921 1c00904a 80c7075b p.muls           x14, x14, x12       x14=fffffc54 x14:0000ffd1 x12:00000014
26812601ns          457922 1c00904e 80c686db p.muls           x13, x13, x12       x13=fffff448 x13:0000ff6a x12:00000014
26812621ns          457923 1c009052 00455e83 lhu              x29, 4(x10)         x29=00000427 x10:10003fa4  PA:10003fa8
26812641ns          457924 1c009056 00655e03 lhu              x28, 6(x10)         x28=0000007f x10:10003fa4  PA:10003faa
26812661ns          457925 1c00905a 40a75713 srai             x14, x14, 0x40a     x14=ffffffff x14:fffffc54
26812681ns          457926 1c00905c 806787db p.muls           x15, x15, x6        x15=00000000 x15:0000ffe5  x6:00000000
26812701ns          457927 1c009060 40a6d693 srai             x13, x13, 0x40a     x13=fffffffd x13:fffff448
26812741ns          457929 1c009062 8065865b p.muls           x12, x11, x6        x12=00000000 x11:00000060  x6:00000000
26812760ns          457930 1c009066 40a7d793 srai             x15, x15, 0x40a     x15=00000000 x15:00000000
26812780ns          457931 1c009068 40a65613 srai             x12, x12, 0x40a     x12=00000000 x12:00000000
26812800ns          457932 1c00906a 01d70733 add              x14, x14, x29       x14=00000426 x14:ffffffff x29:00000427
26812820ns          457933 1c00906c 01c686b3 add              x13, x13, x28       x13=0000007c x13:fffffffd x28:0000007f
26812840ns          457934 1c00906e 00c686b3 add              x13, x13, x12       x13=0000007c x13:0000007c x12:00000000
26812860ns          457935 1c009070 00f70733 add              x14, x14, x15       x14=00000426 x14:00000426 x15:00000000
26812880ns          457936 1c009072 100747b3 p.exths          x15, x14, x0        x15=00000426 x14:00000426
26812900ns          457937 1c009076 1006c733 p.exths          x14, x13, x0        x14=0000007c x13:0000007c
26812920ns          457938 1c00907a 03170633 mul              x12, x14, x17       x12=0000292c x14:0000007c x17:00000055
26812939ns          457939 1c00907e 030786b3 mul              x13, x15, x16       x13=fffe1256 x15:00000426 x16:ffffff89
26812959ns          457940 1c009082 03070733 mul              x14, x14, x16       x14=ffffc65c x14:0000007c x16:ffffff89
26812979ns          457941 1c009086 031787b3 mul              x15, x15, x17       x15=0001609e x15:00000426 x17:00000055
26812999ns          457942 1c00908a 40a6d693 srai             x13, x13, 0x40a     x13=ffffff84 x13:fffe1256
26813019ns          457943 1c00908c 40a65613 srai             x12, x12, 0x40a     x12=0000000a x12:0000292c
26813039ns          457944 1c00908e 40a7d793 srai             x15, x15, 0x40a     x15=00000058 x15:0001609e
26813059ns          457945 1c009090 40a75713 srai             x14, x14, 0x40a     x14=fffffff1 x14:ffffc65c
26813079ns          457946 1c009092 40c686b3 sub              x13, x13, x12       x13=ffffff7a x13:ffffff84 x12:0000000a
26813099ns          457947 1c009094 00e787b3 add              x15, x15, x14       x15=00000049 x15:00000058 x14:fffffff1
26813118ns          457948 1c009096 00d51823 sh               x13, 16(x10)        x13:ffffff7a x10:10003fa4  PA:10003fb4
26813138ns          457949 1c00909a 00f51923 sh               x15, 18(x10)        x15:00000049 x10:10003fa4  PA:10003fb6
26813158ns          457950 1c00909e 00008067 jalr             x0, x1, 0            x1:1c0093e8
26813238ns          457954 1c0093e8 2dc15583 lhu              x11, 732(x2)        x11=0000ff7a  x2:10003cd8  PA:10003fb4
26813297ns          457957 1c0093ec 2de15783 lhu              x15, 734(x2)        x15=00000049  x2:10003cd8  PA:10003fb6
26813317ns          457958 1c0093f0 40b90933 sub              x18, x18, x11       x18=ffff0007 x18:ffffff81 x11:0000ff7a
26813337ns          457959 1c0093f4 40f484b3 sub              x9, x9, x15          x9=0000000a  x9:00000053 x15:00000049
26813357ns          457960 1c0093f6 100945b3 p.exths          x11, x18, x0        x11=00000007 x18:ffff0007
26813377ns          457961 1c0093fa 1004c7b3 p.exths          x15, x9, x0         x15=0000000a  x9:0000000a
26813397ns          457962 1c0093fe 034586b3 mul              x13, x11, x20       x13=fffffcbf x11:00000007 x20:ffffff89
26813417ns          457963 1c009402 03378533 mul              x10, x15, x19       x10=00000352 x15:0000000a x19:00000055
26813437ns          457964 1c009406 034a0633 mul              x12, x20, x20       x12=00003751 x20:ffffff89 x20:ffffff89
26813457ns          457965 1c00940a 03398733 mul              x14, x19, x19       x14=00001c39 x19:00000055 x19:00000055
26813476ns          457966 1c00940e 034787b3 mul              x15, x15, x20       x15=fffffb5a x15:0000000a x20:ffffff89
26813496ns          457967 1c009412 033585b3 mul              x11, x11, x19       x11=00000253 x11:00000007 x19:00000055
26813516ns          457968 1c009416 40a75713 srai             x14, x14, 0x40a     x14=00000007 x14:00001c39
26813536ns          457969 1c009418 40a5d593 srai             x11, x11, 0x40a     x11=00000000 x11:00000253
26813556ns          457970 1c00941a 40a65613 srai             x12, x12, 0x40a     x12=0000000d x12:00003751
26813576ns          457971 1c00941c 40a7d793 srai             x15, x15, 0x40a     x15=fffffffe x15:fffffb5a
26813596ns          457972 1c00941e 1c0034b7 lui              x9, 0x1c003000       x9=1c003000
26813616ns          457973 1c009422 00e60633 add              x12, x12, x14       x12=00000014 x12:0000000d x14:00000007
26813636ns          457974 1c009424 40b787b3 sub              x15, x15, x11       x15=fffffffe x15:fffffffe x11:00000000
26813655ns          457975 1c009426 eb048493 addi             x9, x9, -336         x9=1c002eb0  x9:1c003000
26813675ns          457976 1c00942a 1c0032b7 lui              x5, 0x1c003000       x5=1c003000
26813695ns          457977 1c00942e 1c0035b7 lui              x11, 0x1c003000     x11=1c003000
26813715ns          457978 1c009432 018483b3 add              x7, x9, x24          x7=1c002ebe  x9:1c002eb0 x24:0000000e
26813735ns          457979 1c009436 02812e83 lw               x29, 40(x2)         x29=1c002ece  x2:10003cd8  PA:10003d00
26813755ns          457980 1c009438 10065633 p.exthz          x12, x12, x0        x12=00000014 x12:00000014
26813775ns          457981 1c00943c e8028293 addi             x5, x5, -384         x5=1c002e80  x5:1c003000
26813795ns          457982 1c009440 ea058593 addi             x11, x11, -352      x11=1c002ea0 x11:1c003000
26813834ns          457984 1c009444 03812483 lw               x9, 56(x2)           x9=1c002eee  x2:10003cd8  PA:10003d10
26813854ns          457985 1c009446 10064733 p.exths          x14, x12, x0        x14=00000014 x12:00000014
26813874ns          457986 1c00944a 018280b3 add              x1, x5, x24          x1=1c002e8e  x5:1c002e80 x24:0000000e
26813894ns          457987 1c00944e 03012f03 lw               x30, 48(x2)         x30=1c002ede  x2:10003cd8  PA:10003d08
26813914ns          457988 1c009450 018582b3 add              x5, x11, x24         x5=1c002eae x11:1c002ea0 x24:0000000e
26813934ns          457989 1c009454 04012583 lw               x11, 64(x2)         x11=1c002efe  x2:10003cd8  PA:10003d18
26813954ns          457990 1c009456 000edd83 lhu              x27, 0(x29)         x27=00000547 x29:1c002ece  PA:1c002ece
26814332ns          458009 1c00945a 0004d483 lhu              x9, 0(x9)            x9=00000201  x9:1c002eee  PA:1c002eee
26814709ns          458028 1c00945e 02e70333 mul              x6, x14, x14         x6=00000190 x14:00000014 x14:00000014
26814729ns          458029 1c009462 40a55513 srai             x10, x10, 0x40a     x10=00000000 x10:00000352
26814749ns          458030 1c009464 04812e83 lw               x29, 72(x2)         x29=1c002f0e  x2:10003cd8  PA:10003d20
26814769ns          458031 1c009466 40a6d693 srai             x13, x13, 0x40a     x13=ffffffff x13:fffffcbf
26814789ns          458032 1c009468 000f5d03 lhu              x26, 0(x30)         x26=000002cb x30:1c002ede  PA:1c002ede
26815107ns          458048 1c00946c 0005d583 lhu              x11, 0(x11)         x11=0000018a x11:1c002efe  PA:1c002efe
26815425ns          458064 1c009470 40a35313 srai             x6, x6, 0x40a        x6=00000000  x6:00000190
26815445ns          458065 1c009474 00a686b3 add              x13, x13, x10       x13=ffffffff x13:ffffffff x10:00000000
26815465ns          458066 1c009476 05012f03 lw               x30, 80(x2)         x30=1c002e7e  x2:10003cd8  PA:10003d28
26815485ns          458067 1c009478 10034e33 p.exths          x28, x6, x0         x28=00000000  x6:00000000
26815505ns          458068 1c00947c 06911023 sh               x9, 96(x2)           x9:00000201  x2:10003cd8  PA:10003d38
26815525ns          458069 1c009480 000ede83 lhu              x29, 0(x29)         x29=00000136 x29:1c002f0e  PA:1c002f0e
26815863ns          458086 1c009484 05812483 lw               x9, 88(x2)           x9=1c002e6e  x2:10003cd8  PA:10003d30
26815883ns          458087 1c009486 1006d6b3 p.exthz          x13, x13, x0        x13=0000ffff x13:ffffffff
26815903ns          458088 1c00948a 02ee08b3 mul              x17, x28, x14       x17=00000000 x28:00000000 x14:00000014
26815923ns          458089 1c00948e 1006c833 p.exths          x16, x13, x0        x16=ffffffff x13:0000ffff
26815943ns          458090 1c009492 06b11823 sh               x11, 112(x2)        x11:0000018a  x2:10003cd8  PA:10003d48
26815962ns          458091 1c009496 000f5f03 lhu              x30, 0(x30)         x30=0000ffb9 x30:1c002e7e  PA:1c002e7e
26816281ns          458107 1c00949a 0a012583 lw               x11, 160(x2)        x11=1c002e9e  x2:10003cd8  PA:10003d78
26816301ns          458108 1c00949c 1007d7b3 p.exthz          x15, x15, x0        x15=0000fffe x15:fffffffe
26816320ns          458109 1c0094a0 0004da03 lhu              x20, 0(x9)          x20=0000fea8  x9:1c002e6e  PA:1c002e6e
26816639ns          458125 1c0094a4 1007c533 p.exths          x10, x15, x0        x10=fffffffe x15:0000fffe
26816659ns          458126 1c0094a8 09d11023 sh               x29, 128(x2)        x29:00000136  x2:10003cd8  PA:10003d58
26816678ns          458127 1c0094ac 0003d483 lhu              x9, 0(x7)            x9=0000ffdd  x7:1c002ebe  PA:1c002ebe
26817096ns          458148 1c0094b0 02e80eb3 mul              x29, x16, x14       x29=ffffffec x16:ffffffff x14:00000014
26817116ns          458149 1c0094b4 40a8d893 srai             x17, x17, 0x40a     x17=00000000 x17:00000000
26817136ns          458150 1c0094b8 03c80833 mul              x16, x16, x28       x16=00000000 x16:ffffffff x28:00000000
26817156ns          458151 1c0094bc 09e11823 sh               x30, 144(x2)        x30:0000ffb9  x2:10003cd8  PA:10003d68
26817176ns          458152 1c0094c0 0005d983 lhu              x19, 0(x11)         x19=0000ffd4 x11:1c002e9e  PA:1c002e9e
26817474ns          458167 1c0094c4 81c88f5b p.muls           x30, x17, x28       x30=00000000 x17:00000000 x28:00000000
26817494ns          458168 1c0094c8 0002d583 lhu              x11, 0(x5)          x11=0000ff66  x5:1c002eae  PA:1c002eae
26817852ns          458186 1c0094cc 03ce0fb3 mul              x31, x28, x28       x31=00000000 x28:00000000 x28:00000000
26817872ns          458187 1c0094d0 02e50733 mul              x14, x10, x14       x14=ffffffd8 x10:fffffffe x14:00000014
26817892ns          458188 1c0094d4 40a85813 srai             x16, x16, 0x40a     x16=00000000 x16:00000000
26817911ns          458189 1c0094d8 03c50533 mul              x10, x10, x28       x10=00000000 x10:fffffffe x28:00000000
26817931ns          458190 1c0094dc 07015e03 lhu              x28, 112(x2)        x28=0000018a  x2:10003cd8  PA:10003d48
26817951ns          458191 1c0094e0 01b60633 add              x12, x12, x27       x12=0000055b x12:00000014 x27:00000547
26817971ns          458192 1c0094e2 00980833 add              x16, x16, x9        x16=0000ffdd x16:00000000  x9:0000ffdd
26817991ns          458193 1c0094e4 06015d83 lhu              x27, 96(x2)         x27=00000201  x2:10003cd8  PA:10003d38
26818011ns          458194 1c0094e8 02812483 lw               x9, 40(x2)           x9=1c002ece  x2:10003cd8  PA:10003d00
26818031ns          458195 1c0094ea 40afdf93 srai             x31, x31, 0x40a     x31=00000000 x31:00000000
26818051ns          458196 1c0094ee 40a55513 srai             x10, x10, 0x40a     x10=00000000 x10:00000000
26818071ns          458197 1c0094f0 01cf8fb3 add              x31, x31, x28       x31=0000018a x31:00000000 x28:0000018a
26818090ns          458198 1c0094f2 00b50533 add              x10, x10, x11       x10=0000ff66 x10:00000000 x11:0000ff66
26818110ns          458199 1c0094f4 09015e03 lhu              x28, 144(x2)        x28=0000ffb9  x2:10003cd8  PA:10003d68
26818130ns          458200 1c0094f8 03012583 lw               x11, 48(x2)         x11=1c002ede  x2:10003cd8  PA:10003d08
26818150ns          458201 1c0094fa 00c49023 sh               x12, 0(x9)          x12:0000055b  x9:1c002ece  PA:1c002ece
26818468ns          458217 1c0094fe 01b888b3 add              x17, x17, x27       x17=00000201 x17:00000000 x27:00000201
26818488ns          458218 1c009500 01a30333 add              x6, x6, x26          x6=000002cb  x6:00000000 x26:000002cb
26818508ns          458219 1c009502 08015d83 lhu              x27, 128(x2)        x27=00000136  x2:10003cd8  PA:10003d58
26818528ns          458220 1c009506 0000d903 lhu              x18, 0(x1)          x18=0000ff2e  x1:1c002e8e  PA:1c002e8e
26818826ns          458235 1c00950a 01c686b3 add              x13, x13, x28       x13=0001ffb8 x13:0000ffff x28:0000ffb9
26818846ns          458236 1c00950c 00659023 sh               x6, 0(x11)           x6:000002cb x11:1c002ede  PA:1c002ede
26819164ns          458252 1c009510 40af5f13 srai             x30, x30, 0x40a     x30=00000000 x30:00000000
26819184ns          458253 1c009514 04812e03 lw               x28, 72(x2)         x28=1c002f0e  x2:10003cd8  PA:10003d20
26819204ns          458254 1c009516 01bf0f33 add              x30, x30, x27       x30=00000136 x30:00000000 x27:00000136
26819224ns          458255 1c009518 40aede93 srai             x29, x29, 0x40a     x29=ffffffff x29:ffffffec
26819244ns          458256 1c00951c 40a75713 srai             x14, x14, 0x40a     x14=ffffffff x14:ffffffd8
26819264ns          458257 1c00951e 03812603 lw               x12, 56(x2)         x12=1c002eee  x2:10003cd8  PA:10003d10
26819284ns          458258 1c009520 04012d83 lw               x27, 64(x2)         x27=1c002efe  x2:10003cd8  PA:10003d18
26819304ns          458259 1c009522 01ee1023 sh               x30, 0(x28)         x30:00000136 x28:1c002f0e  PA:1c002f0e
26819642ns          458276 1c009526 05812483 lw               x9, 88(x2)           x9=1c002e6e  x2:10003cd8  PA:10003d30
26819662ns          458277 1c009528 05012f03 lw               x30, 80(x2)         x30=1c002e7e  x2:10003cd8  PA:10003d28
26819681ns          458278 1c00952a 0a012583 lw               x11, 160(x2)        x11=1c002e9e  x2:10003cd8  PA:10003d78
26819701ns          458279 1c00952c 014787b3 add              x15, x15, x20       x15=0001fea6 x15:0000fffe x20:0000fea8
26819721ns          458280 1c00952e 013e8eb3 add              x29, x29, x19       x29=0000ffd3 x29:ffffffff x19:0000ffd4
26819741ns          458281 1c009530 01270733 add              x14, x14, x18       x14=0000ff2d x14:ffffffff x18:0000ff2e
26819761ns          458282 1c009532 00f49023 sh               x15, 0(x9)          x15:0001fea6  x9:1c002e6e  PA:1c002e6e
26820079ns          458298 1c009536 01161023 sh               x17, 0(x12)         x17:00000201 x12:1c002eee  PA:1c002eee
26820397ns          458314 1c00953a 01fd9023 sh               x31, 0(x27)         x31:0000018a x27:1c002efe  PA:1c002efe
26820716ns          458330 1c00953e 00df1023 sh               x13, 0(x30)         x13:0001ffb8 x30:1c002e7e  PA:1c002e7e
26821034ns          458346 1c009542 01d59023 sh               x29, 0(x11)         x29:0000ffd3 x11:1c002e9e  PA:1c002e9e
26821352ns          458362 1c009546 00e09023 sh               x14, 0(x1)          x14:0000ff2d  x1:1c002e8e  PA:1c002e8e
26821670ns          458378 1c00954a 01039023 sh               x16, 0(x7)          x16:0000ffdd  x7:1c002ebe  PA:1c002ebe
26821988ns          458394 1c00954e 00a29023 sh               x10, 0(x5)          x10:0000ff66  x5:1c002eae  PA:1c002eae
26822327ns          458411 1c009552 008b0b13 addi             x22, x22, 8         x22=00000047 x22:0000003f
26822346ns          458412 1c009554 1f300793 addi             x15, x0, 499        x15=000001f3
26822366ns          458413 1c009558 e767dae3 bge              x15, x22, -396      x15:000001f3 x22:00000047
26822466ns          458418 1c0093cc 010c9a0b p.lh             x20, 16(x25!)       x20=fffffe87 x25=1c002726 x25:1c002716  PA:1c002716
26822764ns          458433 1c0093d0 0104198b p.lh             x19, 16(x8!)        x19=000001c2  x8=1c001eee  x8:1c001ede  PA:1c001ede
26823062ns          458448 1c0093d4 2cc10513 addi             x10, x2, 716        x10=10003fa4  x2:10003cd8
26823082ns          458449 1c0093d6 010a990b p.lh             x18, 16(x21!)       x18=fffffed9 x21=1c00171a x21:1c00170a  PA:1c00170a
26823381ns          458464 1c0093da 010b948b p.lh             x9, 16(x23!)         x9=000001fd x23=1c000f4a x23:1c000f3a  PA:1c000f3a
26823679ns          458479 1c0093de 2d411623 sh               x20, 716(x2)        x20:fffffe87  x2:10003cd8  PA:10003fa4
26823699ns          458480 1c0093e2 2d311723 sh               x19, 718(x2)        x19:000001c2  x2:10003cd8  PA:10003fa6
26823719ns          458481 1c0093e6 c33ff0ef jal              x1, -974             x1=1c0093e8
26823759ns          458483 1c009018 00051803 lh               x16, 0(x10)         x16=fffffe87 x10:10003fa4  PA:10003fa4
26823778ns          458484 1c00901c 00251883 lh               x17, 2(x10)         x17=000001c2 x10:10003fa4  PA:10003fa6
26823798ns          458485 1c009020 030806b3 mul              x13, x16, x16       x13=00022b31 x16:fffffe87 x16:fffffe87
26823818ns          458486 1c009024 03188633 mul              x12, x17, x17       x12=00031704 x17:000001c2 x17:000001c2
26823838ns          458487 1c009028 40a65613 srai             x12, x12, 0x40a     x12=000000c5 x12:00031704
26823858ns          458488 1c00902a 40a6d693 srai             x13, x13, 0x40a     x13=0000008a x13:00022b31
26823878ns          458489 1c00902c 00c686b3 add              x13, x13, x12       x13=0000014f x13:0000008a x12:000000c5
26823898ns          458490 1c00902e 1006c633 p.exths          x12, x13, x0        x12=0000014f x13:0000014f
26823918ns          458491 1c009032 00855703 lhu              x14, 8(x10)         x14=0000ffd1 x10:10003fa4  PA:10003fac
26823938ns          458492 1c009036 00a55683 lhu              x13, 10(x10)        x13=0000ff6a x10:10003fa4  PA:10003fae
26823957ns          458493 1c00903a 02c60333 mul              x6, x12, x12         x6=0001b661 x12:0000014f x12:0000014f
26823997ns          458495 1c00903e 00c55783 lhu              x15, 12(x10)        x15=0000ffe5 x10:10003fa4  PA:10003fb0
26824037ns          458497 1c009042 00e55583 lhu              x11, 14(x10)        x11=00000060 x10:10003fa4  PA:10003fb2
26824057ns          458498 1c009046 dea30333 p.extract        x6, x6, 15, 10       x6=0000006d  x6:0001b661
26824077ns          458499 1c00904a 80c7075b p.muls           x14, x14, x12       x14=ffffc27f x14:0000ffd1 x12:0000014f
26824097ns          458500 1c00904e 80c686db p.muls           x13, x13, x12       x13=ffff3bb6 x13:0000ff6a x12:0000014f
26824117ns          458501 1c009052 00455e83 lhu              x29, 4(x10)         x29=00000427 x10:10003fa4  PA:10003fa8
26824136ns          458502 1c009056 00655e03 lhu              x28, 6(x10)         x28=0000007f x10:10003fa4  PA:10003faa
26824156ns          458503 1c00905a 40a75713 srai             x14, x14, 0x40a     x14=fffffff0 x14:ffffc27f
26824176ns          458504 1c00905c 806787db p.muls           x15, x15, x6        x15=fffff481 x15:0000ffe5  x6:0000006d
26824196ns          458505 1c009060 40a6d693 srai             x13, x13, 0x40a     x13=ffffffce x13:ffff3bb6
26824216ns          458506 1c009062 8065865b p.muls           x12, x11, x6        x12=000028e0 x11:00000060  x6:0000006d
26824236ns          458507 1c009066 40a7d793 srai             x15, x15, 0x40a     x15=fffffffd x15:fffff481
26824256ns          458508 1c009068 40a65613 srai             x12, x12, 0x40a     x12=0000000a x12:000028e0
26824276ns          458509 1c00906a 01d70733 add              x14, x14, x29       x14=00000417 x14:fffffff0 x29:00000427
26824296ns          458510 1c00906c 01c686b3 add              x13, x13, x28       x13=0000004d x13:ffffffce x28:0000007f
26824315ns          458511 1c00906e 00c686b3 add              x13, x13, x12       x13=00000057 x13:0000004d x12:0000000a
26824335ns          458512 1c009070 00f70733 add              x14, x14, x15       x14=00000414 x14:00000417 x15:fffffffd
26824355ns          458513 1c009072 100747b3 p.exths          x15, x14, x0        x15=00000414 x14:00000414
26824375ns          458514 1c009076 1006c733 p.exths          x14, x13, x0        x14=00000057 x13:00000057
26824395ns          458515 1c00907a 03170633 mul              x12, x14, x17       x12=000098ee x14:00000057 x17:000001c2
26824415ns          458516 1c00907e 030786b3 mul              x13, x15, x16       x13=fff9fe8c x15:00000414 x16:fffffe87
26824435ns          458517 1c009082 03070733 mul              x14, x14, x16       x14=ffff7fe1 x14:00000057 x16:fffffe87
26824455ns          458518 1c009086 031787b3 mul              x15, x15, x17       x15=00072b28 x15:00000414 x17:000001c2
26824474ns          458519 1c00908a 40a6d693 srai             x13, x13, 0x40a     x13=fffffe7f x13:fff9fe8c
26824494ns          458520 1c00908c 40a65613 srai             x12, x12, 0x40a     x12=00000026 x12:000098ee
26824514ns          458521 1c00908e 40a7d793 srai             x15, x15, 0x40a     x15=000001ca x15:00072b28
26824534ns          458522 1c009090 40a75713 srai             x14, x14, 0x40a     x14=ffffffdf x14:ffff7fe1
26824554ns          458523 1c009092 40c686b3 sub              x13, x13, x12       x13=fffffe59 x13:fffffe7f x12:00000026
26824574ns          458524 1c009094 00e787b3 add              x15, x15, x14       x15=000001a9 x15:000001ca x14:ffffffdf
26824594ns          458525 1c009096 00d51823 sh               x13, 16(x10)        x13:fffffe59 x10:10003fa4  PA:10003fb4
26824614ns          458526 1c00909a 00f51923 sh               x15, 18(x10)        x15:000001a9 x10:10003fa4  PA:10003fb6
26824634ns          458527 1c00909e 00008067 jalr             x0, x1, 0            x1:1c0093e8
26824693ns          458530 1c0093e8 2dc15583 lhu              x11, 732(x2)        x11=0000fe59  x2:10003cd8  PA:10003fb4
26824713ns          458531 1c0093ec 2de15783 lhu              x15, 734(x2)        x15=000001a9  x2:10003cd8  PA:10003fb6
26824733ns          458532 1c0093f0 40b90933 sub              x18, x18, x11       x18=ffff0080 x18:fffffed9 x11:0000fe59
26824753ns          458533 1c0093f4 40f484b3 sub              x9, x9, x15          x9=00000054  x9:000001fd x15:000001a9
26824773ns          458534 1c0093f6 100945b3 p.exths          x11, x18, x0        x11=00000080 x18:ffff0080
26824793ns          458535 1c0093fa 1004c7b3 p.exths          x15, x9, x0         x15=00000054  x9:00000054
26824813ns          458536 1c0093fe 034586b3 mul              x13, x11, x20       x13=ffff4380 x11:00000080 x20:fffffe87
26824832ns          458537 1c009402 03378533 mul              x10, x15, x19       x10=000093a8 x15:00000054 x19:000001c2
26824852ns          458538 1c009406 034a0633 mul              x12, x20, x20       x12=00022b31 x20:fffffe87 x20:fffffe87
26824872ns          458539 1c00940a 03398733 mul              x14, x19, x19       x14=00031704 x19:000001c2 x19:000001c2
26824932ns          458542 1c00940e 034787b3 mul              x15, x15, x20       x15=ffff844c x15:00000054 x20:fffffe87
26824972ns          458544 1c009412 033585b3 mul              x11, x11, x19       x11=0000e100 x11:00000080 x19:000001c2
26824992ns          458545 1c009416 40a75713 srai             x14, x14, 0x40a     x14=000000c5 x14:00031704
26825011ns          458546 1c009418 40a5d593 srai             x11, x11, 0x40a     x11=00000038 x11:0000e100
26825031ns          458547 1c00941a 40a65613 srai             x12, x12, 0x40a     x12=0000008a x12:00022b31
26825051ns          458548 1c00941c 40a7d793 srai             x15, x15, 0x40a     x15=ffffffe1 x15:ffff844c
26825071ns          458549 1c00941e 1c0034b7 lui              x9, 0x1c003000       x9=1c003000
26825091ns          458550 1c009422 00e60633 add              x12, x12, x14       x12=0000014f x12:0000008a x14:000000c5
26825111ns          458551 1c009424 40b787b3 sub              x15, x15, x11       x15=ffffffa9 x15:ffffffe1 x11:00000038
26825131ns          458552 1c009426 eb048493 addi             x9, x9, -336         x9=1c002eb0  x9:1c003000
26825151ns          458553 1c00942a 1c0032b7 lui              x5, 0x1c003000       x5=1c003000
26825171ns          458554 1c00942e 1c0035b7 lui              x11, 0x1c003000     x11=1c003000
26825190ns          458555 1c009432 018483b3 add              x7, x9, x24          x7=1c002ebe  x9:1c002eb0 x24:0000000e
26825210ns          458556 1c009436 02812e83 lw               x29, 40(x2)         x29=1c002ece  x2:10003cd8  PA:10003d00
26825230ns          458557 1c009438 10065633 p.exthz          x12, x12, x0        x12=0000014f x12:0000014f
26825250ns          458558 1c00943c e8028293 addi             x5, x5, -384         x5=1c002e80  x5:1c003000
26825270ns          458559 1c009440 ea058593 addi             x11, x11, -352      x11=1c002ea0 x11:1c003000
26825290ns          458560 1c009444 03812483 lw               x9, 56(x2)           x9=1c002eee  x2:10003cd8  PA:10003d10
26825310ns          458561 1c009446 10064733 p.exths          x14, x12, x0        x14=0000014f x12:0000014f
26825330ns          458562 1c00944a 018280b3 add              x1, x5, x24          x1=1c002e8e  x5:1c002e80 x24:0000000e
26825350ns          458563 1c00944e 03012f03 lw               x30, 48(x2)         x30=1c002ede  x2:10003cd8  PA:10003d08
26825369ns          458564 1c009450 018582b3 add              x5, x11, x24         x5=1c002eae x11:1c002ea0 x24:0000000e
26825389ns          458565 1c009454 04012583 lw               x11, 64(x2)         x11=1c002efe  x2:10003cd8  PA:10003d18
26825409ns          458566 1c009456 000edd83 lhu              x27, 0(x29)         x27=0000055b x29:1c002ece  PA:1c002ece
26825807ns          458586 1c00945a 0004d483 lhu              x9, 0(x9)            x9=00000201  x9:1c002eee  PA:1c002eee
26826105ns          458601 1c00945e 02e70333 mul              x6, x14, x14         x6=0001b661 x14:0000014f x14:0000014f
26826125ns          458602 1c009462 40a55513 srai             x10, x10, 0x40a     x10=00000024 x10:000093a8
26826145ns          458603 1c009464 04812e83 lw               x29, 72(x2)         x29=1c002f0e  x2:10003cd8  PA:10003d20
26826165ns          458604 1c009466 40a6d693 srai             x13, x13, 0x40a     x13=ffffffd0 x13:ffff4380
26826185ns          458605 1c009468 000f5d03 lhu              x26, 0(x30)         x26=000002cb x30:1c002ede  PA:1c002ede
26826603ns          458626 1c00946c 0005d583 lhu              x11, 0(x11)         x11=0000018a x11:1c002efe  PA:1c002efe
26826921ns          458642 1c009470 40a35313 srai             x6, x6, 0x40a        x6=0000006d  x6:0001b661
26826941ns          458643 1c009474 00a686b3 add              x13, x13, x10       x13=fffffff4 x13:ffffffd0 x10:00000024
26826960ns          458644 1c009476 05012f03 lw               x30, 80(x2)         x30=1c002e7e  x2:10003cd8  PA:10003d28
26826980ns          458645 1c009478 10034e33 p.exths          x28, x6, x0         x28=0000006d  x6:0000006d
26827000ns          458646 1c00947c 06911023 sh               x9, 96(x2)           x9:00000201  x2:10003cd8  PA:10003d38
26827020ns          458647 1c009480 000ede83 lhu              x29, 0(x29)         x29=00000136 x29:1c002f0e  PA:1c002f0e
26827318ns          458662 1c009484 05812483 lw               x9, 88(x2)           x9=1c002e6e  x2:10003cd8  PA:10003d30
26827338ns          458663 1c009486 1006d6b3 p.exthz          x13, x13, x0        x13=0000fff4 x13:fffffff4
26827358ns          458664 1c00948a 02ee08b3 mul              x17, x28, x14       x17=00008ea3 x28:0000006d x14:0000014f
26827378ns          458665 1c00948e 1006c833 p.exths          x16, x13, x0        x16=fffffff4 x13:0000fff4
26827398ns          458666 1c009492 06b11823 sh               x11, 112(x2)        x11:0000018a  x2:10003cd8  PA:10003d48
26827418ns          458667 1c009496 000f5f03 lhu              x30, 0(x30)         x30=0000ffb8 x30:1c002e7e  PA:1c002e7e
26827736ns          458683 1c00949a 0a012583 lw               x11, 160(x2)        x11=1c002e9e  x2:10003cd8  PA:10003d78
26827756ns          458684 1c00949c 1007d7b3 p.exthz          x15, x15, x0        x15=0000ffa9 x15:ffffffa9
26827776ns          458685 1c0094a0 0004da03 lhu              x20, 0(x9)          x20=0000fea6  x9:1c002e6e  PA:1c002e6e
26828134ns          458703 1c0094a4 1007c533 p.exths          x10, x15, x0        x10=ffffffa9 x15:0000ffa9
26828154ns          458704 1c0094a8 09d11023 sh               x29, 128(x2)        x29:00000136  x2:10003cd8  PA:10003d58
26828174ns          458705 1c0094ac 0003d483 lhu              x9, 0(x7)            x9=0000ffdd  x7:1c002ebe  PA:1c002ebe
26828472ns          458720 1c0094b0 02e80eb3 mul              x29, x16, x14       x29=fffff04c x16:fffffff4 x14:0000014f
26828492ns          458721 1c0094b4 40a8d893 srai             x17, x17, 0x40a     x17=00000023 x17:00008ea3
26828512ns          458722 1c0094b8 03c80833 mul              x16, x16, x28       x16=fffffae4 x16:fffffff4 x28:0000006d
26828532ns          458723 1c0094bc 09e11823 sh               x30, 144(x2)        x30:0000ffb8  x2:10003cd8  PA:10003d68
26828552ns          458724 1c0094c0 0005d983 lhu              x19, 0(x11)         x19=0000ffd3 x11:1c002e9e  PA:1c002e9e
26828890ns          458741 1c0094c4 81c88f5b p.muls           x30, x17, x28       x30=00000ee7 x17:00000023 x28:0000006d
26828910ns          458742 1c0094c8 0002d583 lhu              x11, 0(x5)          x11=0000ff66  x5:1c002eae  PA:1c002eae
26829208ns          458757 1c0094cc 03ce0fb3 mul              x31, x28, x28       x31=00002e69 x28:0000006d x28:0000006d
26829228ns          458758 1c0094d0 02e50733 mul              x14, x10, x14       x14=ffff8e27 x10:ffffffa9 x14:0000014f
26829248ns          458759 1c0094d4 40a85813 srai             x16, x16, 0x40a     x16=fffffffe x16:fffffae4
26829268ns          458760 1c0094d8 03c50533 mul              x10, x10, x28       x10=ffffdaf5 x10:ffffffa9 x28:0000006d
26829287ns          458761 1c0094dc 07015e03 lhu              x28, 112(x2)        x28=0000018a  x2:10003cd8  PA:10003d48
26829307ns          458762 1c0094e0 01b60633 add              x12, x12, x27       x12=000006aa x12:0000014f x27:0000055b
26829327ns          458763 1c0094e2 00980833 add              x16, x16, x9        x16=0000ffdb x16:fffffffe  x9:0000ffdd
26829347ns          458764 1c0094e4 06015d83 lhu              x27, 96(x2)         x27=00000201  x2:10003cd8  PA:10003d38
26829367ns          458765 1c0094e8 02812483 lw               x9, 40(x2)           x9=1c002ece  x2:10003cd8  PA:10003d00
26829387ns          458766 1c0094ea 40afdf93 srai             x31, x31, 0x40a     x31=0000000b x31:00002e69
26829407ns          458767 1c0094ee 40a55513 srai             x10, x10, 0x40a     x10=fffffff6 x10:ffffdaf5
26829427ns          458768 1c0094f0 01cf8fb3 add              x31, x31, x28       x31=00000195 x31:0000000b x28:0000018a
26829446ns          458769 1c0094f2 00b50533 add              x10, x10, x11       x10=0000ff5c x10:fffffff6 x11:0000ff66
26829466ns          458770 1c0094f4 09015e03 lhu              x28, 144(x2)        x28=0000ffb8  x2:10003cd8  PA:10003d68
26829486ns          458771 1c0094f8 03012583 lw               x11, 48(x2)         x11=1c002ede  x2:10003cd8  PA:10003d08
26829506ns          458772 1c0094fa 00c49023 sh               x12, 0(x9)          x12:000006aa  x9:1c002ece  PA:1c002ece
26829884ns          458791 1c0094fe 01b888b3 add              x17, x17, x27       x17=00000224 x17:00000023 x27:00000201
26829904ns          458792 1c009500 01a30333 add              x6, x6, x26          x6=00000338  x6:0000006d x26:000002cb
26829924ns          458793 1c009502 08015d83 lhu              x27, 128(x2)        x27=00000136  x2:10003cd8  PA:10003d58
26829944ns          458794 1c009506 0000d903 lhu              x18, 0(x1)          x18=0000ff2d  x1:1c002e8e  PA:1c002e8e
26830282ns          458811 1c00950a 01c686b3 add              x13, x13, x28       x13=0001ffac x13:0000fff4 x28:0000ffb8
26830302ns          458812 1c00950c 00659023 sh               x6, 0(x11)           x6:00000338 x11:1c002ede  PA:1c002ede
26830620ns          458828 1c009510 40af5f13 srai             x30, x30, 0x40a     x30=00000003 x30:00000ee7
26830640ns          458829 1c009514 04812e03 lw               x28, 72(x2)         x28=1c002f0e  x2:10003cd8  PA:10003d20
26830660ns          458830 1c009516 01bf0f33 add              x30, x30, x27       x30=00000139 x30:00000003 x27:00000136
26830680ns          458831 1c009518 40aede93 srai             x29, x29, 0x40a     x29=fffffffc x29:fffff04c
26830699ns          458832 1c00951c 40a75713 srai             x14, x14, 0x40a     x14=ffffffe3 x14:ffff8e27
26830719ns          458833 1c00951e 03812603 lw               x12, 56(x2)         x12=1c002eee  x2:10003cd8  PA:10003d10
26830739ns          458834 1c009520 04012d83 lw               x27, 64(x2)         x27=1c002efe  x2:10003cd8  PA:10003d18
26830759ns          458835 1c009522 01ee1023 sh               x30, 0(x28)         x30:00000139 x28:1c002f0e  PA:1c002f0e
26831077ns          458851 1c009526 05812483 lw               x9, 88(x2)           x9=1c002e6e  x2:10003cd8  PA:10003d30
26831097ns          458852 1c009528 05012f03 lw               x30, 80(x2)         x30=1c002e7e  x2:10003cd8  PA:10003d28
26831117ns          458853 1c00952a 0a012583 lw               x11, 160(x2)        x11=1c002e9e  x2:10003cd8  PA:10003d78
26831137ns          458854 1c00952c 014787b3 add              x15, x15, x20       x15=0001fe4f x15:0000ffa9 x20:0000fea6
26831157ns          458855 1c00952e 013e8eb3 add              x29, x29, x19       x29=0000ffcf x29:fffffffc x19:0000ffd3
26831177ns          458856 1c009530 01270733 add              x14, x14, x18       x14=0000ff10 x14:ffffffe3 x18:0000ff2d
26831197ns          458857 1c009532 00f49023 sh               x15, 0(x9)          x15:0001fe4f  x9:1c002e6e  PA:1c002e6e
26831535ns          458874 1c009536 01161023 sh               x17, 0(x12)         x17:00000224 x12:1c002eee  PA:1c002eee
26831853ns          458890 1c00953a 01fd9023 sh               x31, 0(x27)         x31:00000195 x27:1c002efe  PA:1c002efe
26832171ns          458906 1c00953e 00df1023 sh               x13, 0(x30)         x13:0001ffac x30:1c002e7e  PA:1c002e7e
26832489ns          458922 1c009542 01d59023 sh               x29, 0(x11)         x29:0000ffcf x11:1c002e9e  PA:1c002e9e
26832827ns          458939 1c009546 00e09023 sh               x14, 0(x1)          x14:0000ff10  x1:1c002e8e  PA:1c002e8e
26833146ns          458955 1c00954a 01039023 sh               x16, 0(x7)          x16:0000ffdb  x7:1c002ebe  PA:1c002ebe
26833484ns          458972 1c00954e 00a29023 sh               x10, 0(x5)          x10:0000ff5c  x5:1c002eae  PA:1c002eae
26833802ns          458988 1c009552 008b0b13 addi             x22, x22, 8         x22=0000004f x22:00000047
26833822ns          458989 1c009554 1f300793 addi             x15, x0, 499        x15=000001f3
26833842ns          458990 1c009558 e767dae3 bge              x15, x22, -396      x15:000001f3 x22:0000004f
26833941ns          458995 1c0093cc 010c9a0b p.lh             x20, 16(x25!)       x20=ffffffa2 x25=1c002736 x25:1c002726  PA:1c002726
26834259ns          459011 1c0093d0 0104198b p.lh             x19, 16(x8!)        x19=ffffff8b  x8=1c001efe  x8:1c001eee  PA:1c001eee
26834558ns          459026 1c0093d4 2cc10513 addi             x10, x2, 716        x10=10003fa4  x2:10003cd8
26834578ns          459027 1c0093d6 010a990b p.lh             x18, 16(x21!)       x18=ffffff93 x21=1c00172a x21:1c00171a  PA:1c00171a
26834876ns          459042 1c0093da 010b948b p.lh             x9, 16(x23!)         x9=ffffff83 x23=1c000f5a x23:1c000f4a  PA:1c000f4a
26835174ns          459057 1c0093de 2d411623 sh               x20, 716(x2)        x20:ffffffa2  x2:10003cd8  PA:10003fa4
26835194ns          459058 1c0093e2 2d311723 sh               x19, 718(x2)        x19:ffffff8b  x2:10003cd8  PA:10003fa6
26835214ns          459059 1c0093e6 c33ff0ef jal              x1, -974             x1=1c0093e8
26835254ns          459061 1c009018 00051803 lh               x16, 0(x10)         x16=ffffffa2 x10:10003fa4  PA:10003fa4
26835274ns          459062 1c00901c 00251883 lh               x17, 2(x10)         x17=ffffff8b x10:10003fa4  PA:10003fa6
26835294ns          459063 1c009020 030806b3 mul              x13, x16, x16       x13=00002284 x16:ffffffa2 x16:ffffffa2
26835313ns          459064 1c009024 03188633 mul              x12, x17, x17       x12=00003579 x17:ffffff8b x17:ffffff8b
26835333ns          459065 1c009028 40a65613 srai             x12, x12, 0x40a     x12=0000000d x12:00003579
26835353ns          459066 1c00902a 40a6d693 srai             x13, x13, 0x40a     x13=00000008 x13:00002284
26835373ns          459067 1c00902c 00c686b3 add              x13, x13, x12       x13=00000015 x13:00000008 x12:0000000d
26835393ns          459068 1c00902e 1006c633 p.exths          x12, x13, x0        x12=00000015 x13:00000015
26835413ns          459069 1c009032 00855703 lhu              x14, 8(x10)         x14=0000ffd1 x10:10003fa4  PA:10003fac
26835433ns          459070 1c009036 00a55683 lhu              x13, 10(x10)        x13=0000ff6a x10:10003fa4  PA:10003fae
26835453ns          459071 1c00903a 02c60333 mul              x6, x12, x12         x6=000001b9 x12:00000015 x12:00000015
26835473ns          459072 1c00903e 00c55783 lhu              x15, 12(x10)        x15=0000ffe5 x10:10003fa4  PA:10003fb0
26835492ns          459073 1c009042 00e55583 lhu              x11, 14(x10)        x11=00000060 x10:10003fa4  PA:10003fb2
26835512ns          459074 1c009046 dea30333 p.extract        x6, x6, 15, 10       x6=00000000  x6:000001b9
26835532ns          459075 1c00904a 80c7075b p.muls           x14, x14, x12       x14=fffffc25 x14:0000ffd1 x12:00000015
26835572ns          459077 1c00904e 80c686db p.muls           x13, x13, x12       x13=fffff3b2 x13:0000ff6a x12:00000015
26835612ns          459079 1c009052 00455e83 lhu              x29, 4(x10)         x29=00000427 x10:10003fa4  PA:10003fa8
26835632ns          459080 1c009056 00655e03 lhu              x28, 6(x10)         x28=0000007f x10:10003fa4  PA:10003faa
26835652ns          459081 1c00905a 40a75713 srai             x14, x14, 0x40a     x14=ffffffff x14:fffffc25
26835671ns          459082 1c00905c 806787db p.muls           x15, x15, x6        x15=00000000 x15:0000ffe5  x6:00000000
26835691ns          459083 1c009060 40a6d693 srai             x13, x13, 0x40a     x13=fffffffc x13:fffff3b2
26835711ns          459084 1c009062 8065865b p.muls           x12, x11, x6        x12=00000000 x11:00000060  x6:00000000
26835731ns          459085 1c009066 40a7d793 srai             x15, x15, 0x40a     x15=00000000 x15:00000000
26835751ns          459086 1c009068 40a65613 srai             x12, x12, 0x40a     x12=00000000 x12:00000000
26835771ns          459087 1c00906a 01d70733 add              x14, x14, x29       x14=00000426 x14:ffffffff x29:00000427
26835791ns          459088 1c00906c 01c686b3 add              x13, x13, x28       x13=0000007b x13:fffffffc x28:0000007f
26835811ns          459089 1c00906e 00c686b3 add              x13, x13, x12       x13=0000007b x13:0000007b x12:00000000
26835831ns          459090 1c009070 00f70733 add              x14, x14, x15       x14=00000426 x14:00000426 x15:00000000
26835850ns          459091 1c009072 100747b3 p.exths          x15, x14, x0        x15=00000426 x14:00000426
26835870ns          459092 1c009076 1006c733 p.exths          x14, x13, x0        x14=0000007b x13:0000007b
26835890ns          459093 1c00907a 03170633 mul              x12, x14, x17       x12=ffffc7c9 x14:0000007b x17:ffffff8b
26835910ns          459094 1c00907e 030786b3 mul              x13, x15, x16       x13=fffe7a0c x15:00000426 x16:ffffffa2
26835930ns          459095 1c009082 03070733 mul              x14, x14, x16       x14=ffffd2d6 x14:0000007b x16:ffffffa2
26835950ns          459096 1c009086 031787b3 mul              x15, x15, x17       x15=fffe1aa2 x15:00000426 x17:ffffff8b
26835970ns          459097 1c00908a 40a6d693 srai             x13, x13, 0x40a     x13=ffffff9e x13:fffe7a0c
26835990ns          459098 1c00908c 40a65613 srai             x12, x12, 0x40a     x12=fffffff1 x12:ffffc7c9
26836010ns          459099 1c00908e 40a7d793 srai             x15, x15, 0x40a     x15=ffffff86 x15:fffe1aa2
26836029ns          459100 1c009090 40a75713 srai             x14, x14, 0x40a     x14=fffffff4 x14:ffffd2d6
26836049ns          459101 1c009092 40c686b3 sub              x13, x13, x12       x13=ffffffad x13:ffffff9e x12:fffffff1
26836069ns          459102 1c009094 00e787b3 add              x15, x15, x14       x15=ffffff7a x15:ffffff86 x14:fffffff4
26836089ns          459103 1c009096 00d51823 sh               x13, 16(x10)        x13:ffffffad x10:10003fa4  PA:10003fb4
26836109ns          459104 1c00909a 00f51923 sh               x15, 18(x10)        x15:ffffff7a x10:10003fa4  PA:10003fb6
26836129ns          459105 1c00909e 00008067 jalr             x0, x1, 0            x1:1c0093e8
26836169ns          459107 1c0093e8 2dc15583 lhu              x11, 732(x2)        x11=0000ffad  x2:10003cd8  PA:10003fb4
26836189ns          459108 1c0093ec 2de15783 lhu              x15, 734(x2)        x15=0000ff7a  x2:10003cd8  PA:10003fb6
26836208ns          459109 1c0093f0 40b90933 sub              x18, x18, x11       x18=fffeffe6 x18:ffffff93 x11:0000ffad
26836228ns          459110 1c0093f4 40f484b3 sub              x9, x9, x15          x9=ffff0009  x9:ffffff83 x15:0000ff7a
26836248ns          459111 1c0093f6 100945b3 p.exths          x11, x18, x0        x11=ffffffe6 x18:fffeffe6
26836268ns          459112 1c0093fa 1004c7b3 p.exths          x15, x9, x0         x15=00000009  x9:ffff0009
26836288ns          459113 1c0093fe 034586b3 mul              x13, x11, x20       x13=0000098c x11:ffffffe6 x20:ffffffa2
26836308ns          459114 1c009402 03378533 mul              x10, x15, x19       x10=fffffbe3 x15:00000009 x19:ffffff8b
26836328ns          459115 1c009406 034a0633 mul              x12, x20, x20       x12=00002284 x20:ffffffa2 x20:ffffffa2
26836348ns          459116 1c00940a 03398733 mul              x14, x19, x19       x14=00003579 x19:ffffff8b x19:ffffff8b
26836368ns          459117 1c00940e 034787b3 mul              x15, x15, x20       x15=fffffcb2 x15:00000009 x20:ffffffa2
26836387ns          459118 1c009412 033585b3 mul              x11, x11, x19       x11=00000be2 x11:ffffffe6 x19:ffffff8b
26836407ns          459119 1c009416 40a75713 srai             x14, x14, 0x40a     x14=0000000d x14:00003579
26836427ns          459120 1c009418 40a5d593 srai             x11, x11, 0x40a     x11=00000002 x11:00000be2
26836447ns          459121 1c00941a 40a65613 srai             x12, x12, 0x40a     x12=00000008 x12:00002284
26836467ns          459122 1c00941c 40a7d793 srai             x15, x15, 0x40a     x15=ffffffff x15:fffffcb2
26836487ns          459123 1c00941e 1c0034b7 lui              x9, 0x1c003000       x9=1c003000
26836507ns          459124 1c009422 00e60633 add              x12, x12, x14       x12=00000015 x12:00000008 x14:0000000d
26836527ns          459125 1c009424 40b787b3 sub              x15, x15, x11       x15=fffffffd x15:ffffffff x11:00000002
26836547ns          459126 1c009426 eb048493 addi             x9, x9, -336         x9=1c002eb0  x9:1c003000
26836566ns          459127 1c00942a 1c0032b7 lui              x5, 0x1c003000       x5=1c003000
26836586ns          459128 1c00942e 1c0035b7 lui              x11, 0x1c003000     x11=1c003000
26836606ns          459129 1c009432 018483b3 add              x7, x9, x24          x7=1c002ebe  x9:1c002eb0 x24:0000000e
26836626ns          459130 1c009436 02812e83 lw               x29, 40(x2)         x29=1c002ece  x2:10003cd8  PA:10003d00
26836646ns          459131 1c009438 10065633 p.exthz          x12, x12, x0        x12=00000015 x12:00000015
26836666ns          459132 1c00943c e8028293 addi             x5, x5, -384         x5=1c002e80  x5:1c003000
26836706ns          459134 1c009440 ea058593 addi             x11, x11, -352      x11=1c002ea0 x11:1c003000
26836745ns          459136 1c009444 03812483 lw               x9, 56(x2)           x9=1c002eee  x2:10003cd8  PA:10003d10
26836765ns          459137 1c009446 10064733 p.exths          x14, x12, x0        x14=00000015 x12:00000015
26836785ns          459138 1c00944a 018280b3 add              x1, x5, x24          x1=1c002e8e  x5:1c002e80 x24:0000000e
26836805ns          459139 1c00944e 03012f03 lw               x30, 48(x2)         x30=1c002ede  x2:10003cd8  PA:10003d08
26836825ns          459140 1c009450 018582b3 add              x5, x11, x24         x5=1c002eae x11:1c002ea0 x24:0000000e
26836845ns          459141 1c009454 04012583 lw               x11, 64(x2)         x11=1c002efe  x2:10003cd8  PA:10003d18
26836865ns          459142 1c009456 000edd83 lhu              x27, 0(x29)         x27=000006aa x29:1c002ece  PA:1c002ece
26837183ns          459158 1c00945a 0004d483 lhu              x9, 0(x9)            x9=00000224  x9:1c002eee  PA:1c002eee
26837541ns          459176 1c00945e 02e70333 mul              x6, x14, x14         x6=000001b9 x14:00000015 x14:00000015
26837561ns          459177 1c009462 40a55513 srai             x10, x10, 0x40a     x10=fffffffe x10:fffffbe3
26837581ns          459178 1c009464 04812e83 lw               x29, 72(x2)         x29=1c002f0e  x2:10003cd8  PA:10003d20
26837601ns          459179 1c009466 40a6d693 srai             x13, x13, 0x40a     x13=00000002 x13:0000098c
26837620ns          459180 1c009468 000f5d03 lhu              x26, 0(x30)         x26=00000338 x30:1c002ede  PA:1c002ede
26837978ns          459198 1c00946c 0005d583 lhu              x11, 0(x11)         x11=00000195 x11:1c002efe  PA:1c002efe
26838396ns          459219 1c009470 40a35313 srai             x6, x6, 0x40a        x6=00000000  x6:000001b9
26838416ns          459220 1c009474 00a686b3 add              x13, x13, x10       x13=00000000 x13:00000002 x10:fffffffe
26838436ns          459221 1c009476 05012f03 lw               x30, 80(x2)         x30=1c002e7e  x2:10003cd8  PA:10003d28
26838456ns          459222 1c009478 10034e33 p.exths          x28, x6, x0         x28=00000000  x6:00000000
26838476ns          459223 1c00947c 06911023 sh               x9, 96(x2)           x9:00000224  x2:10003cd8  PA:10003d38
26838496ns          459224 1c009480 000ede83 lhu              x29, 0(x29)         x29=00000139 x29:1c002f0e  PA:1c002f0e
26838794ns          459239 1c009484 05812483 lw               x9, 88(x2)           x9=1c002e6e  x2:10003cd8  PA:10003d30
26838814ns          459240 1c009486 1006d6b3 p.exthz          x13, x13, x0        x13=00000000 x13:00000000
26838834ns          459241 1c00948a 02ee08b3 mul              x17, x28, x14       x17=00000000 x28:00000000 x14:00000015
26838854ns          459242 1c00948e 1006c833 p.exths          x16, x13, x0        x16=00000000 x13:00000000
26838873ns          459243 1c009492 06b11823 sh               x11, 112(x2)        x11:00000195  x2:10003cd8  PA:10003d48
26838893ns          459244 1c009496 000f5f03 lhu              x30, 0(x30)         x30=0000ffac x30:1c002e7e  PA:1c002e7e
26839192ns          459259 1c00949a 0a012583 lw               x11, 160(x2)        x11=1c002e9e  x2:10003cd8  PA:10003d78
26839212ns          459260 1c00949c 1007d7b3 p.exthz          x15, x15, x0        x15=0000fffd x15:fffffffd
26839231ns          459261 1c0094a0 0004da03 lhu              x20, 0(x9)          x20=0000fe4f  x9:1c002e6e  PA:1c002e6e
26839609ns          459280 1c0094a4 1007c533 p.exths          x10, x15, x0        x10=fffffffd x15:0000fffd
26839629ns          459281 1c0094a8 09d11023 sh               x29, 128(x2)        x29:00000139  x2:10003cd8  PA:10003d58
26839649ns          459282 1c0094ac 0003d483 lhu              x9, 0(x7)            x9=0000ffdb  x7:1c002ebe  PA:1c002ebe
26840007ns          459300 1c0094b0 02e80eb3 mul              x29, x16, x14       x29=00000000 x16:00000000 x14:00000015
26840027ns          459301 1c0094b4 40a8d893 srai             x17, x17, 0x40a     x17=00000000 x17:00000000
26840047ns          459302 1c0094b8 03c80833 mul              x16, x16, x28       x16=00000000 x16:00000000 x28:00000000
26840067ns          459303 1c0094bc 09e11823 sh               x30, 144(x2)        x30:0000ffac  x2:10003cd8  PA:10003d68
26840106ns          459305 1c0094c0 0005d983 lhu              x19, 0(x11)         x19=0000ffcf x11:1c002e9e  PA:1c002e9e
26840405ns          459320 1c0094c4 81c88f5b p.muls           x30, x17, x28       x30=00000000 x17:00000000 x28:00000000
26840425ns          459321 1c0094c8 0002d583 lhu              x11, 0(x5)          x11=0000ff5c  x5:1c002eae  PA:1c002eae
26840783ns          459339 1c0094cc 03ce0fb3 mul              x31, x28, x28       x31=00000000 x28:00000000 x28:00000000
26840803ns          459340 1c0094d0 02e50733 mul              x14, x10, x14       x14=ffffffc1 x10:fffffffd x14:00000015
26840822ns          459341 1c0094d4 40a85813 srai             x16, x16, 0x40a     x16=00000000 x16:00000000
26840842ns          459342 1c0094d8 03c50533 mul              x10, x10, x28       x10=00000000 x10:fffffffd x28:00000000
26840862ns          459343 1c0094dc 07015e03 lhu              x28, 112(x2)        x28=00000195  x2:10003cd8  PA:10003d48
26840882ns          459344 1c0094e0 01b60633 add              x12, x12, x27       x12=000006bf x12:00000015 x27:000006aa
26840902ns          459345 1c0094e2 00980833 add              x16, x16, x9        x16=0000ffdb x16:00000000  x9:0000ffdb
26840922ns          459346 1c0094e4 06015d83 lhu              x27, 96(x2)         x27=00000224  x2:10003cd8  PA:10003d38
26840942ns          459347 1c0094e8 02812483 lw               x9, 40(x2)           x9=1c002ece  x2:10003cd8  PA:10003d00
26840962ns          459348 1c0094ea 40afdf93 srai             x31, x31, 0x40a     x31=00000000 x31:00000000
26840982ns          459349 1c0094ee 40a55513 srai             x10, x10, 0x40a     x10=00000000 x10:00000000
26841001ns          459350 1c0094f0 01cf8fb3 add              x31, x31, x28       x31=00000195 x31:00000000 x28:00000195
26841021ns          459351 1c0094f2 00b50533 add              x10, x10, x11       x10=0000ff5c x10:00000000 x11:0000ff5c
26841041ns          459352 1c0094f4 09015e03 lhu              x28, 144(x2)        x28=0000ffac  x2:10003cd8  PA:10003d68
26841061ns          459353 1c0094f8 03012583 lw               x11, 48(x2)         x11=1c002ede  x2:10003cd8  PA:10003d08
26841081ns          459354 1c0094fa 00c49023 sh               x12, 0(x9)          x12:000006bf  x9:1c002ece  PA:1c002ece
26841399ns          459370 1c0094fe 01b888b3 add              x17, x17, x27       x17=00000224 x17:00000000 x27:00000224
26841419ns          459371 1c009500 01a30333 add              x6, x6, x26          x6=00000338  x6:00000000 x26:00000338
26841439ns          459372 1c009502 08015d83 lhu              x27, 128(x2)        x27=00000139  x2:10003cd8  PA:10003d58
26841459ns          459373 1c009506 0000d903 lhu              x18, 0(x1)          x18=0000ff10  x1:1c002e8e  PA:1c002e8e
26841757ns          459388 1c00950a 01c686b3 add              x13, x13, x28       x13=0000ffac x13:00000000 x28:0000ffac
26841777ns          459389 1c00950c 00659023 sh               x6, 0(x11)           x6:00000338 x11:1c002ede  PA:1c002ede
26842135ns          459407 1c009510 40af5f13 srai             x30, x30, 0x40a     x30=00000000 x30:00000000
26842155ns          459408 1c009514 04812e03 lw               x28, 72(x2)         x28=1c002f0e  x2:10003cd8  PA:10003d20
26842175ns          459409 1c009516 01bf0f33 add              x30, x30, x27       x30=00000139 x30:00000000 x27:00000139
26842195ns          459410 1c009518 40aede93 srai             x29, x29, 0x40a     x29=00000000 x29:00000000
26842215ns          459411 1c00951c 40a75713 srai             x14, x14, 0x40a     x14=ffffffff x14:ffffffc1
26842234ns          459412 1c00951e 03812603 lw               x12, 56(x2)         x12=1c002eee  x2:10003cd8  PA:10003d10
26842254ns          459413 1c009520 04012d83 lw               x27, 64(x2)         x27=1c002efe  x2:10003cd8  PA:10003d18
26842274ns          459414 1c009522 01ee1023 sh               x30, 0(x28)         x30:00000139 x28:1c002f0e  PA:1c002f0e
26842592ns          459430 1c009526 05812483 lw               x9, 88(x2)           x9=1c002e6e  x2:10003cd8  PA:10003d30
26842612ns          459431 1c009528 05012f03 lw               x30, 80(x2)         x30=1c002e7e  x2:10003cd8  PA:10003d28
26842632ns          459432 1c00952a 0a012583 lw               x11, 160(x2)        x11=1c002e9e  x2:10003cd8  PA:10003d78
26842652ns          459433 1c00952c 014787b3 add              x15, x15, x20       x15=0001fe4c x15:0000fffd x20:0000fe4f
26842672ns          459434 1c00952e 013e8eb3 add              x29, x29, x19       x29=0000ffcf x29:00000000 x19:0000ffcf
26842692ns          459435 1c009530 01270733 add              x14, x14, x18       x14=0000ff0f x14:ffffffff x18:0000ff10
26842712ns          459436 1c009532 00f49023 sh               x15, 0(x9)          x15:0001fe4c  x9:1c002e6e  PA:1c002e6e
26843030ns          459452 1c009536 01161023 sh               x17, 0(x12)         x17:00000224 x12:1c002eee  PA:1c002eee
26843368ns          459469 1c00953a 01fd9023 sh               x31, 0(x27)         x31:00000195 x27:1c002efe  PA:1c002efe
26843686ns          459485 1c00953e 00df1023 sh               x13, 0(x30)         x13:0000ffac x30:1c002e7e  PA:1c002e7e
26844005ns          459501 1c009542 01d59023 sh               x29, 0(x11)         x29:0000ffcf x11:1c002e9e  PA:1c002e9e
26844323ns          459517 1c009546 00e09023 sh               x14, 0(x1)          x14:0000ff0f  x1:1c002e8e  PA:1c002e8e
26844661ns          459534 1c00954a 01039023 sh               x16, 0(x7)          x16:0000ffdb  x7:1c002ebe  PA:1c002ebe
26844979ns          459550 1c00954e 00a29023 sh               x10, 0(x5)          x10:0000ff5c  x5:1c002eae  PA:1c002eae
26845317ns          459567 1c009552 008b0b13 addi             x22, x22, 8         x22=00000057 x22:0000004f
26845337ns          459568 1c009554 1f300793 addi             x15, x0, 499        x15=000001f3
26845357ns          459569 1c009558 e767dae3 bge              x15, x22, -396      x15:000001f3 x22:00000057
26845456ns          459574 1c0093cc 010c9a0b p.lh             x20, 16(x25!)       x20=ffffffed x25=1c002746 x25:1c002736  PA:1c002736
26845755ns          459589 1c0093d0 0104198b p.lh             x19, 16(x8!)        x19=fffffea4  x8=1c001f0e  x8:1c001efe  PA:1c001efe
26846093ns          459606 1c0093d4 2cc10513 addi             x10, x2, 716        x10=10003fa4  x2:10003cd8
26846113ns          459607 1c0093d6 010a990b p.lh             x18, 16(x21!)       x18=ffffffd6 x21=1c00173a x21:1c00172a  PA:1c00172a
26846411ns          459622 1c0093da 010b948b p.lh             x9, 16(x23!)         x9=fffffea5 x23=1c000f6a x23:1c000f5a  PA:1c000f5a
26846709ns          459637 1c0093de 2d411623 sh               x20, 716(x2)        x20:ffffffed  x2:10003cd8  PA:10003fa4
26846729ns          459638 1c0093e2 2d311723 sh               x19, 718(x2)        x19:fffffea4  x2:10003cd8  PA:10003fa6
26846749ns          459639 1c0093e6 c33ff0ef jal              x1, -974             x1=1c0093e8
26846829ns          459643 1c009018 00051803 lh               x16, 0(x10)         x16=ffffffed x10:10003fa4  PA:10003fa4
26846868ns          459645 1c00901c 00251883 lh               x17, 2(x10)         x17=fffffea4 x10:10003fa4  PA:10003fa6
26846888ns          459646 1c009020 030806b3 mul              x13, x16, x16       x13=00000169 x16:ffffffed x16:ffffffed
26846908ns          459647 1c009024 03188633 mul              x12, x17, x17       x12=0001d910 x17:fffffea4 x17:fffffea4
26846928ns          459648 1c009028 40a65613 srai             x12, x12, 0x40a     x12=00000076 x12:0001d910
26846948ns          459649 1c00902a 40a6d693 srai             x13, x13, 0x40a     x13=00000000 x13:00000169
26846968ns          459650 1c00902c 00c686b3 add              x13, x13, x12       x13=00000076 x13:00000000 x12:00000076
26846988ns          459651 1c00902e 1006c633 p.exths          x12, x13, x0        x12=00000076 x13:00000076
26847008ns          459652 1c009032 00855703 lhu              x14, 8(x10)         x14=0000ffd1 x10:10003fa4  PA:10003fac
26847027ns          459653 1c009036 00a55683 lhu              x13, 10(x10)        x13=0000ff6a x10:10003fa4  PA:10003fae
26847047ns          459654 1c00903a 02c60333 mul              x6, x12, x12         x6=00003664 x12:00000076 x12:00000076
26847087ns          459656 1c00903e 00c55783 lhu              x15, 12(x10)        x15=0000ffe5 x10:10003fa4  PA:10003fb0
26847127ns          459658 1c009042 00e55583 lhu              x11, 14(x10)        x11=00000060 x10:10003fa4  PA:10003fb2
26847147ns          459659 1c009046 dea30333 p.extract        x6, x6, 15, 10       x6=0000000d  x6:00003664
26847167ns          459660 1c00904a 80c7075b p.muls           x14, x14, x12       x14=ffffea56 x14:0000ffd1 x12:00000076
26847226ns          459663 1c00904e 80c686db p.muls           x13, x13, x12       x13=ffffbadc x13:0000ff6a x12:00000076
26847266ns          459665 1c009052 00455e83 lhu              x29, 4(x10)         x29=00000427 x10:10003fa4  PA:10003fa8
26847286ns          459666 1c009056 00655e03 lhu              x28, 6(x10)         x28=0000007f x10:10003fa4  PA:10003faa
26847306ns          459667 1c00905a 40a75713 srai             x14, x14, 0x40a     x14=fffffffa x14:ffffea56
26847326ns          459668 1c00905c 806787db p.muls           x15, x15, x6        x15=fffffea1 x15:0000ffe5  x6:0000000d
26847346ns          459669 1c009060 40a6d693 srai             x13, x13, 0x40a     x13=ffffffee x13:ffffbadc
26847366ns          459670 1c009062 8065865b p.muls           x12, x11, x6        x12=000004e0 x11:00000060  x6:0000000d
26847385ns          459671 1c009066 40a7d793 srai             x15, x15, 0x40a     x15=ffffffff x15:fffffea1
26847405ns          459672 1c009068 40a65613 srai             x12, x12, 0x40a     x12=00000001 x12:000004e0
26847425ns          459673 1c00906a 01d70733 add              x14, x14, x29       x14=00000421 x14:fffffffa x29:00000427
26847445ns          459674 1c00906c 01c686b3 add              x13, x13, x28       x13=0000006d x13:ffffffee x28:0000007f
26847465ns          459675 1c00906e 00c686b3 add              x13, x13, x12       x13=0000006e x13:0000006d x12:00000001
26847485ns          459676 1c009070 00f70733 add              x14, x14, x15       x14=00000420 x14:00000421 x15:ffffffff
26847505ns          459677 1c009072 100747b3 p.exths          x15, x14, x0        x15=00000420 x14:00000420
26847525ns          459678 1c009076 1006c733 p.exths          x14, x13, x0        x14=0000006e x13:0000006e
26847545ns          459679 1c00907a 03170633 mul              x12, x14, x17       x12=ffff6a78 x14:0000006e x17:fffffea4
26847564ns          459680 1c00907e 030786b3 mul              x13, x15, x16       x13=ffffb1a0 x15:00000420 x16:ffffffed
26847584ns          459681 1c009082 03070733 mul              x14, x14, x16       x14=fffff7d6 x14:0000006e x16:ffffffed
26847604ns          459682 1c009086 031787b3 mul              x15, x15, x17       x15=fffa6480 x15:00000420 x17:fffffea4
26847624ns          459683 1c00908a 40a6d693 srai             x13, x13, 0x40a     x13=ffffffec x13:ffffb1a0
26847644ns          459684 1c00908c 40a65613 srai             x12, x12, 0x40a     x12=ffffffda x12:ffff6a78
26847664ns          459685 1c00908e 40a7d793 srai             x15, x15, 0x40a     x15=fffffe99 x15:fffa6480
26847684ns          459686 1c009090 40a75713 srai             x14, x14, 0x40a     x14=fffffffd x14:fffff7d6
26847704ns          459687 1c009092 40c686b3 sub              x13, x13, x12       x13=00000012 x13:ffffffec x12:ffffffda
26847724ns          459688 1c009094 00e787b3 add              x15, x15, x14       x15=fffffe96 x15:fffffe99 x14:fffffffd
26847743ns          459689 1c009096 00d51823 sh               x13, 16(x10)        x13:00000012 x10:10003fa4  PA:10003fb4
26847763ns          459690 1c00909a 00f51923 sh               x15, 18(x10)        x15:fffffe96 x10:10003fa4  PA:10003fb6
26847783ns          459691 1c00909e 00008067 jalr             x0, x1, 0            x1:1c0093e8
26847823ns          459693 1c0093e8 2dc15583 lhu              x11, 732(x2)        x11=00000012  x2:10003cd8  PA:10003fb4
26847843ns          459694 1c0093ec 2de15783 lhu              x15, 734(x2)        x15=0000fe96  x2:10003cd8  PA:10003fb6
26847863ns          459695 1c0093f0 40b90933 sub              x18, x18, x11       x18=ffffffc4 x18:ffffffd6 x11:00000012
26847883ns          459696 1c0093f4 40f484b3 sub              x9, x9, x15          x9=ffff000f  x9:fffffea5 x15:0000fe96
26847903ns          459697 1c0093f6 100945b3 p.exths          x11, x18, x0        x11=ffffffc4 x18:ffffffc4
26847922ns          459698 1c0093fa 1004c7b3 p.exths          x15, x9, x0         x15=0000000f  x9:ffff000f
26847942ns          459699 1c0093fe 034586b3 mul              x13, x11, x20       x13=00000474 x11:ffffffc4 x20:ffffffed
26847962ns          459700 1c009402 03378533 mul              x10, x15, x19       x10=ffffeb9c x15:0000000f x19:fffffea4
26847982ns          459701 1c009406 034a0633 mul              x12, x20, x20       x12=00000169 x20:ffffffed x20:ffffffed
26848002ns          459702 1c00940a 03398733 mul              x14, x19, x19       x14=0001d910 x19:fffffea4 x19:fffffea4
26848062ns          459705 1c00940e 034787b3 mul              x15, x15, x20       x15=fffffee3 x15:0000000f x20:ffffffed
26848101ns          459707 1c009412 033585b3 mul              x11, x11, x19       x11=00005190 x11:ffffffc4 x19:fffffea4
26848121ns          459708 1c009416 40a75713 srai             x14, x14, 0x40a     x14=00000076 x14:0001d910
26848141ns          459709 1c009418 40a5d593 srai             x11, x11, 0x40a     x11=00000014 x11:00005190
26848161ns          459710 1c00941a 40a65613 srai             x12, x12, 0x40a     x12=00000000 x12:00000169
26848181ns          459711 1c00941c 40a7d793 srai             x15, x15, 0x40a     x15=ffffffff x15:fffffee3
26848201ns          459712 1c00941e 1c0034b7 lui              x9, 0x1c003000       x9=1c003000
26848221ns          459713 1c009422 00e60633 add              x12, x12, x14       x12=00000076 x12:00000000 x14:00000076
26848241ns          459714 1c009424 40b787b3 sub              x15, x15, x11       x15=ffffffeb x15:ffffffff x11:00000014
26848261ns          459715 1c009426 eb048493 addi             x9, x9, -336         x9=1c002eb0  x9:1c003000
26848280ns          459716 1c00942a 1c0032b7 lui              x5, 0x1c003000       x5=1c003000
26848300ns          459717 1c00942e 1c0035b7 lui              x11, 0x1c003000     x11=1c003000
26848320ns          459718 1c009432 018483b3 add              x7, x9, x24          x7=1c002ebe  x9:1c002eb0 x24:0000000e
26848340ns          459719 1c009436 02812e83 lw               x29, 40(x2)         x29=1c002ece  x2:10003cd8  PA:10003d00
26848360ns          459720 1c009438 10065633 p.exthz          x12, x12, x0        x12=00000076 x12:00000076
26848380ns          459721 1c00943c e8028293 addi             x5, x5, -384         x5=1c002e80  x5:1c003000
26848400ns          459722 1c009440 ea058593 addi             x11, x11, -352      x11=1c002ea0 x11:1c003000
26848420ns          459723 1c009444 03812483 lw               x9, 56(x2)           x9=1c002eee  x2:10003cd8  PA:10003d10
26848440ns          459724 1c009446 10064733 p.exths          x14, x12, x0        x14=00000076 x12:00000076
26848459ns          459725 1c00944a 018280b3 add              x1, x5, x24          x1=1c002e8e  x5:1c002e80 x24:0000000e
26848479ns          459726 1c00944e 03012f03 lw               x30, 48(x2)         x30=1c002ede  x2:10003cd8  PA:10003d08
26848499ns          459727 1c009450 018582b3 add              x5, x11, x24         x5=1c002eae x11:1c002ea0 x24:0000000e
26848519ns          459728 1c009454 04012583 lw               x11, 64(x2)         x11=1c002efe  x2:10003cd8  PA:10003d18
26848539ns          459729 1c009456 000edd83 lhu              x27, 0(x29)         x27=000006bf x29:1c002ece  PA:1c002ece
26848837ns          459744 1c00945a 0004d483 lhu              x9, 0(x9)            x9=00000224  x9:1c002eee  PA:1c002eee
26849136ns          459759 1c00945e 02e70333 mul              x6, x14, x14         x6=00003664 x14:00000076 x14:00000076
26849156ns          459760 1c009462 40a55513 srai             x10, x10, 0x40a     x10=fffffffa x10:ffffeb9c
26849175ns          459761 1c009464 04812e83 lw               x29, 72(x2)         x29=1c002f0e  x2:10003cd8  PA:10003d20
26849195ns          459762 1c009466 40a6d693 srai             x13, x13, 0x40a     x13=00000001 x13:00000474
26849215ns          459763 1c009468 000f5d03 lhu              x26, 0(x30)         x26=00000338 x30:1c002ede  PA:1c002ede
26849513ns          459778 1c00946c 0005d583 lhu              x11, 0(x11)         x11=00000195 x11:1c002efe  PA:1c002efe
26849812ns          459793 1c009470 40a35313 srai             x6, x6, 0x40a        x6=0000000d  x6:00003664
26849832ns          459794 1c009474 00a686b3 add              x13, x13, x10       x13=fffffffb x13:00000001 x10:fffffffa
26849852ns          459795 1c009476 05012f03 lw               x30, 80(x2)         x30=1c002e7e  x2:10003cd8  PA:10003d28
26849871ns          459796 1c009478 10034e33 p.exths          x28, x6, x0         x28=0000000d  x6:0000000d
26849891ns          459797 1c00947c 06911023 sh               x9, 96(x2)           x9:00000224  x2:10003cd8  PA:10003d38
26849911ns          459798 1c009480 000ede83 lhu              x29, 0(x29)         x29=00000139 x29:1c002f0e  PA:1c002f0e
26850210ns          459813 1c009484 05812483 lw               x9, 88(x2)           x9=1c002e6e  x2:10003cd8  PA:10003d30
26850229ns          459814 1c009486 1006d6b3 p.exthz          x13, x13, x0        x13=0000fffb x13:fffffffb
26850249ns          459815 1c00948a 02ee08b3 mul              x17, x28, x14       x17=000005fe x28:0000000d x14:00000076
26850269ns          459816 1c00948e 1006c833 p.exths          x16, x13, x0        x16=fffffffb x13:0000fffb
26850289ns          459817 1c009492 06b11823 sh               x11, 112(x2)        x11:00000195  x2:10003cd8  PA:10003d48
26850309ns          459818 1c009496 000f5f03 lhu              x30, 0(x30)         x30=0000ffac x30:1c002e7e  PA:1c002e7e
26850607ns          459833 1c00949a 0a012583 lw               x11, 160(x2)        x11=1c002e9e  x2:10003cd8  PA:10003d78
26850627ns          459834 1c00949c 1007d7b3 p.exthz          x15, x15, x0        x15=0000ffeb x15:ffffffeb
26850647ns          459835 1c0094a0 0004da03 lhu              x20, 0(x9)          x20=0000fe4c  x9:1c002e6e  PA:1c002e6e
26850965ns          459851 1c0094a4 1007c533 p.exths          x10, x15, x0        x10=ffffffeb x15:0000ffeb
26850985ns          459852 1c0094a8 09d11023 sh               x29, 128(x2)        x29:00000139  x2:10003cd8  PA:10003d58
26851005ns          459853 1c0094ac 0003d483 lhu              x9, 0(x7)            x9=0000ffdb  x7:1c002ebe  PA:1c002ebe
26851323ns          459869 1c0094b0 02e80eb3 mul              x29, x16, x14       x29=fffffdb2 x16:fffffffb x14:00000076
26851343ns          459870 1c0094b4 40a8d893 srai             x17, x17, 0x40a     x17=00000001 x17:000005fe
26851363ns          459871 1c0094b8 03c80833 mul              x16, x16, x28       x16=ffffffbf x16:fffffffb x28:0000000d
26851383ns          459872 1c0094bc 09e11823 sh               x30, 144(x2)        x30:0000ffac  x2:10003cd8  PA:10003d68
26851403ns          459873 1c0094c0 0005d983 lhu              x19, 0(x11)         x19=0000ffcf x11:1c002e9e  PA:1c002e9e
26851701ns          459888 1c0094c4 81c88f5b p.muls           x30, x17, x28       x30=0000000d x17:00000001 x28:0000000d
26851721ns          459889 1c0094c8 0002d583 lhu              x11, 0(x5)          x11=0000ff5c  x5:1c002eae  PA:1c002eae
26852019ns          459904 1c0094cc 03ce0fb3 mul              x31, x28, x28       x31=000000a9 x28:0000000d x28:0000000d
26852039ns          459905 1c0094d0 02e50733 mul              x14, x10, x14       x14=fffff652 x10:ffffffeb x14:00000076
26852059ns          459906 1c0094d4 40a85813 srai             x16, x16, 0x40a     x16=ffffffff x16:ffffffbf
26852079ns          459907 1c0094d8 03c50533 mul              x10, x10, x28       x10=fffffeef x10:ffffffeb x28:0000000d
26852099ns          459908 1c0094dc 07015e03 lhu              x28, 112(x2)        x28=00000195  x2:10003cd8  PA:10003d48
26852139ns          459910 1c0094e0 01b60633 add              x12, x12, x27       x12=00000735 x12:00000076 x27:000006bf
26852159ns          459911 1c0094e2 00980833 add              x16, x16, x9        x16=0000ffda x16:ffffffff  x9:0000ffdb
26852178ns          459912 1c0094e4 06015d83 lhu              x27, 96(x2)         x27=00000224  x2:10003cd8  PA:10003d38
26852198ns          459913 1c0094e8 02812483 lw               x9, 40(x2)           x9=1c002ece  x2:10003cd8  PA:10003d00
26852218ns          459914 1c0094ea 40afdf93 srai             x31, x31, 0x40a     x31=00000000 x31:000000a9
26852238ns          459915 1c0094ee 40a55513 srai             x10, x10, 0x40a     x10=ffffffff x10:fffffeef
26852258ns          459916 1c0094f0 01cf8fb3 add              x31, x31, x28       x31=00000195 x31:00000000 x28:00000195
26852278ns          459917 1c0094f2 00b50533 add              x10, x10, x11       x10=0000ff5b x10:ffffffff x11:0000ff5c
26852298ns          459918 1c0094f4 09015e03 lhu              x28, 144(x2)        x28=0000ffac  x2:10003cd8  PA:10003d68
26852318ns          459919 1c0094f8 03012583 lw               x11, 48(x2)         x11=1c002ede  x2:10003cd8  PA:10003d08
26852338ns          459920 1c0094fa 00c49023 sh               x12, 0(x9)          x12:00000735  x9:1c002ece  PA:1c002ece
26852696ns          459938 1c0094fe 01b888b3 add              x17, x17, x27       x17=00000225 x17:00000001 x27:00000224
26852715ns          459939 1c009500 01a30333 add              x6, x6, x26          x6=00000345  x6:0000000d x26:00000338
26852735ns          459940 1c009502 08015d83 lhu              x27, 128(x2)        x27=00000139  x2:10003cd8  PA:10003d58
26852755ns          459941 1c009506 0000d903 lhu              x18, 0(x1)          x18=0000ff0f  x1:1c002e8e  PA:1c002e8e
26853054ns          459956 1c00950a 01c686b3 add              x13, x13, x28       x13=0001ffa7 x13:0000fffb x28:0000ffac
26853073ns          459957 1c00950c 00659023 sh               x6, 0(x11)           x6:00000345 x11:1c002ede  PA:1c002ede
26853412ns          459974 1c009510 40af5f13 srai             x30, x30, 0x40a     x30=00000000 x30:0000000d
26853431ns          459975 1c009514 04812e03 lw               x28, 72(x2)         x28=1c002f0e  x2:10003cd8  PA:10003d20
26853451ns          459976 1c009516 01bf0f33 add              x30, x30, x27       x30=00000139 x30:00000000 x27:00000139
26853471ns          459977 1c009518 40aede93 srai             x29, x29, 0x40a     x29=ffffffff x29:fffffdb2
26853491ns          459978 1c00951c 40a75713 srai             x14, x14, 0x40a     x14=fffffffd x14:fffff652
26853511ns          459979 1c00951e 03812603 lw               x12, 56(x2)         x12=1c002eee  x2:10003cd8  PA:10003d10
26853531ns          459980 1c009520 04012d83 lw               x27, 64(x2)         x27=1c002efe  x2:10003cd8  PA:10003d18
26853551ns          459981 1c009522 01ee1023 sh               x30, 0(x28)         x30:00000139 x28:1c002f0e  PA:1c002f0e
26853949ns          460001 1c009526 05812483 lw               x9, 88(x2)           x9=1c002e6e  x2:10003cd8  PA:10003d30
26853968ns          460002 1c009528 05012f03 lw               x30, 80(x2)         x30=1c002e7e  x2:10003cd8  PA:10003d28
26853988ns          460003 1c00952a 0a012583 lw               x11, 160(x2)        x11=1c002e9e  x2:10003cd8  PA:10003d78
26854008ns          460004 1c00952c 014787b3 add              x15, x15, x20       x15=0001fe37 x15:0000ffeb x20:0000fe4c
26854028ns          460005 1c00952e 013e8eb3 add              x29, x29, x19       x29=0000ffce x29:ffffffff x19:0000ffcf
26854048ns          460006 1c009530 01270733 add              x14, x14, x18       x14=0000ff0c x14:fffffffd x18:0000ff0f
26854068ns          460007 1c009532 00f49023 sh               x15, 0(x9)          x15:0001fe37  x9:1c002e6e  PA:1c002e6e
26854386ns          460023 1c009536 01161023 sh               x17, 0(x12)         x17:00000225 x12:1c002eee  PA:1c002eee
26854704ns          460039 1c00953a 01fd9023 sh               x31, 0(x27)         x31:00000195 x27:1c002efe  PA:1c002efe
26855022ns          460055 1c00953e 00df1023 sh               x13, 0(x30)         x13:0001ffa7 x30:1c002e7e  PA:1c002e7e
26855361ns          460072 1c009542 01d59023 sh               x29, 0(x11)         x29:0000ffce x11:1c002e9e  PA:1c002e9e
26855679ns          460088 1c009546 00e09023 sh               x14, 0(x1)          x14:0000ff0c  x1:1c002e8e  PA:1c002e8e
26856037ns          460106 1c00954a 01039023 sh               x16, 0(x7)          x16:0000ffda  x7:1c002ebe  PA:1c002ebe
26856355ns          460122 1c00954e 00a29023 sh               x10, 0(x5)          x10:0000ff5b  x5:1c002eae  PA:1c002eae
26856693ns          460139 1c009552 008b0b13 addi             x22, x22, 8         x22=0000005f x22:00000057
26856713ns          460140 1c009554 1f300793 addi             x15, x0, 499        x15=000001f3
26856733ns          460141 1c009558 e767dae3 bge              x15, x22, -396      x15:000001f3 x22:0000005f
26856792ns          460144 1c0093cc 010c9a0b p.lh             x20, 16(x25!)       x20=00000052 x25=1c002756 x25:1c002746  PA:1c002746
26857091ns          460159 1c0093d0 0104198b p.lh             x19, 16(x8!)        x19=ffffffce  x8=1c001f1e  x8:1c001f0e  PA:1c001f0e
26857389ns          460174 1c0093d4 2cc10513 addi             x10, x2, 716        x10=10003fa4  x2:10003cd8
26857409ns          460175 1c0093d6 010a990b p.lh             x18, 16(x21!)       x18=00000053 x21=1c00174a x21:1c00173a  PA:1c00173a
26857707ns          460190 1c0093da 010b948b p.lh             x9, 16(x23!)         x9=ffffffcd x23=1c000f7a x23:1c000f6a  PA:1c000f6a
26858006ns          460205 1c0093de 2d411623 sh               x20, 716(x2)        x20:00000052  x2:10003cd8  PA:10003fa4
26858026ns          460206 1c0093e2 2d311723 sh               x19, 718(x2)        x19:ffffffce  x2:10003cd8  PA:10003fa6
26858045ns          460207 1c0093e6 c33ff0ef jal              x1, -974             x1=1c0093e8
26858085ns          460209 1c009018 00051803 lh               x16, 0(x10)         x16=00000052 x10:10003fa4  PA:10003fa4
26858105ns          460210 1c00901c 00251883 lh               x17, 2(x10)         x17=ffffffce x10:10003fa4  PA:10003fa6
26858125ns          460211 1c009020 030806b3 mul              x13, x16, x16       x13=00001a44 x16:00000052 x16:00000052
26858145ns          460212 1c009024 03188633 mul              x12, x17, x17       x12=000009c4 x17:ffffffce x17:ffffffce
26858165ns          460213 1c009028 40a65613 srai             x12, x12, 0x40a     x12=00000002 x12:000009c4
26858185ns          460214 1c00902a 40a6d693 srai             x13, x13, 0x40a     x13=00000006 x13:00001a44
26858205ns          460215 1c00902c 00c686b3 add              x13, x13, x12       x13=00000008 x13:00000006 x12:00000002
26858224ns          460216 1c00902e 1006c633 p.exths          x12, x13, x0        x12=00000008 x13:00000008
26858244ns          460217 1c009032 00855703 lhu              x14, 8(x10)         x14=0000ffd1 x10:10003fa4  PA:10003fac
26858264ns          460218 1c009036 00a55683 lhu              x13, 10(x10)        x13=0000ff6a x10:10003fa4  PA:10003fae
26858284ns          460219 1c00903a 02c60333 mul              x6, x12, x12         x6=00000040 x12:00000008 x12:00000008
26858324ns          460221 1c00903e 00c55783 lhu              x15, 12(x10)        x15=0000ffe5 x10:10003fa4  PA:10003fb0
26858364ns          460223 1c009042 00e55583 lhu              x11, 14(x10)        x11=00000060 x10:10003fa4  PA:10003fb2
26858384ns          460224 1c009046 dea30333 p.extract        x6, x6, 15, 10       x6=00000000  x6:00000040
26858403ns          460225 1c00904a 80c7075b p.muls           x14, x14, x12       x14=fffffe88 x14:0000ffd1 x12:00000008
26858423ns          460226 1c00904e 80c686db p.muls           x13, x13, x12       x13=fffffb50 x13:0000ff6a x12:00000008
26858443ns          460227 1c009052 00455e83 lhu              x29, 4(x10)         x29=00000427 x10:10003fa4  PA:10003fa8
26858463ns          460228 1c009056 00655e03 lhu              x28, 6(x10)         x28=0000007f x10:10003fa4  PA:10003faa
26858483ns          460229 1c00905a 40a75713 srai             x14, x14, 0x40a     x14=ffffffff x14:fffffe88
26858503ns          460230 1c00905c 806787db p.muls           x15, x15, x6        x15=00000000 x15:0000ffe5  x6:00000000
26858543ns          460232 1c009060 40a6d693 srai             x13, x13, 0x40a     x13=fffffffe x13:fffffb50
26858582ns          460234 1c009062 8065865b p.muls           x12, x11, x6        x12=00000000 x11:00000060  x6:00000000
26858602ns          460235 1c009066 40a7d793 srai             x15, x15, 0x40a     x15=00000000 x15:00000000
26858622ns          460236 1c009068 40a65613 srai             x12, x12, 0x40a     x12=00000000 x12:00000000
26858642ns          460237 1c00906a 01d70733 add              x14, x14, x29       x14=00000426 x14:ffffffff x29:00000427
26858662ns          460238 1c00906c 01c686b3 add              x13, x13, x28       x13=0000007d x13:fffffffe x28:0000007f
26858682ns          460239 1c00906e 00c686b3 add              x13, x13, x12       x13=0000007d x13:0000007d x12:00000000
26858702ns          460240 1c009070 00f70733 add              x14, x14, x15       x14=00000426 x14:00000426 x15:00000000
26858722ns          460241 1c009072 100747b3 p.exths          x15, x14, x0        x15=00000426 x14:00000426
26858742ns          460242 1c009076 1006c733 p.exths          x14, x13, x0        x14=0000007d x13:0000007d
26858761ns          460243 1c00907a 03170633 mul              x12, x14, x17       x12=ffffe796 x14:0000007d x17:ffffffce
26858781ns          460244 1c00907e 030786b3 mul              x13, x15, x16       x13=0001542c x15:00000426 x16:00000052
26858801ns          460245 1c009082 03070733 mul              x14, x14, x16       x14=0000280a x14:0000007d x16:00000052
26858821ns          460246 1c009086 031787b3 mul              x15, x15, x17       x15=ffff3094 x15:00000426 x17:ffffffce
26858841ns          460247 1c00908a 40a6d693 srai             x13, x13, 0x40a     x13=00000055 x13:0001542c
26858861ns          460248 1c00908c 40a65613 srai             x12, x12, 0x40a     x12=fffffff9 x12:ffffe796
26858881ns          460249 1c00908e 40a7d793 srai             x15, x15, 0x40a     x15=ffffffcc x15:ffff3094
26858901ns          460250 1c009090 40a75713 srai             x14, x14, 0x40a     x14=0000000a x14:0000280a
26858921ns          460251 1c009092 40c686b3 sub              x13, x13, x12       x13=0000005c x13:00000055 x12:fffffff9
26858940ns          460252 1c009094 00e787b3 add              x15, x15, x14       x15=ffffffd6 x15:ffffffcc x14:0000000a
26858960ns          460253 1c009096 00d51823 sh               x13, 16(x10)        x13:0000005c x10:10003fa4  PA:10003fb4
26858980ns          460254 1c00909a 00f51923 sh               x15, 18(x10)        x15:ffffffd6 x10:10003fa4  PA:10003fb6
26859000ns          460255 1c00909e 00008067 jalr             x0, x1, 0            x1:1c0093e8
26859119ns          460261 1c0093e8 2dc15583 lhu              x11, 732(x2)        x11=0000005c  x2:10003cd8  PA:10003fb4
26859159ns          460263 1c0093ec 2de15783 lhu              x15, 734(x2)        x15=0000ffd6  x2:10003cd8  PA:10003fb6
26859179ns          460264 1c0093f0 40b90933 sub              x18, x18, x11       x18=fffffff7 x18:00000053 x11:0000005c
26859199ns          460265 1c0093f4 40f484b3 sub              x9, x9, x15          x9=fffefff7  x9:ffffffcd x15:0000ffd6
26859219ns          460266 1c0093f6 100945b3 p.exths          x11, x18, x0        x11=fffffff7 x18:fffffff7
26859239ns          460267 1c0093fa 1004c7b3 p.exths          x15, x9, x0         x15=fffffff7  x9:fffefff7
26859259ns          460268 1c0093fe 034586b3 mul              x13, x11, x20       x13=fffffd1e x11:fffffff7 x20:00000052
26859278ns          460269 1c009402 03378533 mul              x10, x15, x19       x10=000001c2 x15:fffffff7 x19:ffffffce
26859298ns          460270 1c009406 034a0633 mul              x12, x20, x20       x12=00001a44 x20:00000052 x20:00000052
26859318ns          460271 1c00940a 03398733 mul              x14, x19, x19       x14=000009c4 x19:ffffffce x19:ffffffce
26859378ns          460274 1c00940e 034787b3 mul              x15, x15, x20       x15=fffffd1e x15:fffffff7 x20:00000052
26859418ns          460276 1c009412 033585b3 mul              x11, x11, x19       x11=000001c2 x11:fffffff7 x19:ffffffce
26859438ns          460277 1c009416 40a75713 srai             x14, x14, 0x40a     x14=00000002 x14:000009c4
26859457ns          460278 1c009418 40a5d593 srai             x11, x11, 0x40a     x11=00000000 x11:000001c2
26859477ns          460279 1c00941a 40a65613 srai             x12, x12, 0x40a     x12=00000006 x12:00001a44
26859497ns          460280 1c00941c 40a7d793 srai             x15, x15, 0x40a     x15=ffffffff x15:fffffd1e
26859517ns          460281 1c00941e 1c0034b7 lui              x9, 0x1c003000       x9=1c003000
26859537ns          460282 1c009422 00e60633 add              x12, x12, x14       x12=00000008 x12:00000006 x14:00000002
26859557ns          460283 1c009424 40b787b3 sub              x15, x15, x11       x15=ffffffff x15:ffffffff x11:00000000
26859577ns          460284 1c009426 eb048493 addi             x9, x9, -336         x9=1c002eb0  x9:1c003000
26859597ns          460285 1c00942a 1c0032b7 lui              x5, 0x1c003000       x5=1c003000
26859617ns          460286 1c00942e 1c0035b7 lui              x11, 0x1c003000     x11=1c003000
26859636ns          460287 1c009432 018483b3 add              x7, x9, x24          x7=1c002ebe  x9:1c002eb0 x24:0000000e
26859656ns          460288 1c009436 02812e83 lw               x29, 40(x2)         x29=1c002ece  x2:10003cd8  PA:10003d00
26859676ns          460289 1c009438 10065633 p.exthz          x12, x12, x0        x12=00000008 x12:00000008
26859696ns          460290 1c00943c e8028293 addi             x5, x5, -384         x5=1c002e80  x5:1c003000
26859716ns          460291 1c009440 ea058593 addi             x11, x11, -352      x11=1c002ea0 x11:1c003000
26859736ns          460292 1c009444 03812483 lw               x9, 56(x2)           x9=1c002eee  x2:10003cd8  PA:10003d10
26859756ns          460293 1c009446 10064733 p.exths          x14, x12, x0        x14=00000008 x12:00000008
26859776ns          460294 1c00944a 018280b3 add              x1, x5, x24          x1=1c002e8e  x5:1c002e80 x24:0000000e
26859796ns          460295 1c00944e 03012f03 lw               x30, 48(x2)         x30=1c002ede  x2:10003cd8  PA:10003d08
26859815ns          460296 1c009450 018582b3 add              x5, x11, x24         x5=1c002eae x11:1c002ea0 x24:0000000e
26859855ns          460298 1c009454 04012583 lw               x11, 64(x2)         x11=1c002efe  x2:10003cd8  PA:10003d18
26859875ns          460299 1c009456 000edd83 lhu              x27, 0(x29)         x27=00000735 x29:1c002ece  PA:1c002ece
26860173ns          460314 1c00945a 0004d483 lhu              x9, 0(x9)            x9=00000225  x9:1c002eee  PA:1c002eee
26860551ns          460333 1c00945e 02e70333 mul              x6, x14, x14         x6=00000040 x14:00000008 x14:00000008
26860571ns          460334 1c009462 40a55513 srai             x10, x10, 0x40a     x10=00000000 x10:000001c2
26860591ns          460335 1c009464 04812e83 lw               x29, 72(x2)         x29=1c002f0e  x2:10003cd8  PA:10003d20
26860611ns          460336 1c009466 40a6d693 srai             x13, x13, 0x40a     x13=ffffffff x13:fffffd1e
26860631ns          460337 1c009468 000f5d03 lhu              x26, 0(x30)         x26=00000345 x30:1c002ede  PA:1c002ede
26860949ns          460353 1c00946c 0005d583 lhu              x11, 0(x11)         x11=00000195 x11:1c002efe  PA:1c002efe
26861247ns          460368 1c009470 40a35313 srai             x6, x6, 0x40a        x6=00000000  x6:00000040
26861267ns          460369 1c009474 00a686b3 add              x13, x13, x10       x13=ffffffff x13:ffffffff x10:00000000
26861287ns          460370 1c009476 05012f03 lw               x30, 80(x2)         x30=1c002e7e  x2:10003cd8  PA:10003d28
26861307ns          460371 1c009478 10034e33 p.exths          x28, x6, x0         x28=00000000  x6:00000000
26861327ns          460372 1c00947c 06911023 sh               x9, 96(x2)           x9:00000225  x2:10003cd8  PA:10003d38
26861347ns          460373 1c009480 000ede83 lhu              x29, 0(x29)         x29=00000139 x29:1c002f0e  PA:1c002f0e
26861764ns          460394 1c009484 05812483 lw               x9, 88(x2)           x9=1c002e6e  x2:10003cd8  PA:10003d30
26861784ns          460395 1c009486 1006d6b3 p.exthz          x13, x13, x0        x13=0000ffff x13:ffffffff
26861804ns          460396 1c00948a 02ee08b3 mul              x17, x28, x14       x17=00000000 x28:00000000 x14:00000008
26861824ns          460397 1c00948e 1006c833 p.exths          x16, x13, x0        x16=ffffffff x13:0000ffff
26861844ns          460398 1c009492 06b11823 sh               x11, 112(x2)        x11:00000195  x2:10003cd8  PA:10003d48
26861864ns          460399 1c009496 000f5f03 lhu              x30, 0(x30)         x30=0000ffa7 x30:1c002e7e  PA:1c002e7e
26862182ns          460415 1c00949a 0a012583 lw               x11, 160(x2)        x11=1c002e9e  x2:10003cd8  PA:10003d78
26862202ns          460416 1c00949c 1007d7b3 p.exthz          x15, x15, x0        x15=0000ffff x15:ffffffff
26862222ns          460417 1c0094a0 0004da03 lhu              x20, 0(x9)          x20=0000fe37  x9:1c002e6e  PA:1c002e6e
26862520ns          460432 1c0094a4 1007c533 p.exths          x10, x15, x0        x10=ffffffff x15:0000ffff
26862540ns          460433 1c0094a8 09d11023 sh               x29, 128(x2)        x29:00000139  x2:10003cd8  PA:10003d58
26862560ns          460434 1c0094ac 0003d483 lhu              x9, 0(x7)            x9=0000ffda  x7:1c002ebe  PA:1c002ebe
26862898ns          460451 1c0094b0 02e80eb3 mul              x29, x16, x14       x29=fffffff8 x16:ffffffff x14:00000008
26862918ns          460452 1c0094b4 40a8d893 srai             x17, x17, 0x40a     x17=00000000 x17:00000000
26862938ns          460453 1c0094b8 03c80833 mul              x16, x16, x28       x16=00000000 x16:ffffffff x28:00000000
26862958ns          460454 1c0094bc 09e11823 sh               x30, 144(x2)        x30:0000ffa7  x2:10003cd8  PA:10003d68
26862978ns          460455 1c0094c0 0005d983 lhu              x19, 0(x11)         x19=0000ffce x11:1c002e9e  PA:1c002e9e
26863276ns          460470 1c0094c4 81c88f5b p.muls           x30, x17, x28       x30=00000000 x17:00000000 x28:00000000
26863296ns          460471 1c0094c8 0002d583 lhu              x11, 0(x5)          x11=0000ff5b  x5:1c002eae  PA:1c002eae
26863594ns          460486 1c0094cc 03ce0fb3 mul              x31, x28, x28       x31=00000000 x28:00000000 x28:00000000
26863614ns          460487 1c0094d0 02e50733 mul              x14, x10, x14       x14=fffffff8 x10:ffffffff x14:00000008
26863634ns          460488 1c0094d4 40a85813 srai             x16, x16, 0x40a     x16=00000000 x16:00000000
26863654ns          460489 1c0094d8 03c50533 mul              x10, x10, x28       x10=00000000 x10:ffffffff x28:00000000
26863674ns          460490 1c0094dc 07015e03 lhu              x28, 112(x2)        x28=00000195  x2:10003cd8  PA:10003d48
26863714ns          460492 1c0094e0 01b60633 add              x12, x12, x27       x12=0000073d x12:00000008 x27:00000735
26863733ns          460493 1c0094e2 00980833 add              x16, x16, x9        x16=0000ffda x16:00000000  x9:0000ffda
26863753ns          460494 1c0094e4 06015d83 lhu              x27, 96(x2)         x27=00000225  x2:10003cd8  PA:10003d38
26863773ns          460495 1c0094e8 02812483 lw               x9, 40(x2)           x9=1c002ece  x2:10003cd8  PA:10003d00
26863793ns          460496 1c0094ea 40afdf93 srai             x31, x31, 0x40a     x31=00000000 x31:00000000
26863813ns          460497 1c0094ee 40a55513 srai             x10, x10, 0x40a     x10=00000000 x10:00000000
26863833ns          460498 1c0094f0 01cf8fb3 add              x31, x31, x28       x31=00000195 x31:00000000 x28:00000195
26863853ns          460499 1c0094f2 00b50533 add              x10, x10, x11       x10=0000ff5b x10:00000000 x11:0000ff5b
26863873ns          460500 1c0094f4 09015e03 lhu              x28, 144(x2)        x28=0000ffa7  x2:10003cd8  PA:10003d68
26863893ns          460501 1c0094f8 03012583 lw               x11, 48(x2)         x11=1c002ede  x2:10003cd8  PA:10003d08
26863912ns          460502 1c0094fa 00c49023 sh               x12, 0(x9)          x12:0000073d  x9:1c002ece  PA:1c002ece
26864231ns          460518 1c0094fe 01b888b3 add              x17, x17, x27       x17=00000225 x17:00000000 x27:00000225
26864250ns          460519 1c009500 01a30333 add              x6, x6, x26          x6=00000345  x6:00000000 x26:00000345
26864270ns          460520 1c009502 08015d83 lhu              x27, 128(x2)        x27=00000139  x2:10003cd8  PA:10003d58
26864290ns          460521 1c009506 0000d903 lhu              x18, 0(x1)          x18=0000ff0c  x1:1c002e8e  PA:1c002e8e
26864608ns          460537 1c00950a 01c686b3 add              x13, x13, x28       x13=0001ffa6 x13:0000ffff x28:0000ffa7
26864628ns          460538 1c00950c 00659023 sh               x6, 0(x11)           x6:00000345 x11:1c002ede  PA:1c002ede
26864947ns          460554 1c009510 40af5f13 srai             x30, x30, 0x40a     x30=00000000 x30:00000000
26864966ns          460555 1c009514 04812e03 lw               x28, 72(x2)         x28=1c002f0e  x2:10003cd8  PA:10003d20
26864986ns          460556 1c009516 01bf0f33 add              x30, x30, x27       x30=00000139 x30:00000000 x27:00000139
26865006ns          460557 1c009518 40aede93 srai             x29, x29, 0x40a     x29=ffffffff x29:fffffff8
26865026ns          460558 1c00951c 40a75713 srai             x14, x14, 0x40a     x14=ffffffff x14:fffffff8
26865046ns          460559 1c00951e 03812603 lw               x12, 56(x2)         x12=1c002eee  x2:10003cd8  PA:10003d10
26865066ns          460560 1c009520 04012d83 lw               x27, 64(x2)         x27=1c002efe  x2:10003cd8  PA:10003d18
26865086ns          460561 1c009522 01ee1023 sh               x30, 0(x28)         x30:00000139 x28:1c002f0e  PA:1c002f0e
26865424ns          460578 1c009526 05812483 lw               x9, 88(x2)           x9=1c002e6e  x2:10003cd8  PA:10003d30
26865444ns          460579 1c009528 05012f03 lw               x30, 80(x2)         x30=1c002e7e  x2:10003cd8  PA:10003d28
26865464ns          460580 1c00952a 0a012583 lw               x11, 160(x2)        x11=1c002e9e  x2:10003cd8  PA:10003d78
26865484ns          460581 1c00952c 014787b3 add              x15, x15, x20       x15=0001fe36 x15:0000ffff x20:0000fe37
26865503ns          460582 1c00952e 013e8eb3 add              x29, x29, x19       x29=0000ffcd x29:ffffffff x19:0000ffce
26865523ns          460583 1c009530 01270733 add              x14, x14, x18       x14=0000ff0b x14:ffffffff x18:0000ff0c
26865543ns          460584 1c009532 00f49023 sh               x15, 0(x9)          x15:0001fe36  x9:1c002e6e  PA:1c002e6e
26865881ns          460601 1c009536 01161023 sh               x17, 0(x12)         x17:00000225 x12:1c002eee  PA:1c002eee
26866200ns          460617 1c00953a 01fd9023 sh               x31, 0(x27)         x31:00000195 x27:1c002efe  PA:1c002efe
26866518ns          460633 1c00953e 00df1023 sh               x13, 0(x30)         x13:0001ffa6 x30:1c002e7e  PA:1c002e7e
26866836ns          460649 1c009542 01d59023 sh               x29, 0(x11)         x29:0000ffcd x11:1c002e9e  PA:1c002e9e
26867194ns          460667 1c009546 00e09023 sh               x14, 0(x1)          x14:0000ff0b  x1:1c002e8e  PA:1c002e8e
26867512ns          460683 1c00954a 01039023 sh               x16, 0(x7)          x16:0000ffda  x7:1c002ebe  PA:1c002ebe
26867850ns          460700 1c00954e 00a29023 sh               x10, 0(x5)          x10:0000ff5b  x5:1c002eae  PA:1c002eae
26868168ns          460716 1c009552 008b0b13 addi             x22, x22, 8         x22=00000067 x22:0000005f
26868188ns          460717 1c009554 1f300793 addi             x15, x0, 499        x15=000001f3
26868208ns          460718 1c009558 e767dae3 bge              x15, x22, -396      x15:000001f3 x22:00000067
26868308ns          460723 1c0093cc 010c9a0b p.lh             x20, 16(x25!)       x20=fffffe3b x25=1c002766 x25:1c002756  PA:1c002756
26868626ns          460739 1c0093d0 0104198b p.lh             x19, 16(x8!)        x19=ffffffee  x8=1c001f2e  x8:1c001f1e  PA:1c001f1e
26868924ns          460754 1c0093d4 2cc10513 addi             x10, x2, 716        x10=10003fa4  x2:10003cd8
26868944ns          460755 1c0093d6 010a990b p.lh             x18, 16(x21!)       x18=fffffe40 x21=1c00175a x21:1c00174a  PA:1c00174a
26869242ns          460770 1c0093da 010b948b p.lh             x9, 16(x23!)         x9=00000016 x23=1c000f8a x23:1c000f7a  PA:1c000f7a
26869541ns          460785 1c0093de 2d411623 sh               x20, 716(x2)        x20:fffffe3b  x2:10003cd8  PA:10003fa4
26869561ns          460786 1c0093e2 2d311723 sh               x19, 718(x2)        x19:ffffffee  x2:10003cd8  PA:10003fa6
26869580ns          460787 1c0093e6 c33ff0ef jal              x1, -974             x1=1c0093e8
26869660ns          460791 1c009018 00051803 lh               x16, 0(x10)         x16=fffffe3b x10:10003fa4  PA:10003fa4
26869700ns          460793 1c00901c 00251883 lh               x17, 2(x10)         x17=ffffffee x10:10003fa4  PA:10003fa6
26869759ns          460796 1c009020 030806b3 mul              x13, x16, x16       x13=00032199 x16:fffffe3b x16:fffffe3b
26869799ns          460798 1c009024 03188633 mul              x12, x17, x17       x12=00000144 x17:ffffffee x17:ffffffee
26869819ns          460799 1c009028 40a65613 srai             x12, x12, 0x40a     x12=00000000 x12:00000144
26869839ns          460800 1c00902a 40a6d693 srai             x13, x13, 0x40a     x13=000000c8 x13:00032199
26869859ns          460801 1c00902c 00c686b3 add              x13, x13, x12       x13=000000c8 x13:000000c8 x12:00000000
26869879ns          460802 1c00902e 1006c633 p.exths          x12, x13, x0        x12=000000c8 x13:000000c8
26869899ns          460803 1c009032 00855703 lhu              x14, 8(x10)         x14=0000ffd1 x10:10003fa4  PA:10003fac
26869919ns          460804 1c009036 00a55683 lhu              x13, 10(x10)        x13=0000ff6a x10:10003fa4  PA:10003fae
26869938ns          460805 1c00903a 02c60333 mul              x6, x12, x12         x6=00009c40 x12:000000c8 x12:000000c8
26869958ns          460806 1c00903e 00c55783 lhu              x15, 12(x10)        x15=0000ffe5 x10:10003fa4  PA:10003fb0
26869978ns          460807 1c009042 00e55583 lhu              x11, 14(x10)        x11=00000060 x10:10003fa4  PA:10003fb2
26869998ns          460808 1c009046 dea30333 p.extract        x6, x6, 15, 10       x6=00000027  x6:00009c40
26870018ns          460809 1c00904a 80c7075b p.muls           x14, x14, x12       x14=ffffdb48 x14:0000ffd1 x12:000000c8
26870038ns          460810 1c00904e 80c686db p.muls           x13, x13, x12       x13=ffff8ad0 x13:0000ff6a x12:000000c8
26870058ns          460811 1c009052 00455e83 lhu              x29, 4(x10)         x29=00000427 x10:10003fa4  PA:10003fa8
26870078ns          460812 1c009056 00655e03 lhu              x28, 6(x10)         x28=0000007f x10:10003fa4  PA:10003faa
26870098ns          460813 1c00905a 40a75713 srai             x14, x14, 0x40a     x14=fffffff6 x14:ffffdb48
26870117ns          460814 1c00905c 806787db p.muls           x15, x15, x6        x15=fffffbe3 x15:0000ffe5  x6:00000027
26870137ns          460815 1c009060 40a6d693 srai             x13, x13, 0x40a     x13=ffffffe2 x13:ffff8ad0
26870157ns          460816 1c009062 8065865b p.muls           x12, x11, x6        x12=00000ea0 x11:00000060  x6:00000027
26870177ns          460817 1c009066 40a7d793 srai             x15, x15, 0x40a     x15=fffffffe x15:fffffbe3
26870197ns          460818 1c009068 40a65613 srai             x12, x12, 0x40a     x12=00000003 x12:00000ea0
26870217ns          460819 1c00906a 01d70733 add              x14, x14, x29       x14=0000041d x14:fffffff6 x29:00000427
26870237ns          460820 1c00906c 01c686b3 add              x13, x13, x28       x13=00000061 x13:ffffffe2 x28:0000007f
26870257ns          460821 1c00906e 00c686b3 add              x13, x13, x12       x13=00000064 x13:00000061 x12:00000003
26870277ns          460822 1c009070 00f70733 add              x14, x14, x15       x14=0000041b x14:0000041d x15:fffffffe
26870296ns          460823 1c009072 100747b3 p.exths          x15, x14, x0        x15=0000041b x14:0000041b
26870316ns          460824 1c009076 1006c733 p.exths          x14, x13, x0        x14=00000064 x13:00000064
26870336ns          460825 1c00907a 03170633 mul              x12, x14, x17       x12=fffff8f8 x14:00000064 x17:ffffffee
26870356ns          460826 1c00907e 030786b3 mul              x13, x15, x16       x13=fff8bc39 x15:0000041b x16:fffffe3b
26870376ns          460827 1c009082 03070733 mul              x14, x14, x16       x14=ffff4f0c x14:00000064 x16:fffffe3b
26870396ns          460828 1c009086 031787b3 mul              x15, x15, x17       x15=ffffb61a x15:0000041b x17:ffffffee
26870416ns          460829 1c00908a 40a6d693 srai             x13, x13, 0x40a     x13=fffffe2f x13:fff8bc39
26870436ns          460830 1c00908c 40a65613 srai             x12, x12, 0x40a     x12=fffffffe x12:fffff8f8
26870456ns          460831 1c00908e 40a7d793 srai             x15, x15, 0x40a     x15=ffffffed x15:ffffb61a
26870475ns          460832 1c009090 40a75713 srai             x14, x14, 0x40a     x14=ffffffd3 x14:ffff4f0c
26870495ns          460833 1c009092 40c686b3 sub              x13, x13, x12       x13=fffffe31 x13:fffffe2f x12:fffffffe
26870515ns          460834 1c009094 00e787b3 add              x15, x15, x14       x15=ffffffc0 x15:ffffffed x14:ffffffd3
26870535ns          460835 1c009096 00d51823 sh               x13, 16(x10)        x13:fffffe31 x10:10003fa4  PA:10003fb4
26870555ns          460836 1c00909a 00f51923 sh               x15, 18(x10)        x15:ffffffc0 x10:10003fa4  PA:10003fb6
26870575ns          460837 1c00909e 00008067 jalr             x0, x1, 0            x1:1c0093e8
26870654ns          460841 1c0093e8 2dc15583 lhu              x11, 732(x2)        x11=0000fe31  x2:10003cd8  PA:10003fb4
26870674ns          460842 1c0093ec 2de15783 lhu              x15, 734(x2)        x15=0000ffc0  x2:10003cd8  PA:10003fb6
26870694ns          460843 1c0093f0 40b90933 sub              x18, x18, x11       x18=ffff000f x18:fffffe40 x11:0000fe31
26870714ns          460844 1c0093f4 40f484b3 sub              x9, x9, x15          x9=ffff0056  x9:00000016 x15:0000ffc0
26870734ns          460845 1c0093f6 100945b3 p.exths          x11, x18, x0        x11=0000000f x18:ffff000f
26870754ns          460846 1c0093fa 1004c7b3 p.exths          x15, x9, x0         x15=00000056  x9:ffff0056
26870774ns          460847 1c0093fe 034586b3 mul              x13, x11, x20       x13=ffffe575 x11:0000000f x20:fffffe3b
26870794ns          460848 1c009402 03378533 mul              x10, x15, x19       x10=fffff9f4 x15:00000056 x19:ffffffee
26870814ns          460849 1c009406 034a0633 mul              x12, x20, x20       x12=00032199 x20:fffffe3b x20:fffffe3b
26870833ns          460850 1c00940a 03398733 mul              x14, x19, x19       x14=00000144 x19:ffffffee x19:ffffffee
26870853ns          460851 1c00940e 034787b3 mul              x15, x15, x20       x15=ffff67d2 x15:00000056 x20:fffffe3b
26870873ns          460852 1c009412 033585b3 mul              x11, x11, x19       x11=fffffef2 x11:0000000f x19:ffffffee
26870893ns          460853 1c009416 40a75713 srai             x14, x14, 0x40a     x14=00000000 x14:00000144
26870913ns          460854 1c009418 40a5d593 srai             x11, x11, 0x40a     x11=ffffffff x11:fffffef2
26870933ns          460855 1c00941a 40a65613 srai             x12, x12, 0x40a     x12=000000c8 x12:00032199
26870953ns          460856 1c00941c 40a7d793 srai             x15, x15, 0x40a     x15=ffffffd9 x15:ffff67d2
26870973ns          460857 1c00941e 1c0034b7 lui              x9, 0x1c003000       x9=1c003000
26870993ns          460858 1c009422 00e60633 add              x12, x12, x14       x12=000000c8 x12:000000c8 x14:00000000
26871012ns          460859 1c009424 40b787b3 sub              x15, x15, x11       x15=ffffffda x15:ffffffd9 x11:ffffffff
26871032ns          460860 1c009426 eb048493 addi             x9, x9, -336         x9=1c002eb0  x9:1c003000
26871052ns          460861 1c00942a 1c0032b7 lui              x5, 0x1c003000       x5=1c003000
26871072ns          460862 1c00942e 1c0035b7 lui              x11, 0x1c003000     x11=1c003000
26871092ns          460863 1c009432 018483b3 add              x7, x9, x24          x7=1c002ebe  x9:1c002eb0 x24:0000000e
26871112ns          460864 1c009436 02812e83 lw               x29, 40(x2)         x29=1c002ece  x2:10003cd8  PA:10003d00
26871132ns          460865 1c009438 10065633 p.exthz          x12, x12, x0        x12=000000c8 x12:000000c8
26871152ns          460866 1c00943c e8028293 addi             x5, x5, -384         x5=1c002e80  x5:1c003000
26871172ns          460867 1c009440 ea058593 addi             x11, x11, -352      x11=1c002ea0 x11:1c003000
26871191ns          460868 1c009444 03812483 lw               x9, 56(x2)           x9=1c002eee  x2:10003cd8  PA:10003d10
26871211ns          460869 1c009446 10064733 p.exths          x14, x12, x0        x14=000000c8 x12:000000c8
26871231ns          460870 1c00944a 018280b3 add              x1, x5, x24          x1=1c002e8e  x5:1c002e80 x24:0000000e
26871251ns          460871 1c00944e 03012f03 lw               x30, 48(x2)         x30=1c002ede  x2:10003cd8  PA:10003d08
26871271ns          460872 1c009450 018582b3 add              x5, x11, x24         x5=1c002eae x11:1c002ea0 x24:0000000e
26871291ns          460873 1c009454 04012583 lw               x11, 64(x2)         x11=1c002efe  x2:10003cd8  PA:10003d18
26871311ns          460874 1c009456 000edd83 lhu              x27, 0(x29)         x27=0000073d x29:1c002ece  PA:1c002ece
26871609ns          460889 1c00945a 0004d483 lhu              x9, 0(x9)            x9=00000225  x9:1c002eee  PA:1c002eee
26871907ns          460904 1c00945e 02e70333 mul              x6, x14, x14         x6=00009c40 x14:000000c8 x14:000000c8
26871927ns          460905 1c009462 40a55513 srai             x10, x10, 0x40a     x10=fffffffe x10:fffff9f4
26871947ns          460906 1c009464 04812e83 lw               x29, 72(x2)         x29=1c002f0e  x2:10003cd8  PA:10003d20
26871967ns          460907 1c009466 40a6d693 srai             x13, x13, 0x40a     x13=fffffff9 x13:ffffe575
26871987ns          460908 1c009468 000f5d03 lhu              x26, 0(x30)         x26=00000345 x30:1c002ede  PA:1c002ede
26872305ns          460924 1c00946c 0005d583 lhu              x11, 0(x11)         x11=00000195 x11:1c002efe  PA:1c002efe
26872603ns          460939 1c009470 40a35313 srai             x6, x6, 0x40a        x6=00000027  x6:00009c40
26872623ns          460940 1c009474 00a686b3 add              x13, x13, x10       x13=fffffff7 x13:fffffff9 x10:fffffffe
26872643ns          460941 1c009476 05012f03 lw               x30, 80(x2)         x30=1c002e7e  x2:10003cd8  PA:10003d28
26872663ns          460942 1c009478 10034e33 p.exths          x28, x6, x0         x28=00000027  x6:00000027
26872683ns          460943 1c00947c 06911023 sh               x9, 96(x2)           x9:00000225  x2:10003cd8  PA:10003d38
26872703ns          460944 1c009480 000ede83 lhu              x29, 0(x29)         x29=00000139 x29:1c002f0e  PA:1c002f0e
26873041ns          460961 1c009484 05812483 lw               x9, 88(x2)           x9=1c002e6e  x2:10003cd8  PA:10003d30
26873061ns          460962 1c009486 1006d6b3 p.exthz          x13, x13, x0        x13=0000fff7 x13:fffffff7
26873081ns          460963 1c00948a 02ee08b3 mul              x17, x28, x14       x17=00001e78 x28:00000027 x14:000000c8
26873101ns          460964 1c00948e 1006c833 p.exths          x16, x13, x0        x16=fffffff7 x13:0000fff7
26873121ns          460965 1c009492 06b11823 sh               x11, 112(x2)        x11:00000195  x2:10003cd8  PA:10003d48
26873140ns          460966 1c009496 000f5f03 lhu              x30, 0(x30)         x30=0000ffa6 x30:1c002e7e  PA:1c002e7e
26873459ns          460982 1c00949a 0a012583 lw               x11, 160(x2)        x11=1c002e9e  x2:10003cd8  PA:10003d78
26873479ns          460983 1c00949c 1007d7b3 p.exthz          x15, x15, x0        x15=0000ffda x15:ffffffda
26873498ns          460984 1c0094a0 0004da03 lhu              x20, 0(x9)          x20=0000fe36  x9:1c002e6e  PA:1c002e6e
26873817ns          461000 1c0094a4 1007c533 p.exths          x10, x15, x0        x10=ffffffda x15:0000ffda
26873837ns          461001 1c0094a8 09d11023 sh               x29, 128(x2)        x29:00000139  x2:10003cd8  PA:10003d58
26873856ns          461002 1c0094ac 0003d483 lhu              x9, 0(x7)            x9=0000ffda  x7:1c002ebe  PA:1c002ebe
26874194ns          461019 1c0094b0 02e80eb3 mul              x29, x16, x14       x29=fffff8f8 x16:fffffff7 x14:000000c8
26874214ns          461020 1c0094b4 40a8d893 srai             x17, x17, 0x40a     x17=00000007 x17:00001e78
26874234ns          461021 1c0094b8 03c80833 mul              x16, x16, x28       x16=fffffea1 x16:fffffff7 x28:00000027
26874254ns          461022 1c0094bc 09e11823 sh               x30, 144(x2)        x30:0000ffa6  x2:10003cd8  PA:10003d68
26874274ns          461023 1c0094c0 0005d983 lhu              x19, 0(x11)         x19=0000ffcd x11:1c002e9e  PA:1c002e9e
26874572ns          461038 1c0094c4 81c88f5b p.muls           x30, x17, x28       x30=00000111 x17:00000007 x28:00000027
26874592ns          461039 1c0094c8 0002d583 lhu              x11, 0(x5)          x11=0000ff5b  x5:1c002eae  PA:1c002eae
26874950ns          461057 1c0094cc 03ce0fb3 mul              x31, x28, x28       x31=000005f1 x28:00000027 x28:00000027
26874970ns          461058 1c0094d0 02e50733 mul              x14, x10, x14       x14=ffffe250 x10:ffffffda x14:000000c8
26874990ns          461059 1c0094d4 40a85813 srai             x16, x16, 0x40a     x16=ffffffff x16:fffffea1
26875010ns          461060 1c0094d8 03c50533 mul              x10, x10, x28       x10=fffffa36 x10:ffffffda x28:00000027
26875030ns          461061 1c0094dc 07015e03 lhu              x28, 112(x2)        x28=00000195  x2:10003cd8  PA:10003d48
26875050ns          461062 1c0094e0 01b60633 add              x12, x12, x27       x12=00000805 x12:000000c8 x27:0000073d
26875070ns          461063 1c0094e2 00980833 add              x16, x16, x9        x16=0000ffd9 x16:ffffffff  x9:0000ffda
26875089ns          461064 1c0094e4 06015d83 lhu              x27, 96(x2)         x27=00000225  x2:10003cd8  PA:10003d38
26875109ns          461065 1c0094e8 02812483 lw               x9, 40(x2)           x9=1c002ece  x2:10003cd8  PA:10003d00
26875129ns          461066 1c0094ea 40afdf93 srai             x31, x31, 0x40a     x31=00000001 x31:000005f1
26875149ns          461067 1c0094ee 40a55513 srai             x10, x10, 0x40a     x10=fffffffe x10:fffffa36
26875169ns          461068 1c0094f0 01cf8fb3 add              x31, x31, x28       x31=00000196 x31:00000001 x28:00000195
26875189ns          461069 1c0094f2 00b50533 add              x10, x10, x11       x10=0000ff59 x10:fffffffe x11:0000ff5b
26875209ns          461070 1c0094f4 09015e03 lhu              x28, 144(x2)        x28=0000ffa6  x2:10003cd8  PA:10003d68
26875229ns          461071 1c0094f8 03012583 lw               x11, 48(x2)         x11=1c002ede  x2:10003cd8  PA:10003d08
26875249ns          461072 1c0094fa 00c49023 sh               x12, 0(x9)          x12:00000805  x9:1c002ece  PA:1c002ece
26875567ns          461088 1c0094fe 01b888b3 add              x17, x17, x27       x17=0000022c x17:00000007 x27:00000225
26875587ns          461089 1c009500 01a30333 add              x6, x6, x26          x6=0000036c  x6:00000027 x26:00000345
26875607ns          461090 1c009502 08015d83 lhu              x27, 128(x2)        x27=00000139  x2:10003cd8  PA:10003d58
26875626ns          461091 1c009506 0000d903 lhu              x18, 0(x1)          x18=0000ff0b  x1:1c002e8e  PA:1c002e8e
26875925ns          461106 1c00950a 01c686b3 add              x13, x13, x28       x13=0001ff9d x13:0000fff7 x28:0000ffa6
26875945ns          461107 1c00950c 00659023 sh               x6, 0(x11)           x6:0000036c x11:1c002ede  PA:1c002ede
26876263ns          461123 1c009510 40af5f13 srai             x30, x30, 0x40a     x30=00000000 x30:00000111
26876283ns          461124 1c009514 04812e03 lw               x28, 72(x2)         x28=1c002f0e  x2:10003cd8  PA:10003d20
26876303ns          461125 1c009516 01bf0f33 add              x30, x30, x27       x30=00000139 x30:00000000 x27:00000139
26876323ns          461126 1c009518 40aede93 srai             x29, x29, 0x40a     x29=fffffffe x29:fffff8f8
26876342ns          461127 1c00951c 40a75713 srai             x14, x14, 0x40a     x14=fffffff8 x14:ffffe250
26876362ns          461128 1c00951e 03812603 lw               x12, 56(x2)         x12=1c002eee  x2:10003cd8  PA:10003d10
26876382ns          461129 1c009520 04012d83 lw               x27, 64(x2)         x27=1c002efe  x2:10003cd8  PA:10003d18
26876402ns          461130 1c009522 01ee1023 sh               x30, 0(x28)         x30:00000139 x28:1c002f0e  PA:1c002f0e
26876720ns          461146 1c009526 05812483 lw               x9, 88(x2)           x9=1c002e6e  x2:10003cd8  PA:10003d30
26876740ns          461147 1c009528 05012f03 lw               x30, 80(x2)         x30=1c002e7e  x2:10003cd8  PA:10003d28
26876760ns          461148 1c00952a 0a012583 lw               x11, 160(x2)        x11=1c002e9e  x2:10003cd8  PA:10003d78
26876780ns          461149 1c00952c 014787b3 add              x15, x15, x20       x15=0001fe10 x15:0000ffda x20:0000fe36
26876800ns          461150 1c00952e 013e8eb3 add              x29, x29, x19       x29=0000ffcb x29:fffffffe x19:0000ffcd
26876820ns          461151 1c009530 01270733 add              x14, x14, x18       x14=0000ff03 x14:fffffff8 x18:0000ff0b
26876840ns          461152 1c009532 00f49023 sh               x15, 0(x9)          x15:0001fe10  x9:1c002e6e  PA:1c002e6e
26877178ns          461169 1c009536 01161023 sh               x17, 0(x12)         x17:0000022c x12:1c002eee  PA:1c002eee
26877496ns          461185 1c00953a 01fd9023 sh               x31, 0(x27)         x31:00000196 x27:1c002efe  PA:1c002efe
26877834ns          461202 1c00953e 00df1023 sh               x13, 0(x30)         x13:0001ff9d x30:1c002e7e  PA:1c002e7e
26878152ns          461218 1c009542 01d59023 sh               x29, 0(x11)         x29:0000ffcb x11:1c002e9e  PA:1c002e9e
26878470ns          461234 1c009546 00e09023 sh               x14, 0(x1)          x14:0000ff03  x1:1c002e8e  PA:1c002e8e
26878789ns          461250 1c00954a 01039023 sh               x16, 0(x7)          x16:0000ffd9  x7:1c002ebe  PA:1c002ebe
26879127ns          461267 1c00954e 00a29023 sh               x10, 0(x5)          x10:0000ff59  x5:1c002eae  PA:1c002eae
26879445ns          461283 1c009552 008b0b13 addi             x22, x22, 8         x22=0000006f x22:00000067
26879465ns          461284 1c009554 1f300793 addi             x15, x0, 499        x15=000001f3
26879485ns          461285 1c009558 e767dae3 bge              x15, x22, -396      x15:000001f3 x22:0000006f
26879544ns          461288 1c0093cc 010c9a0b p.lh             x20, 16(x25!)       x20=0000009b x25=1c002776 x25:1c002766  PA:1c002766
26879902ns          461306 1c0093d0 0104198b p.lh             x19, 16(x8!)        x19=ffffffbe  x8=1c001f3e  x8:1c001f2e  PA:1c001f2e
26880201ns          461321 1c0093d4 2cc10513 addi             x10, x2, 716        x10=10003fa4  x2:10003cd8
26880221ns          461322 1c0093d6 010a990b p.lh             x18, 16(x21!)       x18=00000090 x21=1c00176a x21:1c00175a  PA:1c00175a
26880519ns          461337 1c0093da 010b948b p.lh             x9, 16(x23!)         x9=ffffffc3 x23=1c000f9a x23:1c000f8a  PA:1c000f8a
26880817ns          461352 1c0093de 2d411623 sh               x20, 716(x2)        x20:0000009b  x2:10003cd8  PA:10003fa4
26880837ns          461353 1c0093e2 2d311723 sh               x19, 718(x2)        x19:ffffffbe  x2:10003cd8  PA:10003fa6
26880857ns          461354 1c0093e6 c33ff0ef jal              x1, -974             x1=1c0093e8
26880897ns          461356 1c009018 00051803 lh               x16, 0(x10)         x16=0000009b x10:10003fa4  PA:10003fa4
26880917ns          461357 1c00901c 00251883 lh               x17, 2(x10)         x17=ffffffbe x10:10003fa4  PA:10003fa6
26880976ns          461360 1c009020 030806b3 mul              x13, x16, x16       x13=00005dd9 x16:0000009b x16:0000009b
26881016ns          461362 1c009024 03188633 mul              x12, x17, x17       x12=00001104 x17:ffffffbe x17:ffffffbe
26881036ns          461363 1c009028 40a65613 srai             x12, x12, 0x40a     x12=00000004 x12:00001104
26881056ns          461364 1c00902a 40a6d693 srai             x13, x13, 0x40a     x13=00000017 x13:00005dd9
26881076ns          461365 1c00902c 00c686b3 add              x13, x13, x12       x13=0000001b x13:00000017 x12:00000004
26881096ns          461366 1c00902e 1006c633 p.exths          x12, x13, x0        x12=0000001b x13:0000001b
26881116ns          461367 1c009032 00855703 lhu              x14, 8(x10)         x14=0000ffd1 x10:10003fa4  PA:10003fac
26881135ns          461368 1c009036 00a55683 lhu              x13, 10(x10)        x13=0000ff6a x10:10003fa4  PA:10003fae
26881155ns          461369 1c00903a 02c60333 mul              x6, x12, x12         x6=000002d9 x12:0000001b x12:0000001b
26881195ns          461371 1c00903e 00c55783 lhu              x15, 12(x10)        x15=0000ffe5 x10:10003fa4  PA:10003fb0
26881235ns          461373 1c009042 00e55583 lhu              x11, 14(x10)        x11=00000060 x10:10003fa4  PA:10003fb2
26881255ns          461374 1c009046 dea30333 p.extract        x6, x6, 15, 10       x6=00000000  x6:000002d9
26881275ns          461375 1c00904a 80c7075b p.muls           x14, x14, x12       x14=fffffb0b x14:0000ffd1 x12:0000001b
26881295ns          461376 1c00904e 80c686db p.muls           x13, x13, x12       x13=fffff02e x13:0000ff6a x12:0000001b
26881314ns          461377 1c009052 00455e83 lhu              x29, 4(x10)         x29=00000427 x10:10003fa4  PA:10003fa8
26881334ns          461378 1c009056 00655e03 lhu              x28, 6(x10)         x28=0000007f x10:10003fa4  PA:10003faa
26881354ns          461379 1c00905a 40a75713 srai             x14, x14, 0x40a     x14=fffffffe x14:fffffb0b
26881374ns          461380 1c00905c 806787db p.muls           x15, x15, x6        x15=00000000 x15:0000ffe5  x6:00000000
26881394ns          461381 1c009060 40a6d693 srai             x13, x13, 0x40a     x13=fffffffc x13:fffff02e
26881414ns          461382 1c009062 8065865b p.muls           x12, x11, x6        x12=00000000 x11:00000060  x6:00000000
26881434ns          461383 1c009066 40a7d793 srai             x15, x15, 0x40a     x15=00000000 x15:00000000
26881454ns          461384 1c009068 40a65613 srai             x12, x12, 0x40a     x12=00000000 x12:00000000
26881474ns          461385 1c00906a 01d70733 add              x14, x14, x29       x14=00000425 x14:fffffffe x29:00000427
26881493ns          461386 1c00906c 01c686b3 add              x13, x13, x28       x13=0000007b x13:fffffffc x28:0000007f
26881513ns          461387 1c00906e 00c686b3 add              x13, x13, x12       x13=0000007b x13:0000007b x12:00000000
26881533ns          461388 1c009070 00f70733 add              x14, x14, x15       x14=00000425 x14:00000425 x15:00000000
26881553ns          461389 1c009072 100747b3 p.exths          x15, x14, x0        x15=00000425 x14:00000425
26881573ns          461390 1c009076 1006c733 p.exths          x14, x13, x0        x14=0000007b x13:0000007b
26881593ns          461391 1c00907a 03170633 mul              x12, x14, x17       x12=ffffe04a x14:0000007b x17:ffffffbe
26881613ns          461392 1c00907e 030786b3 mul              x13, x15, x16       x13=00028267 x15:00000425 x16:0000009b
26881633ns          461393 1c009082 03070733 mul              x14, x14, x16       x14=00004a79 x14:0000007b x16:0000009b
26881652ns          461394 1c009086 031787b3 mul              x15, x15, x17       x15=fffeee76 x15:00000425 x17:ffffffbe
26881672ns          461395 1c00908a 40a6d693 srai             x13, x13, 0x40a     x13=000000a0 x13:00028267
26881692ns          461396 1c00908c 40a65613 srai             x12, x12, 0x40a     x12=fffffff8 x12:ffffe04a
26881712ns          461397 1c00908e 40a7d793 srai             x15, x15, 0x40a     x15=ffffffbb x15:fffeee76
26881732ns          461398 1c009090 40a75713 srai             x14, x14, 0x40a     x14=00000012 x14:00004a79
26881752ns          461399 1c009092 40c686b3 sub              x13, x13, x12       x13=000000a8 x13:000000a0 x12:fffffff8
26881772ns          461400 1c009094 00e787b3 add              x15, x15, x14       x15=ffffffcd x15:ffffffbb x14:00000012
26881792ns          461401 1c009096 00d51823 sh               x13, 16(x10)        x13:000000a8 x10:10003fa4  PA:10003fb4
26881812ns          461402 1c00909a 00f51923 sh               x15, 18(x10)        x15:ffffffcd x10:10003fa4  PA:10003fb6
26881831ns          461403 1c00909e 00008067 jalr             x0, x1, 0            x1:1c0093e8
26881871ns          461405 1c0093e8 2dc15583 lhu              x11, 732(x2)        x11=000000a8  x2:10003cd8  PA:10003fb4
26881891ns          461406 1c0093ec 2de15783 lhu              x15, 734(x2)        x15=0000ffcd  x2:10003cd8  PA:10003fb6
26881911ns          461407 1c0093f0 40b90933 sub              x18, x18, x11       x18=ffffffe8 x18:00000090 x11:000000a8
26881931ns          461408 1c0093f4 40f484b3 sub              x9, x9, x15          x9=fffefff6  x9:ffffffc3 x15:0000ffcd
26881951ns          461409 1c0093f6 100945b3 p.exths          x11, x18, x0        x11=ffffffe8 x18:ffffffe8
26881971ns          461410 1c0093fa 1004c7b3 p.exths          x15, x9, x0         x15=fffffff6  x9:fffefff6
26881991ns          461411 1c0093fe 034586b3 mul              x13, x11, x20       x13=fffff178 x11:ffffffe8 x20:0000009b
26882010ns          461412 1c009402 03378533 mul              x10, x15, x19       x10=00000294 x15:fffffff6 x19:ffffffbe
26882030ns          461413 1c009406 034a0633 mul              x12, x20, x20       x12=00005dd9 x20:0000009b x20:0000009b
26882050ns          461414 1c00940a 03398733 mul              x14, x19, x19       x14=00001104 x19:ffffffbe x19:ffffffbe
26882110ns          461417 1c00940e 034787b3 mul              x15, x15, x20       x15=fffff9f2 x15:fffffff6 x20:0000009b
26882150ns          461419 1c009412 033585b3 mul              x11, x11, x19       x11=00000630 x11:ffffffe8 x19:ffffffbe
26882170ns          461420 1c009416 40a75713 srai             x14, x14, 0x40a     x14=00000004 x14:00001104
26882189ns          461421 1c009418 40a5d593 srai             x11, x11, 0x40a     x11=00000001 x11:00000630
26882209ns          461422 1c00941a 40a65613 srai             x12, x12, 0x40a     x12=00000017 x12:00005dd9
26882229ns          461423 1c00941c 40a7d793 srai             x15, x15, 0x40a     x15=fffffffe x15:fffff9f2
26882249ns          461424 1c00941e 1c0034b7 lui              x9, 0x1c003000       x9=1c003000
26882269ns          461425 1c009422 00e60633 add              x12, x12, x14       x12=0000001b x12:00000017 x14:00000004
26882289ns          461426 1c009424 40b787b3 sub              x15, x15, x11       x15=fffffffd x15:fffffffe x11:00000001
26882309ns          461427 1c009426 eb048493 addi             x9, x9, -336         x9=1c002eb0  x9:1c003000
26882329ns          461428 1c00942a 1c0032b7 lui              x5, 0x1c003000       x5=1c003000
26882349ns          461429 1c00942e 1c0035b7 lui              x11, 0x1c003000     x11=1c003000
26882368ns          461430 1c009432 018483b3 add              x7, x9, x24          x7=1c002ebe  x9:1c002eb0 x24:0000000e
26882388ns          461431 1c009436 02812e83 lw               x29, 40(x2)         x29=1c002ece  x2:10003cd8  PA:10003d00
26882408ns          461432 1c009438 10065633 p.exthz          x12, x12, x0        x12=0000001b x12:0000001b
26882428ns          461433 1c00943c e8028293 addi             x5, x5, -384         x5=1c002e80  x5:1c003000
26882448ns          461434 1c009440 ea058593 addi             x11, x11, -352      x11=1c002ea0 x11:1c003000
26882488ns          461436 1c009444 03812483 lw               x9, 56(x2)           x9=1c002eee  x2:10003cd8  PA:10003d10
26882508ns          461437 1c009446 10064733 p.exths          x14, x12, x0        x14=0000001b x12:0000001b
26882528ns          461438 1c00944a 018280b3 add              x1, x5, x24          x1=1c002e8e  x5:1c002e80 x24:0000000e
26882547ns          461439 1c00944e 03012f03 lw               x30, 48(x2)         x30=1c002ede  x2:10003cd8  PA:10003d08
26882587ns          461441 1c009450 018582b3 add              x5, x11, x24         x5=1c002eae x11:1c002ea0 x24:0000000e
26882627ns          461443 1c009454 04012583 lw               x11, 64(x2)         x11=1c002efe  x2:10003cd8  PA:10003d18
26882647ns          461444 1c009456 000edd83 lhu              x27, 0(x29)         x27=00000805 x29:1c002ece  PA:1c002ece
26882945ns          461459 1c00945a 0004d483 lhu              x9, 0(x9)            x9=0000022c  x9:1c002eee  PA:1c002eee
26883343ns          461479 1c00945e 02e70333 mul              x6, x14, x14         x6=000002d9 x14:0000001b x14:0000001b
26883363ns          461480 1c009462 40a55513 srai             x10, x10, 0x40a     x10=00000000 x10:00000294
26883383ns          461481 1c009464 04812e83 lw               x29, 72(x2)         x29=1c002f0e  x2:10003cd8  PA:10003d20
26883403ns          461482 1c009466 40a6d693 srai             x13, x13, 0x40a     x13=fffffffc x13:fffff178
26883423ns          461483 1c009468 000f5d03 lhu              x26, 0(x30)         x26=0000036c x30:1c002ede  PA:1c002ede
26883721ns          461498 1c00946c 0005d583 lhu              x11, 0(x11)         x11=00000196 x11:1c002efe  PA:1c002efe
26884099ns          461517 1c009470 40a35313 srai             x6, x6, 0x40a        x6=00000000  x6:000002d9
26884119ns          461518 1c009474 00a686b3 add              x13, x13, x10       x13=fffffffc x13:fffffffc x10:00000000
26884138ns          461519 1c009476 05012f03 lw               x30, 80(x2)         x30=1c002e7e  x2:10003cd8  PA:10003d28
26884158ns          461520 1c009478 10034e33 p.exths          x28, x6, x0         x28=00000000  x6:00000000
26884178ns          461521 1c00947c 06911023 sh               x9, 96(x2)           x9:0000022c  x2:10003cd8  PA:10003d38
26884198ns          461522 1c009480 000ede83 lhu              x29, 0(x29)         x29=00000139 x29:1c002f0e  PA:1c002f0e
26884516ns          461538 1c009484 05812483 lw               x9, 88(x2)           x9=1c002e6e  x2:10003cd8  PA:10003d30
26884536ns          461539 1c009486 1006d6b3 p.exthz          x13, x13, x0        x13=0000fffc x13:fffffffc
26884556ns          461540 1c00948a 02ee08b3 mul              x17, x28, x14       x17=00000000 x28:00000000 x14:0000001b
26884576ns          461541 1c00948e 1006c833 p.exths          x16, x13, x0        x16=fffffffc x13:0000fffc
26884596ns          461542 1c009492 06b11823 sh               x11, 112(x2)        x11:00000196  x2:10003cd8  PA:10003d48
26884616ns          461543 1c009496 000f5f03 lhu              x30, 0(x30)         x30=0000ff9d x30:1c002e7e  PA:1c002e7e
26884974ns          461561 1c00949a 0a012583 lw               x11, 160(x2)        x11=1c002e9e  x2:10003cd8  PA:10003d78
26884994ns          461562 1c00949c 1007d7b3 p.exthz          x15, x15, x0        x15=0000fffd x15:fffffffd
26885014ns          461563 1c0094a0 0004da03 lhu              x20, 0(x9)          x20=0000fe10  x9:1c002e6e  PA:1c002e6e
26885411ns          461583 1c0094a4 1007c533 p.exths          x10, x15, x0        x10=fffffffd x15:0000fffd
26885431ns          461584 1c0094a8 09d11023 sh               x29, 128(x2)        x29:00000139  x2:10003cd8  PA:10003d58
26885451ns          461585 1c0094ac 0003d483 lhu              x9, 0(x7)            x9=0000ffd9  x7:1c002ebe  PA:1c002ebe
26885829ns          461604 1c0094b0 02e80eb3 mul              x29, x16, x14       x29=ffffff94 x16:fffffffc x14:0000001b
26885849ns          461605 1c0094b4 40a8d893 srai             x17, x17, 0x40a     x17=00000000 x17:00000000
26885869ns          461606 1c0094b8 03c80833 mul              x16, x16, x28       x16=00000000 x16:fffffffc x28:00000000
26885889ns          461607 1c0094bc 09e11823 sh               x30, 144(x2)        x30:0000ff9d  x2:10003cd8  PA:10003d68
26885909ns          461608 1c0094c0 0005d983 lhu              x19, 0(x11)         x19=0000ffcb x11:1c002e9e  PA:1c002e9e
26886207ns          461623 1c0094c4 81c88f5b p.muls           x30, x17, x28       x30=00000000 x17:00000000 x28:00000000
26886227ns          461624 1c0094c8 0002d583 lhu              x11, 0(x5)          x11=0000ff59  x5:1c002eae  PA:1c002eae
26886525ns          461639 1c0094cc 03ce0fb3 mul              x31, x28, x28       x31=00000000 x28:00000000 x28:00000000
26886545ns          461640 1c0094d0 02e50733 mul              x14, x10, x14       x14=ffffffaf x10:fffffffd x14:0000001b
26886565ns          461641 1c0094d4 40a85813 srai             x16, x16, 0x40a     x16=00000000 x16:00000000
26886585ns          461642 1c0094d8 03c50533 mul              x10, x10, x28       x10=00000000 x10:fffffffd x28:00000000
26886605ns          461643 1c0094dc 07015e03 lhu              x28, 112(x2)        x28=00000196  x2:10003cd8  PA:10003d48
26886624ns          461644 1c0094e0 01b60633 add              x12, x12, x27       x12=00000820 x12:0000001b x27:00000805
26886644ns          461645 1c0094e2 00980833 add              x16, x16, x9        x16=0000ffd9 x16:00000000  x9:0000ffd9
26886664ns          461646 1c0094e4 06015d83 lhu              x27, 96(x2)         x27=0000022c  x2:10003cd8  PA:10003d38
26886684ns          461647 1c0094e8 02812483 lw               x9, 40(x2)           x9=1c002ece  x2:10003cd8  PA:10003d00
26886704ns          461648 1c0094ea 40afdf93 srai             x31, x31, 0x40a     x31=00000000 x31:00000000
26886724ns          461649 1c0094ee 40a55513 srai             x10, x10, 0x40a     x10=00000000 x10:00000000
26886744ns          461650 1c0094f0 01cf8fb3 add              x31, x31, x28       x31=00000196 x31:00000000 x28:00000196
26886764ns          461651 1c0094f2 00b50533 add              x10, x10, x11       x10=0000ff59 x10:00000000 x11:0000ff59
26886784ns          461652 1c0094f4 09015e03 lhu              x28, 144(x2)        x28=0000ff9d  x2:10003cd8  PA:10003d68
26886803ns          461653 1c0094f8 03012583 lw               x11, 48(x2)         x11=1c002ede  x2:10003cd8  PA:10003d08
26886823ns          461654 1c0094fa 00c49023 sh               x12, 0(x9)          x12:00000820  x9:1c002ece  PA:1c002ece
26887142ns          461670 1c0094fe 01b888b3 add              x17, x17, x27       x17=0000022c x17:00000000 x27:0000022c
26887161ns          461671 1c009500 01a30333 add              x6, x6, x26          x6=0000036c  x6:00000000 x26:0000036c
26887181ns          461672 1c009502 08015d83 lhu              x27, 128(x2)        x27=00000139  x2:10003cd8  PA:10003d58
26887201ns          461673 1c009506 0000d903 lhu              x18, 0(x1)          x18=0000ff03  x1:1c002e8e  PA:1c002e8e
26887500ns          461688 1c00950a 01c686b3 add              x13, x13, x28       x13=0001ff99 x13:0000fffc x28:0000ff9d
26887519ns          461689 1c00950c 00659023 sh               x6, 0(x11)           x6:0000036c x11:1c002ede  PA:1c002ede
26887858ns          461706 1c009510 40af5f13 srai             x30, x30, 0x40a     x30=00000000 x30:00000000
26887877ns          461707 1c009514 04812e03 lw               x28, 72(x2)         x28=1c002f0e  x2:10003cd8  PA:10003d20
26887897ns          461708 1c009516 01bf0f33 add              x30, x30, x27       x30=00000139 x30:00000000 x27:00000139
26887917ns          461709 1c009518 40aede93 srai             x29, x29, 0x40a     x29=ffffffff x29:ffffff94
26887937ns          461710 1c00951c 40a75713 srai             x14, x14, 0x40a     x14=ffffffff x14:ffffffaf
26887957ns          461711 1c00951e 03812603 lw               x12, 56(x2)         x12=1c002eee  x2:10003cd8  PA:10003d10
26887977ns          461712 1c009520 04012d83 lw               x27, 64(x2)         x27=1c002efe  x2:10003cd8  PA:10003d18
26887997ns          461713 1c009522 01ee1023 sh               x30, 0(x28)         x30:00000139 x28:1c002f0e  PA:1c002f0e
26888355ns          461731 1c009526 05812483 lw               x9, 88(x2)           x9=1c002e6e  x2:10003cd8  PA:10003d30
26888375ns          461732 1c009528 05012f03 lw               x30, 80(x2)         x30=1c002e7e  x2:10003cd8  PA:10003d28
26888395ns          461733 1c00952a 0a012583 lw               x11, 160(x2)        x11=1c002e9e  x2:10003cd8  PA:10003d78
26888414ns          461734 1c00952c 014787b3 add              x15, x15, x20       x15=0001fe0d x15:0000fffd x20:0000fe10
26888434ns          461735 1c00952e 013e8eb3 add              x29, x29, x19       x29=0000ffca x29:ffffffff x19:0000ffcb
26888454ns          461736 1c009530 01270733 add              x14, x14, x18       x14=0000ff02 x14:ffffffff x18:0000ff03
26888474ns          461737 1c009532 00f49023 sh               x15, 0(x9)          x15:0001fe0d  x9:1c002e6e  PA:1c002e6e
26888792ns          461753 1c009536 01161023 sh               x17, 0(x12)         x17:0000022c x12:1c002eee  PA:1c002eee
26889110ns          461769 1c00953a 01fd9023 sh               x31, 0(x27)         x31:00000196 x27:1c002efe  PA:1c002efe
26889429ns          461785 1c00953e 00df1023 sh               x13, 0(x30)         x13:0001ff99 x30:1c002e7e  PA:1c002e7e
26889747ns          461801 1c009542 01d59023 sh               x29, 0(x11)         x29:0000ffca x11:1c002e9e  PA:1c002e9e
26890065ns          461817 1c009546 00e09023 sh               x14, 0(x1)          x14:0000ff02  x1:1c002e8e  PA:1c002e8e
26890443ns          461836 1c00954a 01039023 sh               x16, 0(x7)          x16:0000ffd9  x7:1c002ebe  PA:1c002ebe
26890801ns          461854 1c00954e 00a29023 sh               x10, 0(x5)          x10:0000ff59  x5:1c002eae  PA:1c002eae
26891119ns          461870 1c009552 008b0b13 addi             x22, x22, 8         x22=00000077 x22:0000006f
26891139ns          461871 1c009554 1f300793 addi             x15, x0, 499        x15=000001f3
26891159ns          461872 1c009558 e767dae3 bge              x15, x22, -396      x15:000001f3 x22:00000077
26891298ns          461879 1c0093cc 010c9a0b p.lh             x20, 16(x25!)       x20=fffffe08 x25=1c002786 x25:1c002776  PA:1c002776
26891636ns          461896 1c0093d0 0104198b p.lh             x19, 16(x8!)        x19=fffffd81  x8=1c001f4e  x8:1c001f3e  PA:1c001f3e
26891935ns          461911 1c0093d4 2cc10513 addi             x10, x2, 716        x10=10003fa4  x2:10003cd8
26891954ns          461912 1c0093d6 010a990b p.lh             x18, 16(x21!)       x18=fffffd9b x21=1c00177a x21:1c00176a  PA:1c00176a
26892273ns          461928 1c0093da 010b948b p.lh             x9, 16(x23!)         x9=fffffe1a x23=1c000faa x23:1c000f9a  PA:1c000f9a
26892571ns          461943 1c0093de 2d411623 sh               x20, 716(x2)        x20:fffffe08  x2:10003cd8  PA:10003fa4
26892591ns          461944 1c0093e2 2d311723 sh               x19, 718(x2)        x19:fffffd81  x2:10003cd8  PA:10003fa6
26892611ns          461945 1c0093e6 c33ff0ef jal              x1, -974             x1=1c0093e8
26892690ns          461949 1c009018 00051803 lh               x16, 0(x10)         x16=fffffe08 x10:10003fa4  PA:10003fa4
26892730ns          461951 1c00901c 00251883 lh               x17, 2(x10)         x17=fffffd81 x10:10003fa4  PA:10003fa6
26892750ns          461952 1c009020 030806b3 mul              x13, x16, x16       x13=0003e040 x16:fffffe08 x16:fffffe08
26892770ns          461953 1c009024 03188633 mul              x12, x17, x17       x12=00063b01 x17:fffffd81 x17:fffffd81
26892790ns          461954 1c009028 40a65613 srai             x12, x12, 0x40a     x12=0000018e x12:00063b01
26892810ns          461955 1c00902a 40a6d693 srai             x13, x13, 0x40a     x13=000000f8 x13:0003e040
26892830ns          461956 1c00902c 00c686b3 add              x13, x13, x12       x13=00000286 x13:000000f8 x12:0000018e
26892849ns          461957 1c00902e 1006c633 p.exths          x12, x13, x0        x12=00000286 x13:00000286
26892869ns          461958 1c009032 00855703 lhu              x14, 8(x10)         x14=0000ffd1 x10:10003fa4  PA:10003fac
26892889ns          461959 1c009036 00a55683 lhu              x13, 10(x10)        x13=0000ff6a x10:10003fa4  PA:10003fae
26892909ns          461960 1c00903a 02c60333 mul              x6, x12, x12         x6=00065e24 x12:00000286 x12:00000286
26892929ns          461961 1c00903e 00c55783 lhu              x15, 12(x10)        x15=0000ffe5 x10:10003fa4  PA:10003fb0
26892949ns          461962 1c009042 00e55583 lhu              x11, 14(x10)        x11=00000060 x10:10003fa4  PA:10003fb2
26892969ns          461963 1c009046 dea30333 p.extract        x6, x6, 15, 10       x6=00000197  x6:00065e24
26892989ns          461964 1c00904a 80c7075b p.muls           x14, x14, x12       x14=ffff8966 x14:0000ffd1 x12:00000286
26893009ns          461965 1c00904e 80c686db p.muls           x13, x13, x12       x13=fffe857c x13:0000ff6a x12:00000286
26893028ns          461966 1c009052 00455e83 lhu              x29, 4(x10)         x29=00000427 x10:10003fa4  PA:10003fa8
26893048ns          461967 1c009056 00655e03 lhu              x28, 6(x10)         x28=0000007f x10:10003fa4  PA:10003faa
26893068ns          461968 1c00905a 40a75713 srai             x14, x14, 0x40a     x14=ffffffe2 x14:ffff8966
26893088ns          461969 1c00905c 806787db p.muls           x15, x15, x6        x15=ffffd513 x15:0000ffe5  x6:00000197
26893108ns          461970 1c009060 40a6d693 srai             x13, x13, 0x40a     x13=ffffffa1 x13:fffe857c
26893148ns          461972 1c009062 8065865b p.muls           x12, x11, x6        x12=000098a0 x11:00000060  x6:00000197
26893168ns          461973 1c009066 40a7d793 srai             x15, x15, 0x40a     x15=fffffff5 x15:ffffd513
26893188ns          461974 1c009068 40a65613 srai             x12, x12, 0x40a     x12=00000026 x12:000098a0
26893207ns          461975 1c00906a 01d70733 add              x14, x14, x29       x14=00000409 x14:ffffffe2 x29:00000427
26893227ns          461976 1c00906c 01c686b3 add              x13, x13, x28       x13=00000020 x13:ffffffa1 x28:0000007f
26893247ns          461977 1c00906e 00c686b3 add              x13, x13, x12       x13=00000046 x13:00000020 x12:00000026
26893267ns          461978 1c009070 00f70733 add              x14, x14, x15       x14=000003fe x14:00000409 x15:fffffff5
26893287ns          461979 1c009072 100747b3 p.exths          x15, x14, x0        x15=000003fe x14:000003fe
26893307ns          461980 1c009076 1006c733 p.exths          x14, x13, x0        x14=00000046 x13:00000046
26893327ns          461981 1c00907a 03170633 mul              x12, x14, x17       x12=ffff5146 x14:00000046 x17:fffffd81
26893347ns          461982 1c00907e 030786b3 mul              x13, x15, x16       x13=fff823f0 x15:000003fe x16:fffffe08
26893367ns          461983 1c009082 03070733 mul              x14, x14, x16       x14=ffff7630 x14:00000046 x16:fffffe08
26893386ns          461984 1c009086 031787b3 mul              x15, x15, x17       x15=fff608fe x15:000003fe x17:fffffd81
26893406ns          461985 1c00908a 40a6d693 srai             x13, x13, 0x40a     x13=fffffe08 x13:fff823f0
26893426ns          461986 1c00908c 40a65613 srai             x12, x12, 0x40a     x12=ffffffd4 x12:ffff5146
26893446ns          461987 1c00908e 40a7d793 srai             x15, x15, 0x40a     x15=fffffd82 x15:fff608fe
26893466ns          461988 1c009090 40a75713 srai             x14, x14, 0x40a     x14=ffffffdd x14:ffff7630
26893486ns          461989 1c009092 40c686b3 sub              x13, x13, x12       x13=fffffe34 x13:fffffe08 x12:ffffffd4
26893506ns          461990 1c009094 00e787b3 add              x15, x15, x14       x15=fffffd5f x15:fffffd82 x14:ffffffdd
26893526ns          461991 1c009096 00d51823 sh               x13, 16(x10)        x13:fffffe34 x10:10003fa4  PA:10003fb4
26893546ns          461992 1c00909a 00f51923 sh               x15, 18(x10)        x15:fffffd5f x10:10003fa4  PA:10003fb6
26893565ns          461993 1c00909e 00008067 jalr             x0, x1, 0            x1:1c0093e8
26893685ns          461999 1c0093e8 2dc15583 lhu              x11, 732(x2)        x11=0000fe34  x2:10003cd8  PA:10003fb4
26893725ns          462001 1c0093ec 2de15783 lhu              x15, 734(x2)        x15=0000fd5f  x2:10003cd8  PA:10003fb6
26893744ns          462002 1c0093f0 40b90933 sub              x18, x18, x11       x18=fffeff67 x18:fffffd9b x11:0000fe34
26893764ns          462003 1c0093f4 40f484b3 sub              x9, x9, x15          x9=ffff00bb  x9:fffffe1a x15:0000fd5f
26893784ns          462004 1c0093f6 100945b3 p.exths          x11, x18, x0        x11=ffffff67 x18:fffeff67
26893804ns          462005 1c0093fa 1004c7b3 p.exths          x15, x9, x0         x15=000000bb  x9:ffff00bb
26893824ns          462006 1c0093fe 034586b3 mul              x13, x11, x20       x13=00012d38 x11:ffffff67 x20:fffffe08
26893844ns          462007 1c009402 03378533 mul              x10, x15, x19       x10=fffe2d3b x15:000000bb x19:fffffd81
26893864ns          462008 1c009406 034a0633 mul              x12, x20, x20       x12=0003e040 x20:fffffe08 x20:fffffe08
26893884ns          462009 1c00940a 03398733 mul              x14, x19, x19       x14=00063b01 x19:fffffd81 x19:fffffd81
26893904ns          462010 1c00940e 034787b3 mul              x15, x15, x20       x15=fffe8fd8 x15:000000bb x20:fffffe08
26893923ns          462011 1c009412 033585b3 mul              x11, x11, x19       x11=00017de7 x11:ffffff67 x19:fffffd81
26893943ns          462012 1c009416 40a75713 srai             x14, x14, 0x40a     x14=0000018e x14:00063b01
26893963ns          462013 1c009418 40a5d593 srai             x11, x11, 0x40a     x11=0000005f x11:00017de7
26893983ns          462014 1c00941a 40a65613 srai             x12, x12, 0x40a     x12=000000f8 x12:0003e040
26894003ns          462015 1c00941c 40a7d793 srai             x15, x15, 0x40a     x15=ffffffa3 x15:fffe8fd8
26894023ns          462016 1c00941e 1c0034b7 lui              x9, 0x1c003000       x9=1c003000
26894043ns          462017 1c009422 00e60633 add              x12, x12, x14       x12=00000286 x12:000000f8 x14:0000018e
26894063ns          462018 1c009424 40b787b3 sub              x15, x15, x11       x15=ffffff44 x15:ffffffa3 x11:0000005f
26894082ns          462019 1c009426 eb048493 addi             x9, x9, -336         x9=1c002eb0  x9:1c003000
26894102ns          462020 1c00942a 1c0032b7 lui              x5, 0x1c003000       x5=1c003000
26894122ns          462021 1c00942e 1c0035b7 lui              x11, 0x1c003000     x11=1c003000
26894142ns          462022 1c009432 018483b3 add              x7, x9, x24          x7=1c002ebe  x9:1c002eb0 x24:0000000e
26894162ns          462023 1c009436 02812e83 lw               x29, 40(x2)         x29=1c002ece  x2:10003cd8  PA:10003d00
26894182ns          462024 1c009438 10065633 p.exthz          x12, x12, x0        x12=00000286 x12:00000286
26894202ns          462025 1c00943c e8028293 addi             x5, x5, -384         x5=1c002e80  x5:1c003000
26894222ns          462026 1c009440 ea058593 addi             x11, x11, -352      x11=1c002ea0 x11:1c003000
26894242ns          462027 1c009444 03812483 lw               x9, 56(x2)           x9=1c002eee  x2:10003cd8  PA:10003d10
26894261ns          462028 1c009446 10064733 p.exths          x14, x12, x0        x14=00000286 x12:00000286
26894281ns          462029 1c00944a 018280b3 add              x1, x5, x24          x1=1c002e8e  x5:1c002e80 x24:0000000e
26894301ns          462030 1c00944e 03012f03 lw               x30, 48(x2)         x30=1c002ede  x2:10003cd8  PA:10003d08
26894321ns          462031 1c009450 018582b3 add              x5, x11, x24         x5=1c002eae x11:1c002ea0 x24:0000000e
26894341ns          462032 1c009454 04012583 lw               x11, 64(x2)         x11=1c002efe  x2:10003cd8  PA:10003d18
26894361ns          462033 1c009456 000edd83 lhu              x27, 0(x29)         x27=00000820 x29:1c002ece  PA:1c002ece
26894759ns          462053 1c00945a 0004d483 lhu              x9, 0(x9)            x9=0000022c  x9:1c002eee  PA:1c002eee
26895057ns          462068 1c00945e 02e70333 mul              x6, x14, x14         x6=00065e24 x14:00000286 x14:00000286
26895077ns          462069 1c009462 40a55513 srai             x10, x10, 0x40a     x10=ffffff8b x10:fffe2d3b
26895097ns          462070 1c009464 04812e83 lw               x29, 72(x2)         x29=1c002f0e  x2:10003cd8  PA:10003d20
26895117ns          462071 1c009466 40a6d693 srai             x13, x13, 0x40a     x13=0000004b x13:00012d38
26895137ns          462072 1c009468 000f5d03 lhu              x26, 0(x30)         x26=0000036c x30:1c002ede  PA:1c002ede
26895455ns          462088 1c00946c 0005d583 lhu              x11, 0(x11)         x11=00000196 x11:1c002efe  PA:1c002efe
26895753ns          462103 1c009470 40a35313 srai             x6, x6, 0x40a        x6=00000197  x6:00065e24
26895773ns          462104 1c009474 00a686b3 add              x13, x13, x10       x13=ffffffd6 x13:0000004b x10:ffffff8b
26895793ns          462105 1c009476 05012f03 lw               x30, 80(x2)         x30=1c002e7e  x2:10003cd8  PA:10003d28
26895813ns          462106 1c009478 10034e33 p.exths          x28, x6, x0         x28=00000197  x6:00000197
26895833ns          462107 1c00947c 06911023 sh               x9, 96(x2)           x9:0000022c  x2:10003cd8  PA:10003d38
26895853ns          462108 1c009480 000ede83 lhu              x29, 0(x29)         x29=00000139 x29:1c002f0e  PA:1c002f0e
26896270ns          462129 1c009484 05812483 lw               x9, 88(x2)           x9=1c002e6e  x2:10003cd8  PA:10003d30
26896290ns          462130 1c009486 1006d6b3 p.exthz          x13, x13, x0        x13=0000ffd6 x13:ffffffd6
26896310ns          462131 1c00948a 02ee08b3 mul              x17, x28, x14       x17=0004030a x28:00000197 x14:00000286
26896330ns          462132 1c00948e 1006c833 p.exths          x16, x13, x0        x16=ffffffd6 x13:0000ffd6
26896350ns          462133 1c009492 06b11823 sh               x11, 112(x2)        x11:00000196  x2:10003cd8  PA:10003d48
26896370ns          462134 1c009496 000f5f03 lhu              x30, 0(x30)         x30=0000ff99 x30:1c002e7e  PA:1c002e7e
26896688ns          462150 1c00949a 0a012583 lw               x11, 160(x2)        x11=1c002e9e  x2:10003cd8  PA:10003d78
26896708ns          462151 1c00949c 1007d7b3 p.exthz          x15, x15, x0        x15=0000ff44 x15:ffffff44
26896728ns          462152 1c0094a0 0004da03 lhu              x20, 0(x9)          x20=0000fe0d  x9:1c002e6e  PA:1c002e6e
26897026ns          462167 1c0094a4 1007c533 p.exths          x10, x15, x0        x10=ffffff44 x15:0000ff44
26897046ns          462168 1c0094a8 09d11023 sh               x29, 128(x2)        x29:00000139  x2:10003cd8  PA:10003d58
26897066ns          462169 1c0094ac 0003d483 lhu              x9, 0(x7)            x9=0000ffd9  x7:1c002ebe  PA:1c002ebe
26897384ns          462185 1c0094b0 02e80eb3 mul              x29, x16, x14       x29=ffff9604 x16:ffffffd6 x14:00000286
26897404ns          462186 1c0094b4 40a8d893 srai             x17, x17, 0x40a     x17=00000100 x17:0004030a
26897424ns          462187 1c0094b8 03c80833 mul              x16, x16, x28       x16=ffffbd3a x16:ffffffd6 x28:00000197
26897444ns          462188 1c0094bc 09e11823 sh               x30, 144(x2)        x30:0000ff99  x2:10003cd8  PA:10003d68
26897463ns          462189 1c0094c0 0005d983 lhu              x19, 0(x11)         x19=0000ffca x11:1c002e9e  PA:1c002e9e
26897762ns          462204 1c0094c4 81c88f5b p.muls           x30, x17, x28       x30=00019700 x17:00000100 x28:00000197
26897782ns          462205 1c0094c8 0002d583 lhu              x11, 0(x5)          x11=0000ff59  x5:1c002eae  PA:1c002eae
26898080ns          462220 1c0094cc 03ce0fb3 mul              x31, x28, x28       x31=00028711 x28:00000197 x28:00000197
26898100ns          462221 1c0094d0 02e50733 mul              x14, x10, x14       x14=fffe2598 x10:ffffff44 x14:00000286
26898120ns          462222 1c0094d4 40a85813 srai             x16, x16, 0x40a     x16=ffffffef x16:ffffbd3a
26898140ns          462223 1c0094d8 03c50533 mul              x10, x10, x28       x10=fffed51c x10:ffffff44 x28:00000197
26898160ns          462224 1c0094dc 07015e03 lhu              x28, 112(x2)        x28=00000196  x2:10003cd8  PA:10003d48
26898179ns          462225 1c0094e0 01b60633 add              x12, x12, x27       x12=00000aa6 x12:00000286 x27:00000820
26898199ns          462226 1c0094e2 00980833 add              x16, x16, x9        x16=0000ffc8 x16:ffffffef  x9:0000ffd9
26898219ns          462227 1c0094e4 06015d83 lhu              x27, 96(x2)         x27=0000022c  x2:10003cd8  PA:10003d38
26898239ns          462228 1c0094e8 02812483 lw               x9, 40(x2)           x9=1c002ece  x2:10003cd8  PA:10003d00
26898259ns          462229 1c0094ea 40afdf93 srai             x31, x31, 0x40a     x31=000000a1 x31:00028711
26898279ns          462230 1c0094ee 40a55513 srai             x10, x10, 0x40a     x10=ffffffb5 x10:fffed51c
26898299ns          462231 1c0094f0 01cf8fb3 add              x31, x31, x28       x31=00000237 x31:000000a1 x28:00000196
26898319ns          462232 1c0094f2 00b50533 add              x10, x10, x11       x10=0000ff0e x10:ffffffb5 x11:0000ff59
26898339ns          462233 1c0094f4 09015e03 lhu              x28, 144(x2)        x28=0000ff99  x2:10003cd8  PA:10003d68
26898358ns          462234 1c0094f8 03012583 lw               x11, 48(x2)         x11=1c002ede  x2:10003cd8  PA:10003d08
26898378ns          462235 1c0094fa 00c49023 sh               x12, 0(x9)          x12:00000aa6  x9:1c002ece  PA:1c002ece
26898756ns          462254 1c0094fe 01b888b3 add              x17, x17, x27       x17=0000032c x17:00000100 x27:0000022c
26898776ns          462255 1c009500 01a30333 add              x6, x6, x26          x6=00000503  x6:00000197 x26:0000036c
26898796ns          462256 1c009502 08015d83 lhu              x27, 128(x2)        x27=00000139  x2:10003cd8  PA:10003d58
26898816ns          462257 1c009506 0000d903 lhu              x18, 0(x1)          x18=0000ff02  x1:1c002e8e  PA:1c002e8e
26899114ns          462272 1c00950a 01c686b3 add              x13, x13, x28       x13=0001ff6f x13:0000ffd6 x28:0000ff99
26899134ns          462273 1c00950c 00659023 sh               x6, 0(x11)           x6:00000503 x11:1c002ede  PA:1c002ede
26899472ns          462290 1c009510 40af5f13 srai             x30, x30, 0x40a     x30=00000065 x30:00019700
26899492ns          462291 1c009514 04812e03 lw               x28, 72(x2)         x28=1c002f0e  x2:10003cd8  PA:10003d20
26899512ns          462292 1c009516 01bf0f33 add              x30, x30, x27       x30=0000019e x30:00000065 x27:00000139
26899532ns          462293 1c009518 40aede93 srai             x29, x29, 0x40a     x29=ffffffe5 x29:ffff9604
26899552ns          462294 1c00951c 40a75713 srai             x14, x14, 0x40a     x14=ffffff89 x14:fffe2598
26899572ns          462295 1c00951e 03812603 lw               x12, 56(x2)         x12=1c002eee  x2:10003cd8  PA:10003d10
26899591ns          462296 1c009520 04012d83 lw               x27, 64(x2)         x27=1c002efe  x2:10003cd8  PA:10003d18
26899611ns          462297 1c009522 01ee1023 sh               x30, 0(x28)         x30:0000019e x28:1c002f0e  PA:1c002f0e
26899930ns          462313 1c009526 05812483 lw               x9, 88(x2)           x9=1c002e6e  x2:10003cd8  PA:10003d30
26899949ns          462314 1c009528 05012f03 lw               x30, 80(x2)         x30=1c002e7e  x2:10003cd8  PA:10003d28
26899969ns          462315 1c00952a 0a012583 lw               x11, 160(x2)        x11=1c002e9e  x2:10003cd8  PA:10003d78
26899989ns          462316 1c00952c 014787b3 add              x15, x15, x20       x15=0001fd51 x15:0000ff44 x20:0000fe0d
26900009ns          462317 1c00952e 013e8eb3 add              x29, x29, x19       x29=0000ffaf x29:ffffffe5 x19:0000ffca
26900029ns          462318 1c009530 01270733 add              x14, x14, x18       x14=0000fe8b x14:ffffff89 x18:0000ff02
26900049ns          462319 1c009532 00f49023 sh               x15, 0(x9)          x15:0001fd51  x9:1c002e6e  PA:1c002e6e
26900367ns          462335 1c009536 01161023 sh               x17, 0(x12)         x17:0000032c x12:1c002eee  PA:1c002eee
26900685ns          462351 1c00953a 01fd9023 sh               x31, 0(x27)         x31:00000237 x27:1c002efe  PA:1c002efe
26901004ns          462367 1c00953e 00df1023 sh               x13, 0(x30)         x13:0001ff6f x30:1c002e7e  PA:1c002e7e
26901322ns          462383 1c009542 01d59023 sh               x29, 0(x11)         x29:0000ffaf x11:1c002e9e  PA:1c002e9e
26901640ns          462399 1c009546 00e09023 sh               x14, 0(x1)          x14:0000fe8b  x1:1c002e8e  PA:1c002e8e
26901998ns          462417 1c00954a 01039023 sh               x16, 0(x7)          x16:0000ffc8  x7:1c002ebe  PA:1c002ebe
26902316ns          462433 1c00954e 00a29023 sh               x10, 0(x5)          x10:0000ff0e  x5:1c002eae  PA:1c002eae
26902634ns          462449 1c009552 008b0b13 addi             x22, x22, 8         x22=0000007f x22:00000077
26902654ns          462450 1c009554 1f300793 addi             x15, x0, 499        x15=000001f3
26902674ns          462451 1c009558 e767dae3 bge              x15, x22, -396      x15:000001f3 x22:0000007f
26902734ns          462454 1c0093cc 010c9a0b p.lh             x20, 16(x25!)       x20=ffffff7a x25=1c002796 x25:1c002786  PA:1c002786
26903032ns          462469 1c0093d0 0104198b p.lh             x19, 16(x8!)        x19=00000006  x8=1c001f5e  x8:1c001f4e  PA:1c001f4e
26903330ns          462484 1c0093d4 2cc10513 addi             x10, x2, 716        x10=10003fa4  x2:10003cd8
26903350ns          462485 1c0093d6 010a990b p.lh             x18, 16(x21!)       x18=ffffff79 x21=1c00178a x21:1c00177a  PA:1c00177a
26903649ns          462500 1c0093da 010b948b p.lh             x9, 16(x23!)         x9=00000004 x23=1c000fba x23:1c000faa  PA:1c000faa
26903947ns          462515 1c0093de 2d411623 sh               x20, 716(x2)        x20:ffffff7a  x2:10003cd8  PA:10003fa4
26903967ns          462516 1c0093e2 2d311723 sh               x19, 718(x2)        x19:00000006  x2:10003cd8  PA:10003fa6
26903987ns          462517 1c0093e6 c33ff0ef jal              x1, -974             x1=1c0093e8
26904026ns          462519 1c009018 00051803 lh               x16, 0(x10)         x16=ffffff7a x10:10003fa4  PA:10003fa4
26904046ns          462520 1c00901c 00251883 lh               x17, 2(x10)         x17=00000006 x10:10003fa4  PA:10003fa6
26904106ns          462523 1c009020 030806b3 mul              x13, x16, x16       x13=00004624 x16:ffffff7a x16:ffffff7a
26904146ns          462525 1c009024 03188633 mul              x12, x17, x17       x12=00000024 x17:00000006 x17:00000006
26904166ns          462526 1c009028 40a65613 srai             x12, x12, 0x40a     x12=00000000 x12:00000024
26904186ns          462527 1c00902a 40a6d693 srai             x13, x13, 0x40a     x13=00000011 x13:00004624
26904205ns          462528 1c00902c 00c686b3 add              x13, x13, x12       x13=00000011 x13:00000011 x12:00000000
26904225ns          462529 1c00902e 1006c633 p.exths          x12, x13, x0        x12=00000011 x13:00000011
26904245ns          462530 1c009032 00855703 lhu              x14, 8(x10)         x14=0000ffd1 x10:10003fa4  PA:10003fac
26904265ns          462531 1c009036 00a55683 lhu              x13, 10(x10)        x13=0000ff6a x10:10003fa4  PA:10003fae
26904285ns          462532 1c00903a 02c60333 mul              x6, x12, x12         x6=00000121 x12:00000011 x12:00000011
26904305ns          462533 1c00903e 00c55783 lhu              x15, 12(x10)        x15=0000ffe5 x10:10003fa4  PA:10003fb0
26904325ns          462534 1c009042 00e55583 lhu              x11, 14(x10)        x11=00000060 x10:10003fa4  PA:10003fb2
26904345ns          462535 1c009046 dea30333 p.extract        x6, x6, 15, 10       x6=00000000  x6:00000121
26904365ns          462536 1c00904a 80c7075b p.muls           x14, x14, x12       x14=fffffce1 x14:0000ffd1 x12:00000011
26904404ns          462538 1c00904e 80c686db p.muls           x13, x13, x12       x13=fffff60a x13:0000ff6a x12:00000011
26904444ns          462540 1c009052 00455e83 lhu              x29, 4(x10)         x29=00000427 x10:10003fa4  PA:10003fa8
26904464ns          462541 1c009056 00655e03 lhu              x28, 6(x10)         x28=0000007f x10:10003fa4  PA:10003faa
26904484ns          462542 1c00905a 40a75713 srai             x14, x14, 0x40a     x14=ffffffff x14:fffffce1
26904504ns          462543 1c00905c 806787db p.muls           x15, x15, x6        x15=00000000 x15:0000ffe5  x6:00000000
26904544ns          462545 1c009060 40a6d693 srai             x13, x13, 0x40a     x13=fffffffd x13:fffff60a
26904583ns          462547 1c009062 8065865b p.muls           x12, x11, x6        x12=00000000 x11:00000060  x6:00000000
26904603ns          462548 1c009066 40a7d793 srai             x15, x15, 0x40a     x15=00000000 x15:00000000
26904623ns          462549 1c009068 40a65613 srai             x12, x12, 0x40a     x12=00000000 x12:00000000
26904643ns          462550 1c00906a 01d70733 add              x14, x14, x29       x14=00000426 x14:ffffffff x29:00000427
26904663ns          462551 1c00906c 01c686b3 add              x13, x13, x28       x13=0000007c x13:fffffffd x28:0000007f
26904683ns          462552 1c00906e 00c686b3 add              x13, x13, x12       x13=0000007c x13:0000007c x12:00000000
26904703ns          462553 1c009070 00f70733 add              x14, x14, x15       x14=00000426 x14:00000426 x15:00000000
26904723ns          462554 1c009072 100747b3 p.exths          x15, x14, x0        x15=00000426 x14:00000426
26904742ns          462555 1c009076 1006c733 p.exths          x14, x13, x0        x14=0000007c x13:0000007c
26904762ns          462556 1c00907a 03170633 mul              x12, x14, x17       x12=000002e8 x14:0000007c x17:00000006
26904782ns          462557 1c00907e 030786b3 mul              x13, x15, x16       x13=fffdd41c x15:00000426 x16:ffffff7a
26904802ns          462558 1c009082 03070733 mul              x14, x14, x16       x14=ffffbf18 x14:0000007c x16:ffffff7a
26904822ns          462559 1c009086 031787b3 mul              x15, x15, x17       x15=000018e4 x15:00000426 x17:00000006
26904842ns          462560 1c00908a 40a6d693 srai             x13, x13, 0x40a     x13=ffffff75 x13:fffdd41c
26904862ns          462561 1c00908c 40a65613 srai             x12, x12, 0x40a     x12=00000000 x12:000002e8
26904882ns          462562 1c00908e 40a7d793 srai             x15, x15, 0x40a     x15=00000006 x15:000018e4
26904902ns          462563 1c009090 40a75713 srai             x14, x14, 0x40a     x14=ffffffef x14:ffffbf18
26904921ns          462564 1c009092 40c686b3 sub              x13, x13, x12       x13=ffffff75 x13:ffffff75 x12:00000000
26904941ns          462565 1c009094 00e787b3 add              x15, x15, x14       x15=fffffff5 x15:00000006 x14:ffffffef
26904961ns          462566 1c009096 00d51823 sh               x13, 16(x10)        x13:ffffff75 x10:10003fa4  PA:10003fb4
26904981ns          462567 1c00909a 00f51923 sh               x15, 18(x10)        x15:fffffff5 x10:10003fa4  PA:10003fb6
26905001ns          462568 1c00909e 00008067 jalr             x0, x1, 0            x1:1c0093e8
26905081ns          462572 1c0093e8 2dc15583 lhu              x11, 732(x2)        x11=0000ff75  x2:10003cd8  PA:10003fb4
26905120ns          462574 1c0093ec 2de15783 lhu              x15, 734(x2)        x15=0000fff5  x2:10003cd8  PA:10003fb6
26905140ns          462575 1c0093f0 40b90933 sub              x18, x18, x11       x18=ffff0004 x18:ffffff79 x11:0000ff75
26905160ns          462576 1c0093f4 40f484b3 sub              x9, x9, x15          x9=ffff000f  x9:00000004 x15:0000fff5
26905180ns          462577 1c0093f6 100945b3 p.exths          x11, x18, x0        x11=00000004 x18:ffff0004
26905200ns          462578 1c0093fa 1004c7b3 p.exths          x15, x9, x0         x15=0000000f  x9:ffff000f
26905220ns          462579 1c0093fe 034586b3 mul              x13, x11, x20       x13=fffffde8 x11:00000004 x20:ffffff7a
26905240ns          462580 1c009402 03378533 mul              x10, x15, x19       x10=0000005a x15:0000000f x19:00000006
26905260ns          462581 1c009406 034a0633 mul              x12, x20, x20       x12=00004624 x20:ffffff7a x20:ffffff7a
26905279ns          462582 1c00940a 03398733 mul              x14, x19, x19       x14=00000024 x19:00000006 x19:00000006
26905299ns          462583 1c00940e 034787b3 mul              x15, x15, x20       x15=fffff826 x15:0000000f x20:ffffff7a
26905319ns          462584 1c009412 033585b3 mul              x11, x11, x19       x11=00000018 x11:00000004 x19:00000006
26905339ns          462585 1c009416 40a75713 srai             x14, x14, 0x40a     x14=00000000 x14:00000024
26905359ns          462586 1c009418 40a5d593 srai             x11, x11, 0x40a     x11=00000000 x11:00000018
26905379ns          462587 1c00941a 40a65613 srai             x12, x12, 0x40a     x12=00000011 x12:00004624
26905399ns          462588 1c00941c 40a7d793 srai             x15, x15, 0x40a     x15=fffffffe x15:fffff826
26905419ns          462589 1c00941e 1c0034b7 lui              x9, 0x1c003000       x9=1c003000
26905439ns          462590 1c009422 00e60633 add              x12, x12, x14       x12=00000011 x12:00000011 x14:00000000
26905458ns          462591 1c009424 40b787b3 sub              x15, x15, x11       x15=fffffffe x15:fffffffe x11:00000000
26905478ns          462592 1c009426 eb048493 addi             x9, x9, -336         x9=1c002eb0  x9:1c003000
26905498ns          462593 1c00942a 1c0032b7 lui              x5, 0x1c003000       x5=1c003000
26905518ns          462594 1c00942e 1c0035b7 lui              x11, 0x1c003000     x11=1c003000
26905538ns          462595 1c009432 018483b3 add              x7, x9, x24          x7=1c002ebe  x9:1c002eb0 x24:0000000e
26905558ns          462596 1c009436 02812e83 lw               x29, 40(x2)         x29=1c002ece  x2:10003cd8  PA:10003d00
26905578ns          462597 1c009438 10065633 p.exthz          x12, x12, x0        x12=00000011 x12:00000011
26905598ns          462598 1c00943c e8028293 addi             x5, x5, -384         x5=1c002e80  x5:1c003000
26905618ns          462599 1c009440 ea058593 addi             x11, x11, -352      x11=1c002ea0 x11:1c003000
26905657ns          462601 1c009444 03812483 lw               x9, 56(x2)           x9=1c002eee  x2:10003cd8  PA:10003d10
26905677ns          462602 1c009446 10064733 p.exths          x14, x12, x0        x14=00000011 x12:00000011
26905697ns          462603 1c00944a 018280b3 add              x1, x5, x24          x1=1c002e8e  x5:1c002e80 x24:0000000e
26905717ns          462604 1c00944e 03012f03 lw               x30, 48(x2)         x30=1c002ede  x2:10003cd8  PA:10003d08
26905737ns          462605 1c009450 018582b3 add              x5, x11, x24         x5=1c002eae x11:1c002ea0 x24:0000000e
26905757ns          462606 1c009454 04012583 lw               x11, 64(x2)         x11=1c002efe  x2:10003cd8  PA:10003d18
26905777ns          462607 1c009456 000edd83 lhu              x27, 0(x29)         x27=00000aa6 x29:1c002ece  PA:1c002ece
26906075ns          462622 1c00945a 0004d483 lhu              x9, 0(x9)            x9=0000032c  x9:1c002eee  PA:1c002eee
26906373ns          462637 1c00945e 02e70333 mul              x6, x14, x14         x6=00000121 x14:00000011 x14:00000011
26906393ns          462638 1c009462 40a55513 srai             x10, x10, 0x40a     x10=00000000 x10:0000005a
26906413ns          462639 1c009464 04812e83 lw               x29, 72(x2)         x29=1c002f0e  x2:10003cd8  PA:10003d20
26906433ns          462640 1c009466 40a6d693 srai             x13, x13, 0x40a     x13=ffffffff x13:fffffde8
26906453ns          462641 1c009468 000f5d03 lhu              x26, 0(x30)         x26=00000503 x30:1c002ede  PA:1c002ede
26906771ns          462657 1c00946c 0005d583 lhu              x11, 0(x11)         x11=00000237 x11:1c002efe  PA:1c002efe
26907069ns          462672 1c009470 40a35313 srai             x6, x6, 0x40a        x6=00000000  x6:00000121
26907089ns          462673 1c009474 00a686b3 add              x13, x13, x10       x13=ffffffff x13:ffffffff x10:00000000
26907109ns          462674 1c009476 05012f03 lw               x30, 80(x2)         x30=1c002e7e  x2:10003cd8  PA:10003d28
26907129ns          462675 1c009478 10034e33 p.exths          x28, x6, x0         x28=00000000  x6:00000000
26907149ns          462676 1c00947c 06911023 sh               x9, 96(x2)           x9:0000032c  x2:10003cd8  PA:10003d38
26907169ns          462677 1c009480 000ede83 lhu              x29, 0(x29)         x29=0000019e x29:1c002f0e  PA:1c002f0e
26907467ns          462692 1c009484 05812483 lw               x9, 88(x2)           x9=1c002e6e  x2:10003cd8  PA:10003d30
26907487ns          462693 1c009486 1006d6b3 p.exthz          x13, x13, x0        x13=0000ffff x13:ffffffff
26907507ns          462694 1c00948a 02ee08b3 mul              x17, x28, x14       x17=00000000 x28:00000000 x14:00000011
26907527ns          462695 1c00948e 1006c833 p.exths          x16, x13, x0        x16=ffffffff x13:0000ffff
26907547ns          462696 1c009492 06b11823 sh               x11, 112(x2)        x11:00000237  x2:10003cd8  PA:10003d48
26907567ns          462697 1c009496 000f5f03 lhu              x30, 0(x30)         x30=0000ff6f x30:1c002e7e  PA:1c002e7e
26907944ns          462716 1c00949a 0a012583 lw               x11, 160(x2)        x11=1c002e9e  x2:10003cd8  PA:10003d78
26907964ns          462717 1c00949c 1007d7b3 p.exthz          x15, x15, x0        x15=0000fffe x15:fffffffe
26907984ns          462718 1c0094a0 0004da03 lhu              x20, 0(x9)          x20=0000fd51  x9:1c002e6e  PA:1c002e6e
26908322ns          462735 1c0094a4 1007c533 p.exths          x10, x15, x0        x10=fffffffe x15:0000fffe
26908342ns          462736 1c0094a8 09d11023 sh               x29, 128(x2)        x29:0000019e  x2:10003cd8  PA:10003d58
26908362ns          462737 1c0094ac 0003d483 lhu              x9, 0(x7)            x9=0000ffc8  x7:1c002ebe  PA:1c002ebe
26908700ns          462754 1c0094b0 02e80eb3 mul              x29, x16, x14       x29=ffffffef x16:ffffffff x14:00000011
26908720ns          462755 1c0094b4 40a8d893 srai             x17, x17, 0x40a     x17=00000000 x17:00000000
26908740ns          462756 1c0094b8 03c80833 mul              x16, x16, x28       x16=00000000 x16:ffffffff x28:00000000
26908760ns          462757 1c0094bc 09e11823 sh               x30, 144(x2)        x30:0000ff6f  x2:10003cd8  PA:10003d68
26908780ns          462758 1c0094c0 0005d983 lhu              x19, 0(x11)         x19=0000ffaf x11:1c002e9e  PA:1c002e9e
26909118ns          462775 1c0094c4 81c88f5b p.muls           x30, x17, x28       x30=00000000 x17:00000000 x28:00000000
26909138ns          462776 1c0094c8 0002d583 lhu              x11, 0(x5)          x11=0000ff0e  x5:1c002eae  PA:1c002eae
26909555ns          462797 1c0094cc 03ce0fb3 mul              x31, x28, x28       x31=00000000 x28:00000000 x28:00000000
26909575ns          462798 1c0094d0 02e50733 mul              x14, x10, x14       x14=ffffffde x10:fffffffe x14:00000011
26909595ns          462799 1c0094d4 40a85813 srai             x16, x16, 0x40a     x16=00000000 x16:00000000
26909615ns          462800 1c0094d8 03c50533 mul              x10, x10, x28       x10=00000000 x10:fffffffe x28:00000000
26909635ns          462801 1c0094dc 07015e03 lhu              x28, 112(x2)        x28=00000237  x2:10003cd8  PA:10003d48
26909675ns          462803 1c0094e0 01b60633 add              x12, x12, x27       x12=00000ab7 x12:00000011 x27:00000aa6
26909695ns          462804 1c0094e2 00980833 add              x16, x16, x9        x16=0000ffc8 x16:00000000  x9:0000ffc8
26909714ns          462805 1c0094e4 06015d83 lhu              x27, 96(x2)         x27=0000032c  x2:10003cd8  PA:10003d38
26909734ns          462806 1c0094e8 02812483 lw               x9, 40(x2)           x9=1c002ece  x2:10003cd8  PA:10003d00
26909754ns          462807 1c0094ea 40afdf93 srai             x31, x31, 0x40a     x31=00000000 x31:00000000
26909774ns          462808 1c0094ee 40a55513 srai             x10, x10, 0x40a     x10=00000000 x10:00000000
26909794ns          462809 1c0094f0 01cf8fb3 add              x31, x31, x28       x31=00000237 x31:00000000 x28:00000237
26909814ns          462810 1c0094f2 00b50533 add              x10, x10, x11       x10=0000ff0e x10:00000000 x11:0000ff0e
26909834ns          462811 1c0094f4 09015e03 lhu              x28, 144(x2)        x28=0000ff6f  x2:10003cd8  PA:10003d68
26909854ns          462812 1c0094f8 03012583 lw               x11, 48(x2)         x11=1c002ede  x2:10003cd8  PA:10003d08
26909874ns          462813 1c0094fa 00c49023 sh               x12, 0(x9)          x12:00000ab7  x9:1c002ece  PA:1c002ece
26910192ns          462829 1c0094fe 01b888b3 add              x17, x17, x27       x17=0000032c x17:00000000 x27:0000032c
26910212ns          462830 1c009500 01a30333 add              x6, x6, x26          x6=00000503  x6:00000000 x26:00000503
26910232ns          462831 1c009502 08015d83 lhu              x27, 128(x2)        x27=0000019e  x2:10003cd8  PA:10003d58
26910251ns          462832 1c009506 0000d903 lhu              x18, 0(x1)          x18=0000fe8b  x1:1c002e8e  PA:1c002e8e
26910550ns          462847 1c00950a 01c686b3 add              x13, x13, x28       x13=0001ff6e x13:0000ffff x28:0000ff6f
26910570ns          462848 1c00950c 00659023 sh               x6, 0(x11)           x6:00000503 x11:1c002ede  PA:1c002ede
26910888ns          462864 1c009510 40af5f13 srai             x30, x30, 0x40a     x30=00000000 x30:00000000
26910908ns          462865 1c009514 04812e03 lw               x28, 72(x2)         x28=1c002f0e  x2:10003cd8  PA:10003d20
26910928ns          462866 1c009516 01bf0f33 add              x30, x30, x27       x30=0000019e x30:00000000 x27:0000019e
26910948ns          462867 1c009518 40aede93 srai             x29, x29, 0x40a     x29=ffffffff x29:ffffffef
26910967ns          462868 1c00951c 40a75713 srai             x14, x14, 0x40a     x14=ffffffff x14:ffffffde
26910987ns          462869 1c00951e 03812603 lw               x12, 56(x2)         x12=1c002eee  x2:10003cd8  PA:10003d10
26911007ns          462870 1c009520 04012d83 lw               x27, 64(x2)         x27=1c002efe  x2:10003cd8  PA:10003d18
26911027ns          462871 1c009522 01ee1023 sh               x30, 0(x28)         x30:0000019e x28:1c002f0e  PA:1c002f0e
26911345ns          462887 1c009526 05812483 lw               x9, 88(x2)           x9=1c002e6e  x2:10003cd8  PA:10003d30
26911365ns          462888 1c009528 05012f03 lw               x30, 80(x2)         x30=1c002e7e  x2:10003cd8  PA:10003d28
26911385ns          462889 1c00952a 0a012583 lw               x11, 160(x2)        x11=1c002e9e  x2:10003cd8  PA:10003d78
26911405ns          462890 1c00952c 014787b3 add              x15, x15, x20       x15=0001fd4f x15:0000fffe x20:0000fd51
26911425ns          462891 1c00952e 013e8eb3 add              x29, x29, x19       x29=0000ffae x29:ffffffff x19:0000ffaf
26911445ns          462892 1c009530 01270733 add              x14, x14, x18       x14=0000fe8a x14:ffffffff x18:0000fe8b
26911465ns          462893 1c009532 00f49023 sh               x15, 0(x9)          x15:0001fd4f  x9:1c002e6e  PA:1c002e6e
26911823ns          462911 1c009536 01161023 sh               x17, 0(x12)         x17:0000032c x12:1c002eee  PA:1c002eee
26912181ns          462929 1c00953a 01fd9023 sh               x31, 0(x27)         x31:00000237 x27:1c002efe  PA:1c002efe
26912499ns          462945 1c00953e 00df1023 sh               x13, 0(x30)         x13:0001ff6e x30:1c002e7e  PA:1c002e7e
26912817ns          462961 1c009542 01d59023 sh               x29, 0(x11)         x29:0000ffae x11:1c002e9e  PA:1c002e9e
26913135ns          462977 1c009546 00e09023 sh               x14, 0(x1)          x14:0000fe8a  x1:1c002e8e  PA:1c002e8e
26913493ns          462995 1c00954a 01039023 sh               x16, 0(x7)          x16:0000ffc8  x7:1c002ebe  PA:1c002ebe
26913811ns          463011 1c00954e 00a29023 sh               x10, 0(x5)          x10:0000ff0e  x5:1c002eae  PA:1c002eae
26914149ns          463028 1c009552 008b0b13 addi             x22, x22, 8         x22=00000087 x22:0000007f
26914169ns          463029 1c009554 1f300793 addi             x15, x0, 499        x15=000001f3
26914189ns          463030 1c009558 e767dae3 bge              x15, x22, -396      x15:000001f3 x22:00000087
26914289ns          463035 1c0093cc 010c9a0b p.lh             x20, 16(x25!)       x20=00000014 x25=1c0027a6 x25:1c002796  PA:1c002796
26914607ns          463051 1c0093d0 0104198b p.lh             x19, 16(x8!)        x19=fffffeaa  x8=1c001f6e  x8:1c001f5e  PA:1c001f5e
26914905ns          463066 1c0093d4 2cc10513 addi             x10, x2, 716        x10=10003fa4  x2:10003cd8
26914925ns          463067 1c0093d6 010a990b p.lh             x18, 16(x21!)       x18=fffffffd x21=1c00179a x21:1c00178a  PA:1c00178a
26915223ns          463082 1c0093da 010b948b p.lh             x9, 16(x23!)         x9=fffffe98 x23=1c000fca x23:1c000fba  PA:1c000fba
26915522ns          463097 1c0093de 2d411623 sh               x20, 716(x2)        x20:00000014  x2:10003cd8  PA:10003fa4
26915542ns          463098 1c0093e2 2d311723 sh               x19, 718(x2)        x19:fffffeaa  x2:10003cd8  PA:10003fa6
26915562ns          463099 1c0093e6 c33ff0ef jal              x1, -974             x1=1c0093e8
26915641ns          463103 1c009018 00051803 lh               x16, 0(x10)         x16=00000014 x10:10003fa4  PA:10003fa4
26915681ns          463105 1c00901c 00251883 lh               x17, 2(x10)         x17=fffffeaa x10:10003fa4  PA:10003fa6
26915741ns          463108 1c009020 030806b3 mul              x13, x16, x16       x13=00000190 x16:00000014 x16:00000014
26915780ns          463110 1c009024 03188633 mul              x12, x17, x17       x12=0001c8e4 x17:fffffeaa x17:fffffeaa
26915800ns          463111 1c009028 40a65613 srai             x12, x12, 0x40a     x12=00000072 x12:0001c8e4
26915820ns          463112 1c00902a 40a6d693 srai             x13, x13, 0x40a     x13=00000000 x13:00000190
26915840ns          463113 1c00902c 00c686b3 add              x13, x13, x12       x13=00000072 x13:00000000 x12:00000072
26915860ns          463114 1c00902e 1006c633 p.exths          x12, x13, x0        x12=00000072 x13:00000072
26915880ns          463115 1c009032 00855703 lhu              x14, 8(x10)         x14=0000ffd1 x10:10003fa4  PA:10003fac
26915900ns          463116 1c009036 00a55683 lhu              x13, 10(x10)        x13=0000ff6a x10:10003fa4  PA:10003fae
26915920ns          463117 1c00903a 02c60333 mul              x6, x12, x12         x6=000032c4 x12:00000072 x12:00000072
26915939ns          463118 1c00903e 00c55783 lhu              x15, 12(x10)        x15=0000ffe5 x10:10003fa4  PA:10003fb0
26915959ns          463119 1c009042 00e55583 lhu              x11, 14(x10)        x11=00000060 x10:10003fa4  PA:10003fb2
26915979ns          463120 1c009046 dea30333 p.extract        x6, x6, 15, 10       x6=0000000c  x6:000032c4
26915999ns          463121 1c00904a 80c7075b p.muls           x14, x14, x12       x14=ffffeb12 x14:0000ffd1 x12:00000072
26916019ns          463122 1c00904e 80c686db p.muls           x13, x13, x12       x13=ffffbd34 x13:0000ff6a x12:00000072
26916039ns          463123 1c009052 00455e83 lhu              x29, 4(x10)         x29=00000427 x10:10003fa4  PA:10003fa8
26916059ns          463124 1c009056 00655e03 lhu              x28, 6(x10)         x28=0000007f x10:10003fa4  PA:10003faa
26916079ns          463125 1c00905a 40a75713 srai             x14, x14, 0x40a     x14=fffffffa x14:ffffeb12
26916099ns          463126 1c00905c 806787db p.muls           x15, x15, x6        x15=fffffebc x15:0000ffe5  x6:0000000c
26916118ns          463127 1c009060 40a6d693 srai             x13, x13, 0x40a     x13=ffffffef x13:ffffbd34
26916158ns          463129 1c009062 8065865b p.muls           x12, x11, x6        x12=00000480 x11:00000060  x6:0000000c
26916178ns          463130 1c009066 40a7d793 srai             x15, x15, 0x40a     x15=ffffffff x15:fffffebc
26916198ns          463131 1c009068 40a65613 srai             x12, x12, 0x40a     x12=00000001 x12:00000480
26916218ns          463132 1c00906a 01d70733 add              x14, x14, x29       x14=00000421 x14:fffffffa x29:00000427
26916238ns          463133 1c00906c 01c686b3 add              x13, x13, x28       x13=0000006e x13:ffffffef x28:0000007f
26916258ns          463134 1c00906e 00c686b3 add              x13, x13, x12       x13=0000006f x13:0000006e x12:00000001
26916278ns          463135 1c009070 00f70733 add              x14, x14, x15       x14=00000420 x14:00000421 x15:ffffffff
26916297ns          463136 1c009072 100747b3 p.exths          x15, x14, x0        x15=00000420 x14:00000420
26916317ns          463137 1c009076 1006c733 p.exths          x14, x13, x0        x14=0000006f x13:0000006f
26916337ns          463138 1c00907a 03170633 mul              x12, x14, x17       x12=ffff6bb6 x14:0000006f x17:fffffeaa
26916357ns          463139 1c00907e 030786b3 mul              x13, x15, x16       x13=00005280 x15:00000420 x16:00000014
26916377ns          463140 1c009082 03070733 mul              x14, x14, x16       x14=000008ac x14:0000006f x16:00000014
26916397ns          463141 1c009086 031787b3 mul              x15, x15, x17       x15=fffa7d40 x15:00000420 x17:fffffeaa
26916417ns          463142 1c00908a 40a6d693 srai             x13, x13, 0x40a     x13=00000014 x13:00005280
26916437ns          463143 1c00908c 40a65613 srai             x12, x12, 0x40a     x12=ffffffda x12:ffff6bb6
26916456ns          463144 1c00908e 40a7d793 srai             x15, x15, 0x40a     x15=fffffe9f x15:fffa7d40
26916476ns          463145 1c009090 40a75713 srai             x14, x14, 0x40a     x14=00000002 x14:000008ac
26916496ns          463146 1c009092 40c686b3 sub              x13, x13, x12       x13=0000003a x13:00000014 x12:ffffffda
26916516ns          463147 1c009094 00e787b3 add              x15, x15, x14       x15=fffffea1 x15:fffffe9f x14:00000002
26916536ns          463148 1c009096 00d51823 sh               x13, 16(x10)        x13:0000003a x10:10003fa4  PA:10003fb4
26916556ns          463149 1c00909a 00f51923 sh               x15, 18(x10)        x15:fffffea1 x10:10003fa4  PA:10003fb6
26916576ns          463150 1c00909e 00008067 jalr             x0, x1, 0            x1:1c0093e8
26916655ns          463154 1c0093e8 2dc15583 lhu              x11, 732(x2)        x11=0000003a  x2:10003cd8  PA:10003fb4
26916675ns          463155 1c0093ec 2de15783 lhu              x15, 734(x2)        x15=0000fea1  x2:10003cd8  PA:10003fb6
26916695ns          463156 1c0093f0 40b90933 sub              x18, x18, x11       x18=ffffffc3 x18:fffffffd x11:0000003a
26916715ns          463157 1c0093f4 40f484b3 sub              x9, x9, x15          x9=fffefff7  x9:fffffe98 x15:0000fea1
26916735ns          463158 1c0093f6 100945b3 p.exths          x11, x18, x0        x11=ffffffc3 x18:ffffffc3
26916755ns          463159 1c0093fa 1004c7b3 p.exths          x15, x9, x0         x15=fffffff7  x9:fffefff7
26916775ns          463160 1c0093fe 034586b3 mul              x13, x11, x20       x13=fffffb3c x11:ffffffc3 x20:00000014
26916795ns          463161 1c009402 03378533 mul              x10, x15, x19       x10=00000c06 x15:fffffff7 x19:fffffeaa
26916814ns          463162 1c009406 034a0633 mul              x12, x20, x20       x12=00000190 x20:00000014 x20:00000014
26916834ns          463163 1c00940a 03398733 mul              x14, x19, x19       x14=0001c8e4 x19:fffffeaa x19:fffffeaa
26916894ns          463166 1c00940e 034787b3 mul              x15, x15, x20       x15=ffffff4c x15:fffffff7 x20:00000014
26916934ns          463168 1c009412 033585b3 mul              x11, x11, x19       x11=0000517e x11:ffffffc3 x19:fffffeaa
26916954ns          463169 1c009416 40a75713 srai             x14, x14, 0x40a     x14=00000072 x14:0001c8e4
26916974ns          463170 1c009418 40a5d593 srai             x11, x11, 0x40a     x11=00000014 x11:0000517e
26916993ns          463171 1c00941a 40a65613 srai             x12, x12, 0x40a     x12=00000000 x12:00000190
26917013ns          463172 1c00941c 40a7d793 srai             x15, x15, 0x40a     x15=ffffffff x15:ffffff4c
26917033ns          463173 1c00941e 1c0034b7 lui              x9, 0x1c003000       x9=1c003000
26917053ns          463174 1c009422 00e60633 add              x12, x12, x14       x12=00000072 x12:00000000 x14:00000072
26917073ns          463175 1c009424 40b787b3 sub              x15, x15, x11       x15=ffffffeb x15:ffffffff x11:00000014
26917093ns          463176 1c009426 eb048493 addi             x9, x9, -336         x9=1c002eb0  x9:1c003000
26917113ns          463177 1c00942a 1c0032b7 lui              x5, 0x1c003000       x5=1c003000
26917133ns          463178 1c00942e 1c0035b7 lui              x11, 0x1c003000     x11=1c003000
26917153ns          463179 1c009432 018483b3 add              x7, x9, x24          x7=1c002ebe  x9:1c002eb0 x24:0000000e
26917172ns          463180 1c009436 02812e83 lw               x29, 40(x2)         x29=1c002ece  x2:10003cd8  PA:10003d00
26917192ns          463181 1c009438 10065633 p.exthz          x12, x12, x0        x12=00000072 x12:00000072
26917212ns          463182 1c00943c e8028293 addi             x5, x5, -384         x5=1c002e80  x5:1c003000
26917232ns          463183 1c009440 ea058593 addi             x11, x11, -352      x11=1c002ea0 x11:1c003000
26917252ns          463184 1c009444 03812483 lw               x9, 56(x2)           x9=1c002eee  x2:10003cd8  PA:10003d10
26917272ns          463185 1c009446 10064733 p.exths          x14, x12, x0        x14=00000072 x12:00000072
26917292ns          463186 1c00944a 018280b3 add              x1, x5, x24          x1=1c002e8e  x5:1c002e80 x24:0000000e
26917312ns          463187 1c00944e 03012f03 lw               x30, 48(x2)         x30=1c002ede  x2:10003cd8  PA:10003d08
26917332ns          463188 1c009450 018582b3 add              x5, x11, x24         x5=1c002eae x11:1c002ea0 x24:0000000e
26917351ns          463189 1c009454 04012583 lw               x11, 64(x2)         x11=1c002efe  x2:10003cd8  PA:10003d18
26917371ns          463190 1c009456 000edd83 lhu              x27, 0(x29)         x27=00000ab7 x29:1c002ece  PA:1c002ece
26917670ns          463205 1c00945a 0004d483 lhu              x9, 0(x9)            x9=0000032c  x9:1c002eee  PA:1c002eee
26918008ns          463222 1c00945e 02e70333 mul              x6, x14, x14         x6=000032c4 x14:00000072 x14:00000072
26918028ns          463223 1c009462 40a55513 srai             x10, x10, 0x40a     x10=00000003 x10:00000c06
26918048ns          463224 1c009464 04812e83 lw               x29, 72(x2)         x29=1c002f0e  x2:10003cd8  PA:10003d20
26918067ns          463225 1c009466 40a6d693 srai             x13, x13, 0x40a     x13=fffffffe x13:fffffb3c
26918087ns          463226 1c009468 000f5d03 lhu              x26, 0(x30)         x26=00000503 x30:1c002ede  PA:1c002ede
26918386ns          463241 1c00946c 0005d583 lhu              x11, 0(x11)         x11=00000237 x11:1c002efe  PA:1c002efe
26918783ns          463261 1c009470 40a35313 srai             x6, x6, 0x40a        x6=0000000c  x6:000032c4
26918803ns          463262 1c009474 00a686b3 add              x13, x13, x10       x13=00000001 x13:fffffffe x10:00000003
26918823ns          463263 1c009476 05012f03 lw               x30, 80(x2)         x30=1c002e7e  x2:10003cd8  PA:10003d28
26918843ns          463264 1c009478 10034e33 p.exths          x28, x6, x0         x28=0000000c  x6:0000000c
26918863ns          463265 1c00947c 06911023 sh               x9, 96(x2)           x9:0000032c  x2:10003cd8  PA:10003d38
26918883ns          463266 1c009480 000ede83 lhu              x29, 0(x29)         x29=0000019e x29:1c002f0e  PA:1c002f0e
26919181ns          463281 1c009484 05812483 lw               x9, 88(x2)           x9=1c002e6e  x2:10003cd8  PA:10003d30
26919201ns          463282 1c009486 1006d6b3 p.exthz          x13, x13, x0        x13=00000001 x13:00000001
26919221ns          463283 1c00948a 02ee08b3 mul              x17, x28, x14       x17=00000558 x28:0000000c x14:00000072
26919241ns          463284 1c00948e 1006c833 p.exths          x16, x13, x0        x16=00000001 x13:00000001
26919261ns          463285 1c009492 06b11823 sh               x11, 112(x2)        x11:00000237  x2:10003cd8  PA:10003d48
26919281ns          463286 1c009496 000f5f03 lhu              x30, 0(x30)         x30=0000ff6e x30:1c002e7e  PA:1c002e7e
26919579ns          463301 1c00949a 0a012583 lw               x11, 160(x2)        x11=1c002e9e  x2:10003cd8  PA:10003d78
26919599ns          463302 1c00949c 1007d7b3 p.exthz          x15, x15, x0        x15=0000ffeb x15:ffffffeb
26919619ns          463303 1c0094a0 0004da03 lhu              x20, 0(x9)          x20=0000fd4f  x9:1c002e6e  PA:1c002e6e
26919957ns          463320 1c0094a4 1007c533 p.exths          x10, x15, x0        x10=ffffffeb x15:0000ffeb
26919977ns          463321 1c0094a8 09d11023 sh               x29, 128(x2)        x29:0000019e  x2:10003cd8  PA:10003d58
26919997ns          463322 1c0094ac 0003d483 lhu              x9, 0(x7)            x9=0000ffc8  x7:1c002ebe  PA:1c002ebe
26920335ns          463339 1c0094b0 02e80eb3 mul              x29, x16, x14       x29=00000072 x16:00000001 x14:00000072
26920355ns          463340 1c0094b4 40a8d893 srai             x17, x17, 0x40a     x17=00000001 x17:00000558
26920374ns          463341 1c0094b8 03c80833 mul              x16, x16, x28       x16=0000000c x16:00000001 x28:0000000c
26920394ns          463342 1c0094bc 09e11823 sh               x30, 144(x2)        x30:0000ff6e  x2:10003cd8  PA:10003d68
26920414ns          463343 1c0094c0 0005d983 lhu              x19, 0(x11)         x19=0000ffae x11:1c002e9e  PA:1c002e9e
26920732ns          463359 1c0094c4 81c88f5b p.muls           x30, x17, x28       x30=0000000c x17:00000001 x28:0000000c
26920752ns          463360 1c0094c8 0002d583 lhu              x11, 0(x5)          x11=0000ff0e  x5:1c002eae  PA:1c002eae
26921071ns          463376 1c0094cc 03ce0fb3 mul              x31, x28, x28       x31=00000090 x28:0000000c x28:0000000c
26921090ns          463377 1c0094d0 02e50733 mul              x14, x10, x14       x14=fffff6a6 x10:ffffffeb x14:00000072
26921110ns          463378 1c0094d4 40a85813 srai             x16, x16, 0x40a     x16=00000000 x16:0000000c
26921130ns          463379 1c0094d8 03c50533 mul              x10, x10, x28       x10=ffffff04 x10:ffffffeb x28:0000000c
26921150ns          463380 1c0094dc 07015e03 lhu              x28, 112(x2)        x28=00000237  x2:10003cd8  PA:10003d48
26921170ns          463381 1c0094e0 01b60633 add              x12, x12, x27       x12=00000b29 x12:00000072 x27:00000ab7
26921190ns          463382 1c0094e2 00980833 add              x16, x16, x9        x16=0000ffc8 x16:00000000  x9:0000ffc8
26921210ns          463383 1c0094e4 06015d83 lhu              x27, 96(x2)         x27=0000032c  x2:10003cd8  PA:10003d38
26921230ns          463384 1c0094e8 02812483 lw               x9, 40(x2)           x9=1c002ece  x2:10003cd8  PA:10003d00
26921250ns          463385 1c0094ea 40afdf93 srai             x31, x31, 0x40a     x31=00000000 x31:00000090
26921269ns          463386 1c0094ee 40a55513 srai             x10, x10, 0x40a     x10=ffffffff x10:ffffff04
26921289ns          463387 1c0094f0 01cf8fb3 add              x31, x31, x28       x31=00000237 x31:00000000 x28:00000237
26921309ns          463388 1c0094f2 00b50533 add              x10, x10, x11       x10=0000ff0d x10:ffffffff x11:0000ff0e
26921329ns          463389 1c0094f4 09015e03 lhu              x28, 144(x2)        x28=0000ff6e  x2:10003cd8  PA:10003d68
26921349ns          463390 1c0094f8 03012583 lw               x11, 48(x2)         x11=1c002ede  x2:10003cd8  PA:10003d08
26921369ns          463391 1c0094fa 00c49023 sh               x12, 0(x9)          x12:00000b29  x9:1c002ece  PA:1c002ece
26921687ns          463407 1c0094fe 01b888b3 add              x17, x17, x27       x17=0000032d x17:00000001 x27:0000032c
26921707ns          463408 1c009500 01a30333 add              x6, x6, x26          x6=0000050f  x6:0000000c x26:00000503
26921727ns          463409 1c009502 08015d83 lhu              x27, 128(x2)        x27=0000019e  x2:10003cd8  PA:10003d58
26921747ns          463410 1c009506 0000d903 lhu              x18, 0(x1)          x18=0000fe8a  x1:1c002e8e  PA:1c002e8e
26922045ns          463425 1c00950a 01c686b3 add              x13, x13, x28       x13=0000ff6f x13:00000001 x28:0000ff6e
26922065ns          463426 1c00950c 00659023 sh               x6, 0(x11)           x6:0000050f x11:1c002ede  PA:1c002ede
26922403ns          463443 1c009510 40af5f13 srai             x30, x30, 0x40a     x30=00000000 x30:0000000c
26922423ns          463444 1c009514 04812e03 lw               x28, 72(x2)         x28=1c002f0e  x2:10003cd8  PA:10003d20
26922443ns          463445 1c009516 01bf0f33 add              x30, x30, x27       x30=0000019e x30:00000000 x27:0000019e
26922463ns          463446 1c009518 40aede93 srai             x29, x29, 0x40a     x29=00000000 x29:00000072
26922483ns          463447 1c00951c 40a75713 srai             x14, x14, 0x40a     x14=fffffffd x14:fffff6a6
26922502ns          463448 1c00951e 03812603 lw               x12, 56(x2)         x12=1c002eee  x2:10003cd8  PA:10003d10
26922522ns          463449 1c009520 04012d83 lw               x27, 64(x2)         x27=1c002efe  x2:10003cd8  PA:10003d18
26922542ns          463450 1c009522 01ee1023 sh               x30, 0(x28)         x30:0000019e x28:1c002f0e  PA:1c002f0e
26922880ns          463467 1c009526 05812483 lw               x9, 88(x2)           x9=1c002e6e  x2:10003cd8  PA:10003d30
26922900ns          463468 1c009528 05012f03 lw               x30, 80(x2)         x30=1c002e7e  x2:10003cd8  PA:10003d28
26922920ns          463469 1c00952a 0a012583 lw               x11, 160(x2)        x11=1c002e9e  x2:10003cd8  PA:10003d78
26922940ns          463470 1c00952c 014787b3 add              x15, x15, x20       x15=0001fd3a x15:0000ffeb x20:0000fd4f
26922960ns          463471 1c00952e 013e8eb3 add              x29, x29, x19       x29=0000ffae x29:00000000 x19:0000ffae
26922980ns          463472 1c009530 01270733 add              x14, x14, x18       x14=0000fe87 x14:fffffffd x18:0000fe8a
26923000ns          463473 1c009532 00f49023 sh               x15, 0(x9)          x15:0001fd3a  x9:1c002e6e  PA:1c002e6e
26923318ns          463489 1c009536 01161023 sh               x17, 0(x12)         x17:0000032d x12:1c002eee  PA:1c002eee
26923636ns          463505 1c00953a 01fd9023 sh               x31, 0(x27)         x31:00000237 x27:1c002efe  PA:1c002efe
26923974ns          463522 1c00953e 00df1023 sh               x13, 0(x30)         x13:0000ff6f x30:1c002e7e  PA:1c002e7e
26924292ns          463538 1c009542 01d59023 sh               x29, 0(x11)         x29:0000ffae x11:1c002e9e  PA:1c002e9e
26924611ns          463554 1c009546 00e09023 sh               x14, 0(x1)          x14:0000fe87  x1:1c002e8e  PA:1c002e8e
26924929ns          463570 1c00954a 01039023 sh               x16, 0(x7)          x16:0000ffc8  x7:1c002ebe  PA:1c002ebe
26925267ns          463587 1c00954e 00a29023 sh               x10, 0(x5)          x10:0000ff0d  x5:1c002eae  PA:1c002eae
26925585ns          463603 1c009552 008b0b13 addi             x22, x22, 8         x22=0000008f x22:00000087
26925605ns          463604 1c009554 1f300793 addi             x15, x0, 499        x15=000001f3
26925625ns          463605 1c009558 e767dae3 bge              x15, x22, -396      x15:000001f3 x22:0000008f
26925724ns          463610 1c0093cc 010c9a0b p.lh             x20, 16(x25!)       x20=00000028 x25=1c0027b6 x25:1c0027a6  PA:1c0027a6
26926043ns          463626 1c0093d0 0104198b p.lh             x19, 16(x8!)        x19=fffffffc  x8=1c001f7e  x8:1c001f6e  PA:1c001f6e
26926341ns          463641 1c0093d4 2cc10513 addi             x10, x2, 716        x10=10003fa4  x2:10003cd8
26926361ns          463642 1c0093d6 010a990b p.lh             x18, 16(x21!)       x18=00000019 x21=1c0017aa x21:1c00179a  PA:1c00179a
26926679ns          463658 1c0093da 010b948b p.lh             x9, 16(x23!)         x9=fffffffd x23=1c000fda x23:1c000fca  PA:1c000fca
26926977ns          463673 1c0093de 2d411623 sh               x20, 716(x2)        x20:00000028  x2:10003cd8  PA:10003fa4
26926997ns          463674 1c0093e2 2d311723 sh               x19, 718(x2)        x19:fffffffc  x2:10003cd8  PA:10003fa6
26927017ns          463675 1c0093e6 c33ff0ef jal              x1, -974             x1=1c0093e8
26927097ns          463679 1c009018 00051803 lh               x16, 0(x10)         x16=00000028 x10:10003fa4  PA:10003fa4
26927136ns          463681 1c00901c 00251883 lh               x17, 2(x10)         x17=fffffffc x10:10003fa4  PA:10003fa6
26927156ns          463682 1c009020 030806b3 mul              x13, x16, x16       x13=00000640 x16:00000028 x16:00000028
26927176ns          463683 1c009024 03188633 mul              x12, x17, x17       x12=00000010 x17:fffffffc x17:fffffffc
26927196ns          463684 1c009028 40a65613 srai             x12, x12, 0x40a     x12=00000000 x12:00000010
26927216ns          463685 1c00902a 40a6d693 srai             x13, x13, 0x40a     x13=00000001 x13:00000640
26927236ns          463686 1c00902c 00c686b3 add              x13, x13, x12       x13=00000001 x13:00000001 x12:00000000
26927256ns          463687 1c00902e 1006c633 p.exths          x12, x13, x0        x12=00000001 x13:00000001
26927276ns          463688 1c009032 00855703 lhu              x14, 8(x10)         x14=0000ffd1 x10:10003fa4  PA:10003fac
26927295ns          463689 1c009036 00a55683 lhu              x13, 10(x10)        x13=0000ff6a x10:10003fa4  PA:10003fae
26927315ns          463690 1c00903a 02c60333 mul              x6, x12, x12         x6=00000001 x12:00000001 x12:00000001
26927335ns          463691 1c00903e 00c55783 lhu              x15, 12(x10)        x15=0000ffe5 x10:10003fa4  PA:10003fb0
26927355ns          463692 1c009042 00e55583 lhu              x11, 14(x10)        x11=00000060 x10:10003fa4  PA:10003fb2
26927375ns          463693 1c009046 dea30333 p.extract        x6, x6, 15, 10       x6=00000000  x6:00000001
26927395ns          463694 1c00904a 80c7075b p.muls           x14, x14, x12       x14=ffffffd1 x14:0000ffd1 x12:00000001
26927435ns          463696 1c00904e 80c686db p.muls           x13, x13, x12       x13=ffffff6a x13:0000ff6a x12:00000001
26927474ns          463698 1c009052 00455e83 lhu              x29, 4(x10)         x29=00000427 x10:10003fa4  PA:10003fa8
26927494ns          463699 1c009056 00655e03 lhu              x28, 6(x10)         x28=0000007f x10:10003fa4  PA:10003faa
26927514ns          463700 1c00905a 40a75713 srai             x14, x14, 0x40a     x14=ffffffff x14:ffffffd1
26927534ns          463701 1c00905c 806787db p.muls           x15, x15, x6        x15=00000000 x15:0000ffe5  x6:00000000
26927554ns          463702 1c009060 40a6d693 srai             x13, x13, 0x40a     x13=ffffffff x13:ffffff6a
26927574ns          463703 1c009062 8065865b p.muls           x12, x11, x6        x12=00000000 x11:00000060  x6:00000000
26927594ns          463704 1c009066 40a7d793 srai             x15, x15, 0x40a     x15=00000000 x15:00000000
26927614ns          463705 1c009068 40a65613 srai             x12, x12, 0x40a     x12=00000000 x12:00000000
26927634ns          463706 1c00906a 01d70733 add              x14, x14, x29       x14=00000426 x14:ffffffff x29:00000427
26927653ns          463707 1c00906c 01c686b3 add              x13, x13, x28       x13=0000007e x13:ffffffff x28:0000007f
26927673ns          463708 1c00906e 00c686b3 add              x13, x13, x12       x13=0000007e x13:0000007e x12:00000000
26927693ns          463709 1c009070 00f70733 add              x14, x14, x15       x14=00000426 x14:00000426 x15:00000000
26927713ns          463710 1c009072 100747b3 p.exths          x15, x14, x0        x15=00000426 x14:00000426
26927733ns          463711 1c009076 1006c733 p.exths          x14, x13, x0        x14=0000007e x13:0000007e
26927753ns          463712 1c00907a 03170633 mul              x12, x14, x17       x12=fffffe08 x14:0000007e x17:fffffffc
26927773ns          463713 1c00907e 030786b3 mul              x13, x15, x16       x13=0000a5f0 x15:00000426 x16:00000028
26927793ns          463714 1c009082 03070733 mul              x14, x14, x16       x14=000013b0 x14:0000007e x16:00000028
26927813ns          463715 1c009086 031787b3 mul              x15, x15, x17       x15=ffffef68 x15:00000426 x17:fffffffc
26927832ns          463716 1c00908a 40a6d693 srai             x13, x13, 0x40a     x13=00000029 x13:0000a5f0
26927852ns          463717 1c00908c 40a65613 srai             x12, x12, 0x40a     x12=ffffffff x12:fffffe08
26927872ns          463718 1c00908e 40a7d793 srai             x15, x15, 0x40a     x15=fffffffb x15:ffffef68
26927892ns          463719 1c009090 40a75713 srai             x14, x14, 0x40a     x14=00000004 x14:000013b0
26927912ns          463720 1c009092 40c686b3 sub              x13, x13, x12       x13=0000002a x13:00000029 x12:ffffffff
26927932ns          463721 1c009094 00e787b3 add              x15, x15, x14       x15=ffffffff x15:fffffffb x14:00000004
26927952ns          463722 1c009096 00d51823 sh               x13, 16(x10)        x13:0000002a x10:10003fa4  PA:10003fb4
26927972ns          463723 1c00909a 00f51923 sh               x15, 18(x10)        x15:ffffffff x10:10003fa4  PA:10003fb6
26927992ns          463724 1c00909e 00008067 jalr             x0, x1, 0            x1:1c0093e8
26928051ns          463727 1c0093e8 2dc15583 lhu              x11, 732(x2)        x11=0000002a  x2:10003cd8  PA:10003fb4
26928071ns          463728 1c0093ec 2de15783 lhu              x15, 734(x2)        x15=0000ffff  x2:10003cd8  PA:10003fb6
26928091ns          463729 1c0093f0 40b90933 sub              x18, x18, x11       x18=ffffffef x18:00000019 x11:0000002a
26928111ns          463730 1c0093f4 40f484b3 sub              x9, x9, x15          x9=fffefffe  x9:fffffffd x15:0000ffff
26928131ns          463731 1c0093f6 100945b3 p.exths          x11, x18, x0        x11=ffffffef x18:ffffffef
26928151ns          463732 1c0093fa 1004c7b3 p.exths          x15, x9, x0         x15=fffffffe  x9:fffefffe
26928171ns          463733 1c0093fe 034586b3 mul              x13, x11, x20       x13=fffffd58 x11:ffffffef x20:00000028
26928190ns          463734 1c009402 03378533 mul              x10, x15, x19       x10=00000008 x15:fffffffe x19:fffffffc
26928210ns          463735 1c009406 034a0633 mul              x12, x20, x20       x12=00000640 x20:00000028 x20:00000028
26928230ns          463736 1c00940a 03398733 mul              x14, x19, x19       x14=00000010 x19:fffffffc x19:fffffffc
26928290ns          463739 1c00940e 034787b3 mul              x15, x15, x20       x15=ffffffb0 x15:fffffffe x20:00000028
26928330ns          463741 1c009412 033585b3 mul              x11, x11, x19       x11=00000044 x11:ffffffef x19:fffffffc
26928350ns          463742 1c009416 40a75713 srai             x14, x14, 0x40a     x14=00000000 x14:00000010
26928369ns          463743 1c009418 40a5d593 srai             x11, x11, 0x40a     x11=00000000 x11:00000044
26928389ns          463744 1c00941a 40a65613 srai             x12, x12, 0x40a     x12=00000001 x12:00000640
26928409ns          463745 1c00941c 40a7d793 srai             x15, x15, 0x40a     x15=ffffffff x15:ffffffb0
26928429ns          463746 1c00941e 1c0034b7 lui              x9, 0x1c003000       x9=1c003000
26928449ns          463747 1c009422 00e60633 add              x12, x12, x14       x12=00000001 x12:00000001 x14:00000000
26928469ns          463748 1c009424 40b787b3 sub              x15, x15, x11       x15=ffffffff x15:ffffffff x11:00000000
26928489ns          463749 1c009426 eb048493 addi             x9, x9, -336         x9=1c002eb0  x9:1c003000
26928509ns          463750 1c00942a 1c0032b7 lui              x5, 0x1c003000       x5=1c003000
26928529ns          463751 1c00942e 1c0035b7 lui              x11, 0x1c003000     x11=1c003000
26928548ns          463752 1c009432 018483b3 add              x7, x9, x24          x7=1c002ebe  x9:1c002eb0 x24:0000000e
26928568ns          463753 1c009436 02812e83 lw               x29, 40(x2)         x29=1c002ece  x2:10003cd8  PA:10003d00
26928588ns          463754 1c009438 10065633 p.exthz          x12, x12, x0        x12=00000001 x12:00000001
26928608ns          463755 1c00943c e8028293 addi             x5, x5, -384         x5=1c002e80  x5:1c003000
26928648ns          463757 1c009440 ea058593 addi             x11, x11, -352      x11=1c002ea0 x11:1c003000
26928688ns          463759 1c009444 03812483 lw               x9, 56(x2)           x9=1c002eee  x2:10003cd8  PA:10003d10
26928708ns          463760 1c009446 10064733 p.exths          x14, x12, x0        x14=00000001 x12:00000001
26928727ns          463761 1c00944a 018280b3 add              x1, x5, x24          x1=1c002e8e  x5:1c002e80 x24:0000000e
26928747ns          463762 1c00944e 03012f03 lw               x30, 48(x2)         x30=1c002ede  x2:10003cd8  PA:10003d08
26928787ns          463764 1c009450 018582b3 add              x5, x11, x24         x5=1c002eae x11:1c002ea0 x24:0000000e
26928827ns          463766 1c009454 04012583 lw               x11, 64(x2)         x11=1c002efe  x2:10003cd8  PA:10003d18
26928847ns          463767 1c009456 000edd83 lhu              x27, 0(x29)         x27=00000b29 x29:1c002ece  PA:1c002ece
26929244ns          463787 1c00945a 0004d483 lhu              x9, 0(x9)            x9=0000032d  x9:1c002eee  PA:1c002eee
26929642ns          463807 1c00945e 02e70333 mul              x6, x14, x14         x6=00000001 x14:00000001 x14:00000001
26929662ns          463808 1c009462 40a55513 srai             x10, x10, 0x40a     x10=00000000 x10:00000008
26929682ns          463809 1c009464 04812e83 lw               x29, 72(x2)         x29=1c002f0e  x2:10003cd8  PA:10003d20
26929702ns          463810 1c009466 40a6d693 srai             x13, x13, 0x40a     x13=ffffffff x13:fffffd58
26929722ns          463811 1c009468 000f5d03 lhu              x26, 0(x30)         x26=0000050f x30:1c002ede  PA:1c002ede
26930020ns          463826 1c00946c 0005d583 lhu              x11, 0(x11)         x11=00000237 x11:1c002efe  PA:1c002efe
26930378ns          463844 1c009470 40a35313 srai             x6, x6, 0x40a        x6=00000000  x6:00000001
26930398ns          463845 1c009474 00a686b3 add              x13, x13, x10       x13=ffffffff x13:ffffffff x10:00000000
26930418ns          463846 1c009476 05012f03 lw               x30, 80(x2)         x30=1c002e7e  x2:10003cd8  PA:10003d28
26930438ns          463847 1c009478 10034e33 p.exths          x28, x6, x0         x28=00000000  x6:00000000
26930458ns          463848 1c00947c 06911023 sh               x9, 96(x2)           x9:0000032d  x2:10003cd8  PA:10003d38
26930478ns          463849 1c009480 000ede83 lhu              x29, 0(x29)         x29=0000019e x29:1c002f0e  PA:1c002f0e
26930776ns          463864 1c009484 05812483 lw               x9, 88(x2)           x9=1c002e6e  x2:10003cd8  PA:10003d30
26930796ns          463865 1c009486 1006d6b3 p.exthz          x13, x13, x0        x13=0000ffff x13:ffffffff
26930816ns          463866 1c00948a 02ee08b3 mul              x17, x28, x14       x17=00000000 x28:00000000 x14:00000001
26930836ns          463867 1c00948e 1006c833 p.exths          x16, x13, x0        x16=ffffffff x13:0000ffff
26930855ns          463868 1c009492 06b11823 sh               x11, 112(x2)        x11:00000237  x2:10003cd8  PA:10003d48
26930875ns          463869 1c009496 000f5f03 lhu              x30, 0(x30)         x30=0000ff6f x30:1c002e7e  PA:1c002e7e
26931253ns          463888 1c00949a 0a012583 lw               x11, 160(x2)        x11=1c002e9e  x2:10003cd8  PA:10003d78
26931273ns          463889 1c00949c 1007d7b3 p.exthz          x15, x15, x0        x15=0000ffff x15:ffffffff
26931293ns          463890 1c0094a0 0004da03 lhu              x20, 0(x9)          x20=0000fd3a  x9:1c002e6e  PA:1c002e6e
26931631ns          463907 1c0094a4 1007c533 p.exths          x10, x15, x0        x10=ffffffff x15:0000ffff
26931651ns          463908 1c0094a8 09d11023 sh               x29, 128(x2)        x29:0000019e  x2:10003cd8  PA:10003d58
26931671ns          463909 1c0094ac 0003d483 lhu              x9, 0(x7)            x9=0000ffc8  x7:1c002ebe  PA:1c002ebe
26931989ns          463925 1c0094b0 02e80eb3 mul              x29, x16, x14       x29=ffffffff x16:ffffffff x14:00000001
26932009ns          463926 1c0094b4 40a8d893 srai             x17, x17, 0x40a     x17=00000000 x17:00000000
26932029ns          463927 1c0094b8 03c80833 mul              x16, x16, x28       x16=00000000 x16:ffffffff x28:00000000
26932049ns          463928 1c0094bc 09e11823 sh               x30, 144(x2)        x30:0000ff6f  x2:10003cd8  PA:10003d68
26932088ns          463930 1c0094c0 0005d983 lhu              x19, 0(x11)         x19=0000ffae x11:1c002e9e  PA:1c002e9e
26932387ns          463945 1c0094c4 81c88f5b p.muls           x30, x17, x28       x30=00000000 x17:00000000 x28:00000000
26932407ns          463946 1c0094c8 0002d583 lhu              x11, 0(x5)          x11=0000ff0d  x5:1c002eae  PA:1c002eae
26932785ns          463965 1c0094cc 03ce0fb3 mul              x31, x28, x28       x31=00000000 x28:00000000 x28:00000000
26932804ns          463966 1c0094d0 02e50733 mul              x14, x10, x14       x14=ffffffff x10:ffffffff x14:00000001
26932824ns          463967 1c0094d4 40a85813 srai             x16, x16, 0x40a     x16=00000000 x16:00000000
26932844ns          463968 1c0094d8 03c50533 mul              x10, x10, x28       x10=00000000 x10:ffffffff x28:00000000
26932864ns          463969 1c0094dc 07015e03 lhu              x28, 112(x2)        x28=00000237  x2:10003cd8  PA:10003d48
26932904ns          463971 1c0094e0 01b60633 add              x12, x12, x27       x12=00000b2a x12:00000001 x27:00000b29
26932924ns          463972 1c0094e2 00980833 add              x16, x16, x9        x16=0000ffc8 x16:00000000  x9:0000ffc8
26932944ns          463973 1c0094e4 06015d83 lhu              x27, 96(x2)         x27=0000032d  x2:10003cd8  PA:10003d38
26932964ns          463974 1c0094e8 02812483 lw               x9, 40(x2)           x9=1c002ece  x2:10003cd8  PA:10003d00
26932983ns          463975 1c0094ea 40afdf93 srai             x31, x31, 0x40a     x31=00000000 x31:00000000
26933003ns          463976 1c0094ee 40a55513 srai             x10, x10, 0x40a     x10=00000000 x10:00000000
26933023ns          463977 1c0094f0 01cf8fb3 add              x31, x31, x28       x31=00000237 x31:00000000 x28:00000237
26933043ns          463978 1c0094f2 00b50533 add              x10, x10, x11       x10=0000ff0d x10:00000000 x11:0000ff0d
26933063ns          463979 1c0094f4 09015e03 lhu              x28, 144(x2)        x28=0000ff6f  x2:10003cd8  PA:10003d68
26933083ns          463980 1c0094f8 03012583 lw               x11, 48(x2)         x11=1c002ede  x2:10003cd8  PA:10003d08
26933103ns          463981 1c0094fa 00c49023 sh               x12, 0(x9)          x12:00000b2a  x9:1c002ece  PA:1c002ece
26933421ns          463997 1c0094fe 01b888b3 add              x17, x17, x27       x17=0000032d x17:00000000 x27:0000032d
26933441ns          463998 1c009500 01a30333 add              x6, x6, x26          x6=0000050f  x6:00000000 x26:0000050f
26933461ns          463999 1c009502 08015d83 lhu              x27, 128(x2)        x27=0000019e  x2:10003cd8  PA:10003d58
26933481ns          464000 1c009506 0000d903 lhu              x18, 0(x1)          x18=0000fe87  x1:1c002e8e  PA:1c002e8e
26933799ns          464016 1c00950a 01c686b3 add              x13, x13, x28       x13=0001ff6e x13:0000ffff x28:0000ff6f
26933819ns          464017 1c00950c 00659023 sh               x6, 0(x11)           x6:0000050f x11:1c002ede  PA:1c002ede
26934157ns          464034 1c009510 40af5f13 srai             x30, x30, 0x40a     x30=00000000 x30:00000000
26934177ns          464035 1c009514 04812e03 lw               x28, 72(x2)         x28=1c002f0e  x2:10003cd8  PA:10003d20
26934197ns          464036 1c009516 01bf0f33 add              x30, x30, x27       x30=0000019e x30:00000000 x27:0000019e
26934216ns          464037 1c009518 40aede93 srai             x29, x29, 0x40a     x29=ffffffff x29:ffffffff
26934236ns          464038 1c00951c 40a75713 srai             x14, x14, 0x40a     x14=ffffffff x14:ffffffff
26934256ns          464039 1c00951e 03812603 lw               x12, 56(x2)         x12=1c002eee  x2:10003cd8  PA:10003d10
26934276ns          464040 1c009520 04012d83 lw               x27, 64(x2)         x27=1c002efe  x2:10003cd8  PA:10003d18
26934296ns          464041 1c009522 01ee1023 sh               x30, 0(x28)         x30:0000019e x28:1c002f0e  PA:1c002f0e
26934614ns          464057 1c009526 05812483 lw               x9, 88(x2)           x9=1c002e6e  x2:10003cd8  PA:10003d30
26934634ns          464058 1c009528 05012f03 lw               x30, 80(x2)         x30=1c002e7e  x2:10003cd8  PA:10003d28
26934654ns          464059 1c00952a 0a012583 lw               x11, 160(x2)        x11=1c002e9e  x2:10003cd8  PA:10003d78
26934674ns          464060 1c00952c 014787b3 add              x15, x15, x20       x15=0001fd39 x15:0000ffff x20:0000fd3a
26934694ns          464061 1c00952e 013e8eb3 add              x29, x29, x19       x29=0000ffad x29:ffffffff x19:0000ffae
26934714ns          464062 1c009530 01270733 add              x14, x14, x18       x14=0000fe86 x14:ffffffff x18:0000fe87
26934734ns          464063 1c009532 00f49023 sh               x15, 0(x9)          x15:0001fd39  x9:1c002e6e  PA:1c002e6e
26935052ns          464079 1c009536 01161023 sh               x17, 0(x12)         x17:0000032d x12:1c002eee  PA:1c002eee
26935370ns          464095 1c00953a 01fd9023 sh               x31, 0(x27)         x31:00000237 x27:1c002efe  PA:1c002efe
26935688ns          464111 1c00953e 00df1023 sh               x13, 0(x30)         x13:0001ff6e x30:1c002e7e  PA:1c002e7e
26936006ns          464127 1c009542 01d59023 sh               x29, 0(x11)         x29:0000ffad x11:1c002e9e  PA:1c002e9e
26936325ns          464143 1c009546 00e09023 sh               x14, 0(x1)          x14:0000fe86  x1:1c002e8e  PA:1c002e8e
26936663ns          464160 1c00954a 01039023 sh               x16, 0(x7)          x16:0000ffc8  x7:1c002ebe  PA:1c002ebe
26937001ns          464177 1c00954e 00a29023 sh               x10, 0(x5)          x10:0000ff0d  x5:1c002eae  PA:1c002eae
26937319ns          464193 1c009552 008b0b13 addi             x22, x22, 8         x22=00000097 x22:0000008f
26937339ns          464194 1c009554 1f300793 addi             x15, x0, 499        x15=000001f3
26937359ns          464195 1c009558 e767dae3 bge              x15, x22, -396      x15:000001f3 x22:00000097
26937418ns          464198 1c0093cc 010c9a0b p.lh             x20, 16(x25!)       x20=ffffffe5 x25=1c0027c6 x25:1c0027b6  PA:1c0027b6
26937737ns          464214 1c0093d0 0104198b p.lh             x19, 16(x8!)        x19=fffffde5  x8=1c001f8e  x8:1c001f7e  PA:1c001f7e
26938035ns          464229 1c0093d4 2cc10513 addi             x10, x2, 716        x10=10003fa4  x2:10003cd8
26938055ns          464230 1c0093d6 010a990b p.lh             x18, 16(x21!)       x18=ffffff89 x21=1c0017ba x21:1c0017aa  PA:1c0017aa
26938373ns          464246 1c0093da 010b948b p.lh             x9, 16(x23!)         x9=fffffdf3 x23=1c000fea x23:1c000fda  PA:1c000fda
26938691ns          464262 1c0093de 2d411623 sh               x20, 716(x2)        x20:ffffffe5  x2:10003cd8  PA:10003fa4
26938711ns          464263 1c0093e2 2d311723 sh               x19, 718(x2)        x19:fffffde5  x2:10003cd8  PA:10003fa6
26938731ns          464264 1c0093e6 c33ff0ef jal              x1, -974             x1=1c0093e8
26938811ns          464268 1c009018 00051803 lh               x16, 0(x10)         x16=ffffffe5 x10:10003fa4  PA:10003fa4
26938850ns          464270 1c00901c 00251883 lh               x17, 2(x10)         x17=fffffde5 x10:10003fa4  PA:10003fa6
26938890ns          464272 1c009020 030806b3 mul              x13, x16, x16       x13=000002d9 x16:ffffffe5 x16:ffffffe5
26938910ns          464273 1c009024 03188633 mul              x12, x17, x17       x12=00046ed9 x17:fffffde5 x17:fffffde5
26938930ns          464274 1c009028 40a65613 srai             x12, x12, 0x40a     x12=0000011b x12:00046ed9
26938950ns          464275 1c00902a 40a6d693 srai             x13, x13, 0x40a     x13=00000000 x13:000002d9
26938970ns          464276 1c00902c 00c686b3 add              x13, x13, x12       x13=0000011b x13:00000000 x12:0000011b
26938990ns          464277 1c00902e 1006c633 p.exths          x12, x13, x0        x12=0000011b x13:0000011b
26939009ns          464278 1c009032 00855703 lhu              x14, 8(x10)         x14=0000ffd1 x10:10003fa4  PA:10003fac
26939029ns          464279 1c009036 00a55683 lhu              x13, 10(x10)        x13=0000ff6a x10:10003fa4  PA:10003fae
26939049ns          464280 1c00903a 02c60333 mul              x6, x12, x12         x6=000138d9 x12:0000011b x12:0000011b
26939069ns          464281 1c00903e 00c55783 lhu              x15, 12(x10)        x15=0000ffe5 x10:10003fa4  PA:10003fb0
26939089ns          464282 1c009042 00e55583 lhu              x11, 14(x10)        x11=00000060 x10:10003fa4  PA:10003fb2
26939109ns          464283 1c009046 dea30333 p.extract        x6, x6, 15, 10       x6=0000004e  x6:000138d9
26939129ns          464284 1c00904a 80c7075b p.muls           x14, x14, x12       x14=ffffcc0b x14:0000ffd1 x12:0000011b
26939188ns          464287 1c00904e 80c686db p.muls           x13, x13, x12       x13=ffff5a2e x13:0000ff6a x12:0000011b
26939228ns          464289 1c009052 00455e83 lhu              x29, 4(x10)         x29=00000427 x10:10003fa4  PA:10003fa8
26939248ns          464290 1c009056 00655e03 lhu              x28, 6(x10)         x28=0000007f x10:10003fa4  PA:10003faa
26939268ns          464291 1c00905a 40a75713 srai             x14, x14, 0x40a     x14=fffffff3 x14:ffffcc0b
26939288ns          464292 1c00905c 806787db p.muls           x15, x15, x6        x15=fffff7c6 x15:0000ffe5  x6:0000004e
26939308ns          464293 1c009060 40a6d693 srai             x13, x13, 0x40a     x13=ffffffd6 x13:ffff5a2e
26939328ns          464294 1c009062 8065865b p.muls           x12, x11, x6        x12=00001d40 x11:00000060  x6:0000004e
26939348ns          464295 1c009066 40a7d793 srai             x15, x15, 0x40a     x15=fffffffd x15:fffff7c6
26939367ns          464296 1c009068 40a65613 srai             x12, x12, 0x40a     x12=00000007 x12:00001d40
26939387ns          464297 1c00906a 01d70733 add              x14, x14, x29       x14=0000041a x14:fffffff3 x29:00000427
26939407ns          464298 1c00906c 01c686b3 add              x13, x13, x28       x13=00000055 x13:ffffffd6 x28:0000007f
26939427ns          464299 1c00906e 00c686b3 add              x13, x13, x12       x13=0000005c x13:00000055 x12:00000007
26939447ns          464300 1c009070 00f70733 add              x14, x14, x15       x14=00000417 x14:0000041a x15:fffffffd
26939467ns          464301 1c009072 100747b3 p.exths          x15, x14, x0        x15=00000417 x14:00000417
26939487ns          464302 1c009076 1006c733 p.exths          x14, x13, x0        x14=0000005c x13:0000005c
26939507ns          464303 1c00907a 03170633 mul              x12, x14, x17       x12=ffff3e4c x14:0000005c x17:fffffde5
26939527ns          464304 1c00907e 030786b3 mul              x13, x15, x16       x13=ffff9193 x15:00000417 x16:ffffffe5
26939546ns          464305 1c009082 03070733 mul              x14, x14, x16       x14=fffff64c x14:0000005c x16:ffffffe5
26939566ns          464306 1c009086 031787b3 mul              x15, x15, x17       x15=fff76393 x15:00000417 x17:fffffde5
26939586ns          464307 1c00908a 40a6d693 srai             x13, x13, 0x40a     x13=ffffffe4 x13:ffff9193
26939606ns          464308 1c00908c 40a65613 srai             x12, x12, 0x40a     x12=ffffffcf x12:ffff3e4c
26939626ns          464309 1c00908e 40a7d793 srai             x15, x15, 0x40a     x15=fffffdd8 x15:fff76393
26939646ns          464310 1c009090 40a75713 srai             x14, x14, 0x40a     x14=fffffffd x14:fffff64c
26939666ns          464311 1c009092 40c686b3 sub              x13, x13, x12       x13=00000015 x13:ffffffe4 x12:ffffffcf
26939686ns          464312 1c009094 00e787b3 add              x15, x15, x14       x15=fffffdd5 x15:fffffdd8 x14:fffffffd
26939706ns          464313 1c009096 00d51823 sh               x13, 16(x10)        x13:00000015 x10:10003fa4  PA:10003fb4
26939725ns          464314 1c00909a 00f51923 sh               x15, 18(x10)        x15:fffffdd5 x10:10003fa4  PA:10003fb6
26939745ns          464315 1c00909e 00008067 jalr             x0, x1, 0            x1:1c0093e8
26939805ns          464318 1c0093e8 2dc15583 lhu              x11, 732(x2)        x11=00000015  x2:10003cd8  PA:10003fb4
26939825ns          464319 1c0093ec 2de15783 lhu              x15, 734(x2)        x15=0000fdd5  x2:10003cd8  PA:10003fb6
26939865ns          464321 1c0093f0 40b90933 sub              x18, x18, x11       x18=ffffff74 x18:ffffff89 x11:00000015
26939885ns          464322 1c0093f4 40f484b3 sub              x9, x9, x15          x9=ffff001e  x9:fffffdf3 x15:0000fdd5
26939904ns          464323 1c0093f6 100945b3 p.exths          x11, x18, x0        x11=ffffff74 x18:ffffff74
26939924ns          464324 1c0093fa 1004c7b3 p.exths          x15, x9, x0         x15=0000001e  x9:ffff001e
26939944ns          464325 1c0093fe 034586b3 mul              x13, x11, x20       x13=00000ec4 x11:ffffff74 x20:ffffffe5
26939964ns          464326 1c009402 03378533 mul              x10, x15, x19       x10=ffffc0d6 x15:0000001e x19:fffffde5
26939984ns          464327 1c009406 034a0633 mul              x12, x20, x20       x12=000002d9 x20:ffffffe5 x20:ffffffe5
26940004ns          464328 1c00940a 03398733 mul              x14, x19, x19       x14=00046ed9 x19:fffffde5 x19:fffffde5
26940024ns          464329 1c00940e 034787b3 mul              x15, x15, x20       x15=fffffcd6 x15:0000001e x20:ffffffe5
26940044ns          464330 1c009412 033585b3 mul              x11, x11, x19       x11=000126c4 x11:ffffff74 x19:fffffde5
26940064ns          464331 1c009416 40a75713 srai             x14, x14, 0x40a     x14=0000011b x14:00046ed9
26940083ns          464332 1c009418 40a5d593 srai             x11, x11, 0x40a     x11=00000049 x11:000126c4
26940103ns          464333 1c00941a 40a65613 srai             x12, x12, 0x40a     x12=00000000 x12:000002d9
26940123ns          464334 1c00941c 40a7d793 srai             x15, x15, 0x40a     x15=ffffffff x15:fffffcd6
26940143ns          464335 1c00941e 1c0034b7 lui              x9, 0x1c003000       x9=1c003000
26940163ns          464336 1c009422 00e60633 add              x12, x12, x14       x12=0000011b x12:00000000 x14:0000011b
26940183ns          464337 1c009424 40b787b3 sub              x15, x15, x11       x15=ffffffb6 x15:ffffffff x11:00000049
26940203ns          464338 1c009426 eb048493 addi             x9, x9, -336         x9=1c002eb0  x9:1c003000
26940223ns          464339 1c00942a 1c0032b7 lui              x5, 0x1c003000       x5=1c003000
26940243ns          464340 1c00942e 1c0035b7 lui              x11, 0x1c003000     x11=1c003000
26940262ns          464341 1c009432 018483b3 add              x7, x9, x24          x7=1c002ebe  x9:1c002eb0 x24:0000000e
26940282ns          464342 1c009436 02812e83 lw               x29, 40(x2)         x29=1c002ece  x2:10003cd8  PA:10003d00
26940302ns          464343 1c009438 10065633 p.exthz          x12, x12, x0        x12=0000011b x12:0000011b
26940322ns          464344 1c00943c e8028293 addi             x5, x5, -384         x5=1c002e80  x5:1c003000
26940342ns          464345 1c009440 ea058593 addi             x11, x11, -352      x11=1c002ea0 x11:1c003000
26940362ns          464346 1c009444 03812483 lw               x9, 56(x2)           x9=1c002eee  x2:10003cd8  PA:10003d10
26940382ns          464347 1c009446 10064733 p.exths          x14, x12, x0        x14=0000011b x12:0000011b
26940402ns          464348 1c00944a 018280b3 add              x1, x5, x24          x1=1c002e8e  x5:1c002e80 x24:0000000e
26940422ns          464349 1c00944e 03012f03 lw               x30, 48(x2)         x30=1c002ede  x2:10003cd8  PA:10003d08
26940441ns          464350 1c009450 018582b3 add              x5, x11, x24         x5=1c002eae x11:1c002ea0 x24:0000000e
26940461ns          464351 1c009454 04012583 lw               x11, 64(x2)         x11=1c002efe  x2:10003cd8  PA:10003d18
26940481ns          464352 1c009456 000edd83 lhu              x27, 0(x29)         x27=00000b2a x29:1c002ece  PA:1c002ece
26940780ns          464367 1c00945a 0004d483 lhu              x9, 0(x9)            x9=0000032d  x9:1c002eee  PA:1c002eee
26941098ns          464383 1c00945e 02e70333 mul              x6, x14, x14         x6=000138d9 x14:0000011b x14:0000011b
26941118ns          464384 1c009462 40a55513 srai             x10, x10, 0x40a     x10=fffffff0 x10:ffffc0d6
26941138ns          464385 1c009464 04812e83 lw               x29, 72(x2)         x29=1c002f0e  x2:10003cd8  PA:10003d20
26941157ns          464386 1c009466 40a6d693 srai             x13, x13, 0x40a     x13=00000003 x13:00000ec4
26941177ns          464387 1c009468 000f5d03 lhu              x26, 0(x30)         x26=0000050f x30:1c002ede  PA:1c002ede
26941476ns          464402 1c00946c 0005d583 lhu              x11, 0(x11)         x11=00000237 x11:1c002efe  PA:1c002efe
26941774ns          464417 1c009470 40a35313 srai             x6, x6, 0x40a        x6=0000004e  x6:000138d9
26941794ns          464418 1c009474 00a686b3 add              x13, x13, x10       x13=fffffff3 x13:00000003 x10:fffffff0
26941814ns          464419 1c009476 05012f03 lw               x30, 80(x2)         x30=1c002e7e  x2:10003cd8  PA:10003d28
26941834ns          464420 1c009478 10034e33 p.exths          x28, x6, x0         x28=0000004e  x6:0000004e
26941853ns          464421 1c00947c 06911023 sh               x9, 96(x2)           x9:0000032d  x2:10003cd8  PA:10003d38
26941873ns          464422 1c009480 000ede83 lhu              x29, 0(x29)         x29=0000019e x29:1c002f0e  PA:1c002f0e
26942192ns          464438 1c009484 05812483 lw               x9, 88(x2)           x9=1c002e6e  x2:10003cd8  PA:10003d30
26942211ns          464439 1c009486 1006d6b3 p.exthz          x13, x13, x0        x13=0000fff3 x13:fffffff3
26942231ns          464440 1c00948a 02ee08b3 mul              x17, x28, x14       x17=0000563a x28:0000004e x14:0000011b
26942251ns          464441 1c00948e 1006c833 p.exths          x16, x13, x0        x16=fffffff3 x13:0000fff3
26942271ns          464442 1c009492 06b11823 sh               x11, 112(x2)        x11:00000237  x2:10003cd8  PA:10003d48
26942291ns          464443 1c009496 000f5f03 lhu              x30, 0(x30)         x30=0000ff6e x30:1c002e7e  PA:1c002e7e
26942589ns          464458 1c00949a 0a012583 lw               x11, 160(x2)        x11=1c002e9e  x2:10003cd8  PA:10003d78
26942609ns          464459 1c00949c 1007d7b3 p.exthz          x15, x15, x0        x15=0000ffb6 x15:ffffffb6
26942629ns          464460 1c0094a0 0004da03 lhu              x20, 0(x9)          x20=0000fd39  x9:1c002e6e  PA:1c002e6e
26942927ns          464475 1c0094a4 1007c533 p.exths          x10, x15, x0        x10=ffffffb6 x15:0000ffb6
26942947ns          464476 1c0094a8 09d11023 sh               x29, 128(x2)        x29:0000019e  x2:10003cd8  PA:10003d58
26942967ns          464477 1c0094ac 0003d483 lhu              x9, 0(x7)            x9=0000ffc8  x7:1c002ebe  PA:1c002ebe
26943285ns          464493 1c0094b0 02e80eb3 mul              x29, x16, x14       x29=fffff1a1 x16:fffffff3 x14:0000011b
26943305ns          464494 1c0094b4 40a8d893 srai             x17, x17, 0x40a     x17=00000015 x17:0000563a
26943325ns          464495 1c0094b8 03c80833 mul              x16, x16, x28       x16=fffffc0a x16:fffffff3 x28:0000004e
26943345ns          464496 1c0094bc 09e11823 sh               x30, 144(x2)        x30:0000ff6e  x2:10003cd8  PA:10003d68
26943365ns          464497 1c0094c0 0005d983 lhu              x19, 0(x11)         x19=0000ffad x11:1c002e9e  PA:1c002e9e
26943683ns          464513 1c0094c4 81c88f5b p.muls           x30, x17, x28       x30=00000666 x17:00000015 x28:0000004e
26943703ns          464514 1c0094c8 0002d583 lhu              x11, 0(x5)          x11=0000ff0d  x5:1c002eae  PA:1c002eae
26944041ns          464531 1c0094cc 03ce0fb3 mul              x31, x28, x28       x31=000017c4 x28:0000004e x28:0000004e
26944061ns          464532 1c0094d0 02e50733 mul              x14, x10, x14       x14=ffffae32 x10:ffffffb6 x14:0000011b
26944081ns          464533 1c0094d4 40a85813 srai             x16, x16, 0x40a     x16=ffffffff x16:fffffc0a
26944101ns          464534 1c0094d8 03c50533 mul              x10, x10, x28       x10=ffffe974 x10:ffffffb6 x28:0000004e
26944121ns          464535 1c0094dc 07015e03 lhu              x28, 112(x2)        x28=00000237  x2:10003cd8  PA:10003d48
26944160ns          464537 1c0094e0 01b60633 add              x12, x12, x27       x12=00000c45 x12:0000011b x27:00000b2a
26944180ns          464538 1c0094e2 00980833 add              x16, x16, x9        x16=0000ffc7 x16:ffffffff  x9:0000ffc8
26944200ns          464539 1c0094e4 06015d83 lhu              x27, 96(x2)         x27=0000032d  x2:10003cd8  PA:10003d38
26944220ns          464540 1c0094e8 02812483 lw               x9, 40(x2)           x9=1c002ece  x2:10003cd8  PA:10003d00
26944240ns          464541 1c0094ea 40afdf93 srai             x31, x31, 0x40a     x31=00000005 x31:000017c4
26944260ns          464542 1c0094ee 40a55513 srai             x10, x10, 0x40a     x10=fffffffa x10:ffffe974
26944280ns          464543 1c0094f0 01cf8fb3 add              x31, x31, x28       x31=0000023c x31:00000005 x28:00000237
26944300ns          464544 1c0094f2 00b50533 add              x10, x10, x11       x10=0000ff07 x10:fffffffa x11:0000ff0d
26944320ns          464545 1c0094f4 09015e03 lhu              x28, 144(x2)        x28=0000ff6e  x2:10003cd8  PA:10003d68
26944339ns          464546 1c0094f8 03012583 lw               x11, 48(x2)         x11=1c002ede  x2:10003cd8  PA:10003d08
26944359ns          464547 1c0094fa 00c49023 sh               x12, 0(x9)          x12:00000c45  x9:1c002ece  PA:1c002ece
26944697ns          464564 1c0094fe 01b888b3 add              x17, x17, x27       x17=00000342 x17:00000015 x27:0000032d
26944717ns          464565 1c009500 01a30333 add              x6, x6, x26          x6=0000055d  x6:0000004e x26:0000050f
26944737ns          464566 1c009502 08015d83 lhu              x27, 128(x2)        x27=0000019e  x2:10003cd8  PA:10003d58
26944757ns          464567 1c009506 0000d903 lhu              x18, 0(x1)          x18=0000fe86  x1:1c002e8e  PA:1c002e8e
26945075ns          464583 1c00950a 01c686b3 add              x13, x13, x28       x13=0001ff61 x13:0000fff3 x28:0000ff6e
26945095ns          464584 1c00950c 00659023 sh               x6, 0(x11)           x6:0000055d x11:1c002ede  PA:1c002ede
26945433ns          464601 1c009510 40af5f13 srai             x30, x30, 0x40a     x30=00000001 x30:00000666
26945453ns          464602 1c009514 04812e03 lw               x28, 72(x2)         x28=1c002f0e  x2:10003cd8  PA:10003d20
26945473ns          464603 1c009516 01bf0f33 add              x30, x30, x27       x30=0000019f x30:00000001 x27:0000019e
26945493ns          464604 1c009518 40aede93 srai             x29, x29, 0x40a     x29=fffffffc x29:fffff1a1
26945513ns          464605 1c00951c 40a75713 srai             x14, x14, 0x40a     x14=ffffffeb x14:ffffae32
26945533ns          464606 1c00951e 03812603 lw               x12, 56(x2)         x12=1c002eee  x2:10003cd8  PA:10003d10
26945553ns          464607 1c009520 04012d83 lw               x27, 64(x2)         x27=1c002efe  x2:10003cd8  PA:10003d18
26945573ns          464608 1c009522 01ee1023 sh               x30, 0(x28)         x30:0000019f x28:1c002f0e  PA:1c002f0e
26945891ns          464624 1c009526 05812483 lw               x9, 88(x2)           x9=1c002e6e  x2:10003cd8  PA:10003d30
26945911ns          464625 1c009528 05012f03 lw               x30, 80(x2)         x30=1c002e7e  x2:10003cd8  PA:10003d28
26945931ns          464626 1c00952a 0a012583 lw               x11, 160(x2)        x11=1c002e9e  x2:10003cd8  PA:10003d78
26945950ns          464627 1c00952c 014787b3 add              x15, x15, x20       x15=0001fcef x15:0000ffb6 x20:0000fd39
26945970ns          464628 1c00952e 013e8eb3 add              x29, x29, x19       x29=0000ffa9 x29:fffffffc x19:0000ffad
26945990ns          464629 1c009530 01270733 add              x14, x14, x18       x14=0000fe71 x14:ffffffeb x18:0000fe86
26946010ns          464630 1c009532 00f49023 sh               x15, 0(x9)          x15:0001fcef  x9:1c002e6e  PA:1c002e6e
26946328ns          464646 1c009536 01161023 sh               x17, 0(x12)         x17:00000342 x12:1c002eee  PA:1c002eee
26946686ns          464664 1c00953a 01fd9023 sh               x31, 0(x27)         x31:0000023c x27:1c002efe  PA:1c002efe
26947004ns          464680 1c00953e 00df1023 sh               x13, 0(x30)         x13:0001ff61 x30:1c002e7e  PA:1c002e7e
26947323ns          464696 1c009542 01d59023 sh               x29, 0(x11)         x29:0000ffa9 x11:1c002e9e  PA:1c002e9e
26947641ns          464712 1c009546 00e09023 sh               x14, 0(x1)          x14:0000fe71  x1:1c002e8e  PA:1c002e8e
26947959ns          464728 1c00954a 01039023 sh               x16, 0(x7)          x16:0000ffc7  x7:1c002ebe  PA:1c002ebe
26948277ns          464744 1c00954e 00a29023 sh               x10, 0(x5)          x10:0000ff07  x5:1c002eae  PA:1c002eae
26948596ns          464760 1c009552 008b0b13 addi             x22, x22, 8         x22=0000009f x22:00000097
26948615ns          464761 1c009554 1f300793 addi             x15, x0, 499        x15=000001f3
26948635ns          464762 1c009558 e767dae3 bge              x15, x22, -396      x15:000001f3 x22:0000009f
26948735ns          464767 1c0093cc 010c9a0b p.lh             x20, 16(x25!)       x20=ffffff2b x25=1c0027d6 x25:1c0027c6  PA:1c0027c6
26949053ns          464783 1c0093d0 0104198b p.lh             x19, 16(x8!)        x19=fffffe52  x8=1c001f9e  x8:1c001f8e  PA:1c001f8e
26949351ns          464798 1c0093d4 2cc10513 addi             x10, x2, 716        x10=10003fa4  x2:10003cd8
26949371ns          464799 1c0093d6 010a990b p.lh             x18, 16(x21!)       x18=fffffef5 x21=1c0017ca x21:1c0017ba  PA:1c0017ba
26949669ns          464814 1c0093da 010b948b p.lh             x9, 16(x23!)         x9=fffffe69 x23=1c000ffa x23:1c000fea  PA:1c000fea
26949968ns          464829 1c0093de 2d411623 sh               x20, 716(x2)        x20:ffffff2b  x2:10003cd8  PA:10003fa4
26949988ns          464830 1c0093e2 2d311723 sh               x19, 718(x2)        x19:fffffe52  x2:10003cd8  PA:10003fa6
26950008ns          464831 1c0093e6 c33ff0ef jal              x1, -974             x1=1c0093e8
26950047ns          464833 1c009018 00051803 lh               x16, 0(x10)         x16=ffffff2b x10:10003fa4  PA:10003fa4
26950067ns          464834 1c00901c 00251883 lh               x17, 2(x10)         x17=fffffe52 x10:10003fa4  PA:10003fa6
26950127ns          464837 1c009020 030806b3 mul              x13, x16, x16       x13=0000b139 x16:ffffff2b x16:ffffff2b
26950167ns          464839 1c009024 03188633 mul              x12, x17, x17       x12=0002d244 x17:fffffe52 x17:fffffe52
26950187ns          464840 1c009028 40a65613 srai             x12, x12, 0x40a     x12=000000b4 x12:0002d244
26950206ns          464841 1c00902a 40a6d693 srai             x13, x13, 0x40a     x13=0000002c x13:0000b139
26950226ns          464842 1c00902c 00c686b3 add              x13, x13, x12       x13=000000e0 x13:0000002c x12:000000b4
26950246ns          464843 1c00902e 1006c633 p.exths          x12, x13, x0        x12=000000e0 x13:000000e0
26950266ns          464844 1c009032 00855703 lhu              x14, 8(x10)         x14=0000ffd1 x10:10003fa4  PA:10003fac
26950286ns          464845 1c009036 00a55683 lhu              x13, 10(x10)        x13=0000ff6a x10:10003fa4  PA:10003fae
26950306ns          464846 1c00903a 02c60333 mul              x6, x12, x12         x6=0000c400 x12:000000e0 x12:000000e0
26950326ns          464847 1c00903e 00c55783 lhu              x15, 12(x10)        x15=0000ffe5 x10:10003fa4  PA:10003fb0
26950346ns          464848 1c009042 00e55583 lhu              x11, 14(x10)        x11=00000060 x10:10003fa4  PA:10003fb2
26950366ns          464849 1c009046 dea30333 p.extract        x6, x6, 15, 10       x6=00000031  x6:0000c400
26950385ns          464850 1c00904a 80c7075b p.muls           x14, x14, x12       x14=ffffd6e0 x14:0000ffd1 x12:000000e0
26950425ns          464852 1c00904e 80c686db p.muls           x13, x13, x12       x13=ffff7cc0 x13:0000ff6a x12:000000e0
26950465ns          464854 1c009052 00455e83 lhu              x29, 4(x10)         x29=00000427 x10:10003fa4  PA:10003fa8
26950485ns          464855 1c009056 00655e03 lhu              x28, 6(x10)         x28=0000007f x10:10003fa4  PA:10003faa
26950505ns          464856 1c00905a 40a75713 srai             x14, x14, 0x40a     x14=fffffff5 x14:ffffd6e0
26950525ns          464857 1c00905c 806787db p.muls           x15, x15, x6        x15=fffffad5 x15:0000ffe5  x6:00000031
26950545ns          464858 1c009060 40a6d693 srai             x13, x13, 0x40a     x13=ffffffdf x13:ffff7cc0
26950564ns          464859 1c009062 8065865b p.muls           x12, x11, x6        x12=00001260 x11:00000060  x6:00000031
26950584ns          464860 1c009066 40a7d793 srai             x15, x15, 0x40a     x15=fffffffe x15:fffffad5
26950604ns          464861 1c009068 40a65613 srai             x12, x12, 0x40a     x12=00000004 x12:00001260
26950624ns          464862 1c00906a 01d70733 add              x14, x14, x29       x14=0000041c x14:fffffff5 x29:00000427
26950644ns          464863 1c00906c 01c686b3 add              x13, x13, x28       x13=0000005e x13:ffffffdf x28:0000007f
26950664ns          464864 1c00906e 00c686b3 add              x13, x13, x12       x13=00000062 x13:0000005e x12:00000004
26950684ns          464865 1c009070 00f70733 add              x14, x14, x15       x14=0000041a x14:0000041c x15:fffffffe
26950704ns          464866 1c009072 100747b3 p.exths          x15, x14, x0        x15=0000041a x14:0000041a
26950724ns          464867 1c009076 1006c733 p.exths          x14, x13, x0        x14=00000062 x13:00000062
26950743ns          464868 1c00907a 03170633 mul              x12, x14, x17       x12=ffff5b64 x14:00000062 x17:fffffe52
26950763ns          464869 1c00907e 030786b3 mul              x13, x15, x16       x13=fffc965e x15:0000041a x16:ffffff2b
26950783ns          464870 1c009082 03070733 mul              x14, x14, x16       x14=ffffae76 x14:00000062 x16:ffffff2b
26950803ns          464871 1c009086 031787b3 mul              x15, x15, x17       x15=fff91c54 x15:0000041a x17:fffffe52
26950823ns          464872 1c00908a 40a6d693 srai             x13, x13, 0x40a     x13=ffffff25 x13:fffc965e
26950843ns          464873 1c00908c 40a65613 srai             x12, x12, 0x40a     x12=ffffffd6 x12:ffff5b64
26950863ns          464874 1c00908e 40a7d793 srai             x15, x15, 0x40a     x15=fffffe47 x15:fff91c54
26950883ns          464875 1c009090 40a75713 srai             x14, x14, 0x40a     x14=ffffffeb x14:ffffae76
26950903ns          464876 1c009092 40c686b3 sub              x13, x13, x12       x13=ffffff4f x13:ffffff25 x12:ffffffd6
26950922ns          464877 1c009094 00e787b3 add              x15, x15, x14       x15=fffffe32 x15:fffffe47 x14:ffffffeb
26950942ns          464878 1c009096 00d51823 sh               x13, 16(x10)        x13:ffffff4f x10:10003fa4  PA:10003fb4
26950962ns          464879 1c00909a 00f51923 sh               x15, 18(x10)        x15:fffffe32 x10:10003fa4  PA:10003fb6
26950982ns          464880 1c00909e 00008067 jalr             x0, x1, 0            x1:1c0093e8
26951042ns          464883 1c0093e8 2dc15583 lhu              x11, 732(x2)        x11=0000ff4f  x2:10003cd8  PA:10003fb4
26951062ns          464884 1c0093ec 2de15783 lhu              x15, 734(x2)        x15=0000fe32  x2:10003cd8  PA:10003fb6
26951082ns          464885 1c0093f0 40b90933 sub              x18, x18, x11       x18=fffeffa6 x18:fffffef5 x11:0000ff4f
26951101ns          464886 1c0093f4 40f484b3 sub              x9, x9, x15          x9=ffff0037  x9:fffffe69 x15:0000fe32
26951121ns          464887 1c0093f6 100945b3 p.exths          x11, x18, x0        x11=ffffffa6 x18:fffeffa6
26951141ns          464888 1c0093fa 1004c7b3 p.exths          x15, x9, x0         x15=00000037  x9:ffff0037
26951161ns          464889 1c0093fe 034586b3 mul              x13, x11, x20       x13=00004ae2 x11:ffffffa6 x20:ffffff2b
26951181ns          464890 1c009402 03378533 mul              x10, x15, x19       x10=ffffa39e x15:00000037 x19:fffffe52
26951201ns          464891 1c009406 034a0633 mul              x12, x20, x20       x12=0000b139 x20:ffffff2b x20:ffffff2b
26951221ns          464892 1c00940a 03398733 mul              x14, x19, x19       x14=0002d244 x19:fffffe52 x19:fffffe52
26951280ns          464895 1c00940e 034787b3 mul              x15, x15, x20       x15=ffffd23d x15:00000037 x20:ffffff2b
26951320ns          464897 1c009412 033585b3 mul              x11, x11, x19       x11=0000972c x11:ffffffa6 x19:fffffe52
26951340ns          464898 1c009416 40a75713 srai             x14, x14, 0x40a     x14=000000b4 x14:0002d244
26951360ns          464899 1c009418 40a5d593 srai             x11, x11, 0x40a     x11=00000025 x11:0000972c
26951380ns          464900 1c00941a 40a65613 srai             x12, x12, 0x40a     x12=0000002c x12:0000b139
26951400ns          464901 1c00941c 40a7d793 srai             x15, x15, 0x40a     x15=fffffff4 x15:ffffd23d
26951420ns          464902 1c00941e 1c0034b7 lui              x9, 0x1c003000       x9=1c003000
26951439ns          464903 1c009422 00e60633 add              x12, x12, x14       x12=000000e0 x12:0000002c x14:000000b4
26951459ns          464904 1c009424 40b787b3 sub              x15, x15, x11       x15=ffffffcf x15:fffffff4 x11:00000025
26951479ns          464905 1c009426 eb048493 addi             x9, x9, -336         x9=1c002eb0  x9:1c003000
26951499ns          464906 1c00942a 1c0032b7 lui              x5, 0x1c003000       x5=1c003000
26951519ns          464907 1c00942e 1c0035b7 lui              x11, 0x1c003000     x11=1c003000
26951539ns          464908 1c009432 018483b3 add              x7, x9, x24          x7=1c002ebe  x9:1c002eb0 x24:0000000e
26951559ns          464909 1c009436 02812e83 lw               x29, 40(x2)         x29=1c002ece  x2:10003cd8  PA:10003d00
26951579ns          464910 1c009438 10065633 p.exthz          x12, x12, x0        x12=000000e0 x12:000000e0
26951599ns          464911 1c00943c e8028293 addi             x5, x5, -384         x5=1c002e80  x5:1c003000
26951618ns          464912 1c009440 ea058593 addi             x11, x11, -352      x11=1c002ea0 x11:1c003000
26951658ns          464914 1c009444 03812483 lw               x9, 56(x2)           x9=1c002eee  x2:10003cd8  PA:10003d10
26951678ns          464915 1c009446 10064733 p.exths          x14, x12, x0        x14=000000e0 x12:000000e0
26951698ns          464916 1c00944a 018280b3 add              x1, x5, x24          x1=1c002e8e  x5:1c002e80 x24:0000000e
26951718ns          464917 1c00944e 03012f03 lw               x30, 48(x2)         x30=1c002ede  x2:10003cd8  PA:10003d08
26951738ns          464918 1c009450 018582b3 add              x5, x11, x24         x5=1c002eae x11:1c002ea0 x24:0000000e
26951758ns          464919 1c009454 04012583 lw               x11, 64(x2)         x11=1c002efe  x2:10003cd8  PA:10003d18
26951778ns          464920 1c009456 000edd83 lhu              x27, 0(x29)         x27=00000c45 x29:1c002ece  PA:1c002ece
26952096ns          464936 1c00945a 0004d483 lhu              x9, 0(x9)            x9=00000342  x9:1c002eee  PA:1c002eee
26952394ns          464951 1c00945e 02e70333 mul              x6, x14, x14         x6=0000c400 x14:000000e0 x14:000000e0
26952414ns          464952 1c009462 40a55513 srai             x10, x10, 0x40a     x10=ffffffe8 x10:ffffa39e
26952434ns          464953 1c009464 04812e83 lw               x29, 72(x2)         x29=1c002f0e  x2:10003cd8  PA:10003d20
26952454ns          464954 1c009466 40a6d693 srai             x13, x13, 0x40a     x13=00000012 x13:00004ae2
26952474ns          464955 1c009468 000f5d03 lhu              x26, 0(x30)         x26=0000055d x30:1c002ede  PA:1c002ede
26952772ns          464970 1c00946c 0005d583 lhu              x11, 0(x11)         x11=0000023c x11:1c002efe  PA:1c002efe
26953090ns          464986 1c009470 40a35313 srai             x6, x6, 0x40a        x6=00000031  x6:0000c400
26953110ns          464987 1c009474 00a686b3 add              x13, x13, x10       x13=fffffffa x13:00000012 x10:ffffffe8
26953130ns          464988 1c009476 05012f03 lw               x30, 80(x2)         x30=1c002e7e  x2:10003cd8  PA:10003d28
26953150ns          464989 1c009478 10034e33 p.exths          x28, x6, x0         x28=00000031  x6:00000031
26953170ns          464990 1c00947c 06911023 sh               x9, 96(x2)           x9:00000342  x2:10003cd8  PA:10003d38
26953190ns          464991 1c009480 000ede83 lhu              x29, 0(x29)         x29=0000019f x29:1c002f0e  PA:1c002f0e
26953508ns          465007 1c009484 05812483 lw               x9, 88(x2)           x9=1c002e6e  x2:10003cd8  PA:10003d30
26953528ns          465008 1c009486 1006d6b3 p.exthz          x13, x13, x0        x13=0000fffa x13:fffffffa
26953548ns          465009 1c00948a 02ee08b3 mul              x17, x28, x14       x17=00002ae0 x28:00000031 x14:000000e0
26953568ns          465010 1c00948e 1006c833 p.exths          x16, x13, x0        x16=fffffffa x13:0000fffa
26953587ns          465011 1c009492 06b11823 sh               x11, 112(x2)        x11:0000023c  x2:10003cd8  PA:10003d48
26953607ns          465012 1c009496 000f5f03 lhu              x30, 0(x30)         x30=0000ff61 x30:1c002e7e  PA:1c002e7e
26953945ns          465029 1c00949a 0a012583 lw               x11, 160(x2)        x11=1c002e9e  x2:10003cd8  PA:10003d78
26953965ns          465030 1c00949c 1007d7b3 p.exthz          x15, x15, x0        x15=0000ffcf x15:ffffffcf
26953985ns          465031 1c0094a0 0004da03 lhu              x20, 0(x9)          x20=0000fcef  x9:1c002e6e  PA:1c002e6e
26954303ns          465047 1c0094a4 1007c533 p.exths          x10, x15, x0        x10=ffffffcf x15:0000ffcf
26954323ns          465048 1c0094a8 09d11023 sh               x29, 128(x2)        x29:0000019f  x2:10003cd8  PA:10003d58
26954343ns          465049 1c0094ac 0003d483 lhu              x9, 0(x7)            x9=0000ffc7  x7:1c002ebe  PA:1c002ebe
26954661ns          465065 1c0094b0 02e80eb3 mul              x29, x16, x14       x29=fffffac0 x16:fffffffa x14:000000e0
26954681ns          465066 1c0094b4 40a8d893 srai             x17, x17, 0x40a     x17=0000000a x17:00002ae0
26954701ns          465067 1c0094b8 03c80833 mul              x16, x16, x28       x16=fffffeda x16:fffffffa x28:00000031
26954721ns          465068 1c0094bc 09e11823 sh               x30, 144(x2)        x30:0000ff61  x2:10003cd8  PA:10003d68
26954741ns          465069 1c0094c0 0005d983 lhu              x19, 0(x11)         x19=0000ffa9 x11:1c002e9e  PA:1c002e9e
26955039ns          465084 1c0094c4 81c88f5b p.muls           x30, x17, x28       x30=000001ea x17:0000000a x28:00000031
26955059ns          465085 1c0094c8 0002d583 lhu              x11, 0(x5)          x11=0000ff07  x5:1c002eae  PA:1c002eae
26955357ns          465100 1c0094cc 03ce0fb3 mul              x31, x28, x28       x31=00000961 x28:00000031 x28:00000031
26955377ns          465101 1c0094d0 02e50733 mul              x14, x10, x14       x14=ffffd520 x10:ffffffcf x14:000000e0
26955397ns          465102 1c0094d4 40a85813 srai             x16, x16, 0x40a     x16=ffffffff x16:fffffeda
26955417ns          465103 1c0094d8 03c50533 mul              x10, x10, x28       x10=fffff69f x10:ffffffcf x28:00000031
26955437ns          465104 1c0094dc 07015e03 lhu              x28, 112(x2)        x28=0000023c  x2:10003cd8  PA:10003d48
26955477ns          465106 1c0094e0 01b60633 add              x12, x12, x27       x12=00000d25 x12:000000e0 x27:00000c45
26955497ns          465107 1c0094e2 00980833 add              x16, x16, x9        x16=0000ffc6 x16:ffffffff  x9:0000ffc7
26955517ns          465108 1c0094e4 06015d83 lhu              x27, 96(x2)         x27=00000342  x2:10003cd8  PA:10003d38
26955536ns          465109 1c0094e8 02812483 lw               x9, 40(x2)           x9=1c002ece  x2:10003cd8  PA:10003d00
26955556ns          465110 1c0094ea 40afdf93 srai             x31, x31, 0x40a     x31=00000002 x31:00000961
26955576ns          465111 1c0094ee 40a55513 srai             x10, x10, 0x40a     x10=fffffffd x10:fffff69f
26955596ns          465112 1c0094f0 01cf8fb3 add              x31, x31, x28       x31=0000023e x31:00000002 x28:0000023c
26955616ns          465113 1c0094f2 00b50533 add              x10, x10, x11       x10=0000ff04 x10:fffffffd x11:0000ff07
26955636ns          465114 1c0094f4 09015e03 lhu              x28, 144(x2)        x28=0000ff61  x2:10003cd8  PA:10003d68
26955656ns          465115 1c0094f8 03012583 lw               x11, 48(x2)         x11=1c002ede  x2:10003cd8  PA:10003d08
26955676ns          465116 1c0094fa 00c49023 sh               x12, 0(x9)          x12:00000d25  x9:1c002ece  PA:1c002ece
26955994ns          465132 1c0094fe 01b888b3 add              x17, x17, x27       x17=0000034c x17:0000000a x27:00000342
26956014ns          465133 1c009500 01a30333 add              x6, x6, x26          x6=0000058e  x6:00000031 x26:0000055d
26956034ns          465134 1c009502 08015d83 lhu              x27, 128(x2)        x27=0000019f  x2:10003cd8  PA:10003d58
26956073ns          465136 1c009506 0000d903 lhu              x18, 0(x1)          x18=0000fe71  x1:1c002e8e  PA:1c002e8e
26956411ns          465153 1c00950a 01c686b3 add              x13, x13, x28       x13=0001ff5b x13:0000fffa x28:0000ff61
26956431ns          465154 1c00950c 00659023 sh               x6, 0(x11)           x6:0000058e x11:1c002ede  PA:1c002ede
26956750ns          465170 1c009510 40af5f13 srai             x30, x30, 0x40a     x30=00000000 x30:000001ea
26956769ns          465171 1c009514 04812e03 lw               x28, 72(x2)         x28=1c002f0e  x2:10003cd8  PA:10003d20
26956789ns          465172 1c009516 01bf0f33 add              x30, x30, x27       x30=0000019f x30:00000000 x27:0000019f
26956809ns          465173 1c009518 40aede93 srai             x29, x29, 0x40a     x29=fffffffe x29:fffffac0
26956829ns          465174 1c00951c 40a75713 srai             x14, x14, 0x40a     x14=fffffff5 x14:ffffd520
26956849ns          465175 1c00951e 03812603 lw               x12, 56(x2)         x12=1c002eee  x2:10003cd8  PA:10003d10
26956869ns          465176 1c009520 04012d83 lw               x27, 64(x2)         x27=1c002efe  x2:10003cd8  PA:10003d18
26956889ns          465177 1c009522 01ee1023 sh               x30, 0(x28)         x30:0000019f x28:1c002f0e  PA:1c002f0e
26957207ns          465193 1c009526 05812483 lw               x9, 88(x2)           x9=1c002e6e  x2:10003cd8  PA:10003d30
26957227ns          465194 1c009528 05012f03 lw               x30, 80(x2)         x30=1c002e7e  x2:10003cd8  PA:10003d28
26957247ns          465195 1c00952a 0a012583 lw               x11, 160(x2)        x11=1c002e9e  x2:10003cd8  PA:10003d78
26957267ns          465196 1c00952c 014787b3 add              x15, x15, x20       x15=0001fcbe x15:0000ffcf x20:0000fcef
26957287ns          465197 1c00952e 013e8eb3 add              x29, x29, x19       x29=0000ffa7 x29:fffffffe x19:0000ffa9
26957306ns          465198 1c009530 01270733 add              x14, x14, x18       x14=0000fe66 x14:fffffff5 x18:0000fe71
26957326ns          465199 1c009532 00f49023 sh               x15, 0(x9)          x15:0001fcbe  x9:1c002e6e  PA:1c002e6e
26957645ns          465215 1c009536 01161023 sh               x17, 0(x12)         x17:0000034c x12:1c002eee  PA:1c002eee
26957963ns          465231 1c00953a 01fd9023 sh               x31, 0(x27)         x31:0000023e x27:1c002efe  PA:1c002efe
26958301ns          465248 1c00953e 00df1023 sh               x13, 0(x30)         x13:0001ff5b x30:1c002e7e  PA:1c002e7e
26958619ns          465264 1c009542 01d59023 sh               x29, 0(x11)         x29:0000ffa7 x11:1c002e9e  PA:1c002e9e
26958937ns          465280 1c009546 00e09023 sh               x14, 0(x1)          x14:0000fe66  x1:1c002e8e  PA:1c002e8e
26959255ns          465296 1c00954a 01039023 sh               x16, 0(x7)          x16:0000ffc6  x7:1c002ebe  PA:1c002ebe
26959613ns          465314 1c00954e 00a29023 sh               x10, 0(x5)          x10:0000ff04  x5:1c002eae  PA:1c002eae
26959932ns          465330 1c009552 008b0b13 addi             x22, x22, 8         x22=000000a7 x22:0000009f
26959952ns          465331 1c009554 1f300793 addi             x15, x0, 499        x15=000001f3
26959971ns          465332 1c009558 e767dae3 bge              x15, x22, -396      x15:000001f3 x22:000000a7
26960071ns          465337 1c0093cc 010c9a0b p.lh             x20, 16(x25!)       x20=000001a2 x25=1c0027e6 x25:1c0027d6  PA:1c0027d6
26960389ns          465353 1c0093d0 0104198b p.lh             x19, 16(x8!)        x19=ffffff73  x8=1c001fae  x8:1c001f9e  PA:1c001f9e
26960727ns          465370 1c0093d4 2cc10513 addi             x10, x2, 716        x10=10003fa4  x2:10003cd8
26960747ns          465371 1c0093d6 010a990b p.lh             x18, 16(x21!)       x18=00000183 x21=1c0017da x21:1c0017ca  PA:1c0017ca
26961045ns          465386 1c0093da 010b948b p.lh             x9, 16(x23!)         x9=ffffff42 x23=1c00100a x23:1c000ffa  PA:1c000ffa
26961364ns          465402 1c0093de 2d411623 sh               x20, 716(x2)        x20:000001a2  x2:10003cd8  PA:10003fa4
26961383ns          465403 1c0093e2 2d311723 sh               x19, 718(x2)        x19:ffffff73  x2:10003cd8  PA:10003fa6
26961403ns          465404 1c0093e6 c33ff0ef jal              x1, -974             x1=1c0093e8
26961443ns          465406 1c009018 00051803 lh               x16, 0(x10)         x16=000001a2 x10:10003fa4  PA:10003fa4
26961463ns          465407 1c00901c 00251883 lh               x17, 2(x10)         x17=ffffff73 x10:10003fa4  PA:10003fa6
26961483ns          465408 1c009020 030806b3 mul              x13, x16, x16       x13=0002aa84 x16:000001a2 x16:000001a2
26961503ns          465409 1c009024 03188633 mul              x12, x17, x17       x12=00004da9 x17:ffffff73 x17:ffffff73
26961523ns          465410 1c009028 40a65613 srai             x12, x12, 0x40a     x12=00000013 x12:00004da9
26961543ns          465411 1c00902a 40a6d693 srai             x13, x13, 0x40a     x13=000000aa x13:0002aa84
26961562ns          465412 1c00902c 00c686b3 add              x13, x13, x12       x13=000000bd x13:000000aa x12:00000013
26961582ns          465413 1c00902e 1006c633 p.exths          x12, x13, x0        x12=000000bd x13:000000bd
26961602ns          465414 1c009032 00855703 lhu              x14, 8(x10)         x14=0000ffd1 x10:10003fa4  PA:10003fac
26961622ns          465415 1c009036 00a55683 lhu              x13, 10(x10)        x13=0000ff6a x10:10003fa4  PA:10003fae
26961642ns          465416 1c00903a 02c60333 mul              x6, x12, x12         x6=00008b89 x12:000000bd x12:000000bd
26961662ns          465417 1c00903e 00c55783 lhu              x15, 12(x10)        x15=0000ffe5 x10:10003fa4  PA:10003fb0
26961682ns          465418 1c009042 00e55583 lhu              x11, 14(x10)        x11=00000060 x10:10003fa4  PA:10003fb2
26961702ns          465419 1c009046 dea30333 p.extract        x6, x6, 15, 10       x6=00000022  x6:00008b89
26961722ns          465420 1c00904a 80c7075b p.muls           x14, x14, x12       x14=ffffdd4d x14:0000ffd1 x12:000000bd
26961741ns          465421 1c00904e 80c686db p.muls           x13, x13, x12       x13=ffff9142 x13:0000ff6a x12:000000bd
26961761ns          465422 1c009052 00455e83 lhu              x29, 4(x10)         x29=00000427 x10:10003fa4  PA:10003fa8
26961781ns          465423 1c009056 00655e03 lhu              x28, 6(x10)         x28=0000007f x10:10003fa4  PA:10003faa
26961801ns          465424 1c00905a 40a75713 srai             x14, x14, 0x40a     x14=fffffff7 x14:ffffdd4d
26961821ns          465425 1c00905c 806787db p.muls           x15, x15, x6        x15=fffffc6a x15:0000ffe5  x6:00000022
26961841ns          465426 1c009060 40a6d693 srai             x13, x13, 0x40a     x13=ffffffe4 x13:ffff9142
26961861ns          465427 1c009062 8065865b p.muls           x12, x11, x6        x12=00000cc0 x11:00000060  x6:00000022
26961881ns          465428 1c009066 40a7d793 srai             x15, x15, 0x40a     x15=ffffffff x15:fffffc6a
26961901ns          465429 1c009068 40a65613 srai             x12, x12, 0x40a     x12=00000003 x12:00000cc0
26961920ns          465430 1c00906a 01d70733 add              x14, x14, x29       x14=0000041e x14:fffffff7 x29:00000427
26961940ns          465431 1c00906c 01c686b3 add              x13, x13, x28       x13=00000063 x13:ffffffe4 x28:0000007f
26961960ns          465432 1c00906e 00c686b3 add              x13, x13, x12       x13=00000066 x13:00000063 x12:00000003
26961980ns          465433 1c009070 00f70733 add              x14, x14, x15       x14=0000041d x14:0000041e x15:ffffffff
26962000ns          465434 1c009072 100747b3 p.exths          x15, x14, x0        x15=0000041d x14:0000041d
26962020ns          465435 1c009076 1006c733 p.exths          x14, x13, x0        x14=00000066 x13:00000066
26962040ns          465436 1c00907a 03170633 mul              x12, x14, x17       x12=ffffc7d2 x14:00000066 x17:ffffff73
26962060ns          465437 1c00907e 030786b3 mul              x13, x15, x16       x13=0006b75a x15:0000041d x16:000001a2
26962080ns          465438 1c009082 03070733 mul              x14, x14, x16       x14=0000a68c x14:00000066 x16:000001a2
26962099ns          465439 1c009086 031787b3 mul              x15, x15, x17       x15=fffdbc07 x15:0000041d x17:ffffff73
26962119ns          465440 1c00908a 40a6d693 srai             x13, x13, 0x40a     x13=000001ad x13:0006b75a
26962139ns          465441 1c00908c 40a65613 srai             x12, x12, 0x40a     x12=fffffff1 x12:ffffc7d2
26962159ns          465442 1c00908e 40a7d793 srai             x15, x15, 0x40a     x15=ffffff6f x15:fffdbc07
26962179ns          465443 1c009090 40a75713 srai             x14, x14, 0x40a     x14=00000029 x14:0000a68c
26962199ns          465444 1c009092 40c686b3 sub              x13, x13, x12       x13=000001bc x13:000001ad x12:fffffff1
26962219ns          465445 1c009094 00e787b3 add              x15, x15, x14       x15=ffffff98 x15:ffffff6f x14:00000029
26962239ns          465446 1c009096 00d51823 sh               x13, 16(x10)        x13:000001bc x10:10003fa4  PA:10003fb4
26962259ns          465447 1c00909a 00f51923 sh               x15, 18(x10)        x15:ffffff98 x10:10003fa4  PA:10003fb6
26962278ns          465448 1c00909e 00008067 jalr             x0, x1, 0            x1:1c0093e8
26962318ns          465450 1c0093e8 2dc15583 lhu              x11, 732(x2)        x11=000001bc  x2:10003cd8  PA:10003fb4
26962338ns          465451 1c0093ec 2de15783 lhu              x15, 734(x2)        x15=0000ff98  x2:10003cd8  PA:10003fb6
26962358ns          465452 1c0093f0 40b90933 sub              x18, x18, x11       x18=ffffffc7 x18:00000183 x11:000001bc
26962378ns          465453 1c0093f4 40f484b3 sub              x9, x9, x15          x9=fffeffaa  x9:ffffff42 x15:0000ff98
26962398ns          465454 1c0093f6 100945b3 p.exths          x11, x18, x0        x11=ffffffc7 x18:ffffffc7
26962418ns          465455 1c0093fa 1004c7b3 p.exths          x15, x9, x0         x15=ffffffaa  x9:fffeffaa
26962438ns          465456 1c0093fe 034586b3 mul              x13, x11, x20       x13=ffffa2ee x11:ffffffc7 x20:000001a2
26962457ns          465457 1c009402 03378533 mul              x10, x15, x19       x10=00002f5e x15:ffffffaa x19:ffffff73
26962477ns          465458 1c009406 034a0633 mul              x12, x20, x20       x12=0002aa84 x20:000001a2 x20:000001a2
26962497ns          465459 1c00940a 03398733 mul              x14, x19, x19       x14=00004da9 x19:ffffff73 x19:ffffff73
26962557ns          465462 1c00940e 034787b3 mul              x15, x15, x20       x15=ffff7394 x15:ffffffaa x20:000001a2
26962597ns          465464 1c009412 033585b3 mul              x11, x11, x19       x11=00001f65 x11:ffffffc7 x19:ffffff73
26962617ns          465465 1c009416 40a75713 srai             x14, x14, 0x40a     x14=00000013 x14:00004da9
26962636ns          465466 1c009418 40a5d593 srai             x11, x11, 0x40a     x11=00000007 x11:00001f65
26962656ns          465467 1c00941a 40a65613 srai             x12, x12, 0x40a     x12=000000aa x12:0002aa84
26962676ns          465468 1c00941c 40a7d793 srai             x15, x15, 0x40a     x15=ffffffdc x15:ffff7394
26962696ns          465469 1c00941e 1c0034b7 lui              x9, 0x1c003000       x9=1c003000
26962716ns          465470 1c009422 00e60633 add              x12, x12, x14       x12=000000bd x12:000000aa x14:00000013
26962736ns          465471 1c009424 40b787b3 sub              x15, x15, x11       x15=ffffffd5 x15:ffffffdc x11:00000007
26962756ns          465472 1c009426 eb048493 addi             x9, x9, -336         x9=1c002eb0  x9:1c003000
26962776ns          465473 1c00942a 1c0032b7 lui              x5, 0x1c003000       x5=1c003000
26962796ns          465474 1c00942e 1c0035b7 lui              x11, 0x1c003000     x11=1c003000
26962815ns          465475 1c009432 018483b3 add              x7, x9, x24          x7=1c002ebe  x9:1c002eb0 x24:0000000e
26962835ns          465476 1c009436 02812e83 lw               x29, 40(x2)         x29=1c002ece  x2:10003cd8  PA:10003d00
26962855ns          465477 1c009438 10065633 p.exthz          x12, x12, x0        x12=000000bd x12:000000bd
26962875ns          465478 1c00943c e8028293 addi             x5, x5, -384         x5=1c002e80  x5:1c003000
26962895ns          465479 1c009440 ea058593 addi             x11, x11, -352      x11=1c002ea0 x11:1c003000
26962915ns          465480 1c009444 03812483 lw               x9, 56(x2)           x9=1c002eee  x2:10003cd8  PA:10003d10
26962935ns          465481 1c009446 10064733 p.exths          x14, x12, x0        x14=000000bd x12:000000bd
26962955ns          465482 1c00944a 018280b3 add              x1, x5, x24          x1=1c002e8e  x5:1c002e80 x24:0000000e
26962975ns          465483 1c00944e 03012f03 lw               x30, 48(x2)         x30=1c002ede  x2:10003cd8  PA:10003d08
26962994ns          465484 1c009450 018582b3 add              x5, x11, x24         x5=1c002eae x11:1c002ea0 x24:0000000e
26963014ns          465485 1c009454 04012583 lw               x11, 64(x2)         x11=1c002efe  x2:10003cd8  PA:10003d18
26963034ns          465486 1c009456 000edd83 lhu              x27, 0(x29)         x27=00000d25 x29:1c002ece  PA:1c002ece
26963333ns          465501 1c00945a 0004d483 lhu              x9, 0(x9)            x9=0000034c  x9:1c002eee  PA:1c002eee
26963730ns          465521 1c00945e 02e70333 mul              x6, x14, x14         x6=00008b89 x14:000000bd x14:000000bd
26963750ns          465522 1c009462 40a55513 srai             x10, x10, 0x40a     x10=0000000b x10:00002f5e
26963770ns          465523 1c009464 04812e83 lw               x29, 72(x2)         x29=1c002f0e  x2:10003cd8  PA:10003d20
26963790ns          465524 1c009466 40a6d693 srai             x13, x13, 0x40a     x13=ffffffe8 x13:ffffa2ee
26963810ns          465525 1c009468 000f5d03 lhu              x26, 0(x30)         x26=0000058e x30:1c002ede  PA:1c002ede
26964128ns          465541 1c00946c 0005d583 lhu              x11, 0(x11)         x11=0000023e x11:1c002efe  PA:1c002efe
26964426ns          465556 1c009470 40a35313 srai             x6, x6, 0x40a        x6=00000022  x6:00008b89
26964446ns          465557 1c009474 00a686b3 add              x13, x13, x10       x13=fffffff3 x13:ffffffe8 x10:0000000b
26964466ns          465558 1c009476 05012f03 lw               x30, 80(x2)         x30=1c002e7e  x2:10003cd8  PA:10003d28
26964486ns          465559 1c009478 10034e33 p.exths          x28, x6, x0         x28=00000022  x6:00000022
26964506ns          465560 1c00947c 06911023 sh               x9, 96(x2)           x9:0000034c  x2:10003cd8  PA:10003d38
26964526ns          465561 1c009480 000ede83 lhu              x29, 0(x29)         x29=0000019f x29:1c002f0e  PA:1c002f0e
26964884ns          465579 1c009484 05812483 lw               x9, 88(x2)           x9=1c002e6e  x2:10003cd8  PA:10003d30
26964904ns          465580 1c009486 1006d6b3 p.exthz          x13, x13, x0        x13=0000fff3 x13:fffffff3
26964924ns          465581 1c00948a 02ee08b3 mul              x17, x28, x14       x17=0000191a x28:00000022 x14:000000bd
26964943ns          465582 1c00948e 1006c833 p.exths          x16, x13, x0        x16=fffffff3 x13:0000fff3
26964963ns          465583 1c009492 06b11823 sh               x11, 112(x2)        x11:0000023e  x2:10003cd8  PA:10003d48
26964983ns          465584 1c009496 000f5f03 lhu              x30, 0(x30)         x30=0000ff5b x30:1c002e7e  PA:1c002e7e
26965301ns          465600 1c00949a 0a012583 lw               x11, 160(x2)        x11=1c002e9e  x2:10003cd8  PA:10003d78
26965321ns          465601 1c00949c 1007d7b3 p.exthz          x15, x15, x0        x15=0000ffd5 x15:ffffffd5
26965341ns          465602 1c0094a0 0004da03 lhu              x20, 0(x9)          x20=0000fcbe  x9:1c002e6e  PA:1c002e6e
26965640ns          465617 1c0094a4 1007c533 p.exths          x10, x15, x0        x10=ffffffd5 x15:0000ffd5
26965659ns          465618 1c0094a8 09d11023 sh               x29, 128(x2)        x29:0000019f  x2:10003cd8  PA:10003d58
26965679ns          465619 1c0094ac 0003d483 lhu              x9, 0(x7)            x9=0000ffc6  x7:1c002ebe  PA:1c002ebe
26966037ns          465637 1c0094b0 02e80eb3 mul              x29, x16, x14       x29=fffff667 x16:fffffff3 x14:000000bd
26966057ns          465638 1c0094b4 40a8d893 srai             x17, x17, 0x40a     x17=00000006 x17:0000191a
26966077ns          465639 1c0094b8 03c80833 mul              x16, x16, x28       x16=fffffe46 x16:fffffff3 x28:00000022
26966097ns          465640 1c0094bc 09e11823 sh               x30, 144(x2)        x30:0000ff5b  x2:10003cd8  PA:10003d68
26966117ns          465641 1c0094c0 0005d983 lhu              x19, 0(x11)         x19=0000ffa7 x11:1c002e9e  PA:1c002e9e
26966455ns          465658 1c0094c4 81c88f5b p.muls           x30, x17, x28       x30=000000cc x17:00000006 x28:00000022
26966475ns          465659 1c0094c8 0002d583 lhu              x11, 0(x5)          x11=0000ff04  x5:1c002eae  PA:1c002eae
26966873ns          465679 1c0094cc 03ce0fb3 mul              x31, x28, x28       x31=00000484 x28:00000022 x28:00000022
26966892ns          465680 1c0094d0 02e50733 mul              x14, x10, x14       x14=ffffe041 x10:ffffffd5 x14:000000bd
26966912ns          465681 1c0094d4 40a85813 srai             x16, x16, 0x40a     x16=ffffffff x16:fffffe46
26966932ns          465682 1c0094d8 03c50533 mul              x10, x10, x28       x10=fffffa4a x10:ffffffd5 x28:00000022
26966952ns          465683 1c0094dc 07015e03 lhu              x28, 112(x2)        x28=0000023e  x2:10003cd8  PA:10003d48
26966992ns          465685 1c0094e0 01b60633 add              x12, x12, x27       x12=00000de2 x12:000000bd x27:00000d25
26967012ns          465686 1c0094e2 00980833 add              x16, x16, x9        x16=0000ffc5 x16:ffffffff  x9:0000ffc6
26967032ns          465687 1c0094e4 06015d83 lhu              x27, 96(x2)         x27=0000034c  x2:10003cd8  PA:10003d38
26967052ns          465688 1c0094e8 02812483 lw               x9, 40(x2)           x9=1c002ece  x2:10003cd8  PA:10003d00
26967071ns          465689 1c0094ea 40afdf93 srai             x31, x31, 0x40a     x31=00000001 x31:00000484
26967091ns          465690 1c0094ee 40a55513 srai             x10, x10, 0x40a     x10=fffffffe x10:fffffa4a
26967111ns          465691 1c0094f0 01cf8fb3 add              x31, x31, x28       x31=0000023f x31:00000001 x28:0000023e
26967131ns          465692 1c0094f2 00b50533 add              x10, x10, x11       x10=0000ff02 x10:fffffffe x11:0000ff04
26967151ns          465693 1c0094f4 09015e03 lhu              x28, 144(x2)        x28=0000ff5b  x2:10003cd8  PA:10003d68
26967171ns          465694 1c0094f8 03012583 lw               x11, 48(x2)         x11=1c002ede  x2:10003cd8  PA:10003d08
26967191ns          465695 1c0094fa 00c49023 sh               x12, 0(x9)          x12:00000de2  x9:1c002ece  PA:1c002ece
26967549ns          465713 1c0094fe 01b888b3 add              x17, x17, x27       x17=00000352 x17:00000006 x27:0000034c
26967569ns          465714 1c009500 01a30333 add              x6, x6, x26          x6=000005b0  x6:00000022 x26:0000058e
26967589ns          465715 1c009502 08015d83 lhu              x27, 128(x2)        x27=0000019f  x2:10003cd8  PA:10003d58
26967608ns          465716 1c009506 0000d903 lhu              x18, 0(x1)          x18=0000fe66  x1:1c002e8e  PA:1c002e8e
26967907ns          465731 1c00950a 01c686b3 add              x13, x13, x28       x13=0001ff4e x13:0000fff3 x28:0000ff5b
26967927ns          465732 1c00950c 00659023 sh               x6, 0(x11)           x6:000005b0 x11:1c002ede  PA:1c002ede
26968245ns          465748 1c009510 40af5f13 srai             x30, x30, 0x40a     x30=00000000 x30:000000cc
26968265ns          465749 1c009514 04812e03 lw               x28, 72(x2)         x28=1c002f0e  x2:10003cd8  PA:10003d20
26968285ns          465750 1c009516 01bf0f33 add              x30, x30, x27       x30=0000019f x30:00000000 x27:0000019f
26968305ns          465751 1c009518 40aede93 srai             x29, x29, 0x40a     x29=fffffffd x29:fffff667
26968324ns          465752 1c00951c 40a75713 srai             x14, x14, 0x40a     x14=fffffff8 x14:ffffe041
26968344ns          465753 1c00951e 03812603 lw               x12, 56(x2)         x12=1c002eee  x2:10003cd8  PA:10003d10
26968364ns          465754 1c009520 04012d83 lw               x27, 64(x2)         x27=1c002efe  x2:10003cd8  PA:10003d18
26968384ns          465755 1c009522 01ee1023 sh               x30, 0(x28)         x30:0000019f x28:1c002f0e  PA:1c002f0e
26968722ns          465772 1c009526 05812483 lw               x9, 88(x2)           x9=1c002e6e  x2:10003cd8  PA:10003d30
26968742ns          465773 1c009528 05012f03 lw               x30, 80(x2)         x30=1c002e7e  x2:10003cd8  PA:10003d28
26968762ns          465774 1c00952a 0a012583 lw               x11, 160(x2)        x11=1c002e9e  x2:10003cd8  PA:10003d78
26968782ns          465775 1c00952c 014787b3 add              x15, x15, x20       x15=0001fc93 x15:0000ffd5 x20:0000fcbe
26968802ns          465776 1c00952e 013e8eb3 add              x29, x29, x19       x29=0000ffa4 x29:fffffffd x19:0000ffa7
26968822ns          465777 1c009530 01270733 add              x14, x14, x18       x14=0000fe5e x14:fffffff8 x18:0000fe66
26968841ns          465778 1c009532 00f49023 sh               x15, 0(x9)          x15:0001fc93  x9:1c002e6e  PA:1c002e6e
26969180ns          465795 1c009536 01161023 sh               x17, 0(x12)         x17:00000352 x12:1c002eee  PA:1c002eee
26969498ns          465811 1c00953a 01fd9023 sh               x31, 0(x27)         x31:0000023f x27:1c002efe  PA:1c002efe
26969816ns          465827 1c00953e 00df1023 sh               x13, 0(x30)         x13:0001ff4e x30:1c002e7e  PA:1c002e7e
26970154ns          465844 1c009542 01d59023 sh               x29, 0(x11)         x29:0000ffa4 x11:1c002e9e  PA:1c002e9e
26970472ns          465860 1c009546 00e09023 sh               x14, 0(x1)          x14:0000fe5e  x1:1c002e8e  PA:1c002e8e
26970791ns          465876 1c00954a 01039023 sh               x16, 0(x7)          x16:0000ffc5  x7:1c002ebe  PA:1c002ebe
26971109ns          465892 1c00954e 00a29023 sh               x10, 0(x5)          x10:0000ff02  x5:1c002eae  PA:1c002eae
26971427ns          465908 1c009552 008b0b13 addi             x22, x22, 8         x22=000000af x22:000000a7
26971447ns          465909 1c009554 1f300793 addi             x15, x0, 499        x15=000001f3
26971467ns          465910 1c009558 e767dae3 bge              x15, x22, -396      x15:000001f3 x22:000000af
26971526ns          465913 1c0093cc 010c9a0b p.lh             x20, 16(x25!)       x20=000000ca x25=1c0027f6 x25:1c0027e6  PA:1c0027e6
26971845ns          465929 1c0093d0 0104198b p.lh             x19, 16(x8!)        x19=ffffff9f  x8=1c001fbe  x8:1c001fae  PA:1c001fae
26972143ns          465944 1c0093d4 2cc10513 addi             x10, x2, 716        x10=10003fa4  x2:10003cd8
26972163ns          465945 1c0093d6 010a990b p.lh             x18, 16(x21!)       x18=000000c9 x21=1c0017ea x21:1c0017da  PA:1c0017da
26972461ns          465960 1c0093da 010b948b p.lh             x9, 16(x23!)         x9=ffffff87 x23=1c00101a x23:1c00100a  PA:1c00100a
26972759ns          465975 1c0093de 2d411623 sh               x20, 716(x2)        x20:000000ca  x2:10003cd8  PA:10003fa4
26972779ns          465976 1c0093e2 2d311723 sh               x19, 718(x2)        x19:ffffff9f  x2:10003cd8  PA:10003fa6
26972799ns          465977 1c0093e6 c33ff0ef jal              x1, -974             x1=1c0093e8
26972879ns          465981 1c009018 00051803 lh               x16, 0(x10)         x16=000000ca x10:10003fa4  PA:10003fa4
26972919ns          465983 1c00901c 00251883 lh               x17, 2(x10)         x17=ffffff9f x10:10003fa4  PA:10003fa6
26972938ns          465984 1c009020 030806b3 mul              x13, x16, x16       x13=00009f64 x16:000000ca x16:000000ca
26972958ns          465985 1c009024 03188633 mul              x12, x17, x17       x12=000024c1 x17:ffffff9f x17:ffffff9f
26972978ns          465986 1c009028 40a65613 srai             x12, x12, 0x40a     x12=00000009 x12:000024c1
26972998ns          465987 1c00902a 40a6d693 srai             x13, x13, 0x40a     x13=00000027 x13:00009f64
26973018ns          465988 1c00902c 00c686b3 add              x13, x13, x12       x13=00000030 x13:00000027 x12:00000009
26973038ns          465989 1c00902e 1006c633 p.exths          x12, x13, x0        x12=00000030 x13:00000030
26973058ns          465990 1c009032 00855703 lhu              x14, 8(x10)         x14=0000ffd1 x10:10003fa4  PA:10003fac
26973078ns          465991 1c009036 00a55683 lhu              x13, 10(x10)        x13=0000ff6a x10:10003fa4  PA:10003fae
26973098ns          465992 1c00903a 02c60333 mul              x6, x12, x12         x6=00000900 x12:00000030 x12:00000030
26973137ns          465994 1c00903e 00c55783 lhu              x15, 12(x10)        x15=0000ffe5 x10:10003fa4  PA:10003fb0
26973177ns          465996 1c009042 00e55583 lhu              x11, 14(x10)        x11=00000060 x10:10003fa4  PA:10003fb2
26973197ns          465997 1c009046 dea30333 p.extract        x6, x6, 15, 10       x6=00000002  x6:00000900
26973217ns          465998 1c00904a 80c7075b p.muls           x14, x14, x12       x14=fffff730 x14:0000ffd1 x12:00000030
26973237ns          465999 1c00904e 80c686db p.muls           x13, x13, x12       x13=ffffe3e0 x13:0000ff6a x12:00000030
26973257ns          466000 1c009052 00455e83 lhu              x29, 4(x10)         x29=00000427 x10:10003fa4  PA:10003fa8
26973277ns          466001 1c009056 00655e03 lhu              x28, 6(x10)         x28=0000007f x10:10003fa4  PA:10003faa
26973296ns          466002 1c00905a 40a75713 srai             x14, x14, 0x40a     x14=fffffffd x14:fffff730
26973316ns          466003 1c00905c 806787db p.muls           x15, x15, x6        x15=ffffffca x15:0000ffe5  x6:00000002
26973336ns          466004 1c009060 40a6d693 srai             x13, x13, 0x40a     x13=fffffff8 x13:ffffe3e0
26973356ns          466005 1c009062 8065865b p.muls           x12, x11, x6        x12=000000c0 x11:00000060  x6:00000002
26973376ns          466006 1c009066 40a7d793 srai             x15, x15, 0x40a     x15=ffffffff x15:ffffffca
26973396ns          466007 1c009068 40a65613 srai             x12, x12, 0x40a     x12=00000000 x12:000000c0
26973416ns          466008 1c00906a 01d70733 add              x14, x14, x29       x14=00000424 x14:fffffffd x29:00000427
26973436ns          466009 1c00906c 01c686b3 add              x13, x13, x28       x13=00000077 x13:fffffff8 x28:0000007f
26973456ns          466010 1c00906e 00c686b3 add              x13, x13, x12       x13=00000077 x13:00000077 x12:00000000
26973475ns          466011 1c009070 00f70733 add              x14, x14, x15       x14=00000423 x14:00000424 x15:ffffffff
26973495ns          466012 1c009072 100747b3 p.exths          x15, x14, x0        x15=00000423 x14:00000423
26973515ns          466013 1c009076 1006c733 p.exths          x14, x13, x0        x14=00000077 x13:00000077
26973535ns          466014 1c00907a 03170633 mul              x12, x14, x17       x12=ffffd2e9 x14:00000077 x17:ffffff9f
26973555ns          466015 1c00907e 030786b3 mul              x13, x15, x16       x13=0003439e x15:00000423 x16:000000ca
26973575ns          466016 1c009082 03070733 mul              x14, x14, x16       x14=00005de6 x14:00000077 x16:000000ca
26973595ns          466017 1c009086 031787b3 mul              x15, x15, x17       x15=fffe6ebd x15:00000423 x17:ffffff9f
26973615ns          466018 1c00908a 40a6d693 srai             x13, x13, 0x40a     x13=000000d0 x13:0003439e
26973634ns          466019 1c00908c 40a65613 srai             x12, x12, 0x40a     x12=fffffff4 x12:ffffd2e9
26973654ns          466020 1c00908e 40a7d793 srai             x15, x15, 0x40a     x15=ffffff9b x15:fffe6ebd
26973674ns          466021 1c009090 40a75713 srai             x14, x14, 0x40a     x14=00000017 x14:00005de6
26973694ns          466022 1c009092 40c686b3 sub              x13, x13, x12       x13=000000dc x13:000000d0 x12:fffffff4
26973714ns          466023 1c009094 00e787b3 add              x15, x15, x14       x15=ffffffb2 x15:ffffff9b x14:00000017
26973734ns          466024 1c009096 00d51823 sh               x13, 16(x10)        x13:000000dc x10:10003fa4  PA:10003fb4
26973754ns          466025 1c00909a 00f51923 sh               x15, 18(x10)        x15:ffffffb2 x10:10003fa4  PA:10003fb6
26973774ns          466026 1c00909e 00008067 jalr             x0, x1, 0            x1:1c0093e8
26973833ns          466029 1c0093e8 2dc15583 lhu              x11, 732(x2)        x11=000000dc  x2:10003cd8  PA:10003fb4
26973853ns          466030 1c0093ec 2de15783 lhu              x15, 734(x2)        x15=0000ffb2  x2:10003cd8  PA:10003fb6
26973873ns          466031 1c0093f0 40b90933 sub              x18, x18, x11       x18=ffffffed x18:000000c9 x11:000000dc
26973893ns          466032 1c0093f4 40f484b3 sub              x9, x9, x15          x9=fffeffd5  x9:ffffff87 x15:0000ffb2
26973913ns          466033 1c0093f6 100945b3 p.exths          x11, x18, x0        x11=ffffffed x18:ffffffed
26973933ns          466034 1c0093fa 1004c7b3 p.exths          x15, x9, x0         x15=ffffffd5  x9:fffeffd5
26973953ns          466035 1c0093fe 034586b3 mul              x13, x11, x20       x13=fffff102 x11:ffffffed x20:000000ca
26973973ns          466036 1c009402 03378533 mul              x10, x15, x19       x10=0000104b x15:ffffffd5 x19:ffffff9f
26973992ns          466037 1c009406 034a0633 mul              x12, x20, x20       x12=00009f64 x20:000000ca x20:000000ca
26974012ns          466038 1c00940a 03398733 mul              x14, x19, x19       x14=000024c1 x19:ffffff9f x19:ffffff9f
26974072ns          466041 1c00940e 034787b3 mul              x15, x15, x20       x15=ffffde12 x15:ffffffd5 x20:000000ca
26974112ns          466043 1c009412 033585b3 mul              x11, x11, x19       x11=00000733 x11:ffffffed x19:ffffff9f
26974132ns          466044 1c009416 40a75713 srai             x14, x14, 0x40a     x14=00000009 x14:000024c1
26974152ns          466045 1c009418 40a5d593 srai             x11, x11, 0x40a     x11=00000001 x11:00000733
26974171ns          466046 1c00941a 40a65613 srai             x12, x12, 0x40a     x12=00000027 x12:00009f64
26974191ns          466047 1c00941c 40a7d793 srai             x15, x15, 0x40a     x15=fffffff7 x15:ffffde12
26974211ns          466048 1c00941e 1c0034b7 lui              x9, 0x1c003000       x9=1c003000
26974231ns          466049 1c009422 00e60633 add              x12, x12, x14       x12=00000030 x12:00000027 x14:00000009
26974251ns          466050 1c009424 40b787b3 sub              x15, x15, x11       x15=fffffff6 x15:fffffff7 x11:00000001
26974271ns          466051 1c009426 eb048493 addi             x9, x9, -336         x9=1c002eb0  x9:1c003000
26974291ns          466052 1c00942a 1c0032b7 lui              x5, 0x1c003000       x5=1c003000
26974311ns          466053 1c00942e 1c0035b7 lui              x11, 0x1c003000     x11=1c003000
26974331ns          466054 1c009432 018483b3 add              x7, x9, x24          x7=1c002ebe  x9:1c002eb0 x24:0000000e
26974350ns          466055 1c009436 02812e83 lw               x29, 40(x2)         x29=1c002ece  x2:10003cd8  PA:10003d00
26974370ns          466056 1c009438 10065633 p.exthz          x12, x12, x0        x12=00000030 x12:00000030
26974390ns          466057 1c00943c e8028293 addi             x5, x5, -384         x5=1c002e80  x5:1c003000
26974410ns          466058 1c009440 ea058593 addi             x11, x11, -352      x11=1c002ea0 x11:1c003000
26974430ns          466059 1c009444 03812483 lw               x9, 56(x2)           x9=1c002eee  x2:10003cd8  PA:10003d10
26974450ns          466060 1c009446 10064733 p.exths          x14, x12, x0        x14=00000030 x12:00000030
26974470ns          466061 1c00944a 018280b3 add              x1, x5, x24          x1=1c002e8e  x5:1c002e80 x24:0000000e
26974490ns          466062 1c00944e 03012f03 lw               x30, 48(x2)         x30=1c002ede  x2:10003cd8  PA:10003d08
26974510ns          466063 1c009450 018582b3 add              x5, x11, x24         x5=1c002eae x11:1c002ea0 x24:0000000e
26974529ns          466064 1c009454 04012583 lw               x11, 64(x2)         x11=1c002efe  x2:10003cd8  PA:10003d18
26974549ns          466065 1c009456 000edd83 lhu              x27, 0(x29)         x27=00000de2 x29:1c002ece  PA:1c002ece
26974848ns          466080 1c00945a 0004d483 lhu              x9, 0(x9)            x9=00000352  x9:1c002eee  PA:1c002eee
26975146ns          466095 1c00945e 02e70333 mul              x6, x14, x14         x6=00000900 x14:00000030 x14:00000030
26975166ns          466096 1c009462 40a55513 srai             x10, x10, 0x40a     x10=00000004 x10:0000104b
26975186ns          466097 1c009464 04812e83 lw               x29, 72(x2)         x29=1c002f0e  x2:10003cd8  PA:10003d20
26975206ns          466098 1c009466 40a6d693 srai             x13, x13, 0x40a     x13=fffffffc x13:fffff102
26975226ns          466099 1c009468 000f5d03 lhu              x26, 0(x30)         x26=000005b0 x30:1c002ede  PA:1c002ede
26975544ns          466115 1c00946c 0005d583 lhu              x11, 0(x11)         x11=0000023f x11:1c002efe  PA:1c002efe
26975842ns          466130 1c009470 40a35313 srai             x6, x6, 0x40a        x6=00000002  x6:00000900
26975862ns          466131 1c009474 00a686b3 add              x13, x13, x10       x13=00000000 x13:fffffffc x10:00000004
26975882ns          466132 1c009476 05012f03 lw               x30, 80(x2)         x30=1c002e7e  x2:10003cd8  PA:10003d28
26975902ns          466133 1c009478 10034e33 p.exths          x28, x6, x0         x28=00000002  x6:00000002
26975922ns          466134 1c00947c 06911023 sh               x9, 96(x2)           x9:00000352  x2:10003cd8  PA:10003d38
26975942ns          466135 1c009480 000ede83 lhu              x29, 0(x29)         x29=0000019f x29:1c002f0e  PA:1c002f0e
26976240ns          466150 1c009484 05812483 lw               x9, 88(x2)           x9=1c002e6e  x2:10003cd8  PA:10003d30
26976260ns          466151 1c009486 1006d6b3 p.exthz          x13, x13, x0        x13=00000000 x13:00000000
26976280ns          466152 1c00948a 02ee08b3 mul              x17, x28, x14       x17=00000060 x28:00000002 x14:00000030
26976299ns          466153 1c00948e 1006c833 p.exths          x16, x13, x0        x16=00000000 x13:00000000
26976319ns          466154 1c009492 06b11823 sh               x11, 112(x2)        x11:0000023f  x2:10003cd8  PA:10003d48
26976339ns          466155 1c009496 000f5f03 lhu              x30, 0(x30)         x30=0000ff4e x30:1c002e7e  PA:1c002e7e
26976657ns          466171 1c00949a 0a012583 lw               x11, 160(x2)        x11=1c002e9e  x2:10003cd8  PA:10003d78
26976677ns          466172 1c00949c 1007d7b3 p.exthz          x15, x15, x0        x15=0000fff6 x15:fffffff6
26976697ns          466173 1c0094a0 0004da03 lhu              x20, 0(x9)          x20=0000fc93  x9:1c002e6e  PA:1c002e6e
26977035ns          466190 1c0094a4 1007c533 p.exths          x10, x15, x0        x10=fffffff6 x15:0000fff6
26977055ns          466191 1c0094a8 09d11023 sh               x29, 128(x2)        x29:0000019f  x2:10003cd8  PA:10003d58
26977075ns          466192 1c0094ac 0003d483 lhu              x9, 0(x7)            x9=0000ffc5  x7:1c002ebe  PA:1c002ebe
26977373ns          466207 1c0094b0 02e80eb3 mul              x29, x16, x14       x29=00000000 x16:00000000 x14:00000030
26977393ns          466208 1c0094b4 40a8d893 srai             x17, x17, 0x40a     x17=00000000 x17:00000060
26977413ns          466209 1c0094b8 03c80833 mul              x16, x16, x28       x16=00000000 x16:00000000 x28:00000002
26977433ns          466210 1c0094bc 09e11823 sh               x30, 144(x2)        x30:0000ff4e  x2:10003cd8  PA:10003d68
26977453ns          466211 1c0094c0 0005d983 lhu              x19, 0(x11)         x19=0000ffa4 x11:1c002e9e  PA:1c002e9e
26977751ns          466226 1c0094c4 81c88f5b p.muls           x30, x17, x28       x30=00000000 x17:00000000 x28:00000002
26977771ns          466227 1c0094c8 0002d583 lhu              x11, 0(x5)          x11=0000ff02  x5:1c002eae  PA:1c002eae
26978129ns          466245 1c0094cc 03ce0fb3 mul              x31, x28, x28       x31=00000004 x28:00000002 x28:00000002
26978149ns          466246 1c0094d0 02e50733 mul              x14, x10, x14       x14=fffffe20 x10:fffffff6 x14:00000030
26978169ns          466247 1c0094d4 40a85813 srai             x16, x16, 0x40a     x16=00000000 x16:00000000
26978189ns          466248 1c0094d8 03c50533 mul              x10, x10, x28       x10=ffffffec x10:fffffff6 x28:00000002
26978209ns          466249 1c0094dc 07015e03 lhu              x28, 112(x2)        x28=0000023f  x2:10003cd8  PA:10003d48
26978249ns          466251 1c0094e0 01b60633 add              x12, x12, x27       x12=00000e12 x12:00000030 x27:00000de2
26978268ns          466252 1c0094e2 00980833 add              x16, x16, x9        x16=0000ffc5 x16:00000000  x9:0000ffc5
26978288ns          466253 1c0094e4 06015d83 lhu              x27, 96(x2)         x27=00000352  x2:10003cd8  PA:10003d38
26978308ns          466254 1c0094e8 02812483 lw               x9, 40(x2)           x9=1c002ece  x2:10003cd8  PA:10003d00
26978328ns          466255 1c0094ea 40afdf93 srai             x31, x31, 0x40a     x31=00000000 x31:00000004
26978348ns          466256 1c0094ee 40a55513 srai             x10, x10, 0x40a     x10=ffffffff x10:ffffffec
26978368ns          466257 1c0094f0 01cf8fb3 add              x31, x31, x28       x31=0000023f x31:00000000 x28:0000023f
26978388ns          466258 1c0094f2 00b50533 add              x10, x10, x11       x10=0000ff01 x10:ffffffff x11:0000ff02
26978408ns          466259 1c0094f4 09015e03 lhu              x28, 144(x2)        x28=0000ff4e  x2:10003cd8  PA:10003d68
26978428ns          466260 1c0094f8 03012583 lw               x11, 48(x2)         x11=1c002ede  x2:10003cd8  PA:10003d08
26978447ns          466261 1c0094fa 00c49023 sh               x12, 0(x9)          x12:00000e12  x9:1c002ece  PA:1c002ece
26978766ns          466277 1c0094fe 01b888b3 add              x17, x17, x27       x17=00000352 x17:00000000 x27:00000352
26978785ns          466278 1c009500 01a30333 add              x6, x6, x26          x6=000005b2  x6:00000002 x26:000005b0
26978805ns          466279 1c009502 08015d83 lhu              x27, 128(x2)        x27=0000019f  x2:10003cd8  PA:10003d58
26978825ns          466280 1c009506 0000d903 lhu              x18, 0(x1)          x18=0000fe5e  x1:1c002e8e  PA:1c002e8e
26979124ns          466295 1c00950a 01c686b3 add              x13, x13, x28       x13=0000ff4e x13:00000000 x28:0000ff4e
26979143ns          466296 1c00950c 00659023 sh               x6, 0(x11)           x6:000005b2 x11:1c002ede  PA:1c002ede
26979482ns          466313 1c009510 40af5f13 srai             x30, x30, 0x40a     x30=00000000 x30:00000000
26979501ns          466314 1c009514 04812e03 lw               x28, 72(x2)         x28=1c002f0e  x2:10003cd8  PA:10003d20
26979521ns          466315 1c009516 01bf0f33 add              x30, x30, x27       x30=0000019f x30:00000000 x27:0000019f
26979541ns          466316 1c009518 40aede93 srai             x29, x29, 0x40a     x29=00000000 x29:00000000
26979561ns          466317 1c00951c 40a75713 srai             x14, x14, 0x40a     x14=ffffffff x14:fffffe20
26979581ns          466318 1c00951e 03812603 lw               x12, 56(x2)         x12=1c002eee  x2:10003cd8  PA:10003d10
26979601ns          466319 1c009520 04012d83 lw               x27, 64(x2)         x27=1c002efe  x2:10003cd8  PA:10003d18
26979621ns          466320 1c009522 01ee1023 sh               x30, 0(x28)         x30:0000019f x28:1c002f0e  PA:1c002f0e
26979939ns          466336 1c009526 05812483 lw               x9, 88(x2)           x9=1c002e6e  x2:10003cd8  PA:10003d30
26979959ns          466337 1c009528 05012f03 lw               x30, 80(x2)         x30=1c002e7e  x2:10003cd8  PA:10003d28
26979979ns          466338 1c00952a 0a012583 lw               x11, 160(x2)        x11=1c002e9e  x2:10003cd8  PA:10003d78
26979999ns          466339 1c00952c 014787b3 add              x15, x15, x20       x15=0001fc89 x15:0000fff6 x20:0000fc93
26980019ns          466340 1c00952e 013e8eb3 add              x29, x29, x19       x29=0000ffa4 x29:00000000 x19:0000ffa4
26980038ns          466341 1c009530 01270733 add              x14, x14, x18       x14=0000fe5d x14:ffffffff x18:0000fe5e
26980058ns          466342 1c009532 00f49023 sh               x15, 0(x9)          x15:0001fc89  x9:1c002e6e  PA:1c002e6e
26980377ns          466358 1c009536 01161023 sh               x17, 0(x12)         x17:00000352 x12:1c002eee  PA:1c002eee
26980695ns          466374 1c00953a 01fd9023 sh               x31, 0(x27)         x31:0000023f x27:1c002efe  PA:1c002efe
26981013ns          466390 1c00953e 00df1023 sh               x13, 0(x30)         x13:0000ff4e x30:1c002e7e  PA:1c002e7e
26981331ns          466406 1c009542 01d59023 sh               x29, 0(x11)         x29:0000ffa4 x11:1c002e9e  PA:1c002e9e
26981649ns          466422 1c009546 00e09023 sh               x14, 0(x1)          x14:0000fe5d  x1:1c002e8e  PA:1c002e8e
26981968ns          466438 1c00954a 01039023 sh               x16, 0(x7)          x16:0000ffc5  x7:1c002ebe  PA:1c002ebe
26982306ns          466455 1c00954e 00a29023 sh               x10, 0(x5)          x10:0000ff01  x5:1c002eae  PA:1c002eae
26982644ns          466472 1c009552 008b0b13 addi             x22, x22, 8         x22=000000b7 x22:000000af
26982664ns          466473 1c009554 1f300793 addi             x15, x0, 499        x15=000001f3
26982684ns          466474 1c009558 e767dae3 bge              x15, x22, -396      x15:000001f3 x22:000000b7
26982783ns          466479 1c0093cc 010c9a0b p.lh             x20, 16(x25!)       x20=00000041 x25=1c002806 x25:1c0027f6  PA:1c0027f6
26983101ns          466495 1c0093d0 0104198b p.lh             x19, 16(x8!)        x19=00000061  x8=1c001fce  x8:1c001fbe  PA:1c001fbe
26983419ns          466511 1c0093d4 2cc10513 addi             x10, x2, 716        x10=10003fa4  x2:10003cd8
26983439ns          466512 1c0093d6 010a990b p.lh             x18, 16(x21!)       x18=00000049 x21=1c0017fa x21:1c0017ea  PA:1c0017ea
26983738ns          466527 1c0093da 010b948b p.lh             x9, 16(x23!)         x9=00000060 x23=1c00102a x23:1c00101a  PA:1c00101a
26984036ns          466542 1c0093de 2d411623 sh               x20, 716(x2)        x20:00000041  x2:10003cd8  PA:10003fa4
26984056ns          466543 1c0093e2 2d311723 sh               x19, 718(x2)        x19:00000061  x2:10003cd8  PA:10003fa6
26984076ns          466544 1c0093e6 c33ff0ef jal              x1, -974             x1=1c0093e8
26984155ns          466548 1c009018 00051803 lh               x16, 0(x10)         x16=00000041 x10:10003fa4  PA:10003fa4
26984195ns          466550 1c00901c 00251883 lh               x17, 2(x10)         x17=00000061 x10:10003fa4  PA:10003fa6
26984255ns          466553 1c009020 030806b3 mul              x13, x16, x16       x13=00001081 x16:00000041 x16:00000041
26984294ns          466555 1c009024 03188633 mul              x12, x17, x17       x12=000024c1 x17:00000061 x17:00000061
26984314ns          466556 1c009028 40a65613 srai             x12, x12, 0x40a     x12=00000009 x12:000024c1
26984334ns          466557 1c00902a 40a6d693 srai             x13, x13, 0x40a     x13=00000004 x13:00001081
26984354ns          466558 1c00902c 00c686b3 add              x13, x13, x12       x13=0000000d x13:00000004 x12:00000009
26984374ns          466559 1c00902e 1006c633 p.exths          x12, x13, x0        x12=0000000d x13:0000000d
26984394ns          466560 1c009032 00855703 lhu              x14, 8(x10)         x14=0000ffd1 x10:10003fa4  PA:10003fac
26984414ns          466561 1c009036 00a55683 lhu              x13, 10(x10)        x13=0000ff6a x10:10003fa4  PA:10003fae
26984434ns          466562 1c00903a 02c60333 mul              x6, x12, x12         x6=000000a9 x12:0000000d x12:0000000d
26984454ns          466563 1c00903e 00c55783 lhu              x15, 12(x10)        x15=0000ffe5 x10:10003fa4  PA:10003fb0
26984473ns          466564 1c009042 00e55583 lhu              x11, 14(x10)        x11=00000060 x10:10003fa4  PA:10003fb2
26984493ns          466565 1c009046 dea30333 p.extract        x6, x6, 15, 10       x6=00000000  x6:000000a9
26984513ns          466566 1c00904a 80c7075b p.muls           x14, x14, x12       x14=fffffd9d x14:0000ffd1 x12:0000000d
26984533ns          466567 1c00904e 80c686db p.muls           x13, x13, x12       x13=fffff862 x13:0000ff6a x12:0000000d
26984553ns          466568 1c009052 00455e83 lhu              x29, 4(x10)         x29=00000427 x10:10003fa4  PA:10003fa8
26984573ns          466569 1c009056 00655e03 lhu              x28, 6(x10)         x28=0000007f x10:10003fa4  PA:10003faa
26984593ns          466570 1c00905a 40a75713 srai             x14, x14, 0x40a     x14=ffffffff x14:fffffd9d
26984613ns          466571 1c00905c 806787db p.muls           x15, x15, x6        x15=00000000 x15:0000ffe5  x6:00000000
26984633ns          466572 1c009060 40a6d693 srai             x13, x13, 0x40a     x13=fffffffe x13:fffff862
26984672ns          466574 1c009062 8065865b p.muls           x12, x11, x6        x12=00000000 x11:00000060  x6:00000000
26984692ns          466575 1c009066 40a7d793 srai             x15, x15, 0x40a     x15=00000000 x15:00000000
26984712ns          466576 1c009068 40a65613 srai             x12, x12, 0x40a     x12=00000000 x12:00000000
26984732ns          466577 1c00906a 01d70733 add              x14, x14, x29       x14=00000426 x14:ffffffff x29:00000427
26984752ns          466578 1c00906c 01c686b3 add              x13, x13, x28       x13=0000007d x13:fffffffe x28:0000007f
26984772ns          466579 1c00906e 00c686b3 add              x13, x13, x12       x13=0000007d x13:0000007d x12:00000000
26984792ns          466580 1c009070 00f70733 add              x14, x14, x15       x14=00000426 x14:00000426 x15:00000000
26984812ns          466581 1c009072 100747b3 p.exths          x15, x14, x0        x15=00000426 x14:00000426
26984831ns          466582 1c009076 1006c733 p.exths          x14, x13, x0        x14=0000007d x13:0000007d
26984851ns          466583 1c00907a 03170633 mul              x12, x14, x17       x12=00002f5d x14:0000007d x17:00000061
26984871ns          466584 1c00907e 030786b3 mul              x13, x15, x16       x13=00010da6 x15:00000426 x16:00000041
26984891ns          466585 1c009082 03070733 mul              x14, x14, x16       x14=00001fbd x14:0000007d x16:00000041
26984911ns          466586 1c009086 031787b3 mul              x15, x15, x17       x15=00019266 x15:00000426 x17:00000061
26984931ns          466587 1c00908a 40a6d693 srai             x13, x13, 0x40a     x13=00000043 x13:00010da6
26984951ns          466588 1c00908c 40a65613 srai             x12, x12, 0x40a     x12=0000000b x12:00002f5d
26984971ns          466589 1c00908e 40a7d793 srai             x15, x15, 0x40a     x15=00000064 x15:00019266
26984991ns          466590 1c009090 40a75713 srai             x14, x14, 0x40a     x14=00000007 x14:00001fbd
26985010ns          466591 1c009092 40c686b3 sub              x13, x13, x12       x13=00000038 x13:00000043 x12:0000000b
26985030ns          466592 1c009094 00e787b3 add              x15, x15, x14       x15=0000006b x15:00000064 x14:00000007
26985050ns          466593 1c009096 00d51823 sh               x13, 16(x10)        x13:00000038 x10:10003fa4  PA:10003fb4
26985070ns          466594 1c00909a 00f51923 sh               x15, 18(x10)        x15:0000006b x10:10003fa4  PA:10003fb6
26985090ns          466595 1c00909e 00008067 jalr             x0, x1, 0            x1:1c0093e8
26985170ns          466599 1c0093e8 2dc15583 lhu              x11, 732(x2)        x11=00000038  x2:10003cd8  PA:10003fb4
26985209ns          466601 1c0093ec 2de15783 lhu              x15, 734(x2)        x15=0000006b  x2:10003cd8  PA:10003fb6
26985229ns          466602 1c0093f0 40b90933 sub              x18, x18, x11       x18=00000011 x18:00000049 x11:00000038
26985249ns          466603 1c0093f4 40f484b3 sub              x9, x9, x15          x9=fffffff5  x9:00000060 x15:0000006b
26985269ns          466604 1c0093f6 100945b3 p.exths          x11, x18, x0        x11=00000011 x18:00000011
26985289ns          466605 1c0093fa 1004c7b3 p.exths          x15, x9, x0         x15=fffffff5  x9:fffffff5
26985309ns          466606 1c0093fe 034586b3 mul              x13, x11, x20       x13=00000451 x11:00000011 x20:00000041
26985329ns          466607 1c009402 03378533 mul              x10, x15, x19       x10=fffffbd5 x15:fffffff5 x19:00000061
26985349ns          466608 1c009406 034a0633 mul              x12, x20, x20       x12=00001081 x20:00000041 x20:00000041
26985368ns          466609 1c00940a 03398733 mul              x14, x19, x19       x14=000024c1 x19:00000061 x19:00000061
26985428ns          466612 1c00940e 034787b3 mul              x15, x15, x20       x15=fffffd35 x15:fffffff5 x20:00000041
26985468ns          466614 1c009412 033585b3 mul              x11, x11, x19       x11=00000671 x11:00000011 x19:00000061
26985488ns          466615 1c009416 40a75713 srai             x14, x14, 0x40a     x14=00000009 x14:000024c1
26985508ns          466616 1c009418 40a5d593 srai             x11, x11, 0x40a     x11=00000001 x11:00000671
26985528ns          466617 1c00941a 40a65613 srai             x12, x12, 0x40a     x12=00000004 x12:00001081
26985547ns          466618 1c00941c 40a7d793 srai             x15, x15, 0x40a     x15=ffffffff x15:fffffd35
26985567ns          466619 1c00941e 1c0034b7 lui              x9, 0x1c003000       x9=1c003000
26985587ns          466620 1c009422 00e60633 add              x12, x12, x14       x12=0000000d x12:00000004 x14:00000009
26985607ns          466621 1c009424 40b787b3 sub              x15, x15, x11       x15=fffffffe x15:ffffffff x11:00000001
26985627ns          466622 1c009426 eb048493 addi             x9, x9, -336         x9=1c002eb0  x9:1c003000
26985647ns          466623 1c00942a 1c0032b7 lui              x5, 0x1c003000       x5=1c003000
26985667ns          466624 1c00942e 1c0035b7 lui              x11, 0x1c003000     x11=1c003000
26985687ns          466625 1c009432 018483b3 add              x7, x9, x24          x7=1c002ebe  x9:1c002eb0 x24:0000000e
26985707ns          466626 1c009436 02812e83 lw               x29, 40(x2)         x29=1c002ece  x2:10003cd8  PA:10003d00
26985726ns          466627 1c009438 10065633 p.exthz          x12, x12, x0        x12=0000000d x12:0000000d
26985746ns          466628 1c00943c e8028293 addi             x5, x5, -384         x5=1c002e80  x5:1c003000
26985766ns          466629 1c009440 ea058593 addi             x11, x11, -352      x11=1c002ea0 x11:1c003000
26985786ns          466630 1c009444 03812483 lw               x9, 56(x2)           x9=1c002eee  x2:10003cd8  PA:10003d10
26985806ns          466631 1c009446 10064733 p.exths          x14, x12, x0        x14=0000000d x12:0000000d
26985826ns          466632 1c00944a 018280b3 add              x1, x5, x24          x1=1c002e8e  x5:1c002e80 x24:0000000e
26985846ns          466633 1c00944e 03012f03 lw               x30, 48(x2)         x30=1c002ede  x2:10003cd8  PA:10003d08
26985866ns          466634 1c009450 018582b3 add              x5, x11, x24         x5=1c002eae x11:1c002ea0 x24:0000000e
26985905ns          466636 1c009454 04012583 lw               x11, 64(x2)         x11=1c002efe  x2:10003cd8  PA:10003d18
26985925ns          466637 1c009456 000edd83 lhu              x27, 0(x29)         x27=00000e12 x29:1c002ece  PA:1c002ece
26986263ns          466654 1c00945a 0004d483 lhu              x9, 0(x9)            x9=00000352  x9:1c002eee  PA:1c002eee
26986562ns          466669 1c00945e 02e70333 mul              x6, x14, x14         x6=000000a9 x14:0000000d x14:0000000d
26986582ns          466670 1c009462 40a55513 srai             x10, x10, 0x40a     x10=fffffffe x10:fffffbd5
26986601ns          466671 1c009464 04812e83 lw               x29, 72(x2)         x29=1c002f0e  x2:10003cd8  PA:10003d20
26986621ns          466672 1c009466 40a6d693 srai             x13, x13, 0x40a     x13=00000001 x13:00000451
26986641ns          466673 1c009468 000f5d03 lhu              x26, 0(x30)         x26=000005b2 x30:1c002ede  PA:1c002ede
26986940ns          466688 1c00946c 0005d583 lhu              x11, 0(x11)         x11=0000023f x11:1c002efe  PA:1c002efe
26987238ns          466703 1c009470 40a35313 srai             x6, x6, 0x40a        x6=00000000  x6:000000a9
26987258ns          466704 1c009474 00a686b3 add              x13, x13, x10       x13=ffffffff x13:00000001 x10:fffffffe
26987278ns          466705 1c009476 05012f03 lw               x30, 80(x2)         x30=1c002e7e  x2:10003cd8  PA:10003d28
26987298ns          466706 1c009478 10034e33 p.exths          x28, x6, x0         x28=00000000  x6:00000000
26987317ns          466707 1c00947c 06911023 sh               x9, 96(x2)           x9:00000352  x2:10003cd8  PA:10003d38
26987337ns          466708 1c009480 000ede83 lhu              x29, 0(x29)         x29=0000019f x29:1c002f0e  PA:1c002f0e
26987636ns          466723 1c009484 05812483 lw               x9, 88(x2)           x9=1c002e6e  x2:10003cd8  PA:10003d30
26987656ns          466724 1c009486 1006d6b3 p.exthz          x13, x13, x0        x13=0000ffff x13:ffffffff
26987675ns          466725 1c00948a 02ee08b3 mul              x17, x28, x14       x17=00000000 x28:00000000 x14:0000000d
26987695ns          466726 1c00948e 1006c833 p.exths          x16, x13, x0        x16=ffffffff x13:0000ffff
26987715ns          466727 1c009492 06b11823 sh               x11, 112(x2)        x11:0000023f  x2:10003cd8  PA:10003d48
26987735ns          466728 1c009496 000f5f03 lhu              x30, 0(x30)         x30=0000ff4e x30:1c002e7e  PA:1c002e7e
26988093ns          466746 1c00949a 0a012583 lw               x11, 160(x2)        x11=1c002e9e  x2:10003cd8  PA:10003d78
26988113ns          466747 1c00949c 1007d7b3 p.exthz          x15, x15, x0        x15=0000fffe x15:fffffffe
26988133ns          466748 1c0094a0 0004da03 lhu              x20, 0(x9)          x20=0000fc89  x9:1c002e6e  PA:1c002e6e
26988511ns          466767 1c0094a4 1007c533 p.exths          x10, x15, x0        x10=fffffffe x15:0000fffe
26988531ns          466768 1c0094a8 09d11023 sh               x29, 128(x2)        x29:0000019f  x2:10003cd8  PA:10003d58
26988550ns          466769 1c0094ac 0003d483 lhu              x9, 0(x7)            x9=0000ffc5  x7:1c002ebe  PA:1c002ebe
26988869ns          466785 1c0094b0 02e80eb3 mul              x29, x16, x14       x29=fffffff3 x16:ffffffff x14:0000000d
26988889ns          466786 1c0094b4 40a8d893 srai             x17, x17, 0x40a     x17=00000000 x17:00000000
26988908ns          466787 1c0094b8 03c80833 mul              x16, x16, x28       x16=00000000 x16:ffffffff x28:00000000
26988928ns          466788 1c0094bc 09e11823 sh               x30, 144(x2)        x30:0000ff4e  x2:10003cd8  PA:10003d68
26988948ns          466789 1c0094c0 0005d983 lhu              x19, 0(x11)         x19=0000ffa4 x11:1c002e9e  PA:1c002e9e
26989247ns          466804 1c0094c4 81c88f5b p.muls           x30, x17, x28       x30=00000000 x17:00000000 x28:00000000
26989266ns          466805 1c0094c8 0002d583 lhu              x11, 0(x5)          x11=0000ff01  x5:1c002eae  PA:1c002eae
26989565ns          466820 1c0094cc 03ce0fb3 mul              x31, x28, x28       x31=00000000 x28:00000000 x28:00000000
26989585ns          466821 1c0094d0 02e50733 mul              x14, x10, x14       x14=ffffffe6 x10:fffffffe x14:0000000d
26989605ns          466822 1c0094d4 40a85813 srai             x16, x16, 0x40a     x16=00000000 x16:00000000
26989624ns          466823 1c0094d8 03c50533 mul              x10, x10, x28       x10=00000000 x10:fffffffe x28:00000000
26989644ns          466824 1c0094dc 07015e03 lhu              x28, 112(x2)        x28=0000023f  x2:10003cd8  PA:10003d48
26989664ns          466825 1c0094e0 01b60633 add              x12, x12, x27       x12=00000e1f x12:0000000d x27:00000e12
26989684ns          466826 1c0094e2 00980833 add              x16, x16, x9        x16=0000ffc5 x16:00000000  x9:0000ffc5
26989704ns          466827 1c0094e4 06015d83 lhu              x27, 96(x2)         x27=00000352  x2:10003cd8  PA:10003d38
26989724ns          466828 1c0094e8 02812483 lw               x9, 40(x2)           x9=1c002ece  x2:10003cd8  PA:10003d00
26989744ns          466829 1c0094ea 40afdf93 srai             x31, x31, 0x40a     x31=00000000 x31:00000000
26989764ns          466830 1c0094ee 40a55513 srai             x10, x10, 0x40a     x10=00000000 x10:00000000
26989784ns          466831 1c0094f0 01cf8fb3 add              x31, x31, x28       x31=0000023f x31:00000000 x28:0000023f
26989803ns          466832 1c0094f2 00b50533 add              x10, x10, x11       x10=0000ff01 x10:00000000 x11:0000ff01
26989823ns          466833 1c0094f4 09015e03 lhu              x28, 144(x2)        x28=0000ff4e  x2:10003cd8  PA:10003d68
26989843ns          466834 1c0094f8 03012583 lw               x11, 48(x2)         x11=1c002ede  x2:10003cd8  PA:10003d08
26989863ns          466835 1c0094fa 00c49023 sh               x12, 0(x9)          x12:00000e1f  x9:1c002ece  PA:1c002ece
26990181ns          466851 1c0094fe 01b888b3 add              x17, x17, x27       x17=00000352 x17:00000000 x27:00000352
26990201ns          466852 1c009500 01a30333 add              x6, x6, x26          x6=000005b2  x6:00000000 x26:000005b2
26990221ns          466853 1c009502 08015d83 lhu              x27, 128(x2)        x27=0000019f  x2:10003cd8  PA:10003d58
26990241ns          466854 1c009506 0000d903 lhu              x18, 0(x1)          x18=0000fe5d  x1:1c002e8e  PA:1c002e8e
26990599ns          466872 1c00950a 01c686b3 add              x13, x13, x28       x13=0001ff4d x13:0000ffff x28:0000ff4e
26990619ns          466873 1c00950c 00659023 sh               x6, 0(x11)           x6:000005b2 x11:1c002ede  PA:1c002ede
26990937ns          466889 1c009510 40af5f13 srai             x30, x30, 0x40a     x30=00000000 x30:00000000
26990957ns          466890 1c009514 04812e03 lw               x28, 72(x2)         x28=1c002f0e  x2:10003cd8  PA:10003d20
26990977ns          466891 1c009516 01bf0f33 add              x30, x30, x27       x30=0000019f x30:00000000 x27:0000019f
26990997ns          466892 1c009518 40aede93 srai             x29, x29, 0x40a     x29=ffffffff x29:fffffff3
26991017ns          466893 1c00951c 40a75713 srai             x14, x14, 0x40a     x14=ffffffff x14:ffffffe6
26991036ns          466894 1c00951e 03812603 lw               x12, 56(x2)         x12=1c002eee  x2:10003cd8  PA:10003d10
26991056ns          466895 1c009520 04012d83 lw               x27, 64(x2)         x27=1c002efe  x2:10003cd8  PA:10003d18
26991076ns          466896 1c009522 01ee1023 sh               x30, 0(x28)         x30:0000019f x28:1c002f0e  PA:1c002f0e
26991414ns          466913 1c009526 05812483 lw               x9, 88(x2)           x9=1c002e6e  x2:10003cd8  PA:10003d30
26991434ns          466914 1c009528 05012f03 lw               x30, 80(x2)         x30=1c002e7e  x2:10003cd8  PA:10003d28
26991454ns          466915 1c00952a 0a012583 lw               x11, 160(x2)        x11=1c002e9e  x2:10003cd8  PA:10003d78
26991474ns          466916 1c00952c 014787b3 add              x15, x15, x20       x15=0001fc87 x15:0000fffe x20:0000fc89
26991494ns          466917 1c00952e 013e8eb3 add              x29, x29, x19       x29=0000ffa3 x29:ffffffff x19:0000ffa4
26991514ns          466918 1c009530 01270733 add              x14, x14, x18       x14=0000fe5c x14:ffffffff x18:0000fe5d
26991534ns          466919 1c009532 00f49023 sh               x15, 0(x9)          x15:0001fc87  x9:1c002e6e  PA:1c002e6e
26991872ns          466936 1c009536 01161023 sh               x17, 0(x12)         x17:00000352 x12:1c002eee  PA:1c002eee
26992190ns          466952 1c00953a 01fd9023 sh               x31, 0(x27)         x31:0000023f x27:1c002efe  PA:1c002efe
26992508ns          466968 1c00953e 00df1023 sh               x13, 0(x30)         x13:0001ff4d x30:1c002e7e  PA:1c002e7e
26992946ns          466990 1c009542 01d59023 sh               x29, 0(x11)         x29:0000ffa3 x11:1c002e9e  PA:1c002e9e
26993264ns          467006 1c009546 00e09023 sh               x14, 0(x1)          x14:0000fe5c  x1:1c002e8e  PA:1c002e8e
26993582ns          467022 1c00954a 01039023 sh               x16, 0(x7)          x16:0000ffc5  x7:1c002ebe  PA:1c002ebe
26993980ns          467042 1c00954e 00a29023 sh               x10, 0(x5)          x10:0000ff01  x5:1c002eae  PA:1c002eae
26994298ns          467058 1c009552 008b0b13 addi             x22, x22, 8         x22=000000bf x22:000000b7
26994318ns          467059 1c009554 1f300793 addi             x15, x0, 499        x15=000001f3
26994338ns          467060 1c009558 e767dae3 bge              x15, x22, -396      x15:000001f3 x22:000000bf
26994477ns          467067 1c0093cc 010c9a0b p.lh             x20, 16(x25!)       x20=0000002b x25=1c002816 x25:1c002806  PA:1c002806
26994815ns          467084 1c0093d0 0104198b p.lh             x19, 16(x8!)        x19=000000d9  x8=1c001fde  x8:1c001fce  PA:1c001fce
26995114ns          467099 1c0093d4 2cc10513 addi             x10, x2, 716        x10=10003fa4  x2:10003cd8
26995133ns          467100 1c0093d6 010a990b p.lh             x18, 16(x21!)       x18=0000002d x21=1c00180a x21:1c0017fa  PA:1c0017fa
26995432ns          467115 1c0093da 010b948b p.lh             x9, 16(x23!)         x9=000000d5 x23=1c00103a x23:1c00102a  PA:1c00102a
26995730ns          467130 1c0093de 2d411623 sh               x20, 716(x2)        x20:0000002b  x2:10003cd8  PA:10003fa4
26995750ns          467131 1c0093e2 2d311723 sh               x19, 718(x2)        x19:000000d9  x2:10003cd8  PA:10003fa6
26995770ns          467132 1c0093e6 c33ff0ef jal              x1, -974             x1=1c0093e8
26995810ns          467134 1c009018 00051803 lh               x16, 0(x10)         x16=0000002b x10:10003fa4  PA:10003fa4
26995830ns          467135 1c00901c 00251883 lh               x17, 2(x10)         x17=000000d9 x10:10003fa4  PA:10003fa6
26995849ns          467136 1c009020 030806b3 mul              x13, x16, x16       x13=00000739 x16:0000002b x16:0000002b
26995869ns          467137 1c009024 03188633 mul              x12, x17, x17       x12=0000b7f1 x17:000000d9 x17:000000d9
26995889ns          467138 1c009028 40a65613 srai             x12, x12, 0x40a     x12=0000002d x12:0000b7f1
26995909ns          467139 1c00902a 40a6d693 srai             x13, x13, 0x40a     x13=00000001 x13:00000739
26995929ns          467140 1c00902c 00c686b3 add              x13, x13, x12       x13=0000002e x13:00000001 x12:0000002d
26995949ns          467141 1c00902e 1006c633 p.exths          x12, x13, x0        x12=0000002e x13:0000002e
26995969ns          467142 1c009032 00855703 lhu              x14, 8(x10)         x14=0000ffd1 x10:10003fa4  PA:10003fac
26995989ns          467143 1c009036 00a55683 lhu              x13, 10(x10)        x13=0000ff6a x10:10003fa4  PA:10003fae
26996008ns          467144 1c00903a 02c60333 mul              x6, x12, x12         x6=00000844 x12:0000002e x12:0000002e
26996028ns          467145 1c00903e 00c55783 lhu              x15, 12(x10)        x15=0000ffe5 x10:10003fa4  PA:10003fb0
26996048ns          467146 1c009042 00e55583 lhu              x11, 14(x10)        x11=00000060 x10:10003fa4  PA:10003fb2
26996068ns          467147 1c009046 dea30333 p.extract        x6, x6, 15, 10       x6=00000002  x6:00000844
26996088ns          467148 1c00904a 80c7075b p.muls           x14, x14, x12       x14=fffff78e x14:0000ffd1 x12:0000002e
26996108ns          467149 1c00904e 80c686db p.muls           x13, x13, x12       x13=ffffe50c x13:0000ff6a x12:0000002e
26996128ns          467150 1c009052 00455e83 lhu              x29, 4(x10)         x29=00000427 x10:10003fa4  PA:10003fa8
26996148ns          467151 1c009056 00655e03 lhu              x28, 6(x10)         x28=0000007f x10:10003fa4  PA:10003faa
26996168ns          467152 1c00905a 40a75713 srai             x14, x14, 0x40a     x14=fffffffd x14:fffff78e
26996187ns          467153 1c00905c 806787db p.muls           x15, x15, x6        x15=ffffffca x15:0000ffe5  x6:00000002
26996207ns          467154 1c009060 40a6d693 srai             x13, x13, 0x40a     x13=fffffff9 x13:ffffe50c
26996227ns          467155 1c009062 8065865b p.muls           x12, x11, x6        x12=000000c0 x11:00000060  x6:00000002
26996247ns          467156 1c009066 40a7d793 srai             x15, x15, 0x40a     x15=ffffffff x15:ffffffca
26996267ns          467157 1c009068 40a65613 srai             x12, x12, 0x40a     x12=00000000 x12:000000c0
26996287ns          467158 1c00906a 01d70733 add              x14, x14, x29       x14=00000424 x14:fffffffd x29:00000427
26996307ns          467159 1c00906c 01c686b3 add              x13, x13, x28       x13=00000078 x13:fffffff9 x28:0000007f
26996327ns          467160 1c00906e 00c686b3 add              x13, x13, x12       x13=00000078 x13:00000078 x12:00000000
26996347ns          467161 1c009070 00f70733 add              x14, x14, x15       x14=00000423 x14:00000424 x15:ffffffff
26996366ns          467162 1c009072 100747b3 p.exths          x15, x14, x0        x15=00000423 x14:00000423
26996386ns          467163 1c009076 1006c733 p.exths          x14, x13, x0        x14=00000078 x13:00000078
26996406ns          467164 1c00907a 03170633 mul              x12, x14, x17       x12=000065b8 x14:00000078 x17:000000d9
26996426ns          467165 1c00907e 030786b3 mul              x13, x15, x16       x13=0000b1e1 x15:00000423 x16:0000002b
26996446ns          467166 1c009082 03070733 mul              x14, x14, x16       x14=00001428 x14:00000078 x16:0000002b
26996466ns          467167 1c009086 031787b3 mul              x15, x15, x17       x15=000381ab x15:00000423 x17:000000d9
26996486ns          467168 1c00908a 40a6d693 srai             x13, x13, 0x40a     x13=0000002c x13:0000b1e1
26996506ns          467169 1c00908c 40a65613 srai             x12, x12, 0x40a     x12=00000019 x12:000065b8
26996526ns          467170 1c00908e 40a7d793 srai             x15, x15, 0x40a     x15=000000e0 x15:000381ab
26996545ns          467171 1c009090 40a75713 srai             x14, x14, 0x40a     x14=00000005 x14:00001428
26996565ns          467172 1c009092 40c686b3 sub              x13, x13, x12       x13=00000013 x13:0000002c x12:00000019
26996585ns          467173 1c009094 00e787b3 add              x15, x15, x14       x15=000000e5 x15:000000e0 x14:00000005
26996605ns          467174 1c009096 00d51823 sh               x13, 16(x10)        x13:00000013 x10:10003fa4  PA:10003fb4
26996625ns          467175 1c00909a 00f51923 sh               x15, 18(x10)        x15:000000e5 x10:10003fa4  PA:10003fb6
26996645ns          467176 1c00909e 00008067 jalr             x0, x1, 0            x1:1c0093e8
26996724ns          467180 1c0093e8 2dc15583 lhu              x11, 732(x2)        x11=00000013  x2:10003cd8  PA:10003fb4
26996744ns          467181 1c0093ec 2de15783 lhu              x15, 734(x2)        x15=000000e5  x2:10003cd8  PA:10003fb6
26996764ns          467182 1c0093f0 40b90933 sub              x18, x18, x11       x18=0000001a x18:0000002d x11:00000013
26996784ns          467183 1c0093f4 40f484b3 sub              x9, x9, x15          x9=fffffff0  x9:000000d5 x15:000000e5
26996804ns          467184 1c0093f6 100945b3 p.exths          x11, x18, x0        x11=0000001a x18:0000001a
26996824ns          467185 1c0093fa 1004c7b3 p.exths          x15, x9, x0         x15=fffffff0  x9:fffffff0
26996844ns          467186 1c0093fe 034586b3 mul              x13, x11, x20       x13=0000045e x11:0000001a x20:0000002b
26996864ns          467187 1c009402 03378533 mul              x10, x15, x19       x10=fffff270 x15:fffffff0 x19:000000d9
26996884ns          467188 1c009406 034a0633 mul              x12, x20, x20       x12=00000739 x20:0000002b x20:0000002b
26996903ns          467189 1c00940a 03398733 mul              x14, x19, x19       x14=0000b7f1 x19:000000d9 x19:000000d9
26996923ns          467190 1c00940e 034787b3 mul              x15, x15, x20       x15=fffffd50 x15:fffffff0 x20:0000002b
26996943ns          467191 1c009412 033585b3 mul              x11, x11, x19       x11=0000160a x11:0000001a x19:000000d9
26996963ns          467192 1c009416 40a75713 srai             x14, x14, 0x40a     x14=0000002d x14:0000b7f1
26996983ns          467193 1c009418 40a5d593 srai             x11, x11, 0x40a     x11=00000005 x11:0000160a
26997003ns          467194 1c00941a 40a65613 srai             x12, x12, 0x40a     x12=00000001 x12:00000739
26997023ns          467195 1c00941c 40a7d793 srai             x15, x15, 0x40a     x15=ffffffff x15:fffffd50
26997043ns          467196 1c00941e 1c0034b7 lui              x9, 0x1c003000       x9=1c003000
26997063ns          467197 1c009422 00e60633 add              x12, x12, x14       x12=0000002e x12:00000001 x14:0000002d
26997082ns          467198 1c009424 40b787b3 sub              x15, x15, x11       x15=fffffffa x15:ffffffff x11:00000005
26997102ns          467199 1c009426 eb048493 addi             x9, x9, -336         x9=1c002eb0  x9:1c003000
26997122ns          467200 1c00942a 1c0032b7 lui              x5, 0x1c003000       x5=1c003000
26997142ns          467201 1c00942e 1c0035b7 lui              x11, 0x1c003000     x11=1c003000
26997162ns          467202 1c009432 018483b3 add              x7, x9, x24          x7=1c002ebe  x9:1c002eb0 x24:0000000e
26997182ns          467203 1c009436 02812e83 lw               x29, 40(x2)         x29=1c002ece  x2:10003cd8  PA:10003d00
26997202ns          467204 1c009438 10065633 p.exthz          x12, x12, x0        x12=0000002e x12:0000002e
26997222ns          467205 1c00943c e8028293 addi             x5, x5, -384         x5=1c002e80  x5:1c003000
26997242ns          467206 1c009440 ea058593 addi             x11, x11, -352      x11=1c002ea0 x11:1c003000
26997261ns          467207 1c009444 03812483 lw               x9, 56(x2)           x9=1c002eee  x2:10003cd8  PA:10003d10
26997281ns          467208 1c009446 10064733 p.exths          x14, x12, x0        x14=0000002e x12:0000002e
26997301ns          467209 1c00944a 018280b3 add              x1, x5, x24          x1=1c002e8e  x5:1c002e80 x24:0000000e
26997321ns          467210 1c00944e 03012f03 lw               x30, 48(x2)         x30=1c002ede  x2:10003cd8  PA:10003d08
26997341ns          467211 1c009450 018582b3 add              x5, x11, x24         x5=1c002eae x11:1c002ea0 x24:0000000e
26997361ns          467212 1c009454 04012583 lw               x11, 64(x2)         x11=1c002efe  x2:10003cd8  PA:10003d18
26997381ns          467213 1c009456 000edd83 lhu              x27, 0(x29)         x27=00000e1f x29:1c002ece  PA:1c002ece
26997779ns          467233 1c00945a 0004d483 lhu              x9, 0(x9)            x9=00000352  x9:1c002eee  PA:1c002eee
26998196ns          467254 1c00945e 02e70333 mul              x6, x14, x14         x6=00000844 x14:0000002e x14:0000002e
26998216ns          467255 1c009462 40a55513 srai             x10, x10, 0x40a     x10=fffffffc x10:fffff270
26998236ns          467256 1c009464 04812e83 lw               x29, 72(x2)         x29=1c002f0e  x2:10003cd8  PA:10003d20
26998256ns          467257 1c009466 40a6d693 srai             x13, x13, 0x40a     x13=00000001 x13:0000045e
26998276ns          467258 1c009468 000f5d03 lhu              x26, 0(x30)         x26=000005b2 x30:1c002ede  PA:1c002ede
26998574ns          467273 1c00946c 0005d583 lhu              x11, 0(x11)         x11=0000023f x11:1c002efe  PA:1c002efe
26998872ns          467288 1c009470 40a35313 srai             x6, x6, 0x40a        x6=00000002  x6:00000844
26998892ns          467289 1c009474 00a686b3 add              x13, x13, x10       x13=fffffffd x13:00000001 x10:fffffffc
26998912ns          467290 1c009476 05012f03 lw               x30, 80(x2)         x30=1c002e7e  x2:10003cd8  PA:10003d28
26998932ns          467291 1c009478 10034e33 p.exths          x28, x6, x0         x28=00000002  x6:00000002
26998952ns          467292 1c00947c 06911023 sh               x9, 96(x2)           x9:00000352  x2:10003cd8  PA:10003d38
26998992ns          467294 1c009480 000ede83 lhu              x29, 0(x29)         x29=0000019f x29:1c002f0e  PA:1c002f0e
26999330ns          467311 1c009484 05812483 lw               x9, 88(x2)           x9=1c002e6e  x2:10003cd8  PA:10003d30
26999350ns          467312 1c009486 1006d6b3 p.exthz          x13, x13, x0        x13=0000fffd x13:fffffffd
26999370ns          467313 1c00948a 02ee08b3 mul              x17, x28, x14       x17=0000005c x28:00000002 x14:0000002e
26999389ns          467314 1c00948e 1006c833 p.exths          x16, x13, x0        x16=fffffffd x13:0000fffd
26999409ns          467315 1c009492 06b11823 sh               x11, 112(x2)        x11:0000023f  x2:10003cd8  PA:10003d48
26999429ns          467316 1c009496 000f5f03 lhu              x30, 0(x30)         x30=0000ff4d x30:1c002e7e  PA:1c002e7e
26999728ns          467331 1c00949a 0a012583 lw               x11, 160(x2)        x11=1c002e9e  x2:10003cd8  PA:10003d78
26999747ns          467332 1c00949c 1007d7b3 p.exthz          x15, x15, x0        x15=0000fffa x15:fffffffa
26999767ns          467333 1c0094a0 0004da03 lhu              x20, 0(x9)          x20=0000fc87  x9:1c002e6e  PA:1c002e6e
27000066ns          467348 1c0094a4 1007c533 p.exths          x10, x15, x0        x10=fffffffa x15:0000fffa
27000086ns          467349 1c0094a8 09d11023 sh               x29, 128(x2)        x29:0000019f  x2:10003cd8  PA:10003d58
27000105ns          467350 1c0094ac 0003d483 lhu              x9, 0(x7)            x9=0000ffc5  x7:1c002ebe  PA:1c002ebe
27000404ns          467365 1c0094b0 02e80eb3 mul              x29, x16, x14       x29=ffffff76 x16:fffffffd x14:0000002e
27000424ns          467366 1c0094b4 40a8d893 srai             x17, x17, 0x40a     x17=00000000 x17:0000005c
27000444ns          467367 1c0094b8 03c80833 mul              x16, x16, x28       x16=fffffffa x16:fffffffd x28:00000002
27000463ns          467368 1c0094bc 09e11823 sh               x30, 144(x2)        x30:0000ff4d  x2:10003cd8  PA:10003d68
27000483ns          467369 1c0094c0 0005d983 lhu              x19, 0(x11)         x19=0000ffa3 x11:1c002e9e  PA:1c002e9e
27000821ns          467386 1c0094c4 81c88f5b p.muls           x30, x17, x28       x30=00000000 x17:00000000 x28:00000002
27000841ns          467387 1c0094c8 0002d583 lhu              x11, 0(x5)          x11=0000ff01  x5:1c002eae  PA:1c002eae
27001140ns          467402 1c0094cc 03ce0fb3 mul              x31, x28, x28       x31=00000004 x28:00000002 x28:00000002
27001159ns          467403 1c0094d0 02e50733 mul              x14, x10, x14       x14=fffffeec x10:fffffffa x14:0000002e
27001179ns          467404 1c0094d4 40a85813 srai             x16, x16, 0x40a     x16=ffffffff x16:fffffffa
27001199ns          467405 1c0094d8 03c50533 mul              x10, x10, x28       x10=fffffff4 x10:fffffffa x28:00000002
27001219ns          467406 1c0094dc 07015e03 lhu              x28, 112(x2)        x28=0000023f  x2:10003cd8  PA:10003d48
27001239ns          467407 1c0094e0 01b60633 add              x12, x12, x27       x12=00000e4d x12:0000002e x27:00000e1f
27001259ns          467408 1c0094e2 00980833 add              x16, x16, x9        x16=0000ffc4 x16:ffffffff  x9:0000ffc5
27001279ns          467409 1c0094e4 06015d83 lhu              x27, 96(x2)         x27=00000352  x2:10003cd8  PA:10003d38
27001299ns          467410 1c0094e8 02812483 lw               x9, 40(x2)           x9=1c002ece  x2:10003cd8  PA:10003d00
27001319ns          467411 1c0094ea 40afdf93 srai             x31, x31, 0x40a     x31=00000000 x31:00000004
27001338ns          467412 1c0094ee 40a55513 srai             x10, x10, 0x40a     x10=ffffffff x10:fffffff4
27001358ns          467413 1c0094f0 01cf8fb3 add              x31, x31, x28       x31=0000023f x31:00000000 x28:0000023f
27001378ns          467414 1c0094f2 00b50533 add              x10, x10, x11       x10=0000ff00 x10:ffffffff x11:0000ff01
27001398ns          467415 1c0094f4 09015e03 lhu              x28, 144(x2)        x28=0000ff4d  x2:10003cd8  PA:10003d68
27001418ns          467416 1c0094f8 03012583 lw               x11, 48(x2)         x11=1c002ede  x2:10003cd8  PA:10003d08
27001438ns          467417 1c0094fa 00c49023 sh               x12, 0(x9)          x12:00000e4d  x9:1c002ece  PA:1c002ece
27001756ns          467433 1c0094fe 01b888b3 add              x17, x17, x27       x17=00000352 x17:00000000 x27:00000352
27001776ns          467434 1c009500 01a30333 add              x6, x6, x26          x6=000005b4  x6:00000002 x26:000005b2
27001796ns          467435 1c009502 08015d83 lhu              x27, 128(x2)        x27=0000019f  x2:10003cd8  PA:10003d58
27001816ns          467436 1c009506 0000d903 lhu              x18, 0(x1)          x18=0000fe5c  x1:1c002e8e  PA:1c002e8e
27002114ns          467451 1c00950a 01c686b3 add              x13, x13, x28       x13=0001ff4a x13:0000fffd x28:0000ff4d
27002134ns          467452 1c00950c 00659023 sh               x6, 0(x11)           x6:000005b4 x11:1c002ede  PA:1c002ede
27002452ns          467468 1c009510 40af5f13 srai             x30, x30, 0x40a     x30=00000000 x30:00000000
27002472ns          467469 1c009514 04812e03 lw               x28, 72(x2)         x28=1c002f0e  x2:10003cd8  PA:10003d20
27002492ns          467470 1c009516 01bf0f33 add              x30, x30, x27       x30=0000019f x30:00000000 x27:0000019f
27002512ns          467471 1c009518 40aede93 srai             x29, x29, 0x40a     x29=ffffffff x29:ffffff76
27002532ns          467472 1c00951c 40a75713 srai             x14, x14, 0x40a     x14=ffffffff x14:fffffeec
27002552ns          467473 1c00951e 03812603 lw               x12, 56(x2)         x12=1c002eee  x2:10003cd8  PA:10003d10
27002572ns          467474 1c009520 04012d83 lw               x27, 64(x2)         x27=1c002efe  x2:10003cd8  PA:10003d18
27002591ns          467475 1c009522 01ee1023 sh               x30, 0(x28)         x30:0000019f x28:1c002f0e  PA:1c002f0e
27002910ns          467491 1c009526 05812483 lw               x9, 88(x2)           x9=1c002e6e  x2:10003cd8  PA:10003d30
27002930ns          467492 1c009528 05012f03 lw               x30, 80(x2)         x30=1c002e7e  x2:10003cd8  PA:10003d28
27002949ns          467493 1c00952a 0a012583 lw               x11, 160(x2)        x11=1c002e9e  x2:10003cd8  PA:10003d78
27002969ns          467494 1c00952c 014787b3 add              x15, x15, x20       x15=0001fc81 x15:0000fffa x20:0000fc87
27002989ns          467495 1c00952e 013e8eb3 add              x29, x29, x19       x29=0000ffa2 x29:ffffffff x19:0000ffa3
27003009ns          467496 1c009530 01270733 add              x14, x14, x18       x14=0000fe5b x14:ffffffff x18:0000fe5c
27003029ns          467497 1c009532 00f49023 sh               x15, 0(x9)          x15:0001fc81  x9:1c002e6e  PA:1c002e6e
27003367ns          467514 1c009536 01161023 sh               x17, 0(x12)         x17:00000352 x12:1c002eee  PA:1c002eee
27003685ns          467530 1c00953a 01fd9023 sh               x31, 0(x27)         x31:0000023f x27:1c002efe  PA:1c002efe
27004003ns          467546 1c00953e 00df1023 sh               x13, 0(x30)         x13:0001ff4a x30:1c002e7e  PA:1c002e7e
27004322ns          467562 1c009542 01d59023 sh               x29, 0(x11)         x29:0000ffa2 x11:1c002e9e  PA:1c002e9e
27004640ns          467578 1c009546 00e09023 sh               x14, 0(x1)          x14:0000fe5b  x1:1c002e8e  PA:1c002e8e
27004958ns          467594 1c00954a 01039023 sh               x16, 0(x7)          x16:0000ffc4  x7:1c002ebe  PA:1c002ebe
27005276ns          467610 1c00954e 00a29023 sh               x10, 0(x5)          x10:0000ff00  x5:1c002eae  PA:1c002eae
27005595ns          467626 1c009552 008b0b13 addi             x22, x22, 8         x22=000000c7 x22:000000bf
27005614ns          467627 1c009554 1f300793 addi             x15, x0, 499        x15=000001f3
27005634ns          467628 1c009558 e767dae3 bge              x15, x22, -396      x15:000001f3 x22:000000c7
27005734ns          467633 1c0093cc 010c9a0b p.lh             x20, 16(x25!)       x20=00000025 x25=1c002826 x25:1c002816  PA:1c002816
27006052ns          467649 1c0093d0 0104198b p.lh             x19, 16(x8!)        x19=fffffffa  x8=1c001fee  x8:1c001fde  PA:1c001fde
27006430ns          467668 1c0093d4 2cc10513 addi             x10, x2, 716        x10=10003fa4  x2:10003cd8
27006450ns          467669 1c0093d6 010a990b p.lh             x18, 16(x21!)       x18=0000002a x21=1c00181a x21:1c00180a  PA:1c00180a
27006748ns          467684 1c0093da 010b948b p.lh             x9, 16(x23!)         x9=fffffff6 x23=1c00104a x23:1c00103a  PA:1c00103a
27007046ns          467699 1c0093de 2d411623 sh               x20, 716(x2)        x20:00000025  x2:10003cd8  PA:10003fa4
27007066ns          467700 1c0093e2 2d311723 sh               x19, 718(x2)        x19:fffffffa  x2:10003cd8  PA:10003fa6
27007086ns          467701 1c0093e6 c33ff0ef jal              x1, -974             x1=1c0093e8
27007126ns          467703 1c009018 00051803 lh               x16, 0(x10)         x16=00000025 x10:10003fa4  PA:10003fa4
27007146ns          467704 1c00901c 00251883 lh               x17, 2(x10)         x17=fffffffa x10:10003fa4  PA:10003fa6
27007166ns          467705 1c009020 030806b3 mul              x13, x16, x16       x13=00000559 x16:00000025 x16:00000025
27007186ns          467706 1c009024 03188633 mul              x12, x17, x17       x12=00000024 x17:fffffffa x17:fffffffa
27007205ns          467707 1c009028 40a65613 srai             x12, x12, 0x40a     x12=00000000 x12:00000024
27007225ns          467708 1c00902a 40a6d693 srai             x13, x13, 0x40a     x13=00000001 x13:00000559
27007245ns          467709 1c00902c 00c686b3 add              x13, x13, x12       x13=00000001 x13:00000001 x12:00000000
27007265ns          467710 1c00902e 1006c633 p.exths          x12, x13, x0        x12=00000001 x13:00000001
27007285ns          467711 1c009032 00855703 lhu              x14, 8(x10)         x14=0000ffd1 x10:10003fa4  PA:10003fac
27007305ns          467712 1c009036 00a55683 lhu              x13, 10(x10)        x13=0000ff6a x10:10003fa4  PA:10003fae
27007325ns          467713 1c00903a 02c60333 mul              x6, x12, x12         x6=00000001 x12:00000001 x12:00000001
27007345ns          467714 1c00903e 00c55783 lhu              x15, 12(x10)        x15=0000ffe5 x10:10003fa4  PA:10003fb0
27007365ns          467715 1c009042 00e55583 lhu              x11, 14(x10)        x11=00000060 x10:10003fa4  PA:10003fb2
27007384ns          467716 1c009046 dea30333 p.extract        x6, x6, 15, 10       x6=00000000  x6:00000001
27007404ns          467717 1c00904a 80c7075b p.muls           x14, x14, x12       x14=ffffffd1 x14:0000ffd1 x12:00000001
27007444ns          467719 1c00904e 80c686db p.muls           x13, x13, x12       x13=ffffff6a x13:0000ff6a x12:00000001
27007484ns          467721 1c009052 00455e83 lhu              x29, 4(x10)         x29=00000427 x10:10003fa4  PA:10003fa8
27007504ns          467722 1c009056 00655e03 lhu              x28, 6(x10)         x28=0000007f x10:10003fa4  PA:10003faa
27007524ns          467723 1c00905a 40a75713 srai             x14, x14, 0x40a     x14=ffffffff x14:ffffffd1
27007544ns          467724 1c00905c 806787db p.muls           x15, x15, x6        x15=00000000 x15:0000ffe5  x6:00000000
27007583ns          467726 1c009060 40a6d693 srai             x13, x13, 0x40a     x13=ffffffff x13:ffffff6a
27007623ns          467728 1c009062 8065865b p.muls           x12, x11, x6        x12=00000000 x11:00000060  x6:00000000
27007643ns          467729 1c009066 40a7d793 srai             x15, x15, 0x40a     x15=00000000 x15:00000000
27007663ns          467730 1c009068 40a65613 srai             x12, x12, 0x40a     x12=00000000 x12:00000000
27007683ns          467731 1c00906a 01d70733 add              x14, x14, x29       x14=00000426 x14:ffffffff x29:00000427
27007703ns          467732 1c00906c 01c686b3 add              x13, x13, x28       x13=0000007e x13:ffffffff x28:0000007f
27007723ns          467733 1c00906e 00c686b3 add              x13, x13, x12       x13=0000007e x13:0000007e x12:00000000
27007742ns          467734 1c009070 00f70733 add              x14, x14, x15       x14=00000426 x14:00000426 x15:00000000
27007762ns          467735 1c009072 100747b3 p.exths          x15, x14, x0        x15=00000426 x14:00000426
27007782ns          467736 1c009076 1006c733 p.exths          x14, x13, x0        x14=0000007e x13:0000007e
27007802ns          467737 1c00907a 03170633 mul              x12, x14, x17       x12=fffffd0c x14:0000007e x17:fffffffa
27007822ns          467738 1c00907e 030786b3 mul              x13, x15, x16       x13=0000997e x15:00000426 x16:00000025
27007842ns          467739 1c009082 03070733 mul              x14, x14, x16       x14=00001236 x14:0000007e x16:00000025
27007862ns          467740 1c009086 031787b3 mul              x15, x15, x17       x15=ffffe71c x15:00000426 x17:fffffffa
27007882ns          467741 1c00908a 40a6d693 srai             x13, x13, 0x40a     x13=00000026 x13:0000997e
27007902ns          467742 1c00908c 40a65613 srai             x12, x12, 0x40a     x12=ffffffff x12:fffffd0c
27007921ns          467743 1c00908e 40a7d793 srai             x15, x15, 0x40a     x15=fffffff9 x15:ffffe71c
27007941ns          467744 1c009090 40a75713 srai             x14, x14, 0x40a     x14=00000004 x14:00001236
27007961ns          467745 1c009092 40c686b3 sub              x13, x13, x12       x13=00000027 x13:00000026 x12:ffffffff
27007981ns          467746 1c009094 00e787b3 add              x15, x15, x14       x15=fffffffd x15:fffffff9 x14:00000004
27008001ns          467747 1c009096 00d51823 sh               x13, 16(x10)        x13:00000027 x10:10003fa4  PA:10003fb4
27008021ns          467748 1c00909a 00f51923 sh               x15, 18(x10)        x15:fffffffd x10:10003fa4  PA:10003fb6
27008041ns          467749 1c00909e 00008067 jalr             x0, x1, 0            x1:1c0093e8
27008081ns          467751 1c0093e8 2dc15583 lhu              x11, 732(x2)        x11=00000027  x2:10003cd8  PA:10003fb4
27008100ns          467752 1c0093ec 2de15783 lhu              x15, 734(x2)        x15=0000fffd  x2:10003cd8  PA:10003fb6
27008120ns          467753 1c0093f0 40b90933 sub              x18, x18, x11       x18=00000003 x18:0000002a x11:00000027
27008140ns          467754 1c0093f4 40f484b3 sub              x9, x9, x15          x9=fffefff9  x9:fffffff6 x15:0000fffd
27008160ns          467755 1c0093f6 100945b3 p.exths          x11, x18, x0        x11=00000003 x18:00000003
27008180ns          467756 1c0093fa 1004c7b3 p.exths          x15, x9, x0         x15=fffffff9  x9:fffefff9
27008200ns          467757 1c0093fe 034586b3 mul              x13, x11, x20       x13=0000006f x11:00000003 x20:00000025
27008220ns          467758 1c009402 03378533 mul              x10, x15, x19       x10=0000002a x15:fffffff9 x19:fffffffa
27008240ns          467759 1c009406 034a0633 mul              x12, x20, x20       x12=00000559 x20:00000025 x20:00000025
27008260ns          467760 1c00940a 03398733 mul              x14, x19, x19       x14=00000024 x19:fffffffa x19:fffffffa
27008319ns          467763 1c00940e 034787b3 mul              x15, x15, x20       x15=fffffefd x15:fffffff9 x20:00000025
27008359ns          467765 1c009412 033585b3 mul              x11, x11, x19       x11=ffffffee x11:00000003 x19:fffffffa
27008379ns          467766 1c009416 40a75713 srai             x14, x14, 0x40a     x14=00000000 x14:00000024
27008399ns          467767 1c009418 40a5d593 srai             x11, x11, 0x40a     x11=ffffffff x11:ffffffee
27008419ns          467768 1c00941a 40a65613 srai             x12, x12, 0x40a     x12=00000001 x12:00000559
27008438ns          467769 1c00941c 40a7d793 srai             x15, x15, 0x40a     x15=ffffffff x15:fffffefd
27008458ns          467770 1c00941e 1c0034b7 lui              x9, 0x1c003000       x9=1c003000
27008478ns          467771 1c009422 00e60633 add              x12, x12, x14       x12=00000001 x12:00000001 x14:00000000
27008498ns          467772 1c009424 40b787b3 sub              x15, x15, x11       x15=00000000 x15:ffffffff x11:ffffffff
27008518ns          467773 1c009426 eb048493 addi             x9, x9, -336         x9=1c002eb0  x9:1c003000
27008538ns          467774 1c00942a 1c0032b7 lui              x5, 0x1c003000       x5=1c003000
27008558ns          467775 1c00942e 1c0035b7 lui              x11, 0x1c003000     x11=1c003000
27008578ns          467776 1c009432 018483b3 add              x7, x9, x24          x7=1c002ebe  x9:1c002eb0 x24:0000000e
27008598ns          467777 1c009436 02812e83 lw               x29, 40(x2)         x29=1c002ece  x2:10003cd8  PA:10003d00
27008617ns          467778 1c009438 10065633 p.exthz          x12, x12, x0        x12=00000001 x12:00000001
27008637ns          467779 1c00943c e8028293 addi             x5, x5, -384         x5=1c002e80  x5:1c003000
27008657ns          467780 1c009440 ea058593 addi             x11, x11, -352      x11=1c002ea0 x11:1c003000
27008677ns          467781 1c009444 03812483 lw               x9, 56(x2)           x9=1c002eee  x2:10003cd8  PA:10003d10
27008697ns          467782 1c009446 10064733 p.exths          x14, x12, x0        x14=00000001 x12:00000001
27008717ns          467783 1c00944a 018280b3 add              x1, x5, x24          x1=1c002e8e  x5:1c002e80 x24:0000000e
27008737ns          467784 1c00944e 03012f03 lw               x30, 48(x2)         x30=1c002ede  x2:10003cd8  PA:10003d08
27008757ns          467785 1c009450 018582b3 add              x5, x11, x24         x5=1c002eae x11:1c002ea0 x24:0000000e
27008777ns          467786 1c009454 04012583 lw               x11, 64(x2)         x11=1c002efe  x2:10003cd8  PA:10003d18
27008796ns          467787 1c009456 000edd83 lhu              x27, 0(x29)         x27=00000e4d x29:1c002ece  PA:1c002ece
27009135ns          467804 1c00945a 0004d483 lhu              x9, 0(x9)            x9=00000352  x9:1c002eee  PA:1c002eee
27009532ns          467824 1c00945e 02e70333 mul              x6, x14, x14         x6=00000001 x14:00000001 x14:00000001
27009552ns          467825 1c009462 40a55513 srai             x10, x10, 0x40a     x10=00000000 x10:0000002a
27009572ns          467826 1c009464 04812e83 lw               x29, 72(x2)         x29=1c002f0e  x2:10003cd8  PA:10003d20
27009592ns          467827 1c009466 40a6d693 srai             x13, x13, 0x40a     x13=00000000 x13:0000006f
27009612ns          467828 1c009468 000f5d03 lhu              x26, 0(x30)         x26=000005b4 x30:1c002ede  PA:1c002ede
27009910ns          467843 1c00946c 0005d583 lhu              x11, 0(x11)         x11=0000023f x11:1c002efe  PA:1c002efe
27010228ns          467859 1c009470 40a35313 srai             x6, x6, 0x40a        x6=00000000  x6:00000001
27010248ns          467860 1c009474 00a686b3 add              x13, x13, x10       x13=00000000 x13:00000000 x10:00000000
27010268ns          467861 1c009476 05012f03 lw               x30, 80(x2)         x30=1c002e7e  x2:10003cd8  PA:10003d28
27010288ns          467862 1c009478 10034e33 p.exths          x28, x6, x0         x28=00000000  x6:00000000
27010308ns          467863 1c00947c 06911023 sh               x9, 96(x2)           x9:00000352  x2:10003cd8  PA:10003d38
27010328ns          467864 1c009480 000ede83 lhu              x29, 0(x29)         x29=0000019f x29:1c002f0e  PA:1c002f0e
27010626ns          467879 1c009484 05812483 lw               x9, 88(x2)           x9=1c002e6e  x2:10003cd8  PA:10003d30
27010646ns          467880 1c009486 1006d6b3 p.exthz          x13, x13, x0        x13=00000000 x13:00000000
27010666ns          467881 1c00948a 02ee08b3 mul              x17, x28, x14       x17=00000000 x28:00000000 x14:00000001
27010686ns          467882 1c00948e 1006c833 p.exths          x16, x13, x0        x16=00000000 x13:00000000
27010706ns          467883 1c009492 06b11823 sh               x11, 112(x2)        x11:0000023f  x2:10003cd8  PA:10003d48
27010726ns          467884 1c009496 000f5f03 lhu              x30, 0(x30)         x30=0000ff4a x30:1c002e7e  PA:1c002e7e
27011024ns          467899 1c00949a 0a012583 lw               x11, 160(x2)        x11=1c002e9e  x2:10003cd8  PA:10003d78
27011044ns          467900 1c00949c 1007d7b3 p.exthz          x15, x15, x0        x15=00000000 x15:00000000
27011064ns          467901 1c0094a0 0004da03 lhu              x20, 0(x9)          x20=0000fc81  x9:1c002e6e  PA:1c002e6e
27011362ns          467916 1c0094a4 1007c533 p.exths          x10, x15, x0        x10=00000000 x15:00000000
27011382ns          467917 1c0094a8 09d11023 sh               x29, 128(x2)        x29:0000019f  x2:10003cd8  PA:10003d58
27011402ns          467918 1c0094ac 0003d483 lhu              x9, 0(x7)            x9=0000ffc4  x7:1c002ebe  PA:1c002ebe
27011740ns          467935 1c0094b0 02e80eb3 mul              x29, x16, x14       x29=00000000 x16:00000000 x14:00000001
27011760ns          467936 1c0094b4 40a8d893 srai             x17, x17, 0x40a     x17=00000000 x17:00000000
27011780ns          467937 1c0094b8 03c80833 mul              x16, x16, x28       x16=00000000 x16:00000000 x28:00000000
27011800ns          467938 1c0094bc 09e11823 sh               x30, 144(x2)        x30:0000ff4a  x2:10003cd8  PA:10003d68
27011819ns          467939 1c0094c0 0005d983 lhu              x19, 0(x11)         x19=0000ffa2 x11:1c002e9e  PA:1c002e9e
27012138ns          467955 1c0094c4 81c88f5b p.muls           x30, x17, x28       x30=00000000 x17:00000000 x28:00000000
27012158ns          467956 1c0094c8 0002d583 lhu              x11, 0(x5)          x11=0000ff00  x5:1c002eae  PA:1c002eae
27012496ns          467973 1c0094cc 03ce0fb3 mul              x31, x28, x28       x31=00000000 x28:00000000 x28:00000000
27012516ns          467974 1c0094d0 02e50733 mul              x14, x10, x14       x14=00000000 x10:00000000 x14:00000001
27012535ns          467975 1c0094d4 40a85813 srai             x16, x16, 0x40a     x16=00000000 x16:00000000
27012555ns          467976 1c0094d8 03c50533 mul              x10, x10, x28       x10=00000000 x10:00000000 x28:00000000
27012575ns          467977 1c0094dc 07015e03 lhu              x28, 112(x2)        x28=0000023f  x2:10003cd8  PA:10003d48
27012615ns          467979 1c0094e0 01b60633 add              x12, x12, x27       x12=00000e4e x12:00000001 x27:00000e4d
27012635ns          467980 1c0094e2 00980833 add              x16, x16, x9        x16=0000ffc4 x16:00000000  x9:0000ffc4
27012655ns          467981 1c0094e4 06015d83 lhu              x27, 96(x2)         x27=00000352  x2:10003cd8  PA:10003d38
27012675ns          467982 1c0094e8 02812483 lw               x9, 40(x2)           x9=1c002ece  x2:10003cd8  PA:10003d00
27012695ns          467983 1c0094ea 40afdf93 srai             x31, x31, 0x40a     x31=00000000 x31:00000000
27012714ns          467984 1c0094ee 40a55513 srai             x10, x10, 0x40a     x10=00000000 x10:00000000
27012734ns          467985 1c0094f0 01cf8fb3 add              x31, x31, x28       x31=0000023f x31:00000000 x28:0000023f
27012754ns          467986 1c0094f2 00b50533 add              x10, x10, x11       x10=0000ff00 x10:00000000 x11:0000ff00
27012774ns          467987 1c0094f4 09015e03 lhu              x28, 144(x2)        x28=0000ff4a  x2:10003cd8  PA:10003d68
27012794ns          467988 1c0094f8 03012583 lw               x11, 48(x2)         x11=1c002ede  x2:10003cd8  PA:10003d08
27012814ns          467989 1c0094fa 00c49023 sh               x12, 0(x9)          x12:00000e4e  x9:1c002ece  PA:1c002ece
27013132ns          468005 1c0094fe 01b888b3 add              x17, x17, x27       x17=00000352 x17:00000000 x27:00000352
27013152ns          468006 1c009500 01a30333 add              x6, x6, x26          x6=000005b4  x6:00000000 x26:000005b4
27013172ns          468007 1c009502 08015d83 lhu              x27, 128(x2)        x27=0000019f  x2:10003cd8  PA:10003d58
27013192ns          468008 1c009506 0000d903 lhu              x18, 0(x1)          x18=0000fe5b  x1:1c002e8e  PA:1c002e8e
27013510ns          468024 1c00950a 01c686b3 add              x13, x13, x28       x13=0000ff4a x13:00000000 x28:0000ff4a
27013530ns          468025 1c00950c 00659023 sh               x6, 0(x11)           x6:000005b4 x11:1c002ede  PA:1c002ede
27013868ns          468042 1c009510 40af5f13 srai             x30, x30, 0x40a     x30=00000000 x30:00000000
27013888ns          468043 1c009514 04812e03 lw               x28, 72(x2)         x28=1c002f0e  x2:10003cd8  PA:10003d20
27013908ns          468044 1c009516 01bf0f33 add              x30, x30, x27       x30=0000019f x30:00000000 x27:0000019f
27013928ns          468045 1c009518 40aede93 srai             x29, x29, 0x40a     x29=00000000 x29:00000000
27013947ns          468046 1c00951c 40a75713 srai             x14, x14, 0x40a     x14=00000000 x14:00000000
27013967ns          468047 1c00951e 03812603 lw               x12, 56(x2)         x12=1c002eee  x2:10003cd8  PA:10003d10
27013987ns          468048 1c009520 04012d83 lw               x27, 64(x2)         x27=1c002efe  x2:10003cd8  PA:10003d18
27014007ns          468049 1c009522 01ee1023 sh               x30, 0(x28)         x30:0000019f x28:1c002f0e  PA:1c002f0e
27014325ns          468065 1c009526 05812483 lw               x9, 88(x2)           x9=1c002e6e  x2:10003cd8  PA:10003d30
27014345ns          468066 1c009528 05012f03 lw               x30, 80(x2)         x30=1c002e7e  x2:10003cd8  PA:10003d28
27014365ns          468067 1c00952a 0a012583 lw               x11, 160(x2)        x11=1c002e9e  x2:10003cd8  PA:10003d78
27014385ns          468068 1c00952c 014787b3 add              x15, x15, x20       x15=0000fc81 x15:00000000 x20:0000fc81
27014405ns          468069 1c00952e 013e8eb3 add              x29, x29, x19       x29=0000ffa2 x29:00000000 x19:0000ffa2
27014425ns          468070 1c009530 01270733 add              x14, x14, x18       x14=0000fe5b x14:00000000 x18:0000fe5b
27014445ns          468071 1c009532 00f49023 sh               x15, 0(x9)          x15:0000fc81  x9:1c002e6e  PA:1c002e6e
27014783ns          468088 1c009536 01161023 sh               x17, 0(x12)         x17:00000352 x12:1c002eee  PA:1c002eee
27015121ns          468105 1c00953a 01fd9023 sh               x31, 0(x27)         x31:0000023f x27:1c002efe  PA:1c002efe
27015499ns          468124 1c00953e 00df1023 sh               x13, 0(x30)         x13:0000ff4a x30:1c002e7e  PA:1c002e7e
27015817ns          468140 1c009542 01d59023 sh               x29, 0(x11)         x29:0000ffa2 x11:1c002e9e  PA:1c002e9e
27016135ns          468156 1c009546 00e09023 sh               x14, 0(x1)          x14:0000fe5b  x1:1c002e8e  PA:1c002e8e
27016473ns          468173 1c00954a 01039023 sh               x16, 0(x7)          x16:0000ffc4  x7:1c002ebe  PA:1c002ebe
27016791ns          468189 1c00954e 00a29023 sh               x10, 0(x5)          x10:0000ff00  x5:1c002eae  PA:1c002eae
27017110ns          468205 1c009552 008b0b13 addi             x22, x22, 8         x22=000000cf x22:000000c7
27017130ns          468206 1c009554 1f300793 addi             x15, x0, 499        x15=000001f3
27017149ns          468207 1c009558 e767dae3 bge              x15, x22, -396      x15:000001f3 x22:000000cf
27017249ns          468212 1c0093cc 010c9a0b p.lh             x20, 16(x25!)       x20=ffffffc7 x25=1c002836 x25:1c002826  PA:1c002826
27017587ns          468229 1c0093d0 0104198b p.lh             x19, 16(x8!)        x19=00000022  x8=1c001ffe  x8:1c001fee  PA:1c001fee
27018044ns          468252 1c0093d4 2cc10513 addi             x10, x2, 716        x10=10003fa4  x2:10003cd8
27018064ns          468253 1c0093d6 010a990b p.lh             x18, 16(x21!)       x18=ffffffc4 x21=1c00182a x21:1c00181a  PA:1c00181a
27018363ns          468268 1c0093da 010b948b p.lh             x9, 16(x23!)         x9=00000025 x23=1c00105a x23:1c00104a  PA:1c00104a
27018661ns          468283 1c0093de 2d411623 sh               x20, 716(x2)        x20:ffffffc7  x2:10003cd8  PA:10003fa4
27018681ns          468284 1c0093e2 2d311723 sh               x19, 718(x2)        x19:00000022  x2:10003cd8  PA:10003fa6
27018701ns          468285 1c0093e6 c33ff0ef jal              x1, -974             x1=1c0093e8
27018780ns          468289 1c009018 00051803 lh               x16, 0(x10)         x16=ffffffc7 x10:10003fa4  PA:10003fa4
27018840ns          468292 1c00901c 00251883 lh               x17, 2(x10)         x17=00000022 x10:10003fa4  PA:10003fa6
27018880ns          468294 1c009020 030806b3 mul              x13, x16, x16       x13=00000cb1 x16:ffffffc7 x16:ffffffc7
27018919ns          468296 1c009024 03188633 mul              x12, x17, x17       x12=00000484 x17:00000022 x17:00000022
27018939ns          468297 1c009028 40a65613 srai             x12, x12, 0x40a     x12=00000001 x12:00000484
27018959ns          468298 1c00902a 40a6d693 srai             x13, x13, 0x40a     x13=00000003 x13:00000cb1
27018979ns          468299 1c00902c 00c686b3 add              x13, x13, x12       x13=00000004 x13:00000003 x12:00000001
27018999ns          468300 1c00902e 1006c633 p.exths          x12, x13, x0        x12=00000004 x13:00000004
27019019ns          468301 1c009032 00855703 lhu              x14, 8(x10)         x14=0000ffd1 x10:10003fa4  PA:10003fac
27019039ns          468302 1c009036 00a55683 lhu              x13, 10(x10)        x13=0000ff6a x10:10003fa4  PA:10003fae
27019059ns          468303 1c00903a 02c60333 mul              x6, x12, x12         x6=00000010 x12:00000004 x12:00000004
27019098ns          468305 1c00903e 00c55783 lhu              x15, 12(x10)        x15=0000ffe5 x10:10003fa4  PA:10003fb0
27019138ns          468307 1c009042 00e55583 lhu              x11, 14(x10)        x11=00000060 x10:10003fa4  PA:10003fb2
27019158ns          468308 1c009046 dea30333 p.extract        x6, x6, 15, 10       x6=00000000  x6:00000010
27019178ns          468309 1c00904a 80c7075b p.muls           x14, x14, x12       x14=ffffff44 x14:0000ffd1 x12:00000004
27019198ns          468310 1c00904e 80c686db p.muls           x13, x13, x12       x13=fffffda8 x13:0000ff6a x12:00000004
27019218ns          468311 1c009052 00455e83 lhu              x29, 4(x10)         x29=00000427 x10:10003fa4  PA:10003fa8
27019238ns          468312 1c009056 00655e03 lhu              x28, 6(x10)         x28=0000007f x10:10003fa4  PA:10003faa
27019258ns          468313 1c00905a 40a75713 srai             x14, x14, 0x40a     x14=ffffffff x14:ffffff44
27019277ns          468314 1c00905c 806787db p.muls           x15, x15, x6        x15=00000000 x15:0000ffe5  x6:00000000
27019317ns          468316 1c009060 40a6d693 srai             x13, x13, 0x40a     x13=ffffffff x13:fffffda8
27019357ns          468318 1c009062 8065865b p.muls           x12, x11, x6        x12=00000000 x11:00000060  x6:00000000
27019377ns          468319 1c009066 40a7d793 srai             x15, x15, 0x40a     x15=00000000 x15:00000000
27019397ns          468320 1c009068 40a65613 srai             x12, x12, 0x40a     x12=00000000 x12:00000000
27019417ns          468321 1c00906a 01d70733 add              x14, x14, x29       x14=00000426 x14:ffffffff x29:00000427
27019437ns          468322 1c00906c 01c686b3 add              x13, x13, x28       x13=0000007e x13:ffffffff x28:0000007f
27019456ns          468323 1c00906e 00c686b3 add              x13, x13, x12       x13=0000007e x13:0000007e x12:00000000
27019476ns          468324 1c009070 00f70733 add              x14, x14, x15       x14=00000426 x14:00000426 x15:00000000
27019496ns          468325 1c009072 100747b3 p.exths          x15, x14, x0        x15=00000426 x14:00000426
27019516ns          468326 1c009076 1006c733 p.exths          x14, x13, x0        x14=0000007e x13:0000007e
27019536ns          468327 1c00907a 03170633 mul              x12, x14, x17       x12=000010bc x14:0000007e x17:00000022
27019556ns          468328 1c00907e 030786b3 mul              x13, x15, x16       x13=ffff138a x15:00000426 x16:ffffffc7
27019576ns          468329 1c009082 03070733 mul              x14, x14, x16       x14=ffffe3f2 x14:0000007e x16:ffffffc7
27019596ns          468330 1c009086 031787b3 mul              x15, x15, x17       x15=00008d0c x15:00000426 x17:00000022
27019616ns          468331 1c00908a 40a6d693 srai             x13, x13, 0x40a     x13=ffffffc4 x13:ffff138a
27019635ns          468332 1c00908c 40a65613 srai             x12, x12, 0x40a     x12=00000004 x12:000010bc
27019655ns          468333 1c00908e 40a7d793 srai             x15, x15, 0x40a     x15=00000023 x15:00008d0c
27019675ns          468334 1c009090 40a75713 srai             x14, x14, 0x40a     x14=fffffff8 x14:ffffe3f2
27019695ns          468335 1c009092 40c686b3 sub              x13, x13, x12       x13=ffffffc0 x13:ffffffc4 x12:00000004
27019715ns          468336 1c009094 00e787b3 add              x15, x15, x14       x15=0000001b x15:00000023 x14:fffffff8
27019735ns          468337 1c009096 00d51823 sh               x13, 16(x10)        x13:ffffffc0 x10:10003fa4  PA:10003fb4
27019755ns          468338 1c00909a 00f51923 sh               x15, 18(x10)        x15:0000001b x10:10003fa4  PA:10003fb6
27019775ns          468339 1c00909e 00008067 jalr             x0, x1, 0            x1:1c0093e8
27019814ns          468341 1c0093e8 2dc15583 lhu              x11, 732(x2)        x11=0000ffc0  x2:10003cd8  PA:10003fb4
27019834ns          468342 1c0093ec 2de15783 lhu              x15, 734(x2)        x15=0000001b  x2:10003cd8  PA:10003fb6
27019854ns          468343 1c0093f0 40b90933 sub              x18, x18, x11       x18=ffff0004 x18:ffffffc4 x11:0000ffc0
27019874ns          468344 1c0093f4 40f484b3 sub              x9, x9, x15          x9=0000000a  x9:00000025 x15:0000001b
27019894ns          468345 1c0093f6 100945b3 p.exths          x11, x18, x0        x11=00000004 x18:ffff0004
27019914ns          468346 1c0093fa 1004c7b3 p.exths          x15, x9, x0         x15=0000000a  x9:0000000a
27019934ns          468347 1c0093fe 034586b3 mul              x13, x11, x20       x13=ffffff1c x11:00000004 x20:ffffffc7
27019954ns          468348 1c009402 03378533 mul              x10, x15, x19       x10=00000154 x15:0000000a x19:00000022
27019974ns          468349 1c009406 034a0633 mul              x12, x20, x20       x12=00000cb1 x20:ffffffc7 x20:ffffffc7
27019993ns          468350 1c00940a 03398733 mul              x14, x19, x19       x14=00000484 x19:00000022 x19:00000022
27020013ns          468351 1c00940e 034787b3 mul              x15, x15, x20       x15=fffffdc6 x15:0000000a x20:ffffffc7
27020033ns          468352 1c009412 033585b3 mul              x11, x11, x19       x11=00000088 x11:00000004 x19:00000022
27020053ns          468353 1c009416 40a75713 srai             x14, x14, 0x40a     x14=00000001 x14:00000484
27020073ns          468354 1c009418 40a5d593 srai             x11, x11, 0x40a     x11=00000000 x11:00000088
27020093ns          468355 1c00941a 40a65613 srai             x12, x12, 0x40a     x12=00000003 x12:00000cb1
27020113ns          468356 1c00941c 40a7d793 srai             x15, x15, 0x40a     x15=ffffffff x15:fffffdc6
27020133ns          468357 1c00941e 1c0034b7 lui              x9, 0x1c003000       x9=1c003000
27020153ns          468358 1c009422 00e60633 add              x12, x12, x14       x12=00000004 x12:00000003 x14:00000001
27020172ns          468359 1c009424 40b787b3 sub              x15, x15, x11       x15=ffffffff x15:ffffffff x11:00000000
27020192ns          468360 1c009426 eb048493 addi             x9, x9, -336         x9=1c002eb0  x9:1c003000
27020212ns          468361 1c00942a 1c0032b7 lui              x5, 0x1c003000       x5=1c003000
27020232ns          468362 1c00942e 1c0035b7 lui              x11, 0x1c003000     x11=1c003000
27020252ns          468363 1c009432 018483b3 add              x7, x9, x24          x7=1c002ebe  x9:1c002eb0 x24:0000000e
27020272ns          468364 1c009436 02812e83 lw               x29, 40(x2)         x29=1c002ece  x2:10003cd8  PA:10003d00
27020292ns          468365 1c009438 10065633 p.exthz          x12, x12, x0        x12=00000004 x12:00000004
27020312ns          468366 1c00943c e8028293 addi             x5, x5, -384         x5=1c002e80  x5:1c003000
27020332ns          468367 1c009440 ea058593 addi             x11, x11, -352      x11=1c002ea0 x11:1c003000
27020351ns          468368 1c009444 03812483 lw               x9, 56(x2)           x9=1c002eee  x2:10003cd8  PA:10003d10
27020371ns          468369 1c009446 10064733 p.exths          x14, x12, x0        x14=00000004 x12:00000004
27020391ns          468370 1c00944a 018280b3 add              x1, x5, x24          x1=1c002e8e  x5:1c002e80 x24:0000000e
27020411ns          468371 1c00944e 03012f03 lw               x30, 48(x2)         x30=1c002ede  x2:10003cd8  PA:10003d08
27020431ns          468372 1c009450 018582b3 add              x5, x11, x24         x5=1c002eae x11:1c002ea0 x24:0000000e
27020451ns          468373 1c009454 04012583 lw               x11, 64(x2)         x11=1c002efe  x2:10003cd8  PA:10003d18
27020471ns          468374 1c009456 000edd83 lhu              x27, 0(x29)         x27=00000e4e x29:1c002ece  PA:1c002ece
27020809ns          468391 1c00945a 0004d483 lhu              x9, 0(x9)            x9=00000352  x9:1c002eee  PA:1c002eee
27021147ns          468408 1c00945e 02e70333 mul              x6, x14, x14         x6=00000010 x14:00000004 x14:00000004
27021167ns          468409 1c009462 40a55513 srai             x10, x10, 0x40a     x10=00000000 x10:00000154
27021187ns          468410 1c009464 04812e83 lw               x29, 72(x2)         x29=1c002f0e  x2:10003cd8  PA:10003d20
27021207ns          468411 1c009466 40a6d693 srai             x13, x13, 0x40a     x13=ffffffff x13:ffffff1c
27021226ns          468412 1c009468 000f5d03 lhu              x26, 0(x30)         x26=000005b4 x30:1c002ede  PA:1c002ede
27021565ns          468429 1c00946c 0005d583 lhu              x11, 0(x11)         x11=0000023f x11:1c002efe  PA:1c002efe
27021942ns          468448 1c009470 40a35313 srai             x6, x6, 0x40a        x6=00000000  x6:00000010
27021962ns          468449 1c009474 00a686b3 add              x13, x13, x10       x13=ffffffff x13:ffffffff x10:00000000
27021982ns          468450 1c009476 05012f03 lw               x30, 80(x2)         x30=1c002e7e  x2:10003cd8  PA:10003d28
27022002ns          468451 1c009478 10034e33 p.exths          x28, x6, x0         x28=00000000  x6:00000000
27022022ns          468452 1c00947c 06911023 sh               x9, 96(x2)           x9:00000352  x2:10003cd8  PA:10003d38
27022062ns          468454 1c009480 000ede83 lhu              x29, 0(x29)         x29=0000019f x29:1c002f0e  PA:1c002f0e
27022360ns          468469 1c009484 05812483 lw               x9, 88(x2)           x9=1c002e6e  x2:10003cd8  PA:10003d30
27022380ns          468470 1c009486 1006d6b3 p.exthz          x13, x13, x0        x13=0000ffff x13:ffffffff
27022400ns          468471 1c00948a 02ee08b3 mul              x17, x28, x14       x17=00000000 x28:00000000 x14:00000004
27022420ns          468472 1c00948e 1006c833 p.exths          x16, x13, x0        x16=ffffffff x13:0000ffff
27022440ns          468473 1c009492 06b11823 sh               x11, 112(x2)        x11:0000023f  x2:10003cd8  PA:10003d48
27022460ns          468474 1c009496 000f5f03 lhu              x30, 0(x30)         x30=0000ff4a x30:1c002e7e  PA:1c002e7e
27022778ns          468490 1c00949a 0a012583 lw               x11, 160(x2)        x11=1c002e9e  x2:10003cd8  PA:10003d78
27022798ns          468491 1c00949c 1007d7b3 p.exthz          x15, x15, x0        x15=0000ffff x15:ffffffff
27022818ns          468492 1c0094a0 0004da03 lhu              x20, 0(x9)          x20=0000fc81  x9:1c002e6e  PA:1c002e6e
27023195ns          468511 1c0094a4 1007c533 p.exths          x10, x15, x0        x10=ffffffff x15:0000ffff
27023215ns          468512 1c0094a8 09d11023 sh               x29, 128(x2)        x29:0000019f  x2:10003cd8  PA:10003d58
27023235ns          468513 1c0094ac 0003d483 lhu              x9, 0(x7)            x9=0000ffc4  x7:1c002ebe  PA:1c002ebe
27023533ns          468528 1c0094b0 02e80eb3 mul              x29, x16, x14       x29=fffffffc x16:ffffffff x14:00000004
27023553ns          468529 1c0094b4 40a8d893 srai             x17, x17, 0x40a     x17=00000000 x17:00000000
27023573ns          468530 1c0094b8 03c80833 mul              x16, x16, x28       x16=00000000 x16:ffffffff x28:00000000
27023593ns          468531 1c0094bc 09e11823 sh               x30, 144(x2)        x30:0000ff4a  x2:10003cd8  PA:10003d68
27023613ns          468532 1c0094c0 0005d983 lhu              x19, 0(x11)         x19=0000ffa2 x11:1c002e9e  PA:1c002e9e
27023931ns          468548 1c0094c4 81c88f5b p.muls           x30, x17, x28       x30=00000000 x17:00000000 x28:00000000
27023951ns          468549 1c0094c8 0002d583 lhu              x11, 0(x5)          x11=0000ff00  x5:1c002eae  PA:1c002eae
27024269ns          468565 1c0094cc 03ce0fb3 mul              x31, x28, x28       x31=00000000 x28:00000000 x28:00000000
27024289ns          468566 1c0094d0 02e50733 mul              x14, x10, x14       x14=fffffffc x10:ffffffff x14:00000004
27024309ns          468567 1c0094d4 40a85813 srai             x16, x16, 0x40a     x16=00000000 x16:00000000
27024329ns          468568 1c0094d8 03c50533 mul              x10, x10, x28       x10=00000000 x10:ffffffff x28:00000000
27024349ns          468569 1c0094dc 07015e03 lhu              x28, 112(x2)        x28=0000023f  x2:10003cd8  PA:10003d48
27024389ns          468571 1c0094e0 01b60633 add              x12, x12, x27       x12=00000e52 x12:00000004 x27:00000e4e
27024409ns          468572 1c0094e2 00980833 add              x16, x16, x9        x16=0000ffc4 x16:00000000  x9:0000ffc4
27024428ns          468573 1c0094e4 06015d83 lhu              x27, 96(x2)         x27=00000352  x2:10003cd8  PA:10003d38
27024448ns          468574 1c0094e8 02812483 lw               x9, 40(x2)           x9=1c002ece  x2:10003cd8  PA:10003d00
27024468ns          468575 1c0094ea 40afdf93 srai             x31, x31, 0x40a     x31=00000000 x31:00000000
27024488ns          468576 1c0094ee 40a55513 srai             x10, x10, 0x40a     x10=00000000 x10:00000000
27024508ns          468577 1c0094f0 01cf8fb3 add              x31, x31, x28       x31=0000023f x31:00000000 x28:0000023f
27024528ns          468578 1c0094f2 00b50533 add              x10, x10, x11       x10=0000ff00 x10:00000000 x11:0000ff00
27024548ns          468579 1c0094f4 09015e03 lhu              x28, 144(x2)        x28=0000ff4a  x2:10003cd8  PA:10003d68
27024568ns          468580 1c0094f8 03012583 lw               x11, 48(x2)         x11=1c002ede  x2:10003cd8  PA:10003d08
27024588ns          468581 1c0094fa 00c49023 sh               x12, 0(x9)          x12:00000e52  x9:1c002ece  PA:1c002ece
27024946ns          468599 1c0094fe 01b888b3 add              x17, x17, x27       x17=00000352 x17:00000000 x27:00000352
27024965ns          468600 1c009500 01a30333 add              x6, x6, x26          x6=000005b4  x6:00000000 x26:000005b4
27024985ns          468601 1c009502 08015d83 lhu              x27, 128(x2)        x27=0000019f  x2:10003cd8  PA:10003d58
27025005ns          468602 1c009506 0000d903 lhu              x18, 0(x1)          x18=0000fe5b  x1:1c002e8e  PA:1c002e8e
27025323ns          468618 1c00950a 01c686b3 add              x13, x13, x28       x13=0001ff49 x13:0000ffff x28:0000ff4a
27025343ns          468619 1c00950c 00659023 sh               x6, 0(x11)           x6:000005b4 x11:1c002ede  PA:1c002ede
27025681ns          468636 1c009510 40af5f13 srai             x30, x30, 0x40a     x30=00000000 x30:00000000
27025701ns          468637 1c009514 04812e03 lw               x28, 72(x2)         x28=1c002f0e  x2:10003cd8  PA:10003d20
27025721ns          468638 1c009516 01bf0f33 add              x30, x30, x27       x30=0000019f x30:00000000 x27:0000019f
27025741ns          468639 1c009518 40aede93 srai             x29, x29, 0x40a     x29=ffffffff x29:fffffffc
27025761ns          468640 1c00951c 40a75713 srai             x14, x14, 0x40a     x14=ffffffff x14:fffffffc
27025781ns          468641 1c00951e 03812603 lw               x12, 56(x2)         x12=1c002eee  x2:10003cd8  PA:10003d10
27025801ns          468642 1c009520 04012d83 lw               x27, 64(x2)         x27=1c002efe  x2:10003cd8  PA:10003d18
27025821ns          468643 1c009522 01ee1023 sh               x30, 0(x28)         x30:0000019f x28:1c002f0e  PA:1c002f0e
27026179ns          468661 1c009526 05812483 lw               x9, 88(x2)           x9=1c002e6e  x2:10003cd8  PA:10003d30
27026198ns          468662 1c009528 05012f03 lw               x30, 80(x2)         x30=1c002e7e  x2:10003cd8  PA:10003d28
27026218ns          468663 1c00952a 0a012583 lw               x11, 160(x2)        x11=1c002e9e  x2:10003cd8  PA:10003d78
27026238ns          468664 1c00952c 014787b3 add              x15, x15, x20       x15=0001fc80 x15:0000ffff x20:0000fc81
27026258ns          468665 1c00952e 013e8eb3 add              x29, x29, x19       x29=0000ffa1 x29:ffffffff x19:0000ffa2
27026278ns          468666 1c009530 01270733 add              x14, x14, x18       x14=0000fe5a x14:ffffffff x18:0000fe5b
27026298ns          468667 1c009532 00f49023 sh               x15, 0(x9)          x15:0001fc80  x9:1c002e6e  PA:1c002e6e
27026616ns          468683 1c009536 01161023 sh               x17, 0(x12)         x17:00000352 x12:1c002eee  PA:1c002eee
27026954ns          468700 1c00953a 01fd9023 sh               x31, 0(x27)         x31:0000023f x27:1c002efe  PA:1c002efe
27027272ns          468716 1c00953e 00df1023 sh               x13, 0(x30)         x13:0001ff49 x30:1c002e7e  PA:1c002e7e
27027591ns          468732 1c009542 01d59023 sh               x29, 0(x11)         x29:0000ffa1 x11:1c002e9e  PA:1c002e9e
27027909ns          468748 1c009546 00e09023 sh               x14, 0(x1)          x14:0000fe5a  x1:1c002e8e  PA:1c002e8e
27028227ns          468764 1c00954a 01039023 sh               x16, 0(x7)          x16:0000ffc4  x7:1c002ebe  PA:1c002ebe
27028585ns          468782 1c00954e 00a29023 sh               x10, 0(x5)          x10:0000ff00  x5:1c002eae  PA:1c002eae
27028923ns          468799 1c009552 008b0b13 addi             x22, x22, 8         x22=000000d7 x22:000000cf
27028943ns          468800 1c009554 1f300793 addi             x15, x0, 499        x15=000001f3
27028963ns          468801 1c009558 e767dae3 bge              x15, x22, -396      x15:000001f3 x22:000000d7
27029023ns          468804 1c0093cc 010c9a0b p.lh             x20, 16(x25!)       x20=fffffeae x25=1c002846 x25:1c002836  PA:1c002836
27029341ns          468820 1c0093d0 0104198b p.lh             x19, 16(x8!)        x19=000000da  x8=1c00200e  x8:1c001ffe  PA:1c001ffe
27029659ns          468836 1c0093d4 2cc10513 addi             x10, x2, 716        x10=10003fa4  x2:10003cd8
27029679ns          468837 1c0093d6 010a990b p.lh             x18, 16(x21!)       x18=fffffeb3 x21=1c00183a x21:1c00182a  PA:1c00182a
27029977ns          468852 1c0093da 010b948b p.lh             x9, 16(x23!)         x9=000000f0 x23=1c00106a x23:1c00105a  PA:1c00105a
27030276ns          468867 1c0093de 2d411623 sh               x20, 716(x2)        x20:fffffeae  x2:10003cd8  PA:10003fa4
27030295ns          468868 1c0093e2 2d311723 sh               x19, 718(x2)        x19:000000da  x2:10003cd8  PA:10003fa6
27030315ns          468869 1c0093e6 c33ff0ef jal              x1, -974             x1=1c0093e8
27030355ns          468871 1c009018 00051803 lh               x16, 0(x10)         x16=fffffeae x10:10003fa4  PA:10003fa4
27030375ns          468872 1c00901c 00251883 lh               x17, 2(x10)         x17=000000da x10:10003fa4  PA:10003fa6
27030395ns          468873 1c009020 030806b3 mul              x13, x16, x16       x13=0001be44 x16:fffffeae x16:fffffeae
27030415ns          468874 1c009024 03188633 mul              x12, x17, x17       x12=0000b9a4 x17:000000da x17:000000da
27030435ns          468875 1c009028 40a65613 srai             x12, x12, 0x40a     x12=0000002e x12:0000b9a4
27030455ns          468876 1c00902a 40a6d693 srai             x13, x13, 0x40a     x13=0000006f x13:0001be44
27030474ns          468877 1c00902c 00c686b3 add              x13, x13, x12       x13=0000009d x13:0000006f x12:0000002e
27030494ns          468878 1c00902e 1006c633 p.exths          x12, x13, x0        x12=0000009d x13:0000009d
27030514ns          468879 1c009032 00855703 lhu              x14, 8(x10)         x14=0000ffd1 x10:10003fa4  PA:10003fac
27030534ns          468880 1c009036 00a55683 lhu              x13, 10(x10)        x13=0000ff6a x10:10003fa4  PA:10003fae
27030554ns          468881 1c00903a 02c60333 mul              x6, x12, x12         x6=00006049 x12:0000009d x12:0000009d
27030594ns          468883 1c00903e 00c55783 lhu              x15, 12(x10)        x15=0000ffe5 x10:10003fa4  PA:10003fb0
27030634ns          468885 1c009042 00e55583 lhu              x11, 14(x10)        x11=00000060 x10:10003fa4  PA:10003fb2
27030653ns          468886 1c009046 dea30333 p.extract        x6, x6, 15, 10       x6=00000018  x6:00006049
27030673ns          468887 1c00904a 80c7075b p.muls           x14, x14, x12       x14=ffffe32d x14:0000ffd1 x12:0000009d
27030693ns          468888 1c00904e 80c686db p.muls           x13, x13, x12       x13=ffffa402 x13:0000ff6a x12:0000009d
27030713ns          468889 1c009052 00455e83 lhu              x29, 4(x10)         x29=00000427 x10:10003fa4  PA:10003fa8
27030733ns          468890 1c009056 00655e03 lhu              x28, 6(x10)         x28=0000007f x10:10003fa4  PA:10003faa
27030753ns          468891 1c00905a 40a75713 srai             x14, x14, 0x40a     x14=fffffff8 x14:ffffe32d
27030773ns          468892 1c00905c 806787db p.muls           x15, x15, x6        x15=fffffd78 x15:0000ffe5  x6:00000018
27030812ns          468894 1c009060 40a6d693 srai             x13, x13, 0x40a     x13=ffffffe9 x13:ffffa402
27030852ns          468896 1c009062 8065865b p.muls           x12, x11, x6        x12=00000900 x11:00000060  x6:00000018
27030872ns          468897 1c009066 40a7d793 srai             x15, x15, 0x40a     x15=ffffffff x15:fffffd78
27030892ns          468898 1c009068 40a65613 srai             x12, x12, 0x40a     x12=00000002 x12:00000900
27030912ns          468899 1c00906a 01d70733 add              x14, x14, x29       x14=0000041f x14:fffffff8 x29:00000427
27030932ns          468900 1c00906c 01c686b3 add              x13, x13, x28       x13=00000068 x13:ffffffe9 x28:0000007f
27030952ns          468901 1c00906e 00c686b3 add              x13, x13, x12       x13=0000006a x13:00000068 x12:00000002
27030972ns          468902 1c009070 00f70733 add              x14, x14, x15       x14=0000041e x14:0000041f x15:ffffffff
27030991ns          468903 1c009072 100747b3 p.exths          x15, x14, x0        x15=0000041e x14:0000041e
27031011ns          468904 1c009076 1006c733 p.exths          x14, x13, x0        x14=0000006a x13:0000006a
27031031ns          468905 1c00907a 03170633 mul              x12, x14, x17       x12=00005a44 x14:0000006a x17:000000da
27031051ns          468906 1c00907e 030786b3 mul              x13, x15, x16       x13=fffa9064 x15:0000041e x16:fffffeae
27031071ns          468907 1c009082 03070733 mul              x14, x14, x16       x14=ffff740c x14:0000006a x16:fffffeae
27031091ns          468908 1c009086 031787b3 mul              x15, x15, x17       x15=0003818c x15:0000041e x17:000000da
27031111ns          468909 1c00908a 40a6d693 srai             x13, x13, 0x40a     x13=fffffea4 x13:fffa9064
27031131ns          468910 1c00908c 40a65613 srai             x12, x12, 0x40a     x12=00000016 x12:00005a44
27031151ns          468911 1c00908e 40a7d793 srai             x15, x15, 0x40a     x15=000000e0 x15:0003818c
27031170ns          468912 1c009090 40a75713 srai             x14, x14, 0x40a     x14=ffffffdd x14:ffff740c
27031190ns          468913 1c009092 40c686b3 sub              x13, x13, x12       x13=fffffe8e x13:fffffea4 x12:00000016
27031210ns          468914 1c009094 00e787b3 add              x15, x15, x14       x15=000000bd x15:000000e0 x14:ffffffdd
27031230ns          468915 1c009096 00d51823 sh               x13, 16(x10)        x13:fffffe8e x10:10003fa4  PA:10003fb4
27031250ns          468916 1c00909a 00f51923 sh               x15, 18(x10)        x15:000000bd x10:10003fa4  PA:10003fb6
27031270ns          468917 1c00909e 00008067 jalr             x0, x1, 0            x1:1c0093e8
27031349ns          468921 1c0093e8 2dc15583 lhu              x11, 732(x2)        x11=0000fe8e  x2:10003cd8  PA:10003fb4
27031369ns          468922 1c0093ec 2de15783 lhu              x15, 734(x2)        x15=000000bd  x2:10003cd8  PA:10003fb6
27031409ns          468924 1c0093f0 40b90933 sub              x18, x18, x11       x18=ffff0025 x18:fffffeb3 x11:0000fe8e
27031429ns          468925 1c0093f4 40f484b3 sub              x9, x9, x15          x9=00000033  x9:000000f0 x15:000000bd
27031449ns          468926 1c0093f6 100945b3 p.exths          x11, x18, x0        x11=00000025 x18:ffff0025
27031469ns          468927 1c0093fa 1004c7b3 p.exths          x15, x9, x0         x15=00000033  x9:00000033
27031489ns          468928 1c0093fe 034586b3 mul              x13, x11, x20       x13=ffffcf26 x11:00000025 x20:fffffeae
27031509ns          468929 1c009402 03378533 mul              x10, x15, x19       x10=00002b6e x15:00000033 x19:000000da
27031528ns          468930 1c009406 034a0633 mul              x12, x20, x20       x12=0001be44 x20:fffffeae x20:fffffeae
27031548ns          468931 1c00940a 03398733 mul              x14, x19, x19       x14=0000b9a4 x19:000000da x19:000000da
27031568ns          468932 1c00940e 034787b3 mul              x15, x15, x20       x15=ffffbcaa x15:00000033 x20:fffffeae
27031588ns          468933 1c009412 033585b3 mul              x11, x11, x19       x11=00001f82 x11:00000025 x19:000000da
27031608ns          468934 1c009416 40a75713 srai             x14, x14, 0x40a     x14=0000002e x14:0000b9a4
27031628ns          468935 1c009418 40a5d593 srai             x11, x11, 0x40a     x11=00000007 x11:00001f82
27031648ns          468936 1c00941a 40a65613 srai             x12, x12, 0x40a     x12=0000006f x12:0001be44
27031668ns          468937 1c00941c 40a7d793 srai             x15, x15, 0x40a     x15=ffffffef x15:ffffbcaa
27031688ns          468938 1c00941e 1c0034b7 lui              x9, 0x1c003000       x9=1c003000
27031707ns          468939 1c009422 00e60633 add              x12, x12, x14       x12=0000009d x12:0000006f x14:0000002e
27031727ns          468940 1c009424 40b787b3 sub              x15, x15, x11       x15=ffffffe8 x15:ffffffef x11:00000007
27031747ns          468941 1c009426 eb048493 addi             x9, x9, -336         x9=1c002eb0  x9:1c003000
27031767ns          468942 1c00942a 1c0032b7 lui              x5, 0x1c003000       x5=1c003000
27031787ns          468943 1c00942e 1c0035b7 lui              x11, 0x1c003000     x11=1c003000
27031807ns          468944 1c009432 018483b3 add              x7, x9, x24          x7=1c002ebe  x9:1c002eb0 x24:0000000e
27031827ns          468945 1c009436 02812e83 lw               x29, 40(x2)         x29=1c002ece  x2:10003cd8  PA:10003d00
27031847ns          468946 1c009438 10065633 p.exthz          x12, x12, x0        x12=0000009d x12:0000009d
27031867ns          468947 1c00943c e8028293 addi             x5, x5, -384         x5=1c002e80  x5:1c003000
27031886ns          468948 1c009440 ea058593 addi             x11, x11, -352      x11=1c002ea0 x11:1c003000
27031926ns          468950 1c009444 03812483 lw               x9, 56(x2)           x9=1c002eee  x2:10003cd8  PA:10003d10
27031946ns          468951 1c009446 10064733 p.exths          x14, x12, x0        x14=0000009d x12:0000009d
27031966ns          468952 1c00944a 018280b3 add              x1, x5, x24          x1=1c002e8e  x5:1c002e80 x24:0000000e
27031986ns          468953 1c00944e 03012f03 lw               x30, 48(x2)         x30=1c002ede  x2:10003cd8  PA:10003d08
27032006ns          468954 1c009450 018582b3 add              x5, x11, x24         x5=1c002eae x11:1c002ea0 x24:0000000e
27032026ns          468955 1c009454 04012583 lw               x11, 64(x2)         x11=1c002efe  x2:10003cd8  PA:10003d18
27032046ns          468956 1c009456 000edd83 lhu              x27, 0(x29)         x27=00000e52 x29:1c002ece  PA:1c002ece
27032364ns          468972 1c00945a 0004d483 lhu              x9, 0(x9)            x9=00000352  x9:1c002eee  PA:1c002eee
27032662ns          468987 1c00945e 02e70333 mul              x6, x14, x14         x6=00006049 x14:0000009d x14:0000009d
27032682ns          468988 1c009462 40a55513 srai             x10, x10, 0x40a     x10=0000000a x10:00002b6e
27032702ns          468989 1c009464 04812e83 lw               x29, 72(x2)         x29=1c002f0e  x2:10003cd8  PA:10003d20
27032722ns          468990 1c009466 40a6d693 srai             x13, x13, 0x40a     x13=fffffff3 x13:ffffcf26
27032742ns          468991 1c009468 000f5d03 lhu              x26, 0(x30)         x26=000005b4 x30:1c002ede  PA:1c002ede
27033060ns          469007 1c00946c 0005d583 lhu              x11, 0(x11)         x11=0000023f x11:1c002efe  PA:1c002efe
27033358ns          469022 1c009470 40a35313 srai             x6, x6, 0x40a        x6=00000018  x6:00006049
27033378ns          469023 1c009474 00a686b3 add              x13, x13, x10       x13=fffffffd x13:fffffff3 x10:0000000a
27033398ns          469024 1c009476 05012f03 lw               x30, 80(x2)         x30=1c002e7e  x2:10003cd8  PA:10003d28
27033418ns          469025 1c009478 10034e33 p.exths          x28, x6, x0         x28=00000018  x6:00000018
27033438ns          469026 1c00947c 06911023 sh               x9, 96(x2)           x9:00000352  x2:10003cd8  PA:10003d38
27033477ns          469028 1c009480 000ede83 lhu              x29, 0(x29)         x29=0000019f x29:1c002f0e  PA:1c002f0e
27033855ns          469047 1c009484 05812483 lw               x9, 88(x2)           x9=1c002e6e  x2:10003cd8  PA:10003d30
27033875ns          469048 1c009486 1006d6b3 p.exthz          x13, x13, x0        x13=0000fffd x13:fffffffd
27033895ns          469049 1c00948a 02ee08b3 mul              x17, x28, x14       x17=00000eb8 x28:00000018 x14:0000009d
27033915ns          469050 1c00948e 1006c833 p.exths          x16, x13, x0        x16=fffffffd x13:0000fffd
27033935ns          469051 1c009492 06b11823 sh               x11, 112(x2)        x11:0000023f  x2:10003cd8  PA:10003d48
27033955ns          469052 1c009496 000f5f03 lhu              x30, 0(x30)         x30=0000ff49 x30:1c002e7e  PA:1c002e7e
27034273ns          469068 1c00949a 0a012583 lw               x11, 160(x2)        x11=1c002e9e  x2:10003cd8  PA:10003d78
27034293ns          469069 1c00949c 1007d7b3 p.exthz          x15, x15, x0        x15=0000ffe8 x15:ffffffe8
27034313ns          469070 1c0094a0 0004da03 lhu              x20, 0(x9)          x20=0000fc80  x9:1c002e6e  PA:1c002e6e
27034611ns          469085 1c0094a4 1007c533 p.exths          x10, x15, x0        x10=ffffffe8 x15:0000ffe8
27034631ns          469086 1c0094a8 09d11023 sh               x29, 128(x2)        x29:0000019f  x2:10003cd8  PA:10003d58
27034651ns          469087 1c0094ac 0003d483 lhu              x9, 0(x7)            x9=0000ffc4  x7:1c002ebe  PA:1c002ebe
27034969ns          469103 1c0094b0 02e80eb3 mul              x29, x16, x14       x29=fffffe29 x16:fffffffd x14:0000009d
27034989ns          469104 1c0094b4 40a8d893 srai             x17, x17, 0x40a     x17=00000003 x17:00000eb8
27035009ns          469105 1c0094b8 03c80833 mul              x16, x16, x28       x16=ffffffb8 x16:fffffffd x28:00000018
27035029ns          469106 1c0094bc 09e11823 sh               x30, 144(x2)        x30:0000ff49  x2:10003cd8  PA:10003d68
27035049ns          469107 1c0094c0 0005d983 lhu              x19, 0(x11)         x19=0000ffa1 x11:1c002e9e  PA:1c002e9e
27035347ns          469122 1c0094c4 81c88f5b p.muls           x30, x17, x28       x30=00000048 x17:00000003 x28:00000018
27035367ns          469123 1c0094c8 0002d583 lhu              x11, 0(x5)          x11=0000ff00  x5:1c002eae  PA:1c002eae
27035665ns          469138 1c0094cc 03ce0fb3 mul              x31, x28, x28       x31=00000240 x28:00000018 x28:00000018
27035685ns          469139 1c0094d0 02e50733 mul              x14, x10, x14       x14=fffff148 x10:ffffffe8 x14:0000009d
27035705ns          469140 1c0094d4 40a85813 srai             x16, x16, 0x40a     x16=ffffffff x16:ffffffb8
27035725ns          469141 1c0094d8 03c50533 mul              x10, x10, x28       x10=fffffdc0 x10:ffffffe8 x28:00000018
27035745ns          469142 1c0094dc 07015e03 lhu              x28, 112(x2)        x28=0000023f  x2:10003cd8  PA:10003d48
27035765ns          469143 1c0094e0 01b60633 add              x12, x12, x27       x12=00000eef x12:0000009d x27:00000e52
27035784ns          469144 1c0094e2 00980833 add              x16, x16, x9        x16=0000ffc3 x16:ffffffff  x9:0000ffc4
27035804ns          469145 1c0094e4 06015d83 lhu              x27, 96(x2)         x27=00000352  x2:10003cd8  PA:10003d38
27035824ns          469146 1c0094e8 02812483 lw               x9, 40(x2)           x9=1c002ece  x2:10003cd8  PA:10003d00
27035844ns          469147 1c0094ea 40afdf93 srai             x31, x31, 0x40a     x31=00000000 x31:00000240
27035864ns          469148 1c0094ee 40a55513 srai             x10, x10, 0x40a     x10=ffffffff x10:fffffdc0
27035884ns          469149 1c0094f0 01cf8fb3 add              x31, x31, x28       x31=0000023f x31:00000000 x28:0000023f
27035904ns          469150 1c0094f2 00b50533 add              x10, x10, x11       x10=0000feff x10:ffffffff x11:0000ff00
27035924ns          469151 1c0094f4 09015e03 lhu              x28, 144(x2)        x28=0000ff49  x2:10003cd8  PA:10003d68
27035944ns          469152 1c0094f8 03012583 lw               x11, 48(x2)         x11=1c002ede  x2:10003cd8  PA:10003d08
27035963ns          469153 1c0094fa 00c49023 sh               x12, 0(x9)          x12:00000eef  x9:1c002ece  PA:1c002ece
27036321ns          469171 1c0094fe 01b888b3 add              x17, x17, x27       x17=00000355 x17:00000003 x27:00000352
27036341ns          469172 1c009500 01a30333 add              x6, x6, x26          x6=000005cc  x6:00000018 x26:000005b4
27036361ns          469173 1c009502 08015d83 lhu              x27, 128(x2)        x27=0000019f  x2:10003cd8  PA:10003d58
27036381ns          469174 1c009506 0000d903 lhu              x18, 0(x1)          x18=0000fe5a  x1:1c002e8e  PA:1c002e8e
27036679ns          469189 1c00950a 01c686b3 add              x13, x13, x28       x13=0001ff46 x13:0000fffd x28:0000ff49
27036699ns          469190 1c00950c 00659023 sh               x6, 0(x11)           x6:000005cc x11:1c002ede  PA:1c002ede
27037018ns          469206 1c009510 40af5f13 srai             x30, x30, 0x40a     x30=00000000 x30:00000048
27037037ns          469207 1c009514 04812e03 lw               x28, 72(x2)         x28=1c002f0e  x2:10003cd8  PA:10003d20
27037057ns          469208 1c009516 01bf0f33 add              x30, x30, x27       x30=0000019f x30:00000000 x27:0000019f
27037077ns          469209 1c009518 40aede93 srai             x29, x29, 0x40a     x29=ffffffff x29:fffffe29
27037097ns          469210 1c00951c 40a75713 srai             x14, x14, 0x40a     x14=fffffffc x14:fffff148
27037117ns          469211 1c00951e 03812603 lw               x12, 56(x2)         x12=1c002eee  x2:10003cd8  PA:10003d10
27037137ns          469212 1c009520 04012d83 lw               x27, 64(x2)         x27=1c002efe  x2:10003cd8  PA:10003d18
27037157ns          469213 1c009522 01ee1023 sh               x30, 0(x28)         x30:0000019f x28:1c002f0e  PA:1c002f0e
27037475ns          469229 1c009526 05812483 lw               x9, 88(x2)           x9=1c002e6e  x2:10003cd8  PA:10003d30
27037495ns          469230 1c009528 05012f03 lw               x30, 80(x2)         x30=1c002e7e  x2:10003cd8  PA:10003d28
27037515ns          469231 1c00952a 0a012583 lw               x11, 160(x2)        x11=1c002e9e  x2:10003cd8  PA:10003d78
27037535ns          469232 1c00952c 014787b3 add              x15, x15, x20       x15=0001fc68 x15:0000ffe8 x20:0000fc80
27037555ns          469233 1c00952e 013e8eb3 add              x29, x29, x19       x29=0000ffa0 x29:ffffffff x19:0000ffa1
27037574ns          469234 1c009530 01270733 add              x14, x14, x18       x14=0000fe56 x14:fffffffc x18:0000fe5a
27037594ns          469235 1c009532 00f49023 sh               x15, 0(x9)          x15:0001fc68  x9:1c002e6e  PA:1c002e6e
27037932ns          469252 1c009536 01161023 sh               x17, 0(x12)         x17:00000355 x12:1c002eee  PA:1c002eee
27038251ns          469268 1c00953a 01fd9023 sh               x31, 0(x27)         x31:0000023f x27:1c002efe  PA:1c002efe
27038569ns          469284 1c00953e 00df1023 sh               x13, 0(x30)         x13:0001ff46 x30:1c002e7e  PA:1c002e7e
27038907ns          469301 1c009542 01d59023 sh               x29, 0(x11)         x29:0000ffa0 x11:1c002e9e  PA:1c002e9e
27039225ns          469317 1c009546 00e09023 sh               x14, 0(x1)          x14:0000fe56  x1:1c002e8e  PA:1c002e8e
27039543ns          469333 1c00954a 01039023 sh               x16, 0(x7)          x16:0000ffc3  x7:1c002ebe  PA:1c002ebe
27039881ns          469350 1c00954e 00a29023 sh               x10, 0(x5)          x10:0000feff  x5:1c002eae  PA:1c002eae
27040220ns          469367 1c009552 008b0b13 addi             x22, x22, 8         x22=000000df x22:000000d7
27040239ns          469368 1c009554 1f300793 addi             x15, x0, 499        x15=000001f3
27040259ns          469369 1c009558 e767dae3 bge              x15, x22, -396      x15:000001f3 x22:000000df
27040359ns          469374 1c0093cc 010c9a0b p.lh             x20, 16(x25!)       x20=fffffed0 x25=1c002856 x25:1c002846  PA:1c002846
27040697ns          469391 1c0093d0 0104198b p.lh             x19, 16(x8!)        x19=ffffffe1  x8=1c00201e  x8:1c00200e  PA:1c00200e
27041055ns          469409 1c0093d4 2cc10513 addi             x10, x2, 716        x10=10003fa4  x2:10003cd8
27041075ns          469410 1c0093d6 010a990b p.lh             x18, 16(x21!)       x18=fffffec7 x21=1c00184a x21:1c00183a  PA:1c00183a
27041373ns          469425 1c0093da 010b948b p.lh             x9, 16(x23!)         x9=fffffffb x23=1c00107a x23:1c00106a  PA:1c00106a
27041711ns          469442 1c0093de 2d411623 sh               x20, 716(x2)        x20:fffffed0  x2:10003cd8  PA:10003fa4
27041731ns          469443 1c0093e2 2d311723 sh               x19, 718(x2)        x19:ffffffe1  x2:10003cd8  PA:10003fa6
27041751ns          469444 1c0093e6 c33ff0ef jal              x1, -974             x1=1c0093e8
27041830ns          469448 1c009018 00051803 lh               x16, 0(x10)         x16=fffffed0 x10:10003fa4  PA:10003fa4
27041870ns          469450 1c00901c 00251883 lh               x17, 2(x10)         x17=ffffffe1 x10:10003fa4  PA:10003fa6
27041910ns          469452 1c009020 030806b3 mul              x13, x16, x16       x13=00016900 x16:fffffed0 x16:fffffed0
27041930ns          469453 1c009024 03188633 mul              x12, x17, x17       x12=000003c1 x17:ffffffe1 x17:ffffffe1
27041950ns          469454 1c009028 40a65613 srai             x12, x12, 0x40a     x12=00000000 x12:000003c1
27041970ns          469455 1c00902a 40a6d693 srai             x13, x13, 0x40a     x13=0000005a x13:00016900
27041990ns          469456 1c00902c 00c686b3 add              x13, x13, x12       x13=0000005a x13:0000005a x12:00000000
27042009ns          469457 1c00902e 1006c633 p.exths          x12, x13, x0        x12=0000005a x13:0000005a
27042029ns          469458 1c009032 00855703 lhu              x14, 8(x10)         x14=0000ffd1 x10:10003fa4  PA:10003fac
27042049ns          469459 1c009036 00a55683 lhu              x13, 10(x10)        x13=0000ff6a x10:10003fa4  PA:10003fae
27042069ns          469460 1c00903a 02c60333 mul              x6, x12, x12         x6=00001fa4 x12:0000005a x12:0000005a
27042129ns          469463 1c00903e 00c55783 lhu              x15, 12(x10)        x15=0000ffe5 x10:10003fa4  PA:10003fb0
27042169ns          469465 1c009042 00e55583 lhu              x11, 14(x10)        x11=00000060 x10:10003fa4  PA:10003fb2
27042188ns          469466 1c009046 dea30333 p.extract        x6, x6, 15, 10       x6=00000007  x6:00001fa4
27042208ns          469467 1c00904a 80c7075b p.muls           x14, x14, x12       x14=ffffef7a x14:0000ffd1 x12:0000005a
27042268ns          469470 1c00904e 80c686db p.muls           x13, x13, x12       x13=ffffcb44 x13:0000ff6a x12:0000005a
27042308ns          469472 1c009052 00455e83 lhu              x29, 4(x10)         x29=00000427 x10:10003fa4  PA:10003fa8
27042328ns          469473 1c009056 00655e03 lhu              x28, 6(x10)         x28=0000007f x10:10003fa4  PA:10003faa
27042348ns          469474 1c00905a 40a75713 srai             x14, x14, 0x40a     x14=fffffffb x14:ffffef7a
27042367ns          469475 1c00905c 806787db p.muls           x15, x15, x6        x15=ffffff43 x15:0000ffe5  x6:00000007
27042387ns          469476 1c009060 40a6d693 srai             x13, x13, 0x40a     x13=fffffff2 x13:ffffcb44
27042407ns          469477 1c009062 8065865b p.muls           x12, x11, x6        x12=000002a0 x11:00000060  x6:00000007
27042427ns          469478 1c009066 40a7d793 srai             x15, x15, 0x40a     x15=ffffffff x15:ffffff43
27042447ns          469479 1c009068 40a65613 srai             x12, x12, 0x40a     x12=00000000 x12:000002a0
27042467ns          469480 1c00906a 01d70733 add              x14, x14, x29       x14=00000422 x14:fffffffb x29:00000427
27042487ns          469481 1c00906c 01c686b3 add              x13, x13, x28       x13=00000071 x13:fffffff2 x28:0000007f
27042507ns          469482 1c00906e 00c686b3 add              x13, x13, x12       x13=00000071 x13:00000071 x12:00000000
27042527ns          469483 1c009070 00f70733 add              x14, x14, x15       x14=00000421 x14:00000422 x15:ffffffff
27042546ns          469484 1c009072 100747b3 p.exths          x15, x14, x0        x15=00000421 x14:00000421
27042566ns          469485 1c009076 1006c733 p.exths          x14, x13, x0        x14=00000071 x13:00000071
27042586ns          469486 1c00907a 03170633 mul              x12, x14, x17       x12=fffff251 x14:00000071 x17:ffffffe1
27042606ns          469487 1c00907e 030786b3 mul              x13, x15, x16       x13=fffb18d0 x15:00000421 x16:fffffed0
27042626ns          469488 1c009082 03070733 mul              x14, x14, x16       x14=ffff79d0 x14:00000071 x16:fffffed0
27042646ns          469489 1c009086 031787b3 mul              x15, x15, x17       x15=ffff8001 x15:00000421 x17:ffffffe1
27042666ns          469490 1c00908a 40a6d693 srai             x13, x13, 0x40a     x13=fffffec6 x13:fffb18d0
27042686ns          469491 1c00908c 40a65613 srai             x12, x12, 0x40a     x12=fffffffc x12:fffff251
27042706ns          469492 1c00908e 40a7d793 srai             x15, x15, 0x40a     x15=ffffffe0 x15:ffff8001
27042725ns          469493 1c009090 40a75713 srai             x14, x14, 0x40a     x14=ffffffde x14:ffff79d0
27042745ns          469494 1c009092 40c686b3 sub              x13, x13, x12       x13=fffffeca x13:fffffec6 x12:fffffffc
27042765ns          469495 1c009094 00e787b3 add              x15, x15, x14       x15=ffffffbe x15:ffffffe0 x14:ffffffde
27042785ns          469496 1c009096 00d51823 sh               x13, 16(x10)        x13:fffffeca x10:10003fa4  PA:10003fb4
27042805ns          469497 1c00909a 00f51923 sh               x15, 18(x10)        x15:ffffffbe x10:10003fa4  PA:10003fb6
27042825ns          469498 1c00909e 00008067 jalr             x0, x1, 0            x1:1c0093e8
27042885ns          469501 1c0093e8 2dc15583 lhu              x11, 732(x2)        x11=0000feca  x2:10003cd8  PA:10003fb4
27042904ns          469502 1c0093ec 2de15783 lhu              x15, 734(x2)        x15=0000ffbe  x2:10003cd8  PA:10003fb6
27042944ns          469504 1c0093f0 40b90933 sub              x18, x18, x11       x18=fffefffd x18:fffffec7 x11:0000feca
27042964ns          469505 1c0093f4 40f484b3 sub              x9, x9, x15          x9=ffff003d  x9:fffffffb x15:0000ffbe
27042984ns          469506 1c0093f6 100945b3 p.exths          x11, x18, x0        x11=fffffffd x18:fffefffd
27043004ns          469507 1c0093fa 1004c7b3 p.exths          x15, x9, x0         x15=0000003d  x9:ffff003d
27043024ns          469508 1c0093fe 034586b3 mul              x13, x11, x20       x13=00000390 x11:fffffffd x20:fffffed0
27043044ns          469509 1c009402 03378533 mul              x10, x15, x19       x10=fffff89d x15:0000003d x19:ffffffe1
27043064ns          469510 1c009406 034a0633 mul              x12, x20, x20       x12=00016900 x20:fffffed0 x20:fffffed0
27043083ns          469511 1c00940a 03398733 mul              x14, x19, x19       x14=000003c1 x19:ffffffe1 x19:ffffffe1
27043103ns          469512 1c00940e 034787b3 mul              x15, x15, x20       x15=ffffb790 x15:0000003d x20:fffffed0
27043123ns          469513 1c009412 033585b3 mul              x11, x11, x19       x11=0000005d x11:fffffffd x19:ffffffe1
27043143ns          469514 1c009416 40a75713 srai             x14, x14, 0x40a     x14=00000000 x14:000003c1
27043163ns          469515 1c009418 40a5d593 srai             x11, x11, 0x40a     x11=00000000 x11:0000005d
27043183ns          469516 1c00941a 40a65613 srai             x12, x12, 0x40a     x12=0000005a x12:00016900
27043203ns          469517 1c00941c 40a7d793 srai             x15, x15, 0x40a     x15=ffffffed x15:ffffb790
27043223ns          469518 1c00941e 1c0034b7 lui              x9, 0x1c003000       x9=1c003000
27043242ns          469519 1c009422 00e60633 add              x12, x12, x14       x12=0000005a x12:0000005a x14:00000000
27043262ns          469520 1c009424 40b787b3 sub              x15, x15, x11       x15=ffffffed x15:ffffffed x11:00000000
27043282ns          469521 1c009426 eb048493 addi             x9, x9, -336         x9=1c002eb0  x9:1c003000
27043302ns          469522 1c00942a 1c0032b7 lui              x5, 0x1c003000       x5=1c003000
27043322ns          469523 1c00942e 1c0035b7 lui              x11, 0x1c003000     x11=1c003000
27043342ns          469524 1c009432 018483b3 add              x7, x9, x24          x7=1c002ebe  x9:1c002eb0 x24:0000000e
27043362ns          469525 1c009436 02812e83 lw               x29, 40(x2)         x29=1c002ece  x2:10003cd8  PA:10003d00
27043382ns          469526 1c009438 10065633 p.exthz          x12, x12, x0        x12=0000005a x12:0000005a
27043402ns          469527 1c00943c e8028293 addi             x5, x5, -384         x5=1c002e80  x5:1c003000
27043421ns          469528 1c009440 ea058593 addi             x11, x11, -352      x11=1c002ea0 x11:1c003000
27043441ns          469529 1c009444 03812483 lw               x9, 56(x2)           x9=1c002eee  x2:10003cd8  PA:10003d10
27043461ns          469530 1c009446 10064733 p.exths          x14, x12, x0        x14=0000005a x12:0000005a
27043481ns          469531 1c00944a 018280b3 add              x1, x5, x24          x1=1c002e8e  x5:1c002e80 x24:0000000e
27043501ns          469532 1c00944e 03012f03 lw               x30, 48(x2)         x30=1c002ede  x2:10003cd8  PA:10003d08
27043521ns          469533 1c009450 018582b3 add              x5, x11, x24         x5=1c002eae x11:1c002ea0 x24:0000000e
27043541ns          469534 1c009454 04012583 lw               x11, 64(x2)         x11=1c002efe  x2:10003cd8  PA:10003d18
27043561ns          469535 1c009456 000edd83 lhu              x27, 0(x29)         x27=00000eef x29:1c002ece  PA:1c002ece
27043859ns          469550 1c00945a 0004d483 lhu              x9, 0(x9)            x9=00000355  x9:1c002eee  PA:1c002eee
27044177ns          469566 1c00945e 02e70333 mul              x6, x14, x14         x6=00001fa4 x14:0000005a x14:0000005a
27044197ns          469567 1c009462 40a55513 srai             x10, x10, 0x40a     x10=fffffffe x10:fffff89d
27044217ns          469568 1c009464 04812e83 lw               x29, 72(x2)         x29=1c002f0e  x2:10003cd8  PA:10003d20
27044237ns          469569 1c009466 40a6d693 srai             x13, x13, 0x40a     x13=00000000 x13:00000390
27044257ns          469570 1c009468 000f5d03 lhu              x26, 0(x30)         x26=000005cc x30:1c002ede  PA:1c002ede
27044575ns          469586 1c00946c 0005d583 lhu              x11, 0(x11)         x11=0000023f x11:1c002efe  PA:1c002efe
27044893ns          469602 1c009470 40a35313 srai             x6, x6, 0x40a        x6=00000007  x6:00001fa4
27044913ns          469603 1c009474 00a686b3 add              x13, x13, x10       x13=fffffffe x13:00000000 x10:fffffffe
27044933ns          469604 1c009476 05012f03 lw               x30, 80(x2)         x30=1c002e7e  x2:10003cd8  PA:10003d28
27044953ns          469605 1c009478 10034e33 p.exths          x28, x6, x0         x28=00000007  x6:00000007
27044973ns          469606 1c00947c 06911023 sh               x9, 96(x2)           x9:00000355  x2:10003cd8  PA:10003d38
27044993ns          469607 1c009480 000ede83 lhu              x29, 0(x29)         x29=0000019f x29:1c002f0e  PA:1c002f0e
27045351ns          469625 1c009484 05812483 lw               x9, 88(x2)           x9=1c002e6e  x2:10003cd8  PA:10003d30
27045371ns          469626 1c009486 1006d6b3 p.exthz          x13, x13, x0        x13=0000fffe x13:fffffffe
27045390ns          469627 1c00948a 02ee08b3 mul              x17, x28, x14       x17=00000276 x28:00000007 x14:0000005a
27045410ns          469628 1c00948e 1006c833 p.exths          x16, x13, x0        x16=fffffffe x13:0000fffe
27045430ns          469629 1c009492 06b11823 sh               x11, 112(x2)        x11:0000023f  x2:10003cd8  PA:10003d48
27045450ns          469630 1c009496 000f5f03 lhu              x30, 0(x30)         x30=0000ff46 x30:1c002e7e  PA:1c002e7e
27045748ns          469645 1c00949a 0a012583 lw               x11, 160(x2)        x11=1c002e9e  x2:10003cd8  PA:10003d78
27045768ns          469646 1c00949c 1007d7b3 p.exthz          x15, x15, x0        x15=0000ffed x15:ffffffed
27045788ns          469647 1c0094a0 0004da03 lhu              x20, 0(x9)          x20=0000fc68  x9:1c002e6e  PA:1c002e6e
27046086ns          469662 1c0094a4 1007c533 p.exths          x10, x15, x0        x10=ffffffed x15:0000ffed
27046106ns          469663 1c0094a8 09d11023 sh               x29, 128(x2)        x29:0000019f  x2:10003cd8  PA:10003d58
27046126ns          469664 1c0094ac 0003d483 lhu              x9, 0(x7)            x9=0000ffc3  x7:1c002ebe  PA:1c002ebe
27046444ns          469680 1c0094b0 02e80eb3 mul              x29, x16, x14       x29=ffffff4c x16:fffffffe x14:0000005a
27046464ns          469681 1c0094b4 40a8d893 srai             x17, x17, 0x40a     x17=00000000 x17:00000276
27046484ns          469682 1c0094b8 03c80833 mul              x16, x16, x28       x16=fffffff2 x16:fffffffe x28:00000007
27046504ns          469683 1c0094bc 09e11823 sh               x30, 144(x2)        x30:0000ff46  x2:10003cd8  PA:10003d68
27046524ns          469684 1c0094c0 0005d983 lhu              x19, 0(x11)         x19=0000ffa0 x11:1c002e9e  PA:1c002e9e
27046842ns          469700 1c0094c4 81c88f5b p.muls           x30, x17, x28       x30=00000000 x17:00000000 x28:00000007
27046862ns          469701 1c0094c8 0002d583 lhu              x11, 0(x5)          x11=0000feff  x5:1c002eae  PA:1c002eae
27047160ns          469716 1c0094cc 03ce0fb3 mul              x31, x28, x28       x31=00000031 x28:00000007 x28:00000007
27047180ns          469717 1c0094d0 02e50733 mul              x14, x10, x14       x14=fffff952 x10:ffffffed x14:0000005a
27047200ns          469718 1c0094d4 40a85813 srai             x16, x16, 0x40a     x16=ffffffff x16:fffffff2
27047220ns          469719 1c0094d8 03c50533 mul              x10, x10, x28       x10=ffffff7b x10:ffffffed x28:00000007
27047240ns          469720 1c0094dc 07015e03 lhu              x28, 112(x2)        x28=0000023f  x2:10003cd8  PA:10003d48
27047260ns          469721 1c0094e0 01b60633 add              x12, x12, x27       x12=00000f49 x12:0000005a x27:00000eef
27047280ns          469722 1c0094e2 00980833 add              x16, x16, x9        x16=0000ffc2 x16:ffffffff  x9:0000ffc3
27047300ns          469723 1c0094e4 06015d83 lhu              x27, 96(x2)         x27=00000355  x2:10003cd8  PA:10003d38
27047320ns          469724 1c0094e8 02812483 lw               x9, 40(x2)           x9=1c002ece  x2:10003cd8  PA:10003d00
27047339ns          469725 1c0094ea 40afdf93 srai             x31, x31, 0x40a     x31=00000000 x31:00000031
27047359ns          469726 1c0094ee 40a55513 srai             x10, x10, 0x40a     x10=ffffffff x10:ffffff7b
27047379ns          469727 1c0094f0 01cf8fb3 add              x31, x31, x28       x31=0000023f x31:00000000 x28:0000023f
27047399ns          469728 1c0094f2 00b50533 add              x10, x10, x11       x10=0000fefe x10:ffffffff x11:0000feff
27047419ns          469729 1c0094f4 09015e03 lhu              x28, 144(x2)        x28=0000ff46  x2:10003cd8  PA:10003d68
27047439ns          469730 1c0094f8 03012583 lw               x11, 48(x2)         x11=1c002ede  x2:10003cd8  PA:10003d08
27047459ns          469731 1c0094fa 00c49023 sh               x12, 0(x9)          x12:00000f49  x9:1c002ece  PA:1c002ece
27047797ns          469748 1c0094fe 01b888b3 add              x17, x17, x27       x17=00000355 x17:00000000 x27:00000355
27047817ns          469749 1c009500 01a30333 add              x6, x6, x26          x6=000005d3  x6:00000007 x26:000005cc
27047837ns          469750 1c009502 08015d83 lhu              x27, 128(x2)        x27=0000019f  x2:10003cd8  PA:10003d58
27047857ns          469751 1c009506 0000d903 lhu              x18, 0(x1)          x18=0000fe56  x1:1c002e8e  PA:1c002e8e
27048175ns          469767 1c00950a 01c686b3 add              x13, x13, x28       x13=0001ff44 x13:0000fffe x28:0000ff46
27048195ns          469768 1c00950c 00659023 sh               x6, 0(x11)           x6:000005d3 x11:1c002ede  PA:1c002ede
27048513ns          469784 1c009510 40af5f13 srai             x30, x30, 0x40a     x30=00000000 x30:00000000
27048533ns          469785 1c009514 04812e03 lw               x28, 72(x2)         x28=1c002f0e  x2:10003cd8  PA:10003d20
27048553ns          469786 1c009516 01bf0f33 add              x30, x30, x27       x30=0000019f x30:00000000 x27:0000019f
27048572ns          469787 1c009518 40aede93 srai             x29, x29, 0x40a     x29=ffffffff x29:ffffff4c
27048592ns          469788 1c00951c 40a75713 srai             x14, x14, 0x40a     x14=fffffffe x14:fffff952
27048612ns          469789 1c00951e 03812603 lw               x12, 56(x2)         x12=1c002eee  x2:10003cd8  PA:10003d10
27048632ns          469790 1c009520 04012d83 lw               x27, 64(x2)         x27=1c002efe  x2:10003cd8  PA:10003d18
27048652ns          469791 1c009522 01ee1023 sh               x30, 0(x28)         x30:0000019f x28:1c002f0e  PA:1c002f0e
27048970ns          469807 1c009526 05812483 lw               x9, 88(x2)           x9=1c002e6e  x2:10003cd8  PA:10003d30
27048990ns          469808 1c009528 05012f03 lw               x30, 80(x2)         x30=1c002e7e  x2:10003cd8  PA:10003d28
27049010ns          469809 1c00952a 0a012583 lw               x11, 160(x2)        x11=1c002e9e  x2:10003cd8  PA:10003d78
27049030ns          469810 1c00952c 014787b3 add              x15, x15, x20       x15=0001fc55 x15:0000ffed x20:0000fc68
27049050ns          469811 1c00952e 013e8eb3 add              x29, x29, x19       x29=0000ff9f x29:ffffffff x19:0000ffa0
27049070ns          469812 1c009530 01270733 add              x14, x14, x18       x14=0000fe54 x14:fffffffe x18:0000fe56
27049090ns          469813 1c009532 00f49023 sh               x15, 0(x9)          x15:0001fc55  x9:1c002e6e  PA:1c002e6e
27049428ns          469830 1c009536 01161023 sh               x17, 0(x12)         x17:00000355 x12:1c002eee  PA:1c002eee
27049746ns          469846 1c00953a 01fd9023 sh               x31, 0(x27)         x31:0000023f x27:1c002efe  PA:1c002efe
27050064ns          469862 1c00953e 00df1023 sh               x13, 0(x30)         x13:0001ff44 x30:1c002e7e  PA:1c002e7e
27050382ns          469878 1c009542 01d59023 sh               x29, 0(x11)         x29:0000ff9f x11:1c002e9e  PA:1c002e9e
27050700ns          469894 1c009546 00e09023 sh               x14, 0(x1)          x14:0000fe54  x1:1c002e8e  PA:1c002e8e
27051019ns          469910 1c00954a 01039023 sh               x16, 0(x7)          x16:0000ffc2  x7:1c002ebe  PA:1c002ebe
27051337ns          469926 1c00954e 00a29023 sh               x10, 0(x5)          x10:0000fefe  x5:1c002eae  PA:1c002eae
27051695ns          469944 1c009552 008b0b13 addi             x22, x22, 8         x22=000000e7 x22:000000df
27051715ns          469945 1c009554 1f300793 addi             x15, x0, 499        x15=000001f3
27051735ns          469946 1c009558 e767dae3 bge              x15, x22, -396      x15:000001f3 x22:000000e7
27051834ns          469951 1c0093cc 010c9a0b p.lh             x20, 16(x25!)       x20=fffffff5 x25=1c002866 x25:1c002856  PA:1c002856
27052172ns          469968 1c0093d0 0104198b p.lh             x19, 16(x8!)        x19=0000014a  x8=1c00202e  x8:1c00201e  PA:1c00201e
27052471ns          469983 1c0093d4 2cc10513 addi             x10, x2, 716        x10=10003fa4  x2:10003cd8
27052490ns          469984 1c0093d6 010a990b p.lh             x18, 16(x21!)       x18=0000000f x21=1c00185a x21:1c00184a  PA:1c00184a
27052809ns          470000 1c0093da 010b948b p.lh             x9, 16(x23!)         x9=0000014a x23=1c00108a x23:1c00107a  PA:1c00107a
27053107ns          470015 1c0093de 2d411623 sh               x20, 716(x2)        x20:fffffff5  x2:10003cd8  PA:10003fa4
27053127ns          470016 1c0093e2 2d311723 sh               x19, 718(x2)        x19:0000014a  x2:10003cd8  PA:10003fa6
27053147ns          470017 1c0093e6 c33ff0ef jal              x1, -974             x1=1c0093e8
27053186ns          470019 1c009018 00051803 lh               x16, 0(x10)         x16=fffffff5 x10:10003fa4  PA:10003fa4
27053206ns          470020 1c00901c 00251883 lh               x17, 2(x10)         x17=0000014a x10:10003fa4  PA:10003fa6
27053266ns          470023 1c009020 030806b3 mul              x13, x16, x16       x13=00000079 x16:fffffff5 x16:fffffff5
27053306ns          470025 1c009024 03188633 mul              x12, x17, x17       x12=0001a964 x17:0000014a x17:0000014a
27053326ns          470026 1c009028 40a65613 srai             x12, x12, 0x40a     x12=0000006a x12:0001a964
27053346ns          470027 1c00902a 40a6d693 srai             x13, x13, 0x40a     x13=00000000 x13:00000079
27053365ns          470028 1c00902c 00c686b3 add              x13, x13, x12       x13=0000006a x13:00000000 x12:0000006a
27053385ns          470029 1c00902e 1006c633 p.exths          x12, x13, x0        x12=0000006a x13:0000006a
27053405ns          470030 1c009032 00855703 lhu              x14, 8(x10)         x14=0000ffd1 x10:10003fa4  PA:10003fac
27053425ns          470031 1c009036 00a55683 lhu              x13, 10(x10)        x13=0000ff6a x10:10003fa4  PA:10003fae
27053445ns          470032 1c00903a 02c60333 mul              x6, x12, x12         x6=00002be4 x12:0000006a x12:0000006a
27053485ns          470034 1c00903e 00c55783 lhu              x15, 12(x10)        x15=0000ffe5 x10:10003fa4  PA:10003fb0
27053525ns          470036 1c009042 00e55583 lhu              x11, 14(x10)        x11=00000060 x10:10003fa4  PA:10003fb2
27053544ns          470037 1c009046 dea30333 p.extract        x6, x6, 15, 10       x6=0000000a  x6:00002be4
27053564ns          470038 1c00904a 80c7075b p.muls           x14, x14, x12       x14=ffffec8a x14:0000ffd1 x12:0000006a
27053624ns          470041 1c00904e 80c686db p.muls           x13, x13, x12       x13=ffffc1e4 x13:0000ff6a x12:0000006a
27053664ns          470043 1c009052 00455e83 lhu              x29, 4(x10)         x29=00000427 x10:10003fa4  PA:10003fa8
27053684ns          470044 1c009056 00655e03 lhu              x28, 6(x10)         x28=0000007f x10:10003fa4  PA:10003faa
27053704ns          470045 1c00905a 40a75713 srai             x14, x14, 0x40a     x14=fffffffb x14:ffffec8a
27053723ns          470046 1c00905c 806787db p.muls           x15, x15, x6        x15=fffffef2 x15:0000ffe5  x6:0000000a
27053763ns          470048 1c009060 40a6d693 srai             x13, x13, 0x40a     x13=fffffff0 x13:ffffc1e4
27053803ns          470050 1c009062 8065865b p.muls           x12, x11, x6        x12=000003c0 x11:00000060  x6:0000000a
27053823ns          470051 1c009066 40a7d793 srai             x15, x15, 0x40a     x15=ffffffff x15:fffffef2
27053843ns          470052 1c009068 40a65613 srai             x12, x12, 0x40a     x12=00000000 x12:000003c0
27053863ns          470053 1c00906a 01d70733 add              x14, x14, x29       x14=00000422 x14:fffffffb x29:00000427
27053883ns          470054 1c00906c 01c686b3 add              x13, x13, x28       x13=0000006f x13:fffffff0 x28:0000007f
27053902ns          470055 1c00906e 00c686b3 add              x13, x13, x12       x13=0000006f x13:0000006f x12:00000000
27053922ns          470056 1c009070 00f70733 add              x14, x14, x15       x14=00000421 x14:00000422 x15:ffffffff
27053942ns          470057 1c009072 100747b3 p.exths          x15, x14, x0        x15=00000421 x14:00000421
27053962ns          470058 1c009076 1006c733 p.exths          x14, x13, x0        x14=0000006f x13:0000006f
27053982ns          470059 1c00907a 03170633 mul              x12, x14, x17       x12=00008f16 x14:0000006f x17:0000014a
27054002ns          470060 1c00907e 030786b3 mul              x13, x15, x16       x13=ffffd295 x15:00000421 x16:fffffff5
27054022ns          470061 1c009082 03070733 mul              x14, x14, x16       x14=fffffb3b x14:0000006f x16:fffffff5
27054042ns          470062 1c009086 031787b3 mul              x15, x15, x17       x15=0005528a x15:00000421 x17:0000014a
27054062ns          470063 1c00908a 40a6d693 srai             x13, x13, 0x40a     x13=fffffff4 x13:ffffd295
27054081ns          470064 1c00908c 40a65613 srai             x12, x12, 0x40a     x12=00000023 x12:00008f16
27054101ns          470065 1c00908e 40a7d793 srai             x15, x15, 0x40a     x15=00000154 x15:0005528a
27054121ns          470066 1c009090 40a75713 srai             x14, x14, 0x40a     x14=fffffffe x14:fffffb3b
27054141ns          470067 1c009092 40c686b3 sub              x13, x13, x12       x13=ffffffd1 x13:fffffff4 x12:00000023
27054161ns          470068 1c009094 00e787b3 add              x15, x15, x14       x15=00000152 x15:00000154 x14:fffffffe
27054181ns          470069 1c009096 00d51823 sh               x13, 16(x10)        x13:ffffffd1 x10:10003fa4  PA:10003fb4
27054201ns          470070 1c00909a 00f51923 sh               x15, 18(x10)        x15:00000152 x10:10003fa4  PA:10003fb6
27054221ns          470071 1c00909e 00008067 jalr             x0, x1, 0            x1:1c0093e8
27054300ns          470075 1c0093e8 2dc15583 lhu              x11, 732(x2)        x11=0000ffd1  x2:10003cd8  PA:10003fb4
27054320ns          470076 1c0093ec 2de15783 lhu              x15, 734(x2)        x15=00000152  x2:10003cd8  PA:10003fb6
27054340ns          470077 1c0093f0 40b90933 sub              x18, x18, x11       x18=ffff003e x18:0000000f x11:0000ffd1
27054360ns          470078 1c0093f4 40f484b3 sub              x9, x9, x15          x9=fffffff8  x9:0000014a x15:00000152
27054380ns          470079 1c0093f6 100945b3 p.exths          x11, x18, x0        x11=0000003e x18:ffff003e
27054400ns          470080 1c0093fa 1004c7b3 p.exths          x15, x9, x0         x15=fffffff8  x9:fffffff8
27054420ns          470081 1c0093fe 034586b3 mul              x13, x11, x20       x13=fffffd56 x11:0000003e x20:fffffff5
27054439ns          470082 1c009402 03378533 mul              x10, x15, x19       x10=fffff5b0 x15:fffffff8 x19:0000014a
27054459ns          470083 1c009406 034a0633 mul              x12, x20, x20       x12=00000079 x20:fffffff5 x20:fffffff5
27054479ns          470084 1c00940a 03398733 mul              x14, x19, x19       x14=0001a964 x19:0000014a x19:0000014a
27054539ns          470087 1c00940e 034787b3 mul              x15, x15, x20       x15=00000058 x15:fffffff8 x20:fffffff5
27054579ns          470089 1c009412 033585b3 mul              x11, x11, x19       x11=00004fec x11:0000003e x19:0000014a
27054599ns          470090 1c009416 40a75713 srai             x14, x14, 0x40a     x14=0000006a x14:0001a964
27054618ns          470091 1c009418 40a5d593 srai             x11, x11, 0x40a     x11=00000013 x11:00004fec
27054638ns          470092 1c00941a 40a65613 srai             x12, x12, 0x40a     x12=00000000 x12:00000079
27054658ns          470093 1c00941c 40a7d793 srai             x15, x15, 0x40a     x15=00000000 x15:00000058
27054678ns          470094 1c00941e 1c0034b7 lui              x9, 0x1c003000       x9=1c003000
27054698ns          470095 1c009422 00e60633 add              x12, x12, x14       x12=0000006a x12:00000000 x14:0000006a
27054718ns          470096 1c009424 40b787b3 sub              x15, x15, x11       x15=ffffffed x15:00000000 x11:00000013
27054738ns          470097 1c009426 eb048493 addi             x9, x9, -336         x9=1c002eb0  x9:1c003000
27054758ns          470098 1c00942a 1c0032b7 lui              x5, 0x1c003000       x5=1c003000
27054778ns          470099 1c00942e 1c0035b7 lui              x11, 0x1c003000     x11=1c003000
27054797ns          470100 1c009432 018483b3 add              x7, x9, x24          x7=1c002ebe  x9:1c002eb0 x24:0000000e
27054817ns          470101 1c009436 02812e83 lw               x29, 40(x2)         x29=1c002ece  x2:10003cd8  PA:10003d00
27054837ns          470102 1c009438 10065633 p.exthz          x12, x12, x0        x12=0000006a x12:0000006a
27054857ns          470103 1c00943c e8028293 addi             x5, x5, -384         x5=1c002e80  x5:1c003000
27054877ns          470104 1c009440 ea058593 addi             x11, x11, -352      x11=1c002ea0 x11:1c003000
27054897ns          470105 1c009444 03812483 lw               x9, 56(x2)           x9=1c002eee  x2:10003cd8  PA:10003d10
27054917ns          470106 1c009446 10064733 p.exths          x14, x12, x0        x14=0000006a x12:0000006a
27054937ns          470107 1c00944a 018280b3 add              x1, x5, x24          x1=1c002e8e  x5:1c002e80 x24:0000000e
27054957ns          470108 1c00944e 03012f03 lw               x30, 48(x2)         x30=1c002ede  x2:10003cd8  PA:10003d08
27054976ns          470109 1c009450 018582b3 add              x5, x11, x24         x5=1c002eae x11:1c002ea0 x24:0000000e
27054996ns          470110 1c009454 04012583 lw               x11, 64(x2)         x11=1c002efe  x2:10003cd8  PA:10003d18
27055016ns          470111 1c009456 000edd83 lhu              x27, 0(x29)         x27=00000f49 x29:1c002ece  PA:1c002ece
27055374ns          470129 1c00945a 0004d483 lhu              x9, 0(x9)            x9=00000355  x9:1c002eee  PA:1c002eee
27055692ns          470145 1c00945e 02e70333 mul              x6, x14, x14         x6=00002be4 x14:0000006a x14:0000006a
27055712ns          470146 1c009462 40a55513 srai             x10, x10, 0x40a     x10=fffffffd x10:fffff5b0
27055732ns          470147 1c009464 04812e83 lw               x29, 72(x2)         x29=1c002f0e  x2:10003cd8  PA:10003d20
27055752ns          470148 1c009466 40a6d693 srai             x13, x13, 0x40a     x13=ffffffff x13:fffffd56
27055772ns          470149 1c009468 000f5d03 lhu              x26, 0(x30)         x26=000005d3 x30:1c002ede  PA:1c002ede
27056130ns          470167 1c00946c 0005d583 lhu              x11, 0(x11)         x11=0000023f x11:1c002efe  PA:1c002efe
27056448ns          470183 1c009470 40a35313 srai             x6, x6, 0x40a        x6=0000000a  x6:00002be4
27056468ns          470184 1c009474 00a686b3 add              x13, x13, x10       x13=fffffffc x13:ffffffff x10:fffffffd
27056488ns          470185 1c009476 05012f03 lw               x30, 80(x2)         x30=1c002e7e  x2:10003cd8  PA:10003d28
27056508ns          470186 1c009478 10034e33 p.exths          x28, x6, x0         x28=0000000a  x6:0000000a
27056528ns          470187 1c00947c 06911023 sh               x9, 96(x2)           x9:00000355  x2:10003cd8  PA:10003d38
27056548ns          470188 1c009480 000ede83 lhu              x29, 0(x29)         x29=0000019f x29:1c002f0e  PA:1c002f0e
27056846ns          470203 1c009484 05812483 lw               x9, 88(x2)           x9=1c002e6e  x2:10003cd8  PA:10003d30
27056866ns          470204 1c009486 1006d6b3 p.exthz          x13, x13, x0        x13=0000fffc x13:fffffffc
27056886ns          470205 1c00948a 02ee08b3 mul              x17, x28, x14       x17=00000424 x28:0000000a x14:0000006a
27056906ns          470206 1c00948e 1006c833 p.exths          x16, x13, x0        x16=fffffffc x13:0000fffc
27056925ns          470207 1c009492 06b11823 sh               x11, 112(x2)        x11:0000023f  x2:10003cd8  PA:10003d48
27056945ns          470208 1c009496 000f5f03 lhu              x30, 0(x30)         x30=0000ff44 x30:1c002e7e  PA:1c002e7e
27057264ns          470224 1c00949a 0a012583 lw               x11, 160(x2)        x11=1c002e9e  x2:10003cd8  PA:10003d78
27057283ns          470225 1c00949c 1007d7b3 p.exthz          x15, x15, x0        x15=0000ffed x15:ffffffed
27057303ns          470226 1c0094a0 0004da03 lhu              x20, 0(x9)          x20=0000fc55  x9:1c002e6e  PA:1c002e6e
27057701ns          470246 1c0094a4 1007c533 p.exths          x10, x15, x0        x10=ffffffed x15:0000ffed
27057721ns          470247 1c0094a8 09d11023 sh               x29, 128(x2)        x29:0000019f  x2:10003cd8  PA:10003d58
27057741ns          470248 1c0094ac 0003d483 lhu              x9, 0(x7)            x9=0000ffc2  x7:1c002ebe  PA:1c002ebe
27058059ns          470264 1c0094b0 02e80eb3 mul              x29, x16, x14       x29=fffffe58 x16:fffffffc x14:0000006a
27058079ns          470265 1c0094b4 40a8d893 srai             x17, x17, 0x40a     x17=00000001 x17:00000424
27058099ns          470266 1c0094b8 03c80833 mul              x16, x16, x28       x16=ffffffd8 x16:fffffffc x28:0000000a
27058119ns          470267 1c0094bc 09e11823 sh               x30, 144(x2)        x30:0000ff44  x2:10003cd8  PA:10003d68
27058139ns          470268 1c0094c0 0005d983 lhu              x19, 0(x11)         x19=0000ff9f x11:1c002e9e  PA:1c002e9e
27058457ns          470284 1c0094c4 81c88f5b p.muls           x30, x17, x28       x30=0000000a x17:00000001 x28:0000000a
27058477ns          470285 1c0094c8 0002d583 lhu              x11, 0(x5)          x11=0000fefe  x5:1c002eae  PA:1c002eae
27058815ns          470302 1c0094cc 03ce0fb3 mul              x31, x28, x28       x31=00000064 x28:0000000a x28:0000000a
27058835ns          470303 1c0094d0 02e50733 mul              x14, x10, x14       x14=fffff822 x10:ffffffed x14:0000006a
27058855ns          470304 1c0094d4 40a85813 srai             x16, x16, 0x40a     x16=ffffffff x16:ffffffd8
27058874ns          470305 1c0094d8 03c50533 mul              x10, x10, x28       x10=ffffff42 x10:ffffffed x28:0000000a
27058894ns          470306 1c0094dc 07015e03 lhu              x28, 112(x2)        x28=0000023f  x2:10003cd8  PA:10003d48
27058914ns          470307 1c0094e0 01b60633 add              x12, x12, x27       x12=00000fb3 x12:0000006a x27:00000f49
27058934ns          470308 1c0094e2 00980833 add              x16, x16, x9        x16=0000ffc1 x16:ffffffff  x9:0000ffc2
27058954ns          470309 1c0094e4 06015d83 lhu              x27, 96(x2)         x27=00000355  x2:10003cd8  PA:10003d38
27058974ns          470310 1c0094e8 02812483 lw               x9, 40(x2)           x9=1c002ece  x2:10003cd8  PA:10003d00
27058994ns          470311 1c0094ea 40afdf93 srai             x31, x31, 0x40a     x31=00000000 x31:00000064
27059014ns          470312 1c0094ee 40a55513 srai             x10, x10, 0x40a     x10=ffffffff x10:ffffff42
27059034ns          470313 1c0094f0 01cf8fb3 add              x31, x31, x28       x31=0000023f x31:00000000 x28:0000023f
27059053ns          470314 1c0094f2 00b50533 add              x10, x10, x11       x10=0000fefd x10:ffffffff x11:0000fefe
27059073ns          470315 1c0094f4 09015e03 lhu              x28, 144(x2)        x28=0000ff44  x2:10003cd8  PA:10003d68
27059093ns          470316 1c0094f8 03012583 lw               x11, 48(x2)         x11=1c002ede  x2:10003cd8  PA:10003d08
27059113ns          470317 1c0094fa 00c49023 sh               x12, 0(x9)          x12:00000fb3  x9:1c002ece  PA:1c002ece
27059431ns          470333 1c0094fe 01b888b3 add              x17, x17, x27       x17=00000356 x17:00000001 x27:00000355
27059451ns          470334 1c009500 01a30333 add              x6, x6, x26          x6=000005dd  x6:0000000a x26:000005d3
27059471ns          470335 1c009502 08015d83 lhu              x27, 128(x2)        x27=0000019f  x2:10003cd8  PA:10003d58
27059491ns          470336 1c009506 0000d903 lhu              x18, 0(x1)          x18=0000fe54  x1:1c002e8e  PA:1c002e8e
27059809ns          470352 1c00950a 01c686b3 add              x13, x13, x28       x13=0001ff40 x13:0000fffc x28:0000ff44
27059829ns          470353 1c00950c 00659023 sh               x6, 0(x11)           x6:000005dd x11:1c002ede  PA:1c002ede
27060147ns          470369 1c009510 40af5f13 srai             x30, x30, 0x40a     x30=00000000 x30:0000000a
27060167ns          470370 1c009514 04812e03 lw               x28, 72(x2)         x28=1c002f0e  x2:10003cd8  PA:10003d20
27060187ns          470371 1c009516 01bf0f33 add              x30, x30, x27       x30=0000019f x30:00000000 x27:0000019f
27060207ns          470372 1c009518 40aede93 srai             x29, x29, 0x40a     x29=ffffffff x29:fffffe58
27060227ns          470373 1c00951c 40a75713 srai             x14, x14, 0x40a     x14=fffffffe x14:fffff822
27060247ns          470374 1c00951e 03812603 lw               x12, 56(x2)         x12=1c002eee  x2:10003cd8  PA:10003d10
27060267ns          470375 1c009520 04012d83 lw               x27, 64(x2)         x27=1c002efe  x2:10003cd8  PA:10003d18
27060287ns          470376 1c009522 01ee1023 sh               x30, 0(x28)         x30:0000019f x28:1c002f0e  PA:1c002f0e
27060605ns          470392 1c009526 05812483 lw               x9, 88(x2)           x9=1c002e6e  x2:10003cd8  PA:10003d30
27060625ns          470393 1c009528 05012f03 lw               x30, 80(x2)         x30=1c002e7e  x2:10003cd8  PA:10003d28
27060644ns          470394 1c00952a 0a012583 lw               x11, 160(x2)        x11=1c002e9e  x2:10003cd8  PA:10003d78
27060664ns          470395 1c00952c 014787b3 add              x15, x15, x20       x15=0001fc42 x15:0000ffed x20:0000fc55
27060684ns          470396 1c00952e 013e8eb3 add              x29, x29, x19       x29=0000ff9e x29:ffffffff x19:0000ff9f
27060704ns          470397 1c009530 01270733 add              x14, x14, x18       x14=0000fe52 x14:fffffffe x18:0000fe54
27060724ns          470398 1c009532 00f49023 sh               x15, 0(x9)          x15:0001fc42  x9:1c002e6e  PA:1c002e6e
27061042ns          470414 1c009536 01161023 sh               x17, 0(x12)         x17:00000356 x12:1c002eee  PA:1c002eee
27061380ns          470431 1c00953a 01fd9023 sh               x31, 0(x27)         x31:0000023f x27:1c002efe  PA:1c002efe
27061699ns          470447 1c00953e 00df1023 sh               x13, 0(x30)         x13:0001ff40 x30:1c002e7e  PA:1c002e7e
27062017ns          470463 1c009542 01d59023 sh               x29, 0(x11)         x29:0000ff9e x11:1c002e9e  PA:1c002e9e
27062335ns          470479 1c009546 00e09023 sh               x14, 0(x1)          x14:0000fe52  x1:1c002e8e  PA:1c002e8e
27062693ns          470497 1c00954a 01039023 sh               x16, 0(x7)          x16:0000ffc1  x7:1c002ebe  PA:1c002ebe
27063031ns          470514 1c00954e 00a29023 sh               x10, 0(x5)          x10:0000fefd  x5:1c002eae  PA:1c002eae
27063349ns          470530 1c009552 008b0b13 addi             x22, x22, 8         x22=000000ef x22:000000e7
27063369ns          470531 1c009554 1f300793 addi             x15, x0, 499        x15=000001f3
27063389ns          470532 1c009558 e767dae3 bge              x15, x22, -396      x15:000001f3 x22:000000ef
27063488ns          470537 1c0093cc 010c9a0b p.lh             x20, 16(x25!)       x20=00000130 x25=1c002876 x25:1c002866  PA:1c002866
27063807ns          470553 1c0093d0 0104198b p.lh             x19, 16(x8!)        x19=fffffea1  x8=1c00203e  x8:1c00202e  PA:1c00202e
27064105ns          470568 1c0093d4 2cc10513 addi             x10, x2, 716        x10=10003fa4  x2:10003cd8
27064125ns          470569 1c0093d6 010a990b p.lh             x18, 16(x21!)       x18=00000102 x21=1c00186a x21:1c00185a  PA:1c00185a
27064423ns          470584 1c0093da 010b948b p.lh             x9, 16(x23!)         x9=fffffe84 x23=1c00109a x23:1c00108a  PA:1c00108a
27064722ns          470599 1c0093de 2d411623 sh               x20, 716(x2)        x20:00000130  x2:10003cd8  PA:10003fa4
27064741ns          470600 1c0093e2 2d311723 sh               x19, 718(x2)        x19:fffffea1  x2:10003cd8  PA:10003fa6
27064761ns          470601 1c0093e6 c33ff0ef jal              x1, -974             x1=1c0093e8
27064801ns          470603 1c009018 00051803 lh               x16, 0(x10)         x16=00000130 x10:10003fa4  PA:10003fa4
27064821ns          470604 1c00901c 00251883 lh               x17, 2(x10)         x17=fffffea1 x10:10003fa4  PA:10003fa6
27064881ns          470607 1c009020 030806b3 mul              x13, x16, x16       x13=00016900 x16:00000130 x16:00000130
27064920ns          470609 1c009024 03188633 mul              x12, x17, x17       x12=0001e141 x17:fffffea1 x17:fffffea1
27064940ns          470610 1c009028 40a65613 srai             x12, x12, 0x40a     x12=00000078 x12:0001e141
27064960ns          470611 1c00902a 40a6d693 srai             x13, x13, 0x40a     x13=0000005a x13:00016900
27064980ns          470612 1c00902c 00c686b3 add              x13, x13, x12       x13=000000d2 x13:0000005a x12:00000078
27065000ns          470613 1c00902e 1006c633 p.exths          x12, x13, x0        x12=000000d2 x13:000000d2
27065020ns          470614 1c009032 00855703 lhu              x14, 8(x10)         x14=0000ffd1 x10:10003fa4  PA:10003fac
27065040ns          470615 1c009036 00a55683 lhu              x13, 10(x10)        x13=0000ff6a x10:10003fa4  PA:10003fae
27065060ns          470616 1c00903a 02c60333 mul              x6, x12, x12         x6=0000ac44 x12:000000d2 x12:000000d2
27065099ns          470618 1c00903e 00c55783 lhu              x15, 12(x10)        x15=0000ffe5 x10:10003fa4  PA:10003fb0
27065139ns          470620 1c009042 00e55583 lhu              x11, 14(x10)        x11=00000060 x10:10003fa4  PA:10003fb2
27065159ns          470621 1c009046 dea30333 p.extract        x6, x6, 15, 10       x6=0000002b  x6:0000ac44
27065179ns          470622 1c00904a 80c7075b p.muls           x14, x14, x12       x14=ffffd972 x14:0000ffd1 x12:000000d2
27065239ns          470625 1c00904e 80c686db p.muls           x13, x13, x12       x13=ffff84f4 x13:0000ff6a x12:000000d2
27065278ns          470627 1c009052 00455e83 lhu              x29, 4(x10)         x29=00000427 x10:10003fa4  PA:10003fa8
27065298ns          470628 1c009056 00655e03 lhu              x28, 6(x10)         x28=0000007f x10:10003fa4  PA:10003faa
27065318ns          470629 1c00905a 40a75713 srai             x14, x14, 0x40a     x14=fffffff6 x14:ffffd972
27065338ns          470630 1c00905c 806787db p.muls           x15, x15, x6        x15=fffffb77 x15:0000ffe5  x6:0000002b
27065358ns          470631 1c009060 40a6d693 srai             x13, x13, 0x40a     x13=ffffffe1 x13:ffff84f4
27065378ns          470632 1c009062 8065865b p.muls           x12, x11, x6        x12=00001020 x11:00000060  x6:0000002b
27065398ns          470633 1c009066 40a7d793 srai             x15, x15, 0x40a     x15=fffffffe x15:fffffb77
27065418ns          470634 1c009068 40a65613 srai             x12, x12, 0x40a     x12=00000004 x12:00001020
27065438ns          470635 1c00906a 01d70733 add              x14, x14, x29       x14=0000041d x14:fffffff6 x29:00000427
27065457ns          470636 1c00906c 01c686b3 add              x13, x13, x28       x13=00000060 x13:ffffffe1 x28:0000007f
27065477ns          470637 1c00906e 00c686b3 add              x13, x13, x12       x13=00000064 x13:00000060 x12:00000004
27065497ns          470638 1c009070 00f70733 add              x14, x14, x15       x14=0000041b x14:0000041d x15:fffffffe
27065517ns          470639 1c009072 100747b3 p.exths          x15, x14, x0        x15=0000041b x14:0000041b
27065537ns          470640 1c009076 1006c733 p.exths          x14, x13, x0        x14=00000064 x13:00000064
27065557ns          470641 1c00907a 03170633 mul              x12, x14, x17       x12=ffff76e4 x14:00000064 x17:fffffea1
27065577ns          470642 1c00907e 030786b3 mul              x13, x15, x16       x13=0004e010 x15:0000041b x16:00000130
27065597ns          470643 1c009082 03070733 mul              x14, x14, x16       x14=000076c0 x14:00000064 x16:00000130
27065616ns          470644 1c009086 031787b3 mul              x15, x15, x17       x15=fffa5efb x15:0000041b x17:fffffea1
27065636ns          470645 1c00908a 40a6d693 srai             x13, x13, 0x40a     x13=00000138 x13:0004e010
27065656ns          470646 1c00908c 40a65613 srai             x12, x12, 0x40a     x12=ffffffdd x12:ffff76e4
27065676ns          470647 1c00908e 40a7d793 srai             x15, x15, 0x40a     x15=fffffe97 x15:fffa5efb
27065696ns          470648 1c009090 40a75713 srai             x14, x14, 0x40a     x14=0000001d x14:000076c0
27065716ns          470649 1c009092 40c686b3 sub              x13, x13, x12       x13=0000015b x13:00000138 x12:ffffffdd
27065736ns          470650 1c009094 00e787b3 add              x15, x15, x14       x15=fffffeb4 x15:fffffe97 x14:0000001d
27065756ns          470651 1c009096 00d51823 sh               x13, 16(x10)        x13:0000015b x10:10003fa4  PA:10003fb4
27065776ns          470652 1c00909a 00f51923 sh               x15, 18(x10)        x15:fffffeb4 x10:10003fa4  PA:10003fb6
27065795ns          470653 1c00909e 00008067 jalr             x0, x1, 0            x1:1c0093e8
27065835ns          470655 1c0093e8 2dc15583 lhu              x11, 732(x2)        x11=0000015b  x2:10003cd8  PA:10003fb4
27065855ns          470656 1c0093ec 2de15783 lhu              x15, 734(x2)        x15=0000feb4  x2:10003cd8  PA:10003fb6
27065875ns          470657 1c0093f0 40b90933 sub              x18, x18, x11       x18=ffffffa7 x18:00000102 x11:0000015b
27065895ns          470658 1c0093f4 40f484b3 sub              x9, x9, x15          x9=fffeffd0  x9:fffffe84 x15:0000feb4
27065915ns          470659 1c0093f6 100945b3 p.exths          x11, x18, x0        x11=ffffffa7 x18:ffffffa7
27065935ns          470660 1c0093fa 1004c7b3 p.exths          x15, x9, x0         x15=ffffffd0  x9:fffeffd0
27065955ns          470661 1c0093fe 034586b3 mul              x13, x11, x20       x13=ffff9650 x11:ffffffa7 x20:00000130
27065974ns          470662 1c009402 03378533 mul              x10, x15, x19       x10=000041d0 x15:ffffffd0 x19:fffffea1
27065994ns          470663 1c009406 034a0633 mul              x12, x20, x20       x12=00016900 x20:00000130 x20:00000130
27066014ns          470664 1c00940a 03398733 mul              x14, x19, x19       x14=0001e141 x19:fffffea1 x19:fffffea1
27066034ns          470665 1c00940e 034787b3 mul              x15, x15, x20       x15=ffffc700 x15:ffffffd0 x20:00000130
27066054ns          470666 1c009412 033585b3 mul              x11, x11, x19       x11=00007a07 x11:ffffffa7 x19:fffffea1
27066074ns          470667 1c009416 40a75713 srai             x14, x14, 0x40a     x14=00000078 x14:0001e141
27066094ns          470668 1c009418 40a5d593 srai             x11, x11, 0x40a     x11=0000001e x11:00007a07
27066114ns          470669 1c00941a 40a65613 srai             x12, x12, 0x40a     x12=0000005a x12:00016900
27066134ns          470670 1c00941c 40a7d793 srai             x15, x15, 0x40a     x15=fffffff1 x15:ffffc700
27066153ns          470671 1c00941e 1c0034b7 lui              x9, 0x1c003000       x9=1c003000
27066173ns          470672 1c009422 00e60633 add              x12, x12, x14       x12=000000d2 x12:0000005a x14:00000078
27066193ns          470673 1c009424 40b787b3 sub              x15, x15, x11       x15=ffffffd3 x15:fffffff1 x11:0000001e
27066213ns          470674 1c009426 eb048493 addi             x9, x9, -336         x9=1c002eb0  x9:1c003000
27066233ns          470675 1c00942a 1c0032b7 lui              x5, 0x1c003000       x5=1c003000
27066253ns          470676 1c00942e 1c0035b7 lui              x11, 0x1c003000     x11=1c003000
27066273ns          470677 1c009432 018483b3 add              x7, x9, x24          x7=1c002ebe  x9:1c002eb0 x24:0000000e
27066293ns          470678 1c009436 02812e83 lw               x29, 40(x2)         x29=1c002ece  x2:10003cd8  PA:10003d00
27066313ns          470679 1c009438 10065633 p.exthz          x12, x12, x0        x12=000000d2 x12:000000d2
27066332ns          470680 1c00943c e8028293 addi             x5, x5, -384         x5=1c002e80  x5:1c003000
27066352ns          470681 1c009440 ea058593 addi             x11, x11, -352      x11=1c002ea0 x11:1c003000
27066372ns          470682 1c009444 03812483 lw               x9, 56(x2)           x9=1c002eee  x2:10003cd8  PA:10003d10
27066392ns          470683 1c009446 10064733 p.exths          x14, x12, x0        x14=000000d2 x12:000000d2
27066412ns          470684 1c00944a 018280b3 add              x1, x5, x24          x1=1c002e8e  x5:1c002e80 x24:0000000e
27066432ns          470685 1c00944e 03012f03 lw               x30, 48(x2)         x30=1c002ede  x2:10003cd8  PA:10003d08
27066452ns          470686 1c009450 018582b3 add              x5, x11, x24         x5=1c002eae x11:1c002ea0 x24:0000000e
27066472ns          470687 1c009454 04012583 lw               x11, 64(x2)         x11=1c002efe  x2:10003cd8  PA:10003d18
27066492ns          470688 1c009456 000edd83 lhu              x27, 0(x29)         x27=00000fb3 x29:1c002ece  PA:1c002ece
27066790ns          470703 1c00945a 0004d483 lhu              x9, 0(x9)            x9=00000356  x9:1c002eee  PA:1c002eee
27067088ns          470718 1c00945e 02e70333 mul              x6, x14, x14         x6=0000ac44 x14:000000d2 x14:000000d2
27067108ns          470719 1c009462 40a55513 srai             x10, x10, 0x40a     x10=00000010 x10:000041d0
27067128ns          470720 1c009464 04812e83 lw               x29, 72(x2)         x29=1c002f0e  x2:10003cd8  PA:10003d20
27067148ns          470721 1c009466 40a6d693 srai             x13, x13, 0x40a     x13=ffffffe5 x13:ffff9650
27067168ns          470722 1c009468 000f5d03 lhu              x26, 0(x30)         x26=000005dd x30:1c002ede  PA:1c002ede
27067466ns          470737 1c00946c 0005d583 lhu              x11, 0(x11)         x11=0000023f x11:1c002efe  PA:1c002efe
27067824ns          470755 1c009470 40a35313 srai             x6, x6, 0x40a        x6=0000002b  x6:0000ac44
27067844ns          470756 1c009474 00a686b3 add              x13, x13, x10       x13=fffffff5 x13:ffffffe5 x10:00000010
27067864ns          470757 1c009476 05012f03 lw               x30, 80(x2)         x30=1c002e7e  x2:10003cd8  PA:10003d28
27067884ns          470758 1c009478 10034e33 p.exths          x28, x6, x0         x28=0000002b  x6:0000002b
27067904ns          470759 1c00947c 06911023 sh               x9, 96(x2)           x9:00000356  x2:10003cd8  PA:10003d38
27067924ns          470760 1c009480 000ede83 lhu              x29, 0(x29)         x29=0000019f x29:1c002f0e  PA:1c002f0e
27068242ns          470776 1c009484 05812483 lw               x9, 88(x2)           x9=1c002e6e  x2:10003cd8  PA:10003d30
27068262ns          470777 1c009486 1006d6b3 p.exthz          x13, x13, x0        x13=0000fff5 x13:fffffff5
27068281ns          470778 1c00948a 02ee08b3 mul              x17, x28, x14       x17=00002346 x28:0000002b x14:000000d2
27068301ns          470779 1c00948e 1006c833 p.exths          x16, x13, x0        x16=fffffff5 x13:0000fff5
27068321ns          470780 1c009492 06b11823 sh               x11, 112(x2)        x11:0000023f  x2:10003cd8  PA:10003d48
27068341ns          470781 1c009496 000f5f03 lhu              x30, 0(x30)         x30=0000ff40 x30:1c002e7e  PA:1c002e7e
27068639ns          470796 1c00949a 0a012583 lw               x11, 160(x2)        x11=1c002e9e  x2:10003cd8  PA:10003d78
27068659ns          470797 1c00949c 1007d7b3 p.exthz          x15, x15, x0        x15=0000ffd3 x15:ffffffd3
27068679ns          470798 1c0094a0 0004da03 lhu              x20, 0(x9)          x20=0000fc42  x9:1c002e6e  PA:1c002e6e
27068978ns          470813 1c0094a4 1007c533 p.exths          x10, x15, x0        x10=ffffffd3 x15:0000ffd3
27068997ns          470814 1c0094a8 09d11023 sh               x29, 128(x2)        x29:0000019f  x2:10003cd8  PA:10003d58
27069017ns          470815 1c0094ac 0003d483 lhu              x9, 0(x7)            x9=0000ffc1  x7:1c002ebe  PA:1c002ebe
27069336ns          470831 1c0094b0 02e80eb3 mul              x29, x16, x14       x29=fffff6fa x16:fffffff5 x14:000000d2
27069355ns          470832 1c0094b4 40a8d893 srai             x17, x17, 0x40a     x17=00000008 x17:00002346
27069375ns          470833 1c0094b8 03c80833 mul              x16, x16, x28       x16=fffffe27 x16:fffffff5 x28:0000002b
27069395ns          470834 1c0094bc 09e11823 sh               x30, 144(x2)        x30:0000ff40  x2:10003cd8  PA:10003d68
27069435ns          470836 1c0094c0 0005d983 lhu              x19, 0(x11)         x19=0000ff9e x11:1c002e9e  PA:1c002e9e
27069813ns          470855 1c0094c4 81c88f5b p.muls           x30, x17, x28       x30=00000158 x17:00000008 x28:0000002b
27069833ns          470856 1c0094c8 0002d583 lhu              x11, 0(x5)          x11=0000fefd  x5:1c002eae  PA:1c002eae
27070151ns          470872 1c0094cc 03ce0fb3 mul              x31, x28, x28       x31=00000739 x28:0000002b x28:0000002b
27070171ns          470873 1c0094d0 02e50733 mul              x14, x10, x14       x14=ffffdb16 x10:ffffffd3 x14:000000d2
27070191ns          470874 1c0094d4 40a85813 srai             x16, x16, 0x40a     x16=ffffffff x16:fffffe27
27070211ns          470875 1c0094d8 03c50533 mul              x10, x10, x28       x10=fffff871 x10:ffffffd3 x28:0000002b
27070231ns          470876 1c0094dc 07015e03 lhu              x28, 112(x2)        x28=0000023f  x2:10003cd8  PA:10003d48
27070270ns          470878 1c0094e0 01b60633 add              x12, x12, x27       x12=00001085 x12:000000d2 x27:00000fb3
27070290ns          470879 1c0094e2 00980833 add              x16, x16, x9        x16=0000ffc0 x16:ffffffff  x9:0000ffc1
27070310ns          470880 1c0094e4 06015d83 lhu              x27, 96(x2)         x27=00000356  x2:10003cd8  PA:10003d38
27070330ns          470881 1c0094e8 02812483 lw               x9, 40(x2)           x9=1c002ece  x2:10003cd8  PA:10003d00
27070350ns          470882 1c0094ea 40afdf93 srai             x31, x31, 0x40a     x31=00000001 x31:00000739
27070370ns          470883 1c0094ee 40a55513 srai             x10, x10, 0x40a     x10=fffffffe x10:fffff871
27070390ns          470884 1c0094f0 01cf8fb3 add              x31, x31, x28       x31=00000240 x31:00000001 x28:0000023f
27070410ns          470885 1c0094f2 00b50533 add              x10, x10, x11       x10=0000fefb x10:fffffffe x11:0000fefd
27070429ns          470886 1c0094f4 09015e03 lhu              x28, 144(x2)        x28=0000ff40  x2:10003cd8  PA:10003d68
27070449ns          470887 1c0094f8 03012583 lw               x11, 48(x2)         x11=1c002ede  x2:10003cd8  PA:10003d08
27070469ns          470888 1c0094fa 00c49023 sh               x12, 0(x9)          x12:00001085  x9:1c002ece  PA:1c002ece
27070787ns          470904 1c0094fe 01b888b3 add              x17, x17, x27       x17=0000035e x17:00000008 x27:00000356
27070807ns          470905 1c009500 01a30333 add              x6, x6, x26          x6=00000608  x6:0000002b x26:000005dd
27070827ns          470906 1c009502 08015d83 lhu              x27, 128(x2)        x27=0000019f  x2:10003cd8  PA:10003d58
27070847ns          470907 1c009506 0000d903 lhu              x18, 0(x1)          x18=0000fe52  x1:1c002e8e  PA:1c002e8e
27071165ns          470923 1c00950a 01c686b3 add              x13, x13, x28       x13=0001ff35 x13:0000fff5 x28:0000ff40
27071185ns          470924 1c00950c 00659023 sh               x6, 0(x11)           x6:00000608 x11:1c002ede  PA:1c002ede
27071503ns          470940 1c009510 40af5f13 srai             x30, x30, 0x40a     x30=00000000 x30:00000158
27071523ns          470941 1c009514 04812e03 lw               x28, 72(x2)         x28=1c002f0e  x2:10003cd8  PA:10003d20
27071543ns          470942 1c009516 01bf0f33 add              x30, x30, x27       x30=0000019f x30:00000000 x27:0000019f
27071563ns          470943 1c009518 40aede93 srai             x29, x29, 0x40a     x29=fffffffd x29:fffff6fa
27071583ns          470944 1c00951c 40a75713 srai             x14, x14, 0x40a     x14=fffffff6 x14:ffffdb16
27071603ns          470945 1c00951e 03812603 lw               x12, 56(x2)         x12=1c002eee  x2:10003cd8  PA:10003d10
27071623ns          470946 1c009520 04012d83 lw               x27, 64(x2)         x27=1c002efe  x2:10003cd8  PA:10003d18
27071643ns          470947 1c009522 01ee1023 sh               x30, 0(x28)         x30:0000019f x28:1c002f0e  PA:1c002f0e
27071981ns          470964 1c009526 05812483 lw               x9, 88(x2)           x9=1c002e6e  x2:10003cd8  PA:10003d30
27072001ns          470965 1c009528 05012f03 lw               x30, 80(x2)         x30=1c002e7e  x2:10003cd8  PA:10003d28
27072020ns          470966 1c00952a 0a012583 lw               x11, 160(x2)        x11=1c002e9e  x2:10003cd8  PA:10003d78
27072040ns          470967 1c00952c 014787b3 add              x15, x15, x20       x15=0001fc15 x15:0000ffd3 x20:0000fc42
27072060ns          470968 1c00952e 013e8eb3 add              x29, x29, x19       x29=0000ff9b x29:fffffffd x19:0000ff9e
27072080ns          470969 1c009530 01270733 add              x14, x14, x18       x14=0000fe48 x14:fffffff6 x18:0000fe52
27072100ns          470970 1c009532 00f49023 sh               x15, 0(x9)          x15:0001fc15  x9:1c002e6e  PA:1c002e6e
27072418ns          470986 1c009536 01161023 sh               x17, 0(x12)         x17:0000035e x12:1c002eee  PA:1c002eee
27072736ns          471002 1c00953a 01fd9023 sh               x31, 0(x27)         x31:00000240 x27:1c002efe  PA:1c002efe
27073055ns          471018 1c00953e 00df1023 sh               x13, 0(x30)         x13:0001ff35 x30:1c002e7e  PA:1c002e7e
27073373ns          471034 1c009542 01d59023 sh               x29, 0(x11)         x29:0000ff9b x11:1c002e9e  PA:1c002e9e
27073691ns          471050 1c009546 00e09023 sh               x14, 0(x1)          x14:0000fe48  x1:1c002e8e  PA:1c002e8e
27074009ns          471066 1c00954a 01039023 sh               x16, 0(x7)          x16:0000ffc0  x7:1c002ebe  PA:1c002ebe
27074327ns          471082 1c00954e 00a29023 sh               x10, 0(x5)          x10:0000fefb  x5:1c002eae  PA:1c002eae
27074646ns          471098 1c009552 008b0b13 addi             x22, x22, 8         x22=000000f7 x22:000000ef
27074666ns          471099 1c009554 1f300793 addi             x15, x0, 499        x15=000001f3
27074685ns          471100 1c009558 e767dae3 bge              x15, x22, -396      x15:000001f3 x22:000000f7
27074785ns          471105 1c0093cc 010c9a0b p.lh             x20, 16(x25!)       x20=ffffff8f x25=1c002886 x25:1c002876  PA:1c002876
27075103ns          471121 1c0093d0 0104198b p.lh             x19, 16(x8!)        x19=000001cc  x8=1c00204e  x8:1c00203e  PA:1c00203e
27075441ns          471138 1c0093d4 2cc10513 addi             x10, x2, 716        x10=10003fa4  x2:10003cd8
27075461ns          471139 1c0093d6 010a990b p.lh             x18, 16(x21!)       x18=ffffffcf x21=1c00187a x21:1c00186a  PA:1c00186a
27075779ns          471155 1c0093da 010b948b p.lh             x9, 16(x23!)         x9=000001d2 x23=1c0010aa x23:1c00109a  PA:1c00109a
27076157ns          471174 1c0093de 2d411623 sh               x20, 716(x2)        x20:ffffff8f  x2:10003cd8  PA:10003fa4
27076177ns          471175 1c0093e2 2d311723 sh               x19, 718(x2)        x19:000001cc  x2:10003cd8  PA:10003fa6
27076197ns          471176 1c0093e6 c33ff0ef jal              x1, -974             x1=1c0093e8
27076237ns          471178 1c009018 00051803 lh               x16, 0(x10)         x16=ffffff8f x10:10003fa4  PA:10003fa4
27076257ns          471179 1c00901c 00251883 lh               x17, 2(x10)         x17=000001cc x10:10003fa4  PA:10003fa6
27076316ns          471182 1c009020 030806b3 mul              x13, x16, x16       x13=000031e1 x16:ffffff8f x16:ffffff8f
27076356ns          471184 1c009024 03188633 mul              x12, x17, x17       x12=00033a90 x17:000001cc x17:000001cc
27076376ns          471185 1c009028 40a65613 srai             x12, x12, 0x40a     x12=000000ce x12:00033a90
27076396ns          471186 1c00902a 40a6d693 srai             x13, x13, 0x40a     x13=0000000c x13:000031e1
27076416ns          471187 1c00902c 00c686b3 add              x13, x13, x12       x13=000000da x13:0000000c x12:000000ce
27076436ns          471188 1c00902e 1006c633 p.exths          x12, x13, x0        x12=000000da x13:000000da
27076455ns          471189 1c009032 00855703 lhu              x14, 8(x10)         x14=0000ffd1 x10:10003fa4  PA:10003fac
27076475ns          471190 1c009036 00a55683 lhu              x13, 10(x10)        x13=0000ff6a x10:10003fa4  PA:10003fae
27076495ns          471191 1c00903a 02c60333 mul              x6, x12, x12         x6=0000b9a4 x12:000000da x12:000000da
27076515ns          471192 1c00903e 00c55783 lhu              x15, 12(x10)        x15=0000ffe5 x10:10003fa4  PA:10003fb0
27076535ns          471193 1c009042 00e55583 lhu              x11, 14(x10)        x11=00000060 x10:10003fa4  PA:10003fb2
27076555ns          471194 1c009046 dea30333 p.extract        x6, x6, 15, 10       x6=0000002e  x6:0000b9a4
27076575ns          471195 1c00904a 80c7075b p.muls           x14, x14, x12       x14=ffffd7fa x14:0000ffd1 x12:000000da
27076595ns          471196 1c00904e 80c686db p.muls           x13, x13, x12       x13=ffff8044 x13:0000ff6a x12:000000da
27076615ns          471197 1c009052 00455e83 lhu              x29, 4(x10)         x29=00000427 x10:10003fa4  PA:10003fa8
27076634ns          471198 1c009056 00655e03 lhu              x28, 6(x10)         x28=0000007f x10:10003fa4  PA:10003faa
27076654ns          471199 1c00905a 40a75713 srai             x14, x14, 0x40a     x14=fffffff5 x14:ffffd7fa
27076674ns          471200 1c00905c 806787db p.muls           x15, x15, x6        x15=fffffb26 x15:0000ffe5  x6:0000002e
27076694ns          471201 1c009060 40a6d693 srai             x13, x13, 0x40a     x13=ffffffe0 x13:ffff8044
27076714ns          471202 1c009062 8065865b p.muls           x12, x11, x6        x12=00001140 x11:00000060  x6:0000002e
27076734ns          471203 1c009066 40a7d793 srai             x15, x15, 0x40a     x15=fffffffe x15:fffffb26
27076754ns          471204 1c009068 40a65613 srai             x12, x12, 0x40a     x12=00000004 x12:00001140
27076774ns          471205 1c00906a 01d70733 add              x14, x14, x29       x14=0000041c x14:fffffff5 x29:00000427
27076794ns          471206 1c00906c 01c686b3 add              x13, x13, x28       x13=0000005f x13:ffffffe0 x28:0000007f
27076813ns          471207 1c00906e 00c686b3 add              x13, x13, x12       x13=00000063 x13:0000005f x12:00000004
27076833ns          471208 1c009070 00f70733 add              x14, x14, x15       x14=0000041a x14:0000041c x15:fffffffe
27076853ns          471209 1c009072 100747b3 p.exths          x15, x14, x0        x15=0000041a x14:0000041a
27076873ns          471210 1c009076 1006c733 p.exths          x14, x13, x0        x14=00000063 x13:00000063
27076893ns          471211 1c00907a 03170633 mul              x12, x14, x17       x12=0000b1e4 x14:00000063 x17:000001cc
27076913ns          471212 1c00907e 030786b3 mul              x13, x15, x16       x13=fffe3086 x15:0000041a x16:ffffff8f
27076933ns          471213 1c009082 03070733 mul              x14, x14, x16       x14=ffffd44d x14:00000063 x16:ffffff8f
27076953ns          471214 1c009086 031787b3 mul              x15, x15, x17       x15=00075eb8 x15:0000041a x17:000001cc
27076973ns          471215 1c00908a 40a6d693 srai             x13, x13, 0x40a     x13=ffffff8c x13:fffe3086
27076992ns          471216 1c00908c 40a65613 srai             x12, x12, 0x40a     x12=0000002c x12:0000b1e4
27077012ns          471217 1c00908e 40a7d793 srai             x15, x15, 0x40a     x15=000001d7 x15:00075eb8
27077032ns          471218 1c009090 40a75713 srai             x14, x14, 0x40a     x14=fffffff5 x14:ffffd44d
27077052ns          471219 1c009092 40c686b3 sub              x13, x13, x12       x13=ffffff60 x13:ffffff8c x12:0000002c
27077072ns          471220 1c009094 00e787b3 add              x15, x15, x14       x15=000001cc x15:000001d7 x14:fffffff5
27077092ns          471221 1c009096 00d51823 sh               x13, 16(x10)        x13:ffffff60 x10:10003fa4  PA:10003fb4
27077112ns          471222 1c00909a 00f51923 sh               x15, 18(x10)        x15:000001cc x10:10003fa4  PA:10003fb6
27077132ns          471223 1c00909e 00008067 jalr             x0, x1, 0            x1:1c0093e8
27077171ns          471225 1c0093e8 2dc15583 lhu              x11, 732(x2)        x11=0000ff60  x2:10003cd8  PA:10003fb4
27077191ns          471226 1c0093ec 2de15783 lhu              x15, 734(x2)        x15=000001cc  x2:10003cd8  PA:10003fb6
27077211ns          471227 1c0093f0 40b90933 sub              x18, x18, x11       x18=ffff006f x18:ffffffcf x11:0000ff60
27077231ns          471228 1c0093f4 40f484b3 sub              x9, x9, x15          x9=00000006  x9:000001d2 x15:000001cc
27077251ns          471229 1c0093f6 100945b3 p.exths          x11, x18, x0        x11=0000006f x18:ffff006f
27077271ns          471230 1c0093fa 1004c7b3 p.exths          x15, x9, x0         x15=00000006  x9:00000006
27077291ns          471231 1c0093fe 034586b3 mul              x13, x11, x20       x13=ffffcf01 x11:0000006f x20:ffffff8f
27077311ns          471232 1c009402 03378533 mul              x10, x15, x19       x10=00000ac8 x15:00000006 x19:000001cc
27077331ns          471233 1c009406 034a0633 mul              x12, x20, x20       x12=000031e1 x20:ffffff8f x20:ffffff8f
27077350ns          471234 1c00940a 03398733 mul              x14, x19, x19       x14=00033a90 x19:000001cc x19:000001cc
27077370ns          471235 1c00940e 034787b3 mul              x15, x15, x20       x15=fffffd5a x15:00000006 x20:ffffff8f
27077390ns          471236 1c009412 033585b3 mul              x11, x11, x19       x11=0000c774 x11:0000006f x19:000001cc
27077410ns          471237 1c009416 40a75713 srai             x14, x14, 0x40a     x14=000000ce x14:00033a90
27077430ns          471238 1c009418 40a5d593 srai             x11, x11, 0x40a     x11=00000031 x11:0000c774
27077450ns          471239 1c00941a 40a65613 srai             x12, x12, 0x40a     x12=0000000c x12:000031e1
27077470ns          471240 1c00941c 40a7d793 srai             x15, x15, 0x40a     x15=ffffffff x15:fffffd5a
27077490ns          471241 1c00941e 1c0034b7 lui              x9, 0x1c003000       x9=1c003000
27077510ns          471242 1c009422 00e60633 add              x12, x12, x14       x12=000000da x12:0000000c x14:000000ce
27077529ns          471243 1c009424 40b787b3 sub              x15, x15, x11       x15=ffffffce x15:ffffffff x11:00000031
27077549ns          471244 1c009426 eb048493 addi             x9, x9, -336         x9=1c002eb0  x9:1c003000
27077569ns          471245 1c00942a 1c0032b7 lui              x5, 0x1c003000       x5=1c003000
27077589ns          471246 1c00942e 1c0035b7 lui              x11, 0x1c003000     x11=1c003000
27077609ns          471247 1c009432 018483b3 add              x7, x9, x24          x7=1c002ebe  x9:1c002eb0 x24:0000000e
27077629ns          471248 1c009436 02812e83 lw               x29, 40(x2)         x29=1c002ece  x2:10003cd8  PA:10003d00
27077649ns          471249 1c009438 10065633 p.exthz          x12, x12, x0        x12=000000da x12:000000da
27077669ns          471250 1c00943c e8028293 addi             x5, x5, -384         x5=1c002e80  x5:1c003000
27077689ns          471251 1c009440 ea058593 addi             x11, x11, -352      x11=1c002ea0 x11:1c003000
27077728ns          471253 1c009444 03812483 lw               x9, 56(x2)           x9=1c002eee  x2:10003cd8  PA:10003d10
27077748ns          471254 1c009446 10064733 p.exths          x14, x12, x0        x14=000000da x12:000000da
27077768ns          471255 1c00944a 018280b3 add              x1, x5, x24          x1=1c002e8e  x5:1c002e80 x24:0000000e
27077788ns          471256 1c00944e 03012f03 lw               x30, 48(x2)         x30=1c002ede  x2:10003cd8  PA:10003d08
27077828ns          471258 1c009450 018582b3 add              x5, x11, x24         x5=1c002eae x11:1c002ea0 x24:0000000e
27077868ns          471260 1c009454 04012583 lw               x11, 64(x2)         x11=1c002efe  x2:10003cd8  PA:10003d18
27077887ns          471261 1c009456 000edd83 lhu              x27, 0(x29)         x27=00001085 x29:1c002ece  PA:1c002ece
27078206ns          471277 1c00945a 0004d483 lhu              x9, 0(x9)            x9=0000035e  x9:1c002eee  PA:1c002eee
27078524ns          471293 1c00945e 02e70333 mul              x6, x14, x14         x6=0000b9a4 x14:000000da x14:000000da
27078544ns          471294 1c009462 40a55513 srai             x10, x10, 0x40a     x10=00000002 x10:00000ac8
27078564ns          471295 1c009464 04812e83 lw               x29, 72(x2)         x29=1c002f0e  x2:10003cd8  PA:10003d20
27078583ns          471296 1c009466 40a6d693 srai             x13, x13, 0x40a     x13=fffffff3 x13:ffffcf01
27078603ns          471297 1c009468 000f5d03 lhu              x26, 0(x30)         x26=00000608 x30:1c002ede  PA:1c002ede
27078981ns          471316 1c00946c 0005d583 lhu              x11, 0(x11)         x11=00000240 x11:1c002efe  PA:1c002efe
27079299ns          471332 1c009470 40a35313 srai             x6, x6, 0x40a        x6=0000002e  x6:0000b9a4
27079319ns          471333 1c009474 00a686b3 add              x13, x13, x10       x13=fffffff5 x13:fffffff3 x10:00000002
27079339ns          471334 1c009476 05012f03 lw               x30, 80(x2)         x30=1c002e7e  x2:10003cd8  PA:10003d28
27079359ns          471335 1c009478 10034e33 p.exths          x28, x6, x0         x28=0000002e  x6:0000002e
27079379ns          471336 1c00947c 06911023 sh               x9, 96(x2)           x9:0000035e  x2:10003cd8  PA:10003d38
27079399ns          471337 1c009480 000ede83 lhu              x29, 0(x29)         x29=0000019f x29:1c002f0e  PA:1c002f0e
27079717ns          471353 1c009484 05812483 lw               x9, 88(x2)           x9=1c002e6e  x2:10003cd8  PA:10003d30
27079737ns          471354 1c009486 1006d6b3 p.exthz          x13, x13, x0        x13=0000fff5 x13:fffffff5
27079757ns          471355 1c00948a 02ee08b3 mul              x17, x28, x14       x17=0000272c x28:0000002e x14:000000da
27079777ns          471356 1c00948e 1006c833 p.exths          x16, x13, x0        x16=fffffff5 x13:0000fff5
27079797ns          471357 1c009492 06b11823 sh               x11, 112(x2)        x11:00000240  x2:10003cd8  PA:10003d48
27079817ns          471358 1c009496 000f5f03 lhu              x30, 0(x30)         x30=0000ff35 x30:1c002e7e  PA:1c002e7e
27080135ns          471374 1c00949a 0a012583 lw               x11, 160(x2)        x11=1c002e9e  x2:10003cd8  PA:10003d78
27080155ns          471375 1c00949c 1007d7b3 p.exthz          x15, x15, x0        x15=0000ffce x15:ffffffce
27080175ns          471376 1c0094a0 0004da03 lhu              x20, 0(x9)          x20=0000fc15  x9:1c002e6e  PA:1c002e6e
27080532ns          471394 1c0094a4 1007c533 p.exths          x10, x15, x0        x10=ffffffce x15:0000ffce
27080552ns          471395 1c0094a8 09d11023 sh               x29, 128(x2)        x29:0000019f  x2:10003cd8  PA:10003d58
27080572ns          471396 1c0094ac 0003d483 lhu              x9, 0(x7)            x9=0000ffc0  x7:1c002ebe  PA:1c002ebe
27080871ns          471411 1c0094b0 02e80eb3 mul              x29, x16, x14       x29=fffff6a2 x16:fffffff5 x14:000000da
27080890ns          471412 1c0094b4 40a8d893 srai             x17, x17, 0x40a     x17=00000009 x17:0000272c
27080910ns          471413 1c0094b8 03c80833 mul              x16, x16, x28       x16=fffffe06 x16:fffffff5 x28:0000002e
27080930ns          471414 1c0094bc 09e11823 sh               x30, 144(x2)        x30:0000ff35  x2:10003cd8  PA:10003d68
27080950ns          471415 1c0094c0 0005d983 lhu              x19, 0(x11)         x19=0000ff9b x11:1c002e9e  PA:1c002e9e
27081248ns          471430 1c0094c4 81c88f5b p.muls           x30, x17, x28       x30=0000019e x17:00000009 x28:0000002e
27081268ns          471431 1c0094c8 0002d583 lhu              x11, 0(x5)          x11=0000fefb  x5:1c002eae  PA:1c002eae
27081606ns          471448 1c0094cc 03ce0fb3 mul              x31, x28, x28       x31=00000844 x28:0000002e x28:0000002e
27081626ns          471449 1c0094d0 02e50733 mul              x14, x10, x14       x14=ffffd56c x10:ffffffce x14:000000da
27081646ns          471450 1c0094d4 40a85813 srai             x16, x16, 0x40a     x16=ffffffff x16:fffffe06
27081666ns          471451 1c0094d8 03c50533 mul              x10, x10, x28       x10=fffff704 x10:ffffffce x28:0000002e
27081686ns          471452 1c0094dc 07015e03 lhu              x28, 112(x2)        x28=00000240  x2:10003cd8  PA:10003d48
27081706ns          471453 1c0094e0 01b60633 add              x12, x12, x27       x12=0000115f x12:000000da x27:00001085
27081726ns          471454 1c0094e2 00980833 add              x16, x16, x9        x16=0000ffbf x16:ffffffff  x9:0000ffc0
27081746ns          471455 1c0094e4 06015d83 lhu              x27, 96(x2)         x27=0000035e  x2:10003cd8  PA:10003d38
27081766ns          471456 1c0094e8 02812483 lw               x9, 40(x2)           x9=1c002ece  x2:10003cd8  PA:10003d00
27081785ns          471457 1c0094ea 40afdf93 srai             x31, x31, 0x40a     x31=00000002 x31:00000844
27081805ns          471458 1c0094ee 40a55513 srai             x10, x10, 0x40a     x10=fffffffd x10:fffff704
27081825ns          471459 1c0094f0 01cf8fb3 add              x31, x31, x28       x31=00000242 x31:00000002 x28:00000240
27081845ns          471460 1c0094f2 00b50533 add              x10, x10, x11       x10=0000fef8 x10:fffffffd x11:0000fefb
27081865ns          471461 1c0094f4 09015e03 lhu              x28, 144(x2)        x28=0000ff35  x2:10003cd8  PA:10003d68
27081885ns          471462 1c0094f8 03012583 lw               x11, 48(x2)         x11=1c002ede  x2:10003cd8  PA:10003d08
27081905ns          471463 1c0094fa 00c49023 sh               x12, 0(x9)          x12:0000115f  x9:1c002ece  PA:1c002ece
27082223ns          471479 1c0094fe 01b888b3 add              x17, x17, x27       x17=00000367 x17:00000009 x27:0000035e
27082243ns          471480 1c009500 01a30333 add              x6, x6, x26          x6=00000636  x6:0000002e x26:00000608
27082263ns          471481 1c009502 08015d83 lhu              x27, 128(x2)        x27=0000019f  x2:10003cd8  PA:10003d58
27082303ns          471483 1c009506 0000d903 lhu              x18, 0(x1)          x18=0000fe48  x1:1c002e8e  PA:1c002e8e
27082641ns          471500 1c00950a 01c686b3 add              x13, x13, x28       x13=0001ff2a x13:0000fff5 x28:0000ff35
27082661ns          471501 1c00950c 00659023 sh               x6, 0(x11)           x6:00000636 x11:1c002ede  PA:1c002ede
27082979ns          471517 1c009510 40af5f13 srai             x30, x30, 0x40a     x30=00000000 x30:0000019e
27082999ns          471518 1c009514 04812e03 lw               x28, 72(x2)         x28=1c002f0e  x2:10003cd8  PA:10003d20
27083018ns          471519 1c009516 01bf0f33 add              x30, x30, x27       x30=0000019f x30:00000000 x27:0000019f
27083038ns          471520 1c009518 40aede93 srai             x29, x29, 0x40a     x29=fffffffd x29:fffff6a2
27083058ns          471521 1c00951c 40a75713 srai             x14, x14, 0x40a     x14=fffffff5 x14:ffffd56c
27083078ns          471522 1c00951e 03812603 lw               x12, 56(x2)         x12=1c002eee  x2:10003cd8  PA:10003d10
27083098ns          471523 1c009520 04012d83 lw               x27, 64(x2)         x27=1c002efe  x2:10003cd8  PA:10003d18
27083118ns          471524 1c009522 01ee1023 sh               x30, 0(x28)         x30:0000019f x28:1c002f0e  PA:1c002f0e
27083436ns          471540 1c009526 05812483 lw               x9, 88(x2)           x9=1c002e6e  x2:10003cd8  PA:10003d30
27083456ns          471541 1c009528 05012f03 lw               x30, 80(x2)         x30=1c002e7e  x2:10003cd8  PA:10003d28
27083476ns          471542 1c00952a 0a012583 lw               x11, 160(x2)        x11=1c002e9e  x2:10003cd8  PA:10003d78
27083496ns          471543 1c00952c 014787b3 add              x15, x15, x20       x15=0001fbe3 x15:0000ffce x20:0000fc15
27083516ns          471544 1c00952e 013e8eb3 add              x29, x29, x19       x29=0000ff98 x29:fffffffd x19:0000ff9b
27083536ns          471545 1c009530 01270733 add              x14, x14, x18       x14=0000fe3d x14:fffffff5 x18:0000fe48
27083555ns          471546 1c009532 00f49023 sh               x15, 0(x9)          x15:0001fbe3  x9:1c002e6e  PA:1c002e6e
27083894ns          471563 1c009536 01161023 sh               x17, 0(x12)         x17:00000367 x12:1c002eee  PA:1c002eee
27084212ns          471579 1c00953a 01fd9023 sh               x31, 0(x27)         x31:00000242 x27:1c002efe  PA:1c002efe
27084530ns          471595 1c00953e 00df1023 sh               x13, 0(x30)         x13:0001ff2a x30:1c002e7e  PA:1c002e7e
27084848ns          471611 1c009542 01d59023 sh               x29, 0(x11)         x29:0000ff98 x11:1c002e9e  PA:1c002e9e
27085186ns          471628 1c009546 00e09023 sh               x14, 0(x1)          x14:0000fe3d  x1:1c002e8e  PA:1c002e8e
27085504ns          471644 1c00954a 01039023 sh               x16, 0(x7)          x16:0000ffbf  x7:1c002ebe  PA:1c002ebe
27085823ns          471660 1c00954e 00a29023 sh               x10, 0(x5)          x10:0000fef8  x5:1c002eae  PA:1c002eae
27086141ns          471676 1c009552 008b0b13 addi             x22, x22, 8         x22=000000ff x22:000000f7
27086161ns          471677 1c009554 1f300793 addi             x15, x0, 499        x15=000001f3
27086181ns          471678 1c009558 e767dae3 bge              x15, x22, -396      x15:000001f3 x22:000000ff
27086280ns          471683 1c0093cc 010c9a0b p.lh             x20, 16(x25!)       x20=0000000b x25=1c002896 x25:1c002886  PA:1c002886
27086598ns          471699 1c0093d0 0104198b p.lh             x19, 16(x8!)        x19=fffffd8c  x8=1c00205e  x8:1c00204e  PA:1c00204e
27086897ns          471714 1c0093d4 2cc10513 addi             x10, x2, 716        x10=10003fa4  x2:10003cd8
27086917ns          471715 1c0093d6 010a990b p.lh             x18, 16(x21!)       x18=ffffff98 x21=1c00188a x21:1c00187a  PA:1c00187a
27087235ns          471731 1c0093da 010b948b p.lh             x9, 16(x23!)         x9=fffffd9e x23=1c0010ba x23:1c0010aa  PA:1c0010aa
27087533ns          471746 1c0093de 2d411623 sh               x20, 716(x2)        x20:0000000b  x2:10003cd8  PA:10003fa4
27087553ns          471747 1c0093e2 2d311723 sh               x19, 718(x2)        x19:fffffd8c  x2:10003cd8  PA:10003fa6
27087573ns          471748 1c0093e6 c33ff0ef jal              x1, -974             x1=1c0093e8
27087672ns          471753 1c009018 00051803 lh               x16, 0(x10)         x16=0000000b x10:10003fa4  PA:10003fa4
27087712ns          471755 1c00901c 00251883 lh               x17, 2(x10)         x17=fffffd8c x10:10003fa4  PA:10003fa6
27087772ns          471758 1c009020 030806b3 mul              x13, x16, x16       x13=00000079 x16:0000000b x16:0000000b
27087812ns          471760 1c009024 03188633 mul              x12, x17, x17       x12=00060490 x17:fffffd8c x17:fffffd8c
27087831ns          471761 1c009028 40a65613 srai             x12, x12, 0x40a     x12=00000181 x12:00060490
27087851ns          471762 1c00902a 40a6d693 srai             x13, x13, 0x40a     x13=00000000 x13:00000079
27087871ns          471763 1c00902c 00c686b3 add              x13, x13, x12       x13=00000181 x13:00000000 x12:00000181
27087891ns          471764 1c00902e 1006c633 p.exths          x12, x13, x0        x12=00000181 x13:00000181
27087911ns          471765 1c009032 00855703 lhu              x14, 8(x10)         x14=0000ffd1 x10:10003fa4  PA:10003fac
27087931ns          471766 1c009036 00a55683 lhu              x13, 10(x10)        x13=0000ff6a x10:10003fa4  PA:10003fae
27087951ns          471767 1c00903a 02c60333 mul              x6, x12, x12         x6=00024301 x12:00000181 x12:00000181
27088010ns          471770 1c00903e 00c55783 lhu              x15, 12(x10)        x15=0000ffe5 x10:10003fa4  PA:10003fb0
27088050ns          471772 1c009042 00e55583 lhu              x11, 14(x10)        x11=00000060 x10:10003fa4  PA:10003fb2
27088070ns          471773 1c009046 dea30333 p.extract        x6, x6, 15, 10       x6=00000090  x6:00024301
27088090ns          471774 1c00904a 80c7075b p.muls           x14, x14, x12       x14=ffffb951 x14:0000ffd1 x12:00000181
27088110ns          471775 1c00904e 80c686db p.muls           x13, x13, x12       x13=ffff1e6a x13:0000ff6a x12:00000181
27088130ns          471776 1c009052 00455e83 lhu              x29, 4(x10)         x29=00000427 x10:10003fa4  PA:10003fa8
27088150ns          471777 1c009056 00655e03 lhu              x28, 6(x10)         x28=0000007f x10:10003fa4  PA:10003faa
27088169ns          471778 1c00905a 40a75713 srai             x14, x14, 0x40a     x14=ffffffee x14:ffffb951
27088189ns          471779 1c00905c 806787db p.muls           x15, x15, x6        x15=fffff0d0 x15:0000ffe5  x6:00000090
27088209ns          471780 1c009060 40a6d693 srai             x13, x13, 0x40a     x13=ffffffc7 x13:ffff1e6a
27088229ns          471781 1c009062 8065865b p.muls           x12, x11, x6        x12=00003600 x11:00000060  x6:00000090
27088249ns          471782 1c009066 40a7d793 srai             x15, x15, 0x40a     x15=fffffffc x15:fffff0d0
27088269ns          471783 1c009068 40a65613 srai             x12, x12, 0x40a     x12=0000000d x12:00003600
27088289ns          471784 1c00906a 01d70733 add              x14, x14, x29       x14=00000415 x14:ffffffee x29:00000427
27088309ns          471785 1c00906c 01c686b3 add              x13, x13, x28       x13=00000046 x13:ffffffc7 x28:0000007f
27088329ns          471786 1c00906e 00c686b3 add              x13, x13, x12       x13=00000053 x13:00000046 x12:0000000d
27088348ns          471787 1c009070 00f70733 add              x14, x14, x15       x14=00000411 x14:00000415 x15:fffffffc
27088368ns          471788 1c009072 100747b3 p.exths          x15, x14, x0        x15=00000411 x14:00000411
27088388ns          471789 1c009076 1006c733 p.exths          x14, x13, x0        x14=00000053 x13:00000053
27088408ns          471790 1c00907a 03170633 mul              x12, x14, x17       x12=ffff3464 x14:00000053 x17:fffffd8c
27088428ns          471791 1c00907e 030786b3 mul              x13, x15, x16       x13=00002cbb x15:00000411 x16:0000000b
27088448ns          471792 1c009082 03070733 mul              x14, x14, x16       x14=00000391 x14:00000053 x16:0000000b
27088468ns          471793 1c009086 031787b3 mul              x15, x15, x17       x15=fff6064c x15:00000411 x17:fffffd8c
27088488ns          471794 1c00908a 40a6d693 srai             x13, x13, 0x40a     x13=0000000b x13:00002cbb
27088508ns          471795 1c00908c 40a65613 srai             x12, x12, 0x40a     x12=ffffffcd x12:ffff3464
27088527ns          471796 1c00908e 40a7d793 srai             x15, x15, 0x40a     x15=fffffd81 x15:fff6064c
27088547ns          471797 1c009090 40a75713 srai             x14, x14, 0x40a     x14=00000000 x14:00000391
27088567ns          471798 1c009092 40c686b3 sub              x13, x13, x12       x13=0000003e x13:0000000b x12:ffffffcd
27088587ns          471799 1c009094 00e787b3 add              x15, x15, x14       x15=fffffd81 x15:fffffd81 x14:00000000
27088607ns          471800 1c009096 00d51823 sh               x13, 16(x10)        x13:0000003e x10:10003fa4  PA:10003fb4
27088627ns          471801 1c00909a 00f51923 sh               x15, 18(x10)        x15:fffffd81 x10:10003fa4  PA:10003fb6
27088647ns          471802 1c00909e 00008067 jalr             x0, x1, 0            x1:1c0093e8
27088687ns          471804 1c0093e8 2dc15583 lhu              x11, 732(x2)        x11=0000003e  x2:10003cd8  PA:10003fb4
27088726ns          471806 1c0093ec 2de15783 lhu              x15, 734(x2)        x15=0000fd81  x2:10003cd8  PA:10003fb6
27088746ns          471807 1c0093f0 40b90933 sub              x18, x18, x11       x18=ffffff5a x18:ffffff98 x11:0000003e
27088766ns          471808 1c0093f4 40f484b3 sub              x9, x9, x15          x9=ffff001d  x9:fffffd9e x15:0000fd81
27088786ns          471809 1c0093f6 100945b3 p.exths          x11, x18, x0        x11=ffffff5a x18:ffffff5a
27088806ns          471810 1c0093fa 1004c7b3 p.exths          x15, x9, x0         x15=0000001d  x9:ffff001d
27088826ns          471811 1c0093fe 034586b3 mul              x13, x11, x20       x13=fffff8de x11:ffffff5a x20:0000000b
27088846ns          471812 1c009402 03378533 mul              x10, x15, x19       x10=ffffb8dc x15:0000001d x19:fffffd8c
27088866ns          471813 1c009406 034a0633 mul              x12, x20, x20       x12=00000079 x20:0000000b x20:0000000b
27088885ns          471814 1c00940a 03398733 mul              x14, x19, x19       x14=00060490 x19:fffffd8c x19:fffffd8c
27088905ns          471815 1c00940e 034787b3 mul              x15, x15, x20       x15=0000013f x15:0000001d x20:0000000b
27088925ns          471816 1c009412 033585b3 mul              x11, x11, x19       x11=00019738 x11:ffffff5a x19:fffffd8c
27088945ns          471817 1c009416 40a75713 srai             x14, x14, 0x40a     x14=00000181 x14:00060490
27088965ns          471818 1c009418 40a5d593 srai             x11, x11, 0x40a     x11=00000065 x11:00019738
27088985ns          471819 1c00941a 40a65613 srai             x12, x12, 0x40a     x12=00000000 x12:00000079
27089005ns          471820 1c00941c 40a7d793 srai             x15, x15, 0x40a     x15=00000000 x15:0000013f
27089025ns          471821 1c00941e 1c0034b7 lui              x9, 0x1c003000       x9=1c003000
27089045ns          471822 1c009422 00e60633 add              x12, x12, x14       x12=00000181 x12:00000000 x14:00000181
27089064ns          471823 1c009424 40b787b3 sub              x15, x15, x11       x15=ffffff9b x15:00000000 x11:00000065
27089084ns          471824 1c009426 eb048493 addi             x9, x9, -336         x9=1c002eb0  x9:1c003000
27089104ns          471825 1c00942a 1c0032b7 lui              x5, 0x1c003000       x5=1c003000
27089124ns          471826 1c00942e 1c0035b7 lui              x11, 0x1c003000     x11=1c003000
27089144ns          471827 1c009432 018483b3 add              x7, x9, x24          x7=1c002ebe  x9:1c002eb0 x24:0000000e
27089164ns          471828 1c009436 02812e83 lw               x29, 40(x2)         x29=1c002ece  x2:10003cd8  PA:10003d00
27089184ns          471829 1c009438 10065633 p.exthz          x12, x12, x0        x12=00000181 x12:00000181
27089204ns          471830 1c00943c e8028293 addi             x5, x5, -384         x5=1c002e80  x5:1c003000
27089224ns          471831 1c009440 ea058593 addi             x11, x11, -352      x11=1c002ea0 x11:1c003000
27089263ns          471833 1c009444 03812483 lw               x9, 56(x2)           x9=1c002eee  x2:10003cd8  PA:10003d10
27089283ns          471834 1c009446 10064733 p.exths          x14, x12, x0        x14=00000181 x12:00000181
27089303ns          471835 1c00944a 018280b3 add              x1, x5, x24          x1=1c002e8e  x5:1c002e80 x24:0000000e
27089323ns          471836 1c00944e 03012f03 lw               x30, 48(x2)         x30=1c002ede  x2:10003cd8  PA:10003d08
27089363ns          471838 1c009450 018582b3 add              x5, x11, x24         x5=1c002eae x11:1c002ea0 x24:0000000e
27089403ns          471840 1c009454 04012583 lw               x11, 64(x2)         x11=1c002efe  x2:10003cd8  PA:10003d18
27089422ns          471841 1c009456 000edd83 lhu              x27, 0(x29)         x27=0000115f x29:1c002ece  PA:1c002ece
27089721ns          471856 1c00945a 0004d483 lhu              x9, 0(x9)            x9=00000367  x9:1c002eee  PA:1c002eee
27090039ns          471872 1c00945e 02e70333 mul              x6, x14, x14         x6=00024301 x14:00000181 x14:00000181
27090059ns          471873 1c009462 40a55513 srai             x10, x10, 0x40a     x10=ffffffee x10:ffffb8dc
27090079ns          471874 1c009464 04812e83 lw               x29, 72(x2)         x29=1c002f0e  x2:10003cd8  PA:10003d20
27090099ns          471875 1c009466 40a6d693 srai             x13, x13, 0x40a     x13=fffffffe x13:fffff8de
27090119ns          471876 1c009468 000f5d03 lhu              x26, 0(x30)         x26=00000636 x30:1c002ede  PA:1c002ede
27090437ns          471892 1c00946c 0005d583 lhu              x11, 0(x11)         x11=00000242 x11:1c002efe  PA:1c002efe
27090874ns          471914 1c009470 40a35313 srai             x6, x6, 0x40a        x6=00000090  x6:00024301
27090894ns          471915 1c009474 00a686b3 add              x13, x13, x10       x13=ffffffec x13:fffffffe x10:ffffffee
27090914ns          471916 1c009476 05012f03 lw               x30, 80(x2)         x30=1c002e7e  x2:10003cd8  PA:10003d28
27090934ns          471917 1c009478 10034e33 p.exths          x28, x6, x0         x28=00000090  x6:00000090
27090954ns          471918 1c00947c 06911023 sh               x9, 96(x2)           x9:00000367  x2:10003cd8  PA:10003d38
27090974ns          471919 1c009480 000ede83 lhu              x29, 0(x29)         x29=0000019f x29:1c002f0e  PA:1c002f0e
27091292ns          471935 1c009484 05812483 lw               x9, 88(x2)           x9=1c002e6e  x2:10003cd8  PA:10003d30
27091312ns          471936 1c009486 1006d6b3 p.exthz          x13, x13, x0        x13=0000ffec x13:ffffffec
27091332ns          471937 1c00948a 02ee08b3 mul              x17, x28, x14       x17=0000d890 x28:00000090 x14:00000181
27091352ns          471938 1c00948e 1006c833 p.exths          x16, x13, x0        x16=ffffffec x13:0000ffec
27091371ns          471939 1c009492 06b11823 sh               x11, 112(x2)        x11:00000242  x2:10003cd8  PA:10003d48
27091391ns          471940 1c009496 000f5f03 lhu              x30, 0(x30)         x30=0000ff2a x30:1c002e7e  PA:1c002e7e
27091710ns          471956 1c00949a 0a012583 lw               x11, 160(x2)        x11=1c002e9e  x2:10003cd8  PA:10003d78
27091729ns          471957 1c00949c 1007d7b3 p.exthz          x15, x15, x0        x15=0000ff9b x15:ffffff9b
27091749ns          471958 1c0094a0 0004da03 lhu              x20, 0(x9)          x20=0000fbe3  x9:1c002e6e  PA:1c002e6e
27092068ns          471974 1c0094a4 1007c533 p.exths          x10, x15, x0        x10=ffffff9b x15:0000ff9b
27092087ns          471975 1c0094a8 09d11023 sh               x29, 128(x2)        x29:0000019f  x2:10003cd8  PA:10003d58
27092107ns          471976 1c0094ac 0003d483 lhu              x9, 0(x7)            x9=0000ffbf  x7:1c002ebe  PA:1c002ebe
27092426ns          471992 1c0094b0 02e80eb3 mul              x29, x16, x14       x29=ffffe1ec x16:ffffffec x14:00000181
27092445ns          471993 1c0094b4 40a8d893 srai             x17, x17, 0x40a     x17=00000036 x17:0000d890
27092465ns          471994 1c0094b8 03c80833 mul              x16, x16, x28       x16=fffff4c0 x16:ffffffec x28:00000090
27092485ns          471995 1c0094bc 09e11823 sh               x30, 144(x2)        x30:0000ff2a  x2:10003cd8  PA:10003d68
27092505ns          471996 1c0094c0 0005d983 lhu              x19, 0(x11)         x19=0000ff98 x11:1c002e9e  PA:1c002e9e
27092823ns          472012 1c0094c4 81c88f5b p.muls           x30, x17, x28       x30=00001e60 x17:00000036 x28:00000090
27092843ns          472013 1c0094c8 0002d583 lhu              x11, 0(x5)          x11=0000fef8  x5:1c002eae  PA:1c002eae
27093161ns          472029 1c0094cc 03ce0fb3 mul              x31, x28, x28       x31=00005100 x28:00000090 x28:00000090
27093181ns          472030 1c0094d0 02e50733 mul              x14, x10, x14       x14=ffff681b x10:ffffff9b x14:00000181
27093201ns          472031 1c0094d4 40a85813 srai             x16, x16, 0x40a     x16=fffffffd x16:fffff4c0
27093221ns          472032 1c0094d8 03c50533 mul              x10, x10, x28       x10=ffffc730 x10:ffffff9b x28:00000090
27093241ns          472033 1c0094dc 07015e03 lhu              x28, 112(x2)        x28=00000242  x2:10003cd8  PA:10003d48
27093281ns          472035 1c0094e0 01b60633 add              x12, x12, x27       x12=000012e0 x12:00000181 x27:0000115f
27093301ns          472036 1c0094e2 00980833 add              x16, x16, x9        x16=0000ffbc x16:fffffffd  x9:0000ffbf
27093320ns          472037 1c0094e4 06015d83 lhu              x27, 96(x2)         x27=00000367  x2:10003cd8  PA:10003d38
27093340ns          472038 1c0094e8 02812483 lw               x9, 40(x2)           x9=1c002ece  x2:10003cd8  PA:10003d00
27093360ns          472039 1c0094ea 40afdf93 srai             x31, x31, 0x40a     x31=00000014 x31:00005100
27093380ns          472040 1c0094ee 40a55513 srai             x10, x10, 0x40a     x10=fffffff1 x10:ffffc730
27093400ns          472041 1c0094f0 01cf8fb3 add              x31, x31, x28       x31=00000256 x31:00000014 x28:00000242
27093420ns          472042 1c0094f2 00b50533 add              x10, x10, x11       x10=0000fee9 x10:fffffff1 x11:0000fef8
27093440ns          472043 1c0094f4 09015e03 lhu              x28, 144(x2)        x28=0000ff2a  x2:10003cd8  PA:10003d68
27093460ns          472044 1c0094f8 03012583 lw               x11, 48(x2)         x11=1c002ede  x2:10003cd8  PA:10003d08
27093480ns          472045 1c0094fa 00c49023 sh               x12, 0(x9)          x12:000012e0  x9:1c002ece  PA:1c002ece
27093798ns          472061 1c0094fe 01b888b3 add              x17, x17, x27       x17=0000039d x17:00000036 x27:00000367
27093818ns          472062 1c009500 01a30333 add              x6, x6, x26          x6=000006c6  x6:00000090 x26:00000636
27093838ns          472063 1c009502 08015d83 lhu              x27, 128(x2)        x27=0000019f  x2:10003cd8  PA:10003d58
27093857ns          472064 1c009506 0000d903 lhu              x18, 0(x1)          x18=0000fe3d  x1:1c002e8e  PA:1c002e8e
27094215ns          472082 1c00950a 01c686b3 add              x13, x13, x28       x13=0001ff16 x13:0000ffec x28:0000ff2a
27094235ns          472083 1c00950c 00659023 sh               x6, 0(x11)           x6:000006c6 x11:1c002ede  PA:1c002ede
27094554ns          472099 1c009510 40af5f13 srai             x30, x30, 0x40a     x30=00000007 x30:00001e60
27094573ns          472100 1c009514 04812e03 lw               x28, 72(x2)         x28=1c002f0e  x2:10003cd8  PA:10003d20
27094593ns          472101 1c009516 01bf0f33 add              x30, x30, x27       x30=000001a6 x30:00000007 x27:0000019f
27094613ns          472102 1c009518 40aede93 srai             x29, x29, 0x40a     x29=fffffff8 x29:ffffe1ec
27094633ns          472103 1c00951c 40a75713 srai             x14, x14, 0x40a     x14=ffffffda x14:ffff681b
27094653ns          472104 1c00951e 03812603 lw               x12, 56(x2)         x12=1c002eee  x2:10003cd8  PA:10003d10
27094673ns          472105 1c009520 04012d83 lw               x27, 64(x2)         x27=1c002efe  x2:10003cd8  PA:10003d18
27094693ns          472106 1c009522 01ee1023 sh               x30, 0(x28)         x30:000001a6 x28:1c002f0e  PA:1c002f0e
27095031ns          472123 1c009526 05812483 lw               x9, 88(x2)           x9=1c002e6e  x2:10003cd8  PA:10003d30
27095051ns          472124 1c009528 05012f03 lw               x30, 80(x2)         x30=1c002e7e  x2:10003cd8  PA:10003d28
27095071ns          472125 1c00952a 0a012583 lw               x11, 160(x2)        x11=1c002e9e  x2:10003cd8  PA:10003d78
27095091ns          472126 1c00952c 014787b3 add              x15, x15, x20       x15=0001fb7e x15:0000ff9b x20:0000fbe3
27095110ns          472127 1c00952e 013e8eb3 add              x29, x29, x19       x29=0000ff90 x29:fffffff8 x19:0000ff98
27095130ns          472128 1c009530 01270733 add              x14, x14, x18       x14=0000fe17 x14:ffffffda x18:0000fe3d
27095150ns          472129 1c009532 00f49023 sh               x15, 0(x9)          x15:0001fb7e  x9:1c002e6e  PA:1c002e6e
27095468ns          472145 1c009536 01161023 sh               x17, 0(x12)         x17:0000039d x12:1c002eee  PA:1c002eee
27095806ns          472162 1c00953a 01fd9023 sh               x31, 0(x27)         x31:00000256 x27:1c002efe  PA:1c002efe
27096125ns          472178 1c00953e 00df1023 sh               x13, 0(x30)         x13:0001ff16 x30:1c002e7e  PA:1c002e7e
27096443ns          472194 1c009542 01d59023 sh               x29, 0(x11)         x29:0000ff90 x11:1c002e9e  PA:1c002e9e
27096761ns          472210 1c009546 00e09023 sh               x14, 0(x1)          x14:0000fe17  x1:1c002e8e  PA:1c002e8e
27097119ns          472228 1c00954a 01039023 sh               x16, 0(x7)          x16:0000ffbc  x7:1c002ebe  PA:1c002ebe
27097457ns          472245 1c00954e 00a29023 sh               x10, 0(x5)          x10:0000fee9  x5:1c002eae  PA:1c002eae
27097775ns          472261 1c009552 008b0b13 addi             x22, x22, 8         x22=00000107 x22:000000ff
27097795ns          472262 1c009554 1f300793 addi             x15, x0, 499        x15=000001f3
27097815ns          472263 1c009558 e767dae3 bge              x15, x22, -396      x15:000001f3 x22:00000107
27097875ns          472266 1c0093cc 010c9a0b p.lh             x20, 16(x25!)       x20=000001b8 x25=1c0028a6 x25:1c002896  PA:1c002896
27098193ns          472282 1c0093d0 0104198b p.lh             x19, 16(x8!)        x19=fffffff0  x8=1c00206e  x8:1c00205e  PA:1c00205e
27098511ns          472298 1c0093d4 2cc10513 addi             x10, x2, 716        x10=10003fa4  x2:10003cd8
27098531ns          472299 1c0093d6 010a990b p.lh             x18, 16(x21!)       x18=000001af x21=1c00189a x21:1c00188a  PA:1c00188a
27098829ns          472314 1c0093da 010b948b p.lh             x9, 16(x23!)         x9=ffffffc9 x23=1c0010ca x23:1c0010ba  PA:1c0010ba
27099128ns          472329 1c0093de 2d411623 sh               x20, 716(x2)        x20:000001b8  x2:10003cd8  PA:10003fa4
27099148ns          472330 1c0093e2 2d311723 sh               x19, 718(x2)        x19:fffffff0  x2:10003cd8  PA:10003fa6
27099168ns          472331 1c0093e6 c33ff0ef jal              x1, -974             x1=1c0093e8
27099207ns          472333 1c009018 00051803 lh               x16, 0(x10)         x16=000001b8 x10:10003fa4  PA:10003fa4
27099227ns          472334 1c00901c 00251883 lh               x17, 2(x10)         x17=fffffff0 x10:10003fa4  PA:10003fa6
27099247ns          472335 1c009020 030806b3 mul              x13, x16, x16       x13=0002f440 x16:000001b8 x16:000001b8
27099267ns          472336 1c009024 03188633 mul              x12, x17, x17       x12=00000100 x17:fffffff0 x17:fffffff0
27099287ns          472337 1c009028 40a65613 srai             x12, x12, 0x40a     x12=00000000 x12:00000100
27099307ns          472338 1c00902a 40a6d693 srai             x13, x13, 0x40a     x13=000000bd x13:0002f440
27099327ns          472339 1c00902c 00c686b3 add              x13, x13, x12       x13=000000bd x13:000000bd x12:00000000
27099347ns          472340 1c00902e 1006c633 p.exths          x12, x13, x0        x12=000000bd x13:000000bd
27099366ns          472341 1c009032 00855703 lhu              x14, 8(x10)         x14=0000ffd1 x10:10003fa4  PA:10003fac
27099386ns          472342 1c009036 00a55683 lhu              x13, 10(x10)        x13=0000ff6a x10:10003fa4  PA:10003fae
27099406ns          472343 1c00903a 02c60333 mul              x6, x12, x12         x6=00008b89 x12:000000bd x12:000000bd
27099446ns          472345 1c00903e 00c55783 lhu              x15, 12(x10)        x15=0000ffe5 x10:10003fa4  PA:10003fb0
27099486ns          472347 1c009042 00e55583 lhu              x11, 14(x10)        x11=00000060 x10:10003fa4  PA:10003fb2
27099506ns          472348 1c009046 dea30333 p.extract        x6, x6, 15, 10       x6=00000022  x6:00008b89
27099526ns          472349 1c00904a 80c7075b p.muls           x14, x14, x12       x14=ffffdd4d x14:0000ffd1 x12:000000bd
27099585ns          472352 1c00904e 80c686db p.muls           x13, x13, x12       x13=ffff9142 x13:0000ff6a x12:000000bd
27099625ns          472354 1c009052 00455e83 lhu              x29, 4(x10)         x29=00000427 x10:10003fa4  PA:10003fa8
27099645ns          472355 1c009056 00655e03 lhu              x28, 6(x10)         x28=0000007f x10:10003fa4  PA:10003faa
27099665ns          472356 1c00905a 40a75713 srai             x14, x14, 0x40a     x14=fffffff7 x14:ffffdd4d
27099685ns          472357 1c00905c 806787db p.muls           x15, x15, x6        x15=fffffc6a x15:0000ffe5  x6:00000022
27099724ns          472359 1c009060 40a6d693 srai             x13, x13, 0x40a     x13=ffffffe4 x13:ffff9142
27099764ns          472361 1c009062 8065865b p.muls           x12, x11, x6        x12=00000cc0 x11:00000060  x6:00000022
27099784ns          472362 1c009066 40a7d793 srai             x15, x15, 0x40a     x15=ffffffff x15:fffffc6a
27099804ns          472363 1c009068 40a65613 srai             x12, x12, 0x40a     x12=00000003 x12:00000cc0
27099824ns          472364 1c00906a 01d70733 add              x14, x14, x29       x14=0000041e x14:fffffff7 x29:00000427
27099844ns          472365 1c00906c 01c686b3 add              x13, x13, x28       x13=00000063 x13:ffffffe4 x28:0000007f
27099864ns          472366 1c00906e 00c686b3 add              x13, x13, x12       x13=00000066 x13:00000063 x12:00000003
27099884ns          472367 1c009070 00f70733 add              x14, x14, x15       x14=0000041d x14:0000041e x15:ffffffff
27099903ns          472368 1c009072 100747b3 p.exths          x15, x14, x0        x15=0000041d x14:0000041d
27099923ns          472369 1c009076 1006c733 p.exths          x14, x13, x0        x14=00000066 x13:00000066
27099943ns          472370 1c00907a 03170633 mul              x12, x14, x17       x12=fffff9a0 x14:00000066 x17:fffffff0
27099963ns          472371 1c00907e 030786b3 mul              x13, x15, x16       x13=000711d8 x15:0000041d x16:000001b8
27099983ns          472372 1c009082 03070733 mul              x14, x14, x16       x14=0000af50 x14:00000066 x16:000001b8
27100003ns          472373 1c009086 031787b3 mul              x15, x15, x17       x15=ffffbe30 x15:0000041d x17:fffffff0
27100023ns          472374 1c00908a 40a6d693 srai             x13, x13, 0x40a     x13=000001c4 x13:000711d8
27100043ns          472375 1c00908c 40a65613 srai             x12, x12, 0x40a     x12=fffffffe x12:fffff9a0
27100063ns          472376 1c00908e 40a7d793 srai             x15, x15, 0x40a     x15=ffffffef x15:ffffbe30
27100082ns          472377 1c009090 40a75713 srai             x14, x14, 0x40a     x14=0000002b x14:0000af50
27100102ns          472378 1c009092 40c686b3 sub              x13, x13, x12       x13=000001c6 x13:000001c4 x12:fffffffe
27100122ns          472379 1c009094 00e787b3 add              x15, x15, x14       x15=0000001a x15:ffffffef x14:0000002b
27100142ns          472380 1c009096 00d51823 sh               x13, 16(x10)        x13:000001c6 x10:10003fa4  PA:10003fb4
27100162ns          472381 1c00909a 00f51923 sh               x15, 18(x10)        x15:0000001a x10:10003fa4  PA:10003fb6
27100182ns          472382 1c00909e 00008067 jalr             x0, x1, 0            x1:1c0093e8
27100261ns          472386 1c0093e8 2dc15583 lhu              x11, 732(x2)        x11=000001c6  x2:10003cd8  PA:10003fb4
27100281ns          472387 1c0093ec 2de15783 lhu              x15, 734(x2)        x15=0000001a  x2:10003cd8  PA:10003fb6
27100301ns          472388 1c0093f0 40b90933 sub              x18, x18, x11       x18=ffffffe9 x18:000001af x11:000001c6
27100321ns          472389 1c0093f4 40f484b3 sub              x9, x9, x15          x9=ffffffaf  x9:ffffffc9 x15:0000001a
27100341ns          472390 1c0093f6 100945b3 p.exths          x11, x18, x0        x11=ffffffe9 x18:ffffffe9
27100361ns          472391 1c0093fa 1004c7b3 p.exths          x15, x9, x0         x15=ffffffaf  x9:ffffffaf
27100381ns          472392 1c0093fe 034586b3 mul              x13, x11, x20       x13=ffffd878 x11:ffffffe9 x20:000001b8
27100401ns          472393 1c009402 03378533 mul              x10, x15, x19       x10=00000510 x15:ffffffaf x19:fffffff0
27100420ns          472394 1c009406 034a0633 mul              x12, x20, x20       x12=0002f440 x20:000001b8 x20:000001b8
27100440ns          472395 1c00940a 03398733 mul              x14, x19, x19       x14=00000100 x19:fffffff0 x19:fffffff0
27100500ns          472398 1c00940e 034787b3 mul              x15, x15, x20       x15=ffff74c8 x15:ffffffaf x20:000001b8
27100540ns          472400 1c009412 033585b3 mul              x11, x11, x19       x11=00000170 x11:ffffffe9 x19:fffffff0
27100560ns          472401 1c009416 40a75713 srai             x14, x14, 0x40a     x14=00000000 x14:00000100
27100580ns          472402 1c009418 40a5d593 srai             x11, x11, 0x40a     x11=00000000 x11:00000170
27100599ns          472403 1c00941a 40a65613 srai             x12, x12, 0x40a     x12=000000bd x12:0002f440
27100619ns          472404 1c00941c 40a7d793 srai             x15, x15, 0x40a     x15=ffffffdd x15:ffff74c8
27100639ns          472405 1c00941e 1c0034b7 lui              x9, 0x1c003000       x9=1c003000
27100659ns          472406 1c009422 00e60633 add              x12, x12, x14       x12=000000bd x12:000000bd x14:00000000
27100679ns          472407 1c009424 40b787b3 sub              x15, x15, x11       x15=ffffffdd x15:ffffffdd x11:00000000
27100699ns          472408 1c009426 eb048493 addi             x9, x9, -336         x9=1c002eb0  x9:1c003000
27100719ns          472409 1c00942a 1c0032b7 lui              x5, 0x1c003000       x5=1c003000
27100739ns          472410 1c00942e 1c0035b7 lui              x11, 0x1c003000     x11=1c003000
27100759ns          472411 1c009432 018483b3 add              x7, x9, x24          x7=1c002ebe  x9:1c002eb0 x24:0000000e
27100778ns          472412 1c009436 02812e83 lw               x29, 40(x2)         x29=1c002ece  x2:10003cd8  PA:10003d00
27100798ns          472413 1c009438 10065633 p.exthz          x12, x12, x0        x12=000000bd x12:000000bd
27100818ns          472414 1c00943c e8028293 addi             x5, x5, -384         x5=1c002e80  x5:1c003000
27100838ns          472415 1c009440 ea058593 addi             x11, x11, -352      x11=1c002ea0 x11:1c003000
27100858ns          472416 1c009444 03812483 lw               x9, 56(x2)           x9=1c002eee  x2:10003cd8  PA:10003d10
27100878ns          472417 1c009446 10064733 p.exths          x14, x12, x0        x14=000000bd x12:000000bd
27100898ns          472418 1c00944a 018280b3 add              x1, x5, x24          x1=1c002e8e  x5:1c002e80 x24:0000000e
27100918ns          472419 1c00944e 03012f03 lw               x30, 48(x2)         x30=1c002ede  x2:10003cd8  PA:10003d08
27100938ns          472420 1c009450 018582b3 add              x5, x11, x24         x5=1c002eae x11:1c002ea0 x24:0000000e
27100957ns          472421 1c009454 04012583 lw               x11, 64(x2)         x11=1c002efe  x2:10003cd8  PA:10003d18
27100977ns          472422 1c009456 000edd83 lhu              x27, 0(x29)         x27=000012e0 x29:1c002ece  PA:1c002ece
27101355ns          472441 1c00945a 0004d483 lhu              x9, 0(x9)            x9=0000039d  x9:1c002eee  PA:1c002eee
27101693ns          472458 1c00945e 02e70333 mul              x6, x14, x14         x6=00008b89 x14:000000bd x14:000000bd
27101713ns          472459 1c009462 40a55513 srai             x10, x10, 0x40a     x10=00000001 x10:00000510
27101733ns          472460 1c009464 04812e83 lw               x29, 72(x2)         x29=1c002f0e  x2:10003cd8  PA:10003d20
27101753ns          472461 1c009466 40a6d693 srai             x13, x13, 0x40a     x13=fffffff6 x13:ffffd878
27101773ns          472462 1c009468 000f5d03 lhu              x26, 0(x30)         x26=000006c6 x30:1c002ede  PA:1c002ede
27102111ns          472479 1c00946c 0005d583 lhu              x11, 0(x11)         x11=00000256 x11:1c002efe  PA:1c002efe
27102568ns          472502 1c009470 40a35313 srai             x6, x6, 0x40a        x6=00000022  x6:00008b89
27102588ns          472503 1c009474 00a686b3 add              x13, x13, x10       x13=fffffff7 x13:fffffff6 x10:00000001
27102608ns          472504 1c009476 05012f03 lw               x30, 80(x2)         x30=1c002e7e  x2:10003cd8  PA:10003d28
27102628ns          472505 1c009478 10034e33 p.exths          x28, x6, x0         x28=00000022  x6:00000022
27102648ns          472506 1c00947c 06911023 sh               x9, 96(x2)           x9:0000039d  x2:10003cd8  PA:10003d38
27102668ns          472507 1c009480 000ede83 lhu              x29, 0(x29)         x29=000001a6 x29:1c002f0e  PA:1c002f0e
27102966ns          472522 1c009484 05812483 lw               x9, 88(x2)           x9=1c002e6e  x2:10003cd8  PA:10003d30
27102986ns          472523 1c009486 1006d6b3 p.exthz          x13, x13, x0        x13=0000fff7 x13:fffffff7
27103006ns          472524 1c00948a 02ee08b3 mul              x17, x28, x14       x17=0000191a x28:00000022 x14:000000bd
27103026ns          472525 1c00948e 1006c833 p.exths          x16, x13, x0        x16=fffffff7 x13:0000fff7
27103046ns          472526 1c009492 06b11823 sh               x11, 112(x2)        x11:00000256  x2:10003cd8  PA:10003d48
27103066ns          472527 1c009496 000f5f03 lhu              x30, 0(x30)         x30=0000ff16 x30:1c002e7e  PA:1c002e7e
27103384ns          472543 1c00949a 0a012583 lw               x11, 160(x2)        x11=1c002e9e  x2:10003cd8  PA:10003d78
27103404ns          472544 1c00949c 1007d7b3 p.exthz          x15, x15, x0        x15=0000ffdd x15:ffffffdd
27103424ns          472545 1c0094a0 0004da03 lhu              x20, 0(x9)          x20=0000fb7e  x9:1c002e6e  PA:1c002e6e
27103722ns          472560 1c0094a4 1007c533 p.exths          x10, x15, x0        x10=ffffffdd x15:0000ffdd
27103742ns          472561 1c0094a8 09d11023 sh               x29, 128(x2)        x29:000001a6  x2:10003cd8  PA:10003d58
27103762ns          472562 1c0094ac 0003d483 lhu              x9, 0(x7)            x9=0000ffbc  x7:1c002ebe  PA:1c002ebe
27104060ns          472577 1c0094b0 02e80eb3 mul              x29, x16, x14       x29=fffff95b x16:fffffff7 x14:000000bd
27104080ns          472578 1c0094b4 40a8d893 srai             x17, x17, 0x40a     x17=00000006 x17:0000191a
27104100ns          472579 1c0094b8 03c80833 mul              x16, x16, x28       x16=fffffece x16:fffffff7 x28:00000022
27104120ns          472580 1c0094bc 09e11823 sh               x30, 144(x2)        x30:0000ff16  x2:10003cd8  PA:10003d68
27104140ns          472581 1c0094c0 0005d983 lhu              x19, 0(x11)         x19=0000ff90 x11:1c002e9e  PA:1c002e9e
27104438ns          472596 1c0094c4 81c88f5b p.muls           x30, x17, x28       x30=000000cc x17:00000006 x28:00000022
27104458ns          472597 1c0094c8 0002d583 lhu              x11, 0(x5)          x11=0000fee9  x5:1c002eae  PA:1c002eae
27104756ns          472612 1c0094cc 03ce0fb3 mul              x31, x28, x28       x31=00000484 x28:00000022 x28:00000022
27104776ns          472613 1c0094d0 02e50733 mul              x14, x10, x14       x14=ffffe629 x10:ffffffdd x14:000000bd
27104796ns          472614 1c0094d4 40a85813 srai             x16, x16, 0x40a     x16=ffffffff x16:fffffece
27104816ns          472615 1c0094d8 03c50533 mul              x10, x10, x28       x10=fffffb5a x10:ffffffdd x28:00000022
27104836ns          472616 1c0094dc 07015e03 lhu              x28, 112(x2)        x28=00000256  x2:10003cd8  PA:10003d48
27104875ns          472618 1c0094e0 01b60633 add              x12, x12, x27       x12=0000139d x12:000000bd x27:000012e0
27104895ns          472619 1c0094e2 00980833 add              x16, x16, x9        x16=0000ffbb x16:ffffffff  x9:0000ffbc
27104915ns          472620 1c0094e4 06015d83 lhu              x27, 96(x2)         x27=0000039d  x2:10003cd8  PA:10003d38
27104935ns          472621 1c0094e8 02812483 lw               x9, 40(x2)           x9=1c002ece  x2:10003cd8  PA:10003d00
27104955ns          472622 1c0094ea 40afdf93 srai             x31, x31, 0x40a     x31=00000001 x31:00000484
27104975ns          472623 1c0094ee 40a55513 srai             x10, x10, 0x40a     x10=fffffffe x10:fffffb5a
27104995ns          472624 1c0094f0 01cf8fb3 add              x31, x31, x28       x31=00000257 x31:00000001 x28:00000256
27105015ns          472625 1c0094f2 00b50533 add              x10, x10, x11       x10=0000fee7 x10:fffffffe x11:0000fee9
27105035ns          472626 1c0094f4 09015e03 lhu              x28, 144(x2)        x28=0000ff16  x2:10003cd8  PA:10003d68
27105054ns          472627 1c0094f8 03012583 lw               x11, 48(x2)         x11=1c002ede  x2:10003cd8  PA:10003d08
27105074ns          472628 1c0094fa 00c49023 sh               x12, 0(x9)          x12:0000139d  x9:1c002ece  PA:1c002ece
27105392ns          472644 1c0094fe 01b888b3 add              x17, x17, x27       x17=000003a3 x17:00000006 x27:0000039d
27105412ns          472645 1c009500 01a30333 add              x6, x6, x26          x6=000006e8  x6:00000022 x26:000006c6
27105432ns          472646 1c009502 08015d83 lhu              x27, 128(x2)        x27=000001a6  x2:10003cd8  PA:10003d58
27105472ns          472648 1c009506 0000d903 lhu              x18, 0(x1)          x18=0000fe17  x1:1c002e8e  PA:1c002e8e
27105810ns          472665 1c00950a 01c686b3 add              x13, x13, x28       x13=0001ff0d x13:0000fff7 x28:0000ff16
27105830ns          472666 1c00950c 00659023 sh               x6, 0(x11)           x6:000006e8 x11:1c002ede  PA:1c002ede
27106148ns          472682 1c009510 40af5f13 srai             x30, x30, 0x40a     x30=00000000 x30:000000cc
27106168ns          472683 1c009514 04812e03 lw               x28, 72(x2)         x28=1c002f0e  x2:10003cd8  PA:10003d20
27106188ns          472684 1c009516 01bf0f33 add              x30, x30, x27       x30=000001a6 x30:00000000 x27:000001a6
27106208ns          472685 1c009518 40aede93 srai             x29, x29, 0x40a     x29=fffffffe x29:fffff95b
27106228ns          472686 1c00951c 40a75713 srai             x14, x14, 0x40a     x14=fffffff9 x14:ffffe629
27106248ns          472687 1c00951e 03812603 lw               x12, 56(x2)         x12=1c002eee  x2:10003cd8  PA:10003d10
27106268ns          472688 1c009520 04012d83 lw               x27, 64(x2)         x27=1c002efe  x2:10003cd8  PA:10003d18
27106287ns          472689 1c009522 01ee1023 sh               x30, 0(x28)         x30:000001a6 x28:1c002f0e  PA:1c002f0e
27106606ns          472705 1c009526 05812483 lw               x9, 88(x2)           x9=1c002e6e  x2:10003cd8  PA:10003d30
27106626ns          472706 1c009528 05012f03 lw               x30, 80(x2)         x30=1c002e7e  x2:10003cd8  PA:10003d28
27106645ns          472707 1c00952a 0a012583 lw               x11, 160(x2)        x11=1c002e9e  x2:10003cd8  PA:10003d78
27106665ns          472708 1c00952c 014787b3 add              x15, x15, x20       x15=0001fb5b x15:0000ffdd x20:0000fb7e
27106685ns          472709 1c00952e 013e8eb3 add              x29, x29, x19       x29=0000ff8e x29:fffffffe x19:0000ff90
27106705ns          472710 1c009530 01270733 add              x14, x14, x18       x14=0000fe10 x14:fffffff9 x18:0000fe17
27106725ns          472711 1c009532 00f49023 sh               x15, 0(x9)          x15:0001fb5b  x9:1c002e6e  PA:1c002e6e
27107043ns          472727 1c009536 01161023 sh               x17, 0(x12)         x17:000003a3 x12:1c002eee  PA:1c002eee
27107361ns          472743 1c00953a 01fd9023 sh               x31, 0(x27)         x31:00000257 x27:1c002efe  PA:1c002efe
27107680ns          472759 1c00953e 00df1023 sh               x13, 0(x30)         x13:0001ff0d x30:1c002e7e  PA:1c002e7e
27107998ns          472775 1c009542 01d59023 sh               x29, 0(x11)         x29:0000ff8e x11:1c002e9e  PA:1c002e9e
27108316ns          472791 1c009546 00e09023 sh               x14, 0(x1)          x14:0000fe10  x1:1c002e8e  PA:1c002e8e
27108654ns          472808 1c00954a 01039023 sh               x16, 0(x7)          x16:0000ffbb  x7:1c002ebe  PA:1c002ebe
27108992ns          472825 1c00954e 00a29023 sh               x10, 0(x5)          x10:0000fee7  x5:1c002eae  PA:1c002eae
27109310ns          472841 1c009552 008b0b13 addi             x22, x22, 8         x22=0000010f x22:00000107
27109330ns          472842 1c009554 1f300793 addi             x15, x0, 499        x15=000001f3
27109350ns          472843 1c009558 e767dae3 bge              x15, x22, -396      x15:000001f3 x22:0000010f
27109450ns          472848 1c0093cc 010c9a0b p.lh             x20, 16(x25!)       x20=fffffe57 x25=1c0028b6 x25:1c0028a6  PA:1c0028a6
27109748ns          472863 1c0093d0 0104198b p.lh             x19, 16(x8!)        x19=00000192  x8=1c00207e  x8:1c00206e  PA:1c00206e
27110046ns          472878 1c0093d4 2cc10513 addi             x10, x2, 716        x10=10003fa4  x2:10003cd8
27110066ns          472879 1c0093d6 010a990b p.lh             x18, 16(x21!)       x18=fffffe9f x21=1c0018aa x21:1c00189a  PA:1c00189a
27110364ns          472894 1c0093da 010b948b p.lh             x9, 16(x23!)         x9=000001cd x23=1c0010da x23:1c0010ca  PA:1c0010ca
27110663ns          472909 1c0093de 2d411623 sh               x20, 716(x2)        x20:fffffe57  x2:10003cd8  PA:10003fa4
27110683ns          472910 1c0093e2 2d311723 sh               x19, 718(x2)        x19:00000192  x2:10003cd8  PA:10003fa6
27110703ns          472911 1c0093e6 c33ff0ef jal              x1, -974             x1=1c0093e8
27110742ns          472913 1c009018 00051803 lh               x16, 0(x10)         x16=fffffe57 x10:10003fa4  PA:10003fa4
27110762ns          472914 1c00901c 00251883 lh               x17, 2(x10)         x17=00000192 x10:10003fa4  PA:10003fa6
27110822ns          472917 1c009020 030806b3 mul              x13, x16, x16       x13=0002c191 x16:fffffe57 x16:fffffe57
27110862ns          472919 1c009024 03188633 mul              x12, x17, x17       x12=00027744 x17:00000192 x17:00000192
27110882ns          472920 1c009028 40a65613 srai             x12, x12, 0x40a     x12=0000009d x12:00027744
27110901ns          472921 1c00902a 40a6d693 srai             x13, x13, 0x40a     x13=000000b0 x13:0002c191
27110921ns          472922 1c00902c 00c686b3 add              x13, x13, x12       x13=0000014d x13:000000b0 x12:0000009d
27110941ns          472923 1c00902e 1006c633 p.exths          x12, x13, x0        x12=0000014d x13:0000014d
27110961ns          472924 1c009032 00855703 lhu              x14, 8(x10)         x14=0000ffd1 x10:10003fa4  PA:10003fac
27110981ns          472925 1c009036 00a55683 lhu              x13, 10(x10)        x13=0000ff6a x10:10003fa4  PA:10003fae
27111001ns          472926 1c00903a 02c60333 mul              x6, x12, x12         x6=0001b129 x12:0000014d x12:0000014d
27111041ns          472928 1c00903e 00c55783 lhu              x15, 12(x10)        x15=0000ffe5 x10:10003fa4  PA:10003fb0
27111080ns          472930 1c009042 00e55583 lhu              x11, 14(x10)        x11=00000060 x10:10003fa4  PA:10003fb2
27111100ns          472931 1c009046 dea30333 p.extract        x6, x6, 15, 10       x6=0000006c  x6:0001b129
27111120ns          472932 1c00904a 80c7075b p.muls           x14, x14, x12       x14=ffffc2dd x14:0000ffd1 x12:0000014d
27111140ns          472933 1c00904e 80c686db p.muls           x13, x13, x12       x13=ffff3ce2 x13:0000ff6a x12:0000014d
27111160ns          472934 1c009052 00455e83 lhu              x29, 4(x10)         x29=00000427 x10:10003fa4  PA:10003fa8
27111180ns          472935 1c009056 00655e03 lhu              x28, 6(x10)         x28=0000007f x10:10003fa4  PA:10003faa
27111200ns          472936 1c00905a 40a75713 srai             x14, x14, 0x40a     x14=fffffff0 x14:ffffc2dd
27111220ns          472937 1c00905c 806787db p.muls           x15, x15, x6        x15=fffff49c x15:0000ffe5  x6:0000006c
27111240ns          472938 1c009060 40a6d693 srai             x13, x13, 0x40a     x13=ffffffcf x13:ffff3ce2
27111259ns          472939 1c009062 8065865b p.muls           x12, x11, x6        x12=00002880 x11:00000060  x6:0000006c
27111279ns          472940 1c009066 40a7d793 srai             x15, x15, 0x40a     x15=fffffffd x15:fffff49c
27111299ns          472941 1c009068 40a65613 srai             x12, x12, 0x40a     x12=0000000a x12:00002880
27111319ns          472942 1c00906a 01d70733 add              x14, x14, x29       x14=00000417 x14:fffffff0 x29:00000427
27111339ns          472943 1c00906c 01c686b3 add              x13, x13, x28       x13=0000004e x13:ffffffcf x28:0000007f
27111359ns          472944 1c00906e 00c686b3 add              x13, x13, x12       x13=00000058 x13:0000004e x12:0000000a
27111379ns          472945 1c009070 00f70733 add              x14, x14, x15       x14=00000414 x14:00000417 x15:fffffffd
27111399ns          472946 1c009072 100747b3 p.exths          x15, x14, x0        x15=00000414 x14:00000414
27111419ns          472947 1c009076 1006c733 p.exths          x14, x13, x0        x14=00000058 x13:00000058
27111438ns          472948 1c00907a 03170633 mul              x12, x14, x17       x12=00008a30 x14:00000058 x17:00000192
27111458ns          472949 1c00907e 030786b3 mul              x13, x15, x16       x13=fff93acc x15:00000414 x16:fffffe57
27111478ns          472950 1c009082 03070733 mul              x14, x14, x16       x14=ffff6de8 x14:00000058 x16:fffffe57
27111498ns          472951 1c009086 031787b3 mul              x15, x15, x17       x15=00066768 x15:00000414 x17:00000192
27111518ns          472952 1c00908a 40a6d693 srai             x13, x13, 0x40a     x13=fffffe4e x13:fff93acc
27111538ns          472953 1c00908c 40a65613 srai             x12, x12, 0x40a     x12=00000022 x12:00008a30
27111558ns          472954 1c00908e 40a7d793 srai             x15, x15, 0x40a     x15=00000199 x15:00066768
27111578ns          472955 1c009090 40a75713 srai             x14, x14, 0x40a     x14=ffffffdb x14:ffff6de8
27111598ns          472956 1c009092 40c686b3 sub              x13, x13, x12       x13=fffffe2c x13:fffffe4e x12:00000022
27111617ns          472957 1c009094 00e787b3 add              x15, x15, x14       x15=00000174 x15:00000199 x14:ffffffdb
27111637ns          472958 1c009096 00d51823 sh               x13, 16(x10)        x13:fffffe2c x10:10003fa4  PA:10003fb4
27111657ns          472959 1c00909a 00f51923 sh               x15, 18(x10)        x15:00000174 x10:10003fa4  PA:10003fb6
27111677ns          472960 1c00909e 00008067 jalr             x0, x1, 0            x1:1c0093e8
27111737ns          472963 1c0093e8 2dc15583 lhu              x11, 732(x2)        x11=0000fe2c  x2:10003cd8  PA:10003fb4
27111757ns          472964 1c0093ec 2de15783 lhu              x15, 734(x2)        x15=00000174  x2:10003cd8  PA:10003fb6
27111777ns          472965 1c0093f0 40b90933 sub              x18, x18, x11       x18=ffff0073 x18:fffffe9f x11:0000fe2c
27111796ns          472966 1c0093f4 40f484b3 sub              x9, x9, x15          x9=00000059  x9:000001cd x15:00000174
27111816ns          472967 1c0093f6 100945b3 p.exths          x11, x18, x0        x11=00000073 x18:ffff0073
27111836ns          472968 1c0093fa 1004c7b3 p.exths          x15, x9, x0         x15=00000059  x9:00000059
27111856ns          472969 1c0093fe 034586b3 mul              x13, x11, x20       x13=ffff4115 x11:00000073 x20:fffffe57
27111876ns          472970 1c009402 03378533 mul              x10, x15, x19       x10=00008bc2 x15:00000059 x19:00000192
27111896ns          472971 1c009406 034a0633 mul              x12, x20, x20       x12=0002c191 x20:fffffe57 x20:fffffe57
27111916ns          472972 1c00940a 03398733 mul              x14, x19, x19       x14=00027744 x19:00000192 x19:00000192
27111975ns          472975 1c00940e 034787b3 mul              x15, x15, x20       x15=ffff6c3f x15:00000059 x20:fffffe57
27112015ns          472977 1c009412 033585b3 mul              x11, x11, x19       x11=0000b496 x11:00000073 x19:00000192
27112035ns          472978 1c009416 40a75713 srai             x14, x14, 0x40a     x14=0000009d x14:00027744
27112055ns          472979 1c009418 40a5d593 srai             x11, x11, 0x40a     x11=0000002d x11:0000b496
27112075ns          472980 1c00941a 40a65613 srai             x12, x12, 0x40a     x12=000000b0 x12:0002c191
27112095ns          472981 1c00941c 40a7d793 srai             x15, x15, 0x40a     x15=ffffffdb x15:ffff6c3f
27112115ns          472982 1c00941e 1c0034b7 lui              x9, 0x1c003000       x9=1c003000
27112135ns          472983 1c009422 00e60633 add              x12, x12, x14       x12=0000014d x12:000000b0 x14:0000009d
27112154ns          472984 1c009424 40b787b3 sub              x15, x15, x11       x15=ffffffae x15:ffffffdb x11:0000002d
27112174ns          472985 1c009426 eb048493 addi             x9, x9, -336         x9=1c002eb0  x9:1c003000
27112194ns          472986 1c00942a 1c0032b7 lui              x5, 0x1c003000       x5=1c003000
27112214ns          472987 1c00942e 1c0035b7 lui              x11, 0x1c003000     x11=1c003000
27112234ns          472988 1c009432 018483b3 add              x7, x9, x24          x7=1c002ebe  x9:1c002eb0 x24:0000000e
27112254ns          472989 1c009436 02812e83 lw               x29, 40(x2)         x29=1c002ece  x2:10003cd8  PA:10003d00
27112274ns          472990 1c009438 10065633 p.exthz          x12, x12, x0        x12=0000014d x12:0000014d
27112294ns          472991 1c00943c e8028293 addi             x5, x5, -384         x5=1c002e80  x5:1c003000
27112314ns          472992 1c009440 ea058593 addi             x11, x11, -352      x11=1c002ea0 x11:1c003000
27112353ns          472994 1c009444 03812483 lw               x9, 56(x2)           x9=1c002eee  x2:10003cd8  PA:10003d10
27112373ns          472995 1c009446 10064733 p.exths          x14, x12, x0        x14=0000014d x12:0000014d
27112393ns          472996 1c00944a 018280b3 add              x1, x5, x24          x1=1c002e8e  x5:1c002e80 x24:0000000e
27112413ns          472997 1c00944e 03012f03 lw               x30, 48(x2)         x30=1c002ede  x2:10003cd8  PA:10003d08
27112453ns          472999 1c009450 018582b3 add              x5, x11, x24         x5=1c002eae x11:1c002ea0 x24:0000000e
27112493ns          473001 1c009454 04012583 lw               x11, 64(x2)         x11=1c002efe  x2:10003cd8  PA:10003d18
27112512ns          473002 1c009456 000edd83 lhu              x27, 0(x29)         x27=0000139d x29:1c002ece  PA:1c002ece
27112850ns          473019 1c00945a 0004d483 lhu              x9, 0(x9)            x9=000003a3  x9:1c002eee  PA:1c002eee
27113149ns          473034 1c00945e 02e70333 mul              x6, x14, x14         x6=0001b129 x14:0000014d x14:0000014d
27113169ns          473035 1c009462 40a55513 srai             x10, x10, 0x40a     x10=00000022 x10:00008bc2
27113189ns          473036 1c009464 04812e83 lw               x29, 72(x2)         x29=1c002f0e  x2:10003cd8  PA:10003d20
27113208ns          473037 1c009466 40a6d693 srai             x13, x13, 0x40a     x13=ffffffd0 x13:ffff4115
27113228ns          473038 1c009468 000f5d03 lhu              x26, 0(x30)         x26=000006e8 x30:1c002ede  PA:1c002ede
27113547ns          473054 1c00946c 0005d583 lhu              x11, 0(x11)         x11=00000257 x11:1c002efe  PA:1c002efe
27113845ns          473069 1c009470 40a35313 srai             x6, x6, 0x40a        x6=0000006c  x6:0001b129
27113865ns          473070 1c009474 00a686b3 add              x13, x13, x10       x13=fffffff2 x13:ffffffd0 x10:00000022
27113885ns          473071 1c009476 05012f03 lw               x30, 80(x2)         x30=1c002e7e  x2:10003cd8  PA:10003d28
27113905ns          473072 1c009478 10034e33 p.exths          x28, x6, x0         x28=0000006c  x6:0000006c
27113924ns          473073 1c00947c 06911023 sh               x9, 96(x2)           x9:000003a3  x2:10003cd8  PA:10003d38
27113964ns          473075 1c009480 000ede83 lhu              x29, 0(x29)         x29=000001a6 x29:1c002f0e  PA:1c002f0e
27114263ns          473090 1c009484 05812483 lw               x9, 88(x2)           x9=1c002e6e  x2:10003cd8  PA:10003d30
27114282ns          473091 1c009486 1006d6b3 p.exthz          x13, x13, x0        x13=0000fff2 x13:fffffff2
27114302ns          473092 1c00948a 02ee08b3 mul              x17, x28, x14       x17=00008c7c x28:0000006c x14:0000014d
27114322ns          473093 1c00948e 1006c833 p.exths          x16, x13, x0        x16=fffffff2 x13:0000fff2
27114342ns          473094 1c009492 06b11823 sh               x11, 112(x2)        x11:00000257  x2:10003cd8  PA:10003d48
27114362ns          473095 1c009496 000f5f03 lhu              x30, 0(x30)         x30=0000ff0d x30:1c002e7e  PA:1c002e7e
27114680ns          473111 1c00949a 0a012583 lw               x11, 160(x2)        x11=1c002e9e  x2:10003cd8  PA:10003d78
27114700ns          473112 1c00949c 1007d7b3 p.exthz          x15, x15, x0        x15=0000ffae x15:ffffffae
27114720ns          473113 1c0094a0 0004da03 lhu              x20, 0(x9)          x20=0000fb5b  x9:1c002e6e  PA:1c002e6e
27115058ns          473130 1c0094a4 1007c533 p.exths          x10, x15, x0        x10=ffffffae x15:0000ffae
27115078ns          473131 1c0094a8 09d11023 sh               x29, 128(x2)        x29:000001a6  x2:10003cd8  PA:10003d58
27115098ns          473132 1c0094ac 0003d483 lhu              x9, 0(x7)            x9=0000ffbb  x7:1c002ebe  PA:1c002ebe
27115396ns          473147 1c0094b0 02e80eb3 mul              x29, x16, x14       x29=ffffedca x16:fffffff2 x14:0000014d
27115416ns          473148 1c0094b4 40a8d893 srai             x17, x17, 0x40a     x17=00000023 x17:00008c7c
27115436ns          473149 1c0094b8 03c80833 mul              x16, x16, x28       x16=fffffa18 x16:fffffff2 x28:0000006c
27115456ns          473150 1c0094bc 09e11823 sh               x30, 144(x2)        x30:0000ff0d  x2:10003cd8  PA:10003d68
27115476ns          473151 1c0094c0 0005d983 lhu              x19, 0(x11)         x19=0000ff8e x11:1c002e9e  PA:1c002e9e
27115774ns          473166 1c0094c4 81c88f5b p.muls           x30, x17, x28       x30=00000ec4 x17:00000023 x28:0000006c
27115794ns          473167 1c0094c8 0002d583 lhu              x11, 0(x5)          x11=0000fee7  x5:1c002eae  PA:1c002eae
27116092ns          473182 1c0094cc 03ce0fb3 mul              x31, x28, x28       x31=00002d90 x28:0000006c x28:0000006c
27116112ns          473183 1c0094d0 02e50733 mul              x14, x10, x14       x14=ffff9556 x10:ffffffae x14:0000014d
27116132ns          473184 1c0094d4 40a85813 srai             x16, x16, 0x40a     x16=fffffffe x16:fffffa18
27116152ns          473185 1c0094d8 03c50533 mul              x10, x10, x28       x10=ffffdd68 x10:ffffffae x28:0000006c
27116172ns          473186 1c0094dc 07015e03 lhu              x28, 112(x2)        x28=00000257  x2:10003cd8  PA:10003d48
27116212ns          473188 1c0094e0 01b60633 add              x12, x12, x27       x12=000014ea x12:0000014d x27:0000139d
27116231ns          473189 1c0094e2 00980833 add              x16, x16, x9        x16=0000ffb9 x16:fffffffe  x9:0000ffbb
27116251ns          473190 1c0094e4 06015d83 lhu              x27, 96(x2)         x27=000003a3  x2:10003cd8  PA:10003d38
27116271ns          473191 1c0094e8 02812483 lw               x9, 40(x2)           x9=1c002ece  x2:10003cd8  PA:10003d00
27116291ns          473192 1c0094ea 40afdf93 srai             x31, x31, 0x40a     x31=0000000b x31:00002d90
27116311ns          473193 1c0094ee 40a55513 srai             x10, x10, 0x40a     x10=fffffff7 x10:ffffdd68
27116331ns          473194 1c0094f0 01cf8fb3 add              x31, x31, x28       x31=00000262 x31:0000000b x28:00000257
27116351ns          473195 1c0094f2 00b50533 add              x10, x10, x11       x10=0000fede x10:fffffff7 x11:0000fee7
27116371ns          473196 1c0094f4 09015e03 lhu              x28, 144(x2)        x28=0000ff0d  x2:10003cd8  PA:10003d68
27116391ns          473197 1c0094f8 03012583 lw               x11, 48(x2)         x11=1c002ede  x2:10003cd8  PA:10003d08
27116410ns          473198 1c0094fa 00c49023 sh               x12, 0(x9)          x12:000014ea  x9:1c002ece  PA:1c002ece
27116788ns          473217 1c0094fe 01b888b3 add              x17, x17, x27       x17=000003c6 x17:00000023 x27:000003a3
27116808ns          473218 1c009500 01a30333 add              x6, x6, x26          x6=00000754  x6:0000006c x26:000006e8
27116828ns          473219 1c009502 08015d83 lhu              x27, 128(x2)        x27=000001a6  x2:10003cd8  PA:10003d58
27116848ns          473220 1c009506 0000d903 lhu              x18, 0(x1)          x18=0000fe10  x1:1c002e8e  PA:1c002e8e
27117186ns          473237 1c00950a 01c686b3 add              x13, x13, x28       x13=0001feff x13:0000fff2 x28:0000ff0d
27117206ns          473238 1c00950c 00659023 sh               x6, 0(x11)           x6:00000754 x11:1c002ede  PA:1c002ede
27117544ns          473255 1c009510 40af5f13 srai             x30, x30, 0x40a     x30=00000003 x30:00000ec4
27117564ns          473256 1c009514 04812e03 lw               x28, 72(x2)         x28=1c002f0e  x2:10003cd8  PA:10003d20
27117584ns          473257 1c009516 01bf0f33 add              x30, x30, x27       x30=000001a9 x30:00000003 x27:000001a6
27117604ns          473258 1c009518 40aede93 srai             x29, x29, 0x40a     x29=fffffffb x29:ffffedca
27117624ns          473259 1c00951c 40a75713 srai             x14, x14, 0x40a     x14=ffffffe5 x14:ffff9556
27117644ns          473260 1c00951e 03812603 lw               x12, 56(x2)         x12=1c002eee  x2:10003cd8  PA:10003d10
27117663ns          473261 1c009520 04012d83 lw               x27, 64(x2)         x27=1c002efe  x2:10003cd8  PA:10003d18
27117683ns          473262 1c009522 01ee1023 sh               x30, 0(x28)         x30:000001a9 x28:1c002f0e  PA:1c002f0e
27118001ns          473278 1c009526 05812483 lw               x9, 88(x2)           x9=1c002e6e  x2:10003cd8  PA:10003d30
27118021ns          473279 1c009528 05012f03 lw               x30, 80(x2)         x30=1c002e7e  x2:10003cd8  PA:10003d28
27118041ns          473280 1c00952a 0a012583 lw               x11, 160(x2)        x11=1c002e9e  x2:10003cd8  PA:10003d78
27118061ns          473281 1c00952c 014787b3 add              x15, x15, x20       x15=0001fb09 x15:0000ffae x20:0000fb5b
27118081ns          473282 1c00952e 013e8eb3 add              x29, x29, x19       x29=0000ff89 x29:fffffffb x19:0000ff8e
27118101ns          473283 1c009530 01270733 add              x14, x14, x18       x14=0000fdf5 x14:ffffffe5 x18:0000fe10
27118121ns          473284 1c009532 00f49023 sh               x15, 0(x9)          x15:0001fb09  x9:1c002e6e  PA:1c002e6e
27118439ns          473300 1c009536 01161023 sh               x17, 0(x12)         x17:000003c6 x12:1c002eee  PA:1c002eee
27118757ns          473316 1c00953a 01fd9023 sh               x31, 0(x27)         x31:00000262 x27:1c002efe  PA:1c002efe
27119075ns          473332 1c00953e 00df1023 sh               x13, 0(x30)         x13:0001feff x30:1c002e7e  PA:1c002e7e
27119394ns          473348 1c009542 01d59023 sh               x29, 0(x11)         x29:0000ff89 x11:1c002e9e  PA:1c002e9e
27119732ns          473365 1c009546 00e09023 sh               x14, 0(x1)          x14:0000fdf5  x1:1c002e8e  PA:1c002e8e
27120110ns          473384 1c00954a 01039023 sh               x16, 0(x7)          x16:0000ffb9  x7:1c002ebe  PA:1c002ebe
27120448ns          473401 1c00954e 00a29023 sh               x10, 0(x5)          x10:0000fede  x5:1c002eae  PA:1c002eae
27120806ns          473419 1c009552 008b0b13 addi             x22, x22, 8         x22=00000117 x22:0000010f
27120826ns          473420 1c009554 1f300793 addi             x15, x0, 499        x15=000001f3
27120845ns          473421 1c009558 e767dae3 bge              x15, x22, -396      x15:000001f3 x22:00000117
27120905ns          473424 1c0093cc 010c9a0b p.lh             x20, 16(x25!)       x20=000000c2 x25=1c0028c6 x25:1c0028b6  PA:1c0028b6
27121203ns          473439 1c0093d0 0104198b p.lh             x19, 16(x8!)        x19=000000e4  x8=1c00208e  x8:1c00207e  PA:1c00207e
27121502ns          473454 1c0093d4 2cc10513 addi             x10, x2, 716        x10=10003fa4  x2:10003cd8
27121522ns          473455 1c0093d6 010a990b p.lh             x18, 16(x21!)       x18=000000d4 x21=1c0018ba x21:1c0018aa  PA:1c0018aa
27121820ns          473470 1c0093da 010b948b p.lh             x9, 16(x23!)         x9=000000da x23=1c0010ea x23:1c0010da  PA:1c0010da
27122138ns          473486 1c0093de 2d411623 sh               x20, 716(x2)        x20:000000c2  x2:10003cd8  PA:10003fa4
27122158ns          473487 1c0093e2 2d311723 sh               x19, 718(x2)        x19:000000e4  x2:10003cd8  PA:10003fa6
27122178ns          473488 1c0093e6 c33ff0ef jal              x1, -974             x1=1c0093e8
27122218ns          473490 1c009018 00051803 lh               x16, 0(x10)         x16=000000c2 x10:10003fa4  PA:10003fa4
27122258ns          473492 1c00901c 00251883 lh               x17, 2(x10)         x17=000000e4 x10:10003fa4  PA:10003fa6
27122297ns          473494 1c009020 030806b3 mul              x13, x16, x16       x13=00009304 x16:000000c2 x16:000000c2
27122337ns          473496 1c009024 03188633 mul              x12, x17, x17       x12=0000cb10 x17:000000e4 x17:000000e4
27122357ns          473497 1c009028 40a65613 srai             x12, x12, 0x40a     x12=00000032 x12:0000cb10
27122377ns          473498 1c00902a 40a6d693 srai             x13, x13, 0x40a     x13=00000024 x13:00009304
27122397ns          473499 1c00902c 00c686b3 add              x13, x13, x12       x13=00000056 x13:00000024 x12:00000032
27122417ns          473500 1c00902e 1006c633 p.exths          x12, x13, x0        x12=00000056 x13:00000056
27122437ns          473501 1c009032 00855703 lhu              x14, 8(x10)         x14=0000ffd1 x10:10003fa4  PA:10003fac
27122456ns          473502 1c009036 00a55683 lhu              x13, 10(x10)        x13=0000ff6a x10:10003fa4  PA:10003fae
27122476ns          473503 1c00903a 02c60333 mul              x6, x12, x12         x6=00001ce4 x12:00000056 x12:00000056
27122516ns          473505 1c00903e 00c55783 lhu              x15, 12(x10)        x15=0000ffe5 x10:10003fa4  PA:10003fb0
27122556ns          473507 1c009042 00e55583 lhu              x11, 14(x10)        x11=00000060 x10:10003fa4  PA:10003fb2
27122576ns          473508 1c009046 dea30333 p.extract        x6, x6, 15, 10       x6=00000007  x6:00001ce4
27122596ns          473509 1c00904a 80c7075b p.muls           x14, x14, x12       x14=fffff036 x14:0000ffd1 x12:00000056
27122616ns          473510 1c00904e 80c686db p.muls           x13, x13, x12       x13=ffffcd9c x13:0000ff6a x12:00000056
27122635ns          473511 1c009052 00455e83 lhu              x29, 4(x10)         x29=00000427 x10:10003fa4  PA:10003fa8
27122655ns          473512 1c009056 00655e03 lhu              x28, 6(x10)         x28=0000007f x10:10003fa4  PA:10003faa
27122675ns          473513 1c00905a 40a75713 srai             x14, x14, 0x40a     x14=fffffffc x14:fffff036
27122695ns          473514 1c00905c 806787db p.muls           x15, x15, x6        x15=ffffff43 x15:0000ffe5  x6:00000007
27122715ns          473515 1c009060 40a6d693 srai             x13, x13, 0x40a     x13=fffffff3 x13:ffffcd9c
27122735ns          473516 1c009062 8065865b p.muls           x12, x11, x6        x12=000002a0 x11:00000060  x6:00000007
27122755ns          473517 1c009066 40a7d793 srai             x15, x15, 0x40a     x15=ffffffff x15:ffffff43
27122775ns          473518 1c009068 40a65613 srai             x12, x12, 0x40a     x12=00000000 x12:000002a0
27122794ns          473519 1c00906a 01d70733 add              x14, x14, x29       x14=00000423 x14:fffffffc x29:00000427
27122814ns          473520 1c00906c 01c686b3 add              x13, x13, x28       x13=00000072 x13:fffffff3 x28:0000007f
27122834ns          473521 1c00906e 00c686b3 add              x13, x13, x12       x13=00000072 x13:00000072 x12:00000000
27122854ns          473522 1c009070 00f70733 add              x14, x14, x15       x14=00000422 x14:00000423 x15:ffffffff
27122874ns          473523 1c009072 100747b3 p.exths          x15, x14, x0        x15=00000422 x14:00000422
27122894ns          473524 1c009076 1006c733 p.exths          x14, x13, x0        x14=00000072 x13:00000072
27122914ns          473525 1c00907a 03170633 mul              x12, x14, x17       x12=00006588 x14:00000072 x17:000000e4
27122934ns          473526 1c00907e 030786b3 mul              x13, x15, x16       x13=000321c4 x15:00000422 x16:000000c2
27122954ns          473527 1c009082 03070733 mul              x14, x14, x16       x14=00005664 x14:00000072 x16:000000c2
27122973ns          473528 1c009086 031787b3 mul              x15, x15, x17       x15=0003ae48 x15:00000422 x17:000000e4
27122993ns          473529 1c00908a 40a6d693 srai             x13, x13, 0x40a     x13=000000c8 x13:000321c4
27123013ns          473530 1c00908c 40a65613 srai             x12, x12, 0x40a     x12=00000019 x12:00006588
27123033ns          473531 1c00908e 40a7d793 srai             x15, x15, 0x40a     x15=000000eb x15:0003ae48
27123053ns          473532 1c009090 40a75713 srai             x14, x14, 0x40a     x14=00000015 x14:00005664
27123073ns          473533 1c009092 40c686b3 sub              x13, x13, x12       x13=000000af x13:000000c8 x12:00000019
27123093ns          473534 1c009094 00e787b3 add              x15, x15, x14       x15=00000100 x15:000000eb x14:00000015
27123113ns          473535 1c009096 00d51823 sh               x13, 16(x10)        x13:000000af x10:10003fa4  PA:10003fb4
27123133ns          473536 1c00909a 00f51923 sh               x15, 18(x10)        x15:00000100 x10:10003fa4  PA:10003fb6
27123152ns          473537 1c00909e 00008067 jalr             x0, x1, 0            x1:1c0093e8
27123212ns          473540 1c0093e8 2dc15583 lhu              x11, 732(x2)        x11=000000af  x2:10003cd8  PA:10003fb4
27123232ns          473541 1c0093ec 2de15783 lhu              x15, 734(x2)        x15=00000100  x2:10003cd8  PA:10003fb6
27123252ns          473542 1c0093f0 40b90933 sub              x18, x18, x11       x18=00000025 x18:000000d4 x11:000000af
27123272ns          473543 1c0093f4 40f484b3 sub              x9, x9, x15          x9=ffffffda  x9:000000da x15:00000100
27123292ns          473544 1c0093f6 100945b3 p.exths          x11, x18, x0        x11=00000025 x18:00000025
27123312ns          473545 1c0093fa 1004c7b3 p.exths          x15, x9, x0         x15=ffffffda  x9:ffffffda
27123331ns          473546 1c0093fe 034586b3 mul              x13, x11, x20       x13=00001c0a x11:00000025 x20:000000c2
27123351ns          473547 1c009402 03378533 mul              x10, x15, x19       x10=ffffde28 x15:ffffffda x19:000000e4
27123371ns          473548 1c009406 034a0633 mul              x12, x20, x20       x12=00009304 x20:000000c2 x20:000000c2
27123391ns          473549 1c00940a 03398733 mul              x14, x19, x19       x14=0000cb10 x19:000000e4 x19:000000e4
27123411ns          473550 1c00940e 034787b3 mul              x15, x15, x20       x15=ffffe334 x15:ffffffda x20:000000c2
27123431ns          473551 1c009412 033585b3 mul              x11, x11, x19       x11=000020f4 x11:00000025 x19:000000e4
27123451ns          473552 1c009416 40a75713 srai             x14, x14, 0x40a     x14=00000032 x14:0000cb10
27123471ns          473553 1c009418 40a5d593 srai             x11, x11, 0x40a     x11=00000008 x11:000020f4
27123491ns          473554 1c00941a 40a65613 srai             x12, x12, 0x40a     x12=00000024 x12:00009304
27123510ns          473555 1c00941c 40a7d793 srai             x15, x15, 0x40a     x15=fffffff8 x15:ffffe334
27123530ns          473556 1c00941e 1c0034b7 lui              x9, 0x1c003000       x9=1c003000
27123550ns          473557 1c009422 00e60633 add              x12, x12, x14       x12=00000056 x12:00000024 x14:00000032
27123570ns          473558 1c009424 40b787b3 sub              x15, x15, x11       x15=fffffff0 x15:fffffff8 x11:00000008
27123590ns          473559 1c009426 eb048493 addi             x9, x9, -336         x9=1c002eb0  x9:1c003000
27123610ns          473560 1c00942a 1c0032b7 lui              x5, 0x1c003000       x5=1c003000
27123630ns          473561 1c00942e 1c0035b7 lui              x11, 0x1c003000     x11=1c003000
27123650ns          473562 1c009432 018483b3 add              x7, x9, x24          x7=1c002ebe  x9:1c002eb0 x24:0000000e
27123670ns          473563 1c009436 02812e83 lw               x29, 40(x2)         x29=1c002ece  x2:10003cd8  PA:10003d00
27123689ns          473564 1c009438 10065633 p.exthz          x12, x12, x0        x12=00000056 x12:00000056
27123709ns          473565 1c00943c e8028293 addi             x5, x5, -384         x5=1c002e80  x5:1c003000
27123729ns          473566 1c009440 ea058593 addi             x11, x11, -352      x11=1c002ea0 x11:1c003000
27123749ns          473567 1c009444 03812483 lw               x9, 56(x2)           x9=1c002eee  x2:10003cd8  PA:10003d10
27123769ns          473568 1c009446 10064733 p.exths          x14, x12, x0        x14=00000056 x12:00000056
27123789ns          473569 1c00944a 018280b3 add              x1, x5, x24          x1=1c002e8e  x5:1c002e80 x24:0000000e
27123809ns          473570 1c00944e 03012f03 lw               x30, 48(x2)         x30=1c002ede  x2:10003cd8  PA:10003d08
27123829ns          473571 1c009450 018582b3 add              x5, x11, x24         x5=1c002eae x11:1c002ea0 x24:0000000e
27123849ns          473572 1c009454 04012583 lw               x11, 64(x2)         x11=1c002efe  x2:10003cd8  PA:10003d18
27123868ns          473573 1c009456 000edd83 lhu              x27, 0(x29)         x27=000014ea x29:1c002ece  PA:1c002ece
27124207ns          473590 1c00945a 0004d483 lhu              x9, 0(x9)            x9=000003c6  x9:1c002eee  PA:1c002eee
27124545ns          473607 1c00945e 02e70333 mul              x6, x14, x14         x6=00001ce4 x14:00000056 x14:00000056
27124565ns          473608 1c009462 40a55513 srai             x10, x10, 0x40a     x10=fffffff7 x10:ffffde28
27124584ns          473609 1c009464 04812e83 lw               x29, 72(x2)         x29=1c002f0e  x2:10003cd8  PA:10003d20
27124604ns          473610 1c009466 40a6d693 srai             x13, x13, 0x40a     x13=00000007 x13:00001c0a
27124624ns          473611 1c009468 000f5d03 lhu              x26, 0(x30)         x26=00000754 x30:1c002ede  PA:1c002ede
27124923ns          473626 1c00946c 0005d583 lhu              x11, 0(x11)         x11=00000262 x11:1c002efe  PA:1c002efe
27125221ns          473641 1c009470 40a35313 srai             x6, x6, 0x40a        x6=00000007  x6:00001ce4
27125241ns          473642 1c009474 00a686b3 add              x13, x13, x10       x13=fffffffe x13:00000007 x10:fffffff7
27125261ns          473643 1c009476 05012f03 lw               x30, 80(x2)         x30=1c002e7e  x2:10003cd8  PA:10003d28
27125280ns          473644 1c009478 10034e33 p.exths          x28, x6, x0         x28=00000007  x6:00000007
27125300ns          473645 1c00947c 06911023 sh               x9, 96(x2)           x9:000003c6  x2:10003cd8  PA:10003d38
27125320ns          473646 1c009480 000ede83 lhu              x29, 0(x29)         x29=000001a9 x29:1c002f0e  PA:1c002f0e
27125619ns          473661 1c009484 05812483 lw               x9, 88(x2)           x9=1c002e6e  x2:10003cd8  PA:10003d30
27125638ns          473662 1c009486 1006d6b3 p.exthz          x13, x13, x0        x13=0000fffe x13:fffffffe
27125658ns          473663 1c00948a 02ee08b3 mul              x17, x28, x14       x17=0000025a x28:00000007 x14:00000056
27125678ns          473664 1c00948e 1006c833 p.exths          x16, x13, x0        x16=fffffffe x13:0000fffe
27125698ns          473665 1c009492 06b11823 sh               x11, 112(x2)        x11:00000262  x2:10003cd8  PA:10003d48
27125718ns          473666 1c009496 000f5f03 lhu              x30, 0(x30)         x30=0000feff x30:1c002e7e  PA:1c002e7e
27126036ns          473682 1c00949a 0a012583 lw               x11, 160(x2)        x11=1c002e9e  x2:10003cd8  PA:10003d78
27126056ns          473683 1c00949c 1007d7b3 p.exthz          x15, x15, x0        x15=0000fff0 x15:fffffff0
27126076ns          473684 1c0094a0 0004da03 lhu              x20, 0(x9)          x20=0000fb09  x9:1c002e6e  PA:1c002e6e
27126434ns          473702 1c0094a4 1007c533 p.exths          x10, x15, x0        x10=fffffff0 x15:0000fff0
27126454ns          473703 1c0094a8 09d11023 sh               x29, 128(x2)        x29:000001a9  x2:10003cd8  PA:10003d58
27126474ns          473704 1c0094ac 0003d483 lhu              x9, 0(x7)            x9=0000ffb9  x7:1c002ebe  PA:1c002ebe
27126772ns          473719 1c0094b0 02e80eb3 mul              x29, x16, x14       x29=ffffff54 x16:fffffffe x14:00000056
27126792ns          473720 1c0094b4 40a8d893 srai             x17, x17, 0x40a     x17=00000000 x17:0000025a
27126812ns          473721 1c0094b8 03c80833 mul              x16, x16, x28       x16=fffffff2 x16:fffffffe x28:00000007
27126832ns          473722 1c0094bc 09e11823 sh               x30, 144(x2)        x30:0000feff  x2:10003cd8  PA:10003d68
27126872ns          473724 1c0094c0 0005d983 lhu              x19, 0(x11)         x19=0000ff89 x11:1c002e9e  PA:1c002e9e
27127249ns          473743 1c0094c4 81c88f5b p.muls           x30, x17, x28       x30=00000000 x17:00000000 x28:00000007
27127269ns          473744 1c0094c8 0002d583 lhu              x11, 0(x5)          x11=0000fede  x5:1c002eae  PA:1c002eae
27127568ns          473759 1c0094cc 03ce0fb3 mul              x31, x28, x28       x31=00000031 x28:00000007 x28:00000007
27127588ns          473760 1c0094d0 02e50733 mul              x14, x10, x14       x14=fffffaa0 x10:fffffff0 x14:00000056
27127607ns          473761 1c0094d4 40a85813 srai             x16, x16, 0x40a     x16=ffffffff x16:fffffff2
27127627ns          473762 1c0094d8 03c50533 mul              x10, x10, x28       x10=ffffff90 x10:fffffff0 x28:00000007
27127647ns          473763 1c0094dc 07015e03 lhu              x28, 112(x2)        x28=00000262  x2:10003cd8  PA:10003d48
27127687ns          473765 1c0094e0 01b60633 add              x12, x12, x27       x12=00001540 x12:00000056 x27:000014ea
27127707ns          473766 1c0094e2 00980833 add              x16, x16, x9        x16=0000ffb8 x16:ffffffff  x9:0000ffb9
27127727ns          473767 1c0094e4 06015d83 lhu              x27, 96(x2)         x27=000003c6  x2:10003cd8  PA:10003d38
27127766ns          473769 1c0094e8 02812483 lw               x9, 40(x2)           x9=1c002ece  x2:10003cd8  PA:10003d00
27127786ns          473770 1c0094ea 40afdf93 srai             x31, x31, 0x40a     x31=00000000 x31:00000031
27127806ns          473771 1c0094ee 40a55513 srai             x10, x10, 0x40a     x10=ffffffff x10:ffffff90
27127826ns          473772 1c0094f0 01cf8fb3 add              x31, x31, x28       x31=00000262 x31:00000000 x28:00000262
27127846ns          473773 1c0094f2 00b50533 add              x10, x10, x11       x10=0000fedd x10:ffffffff x11:0000fede
27127866ns          473774 1c0094f4 09015e03 lhu              x28, 144(x2)        x28=0000feff  x2:10003cd8  PA:10003d68
27127886ns          473775 1c0094f8 03012583 lw               x11, 48(x2)         x11=1c002ede  x2:10003cd8  PA:10003d08
27127906ns          473776 1c0094fa 00c49023 sh               x12, 0(x9)          x12:00001540  x9:1c002ece  PA:1c002ece
27128244ns          473793 1c0094fe 01b888b3 add              x17, x17, x27       x17=000003c6 x17:00000000 x27:000003c6
27128264ns          473794 1c009500 01a30333 add              x6, x6, x26          x6=0000075b  x6:00000007 x26:00000754
27128284ns          473795 1c009502 08015d83 lhu              x27, 128(x2)        x27=000001a9  x2:10003cd8  PA:10003d58
27128303ns          473796 1c009506 0000d903 lhu              x18, 0(x1)          x18=0000fdf5  x1:1c002e8e  PA:1c002e8e
27128622ns          473812 1c00950a 01c686b3 add              x13, x13, x28       x13=0001fefd x13:0000fffe x28:0000feff
27128642ns          473813 1c00950c 00659023 sh               x6, 0(x11)           x6:0000075b x11:1c002ede  PA:1c002ede
27128960ns          473829 1c009510 40af5f13 srai             x30, x30, 0x40a     x30=00000000 x30:00000000
27128980ns          473830 1c009514 04812e03 lw               x28, 72(x2)         x28=1c002f0e  x2:10003cd8  PA:10003d20
27129000ns          473831 1c009516 01bf0f33 add              x30, x30, x27       x30=000001a9 x30:00000000 x27:000001a9
27129019ns          473832 1c009518 40aede93 srai             x29, x29, 0x40a     x29=ffffffff x29:ffffff54
27129039ns          473833 1c00951c 40a75713 srai             x14, x14, 0x40a     x14=fffffffe x14:fffffaa0
27129059ns          473834 1c00951e 03812603 lw               x12, 56(x2)         x12=1c002eee  x2:10003cd8  PA:10003d10
27129079ns          473835 1c009520 04012d83 lw               x27, 64(x2)         x27=1c002efe  x2:10003cd8  PA:10003d18
27129099ns          473836 1c009522 01ee1023 sh               x30, 0(x28)         x30:000001a9 x28:1c002f0e  PA:1c002f0e
27129457ns          473854 1c009526 05812483 lw               x9, 88(x2)           x9=1c002e6e  x2:10003cd8  PA:10003d30
27129477ns          473855 1c009528 05012f03 lw               x30, 80(x2)         x30=1c002e7e  x2:10003cd8  PA:10003d28
27129497ns          473856 1c00952a 0a012583 lw               x11, 160(x2)        x11=1c002e9e  x2:10003cd8  PA:10003d78
27129517ns          473857 1c00952c 014787b3 add              x15, x15, x20       x15=0001faf9 x15:0000fff0 x20:0000fb09
27129537ns          473858 1c00952e 013e8eb3 add              x29, x29, x19       x29=0000ff88 x29:ffffffff x19:0000ff89
27129556ns          473859 1c009530 01270733 add              x14, x14, x18       x14=0000fdf3 x14:fffffffe x18:0000fdf5
27129576ns          473860 1c009532 00f49023 sh               x15, 0(x9)          x15:0001faf9  x9:1c002e6e  PA:1c002e6e
27129934ns          473878 1c009536 01161023 sh               x17, 0(x12)         x17:000003c6 x12:1c002eee  PA:1c002eee
27130272ns          473895 1c00953a 01fd9023 sh               x31, 0(x27)         x31:00000262 x27:1c002efe  PA:1c002efe
27130591ns          473911 1c00953e 00df1023 sh               x13, 0(x30)         x13:0001fefd x30:1c002e7e  PA:1c002e7e
27130909ns          473927 1c009542 01d59023 sh               x29, 0(x11)         x29:0000ff88 x11:1c002e9e  PA:1c002e9e
27131227ns          473943 1c009546 00e09023 sh               x14, 0(x1)          x14:0000fdf3  x1:1c002e8e  PA:1c002e8e
27131565ns          473960 1c00954a 01039023 sh               x16, 0(x7)          x16:0000ffb8  x7:1c002ebe  PA:1c002ebe
27131903ns          473977 1c00954e 00a29023 sh               x10, 0(x5)          x10:0000fedd  x5:1c002eae  PA:1c002eae
27132221ns          473993 1c009552 008b0b13 addi             x22, x22, 8         x22=0000011f x22:00000117
27132241ns          473994 1c009554 1f300793 addi             x15, x0, 499        x15=000001f3
27132261ns          473995 1c009558 e767dae3 bge              x15, x22, -396      x15:000001f3 x22:0000011f
27132321ns          473998 1c0093cc 010c9a0b p.lh             x20, 16(x25!)       x20=00000192 x25=1c0028d6 x25:1c0028c6  PA:1c0028c6
27132639ns          474014 1c0093d0 0104198b p.lh             x19, 16(x8!)        x19=ffffff72  x8=1c00209e  x8:1c00208e  PA:1c00208e
27132937ns          474029 1c0093d4 2cc10513 addi             x10, x2, 716        x10=10003fa4  x2:10003cd8
27132957ns          474030 1c0093d6 010a990b p.lh             x18, 16(x21!)       x18=0000017f x21=1c0018ca x21:1c0018ba  PA:1c0018ba
27133275ns          474046 1c0093da 010b948b p.lh             x9, 16(x23!)         x9=ffffff39 x23=1c0010fa x23:1c0010ea  PA:1c0010ea
27133574ns          474061 1c0093de 2d411623 sh               x20, 716(x2)        x20:00000192  x2:10003cd8  PA:10003fa4
27133594ns          474062 1c0093e2 2d311723 sh               x19, 718(x2)        x19:ffffff72  x2:10003cd8  PA:10003fa6
27133614ns          474063 1c0093e6 c33ff0ef jal              x1, -974             x1=1c0093e8
27133693ns          474067 1c009018 00051803 lh               x16, 0(x10)         x16=00000192 x10:10003fa4  PA:10003fa4
27133733ns          474069 1c00901c 00251883 lh               x17, 2(x10)         x17=ffffff72 x10:10003fa4  PA:10003fa6
27133753ns          474070 1c009020 030806b3 mul              x13, x16, x16       x13=00027744 x16:00000192 x16:00000192
27133773ns          474071 1c009024 03188633 mul              x12, x17, x17       x12=00004ec4 x17:ffffff72 x17:ffffff72
27133793ns          474072 1c009028 40a65613 srai             x12, x12, 0x40a     x12=00000013 x12:00004ec4
27133812ns          474073 1c00902a 40a6d693 srai             x13, x13, 0x40a     x13=0000009d x13:00027744
27133832ns          474074 1c00902c 00c686b3 add              x13, x13, x12       x13=000000b0 x13:0000009d x12:00000013
27133852ns          474075 1c00902e 1006c633 p.exths          x12, x13, x0        x12=000000b0 x13:000000b0
27133872ns          474076 1c009032 00855703 lhu              x14, 8(x10)         x14=0000ffd1 x10:10003fa4  PA:10003fac
27133892ns          474077 1c009036 00a55683 lhu              x13, 10(x10)        x13=0000ff6a x10:10003fa4  PA:10003fae
27133912ns          474078 1c00903a 02c60333 mul              x6, x12, x12         x6=00007900 x12:000000b0 x12:000000b0
27133932ns          474079 1c00903e 00c55783 lhu              x15, 12(x10)        x15=0000ffe5 x10:10003fa4  PA:10003fb0
27133952ns          474080 1c009042 00e55583 lhu              x11, 14(x10)        x11=00000060 x10:10003fa4  PA:10003fb2
27133972ns          474081 1c009046 dea30333 p.extract        x6, x6, 15, 10       x6=0000001e  x6:00007900
27133991ns          474082 1c00904a 80c7075b p.muls           x14, x14, x12       x14=ffffdfb0 x14:0000ffd1 x12:000000b0
27134031ns          474084 1c00904e 80c686db p.muls           x13, x13, x12       x13=ffff98e0 x13:0000ff6a x12:000000b0
27134071ns          474086 1c009052 00455e83 lhu              x29, 4(x10)         x29=00000427 x10:10003fa4  PA:10003fa8
27134091ns          474087 1c009056 00655e03 lhu              x28, 6(x10)         x28=0000007f x10:10003fa4  PA:10003faa
27134111ns          474088 1c00905a 40a75713 srai             x14, x14, 0x40a     x14=fffffff7 x14:ffffdfb0
27134131ns          474089 1c00905c 806787db p.muls           x15, x15, x6        x15=fffffcd6 x15:0000ffe5  x6:0000001e
27134170ns          474091 1c009060 40a6d693 srai             x13, x13, 0x40a     x13=ffffffe6 x13:ffff98e0
27134210ns          474093 1c009062 8065865b p.muls           x12, x11, x6        x12=00000b40 x11:00000060  x6:0000001e
27134230ns          474094 1c009066 40a7d793 srai             x15, x15, 0x40a     x15=ffffffff x15:fffffcd6
27134250ns          474095 1c009068 40a65613 srai             x12, x12, 0x40a     x12=00000002 x12:00000b40
27134270ns          474096 1c00906a 01d70733 add              x14, x14, x29       x14=0000041e x14:fffffff7 x29:00000427
27134290ns          474097 1c00906c 01c686b3 add              x13, x13, x28       x13=00000065 x13:ffffffe6 x28:0000007f
27134310ns          474098 1c00906e 00c686b3 add              x13, x13, x12       x13=00000067 x13:00000065 x12:00000002
27134330ns          474099 1c009070 00f70733 add              x14, x14, x15       x14=0000041d x14:0000041e x15:ffffffff
27134349ns          474100 1c009072 100747b3 p.exths          x15, x14, x0        x15=0000041d x14:0000041d
27134369ns          474101 1c009076 1006c733 p.exths          x14, x13, x0        x14=00000067 x13:00000067
27134389ns          474102 1c00907a 03170633 mul              x12, x14, x17       x12=ffffc6de x14:00000067 x17:ffffff72
27134409ns          474103 1c00907e 030786b3 mul              x13, x15, x16       x13=0006758a x15:0000041d x16:00000192
27134429ns          474104 1c009082 03070733 mul              x14, x14, x16       x14=0000a1be x14:00000067 x16:00000192
27134449ns          474105 1c009086 031787b3 mul              x15, x15, x17       x15=fffdb7ea x15:0000041d x17:ffffff72
27134469ns          474106 1c00908a 40a6d693 srai             x13, x13, 0x40a     x13=0000019d x13:0006758a
27134489ns          474107 1c00908c 40a65613 srai             x12, x12, 0x40a     x12=fffffff1 x12:ffffc6de
27134509ns          474108 1c00908e 40a7d793 srai             x15, x15, 0x40a     x15=ffffff6d x15:fffdb7ea
27134528ns          474109 1c009090 40a75713 srai             x14, x14, 0x40a     x14=00000028 x14:0000a1be
27134548ns          474110 1c009092 40c686b3 sub              x13, x13, x12       x13=000001ac x13:0000019d x12:fffffff1
27134568ns          474111 1c009094 00e787b3 add              x15, x15, x14       x15=ffffff95 x15:ffffff6d x14:00000028
27134588ns          474112 1c009096 00d51823 sh               x13, 16(x10)        x13:000001ac x10:10003fa4  PA:10003fb4
27134608ns          474113 1c00909a 00f51923 sh               x15, 18(x10)        x15:ffffff95 x10:10003fa4  PA:10003fb6
27134628ns          474114 1c00909e 00008067 jalr             x0, x1, 0            x1:1c0093e8
27134707ns          474118 1c0093e8 2dc15583 lhu              x11, 732(x2)        x11=000001ac  x2:10003cd8  PA:10003fb4
27134727ns          474119 1c0093ec 2de15783 lhu              x15, 734(x2)        x15=0000ff95  x2:10003cd8  PA:10003fb6
27134747ns          474120 1c0093f0 40b90933 sub              x18, x18, x11       x18=ffffffd3 x18:0000017f x11:000001ac
27134767ns          474121 1c0093f4 40f484b3 sub              x9, x9, x15          x9=fffeffa4  x9:ffffff39 x15:0000ff95
27134787ns          474122 1c0093f6 100945b3 p.exths          x11, x18, x0        x11=ffffffd3 x18:ffffffd3
27134807ns          474123 1c0093fa 1004c7b3 p.exths          x15, x9, x0         x15=ffffffa4  x9:fffeffa4
27134827ns          474124 1c0093fe 034586b3 mul              x13, x11, x20       x13=ffffb956 x11:ffffffd3 x20:00000192
27134847ns          474125 1c009402 03378533 mul              x10, x15, x19       x10=00003308 x15:ffffffa4 x19:ffffff72
27134867ns          474126 1c009406 034a0633 mul              x12, x20, x20       x12=00027744 x20:00000192 x20:00000192
27134886ns          474127 1c00940a 03398733 mul              x14, x19, x19       x14=00004ec4 x19:ffffff72 x19:ffffff72
27134906ns          474128 1c00940e 034787b3 mul              x15, x15, x20       x15=ffff6f88 x15:ffffffa4 x20:00000192
27134926ns          474129 1c009412 033585b3 mul              x11, x11, x19       x11=000018f6 x11:ffffffd3 x19:ffffff72
27134946ns          474130 1c009416 40a75713 srai             x14, x14, 0x40a     x14=00000013 x14:00004ec4
27134966ns          474131 1c009418 40a5d593 srai             x11, x11, 0x40a     x11=00000006 x11:000018f6
27134986ns          474132 1c00941a 40a65613 srai             x12, x12, 0x40a     x12=0000009d x12:00027744
27135006ns          474133 1c00941c 40a7d793 srai             x15, x15, 0x40a     x15=ffffffdb x15:ffff6f88
27135026ns          474134 1c00941e 1c0034b7 lui              x9, 0x1c003000       x9=1c003000
27135046ns          474135 1c009422 00e60633 add              x12, x12, x14       x12=000000b0 x12:0000009d x14:00000013
27135065ns          474136 1c009424 40b787b3 sub              x15, x15, x11       x15=ffffffd5 x15:ffffffdb x11:00000006
27135085ns          474137 1c009426 eb048493 addi             x9, x9, -336         x9=1c002eb0  x9:1c003000
27135105ns          474138 1c00942a 1c0032b7 lui              x5, 0x1c003000       x5=1c003000
27135125ns          474139 1c00942e 1c0035b7 lui              x11, 0x1c003000     x11=1c003000
27135145ns          474140 1c009432 018483b3 add              x7, x9, x24          x7=1c002ebe  x9:1c002eb0 x24:0000000e
27135165ns          474141 1c009436 02812e83 lw               x29, 40(x2)         x29=1c002ece  x2:10003cd8  PA:10003d00
27135185ns          474142 1c009438 10065633 p.exthz          x12, x12, x0        x12=000000b0 x12:000000b0
27135205ns          474143 1c00943c e8028293 addi             x5, x5, -384         x5=1c002e80  x5:1c003000
27135244ns          474145 1c009440 ea058593 addi             x11, x11, -352      x11=1c002ea0 x11:1c003000
27135284ns          474147 1c009444 03812483 lw               x9, 56(x2)           x9=1c002eee  x2:10003cd8  PA:10003d10
27135304ns          474148 1c009446 10064733 p.exths          x14, x12, x0        x14=000000b0 x12:000000b0
27135324ns          474149 1c00944a 018280b3 add              x1, x5, x24          x1=1c002e8e  x5:1c002e80 x24:0000000e
27135344ns          474150 1c00944e 03012f03 lw               x30, 48(x2)         x30=1c002ede  x2:10003cd8  PA:10003d08
27135384ns          474152 1c009450 018582b3 add              x5, x11, x24         x5=1c002eae x11:1c002ea0 x24:0000000e
27135423ns          474154 1c009454 04012583 lw               x11, 64(x2)         x11=1c002efe  x2:10003cd8  PA:10003d18
27135443ns          474155 1c009456 000edd83 lhu              x27, 0(x29)         x27=00001540 x29:1c002ece  PA:1c002ece
27135742ns          474170 1c00945a 0004d483 lhu              x9, 0(x9)            x9=000003c6  x9:1c002eee  PA:1c002eee
27136040ns          474185 1c00945e 02e70333 mul              x6, x14, x14         x6=00007900 x14:000000b0 x14:000000b0
27136060ns          474186 1c009462 40a55513 srai             x10, x10, 0x40a     x10=0000000c x10:00003308
27136080ns          474187 1c009464 04812e83 lw               x29, 72(x2)         x29=1c002f0e  x2:10003cd8  PA:10003d20
27136100ns          474188 1c009466 40a6d693 srai             x13, x13, 0x40a     x13=ffffffee x13:ffffb956
27136119ns          474189 1c009468 000f5d03 lhu              x26, 0(x30)         x26=0000075b x30:1c002ede  PA:1c002ede
27136438ns          474205 1c00946c 0005d583 lhu              x11, 0(x11)         x11=00000262 x11:1c002efe  PA:1c002efe
27136776ns          474222 1c009470 40a35313 srai             x6, x6, 0x40a        x6=0000001e  x6:00007900
27136796ns          474223 1c009474 00a686b3 add              x13, x13, x10       x13=fffffffa x13:ffffffee x10:0000000c
27136816ns          474224 1c009476 05012f03 lw               x30, 80(x2)         x30=1c002e7e  x2:10003cd8  PA:10003d28
27136835ns          474225 1c009478 10034e33 p.exths          x28, x6, x0         x28=0000001e  x6:0000001e
27136855ns          474226 1c00947c 06911023 sh               x9, 96(x2)           x9:000003c6  x2:10003cd8  PA:10003d38
27136875ns          474227 1c009480 000ede83 lhu              x29, 0(x29)         x29=000001a9 x29:1c002f0e  PA:1c002f0e
27137213ns          474244 1c009484 05812483 lw               x9, 88(x2)           x9=1c002e6e  x2:10003cd8  PA:10003d30
27137233ns          474245 1c009486 1006d6b3 p.exthz          x13, x13, x0        x13=0000fffa x13:fffffffa
27137253ns          474246 1c00948a 02ee08b3 mul              x17, x28, x14       x17=000014a0 x28:0000001e x14:000000b0
27137273ns          474247 1c00948e 1006c833 p.exths          x16, x13, x0        x16=fffffffa x13:0000fffa
27137293ns          474248 1c009492 06b11823 sh               x11, 112(x2)        x11:00000262  x2:10003cd8  PA:10003d48
27137313ns          474249 1c009496 000f5f03 lhu              x30, 0(x30)         x30=0000fefd x30:1c002e7e  PA:1c002e7e
27137611ns          474264 1c00949a 0a012583 lw               x11, 160(x2)        x11=1c002e9e  x2:10003cd8  PA:10003d78
27137631ns          474265 1c00949c 1007d7b3 p.exthz          x15, x15, x0        x15=0000ffd5 x15:ffffffd5
27137651ns          474266 1c0094a0 0004da03 lhu              x20, 0(x9)          x20=0000faf9  x9:1c002e6e  PA:1c002e6e
27137969ns          474282 1c0094a4 1007c533 p.exths          x10, x15, x0        x10=ffffffd5 x15:0000ffd5
27137989ns          474283 1c0094a8 09d11023 sh               x29, 128(x2)        x29:000001a9  x2:10003cd8  PA:10003d58
27138009ns          474284 1c0094ac 0003d483 lhu              x9, 0(x7)            x9=0000ffb8  x7:1c002ebe  PA:1c002ebe
27138347ns          474301 1c0094b0 02e80eb3 mul              x29, x16, x14       x29=fffffbe0 x16:fffffffa x14:000000b0
27138367ns          474302 1c0094b4 40a8d893 srai             x17, x17, 0x40a     x17=00000005 x17:000014a0
27138387ns          474303 1c0094b8 03c80833 mul              x16, x16, x28       x16=ffffff4c x16:fffffffa x28:0000001e
27138407ns          474304 1c0094bc 09e11823 sh               x30, 144(x2)        x30:0000fefd  x2:10003cd8  PA:10003d68
27138426ns          474305 1c0094c0 0005d983 lhu              x19, 0(x11)         x19=0000ff88 x11:1c002e9e  PA:1c002e9e
27138725ns          474320 1c0094c4 81c88f5b p.muls           x30, x17, x28       x30=00000096 x17:00000005 x28:0000001e
27138745ns          474321 1c0094c8 0002d583 lhu              x11, 0(x5)          x11=0000fedd  x5:1c002eae  PA:1c002eae
27139043ns          474336 1c0094cc 03ce0fb3 mul              x31, x28, x28       x31=00000384 x28:0000001e x28:0000001e
27139063ns          474337 1c0094d0 02e50733 mul              x14, x10, x14       x14=ffffe270 x10:ffffffd5 x14:000000b0
27139083ns          474338 1c0094d4 40a85813 srai             x16, x16, 0x40a     x16=ffffffff x16:ffffff4c
27139103ns          474339 1c0094d8 03c50533 mul              x10, x10, x28       x10=fffffaf6 x10:ffffffd5 x28:0000001e
27139123ns          474340 1c0094dc 07015e03 lhu              x28, 112(x2)        x28=00000262  x2:10003cd8  PA:10003d48
27139162ns          474342 1c0094e0 01b60633 add              x12, x12, x27       x12=000015f0 x12:000000b0 x27:00001540
27139182ns          474343 1c0094e2 00980833 add              x16, x16, x9        x16=0000ffb7 x16:ffffffff  x9:0000ffb8
27139202ns          474344 1c0094e4 06015d83 lhu              x27, 96(x2)         x27=000003c6  x2:10003cd8  PA:10003d38
27139222ns          474345 1c0094e8 02812483 lw               x9, 40(x2)           x9=1c002ece  x2:10003cd8  PA:10003d00
27139242ns          474346 1c0094ea 40afdf93 srai             x31, x31, 0x40a     x31=00000000 x31:00000384
27139262ns          474347 1c0094ee 40a55513 srai             x10, x10, 0x40a     x10=fffffffe x10:fffffaf6
27139282ns          474348 1c0094f0 01cf8fb3 add              x31, x31, x28       x31=00000262 x31:00000000 x28:00000262
27139302ns          474349 1c0094f2 00b50533 add              x10, x10, x11       x10=0000fedb x10:fffffffe x11:0000fedd
27139321ns          474350 1c0094f4 09015e03 lhu              x28, 144(x2)        x28=0000fefd  x2:10003cd8  PA:10003d68
27139341ns          474351 1c0094f8 03012583 lw               x11, 48(x2)         x11=1c002ede  x2:10003cd8  PA:10003d08
27139361ns          474352 1c0094fa 00c49023 sh               x12, 0(x9)          x12:000015f0  x9:1c002ece  PA:1c002ece
27139679ns          474368 1c0094fe 01b888b3 add              x17, x17, x27       x17=000003cb x17:00000005 x27:000003c6
27139699ns          474369 1c009500 01a30333 add              x6, x6, x26          x6=00000779  x6:0000001e x26:0000075b
27139719ns          474370 1c009502 08015d83 lhu              x27, 128(x2)        x27=000001a9  x2:10003cd8  PA:10003d58
27139739ns          474371 1c009506 0000d903 lhu              x18, 0(x1)          x18=0000fdf3  x1:1c002e8e  PA:1c002e8e
27140037ns          474386 1c00950a 01c686b3 add              x13, x13, x28       x13=0001fef7 x13:0000fffa x28:0000fefd
27140057ns          474387 1c00950c 00659023 sh               x6, 0(x11)           x6:00000779 x11:1c002ede  PA:1c002ede
27140375ns          474403 1c009510 40af5f13 srai             x30, x30, 0x40a     x30=00000000 x30:00000096
27140395ns          474404 1c009514 04812e03 lw               x28, 72(x2)         x28=1c002f0e  x2:10003cd8  PA:10003d20
27140415ns          474405 1c009516 01bf0f33 add              x30, x30, x27       x30=000001a9 x30:00000000 x27:000001a9
27140435ns          474406 1c009518 40aede93 srai             x29, x29, 0x40a     x29=fffffffe x29:fffffbe0
27140455ns          474407 1c00951c 40a75713 srai             x14, x14, 0x40a     x14=fffffff8 x14:ffffe270
27140475ns          474408 1c00951e 03812603 lw               x12, 56(x2)         x12=1c002eee  x2:10003cd8  PA:10003d10
27140495ns          474409 1c009520 04012d83 lw               x27, 64(x2)         x27=1c002efe  x2:10003cd8  PA:10003d18
27140515ns          474410 1c009522 01ee1023 sh               x30, 0(x28)         x30:000001a9 x28:1c002f0e  PA:1c002f0e
27140833ns          474426 1c009526 05812483 lw               x9, 88(x2)           x9=1c002e6e  x2:10003cd8  PA:10003d30
27140853ns          474427 1c009528 05012f03 lw               x30, 80(x2)         x30=1c002e7e  x2:10003cd8  PA:10003d28
27140873ns          474428 1c00952a 0a012583 lw               x11, 160(x2)        x11=1c002e9e  x2:10003cd8  PA:10003d78
27140893ns          474429 1c00952c 014787b3 add              x15, x15, x20       x15=0001face x15:0000ffd5 x20:0000faf9
27140912ns          474430 1c00952e 013e8eb3 add              x29, x29, x19       x29=0000ff86 x29:fffffffe x19:0000ff88
27140932ns          474431 1c009530 01270733 add              x14, x14, x18       x14=0000fdeb x14:fffffff8 x18:0000fdf3
27140952ns          474432 1c009532 00f49023 sh               x15, 0(x9)          x15:0001face  x9:1c002e6e  PA:1c002e6e
27141270ns          474448 1c009536 01161023 sh               x17, 0(x12)         x17:000003cb x12:1c002eee  PA:1c002eee
27141589ns          474464 1c00953a 01fd9023 sh               x31, 0(x27)         x31:00000262 x27:1c002efe  PA:1c002efe
27141927ns          474481 1c00953e 00df1023 sh               x13, 0(x30)         x13:0001fef7 x30:1c002e7e  PA:1c002e7e
27142245ns          474497 1c009542 01d59023 sh               x29, 0(x11)         x29:0000ff86 x11:1c002e9e  PA:1c002e9e
27142563ns          474513 1c009546 00e09023 sh               x14, 0(x1)          x14:0000fdeb  x1:1c002e8e  PA:1c002e8e
27142881ns          474529 1c00954a 01039023 sh               x16, 0(x7)          x16:0000ffb7  x7:1c002ebe  PA:1c002ebe
27143219ns          474546 1c00954e 00a29023 sh               x10, 0(x5)          x10:0000fedb  x5:1c002eae  PA:1c002eae
27143538ns          474562 1c009552 008b0b13 addi             x22, x22, 8         x22=00000127 x22:0000011f
27143558ns          474563 1c009554 1f300793 addi             x15, x0, 499        x15=000001f3
27143577ns          474564 1c009558 e767dae3 bge              x15, x22, -396      x15:000001f3 x22:00000127
27143677ns          474569 1c0093cc 010c9a0b p.lh             x20, 16(x25!)       x20=00000111 x25=1c0028e6 x25:1c0028d6  PA:1c0028d6
27143975ns          474584 1c0093d0 0104198b p.lh             x19, 16(x8!)        x19=00000095  x8=1c0020ae  x8:1c00209e  PA:1c00209e
27144274ns          474599 1c0093d4 2cc10513 addi             x10, x2, 716        x10=10003fa4  x2:10003cd8
27144293ns          474600 1c0093d6 010a990b p.lh             x18, 16(x21!)       x18=0000011d x21=1c0018da x21:1c0018ca  PA:1c0018ca
27144612ns          474616 1c0093da 010b948b p.lh             x9, 16(x23!)         x9=0000008a x23=1c00110a x23:1c0010fa  PA:1c0010fa
27144910ns          474631 1c0093de 2d411623 sh               x20, 716(x2)        x20:00000111  x2:10003cd8  PA:10003fa4
27144930ns          474632 1c0093e2 2d311723 sh               x19, 718(x2)        x19:00000095  x2:10003cd8  PA:10003fa6
27144950ns          474633 1c0093e6 c33ff0ef jal              x1, -974             x1=1c0093e8
27145029ns          474637 1c009018 00051803 lh               x16, 0(x10)         x16=00000111 x10:10003fa4  PA:10003fa4
27145069ns          474639 1c00901c 00251883 lh               x17, 2(x10)         x17=00000095 x10:10003fa4  PA:10003fa6
27145129ns          474642 1c009020 030806b3 mul              x13, x16, x16       x13=00012321 x16:00000111 x16:00000111
27145168ns          474644 1c009024 03188633 mul              x12, x17, x17       x12=000056b9 x17:00000095 x17:00000095
27145188ns          474645 1c009028 40a65613 srai             x12, x12, 0x40a     x12=00000015 x12:000056b9
27145208ns          474646 1c00902a 40a6d693 srai             x13, x13, 0x40a     x13=00000048 x13:00012321
27145228ns          474647 1c00902c 00c686b3 add              x13, x13, x12       x13=0000005d x13:00000048 x12:00000015
27145248ns          474648 1c00902e 1006c633 p.exths          x12, x13, x0        x12=0000005d x13:0000005d
27145268ns          474649 1c009032 00855703 lhu              x14, 8(x10)         x14=0000ffd1 x10:10003fa4  PA:10003fac
27145288ns          474650 1c009036 00a55683 lhu              x13, 10(x10)        x13=0000ff6a x10:10003fa4  PA:10003fae
27145308ns          474651 1c00903a 02c60333 mul              x6, x12, x12         x6=000021c9 x12:0000005d x12:0000005d
27145328ns          474652 1c00903e 00c55783 lhu              x15, 12(x10)        x15=0000ffe5 x10:10003fa4  PA:10003fb0
27145347ns          474653 1c009042 00e55583 lhu              x11, 14(x10)        x11=00000060 x10:10003fa4  PA:10003fb2
27145367ns          474654 1c009046 dea30333 p.extract        x6, x6, 15, 10       x6=00000008  x6:000021c9
27145387ns          474655 1c00904a 80c7075b p.muls           x14, x14, x12       x14=ffffeeed x14:0000ffd1 x12:0000005d
27145407ns          474656 1c00904e 80c686db p.muls           x13, x13, x12       x13=ffffc982 x13:0000ff6a x12:0000005d
27145427ns          474657 1c009052 00455e83 lhu              x29, 4(x10)         x29=00000427 x10:10003fa4  PA:10003fa8
27145447ns          474658 1c009056 00655e03 lhu              x28, 6(x10)         x28=0000007f x10:10003fa4  PA:10003faa
27145467ns          474659 1c00905a 40a75713 srai             x14, x14, 0x40a     x14=fffffffb x14:ffffeeed
27145487ns          474660 1c00905c 806787db p.muls           x15, x15, x6        x15=ffffff28 x15:0000ffe5  x6:00000008
27145507ns          474661 1c009060 40a6d693 srai             x13, x13, 0x40a     x13=fffffff2 x13:ffffc982
27145526ns          474662 1c009062 8065865b p.muls           x12, x11, x6        x12=00000300 x11:00000060  x6:00000008
27145546ns          474663 1c009066 40a7d793 srai             x15, x15, 0x40a     x15=ffffffff x15:ffffff28
27145566ns          474664 1c009068 40a65613 srai             x12, x12, 0x40a     x12=00000000 x12:00000300
27145586ns          474665 1c00906a 01d70733 add              x14, x14, x29       x14=00000422 x14:fffffffb x29:00000427
27145606ns          474666 1c00906c 01c686b3 add              x13, x13, x28       x13=00000071 x13:fffffff2 x28:0000007f
27145626ns          474667 1c00906e 00c686b3 add              x13, x13, x12       x13=00000071 x13:00000071 x12:00000000
27145646ns          474668 1c009070 00f70733 add              x14, x14, x15       x14=00000421 x14:00000422 x15:ffffffff
27145666ns          474669 1c009072 100747b3 p.exths          x15, x14, x0        x15=00000421 x14:00000421
27145686ns          474670 1c009076 1006c733 p.exths          x14, x13, x0        x14=00000071 x13:00000071
27145705ns          474671 1c00907a 03170633 mul              x12, x14, x17       x12=000041c5 x14:00000071 x17:00000095
27145725ns          474672 1c00907e 030786b3 mul              x13, x15, x16       x13=00046731 x15:00000421 x16:00000111
27145745ns          474673 1c009082 03070733 mul              x14, x14, x16       x14=00007881 x14:00000071 x16:00000111
27145765ns          474674 1c009086 031787b3 mul              x15, x15, x17       x15=00026735 x15:00000421 x17:00000095
27145785ns          474675 1c00908a 40a6d693 srai             x13, x13, 0x40a     x13=00000119 x13:00046731
27145805ns          474676 1c00908c 40a65613 srai             x12, x12, 0x40a     x12=00000010 x12:000041c5
27145825ns          474677 1c00908e 40a7d793 srai             x15, x15, 0x40a     x15=00000099 x15:00026735
27145845ns          474678 1c009090 40a75713 srai             x14, x14, 0x40a     x14=0000001e x14:00007881
27145865ns          474679 1c009092 40c686b3 sub              x13, x13, x12       x13=00000109 x13:00000119 x12:00000010
27145884ns          474680 1c009094 00e787b3 add              x15, x15, x14       x15=000000b7 x15:00000099 x14:0000001e
27145904ns          474681 1c009096 00d51823 sh               x13, 16(x10)        x13:00000109 x10:10003fa4  PA:10003fb4
27145924ns          474682 1c00909a 00f51923 sh               x15, 18(x10)        x15:000000b7 x10:10003fa4  PA:10003fb6
27145944ns          474683 1c00909e 00008067 jalr             x0, x1, 0            x1:1c0093e8
27145984ns          474685 1c0093e8 2dc15583 lhu              x11, 732(x2)        x11=00000109  x2:10003cd8  PA:10003fb4
27146004ns          474686 1c0093ec 2de15783 lhu              x15, 734(x2)        x15=000000b7  x2:10003cd8  PA:10003fb6
27146024ns          474687 1c0093f0 40b90933 sub              x18, x18, x11       x18=00000014 x18:0000011d x11:00000109
27146044ns          474688 1c0093f4 40f484b3 sub              x9, x9, x15          x9=ffffffd3  x9:0000008a x15:000000b7
27146063ns          474689 1c0093f6 100945b3 p.exths          x11, x18, x0        x11=00000014 x18:00000014
27146083ns          474690 1c0093fa 1004c7b3 p.exths          x15, x9, x0         x15=ffffffd3  x9:ffffffd3
27146103ns          474691 1c0093fe 034586b3 mul              x13, x11, x20       x13=00001554 x11:00000014 x20:00000111
27146123ns          474692 1c009402 03378533 mul              x10, x15, x19       x10=ffffe5cf x15:ffffffd3 x19:00000095
27146143ns          474693 1c009406 034a0633 mul              x12, x20, x20       x12=00012321 x20:00000111 x20:00000111
27146163ns          474694 1c00940a 03398733 mul              x14, x19, x19       x14=000056b9 x19:00000095 x19:00000095
27146223ns          474697 1c00940e 034787b3 mul              x15, x15, x20       x15=ffffd003 x15:ffffffd3 x20:00000111
27146262ns          474699 1c009412 033585b3 mul              x11, x11, x19       x11=00000ba4 x11:00000014 x19:00000095
27146282ns          474700 1c009416 40a75713 srai             x14, x14, 0x40a     x14=00000015 x14:000056b9
27146302ns          474701 1c009418 40a5d593 srai             x11, x11, 0x40a     x11=00000002 x11:00000ba4
27146322ns          474702 1c00941a 40a65613 srai             x12, x12, 0x40a     x12=00000048 x12:00012321
27146342ns          474703 1c00941c 40a7d793 srai             x15, x15, 0x40a     x15=fffffff4 x15:ffffd003
27146362ns          474704 1c00941e 1c0034b7 lui              x9, 0x1c003000       x9=1c003000
27146382ns          474705 1c009422 00e60633 add              x12, x12, x14       x12=0000005d x12:00000048 x14:00000015
27146402ns          474706 1c009424 40b787b3 sub              x15, x15, x11       x15=fffffff2 x15:fffffff4 x11:00000002
27146421ns          474707 1c009426 eb048493 addi             x9, x9, -336         x9=1c002eb0  x9:1c003000
27146441ns          474708 1c00942a 1c0032b7 lui              x5, 0x1c003000       x5=1c003000
27146461ns          474709 1c00942e 1c0035b7 lui              x11, 0x1c003000     x11=1c003000
27146481ns          474710 1c009432 018483b3 add              x7, x9, x24          x7=1c002ebe  x9:1c002eb0 x24:0000000e
27146501ns          474711 1c009436 02812e83 lw               x29, 40(x2)         x29=1c002ece  x2:10003cd8  PA:10003d00
27146521ns          474712 1c009438 10065633 p.exthz          x12, x12, x0        x12=0000005d x12:0000005d
27146541ns          474713 1c00943c e8028293 addi             x5, x5, -384         x5=1c002e80  x5:1c003000
27146561ns          474714 1c009440 ea058593 addi             x11, x11, -352      x11=1c002ea0 x11:1c003000
27146581ns          474715 1c009444 03812483 lw               x9, 56(x2)           x9=1c002eee  x2:10003cd8  PA:10003d10
27146600ns          474716 1c009446 10064733 p.exths          x14, x12, x0        x14=0000005d x12:0000005d
27146620ns          474717 1c00944a 018280b3 add              x1, x5, x24          x1=1c002e8e  x5:1c002e80 x24:0000000e
27146640ns          474718 1c00944e 03012f03 lw               x30, 48(x2)         x30=1c002ede  x2:10003cd8  PA:10003d08
27146680ns          474720 1c009450 018582b3 add              x5, x11, x24         x5=1c002eae x11:1c002ea0 x24:0000000e
27146700ns          474721 1c009454 04012583 lw               x11, 64(x2)         x11=1c002efe  x2:10003cd8  PA:10003d18
27146720ns          474722 1c009456 000edd83 lhu              x27, 0(x29)         x27=000015f0 x29:1c002ece  PA:1c002ece
27147058ns          474739 1c00945a 0004d483 lhu              x9, 0(x9)            x9=000003cb  x9:1c002eee  PA:1c002eee
27147356ns          474754 1c00945e 02e70333 mul              x6, x14, x14         x6=000021c9 x14:0000005d x14:0000005d
27147376ns          474755 1c009462 40a55513 srai             x10, x10, 0x40a     x10=fffffff9 x10:ffffe5cf
27147396ns          474756 1c009464 04812e83 lw               x29, 72(x2)         x29=1c002f0e  x2:10003cd8  PA:10003d20
27147416ns          474757 1c009466 40a6d693 srai             x13, x13, 0x40a     x13=00000005 x13:00001554
27147436ns          474758 1c009468 000f5d03 lhu              x26, 0(x30)         x26=00000779 x30:1c002ede  PA:1c002ede
27147734ns          474773 1c00946c 0005d583 lhu              x11, 0(x11)         x11=00000262 x11:1c002efe  PA:1c002efe
27148052ns          474789 1c009470 40a35313 srai             x6, x6, 0x40a        x6=00000008  x6:000021c9
27148072ns          474790 1c009474 00a686b3 add              x13, x13, x10       x13=fffffffe x13:00000005 x10:fffffff9
27148092ns          474791 1c009476 05012f03 lw               x30, 80(x2)         x30=1c002e7e  x2:10003cd8  PA:10003d28
27148112ns          474792 1c009478 10034e33 p.exths          x28, x6, x0         x28=00000008  x6:00000008
27148132ns          474793 1c00947c 06911023 sh               x9, 96(x2)           x9:000003cb  x2:10003cd8  PA:10003d38
27148152ns          474794 1c009480 000ede83 lhu              x29, 0(x29)         x29=000001a9 x29:1c002f0e  PA:1c002f0e
27148450ns          474809 1c009484 05812483 lw               x9, 88(x2)           x9=1c002e6e  x2:10003cd8  PA:10003d30
27148470ns          474810 1c009486 1006d6b3 p.exthz          x13, x13, x0        x13=0000fffe x13:fffffffe
27148490ns          474811 1c00948a 02ee08b3 mul              x17, x28, x14       x17=000002e8 x28:00000008 x14:0000005d
27148510ns          474812 1c00948e 1006c833 p.exths          x16, x13, x0        x16=fffffffe x13:0000fffe
27148530ns          474813 1c009492 06b11823 sh               x11, 112(x2)        x11:00000262  x2:10003cd8  PA:10003d48
27148549ns          474814 1c009496 000f5f03 lhu              x30, 0(x30)         x30=0000fef7 x30:1c002e7e  PA:1c002e7e
27148848ns          474829 1c00949a 0a012583 lw               x11, 160(x2)        x11=1c002e9e  x2:10003cd8  PA:10003d78
27148868ns          474830 1c00949c 1007d7b3 p.exthz          x15, x15, x0        x15=0000fff2 x15:fffffff2
27148888ns          474831 1c0094a0 0004da03 lhu              x20, 0(x9)          x20=0000face  x9:1c002e6e  PA:1c002e6e
27149305ns          474852 1c0094a4 1007c533 p.exths          x10, x15, x0        x10=fffffff2 x15:0000fff2
27149325ns          474853 1c0094a8 09d11023 sh               x29, 128(x2)        x29:000001a9  x2:10003cd8  PA:10003d58
27149345ns          474854 1c0094ac 0003d483 lhu              x9, 0(x7)            x9=0000ffb7  x7:1c002ebe  PA:1c002ebe
27149643ns          474869 1c0094b0 02e80eb3 mul              x29, x16, x14       x29=ffffff46 x16:fffffffe x14:0000005d
27149663ns          474870 1c0094b4 40a8d893 srai             x17, x17, 0x40a     x17=00000000 x17:000002e8
27149683ns          474871 1c0094b8 03c80833 mul              x16, x16, x28       x16=fffffff0 x16:fffffffe x28:00000008
27149703ns          474872 1c0094bc 09e11823 sh               x30, 144(x2)        x30:0000fef7  x2:10003cd8  PA:10003d68
27149723ns          474873 1c0094c0 0005d983 lhu              x19, 0(x11)         x19=0000ff86 x11:1c002e9e  PA:1c002e9e
27150081ns          474891 1c0094c4 81c88f5b p.muls           x30, x17, x28       x30=00000000 x17:00000000 x28:00000008
27150101ns          474892 1c0094c8 0002d583 lhu              x11, 0(x5)          x11=0000fedb  x5:1c002eae  PA:1c002eae
27150399ns          474907 1c0094cc 03ce0fb3 mul              x31, x28, x28       x31=00000040 x28:00000008 x28:00000008
27150419ns          474908 1c0094d0 02e50733 mul              x14, x10, x14       x14=fffffaea x10:fffffff2 x14:0000005d
27150439ns          474909 1c0094d4 40a85813 srai             x16, x16, 0x40a     x16=ffffffff x16:fffffff0
27150459ns          474910 1c0094d8 03c50533 mul              x10, x10, x28       x10=ffffff90 x10:fffffff2 x28:00000008
27150479ns          474911 1c0094dc 07015e03 lhu              x28, 112(x2)        x28=00000262  x2:10003cd8  PA:10003d48
27150518ns          474913 1c0094e0 01b60633 add              x12, x12, x27       x12=0000164d x12:0000005d x27:000015f0
27150538ns          474914 1c0094e2 00980833 add              x16, x16, x9        x16=0000ffb6 x16:ffffffff  x9:0000ffb7
27150558ns          474915 1c0094e4 06015d83 lhu              x27, 96(x2)         x27=000003cb  x2:10003cd8  PA:10003d38
27150598ns          474917 1c0094e8 02812483 lw               x9, 40(x2)           x9=1c002ece  x2:10003cd8  PA:10003d00
27150618ns          474918 1c0094ea 40afdf93 srai             x31, x31, 0x40a     x31=00000000 x31:00000040
27150638ns          474919 1c0094ee 40a55513 srai             x10, x10, 0x40a     x10=ffffffff x10:ffffff90
27150658ns          474920 1c0094f0 01cf8fb3 add              x31, x31, x28       x31=00000262 x31:00000000 x28:00000262
27150677ns          474921 1c0094f2 00b50533 add              x10, x10, x11       x10=0000feda x10:ffffffff x11:0000fedb
27150697ns          474922 1c0094f4 09015e03 lhu              x28, 144(x2)        x28=0000fef7  x2:10003cd8  PA:10003d68
27150717ns          474923 1c0094f8 03012583 lw               x11, 48(x2)         x11=1c002ede  x2:10003cd8  PA:10003d08
27150737ns          474924 1c0094fa 00c49023 sh               x12, 0(x9)          x12:0000164d  x9:1c002ece  PA:1c002ece
27151055ns          474940 1c0094fe 01b888b3 add              x17, x17, x27       x17=000003cb x17:00000000 x27:000003cb
27151075ns          474941 1c009500 01a30333 add              x6, x6, x26          x6=00000781  x6:00000008 x26:00000779
27151095ns          474942 1c009502 08015d83 lhu              x27, 128(x2)        x27=000001a9  x2:10003cd8  PA:10003d58
27151115ns          474943 1c009506 0000d903 lhu              x18, 0(x1)          x18=0000fdeb  x1:1c002e8e  PA:1c002e8e
27151413ns          474958 1c00950a 01c686b3 add              x13, x13, x28       x13=0001fef5 x13:0000fffe x28:0000fef7
27151433ns          474959 1c00950c 00659023 sh               x6, 0(x11)           x6:00000781 x11:1c002ede  PA:1c002ede
27151791ns          474977 1c009510 40af5f13 srai             x30, x30, 0x40a     x30=00000000 x30:00000000
27151811ns          474978 1c009514 04812e03 lw               x28, 72(x2)         x28=1c002f0e  x2:10003cd8  PA:10003d20
27151831ns          474979 1c009516 01bf0f33 add              x30, x30, x27       x30=000001a9 x30:00000000 x27:000001a9
27151851ns          474980 1c009518 40aede93 srai             x29, x29, 0x40a     x29=ffffffff x29:ffffff46
27151871ns          474981 1c00951c 40a75713 srai             x14, x14, 0x40a     x14=fffffffe x14:fffffaea
27151891ns          474982 1c00951e 03812603 lw               x12, 56(x2)         x12=1c002eee  x2:10003cd8  PA:10003d10
27151911ns          474983 1c009520 04012d83 lw               x27, 64(x2)         x27=1c002efe  x2:10003cd8  PA:10003d18
27151930ns          474984 1c009522 01ee1023 sh               x30, 0(x28)         x30:000001a9 x28:1c002f0e  PA:1c002f0e
27152288ns          475002 1c009526 05812483 lw               x9, 88(x2)           x9=1c002e6e  x2:10003cd8  PA:10003d30
27152308ns          475003 1c009528 05012f03 lw               x30, 80(x2)         x30=1c002e7e  x2:10003cd8  PA:10003d28
27152328ns          475004 1c00952a 0a012583 lw               x11, 160(x2)        x11=1c002e9e  x2:10003cd8  PA:10003d78
27152348ns          475005 1c00952c 014787b3 add              x15, x15, x20       x15=0001fac0 x15:0000fff2 x20:0000face
27152368ns          475006 1c00952e 013e8eb3 add              x29, x29, x19       x29=0000ff85 x29:ffffffff x19:0000ff86
27152388ns          475007 1c009530 01270733 add              x14, x14, x18       x14=0000fde9 x14:fffffffe x18:0000fdeb
27152408ns          475008 1c009532 00f49023 sh               x15, 0(x9)          x15:0001fac0  x9:1c002e6e  PA:1c002e6e
27152726ns          475024 1c009536 01161023 sh               x17, 0(x12)         x17:000003cb x12:1c002eee  PA:1c002eee
27153044ns          475040 1c00953a 01fd9023 sh               x31, 0(x27)         x31:00000262 x27:1c002efe  PA:1c002efe
27153362ns          475056 1c00953e 00df1023 sh               x13, 0(x30)         x13:0001fef5 x30:1c002e7e  PA:1c002e7e
27153681ns          475072 1c009542 01d59023 sh               x29, 0(x11)         x29:0000ff85 x11:1c002e9e  PA:1c002e9e
27154019ns          475089 1c009546 00e09023 sh               x14, 0(x1)          x14:0000fde9  x1:1c002e8e  PA:1c002e8e
27154337ns          475105 1c00954a 01039023 sh               x16, 0(x7)          x16:0000ffb6  x7:1c002ebe  PA:1c002ebe
27154655ns          475121 1c00954e 00a29023 sh               x10, 0(x5)          x10:0000feda  x5:1c002eae  PA:1c002eae
27154973ns          475137 1c009552 008b0b13 addi             x22, x22, 8         x22=0000012f x22:00000127
27154993ns          475138 1c009554 1f300793 addi             x15, x0, 499        x15=000001f3
27155013ns          475139 1c009558 e767dae3 bge              x15, x22, -396      x15:000001f3 x22:0000012f
27155073ns          475142 1c0093cc 010c9a0b p.lh             x20, 16(x25!)       x20=ffffff95 x25=1c0028f6 x25:1c0028e6  PA:1c0028e6
27155371ns          475157 1c0093d0 0104198b p.lh             x19, 16(x8!)        x19=fffffea4  x8=1c0020be  x8:1c0020ae  PA:1c0020ae
27155669ns          475172 1c0093d4 2cc10513 addi             x10, x2, 716        x10=10003fa4  x2:10003cd8
27155689ns          475173 1c0093d6 010a990b p.lh             x18, 16(x21!)       x18=ffffff7c x21=1c0018ea x21:1c0018da  PA:1c0018da
27155988ns          475188 1c0093da 010b948b p.lh             x9, 16(x23!)         x9=fffffeb1 x23=1c00111a x23:1c00110a  PA:1c00110a
27156286ns          475203 1c0093de 2d411623 sh               x20, 716(x2)        x20:ffffff95  x2:10003cd8  PA:10003fa4
27156306ns          475204 1c0093e2 2d311723 sh               x19, 718(x2)        x19:fffffea4  x2:10003cd8  PA:10003fa6
27156326ns          475205 1c0093e6 c33ff0ef jal              x1, -974             x1=1c0093e8
27156365ns          475207 1c009018 00051803 lh               x16, 0(x10)         x16=ffffff95 x10:10003fa4  PA:10003fa4
27156385ns          475208 1c00901c 00251883 lh               x17, 2(x10)         x17=fffffea4 x10:10003fa4  PA:10003fa6
27156405ns          475209 1c009020 030806b3 mul              x13, x16, x16       x13=00002cb9 x16:ffffff95 x16:ffffff95
27156425ns          475210 1c009024 03188633 mul              x12, x17, x17       x12=0001d910 x17:fffffea4 x17:fffffea4
27156445ns          475211 1c009028 40a65613 srai             x12, x12, 0x40a     x12=00000076 x12:0001d910
27156465ns          475212 1c00902a 40a6d693 srai             x13, x13, 0x40a     x13=0000000b x13:00002cb9
27156485ns          475213 1c00902c 00c686b3 add              x13, x13, x12       x13=00000081 x13:0000000b x12:00000076
27156505ns          475214 1c00902e 1006c633 p.exths          x12, x13, x0        x12=00000081 x13:00000081
27156525ns          475215 1c009032 00855703 lhu              x14, 8(x10)         x14=0000ffd1 x10:10003fa4  PA:10003fac
27156544ns          475216 1c009036 00a55683 lhu              x13, 10(x10)        x13=0000ff6a x10:10003fa4  PA:10003fae
27156564ns          475217 1c00903a 02c60333 mul              x6, x12, x12         x6=00004101 x12:00000081 x12:00000081
27156584ns          475218 1c00903e 00c55783 lhu              x15, 12(x10)        x15=0000ffe5 x10:10003fa4  PA:10003fb0
27156604ns          475219 1c009042 00e55583 lhu              x11, 14(x10)        x11=00000060 x10:10003fa4  PA:10003fb2
27156624ns          475220 1c009046 dea30333 p.extract        x6, x6, 15, 10       x6=00000010  x6:00004101
27156644ns          475221 1c00904a 80c7075b p.muls           x14, x14, x12       x14=ffffe851 x14:0000ffd1 x12:00000081
27156664ns          475222 1c00904e 80c686db p.muls           x13, x13, x12       x13=ffffb46a x13:0000ff6a x12:00000081
27156684ns          475223 1c009052 00455e83 lhu              x29, 4(x10)         x29=00000427 x10:10003fa4  PA:10003fa8
27156704ns          475224 1c009056 00655e03 lhu              x28, 6(x10)         x28=0000007f x10:10003fa4  PA:10003faa
27156723ns          475225 1c00905a 40a75713 srai             x14, x14, 0x40a     x14=fffffffa x14:ffffe851
27156743ns          475226 1c00905c 806787db p.muls           x15, x15, x6        x15=fffffe50 x15:0000ffe5  x6:00000010
27156763ns          475227 1c009060 40a6d693 srai             x13, x13, 0x40a     x13=ffffffed x13:ffffb46a
27156783ns          475228 1c009062 8065865b p.muls           x12, x11, x6        x12=00000600 x11:00000060  x6:00000010
27156803ns          475229 1c009066 40a7d793 srai             x15, x15, 0x40a     x15=ffffffff x15:fffffe50
27156823ns          475230 1c009068 40a65613 srai             x12, x12, 0x40a     x12=00000001 x12:00000600
27156843ns          475231 1c00906a 01d70733 add              x14, x14, x29       x14=00000421 x14:fffffffa x29:00000427
27156863ns          475232 1c00906c 01c686b3 add              x13, x13, x28       x13=0000006c x13:ffffffed x28:0000007f
27156883ns          475233 1c00906e 00c686b3 add              x13, x13, x12       x13=0000006d x13:0000006c x12:00000001
27156902ns          475234 1c009070 00f70733 add              x14, x14, x15       x14=00000420 x14:00000421 x15:ffffffff
27156922ns          475235 1c009072 100747b3 p.exths          x15, x14, x0        x15=00000420 x14:00000420
27156942ns          475236 1c009076 1006c733 p.exths          x14, x13, x0        x14=0000006d x13:0000006d
27156962ns          475237 1c00907a 03170633 mul              x12, x14, x17       x12=ffff6bd4 x14:0000006d x17:fffffea4
27156982ns          475238 1c00907e 030786b3 mul              x13, x15, x16       x13=fffe46a0 x15:00000420 x16:ffffff95
27157002ns          475239 1c009082 03070733 mul              x14, x14, x16       x14=ffffd271 x14:0000006d x16:ffffff95
27157022ns          475240 1c009086 031787b3 mul              x15, x15, x17       x15=fffa6480 x15:00000420 x17:fffffea4
27157042ns          475241 1c00908a 40a6d693 srai             x13, x13, 0x40a     x13=ffffff91 x13:fffe46a0
27157062ns          475242 1c00908c 40a65613 srai             x12, x12, 0x40a     x12=ffffffda x12:ffff6bd4
27157081ns          475243 1c00908e 40a7d793 srai             x15, x15, 0x40a     x15=fffffe99 x15:fffa6480
27157101ns          475244 1c009090 40a75713 srai             x14, x14, 0x40a     x14=fffffff4 x14:ffffd271
27157121ns          475245 1c009092 40c686b3 sub              x13, x13, x12       x13=ffffffb7 x13:ffffff91 x12:ffffffda
27157141ns          475246 1c009094 00e787b3 add              x15, x15, x14       x15=fffffe8d x15:fffffe99 x14:fffffff4
27157161ns          475247 1c009096 00d51823 sh               x13, 16(x10)        x13:ffffffb7 x10:10003fa4  PA:10003fb4
27157181ns          475248 1c00909a 00f51923 sh               x15, 18(x10)        x15:fffffe8d x10:10003fa4  PA:10003fb6
27157201ns          475249 1c00909e 00008067 jalr             x0, x1, 0            x1:1c0093e8
27157280ns          475253 1c0093e8 2dc15583 lhu              x11, 732(x2)        x11=0000ffb7  x2:10003cd8  PA:10003fb4
27157300ns          475254 1c0093ec 2de15783 lhu              x15, 734(x2)        x15=0000fe8d  x2:10003cd8  PA:10003fb6
27157320ns          475255 1c0093f0 40b90933 sub              x18, x18, x11       x18=fffeffc5 x18:ffffff7c x11:0000ffb7
27157340ns          475256 1c0093f4 40f484b3 sub              x9, x9, x15          x9=ffff0024  x9:fffffeb1 x15:0000fe8d
27157360ns          475257 1c0093f6 100945b3 p.exths          x11, x18, x0        x11=ffffffc5 x18:fffeffc5
27157380ns          475258 1c0093fa 1004c7b3 p.exths          x15, x9, x0         x15=00000024  x9:ffff0024
27157400ns          475259 1c0093fe 034586b3 mul              x13, x11, x20       x13=000018a9 x11:ffffffc5 x20:ffffff95
27157420ns          475260 1c009402 03378533 mul              x10, x15, x19       x10=ffffcf10 x15:00000024 x19:fffffea4
27157439ns          475261 1c009406 034a0633 mul              x12, x20, x20       x12=00002cb9 x20:ffffff95 x20:ffffff95
27157459ns          475262 1c00940a 03398733 mul              x14, x19, x19       x14=0001d910 x19:fffffea4 x19:fffffea4
27157519ns          475265 1c00940e 034787b3 mul              x15, x15, x20       x15=fffff0f4 x15:00000024 x20:ffffff95
27157559ns          475267 1c009412 033585b3 mul              x11, x11, x19       x11=00005034 x11:ffffffc5 x19:fffffea4
27157579ns          475268 1c009416 40a75713 srai             x14, x14, 0x40a     x14=00000076 x14:0001d910
27157598ns          475269 1c009418 40a5d593 srai             x11, x11, 0x40a     x11=00000014 x11:00005034
27157618ns          475270 1c00941a 40a65613 srai             x12, x12, 0x40a     x12=0000000b x12:00002cb9
27157638ns          475271 1c00941c 40a7d793 srai             x15, x15, 0x40a     x15=fffffffc x15:fffff0f4
27157658ns          475272 1c00941e 1c0034b7 lui              x9, 0x1c003000       x9=1c003000
27157678ns          475273 1c009422 00e60633 add              x12, x12, x14       x12=00000081 x12:0000000b x14:00000076
27157698ns          475274 1c009424 40b787b3 sub              x15, x15, x11       x15=ffffffe8 x15:fffffffc x11:00000014
27157718ns          475275 1c009426 eb048493 addi             x9, x9, -336         x9=1c002eb0  x9:1c003000
27157738ns          475276 1c00942a 1c0032b7 lui              x5, 0x1c003000       x5=1c003000
27157758ns          475277 1c00942e 1c0035b7 lui              x11, 0x1c003000     x11=1c003000
27157777ns          475278 1c009432 018483b3 add              x7, x9, x24          x7=1c002ebe  x9:1c002eb0 x24:0000000e
27157797ns          475279 1c009436 02812e83 lw               x29, 40(x2)         x29=1c002ece  x2:10003cd8  PA:10003d00
27157817ns          475280 1c009438 10065633 p.exthz          x12, x12, x0        x12=00000081 x12:00000081
27157837ns          475281 1c00943c e8028293 addi             x5, x5, -384         x5=1c002e80  x5:1c003000
27157877ns          475283 1c009440 ea058593 addi             x11, x11, -352      x11=1c002ea0 x11:1c003000
27157917ns          475285 1c009444 03812483 lw               x9, 56(x2)           x9=1c002eee  x2:10003cd8  PA:10003d10
27157937ns          475286 1c009446 10064733 p.exths          x14, x12, x0        x14=00000081 x12:00000081
27157956ns          475287 1c00944a 018280b3 add              x1, x5, x24          x1=1c002e8e  x5:1c002e80 x24:0000000e
27157976ns          475288 1c00944e 03012f03 lw               x30, 48(x2)         x30=1c002ede  x2:10003cd8  PA:10003d08
27158036ns          475291 1c009450 018582b3 add              x5, x11, x24         x5=1c002eae x11:1c002ea0 x24:0000000e
27158056ns          475292 1c009454 04012583 lw               x11, 64(x2)         x11=1c002efe  x2:10003cd8  PA:10003d18
27158076ns          475293 1c009456 000edd83 lhu              x27, 0(x29)         x27=0000164d x29:1c002ece  PA:1c002ece
27158374ns          475308 1c00945a 0004d483 lhu              x9, 0(x9)            x9=000003cb  x9:1c002eee  PA:1c002eee
27158672ns          475323 1c00945e 02e70333 mul              x6, x14, x14         x6=00004101 x14:00000081 x14:00000081
27158692ns          475324 1c009462 40a55513 srai             x10, x10, 0x40a     x10=fffffff3 x10:ffffcf10
27158712ns          475325 1c009464 04812e83 lw               x29, 72(x2)         x29=1c002f0e  x2:10003cd8  PA:10003d20
27158732ns          475326 1c009466 40a6d693 srai             x13, x13, 0x40a     x13=00000006 x13:000018a9
27158752ns          475327 1c009468 000f5d03 lhu              x26, 0(x30)         x26=00000781 x30:1c002ede  PA:1c002ede
27159110ns          475345 1c00946c 0005d583 lhu              x11, 0(x11)         x11=00000262 x11:1c002efe  PA:1c002efe
27159468ns          475363 1c009470 40a35313 srai             x6, x6, 0x40a        x6=00000010  x6:00004101
27159488ns          475364 1c009474 00a686b3 add              x13, x13, x10       x13=fffffff9 x13:00000006 x10:fffffff3
27159508ns          475365 1c009476 05012f03 lw               x30, 80(x2)         x30=1c002e7e  x2:10003cd8  PA:10003d28
27159528ns          475366 1c009478 10034e33 p.exths          x28, x6, x0         x28=00000010  x6:00000010
27159548ns          475367 1c00947c 06911023 sh               x9, 96(x2)           x9:000003cb  x2:10003cd8  PA:10003d38
27159587ns          475369 1c009480 000ede83 lhu              x29, 0(x29)         x29=000001a9 x29:1c002f0e  PA:1c002f0e
27159886ns          475384 1c009484 05812483 lw               x9, 88(x2)           x9=1c002e6e  x2:10003cd8  PA:10003d30
27159906ns          475385 1c009486 1006d6b3 p.exthz          x13, x13, x0        x13=0000fff9 x13:fffffff9
27159925ns          475386 1c00948a 02ee08b3 mul              x17, x28, x14       x17=00000810 x28:00000010 x14:00000081
27159945ns          475387 1c00948e 1006c833 p.exths          x16, x13, x0        x16=fffffff9 x13:0000fff9
27159965ns          475388 1c009492 06b11823 sh               x11, 112(x2)        x11:00000262  x2:10003cd8  PA:10003d48
27159985ns          475389 1c009496 000f5f03 lhu              x30, 0(x30)         x30=0000fef5 x30:1c002e7e  PA:1c002e7e
27160383ns          475409 1c00949a 0a012583 lw               x11, 160(x2)        x11=1c002e9e  x2:10003cd8  PA:10003d78
27160403ns          475410 1c00949c 1007d7b3 p.exthz          x15, x15, x0        x15=0000ffe8 x15:ffffffe8
27160423ns          475411 1c0094a0 0004da03 lhu              x20, 0(x9)          x20=0000fac0  x9:1c002e6e  PA:1c002e6e
27160761ns          475428 1c0094a4 1007c533 p.exths          x10, x15, x0        x10=ffffffe8 x15:0000ffe8
27160781ns          475429 1c0094a8 09d11023 sh               x29, 128(x2)        x29:000001a9  x2:10003cd8  PA:10003d58
27160820ns          475431 1c0094ac 0003d483 lhu              x9, 0(x7)            x9=0000ffb6  x7:1c002ebe  PA:1c002ebe
27161119ns          475446 1c0094b0 02e80eb3 mul              x29, x16, x14       x29=fffffc79 x16:fffffff9 x14:00000081
27161139ns          475447 1c0094b4 40a8d893 srai             x17, x17, 0x40a     x17=00000002 x17:00000810
27161158ns          475448 1c0094b8 03c80833 mul              x16, x16, x28       x16=ffffff90 x16:fffffff9 x28:00000010
27161178ns          475449 1c0094bc 09e11823 sh               x30, 144(x2)        x30:0000fef5  x2:10003cd8  PA:10003d68
27161198ns          475450 1c0094c0 0005d983 lhu              x19, 0(x11)         x19=0000ff85 x11:1c002e9e  PA:1c002e9e
27161497ns          475465 1c0094c4 81c88f5b p.muls           x30, x17, x28       x30=00000020 x17:00000002 x28:00000010
27161516ns          475466 1c0094c8 0002d583 lhu              x11, 0(x5)          x11=0000feda  x5:1c002eae  PA:1c002eae
27161835ns          475482 1c0094cc 03ce0fb3 mul              x31, x28, x28       x31=00000100 x28:00000010 x28:00000010
27161855ns          475483 1c0094d0 02e50733 mul              x14, x10, x14       x14=fffff3e8 x10:ffffffe8 x14:00000081
27161874ns          475484 1c0094d4 40a85813 srai             x16, x16, 0x40a     x16=ffffffff x16:ffffff90
27161894ns          475485 1c0094d8 03c50533 mul              x10, x10, x28       x10=fffffe80 x10:ffffffe8 x28:00000010
27161914ns          475486 1c0094dc 07015e03 lhu              x28, 112(x2)        x28=00000262  x2:10003cd8  PA:10003d48
27161934ns          475487 1c0094e0 01b60633 add              x12, x12, x27       x12=000016ce x12:00000081 x27:0000164d
27161954ns          475488 1c0094e2 00980833 add              x16, x16, x9        x16=0000ffb5 x16:ffffffff  x9:0000ffb6
27161974ns          475489 1c0094e4 06015d83 lhu              x27, 96(x2)         x27=000003cb  x2:10003cd8  PA:10003d38
27161994ns          475490 1c0094e8 02812483 lw               x9, 40(x2)           x9=1c002ece  x2:10003cd8  PA:10003d00
27162014ns          475491 1c0094ea 40afdf93 srai             x31, x31, 0x40a     x31=00000000 x31:00000100
27162034ns          475492 1c0094ee 40a55513 srai             x10, x10, 0x40a     x10=ffffffff x10:fffffe80
27162053ns          475493 1c0094f0 01cf8fb3 add              x31, x31, x28       x31=00000262 x31:00000000 x28:00000262
27162073ns          475494 1c0094f2 00b50533 add              x10, x10, x11       x10=0000fed9 x10:ffffffff x11:0000feda
27162093ns          475495 1c0094f4 09015e03 lhu              x28, 144(x2)        x28=0000fef5  x2:10003cd8  PA:10003d68
27162113ns          475496 1c0094f8 03012583 lw               x11, 48(x2)         x11=1c002ede  x2:10003cd8  PA:10003d08
27162133ns          475497 1c0094fa 00c49023 sh               x12, 0(x9)          x12:000016ce  x9:1c002ece  PA:1c002ece
27162451ns          475513 1c0094fe 01b888b3 add              x17, x17, x27       x17=000003cd x17:00000002 x27:000003cb
27162471ns          475514 1c009500 01a30333 add              x6, x6, x26          x6=00000791  x6:00000010 x26:00000781
27162491ns          475515 1c009502 08015d83 lhu              x27, 128(x2)        x27=000001a9  x2:10003cd8  PA:10003d58
27162531ns          475517 1c009506 0000d903 lhu              x18, 0(x1)          x18=0000fde9  x1:1c002e8e  PA:1c002e8e
27162849ns          475533 1c00950a 01c686b3 add              x13, x13, x28       x13=0001feee x13:0000fff9 x28:0000fef5
27162869ns          475534 1c00950c 00659023 sh               x6, 0(x11)           x6:00000791 x11:1c002ede  PA:1c002ede
27163187ns          475550 1c009510 40af5f13 srai             x30, x30, 0x40a     x30=00000000 x30:00000020
27163207ns          475551 1c009514 04812e03 lw               x28, 72(x2)         x28=1c002f0e  x2:10003cd8  PA:10003d20
27163227ns          475552 1c009516 01bf0f33 add              x30, x30, x27       x30=000001a9 x30:00000000 x27:000001a9
27163247ns          475553 1c009518 40aede93 srai             x29, x29, 0x40a     x29=ffffffff x29:fffffc79
27163267ns          475554 1c00951c 40a75713 srai             x14, x14, 0x40a     x14=fffffffc x14:fffff3e8
27163286ns          475555 1c00951e 03812603 lw               x12, 56(x2)         x12=1c002eee  x2:10003cd8  PA:10003d10
27163306ns          475556 1c009520 04012d83 lw               x27, 64(x2)         x27=1c002efe  x2:10003cd8  PA:10003d18
27163326ns          475557 1c009522 01ee1023 sh               x30, 0(x28)         x30:000001a9 x28:1c002f0e  PA:1c002f0e
27163644ns          475573 1c009526 05812483 lw               x9, 88(x2)           x9=1c002e6e  x2:10003cd8  PA:10003d30
27163664ns          475574 1c009528 05012f03 lw               x30, 80(x2)         x30=1c002e7e  x2:10003cd8  PA:10003d28
27163684ns          475575 1c00952a 0a012583 lw               x11, 160(x2)        x11=1c002e9e  x2:10003cd8  PA:10003d78
27163704ns          475576 1c00952c 014787b3 add              x15, x15, x20       x15=0001faa8 x15:0000ffe8 x20:0000fac0
27163724ns          475577 1c00952e 013e8eb3 add              x29, x29, x19       x29=0000ff84 x29:ffffffff x19:0000ff85
27163744ns          475578 1c009530 01270733 add              x14, x14, x18       x14=0000fde5 x14:fffffffc x18:0000fde9
27163764ns          475579 1c009532 00f49023 sh               x15, 0(x9)          x15:0001faa8  x9:1c002e6e  PA:1c002e6e
27164082ns          475595 1c009536 01161023 sh               x17, 0(x12)         x17:000003cd x12:1c002eee  PA:1c002eee
27164420ns          475612 1c00953a 01fd9023 sh               x31, 0(x27)         x31:00000262 x27:1c002efe  PA:1c002efe
27164738ns          475628 1c00953e 00df1023 sh               x13, 0(x30)         x13:0001feee x30:1c002e7e  PA:1c002e7e
27165056ns          475644 1c009542 01d59023 sh               x29, 0(x11)         x29:0000ff84 x11:1c002e9e  PA:1c002e9e
27165375ns          475660 1c009546 00e09023 sh               x14, 0(x1)          x14:0000fde5  x1:1c002e8e  PA:1c002e8e
27165733ns          475678 1c00954a 01039023 sh               x16, 0(x7)          x16:0000ffb5  x7:1c002ebe  PA:1c002ebe
27166051ns          475694 1c00954e 00a29023 sh               x10, 0(x5)          x10:0000fed9  x5:1c002eae  PA:1c002eae
27166369ns          475710 1c009552 008b0b13 addi             x22, x22, 8         x22=00000137 x22:0000012f
27166389ns          475711 1c009554 1f300793 addi             x15, x0, 499        x15=000001f3
27166409ns          475712 1c009558 e767dae3 bge              x15, x22, -396      x15:000001f3 x22:00000137
27166508ns          475717 1c0093cc 010c9a0b p.lh             x20, 16(x25!)       x20=00000056 x25=1c002906 x25:1c0028f6  PA:1c0028f6
27166827ns          475733 1c0093d0 0104198b p.lh             x19, 16(x8!)        x19=ffffff9c  x8=1c0020ce  x8:1c0020be  PA:1c0020be
27167125ns          475748 1c0093d4 2cc10513 addi             x10, x2, 716        x10=10003fa4  x2:10003cd8
27167145ns          475749 1c0093d6 010a990b p.lh             x18, 16(x21!)       x18=0000003d x21=1c0018fa x21:1c0018ea  PA:1c0018ea
27167463ns          475765 1c0093da 010b948b p.lh             x9, 16(x23!)         x9=ffffff9c x23=1c00112a x23:1c00111a  PA:1c00111a
27167781ns          475781 1c0093de 2d411623 sh               x20, 716(x2)        x20:00000056  x2:10003cd8  PA:10003fa4
27167801ns          475782 1c0093e2 2d311723 sh               x19, 718(x2)        x19:ffffff9c  x2:10003cd8  PA:10003fa6
27167821ns          475783 1c0093e6 c33ff0ef jal              x1, -974             x1=1c0093e8
27167861ns          475785 1c009018 00051803 lh               x16, 0(x10)         x16=00000056 x10:10003fa4  PA:10003fa4
27167900ns          475787 1c00901c 00251883 lh               x17, 2(x10)         x17=ffffff9c x10:10003fa4  PA:10003fa6
27167920ns          475788 1c009020 030806b3 mul              x13, x16, x16       x13=00001ce4 x16:00000056 x16:00000056
27167940ns          475789 1c009024 03188633 mul              x12, x17, x17       x12=00002710 x17:ffffff9c x17:ffffff9c
27167960ns          475790 1c009028 40a65613 srai             x12, x12, 0x40a     x12=00000009 x12:00002710
27167980ns          475791 1c00902a 40a6d693 srai             x13, x13, 0x40a     x13=00000007 x13:00001ce4
27168000ns          475792 1c00902c 00c686b3 add              x13, x13, x12       x13=00000010 x13:00000007 x12:00000009
27168020ns          475793 1c00902e 1006c633 p.exths          x12, x13, x0        x12=00000010 x13:00000010
27168040ns          475794 1c009032 00855703 lhu              x14, 8(x10)         x14=0000ffd1 x10:10003fa4  PA:10003fac
27168060ns          475795 1c009036 00a55683 lhu              x13, 10(x10)        x13=0000ff6a x10:10003fa4  PA:10003fae
27168079ns          475796 1c00903a 02c60333 mul              x6, x12, x12         x6=00000100 x12:00000010 x12:00000010
27168099ns          475797 1c00903e 00c55783 lhu              x15, 12(x10)        x15=0000ffe5 x10:10003fa4  PA:10003fb0
27168119ns          475798 1c009042 00e55583 lhu              x11, 14(x10)        x11=00000060 x10:10003fa4  PA:10003fb2
27168139ns          475799 1c009046 dea30333 p.extract        x6, x6, 15, 10       x6=00000000  x6:00000100
27168159ns          475800 1c00904a 80c7075b p.muls           x14, x14, x12       x14=fffffd10 x14:0000ffd1 x12:00000010
27168219ns          475803 1c00904e 80c686db p.muls           x13, x13, x12       x13=fffff6a0 x13:0000ff6a x12:00000010
27168258ns          475805 1c009052 00455e83 lhu              x29, 4(x10)         x29=00000427 x10:10003fa4  PA:10003fa8
27168278ns          475806 1c009056 00655e03 lhu              x28, 6(x10)         x28=0000007f x10:10003fa4  PA:10003faa
27168298ns          475807 1c00905a 40a75713 srai             x14, x14, 0x40a     x14=ffffffff x14:fffffd10
27168318ns          475808 1c00905c 806787db p.muls           x15, x15, x6        x15=00000000 x15:0000ffe5  x6:00000000
27168338ns          475809 1c009060 40a6d693 srai             x13, x13, 0x40a     x13=fffffffd x13:fffff6a0
27168358ns          475810 1c009062 8065865b p.muls           x12, x11, x6        x12=00000000 x11:00000060  x6:00000000
27168378ns          475811 1c009066 40a7d793 srai             x15, x15, 0x40a     x15=00000000 x15:00000000
27168398ns          475812 1c009068 40a65613 srai             x12, x12, 0x40a     x12=00000000 x12:00000000
27168418ns          475813 1c00906a 01d70733 add              x14, x14, x29       x14=00000426 x14:ffffffff x29:00000427
27168437ns          475814 1c00906c 01c686b3 add              x13, x13, x28       x13=0000007c x13:fffffffd x28:0000007f
27168457ns          475815 1c00906e 00c686b3 add              x13, x13, x12       x13=0000007c x13:0000007c x12:00000000
27168477ns          475816 1c009070 00f70733 add              x14, x14, x15       x14=00000426 x14:00000426 x15:00000000
27168497ns          475817 1c009072 100747b3 p.exths          x15, x14, x0        x15=00000426 x14:00000426
27168517ns          475818 1c009076 1006c733 p.exths          x14, x13, x0        x14=0000007c x13:0000007c
27168537ns          475819 1c00907a 03170633 mul              x12, x14, x17       x12=ffffcf90 x14:0000007c x17:ffffff9c
27168557ns          475820 1c00907e 030786b3 mul              x13, x15, x16       x13=000164c4 x15:00000426 x16:00000056
27168577ns          475821 1c009082 03070733 mul              x14, x14, x16       x14=000029a8 x14:0000007c x16:00000056
27168597ns          475822 1c009086 031787b3 mul              x15, x15, x17       x15=fffe6128 x15:00000426 x17:ffffff9c
27168616ns          475823 1c00908a 40a6d693 srai             x13, x13, 0x40a     x13=00000059 x13:000164c4
27168636ns          475824 1c00908c 40a65613 srai             x12, x12, 0x40a     x12=fffffff3 x12:ffffcf90
27168656ns          475825 1c00908e 40a7d793 srai             x15, x15, 0x40a     x15=ffffff98 x15:fffe6128
27168676ns          475826 1c009090 40a75713 srai             x14, x14, 0x40a     x14=0000000a x14:000029a8
27168696ns          475827 1c009092 40c686b3 sub              x13, x13, x12       x13=00000066 x13:00000059 x12:fffffff3
27168716ns          475828 1c009094 00e787b3 add              x15, x15, x14       x15=ffffffa2 x15:ffffff98 x14:0000000a
27168736ns          475829 1c009096 00d51823 sh               x13, 16(x10)        x13:00000066 x10:10003fa4  PA:10003fb4
27168756ns          475830 1c00909a 00f51923 sh               x15, 18(x10)        x15:ffffffa2 x10:10003fa4  PA:10003fb6
27168776ns          475831 1c00909e 00008067 jalr             x0, x1, 0            x1:1c0093e8
27168835ns          475834 1c0093e8 2dc15583 lhu              x11, 732(x2)        x11=00000066  x2:10003cd8  PA:10003fb4
27168855ns          475835 1c0093ec 2de15783 lhu              x15, 734(x2)        x15=0000ffa2  x2:10003cd8  PA:10003fb6
27168875ns          475836 1c0093f0 40b90933 sub              x18, x18, x11       x18=ffffffd7 x18:0000003d x11:00000066
27168895ns          475837 1c0093f4 40f484b3 sub              x9, x9, x15          x9=fffefffa  x9:ffffff9c x15:0000ffa2
27168915ns          475838 1c0093f6 100945b3 p.exths          x11, x18, x0        x11=ffffffd7 x18:ffffffd7
27168935ns          475839 1c0093fa 1004c7b3 p.exths          x15, x9, x0         x15=fffffffa  x9:fffefffa
27168955ns          475840 1c0093fe 034586b3 mul              x13, x11, x20       x13=fffff23a x11:ffffffd7 x20:00000056
27168974ns          475841 1c009402 03378533 mul              x10, x15, x19       x10=00000258 x15:fffffffa x19:ffffff9c
27168994ns          475842 1c009406 034a0633 mul              x12, x20, x20       x12=00001ce4 x20:00000056 x20:00000056
27169014ns          475843 1c00940a 03398733 mul              x14, x19, x19       x14=00002710 x19:ffffff9c x19:ffffff9c
27169034ns          475844 1c00940e 034787b3 mul              x15, x15, x20       x15=fffffdfc x15:fffffffa x20:00000056
27169054ns          475845 1c009412 033585b3 mul              x11, x11, x19       x11=00001004 x11:ffffffd7 x19:ffffff9c
27169074ns          475846 1c009416 40a75713 srai             x14, x14, 0x40a     x14=00000009 x14:00002710
27169094ns          475847 1c009418 40a5d593 srai             x11, x11, 0x40a     x11=00000004 x11:00001004
27169114ns          475848 1c00941a 40a65613 srai             x12, x12, 0x40a     x12=00000007 x12:00001ce4
27169134ns          475849 1c00941c 40a7d793 srai             x15, x15, 0x40a     x15=ffffffff x15:fffffdfc
27169153ns          475850 1c00941e 1c0034b7 lui              x9, 0x1c003000       x9=1c003000
27169173ns          475851 1c009422 00e60633 add              x12, x12, x14       x12=00000010 x12:00000007 x14:00000009
27169193ns          475852 1c009424 40b787b3 sub              x15, x15, x11       x15=fffffffb x15:ffffffff x11:00000004
27169213ns          475853 1c009426 eb048493 addi             x9, x9, -336         x9=1c002eb0  x9:1c003000
27169233ns          475854 1c00942a 1c0032b7 lui              x5, 0x1c003000       x5=1c003000
27169253ns          475855 1c00942e 1c0035b7 lui              x11, 0x1c003000     x11=1c003000
27169273ns          475856 1c009432 018483b3 add              x7, x9, x24          x7=1c002ebe  x9:1c002eb0 x24:0000000e
27169293ns          475857 1c009436 02812e83 lw               x29, 40(x2)         x29=1c002ece  x2:10003cd8  PA:10003d00
27169313ns          475858 1c009438 10065633 p.exthz          x12, x12, x0        x12=00000010 x12:00000010
27169332ns          475859 1c00943c e8028293 addi             x5, x5, -384         x5=1c002e80  x5:1c003000
27169352ns          475860 1c009440 ea058593 addi             x11, x11, -352      x11=1c002ea0 x11:1c003000
27169372ns          475861 1c009444 03812483 lw               x9, 56(x2)           x9=1c002eee  x2:10003cd8  PA:10003d10
27169392ns          475862 1c009446 10064733 p.exths          x14, x12, x0        x14=00000010 x12:00000010
27169412ns          475863 1c00944a 018280b3 add              x1, x5, x24          x1=1c002e8e  x5:1c002e80 x24:0000000e
27169432ns          475864 1c00944e 03012f03 lw               x30, 48(x2)         x30=1c002ede  x2:10003cd8  PA:10003d08
27169452ns          475865 1c009450 018582b3 add              x5, x11, x24         x5=1c002eae x11:1c002ea0 x24:0000000e
27169472ns          475866 1c009454 04012583 lw               x11, 64(x2)         x11=1c002efe  x2:10003cd8  PA:10003d18
27169492ns          475867 1c009456 000edd83 lhu              x27, 0(x29)         x27=000016ce x29:1c002ece  PA:1c002ece
27169790ns          475882 1c00945a 0004d483 lhu              x9, 0(x9)            x9=000003cd  x9:1c002eee  PA:1c002eee
27170148ns          475900 1c00945e 02e70333 mul              x6, x14, x14         x6=00000100 x14:00000010 x14:00000010
27170168ns          475901 1c009462 40a55513 srai             x10, x10, 0x40a     x10=00000000 x10:00000258
27170188ns          475902 1c009464 04812e83 lw               x29, 72(x2)         x29=1c002f0e  x2:10003cd8  PA:10003d20
27170207ns          475903 1c009466 40a6d693 srai             x13, x13, 0x40a     x13=fffffffc x13:fffff23a
27170227ns          475904 1c009468 000f5d03 lhu              x26, 0(x30)         x26=00000791 x30:1c002ede  PA:1c002ede
27170565ns          475921 1c00946c 0005d583 lhu              x11, 0(x11)         x11=00000262 x11:1c002efe  PA:1c002efe
27170884ns          475937 1c009470 40a35313 srai             x6, x6, 0x40a        x6=00000000  x6:00000100
27170904ns          475938 1c009474 00a686b3 add              x13, x13, x10       x13=fffffffc x13:fffffffc x10:00000000
27170923ns          475939 1c009476 05012f03 lw               x30, 80(x2)         x30=1c002e7e  x2:10003cd8  PA:10003d28
27170943ns          475940 1c009478 10034e33 p.exths          x28, x6, x0         x28=00000000  x6:00000000
27170963ns          475941 1c00947c 06911023 sh               x9, 96(x2)           x9:000003cd  x2:10003cd8  PA:10003d38
27170983ns          475942 1c009480 000ede83 lhu              x29, 0(x29)         x29=000001a9 x29:1c002f0e  PA:1c002f0e
27171321ns          475959 1c009484 05812483 lw               x9, 88(x2)           x9=1c002e6e  x2:10003cd8  PA:10003d30
27171341ns          475960 1c009486 1006d6b3 p.exthz          x13, x13, x0        x13=0000fffc x13:fffffffc
27171361ns          475961 1c00948a 02ee08b3 mul              x17, x28, x14       x17=00000000 x28:00000000 x14:00000010
27171381ns          475962 1c00948e 1006c833 p.exths          x16, x13, x0        x16=fffffffc x13:0000fffc
27171401ns          475963 1c009492 06b11823 sh               x11, 112(x2)        x11:00000262  x2:10003cd8  PA:10003d48
27171421ns          475964 1c009496 000f5f03 lhu              x30, 0(x30)         x30=0000feee x30:1c002e7e  PA:1c002e7e
27171739ns          475980 1c00949a 0a012583 lw               x11, 160(x2)        x11=1c002e9e  x2:10003cd8  PA:10003d78
27171759ns          475981 1c00949c 1007d7b3 p.exthz          x15, x15, x0        x15=0000fffb x15:fffffffb
27171779ns          475982 1c0094a0 0004da03 lhu              x20, 0(x9)          x20=0000faa8  x9:1c002e6e  PA:1c002e6e
27172097ns          475998 1c0094a4 1007c533 p.exths          x10, x15, x0        x10=fffffffb x15:0000fffb
27172117ns          475999 1c0094a8 09d11023 sh               x29, 128(x2)        x29:000001a9  x2:10003cd8  PA:10003d58
27172137ns          476000 1c0094ac 0003d483 lhu              x9, 0(x7)            x9=0000ffb5  x7:1c002ebe  PA:1c002ebe
27172435ns          476015 1c0094b0 02e80eb3 mul              x29, x16, x14       x29=ffffffc0 x16:fffffffc x14:00000010
27172455ns          476016 1c0094b4 40a8d893 srai             x17, x17, 0x40a     x17=00000000 x17:00000000
27172475ns          476017 1c0094b8 03c80833 mul              x16, x16, x28       x16=00000000 x16:fffffffc x28:00000000
27172495ns          476018 1c0094bc 09e11823 sh               x30, 144(x2)        x30:0000feee  x2:10003cd8  PA:10003d68
27172514ns          476019 1c0094c0 0005d983 lhu              x19, 0(x11)         x19=0000ff84 x11:1c002e9e  PA:1c002e9e
27172813ns          476034 1c0094c4 81c88f5b p.muls           x30, x17, x28       x30=00000000 x17:00000000 x28:00000000
27172833ns          476035 1c0094c8 0002d583 lhu              x11, 0(x5)          x11=0000fed9  x5:1c002eae  PA:1c002eae
27173151ns          476051 1c0094cc 03ce0fb3 mul              x31, x28, x28       x31=00000000 x28:00000000 x28:00000000
27173171ns          476052 1c0094d0 02e50733 mul              x14, x10, x14       x14=ffffffb0 x10:fffffffb x14:00000010
27173191ns          476053 1c0094d4 40a85813 srai             x16, x16, 0x40a     x16=00000000 x16:00000000
27173211ns          476054 1c0094d8 03c50533 mul              x10, x10, x28       x10=00000000 x10:fffffffb x28:00000000
27173230ns          476055 1c0094dc 07015e03 lhu              x28, 112(x2)        x28=00000262  x2:10003cd8  PA:10003d48
27173250ns          476056 1c0094e0 01b60633 add              x12, x12, x27       x12=000016de x12:00000010 x27:000016ce
27173270ns          476057 1c0094e2 00980833 add              x16, x16, x9        x16=0000ffb5 x16:00000000  x9:0000ffb5
27173290ns          476058 1c0094e4 06015d83 lhu              x27, 96(x2)         x27=000003cd  x2:10003cd8  PA:10003d38
27173310ns          476059 1c0094e8 02812483 lw               x9, 40(x2)           x9=1c002ece  x2:10003cd8  PA:10003d00
27173330ns          476060 1c0094ea 40afdf93 srai             x31, x31, 0x40a     x31=00000000 x31:00000000
27173350ns          476061 1c0094ee 40a55513 srai             x10, x10, 0x40a     x10=00000000 x10:00000000
27173370ns          476062 1c0094f0 01cf8fb3 add              x31, x31, x28       x31=00000262 x31:00000000 x28:00000262
27173390ns          476063 1c0094f2 00b50533 add              x10, x10, x11       x10=0000fed9 x10:00000000 x11:0000fed9
27173409ns          476064 1c0094f4 09015e03 lhu              x28, 144(x2)        x28=0000feee  x2:10003cd8  PA:10003d68
27173429ns          476065 1c0094f8 03012583 lw               x11, 48(x2)         x11=1c002ede  x2:10003cd8  PA:10003d08
27173449ns          476066 1c0094fa 00c49023 sh               x12, 0(x9)          x12:000016de  x9:1c002ece  PA:1c002ece
27173767ns          476082 1c0094fe 01b888b3 add              x17, x17, x27       x17=000003cd x17:00000000 x27:000003cd
27173787ns          476083 1c009500 01a30333 add              x6, x6, x26          x6=00000791  x6:00000000 x26:00000791
27173807ns          476084 1c009502 08015d83 lhu              x27, 128(x2)        x27=000001a9  x2:10003cd8  PA:10003d58
27173827ns          476085 1c009506 0000d903 lhu              x18, 0(x1)          x18=0000fde5  x1:1c002e8e  PA:1c002e8e
27174125ns          476100 1c00950a 01c686b3 add              x13, x13, x28       x13=0001feea x13:0000fffc x28:0000feee
27174145ns          476101 1c00950c 00659023 sh               x6, 0(x11)           x6:00000791 x11:1c002ede  PA:1c002ede
27174464ns          476117 1c009510 40af5f13 srai             x30, x30, 0x40a     x30=00000000 x30:00000000
27174483ns          476118 1c009514 04812e03 lw               x28, 72(x2)         x28=1c002f0e  x2:10003cd8  PA:10003d20
27174503ns          476119 1c009516 01bf0f33 add              x30, x30, x27       x30=000001a9 x30:00000000 x27:000001a9
27174523ns          476120 1c009518 40aede93 srai             x29, x29, 0x40a     x29=ffffffff x29:ffffffc0
27174543ns          476121 1c00951c 40a75713 srai             x14, x14, 0x40a     x14=ffffffff x14:ffffffb0
27174563ns          476122 1c00951e 03812603 lw               x12, 56(x2)         x12=1c002eee  x2:10003cd8  PA:10003d10
27174583ns          476123 1c009520 04012d83 lw               x27, 64(x2)         x27=1c002efe  x2:10003cd8  PA:10003d18
27174603ns          476124 1c009522 01ee1023 sh               x30, 0(x28)         x30:000001a9 x28:1c002f0e  PA:1c002f0e
27174941ns          476141 1c009526 05812483 lw               x9, 88(x2)           x9=1c002e6e  x2:10003cd8  PA:10003d30
27174961ns          476142 1c009528 05012f03 lw               x30, 80(x2)         x30=1c002e7e  x2:10003cd8  PA:10003d28
27174981ns          476143 1c00952a 0a012583 lw               x11, 160(x2)        x11=1c002e9e  x2:10003cd8  PA:10003d78
27175000ns          476144 1c00952c 014787b3 add              x15, x15, x20       x15=0001faa3 x15:0000fffb x20:0000faa8
27175020ns          476145 1c00952e 013e8eb3 add              x29, x29, x19       x29=0000ff83 x29:ffffffff x19:0000ff84
27175040ns          476146 1c009530 01270733 add              x14, x14, x18       x14=0000fde4 x14:ffffffff x18:0000fde5
27175060ns          476147 1c009532 00f49023 sh               x15, 0(x9)          x15:0001faa3  x9:1c002e6e  PA:1c002e6e
27175398ns          476164 1c009536 01161023 sh               x17, 0(x12)         x17:000003cd x12:1c002eee  PA:1c002eee
27175716ns          476180 1c00953a 01fd9023 sh               x31, 0(x27)         x31:00000262 x27:1c002efe  PA:1c002efe
27176035ns          476196 1c00953e 00df1023 sh               x13, 0(x30)         x13:0001feea x30:1c002e7e  PA:1c002e7e
27176353ns          476212 1c009542 01d59023 sh               x29, 0(x11)         x29:0000ff83 x11:1c002e9e  PA:1c002e9e
27176671ns          476228 1c009546 00e09023 sh               x14, 0(x1)          x14:0000fde4  x1:1c002e8e  PA:1c002e8e
27177069ns          476248 1c00954a 01039023 sh               x16, 0(x7)          x16:0000ffb5  x7:1c002ebe  PA:1c002ebe
27177387ns          476264 1c00954e 00a29023 sh               x10, 0(x5)          x10:0000fed9  x5:1c002eae  PA:1c002eae
27177725ns          476281 1c009552 008b0b13 addi             x22, x22, 8         x22=0000013f x22:00000137
27177745ns          476282 1c009554 1f300793 addi             x15, x0, 499        x15=000001f3
27177765ns          476283 1c009558 e767dae3 bge              x15, x22, -396      x15:000001f3 x22:0000013f
27177864ns          476288 1c0093cc 010c9a0b p.lh             x20, 16(x25!)       x20=fffffe9c x25=1c002916 x25:1c002906  PA:1c002906
27178183ns          476304 1c0093d0 0104198b p.lh             x19, 16(x8!)        x19=fffffe9e  x8=1c0020de  x8:1c0020ce  PA:1c0020ce
27178481ns          476319 1c0093d4 2cc10513 addi             x10, x2, 716        x10=10003fa4  x2:10003cd8
27178501ns          476320 1c0093d6 010a990b p.lh             x18, 16(x21!)       x18=fffffe6f x21=1c00190a x21:1c0018fa  PA:1c0018fa
27178799ns          476335 1c0093da 010b948b p.lh             x9, 16(x23!)         x9=fffffec2 x23=1c00113a x23:1c00112a  PA:1c00112a
27179097ns          476350 1c0093de 2d411623 sh               x20, 716(x2)        x20:fffffe9c  x2:10003cd8  PA:10003fa4
27179117ns          476351 1c0093e2 2d311723 sh               x19, 718(x2)        x19:fffffe9e  x2:10003cd8  PA:10003fa6
27179137ns          476352 1c0093e6 c33ff0ef jal              x1, -974             x1=1c0093e8
27179217ns          476356 1c009018 00051803 lh               x16, 0(x10)         x16=fffffe9c x10:10003fa4  PA:10003fa4
27179257ns          476358 1c00901c 00251883 lh               x17, 2(x10)         x17=fffffe9e x10:10003fa4  PA:10003fa6
27179276ns          476359 1c009020 030806b3 mul              x13, x16, x16       x13=0001ef10 x16:fffffe9c x16:fffffe9c
27179296ns          476360 1c009024 03188633 mul              x12, x17, x17       x12=0001e984 x17:fffffe9e x17:fffffe9e
27179316ns          476361 1c009028 40a65613 srai             x12, x12, 0x40a     x12=0000007a x12:0001e984
27179336ns          476362 1c00902a 40a6d693 srai             x13, x13, 0x40a     x13=0000007b x13:0001ef10
27179356ns          476363 1c00902c 00c686b3 add              x13, x13, x12       x13=000000f5 x13:0000007b x12:0000007a
27179376ns          476364 1c00902e 1006c633 p.exths          x12, x13, x0        x12=000000f5 x13:000000f5
27179396ns          476365 1c009032 00855703 lhu              x14, 8(x10)         x14=0000ffd1 x10:10003fa4  PA:10003fac
27179416ns          476366 1c009036 00a55683 lhu              x13, 10(x10)        x13=0000ff6a x10:10003fa4  PA:10003fae
27179436ns          476367 1c00903a 02c60333 mul              x6, x12, x12         x6=0000ea79 x12:000000f5 x12:000000f5
27179455ns          476368 1c00903e 00c55783 lhu              x15, 12(x10)        x15=0000ffe5 x10:10003fa4  PA:10003fb0
27179475ns          476369 1c009042 00e55583 lhu              x11, 14(x10)        x11=00000060 x10:10003fa4  PA:10003fb2
27179495ns          476370 1c009046 dea30333 p.extract        x6, x6, 15, 10       x6=0000003a  x6:0000ea79
27179515ns          476371 1c00904a 80c7075b p.muls           x14, x14, x12       x14=ffffd305 x14:0000ffd1 x12:000000f5
27179535ns          476372 1c00904e 80c686db p.muls           x13, x13, x12       x13=ffff7072 x13:0000ff6a x12:000000f5
27179555ns          476373 1c009052 00455e83 lhu              x29, 4(x10)         x29=00000427 x10:10003fa4  PA:10003fa8
27179575ns          476374 1c009056 00655e03 lhu              x28, 6(x10)         x28=0000007f x10:10003fa4  PA:10003faa
27179595ns          476375 1c00905a 40a75713 srai             x14, x14, 0x40a     x14=fffffff4 x14:ffffd305
27179615ns          476376 1c00905c 806787db p.muls           x15, x15, x6        x15=fffff9e2 x15:0000ffe5  x6:0000003a
27179634ns          476377 1c009060 40a6d693 srai             x13, x13, 0x40a     x13=ffffffdc x13:ffff7072
27179674ns          476379 1c009062 8065865b p.muls           x12, x11, x6        x12=000015c0 x11:00000060  x6:0000003a
27179694ns          476380 1c009066 40a7d793 srai             x15, x15, 0x40a     x15=fffffffe x15:fffff9e2
27179714ns          476381 1c009068 40a65613 srai             x12, x12, 0x40a     x12=00000005 x12:000015c0
27179734ns          476382 1c00906a 01d70733 add              x14, x14, x29       x14=0000041b x14:fffffff4 x29:00000427
27179754ns          476383 1c00906c 01c686b3 add              x13, x13, x28       x13=0000005b x13:ffffffdc x28:0000007f
27179774ns          476384 1c00906e 00c686b3 add              x13, x13, x12       x13=00000060 x13:0000005b x12:00000005
27179794ns          476385 1c009070 00f70733 add              x14, x14, x15       x14=00000419 x14:0000041b x15:fffffffe
27179813ns          476386 1c009072 100747b3 p.exths          x15, x14, x0        x15=00000419 x14:00000419
27179833ns          476387 1c009076 1006c733 p.exths          x14, x13, x0        x14=00000060 x13:00000060
27179853ns          476388 1c00907a 03170633 mul              x12, x14, x17       x12=ffff7b40 x14:00000060 x17:fffffe9e
27179873ns          476389 1c00907e 030786b3 mul              x13, x15, x16       x13=fffa4d3c x15:00000419 x16:fffffe9c
27179893ns          476390 1c009082 03070733 mul              x14, x14, x16       x14=ffff7a80 x14:00000060 x16:fffffe9c
27179913ns          476391 1c009086 031787b3 mul              x15, x15, x17       x15=fffa556e x15:00000419 x17:fffffe9e
27179933ns          476392 1c00908a 40a6d693 srai             x13, x13, 0x40a     x13=fffffe93 x13:fffa4d3c
27179953ns          476393 1c00908c 40a65613 srai             x12, x12, 0x40a     x12=ffffffde x12:ffff7b40
27179972ns          476394 1c00908e 40a7d793 srai             x15, x15, 0x40a     x15=fffffe95 x15:fffa556e
27179992ns          476395 1c009090 40a75713 srai             x14, x14, 0x40a     x14=ffffffde x14:ffff7a80
27180012ns          476396 1c009092 40c686b3 sub              x13, x13, x12       x13=fffffeb5 x13:fffffe93 x12:ffffffde
27180032ns          476397 1c009094 00e787b3 add              x15, x15, x14       x15=fffffe73 x15:fffffe95 x14:ffffffde
27180052ns          476398 1c009096 00d51823 sh               x13, 16(x10)        x13:fffffeb5 x10:10003fa4  PA:10003fb4
27180072ns          476399 1c00909a 00f51923 sh               x15, 18(x10)        x15:fffffe73 x10:10003fa4  PA:10003fb6
27180092ns          476400 1c00909e 00008067 jalr             x0, x1, 0            x1:1c0093e8
27180132ns          476402 1c0093e8 2dc15583 lhu              x11, 732(x2)        x11=0000feb5  x2:10003cd8  PA:10003fb4
27180151ns          476403 1c0093ec 2de15783 lhu              x15, 734(x2)        x15=0000fe73  x2:10003cd8  PA:10003fb6
27180191ns          476405 1c0093f0 40b90933 sub              x18, x18, x11       x18=fffeffba x18:fffffe6f x11:0000feb5
27180211ns          476406 1c0093f4 40f484b3 sub              x9, x9, x15          x9=ffff004f  x9:fffffec2 x15:0000fe73
27180231ns          476407 1c0093f6 100945b3 p.exths          x11, x18, x0        x11=ffffffba x18:fffeffba
27180251ns          476408 1c0093fa 1004c7b3 p.exths          x15, x9, x0         x15=0000004f  x9:ffff004f
27180271ns          476409 1c0093fe 034586b3 mul              x13, x11, x20       x13=00006158 x11:ffffffba x20:fffffe9c
27180291ns          476410 1c009402 03378533 mul              x10, x15, x19       x10=ffff92c2 x15:0000004f x19:fffffe9e
27180311ns          476411 1c009406 034a0633 mul              x12, x20, x20       x12=0001ef10 x20:fffffe9c x20:fffffe9c
27180330ns          476412 1c00940a 03398733 mul              x14, x19, x19       x14=0001e984 x19:fffffe9e x19:fffffe9e
27180350ns          476413 1c00940e 034787b3 mul              x15, x15, x20       x15=ffff9224 x15:0000004f x20:fffffe9c
27180370ns          476414 1c009412 033585b3 mul              x11, x11, x19       x11=000060cc x11:ffffffba x19:fffffe9e
27180390ns          476415 1c009416 40a75713 srai             x14, x14, 0x40a     x14=0000007a x14:0001e984
27180410ns          476416 1c009418 40a5d593 srai             x11, x11, 0x40a     x11=00000018 x11:000060cc
27180430ns          476417 1c00941a 40a65613 srai             x12, x12, 0x40a     x12=0000007b x12:0001ef10
27180450ns          476418 1c00941c 40a7d793 srai             x15, x15, 0x40a     x15=ffffffe4 x15:ffff9224
27180470ns          476419 1c00941e 1c0034b7 lui              x9, 0x1c003000       x9=1c003000
27180490ns          476420 1c009422 00e60633 add              x12, x12, x14       x12=000000f5 x12:0000007b x14:0000007a
27180509ns          476421 1c009424 40b787b3 sub              x15, x15, x11       x15=ffffffcc x15:ffffffe4 x11:00000018
27180529ns          476422 1c009426 eb048493 addi             x9, x9, -336         x9=1c002eb0  x9:1c003000
27180549ns          476423 1c00942a 1c0032b7 lui              x5, 0x1c003000       x5=1c003000
27180569ns          476424 1c00942e 1c0035b7 lui              x11, 0x1c003000     x11=1c003000
27180589ns          476425 1c009432 018483b3 add              x7, x9, x24          x7=1c002ebe  x9:1c002eb0 x24:0000000e
27180609ns          476426 1c009436 02812e83 lw               x29, 40(x2)         x29=1c002ece  x2:10003cd8  PA:10003d00
27180629ns          476427 1c009438 10065633 p.exthz          x12, x12, x0        x12=000000f5 x12:000000f5
27180649ns          476428 1c00943c e8028293 addi             x5, x5, -384         x5=1c002e80  x5:1c003000
27180669ns          476429 1c009440 ea058593 addi             x11, x11, -352      x11=1c002ea0 x11:1c003000
27180688ns          476430 1c009444 03812483 lw               x9, 56(x2)           x9=1c002eee  x2:10003cd8  PA:10003d10
27180708ns          476431 1c009446 10064733 p.exths          x14, x12, x0        x14=000000f5 x12:000000f5
27180728ns          476432 1c00944a 018280b3 add              x1, x5, x24          x1=1c002e8e  x5:1c002e80 x24:0000000e
27180748ns          476433 1c00944e 03012f03 lw               x30, 48(x2)         x30=1c002ede  x2:10003cd8  PA:10003d08
27180768ns          476434 1c009450 018582b3 add              x5, x11, x24         x5=1c002eae x11:1c002ea0 x24:0000000e
27180788ns          476435 1c009454 04012583 lw               x11, 64(x2)         x11=1c002efe  x2:10003cd8  PA:10003d18
27180808ns          476436 1c009456 000edd83 lhu              x27, 0(x29)         x27=000016de x29:1c002ece  PA:1c002ece
27181106ns          476451 1c00945a 0004d483 lhu              x9, 0(x9)            x9=000003cd  x9:1c002eee  PA:1c002eee
27181544ns          476473 1c00945e 02e70333 mul              x6, x14, x14         x6=0000ea79 x14:000000f5 x14:000000f5
27181564ns          476474 1c009462 40a55513 srai             x10, x10, 0x40a     x10=ffffffe4 x10:ffff92c2
27181583ns          476475 1c009464 04812e83 lw               x29, 72(x2)         x29=1c002f0e  x2:10003cd8  PA:10003d20
27181603ns          476476 1c009466 40a6d693 srai             x13, x13, 0x40a     x13=00000018 x13:00006158
27181623ns          476477 1c009468 000f5d03 lhu              x26, 0(x30)         x26=00000791 x30:1c002ede  PA:1c002ede
27181922ns          476492 1c00946c 0005d583 lhu              x11, 0(x11)         x11=00000262 x11:1c002efe  PA:1c002efe
27182220ns          476507 1c009470 40a35313 srai             x6, x6, 0x40a        x6=0000003a  x6:0000ea79
27182240ns          476508 1c009474 00a686b3 add              x13, x13, x10       x13=fffffffc x13:00000018 x10:ffffffe4
27182260ns          476509 1c009476 05012f03 lw               x30, 80(x2)         x30=1c002e7e  x2:10003cd8  PA:10003d28
27182299ns          476511 1c009478 10034e33 p.exths          x28, x6, x0         x28=0000003a  x6:0000003a
27182319ns          476512 1c00947c 06911023 sh               x9, 96(x2)           x9:000003cd  x2:10003cd8  PA:10003d38
27182339ns          476513 1c009480 000ede83 lhu              x29, 0(x29)         x29=000001a9 x29:1c002f0e  PA:1c002f0e
27182777ns          476535 1c009484 05812483 lw               x9, 88(x2)           x9=1c002e6e  x2:10003cd8  PA:10003d30
27182797ns          476536 1c009486 1006d6b3 p.exthz          x13, x13, x0        x13=0000fffc x13:fffffffc
27182816ns          476537 1c00948a 02ee08b3 mul              x17, x28, x14       x17=00003782 x28:0000003a x14:000000f5
27182836ns          476538 1c00948e 1006c833 p.exths          x16, x13, x0        x16=fffffffc x13:0000fffc
27182856ns          476539 1c009492 06b11823 sh               x11, 112(x2)        x11:00000262  x2:10003cd8  PA:10003d48
27182876ns          476540 1c009496 000f5f03 lhu              x30, 0(x30)         x30=0000feea x30:1c002e7e  PA:1c002e7e
27183194ns          476556 1c00949a 0a012583 lw               x11, 160(x2)        x11=1c002e9e  x2:10003cd8  PA:10003d78
27183214ns          476557 1c00949c 1007d7b3 p.exthz          x15, x15, x0        x15=0000ffcc x15:ffffffcc
27183234ns          476558 1c0094a0 0004da03 lhu              x20, 0(x9)          x20=0000faa3  x9:1c002e6e  PA:1c002e6e
27183592ns          476576 1c0094a4 1007c533 p.exths          x10, x15, x0        x10=ffffffcc x15:0000ffcc
27183612ns          476577 1c0094a8 09d11023 sh               x29, 128(x2)        x29:000001a9  x2:10003cd8  PA:10003d58
27183632ns          476578 1c0094ac 0003d483 lhu              x9, 0(x7)            x9=0000ffb5  x7:1c002ebe  PA:1c002ebe
27183930ns          476593 1c0094b0 02e80eb3 mul              x29, x16, x14       x29=fffffc2c x16:fffffffc x14:000000f5
27183950ns          476594 1c0094b4 40a8d893 srai             x17, x17, 0x40a     x17=0000000d x17:00003782
27183970ns          476595 1c0094b8 03c80833 mul              x16, x16, x28       x16=ffffff18 x16:fffffffc x28:0000003a
27183990ns          476596 1c0094bc 09e11823 sh               x30, 144(x2)        x30:0000feea  x2:10003cd8  PA:10003d68
27184030ns          476598 1c0094c0 0005d983 lhu              x19, 0(x11)         x19=0000ff83 x11:1c002e9e  PA:1c002e9e
27184368ns          476615 1c0094c4 81c88f5b p.muls           x30, x17, x28       x30=000002f2 x17:0000000d x28:0000003a
27184388ns          476616 1c0094c8 0002d583 lhu              x11, 0(x5)          x11=0000fed9  x5:1c002eae  PA:1c002eae
27184706ns          476632 1c0094cc 03ce0fb3 mul              x31, x28, x28       x31=00000d24 x28:0000003a x28:0000003a
27184726ns          476633 1c0094d0 02e50733 mul              x14, x10, x14       x14=ffffce3c x10:ffffffcc x14:000000f5
27184746ns          476634 1c0094d4 40a85813 srai             x16, x16, 0x40a     x16=ffffffff x16:ffffff18
27184766ns          476635 1c0094d8 03c50533 mul              x10, x10, x28       x10=fffff438 x10:ffffffcc x28:0000003a
27184785ns          476636 1c0094dc 07015e03 lhu              x28, 112(x2)        x28=00000262  x2:10003cd8  PA:10003d48
27184825ns          476638 1c0094e0 01b60633 add              x12, x12, x27       x12=000017d3 x12:000000f5 x27:000016de
27184845ns          476639 1c0094e2 00980833 add              x16, x16, x9        x16=0000ffb4 x16:ffffffff  x9:0000ffb5
27184865ns          476640 1c0094e4 06015d83 lhu              x27, 96(x2)         x27=000003cd  x2:10003cd8  PA:10003d38
27184885ns          476641 1c0094e8 02812483 lw               x9, 40(x2)           x9=1c002ece  x2:10003cd8  PA:10003d00
27184905ns          476642 1c0094ea 40afdf93 srai             x31, x31, 0x40a     x31=00000003 x31:00000d24
27184925ns          476643 1c0094ee 40a55513 srai             x10, x10, 0x40a     x10=fffffffd x10:fffff438
27184944ns          476644 1c0094f0 01cf8fb3 add              x31, x31, x28       x31=00000265 x31:00000003 x28:00000262
27184964ns          476645 1c0094f2 00b50533 add              x10, x10, x11       x10=0000fed6 x10:fffffffd x11:0000fed9
27184984ns          476646 1c0094f4 09015e03 lhu              x28, 144(x2)        x28=0000feea  x2:10003cd8  PA:10003d68
27185004ns          476647 1c0094f8 03012583 lw               x11, 48(x2)         x11=1c002ede  x2:10003cd8  PA:10003d08
27185024ns          476648 1c0094fa 00c49023 sh               x12, 0(x9)          x12:000017d3  x9:1c002ece  PA:1c002ece
27185382ns          476666 1c0094fe 01b888b3 add              x17, x17, x27       x17=000003da x17:0000000d x27:000003cd
27185402ns          476667 1c009500 01a30333 add              x6, x6, x26          x6=000007cb  x6:0000003a x26:00000791
27185422ns          476668 1c009502 08015d83 lhu              x27, 128(x2)        x27=000001a9  x2:10003cd8  PA:10003d58
27185442ns          476669 1c009506 0000d903 lhu              x18, 0(x1)          x18=0000fde4  x1:1c002e8e  PA:1c002e8e
27185740ns          476684 1c00950a 01c686b3 add              x13, x13, x28       x13=0001fee6 x13:0000fffc x28:0000feea
27185760ns          476685 1c00950c 00659023 sh               x6, 0(x11)           x6:000007cb x11:1c002ede  PA:1c002ede
27186158ns          476705 1c009510 40af5f13 srai             x30, x30, 0x40a     x30=00000000 x30:000002f2
27186178ns          476706 1c009514 04812e03 lw               x28, 72(x2)         x28=1c002f0e  x2:10003cd8  PA:10003d20
27186197ns          476707 1c009516 01bf0f33 add              x30, x30, x27       x30=000001a9 x30:00000000 x27:000001a9
27186217ns          476708 1c009518 40aede93 srai             x29, x29, 0x40a     x29=ffffffff x29:fffffc2c
27186237ns          476709 1c00951c 40a75713 srai             x14, x14, 0x40a     x14=fffffff3 x14:ffffce3c
27186257ns          476710 1c00951e 03812603 lw               x12, 56(x2)         x12=1c002eee  x2:10003cd8  PA:10003d10
27186277ns          476711 1c009520 04012d83 lw               x27, 64(x2)         x27=1c002efe  x2:10003cd8  PA:10003d18
27186297ns          476712 1c009522 01ee1023 sh               x30, 0(x28)         x30:000001a9 x28:1c002f0e  PA:1c002f0e
27186635ns          476729 1c009526 05812483 lw               x9, 88(x2)           x9=1c002e6e  x2:10003cd8  PA:10003d30
27186655ns          476730 1c009528 05012f03 lw               x30, 80(x2)         x30=1c002e7e  x2:10003cd8  PA:10003d28
27186675ns          476731 1c00952a 0a012583 lw               x11, 160(x2)        x11=1c002e9e  x2:10003cd8  PA:10003d78
27186695ns          476732 1c00952c 014787b3 add              x15, x15, x20       x15=0001fa6f x15:0000ffcc x20:0000faa3
27186715ns          476733 1c00952e 013e8eb3 add              x29, x29, x19       x29=0000ff82 x29:ffffffff x19:0000ff83
27186734ns          476734 1c009530 01270733 add              x14, x14, x18       x14=0000fdd7 x14:fffffff3 x18:0000fde4
27186754ns          476735 1c009532 00f49023 sh               x15, 0(x9)          x15:0001fa6f  x9:1c002e6e  PA:1c002e6e
27187073ns          476751 1c009536 01161023 sh               x17, 0(x12)         x17:000003da x12:1c002eee  PA:1c002eee
27187391ns          476767 1c00953a 01fd9023 sh               x31, 0(x27)         x31:00000265 x27:1c002efe  PA:1c002efe
27187709ns          476783 1c00953e 00df1023 sh               x13, 0(x30)         x13:0001fee6 x30:1c002e7e  PA:1c002e7e
27188027ns          476799 1c009542 01d59023 sh               x29, 0(x11)         x29:0000ff82 x11:1c002e9e  PA:1c002e9e
27188345ns          476815 1c009546 00e09023 sh               x14, 0(x1)          x14:0000fdd7  x1:1c002e8e  PA:1c002e8e
27188664ns          476831 1c00954a 01039023 sh               x16, 0(x7)          x16:0000ffb4  x7:1c002ebe  PA:1c002ebe
27189002ns          476848 1c00954e 00a29023 sh               x10, 0(x5)          x10:0000fed6  x5:1c002eae  PA:1c002eae
27189320ns          476864 1c009552 008b0b13 addi             x22, x22, 8         x22=00000147 x22:0000013f
27189340ns          476865 1c009554 1f300793 addi             x15, x0, 499        x15=000001f3
27189360ns          476866 1c009558 e767dae3 bge              x15, x22, -396      x15:000001f3 x22:00000147
27189459ns          476871 1c0093cc 010c9a0b p.lh             x20, 16(x25!)       x20=00000096 x25=1c002926 x25:1c002916  PA:1c002916
27189777ns          476887 1c0093d0 0104198b p.lh             x19, 16(x8!)        x19=fffffe9f  x8=1c0020ee  x8:1c0020de  PA:1c0020de
27190076ns          476902 1c0093d4 2cc10513 addi             x10, x2, 716        x10=10003fa4  x2:10003cd8
27190095ns          476903 1c0093d6 010a990b p.lh             x18, 16(x21!)       x18=00000071 x21=1c00191a x21:1c00190a  PA:1c00190a
27190394ns          476918 1c0093da 010b948b p.lh             x9, 16(x23!)         x9=fffffe88 x23=1c00114a x23:1c00113a  PA:1c00113a
27190732ns          476935 1c0093de 2d411623 sh               x20, 716(x2)        x20:00000096  x2:10003cd8  PA:10003fa4
27190752ns          476936 1c0093e2 2d311723 sh               x19, 718(x2)        x19:fffffe9f  x2:10003cd8  PA:10003fa6
27190772ns          476937 1c0093e6 c33ff0ef jal              x1, -974             x1=1c0093e8
27190811ns          476939 1c009018 00051803 lh               x16, 0(x10)         x16=00000096 x10:10003fa4  PA:10003fa4
27190831ns          476940 1c00901c 00251883 lh               x17, 2(x10)         x17=fffffe9f x10:10003fa4  PA:10003fa6
27190891ns          476943 1c009020 030806b3 mul              x13, x16, x16       x13=000057e4 x16:00000096 x16:00000096
27190931ns          476945 1c009024 03188633 mul              x12, x17, x17       x12=0001e6c1 x17:fffffe9f x17:fffffe9f
27190951ns          476946 1c009028 40a65613 srai             x12, x12, 0x40a     x12=00000079 x12:0001e6c1
27190971ns          476947 1c00902a 40a6d693 srai             x13, x13, 0x40a     x13=00000015 x13:000057e4
27190990ns          476948 1c00902c 00c686b3 add              x13, x13, x12       x13=0000008e x13:00000015 x12:00000079
27191010ns          476949 1c00902e 1006c633 p.exths          x12, x13, x0        x12=0000008e x13:0000008e
27191030ns          476950 1c009032 00855703 lhu              x14, 8(x10)         x14=0000ffd1 x10:10003fa4  PA:10003fac
27191050ns          476951 1c009036 00a55683 lhu              x13, 10(x10)        x13=0000ff6a x10:10003fa4  PA:10003fae
27191070ns          476952 1c00903a 02c60333 mul              x6, x12, x12         x6=00004ec4 x12:0000008e x12:0000008e
27191090ns          476953 1c00903e 00c55783 lhu              x15, 12(x10)        x15=0000ffe5 x10:10003fa4  PA:10003fb0
27191110ns          476954 1c009042 00e55583 lhu              x11, 14(x10)        x11=00000060 x10:10003fa4  PA:10003fb2
27191130ns          476955 1c009046 dea30333 p.extract        x6, x6, 15, 10       x6=00000013  x6:00004ec4
27191150ns          476956 1c00904a 80c7075b p.muls           x14, x14, x12       x14=ffffe5ee x14:0000ffd1 x12:0000008e
27191169ns          476957 1c00904e 80c686db p.muls           x13, x13, x12       x13=ffffaccc x13:0000ff6a x12:0000008e
27191189ns          476958 1c009052 00455e83 lhu              x29, 4(x10)         x29=00000427 x10:10003fa4  PA:10003fa8
27191209ns          476959 1c009056 00655e03 lhu              x28, 6(x10)         x28=0000007f x10:10003fa4  PA:10003faa
27191229ns          476960 1c00905a 40a75713 srai             x14, x14, 0x40a     x14=fffffff9 x14:ffffe5ee
27191249ns          476961 1c00905c 806787db p.muls           x15, x15, x6        x15=fffffdff x15:0000ffe5  x6:00000013
27191269ns          476962 1c009060 40a6d693 srai             x13, x13, 0x40a     x13=ffffffeb x13:ffffaccc
27191289ns          476963 1c009062 8065865b p.muls           x12, x11, x6        x12=00000720 x11:00000060  x6:00000013
27191309ns          476964 1c009066 40a7d793 srai             x15, x15, 0x40a     x15=ffffffff x15:fffffdff
27191329ns          476965 1c009068 40a65613 srai             x12, x12, 0x40a     x12=00000001 x12:00000720
27191348ns          476966 1c00906a 01d70733 add              x14, x14, x29       x14=00000420 x14:fffffff9 x29:00000427
27191368ns          476967 1c00906c 01c686b3 add              x13, x13, x28       x13=0000006a x13:ffffffeb x28:0000007f
27191388ns          476968 1c00906e 00c686b3 add              x13, x13, x12       x13=0000006b x13:0000006a x12:00000001
27191408ns          476969 1c009070 00f70733 add              x14, x14, x15       x14=0000041f x14:00000420 x15:ffffffff
27191428ns          476970 1c009072 100747b3 p.exths          x15, x14, x0        x15=0000041f x14:0000041f
27191448ns          476971 1c009076 1006c733 p.exths          x14, x13, x0        x14=0000006b x13:0000006b
27191468ns          476972 1c00907a 03170633 mul              x12, x14, x17       x12=ffff6c75 x14:0000006b x17:fffffe9f
27191488ns          476973 1c00907e 030786b3 mul              x13, x15, x16       x13=00026a2a x15:0000041f x16:00000096
27191508ns          476974 1c009082 03070733 mul              x14, x14, x16       x14=00003eb2 x14:0000006b x16:00000096
27191527ns          476975 1c009086 031787b3 mul              x15, x15, x17       x15=fffa5141 x15:0000041f x17:fffffe9f
27191547ns          476976 1c00908a 40a6d693 srai             x13, x13, 0x40a     x13=0000009a x13:00026a2a
27191567ns          476977 1c00908c 40a65613 srai             x12, x12, 0x40a     x12=ffffffdb x12:ffff6c75
27191587ns          476978 1c00908e 40a7d793 srai             x15, x15, 0x40a     x15=fffffe94 x15:fffa5141
27191607ns          476979 1c009090 40a75713 srai             x14, x14, 0x40a     x14=0000000f x14:00003eb2
27191627ns          476980 1c009092 40c686b3 sub              x13, x13, x12       x13=000000bf x13:0000009a x12:ffffffdb
27191647ns          476981 1c009094 00e787b3 add              x15, x15, x14       x15=fffffea3 x15:fffffe94 x14:0000000f
27191667ns          476982 1c009096 00d51823 sh               x13, 16(x10)        x13:000000bf x10:10003fa4  PA:10003fb4
27191687ns          476983 1c00909a 00f51923 sh               x15, 18(x10)        x15:fffffea3 x10:10003fa4  PA:10003fb6
27191706ns          476984 1c00909e 00008067 jalr             x0, x1, 0            x1:1c0093e8
27191746ns          476986 1c0093e8 2dc15583 lhu              x11, 732(x2)        x11=000000bf  x2:10003cd8  PA:10003fb4
27191766ns          476987 1c0093ec 2de15783 lhu              x15, 734(x2)        x15=0000fea3  x2:10003cd8  PA:10003fb6
27191786ns          476988 1c0093f0 40b90933 sub              x18, x18, x11       x18=ffffffb2 x18:00000071 x11:000000bf
27191806ns          476989 1c0093f4 40f484b3 sub              x9, x9, x15          x9=fffeffe5  x9:fffffe88 x15:0000fea3
27191826ns          476990 1c0093f6 100945b3 p.exths          x11, x18, x0        x11=ffffffb2 x18:ffffffb2
27191846ns          476991 1c0093fa 1004c7b3 p.exths          x15, x9, x0         x15=ffffffe5  x9:fffeffe5
27191866ns          476992 1c0093fe 034586b3 mul              x13, x11, x20       x13=ffffd24c x11:ffffffb2 x20:00000096
27191885ns          476993 1c009402 03378533 mul              x10, x15, x19       x10=0000253b x15:ffffffe5 x19:fffffe9f
27191905ns          476994 1c009406 034a0633 mul              x12, x20, x20       x12=000057e4 x20:00000096 x20:00000096
27191925ns          476995 1c00940a 03398733 mul              x14, x19, x19       x14=0001e6c1 x19:fffffe9f x19:fffffe9f
27191985ns          476998 1c00940e 034787b3 mul              x15, x15, x20       x15=fffff02e x15:ffffffe5 x20:00000096
27192025ns          477000 1c009412 033585b3 mul              x11, x11, x19       x11=00006b8e x11:ffffffb2 x19:fffffe9f
27192045ns          477001 1c009416 40a75713 srai             x14, x14, 0x40a     x14=00000079 x14:0001e6c1
27192064ns          477002 1c009418 40a5d593 srai             x11, x11, 0x40a     x11=0000001a x11:00006b8e
27192084ns          477003 1c00941a 40a65613 srai             x12, x12, 0x40a     x12=00000015 x12:000057e4
27192104ns          477004 1c00941c 40a7d793 srai             x15, x15, 0x40a     x15=fffffffc x15:fffff02e
27192124ns          477005 1c00941e 1c0034b7 lui              x9, 0x1c003000       x9=1c003000
27192144ns          477006 1c009422 00e60633 add              x12, x12, x14       x12=0000008e x12:00000015 x14:00000079
27192164ns          477007 1c009424 40b787b3 sub              x15, x15, x11       x15=ffffffe2 x15:fffffffc x11:0000001a
27192184ns          477008 1c009426 eb048493 addi             x9, x9, -336         x9=1c002eb0  x9:1c003000
27192204ns          477009 1c00942a 1c0032b7 lui              x5, 0x1c003000       x5=1c003000
27192224ns          477010 1c00942e 1c0035b7 lui              x11, 0x1c003000     x11=1c003000
27192243ns          477011 1c009432 018483b3 add              x7, x9, x24          x7=1c002ebe  x9:1c002eb0 x24:0000000e
27192263ns          477012 1c009436 02812e83 lw               x29, 40(x2)         x29=1c002ece  x2:10003cd8  PA:10003d00
27192283ns          477013 1c009438 10065633 p.exthz          x12, x12, x0        x12=0000008e x12:0000008e
27192303ns          477014 1c00943c e8028293 addi             x5, x5, -384         x5=1c002e80  x5:1c003000
27192343ns          477016 1c009440 ea058593 addi             x11, x11, -352      x11=1c002ea0 x11:1c003000
27192383ns          477018 1c009444 03812483 lw               x9, 56(x2)           x9=1c002eee  x2:10003cd8  PA:10003d10
27192402ns          477019 1c009446 10064733 p.exths          x14, x12, x0        x14=0000008e x12:0000008e
27192422ns          477020 1c00944a 018280b3 add              x1, x5, x24          x1=1c002e8e  x5:1c002e80 x24:0000000e
27192442ns          477021 1c00944e 03012f03 lw               x30, 48(x2)         x30=1c002ede  x2:10003cd8  PA:10003d08
27192482ns          477023 1c009450 018582b3 add              x5, x11, x24         x5=1c002eae x11:1c002ea0 x24:0000000e
27192522ns          477025 1c009454 04012583 lw               x11, 64(x2)         x11=1c002efe  x2:10003cd8  PA:10003d18
27192542ns          477026 1c009456 000edd83 lhu              x27, 0(x29)         x27=000017d3 x29:1c002ece  PA:1c002ece
27192900ns          477044 1c00945a 0004d483 lhu              x9, 0(x9)            x9=000003da  x9:1c002eee  PA:1c002eee
27193278ns          477063 1c00945e 02e70333 mul              x6, x14, x14         x6=00004ec4 x14:0000008e x14:0000008e
27193297ns          477064 1c009462 40a55513 srai             x10, x10, 0x40a     x10=00000009 x10:0000253b
27193317ns          477065 1c009464 04812e83 lw               x29, 72(x2)         x29=1c002f0e  x2:10003cd8  PA:10003d20
27193337ns          477066 1c009466 40a6d693 srai             x13, x13, 0x40a     x13=fffffff4 x13:ffffd24c
27193357ns          477067 1c009468 000f5d03 lhu              x26, 0(x30)         x26=000007cb x30:1c002ede  PA:1c002ede
27193655ns          477082 1c00946c 0005d583 lhu              x11, 0(x11)         x11=00000265 x11:1c002efe  PA:1c002efe
27193974ns          477098 1c009470 40a35313 srai             x6, x6, 0x40a        x6=00000013  x6:00004ec4
27193994ns          477099 1c009474 00a686b3 add              x13, x13, x10       x13=fffffffd x13:fffffff4 x10:00000009
27194013ns          477100 1c009476 05012f03 lw               x30, 80(x2)         x30=1c002e7e  x2:10003cd8  PA:10003d28
27194033ns          477101 1c009478 10034e33 p.exths          x28, x6, x0         x28=00000013  x6:00000013
27194053ns          477102 1c00947c 06911023 sh               x9, 96(x2)           x9:000003da  x2:10003cd8  PA:10003d38
27194073ns          477103 1c009480 000ede83 lhu              x29, 0(x29)         x29=000001a9 x29:1c002f0e  PA:1c002f0e
27194451ns          477122 1c009484 05812483 lw               x9, 88(x2)           x9=1c002e6e  x2:10003cd8  PA:10003d30
27194471ns          477123 1c009486 1006d6b3 p.exthz          x13, x13, x0        x13=0000fffd x13:fffffffd
27194491ns          477124 1c00948a 02ee08b3 mul              x17, x28, x14       x17=00000a8a x28:00000013 x14:0000008e
27194511ns          477125 1c00948e 1006c833 p.exths          x16, x13, x0        x16=fffffffd x13:0000fffd
27194531ns          477126 1c009492 06b11823 sh               x11, 112(x2)        x11:00000265  x2:10003cd8  PA:10003d48
27194550ns          477127 1c009496 000f5f03 lhu              x30, 0(x30)         x30=0000fee6 x30:1c002e7e  PA:1c002e7e
27194888ns          477144 1c00949a 0a012583 lw               x11, 160(x2)        x11=1c002e9e  x2:10003cd8  PA:10003d78
27194908ns          477145 1c00949c 1007d7b3 p.exthz          x15, x15, x0        x15=0000ffe2 x15:ffffffe2
27194928ns          477146 1c0094a0 0004da03 lhu              x20, 0(x9)          x20=0000fa6f  x9:1c002e6e  PA:1c002e6e
27195246ns          477162 1c0094a4 1007c533 p.exths          x10, x15, x0        x10=ffffffe2 x15:0000ffe2
27195266ns          477163 1c0094a8 09d11023 sh               x29, 128(x2)        x29:000001a9  x2:10003cd8  PA:10003d58
27195286ns          477164 1c0094ac 0003d483 lhu              x9, 0(x7)            x9=0000ffb4  x7:1c002ebe  PA:1c002ebe
27195684ns          477184 1c0094b0 02e80eb3 mul              x29, x16, x14       x29=fffffe56 x16:fffffffd x14:0000008e
27195704ns          477185 1c0094b4 40a8d893 srai             x17, x17, 0x40a     x17=00000002 x17:00000a8a
27195724ns          477186 1c0094b8 03c80833 mul              x16, x16, x28       x16=ffffffc7 x16:fffffffd x28:00000013
27195744ns          477187 1c0094bc 09e11823 sh               x30, 144(x2)        x30:0000fee6  x2:10003cd8  PA:10003d68
27195764ns          477188 1c0094c0 0005d983 lhu              x19, 0(x11)         x19=0000ff82 x11:1c002e9e  PA:1c002e9e
27196082ns          477204 1c0094c4 81c88f5b p.muls           x30, x17, x28       x30=00000026 x17:00000002 x28:00000013
27196102ns          477205 1c0094c8 0002d583 lhu              x11, 0(x5)          x11=0000fed6  x5:1c002eae  PA:1c002eae
27196480ns          477224 1c0094cc 03ce0fb3 mul              x31, x28, x28       x31=00000169 x28:00000013 x28:00000013
27196499ns          477225 1c0094d0 02e50733 mul              x14, x10, x14       x14=ffffef5c x10:ffffffe2 x14:0000008e
27196519ns          477226 1c0094d4 40a85813 srai             x16, x16, 0x40a     x16=ffffffff x16:ffffffc7
27196539ns          477227 1c0094d8 03c50533 mul              x10, x10, x28       x10=fffffdc6 x10:ffffffe2 x28:00000013
27196559ns          477228 1c0094dc 07015e03 lhu              x28, 112(x2)        x28=00000265  x2:10003cd8  PA:10003d48
27196579ns          477229 1c0094e0 01b60633 add              x12, x12, x27       x12=00001861 x12:0000008e x27:000017d3
27196599ns          477230 1c0094e2 00980833 add              x16, x16, x9        x16=0000ffb3 x16:ffffffff  x9:0000ffb4
27196619ns          477231 1c0094e4 06015d83 lhu              x27, 96(x2)         x27=000003da  x2:10003cd8  PA:10003d38
27196639ns          477232 1c0094e8 02812483 lw               x9, 40(x2)           x9=1c002ece  x2:10003cd8  PA:10003d00
27196659ns          477233 1c0094ea 40afdf93 srai             x31, x31, 0x40a     x31=00000000 x31:00000169
27196678ns          477234 1c0094ee 40a55513 srai             x10, x10, 0x40a     x10=ffffffff x10:fffffdc6
27196698ns          477235 1c0094f0 01cf8fb3 add              x31, x31, x28       x31=00000265 x31:00000000 x28:00000265
27196718ns          477236 1c0094f2 00b50533 add              x10, x10, x11       x10=0000fed5 x10:ffffffff x11:0000fed6
27196738ns          477237 1c0094f4 09015e03 lhu              x28, 144(x2)        x28=0000fee6  x2:10003cd8  PA:10003d68
27196758ns          477238 1c0094f8 03012583 lw               x11, 48(x2)         x11=1c002ede  x2:10003cd8  PA:10003d08
27196778ns          477239 1c0094fa 00c49023 sh               x12, 0(x9)          x12:00001861  x9:1c002ece  PA:1c002ece
27197096ns          477255 1c0094fe 01b888b3 add              x17, x17, x27       x17=000003dc x17:00000002 x27:000003da
27197116ns          477256 1c009500 01a30333 add              x6, x6, x26          x6=000007de  x6:00000013 x26:000007cb
27197136ns          477257 1c009502 08015d83 lhu              x27, 128(x2)        x27=000001a9  x2:10003cd8  PA:10003d58
27197156ns          477258 1c009506 0000d903 lhu              x18, 0(x1)          x18=0000fdd7  x1:1c002e8e  PA:1c002e8e
27197474ns          477274 1c00950a 01c686b3 add              x13, x13, x28       x13=0001fee3 x13:0000fffd x28:0000fee6
27197494ns          477275 1c00950c 00659023 sh               x6, 0(x11)           x6:000007de x11:1c002ede  PA:1c002ede
27197812ns          477291 1c009510 40af5f13 srai             x30, x30, 0x40a     x30=00000000 x30:00000026
27197832ns          477292 1c009514 04812e03 lw               x28, 72(x2)         x28=1c002f0e  x2:10003cd8  PA:10003d20
27197852ns          477293 1c009516 01bf0f33 add              x30, x30, x27       x30=000001a9 x30:00000000 x27:000001a9
27197872ns          477294 1c009518 40aede93 srai             x29, x29, 0x40a     x29=ffffffff x29:fffffe56
27197892ns          477295 1c00951c 40a75713 srai             x14, x14, 0x40a     x14=fffffffb x14:ffffef5c
27197911ns          477296 1c00951e 03812603 lw               x12, 56(x2)         x12=1c002eee  x2:10003cd8  PA:10003d10
27197931ns          477297 1c009520 04012d83 lw               x27, 64(x2)         x27=1c002efe  x2:10003cd8  PA:10003d18
27197951ns          477298 1c009522 01ee1023 sh               x30, 0(x28)         x30:000001a9 x28:1c002f0e  PA:1c002f0e
27198309ns          477316 1c009526 05812483 lw               x9, 88(x2)           x9=1c002e6e  x2:10003cd8  PA:10003d30
27198329ns          477317 1c009528 05012f03 lw               x30, 80(x2)         x30=1c002e7e  x2:10003cd8  PA:10003d28
27198349ns          477318 1c00952a 0a012583 lw               x11, 160(x2)        x11=1c002e9e  x2:10003cd8  PA:10003d78
27198369ns          477319 1c00952c 014787b3 add              x15, x15, x20       x15=0001fa51 x15:0000ffe2 x20:0000fa6f
27198389ns          477320 1c00952e 013e8eb3 add              x29, x29, x19       x29=0000ff81 x29:ffffffff x19:0000ff82
27198409ns          477321 1c009530 01270733 add              x14, x14, x18       x14=0000fdd2 x14:fffffffb x18:0000fdd7
27198429ns          477322 1c009532 00f49023 sh               x15, 0(x9)          x15:0001fa51  x9:1c002e6e  PA:1c002e6e
27198787ns          477340 1c009536 01161023 sh               x17, 0(x12)         x17:000003dc x12:1c002eee  PA:1c002eee
27199105ns          477356 1c00953a 01fd9023 sh               x31, 0(x27)         x31:00000265 x27:1c002efe  PA:1c002efe
27199423ns          477372 1c00953e 00df1023 sh               x13, 0(x30)         x13:0001fee3 x30:1c002e7e  PA:1c002e7e
27199741ns          477388 1c009542 01d59023 sh               x29, 0(x11)         x29:0000ff81 x11:1c002e9e  PA:1c002e9e
27200099ns          477406 1c009546 00e09023 sh               x14, 0(x1)          x14:0000fdd2  x1:1c002e8e  PA:1c002e8e
27200417ns          477422 1c00954a 01039023 sh               x16, 0(x7)          x16:0000ffb3  x7:1c002ebe  PA:1c002ebe
27200736ns          477438 1c00954e 00a29023 sh               x10, 0(x5)          x10:0000fed5  x5:1c002eae  PA:1c002eae
27201054ns          477454 1c009552 008b0b13 addi             x22, x22, 8         x22=0000014f x22:00000147
27201074ns          477455 1c009554 1f300793 addi             x15, x0, 499        x15=000001f3
27201094ns          477456 1c009558 e767dae3 bge              x15, x22, -396      x15:000001f3 x22:0000014f
27201193ns          477461 1c0093cc 010c9a0b p.lh             x20, 16(x25!)       x20=00000109 x25=1c002936 x25:1c002926  PA:1c002926
27201491ns          477476 1c0093d0 0104198b p.lh             x19, 16(x8!)        x19=00000034  x8=1c0020fe  x8:1c0020ee  PA:1c0020ee
27201790ns          477491 1c0093d4 2cc10513 addi             x10, x2, 716        x10=10003fa4  x2:10003cd8
27201810ns          477492 1c0093d6 010a990b p.lh             x18, 16(x21!)       x18=0000010f x21=1c00192a x21:1c00191a  PA:1c00191a
27202108ns          477507 1c0093da 010b948b p.lh             x9, 16(x23!)         x9=0000001d x23=1c00115a x23:1c00114a  PA:1c00114a
27202406ns          477522 1c0093de 2d411623 sh               x20, 716(x2)        x20:00000109  x2:10003cd8  PA:10003fa4
27202426ns          477523 1c0093e2 2d311723 sh               x19, 718(x2)        x19:00000034  x2:10003cd8  PA:10003fa6
27202446ns          477524 1c0093e6 c33ff0ef jal              x1, -974             x1=1c0093e8
27202525ns          477528 1c009018 00051803 lh               x16, 0(x10)         x16=00000109 x10:10003fa4  PA:10003fa4
27202565ns          477530 1c00901c 00251883 lh               x17, 2(x10)         x17=00000034 x10:10003fa4  PA:10003fa6
27202585ns          477531 1c009020 030806b3 mul              x13, x16, x16       x13=00011251 x16:00000109 x16:00000109
27202605ns          477532 1c009024 03188633 mul              x12, x17, x17       x12=00000a90 x17:00000034 x17:00000034
27202625ns          477533 1c009028 40a65613 srai             x12, x12, 0x40a     x12=00000002 x12:00000a90
27202645ns          477534 1c00902a 40a6d693 srai             x13, x13, 0x40a     x13=00000044 x13:00011251
27202665ns          477535 1c00902c 00c686b3 add              x13, x13, x12       x13=00000046 x13:00000044 x12:00000002
27202685ns          477536 1c00902e 1006c633 p.exths          x12, x13, x0        x12=00000046 x13:00000046
27202704ns          477537 1c009032 00855703 lhu              x14, 8(x10)         x14=0000ffd1 x10:10003fa4  PA:10003fac
27202724ns          477538 1c009036 00a55683 lhu              x13, 10(x10)        x13=0000ff6a x10:10003fa4  PA:10003fae
27202744ns          477539 1c00903a 02c60333 mul              x6, x12, x12         x6=00001324 x12:00000046 x12:00000046
27202784ns          477541 1c00903e 00c55783 lhu              x15, 12(x10)        x15=0000ffe5 x10:10003fa4  PA:10003fb0
27202824ns          477543 1c009042 00e55583 lhu              x11, 14(x10)        x11=00000060 x10:10003fa4  PA:10003fb2
27202844ns          477544 1c009046 dea30333 p.extract        x6, x6, 15, 10       x6=00000004  x6:00001324
27202864ns          477545 1c00904a 80c7075b p.muls           x14, x14, x12       x14=fffff326 x14:0000ffd1 x12:00000046
27202923ns          477548 1c00904e 80c686db p.muls           x13, x13, x12       x13=ffffd6fc x13:0000ff6a x12:00000046
27202963ns          477550 1c009052 00455e83 lhu              x29, 4(x10)         x29=00000427 x10:10003fa4  PA:10003fa8
27202983ns          477551 1c009056 00655e03 lhu              x28, 6(x10)         x28=0000007f x10:10003fa4  PA:10003faa
27203003ns          477552 1c00905a 40a75713 srai             x14, x14, 0x40a     x14=fffffffc x14:fffff326
27203023ns          477553 1c00905c 806787db p.muls           x15, x15, x6        x15=ffffff94 x15:0000ffe5  x6:00000004
27203062ns          477555 1c009060 40a6d693 srai             x13, x13, 0x40a     x13=fffffff5 x13:ffffd6fc
27203102ns          477557 1c009062 8065865b p.muls           x12, x11, x6        x12=00000180 x11:00000060  x6:00000004
27203122ns          477558 1c009066 40a7d793 srai             x15, x15, 0x40a     x15=ffffffff x15:ffffff94
27203142ns          477559 1c009068 40a65613 srai             x12, x12, 0x40a     x12=00000000 x12:00000180
27203162ns          477560 1c00906a 01d70733 add              x14, x14, x29       x14=00000423 x14:fffffffc x29:00000427
27203182ns          477561 1c00906c 01c686b3 add              x13, x13, x28       x13=00000074 x13:fffffff5 x28:0000007f
27203202ns          477562 1c00906e 00c686b3 add              x13, x13, x12       x13=00000074 x13:00000074 x12:00000000
27203222ns          477563 1c009070 00f70733 add              x14, x14, x15       x14=00000422 x14:00000423 x15:ffffffff
27203241ns          477564 1c009072 100747b3 p.exths          x15, x14, x0        x15=00000422 x14:00000422
27203261ns          477565 1c009076 1006c733 p.exths          x14, x13, x0        x14=00000074 x13:00000074
27203281ns          477566 1c00907a 03170633 mul              x12, x14, x17       x12=00001790 x14:00000074 x17:00000034
27203301ns          477567 1c00907e 030786b3 mul              x13, x15, x16       x13=00044732 x15:00000422 x16:00000109
27203321ns          477568 1c009082 03070733 mul              x14, x14, x16       x14=00007814 x14:00000074 x16:00000109
27203341ns          477569 1c009086 031787b3 mul              x15, x15, x17       x15=0000d6e8 x15:00000422 x17:00000034
27203361ns          477570 1c00908a 40a6d693 srai             x13, x13, 0x40a     x13=00000111 x13:00044732
27203381ns          477571 1c00908c 40a65613 srai             x12, x12, 0x40a     x12=00000005 x12:00001790
27203401ns          477572 1c00908e 40a7d793 srai             x15, x15, 0x40a     x15=00000035 x15:0000d6e8
27203420ns          477573 1c009090 40a75713 srai             x14, x14, 0x40a     x14=0000001e x14:00007814
27203440ns          477574 1c009092 40c686b3 sub              x13, x13, x12       x13=0000010c x13:00000111 x12:00000005
27203460ns          477575 1c009094 00e787b3 add              x15, x15, x14       x15=00000053 x15:00000035 x14:0000001e
27203480ns          477576 1c009096 00d51823 sh               x13, 16(x10)        x13:0000010c x10:10003fa4  PA:10003fb4
27203500ns          477577 1c00909a 00f51923 sh               x15, 18(x10)        x15:00000053 x10:10003fa4  PA:10003fb6
27203520ns          477578 1c00909e 00008067 jalr             x0, x1, 0            x1:1c0093e8
27203639ns          477584 1c0093e8 2dc15583 lhu              x11, 732(x2)        x11=0000010c  x2:10003cd8  PA:10003fb4
27203679ns          477586 1c0093ec 2de15783 lhu              x15, 734(x2)        x15=00000053  x2:10003cd8  PA:10003fb6
27203699ns          477587 1c0093f0 40b90933 sub              x18, x18, x11       x18=00000003 x18:0000010f x11:0000010c
27203719ns          477588 1c0093f4 40f484b3 sub              x9, x9, x15          x9=ffffffca  x9:0000001d x15:00000053
27203739ns          477589 1c0093f6 100945b3 p.exths          x11, x18, x0        x11=00000003 x18:00000003
27203759ns          477590 1c0093fa 1004c7b3 p.exths          x15, x9, x0         x15=ffffffca  x9:ffffffca
27203778ns          477591 1c0093fe 034586b3 mul              x13, x11, x20       x13=0000031b x11:00000003 x20:00000109
27203798ns          477592 1c009402 03378533 mul              x10, x15, x19       x10=fffff508 x15:ffffffca x19:00000034
27203818ns          477593 1c009406 034a0633 mul              x12, x20, x20       x12=00011251 x20:00000109 x20:00000109
27203838ns          477594 1c00940a 03398733 mul              x14, x19, x19       x14=00000a90 x19:00000034 x19:00000034
27203858ns          477595 1c00940e 034787b3 mul              x15, x15, x20       x15=ffffc81a x15:ffffffca x20:00000109
27203878ns          477596 1c009412 033585b3 mul              x11, x11, x19       x11=0000009c x11:00000003 x19:00000034
27203898ns          477597 1c009416 40a75713 srai             x14, x14, 0x40a     x14=00000002 x14:00000a90
27203918ns          477598 1c009418 40a5d593 srai             x11, x11, 0x40a     x11=00000000 x11:0000009c
27203938ns          477599 1c00941a 40a65613 srai             x12, x12, 0x40a     x12=00000044 x12:00011251
27203957ns          477600 1c00941c 40a7d793 srai             x15, x15, 0x40a     x15=fffffff2 x15:ffffc81a
27203977ns          477601 1c00941e 1c0034b7 lui              x9, 0x1c003000       x9=1c003000
27203997ns          477602 1c009422 00e60633 add              x12, x12, x14       x12=00000046 x12:00000044 x14:00000002
27204017ns          477603 1c009424 40b787b3 sub              x15, x15, x11       x15=fffffff2 x15:fffffff2 x11:00000000
27204037ns          477604 1c009426 eb048493 addi             x9, x9, -336         x9=1c002eb0  x9:1c003000
27204057ns          477605 1c00942a 1c0032b7 lui              x5, 0x1c003000       x5=1c003000
27204077ns          477606 1c00942e 1c0035b7 lui              x11, 0x1c003000     x11=1c003000
27204097ns          477607 1c009432 018483b3 add              x7, x9, x24          x7=1c002ebe  x9:1c002eb0 x24:0000000e
27204117ns          477608 1c009436 02812e83 lw               x29, 40(x2)         x29=1c002ece  x2:10003cd8  PA:10003d00
27204136ns          477609 1c009438 10065633 p.exthz          x12, x12, x0        x12=00000046 x12:00000046
27204156ns          477610 1c00943c e8028293 addi             x5, x5, -384         x5=1c002e80  x5:1c003000
27204176ns          477611 1c009440 ea058593 addi             x11, x11, -352      x11=1c002ea0 x11:1c003000
27204196ns          477612 1c009444 03812483 lw               x9, 56(x2)           x9=1c002eee  x2:10003cd8  PA:10003d10
27204216ns          477613 1c009446 10064733 p.exths          x14, x12, x0        x14=00000046 x12:00000046
27204236ns          477614 1c00944a 018280b3 add              x1, x5, x24          x1=1c002e8e  x5:1c002e80 x24:0000000e
27204256ns          477615 1c00944e 03012f03 lw               x30, 48(x2)         x30=1c002ede  x2:10003cd8  PA:10003d08
27204276ns          477616 1c009450 018582b3 add              x5, x11, x24         x5=1c002eae x11:1c002ea0 x24:0000000e
27204296ns          477617 1c009454 04012583 lw               x11, 64(x2)         x11=1c002efe  x2:10003cd8  PA:10003d18
27204315ns          477618 1c009456 000edd83 lhu              x27, 0(x29)         x27=00001861 x29:1c002ece  PA:1c002ece
27204654ns          477635 1c00945a 0004d483 lhu              x9, 0(x9)            x9=000003dc  x9:1c002eee  PA:1c002eee
27205011ns          477653 1c00945e 02e70333 mul              x6, x14, x14         x6=00001324 x14:00000046 x14:00000046
27205031ns          477654 1c009462 40a55513 srai             x10, x10, 0x40a     x10=fffffffd x10:fffff508
27205051ns          477655 1c009464 04812e83 lw               x29, 72(x2)         x29=1c002f0e  x2:10003cd8  PA:10003d20
27205071ns          477656 1c009466 40a6d693 srai             x13, x13, 0x40a     x13=00000000 x13:0000031b
27205091ns          477657 1c009468 000f5d03 lhu              x26, 0(x30)         x26=000007de x30:1c002ede  PA:1c002ede
27205489ns          477677 1c00946c 0005d583 lhu              x11, 0(x11)         x11=00000265 x11:1c002efe  PA:1c002efe
27205787ns          477692 1c009470 40a35313 srai             x6, x6, 0x40a        x6=00000004  x6:00001324
27205807ns          477693 1c009474 00a686b3 add              x13, x13, x10       x13=fffffffd x13:00000000 x10:fffffffd
27205827ns          477694 1c009476 05012f03 lw               x30, 80(x2)         x30=1c002e7e  x2:10003cd8  PA:10003d28
27205847ns          477695 1c009478 10034e33 p.exths          x28, x6, x0         x28=00000004  x6:00000004
27205867ns          477696 1c00947c 06911023 sh               x9, 96(x2)           x9:000003dc  x2:10003cd8  PA:10003d38
27205887ns          477697 1c009480 000ede83 lhu              x29, 0(x29)         x29=000001a9 x29:1c002f0e  PA:1c002f0e
27206225ns          477714 1c009484 05812483 lw               x9, 88(x2)           x9=1c002e6e  x2:10003cd8  PA:10003d30
27206245ns          477715 1c009486 1006d6b3 p.exthz          x13, x13, x0        x13=0000fffd x13:fffffffd
27206264ns          477716 1c00948a 02ee08b3 mul              x17, x28, x14       x17=00000118 x28:00000004 x14:00000046
27206284ns          477717 1c00948e 1006c833 p.exths          x16, x13, x0        x16=fffffffd x13:0000fffd
27206304ns          477718 1c009492 06b11823 sh               x11, 112(x2)        x11:00000265  x2:10003cd8  PA:10003d48
27206324ns          477719 1c009496 000f5f03 lhu              x30, 0(x30)         x30=0000fee3 x30:1c002e7e  PA:1c002e7e
27206642ns          477735 1c00949a 0a012583 lw               x11, 160(x2)        x11=1c002e9e  x2:10003cd8  PA:10003d78
27206662ns          477736 1c00949c 1007d7b3 p.exthz          x15, x15, x0        x15=0000fff2 x15:fffffff2
27206682ns          477737 1c0094a0 0004da03 lhu              x20, 0(x9)          x20=0000fa51  x9:1c002e6e  PA:1c002e6e
27207000ns          477753 1c0094a4 1007c533 p.exths          x10, x15, x0        x10=fffffff2 x15:0000fff2
27207020ns          477754 1c0094a8 09d11023 sh               x29, 128(x2)        x29:000001a9  x2:10003cd8  PA:10003d58
27207040ns          477755 1c0094ac 0003d483 lhu              x9, 0(x7)            x9=0000ffb3  x7:1c002ebe  PA:1c002ebe
27207358ns          477771 1c0094b0 02e80eb3 mul              x29, x16, x14       x29=ffffff2e x16:fffffffd x14:00000046
27207378ns          477772 1c0094b4 40a8d893 srai             x17, x17, 0x40a     x17=00000000 x17:00000118
27207398ns          477773 1c0094b8 03c80833 mul              x16, x16, x28       x16=fffffff4 x16:fffffffd x28:00000004
27207418ns          477774 1c0094bc 09e11823 sh               x30, 144(x2)        x30:0000fee3  x2:10003cd8  PA:10003d68
27207438ns          477775 1c0094c0 0005d983 lhu              x19, 0(x11)         x19=0000ff81 x11:1c002e9e  PA:1c002e9e
27207776ns          477792 1c0094c4 81c88f5b p.muls           x30, x17, x28       x30=00000000 x17:00000000 x28:00000004
27207796ns          477793 1c0094c8 0002d583 lhu              x11, 0(x5)          x11=0000fed5  x5:1c002eae  PA:1c002eae
27208094ns          477808 1c0094cc 03ce0fb3 mul              x31, x28, x28       x31=00000010 x28:00000004 x28:00000004
27208114ns          477809 1c0094d0 02e50733 mul              x14, x10, x14       x14=fffffc2c x10:fffffff2 x14:00000046
27208134ns          477810 1c0094d4 40a85813 srai             x16, x16, 0x40a     x16=ffffffff x16:fffffff4
27208154ns          477811 1c0094d8 03c50533 mul              x10, x10, x28       x10=ffffffc8 x10:fffffff2 x28:00000004
27208174ns          477812 1c0094dc 07015e03 lhu              x28, 112(x2)        x28=00000265  x2:10003cd8  PA:10003d48
27208213ns          477814 1c0094e0 01b60633 add              x12, x12, x27       x12=000018a7 x12:00000046 x27:00001861
27208233ns          477815 1c0094e2 00980833 add              x16, x16, x9        x16=0000ffb2 x16:ffffffff  x9:0000ffb3
27208253ns          477816 1c0094e4 06015d83 lhu              x27, 96(x2)         x27=000003dc  x2:10003cd8  PA:10003d38
27208273ns          477817 1c0094e8 02812483 lw               x9, 40(x2)           x9=1c002ece  x2:10003cd8  PA:10003d00
27208293ns          477818 1c0094ea 40afdf93 srai             x31, x31, 0x40a     x31=00000000 x31:00000010
27208313ns          477819 1c0094ee 40a55513 srai             x10, x10, 0x40a     x10=ffffffff x10:ffffffc8
27208333ns          477820 1c0094f0 01cf8fb3 add              x31, x31, x28       x31=00000265 x31:00000000 x28:00000265
27208353ns          477821 1c0094f2 00b50533 add              x10, x10, x11       x10=0000fed4 x10:ffffffff x11:0000fed5
27208373ns          477822 1c0094f4 09015e03 lhu              x28, 144(x2)        x28=0000fee3  x2:10003cd8  PA:10003d68
27208392ns          477823 1c0094f8 03012583 lw               x11, 48(x2)         x11=1c002ede  x2:10003cd8  PA:10003d08
27208412ns          477824 1c0094fa 00c49023 sh               x12, 0(x9)          x12:000018a7  x9:1c002ece  PA:1c002ece
27208731ns          477840 1c0094fe 01b888b3 add              x17, x17, x27       x17=000003dc x17:00000000 x27:000003dc
27208750ns          477841 1c009500 01a30333 add              x6, x6, x26          x6=000007e2  x6:00000004 x26:000007de
27208770ns          477842 1c009502 08015d83 lhu              x27, 128(x2)        x27=000001a9  x2:10003cd8  PA:10003d58
27208790ns          477843 1c009506 0000d903 lhu              x18, 0(x1)          x18=0000fdd2  x1:1c002e8e  PA:1c002e8e
27209089ns          477858 1c00950a 01c686b3 add              x13, x13, x28       x13=0001fee0 x13:0000fffd x28:0000fee3
27209108ns          477859 1c00950c 00659023 sh               x6, 0(x11)           x6:000007e2 x11:1c002ede  PA:1c002ede
27209447ns          477876 1c009510 40af5f13 srai             x30, x30, 0x40a     x30=00000000 x30:00000000
27209466ns          477877 1c009514 04812e03 lw               x28, 72(x2)         x28=1c002f0e  x2:10003cd8  PA:10003d20
27209486ns          477878 1c009516 01bf0f33 add              x30, x30, x27       x30=000001a9 x30:00000000 x27:000001a9
27209506ns          477879 1c009518 40aede93 srai             x29, x29, 0x40a     x29=ffffffff x29:ffffff2e
27209526ns          477880 1c00951c 40a75713 srai             x14, x14, 0x40a     x14=ffffffff x14:fffffc2c
27209546ns          477881 1c00951e 03812603 lw               x12, 56(x2)         x12=1c002eee  x2:10003cd8  PA:10003d10
27209566ns          477882 1c009520 04012d83 lw               x27, 64(x2)         x27=1c002efe  x2:10003cd8  PA:10003d18
27209586ns          477883 1c009522 01ee1023 sh               x30, 0(x28)         x30:000001a9 x28:1c002f0e  PA:1c002f0e
27209924ns          477900 1c009526 05812483 lw               x9, 88(x2)           x9=1c002e6e  x2:10003cd8  PA:10003d30
27209944ns          477901 1c009528 05012f03 lw               x30, 80(x2)         x30=1c002e7e  x2:10003cd8  PA:10003d28
27209964ns          477902 1c00952a 0a012583 lw               x11, 160(x2)        x11=1c002e9e  x2:10003cd8  PA:10003d78
27209983ns          477903 1c00952c 014787b3 add              x15, x15, x20       x15=0001fa43 x15:0000fff2 x20:0000fa51
27210003ns          477904 1c00952e 013e8eb3 add              x29, x29, x19       x29=0000ff80 x29:ffffffff x19:0000ff81
27210023ns          477905 1c009530 01270733 add              x14, x14, x18       x14=0000fdd1 x14:ffffffff x18:0000fdd2
27210043ns          477906 1c009532 00f49023 sh               x15, 0(x9)          x15:0001fa43  x9:1c002e6e  PA:1c002e6e
27210361ns          477922 1c009536 01161023 sh               x17, 0(x12)         x17:000003dc x12:1c002eee  PA:1c002eee
27210699ns          477939 1c00953a 01fd9023 sh               x31, 0(x27)         x31:00000265 x27:1c002efe  PA:1c002efe
27211018ns          477955 1c00953e 00df1023 sh               x13, 0(x30)         x13:0001fee0 x30:1c002e7e  PA:1c002e7e
27211336ns          477971 1c009542 01d59023 sh               x29, 0(x11)         x29:0000ff80 x11:1c002e9e  PA:1c002e9e
27211674ns          477988 1c009546 00e09023 sh               x14, 0(x1)          x14:0000fdd1  x1:1c002e8e  PA:1c002e8e
27212052ns          478007 1c00954a 01039023 sh               x16, 0(x7)          x16:0000ffb2  x7:1c002ebe  PA:1c002ebe
27212390ns          478024 1c00954e 00a29023 sh               x10, 0(x5)          x10:0000fed4  x5:1c002eae  PA:1c002eae
27212708ns          478040 1c009552 008b0b13 addi             x22, x22, 8         x22=00000157 x22:0000014f
27212728ns          478041 1c009554 1f300793 addi             x15, x0, 499        x15=000001f3
27212748ns          478042 1c009558 e767dae3 bge              x15, x22, -396      x15:000001f3 x22:00000157
27212808ns          478045 1c0093cc 010c9a0b p.lh             x20, 16(x25!)       x20=0000000d x25=1c002946 x25:1c002936  PA:1c002936
27213126ns          478061 1c0093d0 0104198b p.lh             x19, 16(x8!)        x19=ffffff1e  x8=1c00210e  x8:1c0020fe  PA:1c0020fe
27213424ns          478076 1c0093d4 2cc10513 addi             x10, x2, 716        x10=10003fa4  x2:10003cd8
27213444ns          478077 1c0093d6 010a990b p.lh             x18, 16(x21!)       x18=0000000c x21=1c00193a x21:1c00192a  PA:1c00192a
27213742ns          478092 1c0093da 010b948b p.lh             x9, 16(x23!)         x9=ffffff1f x23=1c00116a x23:1c00115a  PA:1c00115a
27214041ns          478107 1c0093de 2d411623 sh               x20, 716(x2)        x20:0000000d  x2:10003cd8  PA:10003fa4
27214061ns          478108 1c0093e2 2d311723 sh               x19, 718(x2)        x19:ffffff1e  x2:10003cd8  PA:10003fa6
27214080ns          478109 1c0093e6 c33ff0ef jal              x1, -974             x1=1c0093e8
27214160ns          478113 1c009018 00051803 lh               x16, 0(x10)         x16=0000000d x10:10003fa4  PA:10003fa4
27214200ns          478115 1c00901c 00251883 lh               x17, 2(x10)         x17=ffffff1e x10:10003fa4  PA:10003fa6
27214220ns          478116 1c009020 030806b3 mul              x13, x16, x16       x13=000000a9 x16:0000000d x16:0000000d
27214240ns          478117 1c009024 03188633 mul              x12, x17, x17       x12=0000c784 x17:ffffff1e x17:ffffff1e
27214259ns          478118 1c009028 40a65613 srai             x12, x12, 0x40a     x12=00000031 x12:0000c784
27214279ns          478119 1c00902a 40a6d693 srai             x13, x13, 0x40a     x13=00000000 x13:000000a9
27214299ns          478120 1c00902c 00c686b3 add              x13, x13, x12       x13=00000031 x13:00000000 x12:00000031
27214319ns          478121 1c00902e 1006c633 p.exths          x12, x13, x0        x12=00000031 x13:00000031
27214339ns          478122 1c009032 00855703 lhu              x14, 8(x10)         x14=0000ffd1 x10:10003fa4  PA:10003fac
27214359ns          478123 1c009036 00a55683 lhu              x13, 10(x10)        x13=0000ff6a x10:10003fa4  PA:10003fae
27214379ns          478124 1c00903a 02c60333 mul              x6, x12, x12         x6=00000961 x12:00000031 x12:00000031
27214419ns          478126 1c00903e 00c55783 lhu              x15, 12(x10)        x15=0000ffe5 x10:10003fa4  PA:10003fb0
27214458ns          478128 1c009042 00e55583 lhu              x11, 14(x10)        x11=00000060 x10:10003fa4  PA:10003fb2
27214478ns          478129 1c009046 dea30333 p.extract        x6, x6, 15, 10       x6=00000002  x6:00000961
27214498ns          478130 1c00904a 80c7075b p.muls           x14, x14, x12       x14=fffff701 x14:0000ffd1 x12:00000031
27214558ns          478133 1c00904e 80c686db p.muls           x13, x13, x12       x13=ffffe34a x13:0000ff6a x12:00000031
27214598ns          478135 1c009052 00455e83 lhu              x29, 4(x10)         x29=00000427 x10:10003fa4  PA:10003fa8
27214617ns          478136 1c009056 00655e03 lhu              x28, 6(x10)         x28=0000007f x10:10003fa4  PA:10003faa
27214637ns          478137 1c00905a 40a75713 srai             x14, x14, 0x40a     x14=fffffffd x14:fffff701
27214657ns          478138 1c00905c 806787db p.muls           x15, x15, x6        x15=ffffffca x15:0000ffe5  x6:00000002
27214677ns          478139 1c009060 40a6d693 srai             x13, x13, 0x40a     x13=fffffff8 x13:ffffe34a
27214697ns          478140 1c009062 8065865b p.muls           x12, x11, x6        x12=000000c0 x11:00000060  x6:00000002
27214717ns          478141 1c009066 40a7d793 srai             x15, x15, 0x40a     x15=ffffffff x15:ffffffca
27214737ns          478142 1c009068 40a65613 srai             x12, x12, 0x40a     x12=00000000 x12:000000c0
27214757ns          478143 1c00906a 01d70733 add              x14, x14, x29       x14=00000424 x14:fffffffd x29:00000427
27214776ns          478144 1c00906c 01c686b3 add              x13, x13, x28       x13=00000077 x13:fffffff8 x28:0000007f
27214796ns          478145 1c00906e 00c686b3 add              x13, x13, x12       x13=00000077 x13:00000077 x12:00000000
27214816ns          478146 1c009070 00f70733 add              x14, x14, x15       x14=00000423 x14:00000424 x15:ffffffff
27214836ns          478147 1c009072 100747b3 p.exths          x15, x14, x0        x15=00000423 x14:00000423
27214856ns          478148 1c009076 1006c733 p.exths          x14, x13, x0        x14=00000077 x13:00000077
27214876ns          478149 1c00907a 03170633 mul              x12, x14, x17       x12=ffff96f2 x14:00000077 x17:ffffff1e
27214896ns          478150 1c00907e 030786b3 mul              x13, x15, x16       x13=000035c7 x15:00000423 x16:0000000d
27214916ns          478151 1c009082 03070733 mul              x14, x14, x16       x14=0000060b x14:00000077 x16:0000000d
27214936ns          478152 1c009086 031787b3 mul              x15, x15, x17       x15=fffc591a x15:00000423 x17:ffffff1e
27214955ns          478153 1c00908a 40a6d693 srai             x13, x13, 0x40a     x13=0000000d x13:000035c7
27214975ns          478154 1c00908c 40a65613 srai             x12, x12, 0x40a     x12=ffffffe5 x12:ffff96f2
27214995ns          478155 1c00908e 40a7d793 srai             x15, x15, 0x40a     x15=ffffff16 x15:fffc591a
27215015ns          478156 1c009090 40a75713 srai             x14, x14, 0x40a     x14=00000001 x14:0000060b
27215035ns          478157 1c009092 40c686b3 sub              x13, x13, x12       x13=00000028 x13:0000000d x12:ffffffe5
27215055ns          478158 1c009094 00e787b3 add              x15, x15, x14       x15=ffffff17 x15:ffffff16 x14:00000001
27215075ns          478159 1c009096 00d51823 sh               x13, 16(x10)        x13:00000028 x10:10003fa4  PA:10003fb4
27215095ns          478160 1c00909a 00f51923 sh               x15, 18(x10)        x15:ffffff17 x10:10003fa4  PA:10003fb6
27215115ns          478161 1c00909e 00008067 jalr             x0, x1, 0            x1:1c0093e8
27215154ns          478163 1c0093e8 2dc15583 lhu              x11, 732(x2)        x11=00000028  x2:10003cd8  PA:10003fb4
27215174ns          478164 1c0093ec 2de15783 lhu              x15, 734(x2)        x15=0000ff17  x2:10003cd8  PA:10003fb6
27215214ns          478166 1c0093f0 40b90933 sub              x18, x18, x11       x18=ffffffe4 x18:0000000c x11:00000028
27215234ns          478167 1c0093f4 40f484b3 sub              x9, x9, x15          x9=ffff0008  x9:ffffff1f x15:0000ff17
27215254ns          478168 1c0093f6 100945b3 p.exths          x11, x18, x0        x11=ffffffe4 x18:ffffffe4
27215274ns          478169 1c0093fa 1004c7b3 p.exths          x15, x9, x0         x15=00000008  x9:ffff0008
27215294ns          478170 1c0093fe 034586b3 mul              x13, x11, x20       x13=fffffe94 x11:ffffffe4 x20:0000000d
27215313ns          478171 1c009402 03378533 mul              x10, x15, x19       x10=fffff8f0 x15:00000008 x19:ffffff1e
27215333ns          478172 1c009406 034a0633 mul              x12, x20, x20       x12=000000a9 x20:0000000d x20:0000000d
27215353ns          478173 1c00940a 03398733 mul              x14, x19, x19       x14=0000c784 x19:ffffff1e x19:ffffff1e
27215373ns          478174 1c00940e 034787b3 mul              x15, x15, x20       x15=00000068 x15:00000008 x20:0000000d
27215393ns          478175 1c009412 033585b3 mul              x11, x11, x19       x11=000018b8 x11:ffffffe4 x19:ffffff1e
27215413ns          478176 1c009416 40a75713 srai             x14, x14, 0x40a     x14=00000031 x14:0000c784
27215433ns          478177 1c009418 40a5d593 srai             x11, x11, 0x40a     x11=00000006 x11:000018b8
27215453ns          478178 1c00941a 40a65613 srai             x12, x12, 0x40a     x12=00000000 x12:000000a9
27215473ns          478179 1c00941c 40a7d793 srai             x15, x15, 0x40a     x15=00000000 x15:00000068
27215492ns          478180 1c00941e 1c0034b7 lui              x9, 0x1c003000       x9=1c003000
27215512ns          478181 1c009422 00e60633 add              x12, x12, x14       x12=00000031 x12:00000000 x14:00000031
27215532ns          478182 1c009424 40b787b3 sub              x15, x15, x11       x15=fffffffa x15:00000000 x11:00000006
27215552ns          478183 1c009426 eb048493 addi             x9, x9, -336         x9=1c002eb0  x9:1c003000
27215572ns          478184 1c00942a 1c0032b7 lui              x5, 0x1c003000       x5=1c003000
27215592ns          478185 1c00942e 1c0035b7 lui              x11, 0x1c003000     x11=1c003000
27215612ns          478186 1c009432 018483b3 add              x7, x9, x24          x7=1c002ebe  x9:1c002eb0 x24:0000000e
27215632ns          478187 1c009436 02812e83 lw               x29, 40(x2)         x29=1c002ece  x2:10003cd8  PA:10003d00
27215652ns          478188 1c009438 10065633 p.exthz          x12, x12, x0        x12=00000031 x12:00000031
27215671ns          478189 1c00943c e8028293 addi             x5, x5, -384         x5=1c002e80  x5:1c003000
27215691ns          478190 1c009440 ea058593 addi             x11, x11, -352      x11=1c002ea0 x11:1c003000
27215711ns          478191 1c009444 03812483 lw               x9, 56(x2)           x9=1c002eee  x2:10003cd8  PA:10003d10
27215731ns          478192 1c009446 10064733 p.exths          x14, x12, x0        x14=00000031 x12:00000031
27215751ns          478193 1c00944a 018280b3 add              x1, x5, x24          x1=1c002e8e  x5:1c002e80 x24:0000000e
27215771ns          478194 1c00944e 03012f03 lw               x30, 48(x2)         x30=1c002ede  x2:10003cd8  PA:10003d08
27215791ns          478195 1c009450 018582b3 add              x5, x11, x24         x5=1c002eae x11:1c002ea0 x24:0000000e
27215811ns          478196 1c009454 04012583 lw               x11, 64(x2)         x11=1c002efe  x2:10003cd8  PA:10003d18
27215831ns          478197 1c009456 000edd83 lhu              x27, 0(x29)         x27=000018a7 x29:1c002ece  PA:1c002ece
27216169ns          478214 1c00945a 0004d483 lhu              x9, 0(x9)            x9=000003dc  x9:1c002eee  PA:1c002eee
27216507ns          478231 1c00945e 02e70333 mul              x6, x14, x14         x6=00000961 x14:00000031 x14:00000031
27216527ns          478232 1c009462 40a55513 srai             x10, x10, 0x40a     x10=fffffffe x10:fffff8f0
27216547ns          478233 1c009464 04812e83 lw               x29, 72(x2)         x29=1c002f0e  x2:10003cd8  PA:10003d20
27216566ns          478234 1c009466 40a6d693 srai             x13, x13, 0x40a     x13=ffffffff x13:fffffe94
27216586ns          478235 1c009468 000f5d03 lhu              x26, 0(x30)         x26=000007e2 x30:1c002ede  PA:1c002ede
27216924ns          478252 1c00946c 0005d583 lhu              x11, 0(x11)         x11=00000265 x11:1c002efe  PA:1c002efe
27217262ns          478269 1c009470 40a35313 srai             x6, x6, 0x40a        x6=00000002  x6:00000961
27217282ns          478270 1c009474 00a686b3 add              x13, x13, x10       x13=fffffffd x13:ffffffff x10:fffffffe
27217302ns          478271 1c009476 05012f03 lw               x30, 80(x2)         x30=1c002e7e  x2:10003cd8  PA:10003d28
27217322ns          478272 1c009478 10034e33 p.exths          x28, x6, x0         x28=00000002  x6:00000002
27217342ns          478273 1c00947c 06911023 sh               x9, 96(x2)           x9:000003dc  x2:10003cd8  PA:10003d38
27217362ns          478274 1c009480 000ede83 lhu              x29, 0(x29)         x29=000001a9 x29:1c002f0e  PA:1c002f0e
27217660ns          478289 1c009484 05812483 lw               x9, 88(x2)           x9=1c002e6e  x2:10003cd8  PA:10003d30
27217680ns          478290 1c009486 1006d6b3 p.exthz          x13, x13, x0        x13=0000fffd x13:fffffffd
27217700ns          478291 1c00948a 02ee08b3 mul              x17, x28, x14       x17=00000062 x28:00000002 x14:00000031
27217720ns          478292 1c00948e 1006c833 p.exths          x16, x13, x0        x16=fffffffd x13:0000fffd
27217740ns          478293 1c009492 06b11823 sh               x11, 112(x2)        x11:00000265  x2:10003cd8  PA:10003d48
27217760ns          478294 1c009496 000f5f03 lhu              x30, 0(x30)         x30=0000fee0 x30:1c002e7e  PA:1c002e7e
27218058ns          478309 1c00949a 0a012583 lw               x11, 160(x2)        x11=1c002e9e  x2:10003cd8  PA:10003d78
27218078ns          478310 1c00949c 1007d7b3 p.exthz          x15, x15, x0        x15=0000fffa x15:fffffffa
27218098ns          478311 1c0094a0 0004da03 lhu              x20, 0(x9)          x20=0000fa43  x9:1c002e6e  PA:1c002e6e
27218396ns          478326 1c0094a4 1007c533 p.exths          x10, x15, x0        x10=fffffffa x15:0000fffa
27218416ns          478327 1c0094a8 09d11023 sh               x29, 128(x2)        x29:000001a9  x2:10003cd8  PA:10003d58
27218436ns          478328 1c0094ac 0003d483 lhu              x9, 0(x7)            x9=0000ffb2  x7:1c002ebe  PA:1c002ebe
27218734ns          478343 1c0094b0 02e80eb3 mul              x29, x16, x14       x29=ffffff6d x16:fffffffd x14:00000031
27218754ns          478344 1c0094b4 40a8d893 srai             x17, x17, 0x40a     x17=00000000 x17:00000062
27218774ns          478345 1c0094b8 03c80833 mul              x16, x16, x28       x16=fffffffa x16:fffffffd x28:00000002
27218794ns          478346 1c0094bc 09e11823 sh               x30, 144(x2)        x30:0000fee0  x2:10003cd8  PA:10003d68
27218814ns          478347 1c0094c0 0005d983 lhu              x19, 0(x11)         x19=0000ff80 x11:1c002e9e  PA:1c002e9e
27219112ns          478362 1c0094c4 81c88f5b p.muls           x30, x17, x28       x30=00000000 x17:00000000 x28:00000002
27219132ns          478363 1c0094c8 0002d583 lhu              x11, 0(x5)          x11=0000fed4  x5:1c002eae  PA:1c002eae
27219430ns          478378 1c0094cc 03ce0fb3 mul              x31, x28, x28       x31=00000004 x28:00000002 x28:00000002
27219450ns          478379 1c0094d0 02e50733 mul              x14, x10, x14       x14=fffffeda x10:fffffffa x14:00000031
27219470ns          478380 1c0094d4 40a85813 srai             x16, x16, 0x40a     x16=ffffffff x16:fffffffa
27219490ns          478381 1c0094d8 03c50533 mul              x10, x10, x28       x10=fffffff4 x10:fffffffa x28:00000002
27219510ns          478382 1c0094dc 07015e03 lhu              x28, 112(x2)        x28=00000265  x2:10003cd8  PA:10003d48
27219530ns          478383 1c0094e0 01b60633 add              x12, x12, x27       x12=000018d8 x12:00000031 x27:000018a7
27219550ns          478384 1c0094e2 00980833 add              x16, x16, x9        x16=0000ffb1 x16:ffffffff  x9:0000ffb2
27219570ns          478385 1c0094e4 06015d83 lhu              x27, 96(x2)         x27=000003dc  x2:10003cd8  PA:10003d38
27219589ns          478386 1c0094e8 02812483 lw               x9, 40(x2)           x9=1c002ece  x2:10003cd8  PA:10003d00
27219609ns          478387 1c0094ea 40afdf93 srai             x31, x31, 0x40a     x31=00000000 x31:00000004
27219629ns          478388 1c0094ee 40a55513 srai             x10, x10, 0x40a     x10=ffffffff x10:fffffff4
27219649ns          478389 1c0094f0 01cf8fb3 add              x31, x31, x28       x31=00000265 x31:00000000 x28:00000265
27219669ns          478390 1c0094f2 00b50533 add              x10, x10, x11       x10=0000fed3 x10:ffffffff x11:0000fed4
27219689ns          478391 1c0094f4 09015e03 lhu              x28, 144(x2)        x28=0000fee0  x2:10003cd8  PA:10003d68
27219709ns          478392 1c0094f8 03012583 lw               x11, 48(x2)         x11=1c002ede  x2:10003cd8  PA:10003d08
27219729ns          478393 1c0094fa 00c49023 sh               x12, 0(x9)          x12:000018d8  x9:1c002ece  PA:1c002ece
27220087ns          478411 1c0094fe 01b888b3 add              x17, x17, x27       x17=000003dc x17:00000000 x27:000003dc
27220106ns          478412 1c009500 01a30333 add              x6, x6, x26          x6=000007e4  x6:00000002 x26:000007e2
27220126ns          478413 1c009502 08015d83 lhu              x27, 128(x2)        x27=000001a9  x2:10003cd8  PA:10003d58
27220146ns          478414 1c009506 0000d903 lhu              x18, 0(x1)          x18=0000fdd1  x1:1c002e8e  PA:1c002e8e
27220464ns          478430 1c00950a 01c686b3 add              x13, x13, x28       x13=0001fedd x13:0000fffd x28:0000fee0
27220484ns          478431 1c00950c 00659023 sh               x6, 0(x11)           x6:000007e4 x11:1c002ede  PA:1c002ede
27220803ns          478447 1c009510 40af5f13 srai             x30, x30, 0x40a     x30=00000000 x30:00000000
27220822ns          478448 1c009514 04812e03 lw               x28, 72(x2)         x28=1c002f0e  x2:10003cd8  PA:10003d20
27220842ns          478449 1c009516 01bf0f33 add              x30, x30, x27       x30=000001a9 x30:00000000 x27:000001a9
27220862ns          478450 1c009518 40aede93 srai             x29, x29, 0x40a     x29=ffffffff x29:ffffff6d
27220882ns          478451 1c00951c 40a75713 srai             x14, x14, 0x40a     x14=ffffffff x14:fffffeda
27220902ns          478452 1c00951e 03812603 lw               x12, 56(x2)         x12=1c002eee  x2:10003cd8  PA:10003d10
27220922ns          478453 1c009520 04012d83 lw               x27, 64(x2)         x27=1c002efe  x2:10003cd8  PA:10003d18
27220942ns          478454 1c009522 01ee1023 sh               x30, 0(x28)         x30:000001a9 x28:1c002f0e  PA:1c002f0e
27221300ns          478472 1c009526 05812483 lw               x9, 88(x2)           x9=1c002e6e  x2:10003cd8  PA:10003d30
27221320ns          478473 1c009528 05012f03 lw               x30, 80(x2)         x30=1c002e7e  x2:10003cd8  PA:10003d28
27221340ns          478474 1c00952a 0a012583 lw               x11, 160(x2)        x11=1c002e9e  x2:10003cd8  PA:10003d78
27221359ns          478475 1c00952c 014787b3 add              x15, x15, x20       x15=0001fa3d x15:0000fffa x20:0000fa43
27221379ns          478476 1c00952e 013e8eb3 add              x29, x29, x19       x29=0000ff7f x29:ffffffff x19:0000ff80
27221399ns          478477 1c009530 01270733 add              x14, x14, x18       x14=0000fdd0 x14:ffffffff x18:0000fdd1
27221419ns          478478 1c009532 00f49023 sh               x15, 0(x9)          x15:0001fa3d  x9:1c002e6e  PA:1c002e6e
27221737ns          478494 1c009536 01161023 sh               x17, 0(x12)         x17:000003dc x12:1c002eee  PA:1c002eee
27222115ns          478513 1c00953a 01fd9023 sh               x31, 0(x27)         x31:00000265 x27:1c002efe  PA:1c002efe
27222433ns          478529 1c00953e 00df1023 sh               x13, 0(x30)         x13:0001fedd x30:1c002e7e  PA:1c002e7e
27222771ns          478546 1c009542 01d59023 sh               x29, 0(x11)         x29:0000ff7f x11:1c002e9e  PA:1c002e9e
27223090ns          478562 1c009546 00e09023 sh               x14, 0(x1)          x14:0000fdd0  x1:1c002e8e  PA:1c002e8e
27223408ns          478578 1c00954a 01039023 sh               x16, 0(x7)          x16:0000ffb1  x7:1c002ebe  PA:1c002ebe
27223726ns          478594 1c00954e 00a29023 sh               x10, 0(x5)          x10:0000fed3  x5:1c002eae  PA:1c002eae
27224044ns          478610 1c009552 008b0b13 addi             x22, x22, 8         x22=0000015f x22:00000157
27224064ns          478611 1c009554 1f300793 addi             x15, x0, 499        x15=000001f3
27224084ns          478612 1c009558 e767dae3 bge              x15, x22, -396      x15:000001f3 x22:0000015f
27224184ns          478617 1c0093cc 010c9a0b p.lh             x20, 16(x25!)       x20=ffffffcc x25=1c002956 x25:1c002946  PA:1c002946
27224522ns          478634 1c0093d0 0104198b p.lh             x19, 16(x8!)        x19=fffffff9  x8=1c00211e  x8:1c00210e  PA:1c00210e
27224820ns          478649 1c0093d4 2cc10513 addi             x10, x2, 716        x10=10003fa4  x2:10003cd8
27224840ns          478650 1c0093d6 010a990b p.lh             x18, 16(x21!)       x18=ffffffc7 x21=1c00194a x21:1c00193a  PA:1c00193a
27225158ns          478666 1c0093da 010b948b p.lh             x9, 16(x23!)         x9=fffffffe x23=1c00117a x23:1c00116a  PA:1c00116a
27225456ns          478681 1c0093de 2d411623 sh               x20, 716(x2)        x20:ffffffcc  x2:10003cd8  PA:10003fa4
27225476ns          478682 1c0093e2 2d311723 sh               x19, 718(x2)        x19:fffffff9  x2:10003cd8  PA:10003fa6
27225496ns          478683 1c0093e6 c33ff0ef jal              x1, -974             x1=1c0093e8
27225576ns          478687 1c009018 00051803 lh               x16, 0(x10)         x16=ffffffcc x10:10003fa4  PA:10003fa4
27225615ns          478689 1c00901c 00251883 lh               x17, 2(x10)         x17=fffffff9 x10:10003fa4  PA:10003fa6
27225675ns          478692 1c009020 030806b3 mul              x13, x16, x16       x13=00000a90 x16:ffffffcc x16:ffffffcc
27225715ns          478694 1c009024 03188633 mul              x12, x17, x17       x12=00000031 x17:fffffff9 x17:fffffff9
27225735ns          478695 1c009028 40a65613 srai             x12, x12, 0x40a     x12=00000000 x12:00000031
27225755ns          478696 1c00902a 40a6d693 srai             x13, x13, 0x40a     x13=00000002 x13:00000a90
27225775ns          478697 1c00902c 00c686b3 add              x13, x13, x12       x13=00000002 x13:00000002 x12:00000000
27225794ns          478698 1c00902e 1006c633 p.exths          x12, x13, x0        x12=00000002 x13:00000002
27225814ns          478699 1c009032 00855703 lhu              x14, 8(x10)         x14=0000ffd1 x10:10003fa4  PA:10003fac
27225834ns          478700 1c009036 00a55683 lhu              x13, 10(x10)        x13=0000ff6a x10:10003fa4  PA:10003fae
27225854ns          478701 1c00903a 02c60333 mul              x6, x12, x12         x6=00000004 x12:00000002 x12:00000002
27225894ns          478703 1c00903e 00c55783 lhu              x15, 12(x10)        x15=0000ffe5 x10:10003fa4  PA:10003fb0
27225934ns          478705 1c009042 00e55583 lhu              x11, 14(x10)        x11=00000060 x10:10003fa4  PA:10003fb2
27225954ns          478706 1c009046 dea30333 p.extract        x6, x6, 15, 10       x6=00000000  x6:00000004
27225973ns          478707 1c00904a 80c7075b p.muls           x14, x14, x12       x14=ffffffa2 x14:0000ffd1 x12:00000002
27226033ns          478710 1c00904e 80c686db p.muls           x13, x13, x12       x13=fffffed4 x13:0000ff6a x12:00000002
27226073ns          478712 1c009052 00455e83 lhu              x29, 4(x10)         x29=00000427 x10:10003fa4  PA:10003fa8
27226093ns          478713 1c009056 00655e03 lhu              x28, 6(x10)         x28=0000007f x10:10003fa4  PA:10003faa
27226113ns          478714 1c00905a 40a75713 srai             x14, x14, 0x40a     x14=ffffffff x14:ffffffa2
27226133ns          478715 1c00905c 806787db p.muls           x15, x15, x6        x15=00000000 x15:0000ffe5  x6:00000000
27226152ns          478716 1c009060 40a6d693 srai             x13, x13, 0x40a     x13=ffffffff x13:fffffed4
27226172ns          478717 1c009062 8065865b p.muls           x12, x11, x6        x12=00000000 x11:00000060  x6:00000000
27226192ns          478718 1c009066 40a7d793 srai             x15, x15, 0x40a     x15=00000000 x15:00000000
27226212ns          478719 1c009068 40a65613 srai             x12, x12, 0x40a     x12=00000000 x12:00000000
27226232ns          478720 1c00906a 01d70733 add              x14, x14, x29       x14=00000426 x14:ffffffff x29:00000427
27226252ns          478721 1c00906c 01c686b3 add              x13, x13, x28       x13=0000007e x13:ffffffff x28:0000007f
27226272ns          478722 1c00906e 00c686b3 add              x13, x13, x12       x13=0000007e x13:0000007e x12:00000000
27226292ns          478723 1c009070 00f70733 add              x14, x14, x15       x14=00000426 x14:00000426 x15:00000000
27226312ns          478724 1c009072 100747b3 p.exths          x15, x14, x0        x15=00000426 x14:00000426
27226331ns          478725 1c009076 1006c733 p.exths          x14, x13, x0        x14=0000007e x13:0000007e
27226351ns          478726 1c00907a 03170633 mul              x12, x14, x17       x12=fffffc8e x14:0000007e x17:fffffff9
27226371ns          478727 1c00907e 030786b3 mul              x13, x15, x16       x13=ffff2848 x15:00000426 x16:ffffffcc
27226391ns          478728 1c009082 03070733 mul              x14, x14, x16       x14=ffffe668 x14:0000007e x16:ffffffcc
27226411ns          478729 1c009086 031787b3 mul              x15, x15, x17       x15=ffffe2f6 x15:00000426 x17:fffffff9
27226431ns          478730 1c00908a 40a6d693 srai             x13, x13, 0x40a     x13=ffffffca x13:ffff2848
27226451ns          478731 1c00908c 40a65613 srai             x12, x12, 0x40a     x12=ffffffff x12:fffffc8e
27226471ns          478732 1c00908e 40a7d793 srai             x15, x15, 0x40a     x15=fffffff8 x15:ffffe2f6
27226491ns          478733 1c009090 40a75713 srai             x14, x14, 0x40a     x14=fffffff9 x14:ffffe668
27226510ns          478734 1c009092 40c686b3 sub              x13, x13, x12       x13=ffffffcb x13:ffffffca x12:ffffffff
27226530ns          478735 1c009094 00e787b3 add              x15, x15, x14       x15=fffffff1 x15:fffffff8 x14:fffffff9
27226550ns          478736 1c009096 00d51823 sh               x13, 16(x10)        x13:ffffffcb x10:10003fa4  PA:10003fb4
27226570ns          478737 1c00909a 00f51923 sh               x15, 18(x10)        x15:fffffff1 x10:10003fa4  PA:10003fb6
27226590ns          478738 1c00909e 00008067 jalr             x0, x1, 0            x1:1c0093e8
27226630ns          478740 1c0093e8 2dc15583 lhu              x11, 732(x2)        x11=0000ffcb  x2:10003cd8  PA:10003fb4
27226650ns          478741 1c0093ec 2de15783 lhu              x15, 734(x2)        x15=0000fff1  x2:10003cd8  PA:10003fb6
27226670ns          478742 1c0093f0 40b90933 sub              x18, x18, x11       x18=fffefffc x18:ffffffc7 x11:0000ffcb
27226689ns          478743 1c0093f4 40f484b3 sub              x9, x9, x15          x9=ffff000d  x9:fffffffe x15:0000fff1
27226709ns          478744 1c0093f6 100945b3 p.exths          x11, x18, x0        x11=fffffffc x18:fffefffc
27226729ns          478745 1c0093fa 1004c7b3 p.exths          x15, x9, x0         x15=0000000d  x9:ffff000d
27226749ns          478746 1c0093fe 034586b3 mul              x13, x11, x20       x13=000000d0 x11:fffffffc x20:ffffffcc
27226769ns          478747 1c009402 03378533 mul              x10, x15, x19       x10=ffffffa5 x15:0000000d x19:fffffff9
27226789ns          478748 1c009406 034a0633 mul              x12, x20, x20       x12=00000a90 x20:ffffffcc x20:ffffffcc
27226809ns          478749 1c00940a 03398733 mul              x14, x19, x19       x14=00000031 x19:fffffff9 x19:fffffff9
27226868ns          478752 1c00940e 034787b3 mul              x15, x15, x20       x15=fffffd5c x15:0000000d x20:ffffffcc
27226908ns          478754 1c009412 033585b3 mul              x11, x11, x19       x11=0000001c x11:fffffffc x19:fffffff9
27226928ns          478755 1c009416 40a75713 srai             x14, x14, 0x40a     x14=00000000 x14:00000031
27226948ns          478756 1c009418 40a5d593 srai             x11, x11, 0x40a     x11=00000000 x11:0000001c
27226968ns          478757 1c00941a 40a65613 srai             x12, x12, 0x40a     x12=00000002 x12:00000a90
27226988ns          478758 1c00941c 40a7d793 srai             x15, x15, 0x40a     x15=ffffffff x15:fffffd5c
27227008ns          478759 1c00941e 1c0034b7 lui              x9, 0x1c003000       x9=1c003000
27227028ns          478760 1c009422 00e60633 add              x12, x12, x14       x12=00000002 x12:00000002 x14:00000000
27227047ns          478761 1c009424 40b787b3 sub              x15, x15, x11       x15=ffffffff x15:ffffffff x11:00000000
27227067ns          478762 1c009426 eb048493 addi             x9, x9, -336         x9=1c002eb0  x9:1c003000
27227087ns          478763 1c00942a 1c0032b7 lui              x5, 0x1c003000       x5=1c003000
27227107ns          478764 1c00942e 1c0035b7 lui              x11, 0x1c003000     x11=1c003000
27227127ns          478765 1c009432 018483b3 add              x7, x9, x24          x7=1c002ebe  x9:1c002eb0 x24:0000000e
27227147ns          478766 1c009436 02812e83 lw               x29, 40(x2)         x29=1c002ece  x2:10003cd8  PA:10003d00
27227167ns          478767 1c009438 10065633 p.exthz          x12, x12, x0        x12=00000002 x12:00000002
27227187ns          478768 1c00943c e8028293 addi             x5, x5, -384         x5=1c002e80  x5:1c003000
27227206ns          478769 1c009440 ea058593 addi             x11, x11, -352      x11=1c002ea0 x11:1c003000
27227226ns          478770 1c009444 03812483 lw               x9, 56(x2)           x9=1c002eee  x2:10003cd8  PA:10003d10
27227246ns          478771 1c009446 10064733 p.exths          x14, x12, x0        x14=00000002 x12:00000002
27227266ns          478772 1c00944a 018280b3 add              x1, x5, x24          x1=1c002e8e  x5:1c002e80 x24:0000000e
27227286ns          478773 1c00944e 03012f03 lw               x30, 48(x2)         x30=1c002ede  x2:10003cd8  PA:10003d08
27227306ns          478774 1c009450 018582b3 add              x5, x11, x24         x5=1c002eae x11:1c002ea0 x24:0000000e
27227326ns          478775 1c009454 04012583 lw               x11, 64(x2)         x11=1c002efe  x2:10003cd8  PA:10003d18
27227346ns          478776 1c009456 000edd83 lhu              x27, 0(x29)         x27=000018d8 x29:1c002ece  PA:1c002ece
27227644ns          478791 1c00945a 0004d483 lhu              x9, 0(x9)            x9=000003dc  x9:1c002eee  PA:1c002eee
27228022ns          478810 1c00945e 02e70333 mul              x6, x14, x14         x6=00000004 x14:00000002 x14:00000002
27228042ns          478811 1c009462 40a55513 srai             x10, x10, 0x40a     x10=ffffffff x10:ffffffa5
27228062ns          478812 1c009464 04812e83 lw               x29, 72(x2)         x29=1c002f0e  x2:10003cd8  PA:10003d20
27228082ns          478813 1c009466 40a6d693 srai             x13, x13, 0x40a     x13=00000000 x13:000000d0
27228101ns          478814 1c009468 000f5d03 lhu              x26, 0(x30)         x26=000007e4 x30:1c002ede  PA:1c002ede
27228459ns          478832 1c00946c 0005d583 lhu              x11, 0(x11)         x11=00000265 x11:1c002efe  PA:1c002efe
27228758ns          478847 1c009470 40a35313 srai             x6, x6, 0x40a        x6=00000000  x6:00000004
27228778ns          478848 1c009474 00a686b3 add              x13, x13, x10       x13=ffffffff x13:00000000 x10:ffffffff
27228798ns          478849 1c009476 05012f03 lw               x30, 80(x2)         x30=1c002e7e  x2:10003cd8  PA:10003d28
27228817ns          478850 1c009478 10034e33 p.exths          x28, x6, x0         x28=00000000  x6:00000000
27228837ns          478851 1c00947c 06911023 sh               x9, 96(x2)           x9:000003dc  x2:10003cd8  PA:10003d38
27228857ns          478852 1c009480 000ede83 lhu              x29, 0(x29)         x29=000001a9 x29:1c002f0e  PA:1c002f0e
27229175ns          478868 1c009484 05812483 lw               x9, 88(x2)           x9=1c002e6e  x2:10003cd8  PA:10003d30
27229195ns          478869 1c009486 1006d6b3 p.exthz          x13, x13, x0        x13=0000ffff x13:ffffffff
27229215ns          478870 1c00948a 02ee08b3 mul              x17, x28, x14       x17=00000000 x28:00000000 x14:00000002
27229235ns          478871 1c00948e 1006c833 p.exths          x16, x13, x0        x16=ffffffff x13:0000ffff
27229255ns          478872 1c009492 06b11823 sh               x11, 112(x2)        x11:00000265  x2:10003cd8  PA:10003d48
27229275ns          478873 1c009496 000f5f03 lhu              x30, 0(x30)         x30=0000fedd x30:1c002e7e  PA:1c002e7e
27229633ns          478891 1c00949a 0a012583 lw               x11, 160(x2)        x11=1c002e9e  x2:10003cd8  PA:10003d78
27229653ns          478892 1c00949c 1007d7b3 p.exthz          x15, x15, x0        x15=0000ffff x15:ffffffff
27229673ns          478893 1c0094a0 0004da03 lhu              x20, 0(x9)          x20=0000fa3d  x9:1c002e6e  PA:1c002e6e
27230011ns          478910 1c0094a4 1007c533 p.exths          x10, x15, x0        x10=ffffffff x15:0000ffff
27230031ns          478911 1c0094a8 09d11023 sh               x29, 128(x2)        x29:000001a9  x2:10003cd8  PA:10003d58
27230050ns          478912 1c0094ac 0003d483 lhu              x9, 0(x7)            x9=0000ffb1  x7:1c002ebe  PA:1c002ebe
27230349ns          478927 1c0094b0 02e80eb3 mul              x29, x16, x14       x29=fffffffe x16:ffffffff x14:00000002
27230369ns          478928 1c0094b4 40a8d893 srai             x17, x17, 0x40a     x17=00000000 x17:00000000
27230389ns          478929 1c0094b8 03c80833 mul              x16, x16, x28       x16=00000000 x16:ffffffff x28:00000000
27230408ns          478930 1c0094bc 09e11823 sh               x30, 144(x2)        x30:0000fedd  x2:10003cd8  PA:10003d68
27230428ns          478931 1c0094c0 0005d983 lhu              x19, 0(x11)         x19=0000ff7f x11:1c002e9e  PA:1c002e9e
27230727ns          478946 1c0094c4 81c88f5b p.muls           x30, x17, x28       x30=00000000 x17:00000000 x28:00000000
27230747ns          478947 1c0094c8 0002d583 lhu              x11, 0(x5)          x11=0000fed3  x5:1c002eae  PA:1c002eae
27231085ns          478964 1c0094cc 03ce0fb3 mul              x31, x28, x28       x31=00000000 x28:00000000 x28:00000000
27231105ns          478965 1c0094d0 02e50733 mul              x14, x10, x14       x14=fffffffe x10:ffffffff x14:00000002
27231124ns          478966 1c0094d4 40a85813 srai             x16, x16, 0x40a     x16=00000000 x16:00000000
27231144ns          478967 1c0094d8 03c50533 mul              x10, x10, x28       x10=00000000 x10:ffffffff x28:00000000
27231164ns          478968 1c0094dc 07015e03 lhu              x28, 112(x2)        x28=00000265  x2:10003cd8  PA:10003d48
27231204ns          478970 1c0094e0 01b60633 add              x12, x12, x27       x12=000018da x12:00000002 x27:000018d8
27231224ns          478971 1c0094e2 00980833 add              x16, x16, x9        x16=0000ffb1 x16:00000000  x9:0000ffb1
27231244ns          478972 1c0094e4 06015d83 lhu              x27, 96(x2)         x27=000003dc  x2:10003cd8  PA:10003d38
27231264ns          478973 1c0094e8 02812483 lw               x9, 40(x2)           x9=1c002ece  x2:10003cd8  PA:10003d00
27231284ns          478974 1c0094ea 40afdf93 srai             x31, x31, 0x40a     x31=00000000 x31:00000000
27231303ns          478975 1c0094ee 40a55513 srai             x10, x10, 0x40a     x10=00000000 x10:00000000
27231323ns          478976 1c0094f0 01cf8fb3 add              x31, x31, x28       x31=00000265 x31:00000000 x28:00000265
27231343ns          478977 1c0094f2 00b50533 add              x10, x10, x11       x10=0000fed3 x10:00000000 x11:0000fed3
27231363ns          478978 1c0094f4 09015e03 lhu              x28, 144(x2)        x28=0000fedd  x2:10003cd8  PA:10003d68
27231383ns          478979 1c0094f8 03012583 lw               x11, 48(x2)         x11=1c002ede  x2:10003cd8  PA:10003d08
27231403ns          478980 1c0094fa 00c49023 sh               x12, 0(x9)          x12:000018da  x9:1c002ece  PA:1c002ece
27231741ns          478997 1c0094fe 01b888b3 add              x17, x17, x27       x17=000003dc x17:00000000 x27:000003dc
27231761ns          478998 1c009500 01a30333 add              x6, x6, x26          x6=000007e4  x6:00000000 x26:000007e4
27231781ns          478999 1c009502 08015d83 lhu              x27, 128(x2)        x27=000001a9  x2:10003cd8  PA:10003d58
27231801ns          479000 1c009506 0000d903 lhu              x18, 0(x1)          x18=0000fdd0  x1:1c002e8e  PA:1c002e8e
27232119ns          479016 1c00950a 01c686b3 add              x13, x13, x28       x13=0001fedc x13:0000ffff x28:0000fedd
27232139ns          479017 1c00950c 00659023 sh               x6, 0(x11)           x6:000007e4 x11:1c002ede  PA:1c002ede
27232457ns          479033 1c009510 40af5f13 srai             x30, x30, 0x40a     x30=00000000 x30:00000000
27232477ns          479034 1c009514 04812e03 lw               x28, 72(x2)         x28=1c002f0e  x2:10003cd8  PA:10003d20
27232497ns          479035 1c009516 01bf0f33 add              x30, x30, x27       x30=000001a9 x30:00000000 x27:000001a9
27232517ns          479036 1c009518 40aede93 srai             x29, x29, 0x40a     x29=ffffffff x29:fffffffe
27232536ns          479037 1c00951c 40a75713 srai             x14, x14, 0x40a     x14=ffffffff x14:fffffffe
27232556ns          479038 1c00951e 03812603 lw               x12, 56(x2)         x12=1c002eee  x2:10003cd8  PA:10003d10
27232576ns          479039 1c009520 04012d83 lw               x27, 64(x2)         x27=1c002efe  x2:10003cd8  PA:10003d18
27232596ns          479040 1c009522 01ee1023 sh               x30, 0(x28)         x30:000001a9 x28:1c002f0e  PA:1c002f0e
27232914ns          479056 1c009526 05812483 lw               x9, 88(x2)           x9=1c002e6e  x2:10003cd8  PA:10003d30
27232934ns          479057 1c009528 05012f03 lw               x30, 80(x2)         x30=1c002e7e  x2:10003cd8  PA:10003d28
27232954ns          479058 1c00952a 0a012583 lw               x11, 160(x2)        x11=1c002e9e  x2:10003cd8  PA:10003d78
27232974ns          479059 1c00952c 014787b3 add              x15, x15, x20       x15=0001fa3c x15:0000ffff x20:0000fa3d
27232994ns          479060 1c00952e 013e8eb3 add              x29, x29, x19       x29=0000ff7e x29:ffffffff x19:0000ff7f
27233014ns          479061 1c009530 01270733 add              x14, x14, x18       x14=0000fdcf x14:ffffffff x18:0000fdd0
27233034ns          479062 1c009532 00f49023 sh               x15, 0(x9)          x15:0001fa3c  x9:1c002e6e  PA:1c002e6e
27233352ns          479078 1c009536 01161023 sh               x17, 0(x12)         x17:000003dc x12:1c002eee  PA:1c002eee
27233670ns          479094 1c00953a 01fd9023 sh               x31, 0(x27)         x31:00000265 x27:1c002efe  PA:1c002efe
27233988ns          479110 1c00953e 00df1023 sh               x13, 0(x30)         x13:0001fedc x30:1c002e7e  PA:1c002e7e
27234307ns          479126 1c009542 01d59023 sh               x29, 0(x11)         x29:0000ff7e x11:1c002e9e  PA:1c002e9e
27234645ns          479143 1c009546 00e09023 sh               x14, 0(x1)          x14:0000fdcf  x1:1c002e8e  PA:1c002e8e
27234963ns          479159 1c00954a 01039023 sh               x16, 0(x7)          x16:0000ffb1  x7:1c002ebe  PA:1c002ebe
27235301ns          479176 1c00954e 00a29023 sh               x10, 0(x5)          x10:0000fed3  x5:1c002eae  PA:1c002eae
27235639ns          479193 1c009552 008b0b13 addi             x22, x22, 8         x22=00000167 x22:0000015f
27235659ns          479194 1c009554 1f300793 addi             x15, x0, 499        x15=000001f3
27235679ns          479195 1c009558 e767dae3 bge              x15, x22, -396      x15:000001f3 x22:00000167
27235738ns          479198 1c0093cc 010c9a0b p.lh             x20, 16(x25!)       x20=fffffe2a x25=1c002966 x25:1c002956  PA:1c002956
27236057ns          479214 1c0093d0 0104198b p.lh             x19, 16(x8!)        x19=00000046  x8=1c00212e  x8:1c00211e  PA:1c00211e
27236375ns          479230 1c0093d4 2cc10513 addi             x10, x2, 716        x10=10003fa4  x2:10003cd8
27236395ns          479231 1c0093d6 010a990b p.lh             x18, 16(x21!)       x18=fffffe47 x21=1c00195a x21:1c00194a  PA:1c00194a
27236693ns          479246 1c0093da 010b948b p.lh             x9, 16(x23!)         x9=00000084 x23=1c00118a x23:1c00117a  PA:1c00117a
27237011ns          479262 1c0093de 2d411623 sh               x20, 716(x2)        x20:fffffe2a  x2:10003cd8  PA:10003fa4
27237031ns          479263 1c0093e2 2d311723 sh               x19, 718(x2)        x19:00000046  x2:10003cd8  PA:10003fa6
27237051ns          479264 1c0093e6 c33ff0ef jal              x1, -974             x1=1c0093e8
27237131ns          479268 1c009018 00051803 lh               x16, 0(x10)         x16=fffffe2a x10:10003fa4  PA:10003fa4
27237170ns          479270 1c00901c 00251883 lh               x17, 2(x10)         x17=00000046 x10:10003fa4  PA:10003fa6
27237230ns          479273 1c009020 030806b3 mul              x13, x16, x16       x13=00035ee4 x16:fffffe2a x16:fffffe2a
27237270ns          479275 1c009024 03188633 mul              x12, x17, x17       x12=00001324 x17:00000046 x17:00000046
27237290ns          479276 1c009028 40a65613 srai             x12, x12, 0x40a     x12=00000004 x12:00001324
27237310ns          479277 1c00902a 40a6d693 srai             x13, x13, 0x40a     x13=000000d7 x13:00035ee4
27237329ns          479278 1c00902c 00c686b3 add              x13, x13, x12       x13=000000db x13:000000d7 x12:00000004
27237349ns          479279 1c00902e 1006c633 p.exths          x12, x13, x0        x12=000000db x13:000000db
27237369ns          479280 1c009032 00855703 lhu              x14, 8(x10)         x14=0000ffd1 x10:10003fa4  PA:10003fac
27237389ns          479281 1c009036 00a55683 lhu              x13, 10(x10)        x13=0000ff6a x10:10003fa4  PA:10003fae
27237409ns          479282 1c00903a 02c60333 mul              x6, x12, x12         x6=0000bb59 x12:000000db x12:000000db
27237429ns          479283 1c00903e 00c55783 lhu              x15, 12(x10)        x15=0000ffe5 x10:10003fa4  PA:10003fb0
27237449ns          479284 1c009042 00e55583 lhu              x11, 14(x10)        x11=00000060 x10:10003fa4  PA:10003fb2
27237469ns          479285 1c009046 dea30333 p.extract        x6, x6, 15, 10       x6=0000002e  x6:0000bb59
27237489ns          479286 1c00904a 80c7075b p.muls           x14, x14, x12       x14=ffffd7cb x14:0000ffd1 x12:000000db
27237508ns          479287 1c00904e 80c686db p.muls           x13, x13, x12       x13=ffff7fae x13:0000ff6a x12:000000db
27237528ns          479288 1c009052 00455e83 lhu              x29, 4(x10)         x29=00000427 x10:10003fa4  PA:10003fa8
27237548ns          479289 1c009056 00655e03 lhu              x28, 6(x10)         x28=0000007f x10:10003fa4  PA:10003faa
27237568ns          479290 1c00905a 40a75713 srai             x14, x14, 0x40a     x14=fffffff5 x14:ffffd7cb
27237588ns          479291 1c00905c 806787db p.muls           x15, x15, x6        x15=fffffb26 x15:0000ffe5  x6:0000002e
27237608ns          479292 1c009060 40a6d693 srai             x13, x13, 0x40a     x13=ffffffdf x13:ffff7fae
27237628ns          479293 1c009062 8065865b p.muls           x12, x11, x6        x12=00001140 x11:00000060  x6:0000002e
27237648ns          479294 1c009066 40a7d793 srai             x15, x15, 0x40a     x15=fffffffe x15:fffffb26
27237668ns          479295 1c009068 40a65613 srai             x12, x12, 0x40a     x12=00000004 x12:00001140
27237687ns          479296 1c00906a 01d70733 add              x14, x14, x29       x14=0000041c x14:fffffff5 x29:00000427
27237707ns          479297 1c00906c 01c686b3 add              x13, x13, x28       x13=0000005e x13:ffffffdf x28:0000007f
27237727ns          479298 1c00906e 00c686b3 add              x13, x13, x12       x13=00000062 x13:0000005e x12:00000004
27237747ns          479299 1c009070 00f70733 add              x14, x14, x15       x14=0000041a x14:0000041c x15:fffffffe
27237767ns          479300 1c009072 100747b3 p.exths          x15, x14, x0        x15=0000041a x14:0000041a
27237787ns          479301 1c009076 1006c733 p.exths          x14, x13, x0        x14=00000062 x13:00000062
27237807ns          479302 1c00907a 03170633 mul              x12, x14, x17       x12=00001acc x14:00000062 x17:00000046
27237827ns          479303 1c00907e 030786b3 mul              x13, x15, x16       x13=fff87844 x15:0000041a x16:fffffe2a
27237847ns          479304 1c009082 03070733 mul              x14, x14, x16       x14=ffff4c14 x14:00000062 x16:fffffe2a
27237866ns          479305 1c009086 031787b3 mul              x15, x15, x17       x15=00011f1c x15:0000041a x17:00000046
27237886ns          479306 1c00908a 40a6d693 srai             x13, x13, 0x40a     x13=fffffe1e x13:fff87844
27237906ns          479307 1c00908c 40a65613 srai             x12, x12, 0x40a     x12=00000006 x12:00001acc
27237926ns          479308 1c00908e 40a7d793 srai             x15, x15, 0x40a     x15=00000047 x15:00011f1c
27237946ns          479309 1c009090 40a75713 srai             x14, x14, 0x40a     x14=ffffffd3 x14:ffff4c14
27237966ns          479310 1c009092 40c686b3 sub              x13, x13, x12       x13=fffffe18 x13:fffffe1e x12:00000006
27237986ns          479311 1c009094 00e787b3 add              x15, x15, x14       x15=0000001a x15:00000047 x14:ffffffd3
27238006ns          479312 1c009096 00d51823 sh               x13, 16(x10)        x13:fffffe18 x10:10003fa4  PA:10003fb4
27238026ns          479313 1c00909a 00f51923 sh               x15, 18(x10)        x15:0000001a x10:10003fa4  PA:10003fb6
27238045ns          479314 1c00909e 00008067 jalr             x0, x1, 0            x1:1c0093e8
27238125ns          479318 1c0093e8 2dc15583 lhu              x11, 732(x2)        x11=0000fe18  x2:10003cd8  PA:10003fb4
27238145ns          479319 1c0093ec 2de15783 lhu              x15, 734(x2)        x15=0000001a  x2:10003cd8  PA:10003fb6
27238165ns          479320 1c0093f0 40b90933 sub              x18, x18, x11       x18=ffff002f x18:fffffe47 x11:0000fe18
27238185ns          479321 1c0093f4 40f484b3 sub              x9, x9, x15          x9=0000006a  x9:00000084 x15:0000001a
27238205ns          479322 1c0093f6 100945b3 p.exths          x11, x18, x0        x11=0000002f x18:ffff002f
27238224ns          479323 1c0093fa 1004c7b3 p.exths          x15, x9, x0         x15=0000006a  x9:0000006a
27238244ns          479324 1c0093fe 034586b3 mul              x13, x11, x20       x13=ffffa9b6 x11:0000002f x20:fffffe2a
27238264ns          479325 1c009402 03378533 mul              x10, x15, x19       x10=00001cfc x15:0000006a x19:00000046
27238284ns          479326 1c009406 034a0633 mul              x12, x20, x20       x12=00035ee4 x20:fffffe2a x20:fffffe2a
27238304ns          479327 1c00940a 03398733 mul              x14, x19, x19       x14=00001324 x19:00000046 x19:00000046
27238324ns          479328 1c00940e 034787b3 mul              x15, x15, x20       x15=ffff3d64 x15:0000006a x20:fffffe2a
27238344ns          479329 1c009412 033585b3 mul              x11, x11, x19       x11=00000cda x11:0000002f x19:00000046
27238364ns          479330 1c009416 40a75713 srai             x14, x14, 0x40a     x14=00000004 x14:00001324
27238384ns          479331 1c009418 40a5d593 srai             x11, x11, 0x40a     x11=00000003 x11:00000cda
27238403ns          479332 1c00941a 40a65613 srai             x12, x12, 0x40a     x12=000000d7 x12:00035ee4
27238423ns          479333 1c00941c 40a7d793 srai             x15, x15, 0x40a     x15=ffffffcf x15:ffff3d64
27238443ns          479334 1c00941e 1c0034b7 lui              x9, 0x1c003000       x9=1c003000
27238463ns          479335 1c009422 00e60633 add              x12, x12, x14       x12=000000db x12:000000d7 x14:00000004
27238483ns          479336 1c009424 40b787b3 sub              x15, x15, x11       x15=ffffffcc x15:ffffffcf x11:00000003
27238503ns          479337 1c009426 eb048493 addi             x9, x9, -336         x9=1c002eb0  x9:1c003000
27238523ns          479338 1c00942a 1c0032b7 lui              x5, 0x1c003000       x5=1c003000
27238543ns          479339 1c00942e 1c0035b7 lui              x11, 0x1c003000     x11=1c003000
27238563ns          479340 1c009432 018483b3 add              x7, x9, x24          x7=1c002ebe  x9:1c002eb0 x24:0000000e
27238582ns          479341 1c009436 02812e83 lw               x29, 40(x2)         x29=1c002ece  x2:10003cd8  PA:10003d00
27238602ns          479342 1c009438 10065633 p.exthz          x12, x12, x0        x12=000000db x12:000000db
27238622ns          479343 1c00943c e8028293 addi             x5, x5, -384         x5=1c002e80  x5:1c003000
27238642ns          479344 1c009440 ea058593 addi             x11, x11, -352      x11=1c002ea0 x11:1c003000
27238662ns          479345 1c009444 03812483 lw               x9, 56(x2)           x9=1c002eee  x2:10003cd8  PA:10003d10
27238682ns          479346 1c009446 10064733 p.exths          x14, x12, x0        x14=000000db x12:000000db
27238702ns          479347 1c00944a 018280b3 add              x1, x5, x24          x1=1c002e8e  x5:1c002e80 x24:0000000e
27238722ns          479348 1c00944e 03012f03 lw               x30, 48(x2)         x30=1c002ede  x2:10003cd8  PA:10003d08
27238742ns          479349 1c009450 018582b3 add              x5, x11, x24         x5=1c002eae x11:1c002ea0 x24:0000000e
27238761ns          479350 1c009454 04012583 lw               x11, 64(x2)         x11=1c002efe  x2:10003cd8  PA:10003d18
27238781ns          479351 1c009456 000edd83 lhu              x27, 0(x29)         x27=000018da x29:1c002ece  PA:1c002ece
27239080ns          479366 1c00945a 0004d483 lhu              x9, 0(x9)            x9=000003dc  x9:1c002eee  PA:1c002eee
27239378ns          479381 1c00945e 02e70333 mul              x6, x14, x14         x6=0000bb59 x14:000000db x14:000000db
27239398ns          479382 1c009462 40a55513 srai             x10, x10, 0x40a     x10=00000007 x10:00001cfc
27239418ns          479383 1c009464 04812e83 lw               x29, 72(x2)         x29=1c002f0e  x2:10003cd8  PA:10003d20
27239438ns          479384 1c009466 40a6d693 srai             x13, x13, 0x40a     x13=ffffffea x13:ffffa9b6
27239458ns          479385 1c009468 000f5d03 lhu              x26, 0(x30)         x26=000007e4 x30:1c002ede  PA:1c002ede
27239815ns          479403 1c00946c 0005d583 lhu              x11, 0(x11)         x11=00000265 x11:1c002efe  PA:1c002efe
27240173ns          479421 1c009470 40a35313 srai             x6, x6, 0x40a        x6=0000002e  x6:0000bb59
27240193ns          479422 1c009474 00a686b3 add              x13, x13, x10       x13=fffffff1 x13:ffffffea x10:00000007
27240213ns          479423 1c009476 05012f03 lw               x30, 80(x2)         x30=1c002e7e  x2:10003cd8  PA:10003d28
27240233ns          479424 1c009478 10034e33 p.exths          x28, x6, x0         x28=0000002e  x6:0000002e
27240253ns          479425 1c00947c 06911023 sh               x9, 96(x2)           x9:000003dc  x2:10003cd8  PA:10003d38
27240273ns          479426 1c009480 000ede83 lhu              x29, 0(x29)         x29=000001a9 x29:1c002f0e  PA:1c002f0e
27240571ns          479441 1c009484 05812483 lw               x9, 88(x2)           x9=1c002e6e  x2:10003cd8  PA:10003d30
27240591ns          479442 1c009486 1006d6b3 p.exthz          x13, x13, x0        x13=0000fff1 x13:fffffff1
27240611ns          479443 1c00948a 02ee08b3 mul              x17, x28, x14       x17=0000275a x28:0000002e x14:000000db
27240631ns          479444 1c00948e 1006c833 p.exths          x16, x13, x0        x16=fffffff1 x13:0000fff1
27240651ns          479445 1c009492 06b11823 sh               x11, 112(x2)        x11:00000265  x2:10003cd8  PA:10003d48
27240671ns          479446 1c009496 000f5f03 lhu              x30, 0(x30)         x30=0000fedc x30:1c002e7e  PA:1c002e7e
27241068ns          479466 1c00949a 0a012583 lw               x11, 160(x2)        x11=1c002e9e  x2:10003cd8  PA:10003d78
27241088ns          479467 1c00949c 1007d7b3 p.exthz          x15, x15, x0        x15=0000ffcc x15:ffffffcc
27241108ns          479468 1c0094a0 0004da03 lhu              x20, 0(x9)          x20=0000fa3c  x9:1c002e6e  PA:1c002e6e
27241466ns          479486 1c0094a4 1007c533 p.exths          x10, x15, x0        x10=ffffffcc x15:0000ffcc
27241486ns          479487 1c0094a8 09d11023 sh               x29, 128(x2)        x29:000001a9  x2:10003cd8  PA:10003d58
27241506ns          479488 1c0094ac 0003d483 lhu              x9, 0(x7)            x9=0000ffb1  x7:1c002ebe  PA:1c002ebe
27241804ns          479503 1c0094b0 02e80eb3 mul              x29, x16, x14       x29=fffff32b x16:fffffff1 x14:000000db
27241824ns          479504 1c0094b4 40a8d893 srai             x17, x17, 0x40a     x17=00000009 x17:0000275a
27241844ns          479505 1c0094b8 03c80833 mul              x16, x16, x28       x16=fffffd4e x16:fffffff1 x28:0000002e
27241864ns          479506 1c0094bc 09e11823 sh               x30, 144(x2)        x30:0000fedc  x2:10003cd8  PA:10003d68
27241884ns          479507 1c0094c0 0005d983 lhu              x19, 0(x11)         x19=0000ff7e x11:1c002e9e  PA:1c002e9e
27242182ns          479522 1c0094c4 81c88f5b p.muls           x30, x17, x28       x30=0000019e x17:00000009 x28:0000002e
27242202ns          479523 1c0094c8 0002d583 lhu              x11, 0(x5)          x11=0000fed3  x5:1c002eae  PA:1c002eae
27242500ns          479538 1c0094cc 03ce0fb3 mul              x31, x28, x28       x31=00000844 x28:0000002e x28:0000002e
27242520ns          479539 1c0094d0 02e50733 mul              x14, x10, x14       x14=ffffd384 x10:ffffffcc x14:000000db
27242540ns          479540 1c0094d4 40a85813 srai             x16, x16, 0x40a     x16=ffffffff x16:fffffd4e
27242560ns          479541 1c0094d8 03c50533 mul              x10, x10, x28       x10=fffff6a8 x10:ffffffcc x28:0000002e
27242580ns          479542 1c0094dc 07015e03 lhu              x28, 112(x2)        x28=00000265  x2:10003cd8  PA:10003d48
27242620ns          479544 1c0094e0 01b60633 add              x12, x12, x27       x12=000019b5 x12:000000db x27:000018da
27242640ns          479545 1c0094e2 00980833 add              x16, x16, x9        x16=0000ffb0 x16:ffffffff  x9:0000ffb1
27242659ns          479546 1c0094e4 06015d83 lhu              x27, 96(x2)         x27=000003dc  x2:10003cd8  PA:10003d38
27242679ns          479547 1c0094e8 02812483 lw               x9, 40(x2)           x9=1c002ece  x2:10003cd8  PA:10003d00
27242699ns          479548 1c0094ea 40afdf93 srai             x31, x31, 0x40a     x31=00000002 x31:00000844
27242719ns          479549 1c0094ee 40a55513 srai             x10, x10, 0x40a     x10=fffffffd x10:fffff6a8
27242739ns          479550 1c0094f0 01cf8fb3 add              x31, x31, x28       x31=00000267 x31:00000002 x28:00000265
27242759ns          479551 1c0094f2 00b50533 add              x10, x10, x11       x10=0000fed0 x10:fffffffd x11:0000fed3
27242779ns          479552 1c0094f4 09015e03 lhu              x28, 144(x2)        x28=0000fedc  x2:10003cd8  PA:10003d68
27242799ns          479553 1c0094f8 03012583 lw               x11, 48(x2)         x11=1c002ede  x2:10003cd8  PA:10003d08
27242819ns          479554 1c0094fa 00c49023 sh               x12, 0(x9)          x12:000019b5  x9:1c002ece  PA:1c002ece
27243137ns          479570 1c0094fe 01b888b3 add              x17, x17, x27       x17=000003e5 x17:00000009 x27:000003dc
27243157ns          479571 1c009500 01a30333 add              x6, x6, x26          x6=00000812  x6:0000002e x26:000007e4
27243177ns          479572 1c009502 08015d83 lhu              x27, 128(x2)        x27=000001a9  x2:10003cd8  PA:10003d58
27243196ns          479573 1c009506 0000d903 lhu              x18, 0(x1)          x18=0000fdcf  x1:1c002e8e  PA:1c002e8e
27243495ns          479588 1c00950a 01c686b3 add              x13, x13, x28       x13=0001fecd x13:0000fff1 x28:0000fedc
27243515ns          479589 1c00950c 00659023 sh               x6, 0(x11)           x6:00000812 x11:1c002ede  PA:1c002ede
27243833ns          479605 1c009510 40af5f13 srai             x30, x30, 0x40a     x30=00000000 x30:0000019e
27243853ns          479606 1c009514 04812e03 lw               x28, 72(x2)         x28=1c002f0e  x2:10003cd8  PA:10003d20
27243873ns          479607 1c009516 01bf0f33 add              x30, x30, x27       x30=000001a9 x30:00000000 x27:000001a9
27243893ns          479608 1c009518 40aede93 srai             x29, x29, 0x40a     x29=fffffffc x29:fffff32b
27243912ns          479609 1c00951c 40a75713 srai             x14, x14, 0x40a     x14=fffffff4 x14:ffffd384
27243932ns          479610 1c00951e 03812603 lw               x12, 56(x2)         x12=1c002eee  x2:10003cd8  PA:10003d10
27243952ns          479611 1c009520 04012d83 lw               x27, 64(x2)         x27=1c002efe  x2:10003cd8  PA:10003d18
27243972ns          479612 1c009522 01ee1023 sh               x30, 0(x28)         x30:000001a9 x28:1c002f0e  PA:1c002f0e
27244290ns          479628 1c009526 05812483 lw               x9, 88(x2)           x9=1c002e6e  x2:10003cd8  PA:10003d30
27244310ns          479629 1c009528 05012f03 lw               x30, 80(x2)         x30=1c002e7e  x2:10003cd8  PA:10003d28
27244330ns          479630 1c00952a 0a012583 lw               x11, 160(x2)        x11=1c002e9e  x2:10003cd8  PA:10003d78
27244350ns          479631 1c00952c 014787b3 add              x15, x15, x20       x15=0001fa08 x15:0000ffcc x20:0000fa3c
27244370ns          479632 1c00952e 013e8eb3 add              x29, x29, x19       x29=0000ff7a x29:fffffffc x19:0000ff7e
27244390ns          479633 1c009530 01270733 add              x14, x14, x18       x14=0000fdc3 x14:fffffff4 x18:0000fdcf
27244410ns          479634 1c009532 00f49023 sh               x15, 0(x9)          x15:0001fa08  x9:1c002e6e  PA:1c002e6e
27244728ns          479650 1c009536 01161023 sh               x17, 0(x12)         x17:000003e5 x12:1c002eee  PA:1c002eee
27245066ns          479667 1c00953a 01fd9023 sh               x31, 0(x27)         x31:00000267 x27:1c002efe  PA:1c002efe
27245404ns          479684 1c00953e 00df1023 sh               x13, 0(x30)         x13:0001fecd x30:1c002e7e  PA:1c002e7e
27245722ns          479700 1c009542 01d59023 sh               x29, 0(x11)         x29:0000ff7a x11:1c002e9e  PA:1c002e9e
27246060ns          479717 1c009546 00e09023 sh               x14, 0(x1)          x14:0000fdc3  x1:1c002e8e  PA:1c002e8e
27246379ns          479733 1c00954a 01039023 sh               x16, 0(x7)          x16:0000ffb0  x7:1c002ebe  PA:1c002ebe
27246697ns          479749 1c00954e 00a29023 sh               x10, 0(x5)          x10:0000fed0  x5:1c002eae  PA:1c002eae
27247015ns          479765 1c009552 008b0b13 addi             x22, x22, 8         x22=0000016f x22:00000167
27247035ns          479766 1c009554 1f300793 addi             x15, x0, 499        x15=000001f3
27247055ns          479767 1c009558 e767dae3 bge              x15, x22, -396      x15:000001f3 x22:0000016f
27247114ns          479770 1c0093cc 010c9a0b p.lh             x20, 16(x25!)       x20=000000fe x25=1c002976 x25:1c002966  PA:1c002966
27247512ns          479790 1c0093d0 0104198b p.lh             x19, 16(x8!)        x19=0000014b  x8=1c00213e  x8:1c00212e  PA:1c00212e
27247810ns          479805 1c0093d4 2cc10513 addi             x10, x2, 716        x10=10003fa4  x2:10003cd8
27247830ns          479806 1c0093d6 010a990b p.lh             x18, 16(x21!)       x18=0000012d x21=1c00196a x21:1c00195a  PA:1c00195a
27248149ns          479822 1c0093da 010b948b p.lh             x9, 16(x23!)         x9=00000133 x23=1c00119a x23:1c00118a  PA:1c00118a
27248447ns          479837 1c0093de 2d411623 sh               x20, 716(x2)        x20:000000fe  x2:10003cd8  PA:10003fa4
27248467ns          479838 1c0093e2 2d311723 sh               x19, 718(x2)        x19:0000014b  x2:10003cd8  PA:10003fa6
27248487ns          479839 1c0093e6 c33ff0ef jal              x1, -974             x1=1c0093e8
27248526ns          479841 1c009018 00051803 lh               x16, 0(x10)         x16=000000fe x10:10003fa4  PA:10003fa4
27248546ns          479842 1c00901c 00251883 lh               x17, 2(x10)         x17=0000014b x10:10003fa4  PA:10003fa6
27248566ns          479843 1c009020 030806b3 mul              x13, x16, x16       x13=0000fc04 x16:000000fe x16:000000fe
27248586ns          479844 1c009024 03188633 mul              x12, x17, x17       x12=0001abf9 x17:0000014b x17:0000014b
27248606ns          479845 1c009028 40a65613 srai             x12, x12, 0x40a     x12=0000006a x12:0001abf9
27248626ns          479846 1c00902a 40a6d693 srai             x13, x13, 0x40a     x13=0000003f x13:0000fc04
27248646ns          479847 1c00902c 00c686b3 add              x13, x13, x12       x13=000000a9 x13:0000003f x12:0000006a
27248666ns          479848 1c00902e 1006c633 p.exths          x12, x13, x0        x12=000000a9 x13:000000a9
27248686ns          479849 1c009032 00855703 lhu              x14, 8(x10)         x14=0000ffd1 x10:10003fa4  PA:10003fac
27248705ns          479850 1c009036 00a55683 lhu              x13, 10(x10)        x13=0000ff6a x10:10003fa4  PA:10003fae
27248725ns          479851 1c00903a 02c60333 mul              x6, x12, x12         x6=00006f91 x12:000000a9 x12:000000a9
27248745ns          479852 1c00903e 00c55783 lhu              x15, 12(x10)        x15=0000ffe5 x10:10003fa4  PA:10003fb0
27248765ns          479853 1c009042 00e55583 lhu              x11, 14(x10)        x11=00000060 x10:10003fa4  PA:10003fb2
27248785ns          479854 1c009046 dea30333 p.extract        x6, x6, 15, 10       x6=0000001b  x6:00006f91
27248805ns          479855 1c00904a 80c7075b p.muls           x14, x14, x12       x14=ffffe0f9 x14:0000ffd1 x12:000000a9
27248825ns          479856 1c00904e 80c686db p.muls           x13, x13, x12       x13=ffff9cfa x13:0000ff6a x12:000000a9
27248845ns          479857 1c009052 00455e83 lhu              x29, 4(x10)         x29=00000427 x10:10003fa4  PA:10003fa8
27248865ns          479858 1c009056 00655e03 lhu              x28, 6(x10)         x28=0000007f x10:10003fa4  PA:10003faa
27248884ns          479859 1c00905a 40a75713 srai             x14, x14, 0x40a     x14=fffffff8 x14:ffffe0f9
27248904ns          479860 1c00905c 806787db p.muls           x15, x15, x6        x15=fffffd27 x15:0000ffe5  x6:0000001b
27248924ns          479861 1c009060 40a6d693 srai             x13, x13, 0x40a     x13=ffffffe7 x13:ffff9cfa
27248964ns          479863 1c009062 8065865b p.muls           x12, x11, x6        x12=00000a20 x11:00000060  x6:0000001b
27248984ns          479864 1c009066 40a7d793 srai             x15, x15, 0x40a     x15=ffffffff x15:fffffd27
27249004ns          479865 1c009068 40a65613 srai             x12, x12, 0x40a     x12=00000002 x12:00000a20
27249024ns          479866 1c00906a 01d70733 add              x14, x14, x29       x14=0000041f x14:fffffff8 x29:00000427
27249044ns          479867 1c00906c 01c686b3 add              x13, x13, x28       x13=00000066 x13:ffffffe7 x28:0000007f
27249063ns          479868 1c00906e 00c686b3 add              x13, x13, x12       x13=00000068 x13:00000066 x12:00000002
27249083ns          479869 1c009070 00f70733 add              x14, x14, x15       x14=0000041e x14:0000041f x15:ffffffff
27249103ns          479870 1c009072 100747b3 p.exths          x15, x14, x0        x15=0000041e x14:0000041e
27249123ns          479871 1c009076 1006c733 p.exths          x14, x13, x0        x14=00000068 x13:00000068
27249143ns          479872 1c00907a 03170633 mul              x12, x14, x17       x12=00008678 x14:00000068 x17:0000014b
27249163ns          479873 1c00907e 030786b3 mul              x13, x15, x16       x13=000415c4 x15:0000041e x16:000000fe
27249183ns          479874 1c009082 03070733 mul              x14, x14, x16       x14=00006730 x14:00000068 x16:000000fe
27249203ns          479875 1c009086 031787b3 mul              x15, x15, x17       x15=000552ca x15:0000041e x17:0000014b
27249223ns          479876 1c00908a 40a6d693 srai             x13, x13, 0x40a     x13=00000105 x13:000415c4
27249242ns          479877 1c00908c 40a65613 srai             x12, x12, 0x40a     x12=00000021 x12:00008678
27249262ns          479878 1c00908e 40a7d793 srai             x15, x15, 0x40a     x15=00000154 x15:000552ca
27249282ns          479879 1c009090 40a75713 srai             x14, x14, 0x40a     x14=00000019 x14:00006730
27249302ns          479880 1c009092 40c686b3 sub              x13, x13, x12       x13=000000e4 x13:00000105 x12:00000021
27249322ns          479881 1c009094 00e787b3 add              x15, x15, x14       x15=0000016d x15:00000154 x14:00000019
27249342ns          479882 1c009096 00d51823 sh               x13, 16(x10)        x13:000000e4 x10:10003fa4  PA:10003fb4
27249362ns          479883 1c00909a 00f51923 sh               x15, 18(x10)        x15:0000016d x10:10003fa4  PA:10003fb6
27249382ns          479884 1c00909e 00008067 jalr             x0, x1, 0            x1:1c0093e8
27249421ns          479886 1c0093e8 2dc15583 lhu              x11, 732(x2)        x11=000000e4  x2:10003cd8  PA:10003fb4
27249441ns          479887 1c0093ec 2de15783 lhu              x15, 734(x2)        x15=0000016d  x2:10003cd8  PA:10003fb6
27249461ns          479888 1c0093f0 40b90933 sub              x18, x18, x11       x18=00000049 x18:0000012d x11:000000e4
27249481ns          479889 1c0093f4 40f484b3 sub              x9, x9, x15          x9=ffffffc6  x9:00000133 x15:0000016d
27249501ns          479890 1c0093f6 100945b3 p.exths          x11, x18, x0        x11=00000049 x18:00000049
27249521ns          479891 1c0093fa 1004c7b3 p.exths          x15, x9, x0         x15=ffffffc6  x9:ffffffc6
27249541ns          479892 1c0093fe 034586b3 mul              x13, x11, x20       x13=0000486e x11:00000049 x20:000000fe
27249561ns          479893 1c009402 03378533 mul              x10, x15, x19       x10=ffffb502 x15:ffffffc6 x19:0000014b
27249580ns          479894 1c009406 034a0633 mul              x12, x20, x20       x12=0000fc04 x20:000000fe x20:000000fe
27249600ns          479895 1c00940a 03398733 mul              x14, x19, x19       x14=0001abf9 x19:0000014b x19:0000014b
27249620ns          479896 1c00940e 034787b3 mul              x15, x15, x20       x15=ffffc674 x15:ffffffc6 x20:000000fe
27249640ns          479897 1c009412 033585b3 mul              x11, x11, x19       x11=00005e63 x11:00000049 x19:0000014b
27249660ns          479898 1c009416 40a75713 srai             x14, x14, 0x40a     x14=0000006a x14:0001abf9
27249680ns          479899 1c009418 40a5d593 srai             x11, x11, 0x40a     x11=00000017 x11:00005e63
27249700ns          479900 1c00941a 40a65613 srai             x12, x12, 0x40a     x12=0000003f x12:0000fc04
27249720ns          479901 1c00941c 40a7d793 srai             x15, x15, 0x40a     x15=fffffff1 x15:ffffc674
27249740ns          479902 1c00941e 1c0034b7 lui              x9, 0x1c003000       x9=1c003000
27249759ns          479903 1c009422 00e60633 add              x12, x12, x14       x12=000000a9 x12:0000003f x14:0000006a
27249779ns          479904 1c009424 40b787b3 sub              x15, x15, x11       x15=ffffffda x15:fffffff1 x11:00000017
27249799ns          479905 1c009426 eb048493 addi             x9, x9, -336         x9=1c002eb0  x9:1c003000
27249819ns          479906 1c00942a 1c0032b7 lui              x5, 0x1c003000       x5=1c003000
27249839ns          479907 1c00942e 1c0035b7 lui              x11, 0x1c003000     x11=1c003000
27249859ns          479908 1c009432 018483b3 add              x7, x9, x24          x7=1c002ebe  x9:1c002eb0 x24:0000000e
27249879ns          479909 1c009436 02812e83 lw               x29, 40(x2)         x29=1c002ece  x2:10003cd8  PA:10003d00
27249899ns          479910 1c009438 10065633 p.exthz          x12, x12, x0        x12=000000a9 x12:000000a9
27249919ns          479911 1c00943c e8028293 addi             x5, x5, -384         x5=1c002e80  x5:1c003000
27249958ns          479913 1c009440 ea058593 addi             x11, x11, -352      x11=1c002ea0 x11:1c003000
27249998ns          479915 1c009444 03812483 lw               x9, 56(x2)           x9=1c002eee  x2:10003cd8  PA:10003d10
27250018ns          479916 1c009446 10064733 p.exths          x14, x12, x0        x14=000000a9 x12:000000a9
27250038ns          479917 1c00944a 018280b3 add              x1, x5, x24          x1=1c002e8e  x5:1c002e80 x24:0000000e
27250058ns          479918 1c00944e 03012f03 lw               x30, 48(x2)         x30=1c002ede  x2:10003cd8  PA:10003d08
27250098ns          479920 1c009450 018582b3 add              x5, x11, x24         x5=1c002eae x11:1c002ea0 x24:0000000e
27250137ns          479922 1c009454 04012583 lw               x11, 64(x2)         x11=1c002efe  x2:10003cd8  PA:10003d18
27250157ns          479923 1c009456 000edd83 lhu              x27, 0(x29)         x27=000019b5 x29:1c002ece  PA:1c002ece
27250456ns          479938 1c00945a 0004d483 lhu              x9, 0(x9)            x9=000003e5  x9:1c002eee  PA:1c002eee
27250754ns          479953 1c00945e 02e70333 mul              x6, x14, x14         x6=00006f91 x14:000000a9 x14:000000a9
27250774ns          479954 1c009462 40a55513 srai             x10, x10, 0x40a     x10=ffffffed x10:ffffb502
27250794ns          479955 1c009464 04812e83 lw               x29, 72(x2)         x29=1c002f0e  x2:10003cd8  PA:10003d20
27250814ns          479956 1c009466 40a6d693 srai             x13, x13, 0x40a     x13=00000012 x13:0000486e
27250833ns          479957 1c009468 000f5d03 lhu              x26, 0(x30)         x26=00000812 x30:1c002ede  PA:1c002ede
27251152ns          479973 1c00946c 0005d583 lhu              x11, 0(x11)         x11=00000267 x11:1c002efe  PA:1c002efe
27251470ns          479989 1c009470 40a35313 srai             x6, x6, 0x40a        x6=0000001b  x6:00006f91
27251490ns          479990 1c009474 00a686b3 add              x13, x13, x10       x13=ffffffff x13:00000012 x10:ffffffed
27251510ns          479991 1c009476 05012f03 lw               x30, 80(x2)         x30=1c002e7e  x2:10003cd8  PA:10003d28
27251530ns          479992 1c009478 10034e33 p.exths          x28, x6, x0         x28=0000001b  x6:0000001b
27251549ns          479993 1c00947c 06911023 sh               x9, 96(x2)           x9:000003e5  x2:10003cd8  PA:10003d38
27251589ns          479995 1c009480 000ede83 lhu              x29, 0(x29)         x29=000001a9 x29:1c002f0e  PA:1c002f0e
27251888ns          480010 1c009484 05812483 lw               x9, 88(x2)           x9=1c002e6e  x2:10003cd8  PA:10003d30
27251907ns          480011 1c009486 1006d6b3 p.exthz          x13, x13, x0        x13=0000ffff x13:ffffffff
27251927ns          480012 1c00948a 02ee08b3 mul              x17, x28, x14       x17=000011d3 x28:0000001b x14:000000a9
27251947ns          480013 1c00948e 1006c833 p.exths          x16, x13, x0        x16=ffffffff x13:0000ffff
27251967ns          480014 1c009492 06b11823 sh               x11, 112(x2)        x11:00000267  x2:10003cd8  PA:10003d48
27251987ns          480015 1c009496 000f5f03 lhu              x30, 0(x30)         x30=0000fecd x30:1c002e7e  PA:1c002e7e
27252345ns          480033 1c00949a 0a012583 lw               x11, 160(x2)        x11=1c002e9e  x2:10003cd8  PA:10003d78
27252365ns          480034 1c00949c 1007d7b3 p.exthz          x15, x15, x0        x15=0000ffda x15:ffffffda
27252385ns          480035 1c0094a0 0004da03 lhu              x20, 0(x9)          x20=0000fa08  x9:1c002e6e  PA:1c002e6e
27252743ns          480053 1c0094a4 1007c533 p.exths          x10, x15, x0        x10=ffffffda x15:0000ffda
27252763ns          480054 1c0094a8 09d11023 sh               x29, 128(x2)        x29:000001a9  x2:10003cd8  PA:10003d58
27252782ns          480055 1c0094ac 0003d483 lhu              x9, 0(x7)            x9=0000ffb0  x7:1c002ebe  PA:1c002ebe
27253121ns          480072 1c0094b0 02e80eb3 mul              x29, x16, x14       x29=ffffff57 x16:ffffffff x14:000000a9
27253140ns          480073 1c0094b4 40a8d893 srai             x17, x17, 0x40a     x17=00000004 x17:000011d3
27253160ns          480074 1c0094b8 03c80833 mul              x16, x16, x28       x16=ffffffe5 x16:ffffffff x28:0000001b
27253180ns          480075 1c0094bc 09e11823 sh               x30, 144(x2)        x30:0000fecd  x2:10003cd8  PA:10003d68
27253200ns          480076 1c0094c0 0005d983 lhu              x19, 0(x11)         x19=0000ff7a x11:1c002e9e  PA:1c002e9e
27253518ns          480092 1c0094c4 81c88f5b p.muls           x30, x17, x28       x30=0000006c x17:00000004 x28:0000001b
27253538ns          480093 1c0094c8 0002d583 lhu              x11, 0(x5)          x11=0000fed0  x5:1c002eae  PA:1c002eae
27253837ns          480108 1c0094cc 03ce0fb3 mul              x31, x28, x28       x31=000002d9 x28:0000001b x28:0000001b
27253856ns          480109 1c0094d0 02e50733 mul              x14, x10, x14       x14=ffffe6ea x10:ffffffda x14:000000a9
27253876ns          480110 1c0094d4 40a85813 srai             x16, x16, 0x40a     x16=ffffffff x16:ffffffe5
27253896ns          480111 1c0094d8 03c50533 mul              x10, x10, x28       x10=fffffbfe x10:ffffffda x28:0000001b
27253916ns          480112 1c0094dc 07015e03 lhu              x28, 112(x2)        x28=00000267  x2:10003cd8  PA:10003d48
27253936ns          480113 1c0094e0 01b60633 add              x12, x12, x27       x12=00001a5e x12:000000a9 x27:000019b5
27253956ns          480114 1c0094e2 00980833 add              x16, x16, x9        x16=0000ffaf x16:ffffffff  x9:0000ffb0
27253976ns          480115 1c0094e4 06015d83 lhu              x27, 96(x2)         x27=000003e5  x2:10003cd8  PA:10003d38
27253996ns          480116 1c0094e8 02812483 lw               x9, 40(x2)           x9=1c002ece  x2:10003cd8  PA:10003d00
27254016ns          480117 1c0094ea 40afdf93 srai             x31, x31, 0x40a     x31=00000000 x31:000002d9
27254035ns          480118 1c0094ee 40a55513 srai             x10, x10, 0x40a     x10=fffffffe x10:fffffbfe
27254055ns          480119 1c0094f0 01cf8fb3 add              x31, x31, x28       x31=00000267 x31:00000000 x28:00000267
27254075ns          480120 1c0094f2 00b50533 add              x10, x10, x11       x10=0000fece x10:fffffffe x11:0000fed0
27254095ns          480121 1c0094f4 09015e03 lhu              x28, 144(x2)        x28=0000fecd  x2:10003cd8  PA:10003d68
27254115ns          480122 1c0094f8 03012583 lw               x11, 48(x2)         x11=1c002ede  x2:10003cd8  PA:10003d08
27254135ns          480123 1c0094fa 00c49023 sh               x12, 0(x9)          x12:00001a5e  x9:1c002ece  PA:1c002ece
27254453ns          480139 1c0094fe 01b888b3 add              x17, x17, x27       x17=000003e9 x17:00000004 x27:000003e5
27254473ns          480140 1c009500 01a30333 add              x6, x6, x26          x6=0000082d  x6:0000001b x26:00000812
27254493ns          480141 1c009502 08015d83 lhu              x27, 128(x2)        x27=000001a9  x2:10003cd8  PA:10003d58
27254513ns          480142 1c009506 0000d903 lhu              x18, 0(x1)          x18=0000fdc3  x1:1c002e8e  PA:1c002e8e
27254811ns          480157 1c00950a 01c686b3 add              x13, x13, x28       x13=0001fecc x13:0000ffff x28:0000fecd
27254831ns          480158 1c00950c 00659023 sh               x6, 0(x11)           x6:0000082d x11:1c002ede  PA:1c002ede
27255149ns          480174 1c009510 40af5f13 srai             x30, x30, 0x40a     x30=00000000 x30:0000006c
27255169ns          480175 1c009514 04812e03 lw               x28, 72(x2)         x28=1c002f0e  x2:10003cd8  PA:10003d20
27255189ns          480176 1c009516 01bf0f33 add              x30, x30, x27       x30=000001a9 x30:00000000 x27:000001a9
27255209ns          480177 1c009518 40aede93 srai             x29, x29, 0x40a     x29=ffffffff x29:ffffff57
27255229ns          480178 1c00951c 40a75713 srai             x14, x14, 0x40a     x14=fffffff9 x14:ffffe6ea
27255249ns          480179 1c00951e 03812603 lw               x12, 56(x2)         x12=1c002eee  x2:10003cd8  PA:10003d10
27255268ns          480180 1c009520 04012d83 lw               x27, 64(x2)         x27=1c002efe  x2:10003cd8  PA:10003d18
27255288ns          480181 1c009522 01ee1023 sh               x30, 0(x28)         x30:000001a9 x28:1c002f0e  PA:1c002f0e
27255607ns          480197 1c009526 05812483 lw               x9, 88(x2)           x9=1c002e6e  x2:10003cd8  PA:10003d30
27255626ns          480198 1c009528 05012f03 lw               x30, 80(x2)         x30=1c002e7e  x2:10003cd8  PA:10003d28
27255646ns          480199 1c00952a 0a012583 lw               x11, 160(x2)        x11=1c002e9e  x2:10003cd8  PA:10003d78
27255666ns          480200 1c00952c 014787b3 add              x15, x15, x20       x15=0001f9e2 x15:0000ffda x20:0000fa08
27255686ns          480201 1c00952e 013e8eb3 add              x29, x29, x19       x29=0000ff79 x29:ffffffff x19:0000ff7a
27255706ns          480202 1c009530 01270733 add              x14, x14, x18       x14=0000fdbc x14:fffffff9 x18:0000fdc3
27255726ns          480203 1c009532 00f49023 sh               x15, 0(x9)          x15:0001f9e2  x9:1c002e6e  PA:1c002e6e
27256044ns          480219 1c009536 01161023 sh               x17, 0(x12)         x17:000003e9 x12:1c002eee  PA:1c002eee
27256362ns          480235 1c00953a 01fd9023 sh               x31, 0(x27)         x31:00000267 x27:1c002efe  PA:1c002efe
27256681ns          480251 1c00953e 00df1023 sh               x13, 0(x30)         x13:0001fecc x30:1c002e7e  PA:1c002e7e
27256999ns          480267 1c009542 01d59023 sh               x29, 0(x11)         x29:0000ff79 x11:1c002e9e  PA:1c002e9e
27257317ns          480283 1c009546 00e09023 sh               x14, 0(x1)          x14:0000fdbc  x1:1c002e8e  PA:1c002e8e
27257635ns          480299 1c00954a 01039023 sh               x16, 0(x7)          x16:0000ffaf  x7:1c002ebe  PA:1c002ebe
27257953ns          480315 1c00954e 00a29023 sh               x10, 0(x5)          x10:0000fece  x5:1c002eae  PA:1c002eae
27258291ns          480332 1c009552 008b0b13 addi             x22, x22, 8         x22=00000177 x22:0000016f
27258311ns          480333 1c009554 1f300793 addi             x15, x0, 499        x15=000001f3
27258331ns          480334 1c009558 e767dae3 bge              x15, x22, -396      x15:000001f3 x22:00000177
27258431ns          480339 1c0093cc 010c9a0b p.lh             x20, 16(x25!)       x20=000001ad x25=1c002986 x25:1c002976  PA:1c002976
27258828ns          480359 1c0093d0 0104198b p.lh             x19, 16(x8!)        x19=ffffff88  x8=1c00214e  x8:1c00213e  PA:1c00213e
27259206ns          480378 1c0093d4 2cc10513 addi             x10, x2, 716        x10=10003fa4  x2:10003cd8
27259226ns          480379 1c0093d6 010a990b p.lh             x18, 16(x21!)       x18=000001a2 x21=1c00197a x21:1c00196a  PA:1c00196a
27259544ns          480395 1c0093da 010b948b p.lh             x9, 16(x23!)         x9=ffffff64 x23=1c0011aa x23:1c00119a  PA:1c00119a
27259863ns          480411 1c0093de 2d411623 sh               x20, 716(x2)        x20:000001ad  x2:10003cd8  PA:10003fa4
27259882ns          480412 1c0093e2 2d311723 sh               x19, 718(x2)        x19:ffffff88  x2:10003cd8  PA:10003fa6
27259902ns          480413 1c0093e6 c33ff0ef jal              x1, -974             x1=1c0093e8
27259942ns          480415 1c009018 00051803 lh               x16, 0(x10)         x16=000001ad x10:10003fa4  PA:10003fa4
27259962ns          480416 1c00901c 00251883 lh               x17, 2(x10)         x17=ffffff88 x10:10003fa4  PA:10003fa6
27259982ns          480417 1c009020 030806b3 mul              x13, x16, x16       x13=0002cee9 x16:000001ad x16:000001ad
27260002ns          480418 1c009024 03188633 mul              x12, x17, x17       x12=00003840 x17:ffffff88 x17:ffffff88
27260022ns          480419 1c009028 40a65613 srai             x12, x12, 0x40a     x12=0000000e x12:00003840
27260042ns          480420 1c00902a 40a6d693 srai             x13, x13, 0x40a     x13=000000b3 x13:0002cee9
27260061ns          480421 1c00902c 00c686b3 add              x13, x13, x12       x13=000000c1 x13:000000b3 x12:0000000e
27260081ns          480422 1c00902e 1006c633 p.exths          x12, x13, x0        x12=000000c1 x13:000000c1
27260101ns          480423 1c009032 00855703 lhu              x14, 8(x10)         x14=0000ffd1 x10:10003fa4  PA:10003fac
27260121ns          480424 1c009036 00a55683 lhu              x13, 10(x10)        x13=0000ff6a x10:10003fa4  PA:10003fae
27260141ns          480425 1c00903a 02c60333 mul              x6, x12, x12         x6=00009181 x12:000000c1 x12:000000c1
27260161ns          480426 1c00903e 00c55783 lhu              x15, 12(x10)        x15=0000ffe5 x10:10003fa4  PA:10003fb0
27260181ns          480427 1c009042 00e55583 lhu              x11, 14(x10)        x11=00000060 x10:10003fa4  PA:10003fb2
27260201ns          480428 1c009046 dea30333 p.extract        x6, x6, 15, 10       x6=00000024  x6:00009181
27260221ns          480429 1c00904a 80c7075b p.muls           x14, x14, x12       x14=ffffdc91 x14:0000ffd1 x12:000000c1
27260240ns          480430 1c00904e 80c686db p.muls           x13, x13, x12       x13=ffff8eea x13:0000ff6a x12:000000c1
27260260ns          480431 1c009052 00455e83 lhu              x29, 4(x10)         x29=00000427 x10:10003fa4  PA:10003fa8
27260280ns          480432 1c009056 00655e03 lhu              x28, 6(x10)         x28=0000007f x10:10003fa4  PA:10003faa
27260300ns          480433 1c00905a 40a75713 srai             x14, x14, 0x40a     x14=fffffff7 x14:ffffdc91
27260320ns          480434 1c00905c 806787db p.muls           x15, x15, x6        x15=fffffc34 x15:0000ffe5  x6:00000024
27260340ns          480435 1c009060 40a6d693 srai             x13, x13, 0x40a     x13=ffffffe3 x13:ffff8eea
27260360ns          480436 1c009062 8065865b p.muls           x12, x11, x6        x12=00000d80 x11:00000060  x6:00000024
27260380ns          480437 1c009066 40a7d793 srai             x15, x15, 0x40a     x15=ffffffff x15:fffffc34
27260400ns          480438 1c009068 40a65613 srai             x12, x12, 0x40a     x12=00000003 x12:00000d80
27260419ns          480439 1c00906a 01d70733 add              x14, x14, x29       x14=0000041e x14:fffffff7 x29:00000427
27260439ns          480440 1c00906c 01c686b3 add              x13, x13, x28       x13=00000062 x13:ffffffe3 x28:0000007f
27260459ns          480441 1c00906e 00c686b3 add              x13, x13, x12       x13=00000065 x13:00000062 x12:00000003
27260479ns          480442 1c009070 00f70733 add              x14, x14, x15       x14=0000041d x14:0000041e x15:ffffffff
27260499ns          480443 1c009072 100747b3 p.exths          x15, x14, x0        x15=0000041d x14:0000041d
27260519ns          480444 1c009076 1006c733 p.exths          x14, x13, x0        x14=00000065 x13:00000065
27260539ns          480445 1c00907a 03170633 mul              x12, x14, x17       x12=ffffd0a8 x14:00000065 x17:ffffff88
27260559ns          480446 1c00907e 030786b3 mul              x13, x15, x16       x13=0006e499 x15:0000041d x16:000001ad
27260579ns          480447 1c009082 03070733 mul              x14, x14, x16       x14=0000a941 x14:00000065 x16:000001ad
27260598ns          480448 1c009086 031787b3 mul              x15, x15, x17       x15=fffe1268 x15:0000041d x17:ffffff88
27260618ns          480449 1c00908a 40a6d693 srai             x13, x13, 0x40a     x13=000001b9 x13:0006e499
27260638ns          480450 1c00908c 40a65613 srai             x12, x12, 0x40a     x12=fffffff4 x12:ffffd0a8
27260658ns          480451 1c00908e 40a7d793 srai             x15, x15, 0x40a     x15=ffffff84 x15:fffe1268
27260678ns          480452 1c009090 40a75713 srai             x14, x14, 0x40a     x14=0000002a x14:0000a941
27260698ns          480453 1c009092 40c686b3 sub              x13, x13, x12       x13=000001c5 x13:000001b9 x12:fffffff4
27260718ns          480454 1c009094 00e787b3 add              x15, x15, x14       x15=ffffffae x15:ffffff84 x14:0000002a
27260738ns          480455 1c009096 00d51823 sh               x13, 16(x10)        x13:000001c5 x10:10003fa4  PA:10003fb4
27260777ns          480457 1c00909a 00f51923 sh               x15, 18(x10)        x15:ffffffae x10:10003fa4  PA:10003fb6
27260797ns          480458 1c00909e 00008067 jalr             x0, x1, 0            x1:1c0093e8
27260857ns          480461 1c0093e8 2dc15583 lhu              x11, 732(x2)        x11=000001c5  x2:10003cd8  PA:10003fb4
27260877ns          480462 1c0093ec 2de15783 lhu              x15, 734(x2)        x15=0000ffae  x2:10003cd8  PA:10003fb6
27260897ns          480463 1c0093f0 40b90933 sub              x18, x18, x11       x18=ffffffdd x18:000001a2 x11:000001c5
27260917ns          480464 1c0093f4 40f484b3 sub              x9, x9, x15          x9=fffeffb6  x9:ffffff64 x15:0000ffae
27260937ns          480465 1c0093f6 100945b3 p.exths          x11, x18, x0        x11=ffffffdd x18:ffffffdd
27260956ns          480466 1c0093fa 1004c7b3 p.exths          x15, x9, x0         x15=ffffffb6  x9:fffeffb6
27260976ns          480467 1c0093fe 034586b3 mul              x13, x11, x20       x13=ffffc559 x11:ffffffdd x20:000001ad
27260996ns          480468 1c009402 03378533 mul              x10, x15, x19       x10=000022b0 x15:ffffffb6 x19:ffffff88
27261016ns          480469 1c009406 034a0633 mul              x12, x20, x20       x12=0002cee9 x20:000001ad x20:000001ad
27261036ns          480470 1c00940a 03398733 mul              x14, x19, x19       x14=00003840 x19:ffffff88 x19:ffffff88
27261056ns          480471 1c00940e 034787b3 mul              x15, x15, x20       x15=ffff83fe x15:ffffffb6 x20:000001ad
27261076ns          480472 1c009412 033585b3 mul              x11, x11, x19       x11=00001068 x11:ffffffdd x19:ffffff88
27261096ns          480473 1c009416 40a75713 srai             x14, x14, 0x40a     x14=0000000e x14:00003840
27261116ns          480474 1c009418 40a5d593 srai             x11, x11, 0x40a     x11=00000004 x11:00001068
27261135ns          480475 1c00941a 40a65613 srai             x12, x12, 0x40a     x12=000000b3 x12:0002cee9
27261155ns          480476 1c00941c 40a7d793 srai             x15, x15, 0x40a     x15=ffffffe0 x15:ffff83fe
27261175ns          480477 1c00941e 1c0034b7 lui              x9, 0x1c003000       x9=1c003000
27261195ns          480478 1c009422 00e60633 add              x12, x12, x14       x12=000000c1 x12:000000b3 x14:0000000e
27261215ns          480479 1c009424 40b787b3 sub              x15, x15, x11       x15=ffffffdc x15:ffffffe0 x11:00000004
27261235ns          480480 1c009426 eb048493 addi             x9, x9, -336         x9=1c002eb0  x9:1c003000
27261255ns          480481 1c00942a 1c0032b7 lui              x5, 0x1c003000       x5=1c003000
27261275ns          480482 1c00942e 1c0035b7 lui              x11, 0x1c003000     x11=1c003000
27261295ns          480483 1c009432 018483b3 add              x7, x9, x24          x7=1c002ebe  x9:1c002eb0 x24:0000000e
27261314ns          480484 1c009436 02812e83 lw               x29, 40(x2)         x29=1c002ece  x2:10003cd8  PA:10003d00
27261334ns          480485 1c009438 10065633 p.exthz          x12, x12, x0        x12=000000c1 x12:000000c1
27261354ns          480486 1c00943c e8028293 addi             x5, x5, -384         x5=1c002e80  x5:1c003000
27261374ns          480487 1c009440 ea058593 addi             x11, x11, -352      x11=1c002ea0 x11:1c003000
27261394ns          480488 1c009444 03812483 lw               x9, 56(x2)           x9=1c002eee  x2:10003cd8  PA:10003d10
27261414ns          480489 1c009446 10064733 p.exths          x14, x12, x0        x14=000000c1 x12:000000c1
27261434ns          480490 1c00944a 018280b3 add              x1, x5, x24          x1=1c002e8e  x5:1c002e80 x24:0000000e
27261454ns          480491 1c00944e 03012f03 lw               x30, 48(x2)         x30=1c002ede  x2:10003cd8  PA:10003d08
27261474ns          480492 1c009450 018582b3 add              x5, x11, x24         x5=1c002eae x11:1c002ea0 x24:0000000e
27261513ns          480494 1c009454 04012583 lw               x11, 64(x2)         x11=1c002efe  x2:10003cd8  PA:10003d18
27261533ns          480495 1c009456 000edd83 lhu              x27, 0(x29)         x27=00001a5e x29:1c002ece  PA:1c002ece
27261851ns          480511 1c00945a 0004d483 lhu              x9, 0(x9)            x9=000003e9  x9:1c002eee  PA:1c002eee
27262170ns          480527 1c00945e 02e70333 mul              x6, x14, x14         x6=00009181 x14:000000c1 x14:000000c1
27262189ns          480528 1c009462 40a55513 srai             x10, x10, 0x40a     x10=00000008 x10:000022b0
27262209ns          480529 1c009464 04812e83 lw               x29, 72(x2)         x29=1c002f0e  x2:10003cd8  PA:10003d20
27262229ns          480530 1c009466 40a6d693 srai             x13, x13, 0x40a     x13=fffffff1 x13:ffffc559
27262249ns          480531 1c009468 000f5d03 lhu              x26, 0(x30)         x26=0000082d x30:1c002ede  PA:1c002ede
27262607ns          480549 1c00946c 0005d583 lhu              x11, 0(x11)         x11=00000267 x11:1c002efe  PA:1c002efe
27262925ns          480565 1c009470 40a35313 srai             x6, x6, 0x40a        x6=00000024  x6:00009181
27262945ns          480566 1c009474 00a686b3 add              x13, x13, x10       x13=fffffff9 x13:fffffff1 x10:00000008
27262965ns          480567 1c009476 05012f03 lw               x30, 80(x2)         x30=1c002e7e  x2:10003cd8  PA:10003d28
27262985ns          480568 1c009478 10034e33 p.exths          x28, x6, x0         x28=00000024  x6:00000024
27263005ns          480569 1c00947c 06911023 sh               x9, 96(x2)           x9:000003e9  x2:10003cd8  PA:10003d38
27263025ns          480570 1c009480 000ede83 lhu              x29, 0(x29)         x29=000001a9 x29:1c002f0e  PA:1c002f0e
27263343ns          480586 1c009484 05812483 lw               x9, 88(x2)           x9=1c002e6e  x2:10003cd8  PA:10003d30
27263363ns          480587 1c009486 1006d6b3 p.exthz          x13, x13, x0        x13=0000fff9 x13:fffffff9
27263383ns          480588 1c00948a 02ee08b3 mul              x17, x28, x14       x17=00001b24 x28:00000024 x14:000000c1
27263403ns          480589 1c00948e 1006c833 p.exths          x16, x13, x0        x16=fffffff9 x13:0000fff9
27263423ns          480590 1c009492 06b11823 sh               x11, 112(x2)        x11:00000267  x2:10003cd8  PA:10003d48
27263442ns          480591 1c009496 000f5f03 lhu              x30, 0(x30)         x30=0000fecc x30:1c002e7e  PA:1c002e7e
27263741ns          480606 1c00949a 0a012583 lw               x11, 160(x2)        x11=1c002e9e  x2:10003cd8  PA:10003d78
27263761ns          480607 1c00949c 1007d7b3 p.exthz          x15, x15, x0        x15=0000ffdc x15:ffffffdc
27263781ns          480608 1c0094a0 0004da03 lhu              x20, 0(x9)          x20=0000f9e2  x9:1c002e6e  PA:1c002e6e
27264178ns          480628 1c0094a4 1007c533 p.exths          x10, x15, x0        x10=ffffffdc x15:0000ffdc
27264198ns          480629 1c0094a8 09d11023 sh               x29, 128(x2)        x29:000001a9  x2:10003cd8  PA:10003d58
27264218ns          480630 1c0094ac 0003d483 lhu              x9, 0(x7)            x9=0000ffaf  x7:1c002ebe  PA:1c002ebe
27264536ns          480646 1c0094b0 02e80eb3 mul              x29, x16, x14       x29=fffffab9 x16:fffffff9 x14:000000c1
27264556ns          480647 1c0094b4 40a8d893 srai             x17, x17, 0x40a     x17=00000006 x17:00001b24
27264576ns          480648 1c0094b8 03c80833 mul              x16, x16, x28       x16=ffffff04 x16:fffffff9 x28:00000024
27264596ns          480649 1c0094bc 09e11823 sh               x30, 144(x2)        x30:0000fecc  x2:10003cd8  PA:10003d68
27264616ns          480650 1c0094c0 0005d983 lhu              x19, 0(x11)         x19=0000ff79 x11:1c002e9e  PA:1c002e9e
27264914ns          480665 1c0094c4 81c88f5b p.muls           x30, x17, x28       x30=000000d8 x17:00000006 x28:00000024
27264934ns          480666 1c0094c8 0002d583 lhu              x11, 0(x5)          x11=0000fece  x5:1c002eae  PA:1c002eae
27265252ns          480682 1c0094cc 03ce0fb3 mul              x31, x28, x28       x31=00000510 x28:00000024 x28:00000024
27265272ns          480683 1c0094d0 02e50733 mul              x14, x10, x14       x14=ffffe4dc x10:ffffffdc x14:000000c1
27265292ns          480684 1c0094d4 40a85813 srai             x16, x16, 0x40a     x16=ffffffff x16:ffffff04
27265312ns          480685 1c0094d8 03c50533 mul              x10, x10, x28       x10=fffffaf0 x10:ffffffdc x28:00000024
27265332ns          480686 1c0094dc 07015e03 lhu              x28, 112(x2)        x28=00000267  x2:10003cd8  PA:10003d48
27265352ns          480687 1c0094e0 01b60633 add              x12, x12, x27       x12=00001b1f x12:000000c1 x27:00001a5e
27265372ns          480688 1c0094e2 00980833 add              x16, x16, x9        x16=0000ffae x16:ffffffff  x9:0000ffaf
27265391ns          480689 1c0094e4 06015d83 lhu              x27, 96(x2)         x27=000003e9  x2:10003cd8  PA:10003d38
27265411ns          480690 1c0094e8 02812483 lw               x9, 40(x2)           x9=1c002ece  x2:10003cd8  PA:10003d00
27265431ns          480691 1c0094ea 40afdf93 srai             x31, x31, 0x40a     x31=00000001 x31:00000510
27265451ns          480692 1c0094ee 40a55513 srai             x10, x10, 0x40a     x10=fffffffe x10:fffffaf0
27265471ns          480693 1c0094f0 01cf8fb3 add              x31, x31, x28       x31=00000268 x31:00000001 x28:00000267
27265491ns          480694 1c0094f2 00b50533 add              x10, x10, x11       x10=0000fecc x10:fffffffe x11:0000fece
27265511ns          480695 1c0094f4 09015e03 lhu              x28, 144(x2)        x28=0000fecc  x2:10003cd8  PA:10003d68
27265531ns          480696 1c0094f8 03012583 lw               x11, 48(x2)         x11=1c002ede  x2:10003cd8  PA:10003d08
27265551ns          480697 1c0094fa 00c49023 sh               x12, 0(x9)          x12:00001b1f  x9:1c002ece  PA:1c002ece
27265869ns          480713 1c0094fe 01b888b3 add              x17, x17, x27       x17=000003ef x17:00000006 x27:000003e9
27265889ns          480714 1c009500 01a30333 add              x6, x6, x26          x6=00000851  x6:00000024 x26:0000082d
27265909ns          480715 1c009502 08015d83 lhu              x27, 128(x2)        x27=000001a9  x2:10003cd8  PA:10003d58
27265928ns          480716 1c009506 0000d903 lhu              x18, 0(x1)          x18=0000fdbc  x1:1c002e8e  PA:1c002e8e
27266247ns          480732 1c00950a 01c686b3 add              x13, x13, x28       x13=0001fec5 x13:0000fff9 x28:0000fecc
27266267ns          480733 1c00950c 00659023 sh               x6, 0(x11)           x6:00000851 x11:1c002ede  PA:1c002ede
27266585ns          480749 1c009510 40af5f13 srai             x30, x30, 0x40a     x30=00000000 x30:000000d8
27266605ns          480750 1c009514 04812e03 lw               x28, 72(x2)         x28=1c002f0e  x2:10003cd8  PA:10003d20
27266625ns          480751 1c009516 01bf0f33 add              x30, x30, x27       x30=000001a9 x30:00000000 x27:000001a9
27266644ns          480752 1c009518 40aede93 srai             x29, x29, 0x40a     x29=fffffffe x29:fffffab9
27266664ns          480753 1c00951c 40a75713 srai             x14, x14, 0x40a     x14=fffffff9 x14:ffffe4dc
27266684ns          480754 1c00951e 03812603 lw               x12, 56(x2)         x12=1c002eee  x2:10003cd8  PA:10003d10
27266704ns          480755 1c009520 04012d83 lw               x27, 64(x2)         x27=1c002efe  x2:10003cd8  PA:10003d18
27266724ns          480756 1c009522 01ee1023 sh               x30, 0(x28)         x30:000001a9 x28:1c002f0e  PA:1c002f0e
27267062ns          480773 1c009526 05812483 lw               x9, 88(x2)           x9=1c002e6e  x2:10003cd8  PA:10003d30
27267082ns          480774 1c009528 05012f03 lw               x30, 80(x2)         x30=1c002e7e  x2:10003cd8  PA:10003d28
27267102ns          480775 1c00952a 0a012583 lw               x11, 160(x2)        x11=1c002e9e  x2:10003cd8  PA:10003d78
27267122ns          480776 1c00952c 014787b3 add              x15, x15, x20       x15=0001f9be x15:0000ffdc x20:0000f9e2
27267142ns          480777 1c00952e 013e8eb3 add              x29, x29, x19       x29=0000ff77 x29:fffffffe x19:0000ff79
27267161ns          480778 1c009530 01270733 add              x14, x14, x18       x14=0000fdb5 x14:fffffff9 x18:0000fdbc
27267181ns          480779 1c009532 00f49023 sh               x15, 0(x9)          x15:0001f9be  x9:1c002e6e  PA:1c002e6e
27267519ns          480796 1c009536 01161023 sh               x17, 0(x12)         x17:000003ef x12:1c002eee  PA:1c002eee
27267838ns          480812 1c00953a 01fd9023 sh               x31, 0(x27)         x31:00000268 x27:1c002efe  PA:1c002efe
27268156ns          480828 1c00953e 00df1023 sh               x13, 0(x30)         x13:0001fec5 x30:1c002e7e  PA:1c002e7e
27268474ns          480844 1c009542 01d59023 sh               x29, 0(x11)         x29:0000ff77 x11:1c002e9e  PA:1c002e9e
27268812ns          480861 1c009546 00e09023 sh               x14, 0(x1)          x14:0000fdb5  x1:1c002e8e  PA:1c002e8e
27269130ns          480877 1c00954a 01039023 sh               x16, 0(x7)          x16:0000ffae  x7:1c002ebe  PA:1c002ebe
27269449ns          480893 1c00954e 00a29023 sh               x10, 0(x5)          x10:0000fecc  x5:1c002eae  PA:1c002eae
27269787ns          480910 1c009552 008b0b13 addi             x22, x22, 8         x22=0000017f x22:00000177
27269807ns          480911 1c009554 1f300793 addi             x15, x0, 499        x15=000001f3
27269826ns          480912 1c009558 e767dae3 bge              x15, x22, -396      x15:000001f3 x22:0000017f
27269886ns          480915 1c0093cc 010c9a0b p.lh             x20, 16(x25!)       x20=ffffff32 x25=1c002996 x25:1c002986  PA:1c002986
27270264ns          480934 1c0093d0 0104198b p.lh             x19, 16(x8!)        x19=ffffffdf  x8=1c00215e  x8:1c00214e  PA:1c00214e
27270562ns          480949 1c0093d4 2cc10513 addi             x10, x2, 716        x10=10003fa4  x2:10003cd8
27270582ns          480950 1c0093d6 010a990b p.lh             x18, 16(x21!)       x18=ffffff2a x21=1c00198a x21:1c00197a  PA:1c00197a
27270881ns          480965 1c0093da 010b948b p.lh             x9, 16(x23!)         x9=ffffffeb x23=1c0011ba x23:1c0011aa  PA:1c0011aa
27271199ns          480981 1c0093de 2d411623 sh               x20, 716(x2)        x20:ffffff32  x2:10003cd8  PA:10003fa4
27271219ns          480982 1c0093e2 2d311723 sh               x19, 718(x2)        x19:ffffffdf  x2:10003cd8  PA:10003fa6
27271239ns          480983 1c0093e6 c33ff0ef jal              x1, -974             x1=1c0093e8
27271278ns          480985 1c009018 00051803 lh               x16, 0(x10)         x16=ffffff32 x10:10003fa4  PA:10003fa4
27271338ns          480988 1c00901c 00251883 lh               x17, 2(x10)         x17=ffffffdf x10:10003fa4  PA:10003fa6
27271378ns          480990 1c009020 030806b3 mul              x13, x16, x16       x13=0000a5c4 x16:ffffff32 x16:ffffff32
27271398ns          480991 1c009024 03188633 mul              x12, x17, x17       x12=00000441 x17:ffffffdf x17:ffffffdf
27271418ns          480992 1c009028 40a65613 srai             x12, x12, 0x40a     x12=00000001 x12:00000441
27271437ns          480993 1c00902a 40a6d693 srai             x13, x13, 0x40a     x13=00000029 x13:0000a5c4
27271457ns          480994 1c00902c 00c686b3 add              x13, x13, x12       x13=0000002a x13:00000029 x12:00000001
27271477ns          480995 1c00902e 1006c633 p.exths          x12, x13, x0        x12=0000002a x13:0000002a
27271497ns          480996 1c009032 00855703 lhu              x14, 8(x10)         x14=0000ffd1 x10:10003fa4  PA:10003fac
27271517ns          480997 1c009036 00a55683 lhu              x13, 10(x10)        x13=0000ff6a x10:10003fa4  PA:10003fae
27271537ns          480998 1c00903a 02c60333 mul              x6, x12, x12         x6=000006e4 x12:0000002a x12:0000002a
27271557ns          480999 1c00903e 00c55783 lhu              x15, 12(x10)        x15=0000ffe5 x10:10003fa4  PA:10003fb0
27271577ns          481000 1c009042 00e55583 lhu              x11, 14(x10)        x11=00000060 x10:10003fa4  PA:10003fb2
27271597ns          481001 1c009046 dea30333 p.extract        x6, x6, 15, 10       x6=00000001  x6:000006e4
27271616ns          481002 1c00904a 80c7075b p.muls           x14, x14, x12       x14=fffff84a x14:0000ffd1 x12:0000002a
27271656ns          481004 1c00904e 80c686db p.muls           x13, x13, x12       x13=ffffe764 x13:0000ff6a x12:0000002a
27271696ns          481006 1c009052 00455e83 lhu              x29, 4(x10)         x29=00000427 x10:10003fa4  PA:10003fa8
27271716ns          481007 1c009056 00655e03 lhu              x28, 6(x10)         x28=0000007f x10:10003fa4  PA:10003faa
27271736ns          481008 1c00905a 40a75713 srai             x14, x14, 0x40a     x14=fffffffe x14:fffff84a
27271756ns          481009 1c00905c 806787db p.muls           x15, x15, x6        x15=ffffffe5 x15:0000ffe5  x6:00000001
27271795ns          481011 1c009060 40a6d693 srai             x13, x13, 0x40a     x13=fffffff9 x13:ffffe764
27271835ns          481013 1c009062 8065865b p.muls           x12, x11, x6        x12=00000060 x11:00000060  x6:00000001
27271855ns          481014 1c009066 40a7d793 srai             x15, x15, 0x40a     x15=ffffffff x15:ffffffe5
27271875ns          481015 1c009068 40a65613 srai             x12, x12, 0x40a     x12=00000000 x12:00000060
27271895ns          481016 1c00906a 01d70733 add              x14, x14, x29       x14=00000425 x14:fffffffe x29:00000427
27271915ns          481017 1c00906c 01c686b3 add              x13, x13, x28       x13=00000078 x13:fffffff9 x28:0000007f
27271935ns          481018 1c00906e 00c686b3 add              x13, x13, x12       x13=00000078 x13:00000078 x12:00000000
27271954ns          481019 1c009070 00f70733 add              x14, x14, x15       x14=00000424 x14:00000425 x15:ffffffff
27271974ns          481020 1c009072 100747b3 p.exths          x15, x14, x0        x15=00000424 x14:00000424
27271994ns          481021 1c009076 1006c733 p.exths          x14, x13, x0        x14=00000078 x13:00000078
27272014ns          481022 1c00907a 03170633 mul              x12, x14, x17       x12=fffff088 x14:00000078 x17:ffffffdf
27272034ns          481023 1c00907e 030786b3 mul              x13, x15, x16       x13=fffcab08 x15:00000424 x16:ffffff32
27272054ns          481024 1c009082 03070733 mul              x14, x14, x16       x14=ffff9f70 x14:00000078 x16:ffffff32
27272074ns          481025 1c009086 031787b3 mul              x15, x15, x17       x15=ffff775c x15:00000424 x17:ffffffdf
27272094ns          481026 1c00908a 40a6d693 srai             x13, x13, 0x40a     x13=ffffff2a x13:fffcab08
27272114ns          481027 1c00908c 40a65613 srai             x12, x12, 0x40a     x12=fffffffc x12:fffff088
27272133ns          481028 1c00908e 40a7d793 srai             x15, x15, 0x40a     x15=ffffffdd x15:ffff775c
27272153ns          481029 1c009090 40a75713 srai             x14, x14, 0x40a     x14=ffffffe7 x14:ffff9f70
27272173ns          481030 1c009092 40c686b3 sub              x13, x13, x12       x13=ffffff2e x13:ffffff2a x12:fffffffc
27272193ns          481031 1c009094 00e787b3 add              x15, x15, x14       x15=ffffffc4 x15:ffffffdd x14:ffffffe7
27272213ns          481032 1c009096 00d51823 sh               x13, 16(x10)        x13:ffffff2e x10:10003fa4  PA:10003fb4
27272233ns          481033 1c00909a 00f51923 sh               x15, 18(x10)        x15:ffffffc4 x10:10003fa4  PA:10003fb6
27272253ns          481034 1c00909e 00008067 jalr             x0, x1, 0            x1:1c0093e8
27272332ns          481038 1c0093e8 2dc15583 lhu              x11, 732(x2)        x11=0000ff2e  x2:10003cd8  PA:10003fb4
27272352ns          481039 1c0093ec 2de15783 lhu              x15, 734(x2)        x15=0000ffc4  x2:10003cd8  PA:10003fb6
27272372ns          481040 1c0093f0 40b90933 sub              x18, x18, x11       x18=fffefffc x18:ffffff2a x11:0000ff2e
27272392ns          481041 1c0093f4 40f484b3 sub              x9, x9, x15          x9=ffff0027  x9:ffffffeb x15:0000ffc4
27272412ns          481042 1c0093f6 100945b3 p.exths          x11, x18, x0        x11=fffffffc x18:fffefffc
27272432ns          481043 1c0093fa 1004c7b3 p.exths          x15, x9, x0         x15=00000027  x9:ffff0027
27272452ns          481044 1c0093fe 034586b3 mul              x13, x11, x20       x13=00000338 x11:fffffffc x20:ffffff32
27272472ns          481045 1c009402 03378533 mul              x10, x15, x19       x10=fffffaf9 x15:00000027 x19:ffffffdf
27272491ns          481046 1c009406 034a0633 mul              x12, x20, x20       x12=0000a5c4 x20:ffffff32 x20:ffffff32
27272511ns          481047 1c00940a 03398733 mul              x14, x19, x19       x14=00000441 x19:ffffffdf x19:ffffffdf
27272531ns          481048 1c00940e 034787b3 mul              x15, x15, x20       x15=ffffe09e x15:00000027 x20:ffffff32
27272551ns          481049 1c009412 033585b3 mul              x11, x11, x19       x11=00000084 x11:fffffffc x19:ffffffdf
27272571ns          481050 1c009416 40a75713 srai             x14, x14, 0x40a     x14=00000001 x14:00000441
27272591ns          481051 1c009418 40a5d593 srai             x11, x11, 0x40a     x11=00000000 x11:00000084
27272611ns          481052 1c00941a 40a65613 srai             x12, x12, 0x40a     x12=00000029 x12:0000a5c4
27272631ns          481053 1c00941c 40a7d793 srai             x15, x15, 0x40a     x15=fffffff8 x15:ffffe09e
27272651ns          481054 1c00941e 1c0034b7 lui              x9, 0x1c003000       x9=1c003000
27272670ns          481055 1c009422 00e60633 add              x12, x12, x14       x12=0000002a x12:00000029 x14:00000001
27272690ns          481056 1c009424 40b787b3 sub              x15, x15, x11       x15=fffffff8 x15:fffffff8 x11:00000000
27272710ns          481057 1c009426 eb048493 addi             x9, x9, -336         x9=1c002eb0  x9:1c003000
27272730ns          481058 1c00942a 1c0032b7 lui              x5, 0x1c003000       x5=1c003000
27272750ns          481059 1c00942e 1c0035b7 lui              x11, 0x1c003000     x11=1c003000
27272770ns          481060 1c009432 018483b3 add              x7, x9, x24          x7=1c002ebe  x9:1c002eb0 x24:0000000e
27272790ns          481061 1c009436 02812e83 lw               x29, 40(x2)         x29=1c002ece  x2:10003cd8  PA:10003d00
27272810ns          481062 1c009438 10065633 p.exthz          x12, x12, x0        x12=0000002a x12:0000002a
27272830ns          481063 1c00943c e8028293 addi             x5, x5, -384         x5=1c002e80  x5:1c003000
27272849ns          481064 1c009440 ea058593 addi             x11, x11, -352      x11=1c002ea0 x11:1c003000
27272889ns          481066 1c009444 03812483 lw               x9, 56(x2)           x9=1c002eee  x2:10003cd8  PA:10003d10
27272909ns          481067 1c009446 10064733 p.exths          x14, x12, x0        x14=0000002a x12:0000002a
27272929ns          481068 1c00944a 018280b3 add              x1, x5, x24          x1=1c002e8e  x5:1c002e80 x24:0000000e
27272949ns          481069 1c00944e 03012f03 lw               x30, 48(x2)         x30=1c002ede  x2:10003cd8  PA:10003d08
27272989ns          481071 1c009450 018582b3 add              x5, x11, x24         x5=1c002eae x11:1c002ea0 x24:0000000e
27273028ns          481073 1c009454 04012583 lw               x11, 64(x2)         x11=1c002efe  x2:10003cd8  PA:10003d18
27273048ns          481074 1c009456 000edd83 lhu              x27, 0(x29)         x27=00001b1f x29:1c002ece  PA:1c002ece
27273386ns          481091 1c00945a 0004d483 lhu              x9, 0(x9)            x9=000003ef  x9:1c002eee  PA:1c002eee
27273725ns          481108 1c00945e 02e70333 mul              x6, x14, x14         x6=000006e4 x14:0000002a x14:0000002a
27273744ns          481109 1c009462 40a55513 srai             x10, x10, 0x40a     x10=fffffffe x10:fffffaf9
27273764ns          481110 1c009464 04812e83 lw               x29, 72(x2)         x29=1c002f0e  x2:10003cd8  PA:10003d20
27273784ns          481111 1c009466 40a6d693 srai             x13, x13, 0x40a     x13=00000000 x13:00000338
27273804ns          481112 1c009468 000f5d03 lhu              x26, 0(x30)         x26=00000851 x30:1c002ede  PA:1c002ede
27274162ns          481130 1c00946c 0005d583 lhu              x11, 0(x11)         x11=00000268 x11:1c002efe  PA:1c002efe
27274460ns          481145 1c009470 40a35313 srai             x6, x6, 0x40a        x6=00000001  x6:000006e4
27274480ns          481146 1c009474 00a686b3 add              x13, x13, x10       x13=fffffffe x13:00000000 x10:fffffffe
27274500ns          481147 1c009476 05012f03 lw               x30, 80(x2)         x30=1c002e7e  x2:10003cd8  PA:10003d28
27274520ns          481148 1c009478 10034e33 p.exths          x28, x6, x0         x28=00000001  x6:00000001
27274540ns          481149 1c00947c 06911023 sh               x9, 96(x2)           x9:000003ef  x2:10003cd8  PA:10003d38
27274560ns          481150 1c009480 000ede83 lhu              x29, 0(x29)         x29=000001a9 x29:1c002f0e  PA:1c002f0e
27274898ns          481167 1c009484 05812483 lw               x9, 88(x2)           x9=1c002e6e  x2:10003cd8  PA:10003d30
27274918ns          481168 1c009486 1006d6b3 p.exthz          x13, x13, x0        x13=0000fffe x13:fffffffe
27274938ns          481169 1c00948a 02ee08b3 mul              x17, x28, x14       x17=0000002a x28:00000001 x14:0000002a
27274958ns          481170 1c00948e 1006c833 p.exths          x16, x13, x0        x16=fffffffe x13:0000fffe
27274977ns          481171 1c009492 06b11823 sh               x11, 112(x2)        x11:00000268  x2:10003cd8  PA:10003d48
27274997ns          481172 1c009496 000f5f03 lhu              x30, 0(x30)         x30=0000fec5 x30:1c002e7e  PA:1c002e7e
27275335ns          481189 1c00949a 0a012583 lw               x11, 160(x2)        x11=1c002e9e  x2:10003cd8  PA:10003d78
27275355ns          481190 1c00949c 1007d7b3 p.exthz          x15, x15, x0        x15=0000fff8 x15:fffffff8
27275375ns          481191 1c0094a0 0004da03 lhu              x20, 0(x9)          x20=0000f9be  x9:1c002e6e  PA:1c002e6e
27275674ns          481206 1c0094a4 1007c533 p.exths          x10, x15, x0        x10=fffffff8 x15:0000fff8
27275693ns          481207 1c0094a8 09d11023 sh               x29, 128(x2)        x29:000001a9  x2:10003cd8  PA:10003d58
27275713ns          481208 1c0094ac 0003d483 lhu              x9, 0(x7)            x9=0000ffae  x7:1c002ebe  PA:1c002ebe
27276012ns          481223 1c0094b0 02e80eb3 mul              x29, x16, x14       x29=ffffffac x16:fffffffe x14:0000002a
27276032ns          481224 1c0094b4 40a8d893 srai             x17, x17, 0x40a     x17=00000000 x17:0000002a
27276051ns          481225 1c0094b8 03c80833 mul              x16, x16, x28       x16=fffffffe x16:fffffffe x28:00000001
27276071ns          481226 1c0094bc 09e11823 sh               x30, 144(x2)        x30:0000fec5  x2:10003cd8  PA:10003d68
27276091ns          481227 1c0094c0 0005d983 lhu              x19, 0(x11)         x19=0000ff77 x11:1c002e9e  PA:1c002e9e
27276409ns          481243 1c0094c4 81c88f5b p.muls           x30, x17, x28       x30=00000000 x17:00000000 x28:00000001
27276429ns          481244 1c0094c8 0002d583 lhu              x11, 0(x5)          x11=0000fecc  x5:1c002eae  PA:1c002eae
27276748ns          481260 1c0094cc 03ce0fb3 mul              x31, x28, x28       x31=00000001 x28:00000001 x28:00000001
27276767ns          481261 1c0094d0 02e50733 mul              x14, x10, x14       x14=fffffeb0 x10:fffffff8 x14:0000002a
27276787ns          481262 1c0094d4 40a85813 srai             x16, x16, 0x40a     x16=ffffffff x16:fffffffe
27276807ns          481263 1c0094d8 03c50533 mul              x10, x10, x28       x10=fffffff8 x10:fffffff8 x28:00000001
27276827ns          481264 1c0094dc 07015e03 lhu              x28, 112(x2)        x28=00000268  x2:10003cd8  PA:10003d48
27276847ns          481265 1c0094e0 01b60633 add              x12, x12, x27       x12=00001b49 x12:0000002a x27:00001b1f
27276867ns          481266 1c0094e2 00980833 add              x16, x16, x9        x16=0000ffad x16:ffffffff  x9:0000ffae
27276887ns          481267 1c0094e4 06015d83 lhu              x27, 96(x2)         x27=000003ef  x2:10003cd8  PA:10003d38
27276907ns          481268 1c0094e8 02812483 lw               x9, 40(x2)           x9=1c002ece  x2:10003cd8  PA:10003d00
27276926ns          481269 1c0094ea 40afdf93 srai             x31, x31, 0x40a     x31=00000000 x31:00000001
27276946ns          481270 1c0094ee 40a55513 srai             x10, x10, 0x40a     x10=ffffffff x10:fffffff8
27276966ns          481271 1c0094f0 01cf8fb3 add              x31, x31, x28       x31=00000268 x31:00000000 x28:00000268
27276986ns          481272 1c0094f2 00b50533 add              x10, x10, x11       x10=0000fecb x10:ffffffff x11:0000fecc
27277006ns          481273 1c0094f4 09015e03 lhu              x28, 144(x2)        x28=0000fec5  x2:10003cd8  PA:10003d68
27277026ns          481274 1c0094f8 03012583 lw               x11, 48(x2)         x11=1c002ede  x2:10003cd8  PA:10003d08
27277046ns          481275 1c0094fa 00c49023 sh               x12, 0(x9)          x12:00001b49  x9:1c002ece  PA:1c002ece
27277364ns          481291 1c0094fe 01b888b3 add              x17, x17, x27       x17=000003ef x17:00000000 x27:000003ef
27277384ns          481292 1c009500 01a30333 add              x6, x6, x26          x6=00000852  x6:00000001 x26:00000851
27277404ns          481293 1c009502 08015d83 lhu              x27, 128(x2)        x27=000001a9  x2:10003cd8  PA:10003d58
27277424ns          481294 1c009506 0000d903 lhu              x18, 0(x1)          x18=0000fdb5  x1:1c002e8e  PA:1c002e8e
27277722ns          481309 1c00950a 01c686b3 add              x13, x13, x28       x13=0001fec3 x13:0000fffe x28:0000fec5
27277742ns          481310 1c00950c 00659023 sh               x6, 0(x11)           x6:00000852 x11:1c002ede  PA:1c002ede
27278080ns          481327 1c009510 40af5f13 srai             x30, x30, 0x40a     x30=00000000 x30:00000000
27278100ns          481328 1c009514 04812e03 lw               x28, 72(x2)         x28=1c002f0e  x2:10003cd8  PA:10003d20
27278120ns          481329 1c009516 01bf0f33 add              x30, x30, x27       x30=000001a9 x30:00000000 x27:000001a9
27278140ns          481330 1c009518 40aede93 srai             x29, x29, 0x40a     x29=ffffffff x29:ffffffac
27278160ns          481331 1c00951c 40a75713 srai             x14, x14, 0x40a     x14=ffffffff x14:fffffeb0
27278179ns          481332 1c00951e 03812603 lw               x12, 56(x2)         x12=1c002eee  x2:10003cd8  PA:10003d10
27278199ns          481333 1c009520 04012d83 lw               x27, 64(x2)         x27=1c002efe  x2:10003cd8  PA:10003d18
27278219ns          481334 1c009522 01ee1023 sh               x30, 0(x28)         x30:000001a9 x28:1c002f0e  PA:1c002f0e
27278537ns          481350 1c009526 05812483 lw               x9, 88(x2)           x9=1c002e6e  x2:10003cd8  PA:10003d30
27278557ns          481351 1c009528 05012f03 lw               x30, 80(x2)         x30=1c002e7e  x2:10003cd8  PA:10003d28
27278577ns          481352 1c00952a 0a012583 lw               x11, 160(x2)        x11=1c002e9e  x2:10003cd8  PA:10003d78
27278597ns          481353 1c00952c 014787b3 add              x15, x15, x20       x15=0001f9b6 x15:0000fff8 x20:0000f9be
27278617ns          481354 1c00952e 013e8eb3 add              x29, x29, x19       x29=0000ff76 x29:ffffffff x19:0000ff77
27278637ns          481355 1c009530 01270733 add              x14, x14, x18       x14=0000fdb4 x14:ffffffff x18:0000fdb5
27278657ns          481356 1c009532 00f49023 sh               x15, 0(x9)          x15:0001f9b6  x9:1c002e6e  PA:1c002e6e
27279015ns          481374 1c009536 01161023 sh               x17, 0(x12)         x17:000003ef x12:1c002eee  PA:1c002eee
27279393ns          481393 1c00953a 01fd9023 sh               x31, 0(x27)         x31:00000268 x27:1c002efe  PA:1c002efe
27279711ns          481409 1c00953e 00df1023 sh               x13, 0(x30)         x13:0001fec3 x30:1c002e7e  PA:1c002e7e
27280029ns          481425 1c009542 01d59023 sh               x29, 0(x11)         x29:0000ff76 x11:1c002e9e  PA:1c002e9e
27280347ns          481441 1c009546 00e09023 sh               x14, 0(x1)          x14:0000fdb4  x1:1c002e8e  PA:1c002e8e
27280685ns          481458 1c00954a 01039023 sh               x16, 0(x7)          x16:0000ffad  x7:1c002ebe  PA:1c002ebe
27281004ns          481474 1c00954e 00a29023 sh               x10, 0(x5)          x10:0000fecb  x5:1c002eae  PA:1c002eae
27281342ns          481491 1c009552 008b0b13 addi             x22, x22, 8         x22=00000187 x22:0000017f
27281362ns          481492 1c009554 1f300793 addi             x15, x0, 499        x15=000001f3
27281381ns          481493 1c009558 e767dae3 bge              x15, x22, -396      x15:000001f3 x22:00000187
27281481ns          481498 1c0093cc 010c9a0b p.lh             x20, 16(x25!)       x20=ffffffd3 x25=1c0029a6 x25:1c002996  PA:1c002996
27281799ns          481514 1c0093d0 0104198b p.lh             x19, 16(x8!)        x19=ffffff47  x8=1c00216e  x8:1c00215e  PA:1c00215e
27282097ns          481529 1c0093d4 2cc10513 addi             x10, x2, 716        x10=10003fa4  x2:10003cd8
27282117ns          481530 1c0093d6 010a990b p.lh             x18, 16(x21!)       x18=ffffffcc x21=1c00199a x21:1c00198a  PA:1c00198a
27282416ns          481545 1c0093da 010b948b p.lh             x9, 16(x23!)         x9=ffffff43 x23=1c0011ca x23:1c0011ba  PA:1c0011ba
27282714ns          481560 1c0093de 2d411623 sh               x20, 716(x2)        x20:ffffffd3  x2:10003cd8  PA:10003fa4
27282734ns          481561 1c0093e2 2d311723 sh               x19, 718(x2)        x19:ffffff47  x2:10003cd8  PA:10003fa6
27282754ns          481562 1c0093e6 c33ff0ef jal              x1, -974             x1=1c0093e8
27282793ns          481564 1c009018 00051803 lh               x16, 0(x10)         x16=ffffffd3 x10:10003fa4  PA:10003fa4
27282813ns          481565 1c00901c 00251883 lh               x17, 2(x10)         x17=ffffff47 x10:10003fa4  PA:10003fa6
27282873ns          481568 1c009020 030806b3 mul              x13, x16, x16       x13=000007e9 x16:ffffffd3 x16:ffffffd3
27282913ns          481570 1c009024 03188633 mul              x12, x17, x17       x12=000085b1 x17:ffffff47 x17:ffffff47
27282933ns          481571 1c009028 40a65613 srai             x12, x12, 0x40a     x12=00000021 x12:000085b1
27282953ns          481572 1c00902a 40a6d693 srai             x13, x13, 0x40a     x13=00000001 x13:000007e9
27282972ns          481573 1c00902c 00c686b3 add              x13, x13, x12       x13=00000022 x13:00000001 x12:00000021
27282992ns          481574 1c00902e 1006c633 p.exths          x12, x13, x0        x12=00000022 x13:00000022
27283012ns          481575 1c009032 00855703 lhu              x14, 8(x10)         x14=0000ffd1 x10:10003fa4  PA:10003fac
27283032ns          481576 1c009036 00a55683 lhu              x13, 10(x10)        x13=0000ff6a x10:10003fa4  PA:10003fae
27283052ns          481577 1c00903a 02c60333 mul              x6, x12, x12         x6=00000484 x12:00000022 x12:00000022
27283072ns          481578 1c00903e 00c55783 lhu              x15, 12(x10)        x15=0000ffe5 x10:10003fa4  PA:10003fb0
27283092ns          481579 1c009042 00e55583 lhu              x11, 14(x10)        x11=00000060 x10:10003fa4  PA:10003fb2
27283112ns          481580 1c009046 dea30333 p.extract        x6, x6, 15, 10       x6=00000001  x6:00000484
27283132ns          481581 1c00904a 80c7075b p.muls           x14, x14, x12       x14=fffff9c2 x14:0000ffd1 x12:00000022
27283171ns          481583 1c00904e 80c686db p.muls           x13, x13, x12       x13=ffffec14 x13:0000ff6a x12:00000022
27283211ns          481585 1c009052 00455e83 lhu              x29, 4(x10)         x29=00000427 x10:10003fa4  PA:10003fa8
27283231ns          481586 1c009056 00655e03 lhu              x28, 6(x10)         x28=0000007f x10:10003fa4  PA:10003faa
27283251ns          481587 1c00905a 40a75713 srai             x14, x14, 0x40a     x14=fffffffe x14:fffff9c2
27283271ns          481588 1c00905c 806787db p.muls           x15, x15, x6        x15=ffffffe5 x15:0000ffe5  x6:00000001
27283291ns          481589 1c009060 40a6d693 srai             x13, x13, 0x40a     x13=fffffffb x13:ffffec14
27283311ns          481590 1c009062 8065865b p.muls           x12, x11, x6        x12=00000060 x11:00000060  x6:00000001
27283330ns          481591 1c009066 40a7d793 srai             x15, x15, 0x40a     x15=ffffffff x15:ffffffe5
27283350ns          481592 1c009068 40a65613 srai             x12, x12, 0x40a     x12=00000000 x12:00000060
27283370ns          481593 1c00906a 01d70733 add              x14, x14, x29       x14=00000425 x14:fffffffe x29:00000427
27283390ns          481594 1c00906c 01c686b3 add              x13, x13, x28       x13=0000007a x13:fffffffb x28:0000007f
27283410ns          481595 1c00906e 00c686b3 add              x13, x13, x12       x13=0000007a x13:0000007a x12:00000000
27283430ns          481596 1c009070 00f70733 add              x14, x14, x15       x14=00000424 x14:00000425 x15:ffffffff
27283450ns          481597 1c009072 100747b3 p.exths          x15, x14, x0        x15=00000424 x14:00000424
27283470ns          481598 1c009076 1006c733 p.exths          x14, x13, x0        x14=0000007a x13:0000007a
27283490ns          481599 1c00907a 03170633 mul              x12, x14, x17       x12=ffffa7d6 x14:0000007a x17:ffffff47
27283509ns          481600 1c00907e 030786b3 mul              x13, x15, x16       x13=ffff45ac x15:00000424 x16:ffffffd3
27283529ns          481601 1c009082 03070733 mul              x14, x14, x16       x14=ffffea8e x14:0000007a x16:ffffffd3
27283549ns          481602 1c009086 031787b3 mul              x15, x15, x17       x15=fffd01fc x15:00000424 x17:ffffff47
27283569ns          481603 1c00908a 40a6d693 srai             x13, x13, 0x40a     x13=ffffffd1 x13:ffff45ac
27283589ns          481604 1c00908c 40a65613 srai             x12, x12, 0x40a     x12=ffffffe9 x12:ffffa7d6
27283609ns          481605 1c00908e 40a7d793 srai             x15, x15, 0x40a     x15=ffffff40 x15:fffd01fc
27283629ns          481606 1c009090 40a75713 srai             x14, x14, 0x40a     x14=fffffffa x14:ffffea8e
27283649ns          481607 1c009092 40c686b3 sub              x13, x13, x12       x13=ffffffe8 x13:ffffffd1 x12:ffffffe9
27283669ns          481608 1c009094 00e787b3 add              x15, x15, x14       x15=ffffff3a x15:ffffff40 x14:fffffffa
27283688ns          481609 1c009096 00d51823 sh               x13, 16(x10)        x13:ffffffe8 x10:10003fa4  PA:10003fb4
27283708ns          481610 1c00909a 00f51923 sh               x15, 18(x10)        x15:ffffff3a x10:10003fa4  PA:10003fb6
27283728ns          481611 1c00909e 00008067 jalr             x0, x1, 0            x1:1c0093e8
27283768ns          481613 1c0093e8 2dc15583 lhu              x11, 732(x2)        x11=0000ffe8  x2:10003cd8  PA:10003fb4
27283788ns          481614 1c0093ec 2de15783 lhu              x15, 734(x2)        x15=0000ff3a  x2:10003cd8  PA:10003fb6
27283808ns          481615 1c0093f0 40b90933 sub              x18, x18, x11       x18=fffeffe4 x18:ffffffcc x11:0000ffe8
27283828ns          481616 1c0093f4 40f484b3 sub              x9, x9, x15          x9=ffff0009  x9:ffffff43 x15:0000ff3a
27283848ns          481617 1c0093f6 100945b3 p.exths          x11, x18, x0        x11=ffffffe4 x18:fffeffe4
27283867ns          481618 1c0093fa 1004c7b3 p.exths          x15, x9, x0         x15=00000009  x9:ffff0009
27283887ns          481619 1c0093fe 034586b3 mul              x13, x11, x20       x13=000004ec x11:ffffffe4 x20:ffffffd3
27283907ns          481620 1c009402 03378533 mul              x10, x15, x19       x10=fffff97f x15:00000009 x19:ffffff47
27283927ns          481621 1c009406 034a0633 mul              x12, x20, x20       x12=000007e9 x20:ffffffd3 x20:ffffffd3
27283947ns          481622 1c00940a 03398733 mul              x14, x19, x19       x14=000085b1 x19:ffffff47 x19:ffffff47
27283967ns          481623 1c00940e 034787b3 mul              x15, x15, x20       x15=fffffe6b x15:00000009 x20:ffffffd3
27283987ns          481624 1c009412 033585b3 mul              x11, x11, x19       x11=0000143c x11:ffffffe4 x19:ffffff47
27284007ns          481625 1c009416 40a75713 srai             x14, x14, 0x40a     x14=00000021 x14:000085b1
27284027ns          481626 1c009418 40a5d593 srai             x11, x11, 0x40a     x11=00000005 x11:0000143c
27284046ns          481627 1c00941a 40a65613 srai             x12, x12, 0x40a     x12=00000001 x12:000007e9
27284066ns          481628 1c00941c 40a7d793 srai             x15, x15, 0x40a     x15=ffffffff x15:fffffe6b
27284086ns          481629 1c00941e 1c0034b7 lui              x9, 0x1c003000       x9=1c003000
27284106ns          481630 1c009422 00e60633 add              x12, x12, x14       x12=00000022 x12:00000001 x14:00000021
27284126ns          481631 1c009424 40b787b3 sub              x15, x15, x11       x15=fffffffa x15:ffffffff x11:00000005
27284146ns          481632 1c009426 eb048493 addi             x9, x9, -336         x9=1c002eb0  x9:1c003000
27284166ns          481633 1c00942a 1c0032b7 lui              x5, 0x1c003000       x5=1c003000
27284186ns          481634 1c00942e 1c0035b7 lui              x11, 0x1c003000     x11=1c003000
27284206ns          481635 1c009432 018483b3 add              x7, x9, x24          x7=1c002ebe  x9:1c002eb0 x24:0000000e
27284225ns          481636 1c009436 02812e83 lw               x29, 40(x2)         x29=1c002ece  x2:10003cd8  PA:10003d00
27284245ns          481637 1c009438 10065633 p.exthz          x12, x12, x0        x12=00000022 x12:00000022
27284265ns          481638 1c00943c e8028293 addi             x5, x5, -384         x5=1c002e80  x5:1c003000
27284285ns          481639 1c009440 ea058593 addi             x11, x11, -352      x11=1c002ea0 x11:1c003000
27284325ns          481641 1c009444 03812483 lw               x9, 56(x2)           x9=1c002eee  x2:10003cd8  PA:10003d10
27284345ns          481642 1c009446 10064733 p.exths          x14, x12, x0        x14=00000022 x12:00000022
27284365ns          481643 1c00944a 018280b3 add              x1, x5, x24          x1=1c002e8e  x5:1c002e80 x24:0000000e
27284384ns          481644 1c00944e 03012f03 lw               x30, 48(x2)         x30=1c002ede  x2:10003cd8  PA:10003d08
27284404ns          481645 1c009450 018582b3 add              x5, x11, x24         x5=1c002eae x11:1c002ea0 x24:0000000e
27284424ns          481646 1c009454 04012583 lw               x11, 64(x2)         x11=1c002efe  x2:10003cd8  PA:10003d18
27284444ns          481647 1c009456 000edd83 lhu              x27, 0(x29)         x27=00001b49 x29:1c002ece  PA:1c002ece
27284782ns          481664 1c00945a 0004d483 lhu              x9, 0(x9)            x9=000003ef  x9:1c002eee  PA:1c002eee
27285081ns          481679 1c00945e 02e70333 mul              x6, x14, x14         x6=00000484 x14:00000022 x14:00000022
27285100ns          481680 1c009462 40a55513 srai             x10, x10, 0x40a     x10=fffffffe x10:fffff97f
27285120ns          481681 1c009464 04812e83 lw               x29, 72(x2)         x29=1c002f0e  x2:10003cd8  PA:10003d20
27285140ns          481682 1c009466 40a6d693 srai             x13, x13, 0x40a     x13=00000001 x13:000004ec
27285160ns          481683 1c009468 000f5d03 lhu              x26, 0(x30)         x26=00000852 x30:1c002ede  PA:1c002ede
27285458ns          481698 1c00946c 0005d583 lhu              x11, 0(x11)         x11=00000268 x11:1c002efe  PA:1c002efe
27285757ns          481713 1c009470 40a35313 srai             x6, x6, 0x40a        x6=00000001  x6:00000484
27285777ns          481714 1c009474 00a686b3 add              x13, x13, x10       x13=ffffffff x13:00000001 x10:fffffffe
27285797ns          481715 1c009476 05012f03 lw               x30, 80(x2)         x30=1c002e7e  x2:10003cd8  PA:10003d28
27285816ns          481716 1c009478 10034e33 p.exths          x28, x6, x0         x28=00000001  x6:00000001
27285836ns          481717 1c00947c 06911023 sh               x9, 96(x2)           x9:000003ef  x2:10003cd8  PA:10003d38
27285876ns          481719 1c009480 000ede83 lhu              x29, 0(x29)         x29=000001a9 x29:1c002f0e  PA:1c002f0e
27286194ns          481735 1c009484 05812483 lw               x9, 88(x2)           x9=1c002e6e  x2:10003cd8  PA:10003d30
27286214ns          481736 1c009486 1006d6b3 p.exthz          x13, x13, x0        x13=0000ffff x13:ffffffff
27286234ns          481737 1c00948a 02ee08b3 mul              x17, x28, x14       x17=00000022 x28:00000001 x14:00000022
27286254ns          481738 1c00948e 1006c833 p.exths          x16, x13, x0        x16=ffffffff x13:0000ffff
27286274ns          481739 1c009492 06b11823 sh               x11, 112(x2)        x11:00000268  x2:10003cd8  PA:10003d48
27286294ns          481740 1c009496 000f5f03 lhu              x30, 0(x30)         x30=0000fec3 x30:1c002e7e  PA:1c002e7e
27286592ns          481755 1c00949a 0a012583 lw               x11, 160(x2)        x11=1c002e9e  x2:10003cd8  PA:10003d78
27286612ns          481756 1c00949c 1007d7b3 p.exthz          x15, x15, x0        x15=0000fffa x15:fffffffa
27286632ns          481757 1c0094a0 0004da03 lhu              x20, 0(x9)          x20=0000f9b6  x9:1c002e6e  PA:1c002e6e
27286990ns          481775 1c0094a4 1007c533 p.exths          x10, x15, x0        x10=fffffffa x15:0000fffa
27287010ns          481776 1c0094a8 09d11023 sh               x29, 128(x2)        x29:000001a9  x2:10003cd8  PA:10003d58
27287030ns          481777 1c0094ac 0003d483 lhu              x9, 0(x7)            x9=0000ffad  x7:1c002ebe  PA:1c002ebe
27287328ns          481792 1c0094b0 02e80eb3 mul              x29, x16, x14       x29=ffffffde x16:ffffffff x14:00000022
27287348ns          481793 1c0094b4 40a8d893 srai             x17, x17, 0x40a     x17=00000000 x17:00000022
27287368ns          481794 1c0094b8 03c80833 mul              x16, x16, x28       x16=ffffffff x16:ffffffff x28:00000001
27287388ns          481795 1c0094bc 09e11823 sh               x30, 144(x2)        x30:0000fec3  x2:10003cd8  PA:10003d68
27287407ns          481796 1c0094c0 0005d983 lhu              x19, 0(x11)         x19=0000ff76 x11:1c002e9e  PA:1c002e9e
27287726ns          481812 1c0094c4 81c88f5b p.muls           x30, x17, x28       x30=00000000 x17:00000000 x28:00000001
27287746ns          481813 1c0094c8 0002d583 lhu              x11, 0(x5)          x11=0000fecb  x5:1c002eae  PA:1c002eae
27288064ns          481829 1c0094cc 03ce0fb3 mul              x31, x28, x28       x31=00000001 x28:00000001 x28:00000001
27288084ns          481830 1c0094d0 02e50733 mul              x14, x10, x14       x14=ffffff34 x10:fffffffa x14:00000022
27288104ns          481831 1c0094d4 40a85813 srai             x16, x16, 0x40a     x16=ffffffff x16:ffffffff
27288123ns          481832 1c0094d8 03c50533 mul              x10, x10, x28       x10=fffffffa x10:fffffffa x28:00000001
27288143ns          481833 1c0094dc 07015e03 lhu              x28, 112(x2)        x28=00000268  x2:10003cd8  PA:10003d48
27288183ns          481835 1c0094e0 01b60633 add              x12, x12, x27       x12=00001b6b x12:00000022 x27:00001b49
27288203ns          481836 1c0094e2 00980833 add              x16, x16, x9        x16=0000ffac x16:ffffffff  x9:0000ffad
27288223ns          481837 1c0094e4 06015d83 lhu              x27, 96(x2)         x27=000003ef  x2:10003cd8  PA:10003d38
27288243ns          481838 1c0094e8 02812483 lw               x9, 40(x2)           x9=1c002ece  x2:10003cd8  PA:10003d00
27288263ns          481839 1c0094ea 40afdf93 srai             x31, x31, 0x40a     x31=00000000 x31:00000001
27288283ns          481840 1c0094ee 40a55513 srai             x10, x10, 0x40a     x10=ffffffff x10:fffffffa
27288302ns          481841 1c0094f0 01cf8fb3 add              x31, x31, x28       x31=00000268 x31:00000000 x28:00000268
27288322ns          481842 1c0094f2 00b50533 add              x10, x10, x11       x10=0000feca x10:ffffffff x11:0000fecb
27288342ns          481843 1c0094f4 09015e03 lhu              x28, 144(x2)        x28=0000fec3  x2:10003cd8  PA:10003d68
27288362ns          481844 1c0094f8 03012583 lw               x11, 48(x2)         x11=1c002ede  x2:10003cd8  PA:10003d08
27288382ns          481845 1c0094fa 00c49023 sh               x12, 0(x9)          x12:00001b6b  x9:1c002ece  PA:1c002ece
27288700ns          481861 1c0094fe 01b888b3 add              x17, x17, x27       x17=000003ef x17:00000000 x27:000003ef
27288720ns          481862 1c009500 01a30333 add              x6, x6, x26          x6=00000853  x6:00000001 x26:00000852
27288740ns          481863 1c009502 08015d83 lhu              x27, 128(x2)        x27=000001a9  x2:10003cd8  PA:10003d58
27288780ns          481865 1c009506 0000d903 lhu              x18, 0(x1)          x18=0000fdb4  x1:1c002e8e  PA:1c002e8e
27289098ns          481881 1c00950a 01c686b3 add              x13, x13, x28       x13=0001fec2 x13:0000ffff x28:0000fec3
27289118ns          481882 1c00950c 00659023 sh               x6, 0(x11)           x6:00000853 x11:1c002ede  PA:1c002ede
27289436ns          481898 1c009510 40af5f13 srai             x30, x30, 0x40a     x30=00000000 x30:00000000
27289456ns          481899 1c009514 04812e03 lw               x28, 72(x2)         x28=1c002f0e  x2:10003cd8  PA:10003d20
27289476ns          481900 1c009516 01bf0f33 add              x30, x30, x27       x30=000001a9 x30:00000000 x27:000001a9
27289496ns          481901 1c009518 40aede93 srai             x29, x29, 0x40a     x29=ffffffff x29:ffffffde
27289516ns          481902 1c00951c 40a75713 srai             x14, x14, 0x40a     x14=ffffffff x14:ffffff34
27289535ns          481903 1c00951e 03812603 lw               x12, 56(x2)         x12=1c002eee  x2:10003cd8  PA:10003d10
27289555ns          481904 1c009520 04012d83 lw               x27, 64(x2)         x27=1c002efe  x2:10003cd8  PA:10003d18
27289575ns          481905 1c009522 01ee1023 sh               x30, 0(x28)         x30:000001a9 x28:1c002f0e  PA:1c002f0e
27289913ns          481922 1c009526 05812483 lw               x9, 88(x2)           x9=1c002e6e  x2:10003cd8  PA:10003d30
27289933ns          481923 1c009528 05012f03 lw               x30, 80(x2)         x30=1c002e7e  x2:10003cd8  PA:10003d28
27289953ns          481924 1c00952a 0a012583 lw               x11, 160(x2)        x11=1c002e9e  x2:10003cd8  PA:10003d78
27289973ns          481925 1c00952c 014787b3 add              x15, x15, x20       x15=0001f9b0 x15:0000fffa x20:0000f9b6
27289993ns          481926 1c00952e 013e8eb3 add              x29, x29, x19       x29=0000ff75 x29:ffffffff x19:0000ff76
27290013ns          481927 1c009530 01270733 add              x14, x14, x18       x14=0000fdb3 x14:ffffffff x18:0000fdb4
27290033ns          481928 1c009532 00f49023 sh               x15, 0(x9)          x15:0001f9b0  x9:1c002e6e  PA:1c002e6e
27290351ns          481944 1c009536 01161023 sh               x17, 0(x12)         x17:000003ef x12:1c002eee  PA:1c002eee
27290669ns          481960 1c00953a 01fd9023 sh               x31, 0(x27)         x31:00000268 x27:1c002efe  PA:1c002efe
27290987ns          481976 1c00953e 00df1023 sh               x13, 0(x30)         x13:0001fec2 x30:1c002e7e  PA:1c002e7e
27291345ns          481994 1c009542 01d59023 sh               x29, 0(x11)         x29:0000ff75 x11:1c002e9e  PA:1c002e9e
27291723ns          482013 1c009546 00e09023 sh               x14, 0(x1)          x14:0000fdb3  x1:1c002e8e  PA:1c002e8e
27292041ns          482029 1c00954a 01039023 sh               x16, 0(x7)          x16:0000ffac  x7:1c002ebe  PA:1c002ebe
27292360ns          482045 1c00954e 00a29023 sh               x10, 0(x5)          x10:0000feca  x5:1c002eae  PA:1c002eae
27292698ns          482062 1c009552 008b0b13 addi             x22, x22, 8         x22=0000018f x22:00000187
27292718ns          482063 1c009554 1f300793 addi             x15, x0, 499        x15=000001f3
27292737ns          482064 1c009558 e767dae3 bge              x15, x22, -396      x15:000001f3 x22:0000018f
27292837ns          482069 1c0093cc 010c9a0b p.lh             x20, 16(x25!)       x20=000000a9 x25=1c0029b6 x25:1c0029a6  PA:1c0029a6
27293135ns          482084 1c0093d0 0104198b p.lh             x19, 16(x8!)        x19=000000fd  x8=1c00217e  x8:1c00216e  PA:1c00216e
27293434ns          482099 1c0093d4 2cc10513 addi             x10, x2, 716        x10=10003fa4  x2:10003cd8
27293453ns          482100 1c0093d6 010a990b p.lh             x18, 16(x21!)       x18=000000b5 x21=1c0019aa x21:1c00199a  PA:1c00199a
27293752ns          482115 1c0093da 010b948b p.lh             x9, 16(x23!)         x9=000000f8 x23=1c0011da x23:1c0011ca  PA:1c0011ca
27294050ns          482130 1c0093de 2d411623 sh               x20, 716(x2)        x20:000000a9  x2:10003cd8  PA:10003fa4
27294070ns          482131 1c0093e2 2d311723 sh               x19, 718(x2)        x19:000000fd  x2:10003cd8  PA:10003fa6
27294090ns          482132 1c0093e6 c33ff0ef jal              x1, -974             x1=1c0093e8
27294130ns          482134 1c009018 00051803 lh               x16, 0(x10)         x16=000000a9 x10:10003fa4  PA:10003fa4
27294169ns          482136 1c00901c 00251883 lh               x17, 2(x10)         x17=000000fd x10:10003fa4  PA:10003fa6
27294189ns          482137 1c009020 030806b3 mul              x13, x16, x16       x13=00006f91 x16:000000a9 x16:000000a9
27294209ns          482138 1c009024 03188633 mul              x12, x17, x17       x12=0000fa09 x17:000000fd x17:000000fd
27294229ns          482139 1c009028 40a65613 srai             x12, x12, 0x40a     x12=0000003e x12:0000fa09
27294249ns          482140 1c00902a 40a6d693 srai             x13, x13, 0x40a     x13=0000001b x13:00006f91
27294269ns          482141 1c00902c 00c686b3 add              x13, x13, x12       x13=00000059 x13:0000001b x12:0000003e
27294289ns          482142 1c00902e 1006c633 p.exths          x12, x13, x0        x12=00000059 x13:00000059
27294309ns          482143 1c009032 00855703 lhu              x14, 8(x10)         x14=0000ffd1 x10:10003fa4  PA:10003fac
27294328ns          482144 1c009036 00a55683 lhu              x13, 10(x10)        x13=0000ff6a x10:10003fa4  PA:10003fae
27294348ns          482145 1c00903a 02c60333 mul              x6, x12, x12         x6=00001ef1 x12:00000059 x12:00000059
27294368ns          482146 1c00903e 00c55783 lhu              x15, 12(x10)        x15=0000ffe5 x10:10003fa4  PA:10003fb0
27294388ns          482147 1c009042 00e55583 lhu              x11, 14(x10)        x11=00000060 x10:10003fa4  PA:10003fb2
27294408ns          482148 1c009046 dea30333 p.extract        x6, x6, 15, 10       x6=00000007  x6:00001ef1
27294428ns          482149 1c00904a 80c7075b p.muls           x14, x14, x12       x14=ffffefa9 x14:0000ffd1 x12:00000059
27294448ns          482150 1c00904e 80c686db p.muls           x13, x13, x12       x13=ffffcbda x13:0000ff6a x12:00000059
27294468ns          482151 1c009052 00455e83 lhu              x29, 4(x10)         x29=00000427 x10:10003fa4  PA:10003fa8
27294488ns          482152 1c009056 00655e03 lhu              x28, 6(x10)         x28=0000007f x10:10003fa4  PA:10003faa
27294507ns          482153 1c00905a 40a75713 srai             x14, x14, 0x40a     x14=fffffffb x14:ffffefa9
27294527ns          482154 1c00905c 806787db p.muls           x15, x15, x6        x15=ffffff43 x15:0000ffe5  x6:00000007
27294547ns          482155 1c009060 40a6d693 srai             x13, x13, 0x40a     x13=fffffff2 x13:ffffcbda
27294567ns          482156 1c009062 8065865b p.muls           x12, x11, x6        x12=000002a0 x11:00000060  x6:00000007
27294587ns          482157 1c009066 40a7d793 srai             x15, x15, 0x40a     x15=ffffffff x15:ffffff43
27294607ns          482158 1c009068 40a65613 srai             x12, x12, 0x40a     x12=00000000 x12:000002a0
27294627ns          482159 1c00906a 01d70733 add              x14, x14, x29       x14=00000422 x14:fffffffb x29:00000427
27294647ns          482160 1c00906c 01c686b3 add              x13, x13, x28       x13=00000071 x13:fffffff2 x28:0000007f
27294667ns          482161 1c00906e 00c686b3 add              x13, x13, x12       x13=00000071 x13:00000071 x12:00000000
27294686ns          482162 1c009070 00f70733 add              x14, x14, x15       x14=00000421 x14:00000422 x15:ffffffff
27294706ns          482163 1c009072 100747b3 p.exths          x15, x14, x0        x15=00000421 x14:00000421
27294726ns          482164 1c009076 1006c733 p.exths          x14, x13, x0        x14=00000071 x13:00000071
27294746ns          482165 1c00907a 03170633 mul              x12, x14, x17       x12=00006fad x14:00000071 x17:000000fd
27294766ns          482166 1c00907e 030786b3 mul              x13, x15, x16       x13=0002b9c9 x15:00000421 x16:000000a9
27294786ns          482167 1c009082 03070733 mul              x14, x14, x16       x14=00004a99 x14:00000071 x16:000000a9
27294806ns          482168 1c009086 031787b3 mul              x15, x15, x17       x15=0004149d x15:00000421 x17:000000fd
27294826ns          482169 1c00908a 40a6d693 srai             x13, x13, 0x40a     x13=000000ae x13:0002b9c9
27294846ns          482170 1c00908c 40a65613 srai             x12, x12, 0x40a     x12=0000001b x12:00006fad
27294865ns          482171 1c00908e 40a7d793 srai             x15, x15, 0x40a     x15=00000105 x15:0004149d
27294885ns          482172 1c009090 40a75713 srai             x14, x14, 0x40a     x14=00000012 x14:00004a99
27294905ns          482173 1c009092 40c686b3 sub              x13, x13, x12       x13=00000093 x13:000000ae x12:0000001b
27294925ns          482174 1c009094 00e787b3 add              x15, x15, x14       x15=00000117 x15:00000105 x14:00000012
27294945ns          482175 1c009096 00d51823 sh               x13, 16(x10)        x13:00000093 x10:10003fa4  PA:10003fb4
27294965ns          482176 1c00909a 00f51923 sh               x15, 18(x10)        x15:00000117 x10:10003fa4  PA:10003fb6
27294985ns          482177 1c00909e 00008067 jalr             x0, x1, 0            x1:1c0093e8
27295044ns          482180 1c0093e8 2dc15583 lhu              x11, 732(x2)        x11=00000093  x2:10003cd8  PA:10003fb4
27295064ns          482181 1c0093ec 2de15783 lhu              x15, 734(x2)        x15=00000117  x2:10003cd8  PA:10003fb6
27295084ns          482182 1c0093f0 40b90933 sub              x18, x18, x11       x18=00000022 x18:000000b5 x11:00000093
27295104ns          482183 1c0093f4 40f484b3 sub              x9, x9, x15          x9=ffffffe1  x9:000000f8 x15:00000117
27295124ns          482184 1c0093f6 100945b3 p.exths          x11, x18, x0        x11=00000022 x18:00000022
27295144ns          482185 1c0093fa 1004c7b3 p.exths          x15, x9, x0         x15=ffffffe1  x9:ffffffe1
27295164ns          482186 1c0093fe 034586b3 mul              x13, x11, x20       x13=00001672 x11:00000022 x20:000000a9
27295184ns          482187 1c009402 03378533 mul              x10, x15, x19       x10=ffffe15d x15:ffffffe1 x19:000000fd
27295204ns          482188 1c009406 034a0633 mul              x12, x20, x20       x12=00006f91 x20:000000a9 x20:000000a9
27295223ns          482189 1c00940a 03398733 mul              x14, x19, x19       x14=0000fa09 x19:000000fd x19:000000fd
27295283ns          482192 1c00940e 034787b3 mul              x15, x15, x20       x15=ffffeb89 x15:ffffffe1 x20:000000a9
27295323ns          482194 1c009412 033585b3 mul              x11, x11, x19       x11=0000219a x11:00000022 x19:000000fd
27295343ns          482195 1c009416 40a75713 srai             x14, x14, 0x40a     x14=0000003e x14:0000fa09
27295363ns          482196 1c009418 40a5d593 srai             x11, x11, 0x40a     x11=00000008 x11:0000219a
27295383ns          482197 1c00941a 40a65613 srai             x12, x12, 0x40a     x12=0000001b x12:00006f91
27295402ns          482198 1c00941c 40a7d793 srai             x15, x15, 0x40a     x15=fffffffa x15:ffffeb89
27295422ns          482199 1c00941e 1c0034b7 lui              x9, 0x1c003000       x9=1c003000
27295442ns          482200 1c009422 00e60633 add              x12, x12, x14       x12=00000059 x12:0000001b x14:0000003e
27295462ns          482201 1c009424 40b787b3 sub              x15, x15, x11       x15=fffffff2 x15:fffffffa x11:00000008
27295482ns          482202 1c009426 eb048493 addi             x9, x9, -336         x9=1c002eb0  x9:1c003000
27295502ns          482203 1c00942a 1c0032b7 lui              x5, 0x1c003000       x5=1c003000
27295522ns          482204 1c00942e 1c0035b7 lui              x11, 0x1c003000     x11=1c003000
27295542ns          482205 1c009432 018483b3 add              x7, x9, x24          x7=1c002ebe  x9:1c002eb0 x24:0000000e
27295562ns          482206 1c009436 02812e83 lw               x29, 40(x2)         x29=1c002ece  x2:10003cd8  PA:10003d00
27295581ns          482207 1c009438 10065633 p.exthz          x12, x12, x0        x12=00000059 x12:00000059
27295601ns          482208 1c00943c e8028293 addi             x5, x5, -384         x5=1c002e80  x5:1c003000
27295621ns          482209 1c009440 ea058593 addi             x11, x11, -352      x11=1c002ea0 x11:1c003000
27295641ns          482210 1c009444 03812483 lw               x9, 56(x2)           x9=1c002eee  x2:10003cd8  PA:10003d10
27295661ns          482211 1c009446 10064733 p.exths          x14, x12, x0        x14=00000059 x12:00000059
27295681ns          482212 1c00944a 018280b3 add              x1, x5, x24          x1=1c002e8e  x5:1c002e80 x24:0000000e
27295701ns          482213 1c00944e 03012f03 lw               x30, 48(x2)         x30=1c002ede  x2:10003cd8  PA:10003d08
27295721ns          482214 1c009450 018582b3 add              x5, x11, x24         x5=1c002eae x11:1c002ea0 x24:0000000e
27295741ns          482215 1c009454 04012583 lw               x11, 64(x2)         x11=1c002efe  x2:10003cd8  PA:10003d18
27295760ns          482216 1c009456 000edd83 lhu              x27, 0(x29)         x27=00001b6b x29:1c002ece  PA:1c002ece
27296059ns          482231 1c00945a 0004d483 lhu              x9, 0(x9)            x9=000003ef  x9:1c002eee  PA:1c002eee
27296357ns          482246 1c00945e 02e70333 mul              x6, x14, x14         x6=00001ef1 x14:00000059 x14:00000059
27296377ns          482247 1c009462 40a55513 srai             x10, x10, 0x40a     x10=fffffff8 x10:ffffe15d
27296397ns          482248 1c009464 04812e83 lw               x29, 72(x2)         x29=1c002f0e  x2:10003cd8  PA:10003d20
27296417ns          482249 1c009466 40a6d693 srai             x13, x13, 0x40a     x13=00000005 x13:00001672
27296437ns          482250 1c009468 000f5d03 lhu              x26, 0(x30)         x26=00000853 x30:1c002ede  PA:1c002ede
27296735ns          482265 1c00946c 0005d583 lhu              x11, 0(x11)         x11=00000268 x11:1c002efe  PA:1c002efe
27297073ns          482282 1c009470 40a35313 srai             x6, x6, 0x40a        x6=00000007  x6:00001ef1
27297093ns          482283 1c009474 00a686b3 add              x13, x13, x10       x13=fffffffd x13:00000005 x10:fffffff8
27297113ns          482284 1c009476 05012f03 lw               x30, 80(x2)         x30=1c002e7e  x2:10003cd8  PA:10003d28
27297133ns          482285 1c009478 10034e33 p.exths          x28, x6, x0         x28=00000007  x6:00000007
27297153ns          482286 1c00947c 06911023 sh               x9, 96(x2)           x9:000003ef  x2:10003cd8  PA:10003d38
27297172ns          482287 1c009480 000ede83 lhu              x29, 0(x29)         x29=000001a9 x29:1c002f0e  PA:1c002f0e
27297471ns          482302 1c009484 05812483 lw               x9, 88(x2)           x9=1c002e6e  x2:10003cd8  PA:10003d30
27297491ns          482303 1c009486 1006d6b3 p.exthz          x13, x13, x0        x13=0000fffd x13:fffffffd
27297511ns          482304 1c00948a 02ee08b3 mul              x17, x28, x14       x17=0000026f x28:00000007 x14:00000059
27297530ns          482305 1c00948e 1006c833 p.exths          x16, x13, x0        x16=fffffffd x13:0000fffd
27297550ns          482306 1c009492 06b11823 sh               x11, 112(x2)        x11:00000268  x2:10003cd8  PA:10003d48
27297570ns          482307 1c009496 000f5f03 lhu              x30, 0(x30)         x30=0000fec2 x30:1c002e7e  PA:1c002e7e
27297908ns          482324 1c00949a 0a012583 lw               x11, 160(x2)        x11=1c002e9e  x2:10003cd8  PA:10003d78
27297928ns          482325 1c00949c 1007d7b3 p.exthz          x15, x15, x0        x15=0000fff2 x15:fffffff2
27297948ns          482326 1c0094a0 0004da03 lhu              x20, 0(x9)          x20=0000f9b0  x9:1c002e6e  PA:1c002e6e
27298286ns          482343 1c0094a4 1007c533 p.exths          x10, x15, x0        x10=fffffff2 x15:0000fff2
27298306ns          482344 1c0094a8 09d11023 sh               x29, 128(x2)        x29:000001a9  x2:10003cd8  PA:10003d58
27298326ns          482345 1c0094ac 0003d483 lhu              x9, 0(x7)            x9=0000ffac  x7:1c002ebe  PA:1c002ebe
27298624ns          482360 1c0094b0 02e80eb3 mul              x29, x16, x14       x29=fffffef5 x16:fffffffd x14:00000059
27298644ns          482361 1c0094b4 40a8d893 srai             x17, x17, 0x40a     x17=00000000 x17:0000026f
27298664ns          482362 1c0094b8 03c80833 mul              x16, x16, x28       x16=ffffffeb x16:fffffffd x28:00000007
27298684ns          482363 1c0094bc 09e11823 sh               x30, 144(x2)        x30:0000fec2  x2:10003cd8  PA:10003d68
27298704ns          482364 1c0094c0 0005d983 lhu              x19, 0(x11)         x19=0000ff75 x11:1c002e9e  PA:1c002e9e
27299002ns          482379 1c0094c4 81c88f5b p.muls           x30, x17, x28       x30=00000000 x17:00000000 x28:00000007
27299022ns          482380 1c0094c8 0002d583 lhu              x11, 0(x5)          x11=0000feca  x5:1c002eae  PA:1c002eae
27299320ns          482395 1c0094cc 03ce0fb3 mul              x31, x28, x28       x31=00000031 x28:00000007 x28:00000007
27299340ns          482396 1c0094d0 02e50733 mul              x14, x10, x14       x14=fffffb22 x10:fffffff2 x14:00000059
27299360ns          482397 1c0094d4 40a85813 srai             x16, x16, 0x40a     x16=ffffffff x16:ffffffeb
27299380ns          482398 1c0094d8 03c50533 mul              x10, x10, x28       x10=ffffff9e x10:fffffff2 x28:00000007
27299400ns          482399 1c0094dc 07015e03 lhu              x28, 112(x2)        x28=00000268  x2:10003cd8  PA:10003d48
27299440ns          482401 1c0094e0 01b60633 add              x12, x12, x27       x12=00001bc4 x12:00000059 x27:00001b6b
27299460ns          482402 1c0094e2 00980833 add              x16, x16, x9        x16=0000ffab x16:ffffffff  x9:0000ffac
27299479ns          482403 1c0094e4 06015d83 lhu              x27, 96(x2)         x27=000003ef  x2:10003cd8  PA:10003d38
27299499ns          482404 1c0094e8 02812483 lw               x9, 40(x2)           x9=1c002ece  x2:10003cd8  PA:10003d00
27299519ns          482405 1c0094ea 40afdf93 srai             x31, x31, 0x40a     x31=00000000 x31:00000031
27299539ns          482406 1c0094ee 40a55513 srai             x10, x10, 0x40a     x10=ffffffff x10:ffffff9e
27299559ns          482407 1c0094f0 01cf8fb3 add              x31, x31, x28       x31=00000268 x31:00000000 x28:00000268
27299579ns          482408 1c0094f2 00b50533 add              x10, x10, x11       x10=0000fec9 x10:ffffffff x11:0000feca
27299599ns          482409 1c0094f4 09015e03 lhu              x28, 144(x2)        x28=0000fec2  x2:10003cd8  PA:10003d68
27299619ns          482410 1c0094f8 03012583 lw               x11, 48(x2)         x11=1c002ede  x2:10003cd8  PA:10003d08
27299639ns          482411 1c0094fa 00c49023 sh               x12, 0(x9)          x12:00001bc4  x9:1c002ece  PA:1c002ece
27299957ns          482427 1c0094fe 01b888b3 add              x17, x17, x27       x17=000003ef x17:00000000 x27:000003ef
27299977ns          482428 1c009500 01a30333 add              x6, x6, x26          x6=0000085a  x6:00000007 x26:00000853
27299997ns          482429 1c009502 08015d83 lhu              x27, 128(x2)        x27=000001a9  x2:10003cd8  PA:10003d58
27300016ns          482430 1c009506 0000d903 lhu              x18, 0(x1)          x18=0000fdb3  x1:1c002e8e  PA:1c002e8e
27300335ns          482446 1c00950a 01c686b3 add              x13, x13, x28       x13=0001febf x13:0000fffd x28:0000fec2
27300355ns          482447 1c00950c 00659023 sh               x6, 0(x11)           x6:0000085a x11:1c002ede  PA:1c002ede
27300693ns          482464 1c009510 40af5f13 srai             x30, x30, 0x40a     x30=00000000 x30:00000000
27300713ns          482465 1c009514 04812e03 lw               x28, 72(x2)         x28=1c002f0e  x2:10003cd8  PA:10003d20
27300732ns          482466 1c009516 01bf0f33 add              x30, x30, x27       x30=000001a9 x30:00000000 x27:000001a9
27300752ns          482467 1c009518 40aede93 srai             x29, x29, 0x40a     x29=ffffffff x29:fffffef5
27300772ns          482468 1c00951c 40a75713 srai             x14, x14, 0x40a     x14=fffffffe x14:fffffb22
27300792ns          482469 1c00951e 03812603 lw               x12, 56(x2)         x12=1c002eee  x2:10003cd8  PA:10003d10
27300812ns          482470 1c009520 04012d83 lw               x27, 64(x2)         x27=1c002efe  x2:10003cd8  PA:10003d18
27300832ns          482471 1c009522 01ee1023 sh               x30, 0(x28)         x30:000001a9 x28:1c002f0e  PA:1c002f0e
27301150ns          482487 1c009526 05812483 lw               x9, 88(x2)           x9=1c002e6e  x2:10003cd8  PA:10003d30
27301170ns          482488 1c009528 05012f03 lw               x30, 80(x2)         x30=1c002e7e  x2:10003cd8  PA:10003d28
27301190ns          482489 1c00952a 0a012583 lw               x11, 160(x2)        x11=1c002e9e  x2:10003cd8  PA:10003d78
27301210ns          482490 1c00952c 014787b3 add              x15, x15, x20       x15=0001f9a2 x15:0000fff2 x20:0000f9b0
27301230ns          482491 1c00952e 013e8eb3 add              x29, x29, x19       x29=0000ff74 x29:ffffffff x19:0000ff75
27301250ns          482492 1c009530 01270733 add              x14, x14, x18       x14=0000fdb1 x14:fffffffe x18:0000fdb3
27301269ns          482493 1c009532 00f49023 sh               x15, 0(x9)          x15:0001f9a2  x9:1c002e6e  PA:1c002e6e
27301588ns          482509 1c009536 01161023 sh               x17, 0(x12)         x17:000003ef x12:1c002eee  PA:1c002eee
27301906ns          482525 1c00953a 01fd9023 sh               x31, 0(x27)         x31:00000268 x27:1c002efe  PA:1c002efe
27302224ns          482541 1c00953e 00df1023 sh               x13, 0(x30)         x13:0001febf x30:1c002e7e  PA:1c002e7e
27302542ns          482557 1c009542 01d59023 sh               x29, 0(x11)         x29:0000ff74 x11:1c002e9e  PA:1c002e9e
27302880ns          482574 1c009546 00e09023 sh               x14, 0(x1)          x14:0000fdb1  x1:1c002e8e  PA:1c002e8e
27303218ns          482591 1c00954a 01039023 sh               x16, 0(x7)          x16:0000ffab  x7:1c002ebe  PA:1c002ebe
27303537ns          482607 1c00954e 00a29023 sh               x10, 0(x5)          x10:0000fec9  x5:1c002eae  PA:1c002eae
27303855ns          482623 1c009552 008b0b13 addi             x22, x22, 8         x22=00000197 x22:0000018f
27303875ns          482624 1c009554 1f300793 addi             x15, x0, 499        x15=000001f3
27303895ns          482625 1c009558 e767dae3 bge              x15, x22, -396      x15:000001f3 x22:00000197
27303954ns          482628 1c0093cc 010c9a0b p.lh             x20, 16(x25!)       x20=0000001c x25=1c0029c6 x25:1c0029b6  PA:1c0029b6
27304272ns          482644 1c0093d0 0104198b p.lh             x19, 16(x8!)        x19=ffffffec  x8=1c00218e  x8:1c00217e  PA:1c00217e
27304571ns          482659 1c0093d4 2cc10513 addi             x10, x2, 716        x10=10003fa4  x2:10003cd8
27304591ns          482660 1c0093d6 010a990b p.lh             x18, 16(x21!)       x18=00000016 x21=1c0019ba x21:1c0019aa  PA:1c0019aa
27304889ns          482675 1c0093da 010b948b p.lh             x9, 16(x23!)         x9=ffffffeb x23=1c0011ea x23:1c0011da  PA:1c0011da
27305187ns          482690 1c0093de 2d411623 sh               x20, 716(x2)        x20:0000001c  x2:10003cd8  PA:10003fa4
27305207ns          482691 1c0093e2 2d311723 sh               x19, 718(x2)        x19:ffffffec  x2:10003cd8  PA:10003fa6
27305227ns          482692 1c0093e6 c33ff0ef jal              x1, -974             x1=1c0093e8
27305307ns          482696 1c009018 00051803 lh               x16, 0(x10)         x16=0000001c x10:10003fa4  PA:10003fa4
27305346ns          482698 1c00901c 00251883 lh               x17, 2(x10)         x17=ffffffec x10:10003fa4  PA:10003fa6
27305406ns          482701 1c009020 030806b3 mul              x13, x16, x16       x13=00000310 x16:0000001c x16:0000001c
27305446ns          482703 1c009024 03188633 mul              x12, x17, x17       x12=00000190 x17:ffffffec x17:ffffffec
27305466ns          482704 1c009028 40a65613 srai             x12, x12, 0x40a     x12=00000000 x12:00000190
27305486ns          482705 1c00902a 40a6d693 srai             x13, x13, 0x40a     x13=00000000 x13:00000310
27305506ns          482706 1c00902c 00c686b3 add              x13, x13, x12       x13=00000000 x13:00000000 x12:00000000
27305525ns          482707 1c00902e 1006c633 p.exths          x12, x13, x0        x12=00000000 x13:00000000
27305545ns          482708 1c009032 00855703 lhu              x14, 8(x10)         x14=0000ffd1 x10:10003fa4  PA:10003fac
27305565ns          482709 1c009036 00a55683 lhu              x13, 10(x10)        x13=0000ff6a x10:10003fa4  PA:10003fae
27305585ns          482710 1c00903a 02c60333 mul              x6, x12, x12         x6=00000000 x12:00000000 x12:00000000
27305625ns          482712 1c00903e 00c55783 lhu              x15, 12(x10)        x15=0000ffe5 x10:10003fa4  PA:10003fb0
27305665ns          482714 1c009042 00e55583 lhu              x11, 14(x10)        x11=00000060 x10:10003fa4  PA:10003fb2
27305685ns          482715 1c009046 dea30333 p.extract        x6, x6, 15, 10       x6=00000000  x6:00000000
27305704ns          482716 1c00904a 80c7075b p.muls           x14, x14, x12       x14=00000000 x14:0000ffd1 x12:00000000
27305724ns          482717 1c00904e 80c686db p.muls           x13, x13, x12       x13=00000000 x13:0000ff6a x12:00000000
27305744ns          482718 1c009052 00455e83 lhu              x29, 4(x10)         x29=00000427 x10:10003fa4  PA:10003fa8
27305764ns          482719 1c009056 00655e03 lhu              x28, 6(x10)         x28=0000007f x10:10003fa4  PA:10003faa
27305784ns          482720 1c00905a 40a75713 srai             x14, x14, 0x40a     x14=00000000 x14:00000000
27305804ns          482721 1c00905c 806787db p.muls           x15, x15, x6        x15=00000000 x15:0000ffe5  x6:00000000
27305864ns          482724 1c009060 40a6d693 srai             x13, x13, 0x40a     x13=00000000 x13:00000000
27305903ns          482726 1c009062 8065865b p.muls           x12, x11, x6        x12=00000000 x11:00000060  x6:00000000
27305923ns          482727 1c009066 40a7d793 srai             x15, x15, 0x40a     x15=00000000 x15:00000000
27305943ns          482728 1c009068 40a65613 srai             x12, x12, 0x40a     x12=00000000 x12:00000000
27305963ns          482729 1c00906a 01d70733 add              x14, x14, x29       x14=00000427 x14:00000000 x29:00000427
27305983ns          482730 1c00906c 01c686b3 add              x13, x13, x28       x13=0000007f x13:00000000 x28:0000007f
27306003ns          482731 1c00906e 00c686b3 add              x13, x13, x12       x13=0000007f x13:0000007f x12:00000000
27306023ns          482732 1c009070 00f70733 add              x14, x14, x15       x14=00000427 x14:00000427 x15:00000000
27306043ns          482733 1c009072 100747b3 p.exths          x15, x14, x0        x15=00000427 x14:00000427
27306062ns          482734 1c009076 1006c733 p.exths          x14, x13, x0        x14=0000007f x13:0000007f
27306082ns          482735 1c00907a 03170633 mul              x12, x14, x17       x12=fffff614 x14:0000007f x17:ffffffec
27306102ns          482736 1c00907e 030786b3 mul              x13, x15, x16       x13=00007444 x15:00000427 x16:0000001c
27306122ns          482737 1c009082 03070733 mul              x14, x14, x16       x14=00000de4 x14:0000007f x16:0000001c
27306142ns          482738 1c009086 031787b3 mul              x15, x15, x17       x15=ffffacf4 x15:00000427 x17:ffffffec
27306162ns          482739 1c00908a 40a6d693 srai             x13, x13, 0x40a     x13=0000001d x13:00007444
27306182ns          482740 1c00908c 40a65613 srai             x12, x12, 0x40a     x12=fffffffd x12:fffff614
27306202ns          482741 1c00908e 40a7d793 srai             x15, x15, 0x40a     x15=ffffffeb x15:ffffacf4
27306222ns          482742 1c009090 40a75713 srai             x14, x14, 0x40a     x14=00000003 x14:00000de4
27306241ns          482743 1c009092 40c686b3 sub              x13, x13, x12       x13=00000020 x13:0000001d x12:fffffffd
27306261ns          482744 1c009094 00e787b3 add              x15, x15, x14       x15=ffffffee x15:ffffffeb x14:00000003
27306281ns          482745 1c009096 00d51823 sh               x13, 16(x10)        x13:00000020 x10:10003fa4  PA:10003fb4
27306321ns          482747 1c00909a 00f51923 sh               x15, 18(x10)        x15:ffffffee x10:10003fa4  PA:10003fb6
27306341ns          482748 1c00909e 00008067 jalr             x0, x1, 0            x1:1c0093e8
27306440ns          482753 1c0093e8 2dc15583 lhu              x11, 732(x2)        x11=00000020  x2:10003cd8  PA:10003fb4
27306480ns          482755 1c0093ec 2de15783 lhu              x15, 734(x2)        x15=0000ffee  x2:10003cd8  PA:10003fb6
27306500ns          482756 1c0093f0 40b90933 sub              x18, x18, x11       x18=fffffff6 x18:00000016 x11:00000020
27306520ns          482757 1c0093f4 40f484b3 sub              x9, x9, x15          x9=fffefffd  x9:ffffffeb x15:0000ffee
27306540ns          482758 1c0093f6 100945b3 p.exths          x11, x18, x0        x11=fffffff6 x18:fffffff6
27306560ns          482759 1c0093fa 1004c7b3 p.exths          x15, x9, x0         x15=fffffffd  x9:fffefffd
27306580ns          482760 1c0093fe 034586b3 mul              x13, x11, x20       x13=fffffee8 x11:fffffff6 x20:0000001c
27306599ns          482761 1c009402 03378533 mul              x10, x15, x19       x10=0000003c x15:fffffffd x19:ffffffec
27306619ns          482762 1c009406 034a0633 mul              x12, x20, x20       x12=00000310 x20:0000001c x20:0000001c
27306639ns          482763 1c00940a 03398733 mul              x14, x19, x19       x14=00000190 x19:ffffffec x19:ffffffec
27306699ns          482766 1c00940e 034787b3 mul              x15, x15, x20       x15=ffffffac x15:fffffffd x20:0000001c
27306739ns          482768 1c009412 033585b3 mul              x11, x11, x19       x11=000000c8 x11:fffffff6 x19:ffffffec
27306758ns          482769 1c009416 40a75713 srai             x14, x14, 0x40a     x14=00000000 x14:00000190
27306778ns          482770 1c009418 40a5d593 srai             x11, x11, 0x40a     x11=00000000 x11:000000c8
27306798ns          482771 1c00941a 40a65613 srai             x12, x12, 0x40a     x12=00000000 x12:00000310
27306818ns          482772 1c00941c 40a7d793 srai             x15, x15, 0x40a     x15=ffffffff x15:ffffffac
27306838ns          482773 1c00941e 1c0034b7 lui              x9, 0x1c003000       x9=1c003000
27306858ns          482774 1c009422 00e60633 add              x12, x12, x14       x12=00000000 x12:00000000 x14:00000000
27306878ns          482775 1c009424 40b787b3 sub              x15, x15, x11       x15=ffffffff x15:ffffffff x11:00000000
27306898ns          482776 1c009426 eb048493 addi             x9, x9, -336         x9=1c002eb0  x9:1c003000
27306918ns          482777 1c00942a 1c0032b7 lui              x5, 0x1c003000       x5=1c003000
27306937ns          482778 1c00942e 1c0035b7 lui              x11, 0x1c003000     x11=1c003000
27306957ns          482779 1c009432 018483b3 add              x7, x9, x24          x7=1c002ebe  x9:1c002eb0 x24:0000000e
27306977ns          482780 1c009436 02812e83 lw               x29, 40(x2)         x29=1c002ece  x2:10003cd8  PA:10003d00
27306997ns          482781 1c009438 10065633 p.exthz          x12, x12, x0        x12=00000000 x12:00000000
27307017ns          482782 1c00943c e8028293 addi             x5, x5, -384         x5=1c002e80  x5:1c003000
27307037ns          482783 1c009440 ea058593 addi             x11, x11, -352      x11=1c002ea0 x11:1c003000
27307057ns          482784 1c009444 03812483 lw               x9, 56(x2)           x9=1c002eee  x2:10003cd8  PA:10003d10
27307077ns          482785 1c009446 10064733 p.exths          x14, x12, x0        x14=00000000 x12:00000000
27307097ns          482786 1c00944a 018280b3 add              x1, x5, x24          x1=1c002e8e  x5:1c002e80 x24:0000000e
27307116ns          482787 1c00944e 03012f03 lw               x30, 48(x2)         x30=1c002ede  x2:10003cd8  PA:10003d08
27307136ns          482788 1c009450 018582b3 add              x5, x11, x24         x5=1c002eae x11:1c002ea0 x24:0000000e
27307156ns          482789 1c009454 04012583 lw               x11, 64(x2)         x11=1c002efe  x2:10003cd8  PA:10003d18
27307176ns          482790 1c009456 000edd83 lhu              x27, 0(x29)         x27=00001bc4 x29:1c002ece  PA:1c002ece
27307494ns          482806 1c00945a 0004d483 lhu              x9, 0(x9)            x9=000003ef  x9:1c002eee  PA:1c002eee
27307793ns          482821 1c00945e 02e70333 mul              x6, x14, x14         x6=00000000 x14:00000000 x14:00000000
27307813ns          482822 1c009462 40a55513 srai             x10, x10, 0x40a     x10=00000000 x10:0000003c
27307832ns          482823 1c009464 04812e83 lw               x29, 72(x2)         x29=1c002f0e  x2:10003cd8  PA:10003d20
27307852ns          482824 1c009466 40a6d693 srai             x13, x13, 0x40a     x13=ffffffff x13:fffffee8
27307872ns          482825 1c009468 000f5d03 lhu              x26, 0(x30)         x26=0000085a x30:1c002ede  PA:1c002ede
27308171ns          482840 1c00946c 0005d583 lhu              x11, 0(x11)         x11=00000268 x11:1c002efe  PA:1c002efe
27308469ns          482855 1c009470 40a35313 srai             x6, x6, 0x40a        x6=00000000  x6:00000000
27308489ns          482856 1c009474 00a686b3 add              x13, x13, x10       x13=ffffffff x13:ffffffff x10:00000000
27308509ns          482857 1c009476 05012f03 lw               x30, 80(x2)         x30=1c002e7e  x2:10003cd8  PA:10003d28
27308529ns          482858 1c009478 10034e33 p.exths          x28, x6, x0         x28=00000000  x6:00000000
27308548ns          482859 1c00947c 06911023 sh               x9, 96(x2)           x9:000003ef  x2:10003cd8  PA:10003d38
27308568ns          482860 1c009480 000ede83 lhu              x29, 0(x29)         x29=000001a9 x29:1c002f0e  PA:1c002f0e
27308906ns          482877 1c009484 05812483 lw               x9, 88(x2)           x9=1c002e6e  x2:10003cd8  PA:10003d30
27308926ns          482878 1c009486 1006d6b3 p.exthz          x13, x13, x0        x13=0000ffff x13:ffffffff
27308946ns          482879 1c00948a 02ee08b3 mul              x17, x28, x14       x17=00000000 x28:00000000 x14:00000000
27308966ns          482880 1c00948e 1006c833 p.exths          x16, x13, x0        x16=ffffffff x13:0000ffff
27308986ns          482881 1c009492 06b11823 sh               x11, 112(x2)        x11:00000268  x2:10003cd8  PA:10003d48
27309006ns          482882 1c009496 000f5f03 lhu              x30, 0(x30)         x30=0000febf x30:1c002e7e  PA:1c002e7e
27309304ns          482897 1c00949a 0a012583 lw               x11, 160(x2)        x11=1c002e9e  x2:10003cd8  PA:10003d78
27309324ns          482898 1c00949c 1007d7b3 p.exthz          x15, x15, x0        x15=0000ffff x15:ffffffff
27309344ns          482899 1c0094a0 0004da03 lhu              x20, 0(x9)          x20=0000f9a2  x9:1c002e6e  PA:1c002e6e
27309662ns          482915 1c0094a4 1007c533 p.exths          x10, x15, x0        x10=ffffffff x15:0000ffff
27309682ns          482916 1c0094a8 09d11023 sh               x29, 128(x2)        x29:000001a9  x2:10003cd8  PA:10003d58
27309702ns          482917 1c0094ac 0003d483 lhu              x9, 0(x7)            x9=0000ffab  x7:1c002ebe  PA:1c002ebe
27310000ns          482932 1c0094b0 02e80eb3 mul              x29, x16, x14       x29=00000000 x16:ffffffff x14:00000000
27310020ns          482933 1c0094b4 40a8d893 srai             x17, x17, 0x40a     x17=00000000 x17:00000000
27310040ns          482934 1c0094b8 03c80833 mul              x16, x16, x28       x16=00000000 x16:ffffffff x28:00000000
27310060ns          482935 1c0094bc 09e11823 sh               x30, 144(x2)        x30:0000febf  x2:10003cd8  PA:10003d68
27310080ns          482936 1c0094c0 0005d983 lhu              x19, 0(x11)         x19=0000ff74 x11:1c002e9e  PA:1c002e9e
27310378ns          482951 1c0094c4 81c88f5b p.muls           x30, x17, x28       x30=00000000 x17:00000000 x28:00000000
27310398ns          482952 1c0094c8 0002d583 lhu              x11, 0(x5)          x11=0000fec9  x5:1c002eae  PA:1c002eae
27310756ns          482970 1c0094cc 03ce0fb3 mul              x31, x28, x28       x31=00000000 x28:00000000 x28:00000000
27310776ns          482971 1c0094d0 02e50733 mul              x14, x10, x14       x14=00000000 x10:ffffffff x14:00000000
27310796ns          482972 1c0094d4 40a85813 srai             x16, x16, 0x40a     x16=00000000 x16:00000000
27310816ns          482973 1c0094d8 03c50533 mul              x10, x10, x28       x10=00000000 x10:ffffffff x28:00000000
27310836ns          482974 1c0094dc 07015e03 lhu              x28, 112(x2)        x28=00000268  x2:10003cd8  PA:10003d48
27310855ns          482975 1c0094e0 01b60633 add              x12, x12, x27       x12=00001bc4 x12:00000000 x27:00001bc4
27310875ns          482976 1c0094e2 00980833 add              x16, x16, x9        x16=0000ffab x16:00000000  x9:0000ffab
27310895ns          482977 1c0094e4 06015d83 lhu              x27, 96(x2)         x27=000003ef  x2:10003cd8  PA:10003d38
27310915ns          482978 1c0094e8 02812483 lw               x9, 40(x2)           x9=1c002ece  x2:10003cd8  PA:10003d00
27310935ns          482979 1c0094ea 40afdf93 srai             x31, x31, 0x40a     x31=00000000 x31:00000000
27310955ns          482980 1c0094ee 40a55513 srai             x10, x10, 0x40a     x10=00000000 x10:00000000
27310975ns          482981 1c0094f0 01cf8fb3 add              x31, x31, x28       x31=00000268 x31:00000000 x28:00000268
27310995ns          482982 1c0094f2 00b50533 add              x10, x10, x11       x10=0000fec9 x10:00000000 x11:0000fec9
27311015ns          482983 1c0094f4 09015e03 lhu              x28, 144(x2)        x28=0000febf  x2:10003cd8  PA:10003d68
27311034ns          482984 1c0094f8 03012583 lw               x11, 48(x2)         x11=1c002ede  x2:10003cd8  PA:10003d08
27311054ns          482985 1c0094fa 00c49023 sh               x12, 0(x9)          x12:00001bc4  x9:1c002ece  PA:1c002ece
27311373ns          483001 1c0094fe 01b888b3 add              x17, x17, x27       x17=000003ef x17:00000000 x27:000003ef
27311392ns          483002 1c009500 01a30333 add              x6, x6, x26          x6=0000085a  x6:00000000 x26:0000085a
27311412ns          483003 1c009502 08015d83 lhu              x27, 128(x2)        x27=000001a9  x2:10003cd8  PA:10003d58
27311432ns          483004 1c009506 0000d903 lhu              x18, 0(x1)          x18=0000fdb1  x1:1c002e8e  PA:1c002e8e
27311730ns          483019 1c00950a 01c686b3 add              x13, x13, x28       x13=0001febe x13:0000ffff x28:0000febf
27311750ns          483020 1c00950c 00659023 sh               x6, 0(x11)           x6:0000085a x11:1c002ede  PA:1c002ede
27312069ns          483036 1c009510 40af5f13 srai             x30, x30, 0x40a     x30=00000000 x30:00000000
27312088ns          483037 1c009514 04812e03 lw               x28, 72(x2)         x28=1c002f0e  x2:10003cd8  PA:10003d20
27312108ns          483038 1c009516 01bf0f33 add              x30, x30, x27       x30=000001a9 x30:00000000 x27:000001a9
27312128ns          483039 1c009518 40aede93 srai             x29, x29, 0x40a     x29=00000000 x29:00000000
27312148ns          483040 1c00951c 40a75713 srai             x14, x14, 0x40a     x14=00000000 x14:00000000
27312168ns          483041 1c00951e 03812603 lw               x12, 56(x2)         x12=1c002eee  x2:10003cd8  PA:10003d10
27312188ns          483042 1c009520 04012d83 lw               x27, 64(x2)         x27=1c002efe  x2:10003cd8  PA:10003d18
27312208ns          483043 1c009522 01ee1023 sh               x30, 0(x28)         x30:000001a9 x28:1c002f0e  PA:1c002f0e
27312546ns          483060 1c009526 05812483 lw               x9, 88(x2)           x9=1c002e6e  x2:10003cd8  PA:10003d30
27312566ns          483061 1c009528 05012f03 lw               x30, 80(x2)         x30=1c002e7e  x2:10003cd8  PA:10003d28
27312586ns          483062 1c00952a 0a012583 lw               x11, 160(x2)        x11=1c002e9e  x2:10003cd8  PA:10003d78
27312606ns          483063 1c00952c 014787b3 add              x15, x15, x20       x15=0001f9a1 x15:0000ffff x20:0000f9a2
27312625ns          483064 1c00952e 013e8eb3 add              x29, x29, x19       x29=0000ff74 x29:00000000 x19:0000ff74
27312645ns          483065 1c009530 01270733 add              x14, x14, x18       x14=0000fdb1 x14:00000000 x18:0000fdb1
27312665ns          483066 1c009532 00f49023 sh               x15, 0(x9)          x15:0001f9a1  x9:1c002e6e  PA:1c002e6e
27312983ns          483082 1c009536 01161023 sh               x17, 0(x12)         x17:000003ef x12:1c002eee  PA:1c002eee
27313302ns          483098 1c00953a 01fd9023 sh               x31, 0(x27)         x31:00000268 x27:1c002efe  PA:1c002efe
27313640ns          483115 1c00953e 00df1023 sh               x13, 0(x30)         x13:0001febe x30:1c002e7e  PA:1c002e7e
27313958ns          483131 1c009542 01d59023 sh               x29, 0(x11)         x29:0000ff74 x11:1c002e9e  PA:1c002e9e
27314276ns          483147 1c009546 00e09023 sh               x14, 0(x1)          x14:0000fdb1  x1:1c002e8e  PA:1c002e8e
27314594ns          483163 1c00954a 01039023 sh               x16, 0(x7)          x16:0000ffab  x7:1c002ebe  PA:1c002ebe
27314932ns          483180 1c00954e 00a29023 sh               x10, 0(x5)          x10:0000fec9  x5:1c002eae  PA:1c002eae
27315290ns          483198 1c009552 008b0b13 addi             x22, x22, 8         x22=0000019f x22:00000197
27315310ns          483199 1c009554 1f300793 addi             x15, x0, 499        x15=000001f3
27315330ns          483200 1c009558 e767dae3 bge              x15, x22, -396      x15:000001f3 x22:0000019f
27315450ns          483206 1c0093cc 010c9a0b p.lh             x20, 16(x25!)       x20=00000141 x25=1c0029d6 x25:1c0029c6  PA:1c0029c6
27315768ns          483222 1c0093d0 0104198b p.lh             x19, 16(x8!)        x19=000001b6  x8=1c00219e  x8:1c00218e  PA:1c00218e
27316066ns          483237 1c0093d4 2cc10513 addi             x10, x2, 716        x10=10003fa4  x2:10003cd8
27316086ns          483238 1c0093d6 010a990b p.lh             x18, 16(x21!)       x18=0000017c x21=1c0019ca x21:1c0019ba  PA:1c0019ba
27316424ns          483255 1c0093da 010b948b p.lh             x9, 16(x23!)         x9=00000177 x23=1c0011fa x23:1c0011ea  PA:1c0011ea
27316722ns          483270 1c0093de 2d411623 sh               x20, 716(x2)        x20:00000141  x2:10003cd8  PA:10003fa4
27316742ns          483271 1c0093e2 2d311723 sh               x19, 718(x2)        x19:000001b6  x2:10003cd8  PA:10003fa6
27316762ns          483272 1c0093e6 c33ff0ef jal              x1, -974             x1=1c0093e8
27316802ns          483274 1c009018 00051803 lh               x16, 0(x10)         x16=00000141 x10:10003fa4  PA:10003fa4
27316842ns          483276 1c00901c 00251883 lh               x17, 2(x10)         x17=000001b6 x10:10003fa4  PA:10003fa6
27316881ns          483278 1c009020 030806b3 mul              x13, x16, x16       x13=00019281 x16:00000141 x16:00000141
27316921ns          483280 1c009024 03188633 mul              x12, x17, x17       x12=0002ed64 x17:000001b6 x17:000001b6
27316941ns          483281 1c009028 40a65613 srai             x12, x12, 0x40a     x12=000000bb x12:0002ed64
27316961ns          483282 1c00902a 40a6d693 srai             x13, x13, 0x40a     x13=00000064 x13:00019281
27316981ns          483283 1c00902c 00c686b3 add              x13, x13, x12       x13=0000011f x13:00000064 x12:000000bb
27317001ns          483284 1c00902e 1006c633 p.exths          x12, x13, x0        x12=0000011f x13:0000011f
27317021ns          483285 1c009032 00855703 lhu              x14, 8(x10)         x14=0000ffd1 x10:10003fa4  PA:10003fac
27317041ns          483286 1c009036 00a55683 lhu              x13, 10(x10)        x13=0000ff6a x10:10003fa4  PA:10003fae
27317060ns          483287 1c00903a 02c60333 mul              x6, x12, x12         x6=000141c1 x12:0000011f x12:0000011f
27317100ns          483289 1c00903e 00c55783 lhu              x15, 12(x10)        x15=0000ffe5 x10:10003fa4  PA:10003fb0
27317140ns          483291 1c009042 00e55583 lhu              x11, 14(x10)        x11=00000060 x10:10003fa4  PA:10003fb2
27317180ns          483293 1c009046 dea30333 p.extract        x6, x6, 15, 10       x6=00000050  x6:000141c1
27317200ns          483294 1c00904a 80c7075b p.muls           x14, x14, x12       x14=ffffcb4f x14:0000ffd1 x12:0000011f
27317239ns          483296 1c00904e 80c686db p.muls           x13, x13, x12       x13=ffff57d6 x13:0000ff6a x12:0000011f
27317279ns          483298 1c009052 00455e83 lhu              x29, 4(x10)         x29=00000427 x10:10003fa4  PA:10003fa8
27317299ns          483299 1c009056 00655e03 lhu              x28, 6(x10)         x28=0000007f x10:10003fa4  PA:10003faa
27317319ns          483300 1c00905a 40a75713 srai             x14, x14, 0x40a     x14=fffffff2 x14:ffffcb4f
27317339ns          483301 1c00905c 806787db p.muls           x15, x15, x6        x15=fffff790 x15:0000ffe5  x6:00000050
27317379ns          483303 1c009060 40a6d693 srai             x13, x13, 0x40a     x13=ffffffd5 x13:ffff57d6
27317418ns          483305 1c009062 8065865b p.muls           x12, x11, x6        x12=00001e00 x11:00000060  x6:00000050
27317438ns          483306 1c009066 40a7d793 srai             x15, x15, 0x40a     x15=fffffffd x15:fffff790
27317458ns          483307 1c009068 40a65613 srai             x12, x12, 0x40a     x12=00000007 x12:00001e00
27317478ns          483308 1c00906a 01d70733 add              x14, x14, x29       x14=00000419 x14:fffffff2 x29:00000427
27317498ns          483309 1c00906c 01c686b3 add              x13, x13, x28       x13=00000054 x13:ffffffd5 x28:0000007f
27317518ns          483310 1c00906e 00c686b3 add              x13, x13, x12       x13=0000005b x13:00000054 x12:00000007
27317538ns          483311 1c009070 00f70733 add              x14, x14, x15       x14=00000416 x14:00000419 x15:fffffffd
27317558ns          483312 1c009072 100747b3 p.exths          x15, x14, x0        x15=00000416 x14:00000416
27317578ns          483313 1c009076 1006c733 p.exths          x14, x13, x0        x14=0000005b x13:0000005b
27317597ns          483314 1c00907a 03170633 mul              x12, x14, x17       x12=00009bb2 x14:0000005b x17:000001b6
27317617ns          483315 1c00907e 030786b3 mul              x13, x15, x16       x13=00051f96 x15:00000416 x16:00000141
27317637ns          483316 1c009082 03070733 mul              x14, x14, x16       x14=0000721b x14:0000005b x16:00000141
27317657ns          483317 1c009086 031787b3 mul              x15, x15, x17       x15=0006fda4 x15:00000416 x17:000001b6
27317677ns          483318 1c00908a 40a6d693 srai             x13, x13, 0x40a     x13=00000147 x13:00051f96
27317697ns          483319 1c00908c 40a65613 srai             x12, x12, 0x40a     x12=00000026 x12:00009bb2
27317717ns          483320 1c00908e 40a7d793 srai             x15, x15, 0x40a     x15=000001bf x15:0006fda4
27317757ns          483322 1c009090 40a75713 srai             x14, x14, 0x40a     x14=0000001c x14:0000721b
27317776ns          483323 1c009092 40c686b3 sub              x13, x13, x12       x13=00000121 x13:00000147 x12:00000026
27317796ns          483324 1c009094 00e787b3 add              x15, x15, x14       x15=000001db x15:000001bf x14:0000001c
27317816ns          483325 1c009096 00d51823 sh               x13, 16(x10)        x13:00000121 x10:10003fa4  PA:10003fb4
27317856ns          483327 1c00909a 00f51923 sh               x15, 18(x10)        x15:000001db x10:10003fa4  PA:10003fb6
27317876ns          483328 1c00909e 00008067 jalr             x0, x1, 0            x1:1c0093e8
27317975ns          483333 1c0093e8 2dc15583 lhu              x11, 732(x2)        x11=00000121  x2:10003cd8  PA:10003fb4
27318015ns          483335 1c0093ec 2de15783 lhu              x15, 734(x2)        x15=000001db  x2:10003cd8  PA:10003fb6
27318035ns          483336 1c0093f0 40b90933 sub              x18, x18, x11       x18=0000005b x18:0000017c x11:00000121
27318055ns          483337 1c0093f4 40f484b3 sub              x9, x9, x15          x9=ffffff9c  x9:00000177 x15:000001db
27318075ns          483338 1c0093f6 100945b3 p.exths          x11, x18, x0        x11=0000005b x18:0000005b
27318095ns          483339 1c0093fa 1004c7b3 p.exths          x15, x9, x0         x15=ffffff9c  x9:ffffff9c
27318115ns          483340 1c0093fe 034586b3 mul              x13, x11, x20       x13=0000721b x11:0000005b x20:00000141
27318134ns          483341 1c009402 03378533 mul              x10, x15, x19       x10=ffff54e8 x15:ffffff9c x19:000001b6
27318154ns          483342 1c009406 034a0633 mul              x12, x20, x20       x12=00019281 x20:00000141 x20:00000141
27318174ns          483343 1c00940a 03398733 mul              x14, x19, x19       x14=0002ed64 x19:000001b6 x19:000001b6
27318234ns          483346 1c00940e 034787b3 mul              x15, x15, x20       x15=ffff829c x15:ffffff9c x20:00000141
27318274ns          483348 1c009412 033585b3 mul              x11, x11, x19       x11=00009bb2 x11:0000005b x19:000001b6
27318294ns          483349 1c009416 40a75713 srai             x14, x14, 0x40a     x14=000000bb x14:0002ed64
27318313ns          483350 1c009418 40a5d593 srai             x11, x11, 0x40a     x11=00000026 x11:00009bb2
27318333ns          483351 1c00941a 40a65613 srai             x12, x12, 0x40a     x12=00000064 x12:00019281
27318353ns          483352 1c00941c 40a7d793 srai             x15, x15, 0x40a     x15=ffffffe0 x15:ffff829c
27318373ns          483353 1c00941e 1c0034b7 lui              x9, 0x1c003000       x9=1c003000
27318393ns          483354 1c009422 00e60633 add              x12, x12, x14       x12=0000011f x12:00000064 x14:000000bb
27318413ns          483355 1c009424 40b787b3 sub              x15, x15, x11       x15=ffffffba x15:ffffffe0 x11:00000026
27318433ns          483356 1c009426 eb048493 addi             x9, x9, -336         x9=1c002eb0  x9:1c003000
27318453ns          483357 1c00942a 1c0032b7 lui              x5, 0x1c003000       x5=1c003000
27318473ns          483358 1c00942e 1c0035b7 lui              x11, 0x1c003000     x11=1c003000
27318492ns          483359 1c009432 018483b3 add              x7, x9, x24          x7=1c002ebe  x9:1c002eb0 x24:0000000e
27318512ns          483360 1c009436 02812e83 lw               x29, 40(x2)         x29=1c002ece  x2:10003cd8  PA:10003d00
27318532ns          483361 1c009438 10065633 p.exthz          x12, x12, x0        x12=0000011f x12:0000011f
27318552ns          483362 1c00943c e8028293 addi             x5, x5, -384         x5=1c002e80  x5:1c003000
27318572ns          483363 1c009440 ea058593 addi             x11, x11, -352      x11=1c002ea0 x11:1c003000
27318592ns          483364 1c009444 03812483 lw               x9, 56(x2)           x9=1c002eee  x2:10003cd8  PA:10003d10
27318612ns          483365 1c009446 10064733 p.exths          x14, x12, x0        x14=0000011f x12:0000011f
27318632ns          483366 1c00944a 018280b3 add              x1, x5, x24          x1=1c002e8e  x5:1c002e80 x24:0000000e
27318652ns          483367 1c00944e 03012f03 lw               x30, 48(x2)         x30=1c002ede  x2:10003cd8  PA:10003d08
27318671ns          483368 1c009450 018582b3 add              x5, x11, x24         x5=1c002eae x11:1c002ea0 x24:0000000e
27318691ns          483369 1c009454 04012583 lw               x11, 64(x2)         x11=1c002efe  x2:10003cd8  PA:10003d18
27318711ns          483370 1c009456 000edd83 lhu              x27, 0(x29)         x27=00001bc4 x29:1c002ece  PA:1c002ece
27319049ns          483387 1c00945a 0004d483 lhu              x9, 0(x9)            x9=000003ef  x9:1c002eee  PA:1c002eee
27319407ns          483405 1c00945e 02e70333 mul              x6, x14, x14         x6=000141c1 x14:0000011f x14:0000011f
27319427ns          483406 1c009462 40a55513 srai             x10, x10, 0x40a     x10=ffffffd5 x10:ffff54e8
27319447ns          483407 1c009464 04812e83 lw               x29, 72(x2)         x29=1c002f0e  x2:10003cd8  PA:10003d20
27319467ns          483408 1c009466 40a6d693 srai             x13, x13, 0x40a     x13=0000001c x13:0000721b
27319487ns          483409 1c009468 000f5d03 lhu              x26, 0(x30)         x26=0000085a x30:1c002ede  PA:1c002ede
27319805ns          483425 1c00946c 0005d583 lhu              x11, 0(x11)         x11=00000268 x11:1c002efe  PA:1c002efe
27320123ns          483441 1c009470 40a35313 srai             x6, x6, 0x40a        x6=00000050  x6:000141c1
27320143ns          483442 1c009474 00a686b3 add              x13, x13, x10       x13=fffffff1 x13:0000001c x10:ffffffd5
27320163ns          483443 1c009476 05012f03 lw               x30, 80(x2)         x30=1c002e7e  x2:10003cd8  PA:10003d28
27320183ns          483444 1c009478 10034e33 p.exths          x28, x6, x0         x28=00000050  x6:00000050
27320203ns          483445 1c00947c 06911023 sh               x9, 96(x2)           x9:000003ef  x2:10003cd8  PA:10003d38
27320223ns          483446 1c009480 000ede83 lhu              x29, 0(x29)         x29=000001a9 x29:1c002f0e  PA:1c002f0e
27320601ns          483465 1c009484 05812483 lw               x9, 88(x2)           x9=1c002e6e  x2:10003cd8  PA:10003d30
27320620ns          483466 1c009486 1006d6b3 p.exthz          x13, x13, x0        x13=0000fff1 x13:fffffff1
27320640ns          483467 1c00948a 02ee08b3 mul              x17, x28, x14       x17=000059b0 x28:00000050 x14:0000011f
27320660ns          483468 1c00948e 1006c833 p.exths          x16, x13, x0        x16=fffffff1 x13:0000fff1
27320680ns          483469 1c009492 06b11823 sh               x11, 112(x2)        x11:00000268  x2:10003cd8  PA:10003d48
27320700ns          483470 1c009496 000f5f03 lhu              x30, 0(x30)         x30=0000febe x30:1c002e7e  PA:1c002e7e
27321018ns          483486 1c00949a 0a012583 lw               x11, 160(x2)        x11=1c002e9e  x2:10003cd8  PA:10003d78
27321038ns          483487 1c00949c 1007d7b3 p.exthz          x15, x15, x0        x15=0000ffba x15:ffffffba
27321058ns          483488 1c0094a0 0004da03 lhu              x20, 0(x9)          x20=0000f9a1  x9:1c002e6e  PA:1c002e6e
27321396ns          483505 1c0094a4 1007c533 p.exths          x10, x15, x0        x10=ffffffba x15:0000ffba
27321416ns          483506 1c0094a8 09d11023 sh               x29, 128(x2)        x29:000001a9  x2:10003cd8  PA:10003d58
27321436ns          483507 1c0094ac 0003d483 lhu              x9, 0(x7)            x9=0000ffab  x7:1c002ebe  PA:1c002ebe
27321754ns          483523 1c0094b0 02e80eb3 mul              x29, x16, x14       x29=ffffef2f x16:fffffff1 x14:0000011f
27321774ns          483524 1c0094b4 40a8d893 srai             x17, x17, 0x40a     x17=00000016 x17:000059b0
27321794ns          483525 1c0094b8 03c80833 mul              x16, x16, x28       x16=fffffb50 x16:fffffff1 x28:00000050
27321814ns          483526 1c0094bc 09e11823 sh               x30, 144(x2)        x30:0000febe  x2:10003cd8  PA:10003d68
27321834ns          483527 1c0094c0 0005d983 lhu              x19, 0(x11)         x19=0000ff74 x11:1c002e9e  PA:1c002e9e
27322152ns          483543 1c0094c4 81c88f5b p.muls           x30, x17, x28       x30=000006e0 x17:00000016 x28:00000050
27322172ns          483544 1c0094c8 0002d583 lhu              x11, 0(x5)          x11=0000fec9  x5:1c002eae  PA:1c002eae
27322470ns          483559 1c0094cc 03ce0fb3 mul              x31, x28, x28       x31=00001900 x28:00000050 x28:00000050
27322490ns          483560 1c0094d0 02e50733 mul              x14, x10, x14       x14=ffffb186 x10:ffffffba x14:0000011f
27322510ns          483561 1c0094d4 40a85813 srai             x16, x16, 0x40a     x16=fffffffe x16:fffffb50
27322530ns          483562 1c0094d8 03c50533 mul              x10, x10, x28       x10=ffffea20 x10:ffffffba x28:00000050
27322550ns          483563 1c0094dc 07015e03 lhu              x28, 112(x2)        x28=00000268  x2:10003cd8  PA:10003d48
27322569ns          483564 1c0094e0 01b60633 add              x12, x12, x27       x12=00001ce3 x12:0000011f x27:00001bc4
27322589ns          483565 1c0094e2 00980833 add              x16, x16, x9        x16=0000ffa9 x16:fffffffe  x9:0000ffab
27322609ns          483566 1c0094e4 06015d83 lhu              x27, 96(x2)         x27=000003ef  x2:10003cd8  PA:10003d38
27322629ns          483567 1c0094e8 02812483 lw               x9, 40(x2)           x9=1c002ece  x2:10003cd8  PA:10003d00
27322649ns          483568 1c0094ea 40afdf93 srai             x31, x31, 0x40a     x31=00000006 x31:00001900
27322669ns          483569 1c0094ee 40a55513 srai             x10, x10, 0x40a     x10=fffffffa x10:ffffea20
27322689ns          483570 1c0094f0 01cf8fb3 add              x31, x31, x28       x31=0000026e x31:00000006 x28:00000268
27322709ns          483571 1c0094f2 00b50533 add              x10, x10, x11       x10=0000fec3 x10:fffffffa x11:0000fec9
27322729ns          483572 1c0094f4 09015e03 lhu              x28, 144(x2)        x28=0000febe  x2:10003cd8  PA:10003d68
27322748ns          483573 1c0094f8 03012583 lw               x11, 48(x2)         x11=1c002ede  x2:10003cd8  PA:10003d08
27322768ns          483574 1c0094fa 00c49023 sh               x12, 0(x9)          x12:00001ce3  x9:1c002ece  PA:1c002ece
27323106ns          483591 1c0094fe 01b888b3 add              x17, x17, x27       x17=00000405 x17:00000016 x27:000003ef
27323126ns          483592 1c009500 01a30333 add              x6, x6, x26          x6=000008aa  x6:00000050 x26:0000085a
27323146ns          483593 1c009502 08015d83 lhu              x27, 128(x2)        x27=000001a9  x2:10003cd8  PA:10003d58
27323166ns          483594 1c009506 0000d903 lhu              x18, 0(x1)          x18=0000fdb1  x1:1c002e8e  PA:1c002e8e
27323464ns          483609 1c00950a 01c686b3 add              x13, x13, x28       x13=0001feaf x13:0000fff1 x28:0000febe
27323484ns          483610 1c00950c 00659023 sh               x6, 0(x11)           x6:000008aa x11:1c002ede  PA:1c002ede
27323862ns          483629 1c009510 40af5f13 srai             x30, x30, 0x40a     x30=00000001 x30:000006e0
27323882ns          483630 1c009514 04812e03 lw               x28, 72(x2)         x28=1c002f0e  x2:10003cd8  PA:10003d20
27323902ns          483631 1c009516 01bf0f33 add              x30, x30, x27       x30=000001aa x30:00000001 x27:000001a9
27323922ns          483632 1c009518 40aede93 srai             x29, x29, 0x40a     x29=fffffffb x29:ffffef2f
27323942ns          483633 1c00951c 40a75713 srai             x14, x14, 0x40a     x14=ffffffec x14:ffffb186
27323962ns          483634 1c00951e 03812603 lw               x12, 56(x2)         x12=1c002eee  x2:10003cd8  PA:10003d10
27323982ns          483635 1c009520 04012d83 lw               x27, 64(x2)         x27=1c002efe  x2:10003cd8  PA:10003d18
27324001ns          483636 1c009522 01ee1023 sh               x30, 0(x28)         x30:000001aa x28:1c002f0e  PA:1c002f0e
27324320ns          483652 1c009526 05812483 lw               x9, 88(x2)           x9=1c002e6e  x2:10003cd8  PA:10003d30
27324339ns          483653 1c009528 05012f03 lw               x30, 80(x2)         x30=1c002e7e  x2:10003cd8  PA:10003d28
27324359ns          483654 1c00952a 0a012583 lw               x11, 160(x2)        x11=1c002e9e  x2:10003cd8  PA:10003d78
27324379ns          483655 1c00952c 014787b3 add              x15, x15, x20       x15=0001f95b x15:0000ffba x20:0000f9a1
27324399ns          483656 1c00952e 013e8eb3 add              x29, x29, x19       x29=0000ff6f x29:fffffffb x19:0000ff74
27324419ns          483657 1c009530 01270733 add              x14, x14, x18       x14=0000fd9d x14:ffffffec x18:0000fdb1
27324439ns          483658 1c009532 00f49023 sh               x15, 0(x9)          x15:0001f95b  x9:1c002e6e  PA:1c002e6e
27324757ns          483674 1c009536 01161023 sh               x17, 0(x12)         x17:00000405 x12:1c002eee  PA:1c002eee
27325075ns          483690 1c00953a 01fd9023 sh               x31, 0(x27)         x31:0000026e x27:1c002efe  PA:1c002efe
27325394ns          483706 1c00953e 00df1023 sh               x13, 0(x30)         x13:0001feaf x30:1c002e7e  PA:1c002e7e
27325712ns          483722 1c009542 01d59023 sh               x29, 0(x11)         x29:0000ff6f x11:1c002e9e  PA:1c002e9e
27326030ns          483738 1c009546 00e09023 sh               x14, 0(x1)          x14:0000fd9d  x1:1c002e8e  PA:1c002e8e
27326348ns          483754 1c00954a 01039023 sh               x16, 0(x7)          x16:0000ffa9  x7:1c002ebe  PA:1c002ebe
27326666ns          483770 1c00954e 00a29023 sh               x10, 0(x5)          x10:0000fec3  x5:1c002eae  PA:1c002eae
27327024ns          483788 1c009552 008b0b13 addi             x22, x22, 8         x22=000001a7 x22:0000019f
27327044ns          483789 1c009554 1f300793 addi             x15, x0, 499        x15=000001f3
27327064ns          483790 1c009558 e767dae3 bge              x15, x22, -396      x15:000001f3 x22:000001a7
27327203ns          483797 1c0093cc 010c9a0b p.lh             x20, 16(x25!)       x20=fffffdcc x25=1c0029e6 x25:1c0029d6  PA:1c0029d6
27327522ns          483813 1c0093d0 0104198b p.lh             x19, 16(x8!)        x19=fffffe02  x8=1c0021ae  x8:1c00219e  PA:1c00219e
27327820ns          483828 1c0093d4 2cc10513 addi             x10, x2, 716        x10=10003fa4  x2:10003cd8
27327840ns          483829 1c0093d6 010a990b p.lh             x18, 16(x21!)       x18=fffffd88 x21=1c0019da x21:1c0019ca  PA:1c0019ca
27328158ns          483845 1c0093da 010b948b p.lh             x9, 16(x23!)         x9=fffffe93 x23=1c00120a x23:1c0011fa  PA:1c0011fa
27328456ns          483860 1c0093de 2d411623 sh               x20, 716(x2)        x20:fffffdcc  x2:10003cd8  PA:10003fa4
27328476ns          483861 1c0093e2 2d311723 sh               x19, 718(x2)        x19:fffffe02  x2:10003cd8  PA:10003fa6
27328496ns          483862 1c0093e6 c33ff0ef jal              x1, -974             x1=1c0093e8
27328536ns          483864 1c009018 00051803 lh               x16, 0(x10)         x16=fffffdcc x10:10003fa4  PA:10003fa4
27328556ns          483865 1c00901c 00251883 lh               x17, 2(x10)         x17=fffffe02 x10:10003fa4  PA:10003fa6
27328576ns          483866 1c009020 030806b3 mul              x13, x16, x16       x13=0004da90 x16:fffffdcc x16:fffffdcc
27328596ns          483867 1c009024 03188633 mul              x12, x17, x17       x12=0003f804 x17:fffffe02 x17:fffffe02
27328615ns          483868 1c009028 40a65613 srai             x12, x12, 0x40a     x12=000000fe x12:0003f804
27328635ns          483869 1c00902a 40a6d693 srai             x13, x13, 0x40a     x13=00000136 x13:0004da90
27328655ns          483870 1c00902c 00c686b3 add              x13, x13, x12       x13=00000234 x13:00000136 x12:000000fe
27328675ns          483871 1c00902e 1006c633 p.exths          x12, x13, x0        x12=00000234 x13:00000234
27328695ns          483872 1c009032 00855703 lhu              x14, 8(x10)         x14=0000ffd1 x10:10003fa4  PA:10003fac
27328715ns          483873 1c009036 00a55683 lhu              x13, 10(x10)        x13=0000ff6a x10:10003fa4  PA:10003fae
27328735ns          483874 1c00903a 02c60333 mul              x6, x12, x12         x6=0004da90 x12:00000234 x12:00000234
27328755ns          483875 1c00903e 00c55783 lhu              x15, 12(x10)        x15=0000ffe5 x10:10003fa4  PA:10003fb0
27328775ns          483876 1c009042 00e55583 lhu              x11, 14(x10)        x11=00000060 x10:10003fa4  PA:10003fb2
27328794ns          483877 1c009046 dea30333 p.extract        x6, x6, 15, 10       x6=00000136  x6:0004da90
27328814ns          483878 1c00904a 80c7075b p.muls           x14, x14, x12       x14=ffff9874 x14:0000ffd1 x12:00000234
27328834ns          483879 1c00904e 80c686db p.muls           x13, x13, x12       x13=fffeb588 x13:0000ff6a x12:00000234
27328854ns          483880 1c009052 00455e83 lhu              x29, 4(x10)         x29=00000427 x10:10003fa4  PA:10003fa8
27328874ns          483881 1c009056 00655e03 lhu              x28, 6(x10)         x28=0000007f x10:10003fa4  PA:10003faa
27328894ns          483882 1c00905a 40a75713 srai             x14, x14, 0x40a     x14=ffffffe6 x14:ffff9874
27328914ns          483883 1c00905c 806787db p.muls           x15, x15, x6        x15=ffffdf4e x15:0000ffe5  x6:00000136
27328934ns          483884 1c009060 40a6d693 srai             x13, x13, 0x40a     x13=ffffffad x13:fffeb588
27328973ns          483886 1c009062 8065865b p.muls           x12, x11, x6        x12=00007440 x11:00000060  x6:00000136
27328993ns          483887 1c009066 40a7d793 srai             x15, x15, 0x40a     x15=fffffff7 x15:ffffdf4e
27329013ns          483888 1c009068 40a65613 srai             x12, x12, 0x40a     x12=0000001d x12:00007440
27329033ns          483889 1c00906a 01d70733 add              x14, x14, x29       x14=0000040d x14:ffffffe6 x29:00000427
27329053ns          483890 1c00906c 01c686b3 add              x13, x13, x28       x13=0000002c x13:ffffffad x28:0000007f
27329073ns          483891 1c00906e 00c686b3 add              x13, x13, x12       x13=00000049 x13:0000002c x12:0000001d
27329093ns          483892 1c009070 00f70733 add              x14, x14, x15       x14=00000404 x14:0000040d x15:fffffff7
27329113ns          483893 1c009072 100747b3 p.exths          x15, x14, x0        x15=00000404 x14:00000404
27329132ns          483894 1c009076 1006c733 p.exths          x14, x13, x0        x14=00000049 x13:00000049
27329152ns          483895 1c00907a 03170633 mul              x12, x14, x17       x12=ffff6e92 x14:00000049 x17:fffffe02
27329172ns          483896 1c00907e 030786b3 mul              x13, x15, x16       x13=fff72730 x15:00000404 x16:fffffdcc
27329192ns          483897 1c009082 03070733 mul              x14, x14, x16       x14=ffff5f2c x14:00000049 x16:fffffdcc
27329212ns          483898 1c009086 031787b3 mul              x15, x15, x17       x15=fff80008 x15:00000404 x17:fffffe02
27329232ns          483899 1c00908a 40a6d693 srai             x13, x13, 0x40a     x13=fffffdc9 x13:fff72730
27329252ns          483900 1c00908c 40a65613 srai             x12, x12, 0x40a     x12=ffffffdb x12:ffff6e92
27329272ns          483901 1c00908e 40a7d793 srai             x15, x15, 0x40a     x15=fffffe00 x15:fff80008
27329292ns          483902 1c009090 40a75713 srai             x14, x14, 0x40a     x14=ffffffd7 x14:ffff5f2c
27329311ns          483903 1c009092 40c686b3 sub              x13, x13, x12       x13=fffffdee x13:fffffdc9 x12:ffffffdb
27329331ns          483904 1c009094 00e787b3 add              x15, x15, x14       x15=fffffdd7 x15:fffffe00 x14:ffffffd7
27329351ns          483905 1c009096 00d51823 sh               x13, 16(x10)        x13:fffffdee x10:10003fa4  PA:10003fb4
27329371ns          483906 1c00909a 00f51923 sh               x15, 18(x10)        x15:fffffdd7 x10:10003fa4  PA:10003fb6
27329391ns          483907 1c00909e 00008067 jalr             x0, x1, 0            x1:1c0093e8
27329431ns          483909 1c0093e8 2dc15583 lhu              x11, 732(x2)        x11=0000fdee  x2:10003cd8  PA:10003fb4
27329451ns          483910 1c0093ec 2de15783 lhu              x15, 734(x2)        x15=0000fdd7  x2:10003cd8  PA:10003fb6
27329471ns          483911 1c0093f0 40b90933 sub              x18, x18, x11       x18=fffeff9a x18:fffffd88 x11:0000fdee
27329490ns          483912 1c0093f4 40f484b3 sub              x9, x9, x15          x9=ffff00bc  x9:fffffe93 x15:0000fdd7
27329510ns          483913 1c0093f6 100945b3 p.exths          x11, x18, x0        x11=ffffff9a x18:fffeff9a
27329530ns          483914 1c0093fa 1004c7b3 p.exths          x15, x9, x0         x15=000000bc  x9:ffff00bc
27329550ns          483915 1c0093fe 034586b3 mul              x13, x11, x20       x13=0000e0b8 x11:ffffff9a x20:fffffdcc
27329570ns          483916 1c009402 03378533 mul              x10, x15, x19       x10=fffe8978 x15:000000bc x19:fffffe02
27329590ns          483917 1c009406 034a0633 mul              x12, x20, x20       x12=0004da90 x20:fffffdcc x20:fffffdcc
27329610ns          483918 1c00940a 03398733 mul              x14, x19, x19       x14=0003f804 x19:fffffe02 x19:fffffe02
27329669ns          483921 1c00940e 034787b3 mul              x15, x15, x20       x15=fffe61d0 x15:000000bc x20:fffffdcc
27329709ns          483923 1c009412 033585b3 mul              x11, x11, x19       x11=0000cb34 x11:ffffff9a x19:fffffe02
27329729ns          483924 1c009416 40a75713 srai             x14, x14, 0x40a     x14=000000fe x14:0003f804
27329749ns          483925 1c009418 40a5d593 srai             x11, x11, 0x40a     x11=00000032 x11:0000cb34
27329769ns          483926 1c00941a 40a65613 srai             x12, x12, 0x40a     x12=00000136 x12:0004da90
27329789ns          483927 1c00941c 40a7d793 srai             x15, x15, 0x40a     x15=ffffff98 x15:fffe61d0
27329809ns          483928 1c00941e 1c0034b7 lui              x9, 0x1c003000       x9=1c003000
27329829ns          483929 1c009422 00e60633 add              x12, x12, x14       x12=00000234 x12:00000136 x14:000000fe
27329848ns          483930 1c009424 40b787b3 sub              x15, x15, x11       x15=ffffff66 x15:ffffff98 x11:00000032
27329868ns          483931 1c009426 eb048493 addi             x9, x9, -336         x9=1c002eb0  x9:1c003000
27329888ns          483932 1c00942a 1c0032b7 lui              x5, 0x1c003000       x5=1c003000
27329908ns          483933 1c00942e 1c0035b7 lui              x11, 0x1c003000     x11=1c003000
27329928ns          483934 1c009432 018483b3 add              x7, x9, x24          x7=1c002ebe  x9:1c002eb0 x24:0000000e
27329948ns          483935 1c009436 02812e83 lw               x29, 40(x2)         x29=1c002ece  x2:10003cd8  PA:10003d00
27329968ns          483936 1c009438 10065633 p.exthz          x12, x12, x0        x12=00000234 x12:00000234
27329988ns          483937 1c00943c e8028293 addi             x5, x5, -384         x5=1c002e80  x5:1c003000
27330027ns          483939 1c009440 ea058593 addi             x11, x11, -352      x11=1c002ea0 x11:1c003000
27330067ns          483941 1c009444 03812483 lw               x9, 56(x2)           x9=1c002eee  x2:10003cd8  PA:10003d10
27330087ns          483942 1c009446 10064733 p.exths          x14, x12, x0        x14=00000234 x12:00000234
27330107ns          483943 1c00944a 018280b3 add              x1, x5, x24          x1=1c002e8e  x5:1c002e80 x24:0000000e
27330127ns          483944 1c00944e 03012f03 lw               x30, 48(x2)         x30=1c002ede  x2:10003cd8  PA:10003d08
27330167ns          483946 1c009450 018582b3 add              x5, x11, x24         x5=1c002eae x11:1c002ea0 x24:0000000e
27330206ns          483948 1c009454 04012583 lw               x11, 64(x2)         x11=1c002efe  x2:10003cd8  PA:10003d18
27330226ns          483949 1c009456 000edd83 lhu              x27, 0(x29)         x27=00001ce3 x29:1c002ece  PA:1c002ece
27330545ns          483965 1c00945a 0004d483 lhu              x9, 0(x9)            x9=00000405  x9:1c002eee  PA:1c002eee
27330903ns          483983 1c00945e 02e70333 mul              x6, x14, x14         x6=0004da90 x14:00000234 x14:00000234
27330922ns          483984 1c009462 40a55513 srai             x10, x10, 0x40a     x10=ffffffa2 x10:fffe8978
27330942ns          483985 1c009464 04812e83 lw               x29, 72(x2)         x29=1c002f0e  x2:10003cd8  PA:10003d20
27330962ns          483986 1c009466 40a6d693 srai             x13, x13, 0x40a     x13=00000038 x13:0000e0b8
27330982ns          483987 1c009468 000f5d03 lhu              x26, 0(x30)         x26=000008aa x30:1c002ede  PA:1c002ede
27331280ns          484002 1c00946c 0005d583 lhu              x11, 0(x11)         x11=0000026e x11:1c002efe  PA:1c002efe
27331618ns          484019 1c009470 40a35313 srai             x6, x6, 0x40a        x6=00000136  x6:0004da90
27331638ns          484020 1c009474 00a686b3 add              x13, x13, x10       x13=ffffffda x13:00000038 x10:ffffffa2
27331658ns          484021 1c009476 05012f03 lw               x30, 80(x2)         x30=1c002e7e  x2:10003cd8  PA:10003d28
27331678ns          484022 1c009478 10034e33 p.exths          x28, x6, x0         x28=00000136  x6:00000136
27331698ns          484023 1c00947c 06911023 sh               x9, 96(x2)           x9:00000405  x2:10003cd8  PA:10003d38
27331718ns          484024 1c009480 000ede83 lhu              x29, 0(x29)         x29=000001aa x29:1c002f0e  PA:1c002f0e
27332076ns          484042 1c009484 05812483 lw               x9, 88(x2)           x9=1c002e6e  x2:10003cd8  PA:10003d30
27332096ns          484043 1c009486 1006d6b3 p.exthz          x13, x13, x0        x13=0000ffda x13:ffffffda
27332116ns          484044 1c00948a 02ee08b3 mul              x17, x28, x14       x17=0002aaf8 x28:00000136 x14:00000234
27332136ns          484045 1c00948e 1006c833 p.exths          x16, x13, x0        x16=ffffffda x13:0000ffda
27332155ns          484046 1c009492 06b11823 sh               x11, 112(x2)        x11:0000026e  x2:10003cd8  PA:10003d48
27332175ns          484047 1c009496 000f5f03 lhu              x30, 0(x30)         x30=0000feaf x30:1c002e7e  PA:1c002e7e
27332474ns          484062 1c00949a 0a012583 lw               x11, 160(x2)        x11=1c002e9e  x2:10003cd8  PA:10003d78
27332494ns          484063 1c00949c 1007d7b3 p.exthz          x15, x15, x0        x15=0000ff66 x15:ffffff66
27332513ns          484064 1c0094a0 0004da03 lhu              x20, 0(x9)          x20=0000f95b  x9:1c002e6e  PA:1c002e6e
27332812ns          484079 1c0094a4 1007c533 p.exths          x10, x15, x0        x10=ffffff66 x15:0000ff66
27332832ns          484080 1c0094a8 09d11023 sh               x29, 128(x2)        x29:000001aa  x2:10003cd8  PA:10003d58
27332852ns          484081 1c0094ac 0003d483 lhu              x9, 0(x7)            x9=0000ffa9  x7:1c002ebe  PA:1c002ebe
27333289ns          484103 1c0094b0 02e80eb3 mul              x29, x16, x14       x29=ffffac48 x16:ffffffda x14:00000234
27333309ns          484104 1c0094b4 40a8d893 srai             x17, x17, 0x40a     x17=000000aa x17:0002aaf8
27333329ns          484105 1c0094b8 03c80833 mul              x16, x16, x28       x16=ffffd1fc x16:ffffffda x28:00000136
27333349ns          484106 1c0094bc 09e11823 sh               x30, 144(x2)        x30:0000feaf  x2:10003cd8  PA:10003d68
27333369ns          484107 1c0094c0 0005d983 lhu              x19, 0(x11)         x19=0000ff6f x11:1c002e9e  PA:1c002e9e
27333667ns          484122 1c0094c4 81c88f5b p.muls           x30, x17, x28       x30=0000cddc x17:000000aa x28:00000136
27333687ns          484123 1c0094c8 0002d583 lhu              x11, 0(x5)          x11=0000fec3  x5:1c002eae  PA:1c002eae
27334005ns          484139 1c0094cc 03ce0fb3 mul              x31, x28, x28       x31=00017764 x28:00000136 x28:00000136
27334025ns          484140 1c0094d0 02e50733 mul              x14, x10, x14       x14=fffeacb8 x10:ffffff66 x14:00000234
27334045ns          484141 1c0094d4 40a85813 srai             x16, x16, 0x40a     x16=fffffff4 x16:ffffd1fc
27334065ns          484142 1c0094d8 03c50533 mul              x10, x10, x28       x10=ffff4584 x10:ffffff66 x28:00000136
27334085ns          484143 1c0094dc 07015e03 lhu              x28, 112(x2)        x28=0000026e  x2:10003cd8  PA:10003d48
27334124ns          484145 1c0094e0 01b60633 add              x12, x12, x27       x12=00001f17 x12:00000234 x27:00001ce3
27334144ns          484146 1c0094e2 00980833 add              x16, x16, x9        x16=0000ff9d x16:fffffff4  x9:0000ffa9
27334164ns          484147 1c0094e4 06015d83 lhu              x27, 96(x2)         x27=00000405  x2:10003cd8  PA:10003d38
27334184ns          484148 1c0094e8 02812483 lw               x9, 40(x2)           x9=1c002ece  x2:10003cd8  PA:10003d00
27334204ns          484149 1c0094ea 40afdf93 srai             x31, x31, 0x40a     x31=0000005d x31:00017764
27334224ns          484150 1c0094ee 40a55513 srai             x10, x10, 0x40a     x10=ffffffd1 x10:ffff4584
27334244ns          484151 1c0094f0 01cf8fb3 add              x31, x31, x28       x31=000002cb x31:0000005d x28:0000026e
27334264ns          484152 1c0094f2 00b50533 add              x10, x10, x11       x10=0000fe94 x10:ffffffd1 x11:0000fec3
27334283ns          484153 1c0094f4 09015e03 lhu              x28, 144(x2)        x28=0000feaf  x2:10003cd8  PA:10003d68
27334303ns          484154 1c0094f8 03012583 lw               x11, 48(x2)         x11=1c002ede  x2:10003cd8  PA:10003d08
27334323ns          484155 1c0094fa 00c49023 sh               x12, 0(x9)          x12:00001f17  x9:1c002ece  PA:1c002ece
27334641ns          484171 1c0094fe 01b888b3 add              x17, x17, x27       x17=000004af x17:000000aa x27:00000405
27334661ns          484172 1c009500 01a30333 add              x6, x6, x26          x6=000009e0  x6:00000136 x26:000008aa
27334681ns          484173 1c009502 08015d83 lhu              x27, 128(x2)        x27=000001aa  x2:10003cd8  PA:10003d58
27334701ns          484174 1c009506 0000d903 lhu              x18, 0(x1)          x18=0000fd9d  x1:1c002e8e  PA:1c002e8e
27334999ns          484189 1c00950a 01c686b3 add              x13, x13, x28       x13=0001fe89 x13:0000ffda x28:0000feaf
27335019ns          484190 1c00950c 00659023 sh               x6, 0(x11)           x6:000009e0 x11:1c002ede  PA:1c002ede
27335338ns          484206 1c009510 40af5f13 srai             x30, x30, 0x40a     x30=00000033 x30:0000cddc
27335357ns          484207 1c009514 04812e03 lw               x28, 72(x2)         x28=1c002f0e  x2:10003cd8  PA:10003d20
27335377ns          484208 1c009516 01bf0f33 add              x30, x30, x27       x30=000001dd x30:00000033 x27:000001aa
27335397ns          484209 1c009518 40aede93 srai             x29, x29, 0x40a     x29=ffffffeb x29:ffffac48
27335417ns          484210 1c00951c 40a75713 srai             x14, x14, 0x40a     x14=ffffffab x14:fffeacb8
27335437ns          484211 1c00951e 03812603 lw               x12, 56(x2)         x12=1c002eee  x2:10003cd8  PA:10003d10
27335457ns          484212 1c009520 04012d83 lw               x27, 64(x2)         x27=1c002efe  x2:10003cd8  PA:10003d18
27335477ns          484213 1c009522 01ee1023 sh               x30, 0(x28)         x30:000001dd x28:1c002f0e  PA:1c002f0e
27335795ns          484229 1c009526 05812483 lw               x9, 88(x2)           x9=1c002e6e  x2:10003cd8  PA:10003d30
27335815ns          484230 1c009528 05012f03 lw               x30, 80(x2)         x30=1c002e7e  x2:10003cd8  PA:10003d28
27335835ns          484231 1c00952a 0a012583 lw               x11, 160(x2)        x11=1c002e9e  x2:10003cd8  PA:10003d78
27335855ns          484232 1c00952c 014787b3 add              x15, x15, x20       x15=0001f8c1 x15:0000ff66 x20:0000f95b
27335875ns          484233 1c00952e 013e8eb3 add              x29, x29, x19       x29=0000ff5a x29:ffffffeb x19:0000ff6f
27335894ns          484234 1c009530 01270733 add              x14, x14, x18       x14=0000fd48 x14:ffffffab x18:0000fd9d
27335914ns          484235 1c009532 00f49023 sh               x15, 0(x9)          x15:0001f8c1  x9:1c002e6e  PA:1c002e6e
27336252ns          484252 1c009536 01161023 sh               x17, 0(x12)         x17:000004af x12:1c002eee  PA:1c002eee
27336590ns          484269 1c00953a 01fd9023 sh               x31, 0(x27)         x31:000002cb x27:1c002efe  PA:1c002efe
27336909ns          484285 1c00953e 00df1023 sh               x13, 0(x30)         x13:0001fe89 x30:1c002e7e  PA:1c002e7e
27337247ns          484302 1c009542 01d59023 sh               x29, 0(x11)         x29:0000ff5a x11:1c002e9e  PA:1c002e9e
27337565ns          484318 1c009546 00e09023 sh               x14, 0(x1)          x14:0000fd48  x1:1c002e8e  PA:1c002e8e
27337883ns          484334 1c00954a 01039023 sh               x16, 0(x7)          x16:0000ff9d  x7:1c002ebe  PA:1c002ebe
27338201ns          484350 1c00954e 00a29023 sh               x10, 0(x5)          x10:0000fe94  x5:1c002eae  PA:1c002eae
27338520ns          484366 1c009552 008b0b13 addi             x22, x22, 8         x22=000001af x22:000001a7
27338540ns          484367 1c009554 1f300793 addi             x15, x0, 499        x15=000001f3
27338559ns          484368 1c009558 e767dae3 bge              x15, x22, -396      x15:000001f3 x22:000001af
27338699ns          484375 1c0093cc 010c9a0b p.lh             x20, 16(x25!)       x20=ffffffd8 x25=1c0029f6 x25:1c0029e6  PA:1c0029e6
27339017ns          484391 1c0093d0 0104198b p.lh             x19, 16(x8!)        x19=fffffffd  x8=1c0021be  x8:1c0021ae  PA:1c0021ae
27339315ns          484406 1c0093d4 2cc10513 addi             x10, x2, 716        x10=10003fa4  x2:10003cd8
27339335ns          484407 1c0093d6 010a990b p.lh             x18, 16(x21!)       x18=ffffffd6 x21=1c0019ea x21:1c0019da  PA:1c0019da
27339653ns          484423 1c0093da 010b948b p.lh             x9, 16(x23!)         x9=00000006 x23=1c00121a x23:1c00120a  PA:1c00120a
27339952ns          484438 1c0093de 2d411623 sh               x20, 716(x2)        x20:ffffffd8  x2:10003cd8  PA:10003fa4
27339971ns          484439 1c0093e2 2d311723 sh               x19, 718(x2)        x19:fffffffd  x2:10003cd8  PA:10003fa6
27339991ns          484440 1c0093e6 c33ff0ef jal              x1, -974             x1=1c0093e8
27340071ns          484444 1c009018 00051803 lh               x16, 0(x10)         x16=ffffffd8 x10:10003fa4  PA:10003fa4
27340111ns          484446 1c00901c 00251883 lh               x17, 2(x10)         x17=fffffffd x10:10003fa4  PA:10003fa6
27340170ns          484449 1c009020 030806b3 mul              x13, x16, x16       x13=00000640 x16:ffffffd8 x16:ffffffd8
27340210ns          484451 1c009024 03188633 mul              x12, x17, x17       x12=00000009 x17:fffffffd x17:fffffffd
27340230ns          484452 1c009028 40a65613 srai             x12, x12, 0x40a     x12=00000000 x12:00000009
27340250ns          484453 1c00902a 40a6d693 srai             x13, x13, 0x40a     x13=00000001 x13:00000640
27340270ns          484454 1c00902c 00c686b3 add              x13, x13, x12       x13=00000001 x13:00000001 x12:00000000
27340290ns          484455 1c00902e 1006c633 p.exths          x12, x13, x0        x12=00000001 x13:00000001
27340310ns          484456 1c009032 00855703 lhu              x14, 8(x10)         x14=0000ffd1 x10:10003fa4  PA:10003fac
27340329ns          484457 1c009036 00a55683 lhu              x13, 10(x10)        x13=0000ff6a x10:10003fa4  PA:10003fae
27340349ns          484458 1c00903a 02c60333 mul              x6, x12, x12         x6=00000001 x12:00000001 x12:00000001
27340369ns          484459 1c00903e 00c55783 lhu              x15, 12(x10)        x15=0000ffe5 x10:10003fa4  PA:10003fb0
27340389ns          484460 1c009042 00e55583 lhu              x11, 14(x10)        x11=00000060 x10:10003fa4  PA:10003fb2
27340409ns          484461 1c009046 dea30333 p.extract        x6, x6, 15, 10       x6=00000000  x6:00000001
27340429ns          484462 1c00904a 80c7075b p.muls           x14, x14, x12       x14=ffffffd1 x14:0000ffd1 x12:00000001
27340449ns          484463 1c00904e 80c686db p.muls           x13, x13, x12       x13=ffffff6a x13:0000ff6a x12:00000001
27340469ns          484464 1c009052 00455e83 lhu              x29, 4(x10)         x29=00000427 x10:10003fa4  PA:10003fa8
27340489ns          484465 1c009056 00655e03 lhu              x28, 6(x10)         x28=0000007f x10:10003fa4  PA:10003faa
27340508ns          484466 1c00905a 40a75713 srai             x14, x14, 0x40a     x14=ffffffff x14:ffffffd1
27340528ns          484467 1c00905c 806787db p.muls           x15, x15, x6        x15=00000000 x15:0000ffe5  x6:00000000
27340548ns          484468 1c009060 40a6d693 srai             x13, x13, 0x40a     x13=ffffffff x13:ffffff6a
27340588ns          484470 1c009062 8065865b p.muls           x12, x11, x6        x12=00000000 x11:00000060  x6:00000000
27340608ns          484471 1c009066 40a7d793 srai             x15, x15, 0x40a     x15=00000000 x15:00000000
27340628ns          484472 1c009068 40a65613 srai             x12, x12, 0x40a     x12=00000000 x12:00000000
27340648ns          484473 1c00906a 01d70733 add              x14, x14, x29       x14=00000426 x14:ffffffff x29:00000427
27340668ns          484474 1c00906c 01c686b3 add              x13, x13, x28       x13=0000007e x13:ffffffff x28:0000007f
27340687ns          484475 1c00906e 00c686b3 add              x13, x13, x12       x13=0000007e x13:0000007e x12:00000000
27340707ns          484476 1c009070 00f70733 add              x14, x14, x15       x14=00000426 x14:00000426 x15:00000000
27340727ns          484477 1c009072 100747b3 p.exths          x15, x14, x0        x15=00000426 x14:00000426
27340747ns          484478 1c009076 1006c733 p.exths          x14, x13, x0        x14=0000007e x13:0000007e
27340767ns          484479 1c00907a 03170633 mul              x12, x14, x17       x12=fffffe86 x14:0000007e x17:fffffffd
27340787ns          484480 1c00907e 030786b3 mul              x13, x15, x16       x13=ffff5a10 x15:00000426 x16:ffffffd8
27340807ns          484481 1c009082 03070733 mul              x14, x14, x16       x14=ffffec50 x14:0000007e x16:ffffffd8
27340827ns          484482 1c009086 031787b3 mul              x15, x15, x17       x15=fffff38e x15:00000426 x17:fffffffd
27340847ns          484483 1c00908a 40a6d693 srai             x13, x13, 0x40a     x13=ffffffd6 x13:ffff5a10
27340866ns          484484 1c00908c 40a65613 srai             x12, x12, 0x40a     x12=ffffffff x12:fffffe86
27340886ns          484485 1c00908e 40a7d793 srai             x15, x15, 0x40a     x15=fffffffc x15:fffff38e
27340906ns          484486 1c009090 40a75713 srai             x14, x14, 0x40a     x14=fffffffb x14:ffffec50
27340926ns          484487 1c009092 40c686b3 sub              x13, x13, x12       x13=ffffffd7 x13:ffffffd6 x12:ffffffff
27340946ns          484488 1c009094 00e787b3 add              x15, x15, x14       x15=fffffff7 x15:fffffffc x14:fffffffb
27340966ns          484489 1c009096 00d51823 sh               x13, 16(x10)        x13:ffffffd7 x10:10003fa4  PA:10003fb4
27340986ns          484490 1c00909a 00f51923 sh               x15, 18(x10)        x15:fffffff7 x10:10003fa4  PA:10003fb6
27341006ns          484491 1c00909e 00008067 jalr             x0, x1, 0            x1:1c0093e8
27341085ns          484495 1c0093e8 2dc15583 lhu              x11, 732(x2)        x11=0000ffd7  x2:10003cd8  PA:10003fb4
27341125ns          484497 1c0093ec 2de15783 lhu              x15, 734(x2)        x15=0000fff7  x2:10003cd8  PA:10003fb6
27341145ns          484498 1c0093f0 40b90933 sub              x18, x18, x11       x18=fffeffff x18:ffffffd6 x11:0000ffd7
27341165ns          484499 1c0093f4 40f484b3 sub              x9, x9, x15          x9=ffff000f  x9:00000006 x15:0000fff7
27341185ns          484500 1c0093f6 100945b3 p.exths          x11, x18, x0        x11=ffffffff x18:fffeffff
27341205ns          484501 1c0093fa 1004c7b3 p.exths          x15, x9, x0         x15=0000000f  x9:ffff000f
27341224ns          484502 1c0093fe 034586b3 mul              x13, x11, x20       x13=00000028 x11:ffffffff x20:ffffffd8
27341244ns          484503 1c009402 03378533 mul              x10, x15, x19       x10=ffffffd3 x15:0000000f x19:fffffffd
27341264ns          484504 1c009406 034a0633 mul              x12, x20, x20       x12=00000640 x20:ffffffd8 x20:ffffffd8
27341284ns          484505 1c00940a 03398733 mul              x14, x19, x19       x14=00000009 x19:fffffffd x19:fffffffd
27341344ns          484508 1c00940e 034787b3 mul              x15, x15, x20       x15=fffffda8 x15:0000000f x20:ffffffd8
27341384ns          484510 1c009412 033585b3 mul              x11, x11, x19       x11=00000003 x11:ffffffff x19:fffffffd
27341403ns          484511 1c009416 40a75713 srai             x14, x14, 0x40a     x14=00000000 x14:00000009
27341423ns          484512 1c009418 40a5d593 srai             x11, x11, 0x40a     x11=00000000 x11:00000003
27341443ns          484513 1c00941a 40a65613 srai             x12, x12, 0x40a     x12=00000001 x12:00000640
27341463ns          484514 1c00941c 40a7d793 srai             x15, x15, 0x40a     x15=ffffffff x15:fffffda8
27341483ns          484515 1c00941e 1c0034b7 lui              x9, 0x1c003000       x9=1c003000
27341503ns          484516 1c009422 00e60633 add              x12, x12, x14       x12=00000001 x12:00000001 x14:00000000
27341523ns          484517 1c009424 40b787b3 sub              x15, x15, x11       x15=ffffffff x15:ffffffff x11:00000000
27341543ns          484518 1c009426 eb048493 addi             x9, x9, -336         x9=1c002eb0  x9:1c003000
27341562ns          484519 1c00942a 1c0032b7 lui              x5, 0x1c003000       x5=1c003000
27341582ns          484520 1c00942e 1c0035b7 lui              x11, 0x1c003000     x11=1c003000
27341602ns          484521 1c009432 018483b3 add              x7, x9, x24          x7=1c002ebe  x9:1c002eb0 x24:0000000e
27341622ns          484522 1c009436 02812e83 lw               x29, 40(x2)         x29=1c002ece  x2:10003cd8  PA:10003d00
27341642ns          484523 1c009438 10065633 p.exthz          x12, x12, x0        x12=00000001 x12:00000001
27341662ns          484524 1c00943c e8028293 addi             x5, x5, -384         x5=1c002e80  x5:1c003000
27341682ns          484525 1c009440 ea058593 addi             x11, x11, -352      x11=1c002ea0 x11:1c003000
27341702ns          484526 1c009444 03812483 lw               x9, 56(x2)           x9=1c002eee  x2:10003cd8  PA:10003d10
27341722ns          484527 1c009446 10064733 p.exths          x14, x12, x0        x14=00000001 x12:00000001
27341741ns          484528 1c00944a 018280b3 add              x1, x5, x24          x1=1c002e8e  x5:1c002e80 x24:0000000e
27341761ns          484529 1c00944e 03012f03 lw               x30, 48(x2)         x30=1c002ede  x2:10003cd8  PA:10003d08
27341781ns          484530 1c009450 018582b3 add              x5, x11, x24         x5=1c002eae x11:1c002ea0 x24:0000000e
27341801ns          484531 1c009454 04012583 lw               x11, 64(x2)         x11=1c002efe  x2:10003cd8  PA:10003d18
27341821ns          484532 1c009456 000edd83 lhu              x27, 0(x29)         x27=00001f17 x29:1c002ece  PA:1c002ece
27342199ns          484551 1c00945a 0004d483 lhu              x9, 0(x9)            x9=000004af  x9:1c002eee  PA:1c002eee
27342517ns          484567 1c00945e 02e70333 mul              x6, x14, x14         x6=00000001 x14:00000001 x14:00000001
27342537ns          484568 1c009462 40a55513 srai             x10, x10, 0x40a     x10=ffffffff x10:ffffffd3
27342557ns          484569 1c009464 04812e83 lw               x29, 72(x2)         x29=1c002f0e  x2:10003cd8  PA:10003d20
27342577ns          484570 1c009466 40a6d693 srai             x13, x13, 0x40a     x13=00000000 x13:00000028
27342597ns          484571 1c009468 000f5d03 lhu              x26, 0(x30)         x26=000009e0 x30:1c002ede  PA:1c002ede
27342955ns          484589 1c00946c 0005d583 lhu              x11, 0(x11)         x11=000002cb x11:1c002efe  PA:1c002efe
27343273ns          484605 1c009470 40a35313 srai             x6, x6, 0x40a        x6=00000000  x6:00000001
27343293ns          484606 1c009474 00a686b3 add              x13, x13, x10       x13=ffffffff x13:00000000 x10:ffffffff
27343313ns          484607 1c009476 05012f03 lw               x30, 80(x2)         x30=1c002e7e  x2:10003cd8  PA:10003d28
27343333ns          484608 1c009478 10034e33 p.exths          x28, x6, x0         x28=00000000  x6:00000000
27343352ns          484609 1c00947c 06911023 sh               x9, 96(x2)           x9:000004af  x2:10003cd8  PA:10003d38
27343372ns          484610 1c009480 000ede83 lhu              x29, 0(x29)         x29=000001dd x29:1c002f0e  PA:1c002f0e
27343710ns          484627 1c009484 05812483 lw               x9, 88(x2)           x9=1c002e6e  x2:10003cd8  PA:10003d30
27343730ns          484628 1c009486 1006d6b3 p.exthz          x13, x13, x0        x13=0000ffff x13:ffffffff
27343750ns          484629 1c00948a 02ee08b3 mul              x17, x28, x14       x17=00000000 x28:00000000 x14:00000001
27343770ns          484630 1c00948e 1006c833 p.exths          x16, x13, x0        x16=ffffffff x13:0000ffff
27343790ns          484631 1c009492 06b11823 sh               x11, 112(x2)        x11:000002cb  x2:10003cd8  PA:10003d48
27343810ns          484632 1c009496 000f5f03 lhu              x30, 0(x30)         x30=0000fe89 x30:1c002e7e  PA:1c002e7e
27344168ns          484650 1c00949a 0a012583 lw               x11, 160(x2)        x11=1c002e9e  x2:10003cd8  PA:10003d78
27344188ns          484651 1c00949c 1007d7b3 p.exthz          x15, x15, x0        x15=0000ffff x15:ffffffff
27344208ns          484652 1c0094a0 0004da03 lhu              x20, 0(x9)          x20=0000f8c1  x9:1c002e6e  PA:1c002e6e
27344526ns          484668 1c0094a4 1007c533 p.exths          x10, x15, x0        x10=ffffffff x15:0000ffff
27344546ns          484669 1c0094a8 09d11023 sh               x29, 128(x2)        x29:000001dd  x2:10003cd8  PA:10003d58
27344566ns          484670 1c0094ac 0003d483 lhu              x9, 0(x7)            x9=0000ff9d  x7:1c002ebe  PA:1c002ebe
27344924ns          484688 1c0094b0 02e80eb3 mul              x29, x16, x14       x29=ffffffff x16:ffffffff x14:00000001
27344943ns          484689 1c0094b4 40a8d893 srai             x17, x17, 0x40a     x17=00000000 x17:00000000
27344963ns          484690 1c0094b8 03c80833 mul              x16, x16, x28       x16=00000000 x16:ffffffff x28:00000000
27344983ns          484691 1c0094bc 09e11823 sh               x30, 144(x2)        x30:0000fe89  x2:10003cd8  PA:10003d68
27345003ns          484692 1c0094c0 0005d983 lhu              x19, 0(x11)         x19=0000ff5a x11:1c002e9e  PA:1c002e9e
27345341ns          484709 1c0094c4 81c88f5b p.muls           x30, x17, x28       x30=00000000 x17:00000000 x28:00000000
27345361ns          484710 1c0094c8 0002d583 lhu              x11, 0(x5)          x11=0000fe94  x5:1c002eae  PA:1c002eae
27345659ns          484725 1c0094cc 03ce0fb3 mul              x31, x28, x28       x31=00000000 x28:00000000 x28:00000000
27345679ns          484726 1c0094d0 02e50733 mul              x14, x10, x14       x14=ffffffff x10:ffffffff x14:00000001
27345699ns          484727 1c0094d4 40a85813 srai             x16, x16, 0x40a     x16=00000000 x16:00000000
27345719ns          484728 1c0094d8 03c50533 mul              x10, x10, x28       x10=00000000 x10:ffffffff x28:00000000
27345739ns          484729 1c0094dc 07015e03 lhu              x28, 112(x2)        x28=000002cb  x2:10003cd8  PA:10003d48
27345759ns          484730 1c0094e0 01b60633 add              x12, x12, x27       x12=00001f18 x12:00000001 x27:00001f17
27345779ns          484731 1c0094e2 00980833 add              x16, x16, x9        x16=0000ff9d x16:00000000  x9:0000ff9d
27345799ns          484732 1c0094e4 06015d83 lhu              x27, 96(x2)         x27=000004af  x2:10003cd8  PA:10003d38
27345819ns          484733 1c0094e8 02812483 lw               x9, 40(x2)           x9=1c002ece  x2:10003cd8  PA:10003d00
27345838ns          484734 1c0094ea 40afdf93 srai             x31, x31, 0x40a     x31=00000000 x31:00000000
27345858ns          484735 1c0094ee 40a55513 srai             x10, x10, 0x40a     x10=00000000 x10:00000000
27345878ns          484736 1c0094f0 01cf8fb3 add              x31, x31, x28       x31=000002cb x31:00000000 x28:000002cb
27345898ns          484737 1c0094f2 00b50533 add              x10, x10, x11       x10=0000fe94 x10:00000000 x11:0000fe94
27345918ns          484738 1c0094f4 09015e03 lhu              x28, 144(x2)        x28=0000fe89  x2:10003cd8  PA:10003d68
27345938ns          484739 1c0094f8 03012583 lw               x11, 48(x2)         x11=1c002ede  x2:10003cd8  PA:10003d08
27345958ns          484740 1c0094fa 00c49023 sh               x12, 0(x9)          x12:00001f18  x9:1c002ece  PA:1c002ece
27346296ns          484757 1c0094fe 01b888b3 add              x17, x17, x27       x17=000004af x17:00000000 x27:000004af
27346316ns          484758 1c009500 01a30333 add              x6, x6, x26          x6=000009e0  x6:00000000 x26:000009e0
27346336ns          484759 1c009502 08015d83 lhu              x27, 128(x2)        x27=000001dd  x2:10003cd8  PA:10003d58
27346356ns          484760 1c009506 0000d903 lhu              x18, 0(x1)          x18=0000fd48  x1:1c002e8e  PA:1c002e8e
27346674ns          484776 1c00950a 01c686b3 add              x13, x13, x28       x13=0001fe88 x13:0000ffff x28:0000fe89
27346694ns          484777 1c00950c 00659023 sh               x6, 0(x11)           x6:000009e0 x11:1c002ede  PA:1c002ede
27347012ns          484793 1c009510 40af5f13 srai             x30, x30, 0x40a     x30=00000000 x30:00000000
27347032ns          484794 1c009514 04812e03 lw               x28, 72(x2)         x28=1c002f0e  x2:10003cd8  PA:10003d20
27347052ns          484795 1c009516 01bf0f33 add              x30, x30, x27       x30=000001dd x30:00000000 x27:000001dd
27347071ns          484796 1c009518 40aede93 srai             x29, x29, 0x40a     x29=ffffffff x29:ffffffff
27347091ns          484797 1c00951c 40a75713 srai             x14, x14, 0x40a     x14=ffffffff x14:ffffffff
27347111ns          484798 1c00951e 03812603 lw               x12, 56(x2)         x12=1c002eee  x2:10003cd8  PA:10003d10
27347131ns          484799 1c009520 04012d83 lw               x27, 64(x2)         x27=1c002efe  x2:10003cd8  PA:10003d18
27347151ns          484800 1c009522 01ee1023 sh               x30, 0(x28)         x30:000001dd x28:1c002f0e  PA:1c002f0e
27347489ns          484817 1c009526 05812483 lw               x9, 88(x2)           x9=1c002e6e  x2:10003cd8  PA:10003d30
27347509ns          484818 1c009528 05012f03 lw               x30, 80(x2)         x30=1c002e7e  x2:10003cd8  PA:10003d28
27347529ns          484819 1c00952a 0a012583 lw               x11, 160(x2)        x11=1c002e9e  x2:10003cd8  PA:10003d78
27347549ns          484820 1c00952c 014787b3 add              x15, x15, x20       x15=0001f8c0 x15:0000ffff x20:0000f8c1
27347569ns          484821 1c00952e 013e8eb3 add              x29, x29, x19       x29=0000ff59 x29:ffffffff x19:0000ff5a
27347589ns          484822 1c009530 01270733 add              x14, x14, x18       x14=0000fd47 x14:ffffffff x18:0000fd48
27347608ns          484823 1c009532 00f49023 sh               x15, 0(x9)          x15:0001f8c0  x9:1c002e6e  PA:1c002e6e
27347927ns          484839 1c009536 01161023 sh               x17, 0(x12)         x17:000004af x12:1c002eee  PA:1c002eee
27348245ns          484855 1c00953a 01fd9023 sh               x31, 0(x27)         x31:000002cb x27:1c002efe  PA:1c002efe
27348563ns          484871 1c00953e 00df1023 sh               x13, 0(x30)         x13:0001fe88 x30:1c002e7e  PA:1c002e7e
27348901ns          484888 1c009542 01d59023 sh               x29, 0(x11)         x29:0000ff59 x11:1c002e9e  PA:1c002e9e
27349239ns          484905 1c009546 00e09023 sh               x14, 0(x1)          x14:0000fd47  x1:1c002e8e  PA:1c002e8e
27349597ns          484923 1c00954a 01039023 sh               x16, 0(x7)          x16:0000ff9d  x7:1c002ebe  PA:1c002ebe
27349935ns          484940 1c00954e 00a29023 sh               x10, 0(x5)          x10:0000fe94  x5:1c002eae  PA:1c002eae
27350273ns          484957 1c009552 008b0b13 addi             x22, x22, 8         x22=000001b7 x22:000001af
27350293ns          484958 1c009554 1f300793 addi             x15, x0, 499        x15=000001f3
27350313ns          484959 1c009558 e767dae3 bge              x15, x22, -396      x15:000001f3 x22:000001b7
27350413ns          484964 1c0093cc 010c9a0b p.lh             x20, 16(x25!)       x20=fffffde9 x25=1c002a06 x25:1c0029f6  PA:1c0029f6
27350771ns          484982 1c0093d0 0104198b p.lh             x19, 16(x8!)        x19=0000014f  x8=1c0021ce  x8:1c0021be  PA:1c0021be
27351069ns          484997 1c0093d4 2cc10513 addi             x10, x2, 716        x10=10003fa4  x2:10003cd8
27351089ns          484998 1c0093d6 010a990b p.lh             x18, 16(x21!)       x18=fffffe40 x21=1c0019fa x21:1c0019ea  PA:1c0019ea
27351387ns          485013 1c0093da 010b948b p.lh             x9, 16(x23!)         x9=000001a2 x23=1c00122a x23:1c00121a  PA:1c00121a
27351685ns          485028 1c0093de 2d411623 sh               x20, 716(x2)        x20:fffffde9  x2:10003cd8  PA:10003fa4
27351705ns          485029 1c0093e2 2d311723 sh               x19, 718(x2)        x19:0000014f  x2:10003cd8  PA:10003fa6
27351725ns          485030 1c0093e6 c33ff0ef jal              x1, -974             x1=1c0093e8
27351765ns          485032 1c009018 00051803 lh               x16, 0(x10)         x16=fffffde9 x10:10003fa4  PA:10003fa4
27351785ns          485033 1c00901c 00251883 lh               x17, 2(x10)         x17=0000014f x10:10003fa4  PA:10003fa6
27351805ns          485034 1c009020 030806b3 mul              x13, x16, x16       x13=00045e11 x16:fffffde9 x16:fffffde9
27351825ns          485035 1c009024 03188633 mul              x12, x17, x17       x12=0001b661 x17:0000014f x17:0000014f
27351845ns          485036 1c009028 40a65613 srai             x12, x12, 0x40a     x12=0000006d x12:0001b661
27351864ns          485037 1c00902a 40a6d693 srai             x13, x13, 0x40a     x13=00000117 x13:00045e11
27351884ns          485038 1c00902c 00c686b3 add              x13, x13, x12       x13=00000184 x13:00000117 x12:0000006d
27351904ns          485039 1c00902e 1006c633 p.exths          x12, x13, x0        x12=00000184 x13:00000184
27351924ns          485040 1c009032 00855703 lhu              x14, 8(x10)         x14=0000ffd1 x10:10003fa4  PA:10003fac
27351944ns          485041 1c009036 00a55683 lhu              x13, 10(x10)        x13=0000ff6a x10:10003fa4  PA:10003fae
27351964ns          485042 1c00903a 02c60333 mul              x6, x12, x12         x6=00024c10 x12:00000184 x12:00000184
27351984ns          485043 1c00903e 00c55783 lhu              x15, 12(x10)        x15=0000ffe5 x10:10003fa4  PA:10003fb0
27352004ns          485044 1c009042 00e55583 lhu              x11, 14(x10)        x11=00000060 x10:10003fa4  PA:10003fb2
27352024ns          485045 1c009046 dea30333 p.extract        x6, x6, 15, 10       x6=00000093  x6:00024c10
27352043ns          485046 1c00904a 80c7075b p.muls           x14, x14, x12       x14=ffffb8c4 x14:0000ffd1 x12:00000184
27352083ns          485048 1c00904e 80c686db p.muls           x13, x13, x12       x13=ffff1ca8 x13:0000ff6a x12:00000184
27352123ns          485050 1c009052 00455e83 lhu              x29, 4(x10)         x29=00000427 x10:10003fa4  PA:10003fa8
27352143ns          485051 1c009056 00655e03 lhu              x28, 6(x10)         x28=0000007f x10:10003fa4  PA:10003faa
27352163ns          485052 1c00905a 40a75713 srai             x14, x14, 0x40a     x14=ffffffee x14:ffffb8c4
27352183ns          485053 1c00905c 806787db p.muls           x15, x15, x6        x15=fffff07f x15:0000ffe5  x6:00000093
27352222ns          485055 1c009060 40a6d693 srai             x13, x13, 0x40a     x13=ffffffc7 x13:ffff1ca8
27352262ns          485057 1c009062 8065865b p.muls           x12, x11, x6        x12=00003720 x11:00000060  x6:00000093
27352282ns          485058 1c009066 40a7d793 srai             x15, x15, 0x40a     x15=fffffffc x15:fffff07f
27352302ns          485059 1c009068 40a65613 srai             x12, x12, 0x40a     x12=0000000d x12:00003720
27352322ns          485060 1c00906a 01d70733 add              x14, x14, x29       x14=00000415 x14:ffffffee x29:00000427
27352342ns          485061 1c00906c 01c686b3 add              x13, x13, x28       x13=00000046 x13:ffffffc7 x28:0000007f
27352362ns          485062 1c00906e 00c686b3 add              x13, x13, x12       x13=00000053 x13:00000046 x12:0000000d
27352382ns          485063 1c009070 00f70733 add              x14, x14, x15       x14=00000411 x14:00000415 x15:fffffffc
27352401ns          485064 1c009072 100747b3 p.exths          x15, x14, x0        x15=00000411 x14:00000411
27352421ns          485065 1c009076 1006c733 p.exths          x14, x13, x0        x14=00000053 x13:00000053
27352441ns          485066 1c00907a 03170633 mul              x12, x14, x17       x12=00006c9d x14:00000053 x17:0000014f
27352461ns          485067 1c00907e 030786b3 mul              x13, x15, x16       x13=fff78079 x15:00000411 x16:fffffde9
27352481ns          485068 1c009082 03070733 mul              x14, x14, x16       x14=ffff528b x14:00000053 x16:fffffde9
27352501ns          485069 1c009086 031787b3 mul              x15, x15, x17       x15=0005523f x15:00000411 x17:0000014f
27352521ns          485070 1c00908a 40a6d693 srai             x13, x13, 0x40a     x13=fffffde0 x13:fff78079
27352541ns          485071 1c00908c 40a65613 srai             x12, x12, 0x40a     x12=0000001b x12:00006c9d
27352561ns          485072 1c00908e 40a7d793 srai             x15, x15, 0x40a     x15=00000154 x15:0005523f
27352580ns          485073 1c009090 40a75713 srai             x14, x14, 0x40a     x14=ffffffd4 x14:ffff528b
27352600ns          485074 1c009092 40c686b3 sub              x13, x13, x12       x13=fffffdc5 x13:fffffde0 x12:0000001b
27352620ns          485075 1c009094 00e787b3 add              x15, x15, x14       x15=00000128 x15:00000154 x14:ffffffd4
27352640ns          485076 1c009096 00d51823 sh               x13, 16(x10)        x13:fffffdc5 x10:10003fa4  PA:10003fb4
27352680ns          485078 1c00909a 00f51923 sh               x15, 18(x10)        x15:00000128 x10:10003fa4  PA:10003fb6
27352700ns          485079 1c00909e 00008067 jalr             x0, x1, 0            x1:1c0093e8
27352759ns          485082 1c0093e8 2dc15583 lhu              x11, 732(x2)        x11=0000fdc5  x2:10003cd8  PA:10003fb4
27352779ns          485083 1c0093ec 2de15783 lhu              x15, 734(x2)        x15=00000128  x2:10003cd8  PA:10003fb6
27352799ns          485084 1c0093f0 40b90933 sub              x18, x18, x11       x18=ffff007b x18:fffffe40 x11:0000fdc5
27352819ns          485085 1c0093f4 40f484b3 sub              x9, x9, x15          x9=0000007a  x9:000001a2 x15:00000128
27352839ns          485086 1c0093f6 100945b3 p.exths          x11, x18, x0        x11=0000007b x18:ffff007b
27352859ns          485087 1c0093fa 1004c7b3 p.exths          x15, x9, x0         x15=0000007a  x9:0000007a
27352879ns          485088 1c0093fe 034586b3 mul              x13, x11, x20       x13=fffefef3 x11:0000007b x20:fffffde9
27352899ns          485089 1c009402 03378533 mul              x10, x15, x19       x10=00009fa6 x15:0000007a x19:0000014f
27352919ns          485090 1c009406 034a0633 mul              x12, x20, x20       x12=00045e11 x20:fffffde9 x20:fffffde9
27352938ns          485091 1c00940a 03398733 mul              x14, x19, x19       x14=0001b661 x19:0000014f x19:0000014f
27352998ns          485094 1c00940e 034787b3 mul              x15, x15, x20       x15=ffff010a x15:0000007a x20:fffffde9
27353038ns          485096 1c009412 033585b3 mul              x11, x11, x19       x11=0000a0f5 x11:0000007b x19:0000014f
27353058ns          485097 1c009416 40a75713 srai             x14, x14, 0x40a     x14=0000006d x14:0001b661
27353078ns          485098 1c009418 40a5d593 srai             x11, x11, 0x40a     x11=00000028 x11:0000a0f5
27353098ns          485099 1c00941a 40a65613 srai             x12, x12, 0x40a     x12=00000117 x12:00045e11
27353117ns          485100 1c00941c 40a7d793 srai             x15, x15, 0x40a     x15=ffffffc0 x15:ffff010a
27353137ns          485101 1c00941e 1c0034b7 lui              x9, 0x1c003000       x9=1c003000
27353157ns          485102 1c009422 00e60633 add              x12, x12, x14       x12=00000184 x12:00000117 x14:0000006d
27353177ns          485103 1c009424 40b787b3 sub              x15, x15, x11       x15=ffffff98 x15:ffffffc0 x11:00000028
27353197ns          485104 1c009426 eb048493 addi             x9, x9, -336         x9=1c002eb0  x9:1c003000
27353217ns          485105 1c00942a 1c0032b7 lui              x5, 0x1c003000       x5=1c003000
27353237ns          485106 1c00942e 1c0035b7 lui              x11, 0x1c003000     x11=1c003000
27353257ns          485107 1c009432 018483b3 add              x7, x9, x24          x7=1c002ebe  x9:1c002eb0 x24:0000000e
27353277ns          485108 1c009436 02812e83 lw               x29, 40(x2)         x29=1c002ece  x2:10003cd8  PA:10003d00
27353296ns          485109 1c009438 10065633 p.exthz          x12, x12, x0        x12=00000184 x12:00000184
27353316ns          485110 1c00943c e8028293 addi             x5, x5, -384         x5=1c002e80  x5:1c003000
27353336ns          485111 1c009440 ea058593 addi             x11, x11, -352      x11=1c002ea0 x11:1c003000
27353356ns          485112 1c009444 03812483 lw               x9, 56(x2)           x9=1c002eee  x2:10003cd8  PA:10003d10
27353376ns          485113 1c009446 10064733 p.exths          x14, x12, x0        x14=00000184 x12:00000184
27353396ns          485114 1c00944a 018280b3 add              x1, x5, x24          x1=1c002e8e  x5:1c002e80 x24:0000000e
27353416ns          485115 1c00944e 03012f03 lw               x30, 48(x2)         x30=1c002ede  x2:10003cd8  PA:10003d08
27353436ns          485116 1c009450 018582b3 add              x5, x11, x24         x5=1c002eae x11:1c002ea0 x24:0000000e
27353456ns          485117 1c009454 04012583 lw               x11, 64(x2)         x11=1c002efe  x2:10003cd8  PA:10003d18
27353475ns          485118 1c009456 000edd83 lhu              x27, 0(x29)         x27=00001f18 x29:1c002ece  PA:1c002ece
27353794ns          485134 1c00945a 0004d483 lhu              x9, 0(x9)            x9=000004af  x9:1c002eee  PA:1c002eee
27354092ns          485149 1c00945e 02e70333 mul              x6, x14, x14         x6=00024c10 x14:00000184 x14:00000184
27354112ns          485150 1c009462 40a55513 srai             x10, x10, 0x40a     x10=00000027 x10:00009fa6
27354132ns          485151 1c009464 04812e83 lw               x29, 72(x2)         x29=1c002f0e  x2:10003cd8  PA:10003d20
27354152ns          485152 1c009466 40a6d693 srai             x13, x13, 0x40a     x13=ffffffbf x13:fffefef3
27354171ns          485153 1c009468 000f5d03 lhu              x26, 0(x30)         x26=000009e0 x30:1c002ede  PA:1c002ede
27354470ns          485168 1c00946c 0005d583 lhu              x11, 0(x11)         x11=000002cb x11:1c002efe  PA:1c002efe
27354768ns          485183 1c009470 40a35313 srai             x6, x6, 0x40a        x6=00000093  x6:00024c10
27354788ns          485184 1c009474 00a686b3 add              x13, x13, x10       x13=ffffffe6 x13:ffffffbf x10:00000027
27354808ns          485185 1c009476 05012f03 lw               x30, 80(x2)         x30=1c002e7e  x2:10003cd8  PA:10003d28
27354828ns          485186 1c009478 10034e33 p.exths          x28, x6, x0         x28=00000093  x6:00000093
27354848ns          485187 1c00947c 06911023 sh               x9, 96(x2)           x9:000004af  x2:10003cd8  PA:10003d38
27354868ns          485188 1c009480 000ede83 lhu              x29, 0(x29)         x29=000001dd x29:1c002f0e  PA:1c002f0e
27355166ns          485203 1c009484 05812483 lw               x9, 88(x2)           x9=1c002e6e  x2:10003cd8  PA:10003d30
27355186ns          485204 1c009486 1006d6b3 p.exthz          x13, x13, x0        x13=0000ffe6 x13:ffffffe6
27355206ns          485205 1c00948a 02ee08b3 mul              x17, x28, x14       x17=0000decc x28:00000093 x14:00000184
27355226ns          485206 1c00948e 1006c833 p.exths          x16, x13, x0        x16=ffffffe6 x13:0000ffe6
27355245ns          485207 1c009492 06b11823 sh               x11, 112(x2)        x11:000002cb  x2:10003cd8  PA:10003d48
27355265ns          485208 1c009496 000f5f03 lhu              x30, 0(x30)         x30=0000fe88 x30:1c002e7e  PA:1c002e7e
27355603ns          485225 1c00949a 0a012583 lw               x11, 160(x2)        x11=1c002e9e  x2:10003cd8  PA:10003d78
27355623ns          485226 1c00949c 1007d7b3 p.exthz          x15, x15, x0        x15=0000ff98 x15:ffffff98
27355643ns          485227 1c0094a0 0004da03 lhu              x20, 0(x9)          x20=0000f8c0  x9:1c002e6e  PA:1c002e6e
27355961ns          485243 1c0094a4 1007c533 p.exths          x10, x15, x0        x10=ffffff98 x15:0000ff98
27355981ns          485244 1c0094a8 09d11023 sh               x29, 128(x2)        x29:000001dd  x2:10003cd8  PA:10003d58
27356001ns          485245 1c0094ac 0003d483 lhu              x9, 0(x7)            x9=0000ff9d  x7:1c002ebe  PA:1c002ebe
27356300ns          485260 1c0094b0 02e80eb3 mul              x29, x16, x14       x29=ffffd898 x16:ffffffe6 x14:00000184
27356319ns          485261 1c0094b4 40a8d893 srai             x17, x17, 0x40a     x17=00000037 x17:0000decc
27356339ns          485262 1c0094b8 03c80833 mul              x16, x16, x28       x16=fffff112 x16:ffffffe6 x28:00000093
27356359ns          485263 1c0094bc 09e11823 sh               x30, 144(x2)        x30:0000fe88  x2:10003cd8  PA:10003d68
27356379ns          485264 1c0094c0 0005d983 lhu              x19, 0(x11)         x19=0000ff59 x11:1c002e9e  PA:1c002e9e
27356677ns          485279 1c0094c4 81c88f5b p.muls           x30, x17, x28       x30=00001f95 x17:00000037 x28:00000093
27356697ns          485280 1c0094c8 0002d583 lhu              x11, 0(x5)          x11=0000fe94  x5:1c002eae  PA:1c002eae
27357015ns          485296 1c0094cc 03ce0fb3 mul              x31, x28, x28       x31=00005469 x28:00000093 x28:00000093
27357035ns          485297 1c0094d0 02e50733 mul              x14, x10, x14       x14=ffff6260 x10:ffffff98 x14:00000184
27357055ns          485298 1c0094d4 40a85813 srai             x16, x16, 0x40a     x16=fffffffc x16:fffff112
27357075ns          485299 1c0094d8 03c50533 mul              x10, x10, x28       x10=ffffc448 x10:ffffff98 x28:00000093
27357095ns          485300 1c0094dc 07015e03 lhu              x28, 112(x2)        x28=000002cb  x2:10003cd8  PA:10003d48
27357115ns          485301 1c0094e0 01b60633 add              x12, x12, x27       x12=0000209c x12:00000184 x27:00001f18
27357135ns          485302 1c0094e2 00980833 add              x16, x16, x9        x16=0000ff99 x16:fffffffc  x9:0000ff9d
27357155ns          485303 1c0094e4 06015d83 lhu              x27, 96(x2)         x27=000004af  x2:10003cd8  PA:10003d38
27357175ns          485304 1c0094e8 02812483 lw               x9, 40(x2)           x9=1c002ece  x2:10003cd8  PA:10003d00
27357194ns          485305 1c0094ea 40afdf93 srai             x31, x31, 0x40a     x31=00000015 x31:00005469
27357214ns          485306 1c0094ee 40a55513 srai             x10, x10, 0x40a     x10=fffffff1 x10:ffffc448
27357234ns          485307 1c0094f0 01cf8fb3 add              x31, x31, x28       x31=000002e0 x31:00000015 x28:000002cb
27357254ns          485308 1c0094f2 00b50533 add              x10, x10, x11       x10=0000fe85 x10:fffffff1 x11:0000fe94
27357274ns          485309 1c0094f4 09015e03 lhu              x28, 144(x2)        x28=0000fe88  x2:10003cd8  PA:10003d68
27357294ns          485310 1c0094f8 03012583 lw               x11, 48(x2)         x11=1c002ede  x2:10003cd8  PA:10003d08
27357314ns          485311 1c0094fa 00c49023 sh               x12, 0(x9)          x12:0000209c  x9:1c002ece  PA:1c002ece
27357632ns          485327 1c0094fe 01b888b3 add              x17, x17, x27       x17=000004e6 x17:00000037 x27:000004af
27357652ns          485328 1c009500 01a30333 add              x6, x6, x26          x6=00000a73  x6:00000093 x26:000009e0
27357672ns          485329 1c009502 08015d83 lhu              x27, 128(x2)        x27=000001dd  x2:10003cd8  PA:10003d58
27357692ns          485330 1c009506 0000d903 lhu              x18, 0(x1)          x18=0000fd47  x1:1c002e8e  PA:1c002e8e
27357990ns          485345 1c00950a 01c686b3 add              x13, x13, x28       x13=0001fe6e x13:0000ffe6 x28:0000fe88
27358010ns          485346 1c00950c 00659023 sh               x6, 0(x11)           x6:00000a73 x11:1c002ede  PA:1c002ede
27358328ns          485362 1c009510 40af5f13 srai             x30, x30, 0x40a     x30=00000007 x30:00001f95
27358348ns          485363 1c009514 04812e03 lw               x28, 72(x2)         x28=1c002f0e  x2:10003cd8  PA:10003d20
27358368ns          485364 1c009516 01bf0f33 add              x30, x30, x27       x30=000001e4 x30:00000007 x27:000001dd
27358388ns          485365 1c009518 40aede93 srai             x29, x29, 0x40a     x29=fffffff6 x29:ffffd898
27358408ns          485366 1c00951c 40a75713 srai             x14, x14, 0x40a     x14=ffffffd8 x14:ffff6260
27358428ns          485367 1c00951e 03812603 lw               x12, 56(x2)         x12=1c002eee  x2:10003cd8  PA:10003d10
27358447ns          485368 1c009520 04012d83 lw               x27, 64(x2)         x27=1c002efe  x2:10003cd8  PA:10003d18
27358467ns          485369 1c009522 01ee1023 sh               x30, 0(x28)         x30:000001e4 x28:1c002f0e  PA:1c002f0e
27358825ns          485387 1c009526 05812483 lw               x9, 88(x2)           x9=1c002e6e  x2:10003cd8  PA:10003d30
27358845ns          485388 1c009528 05012f03 lw               x30, 80(x2)         x30=1c002e7e  x2:10003cd8  PA:10003d28
27358865ns          485389 1c00952a 0a012583 lw               x11, 160(x2)        x11=1c002e9e  x2:10003cd8  PA:10003d78
27358885ns          485390 1c00952c 014787b3 add              x15, x15, x20       x15=0001f858 x15:0000ff98 x20:0000f8c0
27358905ns          485391 1c00952e 013e8eb3 add              x29, x29, x19       x29=0000ff4f x29:fffffff6 x19:0000ff59
27358925ns          485392 1c009530 01270733 add              x14, x14, x18       x14=0000fd1f x14:ffffffd8 x18:0000fd47
27358945ns          485393 1c009532 00f49023 sh               x15, 0(x9)          x15:0001f858  x9:1c002e6e  PA:1c002e6e
27359263ns          485409 1c009536 01161023 sh               x17, 0(x12)         x17:000004e6 x12:1c002eee  PA:1c002eee
27359581ns          485425 1c00953a 01fd9023 sh               x31, 0(x27)         x31:000002e0 x27:1c002efe  PA:1c002efe
27359919ns          485442 1c00953e 00df1023 sh               x13, 0(x30)         x13:0001fe6e x30:1c002e7e  PA:1c002e7e
27360237ns          485458 1c009542 01d59023 sh               x29, 0(x11)         x29:0000ff4f x11:1c002e9e  PA:1c002e9e
27360556ns          485474 1c009546 00e09023 sh               x14, 0(x1)          x14:0000fd1f  x1:1c002e8e  PA:1c002e8e
27360874ns          485490 1c00954a 01039023 sh               x16, 0(x7)          x16:0000ff99  x7:1c002ebe  PA:1c002ebe
27361212ns          485507 1c00954e 00a29023 sh               x10, 0(x5)          x10:0000fe85  x5:1c002eae  PA:1c002eae
27361550ns          485524 1c009552 008b0b13 addi             x22, x22, 8         x22=000001bf x22:000001b7
27361570ns          485525 1c009554 1f300793 addi             x15, x0, 499        x15=000001f3
27361590ns          485526 1c009558 e767dae3 bge              x15, x22, -396      x15:000001f3 x22:000001bf
27361689ns          485531 1c0093cc 010c9a0b p.lh             x20, 16(x25!)       x20=000000e5 x25=1c002a16 x25:1c002a06  PA:1c002a06
27362067ns          485550 1c0093d0 0104198b p.lh             x19, 16(x8!)        x19=fffffe22  x8=1c0021de  x8:1c0021ce  PA:1c0021ce
27362365ns          485565 1c0093d4 2cc10513 addi             x10, x2, 716        x10=10003fa4  x2:10003cd8
27362385ns          485566 1c0093d6 010a990b p.lh             x18, 16(x21!)       x18=00000098 x21=1c001a0a x21:1c0019fa  PA:1c0019fa
27362703ns          485582 1c0093da 010b948b p.lh             x9, 16(x23!)         x9=fffffe0b x23=1c00123a x23:1c00122a  PA:1c00122a
27363002ns          485597 1c0093de 2d411623 sh               x20, 716(x2)        x20:000000e5  x2:10003cd8  PA:10003fa4
27363042ns          485599 1c0093e2 2d311723 sh               x19, 718(x2)        x19:fffffe22  x2:10003cd8  PA:10003fa6
27363081ns          485601 1c0093e6 c33ff0ef jal              x1, -974             x1=1c0093e8
27363101ns          485602 1c009018 00051803 lh               x16, 0(x10)         x16=000000e5 x10:10003fa4  PA:10003fa4
27363121ns          485603 1c00901c 00251883 lh               x17, 2(x10)         x17=fffffe22 x10:10003fa4  PA:10003fa6
27363141ns          485604 1c009020 030806b3 mul              x13, x16, x16       x13=0000ccd9 x16:000000e5 x16:000000e5
27363161ns          485605 1c009024 03188633 mul              x12, x17, x17       x12=00037c84 x17:fffffe22 x17:fffffe22
27363181ns          485606 1c009028 40a65613 srai             x12, x12, 0x40a     x12=000000df x12:00037c84
27363201ns          485607 1c00902a 40a6d693 srai             x13, x13, 0x40a     x13=00000033 x13:0000ccd9
27363221ns          485608 1c00902c 00c686b3 add              x13, x13, x12       x13=00000112 x13:00000033 x12:000000df
27363240ns          485609 1c00902e 1006c633 p.exths          x12, x13, x0        x12=00000112 x13:00000112
27363260ns          485610 1c009032 00855703 lhu              x14, 8(x10)         x14=0000ffd1 x10:10003fa4  PA:10003fac
27363280ns          485611 1c009036 00a55683 lhu              x13, 10(x10)        x13=0000ff6a x10:10003fa4  PA:10003fae
27363300ns          485612 1c00903a 02c60333 mul              x6, x12, x12         x6=00012544 x12:00000112 x12:00000112
27363320ns          485613 1c00903e 00c55783 lhu              x15, 12(x10)        x15=0000ffe5 x10:10003fa4  PA:10003fb0
27363340ns          485614 1c009042 00e55583 lhu              x11, 14(x10)        x11=00000060 x10:10003fa4  PA:10003fb2
27363360ns          485615 1c009046 dea30333 p.extract        x6, x6, 15, 10       x6=00000049  x6:00012544
27363380ns          485616 1c00904a 80c7075b p.muls           x14, x14, x12       x14=ffffcdb2 x14:0000ffd1 x12:00000112
27363400ns          485617 1c00904e 80c686db p.muls           x13, x13, x12       x13=ffff5f74 x13:0000ff6a x12:00000112
27363419ns          485618 1c009052 00455e83 lhu              x29, 4(x10)         x29=00000427 x10:10003fa4  PA:10003fa8
27363439ns          485619 1c009056 00655e03 lhu              x28, 6(x10)         x28=0000007f x10:10003fa4  PA:10003faa
27363459ns          485620 1c00905a 40a75713 srai             x14, x14, 0x40a     x14=fffffff3 x14:ffffcdb2
27363479ns          485621 1c00905c 806787db p.muls           x15, x15, x6        x15=fffff84d x15:0000ffe5  x6:00000049
27363499ns          485622 1c009060 40a6d693 srai             x13, x13, 0x40a     x13=ffffffd7 x13:ffff5f74
27363539ns          485624 1c009062 8065865b p.muls           x12, x11, x6        x12=00001b60 x11:00000060  x6:00000049
27363559ns          485625 1c009066 40a7d793 srai             x15, x15, 0x40a     x15=fffffffe x15:fffff84d
27363579ns          485626 1c009068 40a65613 srai             x12, x12, 0x40a     x12=00000006 x12:00001b60
27363598ns          485627 1c00906a 01d70733 add              x14, x14, x29       x14=0000041a x14:fffffff3 x29:00000427
27363618ns          485628 1c00906c 01c686b3 add              x13, x13, x28       x13=00000056 x13:ffffffd7 x28:0000007f
27363638ns          485629 1c00906e 00c686b3 add              x13, x13, x12       x13=0000005c x13:00000056 x12:00000006
27363658ns          485630 1c009070 00f70733 add              x14, x14, x15       x14=00000418 x14:0000041a x15:fffffffe
27363678ns          485631 1c009072 100747b3 p.exths          x15, x14, x0        x15=00000418 x14:00000418
27363698ns          485632 1c009076 1006c733 p.exths          x14, x13, x0        x14=0000005c x13:0000005c
27363718ns          485633 1c00907a 03170633 mul              x12, x14, x17       x12=ffff5438 x14:0000005c x17:fffffe22
27363738ns          485634 1c00907e 030786b3 mul              x13, x15, x16       x13=0003a978 x15:00000418 x16:000000e5
27363758ns          485635 1c009082 03070733 mul              x14, x14, x16       x14=0000524c x14:0000005c x16:000000e5
27363777ns          485636 1c009086 031787b3 mul              x15, x15, x17       x15=fff85b30 x15:00000418 x17:fffffe22
27363797ns          485637 1c00908a 40a6d693 srai             x13, x13, 0x40a     x13=000000ea x13:0003a978
27363817ns          485638 1c00908c 40a65613 srai             x12, x12, 0x40a     x12=ffffffd5 x12:ffff5438
27363837ns          485639 1c00908e 40a7d793 srai             x15, x15, 0x40a     x15=fffffe16 x15:fff85b30
27363877ns          485641 1c009090 40a75713 srai             x14, x14, 0x40a     x14=00000014 x14:0000524c
27363897ns          485642 1c009092 40c686b3 sub              x13, x13, x12       x13=00000115 x13:000000ea x12:ffffffd5
27363917ns          485643 1c009094 00e787b3 add              x15, x15, x14       x15=fffffe2a x15:fffffe16 x14:00000014
27363936ns          485644 1c009096 00d51823 sh               x13, 16(x10)        x13:00000115 x10:10003fa4  PA:10003fb4
27363956ns          485645 1c00909a 00f51923 sh               x15, 18(x10)        x15:fffffe2a x10:10003fa4  PA:10003fb6
27363976ns          485646 1c00909e 00008067 jalr             x0, x1, 0            x1:1c0093e8
27364056ns          485650 1c0093e8 2dc15583 lhu              x11, 732(x2)        x11=00000115  x2:10003cd8  PA:10003fb4
27364096ns          485652 1c0093ec 2de15783 lhu              x15, 734(x2)        x15=0000fe2a  x2:10003cd8  PA:10003fb6
27364135ns          485654 1c0093f0 40b90933 sub              x18, x18, x11       x18=ffffff83 x18:00000098 x11:00000115
27364155ns          485655 1c0093f4 40f484b3 sub              x9, x9, x15          x9=fffeffe1  x9:fffffe0b x15:0000fe2a
27364175ns          485656 1c0093f6 100945b3 p.exths          x11, x18, x0        x11=ffffff83 x18:ffffff83
27364195ns          485657 1c0093fa 1004c7b3 p.exths          x15, x9, x0         x15=ffffffe1  x9:fffeffe1
27364215ns          485658 1c0093fe 034586b3 mul              x13, x11, x20       x13=ffff902f x11:ffffff83 x20:000000e5
27364235ns          485659 1c009402 03378533 mul              x10, x15, x19       x10=000039e2 x15:ffffffe1 x19:fffffe22
27364255ns          485660 1c009406 034a0633 mul              x12, x20, x20       x12=0000ccd9 x20:000000e5 x20:000000e5
27364275ns          485661 1c00940a 03398733 mul              x14, x19, x19       x14=00037c84 x19:fffffe22 x19:fffffe22
27364294ns          485662 1c00940e 034787b3 mul              x15, x15, x20       x15=ffffe445 x15:ffffffe1 x20:000000e5
27364314ns          485663 1c009412 033585b3 mul              x11, x11, x19       x11=0000e966 x11:ffffff83 x19:fffffe22
27364334ns          485664 1c009416 40a75713 srai             x14, x14, 0x40a     x14=000000df x14:00037c84
27364354ns          485665 1c009418 40a5d593 srai             x11, x11, 0x40a     x11=0000003a x11:0000e966
27364374ns          485666 1c00941a 40a65613 srai             x12, x12, 0x40a     x12=00000033 x12:0000ccd9
27364394ns          485667 1c00941c 40a7d793 srai             x15, x15, 0x40a     x15=fffffff9 x15:ffffe445
27364414ns          485668 1c00941e 1c0034b7 lui              x9, 0x1c003000       x9=1c003000
27364434ns          485669 1c009422 00e60633 add              x12, x12, x14       x12=00000112 x12:00000033 x14:000000df
27364454ns          485670 1c009424 40b787b3 sub              x15, x15, x11       x15=ffffffbf x15:fffffff9 x11:0000003a
27364473ns          485671 1c009426 eb048493 addi             x9, x9, -336         x9=1c002eb0  x9:1c003000
27364493ns          485672 1c00942a 1c0032b7 lui              x5, 0x1c003000       x5=1c003000
27364513ns          485673 1c00942e 1c0035b7 lui              x11, 0x1c003000     x11=1c003000
27364533ns          485674 1c009432 018483b3 add              x7, x9, x24          x7=1c002ebe  x9:1c002eb0 x24:0000000e
27364553ns          485675 1c009436 02812e83 lw               x29, 40(x2)         x29=1c002ece  x2:10003cd8  PA:10003d00
27364573ns          485676 1c009438 10065633 p.exthz          x12, x12, x0        x12=00000112 x12:00000112
27364593ns          485677 1c00943c e8028293 addi             x5, x5, -384         x5=1c002e80  x5:1c003000
27364633ns          485679 1c009440 ea058593 addi             x11, x11, -352      x11=1c002ea0 x11:1c003000
27364672ns          485681 1c009444 03812483 lw               x9, 56(x2)           x9=1c002eee  x2:10003cd8  PA:10003d10
27364692ns          485682 1c009446 10064733 p.exths          x14, x12, x0        x14=00000112 x12:00000112
27364712ns          485683 1c00944a 018280b3 add              x1, x5, x24          x1=1c002e8e  x5:1c002e80 x24:0000000e
27364732ns          485684 1c00944e 03012f03 lw               x30, 48(x2)         x30=1c002ede  x2:10003cd8  PA:10003d08
27364772ns          485686 1c009450 018582b3 add              x5, x11, x24         x5=1c002eae x11:1c002ea0 x24:0000000e
27364812ns          485688 1c009454 04012583 lw               x11, 64(x2)         x11=1c002efe  x2:10003cd8  PA:10003d18
27364831ns          485689 1c009456 000edd83 lhu              x27, 0(x29)         x27=0000209c x29:1c002ece  PA:1c002ece
27365150ns          485705 1c00945a 0004d483 lhu              x9, 0(x9)            x9=000004e6  x9:1c002eee  PA:1c002eee
27365448ns          485720 1c00945e 02e70333 mul              x6, x14, x14         x6=00012544 x14:00000112 x14:00000112
27365468ns          485721 1c009462 40a55513 srai             x10, x10, 0x40a     x10=0000000e x10:000039e2
27365488ns          485722 1c009464 04812e83 lw               x29, 72(x2)         x29=1c002f0e  x2:10003cd8  PA:10003d20
27365508ns          485723 1c009466 40a6d693 srai             x13, x13, 0x40a     x13=ffffffe4 x13:ffff902f
27365528ns          485724 1c009468 000f5d03 lhu              x26, 0(x30)         x26=00000a73 x30:1c002ede  PA:1c002ede
27365826ns          485739 1c00946c 0005d583 lhu              x11, 0(x11)         x11=000002e0 x11:1c002efe  PA:1c002efe
27366124ns          485754 1c009470 40a35313 srai             x6, x6, 0x40a        x6=00000049  x6:00012544
27366144ns          485755 1c009474 00a686b3 add              x13, x13, x10       x13=fffffff2 x13:ffffffe4 x10:0000000e
27366164ns          485756 1c009476 05012f03 lw               x30, 80(x2)         x30=1c002e7e  x2:10003cd8  PA:10003d28
27366184ns          485757 1c009478 10034e33 p.exths          x28, x6, x0         x28=00000049  x6:00000049
27366204ns          485758 1c00947c 06911023 sh               x9, 96(x2)           x9:000004e6  x2:10003cd8  PA:10003d38
27366224ns          485759 1c009480 000ede83 lhu              x29, 0(x29)         x29=000001e4 x29:1c002f0e  PA:1c002f0e
27366542ns          485775 1c009484 05812483 lw               x9, 88(x2)           x9=1c002e6e  x2:10003cd8  PA:10003d30
27366562ns          485776 1c009486 1006d6b3 p.exthz          x13, x13, x0        x13=0000fff2 x13:fffffff2
27366582ns          485777 1c00948a 02ee08b3 mul              x17, x28, x14       x17=00004e22 x28:00000049 x14:00000112
27366601ns          485778 1c00948e 1006c833 p.exths          x16, x13, x0        x16=fffffff2 x13:0000fff2
27366621ns          485779 1c009492 06b11823 sh               x11, 112(x2)        x11:000002e0  x2:10003cd8  PA:10003d48
27366641ns          485780 1c009496 000f5f03 lhu              x30, 0(x30)         x30=0000fe6e x30:1c002e7e  PA:1c002e7e
27366979ns          485797 1c00949a 0a012583 lw               x11, 160(x2)        x11=1c002e9e  x2:10003cd8  PA:10003d78
27366999ns          485798 1c00949c 1007d7b3 p.exthz          x15, x15, x0        x15=0000ffbf x15:ffffffbf
27367019ns          485799 1c0094a0 0004da03 lhu              x20, 0(x9)          x20=0000f858  x9:1c002e6e  PA:1c002e6e
27367317ns          485814 1c0094a4 1007c533 p.exths          x10, x15, x0        x10=ffffffbf x15:0000ffbf
27367337ns          485815 1c0094a8 09d11023 sh               x29, 128(x2)        x29:000001e4  x2:10003cd8  PA:10003d58
27367357ns          485816 1c0094ac 0003d483 lhu              x9, 0(x7)            x9=0000ff99  x7:1c002ebe  PA:1c002ebe
27367775ns          485837 1c0094b0 02e80eb3 mul              x29, x16, x14       x29=fffff104 x16:fffffff2 x14:00000112
27367795ns          485838 1c0094b4 40a8d893 srai             x17, x17, 0x40a     x17=00000013 x17:00004e22
27367815ns          485839 1c0094b8 03c80833 mul              x16, x16, x28       x16=fffffc02 x16:fffffff2 x28:00000049
27367835ns          485840 1c0094bc 09e11823 sh               x30, 144(x2)        x30:0000fe6e  x2:10003cd8  PA:10003d68
27367854ns          485841 1c0094c0 0005d983 lhu              x19, 0(x11)         x19=0000ff4f x11:1c002e9e  PA:1c002e9e
27368153ns          485856 1c0094c4 81c88f5b p.muls           x30, x17, x28       x30=0000056b x17:00000013 x28:00000049
27368173ns          485857 1c0094c8 0002d583 lhu              x11, 0(x5)          x11=0000fe85  x5:1c002eae  PA:1c002eae
27368471ns          485872 1c0094cc 03ce0fb3 mul              x31, x28, x28       x31=000014d1 x28:00000049 x28:00000049
27368491ns          485873 1c0094d0 02e50733 mul              x14, x10, x14       x14=ffffba6e x10:ffffffbf x14:00000112
27368511ns          485874 1c0094d4 40a85813 srai             x16, x16, 0x40a     x16=ffffffff x16:fffffc02
27368531ns          485875 1c0094d8 03c50533 mul              x10, x10, x28       x10=ffffed77 x10:ffffffbf x28:00000049
27368551ns          485876 1c0094dc 07015e03 lhu              x28, 112(x2)        x28=000002e0  x2:10003cd8  PA:10003d48
27368570ns          485877 1c0094e0 01b60633 add              x12, x12, x27       x12=000021ae x12:00000112 x27:0000209c
27368590ns          485878 1c0094e2 00980833 add              x16, x16, x9        x16=0000ff98 x16:ffffffff  x9:0000ff99
27368610ns          485879 1c0094e4 06015d83 lhu              x27, 96(x2)         x27=000004e6  x2:10003cd8  PA:10003d38
27368630ns          485880 1c0094e8 02812483 lw               x9, 40(x2)           x9=1c002ece  x2:10003cd8  PA:10003d00
27368650ns          485881 1c0094ea 40afdf93 srai             x31, x31, 0x40a     x31=00000005 x31:000014d1
27368670ns          485882 1c0094ee 40a55513 srai             x10, x10, 0x40a     x10=fffffffb x10:ffffed77
27368690ns          485883 1c0094f0 01cf8fb3 add              x31, x31, x28       x31=000002e5 x31:00000005 x28:000002e0
27368710ns          485884 1c0094f2 00b50533 add              x10, x10, x11       x10=0000fe80 x10:fffffffb x11:0000fe85
27368730ns          485885 1c0094f4 09015e03 lhu              x28, 144(x2)        x28=0000fe6e  x2:10003cd8  PA:10003d68
27368749ns          485886 1c0094f8 03012583 lw               x11, 48(x2)         x11=1c002ede  x2:10003cd8  PA:10003d08
27368769ns          485887 1c0094fa 00c49023 sh               x12, 0(x9)          x12:000021ae  x9:1c002ece  PA:1c002ece
27369107ns          485904 1c0094fe 01b888b3 add              x17, x17, x27       x17=000004f9 x17:00000013 x27:000004e6
27369127ns          485905 1c009500 01a30333 add              x6, x6, x26          x6=00000abc  x6:00000049 x26:00000a73
27369147ns          485906 1c009502 08015d83 lhu              x27, 128(x2)        x27=000001e4  x2:10003cd8  PA:10003d58
27369167ns          485907 1c009506 0000d903 lhu              x18, 0(x1)          x18=0000fd1f  x1:1c002e8e  PA:1c002e8e
27369485ns          485923 1c00950a 01c686b3 add              x13, x13, x28       x13=0001fe60 x13:0000fff2 x28:0000fe6e
27369505ns          485924 1c00950c 00659023 sh               x6, 0(x11)           x6:00000abc x11:1c002ede  PA:1c002ede
27369843ns          485941 1c009510 40af5f13 srai             x30, x30, 0x40a     x30=00000001 x30:0000056b
27369863ns          485942 1c009514 04812e03 lw               x28, 72(x2)         x28=1c002f0e  x2:10003cd8  PA:10003d20
27369883ns          485943 1c009516 01bf0f33 add              x30, x30, x27       x30=000001e5 x30:00000001 x27:000001e4
27369903ns          485944 1c009518 40aede93 srai             x29, x29, 0x40a     x29=fffffffc x29:fffff104
27369923ns          485945 1c00951c 40a75713 srai             x14, x14, 0x40a     x14=ffffffee x14:ffffba6e
27369943ns          485946 1c00951e 03812603 lw               x12, 56(x2)         x12=1c002eee  x2:10003cd8  PA:10003d10
27369963ns          485947 1c009520 04012d83 lw               x27, 64(x2)         x27=1c002efe  x2:10003cd8  PA:10003d18
27369982ns          485948 1c009522 01ee1023 sh               x30, 0(x28)         x30:000001e5 x28:1c002f0e  PA:1c002f0e
27370301ns          485964 1c009526 05812483 lw               x9, 88(x2)           x9=1c002e6e  x2:10003cd8  PA:10003d30
27370321ns          485965 1c009528 05012f03 lw               x30, 80(x2)         x30=1c002e7e  x2:10003cd8  PA:10003d28
27370340ns          485966 1c00952a 0a012583 lw               x11, 160(x2)        x11=1c002e9e  x2:10003cd8  PA:10003d78
27370360ns          485967 1c00952c 014787b3 add              x15, x15, x20       x15=0001f817 x15:0000ffbf x20:0000f858
27370380ns          485968 1c00952e 013e8eb3 add              x29, x29, x19       x29=0000ff4b x29:fffffffc x19:0000ff4f
27370400ns          485969 1c009530 01270733 add              x14, x14, x18       x14=0000fd0d x14:ffffffee x18:0000fd1f
27370420ns          485970 1c009532 00f49023 sh               x15, 0(x9)          x15:0001f817  x9:1c002e6e  PA:1c002e6e
27370738ns          485986 1c009536 01161023 sh               x17, 0(x12)         x17:000004f9 x12:1c002eee  PA:1c002eee
27371056ns          486002 1c00953a 01fd9023 sh               x31, 0(x27)         x31:000002e5 x27:1c002efe  PA:1c002efe
27371375ns          486018 1c00953e 00df1023 sh               x13, 0(x30)         x13:0001fe60 x30:1c002e7e  PA:1c002e7e
27371693ns          486034 1c009542 01d59023 sh               x29, 0(x11)         x29:0000ff4b x11:1c002e9e  PA:1c002e9e
27372031ns          486051 1c009546 00e09023 sh               x14, 0(x1)          x14:0000fd0d  x1:1c002e8e  PA:1c002e8e
27372369ns          486068 1c00954a 01039023 sh               x16, 0(x7)          x16:0000ff98  x7:1c002ebe  PA:1c002ebe
27372707ns          486085 1c00954e 00a29023 sh               x10, 0(x5)          x10:0000fe80  x5:1c002eae  PA:1c002eae
27373065ns          486103 1c009552 008b0b13 addi             x22, x22, 8         x22=000001c7 x22:000001bf
27373085ns          486104 1c009554 1f300793 addi             x15, x0, 499        x15=000001f3
27373105ns          486105 1c009558 e767dae3 bge              x15, x22, -396      x15:000001f3 x22:000001c7
27373204ns          486110 1c0093cc 010c9a0b p.lh             x20, 16(x25!)       x20=000000eb x25=1c002a26 x25:1c002a16  PA:1c002a16
27373542ns          486127 1c0093d0 0104198b p.lh             x19, 16(x8!)        x19=00000029  x8=1c0021ee  x8:1c0021de  PA:1c0021de
27373841ns          486142 1c0093d4 2cc10513 addi             x10, x2, 716        x10=10003fa4  x2:10003cd8
27373861ns          486143 1c0093d6 010a990b p.lh             x18, 16(x21!)       x18=000000ee x21=1c001a1a x21:1c001a0a  PA:1c001a0a
27374179ns          486159 1c0093da 010b948b p.lh             x9, 16(x23!)         x9=00000017 x23=1c00124a x23:1c00123a  PA:1c00123a
27374497ns          486175 1c0093de 2d411623 sh               x20, 716(x2)        x20:000000eb  x2:10003cd8  PA:10003fa4
27374517ns          486176 1c0093e2 2d311723 sh               x19, 718(x2)        x19:00000029  x2:10003cd8  PA:10003fa6
27374537ns          486177 1c0093e6 c33ff0ef jal              x1, -974             x1=1c0093e8
27374616ns          486181 1c009018 00051803 lh               x16, 0(x10)         x16=000000eb x10:10003fa4  PA:10003fa4
27374656ns          486183 1c00901c 00251883 lh               x17, 2(x10)         x17=00000029 x10:10003fa4  PA:10003fa6
27374716ns          486186 1c009020 030806b3 mul              x13, x16, x16       x13=0000d7b9 x16:000000eb x16:000000eb
27374756ns          486188 1c009024 03188633 mul              x12, x17, x17       x12=00000691 x17:00000029 x17:00000029
27374775ns          486189 1c009028 40a65613 srai             x12, x12, 0x40a     x12=00000001 x12:00000691
27374795ns          486190 1c00902a 40a6d693 srai             x13, x13, 0x40a     x13=00000035 x13:0000d7b9
27374815ns          486191 1c00902c 00c686b3 add              x13, x13, x12       x13=00000036 x13:00000035 x12:00000001
27374835ns          486192 1c00902e 1006c633 p.exths          x12, x13, x0        x12=00000036 x13:00000036
27374855ns          486193 1c009032 00855703 lhu              x14, 8(x10)         x14=0000ffd1 x10:10003fa4  PA:10003fac
27374875ns          486194 1c009036 00a55683 lhu              x13, 10(x10)        x13=0000ff6a x10:10003fa4  PA:10003fae
27374895ns          486195 1c00903a 02c60333 mul              x6, x12, x12         x6=00000b64 x12:00000036 x12:00000036
27374915ns          486196 1c00903e 00c55783 lhu              x15, 12(x10)        x15=0000ffe5 x10:10003fa4  PA:10003fb0
27374935ns          486197 1c009042 00e55583 lhu              x11, 14(x10)        x11=00000060 x10:10003fa4  PA:10003fb2
27374954ns          486198 1c009046 dea30333 p.extract        x6, x6, 15, 10       x6=00000002  x6:00000b64
27374974ns          486199 1c00904a 80c7075b p.muls           x14, x14, x12       x14=fffff616 x14:0000ffd1 x12:00000036
27374994ns          486200 1c00904e 80c686db p.muls           x13, x13, x12       x13=ffffe05c x13:0000ff6a x12:00000036
27375014ns          486201 1c009052 00455e83 lhu              x29, 4(x10)         x29=00000427 x10:10003fa4  PA:10003fa8
27375034ns          486202 1c009056 00655e03 lhu              x28, 6(x10)         x28=0000007f x10:10003fa4  PA:10003faa
27375054ns          486203 1c00905a 40a75713 srai             x14, x14, 0x40a     x14=fffffffd x14:fffff616
27375074ns          486204 1c00905c 806787db p.muls           x15, x15, x6        x15=ffffffca x15:0000ffe5  x6:00000002
27375094ns          486205 1c009060 40a6d693 srai             x13, x13, 0x40a     x13=fffffff8 x13:ffffe05c
27375133ns          486207 1c009062 8065865b p.muls           x12, x11, x6        x12=000000c0 x11:00000060  x6:00000002
27375153ns          486208 1c009066 40a7d793 srai             x15, x15, 0x40a     x15=ffffffff x15:ffffffca
27375173ns          486209 1c009068 40a65613 srai             x12, x12, 0x40a     x12=00000000 x12:000000c0
27375193ns          486210 1c00906a 01d70733 add              x14, x14, x29       x14=00000424 x14:fffffffd x29:00000427
27375213ns          486211 1c00906c 01c686b3 add              x13, x13, x28       x13=00000077 x13:fffffff8 x28:0000007f
27375233ns          486212 1c00906e 00c686b3 add              x13, x13, x12       x13=00000077 x13:00000077 x12:00000000
27375253ns          486213 1c009070 00f70733 add              x14, x14, x15       x14=00000423 x14:00000424 x15:ffffffff
27375273ns          486214 1c009072 100747b3 p.exths          x15, x14, x0        x15=00000423 x14:00000423
27375293ns          486215 1c009076 1006c733 p.exths          x14, x13, x0        x14=00000077 x13:00000077
27375312ns          486216 1c00907a 03170633 mul              x12, x14, x17       x12=0000130f x14:00000077 x17:00000029
27375332ns          486217 1c00907e 030786b3 mul              x13, x15, x16       x13=0003cc21 x15:00000423 x16:000000eb
27375352ns          486218 1c009082 03070733 mul              x14, x14, x16       x14=00006d3d x14:00000077 x16:000000eb
27375372ns          486219 1c009086 031787b3 mul              x15, x15, x17       x15=0000a99b x15:00000423 x17:00000029
27375392ns          486220 1c00908a 40a6d693 srai             x13, x13, 0x40a     x13=000000f3 x13:0003cc21
27375412ns          486221 1c00908c 40a65613 srai             x12, x12, 0x40a     x12=00000004 x12:0000130f
27375432ns          486222 1c00908e 40a7d793 srai             x15, x15, 0x40a     x15=0000002a x15:0000a99b
27375452ns          486223 1c009090 40a75713 srai             x14, x14, 0x40a     x14=0000001b x14:00006d3d
27375472ns          486224 1c009092 40c686b3 sub              x13, x13, x12       x13=000000ef x13:000000f3 x12:00000004
27375491ns          486225 1c009094 00e787b3 add              x15, x15, x14       x15=00000045 x15:0000002a x14:0000001b
27375511ns          486226 1c009096 00d51823 sh               x13, 16(x10)        x13:000000ef x10:10003fa4  PA:10003fb4
27375531ns          486227 1c00909a 00f51923 sh               x15, 18(x10)        x15:00000045 x10:10003fa4  PA:10003fb6
27375551ns          486228 1c00909e 00008067 jalr             x0, x1, 0            x1:1c0093e8
27375631ns          486232 1c0093e8 2dc15583 lhu              x11, 732(x2)        x11=000000ef  x2:10003cd8  PA:10003fb4
27375651ns          486233 1c0093ec 2de15783 lhu              x15, 734(x2)        x15=00000045  x2:10003cd8  PA:10003fb6
27375670ns          486234 1c0093f0 40b90933 sub              x18, x18, x11       x18=ffffffff x18:000000ee x11:000000ef
27375690ns          486235 1c0093f4 40f484b3 sub              x9, x9, x15          x9=ffffffd2  x9:00000017 x15:00000045
27375710ns          486236 1c0093f6 100945b3 p.exths          x11, x18, x0        x11=ffffffff x18:ffffffff
27375730ns          486237 1c0093fa 1004c7b3 p.exths          x15, x9, x0         x15=ffffffd2  x9:ffffffd2
27375750ns          486238 1c0093fe 034586b3 mul              x13, x11, x20       x13=ffffff15 x11:ffffffff x20:000000eb
27375770ns          486239 1c009402 03378533 mul              x10, x15, x19       x10=fffff8a2 x15:ffffffd2 x19:00000029
27375790ns          486240 1c009406 034a0633 mul              x12, x20, x20       x12=0000d7b9 x20:000000eb x20:000000eb
27375810ns          486241 1c00940a 03398733 mul              x14, x19, x19       x14=00000691 x19:00000029 x19:00000029
27375830ns          486242 1c00940e 034787b3 mul              x15, x15, x20       x15=ffffd5c6 x15:ffffffd2 x20:000000eb
27375849ns          486243 1c009412 033585b3 mul              x11, x11, x19       x11=ffffffd7 x11:ffffffff x19:00000029
27375869ns          486244 1c009416 40a75713 srai             x14, x14, 0x40a     x14=00000001 x14:00000691
27375889ns          486245 1c009418 40a5d593 srai             x11, x11, 0x40a     x11=ffffffff x11:ffffffd7
27375909ns          486246 1c00941a 40a65613 srai             x12, x12, 0x40a     x12=00000035 x12:0000d7b9
27375929ns          486247 1c00941c 40a7d793 srai             x15, x15, 0x40a     x15=fffffff5 x15:ffffd5c6
27375949ns          486248 1c00941e 1c0034b7 lui              x9, 0x1c003000       x9=1c003000
27375969ns          486249 1c009422 00e60633 add              x12, x12, x14       x12=00000036 x12:00000035 x14:00000001
27375989ns          486250 1c009424 40b787b3 sub              x15, x15, x11       x15=fffffff6 x15:fffffff5 x11:ffffffff
27376009ns          486251 1c009426 eb048493 addi             x9, x9, -336         x9=1c002eb0  x9:1c003000
27376028ns          486252 1c00942a 1c0032b7 lui              x5, 0x1c003000       x5=1c003000
27376048ns          486253 1c00942e 1c0035b7 lui              x11, 0x1c003000     x11=1c003000
27376068ns          486254 1c009432 018483b3 add              x7, x9, x24          x7=1c002ebe  x9:1c002eb0 x24:0000000e
27376088ns          486255 1c009436 02812e83 lw               x29, 40(x2)         x29=1c002ece  x2:10003cd8  PA:10003d00
27376108ns          486256 1c009438 10065633 p.exthz          x12, x12, x0        x12=00000036 x12:00000036
27376128ns          486257 1c00943c e8028293 addi             x5, x5, -384         x5=1c002e80  x5:1c003000
27376148ns          486258 1c009440 ea058593 addi             x11, x11, -352      x11=1c002ea0 x11:1c003000
27376188ns          486260 1c009444 03812483 lw               x9, 56(x2)           x9=1c002eee  x2:10003cd8  PA:10003d10
27376207ns          486261 1c009446 10064733 p.exths          x14, x12, x0        x14=00000036 x12:00000036
27376227ns          486262 1c00944a 018280b3 add              x1, x5, x24          x1=1c002e8e  x5:1c002e80 x24:0000000e
27376247ns          486263 1c00944e 03012f03 lw               x30, 48(x2)         x30=1c002ede  x2:10003cd8  PA:10003d08
27376287ns          486265 1c009450 018582b3 add              x5, x11, x24         x5=1c002eae x11:1c002ea0 x24:0000000e
27376327ns          486267 1c009454 04012583 lw               x11, 64(x2)         x11=1c002efe  x2:10003cd8  PA:10003d18
27376347ns          486268 1c009456 000edd83 lhu              x27, 0(x29)         x27=000021ae x29:1c002ece  PA:1c002ece
27376645ns          486283 1c00945a 0004d483 lhu              x9, 0(x9)            x9=000004f9  x9:1c002eee  PA:1c002eee
27377043ns          486303 1c00945e 02e70333 mul              x6, x14, x14         x6=00000b64 x14:00000036 x14:00000036
27377063ns          486304 1c009462 40a55513 srai             x10, x10, 0x40a     x10=fffffffe x10:fffff8a2
27377082ns          486305 1c009464 04812e83 lw               x29, 72(x2)         x29=1c002f0e  x2:10003cd8  PA:10003d20
27377102ns          486306 1c009466 40a6d693 srai             x13, x13, 0x40a     x13=ffffffff x13:ffffff15
27377122ns          486307 1c009468 000f5d03 lhu              x26, 0(x30)         x26=00000abc x30:1c002ede  PA:1c002ede
27377460ns          486324 1c00946c 0005d583 lhu              x11, 0(x11)         x11=000002e5 x11:1c002efe  PA:1c002efe
27377759ns          486339 1c009470 40a35313 srai             x6, x6, 0x40a        x6=00000002  x6:00000b64
27377779ns          486340 1c009474 00a686b3 add              x13, x13, x10       x13=fffffffd x13:ffffffff x10:fffffffe
27377798ns          486341 1c009476 05012f03 lw               x30, 80(x2)         x30=1c002e7e  x2:10003cd8  PA:10003d28
27377818ns          486342 1c009478 10034e33 p.exths          x28, x6, x0         x28=00000002  x6:00000002
27377838ns          486343 1c00947c 06911023 sh               x9, 96(x2)           x9:000004f9  x2:10003cd8  PA:10003d38
27377858ns          486344 1c009480 000ede83 lhu              x29, 0(x29)         x29=000001e5 x29:1c002f0e  PA:1c002f0e
27378156ns          486359 1c009484 05812483 lw               x9, 88(x2)           x9=1c002e6e  x2:10003cd8  PA:10003d30
27378176ns          486360 1c009486 1006d6b3 p.exthz          x13, x13, x0        x13=0000fffd x13:fffffffd
27378196ns          486361 1c00948a 02ee08b3 mul              x17, x28, x14       x17=0000006c x28:00000002 x14:00000036
27378216ns          486362 1c00948e 1006c833 p.exths          x16, x13, x0        x16=fffffffd x13:0000fffd
27378236ns          486363 1c009492 06b11823 sh               x11, 112(x2)        x11:000002e5  x2:10003cd8  PA:10003d48
27378256ns          486364 1c009496 000f5f03 lhu              x30, 0(x30)         x30=0000fe60 x30:1c002e7e  PA:1c002e7e
27378554ns          486379 1c00949a 0a012583 lw               x11, 160(x2)        x11=1c002e9e  x2:10003cd8  PA:10003d78
27378574ns          486380 1c00949c 1007d7b3 p.exthz          x15, x15, x0        x15=0000fff6 x15:fffffff6
27378594ns          486381 1c0094a0 0004da03 lhu              x20, 0(x9)          x20=0000f817  x9:1c002e6e  PA:1c002e6e
27378992ns          486401 1c0094a4 1007c533 p.exths          x10, x15, x0        x10=fffffff6 x15:0000fff6
27379012ns          486402 1c0094a8 09d11023 sh               x29, 128(x2)        x29:000001e5  x2:10003cd8  PA:10003d58
27379031ns          486403 1c0094ac 0003d483 lhu              x9, 0(x7)            x9=0000ff98  x7:1c002ebe  PA:1c002ebe
27379370ns          486420 1c0094b0 02e80eb3 mul              x29, x16, x14       x29=ffffff5e x16:fffffffd x14:00000036
27379389ns          486421 1c0094b4 40a8d893 srai             x17, x17, 0x40a     x17=00000000 x17:0000006c
27379409ns          486422 1c0094b8 03c80833 mul              x16, x16, x28       x16=fffffffa x16:fffffffd x28:00000002
27379429ns          486423 1c0094bc 09e11823 sh               x30, 144(x2)        x30:0000fe60  x2:10003cd8  PA:10003d68
27379449ns          486424 1c0094c0 0005d983 lhu              x19, 0(x11)         x19=0000ff4b x11:1c002e9e  PA:1c002e9e
27379767ns          486440 1c0094c4 81c88f5b p.muls           x30, x17, x28       x30=00000000 x17:00000000 x28:00000002
27379787ns          486441 1c0094c8 0002d583 lhu              x11, 0(x5)          x11=0000fe80  x5:1c002eae  PA:1c002eae
27380086ns          486456 1c0094cc 03ce0fb3 mul              x31, x28, x28       x31=00000004 x28:00000002 x28:00000002
27380105ns          486457 1c0094d0 02e50733 mul              x14, x10, x14       x14=fffffde4 x10:fffffff6 x14:00000036
27380125ns          486458 1c0094d4 40a85813 srai             x16, x16, 0x40a     x16=ffffffff x16:fffffffa
27380145ns          486459 1c0094d8 03c50533 mul              x10, x10, x28       x10=ffffffec x10:fffffff6 x28:00000002
27380165ns          486460 1c0094dc 07015e03 lhu              x28, 112(x2)        x28=000002e5  x2:10003cd8  PA:10003d48
27380205ns          486462 1c0094e0 01b60633 add              x12, x12, x27       x12=000021e4 x12:00000036 x27:000021ae
27380225ns          486463 1c0094e2 00980833 add              x16, x16, x9        x16=0000ff97 x16:ffffffff  x9:0000ff98
27380245ns          486464 1c0094e4 06015d83 lhu              x27, 96(x2)         x27=000004f9  x2:10003cd8  PA:10003d38
27380265ns          486465 1c0094e8 02812483 lw               x9, 40(x2)           x9=1c002ece  x2:10003cd8  PA:10003d00
27380284ns          486466 1c0094ea 40afdf93 srai             x31, x31, 0x40a     x31=00000000 x31:00000004
27380304ns          486467 1c0094ee 40a55513 srai             x10, x10, 0x40a     x10=ffffffff x10:ffffffec
27380324ns          486468 1c0094f0 01cf8fb3 add              x31, x31, x28       x31=000002e5 x31:00000000 x28:000002e5
27380344ns          486469 1c0094f2 00b50533 add              x10, x10, x11       x10=0000fe7f x10:ffffffff x11:0000fe80
27380364ns          486470 1c0094f4 09015e03 lhu              x28, 144(x2)        x28=0000fe60  x2:10003cd8  PA:10003d68
27380384ns          486471 1c0094f8 03012583 lw               x11, 48(x2)         x11=1c002ede  x2:10003cd8  PA:10003d08
27380404ns          486472 1c0094fa 00c49023 sh               x12, 0(x9)          x12:000021e4  x9:1c002ece  PA:1c002ece
27380722ns          486488 1c0094fe 01b888b3 add              x17, x17, x27       x17=000004f9 x17:00000000 x27:000004f9
27380742ns          486489 1c009500 01a30333 add              x6, x6, x26          x6=00000abe  x6:00000002 x26:00000abc
27380762ns          486490 1c009502 08015d83 lhu              x27, 128(x2)        x27=000001e5  x2:10003cd8  PA:10003d58
27380782ns          486491 1c009506 0000d903 lhu              x18, 0(x1)          x18=0000fd0d  x1:1c002e8e  PA:1c002e8e
27381100ns          486507 1c00950a 01c686b3 add              x13, x13, x28       x13=0001fe5d x13:0000fffd x28:0000fe60
27381120ns          486508 1c00950c 00659023 sh               x6, 0(x11)           x6:00000abe x11:1c002ede  PA:1c002ede
27381438ns          486524 1c009510 40af5f13 srai             x30, x30, 0x40a     x30=00000000 x30:00000000
27381458ns          486525 1c009514 04812e03 lw               x28, 72(x2)         x28=1c002f0e  x2:10003cd8  PA:10003d20
27381478ns          486526 1c009516 01bf0f33 add              x30, x30, x27       x30=000001e5 x30:00000000 x27:000001e5
27381498ns          486527 1c009518 40aede93 srai             x29, x29, 0x40a     x29=ffffffff x29:ffffff5e
27381517ns          486528 1c00951c 40a75713 srai             x14, x14, 0x40a     x14=ffffffff x14:fffffde4
27381537ns          486529 1c00951e 03812603 lw               x12, 56(x2)         x12=1c002eee  x2:10003cd8  PA:10003d10
27381557ns          486530 1c009520 04012d83 lw               x27, 64(x2)         x27=1c002efe  x2:10003cd8  PA:10003d18
27381577ns          486531 1c009522 01ee1023 sh               x30, 0(x28)         x30:000001e5 x28:1c002f0e  PA:1c002f0e
27381915ns          486548 1c009526 05812483 lw               x9, 88(x2)           x9=1c002e6e  x2:10003cd8  PA:10003d30
27381935ns          486549 1c009528 05012f03 lw               x30, 80(x2)         x30=1c002e7e  x2:10003cd8  PA:10003d28
27381955ns          486550 1c00952a 0a012583 lw               x11, 160(x2)        x11=1c002e9e  x2:10003cd8  PA:10003d78
27381975ns          486551 1c00952c 014787b3 add              x15, x15, x20       x15=0001f80d x15:0000fff6 x20:0000f817
27381995ns          486552 1c00952e 013e8eb3 add              x29, x29, x19       x29=0000ff4a x29:ffffffff x19:0000ff4b
27382015ns          486553 1c009530 01270733 add              x14, x14, x18       x14=0000fd0c x14:ffffffff x18:0000fd0d
27382035ns          486554 1c009532 00f49023 sh               x15, 0(x9)          x15:0001f80d  x9:1c002e6e  PA:1c002e6e
27382373ns          486571 1c009536 01161023 sh               x17, 0(x12)         x17:000004f9 x12:1c002eee  PA:1c002eee
27382691ns          486587 1c00953a 01fd9023 sh               x31, 0(x27)         x31:000002e5 x27:1c002efe  PA:1c002efe
27383009ns          486603 1c00953e 00df1023 sh               x13, 0(x30)         x13:0001fe5d x30:1c002e7e  PA:1c002e7e
27383327ns          486619 1c009542 01d59023 sh               x29, 0(x11)         x29:0000ff4a x11:1c002e9e  PA:1c002e9e
27383685ns          486637 1c009546 00e09023 sh               x14, 0(x1)          x14:0000fd0c  x1:1c002e8e  PA:1c002e8e
27384023ns          486654 1c00954a 01039023 sh               x16, 0(x7)          x16:0000ff97  x7:1c002ebe  PA:1c002ebe
27384342ns          486670 1c00954e 00a29023 sh               x10, 0(x5)          x10:0000fe7f  x5:1c002eae  PA:1c002eae
27384680ns          486687 1c009552 008b0b13 addi             x22, x22, 8         x22=000001cf x22:000001c7
27384700ns          486688 1c009554 1f300793 addi             x15, x0, 499        x15=000001f3
27384719ns          486689 1c009558 e767dae3 bge              x15, x22, -396      x15:000001f3 x22:000001cf
27384779ns          486692 1c0093cc 010c9a0b p.lh             x20, 16(x25!)       x20=00000080 x25=1c002a36 x25:1c002a26  PA:1c002a26
27385177ns          486712 1c0093d0 0104198b p.lh             x19, 16(x8!)        x19=ffffffc2  x8=1c0021fe  x8:1c0021ee  PA:1c0021ee
27385475ns          486727 1c0093d4 2cc10513 addi             x10, x2, 716        x10=10003fa4  x2:10003cd8
27385495ns          486728 1c0093d6 010a990b p.lh             x18, 16(x21!)       x18=00000084 x21=1c001a2a x21:1c001a1a  PA:1c001a1a
27385793ns          486743 1c0093da 010b948b p.lh             x9, 16(x23!)         x9=ffffffc5 x23=1c00125a x23:1c00124a  PA:1c00124a
27386092ns          486758 1c0093de 2d411623 sh               x20, 716(x2)        x20:00000080  x2:10003cd8  PA:10003fa4
27386112ns          486759 1c0093e2 2d311723 sh               x19, 718(x2)        x19:ffffffc2  x2:10003cd8  PA:10003fa6
27386132ns          486760 1c0093e6 c33ff0ef jal              x1, -974             x1=1c0093e8
27386211ns          486764 1c009018 00051803 lh               x16, 0(x10)         x16=00000080 x10:10003fa4  PA:10003fa4
27386251ns          486766 1c00901c 00251883 lh               x17, 2(x10)         x17=ffffffc2 x10:10003fa4  PA:10003fa6
27386271ns          486767 1c009020 030806b3 mul              x13, x16, x16       x13=00004000 x16:00000080 x16:00000080
27386291ns          486768 1c009024 03188633 mul              x12, x17, x17       x12=00000f04 x17:ffffffc2 x17:ffffffc2
27386310ns          486769 1c009028 40a65613 srai             x12, x12, 0x40a     x12=00000003 x12:00000f04
27386330ns          486770 1c00902a 40a6d693 srai             x13, x13, 0x40a     x13=00000010 x13:00004000
27386350ns          486771 1c00902c 00c686b3 add              x13, x13, x12       x13=00000013 x13:00000010 x12:00000003
27386370ns          486772 1c00902e 1006c633 p.exths          x12, x13, x0        x12=00000013 x13:00000013
27386390ns          486773 1c009032 00855703 lhu              x14, 8(x10)         x14=0000ffd1 x10:10003fa4  PA:10003fac
27386410ns          486774 1c009036 00a55683 lhu              x13, 10(x10)        x13=0000ff6a x10:10003fa4  PA:10003fae
27386430ns          486775 1c00903a 02c60333 mul              x6, x12, x12         x6=00000169 x12:00000013 x12:00000013
27386450ns          486776 1c00903e 00c55783 lhu              x15, 12(x10)        x15=0000ffe5 x10:10003fa4  PA:10003fb0
27386470ns          486777 1c009042 00e55583 lhu              x11, 14(x10)        x11=00000060 x10:10003fa4  PA:10003fb2
27386489ns          486778 1c009046 dea30333 p.extract        x6, x6, 15, 10       x6=00000000  x6:00000169
27386509ns          486779 1c00904a 80c7075b p.muls           x14, x14, x12       x14=fffffc83 x14:0000ffd1 x12:00000013
27386549ns          486781 1c00904e 80c686db p.muls           x13, x13, x12       x13=fffff4de x13:0000ff6a x12:00000013
27386589ns          486783 1c009052 00455e83 lhu              x29, 4(x10)         x29=00000427 x10:10003fa4  PA:10003fa8
27386609ns          486784 1c009056 00655e03 lhu              x28, 6(x10)         x28=0000007f x10:10003fa4  PA:10003faa
27386629ns          486785 1c00905a 40a75713 srai             x14, x14, 0x40a     x14=ffffffff x14:fffffc83
27386649ns          486786 1c00905c 806787db p.muls           x15, x15, x6        x15=00000000 x15:0000ffe5  x6:00000000
27386688ns          486788 1c009060 40a6d693 srai             x13, x13, 0x40a     x13=fffffffd x13:fffff4de
27386728ns          486790 1c009062 8065865b p.muls           x12, x11, x6        x12=00000000 x11:00000060  x6:00000000
27386748ns          486791 1c009066 40a7d793 srai             x15, x15, 0x40a     x15=00000000 x15:00000000
27386768ns          486792 1c009068 40a65613 srai             x12, x12, 0x40a     x12=00000000 x12:00000000
27386788ns          486793 1c00906a 01d70733 add              x14, x14, x29       x14=00000426 x14:ffffffff x29:00000427
27386808ns          486794 1c00906c 01c686b3 add              x13, x13, x28       x13=0000007c x13:fffffffd x28:0000007f
27386828ns          486795 1c00906e 00c686b3 add              x13, x13, x12       x13=0000007c x13:0000007c x12:00000000
27386847ns          486796 1c009070 00f70733 add              x14, x14, x15       x14=00000426 x14:00000426 x15:00000000
27386867ns          486797 1c009072 100747b3 p.exths          x15, x14, x0        x15=00000426 x14:00000426
27386887ns          486798 1c009076 1006c733 p.exths          x14, x13, x0        x14=0000007c x13:0000007c
27386907ns          486799 1c00907a 03170633 mul              x12, x14, x17       x12=ffffe1f8 x14:0000007c x17:ffffffc2
27386927ns          486800 1c00907e 030786b3 mul              x13, x15, x16       x13=00021300 x15:00000426 x16:00000080
27386947ns          486801 1c009082 03070733 mul              x14, x14, x16       x14=00003e00 x14:0000007c x16:00000080
27386967ns          486802 1c009086 031787b3 mul              x15, x15, x17       x15=fffefecc x15:00000426 x17:ffffffc2
27386987ns          486803 1c00908a 40a6d693 srai             x13, x13, 0x40a     x13=00000084 x13:00021300
27387007ns          486804 1c00908c 40a65613 srai             x12, x12, 0x40a     x12=fffffff8 x12:ffffe1f8
27387026ns          486805 1c00908e 40a7d793 srai             x15, x15, 0x40a     x15=ffffffbf x15:fffefecc
27387046ns          486806 1c009090 40a75713 srai             x14, x14, 0x40a     x14=0000000f x14:00003e00
27387066ns          486807 1c009092 40c686b3 sub              x13, x13, x12       x13=0000008c x13:00000084 x12:fffffff8
27387086ns          486808 1c009094 00e787b3 add              x15, x15, x14       x15=ffffffce x15:ffffffbf x14:0000000f
27387106ns          486809 1c009096 00d51823 sh               x13, 16(x10)        x13:0000008c x10:10003fa4  PA:10003fb4
27387126ns          486810 1c00909a 00f51923 sh               x15, 18(x10)        x15:ffffffce x10:10003fa4  PA:10003fb6
27387146ns          486811 1c00909e 00008067 jalr             x0, x1, 0            x1:1c0093e8
27387186ns          486813 1c0093e8 2dc15583 lhu              x11, 732(x2)        x11=0000008c  x2:10003cd8  PA:10003fb4
27387205ns          486814 1c0093ec 2de15783 lhu              x15, 734(x2)        x15=0000ffce  x2:10003cd8  PA:10003fb6
27387225ns          486815 1c0093f0 40b90933 sub              x18, x18, x11       x18=fffffff8 x18:00000084 x11:0000008c
27387245ns          486816 1c0093f4 40f484b3 sub              x9, x9, x15          x9=fffefff7  x9:ffffffc5 x15:0000ffce
27387265ns          486817 1c0093f6 100945b3 p.exths          x11, x18, x0        x11=fffffff8 x18:fffffff8
27387285ns          486818 1c0093fa 1004c7b3 p.exths          x15, x9, x0         x15=fffffff7  x9:fffefff7
27387305ns          486819 1c0093fe 034586b3 mul              x13, x11, x20       x13=fffffc00 x11:fffffff8 x20:00000080
27387325ns          486820 1c009402 03378533 mul              x10, x15, x19       x10=0000022e x15:fffffff7 x19:ffffffc2
27387345ns          486821 1c009406 034a0633 mul              x12, x20, x20       x12=00004000 x20:00000080 x20:00000080
27387365ns          486822 1c00940a 03398733 mul              x14, x19, x19       x14=00000f04 x19:ffffffc2 x19:ffffffc2
27387384ns          486823 1c00940e 034787b3 mul              x15, x15, x20       x15=fffffb80 x15:fffffff7 x20:00000080
27387404ns          486824 1c009412 033585b3 mul              x11, x11, x19       x11=000001f0 x11:fffffff8 x19:ffffffc2
27387424ns          486825 1c009416 40a75713 srai             x14, x14, 0x40a     x14=00000003 x14:00000f04
27387444ns          486826 1c009418 40a5d593 srai             x11, x11, 0x40a     x11=00000000 x11:000001f0
27387464ns          486827 1c00941a 40a65613 srai             x12, x12, 0x40a     x12=00000010 x12:00004000
27387484ns          486828 1c00941c 40a7d793 srai             x15, x15, 0x40a     x15=fffffffe x15:fffffb80
27387504ns          486829 1c00941e 1c0034b7 lui              x9, 0x1c003000       x9=1c003000
27387524ns          486830 1c009422 00e60633 add              x12, x12, x14       x12=00000013 x12:00000010 x14:00000003
27387544ns          486831 1c009424 40b787b3 sub              x15, x15, x11       x15=fffffffe x15:fffffffe x11:00000000
27387563ns          486832 1c009426 eb048493 addi             x9, x9, -336         x9=1c002eb0  x9:1c003000
27387583ns          486833 1c00942a 1c0032b7 lui              x5, 0x1c003000       x5=1c003000
27387603ns          486834 1c00942e 1c0035b7 lui              x11, 0x1c003000     x11=1c003000
27387623ns          486835 1c009432 018483b3 add              x7, x9, x24          x7=1c002ebe  x9:1c002eb0 x24:0000000e
27387643ns          486836 1c009436 02812e83 lw               x29, 40(x2)         x29=1c002ece  x2:10003cd8  PA:10003d00
27387663ns          486837 1c009438 10065633 p.exthz          x12, x12, x0        x12=00000013 x12:00000013
27387683ns          486838 1c00943c e8028293 addi             x5, x5, -384         x5=1c002e80  x5:1c003000
27387703ns          486839 1c009440 ea058593 addi             x11, x11, -352      x11=1c002ea0 x11:1c003000
27387723ns          486840 1c009444 03812483 lw               x9, 56(x2)           x9=1c002eee  x2:10003cd8  PA:10003d10
27387742ns          486841 1c009446 10064733 p.exths          x14, x12, x0        x14=00000013 x12:00000013
27387762ns          486842 1c00944a 018280b3 add              x1, x5, x24          x1=1c002e8e  x5:1c002e80 x24:0000000e
27387782ns          486843 1c00944e 03012f03 lw               x30, 48(x2)         x30=1c002ede  x2:10003cd8  PA:10003d08
27387802ns          486844 1c009450 018582b3 add              x5, x11, x24         x5=1c002eae x11:1c002ea0 x24:0000000e
27387822ns          486845 1c009454 04012583 lw               x11, 64(x2)         x11=1c002efe  x2:10003cd8  PA:10003d18
27387842ns          486846 1c009456 000edd83 lhu              x27, 0(x29)         x27=000021e4 x29:1c002ece  PA:1c002ece
27388140ns          486861 1c00945a 0004d483 lhu              x9, 0(x9)            x9=000004f9  x9:1c002eee  PA:1c002eee
27388458ns          486877 1c00945e 02e70333 mul              x6, x14, x14         x6=00000169 x14:00000013 x14:00000013
27388478ns          486878 1c009462 40a55513 srai             x10, x10, 0x40a     x10=00000000 x10:0000022e
27388498ns          486879 1c009464 04812e83 lw               x29, 72(x2)         x29=1c002f0e  x2:10003cd8  PA:10003d20
27388518ns          486880 1c009466 40a6d693 srai             x13, x13, 0x40a     x13=ffffffff x13:fffffc00
27388538ns          486881 1c009468 000f5d03 lhu              x26, 0(x30)         x26=00000abe x30:1c002ede  PA:1c002ede
27388876ns          486898 1c00946c 0005d583 lhu              x11, 0(x11)         x11=000002e5 x11:1c002efe  PA:1c002efe
27389174ns          486913 1c009470 40a35313 srai             x6, x6, 0x40a        x6=00000000  x6:00000169
27389194ns          486914 1c009474 00a686b3 add              x13, x13, x10       x13=ffffffff x13:ffffffff x10:00000000
27389214ns          486915 1c009476 05012f03 lw               x30, 80(x2)         x30=1c002e7e  x2:10003cd8  PA:10003d28
27389234ns          486916 1c009478 10034e33 p.exths          x28, x6, x0         x28=00000000  x6:00000000
27389254ns          486917 1c00947c 06911023 sh               x9, 96(x2)           x9:000004f9  x2:10003cd8  PA:10003d38
27389274ns          486918 1c009480 000ede83 lhu              x29, 0(x29)         x29=000001e5 x29:1c002f0e  PA:1c002f0e
27389632ns          486936 1c009484 05812483 lw               x9, 88(x2)           x9=1c002e6e  x2:10003cd8  PA:10003d30
27389652ns          486937 1c009486 1006d6b3 p.exthz          x13, x13, x0        x13=0000ffff x13:ffffffff
27389672ns          486938 1c00948a 02ee08b3 mul              x17, x28, x14       x17=00000000 x28:00000000 x14:00000013
27389691ns          486939 1c00948e 1006c833 p.exths          x16, x13, x0        x16=ffffffff x13:0000ffff
27389711ns          486940 1c009492 06b11823 sh               x11, 112(x2)        x11:000002e5  x2:10003cd8  PA:10003d48
27389731ns          486941 1c009496 000f5f03 lhu              x30, 0(x30)         x30=0000fe5d x30:1c002e7e  PA:1c002e7e
27390030ns          486956 1c00949a 0a012583 lw               x11, 160(x2)        x11=1c002e9e  x2:10003cd8  PA:10003d78
27390049ns          486957 1c00949c 1007d7b3 p.exthz          x15, x15, x0        x15=0000fffe x15:fffffffe
27390069ns          486958 1c0094a0 0004da03 lhu              x20, 0(x9)          x20=0000f80d  x9:1c002e6e  PA:1c002e6e
27390388ns          486974 1c0094a4 1007c533 p.exths          x10, x15, x0        x10=fffffffe x15:0000fffe
27390407ns          486975 1c0094a8 09d11023 sh               x29, 128(x2)        x29:000001e5  x2:10003cd8  PA:10003d58
27390427ns          486976 1c0094ac 0003d483 lhu              x9, 0(x7)            x9=0000ff97  x7:1c002ebe  PA:1c002ebe
27390746ns          486992 1c0094b0 02e80eb3 mul              x29, x16, x14       x29=ffffffed x16:ffffffff x14:00000013
27390765ns          486993 1c0094b4 40a8d893 srai             x17, x17, 0x40a     x17=00000000 x17:00000000
27390785ns          486994 1c0094b8 03c80833 mul              x16, x16, x28       x16=00000000 x16:ffffffff x28:00000000
27390805ns          486995 1c0094bc 09e11823 sh               x30, 144(x2)        x30:0000fe5d  x2:10003cd8  PA:10003d68
27390825ns          486996 1c0094c0 0005d983 lhu              x19, 0(x11)         x19=0000ff4a x11:1c002e9e  PA:1c002e9e
27391123ns          487011 1c0094c4 81c88f5b p.muls           x30, x17, x28       x30=00000000 x17:00000000 x28:00000000
27391143ns          487012 1c0094c8 0002d583 lhu              x11, 0(x5)          x11=0000fe7f  x5:1c002eae  PA:1c002eae
27391442ns          487027 1c0094cc 03ce0fb3 mul              x31, x28, x28       x31=00000000 x28:00000000 x28:00000000
27391461ns          487028 1c0094d0 02e50733 mul              x14, x10, x14       x14=ffffffda x10:fffffffe x14:00000013
27391481ns          487029 1c0094d4 40a85813 srai             x16, x16, 0x40a     x16=00000000 x16:00000000
27391501ns          487030 1c0094d8 03c50533 mul              x10, x10, x28       x10=00000000 x10:fffffffe x28:00000000
27391521ns          487031 1c0094dc 07015e03 lhu              x28, 112(x2)        x28=000002e5  x2:10003cd8  PA:10003d48
27391541ns          487032 1c0094e0 01b60633 add              x12, x12, x27       x12=000021f7 x12:00000013 x27:000021e4
27391561ns          487033 1c0094e2 00980833 add              x16, x16, x9        x16=0000ff97 x16:00000000  x9:0000ff97
27391581ns          487034 1c0094e4 06015d83 lhu              x27, 96(x2)         x27=000004f9  x2:10003cd8  PA:10003d38
27391601ns          487035 1c0094e8 02812483 lw               x9, 40(x2)           x9=1c002ece  x2:10003cd8  PA:10003d00
27391621ns          487036 1c0094ea 40afdf93 srai             x31, x31, 0x40a     x31=00000000 x31:00000000
27391640ns          487037 1c0094ee 40a55513 srai             x10, x10, 0x40a     x10=00000000 x10:00000000
27391660ns          487038 1c0094f0 01cf8fb3 add              x31, x31, x28       x31=000002e5 x31:00000000 x28:000002e5
27391680ns          487039 1c0094f2 00b50533 add              x10, x10, x11       x10=0000fe7f x10:00000000 x11:0000fe7f
27391700ns          487040 1c0094f4 09015e03 lhu              x28, 144(x2)        x28=0000fe5d  x2:10003cd8  PA:10003d68
27391720ns          487041 1c0094f8 03012583 lw               x11, 48(x2)         x11=1c002ede  x2:10003cd8  PA:10003d08
27391740ns          487042 1c0094fa 00c49023 sh               x12, 0(x9)          x12:000021f7  x9:1c002ece  PA:1c002ece
27392098ns          487060 1c0094fe 01b888b3 add              x17, x17, x27       x17=000004f9 x17:00000000 x27:000004f9
27392118ns          487061 1c009500 01a30333 add              x6, x6, x26          x6=00000abe  x6:00000000 x26:00000abe
27392138ns          487062 1c009502 08015d83 lhu              x27, 128(x2)        x27=000001e5  x2:10003cd8  PA:10003d58
27392158ns          487063 1c009506 0000d903 lhu              x18, 0(x1)          x18=0000fd0c  x1:1c002e8e  PA:1c002e8e
27392496ns          487080 1c00950a 01c686b3 add              x13, x13, x28       x13=0001fe5c x13:0000ffff x28:0000fe5d
27392516ns          487081 1c00950c 00659023 sh               x6, 0(x11)           x6:00000abe x11:1c002ede  PA:1c002ede
27392874ns          487099 1c009510 40af5f13 srai             x30, x30, 0x40a     x30=00000000 x30:00000000
27392893ns          487100 1c009514 04812e03 lw               x28, 72(x2)         x28=1c002f0e  x2:10003cd8  PA:10003d20
27392913ns          487101 1c009516 01bf0f33 add              x30, x30, x27       x30=000001e5 x30:00000000 x27:000001e5
27392933ns          487102 1c009518 40aede93 srai             x29, x29, 0x40a     x29=ffffffff x29:ffffffed
27392953ns          487103 1c00951c 40a75713 srai             x14, x14, 0x40a     x14=ffffffff x14:ffffffda
27392973ns          487104 1c00951e 03812603 lw               x12, 56(x2)         x12=1c002eee  x2:10003cd8  PA:10003d10
27392993ns          487105 1c009520 04012d83 lw               x27, 64(x2)         x27=1c002efe  x2:10003cd8  PA:10003d18
27393013ns          487106 1c009522 01ee1023 sh               x30, 0(x28)         x30:000001e5 x28:1c002f0e  PA:1c002f0e
27393331ns          487122 1c009526 05812483 lw               x9, 88(x2)           x9=1c002e6e  x2:10003cd8  PA:10003d30
27393351ns          487123 1c009528 05012f03 lw               x30, 80(x2)         x30=1c002e7e  x2:10003cd8  PA:10003d28
27393371ns          487124 1c00952a 0a012583 lw               x11, 160(x2)        x11=1c002e9e  x2:10003cd8  PA:10003d78
27393391ns          487125 1c00952c 014787b3 add              x15, x15, x20       x15=0001f80b x15:0000fffe x20:0000f80d
27393411ns          487126 1c00952e 013e8eb3 add              x29, x29, x19       x29=0000ff49 x29:ffffffff x19:0000ff4a
27393430ns          487127 1c009530 01270733 add              x14, x14, x18       x14=0000fd0b x14:ffffffff x18:0000fd0c
27393450ns          487128 1c009532 00f49023 sh               x15, 0(x9)          x15:0001f80b  x9:1c002e6e  PA:1c002e6e
27393788ns          487145 1c009536 01161023 sh               x17, 0(x12)         x17:000004f9 x12:1c002eee  PA:1c002eee
27394126ns          487162 1c00953a 01fd9023 sh               x31, 0(x27)         x31:000002e5 x27:1c002efe  PA:1c002efe
27394445ns          487178 1c00953e 00df1023 sh               x13, 0(x30)         x13:0001fe5c x30:1c002e7e  PA:1c002e7e
27394842ns          487198 1c009542 01d59023 sh               x29, 0(x11)         x29:0000ff49 x11:1c002e9e  PA:1c002e9e
27395161ns          487214 1c009546 00e09023 sh               x14, 0(x1)          x14:0000fd0b  x1:1c002e8e  PA:1c002e8e
27395479ns          487230 1c00954a 01039023 sh               x16, 0(x7)          x16:0000ff97  x7:1c002ebe  PA:1c002ebe
27395797ns          487246 1c00954e 00a29023 sh               x10, 0(x5)          x10:0000fe7f  x5:1c002eae  PA:1c002eae
27396115ns          487262 1c009552 008b0b13 addi             x22, x22, 8         x22=000001d7 x22:000001cf
27396135ns          487263 1c009554 1f300793 addi             x15, x0, 499        x15=000001f3
27396155ns          487264 1c009558 e767dae3 bge              x15, x22, -396      x15:000001f3 x22:000001d7
27396294ns          487271 1c0093cc 010c9a0b p.lh             x20, 16(x25!)       x20=ffffff4d x25=1c002a46 x25:1c002a36  PA:1c002a36
27396652ns          487289 1c0093d0 0104198b p.lh             x19, 16(x8!)        x19=00000010  x8=1c00220e  x8:1c0021fe  PA:1c0021fe
27396951ns          487304 1c0093d4 2cc10513 addi             x10, x2, 716        x10=10003fa4  x2:10003cd8
27396970ns          487305 1c0093d6 010a990b p.lh             x18, 16(x21!)       x18=ffffff42 x21=1c001a3a x21:1c001a2a  PA:1c001a2a
27397289ns          487321 1c0093da 010b948b p.lh             x9, 16(x23!)         x9=00000016 x23=1c00126a x23:1c00125a  PA:1c00125a
27397587ns          487336 1c0093de 2d411623 sh               x20, 716(x2)        x20:ffffff4d  x2:10003cd8  PA:10003fa4
27397607ns          487337 1c0093e2 2d311723 sh               x19, 718(x2)        x19:00000010  x2:10003cd8  PA:10003fa6
27397627ns          487338 1c0093e6 c33ff0ef jal              x1, -974             x1=1c0093e8
27397667ns          487340 1c009018 00051803 lh               x16, 0(x10)         x16=ffffff4d x10:10003fa4  PA:10003fa4
27397686ns          487341 1c00901c 00251883 lh               x17, 2(x10)         x17=00000010 x10:10003fa4  PA:10003fa6
27397706ns          487342 1c009020 030806b3 mul              x13, x16, x16       x13=00007d29 x16:ffffff4d x16:ffffff4d
27397726ns          487343 1c009024 03188633 mul              x12, x17, x17       x12=00000100 x17:00000010 x17:00000010
27397746ns          487344 1c009028 40a65613 srai             x12, x12, 0x40a     x12=00000000 x12:00000100
27397766ns          487345 1c00902a 40a6d693 srai             x13, x13, 0x40a     x13=0000001f x13:00007d29
27397786ns          487346 1c00902c 00c686b3 add              x13, x13, x12       x13=0000001f x13:0000001f x12:00000000
27397806ns          487347 1c00902e 1006c633 p.exths          x12, x13, x0        x12=0000001f x13:0000001f
27397826ns          487348 1c009032 00855703 lhu              x14, 8(x10)         x14=0000ffd1 x10:10003fa4  PA:10003fac
27397846ns          487349 1c009036 00a55683 lhu              x13, 10(x10)        x13=0000ff6a x10:10003fa4  PA:10003fae
27397865ns          487350 1c00903a 02c60333 mul              x6, x12, x12         x6=000003c1 x12:0000001f x12:0000001f
27397885ns          487351 1c00903e 00c55783 lhu              x15, 12(x10)        x15=0000ffe5 x10:10003fa4  PA:10003fb0
27397905ns          487352 1c009042 00e55583 lhu              x11, 14(x10)        x11=00000060 x10:10003fa4  PA:10003fb2
27397925ns          487353 1c009046 dea30333 p.extract        x6, x6, 15, 10       x6=00000000  x6:000003c1
27397945ns          487354 1c00904a 80c7075b p.muls           x14, x14, x12       x14=fffffa4f x14:0000ffd1 x12:0000001f
27397985ns          487356 1c00904e 80c686db p.muls           x13, x13, x12       x13=ffffedd6 x13:0000ff6a x12:0000001f
27398025ns          487358 1c009052 00455e83 lhu              x29, 4(x10)         x29=00000427 x10:10003fa4  PA:10003fa8
27398044ns          487359 1c009056 00655e03 lhu              x28, 6(x10)         x28=0000007f x10:10003fa4  PA:10003faa
27398064ns          487360 1c00905a 40a75713 srai             x14, x14, 0x40a     x14=fffffffe x14:fffffa4f
27398084ns          487361 1c00905c 806787db p.muls           x15, x15, x6        x15=00000000 x15:0000ffe5  x6:00000000
27398104ns          487362 1c009060 40a6d693 srai             x13, x13, 0x40a     x13=fffffffb x13:ffffedd6
27398124ns          487363 1c009062 8065865b p.muls           x12, x11, x6        x12=00000000 x11:00000060  x6:00000000
27398144ns          487364 1c009066 40a7d793 srai             x15, x15, 0x40a     x15=00000000 x15:00000000
27398164ns          487365 1c009068 40a65613 srai             x12, x12, 0x40a     x12=00000000 x12:00000000
27398184ns          487366 1c00906a 01d70733 add              x14, x14, x29       x14=00000425 x14:fffffffe x29:00000427
27398204ns          487367 1c00906c 01c686b3 add              x13, x13, x28       x13=0000007a x13:fffffffb x28:0000007f
27398223ns          487368 1c00906e 00c686b3 add              x13, x13, x12       x13=0000007a x13:0000007a x12:00000000
27398243ns          487369 1c009070 00f70733 add              x14, x14, x15       x14=00000425 x14:00000425 x15:00000000
27398263ns          487370 1c009072 100747b3 p.exths          x15, x14, x0        x15=00000425 x14:00000425
27398283ns          487371 1c009076 1006c733 p.exths          x14, x13, x0        x14=0000007a x13:0000007a
27398303ns          487372 1c00907a 03170633 mul              x12, x14, x17       x12=000007a0 x14:0000007a x17:00000010
27398323ns          487373 1c00907e 030786b3 mul              x13, x15, x16       x13=fffd1a21 x15:00000425 x16:ffffff4d
27398343ns          487374 1c009082 03070733 mul              x14, x14, x16       x14=ffffaab2 x14:0000007a x16:ffffff4d
27398363ns          487375 1c009086 031787b3 mul              x15, x15, x17       x15=00004250 x15:00000425 x17:00000010
27398383ns          487376 1c00908a 40a6d693 srai             x13, x13, 0x40a     x13=ffffff46 x13:fffd1a21
27398402ns          487377 1c00908c 40a65613 srai             x12, x12, 0x40a     x12=00000001 x12:000007a0
27398422ns          487378 1c00908e 40a7d793 srai             x15, x15, 0x40a     x15=00000010 x15:00004250
27398442ns          487379 1c009090 40a75713 srai             x14, x14, 0x40a     x14=ffffffea x14:ffffaab2
27398462ns          487380 1c009092 40c686b3 sub              x13, x13, x12       x13=ffffff45 x13:ffffff46 x12:00000001
27398482ns          487381 1c009094 00e787b3 add              x15, x15, x14       x15=fffffffa x15:00000010 x14:ffffffea
27398502ns          487382 1c009096 00d51823 sh               x13, 16(x10)        x13:ffffff45 x10:10003fa4  PA:10003fb4
27398522ns          487383 1c00909a 00f51923 sh               x15, 18(x10)        x15:fffffffa x10:10003fa4  PA:10003fb6
27398542ns          487384 1c00909e 00008067 jalr             x0, x1, 0            x1:1c0093e8
27398581ns          487386 1c0093e8 2dc15583 lhu              x11, 732(x2)        x11=0000ff45  x2:10003cd8  PA:10003fb4
27398601ns          487387 1c0093ec 2de15783 lhu              x15, 734(x2)        x15=0000fffa  x2:10003cd8  PA:10003fb6
27398621ns          487388 1c0093f0 40b90933 sub              x18, x18, x11       x18=fffefffd x18:ffffff42 x11:0000ff45
27398641ns          487389 1c0093f4 40f484b3 sub              x9, x9, x15          x9=ffff001c  x9:00000016 x15:0000fffa
27398661ns          487390 1c0093f6 100945b3 p.exths          x11, x18, x0        x11=fffffffd x18:fffefffd
27398681ns          487391 1c0093fa 1004c7b3 p.exths          x15, x9, x0         x15=0000001c  x9:ffff001c
27398701ns          487392 1c0093fe 034586b3 mul              x13, x11, x20       x13=00000219 x11:fffffffd x20:ffffff4d
27398721ns          487393 1c009402 03378533 mul              x10, x15, x19       x10=000001c0 x15:0000001c x19:00000010
27398740ns          487394 1c009406 034a0633 mul              x12, x20, x20       x12=00007d29 x20:ffffff4d x20:ffffff4d
27398760ns          487395 1c00940a 03398733 mul              x14, x19, x19       x14=00000100 x19:00000010 x19:00000010
27398780ns          487396 1c00940e 034787b3 mul              x15, x15, x20       x15=ffffec6c x15:0000001c x20:ffffff4d
27398800ns          487397 1c009412 033585b3 mul              x11, x11, x19       x11=ffffffd0 x11:fffffffd x19:00000010
27398820ns          487398 1c009416 40a75713 srai             x14, x14, 0x40a     x14=00000000 x14:00000100
27398840ns          487399 1c009418 40a5d593 srai             x11, x11, 0x40a     x11=ffffffff x11:ffffffd0
27398860ns          487400 1c00941a 40a65613 srai             x12, x12, 0x40a     x12=0000001f x12:00007d29
27398880ns          487401 1c00941c 40a7d793 srai             x15, x15, 0x40a     x15=fffffffb x15:ffffec6c
27398900ns          487402 1c00941e 1c0034b7 lui              x9, 0x1c003000       x9=1c003000
27398919ns          487403 1c009422 00e60633 add              x12, x12, x14       x12=0000001f x12:0000001f x14:00000000
27398939ns          487404 1c009424 40b787b3 sub              x15, x15, x11       x15=fffffffc x15:fffffffb x11:ffffffff
27398959ns          487405 1c009426 eb048493 addi             x9, x9, -336         x9=1c002eb0  x9:1c003000
27398979ns          487406 1c00942a 1c0032b7 lui              x5, 0x1c003000       x5=1c003000
27398999ns          487407 1c00942e 1c0035b7 lui              x11, 0x1c003000     x11=1c003000
27399019ns          487408 1c009432 018483b3 add              x7, x9, x24          x7=1c002ebe  x9:1c002eb0 x24:0000000e
27399039ns          487409 1c009436 02812e83 lw               x29, 40(x2)         x29=1c002ece  x2:10003cd8  PA:10003d00
27399059ns          487410 1c009438 10065633 p.exthz          x12, x12, x0        x12=0000001f x12:0000001f
27399079ns          487411 1c00943c e8028293 addi             x5, x5, -384         x5=1c002e80  x5:1c003000
27399098ns          487412 1c009440 ea058593 addi             x11, x11, -352      x11=1c002ea0 x11:1c003000
27399118ns          487413 1c009444 03812483 lw               x9, 56(x2)           x9=1c002eee  x2:10003cd8  PA:10003d10
27399138ns          487414 1c009446 10064733 p.exths          x14, x12, x0        x14=0000001f x12:0000001f
27399158ns          487415 1c00944a 018280b3 add              x1, x5, x24          x1=1c002e8e  x5:1c002e80 x24:0000000e
27399178ns          487416 1c00944e 03012f03 lw               x30, 48(x2)         x30=1c002ede  x2:10003cd8  PA:10003d08
27399198ns          487417 1c009450 018582b3 add              x5, x11, x24         x5=1c002eae x11:1c002ea0 x24:0000000e
27399218ns          487418 1c009454 04012583 lw               x11, 64(x2)         x11=1c002efe  x2:10003cd8  PA:10003d18
27399238ns          487419 1c009456 000edd83 lhu              x27, 0(x29)         x27=000021f7 x29:1c002ece  PA:1c002ece
27399576ns          487436 1c00945a 0004d483 lhu              x9, 0(x9)            x9=000004f9  x9:1c002eee  PA:1c002eee
27399874ns          487451 1c00945e 02e70333 mul              x6, x14, x14         x6=000003c1 x14:0000001f x14:0000001f
27399894ns          487452 1c009462 40a55513 srai             x10, x10, 0x40a     x10=00000000 x10:000001c0
27399914ns          487453 1c009464 04812e83 lw               x29, 72(x2)         x29=1c002f0e  x2:10003cd8  PA:10003d20
27399934ns          487454 1c009466 40a6d693 srai             x13, x13, 0x40a     x13=00000000 x13:00000219
27399954ns          487455 1c009468 000f5d03 lhu              x26, 0(x30)         x26=00000abe x30:1c002ede  PA:1c002ede
27400252ns          487470 1c00946c 0005d583 lhu              x11, 0(x11)         x11=000002e5 x11:1c002efe  PA:1c002efe
27400550ns          487485 1c009470 40a35313 srai             x6, x6, 0x40a        x6=00000000  x6:000003c1
27400570ns          487486 1c009474 00a686b3 add              x13, x13, x10       x13=00000000 x13:00000000 x10:00000000
27400590ns          487487 1c009476 05012f03 lw               x30, 80(x2)         x30=1c002e7e  x2:10003cd8  PA:10003d28
27400610ns          487488 1c009478 10034e33 p.exths          x28, x6, x0         x28=00000000  x6:00000000
27400630ns          487489 1c00947c 06911023 sh               x9, 96(x2)           x9:000004f9  x2:10003cd8  PA:10003d38
27400650ns          487490 1c009480 000ede83 lhu              x29, 0(x29)         x29=000001e5 x29:1c002f0e  PA:1c002f0e
27400948ns          487505 1c009484 05812483 lw               x9, 88(x2)           x9=1c002e6e  x2:10003cd8  PA:10003d30
27400968ns          487506 1c009486 1006d6b3 p.exthz          x13, x13, x0        x13=00000000 x13:00000000
27400988ns          487507 1c00948a 02ee08b3 mul              x17, x28, x14       x17=00000000 x28:00000000 x14:0000001f
27401008ns          487508 1c00948e 1006c833 p.exths          x16, x13, x0        x16=00000000 x13:00000000
27401028ns          487509 1c009492 06b11823 sh               x11, 112(x2)        x11:000002e5  x2:10003cd8  PA:10003d48
27401067ns          487511 1c009496 000f5f03 lhu              x30, 0(x30)         x30=0000fe5c x30:1c002e7e  PA:1c002e7e
27401386ns          487527 1c00949a 0a012583 lw               x11, 160(x2)        x11=1c002e9e  x2:10003cd8  PA:10003d78
27401405ns          487528 1c00949c 1007d7b3 p.exthz          x15, x15, x0        x15=0000fffc x15:fffffffc
27401425ns          487529 1c0094a0 0004da03 lhu              x20, 0(x9)          x20=0000f80b  x9:1c002e6e  PA:1c002e6e
27401763ns          487546 1c0094a4 1007c533 p.exths          x10, x15, x0        x10=fffffffc x15:0000fffc
27401783ns          487547 1c0094a8 09d11023 sh               x29, 128(x2)        x29:000001e5  x2:10003cd8  PA:10003d58
27401803ns          487548 1c0094ac 0003d483 lhu              x9, 0(x7)            x9=0000ff97  x7:1c002ebe  PA:1c002ebe
27402121ns          487564 1c0094b0 02e80eb3 mul              x29, x16, x14       x29=00000000 x16:00000000 x14:0000001f
27402141ns          487565 1c0094b4 40a8d893 srai             x17, x17, 0x40a     x17=00000000 x17:00000000
27402161ns          487566 1c0094b8 03c80833 mul              x16, x16, x28       x16=00000000 x16:00000000 x28:00000000
27402181ns          487567 1c0094bc 09e11823 sh               x30, 144(x2)        x30:0000fe5c  x2:10003cd8  PA:10003d68
27402201ns          487568 1c0094c0 0005d983 lhu              x19, 0(x11)         x19=0000ff49 x11:1c002e9e  PA:1c002e9e
27402499ns          487583 1c0094c4 81c88f5b p.muls           x30, x17, x28       x30=00000000 x17:00000000 x28:00000000
27402519ns          487584 1c0094c8 0002d583 lhu              x11, 0(x5)          x11=0000fe7f  x5:1c002eae  PA:1c002eae
27402818ns          487599 1c0094cc 03ce0fb3 mul              x31, x28, x28       x31=00000000 x28:00000000 x28:00000000
27402837ns          487600 1c0094d0 02e50733 mul              x14, x10, x14       x14=ffffff84 x10:fffffffc x14:0000001f
27402857ns          487601 1c0094d4 40a85813 srai             x16, x16, 0x40a     x16=00000000 x16:00000000
27402877ns          487602 1c0094d8 03c50533 mul              x10, x10, x28       x10=00000000 x10:fffffffc x28:00000000
27402897ns          487603 1c0094dc 07015e03 lhu              x28, 112(x2)        x28=000002e5  x2:10003cd8  PA:10003d48
27402937ns          487605 1c0094e0 01b60633 add              x12, x12, x27       x12=00002216 x12:0000001f x27:000021f7
27402957ns          487606 1c0094e2 00980833 add              x16, x16, x9        x16=0000ff97 x16:00000000  x9:0000ff97
27402977ns          487607 1c0094e4 06015d83 lhu              x27, 96(x2)         x27=000004f9  x2:10003cd8  PA:10003d38
27402997ns          487608 1c0094e8 02812483 lw               x9, 40(x2)           x9=1c002ece  x2:10003cd8  PA:10003d00
27403016ns          487609 1c0094ea 40afdf93 srai             x31, x31, 0x40a     x31=00000000 x31:00000000
27403036ns          487610 1c0094ee 40a55513 srai             x10, x10, 0x40a     x10=00000000 x10:00000000
27403056ns          487611 1c0094f0 01cf8fb3 add              x31, x31, x28       x31=000002e5 x31:00000000 x28:000002e5
27403076ns          487612 1c0094f2 00b50533 add              x10, x10, x11       x10=0000fe7f x10:00000000 x11:0000fe7f
27403096ns          487613 1c0094f4 09015e03 lhu              x28, 144(x2)        x28=0000fe5c  x2:10003cd8  PA:10003d68
27403116ns          487614 1c0094f8 03012583 lw               x11, 48(x2)         x11=1c002ede  x2:10003cd8  PA:10003d08
27403136ns          487615 1c0094fa 00c49023 sh               x12, 0(x9)          x12:00002216  x9:1c002ece  PA:1c002ece
27403474ns          487632 1c0094fe 01b888b3 add              x17, x17, x27       x17=000004f9 x17:00000000 x27:000004f9
27403494ns          487633 1c009500 01a30333 add              x6, x6, x26          x6=00000abe  x6:00000000 x26:00000abe
27403514ns          487634 1c009502 08015d83 lhu              x27, 128(x2)        x27=000001e5  x2:10003cd8  PA:10003d58
27403534ns          487635 1c009506 0000d903 lhu              x18, 0(x1)          x18=0000fd0b  x1:1c002e8e  PA:1c002e8e
27403832ns          487650 1c00950a 01c686b3 add              x13, x13, x28       x13=0000fe5c x13:00000000 x28:0000fe5c
27403852ns          487651 1c00950c 00659023 sh               x6, 0(x11)           x6:00000abe x11:1c002ede  PA:1c002ede
27404190ns          487668 1c009510 40af5f13 srai             x30, x30, 0x40a     x30=00000000 x30:00000000
27404210ns          487669 1c009514 04812e03 lw               x28, 72(x2)         x28=1c002f0e  x2:10003cd8  PA:10003d20
27404230ns          487670 1c009516 01bf0f33 add              x30, x30, x27       x30=000001e5 x30:00000000 x27:000001e5
27404249ns          487671 1c009518 40aede93 srai             x29, x29, 0x40a     x29=00000000 x29:00000000
27404269ns          487672 1c00951c 40a75713 srai             x14, x14, 0x40a     x14=ffffffff x14:ffffff84
27404289ns          487673 1c00951e 03812603 lw               x12, 56(x2)         x12=1c002eee  x2:10003cd8  PA:10003d10
27404309ns          487674 1c009520 04012d83 lw               x27, 64(x2)         x27=1c002efe  x2:10003cd8  PA:10003d18
27404329ns          487675 1c009522 01ee1023 sh               x30, 0(x28)         x30:000001e5 x28:1c002f0e  PA:1c002f0e
27404647ns          487691 1c009526 05812483 lw               x9, 88(x2)           x9=1c002e6e  x2:10003cd8  PA:10003d30
27404667ns          487692 1c009528 05012f03 lw               x30, 80(x2)         x30=1c002e7e  x2:10003cd8  PA:10003d28
27404687ns          487693 1c00952a 0a012583 lw               x11, 160(x2)        x11=1c002e9e  x2:10003cd8  PA:10003d78
27404707ns          487694 1c00952c 014787b3 add              x15, x15, x20       x15=0001f807 x15:0000fffc x20:0000f80b
27404727ns          487695 1c00952e 013e8eb3 add              x29, x29, x19       x29=0000ff49 x29:00000000 x19:0000ff49
27404747ns          487696 1c009530 01270733 add              x14, x14, x18       x14=0000fd0a x14:ffffffff x18:0000fd0b
27404767ns          487697 1c009532 00f49023 sh               x15, 0(x9)          x15:0001f807  x9:1c002e6e  PA:1c002e6e
27405105ns          487714 1c009536 01161023 sh               x17, 0(x12)         x17:000004f9 x12:1c002eee  PA:1c002eee
27405423ns          487730 1c00953a 01fd9023 sh               x31, 0(x27)         x31:000002e5 x27:1c002efe  PA:1c002efe
27405741ns          487746 1c00953e 00df1023 sh               x13, 0(x30)         x13:0000fe5c x30:1c002e7e  PA:1c002e7e
27406079ns          487763 1c009542 01d59023 sh               x29, 0(x11)         x29:0000ff49 x11:1c002e9e  PA:1c002e9e
27406397ns          487779 1c009546 00e09023 sh               x14, 0(x1)          x14:0000fd0a  x1:1c002e8e  PA:1c002e8e
27406716ns          487795 1c00954a 01039023 sh               x16, 0(x7)          x16:0000ff97  x7:1c002ebe  PA:1c002ebe
27407034ns          487811 1c00954e 00a29023 sh               x10, 0(x5)          x10:0000fe7f  x5:1c002eae  PA:1c002eae
27407352ns          487827 1c009552 008b0b13 addi             x22, x22, 8         x22=000001df x22:000001d7
27407372ns          487828 1c009554 1f300793 addi             x15, x0, 499        x15=000001f3
27407392ns          487829 1c009558 e767dae3 bge              x15, x22, -396      x15:000001f3 x22:000001df
27407451ns          487832 1c0093cc 010c9a0b p.lh             x20, 16(x25!)       x20=00000064 x25=1c002a56 x25:1c002a46  PA:1c002a46
27407770ns          487848 1c0093d0 0104198b p.lh             x19, 16(x8!)        x19=fffffea0  x8=1c00221e  x8:1c00220e  PA:1c00220e
27408088ns          487864 1c0093d4 2cc10513 addi             x10, x2, 716        x10=10003fa4  x2:10003cd8
27408108ns          487865 1c0093d6 010a990b p.lh             x18, 16(x21!)       x18=00000038 x21=1c001a4a x21:1c001a3a  PA:1c001a3a
27408426ns          487881 1c0093da 010b948b p.lh             x9, 16(x23!)         x9=fffffe98 x23=1c00127a x23:1c00126a  PA:1c00126a
27408744ns          487897 1c0093de 2d411623 sh               x20, 716(x2)        x20:00000064  x2:10003cd8  PA:10003fa4
27408764ns          487898 1c0093e2 2d311723 sh               x19, 718(x2)        x19:fffffea0  x2:10003cd8  PA:10003fa6
27408784ns          487899 1c0093e6 c33ff0ef jal              x1, -974             x1=1c0093e8
27408863ns          487903 1c009018 00051803 lh               x16, 0(x10)         x16=00000064 x10:10003fa4  PA:10003fa4
27408903ns          487905 1c00901c 00251883 lh               x17, 2(x10)         x17=fffffea0 x10:10003fa4  PA:10003fa6
27408923ns          487906 1c009020 030806b3 mul              x13, x16, x16       x13=00002710 x16:00000064 x16:00000064
27408943ns          487907 1c009024 03188633 mul              x12, x17, x17       x12=0001e400 x17:fffffea0 x17:fffffea0
27408963ns          487908 1c009028 40a65613 srai             x12, x12, 0x40a     x12=00000079 x12:0001e400
27408983ns          487909 1c00902a 40a6d693 srai             x13, x13, 0x40a     x13=00000009 x13:00002710
27409003ns          487910 1c00902c 00c686b3 add              x13, x13, x12       x13=00000082 x13:00000009 x12:00000079
27409023ns          487911 1c00902e 1006c633 p.exths          x12, x13, x0        x12=00000082 x13:00000082
27409042ns          487912 1c009032 00855703 lhu              x14, 8(x10)         x14=0000ffd1 x10:10003fa4  PA:10003fac
27409062ns          487913 1c009036 00a55683 lhu              x13, 10(x10)        x13=0000ff6a x10:10003fa4  PA:10003fae
27409082ns          487914 1c00903a 02c60333 mul              x6, x12, x12         x6=00004204 x12:00000082 x12:00000082
27409122ns          487916 1c00903e 00c55783 lhu              x15, 12(x10)        x15=0000ffe5 x10:10003fa4  PA:10003fb0
27409162ns          487918 1c009042 00e55583 lhu              x11, 14(x10)        x11=00000060 x10:10003fa4  PA:10003fb2
27409182ns          487919 1c009046 dea30333 p.extract        x6, x6, 15, 10       x6=00000010  x6:00004204
27409202ns          487920 1c00904a 80c7075b p.muls           x14, x14, x12       x14=ffffe822 x14:0000ffd1 x12:00000082
27409261ns          487923 1c00904e 80c686db p.muls           x13, x13, x12       x13=ffffb3d4 x13:0000ff6a x12:00000082
27409301ns          487925 1c009052 00455e83 lhu              x29, 4(x10)         x29=00000427 x10:10003fa4  PA:10003fa8
27409321ns          487926 1c009056 00655e03 lhu              x28, 6(x10)         x28=0000007f x10:10003fa4  PA:10003faa
27409341ns          487927 1c00905a 40a75713 srai             x14, x14, 0x40a     x14=fffffffa x14:ffffe822
27409361ns          487928 1c00905c 806787db p.muls           x15, x15, x6        x15=fffffe50 x15:0000ffe5  x6:00000010
27409400ns          487930 1c009060 40a6d693 srai             x13, x13, 0x40a     x13=ffffffec x13:ffffb3d4
27409440ns          487932 1c009062 8065865b p.muls           x12, x11, x6        x12=00000600 x11:00000060  x6:00000010
27409460ns          487933 1c009066 40a7d793 srai             x15, x15, 0x40a     x15=ffffffff x15:fffffe50
27409480ns          487934 1c009068 40a65613 srai             x12, x12, 0x40a     x12=00000001 x12:00000600
27409500ns          487935 1c00906a 01d70733 add              x14, x14, x29       x14=00000421 x14:fffffffa x29:00000427
27409520ns          487936 1c00906c 01c686b3 add              x13, x13, x28       x13=0000006b x13:ffffffec x28:0000007f
27409540ns          487937 1c00906e 00c686b3 add              x13, x13, x12       x13=0000006c x13:0000006b x12:00000001
27409560ns          487938 1c009070 00f70733 add              x14, x14, x15       x14=00000420 x14:00000421 x15:ffffffff
27409579ns          487939 1c009072 100747b3 p.exths          x15, x14, x0        x15=00000420 x14:00000420
27409599ns          487940 1c009076 1006c733 p.exths          x14, x13, x0        x14=0000006c x13:0000006c
27409619ns          487941 1c00907a 03170633 mul              x12, x14, x17       x12=ffff6b80 x14:0000006c x17:fffffea0
27409639ns          487942 1c00907e 030786b3 mul              x13, x15, x16       x13=00019c80 x15:00000420 x16:00000064
27409659ns          487943 1c009082 03070733 mul              x14, x14, x16       x14=00002a30 x14:0000006c x16:00000064
27409679ns          487944 1c009086 031787b3 mul              x15, x15, x17       x15=fffa5400 x15:00000420 x17:fffffea0
27409699ns          487945 1c00908a 40a6d693 srai             x13, x13, 0x40a     x13=00000067 x13:00019c80
27409719ns          487946 1c00908c 40a65613 srai             x12, x12, 0x40a     x12=ffffffda x12:ffff6b80
27409739ns          487947 1c00908e 40a7d793 srai             x15, x15, 0x40a     x15=fffffe95 x15:fffa5400
27409758ns          487948 1c009090 40a75713 srai             x14, x14, 0x40a     x14=0000000a x14:00002a30
27409778ns          487949 1c009092 40c686b3 sub              x13, x13, x12       x13=0000008d x13:00000067 x12:ffffffda
27409798ns          487950 1c009094 00e787b3 add              x15, x15, x14       x15=fffffe9f x15:fffffe95 x14:0000000a
27409818ns          487951 1c009096 00d51823 sh               x13, 16(x10)        x13:0000008d x10:10003fa4  PA:10003fb4
27409838ns          487952 1c00909a 00f51923 sh               x15, 18(x10)        x15:fffffe9f x10:10003fa4  PA:10003fb6
27409858ns          487953 1c00909e 00008067 jalr             x0, x1, 0            x1:1c0093e8
27409937ns          487957 1c0093e8 2dc15583 lhu              x11, 732(x2)        x11=0000008d  x2:10003cd8  PA:10003fb4
27409957ns          487958 1c0093ec 2de15783 lhu              x15, 734(x2)        x15=0000fe9f  x2:10003cd8  PA:10003fb6
27409977ns          487959 1c0093f0 40b90933 sub              x18, x18, x11       x18=ffffffab x18:00000038 x11:0000008d
27409997ns          487960 1c0093f4 40f484b3 sub              x9, x9, x15          x9=fffefff9  x9:fffffe98 x15:0000fe9f
27410017ns          487961 1c0093f6 100945b3 p.exths          x11, x18, x0        x11=ffffffab x18:ffffffab
27410037ns          487962 1c0093fa 1004c7b3 p.exths          x15, x9, x0         x15=fffffff9  x9:fffefff9
27410057ns          487963 1c0093fe 034586b3 mul              x13, x11, x20       x13=ffffdecc x11:ffffffab x20:00000064
27410077ns          487964 1c009402 03378533 mul              x10, x15, x19       x10=000009a0 x15:fffffff9 x19:fffffea0
27410097ns          487965 1c009406 034a0633 mul              x12, x20, x20       x12=00002710 x20:00000064 x20:00000064
27410116ns          487966 1c00940a 03398733 mul              x14, x19, x19       x14=0001e400 x19:fffffea0 x19:fffffea0
27410176ns          487969 1c00940e 034787b3 mul              x15, x15, x20       x15=fffffd44 x15:fffffff9 x20:00000064
27410216ns          487971 1c009412 033585b3 mul              x11, x11, x19       x11=000074e0 x11:ffffffab x19:fffffea0
27410236ns          487972 1c009416 40a75713 srai             x14, x14, 0x40a     x14=00000079 x14:0001e400
27410256ns          487973 1c009418 40a5d593 srai             x11, x11, 0x40a     x11=0000001d x11:000074e0
27410276ns          487974 1c00941a 40a65613 srai             x12, x12, 0x40a     x12=00000009 x12:00002710
27410295ns          487975 1c00941c 40a7d793 srai             x15, x15, 0x40a     x15=ffffffff x15:fffffd44
27410315ns          487976 1c00941e 1c0034b7 lui              x9, 0x1c003000       x9=1c003000
27410335ns          487977 1c009422 00e60633 add              x12, x12, x14       x12=00000082 x12:00000009 x14:00000079
27410355ns          487978 1c009424 40b787b3 sub              x15, x15, x11       x15=ffffffe2 x15:ffffffff x11:0000001d
27410375ns          487979 1c009426 eb048493 addi             x9, x9, -336         x9=1c002eb0  x9:1c003000
27410395ns          487980 1c00942a 1c0032b7 lui              x5, 0x1c003000       x5=1c003000
27410415ns          487981 1c00942e 1c0035b7 lui              x11, 0x1c003000     x11=1c003000
27410435ns          487982 1c009432 018483b3 add              x7, x9, x24          x7=1c002ebe  x9:1c002eb0 x24:0000000e
27410455ns          487983 1c009436 02812e83 lw               x29, 40(x2)         x29=1c002ece  x2:10003cd8  PA:10003d00
27410474ns          487984 1c009438 10065633 p.exthz          x12, x12, x0        x12=00000082 x12:00000082
27410494ns          487985 1c00943c e8028293 addi             x5, x5, -384         x5=1c002e80  x5:1c003000
27410514ns          487986 1c009440 ea058593 addi             x11, x11, -352      x11=1c002ea0 x11:1c003000
27410554ns          487988 1c009444 03812483 lw               x9, 56(x2)           x9=1c002eee  x2:10003cd8  PA:10003d10
27410574ns          487989 1c009446 10064733 p.exths          x14, x12, x0        x14=00000082 x12:00000082
27410594ns          487990 1c00944a 018280b3 add              x1, x5, x24          x1=1c002e8e  x5:1c002e80 x24:0000000e
27410614ns          487991 1c00944e 03012f03 lw               x30, 48(x2)         x30=1c002ede  x2:10003cd8  PA:10003d08
27410634ns          487992 1c009450 018582b3 add              x5, x11, x24         x5=1c002eae x11:1c002ea0 x24:0000000e
27410653ns          487993 1c009454 04012583 lw               x11, 64(x2)         x11=1c002efe  x2:10003cd8  PA:10003d18
27410673ns          487994 1c009456 000edd83 lhu              x27, 0(x29)         x27=00002216 x29:1c002ece  PA:1c002ece
27410972ns          488009 1c00945a 0004d483 lhu              x9, 0(x9)            x9=000004f9  x9:1c002eee  PA:1c002eee
27411270ns          488024 1c00945e 02e70333 mul              x6, x14, x14         x6=00004204 x14:00000082 x14:00000082
27411290ns          488025 1c009462 40a55513 srai             x10, x10, 0x40a     x10=00000002 x10:000009a0
27411310ns          488026 1c009464 04812e83 lw               x29, 72(x2)         x29=1c002f0e  x2:10003cd8  PA:10003d20
27411330ns          488027 1c009466 40a6d693 srai             x13, x13, 0x40a     x13=fffffff7 x13:ffffdecc
27411349ns          488028 1c009468 000f5d03 lhu              x26, 0(x30)         x26=00000abe x30:1c002ede  PA:1c002ede
27411648ns          488043 1c00946c 0005d583 lhu              x11, 0(x11)         x11=000002e5 x11:1c002efe  PA:1c002efe
27411946ns          488058 1c009470 40a35313 srai             x6, x6, 0x40a        x6=00000010  x6:00004204
27411966ns          488059 1c009474 00a686b3 add              x13, x13, x10       x13=fffffff9 x13:fffffff7 x10:00000002
27411986ns          488060 1c009476 05012f03 lw               x30, 80(x2)         x30=1c002e7e  x2:10003cd8  PA:10003d28
27412006ns          488061 1c009478 10034e33 p.exths          x28, x6, x0         x28=00000010  x6:00000010
27412026ns          488062 1c00947c 06911023 sh               x9, 96(x2)           x9:000004f9  x2:10003cd8  PA:10003d38
27412046ns          488063 1c009480 000ede83 lhu              x29, 0(x29)         x29=000001e5 x29:1c002f0e  PA:1c002f0e
27412404ns          488081 1c009484 05812483 lw               x9, 88(x2)           x9=1c002e6e  x2:10003cd8  PA:10003d30
27412423ns          488082 1c009486 1006d6b3 p.exthz          x13, x13, x0        x13=0000fff9 x13:fffffff9
27412443ns          488083 1c00948a 02ee08b3 mul              x17, x28, x14       x17=00000820 x28:00000010 x14:00000082
27412463ns          488084 1c00948e 1006c833 p.exths          x16, x13, x0        x16=fffffff9 x13:0000fff9
27412483ns          488085 1c009492 06b11823 sh               x11, 112(x2)        x11:000002e5  x2:10003cd8  PA:10003d48
27412503ns          488086 1c009496 000f5f03 lhu              x30, 0(x30)         x30=0000fe5c x30:1c002e7e  PA:1c002e7e
27412821ns          488102 1c00949a 0a012583 lw               x11, 160(x2)        x11=1c002e9e  x2:10003cd8  PA:10003d78
27412841ns          488103 1c00949c 1007d7b3 p.exthz          x15, x15, x0        x15=0000ffe2 x15:ffffffe2
27412861ns          488104 1c0094a0 0004da03 lhu              x20, 0(x9)          x20=0000f807  x9:1c002e6e  PA:1c002e6e
27413159ns          488119 1c0094a4 1007c533 p.exths          x10, x15, x0        x10=ffffffe2 x15:0000ffe2
27413179ns          488120 1c0094a8 09d11023 sh               x29, 128(x2)        x29:000001e5  x2:10003cd8  PA:10003d58
27413199ns          488121 1c0094ac 0003d483 lhu              x9, 0(x7)            x9=0000ff97  x7:1c002ebe  PA:1c002ebe
27413517ns          488137 1c0094b0 02e80eb3 mul              x29, x16, x14       x29=fffffc72 x16:fffffff9 x14:00000082
27413537ns          488138 1c0094b4 40a8d893 srai             x17, x17, 0x40a     x17=00000002 x17:00000820
27413557ns          488139 1c0094b8 03c80833 mul              x16, x16, x28       x16=ffffff90 x16:fffffff9 x28:00000010
27413577ns          488140 1c0094bc 09e11823 sh               x30, 144(x2)        x30:0000fe5c  x2:10003cd8  PA:10003d68
27413597ns          488141 1c0094c0 0005d983 lhu              x19, 0(x11)         x19=0000ff49 x11:1c002e9e  PA:1c002e9e
27413955ns          488159 1c0094c4 81c88f5b p.muls           x30, x17, x28       x30=00000020 x17:00000002 x28:00000010
27413975ns          488160 1c0094c8 0002d583 lhu              x11, 0(x5)          x11=0000fe7f  x5:1c002eae  PA:1c002eae
27414273ns          488175 1c0094cc 03ce0fb3 mul              x31, x28, x28       x31=00000100 x28:00000010 x28:00000010
27414293ns          488176 1c0094d0 02e50733 mul              x14, x10, x14       x14=fffff0c4 x10:ffffffe2 x14:00000082
27414313ns          488177 1c0094d4 40a85813 srai             x16, x16, 0x40a     x16=ffffffff x16:ffffff90
27414333ns          488178 1c0094d8 03c50533 mul              x10, x10, x28       x10=fffffe20 x10:ffffffe2 x28:00000010
27414353ns          488179 1c0094dc 07015e03 lhu              x28, 112(x2)        x28=000002e5  x2:10003cd8  PA:10003d48
27414372ns          488180 1c0094e0 01b60633 add              x12, x12, x27       x12=00002298 x12:00000082 x27:00002216
27414392ns          488181 1c0094e2 00980833 add              x16, x16, x9        x16=0000ff96 x16:ffffffff  x9:0000ff97
27414412ns          488182 1c0094e4 06015d83 lhu              x27, 96(x2)         x27=000004f9  x2:10003cd8  PA:10003d38
27414432ns          488183 1c0094e8 02812483 lw               x9, 40(x2)           x9=1c002ece  x2:10003cd8  PA:10003d00
27414452ns          488184 1c0094ea 40afdf93 srai             x31, x31, 0x40a     x31=00000000 x31:00000100
27414472ns          488185 1c0094ee 40a55513 srai             x10, x10, 0x40a     x10=ffffffff x10:fffffe20
27414492ns          488186 1c0094f0 01cf8fb3 add              x31, x31, x28       x31=000002e5 x31:00000000 x28:000002e5
27414512ns          488187 1c0094f2 00b50533 add              x10, x10, x11       x10=0000fe7e x10:ffffffff x11:0000fe7f
27414532ns          488188 1c0094f4 09015e03 lhu              x28, 144(x2)        x28=0000fe5c  x2:10003cd8  PA:10003d68
27414551ns          488189 1c0094f8 03012583 lw               x11, 48(x2)         x11=1c002ede  x2:10003cd8  PA:10003d08
27414571ns          488190 1c0094fa 00c49023 sh               x12, 0(x9)          x12:00002298  x9:1c002ece  PA:1c002ece
27414890ns          488206 1c0094fe 01b888b3 add              x17, x17, x27       x17=000004fb x17:00000002 x27:000004f9
27414909ns          488207 1c009500 01a30333 add              x6, x6, x26          x6=00000ace  x6:00000010 x26:00000abe
27414929ns          488208 1c009502 08015d83 lhu              x27, 128(x2)        x27=000001e5  x2:10003cd8  PA:10003d58
27414949ns          488209 1c009506 0000d903 lhu              x18, 0(x1)          x18=0000fd0a  x1:1c002e8e  PA:1c002e8e
27415248ns          488224 1c00950a 01c686b3 add              x13, x13, x28       x13=0001fe55 x13:0000fff9 x28:0000fe5c
27415267ns          488225 1c00950c 00659023 sh               x6, 0(x11)           x6:00000ace x11:1c002ede  PA:1c002ede
27415586ns          488241 1c009510 40af5f13 srai             x30, x30, 0x40a     x30=00000000 x30:00000020
27415606ns          488242 1c009514 04812e03 lw               x28, 72(x2)         x28=1c002f0e  x2:10003cd8  PA:10003d20
27415625ns          488243 1c009516 01bf0f33 add              x30, x30, x27       x30=000001e5 x30:00000000 x27:000001e5
27415645ns          488244 1c009518 40aede93 srai             x29, x29, 0x40a     x29=ffffffff x29:fffffc72
27415665ns          488245 1c00951c 40a75713 srai             x14, x14, 0x40a     x14=fffffffc x14:fffff0c4
27415685ns          488246 1c00951e 03812603 lw               x12, 56(x2)         x12=1c002eee  x2:10003cd8  PA:10003d10
27415705ns          488247 1c009520 04012d83 lw               x27, 64(x2)         x27=1c002efe  x2:10003cd8  PA:10003d18
27415725ns          488248 1c009522 01ee1023 sh               x30, 0(x28)         x30:000001e5 x28:1c002f0e  PA:1c002f0e
27416043ns          488264 1c009526 05812483 lw               x9, 88(x2)           x9=1c002e6e  x2:10003cd8  PA:10003d30
27416063ns          488265 1c009528 05012f03 lw               x30, 80(x2)         x30=1c002e7e  x2:10003cd8  PA:10003d28
27416083ns          488266 1c00952a 0a012583 lw               x11, 160(x2)        x11=1c002e9e  x2:10003cd8  PA:10003d78
27416103ns          488267 1c00952c 014787b3 add              x15, x15, x20       x15=0001f7e9 x15:0000ffe2 x20:0000f807
27416123ns          488268 1c00952e 013e8eb3 add              x29, x29, x19       x29=0000ff48 x29:ffffffff x19:0000ff49
27416142ns          488269 1c009530 01270733 add              x14, x14, x18       x14=0000fd06 x14:fffffffc x18:0000fd0a
27416162ns          488270 1c009532 00f49023 sh               x15, 0(x9)          x15:0001f7e9  x9:1c002e6e  PA:1c002e6e
27416481ns          488286 1c009536 01161023 sh               x17, 0(x12)         x17:000004fb x12:1c002eee  PA:1c002eee
27416819ns          488303 1c00953a 01fd9023 sh               x31, 0(x27)         x31:000002e5 x27:1c002efe  PA:1c002efe
27417137ns          488319 1c00953e 00df1023 sh               x13, 0(x30)         x13:0001fe55 x30:1c002e7e  PA:1c002e7e
27417455ns          488335 1c009542 01d59023 sh               x29, 0(x11)         x29:0000ff48 x11:1c002e9e  PA:1c002e9e
27417773ns          488351 1c009546 00e09023 sh               x14, 0(x1)          x14:0000fd06  x1:1c002e8e  PA:1c002e8e
27418151ns          488370 1c00954a 01039023 sh               x16, 0(x7)          x16:0000ff96  x7:1c002ebe  PA:1c002ebe
27418469ns          488386 1c00954e 00a29023 sh               x10, 0(x5)          x10:0000fe7e  x5:1c002eae  PA:1c002eae
27418788ns          488402 1c009552 008b0b13 addi             x22, x22, 8         x22=000001e7 x22:000001df
27418807ns          488403 1c009554 1f300793 addi             x15, x0, 499        x15=000001f3
27418827ns          488404 1c009558 e767dae3 bge              x15, x22, -396      x15:000001f3 x22:000001e7
27418927ns          488409 1c0093cc 010c9a0b p.lh             x20, 16(x25!)       x20=0000001e x25=1c002a66 x25:1c002a56  PA:1c002a56
27419265ns          488426 1c0093d0 0104198b p.lh             x19, 16(x8!)        x19=ffffff74  x8=1c00222e  x8:1c00221e  PA:1c00221e
27419583ns          488442 1c0093d4 2cc10513 addi             x10, x2, 716        x10=10003fa4  x2:10003cd8
27419603ns          488443 1c0093d6 010a990b p.lh             x18, 16(x21!)       x18=00000023 x21=1c001a5a x21:1c001a4a  PA:1c001a4a
27419901ns          488458 1c0093da 010b948b p.lh             x9, 16(x23!)         x9=ffffff65 x23=1c00128a x23:1c00127a  PA:1c00127a
27420200ns          488473 1c0093de 2d411623 sh               x20, 716(x2)        x20:0000001e  x2:10003cd8  PA:10003fa4
27420239ns          488475 1c0093e2 2d311723 sh               x19, 718(x2)        x19:ffffff74  x2:10003cd8  PA:10003fa6
27420259ns          488476 1c0093e6 c33ff0ef jal              x1, -974             x1=1c0093e8
27420339ns          488480 1c009018 00051803 lh               x16, 0(x10)         x16=0000001e x10:10003fa4  PA:10003fa4
27420379ns          488482 1c00901c 00251883 lh               x17, 2(x10)         x17=ffffff74 x10:10003fa4  PA:10003fa6
27420438ns          488485 1c009020 030806b3 mul              x13, x16, x16       x13=00000384 x16:0000001e x16:0000001e
27420478ns          488487 1c009024 03188633 mul              x12, x17, x17       x12=00004c90 x17:ffffff74 x17:ffffff74
27420498ns          488488 1c009028 40a65613 srai             x12, x12, 0x40a     x12=00000013 x12:00004c90
27420518ns          488489 1c00902a 40a6d693 srai             x13, x13, 0x40a     x13=00000000 x13:00000384
27420538ns          488490 1c00902c 00c686b3 add              x13, x13, x12       x13=00000013 x13:00000000 x12:00000013
27420558ns          488491 1c00902e 1006c633 p.exths          x12, x13, x0        x12=00000013 x13:00000013
27420578ns          488492 1c009032 00855703 lhu              x14, 8(x10)         x14=0000ffd1 x10:10003fa4  PA:10003fac
27420597ns          488493 1c009036 00a55683 lhu              x13, 10(x10)        x13=0000ff6a x10:10003fa4  PA:10003fae
27420617ns          488494 1c00903a 02c60333 mul              x6, x12, x12         x6=00000169 x12:00000013 x12:00000013
27420637ns          488495 1c00903e 00c55783 lhu              x15, 12(x10)        x15=0000ffe5 x10:10003fa4  PA:10003fb0
27420657ns          488496 1c009042 00e55583 lhu              x11, 14(x10)        x11=00000060 x10:10003fa4  PA:10003fb2
27420677ns          488497 1c009046 dea30333 p.extract        x6, x6, 15, 10       x6=00000000  x6:00000169
27420697ns          488498 1c00904a 80c7075b p.muls           x14, x14, x12       x14=fffffc83 x14:0000ffd1 x12:00000013
27420717ns          488499 1c00904e 80c686db p.muls           x13, x13, x12       x13=fffff4de x13:0000ff6a x12:00000013
27420737ns          488500 1c009052 00455e83 lhu              x29, 4(x10)         x29=00000427 x10:10003fa4  PA:10003fa8
27420757ns          488501 1c009056 00655e03 lhu              x28, 6(x10)         x28=0000007f x10:10003fa4  PA:10003faa
27420776ns          488502 1c00905a 40a75713 srai             x14, x14, 0x40a     x14=ffffffff x14:fffffc83
27420796ns          488503 1c00905c 806787db p.muls           x15, x15, x6        x15=00000000 x15:0000ffe5  x6:00000000
27420816ns          488504 1c009060 40a6d693 srai             x13, x13, 0x40a     x13=fffffffd x13:fffff4de
27420856ns          488506 1c009062 8065865b p.muls           x12, x11, x6        x12=00000000 x11:00000060  x6:00000000
27420876ns          488507 1c009066 40a7d793 srai             x15, x15, 0x40a     x15=00000000 x15:00000000
27420896ns          488508 1c009068 40a65613 srai             x12, x12, 0x40a     x12=00000000 x12:00000000
27420916ns          488509 1c00906a 01d70733 add              x14, x14, x29       x14=00000426 x14:ffffffff x29:00000427
27420936ns          488510 1c00906c 01c686b3 add              x13, x13, x28       x13=0000007c x13:fffffffd x28:0000007f
27420955ns          488511 1c00906e 00c686b3 add              x13, x13, x12       x13=0000007c x13:0000007c x12:00000000
27420975ns          488512 1c009070 00f70733 add              x14, x14, x15       x14=00000426 x14:00000426 x15:00000000
27420995ns          488513 1c009072 100747b3 p.exths          x15, x14, x0        x15=00000426 x14:00000426
27421015ns          488514 1c009076 1006c733 p.exths          x14, x13, x0        x14=0000007c x13:0000007c
27421035ns          488515 1c00907a 03170633 mul              x12, x14, x17       x12=ffffbc30 x14:0000007c x17:ffffff74
27421055ns          488516 1c00907e 030786b3 mul              x13, x15, x16       x13=00007c74 x15:00000426 x16:0000001e
27421075ns          488517 1c009082 03070733 mul              x14, x14, x16       x14=00000e88 x14:0000007c x16:0000001e
27421095ns          488518 1c009086 031787b3 mul              x15, x15, x17       x15=fffdbb38 x15:00000426 x17:ffffff74
27421114ns          488519 1c00908a 40a6d693 srai             x13, x13, 0x40a     x13=0000001f x13:00007c74
27421134ns          488520 1c00908c 40a65613 srai             x12, x12, 0x40a     x12=ffffffef x12:ffffbc30
27421154ns          488521 1c00908e 40a7d793 srai             x15, x15, 0x40a     x15=ffffff6e x15:fffdbb38
27421174ns          488522 1c009090 40a75713 srai             x14, x14, 0x40a     x14=00000003 x14:00000e88
27421194ns          488523 1c009092 40c686b3 sub              x13, x13, x12       x13=00000030 x13:0000001f x12:ffffffef
27421214ns          488524 1c009094 00e787b3 add              x15, x15, x14       x15=ffffff71 x15:ffffff6e x14:00000003
27421234ns          488525 1c009096 00d51823 sh               x13, 16(x10)        x13:00000030 x10:10003fa4  PA:10003fb4
27421254ns          488526 1c00909a 00f51923 sh               x15, 18(x10)        x15:ffffff71 x10:10003fa4  PA:10003fb6
27421274ns          488527 1c00909e 00008067 jalr             x0, x1, 0            x1:1c0093e8
27421353ns          488531 1c0093e8 2dc15583 lhu              x11, 732(x2)        x11=00000030  x2:10003cd8  PA:10003fb4
27421393ns          488533 1c0093ec 2de15783 lhu              x15, 734(x2)        x15=0000ff71  x2:10003cd8  PA:10003fb6
27421413ns          488534 1c0093f0 40b90933 sub              x18, x18, x11       x18=fffffff3 x18:00000023 x11:00000030
27421433ns          488535 1c0093f4 40f484b3 sub              x9, x9, x15          x9=fffefff4  x9:ffffff65 x15:0000ff71
27421453ns          488536 1c0093f6 100945b3 p.exths          x11, x18, x0        x11=fffffff3 x18:fffffff3
27421472ns          488537 1c0093fa 1004c7b3 p.exths          x15, x9, x0         x15=fffffff4  x9:fffefff4
27421492ns          488538 1c0093fe 034586b3 mul              x13, x11, x20       x13=fffffe7a x11:fffffff3 x20:0000001e
27421512ns          488539 1c009402 03378533 mul              x10, x15, x19       x10=00000690 x15:fffffff4 x19:ffffff74
27421532ns          488540 1c009406 034a0633 mul              x12, x20, x20       x12=00000384 x20:0000001e x20:0000001e
27421552ns          488541 1c00940a 03398733 mul              x14, x19, x19       x14=00004c90 x19:ffffff74 x19:ffffff74
27421612ns          488544 1c00940e 034787b3 mul              x15, x15, x20       x15=fffffe98 x15:fffffff4 x20:0000001e
27421651ns          488546 1c009412 033585b3 mul              x11, x11, x19       x11=0000071c x11:fffffff3 x19:ffffff74
27421671ns          488547 1c009416 40a75713 srai             x14, x14, 0x40a     x14=00000013 x14:00004c90
27421691ns          488548 1c009418 40a5d593 srai             x11, x11, 0x40a     x11=00000001 x11:0000071c
27421711ns          488549 1c00941a 40a65613 srai             x12, x12, 0x40a     x12=00000000 x12:00000384
27421731ns          488550 1c00941c 40a7d793 srai             x15, x15, 0x40a     x15=ffffffff x15:fffffe98
27421751ns          488551 1c00941e 1c0034b7 lui              x9, 0x1c003000       x9=1c003000
27421771ns          488552 1c009422 00e60633 add              x12, x12, x14       x12=00000013 x12:00000000 x14:00000013
27421791ns          488553 1c009424 40b787b3 sub              x15, x15, x11       x15=fffffffe x15:ffffffff x11:00000001
27421811ns          488554 1c009426 eb048493 addi             x9, x9, -336         x9=1c002eb0  x9:1c003000
27421830ns          488555 1c00942a 1c0032b7 lui              x5, 0x1c003000       x5=1c003000
27421850ns          488556 1c00942e 1c0035b7 lui              x11, 0x1c003000     x11=1c003000
27421870ns          488557 1c009432 018483b3 add              x7, x9, x24          x7=1c002ebe  x9:1c002eb0 x24:0000000e
27421890ns          488558 1c009436 02812e83 lw               x29, 40(x2)         x29=1c002ece  x2:10003cd8  PA:10003d00
27421910ns          488559 1c009438 10065633 p.exthz          x12, x12, x0        x12=00000013 x12:00000013
27421930ns          488560 1c00943c e8028293 addi             x5, x5, -384         x5=1c002e80  x5:1c003000
27421950ns          488561 1c009440 ea058593 addi             x11, x11, -352      x11=1c002ea0 x11:1c003000
27421970ns          488562 1c009444 03812483 lw               x9, 56(x2)           x9=1c002eee  x2:10003cd8  PA:10003d10
27421990ns          488563 1c009446 10064733 p.exths          x14, x12, x0        x14=00000013 x12:00000013
27422009ns          488564 1c00944a 018280b3 add              x1, x5, x24          x1=1c002e8e  x5:1c002e80 x24:0000000e
27422029ns          488565 1c00944e 03012f03 lw               x30, 48(x2)         x30=1c002ede  x2:10003cd8  PA:10003d08
27422049ns          488566 1c009450 018582b3 add              x5, x11, x24         x5=1c002eae x11:1c002ea0 x24:0000000e
27422069ns          488567 1c009454 04012583 lw               x11, 64(x2)         x11=1c002efe  x2:10003cd8  PA:10003d18
27422089ns          488568 1c009456 000edd83 lhu              x27, 0(x29)         x27=00002298 x29:1c002ece  PA:1c002ece
27422447ns          488586 1c00945a 0004d483 lhu              x9, 0(x9)            x9=000004fb  x9:1c002eee  PA:1c002eee
27422765ns          488602 1c00945e 02e70333 mul              x6, x14, x14         x6=00000169 x14:00000013 x14:00000013
27422785ns          488603 1c009462 40a55513 srai             x10, x10, 0x40a     x10=00000001 x10:00000690
27422805ns          488604 1c009464 04812e83 lw               x29, 72(x2)         x29=1c002f0e  x2:10003cd8  PA:10003d20
27422825ns          488605 1c009466 40a6d693 srai             x13, x13, 0x40a     x13=ffffffff x13:fffffe7a
27422845ns          488606 1c009468 000f5d03 lhu              x26, 0(x30)         x26=00000ace x30:1c002ede  PA:1c002ede
27423163ns          488622 1c00946c 0005d583 lhu              x11, 0(x11)         x11=000002e5 x11:1c002efe  PA:1c002efe
27423481ns          488638 1c009470 40a35313 srai             x6, x6, 0x40a        x6=00000000  x6:00000169
27423501ns          488639 1c009474 00a686b3 add              x13, x13, x10       x13=00000000 x13:ffffffff x10:00000001
27423521ns          488640 1c009476 05012f03 lw               x30, 80(x2)         x30=1c002e7e  x2:10003cd8  PA:10003d28
27423541ns          488641 1c009478 10034e33 p.exths          x28, x6, x0         x28=00000000  x6:00000000
27423561ns          488642 1c00947c 06911023 sh               x9, 96(x2)           x9:000004fb  x2:10003cd8  PA:10003d38
27423581ns          488643 1c009480 000ede83 lhu              x29, 0(x29)         x29=000001e5 x29:1c002f0e  PA:1c002f0e
27423919ns          488660 1c009484 05812483 lw               x9, 88(x2)           x9=1c002e6e  x2:10003cd8  PA:10003d30
27423939ns          488661 1c009486 1006d6b3 p.exthz          x13, x13, x0        x13=00000000 x13:00000000
27423958ns          488662 1c00948a 02ee08b3 mul              x17, x28, x14       x17=00000000 x28:00000000 x14:00000013
27423978ns          488663 1c00948e 1006c833 p.exths          x16, x13, x0        x16=00000000 x13:00000000
27423998ns          488664 1c009492 06b11823 sh               x11, 112(x2)        x11:000002e5  x2:10003cd8  PA:10003d48
27424018ns          488665 1c009496 000f5f03 lhu              x30, 0(x30)         x30=0000fe55 x30:1c002e7e  PA:1c002e7e
27424316ns          488680 1c00949a 0a012583 lw               x11, 160(x2)        x11=1c002e9e  x2:10003cd8  PA:10003d78
27424336ns          488681 1c00949c 1007d7b3 p.exthz          x15, x15, x0        x15=0000fffe x15:fffffffe
27424356ns          488682 1c0094a0 0004da03 lhu              x20, 0(x9)          x20=0000f7e9  x9:1c002e6e  PA:1c002e6e
27424694ns          488699 1c0094a4 1007c533 p.exths          x10, x15, x0        x10=fffffffe x15:0000fffe
27424714ns          488700 1c0094a8 09d11023 sh               x29, 128(x2)        x29:000001e5  x2:10003cd8  PA:10003d58
27424734ns          488701 1c0094ac 0003d483 lhu              x9, 0(x7)            x9=0000ff96  x7:1c002ebe  PA:1c002ebe
27425092ns          488719 1c0094b0 02e80eb3 mul              x29, x16, x14       x29=00000000 x16:00000000 x14:00000013
27425112ns          488720 1c0094b4 40a8d893 srai             x17, x17, 0x40a     x17=00000000 x17:00000000
27425132ns          488721 1c0094b8 03c80833 mul              x16, x16, x28       x16=00000000 x16:00000000 x28:00000000
27425152ns          488722 1c0094bc 09e11823 sh               x30, 144(x2)        x30:0000fe55  x2:10003cd8  PA:10003d68
27425172ns          488723 1c0094c0 0005d983 lhu              x19, 0(x11)         x19=0000ff48 x11:1c002e9e  PA:1c002e9e
27425490ns          488739 1c0094c4 81c88f5b p.muls           x30, x17, x28       x30=00000000 x17:00000000 x28:00000000
27425510ns          488740 1c0094c8 0002d583 lhu              x11, 0(x5)          x11=0000fe7e  x5:1c002eae  PA:1c002eae
27425808ns          488755 1c0094cc 03ce0fb3 mul              x31, x28, x28       x31=00000000 x28:00000000 x28:00000000
27425828ns          488756 1c0094d0 02e50733 mul              x14, x10, x14       x14=ffffffda x10:fffffffe x14:00000013
27425848ns          488757 1c0094d4 40a85813 srai             x16, x16, 0x40a     x16=00000000 x16:00000000
27425868ns          488758 1c0094d8 03c50533 mul              x10, x10, x28       x10=00000000 x10:fffffffe x28:00000000
27425888ns          488759 1c0094dc 07015e03 lhu              x28, 112(x2)        x28=000002e5  x2:10003cd8  PA:10003d48
27425927ns          488761 1c0094e0 01b60633 add              x12, x12, x27       x12=000022ab x12:00000013 x27:00002298
27425947ns          488762 1c0094e2 00980833 add              x16, x16, x9        x16=0000ff96 x16:00000000  x9:0000ff96
27425967ns          488763 1c0094e4 06015d83 lhu              x27, 96(x2)         x27=000004fb  x2:10003cd8  PA:10003d38
27425987ns          488764 1c0094e8 02812483 lw               x9, 40(x2)           x9=1c002ece  x2:10003cd8  PA:10003d00
27426007ns          488765 1c0094ea 40afdf93 srai             x31, x31, 0x40a     x31=00000000 x31:00000000
27426027ns          488766 1c0094ee 40a55513 srai             x10, x10, 0x40a     x10=00000000 x10:00000000
27426047ns          488767 1c0094f0 01cf8fb3 add              x31, x31, x28       x31=000002e5 x31:00000000 x28:000002e5
27426067ns          488768 1c0094f2 00b50533 add              x10, x10, x11       x10=0000fe7e x10:00000000 x11:0000fe7e
27426086ns          488769 1c0094f4 09015e03 lhu              x28, 144(x2)        x28=0000fe55  x2:10003cd8  PA:10003d68
27426106ns          488770 1c0094f8 03012583 lw               x11, 48(x2)         x11=1c002ede  x2:10003cd8  PA:10003d08
27426126ns          488771 1c0094fa 00c49023 sh               x12, 0(x9)          x12:000022ab  x9:1c002ece  PA:1c002ece
27426504ns          488790 1c0094fe 01b888b3 add              x17, x17, x27       x17=000004fb x17:00000000 x27:000004fb
27426524ns          488791 1c009500 01a30333 add              x6, x6, x26          x6=00000ace  x6:00000000 x26:00000ace
27426544ns          488792 1c009502 08015d83 lhu              x27, 128(x2)        x27=000001e5  x2:10003cd8  PA:10003d58
27426564ns          488793 1c009506 0000d903 lhu              x18, 0(x1)          x18=0000fd06  x1:1c002e8e  PA:1c002e8e
27426862ns          488808 1c00950a 01c686b3 add              x13, x13, x28       x13=0000fe55 x13:00000000 x28:0000fe55
27426882ns          488809 1c00950c 00659023 sh               x6, 0(x11)           x6:00000ace x11:1c002ede  PA:1c002ede
27427220ns          488826 1c009510 40af5f13 srai             x30, x30, 0x40a     x30=00000000 x30:00000000
27427240ns          488827 1c009514 04812e03 lw               x28, 72(x2)         x28=1c002f0e  x2:10003cd8  PA:10003d20
27427260ns          488828 1c009516 01bf0f33 add              x30, x30, x27       x30=000001e5 x30:00000000 x27:000001e5
27427280ns          488829 1c009518 40aede93 srai             x29, x29, 0x40a     x29=00000000 x29:00000000
27427300ns          488830 1c00951c 40a75713 srai             x14, x14, 0x40a     x14=ffffffff x14:ffffffda
27427320ns          488831 1c00951e 03812603 lw               x12, 56(x2)         x12=1c002eee  x2:10003cd8  PA:10003d10
27427339ns          488832 1c009520 04012d83 lw               x27, 64(x2)         x27=1c002efe  x2:10003cd8  PA:10003d18
27427359ns          488833 1c009522 01ee1023 sh               x30, 0(x28)         x30:000001e5 x28:1c002f0e  PA:1c002f0e
27427678ns          488849 1c009526 05812483 lw               x9, 88(x2)           x9=1c002e6e  x2:10003cd8  PA:10003d30
27427697ns          488850 1c009528 05012f03 lw               x30, 80(x2)         x30=1c002e7e  x2:10003cd8  PA:10003d28
27427717ns          488851 1c00952a 0a012583 lw               x11, 160(x2)        x11=1c002e9e  x2:10003cd8  PA:10003d78
27427737ns          488852 1c00952c 014787b3 add              x15, x15, x20       x15=0001f7e7 x15:0000fffe x20:0000f7e9
27427757ns          488853 1c00952e 013e8eb3 add              x29, x29, x19       x29=0000ff48 x29:00000000 x19:0000ff48
27427777ns          488854 1c009530 01270733 add              x14, x14, x18       x14=0000fd05 x14:ffffffff x18:0000fd06
27427797ns          488855 1c009532 00f49023 sh               x15, 0(x9)          x15:0001f7e7  x9:1c002e6e  PA:1c002e6e
27428115ns          488871 1c009536 01161023 sh               x17, 0(x12)         x17:000004fb x12:1c002eee  PA:1c002eee
27428433ns          488887 1c00953a 01fd9023 sh               x31, 0(x27)         x31:000002e5 x27:1c002efe  PA:1c002efe
27428751ns          488903 1c00953e 00df1023 sh               x13, 0(x30)         x13:0000fe55 x30:1c002e7e  PA:1c002e7e
27429070ns          488919 1c009542 01d59023 sh               x29, 0(x11)         x29:0000ff48 x11:1c002e9e  PA:1c002e9e
27429388ns          488935 1c009546 00e09023 sh               x14, 0(x1)          x14:0000fd05  x1:1c002e8e  PA:1c002e8e
27429706ns          488951 1c00954a 01039023 sh               x16, 0(x7)          x16:0000ff96  x7:1c002ebe  PA:1c002ebe
27430024ns          488967 1c00954e 00a29023 sh               x10, 0(x5)          x10:0000fe7e  x5:1c002eae  PA:1c002eae
27430343ns          488983 1c009552 008b0b13 addi             x22, x22, 8         x22=000001ef x22:000001e7
27430362ns          488984 1c009554 1f300793 addi             x15, x0, 499        x15=000001f3
27430382ns          488985 1c009558 e767dae3 bge              x15, x22, -396      x15:000001f3 x22:000001ef
27430482ns          488990 1c0093cc 010c9a0b p.lh             x20, 16(x25!)       x20=ffffff4c x25=1c002a76 x25:1c002a66  PA:1c002a66
27430800ns          489006 1c0093d0 0104198b p.lh             x19, 16(x8!)        x19=0000016b  x8=1c00223e  x8:1c00222e  PA:1c00222e
27431098ns          489021 1c0093d4 2cc10513 addi             x10, x2, 716        x10=10003fa4  x2:10003cd8
27431118ns          489022 1c0093d6 010a990b p.lh             x18, 16(x21!)       x18=ffffff72 x21=1c001a6a x21:1c001a5a  PA:1c001a5a
27431436ns          489038 1c0093da 010b948b p.lh             x9, 16(x23!)         x9=00000186 x23=1c00129a x23:1c00128a  PA:1c00128a
27431774ns          489055 1c0093de 2d411623 sh               x20, 716(x2)        x20:ffffff4c  x2:10003cd8  PA:10003fa4
27431814ns          489057 1c0093e2 2d311723 sh               x19, 718(x2)        x19:0000016b  x2:10003cd8  PA:10003fa6
27431834ns          489058 1c0093e6 c33ff0ef jal              x1, -974             x1=1c0093e8
27431914ns          489062 1c009018 00051803 lh               x16, 0(x10)         x16=ffffff4c x10:10003fa4  PA:10003fa4
27431953ns          489064 1c00901c 00251883 lh               x17, 2(x10)         x17=0000016b x10:10003fa4  PA:10003fa6
27431973ns          489065 1c009020 030806b3 mul              x13, x16, x16       x13=00007e90 x16:ffffff4c x16:ffffff4c
27431993ns          489066 1c009024 03188633 mul              x12, x17, x17       x12=000202b9 x17:0000016b x17:0000016b
27432013ns          489067 1c009028 40a65613 srai             x12, x12, 0x40a     x12=00000080 x12:000202b9
27432033ns          489068 1c00902a 40a6d693 srai             x13, x13, 0x40a     x13=0000001f x13:00007e90
27432053ns          489069 1c00902c 00c686b3 add              x13, x13, x12       x13=0000009f x13:0000001f x12:00000080
27432073ns          489070 1c00902e 1006c633 p.exths          x12, x13, x0        x12=0000009f x13:0000009f
27432093ns          489071 1c009032 00855703 lhu              x14, 8(x10)         x14=0000ffd1 x10:10003fa4  PA:10003fac
27432113ns          489072 1c009036 00a55683 lhu              x13, 10(x10)        x13=0000ff6a x10:10003fa4  PA:10003fae
27432132ns          489073 1c00903a 02c60333 mul              x6, x12, x12         x6=000062c1 x12:0000009f x12:0000009f
27432172ns          489075 1c00903e 00c55783 lhu              x15, 12(x10)        x15=0000ffe5 x10:10003fa4  PA:10003fb0
27432212ns          489077 1c009042 00e55583 lhu              x11, 14(x10)        x11=00000060 x10:10003fa4  PA:10003fb2
27432232ns          489078 1c009046 dea30333 p.extract        x6, x6, 15, 10       x6=00000018  x6:000062c1
27432252ns          489079 1c00904a 80c7075b p.muls           x14, x14, x12       x14=ffffe2cf x14:0000ffd1 x12:0000009f
27432311ns          489082 1c00904e 80c686db p.muls           x13, x13, x12       x13=ffffa2d6 x13:0000ff6a x12:0000009f
27432351ns          489084 1c009052 00455e83 lhu              x29, 4(x10)         x29=00000427 x10:10003fa4  PA:10003fa8
27432371ns          489085 1c009056 00655e03 lhu              x28, 6(x10)         x28=0000007f x10:10003fa4  PA:10003faa
27432391ns          489086 1c00905a 40a75713 srai             x14, x14, 0x40a     x14=fffffff8 x14:ffffe2cf
27432411ns          489087 1c00905c 806787db p.muls           x15, x15, x6        x15=fffffd78 x15:0000ffe5  x6:00000018
27432451ns          489089 1c009060 40a6d693 srai             x13, x13, 0x40a     x13=ffffffe8 x13:ffffa2d6
27432490ns          489091 1c009062 8065865b p.muls           x12, x11, x6        x12=00000900 x11:00000060  x6:00000018
27432510ns          489092 1c009066 40a7d793 srai             x15, x15, 0x40a     x15=ffffffff x15:fffffd78
27432530ns          489093 1c009068 40a65613 srai             x12, x12, 0x40a     x12=00000002 x12:00000900
27432550ns          489094 1c00906a 01d70733 add              x14, x14, x29       x14=0000041f x14:fffffff8 x29:00000427
27432570ns          489095 1c00906c 01c686b3 add              x13, x13, x28       x13=00000067 x13:ffffffe8 x28:0000007f
27432590ns          489096 1c00906e 00c686b3 add              x13, x13, x12       x13=00000069 x13:00000067 x12:00000002
27432610ns          489097 1c009070 00f70733 add              x14, x14, x15       x14=0000041e x14:0000041f x15:ffffffff
27432630ns          489098 1c009072 100747b3 p.exths          x15, x14, x0        x15=0000041e x14:0000041e
27432650ns          489099 1c009076 1006c733 p.exths          x14, x13, x0        x14=00000069 x13:00000069
27432669ns          489100 1c00907a 03170633 mul              x12, x14, x17       x12=000094e3 x14:00000069 x17:0000016b
27432689ns          489101 1c00907e 030786b3 mul              x13, x15, x16       x13=fffd1ae8 x15:0000041e x16:ffffff4c
27432709ns          489102 1c009082 03070733 mul              x14, x14, x16       x14=ffffb62c x14:00000069 x16:ffffff4c
27432729ns          489103 1c009086 031787b3 mul              x15, x15, x17       x15=0005d68a x15:0000041e x17:0000016b
27432749ns          489104 1c00908a 40a6d693 srai             x13, x13, 0x40a     x13=ffffff46 x13:fffd1ae8
27432769ns          489105 1c00908c 40a65613 srai             x12, x12, 0x40a     x12=00000025 x12:000094e3
27432789ns          489106 1c00908e 40a7d793 srai             x15, x15, 0x40a     x15=00000175 x15:0005d68a
27432809ns          489107 1c009090 40a75713 srai             x14, x14, 0x40a     x14=ffffffed x14:ffffb62c
27432829ns          489108 1c009092 40c686b3 sub              x13, x13, x12       x13=ffffff21 x13:ffffff46 x12:00000025
27432848ns          489109 1c009094 00e787b3 add              x15, x15, x14       x15=00000162 x15:00000175 x14:ffffffed
27432868ns          489110 1c009096 00d51823 sh               x13, 16(x10)        x13:ffffff21 x10:10003fa4  PA:10003fb4
27432908ns          489112 1c00909a 00f51923 sh               x15, 18(x10)        x15:00000162 x10:10003fa4  PA:10003fb6
27432928ns          489113 1c00909e 00008067 jalr             x0, x1, 0            x1:1c0093e8
27432988ns          489116 1c0093e8 2dc15583 lhu              x11, 732(x2)        x11=0000ff21  x2:10003cd8  PA:10003fb4
27433008ns          489117 1c0093ec 2de15783 lhu              x15, 734(x2)        x15=00000162  x2:10003cd8  PA:10003fb6
27433027ns          489118 1c0093f0 40b90933 sub              x18, x18, x11       x18=ffff0051 x18:ffffff72 x11:0000ff21
27433047ns          489119 1c0093f4 40f484b3 sub              x9, x9, x15          x9=00000024  x9:00000186 x15:00000162
27433067ns          489120 1c0093f6 100945b3 p.exths          x11, x18, x0        x11=00000051 x18:ffff0051
27433087ns          489121 1c0093fa 1004c7b3 p.exths          x15, x9, x0         x15=00000024  x9:00000024
27433107ns          489122 1c0093fe 034586b3 mul              x13, x11, x20       x13=ffffc70c x11:00000051 x20:ffffff4c
27433127ns          489123 1c009402 03378533 mul              x10, x15, x19       x10=0000330c x15:00000024 x19:0000016b
27433147ns          489124 1c009406 034a0633 mul              x12, x20, x20       x12=00007e90 x20:ffffff4c x20:ffffff4c
27433167ns          489125 1c00940a 03398733 mul              x14, x19, x19       x14=000202b9 x19:0000016b x19:0000016b
27433226ns          489128 1c00940e 034787b3 mul              x15, x15, x20       x15=ffffe6b0 x15:00000024 x20:ffffff4c
27433266ns          489130 1c009412 033585b3 mul              x11, x11, x19       x11=000072db x11:00000051 x19:0000016b
27433286ns          489131 1c009416 40a75713 srai             x14, x14, 0x40a     x14=00000080 x14:000202b9
27433306ns          489132 1c009418 40a5d593 srai             x11, x11, 0x40a     x11=0000001c x11:000072db
27433326ns          489133 1c00941a 40a65613 srai             x12, x12, 0x40a     x12=0000001f x12:00007e90
27433346ns          489134 1c00941c 40a7d793 srai             x15, x15, 0x40a     x15=fffffff9 x15:ffffe6b0
27433366ns          489135 1c00941e 1c0034b7 lui              x9, 0x1c003000       x9=1c003000
27433385ns          489136 1c009422 00e60633 add              x12, x12, x14       x12=0000009f x12:0000001f x14:00000080
27433405ns          489137 1c009424 40b787b3 sub              x15, x15, x11       x15=ffffffdd x15:fffffff9 x11:0000001c
27433425ns          489138 1c009426 eb048493 addi             x9, x9, -336         x9=1c002eb0  x9:1c003000
27433445ns          489139 1c00942a 1c0032b7 lui              x5, 0x1c003000       x5=1c003000
27433465ns          489140 1c00942e 1c0035b7 lui              x11, 0x1c003000     x11=1c003000
27433485ns          489141 1c009432 018483b3 add              x7, x9, x24          x7=1c002ebe  x9:1c002eb0 x24:0000000e
27433505ns          489142 1c009436 02812e83 lw               x29, 40(x2)         x29=1c002ece  x2:10003cd8  PA:10003d00
27433525ns          489143 1c009438 10065633 p.exthz          x12, x12, x0        x12=0000009f x12:0000009f
27433544ns          489144 1c00943c e8028293 addi             x5, x5, -384         x5=1c002e80  x5:1c003000
27433564ns          489145 1c009440 ea058593 addi             x11, x11, -352      x11=1c002ea0 x11:1c003000
27433584ns          489146 1c009444 03812483 lw               x9, 56(x2)           x9=1c002eee  x2:10003cd8  PA:10003d10
27433604ns          489147 1c009446 10064733 p.exths          x14, x12, x0        x14=0000009f x12:0000009f
27433624ns          489148 1c00944a 018280b3 add              x1, x5, x24          x1=1c002e8e  x5:1c002e80 x24:0000000e
27433644ns          489149 1c00944e 03012f03 lw               x30, 48(x2)         x30=1c002ede  x2:10003cd8  PA:10003d08
27433664ns          489150 1c009450 018582b3 add              x5, x11, x24         x5=1c002eae x11:1c002ea0 x24:0000000e
27433684ns          489151 1c009454 04012583 lw               x11, 64(x2)         x11=1c002efe  x2:10003cd8  PA:10003d18
27433704ns          489152 1c009456 000edd83 lhu              x27, 0(x29)         x27=000022ab x29:1c002ece  PA:1c002ece
27434002ns          489167 1c00945a 0004d483 lhu              x9, 0(x9)            x9=000004fb  x9:1c002eee  PA:1c002eee
27434320ns          489183 1c00945e 02e70333 mul              x6, x14, x14         x6=000062c1 x14:0000009f x14:0000009f
27434340ns          489184 1c009462 40a55513 srai             x10, x10, 0x40a     x10=0000000c x10:0000330c
27434360ns          489185 1c009464 04812e83 lw               x29, 72(x2)         x29=1c002f0e  x2:10003cd8  PA:10003d20
27434380ns          489186 1c009466 40a6d693 srai             x13, x13, 0x40a     x13=fffffff1 x13:ffffc70c
27434400ns          489187 1c009468 000f5d03 lhu              x26, 0(x30)         x26=00000ace x30:1c002ede  PA:1c002ede
27434738ns          489204 1c00946c 0005d583 lhu              x11, 0(x11)         x11=000002e5 x11:1c002efe  PA:1c002efe
27435116ns          489223 1c009470 40a35313 srai             x6, x6, 0x40a        x6=00000018  x6:000062c1
27435136ns          489224 1c009474 00a686b3 add              x13, x13, x10       x13=fffffffd x13:fffffff1 x10:0000000c
27435155ns          489225 1c009476 05012f03 lw               x30, 80(x2)         x30=1c002e7e  x2:10003cd8  PA:10003d28
27435175ns          489226 1c009478 10034e33 p.exths          x28, x6, x0         x28=00000018  x6:00000018
27435195ns          489227 1c00947c 06911023 sh               x9, 96(x2)           x9:000004fb  x2:10003cd8  PA:10003d38
27435215ns          489228 1c009480 000ede83 lhu              x29, 0(x29)         x29=000001e5 x29:1c002f0e  PA:1c002f0e
27435513ns          489243 1c009484 05812483 lw               x9, 88(x2)           x9=1c002e6e  x2:10003cd8  PA:10003d30
27435533ns          489244 1c009486 1006d6b3 p.exthz          x13, x13, x0        x13=0000fffd x13:fffffffd
27435553ns          489245 1c00948a 02ee08b3 mul              x17, x28, x14       x17=00000ee8 x28:00000018 x14:0000009f
27435573ns          489246 1c00948e 1006c833 p.exths          x16, x13, x0        x16=fffffffd x13:0000fffd
27435593ns          489247 1c009492 06b11823 sh               x11, 112(x2)        x11:000002e5  x2:10003cd8  PA:10003d48
27435613ns          489248 1c009496 000f5f03 lhu              x30, 0(x30)         x30=0000fe55 x30:1c002e7e  PA:1c002e7e
27435911ns          489263 1c00949a 0a012583 lw               x11, 160(x2)        x11=1c002e9e  x2:10003cd8  PA:10003d78
27435931ns          489264 1c00949c 1007d7b3 p.exthz          x15, x15, x0        x15=0000ffdd x15:ffffffdd
27435951ns          489265 1c0094a0 0004da03 lhu              x20, 0(x9)          x20=0000f7e7  x9:1c002e6e  PA:1c002e6e
27436249ns          489280 1c0094a4 1007c533 p.exths          x10, x15, x0        x10=ffffffdd x15:0000ffdd
27436269ns          489281 1c0094a8 09d11023 sh               x29, 128(x2)        x29:000001e5  x2:10003cd8  PA:10003d58
27436289ns          489282 1c0094ac 0003d483 lhu              x9, 0(x7)            x9=0000ff96  x7:1c002ebe  PA:1c002ebe
27436667ns          489301 1c0094b0 02e80eb3 mul              x29, x16, x14       x29=fffffe23 x16:fffffffd x14:0000009f
27436687ns          489302 1c0094b4 40a8d893 srai             x17, x17, 0x40a     x17=00000003 x17:00000ee8
27436707ns          489303 1c0094b8 03c80833 mul              x16, x16, x28       x16=ffffffb8 x16:fffffffd x28:00000018
27436727ns          489304 1c0094bc 09e11823 sh               x30, 144(x2)        x30:0000fe55  x2:10003cd8  PA:10003d68
27436746ns          489305 1c0094c0 0005d983 lhu              x19, 0(x11)         x19=0000ff48 x11:1c002e9e  PA:1c002e9e
27437085ns          489322 1c0094c4 81c88f5b p.muls           x30, x17, x28       x30=00000048 x17:00000003 x28:00000018
27437104ns          489323 1c0094c8 0002d583 lhu              x11, 0(x5)          x11=0000fe7e  x5:1c002eae  PA:1c002eae
27437403ns          489338 1c0094cc 03ce0fb3 mul              x31, x28, x28       x31=00000240 x28:00000018 x28:00000018
27437423ns          489339 1c0094d0 02e50733 mul              x14, x10, x14       x14=ffffea43 x10:ffffffdd x14:0000009f
27437443ns          489340 1c0094d4 40a85813 srai             x16, x16, 0x40a     x16=ffffffff x16:ffffffb8
27437462ns          489341 1c0094d8 03c50533 mul              x10, x10, x28       x10=fffffcb8 x10:ffffffdd x28:00000018
27437482ns          489342 1c0094dc 07015e03 lhu              x28, 112(x2)        x28=000002e5  x2:10003cd8  PA:10003d48
27437502ns          489343 1c0094e0 01b60633 add              x12, x12, x27       x12=0000234a x12:0000009f x27:000022ab
27437522ns          489344 1c0094e2 00980833 add              x16, x16, x9        x16=0000ff95 x16:ffffffff  x9:0000ff96
27437542ns          489345 1c0094e4 06015d83 lhu              x27, 96(x2)         x27=000004fb  x2:10003cd8  PA:10003d38
27437562ns          489346 1c0094e8 02812483 lw               x9, 40(x2)           x9=1c002ece  x2:10003cd8  PA:10003d00
27437582ns          489347 1c0094ea 40afdf93 srai             x31, x31, 0x40a     x31=00000000 x31:00000240
27437602ns          489348 1c0094ee 40a55513 srai             x10, x10, 0x40a     x10=ffffffff x10:fffffcb8
27437622ns          489349 1c0094f0 01cf8fb3 add              x31, x31, x28       x31=000002e5 x31:00000000 x28:000002e5
27437641ns          489350 1c0094f2 00b50533 add              x10, x10, x11       x10=0000fe7d x10:ffffffff x11:0000fe7e
27437661ns          489351 1c0094f4 09015e03 lhu              x28, 144(x2)        x28=0000fe55  x2:10003cd8  PA:10003d68
27437681ns          489352 1c0094f8 03012583 lw               x11, 48(x2)         x11=1c002ede  x2:10003cd8  PA:10003d08
27437701ns          489353 1c0094fa 00c49023 sh               x12, 0(x9)          x12:0000234a  x9:1c002ece  PA:1c002ece
27438039ns          489370 1c0094fe 01b888b3 add              x17, x17, x27       x17=000004fe x17:00000003 x27:000004fb
27438059ns          489371 1c009500 01a30333 add              x6, x6, x26          x6=00000ae6  x6:00000018 x26:00000ace
27438079ns          489372 1c009502 08015d83 lhu              x27, 128(x2)        x27=000001e5  x2:10003cd8  PA:10003d58
27438099ns          489373 1c009506 0000d903 lhu              x18, 0(x1)          x18=0000fd05  x1:1c002e8e  PA:1c002e8e
27438397ns          489388 1c00950a 01c686b3 add              x13, x13, x28       x13=0001fe52 x13:0000fffd x28:0000fe55
27438417ns          489389 1c00950c 00659023 sh               x6, 0(x11)           x6:00000ae6 x11:1c002ede  PA:1c002ede
27438735ns          489405 1c009510 40af5f13 srai             x30, x30, 0x40a     x30=00000000 x30:00000048
27438755ns          489406 1c009514 04812e03 lw               x28, 72(x2)         x28=1c002f0e  x2:10003cd8  PA:10003d20
27438775ns          489407 1c009516 01bf0f33 add              x30, x30, x27       x30=000001e5 x30:00000000 x27:000001e5
27438795ns          489408 1c009518 40aede93 srai             x29, x29, 0x40a     x29=ffffffff x29:fffffe23
27438815ns          489409 1c00951c 40a75713 srai             x14, x14, 0x40a     x14=fffffffa x14:ffffea43
27438835ns          489410 1c00951e 03812603 lw               x12, 56(x2)         x12=1c002eee  x2:10003cd8  PA:10003d10
27438855ns          489411 1c009520 04012d83 lw               x27, 64(x2)         x27=1c002efe  x2:10003cd8  PA:10003d18
27438874ns          489412 1c009522 01ee1023 sh               x30, 0(x28)         x30:000001e5 x28:1c002f0e  PA:1c002f0e
27439213ns          489429 1c009526 05812483 lw               x9, 88(x2)           x9=1c002e6e  x2:10003cd8  PA:10003d30
27439232ns          489430 1c009528 05012f03 lw               x30, 80(x2)         x30=1c002e7e  x2:10003cd8  PA:10003d28
27439252ns          489431 1c00952a 0a012583 lw               x11, 160(x2)        x11=1c002e9e  x2:10003cd8  PA:10003d78
27439272ns          489432 1c00952c 014787b3 add              x15, x15, x20       x15=0001f7c4 x15:0000ffdd x20:0000f7e7
27439292ns          489433 1c00952e 013e8eb3 add              x29, x29, x19       x29=0000ff47 x29:ffffffff x19:0000ff48
27439312ns          489434 1c009530 01270733 add              x14, x14, x18       x14=0000fcff x14:fffffffa x18:0000fd05
27439332ns          489435 1c009532 00f49023 sh               x15, 0(x9)          x15:0001f7c4  x9:1c002e6e  PA:1c002e6e
27439650ns          489451 1c009536 01161023 sh               x17, 0(x12)         x17:000004fe x12:1c002eee  PA:1c002eee
27439968ns          489467 1c00953a 01fd9023 sh               x31, 0(x27)         x31:000002e5 x27:1c002efe  PA:1c002efe
27440287ns          489483 1c00953e 00df1023 sh               x13, 0(x30)         x13:0001fe52 x30:1c002e7e  PA:1c002e7e
27440605ns          489499 1c009542 01d59023 sh               x29, 0(x11)         x29:0000ff47 x11:1c002e9e  PA:1c002e9e
27440923ns          489515 1c009546 00e09023 sh               x14, 0(x1)          x14:0000fcff  x1:1c002e8e  PA:1c002e8e
27441241ns          489531 1c00954a 01039023 sh               x16, 0(x7)          x16:0000ff95  x7:1c002ebe  PA:1c002ebe
27441559ns          489547 1c00954e 00a29023 sh               x10, 0(x5)          x10:0000fe7d  x5:1c002eae  PA:1c002eae
27441897ns          489564 1c009552 008b0b13 addi             x22, x22, 8         x22=000001f7 x22:000001ef
27441917ns          489565 1c009554 1f300793 addi             x15, x0, 499        x15=000001f3
27441937ns          489566 1c009558 e767dae3 bge              x15, x22, -396      x15:000001f3 x22:000001f7
27441957ns          489567 1c00955c 790020ef jal              x1, 10128            x1=1c009560
27442076ns          489573 1c00bcec f14027f3 csrrs            x15, x0, 0xf14      x15=00000007
27442156ns          489577 1c00bcf0 01f00713 addi             x14, x0, 31         x14=0000001f
27442196ns          489579 1c00bcf2 ca5797b3 p.extractu       x15, x15, 5, 5      x15=00000000 x15:00000007
27442216ns          489580 1c00bcf6 00e78863 beq              x15, x14, 16        x15:00000000 x14:0000001f
27442236ns          489581 1c00bcfa 002047b7 lui              x15, 0x204000       x15=00204000
27442295ns          489584 1c00bcfe 20078793 addi             x15, x15, 512       x15=00204200 x15:00204000
27442335ns          489586 1c00bd02 01c7e703 p.elw            x14, 28(x15)        x14=00010000 x15:00204200  PA:0020421c
27453413ns          490143 1c00bd06 00008067 jalr             x0, x1, 0            x1:1c009560
27453452ns          490145 1c009560 0ac12683 lw               x13, 172(x2)        x13=00000007  x2:10003cd8  PA:10003d84
27453572ns          490151 1c009562 28069ce3 bne              x13, x0, 2712       x13:00000007
27454685ns          490207 1c009ffa 4f3010ef jal              x1, 7410             x1=1c009ffe
27455163ns          490231 1c00bcec f14027f3 csrrs            x15, x0, 0xf14      x15=00000007
27455183ns          490232 1c00bcf0 01f00713 addi             x14, x0, 31         x14=0000001f
27455203ns          490233 1c00bcf2 ca5797b3 p.extractu       x15, x15, 5, 5      x15=00000000 x15:00000007
27455222ns          490234 1c00bcf6 00e78863 beq              x15, x14, 16        x15:00000000 x14:0000001f
27455242ns          490235 1c00bcfa 002047b7 lui              x15, 0x204000       x15=00204000
27455302ns          490238 1c00bcfe 20078793 addi             x15, x15, 512       x15=00204200 x15:00204000
27455342ns          490240 1c00bd02 01c7e703 p.elw            x14, 28(x15)        x14=00010000 x15:00204200  PA:0020421c
31727660ns          703650 1c00bd06 00008067 jalr             x0, x1, 0            x1:1c009ffe
31727700ns          703652 1c009ffe 00000493 addi             x9, x0, 0            x9=00000000
31727720ns          703653 1c00a000 4ed010ef jal              x1, 7404             x1=1c00a004
31727760ns          703655 1c00bcec f14027f3 csrrs            x15, x0, 0xf14      x15=00000007
31727780ns          703656 1c00bcf0 01f00713 addi             x14, x0, 31         x14=0000001f
31727800ns          703657 1c00bcf2 ca5797b3 p.extractu       x15, x15, 5, 5      x15=00000000 x15:00000007
31727820ns          703658 1c00bcf6 00e78863 beq              x15, x14, 16        x15:00000000 x14:0000001f
31727840ns          703659 1c00bcfa 002047b7 lui              x15, 0x204000       x15=00204000
31727860ns          703660 1c00bcfe 20078793 addi             x15, x15, 512       x15=00204200 x15:00204000
31727880ns          703661 1c00bd02 01c7e703 p.elw            x14, 28(x15)        x14=00010000 x15:00204200  PA:0020421c
31728402ns          703687 1c00bd06 00008067 jalr             x0, x1, 0            x1:1c00a004
31728442ns          703689 1c00a004 a4aff06f jal              x0, -3510          
31729526ns          703743 1c00924e 31c12083 lw               x1, 796(x2)          x1=1c00bbd0  x2:10003cd8  PA:10003ff4
31729566ns          703745 1c009252 31812403 lw               x8, 792(x2)          x8=xxxxxxxx  x2:10003cd8  PA:10003ff0
31729586ns          703746 1c009256 00900533 add              x10, x0, x9         x10=00000000  x9:00000000
31729606ns          703747 1c009258 31012903 lw               x18, 784(x2)        x18=xxxxxxxx  x2:10003cd8  PA:10003fe8
31729626ns          703748 1c00925c 31412483 lw               x9, 788(x2)          x9=xxxxxxxx  x2:10003cd8  PA:10003fec
31729987ns          703766 1c009260 30c12983 lw               x19, 780(x2)        x19=xxxxxxxx  x2:10003cd8  PA:10003fe4
31730027ns          703768 1c009264 30812a03 lw               x20, 776(x2)        x20=xxxxxxxx  x2:10003cd8  PA:10003fe0
31730047ns          703769 1c009268 30412a83 lw               x21, 772(x2)        x21=xxxxxxxx  x2:10003cd8  PA:10003fdc
31730067ns          703770 1c00926c 30012b03 lw               x22, 768(x2)        x22=xxxxxxxx  x2:10003cd8  PA:10003fd8
31730509ns          703792 1c009270 2fc12b83 lw               x23, 764(x2)        x23=xxxxxxxx  x2:10003cd8  PA:10003fd4
31730549ns          703794 1c009274 2f812c03 lw               x24, 760(x2)        x24=xxxxxxxx  x2:10003cd8  PA:10003fd0
31730569ns          703795 1c009278 2f412c83 lw               x25, 756(x2)        x25=xxxxxxxx  x2:10003cd8  PA:10003fcc
31730589ns          703796 1c00927c 2f012d03 lw               x26, 752(x2)        x26=xxxxxxxx  x2:10003cd8  PA:10003fc8
31731010ns          703817 1c009280 2ec12d83 lw               x27, 748(x2)        x27=xxxxxxxx  x2:10003cd8  PA:10003fc4
31731050ns          703819 1c009284 32010113 addi             x2, x2, 800          x2=10003ff8  x2:10003cd8
31731071ns          703820 1c009288 00008067 jalr             x0, x1, 0            x1:1c00bbd0
31731612ns          703847 1c00bbd0 f14027f3 csrrs            x15, x0, 0xf14      x15=00000007
31731652ns          703849 1c00bbd4 f457b7b3 p.bclr           x15, x15, 26, 5     x15=00000007 x15:00000007
31731672ns          703850 1c00bbd8 00079963 bne              x15, x0, 18         x15:00000007
31732134ns          703873 1c00bbea 002047b7 lui              x15, 0x204000       x15=00204000
31732575ns          703895 1c00bbee 00478713 addi             x14, x15, 4         x14=00204004 x15:00204000
31732595ns          703896 1c00bbf2 fff00693 addi             x13, x0, -1         x13=ffffffff
31732615ns          703897 1c00bbf4 00d72023 sw               x13, 0(x14)         x13:ffffffff x14:00204004  PA:00204004
