                Time          Cycles PC       Instr    Mnemonic
26618654ns          448170 1c008080 0640006f jal              x0, 100            
26619111ns          448193 1c0080e4 f1402573 csrrs            x10, x0, 0xf14      x10=00000002
26619151ns          448195 1c0080e8 01f57593 andi             x11, x10, 31        x11=00000002 x10:00000002
26619171ns          448196 1c0080ec 00555513 srli             x10, x10, 0x5       x10=00000000 x10:00000002
26619191ns          448197 1c0080ee 01f00613 addi             x12, x0, 31         x12=0000001f
26619608ns          448218 1c0080f0 00c50463 beq              x10, x12, 8         x10:00000000 x12:0000001f
26619648ns          448220 1c0080f4 fa1ff06f jal              x0, -96            
26620105ns          448243 1c008094 f3ff8117 auipc            x2, 0xf3ff8000       x2=10000094
26620145ns          448245 1c008098 f7010113 addi             x2, x2, -144         x2=10000004  x2:10000094
26620165ns          448246 1c00809c 00012103 lw               x2, 0(x2)            x2=10000008  x2:10000004  PA:10000004
26620603ns          448268 1c0080a0 000011b7 lui              x3, 0x1000           x3=00001000
26620642ns          448270 1c0080a4 80018193 addi             x3, x3, -2048        x3=00000800  x3:00001000
26620662ns          448271 1c0080a8 00158593 addi             x11, x11, 1         x11=00000003 x11:00000002
26620682ns          448272 1c0080ac 02b180b3 mul              x1, x3, x11          x1=00001800  x3:00000800 x11:00000003
26621120ns          448294 1c0080b0 00110133 add              x2, x2, x1           x2=10001808  x2:10000008  x1:00001800
26621159ns          448296 1c0080b4 2f10306f jal              x0, 15088          
26621637ns          448320 1c00bba4 002047b7 lui              x15, 0x204000       x15=00204000
26621677ns          448322 1c00bba8 ff010113 addi             x2, x2, -16          x2=100017f8  x2:10001808
26621696ns          448323 1c00bbaa 00112623 sw               x1, 12(x2)           x1:00001800  x2:100017f8  PA:10001804
26621716ns          448324 1c00bbac 00878713 addi             x14, x15, 8         x14=00204008 x15:00204000
26622134ns          448345 1c00bbb0 000706b7 lui              x13, 0x70000        x13=00070000
26622174ns          448347 1c00bbb4 00d72023 sw               x13, 0(x14)         x13:00070000 x14:00204008  PA:00204008
26622194ns          448348 1c00bbb6 20078693 addi             x13, x15, 512       x13=00204200 x15:00204000
26622214ns          448349 1c00bbba 0ff00713 addi             x14, x0, 255        x14=000000ff
26622233ns          448350 1c00bbbe 00e6a023 sw               x14, 0(x13)         x14:000000ff x13:00204200  PA:00204200
26622651ns          448371 1c00bbc0 20c78793 addi             x15, x15, 524       x15=0020420c x15:00204000
26622691ns          448373 1c00bbc4 00e7a023 sw               x14, 0(x15)         x14:000000ff x15:0020420c  PA:0020420c
26622711ns          448374 1c00bbc6 1c0037b7 lui              x15, 0x1c003000     x15=1c003000
26622731ns          448375 1c00bbca f447a783 lw               x15, -188(x15)      x15=1c009204 x15:1c003000  PA:1c002f44
26623168ns          448397 1c00bbce 000780e7 jalr             x1, x15, 0           x1=1c00bbd0 x15:1c009204
26623665ns          448422 1c009204 ce010113 addi             x2, x2, -800         x2=100014d8  x2:100017f8
26623705ns          448424 1c009208 f14027f3 csrrs            x15, x0, 0xf14      x15=00000002
26623725ns          448425 1c00920c 30112e23 sw               x1, 796(x2)          x1:1c00bbd0  x2:100014d8  PA:100017f4
26624182ns          448448 1c009210 30812c23 sw               x8, 792(x2)          x8:xxxxxxxx  x2:100014d8  PA:100017f0
26624222ns          448450 1c009214 30912a23 sw               x9, 788(x2)          x9:xxxxxxxx  x2:100014d8  PA:100017ec
26624242ns          448451 1c009218 31212823 sw               x18, 784(x2)        x18:xxxxxxxx  x2:100014d8  PA:100017e8
26624262ns          448452 1c00921c 31312623 sw               x19, 780(x2)        x19:xxxxxxxx  x2:100014d8  PA:100017e4
26624700ns          448474 1c009220 31412423 sw               x20, 776(x2)        x20:xxxxxxxx  x2:100014d8  PA:100017e0
26624739ns          448476 1c009224 31512223 sw               x21, 772(x2)        x21:xxxxxxxx  x2:100014d8  PA:100017dc
26624759ns          448477 1c009228 31612023 sw               x22, 768(x2)        x22:xxxxxxxx  x2:100014d8  PA:100017d8
26624779ns          448478 1c00922c 2f712e23 sw               x23, 764(x2)        x23:xxxxxxxx  x2:100014d8  PA:100017d4
26625217ns          448500 1c009230 2f812c23 sw               x24, 760(x2)        x24:xxxxxxxx  x2:100014d8  PA:100017d0
26625256ns          448502 1c009234 2f912a23 sw               x25, 756(x2)        x25:xxxxxxxx  x2:100014d8  PA:100017cc
26625276ns          448503 1c009238 2fa12823 sw               x26, 752(x2)        x26:xxxxxxxx  x2:100014d8  PA:100017c8
26625296ns          448504 1c00923c 2fb12623 sw               x27, 748(x2)        x27:xxxxxxxx  x2:100014d8  PA:100017c4
26625734ns          448526 1c009240 ca579733 p.extractu       x14, x15, 5, 5      x14=00000000 x15:00000002
26625773ns          448528 1c009244 04070363 beq              x14, x0, 70         x14:00000000
26626291ns          448554 1c00928a f457b7b3 p.bclr           x15, x15, 26, 5     x15=00000002 x15:00000002
26626728ns          448576 1c00928e 1c000537 lui              x10, 0x1c000000     x10=1c000000
26626748ns          448577 1c009292 00f005b3 add              x11, x0, x15        x11=00000002 x15:00000002
26626768ns          448578 1c009294 00800613 addi             x12, x0, 8          x12=00000008
26626788ns          448579 1c009296 07050513 addi             x10, x10, 112       x10=1c000070 x10:1c000000
26626808ns          448580 1c00929a 0af12623 sw               x15, 172(x2)        x15:00000002  x2:100014d8  PA:10001584
26626828ns          448581 1c00929c 7c0010ef jal              x1, 6080             x1=1c0092a0
26627703ns          448625 1c00aa5c fc010113 addi             x2, x2, -64          x2=10001498  x2:100014d8
26628180ns          448649 1c00aa5e 02410313 addi             x6, x2, 36           x6=100014bc  x2:10001498
26628200ns          448650 1c00aa62 02c12423 sw               x12, 40(x2)         x12:00000008  x2:10001498  PA:100014c0
26628220ns          448651 1c00aa64 00a00633 add              x12, x0, x10        x12=1c000070 x10:1c000070
26628240ns          448652 1c00aa66 1c00b537 lui              x10, 0x1c00b000     x10=1c00b000
26628259ns          448653 1c00aa6a 02b12223 sw               x11, 36(x2)         x11:00000002  x2:10001498  PA:100014bc
26628279ns          448654 1c00aa6c 02d12623 sw               x13, 44(x2)         x13:00204200  x2:10001498  PA:100014c4
26628299ns          448655 1c00aa6e 00200593 addi             x11, x0, 2          x11=00000002
26628697ns          448675 1c00aa70 006006b3 add              x13, x0, x6         x13=100014bc  x6:100014bc
26628737ns          448677 1c00aa72 a1850513 addi             x10, x10, -1512     x10=1c00aa18 x10:1c00b000
26628757ns          448678 1c00aa76 00112e23 sw               x1, 28(x2)           x1:1c0092a0  x2:10001498  PA:100014b4
26628777ns          448679 1c00aa78 02e12823 sw               x14, 48(x2)         x14:00000000  x2:10001498  PA:100014c8
26628796ns          448680 1c00aa7a 02f12a23 sw               x15, 52(x2)         x15:00000002  x2:10001498  PA:100014cc
26628816ns          448681 1c00aa7c 03012c23 sw               x16, 56(x2)         x16:xxxxxxxx  x2:10001498  PA:100014d0
26628836ns          448682 1c00aa7e 03112e23 sw               x17, 60(x2)         x17:xxxxxxxx  x2:10001498  PA:100014d4
26629214ns          448701 1c00aa80 00612623 sw               x6, 12(x2)           x6:100014bc  x2:10001498  PA:100014a4
26629234ns          448702 1c00aa82 fbfff0ef jal              x1, -66              x1=1c00aa84
26629691ns          448725 1c00aa40 04a0006f jal              x0, 74             
26629731ns          448727 1c00aa8a ed010113 addi             x2, x2, -304         x2=10001368  x2:10001498
26629751ns          448728 1c00aa8c 12812423 sw               x8, 296(x2)          x8:xxxxxxxx  x2:10001368  PA:10001490
26630189ns          448750 1c00aa90 00000413 addi             x8, x0, 0            x8=00000000
26630228ns          448752 1c00aa92 11612823 sw               x22, 272(x2)        x22:xxxxxxxx  x2:10001368  PA:10001478
26630248ns          448753 1c00aa96 11712623 sw               x23, 268(x2)        x23:xxxxxxxx  x2:10001368  PA:10001474
26630268ns          448754 1c00aa9a 11812423 sw               x24, 264(x2)        x24:xxxxxxxx  x2:10001368  PA:10001470
26630706ns          448776 1c00aa9e 11912223 sw               x25, 260(x2)        x25:xxxxxxxx  x2:10001368  PA:1000146c
26630745ns          448778 1c00aaa2 11a12023 sw               x26, 256(x2)        x26:xxxxxxxx  x2:10001368  PA:10001468
26630765ns          448779 1c00aaa6 0fb12e23 sw               x27, 252(x2)        x27:xxxxxxxx  x2:10001368  PA:10001464
26630785ns          448780 1c00aaa8 12112623 sw               x1, 300(x2)          x1:1c00aa84  x2:10001368  PA:10001494
26630805ns          448781 1c00aaac 00800db3 add              x27, x0, x8         x27=00000000  x8:00000000
26631223ns          448802 1c00aaae 12912223 sw               x9, 292(x2)          x9:xxxxxxxx  x2:10001368  PA:1000148c
26631263ns          448804 1c00aab2 13212023 sw               x18, 288(x2)        x18:xxxxxxxx  x2:10001368  PA:10001488
26631282ns          448805 1c00aab6 11312e23 sw               x19, 284(x2)        x19:xxxxxxxx  x2:10001368  PA:10001484
26631302ns          448806 1c00aaba 11412c23 sw               x20, 280(x2)        x20:xxxxxxxx  x2:10001368  PA:10001480
26631740ns          448828 1c00aabe 11512a23 sw               x21, 276(x2)        x21:xxxxxxxx  x2:10001368  PA:1000147c
26631760ns          448829 1c00aac2 00a00b33 add              x22, x0, x10        x22=1c00aa18 x10:1c00aa18
26631780ns          448830 1c00aac4 00b00d33 add              x26, x0, x11        x26=00000002 x11:00000002
26631800ns          448831 1c00aac6 00d00c33 add              x24, x0, x13        x24=100014bc x13:100014bc
26631819ns          448832 1c00aac8 1c000bb7 lui              x23, 0x1c000000     x23=1c000000
26631839ns          448833 1c00aacc 02410c93 addi             x25, x2, 36         x25=1000138c  x2:10001368
26632277ns          448855 1c00aad0 00c00433 add              x8, x0, x12          x8=1c000070 x12:1c000070
26632317ns          448857 1c00aad2 00044503 lbu              x10, 0(x8)          x10=00000043  x8:1c000070  PA:1c000070
26632734ns          448878 1c00aad6 00140413 addi             x8, x8, 1            x8=1c000071  x8:1c000070
26632754ns          448879 1c00aad8 00050e63 beq              x10, x0, 28         x10:00000043
26632774ns          448880 1c00aada 02500793 addi             x15, x0, 37         x15=00000025
26632814ns          448882 1c00aade 04f50863 beq              x10, x15, 80        x10:00000043 x15:00000025
26632834ns          448883 1c00aae2 01a005b3 add              x11, x0, x26        x11=00000002 x26:00000002
26632854ns          448884 1c00aae4 000b00e7 jalr             x1, x22, 0           x1=1c00aae6 x22:1c00aa18
26633311ns          448907 1c00aa18 000026b7 lui              x13, 0x2000         x13=00002000
26633351ns          448909 1c00aa1a f14027f3 csrrs            x15, x0, 0xf14      x15=00000002
26633788ns          448931 1c00aa1e f8068693 addi             x13, x13, -128      x13=00001f80 x13:00002000
26633828ns          448933 1c00aa22 00379713 slli             x14, x15, 0x3       x14=00000010 x15:00000002
26633848ns          448934 1c00aa26 00279793 slli             x15, x15, 0x2       x15=00000008 x15:00000002
26633868ns          448935 1c00aa28 00d7f7b3 and              x15, x15, x13       x15=00000000 x15:00000008 x13:00001f80
26633888ns          448936 1c00aa2a ee873733 p.bclr           x14, x14, 23, 8     x14=00000010 x14:00000010
26634305ns          448957 1c00aa2e 1a10f6b7 lui              x13, 0x1a10f000     x13=1a10f000
26634345ns          448959 1c00aa32 0ff57513 andi             x10, x10, 255       x10=00000043 x10:00000043
26634365ns          448960 1c00aa36 00d70733 add              x14, x14, x13       x14=1a10f010 x14:00000010 x13:1a10f000
26634385ns          448961 1c00aa38 00a7e723 p.sw             x10, x0(x15)        x10:00000043 x15:00000000  PA:1a10f010
26634803ns          448982 1c00aa3c 00000513 addi             x10, x0, 0          x10=00000000
26634823ns          448983 1c00aa3e 00008067 jalr             x0, x1, 0            x1:1c00aae6
26634882ns          448986 1c00aae6 25f52163 p.beqimm         x10, 578            x10:00000000
26634902ns          448987 1c00aaea 001d8d93 addi             x27, x27, 1         x27=00000001 x27:00000000
26634922ns          448988 1c00aaec 00044503 lbu              x10, 0(x8)          x10=0000006f  x8:1c000071  PA:1c000071
26635260ns          449005 1c00aaf0 00140413 addi             x8, x8, 1            x8=1c000072  x8:1c000071
26635280ns          449006 1c00aaf2 fe0514e3 bne              x10, x0, -24        x10:0000006f
26635360ns          449010 1c00aada 02500793 addi             x15, x0, 37         x15=00000025
26635379ns          449011 1c00aade 04f50863 beq              x10, x15, 80        x10:0000006f x15:00000025
26635399ns          449012 1c00aae2 01a005b3 add              x11, x0, x26        x11=00000002 x26:00000002
26635419ns          449013 1c00aae4 000b00e7 jalr             x1, x22, 0           x1=1c00aae6 x22:1c00aa18
26635459ns          449015 1c00aa18 000026b7 lui              x13, 0x2000         x13=00002000
26635479ns          449016 1c00aa1a f14027f3 csrrs            x15, x0, 0xf14      x15=00000002
26635499ns          449017 1c00aa1e f8068693 addi             x13, x13, -128      x13=00001f80 x13:00002000
26635519ns          449018 1c00aa22 00379713 slli             x14, x15, 0x3       x14=00000010 x15:00000002
26635538ns          449019 1c00aa26 00279793 slli             x15, x15, 0x2       x15=00000008 x15:00000002
26635558ns          449020 1c00aa28 00d7f7b3 and              x15, x15, x13       x15=00000000 x15:00000008 x13:00001f80
26635578ns          449021 1c00aa2a ee873733 p.bclr           x14, x14, 23, 8     x14=00000010 x14:00000010
26635598ns          449022 1c00aa2e 1a10f6b7 lui              x13, 0x1a10f000     x13=1a10f000
26635618ns          449023 1c00aa32 0ff57513 andi             x10, x10, 255       x10=0000006f x10:0000006f
26635638ns          449024 1c00aa36 00d70733 add              x14, x14, x13       x14=1a10f010 x14:00000010 x13:1a10f000
26635658ns          449025 1c00aa38 00a7e723 p.sw             x10, x0(x15)        x10:0000006f x15:00000000  PA:1a10f010
26636095ns          449047 1c00aa3c 00000513 addi             x10, x0, 0          x10=00000000
26636115ns          449048 1c00aa3e 00008067 jalr             x0, x1, 0            x1:1c00aae6
26636175ns          449051 1c00aae6 25f52163 p.beqimm         x10, 578            x10:00000000
26636195ns          449052 1c00aaea 001d8d93 addi             x27, x27, 1         x27=00000002 x27:00000001
26636215ns          449053 1c00aaec 00044503 lbu              x10, 0(x8)          x10=00000072  x8:1c000072  PA:1c000072
26636513ns          449068 1c00aaf0 00140413 addi             x8, x8, 1            x8=1c000073  x8:1c000072
26636533ns          449069 1c00aaf2 fe0514e3 bne              x10, x0, -24        x10:00000072
26636612ns          449073 1c00aada 02500793 addi             x15, x0, 37         x15=00000025
26636632ns          449074 1c00aade 04f50863 beq              x10, x15, 80        x10:00000072 x15:00000025
26636652ns          449075 1c00aae2 01a005b3 add              x11, x0, x26        x11=00000002 x26:00000002
26636672ns          449076 1c00aae4 000b00e7 jalr             x1, x22, 0           x1=1c00aae6 x22:1c00aa18
26636712ns          449078 1c00aa18 000026b7 lui              x13, 0x2000         x13=00002000
26636732ns          449079 1c00aa1a f14027f3 csrrs            x15, x0, 0xf14      x15=00000002
26636752ns          449080 1c00aa1e f8068693 addi             x13, x13, -128      x13=00001f80 x13:00002000
26636772ns          449081 1c00aa22 00379713 slli             x14, x15, 0x3       x14=00000010 x15:00000002
26636791ns          449082 1c00aa26 00279793 slli             x15, x15, 0x2       x15=00000008 x15:00000002
26636811ns          449083 1c00aa28 00d7f7b3 and              x15, x15, x13       x15=00000000 x15:00000008 x13:00001f80
26636831ns          449084 1c00aa2a ee873733 p.bclr           x14, x14, 23, 8     x14=00000010 x14:00000010
26636851ns          449085 1c00aa2e 1a10f6b7 lui              x13, 0x1a10f000     x13=1a10f000
26636871ns          449086 1c00aa32 0ff57513 andi             x10, x10, 255       x10=00000072 x10:00000072
26636891ns          449087 1c00aa36 00d70733 add              x14, x14, x13       x14=1a10f010 x14:00000010 x13:1a10f000
26636911ns          449088 1c00aa38 00a7e723 p.sw             x10, x0(x15)        x10:00000072 x15:00000000  PA:1a10f010
26637229ns          449104 1c00aa3c 00000513 addi             x10, x0, 0          x10=00000000
26637249ns          449105 1c00aa3e 00008067 jalr             x0, x1, 0            x1:1c00aae6
26637309ns          449108 1c00aae6 25f52163 p.beqimm         x10, 578            x10:00000000
26637328ns          449109 1c00aaea 001d8d93 addi             x27, x27, 1         x27=00000003 x27:00000002
26637348ns          449110 1c00aaec 00044503 lbu              x10, 0(x8)          x10=00000065  x8:1c000073  PA:1c000073
26637647ns          449125 1c00aaf0 00140413 addi             x8, x8, 1            x8=1c000074  x8:1c000073
26637667ns          449126 1c00aaf2 fe0514e3 bne              x10, x0, -24        x10:00000065
26637746ns          449130 1c00aada 02500793 addi             x15, x0, 37         x15=00000025
26637766ns          449131 1c00aade 04f50863 beq              x10, x15, 80        x10:00000065 x15:00000025
26637786ns          449132 1c00aae2 01a005b3 add              x11, x0, x26        x11=00000002 x26:00000002
26637806ns          449133 1c00aae4 000b00e7 jalr             x1, x22, 0           x1=1c00aae6 x22:1c00aa18
26637846ns          449135 1c00aa18 000026b7 lui              x13, 0x2000         x13=00002000
26637865ns          449136 1c00aa1a f14027f3 csrrs            x15, x0, 0xf14      x15=00000002
26637885ns          449137 1c00aa1e f8068693 addi             x13, x13, -128      x13=00001f80 x13:00002000
26637905ns          449138 1c00aa22 00379713 slli             x14, x15, 0x3       x14=00000010 x15:00000002
26637925ns          449139 1c00aa26 00279793 slli             x15, x15, 0x2       x15=00000008 x15:00000002
26637945ns          449140 1c00aa28 00d7f7b3 and              x15, x15, x13       x15=00000000 x15:00000008 x13:00001f80
26637965ns          449141 1c00aa2a ee873733 p.bclr           x14, x14, 23, 8     x14=00000010 x14:00000010
26637985ns          449142 1c00aa2e 1a10f6b7 lui              x13, 0x1a10f000     x13=1a10f000
26638005ns          449143 1c00aa32 0ff57513 andi             x10, x10, 255       x10=00000065 x10:00000065
26638024ns          449144 1c00aa36 00d70733 add              x14, x14, x13       x14=1a10f010 x14:00000010 x13:1a10f000
26638044ns          449145 1c00aa38 00a7e723 p.sw             x10, x0(x15)        x10:00000065 x15:00000000  PA:1a10f010
26638382ns          449162 1c00aa3c 00000513 addi             x10, x0, 0          x10=00000000
26638402ns          449163 1c00aa3e 00008067 jalr             x0, x1, 0            x1:1c00aae6
26638462ns          449166 1c00aae6 25f52163 p.beqimm         x10, 578            x10:00000000
26638482ns          449167 1c00aaea 001d8d93 addi             x27, x27, 1         x27=00000004 x27:00000003
26638502ns          449168 1c00aaec 00044503 lbu              x10, 0(x8)          x10=00000020  x8:1c000074  PA:1c000074
26638800ns          449183 1c00aaf0 00140413 addi             x8, x8, 1            x8=1c000075  x8:1c000074
26638820ns          449184 1c00aaf2 fe0514e3 bne              x10, x0, -24        x10:00000020
26638900ns          449188 1c00aada 02500793 addi             x15, x0, 37         x15=00000025
26638919ns          449189 1c00aade 04f50863 beq              x10, x15, 80        x10:00000020 x15:00000025
26638939ns          449190 1c00aae2 01a005b3 add              x11, x0, x26        x11=00000002 x26:00000002
26638959ns          449191 1c00aae4 000b00e7 jalr             x1, x22, 0           x1=1c00aae6 x22:1c00aa18
26638999ns          449193 1c00aa18 000026b7 lui              x13, 0x2000         x13=00002000
26639019ns          449194 1c00aa1a f14027f3 csrrs            x15, x0, 0xf14      x15=00000002
26639039ns          449195 1c00aa1e f8068693 addi             x13, x13, -128      x13=00001f80 x13:00002000
26639059ns          449196 1c00aa22 00379713 slli             x14, x15, 0x3       x14=00000010 x15:00000002
26639079ns          449197 1c00aa26 00279793 slli             x15, x15, 0x2       x15=00000008 x15:00000002
26639098ns          449198 1c00aa28 00d7f7b3 and              x15, x15, x13       x15=00000000 x15:00000008 x13:00001f80
26639118ns          449199 1c00aa2a ee873733 p.bclr           x14, x14, 23, 8     x14=00000010 x14:00000010
26639138ns          449200 1c00aa2e 1a10f6b7 lui              x13, 0x1a10f000     x13=1a10f000
26639158ns          449201 1c00aa32 0ff57513 andi             x10, x10, 255       x10=00000020 x10:00000020
26639178ns          449202 1c00aa36 00d70733 add              x14, x14, x13       x14=1a10f010 x14:00000010 x13:1a10f000
26639198ns          449203 1c00aa38 00a7e723 p.sw             x10, x0(x15)        x10:00000020 x15:00000000  PA:1a10f010
26639536ns          449220 1c00aa3c 00000513 addi             x10, x0, 0          x10=00000000
26639556ns          449221 1c00aa3e 00008067 jalr             x0, x1, 0            x1:1c00aae6
26639616ns          449224 1c00aae6 25f52163 p.beqimm         x10, 578            x10:00000000
26639635ns          449225 1c00aaea 001d8d93 addi             x27, x27, 1         x27=00000005 x27:00000004
26639655ns          449226 1c00aaec 00044503 lbu              x10, 0(x8)          x10=00000049  x8:1c000075  PA:1c000075
26639974ns          449242 1c00aaf0 00140413 addi             x8, x8, 1            x8=1c000076  x8:1c000075
26639993ns          449243 1c00aaf2 fe0514e3 bne              x10, x0, -24        x10:00000049
26640073ns          449247 1c00aada 02500793 addi             x15, x0, 37         x15=00000025
26640093ns          449248 1c00aade 04f50863 beq              x10, x15, 80        x10:00000049 x15:00000025
26640113ns          449249 1c00aae2 01a005b3 add              x11, x0, x26        x11=00000002 x26:00000002
26640133ns          449250 1c00aae4 000b00e7 jalr             x1, x22, 0           x1=1c00aae6 x22:1c00aa18
26640172ns          449252 1c00aa18 000026b7 lui              x13, 0x2000         x13=00002000
26640192ns          449253 1c00aa1a f14027f3 csrrs            x15, x0, 0xf14      x15=00000002
26640212ns          449254 1c00aa1e f8068693 addi             x13, x13, -128      x13=00001f80 x13:00002000
26640232ns          449255 1c00aa22 00379713 slli             x14, x15, 0x3       x14=00000010 x15:00000002
26640252ns          449256 1c00aa26 00279793 slli             x15, x15, 0x2       x15=00000008 x15:00000002
26640272ns          449257 1c00aa28 00d7f7b3 and              x15, x15, x13       x15=00000000 x15:00000008 x13:00001f80
26640292ns          449258 1c00aa2a ee873733 p.bclr           x14, x14, 23, 8     x14=00000010 x14:00000010
26640312ns          449259 1c00aa2e 1a10f6b7 lui              x13, 0x1a10f000     x13=1a10f000
26640332ns          449260 1c00aa32 0ff57513 andi             x10, x10, 255       x10=00000049 x10:00000049
26640351ns          449261 1c00aa36 00d70733 add              x14, x14, x13       x14=1a10f010 x14:00000010 x13:1a10f000
26640371ns          449262 1c00aa38 00a7e723 p.sw             x10, x0(x15)        x10:00000049 x15:00000000  PA:1a10f010
26640689ns          449278 1c00aa3c 00000513 addi             x10, x0, 0          x10=00000000
26640709ns          449279 1c00aa3e 00008067 jalr             x0, x1, 0            x1:1c00aae6
26640769ns          449282 1c00aae6 25f52163 p.beqimm         x10, 578            x10:00000000
26640789ns          449283 1c00aaea 001d8d93 addi             x27, x27, 1         x27=00000006 x27:00000005
26640809ns          449284 1c00aaec 00044503 lbu              x10, 0(x8)          x10=00000044  x8:1c000076  PA:1c000076
26641147ns          449301 1c00aaf0 00140413 addi             x8, x8, 1            x8=1c000077  x8:1c000076
26641167ns          449302 1c00aaf2 fe0514e3 bne              x10, x0, -24        x10:00000044
26641246ns          449306 1c00aada 02500793 addi             x15, x0, 37         x15=00000025
26641266ns          449307 1c00aade 04f50863 beq              x10, x15, 80        x10:00000044 x15:00000025
26641286ns          449308 1c00aae2 01a005b3 add              x11, x0, x26        x11=00000002 x26:00000002
26641306ns          449309 1c00aae4 000b00e7 jalr             x1, x22, 0           x1=1c00aae6 x22:1c00aa18
26641346ns          449311 1c00aa18 000026b7 lui              x13, 0x2000         x13=00002000
26641366ns          449312 1c00aa1a f14027f3 csrrs            x15, x0, 0xf14      x15=00000002
26641386ns          449313 1c00aa1e f8068693 addi             x13, x13, -128      x13=00001f80 x13:00002000
26641405ns          449314 1c00aa22 00379713 slli             x14, x15, 0x3       x14=00000010 x15:00000002
26641425ns          449315 1c00aa26 00279793 slli             x15, x15, 0x2       x15=00000008 x15:00000002
26641445ns          449316 1c00aa28 00d7f7b3 and              x15, x15, x13       x15=00000000 x15:00000008 x13:00001f80
26641465ns          449317 1c00aa2a ee873733 p.bclr           x14, x14, 23, 8     x14=00000010 x14:00000010
26641485ns          449318 1c00aa2e 1a10f6b7 lui              x13, 0x1a10f000     x13=1a10f000
26641505ns          449319 1c00aa32 0ff57513 andi             x10, x10, 255       x10=00000044 x10:00000044
26641525ns          449320 1c00aa36 00d70733 add              x14, x14, x13       x14=1a10f010 x14:00000010 x13:1a10f000
26641545ns          449321 1c00aa38 00a7e723 p.sw             x10, x0(x15)        x10:00000044 x15:00000000  PA:1a10f010
26641863ns          449337 1c00aa3c 00000513 addi             x10, x0, 0          x10=00000000
26641883ns          449338 1c00aa3e 00008067 jalr             x0, x1, 0            x1:1c00aae6
26641942ns          449341 1c00aae6 25f52163 p.beqimm         x10, 578            x10:00000000
26641962ns          449342 1c00aaea 001d8d93 addi             x27, x27, 1         x27=00000007 x27:00000006
26641982ns          449343 1c00aaec 00044503 lbu              x10, 0(x8)          x10=0000003a  x8:1c000077  PA:1c000077
26642300ns          449359 1c00aaf0 00140413 addi             x8, x8, 1            x8=1c000078  x8:1c000077
26642320ns          449360 1c00aaf2 fe0514e3 bne              x10, x0, -24        x10:0000003a
26642400ns          449364 1c00aada 02500793 addi             x15, x0, 37         x15=00000025
26642420ns          449365 1c00aade 04f50863 beq              x10, x15, 80        x10:0000003a x15:00000025
26642440ns          449366 1c00aae2 01a005b3 add              x11, x0, x26        x11=00000002 x26:00000002
26642460ns          449367 1c00aae4 000b00e7 jalr             x1, x22, 0           x1=1c00aae6 x22:1c00aa18
26642499ns          449369 1c00aa18 000026b7 lui              x13, 0x2000         x13=00002000
26642519ns          449370 1c00aa1a f14027f3 csrrs            x15, x0, 0xf14      x15=00000002
26642539ns          449371 1c00aa1e f8068693 addi             x13, x13, -128      x13=00001f80 x13:00002000
26642559ns          449372 1c00aa22 00379713 slli             x14, x15, 0x3       x14=00000010 x15:00000002
26642579ns          449373 1c00aa26 00279793 slli             x15, x15, 0x2       x15=00000008 x15:00000002
26642599ns          449374 1c00aa28 00d7f7b3 and              x15, x15, x13       x15=00000000 x15:00000008 x13:00001f80
26642619ns          449375 1c00aa2a ee873733 p.bclr           x14, x14, 23, 8     x14=00000010 x14:00000010
26642639ns          449376 1c00aa2e 1a10f6b7 lui              x13, 0x1a10f000     x13=1a10f000
26642658ns          449377 1c00aa32 0ff57513 andi             x10, x10, 255       x10=0000003a x10:0000003a
26642678ns          449378 1c00aa36 00d70733 add              x14, x14, x13       x14=1a10f010 x14:00000010 x13:1a10f000
26642698ns          449379 1c00aa38 00a7e723 p.sw             x10, x0(x15)        x10:0000003a x15:00000000  PA:1a10f010
26643016ns          449395 1c00aa3c 00000513 addi             x10, x0, 0          x10=00000000
26643036ns          449396 1c00aa3e 00008067 jalr             x0, x1, 0            x1:1c00aae6
26643096ns          449399 1c00aae6 25f52163 p.beqimm         x10, 578            x10:00000000
26643116ns          449400 1c00aaea 001d8d93 addi             x27, x27, 1         x27=00000008 x27:00000007
26643136ns          449401 1c00aaec 00044503 lbu              x10, 0(x8)          x10=00000020  x8:1c000078  PA:1c000078
26643434ns          449416 1c00aaf0 00140413 addi             x8, x8, 1            x8=1c000079  x8:1c000078
26643454ns          449417 1c00aaf2 fe0514e3 bne              x10, x0, -24        x10:00000020
26643533ns          449421 1c00aada 02500793 addi             x15, x0, 37         x15=00000025
26643553ns          449422 1c00aade 04f50863 beq              x10, x15, 80        x10:00000020 x15:00000025
26643573ns          449423 1c00aae2 01a005b3 add              x11, x0, x26        x11=00000002 x26:00000002
26643593ns          449424 1c00aae4 000b00e7 jalr             x1, x22, 0           x1=1c00aae6 x22:1c00aa18
26643633ns          449426 1c00aa18 000026b7 lui              x13, 0x2000         x13=00002000
26643653ns          449427 1c00aa1a f14027f3 csrrs            x15, x0, 0xf14      x15=00000002
26643673ns          449428 1c00aa1e f8068693 addi             x13, x13, -128      x13=00001f80 x13:00002000
26643693ns          449429 1c00aa22 00379713 slli             x14, x15, 0x3       x14=00000010 x15:00000002
26643712ns          449430 1c00aa26 00279793 slli             x15, x15, 0x2       x15=00000008 x15:00000002
26643732ns          449431 1c00aa28 00d7f7b3 and              x15, x15, x13       x15=00000000 x15:00000008 x13:00001f80
26643752ns          449432 1c00aa2a ee873733 p.bclr           x14, x14, 23, 8     x14=00000010 x14:00000010
26643772ns          449433 1c00aa2e 1a10f6b7 lui              x13, 0x1a10f000     x13=1a10f000
26643792ns          449434 1c00aa32 0ff57513 andi             x10, x10, 255       x10=00000020 x10:00000020
26643812ns          449435 1c00aa36 00d70733 add              x14, x14, x13       x14=1a10f010 x14:00000010 x13:1a10f000
26643832ns          449436 1c00aa38 00a7e723 p.sw             x10, x0(x15)        x10:00000020 x15:00000000  PA:1a10f010
26644150ns          449452 1c00aa3c 00000513 addi             x10, x0, 0          x10=00000000
26644170ns          449453 1c00aa3e 00008067 jalr             x0, x1, 0            x1:1c00aae6
26644230ns          449456 1c00aae6 25f52163 p.beqimm         x10, 578            x10:00000000
26644249ns          449457 1c00aaea 001d8d93 addi             x27, x27, 1         x27=00000009 x27:00000008
26644269ns          449458 1c00aaec 00044503 lbu              x10, 0(x8)          x10=00000025  x8:1c000079  PA:1c000079
26644568ns          449473 1c00aaf0 00140413 addi             x8, x8, 1            x8=1c00007a  x8:1c000079
26644588ns          449474 1c00aaf2 fe0514e3 bne              x10, x0, -24        x10:00000025
26644667ns          449478 1c00aada 02500793 addi             x15, x0, 37         x15=00000025
26644687ns          449479 1c00aade 04f50863 beq              x10, x15, 80        x10:00000025 x15:00000025
26645542ns          449522 1c00ab2e 00044483 lbu              x9, 0(x8)            x9=00000064  x8:1c00007a  PA:1c00007a
26645900ns          449540 1c00ab32 02000693 addi             x13, x0, 32         x13=00000020
26645920ns          449541 1c00ab36 00140a93 addi             x21, x8, 1          x21=1c00007b  x8:1c00007a
26645940ns          449542 1c00ab3a 009005b3 add              x11, x0, x9         x11=00000064  x9:00000064
26645960ns          449543 1c00ab3c 610b8513 addi             x10, x23, 1552      x10=1c000610 x23:1c000000
26646358ns          449563 1c00ab40 00d12823 sw               x13, 16(x2)         x13:00000020  x2:10001368  PA:10001378
26646377ns          449564 1c00ab42 00012c23 sw               x0, 24(x2)           x2:10001368  PA:10001380
26646397ns          449565 1c00ab44 00012a23 sw               x0, 20(x2)           x2:10001368  PA:1000137c
26646417ns          449566 1c00ab46 00012e23 sw               x0, 28(x2)           x2:10001368  PA:10001384
26646437ns          449567 1c00ab48 00012623 sw               x0, 12(x2)           x2:10001368  PA:10001374
26646457ns          449568 1c00ab4a 02300913 addi             x18, x0, 35         x18=00000023
26646875ns          449589 1c00ab4e 02d00a13 addi             x20, x0, 45         x20=0000002d
26646895ns          449590 1c00ab52 015009b3 add              x19, x0, x21        x19=1c00007b x21:1c00007b
26646914ns          449591 1c00ab54 e45ff0ef jal              x1, -444             x1=1c00ab56
26647372ns          449614 1c00a998 00054783 lbu              x15, 0(x10)         x15=0000002d x10:1c000610  PA:1c000610
26647829ns          449637 1c00a99c 0ff5f593 andi             x11, x11, 255       x11=00000064 x11:00000064
26647889ns          449640 1c00a9a0 00b78c63 beq              x15, x11, 24        x15:0000002d x11:00000064
26647929ns          449642 1c00a9a4 00078b63 beq              x15, x0, 22         x15:0000002d
26647949ns          449643 1c00a9a6 00150793 addi             x15, x10, 1         x15=1c000611 x10:1c000610
26647968ns          449644 1c00a9aa 0040006f jal              x0, 4              
26648446ns          449668 1c00a9ae 00f00533 add              x10, x0, x15        x10=1c000611 x15:1c000611
26648466ns          449669 1c00a9b0 0017c70b p.lbu            x14, 1(x15!)        x14=0000002b x15=1c000612 x15:1c000611  PA:1c000611
26648903ns          449691 1c00a9b4 feb71ce3 bne              x14, x11, -8        x14:0000002b x11:00000064
26649003ns          449696 1c00a9ac 00070763 beq              x14, x0, 14         x14:0000002b
26649023ns          449697 1c00a9ae 00f00533 add              x10, x0, x15        x10=1c000612 x15:1c000612
26649042ns          449698 1c00a9b0 0017c70b p.lbu            x14, 1(x15!)        x14=00000020 x15=1c000613 x15:1c000612  PA:1c000612
26649361ns          449714 1c00a9b4 feb71ce3 bne              x14, x11, -8        x14:00000020 x11:00000064
26649420ns          449717 1c00a9ac 00070763 beq              x14, x0, 14         x14:00000020
26649440ns          449718 1c00a9ae 00f00533 add              x10, x0, x15        x10=1c000613 x15:1c000613
26649460ns          449719 1c00a9b0 0017c70b p.lbu            x14, 1(x15!)        x14=00000023 x15=1c000614 x15:1c000613  PA:1c000613
26649778ns          449735 1c00a9b4 feb71ce3 bne              x14, x11, -8        x14:00000023 x11:00000064
26649838ns          449738 1c00a9ac 00070763 beq              x14, x0, 14         x14:00000023
26649858ns          449739 1c00a9ae 00f00533 add              x10, x0, x15        x10=1c000614 x15:1c000614
26649878ns          449740 1c00a9b0 0017c70b p.lbu            x14, 1(x15!)        x14=00000030 x15=1c000615 x15:1c000614  PA:1c000614
26650196ns          449756 1c00a9b4 feb71ce3 bne              x14, x11, -8        x14:00000030 x11:00000064
26650256ns          449759 1c00a9ac 00070763 beq              x14, x0, 14         x14:00000030
26650276ns          449760 1c00a9ae 00f00533 add              x10, x0, x15        x10=1c000615 x15:1c000615
26650295ns          449761 1c00a9b0 0017c70b p.lbu            x14, 1(x15!)        x14=00000000 x15=1c000616 x15:1c000615  PA:1c000615
26650633ns          449778 1c00a9b4 feb71ce3 bne              x14, x11, -8        x14:00000000 x11:00000064
26650693ns          449781 1c00a9ac 00070763 beq              x14, x0, 14         x14:00000000
26650773ns          449785 1c00a9ba 0015b593 sltiu            x11, x11, 1         x11=00000000 x11:00000064
26650793ns          449786 1c00a9be 40b005b3 sub              x11, x0, x11        x11=00000000 x11:00000000
26650812ns          449787 1c00a9c2 00b57533 and              x10, x10, x11       x10=00000000 x10:1c000615 x11:00000000
26650832ns          449788 1c00a9c4 00008067 jalr             x0, x1, 0            x1:1c00ab56
26650872ns          449790 1c00ab56 02050a63 beq              x10, x0, 52         x10:00000000
26651369ns          449815 1c00ab8a 02a00613 addi             x12, x0, 42         x12=0000002a
26651807ns          449837 1c00ab8e 1ec48c63 beq              x9, x12, 504         x9:00000064 x12:0000002a
26651847ns          449839 1c00ab92 fd048613 addi             x12, x9, -48        x12=00000034  x9:00000064
26651867ns          449840 1c00ab96 00900593 addi             x11, x0, 9          x11=00000009
26651886ns          449841 1c00ab98 00000913 addi             x18, x0, 0          x18=00000000
26651906ns          449842 1c00ab9a 1cc5f663 bgeu             x11, x12, 460       x11:00000009 x12:00000034
26652324ns          449863 1c00ab9e 02e00693 addi             x13, x0, 46         x13=0000002e
26652344ns          449864 1c00aba2 fff00a13 addi             x20, x0, -1         x20=ffffffff
26652364ns          449865 1c00aba4 22d48963 beq              x9, x13, 562         x9:00000064 x13:0000002e
26652384ns          449866 1c00aba8 1c0007b7 lui              x15, 0x1c000000     x15=1c000000
26652404ns          449867 1c00abac 009005b3 add              x11, x0, x9         x11=00000064  x9:00000064
26652841ns          449889 1c00abae 61878513 addi             x10, x15, 1560      x10=1c000618 x15:1c000000
26652861ns          449890 1c00abb2 de7ff0ef jal              x1, -538             x1=1c00abb4
26652940ns          449894 1c00a998 00054783 lbu              x15, 0(x10)         x15=00000068 x10:1c000618  PA:1c000618
26653259ns          449910 1c00a99c 0ff5f593 andi             x11, x11, 255       x11=00000064 x11:00000064
26653279ns          449911 1c00a9a0 00b78c63 beq              x15, x11, 24        x15:00000068 x11:00000064
26653298ns          449912 1c00a9a4 00078b63 beq              x15, x0, 22         x15:00000068
26653318ns          449913 1c00a9a6 00150793 addi             x15, x10, 1         x15=1c000619 x10:1c000618
26653338ns          449914 1c00a9aa 0040006f jal              x0, 4              
26653378ns          449916 1c00a9ae 00f00533 add              x10, x0, x15        x10=1c000619 x15:1c000619
26653398ns          449917 1c00a9b0 0017c70b p.lbu            x14, 1(x15!)        x14=0000006c x15=1c00061a x15:1c000619  PA:1c000619
26653756ns          449935 1c00a9b4 feb71ce3 bne              x14, x11, -8        x14:0000006c x11:00000064
26653816ns          449938 1c00a9ac 00070763 beq              x14, x0, 14         x14:0000006c
26653835ns          449939 1c00a9ae 00f00533 add              x10, x0, x15        x10=1c00061a x15:1c00061a
26653855ns          449940 1c00a9b0 0017c70b p.lbu            x14, 1(x15!)        x14=0000004c x15=1c00061b x15:1c00061a  PA:1c00061a
26654174ns          449956 1c00a9b4 feb71ce3 bne              x14, x11, -8        x14:0000004c x11:00000064
26654233ns          449959 1c00a9ac 00070763 beq              x14, x0, 14         x14:0000004c
26654253ns          449960 1c00a9ae 00f00533 add              x10, x0, x15        x10=1c00061b x15:1c00061b
26654273ns          449961 1c00a9b0 0017c70b p.lbu            x14, 1(x15!)        x14=0000007a x15=1c00061c x15:1c00061b  PA:1c00061b
26654591ns          449977 1c00a9b4 feb71ce3 bne              x14, x11, -8        x14:0000007a x11:00000064
26654651ns          449980 1c00a9ac 00070763 beq              x14, x0, 14         x14:0000007a
26654671ns          449981 1c00a9ae 00f00533 add              x10, x0, x15        x10=1c00061c x15:1c00061c
26654691ns          449982 1c00a9b0 0017c70b p.lbu            x14, 1(x15!)        x14=00000000 x15=1c00061d x15:1c00061c  PA:1c00061c
26655009ns          449998 1c00a9b4 feb71ce3 bne              x14, x11, -8        x14:00000000 x11:00000064
26655069ns          450001 1c00a9ac 00070763 beq              x14, x0, 14         x14:00000000
26655148ns          450005 1c00a9ba 0015b593 sltiu            x11, x11, 1         x11=00000000 x11:00000064
26655168ns          450006 1c00a9be 40b005b3 sub              x11, x0, x11        x11=00000000 x11:00000000
26655188ns          450007 1c00a9c2 00b57533 and              x10, x10, x11       x10=00000000 x10:1c00061c x11:00000000
26655208ns          450008 1c00a9c4 00008067 jalr             x0, x1, 0            x1:1c00abb4
26655248ns          450010 1c00abb4 01300433 add              x8, x0, x19          x8=1c00007b x19:1c00007b
26655267ns          450011 1c00abb6 00050563 beq              x10, x0, 10         x10:00000000
26655784ns          450037 1c00abc0 06700693 addi             x13, x0, 103        x13=00000067
26655804ns          450038 1c00abc4 1c96df63 bge              x13, x9, 478        x13:00000067  x9:00000064
26656321ns          450064 1c00ada2 06500693 addi             x13, x0, 101        x13=00000065
26656341ns          450065 1c00ada6 12d4d463 bge              x9, x13, 296         x9:00000064 x13:00000065
26656361ns          450066 1c00adaa 04700693 addi             x13, x0, 71         x13=00000047
26656799ns          450088 1c00adae 5296c363 blt              x13, x9, 1318       x13:00000047  x9:00000064
26657296ns          450113 1c00b2d4 06300693 addi             x13, x0, 99         x13=00000063
26657336ns          450115 1c00b2d8 1cd48463 beq              x9, x13, 456         x9:00000064 x13:00000063
26657356ns          450116 1c00b2dc 1296c763 blt              x13, x9, 302        x13:00000063  x9:00000064
26658290ns          450163 1c00b40a 000c2503 lw               x10, 0(x24)         x10=00000002 x24:100014bc  PA:100014bc
26658310ns          450164 1c00b40e 004c0c13 addi             x24, x24, 4         x24=100014c0 x24:100014bc
26658728ns          450185 1c00b410 2c054b63 blt              x10, x0, 726        x10:00000002
26658768ns          450187 1c00b414 01412603 lw               x12, 20(x2)         x12=00000000  x2:10001368  PA:1000137c
26658788ns          450188 1c00b416 00a006b3 add              x13, x0, x10        x13=00000002 x10:00000002
26658807ns          450189 1c00b418 2e061463 bne              x12, x0, 744        x12:00000000
26658827ns          450190 1c00b41c 01812703 lw               x14, 24(x2)         x14=00000000  x2:10001368  PA:10001380
26658847ns          450191 1c00b41e 019007b3 add              x15, x0, x25        x15=1000138c x25:1000138c
26659245ns          450211 1c00b420 00070763 beq              x14, x0, 14         x14:00000000
26659305ns          450214 1c00b42e 00f00733 add              x14, x0, x15        x14=1000138c x15:1000138c
26659742ns          450236 1c00b430 00a00593 addi             x11, x0, 10         x11=0000000a
26659782ns          450238 1c00b432 02b6f633 remu             x12, x13, x11       x12=00000002 x13:00000002 x11:0000000a
26660398ns          450269 1c00b436 02b6d6b3 divu             x13, x13, x11       x13=00000000 x13:00000002 x11:0000000a
26661015ns          450300 1c00b43a 03060613 addi             x12, x12, 48        x12=00000032 x12:00000002
26661035ns          450301 1c00b43e 00c700ab p.sb             x12, 1(x14!)        x14=1000138d x12:00000032 x14:1000138c  PA:1000138c
26661055ns          450302 1c00b442 fe0698e3 bne              x13, x0, -16        x13:00000000
26661075ns          450303 1c00b444 40f706b3 sub              x13, x14, x15       x13=00000001 x14:1000138d x15:1000138c
26661095ns          450304 1c00b448 0146da63 bge              x13, x20, 20        x13:00000001 x20:ffffffff
26661572ns          450328 1c00b45c 00e006b3 add              x13, x0, x14        x13=1000138d x14:1000138d
26662009ns          450350 1c00b45e fe068fab p.sb             x0, -1(x13!)        x13=1000138c x13:1000138d  PA:1000138d
26662049ns          450352 1c00b462 00d7fc63 bgeu             x15, x13, 24        x15:1000138c x13:1000138c
26662546ns          450377 1c00b47a 01412783 lw               x15, 20(x2)         x15=00000000  x2:10001368  PA:1000137c
26662586ns          450379 1c00b47c 01812603 lw               x12, 24(x2)         x12=00000000  x2:10001368  PA:10001380
26663024ns          450401 1c00b47e 419704b3 sub              x9, x14, x25         x9=00000001 x14:1000138d x25:1000138c
26663044ns          450402 1c00b482 00c7e7b3 or               x15, x15, x12       x15=00000000 x15:00000000 x12:00000000
26663063ns          450403 1c00b484 00f12623 sw               x15, 12(x2)         x15:00000000  x2:10001368  PA:10001374
26663083ns          450404 1c00b486 00079363 bne              x15, x0, 6          x15:00000000
26663103ns          450405 1c00b488 01f55513 srli             x10, x10, 0x1f      x10=00000000 x10:00000002
26663123ns          450406 1c00b48a 00a12623 sw               x10, 12(x2)         x10:00000000  x2:10001368  PA:10001374
26663143ns          450407 1c00b48c ddfa22e3 p.beqimm         x20, -572           x20:ffffffff
26663998ns          450450 1c00b250 0c800793 addi             x15, x0, 200        x15=000000c8
26664038ns          450452 1c00b254 ac97cae3 blt              x15, x9, -1324      x15:000000c8  x9:00000001
26664058ns          450453 1c00b258 9d24c8e3 blt              x9, x18, -1584       x9:00000001 x18:00000000
26664078ns          450454 1c00b25c aabff06f jal              x0, -1366          
26665013ns          450501 1c00ad06 dc0486e3 beq              x9, x0, -564         x9:00000001
26665032ns          450502 1c00ad0a 01900933 add              x18, x0, x25        x18=1000138c x25:1000138c
26665052ns          450503 1c00ad0c 419d8db3 sub              x27, x27, x25       x27=efffec7d x27:00000009 x25:1000138c
26665470ns          450524 1c00ad10 00a0006f jal              x0, 10             
26665530ns          450527 1c00ad1a 0019450b p.lbu            x10, 1(x18!)        x10=00000032 x18=1000138d x18:1000138c  PA:1000138c
26665549ns          450528 1c00ad1e 01a005b3 add              x11, x0, x26        x11=00000002 x26:00000002
26665967ns          450549 1c00ad20 000b00e7 jalr             x1, x22, 0           x1=1c00ad22 x22:1c00aa18
26666047ns          450553 1c00aa18 000026b7 lui              x13, 0x2000         x13=00002000
26666086ns          450555 1c00aa1a f14027f3 csrrs            x15, x0, 0xf14      x15=00000002
26666106ns          450556 1c00aa1e f8068693 addi             x13, x13, -128      x13=00001f80 x13:00002000
26666126ns          450557 1c00aa22 00379713 slli             x14, x15, 0x3       x14=00000010 x15:00000002
26666146ns          450558 1c00aa26 00279793 slli             x15, x15, 0x2       x15=00000008 x15:00000002
26666166ns          450559 1c00aa28 00d7f7b3 and              x15, x15, x13       x15=00000000 x15:00000008 x13:00001f80
26666186ns          450560 1c00aa2a ee873733 p.bclr           x14, x14, 23, 8     x14=00000010 x14:00000010
26666226ns          450562 1c00aa2e 1a10f6b7 lui              x13, 0x1a10f000     x13=1a10f000
26666265ns          450564 1c00aa32 0ff57513 andi             x10, x10, 255       x10=00000032 x10:00000032
26666285ns          450565 1c00aa36 00d70733 add              x14, x14, x13       x14=1a10f010 x14:00000010 x13:1a10f000
26666305ns          450566 1c00aa38 00a7e723 p.sw             x10, x0(x15)        x10:00000032 x15:00000000  PA:1a10f010
26666663ns          450584 1c00aa3c 00000513 addi             x10, x0, 0          x10=00000000
26666683ns          450585 1c00aa3e 00008067 jalr             x0, x1, 0            x1:1c00ad22
26666723ns          450587 1c00ad22 fff48493 addi             x9, x9, -1           x9=00000000  x9:00000001
26666743ns          450588 1c00ad24 fff537e3 p.bneimm         x10, -18            x10:00000000
26666822ns          450592 1c00ad12 012d8733 add              x14, x27, x18       x14=0000000a x27:efffec7d x18:1000138d
26666842ns          450593 1c00ad16 66048d63 beq              x9, x0, 1658         x9:00000000
26667280ns          450615 1c00b390 00e00db3 add              x27, x0, x14        x27=0000000a x14:0000000a
26667320ns          450617 1c00b392 f40ff06f jal              x0, -2240          
26667439ns          450623 1c00aad2 00044503 lbu              x10, 0(x8)          x10=0000002c  x8:1c00007b  PA:1c00007b
26667757ns          450639 1c00aad6 00140413 addi             x8, x8, 1            x8=1c00007c  x8:1c00007b
26667777ns          450640 1c00aad8 00050e63 beq              x10, x0, 28         x10:0000002c
26667797ns          450641 1c00aada 02500793 addi             x15, x0, 37         x15=00000025
26667817ns          450642 1c00aade 04f50863 beq              x10, x15, 80        x10:0000002c x15:00000025
26667837ns          450643 1c00aae2 01a005b3 add              x11, x0, x26        x11=00000002 x26:00000002
26667856ns          450644 1c00aae4 000b00e7 jalr             x1, x22, 0           x1=1c00aae6 x22:1c00aa18
26667896ns          450646 1c00aa18 000026b7 lui              x13, 0x2000         x13=00002000
26667916ns          450647 1c00aa1a f14027f3 csrrs            x15, x0, 0xf14      x15=00000002
26667936ns          450648 1c00aa1e f8068693 addi             x13, x13, -128      x13=00001f80 x13:00002000
26667956ns          450649 1c00aa22 00379713 slli             x14, x15, 0x3       x14=00000010 x15:00000002
26667976ns          450650 1c00aa26 00279793 slli             x15, x15, 0x2       x15=00000008 x15:00000002
26667996ns          450651 1c00aa28 00d7f7b3 and              x15, x15, x13       x15=00000000 x15:00000008 x13:00001f80
26668016ns          450652 1c00aa2a ee873733 p.bclr           x14, x14, 23, 8     x14=00000010 x14:00000010
26668035ns          450653 1c00aa2e 1a10f6b7 lui              x13, 0x1a10f000     x13=1a10f000
26668055ns          450654 1c00aa32 0ff57513 andi             x10, x10, 255       x10=0000002c x10:0000002c
26668075ns          450655 1c00aa36 00d70733 add              x14, x14, x13       x14=1a10f010 x14:00000010 x13:1a10f000
26668095ns          450656 1c00aa38 00a7e723 p.sw             x10, x0(x15)        x10:0000002c x15:00000000  PA:1a10f010
26668453ns          450674 1c00aa3c 00000513 addi             x10, x0, 0          x10=00000000
26668473ns          450675 1c00aa3e 00008067 jalr             x0, x1, 0            x1:1c00aae6
26668533ns          450678 1c00aae6 25f52163 p.beqimm         x10, 578            x10:00000000
26668553ns          450679 1c00aaea 001d8d93 addi             x27, x27, 1         x27=0000000b x27:0000000a
26668572ns          450680 1c00aaec 00044503 lbu              x10, 0(x8)          x10=00000020  x8:1c00007c  PA:1c00007c
26668871ns          450695 1c00aaf0 00140413 addi             x8, x8, 1            x8=1c00007d  x8:1c00007c
26668891ns          450696 1c00aaf2 fe0514e3 bne              x10, x0, -24        x10:00000020
26668970ns          450700 1c00aada 02500793 addi             x15, x0, 37         x15=00000025
26668990ns          450701 1c00aade 04f50863 beq              x10, x15, 80        x10:00000020 x15:00000025
26669010ns          450702 1c00aae2 01a005b3 add              x11, x0, x26        x11=00000002 x26:00000002
26669030ns          450703 1c00aae4 000b00e7 jalr             x1, x22, 0           x1=1c00aae6 x22:1c00aa18
26669070ns          450705 1c00aa18 000026b7 lui              x13, 0x2000         x13=00002000
26669090ns          450706 1c00aa1a f14027f3 csrrs            x15, x0, 0xf14      x15=00000002
26669109ns          450707 1c00aa1e f8068693 addi             x13, x13, -128      x13=00001f80 x13:00002000
26669129ns          450708 1c00aa22 00379713 slli             x14, x15, 0x3       x14=00000010 x15:00000002
26669149ns          450709 1c00aa26 00279793 slli             x15, x15, 0x2       x15=00000008 x15:00000002
26669169ns          450710 1c00aa28 00d7f7b3 and              x15, x15, x13       x15=00000000 x15:00000008 x13:00001f80
26669189ns          450711 1c00aa2a ee873733 p.bclr           x14, x14, 23, 8     x14=00000010 x14:00000010
26669209ns          450712 1c00aa2e 1a10f6b7 lui              x13, 0x1a10f000     x13=1a10f000
26669229ns          450713 1c00aa32 0ff57513 andi             x10, x10, 255       x10=00000020 x10:00000020
26669249ns          450714 1c00aa36 00d70733 add              x14, x14, x13       x14=1a10f010 x14:00000010 x13:1a10f000
26669269ns          450715 1c00aa38 00a7e723 p.sw             x10, x0(x15)        x10:00000020 x15:00000000  PA:1a10f010
26669587ns          450731 1c00aa3c 00000513 addi             x10, x0, 0          x10=00000000
26669607ns          450732 1c00aa3e 00008067 jalr             x0, x1, 0            x1:1c00aae6
26669666ns          450735 1c00aae6 25f52163 p.beqimm         x10, 578            x10:00000000
26669686ns          450736 1c00aaea 001d8d93 addi             x27, x27, 1         x27=0000000c x27:0000000b
26669706ns          450737 1c00aaec 00044503 lbu              x10, 0(x8)          x10=0000004e  x8:1c00007d  PA:1c00007d
26670004ns          450752 1c00aaf0 00140413 addi             x8, x8, 1            x8=1c00007e  x8:1c00007d
26670024ns          450753 1c00aaf2 fe0514e3 bne              x10, x0, -24        x10:0000004e
26670104ns          450757 1c00aada 02500793 addi             x15, x0, 37         x15=00000025
26670124ns          450758 1c00aade 04f50863 beq              x10, x15, 80        x10:0000004e x15:00000025
26670144ns          450759 1c00aae2 01a005b3 add              x11, x0, x26        x11=00000002 x26:00000002
26670164ns          450760 1c00aae4 000b00e7 jalr             x1, x22, 0           x1=1c00aae6 x22:1c00aa18
26670203ns          450762 1c00aa18 000026b7 lui              x13, 0x2000         x13=00002000
26670223ns          450763 1c00aa1a f14027f3 csrrs            x15, x0, 0xf14      x15=00000002
26670243ns          450764 1c00aa1e f8068693 addi             x13, x13, -128      x13=00001f80 x13:00002000
26670263ns          450765 1c00aa22 00379713 slli             x14, x15, 0x3       x14=00000010 x15:00000002
26670283ns          450766 1c00aa26 00279793 slli             x15, x15, 0x2       x15=00000008 x15:00000002
26670303ns          450767 1c00aa28 00d7f7b3 and              x15, x15, x13       x15=00000000 x15:00000008 x13:00001f80
26670323ns          450768 1c00aa2a ee873733 p.bclr           x14, x14, 23, 8     x14=00000010 x14:00000010
26670342ns          450769 1c00aa2e 1a10f6b7 lui              x13, 0x1a10f000     x13=1a10f000
26670362ns          450770 1c00aa32 0ff57513 andi             x10, x10, 255       x10=0000004e x10:0000004e
26670382ns          450771 1c00aa36 00d70733 add              x14, x14, x13       x14=1a10f010 x14:00000010 x13:1a10f000
26670402ns          450772 1c00aa38 00a7e723 p.sw             x10, x0(x15)        x10:0000004e x15:00000000  PA:1a10f010
26670740ns          450789 1c00aa3c 00000513 addi             x10, x0, 0          x10=00000000
26670760ns          450790 1c00aa3e 00008067 jalr             x0, x1, 0            x1:1c00aae6
26670820ns          450793 1c00aae6 25f52163 p.beqimm         x10, 578            x10:00000000
26670840ns          450794 1c00aaea 001d8d93 addi             x27, x27, 1         x27=0000000d x27:0000000c
26670860ns          450795 1c00aaec 00044503 lbu              x10, 0(x8)          x10=00000075  x8:1c00007e  PA:1c00007e
26671158ns          450810 1c00aaf0 00140413 addi             x8, x8, 1            x8=1c00007f  x8:1c00007e
26671178ns          450811 1c00aaf2 fe0514e3 bne              x10, x0, -24        x10:00000075
26671257ns          450815 1c00aada 02500793 addi             x15, x0, 37         x15=00000025
26671277ns          450816 1c00aade 04f50863 beq              x10, x15, 80        x10:00000075 x15:00000025
26671297ns          450817 1c00aae2 01a005b3 add              x11, x0, x26        x11=00000002 x26:00000002
26671317ns          450818 1c00aae4 000b00e7 jalr             x1, x22, 0           x1=1c00aae6 x22:1c00aa18
26671357ns          450820 1c00aa18 000026b7 lui              x13, 0x2000         x13=00002000
26671377ns          450821 1c00aa1a f14027f3 csrrs            x15, x0, 0xf14      x15=00000002
26671397ns          450822 1c00aa1e f8068693 addi             x13, x13, -128      x13=00001f80 x13:00002000
26671416ns          450823 1c00aa22 00379713 slli             x14, x15, 0x3       x14=00000010 x15:00000002
26671436ns          450824 1c00aa26 00279793 slli             x15, x15, 0x2       x15=00000008 x15:00000002
26671456ns          450825 1c00aa28 00d7f7b3 and              x15, x15, x13       x15=00000000 x15:00000008 x13:00001f80
26671476ns          450826 1c00aa2a ee873733 p.bclr           x14, x14, 23, 8     x14=00000010 x14:00000010
26671496ns          450827 1c00aa2e 1a10f6b7 lui              x13, 0x1a10f000     x13=1a10f000
26671516ns          450828 1c00aa32 0ff57513 andi             x10, x10, 255       x10=00000075 x10:00000075
26671536ns          450829 1c00aa36 00d70733 add              x14, x14, x13       x14=1a10f010 x14:00000010 x13:1a10f000
26671556ns          450830 1c00aa38 00a7e723 p.sw             x10, x0(x15)        x10:00000075 x15:00000000  PA:1a10f010
26671874ns          450846 1c00aa3c 00000513 addi             x10, x0, 0          x10=00000000
26671894ns          450847 1c00aa3e 00008067 jalr             x0, x1, 0            x1:1c00aae6
26671953ns          450850 1c00aae6 25f52163 p.beqimm         x10, 578            x10:00000000
26671973ns          450851 1c00aaea 001d8d93 addi             x27, x27, 1         x27=0000000e x27:0000000d
26671993ns          450852 1c00aaec 00044503 lbu              x10, 0(x8)          x10=0000006d  x8:1c00007f  PA:1c00007f
26672292ns          450867 1c00aaf0 00140413 addi             x8, x8, 1            x8=1c000080  x8:1c00007f
26672311ns          450868 1c00aaf2 fe0514e3 bne              x10, x0, -24        x10:0000006d
26672391ns          450872 1c00aada 02500793 addi             x15, x0, 37         x15=00000025
26672411ns          450873 1c00aade 04f50863 beq              x10, x15, 80        x10:0000006d x15:00000025
26672431ns          450874 1c00aae2 01a005b3 add              x11, x0, x26        x11=00000002 x26:00000002
26672451ns          450875 1c00aae4 000b00e7 jalr             x1, x22, 0           x1=1c00aae6 x22:1c00aa18
26672490ns          450877 1c00aa18 000026b7 lui              x13, 0x2000         x13=00002000
26672510ns          450878 1c00aa1a f14027f3 csrrs            x15, x0, 0xf14      x15=00000002
26672530ns          450879 1c00aa1e f8068693 addi             x13, x13, -128      x13=00001f80 x13:00002000
26672550ns          450880 1c00aa22 00379713 slli             x14, x15, 0x3       x14=00000010 x15:00000002
26672570ns          450881 1c00aa26 00279793 slli             x15, x15, 0x2       x15=00000008 x15:00000002
26672590ns          450882 1c00aa28 00d7f7b3 and              x15, x15, x13       x15=00000000 x15:00000008 x13:00001f80
26672610ns          450883 1c00aa2a ee873733 p.bclr           x14, x14, 23, 8     x14=00000010 x14:00000010
26672630ns          450884 1c00aa2e 1a10f6b7 lui              x13, 0x1a10f000     x13=1a10f000
26672650ns          450885 1c00aa32 0ff57513 andi             x10, x10, 255       x10=0000006d x10:0000006d
26672669ns          450886 1c00aa36 00d70733 add              x14, x14, x13       x14=1a10f010 x14:00000010 x13:1a10f000
26672689ns          450887 1c00aa38 00a7e723 p.sw             x10, x0(x15)        x10:0000006d x15:00000000  PA:1a10f010
26673047ns          450905 1c00aa3c 00000513 addi             x10, x0, 0          x10=00000000
26673067ns          450906 1c00aa3e 00008067 jalr             x0, x1, 0            x1:1c00aae6
26673127ns          450909 1c00aae6 25f52163 p.beqimm         x10, 578            x10:00000000
26673147ns          450910 1c00aaea 001d8d93 addi             x27, x27, 1         x27=0000000f x27:0000000e
26673167ns          450911 1c00aaec 00044503 lbu              x10, 0(x8)          x10=00000062  x8:1c000080  PA:1c000080
26673465ns          450926 1c00aaf0 00140413 addi             x8, x8, 1            x8=1c000081  x8:1c000080
26673485ns          450927 1c00aaf2 fe0514e3 bne              x10, x0, -24        x10:00000062
26673564ns          450931 1c00aada 02500793 addi             x15, x0, 37         x15=00000025
26673584ns          450932 1c00aade 04f50863 beq              x10, x15, 80        x10:00000062 x15:00000025
26673604ns          450933 1c00aae2 01a005b3 add              x11, x0, x26        x11=00000002 x26:00000002
26673624ns          450934 1c00aae4 000b00e7 jalr             x1, x22, 0           x1=1c00aae6 x22:1c00aa18
26673664ns          450936 1c00aa18 000026b7 lui              x13, 0x2000         x13=00002000
26673684ns          450937 1c00aa1a f14027f3 csrrs            x15, x0, 0xf14      x15=00000002
26673704ns          450938 1c00aa1e f8068693 addi             x13, x13, -128      x13=00001f80 x13:00002000
26673723ns          450939 1c00aa22 00379713 slli             x14, x15, 0x3       x14=00000010 x15:00000002
26673743ns          450940 1c00aa26 00279793 slli             x15, x15, 0x2       x15=00000008 x15:00000002
26673763ns          450941 1c00aa28 00d7f7b3 and              x15, x15, x13       x15=00000000 x15:00000008 x13:00001f80
26673783ns          450942 1c00aa2a ee873733 p.bclr           x14, x14, 23, 8     x14=00000010 x14:00000010
26673803ns          450943 1c00aa2e 1a10f6b7 lui              x13, 0x1a10f000     x13=1a10f000
26673823ns          450944 1c00aa32 0ff57513 andi             x10, x10, 255       x10=00000062 x10:00000062
26673843ns          450945 1c00aa36 00d70733 add              x14, x14, x13       x14=1a10f010 x14:00000010 x13:1a10f000
26673863ns          450946 1c00aa38 00a7e723 p.sw             x10, x0(x15)        x10:00000062 x15:00000000  PA:1a10f010
26674181ns          450962 1c00aa3c 00000513 addi             x10, x0, 0          x10=00000000
26674201ns          450963 1c00aa3e 00008067 jalr             x0, x1, 0            x1:1c00aae6
26674260ns          450966 1c00aae6 25f52163 p.beqimm         x10, 578            x10:00000000
26674280ns          450967 1c00aaea 001d8d93 addi             x27, x27, 1         x27=00000010 x27:0000000f
26674300ns          450968 1c00aaec 00044503 lbu              x10, 0(x8)          x10=00000065  x8:1c000081  PA:1c000081
26674599ns          450983 1c00aaf0 00140413 addi             x8, x8, 1            x8=1c000082  x8:1c000081
26674618ns          450984 1c00aaf2 fe0514e3 bne              x10, x0, -24        x10:00000065
26674698ns          450988 1c00aada 02500793 addi             x15, x0, 37         x15=00000025
26674718ns          450989 1c00aade 04f50863 beq              x10, x15, 80        x10:00000065 x15:00000025
26674738ns          450990 1c00aae2 01a005b3 add              x11, x0, x26        x11=00000002 x26:00000002
26674758ns          450991 1c00aae4 000b00e7 jalr             x1, x22, 0           x1=1c00aae6 x22:1c00aa18
26674797ns          450993 1c00aa18 000026b7 lui              x13, 0x2000         x13=00002000
26674817ns          450994 1c00aa1a f14027f3 csrrs            x15, x0, 0xf14      x15=00000002
26674837ns          450995 1c00aa1e f8068693 addi             x13, x13, -128      x13=00001f80 x13:00002000
26674857ns          450996 1c00aa22 00379713 slli             x14, x15, 0x3       x14=00000010 x15:00000002
26674877ns          450997 1c00aa26 00279793 slli             x15, x15, 0x2       x15=00000008 x15:00000002
26674897ns          450998 1c00aa28 00d7f7b3 and              x15, x15, x13       x15=00000000 x15:00000008 x13:00001f80
26674917ns          450999 1c00aa2a ee873733 p.bclr           x14, x14, 23, 8     x14=00000010 x14:00000010
26674937ns          451000 1c00aa2e 1a10f6b7 lui              x13, 0x1a10f000     x13=1a10f000
26674957ns          451001 1c00aa32 0ff57513 andi             x10, x10, 255       x10=00000065 x10:00000065
26674976ns          451002 1c00aa36 00d70733 add              x14, x14, x13       x14=1a10f010 x14:00000010 x13:1a10f000
26674996ns          451003 1c00aa38 00a7e723 p.sw             x10, x0(x15)        x10:00000065 x15:00000000  PA:1a10f010
26675334ns          451020 1c00aa3c 00000513 addi             x10, x0, 0          x10=00000000
26675354ns          451021 1c00aa3e 00008067 jalr             x0, x1, 0            x1:1c00aae6
26675414ns          451024 1c00aae6 25f52163 p.beqimm         x10, 578            x10:00000000
26675434ns          451025 1c00aaea 001d8d93 addi             x27, x27, 1         x27=00000011 x27:00000010
26675454ns          451026 1c00aaec 00044503 lbu              x10, 0(x8)          x10=00000072  x8:1c000082  PA:1c000082
26675772ns          451042 1c00aaf0 00140413 addi             x8, x8, 1            x8=1c000083  x8:1c000082
26675792ns          451043 1c00aaf2 fe0514e3 bne              x10, x0, -24        x10:00000072
26675871ns          451047 1c00aada 02500793 addi             x15, x0, 37         x15=00000025
26675891ns          451048 1c00aade 04f50863 beq              x10, x15, 80        x10:00000072 x15:00000025
26675911ns          451049 1c00aae2 01a005b3 add              x11, x0, x26        x11=00000002 x26:00000002
26675931ns          451050 1c00aae4 000b00e7 jalr             x1, x22, 0           x1=1c00aae6 x22:1c00aa18
26675971ns          451052 1c00aa18 000026b7 lui              x13, 0x2000         x13=00002000
26675991ns          451053 1c00aa1a f14027f3 csrrs            x15, x0, 0xf14      x15=00000002
26676011ns          451054 1c00aa1e f8068693 addi             x13, x13, -128      x13=00001f80 x13:00002000
26676030ns          451055 1c00aa22 00379713 slli             x14, x15, 0x3       x14=00000010 x15:00000002
26676050ns          451056 1c00aa26 00279793 slli             x15, x15, 0x2       x15=00000008 x15:00000002
26676070ns          451057 1c00aa28 00d7f7b3 and              x15, x15, x13       x15=00000000 x15:00000008 x13:00001f80
26676090ns          451058 1c00aa2a ee873733 p.bclr           x14, x14, 23, 8     x14=00000010 x14:00000010
26676110ns          451059 1c00aa2e 1a10f6b7 lui              x13, 0x1a10f000     x13=1a10f000
26676130ns          451060 1c00aa32 0ff57513 andi             x10, x10, 255       x10=00000072 x10:00000072
26676150ns          451061 1c00aa36 00d70733 add              x14, x14, x13       x14=1a10f010 x14:00000010 x13:1a10f000
26676170ns          451062 1c00aa38 00a7e723 p.sw             x10, x0(x15)        x10:00000072 x15:00000000  PA:1a10f010
26676508ns          451079 1c00aa3c 00000513 addi             x10, x0, 0          x10=00000000
26676528ns          451080 1c00aa3e 00008067 jalr             x0, x1, 0            x1:1c00aae6
26676587ns          451083 1c00aae6 25f52163 p.beqimm         x10, 578            x10:00000000
26676607ns          451084 1c00aaea 001d8d93 addi             x27, x27, 1         x27=00000012 x27:00000011
26676627ns          451085 1c00aaec 00044503 lbu              x10, 0(x8)          x10=00000020  x8:1c000083  PA:1c000083
26676945ns          451101 1c00aaf0 00140413 addi             x8, x8, 1            x8=1c000084  x8:1c000083
26676965ns          451102 1c00aaf2 fe0514e3 bne              x10, x0, -24        x10:00000020
26677045ns          451106 1c00aada 02500793 addi             x15, x0, 37         x15=00000025
26677065ns          451107 1c00aade 04f50863 beq              x10, x15, 80        x10:00000020 x15:00000025
26677085ns          451108 1c00aae2 01a005b3 add              x11, x0, x26        x11=00000002 x26:00000002
26677104ns          451109 1c00aae4 000b00e7 jalr             x1, x22, 0           x1=1c00aae6 x22:1c00aa18
26677144ns          451111 1c00aa18 000026b7 lui              x13, 0x2000         x13=00002000
26677164ns          451112 1c00aa1a f14027f3 csrrs            x15, x0, 0xf14      x15=00000002
26677184ns          451113 1c00aa1e f8068693 addi             x13, x13, -128      x13=00001f80 x13:00002000
26677204ns          451114 1c00aa22 00379713 slli             x14, x15, 0x3       x14=00000010 x15:00000002
26677224ns          451115 1c00aa26 00279793 slli             x15, x15, 0x2       x15=00000008 x15:00000002
26677244ns          451116 1c00aa28 00d7f7b3 and              x15, x15, x13       x15=00000000 x15:00000008 x13:00001f80
26677264ns          451117 1c00aa2a ee873733 p.bclr           x14, x14, 23, 8     x14=00000010 x14:00000010
26677283ns          451118 1c00aa2e 1a10f6b7 lui              x13, 0x1a10f000     x13=1a10f000
26677303ns          451119 1c00aa32 0ff57513 andi             x10, x10, 255       x10=00000020 x10:00000020
26677323ns          451120 1c00aa36 00d70733 add              x14, x14, x13       x14=1a10f010 x14:00000010 x13:1a10f000
26677343ns          451121 1c00aa38 00a7e723 p.sw             x10, x0(x15)        x10:00000020 x15:00000000  PA:1a10f010
26677661ns          451137 1c00aa3c 00000513 addi             x10, x0, 0          x10=00000000
26677681ns          451138 1c00aa3e 00008067 jalr             x0, x1, 0            x1:1c00aae6
26677741ns          451141 1c00aae6 25f52163 p.beqimm         x10, 578            x10:00000000
26677761ns          451142 1c00aaea 001d8d93 addi             x27, x27, 1         x27=00000013 x27:00000012
26677781ns          451143 1c00aaec 00044503 lbu              x10, 0(x8)          x10=0000006f  x8:1c000084  PA:1c000084
26678079ns          451158 1c00aaf0 00140413 addi             x8, x8, 1            x8=1c000085  x8:1c000084
26678099ns          451159 1c00aaf2 fe0514e3 bne              x10, x0, -24        x10:0000006f
26678178ns          451163 1c00aada 02500793 addi             x15, x0, 37         x15=00000025
26678198ns          451164 1c00aade 04f50863 beq              x10, x15, 80        x10:0000006f x15:00000025
26678218ns          451165 1c00aae2 01a005b3 add              x11, x0, x26        x11=00000002 x26:00000002
26678238ns          451166 1c00aae4 000b00e7 jalr             x1, x22, 0           x1=1c00aae6 x22:1c00aa18
26678278ns          451168 1c00aa18 000026b7 lui              x13, 0x2000         x13=00002000
26678298ns          451169 1c00aa1a f14027f3 csrrs            x15, x0, 0xf14      x15=00000002
26678318ns          451170 1c00aa1e f8068693 addi             x13, x13, -128      x13=00001f80 x13:00002000
26678337ns          451171 1c00aa22 00379713 slli             x14, x15, 0x3       x14=00000010 x15:00000002
26678357ns          451172 1c00aa26 00279793 slli             x15, x15, 0x2       x15=00000008 x15:00000002
26678377ns          451173 1c00aa28 00d7f7b3 and              x15, x15, x13       x15=00000000 x15:00000008 x13:00001f80
26678397ns          451174 1c00aa2a ee873733 p.bclr           x14, x14, 23, 8     x14=00000010 x14:00000010
26678417ns          451175 1c00aa2e 1a10f6b7 lui              x13, 0x1a10f000     x13=1a10f000
26678437ns          451176 1c00aa32 0ff57513 andi             x10, x10, 255       x10=0000006f x10:0000006f
26678457ns          451177 1c00aa36 00d70733 add              x14, x14, x13       x14=1a10f010 x14:00000010 x13:1a10f000
26678477ns          451178 1c00aa38 00a7e723 p.sw             x10, x0(x15)        x10:0000006f x15:00000000  PA:1a10f010
26678815ns          451195 1c00aa3c 00000513 addi             x10, x0, 0          x10=00000000
26678835ns          451196 1c00aa3e 00008067 jalr             x0, x1, 0            x1:1c00aae6
26678894ns          451199 1c00aae6 25f52163 p.beqimm         x10, 578            x10:00000000
26678914ns          451200 1c00aaea 001d8d93 addi             x27, x27, 1         x27=00000014 x27:00000013
26678934ns          451201 1c00aaec 00044503 lbu              x10, 0(x8)          x10=00000066  x8:1c000085  PA:1c000085
26679232ns          451216 1c00aaf0 00140413 addi             x8, x8, 1            x8=1c000086  x8:1c000085
26679252ns          451217 1c00aaf2 fe0514e3 bne              x10, x0, -24        x10:00000066
26679332ns          451221 1c00aada 02500793 addi             x15, x0, 37         x15=00000025
26679352ns          451222 1c00aade 04f50863 beq              x10, x15, 80        x10:00000066 x15:00000025
26679372ns          451223 1c00aae2 01a005b3 add              x11, x0, x26        x11=00000002 x26:00000002
26679392ns          451224 1c00aae4 000b00e7 jalr             x1, x22, 0           x1=1c00aae6 x22:1c00aa18
26679431ns          451226 1c00aa18 000026b7 lui              x13, 0x2000         x13=00002000
26679451ns          451227 1c00aa1a f14027f3 csrrs            x15, x0, 0xf14      x15=00000002
26679471ns          451228 1c00aa1e f8068693 addi             x13, x13, -128      x13=00001f80 x13:00002000
26679491ns          451229 1c00aa22 00379713 slli             x14, x15, 0x3       x14=00000010 x15:00000002
26679511ns          451230 1c00aa26 00279793 slli             x15, x15, 0x2       x15=00000008 x15:00000002
26679531ns          451231 1c00aa28 00d7f7b3 and              x15, x15, x13       x15=00000000 x15:00000008 x13:00001f80
26679551ns          451232 1c00aa2a ee873733 p.bclr           x14, x14, 23, 8     x14=00000010 x14:00000010
26679571ns          451233 1c00aa2e 1a10f6b7 lui              x13, 0x1a10f000     x13=1a10f000
26679590ns          451234 1c00aa32 0ff57513 andi             x10, x10, 255       x10=00000066 x10:00000066
26679610ns          451235 1c00aa36 00d70733 add              x14, x14, x13       x14=1a10f010 x14:00000010 x13:1a10f000
26679630ns          451236 1c00aa38 00a7e723 p.sw             x10, x0(x15)        x10:00000066 x15:00000000  PA:1a10f010
26679988ns          451254 1c00aa3c 00000513 addi             x10, x0, 0          x10=00000000
26680008ns          451255 1c00aa3e 00008067 jalr             x0, x1, 0            x1:1c00aae6
26680068ns          451258 1c00aae6 25f52163 p.beqimm         x10, 578            x10:00000000
26680088ns          451259 1c00aaea 001d8d93 addi             x27, x27, 1         x27=00000015 x27:00000014
26680108ns          451260 1c00aaec 00044503 lbu              x10, 0(x8)          x10=00000020  x8:1c000086  PA:1c000086
26680406ns          451275 1c00aaf0 00140413 addi             x8, x8, 1            x8=1c000087  x8:1c000086
26680426ns          451276 1c00aaf2 fe0514e3 bne              x10, x0, -24        x10:00000020
26680505ns          451280 1c00aada 02500793 addi             x15, x0, 37         x15=00000025
26680525ns          451281 1c00aade 04f50863 beq              x10, x15, 80        x10:00000020 x15:00000025
26680545ns          451282 1c00aae2 01a005b3 add              x11, x0, x26        x11=00000002 x26:00000002
26680565ns          451283 1c00aae4 000b00e7 jalr             x1, x22, 0           x1=1c00aae6 x22:1c00aa18
26680605ns          451285 1c00aa18 000026b7 lui              x13, 0x2000         x13=00002000
26680625ns          451286 1c00aa1a f14027f3 csrrs            x15, x0, 0xf14      x15=00000002
26680644ns          451287 1c00aa1e f8068693 addi             x13, x13, -128      x13=00001f80 x13:00002000
26680664ns          451288 1c00aa22 00379713 slli             x14, x15, 0x3       x14=00000010 x15:00000002
26680684ns          451289 1c00aa26 00279793 slli             x15, x15, 0x2       x15=00000008 x15:00000002
26680704ns          451290 1c00aa28 00d7f7b3 and              x15, x15, x13       x15=00000000 x15:00000008 x13:00001f80
26680724ns          451291 1c00aa2a ee873733 p.bclr           x14, x14, 23, 8     x14=00000010 x14:00000010
26680744ns          451292 1c00aa2e 1a10f6b7 lui              x13, 0x1a10f000     x13=1a10f000
26680764ns          451293 1c00aa32 0ff57513 andi             x10, x10, 255       x10=00000020 x10:00000020
26680784ns          451294 1c00aa36 00d70733 add              x14, x14, x13       x14=1a10f010 x14:00000010 x13:1a10f000
26680804ns          451295 1c00aa38 00a7e723 p.sw             x10, x0(x15)        x10:00000020 x15:00000000  PA:1a10f010
26681142ns          451312 1c00aa3c 00000513 addi             x10, x0, 0          x10=00000000
26681162ns          451313 1c00aa3e 00008067 jalr             x0, x1, 0            x1:1c00aae6
26681221ns          451316 1c00aae6 25f52163 p.beqimm         x10, 578            x10:00000000
26681241ns          451317 1c00aaea 001d8d93 addi             x27, x27, 1         x27=00000016 x27:00000015
26681261ns          451318 1c00aaec 00044503 lbu              x10, 0(x8)          x10=00000063  x8:1c000087  PA:1c000087
26681559ns          451333 1c00aaf0 00140413 addi             x8, x8, 1            x8=1c000088  x8:1c000087
26681579ns          451334 1c00aaf2 fe0514e3 bne              x10, x0, -24        x10:00000063
26681659ns          451338 1c00aada 02500793 addi             x15, x0, 37         x15=00000025
26681679ns          451339 1c00aade 04f50863 beq              x10, x15, 80        x10:00000063 x15:00000025
26681699ns          451340 1c00aae2 01a005b3 add              x11, x0, x26        x11=00000002 x26:00000002
26681718ns          451341 1c00aae4 000b00e7 jalr             x1, x22, 0           x1=1c00aae6 x22:1c00aa18
26681758ns          451343 1c00aa18 000026b7 lui              x13, 0x2000         x13=00002000
26681778ns          451344 1c00aa1a f14027f3 csrrs            x15, x0, 0xf14      x15=00000002
26681798ns          451345 1c00aa1e f8068693 addi             x13, x13, -128      x13=00001f80 x13:00002000
26681818ns          451346 1c00aa22 00379713 slli             x14, x15, 0x3       x14=00000010 x15:00000002
26681838ns          451347 1c00aa26 00279793 slli             x15, x15, 0x2       x15=00000008 x15:00000002
26681858ns          451348 1c00aa28 00d7f7b3 and              x15, x15, x13       x15=00000000 x15:00000008 x13:00001f80
26681878ns          451349 1c00aa2a ee873733 p.bclr           x14, x14, 23, 8     x14=00000010 x14:00000010
26681897ns          451350 1c00aa2e 1a10f6b7 lui              x13, 0x1a10f000     x13=1a10f000
26681917ns          451351 1c00aa32 0ff57513 andi             x10, x10, 255       x10=00000063 x10:00000063
26681937ns          451352 1c00aa36 00d70733 add              x14, x14, x13       x14=1a10f010 x14:00000010 x13:1a10f000
26681957ns          451353 1c00aa38 00a7e723 p.sw             x10, x0(x15)        x10:00000063 x15:00000000  PA:1a10f010
26682315ns          451371 1c00aa3c 00000513 addi             x10, x0, 0          x10=00000000
26682335ns          451372 1c00aa3e 00008067 jalr             x0, x1, 0            x1:1c00aae6
26682395ns          451375 1c00aae6 25f52163 p.beqimm         x10, 578            x10:00000000
26682415ns          451376 1c00aaea 001d8d93 addi             x27, x27, 1         x27=00000017 x27:00000016
26682434ns          451377 1c00aaec 00044503 lbu              x10, 0(x8)          x10=0000006f  x8:1c000088  PA:1c000088
26682733ns          451392 1c00aaf0 00140413 addi             x8, x8, 1            x8=1c000089  x8:1c000088
26682753ns          451393 1c00aaf2 fe0514e3 bne              x10, x0, -24        x10:0000006f
26682832ns          451397 1c00aada 02500793 addi             x15, x0, 37         x15=00000025
26682852ns          451398 1c00aade 04f50863 beq              x10, x15, 80        x10:0000006f x15:00000025
26682872ns          451399 1c00aae2 01a005b3 add              x11, x0, x26        x11=00000002 x26:00000002
26682892ns          451400 1c00aae4 000b00e7 jalr             x1, x22, 0           x1=1c00aae6 x22:1c00aa18
26682932ns          451402 1c00aa18 000026b7 lui              x13, 0x2000         x13=00002000
26682951ns          451403 1c00aa1a f14027f3 csrrs            x15, x0, 0xf14      x15=00000002
26682971ns          451404 1c00aa1e f8068693 addi             x13, x13, -128      x13=00001f80 x13:00002000
26682991ns          451405 1c00aa22 00379713 slli             x14, x15, 0x3       x14=00000010 x15:00000002
26683011ns          451406 1c00aa26 00279793 slli             x15, x15, 0x2       x15=00000008 x15:00000002
26683031ns          451407 1c00aa28 00d7f7b3 and              x15, x15, x13       x15=00000000 x15:00000008 x13:00001f80
26683051ns          451408 1c00aa2a ee873733 p.bclr           x14, x14, 23, 8     x14=00000010 x14:00000010
26683071ns          451409 1c00aa2e 1a10f6b7 lui              x13, 0x1a10f000     x13=1a10f000
26683091ns          451410 1c00aa32 0ff57513 andi             x10, x10, 255       x10=0000006f x10:0000006f
26683111ns          451411 1c00aa36 00d70733 add              x14, x14, x13       x14=1a10f010 x14:00000010 x13:1a10f000
26683130ns          451412 1c00aa38 00a7e723 p.sw             x10, x0(x15)        x10:0000006f x15:00000000  PA:1a10f010
26683449ns          451428 1c00aa3c 00000513 addi             x10, x0, 0          x10=00000000
26683469ns          451429 1c00aa3e 00008067 jalr             x0, x1, 0            x1:1c00aae6
26683528ns          451432 1c00aae6 25f52163 p.beqimm         x10, 578            x10:00000000
26683548ns          451433 1c00aaea 001d8d93 addi             x27, x27, 1         x27=00000018 x27:00000017
26683568ns          451434 1c00aaec 00044503 lbu              x10, 0(x8)          x10=00000072  x8:1c000089  PA:1c000089
26683866ns          451449 1c00aaf0 00140413 addi             x8, x8, 1            x8=1c00008a  x8:1c000089
26683886ns          451450 1c00aaf2 fe0514e3 bne              x10, x0, -24        x10:00000072
26683966ns          451454 1c00aada 02500793 addi             x15, x0, 37         x15=00000025
26683986ns          451455 1c00aade 04f50863 beq              x10, x15, 80        x10:00000072 x15:00000025
26684006ns          451456 1c00aae2 01a005b3 add              x11, x0, x26        x11=00000002 x26:00000002
26684025ns          451457 1c00aae4 000b00e7 jalr             x1, x22, 0           x1=1c00aae6 x22:1c00aa18
26684065ns          451459 1c00aa18 000026b7 lui              x13, 0x2000         x13=00002000
26684085ns          451460 1c00aa1a f14027f3 csrrs            x15, x0, 0xf14      x15=00000002
26684105ns          451461 1c00aa1e f8068693 addi             x13, x13, -128      x13=00001f80 x13:00002000
26684125ns          451462 1c00aa22 00379713 slli             x14, x15, 0x3       x14=00000010 x15:00000002
26684145ns          451463 1c00aa26 00279793 slli             x15, x15, 0x2       x15=00000008 x15:00000002
26684165ns          451464 1c00aa28 00d7f7b3 and              x15, x15, x13       x15=00000000 x15:00000008 x13:00001f80
26684185ns          451465 1c00aa2a ee873733 p.bclr           x14, x14, 23, 8     x14=00000010 x14:00000010
26684204ns          451466 1c00aa2e 1a10f6b7 lui              x13, 0x1a10f000     x13=1a10f000
26684224ns          451467 1c00aa32 0ff57513 andi             x10, x10, 255       x10=00000072 x10:00000072
26684244ns          451468 1c00aa36 00d70733 add              x14, x14, x13       x14=1a10f010 x14:00000010 x13:1a10f000
26684264ns          451469 1c00aa38 00a7e723 p.sw             x10, x0(x15)        x10:00000072 x15:00000000  PA:1a10f010
26684602ns          451486 1c00aa3c 00000513 addi             x10, x0, 0          x10=00000000
26684622ns          451487 1c00aa3e 00008067 jalr             x0, x1, 0            x1:1c00aae6
26684682ns          451490 1c00aae6 25f52163 p.beqimm         x10, 578            x10:00000000
26684702ns          451491 1c00aaea 001d8d93 addi             x27, x27, 1         x27=00000019 x27:00000018
26684722ns          451492 1c00aaec 00044503 lbu              x10, 0(x8)          x10=00000065  x8:1c00008a  PA:1c00008a
26685040ns          451508 1c00aaf0 00140413 addi             x8, x8, 1            x8=1c00008b  x8:1c00008a
26685060ns          451509 1c00aaf2 fe0514e3 bne              x10, x0, -24        x10:00000065
26685139ns          451513 1c00aada 02500793 addi             x15, x0, 37         x15=00000025
26685159ns          451514 1c00aade 04f50863 beq              x10, x15, 80        x10:00000065 x15:00000025
26685179ns          451515 1c00aae2 01a005b3 add              x11, x0, x26        x11=00000002 x26:00000002
26685199ns          451516 1c00aae4 000b00e7 jalr             x1, x22, 0           x1=1c00aae6 x22:1c00aa18
26685239ns          451518 1c00aa18 000026b7 lui              x13, 0x2000         x13=00002000
26685258ns          451519 1c00aa1a f14027f3 csrrs            x15, x0, 0xf14      x15=00000002
26685278ns          451520 1c00aa1e f8068693 addi             x13, x13, -128      x13=00001f80 x13:00002000
26685298ns          451521 1c00aa22 00379713 slli             x14, x15, 0x3       x14=00000010 x15:00000002
26685318ns          451522 1c00aa26 00279793 slli             x15, x15, 0x2       x15=00000008 x15:00000002
26685338ns          451523 1c00aa28 00d7f7b3 and              x15, x15, x13       x15=00000000 x15:00000008 x13:00001f80
26685358ns          451524 1c00aa2a ee873733 p.bclr           x14, x14, 23, 8     x14=00000010 x14:00000010
26685378ns          451525 1c00aa2e 1a10f6b7 lui              x13, 0x1a10f000     x13=1a10f000
26685398ns          451526 1c00aa32 0ff57513 andi             x10, x10, 255       x10=00000065 x10:00000065
26685418ns          451527 1c00aa36 00d70733 add              x14, x14, x13       x14=1a10f010 x14:00000010 x13:1a10f000
26685437ns          451528 1c00aa38 00a7e723 p.sw             x10, x0(x15)        x10:00000065 x15:00000000  PA:1a10f010
26685756ns          451544 1c00aa3c 00000513 addi             x10, x0, 0          x10=00000000
26685776ns          451545 1c00aa3e 00008067 jalr             x0, x1, 0            x1:1c00aae6
26685835ns          451548 1c00aae6 25f52163 p.beqimm         x10, 578            x10:00000000
26685855ns          451549 1c00aaea 001d8d93 addi             x27, x27, 1         x27=0000001a x27:00000019
26685875ns          451550 1c00aaec 00044503 lbu              x10, 0(x8)          x10=00000073  x8:1c00008b  PA:1c00008b
26686213ns          451567 1c00aaf0 00140413 addi             x8, x8, 1            x8=1c00008c  x8:1c00008b
26686233ns          451568 1c00aaf2 fe0514e3 bne              x10, x0, -24        x10:00000073
26686313ns          451572 1c00aada 02500793 addi             x15, x0, 37         x15=00000025
26686332ns          451573 1c00aade 04f50863 beq              x10, x15, 80        x10:00000073 x15:00000025
26686352ns          451574 1c00aae2 01a005b3 add              x11, x0, x26        x11=00000002 x26:00000002
26686372ns          451575 1c00aae4 000b00e7 jalr             x1, x22, 0           x1=1c00aae6 x22:1c00aa18
26686412ns          451577 1c00aa18 000026b7 lui              x13, 0x2000         x13=00002000
26686432ns          451578 1c00aa1a f14027f3 csrrs            x15, x0, 0xf14      x15=00000002
26686452ns          451579 1c00aa1e f8068693 addi             x13, x13, -128      x13=00001f80 x13:00002000
26686472ns          451580 1c00aa22 00379713 slli             x14, x15, 0x3       x14=00000010 x15:00000002
26686492ns          451581 1c00aa26 00279793 slli             x15, x15, 0x2       x15=00000008 x15:00000002
26686511ns          451582 1c00aa28 00d7f7b3 and              x15, x15, x13       x15=00000000 x15:00000008 x13:00001f80
26686531ns          451583 1c00aa2a ee873733 p.bclr           x14, x14, 23, 8     x14=00000010 x14:00000010
26686551ns          451584 1c00aa2e 1a10f6b7 lui              x13, 0x1a10f000     x13=1a10f000
26686571ns          451585 1c00aa32 0ff57513 andi             x10, x10, 255       x10=00000073 x10:00000073
26686591ns          451586 1c00aa36 00d70733 add              x14, x14, x13       x14=1a10f010 x14:00000010 x13:1a10f000
26686611ns          451587 1c00aa38 00a7e723 p.sw             x10, x0(x15)        x10:00000073 x15:00000000  PA:1a10f010
26686929ns          451603 1c00aa3c 00000513 addi             x10, x0, 0          x10=00000000
26686949ns          451604 1c00aa3e 00008067 jalr             x0, x1, 0            x1:1c00aae6
26687009ns          451607 1c00aae6 25f52163 p.beqimm         x10, 578            x10:00000000
26687029ns          451608 1c00aaea 001d8d93 addi             x27, x27, 1         x27=0000001b x27:0000001a
26687048ns          451609 1c00aaec 00044503 lbu              x10, 0(x8)          x10=0000003a  x8:1c00008c  PA:1c00008c
26687347ns          451624 1c00aaf0 00140413 addi             x8, x8, 1            x8=1c00008d  x8:1c00008c
26687367ns          451625 1c00aaf2 fe0514e3 bne              x10, x0, -24        x10:0000003a
26687446ns          451629 1c00aada 02500793 addi             x15, x0, 37         x15=00000025
26687466ns          451630 1c00aade 04f50863 beq              x10, x15, 80        x10:0000003a x15:00000025
26687486ns          451631 1c00aae2 01a005b3 add              x11, x0, x26        x11=00000002 x26:00000002
26687506ns          451632 1c00aae4 000b00e7 jalr             x1, x22, 0           x1=1c00aae6 x22:1c00aa18
26687546ns          451634 1c00aa18 000026b7 lui              x13, 0x2000         x13=00002000
26687566ns          451635 1c00aa1a f14027f3 csrrs            x15, x0, 0xf14      x15=00000002
26687585ns          451636 1c00aa1e f8068693 addi             x13, x13, -128      x13=00001f80 x13:00002000
26687605ns          451637 1c00aa22 00379713 slli             x14, x15, 0x3       x14=00000010 x15:00000002
26687625ns          451638 1c00aa26 00279793 slli             x15, x15, 0x2       x15=00000008 x15:00000002
26687645ns          451639 1c00aa28 00d7f7b3 and              x15, x15, x13       x15=00000000 x15:00000008 x13:00001f80
26687665ns          451640 1c00aa2a ee873733 p.bclr           x14, x14, 23, 8     x14=00000010 x14:00000010
26687685ns          451641 1c00aa2e 1a10f6b7 lui              x13, 0x1a10f000     x13=1a10f000
26687705ns          451642 1c00aa32 0ff57513 andi             x10, x10, 255       x10=0000003a x10:0000003a
26687725ns          451643 1c00aa36 00d70733 add              x14, x14, x13       x14=1a10f010 x14:00000010 x13:1a10f000
26687744ns          451644 1c00aa38 00a7e723 p.sw             x10, x0(x15)        x10:0000003a x15:00000000  PA:1a10f010
26688063ns          451660 1c00aa3c 00000513 addi             x10, x0, 0          x10=00000000
26688083ns          451661 1c00aa3e 00008067 jalr             x0, x1, 0            x1:1c00aae6
26688142ns          451664 1c00aae6 25f52163 p.beqimm         x10, 578            x10:00000000
26688162ns          451665 1c00aaea 001d8d93 addi             x27, x27, 1         x27=0000001c x27:0000001b
26688182ns          451666 1c00aaec 00044503 lbu              x10, 0(x8)          x10=00000020  x8:1c00008d  PA:1c00008d
26688480ns          451681 1c00aaf0 00140413 addi             x8, x8, 1            x8=1c00008e  x8:1c00008d
26688500ns          451682 1c00aaf2 fe0514e3 bne              x10, x0, -24        x10:00000020
26688580ns          451686 1c00aada 02500793 addi             x15, x0, 37         x15=00000025
26688600ns          451687 1c00aade 04f50863 beq              x10, x15, 80        x10:00000020 x15:00000025
26688620ns          451688 1c00aae2 01a005b3 add              x11, x0, x26        x11=00000002 x26:00000002
26688639ns          451689 1c00aae4 000b00e7 jalr             x1, x22, 0           x1=1c00aae6 x22:1c00aa18
26688679ns          451691 1c00aa18 000026b7 lui              x13, 0x2000         x13=00002000
26688699ns          451692 1c00aa1a f14027f3 csrrs            x15, x0, 0xf14      x15=00000002
26688719ns          451693 1c00aa1e f8068693 addi             x13, x13, -128      x13=00001f80 x13:00002000
26688739ns          451694 1c00aa22 00379713 slli             x14, x15, 0x3       x14=00000010 x15:00000002
26688759ns          451695 1c00aa26 00279793 slli             x15, x15, 0x2       x15=00000008 x15:00000002
26688779ns          451696 1c00aa28 00d7f7b3 and              x15, x15, x13       x15=00000000 x15:00000008 x13:00001f80
26688799ns          451697 1c00aa2a ee873733 p.bclr           x14, x14, 23, 8     x14=00000010 x14:00000010
26688818ns          451698 1c00aa2e 1a10f6b7 lui              x13, 0x1a10f000     x13=1a10f000
26688838ns          451699 1c00aa32 0ff57513 andi             x10, x10, 255       x10=00000020 x10:00000020
26688858ns          451700 1c00aa36 00d70733 add              x14, x14, x13       x14=1a10f010 x14:00000010 x13:1a10f000
26688878ns          451701 1c00aa38 00a7e723 p.sw             x10, x0(x15)        x10:00000020 x15:00000000  PA:1a10f010
26689196ns          451717 1c00aa3c 00000513 addi             x10, x0, 0          x10=00000000
26689216ns          451718 1c00aa3e 00008067 jalr             x0, x1, 0            x1:1c00aae6
26689276ns          451721 1c00aae6 25f52163 p.beqimm         x10, 578            x10:00000000
26689296ns          451722 1c00aaea 001d8d93 addi             x27, x27, 1         x27=0000001d x27:0000001c
26689316ns          451723 1c00aaec 00044503 lbu              x10, 0(x8)          x10=00000025  x8:1c00008e  PA:1c00008e
26689614ns          451738 1c00aaf0 00140413 addi             x8, x8, 1            x8=1c00008f  x8:1c00008e
26689634ns          451739 1c00aaf2 fe0514e3 bne              x10, x0, -24        x10:00000025
26689713ns          451743 1c00aada 02500793 addi             x15, x0, 37         x15=00000025
26689733ns          451744 1c00aade 04f50863 beq              x10, x15, 80        x10:00000025 x15:00000025
26689912ns          451753 1c00ab2e 00044483 lbu              x9, 0(x8)            x9=00000064  x8:1c00008f  PA:1c00008f
26690250ns          451770 1c00ab32 02000693 addi             x13, x0, 32         x13=00000020
26690270ns          451771 1c00ab36 00140a93 addi             x21, x8, 1          x21=1c000090  x8:1c00008f
26690290ns          451772 1c00ab3a 009005b3 add              x11, x0, x9         x11=00000064  x9:00000064
26690310ns          451773 1c00ab3c 610b8513 addi             x10, x23, 1552      x10=1c000610 x23:1c000000
26690330ns          451774 1c00ab40 00d12823 sw               x13, 16(x2)         x13:00000020  x2:10001368  PA:10001378
26690350ns          451775 1c00ab42 00012c23 sw               x0, 24(x2)           x2:10001368  PA:10001380
26690370ns          451776 1c00ab44 00012a23 sw               x0, 20(x2)           x2:10001368  PA:1000137c
26690390ns          451777 1c00ab46 00012e23 sw               x0, 28(x2)           x2:10001368  PA:10001384
26690409ns          451778 1c00ab48 00012623 sw               x0, 12(x2)           x2:10001368  PA:10001374
26690429ns          451779 1c00ab4a 02300913 addi             x18, x0, 35         x18=00000023
26690449ns          451780 1c00ab4e 02d00a13 addi             x20, x0, 45         x20=0000002d
26690469ns          451781 1c00ab52 015009b3 add              x19, x0, x21        x19=1c000090 x21:1c000090
26690489ns          451782 1c00ab54 e45ff0ef jal              x1, -444             x1=1c00ab56
26690529ns          451784 1c00a998 00054783 lbu              x15, 0(x10)         x15=0000002d x10:1c000610  PA:1c000610
26690847ns          451800 1c00a99c 0ff5f593 andi             x11, x11, 255       x11=00000064 x11:00000064
26690867ns          451801 1c00a9a0 00b78c63 beq              x15, x11, 24        x15:0000002d x11:00000064
26690887ns          451802 1c00a9a4 00078b63 beq              x15, x0, 22         x15:0000002d
26690907ns          451803 1c00a9a6 00150793 addi             x15, x10, 1         x15=1c000611 x10:1c000610
26690927ns          451804 1c00a9aa 0040006f jal              x0, 4              
26691026ns          451809 1c00a9ae 00f00533 add              x10, x0, x15        x10=1c000611 x15:1c000611
26691046ns          451810 1c00a9b0 0017c70b p.lbu            x14, 1(x15!)        x14=0000002b x15=1c000612 x15:1c000611  PA:1c000611
26691384ns          451827 1c00a9b4 feb71ce3 bne              x14, x11, -8        x14:0000002b x11:00000064
26691444ns          451830 1c00a9ac 00070763 beq              x14, x0, 14         x14:0000002b
26691464ns          451831 1c00a9ae 00f00533 add              x10, x0, x15        x10=1c000612 x15:1c000612
26691483ns          451832 1c00a9b0 0017c70b p.lbu            x14, 1(x15!)        x14=00000020 x15=1c000613 x15:1c000612  PA:1c000612
26691802ns          451848 1c00a9b4 feb71ce3 bne              x14, x11, -8        x14:00000020 x11:00000064
26691861ns          451851 1c00a9ac 00070763 beq              x14, x0, 14         x14:00000020
26691881ns          451852 1c00a9ae 00f00533 add              x10, x0, x15        x10=1c000613 x15:1c000613
26691901ns          451853 1c00a9b0 0017c70b p.lbu            x14, 1(x15!)        x14=00000023 x15=1c000614 x15:1c000613  PA:1c000613
26692219ns          451869 1c00a9b4 feb71ce3 bne              x14, x11, -8        x14:00000023 x11:00000064
26692279ns          451872 1c00a9ac 00070763 beq              x14, x0, 14         x14:00000023
26692299ns          451873 1c00a9ae 00f00533 add              x10, x0, x15        x10=1c000614 x15:1c000614
26692319ns          451874 1c00a9b0 0017c70b p.lbu            x14, 1(x15!)        x14=00000030 x15=1c000615 x15:1c000614  PA:1c000614
26692637ns          451890 1c00a9b4 feb71ce3 bne              x14, x11, -8        x14:00000030 x11:00000064
26692697ns          451893 1c00a9ac 00070763 beq              x14, x0, 14         x14:00000030
26692716ns          451894 1c00a9ae 00f00533 add              x10, x0, x15        x10=1c000615 x15:1c000615
26692736ns          451895 1c00a9b0 0017c70b p.lbu            x14, 1(x15!)        x14=00000000 x15=1c000616 x15:1c000615  PA:1c000615
26693074ns          451912 1c00a9b4 feb71ce3 bne              x14, x11, -8        x14:00000000 x11:00000064
26693134ns          451915 1c00a9ac 00070763 beq              x14, x0, 14         x14:00000000
26693214ns          451919 1c00a9ba 0015b593 sltiu            x11, x11, 1         x11=00000000 x11:00000064
26693234ns          451920 1c00a9be 40b005b3 sub              x11, x0, x11        x11=00000000 x11:00000000
26693253ns          451921 1c00a9c2 00b57533 and              x10, x10, x11       x10=00000000 x10:1c000615 x11:00000000
26693273ns          451922 1c00a9c4 00008067 jalr             x0, x1, 0            x1:1c00ab56
26693313ns          451924 1c00ab56 02050a63 beq              x10, x0, 52         x10:00000000
26693452ns          451931 1c00ab8a 02a00613 addi             x12, x0, 42         x12=0000002a
26693512ns          451934 1c00ab8e 1ec48c63 beq              x9, x12, 504         x9:00000064 x12:0000002a
26693552ns          451936 1c00ab92 fd048613 addi             x12, x9, -48        x12=00000034  x9:00000064
26693572ns          451937 1c00ab96 00900593 addi             x11, x0, 9          x11=00000009
26693592ns          451938 1c00ab98 00000913 addi             x18, x0, 0          x18=00000000
26693611ns          451939 1c00ab9a 1cc5f663 bgeu             x11, x12, 460       x11:00000009 x12:00000034
26693651ns          451941 1c00ab9e 02e00693 addi             x13, x0, 46         x13=0000002e
26693671ns          451942 1c00aba2 fff00a13 addi             x20, x0, -1         x20=ffffffff
26693691ns          451943 1c00aba4 22d48963 beq              x9, x13, 562         x9:00000064 x13:0000002e
26693711ns          451944 1c00aba8 1c0007b7 lui              x15, 0x1c000000     x15=1c000000
26693731ns          451945 1c00abac 009005b3 add              x11, x0, x9         x11=00000064  x9:00000064
26693790ns          451948 1c00abae 61878513 addi             x10, x15, 1560      x10=1c000618 x15:1c000000
26693810ns          451949 1c00abb2 de7ff0ef jal              x1, -538             x1=1c00abb4
26693850ns          451951 1c00a998 00054783 lbu              x15, 0(x10)         x15=00000068 x10:1c000618  PA:1c000618
26694168ns          451967 1c00a99c 0ff5f593 andi             x11, x11, 255       x11=00000064 x11:00000064
26694188ns          451968 1c00a9a0 00b78c63 beq              x15, x11, 24        x15:00000068 x11:00000064
26694208ns          451969 1c00a9a4 00078b63 beq              x15, x0, 22         x15:00000068
26694228ns          451970 1c00a9a6 00150793 addi             x15, x10, 1         x15=1c000619 x10:1c000618
26694248ns          451971 1c00a9aa 0040006f jal              x0, 4              
26694288ns          451973 1c00a9ae 00f00533 add              x10, x0, x15        x10=1c000619 x15:1c000619
26694308ns          451974 1c00a9b0 0017c70b p.lbu            x14, 1(x15!)        x14=0000006c x15=1c00061a x15:1c000619  PA:1c000619
26694626ns          451990 1c00a9b4 feb71ce3 bne              x14, x11, -8        x14:0000006c x11:00000064
26694685ns          451993 1c00a9ac 00070763 beq              x14, x0, 14         x14:0000006c
26694705ns          451994 1c00a9ae 00f00533 add              x10, x0, x15        x10=1c00061a x15:1c00061a
26694725ns          451995 1c00a9b0 0017c70b p.lbu            x14, 1(x15!)        x14=0000004c x15=1c00061b x15:1c00061a  PA:1c00061a
26695043ns          452011 1c00a9b4 feb71ce3 bne              x14, x11, -8        x14:0000004c x11:00000064
26695103ns          452014 1c00a9ac 00070763 beq              x14, x0, 14         x14:0000004c
26695123ns          452015 1c00a9ae 00f00533 add              x10, x0, x15        x10=1c00061b x15:1c00061b
26695143ns          452016 1c00a9b0 0017c70b p.lbu            x14, 1(x15!)        x14=0000007a x15=1c00061c x15:1c00061b  PA:1c00061b
26695481ns          452033 1c00a9b4 feb71ce3 bne              x14, x11, -8        x14:0000007a x11:00000064
26695541ns          452036 1c00a9ac 00070763 beq              x14, x0, 14         x14:0000007a
26695560ns          452037 1c00a9ae 00f00533 add              x10, x0, x15        x10=1c00061c x15:1c00061c
26695580ns          452038 1c00a9b0 0017c70b p.lbu            x14, 1(x15!)        x14=00000000 x15=1c00061d x15:1c00061c  PA:1c00061c
26695918ns          452055 1c00a9b4 feb71ce3 bne              x14, x11, -8        x14:00000000 x11:00000064
26695978ns          452058 1c00a9ac 00070763 beq              x14, x0, 14         x14:00000000
26696058ns          452062 1c00a9ba 0015b593 sltiu            x11, x11, 1         x11=00000000 x11:00000064
26696078ns          452063 1c00a9be 40b005b3 sub              x11, x0, x11        x11=00000000 x11:00000000
26696097ns          452064 1c00a9c2 00b57533 and              x10, x10, x11       x10=00000000 x10:1c00061c x11:00000000
26696117ns          452065 1c00a9c4 00008067 jalr             x0, x1, 0            x1:1c00abb4
26696157ns          452067 1c00abb4 01300433 add              x8, x0, x19          x8=1c000090 x19:1c000090
26696177ns          452068 1c00abb6 00050563 beq              x10, x0, 10         x10:00000000
26696237ns          452071 1c00abc0 06700693 addi             x13, x0, 103        x13=00000067
26696257ns          452072 1c00abc4 1c96df63 bge              x13, x9, 478        x13:00000067  x9:00000064
26696396ns          452079 1c00ada2 06500693 addi             x13, x0, 101        x13=00000065
26696416ns          452080 1c00ada6 12d4d463 bge              x9, x13, 296         x9:00000064 x13:00000065
26696436ns          452081 1c00adaa 04700693 addi             x13, x0, 71         x13=00000047
26696495ns          452084 1c00adae 5296c363 blt              x13, x9, 1318       x13:00000047  x9:00000064
26696595ns          452089 1c00b2d4 06300693 addi             x13, x0, 99         x13=00000063
26696634ns          452091 1c00b2d8 1cd48463 beq              x9, x13, 456         x9:00000064 x13:00000063
26696654ns          452092 1c00b2dc 1296c763 blt              x13, x9, 302        x13:00000063  x9:00000064
26696774ns          452098 1c00b40a 000c2503 lw               x10, 0(x24)         x10=00000008 x24:100014c0  PA:100014c0
26696794ns          452099 1c00b40e 004c0c13 addi             x24, x24, 4         x24=100014c4 x24:100014c0
26696833ns          452101 1c00b410 2c054b63 blt              x10, x0, 726        x10:00000008
26696873ns          452103 1c00b414 01412603 lw               x12, 20(x2)         x12=00000000  x2:10001368  PA:1000137c
26696893ns          452104 1c00b416 00a006b3 add              x13, x0, x10        x13=00000008 x10:00000008
26696913ns          452105 1c00b418 2e061463 bne              x12, x0, 744        x12:00000000
26696933ns          452106 1c00b41c 01812703 lw               x14, 24(x2)         x14=00000000  x2:10001368  PA:10001380
26696953ns          452107 1c00b41e 019007b3 add              x15, x0, x25        x15=1000138c x25:1000138c
26696973ns          452108 1c00b420 00070763 beq              x14, x0, 14         x14:00000000
26697032ns          452111 1c00b42e 00f00733 add              x14, x0, x15        x14=1000138c x15:1000138c
26697092ns          452114 1c00b430 00a00593 addi             x11, x0, 10         x11=0000000a
26697132ns          452116 1c00b432 02b6f633 remu             x12, x13, x11       x12=00000008 x13:00000008 x11:0000000a
26697748ns          452147 1c00b436 02b6d6b3 divu             x13, x13, x11       x13=00000000 x13:00000008 x11:0000000a
26698365ns          452178 1c00b43a 03060613 addi             x12, x12, 48        x12=00000038 x12:00000008
26698385ns          452179 1c00b43e 00c700ab p.sb             x12, 1(x14!)        x14=1000138d x12:00000038 x14:1000138c  PA:1000138c
26698424ns          452181 1c00b442 fe0698e3 bne              x13, x0, -16        x13:00000000
26698444ns          452182 1c00b444 40f706b3 sub              x13, x14, x15       x13=00000001 x14:1000138d x15:1000138c
26698464ns          452183 1c00b448 0146da63 bge              x13, x20, 20        x13:00000001 x20:ffffffff
26698524ns          452186 1c00b45c 00e006b3 add              x13, x0, x14        x13=1000138d x14:1000138d
26698544ns          452187 1c00b45e fe068fab p.sb             x0, -1(x13!)        x13=1000138c x13:1000138d  PA:1000138d
26698564ns          452188 1c00b462 00d7fc63 bgeu             x15, x13, 24        x15:1000138c x13:1000138c
26698623ns          452191 1c00b47a 01412783 lw               x15, 20(x2)         x15=00000000  x2:10001368  PA:1000137c
26698643ns          452192 1c00b47c 01812603 lw               x12, 24(x2)         x12=00000000  x2:10001368  PA:10001380
26698663ns          452193 1c00b47e 419704b3 sub              x9, x14, x25         x9=00000001 x14:1000138d x25:1000138c
26698683ns          452194 1c00b482 00c7e7b3 or               x15, x15, x12       x15=00000000 x15:00000000 x12:00000000
26698703ns          452195 1c00b484 00f12623 sw               x15, 12(x2)         x15:00000000  x2:10001368  PA:10001374
26698723ns          452196 1c00b486 00079363 bne              x15, x0, 6          x15:00000000
26698743ns          452197 1c00b488 01f55513 srli             x10, x10, 0x1f      x10=00000000 x10:00000008
26698762ns          452198 1c00b48a 00a12623 sw               x10, 12(x2)         x10:00000000  x2:10001368  PA:10001374
26698782ns          452199 1c00b48c ddfa22e3 p.beqimm         x20, -572           x20:ffffffff
26698842ns          452202 1c00b250 0c800793 addi             x15, x0, 200        x15=000000c8
26698862ns          452203 1c00b254 ac97cae3 blt              x15, x9, -1324      x15:000000c8  x9:00000001
26698882ns          452204 1c00b258 9d24c8e3 blt              x9, x18, -1584       x9:00000001 x18:00000000
26698902ns          452205 1c00b25c aabff06f jal              x0, -1366          
26699021ns          452211 1c00ad06 dc0486e3 beq              x9, x0, -564         x9:00000001
26699041ns          452212 1c00ad0a 01900933 add              x18, x0, x25        x18=1000138c x25:1000138c
26699061ns          452213 1c00ad0c 419d8db3 sub              x27, x27, x25       x27=efffec91 x27:0000001d x25:1000138c
26699101ns          452215 1c00ad10 00a0006f jal              x0, 10             
26699160ns          452218 1c00ad1a 0019450b p.lbu            x10, 1(x18!)        x10=00000038 x18=1000138d x18:1000138c  PA:1000138c
26699180ns          452219 1c00ad1e 01a005b3 add              x11, x0, x26        x11=00000002 x26:00000002
26699220ns          452221 1c00ad20 000b00e7 jalr             x1, x22, 0           x1=1c00ad22 x22:1c00aa18
26699299ns          452225 1c00aa18 000026b7 lui              x13, 0x2000         x13=00002000
26699339ns          452227 1c00aa1a f14027f3 csrrs            x15, x0, 0xf14      x15=00000002
26699419ns          452231 1c00aa1e f8068693 addi             x13, x13, -128      x13=00001f80 x13:00002000
26699459ns          452233 1c00aa22 00379713 slli             x14, x15, 0x3       x14=00000010 x15:00000002
26699478ns          452234 1c00aa26 00279793 slli             x15, x15, 0x2       x15=00000008 x15:00000002
26699498ns          452235 1c00aa28 00d7f7b3 and              x15, x15, x13       x15=00000000 x15:00000008 x13:00001f80
26699518ns          452236 1c00aa2a ee873733 p.bclr           x14, x14, 23, 8     x14=00000010 x14:00000010
26699538ns          452237 1c00aa2e 1a10f6b7 lui              x13, 0x1a10f000     x13=1a10f000
26699558ns          452238 1c00aa32 0ff57513 andi             x10, x10, 255       x10=00000038 x10:00000038
26699578ns          452239 1c00aa36 00d70733 add              x14, x14, x13       x14=1a10f010 x14:00000010 x13:1a10f000
26699598ns          452240 1c00aa38 00a7e723 p.sw             x10, x0(x15)        x10:00000038 x15:00000000  PA:1a10f010
26699916ns          452256 1c00aa3c 00000513 addi             x10, x0, 0          x10=00000000
26699936ns          452257 1c00aa3e 00008067 jalr             x0, x1, 0            x1:1c00ad22
26699976ns          452259 1c00ad22 fff48493 addi             x9, x9, -1           x9=00000000  x9:00000001
26699996ns          452260 1c00ad24 fff537e3 p.bneimm         x10, -18            x10:00000000
26700075ns          452264 1c00ad12 012d8733 add              x14, x27, x18       x14=0000001e x27:efffec91 x18:1000138d
26700095ns          452265 1c00ad16 66048d63 beq              x9, x0, 1658         x9:00000000
26700155ns          452268 1c00b390 00e00db3 add              x27, x0, x14        x27=0000001e x14:0000001e
26700174ns          452269 1c00b392 f40ff06f jal              x0, -2240          
26700234ns          452272 1c00aad2 00044503 lbu              x10, 0(x8)          x10=0000000a  x8:1c000090  PA:1c000090
26700532ns          452287 1c00aad6 00140413 addi             x8, x8, 1            x8=1c000091  x8:1c000090
26700552ns          452288 1c00aad8 00050e63 beq              x10, x0, 28         x10:0000000a
26700572ns          452289 1c00aada 02500793 addi             x15, x0, 37         x15=00000025
26700592ns          452290 1c00aade 04f50863 beq              x10, x15, 80        x10:0000000a x15:00000025
26700612ns          452291 1c00aae2 01a005b3 add              x11, x0, x26        x11=00000002 x26:00000002
26700632ns          452292 1c00aae4 000b00e7 jalr             x1, x22, 0           x1=1c00aae6 x22:1c00aa18
26700672ns          452294 1c00aa18 000026b7 lui              x13, 0x2000         x13=00002000
26700692ns          452295 1c00aa1a f14027f3 csrrs            x15, x0, 0xf14      x15=00000002
26700711ns          452296 1c00aa1e f8068693 addi             x13, x13, -128      x13=00001f80 x13:00002000
26700731ns          452297 1c00aa22 00379713 slli             x14, x15, 0x3       x14=00000010 x15:00000002
26700751ns          452298 1c00aa26 00279793 slli             x15, x15, 0x2       x15=00000008 x15:00000002
26700771ns          452299 1c00aa28 00d7f7b3 and              x15, x15, x13       x15=00000000 x15:00000008 x13:00001f80
26700791ns          452300 1c00aa2a ee873733 p.bclr           x14, x14, 23, 8     x14=00000010 x14:00000010
26700811ns          452301 1c00aa2e 1a10f6b7 lui              x13, 0x1a10f000     x13=1a10f000
26700831ns          452302 1c00aa32 0ff57513 andi             x10, x10, 255       x10=0000000a x10:0000000a
26700851ns          452303 1c00aa36 00d70733 add              x14, x14, x13       x14=1a10f010 x14:00000010 x13:1a10f000
26700871ns          452304 1c00aa38 00a7e723 p.sw             x10, x0(x15)        x10:0000000a x15:00000000  PA:1a10f010
26701209ns          452321 1c00aa3c 00000513 addi             x10, x0, 0          x10=00000000
26701229ns          452322 1c00aa3e 00008067 jalr             x0, x1, 0            x1:1c00aae6
26701288ns          452325 1c00aae6 25f52163 p.beqimm         x10, 578            x10:00000000
26701308ns          452326 1c00aaea 001d8d93 addi             x27, x27, 1         x27=0000001f x27:0000001e
26701328ns          452327 1c00aaec 00044503 lbu              x10, 0(x8)          x10=00000000  x8:1c000091  PA:1c000091
26701646ns          452343 1c00aaf0 00140413 addi             x8, x8, 1            x8=1c000092  x8:1c000091
26701666ns          452344 1c00aaf2 fe0514e3 bne              x10, x0, -24        x10:00000000
26701686ns          452345 1c00aaf4 01b00433 add              x8, x0, x27          x8=0000001f x27:0000001f
26701706ns          452346 1c00aaf6 00800533 add              x10, x0, x8         x10=0000001f  x8:0000001f
26701726ns          452347 1c00aaf8 12c12083 lw               x1, 300(x2)          x1=1c00aa84  x2:10001368  PA:10001494
26701746ns          452348 1c00aafc 12812403 lw               x8, 296(x2)          x8=xxxxxxxx  x2:10001368  PA:10001490
26701785ns          452350 1c00ab00 12412483 lw               x9, 292(x2)          x9=xxxxxxxx  x2:10001368  PA:1000148c
26701825ns          452352 1c00ab04 12012903 lw               x18, 288(x2)        x18=xxxxxxxx  x2:10001368  PA:10001488
26701845ns          452353 1c00ab08 11c12983 lw               x19, 284(x2)        x19=xxxxxxxx  x2:10001368  PA:10001484
26701865ns          452354 1c00ab0c 11812a03 lw               x20, 280(x2)        x20=xxxxxxxx  x2:10001368  PA:10001480
26702163ns          452369 1c00ab10 11412a83 lw               x21, 276(x2)        x21=xxxxxxxx  x2:10001368  PA:1000147c
26702203ns          452371 1c00ab14 11012b03 lw               x22, 272(x2)        x22=xxxxxxxx  x2:10001368  PA:10001478
26702223ns          452372 1c00ab18 10c12b83 lw               x23, 268(x2)        x23=xxxxxxxx  x2:10001368  PA:10001474
26702243ns          452373 1c00ab1c 10812c03 lw               x24, 264(x2)        x24=xxxxxxxx  x2:10001368  PA:10001470
26702263ns          452374 1c00ab20 10412c83 lw               x25, 260(x2)        x25=xxxxxxxx  x2:10001368  PA:1000146c
26702283ns          452375 1c00ab24 10012d03 lw               x26, 256(x2)        x26=xxxxxxxx  x2:10001368  PA:10001468
26702303ns          452376 1c00ab28 0fc12d83 lw               x27, 252(x2)        x27=xxxxxxxx  x2:10001368  PA:10001464
26702322ns          452377 1c00ab2a 13010113 addi             x2, x2, 304          x2=10001498  x2:10001368
26702342ns          452378 1c00ab2c 00008067 jalr             x0, x1, 0            x1:1c00aa84
26702462ns          452384 1c00aa84 01c12083 lw               x1, 28(x2)           x1=1c0092a0  x2:10001498  PA:100014b4
26702482ns          452385 1c00aa86 04010113 addi             x2, x2, 64           x2=100014d8  x2:10001498
26702521ns          452387 1c00aa88 00008067 jalr             x0, x1, 0            x1:1c0092a0
26702660ns          452394 1c0092a0 1c0010b7 lui              x1, 0x1c001000       x1=1c001000
26702700ns          452396 1c0092a4 e9808093 addi             x1, x1, -360         x1=1c000e98  x1:1c001000
26702720ns          452397 1c0092a8 0000a583 lw               x11, 0(x1)          x11=00000000  x1:1c000e98  PA:1c000e98
26703018ns          452412 1c0092ac 0040a603 lw               x12, 4(x1)          x12=007f0427  x1:1c000e98  PA:1c000e9c
26703357ns          452429 1c0092b0 0080a683 lw               x13, 8(x1)          x13=ff6affd1  x1:1c000e98  PA:1c000ea0
26703734ns          452448 1c0092b4 0100a783 lw               x15, 16(x1)         x15=00000000  x1:1c000e98  PA:1c000ea8
26704252ns          452474 1c0092b8 00c0a703 lw               x14, 12(x1)         x14=0060ffe5  x1:1c000e98  PA:1c000ea4
26704669ns          452495 1c0092bc 2cb12623 sw               x11, 716(x2)        x11:00000000  x2:100014d8  PA:100017a4
26704689ns          452496 1c0092c0 2cc12823 sw               x12, 720(x2)        x12:007f0427  x2:100014d8  PA:100017a8
26704709ns          452497 1c0092c4 2cd12a23 sw               x13, 724(x2)        x13:ff6affd1  x2:100014d8  PA:100017ac
26704729ns          452498 1c0092c8 2ce12c23 sw               x14, 728(x2)        x14:0060ffe5  x2:100014d8  PA:100017b0
26704749ns          452499 1c0092cc 2cf12e23 sw               x15, 732(x2)        x15:00000000  x2:100014d8  PA:100017b4
26705166ns          452520 1c0092d0 21d020ef jal              x1, 10780            x1=1c0092d4
26705624ns          452543 1c00bcec f14027f3 csrrs            x15, x0, 0xf14      x15=00000002
26706101ns          452567 1c00bcf0 01f00713 addi             x14, x0, 31         x14=0000001f
26706141ns          452569 1c00bcf2 ca5797b3 p.extractu       x15, x15, 5, 5      x15=00000000 x15:00000002
26706161ns          452570 1c00bcf6 00e78863 beq              x15, x14, 16        x15:00000000 x14:0000001f
26706181ns          452571 1c00bcfa 002047b7 lui              x15, 0x204000       x15=00204000
26706618ns          452593 1c00bcfe 20078793 addi             x15, x15, 512       x15=00204200 x15:00204000
26706658ns          452595 1c00bd02 01c7e703 p.elw            x14, 28(x15)        x14=00010000 x15:00204200  PA:0020421c
26706917ns          452608 1c00bd06 00008067 jalr             x0, x1, 0            x1:1c0092d4
26707175ns          452621 1c0092d4 0ac12283 lw               x5, 172(x2)          x5=00000002  x2:100014d8  PA:10001584
26707195ns          452622 1c0092d6 1c003437 lui              x8, 0x1c003000       x8=1c003000
26707215ns          452623 1c0092da 1c0034b7 lui              x9, 0x1c003000       x9=1c003000
26707652ns          452645 1c0092de 1c003537 lui              x10, 0x1c003000     x10=1c003000
26707692ns          452647 1c0092e2 1c0035b7 lui              x11, 0x1c003000     x11=1c003000
26707712ns          452648 1c0092e6 1c003637 lui              x12, 0x1c003000     x12=1c003000
26707732ns          452649 1c0092ea 1c0036b7 lui              x13, 0x1c003000     x13=1c003000
26708169ns          452671 1c0092ee 1c0037b7 lui              x15, 0x1c003000     x15=1c003000
26708209ns          452673 1c0092f2 1c003db7 lui              x27, 0x1c003000     x27=1c003000
26708229ns          452674 1c0092f6 00129b93 slli             x23, x5, 0x1        x23=00000004  x5:00000002
26708249ns          452675 1c0092fa ef058593 addi             x11, x11, -272      x11=1c002ef0 x11:1c003000
26708706ns          452698 1c0092fe f0060613 addi             x12, x12, -256      x12=1c002f00 x12:1c003000
26708746ns          452700 1c009302 e6078793 addi             x15, x15, -416      x15=1c002e60 x15:1c003000
26708766ns          452701 1c009306 ec040413 addi             x8, x8, -320         x8=1c002ec0  x8:1c003000
26708786ns          452702 1c00930a ed048493 addi             x9, x9, -304         x9=1c002ed0  x9:1c003000
26709224ns          452724 1c00930e ee050513 addi             x10, x10, -288      x10=1c002ee0 x10:1c003000
26709263ns          452726 1c009312 e7068693 addi             x13, x13, -400      x13=1c002e70 x13:1c003000
26709283ns          452727 1c009316 e90d8d93 addi             x27, x27, -368      x27=1c002e90 x27:1c003000
26709303ns          452728 1c00931a 1c003e37 lui              x28, 0x1c003000     x28=1c003000
26709741ns          452750 1c00931e 1c003eb7 lui              x29, 0x1c003000     x29=1c003000
26709780ns          452752 1c009322 1c003f37 lui              x30, 0x1c003000     x30=1c003000
26709800ns          452753 1c009326 01740c33 add              x24, x8, x23        x24=1c002ec4  x8:1c002ec0 x23:00000004
26709820ns          452754 1c00932a 01748b33 add              x22, x9, x23        x22=1c002ed4  x9:1c002ed0 x23:00000004
26710258ns          452776 1c00932e 01758a33 add              x20, x11, x23       x20=1c002ef4 x11:1c002ef0 x23:00000004
26710297ns          452778 1c009332 017609b3 add              x19, x12, x23       x19=1c002f04 x12:1c002f00 x23:00000004
26710317ns          452779 1c009336 017784b3 add              x9, x15, x23         x9=1c002e64 x15:1c002e60 x23:00000004
26710337ns          452780 1c00933a 01750d33 add              x26, x10, x23       x26=1c002ee4 x10:1c002ee0 x23:00000004
26710775ns          452802 1c00933e 01768933 add              x18, x13, x23       x18=1c002e74 x13:1c002e70 x23:00000004
26710815ns          452804 1c009342 017d8433 add              x8, x27, x23         x8=1c002e94 x27:1c002e90 x23:00000004
26710834ns          452805 1c009346 e80e0e13 addi             x28, x28, -384      x28=1c002e80 x28:1c003000
26710854ns          452806 1c00934a eb0e8e93 addi             x29, x29, -336      x29=1c002eb0 x29:1c003000
26711292ns          452828 1c00934e ea0f0f13 addi             x30, x30, -352      x30=1c002ea0 x30:1c003000
26711332ns          452830 1c009352 000c1023 sh               x0, 0(x24)          x24:1c002ec4  PA:1c002ec4
26711650ns          452846 1c009356 000b1023 sh               x0, 0(x22)          x22:1c002ed4  PA:1c002ed4
26711968ns          452862 1c00935a 00041023 sh               x0, 0(x8)            x8:1c002e94  PA:1c002e94
26712286ns          452878 1c00935e 000e5ba3 p.sh             x0, x0(x28)         x28:1c002e80  PA:1c002e84
26712624ns          452895 1c009362 000edba3 p.sh             x0, x0(x29)         x29:1c002eb0  PA:1c002eb4
26712943ns          452911 1c009366 000f5ba3 p.sh             x0, x0(x30)         x30:1c002ea0  PA:1c002ea4
26713261ns          452927 1c00936a 000d1023 sh               x0, 0(x26)          x26:1c002ee4  PA:1c002ee4
26713579ns          452943 1c00936e 000a1023 sh               x0, 0(x20)          x20:1c002ef4  PA:1c002ef4
26713917ns          452960 1c009372 00099023 sh               x0, 0(x19)          x19:1c002f04  PA:1c002f04
26714235ns          452976 1c009376 00091023 sh               x0, 0(x18)          x18:1c002e74  PA:1c002e74
26714554ns          452992 1c00937a 00049023 sh               x0, 0(x9)            x9:1c002e64  PA:1c002e64
26714872ns          453008 1c00937e 16f020ef jal              x1, 10606            x1=1c009382
26714892ns          453009 1c00bcec f14027f3 csrrs            x15, x0, 0xf14      x15=00000002
26714912ns          453010 1c00bcf0 01f00713 addi             x14, x0, 31         x14=0000001f
26714931ns          453011 1c00bcf2 ca5797b3 p.extractu       x15, x15, 5, 5      x15=00000000 x15:00000002
26714951ns          453012 1c00bcf6 00e78863 beq              x15, x14, 16        x15:00000000 x14:0000001f
26714971ns          453013 1c00bcfa 002047b7 lui              x15, 0x204000       x15=00204000
26714991ns          453014 1c00bcfe 20078793 addi             x15, x15, 512       x15=00204200 x15:00204000
26715011ns          453015 1c00bd02 01c7e703 p.elw            x14, 28(x15)        x14=00010000 x15:00204200  PA:0020421c
26715349ns          453032 1c00bd06 00008067 jalr             x0, x1, 0            x1:1c009382
26715409ns          453035 1c009382 1c0027b7 lui              x15, 0x1c002000     x15=1c002000
26715429ns          453036 1c009386 e5078793 addi             x15, x15, -432      x15=1c001e50 x15:1c002000
26715448ns          453037 1c00938a 017785b3 add              x11, x15, x23       x11=1c001e54 x15:1c001e50 x23:00000004
26715966ns          453063 1c00938e 1c0017b7 lui              x15, 0x1c001000     x15=1c001000
26716005ns          453065 1c009392 67c78793 addi             x15, x15, 1660      x15=1c00167c x15:1c001000
26716025ns          453066 1c009396 01778633 add              x12, x15, x23       x12=1c001680 x15:1c00167c x23:00000004
26716045ns          453067 1c00939a 1c0017b7 lui              x15, 0x1c001000     x15=1c001000
26716562ns          453093 1c00939e eac78793 addi             x15, x15, -340      x15=1c000eac x15:1c001000
26716602ns          453095 1c0093a2 01778ab3 add              x21, x15, x23       x21=1c000eb0 x15:1c000eac x23:00000004
26716622ns          453096 1c0093a6 1c002cb7 lui              x25, 0x1c002000     x25=1c002000
26716642ns          453097 1c0093aa 0ac12783 lw               x15, 172(x2)        x15=00000002  x2:100014d8  PA:10001584
26716662ns          453098 1c0093ac 688c8c93 addi             x25, x25, 1672      x25=1c002688 x25:1c002000
26717099ns          453120 1c0093b0 017c8cb3 add              x25, x25, x23       x25=1c00268c x25:1c002688 x23:00000004
26717119ns          453121 1c0093b2 03812423 sw               x24, 40(x2)         x24:1c002ec4  x2:100014d8  PA:10001500
26717139ns          453122 1c0093b4 03612823 sw               x22, 48(x2)         x22:1c002ed4  x2:100014d8  PA:10001508
26717159ns          453123 1c0093b6 0a812023 sw               x8, 160(x2)          x8:1c002e94  x2:100014d8  PA:10001578
26717179ns          453124 1c0093b8 01700c33 add              x24, x0, x23        x24=00000004 x23:00000004
26717199ns          453125 1c0093ba 03a12c23 sw               x26, 56(x2)         x26:1c002ee4  x2:100014d8  PA:10001510
26717219ns          453126 1c0093bc 01500bb3 add              x23, x0, x21        x23=1c000eb0 x21:1c000eb0
26717238ns          453127 1c0093be 05412023 sw               x20, 64(x2)         x20:1c002ef4  x2:100014d8  PA:10001518
26717517ns          453141 1c0093c0 05312423 sw               x19, 72(x2)         x19:1c002f04  x2:100014d8  PA:10001520
26717537ns          453142 1c0093c2 05212823 sw               x18, 80(x2)         x18:1c002e74  x2:100014d8  PA:10001528
26717557ns          453143 1c0093c4 04912c23 sw               x9, 88(x2)           x9:1c002e64  x2:100014d8  PA:10001530
26717576ns          453144 1c0093c6 00b00433 add              x8, x0, x11          x8=1c001e54 x11:1c001e54
26717596ns          453145 1c0093c8 00f00b33 add              x22, x0, x15        x22=00000002 x15:00000002
26717616ns          453146 1c0093ca 00c00ab3 add              x21, x0, x12        x21=1c001680 x12:1c001680
26717636ns          453147 1c0093cc 010c9a0b p.lh             x20, 16(x25!)       x20=fffffe74 x25=1c00269c x25:1c00268c  PA:1c00268c
26718153ns          453173 1c0093d0 0104198b p.lh             x19, 16(x8!)        x19=0000011c  x8=1c001e64  x8:1c001e54  PA:1c001e54
26718670ns          453199 1c0093d4 2cc10513 addi             x10, x2, 716        x10=100017a4  x2:100014d8
26718690ns          453200 1c0093d6 010a990b p.lh             x18, 16(x21!)       x18=fffffea3 x21=1c001690 x21:1c001680  PA:1c001680
26719048ns          453218 1c0093da 010b948b p.lh             x9, 16(x23!)         x9=0000014e x23=1c000ec0 x23:1c000eb0  PA:1c000eb0
26719466ns          453239 1c0093de 2d411623 sh               x20, 716(x2)        x20:fffffe74  x2:100014d8  PA:100017a4
26719486ns          453240 1c0093e2 2d311723 sh               x19, 718(x2)        x19:0000011c  x2:100014d8  PA:100017a6
26719506ns          453241 1c0093e6 c33ff0ef jal              x1, -974             x1=1c0093e8
26719903ns          453261 1c009018 00051803 lh               x16, 0(x10)         x16=fffffe74 x10:100017a4  PA:100017a4
26719943ns          453263 1c00901c 00251883 lh               x17, 2(x10)         x17=0000011c x10:100017a4  PA:100017a6
26720460ns          453289 1c009020 030806b3 mul              x13, x16, x16       x13=00026490 x16:fffffe74 x16:fffffe74
26720500ns          453291 1c009024 03188633 mul              x12, x17, x17       x12=00013b10 x17:0000011c x17:0000011c
26720520ns          453292 1c009028 40a65613 srai             x12, x12, 0x40a     x12=0000004e x12:00013b10
26720540ns          453293 1c00902a 40a6d693 srai             x13, x13, 0x40a     x13=00000099 x13:00026490
26720560ns          453294 1c00902c 00c686b3 add              x13, x13, x12       x13=000000e7 x13:00000099 x12:0000004e
26720997ns          453316 1c00902e 1006c633 p.exths          x12, x13, x0        x12=000000e7 x13:000000e7
26721037ns          453318 1c009032 00855703 lhu              x14, 8(x10)         x14=0000ffd1 x10:100017a4  PA:100017ac
26721077ns          453320 1c009036 00a55683 lhu              x13, 10(x10)        x13=0000ff6a x10:100017a4  PA:100017ae
26721176ns          453325 1c00903a 02c60333 mul              x6, x12, x12         x6=0000d071 x12:000000e7 x12:000000e7
26721415ns          453337 1c00903e 00c55783 lhu              x15, 12(x10)        x15=0000ffe5 x10:100017a4  PA:100017b0
26721455ns          453339 1c009042 00e55583 lhu              x11, 14(x10)        x11=00000060 x10:100017a4  PA:100017b2
26721475ns          453340 1c009046 dea30333 p.extract        x6, x6, 15, 10       x6=00000034  x6:0000d071
26721494ns          453341 1c00904a 80c7075b p.muls           x14, x14, x12       x14=ffffd597 x14:0000ffd1 x12:000000e7
26722051ns          453369 1c00904e 80c686db p.muls           x13, x13, x12       x13=ffff78a6 x13:0000ff6a x12:000000e7
26722091ns          453371 1c009052 00455e83 lhu              x29, 4(x10)         x29=00000427 x10:100017a4  PA:100017a8
26722131ns          453373 1c009056 00655e03 lhu              x28, 6(x10)         x28=0000007f x10:100017a4  PA:100017aa
26722230ns          453378 1c00905a 40a75713 srai             x14, x14, 0x40a     x14=fffffff5 x14:ffffd597
26722250ns          453379 1c00905c 806787db p.muls           x15, x15, x6        x15=fffffa84 x15:0000ffe5  x6:00000034
26722568ns          453395 1c009060 40a6d693 srai             x13, x13, 0x40a     x13=ffffffde x13:ffff78a6
26722608ns          453397 1c009062 8065865b p.muls           x12, x11, x6        x12=00001380 x11:00000060  x6:00000034
26722628ns          453398 1c009066 40a7d793 srai             x15, x15, 0x40a     x15=fffffffe x15:fffffa84
26722648ns          453399 1c009068 40a65613 srai             x12, x12, 0x40a     x12=00000004 x12:00001380
26722668ns          453400 1c00906a 01d70733 add              x14, x14, x29       x14=0000041c x14:fffffff5 x29:00000427
26722688ns          453401 1c00906c 01c686b3 add              x13, x13, x28       x13=0000005d x13:ffffffde x28:0000007f
26722708ns          453402 1c00906e 00c686b3 add              x13, x13, x12       x13=00000061 x13:0000005d x12:00000004
26723085ns          453421 1c009070 00f70733 add              x14, x14, x15       x14=0000041a x14:0000041c x15:fffffffe
26723125ns          453423 1c009072 100747b3 p.exths          x15, x14, x0        x15=0000041a x14:0000041a
26723145ns          453424 1c009076 1006c733 p.exths          x14, x13, x0        x14=00000061 x13:00000061
26723165ns          453425 1c00907a 03170633 mul              x12, x14, x17       x12=00006b9c x14:00000061 x17:0000011c
26723503ns          453442 1c00907e 030786b3 mul              x13, x15, x16       x13=fff9a7c8 x15:0000041a x16:fffffe74
26723543ns          453444 1c009082 03070733 mul              x14, x14, x16       x14=ffff69f4 x14:00000061 x16:fffffe74
26723563ns          453445 1c009086 031787b3 mul              x15, x15, x17       x15=00048cd8 x15:0000041a x17:0000011c
26723583ns          453446 1c00908a 40a6d693 srai             x13, x13, 0x40a     x13=fffffe69 x13:fff9a7c8
26723603ns          453447 1c00908c 40a65613 srai             x12, x12, 0x40a     x12=0000001a x12:00006b9c
26723622ns          453448 1c00908e 40a7d793 srai             x15, x15, 0x40a     x15=00000123 x15:00048cd8
26724020ns          453468 1c009090 40a75713 srai             x14, x14, 0x40a     x14=ffffffda x14:ffff69f4
26724040ns          453469 1c009092 40c686b3 sub              x13, x13, x12       x13=fffffe4f x13:fffffe69 x12:0000001a
26724060ns          453470 1c009094 00e787b3 add              x15, x15, x14       x15=000000fd x15:00000123 x14:ffffffda
26724080ns          453471 1c009096 00d51823 sh               x13, 16(x10)        x13:fffffe4f x10:100017a4  PA:100017b4
26724100ns          453472 1c00909a 00f51923 sh               x15, 18(x10)        x15:000000fd x10:100017a4  PA:100017b6
26724120ns          453473 1c00909e 00008067 jalr             x0, x1, 0            x1:1c0093e8
26724657ns          453500 1c0093e8 2dc15583 lhu              x11, 732(x2)        x11=0000fe4f  x2:100014d8  PA:100017b4
26724696ns          453502 1c0093ec 2de15783 lhu              x15, 734(x2)        x15=000000fd  x2:100014d8  PA:100017b6
26725134ns          453524 1c0093f0 40b90933 sub              x18, x18, x11       x18=ffff0054 x18:fffffea3 x11:0000fe4f
26725174ns          453526 1c0093f4 40f484b3 sub              x9, x9, x15          x9=00000051  x9:0000014e x15:000000fd
26725194ns          453527 1c0093f6 100945b3 p.exths          x11, x18, x0        x11=00000054 x18:ffff0054
26725213ns          453528 1c0093fa 1004c7b3 p.exths          x15, x9, x0         x15=00000051  x9:00000051
26725552ns          453545 1c0093fe 034586b3 mul              x13, x11, x20       x13=ffff7e10 x11:00000054 x20:fffffe74
26725591ns          453547 1c009402 03378533 mul              x10, x15, x19       x10=000059dc x15:00000051 x19:0000011c
26725611ns          453548 1c009406 034a0633 mul              x12, x20, x20       x12=00026490 x20:fffffe74 x20:fffffe74
26725631ns          453549 1c00940a 03398733 mul              x14, x19, x19       x14=00013b10 x19:0000011c x19:0000011c
26726089ns          453572 1c00940e 034787b3 mul              x15, x15, x20       x15=ffff82b4 x15:00000051 x20:fffffe74
26726128ns          453574 1c009412 033585b3 mul              x11, x11, x19       x11=00005d30 x11:00000054 x19:0000011c
26726148ns          453575 1c009416 40a75713 srai             x14, x14, 0x40a     x14=0000004e x14:00013b10
26726168ns          453576 1c009418 40a5d593 srai             x11, x11, 0x40a     x11=00000017 x11:00005d30
26726188ns          453577 1c00941a 40a65613 srai             x12, x12, 0x40a     x12=00000099 x12:00026490
26726208ns          453578 1c00941c 40a7d793 srai             x15, x15, 0x40a     x15=ffffffe0 x15:ffff82b4
26726685ns          453602 1c00941e 1c0034b7 lui              x9, 0x1c003000       x9=1c003000
26726705ns          453603 1c009422 00e60633 add              x12, x12, x14       x12=000000e7 x12:00000099 x14:0000004e
26726725ns          453604 1c009424 40b787b3 sub              x15, x15, x11       x15=ffffffc9 x15:ffffffe0 x11:00000017
26726745ns          453605 1c009426 eb048493 addi             x9, x9, -336         x9=1c002eb0  x9:1c003000
26726765ns          453606 1c00942a 1c0032b7 lui              x5, 0x1c003000       x5=1c003000
26727222ns          453629 1c00942e 1c0035b7 lui              x11, 0x1c003000     x11=1c003000
26727262ns          453631 1c009432 018483b3 add              x7, x9, x24          x7=1c002eb4  x9:1c002eb0 x24:00000004
26727282ns          453632 1c009436 02812e83 lw               x29, 40(x2)         x29=1c002ec4  x2:100014d8  PA:10001500
26727302ns          453633 1c009438 10065633 p.exthz          x12, x12, x0        x12=000000e7 x12:000000e7
26727322ns          453634 1c00943c e8028293 addi             x5, x5, -384         x5=1c002e80  x5:1c003000
26727640ns          453650 1c009440 ea058593 addi             x11, x11, -352      x11=1c002ea0 x11:1c003000
26727680ns          453652 1c009444 03812483 lw               x9, 56(x2)           x9=1c002ee4  x2:100014d8  PA:10001510
26727699ns          453653 1c009446 10064733 p.exths          x14, x12, x0        x14=000000e7 x12:000000e7
26727719ns          453654 1c00944a 018280b3 add              x1, x5, x24          x1=1c002e84  x5:1c002e80 x24:00000004
26727739ns          453655 1c00944e 03012f03 lw               x30, 48(x2)         x30=1c002ed4  x2:100014d8  PA:10001508
26728256ns          453681 1c009450 018582b3 add              x5, x11, x24         x5=1c002ea4 x11:1c002ea0 x24:00000004
26728296ns          453683 1c009454 04012583 lw               x11, 64(x2)         x11=1c002ef4  x2:100014d8  PA:10001518
26728316ns          453684 1c009456 000edd83 lhu              x27, 0(x29)         x27=00000000 x29:1c002ec4  PA:1c002ec4
26728754ns          453706 1c00945a 0004d483 lhu              x9, 0(x9)            x9=00000000  x9:1c002ee4  PA:1c002ee4
26729231ns          453730 1c00945e 02e70333 mul              x6, x14, x14         x6=0000d071 x14:000000e7 x14:000000e7
26729251ns          453731 1c009462 40a55513 srai             x10, x10, 0x40a     x10=00000016 x10:000059dc
26729271ns          453732 1c009464 04812e83 lw               x29, 72(x2)         x29=1c002f04  x2:100014d8  PA:10001520
26729291ns          453733 1c009466 40a6d693 srai             x13, x13, 0x40a     x13=ffffffdf x13:ffff7e10
26729310ns          453734 1c009468 000f5d03 lhu              x26, 0(x30)         x26=00000000 x30:1c002ed4  PA:1c002ed4
26729609ns          453749 1c00946c 0005d583 lhu              x11, 0(x11)         x11=00000000 x11:1c002ef4  PA:1c002ef4
26730046ns          453771 1c009470 40a35313 srai             x6, x6, 0x40a        x6=00000034  x6:0000d071
26730066ns          453772 1c009474 00a686b3 add              x13, x13, x10       x13=fffffff5 x13:ffffffdf x10:00000016
26730086ns          453773 1c009476 05012f03 lw               x30, 80(x2)         x30=1c002e74  x2:100014d8  PA:10001528
26730106ns          453774 1c009478 10034e33 p.exths          x28, x6, x0         x28=00000034  x6:00000034
26730126ns          453775 1c00947c 06911023 sh               x9, 96(x2)           x9:00000000  x2:100014d8  PA:10001538
26730166ns          453777 1c009480 000ede83 lhu              x29, 0(x29)         x29=00000000 x29:1c002f04  PA:1c002f04
26730802ns          453809 1c009484 05812483 lw               x9, 88(x2)           x9=1c002e64  x2:100014d8  PA:10001530
26730822ns          453810 1c009486 1006d6b3 p.exthz          x13, x13, x0        x13=0000fff5 x13:fffffff5
26730842ns          453811 1c00948a 02ee08b3 mul              x17, x28, x14       x17=00002eec x28:00000034 x14:000000e7
26730862ns          453812 1c00948e 1006c833 p.exths          x16, x13, x0        x16=fffffff5 x13:0000fff5
26730882ns          453813 1c009492 06b11823 sh               x11, 112(x2)        x11:00000000  x2:100014d8  PA:10001548
26730901ns          453814 1c009496 000f5f03 lhu              x30, 0(x30)         x30=00000000 x30:1c002e74  PA:1c002e74
26731399ns          453839 1c00949a 0a012583 lw               x11, 160(x2)        x11=1c002e94  x2:100014d8  PA:10001578
26731419ns          453840 1c00949c 1007d7b3 p.exthz          x15, x15, x0        x15=0000ffc9 x15:ffffffc9
26731438ns          453841 1c0094a0 0004da03 lhu              x20, 0(x9)          x20=00000000  x9:1c002e64  PA:1c002e64
26731757ns          453857 1c0094a4 1007c533 p.exths          x10, x15, x0        x10=ffffffc9 x15:0000ffc9
26731777ns          453858 1c0094a8 09d11023 sh               x29, 128(x2)        x29:00000000  x2:100014d8  PA:10001558
26731816ns          453860 1c0094ac 0003d483 lhu              x9, 0(x7)            x9=00000000  x7:1c002eb4  PA:1c002eb4
26732194ns          453879 1c0094b0 02e80eb3 mul              x29, x16, x14       x29=fffff613 x16:fffffff5 x14:000000e7
26732214ns          453880 1c0094b4 40a8d893 srai             x17, x17, 0x40a     x17=0000000b x17:00002eec
26732234ns          453881 1c0094b8 03c80833 mul              x16, x16, x28       x16=fffffdc4 x16:fffffff5 x28:00000034
26732254ns          453882 1c0094bc 09e11823 sh               x30, 144(x2)        x30:00000000  x2:100014d8  PA:10001568
26732433ns          453891 1c0094c0 0005d983 lhu              x19, 0(x11)         x19=00000000 x11:1c002e94  PA:1c002e94
26732751ns          453907 1c0094c4 81c88f5b p.muls           x30, x17, x28       x30=0000023c x17:0000000b x28:00000034
26732771ns          453908 1c0094c8 0002d583 lhu              x11, 0(x5)          x11=00000000  x5:1c002ea4  PA:1c002ea4
26733248ns          453932 1c0094cc 03ce0fb3 mul              x31, x28, x28       x31=00000a90 x28:00000034 x28:00000034
26733268ns          453933 1c0094d0 02e50733 mul              x14, x10, x14       x14=ffffce5f x10:ffffffc9 x14:000000e7
26733288ns          453934 1c0094d4 40a85813 srai             x16, x16, 0x40a     x16=ffffffff x16:fffffdc4
26733308ns          453935 1c0094d8 03c50533 mul              x10, x10, x28       x10=fffff4d4 x10:ffffffc9 x28:00000034
26733328ns          453936 1c0094dc 07015e03 lhu              x28, 112(x2)        x28=00000000  x2:100014d8  PA:10001548
26733726ns          453956 1c0094e0 01b60633 add              x12, x12, x27       x12=000000e7 x12:000000e7 x27:00000000
26733745ns          453957 1c0094e2 00980833 add              x16, x16, x9        x16=ffffffff x16:ffffffff  x9:00000000
26733765ns          453958 1c0094e4 06015d83 lhu              x27, 96(x2)         x27=00000000  x2:100014d8  PA:10001538
26733785ns          453959 1c0094e8 02812483 lw               x9, 40(x2)           x9=1c002ec4  x2:100014d8  PA:10001500
26733805ns          453960 1c0094ea 40afdf93 srai             x31, x31, 0x40a     x31=00000002 x31:00000a90
26733825ns          453961 1c0094ee 40a55513 srai             x10, x10, 0x40a     x10=fffffffd x10:fffff4d4
26734243ns          453982 1c0094f0 01cf8fb3 add              x31, x31, x28       x31=00000002 x31:00000002 x28:00000000
26734263ns          453983 1c0094f2 00b50533 add              x10, x10, x11       x10=fffffffd x10:fffffffd x11:00000000
26734282ns          453984 1c0094f4 09015e03 lhu              x28, 144(x2)        x28=00000000  x2:100014d8  PA:10001568
26734302ns          453985 1c0094f8 03012583 lw               x11, 48(x2)         x11=1c002ed4  x2:100014d8  PA:10001508
26734322ns          453986 1c0094fa 00c49023 sh               x12, 0(x9)          x12:000000e7  x9:1c002ec4  PA:1c002ec4
26734640ns          454002 1c0094fe 01b888b3 add              x17, x17, x27       x17=0000000b x17:0000000b x27:00000000
26734760ns          454008 1c009500 01a30333 add              x6, x6, x26          x6=00000034  x6:00000034 x26:00000000
26734800ns          454010 1c009502 08015d83 lhu              x27, 128(x2)        x27=00000000  x2:100014d8  PA:10001558
26734819ns          454011 1c009506 0000d903 lhu              x18, 0(x1)          x18=00000000  x1:1c002e84  PA:1c002e84
26735297ns          454035 1c00950a 01c686b3 add              x13, x13, x28       x13=0000fff5 x13:0000fff5 x28:00000000
26735317ns          454036 1c00950c 00659023 sh               x6, 0(x11)           x6:00000034 x11:1c002ed4  PA:1c002ed4
26735635ns          454052 1c009510 40af5f13 srai             x30, x30, 0x40a     x30=00000000 x30:0000023c
26735655ns          454053 1c009514 04812e03 lw               x28, 72(x2)         x28=1c002f04  x2:100014d8  PA:10001520
26735675ns          454054 1c009516 01bf0f33 add              x30, x30, x27       x30=00000000 x30:00000000 x27:00000000
26735694ns          454055 1c009518 40aede93 srai             x29, x29, 0x40a     x29=fffffffd x29:fffff613
26735714ns          454056 1c00951c 40a75713 srai             x14, x14, 0x40a     x14=fffffff3 x14:ffffce5f
26735734ns          454057 1c00951e 03812603 lw               x12, 56(x2)         x12=1c002ee4  x2:100014d8  PA:10001510
26735834ns          454062 1c009520 04012d83 lw               x27, 64(x2)         x27=1c002ef4  x2:100014d8  PA:10001518
26735873ns          454064 1c009522 01ee1023 sh               x30, 0(x28)         x30:00000000 x28:1c002f04  PA:1c002f04
26736192ns          454080 1c009526 05812483 lw               x9, 88(x2)           x9=1c002e64  x2:100014d8  PA:10001530
26736212ns          454081 1c009528 05012f03 lw               x30, 80(x2)         x30=1c002e74  x2:100014d8  PA:10001528
26736231ns          454082 1c00952a 0a012583 lw               x11, 160(x2)        x11=1c002e94  x2:100014d8  PA:10001578
26736251ns          454083 1c00952c 014787b3 add              x15, x15, x20       x15=0000ffc9 x15:0000ffc9 x20:00000000
26736271ns          454084 1c00952e 013e8eb3 add              x29, x29, x19       x29=fffffffd x29:fffffffd x19:00000000
26736351ns          454088 1c009530 01270733 add              x14, x14, x18       x14=fffffff3 x14:fffffff3 x18:00000000
26736391ns          454090 1c009532 00f49023 sh               x15, 0(x9)          x15:0000ffc9  x9:1c002e64  PA:1c002e64
26736709ns          454106 1c009536 01161023 sh               x17, 0(x12)         x17:0000000b x12:1c002ee4  PA:1c002ee4
26737027ns          454122 1c00953a 01fd9023 sh               x31, 0(x27)         x31:00000002 x27:1c002ef4  PA:1c002ef4
26737345ns          454138 1c00953e 00df1023 sh               x13, 0(x30)         x13:0000fff5 x30:1c002e74  PA:1c002e74
26737683ns          454155 1c009542 01d59023 sh               x29, 0(x11)         x29:fffffffd x11:1c002e94  PA:1c002e94
26738001ns          454171 1c009546 00e09023 sh               x14, 0(x1)          x14:fffffff3  x1:1c002e84  PA:1c002e84
26738320ns          454187 1c00954a 01039023 sh               x16, 0(x7)          x16:ffffffff  x7:1c002eb4  PA:1c002eb4
26738638ns          454203 1c00954e 00a29023 sh               x10, 0(x5)          x10:fffffffd  x5:1c002ea4  PA:1c002ea4
26738956ns          454219 1c009552 008b0b13 addi             x22, x22, 8         x22=0000000a x22:00000002
26738976ns          454220 1c009554 1f300793 addi             x15, x0, 499        x15=000001f3
26738996ns          454221 1c009558 e767dae3 bge              x15, x22, -396      x15:000001f3 x22:0000000a
26739493ns          454246 1c0093cc 010c9a0b p.lh             x20, 16(x25!)       x20=fffffff1 x25=1c0026ac x25:1c00269c  PA:1c00269c
26739811ns          454262 1c0093d0 0104198b p.lh             x19, 16(x8!)        x19=fffffef8  x8=1c001e74  x8:1c001e64  PA:1c001e64
26740110ns          454277 1c0093d4 2cc10513 addi             x10, x2, 716        x10=100017a4  x2:100014d8
26740129ns          454278 1c0093d6 010a990b p.lh             x18, 16(x21!)       x18=ffffffd9 x21=1c0016a0 x21:1c001690  PA:1c001690
26740428ns          454293 1c0093da 010b948b p.lh             x9, 16(x23!)         x9=fffffee8 x23=1c000ed0 x23:1c000ec0  PA:1c000ec0
26740726ns          454308 1c0093de 2d411623 sh               x20, 716(x2)        x20:fffffff1  x2:100014d8  PA:100017a4
26740766ns          454310 1c0093e2 2d311723 sh               x19, 718(x2)        x19:fffffef8  x2:100014d8  PA:100017a6
26740885ns          454316 1c0093e6 c33ff0ef jal              x1, -974             x1=1c0093e8
26740905ns          454317 1c009018 00051803 lh               x16, 0(x10)         x16=fffffff1 x10:100017a4  PA:100017a4
26741044ns          454324 1c00901c 00251883 lh               x17, 2(x10)         x17=fffffef8 x10:100017a4  PA:100017a6
26741164ns          454330 1c009020 030806b3 mul              x13, x16, x16       x13=000000e1 x16:fffffff1 x16:fffffff1
26741184ns          454331 1c009024 03188633 mul              x12, x17, x17       x12=00011040 x17:fffffef8 x17:fffffef8
26741203ns          454332 1c009028 40a65613 srai             x12, x12, 0x40a     x12=00000044 x12:00011040
26741223ns          454333 1c00902a 40a6d693 srai             x13, x13, 0x40a     x13=00000000 x13:000000e1
26741243ns          454334 1c00902c 00c686b3 add              x13, x13, x12       x13=00000044 x13:00000000 x12:00000044
26741263ns          454335 1c00902e 1006c633 p.exths          x12, x13, x0        x12=00000044 x13:00000044
26741303ns          454337 1c009032 00855703 lhu              x14, 8(x10)         x14=0000ffd1 x10:100017a4  PA:100017ac
26741323ns          454338 1c009036 00a55683 lhu              x13, 10(x10)        x13=0000ff6a x10:100017a4  PA:100017ae
26741343ns          454339 1c00903a 02c60333 mul              x6, x12, x12         x6=00001210 x12:00000044 x12:00000044
26741402ns          454342 1c00903e 00c55783 lhu              x15, 12(x10)        x15=0000ffe5 x10:100017a4  PA:100017b0
26741442ns          454344 1c009042 00e55583 lhu              x11, 14(x10)        x11=00000060 x10:100017a4  PA:100017b2
26741462ns          454345 1c009046 dea30333 p.extract        x6, x6, 15, 10       x6=00000004  x6:00001210
26741482ns          454346 1c00904a 80c7075b p.muls           x14, x14, x12       x14=fffff384 x14:0000ffd1 x12:00000044
26741542ns          454349 1c00904e 80c686db p.muls           x13, x13, x12       x13=ffffd828 x13:0000ff6a x12:00000044
26741581ns          454351 1c009052 00455e83 lhu              x29, 4(x10)         x29=00000427 x10:100017a4  PA:100017a8
26741601ns          454352 1c009056 00655e03 lhu              x28, 6(x10)         x28=0000007f x10:100017a4  PA:100017aa
26741621ns          454353 1c00905a 40a75713 srai             x14, x14, 0x40a     x14=fffffffc x14:fffff384
26741641ns          454354 1c00905c 806787db p.muls           x15, x15, x6        x15=ffffff94 x15:0000ffe5  x6:00000004
26741661ns          454355 1c009060 40a6d693 srai             x13, x13, 0x40a     x13=fffffff6 x13:ffffd828
26741681ns          454356 1c009062 8065865b p.muls           x12, x11, x6        x12=00000180 x11:00000060  x6:00000004
26741701ns          454357 1c009066 40a7d793 srai             x15, x15, 0x40a     x15=ffffffff x15:ffffff94
26741721ns          454358 1c009068 40a65613 srai             x12, x12, 0x40a     x12=00000000 x12:00000180
26741740ns          454359 1c00906a 01d70733 add              x14, x14, x29       x14=00000423 x14:fffffffc x29:00000427
26741760ns          454360 1c00906c 01c686b3 add              x13, x13, x28       x13=00000075 x13:fffffff6 x28:0000007f
26741780ns          454361 1c00906e 00c686b3 add              x13, x13, x12       x13=00000075 x13:00000075 x12:00000000
26741800ns          454362 1c009070 00f70733 add              x14, x14, x15       x14=00000422 x14:00000423 x15:ffffffff
26741820ns          454363 1c009072 100747b3 p.exths          x15, x14, x0        x15=00000422 x14:00000422
26741840ns          454364 1c009076 1006c733 p.exths          x14, x13, x0        x14=00000075 x13:00000075
26741860ns          454365 1c00907a 03170633 mul              x12, x14, x17       x12=ffff8758 x14:00000075 x17:fffffef8
26741900ns          454367 1c00907e 030786b3 mul              x13, x15, x16       x13=ffffc202 x15:00000422 x16:fffffff1
26741939ns          454369 1c009082 03070733 mul              x14, x14, x16       x14=fffff925 x14:00000075 x16:fffffff1
26741959ns          454370 1c009086 031787b3 mul              x15, x15, x17       x15=fffbbcf0 x15:00000422 x17:fffffef8
26741979ns          454371 1c00908a 40a6d693 srai             x13, x13, 0x40a     x13=fffffff0 x13:ffffc202
26741999ns          454372 1c00908c 40a65613 srai             x12, x12, 0x40a     x12=ffffffe1 x12:ffff8758
26742019ns          454373 1c00908e 40a7d793 srai             x15, x15, 0x40a     x15=fffffeef x15:fffbbcf0
26742039ns          454374 1c009090 40a75713 srai             x14, x14, 0x40a     x14=fffffffe x14:fffff925
26742059ns          454375 1c009092 40c686b3 sub              x13, x13, x12       x13=0000000f x13:fffffff0 x12:ffffffe1
26742079ns          454376 1c009094 00e787b3 add              x15, x15, x14       x15=fffffeed x15:fffffeef x14:fffffffe
26742098ns          454377 1c009096 00d51823 sh               x13, 16(x10)        x13:0000000f x10:100017a4  PA:100017b4
26742118ns          454378 1c00909a 00f51923 sh               x15, 18(x10)        x15:fffffeed x10:100017a4  PA:100017b6
26742138ns          454379 1c00909e 00008067 jalr             x0, x1, 0            x1:1c0093e8
26742476ns          454396 1c0093e8 2dc15583 lhu              x11, 732(x2)        x11=0000000f  x2:100014d8  PA:100017b4
26742516ns          454398 1c0093ec 2de15783 lhu              x15, 734(x2)        x15=0000feed  x2:100014d8  PA:100017b6
26742536ns          454399 1c0093f0 40b90933 sub              x18, x18, x11       x18=ffffffca x18:ffffffd9 x11:0000000f
26742556ns          454400 1c0093f4 40f484b3 sub              x9, x9, x15          x9=fffefffb  x9:fffffee8 x15:0000feed
26742576ns          454401 1c0093f6 100945b3 p.exths          x11, x18, x0        x11=ffffffca x18:ffffffca
26742596ns          454402 1c0093fa 1004c7b3 p.exths          x15, x9, x0         x15=fffffffb  x9:fffefffb
26742615ns          454403 1c0093fe 034586b3 mul              x13, x11, x20       x13=0000032a x11:ffffffca x20:fffffff1
26742635ns          454404 1c009402 03378533 mul              x10, x15, x19       x10=00000528 x15:fffffffb x19:fffffef8
26742655ns          454405 1c009406 034a0633 mul              x12, x20, x20       x12=000000e1 x20:fffffff1 x20:fffffff1
26742675ns          454406 1c00940a 03398733 mul              x14, x19, x19       x14=00011040 x19:fffffef8 x19:fffffef8
26742695ns          454407 1c00940e 034787b3 mul              x15, x15, x20       x15=0000004b x15:fffffffb x20:fffffff1
26742715ns          454408 1c009412 033585b3 mul              x11, x11, x19       x11=000037b0 x11:ffffffca x19:fffffef8
26742735ns          454409 1c009416 40a75713 srai             x14, x14, 0x40a     x14=00000044 x14:00011040
26742755ns          454410 1c009418 40a5d593 srai             x11, x11, 0x40a     x11=0000000d x11:000037b0
26742775ns          454411 1c00941a 40a65613 srai             x12, x12, 0x40a     x12=00000000 x12:000000e1
26742794ns          454412 1c00941c 40a7d793 srai             x15, x15, 0x40a     x15=00000000 x15:0000004b
26742814ns          454413 1c00941e 1c0034b7 lui              x9, 0x1c003000       x9=1c003000
26742834ns          454414 1c009422 00e60633 add              x12, x12, x14       x12=00000044 x12:00000000 x14:00000044
26742854ns          454415 1c009424 40b787b3 sub              x15, x15, x11       x15=fffffff3 x15:00000000 x11:0000000d
26742874ns          454416 1c009426 eb048493 addi             x9, x9, -336         x9=1c002eb0  x9:1c003000
26742894ns          454417 1c00942a 1c0032b7 lui              x5, 0x1c003000       x5=1c003000
26742914ns          454418 1c00942e 1c0035b7 lui              x11, 0x1c003000     x11=1c003000
26742934ns          454419 1c009432 018483b3 add              x7, x9, x24          x7=1c002eb4  x9:1c002eb0 x24:00000004
26742954ns          454420 1c009436 02812e83 lw               x29, 40(x2)         x29=1c002ec4  x2:100014d8  PA:10001500
26742993ns          454422 1c009438 10065633 p.exthz          x12, x12, x0        x12=00000044 x12:00000044
26743013ns          454423 1c00943c e8028293 addi             x5, x5, -384         x5=1c002e80  x5:1c003000
26743033ns          454424 1c009440 ea058593 addi             x11, x11, -352      x11=1c002ea0 x11:1c003000
26743073ns          454426 1c009444 03812483 lw               x9, 56(x2)           x9=1c002ee4  x2:100014d8  PA:10001510
26743093ns          454427 1c009446 10064733 p.exths          x14, x12, x0        x14=00000044 x12:00000044
26743113ns          454428 1c00944a 018280b3 add              x1, x5, x24          x1=1c002e84  x5:1c002e80 x24:00000004
26743133ns          454429 1c00944e 03012f03 lw               x30, 48(x2)         x30=1c002ed4  x2:100014d8  PA:10001508
26743172ns          454431 1c009450 018582b3 add              x5, x11, x24         x5=1c002ea4 x11:1c002ea0 x24:00000004
26743212ns          454433 1c009454 04012583 lw               x11, 64(x2)         x11=1c002ef4  x2:100014d8  PA:10001518
26743232ns          454434 1c009456 000edd83 lhu              x27, 0(x29)         x27=000000e7 x29:1c002ec4  PA:1c002ec4
26743530ns          454449 1c00945a 0004d483 lhu              x9, 0(x9)            x9=0000000b  x9:1c002ee4  PA:1c002ee4
26743968ns          454471 1c00945e 02e70333 mul              x6, x14, x14         x6=00001210 x14:00000044 x14:00000044
26743988ns          454472 1c009462 40a55513 srai             x10, x10, 0x40a     x10=00000001 x10:00000528
26744008ns          454473 1c009464 04812e83 lw               x29, 72(x2)         x29=1c002f04  x2:100014d8  PA:10001520
26744028ns          454474 1c009466 40a6d693 srai             x13, x13, 0x40a     x13=00000000 x13:0000032a
26744047ns          454475 1c009468 000f5d03 lhu              x26, 0(x30)         x26=00000034 x30:1c002ed4  PA:1c002ed4
26744366ns          454491 1c00946c 0005d583 lhu              x11, 0(x11)         x11=00000002 x11:1c002ef4  PA:1c002ef4
26744664ns          454506 1c009470 40a35313 srai             x6, x6, 0x40a        x6=00000004  x6:00001210
26744684ns          454507 1c009474 00a686b3 add              x13, x13, x10       x13=00000001 x13:00000000 x10:00000001
26744704ns          454508 1c009476 05012f03 lw               x30, 80(x2)         x30=1c002e74  x2:100014d8  PA:10001528
26744724ns          454509 1c009478 10034e33 p.exths          x28, x6, x0         x28=00000004  x6:00000004
26744744ns          454510 1c00947c 06911023 sh               x9, 96(x2)           x9:0000000b  x2:100014d8  PA:10001538
26744783ns          454512 1c009480 000ede83 lhu              x29, 0(x29)         x29=00000000 x29:1c002f04  PA:1c002f04
26745121ns          454529 1c009484 05812483 lw               x9, 88(x2)           x9=1c002e64  x2:100014d8  PA:10001530
26745141ns          454530 1c009486 1006d6b3 p.exthz          x13, x13, x0        x13=00000001 x13:00000001
26745161ns          454531 1c00948a 02ee08b3 mul              x17, x28, x14       x17=00000110 x28:00000004 x14:00000044
26745181ns          454532 1c00948e 1006c833 p.exths          x16, x13, x0        x16=00000001 x13:00000001
26745201ns          454533 1c009492 06b11823 sh               x11, 112(x2)        x11:00000002  x2:100014d8  PA:10001548
26745221ns          454534 1c009496 000f5f03 lhu              x30, 0(x30)         x30=0000fff5 x30:1c002e74  PA:1c002e74
26745519ns          454549 1c00949a 0a012583 lw               x11, 160(x2)        x11=1c002e94  x2:100014d8  PA:10001578
26745539ns          454550 1c00949c 1007d7b3 p.exthz          x15, x15, x0        x15=0000fff3 x15:fffffff3
26745559ns          454551 1c0094a0 0004da03 lhu              x20, 0(x9)          x20=0000ffc9  x9:1c002e64  PA:1c002e64
26745857ns          454566 1c0094a4 1007c533 p.exths          x10, x15, x0        x10=fffffff3 x15:0000fff3
26745877ns          454567 1c0094a8 09d11023 sh               x29, 128(x2)        x29:00000000  x2:100014d8  PA:10001558
26745897ns          454568 1c0094ac 0003d483 lhu              x9, 0(x7)            x9=0000ffff  x7:1c002eb4  PA:1c002eb4
26746255ns          454586 1c0094b0 02e80eb3 mul              x29, x16, x14       x29=00000044 x16:00000001 x14:00000044
26746275ns          454587 1c0094b4 40a8d893 srai             x17, x17, 0x40a     x17=00000000 x17:00000110
26746295ns          454588 1c0094b8 03c80833 mul              x16, x16, x28       x16=00000004 x16:00000001 x28:00000004
26746315ns          454589 1c0094bc 09e11823 sh               x30, 144(x2)        x30:0000fff5  x2:100014d8  PA:10001568
26746335ns          454590 1c0094c0 0005d983 lhu              x19, 0(x11)         x19=0000fffd x11:1c002e94  PA:1c002e94
26746633ns          454605 1c0094c4 81c88f5b p.muls           x30, x17, x28       x30=00000000 x17:00000000 x28:00000004
26746653ns          454606 1c0094c8 0002d583 lhu              x11, 0(x5)          x11=0000fffd  x5:1c002ea4  PA:1c002ea4
26746991ns          454623 1c0094cc 03ce0fb3 mul              x31, x28, x28       x31=00000010 x28:00000004 x28:00000004
26747011ns          454624 1c0094d0 02e50733 mul              x14, x10, x14       x14=fffffc8c x10:fffffff3 x14:00000044
26747031ns          454625 1c0094d4 40a85813 srai             x16, x16, 0x40a     x16=00000000 x16:00000004
26747051ns          454626 1c0094d8 03c50533 mul              x10, x10, x28       x10=ffffffcc x10:fffffff3 x28:00000004
26747070ns          454627 1c0094dc 07015e03 lhu              x28, 112(x2)        x28=00000002  x2:100014d8  PA:10001548
26747110ns          454629 1c0094e0 01b60633 add              x12, x12, x27       x12=0000012b x12:00000044 x27:000000e7
26747130ns          454630 1c0094e2 00980833 add              x16, x16, x9        x16=0000ffff x16:00000000  x9:0000ffff
26747150ns          454631 1c0094e4 06015d83 lhu              x27, 96(x2)         x27=0000000b  x2:100014d8  PA:10001538
26747170ns          454632 1c0094e8 02812483 lw               x9, 40(x2)           x9=1c002ec4  x2:100014d8  PA:10001500
26747190ns          454633 1c0094ea 40afdf93 srai             x31, x31, 0x40a     x31=00000000 x31:00000010
26747210ns          454634 1c0094ee 40a55513 srai             x10, x10, 0x40a     x10=ffffffff x10:ffffffcc
26747230ns          454635 1c0094f0 01cf8fb3 add              x31, x31, x28       x31=00000002 x31:00000000 x28:00000002
26747249ns          454636 1c0094f2 00b50533 add              x10, x10, x11       x10=0000fffc x10:ffffffff x11:0000fffd
26747269ns          454637 1c0094f4 09015e03 lhu              x28, 144(x2)        x28=0000fff5  x2:100014d8  PA:10001568
26747289ns          454638 1c0094f8 03012583 lw               x11, 48(x2)         x11=1c002ed4  x2:100014d8  PA:10001508
26747309ns          454639 1c0094fa 00c49023 sh               x12, 0(x9)          x12:0000012b  x9:1c002ec4  PA:1c002ec4
26747627ns          454655 1c0094fe 01b888b3 add              x17, x17, x27       x17=0000000b x17:00000000 x27:0000000b
26747647ns          454656 1c009500 01a30333 add              x6, x6, x26          x6=00000038  x6:00000004 x26:00000034
26747667ns          454657 1c009502 08015d83 lhu              x27, 128(x2)        x27=00000000  x2:100014d8  PA:10001558
26747687ns          454658 1c009506 0000d903 lhu              x18, 0(x1)          x18=0000fff3  x1:1c002e84  PA:1c002e84
26748005ns          454674 1c00950a 01c686b3 add              x13, x13, x28       x13=0000fff6 x13:00000001 x28:0000fff5
26748025ns          454675 1c00950c 00659023 sh               x6, 0(x11)           x6:00000038 x11:1c002ed4  PA:1c002ed4
26748363ns          454692 1c009510 40af5f13 srai             x30, x30, 0x40a     x30=00000000 x30:00000000
26748383ns          454693 1c009514 04812e03 lw               x28, 72(x2)         x28=1c002f04  x2:100014d8  PA:10001520
26748403ns          454694 1c009516 01bf0f33 add              x30, x30, x27       x30=00000000 x30:00000000 x27:00000000
26748423ns          454695 1c009518 40aede93 srai             x29, x29, 0x40a     x29=00000000 x29:00000044
26748443ns          454696 1c00951c 40a75713 srai             x14, x14, 0x40a     x14=ffffffff x14:fffffc8c
26748463ns          454697 1c00951e 03812603 lw               x12, 56(x2)         x12=1c002ee4  x2:100014d8  PA:10001510
26748482ns          454698 1c009520 04012d83 lw               x27, 64(x2)         x27=1c002ef4  x2:100014d8  PA:10001518
26748502ns          454699 1c009522 01ee1023 sh               x30, 0(x28)         x30:00000000 x28:1c002f04  PA:1c002f04
26748821ns          454715 1c009526 05812483 lw               x9, 88(x2)           x9=1c002e64  x2:100014d8  PA:10001530
26748840ns          454716 1c009528 05012f03 lw               x30, 80(x2)         x30=1c002e74  x2:100014d8  PA:10001528
26748860ns          454717 1c00952a 0a012583 lw               x11, 160(x2)        x11=1c002e94  x2:100014d8  PA:10001578
26748880ns          454718 1c00952c 014787b3 add              x15, x15, x20       x15=0001ffbc x15:0000fff3 x20:0000ffc9
26748900ns          454719 1c00952e 013e8eb3 add              x29, x29, x19       x29=0000fffd x29:00000000 x19:0000fffd
26748920ns          454720 1c009530 01270733 add              x14, x14, x18       x14=0000fff2 x14:ffffffff x18:0000fff3
26748940ns          454721 1c009532 00f49023 sh               x15, 0(x9)          x15:0001ffbc  x9:1c002e64  PA:1c002e64
26749258ns          454737 1c009536 01161023 sh               x17, 0(x12)         x17:0000000b x12:1c002ee4  PA:1c002ee4
26749596ns          454754 1c00953a 01fd9023 sh               x31, 0(x27)         x31:00000002 x27:1c002ef4  PA:1c002ef4
26749914ns          454770 1c00953e 00df1023 sh               x13, 0(x30)         x13:0000fff6 x30:1c002e74  PA:1c002e74
26750233ns          454786 1c009542 01d59023 sh               x29, 0(x11)         x29:0000fffd x11:1c002e94  PA:1c002e94
26750551ns          454802 1c009546 00e09023 sh               x14, 0(x1)          x14:0000fff2  x1:1c002e84  PA:1c002e84
26750889ns          454819 1c00954a 01039023 sh               x16, 0(x7)          x16:0000ffff  x7:1c002eb4  PA:1c002eb4
26751207ns          454835 1c00954e 00a29023 sh               x10, 0(x5)          x10:0000fffc  x5:1c002ea4  PA:1c002ea4
26751525ns          454851 1c009552 008b0b13 addi             x22, x22, 8         x22=00000012 x22:0000000a
26751545ns          454852 1c009554 1f300793 addi             x15, x0, 499        x15=000001f3
26751565ns          454853 1c009558 e767dae3 bge              x15, x22, -396      x15:000001f3 x22:00000012
26751704ns          454860 1c0093cc 010c9a0b p.lh             x20, 16(x25!)       x20=0000001c x25=1c0026bc x25:1c0026ac  PA:1c0026ac
26752023ns          454876 1c0093d0 0104198b p.lh             x19, 16(x8!)        x19=ffffff7f  x8=1c001e84  x8:1c001e74  PA:1c001e74
26752400ns          454895 1c0093d4 2cc10513 addi             x10, x2, 716        x10=100017a4  x2:100014d8
26752420ns          454896 1c0093d6 010a990b p.lh             x18, 16(x21!)       x18=00000012 x21=1c0016b0 x21:1c0016a0  PA:1c0016a0
26752798ns          454915 1c0093da 010b948b p.lh             x9, 16(x23!)         x9=ffffff86 x23=1c000ee0 x23:1c000ed0  PA:1c000ed0
26753196ns          454935 1c0093de 2d411623 sh               x20, 716(x2)        x20:0000001c  x2:100014d8  PA:100017a4
26753236ns          454937 1c0093e2 2d311723 sh               x19, 718(x2)        x19:ffffff7f  x2:100014d8  PA:100017a6
26753256ns          454938 1c0093e6 c33ff0ef jal              x1, -974             x1=1c0093e8
26753733ns          454962 1c009018 00051803 lh               x16, 0(x10)         x16=0000001c x10:100017a4  PA:100017a4
26753773ns          454964 1c00901c 00251883 lh               x17, 2(x10)         x17=ffffff7f x10:100017a4  PA:100017a6
26753832ns          454967 1c009020 030806b3 mul              x13, x16, x16       x13=00000310 x16:0000001c x16:0000001c
26753872ns          454969 1c009024 03188633 mul              x12, x17, x17       x12=00004101 x17:ffffff7f x17:ffffff7f
26753892ns          454970 1c009028 40a65613 srai             x12, x12, 0x40a     x12=00000010 x12:00004101
26753912ns          454971 1c00902a 40a6d693 srai             x13, x13, 0x40a     x13=00000000 x13:00000310
26753932ns          454972 1c00902c 00c686b3 add              x13, x13, x12       x13=00000010 x13:00000000 x12:00000010
26753952ns          454973 1c00902e 1006c633 p.exths          x12, x13, x0        x12=00000010 x13:00000010
26753972ns          454974 1c009032 00855703 lhu              x14, 8(x10)         x14=0000ffd1 x10:100017a4  PA:100017ac
26753991ns          454975 1c009036 00a55683 lhu              x13, 10(x10)        x13=0000ff6a x10:100017a4  PA:100017ae
26754011ns          454976 1c00903a 02c60333 mul              x6, x12, x12         x6=00000100 x12:00000010 x12:00000010
26754031ns          454977 1c00903e 00c55783 lhu              x15, 12(x10)        x15=0000ffe5 x10:100017a4  PA:100017b0
26754051ns          454978 1c009042 00e55583 lhu              x11, 14(x10)        x11=00000060 x10:100017a4  PA:100017b2
26754071ns          454979 1c009046 dea30333 p.extract        x6, x6, 15, 10       x6=00000000  x6:00000100
26754091ns          454980 1c00904a 80c7075b p.muls           x14, x14, x12       x14=fffffd10 x14:0000ffd1 x12:00000010
26754131ns          454982 1c00904e 80c686db p.muls           x13, x13, x12       x13=fffff6a0 x13:0000ff6a x12:00000010
26754170ns          454984 1c009052 00455e83 lhu              x29, 4(x10)         x29=00000427 x10:100017a4  PA:100017a8
26754190ns          454985 1c009056 00655e03 lhu              x28, 6(x10)         x28=0000007f x10:100017a4  PA:100017aa
26754210ns          454986 1c00905a 40a75713 srai             x14, x14, 0x40a     x14=ffffffff x14:fffffd10
26754230ns          454987 1c00905c 806787db p.muls           x15, x15, x6        x15=00000000 x15:0000ffe5  x6:00000000
26754250ns          454988 1c009060 40a6d693 srai             x13, x13, 0x40a     x13=fffffffd x13:fffff6a0
26754270ns          454989 1c009062 8065865b p.muls           x12, x11, x6        x12=00000000 x11:00000060  x6:00000000
26754290ns          454990 1c009066 40a7d793 srai             x15, x15, 0x40a     x15=00000000 x15:00000000
26754310ns          454991 1c009068 40a65613 srai             x12, x12, 0x40a     x12=00000000 x12:00000000
26754330ns          454992 1c00906a 01d70733 add              x14, x14, x29       x14=00000426 x14:ffffffff x29:00000427
26754349ns          454993 1c00906c 01c686b3 add              x13, x13, x28       x13=0000007c x13:fffffffd x28:0000007f
26754369ns          454994 1c00906e 00c686b3 add              x13, x13, x12       x13=0000007c x13:0000007c x12:00000000
26754389ns          454995 1c009070 00f70733 add              x14, x14, x15       x14=00000426 x14:00000426 x15:00000000
26754409ns          454996 1c009072 100747b3 p.exths          x15, x14, x0        x15=00000426 x14:00000426
26754429ns          454997 1c009076 1006c733 p.exths          x14, x13, x0        x14=0000007c x13:0000007c
26754449ns          454998 1c00907a 03170633 mul              x12, x14, x17       x12=ffffc184 x14:0000007c x17:ffffff7f
26754489ns          455000 1c00907e 030786b3 mul              x13, x15, x16       x13=00007428 x15:00000426 x16:0000001c
26754528ns          455002 1c009082 03070733 mul              x14, x14, x16       x14=00000d90 x14:0000007c x16:0000001c
26754548ns          455003 1c009086 031787b3 mul              x15, x15, x17       x15=fffde8da x15:00000426 x17:ffffff7f
26754568ns          455004 1c00908a 40a6d693 srai             x13, x13, 0x40a     x13=0000001d x13:00007428
26754588ns          455005 1c00908c 40a65613 srai             x12, x12, 0x40a     x12=fffffff0 x12:ffffc184
26754608ns          455006 1c00908e 40a7d793 srai             x15, x15, 0x40a     x15=ffffff7a x15:fffde8da
26754628ns          455007 1c009090 40a75713 srai             x14, x14, 0x40a     x14=00000003 x14:00000d90
26754648ns          455008 1c009092 40c686b3 sub              x13, x13, x12       x13=0000002d x13:0000001d x12:fffffff0
26754668ns          455009 1c009094 00e787b3 add              x15, x15, x14       x15=ffffff7d x15:ffffff7a x14:00000003
26754688ns          455010 1c009096 00d51823 sh               x13, 16(x10)        x13:0000002d x10:100017a4  PA:100017b4
26754707ns          455011 1c00909a 00f51923 sh               x15, 18(x10)        x15:ffffff7d x10:100017a4  PA:100017b6
26754727ns          455012 1c00909e 00008067 jalr             x0, x1, 0            x1:1c0093e8
26754767ns          455014 1c0093e8 2dc15583 lhu              x11, 732(x2)        x11=0000002d  x2:100014d8  PA:100017b4
26754787ns          455015 1c0093ec 2de15783 lhu              x15, 734(x2)        x15=0000ff7d  x2:100014d8  PA:100017b6
26754827ns          455017 1c0093f0 40b90933 sub              x18, x18, x11       x18=ffffffe5 x18:00000012 x11:0000002d
26754847ns          455018 1c0093f4 40f484b3 sub              x9, x9, x15          x9=ffff0009  x9:ffffff86 x15:0000ff7d
26754866ns          455019 1c0093f6 100945b3 p.exths          x11, x18, x0        x11=ffffffe5 x18:ffffffe5
26754886ns          455020 1c0093fa 1004c7b3 p.exths          x15, x9, x0         x15=00000009  x9:ffff0009
26754906ns          455021 1c0093fe 034586b3 mul              x13, x11, x20       x13=fffffd0c x11:ffffffe5 x20:0000001c
26754926ns          455022 1c009402 03378533 mul              x10, x15, x19       x10=fffffb77 x15:00000009 x19:ffffff7f
26754946ns          455023 1c009406 034a0633 mul              x12, x20, x20       x12=00000310 x20:0000001c x20:0000001c
26754966ns          455024 1c00940a 03398733 mul              x14, x19, x19       x14=00004101 x19:ffffff7f x19:ffffff7f
26754986ns          455025 1c00940e 034787b3 mul              x15, x15, x20       x15=000000fc x15:00000009 x20:0000001c
26755006ns          455026 1c009412 033585b3 mul              x11, x11, x19       x11=00000d9b x11:ffffffe5 x19:ffffff7f
26755026ns          455027 1c009416 40a75713 srai             x14, x14, 0x40a     x14=00000010 x14:00004101
26755045ns          455028 1c009418 40a5d593 srai             x11, x11, 0x40a     x11=00000003 x11:00000d9b
26755065ns          455029 1c00941a 40a65613 srai             x12, x12, 0x40a     x12=00000000 x12:00000310
26755085ns          455030 1c00941c 40a7d793 srai             x15, x15, 0x40a     x15=00000000 x15:000000fc
26755105ns          455031 1c00941e 1c0034b7 lui              x9, 0x1c003000       x9=1c003000
26755125ns          455032 1c009422 00e60633 add              x12, x12, x14       x12=00000010 x12:00000000 x14:00000010
26755145ns          455033 1c009424 40b787b3 sub              x15, x15, x11       x15=fffffffd x15:00000000 x11:00000003
26755165ns          455034 1c009426 eb048493 addi             x9, x9, -336         x9=1c002eb0  x9:1c003000
26755185ns          455035 1c00942a 1c0032b7 lui              x5, 0x1c003000       x5=1c003000
26755205ns          455036 1c00942e 1c0035b7 lui              x11, 0x1c003000     x11=1c003000
26755224ns          455037 1c009432 018483b3 add              x7, x9, x24          x7=1c002eb4  x9:1c002eb0 x24:00000004
26755244ns          455038 1c009436 02812e83 lw               x29, 40(x2)         x29=1c002ec4  x2:100014d8  PA:10001500
26755264ns          455039 1c009438 10065633 p.exthz          x12, x12, x0        x12=00000010 x12:00000010
26755284ns          455040 1c00943c e8028293 addi             x5, x5, -384         x5=1c002e80  x5:1c003000
26755304ns          455041 1c009440 ea058593 addi             x11, x11, -352      x11=1c002ea0 x11:1c003000
26755344ns          455043 1c009444 03812483 lw               x9, 56(x2)           x9=1c002ee4  x2:100014d8  PA:10001510
26755364ns          455044 1c009446 10064733 p.exths          x14, x12, x0        x14=00000010 x12:00000010
26755384ns          455045 1c00944a 018280b3 add              x1, x5, x24          x1=1c002e84  x5:1c002e80 x24:00000004
26755403ns          455046 1c00944e 03012f03 lw               x30, 48(x2)         x30=1c002ed4  x2:100014d8  PA:10001508
26755423ns          455047 1c009450 018582b3 add              x5, x11, x24         x5=1c002ea4 x11:1c002ea0 x24:00000004
26755443ns          455048 1c009454 04012583 lw               x11, 64(x2)         x11=1c002ef4  x2:100014d8  PA:10001518
26755463ns          455049 1c009456 000edd83 lhu              x27, 0(x29)         x27=0000012b x29:1c002ec4  PA:1c002ec4
26755761ns          455064 1c00945a 0004d483 lhu              x9, 0(x9)            x9=0000000b  x9:1c002ee4  PA:1c002ee4
26756060ns          455079 1c00945e 02e70333 mul              x6, x14, x14         x6=00000100 x14:00000010 x14:00000010
26756080ns          455080 1c009462 40a55513 srai             x10, x10, 0x40a     x10=fffffffe x10:fffffb77
26756100ns          455081 1c009464 04812e83 lw               x29, 72(x2)         x29=1c002f04  x2:100014d8  PA:10001520
26756119ns          455082 1c009466 40a6d693 srai             x13, x13, 0x40a     x13=ffffffff x13:fffffd0c
26756139ns          455083 1c009468 000f5d03 lhu              x26, 0(x30)         x26=00000038 x30:1c002ed4  PA:1c002ed4
26756477ns          455100 1c00946c 0005d583 lhu              x11, 0(x11)         x11=00000002 x11:1c002ef4  PA:1c002ef4
26756796ns          455116 1c009470 40a35313 srai             x6, x6, 0x40a        x6=00000000  x6:00000100
26756816ns          455117 1c009474 00a686b3 add              x13, x13, x10       x13=fffffffd x13:ffffffff x10:fffffffe
26756835ns          455118 1c009476 05012f03 lw               x30, 80(x2)         x30=1c002e74  x2:100014d8  PA:10001528
26756855ns          455119 1c009478 10034e33 p.exths          x28, x6, x0         x28=00000000  x6:00000000
26756875ns          455120 1c00947c 06911023 sh               x9, 96(x2)           x9:0000000b  x2:100014d8  PA:10001538
26756895ns          455121 1c009480 000ede83 lhu              x29, 0(x29)         x29=00000000 x29:1c002f04  PA:1c002f04
26757213ns          455137 1c009484 05812483 lw               x9, 88(x2)           x9=1c002e64  x2:100014d8  PA:10001530
26757233ns          455138 1c009486 1006d6b3 p.exthz          x13, x13, x0        x13=0000fffd x13:fffffffd
26757253ns          455139 1c00948a 02ee08b3 mul              x17, x28, x14       x17=00000000 x28:00000000 x14:00000010
26757273ns          455140 1c00948e 1006c833 p.exths          x16, x13, x0        x16=fffffffd x13:0000fffd
26757293ns          455141 1c009492 06b11823 sh               x11, 112(x2)        x11:00000002  x2:100014d8  PA:10001548
26757313ns          455142 1c009496 000f5f03 lhu              x30, 0(x30)         x30=0000fff6 x30:1c002e74  PA:1c002e74
26757631ns          455158 1c00949a 0a012583 lw               x11, 160(x2)        x11=1c002e94  x2:100014d8  PA:10001578
26757651ns          455159 1c00949c 1007d7b3 p.exthz          x15, x15, x0        x15=0000fffd x15:fffffffd
26757671ns          455160 1c0094a0 0004da03 lhu              x20, 0(x9)          x20=0000ffbc  x9:1c002e64  PA:1c002e64
26757969ns          455175 1c0094a4 1007c533 p.exths          x10, x15, x0        x10=fffffffd x15:0000fffd
26757989ns          455176 1c0094a8 09d11023 sh               x29, 128(x2)        x29:00000000  x2:100014d8  PA:10001558
26758009ns          455177 1c0094ac 0003d483 lhu              x9, 0(x7)            x9=0000ffff  x7:1c002eb4  PA:1c002eb4
26758307ns          455192 1c0094b0 02e80eb3 mul              x29, x16, x14       x29=ffffffd0 x16:fffffffd x14:00000010
26758327ns          455193 1c0094b4 40a8d893 srai             x17, x17, 0x40a     x17=00000000 x17:00000000
26758347ns          455194 1c0094b8 03c80833 mul              x16, x16, x28       x16=00000000 x16:fffffffd x28:00000000
26758367ns          455195 1c0094bc 09e11823 sh               x30, 144(x2)        x30:0000fff6  x2:100014d8  PA:10001568
26758387ns          455196 1c0094c0 0005d983 lhu              x19, 0(x11)         x19=0000fffd x11:1c002e94  PA:1c002e94
26758685ns          455211 1c0094c4 81c88f5b p.muls           x30, x17, x28       x30=00000000 x17:00000000 x28:00000000
26758705ns          455212 1c0094c8 0002d583 lhu              x11, 0(x5)          x11=0000fffc  x5:1c002ea4  PA:1c002ea4
26759023ns          455228 1c0094cc 03ce0fb3 mul              x31, x28, x28       x31=00000000 x28:00000000 x28:00000000
26759043ns          455229 1c0094d0 02e50733 mul              x14, x10, x14       x14=ffffffd0 x10:fffffffd x14:00000010
26759063ns          455230 1c0094d4 40a85813 srai             x16, x16, 0x40a     x16=00000000 x16:00000000
26759083ns          455231 1c0094d8 03c50533 mul              x10, x10, x28       x10=00000000 x10:fffffffd x28:00000000
26759103ns          455232 1c0094dc 07015e03 lhu              x28, 112(x2)        x28=00000002  x2:100014d8  PA:10001548
26759142ns          455234 1c0094e0 01b60633 add              x12, x12, x27       x12=0000013b x12:00000010 x27:0000012b
26759162ns          455235 1c0094e2 00980833 add              x16, x16, x9        x16=0000ffff x16:00000000  x9:0000ffff
26759182ns          455236 1c0094e4 06015d83 lhu              x27, 96(x2)         x27=0000000b  x2:100014d8  PA:10001538
26759202ns          455237 1c0094e8 02812483 lw               x9, 40(x2)           x9=1c002ec4  x2:100014d8  PA:10001500
26759222ns          455238 1c0094ea 40afdf93 srai             x31, x31, 0x40a     x31=00000000 x31:00000000
26759242ns          455239 1c0094ee 40a55513 srai             x10, x10, 0x40a     x10=00000000 x10:00000000
26759262ns          455240 1c0094f0 01cf8fb3 add              x31, x31, x28       x31=00000002 x31:00000000 x28:00000002
26759282ns          455241 1c0094f2 00b50533 add              x10, x10, x11       x10=0000fffc x10:00000000 x11:0000fffc
26759302ns          455242 1c0094f4 09015e03 lhu              x28, 144(x2)        x28=0000fff6  x2:100014d8  PA:10001568
26759321ns          455243 1c0094f8 03012583 lw               x11, 48(x2)         x11=1c002ed4  x2:100014d8  PA:10001508
26759341ns          455244 1c0094fa 00c49023 sh               x12, 0(x9)          x12:0000013b  x9:1c002ec4  PA:1c002ec4
26759660ns          455260 1c0094fe 01b888b3 add              x17, x17, x27       x17=0000000b x17:00000000 x27:0000000b
26759679ns          455261 1c009500 01a30333 add              x6, x6, x26          x6=00000038  x6:00000000 x26:00000038
26759699ns          455262 1c009502 08015d83 lhu              x27, 128(x2)        x27=00000000  x2:100014d8  PA:10001558
26759719ns          455263 1c009506 0000d903 lhu              x18, 0(x1)          x18=0000fff2  x1:1c002e84  PA:1c002e84
26760057ns          455280 1c00950a 01c686b3 add              x13, x13, x28       x13=0001fff3 x13:0000fffd x28:0000fff6
26760077ns          455281 1c00950c 00659023 sh               x6, 0(x11)           x6:00000038 x11:1c002ed4  PA:1c002ed4
26760395ns          455297 1c009510 40af5f13 srai             x30, x30, 0x40a     x30=00000000 x30:00000000
26760415ns          455298 1c009514 04812e03 lw               x28, 72(x2)         x28=1c002f04  x2:100014d8  PA:10001520
26760435ns          455299 1c009516 01bf0f33 add              x30, x30, x27       x30=00000000 x30:00000000 x27:00000000
26760455ns          455300 1c009518 40aede93 srai             x29, x29, 0x40a     x29=ffffffff x29:ffffffd0
26760475ns          455301 1c00951c 40a75713 srai             x14, x14, 0x40a     x14=ffffffff x14:ffffffd0
26760495ns          455302 1c00951e 03812603 lw               x12, 56(x2)         x12=1c002ee4  x2:100014d8  PA:10001510
26760515ns          455303 1c009520 04012d83 lw               x27, 64(x2)         x27=1c002ef4  x2:100014d8  PA:10001518
26760535ns          455304 1c009522 01ee1023 sh               x30, 0(x28)         x30:00000000 x28:1c002f04  PA:1c002f04
26760853ns          455320 1c009526 05812483 lw               x9, 88(x2)           x9=1c002e64  x2:100014d8  PA:10001530
26760873ns          455321 1c009528 05012f03 lw               x30, 80(x2)         x30=1c002e74  x2:100014d8  PA:10001528
26760893ns          455322 1c00952a 0a012583 lw               x11, 160(x2)        x11=1c002e94  x2:100014d8  PA:10001578
26760912ns          455323 1c00952c 014787b3 add              x15, x15, x20       x15=0001ffb9 x15:0000fffd x20:0000ffbc
26760932ns          455324 1c00952e 013e8eb3 add              x29, x29, x19       x29=0000fffc x29:ffffffff x19:0000fffd
26760952ns          455325 1c009530 01270733 add              x14, x14, x18       x14=0000fff1 x14:ffffffff x18:0000fff2
26760972ns          455326 1c009532 00f49023 sh               x15, 0(x9)          x15:0001ffb9  x9:1c002e64  PA:1c002e64
26761290ns          455342 1c009536 01161023 sh               x17, 0(x12)         x17:0000000b x12:1c002ee4  PA:1c002ee4
26761609ns          455358 1c00953a 01fd9023 sh               x31, 0(x27)         x31:00000002 x27:1c002ef4  PA:1c002ef4
26761927ns          455374 1c00953e 00df1023 sh               x13, 0(x30)         x13:0001fff3 x30:1c002e74  PA:1c002e74
26762245ns          455390 1c009542 01d59023 sh               x29, 0(x11)         x29:0000fffc x11:1c002e94  PA:1c002e94
26762563ns          455406 1c009546 00e09023 sh               x14, 0(x1)          x14:0000fff1  x1:1c002e84  PA:1c002e84
26762881ns          455422 1c00954a 01039023 sh               x16, 0(x7)          x16:0000ffff  x7:1c002eb4  PA:1c002eb4
26763200ns          455438 1c00954e 00a29023 sh               x10, 0(x5)          x10:0000fffc  x5:1c002ea4  PA:1c002ea4
26763538ns          455455 1c009552 008b0b13 addi             x22, x22, 8         x22=0000001a x22:00000012
26763558ns          455456 1c009554 1f300793 addi             x15, x0, 499        x15=000001f3
26763577ns          455457 1c009558 e767dae3 bge              x15, x22, -396      x15:000001f3 x22:0000001a
26763677ns          455462 1c0093cc 010c9a0b p.lh             x20, 16(x25!)       x20=00000028 x25=1c0026cc x25:1c0026bc  PA:1c0026bc
26763995ns          455478 1c0093d0 0104198b p.lh             x19, 16(x8!)        x19=fffffe47  x8=1c001e94  x8:1c001e84  PA:1c001e84
26764293ns          455493 1c0093d4 2cc10513 addi             x10, x2, 716        x10=100017a4  x2:100014d8
26764313ns          455494 1c0093d6 010a990b p.lh             x18, 16(x21!)       x18=ffffffee x21=1c0016c0 x21:1c0016b0  PA:1c0016b0
26764612ns          455509 1c0093da 010b948b p.lh             x9, 16(x23!)         x9=fffffe39 x23=1c000ef0 x23:1c000ee0  PA:1c000ee0
26764910ns          455524 1c0093de 2d411623 sh               x20, 716(x2)        x20:00000028  x2:100014d8  PA:100017a4
26764930ns          455525 1c0093e2 2d311723 sh               x19, 718(x2)        x19:fffffe47  x2:100014d8  PA:100017a6
26764950ns          455526 1c0093e6 c33ff0ef jal              x1, -974             x1=1c0093e8
26764989ns          455528 1c009018 00051803 lh               x16, 0(x10)         x16=00000028 x10:100017a4  PA:100017a4
26765009ns          455529 1c00901c 00251883 lh               x17, 2(x10)         x17=fffffe47 x10:100017a4  PA:100017a6
26765029ns          455530 1c009020 030806b3 mul              x13, x16, x16       x13=00000640 x16:00000028 x16:00000028
26765049ns          455531 1c009024 03188633 mul              x12, x17, x17       x12=0002f7b1 x17:fffffe47 x17:fffffe47
26765069ns          455532 1c009028 40a65613 srai             x12, x12, 0x40a     x12=000000bd x12:0002f7b1
26765089ns          455533 1c00902a 40a6d693 srai             x13, x13, 0x40a     x13=00000001 x13:00000640
26765109ns          455534 1c00902c 00c686b3 add              x13, x13, x12       x13=000000be x13:00000001 x12:000000bd
26765129ns          455535 1c00902e 1006c633 p.exths          x12, x13, x0        x12=000000be x13:000000be
26765149ns          455536 1c009032 00855703 lhu              x14, 8(x10)         x14=0000ffd1 x10:100017a4  PA:100017ac
26765168ns          455537 1c009036 00a55683 lhu              x13, 10(x10)        x13=0000ff6a x10:100017a4  PA:100017ae
26765188ns          455538 1c00903a 02c60333 mul              x6, x12, x12         x6=00008d04 x12:000000be x12:000000be
26765208ns          455539 1c00903e 00c55783 lhu              x15, 12(x10)        x15=0000ffe5 x10:100017a4  PA:100017b0
26765228ns          455540 1c009042 00e55583 lhu              x11, 14(x10)        x11=00000060 x10:100017a4  PA:100017b2
26765248ns          455541 1c009046 dea30333 p.extract        x6, x6, 15, 10       x6=00000023  x6:00008d04
26765268ns          455542 1c00904a 80c7075b p.muls           x14, x14, x12       x14=ffffdd1e x14:0000ffd1 x12:000000be
26765288ns          455543 1c00904e 80c686db p.muls           x13, x13, x12       x13=ffff90ac x13:0000ff6a x12:000000be
26765308ns          455544 1c009052 00455e83 lhu              x29, 4(x10)         x29=00000427 x10:100017a4  PA:100017a8
26765328ns          455545 1c009056 00655e03 lhu              x28, 6(x10)         x28=0000007f x10:100017a4  PA:100017aa
26765347ns          455546 1c00905a 40a75713 srai             x14, x14, 0x40a     x14=fffffff7 x14:ffffdd1e
26765367ns          455547 1c00905c 806787db p.muls           x15, x15, x6        x15=fffffc4f x15:0000ffe5  x6:00000023
26765387ns          455548 1c009060 40a6d693 srai             x13, x13, 0x40a     x13=ffffffe4 x13:ffff90ac
26765427ns          455550 1c009062 8065865b p.muls           x12, x11, x6        x12=00000d20 x11:00000060  x6:00000023
26765447ns          455551 1c009066 40a7d793 srai             x15, x15, 0x40a     x15=ffffffff x15:fffffc4f
26765467ns          455552 1c009068 40a65613 srai             x12, x12, 0x40a     x12=00000003 x12:00000d20
26765487ns          455553 1c00906a 01d70733 add              x14, x14, x29       x14=0000041e x14:fffffff7 x29:00000427
26765507ns          455554 1c00906c 01c686b3 add              x13, x13, x28       x13=00000063 x13:ffffffe4 x28:0000007f
26765526ns          455555 1c00906e 00c686b3 add              x13, x13, x12       x13=00000066 x13:00000063 x12:00000003
26765546ns          455556 1c009070 00f70733 add              x14, x14, x15       x14=0000041d x14:0000041e x15:ffffffff
26765566ns          455557 1c009072 100747b3 p.exths          x15, x14, x0        x15=0000041d x14:0000041d
26765586ns          455558 1c009076 1006c733 p.exths          x14, x13, x0        x14=00000066 x13:00000066
26765606ns          455559 1c00907a 03170633 mul              x12, x14, x17       x12=ffff504a x14:00000066 x17:fffffe47
26765666ns          455562 1c00907e 030786b3 mul              x13, x15, x16       x13=0000a488 x15:0000041d x16:00000028
26765705ns          455564 1c009082 03070733 mul              x14, x14, x16       x14=00000ff0 x14:00000066 x16:00000028
26765725ns          455565 1c009086 031787b3 mul              x15, x15, x17       x15=fff8ea0b x15:0000041d x17:fffffe47
26765745ns          455566 1c00908a 40a6d693 srai             x13, x13, 0x40a     x13=00000029 x13:0000a488
26765765ns          455567 1c00908c 40a65613 srai             x12, x12, 0x40a     x12=ffffffd4 x12:ffff504a
26765785ns          455568 1c00908e 40a7d793 srai             x15, x15, 0x40a     x15=fffffe3a x15:fff8ea0b
26765805ns          455569 1c009090 40a75713 srai             x14, x14, 0x40a     x14=00000003 x14:00000ff0
26765825ns          455570 1c009092 40c686b3 sub              x13, x13, x12       x13=00000055 x13:00000029 x12:ffffffd4
26765845ns          455571 1c009094 00e787b3 add              x15, x15, x14       x15=fffffe3d x15:fffffe3a x14:00000003
26765865ns          455572 1c009096 00d51823 sh               x13, 16(x10)        x13:00000055 x10:100017a4  PA:100017b4
26765884ns          455573 1c00909a 00f51923 sh               x15, 18(x10)        x15:fffffe3d x10:100017a4  PA:100017b6
26765904ns          455574 1c00909e 00008067 jalr             x0, x1, 0            x1:1c0093e8
26765944ns          455576 1c0093e8 2dc15583 lhu              x11, 732(x2)        x11=00000055  x2:100014d8  PA:100017b4
26765964ns          455577 1c0093ec 2de15783 lhu              x15, 734(x2)        x15=0000fe3d  x2:100014d8  PA:100017b6
26765984ns          455578 1c0093f0 40b90933 sub              x18, x18, x11       x18=ffffff99 x18:ffffffee x11:00000055
26766004ns          455579 1c0093f4 40f484b3 sub              x9, x9, x15          x9=fffefffc  x9:fffffe39 x15:0000fe3d
26766024ns          455580 1c0093f6 100945b3 p.exths          x11, x18, x0        x11=ffffff99 x18:ffffff99
26766044ns          455581 1c0093fa 1004c7b3 p.exths          x15, x9, x0         x15=fffffffc  x9:fffefffc
26766063ns          455582 1c0093fe 034586b3 mul              x13, x11, x20       x13=ffffefe8 x11:ffffff99 x20:00000028
26766083ns          455583 1c009402 03378533 mul              x10, x15, x19       x10=000006e4 x15:fffffffc x19:fffffe47
26766103ns          455584 1c009406 034a0633 mul              x12, x20, x20       x12=00000640 x20:00000028 x20:00000028
26766123ns          455585 1c00940a 03398733 mul              x14, x19, x19       x14=0002f7b1 x19:fffffe47 x19:fffffe47
26766143ns          455586 1c00940e 034787b3 mul              x15, x15, x20       x15=ffffff60 x15:fffffffc x20:00000028
26766163ns          455587 1c009412 033585b3 mul              x11, x11, x19       x11=0000b16f x11:ffffff99 x19:fffffe47
26766183ns          455588 1c009416 40a75713 srai             x14, x14, 0x40a     x14=000000bd x14:0002f7b1
26766203ns          455589 1c009418 40a5d593 srai             x11, x11, 0x40a     x11=0000002c x11:0000b16f
26766223ns          455590 1c00941a 40a65613 srai             x12, x12, 0x40a     x12=00000001 x12:00000640
26766242ns          455591 1c00941c 40a7d793 srai             x15, x15, 0x40a     x15=ffffffff x15:ffffff60
26766262ns          455592 1c00941e 1c0034b7 lui              x9, 0x1c003000       x9=1c003000
26766282ns          455593 1c009422 00e60633 add              x12, x12, x14       x12=000000be x12:00000001 x14:000000bd
26766302ns          455594 1c009424 40b787b3 sub              x15, x15, x11       x15=ffffffd3 x15:ffffffff x11:0000002c
26766322ns          455595 1c009426 eb048493 addi             x9, x9, -336         x9=1c002eb0  x9:1c003000
26766342ns          455596 1c00942a 1c0032b7 lui              x5, 0x1c003000       x5=1c003000
26766362ns          455597 1c00942e 1c0035b7 lui              x11, 0x1c003000     x11=1c003000
26766382ns          455598 1c009432 018483b3 add              x7, x9, x24          x7=1c002eb4  x9:1c002eb0 x24:00000004
26766402ns          455599 1c009436 02812e83 lw               x29, 40(x2)         x29=1c002ec4  x2:100014d8  PA:10001500
26766421ns          455600 1c009438 10065633 p.exthz          x12, x12, x0        x12=000000be x12:000000be
26766441ns          455601 1c00943c e8028293 addi             x5, x5, -384         x5=1c002e80  x5:1c003000
26766481ns          455603 1c009440 ea058593 addi             x11, x11, -352      x11=1c002ea0 x11:1c003000
26766521ns          455605 1c009444 03812483 lw               x9, 56(x2)           x9=1c002ee4  x2:100014d8  PA:10001510
26766541ns          455606 1c009446 10064733 p.exths          x14, x12, x0        x14=000000be x12:000000be
26766561ns          455607 1c00944a 018280b3 add              x1, x5, x24          x1=1c002e84  x5:1c002e80 x24:00000004
26766581ns          455608 1c00944e 03012f03 lw               x30, 48(x2)         x30=1c002ed4  x2:100014d8  PA:10001508
26766620ns          455610 1c009450 018582b3 add              x5, x11, x24         x5=1c002ea4 x11:1c002ea0 x24:00000004
26766660ns          455612 1c009454 04012583 lw               x11, 64(x2)         x11=1c002ef4  x2:100014d8  PA:10001518
26766680ns          455613 1c009456 000edd83 lhu              x27, 0(x29)         x27=0000013b x29:1c002ec4  PA:1c002ec4
26766978ns          455628 1c00945a 0004d483 lhu              x9, 0(x9)            x9=0000000b  x9:1c002ee4  PA:1c002ee4
26767277ns          455643 1c00945e 02e70333 mul              x6, x14, x14         x6=00008d04 x14:000000be x14:000000be
26767296ns          455644 1c009462 40a55513 srai             x10, x10, 0x40a     x10=00000001 x10:000006e4
26767316ns          455645 1c009464 04812e83 lw               x29, 72(x2)         x29=1c002f04  x2:100014d8  PA:10001520
26767336ns          455646 1c009466 40a6d693 srai             x13, x13, 0x40a     x13=fffffffb x13:ffffefe8
26767356ns          455647 1c009468 000f5d03 lhu              x26, 0(x30)         x26=00000038 x30:1c002ed4  PA:1c002ed4
26767654ns          455662 1c00946c 0005d583 lhu              x11, 0(x11)         x11=00000002 x11:1c002ef4  PA:1c002ef4
26767953ns          455677 1c009470 40a35313 srai             x6, x6, 0x40a        x6=00000023  x6:00008d04
26767973ns          455678 1c009474 00a686b3 add              x13, x13, x10       x13=fffffffc x13:fffffffb x10:00000001
26767993ns          455679 1c009476 05012f03 lw               x30, 80(x2)         x30=1c002e74  x2:100014d8  PA:10001528
26768012ns          455680 1c009478 10034e33 p.exths          x28, x6, x0         x28=00000023  x6:00000023
26768032ns          455681 1c00947c 06911023 sh               x9, 96(x2)           x9:0000000b  x2:100014d8  PA:10001538
26768072ns          455683 1c009480 000ede83 lhu              x29, 0(x29)         x29=00000000 x29:1c002f04  PA:1c002f04
26768410ns          455700 1c009484 05812483 lw               x9, 88(x2)           x9=1c002e64  x2:100014d8  PA:10001530
26768430ns          455701 1c009486 1006d6b3 p.exthz          x13, x13, x0        x13=0000fffc x13:fffffffc
26768450ns          455702 1c00948a 02ee08b3 mul              x17, x28, x14       x17=000019fa x28:00000023 x14:000000be
26768470ns          455703 1c00948e 1006c833 p.exths          x16, x13, x0        x16=fffffffc x13:0000fffc
26768490ns          455704 1c009492 06b11823 sh               x11, 112(x2)        x11:00000002  x2:100014d8  PA:10001548
26768510ns          455705 1c009496 000f5f03 lhu              x30, 0(x30)         x30=0000fff3 x30:1c002e74  PA:1c002e74
26768828ns          455721 1c00949a 0a012583 lw               x11, 160(x2)        x11=1c002e94  x2:100014d8  PA:10001578
26768848ns          455722 1c00949c 1007d7b3 p.exthz          x15, x15, x0        x15=0000ffd3 x15:ffffffd3
26768868ns          455723 1c0094a0 0004da03 lhu              x20, 0(x9)          x20=0000ffb9  x9:1c002e64  PA:1c002e64
26769226ns          455741 1c0094a4 1007c533 p.exths          x10, x15, x0        x10=ffffffd3 x15:0000ffd3
26769246ns          455742 1c0094a8 09d11023 sh               x29, 128(x2)        x29:00000000  x2:100014d8  PA:10001558
26769265ns          455743 1c0094ac 0003d483 lhu              x9, 0(x7)            x9=0000ffff  x7:1c002eb4  PA:1c002eb4
26769643ns          455762 1c0094b0 02e80eb3 mul              x29, x16, x14       x29=fffffd08 x16:fffffffc x14:000000be
26769663ns          455763 1c0094b4 40a8d893 srai             x17, x17, 0x40a     x17=00000006 x17:000019fa
26769683ns          455764 1c0094b8 03c80833 mul              x16, x16, x28       x16=ffffff74 x16:fffffffc x28:00000023
26769703ns          455765 1c0094bc 09e11823 sh               x30, 144(x2)        x30:0000fff3  x2:100014d8  PA:10001568
26769723ns          455766 1c0094c0 0005d983 lhu              x19, 0(x11)         x19=0000fffc x11:1c002e94  PA:1c002e94
26770081ns          455784 1c0094c4 81c88f5b p.muls           x30, x17, x28       x30=000000d2 x17:00000006 x28:00000023
26770101ns          455785 1c0094c8 0002d583 lhu              x11, 0(x5)          x11=0000fffc  x5:1c002ea4  PA:1c002ea4
26770399ns          455800 1c0094cc 03ce0fb3 mul              x31, x28, x28       x31=000004c9 x28:00000023 x28:00000023
26770419ns          455801 1c0094d0 02e50733 mul              x14, x10, x14       x14=ffffde9a x10:ffffffd3 x14:000000be
26770439ns          455802 1c0094d4 40a85813 srai             x16, x16, 0x40a     x16=ffffffff x16:ffffff74
26770459ns          455803 1c0094d8 03c50533 mul              x10, x10, x28       x10=fffff9d9 x10:ffffffd3 x28:00000023
26770479ns          455804 1c0094dc 07015e03 lhu              x28, 112(x2)        x28=00000002  x2:100014d8  PA:10001548
26770498ns          455805 1c0094e0 01b60633 add              x12, x12, x27       x12=000001f9 x12:000000be x27:0000013b
26770518ns          455806 1c0094e2 00980833 add              x16, x16, x9        x16=0000fffe x16:ffffffff  x9:0000ffff
26770538ns          455807 1c0094e4 06015d83 lhu              x27, 96(x2)         x27=0000000b  x2:100014d8  PA:10001538
26770558ns          455808 1c0094e8 02812483 lw               x9, 40(x2)           x9=1c002ec4  x2:100014d8  PA:10001500
26770578ns          455809 1c0094ea 40afdf93 srai             x31, x31, 0x40a     x31=00000001 x31:000004c9
26770598ns          455810 1c0094ee 40a55513 srai             x10, x10, 0x40a     x10=fffffffe x10:fffff9d9
26770618ns          455811 1c0094f0 01cf8fb3 add              x31, x31, x28       x31=00000003 x31:00000001 x28:00000002
26770638ns          455812 1c0094f2 00b50533 add              x10, x10, x11       x10=0000fffa x10:fffffffe x11:0000fffc
26770658ns          455813 1c0094f4 09015e03 lhu              x28, 144(x2)        x28=0000fff3  x2:100014d8  PA:10001568
26770677ns          455814 1c0094f8 03012583 lw               x11, 48(x2)         x11=1c002ed4  x2:100014d8  PA:10001508
26770697ns          455815 1c0094fa 00c49023 sh               x12, 0(x9)          x12:000001f9  x9:1c002ec4  PA:1c002ec4
26771035ns          455832 1c0094fe 01b888b3 add              x17, x17, x27       x17=00000011 x17:00000006 x27:0000000b
26771055ns          455833 1c009500 01a30333 add              x6, x6, x26          x6=0000005b  x6:00000023 x26:00000038
26771075ns          455834 1c009502 08015d83 lhu              x27, 128(x2)        x27=00000000  x2:100014d8  PA:10001558
26771095ns          455835 1c009506 0000d903 lhu              x18, 0(x1)          x18=0000fff1  x1:1c002e84  PA:1c002e84
26771413ns          455851 1c00950a 01c686b3 add              x13, x13, x28       x13=0001ffef x13:0000fffc x28:0000fff3
26771433ns          455852 1c00950c 00659023 sh               x6, 0(x11)           x6:0000005b x11:1c002ed4  PA:1c002ed4
26771751ns          455868 1c009510 40af5f13 srai             x30, x30, 0x40a     x30=00000000 x30:000000d2
26771771ns          455869 1c009514 04812e03 lw               x28, 72(x2)         x28=1c002f04  x2:100014d8  PA:10001520
26771791ns          455870 1c009516 01bf0f33 add              x30, x30, x27       x30=00000000 x30:00000000 x27:00000000
26771811ns          455871 1c009518 40aede93 srai             x29, x29, 0x40a     x29=ffffffff x29:fffffd08
26771831ns          455872 1c00951c 40a75713 srai             x14, x14, 0x40a     x14=fffffff7 x14:ffffde9a
26771851ns          455873 1c00951e 03812603 lw               x12, 56(x2)         x12=1c002ee4  x2:100014d8  PA:10001510
26771871ns          455874 1c009520 04012d83 lw               x27, 64(x2)         x27=1c002ef4  x2:100014d8  PA:10001518
26771891ns          455875 1c009522 01ee1023 sh               x30, 0(x28)         x30:00000000 x28:1c002f04  PA:1c002f04
26772229ns          455892 1c009526 05812483 lw               x9, 88(x2)           x9=1c002e64  x2:100014d8  PA:10001530
26772249ns          455893 1c009528 05012f03 lw               x30, 80(x2)         x30=1c002e74  x2:100014d8  PA:10001528
26772268ns          455894 1c00952a 0a012583 lw               x11, 160(x2)        x11=1c002e94  x2:100014d8  PA:10001578
26772288ns          455895 1c00952c 014787b3 add              x15, x15, x20       x15=0001ff8c x15:0000ffd3 x20:0000ffb9
26772308ns          455896 1c00952e 013e8eb3 add              x29, x29, x19       x29=0000fffb x29:ffffffff x19:0000fffc
26772328ns          455897 1c009530 01270733 add              x14, x14, x18       x14=0000ffe8 x14:fffffff7 x18:0000fff1
26772348ns          455898 1c009532 00f49023 sh               x15, 0(x9)          x15:0001ff8c  x9:1c002e64  PA:1c002e64
26772706ns          455916 1c009536 01161023 sh               x17, 0(x12)         x17:00000011 x12:1c002ee4  PA:1c002ee4
26773024ns          455932 1c00953a 01fd9023 sh               x31, 0(x27)         x31:00000003 x27:1c002ef4  PA:1c002ef4
26773362ns          455949 1c00953e 00df1023 sh               x13, 0(x30)         x13:0001ffef x30:1c002e74  PA:1c002e74
26773700ns          455966 1c009542 01d59023 sh               x29, 0(x11)         x29:0000fffb x11:1c002e94  PA:1c002e94
26774019ns          455982 1c009546 00e09023 sh               x14, 0(x1)          x14:0000ffe8  x1:1c002e84  PA:1c002e84
26774337ns          455998 1c00954a 01039023 sh               x16, 0(x7)          x16:0000fffe  x7:1c002eb4  PA:1c002eb4
26774675ns          456015 1c00954e 00a29023 sh               x10, 0(x5)          x10:0000fffa  x5:1c002ea4  PA:1c002ea4
26774993ns          456031 1c009552 008b0b13 addi             x22, x22, 8         x22=00000022 x22:0000001a
26775013ns          456032 1c009554 1f300793 addi             x15, x0, 499        x15=000001f3
26775033ns          456033 1c009558 e767dae3 bge              x15, x22, -396      x15:000001f3 x22:00000022
26775132ns          456038 1c0093cc 010c9a0b p.lh             x20, 16(x25!)       x20=00000086 x25=1c0026dc x25:1c0026cc  PA:1c0026cc
26775470ns          456055 1c0093d0 0104198b p.lh             x19, 16(x8!)        x19=00000028  x8=1c001ea4  x8:1c001e94  PA:1c001e94
26775769ns          456070 1c0093d4 2cc10513 addi             x10, x2, 716        x10=100017a4  x2:100014d8
26775789ns          456071 1c0093d6 010a990b p.lh             x18, 16(x21!)       x18=0000008a x21=1c0016d0 x21:1c0016c0  PA:1c0016c0
26776107ns          456087 1c0093da 010b948b p.lh             x9, 16(x23!)         x9=0000002c x23=1c000f00 x23:1c000ef0  PA:1c000ef0
26776405ns          456102 1c0093de 2d411623 sh               x20, 716(x2)        x20:00000086  x2:100014d8  PA:100017a4
26776425ns          456103 1c0093e2 2d311723 sh               x19, 718(x2)        x19:00000028  x2:100014d8  PA:100017a6
26776445ns          456104 1c0093e6 c33ff0ef jal              x1, -974             x1=1c0093e8
26776485ns          456106 1c009018 00051803 lh               x16, 0(x10)         x16=00000086 x10:100017a4  PA:100017a4
26776505ns          456107 1c00901c 00251883 lh               x17, 2(x10)         x17=00000028 x10:100017a4  PA:100017a6
26776525ns          456108 1c009020 030806b3 mul              x13, x16, x16       x13=00004624 x16:00000086 x16:00000086
26776544ns          456109 1c009024 03188633 mul              x12, x17, x17       x12=00000640 x17:00000028 x17:00000028
26776564ns          456110 1c009028 40a65613 srai             x12, x12, 0x40a     x12=00000001 x12:00000640
26776584ns          456111 1c00902a 40a6d693 srai             x13, x13, 0x40a     x13=00000011 x13:00004624
26776604ns          456112 1c00902c 00c686b3 add              x13, x13, x12       x13=00000012 x13:00000011 x12:00000001
26776624ns          456113 1c00902e 1006c633 p.exths          x12, x13, x0        x12=00000012 x13:00000012
26776644ns          456114 1c009032 00855703 lhu              x14, 8(x10)         x14=0000ffd1 x10:100017a4  PA:100017ac
26776664ns          456115 1c009036 00a55683 lhu              x13, 10(x10)        x13=0000ff6a x10:100017a4  PA:100017ae
26776684ns          456116 1c00903a 02c60333 mul              x6, x12, x12         x6=00000144 x12:00000012 x12:00000012
26776704ns          456117 1c00903e 00c55783 lhu              x15, 12(x10)        x15=0000ffe5 x10:100017a4  PA:100017b0
26776723ns          456118 1c009042 00e55583 lhu              x11, 14(x10)        x11=00000060 x10:100017a4  PA:100017b2
26776743ns          456119 1c009046 dea30333 p.extract        x6, x6, 15, 10       x6=00000000  x6:00000144
26776763ns          456120 1c00904a 80c7075b p.muls           x14, x14, x12       x14=fffffcb2 x14:0000ffd1 x12:00000012
26776803ns          456122 1c00904e 80c686db p.muls           x13, x13, x12       x13=fffff574 x13:0000ff6a x12:00000012
26776843ns          456124 1c009052 00455e83 lhu              x29, 4(x10)         x29=00000427 x10:100017a4  PA:100017a8
26776863ns          456125 1c009056 00655e03 lhu              x28, 6(x10)         x28=0000007f x10:100017a4  PA:100017aa
26776883ns          456126 1c00905a 40a75713 srai             x14, x14, 0x40a     x14=ffffffff x14:fffffcb2
26776902ns          456127 1c00905c 806787db p.muls           x15, x15, x6        x15=00000000 x15:0000ffe5  x6:00000000
26776942ns          456129 1c009060 40a6d693 srai             x13, x13, 0x40a     x13=fffffffd x13:fffff574
26776982ns          456131 1c009062 8065865b p.muls           x12, x11, x6        x12=00000000 x11:00000060  x6:00000000
26777002ns          456132 1c009066 40a7d793 srai             x15, x15, 0x40a     x15=00000000 x15:00000000
26777022ns          456133 1c009068 40a65613 srai             x12, x12, 0x40a     x12=00000000 x12:00000000
26777042ns          456134 1c00906a 01d70733 add              x14, x14, x29       x14=00000426 x14:ffffffff x29:00000427
26777062ns          456135 1c00906c 01c686b3 add              x13, x13, x28       x13=0000007c x13:fffffffd x28:0000007f
26777081ns          456136 1c00906e 00c686b3 add              x13, x13, x12       x13=0000007c x13:0000007c x12:00000000
26777101ns          456137 1c009070 00f70733 add              x14, x14, x15       x14=00000426 x14:00000426 x15:00000000
26777121ns          456138 1c009072 100747b3 p.exths          x15, x14, x0        x15=00000426 x14:00000426
26777141ns          456139 1c009076 1006c733 p.exths          x14, x13, x0        x14=0000007c x13:0000007c
26777161ns          456140 1c00907a 03170633 mul              x12, x14, x17       x12=00001360 x14:0000007c x17:00000028
26777181ns          456141 1c00907e 030786b3 mul              x13, x15, x16       x13=00022be4 x15:00000426 x16:00000086
26777201ns          456142 1c009082 03070733 mul              x14, x14, x16       x14=000040e8 x14:0000007c x16:00000086
26777221ns          456143 1c009086 031787b3 mul              x15, x15, x17       x15=0000a5f0 x15:00000426 x17:00000028
26777240ns          456144 1c00908a 40a6d693 srai             x13, x13, 0x40a     x13=0000008a x13:00022be4
26777260ns          456145 1c00908c 40a65613 srai             x12, x12, 0x40a     x12=00000004 x12:00001360
26777280ns          456146 1c00908e 40a7d793 srai             x15, x15, 0x40a     x15=00000029 x15:0000a5f0
26777300ns          456147 1c009090 40a75713 srai             x14, x14, 0x40a     x14=00000010 x14:000040e8
26777320ns          456148 1c009092 40c686b3 sub              x13, x13, x12       x13=00000086 x13:0000008a x12:00000004
26777340ns          456149 1c009094 00e787b3 add              x15, x15, x14       x15=00000039 x15:00000029 x14:00000010
26777360ns          456150 1c009096 00d51823 sh               x13, 16(x10)        x13:00000086 x10:100017a4  PA:100017b4
26777380ns          456151 1c00909a 00f51923 sh               x15, 18(x10)        x15:00000039 x10:100017a4  PA:100017b6
26777400ns          456152 1c00909e 00008067 jalr             x0, x1, 0            x1:1c0093e8
26777479ns          456156 1c0093e8 2dc15583 lhu              x11, 732(x2)        x11=00000086  x2:100014d8  PA:100017b4
26777499ns          456157 1c0093ec 2de15783 lhu              x15, 734(x2)        x15=00000039  x2:100014d8  PA:100017b6
26777519ns          456158 1c0093f0 40b90933 sub              x18, x18, x11       x18=00000004 x18:0000008a x11:00000086
26777539ns          456159 1c0093f4 40f484b3 sub              x9, x9, x15          x9=fffffff3  x9:0000002c x15:00000039
26777559ns          456160 1c0093f6 100945b3 p.exths          x11, x18, x0        x11=00000004 x18:00000004
26777579ns          456161 1c0093fa 1004c7b3 p.exths          x15, x9, x0         x15=fffffff3  x9:fffffff3
26777598ns          456162 1c0093fe 034586b3 mul              x13, x11, x20       x13=00000218 x11:00000004 x20:00000086
26777618ns          456163 1c009402 03378533 mul              x10, x15, x19       x10=fffffdf8 x15:fffffff3 x19:00000028
26777638ns          456164 1c009406 034a0633 mul              x12, x20, x20       x12=00004624 x20:00000086 x20:00000086
26777658ns          456165 1c00940a 03398733 mul              x14, x19, x19       x14=00000640 x19:00000028 x19:00000028
26777718ns          456168 1c00940e 034787b3 mul              x15, x15, x20       x15=fffff932 x15:fffffff3 x20:00000086
26777758ns          456170 1c009412 033585b3 mul              x11, x11, x19       x11=000000a0 x11:00000004 x19:00000028
26777777ns          456171 1c009416 40a75713 srai             x14, x14, 0x40a     x14=00000001 x14:00000640
26777797ns          456172 1c009418 40a5d593 srai             x11, x11, 0x40a     x11=00000000 x11:000000a0
26777817ns          456173 1c00941a 40a65613 srai             x12, x12, 0x40a     x12=00000011 x12:00004624
26777837ns          456174 1c00941c 40a7d793 srai             x15, x15, 0x40a     x15=fffffffe x15:fffff932
26777857ns          456175 1c00941e 1c0034b7 lui              x9, 0x1c003000       x9=1c003000
26777877ns          456176 1c009422 00e60633 add              x12, x12, x14       x12=00000012 x12:00000011 x14:00000001
26777897ns          456177 1c009424 40b787b3 sub              x15, x15, x11       x15=fffffffe x15:fffffffe x11:00000000
26777917ns          456178 1c009426 eb048493 addi             x9, x9, -336         x9=1c002eb0  x9:1c003000
26777937ns          456179 1c00942a 1c0032b7 lui              x5, 0x1c003000       x5=1c003000
26777956ns          456180 1c00942e 1c0035b7 lui              x11, 0x1c003000     x11=1c003000
26777976ns          456181 1c009432 018483b3 add              x7, x9, x24          x7=1c002eb4  x9:1c002eb0 x24:00000004
26777996ns          456182 1c009436 02812e83 lw               x29, 40(x2)         x29=1c002ec4  x2:100014d8  PA:10001500
26778016ns          456183 1c009438 10065633 p.exthz          x12, x12, x0        x12=00000012 x12:00000012
26778036ns          456184 1c00943c e8028293 addi             x5, x5, -384         x5=1c002e80  x5:1c003000
26778056ns          456185 1c009440 ea058593 addi             x11, x11, -352      x11=1c002ea0 x11:1c003000
26778076ns          456186 1c009444 03812483 lw               x9, 56(x2)           x9=1c002ee4  x2:100014d8  PA:10001510
26778096ns          456187 1c009446 10064733 p.exths          x14, x12, x0        x14=00000012 x12:00000012
26778116ns          456188 1c00944a 018280b3 add              x1, x5, x24          x1=1c002e84  x5:1c002e80 x24:00000004
26778135ns          456189 1c00944e 03012f03 lw               x30, 48(x2)         x30=1c002ed4  x2:100014d8  PA:10001508
26778155ns          456190 1c009450 018582b3 add              x5, x11, x24         x5=1c002ea4 x11:1c002ea0 x24:00000004
26778175ns          456191 1c009454 04012583 lw               x11, 64(x2)         x11=1c002ef4  x2:100014d8  PA:10001518
26778195ns          456192 1c009456 000edd83 lhu              x27, 0(x29)         x27=000001f9 x29:1c002ec4  PA:1c002ec4
26778493ns          456207 1c00945a 0004d483 lhu              x9, 0(x9)            x9=00000011  x9:1c002ee4  PA:1c002ee4
26778792ns          456222 1c00945e 02e70333 mul              x6, x14, x14         x6=00000144 x14:00000012 x14:00000012
26778812ns          456223 1c009462 40a55513 srai             x10, x10, 0x40a     x10=ffffffff x10:fffffdf8
26778832ns          456224 1c009464 04812e83 lw               x29, 72(x2)         x29=1c002f04  x2:100014d8  PA:10001520
26778851ns          456225 1c009466 40a6d693 srai             x13, x13, 0x40a     x13=00000000 x13:00000218
26778871ns          456226 1c009468 000f5d03 lhu              x26, 0(x30)         x26=0000005b x30:1c002ed4  PA:1c002ed4
26779170ns          456241 1c00946c 0005d583 lhu              x11, 0(x11)         x11=00000003 x11:1c002ef4  PA:1c002ef4
26779567ns          456261 1c009470 40a35313 srai             x6, x6, 0x40a        x6=00000000  x6:00000144
26779587ns          456262 1c009474 00a686b3 add              x13, x13, x10       x13=ffffffff x13:00000000 x10:ffffffff
26779607ns          456263 1c009476 05012f03 lw               x30, 80(x2)         x30=1c002e74  x2:100014d8  PA:10001528
26779627ns          456264 1c009478 10034e33 p.exths          x28, x6, x0         x28=00000000  x6:00000000
26779647ns          456265 1c00947c 06911023 sh               x9, 96(x2)           x9:00000011  x2:100014d8  PA:10001538
26779667ns          456266 1c009480 000ede83 lhu              x29, 0(x29)         x29=00000000 x29:1c002f04  PA:1c002f04
26779985ns          456282 1c009484 05812483 lw               x9, 88(x2)           x9=1c002e64  x2:100014d8  PA:10001530
26780005ns          456283 1c009486 1006d6b3 p.exthz          x13, x13, x0        x13=0000ffff x13:ffffffff
26780025ns          456284 1c00948a 02ee08b3 mul              x17, x28, x14       x17=00000000 x28:00000000 x14:00000012
26780045ns          456285 1c00948e 1006c833 p.exths          x16, x13, x0        x16=ffffffff x13:0000ffff
26780065ns          456286 1c009492 06b11823 sh               x11, 112(x2)        x11:00000003  x2:100014d8  PA:10001548
26780084ns          456287 1c009496 000f5f03 lhu              x30, 0(x30)         x30=0000ffef x30:1c002e74  PA:1c002e74
26780403ns          456303 1c00949a 0a012583 lw               x11, 160(x2)        x11=1c002e94  x2:100014d8  PA:10001578
26780423ns          456304 1c00949c 1007d7b3 p.exthz          x15, x15, x0        x15=0000fffe x15:fffffffe
26780442ns          456305 1c0094a0 0004da03 lhu              x20, 0(x9)          x20=0000ff8c  x9:1c002e64  PA:1c002e64
26780741ns          456320 1c0094a4 1007c533 p.exths          x10, x15, x0        x10=fffffffe x15:0000fffe
26780761ns          456321 1c0094a8 09d11023 sh               x29, 128(x2)        x29:00000000  x2:100014d8  PA:10001558
26780781ns          456322 1c0094ac 0003d483 lhu              x9, 0(x7)            x9=0000fffe  x7:1c002eb4  PA:1c002eb4
26781079ns          456337 1c0094b0 02e80eb3 mul              x29, x16, x14       x29=ffffffee x16:ffffffff x14:00000012
26781099ns          456338 1c0094b4 40a8d893 srai             x17, x17, 0x40a     x17=00000000 x17:00000000
26781119ns          456339 1c0094b8 03c80833 mul              x16, x16, x28       x16=00000000 x16:ffffffff x28:00000000
26781139ns          456340 1c0094bc 09e11823 sh               x30, 144(x2)        x30:0000ffef  x2:100014d8  PA:10001568
26781158ns          456341 1c0094c0 0005d983 lhu              x19, 0(x11)         x19=0000fffb x11:1c002e94  PA:1c002e94
26781536ns          456360 1c0094c4 81c88f5b p.muls           x30, x17, x28       x30=00000000 x17:00000000 x28:00000000
26781556ns          456361 1c0094c8 0002d583 lhu              x11, 0(x5)          x11=0000fffa  x5:1c002ea4  PA:1c002ea4
26781934ns          456380 1c0094cc 03ce0fb3 mul              x31, x28, x28       x31=00000000 x28:00000000 x28:00000000
26781954ns          456381 1c0094d0 02e50733 mul              x14, x10, x14       x14=ffffffdc x10:fffffffe x14:00000012
26781974ns          456382 1c0094d4 40a85813 srai             x16, x16, 0x40a     x16=00000000 x16:00000000
26781994ns          456383 1c0094d8 03c50533 mul              x10, x10, x28       x10=00000000 x10:fffffffe x28:00000000
26782014ns          456384 1c0094dc 07015e03 lhu              x28, 112(x2)        x28=00000003  x2:100014d8  PA:10001548
26782053ns          456386 1c0094e0 01b60633 add              x12, x12, x27       x12=0000020b x12:00000012 x27:000001f9
26782073ns          456387 1c0094e2 00980833 add              x16, x16, x9        x16=0000fffe x16:00000000  x9:0000fffe
26782093ns          456388 1c0094e4 06015d83 lhu              x27, 96(x2)         x27=00000011  x2:100014d8  PA:10001538
26782113ns          456389 1c0094e8 02812483 lw               x9, 40(x2)           x9=1c002ec4  x2:100014d8  PA:10001500
26782133ns          456390 1c0094ea 40afdf93 srai             x31, x31, 0x40a     x31=00000000 x31:00000000
26782153ns          456391 1c0094ee 40a55513 srai             x10, x10, 0x40a     x10=00000000 x10:00000000
26782173ns          456392 1c0094f0 01cf8fb3 add              x31, x31, x28       x31=00000003 x31:00000000 x28:00000003
26782193ns          456393 1c0094f2 00b50533 add              x10, x10, x11       x10=0000fffa x10:00000000 x11:0000fffa
26782212ns          456394 1c0094f4 09015e03 lhu              x28, 144(x2)        x28=0000ffef  x2:100014d8  PA:10001568
26782232ns          456395 1c0094f8 03012583 lw               x11, 48(x2)         x11=1c002ed4  x2:100014d8  PA:10001508
26782252ns          456396 1c0094fa 00c49023 sh               x12, 0(x9)          x12:0000020b  x9:1c002ec4  PA:1c002ec4
26782590ns          456413 1c0094fe 01b888b3 add              x17, x17, x27       x17=00000011 x17:00000000 x27:00000011
26782610ns          456414 1c009500 01a30333 add              x6, x6, x26          x6=0000005b  x6:00000000 x26:0000005b
26782630ns          456415 1c009502 08015d83 lhu              x27, 128(x2)        x27=00000000  x2:100014d8  PA:10001558
26782650ns          456416 1c009506 0000d903 lhu              x18, 0(x1)          x18=0000ffe8  x1:1c002e84  PA:1c002e84
26782948ns          456431 1c00950a 01c686b3 add              x13, x13, x28       x13=0001ffee x13:0000ffff x28:0000ffef
26782968ns          456432 1c00950c 00659023 sh               x6, 0(x11)           x6:0000005b x11:1c002ed4  PA:1c002ed4
26783286ns          456448 1c009510 40af5f13 srai             x30, x30, 0x40a     x30=00000000 x30:00000000
26783306ns          456449 1c009514 04812e03 lw               x28, 72(x2)         x28=1c002f04  x2:100014d8  PA:10001520
26783326ns          456450 1c009516 01bf0f33 add              x30, x30, x27       x30=00000000 x30:00000000 x27:00000000
26783346ns          456451 1c009518 40aede93 srai             x29, x29, 0x40a     x29=ffffffff x29:ffffffee
26783366ns          456452 1c00951c 40a75713 srai             x14, x14, 0x40a     x14=ffffffff x14:ffffffdc
26783386ns          456453 1c00951e 03812603 lw               x12, 56(x2)         x12=1c002ee4  x2:100014d8  PA:10001510
26783406ns          456454 1c009520 04012d83 lw               x27, 64(x2)         x27=1c002ef4  x2:100014d8  PA:10001518
26783426ns          456455 1c009522 01ee1023 sh               x30, 0(x28)         x30:00000000 x28:1c002f04  PA:1c002f04
26783764ns          456472 1c009526 05812483 lw               x9, 88(x2)           x9=1c002e64  x2:100014d8  PA:10001530
26783784ns          456473 1c009528 05012f03 lw               x30, 80(x2)         x30=1c002e74  x2:100014d8  PA:10001528
26783804ns          456474 1c00952a 0a012583 lw               x11, 160(x2)        x11=1c002e94  x2:100014d8  PA:10001578
26783823ns          456475 1c00952c 014787b3 add              x15, x15, x20       x15=0001ff8a x15:0000fffe x20:0000ff8c
26783843ns          456476 1c00952e 013e8eb3 add              x29, x29, x19       x29=0000fffa x29:ffffffff x19:0000fffb
26783863ns          456477 1c009530 01270733 add              x14, x14, x18       x14=0000ffe7 x14:ffffffff x18:0000ffe8
26783883ns          456478 1c009532 00f49023 sh               x15, 0(x9)          x15:0001ff8a  x9:1c002e64  PA:1c002e64
26784221ns          456495 1c009536 01161023 sh               x17, 0(x12)         x17:00000011 x12:1c002ee4  PA:1c002ee4
26784539ns          456511 1c00953a 01fd9023 sh               x31, 0(x27)         x31:00000003 x27:1c002ef4  PA:1c002ef4
26784858ns          456527 1c00953e 00df1023 sh               x13, 0(x30)         x13:0001ffee x30:1c002e74  PA:1c002e74
26785176ns          456543 1c009542 01d59023 sh               x29, 0(x11)         x29:0000fffa x11:1c002e94  PA:1c002e94
26785494ns          456559 1c009546 00e09023 sh               x14, 0(x1)          x14:0000ffe7  x1:1c002e84  PA:1c002e84
26785812ns          456575 1c00954a 01039023 sh               x16, 0(x7)          x16:0000fffe  x7:1c002eb4  PA:1c002eb4
26786130ns          456591 1c00954e 00a29023 sh               x10, 0(x5)          x10:0000fffa  x5:1c002ea4  PA:1c002ea4
26786449ns          456607 1c009552 008b0b13 addi             x22, x22, 8         x22=0000002a x22:00000022
26786469ns          456608 1c009554 1f300793 addi             x15, x0, 499        x15=000001f3
26786488ns          456609 1c009558 e767dae3 bge              x15, x22, -396      x15:000001f3 x22:0000002a
26786588ns          456614 1c0093cc 010c9a0b p.lh             x20, 16(x25!)       x20=00000227 x25=1c0026ec x25:1c0026dc  PA:1c0026dc
26786946ns          456632 1c0093d0 0104198b p.lh             x19, 16(x8!)        x19=0000015a  x8=1c001eb4  x8:1c001ea4  PA:1c001ea4
26787244ns          456647 1c0093d4 2cc10513 addi             x10, x2, 716        x10=100017a4  x2:100014d8
26787264ns          456648 1c0093d6 010a990b p.lh             x18, 16(x21!)       x18=00000250 x21=1c0016e0 x21:1c0016d0  PA:1c0016d0
26787562ns          456663 1c0093da 010b948b p.lh             x9, 16(x23!)         x9=000000f5 x23=1c000f10 x23:1c000f00  PA:1c000f00
26788000ns          456685 1c0093de 2d411623 sh               x20, 716(x2)        x20:00000227  x2:100014d8  PA:100017a4
26788020ns          456686 1c0093e2 2d311723 sh               x19, 718(x2)        x19:0000015a  x2:100014d8  PA:100017a6
26788040ns          456687 1c0093e6 c33ff0ef jal              x1, -974             x1=1c0093e8
26788079ns          456689 1c009018 00051803 lh               x16, 0(x10)         x16=00000227 x10:100017a4  PA:100017a4
26788099ns          456690 1c00901c 00251883 lh               x17, 2(x10)         x17=0000015a x10:100017a4  PA:100017a6
26788159ns          456693 1c009020 030806b3 mul              x13, x16, x16       x13=0004a1f1 x16:00000227 x16:00000227
26788199ns          456695 1c009024 03188633 mul              x12, x17, x17       x12=0001d3a4 x17:0000015a x17:0000015a
26788219ns          456696 1c009028 40a65613 srai             x12, x12, 0x40a     x12=00000074 x12:0001d3a4
26788239ns          456697 1c00902a 40a6d693 srai             x13, x13, 0x40a     x13=00000128 x13:0004a1f1
26788258ns          456698 1c00902c 00c686b3 add              x13, x13, x12       x13=0000019c x13:00000128 x12:00000074
26788278ns          456699 1c00902e 1006c633 p.exths          x12, x13, x0        x12=0000019c x13:0000019c
26788298ns          456700 1c009032 00855703 lhu              x14, 8(x10)         x14=0000ffd1 x10:100017a4  PA:100017ac
26788318ns          456701 1c009036 00a55683 lhu              x13, 10(x10)        x13=0000ff6a x10:100017a4  PA:100017ae
26788338ns          456702 1c00903a 02c60333 mul              x6, x12, x12         x6=00029710 x12:0000019c x12:0000019c
26788358ns          456703 1c00903e 00c55783 lhu              x15, 12(x10)        x15=0000ffe5 x10:100017a4  PA:100017b0
26788378ns          456704 1c009042 00e55583 lhu              x11, 14(x10)        x11=00000060 x10:100017a4  PA:100017b2
26788398ns          456705 1c009046 dea30333 p.extract        x6, x6, 15, 10       x6=000000a5  x6:00029710
26788418ns          456706 1c00904a 80c7075b p.muls           x14, x14, x12       x14=ffffb45c x14:0000ffd1 x12:0000019c
26788437ns          456707 1c00904e 80c686db p.muls           x13, x13, x12       x13=ffff0e98 x13:0000ff6a x12:0000019c
26788457ns          456708 1c009052 00455e83 lhu              x29, 4(x10)         x29=00000427 x10:100017a4  PA:100017a8
26788477ns          456709 1c009056 00655e03 lhu              x28, 6(x10)         x28=0000007f x10:100017a4  PA:100017aa
26788497ns          456710 1c00905a 40a75713 srai             x14, x14, 0x40a     x14=ffffffed x14:ffffb45c
26788517ns          456711 1c00905c 806787db p.muls           x15, x15, x6        x15=ffffee99 x15:0000ffe5  x6:000000a5
26788537ns          456712 1c009060 40a6d693 srai             x13, x13, 0x40a     x13=ffffffc3 x13:ffff0e98
26788557ns          456713 1c009062 8065865b p.muls           x12, x11, x6        x12=00003de0 x11:00000060  x6:000000a5
26788577ns          456714 1c009066 40a7d793 srai             x15, x15, 0x40a     x15=fffffffb x15:ffffee99
26788597ns          456715 1c009068 40a65613 srai             x12, x12, 0x40a     x12=0000000f x12:00003de0
26788616ns          456716 1c00906a 01d70733 add              x14, x14, x29       x14=00000414 x14:ffffffed x29:00000427
26788636ns          456717 1c00906c 01c686b3 add              x13, x13, x28       x13=00000042 x13:ffffffc3 x28:0000007f
26788656ns          456718 1c00906e 00c686b3 add              x13, x13, x12       x13=00000051 x13:00000042 x12:0000000f
26788676ns          456719 1c009070 00f70733 add              x14, x14, x15       x14=0000040f x14:00000414 x15:fffffffb
26788696ns          456720 1c009072 100747b3 p.exths          x15, x14, x0        x15=0000040f x14:0000040f
26788716ns          456721 1c009076 1006c733 p.exths          x14, x13, x0        x14=00000051 x13:00000051
26788736ns          456722 1c00907a 03170633 mul              x12, x14, x17       x12=00006d7a x14:00000051 x17:0000015a
26788756ns          456723 1c00907e 030786b3 mul              x13, x15, x16       x13=0008bc49 x15:0000040f x16:00000227
26788776ns          456724 1c009082 03070733 mul              x14, x14, x16       x14=0000ae57 x14:00000051 x16:00000227
26788795ns          456725 1c009086 031787b3 mul              x15, x15, x17       x15=00057c46 x15:0000040f x17:0000015a
26788815ns          456726 1c00908a 40a6d693 srai             x13, x13, 0x40a     x13=0000022f x13:0008bc49
26788835ns          456727 1c00908c 40a65613 srai             x12, x12, 0x40a     x12=0000001b x12:00006d7a
26788855ns          456728 1c00908e 40a7d793 srai             x15, x15, 0x40a     x15=0000015f x15:00057c46
26788875ns          456729 1c009090 40a75713 srai             x14, x14, 0x40a     x14=0000002b x14:0000ae57
26788895ns          456730 1c009092 40c686b3 sub              x13, x13, x12       x13=00000214 x13:0000022f x12:0000001b
26788915ns          456731 1c009094 00e787b3 add              x15, x15, x14       x15=0000018a x15:0000015f x14:0000002b
26788935ns          456732 1c009096 00d51823 sh               x13, 16(x10)        x13:00000214 x10:100017a4  PA:100017b4
26788955ns          456733 1c00909a 00f51923 sh               x15, 18(x10)        x15:0000018a x10:100017a4  PA:100017b6
26788974ns          456734 1c00909e 00008067 jalr             x0, x1, 0            x1:1c0093e8
26789014ns          456736 1c0093e8 2dc15583 lhu              x11, 732(x2)        x11=00000214  x2:100014d8  PA:100017b4
26789034ns          456737 1c0093ec 2de15783 lhu              x15, 734(x2)        x15=0000018a  x2:100014d8  PA:100017b6
26789054ns          456738 1c0093f0 40b90933 sub              x18, x18, x11       x18=0000003c x18:00000250 x11:00000214
26789074ns          456739 1c0093f4 40f484b3 sub              x9, x9, x15          x9=ffffff6b  x9:000000f5 x15:0000018a
26789094ns          456740 1c0093f6 100945b3 p.exths          x11, x18, x0        x11=0000003c x18:0000003c
26789114ns          456741 1c0093fa 1004c7b3 p.exths          x15, x9, x0         x15=ffffff6b  x9:ffffff6b
26789134ns          456742 1c0093fe 034586b3 mul              x13, x11, x20       x13=00008124 x11:0000003c x20:00000227
26789153ns          456743 1c009402 03378533 mul              x10, x15, x19       x10=ffff369e x15:ffffff6b x19:0000015a
26789173ns          456744 1c009406 034a0633 mul              x12, x20, x20       x12=0004a1f1 x20:00000227 x20:00000227
26789193ns          456745 1c00940a 03398733 mul              x14, x19, x19       x14=0001d3a4 x19:0000015a x19:0000015a
26789213ns          456746 1c00940e 034787b3 mul              x15, x15, x20       x15=fffebf4d x15:ffffff6b x20:00000227
26789233ns          456747 1c009412 033585b3 mul              x11, x11, x19       x11=00005118 x11:0000003c x19:0000015a
26789253ns          456748 1c009416 40a75713 srai             x14, x14, 0x40a     x14=00000074 x14:0001d3a4
26789273ns          456749 1c009418 40a5d593 srai             x11, x11, 0x40a     x11=00000014 x11:00005118
26789293ns          456750 1c00941a 40a65613 srai             x12, x12, 0x40a     x12=00000128 x12:0004a1f1
26789313ns          456751 1c00941c 40a7d793 srai             x15, x15, 0x40a     x15=ffffffaf x15:fffebf4d
26789332ns          456752 1c00941e 1c0034b7 lui              x9, 0x1c003000       x9=1c003000
26789352ns          456753 1c009422 00e60633 add              x12, x12, x14       x12=0000019c x12:00000128 x14:00000074
26789372ns          456754 1c009424 40b787b3 sub              x15, x15, x11       x15=ffffff9b x15:ffffffaf x11:00000014
26789392ns          456755 1c009426 eb048493 addi             x9, x9, -336         x9=1c002eb0  x9:1c003000
26789412ns          456756 1c00942a 1c0032b7 lui              x5, 0x1c003000       x5=1c003000
26789432ns          456757 1c00942e 1c0035b7 lui              x11, 0x1c003000     x11=1c003000
26789452ns          456758 1c009432 018483b3 add              x7, x9, x24          x7=1c002eb4  x9:1c002eb0 x24:00000004
26789472ns          456759 1c009436 02812e83 lw               x29, 40(x2)         x29=1c002ec4  x2:100014d8  PA:10001500
26789492ns          456760 1c009438 10065633 p.exthz          x12, x12, x0        x12=0000019c x12:0000019c
26789511ns          456761 1c00943c e8028293 addi             x5, x5, -384         x5=1c002e80  x5:1c003000
26789531ns          456762 1c009440 ea058593 addi             x11, x11, -352      x11=1c002ea0 x11:1c003000
26789571ns          456764 1c009444 03812483 lw               x9, 56(x2)           x9=1c002ee4  x2:100014d8  PA:10001510
26789591ns          456765 1c009446 10064733 p.exths          x14, x12, x0        x14=0000019c x12:0000019c
26789611ns          456766 1c00944a 018280b3 add              x1, x5, x24          x1=1c002e84  x5:1c002e80 x24:00000004
26789631ns          456767 1c00944e 03012f03 lw               x30, 48(x2)         x30=1c002ed4  x2:100014d8  PA:10001508
26789651ns          456768 1c009450 018582b3 add              x5, x11, x24         x5=1c002ea4 x11:1c002ea0 x24:00000004
26789670ns          456769 1c009454 04012583 lw               x11, 64(x2)         x11=1c002ef4  x2:100014d8  PA:10001518
26789690ns          456770 1c009456 000edd83 lhu              x27, 0(x29)         x27=0000020b x29:1c002ec4  PA:1c002ec4
26789989ns          456785 1c00945a 0004d483 lhu              x9, 0(x9)            x9=00000011  x9:1c002ee4  PA:1c002ee4
26790287ns          456800 1c00945e 02e70333 mul              x6, x14, x14         x6=00029710 x14:0000019c x14:0000019c
26790307ns          456801 1c009462 40a55513 srai             x10, x10, 0x40a     x10=ffffffcd x10:ffff369e
26790327ns          456802 1c009464 04812e83 lw               x29, 72(x2)         x29=1c002f04  x2:100014d8  PA:10001520
26790347ns          456803 1c009466 40a6d693 srai             x13, x13, 0x40a     x13=00000020 x13:00008124
26790367ns          456804 1c009468 000f5d03 lhu              x26, 0(x30)         x26=0000005b x30:1c002ed4  PA:1c002ed4
26790744ns          456823 1c00946c 0005d583 lhu              x11, 0(x11)         x11=00000003 x11:1c002ef4  PA:1c002ef4
26791063ns          456839 1c009470 40a35313 srai             x6, x6, 0x40a        x6=000000a5  x6:00029710
26791083ns          456840 1c009474 00a686b3 add              x13, x13, x10       x13=ffffffed x13:00000020 x10:ffffffcd
26791102ns          456841 1c009476 05012f03 lw               x30, 80(x2)         x30=1c002e74  x2:100014d8  PA:10001528
26791122ns          456842 1c009478 10034e33 p.exths          x28, x6, x0         x28=000000a5  x6:000000a5
26791142ns          456843 1c00947c 06911023 sh               x9, 96(x2)           x9:00000011  x2:100014d8  PA:10001538
26791162ns          456844 1c009480 000ede83 lhu              x29, 0(x29)         x29=00000000 x29:1c002f04  PA:1c002f04
26791460ns          456859 1c009484 05812483 lw               x9, 88(x2)           x9=1c002e64  x2:100014d8  PA:10001530
26791480ns          456860 1c009486 1006d6b3 p.exthz          x13, x13, x0        x13=0000ffed x13:ffffffed
26791500ns          456861 1c00948a 02ee08b3 mul              x17, x28, x14       x17=0001098c x28:000000a5 x14:0000019c
26791520ns          456862 1c00948e 1006c833 p.exths          x16, x13, x0        x16=ffffffed x13:0000ffed
26791540ns          456863 1c009492 06b11823 sh               x11, 112(x2)        x11:00000003  x2:100014d8  PA:10001548
26791560ns          456864 1c009496 000f5f03 lhu              x30, 0(x30)         x30=0000ffee x30:1c002e74  PA:1c002e74
26791878ns          456880 1c00949a 0a012583 lw               x11, 160(x2)        x11=1c002e94  x2:100014d8  PA:10001578
26791898ns          456881 1c00949c 1007d7b3 p.exthz          x15, x15, x0        x15=0000ff9b x15:ffffff9b
26791918ns          456882 1c0094a0 0004da03 lhu              x20, 0(x9)          x20=0000ff8a  x9:1c002e64  PA:1c002e64
26792216ns          456897 1c0094a4 1007c533 p.exths          x10, x15, x0        x10=ffffff9b x15:0000ff9b
26792236ns          456898 1c0094a8 09d11023 sh               x29, 128(x2)        x29:00000000  x2:100014d8  PA:10001558
26792256ns          456899 1c0094ac 0003d483 lhu              x9, 0(x7)            x9=0000fffe  x7:1c002eb4  PA:1c002eb4
26792554ns          456914 1c0094b0 02e80eb3 mul              x29, x16, x14       x29=ffffe16c x16:ffffffed x14:0000019c
26792574ns          456915 1c0094b4 40a8d893 srai             x17, x17, 0x40a     x17=00000042 x17:0001098c
26792594ns          456916 1c0094b8 03c80833 mul              x16, x16, x28       x16=fffff3c1 x16:ffffffed x28:000000a5
26792614ns          456917 1c0094bc 09e11823 sh               x30, 144(x2)        x30:0000ffee  x2:100014d8  PA:10001568
26792634ns          456918 1c0094c0 0005d983 lhu              x19, 0(x11)         x19=0000fffa x11:1c002e94  PA:1c002e94
26792992ns          456936 1c0094c4 81c88f5b p.muls           x30, x17, x28       x30=00002a8a x17:00000042 x28:000000a5
26793012ns          456937 1c0094c8 0002d583 lhu              x11, 0(x5)          x11=0000fffa  x5:1c002ea4  PA:1c002ea4
26793330ns          456953 1c0094cc 03ce0fb3 mul              x31, x28, x28       x31=00006a59 x28:000000a5 x28:000000a5
26793350ns          456954 1c0094d0 02e50733 mul              x14, x10, x14       x14=ffff5d74 x10:ffffff9b x14:0000019c
26793370ns          456955 1c0094d4 40a85813 srai             x16, x16, 0x40a     x16=fffffffc x16:fffff3c1
26793390ns          456956 1c0094d8 03c50533 mul              x10, x10, x28       x10=ffffbee7 x10:ffffff9b x28:000000a5
26793409ns          456957 1c0094dc 07015e03 lhu              x28, 112(x2)        x28=00000003  x2:100014d8  PA:10001548
26793449ns          456959 1c0094e0 01b60633 add              x12, x12, x27       x12=000003a7 x12:0000019c x27:0000020b
26793469ns          456960 1c0094e2 00980833 add              x16, x16, x9        x16=0000fffa x16:fffffffc  x9:0000fffe
26793489ns          456961 1c0094e4 06015d83 lhu              x27, 96(x2)         x27=00000011  x2:100014d8  PA:10001538
26793509ns          456962 1c0094e8 02812483 lw               x9, 40(x2)           x9=1c002ec4  x2:100014d8  PA:10001500
26793529ns          456963 1c0094ea 40afdf93 srai             x31, x31, 0x40a     x31=0000001a x31:00006a59
26793549ns          456964 1c0094ee 40a55513 srai             x10, x10, 0x40a     x10=ffffffef x10:ffffbee7
26793569ns          456965 1c0094f0 01cf8fb3 add              x31, x31, x28       x31=0000001d x31:0000001a x28:00000003
26793588ns          456966 1c0094f2 00b50533 add              x10, x10, x11       x10=0000ffe9 x10:ffffffef x11:0000fffa
26793608ns          456967 1c0094f4 09015e03 lhu              x28, 144(x2)        x28=0000ffee  x2:100014d8  PA:10001568
26793628ns          456968 1c0094f8 03012583 lw               x11, 48(x2)         x11=1c002ed4  x2:100014d8  PA:10001508
26793648ns          456969 1c0094fa 00c49023 sh               x12, 0(x9)          x12:000003a7  x9:1c002ec4  PA:1c002ec4
26794006ns          456987 1c0094fe 01b888b3 add              x17, x17, x27       x17=00000053 x17:00000042 x27:00000011
26794026ns          456988 1c009500 01a30333 add              x6, x6, x26          x6=00000100  x6:000000a5 x26:0000005b
26794046ns          456989 1c009502 08015d83 lhu              x27, 128(x2)        x27=00000000  x2:100014d8  PA:10001558
26794066ns          456990 1c009506 0000d903 lhu              x18, 0(x1)          x18=0000ffe7  x1:1c002e84  PA:1c002e84
26794364ns          457005 1c00950a 01c686b3 add              x13, x13, x28       x13=0001ffdb x13:0000ffed x28:0000ffee
26794384ns          457006 1c00950c 00659023 sh               x6, 0(x11)           x6:00000100 x11:1c002ed4  PA:1c002ed4
26794702ns          457022 1c009510 40af5f13 srai             x30, x30, 0x40a     x30=0000000a x30:00002a8a
26794722ns          457023 1c009514 04812e03 lw               x28, 72(x2)         x28=1c002f04  x2:100014d8  PA:10001520
26794742ns          457024 1c009516 01bf0f33 add              x30, x30, x27       x30=0000000a x30:0000000a x27:00000000
26794762ns          457025 1c009518 40aede93 srai             x29, x29, 0x40a     x29=fffffff8 x29:ffffe16c
26794782ns          457026 1c00951c 40a75713 srai             x14, x14, 0x40a     x14=ffffffd7 x14:ffff5d74
26794802ns          457027 1c00951e 03812603 lw               x12, 56(x2)         x12=1c002ee4  x2:100014d8  PA:10001510
26794821ns          457028 1c009520 04012d83 lw               x27, 64(x2)         x27=1c002ef4  x2:100014d8  PA:10001518
26794841ns          457029 1c009522 01ee1023 sh               x30, 0(x28)         x30:0000000a x28:1c002f04  PA:1c002f04
26795160ns          457045 1c009526 05812483 lw               x9, 88(x2)           x9=1c002e64  x2:100014d8  PA:10001530
26795179ns          457046 1c009528 05012f03 lw               x30, 80(x2)         x30=1c002e74  x2:100014d8  PA:10001528
26795199ns          457047 1c00952a 0a012583 lw               x11, 160(x2)        x11=1c002e94  x2:100014d8  PA:10001578
26795219ns          457048 1c00952c 014787b3 add              x15, x15, x20       x15=0001ff25 x15:0000ff9b x20:0000ff8a
26795239ns          457049 1c00952e 013e8eb3 add              x29, x29, x19       x29=0000fff2 x29:fffffff8 x19:0000fffa
26795259ns          457050 1c009530 01270733 add              x14, x14, x18       x14=0000ffbe x14:ffffffd7 x18:0000ffe7
26795279ns          457051 1c009532 00f49023 sh               x15, 0(x9)          x15:0001ff25  x9:1c002e64  PA:1c002e64
26795597ns          457067 1c009536 01161023 sh               x17, 0(x12)         x17:00000053 x12:1c002ee4  PA:1c002ee4
26796055ns          457090 1c00953a 01fd9023 sh               x31, 0(x27)         x31:0000001d x27:1c002ef4  PA:1c002ef4
26796373ns          457106 1c00953e 00df1023 sh               x13, 0(x30)         x13:0001ffdb x30:1c002e74  PA:1c002e74
26796731ns          457124 1c009542 01d59023 sh               x29, 0(x11)         x29:0000fff2 x11:1c002e94  PA:1c002e94
26797049ns          457140 1c009546 00e09023 sh               x14, 0(x1)          x14:0000ffbe  x1:1c002e84  PA:1c002e84
26797367ns          457156 1c00954a 01039023 sh               x16, 0(x7)          x16:0000fffa  x7:1c002eb4  PA:1c002eb4
26797685ns          457172 1c00954e 00a29023 sh               x10, 0(x5)          x10:0000ffe9  x5:1c002ea4  PA:1c002ea4
26798004ns          457188 1c009552 008b0b13 addi             x22, x22, 8         x22=00000032 x22:0000002a
26798023ns          457189 1c009554 1f300793 addi             x15, x0, 499        x15=000001f3
26798043ns          457190 1c009558 e767dae3 bge              x15, x22, -396      x15:000001f3 x22:00000032
26798103ns          457193 1c0093cc 010c9a0b p.lh             x20, 16(x25!)       x20=fffffef4 x25=1c0026fc x25:1c0026ec  PA:1c0026ec
26798461ns          457211 1c0093d0 0104198b p.lh             x19, 16(x8!)        x19=0000016d  x8=1c001ec4  x8:1c001eb4  PA:1c001eb4
26798779ns          457227 1c0093d4 2cc10513 addi             x10, x2, 716        x10=100017a4  x2:100014d8
26798799ns          457228 1c0093d6 010a990b p.lh             x18, 16(x21!)       x18=ffffff2c x21=1c0016f0 x21:1c0016e0  PA:1c0016e0
26799117ns          457244 1c0093da 010b948b p.lh             x9, 16(x23!)         x9=00000192 x23=1c000f20 x23:1c000f10  PA:1c000f10
26799475ns          457262 1c0093de 2d411623 sh               x20, 716(x2)        x20:fffffef4  x2:100014d8  PA:100017a4
26799495ns          457263 1c0093e2 2d311723 sh               x19, 718(x2)        x19:0000016d  x2:100014d8  PA:100017a6
26799515ns          457264 1c0093e6 c33ff0ef jal              x1, -974             x1=1c0093e8
26799595ns          457268 1c009018 00051803 lh               x16, 0(x10)         x16=fffffef4 x10:100017a4  PA:100017a4
26799634ns          457270 1c00901c 00251883 lh               x17, 2(x10)         x17=0000016d x10:100017a4  PA:100017a6
26799694ns          457273 1c009020 030806b3 mul              x13, x16, x16       x13=00011890 x16:fffffef4 x16:fffffef4
26799734ns          457275 1c009024 03188633 mul              x12, x17, x17       x12=00020869 x17:0000016d x17:0000016d
26799754ns          457276 1c009028 40a65613 srai             x12, x12, 0x40a     x12=00000082 x12:00020869
26799774ns          457277 1c00902a 40a6d693 srai             x13, x13, 0x40a     x13=00000046 x13:00011890
26799793ns          457278 1c00902c 00c686b3 add              x13, x13, x12       x13=000000c8 x13:00000046 x12:00000082
26799813ns          457279 1c00902e 1006c633 p.exths          x12, x13, x0        x12=000000c8 x13:000000c8
26799833ns          457280 1c009032 00855703 lhu              x14, 8(x10)         x14=0000ffd1 x10:100017a4  PA:100017ac
26799853ns          457281 1c009036 00a55683 lhu              x13, 10(x10)        x13=0000ff6a x10:100017a4  PA:100017ae
26799873ns          457282 1c00903a 02c60333 mul              x6, x12, x12         x6=00009c40 x12:000000c8 x12:000000c8
26799913ns          457284 1c00903e 00c55783 lhu              x15, 12(x10)        x15=0000ffe5 x10:100017a4  PA:100017b0
26799953ns          457286 1c009042 00e55583 lhu              x11, 14(x10)        x11=00000060 x10:100017a4  PA:100017b2
26799972ns          457287 1c009046 dea30333 p.extract        x6, x6, 15, 10       x6=00000027  x6:00009c40
26799992ns          457288 1c00904a 80c7075b p.muls           x14, x14, x12       x14=ffffdb48 x14:0000ffd1 x12:000000c8
26800052ns          457291 1c00904e 80c686db p.muls           x13, x13, x12       x13=ffff8ad0 x13:0000ff6a x12:000000c8
26800092ns          457293 1c009052 00455e83 lhu              x29, 4(x10)         x29=00000427 x10:100017a4  PA:100017a8
26800112ns          457294 1c009056 00655e03 lhu              x28, 6(x10)         x28=0000007f x10:100017a4  PA:100017aa
26800132ns          457295 1c00905a 40a75713 srai             x14, x14, 0x40a     x14=fffffff6 x14:ffffdb48
26800151ns          457296 1c00905c 806787db p.muls           x15, x15, x6        x15=fffffbe3 x15:0000ffe5  x6:00000027
26800171ns          457297 1c009060 40a6d693 srai             x13, x13, 0x40a     x13=ffffffe2 x13:ffff8ad0
26800191ns          457298 1c009062 8065865b p.muls           x12, x11, x6        x12=00000ea0 x11:00000060  x6:00000027
26800211ns          457299 1c009066 40a7d793 srai             x15, x15, 0x40a     x15=fffffffe x15:fffffbe3
26800231ns          457300 1c009068 40a65613 srai             x12, x12, 0x40a     x12=00000003 x12:00000ea0
26800251ns          457301 1c00906a 01d70733 add              x14, x14, x29       x14=0000041d x14:fffffff6 x29:00000427
26800271ns          457302 1c00906c 01c686b3 add              x13, x13, x28       x13=00000061 x13:ffffffe2 x28:0000007f
26800291ns          457303 1c00906e 00c686b3 add              x13, x13, x12       x13=00000064 x13:00000061 x12:00000003
26800311ns          457304 1c009070 00f70733 add              x14, x14, x15       x14=0000041b x14:0000041d x15:fffffffe
26800330ns          457305 1c009072 100747b3 p.exths          x15, x14, x0        x15=0000041b x14:0000041b
26800350ns          457306 1c009076 1006c733 p.exths          x14, x13, x0        x14=00000064 x13:00000064
26800370ns          457307 1c00907a 03170633 mul              x12, x14, x17       x12=00008e94 x14:00000064 x17:0000016d
26800390ns          457308 1c00907e 030786b3 mul              x13, x15, x16       x13=fffbb3bc x15:0000041b x16:fffffef4
26800410ns          457309 1c009082 03070733 mul              x14, x14, x16       x14=ffff9750 x14:00000064 x16:fffffef4
26800430ns          457310 1c009086 031787b3 mul              x15, x15, x17       x15=0005da7f x15:0000041b x17:0000016d
26800450ns          457311 1c00908a 40a6d693 srai             x13, x13, 0x40a     x13=fffffeec x13:fffbb3bc
26800470ns          457312 1c00908c 40a65613 srai             x12, x12, 0x40a     x12=00000023 x12:00008e94
26800490ns          457313 1c00908e 40a7d793 srai             x15, x15, 0x40a     x15=00000176 x15:0005da7f
26800509ns          457314 1c009090 40a75713 srai             x14, x14, 0x40a     x14=ffffffe5 x14:ffff9750
26800529ns          457315 1c009092 40c686b3 sub              x13, x13, x12       x13=fffffec9 x13:fffffeec x12:00000023
26800549ns          457316 1c009094 00e787b3 add              x15, x15, x14       x15=0000015b x15:00000176 x14:ffffffe5
26800569ns          457317 1c009096 00d51823 sh               x13, 16(x10)        x13:fffffec9 x10:100017a4  PA:100017b4
26800589ns          457318 1c00909a 00f51923 sh               x15, 18(x10)        x15:0000015b x10:100017a4  PA:100017b6
26800609ns          457319 1c00909e 00008067 jalr             x0, x1, 0            x1:1c0093e8
26800649ns          457321 1c0093e8 2dc15583 lhu              x11, 732(x2)        x11=0000fec9  x2:100014d8  PA:100017b4
26800669ns          457322 1c0093ec 2de15783 lhu              x15, 734(x2)        x15=0000015b  x2:100014d8  PA:100017b6
26800688ns          457323 1c0093f0 40b90933 sub              x18, x18, x11       x18=ffff0063 x18:ffffff2c x11:0000fec9
26800708ns          457324 1c0093f4 40f484b3 sub              x9, x9, x15          x9=00000037  x9:00000192 x15:0000015b
26800728ns          457325 1c0093f6 100945b3 p.exths          x11, x18, x0        x11=00000063 x18:ffff0063
26800748ns          457326 1c0093fa 1004c7b3 p.exths          x15, x9, x0         x15=00000037  x9:00000037
26800768ns          457327 1c0093fe 034586b3 mul              x13, x11, x20       x13=ffff985c x11:00000063 x20:fffffef4
26800788ns          457328 1c009402 03378533 mul              x10, x15, x19       x10=00004e6b x15:00000037 x19:0000016d
26800808ns          457329 1c009406 034a0633 mul              x12, x20, x20       x12=00011890 x20:fffffef4 x20:fffffef4
26800828ns          457330 1c00940a 03398733 mul              x14, x19, x19       x14=00020869 x19:0000016d x19:0000016d
26800887ns          457333 1c00940e 034787b3 mul              x15, x15, x20       x15=ffffc66c x15:00000037 x20:fffffef4
26800927ns          457335 1c009412 033585b3 mul              x11, x11, x19       x11=00008d27 x11:00000063 x19:0000016d
26800947ns          457336 1c009416 40a75713 srai             x14, x14, 0x40a     x14=00000082 x14:00020869
26800967ns          457337 1c009418 40a5d593 srai             x11, x11, 0x40a     x11=00000023 x11:00008d27
26800987ns          457338 1c00941a 40a65613 srai             x12, x12, 0x40a     x12=00000046 x12:00011890
26801007ns          457339 1c00941c 40a7d793 srai             x15, x15, 0x40a     x15=fffffff1 x15:ffffc66c
26801027ns          457340 1c00941e 1c0034b7 lui              x9, 0x1c003000       x9=1c003000
26801046ns          457341 1c009422 00e60633 add              x12, x12, x14       x12=000000c8 x12:00000046 x14:00000082
26801066ns          457342 1c009424 40b787b3 sub              x15, x15, x11       x15=ffffffce x15:fffffff1 x11:00000023
26801086ns          457343 1c009426 eb048493 addi             x9, x9, -336         x9=1c002eb0  x9:1c003000
26801106ns          457344 1c00942a 1c0032b7 lui              x5, 0x1c003000       x5=1c003000
26801126ns          457345 1c00942e 1c0035b7 lui              x11, 0x1c003000     x11=1c003000
26801146ns          457346 1c009432 018483b3 add              x7, x9, x24          x7=1c002eb4  x9:1c002eb0 x24:00000004
26801166ns          457347 1c009436 02812e83 lw               x29, 40(x2)         x29=1c002ec4  x2:100014d8  PA:10001500
26801186ns          457348 1c009438 10065633 p.exthz          x12, x12, x0        x12=000000c8 x12:000000c8
26801206ns          457349 1c00943c e8028293 addi             x5, x5, -384         x5=1c002e80  x5:1c003000
26801245ns          457351 1c009440 ea058593 addi             x11, x11, -352      x11=1c002ea0 x11:1c003000
26801285ns          457353 1c009444 03812483 lw               x9, 56(x2)           x9=1c002ee4  x2:100014d8  PA:10001510
26801305ns          457354 1c009446 10064733 p.exths          x14, x12, x0        x14=000000c8 x12:000000c8
26801325ns          457355 1c00944a 018280b3 add              x1, x5, x24          x1=1c002e84  x5:1c002e80 x24:00000004
26801345ns          457356 1c00944e 03012f03 lw               x30, 48(x2)         x30=1c002ed4  x2:100014d8  PA:10001508
26801365ns          457357 1c009450 018582b3 add              x5, x11, x24         x5=1c002ea4 x11:1c002ea0 x24:00000004
26801385ns          457358 1c009454 04012583 lw               x11, 64(x2)         x11=1c002ef4  x2:100014d8  PA:10001518
26801404ns          457359 1c009456 000edd83 lhu              x27, 0(x29)         x27=000003a7 x29:1c002ec4  PA:1c002ec4
26801703ns          457374 1c00945a 0004d483 lhu              x9, 0(x9)            x9=00000053  x9:1c002ee4  PA:1c002ee4
26802001ns          457389 1c00945e 02e70333 mul              x6, x14, x14         x6=00009c40 x14:000000c8 x14:000000c8
26802021ns          457390 1c009462 40a55513 srai             x10, x10, 0x40a     x10=00000013 x10:00004e6b
26802041ns          457391 1c009464 04812e83 lw               x29, 72(x2)         x29=1c002f04  x2:100014d8  PA:10001520
26802061ns          457392 1c009466 40a6d693 srai             x13, x13, 0x40a     x13=ffffffe6 x13:ffff985c
26802081ns          457393 1c009468 000f5d03 lhu              x26, 0(x30)         x26=00000100 x30:1c002ed4  PA:1c002ed4
26802458ns          457412 1c00946c 0005d583 lhu              x11, 0(x11)         x11=0000001d x11:1c002ef4  PA:1c002ef4
26802856ns          457432 1c009470 40a35313 srai             x6, x6, 0x40a        x6=00000027  x6:00009c40
26802876ns          457433 1c009474 00a686b3 add              x13, x13, x10       x13=fffffff9 x13:ffffffe6 x10:00000013
26802896ns          457434 1c009476 05012f03 lw               x30, 80(x2)         x30=1c002e74  x2:100014d8  PA:10001528
26802916ns          457435 1c009478 10034e33 p.exths          x28, x6, x0         x28=00000027  x6:00000027
26802936ns          457436 1c00947c 06911023 sh               x9, 96(x2)           x9:00000053  x2:100014d8  PA:10001538
26802956ns          457437 1c009480 000ede83 lhu              x29, 0(x29)         x29=0000000a x29:1c002f04  PA:1c002f04
26803254ns          457452 1c009484 05812483 lw               x9, 88(x2)           x9=1c002e64  x2:100014d8  PA:10001530
26803274ns          457453 1c009486 1006d6b3 p.exthz          x13, x13, x0        x13=0000fff9 x13:fffffff9
26803294ns          457454 1c00948a 02ee08b3 mul              x17, x28, x14       x17=00001e78 x28:00000027 x14:000000c8
26803314ns          457455 1c00948e 1006c833 p.exths          x16, x13, x0        x16=fffffff9 x13:0000fff9
26803334ns          457456 1c009492 06b11823 sh               x11, 112(x2)        x11:0000001d  x2:100014d8  PA:10001548
26803353ns          457457 1c009496 000f5f03 lhu              x30, 0(x30)         x30=0000ffdb x30:1c002e74  PA:1c002e74
26803751ns          457477 1c00949a 0a012583 lw               x11, 160(x2)        x11=1c002e94  x2:100014d8  PA:10001578
26803791ns          457479 1c00949c 1007d7b3 p.exthz          x15, x15, x0        x15=0000ffce x15:ffffffce
26803811ns          457480 1c0094a0 0004da03 lhu              x20, 0(x9)          x20=0000ff25  x9:1c002e64  PA:1c002e64
26804109ns          457495 1c0094a4 1007c533 p.exths          x10, x15, x0        x10=ffffffce x15:0000ffce
26804129ns          457496 1c0094a8 09d11023 sh               x29, 128(x2)        x29:0000000a  x2:100014d8  PA:10001558
26804149ns          457497 1c0094ac 0003d483 lhu              x9, 0(x7)            x9=0000fffa  x7:1c002eb4  PA:1c002eb4
26804447ns          457512 1c0094b0 02e80eb3 mul              x29, x16, x14       x29=fffffa88 x16:fffffff9 x14:000000c8
26804467ns          457513 1c0094b4 40a8d893 srai             x17, x17, 0x40a     x17=00000007 x17:00001e78
26804487ns          457514 1c0094b8 03c80833 mul              x16, x16, x28       x16=fffffeef x16:fffffff9 x28:00000027
26804507ns          457515 1c0094bc 09e11823 sh               x30, 144(x2)        x30:0000ffdb  x2:100014d8  PA:10001568
26804527ns          457516 1c0094c0 0005d983 lhu              x19, 0(x11)         x19=0000fff2 x11:1c002e94  PA:1c002e94
26804825ns          457531 1c0094c4 81c88f5b p.muls           x30, x17, x28       x30=00000111 x17:00000007 x28:00000027
26804845ns          457532 1c0094c8 0002d583 lhu              x11, 0(x5)          x11=0000ffe9  x5:1c002ea4  PA:1c002ea4
26805183ns          457549 1c0094cc 03ce0fb3 mul              x31, x28, x28       x31=000005f1 x28:00000027 x28:00000027
26805203ns          457550 1c0094d0 02e50733 mul              x14, x10, x14       x14=ffffd8f0 x10:ffffffce x14:000000c8
26805223ns          457551 1c0094d4 40a85813 srai             x16, x16, 0x40a     x16=ffffffff x16:fffffeef
26805243ns          457552 1c0094d8 03c50533 mul              x10, x10, x28       x10=fffff862 x10:ffffffce x28:00000027
26805263ns          457553 1c0094dc 07015e03 lhu              x28, 112(x2)        x28=0000001d  x2:100014d8  PA:10001548
26805283ns          457554 1c0094e0 01b60633 add              x12, x12, x27       x12=0000046f x12:000000c8 x27:000003a7
26805302ns          457555 1c0094e2 00980833 add              x16, x16, x9        x16=0000fff9 x16:ffffffff  x9:0000fffa
26805322ns          457556 1c0094e4 06015d83 lhu              x27, 96(x2)         x27=00000053  x2:100014d8  PA:10001538
26805342ns          457557 1c0094e8 02812483 lw               x9, 40(x2)           x9=1c002ec4  x2:100014d8  PA:10001500
26805362ns          457558 1c0094ea 40afdf93 srai             x31, x31, 0x40a     x31=00000001 x31:000005f1
26805382ns          457559 1c0094ee 40a55513 srai             x10, x10, 0x40a     x10=fffffffe x10:fffff862
26805402ns          457560 1c0094f0 01cf8fb3 add              x31, x31, x28       x31=0000001e x31:00000001 x28:0000001d
26805422ns          457561 1c0094f2 00b50533 add              x10, x10, x11       x10=0000ffe7 x10:fffffffe x11:0000ffe9
26805442ns          457562 1c0094f4 09015e03 lhu              x28, 144(x2)        x28=0000ffdb  x2:100014d8  PA:10001568
26805462ns          457563 1c0094f8 03012583 lw               x11, 48(x2)         x11=1c002ed4  x2:100014d8  PA:10001508
26805481ns          457564 1c0094fa 00c49023 sh               x12, 0(x9)          x12:0000046f  x9:1c002ec4  PA:1c002ec4
26805800ns          457580 1c0094fe 01b888b3 add              x17, x17, x27       x17=0000005a x17:00000007 x27:00000053
26805820ns          457581 1c009500 01a30333 add              x6, x6, x26          x6=00000127  x6:00000027 x26:00000100
26805839ns          457582 1c009502 08015d83 lhu              x27, 128(x2)        x27=0000000a  x2:100014d8  PA:10001558
26805859ns          457583 1c009506 0000d903 lhu              x18, 0(x1)          x18=0000ffbe  x1:1c002e84  PA:1c002e84
26806158ns          457598 1c00950a 01c686b3 add              x13, x13, x28       x13=0001ffd4 x13:0000fff9 x28:0000ffdb
26806178ns          457599 1c00950c 00659023 sh               x6, 0(x11)           x6:00000127 x11:1c002ed4  PA:1c002ed4
26806516ns          457616 1c009510 40af5f13 srai             x30, x30, 0x40a     x30=00000000 x30:00000111
26806536ns          457617 1c009514 04812e03 lw               x28, 72(x2)         x28=1c002f04  x2:100014d8  PA:10001520
26806555ns          457618 1c009516 01bf0f33 add              x30, x30, x27       x30=0000000a x30:00000000 x27:0000000a
26806575ns          457619 1c009518 40aede93 srai             x29, x29, 0x40a     x29=fffffffe x29:fffffa88
26806595ns          457620 1c00951c 40a75713 srai             x14, x14, 0x40a     x14=fffffff6 x14:ffffd8f0
26806615ns          457621 1c00951e 03812603 lw               x12, 56(x2)         x12=1c002ee4  x2:100014d8  PA:10001510
26806635ns          457622 1c009520 04012d83 lw               x27, 64(x2)         x27=1c002ef4  x2:100014d8  PA:10001518
26806655ns          457623 1c009522 01ee1023 sh               x30, 0(x28)         x30:0000000a x28:1c002f04  PA:1c002f04
26806993ns          457640 1c009526 05812483 lw               x9, 88(x2)           x9=1c002e64  x2:100014d8  PA:10001530
26807013ns          457641 1c009528 05012f03 lw               x30, 80(x2)         x30=1c002e74  x2:100014d8  PA:10001528
26807033ns          457642 1c00952a 0a012583 lw               x11, 160(x2)        x11=1c002e94  x2:100014d8  PA:10001578
26807053ns          457643 1c00952c 014787b3 add              x15, x15, x20       x15=0001fef3 x15:0000ffce x20:0000ff25
26807072ns          457644 1c00952e 013e8eb3 add              x29, x29, x19       x29=0000fff0 x29:fffffffe x19:0000fff2
26807092ns          457645 1c009530 01270733 add              x14, x14, x18       x14=0000ffb4 x14:fffffff6 x18:0000ffbe
26807112ns          457646 1c009532 00f49023 sh               x15, 0(x9)          x15:0001fef3  x9:1c002e64  PA:1c002e64
26807430ns          457662 1c009536 01161023 sh               x17, 0(x12)         x17:0000005a x12:1c002ee4  PA:1c002ee4
26807788ns          457680 1c00953a 01fd9023 sh               x31, 0(x27)         x31:0000001e x27:1c002ef4  PA:1c002ef4
26808107ns          457696 1c00953e 00df1023 sh               x13, 0(x30)         x13:0001ffd4 x30:1c002e74  PA:1c002e74
26808425ns          457712 1c009542 01d59023 sh               x29, 0(x11)         x29:0000fff0 x11:1c002e94  PA:1c002e94
26808743ns          457728 1c009546 00e09023 sh               x14, 0(x1)          x14:0000ffb4  x1:1c002e84  PA:1c002e84
26809081ns          457745 1c00954a 01039023 sh               x16, 0(x7)          x16:0000fff9  x7:1c002eb4  PA:1c002eb4
26809399ns          457761 1c00954e 00a29023 sh               x10, 0(x5)          x10:0000ffe7  x5:1c002ea4  PA:1c002ea4
26809757ns          457779 1c009552 008b0b13 addi             x22, x22, 8         x22=0000003a x22:00000032
26809777ns          457780 1c009554 1f300793 addi             x15, x0, 499        x15=000001f3
26809797ns          457781 1c009558 e767dae3 bge              x15, x22, -396      x15:000001f3 x22:0000003a
26809897ns          457786 1c0093cc 010c9a0b p.lh             x20, 16(x25!)       x20=000000b9 x25=1c00270c x25:1c0026fc  PA:1c0026fc
26810255ns          457804 1c0093d0 0104198b p.lh             x19, 16(x8!)        x19=ffffff36  x8=1c001ed4  x8:1c001ec4  PA:1c001ec4
26810553ns          457819 1c0093d4 2cc10513 addi             x10, x2, 716        x10=100017a4  x2:100014d8
26810573ns          457820 1c0093d6 010a990b p.lh             x18, 16(x21!)       x18=000000a9 x21=1c001700 x21:1c0016f0  PA:1c0016f0
26810891ns          457836 1c0093da 010b948b p.lh             x9, 16(x23!)         x9=ffffff2a x23=1c000f30 x23:1c000f20  PA:1c000f20
26811249ns          457854 1c0093de 2d411623 sh               x20, 716(x2)        x20:000000b9  x2:100014d8  PA:100017a4
26811269ns          457855 1c0093e2 2d311723 sh               x19, 718(x2)        x19:ffffff36  x2:100014d8  PA:100017a6
26811289ns          457856 1c0093e6 c33ff0ef jal              x1, -974             x1=1c0093e8
26811368ns          457860 1c009018 00051803 lh               x16, 0(x10)         x16=000000b9 x10:100017a4  PA:100017a4
26811408ns          457862 1c00901c 00251883 lh               x17, 2(x10)         x17=ffffff36 x10:100017a4  PA:100017a6
26811468ns          457865 1c009020 030806b3 mul              x13, x16, x16       x13=000085b1 x16:000000b9 x16:000000b9
26811508ns          457867 1c009024 03188633 mul              x12, x17, x17       x12=00009f64 x17:ffffff36 x17:ffffff36
26811527ns          457868 1c009028 40a65613 srai             x12, x12, 0x40a     x12=00000027 x12:00009f64
26811547ns          457869 1c00902a 40a6d693 srai             x13, x13, 0x40a     x13=00000021 x13:000085b1
26811567ns          457870 1c00902c 00c686b3 add              x13, x13, x12       x13=00000048 x13:00000021 x12:00000027
26811587ns          457871 1c00902e 1006c633 p.exths          x12, x13, x0        x12=00000048 x13:00000048
26811607ns          457872 1c009032 00855703 lhu              x14, 8(x10)         x14=0000ffd1 x10:100017a4  PA:100017ac
26811627ns          457873 1c009036 00a55683 lhu              x13, 10(x10)        x13=0000ff6a x10:100017a4  PA:100017ae
26811647ns          457874 1c00903a 02c60333 mul              x6, x12, x12         x6=00001440 x12:00000048 x12:00000048
26811667ns          457875 1c00903e 00c55783 lhu              x15, 12(x10)        x15=0000ffe5 x10:100017a4  PA:100017b0
26811687ns          457876 1c009042 00e55583 lhu              x11, 14(x10)        x11=00000060 x10:100017a4  PA:100017b2
26811706ns          457877 1c009046 dea30333 p.extract        x6, x6, 15, 10       x6=00000005  x6:00001440
26811726ns          457878 1c00904a 80c7075b p.muls           x14, x14, x12       x14=fffff2c8 x14:0000ffd1 x12:00000048
26811746ns          457879 1c00904e 80c686db p.muls           x13, x13, x12       x13=ffffd5d0 x13:0000ff6a x12:00000048
26811766ns          457880 1c009052 00455e83 lhu              x29, 4(x10)         x29=00000427 x10:100017a4  PA:100017a8
26811786ns          457881 1c009056 00655e03 lhu              x28, 6(x10)         x28=0000007f x10:100017a4  PA:100017aa
26811806ns          457882 1c00905a 40a75713 srai             x14, x14, 0x40a     x14=fffffffc x14:fffff2c8
26811826ns          457883 1c00905c 806787db p.muls           x15, x15, x6        x15=ffffff79 x15:0000ffe5  x6:00000005
26811846ns          457884 1c009060 40a6d693 srai             x13, x13, 0x40a     x13=fffffff5 x13:ffffd5d0
26811885ns          457886 1c009062 8065865b p.muls           x12, x11, x6        x12=000001e0 x11:00000060  x6:00000005
26811905ns          457887 1c009066 40a7d793 srai             x15, x15, 0x40a     x15=ffffffff x15:ffffff79
26811925ns          457888 1c009068 40a65613 srai             x12, x12, 0x40a     x12=00000000 x12:000001e0
26811945ns          457889 1c00906a 01d70733 add              x14, x14, x29       x14=00000423 x14:fffffffc x29:00000427
26811965ns          457890 1c00906c 01c686b3 add              x13, x13, x28       x13=00000074 x13:fffffff5 x28:0000007f
26811985ns          457891 1c00906e 00c686b3 add              x13, x13, x12       x13=00000074 x13:00000074 x12:00000000
26812005ns          457892 1c009070 00f70733 add              x14, x14, x15       x14=00000422 x14:00000423 x15:ffffffff
26812025ns          457893 1c009072 100747b3 p.exths          x15, x14, x0        x15=00000422 x14:00000422
26812044ns          457894 1c009076 1006c733 p.exths          x14, x13, x0        x14=00000074 x13:00000074
26812064ns          457895 1c00907a 03170633 mul              x12, x14, x17       x12=ffffa478 x14:00000074 x17:ffffff36
26812084ns          457896 1c00907e 030786b3 mul              x13, x15, x16       x13=0002fc92 x15:00000422 x16:000000b9
26812104ns          457897 1c009082 03070733 mul              x14, x14, x16       x14=000053d4 x14:00000074 x16:000000b9
26812124ns          457898 1c009086 031787b3 mul              x15, x15, x17       x15=fffcbd2c x15:00000422 x17:ffffff36
26812144ns          457899 1c00908a 40a6d693 srai             x13, x13, 0x40a     x13=000000bf x13:0002fc92
26812164ns          457900 1c00908c 40a65613 srai             x12, x12, 0x40a     x12=ffffffe9 x12:ffffa478
26812184ns          457901 1c00908e 40a7d793 srai             x15, x15, 0x40a     x15=ffffff2f x15:fffcbd2c
26812204ns          457902 1c009090 40a75713 srai             x14, x14, 0x40a     x14=00000014 x14:000053d4
26812223ns          457903 1c009092 40c686b3 sub              x13, x13, x12       x13=000000d6 x13:000000bf x12:ffffffe9
26812243ns          457904 1c009094 00e787b3 add              x15, x15, x14       x15=ffffff43 x15:ffffff2f x14:00000014
26812263ns          457905 1c009096 00d51823 sh               x13, 16(x10)        x13:000000d6 x10:100017a4  PA:100017b4
26812283ns          457906 1c00909a 00f51923 sh               x15, 18(x10)        x15:ffffff43 x10:100017a4  PA:100017b6
26812303ns          457907 1c00909e 00008067 jalr             x0, x1, 0            x1:1c0093e8
26812383ns          457911 1c0093e8 2dc15583 lhu              x11, 732(x2)        x11=000000d6  x2:100014d8  PA:100017b4
26812422ns          457913 1c0093ec 2de15783 lhu              x15, 734(x2)        x15=0000ff43  x2:100014d8  PA:100017b6
26812442ns          457914 1c0093f0 40b90933 sub              x18, x18, x11       x18=ffffffd3 x18:000000a9 x11:000000d6
26812462ns          457915 1c0093f4 40f484b3 sub              x9, x9, x15          x9=fffeffe7  x9:ffffff2a x15:0000ff43
26812482ns          457916 1c0093f6 100945b3 p.exths          x11, x18, x0        x11=ffffffd3 x18:ffffffd3
26812502ns          457917 1c0093fa 1004c7b3 p.exths          x15, x9, x0         x15=ffffffe7  x9:fffeffe7
26812522ns          457918 1c0093fe 034586b3 mul              x13, x11, x20       x13=ffffdf7b x11:ffffffd3 x20:000000b9
26812542ns          457919 1c009402 03378533 mul              x10, x15, x19       x10=000013ba x15:ffffffe7 x19:ffffff36
26812562ns          457920 1c009406 034a0633 mul              x12, x20, x20       x12=000085b1 x20:000000b9 x20:000000b9
26812581ns          457921 1c00940a 03398733 mul              x14, x19, x19       x14=00009f64 x19:ffffff36 x19:ffffff36
26812601ns          457922 1c00940e 034787b3 mul              x15, x15, x20       x15=ffffedef x15:ffffffe7 x20:000000b9
26812621ns          457923 1c009412 033585b3 mul              x11, x11, x19       x11=00002382 x11:ffffffd3 x19:ffffff36
26812641ns          457924 1c009416 40a75713 srai             x14, x14, 0x40a     x14=00000027 x14:00009f64
26812661ns          457925 1c009418 40a5d593 srai             x11, x11, 0x40a     x11=00000008 x11:00002382
26812681ns          457926 1c00941a 40a65613 srai             x12, x12, 0x40a     x12=00000021 x12:000085b1
26812701ns          457927 1c00941c 40a7d793 srai             x15, x15, 0x40a     x15=fffffffb x15:ffffedef
26812721ns          457928 1c00941e 1c0034b7 lui              x9, 0x1c003000       x9=1c003000
26812741ns          457929 1c009422 00e60633 add              x12, x12, x14       x12=00000048 x12:00000021 x14:00000027
26812760ns          457930 1c009424 40b787b3 sub              x15, x15, x11       x15=fffffff3 x15:fffffffb x11:00000008
26812780ns          457931 1c009426 eb048493 addi             x9, x9, -336         x9=1c002eb0  x9:1c003000
26812800ns          457932 1c00942a 1c0032b7 lui              x5, 0x1c003000       x5=1c003000
26812820ns          457933 1c00942e 1c0035b7 lui              x11, 0x1c003000     x11=1c003000
26812840ns          457934 1c009432 018483b3 add              x7, x9, x24          x7=1c002eb4  x9:1c002eb0 x24:00000004
26812860ns          457935 1c009436 02812e83 lw               x29, 40(x2)         x29=1c002ec4  x2:100014d8  PA:10001500
26812880ns          457936 1c009438 10065633 p.exthz          x12, x12, x0        x12=00000048 x12:00000048
26812900ns          457937 1c00943c e8028293 addi             x5, x5, -384         x5=1c002e80  x5:1c003000
26812920ns          457938 1c009440 ea058593 addi             x11, x11, -352      x11=1c002ea0 x11:1c003000
26812959ns          457940 1c009444 03812483 lw               x9, 56(x2)           x9=1c002ee4  x2:100014d8  PA:10001510
26812979ns          457941 1c009446 10064733 p.exths          x14, x12, x0        x14=00000048 x12:00000048
26812999ns          457942 1c00944a 018280b3 add              x1, x5, x24          x1=1c002e84  x5:1c002e80 x24:00000004
26813019ns          457943 1c00944e 03012f03 lw               x30, 48(x2)         x30=1c002ed4  x2:100014d8  PA:10001508
26813039ns          457944 1c009450 018582b3 add              x5, x11, x24         x5=1c002ea4 x11:1c002ea0 x24:00000004
26813059ns          457945 1c009454 04012583 lw               x11, 64(x2)         x11=1c002ef4  x2:100014d8  PA:10001518
26813079ns          457946 1c009456 000edd83 lhu              x27, 0(x29)         x27=0000046f x29:1c002ec4  PA:1c002ec4
26813397ns          457962 1c00945a 0004d483 lhu              x9, 0(x9)            x9=0000005a  x9:1c002ee4  PA:1c002ee4
26813695ns          457977 1c00945e 02e70333 mul              x6, x14, x14         x6=00001440 x14:00000048 x14:00000048
26813715ns          457978 1c009462 40a55513 srai             x10, x10, 0x40a     x10=00000004 x10:000013ba
26813735ns          457979 1c009464 04812e83 lw               x29, 72(x2)         x29=1c002f04  x2:100014d8  PA:10001520
26813755ns          457980 1c009466 40a6d693 srai             x13, x13, 0x40a     x13=fffffff7 x13:ffffdf7b
26813775ns          457981 1c009468 000f5d03 lhu              x26, 0(x30)         x26=00000127 x30:1c002ed4  PA:1c002ed4
26814093ns          457997 1c00946c 0005d583 lhu              x11, 0(x11)         x11=0000001e x11:1c002ef4  PA:1c002ef4
26814431ns          458014 1c009470 40a35313 srai             x6, x6, 0x40a        x6=00000005  x6:00001440
26814451ns          458015 1c009474 00a686b3 add              x13, x13, x10       x13=fffffffb x13:fffffff7 x10:00000004
26814471ns          458016 1c009476 05012f03 lw               x30, 80(x2)         x30=1c002e74  x2:100014d8  PA:10001528
26814491ns          458017 1c009478 10034e33 p.exths          x28, x6, x0         x28=00000005  x6:00000005
26814511ns          458018 1c00947c 06911023 sh               x9, 96(x2)           x9:0000005a  x2:100014d8  PA:10001538
26814530ns          458019 1c009480 000ede83 lhu              x29, 0(x29)         x29=0000000a x29:1c002f04  PA:1c002f04
26814849ns          458035 1c009484 05812483 lw               x9, 88(x2)           x9=1c002e64  x2:100014d8  PA:10001530
26814869ns          458036 1c009486 1006d6b3 p.exthz          x13, x13, x0        x13=0000fffb x13:fffffffb
26814888ns          458037 1c00948a 02ee08b3 mul              x17, x28, x14       x17=00000168 x28:00000005 x14:00000048
26814908ns          458038 1c00948e 1006c833 p.exths          x16, x13, x0        x16=fffffffb x13:0000fffb
26814928ns          458039 1c009492 06b11823 sh               x11, 112(x2)        x11:0000001e  x2:100014d8  PA:10001548
26814948ns          458040 1c009496 000f5f03 lhu              x30, 0(x30)         x30=0000ffd4 x30:1c002e74  PA:1c002e74
26815246ns          458055 1c00949a 0a012583 lw               x11, 160(x2)        x11=1c002e94  x2:100014d8  PA:10001578
26815266ns          458056 1c00949c 1007d7b3 p.exthz          x15, x15, x0        x15=0000fff3 x15:fffffff3
26815286ns          458057 1c0094a0 0004da03 lhu              x20, 0(x9)          x20=0000fef3  x9:1c002e64  PA:1c002e64
26815624ns          458074 1c0094a4 1007c533 p.exths          x10, x15, x0        x10=fffffff3 x15:0000fff3
26815644ns          458075 1c0094a8 09d11023 sh               x29, 128(x2)        x29:0000000a  x2:100014d8  PA:10001558
26815664ns          458076 1c0094ac 0003d483 lhu              x9, 0(x7)            x9=0000fff9  x7:1c002eb4  PA:1c002eb4
26816022ns          458094 1c0094b0 02e80eb3 mul              x29, x16, x14       x29=fffffe98 x16:fffffffb x14:00000048
26816042ns          458095 1c0094b4 40a8d893 srai             x17, x17, 0x40a     x17=00000000 x17:00000168
26816062ns          458096 1c0094b8 03c80833 mul              x16, x16, x28       x16=ffffffe7 x16:fffffffb x28:00000005
26816082ns          458097 1c0094bc 09e11823 sh               x30, 144(x2)        x30:0000ffd4  x2:100014d8  PA:10001568
26816102ns          458098 1c0094c0 0005d983 lhu              x19, 0(x11)         x19=0000fff0 x11:1c002e94  PA:1c002e94
26816440ns          458115 1c0094c4 81c88f5b p.muls           x30, x17, x28       x30=00000000 x17:00000000 x28:00000005
26816460ns          458116 1c0094c8 0002d583 lhu              x11, 0(x5)          x11=0000ffe7  x5:1c002ea4  PA:1c002ea4
26816758ns          458131 1c0094cc 03ce0fb3 mul              x31, x28, x28       x31=00000019 x28:00000005 x28:00000005
26816778ns          458132 1c0094d0 02e50733 mul              x14, x10, x14       x14=fffffc58 x10:fffffff3 x14:00000048
26816798ns          458133 1c0094d4 40a85813 srai             x16, x16, 0x40a     x16=ffffffff x16:ffffffe7
26816818ns          458134 1c0094d8 03c50533 mul              x10, x10, x28       x10=ffffffbf x10:fffffff3 x28:00000005
26816838ns          458135 1c0094dc 07015e03 lhu              x28, 112(x2)        x28=0000001e  x2:100014d8  PA:10001548
26816857ns          458136 1c0094e0 01b60633 add              x12, x12, x27       x12=000004b7 x12:00000048 x27:0000046f
26816877ns          458137 1c0094e2 00980833 add              x16, x16, x9        x16=0000fff8 x16:ffffffff  x9:0000fff9
26816897ns          458138 1c0094e4 06015d83 lhu              x27, 96(x2)         x27=0000005a  x2:100014d8  PA:10001538
26816917ns          458139 1c0094e8 02812483 lw               x9, 40(x2)           x9=1c002ec4  x2:100014d8  PA:10001500
26816937ns          458140 1c0094ea 40afdf93 srai             x31, x31, 0x40a     x31=00000000 x31:00000019
26816957ns          458141 1c0094ee 40a55513 srai             x10, x10, 0x40a     x10=ffffffff x10:ffffffbf
26816977ns          458142 1c0094f0 01cf8fb3 add              x31, x31, x28       x31=0000001e x31:00000000 x28:0000001e
26816997ns          458143 1c0094f2 00b50533 add              x10, x10, x11       x10=0000ffe6 x10:ffffffff x11:0000ffe7
26817016ns          458144 1c0094f4 09015e03 lhu              x28, 144(x2)        x28=0000ffd4  x2:100014d8  PA:10001568
26817036ns          458145 1c0094f8 03012583 lw               x11, 48(x2)         x11=1c002ed4  x2:100014d8  PA:10001508
26817056ns          458146 1c0094fa 00c49023 sh               x12, 0(x9)          x12:000004b7  x9:1c002ec4  PA:1c002ec4
26817374ns          458162 1c0094fe 01b888b3 add              x17, x17, x27       x17=0000005a x17:00000000 x27:0000005a
26817394ns          458163 1c009500 01a30333 add              x6, x6, x26          x6=0000012c  x6:00000005 x26:00000127
26817414ns          458164 1c009502 08015d83 lhu              x27, 128(x2)        x27=0000000a  x2:100014d8  PA:10001558
26817434ns          458165 1c009506 0000d903 lhu              x18, 0(x1)          x18=0000ffb4  x1:1c002e84  PA:1c002e84
26817732ns          458180 1c00950a 01c686b3 add              x13, x13, x28       x13=0001ffcf x13:0000fffb x28:0000ffd4
26817752ns          458181 1c00950c 00659023 sh               x6, 0(x11)           x6:0000012c x11:1c002ed4  PA:1c002ed4
26818071ns          458197 1c009510 40af5f13 srai             x30, x30, 0x40a     x30=00000000 x30:00000000
26818090ns          458198 1c009514 04812e03 lw               x28, 72(x2)         x28=1c002f04  x2:100014d8  PA:10001520
26818110ns          458199 1c009516 01bf0f33 add              x30, x30, x27       x30=0000000a x30:00000000 x27:0000000a
26818130ns          458200 1c009518 40aede93 srai             x29, x29, 0x40a     x29=ffffffff x29:fffffe98
26818150ns          458201 1c00951c 40a75713 srai             x14, x14, 0x40a     x14=ffffffff x14:fffffc58
26818170ns          458202 1c00951e 03812603 lw               x12, 56(x2)         x12=1c002ee4  x2:100014d8  PA:10001510
26818190ns          458203 1c009520 04012d83 lw               x27, 64(x2)         x27=1c002ef4  x2:100014d8  PA:10001518
26818230ns          458205 1c009522 01ee1023 sh               x30, 0(x28)         x30:0000000a x28:1c002f04  PA:1c002f04
26818568ns          458222 1c009526 05812483 lw               x9, 88(x2)           x9=1c002e64  x2:100014d8  PA:10001530
26818588ns          458223 1c009528 05012f03 lw               x30, 80(x2)         x30=1c002e74  x2:100014d8  PA:10001528
26818608ns          458224 1c00952a 0a012583 lw               x11, 160(x2)        x11=1c002e94  x2:100014d8  PA:10001578
26818627ns          458225 1c00952c 014787b3 add              x15, x15, x20       x15=0001fee6 x15:0000fff3 x20:0000fef3
26818647ns          458226 1c00952e 013e8eb3 add              x29, x29, x19       x29=0000ffef x29:ffffffff x19:0000fff0
26818667ns          458227 1c009530 01270733 add              x14, x14, x18       x14=0000ffb3 x14:ffffffff x18:0000ffb4
26818687ns          458228 1c009532 00f49023 sh               x15, 0(x9)          x15:0001fee6  x9:1c002e64  PA:1c002e64
26819005ns          458244 1c009536 01161023 sh               x17, 0(x12)         x17:0000005a x12:1c002ee4  PA:1c002ee4
26819343ns          458261 1c00953a 01fd9023 sh               x31, 0(x27)         x31:0000001e x27:1c002ef4  PA:1c002ef4
26819701ns          458279 1c00953e 00df1023 sh               x13, 0(x30)         x13:0001ffcf x30:1c002e74  PA:1c002e74
26820020ns          458295 1c009542 01d59023 sh               x29, 0(x11)         x29:0000ffef x11:1c002e94  PA:1c002e94
26820338ns          458311 1c009546 00e09023 sh               x14, 0(x1)          x14:0000ffb3  x1:1c002e84  PA:1c002e84
26820656ns          458327 1c00954a 01039023 sh               x16, 0(x7)          x16:0000fff8  x7:1c002eb4  PA:1c002eb4
26820994ns          458344 1c00954e 00a29023 sh               x10, 0(x5)          x10:0000ffe6  x5:1c002ea4  PA:1c002ea4
26821312ns          458360 1c009552 008b0b13 addi             x22, x22, 8         x22=00000042 x22:0000003a
26821332ns          458361 1c009554 1f300793 addi             x15, x0, 499        x15=000001f3
26821352ns          458362 1c009558 e767dae3 bge              x15, x22, -396      x15:000001f3 x22:00000042
26821452ns          458367 1c0093cc 010c9a0b p.lh             x20, 16(x25!)       x20=000000fb x25=1c00271c x25:1c00270c  PA:1c00270c
26821770ns          458383 1c0093d0 0104198b p.lh             x19, 16(x8!)        x19=00000021  x8=1c001ee4  x8:1c001ed4  PA:1c001ed4
26822088ns          458399 1c0093d4 2cc10513 addi             x10, x2, 716        x10=100017a4  x2:100014d8
26822108ns          458400 1c0093d6 010a990b p.lh             x18, 16(x21!)       x18=000000fa x21=1c001710 x21:1c001700  PA:1c001700
26822406ns          458415 1c0093da 010b948b p.lh             x9, 16(x23!)         x9=00000010 x23=1c000f40 x23:1c000f30  PA:1c000f30
26822704ns          458430 1c0093de 2d411623 sh               x20, 716(x2)        x20:000000fb  x2:100014d8  PA:100017a4
26822724ns          458431 1c0093e2 2d311723 sh               x19, 718(x2)        x19:00000021  x2:100014d8  PA:100017a6
26822744ns          458432 1c0093e6 c33ff0ef jal              x1, -974             x1=1c0093e8
26822784ns          458434 1c009018 00051803 lh               x16, 0(x10)         x16=000000fb x10:100017a4  PA:100017a4
26822804ns          458435 1c00901c 00251883 lh               x17, 2(x10)         x17=00000021 x10:100017a4  PA:100017a6
26822824ns          458436 1c009020 030806b3 mul              x13, x16, x16       x13=0000f619 x16:000000fb x16:000000fb
26822844ns          458437 1c009024 03188633 mul              x12, x17, x17       x12=00000441 x17:00000021 x17:00000021
26822864ns          458438 1c009028 40a65613 srai             x12, x12, 0x40a     x12=00000001 x12:00000441
26822883ns          458439 1c00902a 40a6d693 srai             x13, x13, 0x40a     x13=0000003d x13:0000f619
26822903ns          458440 1c00902c 00c686b3 add              x13, x13, x12       x13=0000003e x13:0000003d x12:00000001
26822923ns          458441 1c00902e 1006c633 p.exths          x12, x13, x0        x12=0000003e x13:0000003e
26822943ns          458442 1c009032 00855703 lhu              x14, 8(x10)         x14=0000ffd1 x10:100017a4  PA:100017ac
26822963ns          458443 1c009036 00a55683 lhu              x13, 10(x10)        x13=0000ff6a x10:100017a4  PA:100017ae
26822983ns          458444 1c00903a 02c60333 mul              x6, x12, x12         x6=00000f04 x12:0000003e x12:0000003e
26823023ns          458446 1c00903e 00c55783 lhu              x15, 12(x10)        x15=0000ffe5 x10:100017a4  PA:100017b0
26823062ns          458448 1c009042 00e55583 lhu              x11, 14(x10)        x11=00000060 x10:100017a4  PA:100017b2
26823082ns          458449 1c009046 dea30333 p.extract        x6, x6, 15, 10       x6=00000003  x6:00000f04
26823102ns          458450 1c00904a 80c7075b p.muls           x14, x14, x12       x14=fffff49e x14:0000ffd1 x12:0000003e
26823122ns          458451 1c00904e 80c686db p.muls           x13, x13, x12       x13=ffffdbac x13:0000ff6a x12:0000003e
26823142ns          458452 1c009052 00455e83 lhu              x29, 4(x10)         x29=00000427 x10:100017a4  PA:100017a8
26823162ns          458453 1c009056 00655e03 lhu              x28, 6(x10)         x28=0000007f x10:100017a4  PA:100017aa
26823182ns          458454 1c00905a 40a75713 srai             x14, x14, 0x40a     x14=fffffffd x14:fffff49e
26823202ns          458455 1c00905c 806787db p.muls           x15, x15, x6        x15=ffffffaf x15:0000ffe5  x6:00000003
26823222ns          458456 1c009060 40a6d693 srai             x13, x13, 0x40a     x13=fffffff6 x13:ffffdbac
26823241ns          458457 1c009062 8065865b p.muls           x12, x11, x6        x12=00000120 x11:00000060  x6:00000003
26823261ns          458458 1c009066 40a7d793 srai             x15, x15, 0x40a     x15=ffffffff x15:ffffffaf
26823281ns          458459 1c009068 40a65613 srai             x12, x12, 0x40a     x12=00000000 x12:00000120
26823301ns          458460 1c00906a 01d70733 add              x14, x14, x29       x14=00000424 x14:fffffffd x29:00000427
26823321ns          458461 1c00906c 01c686b3 add              x13, x13, x28       x13=00000075 x13:fffffff6 x28:0000007f
26823341ns          458462 1c00906e 00c686b3 add              x13, x13, x12       x13=00000075 x13:00000075 x12:00000000
26823361ns          458463 1c009070 00f70733 add              x14, x14, x15       x14=00000423 x14:00000424 x15:ffffffff
26823381ns          458464 1c009072 100747b3 p.exths          x15, x14, x0        x15=00000423 x14:00000423
26823401ns          458465 1c009076 1006c733 p.exths          x14, x13, x0        x14=00000075 x13:00000075
26823420ns          458466 1c00907a 03170633 mul              x12, x14, x17       x12=00000f15 x14:00000075 x17:00000021
26823440ns          458467 1c00907e 030786b3 mul              x13, x15, x16       x13=00040e51 x15:00000423 x16:000000fb
26823460ns          458468 1c009082 03070733 mul              x14, x14, x16       x14=000072b7 x14:00000075 x16:000000fb
26823480ns          458469 1c009086 031787b3 mul              x15, x15, x17       x15=00008883 x15:00000423 x17:00000021
26823500ns          458470 1c00908a 40a6d693 srai             x13, x13, 0x40a     x13=00000103 x13:00040e51
26823520ns          458471 1c00908c 40a65613 srai             x12, x12, 0x40a     x12=00000003 x12:00000f15
26823540ns          458472 1c00908e 40a7d793 srai             x15, x15, 0x40a     x15=00000022 x15:00008883
26823560ns          458473 1c009090 40a75713 srai             x14, x14, 0x40a     x14=0000001c x14:000072b7
26823580ns          458474 1c009092 40c686b3 sub              x13, x13, x12       x13=00000100 x13:00000103 x12:00000003
26823599ns          458475 1c009094 00e787b3 add              x15, x15, x14       x15=0000003e x15:00000022 x14:0000001c
26823619ns          458476 1c009096 00d51823 sh               x13, 16(x10)        x13:00000100 x10:100017a4  PA:100017b4
26823639ns          458477 1c00909a 00f51923 sh               x15, 18(x10)        x15:0000003e x10:100017a4  PA:100017b6
26823659ns          458478 1c00909e 00008067 jalr             x0, x1, 0            x1:1c0093e8
26823719ns          458481 1c0093e8 2dc15583 lhu              x11, 732(x2)        x11=00000100  x2:100014d8  PA:100017b4
26823739ns          458482 1c0093ec 2de15783 lhu              x15, 734(x2)        x15=0000003e  x2:100014d8  PA:100017b6
26823759ns          458483 1c0093f0 40b90933 sub              x18, x18, x11       x18=fffffffa x18:000000fa x11:00000100
26823778ns          458484 1c0093f4 40f484b3 sub              x9, x9, x15          x9=ffffffd2  x9:00000010 x15:0000003e
26823798ns          458485 1c0093f6 100945b3 p.exths          x11, x18, x0        x11=fffffffa x18:fffffffa
26823818ns          458486 1c0093fa 1004c7b3 p.exths          x15, x9, x0         x15=ffffffd2  x9:ffffffd2
26823838ns          458487 1c0093fe 034586b3 mul              x13, x11, x20       x13=fffffa1e x11:fffffffa x20:000000fb
26823858ns          458488 1c009402 03378533 mul              x10, x15, x19       x10=fffffa12 x15:ffffffd2 x19:00000021
26823878ns          458489 1c009406 034a0633 mul              x12, x20, x20       x12=0000f619 x20:000000fb x20:000000fb
26823898ns          458490 1c00940a 03398733 mul              x14, x19, x19       x14=00000441 x19:00000021 x19:00000021
26823957ns          458493 1c00940e 034787b3 mul              x15, x15, x20       x15=ffffd2e6 x15:ffffffd2 x20:000000fb
26823997ns          458495 1c009412 033585b3 mul              x11, x11, x19       x11=ffffff3a x11:fffffffa x19:00000021
26824017ns          458496 1c009416 40a75713 srai             x14, x14, 0x40a     x14=00000001 x14:00000441
26824037ns          458497 1c009418 40a5d593 srai             x11, x11, 0x40a     x11=ffffffff x11:ffffff3a
26824057ns          458498 1c00941a 40a65613 srai             x12, x12, 0x40a     x12=0000003d x12:0000f619
26824077ns          458499 1c00941c 40a7d793 srai             x15, x15, 0x40a     x15=fffffff4 x15:ffffd2e6
26824097ns          458500 1c00941e 1c0034b7 lui              x9, 0x1c003000       x9=1c003000
26824117ns          458501 1c009422 00e60633 add              x12, x12, x14       x12=0000003e x12:0000003d x14:00000001
26824136ns          458502 1c009424 40b787b3 sub              x15, x15, x11       x15=fffffff5 x15:fffffff4 x11:ffffffff
26824156ns          458503 1c009426 eb048493 addi             x9, x9, -336         x9=1c002eb0  x9:1c003000
26824176ns          458504 1c00942a 1c0032b7 lui              x5, 0x1c003000       x5=1c003000
26824196ns          458505 1c00942e 1c0035b7 lui              x11, 0x1c003000     x11=1c003000
26824216ns          458506 1c009432 018483b3 add              x7, x9, x24          x7=1c002eb4  x9:1c002eb0 x24:00000004
26824236ns          458507 1c009436 02812e83 lw               x29, 40(x2)         x29=1c002ec4  x2:100014d8  PA:10001500
26824256ns          458508 1c009438 10065633 p.exthz          x12, x12, x0        x12=0000003e x12:0000003e
26824276ns          458509 1c00943c e8028293 addi             x5, x5, -384         x5=1c002e80  x5:1c003000
26824296ns          458510 1c009440 ea058593 addi             x11, x11, -352      x11=1c002ea0 x11:1c003000
26824315ns          458511 1c009444 03812483 lw               x9, 56(x2)           x9=1c002ee4  x2:100014d8  PA:10001510
26824335ns          458512 1c009446 10064733 p.exths          x14, x12, x0        x14=0000003e x12:0000003e
26824355ns          458513 1c00944a 018280b3 add              x1, x5, x24          x1=1c002e84  x5:1c002e80 x24:00000004
26824375ns          458514 1c00944e 03012f03 lw               x30, 48(x2)         x30=1c002ed4  x2:100014d8  PA:10001508
26824395ns          458515 1c009450 018582b3 add              x5, x11, x24         x5=1c002ea4 x11:1c002ea0 x24:00000004
26824415ns          458516 1c009454 04012583 lw               x11, 64(x2)         x11=1c002ef4  x2:100014d8  PA:10001518
26824435ns          458517 1c009456 000edd83 lhu              x27, 0(x29)         x27=000004b7 x29:1c002ec4  PA:1c002ec4
26824753ns          458533 1c00945a 0004d483 lhu              x9, 0(x9)            x9=0000005a  x9:1c002ee4  PA:1c002ee4
26825071ns          458549 1c00945e 02e70333 mul              x6, x14, x14         x6=00000f04 x14:0000003e x14:0000003e
26825091ns          458550 1c009462 40a55513 srai             x10, x10, 0x40a     x10=fffffffe x10:fffffa12
26825111ns          458551 1c009464 04812e83 lw               x29, 72(x2)         x29=1c002f04  x2:100014d8  PA:10001520
26825131ns          458552 1c009466 40a6d693 srai             x13, x13, 0x40a     x13=fffffffe x13:fffffa1e
26825151ns          458553 1c009468 000f5d03 lhu              x26, 0(x30)         x26=0000012c x30:1c002ed4  PA:1c002ed4
26825469ns          458569 1c00946c 0005d583 lhu              x11, 0(x11)         x11=0000001e x11:1c002ef4  PA:1c002ef4
26825867ns          458589 1c009470 40a35313 srai             x6, x6, 0x40a        x6=00000003  x6:00000f04
26825887ns          458590 1c009474 00a686b3 add              x13, x13, x10       x13=fffffffc x13:fffffffe x10:fffffffe
26825906ns          458591 1c009476 05012f03 lw               x30, 80(x2)         x30=1c002e74  x2:100014d8  PA:10001528
26825926ns          458592 1c009478 10034e33 p.exths          x28, x6, x0         x28=00000003  x6:00000003
26825946ns          458593 1c00947c 06911023 sh               x9, 96(x2)           x9:0000005a  x2:100014d8  PA:10001538
26825966ns          458594 1c009480 000ede83 lhu              x29, 0(x29)         x29=0000000a x29:1c002f04  PA:1c002f04
26826304ns          458611 1c009484 05812483 lw               x9, 88(x2)           x9=1c002e64  x2:100014d8  PA:10001530
26826324ns          458612 1c009486 1006d6b3 p.exthz          x13, x13, x0        x13=0000fffc x13:fffffffc
26826344ns          458613 1c00948a 02ee08b3 mul              x17, x28, x14       x17=000000ba x28:00000003 x14:0000003e
26826364ns          458614 1c00948e 1006c833 p.exths          x16, x13, x0        x16=fffffffc x13:0000fffc
26826384ns          458615 1c009492 06b11823 sh               x11, 112(x2)        x11:0000001e  x2:100014d8  PA:10001548
26826404ns          458616 1c009496 000f5f03 lhu              x30, 0(x30)         x30=0000ffcf x30:1c002e74  PA:1c002e74
26826702ns          458631 1c00949a 0a012583 lw               x11, 160(x2)        x11=1c002e94  x2:100014d8  PA:10001578
26826722ns          458632 1c00949c 1007d7b3 p.exthz          x15, x15, x0        x15=0000fff5 x15:fffffff5
26826742ns          458633 1c0094a0 0004da03 lhu              x20, 0(x9)          x20=0000fee6  x9:1c002e64  PA:1c002e64
26827100ns          458651 1c0094a4 1007c533 p.exths          x10, x15, x0        x10=fffffff5 x15:0000fff5
26827120ns          458652 1c0094a8 09d11023 sh               x29, 128(x2)        x29:0000000a  x2:100014d8  PA:10001558
26827139ns          458653 1c0094ac 0003d483 lhu              x9, 0(x7)            x9=0000fff8  x7:1c002eb4  PA:1c002eb4
26827458ns          458669 1c0094b0 02e80eb3 mul              x29, x16, x14       x29=ffffff08 x16:fffffffc x14:0000003e
26827478ns          458670 1c0094b4 40a8d893 srai             x17, x17, 0x40a     x17=00000000 x17:000000ba
26827497ns          458671 1c0094b8 03c80833 mul              x16, x16, x28       x16=fffffff4 x16:fffffffc x28:00000003
26827517ns          458672 1c0094bc 09e11823 sh               x30, 144(x2)        x30:0000ffcf  x2:100014d8  PA:10001568
26827537ns          458673 1c0094c0 0005d983 lhu              x19, 0(x11)         x19=0000ffef x11:1c002e94  PA:1c002e94
26827875ns          458690 1c0094c4 81c88f5b p.muls           x30, x17, x28       x30=00000000 x17:00000000 x28:00000003
26827895ns          458691 1c0094c8 0002d583 lhu              x11, 0(x5)          x11=0000ffe6  x5:1c002ea4  PA:1c002ea4
26828293ns          458711 1c0094cc 03ce0fb3 mul              x31, x28, x28       x31=00000009 x28:00000003 x28:00000003
26828313ns          458712 1c0094d0 02e50733 mul              x14, x10, x14       x14=fffffd56 x10:fffffff5 x14:0000003e
26828333ns          458713 1c0094d4 40a85813 srai             x16, x16, 0x40a     x16=ffffffff x16:fffffff4
26828353ns          458714 1c0094d8 03c50533 mul              x10, x10, x28       x10=ffffffdf x10:fffffff5 x28:00000003
26828373ns          458715 1c0094dc 07015e03 lhu              x28, 112(x2)        x28=0000001e  x2:100014d8  PA:10001548
26828392ns          458716 1c0094e0 01b60633 add              x12, x12, x27       x12=000004f5 x12:0000003e x27:000004b7
26828412ns          458717 1c0094e2 00980833 add              x16, x16, x9        x16=0000fff7 x16:ffffffff  x9:0000fff8
26828432ns          458718 1c0094e4 06015d83 lhu              x27, 96(x2)         x27=0000005a  x2:100014d8  PA:10001538
26828452ns          458719 1c0094e8 02812483 lw               x9, 40(x2)           x9=1c002ec4  x2:100014d8  PA:10001500
26828472ns          458720 1c0094ea 40afdf93 srai             x31, x31, 0x40a     x31=00000000 x31:00000009
26828492ns          458721 1c0094ee 40a55513 srai             x10, x10, 0x40a     x10=ffffffff x10:ffffffdf
26828512ns          458722 1c0094f0 01cf8fb3 add              x31, x31, x28       x31=0000001e x31:00000000 x28:0000001e
26828532ns          458723 1c0094f2 00b50533 add              x10, x10, x11       x10=0000ffe5 x10:ffffffff x11:0000ffe6
26828552ns          458724 1c0094f4 09015e03 lhu              x28, 144(x2)        x28=0000ffcf  x2:100014d8  PA:10001568
26828571ns          458725 1c0094f8 03012583 lw               x11, 48(x2)         x11=1c002ed4  x2:100014d8  PA:10001508
26828591ns          458726 1c0094fa 00c49023 sh               x12, 0(x9)          x12:000004f5  x9:1c002ec4  PA:1c002ec4
26828929ns          458743 1c0094fe 01b888b3 add              x17, x17, x27       x17=0000005a x17:00000000 x27:0000005a
26828949ns          458744 1c009500 01a30333 add              x6, x6, x26          x6=0000012f  x6:00000003 x26:0000012c
26828969ns          458745 1c009502 08015d83 lhu              x27, 128(x2)        x27=0000000a  x2:100014d8  PA:10001558
26828989ns          458746 1c009506 0000d903 lhu              x18, 0(x1)          x18=0000ffb3  x1:1c002e84  PA:1c002e84
26829307ns          458762 1c00950a 01c686b3 add              x13, x13, x28       x13=0001ffcb x13:0000fffc x28:0000ffcf
26829327ns          458763 1c00950c 00659023 sh               x6, 0(x11)           x6:0000012f x11:1c002ed4  PA:1c002ed4
26829645ns          458779 1c009510 40af5f13 srai             x30, x30, 0x40a     x30=00000000 x30:00000000
26829665ns          458780 1c009514 04812e03 lw               x28, 72(x2)         x28=1c002f04  x2:100014d8  PA:10001520
26829685ns          458781 1c009516 01bf0f33 add              x30, x30, x27       x30=0000000a x30:00000000 x27:0000000a
26829705ns          458782 1c009518 40aede93 srai             x29, x29, 0x40a     x29=ffffffff x29:ffffff08
26829725ns          458783 1c00951c 40a75713 srai             x14, x14, 0x40a     x14=ffffffff x14:fffffd56
26829745ns          458784 1c00951e 03812603 lw               x12, 56(x2)         x12=1c002ee4  x2:100014d8  PA:10001510
26829765ns          458785 1c009520 04012d83 lw               x27, 64(x2)         x27=1c002ef4  x2:100014d8  PA:10001518
26829785ns          458786 1c009522 01ee1023 sh               x30, 0(x28)         x30:0000000a x28:1c002f04  PA:1c002f04
26830103ns          458802 1c009526 05812483 lw               x9, 88(x2)           x9=1c002e64  x2:100014d8  PA:10001530
26830123ns          458803 1c009528 05012f03 lw               x30, 80(x2)         x30=1c002e74  x2:100014d8  PA:10001528
26830143ns          458804 1c00952a 0a012583 lw               x11, 160(x2)        x11=1c002e94  x2:100014d8  PA:10001578
26830162ns          458805 1c00952c 014787b3 add              x15, x15, x20       x15=0001fedb x15:0000fff5 x20:0000fee6
26830182ns          458806 1c00952e 013e8eb3 add              x29, x29, x19       x29=0000ffee x29:ffffffff x19:0000ffef
26830202ns          458807 1c009530 01270733 add              x14, x14, x18       x14=0000ffb2 x14:ffffffff x18:0000ffb3
26830222ns          458808 1c009532 00f49023 sh               x15, 0(x9)          x15:0001fedb  x9:1c002e64  PA:1c002e64
26830540ns          458824 1c009536 01161023 sh               x17, 0(x12)         x17:0000005a x12:1c002ee4  PA:1c002ee4
26830859ns          458840 1c00953a 01fd9023 sh               x31, 0(x27)         x31:0000001e x27:1c002ef4  PA:1c002ef4
26831217ns          458858 1c00953e 00df1023 sh               x13, 0(x30)         x13:0001ffcb x30:1c002e74  PA:1c002e74
26831555ns          458875 1c009542 01d59023 sh               x29, 0(x11)         x29:0000ffee x11:1c002e94  PA:1c002e94
26831873ns          458891 1c009546 00e09023 sh               x14, 0(x1)          x14:0000ffb2  x1:1c002e84  PA:1c002e84
26832191ns          458907 1c00954a 01039023 sh               x16, 0(x7)          x16:0000fff7  x7:1c002eb4  PA:1c002eb4
26832509ns          458923 1c00954e 00a29023 sh               x10, 0(x5)          x10:0000ffe5  x5:1c002ea4  PA:1c002ea4
26832847ns          458940 1c009552 008b0b13 addi             x22, x22, 8         x22=0000004a x22:00000042
26832867ns          458941 1c009554 1f300793 addi             x15, x0, 499        x15=000001f3
26832887ns          458942 1c009558 e767dae3 bge              x15, x22, -396      x15:000001f3 x22:0000004a
26832987ns          458947 1c0093cc 010c9a0b p.lh             x20, 16(x25!)       x20=00000098 x25=1c00272c x25:1c00271c  PA:1c00271c
26833305ns          458963 1c0093d0 0104198b p.lh             x19, 16(x8!)        x19=ffffffcc  x8=1c001ef4  x8:1c001ee4  PA:1c001ee4
26833603ns          458978 1c0093d4 2cc10513 addi             x10, x2, 716        x10=100017a4  x2:100014d8
26833623ns          458979 1c0093d6 010a990b p.lh             x18, 16(x21!)       x18=00000098 x21=1c001720 x21:1c001710  PA:1c001710
26833921ns          458994 1c0093da 010b948b p.lh             x9, 16(x23!)         x9=ffffffc9 x23=1c000f50 x23:1c000f40  PA:1c000f40
26834220ns          459009 1c0093de 2d411623 sh               x20, 716(x2)        x20:00000098  x2:100014d8  PA:100017a4
26834240ns          459010 1c0093e2 2d311723 sh               x19, 718(x2)        x19:ffffffcc  x2:100014d8  PA:100017a6
26834259ns          459011 1c0093e6 c33ff0ef jal              x1, -974             x1=1c0093e8
26834299ns          459013 1c009018 00051803 lh               x16, 0(x10)         x16=00000098 x10:100017a4  PA:100017a4
26834319ns          459014 1c00901c 00251883 lh               x17, 2(x10)         x17=ffffffcc x10:100017a4  PA:100017a6
26834339ns          459015 1c009020 030806b3 mul              x13, x16, x16       x13=00005a40 x16:00000098 x16:00000098
26834359ns          459016 1c009024 03188633 mul              x12, x17, x17       x12=00000a90 x17:ffffffcc x17:ffffffcc
26834379ns          459017 1c009028 40a65613 srai             x12, x12, 0x40a     x12=00000002 x12:00000a90
26834399ns          459018 1c00902a 40a6d693 srai             x13, x13, 0x40a     x13=00000016 x13:00005a40
26834418ns          459019 1c00902c 00c686b3 add              x13, x13, x12       x13=00000018 x13:00000016 x12:00000002
26834438ns          459020 1c00902e 1006c633 p.exths          x12, x13, x0        x12=00000018 x13:00000018
26834458ns          459021 1c009032 00855703 lhu              x14, 8(x10)         x14=0000ffd1 x10:100017a4  PA:100017ac
26834478ns          459022 1c009036 00a55683 lhu              x13, 10(x10)        x13=0000ff6a x10:100017a4  PA:100017ae
26834498ns          459023 1c00903a 02c60333 mul              x6, x12, x12         x6=00000240 x12:00000018 x12:00000018
26834518ns          459024 1c00903e 00c55783 lhu              x15, 12(x10)        x15=0000ffe5 x10:100017a4  PA:100017b0
26834538ns          459025 1c009042 00e55583 lhu              x11, 14(x10)        x11=00000060 x10:100017a4  PA:100017b2
26834558ns          459026 1c009046 dea30333 p.extract        x6, x6, 15, 10       x6=00000000  x6:00000240
26834578ns          459027 1c00904a 80c7075b p.muls           x14, x14, x12       x14=fffffb98 x14:0000ffd1 x12:00000018
26834617ns          459029 1c00904e 80c686db p.muls           x13, x13, x12       x13=fffff1f0 x13:0000ff6a x12:00000018
26834657ns          459031 1c009052 00455e83 lhu              x29, 4(x10)         x29=00000427 x10:100017a4  PA:100017a8
26834677ns          459032 1c009056 00655e03 lhu              x28, 6(x10)         x28=0000007f x10:100017a4  PA:100017aa
26834697ns          459033 1c00905a 40a75713 srai             x14, x14, 0x40a     x14=fffffffe x14:fffffb98
26834717ns          459034 1c00905c 806787db p.muls           x15, x15, x6        x15=00000000 x15:0000ffe5  x6:00000000
26834737ns          459035 1c009060 40a6d693 srai             x13, x13, 0x40a     x13=fffffffc x13:fffff1f0
26834757ns          459036 1c009062 8065865b p.muls           x12, x11, x6        x12=00000000 x11:00000060  x6:00000000
26834776ns          459037 1c009066 40a7d793 srai             x15, x15, 0x40a     x15=00000000 x15:00000000
26834796ns          459038 1c009068 40a65613 srai             x12, x12, 0x40a     x12=00000000 x12:00000000
26834816ns          459039 1c00906a 01d70733 add              x14, x14, x29       x14=00000425 x14:fffffffe x29:00000427
26834836ns          459040 1c00906c 01c686b3 add              x13, x13, x28       x13=0000007b x13:fffffffc x28:0000007f
26834856ns          459041 1c00906e 00c686b3 add              x13, x13, x12       x13=0000007b x13:0000007b x12:00000000
26834876ns          459042 1c009070 00f70733 add              x14, x14, x15       x14=00000425 x14:00000425 x15:00000000
26834896ns          459043 1c009072 100747b3 p.exths          x15, x14, x0        x15=00000425 x14:00000425
26834916ns          459044 1c009076 1006c733 p.exths          x14, x13, x0        x14=0000007b x13:0000007b
26834936ns          459045 1c00907a 03170633 mul              x12, x14, x17       x12=ffffe704 x14:0000007b x17:ffffffcc
26834955ns          459046 1c00907e 030786b3 mul              x13, x15, x16       x13=000275f8 x15:00000425 x16:00000098
26834975ns          459047 1c009082 03070733 mul              x14, x14, x16       x14=00004908 x14:0000007b x16:00000098
26834995ns          459048 1c009086 031787b3 mul              x15, x15, x17       x15=ffff287c x15:00000425 x17:ffffffcc
26835015ns          459049 1c00908a 40a6d693 srai             x13, x13, 0x40a     x13=0000009d x13:000275f8
26835035ns          459050 1c00908c 40a65613 srai             x12, x12, 0x40a     x12=fffffff9 x12:ffffe704
26835055ns          459051 1c00908e 40a7d793 srai             x15, x15, 0x40a     x15=ffffffca x15:ffff287c
26835075ns          459052 1c009090 40a75713 srai             x14, x14, 0x40a     x14=00000012 x14:00004908
26835095ns          459053 1c009092 40c686b3 sub              x13, x13, x12       x13=000000a4 x13:0000009d x12:fffffff9
26835115ns          459054 1c009094 00e787b3 add              x15, x15, x14       x15=ffffffdc x15:ffffffca x14:00000012
26835134ns          459055 1c009096 00d51823 sh               x13, 16(x10)        x13:000000a4 x10:100017a4  PA:100017b4
26835154ns          459056 1c00909a 00f51923 sh               x15, 18(x10)        x15:ffffffdc x10:100017a4  PA:100017b6
26835174ns          459057 1c00909e 00008067 jalr             x0, x1, 0            x1:1c0093e8
26835214ns          459059 1c0093e8 2dc15583 lhu              x11, 732(x2)        x11=000000a4  x2:100014d8  PA:100017b4
26835234ns          459060 1c0093ec 2de15783 lhu              x15, 734(x2)        x15=0000ffdc  x2:100014d8  PA:100017b6
26835254ns          459061 1c0093f0 40b90933 sub              x18, x18, x11       x18=fffffff4 x18:00000098 x11:000000a4
26835274ns          459062 1c0093f4 40f484b3 sub              x9, x9, x15          x9=fffeffed  x9:ffffffc9 x15:0000ffdc
26835294ns          459063 1c0093f6 100945b3 p.exths          x11, x18, x0        x11=fffffff4 x18:fffffff4
26835313ns          459064 1c0093fa 1004c7b3 p.exths          x15, x9, x0         x15=ffffffed  x9:fffeffed
26835333ns          459065 1c0093fe 034586b3 mul              x13, x11, x20       x13=fffff8e0 x11:fffffff4 x20:00000098
26835353ns          459066 1c009402 03378533 mul              x10, x15, x19       x10=000003dc x15:ffffffed x19:ffffffcc
26835373ns          459067 1c009406 034a0633 mul              x12, x20, x20       x12=00005a40 x20:00000098 x20:00000098
26835393ns          459068 1c00940a 03398733 mul              x14, x19, x19       x14=00000a90 x19:ffffffcc x19:ffffffcc
26835413ns          459069 1c00940e 034787b3 mul              x15, x15, x20       x15=fffff4b8 x15:ffffffed x20:00000098
26835433ns          459070 1c009412 033585b3 mul              x11, x11, x19       x11=00000270 x11:fffffff4 x19:ffffffcc
26835453ns          459071 1c009416 40a75713 srai             x14, x14, 0x40a     x14=00000002 x14:00000a90
26835473ns          459072 1c009418 40a5d593 srai             x11, x11, 0x40a     x11=00000000 x11:00000270
26835492ns          459073 1c00941a 40a65613 srai             x12, x12, 0x40a     x12=00000016 x12:00005a40
26835512ns          459074 1c00941c 40a7d793 srai             x15, x15, 0x40a     x15=fffffffd x15:fffff4b8
26835532ns          459075 1c00941e 1c0034b7 lui              x9, 0x1c003000       x9=1c003000
26835552ns          459076 1c009422 00e60633 add              x12, x12, x14       x12=00000018 x12:00000016 x14:00000002
26835572ns          459077 1c009424 40b787b3 sub              x15, x15, x11       x15=fffffffd x15:fffffffd x11:00000000
26835592ns          459078 1c009426 eb048493 addi             x9, x9, -336         x9=1c002eb0  x9:1c003000
26835612ns          459079 1c00942a 1c0032b7 lui              x5, 0x1c003000       x5=1c003000
26835632ns          459080 1c00942e 1c0035b7 lui              x11, 0x1c003000     x11=1c003000
26835652ns          459081 1c009432 018483b3 add              x7, x9, x24          x7=1c002eb4  x9:1c002eb0 x24:00000004
26835671ns          459082 1c009436 02812e83 lw               x29, 40(x2)         x29=1c002ec4  x2:100014d8  PA:10001500
26835691ns          459083 1c009438 10065633 p.exthz          x12, x12, x0        x12=00000018 x12:00000018
26835711ns          459084 1c00943c e8028293 addi             x5, x5, -384         x5=1c002e80  x5:1c003000
26835751ns          459086 1c009440 ea058593 addi             x11, x11, -352      x11=1c002ea0 x11:1c003000
26835791ns          459088 1c009444 03812483 lw               x9, 56(x2)           x9=1c002ee4  x2:100014d8  PA:10001510
26835811ns          459089 1c009446 10064733 p.exths          x14, x12, x0        x14=00000018 x12:00000018
26835831ns          459090 1c00944a 018280b3 add              x1, x5, x24          x1=1c002e84  x5:1c002e80 x24:00000004
26835850ns          459091 1c00944e 03012f03 lw               x30, 48(x2)         x30=1c002ed4  x2:100014d8  PA:10001508
26835870ns          459092 1c009450 018582b3 add              x5, x11, x24         x5=1c002ea4 x11:1c002ea0 x24:00000004
26835890ns          459093 1c009454 04012583 lw               x11, 64(x2)         x11=1c002ef4  x2:100014d8  PA:10001518
26835910ns          459094 1c009456 000edd83 lhu              x27, 0(x29)         x27=000004f5 x29:1c002ec4  PA:1c002ec4
26836228ns          459110 1c00945a 0004d483 lhu              x9, 0(x9)            x9=0000005a  x9:1c002ee4  PA:1c002ee4
26836547ns          459126 1c00945e 02e70333 mul              x6, x14, x14         x6=00000240 x14:00000018 x14:00000018
26836566ns          459127 1c009462 40a55513 srai             x10, x10, 0x40a     x10=00000000 x10:000003dc
26836586ns          459128 1c009464 04812e83 lw               x29, 72(x2)         x29=1c002f04  x2:100014d8  PA:10001520
26836606ns          459129 1c009466 40a6d693 srai             x13, x13, 0x40a     x13=fffffffe x13:fffff8e0
26836626ns          459130 1c009468 000f5d03 lhu              x26, 0(x30)         x26=0000012f x30:1c002ed4  PA:1c002ed4
26836924ns          459145 1c00946c 0005d583 lhu              x11, 0(x11)         x11=0000001e x11:1c002ef4  PA:1c002ef4
26837282ns          459163 1c009470 40a35313 srai             x6, x6, 0x40a        x6=00000000  x6:00000240
26837302ns          459164 1c009474 00a686b3 add              x13, x13, x10       x13=fffffffe x13:fffffffe x10:00000000
26837322ns          459165 1c009476 05012f03 lw               x30, 80(x2)         x30=1c002e74  x2:100014d8  PA:10001528
26837342ns          459166 1c009478 10034e33 p.exths          x28, x6, x0         x28=00000000  x6:00000000
26837362ns          459167 1c00947c 06911023 sh               x9, 96(x2)           x9:0000005a  x2:100014d8  PA:10001538
26837382ns          459168 1c009480 000ede83 lhu              x29, 0(x29)         x29=0000000a x29:1c002f04  PA:1c002f04
26837680ns          459183 1c009484 05812483 lw               x9, 88(x2)           x9=1c002e64  x2:100014d8  PA:10001530
26837700ns          459184 1c009486 1006d6b3 p.exthz          x13, x13, x0        x13=0000fffe x13:fffffffe
26837720ns          459185 1c00948a 02ee08b3 mul              x17, x28, x14       x17=00000000 x28:00000000 x14:00000018
26837740ns          459186 1c00948e 1006c833 p.exths          x16, x13, x0        x16=fffffffe x13:0000fffe
26837760ns          459187 1c009492 06b11823 sh               x11, 112(x2)        x11:0000001e  x2:100014d8  PA:10001548
26837780ns          459188 1c009496 000f5f03 lhu              x30, 0(x30)         x30=0000ffcb x30:1c002e74  PA:1c002e74
26838098ns          459204 1c00949a 0a012583 lw               x11, 160(x2)        x11=1c002e94  x2:100014d8  PA:10001578
26838118ns          459205 1c00949c 1007d7b3 p.exthz          x15, x15, x0        x15=0000fffd x15:fffffffd
26838138ns          459206 1c0094a0 0004da03 lhu              x20, 0(x9)          x20=0000fedb  x9:1c002e64  PA:1c002e64
26838496ns          459224 1c0094a4 1007c533 p.exths          x10, x15, x0        x10=fffffffd x15:0000fffd
26838515ns          459225 1c0094a8 09d11023 sh               x29, 128(x2)        x29:0000000a  x2:100014d8  PA:10001558
26838535ns          459226 1c0094ac 0003d483 lhu              x9, 0(x7)            x9=0000fff7  x7:1c002eb4  PA:1c002eb4
26838834ns          459241 1c0094b0 02e80eb3 mul              x29, x16, x14       x29=ffffffd0 x16:fffffffe x14:00000018
26838854ns          459242 1c0094b4 40a8d893 srai             x17, x17, 0x40a     x17=00000000 x17:00000000
26838873ns          459243 1c0094b8 03c80833 mul              x16, x16, x28       x16=00000000 x16:fffffffe x28:00000000
26838893ns          459244 1c0094bc 09e11823 sh               x30, 144(x2)        x30:0000ffcb  x2:100014d8  PA:10001568
26838913ns          459245 1c0094c0 0005d983 lhu              x19, 0(x11)         x19=0000ffee x11:1c002e94  PA:1c002e94
26839231ns          459261 1c0094c4 81c88f5b p.muls           x30, x17, x28       x30=00000000 x17:00000000 x28:00000000
26839251ns          459262 1c0094c8 0002d583 lhu              x11, 0(x5)          x11=0000ffe5  x5:1c002ea4  PA:1c002ea4
26839709ns          459285 1c0094cc 03ce0fb3 mul              x31, x28, x28       x31=00000000 x28:00000000 x28:00000000
26839729ns          459286 1c0094d0 02e50733 mul              x14, x10, x14       x14=ffffffb8 x10:fffffffd x14:00000018
26839748ns          459287 1c0094d4 40a85813 srai             x16, x16, 0x40a     x16=00000000 x16:00000000
26839768ns          459288 1c0094d8 03c50533 mul              x10, x10, x28       x10=00000000 x10:fffffffd x28:00000000
26839788ns          459289 1c0094dc 07015e03 lhu              x28, 112(x2)        x28=0000001e  x2:100014d8  PA:10001548
26839808ns          459290 1c0094e0 01b60633 add              x12, x12, x27       x12=0000050d x12:00000018 x27:000004f5
26839828ns          459291 1c0094e2 00980833 add              x16, x16, x9        x16=0000fff7 x16:00000000  x9:0000fff7
26839848ns          459292 1c0094e4 06015d83 lhu              x27, 96(x2)         x27=0000005a  x2:100014d8  PA:10001538
26839868ns          459293 1c0094e8 02812483 lw               x9, 40(x2)           x9=1c002ec4  x2:100014d8  PA:10001500
26839888ns          459294 1c0094ea 40afdf93 srai             x31, x31, 0x40a     x31=00000000 x31:00000000
26839908ns          459295 1c0094ee 40a55513 srai             x10, x10, 0x40a     x10=00000000 x10:00000000
26839927ns          459296 1c0094f0 01cf8fb3 add              x31, x31, x28       x31=0000001e x31:00000000 x28:0000001e
26839947ns          459297 1c0094f2 00b50533 add              x10, x10, x11       x10=0000ffe5 x10:00000000 x11:0000ffe5
26839967ns          459298 1c0094f4 09015e03 lhu              x28, 144(x2)        x28=0000ffcb  x2:100014d8  PA:10001568
26839987ns          459299 1c0094f8 03012583 lw               x11, 48(x2)         x11=1c002ed4  x2:100014d8  PA:10001508
26840007ns          459300 1c0094fa 00c49023 sh               x12, 0(x9)          x12:0000050d  x9:1c002ec4  PA:1c002ec4
26840325ns          459316 1c0094fe 01b888b3 add              x17, x17, x27       x17=0000005a x17:00000000 x27:0000005a
26840345ns          459317 1c009500 01a30333 add              x6, x6, x26          x6=0000012f  x6:00000000 x26:0000012f
26840365ns          459318 1c009502 08015d83 lhu              x27, 128(x2)        x27=0000000a  x2:100014d8  PA:10001558
26840385ns          459319 1c009506 0000d903 lhu              x18, 0(x1)          x18=0000ffb2  x1:1c002e84  PA:1c002e84
26840723ns          459336 1c00950a 01c686b3 add              x13, x13, x28       x13=0001ffc9 x13:0000fffe x28:0000ffcb
26840743ns          459337 1c00950c 00659023 sh               x6, 0(x11)           x6:0000012f x11:1c002ed4  PA:1c002ed4
26841061ns          459353 1c009510 40af5f13 srai             x30, x30, 0x40a     x30=00000000 x30:00000000
26841081ns          459354 1c009514 04812e03 lw               x28, 72(x2)         x28=1c002f04  x2:100014d8  PA:10001520
26841101ns          459355 1c009516 01bf0f33 add              x30, x30, x27       x30=0000000a x30:00000000 x27:0000000a
26841121ns          459356 1c009518 40aede93 srai             x29, x29, 0x40a     x29=ffffffff x29:ffffffd0
26841141ns          459357 1c00951c 40a75713 srai             x14, x14, 0x40a     x14=ffffffff x14:ffffffb8
26841161ns          459358 1c00951e 03812603 lw               x12, 56(x2)         x12=1c002ee4  x2:100014d8  PA:10001510
26841180ns          459359 1c009520 04012d83 lw               x27, 64(x2)         x27=1c002ef4  x2:100014d8  PA:10001518
26841200ns          459360 1c009522 01ee1023 sh               x30, 0(x28)         x30:0000000a x28:1c002f04  PA:1c002f04
26841519ns          459376 1c009526 05812483 lw               x9, 88(x2)           x9=1c002e64  x2:100014d8  PA:10001530
26841538ns          459377 1c009528 05012f03 lw               x30, 80(x2)         x30=1c002e74  x2:100014d8  PA:10001528
26841558ns          459378 1c00952a 0a012583 lw               x11, 160(x2)        x11=1c002e94  x2:100014d8  PA:10001578
26841578ns          459379 1c00952c 014787b3 add              x15, x15, x20       x15=0001fed8 x15:0000fffd x20:0000fedb
26841598ns          459380 1c00952e 013e8eb3 add              x29, x29, x19       x29=0000ffed x29:ffffffff x19:0000ffee
26841618ns          459381 1c009530 01270733 add              x14, x14, x18       x14=0000ffb1 x14:ffffffff x18:0000ffb2
26841638ns          459382 1c009532 00f49023 sh               x15, 0(x9)          x15:0001fed8  x9:1c002e64  PA:1c002e64
26841956ns          459398 1c009536 01161023 sh               x17, 0(x12)         x17:0000005a x12:1c002ee4  PA:1c002ee4
26842314ns          459416 1c00953a 01fd9023 sh               x31, 0(x27)         x31:0000001e x27:1c002ef4  PA:1c002ef4
26842632ns          459432 1c00953e 00df1023 sh               x13, 0(x30)         x13:0001ffc9 x30:1c002e74  PA:1c002e74
26842950ns          459448 1c009542 01d59023 sh               x29, 0(x11)         x29:0000ffed x11:1c002e94  PA:1c002e94
26843269ns          459464 1c009546 00e09023 sh               x14, 0(x1)          x14:0000ffb1  x1:1c002e84  PA:1c002e84
26843587ns          459480 1c00954a 01039023 sh               x16, 0(x7)          x16:0000fff7  x7:1c002eb4  PA:1c002eb4
26843905ns          459496 1c00954e 00a29023 sh               x10, 0(x5)          x10:0000ffe5  x5:1c002ea4  PA:1c002ea4
26844223ns          459512 1c009552 008b0b13 addi             x22, x22, 8         x22=00000052 x22:0000004a
26844243ns          459513 1c009554 1f300793 addi             x15, x0, 499        x15=000001f3
26844263ns          459514 1c009558 e767dae3 bge              x15, x22, -396      x15:000001f3 x22:00000052
26844362ns          459519 1c0093cc 010c9a0b p.lh             x20, 16(x25!)       x20=fffffe8c x25=1c00273c x25:1c00272c  PA:1c00272c
26844701ns          459536 1c0093d0 0104198b p.lh             x19, 16(x8!)        x19=00000128  x8=1c001f04  x8:1c001ef4  PA:1c001ef4
26845019ns          459552 1c0093d4 2cc10513 addi             x10, x2, 716        x10=100017a4  x2:100014d8
26845039ns          459553 1c0093d6 010a990b p.lh             x18, 16(x21!)       x18=fffffebb x21=1c001730 x21:1c001720  PA:1c001720
26845337ns          459568 1c0093da 010b948b p.lh             x9, 16(x23!)         x9=00000147 x23=1c000f60 x23:1c000f50  PA:1c000f50
26845635ns          459583 1c0093de 2d411623 sh               x20, 716(x2)        x20:fffffe8c  x2:100014d8  PA:100017a4
26845655ns          459584 1c0093e2 2d311723 sh               x19, 718(x2)        x19:00000128  x2:100014d8  PA:100017a6
26845675ns          459585 1c0093e6 c33ff0ef jal              x1, -974             x1=1c0093e8
26845755ns          459589 1c009018 00051803 lh               x16, 0(x10)         x16=fffffe8c x10:100017a4  PA:100017a4
26845794ns          459591 1c00901c 00251883 lh               x17, 2(x10)         x17=00000128 x10:100017a4  PA:100017a6
26845834ns          459593 1c009020 030806b3 mul              x13, x16, x16       x13=00021c90 x16:fffffe8c x16:fffffe8c
26845854ns          459594 1c009024 03188633 mul              x12, x17, x17       x12=00015640 x17:00000128 x17:00000128
26845874ns          459595 1c009028 40a65613 srai             x12, x12, 0x40a     x12=00000055 x12:00015640
26845894ns          459596 1c00902a 40a6d693 srai             x13, x13, 0x40a     x13=00000087 x13:00021c90
26845914ns          459597 1c00902c 00c686b3 add              x13, x13, x12       x13=000000dc x13:00000087 x12:00000055
26845934ns          459598 1c00902e 1006c633 p.exths          x12, x13, x0        x12=000000dc x13:000000dc
26845954ns          459599 1c009032 00855703 lhu              x14, 8(x10)         x14=0000ffd1 x10:100017a4  PA:100017ac
26845973ns          459600 1c009036 00a55683 lhu              x13, 10(x10)        x13=0000ff6a x10:100017a4  PA:100017ae
26845993ns          459601 1c00903a 02c60333 mul              x6, x12, x12         x6=0000bd10 x12:000000dc x12:000000dc
26846053ns          459604 1c00903e 00c55783 lhu              x15, 12(x10)        x15=0000ffe5 x10:100017a4  PA:100017b0
26846093ns          459606 1c009042 00e55583 lhu              x11, 14(x10)        x11=00000060 x10:100017a4  PA:100017b2
26846113ns          459607 1c009046 dea30333 p.extract        x6, x6, 15, 10       x6=0000002f  x6:0000bd10
26846133ns          459608 1c00904a 80c7075b p.muls           x14, x14, x12       x14=ffffd79c x14:0000ffd1 x12:000000dc
26846192ns          459611 1c00904e 80c686db p.muls           x13, x13, x12       x13=ffff7f18 x13:0000ff6a x12:000000dc
26846232ns          459613 1c009052 00455e83 lhu              x29, 4(x10)         x29=00000427 x10:100017a4  PA:100017a8
26846252ns          459614 1c009056 00655e03 lhu              x28, 6(x10)         x28=0000007f x10:100017a4  PA:100017aa
26846272ns          459615 1c00905a 40a75713 srai             x14, x14, 0x40a     x14=fffffff5 x14:ffffd79c
26846292ns          459616 1c00905c 806787db p.muls           x15, x15, x6        x15=fffffb0b x15:0000ffe5  x6:0000002f
26846312ns          459617 1c009060 40a6d693 srai             x13, x13, 0x40a     x13=ffffffdf x13:ffff7f18
26846331ns          459618 1c009062 8065865b p.muls           x12, x11, x6        x12=000011a0 x11:00000060  x6:0000002f
26846351ns          459619 1c009066 40a7d793 srai             x15, x15, 0x40a     x15=fffffffe x15:fffffb0b
26846371ns          459620 1c009068 40a65613 srai             x12, x12, 0x40a     x12=00000004 x12:000011a0
26846391ns          459621 1c00906a 01d70733 add              x14, x14, x29       x14=0000041c x14:fffffff5 x29:00000427
26846411ns          459622 1c00906c 01c686b3 add              x13, x13, x28       x13=0000005e x13:ffffffdf x28:0000007f
26846431ns          459623 1c00906e 00c686b3 add              x13, x13, x12       x13=00000062 x13:0000005e x12:00000004
26846451ns          459624 1c009070 00f70733 add              x14, x14, x15       x14=0000041a x14:0000041c x15:fffffffe
26846471ns          459625 1c009072 100747b3 p.exths          x15, x14, x0        x15=0000041a x14:0000041a
26846491ns          459626 1c009076 1006c733 p.exths          x14, x13, x0        x14=00000062 x13:00000062
26846510ns          459627 1c00907a 03170633 mul              x12, x14, x17       x12=00007150 x14:00000062 x17:00000128
26846530ns          459628 1c00907e 030786b3 mul              x13, x15, x16       x13=fffa0a38 x15:0000041a x16:fffffe8c
26846550ns          459629 1c009082 03070733 mul              x14, x14, x16       x14=ffff7198 x14:00000062 x16:fffffe8c
26846570ns          459630 1c009086 031787b3 mul              x15, x15, x17       x15=0004be10 x15:0000041a x17:00000128
26846590ns          459631 1c00908a 40a6d693 srai             x13, x13, 0x40a     x13=fffffe82 x13:fffa0a38
26846610ns          459632 1c00908c 40a65613 srai             x12, x12, 0x40a     x12=0000001c x12:00007150
26846630ns          459633 1c00908e 40a7d793 srai             x15, x15, 0x40a     x15=0000012f x15:0004be10
26846650ns          459634 1c009090 40a75713 srai             x14, x14, 0x40a     x14=ffffffdc x14:ffff7198
26846670ns          459635 1c009092 40c686b3 sub              x13, x13, x12       x13=fffffe66 x13:fffffe82 x12:0000001c
26846689ns          459636 1c009094 00e787b3 add              x15, x15, x14       x15=0000010b x15:0000012f x14:ffffffdc
26846709ns          459637 1c009096 00d51823 sh               x13, 16(x10)        x13:fffffe66 x10:100017a4  PA:100017b4
26846729ns          459638 1c00909a 00f51923 sh               x15, 18(x10)        x15:0000010b x10:100017a4  PA:100017b6
26846749ns          459639 1c00909e 00008067 jalr             x0, x1, 0            x1:1c0093e8
26846789ns          459641 1c0093e8 2dc15583 lhu              x11, 732(x2)        x11=0000fe66  x2:100014d8  PA:100017b4
26846809ns          459642 1c0093ec 2de15783 lhu              x15, 734(x2)        x15=0000010b  x2:100014d8  PA:100017b6
26846829ns          459643 1c0093f0 40b90933 sub              x18, x18, x11       x18=ffff0055 x18:fffffebb x11:0000fe66
26846848ns          459644 1c0093f4 40f484b3 sub              x9, x9, x15          x9=0000003c  x9:00000147 x15:0000010b
26846868ns          459645 1c0093f6 100945b3 p.exths          x11, x18, x0        x11=00000055 x18:ffff0055
26846888ns          459646 1c0093fa 1004c7b3 p.exths          x15, x9, x0         x15=0000003c  x9:0000003c
26846908ns          459647 1c0093fe 034586b3 mul              x13, x11, x20       x13=ffff847c x11:00000055 x20:fffffe8c
26846928ns          459648 1c009402 03378533 mul              x10, x15, x19       x10=00004560 x15:0000003c x19:00000128
26846948ns          459649 1c009406 034a0633 mul              x12, x20, x20       x12=00021c90 x20:fffffe8c x20:fffffe8c
26846968ns          459650 1c00940a 03398733 mul              x14, x19, x19       x14=00015640 x19:00000128 x19:00000128
26847027ns          459653 1c00940e 034787b3 mul              x15, x15, x20       x15=ffffa8d0 x15:0000003c x20:fffffe8c
26847067ns          459655 1c009412 033585b3 mul              x11, x11, x19       x11=00006248 x11:00000055 x19:00000128
26847087ns          459656 1c009416 40a75713 srai             x14, x14, 0x40a     x14=00000055 x14:00015640
26847107ns          459657 1c009418 40a5d593 srai             x11, x11, 0x40a     x11=00000018 x11:00006248
26847127ns          459658 1c00941a 40a65613 srai             x12, x12, 0x40a     x12=00000087 x12:00021c90
26847147ns          459659 1c00941c 40a7d793 srai             x15, x15, 0x40a     x15=ffffffea x15:ffffa8d0
26847167ns          459660 1c00941e 1c0034b7 lui              x9, 0x1c003000       x9=1c003000
26847187ns          459661 1c009422 00e60633 add              x12, x12, x14       x12=000000dc x12:00000087 x14:00000055
26847206ns          459662 1c009424 40b787b3 sub              x15, x15, x11       x15=ffffffd2 x15:ffffffea x11:00000018
26847226ns          459663 1c009426 eb048493 addi             x9, x9, -336         x9=1c002eb0  x9:1c003000
26847246ns          459664 1c00942a 1c0032b7 lui              x5, 0x1c003000       x5=1c003000
26847266ns          459665 1c00942e 1c0035b7 lui              x11, 0x1c003000     x11=1c003000
26847286ns          459666 1c009432 018483b3 add              x7, x9, x24          x7=1c002eb4  x9:1c002eb0 x24:00000004
26847306ns          459667 1c009436 02812e83 lw               x29, 40(x2)         x29=1c002ec4  x2:100014d8  PA:10001500
26847326ns          459668 1c009438 10065633 p.exthz          x12, x12, x0        x12=000000dc x12:000000dc
26847346ns          459669 1c00943c e8028293 addi             x5, x5, -384         x5=1c002e80  x5:1c003000
26847366ns          459670 1c009440 ea058593 addi             x11, x11, -352      x11=1c002ea0 x11:1c003000
26847385ns          459671 1c009444 03812483 lw               x9, 56(x2)           x9=1c002ee4  x2:100014d8  PA:10001510
26847405ns          459672 1c009446 10064733 p.exths          x14, x12, x0        x14=000000dc x12:000000dc
26847425ns          459673 1c00944a 018280b3 add              x1, x5, x24          x1=1c002e84  x5:1c002e80 x24:00000004
26847445ns          459674 1c00944e 03012f03 lw               x30, 48(x2)         x30=1c002ed4  x2:100014d8  PA:10001508
26847465ns          459675 1c009450 018582b3 add              x5, x11, x24         x5=1c002ea4 x11:1c002ea0 x24:00000004
26847485ns          459676 1c009454 04012583 lw               x11, 64(x2)         x11=1c002ef4  x2:100014d8  PA:10001518
26847505ns          459677 1c009456 000edd83 lhu              x27, 0(x29)         x27=0000050d x29:1c002ec4  PA:1c002ec4
26847803ns          459692 1c00945a 0004d483 lhu              x9, 0(x9)            x9=0000005a  x9:1c002ee4  PA:1c002ee4
26848101ns          459707 1c00945e 02e70333 mul              x6, x14, x14         x6=0000bd10 x14:000000dc x14:000000dc
26848121ns          459708 1c009462 40a55513 srai             x10, x10, 0x40a     x10=00000011 x10:00004560
26848141ns          459709 1c009464 04812e83 lw               x29, 72(x2)         x29=1c002f04  x2:100014d8  PA:10001520
26848161ns          459710 1c009466 40a6d693 srai             x13, x13, 0x40a     x13=ffffffe1 x13:ffff847c
26848181ns          459711 1c009468 000f5d03 lhu              x26, 0(x30)         x26=0000012f x30:1c002ed4  PA:1c002ed4
26848499ns          459727 1c00946c 0005d583 lhu              x11, 0(x11)         x11=0000001e x11:1c002ef4  PA:1c002ef4
26848798ns          459742 1c009470 40a35313 srai             x6, x6, 0x40a        x6=0000002f  x6:0000bd10
26848817ns          459743 1c009474 00a686b3 add              x13, x13, x10       x13=fffffff2 x13:ffffffe1 x10:00000011
26848837ns          459744 1c009476 05012f03 lw               x30, 80(x2)         x30=1c002e74  x2:100014d8  PA:10001528
26848857ns          459745 1c009478 10034e33 p.exths          x28, x6, x0         x28=0000002f  x6:0000002f
26848877ns          459746 1c00947c 06911023 sh               x9, 96(x2)           x9:0000005a  x2:100014d8  PA:10001538
26848897ns          459747 1c009480 000ede83 lhu              x29, 0(x29)         x29=0000000a x29:1c002f04  PA:1c002f04
26849195ns          459762 1c009484 05812483 lw               x9, 88(x2)           x9=1c002e64  x2:100014d8  PA:10001530
26849215ns          459763 1c009486 1006d6b3 p.exthz          x13, x13, x0        x13=0000fff2 x13:fffffff2
26849235ns          459764 1c00948a 02ee08b3 mul              x17, x28, x14       x17=00002864 x28:0000002f x14:000000dc
26849255ns          459765 1c00948e 1006c833 p.exths          x16, x13, x0        x16=fffffff2 x13:0000fff2
26849275ns          459766 1c009492 06b11823 sh               x11, 112(x2)        x11:0000001e  x2:100014d8  PA:10001548
26849295ns          459767 1c009496 000f5f03 lhu              x30, 0(x30)         x30=0000ffc9 x30:1c002e74  PA:1c002e74
26849593ns          459782 1c00949a 0a012583 lw               x11, 160(x2)        x11=1c002e94  x2:100014d8  PA:10001578
26849613ns          459783 1c00949c 1007d7b3 p.exthz          x15, x15, x0        x15=0000ffd2 x15:ffffffd2
26849633ns          459784 1c0094a0 0004da03 lhu              x20, 0(x9)          x20=0000fed8  x9:1c002e64  PA:1c002e64
26849971ns          459801 1c0094a4 1007c533 p.exths          x10, x15, x0        x10=ffffffd2 x15:0000ffd2
26849991ns          459802 1c0094a8 09d11023 sh               x29, 128(x2)        x29:0000000a  x2:100014d8  PA:10001558
26850011ns          459803 1c0094ac 0003d483 lhu              x9, 0(x7)            x9=0000fff7  x7:1c002eb4  PA:1c002eb4
26850309ns          459818 1c0094b0 02e80eb3 mul              x29, x16, x14       x29=fffff3f8 x16:fffffff2 x14:000000dc
26850329ns          459819 1c0094b4 40a8d893 srai             x17, x17, 0x40a     x17=0000000a x17:00002864
26850349ns          459820 1c0094b8 03c80833 mul              x16, x16, x28       x16=fffffd6e x16:fffffff2 x28:0000002f
26850369ns          459821 1c0094bc 09e11823 sh               x30, 144(x2)        x30:0000ffc9  x2:100014d8  PA:10001568
26850389ns          459822 1c0094c0 0005d983 lhu              x19, 0(x11)         x19=0000ffed x11:1c002e94  PA:1c002e94
26850687ns          459837 1c0094c4 81c88f5b p.muls           x30, x17, x28       x30=000001d6 x17:0000000a x28:0000002f
26850707ns          459838 1c0094c8 0002d583 lhu              x11, 0(x5)          x11=0000ffe5  x5:1c002ea4  PA:1c002ea4
26851025ns          459854 1c0094cc 03ce0fb3 mul              x31, x28, x28       x31=000008a1 x28:0000002f x28:0000002f
26851045ns          459855 1c0094d0 02e50733 mul              x14, x10, x14       x14=ffffd878 x10:ffffffd2 x14:000000dc
26851065ns          459856 1c0094d4 40a85813 srai             x16, x16, 0x40a     x16=ffffffff x16:fffffd6e
26851085ns          459857 1c0094d8 03c50533 mul              x10, x10, x28       x10=fffff78e x10:ffffffd2 x28:0000002f
26851105ns          459858 1c0094dc 07015e03 lhu              x28, 112(x2)        x28=0000001e  x2:100014d8  PA:10001548
26851144ns          459860 1c0094e0 01b60633 add              x12, x12, x27       x12=000005e9 x12:000000dc x27:0000050d
26851164ns          459861 1c0094e2 00980833 add              x16, x16, x9        x16=0000fff6 x16:ffffffff  x9:0000fff7
26851184ns          459862 1c0094e4 06015d83 lhu              x27, 96(x2)         x27=0000005a  x2:100014d8  PA:10001538
26851204ns          459863 1c0094e8 02812483 lw               x9, 40(x2)           x9=1c002ec4  x2:100014d8  PA:10001500
26851224ns          459864 1c0094ea 40afdf93 srai             x31, x31, 0x40a     x31=00000002 x31:000008a1
26851244ns          459865 1c0094ee 40a55513 srai             x10, x10, 0x40a     x10=fffffffd x10:fffff78e
26851264ns          459866 1c0094f0 01cf8fb3 add              x31, x31, x28       x31=00000020 x31:00000002 x28:0000001e
26851284ns          459867 1c0094f2 00b50533 add              x10, x10, x11       x10=0000ffe2 x10:fffffffd x11:0000ffe5
26851303ns          459868 1c0094f4 09015e03 lhu              x28, 144(x2)        x28=0000ffc9  x2:100014d8  PA:10001568
26851323ns          459869 1c0094f8 03012583 lw               x11, 48(x2)         x11=1c002ed4  x2:100014d8  PA:10001508
26851343ns          459870 1c0094fa 00c49023 sh               x12, 0(x9)          x12:000005e9  x9:1c002ec4  PA:1c002ec4
26851661ns          459886 1c0094fe 01b888b3 add              x17, x17, x27       x17=00000064 x17:0000000a x27:0000005a
26851681ns          459887 1c009500 01a30333 add              x6, x6, x26          x6=0000015e  x6:0000002f x26:0000012f
26851701ns          459888 1c009502 08015d83 lhu              x27, 128(x2)        x27=0000000a  x2:100014d8  PA:10001558
26851721ns          459889 1c009506 0000d903 lhu              x18, 0(x1)          x18=0000ffb1  x1:1c002e84  PA:1c002e84
26852039ns          459905 1c00950a 01c686b3 add              x13, x13, x28       x13=0001ffbb x13:0000fff2 x28:0000ffc9
26852059ns          459906 1c00950c 00659023 sh               x6, 0(x11)           x6:0000015e x11:1c002ed4  PA:1c002ed4
26852397ns          459923 1c009510 40af5f13 srai             x30, x30, 0x40a     x30=00000000 x30:000001d6
26852417ns          459924 1c009514 04812e03 lw               x28, 72(x2)         x28=1c002f04  x2:100014d8  PA:10001520
26852437ns          459925 1c009516 01bf0f33 add              x30, x30, x27       x30=0000000a x30:00000000 x27:0000000a
26852457ns          459926 1c009518 40aede93 srai             x29, x29, 0x40a     x29=fffffffc x29:fffff3f8
26852477ns          459927 1c00951c 40a75713 srai             x14, x14, 0x40a     x14=fffffff6 x14:ffffd878
26852497ns          459928 1c00951e 03812603 lw               x12, 56(x2)         x12=1c002ee4  x2:100014d8  PA:10001510
26852517ns          459929 1c009520 04012d83 lw               x27, 64(x2)         x27=1c002ef4  x2:100014d8  PA:10001518
26852536ns          459930 1c009522 01ee1023 sh               x30, 0(x28)         x30:0000000a x28:1c002f04  PA:1c002f04
26852855ns          459946 1c009526 05812483 lw               x9, 88(x2)           x9=1c002e64  x2:100014d8  PA:10001530
26852875ns          459947 1c009528 05012f03 lw               x30, 80(x2)         x30=1c002e74  x2:100014d8  PA:10001528
26852894ns          459948 1c00952a 0a012583 lw               x11, 160(x2)        x11=1c002e94  x2:100014d8  PA:10001578
26852914ns          459949 1c00952c 014787b3 add              x15, x15, x20       x15=0001feaa x15:0000ffd2 x20:0000fed8
26852934ns          459950 1c00952e 013e8eb3 add              x29, x29, x19       x29=0000ffe9 x29:fffffffc x19:0000ffed
26852954ns          459951 1c009530 01270733 add              x14, x14, x18       x14=0000ffa7 x14:fffffff6 x18:0000ffb1
26852974ns          459952 1c009532 00f49023 sh               x15, 0(x9)          x15:0001feaa  x9:1c002e64  PA:1c002e64
26853292ns          459968 1c009536 01161023 sh               x17, 0(x12)         x17:00000064 x12:1c002ee4  PA:1c002ee4
26853610ns          459984 1c00953a 01fd9023 sh               x31, 0(x27)         x31:00000020 x27:1c002ef4  PA:1c002ef4
26853968ns          460002 1c00953e 00df1023 sh               x13, 0(x30)         x13:0001ffbb x30:1c002e74  PA:1c002e74
26854287ns          460018 1c009542 01d59023 sh               x29, 0(x11)         x29:0000ffe9 x11:1c002e94  PA:1c002e94
26854605ns          460034 1c009546 00e09023 sh               x14, 0(x1)          x14:0000ffa7  x1:1c002e84  PA:1c002e84
26854923ns          460050 1c00954a 01039023 sh               x16, 0(x7)          x16:0000fff6  x7:1c002eb4  PA:1c002eb4
26855261ns          460067 1c00954e 00a29023 sh               x10, 0(x5)          x10:0000ffe2  x5:1c002ea4  PA:1c002ea4
26855579ns          460083 1c009552 008b0b13 addi             x22, x22, 8         x22=0000005a x22:00000052
26855599ns          460084 1c009554 1f300793 addi             x15, x0, 499        x15=000001f3
26855619ns          460085 1c009558 e767dae3 bge              x15, x22, -396      x15:000001f3 x22:0000005a
26855679ns          460088 1c0093cc 010c9a0b p.lh             x20, 16(x25!)       x20=fffffeaa x25=1c00274c x25:1c00273c  PA:1c00273c
26855997ns          460104 1c0093d0 0104198b p.lh             x19, 16(x8!)        x19=0000002d  x8=1c001f14  x8:1c001f04  PA:1c001f04
26856295ns          460119 1c0093d4 2cc10513 addi             x10, x2, 716        x10=100017a4  x2:100014d8
26856315ns          460120 1c0093d6 010a990b p.lh             x18, 16(x21!)       x18=fffffea1 x21=1c001740 x21:1c001730  PA:1c001730
26856653ns          460137 1c0093da 010b948b p.lh             x9, 16(x23!)         x9=00000051 x23=1c000f70 x23:1c000f60  PA:1c000f60
26856952ns          460152 1c0093de 2d411623 sh               x20, 716(x2)        x20:fffffeaa  x2:100014d8  PA:100017a4
26856971ns          460153 1c0093e2 2d311723 sh               x19, 718(x2)        x19:0000002d  x2:100014d8  PA:100017a6
26856991ns          460154 1c0093e6 c33ff0ef jal              x1, -974             x1=1c0093e8
26857031ns          460156 1c009018 00051803 lh               x16, 0(x10)         x16=fffffeaa x10:100017a4  PA:100017a4
26857051ns          460157 1c00901c 00251883 lh               x17, 2(x10)         x17=0000002d x10:100017a4  PA:100017a6
26857071ns          460158 1c009020 030806b3 mul              x13, x16, x16       x13=0001c8e4 x16:fffffeaa x16:fffffeaa
26857091ns          460159 1c009024 03188633 mul              x12, x17, x17       x12=000007e9 x17:0000002d x17:0000002d
26857111ns          460160 1c009028 40a65613 srai             x12, x12, 0x40a     x12=00000001 x12:000007e9
26857131ns          460161 1c00902a 40a6d693 srai             x13, x13, 0x40a     x13=00000072 x13:0001c8e4
26857150ns          460162 1c00902c 00c686b3 add              x13, x13, x12       x13=00000073 x13:00000072 x12:00000001
26857170ns          460163 1c00902e 1006c633 p.exths          x12, x13, x0        x12=00000073 x13:00000073
26857190ns          460164 1c009032 00855703 lhu              x14, 8(x10)         x14=0000ffd1 x10:100017a4  PA:100017ac
26857210ns          460165 1c009036 00a55683 lhu              x13, 10(x10)        x13=0000ff6a x10:100017a4  PA:100017ae
26857230ns          460166 1c00903a 02c60333 mul              x6, x12, x12         x6=000033a9 x12:00000073 x12:00000073
26857270ns          460168 1c00903e 00c55783 lhu              x15, 12(x10)        x15=0000ffe5 x10:100017a4  PA:100017b0
26857310ns          460170 1c009042 00e55583 lhu              x11, 14(x10)        x11=00000060 x10:100017a4  PA:100017b2
26857329ns          460171 1c009046 dea30333 p.extract        x6, x6, 15, 10       x6=0000000c  x6:000033a9
26857349ns          460172 1c00904a 80c7075b p.muls           x14, x14, x12       x14=ffffeae3 x14:0000ffd1 x12:00000073
26857369ns          460173 1c00904e 80c686db p.muls           x13, x13, x12       x13=ffffbc9e x13:0000ff6a x12:00000073
26857389ns          460174 1c009052 00455e83 lhu              x29, 4(x10)         x29=00000427 x10:100017a4  PA:100017a8
26857409ns          460175 1c009056 00655e03 lhu              x28, 6(x10)         x28=0000007f x10:100017a4  PA:100017aa
26857429ns          460176 1c00905a 40a75713 srai             x14, x14, 0x40a     x14=fffffffa x14:ffffeae3
26857449ns          460177 1c00905c 806787db p.muls           x15, x15, x6        x15=fffffebc x15:0000ffe5  x6:0000000c
26857489ns          460179 1c009060 40a6d693 srai             x13, x13, 0x40a     x13=ffffffef x13:ffffbc9e
26857528ns          460181 1c009062 8065865b p.muls           x12, x11, x6        x12=00000480 x11:00000060  x6:0000000c
26857548ns          460182 1c009066 40a7d793 srai             x15, x15, 0x40a     x15=ffffffff x15:fffffebc
26857568ns          460183 1c009068 40a65613 srai             x12, x12, 0x40a     x12=00000001 x12:00000480
26857588ns          460184 1c00906a 01d70733 add              x14, x14, x29       x14=00000421 x14:fffffffa x29:00000427
26857608ns          460185 1c00906c 01c686b3 add              x13, x13, x28       x13=0000006e x13:ffffffef x28:0000007f
26857628ns          460186 1c00906e 00c686b3 add              x13, x13, x12       x13=0000006f x13:0000006e x12:00000001
26857648ns          460187 1c009070 00f70733 add              x14, x14, x15       x14=00000420 x14:00000421 x15:ffffffff
26857668ns          460188 1c009072 100747b3 p.exths          x15, x14, x0        x15=00000420 x14:00000420
26857687ns          460189 1c009076 1006c733 p.exths          x14, x13, x0        x14=0000006f x13:0000006f
26857707ns          460190 1c00907a 03170633 mul              x12, x14, x17       x12=00001383 x14:0000006f x17:0000002d
26857727ns          460191 1c00907e 030786b3 mul              x13, x15, x16       x13=fffa7d40 x15:00000420 x16:fffffeaa
26857747ns          460192 1c009082 03070733 mul              x14, x14, x16       x14=ffff6bb6 x14:0000006f x16:fffffeaa
26857767ns          460193 1c009086 031787b3 mul              x15, x15, x17       x15=0000b9a0 x15:00000420 x17:0000002d
26857787ns          460194 1c00908a 40a6d693 srai             x13, x13, 0x40a     x13=fffffe9f x13:fffa7d40
26857807ns          460195 1c00908c 40a65613 srai             x12, x12, 0x40a     x12=00000004 x12:00001383
26857827ns          460196 1c00908e 40a7d793 srai             x15, x15, 0x40a     x15=0000002e x15:0000b9a0
26857847ns          460197 1c009090 40a75713 srai             x14, x14, 0x40a     x14=ffffffda x14:ffff6bb6
26857866ns          460198 1c009092 40c686b3 sub              x13, x13, x12       x13=fffffe9b x13:fffffe9f x12:00000004
26857886ns          460199 1c009094 00e787b3 add              x15, x15, x14       x15=00000008 x15:0000002e x14:ffffffda
26857906ns          460200 1c009096 00d51823 sh               x13, 16(x10)        x13:fffffe9b x10:100017a4  PA:100017b4
26857926ns          460201 1c00909a 00f51923 sh               x15, 18(x10)        x15:00000008 x10:100017a4  PA:100017b6
26857946ns          460202 1c00909e 00008067 jalr             x0, x1, 0            x1:1c0093e8
26858065ns          460208 1c0093e8 2dc15583 lhu              x11, 732(x2)        x11=0000fe9b  x2:100014d8  PA:100017b4
26858105ns          460210 1c0093ec 2de15783 lhu              x15, 734(x2)        x15=00000008  x2:100014d8  PA:100017b6
26858145ns          460212 1c0093f0 40b90933 sub              x18, x18, x11       x18=ffff0006 x18:fffffea1 x11:0000fe9b
26858165ns          460213 1c0093f4 40f484b3 sub              x9, x9, x15          x9=00000049  x9:00000051 x15:00000008
26858185ns          460214 1c0093f6 100945b3 p.exths          x11, x18, x0        x11=00000006 x18:ffff0006
26858205ns          460215 1c0093fa 1004c7b3 p.exths          x15, x9, x0         x15=00000049  x9:00000049
26858224ns          460216 1c0093fe 034586b3 mul              x13, x11, x20       x13=fffff7fc x11:00000006 x20:fffffeaa
26858244ns          460217 1c009402 03378533 mul              x10, x15, x19       x10=00000cd5 x15:00000049 x19:0000002d
26858264ns          460218 1c009406 034a0633 mul              x12, x20, x20       x12=0001c8e4 x20:fffffeaa x20:fffffeaa
26858284ns          460219 1c00940a 03398733 mul              x14, x19, x19       x14=000007e9 x19:0000002d x19:0000002d
26858324ns          460221 1c00940e 034787b3 mul              x15, x15, x20       x15=ffff9e7a x15:00000049 x20:fffffeaa
26858364ns          460223 1c009412 033585b3 mul              x11, x11, x19       x11=0000010e x11:00000006 x19:0000002d
26858384ns          460224 1c009416 40a75713 srai             x14, x14, 0x40a     x14=00000001 x14:000007e9
26858403ns          460225 1c009418 40a5d593 srai             x11, x11, 0x40a     x11=00000000 x11:0000010e
26858423ns          460226 1c00941a 40a65613 srai             x12, x12, 0x40a     x12=00000072 x12:0001c8e4
26858443ns          460227 1c00941c 40a7d793 srai             x15, x15, 0x40a     x15=ffffffe7 x15:ffff9e7a
26858463ns          460228 1c00941e 1c0034b7 lui              x9, 0x1c003000       x9=1c003000
26858483ns          460229 1c009422 00e60633 add              x12, x12, x14       x12=00000073 x12:00000072 x14:00000001
26858503ns          460230 1c009424 40b787b3 sub              x15, x15, x11       x15=ffffffe7 x15:ffffffe7 x11:00000000
26858523ns          460231 1c009426 eb048493 addi             x9, x9, -336         x9=1c002eb0  x9:1c003000
26858543ns          460232 1c00942a 1c0032b7 lui              x5, 0x1c003000       x5=1c003000
26858563ns          460233 1c00942e 1c0035b7 lui              x11, 0x1c003000     x11=1c003000
26858582ns          460234 1c009432 018483b3 add              x7, x9, x24          x7=1c002eb4  x9:1c002eb0 x24:00000004
26858602ns          460235 1c009436 02812e83 lw               x29, 40(x2)         x29=1c002ec4  x2:100014d8  PA:10001500
26858622ns          460236 1c009438 10065633 p.exthz          x12, x12, x0        x12=00000073 x12:00000073
26858642ns          460237 1c00943c e8028293 addi             x5, x5, -384         x5=1c002e80  x5:1c003000
26858662ns          460238 1c009440 ea058593 addi             x11, x11, -352      x11=1c002ea0 x11:1c003000
26858682ns          460239 1c009444 03812483 lw               x9, 56(x2)           x9=1c002ee4  x2:100014d8  PA:10001510
26858702ns          460240 1c009446 10064733 p.exths          x14, x12, x0        x14=00000073 x12:00000073
26858722ns          460241 1c00944a 018280b3 add              x1, x5, x24          x1=1c002e84  x5:1c002e80 x24:00000004
26858742ns          460242 1c00944e 03012f03 lw               x30, 48(x2)         x30=1c002ed4  x2:100014d8  PA:10001508
26858761ns          460243 1c009450 018582b3 add              x5, x11, x24         x5=1c002ea4 x11:1c002ea0 x24:00000004
26858801ns          460245 1c009454 04012583 lw               x11, 64(x2)         x11=1c002ef4  x2:100014d8  PA:10001518
26858821ns          460246 1c009456 000edd83 lhu              x27, 0(x29)         x27=000005e9 x29:1c002ec4  PA:1c002ec4
26859119ns          460261 1c00945a 0004d483 lhu              x9, 0(x9)            x9=00000064  x9:1c002ee4  PA:1c002ee4
26859418ns          460276 1c00945e 02e70333 mul              x6, x14, x14         x6=000033a9 x14:00000073 x14:00000073
26859438ns          460277 1c009462 40a55513 srai             x10, x10, 0x40a     x10=00000003 x10:00000cd5
26859457ns          460278 1c009464 04812e83 lw               x29, 72(x2)         x29=1c002f04  x2:100014d8  PA:10001520
26859477ns          460279 1c009466 40a6d693 srai             x13, x13, 0x40a     x13=fffffffd x13:fffff7fc
26859497ns          460280 1c009468 000f5d03 lhu              x26, 0(x30)         x26=0000015e x30:1c002ed4  PA:1c002ed4
26859796ns          460295 1c00946c 0005d583 lhu              x11, 0(x11)         x11=00000020 x11:1c002ef4  PA:1c002ef4
26860114ns          460311 1c009470 40a35313 srai             x6, x6, 0x40a        x6=0000000c  x6:000033a9
26860134ns          460312 1c009474 00a686b3 add              x13, x13, x10       x13=00000000 x13:fffffffd x10:00000003
26860154ns          460313 1c009476 05012f03 lw               x30, 80(x2)         x30=1c002e74  x2:100014d8  PA:10001528
26860173ns          460314 1c009478 10034e33 p.exths          x28, x6, x0         x28=0000000c  x6:0000000c
26860193ns          460315 1c00947c 06911023 sh               x9, 96(x2)           x9:00000064  x2:100014d8  PA:10001538
26860213ns          460316 1c009480 000ede83 lhu              x29, 0(x29)         x29=0000000a x29:1c002f04  PA:1c002f04
26860591ns          460335 1c009484 05812483 lw               x9, 88(x2)           x9=1c002e64  x2:100014d8  PA:10001530
26860611ns          460336 1c009486 1006d6b3 p.exthz          x13, x13, x0        x13=00000000 x13:00000000
26860631ns          460337 1c00948a 02ee08b3 mul              x17, x28, x14       x17=00000564 x28:0000000c x14:00000073
26860651ns          460338 1c00948e 1006c833 p.exths          x16, x13, x0        x16=00000000 x13:00000000
26860671ns          460339 1c009492 06b11823 sh               x11, 112(x2)        x11:00000020  x2:100014d8  PA:10001548
26860691ns          460340 1c009496 000f5f03 lhu              x30, 0(x30)         x30=0000ffbb x30:1c002e74  PA:1c002e74
26860989ns          460355 1c00949a 0a012583 lw               x11, 160(x2)        x11=1c002e94  x2:100014d8  PA:10001578
26861009ns          460356 1c00949c 1007d7b3 p.exthz          x15, x15, x0        x15=0000ffe7 x15:ffffffe7
26861029ns          460357 1c0094a0 0004da03 lhu              x20, 0(x9)          x20=0000feaa  x9:1c002e64  PA:1c002e64
26861327ns          460372 1c0094a4 1007c533 p.exths          x10, x15, x0        x10=ffffffe7 x15:0000ffe7
26861347ns          460373 1c0094a8 09d11023 sh               x29, 128(x2)        x29:0000000a  x2:100014d8  PA:10001558
26861367ns          460374 1c0094ac 0003d483 lhu              x9, 0(x7)            x9=0000fff6  x7:1c002eb4  PA:1c002eb4
26861804ns          460396 1c0094b0 02e80eb3 mul              x29, x16, x14       x29=00000000 x16:00000000 x14:00000073
26861824ns          460397 1c0094b4 40a8d893 srai             x17, x17, 0x40a     x17=00000001 x17:00000564
26861844ns          460398 1c0094b8 03c80833 mul              x16, x16, x28       x16=00000000 x16:00000000 x28:0000000c
26861864ns          460399 1c0094bc 09e11823 sh               x30, 144(x2)        x30:0000ffbb  x2:100014d8  PA:10001568
26861884ns          460400 1c0094c0 0005d983 lhu              x19, 0(x11)         x19=0000ffe9 x11:1c002e94  PA:1c002e94
26862222ns          460417 1c0094c4 81c88f5b p.muls           x30, x17, x28       x30=0000000c x17:00000001 x28:0000000c
26862242ns          460418 1c0094c8 0002d583 lhu              x11, 0(x5)          x11=0000ffe2  x5:1c002ea4  PA:1c002ea4
26862540ns          460433 1c0094cc 03ce0fb3 mul              x31, x28, x28       x31=00000090 x28:0000000c x28:0000000c
26862560ns          460434 1c0094d0 02e50733 mul              x14, x10, x14       x14=fffff4c5 x10:ffffffe7 x14:00000073
26862580ns          460435 1c0094d4 40a85813 srai             x16, x16, 0x40a     x16=00000000 x16:00000000
26862600ns          460436 1c0094d8 03c50533 mul              x10, x10, x28       x10=fffffed4 x10:ffffffe7 x28:0000000c
26862620ns          460437 1c0094dc 07015e03 lhu              x28, 112(x2)        x28=00000020  x2:100014d8  PA:10001548
26862659ns          460439 1c0094e0 01b60633 add              x12, x12, x27       x12=0000065c x12:00000073 x27:000005e9
26862679ns          460440 1c0094e2 00980833 add              x16, x16, x9        x16=0000fff6 x16:00000000  x9:0000fff6
26862699ns          460441 1c0094e4 06015d83 lhu              x27, 96(x2)         x27=00000064  x2:100014d8  PA:10001538
26862719ns          460442 1c0094e8 02812483 lw               x9, 40(x2)           x9=1c002ec4  x2:100014d8  PA:10001500
26862739ns          460443 1c0094ea 40afdf93 srai             x31, x31, 0x40a     x31=00000000 x31:00000090
26862759ns          460444 1c0094ee 40a55513 srai             x10, x10, 0x40a     x10=ffffffff x10:fffffed4
26862779ns          460445 1c0094f0 01cf8fb3 add              x31, x31, x28       x31=00000020 x31:00000000 x28:00000020
26862799ns          460446 1c0094f2 00b50533 add              x10, x10, x11       x10=0000ffe1 x10:ffffffff x11:0000ffe2
26862819ns          460447 1c0094f4 09015e03 lhu              x28, 144(x2)        x28=0000ffbb  x2:100014d8  PA:10001568
26862838ns          460448 1c0094f8 03012583 lw               x11, 48(x2)         x11=1c002ed4  x2:100014d8  PA:10001508
26862858ns          460449 1c0094fa 00c49023 sh               x12, 0(x9)          x12:0000065c  x9:1c002ec4  PA:1c002ec4
26863196ns          460466 1c0094fe 01b888b3 add              x17, x17, x27       x17=00000065 x17:00000001 x27:00000064
26863216ns          460467 1c009500 01a30333 add              x6, x6, x26          x6=0000016a  x6:0000000c x26:0000015e
26863236ns          460468 1c009502 08015d83 lhu              x27, 128(x2)        x27=0000000a  x2:100014d8  PA:10001558
26863256ns          460469 1c009506 0000d903 lhu              x18, 0(x1)          x18=0000ffa7  x1:1c002e84  PA:1c002e84
26863554ns          460484 1c00950a 01c686b3 add              x13, x13, x28       x13=0000ffbb x13:00000000 x28:0000ffbb
26863574ns          460485 1c00950c 00659023 sh               x6, 0(x11)           x6:0000016a x11:1c002ed4  PA:1c002ed4
26863893ns          460501 1c009510 40af5f13 srai             x30, x30, 0x40a     x30=00000000 x30:0000000c
26863912ns          460502 1c009514 04812e03 lw               x28, 72(x2)         x28=1c002f04  x2:100014d8  PA:10001520
26863932ns          460503 1c009516 01bf0f33 add              x30, x30, x27       x30=0000000a x30:00000000 x27:0000000a
26863952ns          460504 1c009518 40aede93 srai             x29, x29, 0x40a     x29=00000000 x29:00000000
26863972ns          460505 1c00951c 40a75713 srai             x14, x14, 0x40a     x14=fffffffd x14:fffff4c5
26863992ns          460506 1c00951e 03812603 lw               x12, 56(x2)         x12=1c002ee4  x2:100014d8  PA:10001510
26864012ns          460507 1c009520 04012d83 lw               x27, 64(x2)         x27=1c002ef4  x2:100014d8  PA:10001518
26864032ns          460508 1c009522 01ee1023 sh               x30, 0(x28)         x30:0000000a x28:1c002f04  PA:1c002f04
26864390ns          460526 1c009526 05812483 lw               x9, 88(x2)           x9=1c002e64  x2:100014d8  PA:10001530
26864410ns          460527 1c009528 05012f03 lw               x30, 80(x2)         x30=1c002e74  x2:100014d8  PA:10001528
26864429ns          460528 1c00952a 0a012583 lw               x11, 160(x2)        x11=1c002e94  x2:100014d8  PA:10001578
26864449ns          460529 1c00952c 014787b3 add              x15, x15, x20       x15=0001fe91 x15:0000ffe7 x20:0000feaa
26864469ns          460530 1c00952e 013e8eb3 add              x29, x29, x19       x29=0000ffe9 x29:00000000 x19:0000ffe9
26864489ns          460531 1c009530 01270733 add              x14, x14, x18       x14=0000ffa4 x14:fffffffd x18:0000ffa7
26864509ns          460532 1c009532 00f49023 sh               x15, 0(x9)          x15:0001fe91  x9:1c002e64  PA:1c002e64
26864827ns          460548 1c009536 01161023 sh               x17, 0(x12)         x17:00000065 x12:1c002ee4  PA:1c002ee4
26865145ns          460564 1c00953a 01fd9023 sh               x31, 0(x27)         x31:00000020 x27:1c002ef4  PA:1c002ef4
26865503ns          460582 1c00953e 00df1023 sh               x13, 0(x30)         x13:0000ffbb x30:1c002e74  PA:1c002e74
26865842ns          460599 1c009542 01d59023 sh               x29, 0(x11)         x29:0000ffe9 x11:1c002e94  PA:1c002e94
26866160ns          460615 1c009546 00e09023 sh               x14, 0(x1)          x14:0000ffa4  x1:1c002e84  PA:1c002e84
26866478ns          460631 1c00954a 01039023 sh               x16, 0(x7)          x16:0000fff6  x7:1c002eb4  PA:1c002eb4
26866796ns          460647 1c00954e 00a29023 sh               x10, 0(x5)          x10:0000ffe1  x5:1c002ea4  PA:1c002ea4
26867134ns          460664 1c009552 008b0b13 addi             x22, x22, 8         x22=00000062 x22:0000005a
26867154ns          460665 1c009554 1f300793 addi             x15, x0, 499        x15=000001f3
26867174ns          460666 1c009558 e767dae3 bge              x15, x22, -396      x15:000001f3 x22:00000062
26867273ns          460671 1c0093cc 010c9a0b p.lh             x20, 16(x25!)       x20=0000015d x25=1c00275c x25:1c00274c  PA:1c00274c
26867592ns          460687 1c0093d0 0104198b p.lh             x19, 16(x8!)        x19=fffffe9e  x8=1c001f24  x8:1c001f14  PA:1c001f14
26867890ns          460702 1c0093d4 2cc10513 addi             x10, x2, 716        x10=100017a4  x2:100014d8
26867910ns          460703 1c0093d6 010a990b p.lh             x18, 16(x21!)       x18=0000011c x21=1c001750 x21:1c001740  PA:1c001740
26868208ns          460718 1c0093da 010b948b p.lh             x9, 16(x23!)         x9=fffffe6d x23=1c000f80 x23:1c000f70  PA:1c000f70
26868526ns          460734 1c0093de 2d411623 sh               x20, 716(x2)        x20:0000015d  x2:100014d8  PA:100017a4
26868546ns          460735 1c0093e2 2d311723 sh               x19, 718(x2)        x19:fffffe9e  x2:100014d8  PA:100017a6
26868566ns          460736 1c0093e6 c33ff0ef jal              x1, -974             x1=1c0093e8
26868646ns          460740 1c009018 00051803 lh               x16, 0(x10)         x16=0000015d x10:100017a4  PA:100017a4
26868686ns          460742 1c00901c 00251883 lh               x17, 2(x10)         x17=fffffe9e x10:100017a4  PA:100017a6
26868745ns          460745 1c009020 030806b3 mul              x13, x16, x16       x13=0001dbc9 x16:0000015d x16:0000015d
26868785ns          460747 1c009024 03188633 mul              x12, x17, x17       x12=0001e984 x17:fffffe9e x17:fffffe9e
26868805ns          460748 1c009028 40a65613 srai             x12, x12, 0x40a     x12=0000007a x12:0001e984
26868825ns          460749 1c00902a 40a6d693 srai             x13, x13, 0x40a     x13=00000076 x13:0001dbc9
26868845ns          460750 1c00902c 00c686b3 add              x13, x13, x12       x13=000000f0 x13:00000076 x12:0000007a
26868865ns          460751 1c00902e 1006c633 p.exths          x12, x13, x0        x12=000000f0 x13:000000f0
26868884ns          460752 1c009032 00855703 lhu              x14, 8(x10)         x14=0000ffd1 x10:100017a4  PA:100017ac
26868904ns          460753 1c009036 00a55683 lhu              x13, 10(x10)        x13=0000ff6a x10:100017a4  PA:100017ae
26868924ns          460754 1c00903a 02c60333 mul              x6, x12, x12         x6=0000e100 x12:000000f0 x12:000000f0
26868944ns          460755 1c00903e 00c55783 lhu              x15, 12(x10)        x15=0000ffe5 x10:100017a4  PA:100017b0
26868964ns          460756 1c009042 00e55583 lhu              x11, 14(x10)        x11=00000060 x10:100017a4  PA:100017b2
26868984ns          460757 1c009046 dea30333 p.extract        x6, x6, 15, 10       x6=00000038  x6:0000e100
26869004ns          460758 1c00904a 80c7075b p.muls           x14, x14, x12       x14=ffffd3f0 x14:0000ffd1 x12:000000f0
26869024ns          460759 1c00904e 80c686db p.muls           x13, x13, x12       x13=ffff7360 x13:0000ff6a x12:000000f0
26869044ns          460760 1c009052 00455e83 lhu              x29, 4(x10)         x29=00000427 x10:100017a4  PA:100017a8
26869063ns          460761 1c009056 00655e03 lhu              x28, 6(x10)         x28=0000007f x10:100017a4  PA:100017aa
26869083ns          460762 1c00905a 40a75713 srai             x14, x14, 0x40a     x14=fffffff4 x14:ffffd3f0
26869103ns          460763 1c00905c 806787db p.muls           x15, x15, x6        x15=fffffa18 x15:0000ffe5  x6:00000038
26869123ns          460764 1c009060 40a6d693 srai             x13, x13, 0x40a     x13=ffffffdc x13:ffff7360
26869143ns          460765 1c009062 8065865b p.muls           x12, x11, x6        x12=00001500 x11:00000060  x6:00000038
26869163ns          460766 1c009066 40a7d793 srai             x15, x15, 0x40a     x15=fffffffe x15:fffffa18
26869183ns          460767 1c009068 40a65613 srai             x12, x12, 0x40a     x12=00000005 x12:00001500
26869203ns          460768 1c00906a 01d70733 add              x14, x14, x29       x14=0000041b x14:fffffff4 x29:00000427
26869222ns          460769 1c00906c 01c686b3 add              x13, x13, x28       x13=0000005b x13:ffffffdc x28:0000007f
26869242ns          460770 1c00906e 00c686b3 add              x13, x13, x12       x13=00000060 x13:0000005b x12:00000005
26869262ns          460771 1c009070 00f70733 add              x14, x14, x15       x14=00000419 x14:0000041b x15:fffffffe
26869282ns          460772 1c009072 100747b3 p.exths          x15, x14, x0        x15=00000419 x14:00000419
26869302ns          460773 1c009076 1006c733 p.exths          x14, x13, x0        x14=00000060 x13:00000060
26869322ns          460774 1c00907a 03170633 mul              x12, x14, x17       x12=ffff7b40 x14:00000060 x17:fffffe9e
26869342ns          460775 1c00907e 030786b3 mul              x13, x15, x16       x13=00059615 x15:00000419 x16:0000015d
26869362ns          460776 1c009082 03070733 mul              x14, x14, x16       x14=000082e0 x14:00000060 x16:0000015d
26869382ns          460777 1c009086 031787b3 mul              x15, x15, x17       x15=fffa556e x15:00000419 x17:fffffe9e
26869401ns          460778 1c00908a 40a6d693 srai             x13, x13, 0x40a     x13=00000165 x13:00059615
26869421ns          460779 1c00908c 40a65613 srai             x12, x12, 0x40a     x12=ffffffde x12:ffff7b40
26869441ns          460780 1c00908e 40a7d793 srai             x15, x15, 0x40a     x15=fffffe95 x15:fffa556e
26869461ns          460781 1c009090 40a75713 srai             x14, x14, 0x40a     x14=00000020 x14:000082e0
26869481ns          460782 1c009092 40c686b3 sub              x13, x13, x12       x13=00000187 x13:00000165 x12:ffffffde
26869501ns          460783 1c009094 00e787b3 add              x15, x15, x14       x15=fffffeb5 x15:fffffe95 x14:00000020
26869521ns          460784 1c009096 00d51823 sh               x13, 16(x10)        x13:00000187 x10:100017a4  PA:100017b4
26869541ns          460785 1c00909a 00f51923 sh               x15, 18(x10)        x15:fffffeb5 x10:100017a4  PA:100017b6
26869561ns          460786 1c00909e 00008067 jalr             x0, x1, 0            x1:1c0093e8
26869640ns          460790 1c0093e8 2dc15583 lhu              x11, 732(x2)        x11=00000187  x2:100014d8  PA:100017b4
26869660ns          460791 1c0093ec 2de15783 lhu              x15, 734(x2)        x15=0000feb5  x2:100014d8  PA:100017b6
26869680ns          460792 1c0093f0 40b90933 sub              x18, x18, x11       x18=ffffff95 x18:0000011c x11:00000187
26869700ns          460793 1c0093f4 40f484b3 sub              x9, x9, x15          x9=fffeffb8  x9:fffffe6d x15:0000feb5
26869720ns          460794 1c0093f6 100945b3 p.exths          x11, x18, x0        x11=ffffff95 x18:ffffff95
26869740ns          460795 1c0093fa 1004c7b3 p.exths          x15, x9, x0         x15=ffffffb8  x9:fffeffb8
26869759ns          460796 1c0093fe 034586b3 mul              x13, x11, x20       x13=ffff6e21 x11:ffffff95 x20:0000015d
26869779ns          460797 1c009402 03378533 mul              x10, x15, x19       x10=00006390 x15:ffffffb8 x19:fffffe9e
26869799ns          460798 1c009406 034a0633 mul              x12, x20, x20       x12=0001dbc9 x20:0000015d x20:0000015d
26869819ns          460799 1c00940a 03398733 mul              x14, x19, x19       x14=0001e984 x19:fffffe9e x19:fffffe9e
26869839ns          460800 1c00940e 034787b3 mul              x15, x15, x20       x15=ffff9dd8 x15:ffffffb8 x20:0000015d
26869859ns          460801 1c009412 033585b3 mul              x11, x11, x19       x11=000093f6 x11:ffffff95 x19:fffffe9e
26869879ns          460802 1c009416 40a75713 srai             x14, x14, 0x40a     x14=0000007a x14:0001e984
26869899ns          460803 1c009418 40a5d593 srai             x11, x11, 0x40a     x11=00000024 x11:000093f6
26869919ns          460804 1c00941a 40a65613 srai             x12, x12, 0x40a     x12=00000076 x12:0001dbc9
26869938ns          460805 1c00941c 40a7d793 srai             x15, x15, 0x40a     x15=ffffffe7 x15:ffff9dd8
26869958ns          460806 1c00941e 1c0034b7 lui              x9, 0x1c003000       x9=1c003000
26869978ns          460807 1c009422 00e60633 add              x12, x12, x14       x12=000000f0 x12:00000076 x14:0000007a
26869998ns          460808 1c009424 40b787b3 sub              x15, x15, x11       x15=ffffffc3 x15:ffffffe7 x11:00000024
26870018ns          460809 1c009426 eb048493 addi             x9, x9, -336         x9=1c002eb0  x9:1c003000
26870038ns          460810 1c00942a 1c0032b7 lui              x5, 0x1c003000       x5=1c003000
26870058ns          460811 1c00942e 1c0035b7 lui              x11, 0x1c003000     x11=1c003000
26870078ns          460812 1c009432 018483b3 add              x7, x9, x24          x7=1c002eb4  x9:1c002eb0 x24:00000004
26870098ns          460813 1c009436 02812e83 lw               x29, 40(x2)         x29=1c002ec4  x2:100014d8  PA:10001500
26870117ns          460814 1c009438 10065633 p.exthz          x12, x12, x0        x12=000000f0 x12:000000f0
26870137ns          460815 1c00943c e8028293 addi             x5, x5, -384         x5=1c002e80  x5:1c003000
26870157ns          460816 1c009440 ea058593 addi             x11, x11, -352      x11=1c002ea0 x11:1c003000
26870177ns          460817 1c009444 03812483 lw               x9, 56(x2)           x9=1c002ee4  x2:100014d8  PA:10001510
26870197ns          460818 1c009446 10064733 p.exths          x14, x12, x0        x14=000000f0 x12:000000f0
26870217ns          460819 1c00944a 018280b3 add              x1, x5, x24          x1=1c002e84  x5:1c002e80 x24:00000004
26870237ns          460820 1c00944e 03012f03 lw               x30, 48(x2)         x30=1c002ed4  x2:100014d8  PA:10001508
26870257ns          460821 1c009450 018582b3 add              x5, x11, x24         x5=1c002ea4 x11:1c002ea0 x24:00000004
26870277ns          460822 1c009454 04012583 lw               x11, 64(x2)         x11=1c002ef4  x2:100014d8  PA:10001518
26870296ns          460823 1c009456 000edd83 lhu              x27, 0(x29)         x27=0000065c x29:1c002ec4  PA:1c002ec4
26870615ns          460839 1c00945a 0004d483 lhu              x9, 0(x9)            x9=00000065  x9:1c002ee4  PA:1c002ee4
26870913ns          460854 1c00945e 02e70333 mul              x6, x14, x14         x6=0000e100 x14:000000f0 x14:000000f0
26870933ns          460855 1c009462 40a55513 srai             x10, x10, 0x40a     x10=00000018 x10:00006390
26870953ns          460856 1c009464 04812e83 lw               x29, 72(x2)         x29=1c002f04  x2:100014d8  PA:10001520
26870973ns          460857 1c009466 40a6d693 srai             x13, x13, 0x40a     x13=ffffffdb x13:ffff6e21
26870993ns          460858 1c009468 000f5d03 lhu              x26, 0(x30)         x26=0000016a x30:1c002ed4  PA:1c002ed4
26871291ns          460873 1c00946c 0005d583 lhu              x11, 0(x11)         x11=00000020 x11:1c002ef4  PA:1c002ef4
26871589ns          460888 1c009470 40a35313 srai             x6, x6, 0x40a        x6=00000038  x6:0000e100
26871609ns          460889 1c009474 00a686b3 add              x13, x13, x10       x13=fffffff3 x13:ffffffdb x10:00000018
26871629ns          460890 1c009476 05012f03 lw               x30, 80(x2)         x30=1c002e74  x2:100014d8  PA:10001528
26871649ns          460891 1c009478 10034e33 p.exths          x28, x6, x0         x28=00000038  x6:00000038
26871669ns          460892 1c00947c 06911023 sh               x9, 96(x2)           x9:00000065  x2:100014d8  PA:10001538
26871689ns          460893 1c009480 000ede83 lhu              x29, 0(x29)         x29=0000000a x29:1c002f04  PA:1c002f04
26871987ns          460908 1c009484 05812483 lw               x9, 88(x2)           x9=1c002e64  x2:100014d8  PA:10001530
26872007ns          460909 1c009486 1006d6b3 p.exthz          x13, x13, x0        x13=0000fff3 x13:fffffff3
26872027ns          460910 1c00948a 02ee08b3 mul              x17, x28, x14       x17=00003480 x28:00000038 x14:000000f0
26872047ns          460911 1c00948e 1006c833 p.exths          x16, x13, x0        x16=fffffff3 x13:0000fff3
26872066ns          460912 1c009492 06b11823 sh               x11, 112(x2)        x11:00000020  x2:100014d8  PA:10001548
26872086ns          460913 1c009496 000f5f03 lhu              x30, 0(x30)         x30=0000ffbb x30:1c002e74  PA:1c002e74
26872405ns          460929 1c00949a 0a012583 lw               x11, 160(x2)        x11=1c002e94  x2:100014d8  PA:10001578
26872424ns          460930 1c00949c 1007d7b3 p.exthz          x15, x15, x0        x15=0000ffc3 x15:ffffffc3
26872444ns          460931 1c0094a0 0004da03 lhu              x20, 0(x9)          x20=0000fe91  x9:1c002e64  PA:1c002e64
26872743ns          460946 1c0094a4 1007c533 p.exths          x10, x15, x0        x10=ffffffc3 x15:0000ffc3
26872763ns          460947 1c0094a8 09d11023 sh               x29, 128(x2)        x29:0000000a  x2:100014d8  PA:10001558
26872782ns          460948 1c0094ac 0003d483 lhu              x9, 0(x7)            x9=0000fff6  x7:1c002eb4  PA:1c002eb4
26873140ns          460966 1c0094b0 02e80eb3 mul              x29, x16, x14       x29=fffff3d0 x16:fffffff3 x14:000000f0
26873160ns          460967 1c0094b4 40a8d893 srai             x17, x17, 0x40a     x17=0000000d x17:00003480
26873180ns          460968 1c0094b8 03c80833 mul              x16, x16, x28       x16=fffffd28 x16:fffffff3 x28:00000038
26873200ns          460969 1c0094bc 09e11823 sh               x30, 144(x2)        x30:0000ffbb  x2:100014d8  PA:10001568
26873220ns          460970 1c0094c0 0005d983 lhu              x19, 0(x11)         x19=0000ffe9 x11:1c002e94  PA:1c002e94
26873538ns          460986 1c0094c4 81c88f5b p.muls           x30, x17, x28       x30=000002d8 x17:0000000d x28:00000038
26873558ns          460987 1c0094c8 0002d583 lhu              x11, 0(x5)          x11=0000ffe1  x5:1c002ea4  PA:1c002ea4
26873856ns          461002 1c0094cc 03ce0fb3 mul              x31, x28, x28       x31=00000c40 x28:00000038 x28:00000038
26873876ns          461003 1c0094d0 02e50733 mul              x14, x10, x14       x14=ffffc6d0 x10:ffffffc3 x14:000000f0
26873896ns          461004 1c0094d4 40a85813 srai             x16, x16, 0x40a     x16=ffffffff x16:fffffd28
26873916ns          461005 1c0094d8 03c50533 mul              x10, x10, x28       x10=fffff2a8 x10:ffffffc3 x28:00000038
26873936ns          461006 1c0094dc 07015e03 lhu              x28, 112(x2)        x28=00000020  x2:100014d8  PA:10001548
26873956ns          461007 1c0094e0 01b60633 add              x12, x12, x27       x12=0000074c x12:000000f0 x27:0000065c
26873976ns          461008 1c0094e2 00980833 add              x16, x16, x9        x16=0000fff5 x16:ffffffff  x9:0000fff6
26873996ns          461009 1c0094e4 06015d83 lhu              x27, 96(x2)         x27=00000065  x2:100014d8  PA:10001538
26874016ns          461010 1c0094e8 02812483 lw               x9, 40(x2)           x9=1c002ec4  x2:100014d8  PA:10001500
26874035ns          461011 1c0094ea 40afdf93 srai             x31, x31, 0x40a     x31=00000003 x31:00000c40
26874055ns          461012 1c0094ee 40a55513 srai             x10, x10, 0x40a     x10=fffffffc x10:fffff2a8
26874075ns          461013 1c0094f0 01cf8fb3 add              x31, x31, x28       x31=00000023 x31:00000003 x28:00000020
26874095ns          461014 1c0094f2 00b50533 add              x10, x10, x11       x10=0000ffdd x10:fffffffc x11:0000ffe1
26874115ns          461015 1c0094f4 09015e03 lhu              x28, 144(x2)        x28=0000ffbb  x2:100014d8  PA:10001568
26874135ns          461016 1c0094f8 03012583 lw               x11, 48(x2)         x11=1c002ed4  x2:100014d8  PA:10001508
26874155ns          461017 1c0094fa 00c49023 sh               x12, 0(x9)          x12:0000074c  x9:1c002ec4  PA:1c002ec4
26874473ns          461033 1c0094fe 01b888b3 add              x17, x17, x27       x17=00000072 x17:0000000d x27:00000065
26874493ns          461034 1c009500 01a30333 add              x6, x6, x26          x6=000001a2  x6:00000038 x26:0000016a
26874513ns          461035 1c009502 08015d83 lhu              x27, 128(x2)        x27=0000000a  x2:100014d8  PA:10001558
26874533ns          461036 1c009506 0000d903 lhu              x18, 0(x1)          x18=0000ffa4  x1:1c002e84  PA:1c002e84
26874910ns          461055 1c00950a 01c686b3 add              x13, x13, x28       x13=0001ffae x13:0000fff3 x28:0000ffbb
26874930ns          461056 1c00950c 00659023 sh               x6, 0(x11)           x6:000001a2 x11:1c002ed4  PA:1c002ed4
26875268ns          461073 1c009510 40af5f13 srai             x30, x30, 0x40a     x30=00000000 x30:000002d8
26875288ns          461074 1c009514 04812e03 lw               x28, 72(x2)         x28=1c002f04  x2:100014d8  PA:10001520
26875308ns          461075 1c009516 01bf0f33 add              x30, x30, x27       x30=0000000a x30:00000000 x27:0000000a
26875328ns          461076 1c009518 40aede93 srai             x29, x29, 0x40a     x29=fffffffc x29:fffff3d0
26875348ns          461077 1c00951c 40a75713 srai             x14, x14, 0x40a     x14=fffffff1 x14:ffffc6d0
26875368ns          461078 1c00951e 03812603 lw               x12, 56(x2)         x12=1c002ee4  x2:100014d8  PA:10001510
26875388ns          461079 1c009520 04012d83 lw               x27, 64(x2)         x27=1c002ef4  x2:100014d8  PA:10001518
26875408ns          461080 1c009522 01ee1023 sh               x30, 0(x28)         x30:0000000a x28:1c002f04  PA:1c002f04
26875746ns          461097 1c009526 05812483 lw               x9, 88(x2)           x9=1c002e64  x2:100014d8  PA:10001530
26875766ns          461098 1c009528 05012f03 lw               x30, 80(x2)         x30=1c002e74  x2:100014d8  PA:10001528
26875786ns          461099 1c00952a 0a012583 lw               x11, 160(x2)        x11=1c002e94  x2:100014d8  PA:10001578
26875805ns          461100 1c00952c 014787b3 add              x15, x15, x20       x15=0001fe54 x15:0000ffc3 x20:0000fe91
26875825ns          461101 1c00952e 013e8eb3 add              x29, x29, x19       x29=0000ffe5 x29:fffffffc x19:0000ffe9
26875845ns          461102 1c009530 01270733 add              x14, x14, x18       x14=0000ff95 x14:fffffff1 x18:0000ffa4
26875865ns          461103 1c009532 00f49023 sh               x15, 0(x9)          x15:0001fe54  x9:1c002e64  PA:1c002e64
26876183ns          461119 1c009536 01161023 sh               x17, 0(x12)         x17:00000072 x12:1c002ee4  PA:1c002ee4
26876502ns          461135 1c00953a 01fd9023 sh               x31, 0(x27)         x31:00000023 x27:1c002ef4  PA:1c002ef4
26876820ns          461151 1c00953e 00df1023 sh               x13, 0(x30)         x13:0001ffae x30:1c002e74  PA:1c002e74
26877138ns          461167 1c009542 01d59023 sh               x29, 0(x11)         x29:0000ffe5 x11:1c002e94  PA:1c002e94
26877456ns          461183 1c009546 00e09023 sh               x14, 0(x1)          x14:0000ff95  x1:1c002e84  PA:1c002e84
26877794ns          461200 1c00954a 01039023 sh               x16, 0(x7)          x16:0000fff5  x7:1c002eb4  PA:1c002eb4
26878112ns          461216 1c00954e 00a29023 sh               x10, 0(x5)          x10:0000ffdd  x5:1c002ea4  PA:1c002ea4
26878431ns          461232 1c009552 008b0b13 addi             x22, x22, 8         x22=0000006a x22:00000062
26878451ns          461233 1c009554 1f300793 addi             x15, x0, 499        x15=000001f3
26878470ns          461234 1c009558 e767dae3 bge              x15, x22, -396      x15:000001f3 x22:0000006a
26878530ns          461237 1c0093cc 010c9a0b p.lh             x20, 16(x25!)       x20=fffffd94 x25=1c00276c x25:1c00275c  PA:1c00275c
26878848ns          461253 1c0093d0 0104198b p.lh             x19, 16(x8!)        x19=ffffffcb  x8=1c001f34  x8:1c001f24  PA:1c001f24
26879186ns          461270 1c0093d4 2cc10513 addi             x10, x2, 716        x10=100017a4  x2:100014d8
26879206ns          461271 1c0093d6 010a990b p.lh             x18, 16(x21!)       x18=fffffda9 x21=1c001760 x21:1c001750  PA:1c001750
26879544ns          461288 1c0093da 010b948b p.lh             x9, 16(x23!)         x9=0000003f x23=1c000f90 x23:1c000f80  PA:1c000f80
26879863ns          461304 1c0093de 2d411623 sh               x20, 716(x2)        x20:fffffd94  x2:100014d8  PA:100017a4
26879882ns          461305 1c0093e2 2d311723 sh               x19, 718(x2)        x19:ffffffcb  x2:100014d8  PA:100017a6
26879902ns          461306 1c0093e6 c33ff0ef jal              x1, -974             x1=1c0093e8
26879942ns          461308 1c009018 00051803 lh               x16, 0(x10)         x16=fffffd94 x10:100017a4  PA:100017a4
26879962ns          461309 1c00901c 00251883 lh               x17, 2(x10)         x17=ffffffcb x10:100017a4  PA:100017a6
26880022ns          461312 1c009020 030806b3 mul              x13, x16, x16       x13=0005dd90 x16:fffffd94 x16:fffffd94
26880061ns          461314 1c009024 03188633 mul              x12, x17, x17       x12=00000af9 x17:ffffffcb x17:ffffffcb
26880081ns          461315 1c009028 40a65613 srai             x12, x12, 0x40a     x12=00000002 x12:00000af9
26880101ns          461316 1c00902a 40a6d693 srai             x13, x13, 0x40a     x13=00000177 x13:0005dd90
26880121ns          461317 1c00902c 00c686b3 add              x13, x13, x12       x13=00000179 x13:00000177 x12:00000002
26880141ns          461318 1c00902e 1006c633 p.exths          x12, x13, x0        x12=00000179 x13:00000179
26880161ns          461319 1c009032 00855703 lhu              x14, 8(x10)         x14=0000ffd1 x10:100017a4  PA:100017ac
26880181ns          461320 1c009036 00a55683 lhu              x13, 10(x10)        x13=0000ff6a x10:100017a4  PA:100017ae
26880201ns          461321 1c00903a 02c60333 mul              x6, x12, x12         x6=00022b31 x12:00000179 x12:00000179
26880240ns          461323 1c00903e 00c55783 lhu              x15, 12(x10)        x15=0000ffe5 x10:100017a4  PA:100017b0
26880280ns          461325 1c009042 00e55583 lhu              x11, 14(x10)        x11=00000060 x10:100017a4  PA:100017b2
26880300ns          461326 1c009046 dea30333 p.extract        x6, x6, 15, 10       x6=0000008a  x6:00022b31
26880320ns          461327 1c00904a 80c7075b p.muls           x14, x14, x12       x14=ffffbac9 x14:0000ffd1 x12:00000179
26880340ns          461328 1c00904e 80c686db p.muls           x13, x13, x12       x13=ffff231a x13:0000ff6a x12:00000179
26880360ns          461329 1c009052 00455e83 lhu              x29, 4(x10)         x29=00000427 x10:100017a4  PA:100017a8
26880380ns          461330 1c009056 00655e03 lhu              x28, 6(x10)         x28=0000007f x10:100017a4  PA:100017aa
26880400ns          461331 1c00905a 40a75713 srai             x14, x14, 0x40a     x14=ffffffee x14:ffffbac9
26880419ns          461332 1c00905c 806787db p.muls           x15, x15, x6        x15=fffff172 x15:0000ffe5  x6:0000008a
26880439ns          461333 1c009060 40a6d693 srai             x13, x13, 0x40a     x13=ffffffc8 x13:ffff231a
26880459ns          461334 1c009062 8065865b p.muls           x12, x11, x6        x12=000033c0 x11:00000060  x6:0000008a
26880479ns          461335 1c009066 40a7d793 srai             x15, x15, 0x40a     x15=fffffffc x15:fffff172
26880499ns          461336 1c009068 40a65613 srai             x12, x12, 0x40a     x12=0000000c x12:000033c0
26880519ns          461337 1c00906a 01d70733 add              x14, x14, x29       x14=00000415 x14:ffffffee x29:00000427
26880539ns          461338 1c00906c 01c686b3 add              x13, x13, x28       x13=00000047 x13:ffffffc8 x28:0000007f
26880559ns          461339 1c00906e 00c686b3 add              x13, x13, x12       x13=00000053 x13:00000047 x12:0000000c
26880579ns          461340 1c009070 00f70733 add              x14, x14, x15       x14=00000411 x14:00000415 x15:fffffffc
26880598ns          461341 1c009072 100747b3 p.exths          x15, x14, x0        x15=00000411 x14:00000411
26880618ns          461342 1c009076 1006c733 p.exths          x14, x13, x0        x14=00000053 x13:00000053
26880638ns          461343 1c00907a 03170633 mul              x12, x14, x17       x12=ffffeed1 x14:00000053 x17:ffffffcb
26880658ns          461344 1c00907e 030786b3 mul              x13, x15, x16       x13=fff626d4 x15:00000411 x16:fffffd94
26880678ns          461345 1c009082 03070733 mul              x14, x14, x16       x14=ffff36fc x14:00000053 x16:fffffd94
26880698ns          461346 1c009086 031787b3 mul              x15, x15, x17       x15=ffff287b x15:00000411 x17:ffffffcb
26880718ns          461347 1c00908a 40a6d693 srai             x13, x13, 0x40a     x13=fffffd89 x13:fff626d4
26880738ns          461348 1c00908c 40a65613 srai             x12, x12, 0x40a     x12=fffffffb x12:ffffeed1
26880758ns          461349 1c00908e 40a7d793 srai             x15, x15, 0x40a     x15=ffffffca x15:ffff287b
26880777ns          461350 1c009090 40a75713 srai             x14, x14, 0x40a     x14=ffffffcd x14:ffff36fc
26880797ns          461351 1c009092 40c686b3 sub              x13, x13, x12       x13=fffffd8e x13:fffffd89 x12:fffffffb
26880817ns          461352 1c009094 00e787b3 add              x15, x15, x14       x15=ffffff97 x15:ffffffca x14:ffffffcd
26880837ns          461353 1c009096 00d51823 sh               x13, 16(x10)        x13:fffffd8e x10:100017a4  PA:100017b4
26880857ns          461354 1c00909a 00f51923 sh               x15, 18(x10)        x15:ffffff97 x10:100017a4  PA:100017b6
26880877ns          461355 1c00909e 00008067 jalr             x0, x1, 0            x1:1c0093e8
26880917ns          461357 1c0093e8 2dc15583 lhu              x11, 732(x2)        x11=0000fd8e  x2:100014d8  PA:100017b4
26880937ns          461358 1c0093ec 2de15783 lhu              x15, 734(x2)        x15=0000ff97  x2:100014d8  PA:100017b6
26880956ns          461359 1c0093f0 40b90933 sub              x18, x18, x11       x18=ffff001b x18:fffffda9 x11:0000fd8e
26880976ns          461360 1c0093f4 40f484b3 sub              x9, x9, x15          x9=ffff00a8  x9:0000003f x15:0000ff97
26880996ns          461361 1c0093f6 100945b3 p.exths          x11, x18, x0        x11=0000001b x18:ffff001b
26881016ns          461362 1c0093fa 1004c7b3 p.exths          x15, x9, x0         x15=000000a8  x9:ffff00a8
26881036ns          461363 1c0093fe 034586b3 mul              x13, x11, x20       x13=ffffbe9c x11:0000001b x20:fffffd94
26881056ns          461364 1c009402 03378533 mul              x10, x15, x19       x10=ffffdd38 x15:000000a8 x19:ffffffcb
26881076ns          461365 1c009406 034a0633 mul              x12, x20, x20       x12=0005dd90 x20:fffffd94 x20:fffffd94
26881096ns          461366 1c00940a 03398733 mul              x14, x19, x19       x14=00000af9 x19:ffffffcb x19:ffffffcb
26881155ns          461369 1c00940e 034787b3 mul              x15, x15, x20       x15=fffe6920 x15:000000a8 x20:fffffd94
26881195ns          461371 1c009412 033585b3 mul              x11, x11, x19       x11=fffffa69 x11:0000001b x19:ffffffcb
26881215ns          461372 1c009416 40a75713 srai             x14, x14, 0x40a     x14=00000002 x14:00000af9
26881235ns          461373 1c009418 40a5d593 srai             x11, x11, 0x40a     x11=fffffffe x11:fffffa69
26881255ns          461374 1c00941a 40a65613 srai             x12, x12, 0x40a     x12=00000177 x12:0005dd90
26881275ns          461375 1c00941c 40a7d793 srai             x15, x15, 0x40a     x15=ffffff9a x15:fffe6920
26881295ns          461376 1c00941e 1c0034b7 lui              x9, 0x1c003000       x9=1c003000
26881314ns          461377 1c009422 00e60633 add              x12, x12, x14       x12=00000179 x12:00000177 x14:00000002
26881334ns          461378 1c009424 40b787b3 sub              x15, x15, x11       x15=ffffff9c x15:ffffff9a x11:fffffffe
26881354ns          461379 1c009426 eb048493 addi             x9, x9, -336         x9=1c002eb0  x9:1c003000
26881374ns          461380 1c00942a 1c0032b7 lui              x5, 0x1c003000       x5=1c003000
26881394ns          461381 1c00942e 1c0035b7 lui              x11, 0x1c003000     x11=1c003000
26881414ns          461382 1c009432 018483b3 add              x7, x9, x24          x7=1c002eb4  x9:1c002eb0 x24:00000004
26881434ns          461383 1c009436 02812e83 lw               x29, 40(x2)         x29=1c002ec4  x2:100014d8  PA:10001500
26881454ns          461384 1c009438 10065633 p.exthz          x12, x12, x0        x12=00000179 x12:00000179
26881474ns          461385 1c00943c e8028293 addi             x5, x5, -384         x5=1c002e80  x5:1c003000
26881493ns          461386 1c009440 ea058593 addi             x11, x11, -352      x11=1c002ea0 x11:1c003000
26881533ns          461388 1c009444 03812483 lw               x9, 56(x2)           x9=1c002ee4  x2:100014d8  PA:10001510
26881553ns          461389 1c009446 10064733 p.exths          x14, x12, x0        x14=00000179 x12:00000179
26881573ns          461390 1c00944a 018280b3 add              x1, x5, x24          x1=1c002e84  x5:1c002e80 x24:00000004
26881593ns          461391 1c00944e 03012f03 lw               x30, 48(x2)         x30=1c002ed4  x2:100014d8  PA:10001508
26881633ns          461393 1c009450 018582b3 add              x5, x11, x24         x5=1c002ea4 x11:1c002ea0 x24:00000004
26881672ns          461395 1c009454 04012583 lw               x11, 64(x2)         x11=1c002ef4  x2:100014d8  PA:10001518
26881692ns          461396 1c009456 000edd83 lhu              x27, 0(x29)         x27=0000074c x29:1c002ec4  PA:1c002ec4
26882010ns          461412 1c00945a 0004d483 lhu              x9, 0(x9)            x9=00000072  x9:1c002ee4  PA:1c002ee4
26882349ns          461429 1c00945e 02e70333 mul              x6, x14, x14         x6=00022b31 x14:00000179 x14:00000179
26882368ns          461430 1c009462 40a55513 srai             x10, x10, 0x40a     x10=fffffff7 x10:ffffdd38
26882388ns          461431 1c009464 04812e83 lw               x29, 72(x2)         x29=1c002f04  x2:100014d8  PA:10001520
26882408ns          461432 1c009466 40a6d693 srai             x13, x13, 0x40a     x13=ffffffef x13:ffffbe9c
26882428ns          461433 1c009468 000f5d03 lhu              x26, 0(x30)         x26=000001a2 x30:1c002ed4  PA:1c002ed4
26882746ns          461449 1c00946c 0005d583 lhu              x11, 0(x11)         x11=00000023 x11:1c002ef4  PA:1c002ef4
26883065ns          461465 1c009470 40a35313 srai             x6, x6, 0x40a        x6=0000008a  x6:00022b31
26883084ns          461466 1c009474 00a686b3 add              x13, x13, x10       x13=ffffffe6 x13:ffffffef x10:fffffff7
26883104ns          461467 1c009476 05012f03 lw               x30, 80(x2)         x30=1c002e74  x2:100014d8  PA:10001528
26883124ns          461468 1c009478 10034e33 p.exths          x28, x6, x0         x28=0000008a  x6:0000008a
26883144ns          461469 1c00947c 06911023 sh               x9, 96(x2)           x9:00000072  x2:100014d8  PA:10001538
26883184ns          461471 1c009480 000ede83 lhu              x29, 0(x29)         x29=0000000a x29:1c002f04  PA:1c002f04
26883482ns          461486 1c009484 05812483 lw               x9, 88(x2)           x9=1c002e64  x2:100014d8  PA:10001530
26883502ns          461487 1c009486 1006d6b3 p.exthz          x13, x13, x0        x13=0000ffe6 x13:ffffffe6
26883522ns          461488 1c00948a 02ee08b3 mul              x17, x28, x14       x17=0000cb3a x28:0000008a x14:00000179
26883542ns          461489 1c00948e 1006c833 p.exths          x16, x13, x0        x16=ffffffe6 x13:0000ffe6
26883562ns          461490 1c009492 06b11823 sh               x11, 112(x2)        x11:00000023  x2:100014d8  PA:10001548
26883582ns          461491 1c009496 000f5f03 lhu              x30, 0(x30)         x30=0000ffae x30:1c002e74  PA:1c002e74
26883960ns          461510 1c00949a 0a012583 lw               x11, 160(x2)        x11=1c002e94  x2:100014d8  PA:10001578
26883979ns          461511 1c00949c 1007d7b3 p.exthz          x15, x15, x0        x15=0000ff9c x15:ffffff9c
26883999ns          461512 1c0094a0 0004da03 lhu              x20, 0(x9)          x20=0000fe54  x9:1c002e64  PA:1c002e64
26884317ns          461528 1c0094a4 1007c533 p.exths          x10, x15, x0        x10=ffffff9c x15:0000ff9c
26884337ns          461529 1c0094a8 09d11023 sh               x29, 128(x2)        x29:0000000a  x2:100014d8  PA:10001558
26884357ns          461530 1c0094ac 0003d483 lhu              x9, 0(x7)            x9=0000fff5  x7:1c002eb4  PA:1c002eb4
26884675ns          461546 1c0094b0 02e80eb3 mul              x29, x16, x14       x29=ffffd9b6 x16:ffffffe6 x14:00000179
26884695ns          461547 1c0094b4 40a8d893 srai             x17, x17, 0x40a     x17=00000032 x17:0000cb3a
26884715ns          461548 1c0094b8 03c80833 mul              x16, x16, x28       x16=fffff1fc x16:ffffffe6 x28:0000008a
26884735ns          461549 1c0094bc 09e11823 sh               x30, 144(x2)        x30:0000ffae  x2:100014d8  PA:10001568
26884755ns          461550 1c0094c0 0005d983 lhu              x19, 0(x11)         x19=0000ffe5 x11:1c002e94  PA:1c002e94
26885073ns          461566 1c0094c4 81c88f5b p.muls           x30, x17, x28       x30=00001af4 x17:00000032 x28:0000008a
26885093ns          461567 1c0094c8 0002d583 lhu              x11, 0(x5)          x11=0000ffdd  x5:1c002ea4  PA:1c002ea4
26885511ns          461588 1c0094cc 03ce0fb3 mul              x31, x28, x28       x31=00004a64 x28:0000008a x28:0000008a
26885531ns          461589 1c0094d0 02e50733 mul              x14, x10, x14       x14=ffff6cbc x10:ffffff9c x14:00000179
26885551ns          461590 1c0094d4 40a85813 srai             x16, x16, 0x40a     x16=fffffffc x16:fffff1fc
26885570ns          461591 1c0094d8 03c50533 mul              x10, x10, x28       x10=ffffca18 x10:ffffff9c x28:0000008a
26885590ns          461592 1c0094dc 07015e03 lhu              x28, 112(x2)        x28=00000023  x2:100014d8  PA:10001548
26885610ns          461593 1c0094e0 01b60633 add              x12, x12, x27       x12=000008c5 x12:00000179 x27:0000074c
26885630ns          461594 1c0094e2 00980833 add              x16, x16, x9        x16=0000fff1 x16:fffffffc  x9:0000fff5
26885650ns          461595 1c0094e4 06015d83 lhu              x27, 96(x2)         x27=00000072  x2:100014d8  PA:10001538
26885670ns          461596 1c0094e8 02812483 lw               x9, 40(x2)           x9=1c002ec4  x2:100014d8  PA:10001500
26885690ns          461597 1c0094ea 40afdf93 srai             x31, x31, 0x40a     x31=00000012 x31:00004a64
26885710ns          461598 1c0094ee 40a55513 srai             x10, x10, 0x40a     x10=fffffff2 x10:ffffca18
26885730ns          461599 1c0094f0 01cf8fb3 add              x31, x31, x28       x31=00000035 x31:00000012 x28:00000023
26885749ns          461600 1c0094f2 00b50533 add              x10, x10, x11       x10=0000ffcf x10:fffffff2 x11:0000ffdd
26885769ns          461601 1c0094f4 09015e03 lhu              x28, 144(x2)        x28=0000ffae  x2:100014d8  PA:10001568
26885789ns          461602 1c0094f8 03012583 lw               x11, 48(x2)         x11=1c002ed4  x2:100014d8  PA:10001508
26885809ns          461603 1c0094fa 00c49023 sh               x12, 0(x9)          x12:000008c5  x9:1c002ec4  PA:1c002ec4
26886127ns          461619 1c0094fe 01b888b3 add              x17, x17, x27       x17=000000a4 x17:00000032 x27:00000072
26886147ns          461620 1c009500 01a30333 add              x6, x6, x26          x6=0000022c  x6:0000008a x26:000001a2
26886167ns          461621 1c009502 08015d83 lhu              x27, 128(x2)        x27=0000000a  x2:100014d8  PA:10001558
26886187ns          461622 1c009506 0000d903 lhu              x18, 0(x1)          x18=0000ff95  x1:1c002e84  PA:1c002e84
26886485ns          461637 1c00950a 01c686b3 add              x13, x13, x28       x13=0001ff94 x13:0000ffe6 x28:0000ffae
26886505ns          461638 1c00950c 00659023 sh               x6, 0(x11)           x6:0000022c x11:1c002ed4  PA:1c002ed4
26886823ns          461654 1c009510 40af5f13 srai             x30, x30, 0x40a     x30=00000006 x30:00001af4
26886843ns          461655 1c009514 04812e03 lw               x28, 72(x2)         x28=1c002f04  x2:100014d8  PA:10001520
26886863ns          461656 1c009516 01bf0f33 add              x30, x30, x27       x30=00000010 x30:00000006 x27:0000000a
26886883ns          461657 1c009518 40aede93 srai             x29, x29, 0x40a     x29=fffffff6 x29:ffffd9b6
26886903ns          461658 1c00951c 40a75713 srai             x14, x14, 0x40a     x14=ffffffdb x14:ffff6cbc
26886923ns          461659 1c00951e 03812603 lw               x12, 56(x2)         x12=1c002ee4  x2:100014d8  PA:10001510
26886943ns          461660 1c009520 04012d83 lw               x27, 64(x2)         x27=1c002ef4  x2:100014d8  PA:10001518
26886963ns          461661 1c009522 01ee1023 sh               x30, 0(x28)         x30:00000010 x28:1c002f04  PA:1c002f04
26887281ns          461677 1c009526 05812483 lw               x9, 88(x2)           x9=1c002e64  x2:100014d8  PA:10001530
26887301ns          461678 1c009528 05012f03 lw               x30, 80(x2)         x30=1c002e74  x2:100014d8  PA:10001528
26887321ns          461679 1c00952a 0a012583 lw               x11, 160(x2)        x11=1c002e94  x2:100014d8  PA:10001578
26887340ns          461680 1c00952c 014787b3 add              x15, x15, x20       x15=0001fdf0 x15:0000ff9c x20:0000fe54
26887360ns          461681 1c00952e 013e8eb3 add              x29, x29, x19       x29=0000ffdb x29:fffffff6 x19:0000ffe5
26887380ns          461682 1c009530 01270733 add              x14, x14, x18       x14=0000ff70 x14:ffffffdb x18:0000ff95
26887400ns          461683 1c009532 00f49023 sh               x15, 0(x9)          x15:0001fdf0  x9:1c002e64  PA:1c002e64
26887718ns          461699 1c009536 01161023 sh               x17, 0(x12)         x17:000000a4 x12:1c002ee4  PA:1c002ee4
26888037ns          461715 1c00953a 01fd9023 sh               x31, 0(x27)         x31:00000035 x27:1c002ef4  PA:1c002ef4
26888375ns          461732 1c00953e 00df1023 sh               x13, 0(x30)         x13:0001ff94 x30:1c002e74  PA:1c002e74
26888693ns          461748 1c009542 01d59023 sh               x29, 0(x11)         x29:0000ffdb x11:1c002e94  PA:1c002e94
26889011ns          461764 1c009546 00e09023 sh               x14, 0(x1)          x14:0000ff70  x1:1c002e84  PA:1c002e84
26889329ns          461780 1c00954a 01039023 sh               x16, 0(x7)          x16:0000fff1  x7:1c002eb4  PA:1c002eb4
26889667ns          461797 1c00954e 00a29023 sh               x10, 0(x5)          x10:0000ffcf  x5:1c002ea4  PA:1c002ea4
26889986ns          461813 1c009552 008b0b13 addi             x22, x22, 8         x22=00000072 x22:0000006a
26890005ns          461814 1c009554 1f300793 addi             x15, x0, 499        x15=000001f3
26890025ns          461815 1c009558 e767dae3 bge              x15, x22, -396      x15:000001f3 x22:00000072
26890165ns          461822 1c0093cc 010c9a0b p.lh             x20, 16(x25!)       x20=ffffffe1 x25=1c00277c x25:1c00276c  PA:1c00276c
26890523ns          461840 1c0093d0 0104198b p.lh             x19, 16(x8!)        x19=fffffe53  x8=1c001f44  x8:1c001f34  PA:1c001f34
26890861ns          461857 1c0093d4 2cc10513 addi             x10, x2, 716        x10=100017a4  x2:100014d8
26890881ns          461858 1c0093d6 010a990b p.lh             x18, 16(x21!)       x18=ffffffb8 x21=1c001770 x21:1c001760  PA:1c001760
26891239ns          461876 1c0093da 010b948b p.lh             x9, 16(x23!)         x9=fffffe63 x23=1c000fa0 x23:1c000f90  PA:1c000f90
26891537ns          461891 1c0093de 2d411623 sh               x20, 716(x2)        x20:ffffffe1  x2:100014d8  PA:100017a4
26891557ns          461892 1c0093e2 2d311723 sh               x19, 718(x2)        x19:fffffe53  x2:100014d8  PA:100017a6
26891577ns          461893 1c0093e6 c33ff0ef jal              x1, -974             x1=1c0093e8
26891656ns          461897 1c009018 00051803 lh               x16, 0(x10)         x16=ffffffe1 x10:100017a4  PA:100017a4
26891696ns          461899 1c00901c 00251883 lh               x17, 2(x10)         x17=fffffe53 x10:100017a4  PA:100017a6
26891716ns          461900 1c009020 030806b3 mul              x13, x16, x16       x13=000003c1 x16:ffffffe1 x16:ffffffe1
26891736ns          461901 1c009024 03188633 mul              x12, x17, x17       x12=0002cee9 x17:fffffe53 x17:fffffe53
26891756ns          461902 1c009028 40a65613 srai             x12, x12, 0x40a     x12=000000b3 x12:0002cee9
26891775ns          461903 1c00902a 40a6d693 srai             x13, x13, 0x40a     x13=00000000 x13:000003c1
26891795ns          461904 1c00902c 00c686b3 add              x13, x13, x12       x13=000000b3 x13:00000000 x12:000000b3
26891815ns          461905 1c00902e 1006c633 p.exths          x12, x13, x0        x12=000000b3 x13:000000b3
26891835ns          461906 1c009032 00855703 lhu              x14, 8(x10)         x14=0000ffd1 x10:100017a4  PA:100017ac
26891855ns          461907 1c009036 00a55683 lhu              x13, 10(x10)        x13=0000ff6a x10:100017a4  PA:100017ae
26891875ns          461908 1c00903a 02c60333 mul              x6, x12, x12         x6=00007d29 x12:000000b3 x12:000000b3
26891895ns          461909 1c00903e 00c55783 lhu              x15, 12(x10)        x15=0000ffe5 x10:100017a4  PA:100017b0
26891915ns          461910 1c009042 00e55583 lhu              x11, 14(x10)        x11=00000060 x10:100017a4  PA:100017b2
26891935ns          461911 1c009046 dea30333 p.extract        x6, x6, 15, 10       x6=0000001f  x6:00007d29
26891954ns          461912 1c00904a 80c7075b p.muls           x14, x14, x12       x14=ffffdf23 x14:0000ffd1 x12:000000b3
26891974ns          461913 1c00904e 80c686db p.muls           x13, x13, x12       x13=ffff971e x13:0000ff6a x12:000000b3
26891994ns          461914 1c009052 00455e83 lhu              x29, 4(x10)         x29=00000427 x10:100017a4  PA:100017a8
26892014ns          461915 1c009056 00655e03 lhu              x28, 6(x10)         x28=0000007f x10:100017a4  PA:100017aa
26892034ns          461916 1c00905a 40a75713 srai             x14, x14, 0x40a     x14=fffffff7 x14:ffffdf23
26892054ns          461917 1c00905c 806787db p.muls           x15, x15, x6        x15=fffffcbb x15:0000ffe5  x6:0000001f
26892074ns          461918 1c009060 40a6d693 srai             x13, x13, 0x40a     x13=ffffffe5 x13:ffff971e
26892114ns          461920 1c009062 8065865b p.muls           x12, x11, x6        x12=00000ba0 x11:00000060  x6:0000001f
26892133ns          461921 1c009066 40a7d793 srai             x15, x15, 0x40a     x15=ffffffff x15:fffffcbb
26892153ns          461922 1c009068 40a65613 srai             x12, x12, 0x40a     x12=00000002 x12:00000ba0
26892173ns          461923 1c00906a 01d70733 add              x14, x14, x29       x14=0000041e x14:fffffff7 x29:00000427
26892193ns          461924 1c00906c 01c686b3 add              x13, x13, x28       x13=00000064 x13:ffffffe5 x28:0000007f
26892213ns          461925 1c00906e 00c686b3 add              x13, x13, x12       x13=00000066 x13:00000064 x12:00000002
26892233ns          461926 1c009070 00f70733 add              x14, x14, x15       x14=0000041d x14:0000041e x15:ffffffff
26892253ns          461927 1c009072 100747b3 p.exths          x15, x14, x0        x15=0000041d x14:0000041d
26892273ns          461928 1c009076 1006c733 p.exths          x14, x13, x0        x14=00000066 x13:00000066
26892293ns          461929 1c00907a 03170633 mul              x12, x14, x17       x12=ffff5512 x14:00000066 x17:fffffe53
26892312ns          461930 1c00907e 030786b3 mul              x13, x15, x16       x13=ffff807d x15:0000041d x16:ffffffe1
26892332ns          461931 1c009082 03070733 mul              x14, x14, x16       x14=fffff3a6 x14:00000066 x16:ffffffe1
26892352ns          461932 1c009086 031787b3 mul              x15, x15, x17       x15=fff91b67 x15:0000041d x17:fffffe53
26892372ns          461933 1c00908a 40a6d693 srai             x13, x13, 0x40a     x13=ffffffe0 x13:ffff807d
26892392ns          461934 1c00908c 40a65613 srai             x12, x12, 0x40a     x12=ffffffd5 x12:ffff5512
26892412ns          461935 1c00908e 40a7d793 srai             x15, x15, 0x40a     x15=fffffe46 x15:fff91b67
26892432ns          461936 1c009090 40a75713 srai             x14, x14, 0x40a     x14=fffffffc x14:fffff3a6
26892452ns          461937 1c009092 40c686b3 sub              x13, x13, x12       x13=0000000b x13:ffffffe0 x12:ffffffd5
26892472ns          461938 1c009094 00e787b3 add              x15, x15, x14       x15=fffffe42 x15:fffffe46 x14:fffffffc
26892491ns          461939 1c009096 00d51823 sh               x13, 16(x10)        x13:0000000b x10:100017a4  PA:100017b4
26892511ns          461940 1c00909a 00f51923 sh               x15, 18(x10)        x15:fffffe42 x10:100017a4  PA:100017b6
26892531ns          461941 1c00909e 00008067 jalr             x0, x1, 0            x1:1c0093e8
26892651ns          461947 1c0093e8 2dc15583 lhu              x11, 732(x2)        x11=0000000b  x2:100014d8  PA:100017b4
26892690ns          461949 1c0093ec 2de15783 lhu              x15, 734(x2)        x15=0000fe42  x2:100014d8  PA:100017b6
26892710ns          461950 1c0093f0 40b90933 sub              x18, x18, x11       x18=ffffffad x18:ffffffb8 x11:0000000b
26892730ns          461951 1c0093f4 40f484b3 sub              x9, x9, x15          x9=ffff0021  x9:fffffe63 x15:0000fe42
26892750ns          461952 1c0093f6 100945b3 p.exths          x11, x18, x0        x11=ffffffad x18:ffffffad
26892770ns          461953 1c0093fa 1004c7b3 p.exths          x15, x9, x0         x15=00000021  x9:ffff0021
26892790ns          461954 1c0093fe 034586b3 mul              x13, x11, x20       x13=00000a0d x11:ffffffad x20:ffffffe1
26892810ns          461955 1c009402 03378533 mul              x10, x15, x19       x10=ffffc8b3 x15:00000021 x19:fffffe53
26892830ns          461956 1c009406 034a0633 mul              x12, x20, x20       x12=000003c1 x20:ffffffe1 x20:ffffffe1
26892849ns          461957 1c00940a 03398733 mul              x14, x19, x19       x14=0002cee9 x19:fffffe53 x19:fffffe53
26892869ns          461958 1c00940e 034787b3 mul              x15, x15, x20       x15=fffffc01 x15:00000021 x20:ffffffe1
26892889ns          461959 1c009412 033585b3 mul              x11, x11, x19       x11=00008b17 x11:ffffffad x19:fffffe53
26892909ns          461960 1c009416 40a75713 srai             x14, x14, 0x40a     x14=000000b3 x14:0002cee9
26892929ns          461961 1c009418 40a5d593 srai             x11, x11, 0x40a     x11=00000022 x11:00008b17
26892949ns          461962 1c00941a 40a65613 srai             x12, x12, 0x40a     x12=00000000 x12:000003c1
26892969ns          461963 1c00941c 40a7d793 srai             x15, x15, 0x40a     x15=ffffffff x15:fffffc01
26892989ns          461964 1c00941e 1c0034b7 lui              x9, 0x1c003000       x9=1c003000
26893009ns          461965 1c009422 00e60633 add              x12, x12, x14       x12=000000b3 x12:00000000 x14:000000b3
26893028ns          461966 1c009424 40b787b3 sub              x15, x15, x11       x15=ffffffdd x15:ffffffff x11:00000022
26893048ns          461967 1c009426 eb048493 addi             x9, x9, -336         x9=1c002eb0  x9:1c003000
26893068ns          461968 1c00942a 1c0032b7 lui              x5, 0x1c003000       x5=1c003000
26893088ns          461969 1c00942e 1c0035b7 lui              x11, 0x1c003000     x11=1c003000
26893108ns          461970 1c009432 018483b3 add              x7, x9, x24          x7=1c002eb4  x9:1c002eb0 x24:00000004
26893128ns          461971 1c009436 02812e83 lw               x29, 40(x2)         x29=1c002ec4  x2:100014d8  PA:10001500
26893148ns          461972 1c009438 10065633 p.exthz          x12, x12, x0        x12=000000b3 x12:000000b3
26893168ns          461973 1c00943c e8028293 addi             x5, x5, -384         x5=1c002e80  x5:1c003000
26893188ns          461974 1c009440 ea058593 addi             x11, x11, -352      x11=1c002ea0 x11:1c003000
26893207ns          461975 1c009444 03812483 lw               x9, 56(x2)           x9=1c002ee4  x2:100014d8  PA:10001510
26893227ns          461976 1c009446 10064733 p.exths          x14, x12, x0        x14=000000b3 x12:000000b3
26893247ns          461977 1c00944a 018280b3 add              x1, x5, x24          x1=1c002e84  x5:1c002e80 x24:00000004
26893267ns          461978 1c00944e 03012f03 lw               x30, 48(x2)         x30=1c002ed4  x2:100014d8  PA:10001508
26893287ns          461979 1c009450 018582b3 add              x5, x11, x24         x5=1c002ea4 x11:1c002ea0 x24:00000004
26893307ns          461980 1c009454 04012583 lw               x11, 64(x2)         x11=1c002ef4  x2:100014d8  PA:10001518
26893327ns          461981 1c009456 000edd83 lhu              x27, 0(x29)         x27=000008c5 x29:1c002ec4  PA:1c002ec4
26893645ns          461997 1c00945a 0004d483 lhu              x9, 0(x9)            x9=000000a4  x9:1c002ee4  PA:1c002ee4
26893943ns          462012 1c00945e 02e70333 mul              x6, x14, x14         x6=00007d29 x14:000000b3 x14:000000b3
26893963ns          462013 1c009462 40a55513 srai             x10, x10, 0x40a     x10=fffffff2 x10:ffffc8b3
26893983ns          462014 1c009464 04812e83 lw               x29, 72(x2)         x29=1c002f04  x2:100014d8  PA:10001520
26894003ns          462015 1c009466 40a6d693 srai             x13, x13, 0x40a     x13=00000002 x13:00000a0d
26894023ns          462016 1c009468 000f5d03 lhu              x26, 0(x30)         x26=0000022c x30:1c002ed4  PA:1c002ed4
26894321ns          462031 1c00946c 0005d583 lhu              x11, 0(x11)         x11=00000035 x11:1c002ef4  PA:1c002ef4
26894619ns          462046 1c009470 40a35313 srai             x6, x6, 0x40a        x6=0000001f  x6:00007d29
26894639ns          462047 1c009474 00a686b3 add              x13, x13, x10       x13=fffffff4 x13:00000002 x10:fffffff2
26894659ns          462048 1c009476 05012f03 lw               x30, 80(x2)         x30=1c002e74  x2:100014d8  PA:10001528
26894679ns          462049 1c009478 10034e33 p.exths          x28, x6, x0         x28=0000001f  x6:0000001f
26894699ns          462050 1c00947c 06911023 sh               x9, 96(x2)           x9:000000a4  x2:100014d8  PA:10001538
26894719ns          462051 1c009480 000ede83 lhu              x29, 0(x29)         x29=00000010 x29:1c002f04  PA:1c002f04
26895037ns          462067 1c009484 05812483 lw               x9, 88(x2)           x9=1c002e64  x2:100014d8  PA:10001530
26895057ns          462068 1c009486 1006d6b3 p.exthz          x13, x13, x0        x13=0000fff4 x13:fffffff4
26895077ns          462069 1c00948a 02ee08b3 mul              x17, x28, x14       x17=000015ad x28:0000001f x14:000000b3
26895097ns          462070 1c00948e 1006c833 p.exths          x16, x13, x0        x16=fffffff4 x13:0000fff4
26895117ns          462071 1c009492 06b11823 sh               x11, 112(x2)        x11:00000035  x2:100014d8  PA:10001548
26895137ns          462072 1c009496 000f5f03 lhu              x30, 0(x30)         x30=0000ff94 x30:1c002e74  PA:1c002e74
26895435ns          462087 1c00949a 0a012583 lw               x11, 160(x2)        x11=1c002e94  x2:100014d8  PA:10001578
26895455ns          462088 1c00949c 1007d7b3 p.exthz          x15, x15, x0        x15=0000ffdd x15:ffffffdd
26895475ns          462089 1c0094a0 0004da03 lhu              x20, 0(x9)          x20=0000fdf0  x9:1c002e64  PA:1c002e64
26895773ns          462104 1c0094a4 1007c533 p.exths          x10, x15, x0        x10=ffffffdd x15:0000ffdd
26895793ns          462105 1c0094a8 09d11023 sh               x29, 128(x2)        x29:00000010  x2:100014d8  PA:10001558
26895813ns          462106 1c0094ac 0003d483 lhu              x9, 0(x7)            x9=0000fff1  x7:1c002eb4  PA:1c002eb4
26896151ns          462123 1c0094b0 02e80eb3 mul              x29, x16, x14       x29=fffff79c x16:fffffff4 x14:000000b3
26896171ns          462124 1c0094b4 40a8d893 srai             x17, x17, 0x40a     x17=00000005 x17:000015ad
26896191ns          462125 1c0094b8 03c80833 mul              x16, x16, x28       x16=fffffe8c x16:fffffff4 x28:0000001f
26896211ns          462126 1c0094bc 09e11823 sh               x30, 144(x2)        x30:0000ff94  x2:100014d8  PA:10001568
26896230ns          462127 1c0094c0 0005d983 lhu              x19, 0(x11)         x19=0000ffdb x11:1c002e94  PA:1c002e94
26896529ns          462142 1c0094c4 81c88f5b p.muls           x30, x17, x28       x30=0000009b x17:00000005 x28:0000001f
26896549ns          462143 1c0094c8 0002d583 lhu              x11, 0(x5)          x11=0000ffcf  x5:1c002ea4  PA:1c002ea4
26896867ns          462159 1c0094cc 03ce0fb3 mul              x31, x28, x28       x31=000003c1 x28:0000001f x28:0000001f
26896887ns          462160 1c0094d0 02e50733 mul              x14, x10, x14       x14=ffffe787 x10:ffffffdd x14:000000b3
26896907ns          462161 1c0094d4 40a85813 srai             x16, x16, 0x40a     x16=ffffffff x16:fffffe8c
26896926ns          462162 1c0094d8 03c50533 mul              x10, x10, x28       x10=fffffbc3 x10:ffffffdd x28:0000001f
26896946ns          462163 1c0094dc 07015e03 lhu              x28, 112(x2)        x28=00000035  x2:100014d8  PA:10001548
26896966ns          462164 1c0094e0 01b60633 add              x12, x12, x27       x12=00000978 x12:000000b3 x27:000008c5
26896986ns          462165 1c0094e2 00980833 add              x16, x16, x9        x16=0000fff0 x16:ffffffff  x9:0000fff1
26897006ns          462166 1c0094e4 06015d83 lhu              x27, 96(x2)         x27=000000a4  x2:100014d8  PA:10001538
26897026ns          462167 1c0094e8 02812483 lw               x9, 40(x2)           x9=1c002ec4  x2:100014d8  PA:10001500
26897046ns          462168 1c0094ea 40afdf93 srai             x31, x31, 0x40a     x31=00000000 x31:000003c1
26897066ns          462169 1c0094ee 40a55513 srai             x10, x10, 0x40a     x10=fffffffe x10:fffffbc3
26897086ns          462170 1c0094f0 01cf8fb3 add              x31, x31, x28       x31=00000035 x31:00000000 x28:00000035
26897105ns          462171 1c0094f2 00b50533 add              x10, x10, x11       x10=0000ffcd x10:fffffffe x11:0000ffcf
26897125ns          462172 1c0094f4 09015e03 lhu              x28, 144(x2)        x28=0000ff94  x2:100014d8  PA:10001568
26897145ns          462173 1c0094f8 03012583 lw               x11, 48(x2)         x11=1c002ed4  x2:100014d8  PA:10001508
26897165ns          462174 1c0094fa 00c49023 sh               x12, 0(x9)          x12:00000978  x9:1c002ec4  PA:1c002ec4
26897503ns          462191 1c0094fe 01b888b3 add              x17, x17, x27       x17=000000a9 x17:00000005 x27:000000a4
26897523ns          462192 1c009500 01a30333 add              x6, x6, x26          x6=0000024b  x6:0000001f x26:0000022c
26897543ns          462193 1c009502 08015d83 lhu              x27, 128(x2)        x27=00000010  x2:100014d8  PA:10001558
26897563ns          462194 1c009506 0000d903 lhu              x18, 0(x1)          x18=0000ff70  x1:1c002e84  PA:1c002e84
26897921ns          462212 1c00950a 01c686b3 add              x13, x13, x28       x13=0001ff88 x13:0000fff4 x28:0000ff94
26897941ns          462213 1c00950c 00659023 sh               x6, 0(x11)           x6:0000024b x11:1c002ed4  PA:1c002ed4
26898279ns          462230 1c009510 40af5f13 srai             x30, x30, 0x40a     x30=00000000 x30:0000009b
26898299ns          462231 1c009514 04812e03 lw               x28, 72(x2)         x28=1c002f04  x2:100014d8  PA:10001520
26898319ns          462232 1c009516 01bf0f33 add              x30, x30, x27       x30=00000010 x30:00000000 x27:00000010
26898339ns          462233 1c009518 40aede93 srai             x29, x29, 0x40a     x29=fffffffd x29:fffff79c
26898358ns          462234 1c00951c 40a75713 srai             x14, x14, 0x40a     x14=fffffff9 x14:ffffe787
26898378ns          462235 1c00951e 03812603 lw               x12, 56(x2)         x12=1c002ee4  x2:100014d8  PA:10001510
26898398ns          462236 1c009520 04012d83 lw               x27, 64(x2)         x27=1c002ef4  x2:100014d8  PA:10001518
26898418ns          462237 1c009522 01ee1023 sh               x30, 0(x28)         x30:00000010 x28:1c002f04  PA:1c002f04
26898796ns          462256 1c009526 05812483 lw               x9, 88(x2)           x9=1c002e64  x2:100014d8  PA:10001530
26898816ns          462257 1c009528 05012f03 lw               x30, 80(x2)         x30=1c002e74  x2:100014d8  PA:10001528
26898836ns          462258 1c00952a 0a012583 lw               x11, 160(x2)        x11=1c002e94  x2:100014d8  PA:10001578
26898856ns          462259 1c00952c 014787b3 add              x15, x15, x20       x15=0001fdcd x15:0000ffdd x20:0000fdf0
26898876ns          462260 1c00952e 013e8eb3 add              x29, x29, x19       x29=0000ffd8 x29:fffffffd x19:0000ffdb
26898895ns          462261 1c009530 01270733 add              x14, x14, x18       x14=0000ff69 x14:fffffff9 x18:0000ff70
26898915ns          462262 1c009532 00f49023 sh               x15, 0(x9)          x15:0001fdcd  x9:1c002e64  PA:1c002e64
26899233ns          462278 1c009536 01161023 sh               x17, 0(x12)         x17:000000a9 x12:1c002ee4  PA:1c002ee4
26899552ns          462294 1c00953a 01fd9023 sh               x31, 0(x27)         x31:00000035 x27:1c002ef4  PA:1c002ef4
26899870ns          462310 1c00953e 00df1023 sh               x13, 0(x30)         x13:0001ff88 x30:1c002e74  PA:1c002e74
26900208ns          462327 1c009542 01d59023 sh               x29, 0(x11)         x29:0000ffd8 x11:1c002e94  PA:1c002e94
26900526ns          462343 1c009546 00e09023 sh               x14, 0(x1)          x14:0000ff69  x1:1c002e84  PA:1c002e84
26900844ns          462359 1c00954a 01039023 sh               x16, 0(x7)          x16:0000fff0  x7:1c002eb4  PA:1c002eb4
26901163ns          462375 1c00954e 00a29023 sh               x10, 0(x5)          x10:0000ffcd  x5:1c002ea4  PA:1c002ea4
26901501ns          462392 1c009552 008b0b13 addi             x22, x22, 8         x22=0000007a x22:00000072
26901521ns          462393 1c009554 1f300793 addi             x15, x0, 499        x15=000001f3
26901540ns          462394 1c009558 e767dae3 bge              x15, x22, -396      x15:000001f3 x22:0000007a
26901600ns          462397 1c0093cc 010c9a0b p.lh             x20, 16(x25!)       x20=ffffffa7 x25=1c00278c x25:1c00277c  PA:1c00277c
26901898ns          462412 1c0093d0 0104198b p.lh             x19, 16(x8!)        x19=ffffffbb  x8=1c001f54  x8:1c001f44  PA:1c001f44
26902217ns          462428 1c0093d4 2cc10513 addi             x10, x2, 716        x10=100017a4  x2:100014d8
26902237ns          462429 1c0093d6 010a990b p.lh             x18, 16(x21!)       x18=ffffff91 x21=1c001780 x21:1c001770  PA:1c001770
26902535ns          462444 1c0093da 010b948b p.lh             x9, 16(x23!)         x9=ffffffc1 x23=1c000fb0 x23:1c000fa0  PA:1c000fa0
26902893ns          462462 1c0093de 2d411623 sh               x20, 716(x2)        x20:ffffffa7  x2:100014d8  PA:100017a4
26902913ns          462463 1c0093e2 2d311723 sh               x19, 718(x2)        x19:ffffffbb  x2:100014d8  PA:100017a6
26902933ns          462464 1c0093e6 c33ff0ef jal              x1, -974             x1=1c0093e8
26902972ns          462466 1c009018 00051803 lh               x16, 0(x10)         x16=ffffffa7 x10:100017a4  PA:100017a4
26902992ns          462467 1c00901c 00251883 lh               x17, 2(x10)         x17=ffffffbb x10:100017a4  PA:100017a6
26903072ns          462471 1c009020 030806b3 mul              x13, x16, x16       x13=00001ef1 x16:ffffffa7 x16:ffffffa7
26903112ns          462473 1c009024 03188633 mul              x12, x17, x17       x12=00001299 x17:ffffffbb x17:ffffffbb
26903132ns          462474 1c009028 40a65613 srai             x12, x12, 0x40a     x12=00000004 x12:00001299
26903151ns          462475 1c00902a 40a6d693 srai             x13, x13, 0x40a     x13=00000007 x13:00001ef1
26903171ns          462476 1c00902c 00c686b3 add              x13, x13, x12       x13=0000000b x13:00000007 x12:00000004
26903191ns          462477 1c00902e 1006c633 p.exths          x12, x13, x0        x12=0000000b x13:0000000b
26903211ns          462478 1c009032 00855703 lhu              x14, 8(x10)         x14=0000ffd1 x10:100017a4  PA:100017ac
26903231ns          462479 1c009036 00a55683 lhu              x13, 10(x10)        x13=0000ff6a x10:100017a4  PA:100017ae
26903251ns          462480 1c00903a 02c60333 mul              x6, x12, x12         x6=00000079 x12:0000000b x12:0000000b
26903271ns          462481 1c00903e 00c55783 lhu              x15, 12(x10)        x15=0000ffe5 x10:100017a4  PA:100017b0
26903291ns          462482 1c009042 00e55583 lhu              x11, 14(x10)        x11=00000060 x10:100017a4  PA:100017b2
26903311ns          462483 1c009046 dea30333 p.extract        x6, x6, 15, 10       x6=00000000  x6:00000079
26903330ns          462484 1c00904a 80c7075b p.muls           x14, x14, x12       x14=fffffdfb x14:0000ffd1 x12:0000000b
26903370ns          462486 1c00904e 80c686db p.muls           x13, x13, x12       x13=fffff98e x13:0000ff6a x12:0000000b
26903410ns          462488 1c009052 00455e83 lhu              x29, 4(x10)         x29=00000427 x10:100017a4  PA:100017a8
26903430ns          462489 1c009056 00655e03 lhu              x28, 6(x10)         x28=0000007f x10:100017a4  PA:100017aa
26903450ns          462490 1c00905a 40a75713 srai             x14, x14, 0x40a     x14=ffffffff x14:fffffdfb
26903470ns          462491 1c00905c 806787db p.muls           x15, x15, x6        x15=00000000 x15:0000ffe5  x6:00000000
26903509ns          462493 1c009060 40a6d693 srai             x13, x13, 0x40a     x13=fffffffe x13:fffff98e
26903549ns          462495 1c009062 8065865b p.muls           x12, x11, x6        x12=00000000 x11:00000060  x6:00000000
26903569ns          462496 1c009066 40a7d793 srai             x15, x15, 0x40a     x15=00000000 x15:00000000
26903589ns          462497 1c009068 40a65613 srai             x12, x12, 0x40a     x12=00000000 x12:00000000
26903609ns          462498 1c00906a 01d70733 add              x14, x14, x29       x14=00000426 x14:ffffffff x29:00000427
26903629ns          462499 1c00906c 01c686b3 add              x13, x13, x28       x13=0000007d x13:fffffffe x28:0000007f
26903649ns          462500 1c00906e 00c686b3 add              x13, x13, x12       x13=0000007d x13:0000007d x12:00000000
26903669ns          462501 1c009070 00f70733 add              x14, x14, x15       x14=00000426 x14:00000426 x15:00000000
26903688ns          462502 1c009072 100747b3 p.exths          x15, x14, x0        x15=00000426 x14:00000426
26903708ns          462503 1c009076 1006c733 p.exths          x14, x13, x0        x14=0000007d x13:0000007d
26903728ns          462504 1c00907a 03170633 mul              x12, x14, x17       x12=ffffde4f x14:0000007d x17:ffffffbb
26903748ns          462505 1c00907e 030786b3 mul              x13, x15, x16       x13=fffe8eca x15:00000426 x16:ffffffa7
26903768ns          462506 1c009082 03070733 mul              x14, x14, x16       x14=ffffd48b x14:0000007d x16:ffffffa7
26903788ns          462507 1c009086 031787b3 mul              x15, x15, x17       x15=fffee1c2 x15:00000426 x17:ffffffbb
26903808ns          462508 1c00908a 40a6d693 srai             x13, x13, 0x40a     x13=ffffffa3 x13:fffe8eca
26903828ns          462509 1c00908c 40a65613 srai             x12, x12, 0x40a     x12=fffffff7 x12:ffffde4f
26903848ns          462510 1c00908e 40a7d793 srai             x15, x15, 0x40a     x15=ffffffb8 x15:fffee1c2
26903867ns          462511 1c009090 40a75713 srai             x14, x14, 0x40a     x14=fffffff5 x14:ffffd48b
26903887ns          462512 1c009092 40c686b3 sub              x13, x13, x12       x13=ffffffac x13:ffffffa3 x12:fffffff7
26903907ns          462513 1c009094 00e787b3 add              x15, x15, x14       x15=ffffffad x15:ffffffb8 x14:fffffff5
26903927ns          462514 1c009096 00d51823 sh               x13, 16(x10)        x13:ffffffac x10:100017a4  PA:100017b4
26903947ns          462515 1c00909a 00f51923 sh               x15, 18(x10)        x15:ffffffad x10:100017a4  PA:100017b6
26903967ns          462516 1c00909e 00008067 jalr             x0, x1, 0            x1:1c0093e8
26904046ns          462520 1c0093e8 2dc15583 lhu              x11, 732(x2)        x11=0000ffac  x2:100014d8  PA:100017b4
26904086ns          462522 1c0093ec 2de15783 lhu              x15, 734(x2)        x15=0000ffad  x2:100014d8  PA:100017b6
26904126ns          462524 1c0093f0 40b90933 sub              x18, x18, x11       x18=fffeffe5 x18:ffffff91 x11:0000ffac
26904146ns          462525 1c0093f4 40f484b3 sub              x9, x9, x15          x9=ffff0014  x9:ffffffc1 x15:0000ffad
26904166ns          462526 1c0093f6 100945b3 p.exths          x11, x18, x0        x11=ffffffe5 x18:fffeffe5
26904186ns          462527 1c0093fa 1004c7b3 p.exths          x15, x9, x0         x15=00000014  x9:ffff0014
26904205ns          462528 1c0093fe 034586b3 mul              x13, x11, x20       x13=00000963 x11:ffffffe5 x20:ffffffa7
26904225ns          462529 1c009402 03378533 mul              x10, x15, x19       x10=fffffa9c x15:00000014 x19:ffffffbb
26904245ns          462530 1c009406 034a0633 mul              x12, x20, x20       x12=00001ef1 x20:ffffffa7 x20:ffffffa7
26904265ns          462531 1c00940a 03398733 mul              x14, x19, x19       x14=00001299 x19:ffffffbb x19:ffffffbb
26904285ns          462532 1c00940e 034787b3 mul              x15, x15, x20       x15=fffff90c x15:00000014 x20:ffffffa7
26904305ns          462533 1c009412 033585b3 mul              x11, x11, x19       x11=00000747 x11:ffffffe5 x19:ffffffbb
26904325ns          462534 1c009416 40a75713 srai             x14, x14, 0x40a     x14=00000004 x14:00001299
26904345ns          462535 1c009418 40a5d593 srai             x11, x11, 0x40a     x11=00000001 x11:00000747
26904365ns          462536 1c00941a 40a65613 srai             x12, x12, 0x40a     x12=00000007 x12:00001ef1
26904384ns          462537 1c00941c 40a7d793 srai             x15, x15, 0x40a     x15=fffffffe x15:fffff90c
26904404ns          462538 1c00941e 1c0034b7 lui              x9, 0x1c003000       x9=1c003000
26904424ns          462539 1c009422 00e60633 add              x12, x12, x14       x12=0000000b x12:00000007 x14:00000004
26904444ns          462540 1c009424 40b787b3 sub              x15, x15, x11       x15=fffffffd x15:fffffffe x11:00000001
26904464ns          462541 1c009426 eb048493 addi             x9, x9, -336         x9=1c002eb0  x9:1c003000
26904484ns          462542 1c00942a 1c0032b7 lui              x5, 0x1c003000       x5=1c003000
26904504ns          462543 1c00942e 1c0035b7 lui              x11, 0x1c003000     x11=1c003000
26904524ns          462544 1c009432 018483b3 add              x7, x9, x24          x7=1c002eb4  x9:1c002eb0 x24:00000004
26904544ns          462545 1c009436 02812e83 lw               x29, 40(x2)         x29=1c002ec4  x2:100014d8  PA:10001500
26904563ns          462546 1c009438 10065633 p.exthz          x12, x12, x0        x12=0000000b x12:0000000b
26904583ns          462547 1c00943c e8028293 addi             x5, x5, -384         x5=1c002e80  x5:1c003000
26904603ns          462548 1c009440 ea058593 addi             x11, x11, -352      x11=1c002ea0 x11:1c003000
26904643ns          462550 1c009444 03812483 lw               x9, 56(x2)           x9=1c002ee4  x2:100014d8  PA:10001510
26904663ns          462551 1c009446 10064733 p.exths          x14, x12, x0        x14=0000000b x12:0000000b
26904683ns          462552 1c00944a 018280b3 add              x1, x5, x24          x1=1c002e84  x5:1c002e80 x24:00000004
26904703ns          462553 1c00944e 03012f03 lw               x30, 48(x2)         x30=1c002ed4  x2:100014d8  PA:10001508
26904723ns          462554 1c009450 018582b3 add              x5, x11, x24         x5=1c002ea4 x11:1c002ea0 x24:00000004
26904742ns          462555 1c009454 04012583 lw               x11, 64(x2)         x11=1c002ef4  x2:100014d8  PA:10001518
26904762ns          462556 1c009456 000edd83 lhu              x27, 0(x29)         x27=00000978 x29:1c002ec4  PA:1c002ec4
26905061ns          462571 1c00945a 0004d483 lhu              x9, 0(x9)            x9=000000a9  x9:1c002ee4  PA:1c002ee4
26905359ns          462586 1c00945e 02e70333 mul              x6, x14, x14         x6=00000079 x14:0000000b x14:0000000b
26905379ns          462587 1c009462 40a55513 srai             x10, x10, 0x40a     x10=fffffffe x10:fffffa9c
26905399ns          462588 1c009464 04812e83 lw               x29, 72(x2)         x29=1c002f04  x2:100014d8  PA:10001520
26905419ns          462589 1c009466 40a6d693 srai             x13, x13, 0x40a     x13=00000002 x13:00000963
26905439ns          462590 1c009468 000f5d03 lhu              x26, 0(x30)         x26=0000024b x30:1c002ed4  PA:1c002ed4
26905757ns          462606 1c00946c 0005d583 lhu              x11, 0(x11)         x11=00000035 x11:1c002ef4  PA:1c002ef4
26906055ns          462621 1c009470 40a35313 srai             x6, x6, 0x40a        x6=00000000  x6:00000079
26906075ns          462622 1c009474 00a686b3 add              x13, x13, x10       x13=00000000 x13:00000002 x10:fffffffe
26906095ns          462623 1c009476 05012f03 lw               x30, 80(x2)         x30=1c002e74  x2:100014d8  PA:10001528
26906115ns          462624 1c009478 10034e33 p.exths          x28, x6, x0         x28=00000000  x6:00000000
26906135ns          462625 1c00947c 06911023 sh               x9, 96(x2)           x9:000000a9  x2:100014d8  PA:10001538
26906155ns          462626 1c009480 000ede83 lhu              x29, 0(x29)         x29=00000010 x29:1c002f04  PA:1c002f04
26906453ns          462641 1c009484 05812483 lw               x9, 88(x2)           x9=1c002e64  x2:100014d8  PA:10001530
26906473ns          462642 1c009486 1006d6b3 p.exthz          x13, x13, x0        x13=00000000 x13:00000000
26906493ns          462643 1c00948a 02ee08b3 mul              x17, x28, x14       x17=00000000 x28:00000000 x14:0000000b
26906512ns          462644 1c00948e 1006c833 p.exths          x16, x13, x0        x16=00000000 x13:00000000
26906532ns          462645 1c009492 06b11823 sh               x11, 112(x2)        x11:00000035  x2:100014d8  PA:10001548
26906552ns          462646 1c009496 000f5f03 lhu              x30, 0(x30)         x30=0000ff88 x30:1c002e74  PA:1c002e74
26906870ns          462662 1c00949a 0a012583 lw               x11, 160(x2)        x11=1c002e94  x2:100014d8  PA:10001578
26906890ns          462663 1c00949c 1007d7b3 p.exthz          x15, x15, x0        x15=0000fffd x15:fffffffd
26906910ns          462664 1c0094a0 0004da03 lhu              x20, 0(x9)          x20=0000fdcd  x9:1c002e64  PA:1c002e64
26907228ns          462680 1c0094a4 1007c533 p.exths          x10, x15, x0        x10=fffffffd x15:0000fffd
26907248ns          462681 1c0094a8 09d11023 sh               x29, 128(x2)        x29:00000010  x2:100014d8  PA:10001558
26907268ns          462682 1c0094ac 0003d483 lhu              x9, 0(x7)            x9=0000fff0  x7:1c002eb4  PA:1c002eb4
26907567ns          462697 1c0094b0 02e80eb3 mul              x29, x16, x14       x29=00000000 x16:00000000 x14:0000000b
26907586ns          462698 1c0094b4 40a8d893 srai             x17, x17, 0x40a     x17=00000000 x17:00000000
26907606ns          462699 1c0094b8 03c80833 mul              x16, x16, x28       x16=00000000 x16:00000000 x28:00000000
26907626ns          462700 1c0094bc 09e11823 sh               x30, 144(x2)        x30:0000ff88  x2:100014d8  PA:10001568
26907646ns          462701 1c0094c0 0005d983 lhu              x19, 0(x11)         x19=0000ffd8 x11:1c002e94  PA:1c002e94
26908044ns          462721 1c0094c4 81c88f5b p.muls           x30, x17, x28       x30=00000000 x17:00000000 x28:00000000
26908064ns          462722 1c0094c8 0002d583 lhu              x11, 0(x5)          x11=0000ffcd  x5:1c002ea4  PA:1c002ea4
26908422ns          462740 1c0094cc 03ce0fb3 mul              x31, x28, x28       x31=00000000 x28:00000000 x28:00000000
26908442ns          462741 1c0094d0 02e50733 mul              x14, x10, x14       x14=ffffffdf x10:fffffffd x14:0000000b
26908462ns          462742 1c0094d4 40a85813 srai             x16, x16, 0x40a     x16=00000000 x16:00000000
26908481ns          462743 1c0094d8 03c50533 mul              x10, x10, x28       x10=00000000 x10:fffffffd x28:00000000
26908501ns          462744 1c0094dc 07015e03 lhu              x28, 112(x2)        x28=00000035  x2:100014d8  PA:10001548
26908541ns          462746 1c0094e0 01b60633 add              x12, x12, x27       x12=00000983 x12:0000000b x27:00000978
26908561ns          462747 1c0094e2 00980833 add              x16, x16, x9        x16=0000fff0 x16:00000000  x9:0000fff0
26908581ns          462748 1c0094e4 06015d83 lhu              x27, 96(x2)         x27=000000a9  x2:100014d8  PA:10001538
26908601ns          462749 1c0094e8 02812483 lw               x9, 40(x2)           x9=1c002ec4  x2:100014d8  PA:10001500
26908621ns          462750 1c0094ea 40afdf93 srai             x31, x31, 0x40a     x31=00000000 x31:00000000
26908641ns          462751 1c0094ee 40a55513 srai             x10, x10, 0x40a     x10=00000000 x10:00000000
26908660ns          462752 1c0094f0 01cf8fb3 add              x31, x31, x28       x31=00000035 x31:00000000 x28:00000035
26908680ns          462753 1c0094f2 00b50533 add              x10, x10, x11       x10=0000ffcd x10:00000000 x11:0000ffcd
26908700ns          462754 1c0094f4 09015e03 lhu              x28, 144(x2)        x28=0000ff88  x2:100014d8  PA:10001568
26908720ns          462755 1c0094f8 03012583 lw               x11, 48(x2)         x11=1c002ed4  x2:100014d8  PA:10001508
26908760ns          462757 1c0094fa 00c49023 sh               x12, 0(x9)          x12:00000983  x9:1c002ec4  PA:1c002ec4
26909078ns          462773 1c0094fe 01b888b3 add              x17, x17, x27       x17=000000a9 x17:00000000 x27:000000a9
26909098ns          462774 1c009500 01a30333 add              x6, x6, x26          x6=0000024b  x6:00000000 x26:0000024b
26909118ns          462775 1c009502 08015d83 lhu              x27, 128(x2)        x27=00000010  x2:100014d8  PA:10001558
26909138ns          462776 1c009506 0000d903 lhu              x18, 0(x1)          x18=0000ff69  x1:1c002e84  PA:1c002e84
26909476ns          462793 1c00950a 01c686b3 add              x13, x13, x28       x13=0000ff88 x13:00000000 x28:0000ff88
26909496ns          462794 1c00950c 00659023 sh               x6, 0(x11)           x6:0000024b x11:1c002ed4  PA:1c002ed4
26909814ns          462810 1c009510 40af5f13 srai             x30, x30, 0x40a     x30=00000000 x30:00000000
26909834ns          462811 1c009514 04812e03 lw               x28, 72(x2)         x28=1c002f04  x2:100014d8  PA:10001520
26909854ns          462812 1c009516 01bf0f33 add              x30, x30, x27       x30=00000010 x30:00000000 x27:00000010
26909874ns          462813 1c009518 40aede93 srai             x29, x29, 0x40a     x29=00000000 x29:00000000
26909893ns          462814 1c00951c 40a75713 srai             x14, x14, 0x40a     x14=ffffffff x14:ffffffdf
26909913ns          462815 1c00951e 03812603 lw               x12, 56(x2)         x12=1c002ee4  x2:100014d8  PA:10001510
26909933ns          462816 1c009520 04012d83 lw               x27, 64(x2)         x27=1c002ef4  x2:100014d8  PA:10001518
26909953ns          462817 1c009522 01ee1023 sh               x30, 0(x28)         x30:00000010 x28:1c002f04  PA:1c002f04
26910271ns          462833 1c009526 05812483 lw               x9, 88(x2)           x9=1c002e64  x2:100014d8  PA:10001530
26910291ns          462834 1c009528 05012f03 lw               x30, 80(x2)         x30=1c002e74  x2:100014d8  PA:10001528
26910311ns          462835 1c00952a 0a012583 lw               x11, 160(x2)        x11=1c002e94  x2:100014d8  PA:10001578
26910331ns          462836 1c00952c 014787b3 add              x15, x15, x20       x15=0001fdca x15:0000fffd x20:0000fdcd
26910351ns          462837 1c00952e 013e8eb3 add              x29, x29, x19       x29=0000ffd8 x29:00000000 x19:0000ffd8
26910371ns          462838 1c009530 01270733 add              x14, x14, x18       x14=0000ff68 x14:ffffffff x18:0000ff69
26910391ns          462839 1c009532 00f49023 sh               x15, 0(x9)          x15:0001fdca  x9:1c002e64  PA:1c002e64
26910729ns          462856 1c009536 01161023 sh               x17, 0(x12)         x17:000000a9 x12:1c002ee4  PA:1c002ee4
26911047ns          462872 1c00953a 01fd9023 sh               x31, 0(x27)         x31:00000035 x27:1c002ef4  PA:1c002ef4
26911365ns          462888 1c00953e 00df1023 sh               x13, 0(x30)         x13:0000ff88 x30:1c002e74  PA:1c002e74
26911683ns          462904 1c009542 01d59023 sh               x29, 0(x11)         x29:0000ffd8 x11:1c002e94  PA:1c002e94
26912002ns          462920 1c009546 00e09023 sh               x14, 0(x1)          x14:0000ff68  x1:1c002e84  PA:1c002e84
26912320ns          462936 1c00954a 01039023 sh               x16, 0(x7)          x16:0000fff0  x7:1c002eb4  PA:1c002eb4
26912638ns          462952 1c00954e 00a29023 sh               x10, 0(x5)          x10:0000ffcd  x5:1c002ea4  PA:1c002ea4
26912956ns          462968 1c009552 008b0b13 addi             x22, x22, 8         x22=00000082 x22:0000007a
26912976ns          462969 1c009554 1f300793 addi             x15, x0, 499        x15=000001f3
26912996ns          462970 1c009558 e767dae3 bge              x15, x22, -396      x15:000001f3 x22:00000082
26913095ns          462975 1c0093cc 010c9a0b p.lh             x20, 16(x25!)       x20=ffffff83 x25=1c00279c x25:1c00278c  PA:1c00278c
26913453ns          462993 1c0093d0 0104198b p.lh             x19, 16(x8!)        x19=00000222  x8=1c001f64  x8:1c001f54  PA:1c001f54
26913792ns          463010 1c0093d4 2cc10513 addi             x10, x2, 716        x10=100017a4  x2:100014d8
26913811ns          463011 1c0093d6 010a990b p.lh             x18, 16(x21!)       x18=ffffffd6 x21=1c001790 x21:1c001780  PA:1c001780
26914110ns          463026 1c0093da 010b948b p.lh             x9, 16(x23!)         x9=00000223 x23=1c000fc0 x23:1c000fb0  PA:1c000fb0
26914408ns          463041 1c0093de 2d411623 sh               x20, 716(x2)        x20:ffffff83  x2:100014d8  PA:100017a4
26914428ns          463042 1c0093e2 2d311723 sh               x19, 718(x2)        x19:00000222  x2:100014d8  PA:100017a6
26914448ns          463043 1c0093e6 c33ff0ef jal              x1, -974             x1=1c0093e8
26914527ns          463047 1c009018 00051803 lh               x16, 0(x10)         x16=ffffff83 x10:100017a4  PA:100017a4
26914567ns          463049 1c00901c 00251883 lh               x17, 2(x10)         x17=00000222 x10:100017a4  PA:100017a6
26914627ns          463052 1c009020 030806b3 mul              x13, x16, x16       x13=00003d09 x16:ffffff83 x16:ffffff83
26914667ns          463054 1c009024 03188633 mul              x12, x17, x17       x12=00048c84 x17:00000222 x17:00000222
26914686ns          463055 1c009028 40a65613 srai             x12, x12, 0x40a     x12=00000123 x12:00048c84
26914706ns          463056 1c00902a 40a6d693 srai             x13, x13, 0x40a     x13=0000000f x13:00003d09
26914726ns          463057 1c00902c 00c686b3 add              x13, x13, x12       x13=00000132 x13:0000000f x12:00000123
26914746ns          463058 1c00902e 1006c633 p.exths          x12, x13, x0        x12=00000132 x13:00000132
26914766ns          463059 1c009032 00855703 lhu              x14, 8(x10)         x14=0000ffd1 x10:100017a4  PA:100017ac
26914786ns          463060 1c009036 00a55683 lhu              x13, 10(x10)        x13=0000ff6a x10:100017a4  PA:100017ae
26914806ns          463061 1c00903a 02c60333 mul              x6, x12, x12         x6=00016dc4 x12:00000132 x12:00000132
26914826ns          463062 1c00903e 00c55783 lhu              x15, 12(x10)        x15=0000ffe5 x10:100017a4  PA:100017b0
26914846ns          463063 1c009042 00e55583 lhu              x11, 14(x10)        x11=00000060 x10:100017a4  PA:100017b2
26914865ns          463064 1c009046 dea30333 p.extract        x6, x6, 15, 10       x6=0000005b  x6:00016dc4
26914885ns          463065 1c00904a 80c7075b p.muls           x14, x14, x12       x14=ffffc7d2 x14:0000ffd1 x12:00000132
26914905ns          463066 1c00904e 80c686db p.muls           x13, x13, x12       x13=ffff4cb4 x13:0000ff6a x12:00000132
26914925ns          463067 1c009052 00455e83 lhu              x29, 4(x10)         x29=00000427 x10:100017a4  PA:100017a8
26914945ns          463068 1c009056 00655e03 lhu              x28, 6(x10)         x28=0000007f x10:100017a4  PA:100017aa
26914965ns          463069 1c00905a 40a75713 srai             x14, x14, 0x40a     x14=fffffff1 x14:ffffc7d2
26914985ns          463070 1c00905c 806787db p.muls           x15, x15, x6        x15=fffff667 x15:0000ffe5  x6:0000005b
26915005ns          463071 1c009060 40a6d693 srai             x13, x13, 0x40a     x13=ffffffd3 x13:ffff4cb4
26915044ns          463073 1c009062 8065865b p.muls           x12, x11, x6        x12=00002220 x11:00000060  x6:0000005b
26915064ns          463074 1c009066 40a7d793 srai             x15, x15, 0x40a     x15=fffffffd x15:fffff667
26915084ns          463075 1c009068 40a65613 srai             x12, x12, 0x40a     x12=00000008 x12:00002220
26915104ns          463076 1c00906a 01d70733 add              x14, x14, x29       x14=00000418 x14:fffffff1 x29:00000427
26915124ns          463077 1c00906c 01c686b3 add              x13, x13, x28       x13=00000052 x13:ffffffd3 x28:0000007f
26915144ns          463078 1c00906e 00c686b3 add              x13, x13, x12       x13=0000005a x13:00000052 x12:00000008
26915164ns          463079 1c009070 00f70733 add              x14, x14, x15       x14=00000415 x14:00000418 x15:fffffffd
26915184ns          463080 1c009072 100747b3 p.exths          x15, x14, x0        x15=00000415 x14:00000415
26915204ns          463081 1c009076 1006c733 p.exths          x14, x13, x0        x14=0000005a x13:0000005a
26915223ns          463082 1c00907a 03170633 mul              x12, x14, x17       x12=0000bff4 x14:0000005a x17:00000222
26915243ns          463083 1c00907e 030786b3 mul              x13, x15, x16       x13=fffe01bf x15:00000415 x16:ffffff83
26915263ns          463084 1c009082 03070733 mul              x14, x14, x16       x14=ffffd40e x14:0000005a x16:ffffff83
26915283ns          463085 1c009086 031787b3 mul              x15, x15, x17       x15=0008b4ca x15:00000415 x17:00000222
26915303ns          463086 1c00908a 40a6d693 srai             x13, x13, 0x40a     x13=ffffff80 x13:fffe01bf
26915323ns          463087 1c00908c 40a65613 srai             x12, x12, 0x40a     x12=0000002f x12:0000bff4
26915343ns          463088 1c00908e 40a7d793 srai             x15, x15, 0x40a     x15=0000022d x15:0008b4ca
26915363ns          463089 1c009090 40a75713 srai             x14, x14, 0x40a     x14=fffffff5 x14:ffffd40e
26915383ns          463090 1c009092 40c686b3 sub              x13, x13, x12       x13=ffffff51 x13:ffffff80 x12:0000002f
26915402ns          463091 1c009094 00e787b3 add              x15, x15, x14       x15=00000222 x15:0000022d x14:fffffff5
26915422ns          463092 1c009096 00d51823 sh               x13, 16(x10)        x13:ffffff51 x10:100017a4  PA:100017b4
26915442ns          463093 1c00909a 00f51923 sh               x15, 18(x10)        x15:00000222 x10:100017a4  PA:100017b6
26915462ns          463094 1c00909e 00008067 jalr             x0, x1, 0            x1:1c0093e8
26915542ns          463098 1c0093e8 2dc15583 lhu              x11, 732(x2)        x11=0000ff51  x2:100014d8  PA:100017b4
26915562ns          463099 1c0093ec 2de15783 lhu              x15, 734(x2)        x15=00000222  x2:100014d8  PA:100017b6
26915581ns          463100 1c0093f0 40b90933 sub              x18, x18, x11       x18=ffff0085 x18:ffffffd6 x11:0000ff51
26915601ns          463101 1c0093f4 40f484b3 sub              x9, x9, x15          x9=00000001  x9:00000223 x15:00000222
26915621ns          463102 1c0093f6 100945b3 p.exths          x11, x18, x0        x11=00000085 x18:ffff0085
26915641ns          463103 1c0093fa 1004c7b3 p.exths          x15, x9, x0         x15=00000001  x9:00000001
26915661ns          463104 1c0093fe 034586b3 mul              x13, x11, x20       x13=ffffbf0f x11:00000085 x20:ffffff83
26915681ns          463105 1c009402 03378533 mul              x10, x15, x19       x10=00000222 x15:00000001 x19:00000222
26915701ns          463106 1c009406 034a0633 mul              x12, x20, x20       x12=00003d09 x20:ffffff83 x20:ffffff83
26915721ns          463107 1c00940a 03398733 mul              x14, x19, x19       x14=00048c84 x19:00000222 x19:00000222
26915780ns          463110 1c00940e 034787b3 mul              x15, x15, x20       x15=ffffff83 x15:00000001 x20:ffffff83
26915820ns          463112 1c009412 033585b3 mul              x11, x11, x19       x11=00011baa x11:00000085 x19:00000222
26915840ns          463113 1c009416 40a75713 srai             x14, x14, 0x40a     x14=00000123 x14:00048c84
26915860ns          463114 1c009418 40a5d593 srai             x11, x11, 0x40a     x11=00000046 x11:00011baa
26915880ns          463115 1c00941a 40a65613 srai             x12, x12, 0x40a     x12=0000000f x12:00003d09
26915900ns          463116 1c00941c 40a7d793 srai             x15, x15, 0x40a     x15=ffffffff x15:ffffff83
26915920ns          463117 1c00941e 1c0034b7 lui              x9, 0x1c003000       x9=1c003000
26915939ns          463118 1c009422 00e60633 add              x12, x12, x14       x12=00000132 x12:0000000f x14:00000123
26915959ns          463119 1c009424 40b787b3 sub              x15, x15, x11       x15=ffffffb9 x15:ffffffff x11:00000046
26915979ns          463120 1c009426 eb048493 addi             x9, x9, -336         x9=1c002eb0  x9:1c003000
26915999ns          463121 1c00942a 1c0032b7 lui              x5, 0x1c003000       x5=1c003000
26916019ns          463122 1c00942e 1c0035b7 lui              x11, 0x1c003000     x11=1c003000
26916039ns          463123 1c009432 018483b3 add              x7, x9, x24          x7=1c002eb4  x9:1c002eb0 x24:00000004
26916059ns          463124 1c009436 02812e83 lw               x29, 40(x2)         x29=1c002ec4  x2:100014d8  PA:10001500
26916079ns          463125 1c009438 10065633 p.exthz          x12, x12, x0        x12=00000132 x12:00000132
26916099ns          463126 1c00943c e8028293 addi             x5, x5, -384         x5=1c002e80  x5:1c003000
26916118ns          463127 1c009440 ea058593 addi             x11, x11, -352      x11=1c002ea0 x11:1c003000
26916138ns          463128 1c009444 03812483 lw               x9, 56(x2)           x9=1c002ee4  x2:100014d8  PA:10001510
26916158ns          463129 1c009446 10064733 p.exths          x14, x12, x0        x14=00000132 x12:00000132
26916178ns          463130 1c00944a 018280b3 add              x1, x5, x24          x1=1c002e84  x5:1c002e80 x24:00000004
26916198ns          463131 1c00944e 03012f03 lw               x30, 48(x2)         x30=1c002ed4  x2:100014d8  PA:10001508
26916218ns          463132 1c009450 018582b3 add              x5, x11, x24         x5=1c002ea4 x11:1c002ea0 x24:00000004
26916238ns          463133 1c009454 04012583 lw               x11, 64(x2)         x11=1c002ef4  x2:100014d8  PA:10001518
26916258ns          463134 1c009456 000edd83 lhu              x27, 0(x29)         x27=00000983 x29:1c002ec4  PA:1c002ec4
26916576ns          463150 1c00945a 0004d483 lhu              x9, 0(x9)            x9=000000a9  x9:1c002ee4  PA:1c002ee4
26916874ns          463165 1c00945e 02e70333 mul              x6, x14, x14         x6=00016dc4 x14:00000132 x14:00000132
26916894ns          463166 1c009462 40a55513 srai             x10, x10, 0x40a     x10=00000000 x10:00000222
26916914ns          463167 1c009464 04812e83 lw               x29, 72(x2)         x29=1c002f04  x2:100014d8  PA:10001520
26916934ns          463168 1c009466 40a6d693 srai             x13, x13, 0x40a     x13=ffffffef x13:ffffbf0f
26916954ns          463169 1c009468 000f5d03 lhu              x26, 0(x30)         x26=0000024b x30:1c002ed4  PA:1c002ed4
26917272ns          463185 1c00946c 0005d583 lhu              x11, 0(x11)         x11=00000035 x11:1c002ef4  PA:1c002ef4
26917570ns          463200 1c009470 40a35313 srai             x6, x6, 0x40a        x6=0000005b  x6:00016dc4
26917590ns          463201 1c009474 00a686b3 add              x13, x13, x10       x13=ffffffef x13:ffffffef x10:00000000
26917610ns          463202 1c009476 05012f03 lw               x30, 80(x2)         x30=1c002e74  x2:100014d8  PA:10001528
26917630ns          463203 1c009478 10034e33 p.exths          x28, x6, x0         x28=0000005b  x6:0000005b
26917650ns          463204 1c00947c 06911023 sh               x9, 96(x2)           x9:000000a9  x2:100014d8  PA:10001538
26917670ns          463205 1c009480 000ede83 lhu              x29, 0(x29)         x29=00000010 x29:1c002f04  PA:1c002f04
26918048ns          463224 1c009484 05812483 lw               x9, 88(x2)           x9=1c002e64  x2:100014d8  PA:10001530
26918067ns          463225 1c009486 1006d6b3 p.exthz          x13, x13, x0        x13=0000ffef x13:ffffffef
26918087ns          463226 1c00948a 02ee08b3 mul              x17, x28, x14       x17=00006cc6 x28:0000005b x14:00000132
26918107ns          463227 1c00948e 1006c833 p.exths          x16, x13, x0        x16=ffffffef x13:0000ffef
26918127ns          463228 1c009492 06b11823 sh               x11, 112(x2)        x11:00000035  x2:100014d8  PA:10001548
26918147ns          463229 1c009496 000f5f03 lhu              x30, 0(x30)         x30=0000ff88 x30:1c002e74  PA:1c002e74
26918445ns          463244 1c00949a 0a012583 lw               x11, 160(x2)        x11=1c002e94  x2:100014d8  PA:10001578
26918465ns          463245 1c00949c 1007d7b3 p.exthz          x15, x15, x0        x15=0000ffb9 x15:ffffffb9
26918485ns          463246 1c0094a0 0004da03 lhu              x20, 0(x9)          x20=0000fdca  x9:1c002e64  PA:1c002e64
26918883ns          463266 1c0094a4 1007c533 p.exths          x10, x15, x0        x10=ffffffb9 x15:0000ffb9
26918903ns          463267 1c0094a8 09d11023 sh               x29, 128(x2)        x29:00000010  x2:100014d8  PA:10001558
26918923ns          463268 1c0094ac 0003d483 lhu              x9, 0(x7)            x9=0000fff0  x7:1c002eb4  PA:1c002eb4
26919221ns          463283 1c0094b0 02e80eb3 mul              x29, x16, x14       x29=ffffebae x16:ffffffef x14:00000132
26919241ns          463284 1c0094b4 40a8d893 srai             x17, x17, 0x40a     x17=0000001b x17:00006cc6
26919261ns          463285 1c0094b8 03c80833 mul              x16, x16, x28       x16=fffff9f5 x16:ffffffef x28:0000005b
26919281ns          463286 1c0094bc 09e11823 sh               x30, 144(x2)        x30:0000ff88  x2:100014d8  PA:10001568
26919300ns          463287 1c0094c0 0005d983 lhu              x19, 0(x11)         x19=0000ffd8 x11:1c002e94  PA:1c002e94
26919599ns          463302 1c0094c4 81c88f5b p.muls           x30, x17, x28       x30=00000999 x17:0000001b x28:0000005b
26919619ns          463303 1c0094c8 0002d583 lhu              x11, 0(x5)          x11=0000ffcd  x5:1c002ea4  PA:1c002ea4
26920076ns          463326 1c0094cc 03ce0fb3 mul              x31, x28, x28       x31=00002059 x28:0000005b x28:0000005b
26920096ns          463327 1c0094d0 02e50733 mul              x14, x10, x14       x14=ffffab22 x10:ffffffb9 x14:00000132
26920116ns          463328 1c0094d4 40a85813 srai             x16, x16, 0x40a     x16=fffffffe x16:fffff9f5
26920136ns          463329 1c0094d8 03c50533 mul              x10, x10, x28       x10=ffffe6c3 x10:ffffffb9 x28:0000005b
26920156ns          463330 1c0094dc 07015e03 lhu              x28, 112(x2)        x28=00000035  x2:100014d8  PA:10001548
26920176ns          463331 1c0094e0 01b60633 add              x12, x12, x27       x12=00000ab5 x12:00000132 x27:00000983
26920195ns          463332 1c0094e2 00980833 add              x16, x16, x9        x16=0000ffee x16:fffffffe  x9:0000fff0
26920215ns          463333 1c0094e4 06015d83 lhu              x27, 96(x2)         x27=000000a9  x2:100014d8  PA:10001538
26920235ns          463334 1c0094e8 02812483 lw               x9, 40(x2)           x9=1c002ec4  x2:100014d8  PA:10001500
26920255ns          463335 1c0094ea 40afdf93 srai             x31, x31, 0x40a     x31=00000008 x31:00002059
26920275ns          463336 1c0094ee 40a55513 srai             x10, x10, 0x40a     x10=fffffff9 x10:ffffe6c3
26920295ns          463337 1c0094f0 01cf8fb3 add              x31, x31, x28       x31=0000003d x31:00000008 x28:00000035
26920315ns          463338 1c0094f2 00b50533 add              x10, x10, x11       x10=0000ffc6 x10:fffffff9 x11:0000ffcd
26920335ns          463339 1c0094f4 09015e03 lhu              x28, 144(x2)        x28=0000ff88  x2:100014d8  PA:10001568
26920355ns          463340 1c0094f8 03012583 lw               x11, 48(x2)         x11=1c002ed4  x2:100014d8  PA:10001508
26920374ns          463341 1c0094fa 00c49023 sh               x12, 0(x9)          x12:00000ab5  x9:1c002ec4  PA:1c002ec4
26920693ns          463357 1c0094fe 01b888b3 add              x17, x17, x27       x17=000000c4 x17:0000001b x27:000000a9
26920713ns          463358 1c009500 01a30333 add              x6, x6, x26          x6=000002a6  x6:0000005b x26:0000024b
26920732ns          463359 1c009502 08015d83 lhu              x27, 128(x2)        x27=00000010  x2:100014d8  PA:10001558
26920752ns          463360 1c009506 0000d903 lhu              x18, 0(x1)          x18=0000ff68  x1:1c002e84  PA:1c002e84
26921150ns          463380 1c00950a 01c686b3 add              x13, x13, x28       x13=0001ff77 x13:0000ffef x28:0000ff88
26921170ns          463381 1c00950c 00659023 sh               x6, 0(x11)           x6:000002a6 x11:1c002ed4  PA:1c002ed4
26921488ns          463397 1c009510 40af5f13 srai             x30, x30, 0x40a     x30=00000002 x30:00000999
26921508ns          463398 1c009514 04812e03 lw               x28, 72(x2)         x28=1c002f04  x2:100014d8  PA:10001520
26921528ns          463399 1c009516 01bf0f33 add              x30, x30, x27       x30=00000012 x30:00000002 x27:00000010
26921548ns          463400 1c009518 40aede93 srai             x29, x29, 0x40a     x29=fffffffa x29:ffffebae
26921568ns          463401 1c00951c 40a75713 srai             x14, x14, 0x40a     x14=ffffffea x14:ffffab22
26921588ns          463402 1c00951e 03812603 lw               x12, 56(x2)         x12=1c002ee4  x2:100014d8  PA:10001510
26921607ns          463403 1c009520 04012d83 lw               x27, 64(x2)         x27=1c002ef4  x2:100014d8  PA:10001518
26921627ns          463404 1c009522 01ee1023 sh               x30, 0(x28)         x30:00000012 x28:1c002f04  PA:1c002f04
26921946ns          463420 1c009526 05812483 lw               x9, 88(x2)           x9=1c002e64  x2:100014d8  PA:10001530
26921965ns          463421 1c009528 05012f03 lw               x30, 80(x2)         x30=1c002e74  x2:100014d8  PA:10001528
26921985ns          463422 1c00952a 0a012583 lw               x11, 160(x2)        x11=1c002e94  x2:100014d8  PA:10001578
26922005ns          463423 1c00952c 014787b3 add              x15, x15, x20       x15=0001fd83 x15:0000ffb9 x20:0000fdca
26922025ns          463424 1c00952e 013e8eb3 add              x29, x29, x19       x29=0000ffd2 x29:fffffffa x19:0000ffd8
26922045ns          463425 1c009530 01270733 add              x14, x14, x18       x14=0000ff52 x14:ffffffea x18:0000ff68
26922065ns          463426 1c009532 00f49023 sh               x15, 0(x9)          x15:0001fd83  x9:1c002e64  PA:1c002e64
26922443ns          463445 1c009536 01161023 sh               x17, 0(x12)         x17:000000c4 x12:1c002ee4  PA:1c002ee4
26922781ns          463462 1c00953a 01fd9023 sh               x31, 0(x27)         x31:0000003d x27:1c002ef4  PA:1c002ef4
26923099ns          463478 1c00953e 00df1023 sh               x13, 0(x30)         x13:0001ff77 x30:1c002e74  PA:1c002e74
26923417ns          463494 1c009542 01d59023 sh               x29, 0(x11)         x29:0000ffd2 x11:1c002e94  PA:1c002e94
26923795ns          463513 1c009546 00e09023 sh               x14, 0(x1)          x14:0000ff52  x1:1c002e84  PA:1c002e84
26924133ns          463530 1c00954a 01039023 sh               x16, 0(x7)          x16:0000ffee  x7:1c002eb4  PA:1c002eb4
26924451ns          463546 1c00954e 00a29023 sh               x10, 0(x5)          x10:0000ffc6  x5:1c002ea4  PA:1c002ea4
26924770ns          463562 1c009552 008b0b13 addi             x22, x22, 8         x22=0000008a x22:00000082
26924790ns          463563 1c009554 1f300793 addi             x15, x0, 499        x15=000001f3
26924809ns          463564 1c009558 e767dae3 bge              x15, x22, -396      x15:000001f3 x22:0000008a
26924909ns          463569 1c0093cc 010c9a0b p.lh             x20, 16(x25!)       x20=00000181 x25=1c0027ac x25:1c00279c  PA:1c00279c
26925207ns          463584 1c0093d0 0104198b p.lh             x19, 16(x8!)        x19=ffffffb7  x8=1c001f74  x8:1c001f64  PA:1c001f64
26925506ns          463599 1c0093d4 2cc10513 addi             x10, x2, 716        x10=100017a4  x2:100014d8
26925525ns          463600 1c0093d6 010a990b p.lh             x18, 16(x21!)       x18=00000175 x21=1c0017a0 x21:1c001790  PA:1c001790
26925824ns          463615 1c0093da 010b948b p.lh             x9, 16(x23!)         x9=ffffff9c x23=1c000fd0 x23:1c000fc0  PA:1c000fc0
26926122ns          463630 1c0093de 2d411623 sh               x20, 716(x2)        x20:00000181  x2:100014d8  PA:100017a4
26926142ns          463631 1c0093e2 2d311723 sh               x19, 718(x2)        x19:ffffffb7  x2:100014d8  PA:100017a6
26926162ns          463632 1c0093e6 c33ff0ef jal              x1, -974             x1=1c0093e8
26926241ns          463636 1c009018 00051803 lh               x16, 0(x10)         x16=00000181 x10:100017a4  PA:100017a4
26926301ns          463639 1c00901c 00251883 lh               x17, 2(x10)         x17=ffffffb7 x10:100017a4  PA:100017a6
26926341ns          463641 1c009020 030806b3 mul              x13, x16, x16       x13=00024301 x16:00000181 x16:00000181
26926361ns          463642 1c009024 03188633 mul              x12, x17, x17       x12=000014d1 x17:ffffffb7 x17:ffffffb7
26926381ns          463643 1c009028 40a65613 srai             x12, x12, 0x40a     x12=00000005 x12:000014d1
26926400ns          463644 1c00902a 40a6d693 srai             x13, x13, 0x40a     x13=00000090 x13:00024301
26926420ns          463645 1c00902c 00c686b3 add              x13, x13, x12       x13=00000095 x13:00000090 x12:00000005
26926440ns          463646 1c00902e 1006c633 p.exths          x12, x13, x0        x12=00000095 x13:00000095
26926460ns          463647 1c009032 00855703 lhu              x14, 8(x10)         x14=0000ffd1 x10:100017a4  PA:100017ac
26926480ns          463648 1c009036 00a55683 lhu              x13, 10(x10)        x13=0000ff6a x10:100017a4  PA:100017ae
26926500ns          463649 1c00903a 02c60333 mul              x6, x12, x12         x6=000056b9 x12:00000095 x12:00000095
26926520ns          463650 1c00903e 00c55783 lhu              x15, 12(x10)        x15=0000ffe5 x10:100017a4  PA:100017b0
26926540ns          463651 1c009042 00e55583 lhu              x11, 14(x10)        x11=00000060 x10:100017a4  PA:100017b2
26926560ns          463652 1c009046 dea30333 p.extract        x6, x6, 15, 10       x6=00000015  x6:000056b9
26926579ns          463653 1c00904a 80c7075b p.muls           x14, x14, x12       x14=ffffe4a5 x14:0000ffd1 x12:00000095
26926639ns          463656 1c00904e 80c686db p.muls           x13, x13, x12       x13=ffffa8b2 x13:0000ff6a x12:00000095
26926679ns          463658 1c009052 00455e83 lhu              x29, 4(x10)         x29=00000427 x10:100017a4  PA:100017a8
26926699ns          463659 1c009056 00655e03 lhu              x28, 6(x10)         x28=0000007f x10:100017a4  PA:100017aa
26926719ns          463660 1c00905a 40a75713 srai             x14, x14, 0x40a     x14=fffffff9 x14:ffffe4a5
26926739ns          463661 1c00905c 806787db p.muls           x15, x15, x6        x15=fffffdc9 x15:0000ffe5  x6:00000015
26926758ns          463662 1c009060 40a6d693 srai             x13, x13, 0x40a     x13=ffffffea x13:ffffa8b2
26926778ns          463663 1c009062 8065865b p.muls           x12, x11, x6        x12=000007e0 x11:00000060  x6:00000015
26926798ns          463664 1c009066 40a7d793 srai             x15, x15, 0x40a     x15=ffffffff x15:fffffdc9
26926818ns          463665 1c009068 40a65613 srai             x12, x12, 0x40a     x12=00000001 x12:000007e0
26926838ns          463666 1c00906a 01d70733 add              x14, x14, x29       x14=00000420 x14:fffffff9 x29:00000427
26926858ns          463667 1c00906c 01c686b3 add              x13, x13, x28       x13=00000069 x13:ffffffea x28:0000007f
26926878ns          463668 1c00906e 00c686b3 add              x13, x13, x12       x13=0000006a x13:00000069 x12:00000001
26926898ns          463669 1c009070 00f70733 add              x14, x14, x15       x14=0000041f x14:00000420 x15:ffffffff
26926918ns          463670 1c009072 100747b3 p.exths          x15, x14, x0        x15=0000041f x14:0000041f
26926937ns          463671 1c009076 1006c733 p.exths          x14, x13, x0        x14=0000006a x13:0000006a
26926957ns          463672 1c00907a 03170633 mul              x12, x14, x17       x12=ffffe1c6 x14:0000006a x17:ffffffb7
26926977ns          463673 1c00907e 030786b3 mul              x13, x15, x16       x13=0006329f x15:0000041f x16:00000181
26926997ns          463674 1c009082 03070733 mul              x14, x14, x16       x14=00009f6a x14:0000006a x16:00000181
26927017ns          463675 1c009086 031787b3 mul              x15, x15, x17       x15=fffed329 x15:0000041f x17:ffffffb7
26927037ns          463676 1c00908a 40a6d693 srai             x13, x13, 0x40a     x13=0000018c x13:0006329f
26927057ns          463677 1c00908c 40a65613 srai             x12, x12, 0x40a     x12=fffffff8 x12:ffffe1c6
26927077ns          463678 1c00908e 40a7d793 srai             x15, x15, 0x40a     x15=ffffffb4 x15:fffed329
26927097ns          463679 1c009090 40a75713 srai             x14, x14, 0x40a     x14=00000027 x14:00009f6a
26927116ns          463680 1c009092 40c686b3 sub              x13, x13, x12       x13=00000194 x13:0000018c x12:fffffff8
26927136ns          463681 1c009094 00e787b3 add              x15, x15, x14       x15=ffffffdb x15:ffffffb4 x14:00000027
26927156ns          463682 1c009096 00d51823 sh               x13, 16(x10)        x13:00000194 x10:100017a4  PA:100017b4
26927176ns          463683 1c00909a 00f51923 sh               x15, 18(x10)        x15:ffffffdb x10:100017a4  PA:100017b6
26927196ns          463684 1c00909e 00008067 jalr             x0, x1, 0            x1:1c0093e8
26927256ns          463687 1c0093e8 2dc15583 lhu              x11, 732(x2)        x11=00000194  x2:100014d8  PA:100017b4
26927315ns          463690 1c0093ec 2de15783 lhu              x15, 734(x2)        x15=0000ffdb  x2:100014d8  PA:100017b6
26927355ns          463692 1c0093f0 40b90933 sub              x18, x18, x11       x18=ffffffe1 x18:00000175 x11:00000194
26927375ns          463693 1c0093f4 40f484b3 sub              x9, x9, x15          x9=fffeffc1  x9:ffffff9c x15:0000ffdb
26927395ns          463694 1c0093f6 100945b3 p.exths          x11, x18, x0        x11=ffffffe1 x18:ffffffe1
26927415ns          463695 1c0093fa 1004c7b3 p.exths          x15, x9, x0         x15=ffffffc1  x9:fffeffc1
26927435ns          463696 1c0093fe 034586b3 mul              x13, x11, x20       x13=ffffd161 x11:ffffffe1 x20:00000181
26927455ns          463697 1c009402 03378533 mul              x10, x15, x19       x10=000011f7 x15:ffffffc1 x19:ffffffb7
26927474ns          463698 1c009406 034a0633 mul              x12, x20, x20       x12=00024301 x20:00000181 x20:00000181
26927494ns          463699 1c00940a 03398733 mul              x14, x19, x19       x14=000014d1 x19:ffffffb7 x19:ffffffb7
26927554ns          463702 1c00940e 034787b3 mul              x15, x15, x20       x15=ffffa141 x15:ffffffc1 x20:00000181
26927594ns          463704 1c009412 033585b3 mul              x11, x11, x19       x11=000008d7 x11:ffffffe1 x19:ffffffb7
26927614ns          463705 1c009416 40a75713 srai             x14, x14, 0x40a     x14=00000005 x14:000014d1
26927634ns          463706 1c009418 40a5d593 srai             x11, x11, 0x40a     x11=00000002 x11:000008d7
26927653ns          463707 1c00941a 40a65613 srai             x12, x12, 0x40a     x12=00000090 x12:00024301
26927673ns          463708 1c00941c 40a7d793 srai             x15, x15, 0x40a     x15=ffffffe8 x15:ffffa141
26927693ns          463709 1c00941e 1c0034b7 lui              x9, 0x1c003000       x9=1c003000
26927713ns          463710 1c009422 00e60633 add              x12, x12, x14       x12=00000095 x12:00000090 x14:00000005
26927733ns          463711 1c009424 40b787b3 sub              x15, x15, x11       x15=ffffffe6 x15:ffffffe8 x11:00000002
26927753ns          463712 1c009426 eb048493 addi             x9, x9, -336         x9=1c002eb0  x9:1c003000
26927773ns          463713 1c00942a 1c0032b7 lui              x5, 0x1c003000       x5=1c003000
26927793ns          463714 1c00942e 1c0035b7 lui              x11, 0x1c003000     x11=1c003000
26927813ns          463715 1c009432 018483b3 add              x7, x9, x24          x7=1c002eb4  x9:1c002eb0 x24:00000004
26927832ns          463716 1c009436 02812e83 lw               x29, 40(x2)         x29=1c002ec4  x2:100014d8  PA:10001500
26927852ns          463717 1c009438 10065633 p.exthz          x12, x12, x0        x12=00000095 x12:00000095
26927872ns          463718 1c00943c e8028293 addi             x5, x5, -384         x5=1c002e80  x5:1c003000
26927912ns          463720 1c009440 ea058593 addi             x11, x11, -352      x11=1c002ea0 x11:1c003000
26927952ns          463722 1c009444 03812483 lw               x9, 56(x2)           x9=1c002ee4  x2:100014d8  PA:10001510
26927972ns          463723 1c009446 10064733 p.exths          x14, x12, x0        x14=00000095 x12:00000095
26927992ns          463724 1c00944a 018280b3 add              x1, x5, x24          x1=1c002e84  x5:1c002e80 x24:00000004
26928011ns          463725 1c00944e 03012f03 lw               x30, 48(x2)         x30=1c002ed4  x2:100014d8  PA:10001508
26928051ns          463727 1c009450 018582b3 add              x5, x11, x24         x5=1c002ea4 x11:1c002ea0 x24:00000004
26928091ns          463729 1c009454 04012583 lw               x11, 64(x2)         x11=1c002ef4  x2:100014d8  PA:10001518
26928131ns          463731 1c009456 000edd83 lhu              x27, 0(x29)         x27=00000ab5 x29:1c002ec4  PA:1c002ec4
26928469ns          463748 1c00945a 0004d483 lhu              x9, 0(x9)            x9=000000c4  x9:1c002ee4  PA:1c002ee4
26928767ns          463763 1c00945e 02e70333 mul              x6, x14, x14         x6=000056b9 x14:00000095 x14:00000095
26928787ns          463764 1c009462 40a55513 srai             x10, x10, 0x40a     x10=00000004 x10:000011f7
26928807ns          463765 1c009464 04812e83 lw               x29, 72(x2)         x29=1c002f04  x2:100014d8  PA:10001520
26928827ns          463766 1c009466 40a6d693 srai             x13, x13, 0x40a     x13=fffffff4 x13:ffffd161
26928847ns          463767 1c009468 000f5d03 lhu              x26, 0(x30)         x26=000002a6 x30:1c002ed4  PA:1c002ed4
26929165ns          463783 1c00946c 0005d583 lhu              x11, 0(x11)         x11=0000003d x11:1c002ef4  PA:1c002ef4
26929543ns          463802 1c009470 40a35313 srai             x6, x6, 0x40a        x6=00000015  x6:000056b9
26929563ns          463803 1c009474 00a686b3 add              x13, x13, x10       x13=fffffff8 x13:fffffff4 x10:00000004
26929583ns          463804 1c009476 05012f03 lw               x30, 80(x2)         x30=1c002e74  x2:100014d8  PA:10001528
26929602ns          463805 1c009478 10034e33 p.exths          x28, x6, x0         x28=00000015  x6:00000015
26929622ns          463806 1c00947c 06911023 sh               x9, 96(x2)           x9:000000c4  x2:100014d8  PA:10001538
26929642ns          463807 1c009480 000ede83 lhu              x29, 0(x29)         x29=00000012 x29:1c002f04  PA:1c002f04
26929941ns          463822 1c009484 05812483 lw               x9, 88(x2)           x9=1c002e64  x2:100014d8  PA:10001530
26929960ns          463823 1c009486 1006d6b3 p.exthz          x13, x13, x0        x13=0000fff8 x13:fffffff8
26929980ns          463824 1c00948a 02ee08b3 mul              x17, x28, x14       x17=00000c39 x28:00000015 x14:00000095
26930000ns          463825 1c00948e 1006c833 p.exths          x16, x13, x0        x16=fffffff8 x13:0000fff8
26930020ns          463826 1c009492 06b11823 sh               x11, 112(x2)        x11:0000003d  x2:100014d8  PA:10001548
26930040ns          463827 1c009496 000f5f03 lhu              x30, 0(x30)         x30=0000ff77 x30:1c002e74  PA:1c002e74
26930418ns          463846 1c00949a 0a012583 lw               x11, 160(x2)        x11=1c002e94  x2:100014d8  PA:10001578
26930438ns          463847 1c00949c 1007d7b3 p.exthz          x15, x15, x0        x15=0000ffe6 x15:ffffffe6
26930458ns          463848 1c0094a0 0004da03 lhu              x20, 0(x9)          x20=0000fd83  x9:1c002e64  PA:1c002e64
26930756ns          463863 1c0094a4 1007c533 p.exths          x10, x15, x0        x10=ffffffe6 x15:0000ffe6
26930776ns          463864 1c0094a8 09d11023 sh               x29, 128(x2)        x29:00000012  x2:100014d8  PA:10001558
26930796ns          463865 1c0094ac 0003d483 lhu              x9, 0(x7)            x9=0000ffee  x7:1c002eb4  PA:1c002eb4
26931154ns          463883 1c0094b0 02e80eb3 mul              x29, x16, x14       x29=fffffb58 x16:fffffff8 x14:00000095
26931174ns          463884 1c0094b4 40a8d893 srai             x17, x17, 0x40a     x17=00000003 x17:00000c39
26931194ns          463885 1c0094b8 03c80833 mul              x16, x16, x28       x16=ffffff58 x16:fffffff8 x28:00000015
26931213ns          463886 1c0094bc 09e11823 sh               x30, 144(x2)        x30:0000ff77  x2:100014d8  PA:10001568
26931233ns          463887 1c0094c0 0005d983 lhu              x19, 0(x11)         x19=0000ffd2 x11:1c002e94  PA:1c002e94
26931532ns          463902 1c0094c4 81c88f5b p.muls           x30, x17, x28       x30=0000003f x17:00000003 x28:00000015
26931551ns          463903 1c0094c8 0002d583 lhu              x11, 0(x5)          x11=0000ffc6  x5:1c002ea4  PA:1c002ea4
26931890ns          463920 1c0094cc 03ce0fb3 mul              x31, x28, x28       x31=000001b9 x28:00000015 x28:00000015
26931909ns          463921 1c0094d0 02e50733 mul              x14, x10, x14       x14=fffff0de x10:ffffffe6 x14:00000095
26931929ns          463922 1c0094d4 40a85813 srai             x16, x16, 0x40a     x16=ffffffff x16:ffffff58
26931949ns          463923 1c0094d8 03c50533 mul              x10, x10, x28       x10=fffffdde x10:ffffffe6 x28:00000015
26931969ns          463924 1c0094dc 07015e03 lhu              x28, 112(x2)        x28=0000003d  x2:100014d8  PA:10001548
26932009ns          463926 1c0094e0 01b60633 add              x12, x12, x27       x12=00000b4a x12:00000095 x27:00000ab5
26932029ns          463927 1c0094e2 00980833 add              x16, x16, x9        x16=0000ffed x16:ffffffff  x9:0000ffee
26932049ns          463928 1c0094e4 06015d83 lhu              x27, 96(x2)         x27=000000c4  x2:100014d8  PA:10001538
26932069ns          463929 1c0094e8 02812483 lw               x9, 40(x2)           x9=1c002ec4  x2:100014d8  PA:10001500
26932088ns          463930 1c0094ea 40afdf93 srai             x31, x31, 0x40a     x31=00000000 x31:000001b9
26932108ns          463931 1c0094ee 40a55513 srai             x10, x10, 0x40a     x10=ffffffff x10:fffffdde
26932128ns          463932 1c0094f0 01cf8fb3 add              x31, x31, x28       x31=0000003d x31:00000000 x28:0000003d
26932148ns          463933 1c0094f2 00b50533 add              x10, x10, x11       x10=0000ffc5 x10:ffffffff x11:0000ffc6
26932168ns          463934 1c0094f4 09015e03 lhu              x28, 144(x2)        x28=0000ff77  x2:100014d8  PA:10001568
26932188ns          463935 1c0094f8 03012583 lw               x11, 48(x2)         x11=1c002ed4  x2:100014d8  PA:10001508
26932208ns          463936 1c0094fa 00c49023 sh               x12, 0(x9)          x12:00000b4a  x9:1c002ec4  PA:1c002ec4
26932526ns          463952 1c0094fe 01b888b3 add              x17, x17, x27       x17=000000c7 x17:00000003 x27:000000c4
26932546ns          463953 1c009500 01a30333 add              x6, x6, x26          x6=000002bb  x6:00000015 x26:000002a6
26932566ns          463954 1c009502 08015d83 lhu              x27, 128(x2)        x27=00000012  x2:100014d8  PA:10001558
26932586ns          463955 1c009506 0000d903 lhu              x18, 0(x1)          x18=0000ff52  x1:1c002e84  PA:1c002e84
26932884ns          463970 1c00950a 01c686b3 add              x13, x13, x28       x13=0001ff6f x13:0000fff8 x28:0000ff77
26932904ns          463971 1c00950c 00659023 sh               x6, 0(x11)           x6:000002bb x11:1c002ed4  PA:1c002ed4
26933242ns          463988 1c009510 40af5f13 srai             x30, x30, 0x40a     x30=00000000 x30:0000003f
26933262ns          463989 1c009514 04812e03 lw               x28, 72(x2)         x28=1c002f04  x2:100014d8  PA:10001520
26933282ns          463990 1c009516 01bf0f33 add              x30, x30, x27       x30=00000012 x30:00000000 x27:00000012
26933302ns          463991 1c009518 40aede93 srai             x29, x29, 0x40a     x29=fffffffe x29:fffffb58
26933322ns          463992 1c00951c 40a75713 srai             x14, x14, 0x40a     x14=fffffffc x14:fffff0de
26933341ns          463993 1c00951e 03812603 lw               x12, 56(x2)         x12=1c002ee4  x2:100014d8  PA:10001510
26933361ns          463994 1c009520 04012d83 lw               x27, 64(x2)         x27=1c002ef4  x2:100014d8  PA:10001518
26933381ns          463995 1c009522 01ee1023 sh               x30, 0(x28)         x30:00000012 x28:1c002f04  PA:1c002f04
26933699ns          464011 1c009526 05812483 lw               x9, 88(x2)           x9=1c002e64  x2:100014d8  PA:10001530
26933719ns          464012 1c009528 05012f03 lw               x30, 80(x2)         x30=1c002e74  x2:100014d8  PA:10001528
26933739ns          464013 1c00952a 0a012583 lw               x11, 160(x2)        x11=1c002e94  x2:100014d8  PA:10001578
26933759ns          464014 1c00952c 014787b3 add              x15, x15, x20       x15=0001fd69 x15:0000ffe6 x20:0000fd83
26933779ns          464015 1c00952e 013e8eb3 add              x29, x29, x19       x29=0000ffd0 x29:fffffffe x19:0000ffd2
26933799ns          464016 1c009530 01270733 add              x14, x14, x18       x14=0000ff4e x14:fffffffc x18:0000ff52
26933819ns          464017 1c009532 00f49023 sh               x15, 0(x9)          x15:0001fd69  x9:1c002e64  PA:1c002e64
26934137ns          464033 1c009536 01161023 sh               x17, 0(x12)         x17:000000c7 x12:1c002ee4  PA:1c002ee4
26934455ns          464049 1c00953a 01fd9023 sh               x31, 0(x27)         x31:0000003d x27:1c002ef4  PA:1c002ef4
26934773ns          464065 1c00953e 00df1023 sh               x13, 0(x30)         x13:0001ff6f x30:1c002e74  PA:1c002e74
26935111ns          464082 1c009542 01d59023 sh               x29, 0(x11)         x29:0000ffd0 x11:1c002e94  PA:1c002e94
26935430ns          464098 1c009546 00e09023 sh               x14, 0(x1)          x14:0000ff4e  x1:1c002e84  PA:1c002e84
26935748ns          464114 1c00954a 01039023 sh               x16, 0(x7)          x16:0000ffed  x7:1c002eb4  PA:1c002eb4
26936066ns          464130 1c00954e 00a29023 sh               x10, 0(x5)          x10:0000ffc5  x5:1c002ea4  PA:1c002ea4
26936384ns          464146 1c009552 008b0b13 addi             x22, x22, 8         x22=00000092 x22:0000008a
26936404ns          464147 1c009554 1f300793 addi             x15, x0, 499        x15=000001f3
26936424ns          464148 1c009558 e767dae3 bge              x15, x22, -396      x15:000001f3 x22:00000092
26936484ns          464151 1c0093cc 010c9a0b p.lh             x20, 16(x25!)       x20=000000c2 x25=1c0027bc x25:1c0027ac  PA:1c0027ac
26936842ns          464169 1c0093d0 0104198b p.lh             x19, 16(x8!)        x19=000000ae  x8=1c001f84  x8:1c001f74  PA:1c001f74
26937160ns          464185 1c0093d4 2cc10513 addi             x10, x2, 716        x10=100017a4  x2:100014d8
26937180ns          464186 1c0093d6 010a990b p.lh             x18, 16(x21!)       x18=000000cd x21=1c0017b0 x21:1c0017a0  PA:1c0017a0
26937478ns          464201 1c0093da 010b948b p.lh             x9, 16(x23!)         x9=000000af x23=1c000fe0 x23:1c000fd0  PA:1c000fd0
26937776ns          464216 1c0093de 2d411623 sh               x20, 716(x2)        x20:000000c2  x2:100014d8  PA:100017a4
26937796ns          464217 1c0093e2 2d311723 sh               x19, 718(x2)        x19:000000ae  x2:100014d8  PA:100017a6
26937816ns          464218 1c0093e6 c33ff0ef jal              x1, -974             x1=1c0093e8
26937896ns          464222 1c009018 00051803 lh               x16, 0(x10)         x16=000000c2 x10:100017a4  PA:100017a4
26937936ns          464224 1c00901c 00251883 lh               x17, 2(x10)         x17=000000ae x10:100017a4  PA:100017a6
26937975ns          464226 1c009020 030806b3 mul              x13, x16, x16       x13=00009304 x16:000000c2 x16:000000c2
26937995ns          464227 1c009024 03188633 mul              x12, x17, x17       x12=00007644 x17:000000ae x17:000000ae
26938015ns          464228 1c009028 40a65613 srai             x12, x12, 0x40a     x12=0000001d x12:00007644
26938035ns          464229 1c00902a 40a6d693 srai             x13, x13, 0x40a     x13=00000024 x13:00009304
26938055ns          464230 1c00902c 00c686b3 add              x13, x13, x12       x13=00000041 x13:00000024 x12:0000001d
26938075ns          464231 1c00902e 1006c633 p.exths          x12, x13, x0        x12=00000041 x13:00000041
26938095ns          464232 1c009032 00855703 lhu              x14, 8(x10)         x14=0000ffd1 x10:100017a4  PA:100017ac
26938115ns          464233 1c009036 00a55683 lhu              x13, 10(x10)        x13=0000ff6a x10:100017a4  PA:100017ae
26938134ns          464234 1c00903a 02c60333 mul              x6, x12, x12         x6=00001081 x12:00000041 x12:00000041
26938154ns          464235 1c00903e 00c55783 lhu              x15, 12(x10)        x15=0000ffe5 x10:100017a4  PA:100017b0
26938174ns          464236 1c009042 00e55583 lhu              x11, 14(x10)        x11=00000060 x10:100017a4  PA:100017b2
26938194ns          464237 1c009046 dea30333 p.extract        x6, x6, 15, 10       x6=00000004  x6:00001081
26938214ns          464238 1c00904a 80c7075b p.muls           x14, x14, x12       x14=fffff411 x14:0000ffd1 x12:00000041
26938274ns          464241 1c00904e 80c686db p.muls           x13, x13, x12       x13=ffffd9ea x13:0000ff6a x12:00000041
26938313ns          464243 1c009052 00455e83 lhu              x29, 4(x10)         x29=00000427 x10:100017a4  PA:100017a8
26938333ns          464244 1c009056 00655e03 lhu              x28, 6(x10)         x28=0000007f x10:100017a4  PA:100017aa
26938353ns          464245 1c00905a 40a75713 srai             x14, x14, 0x40a     x14=fffffffd x14:fffff411
26938373ns          464246 1c00905c 806787db p.muls           x15, x15, x6        x15=ffffff94 x15:0000ffe5  x6:00000004
26938393ns          464247 1c009060 40a6d693 srai             x13, x13, 0x40a     x13=fffffff6 x13:ffffd9ea
26938413ns          464248 1c009062 8065865b p.muls           x12, x11, x6        x12=00000180 x11:00000060  x6:00000004
26938433ns          464249 1c009066 40a7d793 srai             x15, x15, 0x40a     x15=ffffffff x15:ffffff94
26938453ns          464250 1c009068 40a65613 srai             x12, x12, 0x40a     x12=00000000 x12:00000180
26938473ns          464251 1c00906a 01d70733 add              x14, x14, x29       x14=00000424 x14:fffffffd x29:00000427
26938492ns          464252 1c00906c 01c686b3 add              x13, x13, x28       x13=00000075 x13:fffffff6 x28:0000007f
26938512ns          464253 1c00906e 00c686b3 add              x13, x13, x12       x13=00000075 x13:00000075 x12:00000000
26938532ns          464254 1c009070 00f70733 add              x14, x14, x15       x14=00000423 x14:00000424 x15:ffffffff
26938552ns          464255 1c009072 100747b3 p.exths          x15, x14, x0        x15=00000423 x14:00000423
26938572ns          464256 1c009076 1006c733 p.exths          x14, x13, x0        x14=00000075 x13:00000075
26938592ns          464257 1c00907a 03170633 mul              x12, x14, x17       x12=00004f86 x14:00000075 x17:000000ae
26938612ns          464258 1c00907e 030786b3 mul              x13, x15, x16       x13=00032286 x15:00000423 x16:000000c2
26938632ns          464259 1c009082 03070733 mul              x14, x14, x16       x14=000058aa x14:00000075 x16:000000c2
26938652ns          464260 1c009086 031787b3 mul              x15, x15, x17       x15=0002cfca x15:00000423 x17:000000ae
26938671ns          464261 1c00908a 40a6d693 srai             x13, x13, 0x40a     x13=000000c8 x13:00032286
26938691ns          464262 1c00908c 40a65613 srai             x12, x12, 0x40a     x12=00000013 x12:00004f86
26938711ns          464263 1c00908e 40a7d793 srai             x15, x15, 0x40a     x15=000000b3 x15:0002cfca
26938731ns          464264 1c009090 40a75713 srai             x14, x14, 0x40a     x14=00000016 x14:000058aa
26938751ns          464265 1c009092 40c686b3 sub              x13, x13, x12       x13=000000b5 x13:000000c8 x12:00000013
26938771ns          464266 1c009094 00e787b3 add              x15, x15, x14       x15=000000c9 x15:000000b3 x14:00000016
26938791ns          464267 1c009096 00d51823 sh               x13, 16(x10)        x13:000000b5 x10:100017a4  PA:100017b4
26938811ns          464268 1c00909a 00f51923 sh               x15, 18(x10)        x15:000000c9 x10:100017a4  PA:100017b6
26938830ns          464269 1c00909e 00008067 jalr             x0, x1, 0            x1:1c0093e8
26938890ns          464272 1c0093e8 2dc15583 lhu              x11, 732(x2)        x11=000000b5  x2:100014d8  PA:100017b4
26938910ns          464273 1c0093ec 2de15783 lhu              x15, 734(x2)        x15=000000c9  x2:100014d8  PA:100017b6
26938930ns          464274 1c0093f0 40b90933 sub              x18, x18, x11       x18=00000018 x18:000000cd x11:000000b5
26938950ns          464275 1c0093f4 40f484b3 sub              x9, x9, x15          x9=ffffffe6  x9:000000af x15:000000c9
26938970ns          464276 1c0093f6 100945b3 p.exths          x11, x18, x0        x11=00000018 x18:00000018
26938990ns          464277 1c0093fa 1004c7b3 p.exths          x15, x9, x0         x15=ffffffe6  x9:ffffffe6
26939009ns          464278 1c0093fe 034586b3 mul              x13, x11, x20       x13=00001230 x11:00000018 x20:000000c2
26939029ns          464279 1c009402 03378533 mul              x10, x15, x19       x10=ffffee54 x15:ffffffe6 x19:000000ae
26939049ns          464280 1c009406 034a0633 mul              x12, x20, x20       x12=00009304 x20:000000c2 x20:000000c2
26939069ns          464281 1c00940a 03398733 mul              x14, x19, x19       x14=00007644 x19:000000ae x19:000000ae
26939089ns          464282 1c00940e 034787b3 mul              x15, x15, x20       x15=ffffec4c x15:ffffffe6 x20:000000c2
26939109ns          464283 1c009412 033585b3 mul              x11, x11, x19       x11=00001050 x11:00000018 x19:000000ae
26939129ns          464284 1c009416 40a75713 srai             x14, x14, 0x40a     x14=0000001d x14:00007644
26939149ns          464285 1c009418 40a5d593 srai             x11, x11, 0x40a     x11=00000004 x11:00001050
26939169ns          464286 1c00941a 40a65613 srai             x12, x12, 0x40a     x12=00000024 x12:00009304
26939188ns          464287 1c00941c 40a7d793 srai             x15, x15, 0x40a     x15=fffffffb x15:ffffec4c
26939208ns          464288 1c00941e 1c0034b7 lui              x9, 0x1c003000       x9=1c003000
26939228ns          464289 1c009422 00e60633 add              x12, x12, x14       x12=00000041 x12:00000024 x14:0000001d
26939248ns          464290 1c009424 40b787b3 sub              x15, x15, x11       x15=fffffff7 x15:fffffffb x11:00000004
26939268ns          464291 1c009426 eb048493 addi             x9, x9, -336         x9=1c002eb0  x9:1c003000
26939288ns          464292 1c00942a 1c0032b7 lui              x5, 0x1c003000       x5=1c003000
26939308ns          464293 1c00942e 1c0035b7 lui              x11, 0x1c003000     x11=1c003000
26939328ns          464294 1c009432 018483b3 add              x7, x9, x24          x7=1c002eb4  x9:1c002eb0 x24:00000004
26939348ns          464295 1c009436 02812e83 lw               x29, 40(x2)         x29=1c002ec4  x2:100014d8  PA:10001500
26939367ns          464296 1c009438 10065633 p.exthz          x12, x12, x0        x12=00000041 x12:00000041
26939387ns          464297 1c00943c e8028293 addi             x5, x5, -384         x5=1c002e80  x5:1c003000
26939407ns          464298 1c009440 ea058593 addi             x11, x11, -352      x11=1c002ea0 x11:1c003000
26939427ns          464299 1c009444 03812483 lw               x9, 56(x2)           x9=1c002ee4  x2:100014d8  PA:10001510
26939447ns          464300 1c009446 10064733 p.exths          x14, x12, x0        x14=00000041 x12:00000041
26939467ns          464301 1c00944a 018280b3 add              x1, x5, x24          x1=1c002e84  x5:1c002e80 x24:00000004
26939487ns          464302 1c00944e 03012f03 lw               x30, 48(x2)         x30=1c002ed4  x2:100014d8  PA:10001508
26939507ns          464303 1c009450 018582b3 add              x5, x11, x24         x5=1c002ea4 x11:1c002ea0 x24:00000004
26939546ns          464305 1c009454 04012583 lw               x11, 64(x2)         x11=1c002ef4  x2:100014d8  PA:10001518
26939566ns          464306 1c009456 000edd83 lhu              x27, 0(x29)         x27=00000b4a x29:1c002ec4  PA:1c002ec4
26939904ns          464323 1c00945a 0004d483 lhu              x9, 0(x9)            x9=000000c7  x9:1c002ee4  PA:1c002ee4
26940203ns          464338 1c00945e 02e70333 mul              x6, x14, x14         x6=00001081 x14:00000041 x14:00000041
26940223ns          464339 1c009462 40a55513 srai             x10, x10, 0x40a     x10=fffffffb x10:ffffee54
26940243ns          464340 1c009464 04812e83 lw               x29, 72(x2)         x29=1c002f04  x2:100014d8  PA:10001520
26940262ns          464341 1c009466 40a6d693 srai             x13, x13, 0x40a     x13=00000004 x13:00001230
26940282ns          464342 1c009468 000f5d03 lhu              x26, 0(x30)         x26=000002bb x30:1c002ed4  PA:1c002ed4
26940601ns          464358 1c00946c 0005d583 lhu              x11, 0(x11)         x11=0000003d x11:1c002ef4  PA:1c002ef4
26940959ns          464376 1c009470 40a35313 srai             x6, x6, 0x40a        x6=00000004  x6:00001081
26940978ns          464377 1c009474 00a686b3 add              x13, x13, x10       x13=ffffffff x13:00000004 x10:fffffffb
26940998ns          464378 1c009476 05012f03 lw               x30, 80(x2)         x30=1c002e74  x2:100014d8  PA:10001528
26941018ns          464379 1c009478 10034e33 p.exths          x28, x6, x0         x28=00000004  x6:00000004
26941038ns          464380 1c00947c 06911023 sh               x9, 96(x2)           x9:000000c7  x2:100014d8  PA:10001538
26941058ns          464381 1c009480 000ede83 lhu              x29, 0(x29)         x29=00000012 x29:1c002f04  PA:1c002f04
26941356ns          464396 1c009484 05812483 lw               x9, 88(x2)           x9=1c002e64  x2:100014d8  PA:10001530
26941376ns          464397 1c009486 1006d6b3 p.exthz          x13, x13, x0        x13=0000ffff x13:ffffffff
26941396ns          464398 1c00948a 02ee08b3 mul              x17, x28, x14       x17=00000104 x28:00000004 x14:00000041
26941416ns          464399 1c00948e 1006c833 p.exths          x16, x13, x0        x16=ffffffff x13:0000ffff
26941436ns          464400 1c009492 06b11823 sh               x11, 112(x2)        x11:0000003d  x2:100014d8  PA:10001548
26941456ns          464401 1c009496 000f5f03 lhu              x30, 0(x30)         x30=0000ff6f x30:1c002e74  PA:1c002e74
26941754ns          464416 1c00949a 0a012583 lw               x11, 160(x2)        x11=1c002e94  x2:100014d8  PA:10001578
26941774ns          464417 1c00949c 1007d7b3 p.exthz          x15, x15, x0        x15=0000fff7 x15:fffffff7
26941794ns          464418 1c0094a0 0004da03 lhu              x20, 0(x9)          x20=0000fd69  x9:1c002e64  PA:1c002e64
26942092ns          464433 1c0094a4 1007c533 p.exths          x10, x15, x0        x10=fffffff7 x15:0000fff7
26942112ns          464434 1c0094a8 09d11023 sh               x29, 128(x2)        x29:00000012  x2:100014d8  PA:10001558
26942132ns          464435 1c0094ac 0003d483 lhu              x9, 0(x7)            x9=0000ffed  x7:1c002eb4  PA:1c002eb4
26942490ns          464453 1c0094b0 02e80eb3 mul              x29, x16, x14       x29=ffffffbf x16:ffffffff x14:00000041
26942510ns          464454 1c0094b4 40a8d893 srai             x17, x17, 0x40a     x17=00000000 x17:00000104
26942530ns          464455 1c0094b8 03c80833 mul              x16, x16, x28       x16=fffffffc x16:ffffffff x28:00000004
26942550ns          464456 1c0094bc 09e11823 sh               x30, 144(x2)        x30:0000ff6f  x2:100014d8  PA:10001568
26942569ns          464457 1c0094c0 0005d983 lhu              x19, 0(x11)         x19=0000ffd0 x11:1c002e94  PA:1c002e94
26942868ns          464472 1c0094c4 81c88f5b p.muls           x30, x17, x28       x30=00000000 x17:00000000 x28:00000004
26942888ns          464473 1c0094c8 0002d583 lhu              x11, 0(x5)          x11=0000ffc5  x5:1c002ea4  PA:1c002ea4
26943186ns          464488 1c0094cc 03ce0fb3 mul              x31, x28, x28       x31=00000010 x28:00000004 x28:00000004
26943206ns          464489 1c0094d0 02e50733 mul              x14, x10, x14       x14=fffffdb7 x10:fffffff7 x14:00000041
26943226ns          464490 1c0094d4 40a85813 srai             x16, x16, 0x40a     x16=ffffffff x16:fffffffc
26943246ns          464491 1c0094d8 03c50533 mul              x10, x10, x28       x10=ffffffdc x10:fffffff7 x28:00000004
26943266ns          464492 1c0094dc 07015e03 lhu              x28, 112(x2)        x28=0000003d  x2:100014d8  PA:10001548
26943305ns          464494 1c0094e0 01b60633 add              x12, x12, x27       x12=00000b8b x12:00000041 x27:00000b4a
26943325ns          464495 1c0094e2 00980833 add              x16, x16, x9        x16=0000ffec x16:ffffffff  x9:0000ffed
26943345ns          464496 1c0094e4 06015d83 lhu              x27, 96(x2)         x27=000000c7  x2:100014d8  PA:10001538
26943365ns          464497 1c0094e8 02812483 lw               x9, 40(x2)           x9=1c002ec4  x2:100014d8  PA:10001500
26943385ns          464498 1c0094ea 40afdf93 srai             x31, x31, 0x40a     x31=00000000 x31:00000010
26943405ns          464499 1c0094ee 40a55513 srai             x10, x10, 0x40a     x10=ffffffff x10:ffffffdc
26943425ns          464500 1c0094f0 01cf8fb3 add              x31, x31, x28       x31=0000003d x31:00000000 x28:0000003d
26943445ns          464501 1c0094f2 00b50533 add              x10, x10, x11       x10=0000ffc4 x10:ffffffff x11:0000ffc5
26943464ns          464502 1c0094f4 09015e03 lhu              x28, 144(x2)        x28=0000ff6f  x2:100014d8  PA:10001568
26943484ns          464503 1c0094f8 03012583 lw               x11, 48(x2)         x11=1c002ed4  x2:100014d8  PA:10001508
26943504ns          464504 1c0094fa 00c49023 sh               x12, 0(x9)          x12:00000b8b  x9:1c002ec4  PA:1c002ec4
26943842ns          464521 1c0094fe 01b888b3 add              x17, x17, x27       x17=000000c7 x17:00000000 x27:000000c7
26943862ns          464522 1c009500 01a30333 add              x6, x6, x26          x6=000002bf  x6:00000004 x26:000002bb
26943882ns          464523 1c009502 08015d83 lhu              x27, 128(x2)        x27=00000012  x2:100014d8  PA:10001558
26943902ns          464524 1c009506 0000d903 lhu              x18, 0(x1)          x18=0000ff4e  x1:1c002e84  PA:1c002e84
26944200ns          464539 1c00950a 01c686b3 add              x13, x13, x28       x13=0001ff6e x13:0000ffff x28:0000ff6f
26944220ns          464540 1c00950c 00659023 sh               x6, 0(x11)           x6:000002bf x11:1c002ed4  PA:1c002ed4
26944538ns          464556 1c009510 40af5f13 srai             x30, x30, 0x40a     x30=00000000 x30:00000000
26944558ns          464557 1c009514 04812e03 lw               x28, 72(x2)         x28=1c002f04  x2:100014d8  PA:10001520
26944578ns          464558 1c009516 01bf0f33 add              x30, x30, x27       x30=00000012 x30:00000000 x27:00000012
26944598ns          464559 1c009518 40aede93 srai             x29, x29, 0x40a     x29=ffffffff x29:ffffffbf
26944618ns          464560 1c00951c 40a75713 srai             x14, x14, 0x40a     x14=ffffffff x14:fffffdb7
26944638ns          464561 1c00951e 03812603 lw               x12, 56(x2)         x12=1c002ee4  x2:100014d8  PA:10001510
26944658ns          464562 1c009520 04012d83 lw               x27, 64(x2)         x27=1c002ef4  x2:100014d8  PA:10001518
26944678ns          464563 1c009522 01ee1023 sh               x30, 0(x28)         x30:00000012 x28:1c002f04  PA:1c002f04
26944996ns          464579 1c009526 05812483 lw               x9, 88(x2)           x9=1c002e64  x2:100014d8  PA:10001530
26945016ns          464580 1c009528 05012f03 lw               x30, 80(x2)         x30=1c002e74  x2:100014d8  PA:10001528
26945036ns          464581 1c00952a 0a012583 lw               x11, 160(x2)        x11=1c002e94  x2:100014d8  PA:10001578
26945055ns          464582 1c00952c 014787b3 add              x15, x15, x20       x15=0001fd60 x15:0000fff7 x20:0000fd69
26945075ns          464583 1c00952e 013e8eb3 add              x29, x29, x19       x29=0000ffcf x29:ffffffff x19:0000ffd0
26945095ns          464584 1c009530 01270733 add              x14, x14, x18       x14=0000ff4d x14:ffffffff x18:0000ff4e
26945115ns          464585 1c009532 00f49023 sh               x15, 0(x9)          x15:0001fd60  x9:1c002e64  PA:1c002e64
26945473ns          464603 1c009536 01161023 sh               x17, 0(x12)         x17:000000c7 x12:1c002ee4  PA:1c002ee4
26945791ns          464619 1c00953a 01fd9023 sh               x31, 0(x27)         x31:0000003d x27:1c002ef4  PA:1c002ef4
26946110ns          464635 1c00953e 00df1023 sh               x13, 0(x30)         x13:0001ff6e x30:1c002e74  PA:1c002e74
26946448ns          464652 1c009542 01d59023 sh               x29, 0(x11)         x29:0000ffcf x11:1c002e94  PA:1c002e94
26946766ns          464668 1c009546 00e09023 sh               x14, 0(x1)          x14:0000ff4d  x1:1c002e84  PA:1c002e84
26947104ns          464685 1c00954a 01039023 sh               x16, 0(x7)          x16:0000ffec  x7:1c002eb4  PA:1c002eb4
26947422ns          464701 1c00954e 00a29023 sh               x10, 0(x5)          x10:0000ffc4  x5:1c002ea4  PA:1c002ea4
26947760ns          464718 1c009552 008b0b13 addi             x22, x22, 8         x22=0000009a x22:00000092
26947780ns          464719 1c009554 1f300793 addi             x15, x0, 499        x15=000001f3
26947800ns          464720 1c009558 e767dae3 bge              x15, x22, -396      x15:000001f3 x22:0000009a
26947899ns          464725 1c0093cc 010c9a0b p.lh             x20, 16(x25!)       x20=fffffebc x25=1c0027cc x25:1c0027bc  PA:1c0027bc
26948198ns          464740 1c0093d0 0104198b p.lh             x19, 16(x8!)        x19=000000da  x8=1c001f94  x8:1c001f84  PA:1c001f84
26948496ns          464755 1c0093d4 2cc10513 addi             x10, x2, 716        x10=100017a4  x2:100014d8
26948516ns          464756 1c0093d6 010a990b p.lh             x18, 16(x21!)       x18=fffffecd x21=1c0017c0 x21:1c0017b0  PA:1c0017b0
26948814ns          464771 1c0093da 010b948b p.lh             x9, 16(x23!)         x9=000000f7 x23=1c000ff0 x23:1c000fe0  PA:1c000fe0
26949132ns          464787 1c0093de 2d411623 sh               x20, 716(x2)        x20:fffffebc  x2:100014d8  PA:100017a4
26949152ns          464788 1c0093e2 2d311723 sh               x19, 718(x2)        x19:000000da  x2:100014d8  PA:100017a6
26949172ns          464789 1c0093e6 c33ff0ef jal              x1, -974             x1=1c0093e8
26949212ns          464791 1c009018 00051803 lh               x16, 0(x10)         x16=fffffebc x10:100017a4  PA:100017a4
26949232ns          464792 1c00901c 00251883 lh               x17, 2(x10)         x17=000000da x10:100017a4  PA:100017a6
26949292ns          464795 1c009020 030806b3 mul              x13, x16, x16       x13=00019a10 x16:fffffebc x16:fffffebc
26949331ns          464797 1c009024 03188633 mul              x12, x17, x17       x12=0000b9a4 x17:000000da x17:000000da
26949351ns          464798 1c009028 40a65613 srai             x12, x12, 0x40a     x12=0000002e x12:0000b9a4
26949371ns          464799 1c00902a 40a6d693 srai             x13, x13, 0x40a     x13=00000066 x13:00019a10
26949391ns          464800 1c00902c 00c686b3 add              x13, x13, x12       x13=00000094 x13:00000066 x12:0000002e
26949411ns          464801 1c00902e 1006c633 p.exths          x12, x13, x0        x12=00000094 x13:00000094
26949431ns          464802 1c009032 00855703 lhu              x14, 8(x10)         x14=0000ffd1 x10:100017a4  PA:100017ac
26949471ns          464804 1c009036 00a55683 lhu              x13, 10(x10)        x13=0000ff6a x10:100017a4  PA:100017ae
26949490ns          464805 1c00903a 02c60333 mul              x6, x12, x12         x6=00005590 x12:00000094 x12:00000094
26949510ns          464806 1c00903e 00c55783 lhu              x15, 12(x10)        x15=0000ffe5 x10:100017a4  PA:100017b0
26949530ns          464807 1c009042 00e55583 lhu              x11, 14(x10)        x11=00000060 x10:100017a4  PA:100017b2
26949550ns          464808 1c009046 dea30333 p.extract        x6, x6, 15, 10       x6=00000015  x6:00005590
26949570ns          464809 1c00904a 80c7075b p.muls           x14, x14, x12       x14=ffffe4d4 x14:0000ffd1 x12:00000094
26949630ns          464812 1c00904e 80c686db p.muls           x13, x13, x12       x13=ffffa948 x13:0000ff6a x12:00000094
26949669ns          464814 1c009052 00455e83 lhu              x29, 4(x10)         x29=00000427 x10:100017a4  PA:100017a8
26949689ns          464815 1c009056 00655e03 lhu              x28, 6(x10)         x28=0000007f x10:100017a4  PA:100017aa
26949709ns          464816 1c00905a 40a75713 srai             x14, x14, 0x40a     x14=fffffff9 x14:ffffe4d4
26949729ns          464817 1c00905c 806787db p.muls           x15, x15, x6        x15=fffffdc9 x15:0000ffe5  x6:00000015
26949749ns          464818 1c009060 40a6d693 srai             x13, x13, 0x40a     x13=ffffffea x13:ffffa948
26949769ns          464819 1c009062 8065865b p.muls           x12, x11, x6        x12=000007e0 x11:00000060  x6:00000015
26949789ns          464820 1c009066 40a7d793 srai             x15, x15, 0x40a     x15=ffffffff x15:fffffdc9
26949809ns          464821 1c009068 40a65613 srai             x12, x12, 0x40a     x12=00000001 x12:000007e0
26949829ns          464822 1c00906a 01d70733 add              x14, x14, x29       x14=00000420 x14:fffffff9 x29:00000427
26949848ns          464823 1c00906c 01c686b3 add              x13, x13, x28       x13=00000069 x13:ffffffea x28:0000007f
26949868ns          464824 1c00906e 00c686b3 add              x13, x13, x12       x13=0000006a x13:00000069 x12:00000001
26949888ns          464825 1c009070 00f70733 add              x14, x14, x15       x14=0000041f x14:00000420 x15:ffffffff
26949908ns          464826 1c009072 100747b3 p.exths          x15, x14, x0        x15=0000041f x14:0000041f
26949928ns          464827 1c009076 1006c733 p.exths          x14, x13, x0        x14=0000006a x13:0000006a
26949948ns          464828 1c00907a 03170633 mul              x12, x14, x17       x12=00005a44 x14:0000006a x17:000000da
26949968ns          464829 1c00907e 030786b3 mul              x13, x15, x16       x13=fffac8c4 x15:0000041f x16:fffffebc
26949988ns          464830 1c009082 03070733 mul              x14, x14, x16       x14=ffff79d8 x14:0000006a x16:fffffebc
26950008ns          464831 1c009086 031787b3 mul              x15, x15, x17       x15=00038266 x15:0000041f x17:000000da
26950027ns          464832 1c00908a 40a6d693 srai             x13, x13, 0x40a     x13=fffffeb2 x13:fffac8c4
26950047ns          464833 1c00908c 40a65613 srai             x12, x12, 0x40a     x12=00000016 x12:00005a44
26950067ns          464834 1c00908e 40a7d793 srai             x15, x15, 0x40a     x15=000000e0 x15:00038266
26950087ns          464835 1c009090 40a75713 srai             x14, x14, 0x40a     x14=ffffffde x14:ffff79d8
26950107ns          464836 1c009092 40c686b3 sub              x13, x13, x12       x13=fffffe9c x13:fffffeb2 x12:00000016
26950127ns          464837 1c009094 00e787b3 add              x15, x15, x14       x15=000000be x15:000000e0 x14:ffffffde
26950147ns          464838 1c009096 00d51823 sh               x13, 16(x10)        x13:fffffe9c x10:100017a4  PA:100017b4
26950167ns          464839 1c00909a 00f51923 sh               x15, 18(x10)        x15:000000be x10:100017a4  PA:100017b6
26950187ns          464840 1c00909e 00008067 jalr             x0, x1, 0            x1:1c0093e8
26950246ns          464843 1c0093e8 2dc15583 lhu              x11, 732(x2)        x11=0000fe9c  x2:100014d8  PA:100017b4
26950266ns          464844 1c0093ec 2de15783 lhu              x15, 734(x2)        x15=000000be  x2:100014d8  PA:100017b6
26950286ns          464845 1c0093f0 40b90933 sub              x18, x18, x11       x18=ffff0031 x18:fffffecd x11:0000fe9c
26950306ns          464846 1c0093f4 40f484b3 sub              x9, x9, x15          x9=00000039  x9:000000f7 x15:000000be
26950326ns          464847 1c0093f6 100945b3 p.exths          x11, x18, x0        x11=00000031 x18:ffff0031
26950346ns          464848 1c0093fa 1004c7b3 p.exths          x15, x9, x0         x15=00000039  x9:00000039
26950366ns          464849 1c0093fe 034586b3 mul              x13, x11, x20       x13=ffffc1fc x11:00000031 x20:fffffebc
26950385ns          464850 1c009402 03378533 mul              x10, x15, x19       x10=0000308a x15:00000039 x19:000000da
26950405ns          464851 1c009406 034a0633 mul              x12, x20, x20       x12=00019a10 x20:fffffebc x20:fffffebc
26950425ns          464852 1c00940a 03398733 mul              x14, x19, x19       x14=0000b9a4 x19:000000da x19:000000da
26950485ns          464855 1c00940e 034787b3 mul              x15, x15, x20       x15=ffffb7dc x15:00000039 x20:fffffebc
26950525ns          464857 1c009412 033585b3 mul              x11, x11, x19       x11=000029ba x11:00000031 x19:000000da
26950545ns          464858 1c009416 40a75713 srai             x14, x14, 0x40a     x14=0000002e x14:0000b9a4
26950564ns          464859 1c009418 40a5d593 srai             x11, x11, 0x40a     x11=0000000a x11:000029ba
26950584ns          464860 1c00941a 40a65613 srai             x12, x12, 0x40a     x12=00000066 x12:00019a10
26950604ns          464861 1c00941c 40a7d793 srai             x15, x15, 0x40a     x15=ffffffed x15:ffffb7dc
26950624ns          464862 1c00941e 1c0034b7 lui              x9, 0x1c003000       x9=1c003000
26950644ns          464863 1c009422 00e60633 add              x12, x12, x14       x12=00000094 x12:00000066 x14:0000002e
26950664ns          464864 1c009424 40b787b3 sub              x15, x15, x11       x15=ffffffe3 x15:ffffffed x11:0000000a
26950684ns          464865 1c009426 eb048493 addi             x9, x9, -336         x9=1c002eb0  x9:1c003000
26950704ns          464866 1c00942a 1c0032b7 lui              x5, 0x1c003000       x5=1c003000
26950724ns          464867 1c00942e 1c0035b7 lui              x11, 0x1c003000     x11=1c003000
26950743ns          464868 1c009432 018483b3 add              x7, x9, x24          x7=1c002eb4  x9:1c002eb0 x24:00000004
26950763ns          464869 1c009436 02812e83 lw               x29, 40(x2)         x29=1c002ec4  x2:100014d8  PA:10001500
26950783ns          464870 1c009438 10065633 p.exthz          x12, x12, x0        x12=00000094 x12:00000094
26950803ns          464871 1c00943c e8028293 addi             x5, x5, -384         x5=1c002e80  x5:1c003000
26950823ns          464872 1c009440 ea058593 addi             x11, x11, -352      x11=1c002ea0 x11:1c003000
26950863ns          464874 1c009444 03812483 lw               x9, 56(x2)           x9=1c002ee4  x2:100014d8  PA:10001510
26950883ns          464875 1c009446 10064733 p.exths          x14, x12, x0        x14=00000094 x12:00000094
26950903ns          464876 1c00944a 018280b3 add              x1, x5, x24          x1=1c002e84  x5:1c002e80 x24:00000004
26950922ns          464877 1c00944e 03012f03 lw               x30, 48(x2)         x30=1c002ed4  x2:100014d8  PA:10001508
26950942ns          464878 1c009450 018582b3 add              x5, x11, x24         x5=1c002ea4 x11:1c002ea0 x24:00000004
26950962ns          464879 1c009454 04012583 lw               x11, 64(x2)         x11=1c002ef4  x2:100014d8  PA:10001518
26950982ns          464880 1c009456 000edd83 lhu              x27, 0(x29)         x27=00000b8b x29:1c002ec4  PA:1c002ec4
26951280ns          464895 1c00945a 0004d483 lhu              x9, 0(x9)            x9=000000c7  x9:1c002ee4  PA:1c002ee4
26951579ns          464910 1c00945e 02e70333 mul              x6, x14, x14         x6=00005590 x14:00000094 x14:00000094
26951599ns          464911 1c009462 40a55513 srai             x10, x10, 0x40a     x10=0000000c x10:0000308a
26951618ns          464912 1c009464 04812e83 lw               x29, 72(x2)         x29=1c002f04  x2:100014d8  PA:10001520
26951638ns          464913 1c009466 40a6d693 srai             x13, x13, 0x40a     x13=fffffff0 x13:ffffc1fc
26951658ns          464914 1c009468 000f5d03 lhu              x26, 0(x30)         x26=000002bf x30:1c002ed4  PA:1c002ed4
26951957ns          464929 1c00946c 0005d583 lhu              x11, 0(x11)         x11=0000003d x11:1c002ef4  PA:1c002ef4
26952255ns          464944 1c009470 40a35313 srai             x6, x6, 0x40a        x6=00000015  x6:00005590
26952275ns          464945 1c009474 00a686b3 add              x13, x13, x10       x13=fffffffc x13:fffffff0 x10:0000000c
26952295ns          464946 1c009476 05012f03 lw               x30, 80(x2)         x30=1c002e74  x2:100014d8  PA:10001528
26952315ns          464947 1c009478 10034e33 p.exths          x28, x6, x0         x28=00000015  x6:00000015
26952334ns          464948 1c00947c 06911023 sh               x9, 96(x2)           x9:000000c7  x2:100014d8  PA:10001538
26952354ns          464949 1c009480 000ede83 lhu              x29, 0(x29)         x29=00000012 x29:1c002f04  PA:1c002f04
26952673ns          464965 1c009484 05812483 lw               x9, 88(x2)           x9=1c002e64  x2:100014d8  PA:10001530
26952692ns          464966 1c009486 1006d6b3 p.exthz          x13, x13, x0        x13=0000fffc x13:fffffffc
26952712ns          464967 1c00948a 02ee08b3 mul              x17, x28, x14       x17=00000c24 x28:00000015 x14:00000094
26952732ns          464968 1c00948e 1006c833 p.exths          x16, x13, x0        x16=fffffffc x13:0000fffc
26952752ns          464969 1c009492 06b11823 sh               x11, 112(x2)        x11:0000003d  x2:100014d8  PA:10001548
26952772ns          464970 1c009496 000f5f03 lhu              x30, 0(x30)         x30=0000ff6e x30:1c002e74  PA:1c002e74
26953110ns          464987 1c00949a 0a012583 lw               x11, 160(x2)        x11=1c002e94  x2:100014d8  PA:10001578
26953130ns          464988 1c00949c 1007d7b3 p.exthz          x15, x15, x0        x15=0000ffe3 x15:ffffffe3
26953150ns          464989 1c0094a0 0004da03 lhu              x20, 0(x9)          x20=0000fd60  x9:1c002e64  PA:1c002e64
26953448ns          465004 1c0094a4 1007c533 p.exths          x10, x15, x0        x10=ffffffe3 x15:0000ffe3
26953468ns          465005 1c0094a8 09d11023 sh               x29, 128(x2)        x29:00000012  x2:100014d8  PA:10001558
26953488ns          465006 1c0094ac 0003d483 lhu              x9, 0(x7)            x9=0000ffec  x7:1c002eb4  PA:1c002eb4
26953786ns          465021 1c0094b0 02e80eb3 mul              x29, x16, x14       x29=fffffdb0 x16:fffffffc x14:00000094
26953806ns          465022 1c0094b4 40a8d893 srai             x17, x17, 0x40a     x17=00000003 x17:00000c24
26953826ns          465023 1c0094b8 03c80833 mul              x16, x16, x28       x16=ffffffac x16:fffffffc x28:00000015
26953846ns          465024 1c0094bc 09e11823 sh               x30, 144(x2)        x30:0000ff6e  x2:100014d8  PA:10001568
26953866ns          465025 1c0094c0 0005d983 lhu              x19, 0(x11)         x19=0000ffcf x11:1c002e94  PA:1c002e94
26954164ns          465040 1c0094c4 81c88f5b p.muls           x30, x17, x28       x30=0000003f x17:00000003 x28:00000015
26954184ns          465041 1c0094c8 0002d583 lhu              x11, 0(x5)          x11=0000ffc4  x5:1c002ea4  PA:1c002ea4
26954502ns          465057 1c0094cc 03ce0fb3 mul              x31, x28, x28       x31=000001b9 x28:00000015 x28:00000015
26954522ns          465058 1c0094d0 02e50733 mul              x14, x10, x14       x14=ffffef3c x10:ffffffe3 x14:00000094
26954542ns          465059 1c0094d4 40a85813 srai             x16, x16, 0x40a     x16=ffffffff x16:ffffffac
26954562ns          465060 1c0094d8 03c50533 mul              x10, x10, x28       x10=fffffd9f x10:ffffffe3 x28:00000015
26954582ns          465061 1c0094dc 07015e03 lhu              x28, 112(x2)        x28=0000003d  x2:100014d8  PA:10001548
26954622ns          465063 1c0094e0 01b60633 add              x12, x12, x27       x12=00000c1f x12:00000094 x27:00000b8b
26954641ns          465064 1c0094e2 00980833 add              x16, x16, x9        x16=0000ffeb x16:ffffffff  x9:0000ffec
26954661ns          465065 1c0094e4 06015d83 lhu              x27, 96(x2)         x27=000000c7  x2:100014d8  PA:10001538
26954701ns          465067 1c0094e8 02812483 lw               x9, 40(x2)           x9=1c002ec4  x2:100014d8  PA:10001500
26954721ns          465068 1c0094ea 40afdf93 srai             x31, x31, 0x40a     x31=00000000 x31:000001b9
26954741ns          465069 1c0094ee 40a55513 srai             x10, x10, 0x40a     x10=ffffffff x10:fffffd9f
26954761ns          465070 1c0094f0 01cf8fb3 add              x31, x31, x28       x31=0000003d x31:00000000 x28:0000003d
26954781ns          465071 1c0094f2 00b50533 add              x10, x10, x11       x10=0000ffc3 x10:ffffffff x11:0000ffc4
26954801ns          465072 1c0094f4 09015e03 lhu              x28, 144(x2)        x28=0000ff6e  x2:100014d8  PA:10001568
26954820ns          465073 1c0094f8 03012583 lw               x11, 48(x2)         x11=1c002ed4  x2:100014d8  PA:10001508
26954840ns          465074 1c0094fa 00c49023 sh               x12, 0(x9)          x12:00000c1f  x9:1c002ec4  PA:1c002ec4
26955159ns          465090 1c0094fe 01b888b3 add              x17, x17, x27       x17=000000ca x17:00000003 x27:000000c7
26955178ns          465091 1c009500 01a30333 add              x6, x6, x26          x6=000002d4  x6:00000015 x26:000002bf
26955198ns          465092 1c009502 08015d83 lhu              x27, 128(x2)        x27=00000012  x2:100014d8  PA:10001558
26955218ns          465093 1c009506 0000d903 lhu              x18, 0(x1)          x18=0000ff4d  x1:1c002e84  PA:1c002e84
26955556ns          465110 1c00950a 01c686b3 add              x13, x13, x28       x13=0001ff6a x13:0000fffc x28:0000ff6e
26955576ns          465111 1c00950c 00659023 sh               x6, 0(x11)           x6:000002d4 x11:1c002ed4  PA:1c002ed4
26955914ns          465128 1c009510 40af5f13 srai             x30, x30, 0x40a     x30=00000000 x30:0000003f
26955934ns          465129 1c009514 04812e03 lw               x28, 72(x2)         x28=1c002f04  x2:100014d8  PA:10001520
26955954ns          465130 1c009516 01bf0f33 add              x30, x30, x27       x30=00000012 x30:00000000 x27:00000012
26955974ns          465131 1c009518 40aede93 srai             x29, x29, 0x40a     x29=ffffffff x29:fffffdb0
26955994ns          465132 1c00951c 40a75713 srai             x14, x14, 0x40a     x14=fffffffb x14:ffffef3c
26956014ns          465133 1c00951e 03812603 lw               x12, 56(x2)         x12=1c002ee4  x2:100014d8  PA:10001510
26956034ns          465134 1c009520 04012d83 lw               x27, 64(x2)         x27=1c002ef4  x2:100014d8  PA:10001518
26956054ns          465135 1c009522 01ee1023 sh               x30, 0(x28)         x30:00000012 x28:1c002f04  PA:1c002f04
26956392ns          465152 1c009526 05812483 lw               x9, 88(x2)           x9=1c002e64  x2:100014d8  PA:10001530
26956411ns          465153 1c009528 05012f03 lw               x30, 80(x2)         x30=1c002e74  x2:100014d8  PA:10001528
26956431ns          465154 1c00952a 0a012583 lw               x11, 160(x2)        x11=1c002e94  x2:100014d8  PA:10001578
26956451ns          465155 1c00952c 014787b3 add              x15, x15, x20       x15=0001fd43 x15:0000ffe3 x20:0000fd60
26956471ns          465156 1c00952e 013e8eb3 add              x29, x29, x19       x29=0000ffce x29:ffffffff x19:0000ffcf
26956491ns          465157 1c009530 01270733 add              x14, x14, x18       x14=0000ff48 x14:fffffffb x18:0000ff4d
26956511ns          465158 1c009532 00f49023 sh               x15, 0(x9)          x15:0001fd43  x9:1c002e64  PA:1c002e64
26956829ns          465174 1c009536 01161023 sh               x17, 0(x12)         x17:000000ca x12:1c002ee4  PA:1c002ee4
26957167ns          465191 1c00953a 01fd9023 sh               x31, 0(x27)         x31:0000003d x27:1c002ef4  PA:1c002ef4
26957485ns          465207 1c00953e 00df1023 sh               x13, 0(x30)         x13:0001ff6a x30:1c002e74  PA:1c002e74
26957804ns          465223 1c009542 01d59023 sh               x29, 0(x11)         x29:0000ffce x11:1c002e94  PA:1c002e94
26958122ns          465239 1c009546 00e09023 sh               x14, 0(x1)          x14:0000ff48  x1:1c002e84  PA:1c002e84
26958460ns          465256 1c00954a 01039023 sh               x16, 0(x7)          x16:0000ffeb  x7:1c002eb4  PA:1c002eb4
26958778ns          465272 1c00954e 00a29023 sh               x10, 0(x5)          x10:0000ffc3  x5:1c002ea4  PA:1c002ea4
26959096ns          465288 1c009552 008b0b13 addi             x22, x22, 8         x22=000000a2 x22:0000009a
26959116ns          465289 1c009554 1f300793 addi             x15, x0, 499        x15=000001f3
26959136ns          465290 1c009558 e767dae3 bge              x15, x22, -396      x15:000001f3 x22:000000a2
26959236ns          465295 1c0093cc 010c9a0b p.lh             x20, 16(x25!)       x20=000000f1 x25=1c0027dc x25:1c0027cc  PA:1c0027cc
26959554ns          465311 1c0093d0 0104198b p.lh             x19, 16(x8!)        x19=fffffea6  x8=1c001fa4  x8:1c001f94  PA:1c001f94
26959852ns          465326 1c0093d4 2cc10513 addi             x10, x2, 716        x10=100017a4  x2:100014d8
26959872ns          465327 1c0093d6 010a990b p.lh             x18, 16(x21!)       x18=000000be x21=1c0017d0 x21:1c0017c0  PA:1c0017c0
26960170ns          465342 1c0093da 010b948b p.lh             x9, 16(x23!)         x9=fffffe89 x23=1c001000 x23:1c000ff0  PA:1c000ff0
26960489ns          465358 1c0093de 2d411623 sh               x20, 716(x2)        x20:000000f1  x2:100014d8  PA:100017a4
26960508ns          465359 1c0093e2 2d311723 sh               x19, 718(x2)        x19:fffffea6  x2:100014d8  PA:100017a6
26960528ns          465360 1c0093e6 c33ff0ef jal              x1, -974             x1=1c0093e8
26960568ns          465362 1c009018 00051803 lh               x16, 0(x10)         x16=000000f1 x10:100017a4  PA:100017a4
26960608ns          465364 1c00901c 00251883 lh               x17, 2(x10)         x17=fffffea6 x10:100017a4  PA:100017a6
26960628ns          465365 1c009020 030806b3 mul              x13, x16, x16       x13=0000e2e1 x16:000000f1 x16:000000f1
26960648ns          465366 1c009024 03188633 mul              x12, x17, x17       x12=0001d3a4 x17:fffffea6 x17:fffffea6
26960668ns          465367 1c009028 40a65613 srai             x12, x12, 0x40a     x12=00000074 x12:0001d3a4
26960687ns          465368 1c00902a 40a6d693 srai             x13, x13, 0x40a     x13=00000038 x13:0000e2e1
26960707ns          465369 1c00902c 00c686b3 add              x13, x13, x12       x13=000000ac x13:00000038 x12:00000074
26960727ns          465370 1c00902e 1006c633 p.exths          x12, x13, x0        x12=000000ac x13:000000ac
26960747ns          465371 1c009032 00855703 lhu              x14, 8(x10)         x14=0000ffd1 x10:100017a4  PA:100017ac
26960767ns          465372 1c009036 00a55683 lhu              x13, 10(x10)        x13=0000ff6a x10:100017a4  PA:100017ae
26960787ns          465373 1c00903a 02c60333 mul              x6, x12, x12         x6=00007390 x12:000000ac x12:000000ac
26960807ns          465374 1c00903e 00c55783 lhu              x15, 12(x10)        x15=0000ffe5 x10:100017a4  PA:100017b0
26960827ns          465375 1c009042 00e55583 lhu              x11, 14(x10)        x11=00000060 x10:100017a4  PA:100017b2
26960847ns          465376 1c009046 dea30333 p.extract        x6, x6, 15, 10       x6=0000001c  x6:00007390
26960866ns          465377 1c00904a 80c7075b p.muls           x14, x14, x12       x14=ffffe06c x14:0000ffd1 x12:000000ac
26960886ns          465378 1c00904e 80c686db p.muls           x13, x13, x12       x13=ffff9b38 x13:0000ff6a x12:000000ac
26960906ns          465379 1c009052 00455e83 lhu              x29, 4(x10)         x29=00000427 x10:100017a4  PA:100017a8
26960926ns          465380 1c009056 00655e03 lhu              x28, 6(x10)         x28=0000007f x10:100017a4  PA:100017aa
26960946ns          465381 1c00905a 40a75713 srai             x14, x14, 0x40a     x14=fffffff8 x14:ffffe06c
26960966ns          465382 1c00905c 806787db p.muls           x15, x15, x6        x15=fffffd0c x15:0000ffe5  x6:0000001c
26960986ns          465383 1c009060 40a6d693 srai             x13, x13, 0x40a     x13=ffffffe6 x13:ffff9b38
26961006ns          465384 1c009062 8065865b p.muls           x12, x11, x6        x12=00000a80 x11:00000060  x6:0000001c
26961026ns          465385 1c009066 40a7d793 srai             x15, x15, 0x40a     x15=ffffffff x15:fffffd0c
26961045ns          465386 1c009068 40a65613 srai             x12, x12, 0x40a     x12=00000002 x12:00000a80
26961065ns          465387 1c00906a 01d70733 add              x14, x14, x29       x14=0000041f x14:fffffff8 x29:00000427
26961085ns          465388 1c00906c 01c686b3 add              x13, x13, x28       x13=00000065 x13:ffffffe6 x28:0000007f
26961105ns          465389 1c00906e 00c686b3 add              x13, x13, x12       x13=00000067 x13:00000065 x12:00000002
26961125ns          465390 1c009070 00f70733 add              x14, x14, x15       x14=0000041e x14:0000041f x15:ffffffff
26961145ns          465391 1c009072 100747b3 p.exths          x15, x14, x0        x15=0000041e x14:0000041e
26961165ns          465392 1c009076 1006c733 p.exths          x14, x13, x0        x14=00000067 x13:00000067
26961185ns          465393 1c00907a 03170633 mul              x12, x14, x17       x12=ffff74ca x14:00000067 x17:fffffea6
26961204ns          465394 1c00907e 030786b3 mul              x13, x15, x16       x13=0003e03e x15:0000041e x16:000000f1
26961224ns          465395 1c009082 03070733 mul              x14, x14, x16       x14=000060f7 x14:00000067 x16:000000f1
26961244ns          465396 1c009086 031787b3 mul              x15, x15, x17       x15=fffa6f74 x15:0000041e x17:fffffea6
26961264ns          465397 1c00908a 40a6d693 srai             x13, x13, 0x40a     x13=000000f8 x13:0003e03e
26961284ns          465398 1c00908c 40a65613 srai             x12, x12, 0x40a     x12=ffffffdd x12:ffff74ca
26961304ns          465399 1c00908e 40a7d793 srai             x15, x15, 0x40a     x15=fffffe9b x15:fffa6f74
26961324ns          465400 1c009090 40a75713 srai             x14, x14, 0x40a     x14=00000018 x14:000060f7
26961344ns          465401 1c009092 40c686b3 sub              x13, x13, x12       x13=0000011b x13:000000f8 x12:ffffffdd
26961364ns          465402 1c009094 00e787b3 add              x15, x15, x14       x15=fffffeb3 x15:fffffe9b x14:00000018
26961383ns          465403 1c009096 00d51823 sh               x13, 16(x10)        x13:0000011b x10:100017a4  PA:100017b4
26961403ns          465404 1c00909a 00f51923 sh               x15, 18(x10)        x15:fffffeb3 x10:100017a4  PA:100017b6
26961423ns          465405 1c00909e 00008067 jalr             x0, x1, 0            x1:1c0093e8
26961463ns          465407 1c0093e8 2dc15583 lhu              x11, 732(x2)        x11=0000011b  x2:100014d8  PA:100017b4
26961483ns          465408 1c0093ec 2de15783 lhu              x15, 734(x2)        x15=0000feb3  x2:100014d8  PA:100017b6
26961503ns          465409 1c0093f0 40b90933 sub              x18, x18, x11       x18=ffffffa3 x18:000000be x11:0000011b
26961523ns          465410 1c0093f4 40f484b3 sub              x9, x9, x15          x9=fffeffd6  x9:fffffe89 x15:0000feb3
26961543ns          465411 1c0093f6 100945b3 p.exths          x11, x18, x0        x11=ffffffa3 x18:ffffffa3
26961562ns          465412 1c0093fa 1004c7b3 p.exths          x15, x9, x0         x15=ffffffd6  x9:fffeffd6
26961582ns          465413 1c0093fe 034586b3 mul              x13, x11, x20       x13=ffffa873 x11:ffffffa3 x20:000000f1
26961602ns          465414 1c009402 03378533 mul              x10, x15, x19       x10=000038c4 x15:ffffffd6 x19:fffffea6
26961622ns          465415 1c009406 034a0633 mul              x12, x20, x20       x12=0000e2e1 x20:000000f1 x20:000000f1
26961642ns          465416 1c00940a 03398733 mul              x14, x19, x19       x14=0001d3a4 x19:fffffea6 x19:fffffea6
26961702ns          465419 1c00940e 034787b3 mul              x15, x15, x20       x15=ffffd876 x15:ffffffd6 x20:000000f1
26961741ns          465421 1c009412 033585b3 mul              x11, x11, x19       x11=00007db2 x11:ffffffa3 x19:fffffea6
26961761ns          465422 1c009416 40a75713 srai             x14, x14, 0x40a     x14=00000074 x14:0001d3a4
26961781ns          465423 1c009418 40a5d593 srai             x11, x11, 0x40a     x11=0000001f x11:00007db2
26961801ns          465424 1c00941a 40a65613 srai             x12, x12, 0x40a     x12=00000038 x12:0000e2e1
26961821ns          465425 1c00941c 40a7d793 srai             x15, x15, 0x40a     x15=fffffff6 x15:ffffd876
26961841ns          465426 1c00941e 1c0034b7 lui              x9, 0x1c003000       x9=1c003000
26961861ns          465427 1c009422 00e60633 add              x12, x12, x14       x12=000000ac x12:00000038 x14:00000074
26961881ns          465428 1c009424 40b787b3 sub              x15, x15, x11       x15=ffffffd7 x15:fffffff6 x11:0000001f
26961901ns          465429 1c009426 eb048493 addi             x9, x9, -336         x9=1c002eb0  x9:1c003000
26961920ns          465430 1c00942a 1c0032b7 lui              x5, 0x1c003000       x5=1c003000
26961940ns          465431 1c00942e 1c0035b7 lui              x11, 0x1c003000     x11=1c003000
26961960ns          465432 1c009432 018483b3 add              x7, x9, x24          x7=1c002eb4  x9:1c002eb0 x24:00000004
26961980ns          465433 1c009436 02812e83 lw               x29, 40(x2)         x29=1c002ec4  x2:100014d8  PA:10001500
26962000ns          465434 1c009438 10065633 p.exthz          x12, x12, x0        x12=000000ac x12:000000ac
26962020ns          465435 1c00943c e8028293 addi             x5, x5, -384         x5=1c002e80  x5:1c003000
26962040ns          465436 1c009440 ea058593 addi             x11, x11, -352      x11=1c002ea0 x11:1c003000
26962060ns          465437 1c009444 03812483 lw               x9, 56(x2)           x9=1c002ee4  x2:100014d8  PA:10001510
26962080ns          465438 1c009446 10064733 p.exths          x14, x12, x0        x14=000000ac x12:000000ac
26962099ns          465439 1c00944a 018280b3 add              x1, x5, x24          x1=1c002e84  x5:1c002e80 x24:00000004
26962119ns          465440 1c00944e 03012f03 lw               x30, 48(x2)         x30=1c002ed4  x2:100014d8  PA:10001508
26962139ns          465441 1c009450 018582b3 add              x5, x11, x24         x5=1c002ea4 x11:1c002ea0 x24:00000004
26962159ns          465442 1c009454 04012583 lw               x11, 64(x2)         x11=1c002ef4  x2:100014d8  PA:10001518
26962179ns          465443 1c009456 000edd83 lhu              x27, 0(x29)         x27=00000c1f x29:1c002ec4  PA:1c002ec4
26962477ns          465458 1c00945a 0004d483 lhu              x9, 0(x9)            x9=000000ca  x9:1c002ee4  PA:1c002ee4
26962776ns          465473 1c00945e 02e70333 mul              x6, x14, x14         x6=00007390 x14:000000ac x14:000000ac
26962796ns          465474 1c009462 40a55513 srai             x10, x10, 0x40a     x10=0000000e x10:000038c4
26962815ns          465475 1c009464 04812e83 lw               x29, 72(x2)         x29=1c002f04  x2:100014d8  PA:10001520
26962835ns          465476 1c009466 40a6d693 srai             x13, x13, 0x40a     x13=ffffffea x13:ffffa873
26962855ns          465477 1c009468 000f5d03 lhu              x26, 0(x30)         x26=000002d4 x30:1c002ed4  PA:1c002ed4
26963154ns          465492 1c00946c 0005d583 lhu              x11, 0(x11)         x11=0000003d x11:1c002ef4  PA:1c002ef4
26963512ns          465510 1c009470 40a35313 srai             x6, x6, 0x40a        x6=0000001c  x6:00007390
26963531ns          465511 1c009474 00a686b3 add              x13, x13, x10       x13=fffffff8 x13:ffffffea x10:0000000e
26963551ns          465512 1c009476 05012f03 lw               x30, 80(x2)         x30=1c002e74  x2:100014d8  PA:10001528
26963571ns          465513 1c009478 10034e33 p.exths          x28, x6, x0         x28=0000001c  x6:0000001c
26963591ns          465514 1c00947c 06911023 sh               x9, 96(x2)           x9:000000ca  x2:100014d8  PA:10001538
26963611ns          465515 1c009480 000ede83 lhu              x29, 0(x29)         x29=00000012 x29:1c002f04  PA:1c002f04
26963969ns          465533 1c009484 05812483 lw               x9, 88(x2)           x9=1c002e64  x2:100014d8  PA:10001530
26963989ns          465534 1c009486 1006d6b3 p.exthz          x13, x13, x0        x13=0000fff8 x13:fffffff8
26964009ns          465535 1c00948a 02ee08b3 mul              x17, x28, x14       x17=000012d0 x28:0000001c x14:000000ac
26964029ns          465536 1c00948e 1006c833 p.exths          x16, x13, x0        x16=fffffff8 x13:0000fff8
26964048ns          465537 1c009492 06b11823 sh               x11, 112(x2)        x11:0000003d  x2:100014d8  PA:10001548
26964068ns          465538 1c009496 000f5f03 lhu              x30, 0(x30)         x30=0000ff6a x30:1c002e74  PA:1c002e74
26964367ns          465553 1c00949a 0a012583 lw               x11, 160(x2)        x11=1c002e94  x2:100014d8  PA:10001578
26964387ns          465554 1c00949c 1007d7b3 p.exthz          x15, x15, x0        x15=0000ffd7 x15:ffffffd7
26964406ns          465555 1c0094a0 0004da03 lhu              x20, 0(x9)          x20=0000fd43  x9:1c002e64  PA:1c002e64
26964705ns          465570 1c0094a4 1007c533 p.exths          x10, x15, x0        x10=ffffffd7 x15:0000ffd7
26964725ns          465571 1c0094a8 09d11023 sh               x29, 128(x2)        x29:00000012  x2:100014d8  PA:10001558
26964745ns          465572 1c0094ac 0003d483 lhu              x9, 0(x7)            x9=0000ffeb  x7:1c002eb4  PA:1c002eb4
26965083ns          465589 1c0094b0 02e80eb3 mul              x29, x16, x14       x29=fffffaa0 x16:fffffff8 x14:000000ac
26965103ns          465590 1c0094b4 40a8d893 srai             x17, x17, 0x40a     x17=00000004 x17:000012d0
26965122ns          465591 1c0094b8 03c80833 mul              x16, x16, x28       x16=ffffff20 x16:fffffff8 x28:0000001c
26965142ns          465592 1c0094bc 09e11823 sh               x30, 144(x2)        x30:0000ff6a  x2:100014d8  PA:10001568
26965162ns          465593 1c0094c0 0005d983 lhu              x19, 0(x11)         x19=0000ffce x11:1c002e94  PA:1c002e94
26965461ns          465608 1c0094c4 81c88f5b p.muls           x30, x17, x28       x30=00000070 x17:00000004 x28:0000001c
26965480ns          465609 1c0094c8 0002d583 lhu              x11, 0(x5)          x11=0000ffc3  x5:1c002ea4  PA:1c002ea4
26965799ns          465625 1c0094cc 03ce0fb3 mul              x31, x28, x28       x31=00000310 x28:0000001c x28:0000001c
26965819ns          465626 1c0094d0 02e50733 mul              x14, x10, x14       x14=ffffe474 x10:ffffffd7 x14:000000ac
26965838ns          465627 1c0094d4 40a85813 srai             x16, x16, 0x40a     x16=ffffffff x16:ffffff20
26965858ns          465628 1c0094d8 03c50533 mul              x10, x10, x28       x10=fffffb84 x10:ffffffd7 x28:0000001c
26965878ns          465629 1c0094dc 07015e03 lhu              x28, 112(x2)        x28=0000003d  x2:100014d8  PA:10001548
26965918ns          465631 1c0094e0 01b60633 add              x12, x12, x27       x12=00000ccb x12:000000ac x27:00000c1f
26965938ns          465632 1c0094e2 00980833 add              x16, x16, x9        x16=0000ffea x16:ffffffff  x9:0000ffeb
26965958ns          465633 1c0094e4 06015d83 lhu              x27, 96(x2)         x27=000000ca  x2:100014d8  PA:10001538
26965978ns          465634 1c0094e8 02812483 lw               x9, 40(x2)           x9=1c002ec4  x2:100014d8  PA:10001500
26965998ns          465635 1c0094ea 40afdf93 srai             x31, x31, 0x40a     x31=00000000 x31:00000310
26966017ns          465636 1c0094ee 40a55513 srai             x10, x10, 0x40a     x10=fffffffe x10:fffffb84
26966037ns          465637 1c0094f0 01cf8fb3 add              x31, x31, x28       x31=0000003d x31:00000000 x28:0000003d
26966057ns          465638 1c0094f2 00b50533 add              x10, x10, x11       x10=0000ffc1 x10:fffffffe x11:0000ffc3
26966077ns          465639 1c0094f4 09015e03 lhu              x28, 144(x2)        x28=0000ff6a  x2:100014d8  PA:10001568
26966097ns          465640 1c0094f8 03012583 lw               x11, 48(x2)         x11=1c002ed4  x2:100014d8  PA:10001508
26966117ns          465641 1c0094fa 00c49023 sh               x12, 0(x9)          x12:00000ccb  x9:1c002ec4  PA:1c002ec4
26966475ns          465659 1c0094fe 01b888b3 add              x17, x17, x27       x17=000000ce x17:00000004 x27:000000ca
26966495ns          465660 1c009500 01a30333 add              x6, x6, x26          x6=000002f0  x6:0000001c x26:000002d4
26966515ns          465661 1c009502 08015d83 lhu              x27, 128(x2)        x27=00000012  x2:100014d8  PA:10001558
26966534ns          465662 1c009506 0000d903 lhu              x18, 0(x1)          x18=0000ff48  x1:1c002e84  PA:1c002e84
26966912ns          465681 1c00950a 01c686b3 add              x13, x13, x28       x13=0001ff62 x13:0000fff8 x28:0000ff6a
26966932ns          465682 1c00950c 00659023 sh               x6, 0(x11)           x6:000002f0 x11:1c002ed4  PA:1c002ed4
26967250ns          465698 1c009510 40af5f13 srai             x30, x30, 0x40a     x30=00000000 x30:00000070
26967270ns          465699 1c009514 04812e03 lw               x28, 72(x2)         x28=1c002f04  x2:100014d8  PA:10001520
26967290ns          465700 1c009516 01bf0f33 add              x30, x30, x27       x30=00000012 x30:00000000 x27:00000012
26967310ns          465701 1c009518 40aede93 srai             x29, x29, 0x40a     x29=fffffffe x29:fffffaa0
26967330ns          465702 1c00951c 40a75713 srai             x14, x14, 0x40a     x14=fffffff9 x14:ffffe474
26967350ns          465703 1c00951e 03812603 lw               x12, 56(x2)         x12=1c002ee4  x2:100014d8  PA:10001510
26967370ns          465704 1c009520 04012d83 lw               x27, 64(x2)         x27=1c002ef4  x2:100014d8  PA:10001518
26967390ns          465705 1c009522 01ee1023 sh               x30, 0(x28)         x30:00000012 x28:1c002f04  PA:1c002f04
26967708ns          465721 1c009526 05812483 lw               x9, 88(x2)           x9=1c002e64  x2:100014d8  PA:10001530
26967728ns          465722 1c009528 05012f03 lw               x30, 80(x2)         x30=1c002e74  x2:100014d8  PA:10001528
26967748ns          465723 1c00952a 0a012583 lw               x11, 160(x2)        x11=1c002e94  x2:100014d8  PA:10001578
26967768ns          465724 1c00952c 014787b3 add              x15, x15, x20       x15=0001fd1a x15:0000ffd7 x20:0000fd43
26967787ns          465725 1c00952e 013e8eb3 add              x29, x29, x19       x29=0000ffcc x29:fffffffe x19:0000ffce
26967807ns          465726 1c009530 01270733 add              x14, x14, x18       x14=0000ff41 x14:fffffff9 x18:0000ff48
26967827ns          465727 1c009532 00f49023 sh               x15, 0(x9)          x15:0001fd1a  x9:1c002e64  PA:1c002e64
26968185ns          465745 1c009536 01161023 sh               x17, 0(x12)         x17:000000ce x12:1c002ee4  PA:1c002ee4
26968503ns          465761 1c00953a 01fd9023 sh               x31, 0(x27)         x31:0000003d x27:1c002ef4  PA:1c002ef4
26968841ns          465778 1c00953e 00df1023 sh               x13, 0(x30)         x13:0001ff62 x30:1c002e74  PA:1c002e74
26969160ns          465794 1c009542 01d59023 sh               x29, 0(x11)         x29:0000ffcc x11:1c002e94  PA:1c002e94
26969478ns          465810 1c009546 00e09023 sh               x14, 0(x1)          x14:0000ff41  x1:1c002e84  PA:1c002e84
26969796ns          465826 1c00954a 01039023 sh               x16, 0(x7)          x16:0000ffea  x7:1c002eb4  PA:1c002eb4
26970114ns          465842 1c00954e 00a29023 sh               x10, 0(x5)          x10:0000ffc1  x5:1c002ea4  PA:1c002ea4
26970433ns          465858 1c009552 008b0b13 addi             x22, x22, 8         x22=000000aa x22:000000a2
26970452ns          465859 1c009554 1f300793 addi             x15, x0, 499        x15=000001f3
26970472ns          465860 1c009558 e767dae3 bge              x15, x22, -396      x15:000001f3 x22:000000aa
26970532ns          465863 1c0093cc 010c9a0b p.lh             x20, 16(x25!)       x20=ffffffbe x25=1c0027ec x25:1c0027dc  PA:1c0027dc
26970890ns          465881 1c0093d0 0104198b p.lh             x19, 16(x8!)        x19=000000c4  x8=1c001fb4  x8:1c001fa4  PA:1c001fa4
26971188ns          465896 1c0093d4 2cc10513 addi             x10, x2, 716        x10=100017a4  x2:100014d8
26971208ns          465897 1c0093d6 010a990b p.lh             x18, 16(x21!)       x18=ffffffd0 x21=1c0017e0 x21:1c0017d0  PA:1c0017d0
26971526ns          465913 1c0093da 010b948b p.lh             x9, 16(x23!)         x9=000000d2 x23=1c001010 x23:1c001000  PA:1c001000
26971825ns          465928 1c0093de 2d411623 sh               x20, 716(x2)        x20:ffffffbe  x2:100014d8  PA:100017a4
26971845ns          465929 1c0093e2 2d311723 sh               x19, 718(x2)        x19:000000c4  x2:100014d8  PA:100017a6
26971864ns          465930 1c0093e6 c33ff0ef jal              x1, -974             x1=1c0093e8
26971944ns          465934 1c009018 00051803 lh               x16, 0(x10)         x16=ffffffbe x10:100017a4  PA:100017a4
26971984ns          465936 1c00901c 00251883 lh               x17, 2(x10)         x17=000000c4 x10:100017a4  PA:100017a6
26972004ns          465937 1c009020 030806b3 mul              x13, x16, x16       x13=00001104 x16:ffffffbe x16:ffffffbe
26972024ns          465938 1c009024 03188633 mul              x12, x17, x17       x12=00009610 x17:000000c4 x17:000000c4
26972043ns          465939 1c009028 40a65613 srai             x12, x12, 0x40a     x12=00000025 x12:00009610
26972063ns          465940 1c00902a 40a6d693 srai             x13, x13, 0x40a     x13=00000004 x13:00001104
26972083ns          465941 1c00902c 00c686b3 add              x13, x13, x12       x13=00000029 x13:00000004 x12:00000025
26972103ns          465942 1c00902e 1006c633 p.exths          x12, x13, x0        x12=00000029 x13:00000029
26972123ns          465943 1c009032 00855703 lhu              x14, 8(x10)         x14=0000ffd1 x10:100017a4  PA:100017ac
26972143ns          465944 1c009036 00a55683 lhu              x13, 10(x10)        x13=0000ff6a x10:100017a4  PA:100017ae
26972163ns          465945 1c00903a 02c60333 mul              x6, x12, x12         x6=00000691 x12:00000029 x12:00000029
26972203ns          465947 1c00903e 00c55783 lhu              x15, 12(x10)        x15=0000ffe5 x10:100017a4  PA:100017b0
26972242ns          465949 1c009042 00e55583 lhu              x11, 14(x10)        x11=00000060 x10:100017a4  PA:100017b2
26972262ns          465950 1c009046 dea30333 p.extract        x6, x6, 15, 10       x6=00000001  x6:00000691
26972282ns          465951 1c00904a 80c7075b p.muls           x14, x14, x12       x14=fffff879 x14:0000ffd1 x12:00000029
26972302ns          465952 1c00904e 80c686db p.muls           x13, x13, x12       x13=ffffe7fa x13:0000ff6a x12:00000029
26972322ns          465953 1c009052 00455e83 lhu              x29, 4(x10)         x29=00000427 x10:100017a4  PA:100017a8
26972342ns          465954 1c009056 00655e03 lhu              x28, 6(x10)         x28=0000007f x10:100017a4  PA:100017aa
26972362ns          465955 1c00905a 40a75713 srai             x14, x14, 0x40a     x14=fffffffe x14:fffff879
26972382ns          465956 1c00905c 806787db p.muls           x15, x15, x6        x15=ffffffe5 x15:0000ffe5  x6:00000001
26972401ns          465957 1c009060 40a6d693 srai             x13, x13, 0x40a     x13=fffffff9 x13:ffffe7fa
26972421ns          465958 1c009062 8065865b p.muls           x12, x11, x6        x12=00000060 x11:00000060  x6:00000001
26972441ns          465959 1c009066 40a7d793 srai             x15, x15, 0x40a     x15=ffffffff x15:ffffffe5
26972461ns          465960 1c009068 40a65613 srai             x12, x12, 0x40a     x12=00000000 x12:00000060
26972481ns          465961 1c00906a 01d70733 add              x14, x14, x29       x14=00000425 x14:fffffffe x29:00000427
26972501ns          465962 1c00906c 01c686b3 add              x13, x13, x28       x13=00000078 x13:fffffff9 x28:0000007f
26972521ns          465963 1c00906e 00c686b3 add              x13, x13, x12       x13=00000078 x13:00000078 x12:00000000
26972541ns          465964 1c009070 00f70733 add              x14, x14, x15       x14=00000424 x14:00000425 x15:ffffffff
26972561ns          465965 1c009072 100747b3 p.exths          x15, x14, x0        x15=00000424 x14:00000424
26972580ns          465966 1c009076 1006c733 p.exths          x14, x13, x0        x14=00000078 x13:00000078
26972600ns          465967 1c00907a 03170633 mul              x12, x14, x17       x12=00005be0 x14:00000078 x17:000000c4
26972620ns          465968 1c00907e 030786b3 mul              x13, x15, x16       x13=fffeeeb8 x15:00000424 x16:ffffffbe
26972640ns          465969 1c009082 03070733 mul              x14, x14, x16       x14=ffffe110 x14:00000078 x16:ffffffbe
26972660ns          465970 1c009086 031787b3 mul              x15, x15, x17       x15=00032b90 x15:00000424 x17:000000c4
26972680ns          465971 1c00908a 40a6d693 srai             x13, x13, 0x40a     x13=ffffffbb x13:fffeeeb8
26972700ns          465972 1c00908c 40a65613 srai             x12, x12, 0x40a     x12=00000016 x12:00005be0
26972720ns          465973 1c00908e 40a7d793 srai             x15, x15, 0x40a     x15=000000ca x15:00032b90
26972740ns          465974 1c009090 40a75713 srai             x14, x14, 0x40a     x14=fffffff8 x14:ffffe110
26972759ns          465975 1c009092 40c686b3 sub              x13, x13, x12       x13=ffffffa5 x13:ffffffbb x12:00000016
26972779ns          465976 1c009094 00e787b3 add              x15, x15, x14       x15=000000c2 x15:000000ca x14:fffffff8
26972799ns          465977 1c009096 00d51823 sh               x13, 16(x10)        x13:ffffffa5 x10:100017a4  PA:100017b4
26972839ns          465979 1c00909a 00f51923 sh               x15, 18(x10)        x15:000000c2 x10:100017a4  PA:100017b6
26972859ns          465980 1c00909e 00008067 jalr             x0, x1, 0            x1:1c0093e8
26972899ns          465982 1c0093e8 2dc15583 lhu              x11, 732(x2)        x11=0000ffa5  x2:100014d8  PA:100017b4
26972919ns          465983 1c0093ec 2de15783 lhu              x15, 734(x2)        x15=000000c2  x2:100014d8  PA:100017b6
26972938ns          465984 1c0093f0 40b90933 sub              x18, x18, x11       x18=ffff002b x18:ffffffd0 x11:0000ffa5
26972958ns          465985 1c0093f4 40f484b3 sub              x9, x9, x15          x9=00000010  x9:000000d2 x15:000000c2
26972978ns          465986 1c0093f6 100945b3 p.exths          x11, x18, x0        x11=0000002b x18:ffff002b
26972998ns          465987 1c0093fa 1004c7b3 p.exths          x15, x9, x0         x15=00000010  x9:00000010
26973018ns          465988 1c0093fe 034586b3 mul              x13, x11, x20       x13=fffff4ea x11:0000002b x20:ffffffbe
26973038ns          465989 1c009402 03378533 mul              x10, x15, x19       x10=00000c40 x15:00000010 x19:000000c4
26973058ns          465990 1c009406 034a0633 mul              x12, x20, x20       x12=00001104 x20:ffffffbe x20:ffffffbe
26973078ns          465991 1c00940a 03398733 mul              x14, x19, x19       x14=00009610 x19:000000c4 x19:000000c4
26973137ns          465994 1c00940e 034787b3 mul              x15, x15, x20       x15=fffffbe0 x15:00000010 x20:ffffffbe
26973177ns          465996 1c009412 033585b3 mul              x11, x11, x19       x11=000020ec x11:0000002b x19:000000c4
26973197ns          465997 1c009416 40a75713 srai             x14, x14, 0x40a     x14=00000025 x14:00009610
26973217ns          465998 1c009418 40a5d593 srai             x11, x11, 0x40a     x11=00000008 x11:000020ec
26973237ns          465999 1c00941a 40a65613 srai             x12, x12, 0x40a     x12=00000004 x12:00001104
26973257ns          466000 1c00941c 40a7d793 srai             x15, x15, 0x40a     x15=fffffffe x15:fffffbe0
26973277ns          466001 1c00941e 1c0034b7 lui              x9, 0x1c003000       x9=1c003000
26973296ns          466002 1c009422 00e60633 add              x12, x12, x14       x12=00000029 x12:00000004 x14:00000025
26973316ns          466003 1c009424 40b787b3 sub              x15, x15, x11       x15=fffffff6 x15:fffffffe x11:00000008
26973336ns          466004 1c009426 eb048493 addi             x9, x9, -336         x9=1c002eb0  x9:1c003000
26973356ns          466005 1c00942a 1c0032b7 lui              x5, 0x1c003000       x5=1c003000
26973376ns          466006 1c00942e 1c0035b7 lui              x11, 0x1c003000     x11=1c003000
26973396ns          466007 1c009432 018483b3 add              x7, x9, x24          x7=1c002eb4  x9:1c002eb0 x24:00000004
26973416ns          466008 1c009436 02812e83 lw               x29, 40(x2)         x29=1c002ec4  x2:100014d8  PA:10001500
26973436ns          466009 1c009438 10065633 p.exthz          x12, x12, x0        x12=00000029 x12:00000029
26973456ns          466010 1c00943c e8028293 addi             x5, x5, -384         x5=1c002e80  x5:1c003000
26973475ns          466011 1c009440 ea058593 addi             x11, x11, -352      x11=1c002ea0 x11:1c003000
26973495ns          466012 1c009444 03812483 lw               x9, 56(x2)           x9=1c002ee4  x2:100014d8  PA:10001510
26973515ns          466013 1c009446 10064733 p.exths          x14, x12, x0        x14=00000029 x12:00000029
26973535ns          466014 1c00944a 018280b3 add              x1, x5, x24          x1=1c002e84  x5:1c002e80 x24:00000004
26973555ns          466015 1c00944e 03012f03 lw               x30, 48(x2)         x30=1c002ed4  x2:100014d8  PA:10001508
26973575ns          466016 1c009450 018582b3 add              x5, x11, x24         x5=1c002ea4 x11:1c002ea0 x24:00000004
26973595ns          466017 1c009454 04012583 lw               x11, 64(x2)         x11=1c002ef4  x2:100014d8  PA:10001518
26973615ns          466018 1c009456 000edd83 lhu              x27, 0(x29)         x27=00000ccb x29:1c002ec4  PA:1c002ec4
26973913ns          466033 1c00945a 0004d483 lhu              x9, 0(x9)            x9=000000ce  x9:1c002ee4  PA:1c002ee4
26974251ns          466050 1c00945e 02e70333 mul              x6, x14, x14         x6=00000691 x14:00000029 x14:00000029
26974271ns          466051 1c009462 40a55513 srai             x10, x10, 0x40a     x10=00000003 x10:00000c40
26974291ns          466052 1c009464 04812e83 lw               x29, 72(x2)         x29=1c002f04  x2:100014d8  PA:10001520
26974311ns          466053 1c009466 40a6d693 srai             x13, x13, 0x40a     x13=fffffffd x13:fffff4ea
26974331ns          466054 1c009468 000f5d03 lhu              x26, 0(x30)         x26=000002f0 x30:1c002ed4  PA:1c002ed4
26974629ns          466069 1c00946c 0005d583 lhu              x11, 0(x11)         x11=0000003d x11:1c002ef4  PA:1c002ef4
26974927ns          466084 1c009470 40a35313 srai             x6, x6, 0x40a        x6=00000001  x6:00000691
26974947ns          466085 1c009474 00a686b3 add              x13, x13, x10       x13=00000000 x13:fffffffd x10:00000003
26974967ns          466086 1c009476 05012f03 lw               x30, 80(x2)         x30=1c002e74  x2:100014d8  PA:10001528
26974987ns          466087 1c009478 10034e33 p.exths          x28, x6, x0         x28=00000001  x6:00000001
26975007ns          466088 1c00947c 06911023 sh               x9, 96(x2)           x9:000000ce  x2:100014d8  PA:10001538
26975027ns          466089 1c009480 000ede83 lhu              x29, 0(x29)         x29=00000012 x29:1c002f04  PA:1c002f04
26975325ns          466104 1c009484 05812483 lw               x9, 88(x2)           x9=1c002e64  x2:100014d8  PA:10001530
26975345ns          466105 1c009486 1006d6b3 p.exthz          x13, x13, x0        x13=00000000 x13:00000000
26975365ns          466106 1c00948a 02ee08b3 mul              x17, x28, x14       x17=00000029 x28:00000001 x14:00000029
26975385ns          466107 1c00948e 1006c833 p.exths          x16, x13, x0        x16=00000000 x13:00000000
26975405ns          466108 1c009492 06b11823 sh               x11, 112(x2)        x11:0000003d  x2:100014d8  PA:10001548
26975424ns          466109 1c009496 000f5f03 lhu              x30, 0(x30)         x30=0000ff62 x30:1c002e74  PA:1c002e74
26975723ns          466124 1c00949a 0a012583 lw               x11, 160(x2)        x11=1c002e94  x2:100014d8  PA:10001578
26975743ns          466125 1c00949c 1007d7b3 p.exthz          x15, x15, x0        x15=0000fff6 x15:fffffff6
26975763ns          466126 1c0094a0 0004da03 lhu              x20, 0(x9)          x20=0000fd1a  x9:1c002e64  PA:1c002e64
26976061ns          466141 1c0094a4 1007c533 p.exths          x10, x15, x0        x10=fffffff6 x15:0000fff6
26976081ns          466142 1c0094a8 09d11023 sh               x29, 128(x2)        x29:00000012  x2:100014d8  PA:10001558
26976101ns          466143 1c0094ac 0003d483 lhu              x9, 0(x7)            x9=0000ffea  x7:1c002eb4  PA:1c002eb4
26976399ns          466158 1c0094b0 02e80eb3 mul              x29, x16, x14       x29=00000000 x16:00000000 x14:00000029
26976419ns          466159 1c0094b4 40a8d893 srai             x17, x17, 0x40a     x17=00000000 x17:00000029
26976439ns          466160 1c0094b8 03c80833 mul              x16, x16, x28       x16=00000000 x16:00000000 x28:00000001
26976459ns          466161 1c0094bc 09e11823 sh               x30, 144(x2)        x30:0000ff62  x2:100014d8  PA:10001568
26976478ns          466162 1c0094c0 0005d983 lhu              x19, 0(x11)         x19=0000ffcc x11:1c002e94  PA:1c002e94
26976836ns          466180 1c0094c4 81c88f5b p.muls           x30, x17, x28       x30=00000000 x17:00000000 x28:00000001
26976856ns          466181 1c0094c8 0002d583 lhu              x11, 0(x5)          x11=0000ffc1  x5:1c002ea4  PA:1c002ea4
26977175ns          466197 1c0094cc 03ce0fb3 mul              x31, x28, x28       x31=00000001 x28:00000001 x28:00000001
26977194ns          466198 1c0094d0 02e50733 mul              x14, x10, x14       x14=fffffe66 x10:fffffff6 x14:00000029
26977214ns          466199 1c0094d4 40a85813 srai             x16, x16, 0x40a     x16=00000000 x16:00000000
26977234ns          466200 1c0094d8 03c50533 mul              x10, x10, x28       x10=fffffff6 x10:fffffff6 x28:00000001
26977254ns          466201 1c0094dc 07015e03 lhu              x28, 112(x2)        x28=0000003d  x2:100014d8  PA:10001548
26977294ns          466203 1c0094e0 01b60633 add              x12, x12, x27       x12=00000cf4 x12:00000029 x27:00000ccb
26977314ns          466204 1c0094e2 00980833 add              x16, x16, x9        x16=0000ffea x16:00000000  x9:0000ffea
26977334ns          466205 1c0094e4 06015d83 lhu              x27, 96(x2)         x27=000000ce  x2:100014d8  PA:10001538
26977354ns          466206 1c0094e8 02812483 lw               x9, 40(x2)           x9=1c002ec4  x2:100014d8  PA:10001500
26977373ns          466207 1c0094ea 40afdf93 srai             x31, x31, 0x40a     x31=00000000 x31:00000001
26977393ns          466208 1c0094ee 40a55513 srai             x10, x10, 0x40a     x10=ffffffff x10:fffffff6
26977413ns          466209 1c0094f0 01cf8fb3 add              x31, x31, x28       x31=0000003d x31:00000000 x28:0000003d
26977433ns          466210 1c0094f2 00b50533 add              x10, x10, x11       x10=0000ffc0 x10:ffffffff x11:0000ffc1
26977453ns          466211 1c0094f4 09015e03 lhu              x28, 144(x2)        x28=0000ff62  x2:100014d8  PA:10001568
26977473ns          466212 1c0094f8 03012583 lw               x11, 48(x2)         x11=1c002ed4  x2:100014d8  PA:10001508
26977493ns          466213 1c0094fa 00c49023 sh               x12, 0(x9)          x12:00000cf4  x9:1c002ec4  PA:1c002ec4
26977831ns          466230 1c0094fe 01b888b3 add              x17, x17, x27       x17=000000ce x17:00000000 x27:000000ce
26977851ns          466231 1c009500 01a30333 add              x6, x6, x26          x6=000002f1  x6:00000001 x26:000002f0
26977871ns          466232 1c009502 08015d83 lhu              x27, 128(x2)        x27=00000012  x2:100014d8  PA:10001558
26977891ns          466233 1c009506 0000d903 lhu              x18, 0(x1)          x18=0000ff41  x1:1c002e84  PA:1c002e84
26978308ns          466254 1c00950a 01c686b3 add              x13, x13, x28       x13=0000ff62 x13:00000000 x28:0000ff62
26978328ns          466255 1c00950c 00659023 sh               x6, 0(x11)           x6:000002f1 x11:1c002ed4  PA:1c002ed4
26978646ns          466271 1c009510 40af5f13 srai             x30, x30, 0x40a     x30=00000000 x30:00000000
26978666ns          466272 1c009514 04812e03 lw               x28, 72(x2)         x28=1c002f04  x2:100014d8  PA:10001520
26978686ns          466273 1c009516 01bf0f33 add              x30, x30, x27       x30=00000012 x30:00000000 x27:00000012
26978706ns          466274 1c009518 40aede93 srai             x29, x29, 0x40a     x29=00000000 x29:00000000
26978726ns          466275 1c00951c 40a75713 srai             x14, x14, 0x40a     x14=ffffffff x14:fffffe66
26978746ns          466276 1c00951e 03812603 lw               x12, 56(x2)         x12=1c002ee4  x2:100014d8  PA:10001510
26978766ns          466277 1c009520 04012d83 lw               x27, 64(x2)         x27=1c002ef4  x2:100014d8  PA:10001518
26978785ns          466278 1c009522 01ee1023 sh               x30, 0(x28)         x30:00000012 x28:1c002f04  PA:1c002f04
26979104ns          466294 1c009526 05812483 lw               x9, 88(x2)           x9=1c002e64  x2:100014d8  PA:10001530
26979124ns          466295 1c009528 05012f03 lw               x30, 80(x2)         x30=1c002e74  x2:100014d8  PA:10001528
26979143ns          466296 1c00952a 0a012583 lw               x11, 160(x2)        x11=1c002e94  x2:100014d8  PA:10001578
26979163ns          466297 1c00952c 014787b3 add              x15, x15, x20       x15=0001fd10 x15:0000fff6 x20:0000fd1a
26979183ns          466298 1c00952e 013e8eb3 add              x29, x29, x19       x29=0000ffcc x29:00000000 x19:0000ffcc
26979203ns          466299 1c009530 01270733 add              x14, x14, x18       x14=0000ff40 x14:ffffffff x18:0000ff41
26979223ns          466300 1c009532 00f49023 sh               x15, 0(x9)          x15:0001fd10  x9:1c002e64  PA:1c002e64
26979561ns          466317 1c009536 01161023 sh               x17, 0(x12)         x17:000000ce x12:1c002ee4  PA:1c002ee4
26979899ns          466334 1c00953a 01fd9023 sh               x31, 0(x27)         x31:0000003d x27:1c002ef4  PA:1c002ef4
26980217ns          466350 1c00953e 00df1023 sh               x13, 0(x30)         x13:0000ff62 x30:1c002e74  PA:1c002e74
26980536ns          466366 1c009542 01d59023 sh               x29, 0(x11)         x29:0000ffcc x11:1c002e94  PA:1c002e94
26980854ns          466382 1c009546 00e09023 sh               x14, 0(x1)          x14:0000ff40  x1:1c002e84  PA:1c002e84
26981172ns          466398 1c00954a 01039023 sh               x16, 0(x7)          x16:0000ffea  x7:1c002eb4  PA:1c002eb4
26981490ns          466414 1c00954e 00a29023 sh               x10, 0(x5)          x10:0000ffc0  x5:1c002ea4  PA:1c002ea4
26981808ns          466430 1c009552 008b0b13 addi             x22, x22, 8         x22=000000b2 x22:000000aa
26981828ns          466431 1c009554 1f300793 addi             x15, x0, 499        x15=000001f3
26981848ns          466432 1c009558 e767dae3 bge              x15, x22, -396      x15:000001f3 x22:000000b2
26981948ns          466437 1c0093cc 010c9a0b p.lh             x20, 16(x25!)       x20=fffffefc x25=1c0027fc x25:1c0027ec  PA:1c0027ec
26982266ns          466453 1c0093d0 0104198b p.lh             x19, 16(x8!)        x19=0000001b  x8=1c001fc4  x8:1c001fb4  PA:1c001fb4
26982564ns          466468 1c0093d4 2cc10513 addi             x10, x2, 716        x10=100017a4  x2:100014d8
26982584ns          466469 1c0093d6 010a990b p.lh             x18, 16(x21!)       x18=fffffefd x21=1c0017f0 x21:1c0017e0  PA:1c0017e0
26982942ns          466487 1c0093da 010b948b p.lh             x9, 16(x23!)         x9=00000030 x23=1c001020 x23:1c001010  PA:1c001010
26983240ns          466502 1c0093de 2d411623 sh               x20, 716(x2)        x20:fffffefc  x2:100014d8  PA:100017a4
26983280ns          466504 1c0093e2 2d311723 sh               x19, 718(x2)        x19:0000001b  x2:100014d8  PA:100017a6
26983300ns          466505 1c0093e6 c33ff0ef jal              x1, -974             x1=1c0093e8
26983380ns          466509 1c009018 00051803 lh               x16, 0(x10)         x16=fffffefc x10:100017a4  PA:100017a4
26983419ns          466511 1c00901c 00251883 lh               x17, 2(x10)         x17=0000001b x10:100017a4  PA:100017a6
26983479ns          466514 1c009020 030806b3 mul              x13, x16, x16       x13=00010810 x16:fffffefc x16:fffffefc
26983519ns          466516 1c009024 03188633 mul              x12, x17, x17       x12=000002d9 x17:0000001b x17:0000001b
26983539ns          466517 1c009028 40a65613 srai             x12, x12, 0x40a     x12=00000000 x12:000002d9
26983559ns          466518 1c00902a 40a6d693 srai             x13, x13, 0x40a     x13=00000042 x13:00010810
26983578ns          466519 1c00902c 00c686b3 add              x13, x13, x12       x13=00000042 x13:00000042 x12:00000000
26983598ns          466520 1c00902e 1006c633 p.exths          x12, x13, x0        x12=00000042 x13:00000042
26983618ns          466521 1c009032 00855703 lhu              x14, 8(x10)         x14=0000ffd1 x10:100017a4  PA:100017ac
26983638ns          466522 1c009036 00a55683 lhu              x13, 10(x10)        x13=0000ff6a x10:100017a4  PA:100017ae
26983658ns          466523 1c00903a 02c60333 mul              x6, x12, x12         x6=00001104 x12:00000042 x12:00000042
26983678ns          466524 1c00903e 00c55783 lhu              x15, 12(x10)        x15=0000ffe5 x10:100017a4  PA:100017b0
26983698ns          466525 1c009042 00e55583 lhu              x11, 14(x10)        x11=00000060 x10:100017a4  PA:100017b2
26983718ns          466526 1c009046 dea30333 p.extract        x6, x6, 15, 10       x6=00000004  x6:00001104
26983738ns          466527 1c00904a 80c7075b p.muls           x14, x14, x12       x14=fffff3e2 x14:0000ffd1 x12:00000042
26983757ns          466528 1c00904e 80c686db p.muls           x13, x13, x12       x13=ffffd954 x13:0000ff6a x12:00000042
26983777ns          466529 1c009052 00455e83 lhu              x29, 4(x10)         x29=00000427 x10:100017a4  PA:100017a8
26983817ns          466531 1c009056 00655e03 lhu              x28, 6(x10)         x28=0000007f x10:100017a4  PA:100017aa
26983837ns          466532 1c00905a 40a75713 srai             x14, x14, 0x40a     x14=fffffffc x14:fffff3e2
26983857ns          466533 1c00905c 806787db p.muls           x15, x15, x6        x15=ffffff94 x15:0000ffe5  x6:00000004
26983877ns          466534 1c009060 40a6d693 srai             x13, x13, 0x40a     x13=fffffff6 x13:ffffd954
26983897ns          466535 1c009062 8065865b p.muls           x12, x11, x6        x12=00000180 x11:00000060  x6:00000004
26983917ns          466536 1c009066 40a7d793 srai             x15, x15, 0x40a     x15=ffffffff x15:ffffff94
26983936ns          466537 1c009068 40a65613 srai             x12, x12, 0x40a     x12=00000000 x12:00000180
26983956ns          466538 1c00906a 01d70733 add              x14, x14, x29       x14=00000423 x14:fffffffc x29:00000427
26983976ns          466539 1c00906c 01c686b3 add              x13, x13, x28       x13=00000075 x13:fffffff6 x28:0000007f
26983996ns          466540 1c00906e 00c686b3 add              x13, x13, x12       x13=00000075 x13:00000075 x12:00000000
26984016ns          466541 1c009070 00f70733 add              x14, x14, x15       x14=00000422 x14:00000423 x15:ffffffff
26984036ns          466542 1c009072 100747b3 p.exths          x15, x14, x0        x15=00000422 x14:00000422
26984056ns          466543 1c009076 1006c733 p.exths          x14, x13, x0        x14=00000075 x13:00000075
26984076ns          466544 1c00907a 03170633 mul              x12, x14, x17       x12=00000c57 x14:00000075 x17:0000001b
26984096ns          466545 1c00907e 030786b3 mul              x13, x15, x16       x13=fffbcd78 x15:00000422 x16:fffffefc
26984115ns          466546 1c009082 03070733 mul              x14, x14, x16       x14=ffff892c x14:00000075 x16:fffffefc
26984135ns          466547 1c009086 031787b3 mul              x15, x15, x17       x15=00006f96 x15:00000422 x17:0000001b
26984155ns          466548 1c00908a 40a6d693 srai             x13, x13, 0x40a     x13=fffffef3 x13:fffbcd78
26984175ns          466549 1c00908c 40a65613 srai             x12, x12, 0x40a     x12=00000003 x12:00000c57
26984195ns          466550 1c00908e 40a7d793 srai             x15, x15, 0x40a     x15=0000001b x15:00006f96
26984215ns          466551 1c009090 40a75713 srai             x14, x14, 0x40a     x14=ffffffe2 x14:ffff892c
26984235ns          466552 1c009092 40c686b3 sub              x13, x13, x12       x13=fffffef0 x13:fffffef3 x12:00000003
26984255ns          466553 1c009094 00e787b3 add              x15, x15, x14       x15=fffffffd x15:0000001b x14:ffffffe2
26984275ns          466554 1c009096 00d51823 sh               x13, 16(x10)        x13:fffffef0 x10:100017a4  PA:100017b4
26984294ns          466555 1c00909a 00f51923 sh               x15, 18(x10)        x15:fffffffd x10:100017a4  PA:100017b6
26984314ns          466556 1c00909e 00008067 jalr             x0, x1, 0            x1:1c0093e8
26984394ns          466560 1c0093e8 2dc15583 lhu              x11, 732(x2)        x11=0000fef0  x2:100014d8  PA:100017b4
26984454ns          466563 1c0093ec 2de15783 lhu              x15, 734(x2)        x15=0000fffd  x2:100014d8  PA:100017b6
26984473ns          466564 1c0093f0 40b90933 sub              x18, x18, x11       x18=ffff000d x18:fffffefd x11:0000fef0
26984493ns          466565 1c0093f4 40f484b3 sub              x9, x9, x15          x9=ffff0033  x9:00000030 x15:0000fffd
26984513ns          466566 1c0093f6 100945b3 p.exths          x11, x18, x0        x11=0000000d x18:ffff000d
26984533ns          466567 1c0093fa 1004c7b3 p.exths          x15, x9, x0         x15=00000033  x9:ffff0033
26984553ns          466568 1c0093fe 034586b3 mul              x13, x11, x20       x13=fffff2cc x11:0000000d x20:fffffefc
26984573ns          466569 1c009402 03378533 mul              x10, x15, x19       x10=00000561 x15:00000033 x19:0000001b
26984593ns          466570 1c009406 034a0633 mul              x12, x20, x20       x12=00010810 x20:fffffefc x20:fffffefc
26984613ns          466571 1c00940a 03398733 mul              x14, x19, x19       x14=000002d9 x19:0000001b x19:0000001b
26984652ns          466573 1c00940e 034787b3 mul              x15, x15, x20       x15=ffffcc34 x15:00000033 x20:fffffefc
26984692ns          466575 1c009412 033585b3 mul              x11, x11, x19       x11=0000015f x11:0000000d x19:0000001b
26984712ns          466576 1c009416 40a75713 srai             x14, x14, 0x40a     x14=00000000 x14:000002d9
26984732ns          466577 1c009418 40a5d593 srai             x11, x11, 0x40a     x11=00000000 x11:0000015f
26984752ns          466578 1c00941a 40a65613 srai             x12, x12, 0x40a     x12=00000042 x12:00010810
26984772ns          466579 1c00941c 40a7d793 srai             x15, x15, 0x40a     x15=fffffff3 x15:ffffcc34
26984792ns          466580 1c00941e 1c0034b7 lui              x9, 0x1c003000       x9=1c003000
26984812ns          466581 1c009422 00e60633 add              x12, x12, x14       x12=00000042 x12:00000042 x14:00000000
26984831ns          466582 1c009424 40b787b3 sub              x15, x15, x11       x15=fffffff3 x15:fffffff3 x11:00000000
26984851ns          466583 1c009426 eb048493 addi             x9, x9, -336         x9=1c002eb0  x9:1c003000
26984871ns          466584 1c00942a 1c0032b7 lui              x5, 0x1c003000       x5=1c003000
26984891ns          466585 1c00942e 1c0035b7 lui              x11, 0x1c003000     x11=1c003000
26984911ns          466586 1c009432 018483b3 add              x7, x9, x24          x7=1c002eb4  x9:1c002eb0 x24:00000004
26984931ns          466587 1c009436 02812e83 lw               x29, 40(x2)         x29=1c002ec4  x2:100014d8  PA:10001500
26984951ns          466588 1c009438 10065633 p.exthz          x12, x12, x0        x12=00000042 x12:00000042
26984971ns          466589 1c00943c e8028293 addi             x5, x5, -384         x5=1c002e80  x5:1c003000
26984991ns          466590 1c009440 ea058593 addi             x11, x11, -352      x11=1c002ea0 x11:1c003000
26985010ns          466591 1c009444 03812483 lw               x9, 56(x2)           x9=1c002ee4  x2:100014d8  PA:10001510
26985030ns          466592 1c009446 10064733 p.exths          x14, x12, x0        x14=00000042 x12:00000042
26985050ns          466593 1c00944a 018280b3 add              x1, x5, x24          x1=1c002e84  x5:1c002e80 x24:00000004
26985070ns          466594 1c00944e 03012f03 lw               x30, 48(x2)         x30=1c002ed4  x2:100014d8  PA:10001508
26985110ns          466596 1c009450 018582b3 add              x5, x11, x24         x5=1c002ea4 x11:1c002ea0 x24:00000004
26985130ns          466597 1c009454 04012583 lw               x11, 64(x2)         x11=1c002ef4  x2:100014d8  PA:10001518
26985150ns          466598 1c009456 000edd83 lhu              x27, 0(x29)         x27=00000cf4 x29:1c002ec4  PA:1c002ec4
26985448ns          466613 1c00945a 0004d483 lhu              x9, 0(x9)            x9=000000ce  x9:1c002ee4  PA:1c002ee4
26985746ns          466628 1c00945e 02e70333 mul              x6, x14, x14         x6=00001104 x14:00000042 x14:00000042
26985766ns          466629 1c009462 40a55513 srai             x10, x10, 0x40a     x10=00000001 x10:00000561
26985786ns          466630 1c009464 04812e83 lw               x29, 72(x2)         x29=1c002f04  x2:100014d8  PA:10001520
26985806ns          466631 1c009466 40a6d693 srai             x13, x13, 0x40a     x13=fffffffc x13:fffff2cc
26985826ns          466632 1c009468 000f5d03 lhu              x26, 0(x30)         x26=000002f1 x30:1c002ed4  PA:1c002ed4
26986224ns          466652 1c00946c 0005d583 lhu              x11, 0(x11)         x11=0000003d x11:1c002ef4  PA:1c002ef4
26986522ns          466667 1c009470 40a35313 srai             x6, x6, 0x40a        x6=00000004  x6:00001104
26986542ns          466668 1c009474 00a686b3 add              x13, x13, x10       x13=fffffffd x13:fffffffc x10:00000001
26986562ns          466669 1c009476 05012f03 lw               x30, 80(x2)         x30=1c002e74  x2:100014d8  PA:10001528
26986582ns          466670 1c009478 10034e33 p.exths          x28, x6, x0         x28=00000004  x6:00000004
26986601ns          466671 1c00947c 06911023 sh               x9, 96(x2)           x9:000000ce  x2:100014d8  PA:10001538
26986621ns          466672 1c009480 000ede83 lhu              x29, 0(x29)         x29=00000012 x29:1c002f04  PA:1c002f04
26986920ns          466687 1c009484 05812483 lw               x9, 88(x2)           x9=1c002e64  x2:100014d8  PA:10001530
26986940ns          466688 1c009486 1006d6b3 p.exthz          x13, x13, x0        x13=0000fffd x13:fffffffd
26986959ns          466689 1c00948a 02ee08b3 mul              x17, x28, x14       x17=00000108 x28:00000004 x14:00000042
26986979ns          466690 1c00948e 1006c833 p.exths          x16, x13, x0        x16=fffffffd x13:0000fffd
26986999ns          466691 1c009492 06b11823 sh               x11, 112(x2)        x11:0000003d  x2:100014d8  PA:10001548
26987019ns          466692 1c009496 000f5f03 lhu              x30, 0(x30)         x30=0000ff62 x30:1c002e74  PA:1c002e74
26987337ns          466708 1c00949a 0a012583 lw               x11, 160(x2)        x11=1c002e94  x2:100014d8  PA:10001578
26987357ns          466709 1c00949c 1007d7b3 p.exthz          x15, x15, x0        x15=0000fff3 x15:fffffff3
26987377ns          466710 1c0094a0 0004da03 lhu              x20, 0(x9)          x20=0000fd10  x9:1c002e64  PA:1c002e64
26987675ns          466725 1c0094a4 1007c533 p.exths          x10, x15, x0        x10=fffffff3 x15:0000fff3
26987695ns          466726 1c0094a8 09d11023 sh               x29, 128(x2)        x29:00000012  x2:100014d8  PA:10001558
26987715ns          466727 1c0094ac 0003d483 lhu              x9, 0(x7)            x9=0000ffea  x7:1c002eb4  PA:1c002eb4
26988014ns          466742 1c0094b0 02e80eb3 mul              x29, x16, x14       x29=ffffff3a x16:fffffffd x14:00000042
26988033ns          466743 1c0094b4 40a8d893 srai             x17, x17, 0x40a     x17=00000000 x17:00000108
26988053ns          466744 1c0094b8 03c80833 mul              x16, x16, x28       x16=fffffff4 x16:fffffffd x28:00000004
26988073ns          466745 1c0094bc 09e11823 sh               x30, 144(x2)        x30:0000ff62  x2:100014d8  PA:10001568
26988093ns          466746 1c0094c0 0005d983 lhu              x19, 0(x11)         x19=0000ffcc x11:1c002e94  PA:1c002e94
26988411ns          466762 1c0094c4 81c88f5b p.muls           x30, x17, x28       x30=00000000 x17:00000000 x28:00000004
26988431ns          466763 1c0094c8 0002d583 lhu              x11, 0(x5)          x11=0000ffc0  x5:1c002ea4  PA:1c002ea4
26988809ns          466782 1c0094cc 03ce0fb3 mul              x31, x28, x28       x31=00000010 x28:00000004 x28:00000004
26988829ns          466783 1c0094d0 02e50733 mul              x14, x10, x14       x14=fffffca6 x10:fffffff3 x14:00000042
26988849ns          466784 1c0094d4 40a85813 srai             x16, x16, 0x40a     x16=ffffffff x16:fffffff4
26988869ns          466785 1c0094d8 03c50533 mul              x10, x10, x28       x10=ffffffcc x10:fffffff3 x28:00000004
26988889ns          466786 1c0094dc 07015e03 lhu              x28, 112(x2)        x28=0000003d  x2:100014d8  PA:10001548
26988908ns          466787 1c0094e0 01b60633 add              x12, x12, x27       x12=00000d36 x12:00000042 x27:00000cf4
26988928ns          466788 1c0094e2 00980833 add              x16, x16, x9        x16=0000ffe9 x16:ffffffff  x9:0000ffea
26988948ns          466789 1c0094e4 06015d83 lhu              x27, 96(x2)         x27=000000ce  x2:100014d8  PA:10001538
26988968ns          466790 1c0094e8 02812483 lw               x9, 40(x2)           x9=1c002ec4  x2:100014d8  PA:10001500
26988988ns          466791 1c0094ea 40afdf93 srai             x31, x31, 0x40a     x31=00000000 x31:00000010
26989008ns          466792 1c0094ee 40a55513 srai             x10, x10, 0x40a     x10=ffffffff x10:ffffffcc
26989028ns          466793 1c0094f0 01cf8fb3 add              x31, x31, x28       x31=0000003d x31:00000000 x28:0000003d
26989048ns          466794 1c0094f2 00b50533 add              x10, x10, x11       x10=0000ffbf x10:ffffffff x11:0000ffc0
26989068ns          466795 1c0094f4 09015e03 lhu              x28, 144(x2)        x28=0000ff62  x2:100014d8  PA:10001568
26989087ns          466796 1c0094f8 03012583 lw               x11, 48(x2)         x11=1c002ed4  x2:100014d8  PA:10001508
26989107ns          466797 1c0094fa 00c49023 sh               x12, 0(x9)          x12:00000d36  x9:1c002ec4  PA:1c002ec4
26989426ns          466813 1c0094fe 01b888b3 add              x17, x17, x27       x17=000000ce x17:00000000 x27:000000ce
26989445ns          466814 1c009500 01a30333 add              x6, x6, x26          x6=000002f5  x6:00000004 x26:000002f1
26989465ns          466815 1c009502 08015d83 lhu              x27, 128(x2)        x27=00000012  x2:100014d8  PA:10001558
26989485ns          466816 1c009506 0000d903 lhu              x18, 0(x1)          x18=0000ff40  x1:1c002e84  PA:1c002e84
26989843ns          466834 1c00950a 01c686b3 add              x13, x13, x28       x13=0001ff5f x13:0000fffd x28:0000ff62
26989863ns          466835 1c00950c 00659023 sh               x6, 0(x11)           x6:000002f5 x11:1c002ed4  PA:1c002ed4
26990201ns          466852 1c009510 40af5f13 srai             x30, x30, 0x40a     x30=00000000 x30:00000000
26990221ns          466853 1c009514 04812e03 lw               x28, 72(x2)         x28=1c002f04  x2:100014d8  PA:10001520
26990241ns          466854 1c009516 01bf0f33 add              x30, x30, x27       x30=00000012 x30:00000000 x27:00000012
26990261ns          466855 1c009518 40aede93 srai             x29, x29, 0x40a     x29=ffffffff x29:ffffff3a
26990281ns          466856 1c00951c 40a75713 srai             x14, x14, 0x40a     x14=ffffffff x14:fffffca6
26990301ns          466857 1c00951e 03812603 lw               x12, 56(x2)         x12=1c002ee4  x2:100014d8  PA:10001510
26990321ns          466858 1c009520 04012d83 lw               x27, 64(x2)         x27=1c002ef4  x2:100014d8  PA:10001518
26990340ns          466859 1c009522 01ee1023 sh               x30, 0(x28)         x30:00000012 x28:1c002f04  PA:1c002f04
26990659ns          466875 1c009526 05812483 lw               x9, 88(x2)           x9=1c002e64  x2:100014d8  PA:10001530
26990679ns          466876 1c009528 05012f03 lw               x30, 80(x2)         x30=1c002e74  x2:100014d8  PA:10001528
26990698ns          466877 1c00952a 0a012583 lw               x11, 160(x2)        x11=1c002e94  x2:100014d8  PA:10001578
26990718ns          466878 1c00952c 014787b3 add              x15, x15, x20       x15=0001fd03 x15:0000fff3 x20:0000fd10
26990738ns          466879 1c00952e 013e8eb3 add              x29, x29, x19       x29=0000ffcb x29:ffffffff x19:0000ffcc
26990758ns          466880 1c009530 01270733 add              x14, x14, x18       x14=0000ff3f x14:ffffffff x18:0000ff40
26990778ns          466881 1c009532 00f49023 sh               x15, 0(x9)          x15:0001fd03  x9:1c002e64  PA:1c002e64
26991116ns          466898 1c009536 01161023 sh               x17, 0(x12)         x17:000000ce x12:1c002ee4  PA:1c002ee4
26991434ns          466914 1c00953a 01fd9023 sh               x31, 0(x27)         x31:0000003d x27:1c002ef4  PA:1c002ef4
26991752ns          466930 1c00953e 00df1023 sh               x13, 0(x30)         x13:0001ff5f x30:1c002e74  PA:1c002e74
26992091ns          466947 1c009542 01d59023 sh               x29, 0(x11)         x29:0000ffcb x11:1c002e94  PA:1c002e94
26992429ns          466964 1c009546 00e09023 sh               x14, 0(x1)          x14:0000ff3f  x1:1c002e84  PA:1c002e84
26992767ns          466981 1c00954a 01039023 sh               x16, 0(x7)          x16:0000ffe9  x7:1c002eb4  PA:1c002eb4
26993085ns          466997 1c00954e 00a29023 sh               x10, 0(x5)          x10:0000ffbf  x5:1c002ea4  PA:1c002ea4
26993403ns          467013 1c009552 008b0b13 addi             x22, x22, 8         x22=000000ba x22:000000b2
26993423ns          467014 1c009554 1f300793 addi             x15, x0, 499        x15=000001f3
26993443ns          467015 1c009558 e767dae3 bge              x15, x22, -396      x15:000001f3 x22:000000ba
26993582ns          467022 1c0093cc 010c9a0b p.lh             x20, 16(x25!)       x20=00000179 x25=1c00280c x25:1c0027fc  PA:1c0027fc
26993960ns          467041 1c0093d0 0104198b p.lh             x19, 16(x8!)        x19=000000db  x8=1c001fd4  x8:1c001fc4  PA:1c001fc4
26994278ns          467057 1c0093d4 2cc10513 addi             x10, x2, 716        x10=100017a4  x2:100014d8
26994298ns          467058 1c0093d6 010a990b p.lh             x18, 16(x21!)       x18=00000188 x21=1c001800 x21:1c0017f0  PA:1c0017f0
26994596ns          467073 1c0093da 010b948b p.lh             x9, 16(x23!)         x9=000000ac x23=1c001030 x23:1c001020  PA:1c001020
26994895ns          467088 1c0093de 2d411623 sh               x20, 716(x2)        x20:00000179  x2:100014d8  PA:100017a4
26994935ns          467090 1c0093e2 2d311723 sh               x19, 718(x2)        x19:000000db  x2:100014d8  PA:100017a6
26994954ns          467091 1c0093e6 c33ff0ef jal              x1, -974             x1=1c0093e8
26994994ns          467093 1c009018 00051803 lh               x16, 0(x10)         x16=00000179 x10:100017a4  PA:100017a4
26995014ns          467094 1c00901c 00251883 lh               x17, 2(x10)         x17=000000db x10:100017a4  PA:100017a6
26995034ns          467095 1c009020 030806b3 mul              x13, x16, x16       x13=00022b31 x16:00000179 x16:00000179
26995054ns          467096 1c009024 03188633 mul              x12, x17, x17       x12=0000bb59 x17:000000db x17:000000db
26995074ns          467097 1c009028 40a65613 srai             x12, x12, 0x40a     x12=0000002e x12:0000bb59
26995094ns          467098 1c00902a 40a6d693 srai             x13, x13, 0x40a     x13=0000008a x13:00022b31
26995114ns          467099 1c00902c 00c686b3 add              x13, x13, x12       x13=000000b8 x13:0000008a x12:0000002e
26995133ns          467100 1c00902e 1006c633 p.exths          x12, x13, x0        x12=000000b8 x13:000000b8
26995153ns          467101 1c009032 00855703 lhu              x14, 8(x10)         x14=0000ffd1 x10:100017a4  PA:100017ac
26995173ns          467102 1c009036 00a55683 lhu              x13, 10(x10)        x13=0000ff6a x10:100017a4  PA:100017ae
26995193ns          467103 1c00903a 02c60333 mul              x6, x12, x12         x6=00008440 x12:000000b8 x12:000000b8
26995213ns          467104 1c00903e 00c55783 lhu              x15, 12(x10)        x15=0000ffe5 x10:100017a4  PA:100017b0
26995253ns          467106 1c009042 00e55583 lhu              x11, 14(x10)        x11=00000060 x10:100017a4  PA:100017b2
26995273ns          467107 1c009046 dea30333 p.extract        x6, x6, 15, 10       x6=00000021  x6:00008440
26995293ns          467108 1c00904a 80c7075b p.muls           x14, x14, x12       x14=ffffde38 x14:0000ffd1 x12:000000b8
26995312ns          467109 1c00904e 80c686db p.muls           x13, x13, x12       x13=ffff9430 x13:0000ff6a x12:000000b8
26995332ns          467110 1c009052 00455e83 lhu              x29, 4(x10)         x29=00000427 x10:100017a4  PA:100017a8
26995372ns          467112 1c009056 00655e03 lhu              x28, 6(x10)         x28=0000007f x10:100017a4  PA:100017aa
26995412ns          467114 1c00905a 40a75713 srai             x14, x14, 0x40a     x14=fffffff7 x14:ffffde38
26995432ns          467115 1c00905c 806787db p.muls           x15, x15, x6        x15=fffffc85 x15:0000ffe5  x6:00000021
26995452ns          467116 1c009060 40a6d693 srai             x13, x13, 0x40a     x13=ffffffe5 x13:ffff9430
26995472ns          467117 1c009062 8065865b p.muls           x12, x11, x6        x12=00000c60 x11:00000060  x6:00000021
26995491ns          467118 1c009066 40a7d793 srai             x15, x15, 0x40a     x15=ffffffff x15:fffffc85
26995511ns          467119 1c009068 40a65613 srai             x12, x12, 0x40a     x12=00000003 x12:00000c60
26995531ns          467120 1c00906a 01d70733 add              x14, x14, x29       x14=0000041e x14:fffffff7 x29:00000427
26995551ns          467121 1c00906c 01c686b3 add              x13, x13, x28       x13=00000064 x13:ffffffe5 x28:0000007f
26995571ns          467122 1c00906e 00c686b3 add              x13, x13, x12       x13=00000067 x13:00000064 x12:00000003
26995591ns          467123 1c009070 00f70733 add              x14, x14, x15       x14=0000041d x14:0000041e x15:ffffffff
26995611ns          467124 1c009072 100747b3 p.exths          x15, x14, x0        x15=0000041d x14:0000041d
26995631ns          467125 1c009076 1006c733 p.exths          x14, x13, x0        x14=00000067 x13:00000067
26995651ns          467126 1c00907a 03170633 mul              x12, x14, x17       x12=0000581d x14:00000067 x17:000000db
26995670ns          467127 1c00907e 030786b3 mul              x13, x15, x16       x13=00060eb5 x15:0000041d x16:00000179
26995690ns          467128 1c009082 03070733 mul              x14, x14, x16       x14=000097af x14:00000067 x16:00000179
26995710ns          467129 1c009086 031787b3 mul              x15, x15, x17       x15=000384cf x15:0000041d x17:000000db
26995730ns          467130 1c00908a 40a6d693 srai             x13, x13, 0x40a     x13=00000183 x13:00060eb5
26995750ns          467131 1c00908c 40a65613 srai             x12, x12, 0x40a     x12=00000016 x12:0000581d
26995770ns          467132 1c00908e 40a7d793 srai             x15, x15, 0x40a     x15=000000e1 x15:000384cf
26995790ns          467133 1c009090 40a75713 srai             x14, x14, 0x40a     x14=00000025 x14:000097af
26995810ns          467134 1c009092 40c686b3 sub              x13, x13, x12       x13=0000016d x13:00000183 x12:00000016
26995830ns          467135 1c009094 00e787b3 add              x15, x15, x14       x15=00000106 x15:000000e1 x14:00000025
26995849ns          467136 1c009096 00d51823 sh               x13, 16(x10)        x13:0000016d x10:100017a4  PA:100017b4
26995909ns          467139 1c00909a 00f51923 sh               x15, 18(x10)        x15:00000106 x10:100017a4  PA:100017b6
26995949ns          467141 1c00909e 00008067 jalr             x0, x1, 0            x1:1c0093e8
26995969ns          467142 1c0093e8 2dc15583 lhu              x11, 732(x2)        x11=0000016d  x2:100014d8  PA:100017b4
26996008ns          467144 1c0093ec 2de15783 lhu              x15, 734(x2)        x15=00000106  x2:100014d8  PA:100017b6
26996028ns          467145 1c0093f0 40b90933 sub              x18, x18, x11       x18=0000001b x18:00000188 x11:0000016d
26996048ns          467146 1c0093f4 40f484b3 sub              x9, x9, x15          x9=ffffffa6  x9:000000ac x15:00000106
26996068ns          467147 1c0093f6 100945b3 p.exths          x11, x18, x0        x11=0000001b x18:0000001b
26996088ns          467148 1c0093fa 1004c7b3 p.exths          x15, x9, x0         x15=ffffffa6  x9:ffffffa6
26996108ns          467149 1c0093fe 034586b3 mul              x13, x11, x20       x13=000027c3 x11:0000001b x20:00000179
26996128ns          467150 1c009402 03378533 mul              x10, x15, x19       x10=ffffb302 x15:ffffffa6 x19:000000db
26996148ns          467151 1c009406 034a0633 mul              x12, x20, x20       x12=00022b31 x20:00000179 x20:00000179
26996168ns          467152 1c00940a 03398733 mul              x14, x19, x19       x14=0000bb59 x19:000000db x19:000000db
26996187ns          467153 1c00940e 034787b3 mul              x15, x15, x20       x15=ffff7b76 x15:ffffffa6 x20:00000179
26996207ns          467154 1c009412 033585b3 mul              x11, x11, x19       x11=00001719 x11:0000001b x19:000000db
26996227ns          467155 1c009416 40a75713 srai             x14, x14, 0x40a     x14=0000002e x14:0000bb59
26996247ns          467156 1c009418 40a5d593 srai             x11, x11, 0x40a     x11=00000005 x11:00001719
26996267ns          467157 1c00941a 40a65613 srai             x12, x12, 0x40a     x12=0000008a x12:00022b31
26996287ns          467158 1c00941c 40a7d793 srai             x15, x15, 0x40a     x15=ffffffde x15:ffff7b76
26996307ns          467159 1c00941e 1c0034b7 lui              x9, 0x1c003000       x9=1c003000
26996327ns          467160 1c009422 00e60633 add              x12, x12, x14       x12=000000b8 x12:0000008a x14:0000002e
26996347ns          467161 1c009424 40b787b3 sub              x15, x15, x11       x15=ffffffd9 x15:ffffffde x11:00000005
26996366ns          467162 1c009426 eb048493 addi             x9, x9, -336         x9=1c002eb0  x9:1c003000
26996386ns          467163 1c00942a 1c0032b7 lui              x5, 0x1c003000       x5=1c003000
26996406ns          467164 1c00942e 1c0035b7 lui              x11, 0x1c003000     x11=1c003000
26996426ns          467165 1c009432 018483b3 add              x7, x9, x24          x7=1c002eb4  x9:1c002eb0 x24:00000004
26996446ns          467166 1c009436 02812e83 lw               x29, 40(x2)         x29=1c002ec4  x2:100014d8  PA:10001500
26996466ns          467167 1c009438 10065633 p.exthz          x12, x12, x0        x12=000000b8 x12:000000b8
26996486ns          467168 1c00943c e8028293 addi             x5, x5, -384         x5=1c002e80  x5:1c003000
26996506ns          467169 1c009440 ea058593 addi             x11, x11, -352      x11=1c002ea0 x11:1c003000
26996526ns          467170 1c009444 03812483 lw               x9, 56(x2)           x9=1c002ee4  x2:100014d8  PA:10001510
26996545ns          467171 1c009446 10064733 p.exths          x14, x12, x0        x14=000000b8 x12:000000b8
26996565ns          467172 1c00944a 018280b3 add              x1, x5, x24          x1=1c002e84  x5:1c002e80 x24:00000004
26996585ns          467173 1c00944e 03012f03 lw               x30, 48(x2)         x30=1c002ed4  x2:100014d8  PA:10001508
26996605ns          467174 1c009450 018582b3 add              x5, x11, x24         x5=1c002ea4 x11:1c002ea0 x24:00000004
26996625ns          467175 1c009454 04012583 lw               x11, 64(x2)         x11=1c002ef4  x2:100014d8  PA:10001518
26996645ns          467176 1c009456 000edd83 lhu              x27, 0(x29)         x27=00000d36 x29:1c002ec4  PA:1c002ec4
26996963ns          467192 1c00945a 0004d483 lhu              x9, 0(x9)            x9=000000ce  x9:1c002ee4  PA:1c002ee4
26997281ns          467208 1c00945e 02e70333 mul              x6, x14, x14         x6=00008440 x14:000000b8 x14:000000b8
26997301ns          467209 1c009462 40a55513 srai             x10, x10, 0x40a     x10=ffffffec x10:ffffb302
26997321ns          467210 1c009464 04812e83 lw               x29, 72(x2)         x29=1c002f04  x2:100014d8  PA:10001520
26997341ns          467211 1c009466 40a6d693 srai             x13, x13, 0x40a     x13=00000009 x13:000027c3
26997361ns          467212 1c009468 000f5d03 lhu              x26, 0(x30)         x26=000002f5 x30:1c002ed4  PA:1c002ed4
26997739ns          467231 1c00946c 0005d583 lhu              x11, 0(x11)         x11=0000003d x11:1c002ef4  PA:1c002ef4
26998156ns          467252 1c009470 40a35313 srai             x6, x6, 0x40a        x6=00000021  x6:00008440
26998176ns          467253 1c009474 00a686b3 add              x13, x13, x10       x13=fffffff5 x13:00000009 x10:ffffffec
26998196ns          467254 1c009476 05012f03 lw               x30, 80(x2)         x30=1c002e74  x2:100014d8  PA:10001528
26998216ns          467255 1c009478 10034e33 p.exths          x28, x6, x0         x28=00000021  x6:00000021
26998236ns          467256 1c00947c 06911023 sh               x9, 96(x2)           x9:000000ce  x2:100014d8  PA:10001538
26998256ns          467257 1c009480 000ede83 lhu              x29, 0(x29)         x29=00000012 x29:1c002f04  PA:1c002f04
26998554ns          467272 1c009484 05812483 lw               x9, 88(x2)           x9=1c002e64  x2:100014d8  PA:10001530
26998574ns          467273 1c009486 1006d6b3 p.exthz          x13, x13, x0        x13=0000fff5 x13:fffffff5
26998594ns          467274 1c00948a 02ee08b3 mul              x17, x28, x14       x17=000017b8 x28:00000021 x14:000000b8
26998614ns          467275 1c00948e 1006c833 p.exths          x16, x13, x0        x16=fffffff5 x13:0000fff5
26998634ns          467276 1c009492 06b11823 sh               x11, 112(x2)        x11:0000003d  x2:100014d8  PA:10001548
26998654ns          467277 1c009496 000f5f03 lhu              x30, 0(x30)         x30=0000ff5f x30:1c002e74  PA:1c002e74
26998952ns          467292 1c00949a 0a012583 lw               x11, 160(x2)        x11=1c002e94  x2:100014d8  PA:10001578
26998972ns          467293 1c00949c 1007d7b3 p.exthz          x15, x15, x0        x15=0000ffd9 x15:ffffffd9
26998992ns          467294 1c0094a0 0004da03 lhu              x20, 0(x9)          x20=0000fd03  x9:1c002e64  PA:1c002e64
26999310ns          467310 1c0094a4 1007c533 p.exths          x10, x15, x0        x10=ffffffd9 x15:0000ffd9
26999330ns          467311 1c0094a8 09d11023 sh               x29, 128(x2)        x29:00000012  x2:100014d8  PA:10001558
26999350ns          467312 1c0094ac 0003d483 lhu              x9, 0(x7)            x9=0000ffe9  x7:1c002eb4  PA:1c002eb4
26999648ns          467327 1c0094b0 02e80eb3 mul              x29, x16, x14       x29=fffff818 x16:fffffff5 x14:000000b8
26999668ns          467328 1c0094b4 40a8d893 srai             x17, x17, 0x40a     x17=00000005 x17:000017b8
26999688ns          467329 1c0094b8 03c80833 mul              x16, x16, x28       x16=fffffe95 x16:fffffff5 x28:00000021
26999708ns          467330 1c0094bc 09e11823 sh               x30, 144(x2)        x30:0000ff5f  x2:100014d8  PA:10001568
26999728ns          467331 1c0094c0 0005d983 lhu              x19, 0(x11)         x19=0000ffcb x11:1c002e94  PA:1c002e94
27000026ns          467346 1c0094c4 81c88f5b p.muls           x30, x17, x28       x30=000000a5 x17:00000005 x28:00000021
27000046ns          467347 1c0094c8 0002d583 lhu              x11, 0(x5)          x11=0000ffbf  x5:1c002ea4  PA:1c002ea4
27000364ns          467363 1c0094cc 03ce0fb3 mul              x31, x28, x28       x31=00000441 x28:00000021 x28:00000021
27000384ns          467364 1c0094d0 02e50733 mul              x14, x10, x14       x14=ffffe3f8 x10:ffffffd9 x14:000000b8
27000404ns          467365 1c0094d4 40a85813 srai             x16, x16, 0x40a     x16=ffffffff x16:fffffe95
27000424ns          467366 1c0094d8 03c50533 mul              x10, x10, x28       x10=fffffaf9 x10:ffffffd9 x28:00000021
27000444ns          467367 1c0094dc 07015e03 lhu              x28, 112(x2)        x28=0000003d  x2:100014d8  PA:10001548
27000463ns          467368 1c0094e0 01b60633 add              x12, x12, x27       x12=00000dee x12:000000b8 x27:00000d36
27000483ns          467369 1c0094e2 00980833 add              x16, x16, x9        x16=0000ffe8 x16:ffffffff  x9:0000ffe9
27000503ns          467370 1c0094e4 06015d83 lhu              x27, 96(x2)         x27=000000ce  x2:100014d8  PA:10001538
27000523ns          467371 1c0094e8 02812483 lw               x9, 40(x2)           x9=1c002ec4  x2:100014d8  PA:10001500
27000543ns          467372 1c0094ea 40afdf93 srai             x31, x31, 0x40a     x31=00000001 x31:00000441
27000563ns          467373 1c0094ee 40a55513 srai             x10, x10, 0x40a     x10=fffffffe x10:fffffaf9
27000583ns          467374 1c0094f0 01cf8fb3 add              x31, x31, x28       x31=0000003e x31:00000001 x28:0000003d
27000603ns          467375 1c0094f2 00b50533 add              x10, x10, x11       x10=0000ffbd x10:fffffffe x11:0000ffbf
27000623ns          467376 1c0094f4 09015e03 lhu              x28, 144(x2)        x28=0000ff5f  x2:100014d8  PA:10001568
27000642ns          467377 1c0094f8 03012583 lw               x11, 48(x2)         x11=1c002ed4  x2:100014d8  PA:10001508
27000662ns          467378 1c0094fa 00c49023 sh               x12, 0(x9)          x12:00000dee  x9:1c002ec4  PA:1c002ec4
27001020ns          467396 1c0094fe 01b888b3 add              x17, x17, x27       x17=000000d3 x17:00000005 x27:000000ce
27001040ns          467397 1c009500 01a30333 add              x6, x6, x26          x6=00000316  x6:00000021 x26:000002f5
27001060ns          467398 1c009502 08015d83 lhu              x27, 128(x2)        x27=00000012  x2:100014d8  PA:10001558
27001080ns          467399 1c009506 0000d903 lhu              x18, 0(x1)          x18=0000ff3f  x1:1c002e84  PA:1c002e84
27001378ns          467414 1c00950a 01c686b3 add              x13, x13, x28       x13=0001ff54 x13:0000fff5 x28:0000ff5f
27001398ns          467415 1c00950c 00659023 sh               x6, 0(x11)           x6:00000316 x11:1c002ed4  PA:1c002ed4
27001716ns          467431 1c009510 40af5f13 srai             x30, x30, 0x40a     x30=00000000 x30:000000a5
27001736ns          467432 1c009514 04812e03 lw               x28, 72(x2)         x28=1c002f04  x2:100014d8  PA:10001520
27001756ns          467433 1c009516 01bf0f33 add              x30, x30, x27       x30=00000012 x30:00000000 x27:00000012
27001776ns          467434 1c009518 40aede93 srai             x29, x29, 0x40a     x29=fffffffe x29:fffff818
27001796ns          467435 1c00951c 40a75713 srai             x14, x14, 0x40a     x14=fffffff8 x14:ffffe3f8
27001816ns          467436 1c00951e 03812603 lw               x12, 56(x2)         x12=1c002ee4  x2:100014d8  PA:10001510
27001836ns          467437 1c009520 04012d83 lw               x27, 64(x2)         x27=1c002ef4  x2:100014d8  PA:10001518
27001856ns          467438 1c009522 01ee1023 sh               x30, 0(x28)         x30:00000012 x28:1c002f04  PA:1c002f04
27002174ns          467454 1c009526 05812483 lw               x9, 88(x2)           x9=1c002e64  x2:100014d8  PA:10001530
27002194ns          467455 1c009528 05012f03 lw               x30, 80(x2)         x30=1c002e74  x2:100014d8  PA:10001528
27002214ns          467456 1c00952a 0a012583 lw               x11, 160(x2)        x11=1c002e94  x2:100014d8  PA:10001578
27002233ns          467457 1c00952c 014787b3 add              x15, x15, x20       x15=0001fcdc x15:0000ffd9 x20:0000fd03
27002253ns          467458 1c00952e 013e8eb3 add              x29, x29, x19       x29=0000ffc9 x29:fffffffe x19:0000ffcb
27002273ns          467459 1c009530 01270733 add              x14, x14, x18       x14=0000ff37 x14:fffffff8 x18:0000ff3f
27002293ns          467460 1c009532 00f49023 sh               x15, 0(x9)          x15:0001fcdc  x9:1c002e64  PA:1c002e64
27002651ns          467478 1c009536 01161023 sh               x17, 0(x12)         x17:000000d3 x12:1c002ee4  PA:1c002ee4
27002969ns          467494 1c00953a 01fd9023 sh               x31, 0(x27)         x31:0000003e x27:1c002ef4  PA:1c002ef4
27003307ns          467511 1c00953e 00df1023 sh               x13, 0(x30)         x13:0001ff54 x30:1c002e74  PA:1c002e74
27003626ns          467527 1c009542 01d59023 sh               x29, 0(x11)         x29:0000ffc9 x11:1c002e94  PA:1c002e94
27003944ns          467543 1c009546 00e09023 sh               x14, 0(x1)          x14:0000ff37  x1:1c002e84  PA:1c002e84
27004262ns          467559 1c00954a 01039023 sh               x16, 0(x7)          x16:0000ffe8  x7:1c002eb4  PA:1c002eb4
27004600ns          467576 1c00954e 00a29023 sh               x10, 0(x5)          x10:0000ffbd  x5:1c002ea4  PA:1c002ea4
27004918ns          467592 1c009552 008b0b13 addi             x22, x22, 8         x22=000000c2 x22:000000ba
27004938ns          467593 1c009554 1f300793 addi             x15, x0, 499        x15=000001f3
27004958ns          467594 1c009558 e767dae3 bge              x15, x22, -396      x15:000001f3 x22:000000c2
27005058ns          467599 1c0093cc 010c9a0b p.lh             x20, 16(x25!)       x20=00000014 x25=1c00281c x25:1c00280c  PA:1c00280c
27005376ns          467615 1c0093d0 0104198b p.lh             x19, 16(x8!)        x19=fffffea8  x8=1c001fe4  x8:1c001fd4  PA:1c001fd4
27005674ns          467630 1c0093d4 2cc10513 addi             x10, x2, 716        x10=100017a4  x2:100014d8
27005694ns          467631 1c0093d6 010a990b p.lh             x18, 16(x21!)       x18=fffffffc x21=1c001810 x21:1c001800  PA:1c001800
27005992ns          467646 1c0093da 010b948b p.lh             x9, 16(x23!)         x9=fffffea7 x23=1c001040 x23:1c001030  PA:1c001030
27006330ns          467663 1c0093de 2d411623 sh               x20, 716(x2)        x20:00000014  x2:100014d8  PA:100017a4
27006350ns          467664 1c0093e2 2d311723 sh               x19, 718(x2)        x19:fffffea8  x2:100014d8  PA:100017a6
27006370ns          467665 1c0093e6 c33ff0ef jal              x1, -974             x1=1c0093e8
27006410ns          467667 1c009018 00051803 lh               x16, 0(x10)         x16=00000014 x10:100017a4  PA:100017a4
27006470ns          467670 1c00901c 00251883 lh               x17, 2(x10)         x17=fffffea8 x10:100017a4  PA:100017a6
27006489ns          467671 1c009020 030806b3 mul              x13, x16, x16       x13=00000190 x16:00000014 x16:00000014
27006509ns          467672 1c009024 03188633 mul              x12, x17, x17       x12=0001ce40 x17:fffffea8 x17:fffffea8
27006529ns          467673 1c009028 40a65613 srai             x12, x12, 0x40a     x12=00000073 x12:0001ce40
27006549ns          467674 1c00902a 40a6d693 srai             x13, x13, 0x40a     x13=00000000 x13:00000190
27006569ns          467675 1c00902c 00c686b3 add              x13, x13, x12       x13=00000073 x13:00000000 x12:00000073
27006589ns          467676 1c00902e 1006c633 p.exths          x12, x13, x0        x12=00000073 x13:00000073
27006609ns          467677 1c009032 00855703 lhu              x14, 8(x10)         x14=0000ffd1 x10:100017a4  PA:100017ac
27006629ns          467678 1c009036 00a55683 lhu              x13, 10(x10)        x13=0000ff6a x10:100017a4  PA:100017ae
27006649ns          467679 1c00903a 02c60333 mul              x6, x12, x12         x6=000033a9 x12:00000073 x12:00000073
27006668ns          467680 1c00903e 00c55783 lhu              x15, 12(x10)        x15=0000ffe5 x10:100017a4  PA:100017b0
27006688ns          467681 1c009042 00e55583 lhu              x11, 14(x10)        x11=00000060 x10:100017a4  PA:100017b2
27006708ns          467682 1c009046 dea30333 p.extract        x6, x6, 15, 10       x6=0000000c  x6:000033a9
27006728ns          467683 1c00904a 80c7075b p.muls           x14, x14, x12       x14=ffffeae3 x14:0000ffd1 x12:00000073
27006788ns          467686 1c00904e 80c686db p.muls           x13, x13, x12       x13=ffffbc9e x13:0000ff6a x12:00000073
27006828ns          467688 1c009052 00455e83 lhu              x29, 4(x10)         x29=00000427 x10:100017a4  PA:100017a8
27006847ns          467689 1c009056 00655e03 lhu              x28, 6(x10)         x28=0000007f x10:100017a4  PA:100017aa
27006867ns          467690 1c00905a 40a75713 srai             x14, x14, 0x40a     x14=fffffffa x14:ffffeae3
27006887ns          467691 1c00905c 806787db p.muls           x15, x15, x6        x15=fffffebc x15:0000ffe5  x6:0000000c
27006927ns          467693 1c009060 40a6d693 srai             x13, x13, 0x40a     x13=ffffffef x13:ffffbc9e
27006967ns          467695 1c009062 8065865b p.muls           x12, x11, x6        x12=00000480 x11:00000060  x6:0000000c
27006987ns          467696 1c009066 40a7d793 srai             x15, x15, 0x40a     x15=ffffffff x15:fffffebc
27007007ns          467697 1c009068 40a65613 srai             x12, x12, 0x40a     x12=00000001 x12:00000480
27007026ns          467698 1c00906a 01d70733 add              x14, x14, x29       x14=00000421 x14:fffffffa x29:00000427
27007046ns          467699 1c00906c 01c686b3 add              x13, x13, x28       x13=0000006e x13:ffffffef x28:0000007f
27007066ns          467700 1c00906e 00c686b3 add              x13, x13, x12       x13=0000006f x13:0000006e x12:00000001
27007086ns          467701 1c009070 00f70733 add              x14, x14, x15       x14=00000420 x14:00000421 x15:ffffffff
27007106ns          467702 1c009072 100747b3 p.exths          x15, x14, x0        x15=00000420 x14:00000420
27007126ns          467703 1c009076 1006c733 p.exths          x14, x13, x0        x14=0000006f x13:0000006f
27007146ns          467704 1c00907a 03170633 mul              x12, x14, x17       x12=ffff6ad8 x14:0000006f x17:fffffea8
27007166ns          467705 1c00907e 030786b3 mul              x13, x15, x16       x13=00005280 x15:00000420 x16:00000014
27007186ns          467706 1c009082 03070733 mul              x14, x14, x16       x14=000008ac x14:0000006f x16:00000014
27007205ns          467707 1c009086 031787b3 mul              x15, x15, x17       x15=fffa7500 x15:00000420 x17:fffffea8
27007225ns          467708 1c00908a 40a6d693 srai             x13, x13, 0x40a     x13=00000014 x13:00005280
27007245ns          467709 1c00908c 40a65613 srai             x12, x12, 0x40a     x12=ffffffda x12:ffff6ad8
27007265ns          467710 1c00908e 40a7d793 srai             x15, x15, 0x40a     x15=fffffe9d x15:fffa7500
27007285ns          467711 1c009090 40a75713 srai             x14, x14, 0x40a     x14=00000002 x14:000008ac
27007305ns          467712 1c009092 40c686b3 sub              x13, x13, x12       x13=0000003a x13:00000014 x12:ffffffda
27007325ns          467713 1c009094 00e787b3 add              x15, x15, x14       x15=fffffe9f x15:fffffe9d x14:00000002
27007345ns          467714 1c009096 00d51823 sh               x13, 16(x10)        x13:0000003a x10:100017a4  PA:100017b4
27007365ns          467715 1c00909a 00f51923 sh               x15, 18(x10)        x15:fffffe9f x10:100017a4  PA:100017b6
27007384ns          467716 1c00909e 00008067 jalr             x0, x1, 0            x1:1c0093e8
27007424ns          467718 1c0093e8 2dc15583 lhu              x11, 732(x2)        x11=0000003a  x2:100014d8  PA:100017b4
27007444ns          467719 1c0093ec 2de15783 lhu              x15, 734(x2)        x15=0000fe9f  x2:100014d8  PA:100017b6
27007464ns          467720 1c0093f0 40b90933 sub              x18, x18, x11       x18=ffffffc2 x18:fffffffc x11:0000003a
27007484ns          467721 1c0093f4 40f484b3 sub              x9, x9, x15          x9=ffff0008  x9:fffffea7 x15:0000fe9f
27007504ns          467722 1c0093f6 100945b3 p.exths          x11, x18, x0        x11=ffffffc2 x18:ffffffc2
27007524ns          467723 1c0093fa 1004c7b3 p.exths          x15, x9, x0         x15=00000008  x9:ffff0008
27007544ns          467724 1c0093fe 034586b3 mul              x13, x11, x20       x13=fffffb28 x11:ffffffc2 x20:00000014
27007563ns          467725 1c009402 03378533 mul              x10, x15, x19       x10=fffff540 x15:00000008 x19:fffffea8
27007583ns          467726 1c009406 034a0633 mul              x12, x20, x20       x12=00000190 x20:00000014 x20:00000014
27007603ns          467727 1c00940a 03398733 mul              x14, x19, x19       x14=0001ce40 x19:fffffea8 x19:fffffea8
27007663ns          467730 1c00940e 034787b3 mul              x15, x15, x20       x15=000000a0 x15:00000008 x20:00000014
27007703ns          467732 1c009412 033585b3 mul              x11, x11, x19       x11=00005350 x11:ffffffc2 x19:fffffea8
27007723ns          467733 1c009416 40a75713 srai             x14, x14, 0x40a     x14=00000073 x14:0001ce40
27007742ns          467734 1c009418 40a5d593 srai             x11, x11, 0x40a     x11=00000014 x11:00005350
27007762ns          467735 1c00941a 40a65613 srai             x12, x12, 0x40a     x12=00000000 x12:00000190
27007782ns          467736 1c00941c 40a7d793 srai             x15, x15, 0x40a     x15=00000000 x15:000000a0
27007802ns          467737 1c00941e 1c0034b7 lui              x9, 0x1c003000       x9=1c003000
27007822ns          467738 1c009422 00e60633 add              x12, x12, x14       x12=00000073 x12:00000000 x14:00000073
27007842ns          467739 1c009424 40b787b3 sub              x15, x15, x11       x15=ffffffec x15:00000000 x11:00000014
27007862ns          467740 1c009426 eb048493 addi             x9, x9, -336         x9=1c002eb0  x9:1c003000
27007882ns          467741 1c00942a 1c0032b7 lui              x5, 0x1c003000       x5=1c003000
27007902ns          467742 1c00942e 1c0035b7 lui              x11, 0x1c003000     x11=1c003000
27007921ns          467743 1c009432 018483b3 add              x7, x9, x24          x7=1c002eb4  x9:1c002eb0 x24:00000004
27007941ns          467744 1c009436 02812e83 lw               x29, 40(x2)         x29=1c002ec4  x2:100014d8  PA:10001500
27007961ns          467745 1c009438 10065633 p.exthz          x12, x12, x0        x12=00000073 x12:00000073
27007981ns          467746 1c00943c e8028293 addi             x5, x5, -384         x5=1c002e80  x5:1c003000
27008001ns          467747 1c009440 ea058593 addi             x11, x11, -352      x11=1c002ea0 x11:1c003000
27008021ns          467748 1c009444 03812483 lw               x9, 56(x2)           x9=1c002ee4  x2:100014d8  PA:10001510
27008041ns          467749 1c009446 10064733 p.exths          x14, x12, x0        x14=00000073 x12:00000073
27008061ns          467750 1c00944a 018280b3 add              x1, x5, x24          x1=1c002e84  x5:1c002e80 x24:00000004
27008081ns          467751 1c00944e 03012f03 lw               x30, 48(x2)         x30=1c002ed4  x2:100014d8  PA:10001508
27008100ns          467752 1c009450 018582b3 add              x5, x11, x24         x5=1c002ea4 x11:1c002ea0 x24:00000004
27008120ns          467753 1c009454 04012583 lw               x11, 64(x2)         x11=1c002ef4  x2:100014d8  PA:10001518
27008140ns          467754 1c009456 000edd83 lhu              x27, 0(x29)         x27=00000dee x29:1c002ec4  PA:1c002ec4
27008438ns          467769 1c00945a 0004d483 lhu              x9, 0(x9)            x9=000000d3  x9:1c002ee4  PA:1c002ee4
27008737ns          467784 1c00945e 02e70333 mul              x6, x14, x14         x6=000033a9 x14:00000073 x14:00000073
27008757ns          467785 1c009462 40a55513 srai             x10, x10, 0x40a     x10=fffffffd x10:fffff540
27008777ns          467786 1c009464 04812e83 lw               x29, 72(x2)         x29=1c002f04  x2:100014d8  PA:10001520
27008796ns          467787 1c009466 40a6d693 srai             x13, x13, 0x40a     x13=fffffffe x13:fffffb28
27008816ns          467788 1c009468 000f5d03 lhu              x26, 0(x30)         x26=00000316 x30:1c002ed4  PA:1c002ed4
27009194ns          467807 1c00946c 0005d583 lhu              x11, 0(x11)         x11=0000003e x11:1c002ef4  PA:1c002ef4
27009592ns          467827 1c009470 40a35313 srai             x6, x6, 0x40a        x6=0000000c  x6:000033a9
27009612ns          467828 1c009474 00a686b3 add              x13, x13, x10       x13=fffffffb x13:fffffffe x10:fffffffd
27009632ns          467829 1c009476 05012f03 lw               x30, 80(x2)         x30=1c002e74  x2:100014d8  PA:10001528
27009652ns          467830 1c009478 10034e33 p.exths          x28, x6, x0         x28=0000000c  x6:0000000c
27009672ns          467831 1c00947c 06911023 sh               x9, 96(x2)           x9:000000d3  x2:100014d8  PA:10001538
27009691ns          467832 1c009480 000ede83 lhu              x29, 0(x29)         x29=00000012 x29:1c002f04  PA:1c002f04
27009990ns          467847 1c009484 05812483 lw               x9, 88(x2)           x9=1c002e64  x2:100014d8  PA:10001530
27010010ns          467848 1c009486 1006d6b3 p.exthz          x13, x13, x0        x13=0000fffb x13:fffffffb
27010030ns          467849 1c00948a 02ee08b3 mul              x17, x28, x14       x17=00000564 x28:0000000c x14:00000073
27010049ns          467850 1c00948e 1006c833 p.exths          x16, x13, x0        x16=fffffffb x13:0000fffb
27010069ns          467851 1c009492 06b11823 sh               x11, 112(x2)        x11:0000003e  x2:100014d8  PA:10001548
27010089ns          467852 1c009496 000f5f03 lhu              x30, 0(x30)         x30=0000ff54 x30:1c002e74  PA:1c002e74
27010388ns          467867 1c00949a 0a012583 lw               x11, 160(x2)        x11=1c002e94  x2:100014d8  PA:10001578
27010407ns          467868 1c00949c 1007d7b3 p.exthz          x15, x15, x0        x15=0000ffec x15:ffffffec
27010427ns          467869 1c0094a0 0004da03 lhu              x20, 0(x9)          x20=0000fcdc  x9:1c002e64  PA:1c002e64
27010726ns          467884 1c0094a4 1007c533 p.exths          x10, x15, x0        x10=ffffffec x15:0000ffec
27010746ns          467885 1c0094a8 09d11023 sh               x29, 128(x2)        x29:00000012  x2:100014d8  PA:10001558
27010765ns          467886 1c0094ac 0003d483 lhu              x9, 0(x7)            x9=0000ffe8  x7:1c002eb4  PA:1c002eb4
27011103ns          467903 1c0094b0 02e80eb3 mul              x29, x16, x14       x29=fffffdc1 x16:fffffffb x14:00000073
27011123ns          467904 1c0094b4 40a8d893 srai             x17, x17, 0x40a     x17=00000001 x17:00000564
27011143ns          467905 1c0094b8 03c80833 mul              x16, x16, x28       x16=ffffffc4 x16:fffffffb x28:0000000c
27011163ns          467906 1c0094bc 09e11823 sh               x30, 144(x2)        x30:0000ff54  x2:100014d8  PA:10001568
27011183ns          467907 1c0094c0 0005d983 lhu              x19, 0(x11)         x19=0000ffc9 x11:1c002e94  PA:1c002e94
27011481ns          467922 1c0094c4 81c88f5b p.muls           x30, x17, x28       x30=0000000c x17:00000001 x28:0000000c
27011501ns          467923 1c0094c8 0002d583 lhu              x11, 0(x5)          x11=0000ffbd  x5:1c002ea4  PA:1c002ea4
27011879ns          467942 1c0094cc 03ce0fb3 mul              x31, x28, x28       x31=00000090 x28:0000000c x28:0000000c
27011899ns          467943 1c0094d0 02e50733 mul              x14, x10, x14       x14=fffff704 x10:ffffffec x14:00000073
27011919ns          467944 1c0094d4 40a85813 srai             x16, x16, 0x40a     x16=ffffffff x16:ffffffc4
27011939ns          467945 1c0094d8 03c50533 mul              x10, x10, x28       x10=ffffff10 x10:ffffffec x28:0000000c
27011959ns          467946 1c0094dc 07015e03 lhu              x28, 112(x2)        x28=0000003e  x2:100014d8  PA:10001548
27011998ns          467948 1c0094e0 01b60633 add              x12, x12, x27       x12=00000e61 x12:00000073 x27:00000dee
27012018ns          467949 1c0094e2 00980833 add              x16, x16, x9        x16=0000ffe7 x16:ffffffff  x9:0000ffe8
27012038ns          467950 1c0094e4 06015d83 lhu              x27, 96(x2)         x27=000000d3  x2:100014d8  PA:10001538
27012058ns          467951 1c0094e8 02812483 lw               x9, 40(x2)           x9=1c002ec4  x2:100014d8  PA:10001500
27012078ns          467952 1c0094ea 40afdf93 srai             x31, x31, 0x40a     x31=00000000 x31:00000090
27012098ns          467953 1c0094ee 40a55513 srai             x10, x10, 0x40a     x10=ffffffff x10:ffffff10
27012118ns          467954 1c0094f0 01cf8fb3 add              x31, x31, x28       x31=0000003e x31:00000000 x28:0000003e
27012138ns          467955 1c0094f2 00b50533 add              x10, x10, x11       x10=0000ffbc x10:ffffffff x11:0000ffbd
27012158ns          467956 1c0094f4 09015e03 lhu              x28, 144(x2)        x28=0000ff54  x2:100014d8  PA:10001568
27012177ns          467957 1c0094f8 03012583 lw               x11, 48(x2)         x11=1c002ed4  x2:100014d8  PA:10001508
27012197ns          467958 1c0094fa 00c49023 sh               x12, 0(x9)          x12:00000e61  x9:1c002ec4  PA:1c002ec4
27012535ns          467975 1c0094fe 01b888b3 add              x17, x17, x27       x17=000000d4 x17:00000001 x27:000000d3
27012555ns          467976 1c009500 01a30333 add              x6, x6, x26          x6=00000322  x6:0000000c x26:00000316
27012575ns          467977 1c009502 08015d83 lhu              x27, 128(x2)        x27=00000012  x2:100014d8  PA:10001558
27012595ns          467978 1c009506 0000d903 lhu              x18, 0(x1)          x18=0000ff37  x1:1c002e84  PA:1c002e84
27012893ns          467993 1c00950a 01c686b3 add              x13, x13, x28       x13=0001ff4f x13:0000fffb x28:0000ff54
27012913ns          467994 1c00950c 00659023 sh               x6, 0(x11)           x6:00000322 x11:1c002ed4  PA:1c002ed4
27013232ns          468010 1c009510 40af5f13 srai             x30, x30, 0x40a     x30=00000000 x30:0000000c
27013251ns          468011 1c009514 04812e03 lw               x28, 72(x2)         x28=1c002f04  x2:100014d8  PA:10001520
27013271ns          468012 1c009516 01bf0f33 add              x30, x30, x27       x30=00000012 x30:00000000 x27:00000012
27013291ns          468013 1c009518 40aede93 srai             x29, x29, 0x40a     x29=ffffffff x29:fffffdc1
27013311ns          468014 1c00951c 40a75713 srai             x14, x14, 0x40a     x14=fffffffd x14:fffff704
27013331ns          468015 1c00951e 03812603 lw               x12, 56(x2)         x12=1c002ee4  x2:100014d8  PA:10001510
27013351ns          468016 1c009520 04012d83 lw               x27, 64(x2)         x27=1c002ef4  x2:100014d8  PA:10001518
27013371ns          468017 1c009522 01ee1023 sh               x30, 0(x28)         x30:00000012 x28:1c002f04  PA:1c002f04
27013689ns          468033 1c009526 05812483 lw               x9, 88(x2)           x9=1c002e64  x2:100014d8  PA:10001530
27013709ns          468034 1c009528 05012f03 lw               x30, 80(x2)         x30=1c002e74  x2:100014d8  PA:10001528
27013729ns          468035 1c00952a 0a012583 lw               x11, 160(x2)        x11=1c002e94  x2:100014d8  PA:10001578
27013749ns          468036 1c00952c 014787b3 add              x15, x15, x20       x15=0001fcc8 x15:0000ffec x20:0000fcdc
27013768ns          468037 1c00952e 013e8eb3 add              x29, x29, x19       x29=0000ffc8 x29:ffffffff x19:0000ffc9
27013788ns          468038 1c009530 01270733 add              x14, x14, x18       x14=0000ff34 x14:fffffffd x18:0000ff37
27013808ns          468039 1c009532 00f49023 sh               x15, 0(x9)          x15:0001fcc8  x9:1c002e64  PA:1c002e64
27014126ns          468055 1c009536 01161023 sh               x17, 0(x12)         x17:000000d4 x12:1c002ee4  PA:1c002ee4
27014445ns          468071 1c00953a 01fd9023 sh               x31, 0(x27)         x31:0000003e x27:1c002ef4  PA:1c002ef4
27014763ns          468087 1c00953e 00df1023 sh               x13, 0(x30)         x13:0001ff4f x30:1c002e74  PA:1c002e74
27015101ns          468104 1c009542 01d59023 sh               x29, 0(x11)         x29:0000ffc8 x11:1c002e94  PA:1c002e94
27015479ns          468123 1c009546 00e09023 sh               x14, 0(x1)          x14:0000ff34  x1:1c002e84  PA:1c002e84
27015797ns          468139 1c00954a 01039023 sh               x16, 0(x7)          x16:0000ffe7  x7:1c002eb4  PA:1c002eb4
27016115ns          468155 1c00954e 00a29023 sh               x10, 0(x5)          x10:0000ffbc  x5:1c002ea4  PA:1c002ea4
27016453ns          468172 1c009552 008b0b13 addi             x22, x22, 8         x22=000000ca x22:000000c2
27016473ns          468173 1c009554 1f300793 addi             x15, x0, 499        x15=000001f3
27016493ns          468174 1c009558 e767dae3 bge              x15, x22, -396      x15:000001f3 x22:000000ca
27016593ns          468179 1c0093cc 010c9a0b p.lh             x20, 16(x25!)       x20=0000000c x25=1c00282c x25:1c00281c  PA:1c00281c
27016911ns          468195 1c0093d0 0104198b p.lh             x19, 16(x8!)        x19=000000f0  x8=1c001ff4  x8:1c001fe4  PA:1c001fe4
27017209ns          468210 1c0093d4 2cc10513 addi             x10, x2, 716        x10=100017a4  x2:100014d8
27017229ns          468211 1c0093d6 010a990b p.lh             x18, 16(x21!)       x18=0000000e x21=1c001820 x21:1c001810  PA:1c001810
27017527ns          468226 1c0093da 010b948b p.lh             x9, 16(x23!)         x9=000000f9 x23=1c001050 x23:1c001040  PA:1c001040
27017945ns          468247 1c0093de 2d411623 sh               x20, 716(x2)        x20:0000000c  x2:100014d8  PA:100017a4
27017965ns          468248 1c0093e2 2d311723 sh               x19, 718(x2)        x19:000000f0  x2:100014d8  PA:100017a6
27017985ns          468249 1c0093e6 c33ff0ef jal              x1, -974             x1=1c0093e8
27018064ns          468253 1c009018 00051803 lh               x16, 0(x10)         x16=0000000c x10:100017a4  PA:100017a4
27018104ns          468255 1c00901c 00251883 lh               x17, 2(x10)         x17=000000f0 x10:100017a4  PA:100017a6
27018164ns          468258 1c009020 030806b3 mul              x13, x16, x16       x13=00000090 x16:0000000c x16:0000000c
27018204ns          468260 1c009024 03188633 mul              x12, x17, x17       x12=0000e100 x17:000000f0 x17:000000f0
27018223ns          468261 1c009028 40a65613 srai             x12, x12, 0x40a     x12=00000038 x12:0000e100
27018243ns          468262 1c00902a 40a6d693 srai             x13, x13, 0x40a     x13=00000000 x13:00000090
27018263ns          468263 1c00902c 00c686b3 add              x13, x13, x12       x13=00000038 x13:00000000 x12:00000038
27018283ns          468264 1c00902e 1006c633 p.exths          x12, x13, x0        x12=00000038 x13:00000038
27018303ns          468265 1c009032 00855703 lhu              x14, 8(x10)         x14=0000ffd1 x10:100017a4  PA:100017ac
27018323ns          468266 1c009036 00a55683 lhu              x13, 10(x10)        x13=0000ff6a x10:100017a4  PA:100017ae
27018343ns          468267 1c00903a 02c60333 mul              x6, x12, x12         x6=00000c40 x12:00000038 x12:00000038
27018382ns          468269 1c00903e 00c55783 lhu              x15, 12(x10)        x15=0000ffe5 x10:100017a4  PA:100017b0
27018422ns          468271 1c009042 00e55583 lhu              x11, 14(x10)        x11=00000060 x10:100017a4  PA:100017b2
27018442ns          468272 1c009046 dea30333 p.extract        x6, x6, 15, 10       x6=00000003  x6:00000c40
27018462ns          468273 1c00904a 80c7075b p.muls           x14, x14, x12       x14=fffff5b8 x14:0000ffd1 x12:00000038
27018482ns          468274 1c00904e 80c686db p.muls           x13, x13, x12       x13=ffffdf30 x13:0000ff6a x12:00000038
27018502ns          468275 1c009052 00455e83 lhu              x29, 4(x10)         x29=00000427 x10:100017a4  PA:100017a8
27018522ns          468276 1c009056 00655e03 lhu              x28, 6(x10)         x28=0000007f x10:100017a4  PA:100017aa
27018542ns          468277 1c00905a 40a75713 srai             x14, x14, 0x40a     x14=fffffffd x14:fffff5b8
27018561ns          468278 1c00905c 806787db p.muls           x15, x15, x6        x15=ffffffaf x15:0000ffe5  x6:00000003
27018601ns          468280 1c009060 40a6d693 srai             x13, x13, 0x40a     x13=fffffff7 x13:ffffdf30
27018641ns          468282 1c009062 8065865b p.muls           x12, x11, x6        x12=00000120 x11:00000060  x6:00000003
27018661ns          468283 1c009066 40a7d793 srai             x15, x15, 0x40a     x15=ffffffff x15:ffffffaf
27018681ns          468284 1c009068 40a65613 srai             x12, x12, 0x40a     x12=00000000 x12:00000120
27018701ns          468285 1c00906a 01d70733 add              x14, x14, x29       x14=00000424 x14:fffffffd x29:00000427
27018721ns          468286 1c00906c 01c686b3 add              x13, x13, x28       x13=00000076 x13:fffffff7 x28:0000007f
27018740ns          468287 1c00906e 00c686b3 add              x13, x13, x12       x13=00000076 x13:00000076 x12:00000000
27018760ns          468288 1c009070 00f70733 add              x14, x14, x15       x14=00000423 x14:00000424 x15:ffffffff
27018780ns          468289 1c009072 100747b3 p.exths          x15, x14, x0        x15=00000423 x14:00000423
27018800ns          468290 1c009076 1006c733 p.exths          x14, x13, x0        x14=00000076 x13:00000076
27018820ns          468291 1c00907a 03170633 mul              x12, x14, x17       x12=00006ea0 x14:00000076 x17:000000f0
27018840ns          468292 1c00907e 030786b3 mul              x13, x15, x16       x13=000031a4 x15:00000423 x16:0000000c
27018860ns          468293 1c009082 03070733 mul              x14, x14, x16       x14=00000588 x14:00000076 x16:0000000c
27018880ns          468294 1c009086 031787b3 mul              x15, x15, x17       x15=0003e0d0 x15:00000423 x17:000000f0
27018900ns          468295 1c00908a 40a6d693 srai             x13, x13, 0x40a     x13=0000000c x13:000031a4
27018919ns          468296 1c00908c 40a65613 srai             x12, x12, 0x40a     x12=0000001b x12:00006ea0
27018939ns          468297 1c00908e 40a7d793 srai             x15, x15, 0x40a     x15=000000f8 x15:0003e0d0
27018959ns          468298 1c009090 40a75713 srai             x14, x14, 0x40a     x14=00000001 x14:00000588
27018979ns          468299 1c009092 40c686b3 sub              x13, x13, x12       x13=fffffff1 x13:0000000c x12:0000001b
27018999ns          468300 1c009094 00e787b3 add              x15, x15, x14       x15=000000f9 x15:000000f8 x14:00000001
27019019ns          468301 1c009096 00d51823 sh               x13, 16(x10)        x13:fffffff1 x10:100017a4  PA:100017b4
27019039ns          468302 1c00909a 00f51923 sh               x15, 18(x10)        x15:000000f9 x10:100017a4  PA:100017b6
27019059ns          468303 1c00909e 00008067 jalr             x0, x1, 0            x1:1c0093e8
27019098ns          468305 1c0093e8 2dc15583 lhu              x11, 732(x2)        x11=0000fff1  x2:100014d8  PA:100017b4
27019138ns          468307 1c0093ec 2de15783 lhu              x15, 734(x2)        x15=000000f9  x2:100014d8  PA:100017b6
27019158ns          468308 1c0093f0 40b90933 sub              x18, x18, x11       x18=ffff001d x18:0000000e x11:0000fff1
27019178ns          468309 1c0093f4 40f484b3 sub              x9, x9, x15          x9=00000000  x9:000000f9 x15:000000f9
27019198ns          468310 1c0093f6 100945b3 p.exths          x11, x18, x0        x11=0000001d x18:ffff001d
27019218ns          468311 1c0093fa 1004c7b3 p.exths          x15, x9, x0         x15=00000000  x9:00000000
27019238ns          468312 1c0093fe 034586b3 mul              x13, x11, x20       x13=0000015c x11:0000001d x20:0000000c
27019258ns          468313 1c009402 03378533 mul              x10, x15, x19       x10=00000000 x15:00000000 x19:000000f0
27019277ns          468314 1c009406 034a0633 mul              x12, x20, x20       x12=00000090 x20:0000000c x20:0000000c
27019297ns          468315 1c00940a 03398733 mul              x14, x19, x19       x14=0000e100 x19:000000f0 x19:000000f0
27019317ns          468316 1c00940e 034787b3 mul              x15, x15, x20       x15=00000000 x15:00000000 x20:0000000c
27019337ns          468317 1c009412 033585b3 mul              x11, x11, x19       x11=00001b30 x11:0000001d x19:000000f0
27019357ns          468318 1c009416 40a75713 srai             x14, x14, 0x40a     x14=00000038 x14:0000e100
27019377ns          468319 1c009418 40a5d593 srai             x11, x11, 0x40a     x11=00000006 x11:00001b30
27019397ns          468320 1c00941a 40a65613 srai             x12, x12, 0x40a     x12=00000000 x12:00000090
27019417ns          468321 1c00941c 40a7d793 srai             x15, x15, 0x40a     x15=00000000 x15:00000000
27019437ns          468322 1c00941e 1c0034b7 lui              x9, 0x1c003000       x9=1c003000
27019456ns          468323 1c009422 00e60633 add              x12, x12, x14       x12=00000038 x12:00000000 x14:00000038
27019476ns          468324 1c009424 40b787b3 sub              x15, x15, x11       x15=fffffffa x15:00000000 x11:00000006
27019496ns          468325 1c009426 eb048493 addi             x9, x9, -336         x9=1c002eb0  x9:1c003000
27019516ns          468326 1c00942a 1c0032b7 lui              x5, 0x1c003000       x5=1c003000
27019536ns          468327 1c00942e 1c0035b7 lui              x11, 0x1c003000     x11=1c003000
27019556ns          468328 1c009432 018483b3 add              x7, x9, x24          x7=1c002eb4  x9:1c002eb0 x24:00000004
27019576ns          468329 1c009436 02812e83 lw               x29, 40(x2)         x29=1c002ec4  x2:100014d8  PA:10001500
27019596ns          468330 1c009438 10065633 p.exthz          x12, x12, x0        x12=00000038 x12:00000038
27019616ns          468331 1c00943c e8028293 addi             x5, x5, -384         x5=1c002e80  x5:1c003000
27019635ns          468332 1c009440 ea058593 addi             x11, x11, -352      x11=1c002ea0 x11:1c003000
27019655ns          468333 1c009444 03812483 lw               x9, 56(x2)           x9=1c002ee4  x2:100014d8  PA:10001510
27019675ns          468334 1c009446 10064733 p.exths          x14, x12, x0        x14=00000038 x12:00000038
27019695ns          468335 1c00944a 018280b3 add              x1, x5, x24          x1=1c002e84  x5:1c002e80 x24:00000004
27019715ns          468336 1c00944e 03012f03 lw               x30, 48(x2)         x30=1c002ed4  x2:100014d8  PA:10001508
27019735ns          468337 1c009450 018582b3 add              x5, x11, x24         x5=1c002ea4 x11:1c002ea0 x24:00000004
27019755ns          468338 1c009454 04012583 lw               x11, 64(x2)         x11=1c002ef4  x2:100014d8  PA:10001518
27019775ns          468339 1c009456 000edd83 lhu              x27, 0(x29)         x27=00000e61 x29:1c002ec4  PA:1c002ec4
27020093ns          468355 1c00945a 0004d483 lhu              x9, 0(x9)            x9=000000d4  x9:1c002ee4  PA:1c002ee4
27020411ns          468371 1c00945e 02e70333 mul              x6, x14, x14         x6=00000c40 x14:00000038 x14:00000038
27020431ns          468372 1c009462 40a55513 srai             x10, x10, 0x40a     x10=00000000 x10:00000000
27020451ns          468373 1c009464 04812e83 lw               x29, 72(x2)         x29=1c002f04  x2:100014d8  PA:10001520
27020471ns          468374 1c009466 40a6d693 srai             x13, x13, 0x40a     x13=00000000 x13:0000015c
27020491ns          468375 1c009468 000f5d03 lhu              x26, 0(x30)         x26=00000322 x30:1c002ed4  PA:1c002ed4
27020849ns          468393 1c00946c 0005d583 lhu              x11, 0(x11)         x11=0000003e x11:1c002ef4  PA:1c002ef4
27021207ns          468411 1c009470 40a35313 srai             x6, x6, 0x40a        x6=00000003  x6:00000c40
27021226ns          468412 1c009474 00a686b3 add              x13, x13, x10       x13=00000000 x13:00000000 x10:00000000
27021246ns          468413 1c009476 05012f03 lw               x30, 80(x2)         x30=1c002e74  x2:100014d8  PA:10001528
27021266ns          468414 1c009478 10034e33 p.exths          x28, x6, x0         x28=00000003  x6:00000003
27021286ns          468415 1c00947c 06911023 sh               x9, 96(x2)           x9:000000d4  x2:100014d8  PA:10001538
27021306ns          468416 1c009480 000ede83 lhu              x29, 0(x29)         x29=00000012 x29:1c002f04  PA:1c002f04
27021624ns          468432 1c009484 05812483 lw               x9, 88(x2)           x9=1c002e64  x2:100014d8  PA:10001530
27021644ns          468433 1c009486 1006d6b3 p.exthz          x13, x13, x0        x13=00000000 x13:00000000
27021664ns          468434 1c00948a 02ee08b3 mul              x17, x28, x14       x17=000000a8 x28:00000003 x14:00000038
27021684ns          468435 1c00948e 1006c833 p.exths          x16, x13, x0        x16=00000000 x13:00000000
27021704ns          468436 1c009492 06b11823 sh               x11, 112(x2)        x11:0000003e  x2:100014d8  PA:10001548
27021724ns          468437 1c009496 000f5f03 lhu              x30, 0(x30)         x30=0000ff4f x30:1c002e74  PA:1c002e74
27022022ns          468452 1c00949a 0a012583 lw               x11, 160(x2)        x11=1c002e94  x2:100014d8  PA:10001578
27022042ns          468453 1c00949c 1007d7b3 p.exthz          x15, x15, x0        x15=0000fffa x15:fffffffa
27022062ns          468454 1c0094a0 0004da03 lhu              x20, 0(x9)          x20=0000fcc8  x9:1c002e64  PA:1c002e64
27022380ns          468470 1c0094a4 1007c533 p.exths          x10, x15, x0        x10=fffffffa x15:0000fffa
27022400ns          468471 1c0094a8 09d11023 sh               x29, 128(x2)        x29:00000012  x2:100014d8  PA:10001558
27022420ns          468472 1c0094ac 0003d483 lhu              x9, 0(x7)            x9=0000ffe7  x7:1c002eb4  PA:1c002eb4
27022718ns          468487 1c0094b0 02e80eb3 mul              x29, x16, x14       x29=00000000 x16:00000000 x14:00000038
27022738ns          468488 1c0094b4 40a8d893 srai             x17, x17, 0x40a     x17=00000000 x17:000000a8
27022758ns          468489 1c0094b8 03c80833 mul              x16, x16, x28       x16=00000000 x16:00000000 x28:00000003
27022778ns          468490 1c0094bc 09e11823 sh               x30, 144(x2)        x30:0000ff4f  x2:100014d8  PA:10001568
27022798ns          468491 1c0094c0 0005d983 lhu              x19, 0(x11)         x19=0000ffc8 x11:1c002e94  PA:1c002e94
27023136ns          468508 1c0094c4 81c88f5b p.muls           x30, x17, x28       x30=00000000 x17:00000000 x28:00000003
27023156ns          468509 1c0094c8 0002d583 lhu              x11, 0(x5)          x11=0000ffbc  x5:1c002ea4  PA:1c002ea4
27023454ns          468524 1c0094cc 03ce0fb3 mul              x31, x28, x28       x31=00000009 x28:00000003 x28:00000003
27023474ns          468525 1c0094d0 02e50733 mul              x14, x10, x14       x14=fffffeb0 x10:fffffffa x14:00000038
27023494ns          468526 1c0094d4 40a85813 srai             x16, x16, 0x40a     x16=00000000 x16:00000000
27023514ns          468527 1c0094d8 03c50533 mul              x10, x10, x28       x10=ffffffee x10:fffffffa x28:00000003
27023533ns          468528 1c0094dc 07015e03 lhu              x28, 112(x2)        x28=0000003e  x2:100014d8  PA:10001548
27023573ns          468530 1c0094e0 01b60633 add              x12, x12, x27       x12=00000e99 x12:00000038 x27:00000e61
27023593ns          468531 1c0094e2 00980833 add              x16, x16, x9        x16=0000ffe7 x16:00000000  x9:0000ffe7
27023613ns          468532 1c0094e4 06015d83 lhu              x27, 96(x2)         x27=000000d4  x2:100014d8  PA:10001538
27023633ns          468533 1c0094e8 02812483 lw               x9, 40(x2)           x9=1c002ec4  x2:100014d8  PA:10001500
27023653ns          468534 1c0094ea 40afdf93 srai             x31, x31, 0x40a     x31=00000000 x31:00000009
27023673ns          468535 1c0094ee 40a55513 srai             x10, x10, 0x40a     x10=ffffffff x10:ffffffee
27023693ns          468536 1c0094f0 01cf8fb3 add              x31, x31, x28       x31=0000003e x31:00000000 x28:0000003e
27023712ns          468537 1c0094f2 00b50533 add              x10, x10, x11       x10=0000ffbb x10:ffffffff x11:0000ffbc
27023732ns          468538 1c0094f4 09015e03 lhu              x28, 144(x2)        x28=0000ff4f  x2:100014d8  PA:10001568
27023752ns          468539 1c0094f8 03012583 lw               x11, 48(x2)         x11=1c002ed4  x2:100014d8  PA:10001508
27023772ns          468540 1c0094fa 00c49023 sh               x12, 0(x9)          x12:00000e99  x9:1c002ec4  PA:1c002ec4
27024090ns          468556 1c0094fe 01b888b3 add              x17, x17, x27       x17=000000d4 x17:00000000 x27:000000d4
27024110ns          468557 1c009500 01a30333 add              x6, x6, x26          x6=00000325  x6:00000003 x26:00000322
27024130ns          468558 1c009502 08015d83 lhu              x27, 128(x2)        x27=00000012  x2:100014d8  PA:10001558
27024150ns          468559 1c009506 0000d903 lhu              x18, 0(x1)          x18=0000ff34  x1:1c002e84  PA:1c002e84
27024488ns          468576 1c00950a 01c686b3 add              x13, x13, x28       x13=0000ff4f x13:00000000 x28:0000ff4f
27024508ns          468577 1c00950c 00659023 sh               x6, 0(x11)           x6:00000325 x11:1c002ed4  PA:1c002ed4
27024826ns          468593 1c009510 40af5f13 srai             x30, x30, 0x40a     x30=00000000 x30:00000000
27024846ns          468594 1c009514 04812e03 lw               x28, 72(x2)         x28=1c002f04  x2:100014d8  PA:10001520
27024866ns          468595 1c009516 01bf0f33 add              x30, x30, x27       x30=00000012 x30:00000000 x27:00000012
27024886ns          468596 1c009518 40aede93 srai             x29, x29, 0x40a     x29=00000000 x29:00000000
27024906ns          468597 1c00951c 40a75713 srai             x14, x14, 0x40a     x14=ffffffff x14:fffffeb0
27024926ns          468598 1c00951e 03812603 lw               x12, 56(x2)         x12=1c002ee4  x2:100014d8  PA:10001510
27024946ns          468599 1c009520 04012d83 lw               x27, 64(x2)         x27=1c002ef4  x2:100014d8  PA:10001518
27024965ns          468600 1c009522 01ee1023 sh               x30, 0(x28)         x30:00000012 x28:1c002f04  PA:1c002f04
27025284ns          468616 1c009526 05812483 lw               x9, 88(x2)           x9=1c002e64  x2:100014d8  PA:10001530
27025304ns          468617 1c009528 05012f03 lw               x30, 80(x2)         x30=1c002e74  x2:100014d8  PA:10001528
27025323ns          468618 1c00952a 0a012583 lw               x11, 160(x2)        x11=1c002e94  x2:100014d8  PA:10001578
27025343ns          468619 1c00952c 014787b3 add              x15, x15, x20       x15=0001fcc2 x15:0000fffa x20:0000fcc8
27025363ns          468620 1c00952e 013e8eb3 add              x29, x29, x19       x29=0000ffc8 x29:00000000 x19:0000ffc8
27025383ns          468621 1c009530 01270733 add              x14, x14, x18       x14=0000ff33 x14:ffffffff x18:0000ff34
27025403ns          468622 1c009532 00f49023 sh               x15, 0(x9)          x15:0001fcc2  x9:1c002e64  PA:1c002e64
27025741ns          468639 1c009536 01161023 sh               x17, 0(x12)         x17:000000d4 x12:1c002ee4  PA:1c002ee4
27026059ns          468655 1c00953a 01fd9023 sh               x31, 0(x27)         x31:0000003e x27:1c002ef4  PA:1c002ef4
27026377ns          468671 1c00953e 00df1023 sh               x13, 0(x30)         x13:0000ff4f x30:1c002e74  PA:1c002e74
27026696ns          468687 1c009542 01d59023 sh               x29, 0(x11)         x29:0000ffc8 x11:1c002e94  PA:1c002e94
27027034ns          468704 1c009546 00e09023 sh               x14, 0(x1)          x14:0000ff33  x1:1c002e84  PA:1c002e84
27027352ns          468720 1c00954a 01039023 sh               x16, 0(x7)          x16:0000ffe7  x7:1c002eb4  PA:1c002eb4
27027670ns          468736 1c00954e 00a29023 sh               x10, 0(x5)          x10:0000ffbb  x5:1c002ea4  PA:1c002ea4
27027988ns          468752 1c009552 008b0b13 addi             x22, x22, 8         x22=000000d2 x22:000000ca
27028008ns          468753 1c009554 1f300793 addi             x15, x0, 499        x15=000001f3
27028028ns          468754 1c009558 e767dae3 bge              x15, x22, -396      x15:000001f3 x22:000000d2
27028088ns          468757 1c0093cc 010c9a0b p.lh             x20, 16(x25!)       x20=fffffe88 x25=1c00283c x25:1c00282c  PA:1c00282c
27028486ns          468777 1c0093d0 0104198b p.lh             x19, 16(x8!)        x19=ffffff2c  x8=1c002004  x8:1c001ff4  PA:1c001ff4
27028784ns          468792 1c0093d4 2cc10513 addi             x10, x2, 716        x10=100017a4  x2:100014d8
27028804ns          468793 1c0093d6 010a990b p.lh             x18, 16(x21!)       x18=fffffe74 x21=1c001830 x21:1c001820  PA:1c001820
27029102ns          468808 1c0093da 010b948b p.lh             x9, 16(x23!)         x9=ffffff60 x23=1c001060 x23:1c001050  PA:1c001050
27029400ns          468823 1c0093de 2d411623 sh               x20, 716(x2)        x20:fffffe88  x2:100014d8  PA:100017a4
27029440ns          468825 1c0093e2 2d311723 sh               x19, 718(x2)        x19:ffffff2c  x2:100014d8  PA:100017a6
27029460ns          468826 1c0093e6 c33ff0ef jal              x1, -974             x1=1c0093e8
27029500ns          468828 1c009018 00051803 lh               x16, 0(x10)         x16=fffffe88 x10:100017a4  PA:100017a4
27029540ns          468830 1c00901c 00251883 lh               x17, 2(x10)         x17=ffffff2c x10:100017a4  PA:100017a6
27029599ns          468833 1c009020 030806b3 mul              x13, x16, x16       x13=00022840 x16:fffffe88 x16:fffffe88
27029619ns          468834 1c009024 03188633 mul              x12, x17, x17       x12=0000af90 x17:ffffff2c x17:ffffff2c
27029639ns          468835 1c009028 40a65613 srai             x12, x12, 0x40a     x12=0000002b x12:0000af90
27029659ns          468836 1c00902a 40a6d693 srai             x13, x13, 0x40a     x13=0000008a x13:00022840
27029679ns          468837 1c00902c 00c686b3 add              x13, x13, x12       x13=000000b5 x13:0000008a x12:0000002b
27029699ns          468838 1c00902e 1006c633 p.exths          x12, x13, x0        x12=000000b5 x13:000000b5
27029719ns          468839 1c009032 00855703 lhu              x14, 8(x10)         x14=0000ffd1 x10:100017a4  PA:100017ac
27029739ns          468840 1c009036 00a55683 lhu              x13, 10(x10)        x13=0000ff6a x10:100017a4  PA:100017ae
27029758ns          468841 1c00903a 02c60333 mul              x6, x12, x12         x6=00007ff9 x12:000000b5 x12:000000b5
27029798ns          468843 1c00903e 00c55783 lhu              x15, 12(x10)        x15=0000ffe5 x10:100017a4  PA:100017b0
27029838ns          468845 1c009042 00e55583 lhu              x11, 14(x10)        x11=00000060 x10:100017a4  PA:100017b2
27029858ns          468846 1c009046 dea30333 p.extract        x6, x6, 15, 10       x6=0000001f  x6:00007ff9
27029878ns          468847 1c00904a 80c7075b p.muls           x14, x14, x12       x14=ffffdec5 x14:0000ffd1 x12:000000b5
27029898ns          468848 1c00904e 80c686db p.muls           x13, x13, x12       x13=ffff95f2 x13:0000ff6a x12:000000b5
27029918ns          468849 1c009052 00455e83 lhu              x29, 4(x10)         x29=00000427 x10:100017a4  PA:100017a8
27029937ns          468850 1c009056 00655e03 lhu              x28, 6(x10)         x28=0000007f x10:100017a4  PA:100017aa
27029957ns          468851 1c00905a 40a75713 srai             x14, x14, 0x40a     x14=fffffff7 x14:ffffdec5
27029977ns          468852 1c00905c 806787db p.muls           x15, x15, x6        x15=fffffcbb x15:0000ffe5  x6:0000001f
27030017ns          468854 1c009060 40a6d693 srai             x13, x13, 0x40a     x13=ffffffe5 x13:ffff95f2
27030057ns          468856 1c009062 8065865b p.muls           x12, x11, x6        x12=00000ba0 x11:00000060  x6:0000001f
27030077ns          468857 1c009066 40a7d793 srai             x15, x15, 0x40a     x15=ffffffff x15:fffffcbb
27030097ns          468858 1c009068 40a65613 srai             x12, x12, 0x40a     x12=00000002 x12:00000ba0
27030116ns          468859 1c00906a 01d70733 add              x14, x14, x29       x14=0000041e x14:fffffff7 x29:00000427
27030136ns          468860 1c00906c 01c686b3 add              x13, x13, x28       x13=00000064 x13:ffffffe5 x28:0000007f
27030156ns          468861 1c00906e 00c686b3 add              x13, x13, x12       x13=00000066 x13:00000064 x12:00000002
27030176ns          468862 1c009070 00f70733 add              x14, x14, x15       x14=0000041d x14:0000041e x15:ffffffff
27030196ns          468863 1c009072 100747b3 p.exths          x15, x14, x0        x15=0000041d x14:0000041d
27030216ns          468864 1c009076 1006c733 p.exths          x14, x13, x0        x14=00000066 x13:00000066
27030236ns          468865 1c00907a 03170633 mul              x12, x14, x17       x12=ffffab88 x14:00000066 x17:ffffff2c
27030256ns          468866 1c00907e 030786b3 mul              x13, x15, x16       x13=fff9f568 x15:0000041d x16:fffffe88
27030276ns          468867 1c009082 03070733 mul              x14, x14, x16       x14=ffff6a30 x14:00000066 x16:fffffe88
27030295ns          468868 1c009086 031787b3 mul              x15, x15, x17       x15=fffc97fc x15:0000041d x17:ffffff2c
27030315ns          468869 1c00908a 40a6d693 srai             x13, x13, 0x40a     x13=fffffe7d x13:fff9f568
27030335ns          468870 1c00908c 40a65613 srai             x12, x12, 0x40a     x12=ffffffea x12:ffffab88
27030355ns          468871 1c00908e 40a7d793 srai             x15, x15, 0x40a     x15=ffffff25 x15:fffc97fc
27030375ns          468872 1c009090 40a75713 srai             x14, x14, 0x40a     x14=ffffffda x14:ffff6a30
27030395ns          468873 1c009092 40c686b3 sub              x13, x13, x12       x13=fffffe93 x13:fffffe7d x12:ffffffea
27030415ns          468874 1c009094 00e787b3 add              x15, x15, x14       x15=fffffeff x15:ffffff25 x14:ffffffda
27030435ns          468875 1c009096 00d51823 sh               x13, 16(x10)        x13:fffffe93 x10:100017a4  PA:100017b4
27030474ns          468877 1c00909a 00f51923 sh               x15, 18(x10)        x15:fffffeff x10:100017a4  PA:100017b6
27030494ns          468878 1c00909e 00008067 jalr             x0, x1, 0            x1:1c0093e8
27030554ns          468881 1c0093e8 2dc15583 lhu              x11, 732(x2)        x11=0000fe93  x2:100014d8  PA:100017b4
27030574ns          468882 1c0093ec 2de15783 lhu              x15, 734(x2)        x15=0000feff  x2:100014d8  PA:100017b6
27030594ns          468883 1c0093f0 40b90933 sub              x18, x18, x11       x18=fffeffe1 x18:fffffe74 x11:0000fe93
27030614ns          468884 1c0093f4 40f484b3 sub              x9, x9, x15          x9=ffff0061  x9:ffffff60 x15:0000feff
27030634ns          468885 1c0093f6 100945b3 p.exths          x11, x18, x0        x11=ffffffe1 x18:fffeffe1
27030653ns          468886 1c0093fa 1004c7b3 p.exths          x15, x9, x0         x15=00000061  x9:ffff0061
27030673ns          468887 1c0093fe 034586b3 mul              x13, x11, x20       x13=00002d88 x11:ffffffe1 x20:fffffe88
27030693ns          468888 1c009402 03378533 mul              x10, x15, x19       x10=ffffafac x15:00000061 x19:ffffff2c
27030713ns          468889 1c009406 034a0633 mul              x12, x20, x20       x12=00022840 x20:fffffe88 x20:fffffe88
27030733ns          468890 1c00940a 03398733 mul              x14, x19, x19       x14=0000af90 x19:ffffff2c x19:ffffff2c
27030753ns          468891 1c00940e 034787b3 mul              x15, x15, x20       x15=ffff7188 x15:00000061 x20:fffffe88
27030773ns          468892 1c009412 033585b3 mul              x11, x11, x19       x11=000019ac x11:ffffffe1 x19:ffffff2c
27030793ns          468893 1c009416 40a75713 srai             x14, x14, 0x40a     x14=0000002b x14:0000af90
27030812ns          468894 1c009418 40a5d593 srai             x11, x11, 0x40a     x11=00000006 x11:000019ac
27030832ns          468895 1c00941a 40a65613 srai             x12, x12, 0x40a     x12=0000008a x12:00022840
27030852ns          468896 1c00941c 40a7d793 srai             x15, x15, 0x40a     x15=ffffffdc x15:ffff7188
27030872ns          468897 1c00941e 1c0034b7 lui              x9, 0x1c003000       x9=1c003000
27030892ns          468898 1c009422 00e60633 add              x12, x12, x14       x12=000000b5 x12:0000008a x14:0000002b
27030912ns          468899 1c009424 40b787b3 sub              x15, x15, x11       x15=ffffffd6 x15:ffffffdc x11:00000006
27030932ns          468900 1c009426 eb048493 addi             x9, x9, -336         x9=1c002eb0  x9:1c003000
27030952ns          468901 1c00942a 1c0032b7 lui              x5, 0x1c003000       x5=1c003000
27030972ns          468902 1c00942e 1c0035b7 lui              x11, 0x1c003000     x11=1c003000
27030991ns          468903 1c009432 018483b3 add              x7, x9, x24          x7=1c002eb4  x9:1c002eb0 x24:00000004
27031011ns          468904 1c009436 02812e83 lw               x29, 40(x2)         x29=1c002ec4  x2:100014d8  PA:10001500
27031031ns          468905 1c009438 10065633 p.exthz          x12, x12, x0        x12=000000b5 x12:000000b5
27031051ns          468906 1c00943c e8028293 addi             x5, x5, -384         x5=1c002e80  x5:1c003000
27031071ns          468907 1c009440 ea058593 addi             x11, x11, -352      x11=1c002ea0 x11:1c003000
27031111ns          468909 1c009444 03812483 lw               x9, 56(x2)           x9=1c002ee4  x2:100014d8  PA:10001510
27031131ns          468910 1c009446 10064733 p.exths          x14, x12, x0        x14=000000b5 x12:000000b5
27031151ns          468911 1c00944a 018280b3 add              x1, x5, x24          x1=1c002e84  x5:1c002e80 x24:00000004
27031170ns          468912 1c00944e 03012f03 lw               x30, 48(x2)         x30=1c002ed4  x2:100014d8  PA:10001508
27031190ns          468913 1c009450 018582b3 add              x5, x11, x24         x5=1c002ea4 x11:1c002ea0 x24:00000004
27031210ns          468914 1c009454 04012583 lw               x11, 64(x2)         x11=1c002ef4  x2:100014d8  PA:10001518
27031230ns          468915 1c009456 000edd83 lhu              x27, 0(x29)         x27=00000e99 x29:1c002ec4  PA:1c002ec4
27031528ns          468930 1c00945a 0004d483 lhu              x9, 0(x9)            x9=000000d4  x9:1c002ee4  PA:1c002ee4
27031827ns          468945 1c00945e 02e70333 mul              x6, x14, x14         x6=00007ff9 x14:000000b5 x14:000000b5
27031847ns          468946 1c009462 40a55513 srai             x10, x10, 0x40a     x10=ffffffeb x10:ffffafac
27031867ns          468947 1c009464 04812e83 lw               x29, 72(x2)         x29=1c002f04  x2:100014d8  PA:10001520
27031886ns          468948 1c009466 40a6d693 srai             x13, x13, 0x40a     x13=0000000b x13:00002d88
27031906ns          468949 1c009468 000f5d03 lhu              x26, 0(x30)         x26=00000325 x30:1c002ed4  PA:1c002ed4
27032205ns          468964 1c00946c 0005d583 lhu              x11, 0(x11)         x11=0000003e x11:1c002ef4  PA:1c002ef4
27032503ns          468979 1c009470 40a35313 srai             x6, x6, 0x40a        x6=0000001f  x6:00007ff9
27032523ns          468980 1c009474 00a686b3 add              x13, x13, x10       x13=fffffff6 x13:0000000b x10:ffffffeb
27032543ns          468981 1c009476 05012f03 lw               x30, 80(x2)         x30=1c002e74  x2:100014d8  PA:10001528
27032563ns          468982 1c009478 10034e33 p.exths          x28, x6, x0         x28=0000001f  x6:0000001f
27032583ns          468983 1c00947c 06911023 sh               x9, 96(x2)           x9:000000d4  x2:100014d8  PA:10001538
27032602ns          468984 1c009480 000ede83 lhu              x29, 0(x29)         x29=00000012 x29:1c002f04  PA:1c002f04
27032901ns          468999 1c009484 05812483 lw               x9, 88(x2)           x9=1c002e64  x2:100014d8  PA:10001530
27032921ns          469000 1c009486 1006d6b3 p.exthz          x13, x13, x0        x13=0000fff6 x13:fffffff6
27032941ns          469001 1c00948a 02ee08b3 mul              x17, x28, x14       x17=000015eb x28:0000001f x14:000000b5
27032960ns          469002 1c00948e 1006c833 p.exths          x16, x13, x0        x16=fffffff6 x13:0000fff6
27032980ns          469003 1c009492 06b11823 sh               x11, 112(x2)        x11:0000003e  x2:100014d8  PA:10001548
27033000ns          469004 1c009496 000f5f03 lhu              x30, 0(x30)         x30=0000ff4f x30:1c002e74  PA:1c002e74
27033298ns          469019 1c00949a 0a012583 lw               x11, 160(x2)        x11=1c002e94  x2:100014d8  PA:10001578
27033318ns          469020 1c00949c 1007d7b3 p.exthz          x15, x15, x0        x15=0000ffd6 x15:ffffffd6
27033338ns          469021 1c0094a0 0004da03 lhu              x20, 0(x9)          x20=0000fcc2  x9:1c002e64  PA:1c002e64
27033656ns          469037 1c0094a4 1007c533 p.exths          x10, x15, x0        x10=ffffffd6 x15:0000ffd6
27033676ns          469038 1c0094a8 09d11023 sh               x29, 128(x2)        x29:00000012  x2:100014d8  PA:10001558
27033696ns          469039 1c0094ac 0003d483 lhu              x9, 0(x7)            x9=0000ffe7  x7:1c002eb4  PA:1c002eb4
27034054ns          469057 1c0094b0 02e80eb3 mul              x29, x16, x14       x29=fffff8ee x16:fffffff6 x14:000000b5
27034074ns          469058 1c0094b4 40a8d893 srai             x17, x17, 0x40a     x17=00000005 x17:000015eb
27034094ns          469059 1c0094b8 03c80833 mul              x16, x16, x28       x16=fffffeca x16:fffffff6 x28:0000001f
27034114ns          469060 1c0094bc 09e11823 sh               x30, 144(x2)        x30:0000ff4f  x2:100014d8  PA:10001568
27034134ns          469061 1c0094c0 0005d983 lhu              x19, 0(x11)         x19=0000ffc8 x11:1c002e94  PA:1c002e94
27034472ns          469078 1c0094c4 81c88f5b p.muls           x30, x17, x28       x30=0000009b x17:00000005 x28:0000001f
27034492ns          469079 1c0094c8 0002d583 lhu              x11, 0(x5)          x11=0000ffbb  x5:1c002ea4  PA:1c002ea4
27034790ns          469094 1c0094cc 03ce0fb3 mul              x31, x28, x28       x31=000003c1 x28:0000001f x28:0000001f
27034810ns          469095 1c0094d0 02e50733 mul              x14, x10, x14       x14=ffffe24e x10:ffffffd6 x14:000000b5
27034830ns          469096 1c0094d4 40a85813 srai             x16, x16, 0x40a     x16=ffffffff x16:fffffeca
27034850ns          469097 1c0094d8 03c50533 mul              x10, x10, x28       x10=fffffaea x10:ffffffd6 x28:0000001f
27034870ns          469098 1c0094dc 07015e03 lhu              x28, 112(x2)        x28=0000003e  x2:100014d8  PA:10001548
27034890ns          469099 1c0094e0 01b60633 add              x12, x12, x27       x12=00000f4e x12:000000b5 x27:00000e99
27034909ns          469100 1c0094e2 00980833 add              x16, x16, x9        x16=0000ffe6 x16:ffffffff  x9:0000ffe7
27034929ns          469101 1c0094e4 06015d83 lhu              x27, 96(x2)         x27=000000d4  x2:100014d8  PA:10001538
27034949ns          469102 1c0094e8 02812483 lw               x9, 40(x2)           x9=1c002ec4  x2:100014d8  PA:10001500
27034969ns          469103 1c0094ea 40afdf93 srai             x31, x31, 0x40a     x31=00000000 x31:000003c1
27034989ns          469104 1c0094ee 40a55513 srai             x10, x10, 0x40a     x10=fffffffe x10:fffffaea
27035009ns          469105 1c0094f0 01cf8fb3 add              x31, x31, x28       x31=0000003e x31:00000000 x28:0000003e
27035029ns          469106 1c0094f2 00b50533 add              x10, x10, x11       x10=0000ffb9 x10:fffffffe x11:0000ffbb
27035049ns          469107 1c0094f4 09015e03 lhu              x28, 144(x2)        x28=0000ff4f  x2:100014d8  PA:10001568
27035069ns          469108 1c0094f8 03012583 lw               x11, 48(x2)         x11=1c002ed4  x2:100014d8  PA:10001508
27035088ns          469109 1c0094fa 00c49023 sh               x12, 0(x9)          x12:00000f4e  x9:1c002ec4  PA:1c002ec4
27035446ns          469127 1c0094fe 01b888b3 add              x17, x17, x27       x17=000000d9 x17:00000005 x27:000000d4
27035466ns          469128 1c009500 01a30333 add              x6, x6, x26          x6=00000344  x6:0000001f x26:00000325
27035486ns          469129 1c009502 08015d83 lhu              x27, 128(x2)        x27=00000012  x2:100014d8  PA:10001558
27035506ns          469130 1c009506 0000d903 lhu              x18, 0(x1)          x18=0000ff33  x1:1c002e84  PA:1c002e84
27035804ns          469145 1c00950a 01c686b3 add              x13, x13, x28       x13=0001ff45 x13:0000fff6 x28:0000ff4f
27035824ns          469146 1c00950c 00659023 sh               x6, 0(x11)           x6:00000344 x11:1c002ed4  PA:1c002ed4
27036142ns          469162 1c009510 40af5f13 srai             x30, x30, 0x40a     x30=00000000 x30:0000009b
27036162ns          469163 1c009514 04812e03 lw               x28, 72(x2)         x28=1c002f04  x2:100014d8  PA:10001520
27036182ns          469164 1c009516 01bf0f33 add              x30, x30, x27       x30=00000012 x30:00000000 x27:00000012
27036202ns          469165 1c009518 40aede93 srai             x29, x29, 0x40a     x29=fffffffe x29:fffff8ee
27036222ns          469166 1c00951c 40a75713 srai             x14, x14, 0x40a     x14=fffffff8 x14:ffffe24e
27036242ns          469167 1c00951e 03812603 lw               x12, 56(x2)         x12=1c002ee4  x2:100014d8  PA:10001510
27036262ns          469168 1c009520 04012d83 lw               x27, 64(x2)         x27=1c002ef4  x2:100014d8  PA:10001518
27036282ns          469169 1c009522 01ee1023 sh               x30, 0(x28)         x30:00000012 x28:1c002f04  PA:1c002f04
27036600ns          469185 1c009526 05812483 lw               x9, 88(x2)           x9=1c002e64  x2:100014d8  PA:10001530
27036620ns          469186 1c009528 05012f03 lw               x30, 80(x2)         x30=1c002e74  x2:100014d8  PA:10001528
27036640ns          469187 1c00952a 0a012583 lw               x11, 160(x2)        x11=1c002e94  x2:100014d8  PA:10001578
27036660ns          469188 1c00952c 014787b3 add              x15, x15, x20       x15=0001fc98 x15:0000ffd6 x20:0000fcc2
27036679ns          469189 1c00952e 013e8eb3 add              x29, x29, x19       x29=0000ffc6 x29:fffffffe x19:0000ffc8
27036699ns          469190 1c009530 01270733 add              x14, x14, x18       x14=0000ff2b x14:fffffff8 x18:0000ff33
27036719ns          469191 1c009532 00f49023 sh               x15, 0(x9)          x15:0001fc98  x9:1c002e64  PA:1c002e64
27037097ns          469210 1c009536 01161023 sh               x17, 0(x12)         x17:000000d9 x12:1c002ee4  PA:1c002ee4
27037415ns          469226 1c00953a 01fd9023 sh               x31, 0(x27)         x31:0000003e x27:1c002ef4  PA:1c002ef4
27037734ns          469242 1c00953e 00df1023 sh               x13, 0(x30)         x13:0001ff45 x30:1c002e74  PA:1c002e74
27038052ns          469258 1c009542 01d59023 sh               x29, 0(x11)         x29:0000ffc6 x11:1c002e94  PA:1c002e94
27038370ns          469274 1c009546 00e09023 sh               x14, 0(x1)          x14:0000ff2b  x1:1c002e84  PA:1c002e84
27038688ns          469290 1c00954a 01039023 sh               x16, 0(x7)          x16:0000ffe6  x7:1c002eb4  PA:1c002eb4
27039006ns          469306 1c00954e 00a29023 sh               x10, 0(x5)          x10:0000ffb9  x5:1c002ea4  PA:1c002ea4
27039325ns          469322 1c009552 008b0b13 addi             x22, x22, 8         x22=000000da x22:000000d2
27039344ns          469323 1c009554 1f300793 addi             x15, x0, 499        x15=000001f3
27039364ns          469324 1c009558 e767dae3 bge              x15, x22, -396      x15:000001f3 x22:000000da
27039464ns          469329 1c0093cc 010c9a0b p.lh             x20, 16(x25!)       x20=fffffede x25=1c00284c x25:1c00283c  PA:1c00283c
27039762ns          469344 1c0093d0 0104198b p.lh             x19, 16(x8!)        x19=fffffd4a  x8=1c002014  x8:1c002004  PA:1c002004
27040080ns          469360 1c0093d4 2cc10513 addi             x10, x2, 716        x10=100017a4  x2:100014d8
27040100ns          469361 1c0093d6 010a990b p.lh             x18, 16(x21!)       x18=fffffe64 x21=1c001840 x21:1c001830  PA:1c001830
27040399ns          469376 1c0093da 010b948b p.lh             x9, 16(x23!)         x9=fffffda7 x23=1c001070 x23:1c001060  PA:1c001060
27040796ns          469396 1c0093de 2d411623 sh               x20, 716(x2)        x20:fffffede  x2:100014d8  PA:100017a4
27040816ns          469397 1c0093e2 2d311723 sh               x19, 718(x2)        x19:fffffd4a  x2:100014d8  PA:100017a6
27040836ns          469398 1c0093e6 c33ff0ef jal              x1, -974             x1=1c0093e8
27040916ns          469402 1c009018 00051803 lh               x16, 0(x10)         x16=fffffede x10:100017a4  PA:100017a4
27040955ns          469404 1c00901c 00251883 lh               x17, 2(x10)         x17=fffffd4a x10:100017a4  PA:100017a6
27040975ns          469405 1c009020 030806b3 mul              x13, x16, x16       x13=00014884 x16:fffffede x16:fffffede
27040995ns          469406 1c009024 03188633 mul              x12, x17, x17       x12=00075964 x17:fffffd4a x17:fffffd4a
27041015ns          469407 1c009028 40a65613 srai             x12, x12, 0x40a     x12=000001d6 x12:00075964
27041035ns          469408 1c00902a 40a6d693 srai             x13, x13, 0x40a     x13=00000052 x13:00014884
27041055ns          469409 1c00902c 00c686b3 add              x13, x13, x12       x13=00000228 x13:00000052 x12:000001d6
27041075ns          469410 1c00902e 1006c633 p.exths          x12, x13, x0        x12=00000228 x13:00000228
27041095ns          469411 1c009032 00855703 lhu              x14, 8(x10)         x14=0000ffd1 x10:100017a4  PA:100017ac
27041114ns          469412 1c009036 00a55683 lhu              x13, 10(x10)        x13=0000ff6a x10:100017a4  PA:100017ae
27041134ns          469413 1c00903a 02c60333 mul              x6, x12, x12         x6=0004a640 x12:00000228 x12:00000228
27041174ns          469415 1c00903e 00c55783 lhu              x15, 12(x10)        x15=0000ffe5 x10:100017a4  PA:100017b0
27041214ns          469417 1c009042 00e55583 lhu              x11, 14(x10)        x11=00000060 x10:100017a4  PA:100017b2
27041234ns          469418 1c009046 dea30333 p.extract        x6, x6, 15, 10       x6=00000129  x6:0004a640
27041254ns          469419 1c00904a 80c7075b p.muls           x14, x14, x12       x14=ffff9aa8 x14:0000ffd1 x12:00000228
27041313ns          469422 1c00904e 80c686db p.muls           x13, x13, x12       x13=fffebc90 x13:0000ff6a x12:00000228
27041353ns          469424 1c009052 00455e83 lhu              x29, 4(x10)         x29=00000427 x10:100017a4  PA:100017a8
27041373ns          469425 1c009056 00655e03 lhu              x28, 6(x10)         x28=0000007f x10:100017a4  PA:100017aa
27041393ns          469426 1c00905a 40a75713 srai             x14, x14, 0x40a     x14=ffffffe6 x14:ffff9aa8
27041413ns          469427 1c00905c 806787db p.muls           x15, x15, x6        x15=ffffe0ad x15:0000ffe5  x6:00000129
27041433ns          469428 1c009060 40a6d693 srai             x13, x13, 0x40a     x13=ffffffaf x13:fffebc90
27041453ns          469429 1c009062 8065865b p.muls           x12, x11, x6        x12=00006f60 x11:00000060  x6:00000129
27041472ns          469430 1c009066 40a7d793 srai             x15, x15, 0x40a     x15=fffffff8 x15:ffffe0ad
27041492ns          469431 1c009068 40a65613 srai             x12, x12, 0x40a     x12=0000001b x12:00006f60
27041512ns          469432 1c00906a 01d70733 add              x14, x14, x29       x14=0000040d x14:ffffffe6 x29:00000427
27041532ns          469433 1c00906c 01c686b3 add              x13, x13, x28       x13=0000002e x13:ffffffaf x28:0000007f
27041552ns          469434 1c00906e 00c686b3 add              x13, x13, x12       x13=00000049 x13:0000002e x12:0000001b
27041572ns          469435 1c009070 00f70733 add              x14, x14, x15       x14=00000405 x14:0000040d x15:fffffff8
27041592ns          469436 1c009072 100747b3 p.exths          x15, x14, x0        x15=00000405 x14:00000405
27041612ns          469437 1c009076 1006c733 p.exths          x14, x13, x0        x14=00000049 x13:00000049
27041632ns          469438 1c00907a 03170633 mul              x12, x14, x17       x12=ffff3a1a x14:00000049 x17:fffffd4a
27041651ns          469439 1c00907e 030786b3 mul              x13, x15, x16       x13=fffb7256 x15:00000405 x16:fffffede
27041671ns          469440 1c009082 03070733 mul              x14, x14, x16       x14=ffffad4e x14:00000049 x16:fffffede
27041691ns          469441 1c009086 031787b3 mul              x15, x15, x17       x15=fff51a72 x15:00000405 x17:fffffd4a
27041711ns          469442 1c00908a 40a6d693 srai             x13, x13, 0x40a     x13=fffffedc x13:fffb7256
27041731ns          469443 1c00908c 40a65613 srai             x12, x12, 0x40a     x12=ffffffce x12:ffff3a1a
27041751ns          469444 1c00908e 40a7d793 srai             x15, x15, 0x40a     x15=fffffd46 x15:fff51a72
27041771ns          469445 1c009090 40a75713 srai             x14, x14, 0x40a     x14=ffffffeb x14:ffffad4e
27041791ns          469446 1c009092 40c686b3 sub              x13, x13, x12       x13=ffffff0e x13:fffffedc x12:ffffffce
27041811ns          469447 1c009094 00e787b3 add              x15, x15, x14       x15=fffffd31 x15:fffffd46 x14:ffffffeb
27041830ns          469448 1c009096 00d51823 sh               x13, 16(x10)        x13:ffffff0e x10:100017a4  PA:100017b4
27041850ns          469449 1c00909a 00f51923 sh               x15, 18(x10)        x15:fffffd31 x10:100017a4  PA:100017b6
27041870ns          469450 1c00909e 00008067 jalr             x0, x1, 0            x1:1c0093e8
27041930ns          469453 1c0093e8 2dc15583 lhu              x11, 732(x2)        x11=0000ff0e  x2:100014d8  PA:100017b4
27041950ns          469454 1c0093ec 2de15783 lhu              x15, 734(x2)        x15=0000fd31  x2:100014d8  PA:100017b6
27041970ns          469455 1c0093f0 40b90933 sub              x18, x18, x11       x18=fffeff56 x18:fffffe64 x11:0000ff0e
27041990ns          469456 1c0093f4 40f484b3 sub              x9, x9, x15          x9=ffff0076  x9:fffffda7 x15:0000fd31
27042009ns          469457 1c0093f6 100945b3 p.exths          x11, x18, x0        x11=ffffff56 x18:fffeff56
27042029ns          469458 1c0093fa 1004c7b3 p.exths          x15, x9, x0         x15=00000076  x9:ffff0076
27042049ns          469459 1c0093fe 034586b3 mul              x13, x11, x20       x13=0000c094 x11:ffffff56 x20:fffffede
27042069ns          469460 1c009402 03378533 mul              x10, x15, x19       x10=fffec01c x15:00000076 x19:fffffd4a
27042089ns          469461 1c009406 034a0633 mul              x12, x20, x20       x12=00014884 x20:fffffede x20:fffffede
27042109ns          469462 1c00940a 03398733 mul              x14, x19, x19       x14=00075964 x19:fffffd4a x19:fffffd4a
27042129ns          469463 1c00940e 034787b3 mul              x15, x15, x20       x15=ffff7a54 x15:00000076 x20:fffffede
27042149ns          469464 1c009412 033585b3 mul              x11, x11, x19       x11=0001ccdc x11:ffffff56 x19:fffffd4a
27042169ns          469465 1c009416 40a75713 srai             x14, x14, 0x40a     x14=000001d6 x14:00075964
27042188ns          469466 1c009418 40a5d593 srai             x11, x11, 0x40a     x11=00000073 x11:0001ccdc
27042208ns          469467 1c00941a 40a65613 srai             x12, x12, 0x40a     x12=00000052 x12:00014884
27042228ns          469468 1c00941c 40a7d793 srai             x15, x15, 0x40a     x15=ffffffde x15:ffff7a54
27042248ns          469469 1c00941e 1c0034b7 lui              x9, 0x1c003000       x9=1c003000
27042268ns          469470 1c009422 00e60633 add              x12, x12, x14       x12=00000228 x12:00000052 x14:000001d6
27042288ns          469471 1c009424 40b787b3 sub              x15, x15, x11       x15=ffffff6b x15:ffffffde x11:00000073
27042308ns          469472 1c009426 eb048493 addi             x9, x9, -336         x9=1c002eb0  x9:1c003000
27042328ns          469473 1c00942a 1c0032b7 lui              x5, 0x1c003000       x5=1c003000
27042348ns          469474 1c00942e 1c0035b7 lui              x11, 0x1c003000     x11=1c003000
27042367ns          469475 1c009432 018483b3 add              x7, x9, x24          x7=1c002eb4  x9:1c002eb0 x24:00000004
27042387ns          469476 1c009436 02812e83 lw               x29, 40(x2)         x29=1c002ec4  x2:100014d8  PA:10001500
27042407ns          469477 1c009438 10065633 p.exthz          x12, x12, x0        x12=00000228 x12:00000228
27042427ns          469478 1c00943c e8028293 addi             x5, x5, -384         x5=1c002e80  x5:1c003000
27042447ns          469479 1c009440 ea058593 addi             x11, x11, -352      x11=1c002ea0 x11:1c003000
27042467ns          469480 1c009444 03812483 lw               x9, 56(x2)           x9=1c002ee4  x2:100014d8  PA:10001510
27042487ns          469481 1c009446 10064733 p.exths          x14, x12, x0        x14=00000228 x12:00000228
27042507ns          469482 1c00944a 018280b3 add              x1, x5, x24          x1=1c002e84  x5:1c002e80 x24:00000004
27042527ns          469483 1c00944e 03012f03 lw               x30, 48(x2)         x30=1c002ed4  x2:100014d8  PA:10001508
27042546ns          469484 1c009450 018582b3 add              x5, x11, x24         x5=1c002ea4 x11:1c002ea0 x24:00000004
27042566ns          469485 1c009454 04012583 lw               x11, 64(x2)         x11=1c002ef4  x2:100014d8  PA:10001518
27042586ns          469486 1c009456 000edd83 lhu              x27, 0(x29)         x27=00000f4e x29:1c002ec4  PA:1c002ec4
27042944ns          469504 1c00945a 0004d483 lhu              x9, 0(x9)            x9=000000d9  x9:1c002ee4  PA:1c002ee4
27043242ns          469519 1c00945e 02e70333 mul              x6, x14, x14         x6=0004a640 x14:00000228 x14:00000228
27043262ns          469520 1c009462 40a55513 srai             x10, x10, 0x40a     x10=ffffffb0 x10:fffec01c
27043282ns          469521 1c009464 04812e83 lw               x29, 72(x2)         x29=1c002f04  x2:100014d8  PA:10001520
27043302ns          469522 1c009466 40a6d693 srai             x13, x13, 0x40a     x13=00000030 x13:0000c094
27043322ns          469523 1c009468 000f5d03 lhu              x26, 0(x30)         x26=00000344 x30:1c002ed4  PA:1c002ed4
27043640ns          469539 1c00946c 0005d583 lhu              x11, 0(x11)         x11=0000003e x11:1c002ef4  PA:1c002ef4
27043939ns          469554 1c009470 40a35313 srai             x6, x6, 0x40a        x6=00000129  x6:0004a640
27043958ns          469555 1c009474 00a686b3 add              x13, x13, x10       x13=ffffffe0 x13:00000030 x10:ffffffb0
27043978ns          469556 1c009476 05012f03 lw               x30, 80(x2)         x30=1c002e74  x2:100014d8  PA:10001528
27043998ns          469557 1c009478 10034e33 p.exths          x28, x6, x0         x28=00000129  x6:00000129
27044018ns          469558 1c00947c 06911023 sh               x9, 96(x2)           x9:000000d9  x2:100014d8  PA:10001538
27044038ns          469559 1c009480 000ede83 lhu              x29, 0(x29)         x29=00000012 x29:1c002f04  PA:1c002f04
27044336ns          469574 1c009484 05812483 lw               x9, 88(x2)           x9=1c002e64  x2:100014d8  PA:10001530
27044356ns          469575 1c009486 1006d6b3 p.exthz          x13, x13, x0        x13=0000ffe0 x13:ffffffe0
27044376ns          469576 1c00948a 02ee08b3 mul              x17, x28, x14       x17=00028068 x28:00000129 x14:00000228
27044396ns          469577 1c00948e 1006c833 p.exths          x16, x13, x0        x16=ffffffe0 x13:0000ffe0
27044416ns          469578 1c009492 06b11823 sh               x11, 112(x2)        x11:0000003e  x2:100014d8  PA:10001548
27044436ns          469579 1c009496 000f5f03 lhu              x30, 0(x30)         x30=0000ff45 x30:1c002e74  PA:1c002e74
27044734ns          469594 1c00949a 0a012583 lw               x11, 160(x2)        x11=1c002e94  x2:100014d8  PA:10001578
27044754ns          469595 1c00949c 1007d7b3 p.exthz          x15, x15, x0        x15=0000ff6b x15:ffffff6b
27044774ns          469596 1c0094a0 0004da03 lhu              x20, 0(x9)          x20=0000fc98  x9:1c002e64  PA:1c002e64
27045072ns          469611 1c0094a4 1007c533 p.exths          x10, x15, x0        x10=ffffff6b x15:0000ff6b
27045092ns          469612 1c0094a8 09d11023 sh               x29, 128(x2)        x29:00000012  x2:100014d8  PA:10001558
27045112ns          469613 1c0094ac 0003d483 lhu              x9, 0(x7)            x9=0000ffe6  x7:1c002eb4  PA:1c002eb4
27045530ns          469634 1c0094b0 02e80eb3 mul              x29, x16, x14       x29=ffffbb00 x16:ffffffe0 x14:00000228
27045550ns          469635 1c0094b4 40a8d893 srai             x17, x17, 0x40a     x17=000000a0 x17:00028068
27045569ns          469636 1c0094b8 03c80833 mul              x16, x16, x28       x16=ffffdae0 x16:ffffffe0 x28:00000129
27045589ns          469637 1c0094bc 09e11823 sh               x30, 144(x2)        x30:0000ff45  x2:100014d8  PA:10001568
27045609ns          469638 1c0094c0 0005d983 lhu              x19, 0(x11)         x19=0000ffc6 x11:1c002e94  PA:1c002e94
27045907ns          469653 1c0094c4 81c88f5b p.muls           x30, x17, x28       x30=0000b9a0 x17:000000a0 x28:00000129
27045927ns          469654 1c0094c8 0002d583 lhu              x11, 0(x5)          x11=0000ffb9  x5:1c002ea4  PA:1c002ea4
27046265ns          469671 1c0094cc 03ce0fb3 mul              x31, x28, x28       x31=00015891 x28:00000129 x28:00000129
27046285ns          469672 1c0094d0 02e50733 mul              x14, x10, x14       x14=fffebeb8 x10:ffffff6b x14:00000228
27046305ns          469673 1c0094d4 40a85813 srai             x16, x16, 0x40a     x16=fffffff6 x16:ffffdae0
27046325ns          469674 1c0094d8 03c50533 mul              x10, x10, x28       x10=ffff5323 x10:ffffff6b x28:00000129
27046345ns          469675 1c0094dc 07015e03 lhu              x28, 112(x2)        x28=0000003e  x2:100014d8  PA:10001548
27046365ns          469676 1c0094e0 01b60633 add              x12, x12, x27       x12=00001176 x12:00000228 x27:00000f4e
27046385ns          469677 1c0094e2 00980833 add              x16, x16, x9        x16=0000ffdc x16:fffffff6  x9:0000ffe6
27046405ns          469678 1c0094e4 06015d83 lhu              x27, 96(x2)         x27=000000d9  x2:100014d8  PA:10001538
27046425ns          469679 1c0094e8 02812483 lw               x9, 40(x2)           x9=1c002ec4  x2:100014d8  PA:10001500
27046444ns          469680 1c0094ea 40afdf93 srai             x31, x31, 0x40a     x31=00000056 x31:00015891
27046464ns          469681 1c0094ee 40a55513 srai             x10, x10, 0x40a     x10=ffffffd4 x10:ffff5323
27046484ns          469682 1c0094f0 01cf8fb3 add              x31, x31, x28       x31=00000094 x31:00000056 x28:0000003e
27046504ns          469683 1c0094f2 00b50533 add              x10, x10, x11       x10=0000ff8d x10:ffffffd4 x11:0000ffb9
27046524ns          469684 1c0094f4 09015e03 lhu              x28, 144(x2)        x28=0000ff45  x2:100014d8  PA:10001568
27046544ns          469685 1c0094f8 03012583 lw               x11, 48(x2)         x11=1c002ed4  x2:100014d8  PA:10001508
27046564ns          469686 1c0094fa 00c49023 sh               x12, 0(x9)          x12:00001176  x9:1c002ec4  PA:1c002ec4
27046902ns          469703 1c0094fe 01b888b3 add              x17, x17, x27       x17=00000179 x17:000000a0 x27:000000d9
27046922ns          469704 1c009500 01a30333 add              x6, x6, x26          x6=0000046d  x6:00000129 x26:00000344
27046942ns          469705 1c009502 08015d83 lhu              x27, 128(x2)        x27=00000012  x2:100014d8  PA:10001558
27046962ns          469706 1c009506 0000d903 lhu              x18, 0(x1)          x18=0000ff2b  x1:1c002e84  PA:1c002e84
27047260ns          469721 1c00950a 01c686b3 add              x13, x13, x28       x13=0001ff25 x13:0000ffe0 x28:0000ff45
27047280ns          469722 1c00950c 00659023 sh               x6, 0(x11)           x6:0000046d x11:1c002ed4  PA:1c002ed4
27047618ns          469739 1c009510 40af5f13 srai             x30, x30, 0x40a     x30=0000002e x30:0000b9a0
27047638ns          469740 1c009514 04812e03 lw               x28, 72(x2)         x28=1c002f04  x2:100014d8  PA:10001520
27047658ns          469741 1c009516 01bf0f33 add              x30, x30, x27       x30=00000040 x30:0000002e x27:00000012
27047678ns          469742 1c009518 40aede93 srai             x29, x29, 0x40a     x29=ffffffee x29:ffffbb00
27047697ns          469743 1c00951c 40a75713 srai             x14, x14, 0x40a     x14=ffffffaf x14:fffebeb8
27047717ns          469744 1c00951e 03812603 lw               x12, 56(x2)         x12=1c002ee4  x2:100014d8  PA:10001510
27047737ns          469745 1c009520 04012d83 lw               x27, 64(x2)         x27=1c002ef4  x2:100014d8  PA:10001518
27047757ns          469746 1c009522 01ee1023 sh               x30, 0(x28)         x30:00000040 x28:1c002f04  PA:1c002f04
27048095ns          469763 1c009526 05812483 lw               x9, 88(x2)           x9=1c002e64  x2:100014d8  PA:10001530
27048115ns          469764 1c009528 05012f03 lw               x30, 80(x2)         x30=1c002e74  x2:100014d8  PA:10001528
27048135ns          469765 1c00952a 0a012583 lw               x11, 160(x2)        x11=1c002e94  x2:100014d8  PA:10001578
27048155ns          469766 1c00952c 014787b3 add              x15, x15, x20       x15=0001fc03 x15:0000ff6b x20:0000fc98
27048175ns          469767 1c00952e 013e8eb3 add              x29, x29, x19       x29=0000ffb4 x29:ffffffee x19:0000ffc6
27048195ns          469768 1c009530 01270733 add              x14, x14, x18       x14=0000feda x14:ffffffaf x18:0000ff2b
27048214ns          469769 1c009532 00f49023 sh               x15, 0(x9)          x15:0001fc03  x9:1c002e64  PA:1c002e64
27048553ns          469786 1c009536 01161023 sh               x17, 0(x12)         x17:00000179 x12:1c002ee4  PA:1c002ee4
27048871ns          469802 1c00953a 01fd9023 sh               x31, 0(x27)         x31:00000094 x27:1c002ef4  PA:1c002ef4
27049209ns          469819 1c00953e 00df1023 sh               x13, 0(x30)         x13:0001ff25 x30:1c002e74  PA:1c002e74
27049547ns          469836 1c009542 01d59023 sh               x29, 0(x11)         x29:0000ffb4 x11:1c002e94  PA:1c002e94
27049865ns          469852 1c009546 00e09023 sh               x14, 0(x1)          x14:0000feda  x1:1c002e84  PA:1c002e84
27050183ns          469868 1c00954a 01039023 sh               x16, 0(x7)          x16:0000ffdc  x7:1c002eb4  PA:1c002eb4
27050502ns          469884 1c00954e 00a29023 sh               x10, 0(x5)          x10:0000ff8d  x5:1c002ea4  PA:1c002ea4
27050840ns          469901 1c009552 008b0b13 addi             x22, x22, 8         x22=000000e2 x22:000000da
27050860ns          469902 1c009554 1f300793 addi             x15, x0, 499        x15=000001f3
27050879ns          469903 1c009558 e767dae3 bge              x15, x22, -396      x15:000001f3 x22:000000e2
27050979ns          469908 1c0093cc 010c9a0b p.lh             x20, 16(x25!)       x20=fffffffe x25=1c00285c x25:1c00284c  PA:1c00284c
27051297ns          469924 1c0093d0 0104198b p.lh             x19, 16(x8!)        x19=ffffff6f  x8=1c002024  x8:1c002014  PA:1c002014
27051595ns          469939 1c0093d4 2cc10513 addi             x10, x2, 716        x10=100017a4  x2:100014d8
27051615ns          469940 1c0093d6 010a990b p.lh             x18, 16(x21!)       x18=fffffff5 x21=1c001850 x21:1c001840  PA:1c001840
27051914ns          469955 1c0093da 010b948b p.lh             x9, 16(x23!)         x9=ffffff6c x23=1c001080 x23:1c001070  PA:1c001070
27052232ns          469971 1c0093de 2d411623 sh               x20, 716(x2)        x20:fffffffe  x2:100014d8  PA:100017a4
27052252ns          469972 1c0093e2 2d311723 sh               x19, 718(x2)        x19:ffffff6f  x2:100014d8  PA:100017a6
27052272ns          469973 1c0093e6 c33ff0ef jal              x1, -974             x1=1c0093e8
27052311ns          469975 1c009018 00051803 lh               x16, 0(x10)         x16=fffffffe x10:100017a4  PA:100017a4
27052351ns          469977 1c00901c 00251883 lh               x17, 2(x10)         x17=ffffff6f x10:100017a4  PA:100017a6
27052391ns          469979 1c009020 030806b3 mul              x13, x16, x16       x13=00000004 x16:fffffffe x16:fffffffe
27052431ns          469981 1c009024 03188633 mul              x12, x17, x17       x12=00005221 x17:ffffff6f x17:ffffff6f
27052451ns          469982 1c009028 40a65613 srai             x12, x12, 0x40a     x12=00000014 x12:00005221
27052471ns          469983 1c00902a 40a6d693 srai             x13, x13, 0x40a     x13=00000000 x13:00000004
27052490ns          469984 1c00902c 00c686b3 add              x13, x13, x12       x13=00000014 x13:00000000 x12:00000014
27052510ns          469985 1c00902e 1006c633 p.exths          x12, x13, x0        x12=00000014 x13:00000014
27052530ns          469986 1c009032 00855703 lhu              x14, 8(x10)         x14=0000ffd1 x10:100017a4  PA:100017ac
27052550ns          469987 1c009036 00a55683 lhu              x13, 10(x10)        x13=0000ff6a x10:100017a4  PA:100017ae
27052570ns          469988 1c00903a 02c60333 mul              x6, x12, x12         x6=00000190 x12:00000014 x12:00000014
27052610ns          469990 1c00903e 00c55783 lhu              x15, 12(x10)        x15=0000ffe5 x10:100017a4  PA:100017b0
27052650ns          469992 1c009042 00e55583 lhu              x11, 14(x10)        x11=00000060 x10:100017a4  PA:100017b2
27052669ns          469993 1c009046 dea30333 p.extract        x6, x6, 15, 10       x6=00000000  x6:00000190
27052689ns          469994 1c00904a 80c7075b p.muls           x14, x14, x12       x14=fffffc54 x14:0000ffd1 x12:00000014
27052749ns          469997 1c00904e 80c686db p.muls           x13, x13, x12       x13=fffff448 x13:0000ff6a x12:00000014
27052789ns          469999 1c009052 00455e83 lhu              x29, 4(x10)         x29=00000427 x10:100017a4  PA:100017a8
27052809ns          470000 1c009056 00655e03 lhu              x28, 6(x10)         x28=0000007f x10:100017a4  PA:100017aa
27052829ns          470001 1c00905a 40a75713 srai             x14, x14, 0x40a     x14=ffffffff x14:fffffc54
27052848ns          470002 1c00905c 806787db p.muls           x15, x15, x6        x15=00000000 x15:0000ffe5  x6:00000000
27052888ns          470004 1c009060 40a6d693 srai             x13, x13, 0x40a     x13=fffffffd x13:fffff448
27052928ns          470006 1c009062 8065865b p.muls           x12, x11, x6        x12=00000000 x11:00000060  x6:00000000
27052948ns          470007 1c009066 40a7d793 srai             x15, x15, 0x40a     x15=00000000 x15:00000000
27052968ns          470008 1c009068 40a65613 srai             x12, x12, 0x40a     x12=00000000 x12:00000000
27052988ns          470009 1c00906a 01d70733 add              x14, x14, x29       x14=00000426 x14:ffffffff x29:00000427
27053008ns          470010 1c00906c 01c686b3 add              x13, x13, x28       x13=0000007c x13:fffffffd x28:0000007f
27053027ns          470011 1c00906e 00c686b3 add              x13, x13, x12       x13=0000007c x13:0000007c x12:00000000
27053047ns          470012 1c009070 00f70733 add              x14, x14, x15       x14=00000426 x14:00000426 x15:00000000
27053067ns          470013 1c009072 100747b3 p.exths          x15, x14, x0        x15=00000426 x14:00000426
27053087ns          470014 1c009076 1006c733 p.exths          x14, x13, x0        x14=0000007c x13:0000007c
27053107ns          470015 1c00907a 03170633 mul              x12, x14, x17       x12=ffffb9c4 x14:0000007c x17:ffffff6f
27053127ns          470016 1c00907e 030786b3 mul              x13, x15, x16       x13=fffff7b4 x15:00000426 x16:fffffffe
27053147ns          470017 1c009082 03070733 mul              x14, x14, x16       x14=ffffff08 x14:0000007c x16:fffffffe
27053167ns          470018 1c009086 031787b3 mul              x15, x15, x17       x15=fffda67a x15:00000426 x17:ffffff6f
27053186ns          470019 1c00908a 40a6d693 srai             x13, x13, 0x40a     x13=fffffffd x13:fffff7b4
27053206ns          470020 1c00908c 40a65613 srai             x12, x12, 0x40a     x12=ffffffee x12:ffffb9c4
27053226ns          470021 1c00908e 40a7d793 srai             x15, x15, 0x40a     x15=ffffff69 x15:fffda67a
27053246ns          470022 1c009090 40a75713 srai             x14, x14, 0x40a     x14=ffffffff x14:ffffff08
27053266ns          470023 1c009092 40c686b3 sub              x13, x13, x12       x13=0000000f x13:fffffffd x12:ffffffee
27053286ns          470024 1c009094 00e787b3 add              x15, x15, x14       x15=ffffff68 x15:ffffff69 x14:ffffffff
27053306ns          470025 1c009096 00d51823 sh               x13, 16(x10)        x13:0000000f x10:100017a4  PA:100017b4
27053326ns          470026 1c00909a 00f51923 sh               x15, 18(x10)        x15:ffffff68 x10:100017a4  PA:100017b6
27053346ns          470027 1c00909e 00008067 jalr             x0, x1, 0            x1:1c0093e8
27053425ns          470031 1c0093e8 2dc15583 lhu              x11, 732(x2)        x11=0000000f  x2:100014d8  PA:100017b4
27053445ns          470032 1c0093ec 2de15783 lhu              x15, 734(x2)        x15=0000ff68  x2:100014d8  PA:100017b6
27053465ns          470033 1c0093f0 40b90933 sub              x18, x18, x11       x18=ffffffe6 x18:fffffff5 x11:0000000f
27053485ns          470034 1c0093f4 40f484b3 sub              x9, x9, x15          x9=ffff0004  x9:ffffff6c x15:0000ff68
27053505ns          470035 1c0093f6 100945b3 p.exths          x11, x18, x0        x11=ffffffe6 x18:ffffffe6
27053525ns          470036 1c0093fa 1004c7b3 p.exths          x15, x9, x0         x15=00000004  x9:ffff0004
27053544ns          470037 1c0093fe 034586b3 mul              x13, x11, x20       x13=00000034 x11:ffffffe6 x20:fffffffe
27053564ns          470038 1c009402 03378533 mul              x10, x15, x19       x10=fffffdbc x15:00000004 x19:ffffff6f
27053584ns          470039 1c009406 034a0633 mul              x12, x20, x20       x12=00000004 x20:fffffffe x20:fffffffe
27053604ns          470040 1c00940a 03398733 mul              x14, x19, x19       x14=00005221 x19:ffffff6f x19:ffffff6f
27053664ns          470043 1c00940e 034787b3 mul              x15, x15, x20       x15=fffffff8 x15:00000004 x20:fffffffe
27053704ns          470045 1c009412 033585b3 mul              x11, x11, x19       x11=00000eba x11:ffffffe6 x19:ffffff6f
27053723ns          470046 1c009416 40a75713 srai             x14, x14, 0x40a     x14=00000014 x14:00005221
27053743ns          470047 1c009418 40a5d593 srai             x11, x11, 0x40a     x11=00000003 x11:00000eba
27053763ns          470048 1c00941a 40a65613 srai             x12, x12, 0x40a     x12=00000000 x12:00000004
27053783ns          470049 1c00941c 40a7d793 srai             x15, x15, 0x40a     x15=ffffffff x15:fffffff8
27053803ns          470050 1c00941e 1c0034b7 lui              x9, 0x1c003000       x9=1c003000
27053823ns          470051 1c009422 00e60633 add              x12, x12, x14       x12=00000014 x12:00000000 x14:00000014
27053843ns          470052 1c009424 40b787b3 sub              x15, x15, x11       x15=fffffffc x15:ffffffff x11:00000003
27053863ns          470053 1c009426 eb048493 addi             x9, x9, -336         x9=1c002eb0  x9:1c003000
27053883ns          470054 1c00942a 1c0032b7 lui              x5, 0x1c003000       x5=1c003000
27053902ns          470055 1c00942e 1c0035b7 lui              x11, 0x1c003000     x11=1c003000
27053922ns          470056 1c009432 018483b3 add              x7, x9, x24          x7=1c002eb4  x9:1c002eb0 x24:00000004
27053942ns          470057 1c009436 02812e83 lw               x29, 40(x2)         x29=1c002ec4  x2:100014d8  PA:10001500
27053962ns          470058 1c009438 10065633 p.exthz          x12, x12, x0        x12=00000014 x12:00000014
27053982ns          470059 1c00943c e8028293 addi             x5, x5, -384         x5=1c002e80  x5:1c003000
27054002ns          470060 1c009440 ea058593 addi             x11, x11, -352      x11=1c002ea0 x11:1c003000
27054022ns          470061 1c009444 03812483 lw               x9, 56(x2)           x9=1c002ee4  x2:100014d8  PA:10001510
27054042ns          470062 1c009446 10064733 p.exths          x14, x12, x0        x14=00000014 x12:00000014
27054062ns          470063 1c00944a 018280b3 add              x1, x5, x24          x1=1c002e84  x5:1c002e80 x24:00000004
27054081ns          470064 1c00944e 03012f03 lw               x30, 48(x2)         x30=1c002ed4  x2:100014d8  PA:10001508
27054101ns          470065 1c009450 018582b3 add              x5, x11, x24         x5=1c002ea4 x11:1c002ea0 x24:00000004
27054121ns          470066 1c009454 04012583 lw               x11, 64(x2)         x11=1c002ef4  x2:100014d8  PA:10001518
27054141ns          470067 1c009456 000edd83 lhu              x27, 0(x29)         x27=00001176 x29:1c002ec4  PA:1c002ec4
27054439ns          470082 1c00945a 0004d483 lhu              x9, 0(x9)            x9=00000179  x9:1c002ee4  PA:1c002ee4
27054758ns          470098 1c00945e 02e70333 mul              x6, x14, x14         x6=00000190 x14:00000014 x14:00000014
27054778ns          470099 1c009462 40a55513 srai             x10, x10, 0x40a     x10=ffffffff x10:fffffdbc
27054797ns          470100 1c009464 04812e83 lw               x29, 72(x2)         x29=1c002f04  x2:100014d8  PA:10001520
27054817ns          470101 1c009466 40a6d693 srai             x13, x13, 0x40a     x13=00000000 x13:00000034
27054837ns          470102 1c009468 000f5d03 lhu              x26, 0(x30)         x26=0000046d x30:1c002ed4  PA:1c002ed4
27055155ns          470118 1c00946c 0005d583 lhu              x11, 0(x11)         x11=00000094 x11:1c002ef4  PA:1c002ef4
27055454ns          470133 1c009470 40a35313 srai             x6, x6, 0x40a        x6=00000000  x6:00000190
27055474ns          470134 1c009474 00a686b3 add              x13, x13, x10       x13=ffffffff x13:00000000 x10:ffffffff
27055494ns          470135 1c009476 05012f03 lw               x30, 80(x2)         x30=1c002e74  x2:100014d8  PA:10001528
27055513ns          470136 1c009478 10034e33 p.exths          x28, x6, x0         x28=00000000  x6:00000000
27055533ns          470137 1c00947c 06911023 sh               x9, 96(x2)           x9:00000179  x2:100014d8  PA:10001538
27055553ns          470138 1c009480 000ede83 lhu              x29, 0(x29)         x29=00000040 x29:1c002f04  PA:1c002f04
27055851ns          470153 1c009484 05812483 lw               x9, 88(x2)           x9=1c002e64  x2:100014d8  PA:10001530
27055871ns          470154 1c009486 1006d6b3 p.exthz          x13, x13, x0        x13=0000ffff x13:ffffffff
27055891ns          470155 1c00948a 02ee08b3 mul              x17, x28, x14       x17=00000000 x28:00000000 x14:00000014
27055911ns          470156 1c00948e 1006c833 p.exths          x16, x13, x0        x16=ffffffff x13:0000ffff
27055931ns          470157 1c009492 06b11823 sh               x11, 112(x2)        x11:00000094  x2:100014d8  PA:10001548
27055951ns          470158 1c009496 000f5f03 lhu              x30, 0(x30)         x30=0000ff25 x30:1c002e74  PA:1c002e74
27056249ns          470173 1c00949a 0a012583 lw               x11, 160(x2)        x11=1c002e94  x2:100014d8  PA:10001578
27056269ns          470174 1c00949c 1007d7b3 p.exthz          x15, x15, x0        x15=0000fffc x15:fffffffc
27056289ns          470175 1c0094a0 0004da03 lhu              x20, 0(x9)          x20=0000fc03  x9:1c002e64  PA:1c002e64
27056647ns          470193 1c0094a4 1007c533 p.exths          x10, x15, x0        x10=fffffffc x15:0000fffc
27056667ns          470194 1c0094a8 09d11023 sh               x29, 128(x2)        x29:00000040  x2:100014d8  PA:10001558
27056687ns          470195 1c0094ac 0003d483 lhu              x9, 0(x7)            x9=0000ffdc  x7:1c002eb4  PA:1c002eb4
27056985ns          470210 1c0094b0 02e80eb3 mul              x29, x16, x14       x29=ffffffec x16:ffffffff x14:00000014
27057005ns          470211 1c0094b4 40a8d893 srai             x17, x17, 0x40a     x17=00000000 x17:00000000
27057025ns          470212 1c0094b8 03c80833 mul              x16, x16, x28       x16=00000000 x16:ffffffff x28:00000000
27057045ns          470213 1c0094bc 09e11823 sh               x30, 144(x2)        x30:0000ff25  x2:100014d8  PA:10001568
27057065ns          470214 1c0094c0 0005d983 lhu              x19, 0(x11)         x19=0000ffb4 x11:1c002e94  PA:1c002e94
27057383ns          470230 1c0094c4 81c88f5b p.muls           x30, x17, x28       x30=00000000 x17:00000000 x28:00000000
27057403ns          470231 1c0094c8 0002d583 lhu              x11, 0(x5)          x11=0000ff8d  x5:1c002ea4  PA:1c002ea4
27057741ns          470248 1c0094cc 03ce0fb3 mul              x31, x28, x28       x31=00000000 x28:00000000 x28:00000000
27057761ns          470249 1c0094d0 02e50733 mul              x14, x10, x14       x14=ffffffb0 x10:fffffffc x14:00000014
27057781ns          470250 1c0094d4 40a85813 srai             x16, x16, 0x40a     x16=00000000 x16:00000000
27057801ns          470251 1c0094d8 03c50533 mul              x10, x10, x28       x10=00000000 x10:fffffffc x28:00000000
27057820ns          470252 1c0094dc 07015e03 lhu              x28, 112(x2)        x28=00000094  x2:100014d8  PA:10001548
27057840ns          470253 1c0094e0 01b60633 add              x12, x12, x27       x12=0000118a x12:00000014 x27:00001176
27057860ns          470254 1c0094e2 00980833 add              x16, x16, x9        x16=0000ffdc x16:00000000  x9:0000ffdc
27057880ns          470255 1c0094e4 06015d83 lhu              x27, 96(x2)         x27=00000179  x2:100014d8  PA:10001538
27057900ns          470256 1c0094e8 02812483 lw               x9, 40(x2)           x9=1c002ec4  x2:100014d8  PA:10001500
27057920ns          470257 1c0094ea 40afdf93 srai             x31, x31, 0x40a     x31=00000000 x31:00000000
27057940ns          470258 1c0094ee 40a55513 srai             x10, x10, 0x40a     x10=00000000 x10:00000000
27057960ns          470259 1c0094f0 01cf8fb3 add              x31, x31, x28       x31=00000094 x31:00000000 x28:00000094
27057980ns          470260 1c0094f2 00b50533 add              x10, x10, x11       x10=0000ff8d x10:00000000 x11:0000ff8d
27057999ns          470261 1c0094f4 09015e03 lhu              x28, 144(x2)        x28=0000ff25  x2:100014d8  PA:10001568
27058019ns          470262 1c0094f8 03012583 lw               x11, 48(x2)         x11=1c002ed4  x2:100014d8  PA:10001508
27058039ns          470263 1c0094fa 00c49023 sh               x12, 0(x9)          x12:0000118a  x9:1c002ec4  PA:1c002ec4
27058357ns          470279 1c0094fe 01b888b3 add              x17, x17, x27       x17=00000179 x17:00000000 x27:00000179
27058377ns          470280 1c009500 01a30333 add              x6, x6, x26          x6=0000046d  x6:00000000 x26:0000046d
27058397ns          470281 1c009502 08015d83 lhu              x27, 128(x2)        x27=00000040  x2:100014d8  PA:10001558
27058417ns          470282 1c009506 0000d903 lhu              x18, 0(x1)          x18=0000feda  x1:1c002e84  PA:1c002e84
27058755ns          470299 1c00950a 01c686b3 add              x13, x13, x28       x13=0001ff24 x13:0000ffff x28:0000ff25
27058775ns          470300 1c00950c 00659023 sh               x6, 0(x11)           x6:0000046d x11:1c002ed4  PA:1c002ed4
27059093ns          470316 1c009510 40af5f13 srai             x30, x30, 0x40a     x30=00000000 x30:00000000
27059113ns          470317 1c009514 04812e03 lw               x28, 72(x2)         x28=1c002f04  x2:100014d8  PA:10001520
27059133ns          470318 1c009516 01bf0f33 add              x30, x30, x27       x30=00000040 x30:00000000 x27:00000040
27059153ns          470319 1c009518 40aede93 srai             x29, x29, 0x40a     x29=ffffffff x29:ffffffec
27059173ns          470320 1c00951c 40a75713 srai             x14, x14, 0x40a     x14=ffffffff x14:ffffffb0
27059193ns          470321 1c00951e 03812603 lw               x12, 56(x2)         x12=1c002ee4  x2:100014d8  PA:10001510
27059213ns          470322 1c009520 04012d83 lw               x27, 64(x2)         x27=1c002ef4  x2:100014d8  PA:10001518
27059232ns          470323 1c009522 01ee1023 sh               x30, 0(x28)         x30:00000040 x28:1c002f04  PA:1c002f04
27059551ns          470339 1c009526 05812483 lw               x9, 88(x2)           x9=1c002e64  x2:100014d8  PA:10001530
27059571ns          470340 1c009528 05012f03 lw               x30, 80(x2)         x30=1c002e74  x2:100014d8  PA:10001528
27059590ns          470341 1c00952a 0a012583 lw               x11, 160(x2)        x11=1c002e94  x2:100014d8  PA:10001578
27059610ns          470342 1c00952c 014787b3 add              x15, x15, x20       x15=0001fbff x15:0000fffc x20:0000fc03
27059630ns          470343 1c00952e 013e8eb3 add              x29, x29, x19       x29=0000ffb3 x29:ffffffff x19:0000ffb4
27059650ns          470344 1c009530 01270733 add              x14, x14, x18       x14=0000fed9 x14:ffffffff x18:0000feda
27059670ns          470345 1c009532 00f49023 sh               x15, 0(x9)          x15:0001fbff  x9:1c002e64  PA:1c002e64
27060008ns          470362 1c009536 01161023 sh               x17, 0(x12)         x17:00000179 x12:1c002ee4  PA:1c002ee4
27060326ns          470378 1c00953a 01fd9023 sh               x31, 0(x27)         x31:00000094 x27:1c002ef4  PA:1c002ef4
27060644ns          470394 1c00953e 00df1023 sh               x13, 0(x30)         x13:0001ff24 x30:1c002e74  PA:1c002e74
27060963ns          470410 1c009542 01d59023 sh               x29, 0(x11)         x29:0000ffb3 x11:1c002e94  PA:1c002e94
27061301ns          470427 1c009546 00e09023 sh               x14, 0(x1)          x14:0000fed9  x1:1c002e84  PA:1c002e84
27061619ns          470443 1c00954a 01039023 sh               x16, 0(x7)          x16:0000ffdc  x7:1c002eb4  PA:1c002eb4
27061937ns          470459 1c00954e 00a29023 sh               x10, 0(x5)          x10:0000ff8d  x5:1c002ea4  PA:1c002ea4
27062255ns          470475 1c009552 008b0b13 addi             x22, x22, 8         x22=000000ea x22:000000e2
27062275ns          470476 1c009554 1f300793 addi             x15, x0, 499        x15=000001f3
27062295ns          470477 1c009558 e767dae3 bge              x15, x22, -396      x15:000001f3 x22:000000ea
27062395ns          470482 1c0093cc 010c9a0b p.lh             x20, 16(x25!)       x20=00000022 x25=1c00286c x25:1c00285c  PA:1c00285c
27062733ns          470499 1c0093d0 0104198b p.lh             x19, 16(x8!)        x19=00000016  x8=1c002034  x8:1c002024  PA:1c002024
27063051ns          470515 1c0093d4 2cc10513 addi             x10, x2, 716        x10=100017a4  x2:100014d8
27063071ns          470516 1c0093d6 010a990b p.lh             x18, 16(x21!)       x18=0000002c x21=1c001860 x21:1c001850  PA:1c001850
27063389ns          470532 1c0093da 010b948b p.lh             x9, 16(x23!)         x9=0000000f x23=1c001090 x23:1c001080  PA:1c001080
27063687ns          470547 1c0093de 2d411623 sh               x20, 716(x2)        x20:00000022  x2:100014d8  PA:100017a4
27063707ns          470548 1c0093e2 2d311723 sh               x19, 718(x2)        x19:00000016  x2:100014d8  PA:100017a6
27063727ns          470549 1c0093e6 c33ff0ef jal              x1, -974             x1=1c0093e8
27063767ns          470551 1c009018 00051803 lh               x16, 0(x10)         x16=00000022 x10:100017a4  PA:100017a4
27063787ns          470552 1c00901c 00251883 lh               x17, 2(x10)         x17=00000016 x10:100017a4  PA:100017a6
27063846ns          470555 1c009020 030806b3 mul              x13, x16, x16       x13=00000484 x16:00000022 x16:00000022
27063886ns          470557 1c009024 03188633 mul              x12, x17, x17       x12=000001e4 x17:00000016 x17:00000016
27063906ns          470558 1c009028 40a65613 srai             x12, x12, 0x40a     x12=00000000 x12:000001e4
27063926ns          470559 1c00902a 40a6d693 srai             x13, x13, 0x40a     x13=00000001 x13:00000484
27063946ns          470560 1c00902c 00c686b3 add              x13, x13, x12       x13=00000001 x13:00000001 x12:00000000
27063966ns          470561 1c00902e 1006c633 p.exths          x12, x13, x0        x12=00000001 x13:00000001
27063986ns          470562 1c009032 00855703 lhu              x14, 8(x10)         x14=0000ffd1 x10:100017a4  PA:100017ac
27064006ns          470563 1c009036 00a55683 lhu              x13, 10(x10)        x13=0000ff6a x10:100017a4  PA:100017ae
27064025ns          470564 1c00903a 02c60333 mul              x6, x12, x12         x6=00000001 x12:00000001 x12:00000001
27064065ns          470566 1c00903e 00c55783 lhu              x15, 12(x10)        x15=0000ffe5 x10:100017a4  PA:100017b0
27064105ns          470568 1c009042 00e55583 lhu              x11, 14(x10)        x11=00000060 x10:100017a4  PA:100017b2
27064125ns          470569 1c009046 dea30333 p.extract        x6, x6, 15, 10       x6=00000000  x6:00000001
27064145ns          470570 1c00904a 80c7075b p.muls           x14, x14, x12       x14=ffffffd1 x14:0000ffd1 x12:00000001
27064204ns          470573 1c00904e 80c686db p.muls           x13, x13, x12       x13=ffffff6a x13:0000ff6a x12:00000001
27064244ns          470575 1c009052 00455e83 lhu              x29, 4(x10)         x29=00000427 x10:100017a4  PA:100017a8
27064264ns          470576 1c009056 00655e03 lhu              x28, 6(x10)         x28=0000007f x10:100017a4  PA:100017aa
27064284ns          470577 1c00905a 40a75713 srai             x14, x14, 0x40a     x14=ffffffff x14:ffffffd1
27064304ns          470578 1c00905c 806787db p.muls           x15, x15, x6        x15=00000000 x15:0000ffe5  x6:00000000
27064324ns          470579 1c009060 40a6d693 srai             x13, x13, 0x40a     x13=ffffffff x13:ffffff6a
27064344ns          470580 1c009062 8065865b p.muls           x12, x11, x6        x12=00000000 x11:00000060  x6:00000000
27064364ns          470581 1c009066 40a7d793 srai             x15, x15, 0x40a     x15=00000000 x15:00000000
27064383ns          470582 1c009068 40a65613 srai             x12, x12, 0x40a     x12=00000000 x12:00000000
27064403ns          470583 1c00906a 01d70733 add              x14, x14, x29       x14=00000426 x14:ffffffff x29:00000427
27064423ns          470584 1c00906c 01c686b3 add              x13, x13, x28       x13=0000007e x13:ffffffff x28:0000007f
27064443ns          470585 1c00906e 00c686b3 add              x13, x13, x12       x13=0000007e x13:0000007e x12:00000000
27064463ns          470586 1c009070 00f70733 add              x14, x14, x15       x14=00000426 x14:00000426 x15:00000000
27064483ns          470587 1c009072 100747b3 p.exths          x15, x14, x0        x15=00000426 x14:00000426
27064503ns          470588 1c009076 1006c733 p.exths          x14, x13, x0        x14=0000007e x13:0000007e
27064523ns          470589 1c00907a 03170633 mul              x12, x14, x17       x12=00000ad4 x14:0000007e x17:00000016
27064543ns          470590 1c00907e 030786b3 mul              x13, x15, x16       x13=00008d0c x15:00000426 x16:00000022
27064562ns          470591 1c009082 03070733 mul              x14, x14, x16       x14=000010bc x14:0000007e x16:00000022
27064582ns          470592 1c009086 031787b3 mul              x15, x15, x17       x15=00005b44 x15:00000426 x17:00000016
27064602ns          470593 1c00908a 40a6d693 srai             x13, x13, 0x40a     x13=00000023 x13:00008d0c
27064622ns          470594 1c00908c 40a65613 srai             x12, x12, 0x40a     x12=00000002 x12:00000ad4
27064642ns          470595 1c00908e 40a7d793 srai             x15, x15, 0x40a     x15=00000016 x15:00005b44
27064662ns          470596 1c009090 40a75713 srai             x14, x14, 0x40a     x14=00000004 x14:000010bc
27064682ns          470597 1c009092 40c686b3 sub              x13, x13, x12       x13=00000021 x13:00000023 x12:00000002
27064702ns          470598 1c009094 00e787b3 add              x15, x15, x14       x15=0000001a x15:00000016 x14:00000004
27064722ns          470599 1c009096 00d51823 sh               x13, 16(x10)        x13:00000021 x10:100017a4  PA:100017b4
27064741ns          470600 1c00909a 00f51923 sh               x15, 18(x10)        x15:0000001a x10:100017a4  PA:100017b6
27064761ns          470601 1c00909e 00008067 jalr             x0, x1, 0            x1:1c0093e8
27064801ns          470603 1c0093e8 2dc15583 lhu              x11, 732(x2)        x11=00000021  x2:100014d8  PA:100017b4
27064821ns          470604 1c0093ec 2de15783 lhu              x15, 734(x2)        x15=0000001a  x2:100014d8  PA:100017b6
27064841ns          470605 1c0093f0 40b90933 sub              x18, x18, x11       x18=0000000b x18:0000002c x11:00000021
27064861ns          470606 1c0093f4 40f484b3 sub              x9, x9, x15          x9=fffffff5  x9:0000000f x15:0000001a
27064881ns          470607 1c0093f6 100945b3 p.exths          x11, x18, x0        x11=0000000b x18:0000000b
27064901ns          470608 1c0093fa 1004c7b3 p.exths          x15, x9, x0         x15=fffffff5  x9:fffffff5
27064920ns          470609 1c0093fe 034586b3 mul              x13, x11, x20       x13=00000176 x11:0000000b x20:00000022
27064940ns          470610 1c009402 03378533 mul              x10, x15, x19       x10=ffffff0e x15:fffffff5 x19:00000016
27064960ns          470611 1c009406 034a0633 mul              x12, x20, x20       x12=00000484 x20:00000022 x20:00000022
27064980ns          470612 1c00940a 03398733 mul              x14, x19, x19       x14=000001e4 x19:00000016 x19:00000016
27065000ns          470613 1c00940e 034787b3 mul              x15, x15, x20       x15=fffffe8a x15:fffffff5 x20:00000022
27065020ns          470614 1c009412 033585b3 mul              x11, x11, x19       x11=000000f2 x11:0000000b x19:00000016
27065040ns          470615 1c009416 40a75713 srai             x14, x14, 0x40a     x14=00000000 x14:000001e4
27065060ns          470616 1c009418 40a5d593 srai             x11, x11, 0x40a     x11=00000000 x11:000000f2
27065080ns          470617 1c00941a 40a65613 srai             x12, x12, 0x40a     x12=00000001 x12:00000484
27065099ns          470618 1c00941c 40a7d793 srai             x15, x15, 0x40a     x15=ffffffff x15:fffffe8a
27065119ns          470619 1c00941e 1c0034b7 lui              x9, 0x1c003000       x9=1c003000
27065139ns          470620 1c009422 00e60633 add              x12, x12, x14       x12=00000001 x12:00000001 x14:00000000
27065159ns          470621 1c009424 40b787b3 sub              x15, x15, x11       x15=ffffffff x15:ffffffff x11:00000000
27065179ns          470622 1c009426 eb048493 addi             x9, x9, -336         x9=1c002eb0  x9:1c003000
27065199ns          470623 1c00942a 1c0032b7 lui              x5, 0x1c003000       x5=1c003000
27065219ns          470624 1c00942e 1c0035b7 lui              x11, 0x1c003000     x11=1c003000
27065239ns          470625 1c009432 018483b3 add              x7, x9, x24          x7=1c002eb4  x9:1c002eb0 x24:00000004
27065259ns          470626 1c009436 02812e83 lw               x29, 40(x2)         x29=1c002ec4  x2:100014d8  PA:10001500
27065278ns          470627 1c009438 10065633 p.exthz          x12, x12, x0        x12=00000001 x12:00000001
27065298ns          470628 1c00943c e8028293 addi             x5, x5, -384         x5=1c002e80  x5:1c003000
27065318ns          470629 1c009440 ea058593 addi             x11, x11, -352      x11=1c002ea0 x11:1c003000
27065338ns          470630 1c009444 03812483 lw               x9, 56(x2)           x9=1c002ee4  x2:100014d8  PA:10001510
27065358ns          470631 1c009446 10064733 p.exths          x14, x12, x0        x14=00000001 x12:00000001
27065378ns          470632 1c00944a 018280b3 add              x1, x5, x24          x1=1c002e84  x5:1c002e80 x24:00000004
27065398ns          470633 1c00944e 03012f03 lw               x30, 48(x2)         x30=1c002ed4  x2:100014d8  PA:10001508
27065418ns          470634 1c009450 018582b3 add              x5, x11, x24         x5=1c002ea4 x11:1c002ea0 x24:00000004
27065438ns          470635 1c009454 04012583 lw               x11, 64(x2)         x11=1c002ef4  x2:100014d8  PA:10001518
27065457ns          470636 1c009456 000edd83 lhu              x27, 0(x29)         x27=0000118a x29:1c002ec4  PA:1c002ec4
27065776ns          470652 1c00945a 0004d483 lhu              x9, 0(x9)            x9=00000179  x9:1c002ee4  PA:1c002ee4
27066074ns          470667 1c00945e 02e70333 mul              x6, x14, x14         x6=00000001 x14:00000001 x14:00000001
27066094ns          470668 1c009462 40a55513 srai             x10, x10, 0x40a     x10=ffffffff x10:ffffff0e
27066114ns          470669 1c009464 04812e83 lw               x29, 72(x2)         x29=1c002f04  x2:100014d8  PA:10001520
27066134ns          470670 1c009466 40a6d693 srai             x13, x13, 0x40a     x13=00000000 x13:00000176
27066153ns          470671 1c009468 000f5d03 lhu              x26, 0(x30)         x26=0000046d x30:1c002ed4  PA:1c002ed4
27066452ns          470686 1c00946c 0005d583 lhu              x11, 0(x11)         x11=00000094 x11:1c002ef4  PA:1c002ef4
27066750ns          470701 1c009470 40a35313 srai             x6, x6, 0x40a        x6=00000000  x6:00000001
27066770ns          470702 1c009474 00a686b3 add              x13, x13, x10       x13=ffffffff x13:00000000 x10:ffffffff
27066790ns          470703 1c009476 05012f03 lw               x30, 80(x2)         x30=1c002e74  x2:100014d8  PA:10001528
27066810ns          470704 1c009478 10034e33 p.exths          x28, x6, x0         x28=00000000  x6:00000000
27066830ns          470705 1c00947c 06911023 sh               x9, 96(x2)           x9:00000179  x2:100014d8  PA:10001538
27066850ns          470706 1c009480 000ede83 lhu              x29, 0(x29)         x29=00000040 x29:1c002f04  PA:1c002f04
27067148ns          470721 1c009484 05812483 lw               x9, 88(x2)           x9=1c002e64  x2:100014d8  PA:10001530
27067168ns          470722 1c009486 1006d6b3 p.exthz          x13, x13, x0        x13=0000ffff x13:ffffffff
27067188ns          470723 1c00948a 02ee08b3 mul              x17, x28, x14       x17=00000000 x28:00000000 x14:00000001
27067208ns          470724 1c00948e 1006c833 p.exths          x16, x13, x0        x16=ffffffff x13:0000ffff
27067227ns          470725 1c009492 06b11823 sh               x11, 112(x2)        x11:00000094  x2:100014d8  PA:10001548
27067247ns          470726 1c009496 000f5f03 lhu              x30, 0(x30)         x30=0000ff24 x30:1c002e74  PA:1c002e74
27067546ns          470741 1c00949a 0a012583 lw               x11, 160(x2)        x11=1c002e94  x2:100014d8  PA:10001578
27067566ns          470742 1c00949c 1007d7b3 p.exthz          x15, x15, x0        x15=0000ffff x15:ffffffff
27067585ns          470743 1c0094a0 0004da03 lhu              x20, 0(x9)          x20=0000fbff  x9:1c002e64  PA:1c002e64
27067943ns          470761 1c0094a4 1007c533 p.exths          x10, x15, x0        x10=ffffffff x15:0000ffff
27067963ns          470762 1c0094a8 09d11023 sh               x29, 128(x2)        x29:00000040  x2:100014d8  PA:10001558
27067983ns          470763 1c0094ac 0003d483 lhu              x9, 0(x7)            x9=0000ffdc  x7:1c002eb4  PA:1c002eb4
27068281ns          470778 1c0094b0 02e80eb3 mul              x29, x16, x14       x29=ffffffff x16:ffffffff x14:00000001
27068301ns          470779 1c0094b4 40a8d893 srai             x17, x17, 0x40a     x17=00000000 x17:00000000
27068321ns          470780 1c0094b8 03c80833 mul              x16, x16, x28       x16=00000000 x16:ffffffff x28:00000000
27068341ns          470781 1c0094bc 09e11823 sh               x30, 144(x2)        x30:0000ff24  x2:100014d8  PA:10001568
27068361ns          470782 1c0094c0 0005d983 lhu              x19, 0(x11)         x19=0000ffb3 x11:1c002e94  PA:1c002e94
27068659ns          470797 1c0094c4 81c88f5b p.muls           x30, x17, x28       x30=00000000 x17:00000000 x28:00000000
27068679ns          470798 1c0094c8 0002d583 lhu              x11, 0(x5)          x11=0000ff8d  x5:1c002ea4  PA:1c002ea4
27068997ns          470814 1c0094cc 03ce0fb3 mul              x31, x28, x28       x31=00000000 x28:00000000 x28:00000000
27069017ns          470815 1c0094d0 02e50733 mul              x14, x10, x14       x14=ffffffff x10:ffffffff x14:00000001
27069037ns          470816 1c0094d4 40a85813 srai             x16, x16, 0x40a     x16=00000000 x16:00000000
27069057ns          470817 1c0094d8 03c50533 mul              x10, x10, x28       x10=00000000 x10:ffffffff x28:00000000
27069077ns          470818 1c0094dc 07015e03 lhu              x28, 112(x2)        x28=00000094  x2:100014d8  PA:10001548
27069117ns          470820 1c0094e0 01b60633 add              x12, x12, x27       x12=0000118b x12:00000001 x27:0000118a
27069137ns          470821 1c0094e2 00980833 add              x16, x16, x9        x16=0000ffdc x16:00000000  x9:0000ffdc
27069157ns          470822 1c0094e4 06015d83 lhu              x27, 96(x2)         x27=00000179  x2:100014d8  PA:10001538
27069176ns          470823 1c0094e8 02812483 lw               x9, 40(x2)           x9=1c002ec4  x2:100014d8  PA:10001500
27069196ns          470824 1c0094ea 40afdf93 srai             x31, x31, 0x40a     x31=00000000 x31:00000000
27069216ns          470825 1c0094ee 40a55513 srai             x10, x10, 0x40a     x10=00000000 x10:00000000
27069236ns          470826 1c0094f0 01cf8fb3 add              x31, x31, x28       x31=00000094 x31:00000000 x28:00000094
27069256ns          470827 1c0094f2 00b50533 add              x10, x10, x11       x10=0000ff8d x10:00000000 x11:0000ff8d
27069276ns          470828 1c0094f4 09015e03 lhu              x28, 144(x2)        x28=0000ff24  x2:100014d8  PA:10001568
27069296ns          470829 1c0094f8 03012583 lw               x11, 48(x2)         x11=1c002ed4  x2:100014d8  PA:10001508
27069316ns          470830 1c0094fa 00c49023 sh               x12, 0(x9)          x12:0000118b  x9:1c002ec4  PA:1c002ec4
27069634ns          470846 1c0094fe 01b888b3 add              x17, x17, x27       x17=00000179 x17:00000000 x27:00000179
27069654ns          470847 1c009500 01a30333 add              x6, x6, x26          x6=0000046d  x6:00000000 x26:0000046d
27069674ns          470848 1c009502 08015d83 lhu              x27, 128(x2)        x27=00000040  x2:100014d8  PA:10001558
27069694ns          470849 1c009506 0000d903 lhu              x18, 0(x1)          x18=0000fed9  x1:1c002e84  PA:1c002e84
27069992ns          470864 1c00950a 01c686b3 add              x13, x13, x28       x13=0001ff23 x13:0000ffff x28:0000ff24
27070012ns          470865 1c00950c 00659023 sh               x6, 0(x11)           x6:0000046d x11:1c002ed4  PA:1c002ed4
27070350ns          470882 1c009510 40af5f13 srai             x30, x30, 0x40a     x30=00000000 x30:00000000
27070370ns          470883 1c009514 04812e03 lw               x28, 72(x2)         x28=1c002f04  x2:100014d8  PA:10001520
27070390ns          470884 1c009516 01bf0f33 add              x30, x30, x27       x30=00000040 x30:00000000 x27:00000040
27070410ns          470885 1c009518 40aede93 srai             x29, x29, 0x40a     x29=ffffffff x29:ffffffff
27070429ns          470886 1c00951c 40a75713 srai             x14, x14, 0x40a     x14=ffffffff x14:ffffffff
27070449ns          470887 1c00951e 03812603 lw               x12, 56(x2)         x12=1c002ee4  x2:100014d8  PA:10001510
27070469ns          470888 1c009520 04012d83 lw               x27, 64(x2)         x27=1c002ef4  x2:100014d8  PA:10001518
27070489ns          470889 1c009522 01ee1023 sh               x30, 0(x28)         x30:00000040 x28:1c002f04  PA:1c002f04
27070807ns          470905 1c009526 05812483 lw               x9, 88(x2)           x9=1c002e64  x2:100014d8  PA:10001530
27070827ns          470906 1c009528 05012f03 lw               x30, 80(x2)         x30=1c002e74  x2:100014d8  PA:10001528
27070847ns          470907 1c00952a 0a012583 lw               x11, 160(x2)        x11=1c002e94  x2:100014d8  PA:10001578
27070867ns          470908 1c00952c 014787b3 add              x15, x15, x20       x15=0001fbfe x15:0000ffff x20:0000fbff
27070887ns          470909 1c00952e 013e8eb3 add              x29, x29, x19       x29=0000ffb2 x29:ffffffff x19:0000ffb3
27070907ns          470910 1c009530 01270733 add              x14, x14, x18       x14=0000fed8 x14:ffffffff x18:0000fed9
27070927ns          470911 1c009532 00f49023 sh               x15, 0(x9)          x15:0001fbfe  x9:1c002e64  PA:1c002e64
27071245ns          470927 1c009536 01161023 sh               x17, 0(x12)         x17:00000179 x12:1c002ee4  PA:1c002ee4
27071563ns          470943 1c00953a 01fd9023 sh               x31, 0(x27)         x31:00000094 x27:1c002ef4  PA:1c002ef4
27071901ns          470960 1c00953e 00df1023 sh               x13, 0(x30)         x13:0001ff23 x30:1c002e74  PA:1c002e74
27072219ns          470976 1c009542 01d59023 sh               x29, 0(x11)         x29:0000ffb2 x11:1c002e94  PA:1c002e94
27072538ns          470992 1c009546 00e09023 sh               x14, 0(x1)          x14:0000fed8  x1:1c002e84  PA:1c002e84
27072856ns          471008 1c00954a 01039023 sh               x16, 0(x7)          x16:0000ffdc  x7:1c002eb4  PA:1c002eb4
27073194ns          471025 1c00954e 00a29023 sh               x10, 0(x5)          x10:0000ff8d  x5:1c002ea4  PA:1c002ea4
27073512ns          471041 1c009552 008b0b13 addi             x22, x22, 8         x22=000000f2 x22:000000ea
27073532ns          471042 1c009554 1f300793 addi             x15, x0, 499        x15=000001f3
27073552ns          471043 1c009558 e767dae3 bge              x15, x22, -396      x15:000001f3 x22:000000f2
27073651ns          471048 1c0093cc 010c9a0b p.lh             x20, 16(x25!)       x20=ffffff9f x25=1c00287c x25:1c00286c  PA:1c00286c
27073989ns          471065 1c0093d0 0104198b p.lh             x19, 16(x8!)        x19=00000061  x8=1c002044  x8:1c002034  PA:1c002034
27074288ns          471080 1c0093d4 2cc10513 addi             x10, x2, 716        x10=100017a4  x2:100014d8
27074308ns          471081 1c0093d6 010a990b p.lh             x18, 16(x21!)       x18=ffffff9f x21=1c001870 x21:1c001860  PA:1c001860
27074626ns          471097 1c0093da 010b948b p.lh             x9, 16(x23!)         x9=00000074 x23=1c0010a0 x23:1c001090  PA:1c001090
27074944ns          471113 1c0093de 2d411623 sh               x20, 716(x2)        x20:ffffff9f  x2:100014d8  PA:100017a4
27074964ns          471114 1c0093e2 2d311723 sh               x19, 718(x2)        x19:00000061  x2:100014d8  PA:100017a6
27074984ns          471115 1c0093e6 c33ff0ef jal              x1, -974             x1=1c0093e8
27075024ns          471117 1c009018 00051803 lh               x16, 0(x10)         x16=ffffff9f x10:100017a4  PA:100017a4
27075043ns          471118 1c00901c 00251883 lh               x17, 2(x10)         x17=00000061 x10:100017a4  PA:100017a6
27075103ns          471121 1c009020 030806b3 mul              x13, x16, x16       x13=000024c1 x16:ffffff9f x16:ffffff9f
27075143ns          471123 1c009024 03188633 mul              x12, x17, x17       x12=000024c1 x17:00000061 x17:00000061
27075163ns          471124 1c009028 40a65613 srai             x12, x12, 0x40a     x12=00000009 x12:000024c1
27075183ns          471125 1c00902a 40a6d693 srai             x13, x13, 0x40a     x13=00000009 x13:000024c1
27075203ns          471126 1c00902c 00c686b3 add              x13, x13, x12       x13=00000012 x13:00000009 x12:00000009
27075222ns          471127 1c00902e 1006c633 p.exths          x12, x13, x0        x12=00000012 x13:00000012
27075242ns          471128 1c009032 00855703 lhu              x14, 8(x10)         x14=0000ffd1 x10:100017a4  PA:100017ac
27075262ns          471129 1c009036 00a55683 lhu              x13, 10(x10)        x13=0000ff6a x10:100017a4  PA:100017ae
27075282ns          471130 1c00903a 02c60333 mul              x6, x12, x12         x6=00000144 x12:00000012 x12:00000012
27075302ns          471131 1c00903e 00c55783 lhu              x15, 12(x10)        x15=0000ffe5 x10:100017a4  PA:100017b0
27075322ns          471132 1c009042 00e55583 lhu              x11, 14(x10)        x11=00000060 x10:100017a4  PA:100017b2
27075342ns          471133 1c009046 dea30333 p.extract        x6, x6, 15, 10       x6=00000000  x6:00000144
27075362ns          471134 1c00904a 80c7075b p.muls           x14, x14, x12       x14=fffffcb2 x14:0000ffd1 x12:00000012
27075382ns          471135 1c00904e 80c686db p.muls           x13, x13, x12       x13=fffff574 x13:0000ff6a x12:00000012
27075401ns          471136 1c009052 00455e83 lhu              x29, 4(x10)         x29=00000427 x10:100017a4  PA:100017a8
27075421ns          471137 1c009056 00655e03 lhu              x28, 6(x10)         x28=0000007f x10:100017a4  PA:100017aa
27075441ns          471138 1c00905a 40a75713 srai             x14, x14, 0x40a     x14=ffffffff x14:fffffcb2
27075461ns          471139 1c00905c 806787db p.muls           x15, x15, x6        x15=00000000 x15:0000ffe5  x6:00000000
27075481ns          471140 1c009060 40a6d693 srai             x13, x13, 0x40a     x13=fffffffd x13:fffff574
27075501ns          471141 1c009062 8065865b p.muls           x12, x11, x6        x12=00000000 x11:00000060  x6:00000000
27075521ns          471142 1c009066 40a7d793 srai             x15, x15, 0x40a     x15=00000000 x15:00000000
27075541ns          471143 1c009068 40a65613 srai             x12, x12, 0x40a     x12=00000000 x12:00000000
27075560ns          471144 1c00906a 01d70733 add              x14, x14, x29       x14=00000426 x14:ffffffff x29:00000427
27075580ns          471145 1c00906c 01c686b3 add              x13, x13, x28       x13=0000007c x13:fffffffd x28:0000007f
27075600ns          471146 1c00906e 00c686b3 add              x13, x13, x12       x13=0000007c x13:0000007c x12:00000000
27075620ns          471147 1c009070 00f70733 add              x14, x14, x15       x14=00000426 x14:00000426 x15:00000000
27075640ns          471148 1c009072 100747b3 p.exths          x15, x14, x0        x15=00000426 x14:00000426
27075660ns          471149 1c009076 1006c733 p.exths          x14, x13, x0        x14=0000007c x13:0000007c
27075680ns          471150 1c00907a 03170633 mul              x12, x14, x17       x12=00002efc x14:0000007c x17:00000061
27075700ns          471151 1c00907e 030786b3 mul              x13, x15, x16       x13=fffe6d9a x15:00000426 x16:ffffff9f
27075720ns          471152 1c009082 03070733 mul              x14, x14, x16       x14=ffffd104 x14:0000007c x16:ffffff9f
27075739ns          471153 1c009086 031787b3 mul              x15, x15, x17       x15=00019266 x15:00000426 x17:00000061
27075759ns          471154 1c00908a 40a6d693 srai             x13, x13, 0x40a     x13=ffffff9b x13:fffe6d9a
27075779ns          471155 1c00908c 40a65613 srai             x12, x12, 0x40a     x12=0000000b x12:00002efc
27075799ns          471156 1c00908e 40a7d793 srai             x15, x15, 0x40a     x15=00000064 x15:00019266
27075819ns          471157 1c009090 40a75713 srai             x14, x14, 0x40a     x14=fffffff4 x14:ffffd104
27075839ns          471158 1c009092 40c686b3 sub              x13, x13, x12       x13=ffffff90 x13:ffffff9b x12:0000000b
27075859ns          471159 1c009094 00e787b3 add              x15, x15, x14       x15=00000058 x15:00000064 x14:fffffff4
27075879ns          471160 1c009096 00d51823 sh               x13, 16(x10)        x13:ffffff90 x10:100017a4  PA:100017b4
27075899ns          471161 1c00909a 00f51923 sh               x15, 18(x10)        x15:00000058 x10:100017a4  PA:100017b6
27075918ns          471162 1c00909e 00008067 jalr             x0, x1, 0            x1:1c0093e8
27075958ns          471164 1c0093e8 2dc15583 lhu              x11, 732(x2)        x11=0000ff90  x2:100014d8  PA:100017b4
27075978ns          471165 1c0093ec 2de15783 lhu              x15, 734(x2)        x15=00000058  x2:100014d8  PA:100017b6
27075998ns          471166 1c0093f0 40b90933 sub              x18, x18, x11       x18=ffff000f x18:ffffff9f x11:0000ff90
27076018ns          471167 1c0093f4 40f484b3 sub              x9, x9, x15          x9=0000001c  x9:00000074 x15:00000058
27076038ns          471168 1c0093f6 100945b3 p.exths          x11, x18, x0        x11=0000000f x18:ffff000f
27076058ns          471169 1c0093fa 1004c7b3 p.exths          x15, x9, x0         x15=0000001c  x9:0000001c
27076078ns          471170 1c0093fe 034586b3 mul              x13, x11, x20       x13=fffffa51 x11:0000000f x20:ffffff9f
27076097ns          471171 1c009402 03378533 mul              x10, x15, x19       x10=00000a9c x15:0000001c x19:00000061
27076117ns          471172 1c009406 034a0633 mul              x12, x20, x20       x12=000024c1 x20:ffffff9f x20:ffffff9f
27076137ns          471173 1c00940a 03398733 mul              x14, x19, x19       x14=000024c1 x19:00000061 x19:00000061
27076157ns          471174 1c00940e 034787b3 mul              x15, x15, x20       x15=fffff564 x15:0000001c x20:ffffff9f
27076177ns          471175 1c009412 033585b3 mul              x11, x11, x19       x11=000005af x11:0000000f x19:00000061
27076197ns          471176 1c009416 40a75713 srai             x14, x14, 0x40a     x14=00000009 x14:000024c1
27076217ns          471177 1c009418 40a5d593 srai             x11, x11, 0x40a     x11=00000001 x11:000005af
27076237ns          471178 1c00941a 40a65613 srai             x12, x12, 0x40a     x12=00000009 x12:000024c1
27076257ns          471179 1c00941c 40a7d793 srai             x15, x15, 0x40a     x15=fffffffd x15:fffff564
27076276ns          471180 1c00941e 1c0034b7 lui              x9, 0x1c003000       x9=1c003000
27076296ns          471181 1c009422 00e60633 add              x12, x12, x14       x12=00000012 x12:00000009 x14:00000009
27076316ns          471182 1c009424 40b787b3 sub              x15, x15, x11       x15=fffffffc x15:fffffffd x11:00000001
27076336ns          471183 1c009426 eb048493 addi             x9, x9, -336         x9=1c002eb0  x9:1c003000
27076356ns          471184 1c00942a 1c0032b7 lui              x5, 0x1c003000       x5=1c003000
27076376ns          471185 1c00942e 1c0035b7 lui              x11, 0x1c003000     x11=1c003000
27076396ns          471186 1c009432 018483b3 add              x7, x9, x24          x7=1c002eb4  x9:1c002eb0 x24:00000004
27076416ns          471187 1c009436 02812e83 lw               x29, 40(x2)         x29=1c002ec4  x2:100014d8  PA:10001500
27076436ns          471188 1c009438 10065633 p.exthz          x12, x12, x0        x12=00000012 x12:00000012
27076455ns          471189 1c00943c e8028293 addi             x5, x5, -384         x5=1c002e80  x5:1c003000
27076475ns          471190 1c009440 ea058593 addi             x11, x11, -352      x11=1c002ea0 x11:1c003000
27076515ns          471192 1c009444 03812483 lw               x9, 56(x2)           x9=1c002ee4  x2:100014d8  PA:10001510
27076535ns          471193 1c009446 10064733 p.exths          x14, x12, x0        x14=00000012 x12:00000012
27076555ns          471194 1c00944a 018280b3 add              x1, x5, x24          x1=1c002e84  x5:1c002e80 x24:00000004
27076575ns          471195 1c00944e 03012f03 lw               x30, 48(x2)         x30=1c002ed4  x2:100014d8  PA:10001508
27076615ns          471197 1c009450 018582b3 add              x5, x11, x24         x5=1c002ea4 x11:1c002ea0 x24:00000004
27076654ns          471199 1c009454 04012583 lw               x11, 64(x2)         x11=1c002ef4  x2:100014d8  PA:10001518
27076674ns          471200 1c009456 000edd83 lhu              x27, 0(x29)         x27=0000118b x29:1c002ec4  PA:1c002ec4
27076973ns          471215 1c00945a 0004d483 lhu              x9, 0(x9)            x9=00000179  x9:1c002ee4  PA:1c002ee4
27077291ns          471231 1c00945e 02e70333 mul              x6, x14, x14         x6=00000144 x14:00000012 x14:00000012
27077311ns          471232 1c009462 40a55513 srai             x10, x10, 0x40a     x10=00000002 x10:00000a9c
27077331ns          471233 1c009464 04812e83 lw               x29, 72(x2)         x29=1c002f04  x2:100014d8  PA:10001520
27077350ns          471234 1c009466 40a6d693 srai             x13, x13, 0x40a     x13=fffffffe x13:fffffa51
27077370ns          471235 1c009468 000f5d03 lhu              x26, 0(x30)         x26=0000046d x30:1c002ed4  PA:1c002ed4
27077669ns          471250 1c00946c 0005d583 lhu              x11, 0(x11)         x11=00000094 x11:1c002ef4  PA:1c002ef4
27077967ns          471265 1c009470 40a35313 srai             x6, x6, 0x40a        x6=00000000  x6:00000144
27077987ns          471266 1c009474 00a686b3 add              x13, x13, x10       x13=00000000 x13:fffffffe x10:00000002
27078007ns          471267 1c009476 05012f03 lw               x30, 80(x2)         x30=1c002e74  x2:100014d8  PA:10001528
27078027ns          471268 1c009478 10034e33 p.exths          x28, x6, x0         x28=00000000  x6:00000000
27078046ns          471269 1c00947c 06911023 sh               x9, 96(x2)           x9:00000179  x2:100014d8  PA:10001538
27078066ns          471270 1c009480 000ede83 lhu              x29, 0(x29)         x29=00000040 x29:1c002f04  PA:1c002f04
27078365ns          471285 1c009484 05812483 lw               x9, 88(x2)           x9=1c002e64  x2:100014d8  PA:10001530
27078385ns          471286 1c009486 1006d6b3 p.exthz          x13, x13, x0        x13=00000000 x13:00000000
27078404ns          471287 1c00948a 02ee08b3 mul              x17, x28, x14       x17=00000000 x28:00000000 x14:00000012
27078424ns          471288 1c00948e 1006c833 p.exths          x16, x13, x0        x16=00000000 x13:00000000
27078444ns          471289 1c009492 06b11823 sh               x11, 112(x2)        x11:00000094  x2:100014d8  PA:10001548
27078464ns          471290 1c009496 000f5f03 lhu              x30, 0(x30)         x30=0000ff23 x30:1c002e74  PA:1c002e74
27078802ns          471307 1c00949a 0a012583 lw               x11, 160(x2)        x11=1c002e94  x2:100014d8  PA:10001578
27078822ns          471308 1c00949c 1007d7b3 p.exthz          x15, x15, x0        x15=0000fffc x15:fffffffc
27078842ns          471309 1c0094a0 0004da03 lhu              x20, 0(x9)          x20=0000fbfe  x9:1c002e64  PA:1c002e64
27079200ns          471327 1c0094a4 1007c533 p.exths          x10, x15, x0        x10=fffffffc x15:0000fffc
27079220ns          471328 1c0094a8 09d11023 sh               x29, 128(x2)        x29:00000040  x2:100014d8  PA:10001558
27079240ns          471329 1c0094ac 0003d483 lhu              x9, 0(x7)            x9=0000ffdc  x7:1c002eb4  PA:1c002eb4
27079538ns          471344 1c0094b0 02e80eb3 mul              x29, x16, x14       x29=00000000 x16:00000000 x14:00000012
27079558ns          471345 1c0094b4 40a8d893 srai             x17, x17, 0x40a     x17=00000000 x17:00000000
27079578ns          471346 1c0094b8 03c80833 mul              x16, x16, x28       x16=00000000 x16:00000000 x28:00000000
27079598ns          471347 1c0094bc 09e11823 sh               x30, 144(x2)        x30:0000ff23  x2:100014d8  PA:10001568
27079618ns          471348 1c0094c0 0005d983 lhu              x19, 0(x11)         x19=0000ffb2 x11:1c002e94  PA:1c002e94
27079916ns          471363 1c0094c4 81c88f5b p.muls           x30, x17, x28       x30=00000000 x17:00000000 x28:00000000
27079936ns          471364 1c0094c8 0002d583 lhu              x11, 0(x5)          x11=0000ff8d  x5:1c002ea4  PA:1c002ea4
27080234ns          471379 1c0094cc 03ce0fb3 mul              x31, x28, x28       x31=00000000 x28:00000000 x28:00000000
27080254ns          471380 1c0094d0 02e50733 mul              x14, x10, x14       x14=ffffffb8 x10:fffffffc x14:00000012
27080274ns          471381 1c0094d4 40a85813 srai             x16, x16, 0x40a     x16=00000000 x16:00000000
27080294ns          471382 1c0094d8 03c50533 mul              x10, x10, x28       x10=00000000 x10:fffffffc x28:00000000
27080314ns          471383 1c0094dc 07015e03 lhu              x28, 112(x2)        x28=00000094  x2:100014d8  PA:10001548
27080334ns          471384 1c0094e0 01b60633 add              x12, x12, x27       x12=0000119d x12:00000012 x27:0000118b
27080354ns          471385 1c0094e2 00980833 add              x16, x16, x9        x16=0000ffdc x16:00000000  x9:0000ffdc
27080373ns          471386 1c0094e4 06015d83 lhu              x27, 96(x2)         x27=00000179  x2:100014d8  PA:10001538
27080393ns          471387 1c0094e8 02812483 lw               x9, 40(x2)           x9=1c002ec4  x2:100014d8  PA:10001500
27080413ns          471388 1c0094ea 40afdf93 srai             x31, x31, 0x40a     x31=00000000 x31:00000000
27080433ns          471389 1c0094ee 40a55513 srai             x10, x10, 0x40a     x10=00000000 x10:00000000
27080453ns          471390 1c0094f0 01cf8fb3 add              x31, x31, x28       x31=00000094 x31:00000000 x28:00000094
27080473ns          471391 1c0094f2 00b50533 add              x10, x10, x11       x10=0000ff8d x10:00000000 x11:0000ff8d
27080493ns          471392 1c0094f4 09015e03 lhu              x28, 144(x2)        x28=0000ff23  x2:100014d8  PA:10001568
27080513ns          471393 1c0094f8 03012583 lw               x11, 48(x2)         x11=1c002ed4  x2:100014d8  PA:10001508
27080532ns          471394 1c0094fa 00c49023 sh               x12, 0(x9)          x12:0000119d  x9:1c002ec4  PA:1c002ec4
27080851ns          471410 1c0094fe 01b888b3 add              x17, x17, x27       x17=00000179 x17:00000000 x27:00000179
27080871ns          471411 1c009500 01a30333 add              x6, x6, x26          x6=0000046d  x6:00000000 x26:0000046d
27080890ns          471412 1c009502 08015d83 lhu              x27, 128(x2)        x27=00000040  x2:100014d8  PA:10001558
27080910ns          471413 1c009506 0000d903 lhu              x18, 0(x1)          x18=0000fed8  x1:1c002e84  PA:1c002e84
27081229ns          471429 1c00950a 01c686b3 add              x13, x13, x28       x13=0000ff23 x13:00000000 x28:0000ff23
27081248ns          471430 1c00950c 00659023 sh               x6, 0(x11)           x6:0000046d x11:1c002ed4  PA:1c002ed4
27081567ns          471446 1c009510 40af5f13 srai             x30, x30, 0x40a     x30=00000000 x30:00000000
27081587ns          471447 1c009514 04812e03 lw               x28, 72(x2)         x28=1c002f04  x2:100014d8  PA:10001520
27081606ns          471448 1c009516 01bf0f33 add              x30, x30, x27       x30=00000040 x30:00000000 x27:00000040
27081626ns          471449 1c009518 40aede93 srai             x29, x29, 0x40a     x29=00000000 x29:00000000
27081646ns          471450 1c00951c 40a75713 srai             x14, x14, 0x40a     x14=ffffffff x14:ffffffb8
27081666ns          471451 1c00951e 03812603 lw               x12, 56(x2)         x12=1c002ee4  x2:100014d8  PA:10001510
27081686ns          471452 1c009520 04012d83 lw               x27, 64(x2)         x27=1c002ef4  x2:100014d8  PA:10001518
27081706ns          471453 1c009522 01ee1023 sh               x30, 0(x28)         x30:00000040 x28:1c002f04  PA:1c002f04
27082024ns          471469 1c009526 05812483 lw               x9, 88(x2)           x9=1c002e64  x2:100014d8  PA:10001530
27082044ns          471470 1c009528 05012f03 lw               x30, 80(x2)         x30=1c002e74  x2:100014d8  PA:10001528
27082064ns          471471 1c00952a 0a012583 lw               x11, 160(x2)        x11=1c002e94  x2:100014d8  PA:10001578
27082084ns          471472 1c00952c 014787b3 add              x15, x15, x20       x15=0001fbfa x15:0000fffc x20:0000fbfe
27082104ns          471473 1c00952e 013e8eb3 add              x29, x29, x19       x29=0000ffb2 x29:00000000 x19:0000ffb2
27082124ns          471474 1c009530 01270733 add              x14, x14, x18       x14=0000fed7 x14:ffffffff x18:0000fed8
27082143ns          471475 1c009532 00f49023 sh               x15, 0(x9)          x15:0001fbfa  x9:1c002e64  PA:1c002e64
27082482ns          471492 1c009536 01161023 sh               x17, 0(x12)         x17:00000179 x12:1c002ee4  PA:1c002ee4
27082800ns          471508 1c00953a 01fd9023 sh               x31, 0(x27)         x31:00000094 x27:1c002ef4  PA:1c002ef4
27083118ns          471524 1c00953e 00df1023 sh               x13, 0(x30)         x13:0000ff23 x30:1c002e74  PA:1c002e74
27083456ns          471541 1c009542 01d59023 sh               x29, 0(x11)         x29:0000ffb2 x11:1c002e94  PA:1c002e94
27083794ns          471558 1c009546 00e09023 sh               x14, 0(x1)          x14:0000fed7  x1:1c002e84  PA:1c002e84
27084112ns          471574 1c00954a 01039023 sh               x16, 0(x7)          x16:0000ffdc  x7:1c002eb4  PA:1c002eb4
27084431ns          471590 1c00954e 00a29023 sh               x10, 0(x5)          x10:0000ff8d  x5:1c002ea4  PA:1c002ea4
27084749ns          471606 1c009552 008b0b13 addi             x22, x22, 8         x22=000000fa x22:000000f2
27084769ns          471607 1c009554 1f300793 addi             x15, x0, 499        x15=000001f3
27084789ns          471608 1c009558 e767dae3 bge              x15, x22, -396      x15:000001f3 x22:000000fa
27084888ns          471613 1c0093cc 010c9a0b p.lh             x20, 16(x25!)       x20=ffffffea x25=1c00288c x25:1c00287c  PA:1c00287c
27085226ns          471630 1c0093d0 0104198b p.lh             x19, 16(x8!)        x19=ffffffbf  x8=1c002054  x8:1c002044  PA:1c002044
27085544ns          471646 1c0093d4 2cc10513 addi             x10, x2, 716        x10=100017a4  x2:100014d8
27085564ns          471647 1c0093d6 010a990b p.lh             x18, 16(x21!)       x18=fffffff8 x21=1c001880 x21:1c001870  PA:1c001870
27085862ns          471662 1c0093da 010b948b p.lh             x9, 16(x23!)         x9=ffffffb6 x23=1c0010b0 x23:1c0010a0  PA:1c0010a0
27086220ns          471680 1c0093de 2d411623 sh               x20, 716(x2)        x20:ffffffea  x2:100014d8  PA:100017a4
27086240ns          471681 1c0093e2 2d311723 sh               x19, 718(x2)        x19:ffffffbf  x2:100014d8  PA:100017a6
27086260ns          471682 1c0093e6 c33ff0ef jal              x1, -974             x1=1c0093e8
27086340ns          471686 1c009018 00051803 lh               x16, 0(x10)         x16=ffffffea x10:100017a4  PA:100017a4
27086380ns          471688 1c00901c 00251883 lh               x17, 2(x10)         x17=ffffffbf x10:100017a4  PA:100017a6
27086439ns          471691 1c009020 030806b3 mul              x13, x16, x16       x13=000001e4 x16:ffffffea x16:ffffffea
27086479ns          471693 1c009024 03188633 mul              x12, x17, x17       x12=00001081 x17:ffffffbf x17:ffffffbf
27086499ns          471694 1c009028 40a65613 srai             x12, x12, 0x40a     x12=00000004 x12:00001081
27086519ns          471695 1c00902a 40a6d693 srai             x13, x13, 0x40a     x13=00000000 x13:000001e4
27086539ns          471696 1c00902c 00c686b3 add              x13, x13, x12       x13=00000004 x13:00000000 x12:00000004
27086559ns          471697 1c00902e 1006c633 p.exths          x12, x13, x0        x12=00000004 x13:00000004
27086578ns          471698 1c009032 00855703 lhu              x14, 8(x10)         x14=0000ffd1 x10:100017a4  PA:100017ac
27086598ns          471699 1c009036 00a55683 lhu              x13, 10(x10)        x13=0000ff6a x10:100017a4  PA:100017ae
27086618ns          471700 1c00903a 02c60333 mul              x6, x12, x12         x6=00000010 x12:00000004 x12:00000004
27086658ns          471702 1c00903e 00c55783 lhu              x15, 12(x10)        x15=0000ffe5 x10:100017a4  PA:100017b0
27086698ns          471704 1c009042 00e55583 lhu              x11, 14(x10)        x11=00000060 x10:100017a4  PA:100017b2
27086718ns          471705 1c009046 dea30333 p.extract        x6, x6, 15, 10       x6=00000000  x6:00000010
27086738ns          471706 1c00904a 80c7075b p.muls           x14, x14, x12       x14=ffffff44 x14:0000ffd1 x12:00000004
27086757ns          471707 1c00904e 80c686db p.muls           x13, x13, x12       x13=fffffda8 x13:0000ff6a x12:00000004
27086777ns          471708 1c009052 00455e83 lhu              x29, 4(x10)         x29=00000427 x10:100017a4  PA:100017a8
27086797ns          471709 1c009056 00655e03 lhu              x28, 6(x10)         x28=0000007f x10:100017a4  PA:100017aa
27086817ns          471710 1c00905a 40a75713 srai             x14, x14, 0x40a     x14=ffffffff x14:ffffff44
27086837ns          471711 1c00905c 806787db p.muls           x15, x15, x6        x15=00000000 x15:0000ffe5  x6:00000000
27086857ns          471712 1c009060 40a6d693 srai             x13, x13, 0x40a     x13=ffffffff x13:fffffda8
27086877ns          471713 1c009062 8065865b p.muls           x12, x11, x6        x12=00000000 x11:00000060  x6:00000000
27086897ns          471714 1c009066 40a7d793 srai             x15, x15, 0x40a     x15=00000000 x15:00000000
27086917ns          471715 1c009068 40a65613 srai             x12, x12, 0x40a     x12=00000000 x12:00000000
27086936ns          471716 1c00906a 01d70733 add              x14, x14, x29       x14=00000426 x14:ffffffff x29:00000427
27086956ns          471717 1c00906c 01c686b3 add              x13, x13, x28       x13=0000007e x13:ffffffff x28:0000007f
27086976ns          471718 1c00906e 00c686b3 add              x13, x13, x12       x13=0000007e x13:0000007e x12:00000000
27086996ns          471719 1c009070 00f70733 add              x14, x14, x15       x14=00000426 x14:00000426 x15:00000000
27087016ns          471720 1c009072 100747b3 p.exths          x15, x14, x0        x15=00000426 x14:00000426
27087036ns          471721 1c009076 1006c733 p.exths          x14, x13, x0        x14=0000007e x13:0000007e
27087056ns          471722 1c00907a 03170633 mul              x12, x14, x17       x12=ffffe002 x14:0000007e x17:ffffffbf
27087076ns          471723 1c00907e 030786b3 mul              x13, x15, x16       x13=ffffa4bc x15:00000426 x16:ffffffea
27087096ns          471724 1c009082 03070733 mul              x14, x14, x16       x14=fffff52c x14:0000007e x16:ffffffea
27087115ns          471725 1c009086 031787b3 mul              x15, x15, x17       x15=fffef25a x15:00000426 x17:ffffffbf
27087135ns          471726 1c00908a 40a6d693 srai             x13, x13, 0x40a     x13=ffffffe9 x13:ffffa4bc
27087155ns          471727 1c00908c 40a65613 srai             x12, x12, 0x40a     x12=fffffff8 x12:ffffe002
27087175ns          471728 1c00908e 40a7d793 srai             x15, x15, 0x40a     x15=ffffffbc x15:fffef25a
27087195ns          471729 1c009090 40a75713 srai             x14, x14, 0x40a     x14=fffffffd x14:fffff52c
27087215ns          471730 1c009092 40c686b3 sub              x13, x13, x12       x13=fffffff1 x13:ffffffe9 x12:fffffff8
27087235ns          471731 1c009094 00e787b3 add              x15, x15, x14       x15=ffffffb9 x15:ffffffbc x14:fffffffd
27087255ns          471732 1c009096 00d51823 sh               x13, 16(x10)        x13:fffffff1 x10:100017a4  PA:100017b4
27087275ns          471733 1c00909a 00f51923 sh               x15, 18(x10)        x15:ffffffb9 x10:100017a4  PA:100017b6
27087294ns          471734 1c00909e 00008067 jalr             x0, x1, 0            x1:1c0093e8
27087334ns          471736 1c0093e8 2dc15583 lhu              x11, 732(x2)        x11=0000fff1  x2:100014d8  PA:100017b4
27087354ns          471737 1c0093ec 2de15783 lhu              x15, 734(x2)        x15=0000ffb9  x2:100014d8  PA:100017b6
27087374ns          471738 1c0093f0 40b90933 sub              x18, x18, x11       x18=ffff0007 x18:fffffff8 x11:0000fff1
27087394ns          471739 1c0093f4 40f484b3 sub              x9, x9, x15          x9=fffefffd  x9:ffffffb6 x15:0000ffb9
27087414ns          471740 1c0093f6 100945b3 p.exths          x11, x18, x0        x11=00000007 x18:ffff0007
27087434ns          471741 1c0093fa 1004c7b3 p.exths          x15, x9, x0         x15=fffffffd  x9:fffefffd
27087454ns          471742 1c0093fe 034586b3 mul              x13, x11, x20       x13=ffffff66 x11:00000007 x20:ffffffea
27087473ns          471743 1c009402 03378533 mul              x10, x15, x19       x10=000000c3 x15:fffffffd x19:ffffffbf
27087493ns          471744 1c009406 034a0633 mul              x12, x20, x20       x12=000001e4 x20:ffffffea x20:ffffffea
27087513ns          471745 1c00940a 03398733 mul              x14, x19, x19       x14=00001081 x19:ffffffbf x19:ffffffbf
27087533ns          471746 1c00940e 034787b3 mul              x15, x15, x20       x15=00000042 x15:fffffffd x20:ffffffea
27087553ns          471747 1c009412 033585b3 mul              x11, x11, x19       x11=fffffe39 x11:00000007 x19:ffffffbf
27087573ns          471748 1c009416 40a75713 srai             x14, x14, 0x40a     x14=00000004 x14:00001081
27087593ns          471749 1c009418 40a5d593 srai             x11, x11, 0x40a     x11=ffffffff x11:fffffe39
27087613ns          471750 1c00941a 40a65613 srai             x12, x12, 0x40a     x12=00000000 x12:000001e4
27087633ns          471751 1c00941c 40a7d793 srai             x15, x15, 0x40a     x15=00000000 x15:00000042
27087652ns          471752 1c00941e 1c0034b7 lui              x9, 0x1c003000       x9=1c003000
27087672ns          471753 1c009422 00e60633 add              x12, x12, x14       x12=00000004 x12:00000000 x14:00000004
27087692ns          471754 1c009424 40b787b3 sub              x15, x15, x11       x15=00000001 x15:00000000 x11:ffffffff
27087712ns          471755 1c009426 eb048493 addi             x9, x9, -336         x9=1c002eb0  x9:1c003000
27087732ns          471756 1c00942a 1c0032b7 lui              x5, 0x1c003000       x5=1c003000
27087752ns          471757 1c00942e 1c0035b7 lui              x11, 0x1c003000     x11=1c003000
27087772ns          471758 1c009432 018483b3 add              x7, x9, x24          x7=1c002eb4  x9:1c002eb0 x24:00000004
27087792ns          471759 1c009436 02812e83 lw               x29, 40(x2)         x29=1c002ec4  x2:100014d8  PA:10001500
27087812ns          471760 1c009438 10065633 p.exthz          x12, x12, x0        x12=00000004 x12:00000004
27087831ns          471761 1c00943c e8028293 addi             x5, x5, -384         x5=1c002e80  x5:1c003000
27087851ns          471762 1c009440 ea058593 addi             x11, x11, -352      x11=1c002ea0 x11:1c003000
27087891ns          471764 1c009444 03812483 lw               x9, 56(x2)           x9=1c002ee4  x2:100014d8  PA:10001510
27087911ns          471765 1c009446 10064733 p.exths          x14, x12, x0        x14=00000004 x12:00000004
27087931ns          471766 1c00944a 018280b3 add              x1, x5, x24          x1=1c002e84  x5:1c002e80 x24:00000004
27087951ns          471767 1c00944e 03012f03 lw               x30, 48(x2)         x30=1c002ed4  x2:100014d8  PA:10001508
27087990ns          471769 1c009450 018582b3 add              x5, x11, x24         x5=1c002ea4 x11:1c002ea0 x24:00000004
27088030ns          471771 1c009454 04012583 lw               x11, 64(x2)         x11=1c002ef4  x2:100014d8  PA:10001518
27088050ns          471772 1c009456 000edd83 lhu              x27, 0(x29)         x27=0000119d x29:1c002ec4  PA:1c002ec4
27088348ns          471787 1c00945a 0004d483 lhu              x9, 0(x9)            x9=00000179  x9:1c002ee4  PA:1c002ee4
27088647ns          471802 1c00945e 02e70333 mul              x6, x14, x14         x6=00000010 x14:00000004 x14:00000004
27088667ns          471803 1c009462 40a55513 srai             x10, x10, 0x40a     x10=00000000 x10:000000c3
27088687ns          471804 1c009464 04812e83 lw               x29, 72(x2)         x29=1c002f04  x2:100014d8  PA:10001520
27088706ns          471805 1c009466 40a6d693 srai             x13, x13, 0x40a     x13=ffffffff x13:ffffff66
27088726ns          471806 1c009468 000f5d03 lhu              x26, 0(x30)         x26=0000046d x30:1c002ed4  PA:1c002ed4
27089064ns          471823 1c00946c 0005d583 lhu              x11, 0(x11)         x11=00000094 x11:1c002ef4  PA:1c002ef4
27089363ns          471838 1c009470 40a35313 srai             x6, x6, 0x40a        x6=00000000  x6:00000010
27089383ns          471839 1c009474 00a686b3 add              x13, x13, x10       x13=ffffffff x13:ffffffff x10:00000000
27089403ns          471840 1c009476 05012f03 lw               x30, 80(x2)         x30=1c002e74  x2:100014d8  PA:10001528
27089422ns          471841 1c009478 10034e33 p.exths          x28, x6, x0         x28=00000000  x6:00000000
27089442ns          471842 1c00947c 06911023 sh               x9, 96(x2)           x9:00000179  x2:100014d8  PA:10001538
27089462ns          471843 1c009480 000ede83 lhu              x29, 0(x29)         x29=00000040 x29:1c002f04  PA:1c002f04
27089761ns          471858 1c009484 05812483 lw               x9, 88(x2)           x9=1c002e64  x2:100014d8  PA:10001530
27089780ns          471859 1c009486 1006d6b3 p.exthz          x13, x13, x0        x13=0000ffff x13:ffffffff
27089800ns          471860 1c00948a 02ee08b3 mul              x17, x28, x14       x17=00000000 x28:00000000 x14:00000004
27089820ns          471861 1c00948e 1006c833 p.exths          x16, x13, x0        x16=ffffffff x13:0000ffff
27089840ns          471862 1c009492 06b11823 sh               x11, 112(x2)        x11:00000094  x2:100014d8  PA:10001548
27089860ns          471863 1c009496 000f5f03 lhu              x30, 0(x30)         x30=0000ff23 x30:1c002e74  PA:1c002e74
27090158ns          471878 1c00949a 0a012583 lw               x11, 160(x2)        x11=1c002e94  x2:100014d8  PA:10001578
27090178ns          471879 1c00949c 1007d7b3 p.exthz          x15, x15, x0        x15=00000001 x15:00000001
27090198ns          471880 1c0094a0 0004da03 lhu              x20, 0(x9)          x20=0000fbfa  x9:1c002e64  PA:1c002e64
27090516ns          471896 1c0094a4 1007c533 p.exths          x10, x15, x0        x10=00000001 x15:00000001
27090536ns          471897 1c0094a8 09d11023 sh               x29, 128(x2)        x29:00000040  x2:100014d8  PA:10001558
27090556ns          471898 1c0094ac 0003d483 lhu              x9, 0(x7)            x9=0000ffdc  x7:1c002eb4  PA:1c002eb4
27091013ns          471921 1c0094b0 02e80eb3 mul              x29, x16, x14       x29=fffffffc x16:ffffffff x14:00000004
27091033ns          471922 1c0094b4 40a8d893 srai             x17, x17, 0x40a     x17=00000000 x17:00000000
27091053ns          471923 1c0094b8 03c80833 mul              x16, x16, x28       x16=00000000 x16:ffffffff x28:00000000
27091073ns          471924 1c0094bc 09e11823 sh               x30, 144(x2)        x30:0000ff23  x2:100014d8  PA:10001568
27091093ns          471925 1c0094c0 0005d983 lhu              x19, 0(x11)         x19=0000ffb2 x11:1c002e94  PA:1c002e94
27091431ns          471942 1c0094c4 81c88f5b p.muls           x30, x17, x28       x30=00000000 x17:00000000 x28:00000000
27091451ns          471943 1c0094c8 0002d583 lhu              x11, 0(x5)          x11=0000ff8d  x5:1c002ea4  PA:1c002ea4
27091869ns          471964 1c0094cc 03ce0fb3 mul              x31, x28, x28       x31=00000000 x28:00000000 x28:00000000
27091889ns          471965 1c0094d0 02e50733 mul              x14, x10, x14       x14=00000004 x10:00000001 x14:00000004
27091908ns          471966 1c0094d4 40a85813 srai             x16, x16, 0x40a     x16=00000000 x16:00000000
27091928ns          471967 1c0094d8 03c50533 mul              x10, x10, x28       x10=00000000 x10:00000001 x28:00000000
27091948ns          471968 1c0094dc 07015e03 lhu              x28, 112(x2)        x28=00000094  x2:100014d8  PA:10001548
27091988ns          471970 1c0094e0 01b60633 add              x12, x12, x27       x12=000011a1 x12:00000004 x27:0000119d
27092008ns          471971 1c0094e2 00980833 add              x16, x16, x9        x16=0000ffdc x16:00000000  x9:0000ffdc
27092028ns          471972 1c0094e4 06015d83 lhu              x27, 96(x2)         x27=00000179  x2:100014d8  PA:10001538
27092048ns          471973 1c0094e8 02812483 lw               x9, 40(x2)           x9=1c002ec4  x2:100014d8  PA:10001500
27092068ns          471974 1c0094ea 40afdf93 srai             x31, x31, 0x40a     x31=00000000 x31:00000000
27092087ns          471975 1c0094ee 40a55513 srai             x10, x10, 0x40a     x10=00000000 x10:00000000
27092107ns          471976 1c0094f0 01cf8fb3 add              x31, x31, x28       x31=00000094 x31:00000000 x28:00000094
27092127ns          471977 1c0094f2 00b50533 add              x10, x10, x11       x10=0000ff8d x10:00000000 x11:0000ff8d
27092147ns          471978 1c0094f4 09015e03 lhu              x28, 144(x2)        x28=0000ff23  x2:100014d8  PA:10001568
27092167ns          471979 1c0094f8 03012583 lw               x11, 48(x2)         x11=1c002ed4  x2:100014d8  PA:10001508
27092187ns          471980 1c0094fa 00c49023 sh               x12, 0(x9)          x12:000011a1  x9:1c002ec4  PA:1c002ec4
27092505ns          471996 1c0094fe 01b888b3 add              x17, x17, x27       x17=00000179 x17:00000000 x27:00000179
27092525ns          471997 1c009500 01a30333 add              x6, x6, x26          x6=0000046d  x6:00000000 x26:0000046d
27092545ns          471998 1c009502 08015d83 lhu              x27, 128(x2)        x27=00000040  x2:100014d8  PA:10001558
27092565ns          471999 1c009506 0000d903 lhu              x18, 0(x1)          x18=0000fed7  x1:1c002e84  PA:1c002e84
27092863ns          472014 1c00950a 01c686b3 add              x13, x13, x28       x13=0001ff22 x13:0000ffff x28:0000ff23
27092883ns          472015 1c00950c 00659023 sh               x6, 0(x11)           x6:0000046d x11:1c002ed4  PA:1c002ed4
27093201ns          472031 1c009510 40af5f13 srai             x30, x30, 0x40a     x30=00000000 x30:00000000
27093221ns          472032 1c009514 04812e03 lw               x28, 72(x2)         x28=1c002f04  x2:100014d8  PA:10001520
27093241ns          472033 1c009516 01bf0f33 add              x30, x30, x27       x30=00000040 x30:00000000 x27:00000040
27093261ns          472034 1c009518 40aede93 srai             x29, x29, 0x40a     x29=ffffffff x29:fffffffc
27093281ns          472035 1c00951c 40a75713 srai             x14, x14, 0x40a     x14=00000000 x14:00000004
27093301ns          472036 1c00951e 03812603 lw               x12, 56(x2)         x12=1c002ee4  x2:100014d8  PA:10001510
27093320ns          472037 1c009520 04012d83 lw               x27, 64(x2)         x27=1c002ef4  x2:100014d8  PA:10001518
27093340ns          472038 1c009522 01ee1023 sh               x30, 0(x28)         x30:00000040 x28:1c002f04  PA:1c002f04
27093678ns          472055 1c009526 05812483 lw               x9, 88(x2)           x9=1c002e64  x2:100014d8  PA:10001530
27093698ns          472056 1c009528 05012f03 lw               x30, 80(x2)         x30=1c002e74  x2:100014d8  PA:10001528
27093718ns          472057 1c00952a 0a012583 lw               x11, 160(x2)        x11=1c002e94  x2:100014d8  PA:10001578
27093738ns          472058 1c00952c 014787b3 add              x15, x15, x20       x15=0000fbfb x15:00000001 x20:0000fbfa
27093758ns          472059 1c00952e 013e8eb3 add              x29, x29, x19       x29=0000ffb1 x29:ffffffff x19:0000ffb2
27093778ns          472060 1c009530 01270733 add              x14, x14, x18       x14=0000fed7 x14:00000000 x18:0000fed7
27093798ns          472061 1c009532 00f49023 sh               x15, 0(x9)          x15:0000fbfb  x9:1c002e64  PA:1c002e64
27094116ns          472077 1c009536 01161023 sh               x17, 0(x12)         x17:00000179 x12:1c002ee4  PA:1c002ee4
27094454ns          472094 1c00953a 01fd9023 sh               x31, 0(x27)         x31:00000094 x27:1c002ef4  PA:1c002ef4
27094772ns          472110 1c00953e 00df1023 sh               x13, 0(x30)         x13:0001ff22 x30:1c002e74  PA:1c002e74
27095210ns          472132 1c009542 01d59023 sh               x29, 0(x11)         x29:0000ffb1 x11:1c002e94  PA:1c002e94
27095528ns          472148 1c009546 00e09023 sh               x14, 0(x1)          x14:0000fed7  x1:1c002e84  PA:1c002e84
27095846ns          472164 1c00954a 01039023 sh               x16, 0(x7)          x16:0000ffdc  x7:1c002eb4  PA:1c002eb4
27096164ns          472180 1c00954e 00a29023 sh               x10, 0(x5)          x10:0000ff8d  x5:1c002ea4  PA:1c002ea4
27096483ns          472196 1c009552 008b0b13 addi             x22, x22, 8         x22=00000102 x22:000000fa
27096503ns          472197 1c009554 1f300793 addi             x15, x0, 499        x15=000001f3
27096522ns          472198 1c009558 e767dae3 bge              x15, x22, -396      x15:000001f3 x22:00000102
27096582ns          472201 1c0093cc 010c9a0b p.lh             x20, 16(x25!)       x20=ffffff75 x25=1c00289c x25:1c00288c  PA:1c00288c
27096900ns          472217 1c0093d0 0104198b p.lh             x19, 16(x8!)        x19=000001f3  x8=1c002064  x8:1c002054  PA:1c002054
27097219ns          472233 1c0093d4 2cc10513 addi             x10, x2, 716        x10=100017a4  x2:100014d8
27097238ns          472234 1c0093d6 010a990b p.lh             x18, 16(x21!)       x18=ffffffbc x21=1c001890 x21:1c001880  PA:1c001880
27097577ns          472251 1c0093da 010b948b p.lh             x9, 16(x23!)         x9=000001f0 x23=1c0010c0 x23:1c0010b0  PA:1c0010b0
27097895ns          472267 1c0093de 2d411623 sh               x20, 716(x2)        x20:ffffff75  x2:100014d8  PA:100017a4
27097915ns          472268 1c0093e2 2d311723 sh               x19, 718(x2)        x19:000001f3  x2:100014d8  PA:100017a6
27097934ns          472269 1c0093e6 c33ff0ef jal              x1, -974             x1=1c0093e8
27097974ns          472271 1c009018 00051803 lh               x16, 0(x10)         x16=ffffff75 x10:100017a4  PA:100017a4
27098014ns          472273 1c00901c 00251883 lh               x17, 2(x10)         x17=000001f3 x10:100017a4  PA:100017a6
27098034ns          472274 1c009020 030806b3 mul              x13, x16, x16       x13=00004b79 x16:ffffff75 x16:ffffff75
27098054ns          472275 1c009024 03188633 mul              x12, x17, x17       x12=0003cca9 x17:000001f3 x17:000001f3
27098074ns          472276 1c009028 40a65613 srai             x12, x12, 0x40a     x12=000000f3 x12:0003cca9
27098094ns          472277 1c00902a 40a6d693 srai             x13, x13, 0x40a     x13=00000012 x13:00004b79
27098113ns          472278 1c00902c 00c686b3 add              x13, x13, x12       x13=00000105 x13:00000012 x12:000000f3
27098133ns          472279 1c00902e 1006c633 p.exths          x12, x13, x0        x12=00000105 x13:00000105
27098153ns          472280 1c009032 00855703 lhu              x14, 8(x10)         x14=0000ffd1 x10:100017a4  PA:100017ac
27098173ns          472281 1c009036 00a55683 lhu              x13, 10(x10)        x13=0000ff6a x10:100017a4  PA:100017ae
27098193ns          472282 1c00903a 02c60333 mul              x6, x12, x12         x6=00010a19 x12:00000105 x12:00000105
27098253ns          472285 1c00903e 00c55783 lhu              x15, 12(x10)        x15=0000ffe5 x10:100017a4  PA:100017b0
27098312ns          472288 1c009042 00e55583 lhu              x11, 14(x10)        x11=00000060 x10:100017a4  PA:100017b2
27098332ns          472289 1c009046 dea30333 p.extract        x6, x6, 15, 10       x6=00000042  x6:00010a19
27098352ns          472290 1c00904a 80c7075b p.muls           x14, x14, x12       x14=ffffd015 x14:0000ffd1 x12:00000105
27098392ns          472292 1c00904e 80c686db p.muls           x13, x13, x12       x13=ffff6712 x13:0000ff6a x12:00000105
27098432ns          472294 1c009052 00455e83 lhu              x29, 4(x10)         x29=00000427 x10:100017a4  PA:100017a8
27098452ns          472295 1c009056 00655e03 lhu              x28, 6(x10)         x28=0000007f x10:100017a4  PA:100017aa
27098471ns          472296 1c00905a 40a75713 srai             x14, x14, 0x40a     x14=fffffff4 x14:ffffd015
27098491ns          472297 1c00905c 806787db p.muls           x15, x15, x6        x15=fffff90a x15:0000ffe5  x6:00000042
27098531ns          472299 1c009060 40a6d693 srai             x13, x13, 0x40a     x13=ffffffd9 x13:ffff6712
27098571ns          472301 1c009062 8065865b p.muls           x12, x11, x6        x12=000018c0 x11:00000060  x6:00000042
27098591ns          472302 1c009066 40a7d793 srai             x15, x15, 0x40a     x15=fffffffe x15:fffff90a
27098611ns          472303 1c009068 40a65613 srai             x12, x12, 0x40a     x12=00000006 x12:000018c0
27098631ns          472304 1c00906a 01d70733 add              x14, x14, x29       x14=0000041b x14:fffffff4 x29:00000427
27098650ns          472305 1c00906c 01c686b3 add              x13, x13, x28       x13=00000058 x13:ffffffd9 x28:0000007f
27098670ns          472306 1c00906e 00c686b3 add              x13, x13, x12       x13=0000005e x13:00000058 x12:00000006
27098690ns          472307 1c009070 00f70733 add              x14, x14, x15       x14=00000419 x14:0000041b x15:fffffffe
27098710ns          472308 1c009072 100747b3 p.exths          x15, x14, x0        x15=00000419 x14:00000419
27098730ns          472309 1c009076 1006c733 p.exths          x14, x13, x0        x14=0000005e x13:0000005e
27098750ns          472310 1c00907a 03170633 mul              x12, x14, x17       x12=0000b73a x14:0000005e x17:000001f3
27098770ns          472311 1c00907e 030786b3 mul              x13, x15, x16       x13=fffdc66d x15:00000419 x16:ffffff75
27098790ns          472312 1c009082 03070733 mul              x14, x14, x16       x14=ffffccf6 x14:0000005e x16:ffffff75
27098810ns          472313 1c009086 031787b3 mul              x15, x15, x17       x15=0007fcbb x15:00000419 x17:000001f3
27098829ns          472314 1c00908a 40a6d693 srai             x13, x13, 0x40a     x13=ffffff71 x13:fffdc66d
27098849ns          472315 1c00908c 40a65613 srai             x12, x12, 0x40a     x12=0000002d x12:0000b73a
27098869ns          472316 1c00908e 40a7d793 srai             x15, x15, 0x40a     x15=000001ff x15:0007fcbb
27098889ns          472317 1c009090 40a75713 srai             x14, x14, 0x40a     x14=fffffff3 x14:ffffccf6
27098909ns          472318 1c009092 40c686b3 sub              x13, x13, x12       x13=ffffff44 x13:ffffff71 x12:0000002d
27098929ns          472319 1c009094 00e787b3 add              x15, x15, x14       x15=000001f2 x15:000001ff x14:fffffff3
27098949ns          472320 1c009096 00d51823 sh               x13, 16(x10)        x13:ffffff44 x10:100017a4  PA:100017b4
27098969ns          472321 1c00909a 00f51923 sh               x15, 18(x10)        x15:000001f2 x10:100017a4  PA:100017b6
27098989ns          472322 1c00909e 00008067 jalr             x0, x1, 0            x1:1c0093e8
27099068ns          472326 1c0093e8 2dc15583 lhu              x11, 732(x2)        x11=0000ff44  x2:100014d8  PA:100017b4
27099088ns          472327 1c0093ec 2de15783 lhu              x15, 734(x2)        x15=000001f2  x2:100014d8  PA:100017b6
27099108ns          472328 1c0093f0 40b90933 sub              x18, x18, x11       x18=ffff0078 x18:ffffffbc x11:0000ff44
27099128ns          472329 1c0093f4 40f484b3 sub              x9, x9, x15          x9=fffffffe  x9:000001f0 x15:000001f2
27099148ns          472330 1c0093f6 100945b3 p.exths          x11, x18, x0        x11=00000078 x18:ffff0078
27099168ns          472331 1c0093fa 1004c7b3 p.exths          x15, x9, x0         x15=fffffffe  x9:fffffffe
27099187ns          472332 1c0093fe 034586b3 mul              x13, x11, x20       x13=ffffbed8 x11:00000078 x20:ffffff75
27099207ns          472333 1c009402 03378533 mul              x10, x15, x19       x10=fffffc1a x15:fffffffe x19:000001f3
27099227ns          472334 1c009406 034a0633 mul              x12, x20, x20       x12=00004b79 x20:ffffff75 x20:ffffff75
27099247ns          472335 1c00940a 03398733 mul              x14, x19, x19       x14=0003cca9 x19:000001f3 x19:000001f3
27099307ns          472338 1c00940e 034787b3 mul              x15, x15, x20       x15=00000116 x15:fffffffe x20:ffffff75
27099347ns          472340 1c009412 033585b3 mul              x11, x11, x19       x11=0000e9e8 x11:00000078 x19:000001f3
27099366ns          472341 1c009416 40a75713 srai             x14, x14, 0x40a     x14=000000f3 x14:0003cca9
27099386ns          472342 1c009418 40a5d593 srai             x11, x11, 0x40a     x11=0000003a x11:0000e9e8
27099406ns          472343 1c00941a 40a65613 srai             x12, x12, 0x40a     x12=00000012 x12:00004b79
27099426ns          472344 1c00941c 40a7d793 srai             x15, x15, 0x40a     x15=00000000 x15:00000116
27099446ns          472345 1c00941e 1c0034b7 lui              x9, 0x1c003000       x9=1c003000
27099466ns          472346 1c009422 00e60633 add              x12, x12, x14       x12=00000105 x12:00000012 x14:000000f3
27099486ns          472347 1c009424 40b787b3 sub              x15, x15, x11       x15=ffffffc6 x15:00000000 x11:0000003a
27099506ns          472348 1c009426 eb048493 addi             x9, x9, -336         x9=1c002eb0  x9:1c003000
27099526ns          472349 1c00942a 1c0032b7 lui              x5, 0x1c003000       x5=1c003000
27099545ns          472350 1c00942e 1c0035b7 lui              x11, 0x1c003000     x11=1c003000
27099565ns          472351 1c009432 018483b3 add              x7, x9, x24          x7=1c002eb4  x9:1c002eb0 x24:00000004
27099585ns          472352 1c009436 02812e83 lw               x29, 40(x2)         x29=1c002ec4  x2:100014d8  PA:10001500
27099605ns          472353 1c009438 10065633 p.exthz          x12, x12, x0        x12=00000105 x12:00000105
27099625ns          472354 1c00943c e8028293 addi             x5, x5, -384         x5=1c002e80  x5:1c003000
27099645ns          472355 1c009440 ea058593 addi             x11, x11, -352      x11=1c002ea0 x11:1c003000
27099665ns          472356 1c009444 03812483 lw               x9, 56(x2)           x9=1c002ee4  x2:100014d8  PA:10001510
27099685ns          472357 1c009446 10064733 p.exths          x14, x12, x0        x14=00000105 x12:00000105
27099705ns          472358 1c00944a 018280b3 add              x1, x5, x24          x1=1c002e84  x5:1c002e80 x24:00000004
27099724ns          472359 1c00944e 03012f03 lw               x30, 48(x2)         x30=1c002ed4  x2:100014d8  PA:10001508
27099744ns          472360 1c009450 018582b3 add              x5, x11, x24         x5=1c002ea4 x11:1c002ea0 x24:00000004
27099764ns          472361 1c009454 04012583 lw               x11, 64(x2)         x11=1c002ef4  x2:100014d8  PA:10001518
27099784ns          472362 1c009456 000edd83 lhu              x27, 0(x29)         x27=000011a1 x29:1c002ec4  PA:1c002ec4
27100082ns          472377 1c00945a 0004d483 lhu              x9, 0(x9)            x9=00000179  x9:1c002ee4  PA:1c002ee4
27100381ns          472392 1c00945e 02e70333 mul              x6, x14, x14         x6=00010a19 x14:00000105 x14:00000105
27100401ns          472393 1c009462 40a55513 srai             x10, x10, 0x40a     x10=ffffffff x10:fffffc1a
27100420ns          472394 1c009464 04812e83 lw               x29, 72(x2)         x29=1c002f04  x2:100014d8  PA:10001520
27100440ns          472395 1c009466 40a6d693 srai             x13, x13, 0x40a     x13=ffffffef x13:ffffbed8
27100460ns          472396 1c009468 000f5d03 lhu              x26, 0(x30)         x26=0000046d x30:1c002ed4  PA:1c002ed4
27100778ns          472412 1c00946c 0005d583 lhu              x11, 0(x11)         x11=00000094 x11:1c002ef4  PA:1c002ef4
27101077ns          472427 1c009470 40a35313 srai             x6, x6, 0x40a        x6=00000042  x6:00010a19
27101097ns          472428 1c009474 00a686b3 add              x13, x13, x10       x13=ffffffee x13:ffffffef x10:ffffffff
27101117ns          472429 1c009476 05012f03 lw               x30, 80(x2)         x30=1c002e74  x2:100014d8  PA:10001528
27101136ns          472430 1c009478 10034e33 p.exths          x28, x6, x0         x28=00000042  x6:00000042
27101156ns          472431 1c00947c 06911023 sh               x9, 96(x2)           x9:00000179  x2:100014d8  PA:10001538
27101196ns          472433 1c009480 000ede83 lhu              x29, 0(x29)         x29=00000040 x29:1c002f04  PA:1c002f04
27101514ns          472449 1c009484 05812483 lw               x9, 88(x2)           x9=1c002e64  x2:100014d8  PA:10001530
27101534ns          472450 1c009486 1006d6b3 p.exthz          x13, x13, x0        x13=0000ffee x13:ffffffee
27101554ns          472451 1c00948a 02ee08b3 mul              x17, x28, x14       x17=0000434a x28:00000042 x14:00000105
27101574ns          472452 1c00948e 1006c833 p.exths          x16, x13, x0        x16=ffffffee x13:0000ffee
27101594ns          472453 1c009492 06b11823 sh               x11, 112(x2)        x11:00000094  x2:100014d8  PA:10001548
27101614ns          472454 1c009496 000f5f03 lhu              x30, 0(x30)         x30=0000ff22 x30:1c002e74  PA:1c002e74
27101952ns          472471 1c00949a 0a012583 lw               x11, 160(x2)        x11=1c002e94  x2:100014d8  PA:10001578
27101972ns          472472 1c00949c 1007d7b3 p.exthz          x15, x15, x0        x15=0000ffc6 x15:ffffffc6
27101992ns          472473 1c0094a0 0004da03 lhu              x20, 0(x9)          x20=0000fbfb  x9:1c002e64  PA:1c002e64
27102350ns          472491 1c0094a4 1007c533 p.exths          x10, x15, x0        x10=ffffffc6 x15:0000ffc6
27102370ns          472492 1c0094a8 09d11023 sh               x29, 128(x2)        x29:00000040  x2:100014d8  PA:10001558
27102389ns          472493 1c0094ac 0003d483 lhu              x9, 0(x7)            x9=0000ffdc  x7:1c002eb4  PA:1c002eb4
27102688ns          472508 1c0094b0 02e80eb3 mul              x29, x16, x14       x29=ffffeda6 x16:ffffffee x14:00000105
27102708ns          472509 1c0094b4 40a8d893 srai             x17, x17, 0x40a     x17=00000010 x17:0000434a
27102728ns          472510 1c0094b8 03c80833 mul              x16, x16, x28       x16=fffffb5c x16:ffffffee x28:00000042
27102747ns          472511 1c0094bc 09e11823 sh               x30, 144(x2)        x30:0000ff22  x2:100014d8  PA:10001568
27102767ns          472512 1c0094c0 0005d983 lhu              x19, 0(x11)         x19=0000ffb1 x11:1c002e94  PA:1c002e94
27103085ns          472528 1c0094c4 81c88f5b p.muls           x30, x17, x28       x30=00000420 x17:00000010 x28:00000042
27103105ns          472529 1c0094c8 0002d583 lhu              x11, 0(x5)          x11=0000ff8d  x5:1c002ea4  PA:1c002ea4
27103463ns          472547 1c0094cc 03ce0fb3 mul              x31, x28, x28       x31=00001104 x28:00000042 x28:00000042
27103483ns          472548 1c0094d0 02e50733 mul              x14, x10, x14       x14=ffffc4de x10:ffffffc6 x14:00000105
27103503ns          472549 1c0094d4 40a85813 srai             x16, x16, 0x40a     x16=fffffffe x16:fffffb5c
27103523ns          472550 1c0094d8 03c50533 mul              x10, x10, x28       x10=fffff10c x10:ffffffc6 x28:00000042
27103543ns          472551 1c0094dc 07015e03 lhu              x28, 112(x2)        x28=00000094  x2:100014d8  PA:10001548
27103583ns          472553 1c0094e0 01b60633 add              x12, x12, x27       x12=000012a6 x12:00000105 x27:000011a1
27103603ns          472554 1c0094e2 00980833 add              x16, x16, x9        x16=0000ffda x16:fffffffe  x9:0000ffdc
27103622ns          472555 1c0094e4 06015d83 lhu              x27, 96(x2)         x27=00000179  x2:100014d8  PA:10001538
27103642ns          472556 1c0094e8 02812483 lw               x9, 40(x2)           x9=1c002ec4  x2:100014d8  PA:10001500
27103662ns          472557 1c0094ea 40afdf93 srai             x31, x31, 0x40a     x31=00000004 x31:00001104
27103682ns          472558 1c0094ee 40a55513 srai             x10, x10, 0x40a     x10=fffffffc x10:fffff10c
27103702ns          472559 1c0094f0 01cf8fb3 add              x31, x31, x28       x31=00000098 x31:00000004 x28:00000094
27103722ns          472560 1c0094f2 00b50533 add              x10, x10, x11       x10=0000ff89 x10:fffffffc x11:0000ff8d
27103742ns          472561 1c0094f4 09015e03 lhu              x28, 144(x2)        x28=0000ff22  x2:100014d8  PA:10001568
27103762ns          472562 1c0094f8 03012583 lw               x11, 48(x2)         x11=1c002ed4  x2:100014d8  PA:10001508
27103782ns          472563 1c0094fa 00c49023 sh               x12, 0(x9)          x12:000012a6  x9:1c002ec4  PA:1c002ec4
27104140ns          472581 1c0094fe 01b888b3 add              x17, x17, x27       x17=00000189 x17:00000010 x27:00000179
27104159ns          472582 1c009500 01a30333 add              x6, x6, x26          x6=000004af  x6:00000042 x26:0000046d
27104179ns          472583 1c009502 08015d83 lhu              x27, 128(x2)        x27=00000040  x2:100014d8  PA:10001558
27104199ns          472584 1c009506 0000d903 lhu              x18, 0(x1)          x18=0000fed7  x1:1c002e84  PA:1c002e84
27104517ns          472600 1c00950a 01c686b3 add              x13, x13, x28       x13=0001ff10 x13:0000ffee x28:0000ff22
27104537ns          472601 1c00950c 00659023 sh               x6, 0(x11)           x6:000004af x11:1c002ed4  PA:1c002ed4
27104856ns          472617 1c009510 40af5f13 srai             x30, x30, 0x40a     x30=00000001 x30:00000420
27104875ns          472618 1c009514 04812e03 lw               x28, 72(x2)         x28=1c002f04  x2:100014d8  PA:10001520
27104895ns          472619 1c009516 01bf0f33 add              x30, x30, x27       x30=00000041 x30:00000001 x27:00000040
27104915ns          472620 1c009518 40aede93 srai             x29, x29, 0x40a     x29=fffffffb x29:ffffeda6
27104935ns          472621 1c00951c 40a75713 srai             x14, x14, 0x40a     x14=fffffff1 x14:ffffc4de
27104955ns          472622 1c00951e 03812603 lw               x12, 56(x2)         x12=1c002ee4  x2:100014d8  PA:10001510
27104975ns          472623 1c009520 04012d83 lw               x27, 64(x2)         x27=1c002ef4  x2:100014d8  PA:10001518
27104995ns          472624 1c009522 01ee1023 sh               x30, 0(x28)         x30:00000041 x28:1c002f04  PA:1c002f04
27105353ns          472642 1c009526 05812483 lw               x9, 88(x2)           x9=1c002e64  x2:100014d8  PA:10001530
27105373ns          472643 1c009528 05012f03 lw               x30, 80(x2)         x30=1c002e74  x2:100014d8  PA:10001528
27105392ns          472644 1c00952a 0a012583 lw               x11, 160(x2)        x11=1c002e94  x2:100014d8  PA:10001578
27105412ns          472645 1c00952c 014787b3 add              x15, x15, x20       x15=0001fbc1 x15:0000ffc6 x20:0000fbfb
27105432ns          472646 1c00952e 013e8eb3 add              x29, x29, x19       x29=0000ffac x29:fffffffb x19:0000ffb1
27105452ns          472647 1c009530 01270733 add              x14, x14, x18       x14=0000fec8 x14:fffffff1 x18:0000fed7
27105472ns          472648 1c009532 00f49023 sh               x15, 0(x9)          x15:0001fbc1  x9:1c002e64  PA:1c002e64
27105870ns          472668 1c009536 01161023 sh               x17, 0(x12)         x17:00000189 x12:1c002ee4  PA:1c002ee4
27106228ns          472686 1c00953a 01fd9023 sh               x31, 0(x27)         x31:00000098 x27:1c002ef4  PA:1c002ef4
27106546ns          472702 1c00953e 00df1023 sh               x13, 0(x30)         x13:0001ff10 x30:1c002e74  PA:1c002e74
27106864ns          472718 1c009542 01d59023 sh               x29, 0(x11)         x29:0000ffac x11:1c002e94  PA:1c002e94
27107182ns          472734 1c009546 00e09023 sh               x14, 0(x1)          x14:0000fec8  x1:1c002e84  PA:1c002e84
27107501ns          472750 1c00954a 01039023 sh               x16, 0(x7)          x16:0000ffda  x7:1c002eb4  PA:1c002eb4
27107819ns          472766 1c00954e 00a29023 sh               x10, 0(x5)          x10:0000ff89  x5:1c002ea4  PA:1c002ea4
27108137ns          472782 1c009552 008b0b13 addi             x22, x22, 8         x22=0000010a x22:00000102
27108157ns          472783 1c009554 1f300793 addi             x15, x0, 499        x15=000001f3
27108177ns          472784 1c009558 e767dae3 bge              x15, x22, -396      x15:000001f3 x22:0000010a
27108276ns          472789 1c0093cc 010c9a0b p.lh             x20, 16(x25!)       x20=00000053 x25=1c0028ac x25:1c00289c  PA:1c00289c
27108575ns          472804 1c0093d0 0104198b p.lh             x19, 16(x8!)        x19=ffffffa0  x8=1c002074  x8:1c002064  PA:1c002064
27108893ns          472820 1c0093d4 2cc10513 addi             x10, x2, 716        x10=100017a4  x2:100014d8
27108913ns          472821 1c0093d6 010a990b p.lh             x18, 16(x21!)       x18=00000058 x21=1c0018a0 x21:1c001890  PA:1c001890
27109211ns          472836 1c0093da 010b948b p.lh             x9, 16(x23!)         x9=ffffff9b x23=1c0010d0 x23:1c0010c0  PA:1c0010c0
27109509ns          472851 1c0093de 2d411623 sh               x20, 716(x2)        x20:00000053  x2:100014d8  PA:100017a4
27109529ns          472852 1c0093e2 2d311723 sh               x19, 718(x2)        x19:ffffffa0  x2:100014d8  PA:100017a6
27109549ns          472853 1c0093e6 c33ff0ef jal              x1, -974             x1=1c0093e8
27109589ns          472855 1c009018 00051803 lh               x16, 0(x10)         x16=00000053 x10:100017a4  PA:100017a4
27109609ns          472856 1c00901c 00251883 lh               x17, 2(x10)         x17=ffffffa0 x10:100017a4  PA:100017a6
27109668ns          472859 1c009020 030806b3 mul              x13, x16, x16       x13=00001ae9 x16:00000053 x16:00000053
27109708ns          472861 1c009024 03188633 mul              x12, x17, x17       x12=00002400 x17:ffffffa0 x17:ffffffa0
27109728ns          472862 1c009028 40a65613 srai             x12, x12, 0x40a     x12=00000009 x12:00002400
27109748ns          472863 1c00902a 40a6d693 srai             x13, x13, 0x40a     x13=00000006 x13:00001ae9
27109768ns          472864 1c00902c 00c686b3 add              x13, x13, x12       x13=0000000f x13:00000006 x12:00000009
27109788ns          472865 1c00902e 1006c633 p.exths          x12, x13, x0        x12=0000000f x13:0000000f
27109808ns          472866 1c009032 00855703 lhu              x14, 8(x10)         x14=0000ffd1 x10:100017a4  PA:100017ac
27109828ns          472867 1c009036 00a55683 lhu              x13, 10(x10)        x13=0000ff6a x10:100017a4  PA:100017ae
27109847ns          472868 1c00903a 02c60333 mul              x6, x12, x12         x6=000000e1 x12:0000000f x12:0000000f
27109887ns          472870 1c00903e 00c55783 lhu              x15, 12(x10)        x15=0000ffe5 x10:100017a4  PA:100017b0
27109927ns          472872 1c009042 00e55583 lhu              x11, 14(x10)        x11=00000060 x10:100017a4  PA:100017b2
27109947ns          472873 1c009046 dea30333 p.extract        x6, x6, 15, 10       x6=00000000  x6:000000e1
27109967ns          472874 1c00904a 80c7075b p.muls           x14, x14, x12       x14=fffffd3f x14:0000ffd1 x12:0000000f
27109987ns          472875 1c00904e 80c686db p.muls           x13, x13, x12       x13=fffff736 x13:0000ff6a x12:0000000f
27110007ns          472876 1c009052 00455e83 lhu              x29, 4(x10)         x29=00000427 x10:100017a4  PA:100017a8
27110026ns          472877 1c009056 00655e03 lhu              x28, 6(x10)         x28=0000007f x10:100017a4  PA:100017aa
27110046ns          472878 1c00905a 40a75713 srai             x14, x14, 0x40a     x14=ffffffff x14:fffffd3f
27110066ns          472879 1c00905c 806787db p.muls           x15, x15, x6        x15=00000000 x15:0000ffe5  x6:00000000
27110086ns          472880 1c009060 40a6d693 srai             x13, x13, 0x40a     x13=fffffffd x13:fffff736
27110106ns          472881 1c009062 8065865b p.muls           x12, x11, x6        x12=00000000 x11:00000060  x6:00000000
27110126ns          472882 1c009066 40a7d793 srai             x15, x15, 0x40a     x15=00000000 x15:00000000
27110146ns          472883 1c009068 40a65613 srai             x12, x12, 0x40a     x12=00000000 x12:00000000
27110166ns          472884 1c00906a 01d70733 add              x14, x14, x29       x14=00000426 x14:ffffffff x29:00000427
27110186ns          472885 1c00906c 01c686b3 add              x13, x13, x28       x13=0000007c x13:fffffffd x28:0000007f
27110205ns          472886 1c00906e 00c686b3 add              x13, x13, x12       x13=0000007c x13:0000007c x12:00000000
27110225ns          472887 1c009070 00f70733 add              x14, x14, x15       x14=00000426 x14:00000426 x15:00000000
27110245ns          472888 1c009072 100747b3 p.exths          x15, x14, x0        x15=00000426 x14:00000426
27110265ns          472889 1c009076 1006c733 p.exths          x14, x13, x0        x14=0000007c x13:0000007c
27110285ns          472890 1c00907a 03170633 mul              x12, x14, x17       x12=ffffd180 x14:0000007c x17:ffffffa0
27110305ns          472891 1c00907e 030786b3 mul              x13, x15, x16       x13=00015852 x15:00000426 x16:00000053
27110325ns          472892 1c009082 03070733 mul              x14, x14, x16       x14=00002834 x14:0000007c x16:00000053
27110345ns          472893 1c009086 031787b3 mul              x15, x15, x17       x15=fffe71c0 x15:00000426 x17:ffffffa0
27110364ns          472894 1c00908a 40a6d693 srai             x13, x13, 0x40a     x13=00000056 x13:00015852
27110384ns          472895 1c00908c 40a65613 srai             x12, x12, 0x40a     x12=fffffff4 x12:ffffd180
27110404ns          472896 1c00908e 40a7d793 srai             x15, x15, 0x40a     x15=ffffff9c x15:fffe71c0
27110424ns          472897 1c009090 40a75713 srai             x14, x14, 0x40a     x14=0000000a x14:00002834
27110444ns          472898 1c009092 40c686b3 sub              x13, x13, x12       x13=00000062 x13:00000056 x12:fffffff4
27110464ns          472899 1c009094 00e787b3 add              x15, x15, x14       x15=ffffffa6 x15:ffffff9c x14:0000000a
27110484ns          472900 1c009096 00d51823 sh               x13, 16(x10)        x13:00000062 x10:100017a4  PA:100017b4
27110504ns          472901 1c00909a 00f51923 sh               x15, 18(x10)        x15:ffffffa6 x10:100017a4  PA:100017b6
27110524ns          472902 1c00909e 00008067 jalr             x0, x1, 0            x1:1c0093e8
27110583ns          472905 1c0093e8 2dc15583 lhu              x11, 732(x2)        x11=00000062  x2:100014d8  PA:100017b4
27110603ns          472906 1c0093ec 2de15783 lhu              x15, 734(x2)        x15=0000ffa6  x2:100014d8  PA:100017b6
27110623ns          472907 1c0093f0 40b90933 sub              x18, x18, x11       x18=fffffff6 x18:00000058 x11:00000062
27110643ns          472908 1c0093f4 40f484b3 sub              x9, x9, x15          x9=fffefff5  x9:ffffff9b x15:0000ffa6
27110663ns          472909 1c0093f6 100945b3 p.exths          x11, x18, x0        x11=fffffff6 x18:fffffff6
27110683ns          472910 1c0093fa 1004c7b3 p.exths          x15, x9, x0         x15=fffffff5  x9:fffefff5
27110703ns          472911 1c0093fe 034586b3 mul              x13, x11, x20       x13=fffffcc2 x11:fffffff6 x20:00000053
27110722ns          472912 1c009402 03378533 mul              x10, x15, x19       x10=00000420 x15:fffffff5 x19:ffffffa0
27110742ns          472913 1c009406 034a0633 mul              x12, x20, x20       x12=00001ae9 x20:00000053 x20:00000053
27110762ns          472914 1c00940a 03398733 mul              x14, x19, x19       x14=00002400 x19:ffffffa0 x19:ffffffa0
27110822ns          472917 1c00940e 034787b3 mul              x15, x15, x20       x15=fffffc6f x15:fffffff5 x20:00000053
27110862ns          472919 1c009412 033585b3 mul              x11, x11, x19       x11=000003c0 x11:fffffff6 x19:ffffffa0
27110882ns          472920 1c009416 40a75713 srai             x14, x14, 0x40a     x14=00000009 x14:00002400
27110901ns          472921 1c009418 40a5d593 srai             x11, x11, 0x40a     x11=00000000 x11:000003c0
27110921ns          472922 1c00941a 40a65613 srai             x12, x12, 0x40a     x12=00000006 x12:00001ae9
27110941ns          472923 1c00941c 40a7d793 srai             x15, x15, 0x40a     x15=ffffffff x15:fffffc6f
27110961ns          472924 1c00941e 1c0034b7 lui              x9, 0x1c003000       x9=1c003000
27110981ns          472925 1c009422 00e60633 add              x12, x12, x14       x12=0000000f x12:00000006 x14:00000009
27111001ns          472926 1c009424 40b787b3 sub              x15, x15, x11       x15=ffffffff x15:ffffffff x11:00000000
27111021ns          472927 1c009426 eb048493 addi             x9, x9, -336         x9=1c002eb0  x9:1c003000
27111041ns          472928 1c00942a 1c0032b7 lui              x5, 0x1c003000       x5=1c003000
27111061ns          472929 1c00942e 1c0035b7 lui              x11, 0x1c003000     x11=1c003000
27111080ns          472930 1c009432 018483b3 add              x7, x9, x24          x7=1c002eb4  x9:1c002eb0 x24:00000004
27111100ns          472931 1c009436 02812e83 lw               x29, 40(x2)         x29=1c002ec4  x2:100014d8  PA:10001500
27111120ns          472932 1c009438 10065633 p.exthz          x12, x12, x0        x12=0000000f x12:0000000f
27111140ns          472933 1c00943c e8028293 addi             x5, x5, -384         x5=1c002e80  x5:1c003000
27111160ns          472934 1c009440 ea058593 addi             x11, x11, -352      x11=1c002ea0 x11:1c003000
27111200ns          472936 1c009444 03812483 lw               x9, 56(x2)           x9=1c002ee4  x2:100014d8  PA:10001510
27111220ns          472937 1c009446 10064733 p.exths          x14, x12, x0        x14=0000000f x12:0000000f
27111240ns          472938 1c00944a 018280b3 add              x1, x5, x24          x1=1c002e84  x5:1c002e80 x24:00000004
27111259ns          472939 1c00944e 03012f03 lw               x30, 48(x2)         x30=1c002ed4  x2:100014d8  PA:10001508
27111299ns          472941 1c009450 018582b3 add              x5, x11, x24         x5=1c002ea4 x11:1c002ea0 x24:00000004
27111339ns          472943 1c009454 04012583 lw               x11, 64(x2)         x11=1c002ef4  x2:100014d8  PA:10001518
27111359ns          472944 1c009456 000edd83 lhu              x27, 0(x29)         x27=000012a6 x29:1c002ec4  PA:1c002ec4
27111657ns          472959 1c00945a 0004d483 lhu              x9, 0(x9)            x9=00000189  x9:1c002ee4  PA:1c002ee4
27111956ns          472974 1c00945e 02e70333 mul              x6, x14, x14         x6=000000e1 x14:0000000f x14:0000000f
27111975ns          472975 1c009462 40a55513 srai             x10, x10, 0x40a     x10=00000001 x10:00000420
27111995ns          472976 1c009464 04812e83 lw               x29, 72(x2)         x29=1c002f04  x2:100014d8  PA:10001520
27112015ns          472977 1c009466 40a6d693 srai             x13, x13, 0x40a     x13=ffffffff x13:fffffcc2
27112035ns          472978 1c009468 000f5d03 lhu              x26, 0(x30)         x26=000004af x30:1c002ed4  PA:1c002ed4
27112353ns          472994 1c00946c 0005d583 lhu              x11, 0(x11)         x11=00000098 x11:1c002ef4  PA:1c002ef4
27112652ns          473009 1c009470 40a35313 srai             x6, x6, 0x40a        x6=00000000  x6:000000e1
27112672ns          473010 1c009474 00a686b3 add              x13, x13, x10       x13=00000000 x13:ffffffff x10:00000001
27112691ns          473011 1c009476 05012f03 lw               x30, 80(x2)         x30=1c002e74  x2:100014d8  PA:10001528
27112711ns          473012 1c009478 10034e33 p.exths          x28, x6, x0         x28=00000000  x6:00000000
27112731ns          473013 1c00947c 06911023 sh               x9, 96(x2)           x9:00000189  x2:100014d8  PA:10001538
27112751ns          473014 1c009480 000ede83 lhu              x29, 0(x29)         x29=00000041 x29:1c002f04  PA:1c002f04
27113069ns          473030 1c009484 05812483 lw               x9, 88(x2)           x9=1c002e64  x2:100014d8  PA:10001530
27113089ns          473031 1c009486 1006d6b3 p.exthz          x13, x13, x0        x13=00000000 x13:00000000
27113109ns          473032 1c00948a 02ee08b3 mul              x17, x28, x14       x17=00000000 x28:00000000 x14:0000000f
27113129ns          473033 1c00948e 1006c833 p.exths          x16, x13, x0        x16=00000000 x13:00000000
27113149ns          473034 1c009492 06b11823 sh               x11, 112(x2)        x11:00000098  x2:100014d8  PA:10001548
27113169ns          473035 1c009496 000f5f03 lhu              x30, 0(x30)         x30=0000ff10 x30:1c002e74  PA:1c002e74
27113487ns          473051 1c00949a 0a012583 lw               x11, 160(x2)        x11=1c002e94  x2:100014d8  PA:10001578
27113507ns          473052 1c00949c 1007d7b3 p.exthz          x15, x15, x0        x15=0000ffff x15:ffffffff
27113527ns          473053 1c0094a0 0004da03 lhu              x20, 0(x9)          x20=0000fbc1  x9:1c002e64  PA:1c002e64
27113825ns          473068 1c0094a4 1007c533 p.exths          x10, x15, x0        x10=ffffffff x15:0000ffff
27113845ns          473069 1c0094a8 09d11023 sh               x29, 128(x2)        x29:00000041  x2:100014d8  PA:10001558
27113865ns          473070 1c0094ac 0003d483 lhu              x9, 0(x7)            x9=0000ffda  x7:1c002eb4  PA:1c002eb4
27114183ns          473086 1c0094b0 02e80eb3 mul              x29, x16, x14       x29=00000000 x16:00000000 x14:0000000f
27114203ns          473087 1c0094b4 40a8d893 srai             x17, x17, 0x40a     x17=00000000 x17:00000000
27114223ns          473088 1c0094b8 03c80833 mul              x16, x16, x28       x16=00000000 x16:00000000 x28:00000000
27114243ns          473089 1c0094bc 09e11823 sh               x30, 144(x2)        x30:0000ff10  x2:100014d8  PA:10001568
27114263ns          473090 1c0094c0 0005d983 lhu              x19, 0(x11)         x19=0000ffac x11:1c002e94  PA:1c002e94
27114561ns          473105 1c0094c4 81c88f5b p.muls           x30, x17, x28       x30=00000000 x17:00000000 x28:00000000
27114581ns          473106 1c0094c8 0002d583 lhu              x11, 0(x5)          x11=0000ff89  x5:1c002ea4  PA:1c002ea4
27114879ns          473121 1c0094cc 03ce0fb3 mul              x31, x28, x28       x31=00000000 x28:00000000 x28:00000000
27114899ns          473122 1c0094d0 02e50733 mul              x14, x10, x14       x14=fffffff1 x10:ffffffff x14:0000000f
27114919ns          473123 1c0094d4 40a85813 srai             x16, x16, 0x40a     x16=00000000 x16:00000000
27114939ns          473124 1c0094d8 03c50533 mul              x10, x10, x28       x10=00000000 x10:ffffffff x28:00000000
27114959ns          473125 1c0094dc 07015e03 lhu              x28, 112(x2)        x28=00000098  x2:100014d8  PA:10001548
27114998ns          473127 1c0094e0 01b60633 add              x12, x12, x27       x12=000012b5 x12:0000000f x27:000012a6
27115018ns          473128 1c0094e2 00980833 add              x16, x16, x9        x16=0000ffda x16:00000000  x9:0000ffda
27115038ns          473129 1c0094e4 06015d83 lhu              x27, 96(x2)         x27=00000189  x2:100014d8  PA:10001538
27115058ns          473130 1c0094e8 02812483 lw               x9, 40(x2)           x9=1c002ec4  x2:100014d8  PA:10001500
27115078ns          473131 1c0094ea 40afdf93 srai             x31, x31, 0x40a     x31=00000000 x31:00000000
27115098ns          473132 1c0094ee 40a55513 srai             x10, x10, 0x40a     x10=00000000 x10:00000000
27115118ns          473133 1c0094f0 01cf8fb3 add              x31, x31, x28       x31=00000098 x31:00000000 x28:00000098
27115138ns          473134 1c0094f2 00b50533 add              x10, x10, x11       x10=0000ff89 x10:00000000 x11:0000ff89
27115158ns          473135 1c0094f4 09015e03 lhu              x28, 144(x2)        x28=0000ff10  x2:100014d8  PA:10001568
27115177ns          473136 1c0094f8 03012583 lw               x11, 48(x2)         x11=1c002ed4  x2:100014d8  PA:10001508
27115197ns          473137 1c0094fa 00c49023 sh               x12, 0(x9)          x12:000012b5  x9:1c002ec4  PA:1c002ec4
27115535ns          473154 1c0094fe 01b888b3 add              x17, x17, x27       x17=00000189 x17:00000000 x27:00000189
27115555ns          473155 1c009500 01a30333 add              x6, x6, x26          x6=000004af  x6:00000000 x26:000004af
27115575ns          473156 1c009502 08015d83 lhu              x27, 128(x2)        x27=00000041  x2:100014d8  PA:10001558
27115595ns          473157 1c009506 0000d903 lhu              x18, 0(x1)          x18=0000fec8  x1:1c002e84  PA:1c002e84
27115893ns          473172 1c00950a 01c686b3 add              x13, x13, x28       x13=0000ff10 x13:00000000 x28:0000ff10
27115913ns          473173 1c00950c 00659023 sh               x6, 0(x11)           x6:000004af x11:1c002ed4  PA:1c002ed4
27116231ns          473189 1c009510 40af5f13 srai             x30, x30, 0x40a     x30=00000000 x30:00000000
27116251ns          473190 1c009514 04812e03 lw               x28, 72(x2)         x28=1c002f04  x2:100014d8  PA:10001520
27116271ns          473191 1c009516 01bf0f33 add              x30, x30, x27       x30=00000041 x30:00000000 x27:00000041
27116291ns          473192 1c009518 40aede93 srai             x29, x29, 0x40a     x29=00000000 x29:00000000
27116311ns          473193 1c00951c 40a75713 srai             x14, x14, 0x40a     x14=ffffffff x14:fffffff1
27116331ns          473194 1c00951e 03812603 lw               x12, 56(x2)         x12=1c002ee4  x2:100014d8  PA:10001510
27116351ns          473195 1c009520 04012d83 lw               x27, 64(x2)         x27=1c002ef4  x2:100014d8  PA:10001518
27116371ns          473196 1c009522 01ee1023 sh               x30, 0(x28)         x30:00000041 x28:1c002f04  PA:1c002f04
27116729ns          473214 1c009526 05812483 lw               x9, 88(x2)           x9=1c002e64  x2:100014d8  PA:10001530
27116749ns          473215 1c009528 05012f03 lw               x30, 80(x2)         x30=1c002e74  x2:100014d8  PA:10001528
27116768ns          473216 1c00952a 0a012583 lw               x11, 160(x2)        x11=1c002e94  x2:100014d8  PA:10001578
27116788ns          473217 1c00952c 014787b3 add              x15, x15, x20       x15=0001fbc0 x15:0000ffff x20:0000fbc1
27116808ns          473218 1c00952e 013e8eb3 add              x29, x29, x19       x29=0000ffac x29:00000000 x19:0000ffac
27116828ns          473219 1c009530 01270733 add              x14, x14, x18       x14=0000fec7 x14:ffffffff x18:0000fec8
27116848ns          473220 1c009532 00f49023 sh               x15, 0(x9)          x15:0001fbc0  x9:1c002e64  PA:1c002e64
27117206ns          473238 1c009536 01161023 sh               x17, 0(x12)         x17:00000189 x12:1c002ee4  PA:1c002ee4
27117524ns          473254 1c00953a 01fd9023 sh               x31, 0(x27)         x31:00000098 x27:1c002ef4  PA:1c002ef4
27117842ns          473270 1c00953e 00df1023 sh               x13, 0(x30)         x13:0000ff10 x30:1c002e74  PA:1c002e74
27118180ns          473287 1c009542 01d59023 sh               x29, 0(x11)         x29:0000ffac x11:1c002e94  PA:1c002e94
27118499ns          473303 1c009546 00e09023 sh               x14, 0(x1)          x14:0000fec7  x1:1c002e84  PA:1c002e84
27118817ns          473319 1c00954a 01039023 sh               x16, 0(x7)          x16:0000ffda  x7:1c002eb4  PA:1c002eb4
27119135ns          473335 1c00954e 00a29023 sh               x10, 0(x5)          x10:0000ff89  x5:1c002ea4  PA:1c002ea4
27119473ns          473352 1c009552 008b0b13 addi             x22, x22, 8         x22=00000112 x22:0000010a
27119493ns          473353 1c009554 1f300793 addi             x15, x0, 499        x15=000001f3
27119513ns          473354 1c009558 e767dae3 bge              x15, x22, -396      x15:000001f3 x22:00000112
27119573ns          473357 1c0093cc 010c9a0b p.lh             x20, 16(x25!)       x20=00000184 x25=1c0028bc x25:1c0028ac  PA:1c0028ac
27119911ns          473374 1c0093d0 0104198b p.lh             x19, 16(x8!)        x19=000000ae  x8=1c002084  x8:1c002074  PA:1c002074
27120229ns          473390 1c0093d4 2cc10513 addi             x10, x2, 716        x10=100017a4  x2:100014d8
27120249ns          473391 1c0093d6 010a990b p.lh             x18, 16(x21!)       x18=0000018e x21=1c0018b0 x21:1c0018a0  PA:1c0018a0
27120547ns          473406 1c0093da 010b948b p.lh             x9, 16(x23!)         x9=00000072 x23=1c0010e0 x23:1c0010d0  PA:1c0010d0
27120885ns          473423 1c0093de 2d411623 sh               x20, 716(x2)        x20:00000184  x2:100014d8  PA:100017a4
27120905ns          473424 1c0093e2 2d311723 sh               x19, 718(x2)        x19:000000ae  x2:100014d8  PA:100017a6
27120925ns          473425 1c0093e6 c33ff0ef jal              x1, -974             x1=1c0093e8
27120965ns          473427 1c009018 00051803 lh               x16, 0(x10)         x16=00000184 x10:100017a4  PA:100017a4
27120985ns          473428 1c00901c 00251883 lh               x17, 2(x10)         x17=000000ae x10:100017a4  PA:100017a6
27121044ns          473431 1c009020 030806b3 mul              x13, x16, x16       x13=00024c10 x16:00000184 x16:00000184
27121084ns          473433 1c009024 03188633 mul              x12, x17, x17       x12=00007644 x17:000000ae x17:000000ae
27121104ns          473434 1c009028 40a65613 srai             x12, x12, 0x40a     x12=0000001d x12:00007644
27121124ns          473435 1c00902a 40a6d693 srai             x13, x13, 0x40a     x13=00000093 x13:00024c10
27121144ns          473436 1c00902c 00c686b3 add              x13, x13, x12       x13=000000b0 x13:00000093 x12:0000001d
27121164ns          473437 1c00902e 1006c633 p.exths          x12, x13, x0        x12=000000b0 x13:000000b0
27121184ns          473438 1c009032 00855703 lhu              x14, 8(x10)         x14=0000ffd1 x10:100017a4  PA:100017ac
27121203ns          473439 1c009036 00a55683 lhu              x13, 10(x10)        x13=0000ff6a x10:100017a4  PA:100017ae
27121223ns          473440 1c00903a 02c60333 mul              x6, x12, x12         x6=00007900 x12:000000b0 x12:000000b0
27121263ns          473442 1c00903e 00c55783 lhu              x15, 12(x10)        x15=0000ffe5 x10:100017a4  PA:100017b0
27121303ns          473444 1c009042 00e55583 lhu              x11, 14(x10)        x11=00000060 x10:100017a4  PA:100017b2
27121323ns          473445 1c009046 dea30333 p.extract        x6, x6, 15, 10       x6=0000001e  x6:00007900
27121343ns          473446 1c00904a 80c7075b p.muls           x14, x14, x12       x14=ffffdfb0 x14:0000ffd1 x12:000000b0
27121363ns          473447 1c00904e 80c686db p.muls           x13, x13, x12       x13=ffff98e0 x13:0000ff6a x12:000000b0
27121382ns          473448 1c009052 00455e83 lhu              x29, 4(x10)         x29=00000427 x10:100017a4  PA:100017a8
27121422ns          473450 1c009056 00655e03 lhu              x28, 6(x10)         x28=0000007f x10:100017a4  PA:100017aa
27121442ns          473451 1c00905a 40a75713 srai             x14, x14, 0x40a     x14=fffffff7 x14:ffffdfb0
27121462ns          473452 1c00905c 806787db p.muls           x15, x15, x6        x15=fffffcd6 x15:0000ffe5  x6:0000001e
27121482ns          473453 1c009060 40a6d693 srai             x13, x13, 0x40a     x13=ffffffe6 x13:ffff98e0
27121502ns          473454 1c009062 8065865b p.muls           x12, x11, x6        x12=00000b40 x11:00000060  x6:0000001e
27121522ns          473455 1c009066 40a7d793 srai             x15, x15, 0x40a     x15=ffffffff x15:fffffcd6
27121542ns          473456 1c009068 40a65613 srai             x12, x12, 0x40a     x12=00000002 x12:00000b40
27121561ns          473457 1c00906a 01d70733 add              x14, x14, x29       x14=0000041e x14:fffffff7 x29:00000427
27121581ns          473458 1c00906c 01c686b3 add              x13, x13, x28       x13=00000065 x13:ffffffe6 x28:0000007f
27121601ns          473459 1c00906e 00c686b3 add              x13, x13, x12       x13=00000067 x13:00000065 x12:00000002
27121621ns          473460 1c009070 00f70733 add              x14, x14, x15       x14=0000041d x14:0000041e x15:ffffffff
27121641ns          473461 1c009072 100747b3 p.exths          x15, x14, x0        x15=0000041d x14:0000041d
27121661ns          473462 1c009076 1006c733 p.exths          x14, x13, x0        x14=00000067 x13:00000067
27121681ns          473463 1c00907a 03170633 mul              x12, x14, x17       x12=00004602 x14:00000067 x17:000000ae
27121701ns          473464 1c00907e 030786b3 mul              x13, x15, x16       x13=00063bf4 x15:0000041d x16:00000184
27121721ns          473465 1c009082 03070733 mul              x14, x14, x16       x14=00009c1c x14:00000067 x16:00000184
27121740ns          473466 1c009086 031787b3 mul              x15, x15, x17       x15=0002cbb6 x15:0000041d x17:000000ae
27121760ns          473467 1c00908a 40a6d693 srai             x13, x13, 0x40a     x13=0000018e x13:00063bf4
27121780ns          473468 1c00908c 40a65613 srai             x12, x12, 0x40a     x12=00000011 x12:00004602
27121800ns          473469 1c00908e 40a7d793 srai             x15, x15, 0x40a     x15=000000b2 x15:0002cbb6
27121820ns          473470 1c009090 40a75713 srai             x14, x14, 0x40a     x14=00000027 x14:00009c1c
27121840ns          473471 1c009092 40c686b3 sub              x13, x13, x12       x13=0000017d x13:0000018e x12:00000011
27121860ns          473472 1c009094 00e787b3 add              x15, x15, x14       x15=000000d9 x15:000000b2 x14:00000027
27121880ns          473473 1c009096 00d51823 sh               x13, 16(x10)        x13:0000017d x10:100017a4  PA:100017b4
27121900ns          473474 1c00909a 00f51923 sh               x15, 18(x10)        x15:000000d9 x10:100017a4  PA:100017b6
27121919ns          473475 1c00909e 00008067 jalr             x0, x1, 0            x1:1c0093e8
27121999ns          473479 1c0093e8 2dc15583 lhu              x11, 732(x2)        x11=0000017d  x2:100014d8  PA:100017b4
27122019ns          473480 1c0093ec 2de15783 lhu              x15, 734(x2)        x15=000000d9  x2:100014d8  PA:100017b6
27122039ns          473481 1c0093f0 40b90933 sub              x18, x18, x11       x18=00000011 x18:0000018e x11:0000017d
27122059ns          473482 1c0093f4 40f484b3 sub              x9, x9, x15          x9=ffffff99  x9:00000072 x15:000000d9
27122079ns          473483 1c0093f6 100945b3 p.exths          x11, x18, x0        x11=00000011 x18:00000011
27122098ns          473484 1c0093fa 1004c7b3 p.exths          x15, x9, x0         x15=ffffff99  x9:ffffff99
27122118ns          473485 1c0093fe 034586b3 mul              x13, x11, x20       x13=000019c4 x11:00000011 x20:00000184
27122138ns          473486 1c009402 03378533 mul              x10, x15, x19       x10=ffffb9fe x15:ffffff99 x19:000000ae
27122158ns          473487 1c009406 034a0633 mul              x12, x20, x20       x12=00024c10 x20:00000184 x20:00000184
27122178ns          473488 1c00940a 03398733 mul              x14, x19, x19       x14=00007644 x19:000000ae x19:000000ae
27122198ns          473489 1c00940e 034787b3 mul              x15, x15, x20       x15=ffff63e4 x15:ffffff99 x20:00000184
27122218ns          473490 1c009412 033585b3 mul              x11, x11, x19       x11=00000b8e x11:00000011 x19:000000ae
27122238ns          473491 1c009416 40a75713 srai             x14, x14, 0x40a     x14=0000001d x14:00007644
27122258ns          473492 1c009418 40a5d593 srai             x11, x11, 0x40a     x11=00000002 x11:00000b8e
27122277ns          473493 1c00941a 40a65613 srai             x12, x12, 0x40a     x12=00000093 x12:00024c10
27122297ns          473494 1c00941c 40a7d793 srai             x15, x15, 0x40a     x15=ffffffd8 x15:ffff63e4
27122317ns          473495 1c00941e 1c0034b7 lui              x9, 0x1c003000       x9=1c003000
27122337ns          473496 1c009422 00e60633 add              x12, x12, x14       x12=000000b0 x12:00000093 x14:0000001d
27122357ns          473497 1c009424 40b787b3 sub              x15, x15, x11       x15=ffffffd6 x15:ffffffd8 x11:00000002
27122377ns          473498 1c009426 eb048493 addi             x9, x9, -336         x9=1c002eb0  x9:1c003000
27122397ns          473499 1c00942a 1c0032b7 lui              x5, 0x1c003000       x5=1c003000
27122417ns          473500 1c00942e 1c0035b7 lui              x11, 0x1c003000     x11=1c003000
27122437ns          473501 1c009432 018483b3 add              x7, x9, x24          x7=1c002eb4  x9:1c002eb0 x24:00000004
27122456ns          473502 1c009436 02812e83 lw               x29, 40(x2)         x29=1c002ec4  x2:100014d8  PA:10001500
27122476ns          473503 1c009438 10065633 p.exthz          x12, x12, x0        x12=000000b0 x12:000000b0
27122496ns          473504 1c00943c e8028293 addi             x5, x5, -384         x5=1c002e80  x5:1c003000
27122516ns          473505 1c009440 ea058593 addi             x11, x11, -352      x11=1c002ea0 x11:1c003000
27122536ns          473506 1c009444 03812483 lw               x9, 56(x2)           x9=1c002ee4  x2:100014d8  PA:10001510
27122576ns          473508 1c009446 10064733 p.exths          x14, x12, x0        x14=000000b0 x12:000000b0
27122596ns          473509 1c00944a 018280b3 add              x1, x5, x24          x1=1c002e84  x5:1c002e80 x24:00000004
27122616ns          473510 1c00944e 03012f03 lw               x30, 48(x2)         x30=1c002ed4  x2:100014d8  PA:10001508
27122635ns          473511 1c009450 018582b3 add              x5, x11, x24         x5=1c002ea4 x11:1c002ea0 x24:00000004
27122655ns          473512 1c009454 04012583 lw               x11, 64(x2)         x11=1c002ef4  x2:100014d8  PA:10001518
27122675ns          473513 1c009456 000edd83 lhu              x27, 0(x29)         x27=000012b5 x29:1c002ec4  PA:1c002ec4
27123013ns          473530 1c00945a 0004d483 lhu              x9, 0(x9)            x9=00000189  x9:1c002ee4  PA:1c002ee4
27123312ns          473545 1c00945e 02e70333 mul              x6, x14, x14         x6=00007900 x14:000000b0 x14:000000b0
27123331ns          473546 1c009462 40a55513 srai             x10, x10, 0x40a     x10=ffffffee x10:ffffb9fe
27123351ns          473547 1c009464 04812e83 lw               x29, 72(x2)         x29=1c002f04  x2:100014d8  PA:10001520
27123371ns          473548 1c009466 40a6d693 srai             x13, x13, 0x40a     x13=00000006 x13:000019c4
27123391ns          473549 1c009468 000f5d03 lhu              x26, 0(x30)         x26=000004af x30:1c002ed4  PA:1c002ed4
27123689ns          473564 1c00946c 0005d583 lhu              x11, 0(x11)         x11=00000098 x11:1c002ef4  PA:1c002ef4
27124008ns          473580 1c009470 40a35313 srai             x6, x6, 0x40a        x6=0000001e  x6:00007900
27124028ns          473581 1c009474 00a686b3 add              x13, x13, x10       x13=fffffff4 x13:00000006 x10:ffffffee
27124047ns          473582 1c009476 05012f03 lw               x30, 80(x2)         x30=1c002e74  x2:100014d8  PA:10001528
27124067ns          473583 1c009478 10034e33 p.exths          x28, x6, x0         x28=0000001e  x6:0000001e
27124087ns          473584 1c00947c 06911023 sh               x9, 96(x2)           x9:00000189  x2:100014d8  PA:10001538
27124107ns          473585 1c009480 000ede83 lhu              x29, 0(x29)         x29=00000041 x29:1c002f04  PA:1c002f04
27124505ns          473605 1c009484 05812483 lw               x9, 88(x2)           x9=1c002e64  x2:100014d8  PA:10001530
27124525ns          473606 1c009486 1006d6b3 p.exthz          x13, x13, x0        x13=0000fff4 x13:fffffff4
27124545ns          473607 1c00948a 02ee08b3 mul              x17, x28, x14       x17=000014a0 x28:0000001e x14:000000b0
27124565ns          473608 1c00948e 1006c833 p.exths          x16, x13, x0        x16=fffffff4 x13:0000fff4
27124584ns          473609 1c009492 06b11823 sh               x11, 112(x2)        x11:00000098  x2:100014d8  PA:10001548
27124604ns          473610 1c009496 000f5f03 lhu              x30, 0(x30)         x30=0000ff10 x30:1c002e74  PA:1c002e74
27124903ns          473625 1c00949a 0a012583 lw               x11, 160(x2)        x11=1c002e94  x2:100014d8  PA:10001578
27124923ns          473626 1c00949c 1007d7b3 p.exthz          x15, x15, x0        x15=0000ffd6 x15:ffffffd6
27124942ns          473627 1c0094a0 0004da03 lhu              x20, 0(x9)          x20=0000fbc0  x9:1c002e64  PA:1c002e64
27125241ns          473642 1c0094a4 1007c533 p.exths          x10, x15, x0        x10=ffffffd6 x15:0000ffd6
27125261ns          473643 1c0094a8 09d11023 sh               x29, 128(x2)        x29:00000041  x2:100014d8  PA:10001558
27125280ns          473644 1c0094ac 0003d483 lhu              x9, 0(x7)            x9=0000ffda  x7:1c002eb4  PA:1c002eb4
27125579ns          473659 1c0094b0 02e80eb3 mul              x29, x16, x14       x29=fffff7c0 x16:fffffff4 x14:000000b0
27125599ns          473660 1c0094b4 40a8d893 srai             x17, x17, 0x40a     x17=00000005 x17:000014a0
27125619ns          473661 1c0094b8 03c80833 mul              x16, x16, x28       x16=fffffe98 x16:fffffff4 x28:0000001e
27125638ns          473662 1c0094bc 09e11823 sh               x30, 144(x2)        x30:0000ff10  x2:100014d8  PA:10001568
27125658ns          473663 1c0094c0 0005d983 lhu              x19, 0(x11)         x19=0000ffac x11:1c002e94  PA:1c002e94
27125957ns          473678 1c0094c4 81c88f5b p.muls           x30, x17, x28       x30=00000096 x17:00000005 x28:0000001e
27125977ns          473679 1c0094c8 0002d583 lhu              x11, 0(x5)          x11=0000ff89  x5:1c002ea4  PA:1c002ea4
27126275ns          473694 1c0094cc 03ce0fb3 mul              x31, x28, x28       x31=00000384 x28:0000001e x28:0000001e
27126295ns          473695 1c0094d0 02e50733 mul              x14, x10, x14       x14=ffffe320 x10:ffffffd6 x14:000000b0
27126315ns          473696 1c0094d4 40a85813 srai             x16, x16, 0x40a     x16=ffffffff x16:fffffe98
27126335ns          473697 1c0094d8 03c50533 mul              x10, x10, x28       x10=fffffb14 x10:ffffffd6 x28:0000001e
27126354ns          473698 1c0094dc 07015e03 lhu              x28, 112(x2)        x28=00000098  x2:100014d8  PA:10001548
27126394ns          473700 1c0094e0 01b60633 add              x12, x12, x27       x12=00001365 x12:000000b0 x27:000012b5
27126414ns          473701 1c0094e2 00980833 add              x16, x16, x9        x16=0000ffd9 x16:ffffffff  x9:0000ffda
27126434ns          473702 1c0094e4 06015d83 lhu              x27, 96(x2)         x27=00000189  x2:100014d8  PA:10001538
27126454ns          473703 1c0094e8 02812483 lw               x9, 40(x2)           x9=1c002ec4  x2:100014d8  PA:10001500
27126474ns          473704 1c0094ea 40afdf93 srai             x31, x31, 0x40a     x31=00000000 x31:00000384
27126494ns          473705 1c0094ee 40a55513 srai             x10, x10, 0x40a     x10=fffffffe x10:fffffb14
27126514ns          473706 1c0094f0 01cf8fb3 add              x31, x31, x28       x31=00000098 x31:00000000 x28:00000098
27126533ns          473707 1c0094f2 00b50533 add              x10, x10, x11       x10=0000ff87 x10:fffffffe x11:0000ff89
27126553ns          473708 1c0094f4 09015e03 lhu              x28, 144(x2)        x28=0000ff10  x2:100014d8  PA:10001568
27126573ns          473709 1c0094f8 03012583 lw               x11, 48(x2)         x11=1c002ed4  x2:100014d8  PA:10001508
27126593ns          473710 1c0094fa 00c49023 sh               x12, 0(x9)          x12:00001365  x9:1c002ec4  PA:1c002ec4
27126911ns          473726 1c0094fe 01b888b3 add              x17, x17, x27       x17=0000018e x17:00000005 x27:00000189
27126931ns          473727 1c009500 01a30333 add              x6, x6, x26          x6=000004cd  x6:0000001e x26:000004af
27126951ns          473728 1c009502 08015d83 lhu              x27, 128(x2)        x27=00000041  x2:100014d8  PA:10001558
27126971ns          473729 1c009506 0000d903 lhu              x18, 0(x1)          x18=0000fec7  x1:1c002e84  PA:1c002e84
27127369ns          473749 1c00950a 01c686b3 add              x13, x13, x28       x13=0001ff04 x13:0000fff4 x28:0000ff10
27127389ns          473750 1c00950c 00659023 sh               x6, 0(x11)           x6:000004cd x11:1c002ed4  PA:1c002ed4
27127766ns          473769 1c009510 40af5f13 srai             x30, x30, 0x40a     x30=00000000 x30:00000096
27127786ns          473770 1c009514 04812e03 lw               x28, 72(x2)         x28=1c002f04  x2:100014d8  PA:10001520
27127806ns          473771 1c009516 01bf0f33 add              x30, x30, x27       x30=00000041 x30:00000000 x27:00000041
27127826ns          473772 1c009518 40aede93 srai             x29, x29, 0x40a     x29=fffffffd x29:fffff7c0
27127846ns          473773 1c00951c 40a75713 srai             x14, x14, 0x40a     x14=fffffff8 x14:ffffe320
27127866ns          473774 1c00951e 03812603 lw               x12, 56(x2)         x12=1c002ee4  x2:100014d8  PA:10001510
27127886ns          473775 1c009520 04012d83 lw               x27, 64(x2)         x27=1c002ef4  x2:100014d8  PA:10001518
27127906ns          473776 1c009522 01ee1023 sh               x30, 0(x28)         x30:00000041 x28:1c002f04  PA:1c002f04
27128224ns          473792 1c009526 05812483 lw               x9, 88(x2)           x9=1c002e64  x2:100014d8  PA:10001530
27128244ns          473793 1c009528 05012f03 lw               x30, 80(x2)         x30=1c002e74  x2:100014d8  PA:10001528
27128264ns          473794 1c00952a 0a012583 lw               x11, 160(x2)        x11=1c002e94  x2:100014d8  PA:10001578
27128284ns          473795 1c00952c 014787b3 add              x15, x15, x20       x15=0001fb96 x15:0000ffd6 x20:0000fbc0
27128303ns          473796 1c00952e 013e8eb3 add              x29, x29, x19       x29=0000ffa9 x29:fffffffd x19:0000ffac
27128323ns          473797 1c009530 01270733 add              x14, x14, x18       x14=0000febf x14:fffffff8 x18:0000fec7
27128343ns          473798 1c009532 00f49023 sh               x15, 0(x9)          x15:0001fb96  x9:1c002e64  PA:1c002e64
27128681ns          473815 1c009536 01161023 sh               x17, 0(x12)         x17:0000018e x12:1c002ee4  PA:1c002ee4
27129000ns          473831 1c00953a 01fd9023 sh               x31, 0(x27)         x31:00000098 x27:1c002ef4  PA:1c002ef4
27129318ns          473847 1c00953e 00df1023 sh               x13, 0(x30)         x13:0001ff04 x30:1c002e74  PA:1c002e74
27129636ns          473863 1c009542 01d59023 sh               x29, 0(x11)         x29:0000ffa9 x11:1c002e94  PA:1c002e94
27130034ns          473883 1c009546 00e09023 sh               x14, 0(x1)          x14:0000febf  x1:1c002e84  PA:1c002e84
27130352ns          473899 1c00954a 01039023 sh               x16, 0(x7)          x16:0000ffd9  x7:1c002eb4  PA:1c002eb4
27130670ns          473915 1c00954e 00a29023 sh               x10, 0(x5)          x10:0000ff87  x5:1c002ea4  PA:1c002ea4
27130988ns          473931 1c009552 008b0b13 addi             x22, x22, 8         x22=0000011a x22:00000112
27131008ns          473932 1c009554 1f300793 addi             x15, x0, 499        x15=000001f3
27131028ns          473933 1c009558 e767dae3 bge              x15, x22, -396      x15:000001f3 x22:0000011a
27131088ns          473936 1c0093cc 010c9a0b p.lh             x20, 16(x25!)       x20=00000077 x25=1c0028cc x25:1c0028bc  PA:1c0028bc
27131406ns          473952 1c0093d0 0104198b p.lh             x19, 16(x8!)        x19=0000008a  x8=1c002094  x8:1c002084  PA:1c002084
27131704ns          473967 1c0093d4 2cc10513 addi             x10, x2, 716        x10=100017a4  x2:100014d8
27131724ns          473968 1c0093d6 010a990b p.lh             x18, 16(x21!)       x18=0000007f x21=1c0018c0 x21:1c0018b0  PA:1c0018b0
27132023ns          473983 1c0093da 010b948b p.lh             x9, 16(x23!)         x9=0000008d x23=1c0010f0 x23:1c0010e0  PA:1c0010e0
27132400ns          474002 1c0093de 2d411623 sh               x20, 716(x2)        x20:00000077  x2:100014d8  PA:100017a4
27132420ns          474003 1c0093e2 2d311723 sh               x19, 718(x2)        x19:0000008a  x2:100014d8  PA:100017a6
27132440ns          474004 1c0093e6 c33ff0ef jal              x1, -974             x1=1c0093e8
27132520ns          474008 1c009018 00051803 lh               x16, 0(x10)         x16=00000077 x10:100017a4  PA:100017a4
27132579ns          474011 1c00901c 00251883 lh               x17, 2(x10)         x17=0000008a x10:100017a4  PA:100017a6
27132599ns          474012 1c009020 030806b3 mul              x13, x16, x16       x13=00003751 x16:00000077 x16:00000077
27132619ns          474013 1c009024 03188633 mul              x12, x17, x17       x12=00004a64 x17:0000008a x17:0000008a
27132639ns          474014 1c009028 40a65613 srai             x12, x12, 0x40a     x12=00000012 x12:00004a64
27132659ns          474015 1c00902a 40a6d693 srai             x13, x13, 0x40a     x13=0000000d x13:00003751
27132679ns          474016 1c00902c 00c686b3 add              x13, x13, x12       x13=0000001f x13:0000000d x12:00000012
27132699ns          474017 1c00902e 1006c633 p.exths          x12, x13, x0        x12=0000001f x13:0000001f
27132719ns          474018 1c009032 00855703 lhu              x14, 8(x10)         x14=0000ffd1 x10:100017a4  PA:100017ac
27132738ns          474019 1c009036 00a55683 lhu              x13, 10(x10)        x13=0000ff6a x10:100017a4  PA:100017ae
27132758ns          474020 1c00903a 02c60333 mul              x6, x12, x12         x6=000003c1 x12:0000001f x12:0000001f
27132778ns          474021 1c00903e 00c55783 lhu              x15, 12(x10)        x15=0000ffe5 x10:100017a4  PA:100017b0
27132798ns          474022 1c009042 00e55583 lhu              x11, 14(x10)        x11=00000060 x10:100017a4  PA:100017b2
27132818ns          474023 1c009046 dea30333 p.extract        x6, x6, 15, 10       x6=00000000  x6:000003c1
27132838ns          474024 1c00904a 80c7075b p.muls           x14, x14, x12       x14=fffffa4f x14:0000ffd1 x12:0000001f
27132898ns          474027 1c00904e 80c686db p.muls           x13, x13, x12       x13=ffffedd6 x13:0000ff6a x12:0000001f
27132937ns          474029 1c009052 00455e83 lhu              x29, 4(x10)         x29=00000427 x10:100017a4  PA:100017a8
27132957ns          474030 1c009056 00655e03 lhu              x28, 6(x10)         x28=0000007f x10:100017a4  PA:100017aa
27132977ns          474031 1c00905a 40a75713 srai             x14, x14, 0x40a     x14=fffffffe x14:fffffa4f
27132997ns          474032 1c00905c 806787db p.muls           x15, x15, x6        x15=00000000 x15:0000ffe5  x6:00000000
27133037ns          474034 1c009060 40a6d693 srai             x13, x13, 0x40a     x13=fffffffb x13:ffffedd6
27133077ns          474036 1c009062 8065865b p.muls           x12, x11, x6        x12=00000000 x11:00000060  x6:00000000
27133096ns          474037 1c009066 40a7d793 srai             x15, x15, 0x40a     x15=00000000 x15:00000000
27133116ns          474038 1c009068 40a65613 srai             x12, x12, 0x40a     x12=00000000 x12:00000000
27133136ns          474039 1c00906a 01d70733 add              x14, x14, x29       x14=00000425 x14:fffffffe x29:00000427
27133156ns          474040 1c00906c 01c686b3 add              x13, x13, x28       x13=0000007a x13:fffffffb x28:0000007f
27133176ns          474041 1c00906e 00c686b3 add              x13, x13, x12       x13=0000007a x13:0000007a x12:00000000
27133196ns          474042 1c009070 00f70733 add              x14, x14, x15       x14=00000425 x14:00000425 x15:00000000
27133216ns          474043 1c009072 100747b3 p.exths          x15, x14, x0        x15=00000425 x14:00000425
27133236ns          474044 1c009076 1006c733 p.exths          x14, x13, x0        x14=0000007a x13:0000007a
27133256ns          474045 1c00907a 03170633 mul              x12, x14, x17       x12=000041c4 x14:0000007a x17:0000008a
27133275ns          474046 1c00907e 030786b3 mul              x13, x15, x16       x13=0001ed33 x15:00000425 x16:00000077
27133295ns          474047 1c009082 03070733 mul              x14, x14, x16       x14=000038b6 x14:0000007a x16:00000077
27133315ns          474048 1c009086 031787b3 mul              x15, x15, x17       x15=00023bf2 x15:00000425 x17:0000008a
27133335ns          474049 1c00908a 40a6d693 srai             x13, x13, 0x40a     x13=0000007b x13:0001ed33
27133355ns          474050 1c00908c 40a65613 srai             x12, x12, 0x40a     x12=00000010 x12:000041c4
27133375ns          474051 1c00908e 40a7d793 srai             x15, x15, 0x40a     x15=0000008e x15:00023bf2
27133395ns          474052 1c009090 40a75713 srai             x14, x14, 0x40a     x14=0000000e x14:000038b6
27133415ns          474053 1c009092 40c686b3 sub              x13, x13, x12       x13=0000006b x13:0000007b x12:00000010
27133435ns          474054 1c009094 00e787b3 add              x15, x15, x14       x15=0000009c x15:0000008e x14:0000000e
27133454ns          474055 1c009096 00d51823 sh               x13, 16(x10)        x13:0000006b x10:100017a4  PA:100017b4
27133474ns          474056 1c00909a 00f51923 sh               x15, 18(x10)        x15:0000009c x10:100017a4  PA:100017b6
27133494ns          474057 1c00909e 00008067 jalr             x0, x1, 0            x1:1c0093e8
27133574ns          474061 1c0093e8 2dc15583 lhu              x11, 732(x2)        x11=0000006b  x2:100014d8  PA:100017b4
27133594ns          474062 1c0093ec 2de15783 lhu              x15, 734(x2)        x15=0000009c  x2:100014d8  PA:100017b6
27133614ns          474063 1c0093f0 40b90933 sub              x18, x18, x11       x18=00000014 x18:0000007f x11:0000006b
27133633ns          474064 1c0093f4 40f484b3 sub              x9, x9, x15          x9=fffffff1  x9:0000008d x15:0000009c
27133653ns          474065 1c0093f6 100945b3 p.exths          x11, x18, x0        x11=00000014 x18:00000014
27133673ns          474066 1c0093fa 1004c7b3 p.exths          x15, x9, x0         x15=fffffff1  x9:fffffff1
27133693ns          474067 1c0093fe 034586b3 mul              x13, x11, x20       x13=0000094c x11:00000014 x20:00000077
27133713ns          474068 1c009402 03378533 mul              x10, x15, x19       x10=fffff7ea x15:fffffff1 x19:0000008a
27133733ns          474069 1c009406 034a0633 mul              x12, x20, x20       x12=00003751 x20:00000077 x20:00000077
27133753ns          474070 1c00940a 03398733 mul              x14, x19, x19       x14=00004a64 x19:0000008a x19:0000008a
27133773ns          474071 1c00940e 034787b3 mul              x15, x15, x20       x15=fffff907 x15:fffffff1 x20:00000077
27133793ns          474072 1c009412 033585b3 mul              x11, x11, x19       x11=00000ac8 x11:00000014 x19:0000008a
27133812ns          474073 1c009416 40a75713 srai             x14, x14, 0x40a     x14=00000012 x14:00004a64
27133832ns          474074 1c009418 40a5d593 srai             x11, x11, 0x40a     x11=00000002 x11:00000ac8
27133852ns          474075 1c00941a 40a65613 srai             x12, x12, 0x40a     x12=0000000d x12:00003751
27133872ns          474076 1c00941c 40a7d793 srai             x15, x15, 0x40a     x15=fffffffe x15:fffff907
27133892ns          474077 1c00941e 1c0034b7 lui              x9, 0x1c003000       x9=1c003000
27133912ns          474078 1c009422 00e60633 add              x12, x12, x14       x12=0000001f x12:0000000d x14:00000012
27133932ns          474079 1c009424 40b787b3 sub              x15, x15, x11       x15=fffffffc x15:fffffffe x11:00000002
27133952ns          474080 1c009426 eb048493 addi             x9, x9, -336         x9=1c002eb0  x9:1c003000
27133972ns          474081 1c00942a 1c0032b7 lui              x5, 0x1c003000       x5=1c003000
27133991ns          474082 1c00942e 1c0035b7 lui              x11, 0x1c003000     x11=1c003000
27134011ns          474083 1c009432 018483b3 add              x7, x9, x24          x7=1c002eb4  x9:1c002eb0 x24:00000004
27134031ns          474084 1c009436 02812e83 lw               x29, 40(x2)         x29=1c002ec4  x2:100014d8  PA:10001500
27134051ns          474085 1c009438 10065633 p.exthz          x12, x12, x0        x12=0000001f x12:0000001f
27134071ns          474086 1c00943c e8028293 addi             x5, x5, -384         x5=1c002e80  x5:1c003000
27134111ns          474088 1c009440 ea058593 addi             x11, x11, -352      x11=1c002ea0 x11:1c003000
27134151ns          474090 1c009444 03812483 lw               x9, 56(x2)           x9=1c002ee4  x2:100014d8  PA:10001510
27134170ns          474091 1c009446 10064733 p.exths          x14, x12, x0        x14=0000001f x12:0000001f
27134190ns          474092 1c00944a 018280b3 add              x1, x5, x24          x1=1c002e84  x5:1c002e80 x24:00000004
27134210ns          474093 1c00944e 03012f03 lw               x30, 48(x2)         x30=1c002ed4  x2:100014d8  PA:10001508
27134250ns          474095 1c009450 018582b3 add              x5, x11, x24         x5=1c002ea4 x11:1c002ea0 x24:00000004
27134290ns          474097 1c009454 04012583 lw               x11, 64(x2)         x11=1c002ef4  x2:100014d8  PA:10001518
27134310ns          474098 1c009456 000edd83 lhu              x27, 0(x29)         x27=00001365 x29:1c002ec4  PA:1c002ec4
27134608ns          474113 1c00945a 0004d483 lhu              x9, 0(x9)            x9=0000018e  x9:1c002ee4  PA:1c002ee4
27134926ns          474129 1c00945e 02e70333 mul              x6, x14, x14         x6=000003c1 x14:0000001f x14:0000001f
27134946ns          474130 1c009462 40a55513 srai             x10, x10, 0x40a     x10=fffffffd x10:fffff7ea
27134966ns          474131 1c009464 04812e83 lw               x29, 72(x2)         x29=1c002f04  x2:100014d8  PA:10001520
27134986ns          474132 1c009466 40a6d693 srai             x13, x13, 0x40a     x13=00000002 x13:0000094c
27135006ns          474133 1c009468 000f5d03 lhu              x26, 0(x30)         x26=000004cd x30:1c002ed4  PA:1c002ed4
27135324ns          474149 1c00946c 0005d583 lhu              x11, 0(x11)         x11=00000098 x11:1c002ef4  PA:1c002ef4
27135622ns          474164 1c009470 40a35313 srai             x6, x6, 0x40a        x6=00000000  x6:000003c1
27135642ns          474165 1c009474 00a686b3 add              x13, x13, x10       x13=ffffffff x13:00000002 x10:fffffffd
27135662ns          474166 1c009476 05012f03 lw               x30, 80(x2)         x30=1c002e74  x2:100014d8  PA:10001528
27135682ns          474167 1c009478 10034e33 p.exths          x28, x6, x0         x28=00000000  x6:00000000
27135702ns          474168 1c00947c 06911023 sh               x9, 96(x2)           x9:0000018e  x2:100014d8  PA:10001538
27135722ns          474169 1c009480 000ede83 lhu              x29, 0(x29)         x29=00000041 x29:1c002f04  PA:1c002f04
27136020ns          474184 1c009484 05812483 lw               x9, 88(x2)           x9=1c002e64  x2:100014d8  PA:10001530
27136040ns          474185 1c009486 1006d6b3 p.exthz          x13, x13, x0        x13=0000ffff x13:ffffffff
27136060ns          474186 1c00948a 02ee08b3 mul              x17, x28, x14       x17=00000000 x28:00000000 x14:0000001f
27136080ns          474187 1c00948e 1006c833 p.exths          x16, x13, x0        x16=ffffffff x13:0000ffff
27136100ns          474188 1c009492 06b11823 sh               x11, 112(x2)        x11:00000098  x2:100014d8  PA:10001548
27136119ns          474189 1c009496 000f5f03 lhu              x30, 0(x30)         x30=0000ff04 x30:1c002e74  PA:1c002e74
27136418ns          474204 1c00949a 0a012583 lw               x11, 160(x2)        x11=1c002e94  x2:100014d8  PA:10001578
27136438ns          474205 1c00949c 1007d7b3 p.exthz          x15, x15, x0        x15=0000fffc x15:fffffffc
27136458ns          474206 1c0094a0 0004da03 lhu              x20, 0(x9)          x20=0000fb96  x9:1c002e64  PA:1c002e64
27136816ns          474224 1c0094a4 1007c533 p.exths          x10, x15, x0        x10=fffffffc x15:0000fffc
27136835ns          474225 1c0094a8 09d11023 sh               x29, 128(x2)        x29:00000041  x2:100014d8  PA:10001558
27136855ns          474226 1c0094ac 0003d483 lhu              x9, 0(x7)            x9=0000ffd9  x7:1c002eb4  PA:1c002eb4
27137174ns          474242 1c0094b0 02e80eb3 mul              x29, x16, x14       x29=ffffffe1 x16:ffffffff x14:0000001f
27137193ns          474243 1c0094b4 40a8d893 srai             x17, x17, 0x40a     x17=00000000 x17:00000000
27137213ns          474244 1c0094b8 03c80833 mul              x16, x16, x28       x16=00000000 x16:ffffffff x28:00000000
27137233ns          474245 1c0094bc 09e11823 sh               x30, 144(x2)        x30:0000ff04  x2:100014d8  PA:10001568
27137253ns          474246 1c0094c0 0005d983 lhu              x19, 0(x11)         x19=0000ffa9 x11:1c002e94  PA:1c002e94
27137551ns          474261 1c0094c4 81c88f5b p.muls           x30, x17, x28       x30=00000000 x17:00000000 x28:00000000
27137571ns          474262 1c0094c8 0002d583 lhu              x11, 0(x5)          x11=0000ff87  x5:1c002ea4  PA:1c002ea4
27137889ns          474278 1c0094cc 03ce0fb3 mul              x31, x28, x28       x31=00000000 x28:00000000 x28:00000000
27137909ns          474279 1c0094d0 02e50733 mul              x14, x10, x14       x14=ffffff84 x10:fffffffc x14:0000001f
27137929ns          474280 1c0094d4 40a85813 srai             x16, x16, 0x40a     x16=00000000 x16:00000000
27137949ns          474281 1c0094d8 03c50533 mul              x10, x10, x28       x10=00000000 x10:fffffffc x28:00000000
27137969ns          474282 1c0094dc 07015e03 lhu              x28, 112(x2)        x28=00000098  x2:100014d8  PA:10001548
27138009ns          474284 1c0094e0 01b60633 add              x12, x12, x27       x12=00001384 x12:0000001f x27:00001365
27138029ns          474285 1c0094e2 00980833 add              x16, x16, x9        x16=0000ffd9 x16:00000000  x9:0000ffd9
27138049ns          474286 1c0094e4 06015d83 lhu              x27, 96(x2)         x27=0000018e  x2:100014d8  PA:10001538
27138068ns          474287 1c0094e8 02812483 lw               x9, 40(x2)           x9=1c002ec4  x2:100014d8  PA:10001500
27138088ns          474288 1c0094ea 40afdf93 srai             x31, x31, 0x40a     x31=00000000 x31:00000000
27138108ns          474289 1c0094ee 40a55513 srai             x10, x10, 0x40a     x10=00000000 x10:00000000
27138128ns          474290 1c0094f0 01cf8fb3 add              x31, x31, x28       x31=00000098 x31:00000000 x28:00000098
27138148ns          474291 1c0094f2 00b50533 add              x10, x10, x11       x10=0000ff87 x10:00000000 x11:0000ff87
27138168ns          474292 1c0094f4 09015e03 lhu              x28, 144(x2)        x28=0000ff04  x2:100014d8  PA:10001568
27138188ns          474293 1c0094f8 03012583 lw               x11, 48(x2)         x11=1c002ed4  x2:100014d8  PA:10001508
27138208ns          474294 1c0094fa 00c49023 sh               x12, 0(x9)          x12:00001384  x9:1c002ec4  PA:1c002ec4
27138526ns          474310 1c0094fe 01b888b3 add              x17, x17, x27       x17=0000018e x17:00000000 x27:0000018e
27138546ns          474311 1c009500 01a30333 add              x6, x6, x26          x6=000004cd  x6:00000000 x26:000004cd
27138566ns          474312 1c009502 08015d83 lhu              x27, 128(x2)        x27=00000041  x2:100014d8  PA:10001558
27138586ns          474313 1c009506 0000d903 lhu              x18, 0(x1)          x18=0000febf  x1:1c002e84  PA:1c002e84
27138884ns          474328 1c00950a 01c686b3 add              x13, x13, x28       x13=0001ff03 x13:0000ffff x28:0000ff04
27138904ns          474329 1c00950c 00659023 sh               x6, 0(x11)           x6:000004cd x11:1c002ed4  PA:1c002ed4
27139262ns          474347 1c009510 40af5f13 srai             x30, x30, 0x40a     x30=00000000 x30:00000000
27139282ns          474348 1c009514 04812e03 lw               x28, 72(x2)         x28=1c002f04  x2:100014d8  PA:10001520
27139302ns          474349 1c009516 01bf0f33 add              x30, x30, x27       x30=00000041 x30:00000000 x27:00000041
27139321ns          474350 1c009518 40aede93 srai             x29, x29, 0x40a     x29=ffffffff x29:ffffffe1
27139341ns          474351 1c00951c 40a75713 srai             x14, x14, 0x40a     x14=ffffffff x14:ffffff84
27139361ns          474352 1c00951e 03812603 lw               x12, 56(x2)         x12=1c002ee4  x2:100014d8  PA:10001510
27139381ns          474353 1c009520 04012d83 lw               x27, 64(x2)         x27=1c002ef4  x2:100014d8  PA:10001518
27139401ns          474354 1c009522 01ee1023 sh               x30, 0(x28)         x30:00000041 x28:1c002f04  PA:1c002f04
27139719ns          474370 1c009526 05812483 lw               x9, 88(x2)           x9=1c002e64  x2:100014d8  PA:10001530
27139739ns          474371 1c009528 05012f03 lw               x30, 80(x2)         x30=1c002e74  x2:100014d8  PA:10001528
27139759ns          474372 1c00952a 0a012583 lw               x11, 160(x2)        x11=1c002e94  x2:100014d8  PA:10001578
27139779ns          474373 1c00952c 014787b3 add              x15, x15, x20       x15=0001fb92 x15:0000fffc x20:0000fb96
27139799ns          474374 1c00952e 013e8eb3 add              x29, x29, x19       x29=0000ffa8 x29:ffffffff x19:0000ffa9
27139819ns          474375 1c009530 01270733 add              x14, x14, x18       x14=0000febe x14:ffffffff x18:0000febf
27139839ns          474376 1c009532 00f49023 sh               x15, 0(x9)          x15:0001fb92  x9:1c002e64  PA:1c002e64
27140157ns          474392 1c009536 01161023 sh               x17, 0(x12)         x17:0000018e x12:1c002ee4  PA:1c002ee4
27140495ns          474409 1c00953a 01fd9023 sh               x31, 0(x27)         x31:00000098 x27:1c002ef4  PA:1c002ef4
27140813ns          474425 1c00953e 00df1023 sh               x13, 0(x30)         x13:0001ff03 x30:1c002e74  PA:1c002e74
27141131ns          474441 1c009542 01d59023 sh               x29, 0(x11)         x29:0000ffa8 x11:1c002e94  PA:1c002e94
27141469ns          474458 1c009546 00e09023 sh               x14, 0(x1)          x14:0000febe  x1:1c002e84  PA:1c002e84
27141788ns          474474 1c00954a 01039023 sh               x16, 0(x7)          x16:0000ffd9  x7:1c002eb4  PA:1c002eb4
27142106ns          474490 1c00954e 00a29023 sh               x10, 0(x5)          x10:0000ff87  x5:1c002ea4  PA:1c002ea4
27142464ns          474508 1c009552 008b0b13 addi             x22, x22, 8         x22=00000122 x22:0000011a
27142484ns          474509 1c009554 1f300793 addi             x15, x0, 499        x15=000001f3
27142504ns          474510 1c009558 e767dae3 bge              x15, x22, -396      x15:000001f3 x22:00000122
27142603ns          474515 1c0093cc 010c9a0b p.lh             x20, 16(x25!)       x20=0000001c x25=1c0028dc x25:1c0028cc  PA:1c0028cc
27142921ns          474531 1c0093d0 0104198b p.lh             x19, 16(x8!)        x19=ffffffe0  x8=1c0020a4  x8:1c002094  PA:1c002094
27143239ns          474547 1c0093d4 2cc10513 addi             x10, x2, 716        x10=100017a4  x2:100014d8
27143259ns          474548 1c0093d6 010a990b p.lh             x18, 16(x21!)       x18=00000018 x21=1c0018d0 x21:1c0018c0  PA:1c0018c0
27143558ns          474563 1c0093da 010b948b p.lh             x9, 16(x23!)         x9=ffffffe1 x23=1c001100 x23:1c0010f0  PA:1c0010f0
27143876ns          474579 1c0093de 2d411623 sh               x20, 716(x2)        x20:0000001c  x2:100014d8  PA:100017a4
27143916ns          474581 1c0093e2 2d311723 sh               x19, 718(x2)        x19:ffffffe0  x2:100014d8  PA:100017a6
27143935ns          474582 1c0093e6 c33ff0ef jal              x1, -974             x1=1c0093e8
27144015ns          474586 1c009018 00051803 lh               x16, 0(x10)         x16=0000001c x10:100017a4  PA:100017a4
27144055ns          474588 1c00901c 00251883 lh               x17, 2(x10)         x17=ffffffe0 x10:100017a4  PA:100017a6
27144114ns          474591 1c009020 030806b3 mul              x13, x16, x16       x13=00000310 x16:0000001c x16:0000001c
27144154ns          474593 1c009024 03188633 mul              x12, x17, x17       x12=00000400 x17:ffffffe0 x17:ffffffe0
27144174ns          474594 1c009028 40a65613 srai             x12, x12, 0x40a     x12=00000001 x12:00000400
27144194ns          474595 1c00902a 40a6d693 srai             x13, x13, 0x40a     x13=00000000 x13:00000310
27144214ns          474596 1c00902c 00c686b3 add              x13, x13, x12       x13=00000001 x13:00000000 x12:00000001
27144234ns          474597 1c00902e 1006c633 p.exths          x12, x13, x0        x12=00000001 x13:00000001
27144254ns          474598 1c009032 00855703 lhu              x14, 8(x10)         x14=0000ffd1 x10:100017a4  PA:100017ac
27144274ns          474599 1c009036 00a55683 lhu              x13, 10(x10)        x13=0000ff6a x10:100017a4  PA:100017ae
27144293ns          474600 1c00903a 02c60333 mul              x6, x12, x12         x6=00000001 x12:00000001 x12:00000001
27144313ns          474601 1c00903e 00c55783 lhu              x15, 12(x10)        x15=0000ffe5 x10:100017a4  PA:100017b0
27144333ns          474602 1c009042 00e55583 lhu              x11, 14(x10)        x11=00000060 x10:100017a4  PA:100017b2
27144353ns          474603 1c009046 dea30333 p.extract        x6, x6, 15, 10       x6=00000000  x6:00000001
27144373ns          474604 1c00904a 80c7075b p.muls           x14, x14, x12       x14=ffffffd1 x14:0000ffd1 x12:00000001
27144393ns          474605 1c00904e 80c686db p.muls           x13, x13, x12       x13=ffffff6a x13:0000ff6a x12:00000001
27144413ns          474606 1c009052 00455e83 lhu              x29, 4(x10)         x29=00000427 x10:100017a4  PA:100017a8
27144433ns          474607 1c009056 00655e03 lhu              x28, 6(x10)         x28=0000007f x10:100017a4  PA:100017aa
27144453ns          474608 1c00905a 40a75713 srai             x14, x14, 0x40a     x14=ffffffff x14:ffffffd1
27144472ns          474609 1c00905c 806787db p.muls           x15, x15, x6        x15=00000000 x15:0000ffe5  x6:00000000
27144492ns          474610 1c009060 40a6d693 srai             x13, x13, 0x40a     x13=ffffffff x13:ffffff6a
27144512ns          474611 1c009062 8065865b p.muls           x12, x11, x6        x12=00000000 x11:00000060  x6:00000000
27144532ns          474612 1c009066 40a7d793 srai             x15, x15, 0x40a     x15=00000000 x15:00000000
27144552ns          474613 1c009068 40a65613 srai             x12, x12, 0x40a     x12=00000000 x12:00000000
27144572ns          474614 1c00906a 01d70733 add              x14, x14, x29       x14=00000426 x14:ffffffff x29:00000427
27144592ns          474615 1c00906c 01c686b3 add              x13, x13, x28       x13=0000007e x13:ffffffff x28:0000007f
27144612ns          474616 1c00906e 00c686b3 add              x13, x13, x12       x13=0000007e x13:0000007e x12:00000000
27144632ns          474617 1c009070 00f70733 add              x14, x14, x15       x14=00000426 x14:00000426 x15:00000000
27144651ns          474618 1c009072 100747b3 p.exths          x15, x14, x0        x15=00000426 x14:00000426
27144671ns          474619 1c009076 1006c733 p.exths          x14, x13, x0        x14=0000007e x13:0000007e
27144691ns          474620 1c00907a 03170633 mul              x12, x14, x17       x12=fffff040 x14:0000007e x17:ffffffe0
27144711ns          474621 1c00907e 030786b3 mul              x13, x15, x16       x13=00007428 x15:00000426 x16:0000001c
27144731ns          474622 1c009082 03070733 mul              x14, x14, x16       x14=00000dc8 x14:0000007e x16:0000001c
27144751ns          474623 1c009086 031787b3 mul              x15, x15, x17       x15=ffff7b40 x15:00000426 x17:ffffffe0
27144771ns          474624 1c00908a 40a6d693 srai             x13, x13, 0x40a     x13=0000001d x13:00007428
27144791ns          474625 1c00908c 40a65613 srai             x12, x12, 0x40a     x12=fffffffc x12:fffff040
27144811ns          474626 1c00908e 40a7d793 srai             x15, x15, 0x40a     x15=ffffffde x15:ffff7b40
27144830ns          474627 1c009090 40a75713 srai             x14, x14, 0x40a     x14=00000003 x14:00000dc8
27144850ns          474628 1c009092 40c686b3 sub              x13, x13, x12       x13=00000021 x13:0000001d x12:fffffffc
27144870ns          474629 1c009094 00e787b3 add              x15, x15, x14       x15=ffffffe1 x15:ffffffde x14:00000003
27144890ns          474630 1c009096 00d51823 sh               x13, 16(x10)        x13:00000021 x10:100017a4  PA:100017b4
27144910ns          474631 1c00909a 00f51923 sh               x15, 18(x10)        x15:ffffffe1 x10:100017a4  PA:100017b6
27144930ns          474632 1c00909e 00008067 jalr             x0, x1, 0            x1:1c0093e8
27144970ns          474634 1c0093e8 2dc15583 lhu              x11, 732(x2)        x11=00000021  x2:100014d8  PA:100017b4
27145009ns          474636 1c0093ec 2de15783 lhu              x15, 734(x2)        x15=0000ffe1  x2:100014d8  PA:100017b6
27145029ns          474637 1c0093f0 40b90933 sub              x18, x18, x11       x18=fffffff7 x18:00000018 x11:00000021
27145049ns          474638 1c0093f4 40f484b3 sub              x9, x9, x15          x9=ffff0000  x9:ffffffe1 x15:0000ffe1
27145069ns          474639 1c0093f6 100945b3 p.exths          x11, x18, x0        x11=fffffff7 x18:fffffff7
27145089ns          474640 1c0093fa 1004c7b3 p.exths          x15, x9, x0         x15=00000000  x9:ffff0000
27145109ns          474641 1c0093fe 034586b3 mul              x13, x11, x20       x13=ffffff04 x11:fffffff7 x20:0000001c
27145129ns          474642 1c009402 03378533 mul              x10, x15, x19       x10=00000000 x15:00000000 x19:ffffffe0
27145149ns          474643 1c009406 034a0633 mul              x12, x20, x20       x12=00000310 x20:0000001c x20:0000001c
27145168ns          474644 1c00940a 03398733 mul              x14, x19, x19       x14=00000400 x19:ffffffe0 x19:ffffffe0
27145208ns          474646 1c00940e 034787b3 mul              x15, x15, x20       x15=00000000 x15:00000000 x20:0000001c
27145248ns          474648 1c009412 033585b3 mul              x11, x11, x19       x11=00000120 x11:fffffff7 x19:ffffffe0
27145268ns          474649 1c009416 40a75713 srai             x14, x14, 0x40a     x14=00000001 x14:00000400
27145288ns          474650 1c009418 40a5d593 srai             x11, x11, 0x40a     x11=00000000 x11:00000120
27145308ns          474651 1c00941a 40a65613 srai             x12, x12, 0x40a     x12=00000000 x12:00000310
27145328ns          474652 1c00941c 40a7d793 srai             x15, x15, 0x40a     x15=00000000 x15:00000000
27145347ns          474653 1c00941e 1c0034b7 lui              x9, 0x1c003000       x9=1c003000
27145367ns          474654 1c009422 00e60633 add              x12, x12, x14       x12=00000001 x12:00000000 x14:00000001
27145387ns          474655 1c009424 40b787b3 sub              x15, x15, x11       x15=00000000 x15:00000000 x11:00000000
27145407ns          474656 1c009426 eb048493 addi             x9, x9, -336         x9=1c002eb0  x9:1c003000
27145427ns          474657 1c00942a 1c0032b7 lui              x5, 0x1c003000       x5=1c003000
27145447ns          474658 1c00942e 1c0035b7 lui              x11, 0x1c003000     x11=1c003000
27145467ns          474659 1c009432 018483b3 add              x7, x9, x24          x7=1c002eb4  x9:1c002eb0 x24:00000004
27145487ns          474660 1c009436 02812e83 lw               x29, 40(x2)         x29=1c002ec4  x2:100014d8  PA:10001500
27145507ns          474661 1c009438 10065633 p.exthz          x12, x12, x0        x12=00000001 x12:00000001
27145526ns          474662 1c00943c e8028293 addi             x5, x5, -384         x5=1c002e80  x5:1c003000
27145546ns          474663 1c009440 ea058593 addi             x11, x11, -352      x11=1c002ea0 x11:1c003000
27145566ns          474664 1c009444 03812483 lw               x9, 56(x2)           x9=1c002ee4  x2:100014d8  PA:10001510
27145586ns          474665 1c009446 10064733 p.exths          x14, x12, x0        x14=00000001 x12:00000001
27145606ns          474666 1c00944a 018280b3 add              x1, x5, x24          x1=1c002e84  x5:1c002e80 x24:00000004
27145626ns          474667 1c00944e 03012f03 lw               x30, 48(x2)         x30=1c002ed4  x2:100014d8  PA:10001508
27145646ns          474668 1c009450 018582b3 add              x5, x11, x24         x5=1c002ea4 x11:1c002ea0 x24:00000004
27145666ns          474669 1c009454 04012583 lw               x11, 64(x2)         x11=1c002ef4  x2:100014d8  PA:10001518
27145686ns          474670 1c009456 000edd83 lhu              x27, 0(x29)         x27=00001384 x29:1c002ec4  PA:1c002ec4
27145984ns          474685 1c00945a 0004d483 lhu              x9, 0(x9)            x9=0000018e  x9:1c002ee4  PA:1c002ee4
27146282ns          474700 1c00945e 02e70333 mul              x6, x14, x14         x6=00000001 x14:00000001 x14:00000001
27146302ns          474701 1c009462 40a55513 srai             x10, x10, 0x40a     x10=00000000 x10:00000000
27146322ns          474702 1c009464 04812e83 lw               x29, 72(x2)         x29=1c002f04  x2:100014d8  PA:10001520
27146342ns          474703 1c009466 40a6d693 srai             x13, x13, 0x40a     x13=ffffffff x13:ffffff04
27146362ns          474704 1c009468 000f5d03 lhu              x26, 0(x30)         x26=000004cd x30:1c002ed4  PA:1c002ed4
27146660ns          474719 1c00946c 0005d583 lhu              x11, 0(x11)         x11=00000098 x11:1c002ef4  PA:1c002ef4
27146998ns          474736 1c009470 40a35313 srai             x6, x6, 0x40a        x6=00000000  x6:00000001
27147018ns          474737 1c009474 00a686b3 add              x13, x13, x10       x13=ffffffff x13:ffffffff x10:00000000
27147038ns          474738 1c009476 05012f03 lw               x30, 80(x2)         x30=1c002e74  x2:100014d8  PA:10001528
27147058ns          474739 1c009478 10034e33 p.exths          x28, x6, x0         x28=00000000  x6:00000000
27147078ns          474740 1c00947c 06911023 sh               x9, 96(x2)           x9:0000018e  x2:100014d8  PA:10001538
27147098ns          474741 1c009480 000ede83 lhu              x29, 0(x29)         x29=00000041 x29:1c002f04  PA:1c002f04
27147396ns          474756 1c009484 05812483 lw               x9, 88(x2)           x9=1c002e64  x2:100014d8  PA:10001530
27147416ns          474757 1c009486 1006d6b3 p.exthz          x13, x13, x0        x13=0000ffff x13:ffffffff
27147436ns          474758 1c00948a 02ee08b3 mul              x17, x28, x14       x17=00000000 x28:00000000 x14:00000001
27147456ns          474759 1c00948e 1006c833 p.exths          x16, x13, x0        x16=ffffffff x13:0000ffff
27147476ns          474760 1c009492 06b11823 sh               x11, 112(x2)        x11:00000098  x2:100014d8  PA:10001548
27147495ns          474761 1c009496 000f5f03 lhu              x30, 0(x30)         x30=0000ff03 x30:1c002e74  PA:1c002e74
27147794ns          474776 1c00949a 0a012583 lw               x11, 160(x2)        x11=1c002e94  x2:100014d8  PA:10001578
27147814ns          474777 1c00949c 1007d7b3 p.exthz          x15, x15, x0        x15=00000000 x15:00000000
27147833ns          474778 1c0094a0 0004da03 lhu              x20, 0(x9)          x20=0000fb92  x9:1c002e64  PA:1c002e64
27148152ns          474794 1c0094a4 1007c533 p.exths          x10, x15, x0        x10=00000000 x15:00000000
27148172ns          474795 1c0094a8 09d11023 sh               x29, 128(x2)        x29:00000041  x2:100014d8  PA:10001558
27148191ns          474796 1c0094ac 0003d483 lhu              x9, 0(x7)            x9=0000ffd9  x7:1c002eb4  PA:1c002eb4
27148510ns          474812 1c0094b0 02e80eb3 mul              x29, x16, x14       x29=ffffffff x16:ffffffff x14:00000001
27148530ns          474813 1c0094b4 40a8d893 srai             x17, x17, 0x40a     x17=00000000 x17:00000000
27148549ns          474814 1c0094b8 03c80833 mul              x16, x16, x28       x16=00000000 x16:ffffffff x28:00000000
27148569ns          474815 1c0094bc 09e11823 sh               x30, 144(x2)        x30:0000ff03  x2:100014d8  PA:10001568
27148589ns          474816 1c0094c0 0005d983 lhu              x19, 0(x11)         x19=0000ffa8 x11:1c002e94  PA:1c002e94
27148888ns          474831 1c0094c4 81c88f5b p.muls           x30, x17, x28       x30=00000000 x17:00000000 x28:00000000
27148907ns          474832 1c0094c8 0002d583 lhu              x11, 0(x5)          x11=0000ff87  x5:1c002ea4  PA:1c002ea4
27149345ns          474854 1c0094cc 03ce0fb3 mul              x31, x28, x28       x31=00000000 x28:00000000 x28:00000000
27149365ns          474855 1c0094d0 02e50733 mul              x14, x10, x14       x14=00000000 x10:00000000 x14:00000001
27149385ns          474856 1c0094d4 40a85813 srai             x16, x16, 0x40a     x16=00000000 x16:00000000
27149405ns          474857 1c0094d8 03c50533 mul              x10, x10, x28       x10=00000000 x10:00000000 x28:00000000
27149425ns          474858 1c0094dc 07015e03 lhu              x28, 112(x2)        x28=00000098  x2:100014d8  PA:10001548
27149484ns          474861 1c0094e0 01b60633 add              x12, x12, x27       x12=00001385 x12:00000001 x27:00001384
27149504ns          474862 1c0094e2 00980833 add              x16, x16, x9        x16=0000ffd9 x16:00000000  x9:0000ffd9
27149524ns          474863 1c0094e4 06015d83 lhu              x27, 96(x2)         x27=0000018e  x2:100014d8  PA:10001538
27149544ns          474864 1c0094e8 02812483 lw               x9, 40(x2)           x9=1c002ec4  x2:100014d8  PA:10001500
27149564ns          474865 1c0094ea 40afdf93 srai             x31, x31, 0x40a     x31=00000000 x31:00000000
27149584ns          474866 1c0094ee 40a55513 srai             x10, x10, 0x40a     x10=00000000 x10:00000000
27149604ns          474867 1c0094f0 01cf8fb3 add              x31, x31, x28       x31=00000098 x31:00000000 x28:00000098
27149623ns          474868 1c0094f2 00b50533 add              x10, x10, x11       x10=0000ff87 x10:00000000 x11:0000ff87
27149643ns          474869 1c0094f4 09015e03 lhu              x28, 144(x2)        x28=0000ff03  x2:100014d8  PA:10001568
27149663ns          474870 1c0094f8 03012583 lw               x11, 48(x2)         x11=1c002ed4  x2:100014d8  PA:10001508
27149683ns          474871 1c0094fa 00c49023 sh               x12, 0(x9)          x12:00001385  x9:1c002ec4  PA:1c002ec4
27150001ns          474887 1c0094fe 01b888b3 add              x17, x17, x27       x17=0000018e x17:00000000 x27:0000018e
27150021ns          474888 1c009500 01a30333 add              x6, x6, x26          x6=000004cd  x6:00000000 x26:000004cd
27150041ns          474889 1c009502 08015d83 lhu              x27, 128(x2)        x27=00000041  x2:100014d8  PA:10001558
27150061ns          474890 1c009506 0000d903 lhu              x18, 0(x1)          x18=0000febe  x1:1c002e84  PA:1c002e84
27150359ns          474905 1c00950a 01c686b3 add              x13, x13, x28       x13=0001ff02 x13:0000ffff x28:0000ff03
27150379ns          474906 1c00950c 00659023 sh               x6, 0(x11)           x6:000004cd x11:1c002ed4  PA:1c002ed4
27150697ns          474922 1c009510 40af5f13 srai             x30, x30, 0x40a     x30=00000000 x30:00000000
27150717ns          474923 1c009514 04812e03 lw               x28, 72(x2)         x28=1c002f04  x2:100014d8  PA:10001520
27150737ns          474924 1c009516 01bf0f33 add              x30, x30, x27       x30=00000041 x30:00000000 x27:00000041
27150757ns          474925 1c009518 40aede93 srai             x29, x29, 0x40a     x29=ffffffff x29:ffffffff
27150777ns          474926 1c00951c 40a75713 srai             x14, x14, 0x40a     x14=00000000 x14:00000000
27150797ns          474927 1c00951e 03812603 lw               x12, 56(x2)         x12=1c002ee4  x2:100014d8  PA:10001510
27150817ns          474928 1c009520 04012d83 lw               x27, 64(x2)         x27=1c002ef4  x2:100014d8  PA:10001518
27150837ns          474929 1c009522 01ee1023 sh               x30, 0(x28)         x30:00000041 x28:1c002f04  PA:1c002f04
27151175ns          474946 1c009526 05812483 lw               x9, 88(x2)           x9=1c002e64  x2:100014d8  PA:10001530
27151195ns          474947 1c009528 05012f03 lw               x30, 80(x2)         x30=1c002e74  x2:100014d8  PA:10001528
27151214ns          474948 1c00952a 0a012583 lw               x11, 160(x2)        x11=1c002e94  x2:100014d8  PA:10001578
27151234ns          474949 1c00952c 014787b3 add              x15, x15, x20       x15=0000fb92 x15:00000000 x20:0000fb92
27151254ns          474950 1c00952e 013e8eb3 add              x29, x29, x19       x29=0000ffa7 x29:ffffffff x19:0000ffa8
27151274ns          474951 1c009530 01270733 add              x14, x14, x18       x14=0000febe x14:00000000 x18:0000febe
27151294ns          474952 1c009532 00f49023 sh               x15, 0(x9)          x15:0000fb92  x9:1c002e64  PA:1c002e64
27151652ns          474970 1c009536 01161023 sh               x17, 0(x12)         x17:0000018e x12:1c002ee4  PA:1c002ee4
27151970ns          474986 1c00953a 01fd9023 sh               x31, 0(x27)         x31:00000098 x27:1c002ef4  PA:1c002ef4
27152328ns          475004 1c00953e 00df1023 sh               x13, 0(x30)         x13:0001ff02 x30:1c002e74  PA:1c002e74
27152646ns          475020 1c009542 01d59023 sh               x29, 0(x11)         x29:0000ffa7 x11:1c002e94  PA:1c002e94
27152965ns          475036 1c009546 00e09023 sh               x14, 0(x1)          x14:0000febe  x1:1c002e84  PA:1c002e84
27153283ns          475052 1c00954a 01039023 sh               x16, 0(x7)          x16:0000ffd9  x7:1c002eb4  PA:1c002eb4
27153601ns          475068 1c00954e 00a29023 sh               x10, 0(x5)          x10:0000ff87  x5:1c002ea4  PA:1c002ea4
27153919ns          475084 1c009552 008b0b13 addi             x22, x22, 8         x22=0000012a x22:00000122
27153939ns          475085 1c009554 1f300793 addi             x15, x0, 499        x15=000001f3
27153959ns          475086 1c009558 e767dae3 bge              x15, x22, -396      x15:000001f3 x22:0000012a
27154019ns          475089 1c0093cc 010c9a0b p.lh             x20, 16(x25!)       x20=00000194 x25=1c0028ec x25:1c0028dc  PA:1c0028dc
27154357ns          475106 1c0093d0 0104198b p.lh             x19, 16(x8!)        x19=ffffffd0  x8=1c0020b4  x8:1c0020a4  PA:1c0020a4
27154675ns          475122 1c0093d4 2cc10513 addi             x10, x2, 716        x10=100017a4  x2:100014d8
27154695ns          475123 1c0093d6 010a990b p.lh             x18, 16(x21!)       x18=00000187 x21=1c0018e0 x21:1c0018d0  PA:1c0018d0
27154993ns          475138 1c0093da 010b948b p.lh             x9, 16(x23!)         x9=ffffff9d x23=1c001110 x23:1c001100  PA:1c001100
27155291ns          475153 1c0093de 2d411623 sh               x20, 716(x2)        x20:00000194  x2:100014d8  PA:100017a4
27155311ns          475154 1c0093e2 2d311723 sh               x19, 718(x2)        x19:ffffffd0  x2:100014d8  PA:100017a6
27155331ns          475155 1c0093e6 c33ff0ef jal              x1, -974             x1=1c0093e8
27155371ns          475157 1c009018 00051803 lh               x16, 0(x10)         x16=00000194 x10:100017a4  PA:100017a4
27155391ns          475158 1c00901c 00251883 lh               x17, 2(x10)         x17=ffffffd0 x10:100017a4  PA:100017a6
27155431ns          475160 1c009020 030806b3 mul              x13, x16, x16       x13=00027d90 x16:00000194 x16:00000194
27155451ns          475161 1c009024 03188633 mul              x12, x17, x17       x12=00000900 x17:ffffffd0 x17:ffffffd0
27155470ns          475162 1c009028 40a65613 srai             x12, x12, 0x40a     x12=00000002 x12:00000900
27155490ns          475163 1c00902a 40a6d693 srai             x13, x13, 0x40a     x13=0000009f x13:00027d90
27155510ns          475164 1c00902c 00c686b3 add              x13, x13, x12       x13=000000a1 x13:0000009f x12:00000002
27155530ns          475165 1c00902e 1006c633 p.exths          x12, x13, x0        x12=000000a1 x13:000000a1
27155550ns          475166 1c009032 00855703 lhu              x14, 8(x10)         x14=0000ffd1 x10:100017a4  PA:100017ac
27155570ns          475167 1c009036 00a55683 lhu              x13, 10(x10)        x13=0000ff6a x10:100017a4  PA:100017ae
27155590ns          475168 1c00903a 02c60333 mul              x6, x12, x12         x6=00006541 x12:000000a1 x12:000000a1
27155610ns          475169 1c00903e 00c55783 lhu              x15, 12(x10)        x15=0000ffe5 x10:100017a4  PA:100017b0
27155630ns          475170 1c009042 00e55583 lhu              x11, 14(x10)        x11=00000060 x10:100017a4  PA:100017b2
27155649ns          475171 1c009046 dea30333 p.extract        x6, x6, 15, 10       x6=00000019  x6:00006541
27155669ns          475172 1c00904a 80c7075b p.muls           x14, x14, x12       x14=ffffe271 x14:0000ffd1 x12:000000a1
27155689ns          475173 1c00904e 80c686db p.muls           x13, x13, x12       x13=ffffa1aa x13:0000ff6a x12:000000a1
27155709ns          475174 1c009052 00455e83 lhu              x29, 4(x10)         x29=00000427 x10:100017a4  PA:100017a8
27155729ns          475175 1c009056 00655e03 lhu              x28, 6(x10)         x28=0000007f x10:100017a4  PA:100017aa
27155749ns          475176 1c00905a 40a75713 srai             x14, x14, 0x40a     x14=fffffff8 x14:ffffe271
27155769ns          475177 1c00905c 806787db p.muls           x15, x15, x6        x15=fffffd5d x15:0000ffe5  x6:00000019
27155789ns          475178 1c009060 40a6d693 srai             x13, x13, 0x40a     x13=ffffffe8 x13:ffffa1aa
27155809ns          475179 1c009062 8065865b p.muls           x12, x11, x6        x12=00000960 x11:00000060  x6:00000019
27155828ns          475180 1c009066 40a7d793 srai             x15, x15, 0x40a     x15=ffffffff x15:fffffd5d
27155848ns          475181 1c009068 40a65613 srai             x12, x12, 0x40a     x12=00000002 x12:00000960
27155868ns          475182 1c00906a 01d70733 add              x14, x14, x29       x14=0000041f x14:fffffff8 x29:00000427
27155888ns          475183 1c00906c 01c686b3 add              x13, x13, x28       x13=00000067 x13:ffffffe8 x28:0000007f
27155908ns          475184 1c00906e 00c686b3 add              x13, x13, x12       x13=00000069 x13:00000067 x12:00000002
27155928ns          475185 1c009070 00f70733 add              x14, x14, x15       x14=0000041e x14:0000041f x15:ffffffff
27155948ns          475186 1c009072 100747b3 p.exths          x15, x14, x0        x15=0000041e x14:0000041e
27155968ns          475187 1c009076 1006c733 p.exths          x14, x13, x0        x14=00000069 x13:00000069
27155988ns          475188 1c00907a 03170633 mul              x12, x14, x17       x12=ffffec50 x14:00000069 x17:ffffffd0
27156007ns          475189 1c00907e 030786b3 mul              x13, x15, x16       x13=00067f58 x15:0000041e x16:00000194
27156027ns          475190 1c009082 03070733 mul              x14, x14, x16       x14=0000a5b4 x14:00000069 x16:00000194
27156047ns          475191 1c009086 031787b3 mul              x15, x15, x17       x15=ffff3a60 x15:0000041e x17:ffffffd0
27156067ns          475192 1c00908a 40a6d693 srai             x13, x13, 0x40a     x13=0000019f x13:00067f58
27156087ns          475193 1c00908c 40a65613 srai             x12, x12, 0x40a     x12=fffffffb x12:ffffec50
27156107ns          475194 1c00908e 40a7d793 srai             x15, x15, 0x40a     x15=ffffffce x15:ffff3a60
27156127ns          475195 1c009090 40a75713 srai             x14, x14, 0x40a     x14=00000029 x14:0000a5b4
27156147ns          475196 1c009092 40c686b3 sub              x13, x13, x12       x13=000001a4 x13:0000019f x12:fffffffb
27156167ns          475197 1c009094 00e787b3 add              x15, x15, x14       x15=fffffff7 x15:ffffffce x14:00000029
27156186ns          475198 1c009096 00d51823 sh               x13, 16(x10)        x13:000001a4 x10:100017a4  PA:100017b4
27156206ns          475199 1c00909a 00f51923 sh               x15, 18(x10)        x15:fffffff7 x10:100017a4  PA:100017b6
27156226ns          475200 1c00909e 00008067 jalr             x0, x1, 0            x1:1c0093e8
27156286ns          475203 1c0093e8 2dc15583 lhu              x11, 732(x2)        x11=000001a4  x2:100014d8  PA:100017b4
27156326ns          475205 1c0093ec 2de15783 lhu              x15, 734(x2)        x15=0000fff7  x2:100014d8  PA:100017b6
27156346ns          475206 1c0093f0 40b90933 sub              x18, x18, x11       x18=ffffffe3 x18:00000187 x11:000001a4
27156365ns          475207 1c0093f4 40f484b3 sub              x9, x9, x15          x9=fffeffa6  x9:ffffff9d x15:0000fff7
27156385ns          475208 1c0093f6 100945b3 p.exths          x11, x18, x0        x11=ffffffe3 x18:ffffffe3
27156405ns          475209 1c0093fa 1004c7b3 p.exths          x15, x9, x0         x15=ffffffa6  x9:fffeffa6
27156425ns          475210 1c0093fe 034586b3 mul              x13, x11, x20       x13=ffffd23c x11:ffffffe3 x20:00000194
27156445ns          475211 1c009402 03378533 mul              x10, x15, x19       x10=000010e0 x15:ffffffa6 x19:ffffffd0
27156465ns          475212 1c009406 034a0633 mul              x12, x20, x20       x12=00027d90 x20:00000194 x20:00000194
27156485ns          475213 1c00940a 03398733 mul              x14, x19, x19       x14=00000900 x19:ffffffd0 x19:ffffffd0
27156525ns          475215 1c00940e 034787b3 mul              x15, x15, x20       x15=ffff71f8 x15:ffffffa6 x20:00000194
27156564ns          475217 1c009412 033585b3 mul              x11, x11, x19       x11=00000570 x11:ffffffe3 x19:ffffffd0
27156584ns          475218 1c009416 40a75713 srai             x14, x14, 0x40a     x14=00000002 x14:00000900
27156604ns          475219 1c009418 40a5d593 srai             x11, x11, 0x40a     x11=00000001 x11:00000570
27156624ns          475220 1c00941a 40a65613 srai             x12, x12, 0x40a     x12=0000009f x12:00027d90
27156644ns          475221 1c00941c 40a7d793 srai             x15, x15, 0x40a     x15=ffffffdc x15:ffff71f8
27156664ns          475222 1c00941e 1c0034b7 lui              x9, 0x1c003000       x9=1c003000
27156684ns          475223 1c009422 00e60633 add              x12, x12, x14       x12=000000a1 x12:0000009f x14:00000002
27156704ns          475224 1c009424 40b787b3 sub              x15, x15, x11       x15=ffffffdb x15:ffffffdc x11:00000001
27156723ns          475225 1c009426 eb048493 addi             x9, x9, -336         x9=1c002eb0  x9:1c003000
27156743ns          475226 1c00942a 1c0032b7 lui              x5, 0x1c003000       x5=1c003000
27156763ns          475227 1c00942e 1c0035b7 lui              x11, 0x1c003000     x11=1c003000
27156783ns          475228 1c009432 018483b3 add              x7, x9, x24          x7=1c002eb4  x9:1c002eb0 x24:00000004
27156803ns          475229 1c009436 02812e83 lw               x29, 40(x2)         x29=1c002ec4  x2:100014d8  PA:10001500
27156823ns          475230 1c009438 10065633 p.exthz          x12, x12, x0        x12=000000a1 x12:000000a1
27156843ns          475231 1c00943c e8028293 addi             x5, x5, -384         x5=1c002e80  x5:1c003000
27156883ns          475233 1c009440 ea058593 addi             x11, x11, -352      x11=1c002ea0 x11:1c003000
27156922ns          475235 1c009444 03812483 lw               x9, 56(x2)           x9=1c002ee4  x2:100014d8  PA:10001510
27156942ns          475236 1c009446 10064733 p.exths          x14, x12, x0        x14=000000a1 x12:000000a1
27156962ns          475237 1c00944a 018280b3 add              x1, x5, x24          x1=1c002e84  x5:1c002e80 x24:00000004
27156982ns          475238 1c00944e 03012f03 lw               x30, 48(x2)         x30=1c002ed4  x2:100014d8  PA:10001508
27157022ns          475240 1c009450 018582b3 add              x5, x11, x24         x5=1c002ea4 x11:1c002ea0 x24:00000004
27157062ns          475242 1c009454 04012583 lw               x11, 64(x2)         x11=1c002ef4  x2:100014d8  PA:10001518
27157081ns          475243 1c009456 000edd83 lhu              x27, 0(x29)         x27=00001385 x29:1c002ec4  PA:1c002ec4
27157400ns          475259 1c00945a 0004d483 lhu              x9, 0(x9)            x9=0000018e  x9:1c002ee4  PA:1c002ee4
27157698ns          475274 1c00945e 02e70333 mul              x6, x14, x14         x6=00006541 x14:000000a1 x14:000000a1
27157718ns          475275 1c009462 40a55513 srai             x10, x10, 0x40a     x10=00000004 x10:000010e0
27157738ns          475276 1c009464 04812e83 lw               x29, 72(x2)         x29=1c002f04  x2:100014d8  PA:10001520
27157758ns          475277 1c009466 40a6d693 srai             x13, x13, 0x40a     x13=fffffff4 x13:ffffd23c
27157777ns          475278 1c009468 000f5d03 lhu              x26, 0(x30)         x26=000004cd x30:1c002ed4  PA:1c002ed4
27158076ns          475293 1c00946c 0005d583 lhu              x11, 0(x11)         x11=00000098 x11:1c002ef4  PA:1c002ef4
27158394ns          475309 1c009470 40a35313 srai             x6, x6, 0x40a        x6=00000019  x6:00006541
27158414ns          475310 1c009474 00a686b3 add              x13, x13, x10       x13=fffffff8 x13:fffffff4 x10:00000004
27158434ns          475311 1c009476 05012f03 lw               x30, 80(x2)         x30=1c002e74  x2:100014d8  PA:10001528
27158454ns          475312 1c009478 10034e33 p.exths          x28, x6, x0         x28=00000019  x6:00000019
27158474ns          475313 1c00947c 06911023 sh               x9, 96(x2)           x9:0000018e  x2:100014d8  PA:10001538
27158493ns          475314 1c009480 000ede83 lhu              x29, 0(x29)         x29=00000041 x29:1c002f04  PA:1c002f04
27158792ns          475329 1c009484 05812483 lw               x9, 88(x2)           x9=1c002e64  x2:100014d8  PA:10001530
27158812ns          475330 1c009486 1006d6b3 p.exthz          x13, x13, x0        x13=0000fff8 x13:fffffff8
27158832ns          475331 1c00948a 02ee08b3 mul              x17, x28, x14       x17=00000fb9 x28:00000019 x14:000000a1
27158851ns          475332 1c00948e 1006c833 p.exths          x16, x13, x0        x16=fffffff8 x13:0000fff8
27158871ns          475333 1c009492 06b11823 sh               x11, 112(x2)        x11:00000098  x2:100014d8  PA:10001548
27158891ns          475334 1c009496 000f5f03 lhu              x30, 0(x30)         x30=0000ff02 x30:1c002e74  PA:1c002e74
27159190ns          475349 1c00949a 0a012583 lw               x11, 160(x2)        x11=1c002e94  x2:100014d8  PA:10001578
27159209ns          475350 1c00949c 1007d7b3 p.exthz          x15, x15, x0        x15=0000ffdb x15:ffffffdb
27159229ns          475351 1c0094a0 0004da03 lhu              x20, 0(x9)          x20=0000fb92  x9:1c002e64  PA:1c002e64
27159587ns          475369 1c0094a4 1007c533 p.exths          x10, x15, x0        x10=ffffffdb x15:0000ffdb
27159607ns          475370 1c0094a8 09d11023 sh               x29, 128(x2)        x29:00000041  x2:100014d8  PA:10001558
27159627ns          475371 1c0094ac 0003d483 lhu              x9, 0(x7)            x9=0000ffd9  x7:1c002eb4  PA:1c002eb4
27159985ns          475389 1c0094b0 02e80eb3 mul              x29, x16, x14       x29=fffffaf8 x16:fffffff8 x14:000000a1
27160005ns          475390 1c0094b4 40a8d893 srai             x17, x17, 0x40a     x17=00000003 x17:00000fb9
27160025ns          475391 1c0094b8 03c80833 mul              x16, x16, x28       x16=ffffff38 x16:fffffff8 x28:00000019
27160045ns          475392 1c0094bc 09e11823 sh               x30, 144(x2)        x30:0000ff02  x2:100014d8  PA:10001568
27160065ns          475393 1c0094c0 0005d983 lhu              x19, 0(x11)         x19=0000ffa7 x11:1c002e94  PA:1c002e94
27160423ns          475411 1c0094c4 81c88f5b p.muls           x30, x17, x28       x30=0000004b x17:00000003 x28:00000019
27160442ns          475412 1c0094c8 0002d583 lhu              x11, 0(x5)          x11=0000ff87  x5:1c002ea4  PA:1c002ea4
27160800ns          475430 1c0094cc 03ce0fb3 mul              x31, x28, x28       x31=00000271 x28:00000019 x28:00000019
27160820ns          475431 1c0094d0 02e50733 mul              x14, x10, x14       x14=ffffe8bb x10:ffffffdb x14:000000a1
27160840ns          475432 1c0094d4 40a85813 srai             x16, x16, 0x40a     x16=ffffffff x16:ffffff38
27160860ns          475433 1c0094d8 03c50533 mul              x10, x10, x28       x10=fffffc63 x10:ffffffdb x28:00000019
27160880ns          475434 1c0094dc 07015e03 lhu              x28, 112(x2)        x28=00000098  x2:100014d8  PA:10001548
27160900ns          475435 1c0094e0 01b60633 add              x12, x12, x27       x12=00001426 x12:000000a1 x27:00001385
27160920ns          475436 1c0094e2 00980833 add              x16, x16, x9        x16=0000ffd8 x16:ffffffff  x9:0000ffd9
27160940ns          475437 1c0094e4 06015d83 lhu              x27, 96(x2)         x27=0000018e  x2:100014d8  PA:10001538
27160960ns          475438 1c0094e8 02812483 lw               x9, 40(x2)           x9=1c002ec4  x2:100014d8  PA:10001500
27160979ns          475439 1c0094ea 40afdf93 srai             x31, x31, 0x40a     x31=00000000 x31:00000271
27160999ns          475440 1c0094ee 40a55513 srai             x10, x10, 0x40a     x10=ffffffff x10:fffffc63
27161019ns          475441 1c0094f0 01cf8fb3 add              x31, x31, x28       x31=00000098 x31:00000000 x28:00000098
27161039ns          475442 1c0094f2 00b50533 add              x10, x10, x11       x10=0000ff86 x10:ffffffff x11:0000ff87
27161059ns          475443 1c0094f4 09015e03 lhu              x28, 144(x2)        x28=0000ff02  x2:100014d8  PA:10001568
27161079ns          475444 1c0094f8 03012583 lw               x11, 48(x2)         x11=1c002ed4  x2:100014d8  PA:10001508
27161099ns          475445 1c0094fa 00c49023 sh               x12, 0(x9)          x12:00001426  x9:1c002ec4  PA:1c002ec4
27161417ns          475461 1c0094fe 01b888b3 add              x17, x17, x27       x17=00000191 x17:00000003 x27:0000018e
27161437ns          475462 1c009500 01a30333 add              x6, x6, x26          x6=000004e6  x6:00000019 x26:000004cd
27161457ns          475463 1c009502 08015d83 lhu              x27, 128(x2)        x27=00000041  x2:100014d8  PA:10001558
27161477ns          475464 1c009506 0000d903 lhu              x18, 0(x1)          x18=0000febe  x1:1c002e84  PA:1c002e84
27161795ns          475480 1c00950a 01c686b3 add              x13, x13, x28       x13=0001fefa x13:0000fff8 x28:0000ff02
27161815ns          475481 1c00950c 00659023 sh               x6, 0(x11)           x6:000004e6 x11:1c002ed4  PA:1c002ed4
27162133ns          475497 1c009510 40af5f13 srai             x30, x30, 0x40a     x30=00000000 x30:0000004b
27162153ns          475498 1c009514 04812e03 lw               x28, 72(x2)         x28=1c002f04  x2:100014d8  PA:10001520
27162173ns          475499 1c009516 01bf0f33 add              x30, x30, x27       x30=00000041 x30:00000000 x27:00000041
27162193ns          475500 1c009518 40aede93 srai             x29, x29, 0x40a     x29=fffffffe x29:fffffaf8
27162213ns          475501 1c00951c 40a75713 srai             x14, x14, 0x40a     x14=fffffffa x14:ffffe8bb
27162232ns          475502 1c00951e 03812603 lw               x12, 56(x2)         x12=1c002ee4  x2:100014d8  PA:10001510
27162252ns          475503 1c009520 04012d83 lw               x27, 64(x2)         x27=1c002ef4  x2:100014d8  PA:10001518
27162272ns          475504 1c009522 01ee1023 sh               x30, 0(x28)         x30:00000041 x28:1c002f04  PA:1c002f04
27162590ns          475520 1c009526 05812483 lw               x9, 88(x2)           x9=1c002e64  x2:100014d8  PA:10001530
27162610ns          475521 1c009528 05012f03 lw               x30, 80(x2)         x30=1c002e74  x2:100014d8  PA:10001528
27162630ns          475522 1c00952a 0a012583 lw               x11, 160(x2)        x11=1c002e94  x2:100014d8  PA:10001578
27162650ns          475523 1c00952c 014787b3 add              x15, x15, x20       x15=0001fb6d x15:0000ffdb x20:0000fb92
27162670ns          475524 1c00952e 013e8eb3 add              x29, x29, x19       x29=0000ffa5 x29:fffffffe x19:0000ffa7
27162690ns          475525 1c009530 01270733 add              x14, x14, x18       x14=0000feb8 x14:fffffffa x18:0000febe
27162710ns          475526 1c009532 00f49023 sh               x15, 0(x9)          x15:0001fb6d  x9:1c002e64  PA:1c002e64
27163048ns          475543 1c009536 01161023 sh               x17, 0(x12)         x17:00000191 x12:1c002ee4  PA:1c002ee4
27163406ns          475561 1c00953a 01fd9023 sh               x31, 0(x27)         x31:00000098 x27:1c002ef4  PA:1c002ef4
27163764ns          475579 1c00953e 00df1023 sh               x13, 0(x30)         x13:0001fefa x30:1c002e74  PA:1c002e74
27164102ns          475596 1c009542 01d59023 sh               x29, 0(x11)         x29:0000ffa5 x11:1c002e94  PA:1c002e94
27164440ns          475613 1c009546 00e09023 sh               x14, 0(x1)          x14:0000feb8  x1:1c002e84  PA:1c002e84
27164758ns          475629 1c00954a 01039023 sh               x16, 0(x7)          x16:0000ffd8  x7:1c002eb4  PA:1c002eb4
27165076ns          475645 1c00954e 00a29023 sh               x10, 0(x5)          x10:0000ff86  x5:1c002ea4  PA:1c002ea4
27165395ns          475661 1c009552 008b0b13 addi             x22, x22, 8         x22=00000132 x22:0000012a
27165414ns          475662 1c009554 1f300793 addi             x15, x0, 499        x15=000001f3
27165434ns          475663 1c009558 e767dae3 bge              x15, x22, -396      x15:000001f3 x22:00000132
27165534ns          475668 1c0093cc 010c9a0b p.lh             x20, 16(x25!)       x20=ffffffb7 x25=1c0028fc x25:1c0028ec  PA:1c0028ec
27165872ns          475685 1c0093d0 0104198b p.lh             x19, 16(x8!)        x19=00000036  x8=1c0020c4  x8:1c0020b4  PA:1c0020b4
27166170ns          475700 1c0093d4 2cc10513 addi             x10, x2, 716        x10=100017a4  x2:100014d8
27166190ns          475701 1c0093d6 010a990b p.lh             x18, 16(x21!)       x18=ffffffaf x21=1c0018f0 x21:1c0018e0  PA:1c0018e0
27166548ns          475719 1c0093da 010b948b p.lh             x9, 16(x23!)         x9=0000002e x23=1c001120 x23:1c001110  PA:1c001110
27166846ns          475734 1c0093de 2d411623 sh               x20, 716(x2)        x20:ffffffb7  x2:100014d8  PA:100017a4
27166866ns          475735 1c0093e2 2d311723 sh               x19, 718(x2)        x19:00000036  x2:100014d8  PA:100017a6
27166886ns          475736 1c0093e6 c33ff0ef jal              x1, -974             x1=1c0093e8
27166926ns          475738 1c009018 00051803 lh               x16, 0(x10)         x16=ffffffb7 x10:100017a4  PA:100017a4
27166946ns          475739 1c00901c 00251883 lh               x17, 2(x10)         x17=00000036 x10:100017a4  PA:100017a6
27166966ns          475740 1c009020 030806b3 mul              x13, x16, x16       x13=000014d1 x16:ffffffb7 x16:ffffffb7
27166986ns          475741 1c009024 03188633 mul              x12, x17, x17       x12=00000b64 x17:00000036 x17:00000036
27167006ns          475742 1c009028 40a65613 srai             x12, x12, 0x40a     x12=00000002 x12:00000b64
27167025ns          475743 1c00902a 40a6d693 srai             x13, x13, 0x40a     x13=00000005 x13:000014d1
27167045ns          475744 1c00902c 00c686b3 add              x13, x13, x12       x13=00000007 x13:00000005 x12:00000002
27167065ns          475745 1c00902e 1006c633 p.exths          x12, x13, x0        x12=00000007 x13:00000007
27167085ns          475746 1c009032 00855703 lhu              x14, 8(x10)         x14=0000ffd1 x10:100017a4  PA:100017ac
27167105ns          475747 1c009036 00a55683 lhu              x13, 10(x10)        x13=0000ff6a x10:100017a4  PA:100017ae
27167125ns          475748 1c00903a 02c60333 mul              x6, x12, x12         x6=00000031 x12:00000007 x12:00000007
27167145ns          475749 1c00903e 00c55783 lhu              x15, 12(x10)        x15=0000ffe5 x10:100017a4  PA:100017b0
27167165ns          475750 1c009042 00e55583 lhu              x11, 14(x10)        x11=00000060 x10:100017a4  PA:100017b2
27167185ns          475751 1c009046 dea30333 p.extract        x6, x6, 15, 10       x6=00000000  x6:00000031
27167204ns          475752 1c00904a 80c7075b p.muls           x14, x14, x12       x14=fffffeb7 x14:0000ffd1 x12:00000007
27167244ns          475754 1c00904e 80c686db p.muls           x13, x13, x12       x13=fffffbe6 x13:0000ff6a x12:00000007
27167284ns          475756 1c009052 00455e83 lhu              x29, 4(x10)         x29=00000427 x10:100017a4  PA:100017a8
27167304ns          475757 1c009056 00655e03 lhu              x28, 6(x10)         x28=0000007f x10:100017a4  PA:100017aa
27167324ns          475758 1c00905a 40a75713 srai             x14, x14, 0x40a     x14=ffffffff x14:fffffeb7
27167344ns          475759 1c00905c 806787db p.muls           x15, x15, x6        x15=00000000 x15:0000ffe5  x6:00000000
27167364ns          475760 1c009060 40a6d693 srai             x13, x13, 0x40a     x13=fffffffe x13:fffffbe6
27167383ns          475761 1c009062 8065865b p.muls           x12, x11, x6        x12=00000000 x11:00000060  x6:00000000
27167403ns          475762 1c009066 40a7d793 srai             x15, x15, 0x40a     x15=00000000 x15:00000000
27167423ns          475763 1c009068 40a65613 srai             x12, x12, 0x40a     x12=00000000 x12:00000000
27167443ns          475764 1c00906a 01d70733 add              x14, x14, x29       x14=00000426 x14:ffffffff x29:00000427
27167463ns          475765 1c00906c 01c686b3 add              x13, x13, x28       x13=0000007d x13:fffffffe x28:0000007f
27167483ns          475766 1c00906e 00c686b3 add              x13, x13, x12       x13=0000007d x13:0000007d x12:00000000
27167503ns          475767 1c009070 00f70733 add              x14, x14, x15       x14=00000426 x14:00000426 x15:00000000
27167523ns          475768 1c009072 100747b3 p.exths          x15, x14, x0        x15=00000426 x14:00000426
27167542ns          475769 1c009076 1006c733 p.exths          x14, x13, x0        x14=0000007d x13:0000007d
27167562ns          475770 1c00907a 03170633 mul              x12, x14, x17       x12=00001a5e x14:0000007d x17:00000036
27167582ns          475771 1c00907e 030786b3 mul              x13, x15, x16       x13=fffed12a x15:00000426 x16:ffffffb7
27167602ns          475772 1c009082 03070733 mul              x14, x14, x16       x14=ffffdc5b x14:0000007d x16:ffffffb7
27167622ns          475773 1c009086 031787b3 mul              x15, x15, x17       x15=0000e004 x15:00000426 x17:00000036
27167642ns          475774 1c00908a 40a6d693 srai             x13, x13, 0x40a     x13=ffffffb4 x13:fffed12a
27167662ns          475775 1c00908c 40a65613 srai             x12, x12, 0x40a     x12=00000006 x12:00001a5e
27167682ns          475776 1c00908e 40a7d793 srai             x15, x15, 0x40a     x15=00000038 x15:0000e004
27167702ns          475777 1c009090 40a75713 srai             x14, x14, 0x40a     x14=fffffff7 x14:ffffdc5b
27167721ns          475778 1c009092 40c686b3 sub              x13, x13, x12       x13=ffffffae x13:ffffffb4 x12:00000006
27167741ns          475779 1c009094 00e787b3 add              x15, x15, x14       x15=0000002f x15:00000038 x14:fffffff7
27167761ns          475780 1c009096 00d51823 sh               x13, 16(x10)        x13:ffffffae x10:100017a4  PA:100017b4
27167781ns          475781 1c00909a 00f51923 sh               x15, 18(x10)        x15:0000002f x10:100017a4  PA:100017b6
27167801ns          475782 1c00909e 00008067 jalr             x0, x1, 0            x1:1c0093e8
27167861ns          475785 1c0093e8 2dc15583 lhu              x11, 732(x2)        x11=0000ffae  x2:100014d8  PA:100017b4
27167881ns          475786 1c0093ec 2de15783 lhu              x15, 734(x2)        x15=0000002f  x2:100014d8  PA:100017b6
27167900ns          475787 1c0093f0 40b90933 sub              x18, x18, x11       x18=ffff0001 x18:ffffffaf x11:0000ffae
27167920ns          475788 1c0093f4 40f484b3 sub              x9, x9, x15          x9=ffffffff  x9:0000002e x15:0000002f
27167940ns          475789 1c0093f6 100945b3 p.exths          x11, x18, x0        x11=00000001 x18:ffff0001
27167960ns          475790 1c0093fa 1004c7b3 p.exths          x15, x9, x0         x15=ffffffff  x9:ffffffff
27167980ns          475791 1c0093fe 034586b3 mul              x13, x11, x20       x13=ffffffb7 x11:00000001 x20:ffffffb7
27168000ns          475792 1c009402 03378533 mul              x10, x15, x19       x10=ffffffca x15:ffffffff x19:00000036
27168020ns          475793 1c009406 034a0633 mul              x12, x20, x20       x12=000014d1 x20:ffffffb7 x20:ffffffb7
27168040ns          475794 1c00940a 03398733 mul              x14, x19, x19       x14=00000b64 x19:00000036 x19:00000036
27168060ns          475795 1c00940e 034787b3 mul              x15, x15, x20       x15=00000049 x15:ffffffff x20:ffffffb7
27168079ns          475796 1c009412 033585b3 mul              x11, x11, x19       x11=00000036 x11:00000001 x19:00000036
27168099ns          475797 1c009416 40a75713 srai             x14, x14, 0x40a     x14=00000002 x14:00000b64
27168119ns          475798 1c009418 40a5d593 srai             x11, x11, 0x40a     x11=00000000 x11:00000036
27168139ns          475799 1c00941a 40a65613 srai             x12, x12, 0x40a     x12=00000005 x12:000014d1
27168159ns          475800 1c00941c 40a7d793 srai             x15, x15, 0x40a     x15=00000000 x15:00000049
27168179ns          475801 1c00941e 1c0034b7 lui              x9, 0x1c003000       x9=1c003000
27168199ns          475802 1c009422 00e60633 add              x12, x12, x14       x12=00000007 x12:00000005 x14:00000002
27168219ns          475803 1c009424 40b787b3 sub              x15, x15, x11       x15=00000000 x15:00000000 x11:00000000
27168239ns          475804 1c009426 eb048493 addi             x9, x9, -336         x9=1c002eb0  x9:1c003000
27168258ns          475805 1c00942a 1c0032b7 lui              x5, 0x1c003000       x5=1c003000
27168278ns          475806 1c00942e 1c0035b7 lui              x11, 0x1c003000     x11=1c003000
27168298ns          475807 1c009432 018483b3 add              x7, x9, x24          x7=1c002eb4  x9:1c002eb0 x24:00000004
27168318ns          475808 1c009436 02812e83 lw               x29, 40(x2)         x29=1c002ec4  x2:100014d8  PA:10001500
27168338ns          475809 1c009438 10065633 p.exthz          x12, x12, x0        x12=00000007 x12:00000007
27168358ns          475810 1c00943c e8028293 addi             x5, x5, -384         x5=1c002e80  x5:1c003000
27168378ns          475811 1c009440 ea058593 addi             x11, x11, -352      x11=1c002ea0 x11:1c003000
27168398ns          475812 1c009444 03812483 lw               x9, 56(x2)           x9=1c002ee4  x2:100014d8  PA:10001510
27168418ns          475813 1c009446 10064733 p.exths          x14, x12, x0        x14=00000007 x12:00000007
27168437ns          475814 1c00944a 018280b3 add              x1, x5, x24          x1=1c002e84  x5:1c002e80 x24:00000004
27168457ns          475815 1c00944e 03012f03 lw               x30, 48(x2)         x30=1c002ed4  x2:100014d8  PA:10001508
27168477ns          475816 1c009450 018582b3 add              x5, x11, x24         x5=1c002ea4 x11:1c002ea0 x24:00000004
27168497ns          475817 1c009454 04012583 lw               x11, 64(x2)         x11=1c002ef4  x2:100014d8  PA:10001518
27168517ns          475818 1c009456 000edd83 lhu              x27, 0(x29)         x27=00001426 x29:1c002ec4  PA:1c002ec4
27168835ns          475834 1c00945a 0004d483 lhu              x9, 0(x9)            x9=00000191  x9:1c002ee4  PA:1c002ee4
27169233ns          475854 1c00945e 02e70333 mul              x6, x14, x14         x6=00000031 x14:00000007 x14:00000007
27169253ns          475855 1c009462 40a55513 srai             x10, x10, 0x40a     x10=ffffffff x10:ffffffca
27169273ns          475856 1c009464 04812e83 lw               x29, 72(x2)         x29=1c002f04  x2:100014d8  PA:10001520
27169293ns          475857 1c009466 40a6d693 srai             x13, x13, 0x40a     x13=ffffffff x13:ffffffb7
27169313ns          475858 1c009468 000f5d03 lhu              x26, 0(x30)         x26=000004e6 x30:1c002ed4  PA:1c002ed4
27169671ns          475876 1c00946c 0005d583 lhu              x11, 0(x11)         x11=00000098 x11:1c002ef4  PA:1c002ef4
27169969ns          475891 1c009470 40a35313 srai             x6, x6, 0x40a        x6=00000000  x6:00000031
27169989ns          475892 1c009474 00a686b3 add              x13, x13, x10       x13=fffffffe x13:ffffffff x10:ffffffff
27170009ns          475893 1c009476 05012f03 lw               x30, 80(x2)         x30=1c002e74  x2:100014d8  PA:10001528
27170028ns          475894 1c009478 10034e33 p.exths          x28, x6, x0         x28=00000000  x6:00000000
27170048ns          475895 1c00947c 06911023 sh               x9, 96(x2)           x9:00000191  x2:100014d8  PA:10001538
27170068ns          475896 1c009480 000ede83 lhu              x29, 0(x29)         x29=00000041 x29:1c002f04  PA:1c002f04
27170386ns          475912 1c009484 05812483 lw               x9, 88(x2)           x9=1c002e64  x2:100014d8  PA:10001530
27170406ns          475913 1c009486 1006d6b3 p.exthz          x13, x13, x0        x13=0000fffe x13:fffffffe
27170426ns          475914 1c00948a 02ee08b3 mul              x17, x28, x14       x17=00000000 x28:00000000 x14:00000007
27170446ns          475915 1c00948e 1006c833 p.exths          x16, x13, x0        x16=fffffffe x13:0000fffe
27170466ns          475916 1c009492 06b11823 sh               x11, 112(x2)        x11:00000098  x2:100014d8  PA:10001548
27170486ns          475917 1c009496 000f5f03 lhu              x30, 0(x30)         x30=0000fefa x30:1c002e74  PA:1c002e74
27170784ns          475932 1c00949a 0a012583 lw               x11, 160(x2)        x11=1c002e94  x2:100014d8  PA:10001578
27170804ns          475933 1c00949c 1007d7b3 p.exthz          x15, x15, x0        x15=00000000 x15:00000000
27170824ns          475934 1c0094a0 0004da03 lhu              x20, 0(x9)          x20=0000fb6d  x9:1c002e64  PA:1c002e64
27171122ns          475949 1c0094a4 1007c533 p.exths          x10, x15, x0        x10=00000000 x15:00000000
27171142ns          475950 1c0094a8 09d11023 sh               x29, 128(x2)        x29:00000041  x2:100014d8  PA:10001558
27171162ns          475951 1c0094ac 0003d483 lhu              x9, 0(x7)            x9=0000ffd8  x7:1c002eb4  PA:1c002eb4
27171460ns          475966 1c0094b0 02e80eb3 mul              x29, x16, x14       x29=fffffff2 x16:fffffffe x14:00000007
27171480ns          475967 1c0094b4 40a8d893 srai             x17, x17, 0x40a     x17=00000000 x17:00000000
27171500ns          475968 1c0094b8 03c80833 mul              x16, x16, x28       x16=00000000 x16:fffffffe x28:00000000
27171520ns          475969 1c0094bc 09e11823 sh               x30, 144(x2)        x30:0000fefa  x2:100014d8  PA:10001568
27171540ns          475970 1c0094c0 0005d983 lhu              x19, 0(x11)         x19=0000ffa5 x11:1c002e94  PA:1c002e94
27171838ns          475985 1c0094c4 81c88f5b p.muls           x30, x17, x28       x30=00000000 x17:00000000 x28:00000000
27171858ns          475986 1c0094c8 0002d583 lhu              x11, 0(x5)          x11=0000ff86  x5:1c002ea4  PA:1c002ea4
27172157ns          476001 1c0094cc 03ce0fb3 mul              x31, x28, x28       x31=00000000 x28:00000000 x28:00000000
27172176ns          476002 1c0094d0 02e50733 mul              x14, x10, x14       x14=00000000 x10:00000000 x14:00000007
27172196ns          476003 1c0094d4 40a85813 srai             x16, x16, 0x40a     x16=00000000 x16:00000000
27172216ns          476004 1c0094d8 03c50533 mul              x10, x10, x28       x10=00000000 x10:00000000 x28:00000000
27172236ns          476005 1c0094dc 07015e03 lhu              x28, 112(x2)        x28=00000098  x2:100014d8  PA:10001548
27172256ns          476006 1c0094e0 01b60633 add              x12, x12, x27       x12=0000142d x12:00000007 x27:00001426
27172276ns          476007 1c0094e2 00980833 add              x16, x16, x9        x16=0000ffd8 x16:00000000  x9:0000ffd8
27172296ns          476008 1c0094e4 06015d83 lhu              x27, 96(x2)         x27=00000191  x2:100014d8  PA:10001538
27172316ns          476009 1c0094e8 02812483 lw               x9, 40(x2)           x9=1c002ec4  x2:100014d8  PA:10001500
27172336ns          476010 1c0094ea 40afdf93 srai             x31, x31, 0x40a     x31=00000000 x31:00000000
27172355ns          476011 1c0094ee 40a55513 srai             x10, x10, 0x40a     x10=00000000 x10:00000000
27172375ns          476012 1c0094f0 01cf8fb3 add              x31, x31, x28       x31=00000098 x31:00000000 x28:00000098
27172395ns          476013 1c0094f2 00b50533 add              x10, x10, x11       x10=0000ff86 x10:00000000 x11:0000ff86
27172415ns          476014 1c0094f4 09015e03 lhu              x28, 144(x2)        x28=0000fefa  x2:100014d8  PA:10001568
27172435ns          476015 1c0094f8 03012583 lw               x11, 48(x2)         x11=1c002ed4  x2:100014d8  PA:10001508
27172455ns          476016 1c0094fa 00c49023 sh               x12, 0(x9)          x12:0000142d  x9:1c002ec4  PA:1c002ec4
27172773ns          476032 1c0094fe 01b888b3 add              x17, x17, x27       x17=00000191 x17:00000000 x27:00000191
27172793ns          476033 1c009500 01a30333 add              x6, x6, x26          x6=000004e6  x6:00000000 x26:000004e6
27172813ns          476034 1c009502 08015d83 lhu              x27, 128(x2)        x27=00000041  x2:100014d8  PA:10001558
27172833ns          476035 1c009506 0000d903 lhu              x18, 0(x1)          x18=0000feb8  x1:1c002e84  PA:1c002e84
27173230ns          476055 1c00950a 01c686b3 add              x13, x13, x28       x13=0001fef8 x13:0000fffe x28:0000fefa
27173250ns          476056 1c00950c 00659023 sh               x6, 0(x11)           x6:000004e6 x11:1c002ed4  PA:1c002ed4
27173588ns          476073 1c009510 40af5f13 srai             x30, x30, 0x40a     x30=00000000 x30:00000000
27173608ns          476074 1c009514 04812e03 lw               x28, 72(x2)         x28=1c002f04  x2:100014d8  PA:10001520
27173628ns          476075 1c009516 01bf0f33 add              x30, x30, x27       x30=00000041 x30:00000000 x27:00000041
27173648ns          476076 1c009518 40aede93 srai             x29, x29, 0x40a     x29=ffffffff x29:fffffff2
27173668ns          476077 1c00951c 40a75713 srai             x14, x14, 0x40a     x14=00000000 x14:00000000
27173688ns          476078 1c00951e 03812603 lw               x12, 56(x2)         x12=1c002ee4  x2:100014d8  PA:10001510
27173708ns          476079 1c009520 04012d83 lw               x27, 64(x2)         x27=1c002ef4  x2:100014d8  PA:10001518
27173728ns          476080 1c009522 01ee1023 sh               x30, 0(x28)         x30:00000041 x28:1c002f04  PA:1c002f04
27174046ns          476096 1c009526 05812483 lw               x9, 88(x2)           x9=1c002e64  x2:100014d8  PA:10001530
27174066ns          476097 1c009528 05012f03 lw               x30, 80(x2)         x30=1c002e74  x2:100014d8  PA:10001528
27174086ns          476098 1c00952a 0a012583 lw               x11, 160(x2)        x11=1c002e94  x2:100014d8  PA:10001578
27174106ns          476099 1c00952c 014787b3 add              x15, x15, x20       x15=0000fb6d x15:00000000 x20:0000fb6d
27174125ns          476100 1c00952e 013e8eb3 add              x29, x29, x19       x29=0000ffa4 x29:ffffffff x19:0000ffa5
27174145ns          476101 1c009530 01270733 add              x14, x14, x18       x14=0000feb8 x14:00000000 x18:0000feb8
27174165ns          476102 1c009532 00f49023 sh               x15, 0(x9)          x15:0000fb6d  x9:1c002e64  PA:1c002e64
27174483ns          476118 1c009536 01161023 sh               x17, 0(x12)         x17:00000191 x12:1c002ee4  PA:1c002ee4
27174802ns          476134 1c00953a 01fd9023 sh               x31, 0(x27)         x31:00000098 x27:1c002ef4  PA:1c002ef4
27175120ns          476150 1c00953e 00df1023 sh               x13, 0(x30)         x13:0001fef8 x30:1c002e74  PA:1c002e74
27175478ns          476168 1c009542 01d59023 sh               x29, 0(x11)         x29:0000ffa4 x11:1c002e94  PA:1c002e94
27175796ns          476184 1c009546 00e09023 sh               x14, 0(x1)          x14:0000feb8  x1:1c002e84  PA:1c002e84
27176114ns          476200 1c00954a 01039023 sh               x16, 0(x7)          x16:0000ffd8  x7:1c002eb4  PA:1c002eb4
27176432ns          476216 1c00954e 00a29023 sh               x10, 0(x5)          x10:0000ff86  x5:1c002ea4  PA:1c002ea4
27176751ns          476232 1c009552 008b0b13 addi             x22, x22, 8         x22=0000013a x22:00000132
27176771ns          476233 1c009554 1f300793 addi             x15, x0, 499        x15=000001f3
27176790ns          476234 1c009558 e767dae3 bge              x15, x22, -396      x15:000001f3 x22:0000013a
27176890ns          476239 1c0093cc 010c9a0b p.lh             x20, 16(x25!)       x20=ffffff17 x25=1c00290c x25:1c0028fc  PA:1c0028fc
27177208ns          476255 1c0093d0 0104198b p.lh             x19, 16(x8!)        x19=0000009c  x8=1c0020d4  x8:1c0020c4  PA:1c0020c4
27177546ns          476272 1c0093d4 2cc10513 addi             x10, x2, 716        x10=100017a4  x2:100014d8
27177566ns          476273 1c0093d6 010a990b p.lh             x18, 16(x21!)       x18=ffffff1b x21=1c001900 x21:1c0018f0  PA:1c0018f0
27177864ns          476288 1c0093da 010b948b p.lh             x9, 16(x23!)         x9=000000ac x23=1c001130 x23:1c001120  PA:1c001120
27178183ns          476304 1c0093de 2d411623 sh               x20, 716(x2)        x20:ffffff17  x2:100014d8  PA:100017a4
27178202ns          476305 1c0093e2 2d311723 sh               x19, 718(x2)        x19:0000009c  x2:100014d8  PA:100017a6
27178222ns          476306 1c0093e6 c33ff0ef jal              x1, -974             x1=1c0093e8
27178302ns          476310 1c009018 00051803 lh               x16, 0(x10)         x16=ffffff17 x10:100017a4  PA:100017a4
27178342ns          476312 1c00901c 00251883 lh               x17, 2(x10)         x17=0000009c x10:100017a4  PA:100017a6
27178362ns          476313 1c009020 030806b3 mul              x13, x16, x16       x13=0000d411 x16:ffffff17 x16:ffffff17
27178381ns          476314 1c009024 03188633 mul              x12, x17, x17       x12=00005f10 x17:0000009c x17:0000009c
27178401ns          476315 1c009028 40a65613 srai             x12, x12, 0x40a     x12=00000017 x12:00005f10
27178421ns          476316 1c00902a 40a6d693 srai             x13, x13, 0x40a     x13=00000035 x13:0000d411
27178441ns          476317 1c00902c 00c686b3 add              x13, x13, x12       x13=0000004c x13:00000035 x12:00000017
27178461ns          476318 1c00902e 1006c633 p.exths          x12, x13, x0        x12=0000004c x13:0000004c
27178481ns          476319 1c009032 00855703 lhu              x14, 8(x10)         x14=0000ffd1 x10:100017a4  PA:100017ac
27178501ns          476320 1c009036 00a55683 lhu              x13, 10(x10)        x13=0000ff6a x10:100017a4  PA:100017ae
27178521ns          476321 1c00903a 02c60333 mul              x6, x12, x12         x6=00001690 x12:0000004c x12:0000004c
27178541ns          476322 1c00903e 00c55783 lhu              x15, 12(x10)        x15=0000ffe5 x10:100017a4  PA:100017b0
27178560ns          476323 1c009042 00e55583 lhu              x11, 14(x10)        x11=00000060 x10:100017a4  PA:100017b2
27178580ns          476324 1c009046 dea30333 p.extract        x6, x6, 15, 10       x6=00000005  x6:00001690
27178600ns          476325 1c00904a 80c7075b p.muls           x14, x14, x12       x14=fffff20c x14:0000ffd1 x12:0000004c
27178620ns          476326 1c00904e 80c686db p.muls           x13, x13, x12       x13=ffffd378 x13:0000ff6a x12:0000004c
27178640ns          476327 1c009052 00455e83 lhu              x29, 4(x10)         x29=00000427 x10:100017a4  PA:100017a8
27178660ns          476328 1c009056 00655e03 lhu              x28, 6(x10)         x28=0000007f x10:100017a4  PA:100017aa
27178680ns          476329 1c00905a 40a75713 srai             x14, x14, 0x40a     x14=fffffffc x14:fffff20c
27178700ns          476330 1c00905c 806787db p.muls           x15, x15, x6        x15=ffffff79 x15:0000ffe5  x6:00000005
27178720ns          476331 1c009060 40a6d693 srai             x13, x13, 0x40a     x13=fffffff4 x13:ffffd378
27178759ns          476333 1c009062 8065865b p.muls           x12, x11, x6        x12=000001e0 x11:00000060  x6:00000005
27178779ns          476334 1c009066 40a7d793 srai             x15, x15, 0x40a     x15=ffffffff x15:ffffff79
27178799ns          476335 1c009068 40a65613 srai             x12, x12, 0x40a     x12=00000000 x12:000001e0
27178819ns          476336 1c00906a 01d70733 add              x14, x14, x29       x14=00000423 x14:fffffffc x29:00000427
27178839ns          476337 1c00906c 01c686b3 add              x13, x13, x28       x13=00000073 x13:fffffff4 x28:0000007f
27178859ns          476338 1c00906e 00c686b3 add              x13, x13, x12       x13=00000073 x13:00000073 x12:00000000
27178879ns          476339 1c009070 00f70733 add              x14, x14, x15       x14=00000422 x14:00000423 x15:ffffffff
27178899ns          476340 1c009072 100747b3 p.exths          x15, x14, x0        x15=00000422 x14:00000422
27178918ns          476341 1c009076 1006c733 p.exths          x14, x13, x0        x14=00000073 x13:00000073
27178938ns          476342 1c00907a 03170633 mul              x12, x14, x17       x12=00004614 x14:00000073 x17:0000009c
27178958ns          476343 1c00907e 030786b3 mul              x13, x15, x16       x13=fffc3d0e x15:00000422 x16:ffffff17
27178978ns          476344 1c009082 03070733 mul              x14, x14, x16       x14=ffff9755 x14:00000073 x16:ffffff17
27178998ns          476345 1c009086 031787b3 mul              x15, x15, x17       x15=000284b8 x15:00000422 x17:0000009c
27179018ns          476346 1c00908a 40a6d693 srai             x13, x13, 0x40a     x13=ffffff0f x13:fffc3d0e
27179038ns          476347 1c00908c 40a65613 srai             x12, x12, 0x40a     x12=00000011 x12:00004614
27179058ns          476348 1c00908e 40a7d793 srai             x15, x15, 0x40a     x15=000000a1 x15:000284b8
27179078ns          476349 1c009090 40a75713 srai             x14, x14, 0x40a     x14=ffffffe5 x14:ffff9755
27179097ns          476350 1c009092 40c686b3 sub              x13, x13, x12       x13=fffffefe x13:ffffff0f x12:00000011
27179117ns          476351 1c009094 00e787b3 add              x15, x15, x14       x15=00000086 x15:000000a1 x14:ffffffe5
27179137ns          476352 1c009096 00d51823 sh               x13, 16(x10)        x13:fffffefe x10:100017a4  PA:100017b4
27179157ns          476353 1c00909a 00f51923 sh               x15, 18(x10)        x15:00000086 x10:100017a4  PA:100017b6
27179177ns          476354 1c00909e 00008067 jalr             x0, x1, 0            x1:1c0093e8
27179217ns          476356 1c0093e8 2dc15583 lhu              x11, 732(x2)        x11=0000fefe  x2:100014d8  PA:100017b4
27179237ns          476357 1c0093ec 2de15783 lhu              x15, 734(x2)        x15=00000086  x2:100014d8  PA:100017b6
27179257ns          476358 1c0093f0 40b90933 sub              x18, x18, x11       x18=ffff001d x18:ffffff1b x11:0000fefe
27179276ns          476359 1c0093f4 40f484b3 sub              x9, x9, x15          x9=00000026  x9:000000ac x15:00000086
27179296ns          476360 1c0093f6 100945b3 p.exths          x11, x18, x0        x11=0000001d x18:ffff001d
27179316ns          476361 1c0093fa 1004c7b3 p.exths          x15, x9, x0         x15=00000026  x9:00000026
27179336ns          476362 1c0093fe 034586b3 mul              x13, x11, x20       x13=ffffe59b x11:0000001d x20:ffffff17
27179356ns          476363 1c009402 03378533 mul              x10, x15, x19       x10=00001728 x15:00000026 x19:0000009c
27179376ns          476364 1c009406 034a0633 mul              x12, x20, x20       x12=0000d411 x20:ffffff17 x20:ffffff17
27179396ns          476365 1c00940a 03398733 mul              x14, x19, x19       x14=00005f10 x19:0000009c x19:0000009c
27179416ns          476366 1c00940e 034787b3 mul              x15, x15, x20       x15=ffffdd6a x15:00000026 x20:ffffff17
27179436ns          476367 1c009412 033585b3 mul              x11, x11, x19       x11=000011ac x11:0000001d x19:0000009c
27179455ns          476368 1c009416 40a75713 srai             x14, x14, 0x40a     x14=00000017 x14:00005f10
27179475ns          476369 1c009418 40a5d593 srai             x11, x11, 0x40a     x11=00000004 x11:000011ac
27179495ns          476370 1c00941a 40a65613 srai             x12, x12, 0x40a     x12=00000035 x12:0000d411
27179515ns          476371 1c00941c 40a7d793 srai             x15, x15, 0x40a     x15=fffffff7 x15:ffffdd6a
27179535ns          476372 1c00941e 1c0034b7 lui              x9, 0x1c003000       x9=1c003000
27179555ns          476373 1c009422 00e60633 add              x12, x12, x14       x12=0000004c x12:00000035 x14:00000017
27179575ns          476374 1c009424 40b787b3 sub              x15, x15, x11       x15=fffffff3 x15:fffffff7 x11:00000004
27179595ns          476375 1c009426 eb048493 addi             x9, x9, -336         x9=1c002eb0  x9:1c003000
27179615ns          476376 1c00942a 1c0032b7 lui              x5, 0x1c003000       x5=1c003000
27179634ns          476377 1c00942e 1c0035b7 lui              x11, 0x1c003000     x11=1c003000
27179654ns          476378 1c009432 018483b3 add              x7, x9, x24          x7=1c002eb4  x9:1c002eb0 x24:00000004
27179674ns          476379 1c009436 02812e83 lw               x29, 40(x2)         x29=1c002ec4  x2:100014d8  PA:10001500
27179694ns          476380 1c009438 10065633 p.exthz          x12, x12, x0        x12=0000004c x12:0000004c
27179714ns          476381 1c00943c e8028293 addi             x5, x5, -384         x5=1c002e80  x5:1c003000
27179734ns          476382 1c009440 ea058593 addi             x11, x11, -352      x11=1c002ea0 x11:1c003000
27179754ns          476383 1c009444 03812483 lw               x9, 56(x2)           x9=1c002ee4  x2:100014d8  PA:10001510
27179774ns          476384 1c009446 10064733 p.exths          x14, x12, x0        x14=0000004c x12:0000004c
27179794ns          476385 1c00944a 018280b3 add              x1, x5, x24          x1=1c002e84  x5:1c002e80 x24:00000004
27179813ns          476386 1c00944e 03012f03 lw               x30, 48(x2)         x30=1c002ed4  x2:100014d8  PA:10001508
27179833ns          476387 1c009450 018582b3 add              x5, x11, x24         x5=1c002ea4 x11:1c002ea0 x24:00000004
27179853ns          476388 1c009454 04012583 lw               x11, 64(x2)         x11=1c002ef4  x2:100014d8  PA:10001518
27179873ns          476389 1c009456 000edd83 lhu              x27, 0(x29)         x27=0000142d x29:1c002ec4  PA:1c002ec4
27180291ns          476410 1c00945a 0004d483 lhu              x9, 0(x9)            x9=00000191  x9:1c002ee4  PA:1c002ee4
27180589ns          476425 1c00945e 02e70333 mul              x6, x14, x14         x6=00001690 x14:0000004c x14:0000004c
27180609ns          476426 1c009462 40a55513 srai             x10, x10, 0x40a     x10=00000005 x10:00001728
27180629ns          476427 1c009464 04812e83 lw               x29, 72(x2)         x29=1c002f04  x2:100014d8  PA:10001520
27180649ns          476428 1c009466 40a6d693 srai             x13, x13, 0x40a     x13=fffffff9 x13:ffffe59b
27180669ns          476429 1c009468 000f5d03 lhu              x26, 0(x30)         x26=000004e6 x30:1c002ed4  PA:1c002ed4
27180987ns          476445 1c00946c 0005d583 lhu              x11, 0(x11)         x11=00000098 x11:1c002ef4  PA:1c002ef4
27181385ns          476465 1c009470 40a35313 srai             x6, x6, 0x40a        x6=00000005  x6:00001690
27181404ns          476466 1c009474 00a686b3 add              x13, x13, x10       x13=fffffffe x13:fffffff9 x10:00000005
27181424ns          476467 1c009476 05012f03 lw               x30, 80(x2)         x30=1c002e74  x2:100014d8  PA:10001528
27181444ns          476468 1c009478 10034e33 p.exths          x28, x6, x0         x28=00000005  x6:00000005
27181464ns          476469 1c00947c 06911023 sh               x9, 96(x2)           x9:00000191  x2:100014d8  PA:10001538
27181484ns          476470 1c009480 000ede83 lhu              x29, 0(x29)         x29=00000041 x29:1c002f04  PA:1c002f04
27181782ns          476485 1c009484 05812483 lw               x9, 88(x2)           x9=1c002e64  x2:100014d8  PA:10001530
27181802ns          476486 1c009486 1006d6b3 p.exthz          x13, x13, x0        x13=0000fffe x13:fffffffe
27181822ns          476487 1c00948a 02ee08b3 mul              x17, x28, x14       x17=0000017c x28:00000005 x14:0000004c
27181842ns          476488 1c00948e 1006c833 p.exths          x16, x13, x0        x16=fffffffe x13:0000fffe
27181862ns          476489 1c009492 06b11823 sh               x11, 112(x2)        x11:00000098  x2:100014d8  PA:10001548
27181882ns          476490 1c009496 000f5f03 lhu              x30, 0(x30)         x30=0000fef8 x30:1c002e74  PA:1c002e74
27182180ns          476505 1c00949a 0a012583 lw               x11, 160(x2)        x11=1c002e94  x2:100014d8  PA:10001578
27182200ns          476506 1c00949c 1007d7b3 p.exthz          x15, x15, x0        x15=0000fff3 x15:fffffff3
27182220ns          476507 1c0094a0 0004da03 lhu              x20, 0(x9)          x20=0000fb6d  x9:1c002e64  PA:1c002e64
27182578ns          476525 1c0094a4 1007c533 p.exths          x10, x15, x0        x10=fffffff3 x15:0000fff3
27182598ns          476526 1c0094a8 09d11023 sh               x29, 128(x2)        x29:00000041  x2:100014d8  PA:10001558
27182618ns          476527 1c0094ac 0003d483 lhu              x9, 0(x7)            x9=0000ffd8  x7:1c002eb4  PA:1c002eb4
27182936ns          476543 1c0094b0 02e80eb3 mul              x29, x16, x14       x29=ffffff68 x16:fffffffe x14:0000004c
27182956ns          476544 1c0094b4 40a8d893 srai             x17, x17, 0x40a     x17=00000000 x17:0000017c
27182976ns          476545 1c0094b8 03c80833 mul              x16, x16, x28       x16=fffffff6 x16:fffffffe x28:00000005
27182995ns          476546 1c0094bc 09e11823 sh               x30, 144(x2)        x30:0000fef8  x2:100014d8  PA:10001568
27183015ns          476547 1c0094c0 0005d983 lhu              x19, 0(x11)         x19=0000ffa4 x11:1c002e94  PA:1c002e94
27183334ns          476563 1c0094c4 81c88f5b p.muls           x30, x17, x28       x30=00000000 x17:00000000 x28:00000005
27183353ns          476564 1c0094c8 0002d583 lhu              x11, 0(x5)          x11=0000ff86  x5:1c002ea4  PA:1c002ea4
27183711ns          476582 1c0094cc 03ce0fb3 mul              x31, x28, x28       x31=00000019 x28:00000005 x28:00000005
27183731ns          476583 1c0094d0 02e50733 mul              x14, x10, x14       x14=fffffc24 x10:fffffff3 x14:0000004c
27183751ns          476584 1c0094d4 40a85813 srai             x16, x16, 0x40a     x16=ffffffff x16:fffffff6
27183771ns          476585 1c0094d8 03c50533 mul              x10, x10, x28       x10=ffffffbf x10:fffffff3 x28:00000005
27183791ns          476586 1c0094dc 07015e03 lhu              x28, 112(x2)        x28=00000098  x2:100014d8  PA:10001548
27183831ns          476588 1c0094e0 01b60633 add              x12, x12, x27       x12=00001479 x12:0000004c x27:0000142d
27183851ns          476589 1c0094e2 00980833 add              x16, x16, x9        x16=0000ffd7 x16:ffffffff  x9:0000ffd8
27183871ns          476590 1c0094e4 06015d83 lhu              x27, 96(x2)         x27=00000191  x2:100014d8  PA:10001538
27183890ns          476591 1c0094e8 02812483 lw               x9, 40(x2)           x9=1c002ec4  x2:100014d8  PA:10001500
27183910ns          476592 1c0094ea 40afdf93 srai             x31, x31, 0x40a     x31=00000000 x31:00000019
27183930ns          476593 1c0094ee 40a55513 srai             x10, x10, 0x40a     x10=ffffffff x10:ffffffbf
27183950ns          476594 1c0094f0 01cf8fb3 add              x31, x31, x28       x31=00000098 x31:00000000 x28:00000098
27183970ns          476595 1c0094f2 00b50533 add              x10, x10, x11       x10=0000ff85 x10:ffffffff x11:0000ff86
27183990ns          476596 1c0094f4 09015e03 lhu              x28, 144(x2)        x28=0000fef8  x2:100014d8  PA:10001568
27184010ns          476597 1c0094f8 03012583 lw               x11, 48(x2)         x11=1c002ed4  x2:100014d8  PA:10001508
27184030ns          476598 1c0094fa 00c49023 sh               x12, 0(x9)          x12:00001479  x9:1c002ec4  PA:1c002ec4
27184348ns          476614 1c0094fe 01b888b3 add              x17, x17, x27       x17=00000191 x17:00000000 x27:00000191
27184368ns          476615 1c009500 01a30333 add              x6, x6, x26          x6=000004eb  x6:00000005 x26:000004e6
27184388ns          476616 1c009502 08015d83 lhu              x27, 128(x2)        x27=00000041  x2:100014d8  PA:10001558
27184408ns          476617 1c009506 0000d903 lhu              x18, 0(x1)          x18=0000feb8  x1:1c002e84  PA:1c002e84
27184746ns          476634 1c00950a 01c686b3 add              x13, x13, x28       x13=0001fef6 x13:0000fffe x28:0000fef8
27184766ns          476635 1c00950c 00659023 sh               x6, 0(x11)           x6:000004eb x11:1c002ed4  PA:1c002ed4
27185084ns          476651 1c009510 40af5f13 srai             x30, x30, 0x40a     x30=00000000 x30:00000000
27185104ns          476652 1c009514 04812e03 lw               x28, 72(x2)         x28=1c002f04  x2:100014d8  PA:10001520
27185123ns          476653 1c009516 01bf0f33 add              x30, x30, x27       x30=00000041 x30:00000000 x27:00000041
27185143ns          476654 1c009518 40aede93 srai             x29, x29, 0x40a     x29=ffffffff x29:ffffff68
27185163ns          476655 1c00951c 40a75713 srai             x14, x14, 0x40a     x14=ffffffff x14:fffffc24
27185183ns          476656 1c00951e 03812603 lw               x12, 56(x2)         x12=1c002ee4  x2:100014d8  PA:10001510
27185203ns          476657 1c009520 04012d83 lw               x27, 64(x2)         x27=1c002ef4  x2:100014d8  PA:10001518
27185223ns          476658 1c009522 01ee1023 sh               x30, 0(x28)         x30:00000041 x28:1c002f04  PA:1c002f04
27185561ns          476675 1c009526 05812483 lw               x9, 88(x2)           x9=1c002e64  x2:100014d8  PA:10001530
27185581ns          476676 1c009528 05012f03 lw               x30, 80(x2)         x30=1c002e74  x2:100014d8  PA:10001528
27185601ns          476677 1c00952a 0a012583 lw               x11, 160(x2)        x11=1c002e94  x2:100014d8  PA:10001578
27185621ns          476678 1c00952c 014787b3 add              x15, x15, x20       x15=0001fb60 x15:0000fff3 x20:0000fb6d
27185641ns          476679 1c00952e 013e8eb3 add              x29, x29, x19       x29=0000ffa3 x29:ffffffff x19:0000ffa4
27185660ns          476680 1c009530 01270733 add              x14, x14, x18       x14=0000feb7 x14:ffffffff x18:0000feb8
27185680ns          476681 1c009532 00f49023 sh               x15, 0(x9)          x15:0001fb60  x9:1c002e64  PA:1c002e64
27186078ns          476701 1c009536 01161023 sh               x17, 0(x12)         x17:00000191 x12:1c002ee4  PA:1c002ee4
27186396ns          476717 1c00953a 01fd9023 sh               x31, 0(x27)         x31:00000098 x27:1c002ef4  PA:1c002ef4
27186794ns          476737 1c00953e 00df1023 sh               x13, 0(x30)         x13:0001fef6 x30:1c002e74  PA:1c002e74
27187112ns          476753 1c009542 01d59023 sh               x29, 0(x11)         x29:0000ffa3 x11:1c002e94  PA:1c002e94
27187430ns          476769 1c009546 00e09023 sh               x14, 0(x1)          x14:0000feb7  x1:1c002e84  PA:1c002e84
27187749ns          476785 1c00954a 01039023 sh               x16, 0(x7)          x16:0000ffd7  x7:1c002eb4  PA:1c002eb4
27188067ns          476801 1c00954e 00a29023 sh               x10, 0(x5)          x10:0000ff85  x5:1c002ea4  PA:1c002ea4
27188385ns          476817 1c009552 008b0b13 addi             x22, x22, 8         x22=00000142 x22:0000013a
27188405ns          476818 1c009554 1f300793 addi             x15, x0, 499        x15=000001f3
27188425ns          476819 1c009558 e767dae3 bge              x15, x22, -396      x15:000001f3 x22:00000142
27188524ns          476824 1c0093cc 010c9a0b p.lh             x20, 16(x25!)       x20=fffffe24 x25=1c00291c x25:1c00290c  PA:1c00290c
27188862ns          476841 1c0093d0 0104198b p.lh             x19, 16(x8!)        x19=0000000a  x8=1c0020e4  x8:1c0020d4  PA:1c0020d4
27189240ns          476860 1c0093d4 2cc10513 addi             x10, x2, 716        x10=100017a4  x2:100014d8
27189260ns          476861 1c0093d6 010a990b p.lh             x18, 16(x21!)       x18=fffffe30 x21=1c001910 x21:1c001900  PA:1c001900
27189578ns          476877 1c0093da 010b948b p.lh             x9, 16(x23!)         x9=00000047 x23=1c001140 x23:1c001130  PA:1c001130
27189897ns          476893 1c0093de 2d411623 sh               x20, 716(x2)        x20:fffffe24  x2:100014d8  PA:100017a4
27189916ns          476894 1c0093e2 2d311723 sh               x19, 718(x2)        x19:0000000a  x2:100014d8  PA:100017a6
27189936ns          476895 1c0093e6 c33ff0ef jal              x1, -974             x1=1c0093e8
27189976ns          476897 1c009018 00051803 lh               x16, 0(x10)         x16=fffffe24 x10:100017a4  PA:100017a4
27189996ns          476898 1c00901c 00251883 lh               x17, 2(x10)         x17=0000000a x10:100017a4  PA:100017a6
27190056ns          476901 1c009020 030806b3 mul              x13, x16, x16       x13=00037510 x16:fffffe24 x16:fffffe24
27190095ns          476903 1c009024 03188633 mul              x12, x17, x17       x12=00000064 x17:0000000a x17:0000000a
27190115ns          476904 1c009028 40a65613 srai             x12, x12, 0x40a     x12=00000000 x12:00000064
27190135ns          476905 1c00902a 40a6d693 srai             x13, x13, 0x40a     x13=000000dd x13:00037510
27190155ns          476906 1c00902c 00c686b3 add              x13, x13, x12       x13=000000dd x13:000000dd x12:00000000
27190175ns          476907 1c00902e 1006c633 p.exths          x12, x13, x0        x12=000000dd x13:000000dd
27190195ns          476908 1c009032 00855703 lhu              x14, 8(x10)         x14=0000ffd1 x10:100017a4  PA:100017ac
27190215ns          476909 1c009036 00a55683 lhu              x13, 10(x10)        x13=0000ff6a x10:100017a4  PA:100017ae
27190235ns          476910 1c00903a 02c60333 mul              x6, x12, x12         x6=0000bec9 x12:000000dd x12:000000dd
27190255ns          476911 1c00903e 00c55783 lhu              x15, 12(x10)        x15=0000ffe5 x10:100017a4  PA:100017b0
27190274ns          476912 1c009042 00e55583 lhu              x11, 14(x10)        x11=00000060 x10:100017a4  PA:100017b2
27190294ns          476913 1c009046 dea30333 p.extract        x6, x6, 15, 10       x6=0000002f  x6:0000bec9
27190314ns          476914 1c00904a 80c7075b p.muls           x14, x14, x12       x14=ffffd76d x14:0000ffd1 x12:000000dd
27190334ns          476915 1c00904e 80c686db p.muls           x13, x13, x12       x13=ffff7e82 x13:0000ff6a x12:000000dd
27190354ns          476916 1c009052 00455e83 lhu              x29, 4(x10)         x29=00000427 x10:100017a4  PA:100017a8
27190374ns          476917 1c009056 00655e03 lhu              x28, 6(x10)         x28=0000007f x10:100017a4  PA:100017aa
27190394ns          476918 1c00905a 40a75713 srai             x14, x14, 0x40a     x14=fffffff5 x14:ffffd76d
27190414ns          476919 1c00905c 806787db p.muls           x15, x15, x6        x15=fffffb0b x15:0000ffe5  x6:0000002f
27190434ns          476920 1c009060 40a6d693 srai             x13, x13, 0x40a     x13=ffffffdf x13:ffff7e82
27190453ns          476921 1c009062 8065865b p.muls           x12, x11, x6        x12=000011a0 x11:00000060  x6:0000002f
27190473ns          476922 1c009066 40a7d793 srai             x15, x15, 0x40a     x15=fffffffe x15:fffffb0b
27190493ns          476923 1c009068 40a65613 srai             x12, x12, 0x40a     x12=00000004 x12:000011a0
27190513ns          476924 1c00906a 01d70733 add              x14, x14, x29       x14=0000041c x14:fffffff5 x29:00000427
27190533ns          476925 1c00906c 01c686b3 add              x13, x13, x28       x13=0000005e x13:ffffffdf x28:0000007f
27190553ns          476926 1c00906e 00c686b3 add              x13, x13, x12       x13=00000062 x13:0000005e x12:00000004
27190573ns          476927 1c009070 00f70733 add              x14, x14, x15       x14=0000041a x14:0000041c x15:fffffffe
27190593ns          476928 1c009072 100747b3 p.exths          x15, x14, x0        x15=0000041a x14:0000041a
27190613ns          476929 1c009076 1006c733 p.exths          x14, x13, x0        x14=00000062 x13:00000062
27190632ns          476930 1c00907a 03170633 mul              x12, x14, x17       x12=000003d4 x14:00000062 x17:0000000a
27190652ns          476931 1c00907e 030786b3 mul              x13, x15, x16       x13=fff85fa8 x15:0000041a x16:fffffe24
27190672ns          476932 1c009082 03070733 mul              x14, x14, x16       x14=ffff49c8 x14:00000062 x16:fffffe24
27190692ns          476933 1c009086 031787b3 mul              x15, x15, x17       x15=00002904 x15:0000041a x17:0000000a
27190712ns          476934 1c00908a 40a6d693 srai             x13, x13, 0x40a     x13=fffffe17 x13:fff85fa8
27190732ns          476935 1c00908c 40a65613 srai             x12, x12, 0x40a     x12=00000000 x12:000003d4
27190752ns          476936 1c00908e 40a7d793 srai             x15, x15, 0x40a     x15=0000000a x15:00002904
27190772ns          476937 1c009090 40a75713 srai             x14, x14, 0x40a     x14=ffffffd2 x14:ffff49c8
27190792ns          476938 1c009092 40c686b3 sub              x13, x13, x12       x13=fffffe17 x13:fffffe17 x12:00000000
27190811ns          476939 1c009094 00e787b3 add              x15, x15, x14       x15=ffffffdc x15:0000000a x14:ffffffd2
27190831ns          476940 1c009096 00d51823 sh               x13, 16(x10)        x13:fffffe17 x10:100017a4  PA:100017b4
27190851ns          476941 1c00909a 00f51923 sh               x15, 18(x10)        x15:ffffffdc x10:100017a4  PA:100017b6
27190871ns          476942 1c00909e 00008067 jalr             x0, x1, 0            x1:1c0093e8
27190911ns          476944 1c0093e8 2dc15583 lhu              x11, 732(x2)        x11=0000fe17  x2:100014d8  PA:100017b4
27190931ns          476945 1c0093ec 2de15783 lhu              x15, 734(x2)        x15=0000ffdc  x2:100014d8  PA:100017b6
27190951ns          476946 1c0093f0 40b90933 sub              x18, x18, x11       x18=ffff0019 x18:fffffe30 x11:0000fe17
27190971ns          476947 1c0093f4 40f484b3 sub              x9, x9, x15          x9=ffff006b  x9:00000047 x15:0000ffdc
27190990ns          476948 1c0093f6 100945b3 p.exths          x11, x18, x0        x11=00000019 x18:ffff0019
27191010ns          476949 1c0093fa 1004c7b3 p.exths          x15, x9, x0         x15=0000006b  x9:ffff006b
27191030ns          476950 1c0093fe 034586b3 mul              x13, x11, x20       x13=ffffd184 x11:00000019 x20:fffffe24
27191050ns          476951 1c009402 03378533 mul              x10, x15, x19       x10=0000042e x15:0000006b x19:0000000a
27191070ns          476952 1c009406 034a0633 mul              x12, x20, x20       x12=00037510 x20:fffffe24 x20:fffffe24
27191090ns          476953 1c00940a 03398733 mul              x14, x19, x19       x14=00000064 x19:0000000a x19:0000000a
27191150ns          476956 1c00940e 034787b3 mul              x15, x15, x20       x15=ffff390c x15:0000006b x20:fffffe24
27191189ns          476958 1c009412 033585b3 mul              x11, x11, x19       x11=000000fa x11:00000019 x19:0000000a
27191209ns          476959 1c009416 40a75713 srai             x14, x14, 0x40a     x14=00000000 x14:00000064
27191229ns          476960 1c009418 40a5d593 srai             x11, x11, 0x40a     x11=00000000 x11:000000fa
27191249ns          476961 1c00941a 40a65613 srai             x12, x12, 0x40a     x12=000000dd x12:00037510
27191269ns          476962 1c00941c 40a7d793 srai             x15, x15, 0x40a     x15=ffffffce x15:ffff390c
27191289ns          476963 1c00941e 1c0034b7 lui              x9, 0x1c003000       x9=1c003000
27191309ns          476964 1c009422 00e60633 add              x12, x12, x14       x12=000000dd x12:000000dd x14:00000000
27191329ns          476965 1c009424 40b787b3 sub              x15, x15, x11       x15=ffffffce x15:ffffffce x11:00000000
27191348ns          476966 1c009426 eb048493 addi             x9, x9, -336         x9=1c002eb0  x9:1c003000
27191368ns          476967 1c00942a 1c0032b7 lui              x5, 0x1c003000       x5=1c003000
27191388ns          476968 1c00942e 1c0035b7 lui              x11, 0x1c003000     x11=1c003000
27191408ns          476969 1c009432 018483b3 add              x7, x9, x24          x7=1c002eb4  x9:1c002eb0 x24:00000004
27191428ns          476970 1c009436 02812e83 lw               x29, 40(x2)         x29=1c002ec4  x2:100014d8  PA:10001500
27191448ns          476971 1c009438 10065633 p.exthz          x12, x12, x0        x12=000000dd x12:000000dd
27191468ns          476972 1c00943c e8028293 addi             x5, x5, -384         x5=1c002e80  x5:1c003000
27191508ns          476974 1c009440 ea058593 addi             x11, x11, -352      x11=1c002ea0 x11:1c003000
27191547ns          476976 1c009444 03812483 lw               x9, 56(x2)           x9=1c002ee4  x2:100014d8  PA:10001510
27191567ns          476977 1c009446 10064733 p.exths          x14, x12, x0        x14=000000dd x12:000000dd
27191587ns          476978 1c00944a 018280b3 add              x1, x5, x24          x1=1c002e84  x5:1c002e80 x24:00000004
27191607ns          476979 1c00944e 03012f03 lw               x30, 48(x2)         x30=1c002ed4  x2:100014d8  PA:10001508
27191647ns          476981 1c009450 018582b3 add              x5, x11, x24         x5=1c002ea4 x11:1c002ea0 x24:00000004
27191687ns          476983 1c009454 04012583 lw               x11, 64(x2)         x11=1c002ef4  x2:100014d8  PA:10001518
27191706ns          476984 1c009456 000edd83 lhu              x27, 0(x29)         x27=00001479 x29:1c002ec4  PA:1c002ec4
27192005ns          476999 1c00945a 0004d483 lhu              x9, 0(x9)            x9=00000191  x9:1c002ee4  PA:1c002ee4
27192323ns          477015 1c00945e 02e70333 mul              x6, x14, x14         x6=0000bec9 x14:000000dd x14:000000dd
27192343ns          477016 1c009462 40a55513 srai             x10, x10, 0x40a     x10=00000001 x10:0000042e
27192363ns          477017 1c009464 04812e83 lw               x29, 72(x2)         x29=1c002f04  x2:100014d8  PA:10001520
27192383ns          477018 1c009466 40a6d693 srai             x13, x13, 0x40a     x13=fffffff4 x13:ffffd184
27192402ns          477019 1c009468 000f5d03 lhu              x26, 0(x30)         x26=000004eb x30:1c002ed4  PA:1c002ed4
27192701ns          477034 1c00946c 0005d583 lhu              x11, 0(x11)         x11=00000098 x11:1c002ef4  PA:1c002ef4
27193019ns          477050 1c009470 40a35313 srai             x6, x6, 0x40a        x6=0000002f  x6:0000bec9
27193039ns          477051 1c009474 00a686b3 add              x13, x13, x10       x13=fffffff5 x13:fffffff4 x10:00000001
27193059ns          477052 1c009476 05012f03 lw               x30, 80(x2)         x30=1c002e74  x2:100014d8  PA:10001528
27193079ns          477053 1c009478 10034e33 p.exths          x28, x6, x0         x28=0000002f  x6:0000002f
27193099ns          477054 1c00947c 06911023 sh               x9, 96(x2)           x9:00000191  x2:100014d8  PA:10001538
27193118ns          477055 1c009480 000ede83 lhu              x29, 0(x29)         x29=00000041 x29:1c002f04  PA:1c002f04
27193476ns          477073 1c009484 05812483 lw               x9, 88(x2)           x9=1c002e64  x2:100014d8  PA:10001530
27193496ns          477074 1c009486 1006d6b3 p.exthz          x13, x13, x0        x13=0000fff5 x13:fffffff5
27193516ns          477075 1c00948a 02ee08b3 mul              x17, x28, x14       x17=00002893 x28:0000002f x14:000000dd
27193536ns          477076 1c00948e 1006c833 p.exths          x16, x13, x0        x16=fffffff5 x13:0000fff5
27193556ns          477077 1c009492 06b11823 sh               x11, 112(x2)        x11:00000098  x2:100014d8  PA:10001548
27193576ns          477078 1c009496 000f5f03 lhu              x30, 0(x30)         x30=0000fef6 x30:1c002e74  PA:1c002e74
27193874ns          477093 1c00949a 0a012583 lw               x11, 160(x2)        x11=1c002e94  x2:100014d8  PA:10001578
27193894ns          477094 1c00949c 1007d7b3 p.exthz          x15, x15, x0        x15=0000ffce x15:ffffffce
27193914ns          477095 1c0094a0 0004da03 lhu              x20, 0(x9)          x20=0000fb60  x9:1c002e64  PA:1c002e64
27194252ns          477112 1c0094a4 1007c533 p.exths          x10, x15, x0        x10=ffffffce x15:0000ffce
27194272ns          477113 1c0094a8 09d11023 sh               x29, 128(x2)        x29:00000041  x2:100014d8  PA:10001558
27194292ns          477114 1c0094ac 0003d483 lhu              x9, 0(x7)            x9=0000ffd7  x7:1c002eb4  PA:1c002eb4
27194670ns          477133 1c0094b0 02e80eb3 mul              x29, x16, x14       x29=fffff681 x16:fffffff5 x14:000000dd
27194690ns          477134 1c0094b4 40a8d893 srai             x17, x17, 0x40a     x17=0000000a x17:00002893
27194710ns          477135 1c0094b8 03c80833 mul              x16, x16, x28       x16=fffffdfb x16:fffffff5 x28:0000002f
27194729ns          477136 1c0094bc 09e11823 sh               x30, 144(x2)        x30:0000fef6  x2:100014d8  PA:10001568
27194749ns          477137 1c0094c0 0005d983 lhu              x19, 0(x11)         x19=0000ffa3 x11:1c002e94  PA:1c002e94
27195048ns          477152 1c0094c4 81c88f5b p.muls           x30, x17, x28       x30=000001d6 x17:0000000a x28:0000002f
27195067ns          477153 1c0094c8 0002d583 lhu              x11, 0(x5)          x11=0000ff85  x5:1c002ea4  PA:1c002ea4
27195366ns          477168 1c0094cc 03ce0fb3 mul              x31, x28, x28       x31=000008a1 x28:0000002f x28:0000002f
27195386ns          477169 1c0094d0 02e50733 mul              x14, x10, x14       x14=ffffd4d6 x10:ffffffce x14:000000dd
27195406ns          477170 1c0094d4 40a85813 srai             x16, x16, 0x40a     x16=ffffffff x16:fffffdfb
27195425ns          477171 1c0094d8 03c50533 mul              x10, x10, x28       x10=fffff6d2 x10:ffffffce x28:0000002f
27195445ns          477172 1c0094dc 07015e03 lhu              x28, 112(x2)        x28=00000098  x2:100014d8  PA:10001548
27195465ns          477173 1c0094e0 01b60633 add              x12, x12, x27       x12=00001556 x12:000000dd x27:00001479
27195485ns          477174 1c0094e2 00980833 add              x16, x16, x9        x16=0000ffd6 x16:ffffffff  x9:0000ffd7
27195505ns          477175 1c0094e4 06015d83 lhu              x27, 96(x2)         x27=00000191  x2:100014d8  PA:10001538
27195525ns          477176 1c0094e8 02812483 lw               x9, 40(x2)           x9=1c002ec4  x2:100014d8  PA:10001500
27195545ns          477177 1c0094ea 40afdf93 srai             x31, x31, 0x40a     x31=00000002 x31:000008a1
27195565ns          477178 1c0094ee 40a55513 srai             x10, x10, 0x40a     x10=fffffffd x10:fffff6d2
27195585ns          477179 1c0094f0 01cf8fb3 add              x31, x31, x28       x31=0000009a x31:00000002 x28:00000098
27195604ns          477180 1c0094f2 00b50533 add              x10, x10, x11       x10=0000ff82 x10:fffffffd x11:0000ff85
27195624ns          477181 1c0094f4 09015e03 lhu              x28, 144(x2)        x28=0000fef6  x2:100014d8  PA:10001568
27195644ns          477182 1c0094f8 03012583 lw               x11, 48(x2)         x11=1c002ed4  x2:100014d8  PA:10001508
27195664ns          477183 1c0094fa 00c49023 sh               x12, 0(x9)          x12:00001556  x9:1c002ec4  PA:1c002ec4
27196002ns          477200 1c0094fe 01b888b3 add              x17, x17, x27       x17=0000019b x17:0000000a x27:00000191
27196022ns          477201 1c009500 01a30333 add              x6, x6, x26          x6=0000051a  x6:0000002f x26:000004eb
27196042ns          477202 1c009502 08015d83 lhu              x27, 128(x2)        x27=00000041  x2:100014d8  PA:10001558
27196082ns          477204 1c009506 0000d903 lhu              x18, 0(x1)          x18=0000feb7  x1:1c002e84  PA:1c002e84
27196420ns          477221 1c00950a 01c686b3 add              x13, x13, x28       x13=0001feeb x13:0000fff5 x28:0000fef6
27196440ns          477222 1c00950c 00659023 sh               x6, 0(x11)           x6:0000051a x11:1c002ed4  PA:1c002ed4
27196778ns          477239 1c009510 40af5f13 srai             x30, x30, 0x40a     x30=00000000 x30:000001d6
27196798ns          477240 1c009514 04812e03 lw               x28, 72(x2)         x28=1c002f04  x2:100014d8  PA:10001520
27196818ns          477241 1c009516 01bf0f33 add              x30, x30, x27       x30=00000041 x30:00000000 x27:00000041
27196838ns          477242 1c009518 40aede93 srai             x29, x29, 0x40a     x29=fffffffd x29:fffff681
27196857ns          477243 1c00951c 40a75713 srai             x14, x14, 0x40a     x14=fffffff5 x14:ffffd4d6
27196877ns          477244 1c00951e 03812603 lw               x12, 56(x2)         x12=1c002ee4  x2:100014d8  PA:10001510
27196897ns          477245 1c009520 04012d83 lw               x27, 64(x2)         x27=1c002ef4  x2:100014d8  PA:10001518
27196917ns          477246 1c009522 01ee1023 sh               x30, 0(x28)         x30:00000041 x28:1c002f04  PA:1c002f04
27197235ns          477262 1c009526 05812483 lw               x9, 88(x2)           x9=1c002e64  x2:100014d8  PA:10001530
27197255ns          477263 1c009528 05012f03 lw               x30, 80(x2)         x30=1c002e74  x2:100014d8  PA:10001528
27197275ns          477264 1c00952a 0a012583 lw               x11, 160(x2)        x11=1c002e94  x2:100014d8  PA:10001578
27197295ns          477265 1c00952c 014787b3 add              x15, x15, x20       x15=0001fb2e x15:0000ffce x20:0000fb60
27197315ns          477266 1c00952e 013e8eb3 add              x29, x29, x19       x29=0000ffa0 x29:fffffffd x19:0000ffa3
27197335ns          477267 1c009530 01270733 add              x14, x14, x18       x14=0000feac x14:fffffff5 x18:0000feb7
27197355ns          477268 1c009532 00f49023 sh               x15, 0(x9)          x15:0001fb2e  x9:1c002e64  PA:1c002e64
27197673ns          477284 1c009536 01161023 sh               x17, 0(x12)         x17:0000019b x12:1c002ee4  PA:1c002ee4
27198031ns          477302 1c00953a 01fd9023 sh               x31, 0(x27)         x31:0000009a x27:1c002ef4  PA:1c002ef4
27198389ns          477320 1c00953e 00df1023 sh               x13, 0(x30)         x13:0001feeb x30:1c002e74  PA:1c002e74
27198727ns          477337 1c009542 01d59023 sh               x29, 0(x11)         x29:0000ffa0 x11:1c002e94  PA:1c002e94
27199045ns          477353 1c009546 00e09023 sh               x14, 0(x1)          x14:0000feac  x1:1c002e84  PA:1c002e84
27199363ns          477369 1c00954a 01039023 sh               x16, 0(x7)          x16:0000ffd6  x7:1c002eb4  PA:1c002eb4
27199682ns          477385 1c00954e 00a29023 sh               x10, 0(x5)          x10:0000ff82  x5:1c002ea4  PA:1c002ea4
27200039ns          477403 1c009552 008b0b13 addi             x22, x22, 8         x22=0000014a x22:00000142
27200059ns          477404 1c009554 1f300793 addi             x15, x0, 499        x15=000001f3
27200079ns          477405 1c009558 e767dae3 bge              x15, x22, -396      x15:000001f3 x22:0000014a
27200179ns          477410 1c0093cc 010c9a0b p.lh             x20, 16(x25!)       x20=000000dd x25=1c00292c x25:1c00291c  PA:1c00291c
27200537ns          477428 1c0093d0 0104198b p.lh             x19, 16(x8!)        x19=fffffff5  x8=1c0020f4  x8:1c0020e4  PA:1c0020e4
27200855ns          477444 1c0093d4 2cc10513 addi             x10, x2, 716        x10=100017a4  x2:100014d8
27200875ns          477445 1c0093d6 010a990b p.lh             x18, 16(x21!)       x18=000000e0 x21=1c001920 x21:1c001910  PA:1c001910
27201173ns          477460 1c0093da 010b948b p.lh             x9, 16(x23!)         x9=fffffff1 x23=1c001150 x23:1c001140  PA:1c001140
27201471ns          477475 1c0093de 2d411623 sh               x20, 716(x2)        x20:000000dd  x2:100014d8  PA:100017a4
27201491ns          477476 1c0093e2 2d311723 sh               x19, 718(x2)        x19:fffffff5  x2:100014d8  PA:100017a6
27201511ns          477477 1c0093e6 c33ff0ef jal              x1, -974             x1=1c0093e8
27201591ns          477481 1c009018 00051803 lh               x16, 0(x10)         x16=000000dd x10:100017a4  PA:100017a4
27201631ns          477483 1c00901c 00251883 lh               x17, 2(x10)         x17=fffffff5 x10:100017a4  PA:100017a6
27201670ns          477485 1c009020 030806b3 mul              x13, x16, x16       x13=0000bec9 x16:000000dd x16:000000dd
27201690ns          477486 1c009024 03188633 mul              x12, x17, x17       x12=00000079 x17:fffffff5 x17:fffffff5
27201710ns          477487 1c009028 40a65613 srai             x12, x12, 0x40a     x12=00000000 x12:00000079
27201730ns          477488 1c00902a 40a6d693 srai             x13, x13, 0x40a     x13=0000002f x13:0000bec9
27201750ns          477489 1c00902c 00c686b3 add              x13, x13, x12       x13=0000002f x13:0000002f x12:00000000
27201770ns          477490 1c00902e 1006c633 p.exths          x12, x13, x0        x12=0000002f x13:0000002f
27201790ns          477491 1c009032 00855703 lhu              x14, 8(x10)         x14=0000ffd1 x10:100017a4  PA:100017ac
27201810ns          477492 1c009036 00a55683 lhu              x13, 10(x10)        x13=0000ff6a x10:100017a4  PA:100017ae
27201829ns          477493 1c00903a 02c60333 mul              x6, x12, x12         x6=000008a1 x12:0000002f x12:0000002f
27201889ns          477496 1c00903e 00c55783 lhu              x15, 12(x10)        x15=0000ffe5 x10:100017a4  PA:100017b0
27201929ns          477498 1c009042 00e55583 lhu              x11, 14(x10)        x11=00000060 x10:100017a4  PA:100017b2
27201949ns          477499 1c009046 dea30333 p.extract        x6, x6, 15, 10       x6=00000002  x6:000008a1
27201969ns          477500 1c00904a 80c7075b p.muls           x14, x14, x12       x14=fffff75f x14:0000ffd1 x12:0000002f
27202028ns          477503 1c00904e 80c686db p.muls           x13, x13, x12       x13=ffffe476 x13:0000ff6a x12:0000002f
27202068ns          477505 1c009052 00455e83 lhu              x29, 4(x10)         x29=00000427 x10:100017a4  PA:100017a8
27202088ns          477506 1c009056 00655e03 lhu              x28, 6(x10)         x28=0000007f x10:100017a4  PA:100017aa
27202108ns          477507 1c00905a 40a75713 srai             x14, x14, 0x40a     x14=fffffffd x14:fffff75f
27202128ns          477508 1c00905c 806787db p.muls           x15, x15, x6        x15=ffffffca x15:0000ffe5  x6:00000002
27202168ns          477510 1c009060 40a6d693 srai             x13, x13, 0x40a     x13=fffffff9 x13:ffffe476
27202207ns          477512 1c009062 8065865b p.muls           x12, x11, x6        x12=000000c0 x11:00000060  x6:00000002
27202227ns          477513 1c009066 40a7d793 srai             x15, x15, 0x40a     x15=ffffffff x15:ffffffca
27202247ns          477514 1c009068 40a65613 srai             x12, x12, 0x40a     x12=00000000 x12:000000c0
27202267ns          477515 1c00906a 01d70733 add              x14, x14, x29       x14=00000424 x14:fffffffd x29:00000427
27202287ns          477516 1c00906c 01c686b3 add              x13, x13, x28       x13=00000078 x13:fffffff9 x28:0000007f
27202307ns          477517 1c00906e 00c686b3 add              x13, x13, x12       x13=00000078 x13:00000078 x12:00000000
27202327ns          477518 1c009070 00f70733 add              x14, x14, x15       x14=00000423 x14:00000424 x15:ffffffff
27202346ns          477519 1c009072 100747b3 p.exths          x15, x14, x0        x15=00000423 x14:00000423
27202366ns          477520 1c009076 1006c733 p.exths          x14, x13, x0        x14=00000078 x13:00000078
27202386ns          477521 1c00907a 03170633 mul              x12, x14, x17       x12=fffffad8 x14:00000078 x17:fffffff5
27202406ns          477522 1c00907e 030786b3 mul              x13, x15, x16       x13=00039237 x15:00000423 x16:000000dd
27202426ns          477523 1c009082 03070733 mul              x14, x14, x16       x14=00006798 x14:00000078 x16:000000dd
27202446ns          477524 1c009086 031787b3 mul              x15, x15, x17       x15=ffffd27f x15:00000423 x17:fffffff5
27202466ns          477525 1c00908a 40a6d693 srai             x13, x13, 0x40a     x13=000000e4 x13:00039237
27202486ns          477526 1c00908c 40a65613 srai             x12, x12, 0x40a     x12=fffffffe x12:fffffad8
27202506ns          477527 1c00908e 40a7d793 srai             x15, x15, 0x40a     x15=fffffff4 x15:ffffd27f
27202545ns          477529 1c009090 40a75713 srai             x14, x14, 0x40a     x14=00000019 x14:00006798
27202565ns          477530 1c009092 40c686b3 sub              x13, x13, x12       x13=000000e6 x13:000000e4 x12:fffffffe
27202585ns          477531 1c009094 00e787b3 add              x15, x15, x14       x15=0000000d x15:fffffff4 x14:00000019
27202605ns          477532 1c009096 00d51823 sh               x13, 16(x10)        x13:000000e6 x10:100017a4  PA:100017b4
27202625ns          477533 1c00909a 00f51923 sh               x15, 18(x10)        x15:0000000d x10:100017a4  PA:100017b6
27202645ns          477534 1c00909e 00008067 jalr             x0, x1, 0            x1:1c0093e8
27202764ns          477540 1c0093e8 2dc15583 lhu              x11, 732(x2)        x11=000000e6  x2:100014d8  PA:100017b4
27202804ns          477542 1c0093ec 2de15783 lhu              x15, 734(x2)        x15=0000000d  x2:100014d8  PA:100017b6
27202844ns          477544 1c0093f0 40b90933 sub              x18, x18, x11       x18=fffffffa x18:000000e0 x11:000000e6
27202864ns          477545 1c0093f4 40f484b3 sub              x9, x9, x15          x9=ffffffe4  x9:fffffff1 x15:0000000d
27202883ns          477546 1c0093f6 100945b3 p.exths          x11, x18, x0        x11=fffffffa x18:fffffffa
27202903ns          477547 1c0093fa 1004c7b3 p.exths          x15, x9, x0         x15=ffffffe4  x9:ffffffe4
27202923ns          477548 1c0093fe 034586b3 mul              x13, x11, x20       x13=fffffad2 x11:fffffffa x20:000000dd
27202943ns          477549 1c009402 03378533 mul              x10, x15, x19       x10=00000134 x15:ffffffe4 x19:fffffff5
27202963ns          477550 1c009406 034a0633 mul              x12, x20, x20       x12=0000bec9 x20:000000dd x20:000000dd
27202983ns          477551 1c00940a 03398733 mul              x14, x19, x19       x14=00000079 x19:fffffff5 x19:fffffff5
27203003ns          477552 1c00940e 034787b3 mul              x15, x15, x20       x15=ffffe7d4 x15:ffffffe4 x20:000000dd
27203023ns          477553 1c009412 033585b3 mul              x11, x11, x19       x11=00000042 x11:fffffffa x19:fffffff5
27203043ns          477554 1c009416 40a75713 srai             x14, x14, 0x40a     x14=00000000 x14:00000079
27203062ns          477555 1c009418 40a5d593 srai             x11, x11, 0x40a     x11=00000000 x11:00000042
27203082ns          477556 1c00941a 40a65613 srai             x12, x12, 0x40a     x12=0000002f x12:0000bec9
27203102ns          477557 1c00941c 40a7d793 srai             x15, x15, 0x40a     x15=fffffff9 x15:ffffe7d4
27203122ns          477558 1c00941e 1c0034b7 lui              x9, 0x1c003000       x9=1c003000
27203142ns          477559 1c009422 00e60633 add              x12, x12, x14       x12=0000002f x12:0000002f x14:00000000
27203162ns          477560 1c009424 40b787b3 sub              x15, x15, x11       x15=fffffff9 x15:fffffff9 x11:00000000
27203182ns          477561 1c009426 eb048493 addi             x9, x9, -336         x9=1c002eb0  x9:1c003000
27203202ns          477562 1c00942a 1c0032b7 lui              x5, 0x1c003000       x5=1c003000
27203222ns          477563 1c00942e 1c0035b7 lui              x11, 0x1c003000     x11=1c003000
27203241ns          477564 1c009432 018483b3 add              x7, x9, x24          x7=1c002eb4  x9:1c002eb0 x24:00000004
27203261ns          477565 1c009436 02812e83 lw               x29, 40(x2)         x29=1c002ec4  x2:100014d8  PA:10001500
27203281ns          477566 1c009438 10065633 p.exthz          x12, x12, x0        x12=0000002f x12:0000002f
27203301ns          477567 1c00943c e8028293 addi             x5, x5, -384         x5=1c002e80  x5:1c003000
27203321ns          477568 1c009440 ea058593 addi             x11, x11, -352      x11=1c002ea0 x11:1c003000
27203341ns          477569 1c009444 03812483 lw               x9, 56(x2)           x9=1c002ee4  x2:100014d8  PA:10001510
27203361ns          477570 1c009446 10064733 p.exths          x14, x12, x0        x14=0000002f x12:0000002f
27203381ns          477571 1c00944a 018280b3 add              x1, x5, x24          x1=1c002e84  x5:1c002e80 x24:00000004
27203401ns          477572 1c00944e 03012f03 lw               x30, 48(x2)         x30=1c002ed4  x2:100014d8  PA:10001508
27203420ns          477573 1c009450 018582b3 add              x5, x11, x24         x5=1c002ea4 x11:1c002ea0 x24:00000004
27203440ns          477574 1c009454 04012583 lw               x11, 64(x2)         x11=1c002ef4  x2:100014d8  PA:10001518
27203460ns          477575 1c009456 000edd83 lhu              x27, 0(x29)         x27=00001556 x29:1c002ec4  PA:1c002ec4
27203778ns          477591 1c00945a 0004d483 lhu              x9, 0(x9)            x9=0000019b  x9:1c002ee4  PA:1c002ee4
27204097ns          477607 1c00945e 02e70333 mul              x6, x14, x14         x6=000008a1 x14:0000002f x14:0000002f
27204117ns          477608 1c009462 40a55513 srai             x10, x10, 0x40a     x10=00000000 x10:00000134
27204136ns          477609 1c009464 04812e83 lw               x29, 72(x2)         x29=1c002f04  x2:100014d8  PA:10001520
27204156ns          477610 1c009466 40a6d693 srai             x13, x13, 0x40a     x13=fffffffe x13:fffffad2
27204176ns          477611 1c009468 000f5d03 lhu              x26, 0(x30)         x26=0000051a x30:1c002ed4  PA:1c002ed4
27204514ns          477628 1c00946c 0005d583 lhu              x11, 0(x11)         x11=0000009a x11:1c002ef4  PA:1c002ef4
27204813ns          477643 1c009470 40a35313 srai             x6, x6, 0x40a        x6=00000002  x6:000008a1
27204832ns          477644 1c009474 00a686b3 add              x13, x13, x10       x13=fffffffe x13:fffffffe x10:00000000
27204852ns          477645 1c009476 05012f03 lw               x30, 80(x2)         x30=1c002e74  x2:100014d8  PA:10001528
27204872ns          477646 1c009478 10034e33 p.exths          x28, x6, x0         x28=00000002  x6:00000002
27204892ns          477647 1c00947c 06911023 sh               x9, 96(x2)           x9:0000019b  x2:100014d8  PA:10001538
27204912ns          477648 1c009480 000ede83 lhu              x29, 0(x29)         x29=00000041 x29:1c002f04  PA:1c002f04
27205210ns          477663 1c009484 05812483 lw               x9, 88(x2)           x9=1c002e64  x2:100014d8  PA:10001530
27205230ns          477664 1c009486 1006d6b3 p.exthz          x13, x13, x0        x13=0000fffe x13:fffffffe
27205250ns          477665 1c00948a 02ee08b3 mul              x17, x28, x14       x17=0000005e x28:00000002 x14:0000002f
27205270ns          477666 1c00948e 1006c833 p.exths          x16, x13, x0        x16=fffffffe x13:0000fffe
27205290ns          477667 1c009492 06b11823 sh               x11, 112(x2)        x11:0000009a  x2:100014d8  PA:10001548
27205310ns          477668 1c009496 000f5f03 lhu              x30, 0(x30)         x30=0000feeb x30:1c002e74  PA:1c002e74
27205628ns          477684 1c00949a 0a012583 lw               x11, 160(x2)        x11=1c002e94  x2:100014d8  PA:10001578
27205648ns          477685 1c00949c 1007d7b3 p.exthz          x15, x15, x0        x15=0000fff9 x15:fffffff9
27205668ns          477686 1c0094a0 0004da03 lhu              x20, 0(x9)          x20=0000fb2e  x9:1c002e64  PA:1c002e64
27205966ns          477701 1c0094a4 1007c533 p.exths          x10, x15, x0        x10=fffffff9 x15:0000fff9
27205986ns          477702 1c0094a8 09d11023 sh               x29, 128(x2)        x29:00000041  x2:100014d8  PA:10001558
27206006ns          477703 1c0094ac 0003d483 lhu              x9, 0(x7)            x9=0000ffd6  x7:1c002eb4  PA:1c002eb4
27206364ns          477721 1c0094b0 02e80eb3 mul              x29, x16, x14       x29=ffffffa2 x16:fffffffe x14:0000002f
27206384ns          477722 1c0094b4 40a8d893 srai             x17, x17, 0x40a     x17=00000000 x17:0000005e
27206404ns          477723 1c0094b8 03c80833 mul              x16, x16, x28       x16=fffffffc x16:fffffffe x28:00000002
27206424ns          477724 1c0094bc 09e11823 sh               x30, 144(x2)        x30:0000feeb  x2:100014d8  PA:10001568
27206443ns          477725 1c0094c0 0005d983 lhu              x19, 0(x11)         x19=0000ffa0 x11:1c002e94  PA:1c002e94
27206742ns          477740 1c0094c4 81c88f5b p.muls           x30, x17, x28       x30=00000000 x17:00000000 x28:00000002
27206762ns          477741 1c0094c8 0002d583 lhu              x11, 0(x5)          x11=0000ff82  x5:1c002ea4  PA:1c002ea4
27207100ns          477758 1c0094cc 03ce0fb3 mul              x31, x28, x28       x31=00000004 x28:00000002 x28:00000002
27207120ns          477759 1c0094d0 02e50733 mul              x14, x10, x14       x14=fffffeb7 x10:fffffff9 x14:0000002f
27207140ns          477760 1c0094d4 40a85813 srai             x16, x16, 0x40a     x16=ffffffff x16:fffffffc
27207159ns          477761 1c0094d8 03c50533 mul              x10, x10, x28       x10=fffffff2 x10:fffffff9 x28:00000002
27207179ns          477762 1c0094dc 07015e03 lhu              x28, 112(x2)        x28=0000009a  x2:100014d8  PA:10001548
27207219ns          477764 1c0094e0 01b60633 add              x12, x12, x27       x12=00001585 x12:0000002f x27:00001556
27207239ns          477765 1c0094e2 00980833 add              x16, x16, x9        x16=0000ffd5 x16:ffffffff  x9:0000ffd6
27207259ns          477766 1c0094e4 06015d83 lhu              x27, 96(x2)         x27=0000019b  x2:100014d8  PA:10001538
27207279ns          477767 1c0094e8 02812483 lw               x9, 40(x2)           x9=1c002ec4  x2:100014d8  PA:10001500
27207299ns          477768 1c0094ea 40afdf93 srai             x31, x31, 0x40a     x31=00000000 x31:00000004
27207318ns          477769 1c0094ee 40a55513 srai             x10, x10, 0x40a     x10=ffffffff x10:fffffff2
27207338ns          477770 1c0094f0 01cf8fb3 add              x31, x31, x28       x31=0000009a x31:00000000 x28:0000009a
27207358ns          477771 1c0094f2 00b50533 add              x10, x10, x11       x10=0000ff81 x10:ffffffff x11:0000ff82
27207378ns          477772 1c0094f4 09015e03 lhu              x28, 144(x2)        x28=0000feeb  x2:100014d8  PA:10001568
27207398ns          477773 1c0094f8 03012583 lw               x11, 48(x2)         x11=1c002ed4  x2:100014d8  PA:10001508
27207418ns          477774 1c0094fa 00c49023 sh               x12, 0(x9)          x12:00001585  x9:1c002ec4  PA:1c002ec4
27207736ns          477790 1c0094fe 01b888b3 add              x17, x17, x27       x17=0000019b x17:00000000 x27:0000019b
27207756ns          477791 1c009500 01a30333 add              x6, x6, x26          x6=0000051c  x6:00000002 x26:0000051a
27207776ns          477792 1c009502 08015d83 lhu              x27, 128(x2)        x27=00000041  x2:100014d8  PA:10001558
27207796ns          477793 1c009506 0000d903 lhu              x18, 0(x1)          x18=0000feac  x1:1c002e84  PA:1c002e84
27208134ns          477810 1c00950a 01c686b3 add              x13, x13, x28       x13=0001fee9 x13:0000fffe x28:0000feeb
27208154ns          477811 1c00950c 00659023 sh               x6, 0(x11)           x6:0000051c x11:1c002ed4  PA:1c002ed4
27208492ns          477828 1c009510 40af5f13 srai             x30, x30, 0x40a     x30=00000000 x30:00000000
27208512ns          477829 1c009514 04812e03 lw               x28, 72(x2)         x28=1c002f04  x2:100014d8  PA:10001520
27208532ns          477830 1c009516 01bf0f33 add              x30, x30, x27       x30=00000041 x30:00000000 x27:00000041
27208552ns          477831 1c009518 40aede93 srai             x29, x29, 0x40a     x29=ffffffff x29:ffffffa2
27208571ns          477832 1c00951c 40a75713 srai             x14, x14, 0x40a     x14=ffffffff x14:fffffeb7
27208591ns          477833 1c00951e 03812603 lw               x12, 56(x2)         x12=1c002ee4  x2:100014d8  PA:10001510
27208611ns          477834 1c009520 04012d83 lw               x27, 64(x2)         x27=1c002ef4  x2:100014d8  PA:10001518
27208631ns          477835 1c009522 01ee1023 sh               x30, 0(x28)         x30:00000041 x28:1c002f04  PA:1c002f04
27208949ns          477851 1c009526 05812483 lw               x9, 88(x2)           x9=1c002e64  x2:100014d8  PA:10001530
27208969ns          477852 1c009528 05012f03 lw               x30, 80(x2)         x30=1c002e74  x2:100014d8  PA:10001528
27208989ns          477853 1c00952a 0a012583 lw               x11, 160(x2)        x11=1c002e94  x2:100014d8  PA:10001578
27209009ns          477854 1c00952c 014787b3 add              x15, x15, x20       x15=0001fb27 x15:0000fff9 x20:0000fb2e
27209029ns          477855 1c00952e 013e8eb3 add              x29, x29, x19       x29=0000ff9f x29:ffffffff x19:0000ffa0
27209049ns          477856 1c009530 01270733 add              x14, x14, x18       x14=0000feab x14:ffffffff x18:0000feac
27209069ns          477857 1c009532 00f49023 sh               x15, 0(x9)          x15:0001fb27  x9:1c002e64  PA:1c002e64
27209407ns          477874 1c009536 01161023 sh               x17, 0(x12)         x17:0000019b x12:1c002ee4  PA:1c002ee4
27209725ns          477890 1c00953a 01fd9023 sh               x31, 0(x27)         x31:0000009a x27:1c002ef4  PA:1c002ef4
27210043ns          477906 1c00953e 00df1023 sh               x13, 0(x30)         x13:0001fee9 x30:1c002e74  PA:1c002e74
27210381ns          477923 1c009542 01d59023 sh               x29, 0(x11)         x29:0000ff9f x11:1c002e94  PA:1c002e94
27210719ns          477940 1c009546 00e09023 sh               x14, 0(x1)          x14:0000feab  x1:1c002e84  PA:1c002e84
27211038ns          477956 1c00954a 01039023 sh               x16, 0(x7)          x16:0000ffd5  x7:1c002eb4  PA:1c002eb4
27211356ns          477972 1c00954e 00a29023 sh               x10, 0(x5)          x10:0000ff81  x5:1c002ea4  PA:1c002ea4
27211714ns          477990 1c009552 008b0b13 addi             x22, x22, 8         x22=00000152 x22:0000014a
27211734ns          477991 1c009554 1f300793 addi             x15, x0, 499        x15=000001f3
27211754ns          477992 1c009558 e767dae3 bge              x15, x22, -396      x15:000001f3 x22:00000152
27211813ns          477995 1c0093cc 010c9a0b p.lh             x20, 16(x25!)       x20=000000e9 x25=1c00293c x25:1c00292c  PA:1c00292c
27212171ns          478013 1c0093d0 0104198b p.lh             x19, 16(x8!)        x19=ffffff91  x8=1c002104  x8:1c0020f4  PA:1c0020f4
27212489ns          478029 1c0093d4 2cc10513 addi             x10, x2, 716        x10=100017a4  x2:100014d8
27212509ns          478030 1c0093d6 010a990b p.lh             x18, 16(x21!)       x18=000000ea x21=1c001930 x21:1c001920  PA:1c001920
27212808ns          478045 1c0093da 010b948b p.lh             x9, 16(x23!)         x9=ffffff7f x23=1c001160 x23:1c001150  PA:1c001150
27213146ns          478062 1c0093de 2d411623 sh               x20, 716(x2)        x20:000000e9  x2:100014d8  PA:100017a4
27213166ns          478063 1c0093e2 2d311723 sh               x19, 718(x2)        x19:ffffff91  x2:100014d8  PA:100017a6
27213185ns          478064 1c0093e6 c33ff0ef jal              x1, -974             x1=1c0093e8
27213265ns          478068 1c009018 00051803 lh               x16, 0(x10)         x16=000000e9 x10:100017a4  PA:100017a4
27213305ns          478070 1c00901c 00251883 lh               x17, 2(x10)         x17=ffffff91 x10:100017a4  PA:100017a6
27213325ns          478071 1c009020 030806b3 mul              x13, x16, x16       x13=0000d411 x16:000000e9 x16:000000e9
27213345ns          478072 1c009024 03188633 mul              x12, x17, x17       x12=00003021 x17:ffffff91 x17:ffffff91
27213364ns          478073 1c009028 40a65613 srai             x12, x12, 0x40a     x12=0000000c x12:00003021
27213384ns          478074 1c00902a 40a6d693 srai             x13, x13, 0x40a     x13=00000035 x13:0000d411
27213404ns          478075 1c00902c 00c686b3 add              x13, x13, x12       x13=00000041 x13:00000035 x12:0000000c
27213424ns          478076 1c00902e 1006c633 p.exths          x12, x13, x0        x12=00000041 x13:00000041
27213444ns          478077 1c009032 00855703 lhu              x14, 8(x10)         x14=0000ffd1 x10:100017a4  PA:100017ac
27213464ns          478078 1c009036 00a55683 lhu              x13, 10(x10)        x13=0000ff6a x10:100017a4  PA:100017ae
27213484ns          478079 1c00903a 02c60333 mul              x6, x12, x12         x6=00001081 x12:00000041 x12:00000041
27213524ns          478081 1c00903e 00c55783 lhu              x15, 12(x10)        x15=0000ffe5 x10:100017a4  PA:100017b0
27213563ns          478083 1c009042 00e55583 lhu              x11, 14(x10)        x11=00000060 x10:100017a4  PA:100017b2
27213583ns          478084 1c009046 dea30333 p.extract        x6, x6, 15, 10       x6=00000004  x6:00001081
27213603ns          478085 1c00904a 80c7075b p.muls           x14, x14, x12       x14=fffff411 x14:0000ffd1 x12:00000041
27213663ns          478088 1c00904e 80c686db p.muls           x13, x13, x12       x13=ffffd9ea x13:0000ff6a x12:00000041
27213703ns          478090 1c009052 00455e83 lhu              x29, 4(x10)         x29=00000427 x10:100017a4  PA:100017a8
27213722ns          478091 1c009056 00655e03 lhu              x28, 6(x10)         x28=0000007f x10:100017a4  PA:100017aa
27213742ns          478092 1c00905a 40a75713 srai             x14, x14, 0x40a     x14=fffffffd x14:fffff411
27213762ns          478093 1c00905c 806787db p.muls           x15, x15, x6        x15=ffffff94 x15:0000ffe5  x6:00000004
27213782ns          478094 1c009060 40a6d693 srai             x13, x13, 0x40a     x13=fffffff6 x13:ffffd9ea
27213802ns          478095 1c009062 8065865b p.muls           x12, x11, x6        x12=00000180 x11:00000060  x6:00000004
27213822ns          478096 1c009066 40a7d793 srai             x15, x15, 0x40a     x15=ffffffff x15:ffffff94
27213842ns          478097 1c009068 40a65613 srai             x12, x12, 0x40a     x12=00000000 x12:00000180
27213862ns          478098 1c00906a 01d70733 add              x14, x14, x29       x14=00000424 x14:fffffffd x29:00000427
27213882ns          478099 1c00906c 01c686b3 add              x13, x13, x28       x13=00000075 x13:fffffff6 x28:0000007f
27213901ns          478100 1c00906e 00c686b3 add              x13, x13, x12       x13=00000075 x13:00000075 x12:00000000
27213921ns          478101 1c009070 00f70733 add              x14, x14, x15       x14=00000423 x14:00000424 x15:ffffffff
27213941ns          478102 1c009072 100747b3 p.exths          x15, x14, x0        x15=00000423 x14:00000423
27213961ns          478103 1c009076 1006c733 p.exths          x14, x13, x0        x14=00000075 x13:00000075
27213981ns          478104 1c00907a 03170633 mul              x12, x14, x17       x12=ffffcd45 x14:00000075 x17:ffffff91
27214001ns          478105 1c00907e 030786b3 mul              x13, x15, x16       x13=0003c3db x15:00000423 x16:000000e9
27214021ns          478106 1c009082 03070733 mul              x14, x14, x16       x14=00006a7d x14:00000075 x16:000000e9
27214041ns          478107 1c009086 031787b3 mul              x15, x15, x17       x15=fffe34d3 x15:00000423 x17:ffffff91
27214061ns          478108 1c00908a 40a6d693 srai             x13, x13, 0x40a     x13=000000f0 x13:0003c3db
27214080ns          478109 1c00908c 40a65613 srai             x12, x12, 0x40a     x12=fffffff3 x12:ffffcd45
27214100ns          478110 1c00908e 40a7d793 srai             x15, x15, 0x40a     x15=ffffff8d x15:fffe34d3
27214120ns          478111 1c009090 40a75713 srai             x14, x14, 0x40a     x14=0000001a x14:00006a7d
27214140ns          478112 1c009092 40c686b3 sub              x13, x13, x12       x13=000000fd x13:000000f0 x12:fffffff3
27214160ns          478113 1c009094 00e787b3 add              x15, x15, x14       x15=ffffffa7 x15:ffffff8d x14:0000001a
27214180ns          478114 1c009096 00d51823 sh               x13, 16(x10)        x13:000000fd x10:100017a4  PA:100017b4
27214200ns          478115 1c00909a 00f51923 sh               x15, 18(x10)        x15:ffffffa7 x10:100017a4  PA:100017b6
27214220ns          478116 1c00909e 00008067 jalr             x0, x1, 0            x1:1c0093e8
27214259ns          478118 1c0093e8 2dc15583 lhu              x11, 732(x2)        x11=000000fd  x2:100014d8  PA:100017b4
27214279ns          478119 1c0093ec 2de15783 lhu              x15, 734(x2)        x15=0000ffa7  x2:100014d8  PA:100017b6
27214299ns          478120 1c0093f0 40b90933 sub              x18, x18, x11       x18=ffffffed x18:000000ea x11:000000fd
27214319ns          478121 1c0093f4 40f484b3 sub              x9, x9, x15          x9=fffeffd8  x9:ffffff7f x15:0000ffa7
27214339ns          478122 1c0093f6 100945b3 p.exths          x11, x18, x0        x11=ffffffed x18:ffffffed
27214359ns          478123 1c0093fa 1004c7b3 p.exths          x15, x9, x0         x15=ffffffd8  x9:fffeffd8
27214379ns          478124 1c0093fe 034586b3 mul              x13, x11, x20       x13=ffffeeb5 x11:ffffffed x20:000000e9
27214399ns          478125 1c009402 03378533 mul              x10, x15, x19       x10=00001158 x15:ffffffd8 x19:ffffff91
27214419ns          478126 1c009406 034a0633 mul              x12, x20, x20       x12=0000d411 x20:000000e9 x20:000000e9
27214438ns          478127 1c00940a 03398733 mul              x14, x19, x19       x14=00003021 x19:ffffff91 x19:ffffff91
27214458ns          478128 1c00940e 034787b3 mul              x15, x15, x20       x15=ffffdb98 x15:ffffffd8 x20:000000e9
27214478ns          478129 1c009412 033585b3 mul              x11, x11, x19       x11=0000083d x11:ffffffed x19:ffffff91
27214498ns          478130 1c009416 40a75713 srai             x14, x14, 0x40a     x14=0000000c x14:00003021
27214518ns          478131 1c009418 40a5d593 srai             x11, x11, 0x40a     x11=00000002 x11:0000083d
27214538ns          478132 1c00941a 40a65613 srai             x12, x12, 0x40a     x12=00000035 x12:0000d411
27214558ns          478133 1c00941c 40a7d793 srai             x15, x15, 0x40a     x15=fffffff6 x15:ffffdb98
27214578ns          478134 1c00941e 1c0034b7 lui              x9, 0x1c003000       x9=1c003000
27214598ns          478135 1c009422 00e60633 add              x12, x12, x14       x12=00000041 x12:00000035 x14:0000000c
27214617ns          478136 1c009424 40b787b3 sub              x15, x15, x11       x15=fffffff4 x15:fffffff6 x11:00000002
27214637ns          478137 1c009426 eb048493 addi             x9, x9, -336         x9=1c002eb0  x9:1c003000
27214657ns          478138 1c00942a 1c0032b7 lui              x5, 0x1c003000       x5=1c003000
27214677ns          478139 1c00942e 1c0035b7 lui              x11, 0x1c003000     x11=1c003000
27214697ns          478140 1c009432 018483b3 add              x7, x9, x24          x7=1c002eb4  x9:1c002eb0 x24:00000004
27214717ns          478141 1c009436 02812e83 lw               x29, 40(x2)         x29=1c002ec4  x2:100014d8  PA:10001500
27214737ns          478142 1c009438 10065633 p.exthz          x12, x12, x0        x12=00000041 x12:00000041
27214757ns          478143 1c00943c e8028293 addi             x5, x5, -384         x5=1c002e80  x5:1c003000
27214776ns          478144 1c009440 ea058593 addi             x11, x11, -352      x11=1c002ea0 x11:1c003000
27214796ns          478145 1c009444 03812483 lw               x9, 56(x2)           x9=1c002ee4  x2:100014d8  PA:10001510
27214816ns          478146 1c009446 10064733 p.exths          x14, x12, x0        x14=00000041 x12:00000041
27214836ns          478147 1c00944a 018280b3 add              x1, x5, x24          x1=1c002e84  x5:1c002e80 x24:00000004
27214856ns          478148 1c00944e 03012f03 lw               x30, 48(x2)         x30=1c002ed4  x2:100014d8  PA:10001508
27214896ns          478150 1c009450 018582b3 add              x5, x11, x24         x5=1c002ea4 x11:1c002ea0 x24:00000004
27214916ns          478151 1c009454 04012583 lw               x11, 64(x2)         x11=1c002ef4  x2:100014d8  PA:10001518
27214936ns          478152 1c009456 000edd83 lhu              x27, 0(x29)         x27=00001585 x29:1c002ec4  PA:1c002ec4
27215234ns          478167 1c00945a 0004d483 lhu              x9, 0(x9)            x9=0000019b  x9:1c002ee4  PA:1c002ee4
27215552ns          478183 1c00945e 02e70333 mul              x6, x14, x14         x6=00001081 x14:00000041 x14:00000041
27215572ns          478184 1c009462 40a55513 srai             x10, x10, 0x40a     x10=00000004 x10:00001158
27215592ns          478185 1c009464 04812e83 lw               x29, 72(x2)         x29=1c002f04  x2:100014d8  PA:10001520
27215612ns          478186 1c009466 40a6d693 srai             x13, x13, 0x40a     x13=fffffffb x13:ffffeeb5
27215632ns          478187 1c009468 000f5d03 lhu              x26, 0(x30)         x26=0000051c x30:1c002ed4  PA:1c002ed4
27215990ns          478205 1c00946c 0005d583 lhu              x11, 0(x11)         x11=0000009a x11:1c002ef4  PA:1c002ef4
27216308ns          478221 1c009470 40a35313 srai             x6, x6, 0x40a        x6=00000004  x6:00001081
27216328ns          478222 1c009474 00a686b3 add              x13, x13, x10       x13=ffffffff x13:fffffffb x10:00000004
27216348ns          478223 1c009476 05012f03 lw               x30, 80(x2)         x30=1c002e74  x2:100014d8  PA:10001528
27216368ns          478224 1c009478 10034e33 p.exths          x28, x6, x0         x28=00000004  x6:00000004
27216387ns          478225 1c00947c 06911023 sh               x9, 96(x2)           x9:0000019b  x2:100014d8  PA:10001538
27216407ns          478226 1c009480 000ede83 lhu              x29, 0(x29)         x29=00000041 x29:1c002f04  PA:1c002f04
27216706ns          478241 1c009484 05812483 lw               x9, 88(x2)           x9=1c002e64  x2:100014d8  PA:10001530
27216726ns          478242 1c009486 1006d6b3 p.exthz          x13, x13, x0        x13=0000ffff x13:ffffffff
27216745ns          478243 1c00948a 02ee08b3 mul              x17, x28, x14       x17=00000104 x28:00000004 x14:00000041
27216765ns          478244 1c00948e 1006c833 p.exths          x16, x13, x0        x16=ffffffff x13:0000ffff
27216785ns          478245 1c009492 06b11823 sh               x11, 112(x2)        x11:0000009a  x2:100014d8  PA:10001548
27216805ns          478246 1c009496 000f5f03 lhu              x30, 0(x30)         x30=0000fee9 x30:1c002e74  PA:1c002e74
27217103ns          478261 1c00949a 0a012583 lw               x11, 160(x2)        x11=1c002e94  x2:100014d8  PA:10001578
27217123ns          478262 1c00949c 1007d7b3 p.exthz          x15, x15, x0        x15=0000fff4 x15:fffffff4
27217143ns          478263 1c0094a0 0004da03 lhu              x20, 0(x9)          x20=0000fb27  x9:1c002e64  PA:1c002e64
27217441ns          478278 1c0094a4 1007c533 p.exths          x10, x15, x0        x10=fffffff4 x15:0000fff4
27217461ns          478279 1c0094a8 09d11023 sh               x29, 128(x2)        x29:00000041  x2:100014d8  PA:10001558
27217481ns          478280 1c0094ac 0003d483 lhu              x9, 0(x7)            x9=0000ffd5  x7:1c002eb4  PA:1c002eb4
27217819ns          478297 1c0094b0 02e80eb3 mul              x29, x16, x14       x29=ffffffbf x16:ffffffff x14:00000041
27217839ns          478298 1c0094b4 40a8d893 srai             x17, x17, 0x40a     x17=00000000 x17:00000104
27217859ns          478299 1c0094b8 03c80833 mul              x16, x16, x28       x16=fffffffc x16:ffffffff x28:00000004
27217879ns          478300 1c0094bc 09e11823 sh               x30, 144(x2)        x30:0000fee9  x2:100014d8  PA:10001568
27217899ns          478301 1c0094c0 0005d983 lhu              x19, 0(x11)         x19=0000ff9f x11:1c002e94  PA:1c002e94
27218197ns          478316 1c0094c4 81c88f5b p.muls           x30, x17, x28       x30=00000000 x17:00000000 x28:00000004
27218217ns          478317 1c0094c8 0002d583 lhu              x11, 0(x5)          x11=0000ff81  x5:1c002ea4  PA:1c002ea4
27218535ns          478333 1c0094cc 03ce0fb3 mul              x31, x28, x28       x31=00000010 x28:00000004 x28:00000004
27218555ns          478334 1c0094d0 02e50733 mul              x14, x10, x14       x14=fffffcf4 x10:fffffff4 x14:00000041
27218575ns          478335 1c0094d4 40a85813 srai             x16, x16, 0x40a     x16=ffffffff x16:fffffffc
27218595ns          478336 1c0094d8 03c50533 mul              x10, x10, x28       x10=ffffffd0 x10:fffffff4 x28:00000004
27218615ns          478337 1c0094dc 07015e03 lhu              x28, 112(x2)        x28=0000009a  x2:100014d8  PA:10001548
27218635ns          478338 1c0094e0 01b60633 add              x12, x12, x27       x12=000015c6 x12:00000041 x27:00001585
27218655ns          478339 1c0094e2 00980833 add              x16, x16, x9        x16=0000ffd4 x16:ffffffff  x9:0000ffd5
27218675ns          478340 1c0094e4 06015d83 lhu              x27, 96(x2)         x27=0000019b  x2:100014d8  PA:10001538
27218694ns          478341 1c0094e8 02812483 lw               x9, 40(x2)           x9=1c002ec4  x2:100014d8  PA:10001500
27218714ns          478342 1c0094ea 40afdf93 srai             x31, x31, 0x40a     x31=00000000 x31:00000010
27218734ns          478343 1c0094ee 40a55513 srai             x10, x10, 0x40a     x10=ffffffff x10:ffffffd0
27218754ns          478344 1c0094f0 01cf8fb3 add              x31, x31, x28       x31=0000009a x31:00000000 x28:0000009a
27218774ns          478345 1c0094f2 00b50533 add              x10, x10, x11       x10=0000ff80 x10:ffffffff x11:0000ff81
27218794ns          478346 1c0094f4 09015e03 lhu              x28, 144(x2)        x28=0000fee9  x2:100014d8  PA:10001568
27218834ns          478348 1c0094f8 03012583 lw               x11, 48(x2)         x11=1c002ed4  x2:100014d8  PA:10001508
27218854ns          478349 1c0094fa 00c49023 sh               x12, 0(x9)          x12:000015c6  x9:1c002ec4  PA:1c002ec4
27219172ns          478365 1c0094fe 01b888b3 add              x17, x17, x27       x17=0000019b x17:00000000 x27:0000019b
27219192ns          478366 1c009500 01a30333 add              x6, x6, x26          x6=00000520  x6:00000004 x26:0000051c
27219212ns          478367 1c009502 08015d83 lhu              x27, 128(x2)        x27=00000041  x2:100014d8  PA:10001558
27219231ns          478368 1c009506 0000d903 lhu              x18, 0(x1)          x18=0000feab  x1:1c002e84  PA:1c002e84
27219530ns          478383 1c00950a 01c686b3 add              x13, x13, x28       x13=0001fee8 x13:0000ffff x28:0000fee9
27219550ns          478384 1c00950c 00659023 sh               x6, 0(x11)           x6:00000520 x11:1c002ed4  PA:1c002ed4
27219967ns          478405 1c009510 40af5f13 srai             x30, x30, 0x40a     x30=00000000 x30:00000000
27219987ns          478406 1c009514 04812e03 lw               x28, 72(x2)         x28=1c002f04  x2:100014d8  PA:10001520
27220007ns          478407 1c009516 01bf0f33 add              x30, x30, x27       x30=00000041 x30:00000000 x27:00000041
27220027ns          478408 1c009518 40aede93 srai             x29, x29, 0x40a     x29=ffffffff x29:ffffffbf
27220047ns          478409 1c00951c 40a75713 srai             x14, x14, 0x40a     x14=ffffffff x14:fffffcf4
27220067ns          478410 1c00951e 03812603 lw               x12, 56(x2)         x12=1c002ee4  x2:100014d8  PA:10001510
27220087ns          478411 1c009520 04012d83 lw               x27, 64(x2)         x27=1c002ef4  x2:100014d8  PA:10001518
27220106ns          478412 1c009522 01ee1023 sh               x30, 0(x28)         x30:00000041 x28:1c002f04  PA:1c002f04
27220445ns          478429 1c009526 05812483 lw               x9, 88(x2)           x9=1c002e64  x2:100014d8  PA:10001530
27220464ns          478430 1c009528 05012f03 lw               x30, 80(x2)         x30=1c002e74  x2:100014d8  PA:10001528
27220484ns          478431 1c00952a 0a012583 lw               x11, 160(x2)        x11=1c002e94  x2:100014d8  PA:10001578
27220504ns          478432 1c00952c 014787b3 add              x15, x15, x20       x15=0001fb1b x15:0000fff4 x20:0000fb27
27220524ns          478433 1c00952e 013e8eb3 add              x29, x29, x19       x29=0000ff9e x29:ffffffff x19:0000ff9f
27220544ns          478434 1c009530 01270733 add              x14, x14, x18       x14=0000feaa x14:ffffffff x18:0000feab
27220564ns          478435 1c009532 00f49023 sh               x15, 0(x9)          x15:0001fb1b  x9:1c002e64  PA:1c002e64
27220882ns          478451 1c009536 01161023 sh               x17, 0(x12)         x17:0000019b x12:1c002ee4  PA:1c002ee4
27221220ns          478468 1c00953a 01fd9023 sh               x31, 0(x27)         x31:0000009a x27:1c002ef4  PA:1c002ef4
27221558ns          478485 1c00953e 00df1023 sh               x13, 0(x30)         x13:0001fee8 x30:1c002e74  PA:1c002e74
27221896ns          478502 1c009542 01d59023 sh               x29, 0(x11)         x29:0000ff9e x11:1c002e94  PA:1c002e94
27222215ns          478518 1c009546 00e09023 sh               x14, 0(x1)          x14:0000feaa  x1:1c002e84  PA:1c002e84
27222553ns          478535 1c00954a 01039023 sh               x16, 0(x7)          x16:0000ffd4  x7:1c002eb4  PA:1c002eb4
27222871ns          478551 1c00954e 00a29023 sh               x10, 0(x5)          x10:0000ff80  x5:1c002ea4  PA:1c002ea4
27223189ns          478567 1c009552 008b0b13 addi             x22, x22, 8         x22=0000015a x22:00000152
27223209ns          478568 1c009554 1f300793 addi             x15, x0, 499        x15=000001f3
27223229ns          478569 1c009558 e767dae3 bge              x15, x22, -396      x15:000001f3 x22:0000015a
27223328ns          478574 1c0093cc 010c9a0b p.lh             x20, 16(x25!)       x20=fffffebb x25=1c00294c x25:1c00293c  PA:1c00293c
27223666ns          478591 1c0093d0 0104198b p.lh             x19, 16(x8!)        x19=000000d1  x8=1c002114  x8:1c002104  PA:1c002104
27223965ns          478606 1c0093d4 2cc10513 addi             x10, x2, 716        x10=100017a4  x2:100014d8
27223985ns          478607 1c0093d6 010a990b p.lh             x18, 16(x21!)       x18=fffffed4 x21=1c001940 x21:1c001930  PA:1c001930
27224283ns          478622 1c0093da 010b948b p.lh             x9, 16(x23!)         x9=000000f5 x23=1c001170 x23:1c001160  PA:1c001160
27224581ns          478637 1c0093de 2d411623 sh               x20, 716(x2)        x20:fffffebb  x2:100014d8  PA:100017a4
27224601ns          478638 1c0093e2 2d311723 sh               x19, 718(x2)        x19:000000d1  x2:100014d8  PA:100017a6
27224621ns          478639 1c0093e6 c33ff0ef jal              x1, -974             x1=1c0093e8
27224701ns          478643 1c009018 00051803 lh               x16, 0(x10)         x16=fffffebb x10:100017a4  PA:100017a4
27224740ns          478645 1c00901c 00251883 lh               x17, 2(x10)         x17=000000d1 x10:100017a4  PA:100017a6
27224800ns          478648 1c009020 030806b3 mul              x13, x16, x16       x13=00019c99 x16:fffffebb x16:fffffebb
27224840ns          478650 1c009024 03188633 mul              x12, x17, x17       x12=0000aaa1 x17:000000d1 x17:000000d1
27224860ns          478651 1c009028 40a65613 srai             x12, x12, 0x40a     x12=0000002a x12:0000aaa1
27224880ns          478652 1c00902a 40a6d693 srai             x13, x13, 0x40a     x13=00000067 x13:00019c99
27224899ns          478653 1c00902c 00c686b3 add              x13, x13, x12       x13=00000091 x13:00000067 x12:0000002a
27224919ns          478654 1c00902e 1006c633 p.exths          x12, x13, x0        x12=00000091 x13:00000091
27224939ns          478655 1c009032 00855703 lhu              x14, 8(x10)         x14=0000ffd1 x10:100017a4  PA:100017ac
27224959ns          478656 1c009036 00a55683 lhu              x13, 10(x10)        x13=0000ff6a x10:100017a4  PA:100017ae
27224979ns          478657 1c00903a 02c60333 mul              x6, x12, x12         x6=00005221 x12:00000091 x12:00000091
27225019ns          478659 1c00903e 00c55783 lhu              x15, 12(x10)        x15=0000ffe5 x10:100017a4  PA:100017b0
27225059ns          478661 1c009042 00e55583 lhu              x11, 14(x10)        x11=00000060 x10:100017a4  PA:100017b2
27225078ns          478662 1c009046 dea30333 p.extract        x6, x6, 15, 10       x6=00000014  x6:00005221
27225098ns          478663 1c00904a 80c7075b p.muls           x14, x14, x12       x14=ffffe561 x14:0000ffd1 x12:00000091
27225158ns          478666 1c00904e 80c686db p.muls           x13, x13, x12       x13=ffffab0a x13:0000ff6a x12:00000091
27225198ns          478668 1c009052 00455e83 lhu              x29, 4(x10)         x29=00000427 x10:100017a4  PA:100017a8
27225218ns          478669 1c009056 00655e03 lhu              x28, 6(x10)         x28=0000007f x10:100017a4  PA:100017aa
27225238ns          478670 1c00905a 40a75713 srai             x14, x14, 0x40a     x14=fffffff9 x14:ffffe561
27225257ns          478671 1c00905c 806787db p.muls           x15, x15, x6        x15=fffffde4 x15:0000ffe5  x6:00000014
27225277ns          478672 1c009060 40a6d693 srai             x13, x13, 0x40a     x13=ffffffea x13:ffffab0a
27225297ns          478673 1c009062 8065865b p.muls           x12, x11, x6        x12=00000780 x11:00000060  x6:00000014
27225317ns          478674 1c009066 40a7d793 srai             x15, x15, 0x40a     x15=ffffffff x15:fffffde4
27225337ns          478675 1c009068 40a65613 srai             x12, x12, 0x40a     x12=00000001 x12:00000780
27225357ns          478676 1c00906a 01d70733 add              x14, x14, x29       x14=00000420 x14:fffffff9 x29:00000427
27225377ns          478677 1c00906c 01c686b3 add              x13, x13, x28       x13=00000069 x13:ffffffea x28:0000007f
27225397ns          478678 1c00906e 00c686b3 add              x13, x13, x12       x13=0000006a x13:00000069 x12:00000001
27225417ns          478679 1c009070 00f70733 add              x14, x14, x15       x14=0000041f x14:00000420 x15:ffffffff
27225436ns          478680 1c009072 100747b3 p.exths          x15, x14, x0        x15=0000041f x14:0000041f
27225456ns          478681 1c009076 1006c733 p.exths          x14, x13, x0        x14=0000006a x13:0000006a
27225476ns          478682 1c00907a 03170633 mul              x12, x14, x17       x12=0000568a x14:0000006a x17:000000d1
27225496ns          478683 1c00907e 030786b3 mul              x13, x15, x16       x13=fffac4a5 x15:0000041f x16:fffffebb
27225516ns          478684 1c009082 03070733 mul              x14, x14, x16       x14=ffff796e x14:0000006a x16:fffffebb
27225536ns          478685 1c009086 031787b3 mul              x15, x15, x17       x15=00035d4f x15:0000041f x17:000000d1
27225556ns          478686 1c00908a 40a6d693 srai             x13, x13, 0x40a     x13=fffffeb1 x13:fffac4a5
27225576ns          478687 1c00908c 40a65613 srai             x12, x12, 0x40a     x12=00000015 x12:0000568a
27225596ns          478688 1c00908e 40a7d793 srai             x15, x15, 0x40a     x15=000000d7 x15:00035d4f
27225615ns          478689 1c009090 40a75713 srai             x14, x14, 0x40a     x14=ffffffde x14:ffff796e
27225635ns          478690 1c009092 40c686b3 sub              x13, x13, x12       x13=fffffe9c x13:fffffeb1 x12:00000015
27225655ns          478691 1c009094 00e787b3 add              x15, x15, x14       x15=000000b5 x15:000000d7 x14:ffffffde
27225675ns          478692 1c009096 00d51823 sh               x13, 16(x10)        x13:fffffe9c x10:100017a4  PA:100017b4
27225695ns          478693 1c00909a 00f51923 sh               x15, 18(x10)        x15:000000b5 x10:100017a4  PA:100017b6
27225715ns          478694 1c00909e 00008067 jalr             x0, x1, 0            x1:1c0093e8
27225755ns          478696 1c0093e8 2dc15583 lhu              x11, 732(x2)        x11=0000fe9c  x2:100014d8  PA:100017b4
27225775ns          478697 1c0093ec 2de15783 lhu              x15, 734(x2)        x15=000000b5  x2:100014d8  PA:100017b6
27225814ns          478699 1c0093f0 40b90933 sub              x18, x18, x11       x18=ffff0038 x18:fffffed4 x11:0000fe9c
27225834ns          478700 1c0093f4 40f484b3 sub              x9, x9, x15          x9=00000040  x9:000000f5 x15:000000b5
27225854ns          478701 1c0093f6 100945b3 p.exths          x11, x18, x0        x11=00000038 x18:ffff0038
27225874ns          478702 1c0093fa 1004c7b3 p.exths          x15, x9, x0         x15=00000040  x9:00000040
27225894ns          478703 1c0093fe 034586b3 mul              x13, x11, x20       x13=ffffb8e8 x11:00000038 x20:fffffebb
27225914ns          478704 1c009402 03378533 mul              x10, x15, x19       x10=00003440 x15:00000040 x19:000000d1
27225934ns          478705 1c009406 034a0633 mul              x12, x20, x20       x12=00019c99 x20:fffffebb x20:fffffebb
27225954ns          478706 1c00940a 03398733 mul              x14, x19, x19       x14=0000aaa1 x19:000000d1 x19:000000d1
27225993ns          478708 1c00940e 034787b3 mul              x15, x15, x20       x15=ffffaec0 x15:00000040 x20:fffffebb
27226033ns          478710 1c009412 033585b3 mul              x11, x11, x19       x11=00002db8 x11:00000038 x19:000000d1
27226053ns          478711 1c009416 40a75713 srai             x14, x14, 0x40a     x14=0000002a x14:0000aaa1
27226073ns          478712 1c009418 40a5d593 srai             x11, x11, 0x40a     x11=0000000b x11:00002db8
27226093ns          478713 1c00941a 40a65613 srai             x12, x12, 0x40a     x12=00000067 x12:00019c99
27226113ns          478714 1c00941c 40a7d793 srai             x15, x15, 0x40a     x15=ffffffeb x15:ffffaec0
27226133ns          478715 1c00941e 1c0034b7 lui              x9, 0x1c003000       x9=1c003000
27226152ns          478716 1c009422 00e60633 add              x12, x12, x14       x12=00000091 x12:00000067 x14:0000002a
27226172ns          478717 1c009424 40b787b3 sub              x15, x15, x11       x15=ffffffe0 x15:ffffffeb x11:0000000b
27226192ns          478718 1c009426 eb048493 addi             x9, x9, -336         x9=1c002eb0  x9:1c003000
27226212ns          478719 1c00942a 1c0032b7 lui              x5, 0x1c003000       x5=1c003000
27226232ns          478720 1c00942e 1c0035b7 lui              x11, 0x1c003000     x11=1c003000
27226252ns          478721 1c009432 018483b3 add              x7, x9, x24          x7=1c002eb4  x9:1c002eb0 x24:00000004
27226272ns          478722 1c009436 02812e83 lw               x29, 40(x2)         x29=1c002ec4  x2:100014d8  PA:10001500
27226312ns          478724 1c009438 10065633 p.exthz          x12, x12, x0        x12=00000091 x12:00000091
27226331ns          478725 1c00943c e8028293 addi             x5, x5, -384         x5=1c002e80  x5:1c003000
27226351ns          478726 1c009440 ea058593 addi             x11, x11, -352      x11=1c002ea0 x11:1c003000
27226371ns          478727 1c009444 03812483 lw               x9, 56(x2)           x9=1c002ee4  x2:100014d8  PA:10001510
27226391ns          478728 1c009446 10064733 p.exths          x14, x12, x0        x14=00000091 x12:00000091
27226411ns          478729 1c00944a 018280b3 add              x1, x5, x24          x1=1c002e84  x5:1c002e80 x24:00000004
27226431ns          478730 1c00944e 03012f03 lw               x30, 48(x2)         x30=1c002ed4  x2:100014d8  PA:10001508
27226451ns          478731 1c009450 018582b3 add              x5, x11, x24         x5=1c002ea4 x11:1c002ea0 x24:00000004
27226471ns          478732 1c009454 04012583 lw               x11, 64(x2)         x11=1c002ef4  x2:100014d8  PA:10001518
27226491ns          478733 1c009456 000edd83 lhu              x27, 0(x29)         x27=000015c6 x29:1c002ec4  PA:1c002ec4
27226809ns          478749 1c00945a 0004d483 lhu              x9, 0(x9)            x9=0000019b  x9:1c002ee4  PA:1c002ee4
27227147ns          478766 1c00945e 02e70333 mul              x6, x14, x14         x6=00005221 x14:00000091 x14:00000091
27227167ns          478767 1c009462 40a55513 srai             x10, x10, 0x40a     x10=0000000d x10:00003440
27227187ns          478768 1c009464 04812e83 lw               x29, 72(x2)         x29=1c002f04  x2:100014d8  PA:10001520
27227206ns          478769 1c009466 40a6d693 srai             x13, x13, 0x40a     x13=ffffffee x13:ffffb8e8
27227226ns          478770 1c009468 000f5d03 lhu              x26, 0(x30)         x26=00000520 x30:1c002ed4  PA:1c002ed4
27227525ns          478785 1c00946c 0005d583 lhu              x11, 0(x11)         x11=0000009a x11:1c002ef4  PA:1c002ef4
27227843ns          478801 1c009470 40a35313 srai             x6, x6, 0x40a        x6=00000014  x6:00005221
27227863ns          478802 1c009474 00a686b3 add              x13, x13, x10       x13=fffffffb x13:ffffffee x10:0000000d
27227883ns          478803 1c009476 05012f03 lw               x30, 80(x2)         x30=1c002e74  x2:100014d8  PA:10001528
27227903ns          478804 1c009478 10034e33 p.exths          x28, x6, x0         x28=00000014  x6:00000014
27227922ns          478805 1c00947c 06911023 sh               x9, 96(x2)           x9:0000019b  x2:100014d8  PA:10001538
27227942ns          478806 1c009480 000ede83 lhu              x29, 0(x29)         x29=00000041 x29:1c002f04  PA:1c002f04
27228241ns          478821 1c009484 05812483 lw               x9, 88(x2)           x9=1c002e64  x2:100014d8  PA:10001530
27228261ns          478822 1c009486 1006d6b3 p.exthz          x13, x13, x0        x13=0000fffb x13:fffffffb
27228280ns          478823 1c00948a 02ee08b3 mul              x17, x28, x14       x17=00000b54 x28:00000014 x14:00000091
27228300ns          478824 1c00948e 1006c833 p.exths          x16, x13, x0        x16=fffffffb x13:0000fffb
27228320ns          478825 1c009492 06b11823 sh               x11, 112(x2)        x11:0000009a  x2:100014d8  PA:10001548
27228340ns          478826 1c009496 000f5f03 lhu              x30, 0(x30)         x30=0000fee8 x30:1c002e74  PA:1c002e74
27228658ns          478842 1c00949a 0a012583 lw               x11, 160(x2)        x11=1c002e94  x2:100014d8  PA:10001578
27228678ns          478843 1c00949c 1007d7b3 p.exthz          x15, x15, x0        x15=0000ffe0 x15:ffffffe0
27228698ns          478844 1c0094a0 0004da03 lhu              x20, 0(x9)          x20=0000fb1b  x9:1c002e64  PA:1c002e64
27229016ns          478860 1c0094a4 1007c533 p.exths          x10, x15, x0        x10=ffffffe0 x15:0000ffe0
27229036ns          478861 1c0094a8 09d11023 sh               x29, 128(x2)        x29:00000041  x2:100014d8  PA:10001558
27229056ns          478862 1c0094ac 0003d483 lhu              x9, 0(x7)            x9=0000ffd4  x7:1c002eb4  PA:1c002eb4
27229354ns          478877 1c0094b0 02e80eb3 mul              x29, x16, x14       x29=fffffd2b x16:fffffffb x14:00000091
27229374ns          478878 1c0094b4 40a8d893 srai             x17, x17, 0x40a     x17=00000002 x17:00000b54
27229394ns          478879 1c0094b8 03c80833 mul              x16, x16, x28       x16=ffffff9c x16:fffffffb x28:00000014
27229414ns          478880 1c0094bc 09e11823 sh               x30, 144(x2)        x30:0000fee8  x2:100014d8  PA:10001568
27229434ns          478881 1c0094c0 0005d983 lhu              x19, 0(x11)         x19=0000ff9e x11:1c002e94  PA:1c002e94
27229792ns          478899 1c0094c4 81c88f5b p.muls           x30, x17, x28       x30=00000028 x17:00000002 x28:00000014
27229812ns          478900 1c0094c8 0002d583 lhu              x11, 0(x5)          x11=0000ff80  x5:1c002ea4  PA:1c002ea4
27230110ns          478915 1c0094cc 03ce0fb3 mul              x31, x28, x28       x31=00000190 x28:00000014 x28:00000014
27230130ns          478916 1c0094d0 02e50733 mul              x14, x10, x14       x14=ffffede0 x10:ffffffe0 x14:00000091
27230150ns          478917 1c0094d4 40a85813 srai             x16, x16, 0x40a     x16=ffffffff x16:ffffff9c
27230170ns          478918 1c0094d8 03c50533 mul              x10, x10, x28       x10=fffffd80 x10:ffffffe0 x28:00000014
27230190ns          478919 1c0094dc 07015e03 lhu              x28, 112(x2)        x28=0000009a  x2:100014d8  PA:10001548
27230249ns          478922 1c0094e0 01b60633 add              x12, x12, x27       x12=00001657 x12:00000091 x27:000015c6
27230269ns          478923 1c0094e2 00980833 add              x16, x16, x9        x16=0000ffd3 x16:ffffffff  x9:0000ffd4
27230289ns          478924 1c0094e4 06015d83 lhu              x27, 96(x2)         x27=0000019b  x2:100014d8  PA:10001538
27230309ns          478925 1c0094e8 02812483 lw               x9, 40(x2)           x9=1c002ec4  x2:100014d8  PA:10001500
27230329ns          478926 1c0094ea 40afdf93 srai             x31, x31, 0x40a     x31=00000000 x31:00000190
27230349ns          478927 1c0094ee 40a55513 srai             x10, x10, 0x40a     x10=ffffffff x10:fffffd80
27230369ns          478928 1c0094f0 01cf8fb3 add              x31, x31, x28       x31=0000009a x31:00000000 x28:0000009a
27230389ns          478929 1c0094f2 00b50533 add              x10, x10, x11       x10=0000ff7f x10:ffffffff x11:0000ff80
27230408ns          478930 1c0094f4 09015e03 lhu              x28, 144(x2)        x28=0000fee8  x2:100014d8  PA:10001568
27230448ns          478932 1c0094f8 03012583 lw               x11, 48(x2)         x11=1c002ed4  x2:100014d8  PA:10001508
27230468ns          478933 1c0094fa 00c49023 sh               x12, 0(x9)          x12:00001657  x9:1c002ec4  PA:1c002ec4
27230786ns          478949 1c0094fe 01b888b3 add              x17, x17, x27       x17=0000019d x17:00000002 x27:0000019b
27230806ns          478950 1c009500 01a30333 add              x6, x6, x26          x6=00000534  x6:00000014 x26:00000520
27230826ns          478951 1c009502 08015d83 lhu              x27, 128(x2)        x27=00000041  x2:100014d8  PA:10001558
27230846ns          478952 1c009506 0000d903 lhu              x18, 0(x1)          x18=0000feaa  x1:1c002e84  PA:1c002e84
27231144ns          478967 1c00950a 01c686b3 add              x13, x13, x28       x13=0001fee3 x13:0000fffb x28:0000fee8
27231164ns          478968 1c00950c 00659023 sh               x6, 0(x11)           x6:00000534 x11:1c002ed4  PA:1c002ed4
27231482ns          478984 1c009510 40af5f13 srai             x30, x30, 0x40a     x30=00000000 x30:00000028
27231502ns          478985 1c009514 04812e03 lw               x28, 72(x2)         x28=1c002f04  x2:100014d8  PA:10001520
27231522ns          478986 1c009516 01bf0f33 add              x30, x30, x27       x30=00000041 x30:00000000 x27:00000041
27231542ns          478987 1c009518 40aede93 srai             x29, x29, 0x40a     x29=ffffffff x29:fffffd2b
27231562ns          478988 1c00951c 40a75713 srai             x14, x14, 0x40a     x14=fffffffb x14:ffffede0
27231582ns          478989 1c00951e 03812603 lw               x12, 56(x2)         x12=1c002ee4  x2:100014d8  PA:10001510
27231602ns          478990 1c009520 04012d83 lw               x27, 64(x2)         x27=1c002ef4  x2:100014d8  PA:10001518
27231622ns          478991 1c009522 01ee1023 sh               x30, 0(x28)         x30:00000041 x28:1c002f04  PA:1c002f04
27231940ns          479007 1c009526 05812483 lw               x9, 88(x2)           x9=1c002e64  x2:100014d8  PA:10001530
27231960ns          479008 1c009528 05012f03 lw               x30, 80(x2)         x30=1c002e74  x2:100014d8  PA:10001528
27231980ns          479009 1c00952a 0a012583 lw               x11, 160(x2)        x11=1c002e94  x2:100014d8  PA:10001578
27232000ns          479010 1c00952c 014787b3 add              x15, x15, x20       x15=0001fafb x15:0000ffe0 x20:0000fb1b
27232019ns          479011 1c00952e 013e8eb3 add              x29, x29, x19       x29=0000ff9d x29:ffffffff x19:0000ff9e
27232039ns          479012 1c009530 01270733 add              x14, x14, x18       x14=0000fea5 x14:fffffffb x18:0000feaa
27232059ns          479013 1c009532 00f49023 sh               x15, 0(x9)          x15:0001fafb  x9:1c002e64  PA:1c002e64
27232377ns          479029 1c009536 01161023 sh               x17, 0(x12)         x17:0000019d x12:1c002ee4  PA:1c002ee4
27232715ns          479046 1c00953a 01fd9023 sh               x31, 0(x27)         x31:0000009a x27:1c002ef4  PA:1c002ef4
27233073ns          479064 1c00953e 00df1023 sh               x13, 0(x30)         x13:0001fee3 x30:1c002e74  PA:1c002e74
27233392ns          479080 1c009542 01d59023 sh               x29, 0(x11)         x29:0000ff9d x11:1c002e94  PA:1c002e94
27233710ns          479096 1c009546 00e09023 sh               x14, 0(x1)          x14:0000fea5  x1:1c002e84  PA:1c002e84
27234028ns          479112 1c00954a 01039023 sh               x16, 0(x7)          x16:0000ffd3  x7:1c002eb4  PA:1c002eb4
27234366ns          479129 1c00954e 00a29023 sh               x10, 0(x5)          x10:0000ff7f  x5:1c002ea4  PA:1c002ea4
27234724ns          479147 1c009552 008b0b13 addi             x22, x22, 8         x22=00000162 x22:0000015a
27234744ns          479148 1c009554 1f300793 addi             x15, x0, 499        x15=000001f3
27234764ns          479149 1c009558 e767dae3 bge              x15, x22, -396      x15:000001f3 x22:00000162
27234824ns          479152 1c0093cc 010c9a0b p.lh             x20, 16(x25!)       x20=000000a4 x25=1c00295c x25:1c00294c  PA:1c00294c
27235162ns          479169 1c0093d0 0104198b p.lh             x19, 16(x8!)        x19=ffffff8f  x8=1c002124  x8:1c002114  PA:1c002114
27235460ns          479184 1c0093d4 2cc10513 addi             x10, x2, 716        x10=100017a4  x2:100014d8
27235480ns          479185 1c0093d6 010a990b p.lh             x18, 16(x21!)       x18=0000009e x21=1c001950 x21:1c001940  PA:1c001940
27235798ns          479201 1c0093da 010b948b p.lh             x9, 16(x23!)         x9=ffffff87 x23=1c001180 x23:1c001170  PA:1c001170
27236096ns          479216 1c0093de 2d411623 sh               x20, 716(x2)        x20:000000a4  x2:100014d8  PA:100017a4
27236116ns          479217 1c0093e2 2d311723 sh               x19, 718(x2)        x19:ffffff8f  x2:100014d8  PA:100017a6
27236136ns          479218 1c0093e6 c33ff0ef jal              x1, -974             x1=1c0093e8
27236216ns          479222 1c009018 00051803 lh               x16, 0(x10)         x16=000000a4 x10:100017a4  PA:100017a4
27236256ns          479224 1c00901c 00251883 lh               x17, 2(x10)         x17=ffffff8f x10:100017a4  PA:100017a6
27236315ns          479227 1c009020 030806b3 mul              x13, x16, x16       x13=00006910 x16:000000a4 x16:000000a4
27236355ns          479229 1c009024 03188633 mul              x12, x17, x17       x12=000031e1 x17:ffffff8f x17:ffffff8f
27236375ns          479230 1c009028 40a65613 srai             x12, x12, 0x40a     x12=0000000c x12:000031e1
27236395ns          479231 1c00902a 40a6d693 srai             x13, x13, 0x40a     x13=0000001a x13:00006910
27236415ns          479232 1c00902c 00c686b3 add              x13, x13, x12       x13=00000026 x13:0000001a x12:0000000c
27236435ns          479233 1c00902e 1006c633 p.exths          x12, x13, x0        x12=00000026 x13:00000026
27236454ns          479234 1c009032 00855703 lhu              x14, 8(x10)         x14=0000ffd1 x10:100017a4  PA:100017ac
27236474ns          479235 1c009036 00a55683 lhu              x13, 10(x10)        x13=0000ff6a x10:100017a4  PA:100017ae
27236494ns          479236 1c00903a 02c60333 mul              x6, x12, x12         x6=000005a4 x12:00000026 x12:00000026
27236514ns          479237 1c00903e 00c55783 lhu              x15, 12(x10)        x15=0000ffe5 x10:100017a4  PA:100017b0
27236534ns          479238 1c009042 00e55583 lhu              x11, 14(x10)        x11=00000060 x10:100017a4  PA:100017b2
27236554ns          479239 1c009046 dea30333 p.extract        x6, x6, 15, 10       x6=00000001  x6:000005a4
27236574ns          479240 1c00904a 80c7075b p.muls           x14, x14, x12       x14=fffff906 x14:0000ffd1 x12:00000026
27236594ns          479241 1c00904e 80c686db p.muls           x13, x13, x12       x13=ffffe9bc x13:0000ff6a x12:00000026
27236614ns          479242 1c009052 00455e83 lhu              x29, 4(x10)         x29=00000427 x10:100017a4  PA:100017a8
27236633ns          479243 1c009056 00655e03 lhu              x28, 6(x10)         x28=0000007f x10:100017a4  PA:100017aa
27236653ns          479244 1c00905a 40a75713 srai             x14, x14, 0x40a     x14=fffffffe x14:fffff906
27236673ns          479245 1c00905c 806787db p.muls           x15, x15, x6        x15=ffffffe5 x15:0000ffe5  x6:00000001
27236693ns          479246 1c009060 40a6d693 srai             x13, x13, 0x40a     x13=fffffffa x13:ffffe9bc
27236713ns          479247 1c009062 8065865b p.muls           x12, x11, x6        x12=00000060 x11:00000060  x6:00000001
27236733ns          479248 1c009066 40a7d793 srai             x15, x15, 0x40a     x15=ffffffff x15:ffffffe5
27236753ns          479249 1c009068 40a65613 srai             x12, x12, 0x40a     x12=00000000 x12:00000060
27236773ns          479250 1c00906a 01d70733 add              x14, x14, x29       x14=00000425 x14:fffffffe x29:00000427
27236793ns          479251 1c00906c 01c686b3 add              x13, x13, x28       x13=00000079 x13:fffffffa x28:0000007f
27236812ns          479252 1c00906e 00c686b3 add              x13, x13, x12       x13=00000079 x13:00000079 x12:00000000
27236832ns          479253 1c009070 00f70733 add              x14, x14, x15       x14=00000424 x14:00000425 x15:ffffffff
27236852ns          479254 1c009072 100747b3 p.exths          x15, x14, x0        x15=00000424 x14:00000424
27236872ns          479255 1c009076 1006c733 p.exths          x14, x13, x0        x14=00000079 x13:00000079
27236892ns          479256 1c00907a 03170633 mul              x12, x14, x17       x12=ffffca97 x14:00000079 x17:ffffff8f
27236912ns          479257 1c00907e 030786b3 mul              x13, x15, x16       x13=0002a710 x15:00000424 x16:000000a4
27236932ns          479258 1c009082 03070733 mul              x14, x14, x16       x14=00004d84 x14:00000079 x16:000000a4
27236952ns          479259 1c009086 031787b3 mul              x15, x15, x17       x15=fffe2c1c x15:00000424 x17:ffffff8f
27236972ns          479260 1c00908a 40a6d693 srai             x13, x13, 0x40a     x13=000000a9 x13:0002a710
27236991ns          479261 1c00908c 40a65613 srai             x12, x12, 0x40a     x12=fffffff2 x12:ffffca97
27237011ns          479262 1c00908e 40a7d793 srai             x15, x15, 0x40a     x15=ffffff8b x15:fffe2c1c
27237031ns          479263 1c009090 40a75713 srai             x14, x14, 0x40a     x14=00000013 x14:00004d84
27237051ns          479264 1c009092 40c686b3 sub              x13, x13, x12       x13=000000b7 x13:000000a9 x12:fffffff2
27237071ns          479265 1c009094 00e787b3 add              x15, x15, x14       x15=ffffff9e x15:ffffff8b x14:00000013
27237091ns          479266 1c009096 00d51823 sh               x13, 16(x10)        x13:000000b7 x10:100017a4  PA:100017b4
27237111ns          479267 1c00909a 00f51923 sh               x15, 18(x10)        x15:ffffff9e x10:100017a4  PA:100017b6
27237131ns          479268 1c00909e 00008067 jalr             x0, x1, 0            x1:1c0093e8
27237210ns          479272 1c0093e8 2dc15583 lhu              x11, 732(x2)        x11=000000b7  x2:100014d8  PA:100017b4
27237230ns          479273 1c0093ec 2de15783 lhu              x15, 734(x2)        x15=0000ff9e  x2:100014d8  PA:100017b6
27237250ns          479274 1c0093f0 40b90933 sub              x18, x18, x11       x18=ffffffe7 x18:0000009e x11:000000b7
27237270ns          479275 1c0093f4 40f484b3 sub              x9, x9, x15          x9=fffeffe9  x9:ffffff87 x15:0000ff9e
27237290ns          479276 1c0093f6 100945b3 p.exths          x11, x18, x0        x11=ffffffe7 x18:ffffffe7
27237310ns          479277 1c0093fa 1004c7b3 p.exths          x15, x9, x0         x15=ffffffe9  x9:fffeffe9
27237329ns          479278 1c0093fe 034586b3 mul              x13, x11, x20       x13=ffffeffc x11:ffffffe7 x20:000000a4
27237349ns          479279 1c009402 03378533 mul              x10, x15, x19       x10=00000a27 x15:ffffffe9 x19:ffffff8f
27237369ns          479280 1c009406 034a0633 mul              x12, x20, x20       x12=00006910 x20:000000a4 x20:000000a4
27237389ns          479281 1c00940a 03398733 mul              x14, x19, x19       x14=000031e1 x19:ffffff8f x19:ffffff8f
27237409ns          479282 1c00940e 034787b3 mul              x15, x15, x20       x15=fffff144 x15:ffffffe9 x20:000000a4
27237429ns          479283 1c009412 033585b3 mul              x11, x11, x19       x11=00000b09 x11:ffffffe7 x19:ffffff8f
27237449ns          479284 1c009416 40a75713 srai             x14, x14, 0x40a     x14=0000000c x14:000031e1
27237469ns          479285 1c009418 40a5d593 srai             x11, x11, 0x40a     x11=00000002 x11:00000b09
27237489ns          479286 1c00941a 40a65613 srai             x12, x12, 0x40a     x12=0000001a x12:00006910
27237508ns          479287 1c00941c 40a7d793 srai             x15, x15, 0x40a     x15=fffffffc x15:fffff144
27237548ns          479289 1c00941e 1c0034b7 lui              x9, 0x1c003000       x9=1c003000
27237568ns          479290 1c009422 00e60633 add              x12, x12, x14       x12=00000026 x12:0000001a x14:0000000c
27237588ns          479291 1c009424 40b787b3 sub              x15, x15, x11       x15=fffffffa x15:fffffffc x11:00000002
27237608ns          479292 1c009426 eb048493 addi             x9, x9, -336         x9=1c002eb0  x9:1c003000
27237628ns          479293 1c00942a 1c0032b7 lui              x5, 0x1c003000       x5=1c003000
27237648ns          479294 1c00942e 1c0035b7 lui              x11, 0x1c003000     x11=1c003000
27237668ns          479295 1c009432 018483b3 add              x7, x9, x24          x7=1c002eb4  x9:1c002eb0 x24:00000004
27237687ns          479296 1c009436 02812e83 lw               x29, 40(x2)         x29=1c002ec4  x2:100014d8  PA:10001500
27237707ns          479297 1c009438 10065633 p.exthz          x12, x12, x0        x12=00000026 x12:00000026
27237727ns          479298 1c00943c e8028293 addi             x5, x5, -384         x5=1c002e80  x5:1c003000
27237747ns          479299 1c009440 ea058593 addi             x11, x11, -352      x11=1c002ea0 x11:1c003000
27237767ns          479300 1c009444 03812483 lw               x9, 56(x2)           x9=1c002ee4  x2:100014d8  PA:10001510
27237787ns          479301 1c009446 10064733 p.exths          x14, x12, x0        x14=00000026 x12:00000026
27237807ns          479302 1c00944a 018280b3 add              x1, x5, x24          x1=1c002e84  x5:1c002e80 x24:00000004
27237827ns          479303 1c00944e 03012f03 lw               x30, 48(x2)         x30=1c002ed4  x2:100014d8  PA:10001508
27237847ns          479304 1c009450 018582b3 add              x5, x11, x24         x5=1c002ea4 x11:1c002ea0 x24:00000004
27237866ns          479305 1c009454 04012583 lw               x11, 64(x2)         x11=1c002ef4  x2:100014d8  PA:10001518
27237886ns          479306 1c009456 000edd83 lhu              x27, 0(x29)         x27=00001657 x29:1c002ec4  PA:1c002ec4
27238185ns          479321 1c00945a 0004d483 lhu              x9, 0(x9)            x9=0000019d  x9:1c002ee4  PA:1c002ee4
27238483ns          479336 1c00945e 02e70333 mul              x6, x14, x14         x6=000005a4 x14:00000026 x14:00000026
27238503ns          479337 1c009462 40a55513 srai             x10, x10, 0x40a     x10=00000002 x10:00000a27
27238523ns          479338 1c009464 04812e83 lw               x29, 72(x2)         x29=1c002f04  x2:100014d8  PA:10001520
27238543ns          479339 1c009466 40a6d693 srai             x13, x13, 0x40a     x13=fffffffb x13:ffffeffc
27238563ns          479340 1c009468 000f5d03 lhu              x26, 0(x30)         x26=00000534 x30:1c002ed4  PA:1c002ed4
27238861ns          479355 1c00946c 0005d583 lhu              x11, 0(x11)         x11=0000009a x11:1c002ef4  PA:1c002ef4
27239159ns          479370 1c009470 40a35313 srai             x6, x6, 0x40a        x6=00000001  x6:000005a4
27239179ns          479371 1c009474 00a686b3 add              x13, x13, x10       x13=fffffffd x13:fffffffb x10:00000002
27239199ns          479372 1c009476 05012f03 lw               x30, 80(x2)         x30=1c002e74  x2:100014d8  PA:10001528
27239219ns          479373 1c009478 10034e33 p.exths          x28, x6, x0         x28=00000001  x6:00000001
27239239ns          479374 1c00947c 06911023 sh               x9, 96(x2)           x9:0000019d  x2:100014d8  PA:10001538
27239259ns          479375 1c009480 000ede83 lhu              x29, 0(x29)         x29=00000041 x29:1c002f04  PA:1c002f04
27239577ns          479391 1c009484 05812483 lw               x9, 88(x2)           x9=1c002e64  x2:100014d8  PA:10001530
27239597ns          479392 1c009486 1006d6b3 p.exthz          x13, x13, x0        x13=0000fffd x13:fffffffd
27239617ns          479393 1c00948a 02ee08b3 mul              x17, x28, x14       x17=00000026 x28:00000001 x14:00000026
27239636ns          479394 1c00948e 1006c833 p.exths          x16, x13, x0        x16=fffffffd x13:0000fffd
27239656ns          479395 1c009492 06b11823 sh               x11, 112(x2)        x11:0000009a  x2:100014d8  PA:10001548
27239676ns          479396 1c009496 000f5f03 lhu              x30, 0(x30)         x30=0000fee3 x30:1c002e74  PA:1c002e74
27239975ns          479411 1c00949a 0a012583 lw               x11, 160(x2)        x11=1c002e94  x2:100014d8  PA:10001578
27239994ns          479412 1c00949c 1007d7b3 p.exthz          x15, x15, x0        x15=0000fffa x15:fffffffa
27240014ns          479413 1c0094a0 0004da03 lhu              x20, 0(x9)          x20=0000fafb  x9:1c002e64  PA:1c002e64
27240392ns          479432 1c0094a4 1007c533 p.exths          x10, x15, x0        x10=fffffffa x15:0000fffa
27240412ns          479433 1c0094a8 09d11023 sh               x29, 128(x2)        x29:00000041  x2:100014d8  PA:10001558
27240432ns          479434 1c0094ac 0003d483 lhu              x9, 0(x7)            x9=0000ffd3  x7:1c002eb4  PA:1c002eb4
27240730ns          479449 1c0094b0 02e80eb3 mul              x29, x16, x14       x29=ffffff8e x16:fffffffd x14:00000026
27240750ns          479450 1c0094b4 40a8d893 srai             x17, x17, 0x40a     x17=00000000 x17:00000026
27240770ns          479451 1c0094b8 03c80833 mul              x16, x16, x28       x16=fffffffd x16:fffffffd x28:00000001
27240790ns          479452 1c0094bc 09e11823 sh               x30, 144(x2)        x30:0000fee3  x2:100014d8  PA:10001568
27240810ns          479453 1c0094c0 0005d983 lhu              x19, 0(x11)         x19=0000ff9d x11:1c002e94  PA:1c002e94
27241128ns          479469 1c0094c4 81c88f5b p.muls           x30, x17, x28       x30=00000000 x17:00000000 x28:00000001
27241148ns          479470 1c0094c8 0002d583 lhu              x11, 0(x5)          x11=0000ff7f  x5:1c002ea4  PA:1c002ea4
27241526ns          479489 1c0094cc 03ce0fb3 mul              x31, x28, x28       x31=00000001 x28:00000001 x28:00000001
27241546ns          479490 1c0094d0 02e50733 mul              x14, x10, x14       x14=ffffff1c x10:fffffffa x14:00000026
27241566ns          479491 1c0094d4 40a85813 srai             x16, x16, 0x40a     x16=ffffffff x16:fffffffd
27241586ns          479492 1c0094d8 03c50533 mul              x10, x10, x28       x10=fffffffa x10:fffffffa x28:00000001
27241605ns          479493 1c0094dc 07015e03 lhu              x28, 112(x2)        x28=0000009a  x2:100014d8  PA:10001548
27241645ns          479495 1c0094e0 01b60633 add              x12, x12, x27       x12=0000167d x12:00000026 x27:00001657
27241665ns          479496 1c0094e2 00980833 add              x16, x16, x9        x16=0000ffd2 x16:ffffffff  x9:0000ffd3
27241685ns          479497 1c0094e4 06015d83 lhu              x27, 96(x2)         x27=0000019d  x2:100014d8  PA:10001538
27241705ns          479498 1c0094e8 02812483 lw               x9, 40(x2)           x9=1c002ec4  x2:100014d8  PA:10001500
27241725ns          479499 1c0094ea 40afdf93 srai             x31, x31, 0x40a     x31=00000000 x31:00000001
27241745ns          479500 1c0094ee 40a55513 srai             x10, x10, 0x40a     x10=ffffffff x10:fffffffa
27241765ns          479501 1c0094f0 01cf8fb3 add              x31, x31, x28       x31=0000009a x31:00000000 x28:0000009a
27241784ns          479502 1c0094f2 00b50533 add              x10, x10, x11       x10=0000ff7e x10:ffffffff x11:0000ff7f
27241804ns          479503 1c0094f4 09015e03 lhu              x28, 144(x2)        x28=0000fee3  x2:100014d8  PA:10001568
27241824ns          479504 1c0094f8 03012583 lw               x11, 48(x2)         x11=1c002ed4  x2:100014d8  PA:10001508
27241844ns          479505 1c0094fa 00c49023 sh               x12, 0(x9)          x12:0000167d  x9:1c002ec4  PA:1c002ec4
27242162ns          479521 1c0094fe 01b888b3 add              x17, x17, x27       x17=0000019d x17:00000000 x27:0000019d
27242182ns          479522 1c009500 01a30333 add              x6, x6, x26          x6=00000535  x6:00000001 x26:00000534
27242202ns          479523 1c009502 08015d83 lhu              x27, 128(x2)        x27=00000041  x2:100014d8  PA:10001558
27242222ns          479524 1c009506 0000d903 lhu              x18, 0(x1)          x18=0000fea5  x1:1c002e84  PA:1c002e84
27242520ns          479539 1c00950a 01c686b3 add              x13, x13, x28       x13=0001fee0 x13:0000fffd x28:0000fee3
27242540ns          479540 1c00950c 00659023 sh               x6, 0(x11)           x6:00000535 x11:1c002ed4  PA:1c002ed4
27242858ns          479556 1c009510 40af5f13 srai             x30, x30, 0x40a     x30=00000000 x30:00000000
27242878ns          479557 1c009514 04812e03 lw               x28, 72(x2)         x28=1c002f04  x2:100014d8  PA:10001520
27242898ns          479558 1c009516 01bf0f33 add              x30, x30, x27       x30=00000041 x30:00000000 x27:00000041
27242918ns          479559 1c009518 40aede93 srai             x29, x29, 0x40a     x29=ffffffff x29:ffffff8e
27242938ns          479560 1c00951c 40a75713 srai             x14, x14, 0x40a     x14=ffffffff x14:ffffff1c
27242958ns          479561 1c00951e 03812603 lw               x12, 56(x2)         x12=1c002ee4  x2:100014d8  PA:10001510
27242978ns          479562 1c009520 04012d83 lw               x27, 64(x2)         x27=1c002ef4  x2:100014d8  PA:10001518
27242998ns          479563 1c009522 01ee1023 sh               x30, 0(x28)         x30:00000041 x28:1c002f04  PA:1c002f04
27243316ns          479579 1c009526 05812483 lw               x9, 88(x2)           x9=1c002e64  x2:100014d8  PA:10001530
27243336ns          479580 1c009528 05012f03 lw               x30, 80(x2)         x30=1c002e74  x2:100014d8  PA:10001528
27243356ns          479581 1c00952a 0a012583 lw               x11, 160(x2)        x11=1c002e94  x2:100014d8  PA:10001578
27243375ns          479582 1c00952c 014787b3 add              x15, x15, x20       x15=0001faf5 x15:0000fffa x20:0000fafb
27243395ns          479583 1c00952e 013e8eb3 add              x29, x29, x19       x29=0000ff9c x29:ffffffff x19:0000ff9d
27243415ns          479584 1c009530 01270733 add              x14, x14, x18       x14=0000fea4 x14:ffffffff x18:0000fea5
27243435ns          479585 1c009532 00f49023 sh               x15, 0(x9)          x15:0001faf5  x9:1c002e64  PA:1c002e64
27243753ns          479601 1c009536 01161023 sh               x17, 0(x12)         x17:0000019d x12:1c002ee4  PA:1c002ee4
27244072ns          479617 1c00953a 01fd9023 sh               x31, 0(x27)         x31:0000009a x27:1c002ef4  PA:1c002ef4
27244390ns          479633 1c00953e 00df1023 sh               x13, 0(x30)         x13:0001fee0 x30:1c002e74  PA:1c002e74
27244708ns          479649 1c009542 01d59023 sh               x29, 0(x11)         x29:0000ff9c x11:1c002e94  PA:1c002e94
27245046ns          479666 1c009546 00e09023 sh               x14, 0(x1)          x14:0000fea4  x1:1c002e84  PA:1c002e84
27245384ns          479683 1c00954a 01039023 sh               x16, 0(x7)          x16:0000ffd2  x7:1c002eb4  PA:1c002eb4
27245702ns          479699 1c00954e 00a29023 sh               x10, 0(x5)          x10:0000ff7e  x5:1c002ea4  PA:1c002ea4
27246040ns          479716 1c009552 008b0b13 addi             x22, x22, 8         x22=0000016a x22:00000162
27246060ns          479717 1c009554 1f300793 addi             x15, x0, 499        x15=000001f3
27246080ns          479718 1c009558 e767dae3 bge              x15, x22, -396      x15:000001f3 x22:0000016a
27246140ns          479721 1c0093cc 010c9a0b p.lh             x20, 16(x25!)       x20=ffffffc1 x25=1c00296c x25:1c00295c  PA:1c00295c
27246438ns          479736 1c0093d0 0104198b p.lh             x19, 16(x8!)        x19=00000080  x8=1c002134  x8:1c002124  PA:1c002124
27246796ns          479754 1c0093d4 2cc10513 addi             x10, x2, 716        x10=100017a4  x2:100014d8
27246816ns          479755 1c0093d6 010a990b p.lh             x18, 16(x21!)       x18=ffffffc7 x21=1c001960 x21:1c001950  PA:1c001950
27247174ns          479773 1c0093da 010b948b p.lh             x9, 16(x23!)         x9=0000007a x23=1c001190 x23:1c001180  PA:1c001180
27247572ns          479793 1c0093de 2d411623 sh               x20, 716(x2)        x20:ffffffc1  x2:100014d8  PA:100017a4
27247592ns          479794 1c0093e2 2d311723 sh               x19, 718(x2)        x19:00000080  x2:100014d8  PA:100017a6
27247612ns          479795 1c0093e6 c33ff0ef jal              x1, -974             x1=1c0093e8
27247651ns          479797 1c009018 00051803 lh               x16, 0(x10)         x16=ffffffc1 x10:100017a4  PA:100017a4
27247671ns          479798 1c00901c 00251883 lh               x17, 2(x10)         x17=00000080 x10:100017a4  PA:100017a6
27247691ns          479799 1c009020 030806b3 mul              x13, x16, x16       x13=00000f81 x16:ffffffc1 x16:ffffffc1
27247711ns          479800 1c009024 03188633 mul              x12, x17, x17       x12=00004000 x17:00000080 x17:00000080
27247731ns          479801 1c009028 40a65613 srai             x12, x12, 0x40a     x12=00000010 x12:00004000
27247751ns          479802 1c00902a 40a6d693 srai             x13, x13, 0x40a     x13=00000003 x13:00000f81
27247771ns          479803 1c00902c 00c686b3 add              x13, x13, x12       x13=00000013 x13:00000003 x12:00000010
27247791ns          479804 1c00902e 1006c633 p.exths          x12, x13, x0        x12=00000013 x13:00000013
27247810ns          479805 1c009032 00855703 lhu              x14, 8(x10)         x14=0000ffd1 x10:100017a4  PA:100017ac
27247830ns          479806 1c009036 00a55683 lhu              x13, 10(x10)        x13=0000ff6a x10:100017a4  PA:100017ae
27247850ns          479807 1c00903a 02c60333 mul              x6, x12, x12         x6=00000169 x12:00000013 x12:00000013
27247870ns          479808 1c00903e 00c55783 lhu              x15, 12(x10)        x15=0000ffe5 x10:100017a4  PA:100017b0
27247890ns          479809 1c009042 00e55583 lhu              x11, 14(x10)        x11=00000060 x10:100017a4  PA:100017b2
27247910ns          479810 1c009046 dea30333 p.extract        x6, x6, 15, 10       x6=00000000  x6:00000169
27247930ns          479811 1c00904a 80c7075b p.muls           x14, x14, x12       x14=fffffc83 x14:0000ffd1 x12:00000013
27247950ns          479812 1c00904e 80c686db p.muls           x13, x13, x12       x13=fffff4de x13:0000ff6a x12:00000013
27247970ns          479813 1c009052 00455e83 lhu              x29, 4(x10)         x29=00000427 x10:100017a4  PA:100017a8
27247989ns          479814 1c009056 00655e03 lhu              x28, 6(x10)         x28=0000007f x10:100017a4  PA:100017aa
27248009ns          479815 1c00905a 40a75713 srai             x14, x14, 0x40a     x14=ffffffff x14:fffffc83
27248029ns          479816 1c00905c 806787db p.muls           x15, x15, x6        x15=00000000 x15:0000ffe5  x6:00000000
27248049ns          479817 1c009060 40a6d693 srai             x13, x13, 0x40a     x13=fffffffd x13:fffff4de
27248089ns          479819 1c009062 8065865b p.muls           x12, x11, x6        x12=00000000 x11:00000060  x6:00000000
27248109ns          479820 1c009066 40a7d793 srai             x15, x15, 0x40a     x15=00000000 x15:00000000
27248129ns          479821 1c009068 40a65613 srai             x12, x12, 0x40a     x12=00000000 x12:00000000
27248149ns          479822 1c00906a 01d70733 add              x14, x14, x29       x14=00000426 x14:ffffffff x29:00000427
27248168ns          479823 1c00906c 01c686b3 add              x13, x13, x28       x13=0000007c x13:fffffffd x28:0000007f
27248188ns          479824 1c00906e 00c686b3 add              x13, x13, x12       x13=0000007c x13:0000007c x12:00000000
27248208ns          479825 1c009070 00f70733 add              x14, x14, x15       x14=00000426 x14:00000426 x15:00000000
27248228ns          479826 1c009072 100747b3 p.exths          x15, x14, x0        x15=00000426 x14:00000426
27248248ns          479827 1c009076 1006c733 p.exths          x14, x13, x0        x14=0000007c x13:0000007c
27248268ns          479828 1c00907a 03170633 mul              x12, x14, x17       x12=00003e00 x14:0000007c x17:00000080
27248288ns          479829 1c00907e 030786b3 mul              x13, x15, x16       x13=fffefaa6 x15:00000426 x16:ffffffc1
27248308ns          479830 1c009082 03070733 mul              x14, x14, x16       x14=ffffe17c x14:0000007c x16:ffffffc1
27248328ns          479831 1c009086 031787b3 mul              x15, x15, x17       x15=00021300 x15:00000426 x17:00000080
27248347ns          479832 1c00908a 40a6d693 srai             x13, x13, 0x40a     x13=ffffffbe x13:fffefaa6
27248367ns          479833 1c00908c 40a65613 srai             x12, x12, 0x40a     x12=0000000f x12:00003e00
27248387ns          479834 1c00908e 40a7d793 srai             x15, x15, 0x40a     x15=00000084 x15:00021300
27248407ns          479835 1c009090 40a75713 srai             x14, x14, 0x40a     x14=fffffff8 x14:ffffe17c
27248427ns          479836 1c009092 40c686b3 sub              x13, x13, x12       x13=ffffffaf x13:ffffffbe x12:0000000f
27248447ns          479837 1c009094 00e787b3 add              x15, x15, x14       x15=0000007c x15:00000084 x14:fffffff8
27248467ns          479838 1c009096 00d51823 sh               x13, 16(x10)        x13:ffffffaf x10:100017a4  PA:100017b4
27248487ns          479839 1c00909a 00f51923 sh               x15, 18(x10)        x15:0000007c x10:100017a4  PA:100017b6
27248507ns          479840 1c00909e 00008067 jalr             x0, x1, 0            x1:1c0093e8
27248546ns          479842 1c0093e8 2dc15583 lhu              x11, 732(x2)        x11=0000ffaf  x2:100014d8  PA:100017b4
27248566ns          479843 1c0093ec 2de15783 lhu              x15, 734(x2)        x15=0000007c  x2:100014d8  PA:100017b6
27248586ns          479844 1c0093f0 40b90933 sub              x18, x18, x11       x18=ffff0018 x18:ffffffc7 x11:0000ffaf
27248606ns          479845 1c0093f4 40f484b3 sub              x9, x9, x15          x9=fffffffe  x9:0000007a x15:0000007c
27248626ns          479846 1c0093f6 100945b3 p.exths          x11, x18, x0        x11=00000018 x18:ffff0018
27248646ns          479847 1c0093fa 1004c7b3 p.exths          x15, x9, x0         x15=fffffffe  x9:fffffffe
27248666ns          479848 1c0093fe 034586b3 mul              x13, x11, x20       x13=fffffa18 x11:00000018 x20:ffffffc1
27248686ns          479849 1c009402 03378533 mul              x10, x15, x19       x10=ffffff00 x15:fffffffe x19:00000080
27248705ns          479850 1c009406 034a0633 mul              x12, x20, x20       x12=00000f81 x20:ffffffc1 x20:ffffffc1
27248725ns          479851 1c00940a 03398733 mul              x14, x19, x19       x14=00004000 x19:00000080 x19:00000080
27248745ns          479852 1c00940e 034787b3 mul              x15, x15, x20       x15=0000007e x15:fffffffe x20:ffffffc1
27248765ns          479853 1c009412 033585b3 mul              x11, x11, x19       x11=00000c00 x11:00000018 x19:00000080
27248785ns          479854 1c009416 40a75713 srai             x14, x14, 0x40a     x14=00000010 x14:00004000
27248805ns          479855 1c009418 40a5d593 srai             x11, x11, 0x40a     x11=00000003 x11:00000c00
27248825ns          479856 1c00941a 40a65613 srai             x12, x12, 0x40a     x12=00000003 x12:00000f81
27248845ns          479857 1c00941c 40a7d793 srai             x15, x15, 0x40a     x15=00000000 x15:0000007e
27248865ns          479858 1c00941e 1c0034b7 lui              x9, 0x1c003000       x9=1c003000
27248884ns          479859 1c009422 00e60633 add              x12, x12, x14       x12=00000013 x12:00000003 x14:00000010
27248904ns          479860 1c009424 40b787b3 sub              x15, x15, x11       x15=fffffffd x15:00000000 x11:00000003
27248924ns          479861 1c009426 eb048493 addi             x9, x9, -336         x9=1c002eb0  x9:1c003000
27248944ns          479862 1c00942a 1c0032b7 lui              x5, 0x1c003000       x5=1c003000
27248964ns          479863 1c00942e 1c0035b7 lui              x11, 0x1c003000     x11=1c003000
27248984ns          479864 1c009432 018483b3 add              x7, x9, x24          x7=1c002eb4  x9:1c002eb0 x24:00000004
27249004ns          479865 1c009436 02812e83 lw               x29, 40(x2)         x29=1c002ec4  x2:100014d8  PA:10001500
27249024ns          479866 1c009438 10065633 p.exthz          x12, x12, x0        x12=00000013 x12:00000013
27249044ns          479867 1c00943c e8028293 addi             x5, x5, -384         x5=1c002e80  x5:1c003000
27249083ns          479869 1c009440 ea058593 addi             x11, x11, -352      x11=1c002ea0 x11:1c003000
27249123ns          479871 1c009444 03812483 lw               x9, 56(x2)           x9=1c002ee4  x2:100014d8  PA:10001510
27249143ns          479872 1c009446 10064733 p.exths          x14, x12, x0        x14=00000013 x12:00000013
27249163ns          479873 1c00944a 018280b3 add              x1, x5, x24          x1=1c002e84  x5:1c002e80 x24:00000004
27249183ns          479874 1c00944e 03012f03 lw               x30, 48(x2)         x30=1c002ed4  x2:100014d8  PA:10001508
27249223ns          479876 1c009450 018582b3 add              x5, x11, x24         x5=1c002ea4 x11:1c002ea0 x24:00000004
27249262ns          479878 1c009454 04012583 lw               x11, 64(x2)         x11=1c002ef4  x2:100014d8  PA:10001518
27249282ns          479879 1c009456 000edd83 lhu              x27, 0(x29)         x27=0000167d x29:1c002ec4  PA:1c002ec4
27249580ns          479894 1c00945a 0004d483 lhu              x9, 0(x9)            x9=0000019d  x9:1c002ee4  PA:1c002ee4
27249879ns          479909 1c00945e 02e70333 mul              x6, x14, x14         x6=00000169 x14:00000013 x14:00000013
27249899ns          479910 1c009462 40a55513 srai             x10, x10, 0x40a     x10=ffffffff x10:ffffff00
27249919ns          479911 1c009464 04812e83 lw               x29, 72(x2)         x29=1c002f04  x2:100014d8  PA:10001520
27249938ns          479912 1c009466 40a6d693 srai             x13, x13, 0x40a     x13=fffffffe x13:fffffa18
27249958ns          479913 1c009468 000f5d03 lhu              x26, 0(x30)         x26=00000535 x30:1c002ed4  PA:1c002ed4
27250316ns          479931 1c00946c 0005d583 lhu              x11, 0(x11)         x11=0000009a x11:1c002ef4  PA:1c002ef4
27250615ns          479946 1c009470 40a35313 srai             x6, x6, 0x40a        x6=00000000  x6:00000169
27250635ns          479947 1c009474 00a686b3 add              x13, x13, x10       x13=fffffffd x13:fffffffe x10:ffffffff
27250654ns          479948 1c009476 05012f03 lw               x30, 80(x2)         x30=1c002e74  x2:100014d8  PA:10001528
27250674ns          479949 1c009478 10034e33 p.exths          x28, x6, x0         x28=00000000  x6:00000000
27250694ns          479950 1c00947c 06911023 sh               x9, 96(x2)           x9:0000019d  x2:100014d8  PA:10001538
27250714ns          479951 1c009480 000ede83 lhu              x29, 0(x29)         x29=00000041 x29:1c002f04  PA:1c002f04
27251052ns          479968 1c009484 05812483 lw               x9, 88(x2)           x9=1c002e64  x2:100014d8  PA:10001530
27251072ns          479969 1c009486 1006d6b3 p.exthz          x13, x13, x0        x13=0000fffd x13:fffffffd
27251092ns          479970 1c00948a 02ee08b3 mul              x17, x28, x14       x17=00000000 x28:00000000 x14:00000013
27251112ns          479971 1c00948e 1006c833 p.exths          x16, x13, x0        x16=fffffffd x13:0000fffd
27251132ns          479972 1c009492 06b11823 sh               x11, 112(x2)        x11:0000009a  x2:100014d8  PA:10001548
27251152ns          479973 1c009496 000f5f03 lhu              x30, 0(x30)         x30=0000fee0 x30:1c002e74  PA:1c002e74
27251549ns          479993 1c00949a 0a012583 lw               x11, 160(x2)        x11=1c002e94  x2:100014d8  PA:10001578
27251569ns          479994 1c00949c 1007d7b3 p.exthz          x15, x15, x0        x15=0000fffd x15:fffffffd
27251589ns          479995 1c0094a0 0004da03 lhu              x20, 0(x9)          x20=0000faf5  x9:1c002e64  PA:1c002e64
27251907ns          480011 1c0094a4 1007c533 p.exths          x10, x15, x0        x10=fffffffd x15:0000fffd
27251927ns          480012 1c0094a8 09d11023 sh               x29, 128(x2)        x29:00000041  x2:100014d8  PA:10001558
27251947ns          480013 1c0094ac 0003d483 lhu              x9, 0(x7)            x9=0000ffd2  x7:1c002eb4  PA:1c002eb4
27252305ns          480031 1c0094b0 02e80eb3 mul              x29, x16, x14       x29=ffffffc7 x16:fffffffd x14:00000013
27252325ns          480032 1c0094b4 40a8d893 srai             x17, x17, 0x40a     x17=00000000 x17:00000000
27252345ns          480033 1c0094b8 03c80833 mul              x16, x16, x28       x16=00000000 x16:fffffffd x28:00000000
27252365ns          480034 1c0094bc 09e11823 sh               x30, 144(x2)        x30:0000fee0  x2:100014d8  PA:10001568
27252385ns          480035 1c0094c0 0005d983 lhu              x19, 0(x11)         x19=0000ff9c x11:1c002e94  PA:1c002e94
27252703ns          480051 1c0094c4 81c88f5b p.muls           x30, x17, x28       x30=00000000 x17:00000000 x28:00000000
27252723ns          480052 1c0094c8 0002d583 lhu              x11, 0(x5)          x11=0000ff7e  x5:1c002ea4  PA:1c002ea4
27253061ns          480069 1c0094cc 03ce0fb3 mul              x31, x28, x28       x31=00000000 x28:00000000 x28:00000000
27253081ns          480070 1c0094d0 02e50733 mul              x14, x10, x14       x14=ffffffc7 x10:fffffffd x14:00000013
27253101ns          480071 1c0094d4 40a85813 srai             x16, x16, 0x40a     x16=00000000 x16:00000000
27253121ns          480072 1c0094d8 03c50533 mul              x10, x10, x28       x10=00000000 x10:fffffffd x28:00000000
27253140ns          480073 1c0094dc 07015e03 lhu              x28, 112(x2)        x28=0000009a  x2:100014d8  PA:10001548
27253160ns          480074 1c0094e0 01b60633 add              x12, x12, x27       x12=00001690 x12:00000013 x27:0000167d
27253180ns          480075 1c0094e2 00980833 add              x16, x16, x9        x16=0000ffd2 x16:00000000  x9:0000ffd2
27253200ns          480076 1c0094e4 06015d83 lhu              x27, 96(x2)         x27=0000019d  x2:100014d8  PA:10001538
27253220ns          480077 1c0094e8 02812483 lw               x9, 40(x2)           x9=1c002ec4  x2:100014d8  PA:10001500
27253240ns          480078 1c0094ea 40afdf93 srai             x31, x31, 0x40a     x31=00000000 x31:00000000
27253260ns          480079 1c0094ee 40a55513 srai             x10, x10, 0x40a     x10=00000000 x10:00000000
27253280ns          480080 1c0094f0 01cf8fb3 add              x31, x31, x28       x31=0000009a x31:00000000 x28:0000009a
27253300ns          480081 1c0094f2 00b50533 add              x10, x10, x11       x10=0000ff7e x10:00000000 x11:0000ff7e
27253319ns          480082 1c0094f4 09015e03 lhu              x28, 144(x2)        x28=0000fee0  x2:100014d8  PA:10001568
27253339ns          480083 1c0094f8 03012583 lw               x11, 48(x2)         x11=1c002ed4  x2:100014d8  PA:10001508
27253359ns          480084 1c0094fa 00c49023 sh               x12, 0(x9)          x12:00001690  x9:1c002ec4  PA:1c002ec4
27253697ns          480101 1c0094fe 01b888b3 add              x17, x17, x27       x17=0000019d x17:00000000 x27:0000019d
27253717ns          480102 1c009500 01a30333 add              x6, x6, x26          x6=00000535  x6:00000000 x26:00000535
27253737ns          480103 1c009502 08015d83 lhu              x27, 128(x2)        x27=00000041  x2:100014d8  PA:10001558
27253757ns          480104 1c009506 0000d903 lhu              x18, 0(x1)          x18=0000fea4  x1:1c002e84  PA:1c002e84
27254055ns          480119 1c00950a 01c686b3 add              x13, x13, x28       x13=0001fedd x13:0000fffd x28:0000fee0
27254075ns          480120 1c00950c 00659023 sh               x6, 0(x11)           x6:00000535 x11:1c002ed4  PA:1c002ed4
27254393ns          480136 1c009510 40af5f13 srai             x30, x30, 0x40a     x30=00000000 x30:00000000
27254413ns          480137 1c009514 04812e03 lw               x28, 72(x2)         x28=1c002f04  x2:100014d8  PA:10001520
27254433ns          480138 1c009516 01bf0f33 add              x30, x30, x27       x30=00000041 x30:00000000 x27:00000041
27254453ns          480139 1c009518 40aede93 srai             x29, x29, 0x40a     x29=ffffffff x29:ffffffc7
27254473ns          480140 1c00951c 40a75713 srai             x14, x14, 0x40a     x14=ffffffff x14:ffffffc7
27254493ns          480141 1c00951e 03812603 lw               x12, 56(x2)         x12=1c002ee4  x2:100014d8  PA:10001510
27254513ns          480142 1c009520 04012d83 lw               x27, 64(x2)         x27=1c002ef4  x2:100014d8  PA:10001518
27254533ns          480143 1c009522 01ee1023 sh               x30, 0(x28)         x30:00000041 x28:1c002f04  PA:1c002f04
27254851ns          480159 1c009526 05812483 lw               x9, 88(x2)           x9=1c002e64  x2:100014d8  PA:10001530
27254871ns          480160 1c009528 05012f03 lw               x30, 80(x2)         x30=1c002e74  x2:100014d8  PA:10001528
27254891ns          480161 1c00952a 0a012583 lw               x11, 160(x2)        x11=1c002e94  x2:100014d8  PA:10001578
27254910ns          480162 1c00952c 014787b3 add              x15, x15, x20       x15=0001faf2 x15:0000fffd x20:0000faf5
27254930ns          480163 1c00952e 013e8eb3 add              x29, x29, x19       x29=0000ff9b x29:ffffffff x19:0000ff9c
27254950ns          480164 1c009530 01270733 add              x14, x14, x18       x14=0000fea3 x14:ffffffff x18:0000fea4
27254970ns          480165 1c009532 00f49023 sh               x15, 0(x9)          x15:0001faf2  x9:1c002e64  PA:1c002e64
27255308ns          480182 1c009536 01161023 sh               x17, 0(x12)         x17:0000019d x12:1c002ee4  PA:1c002ee4
27255666ns          480200 1c00953a 01fd9023 sh               x31, 0(x27)         x31:0000009a x27:1c002ef4  PA:1c002ef4
27255984ns          480216 1c00953e 00df1023 sh               x13, 0(x30)         x13:0001fedd x30:1c002e74  PA:1c002e74
27256303ns          480232 1c009542 01d59023 sh               x29, 0(x11)         x29:0000ff9b x11:1c002e94  PA:1c002e94
27256621ns          480248 1c009546 00e09023 sh               x14, 0(x1)          x14:0000fea3  x1:1c002e84  PA:1c002e84
27256939ns          480264 1c00954a 01039023 sh               x16, 0(x7)          x16:0000ffd2  x7:1c002eb4  PA:1c002eb4
27257257ns          480280 1c00954e 00a29023 sh               x10, 0(x5)          x10:0000ff7e  x5:1c002ea4  PA:1c002ea4
27257575ns          480296 1c009552 008b0b13 addi             x22, x22, 8         x22=00000172 x22:0000016a
27257595ns          480297 1c009554 1f300793 addi             x15, x0, 499        x15=000001f3
27257615ns          480298 1c009558 e767dae3 bge              x15, x22, -396      x15:000001f3 x22:00000172
27257715ns          480303 1c0093cc 010c9a0b p.lh             x20, 16(x25!)       x20=ffffff74 x25=1c00297c x25:1c00296c  PA:1c00296c
27258053ns          480320 1c0093d0 0104198b p.lh             x19, 16(x8!)        x19=000000b7  x8=1c002144  x8:1c002134  PA:1c002134
27258391ns          480337 1c0093d4 2cc10513 addi             x10, x2, 716        x10=100017a4  x2:100014d8
27258411ns          480338 1c0093d6 010a990b p.lh             x18, 16(x21!)       x18=ffffff7e x21=1c001970 x21:1c001960  PA:1c001960
27258749ns          480355 1c0093da 010b948b p.lh             x9, 16(x23!)         x9=000000c3 x23=1c0011a0 x23:1c001190  PA:1c001190
27259107ns          480373 1c0093de 2d411623 sh               x20, 716(x2)        x20:ffffff74  x2:100014d8  PA:100017a4
27259127ns          480374 1c0093e2 2d311723 sh               x19, 718(x2)        x19:000000b7  x2:100014d8  PA:100017a6
27259147ns          480375 1c0093e6 c33ff0ef jal              x1, -974             x1=1c0093e8
27259186ns          480377 1c009018 00051803 lh               x16, 0(x10)         x16=ffffff74 x10:100017a4  PA:100017a4
27259206ns          480378 1c00901c 00251883 lh               x17, 2(x10)         x17=000000b7 x10:100017a4  PA:100017a6
27259226ns          480379 1c009020 030806b3 mul              x13, x16, x16       x13=00004c90 x16:ffffff74 x16:ffffff74
27259246ns          480380 1c009024 03188633 mul              x12, x17, x17       x12=000082d1 x17:000000b7 x17:000000b7
27259266ns          480381 1c009028 40a65613 srai             x12, x12, 0x40a     x12=00000020 x12:000082d1
27259286ns          480382 1c00902a 40a6d693 srai             x13, x13, 0x40a     x13=00000013 x13:00004c90
27259306ns          480383 1c00902c 00c686b3 add              x13, x13, x12       x13=00000033 x13:00000013 x12:00000020
27259326ns          480384 1c00902e 1006c633 p.exths          x12, x13, x0        x12=00000033 x13:00000033
27259346ns          480385 1c009032 00855703 lhu              x14, 8(x10)         x14=0000ffd1 x10:100017a4  PA:100017ac
27259365ns          480386 1c009036 00a55683 lhu              x13, 10(x10)        x13=0000ff6a x10:100017a4  PA:100017ae
27259385ns          480387 1c00903a 02c60333 mul              x6, x12, x12         x6=00000a29 x12:00000033 x12:00000033
27259405ns          480388 1c00903e 00c55783 lhu              x15, 12(x10)        x15=0000ffe5 x10:100017a4  PA:100017b0
27259425ns          480389 1c009042 00e55583 lhu              x11, 14(x10)        x11=00000060 x10:100017a4  PA:100017b2
27259445ns          480390 1c009046 dea30333 p.extract        x6, x6, 15, 10       x6=00000002  x6:00000a29
27259465ns          480391 1c00904a 80c7075b p.muls           x14, x14, x12       x14=fffff6a3 x14:0000ffd1 x12:00000033
27259485ns          480392 1c00904e 80c686db p.muls           x13, x13, x12       x13=ffffe21e x13:0000ff6a x12:00000033
27259505ns          480393 1c009052 00455e83 lhu              x29, 4(x10)         x29=00000427 x10:100017a4  PA:100017a8
27259524ns          480394 1c009056 00655e03 lhu              x28, 6(x10)         x28=0000007f x10:100017a4  PA:100017aa
27259544ns          480395 1c00905a 40a75713 srai             x14, x14, 0x40a     x14=fffffffd x14:fffff6a3
27259564ns          480396 1c00905c 806787db p.muls           x15, x15, x6        x15=ffffffca x15:0000ffe5  x6:00000002
27259584ns          480397 1c009060 40a6d693 srai             x13, x13, 0x40a     x13=fffffff8 x13:ffffe21e
27259604ns          480398 1c009062 8065865b p.muls           x12, x11, x6        x12=000000c0 x11:00000060  x6:00000002
27259624ns          480399 1c009066 40a7d793 srai             x15, x15, 0x40a     x15=ffffffff x15:ffffffca
27259644ns          480400 1c009068 40a65613 srai             x12, x12, 0x40a     x12=00000000 x12:000000c0
27259664ns          480401 1c00906a 01d70733 add              x14, x14, x29       x14=00000424 x14:fffffffd x29:00000427
27259684ns          480402 1c00906c 01c686b3 add              x13, x13, x28       x13=00000077 x13:fffffff8 x28:0000007f
27259703ns          480403 1c00906e 00c686b3 add              x13, x13, x12       x13=00000077 x13:00000077 x12:00000000
27259723ns          480404 1c009070 00f70733 add              x14, x14, x15       x14=00000423 x14:00000424 x15:ffffffff
27259743ns          480405 1c009072 100747b3 p.exths          x15, x14, x0        x15=00000423 x14:00000423
27259763ns          480406 1c009076 1006c733 p.exths          x14, x13, x0        x14=00000077 x13:00000077
27259783ns          480407 1c00907a 03170633 mul              x12, x14, x17       x12=00005511 x14:00000077 x17:000000b7
27259803ns          480408 1c00907e 030786b3 mul              x13, x15, x16       x13=fffdbcdc x15:00000423 x16:ffffff74
27259823ns          480409 1c009082 03070733 mul              x14, x14, x16       x14=ffffbeec x14:00000077 x16:ffffff74
27259843ns          480410 1c009086 031787b3 mul              x15, x15, x17       x15=0002f505 x15:00000423 x17:000000b7
27259863ns          480411 1c00908a 40a6d693 srai             x13, x13, 0x40a     x13=ffffff6f x13:fffdbcdc
27259882ns          480412 1c00908c 40a65613 srai             x12, x12, 0x40a     x12=00000015 x12:00005511
27259902ns          480413 1c00908e 40a7d793 srai             x15, x15, 0x40a     x15=000000bd x15:0002f505
27259922ns          480414 1c009090 40a75713 srai             x14, x14, 0x40a     x14=ffffffef x14:ffffbeec
27259942ns          480415 1c009092 40c686b3 sub              x13, x13, x12       x13=ffffff5a x13:ffffff6f x12:00000015
27259962ns          480416 1c009094 00e787b3 add              x15, x15, x14       x15=000000ac x15:000000bd x14:ffffffef
27259982ns          480417 1c009096 00d51823 sh               x13, 16(x10)        x13:ffffff5a x10:100017a4  PA:100017b4
27260002ns          480418 1c00909a 00f51923 sh               x15, 18(x10)        x15:000000ac x10:100017a4  PA:100017b6
27260022ns          480419 1c00909e 00008067 jalr             x0, x1, 0            x1:1c0093e8
27260101ns          480423 1c0093e8 2dc15583 lhu              x11, 732(x2)        x11=0000ff5a  x2:100014d8  PA:100017b4
27260121ns          480424 1c0093ec 2de15783 lhu              x15, 734(x2)        x15=000000ac  x2:100014d8  PA:100017b6
27260141ns          480425 1c0093f0 40b90933 sub              x18, x18, x11       x18=ffff0024 x18:ffffff7e x11:0000ff5a
27260161ns          480426 1c0093f4 40f484b3 sub              x9, x9, x15          x9=00000017  x9:000000c3 x15:000000ac
27260181ns          480427 1c0093f6 100945b3 p.exths          x11, x18, x0        x11=00000024 x18:ffff0024
27260201ns          480428 1c0093fa 1004c7b3 p.exths          x15, x9, x0         x15=00000017  x9:00000017
27260221ns          480429 1c0093fe 034586b3 mul              x13, x11, x20       x13=ffffec50 x11:00000024 x20:ffffff74
27260240ns          480430 1c009402 03378533 mul              x10, x15, x19       x10=00001071 x15:00000017 x19:000000b7
27260260ns          480431 1c009406 034a0633 mul              x12, x20, x20       x12=00004c90 x20:ffffff74 x20:ffffff74
27260280ns          480432 1c00940a 03398733 mul              x14, x19, x19       x14=000082d1 x19:000000b7 x19:000000b7
27260300ns          480433 1c00940e 034787b3 mul              x15, x15, x20       x15=fffff36c x15:00000017 x20:ffffff74
27260320ns          480434 1c009412 033585b3 mul              x11, x11, x19       x11=000019bc x11:00000024 x19:000000b7
27260340ns          480435 1c009416 40a75713 srai             x14, x14, 0x40a     x14=00000020 x14:000082d1
27260360ns          480436 1c009418 40a5d593 srai             x11, x11, 0x40a     x11=00000006 x11:000019bc
27260380ns          480437 1c00941a 40a65613 srai             x12, x12, 0x40a     x12=00000013 x12:00004c90
27260400ns          480438 1c00941c 40a7d793 srai             x15, x15, 0x40a     x15=fffffffc x15:fffff36c
27260419ns          480439 1c00941e 1c0034b7 lui              x9, 0x1c003000       x9=1c003000
27260439ns          480440 1c009422 00e60633 add              x12, x12, x14       x12=00000033 x12:00000013 x14:00000020
27260459ns          480441 1c009424 40b787b3 sub              x15, x15, x11       x15=fffffff6 x15:fffffffc x11:00000006
27260479ns          480442 1c009426 eb048493 addi             x9, x9, -336         x9=1c002eb0  x9:1c003000
27260499ns          480443 1c00942a 1c0032b7 lui              x5, 0x1c003000       x5=1c003000
27260519ns          480444 1c00942e 1c0035b7 lui              x11, 0x1c003000     x11=1c003000
27260539ns          480445 1c009432 018483b3 add              x7, x9, x24          x7=1c002eb4  x9:1c002eb0 x24:00000004
27260559ns          480446 1c009436 02812e83 lw               x29, 40(x2)         x29=1c002ec4  x2:100014d8  PA:10001500
27260579ns          480447 1c009438 10065633 p.exthz          x12, x12, x0        x12=00000033 x12:00000033
27260598ns          480448 1c00943c e8028293 addi             x5, x5, -384         x5=1c002e80  x5:1c003000
27260618ns          480449 1c009440 ea058593 addi             x11, x11, -352      x11=1c002ea0 x11:1c003000
27260638ns          480450 1c009444 03812483 lw               x9, 56(x2)           x9=1c002ee4  x2:100014d8  PA:10001510
27260658ns          480451 1c009446 10064733 p.exths          x14, x12, x0        x14=00000033 x12:00000033
27260678ns          480452 1c00944a 018280b3 add              x1, x5, x24          x1=1c002e84  x5:1c002e80 x24:00000004
27260698ns          480453 1c00944e 03012f03 lw               x30, 48(x2)         x30=1c002ed4  x2:100014d8  PA:10001508
27260718ns          480454 1c009450 018582b3 add              x5, x11, x24         x5=1c002ea4 x11:1c002ea0 x24:00000004
27260758ns          480456 1c009454 04012583 lw               x11, 64(x2)         x11=1c002ef4  x2:100014d8  PA:10001518
27260777ns          480457 1c009456 000edd83 lhu              x27, 0(x29)         x27=00001690 x29:1c002ec4  PA:1c002ec4
27261076ns          480472 1c00945a 0004d483 lhu              x9, 0(x9)            x9=0000019d  x9:1c002ee4  PA:1c002ee4
27261394ns          480488 1c00945e 02e70333 mul              x6, x14, x14         x6=00000a29 x14:00000033 x14:00000033
27261414ns          480489 1c009462 40a55513 srai             x10, x10, 0x40a     x10=00000004 x10:00001071
27261434ns          480490 1c009464 04812e83 lw               x29, 72(x2)         x29=1c002f04  x2:100014d8  PA:10001520
27261454ns          480491 1c009466 40a6d693 srai             x13, x13, 0x40a     x13=fffffffb x13:ffffec50
27261474ns          480492 1c009468 000f5d03 lhu              x26, 0(x30)         x26=00000535 x30:1c002ed4  PA:1c002ed4
27261792ns          480508 1c00946c 0005d583 lhu              x11, 0(x11)         x11=0000009a x11:1c002ef4  PA:1c002ef4
27262110ns          480524 1c009470 40a35313 srai             x6, x6, 0x40a        x6=00000002  x6:00000a29
27262130ns          480525 1c009474 00a686b3 add              x13, x13, x10       x13=ffffffff x13:fffffffb x10:00000004
27262150ns          480526 1c009476 05012f03 lw               x30, 80(x2)         x30=1c002e74  x2:100014d8  PA:10001528
27262170ns          480527 1c009478 10034e33 p.exths          x28, x6, x0         x28=00000002  x6:00000002
27262189ns          480528 1c00947c 06911023 sh               x9, 96(x2)           x9:0000019d  x2:100014d8  PA:10001538
27262209ns          480529 1c009480 000ede83 lhu              x29, 0(x29)         x29=00000041 x29:1c002f04  PA:1c002f04
27262547ns          480546 1c009484 05812483 lw               x9, 88(x2)           x9=1c002e64  x2:100014d8  PA:10001530
27262567ns          480547 1c009486 1006d6b3 p.exthz          x13, x13, x0        x13=0000ffff x13:ffffffff
27262587ns          480548 1c00948a 02ee08b3 mul              x17, x28, x14       x17=00000066 x28:00000002 x14:00000033
27262607ns          480549 1c00948e 1006c833 p.exths          x16, x13, x0        x16=ffffffff x13:0000ffff
27262627ns          480550 1c009492 06b11823 sh               x11, 112(x2)        x11:0000009a  x2:100014d8  PA:10001548
27262647ns          480551 1c009496 000f5f03 lhu              x30, 0(x30)         x30=0000fedd x30:1c002e74  PA:1c002e74
27262985ns          480568 1c00949a 0a012583 lw               x11, 160(x2)        x11=1c002e94  x2:100014d8  PA:10001578
27263005ns          480569 1c00949c 1007d7b3 p.exthz          x15, x15, x0        x15=0000fff6 x15:fffffff6
27263025ns          480570 1c0094a0 0004da03 lhu              x20, 0(x9)          x20=0000faf2  x9:1c002e64  PA:1c002e64
27263323ns          480585 1c0094a4 1007c533 p.exths          x10, x15, x0        x10=fffffff6 x15:0000fff6
27263343ns          480586 1c0094a8 09d11023 sh               x29, 128(x2)        x29:00000041  x2:100014d8  PA:10001558
27263363ns          480587 1c0094ac 0003d483 lhu              x9, 0(x7)            x9=0000ffd2  x7:1c002eb4  PA:1c002eb4
27263661ns          480602 1c0094b0 02e80eb3 mul              x29, x16, x14       x29=ffffffcd x16:ffffffff x14:00000033
27263681ns          480603 1c0094b4 40a8d893 srai             x17, x17, 0x40a     x17=00000000 x17:00000066
27263701ns          480604 1c0094b8 03c80833 mul              x16, x16, x28       x16=fffffffe x16:ffffffff x28:00000002
27263721ns          480605 1c0094bc 09e11823 sh               x30, 144(x2)        x30:0000fedd  x2:100014d8  PA:10001568
27263741ns          480606 1c0094c0 0005d983 lhu              x19, 0(x11)         x19=0000ff9b x11:1c002e94  PA:1c002e94
27264079ns          480623 1c0094c4 81c88f5b p.muls           x30, x17, x28       x30=00000000 x17:00000000 x28:00000002
27264099ns          480624 1c0094c8 0002d583 lhu              x11, 0(x5)          x11=0000ff7e  x5:1c002ea4  PA:1c002ea4
27264437ns          480641 1c0094cc 03ce0fb3 mul              x31, x28, x28       x31=00000004 x28:00000002 x28:00000002
27264457ns          480642 1c0094d0 02e50733 mul              x14, x10, x14       x14=fffffe02 x10:fffffff6 x14:00000033
27264477ns          480643 1c0094d4 40a85813 srai             x16, x16, 0x40a     x16=ffffffff x16:fffffffe
27264496ns          480644 1c0094d8 03c50533 mul              x10, x10, x28       x10=ffffffec x10:fffffff6 x28:00000002
27264516ns          480645 1c0094dc 07015e03 lhu              x28, 112(x2)        x28=0000009a  x2:100014d8  PA:10001548
27264536ns          480646 1c0094e0 01b60633 add              x12, x12, x27       x12=000016c3 x12:00000033 x27:00001690
27264556ns          480647 1c0094e2 00980833 add              x16, x16, x9        x16=0000ffd1 x16:ffffffff  x9:0000ffd2
27264576ns          480648 1c0094e4 06015d83 lhu              x27, 96(x2)         x27=0000019d  x2:100014d8  PA:10001538
27264596ns          480649 1c0094e8 02812483 lw               x9, 40(x2)           x9=1c002ec4  x2:100014d8  PA:10001500
27264616ns          480650 1c0094ea 40afdf93 srai             x31, x31, 0x40a     x31=00000000 x31:00000004
27264636ns          480651 1c0094ee 40a55513 srai             x10, x10, 0x40a     x10=ffffffff x10:ffffffec
27264656ns          480652 1c0094f0 01cf8fb3 add              x31, x31, x28       x31=0000009a x31:00000000 x28:0000009a
27264675ns          480653 1c0094f2 00b50533 add              x10, x10, x11       x10=0000ff7d x10:ffffffff x11:0000ff7e
27264695ns          480654 1c0094f4 09015e03 lhu              x28, 144(x2)        x28=0000fedd  x2:100014d8  PA:10001568
27264715ns          480655 1c0094f8 03012583 lw               x11, 48(x2)         x11=1c002ed4  x2:100014d8  PA:10001508
27264735ns          480656 1c0094fa 00c49023 sh               x12, 0(x9)          x12:000016c3  x9:1c002ec4  PA:1c002ec4
27265053ns          480672 1c0094fe 01b888b3 add              x17, x17, x27       x17=0000019d x17:00000000 x27:0000019d
27265073ns          480673 1c009500 01a30333 add              x6, x6, x26          x6=00000537  x6:00000002 x26:00000535
27265093ns          480674 1c009502 08015d83 lhu              x27, 128(x2)        x27=00000041  x2:100014d8  PA:10001558
27265113ns          480675 1c009506 0000d903 lhu              x18, 0(x1)          x18=0000fea3  x1:1c002e84  PA:1c002e84
27265411ns          480690 1c00950a 01c686b3 add              x13, x13, x28       x13=0001fedc x13:0000ffff x28:0000fedd
27265431ns          480691 1c00950c 00659023 sh               x6, 0(x11)           x6:00000537 x11:1c002ed4  PA:1c002ed4
27265749ns          480707 1c009510 40af5f13 srai             x30, x30, 0x40a     x30=00000000 x30:00000000
27265769ns          480708 1c009514 04812e03 lw               x28, 72(x2)         x28=1c002f04  x2:100014d8  PA:10001520
27265789ns          480709 1c009516 01bf0f33 add              x30, x30, x27       x30=00000041 x30:00000000 x27:00000041
27265809ns          480710 1c009518 40aede93 srai             x29, x29, 0x40a     x29=ffffffff x29:ffffffcd
27265829ns          480711 1c00951c 40a75713 srai             x14, x14, 0x40a     x14=ffffffff x14:fffffe02
27265849ns          480712 1c00951e 03812603 lw               x12, 56(x2)         x12=1c002ee4  x2:100014d8  PA:10001510
27265869ns          480713 1c009520 04012d83 lw               x27, 64(x2)         x27=1c002ef4  x2:100014d8  PA:10001518
27265889ns          480714 1c009522 01ee1023 sh               x30, 0(x28)         x30:00000041 x28:1c002f04  PA:1c002f04
27266227ns          480731 1c009526 05812483 lw               x9, 88(x2)           x9=1c002e64  x2:100014d8  PA:10001530
27266247ns          480732 1c009528 05012f03 lw               x30, 80(x2)         x30=1c002e74  x2:100014d8  PA:10001528
27266267ns          480733 1c00952a 0a012583 lw               x11, 160(x2)        x11=1c002e94  x2:100014d8  PA:10001578
27266286ns          480734 1c00952c 014787b3 add              x15, x15, x20       x15=0001fae8 x15:0000fff6 x20:0000faf2
27266306ns          480735 1c00952e 013e8eb3 add              x29, x29, x19       x29=0000ff9a x29:ffffffff x19:0000ff9b
27266326ns          480736 1c009530 01270733 add              x14, x14, x18       x14=0000fea2 x14:ffffffff x18:0000fea3
27266346ns          480737 1c009532 00f49023 sh               x15, 0(x9)          x15:0001fae8  x9:1c002e64  PA:1c002e64
27266684ns          480754 1c009536 01161023 sh               x17, 0(x12)         x17:0000019d x12:1c002ee4  PA:1c002ee4
27267022ns          480771 1c00953a 01fd9023 sh               x31, 0(x27)         x31:0000009a x27:1c002ef4  PA:1c002ef4
27267340ns          480787 1c00953e 00df1023 sh               x13, 0(x30)         x13:0001fedc x30:1c002e74  PA:1c002e74
27267659ns          480803 1c009542 01d59023 sh               x29, 0(x11)         x29:0000ff9a x11:1c002e94  PA:1c002e94
27267977ns          480819 1c009546 00e09023 sh               x14, 0(x1)          x14:0000fea2  x1:1c002e84  PA:1c002e84
27268295ns          480835 1c00954a 01039023 sh               x16, 0(x7)          x16:0000ffd1  x7:1c002eb4  PA:1c002eb4
27268613ns          480851 1c00954e 00a29023 sh               x10, 0(x5)          x10:0000ff7d  x5:1c002ea4  PA:1c002ea4
27268932ns          480867 1c009552 008b0b13 addi             x22, x22, 8         x22=0000017a x22:00000172
27268951ns          480868 1c009554 1f300793 addi             x15, x0, 499        x15=000001f3
27268971ns          480869 1c009558 e767dae3 bge              x15, x22, -396      x15:000001f3 x22:0000017a
27269031ns          480872 1c0093cc 010c9a0b p.lh             x20, 16(x25!)       x20=000001b4 x25=1c00298c x25:1c00297c  PA:1c00297c
27269349ns          480888 1c0093d0 0104198b p.lh             x19, 16(x8!)        x19=00000042  x8=1c002154  x8:1c002144  PA:1c002144
27269767ns          480909 1c0093d4 2cc10513 addi             x10, x2, 716        x10=100017a4  x2:100014d8
27269787ns          480910 1c0093d6 010a990b p.lh             x18, 16(x21!)       x18=000001b1 x21=1c001980 x21:1c001970  PA:1c001970
27270105ns          480926 1c0093da 010b948b p.lh             x9, 16(x23!)         x9=00000015 x23=1c0011b0 x23:1c0011a0  PA:1c0011a0
27270403ns          480941 1c0093de 2d411623 sh               x20, 716(x2)        x20:000001b4  x2:100014d8  PA:100017a4
27270423ns          480942 1c0093e2 2d311723 sh               x19, 718(x2)        x19:00000042  x2:100014d8  PA:100017a6
27270443ns          480943 1c0093e6 c33ff0ef jal              x1, -974             x1=1c0093e8
27270483ns          480945 1c009018 00051803 lh               x16, 0(x10)         x16=000001b4 x10:100017a4  PA:100017a4
27270503ns          480946 1c00901c 00251883 lh               x17, 2(x10)         x17=00000042 x10:100017a4  PA:100017a6
27270542ns          480948 1c009020 030806b3 mul              x13, x16, x16       x13=0002e690 x16:000001b4 x16:000001b4
27270562ns          480949 1c009024 03188633 mul              x12, x17, x17       x12=00001104 x17:00000042 x17:00000042
27270582ns          480950 1c009028 40a65613 srai             x12, x12, 0x40a     x12=00000004 x12:00001104
27270602ns          480951 1c00902a 40a6d693 srai             x13, x13, 0x40a     x13=000000b9 x13:0002e690
27270622ns          480952 1c00902c 00c686b3 add              x13, x13, x12       x13=000000bd x13:000000b9 x12:00000004
27270642ns          480953 1c00902e 1006c633 p.exths          x12, x13, x0        x12=000000bd x13:000000bd
27270662ns          480954 1c009032 00855703 lhu              x14, 8(x10)         x14=0000ffd1 x10:100017a4  PA:100017ac
27270682ns          480955 1c009036 00a55683 lhu              x13, 10(x10)        x13=0000ff6a x10:100017a4  PA:100017ae
27270702ns          480956 1c00903a 02c60333 mul              x6, x12, x12         x6=00008b89 x12:000000bd x12:000000bd
27270721ns          480957 1c00903e 00c55783 lhu              x15, 12(x10)        x15=0000ffe5 x10:100017a4  PA:100017b0
27270741ns          480958 1c009042 00e55583 lhu              x11, 14(x10)        x11=00000060 x10:100017a4  PA:100017b2
27270761ns          480959 1c009046 dea30333 p.extract        x6, x6, 15, 10       x6=00000022  x6:00008b89
27270781ns          480960 1c00904a 80c7075b p.muls           x14, x14, x12       x14=ffffdd4d x14:0000ffd1 x12:000000bd
27270841ns          480963 1c00904e 80c686db p.muls           x13, x13, x12       x13=ffff9142 x13:0000ff6a x12:000000bd
27270881ns          480965 1c009052 00455e83 lhu              x29, 4(x10)         x29=00000427 x10:100017a4  PA:100017a8
27270900ns          480966 1c009056 00655e03 lhu              x28, 6(x10)         x28=0000007f x10:100017a4  PA:100017aa
27270920ns          480967 1c00905a 40a75713 srai             x14, x14, 0x40a     x14=fffffff7 x14:ffffdd4d
27270940ns          480968 1c00905c 806787db p.muls           x15, x15, x6        x15=fffffc6a x15:0000ffe5  x6:00000022
27270980ns          480970 1c009060 40a6d693 srai             x13, x13, 0x40a     x13=ffffffe4 x13:ffff9142
27271020ns          480972 1c009062 8065865b p.muls           x12, x11, x6        x12=00000cc0 x11:00000060  x6:00000022
27271040ns          480973 1c009066 40a7d793 srai             x15, x15, 0x40a     x15=ffffffff x15:fffffc6a
27271060ns          480974 1c009068 40a65613 srai             x12, x12, 0x40a     x12=00000003 x12:00000cc0
27271079ns          480975 1c00906a 01d70733 add              x14, x14, x29       x14=0000041e x14:fffffff7 x29:00000427
27271099ns          480976 1c00906c 01c686b3 add              x13, x13, x28       x13=00000063 x13:ffffffe4 x28:0000007f
27271119ns          480977 1c00906e 00c686b3 add              x13, x13, x12       x13=00000066 x13:00000063 x12:00000003
27271139ns          480978 1c009070 00f70733 add              x14, x14, x15       x14=0000041d x14:0000041e x15:ffffffff
27271159ns          480979 1c009072 100747b3 p.exths          x15, x14, x0        x15=0000041d x14:0000041d
27271179ns          480980 1c009076 1006c733 p.exths          x14, x13, x0        x14=00000066 x13:00000066
27271199ns          480981 1c00907a 03170633 mul              x12, x14, x17       x12=00001a4c x14:00000066 x17:00000042
27271219ns          480982 1c00907e 030786b3 mul              x13, x15, x16       x13=00070164 x15:0000041d x16:000001b4
27271239ns          480983 1c009082 03070733 mul              x14, x14, x16       x14=0000adb8 x14:00000066 x16:000001b4
27271258ns          480984 1c009086 031787b3 mul              x15, x15, x17       x15=00010f7a x15:0000041d x17:00000042
27271278ns          480985 1c00908a 40a6d693 srai             x13, x13, 0x40a     x13=000001c0 x13:00070164
27271298ns          480986 1c00908c 40a65613 srai             x12, x12, 0x40a     x12=00000006 x12:00001a4c
27271318ns          480987 1c00908e 40a7d793 srai             x15, x15, 0x40a     x15=00000043 x15:00010f7a
27271338ns          480988 1c009090 40a75713 srai             x14, x14, 0x40a     x14=0000002b x14:0000adb8
27271358ns          480989 1c009092 40c686b3 sub              x13, x13, x12       x13=000001ba x13:000001c0 x12:00000006
27271378ns          480990 1c009094 00e787b3 add              x15, x15, x14       x15=0000006e x15:00000043 x14:0000002b
27271398ns          480991 1c009096 00d51823 sh               x13, 16(x10)        x13:000001ba x10:100017a4  PA:100017b4
27271418ns          480992 1c00909a 00f51923 sh               x15, 18(x10)        x15:0000006e x10:100017a4  PA:100017b6
27271437ns          480993 1c00909e 00008067 jalr             x0, x1, 0            x1:1c0093e8
27271517ns          480997 1c0093e8 2dc15583 lhu              x11, 732(x2)        x11=000001ba  x2:100014d8  PA:100017b4
27271537ns          480998 1c0093ec 2de15783 lhu              x15, 734(x2)        x15=0000006e  x2:100014d8  PA:100017b6
27271557ns          480999 1c0093f0 40b90933 sub              x18, x18, x11       x18=fffffff7 x18:000001b1 x11:000001ba
27271577ns          481000 1c0093f4 40f484b3 sub              x9, x9, x15          x9=ffffffa7  x9:00000015 x15:0000006e
27271597ns          481001 1c0093f6 100945b3 p.exths          x11, x18, x0        x11=fffffff7 x18:fffffff7
27271616ns          481002 1c0093fa 1004c7b3 p.exths          x15, x9, x0         x15=ffffffa7  x9:ffffffa7
27271636ns          481003 1c0093fe 034586b3 mul              x13, x11, x20       x13=fffff0ac x11:fffffff7 x20:000001b4
27271656ns          481004 1c009402 03378533 mul              x10, x15, x19       x10=ffffe90e x15:ffffffa7 x19:00000042
27271676ns          481005 1c009406 034a0633 mul              x12, x20, x20       x12=0002e690 x20:000001b4 x20:000001b4
27271696ns          481006 1c00940a 03398733 mul              x14, x19, x19       x14=00001104 x19:00000042 x19:00000042
27271716ns          481007 1c00940e 034787b3 mul              x15, x15, x20       x15=ffff686c x15:ffffffa7 x20:000001b4
27271736ns          481008 1c009412 033585b3 mul              x11, x11, x19       x11=fffffdae x11:fffffff7 x19:00000042
27271756ns          481009 1c009416 40a75713 srai             x14, x14, 0x40a     x14=00000004 x14:00001104
27271776ns          481010 1c009418 40a5d593 srai             x11, x11, 0x40a     x11=ffffffff x11:fffffdae
27271795ns          481011 1c00941a 40a65613 srai             x12, x12, 0x40a     x12=000000b9 x12:0002e690
27271815ns          481012 1c00941c 40a7d793 srai             x15, x15, 0x40a     x15=ffffffda x15:ffff686c
27271835ns          481013 1c00941e 1c0034b7 lui              x9, 0x1c003000       x9=1c003000
27271855ns          481014 1c009422 00e60633 add              x12, x12, x14       x12=000000bd x12:000000b9 x14:00000004
27271875ns          481015 1c009424 40b787b3 sub              x15, x15, x11       x15=ffffffdb x15:ffffffda x11:ffffffff
27271895ns          481016 1c009426 eb048493 addi             x9, x9, -336         x9=1c002eb0  x9:1c003000
27271915ns          481017 1c00942a 1c0032b7 lui              x5, 0x1c003000       x5=1c003000
27271935ns          481018 1c00942e 1c0035b7 lui              x11, 0x1c003000     x11=1c003000
27271954ns          481019 1c009432 018483b3 add              x7, x9, x24          x7=1c002eb4  x9:1c002eb0 x24:00000004
27271974ns          481020 1c009436 02812e83 lw               x29, 40(x2)         x29=1c002ec4  x2:100014d8  PA:10001500
27271994ns          481021 1c009438 10065633 p.exthz          x12, x12, x0        x12=000000bd x12:000000bd
27272014ns          481022 1c00943c e8028293 addi             x5, x5, -384         x5=1c002e80  x5:1c003000
27272034ns          481023 1c009440 ea058593 addi             x11, x11, -352      x11=1c002ea0 x11:1c003000
27272074ns          481025 1c009444 03812483 lw               x9, 56(x2)           x9=1c002ee4  x2:100014d8  PA:10001510
27272094ns          481026 1c009446 10064733 p.exths          x14, x12, x0        x14=000000bd x12:000000bd
27272114ns          481027 1c00944a 018280b3 add              x1, x5, x24          x1=1c002e84  x5:1c002e80 x24:00000004
27272133ns          481028 1c00944e 03012f03 lw               x30, 48(x2)         x30=1c002ed4  x2:100014d8  PA:10001508
27272173ns          481030 1c009450 018582b3 add              x5, x11, x24         x5=1c002ea4 x11:1c002ea0 x24:00000004
27272213ns          481032 1c009454 04012583 lw               x11, 64(x2)         x11=1c002ef4  x2:100014d8  PA:10001518
27272233ns          481033 1c009456 000edd83 lhu              x27, 0(x29)         x27=000016c3 x29:1c002ec4  PA:1c002ec4
27272531ns          481048 1c00945a 0004d483 lhu              x9, 0(x9)            x9=0000019d  x9:1c002ee4  PA:1c002ee4
27272849ns          481064 1c00945e 02e70333 mul              x6, x14, x14         x6=00008b89 x14:000000bd x14:000000bd
27272869ns          481065 1c009462 40a55513 srai             x10, x10, 0x40a     x10=fffffffa x10:ffffe90e
27272889ns          481066 1c009464 04812e83 lw               x29, 72(x2)         x29=1c002f04  x2:100014d8  PA:10001520
27272909ns          481067 1c009466 40a6d693 srai             x13, x13, 0x40a     x13=fffffffc x13:fffff0ac
27272929ns          481068 1c009468 000f5d03 lhu              x26, 0(x30)         x26=00000537 x30:1c002ed4  PA:1c002ed4
27273227ns          481083 1c00946c 0005d583 lhu              x11, 0(x11)         x11=0000009a x11:1c002ef4  PA:1c002ef4
27273585ns          481101 1c009470 40a35313 srai             x6, x6, 0x40a        x6=00000022  x6:00008b89
27273605ns          481102 1c009474 00a686b3 add              x13, x13, x10       x13=fffffff6 x13:fffffffc x10:fffffffa
27273625ns          481103 1c009476 05012f03 lw               x30, 80(x2)         x30=1c002e74  x2:100014d8  PA:10001528
27273645ns          481104 1c009478 10034e33 p.exths          x28, x6, x0         x28=00000022  x6:00000022
27273665ns          481105 1c00947c 06911023 sh               x9, 96(x2)           x9:0000019d  x2:100014d8  PA:10001538
27273685ns          481106 1c009480 000ede83 lhu              x29, 0(x29)         x29=00000041 x29:1c002f04  PA:1c002f04
27274043ns          481124 1c009484 05812483 lw               x9, 88(x2)           x9=1c002e64  x2:100014d8  PA:10001530
27274063ns          481125 1c009486 1006d6b3 p.exthz          x13, x13, x0        x13=0000fff6 x13:fffffff6
27274083ns          481126 1c00948a 02ee08b3 mul              x17, x28, x14       x17=0000191a x28:00000022 x14:000000bd
27274102ns          481127 1c00948e 1006c833 p.exths          x16, x13, x0        x16=fffffff6 x13:0000fff6
27274122ns          481128 1c009492 06b11823 sh               x11, 112(x2)        x11:0000009a  x2:100014d8  PA:10001548
27274142ns          481129 1c009496 000f5f03 lhu              x30, 0(x30)         x30=0000fedc x30:1c002e74  PA:1c002e74
27274440ns          481144 1c00949a 0a012583 lw               x11, 160(x2)        x11=1c002e94  x2:100014d8  PA:10001578
27274460ns          481145 1c00949c 1007d7b3 p.exthz          x15, x15, x0        x15=0000ffdb x15:ffffffdb
27274480ns          481146 1c0094a0 0004da03 lhu              x20, 0(x9)          x20=0000fae8  x9:1c002e64  PA:1c002e64
27274798ns          481162 1c0094a4 1007c533 p.exths          x10, x15, x0        x10=ffffffdb x15:0000ffdb
27274818ns          481163 1c0094a8 09d11023 sh               x29, 128(x2)        x29:00000041  x2:100014d8  PA:10001558
27274838ns          481164 1c0094ac 0003d483 lhu              x9, 0(x7)            x9=0000ffd1  x7:1c002eb4  PA:1c002eb4
27275137ns          481179 1c0094b0 02e80eb3 mul              x29, x16, x14       x29=fffff89e x16:fffffff6 x14:000000bd
27275156ns          481180 1c0094b4 40a8d893 srai             x17, x17, 0x40a     x17=00000006 x17:0000191a
27275176ns          481181 1c0094b8 03c80833 mul              x16, x16, x28       x16=fffffeac x16:fffffff6 x28:00000022
27275196ns          481182 1c0094bc 09e11823 sh               x30, 144(x2)        x30:0000fedc  x2:100014d8  PA:10001568
27275216ns          481183 1c0094c0 0005d983 lhu              x19, 0(x11)         x19=0000ff9a x11:1c002e94  PA:1c002e94
27275534ns          481199 1c0094c4 81c88f5b p.muls           x30, x17, x28       x30=000000cc x17:00000006 x28:00000022
27275554ns          481200 1c0094c8 0002d583 lhu              x11, 0(x5)          x11=0000ff7d  x5:1c002ea4  PA:1c002ea4
27275932ns          481219 1c0094cc 03ce0fb3 mul              x31, x28, x28       x31=00000484 x28:00000022 x28:00000022
27275952ns          481220 1c0094d0 02e50733 mul              x14, x10, x14       x14=ffffe4af x10:ffffffdb x14:000000bd
27275972ns          481221 1c0094d4 40a85813 srai             x16, x16, 0x40a     x16=ffffffff x16:fffffeac
27275992ns          481222 1c0094d8 03c50533 mul              x10, x10, x28       x10=fffffb16 x10:ffffffdb x28:00000022
27276012ns          481223 1c0094dc 07015e03 lhu              x28, 112(x2)        x28=0000009a  x2:100014d8  PA:10001548
27276032ns          481224 1c0094e0 01b60633 add              x12, x12, x27       x12=00001780 x12:000000bd x27:000016c3
27276051ns          481225 1c0094e2 00980833 add              x16, x16, x9        x16=0000ffd0 x16:ffffffff  x9:0000ffd1
27276071ns          481226 1c0094e4 06015d83 lhu              x27, 96(x2)         x27=0000019d  x2:100014d8  PA:10001538
27276091ns          481227 1c0094e8 02812483 lw               x9, 40(x2)           x9=1c002ec4  x2:100014d8  PA:10001500
27276111ns          481228 1c0094ea 40afdf93 srai             x31, x31, 0x40a     x31=00000001 x31:00000484
27276131ns          481229 1c0094ee 40a55513 srai             x10, x10, 0x40a     x10=fffffffe x10:fffffb16
27276151ns          481230 1c0094f0 01cf8fb3 add              x31, x31, x28       x31=0000009b x31:00000001 x28:0000009a
27276171ns          481231 1c0094f2 00b50533 add              x10, x10, x11       x10=0000ff7b x10:fffffffe x11:0000ff7d
27276191ns          481232 1c0094f4 09015e03 lhu              x28, 144(x2)        x28=0000fedc  x2:100014d8  PA:10001568
27276211ns          481233 1c0094f8 03012583 lw               x11, 48(x2)         x11=1c002ed4  x2:100014d8  PA:10001508
27276230ns          481234 1c0094fa 00c49023 sh               x12, 0(x9)          x12:00001780  x9:1c002ec4  PA:1c002ec4
27276549ns          481250 1c0094fe 01b888b3 add              x17, x17, x27       x17=000001a3 x17:00000006 x27:0000019d
27276569ns          481251 1c009500 01a30333 add              x6, x6, x26          x6=00000559  x6:00000022 x26:00000537
27276588ns          481252 1c009502 08015d83 lhu              x27, 128(x2)        x27=00000041  x2:100014d8  PA:10001558
27276608ns          481253 1c009506 0000d903 lhu              x18, 0(x1)          x18=0000fea2  x1:1c002e84  PA:1c002e84
27276907ns          481268 1c00950a 01c686b3 add              x13, x13, x28       x13=0001fed2 x13:0000fff6 x28:0000fedc
27276926ns          481269 1c00950c 00659023 sh               x6, 0(x11)           x6:00000559 x11:1c002ed4  PA:1c002ed4
27277245ns          481285 1c009510 40af5f13 srai             x30, x30, 0x40a     x30=00000000 x30:000000cc
27277265ns          481286 1c009514 04812e03 lw               x28, 72(x2)         x28=1c002f04  x2:100014d8  PA:10001520
27277284ns          481287 1c009516 01bf0f33 add              x30, x30, x27       x30=00000041 x30:00000000 x27:00000041
27277304ns          481288 1c009518 40aede93 srai             x29, x29, 0x40a     x29=fffffffe x29:fffff89e
27277324ns          481289 1c00951c 40a75713 srai             x14, x14, 0x40a     x14=fffffff9 x14:ffffe4af
27277344ns          481290 1c00951e 03812603 lw               x12, 56(x2)         x12=1c002ee4  x2:100014d8  PA:10001510
27277364ns          481291 1c009520 04012d83 lw               x27, 64(x2)         x27=1c002ef4  x2:100014d8  PA:10001518
27277384ns          481292 1c009522 01ee1023 sh               x30, 0(x28)         x30:00000041 x28:1c002f04  PA:1c002f04
27277702ns          481308 1c009526 05812483 lw               x9, 88(x2)           x9=1c002e64  x2:100014d8  PA:10001530
27277722ns          481309 1c009528 05012f03 lw               x30, 80(x2)         x30=1c002e74  x2:100014d8  PA:10001528
27277742ns          481310 1c00952a 0a012583 lw               x11, 160(x2)        x11=1c002e94  x2:100014d8  PA:10001578
27277762ns          481311 1c00952c 014787b3 add              x15, x15, x20       x15=0001fac3 x15:0000ffdb x20:0000fae8
27277782ns          481312 1c00952e 013e8eb3 add              x29, x29, x19       x29=0000ff98 x29:fffffffe x19:0000ff9a
27277802ns          481313 1c009530 01270733 add              x14, x14, x18       x14=0000fe9b x14:fffffff9 x18:0000fea2
27277821ns          481314 1c009532 00f49023 sh               x15, 0(x9)          x15:0001fac3  x9:1c002e64  PA:1c002e64
27278140ns          481330 1c009536 01161023 sh               x17, 0(x12)         x17:000001a3 x12:1c002ee4  PA:1c002ee4
27278458ns          481346 1c00953a 01fd9023 sh               x31, 0(x27)         x31:0000009b x27:1c002ef4  PA:1c002ef4
27278776ns          481362 1c00953e 00df1023 sh               x13, 0(x30)         x13:0001fed2 x30:1c002e74  PA:1c002e74
27279094ns          481378 1c009542 01d59023 sh               x29, 0(x11)         x29:0000ff98 x11:1c002e94  PA:1c002e94
27279432ns          481395 1c009546 00e09023 sh               x14, 0(x1)          x14:0000fe9b  x1:1c002e84  PA:1c002e84
27279751ns          481411 1c00954a 01039023 sh               x16, 0(x7)          x16:0000ffd0  x7:1c002eb4  PA:1c002eb4
27280069ns          481427 1c00954e 00a29023 sh               x10, 0(x5)          x10:0000ff7b  x5:1c002ea4  PA:1c002ea4
27280387ns          481443 1c009552 008b0b13 addi             x22, x22, 8         x22=00000182 x22:0000017a
27280407ns          481444 1c009554 1f300793 addi             x15, x0, 499        x15=000001f3
27280427ns          481445 1c009558 e767dae3 bge              x15, x22, -396      x15:000001f3 x22:00000182
27280526ns          481450 1c0093cc 010c9a0b p.lh             x20, 16(x25!)       x20=ffffffce x25=1c00299c x25:1c00298c  PA:1c00298c
27280884ns          481468 1c0093d0 0104198b p.lh             x19, 16(x8!)        x19=ffffff93  x8=1c002164  x8:1c002154  PA:1c002154
27281183ns          481483 1c0093d4 2cc10513 addi             x10, x2, 716        x10=100017a4  x2:100014d8
27281202ns          481484 1c0093d6 010a990b p.lh             x18, 16(x21!)       x18=ffffffcd x21=1c001990 x21:1c001980  PA:1c001980
27281501ns          481499 1c0093da 010b948b p.lh             x9, 16(x23!)         x9=ffffff8e x23=1c0011c0 x23:1c0011b0  PA:1c0011b0
27281799ns          481514 1c0093de 2d411623 sh               x20, 716(x2)        x20:ffffffce  x2:100014d8  PA:100017a4
27281819ns          481515 1c0093e2 2d311723 sh               x19, 718(x2)        x19:ffffff93  x2:100014d8  PA:100017a6
27281839ns          481516 1c0093e6 c33ff0ef jal              x1, -974             x1=1c0093e8
27281879ns          481518 1c009018 00051803 lh               x16, 0(x10)         x16=ffffffce x10:100017a4  PA:100017a4
27281898ns          481519 1c00901c 00251883 lh               x17, 2(x10)         x17=ffffff93 x10:100017a4  PA:100017a6
27281958ns          481522 1c009020 030806b3 mul              x13, x16, x16       x13=000009c4 x16:ffffffce x16:ffffffce
27281998ns          481524 1c009024 03188633 mul              x12, x17, x17       x12=00002e69 x17:ffffff93 x17:ffffff93
27282018ns          481525 1c009028 40a65613 srai             x12, x12, 0x40a     x12=0000000b x12:00002e69
27282038ns          481526 1c00902a 40a6d693 srai             x13, x13, 0x40a     x13=00000002 x13:000009c4
27282058ns          481527 1c00902c 00c686b3 add              x13, x13, x12       x13=0000000d x13:00000002 x12:0000000b
27282077ns          481528 1c00902e 1006c633 p.exths          x12, x13, x0        x12=0000000d x13:0000000d
27282097ns          481529 1c009032 00855703 lhu              x14, 8(x10)         x14=0000ffd1 x10:100017a4  PA:100017ac
27282117ns          481530 1c009036 00a55683 lhu              x13, 10(x10)        x13=0000ff6a x10:100017a4  PA:100017ae
27282137ns          481531 1c00903a 02c60333 mul              x6, x12, x12         x6=000000a9 x12:0000000d x12:0000000d
27282157ns          481532 1c00903e 00c55783 lhu              x15, 12(x10)        x15=0000ffe5 x10:100017a4  PA:100017b0
27282177ns          481533 1c009042 00e55583 lhu              x11, 14(x10)        x11=00000060 x10:100017a4  PA:100017b2
27282197ns          481534 1c009046 dea30333 p.extract        x6, x6, 15, 10       x6=00000000  x6:000000a9
27282217ns          481535 1c00904a 80c7075b p.muls           x14, x14, x12       x14=fffffd9d x14:0000ffd1 x12:0000000d
27282256ns          481537 1c00904e 80c686db p.muls           x13, x13, x12       x13=fffff862 x13:0000ff6a x12:0000000d
27282296ns          481539 1c009052 00455e83 lhu              x29, 4(x10)         x29=00000427 x10:100017a4  PA:100017a8
27282316ns          481540 1c009056 00655e03 lhu              x28, 6(x10)         x28=0000007f x10:100017a4  PA:100017aa
27282336ns          481541 1c00905a 40a75713 srai             x14, x14, 0x40a     x14=ffffffff x14:fffffd9d
27282356ns          481542 1c00905c 806787db p.muls           x15, x15, x6        x15=00000000 x15:0000ffe5  x6:00000000
27282376ns          481543 1c009060 40a6d693 srai             x13, x13, 0x40a     x13=fffffffe x13:fffff862
27282396ns          481544 1c009062 8065865b p.muls           x12, x11, x6        x12=00000000 x11:00000060  x6:00000000
27282416ns          481545 1c009066 40a7d793 srai             x15, x15, 0x40a     x15=00000000 x15:00000000
27282435ns          481546 1c009068 40a65613 srai             x12, x12, 0x40a     x12=00000000 x12:00000000
27282455ns          481547 1c00906a 01d70733 add              x14, x14, x29       x14=00000426 x14:ffffffff x29:00000427
27282475ns          481548 1c00906c 01c686b3 add              x13, x13, x28       x13=0000007d x13:fffffffe x28:0000007f
27282495ns          481549 1c00906e 00c686b3 add              x13, x13, x12       x13=0000007d x13:0000007d x12:00000000
27282515ns          481550 1c009070 00f70733 add              x14, x14, x15       x14=00000426 x14:00000426 x15:00000000
27282535ns          481551 1c009072 100747b3 p.exths          x15, x14, x0        x15=00000426 x14:00000426
27282555ns          481552 1c009076 1006c733 p.exths          x14, x13, x0        x14=0000007d x13:0000007d
27282575ns          481553 1c00907a 03170633 mul              x12, x14, x17       x12=ffffcac7 x14:0000007d x17:ffffff93
27282595ns          481554 1c00907e 030786b3 mul              x13, x15, x16       x13=ffff3094 x15:00000426 x16:ffffffce
27282614ns          481555 1c009082 03070733 mul              x14, x14, x16       x14=ffffe796 x14:0000007d x16:ffffffce
27282634ns          481556 1c009086 031787b3 mul              x15, x15, x17       x15=fffe3bd2 x15:00000426 x17:ffffff93
27282654ns          481557 1c00908a 40a6d693 srai             x13, x13, 0x40a     x13=ffffffcc x13:ffff3094
27282674ns          481558 1c00908c 40a65613 srai             x12, x12, 0x40a     x12=fffffff2 x12:ffffcac7
27282694ns          481559 1c00908e 40a7d793 srai             x15, x15, 0x40a     x15=ffffff8e x15:fffe3bd2
27282714ns          481560 1c009090 40a75713 srai             x14, x14, 0x40a     x14=fffffff9 x14:ffffe796
27282734ns          481561 1c009092 40c686b3 sub              x13, x13, x12       x13=ffffffda x13:ffffffcc x12:fffffff2
27282754ns          481562 1c009094 00e787b3 add              x15, x15, x14       x15=ffffff87 x15:ffffff8e x14:fffffff9
27282774ns          481563 1c009096 00d51823 sh               x13, 16(x10)        x13:ffffffda x10:100017a4  PA:100017b4
27282793ns          481564 1c00909a 00f51923 sh               x15, 18(x10)        x15:ffffff87 x10:100017a4  PA:100017b6
27282813ns          481565 1c00909e 00008067 jalr             x0, x1, 0            x1:1c0093e8
27282853ns          481567 1c0093e8 2dc15583 lhu              x11, 732(x2)        x11=0000ffda  x2:100014d8  PA:100017b4
27282873ns          481568 1c0093ec 2de15783 lhu              x15, 734(x2)        x15=0000ff87  x2:100014d8  PA:100017b6
27282893ns          481569 1c0093f0 40b90933 sub              x18, x18, x11       x18=fffefff3 x18:ffffffcd x11:0000ffda
27282913ns          481570 1c0093f4 40f484b3 sub              x9, x9, x15          x9=ffff0007  x9:ffffff8e x15:0000ff87
27282933ns          481571 1c0093f6 100945b3 p.exths          x11, x18, x0        x11=fffffff3 x18:fffefff3
27282953ns          481572 1c0093fa 1004c7b3 p.exths          x15, x9, x0         x15=00000007  x9:ffff0007
27282972ns          481573 1c0093fe 034586b3 mul              x13, x11, x20       x13=0000028a x11:fffffff3 x20:ffffffce
27282992ns          481574 1c009402 03378533 mul              x10, x15, x19       x10=fffffd05 x15:00000007 x19:ffffff93
27283012ns          481575 1c009406 034a0633 mul              x12, x20, x20       x12=000009c4 x20:ffffffce x20:ffffffce
27283032ns          481576 1c00940a 03398733 mul              x14, x19, x19       x14=00002e69 x19:ffffff93 x19:ffffff93
27283052ns          481577 1c00940e 034787b3 mul              x15, x15, x20       x15=fffffea2 x15:00000007 x20:ffffffce
27283072ns          481578 1c009412 033585b3 mul              x11, x11, x19       x11=00000589 x11:fffffff3 x19:ffffff93
27283092ns          481579 1c009416 40a75713 srai             x14, x14, 0x40a     x14=0000000b x14:00002e69
27283112ns          481580 1c009418 40a5d593 srai             x11, x11, 0x40a     x11=00000001 x11:00000589
27283132ns          481581 1c00941a 40a65613 srai             x12, x12, 0x40a     x12=00000002 x12:000009c4
27283151ns          481582 1c00941c 40a7d793 srai             x15, x15, 0x40a     x15=ffffffff x15:fffffea2
27283171ns          481583 1c00941e 1c0034b7 lui              x9, 0x1c003000       x9=1c003000
27283191ns          481584 1c009422 00e60633 add              x12, x12, x14       x12=0000000d x12:00000002 x14:0000000b
27283211ns          481585 1c009424 40b787b3 sub              x15, x15, x11       x15=fffffffe x15:ffffffff x11:00000001
27283231ns          481586 1c009426 eb048493 addi             x9, x9, -336         x9=1c002eb0  x9:1c003000
27283251ns          481587 1c00942a 1c0032b7 lui              x5, 0x1c003000       x5=1c003000
27283271ns          481588 1c00942e 1c0035b7 lui              x11, 0x1c003000     x11=1c003000
27283291ns          481589 1c009432 018483b3 add              x7, x9, x24          x7=1c002eb4  x9:1c002eb0 x24:00000004
27283311ns          481590 1c009436 02812e83 lw               x29, 40(x2)         x29=1c002ec4  x2:100014d8  PA:10001500
27283330ns          481591 1c009438 10065633 p.exthz          x12, x12, x0        x12=0000000d x12:0000000d
27283350ns          481592 1c00943c e8028293 addi             x5, x5, -384         x5=1c002e80  x5:1c003000
27283370ns          481593 1c009440 ea058593 addi             x11, x11, -352      x11=1c002ea0 x11:1c003000
27283410ns          481595 1c009444 03812483 lw               x9, 56(x2)           x9=1c002ee4  x2:100014d8  PA:10001510
27283430ns          481596 1c009446 10064733 p.exths          x14, x12, x0        x14=0000000d x12:0000000d
27283450ns          481597 1c00944a 018280b3 add              x1, x5, x24          x1=1c002e84  x5:1c002e80 x24:00000004
27283470ns          481598 1c00944e 03012f03 lw               x30, 48(x2)         x30=1c002ed4  x2:100014d8  PA:10001508
27283490ns          481599 1c009450 018582b3 add              x5, x11, x24         x5=1c002ea4 x11:1c002ea0 x24:00000004
27283509ns          481600 1c009454 04012583 lw               x11, 64(x2)         x11=1c002ef4  x2:100014d8  PA:10001518
27283529ns          481601 1c009456 000edd83 lhu              x27, 0(x29)         x27=00001780 x29:1c002ec4  PA:1c002ec4
27283828ns          481616 1c00945a 0004d483 lhu              x9, 0(x9)            x9=000001a3  x9:1c002ee4  PA:1c002ee4
27284146ns          481632 1c00945e 02e70333 mul              x6, x14, x14         x6=000000a9 x14:0000000d x14:0000000d
27284166ns          481633 1c009462 40a55513 srai             x10, x10, 0x40a     x10=ffffffff x10:fffffd05
27284186ns          481634 1c009464 04812e83 lw               x29, 72(x2)         x29=1c002f04  x2:100014d8  PA:10001520
27284206ns          481635 1c009466 40a6d693 srai             x13, x13, 0x40a     x13=00000000 x13:0000028a
27284225ns          481636 1c009468 000f5d03 lhu              x26, 0(x30)         x26=00000559 x30:1c002ed4  PA:1c002ed4
27284524ns          481651 1c00946c 0005d583 lhu              x11, 0(x11)         x11=0000009b x11:1c002ef4  PA:1c002ef4
27284842ns          481667 1c009470 40a35313 srai             x6, x6, 0x40a        x6=00000000  x6:000000a9
27284862ns          481668 1c009474 00a686b3 add              x13, x13, x10       x13=ffffffff x13:00000000 x10:ffffffff
27284882ns          481669 1c009476 05012f03 lw               x30, 80(x2)         x30=1c002e74  x2:100014d8  PA:10001528
27284902ns          481670 1c009478 10034e33 p.exths          x28, x6, x0         x28=00000000  x6:00000000
27284921ns          481671 1c00947c 06911023 sh               x9, 96(x2)           x9:000001a3  x2:100014d8  PA:10001538
27284941ns          481672 1c009480 000ede83 lhu              x29, 0(x29)         x29=00000041 x29:1c002f04  PA:1c002f04
27285240ns          481687 1c009484 05812483 lw               x9, 88(x2)           x9=1c002e64  x2:100014d8  PA:10001530
27285260ns          481688 1c009486 1006d6b3 p.exthz          x13, x13, x0        x13=0000ffff x13:ffffffff
27285279ns          481689 1c00948a 02ee08b3 mul              x17, x28, x14       x17=00000000 x28:00000000 x14:0000000d
27285299ns          481690 1c00948e 1006c833 p.exths          x16, x13, x0        x16=ffffffff x13:0000ffff
27285319ns          481691 1c009492 06b11823 sh               x11, 112(x2)        x11:0000009b  x2:100014d8  PA:10001548
27285339ns          481692 1c009496 000f5f03 lhu              x30, 0(x30)         x30=0000fed2 x30:1c002e74  PA:1c002e74
27285637ns          481707 1c00949a 0a012583 lw               x11, 160(x2)        x11=1c002e94  x2:100014d8  PA:10001578
27285657ns          481708 1c00949c 1007d7b3 p.exthz          x15, x15, x0        x15=0000fffe x15:fffffffe
27285677ns          481709 1c0094a0 0004da03 lhu              x20, 0(x9)          x20=0000fac3  x9:1c002e64  PA:1c002e64
27286015ns          481726 1c0094a4 1007c533 p.exths          x10, x15, x0        x10=fffffffe x15:0000fffe
27286035ns          481727 1c0094a8 09d11023 sh               x29, 128(x2)        x29:00000041  x2:100014d8  PA:10001558
27286055ns          481728 1c0094ac 0003d483 lhu              x9, 0(x7)            x9=0000ffd0  x7:1c002eb4  PA:1c002eb4
27286373ns          481744 1c0094b0 02e80eb3 mul              x29, x16, x14       x29=fffffff3 x16:ffffffff x14:0000000d
27286393ns          481745 1c0094b4 40a8d893 srai             x17, x17, 0x40a     x17=00000000 x17:00000000
27286413ns          481746 1c0094b8 03c80833 mul              x16, x16, x28       x16=00000000 x16:ffffffff x28:00000000
27286433ns          481747 1c0094bc 09e11823 sh               x30, 144(x2)        x30:0000fed2  x2:100014d8  PA:10001568
27286453ns          481748 1c0094c0 0005d983 lhu              x19, 0(x11)         x19=0000ff98 x11:1c002e94  PA:1c002e94
27286771ns          481764 1c0094c4 81c88f5b p.muls           x30, x17, x28       x30=00000000 x17:00000000 x28:00000000
27286791ns          481765 1c0094c8 0002d583 lhu              x11, 0(x5)          x11=0000ff7b  x5:1c002ea4  PA:1c002ea4
27287089ns          481780 1c0094cc 03ce0fb3 mul              x31, x28, x28       x31=00000000 x28:00000000 x28:00000000
27287109ns          481781 1c0094d0 02e50733 mul              x14, x10, x14       x14=ffffffe6 x10:fffffffe x14:0000000d
27287129ns          481782 1c0094d4 40a85813 srai             x16, x16, 0x40a     x16=00000000 x16:00000000
27287149ns          481783 1c0094d8 03c50533 mul              x10, x10, x28       x10=00000000 x10:fffffffe x28:00000000
27287169ns          481784 1c0094dc 07015e03 lhu              x28, 112(x2)        x28=0000009b  x2:100014d8  PA:10001548
27287209ns          481786 1c0094e0 01b60633 add              x12, x12, x27       x12=0000178d x12:0000000d x27:00001780
27287228ns          481787 1c0094e2 00980833 add              x16, x16, x9        x16=0000ffd0 x16:00000000  x9:0000ffd0
27287248ns          481788 1c0094e4 06015d83 lhu              x27, 96(x2)         x27=000001a3  x2:100014d8  PA:10001538
27287268ns          481789 1c0094e8 02812483 lw               x9, 40(x2)           x9=1c002ec4  x2:100014d8  PA:10001500
27287288ns          481790 1c0094ea 40afdf93 srai             x31, x31, 0x40a     x31=00000000 x31:00000000
27287308ns          481791 1c0094ee 40a55513 srai             x10, x10, 0x40a     x10=00000000 x10:00000000
27287328ns          481792 1c0094f0 01cf8fb3 add              x31, x31, x28       x31=0000009b x31:00000000 x28:0000009b
27287348ns          481793 1c0094f2 00b50533 add              x10, x10, x11       x10=0000ff7b x10:00000000 x11:0000ff7b
27287368ns          481794 1c0094f4 09015e03 lhu              x28, 144(x2)        x28=0000fed2  x2:100014d8  PA:10001568
27287388ns          481795 1c0094f8 03012583 lw               x11, 48(x2)         x11=1c002ed4  x2:100014d8  PA:10001508
27287407ns          481796 1c0094fa 00c49023 sh               x12, 0(x9)          x12:0000178d  x9:1c002ec4  PA:1c002ec4
27287746ns          481813 1c0094fe 01b888b3 add              x17, x17, x27       x17=000001a3 x17:00000000 x27:000001a3
27287765ns          481814 1c009500 01a30333 add              x6, x6, x26          x6=00000559  x6:00000000 x26:00000559
27287785ns          481815 1c009502 08015d83 lhu              x27, 128(x2)        x27=00000041  x2:100014d8  PA:10001558
27287805ns          481816 1c009506 0000d903 lhu              x18, 0(x1)          x18=0000fe9b  x1:1c002e84  PA:1c002e84
27288104ns          481831 1c00950a 01c686b3 add              x13, x13, x28       x13=0001fed1 x13:0000ffff x28:0000fed2
27288123ns          481832 1c00950c 00659023 sh               x6, 0(x11)           x6:00000559 x11:1c002ed4  PA:1c002ed4
27288462ns          481849 1c009510 40af5f13 srai             x30, x30, 0x40a     x30=00000000 x30:00000000
27288481ns          481850 1c009514 04812e03 lw               x28, 72(x2)         x28=1c002f04  x2:100014d8  PA:10001520
27288501ns          481851 1c009516 01bf0f33 add              x30, x30, x27       x30=00000041 x30:00000000 x27:00000041
27288521ns          481852 1c009518 40aede93 srai             x29, x29, 0x40a     x29=ffffffff x29:fffffff3
27288541ns          481853 1c00951c 40a75713 srai             x14, x14, 0x40a     x14=ffffffff x14:ffffffe6
27288561ns          481854 1c00951e 03812603 lw               x12, 56(x2)         x12=1c002ee4  x2:100014d8  PA:10001510
27288581ns          481855 1c009520 04012d83 lw               x27, 64(x2)         x27=1c002ef4  x2:100014d8  PA:10001518
27288601ns          481856 1c009522 01ee1023 sh               x30, 0(x28)         x30:00000041 x28:1c002f04  PA:1c002f04
27288919ns          481872 1c009526 05812483 lw               x9, 88(x2)           x9=1c002e64  x2:100014d8  PA:10001530
27288939ns          481873 1c009528 05012f03 lw               x30, 80(x2)         x30=1c002e74  x2:100014d8  PA:10001528
27288959ns          481874 1c00952a 0a012583 lw               x11, 160(x2)        x11=1c002e94  x2:100014d8  PA:10001578
27288979ns          481875 1c00952c 014787b3 add              x15, x15, x20       x15=0001fac1 x15:0000fffe x20:0000fac3
27288999ns          481876 1c00952e 013e8eb3 add              x29, x29, x19       x29=0000ff97 x29:ffffffff x19:0000ff98
27289018ns          481877 1c009530 01270733 add              x14, x14, x18       x14=0000fe9a x14:ffffffff x18:0000fe9b
27289038ns          481878 1c009532 00f49023 sh               x15, 0(x9)          x15:0001fac1  x9:1c002e64  PA:1c002e64
27289356ns          481894 1c009536 01161023 sh               x17, 0(x12)         x17:000001a3 x12:1c002ee4  PA:1c002ee4
27289675ns          481910 1c00953a 01fd9023 sh               x31, 0(x27)         x31:0000009b x27:1c002ef4  PA:1c002ef4
27289993ns          481926 1c00953e 00df1023 sh               x13, 0(x30)         x13:0001fed1 x30:1c002e74  PA:1c002e74
27290311ns          481942 1c009542 01d59023 sh               x29, 0(x11)         x29:0000ff97 x11:1c002e94  PA:1c002e94
27290629ns          481958 1c009546 00e09023 sh               x14, 0(x1)          x14:0000fe9a  x1:1c002e84  PA:1c002e84
27290948ns          481974 1c00954a 01039023 sh               x16, 0(x7)          x16:0000ffd0  x7:1c002eb4  PA:1c002eb4
27291306ns          481992 1c00954e 00a29023 sh               x10, 0(x5)          x10:0000ff7b  x5:1c002ea4  PA:1c002ea4
27291624ns          482008 1c009552 008b0b13 addi             x22, x22, 8         x22=0000018a x22:00000182
27291644ns          482009 1c009554 1f300793 addi             x15, x0, 499        x15=000001f3
27291664ns          482010 1c009558 e767dae3 bge              x15, x22, -396      x15:000001f3 x22:0000018a
27291763ns          482015 1c0093cc 010c9a0b p.lh             x20, 16(x25!)       x20=ffffff9f x25=1c0029ac x25:1c00299c  PA:1c00299c
27292061ns          482030 1c0093d0 0104198b p.lh             x19, 16(x8!)        x19=0000006a  x8=1c002174  x8:1c002164  PA:1c002164
27292379ns          482046 1c0093d4 2cc10513 addi             x10, x2, 716        x10=100017a4  x2:100014d8
27292399ns          482047 1c0093d6 010a990b p.lh             x18, 16(x21!)       x18=ffffff96 x21=1c0019a0 x21:1c001990  PA:1c001990
27292718ns          482063 1c0093da 010b948b p.lh             x9, 16(x23!)         x9=0000006b x23=1c0011d0 x23:1c0011c0  PA:1c0011c0
27293016ns          482078 1c0093de 2d411623 sh               x20, 716(x2)        x20:ffffff9f  x2:100014d8  PA:100017a4
27293036ns          482079 1c0093e2 2d311723 sh               x19, 718(x2)        x19:0000006a  x2:100014d8  PA:100017a6
27293056ns          482080 1c0093e6 c33ff0ef jal              x1, -974             x1=1c0093e8
27293095ns          482082 1c009018 00051803 lh               x16, 0(x10)         x16=ffffff9f x10:100017a4  PA:100017a4
27293115ns          482083 1c00901c 00251883 lh               x17, 2(x10)         x17=0000006a x10:100017a4  PA:100017a6
27293135ns          482084 1c009020 030806b3 mul              x13, x16, x16       x13=000024c1 x16:ffffff9f x16:ffffff9f
27293155ns          482085 1c009024 03188633 mul              x12, x17, x17       x12=00002be4 x17:0000006a x17:0000006a
27293175ns          482086 1c009028 40a65613 srai             x12, x12, 0x40a     x12=0000000a x12:00002be4
27293195ns          482087 1c00902a 40a6d693 srai             x13, x13, 0x40a     x13=00000009 x13:000024c1
27293215ns          482088 1c00902c 00c686b3 add              x13, x13, x12       x13=00000013 x13:00000009 x12:0000000a
27293235ns          482089 1c00902e 1006c633 p.exths          x12, x13, x0        x12=00000013 x13:00000013
27293255ns          482090 1c009032 00855703 lhu              x14, 8(x10)         x14=0000ffd1 x10:100017a4  PA:100017ac
27293274ns          482091 1c009036 00a55683 lhu              x13, 10(x10)        x13=0000ff6a x10:100017a4  PA:100017ae
27293294ns          482092 1c00903a 02c60333 mul              x6, x12, x12         x6=00000169 x12:00000013 x12:00000013
27293314ns          482093 1c00903e 00c55783 lhu              x15, 12(x10)        x15=0000ffe5 x10:100017a4  PA:100017b0
27293334ns          482094 1c009042 00e55583 lhu              x11, 14(x10)        x11=00000060 x10:100017a4  PA:100017b2
27293354ns          482095 1c009046 dea30333 p.extract        x6, x6, 15, 10       x6=00000000  x6:00000169
27293374ns          482096 1c00904a 80c7075b p.muls           x14, x14, x12       x14=fffffc83 x14:0000ffd1 x12:00000013
27293394ns          482097 1c00904e 80c686db p.muls           x13, x13, x12       x13=fffff4de x13:0000ff6a x12:00000013
27293414ns          482098 1c009052 00455e83 lhu              x29, 4(x10)         x29=00000427 x10:100017a4  PA:100017a8
27293434ns          482099 1c009056 00655e03 lhu              x28, 6(x10)         x28=0000007f x10:100017a4  PA:100017aa
27293453ns          482100 1c00905a 40a75713 srai             x14, x14, 0x40a     x14=ffffffff x14:fffffc83
27293473ns          482101 1c00905c 806787db p.muls           x15, x15, x6        x15=00000000 x15:0000ffe5  x6:00000000
27293493ns          482102 1c009060 40a6d693 srai             x13, x13, 0x40a     x13=fffffffd x13:fffff4de
27293513ns          482103 1c009062 8065865b p.muls           x12, x11, x6        x12=00000000 x11:00000060  x6:00000000
27293533ns          482104 1c009066 40a7d793 srai             x15, x15, 0x40a     x15=00000000 x15:00000000
27293553ns          482105 1c009068 40a65613 srai             x12, x12, 0x40a     x12=00000000 x12:00000000
27293573ns          482106 1c00906a 01d70733 add              x14, x14, x29       x14=00000426 x14:ffffffff x29:00000427
27293593ns          482107 1c00906c 01c686b3 add              x13, x13, x28       x13=0000007c x13:fffffffd x28:0000007f
27293613ns          482108 1c00906e 00c686b3 add              x13, x13, x12       x13=0000007c x13:0000007c x12:00000000
27293632ns          482109 1c009070 00f70733 add              x14, x14, x15       x14=00000426 x14:00000426 x15:00000000
27293652ns          482110 1c009072 100747b3 p.exths          x15, x14, x0        x15=00000426 x14:00000426
27293672ns          482111 1c009076 1006c733 p.exths          x14, x13, x0        x14=0000007c x13:0000007c
27293692ns          482112 1c00907a 03170633 mul              x12, x14, x17       x12=00003358 x14:0000007c x17:0000006a
27293712ns          482113 1c00907e 030786b3 mul              x13, x15, x16       x13=fffe6d9a x15:00000426 x16:ffffff9f
27293732ns          482114 1c009082 03070733 mul              x14, x14, x16       x14=ffffd104 x14:0000007c x16:ffffff9f
27293752ns          482115 1c009086 031787b3 mul              x15, x15, x17       x15=0001b7bc x15:00000426 x17:0000006a
27293772ns          482116 1c00908a 40a6d693 srai             x13, x13, 0x40a     x13=ffffff9b x13:fffe6d9a
27293792ns          482117 1c00908c 40a65613 srai             x12, x12, 0x40a     x12=0000000c x12:00003358
27293811ns          482118 1c00908e 40a7d793 srai             x15, x15, 0x40a     x15=0000006d x15:0001b7bc
27293831ns          482119 1c009090 40a75713 srai             x14, x14, 0x40a     x14=fffffff4 x14:ffffd104
27293851ns          482120 1c009092 40c686b3 sub              x13, x13, x12       x13=ffffff8f x13:ffffff9b x12:0000000c
27293871ns          482121 1c009094 00e787b3 add              x15, x15, x14       x15=00000061 x15:0000006d x14:fffffff4
27293891ns          482122 1c009096 00d51823 sh               x13, 16(x10)        x13:ffffff8f x10:100017a4  PA:100017b4
27293911ns          482123 1c00909a 00f51923 sh               x15, 18(x10)        x15:00000061 x10:100017a4  PA:100017b6
27293931ns          482124 1c00909e 00008067 jalr             x0, x1, 0            x1:1c0093e8
27294010ns          482128 1c0093e8 2dc15583 lhu              x11, 732(x2)        x11=0000ff8f  x2:100014d8  PA:100017b4
27294030ns          482129 1c0093ec 2de15783 lhu              x15, 734(x2)        x15=00000061  x2:100014d8  PA:100017b6
27294050ns          482130 1c0093f0 40b90933 sub              x18, x18, x11       x18=ffff0007 x18:ffffff96 x11:0000ff8f
27294070ns          482131 1c0093f4 40f484b3 sub              x9, x9, x15          x9=0000000a  x9:0000006b x15:00000061
27294090ns          482132 1c0093f6 100945b3 p.exths          x11, x18, x0        x11=00000007 x18:ffff0007
27294110ns          482133 1c0093fa 1004c7b3 p.exths          x15, x9, x0         x15=0000000a  x9:0000000a
27294130ns          482134 1c0093fe 034586b3 mul              x13, x11, x20       x13=fffffd59 x11:00000007 x20:ffffff9f
27294150ns          482135 1c009402 03378533 mul              x10, x15, x19       x10=00000424 x15:0000000a x19:0000006a
27294169ns          482136 1c009406 034a0633 mul              x12, x20, x20       x12=000024c1 x20:ffffff9f x20:ffffff9f
27294189ns          482137 1c00940a 03398733 mul              x14, x19, x19       x14=00002be4 x19:0000006a x19:0000006a
27294249ns          482140 1c00940e 034787b3 mul              x15, x15, x20       x15=fffffc36 x15:0000000a x20:ffffff9f
27294289ns          482142 1c009412 033585b3 mul              x11, x11, x19       x11=000002e6 x11:00000007 x19:0000006a
27294309ns          482143 1c009416 40a75713 srai             x14, x14, 0x40a     x14=0000000a x14:00002be4
27294328ns          482144 1c009418 40a5d593 srai             x11, x11, 0x40a     x11=00000000 x11:000002e6
27294348ns          482145 1c00941a 40a65613 srai             x12, x12, 0x40a     x12=00000009 x12:000024c1
27294368ns          482146 1c00941c 40a7d793 srai             x15, x15, 0x40a     x15=ffffffff x15:fffffc36
27294388ns          482147 1c00941e 1c0034b7 lui              x9, 0x1c003000       x9=1c003000
27294408ns          482148 1c009422 00e60633 add              x12, x12, x14       x12=00000013 x12:00000009 x14:0000000a
27294428ns          482149 1c009424 40b787b3 sub              x15, x15, x11       x15=ffffffff x15:ffffffff x11:00000000
27294448ns          482150 1c009426 eb048493 addi             x9, x9, -336         x9=1c002eb0  x9:1c003000
27294468ns          482151 1c00942a 1c0032b7 lui              x5, 0x1c003000       x5=1c003000
27294488ns          482152 1c00942e 1c0035b7 lui              x11, 0x1c003000     x11=1c003000
27294507ns          482153 1c009432 018483b3 add              x7, x9, x24          x7=1c002eb4  x9:1c002eb0 x24:00000004
27294527ns          482154 1c009436 02812e83 lw               x29, 40(x2)         x29=1c002ec4  x2:100014d8  PA:10001500
27294547ns          482155 1c009438 10065633 p.exthz          x12, x12, x0        x12=00000013 x12:00000013
27294567ns          482156 1c00943c e8028293 addi             x5, x5, -384         x5=1c002e80  x5:1c003000
27294587ns          482157 1c009440 ea058593 addi             x11, x11, -352      x11=1c002ea0 x11:1c003000
27294607ns          482158 1c009444 03812483 lw               x9, 56(x2)           x9=1c002ee4  x2:100014d8  PA:10001510
27294627ns          482159 1c009446 10064733 p.exths          x14, x12, x0        x14=00000013 x12:00000013
27294647ns          482160 1c00944a 018280b3 add              x1, x5, x24          x1=1c002e84  x5:1c002e80 x24:00000004
27294667ns          482161 1c00944e 03012f03 lw               x30, 48(x2)         x30=1c002ed4  x2:100014d8  PA:10001508
27294686ns          482162 1c009450 018582b3 add              x5, x11, x24         x5=1c002ea4 x11:1c002ea0 x24:00000004
27294706ns          482163 1c009454 04012583 lw               x11, 64(x2)         x11=1c002ef4  x2:100014d8  PA:10001518
27294726ns          482164 1c009456 000edd83 lhu              x27, 0(x29)         x27=0000178d x29:1c002ec4  PA:1c002ec4
27295025ns          482179 1c00945a 0004d483 lhu              x9, 0(x9)            x9=000001a3  x9:1c002ee4  PA:1c002ee4
27295343ns          482195 1c00945e 02e70333 mul              x6, x14, x14         x6=00000169 x14:00000013 x14:00000013
27295363ns          482196 1c009462 40a55513 srai             x10, x10, 0x40a     x10=00000001 x10:00000424
27295383ns          482197 1c009464 04812e83 lw               x29, 72(x2)         x29=1c002f04  x2:100014d8  PA:10001520
27295402ns          482198 1c009466 40a6d693 srai             x13, x13, 0x40a     x13=ffffffff x13:fffffd59
27295422ns          482199 1c009468 000f5d03 lhu              x26, 0(x30)         x26=00000559 x30:1c002ed4  PA:1c002ed4
27295741ns          482215 1c00946c 0005d583 lhu              x11, 0(x11)         x11=0000009b x11:1c002ef4  PA:1c002ef4
27296039ns          482230 1c009470 40a35313 srai             x6, x6, 0x40a        x6=00000000  x6:00000169
27296059ns          482231 1c009474 00a686b3 add              x13, x13, x10       x13=00000000 x13:ffffffff x10:00000001
27296079ns          482232 1c009476 05012f03 lw               x30, 80(x2)         x30=1c002e74  x2:100014d8  PA:10001528
27296099ns          482233 1c009478 10034e33 p.exths          x28, x6, x0         x28=00000000  x6:00000000
27296118ns          482234 1c00947c 06911023 sh               x9, 96(x2)           x9:000001a3  x2:100014d8  PA:10001538
27296138ns          482235 1c009480 000ede83 lhu              x29, 0(x29)         x29=00000041 x29:1c002f04  PA:1c002f04
27296496ns          482253 1c009484 05812483 lw               x9, 88(x2)           x9=1c002e64  x2:100014d8  PA:10001530
27296516ns          482254 1c009486 1006d6b3 p.exthz          x13, x13, x0        x13=00000000 x13:00000000
27296536ns          482255 1c00948a 02ee08b3 mul              x17, x28, x14       x17=00000000 x28:00000000 x14:00000013
27296556ns          482256 1c00948e 1006c833 p.exths          x16, x13, x0        x16=00000000 x13:00000000
27296576ns          482257 1c009492 06b11823 sh               x11, 112(x2)        x11:0000009b  x2:100014d8  PA:10001548
27296596ns          482258 1c009496 000f5f03 lhu              x30, 0(x30)         x30=0000fed1 x30:1c002e74  PA:1c002e74
27296934ns          482275 1c00949a 0a012583 lw               x11, 160(x2)        x11=1c002e94  x2:100014d8  PA:10001578
27296954ns          482276 1c00949c 1007d7b3 p.exthz          x15, x15, x0        x15=0000ffff x15:ffffffff
27296974ns          482277 1c0094a0 0004da03 lhu              x20, 0(x9)          x20=0000fac1  x9:1c002e64  PA:1c002e64
27297292ns          482293 1c0094a4 1007c533 p.exths          x10, x15, x0        x10=ffffffff x15:0000ffff
27297312ns          482294 1c0094a8 09d11023 sh               x29, 128(x2)        x29:00000041  x2:100014d8  PA:10001558
27297332ns          482295 1c0094ac 0003d483 lhu              x9, 0(x7)            x9=0000ffd0  x7:1c002eb4  PA:1c002eb4
27297650ns          482311 1c0094b0 02e80eb3 mul              x29, x16, x14       x29=00000000 x16:00000000 x14:00000013
27297670ns          482312 1c0094b4 40a8d893 srai             x17, x17, 0x40a     x17=00000000 x17:00000000
27297690ns          482313 1c0094b8 03c80833 mul              x16, x16, x28       x16=00000000 x16:00000000 x28:00000000
27297709ns          482314 1c0094bc 09e11823 sh               x30, 144(x2)        x30:0000fed1  x2:100014d8  PA:10001568
27297729ns          482315 1c0094c0 0005d983 lhu              x19, 0(x11)         x19=0000ff97 x11:1c002e94  PA:1c002e94
27298087ns          482333 1c0094c4 81c88f5b p.muls           x30, x17, x28       x30=00000000 x17:00000000 x28:00000000
27298107ns          482334 1c0094c8 0002d583 lhu              x11, 0(x5)          x11=0000ff7b  x5:1c002ea4  PA:1c002ea4
27298406ns          482349 1c0094cc 03ce0fb3 mul              x31, x28, x28       x31=00000000 x28:00000000 x28:00000000
27298425ns          482350 1c0094d0 02e50733 mul              x14, x10, x14       x14=ffffffed x10:ffffffff x14:00000013
27298445ns          482351 1c0094d4 40a85813 srai             x16, x16, 0x40a     x16=00000000 x16:00000000
27298465ns          482352 1c0094d8 03c50533 mul              x10, x10, x28       x10=00000000 x10:ffffffff x28:00000000
27298485ns          482353 1c0094dc 07015e03 lhu              x28, 112(x2)        x28=0000009b  x2:100014d8  PA:10001548
27298525ns          482355 1c0094e0 01b60633 add              x12, x12, x27       x12=000017a0 x12:00000013 x27:0000178d
27298545ns          482356 1c0094e2 00980833 add              x16, x16, x9        x16=0000ffd0 x16:00000000  x9:0000ffd0
27298565ns          482357 1c0094e4 06015d83 lhu              x27, 96(x2)         x27=000001a3  x2:100014d8  PA:10001538
27298585ns          482358 1c0094e8 02812483 lw               x9, 40(x2)           x9=1c002ec4  x2:100014d8  PA:10001500
27298604ns          482359 1c0094ea 40afdf93 srai             x31, x31, 0x40a     x31=00000000 x31:00000000
27298624ns          482360 1c0094ee 40a55513 srai             x10, x10, 0x40a     x10=00000000 x10:00000000
27298644ns          482361 1c0094f0 01cf8fb3 add              x31, x31, x28       x31=0000009b x31:00000000 x28:0000009b
27298664ns          482362 1c0094f2 00b50533 add              x10, x10, x11       x10=0000ff7b x10:00000000 x11:0000ff7b
27298684ns          482363 1c0094f4 09015e03 lhu              x28, 144(x2)        x28=0000fed1  x2:100014d8  PA:10001568
27298724ns          482365 1c0094f8 03012583 lw               x11, 48(x2)         x11=1c002ed4  x2:100014d8  PA:10001508
27298744ns          482366 1c0094fa 00c49023 sh               x12, 0(x9)          x12:000017a0  x9:1c002ec4  PA:1c002ec4
27299102ns          482384 1c0094fe 01b888b3 add              x17, x17, x27       x17=000001a3 x17:00000000 x27:000001a3
27299122ns          482385 1c009500 01a30333 add              x6, x6, x26          x6=00000559  x6:00000000 x26:00000559
27299141ns          482386 1c009502 08015d83 lhu              x27, 128(x2)        x27=00000041  x2:100014d8  PA:10001558
27299161ns          482387 1c009506 0000d903 lhu              x18, 0(x1)          x18=0000fe9a  x1:1c002e84  PA:1c002e84
27299460ns          482402 1c00950a 01c686b3 add              x13, x13, x28       x13=0000fed1 x13:00000000 x28:0000fed1
27299479ns          482403 1c00950c 00659023 sh               x6, 0(x11)           x6:00000559 x11:1c002ed4  PA:1c002ed4
27299798ns          482419 1c009510 40af5f13 srai             x30, x30, 0x40a     x30=00000000 x30:00000000
27299818ns          482420 1c009514 04812e03 lw               x28, 72(x2)         x28=1c002f04  x2:100014d8  PA:10001520
27299837ns          482421 1c009516 01bf0f33 add              x30, x30, x27       x30=00000041 x30:00000000 x27:00000041
27299857ns          482422 1c009518 40aede93 srai             x29, x29, 0x40a     x29=00000000 x29:00000000
27299877ns          482423 1c00951c 40a75713 srai             x14, x14, 0x40a     x14=ffffffff x14:ffffffed
27299897ns          482424 1c00951e 03812603 lw               x12, 56(x2)         x12=1c002ee4  x2:100014d8  PA:10001510
27299917ns          482425 1c009520 04012d83 lw               x27, 64(x2)         x27=1c002ef4  x2:100014d8  PA:10001518
27299937ns          482426 1c009522 01ee1023 sh               x30, 0(x28)         x30:00000041 x28:1c002f04  PA:1c002f04
27300255ns          482442 1c009526 05812483 lw               x9, 88(x2)           x9=1c002e64  x2:100014d8  PA:10001530
27300275ns          482443 1c009528 05012f03 lw               x30, 80(x2)         x30=1c002e74  x2:100014d8  PA:10001528
27300295ns          482444 1c00952a 0a012583 lw               x11, 160(x2)        x11=1c002e94  x2:100014d8  PA:10001578
27300315ns          482445 1c00952c 014787b3 add              x15, x15, x20       x15=0001fac0 x15:0000ffff x20:0000fac1
27300335ns          482446 1c00952e 013e8eb3 add              x29, x29, x19       x29=0000ff97 x29:00000000 x19:0000ff97
27300355ns          482447 1c009530 01270733 add              x14, x14, x18       x14=0000fe99 x14:ffffffff x18:0000fe9a
27300374ns          482448 1c009532 00f49023 sh               x15, 0(x9)          x15:0001fac0  x9:1c002e64  PA:1c002e64
27300732ns          482466 1c009536 01161023 sh               x17, 0(x12)         x17:000001a3 x12:1c002ee4  PA:1c002ee4
27301051ns          482482 1c00953a 01fd9023 sh               x31, 0(x27)         x31:0000009b x27:1c002ef4  PA:1c002ef4
27301369ns          482498 1c00953e 00df1023 sh               x13, 0(x30)         x13:0000fed1 x30:1c002e74  PA:1c002e74
27301687ns          482514 1c009542 01d59023 sh               x29, 0(x11)         x29:0000ff97 x11:1c002e94  PA:1c002e94
27302005ns          482530 1c009546 00e09023 sh               x14, 0(x1)          x14:0000fe99  x1:1c002e84  PA:1c002e84
27302323ns          482546 1c00954a 01039023 sh               x16, 0(x7)          x16:0000ffd0  x7:1c002eb4  PA:1c002eb4
27302642ns          482562 1c00954e 00a29023 sh               x10, 0(x5)          x10:0000ff7b  x5:1c002ea4  PA:1c002ea4
27302960ns          482578 1c009552 008b0b13 addi             x22, x22, 8         x22=00000192 x22:0000018a
27302980ns          482579 1c009554 1f300793 addi             x15, x0, 499        x15=000001f3
27303000ns          482580 1c009558 e767dae3 bge              x15, x22, -396      x15:000001f3 x22:00000192
27303059ns          482583 1c0093cc 010c9a0b p.lh             x20, 16(x25!)       x20=ffffff9c x25=1c0029bc x25:1c0029ac  PA:1c0029ac
27303358ns          482598 1c0093d0 0104198b p.lh             x19, 16(x8!)        x19=ffffff79  x8=1c002184  x8:1c002174  PA:1c002174
27303716ns          482616 1c0093d4 2cc10513 addi             x10, x2, 716        x10=100017a4  x2:100014d8
27303736ns          482617 1c0093d6 010a990b p.lh             x18, 16(x21!)       x18=ffffff93 x21=1c0019b0 x21:1c0019a0  PA:1c0019a0
27304054ns          482633 1c0093da 010b948b p.lh             x9, 16(x23!)         x9=ffffff74 x23=1c0011e0 x23:1c0011d0  PA:1c0011d0
27304372ns          482649 1c0093de 2d411623 sh               x20, 716(x2)        x20:ffffff9c  x2:100014d8  PA:100017a4
27304392ns          482650 1c0093e2 2d311723 sh               x19, 718(x2)        x19:ffffff79  x2:100014d8  PA:100017a6
27304412ns          482651 1c0093e6 c33ff0ef jal              x1, -974             x1=1c0093e8
27304491ns          482655 1c009018 00051803 lh               x16, 0(x10)         x16=ffffff9c x10:100017a4  PA:100017a4
27304531ns          482657 1c00901c 00251883 lh               x17, 2(x10)         x17=ffffff79 x10:100017a4  PA:100017a6
27304591ns          482660 1c009020 030806b3 mul              x13, x16, x16       x13=00002710 x16:ffffff9c x16:ffffff9c
27304630ns          482662 1c009024 03188633 mul              x12, x17, x17       x12=00004731 x17:ffffff79 x17:ffffff79
27304650ns          482663 1c009028 40a65613 srai             x12, x12, 0x40a     x12=00000011 x12:00004731
27304670ns          482664 1c00902a 40a6d693 srai             x13, x13, 0x40a     x13=00000009 x13:00002710
27304690ns          482665 1c00902c 00c686b3 add              x13, x13, x12       x13=0000001a x13:00000009 x12:00000011
27304710ns          482666 1c00902e 1006c633 p.exths          x12, x13, x0        x12=0000001a x13:0000001a
27304730ns          482667 1c009032 00855703 lhu              x14, 8(x10)         x14=0000ffd1 x10:100017a4  PA:100017ac
27304750ns          482668 1c009036 00a55683 lhu              x13, 10(x10)        x13=0000ff6a x10:100017a4  PA:100017ae
27304770ns          482669 1c00903a 02c60333 mul              x6, x12, x12         x6=000002a4 x12:0000001a x12:0000001a
27304809ns          482671 1c00903e 00c55783 lhu              x15, 12(x10)        x15=0000ffe5 x10:100017a4  PA:100017b0
27304849ns          482673 1c009042 00e55583 lhu              x11, 14(x10)        x11=00000060 x10:100017a4  PA:100017b2
27304869ns          482674 1c009046 dea30333 p.extract        x6, x6, 15, 10       x6=00000000  x6:000002a4
27304889ns          482675 1c00904a 80c7075b p.muls           x14, x14, x12       x14=fffffb3a x14:0000ffd1 x12:0000001a
27304909ns          482676 1c00904e 80c686db p.muls           x13, x13, x12       x13=fffff0c4 x13:0000ff6a x12:0000001a
27304929ns          482677 1c009052 00455e83 lhu              x29, 4(x10)         x29=00000427 x10:100017a4  PA:100017a8
27304949ns          482678 1c009056 00655e03 lhu              x28, 6(x10)         x28=0000007f x10:100017a4  PA:100017aa
27304969ns          482679 1c00905a 40a75713 srai             x14, x14, 0x40a     x14=fffffffe x14:fffffb3a
27304988ns          482680 1c00905c 806787db p.muls           x15, x15, x6        x15=00000000 x15:0000ffe5  x6:00000000
27305028ns          482682 1c009060 40a6d693 srai             x13, x13, 0x40a     x13=fffffffc x13:fffff0c4
27305068ns          482684 1c009062 8065865b p.muls           x12, x11, x6        x12=00000000 x11:00000060  x6:00000000
27305088ns          482685 1c009066 40a7d793 srai             x15, x15, 0x40a     x15=00000000 x15:00000000
27305108ns          482686 1c009068 40a65613 srai             x12, x12, 0x40a     x12=00000000 x12:00000000
27305128ns          482687 1c00906a 01d70733 add              x14, x14, x29       x14=00000425 x14:fffffffe x29:00000427
27305148ns          482688 1c00906c 01c686b3 add              x13, x13, x28       x13=0000007b x13:fffffffc x28:0000007f
27305167ns          482689 1c00906e 00c686b3 add              x13, x13, x12       x13=0000007b x13:0000007b x12:00000000
27305187ns          482690 1c009070 00f70733 add              x14, x14, x15       x14=00000425 x14:00000425 x15:00000000
27305207ns          482691 1c009072 100747b3 p.exths          x15, x14, x0        x15=00000425 x14:00000425
27305227ns          482692 1c009076 1006c733 p.exths          x14, x13, x0        x14=0000007b x13:0000007b
27305247ns          482693 1c00907a 03170633 mul              x12, x14, x17       x12=ffffbf23 x14:0000007b x17:ffffff79
27305267ns          482694 1c00907e 030786b3 mul              x13, x15, x16       x13=fffe618c x15:00000425 x16:ffffff9c
27305287ns          482695 1c009082 03070733 mul              x14, x14, x16       x14=ffffcff4 x14:0000007b x16:ffffff9c
27305307ns          482696 1c009086 031787b3 mul              x15, x15, x17       x15=fffdd07d x15:00000425 x17:ffffff79
27305327ns          482697 1c00908a 40a6d693 srai             x13, x13, 0x40a     x13=ffffff98 x13:fffe618c
27305346ns          482698 1c00908c 40a65613 srai             x12, x12, 0x40a     x12=ffffffef x12:ffffbf23
27305366ns          482699 1c00908e 40a7d793 srai             x15, x15, 0x40a     x15=ffffff74 x15:fffdd07d
27305386ns          482700 1c009090 40a75713 srai             x14, x14, 0x40a     x14=fffffff3 x14:ffffcff4
27305406ns          482701 1c009092 40c686b3 sub              x13, x13, x12       x13=ffffffa9 x13:ffffff98 x12:ffffffef
27305426ns          482702 1c009094 00e787b3 add              x15, x15, x14       x15=ffffff67 x15:ffffff74 x14:fffffff3
27305446ns          482703 1c009096 00d51823 sh               x13, 16(x10)        x13:ffffffa9 x10:100017a4  PA:100017b4
27305466ns          482704 1c00909a 00f51923 sh               x15, 18(x10)        x15:ffffff67 x10:100017a4  PA:100017b6
27305486ns          482705 1c00909e 00008067 jalr             x0, x1, 0            x1:1c0093e8
27305605ns          482711 1c0093e8 2dc15583 lhu              x11, 732(x2)        x11=0000ffa9  x2:100014d8  PA:100017b4
27305665ns          482714 1c0093ec 2de15783 lhu              x15, 734(x2)        x15=0000ff67  x2:100014d8  PA:100017b6
27305685ns          482715 1c0093f0 40b90933 sub              x18, x18, x11       x18=fffeffea x18:ffffff93 x11:0000ffa9
27305704ns          482716 1c0093f4 40f484b3 sub              x9, x9, x15          x9=ffff000d  x9:ffffff74 x15:0000ff67
27305724ns          482717 1c0093f6 100945b3 p.exths          x11, x18, x0        x11=ffffffea x18:fffeffea
27305744ns          482718 1c0093fa 1004c7b3 p.exths          x15, x9, x0         x15=0000000d  x9:ffff000d
27305764ns          482719 1c0093fe 034586b3 mul              x13, x11, x20       x13=00000898 x11:ffffffea x20:ffffff9c
27305784ns          482720 1c009402 03378533 mul              x10, x15, x19       x10=fffff925 x15:0000000d x19:ffffff79
27305804ns          482721 1c009406 034a0633 mul              x12, x20, x20       x12=00002710 x20:ffffff9c x20:ffffff9c
27305824ns          482722 1c00940a 03398733 mul              x14, x19, x19       x14=00004731 x19:ffffff79 x19:ffffff79
27305864ns          482724 1c00940e 034787b3 mul              x15, x15, x20       x15=fffffaec x15:0000000d x20:ffffff9c
27305903ns          482726 1c009412 033585b3 mul              x11, x11, x19       x11=00000b9a x11:ffffffea x19:ffffff79
27305923ns          482727 1c009416 40a75713 srai             x14, x14, 0x40a     x14=00000011 x14:00004731
27305943ns          482728 1c009418 40a5d593 srai             x11, x11, 0x40a     x11=00000002 x11:00000b9a
27305963ns          482729 1c00941a 40a65613 srai             x12, x12, 0x40a     x12=00000009 x12:00002710
27305983ns          482730 1c00941c 40a7d793 srai             x15, x15, 0x40a     x15=fffffffe x15:fffffaec
27306003ns          482731 1c00941e 1c0034b7 lui              x9, 0x1c003000       x9=1c003000
27306023ns          482732 1c009422 00e60633 add              x12, x12, x14       x12=0000001a x12:00000009 x14:00000011
27306043ns          482733 1c009424 40b787b3 sub              x15, x15, x11       x15=fffffffc x15:fffffffe x11:00000002
27306062ns          482734 1c009426 eb048493 addi             x9, x9, -336         x9=1c002eb0  x9:1c003000
27306082ns          482735 1c00942a 1c0032b7 lui              x5, 0x1c003000       x5=1c003000
27306102ns          482736 1c00942e 1c0035b7 lui              x11, 0x1c003000     x11=1c003000
27306122ns          482737 1c009432 018483b3 add              x7, x9, x24          x7=1c002eb4  x9:1c002eb0 x24:00000004
27306142ns          482738 1c009436 02812e83 lw               x29, 40(x2)         x29=1c002ec4  x2:100014d8  PA:10001500
27306162ns          482739 1c009438 10065633 p.exthz          x12, x12, x0        x12=0000001a x12:0000001a
27306182ns          482740 1c00943c e8028293 addi             x5, x5, -384         x5=1c002e80  x5:1c003000
27306202ns          482741 1c009440 ea058593 addi             x11, x11, -352      x11=1c002ea0 x11:1c003000
27306222ns          482742 1c009444 03812483 lw               x9, 56(x2)           x9=1c002ee4  x2:100014d8  PA:10001510
27306241ns          482743 1c009446 10064733 p.exths          x14, x12, x0        x14=0000001a x12:0000001a
27306261ns          482744 1c00944a 018280b3 add              x1, x5, x24          x1=1c002e84  x5:1c002e80 x24:00000004
27306281ns          482745 1c00944e 03012f03 lw               x30, 48(x2)         x30=1c002ed4  x2:100014d8  PA:10001508
27306301ns          482746 1c009450 018582b3 add              x5, x11, x24         x5=1c002ea4 x11:1c002ea0 x24:00000004
27306321ns          482747 1c009454 04012583 lw               x11, 64(x2)         x11=1c002ef4  x2:100014d8  PA:10001518
27306341ns          482748 1c009456 000edd83 lhu              x27, 0(x29)         x27=000017a0 x29:1c002ec4  PA:1c002ec4
27306639ns          482763 1c00945a 0004d483 lhu              x9, 0(x9)            x9=000001a3  x9:1c002ee4  PA:1c002ee4
27306937ns          482778 1c00945e 02e70333 mul              x6, x14, x14         x6=000002a4 x14:0000001a x14:0000001a
27306957ns          482779 1c009462 40a55513 srai             x10, x10, 0x40a     x10=fffffffe x10:fffff925
27306977ns          482780 1c009464 04812e83 lw               x29, 72(x2)         x29=1c002f04  x2:100014d8  PA:10001520
27306997ns          482781 1c009466 40a6d693 srai             x13, x13, 0x40a     x13=00000002 x13:00000898
27307017ns          482782 1c009468 000f5d03 lhu              x26, 0(x30)         x26=00000559 x30:1c002ed4  PA:1c002ed4
27307315ns          482797 1c00946c 0005d583 lhu              x11, 0(x11)         x11=0000009b x11:1c002ef4  PA:1c002ef4
27307713ns          482817 1c009470 40a35313 srai             x6, x6, 0x40a        x6=00000000  x6:000002a4
27307733ns          482818 1c009474 00a686b3 add              x13, x13, x10       x13=00000000 x13:00000002 x10:fffffffe
27307753ns          482819 1c009476 05012f03 lw               x30, 80(x2)         x30=1c002e74  x2:100014d8  PA:10001528
27307773ns          482820 1c009478 10034e33 p.exths          x28, x6, x0         x28=00000000  x6:00000000
27307793ns          482821 1c00947c 06911023 sh               x9, 96(x2)           x9:000001a3  x2:100014d8  PA:10001538
27307813ns          482822 1c009480 000ede83 lhu              x29, 0(x29)         x29=00000041 x29:1c002f04  PA:1c002f04
27308111ns          482837 1c009484 05812483 lw               x9, 88(x2)           x9=1c002e64  x2:100014d8  PA:10001530
27308131ns          482838 1c009486 1006d6b3 p.exthz          x13, x13, x0        x13=00000000 x13:00000000
27308151ns          482839 1c00948a 02ee08b3 mul              x17, x28, x14       x17=00000000 x28:00000000 x14:0000001a
27308171ns          482840 1c00948e 1006c833 p.exths          x16, x13, x0        x16=00000000 x13:00000000
27308190ns          482841 1c009492 06b11823 sh               x11, 112(x2)        x11:0000009b  x2:100014d8  PA:10001548
27308210ns          482842 1c009496 000f5f03 lhu              x30, 0(x30)         x30=0000fed1 x30:1c002e74  PA:1c002e74
27308548ns          482859 1c00949a 0a012583 lw               x11, 160(x2)        x11=1c002e94  x2:100014d8  PA:10001578
27308588ns          482861 1c00949c 1007d7b3 p.exthz          x15, x15, x0        x15=0000fffc x15:fffffffc
27308608ns          482862 1c0094a0 0004da03 lhu              x20, 0(x9)          x20=0000fac0  x9:1c002e64  PA:1c002e64
27308966ns          482880 1c0094a4 1007c533 p.exths          x10, x15, x0        x10=fffffffc x15:0000fffc
27308986ns          482881 1c0094a8 09d11023 sh               x29, 128(x2)        x29:00000041  x2:100014d8  PA:10001558
27309006ns          482882 1c0094ac 0003d483 lhu              x9, 0(x7)            x9=0000ffd0  x7:1c002eb4  PA:1c002eb4
27309324ns          482898 1c0094b0 02e80eb3 mul              x29, x16, x14       x29=00000000 x16:00000000 x14:0000001a
27309344ns          482899 1c0094b4 40a8d893 srai             x17, x17, 0x40a     x17=00000000 x17:00000000
27309364ns          482900 1c0094b8 03c80833 mul              x16, x16, x28       x16=00000000 x16:00000000 x28:00000000
27309384ns          482901 1c0094bc 09e11823 sh               x30, 144(x2)        x30:0000fed1  x2:100014d8  PA:10001568
27309404ns          482902 1c0094c0 0005d983 lhu              x19, 0(x11)         x19=0000ff97 x11:1c002e94  PA:1c002e94
27309742ns          482919 1c0094c4 81c88f5b p.muls           x30, x17, x28       x30=00000000 x17:00000000 x28:00000000
27309762ns          482920 1c0094c8 0002d583 lhu              x11, 0(x5)          x11=0000ff7b  x5:1c002ea4  PA:1c002ea4
27310060ns          482935 1c0094cc 03ce0fb3 mul              x31, x28, x28       x31=00000000 x28:00000000 x28:00000000
27310080ns          482936 1c0094d0 02e50733 mul              x14, x10, x14       x14=ffffff98 x10:fffffffc x14:0000001a
27310100ns          482937 1c0094d4 40a85813 srai             x16, x16, 0x40a     x16=00000000 x16:00000000
27310120ns          482938 1c0094d8 03c50533 mul              x10, x10, x28       x10=00000000 x10:fffffffc x28:00000000
27310139ns          482939 1c0094dc 07015e03 lhu              x28, 112(x2)        x28=0000009b  x2:100014d8  PA:10001548
27310159ns          482940 1c0094e0 01b60633 add              x12, x12, x27       x12=000017ba x12:0000001a x27:000017a0
27310179ns          482941 1c0094e2 00980833 add              x16, x16, x9        x16=0000ffd0 x16:00000000  x9:0000ffd0
27310199ns          482942 1c0094e4 06015d83 lhu              x27, 96(x2)         x27=000001a3  x2:100014d8  PA:10001538
27310219ns          482943 1c0094e8 02812483 lw               x9, 40(x2)           x9=1c002ec4  x2:100014d8  PA:10001500
27310239ns          482944 1c0094ea 40afdf93 srai             x31, x31, 0x40a     x31=00000000 x31:00000000
27310259ns          482945 1c0094ee 40a55513 srai             x10, x10, 0x40a     x10=00000000 x10:00000000
27310279ns          482946 1c0094f0 01cf8fb3 add              x31, x31, x28       x31=0000009b x31:00000000 x28:0000009b
27310299ns          482947 1c0094f2 00b50533 add              x10, x10, x11       x10=0000ff7b x10:00000000 x11:0000ff7b
27310318ns          482948 1c0094f4 09015e03 lhu              x28, 144(x2)        x28=0000fed1  x2:100014d8  PA:10001568
27310338ns          482949 1c0094f8 03012583 lw               x11, 48(x2)         x11=1c002ed4  x2:100014d8  PA:10001508
27310358ns          482950 1c0094fa 00c49023 sh               x12, 0(x9)          x12:000017ba  x9:1c002ec4  PA:1c002ec4
27310676ns          482966 1c0094fe 01b888b3 add              x17, x17, x27       x17=000001a3 x17:00000000 x27:000001a3
27310696ns          482967 1c009500 01a30333 add              x6, x6, x26          x6=00000559  x6:00000000 x26:00000559
27310716ns          482968 1c009502 08015d83 lhu              x27, 128(x2)        x27=00000041  x2:100014d8  PA:10001558
27310736ns          482969 1c009506 0000d903 lhu              x18, 0(x1)          x18=0000fe99  x1:1c002e84  PA:1c002e84
27311054ns          482985 1c00950a 01c686b3 add              x13, x13, x28       x13=0000fed1 x13:00000000 x28:0000fed1
27311074ns          482986 1c00950c 00659023 sh               x6, 0(x11)           x6:00000559 x11:1c002ed4  PA:1c002ed4
27311392ns          483002 1c009510 40af5f13 srai             x30, x30, 0x40a     x30=00000000 x30:00000000
27311412ns          483003 1c009514 04812e03 lw               x28, 72(x2)         x28=1c002f04  x2:100014d8  PA:10001520
27311432ns          483004 1c009516 01bf0f33 add              x30, x30, x27       x30=00000041 x30:00000000 x27:00000041
27311452ns          483005 1c009518 40aede93 srai             x29, x29, 0x40a     x29=00000000 x29:00000000
27311472ns          483006 1c00951c 40a75713 srai             x14, x14, 0x40a     x14=ffffffff x14:ffffff98
27311492ns          483007 1c00951e 03812603 lw               x12, 56(x2)         x12=1c002ee4  x2:100014d8  PA:10001510
27311512ns          483008 1c009520 04012d83 lw               x27, 64(x2)         x27=1c002ef4  x2:100014d8  PA:10001518
27311552ns          483010 1c009522 01ee1023 sh               x30, 0(x28)         x30:00000041 x28:1c002f04  PA:1c002f04
27311870ns          483026 1c009526 05812483 lw               x9, 88(x2)           x9=1c002e64  x2:100014d8  PA:10001530
27311890ns          483027 1c009528 05012f03 lw               x30, 80(x2)         x30=1c002e74  x2:100014d8  PA:10001528
27311909ns          483028 1c00952a 0a012583 lw               x11, 160(x2)        x11=1c002e94  x2:100014d8  PA:10001578
27311929ns          483029 1c00952c 014787b3 add              x15, x15, x20       x15=0001fabc x15:0000fffc x20:0000fac0
27311949ns          483030 1c00952e 013e8eb3 add              x29, x29, x19       x29=0000ff97 x29:00000000 x19:0000ff97
27311969ns          483031 1c009530 01270733 add              x14, x14, x18       x14=0000fe98 x14:ffffffff x18:0000fe99
27311989ns          483032 1c009532 00f49023 sh               x15, 0(x9)          x15:0001fabc  x9:1c002e64  PA:1c002e64
27312327ns          483049 1c009536 01161023 sh               x17, 0(x12)         x17:000001a3 x12:1c002ee4  PA:1c002ee4
27312665ns          483066 1c00953a 01fd9023 sh               x31, 0(x27)         x31:0000009b x27:1c002ef4  PA:1c002ef4
27313003ns          483083 1c00953e 00df1023 sh               x13, 0(x30)         x13:0000fed1 x30:1c002e74  PA:1c002e74
27313361ns          483101 1c009542 01d59023 sh               x29, 0(x11)         x29:0000ff97 x11:1c002e94  PA:1c002e94
27313699ns          483118 1c009546 00e09023 sh               x14, 0(x1)          x14:0000fe98  x1:1c002e84  PA:1c002e84
27314018ns          483134 1c00954a 01039023 sh               x16, 0(x7)          x16:0000ffd0  x7:1c002eb4  PA:1c002eb4
27314336ns          483150 1c00954e 00a29023 sh               x10, 0(x5)          x10:0000ff7b  x5:1c002ea4  PA:1c002ea4
27314654ns          483166 1c009552 008b0b13 addi             x22, x22, 8         x22=0000019a x22:00000192
27314674ns          483167 1c009554 1f300793 addi             x15, x0, 499        x15=000001f3
27314694ns          483168 1c009558 e767dae3 bge              x15, x22, -396      x15:000001f3 x22:0000019a
27314793ns          483173 1c0093cc 010c9a0b p.lh             x20, 16(x25!)       x20=ffffffff x25=1c0029cc x25:1c0029bc  PA:1c0029bc
27315131ns          483190 1c0093d0 0104198b p.lh             x19, 16(x8!)        x19=000001c6  x8=1c002194  x8:1c002184  PA:1c002184
27315450ns          483206 1c0093d4 2cc10513 addi             x10, x2, 716        x10=100017a4  x2:100014d8
27315469ns          483207 1c0093d6 010a990b p.lh             x18, 16(x21!)       x18=00000037 x21=1c0019c0 x21:1c0019b0  PA:1c0019b0
27315768ns          483222 1c0093da 010b948b p.lh             x9, 16(x23!)         x9=000001c3 x23=1c0011f0 x23:1c0011e0  PA:1c0011e0
27316086ns          483238 1c0093de 2d411623 sh               x20, 716(x2)        x20:ffffffff  x2:100014d8  PA:100017a4
27316106ns          483239 1c0093e2 2d311723 sh               x19, 718(x2)        x19:000001c6  x2:100014d8  PA:100017a6
27316126ns          483240 1c0093e6 c33ff0ef jal              x1, -974             x1=1c0093e8
27316166ns          483242 1c009018 00051803 lh               x16, 0(x10)         x16=ffffffff x10:100017a4  PA:100017a4
27316185ns          483243 1c00901c 00251883 lh               x17, 2(x10)         x17=000001c6 x10:100017a4  PA:100017a6
27316245ns          483246 1c009020 030806b3 mul              x13, x16, x16       x13=00000001 x16:ffffffff x16:ffffffff
27316285ns          483248 1c009024 03188633 mul              x12, x17, x17       x12=00032524 x17:000001c6 x17:000001c6
27316305ns          483249 1c009028 40a65613 srai             x12, x12, 0x40a     x12=000000c9 x12:00032524
27316325ns          483250 1c00902a 40a6d693 srai             x13, x13, 0x40a     x13=00000000 x13:00000001
27316345ns          483251 1c00902c 00c686b3 add              x13, x13, x12       x13=000000c9 x13:00000000 x12:000000c9
27316364ns          483252 1c00902e 1006c633 p.exths          x12, x13, x0        x12=000000c9 x13:000000c9
27316384ns          483253 1c009032 00855703 lhu              x14, 8(x10)         x14=0000ffd1 x10:100017a4  PA:100017ac
27316404ns          483254 1c009036 00a55683 lhu              x13, 10(x10)        x13=0000ff6a x10:100017a4  PA:100017ae
27316424ns          483255 1c00903a 02c60333 mul              x6, x12, x12         x6=00009dd1 x12:000000c9 x12:000000c9
27316464ns          483257 1c00903e 00c55783 lhu              x15, 12(x10)        x15=0000ffe5 x10:100017a4  PA:100017b0
27316504ns          483259 1c009042 00e55583 lhu              x11, 14(x10)        x11=00000060 x10:100017a4  PA:100017b2
27316524ns          483260 1c009046 dea30333 p.extract        x6, x6, 15, 10       x6=00000027  x6:00009dd1
27316543ns          483261 1c00904a 80c7075b p.muls           x14, x14, x12       x14=ffffdb19 x14:0000ffd1 x12:000000c9
27316603ns          483264 1c00904e 80c686db p.muls           x13, x13, x12       x13=ffff8a3a x13:0000ff6a x12:000000c9
27316643ns          483266 1c009052 00455e83 lhu              x29, 4(x10)         x29=00000427 x10:100017a4  PA:100017a8
27316663ns          483267 1c009056 00655e03 lhu              x28, 6(x10)         x28=0000007f x10:100017a4  PA:100017aa
27316683ns          483268 1c00905a 40a75713 srai             x14, x14, 0x40a     x14=fffffff6 x14:ffffdb19
27316702ns          483269 1c00905c 806787db p.muls           x15, x15, x6        x15=fffffbe3 x15:0000ffe5  x6:00000027
27316742ns          483271 1c009060 40a6d693 srai             x13, x13, 0x40a     x13=ffffffe2 x13:ffff8a3a
27316782ns          483273 1c009062 8065865b p.muls           x12, x11, x6        x12=00000ea0 x11:00000060  x6:00000027
27316802ns          483274 1c009066 40a7d793 srai             x15, x15, 0x40a     x15=fffffffe x15:fffffbe3
27316822ns          483275 1c009068 40a65613 srai             x12, x12, 0x40a     x12=00000003 x12:00000ea0
27316842ns          483276 1c00906a 01d70733 add              x14, x14, x29       x14=0000041d x14:fffffff6 x29:00000427
27316862ns          483277 1c00906c 01c686b3 add              x13, x13, x28       x13=00000061 x13:ffffffe2 x28:0000007f
27316881ns          483278 1c00906e 00c686b3 add              x13, x13, x12       x13=00000064 x13:00000061 x12:00000003
27316901ns          483279 1c009070 00f70733 add              x14, x14, x15       x14=0000041b x14:0000041d x15:fffffffe
27316921ns          483280 1c009072 100747b3 p.exths          x15, x14, x0        x15=0000041b x14:0000041b
27316941ns          483281 1c009076 1006c733 p.exths          x14, x13, x0        x14=00000064 x13:00000064
27316961ns          483282 1c00907a 03170633 mul              x12, x14, x17       x12=0000b158 x14:00000064 x17:000001c6
27316981ns          483283 1c00907e 030786b3 mul              x13, x15, x16       x13=fffffbe5 x15:0000041b x16:ffffffff
27317001ns          483284 1c009082 03070733 mul              x14, x14, x16       x14=ffffff9c x14:00000064 x16:ffffffff
27317021ns          483285 1c009086 031787b3 mul              x15, x15, x17       x15=000747e2 x15:0000041b x17:000001c6
27317041ns          483286 1c00908a 40a6d693 srai             x13, x13, 0x40a     x13=fffffffe x13:fffffbe5
27317060ns          483287 1c00908c 40a65613 srai             x12, x12, 0x40a     x12=0000002c x12:0000b158
27317080ns          483288 1c00908e 40a7d793 srai             x15, x15, 0x40a     x15=000001d1 x15:000747e2
27317100ns          483289 1c009090 40a75713 srai             x14, x14, 0x40a     x14=ffffffff x14:ffffff9c
27317120ns          483290 1c009092 40c686b3 sub              x13, x13, x12       x13=ffffffd2 x13:fffffffe x12:0000002c
27317140ns          483291 1c009094 00e787b3 add              x15, x15, x14       x15=000001d0 x15:000001d1 x14:ffffffff
27317160ns          483292 1c009096 00d51823 sh               x13, 16(x10)        x13:ffffffd2 x10:100017a4  PA:100017b4
27317180ns          483293 1c00909a 00f51923 sh               x15, 18(x10)        x15:000001d0 x10:100017a4  PA:100017b6
27317200ns          483294 1c00909e 00008067 jalr             x0, x1, 0            x1:1c0093e8
27317319ns          483300 1c0093e8 2dc15583 lhu              x11, 732(x2)        x11=0000ffd2  x2:100014d8  PA:100017b4
27317379ns          483303 1c0093ec 2de15783 lhu              x15, 734(x2)        x15=000001d0  x2:100014d8  PA:100017b6
27317399ns          483304 1c0093f0 40b90933 sub              x18, x18, x11       x18=ffff0065 x18:00000037 x11:0000ffd2
27317418ns          483305 1c0093f4 40f484b3 sub              x9, x9, x15          x9=fffffff3  x9:000001c3 x15:000001d0
27317438ns          483306 1c0093f6 100945b3 p.exths          x11, x18, x0        x11=00000065 x18:ffff0065
27317458ns          483307 1c0093fa 1004c7b3 p.exths          x15, x9, x0         x15=fffffff3  x9:fffffff3
27317478ns          483308 1c0093fe 034586b3 mul              x13, x11, x20       x13=ffffff9b x11:00000065 x20:ffffffff
27317498ns          483309 1c009402 03378533 mul              x10, x15, x19       x10=ffffe8f2 x15:fffffff3 x19:000001c6
27317518ns          483310 1c009406 034a0633 mul              x12, x20, x20       x12=00000001 x20:ffffffff x20:ffffffff
27317538ns          483311 1c00940a 03398733 mul              x14, x19, x19       x14=00032524 x19:000001c6 x19:000001c6
27317597ns          483314 1c00940e 034787b3 mul              x15, x15, x20       x15=0000000d x15:fffffff3 x20:ffffffff
27317637ns          483316 1c009412 033585b3 mul              x11, x11, x19       x11=0000b31e x11:00000065 x19:000001c6
27317657ns          483317 1c009416 40a75713 srai             x14, x14, 0x40a     x14=000000c9 x14:00032524
27317677ns          483318 1c009418 40a5d593 srai             x11, x11, 0x40a     x11=0000002c x11:0000b31e
27317697ns          483319 1c00941a 40a65613 srai             x12, x12, 0x40a     x12=00000000 x12:00000001
27317717ns          483320 1c00941c 40a7d793 srai             x15, x15, 0x40a     x15=00000000 x15:0000000d
27317737ns          483321 1c00941e 1c0034b7 lui              x9, 0x1c003000       x9=1c003000
27317757ns          483322 1c009422 00e60633 add              x12, x12, x14       x12=000000c9 x12:00000000 x14:000000c9
27317776ns          483323 1c009424 40b787b3 sub              x15, x15, x11       x15=ffffffd4 x15:00000000 x11:0000002c
27317796ns          483324 1c009426 eb048493 addi             x9, x9, -336         x9=1c002eb0  x9:1c003000
27317816ns          483325 1c00942a 1c0032b7 lui              x5, 0x1c003000       x5=1c003000
27317836ns          483326 1c00942e 1c0035b7 lui              x11, 0x1c003000     x11=1c003000
27317856ns          483327 1c009432 018483b3 add              x7, x9, x24          x7=1c002eb4  x9:1c002eb0 x24:00000004
27317876ns          483328 1c009436 02812e83 lw               x29, 40(x2)         x29=1c002ec4  x2:100014d8  PA:10001500
27317896ns          483329 1c009438 10065633 p.exthz          x12, x12, x0        x12=000000c9 x12:000000c9
27317916ns          483330 1c00943c e8028293 addi             x5, x5, -384         x5=1c002e80  x5:1c003000
27317936ns          483331 1c009440 ea058593 addi             x11, x11, -352      x11=1c002ea0 x11:1c003000
27317955ns          483332 1c009444 03812483 lw               x9, 56(x2)           x9=1c002ee4  x2:100014d8  PA:10001510
27317975ns          483333 1c009446 10064733 p.exths          x14, x12, x0        x14=000000c9 x12:000000c9
27317995ns          483334 1c00944a 018280b3 add              x1, x5, x24          x1=1c002e84  x5:1c002e80 x24:00000004
27318015ns          483335 1c00944e 03012f03 lw               x30, 48(x2)         x30=1c002ed4  x2:100014d8  PA:10001508
27318035ns          483336 1c009450 018582b3 add              x5, x11, x24         x5=1c002ea4 x11:1c002ea0 x24:00000004
27318055ns          483337 1c009454 04012583 lw               x11, 64(x2)         x11=1c002ef4  x2:100014d8  PA:10001518
27318075ns          483338 1c009456 000edd83 lhu              x27, 0(x29)         x27=000017ba x29:1c002ec4  PA:1c002ec4
27318393ns          483354 1c00945a 0004d483 lhu              x9, 0(x9)            x9=000001a3  x9:1c002ee4  PA:1c002ee4
27318691ns          483369 1c00945e 02e70333 mul              x6, x14, x14         x6=00009dd1 x14:000000c9 x14:000000c9
27318711ns          483370 1c009462 40a55513 srai             x10, x10, 0x40a     x10=fffffffa x10:ffffe8f2
27318731ns          483371 1c009464 04812e83 lw               x29, 72(x2)         x29=1c002f04  x2:100014d8  PA:10001520
27318751ns          483372 1c009466 40a6d693 srai             x13, x13, 0x40a     x13=ffffffff x13:ffffff9b
27318771ns          483373 1c009468 000f5d03 lhu              x26, 0(x30)         x26=00000559 x30:1c002ed4  PA:1c002ed4
27319109ns          483390 1c00946c 0005d583 lhu              x11, 0(x11)         x11=0000009b x11:1c002ef4  PA:1c002ef4
27319427ns          483406 1c009470 40a35313 srai             x6, x6, 0x40a        x6=00000027  x6:00009dd1
27319447ns          483407 1c009474 00a686b3 add              x13, x13, x10       x13=fffffff9 x13:ffffffff x10:fffffffa
27319467ns          483408 1c009476 05012f03 lw               x30, 80(x2)         x30=1c002e74  x2:100014d8  PA:10001528
27319487ns          483409 1c009478 10034e33 p.exths          x28, x6, x0         x28=00000027  x6:00000027
27319507ns          483410 1c00947c 06911023 sh               x9, 96(x2)           x9:000001a3  x2:100014d8  PA:10001538
27319527ns          483411 1c009480 000ede83 lhu              x29, 0(x29)         x29=00000041 x29:1c002f04  PA:1c002f04
27319845ns          483427 1c009484 05812483 lw               x9, 88(x2)           x9=1c002e64  x2:100014d8  PA:10001530
27319865ns          483428 1c009486 1006d6b3 p.exthz          x13, x13, x0        x13=0000fff9 x13:fffffff9
27319885ns          483429 1c00948a 02ee08b3 mul              x17, x28, x14       x17=00001e9f x28:00000027 x14:000000c9
27319904ns          483430 1c00948e 1006c833 p.exths          x16, x13, x0        x16=fffffff9 x13:0000fff9
27319924ns          483431 1c009492 06b11823 sh               x11, 112(x2)        x11:0000009b  x2:100014d8  PA:10001548
27319944ns          483432 1c009496 000f5f03 lhu              x30, 0(x30)         x30=0000fed1 x30:1c002e74  PA:1c002e74
27320262ns          483448 1c00949a 0a012583 lw               x11, 160(x2)        x11=1c002e94  x2:100014d8  PA:10001578
27320282ns          483449 1c00949c 1007d7b3 p.exthz          x15, x15, x0        x15=0000ffd4 x15:ffffffd4
27320302ns          483450 1c0094a0 0004da03 lhu              x20, 0(x9)          x20=0000fabc  x9:1c002e64  PA:1c002e64
27320680ns          483469 1c0094a4 1007c533 p.exths          x10, x15, x0        x10=ffffffd4 x15:0000ffd4
27320700ns          483470 1c0094a8 09d11023 sh               x29, 128(x2)        x29:00000041  x2:100014d8  PA:10001558
27320720ns          483471 1c0094ac 0003d483 lhu              x9, 0(x7)            x9=0000ffd0  x7:1c002eb4  PA:1c002eb4
27321058ns          483488 1c0094b0 02e80eb3 mul              x29, x16, x14       x29=fffffa81 x16:fffffff9 x14:000000c9
27321078ns          483489 1c0094b4 40a8d893 srai             x17, x17, 0x40a     x17=00000007 x17:00001e9f
27321098ns          483490 1c0094b8 03c80833 mul              x16, x16, x28       x16=fffffeef x16:fffffff9 x28:00000027
27321118ns          483491 1c0094bc 09e11823 sh               x30, 144(x2)        x30:0000fed1  x2:100014d8  PA:10001568
27321138ns          483492 1c0094c0 0005d983 lhu              x19, 0(x11)         x19=0000ff97 x11:1c002e94  PA:1c002e94
27321436ns          483507 1c0094c4 81c88f5b p.muls           x30, x17, x28       x30=00000111 x17:00000007 x28:00000027
27321456ns          483508 1c0094c8 0002d583 lhu              x11, 0(x5)          x11=0000ff7b  x5:1c002ea4  PA:1c002ea4
27321853ns          483528 1c0094cc 03ce0fb3 mul              x31, x28, x28       x31=000005f1 x28:00000027 x28:00000027
27321873ns          483529 1c0094d0 02e50733 mul              x14, x10, x14       x14=ffffdd74 x10:ffffffd4 x14:000000c9
27321893ns          483530 1c0094d4 40a85813 srai             x16, x16, 0x40a     x16=ffffffff x16:fffffeef
27321913ns          483531 1c0094d8 03c50533 mul              x10, x10, x28       x10=fffff94c x10:ffffffd4 x28:00000027
27321933ns          483532 1c0094dc 07015e03 lhu              x28, 112(x2)        x28=0000009b  x2:100014d8  PA:10001548
27321953ns          483533 1c0094e0 01b60633 add              x12, x12, x27       x12=00001883 x12:000000c9 x27:000017ba
27321973ns          483534 1c0094e2 00980833 add              x16, x16, x9        x16=0000ffcf x16:ffffffff  x9:0000ffd0
27321993ns          483535 1c0094e4 06015d83 lhu              x27, 96(x2)         x27=000001a3  x2:100014d8  PA:10001538
27322013ns          483536 1c0094e8 02812483 lw               x9, 40(x2)           x9=1c002ec4  x2:100014d8  PA:10001500
27322032ns          483537 1c0094ea 40afdf93 srai             x31, x31, 0x40a     x31=00000001 x31:000005f1
27322052ns          483538 1c0094ee 40a55513 srai             x10, x10, 0x40a     x10=fffffffe x10:fffff94c
27322072ns          483539 1c0094f0 01cf8fb3 add              x31, x31, x28       x31=0000009c x31:00000001 x28:0000009b
27322092ns          483540 1c0094f2 00b50533 add              x10, x10, x11       x10=0000ff79 x10:fffffffe x11:0000ff7b
27322112ns          483541 1c0094f4 09015e03 lhu              x28, 144(x2)        x28=0000fed1  x2:100014d8  PA:10001568
27322152ns          483543 1c0094f8 03012583 lw               x11, 48(x2)         x11=1c002ed4  x2:100014d8  PA:10001508
27322172ns          483544 1c0094fa 00c49023 sh               x12, 0(x9)          x12:00001883  x9:1c002ec4  PA:1c002ec4
27322510ns          483561 1c0094fe 01b888b3 add              x17, x17, x27       x17=000001aa x17:00000007 x27:000001a3
27322530ns          483562 1c009500 01a30333 add              x6, x6, x26          x6=00000580  x6:00000027 x26:00000559
27322550ns          483563 1c009502 08015d83 lhu              x27, 128(x2)        x27=00000041  x2:100014d8  PA:10001558
27322569ns          483564 1c009506 0000d903 lhu              x18, 0(x1)          x18=0000fe98  x1:1c002e84  PA:1c002e84
27322888ns          483580 1c00950a 01c686b3 add              x13, x13, x28       x13=0001feca x13:0000fff9 x28:0000fed1
27322908ns          483581 1c00950c 00659023 sh               x6, 0(x11)           x6:00000580 x11:1c002ed4  PA:1c002ed4
27323226ns          483597 1c009510 40af5f13 srai             x30, x30, 0x40a     x30=00000000 x30:00000111
27323246ns          483598 1c009514 04812e03 lw               x28, 72(x2)         x28=1c002f04  x2:100014d8  PA:10001520
27323266ns          483599 1c009516 01bf0f33 add              x30, x30, x27       x30=00000041 x30:00000000 x27:00000041
27323285ns          483600 1c009518 40aede93 srai             x29, x29, 0x40a     x29=fffffffe x29:fffffa81
27323305ns          483601 1c00951c 40a75713 srai             x14, x14, 0x40a     x14=fffffff7 x14:ffffdd74
27323325ns          483602 1c00951e 03812603 lw               x12, 56(x2)         x12=1c002ee4  x2:100014d8  PA:10001510
27323345ns          483603 1c009520 04012d83 lw               x27, 64(x2)         x27=1c002ef4  x2:100014d8  PA:10001518
27323365ns          483604 1c009522 01ee1023 sh               x30, 0(x28)         x30:00000041 x28:1c002f04  PA:1c002f04
27323683ns          483620 1c009526 05812483 lw               x9, 88(x2)           x9=1c002e64  x2:100014d8  PA:10001530
27323703ns          483621 1c009528 05012f03 lw               x30, 80(x2)         x30=1c002e74  x2:100014d8  PA:10001528
27323723ns          483622 1c00952a 0a012583 lw               x11, 160(x2)        x11=1c002e94  x2:100014d8  PA:10001578
27323743ns          483623 1c00952c 014787b3 add              x15, x15, x20       x15=0001fa90 x15:0000ffd4 x20:0000fabc
27323763ns          483624 1c00952e 013e8eb3 add              x29, x29, x19       x29=0000ff95 x29:fffffffe x19:0000ff97
27323783ns          483625 1c009530 01270733 add              x14, x14, x18       x14=0000fe8f x14:fffffff7 x18:0000fe98
27323803ns          483626 1c009532 00f49023 sh               x15, 0(x9)          x15:0001fa90  x9:1c002e64  PA:1c002e64
27324141ns          483643 1c009536 01161023 sh               x17, 0(x12)         x17:000001aa x12:1c002ee4  PA:1c002ee4
27324459ns          483659 1c00953a 01fd9023 sh               x31, 0(x27)         x31:0000009c x27:1c002ef4  PA:1c002ef4
27324777ns          483675 1c00953e 00df1023 sh               x13, 0(x30)         x13:0001feca x30:1c002e74  PA:1c002e74
27325095ns          483691 1c009542 01d59023 sh               x29, 0(x11)         x29:0000ff95 x11:1c002e94  PA:1c002e94
27325413ns          483707 1c009546 00e09023 sh               x14, 0(x1)          x14:0000fe8f  x1:1c002e84  PA:1c002e84
27325732ns          483723 1c00954a 01039023 sh               x16, 0(x7)          x16:0000ffcf  x7:1c002eb4  PA:1c002eb4
27326050ns          483739 1c00954e 00a29023 sh               x10, 0(x5)          x10:0000ff79  x5:1c002ea4  PA:1c002ea4
27326368ns          483755 1c009552 008b0b13 addi             x22, x22, 8         x22=000001a2 x22:0000019a
27326388ns          483756 1c009554 1f300793 addi             x15, x0, 499        x15=000001f3
27326408ns          483757 1c009558 e767dae3 bge              x15, x22, -396      x15:000001f3 x22:000001a2
27326547ns          483764 1c0093cc 010c9a0b p.lh             x20, 16(x25!)       x20=ffffff91 x25=1c0029dc x25:1c0029cc  PA:1c0029cc
27326905ns          483782 1c0093d0 0104198b p.lh             x19, 16(x8!)        x19=000000b8  x8=1c0021a4  x8:1c002194  PA:1c002194
27327223ns          483798 1c0093d4 2cc10513 addi             x10, x2, 716        x10=100017a4  x2:100014d8
27327243ns          483799 1c0093d6 010a990b p.lh             x18, 16(x21!)       x18=ffffffa1 x21=1c0019d0 x21:1c0019c0  PA:1c0019c0
27327561ns          483815 1c0093da 010b948b p.lh             x9, 16(x23!)         x9=000000b5 x23=1c001200 x23:1c0011f0  PA:1c0011f0
27327860ns          483830 1c0093de 2d411623 sh               x20, 716(x2)        x20:ffffff91  x2:100014d8  PA:100017a4
27327880ns          483831 1c0093e2 2d311723 sh               x19, 718(x2)        x19:000000b8  x2:100014d8  PA:100017a6
27327899ns          483832 1c0093e6 c33ff0ef jal              x1, -974             x1=1c0093e8
27327939ns          483834 1c009018 00051803 lh               x16, 0(x10)         x16=ffffff91 x10:100017a4  PA:100017a4
27327979ns          483836 1c00901c 00251883 lh               x17, 2(x10)         x17=000000b8 x10:100017a4  PA:100017a6
27327999ns          483837 1c009020 030806b3 mul              x13, x16, x16       x13=00003021 x16:ffffff91 x16:ffffff91
27328019ns          483838 1c009024 03188633 mul              x12, x17, x17       x12=00008440 x17:000000b8 x17:000000b8
27328039ns          483839 1c009028 40a65613 srai             x12, x12, 0x40a     x12=00000021 x12:00008440
27328059ns          483840 1c00902a 40a6d693 srai             x13, x13, 0x40a     x13=0000000c x13:00003021
27328078ns          483841 1c00902c 00c686b3 add              x13, x13, x12       x13=0000002d x13:0000000c x12:00000021
27328098ns          483842 1c00902e 1006c633 p.exths          x12, x13, x0        x12=0000002d x13:0000002d
27328118ns          483843 1c009032 00855703 lhu              x14, 8(x10)         x14=0000ffd1 x10:100017a4  PA:100017ac
27328138ns          483844 1c009036 00a55683 lhu              x13, 10(x10)        x13=0000ff6a x10:100017a4  PA:100017ae
27328158ns          483845 1c00903a 02c60333 mul              x6, x12, x12         x6=000007e9 x12:0000002d x12:0000002d
27328178ns          483846 1c00903e 00c55783 lhu              x15, 12(x10)        x15=0000ffe5 x10:100017a4  PA:100017b0
27328198ns          483847 1c009042 00e55583 lhu              x11, 14(x10)        x11=00000060 x10:100017a4  PA:100017b2
27328218ns          483848 1c009046 dea30333 p.extract        x6, x6, 15, 10       x6=00000001  x6:000007e9
27328238ns          483849 1c00904a 80c7075b p.muls           x14, x14, x12       x14=fffff7bd x14:0000ffd1 x12:0000002d
27328257ns          483850 1c00904e 80c686db p.muls           x13, x13, x12       x13=ffffe5a2 x13:0000ff6a x12:0000002d
27328277ns          483851 1c009052 00455e83 lhu              x29, 4(x10)         x29=00000427 x10:100017a4  PA:100017a8
27328297ns          483852 1c009056 00655e03 lhu              x28, 6(x10)         x28=0000007f x10:100017a4  PA:100017aa
27328317ns          483853 1c00905a 40a75713 srai             x14, x14, 0x40a     x14=fffffffd x14:fffff7bd
27328337ns          483854 1c00905c 806787db p.muls           x15, x15, x6        x15=ffffffe5 x15:0000ffe5  x6:00000001
27328377ns          483856 1c009060 40a6d693 srai             x13, x13, 0x40a     x13=fffffff9 x13:ffffe5a2
27328417ns          483858 1c009062 8065865b p.muls           x12, x11, x6        x12=00000060 x11:00000060  x6:00000001
27328436ns          483859 1c009066 40a7d793 srai             x15, x15, 0x40a     x15=ffffffff x15:ffffffe5
27328456ns          483860 1c009068 40a65613 srai             x12, x12, 0x40a     x12=00000000 x12:00000060
27328476ns          483861 1c00906a 01d70733 add              x14, x14, x29       x14=00000424 x14:fffffffd x29:00000427
27328496ns          483862 1c00906c 01c686b3 add              x13, x13, x28       x13=00000078 x13:fffffff9 x28:0000007f
27328516ns          483863 1c00906e 00c686b3 add              x13, x13, x12       x13=00000078 x13:00000078 x12:00000000
27328536ns          483864 1c009070 00f70733 add              x14, x14, x15       x14=00000423 x14:00000424 x15:ffffffff
27328556ns          483865 1c009072 100747b3 p.exths          x15, x14, x0        x15=00000423 x14:00000423
27328576ns          483866 1c009076 1006c733 p.exths          x14, x13, x0        x14=00000078 x13:00000078
27328596ns          483867 1c00907a 03170633 mul              x12, x14, x17       x12=00005640 x14:00000078 x17:000000b8
27328615ns          483868 1c00907e 030786b3 mul              x13, x15, x16       x13=fffe34d3 x15:00000423 x16:ffffff91
27328635ns          483869 1c009082 03070733 mul              x14, x14, x16       x14=ffffcbf8 x14:00000078 x16:ffffff91
27328655ns          483870 1c009086 031787b3 mul              x15, x15, x17       x15=0002f928 x15:00000423 x17:000000b8
27328675ns          483871 1c00908a 40a6d693 srai             x13, x13, 0x40a     x13=ffffff8d x13:fffe34d3
27328695ns          483872 1c00908c 40a65613 srai             x12, x12, 0x40a     x12=00000015 x12:00005640
27328715ns          483873 1c00908e 40a7d793 srai             x15, x15, 0x40a     x15=000000be x15:0002f928
27328735ns          483874 1c009090 40a75713 srai             x14, x14, 0x40a     x14=fffffff2 x14:ffffcbf8
27328755ns          483875 1c009092 40c686b3 sub              x13, x13, x12       x13=ffffff78 x13:ffffff8d x12:00000015
27328775ns          483876 1c009094 00e787b3 add              x15, x15, x14       x15=000000b0 x15:000000be x14:fffffff2
27328794ns          483877 1c009096 00d51823 sh               x13, 16(x10)        x13:ffffff78 x10:100017a4  PA:100017b4
27328814ns          483878 1c00909a 00f51923 sh               x15, 18(x10)        x15:000000b0 x10:100017a4  PA:100017b6
27328834ns          483879 1c00909e 00008067 jalr             x0, x1, 0            x1:1c0093e8
27328874ns          483881 1c0093e8 2dc15583 lhu              x11, 732(x2)        x11=0000ff78  x2:100014d8  PA:100017b4
27328914ns          483883 1c0093ec 2de15783 lhu              x15, 734(x2)        x15=000000b0  x2:100014d8  PA:100017b6
27328934ns          483884 1c0093f0 40b90933 sub              x18, x18, x11       x18=ffff0029 x18:ffffffa1 x11:0000ff78
27328954ns          483885 1c0093f4 40f484b3 sub              x9, x9, x15          x9=00000005  x9:000000b5 x15:000000b0
27328973ns          483886 1c0093f6 100945b3 p.exths          x11, x18, x0        x11=00000029 x18:ffff0029
27328993ns          483887 1c0093fa 1004c7b3 p.exths          x15, x9, x0         x15=00000005  x9:00000005
27329013ns          483888 1c0093fe 034586b3 mul              x13, x11, x20       x13=ffffee39 x11:00000029 x20:ffffff91
27329033ns          483889 1c009402 03378533 mul              x10, x15, x19       x10=00000398 x15:00000005 x19:000000b8
27329053ns          483890 1c009406 034a0633 mul              x12, x20, x20       x12=00003021 x20:ffffff91 x20:ffffff91
27329073ns          483891 1c00940a 03398733 mul              x14, x19, x19       x14=00008440 x19:000000b8 x19:000000b8
27329113ns          483893 1c00940e 034787b3 mul              x15, x15, x20       x15=fffffdd5 x15:00000005 x20:ffffff91
27329152ns          483895 1c009412 033585b3 mul              x11, x11, x19       x11=00001d78 x11:00000029 x19:000000b8
27329172ns          483896 1c009416 40a75713 srai             x14, x14, 0x40a     x14=00000021 x14:00008440
27329192ns          483897 1c009418 40a5d593 srai             x11, x11, 0x40a     x11=00000007 x11:00001d78
27329212ns          483898 1c00941a 40a65613 srai             x12, x12, 0x40a     x12=0000000c x12:00003021
27329232ns          483899 1c00941c 40a7d793 srai             x15, x15, 0x40a     x15=ffffffff x15:fffffdd5
27329252ns          483900 1c00941e 1c0034b7 lui              x9, 0x1c003000       x9=1c003000
27329272ns          483901 1c009422 00e60633 add              x12, x12, x14       x12=0000002d x12:0000000c x14:00000021
27329292ns          483902 1c009424 40b787b3 sub              x15, x15, x11       x15=fffffff8 x15:ffffffff x11:00000007
27329311ns          483903 1c009426 eb048493 addi             x9, x9, -336         x9=1c002eb0  x9:1c003000
27329331ns          483904 1c00942a 1c0032b7 lui              x5, 0x1c003000       x5=1c003000
27329351ns          483905 1c00942e 1c0035b7 lui              x11, 0x1c003000     x11=1c003000
27329371ns          483906 1c009432 018483b3 add              x7, x9, x24          x7=1c002eb4  x9:1c002eb0 x24:00000004
27329391ns          483907 1c009436 02812e83 lw               x29, 40(x2)         x29=1c002ec4  x2:100014d8  PA:10001500
27329411ns          483908 1c009438 10065633 p.exthz          x12, x12, x0        x12=0000002d x12:0000002d
27329431ns          483909 1c00943c e8028293 addi             x5, x5, -384         x5=1c002e80  x5:1c003000
27329471ns          483911 1c009440 ea058593 addi             x11, x11, -352      x11=1c002ea0 x11:1c003000
27329510ns          483913 1c009444 03812483 lw               x9, 56(x2)           x9=1c002ee4  x2:100014d8  PA:10001510
27329530ns          483914 1c009446 10064733 p.exths          x14, x12, x0        x14=0000002d x12:0000002d
27329550ns          483915 1c00944a 018280b3 add              x1, x5, x24          x1=1c002e84  x5:1c002e80 x24:00000004
27329570ns          483916 1c00944e 03012f03 lw               x30, 48(x2)         x30=1c002ed4  x2:100014d8  PA:10001508
27329610ns          483918 1c009450 018582b3 add              x5, x11, x24         x5=1c002ea4 x11:1c002ea0 x24:00000004
27329650ns          483920 1c009454 04012583 lw               x11, 64(x2)         x11=1c002ef4  x2:100014d8  PA:10001518
27329669ns          483921 1c009456 000edd83 lhu              x27, 0(x29)         x27=00001883 x29:1c002ec4  PA:1c002ec4
27329968ns          483936 1c00945a 0004d483 lhu              x9, 0(x9)            x9=000001aa  x9:1c002ee4  PA:1c002ee4
27330266ns          483951 1c00945e 02e70333 mul              x6, x14, x14         x6=000007e9 x14:0000002d x14:0000002d
27330286ns          483952 1c009462 40a55513 srai             x10, x10, 0x40a     x10=00000000 x10:00000398
27330306ns          483953 1c009464 04812e83 lw               x29, 72(x2)         x29=1c002f04  x2:100014d8  PA:10001520
27330326ns          483954 1c009466 40a6d693 srai             x13, x13, 0x40a     x13=fffffffb x13:ffffee39
27330346ns          483955 1c009468 000f5d03 lhu              x26, 0(x30)         x26=00000580 x30:1c002ed4  PA:1c002ed4
27330644ns          483970 1c00946c 0005d583 lhu              x11, 0(x11)         x11=0000009c x11:1c002ef4  PA:1c002ef4
27331022ns          483989 1c009470 40a35313 srai             x6, x6, 0x40a        x6=00000001  x6:000007e9
27331042ns          483990 1c009474 00a686b3 add              x13, x13, x10       x13=fffffffb x13:fffffffb x10:00000000
27331062ns          483991 1c009476 05012f03 lw               x30, 80(x2)         x30=1c002e74  x2:100014d8  PA:10001528
27331082ns          483992 1c009478 10034e33 p.exths          x28, x6, x0         x28=00000001  x6:00000001
27331101ns          483993 1c00947c 06911023 sh               x9, 96(x2)           x9:000001aa  x2:100014d8  PA:10001538
27331121ns          483994 1c009480 000ede83 lhu              x29, 0(x29)         x29=00000041 x29:1c002f04  PA:1c002f04
27331420ns          484009 1c009484 05812483 lw               x9, 88(x2)           x9=1c002e64  x2:100014d8  PA:10001530
27331440ns          484010 1c009486 1006d6b3 p.exthz          x13, x13, x0        x13=0000fffb x13:fffffffb
27331459ns          484011 1c00948a 02ee08b3 mul              x17, x28, x14       x17=0000002d x28:00000001 x14:0000002d
27331479ns          484012 1c00948e 1006c833 p.exths          x16, x13, x0        x16=fffffffb x13:0000fffb
27331499ns          484013 1c009492 06b11823 sh               x11, 112(x2)        x11:0000009c  x2:100014d8  PA:10001548
27331519ns          484014 1c009496 000f5f03 lhu              x30, 0(x30)         x30=0000feca x30:1c002e74  PA:1c002e74
27331837ns          484030 1c00949a 0a012583 lw               x11, 160(x2)        x11=1c002e94  x2:100014d8  PA:10001578
27331857ns          484031 1c00949c 1007d7b3 p.exthz          x15, x15, x0        x15=0000fff8 x15:fffffff8
27331877ns          484032 1c0094a0 0004da03 lhu              x20, 0(x9)          x20=0000fa90  x9:1c002e64  PA:1c002e64
27332195ns          484048 1c0094a4 1007c533 p.exths          x10, x15, x0        x10=fffffff8 x15:0000fff8
27332215ns          484049 1c0094a8 09d11023 sh               x29, 128(x2)        x29:00000041  x2:100014d8  PA:10001558
27332235ns          484050 1c0094ac 0003d483 lhu              x9, 0(x7)            x9=0000ffcf  x7:1c002eb4  PA:1c002eb4
27332533ns          484065 1c0094b0 02e80eb3 mul              x29, x16, x14       x29=ffffff1f x16:fffffffb x14:0000002d
27332553ns          484066 1c0094b4 40a8d893 srai             x17, x17, 0x40a     x17=00000000 x17:0000002d
27332573ns          484067 1c0094b8 03c80833 mul              x16, x16, x28       x16=fffffffb x16:fffffffb x28:00000001
27332593ns          484068 1c0094bc 09e11823 sh               x30, 144(x2)        x30:0000feca  x2:100014d8  PA:10001568
27332613ns          484069 1c0094c0 0005d983 lhu              x19, 0(x11)         x19=0000ff95 x11:1c002e94  PA:1c002e94
27332911ns          484084 1c0094c4 81c88f5b p.muls           x30, x17, x28       x30=00000000 x17:00000000 x28:00000001
27332931ns          484085 1c0094c8 0002d583 lhu              x11, 0(x5)          x11=0000ff79  x5:1c002ea4  PA:1c002ea4
27333389ns          484108 1c0094cc 03ce0fb3 mul              x31, x28, x28       x31=00000001 x28:00000001 x28:00000001
27333408ns          484109 1c0094d0 02e50733 mul              x14, x10, x14       x14=fffffe98 x10:fffffff8 x14:0000002d
27333428ns          484110 1c0094d4 40a85813 srai             x16, x16, 0x40a     x16=ffffffff x16:fffffffb
27333448ns          484111 1c0094d8 03c50533 mul              x10, x10, x28       x10=fffffff8 x10:fffffff8 x28:00000001
27333468ns          484112 1c0094dc 07015e03 lhu              x28, 112(x2)        x28=0000009c  x2:100014d8  PA:10001548
27333508ns          484114 1c0094e0 01b60633 add              x12, x12, x27       x12=000018b0 x12:0000002d x27:00001883
27333528ns          484115 1c0094e2 00980833 add              x16, x16, x9        x16=0000ffce x16:ffffffff  x9:0000ffcf
27333548ns          484116 1c0094e4 06015d83 lhu              x27, 96(x2)         x27=000001aa  x2:100014d8  PA:10001538
27333568ns          484117 1c0094e8 02812483 lw               x9, 40(x2)           x9=1c002ec4  x2:100014d8  PA:10001500
27333587ns          484118 1c0094ea 40afdf93 srai             x31, x31, 0x40a     x31=00000000 x31:00000001
27333607ns          484119 1c0094ee 40a55513 srai             x10, x10, 0x40a     x10=ffffffff x10:fffffff8
27333627ns          484120 1c0094f0 01cf8fb3 add              x31, x31, x28       x31=0000009c x31:00000000 x28:0000009c
27333647ns          484121 1c0094f2 00b50533 add              x10, x10, x11       x10=0000ff78 x10:ffffffff x11:0000ff79
27333667ns          484122 1c0094f4 09015e03 lhu              x28, 144(x2)        x28=0000feca  x2:100014d8  PA:10001568
27333687ns          484123 1c0094f8 03012583 lw               x11, 48(x2)         x11=1c002ed4  x2:100014d8  PA:10001508
27333707ns          484124 1c0094fa 00c49023 sh               x12, 0(x9)          x12:000018b0  x9:1c002ec4  PA:1c002ec4
27334025ns          484140 1c0094fe 01b888b3 add              x17, x17, x27       x17=000001aa x17:00000000 x27:000001aa
27334045ns          484141 1c009500 01a30333 add              x6, x6, x26          x6=00000581  x6:00000001 x26:00000580
27334065ns          484142 1c009502 08015d83 lhu              x27, 128(x2)        x27=00000041  x2:100014d8  PA:10001558
27334085ns          484143 1c009506 0000d903 lhu              x18, 0(x1)          x18=0000fe8f  x1:1c002e84  PA:1c002e84
27334403ns          484159 1c00950a 01c686b3 add              x13, x13, x28       x13=0001fec5 x13:0000fffb x28:0000feca
27334423ns          484160 1c00950c 00659023 sh               x6, 0(x11)           x6:00000581 x11:1c002ed4  PA:1c002ed4
27334761ns          484177 1c009510 40af5f13 srai             x30, x30, 0x40a     x30=00000000 x30:00000000
27334781ns          484178 1c009514 04812e03 lw               x28, 72(x2)         x28=1c002f04  x2:100014d8  PA:10001520
27334801ns          484179 1c009516 01bf0f33 add              x30, x30, x27       x30=00000041 x30:00000000 x27:00000041
27334820ns          484180 1c009518 40aede93 srai             x29, x29, 0x40a     x29=ffffffff x29:ffffff1f
27334840ns          484181 1c00951c 40a75713 srai             x14, x14, 0x40a     x14=ffffffff x14:fffffe98
27334860ns          484182 1c00951e 03812603 lw               x12, 56(x2)         x12=1c002ee4  x2:100014d8  PA:10001510
27334880ns          484183 1c009520 04012d83 lw               x27, 64(x2)         x27=1c002ef4  x2:100014d8  PA:10001518
27334900ns          484184 1c009522 01ee1023 sh               x30, 0(x28)         x30:00000041 x28:1c002f04  PA:1c002f04
27335218ns          484200 1c009526 05812483 lw               x9, 88(x2)           x9=1c002e64  x2:100014d8  PA:10001530
27335238ns          484201 1c009528 05012f03 lw               x30, 80(x2)         x30=1c002e74  x2:100014d8  PA:10001528
27335258ns          484202 1c00952a 0a012583 lw               x11, 160(x2)        x11=1c002e94  x2:100014d8  PA:10001578
27335278ns          484203 1c00952c 014787b3 add              x15, x15, x20       x15=0001fa88 x15:0000fff8 x20:0000fa90
27335298ns          484204 1c00952e 013e8eb3 add              x29, x29, x19       x29=0000ff94 x29:ffffffff x19:0000ff95
27335318ns          484205 1c009530 01270733 add              x14, x14, x18       x14=0000fe8e x14:ffffffff x18:0000fe8f
27335338ns          484206 1c009532 00f49023 sh               x15, 0(x9)          x15:0001fa88  x9:1c002e64  PA:1c002e64
27335656ns          484222 1c009536 01161023 sh               x17, 0(x12)         x17:000001aa x12:1c002ee4  PA:1c002ee4
27335974ns          484238 1c00953a 01fd9023 sh               x31, 0(x27)         x31:0000009c x27:1c002ef4  PA:1c002ef4
27336292ns          484254 1c00953e 00df1023 sh               x13, 0(x30)         x13:0001fec5 x30:1c002e74  PA:1c002e74
27336670ns          484273 1c009542 01d59023 sh               x29, 0(x11)         x29:0000ff94 x11:1c002e94  PA:1c002e94
27336988ns          484289 1c009546 00e09023 sh               x14, 0(x1)          x14:0000fe8e  x1:1c002e84  PA:1c002e84
27337306ns          484305 1c00954a 01039023 sh               x16, 0(x7)          x16:0000ffce  x7:1c002eb4  PA:1c002eb4
27337625ns          484321 1c00954e 00a29023 sh               x10, 0(x5)          x10:0000ff78  x5:1c002ea4  PA:1c002ea4
27337943ns          484337 1c009552 008b0b13 addi             x22, x22, 8         x22=000001aa x22:000001a2
27337963ns          484338 1c009554 1f300793 addi             x15, x0, 499        x15=000001f3
27337983ns          484339 1c009558 e767dae3 bge              x15, x22, -396      x15:000001f3 x22:000001aa
27338122ns          484346 1c0093cc 010c9a0b p.lh             x20, 16(x25!)       x20=00000052 x25=1c0029ec x25:1c0029dc  PA:1c0029dc
27338440ns          484362 1c0093d0 0104198b p.lh             x19, 16(x8!)        x19=ffffffff  x8=1c0021b4  x8:1c0021a4  PA:1c0021a4
27338778ns          484379 1c0093d4 2cc10513 addi             x10, x2, 716        x10=100017a4  x2:100014d8
27338798ns          484380 1c0093d6 010a990b p.lh             x18, 16(x21!)       x18=00000055 x21=1c0019e0 x21:1c0019d0  PA:1c0019d0
27339096ns          484395 1c0093da 010b948b p.lh             x9, 16(x23!)         x9=00000003 x23=1c001210 x23:1c001200  PA:1c001200
27339454ns          484413 1c0093de 2d411623 sh               x20, 716(x2)        x20:00000052  x2:100014d8  PA:100017a4
27339474ns          484414 1c0093e2 2d311723 sh               x19, 718(x2)        x19:ffffffff  x2:100014d8  PA:100017a6
27339494ns          484415 1c0093e6 c33ff0ef jal              x1, -974             x1=1c0093e8
27339574ns          484419 1c009018 00051803 lh               x16, 0(x10)         x16=00000052 x10:100017a4  PA:100017a4
27339633ns          484422 1c00901c 00251883 lh               x17, 2(x10)         x17=ffffffff x10:100017a4  PA:100017a6
27339673ns          484424 1c009020 030806b3 mul              x13, x16, x16       x13=00001a44 x16:00000052 x16:00000052
27339713ns          484426 1c009024 03188633 mul              x12, x17, x17       x12=00000001 x17:ffffffff x17:ffffffff
27339733ns          484427 1c009028 40a65613 srai             x12, x12, 0x40a     x12=00000000 x12:00000001
27339753ns          484428 1c00902a 40a6d693 srai             x13, x13, 0x40a     x13=00000006 x13:00001a44
27339773ns          484429 1c00902c 00c686b3 add              x13, x13, x12       x13=00000006 x13:00000006 x12:00000000
27339792ns          484430 1c00902e 1006c633 p.exths          x12, x13, x0        x12=00000006 x13:00000006
27339812ns          484431 1c009032 00855703 lhu              x14, 8(x10)         x14=0000ffd1 x10:100017a4  PA:100017ac
27339832ns          484432 1c009036 00a55683 lhu              x13, 10(x10)        x13=0000ff6a x10:100017a4  PA:100017ae
27339852ns          484433 1c00903a 02c60333 mul              x6, x12, x12         x6=00000024 x12:00000006 x12:00000006
27339872ns          484434 1c00903e 00c55783 lhu              x15, 12(x10)        x15=0000ffe5 x10:100017a4  PA:100017b0
27339892ns          484435 1c009042 00e55583 lhu              x11, 14(x10)        x11=00000060 x10:100017a4  PA:100017b2
27339912ns          484436 1c009046 dea30333 p.extract        x6, x6, 15, 10       x6=00000000  x6:00000024
27339932ns          484437 1c00904a 80c7075b p.muls           x14, x14, x12       x14=fffffee6 x14:0000ffd1 x12:00000006
27339952ns          484438 1c00904e 80c686db p.muls           x13, x13, x12       x13=fffffc7c x13:0000ff6a x12:00000006
27339971ns          484439 1c009052 00455e83 lhu              x29, 4(x10)         x29=00000427 x10:100017a4  PA:100017a8
27339991ns          484440 1c009056 00655e03 lhu              x28, 6(x10)         x28=0000007f x10:100017a4  PA:100017aa
27340011ns          484441 1c00905a 40a75713 srai             x14, x14, 0x40a     x14=ffffffff x14:fffffee6
27340031ns          484442 1c00905c 806787db p.muls           x15, x15, x6        x15=00000000 x15:0000ffe5  x6:00000000
27340051ns          484443 1c009060 40a6d693 srai             x13, x13, 0x40a     x13=ffffffff x13:fffffc7c
27340091ns          484445 1c009062 8065865b p.muls           x12, x11, x6        x12=00000000 x11:00000060  x6:00000000
27340111ns          484446 1c009066 40a7d793 srai             x15, x15, 0x40a     x15=00000000 x15:00000000
27340131ns          484447 1c009068 40a65613 srai             x12, x12, 0x40a     x12=00000000 x12:00000000
27340150ns          484448 1c00906a 01d70733 add              x14, x14, x29       x14=00000426 x14:ffffffff x29:00000427
27340170ns          484449 1c00906c 01c686b3 add              x13, x13, x28       x13=0000007e x13:ffffffff x28:0000007f
27340190ns          484450 1c00906e 00c686b3 add              x13, x13, x12       x13=0000007e x13:0000007e x12:00000000
27340210ns          484451 1c009070 00f70733 add              x14, x14, x15       x14=00000426 x14:00000426 x15:00000000
27340230ns          484452 1c009072 100747b3 p.exths          x15, x14, x0        x15=00000426 x14:00000426
27340250ns          484453 1c009076 1006c733 p.exths          x14, x13, x0        x14=0000007e x13:0000007e
27340270ns          484454 1c00907a 03170633 mul              x12, x14, x17       x12=ffffff82 x14:0000007e x17:ffffffff
27340290ns          484455 1c00907e 030786b3 mul              x13, x15, x16       x13=0001542c x15:00000426 x16:00000052
27340310ns          484456 1c009082 03070733 mul              x14, x14, x16       x14=0000285c x14:0000007e x16:00000052
27340329ns          484457 1c009086 031787b3 mul              x15, x15, x17       x15=fffffbda x15:00000426 x17:ffffffff
27340349ns          484458 1c00908a 40a6d693 srai             x13, x13, 0x40a     x13=00000055 x13:0001542c
27340369ns          484459 1c00908c 40a65613 srai             x12, x12, 0x40a     x12=ffffffff x12:ffffff82
27340389ns          484460 1c00908e 40a7d793 srai             x15, x15, 0x40a     x15=fffffffe x15:fffffbda
27340409ns          484461 1c009090 40a75713 srai             x14, x14, 0x40a     x14=0000000a x14:0000285c
27340429ns          484462 1c009092 40c686b3 sub              x13, x13, x12       x13=00000056 x13:00000055 x12:ffffffff
27340449ns          484463 1c009094 00e787b3 add              x15, x15, x14       x15=00000008 x15:fffffffe x14:0000000a
27340469ns          484464 1c009096 00d51823 sh               x13, 16(x10)        x13:00000056 x10:100017a4  PA:100017b4
27340489ns          484465 1c00909a 00f51923 sh               x15, 18(x10)        x15:00000008 x10:100017a4  PA:100017b6
27340508ns          484466 1c00909e 00008067 jalr             x0, x1, 0            x1:1c0093e8
27340588ns          484470 1c0093e8 2dc15583 lhu              x11, 732(x2)        x11=00000056  x2:100014d8  PA:100017b4
27340648ns          484473 1c0093ec 2de15783 lhu              x15, 734(x2)        x15=00000008  x2:100014d8  PA:100017b6
27340668ns          484474 1c0093f0 40b90933 sub              x18, x18, x11       x18=ffffffff x18:00000055 x11:00000056
27340687ns          484475 1c0093f4 40f484b3 sub              x9, x9, x15          x9=fffffffb  x9:00000003 x15:00000008
27340707ns          484476 1c0093f6 100945b3 p.exths          x11, x18, x0        x11=ffffffff x18:ffffffff
27340727ns          484477 1c0093fa 1004c7b3 p.exths          x15, x9, x0         x15=fffffffb  x9:fffffffb
27340747ns          484478 1c0093fe 034586b3 mul              x13, x11, x20       x13=ffffffae x11:ffffffff x20:00000052
27340767ns          484479 1c009402 03378533 mul              x10, x15, x19       x10=00000005 x15:fffffffb x19:ffffffff
27340787ns          484480 1c009406 034a0633 mul              x12, x20, x20       x12=00001a44 x20:00000052 x20:00000052
27340807ns          484481 1c00940a 03398733 mul              x14, x19, x19       x14=00000001 x19:ffffffff x19:ffffffff
27340847ns          484483 1c00940e 034787b3 mul              x15, x15, x20       x15=fffffe66 x15:fffffffb x20:00000052
27340886ns          484485 1c009412 033585b3 mul              x11, x11, x19       x11=00000001 x11:ffffffff x19:ffffffff
27340906ns          484486 1c009416 40a75713 srai             x14, x14, 0x40a     x14=00000000 x14:00000001
27340926ns          484487 1c009418 40a5d593 srai             x11, x11, 0x40a     x11=00000000 x11:00000001
27340946ns          484488 1c00941a 40a65613 srai             x12, x12, 0x40a     x12=00000006 x12:00001a44
27340966ns          484489 1c00941c 40a7d793 srai             x15, x15, 0x40a     x15=ffffffff x15:fffffe66
27340986ns          484490 1c00941e 1c0034b7 lui              x9, 0x1c003000       x9=1c003000
27341006ns          484491 1c009422 00e60633 add              x12, x12, x14       x12=00000006 x12:00000006 x14:00000000
27341026ns          484492 1c009424 40b787b3 sub              x15, x15, x11       x15=ffffffff x15:ffffffff x11:00000000
27341045ns          484493 1c009426 eb048493 addi             x9, x9, -336         x9=1c002eb0  x9:1c003000
27341065ns          484494 1c00942a 1c0032b7 lui              x5, 0x1c003000       x5=1c003000
27341085ns          484495 1c00942e 1c0035b7 lui              x11, 0x1c003000     x11=1c003000
27341105ns          484496 1c009432 018483b3 add              x7, x9, x24          x7=1c002eb4  x9:1c002eb0 x24:00000004
27341125ns          484497 1c009436 02812e83 lw               x29, 40(x2)         x29=1c002ec4  x2:100014d8  PA:10001500
27341145ns          484498 1c009438 10065633 p.exthz          x12, x12, x0        x12=00000006 x12:00000006
27341165ns          484499 1c00943c e8028293 addi             x5, x5, -384         x5=1c002e80  x5:1c003000
27341185ns          484500 1c009440 ea058593 addi             x11, x11, -352      x11=1c002ea0 x11:1c003000
27341205ns          484501 1c009444 03812483 lw               x9, 56(x2)           x9=1c002ee4  x2:100014d8  PA:10001510
27341224ns          484502 1c009446 10064733 p.exths          x14, x12, x0        x14=00000006 x12:00000006
27341244ns          484503 1c00944a 018280b3 add              x1, x5, x24          x1=1c002e84  x5:1c002e80 x24:00000004
27341264ns          484504 1c00944e 03012f03 lw               x30, 48(x2)         x30=1c002ed4  x2:100014d8  PA:10001508
27341284ns          484505 1c009450 018582b3 add              x5, x11, x24         x5=1c002ea4 x11:1c002ea0 x24:00000004
27341304ns          484506 1c009454 04012583 lw               x11, 64(x2)         x11=1c002ef4  x2:100014d8  PA:10001518
27341324ns          484507 1c009456 000edd83 lhu              x27, 0(x29)         x27=000018b0 x29:1c002ec4  PA:1c002ec4
27341622ns          484522 1c00945a 0004d483 lhu              x9, 0(x9)            x9=000001aa  x9:1c002ee4  PA:1c002ee4
27341920ns          484537 1c00945e 02e70333 mul              x6, x14, x14         x6=00000024 x14:00000006 x14:00000006
27341940ns          484538 1c009462 40a55513 srai             x10, x10, 0x40a     x10=00000000 x10:00000005
27341960ns          484539 1c009464 04812e83 lw               x29, 72(x2)         x29=1c002f04  x2:100014d8  PA:10001520
27341980ns          484540 1c009466 40a6d693 srai             x13, x13, 0x40a     x13=ffffffff x13:ffffffae
27342000ns          484541 1c009468 000f5d03 lhu              x26, 0(x30)         x26=00000581 x30:1c002ed4  PA:1c002ed4
27342298ns          484556 1c00946c 0005d583 lhu              x11, 0(x11)         x11=0000009c x11:1c002ef4  PA:1c002ef4
27342617ns          484572 1c009470 40a35313 srai             x6, x6, 0x40a        x6=00000000  x6:00000024
27342636ns          484573 1c009474 00a686b3 add              x13, x13, x10       x13=ffffffff x13:ffffffff x10:00000000
27342656ns          484574 1c009476 05012f03 lw               x30, 80(x2)         x30=1c002e74  x2:100014d8  PA:10001528
27342676ns          484575 1c009478 10034e33 p.exths          x28, x6, x0         x28=00000000  x6:00000000
27342696ns          484576 1c00947c 06911023 sh               x9, 96(x2)           x9:000001aa  x2:100014d8  PA:10001538
27342716ns          484577 1c009480 000ede83 lhu              x29, 0(x29)         x29=00000041 x29:1c002f04  PA:1c002f04
27343054ns          484594 1c009484 05812483 lw               x9, 88(x2)           x9=1c002e64  x2:100014d8  PA:10001530
27343074ns          484595 1c009486 1006d6b3 p.exthz          x13, x13, x0        x13=0000ffff x13:ffffffff
27343094ns          484596 1c00948a 02ee08b3 mul              x17, x28, x14       x17=00000000 x28:00000000 x14:00000006
27343114ns          484597 1c00948e 1006c833 p.exths          x16, x13, x0        x16=ffffffff x13:0000ffff
27343134ns          484598 1c009492 06b11823 sh               x11, 112(x2)        x11:0000009c  x2:100014d8  PA:10001548
27343154ns          484599 1c009496 000f5f03 lhu              x30, 0(x30)         x30=0000fec5 x30:1c002e74  PA:1c002e74
27343472ns          484615 1c00949a 0a012583 lw               x11, 160(x2)        x11=1c002e94  x2:100014d8  PA:10001578
27343492ns          484616 1c00949c 1007d7b3 p.exthz          x15, x15, x0        x15=0000ffff x15:ffffffff
27343512ns          484617 1c0094a0 0004da03 lhu              x20, 0(x9)          x20=0000fa88  x9:1c002e64  PA:1c002e64
27343810ns          484632 1c0094a4 1007c533 p.exths          x10, x15, x0        x10=ffffffff x15:0000ffff
27343830ns          484633 1c0094a8 09d11023 sh               x29, 128(x2)        x29:00000041  x2:100014d8  PA:10001558
27343850ns          484634 1c0094ac 0003d483 lhu              x9, 0(x7)            x9=0000ffce  x7:1c002eb4  PA:1c002eb4
27344267ns          484655 1c0094b0 02e80eb3 mul              x29, x16, x14       x29=fffffffa x16:ffffffff x14:00000006
27344287ns          484656 1c0094b4 40a8d893 srai             x17, x17, 0x40a     x17=00000000 x17:00000000
27344307ns          484657 1c0094b8 03c80833 mul              x16, x16, x28       x16=00000000 x16:ffffffff x28:00000000
27344327ns          484658 1c0094bc 09e11823 sh               x30, 144(x2)        x30:0000fec5  x2:100014d8  PA:10001568
27344347ns          484659 1c0094c0 0005d983 lhu              x19, 0(x11)         x19=0000ff94 x11:1c002e94  PA:1c002e94
27344824ns          484683 1c0094c4 81c88f5b p.muls           x30, x17, x28       x30=00000000 x17:00000000 x28:00000000
27344844ns          484684 1c0094c8 0002d583 lhu              x11, 0(x5)          x11=0000ff78  x5:1c002ea4  PA:1c002ea4
27345162ns          484700 1c0094cc 03ce0fb3 mul              x31, x28, x28       x31=00000000 x28:00000000 x28:00000000
27345182ns          484701 1c0094d0 02e50733 mul              x14, x10, x14       x14=fffffffa x10:ffffffff x14:00000006
27345202ns          484702 1c0094d4 40a85813 srai             x16, x16, 0x40a     x16=00000000 x16:00000000
27345222ns          484703 1c0094d8 03c50533 mul              x10, x10, x28       x10=00000000 x10:ffffffff x28:00000000
27345242ns          484704 1c0094dc 07015e03 lhu              x28, 112(x2)        x28=0000009c  x2:100014d8  PA:10001548
27345262ns          484705 1c0094e0 01b60633 add              x12, x12, x27       x12=000018b6 x12:00000006 x27:000018b0
27345282ns          484706 1c0094e2 00980833 add              x16, x16, x9        x16=0000ffce x16:00000000  x9:0000ffce
27345301ns          484707 1c0094e4 06015d83 lhu              x27, 96(x2)         x27=000001aa  x2:100014d8  PA:10001538
27345321ns          484708 1c0094e8 02812483 lw               x9, 40(x2)           x9=1c002ec4  x2:100014d8  PA:10001500
27345341ns          484709 1c0094ea 40afdf93 srai             x31, x31, 0x40a     x31=00000000 x31:00000000
27345361ns          484710 1c0094ee 40a55513 srai             x10, x10, 0x40a     x10=00000000 x10:00000000
27345381ns          484711 1c0094f0 01cf8fb3 add              x31, x31, x28       x31=0000009c x31:00000000 x28:0000009c
27345401ns          484712 1c0094f2 00b50533 add              x10, x10, x11       x10=0000ff78 x10:00000000 x11:0000ff78
27345421ns          484713 1c0094f4 09015e03 lhu              x28, 144(x2)        x28=0000fec5  x2:100014d8  PA:10001568
27345441ns          484714 1c0094f8 03012583 lw               x11, 48(x2)         x11=1c002ed4  x2:100014d8  PA:10001508
27345461ns          484715 1c0094fa 00c49023 sh               x12, 0(x9)          x12:000018b6  x9:1c002ec4  PA:1c002ec4
27345779ns          484731 1c0094fe 01b888b3 add              x17, x17, x27       x17=000001aa x17:00000000 x27:000001aa
27345799ns          484732 1c009500 01a30333 add              x6, x6, x26          x6=00000581  x6:00000000 x26:00000581
27345819ns          484733 1c009502 08015d83 lhu              x27, 128(x2)        x27=00000041  x2:100014d8  PA:10001558
27345838ns          484734 1c009506 0000d903 lhu              x18, 0(x1)          x18=0000fe8e  x1:1c002e84  PA:1c002e84
27346196ns          484752 1c00950a 01c686b3 add              x13, x13, x28       x13=0001fec4 x13:0000ffff x28:0000fec5
27346216ns          484753 1c00950c 00659023 sh               x6, 0(x11)           x6:00000581 x11:1c002ed4  PA:1c002ed4
27346534ns          484769 1c009510 40af5f13 srai             x30, x30, 0x40a     x30=00000000 x30:00000000
27346554ns          484770 1c009514 04812e03 lw               x28, 72(x2)         x28=1c002f04  x2:100014d8  PA:10001520
27346574ns          484771 1c009516 01bf0f33 add              x30, x30, x27       x30=00000041 x30:00000000 x27:00000041
27346594ns          484772 1c009518 40aede93 srai             x29, x29, 0x40a     x29=ffffffff x29:fffffffa
27346614ns          484773 1c00951c 40a75713 srai             x14, x14, 0x40a     x14=ffffffff x14:fffffffa
27346634ns          484774 1c00951e 03812603 lw               x12, 56(x2)         x12=1c002ee4  x2:100014d8  PA:10001510
27346654ns          484775 1c009520 04012d83 lw               x27, 64(x2)         x27=1c002ef4  x2:100014d8  PA:10001518
27346674ns          484776 1c009522 01ee1023 sh               x30, 0(x28)         x30:00000041 x28:1c002f04  PA:1c002f04
27346992ns          484792 1c009526 05812483 lw               x9, 88(x2)           x9=1c002e64  x2:100014d8  PA:10001530
27347012ns          484793 1c009528 05012f03 lw               x30, 80(x2)         x30=1c002e74  x2:100014d8  PA:10001528
27347032ns          484794 1c00952a 0a012583 lw               x11, 160(x2)        x11=1c002e94  x2:100014d8  PA:10001578
27347052ns          484795 1c00952c 014787b3 add              x15, x15, x20       x15=0001fa87 x15:0000ffff x20:0000fa88
27347071ns          484796 1c00952e 013e8eb3 add              x29, x29, x19       x29=0000ff93 x29:ffffffff x19:0000ff94
27347091ns          484797 1c009530 01270733 add              x14, x14, x18       x14=0000fe8d x14:ffffffff x18:0000fe8e
27347111ns          484798 1c009532 00f49023 sh               x15, 0(x9)          x15:0001fa87  x9:1c002e64  PA:1c002e64
27347449ns          484815 1c009536 01161023 sh               x17, 0(x12)         x17:000001aa x12:1c002ee4  PA:1c002ee4
27347827ns          484834 1c00953a 01fd9023 sh               x31, 0(x27)         x31:0000009c x27:1c002ef4  PA:1c002ef4
27348145ns          484850 1c00953e 00df1023 sh               x13, 0(x30)         x13:0001fec4 x30:1c002e74  PA:1c002e74
27348464ns          484866 1c009542 01d59023 sh               x29, 0(x11)         x29:0000ff93 x11:1c002e94  PA:1c002e94
27348782ns          484882 1c009546 00e09023 sh               x14, 0(x1)          x14:0000fe8d  x1:1c002e84  PA:1c002e84
27349100ns          484898 1c00954a 01039023 sh               x16, 0(x7)          x16:0000ffce  x7:1c002eb4  PA:1c002eb4
27349478ns          484917 1c00954e 00a29023 sh               x10, 0(x5)          x10:0000ff78  x5:1c002ea4  PA:1c002ea4
27349796ns          484933 1c009552 008b0b13 addi             x22, x22, 8         x22=000001b2 x22:000001aa
27349816ns          484934 1c009554 1f300793 addi             x15, x0, 499        x15=000001f3
27349836ns          484935 1c009558 e767dae3 bge              x15, x22, -396      x15:000001f3 x22:000001b2
27349935ns          484940 1c0093cc 010c9a0b p.lh             x20, 16(x25!)       x20=ffffff50 x25=1c0029fc x25:1c0029ec  PA:1c0029ec
27350254ns          484956 1c0093d0 0104198b p.lh             x19, 16(x8!)        x19=00000028  x8=1c0021c4  x8:1c0021b4  PA:1c0021b4
27350552ns          484971 1c0093d4 2cc10513 addi             x10, x2, 716        x10=100017a4  x2:100014d8
27350572ns          484972 1c0093d6 010a990b p.lh             x18, 16(x21!)       x18=ffffff48 x21=1c0019f0 x21:1c0019e0  PA:1c0019e0
27350870ns          484987 1c0093da 010b948b p.lh             x9, 16(x23!)         x9=0000003c x23=1c001220 x23:1c001210  PA:1c001210
27351188ns          485003 1c0093de 2d411623 sh               x20, 716(x2)        x20:ffffff50  x2:100014d8  PA:100017a4
27351208ns          485004 1c0093e2 2d311723 sh               x19, 718(x2)        x19:00000028  x2:100014d8  PA:100017a6
27351228ns          485005 1c0093e6 c33ff0ef jal              x1, -974             x1=1c0093e8
27351268ns          485007 1c009018 00051803 lh               x16, 0(x10)         x16=ffffff50 x10:100017a4  PA:100017a4
27351288ns          485008 1c00901c 00251883 lh               x17, 2(x10)         x17=00000028 x10:100017a4  PA:100017a6
27351308ns          485009 1c009020 030806b3 mul              x13, x16, x16       x13=00007900 x16:ffffff50 x16:ffffff50
27351328ns          485010 1c009024 03188633 mul              x12, x17, x17       x12=00000640 x17:00000028 x17:00000028
27351347ns          485011 1c009028 40a65613 srai             x12, x12, 0x40a     x12=00000001 x12:00000640
27351367ns          485012 1c00902a 40a6d693 srai             x13, x13, 0x40a     x13=0000001e x13:00007900
27351387ns          485013 1c00902c 00c686b3 add              x13, x13, x12       x13=0000001f x13:0000001e x12:00000001
27351407ns          485014 1c00902e 1006c633 p.exths          x12, x13, x0        x12=0000001f x13:0000001f
27351427ns          485015 1c009032 00855703 lhu              x14, 8(x10)         x14=0000ffd1 x10:100017a4  PA:100017ac
27351447ns          485016 1c009036 00a55683 lhu              x13, 10(x10)        x13=0000ff6a x10:100017a4  PA:100017ae
27351467ns          485017 1c00903a 02c60333 mul              x6, x12, x12         x6=000003c1 x12:0000001f x12:0000001f
27351487ns          485018 1c00903e 00c55783 lhu              x15, 12(x10)        x15=0000ffe5 x10:100017a4  PA:100017b0
27351506ns          485019 1c009042 00e55583 lhu              x11, 14(x10)        x11=00000060 x10:100017a4  PA:100017b2
27351526ns          485020 1c009046 dea30333 p.extract        x6, x6, 15, 10       x6=00000000  x6:000003c1
27351546ns          485021 1c00904a 80c7075b p.muls           x14, x14, x12       x14=fffffa4f x14:0000ffd1 x12:0000001f
27351586ns          485023 1c00904e 80c686db p.muls           x13, x13, x12       x13=ffffedd6 x13:0000ff6a x12:0000001f
27351626ns          485025 1c009052 00455e83 lhu              x29, 4(x10)         x29=00000427 x10:100017a4  PA:100017a8
27351646ns          485026 1c009056 00655e03 lhu              x28, 6(x10)         x28=0000007f x10:100017a4  PA:100017aa
27351666ns          485027 1c00905a 40a75713 srai             x14, x14, 0x40a     x14=fffffffe x14:fffffa4f
27351685ns          485028 1c00905c 806787db p.muls           x15, x15, x6        x15=00000000 x15:0000ffe5  x6:00000000
27351725ns          485030 1c009060 40a6d693 srai             x13, x13, 0x40a     x13=fffffffb x13:ffffedd6
27351765ns          485032 1c009062 8065865b p.muls           x12, x11, x6        x12=00000000 x11:00000060  x6:00000000
27351785ns          485033 1c009066 40a7d793 srai             x15, x15, 0x40a     x15=00000000 x15:00000000
27351805ns          485034 1c009068 40a65613 srai             x12, x12, 0x40a     x12=00000000 x12:00000000
27351825ns          485035 1c00906a 01d70733 add              x14, x14, x29       x14=00000425 x14:fffffffe x29:00000427
27351845ns          485036 1c00906c 01c686b3 add              x13, x13, x28       x13=0000007a x13:fffffffb x28:0000007f
27351864ns          485037 1c00906e 00c686b3 add              x13, x13, x12       x13=0000007a x13:0000007a x12:00000000
27351884ns          485038 1c009070 00f70733 add              x14, x14, x15       x14=00000425 x14:00000425 x15:00000000
27351904ns          485039 1c009072 100747b3 p.exths          x15, x14, x0        x15=00000425 x14:00000425
27351924ns          485040 1c009076 1006c733 p.exths          x14, x13, x0        x14=0000007a x13:0000007a
27351944ns          485041 1c00907a 03170633 mul              x12, x14, x17       x12=00001310 x14:0000007a x17:00000028
27351964ns          485042 1c00907e 030786b3 mul              x13, x15, x16       x13=fffd2690 x15:00000425 x16:ffffff50
27351984ns          485043 1c009082 03070733 mul              x14, x14, x16       x14=ffffac20 x14:0000007a x16:ffffff50
27352004ns          485044 1c009086 031787b3 mul              x15, x15, x17       x15=0000a5c8 x15:00000425 x17:00000028
27352024ns          485045 1c00908a 40a6d693 srai             x13, x13, 0x40a     x13=ffffff49 x13:fffd2690
27352043ns          485046 1c00908c 40a65613 srai             x12, x12, 0x40a     x12=00000004 x12:00001310
27352063ns          485047 1c00908e 40a7d793 srai             x15, x15, 0x40a     x15=00000029 x15:0000a5c8
27352083ns          485048 1c009090 40a75713 srai             x14, x14, 0x40a     x14=ffffffeb x14:ffffac20
27352103ns          485049 1c009092 40c686b3 sub              x13, x13, x12       x13=ffffff45 x13:ffffff49 x12:00000004
27352123ns          485050 1c009094 00e787b3 add              x15, x15, x14       x15=00000014 x15:00000029 x14:ffffffeb
27352143ns          485051 1c009096 00d51823 sh               x13, 16(x10)        x13:ffffff45 x10:100017a4  PA:100017b4
27352163ns          485052 1c00909a 00f51923 sh               x15, 18(x10)        x15:00000014 x10:100017a4  PA:100017b6
27352183ns          485053 1c00909e 00008067 jalr             x0, x1, 0            x1:1c0093e8
27352262ns          485057 1c0093e8 2dc15583 lhu              x11, 732(x2)        x11=0000ff45  x2:100014d8  PA:100017b4
27352282ns          485058 1c0093ec 2de15783 lhu              x15, 734(x2)        x15=00000014  x2:100014d8  PA:100017b6
27352322ns          485060 1c0093f0 40b90933 sub              x18, x18, x11       x18=ffff0003 x18:ffffff48 x11:0000ff45
27352342ns          485061 1c0093f4 40f484b3 sub              x9, x9, x15          x9=00000028  x9:0000003c x15:00000014
27352362ns          485062 1c0093f6 100945b3 p.exths          x11, x18, x0        x11=00000003 x18:ffff0003
27352382ns          485063 1c0093fa 1004c7b3 p.exths          x15, x9, x0         x15=00000028  x9:00000028
27352401ns          485064 1c0093fe 034586b3 mul              x13, x11, x20       x13=fffffdf0 x11:00000003 x20:ffffff50
27352421ns          485065 1c009402 03378533 mul              x10, x15, x19       x10=00000640 x15:00000028 x19:00000028
27352441ns          485066 1c009406 034a0633 mul              x12, x20, x20       x12=00007900 x20:ffffff50 x20:ffffff50
27352461ns          485067 1c00940a 03398733 mul              x14, x19, x19       x14=00000640 x19:00000028 x19:00000028
27352501ns          485069 1c00940e 034787b3 mul              x15, x15, x20       x15=ffffe480 x15:00000028 x20:ffffff50
27352541ns          485071 1c009412 033585b3 mul              x11, x11, x19       x11=00000078 x11:00000003 x19:00000028
27352561ns          485072 1c009416 40a75713 srai             x14, x14, 0x40a     x14=00000001 x14:00000640
27352580ns          485073 1c009418 40a5d593 srai             x11, x11, 0x40a     x11=00000000 x11:00000078
27352600ns          485074 1c00941a 40a65613 srai             x12, x12, 0x40a     x12=0000001e x12:00007900
27352620ns          485075 1c00941c 40a7d793 srai             x15, x15, 0x40a     x15=fffffff9 x15:ffffe480
27352640ns          485076 1c00941e 1c0034b7 lui              x9, 0x1c003000       x9=1c003000
27352660ns          485077 1c009422 00e60633 add              x12, x12, x14       x12=0000001f x12:0000001e x14:00000001
27352680ns          485078 1c009424 40b787b3 sub              x15, x15, x11       x15=fffffff9 x15:fffffff9 x11:00000000
27352700ns          485079 1c009426 eb048493 addi             x9, x9, -336         x9=1c002eb0  x9:1c003000
27352720ns          485080 1c00942a 1c0032b7 lui              x5, 0x1c003000       x5=1c003000
27352740ns          485081 1c00942e 1c0035b7 lui              x11, 0x1c003000     x11=1c003000
27352759ns          485082 1c009432 018483b3 add              x7, x9, x24          x7=1c002eb4  x9:1c002eb0 x24:00000004
27352779ns          485083 1c009436 02812e83 lw               x29, 40(x2)         x29=1c002ec4  x2:100014d8  PA:10001500
27352799ns          485084 1c009438 10065633 p.exthz          x12, x12, x0        x12=0000001f x12:0000001f
27352819ns          485085 1c00943c e8028293 addi             x5, x5, -384         x5=1c002e80  x5:1c003000
27352839ns          485086 1c009440 ea058593 addi             x11, x11, -352      x11=1c002ea0 x11:1c003000
27352859ns          485087 1c009444 03812483 lw               x9, 56(x2)           x9=1c002ee4  x2:100014d8  PA:10001510
27352879ns          485088 1c009446 10064733 p.exths          x14, x12, x0        x14=0000001f x12:0000001f
27352899ns          485089 1c00944a 018280b3 add              x1, x5, x24          x1=1c002e84  x5:1c002e80 x24:00000004
27352919ns          485090 1c00944e 03012f03 lw               x30, 48(x2)         x30=1c002ed4  x2:100014d8  PA:10001508
27352938ns          485091 1c009450 018582b3 add              x5, x11, x24         x5=1c002ea4 x11:1c002ea0 x24:00000004
27352958ns          485092 1c009454 04012583 lw               x11, 64(x2)         x11=1c002ef4  x2:100014d8  PA:10001518
27352978ns          485093 1c009456 000edd83 lhu              x27, 0(x29)         x27=000018b6 x29:1c002ec4  PA:1c002ec4
27353316ns          485110 1c00945a 0004d483 lhu              x9, 0(x9)            x9=000001aa  x9:1c002ee4  PA:1c002ee4
27353635ns          485126 1c00945e 02e70333 mul              x6, x14, x14         x6=000003c1 x14:0000001f x14:0000001f
27353654ns          485127 1c009462 40a55513 srai             x10, x10, 0x40a     x10=00000001 x10:00000640
27353674ns          485128 1c009464 04812e83 lw               x29, 72(x2)         x29=1c002f04  x2:100014d8  PA:10001520
27353694ns          485129 1c009466 40a6d693 srai             x13, x13, 0x40a     x13=ffffffff x13:fffffdf0
27353714ns          485130 1c009468 000f5d03 lhu              x26, 0(x30)         x26=00000581 x30:1c002ed4  PA:1c002ed4
27354012ns          485145 1c00946c 0005d583 lhu              x11, 0(x11)         x11=0000009c x11:1c002ef4  PA:1c002ef4
27354311ns          485160 1c009470 40a35313 srai             x6, x6, 0x40a        x6=00000000  x6:000003c1
27354331ns          485161 1c009474 00a686b3 add              x13, x13, x10       x13=00000000 x13:ffffffff x10:00000001
27354350ns          485162 1c009476 05012f03 lw               x30, 80(x2)         x30=1c002e74  x2:100014d8  PA:10001528
27354370ns          485163 1c009478 10034e33 p.exths          x28, x6, x0         x28=00000000  x6:00000000
27354390ns          485164 1c00947c 06911023 sh               x9, 96(x2)           x9:000001aa  x2:100014d8  PA:10001538
27354410ns          485165 1c009480 000ede83 lhu              x29, 0(x29)         x29=00000041 x29:1c002f04  PA:1c002f04
27354708ns          485180 1c009484 05812483 lw               x9, 88(x2)           x9=1c002e64  x2:100014d8  PA:10001530
27354728ns          485181 1c009486 1006d6b3 p.exthz          x13, x13, x0        x13=00000000 x13:00000000
27354748ns          485182 1c00948a 02ee08b3 mul              x17, x28, x14       x17=00000000 x28:00000000 x14:0000001f
27354768ns          485183 1c00948e 1006c833 p.exths          x16, x13, x0        x16=00000000 x13:00000000
27354788ns          485184 1c009492 06b11823 sh               x11, 112(x2)        x11:0000009c  x2:100014d8  PA:10001548
27354808ns          485185 1c009496 000f5f03 lhu              x30, 0(x30)         x30=0000fec4 x30:1c002e74  PA:1c002e74
27355106ns          485200 1c00949a 0a012583 lw               x11, 160(x2)        x11=1c002e94  x2:100014d8  PA:10001578
27355126ns          485201 1c00949c 1007d7b3 p.exthz          x15, x15, x0        x15=0000fff9 x15:fffffff9
27355146ns          485202 1c0094a0 0004da03 lhu              x20, 0(x9)          x20=0000fa87  x9:1c002e64  PA:1c002e64
27355464ns          485218 1c0094a4 1007c533 p.exths          x10, x15, x0        x10=fffffff9 x15:0000fff9
27355484ns          485219 1c0094a8 09d11023 sh               x29, 128(x2)        x29:00000041  x2:100014d8  PA:10001558
27355504ns          485220 1c0094ac 0003d483 lhu              x9, 0(x7)            x9=0000ffce  x7:1c002eb4  PA:1c002eb4
27355802ns          485235 1c0094b0 02e80eb3 mul              x29, x16, x14       x29=00000000 x16:00000000 x14:0000001f
27355822ns          485236 1c0094b4 40a8d893 srai             x17, x17, 0x40a     x17=00000000 x17:00000000
27355842ns          485237 1c0094b8 03c80833 mul              x16, x16, x28       x16=00000000 x16:00000000 x28:00000000
27355862ns          485238 1c0094bc 09e11823 sh               x30, 144(x2)        x30:0000fec4  x2:100014d8  PA:10001568
27355882ns          485239 1c0094c0 0005d983 lhu              x19, 0(x11)         x19=0000ff93 x11:1c002e94  PA:1c002e94
27356180ns          485254 1c0094c4 81c88f5b p.muls           x30, x17, x28       x30=00000000 x17:00000000 x28:00000000
27356200ns          485255 1c0094c8 0002d583 lhu              x11, 0(x5)          x11=0000ff78  x5:1c002ea4  PA:1c002ea4
27356538ns          485272 1c0094cc 03ce0fb3 mul              x31, x28, x28       x31=00000000 x28:00000000 x28:00000000
27356558ns          485273 1c0094d0 02e50733 mul              x14, x10, x14       x14=ffffff27 x10:fffffff9 x14:0000001f
27356578ns          485274 1c0094d4 40a85813 srai             x16, x16, 0x40a     x16=00000000 x16:00000000
27356598ns          485275 1c0094d8 03c50533 mul              x10, x10, x28       x10=00000000 x10:fffffff9 x28:00000000
27356618ns          485276 1c0094dc 07015e03 lhu              x28, 112(x2)        x28=0000009c  x2:100014d8  PA:10001548
27356638ns          485277 1c0094e0 01b60633 add              x12, x12, x27       x12=000018d5 x12:0000001f x27:000018b6
27356657ns          485278 1c0094e2 00980833 add              x16, x16, x9        x16=0000ffce x16:00000000  x9:0000ffce
27356677ns          485279 1c0094e4 06015d83 lhu              x27, 96(x2)         x27=000001aa  x2:100014d8  PA:10001538
27356697ns          485280 1c0094e8 02812483 lw               x9, 40(x2)           x9=1c002ec4  x2:100014d8  PA:10001500
27356717ns          485281 1c0094ea 40afdf93 srai             x31, x31, 0x40a     x31=00000000 x31:00000000
27356737ns          485282 1c0094ee 40a55513 srai             x10, x10, 0x40a     x10=00000000 x10:00000000
27356757ns          485283 1c0094f0 01cf8fb3 add              x31, x31, x28       x31=0000009c x31:00000000 x28:0000009c
27356777ns          485284 1c0094f2 00b50533 add              x10, x10, x11       x10=0000ff78 x10:00000000 x11:0000ff78
27356797ns          485285 1c0094f4 09015e03 lhu              x28, 144(x2)        x28=0000fec4  x2:100014d8  PA:10001568
27356817ns          485286 1c0094f8 03012583 lw               x11, 48(x2)         x11=1c002ed4  x2:100014d8  PA:10001508
27356836ns          485287 1c0094fa 00c49023 sh               x12, 0(x9)          x12:000018d5  x9:1c002ec4  PA:1c002ec4
27357155ns          485303 1c0094fe 01b888b3 add              x17, x17, x27       x17=000001aa x17:00000000 x27:000001aa
27357175ns          485304 1c009500 01a30333 add              x6, x6, x26          x6=00000581  x6:00000000 x26:00000581
27357194ns          485305 1c009502 08015d83 lhu              x27, 128(x2)        x27=00000041  x2:100014d8  PA:10001558
27357214ns          485306 1c009506 0000d903 lhu              x18, 0(x1)          x18=0000fe8d  x1:1c002e84  PA:1c002e84
27357552ns          485323 1c00950a 01c686b3 add              x13, x13, x28       x13=0000fec4 x13:00000000 x28:0000fec4
27357572ns          485324 1c00950c 00659023 sh               x6, 0(x11)           x6:00000581 x11:1c002ed4  PA:1c002ed4
27357891ns          485340 1c009510 40af5f13 srai             x30, x30, 0x40a     x30=00000000 x30:00000000
27357910ns          485341 1c009514 04812e03 lw               x28, 72(x2)         x28=1c002f04  x2:100014d8  PA:10001520
27357930ns          485342 1c009516 01bf0f33 add              x30, x30, x27       x30=00000041 x30:00000000 x27:00000041
27357950ns          485343 1c009518 40aede93 srai             x29, x29, 0x40a     x29=00000000 x29:00000000
27357970ns          485344 1c00951c 40a75713 srai             x14, x14, 0x40a     x14=ffffffff x14:ffffff27
27357990ns          485345 1c00951e 03812603 lw               x12, 56(x2)         x12=1c002ee4  x2:100014d8  PA:10001510
27358010ns          485346 1c009520 04012d83 lw               x27, 64(x2)         x27=1c002ef4  x2:100014d8  PA:10001518
27358030ns          485347 1c009522 01ee1023 sh               x30, 0(x28)         x30:00000041 x28:1c002f04  PA:1c002f04
27358348ns          485363 1c009526 05812483 lw               x9, 88(x2)           x9=1c002e64  x2:100014d8  PA:10001530
27358368ns          485364 1c009528 05012f03 lw               x30, 80(x2)         x30=1c002e74  x2:100014d8  PA:10001528
27358388ns          485365 1c00952a 0a012583 lw               x11, 160(x2)        x11=1c002e94  x2:100014d8  PA:10001578
27358408ns          485366 1c00952c 014787b3 add              x15, x15, x20       x15=0001fa80 x15:0000fff9 x20:0000fa87
27358428ns          485367 1c00952e 013e8eb3 add              x29, x29, x19       x29=0000ff93 x29:00000000 x19:0000ff93
27358447ns          485368 1c009530 01270733 add              x14, x14, x18       x14=0000fe8c x14:ffffffff x18:0000fe8d
27358467ns          485369 1c009532 00f49023 sh               x15, 0(x9)          x15:0001fa80  x9:1c002e64  PA:1c002e64
27358786ns          485385 1c009536 01161023 sh               x17, 0(x12)         x17:000001aa x12:1c002ee4  PA:1c002ee4
27359104ns          485401 1c00953a 01fd9023 sh               x31, 0(x27)         x31:0000009c x27:1c002ef4  PA:1c002ef4
27359422ns          485417 1c00953e 00df1023 sh               x13, 0(x30)         x13:0000fec4 x30:1c002e74  PA:1c002e74
27359740ns          485433 1c009542 01d59023 sh               x29, 0(x11)         x29:0000ff93 x11:1c002e94  PA:1c002e94
27360078ns          485450 1c009546 00e09023 sh               x14, 0(x1)          x14:0000fe8c  x1:1c002e84  PA:1c002e84
27360396ns          485466 1c00954a 01039023 sh               x16, 0(x7)          x16:0000ffce  x7:1c002eb4  PA:1c002eb4
27360715ns          485482 1c00954e 00a29023 sh               x10, 0(x5)          x10:0000ff78  x5:1c002ea4  PA:1c002ea4
27361053ns          485499 1c009552 008b0b13 addi             x22, x22, 8         x22=000001ba x22:000001b2
27361073ns          485500 1c009554 1f300793 addi             x15, x0, 499        x15=000001f3
27361093ns          485501 1c009558 e767dae3 bge              x15, x22, -396      x15:000001f3 x22:000001ba
27361192ns          485506 1c0093cc 010c9a0b p.lh             x20, 16(x25!)       x20=fffffffe x25=1c002a0c x25:1c0029fc  PA:1c0029fc
27361530ns          485523 1c0093d0 0104198b p.lh             x19, 16(x8!)        x19=fffffe80  x8=1c0021d4  x8:1c0021c4  PA:1c0021c4
27361828ns          485538 1c0093d4 2cc10513 addi             x10, x2, 716        x10=100017a4  x2:100014d8
27361848ns          485539 1c0093d6 010a990b p.lh             x18, 16(x21!)       x18=ffffffce x21=1c001a00 x21:1c0019f0  PA:1c0019f0
27362147ns          485554 1c0093da 010b948b p.lh             x9, 16(x23!)         x9=fffffe84 x23=1c001230 x23:1c001220  PA:1c001220
27362445ns          485569 1c0093de 2d411623 sh               x20, 716(x2)        x20:fffffffe  x2:100014d8  PA:100017a4
27362465ns          485570 1c0093e2 2d311723 sh               x19, 718(x2)        x19:fffffe80  x2:100014d8  PA:100017a6
27362485ns          485571 1c0093e6 c33ff0ef jal              x1, -974             x1=1c0093e8
27362524ns          485573 1c009018 00051803 lh               x16, 0(x10)         x16=fffffffe x10:100017a4  PA:100017a4
27362544ns          485574 1c00901c 00251883 lh               x17, 2(x10)         x17=fffffe80 x10:100017a4  PA:100017a6
27362564ns          485575 1c009020 030806b3 mul              x13, x16, x16       x13=00000004 x16:fffffffe x16:fffffffe
27362584ns          485576 1c009024 03188633 mul              x12, x17, x17       x12=00024000 x17:fffffe80 x17:fffffe80
27362604ns          485577 1c009028 40a65613 srai             x12, x12, 0x40a     x12=00000090 x12:00024000
27362624ns          485578 1c00902a 40a6d693 srai             x13, x13, 0x40a     x13=00000000 x13:00000004
27362644ns          485579 1c00902c 00c686b3 add              x13, x13, x12       x13=00000090 x13:00000000 x12:00000090
27362664ns          485580 1c00902e 1006c633 p.exths          x12, x13, x0        x12=00000090 x13:00000090
27362684ns          485581 1c009032 00855703 lhu              x14, 8(x10)         x14=0000ffd1 x10:100017a4  PA:100017ac
27362703ns          485582 1c009036 00a55683 lhu              x13, 10(x10)        x13=0000ff6a x10:100017a4  PA:100017ae
27362723ns          485583 1c00903a 02c60333 mul              x6, x12, x12         x6=00005100 x12:00000090 x12:00000090
27362743ns          485584 1c00903e 00c55783 lhu              x15, 12(x10)        x15=0000ffe5 x10:100017a4  PA:100017b0
27362763ns          485585 1c009042 00e55583 lhu              x11, 14(x10)        x11=00000060 x10:100017a4  PA:100017b2
27362783ns          485586 1c009046 dea30333 p.extract        x6, x6, 15, 10       x6=00000014  x6:00005100
27362803ns          485587 1c00904a 80c7075b p.muls           x14, x14, x12       x14=ffffe590 x14:0000ffd1 x12:00000090
27362823ns          485588 1c00904e 80c686db p.muls           x13, x13, x12       x13=ffffaba0 x13:0000ff6a x12:00000090
27362843ns          485589 1c009052 00455e83 lhu              x29, 4(x10)         x29=00000427 x10:100017a4  PA:100017a8
27362863ns          485590 1c009056 00655e03 lhu              x28, 6(x10)         x28=0000007f x10:100017a4  PA:100017aa
27362882ns          485591 1c00905a 40a75713 srai             x14, x14, 0x40a     x14=fffffff9 x14:ffffe590
27362902ns          485592 1c00905c 806787db p.muls           x15, x15, x6        x15=fffffde4 x15:0000ffe5  x6:00000014
27362922ns          485593 1c009060 40a6d693 srai             x13, x13, 0x40a     x13=ffffffea x13:ffffaba0
27362962ns          485595 1c009062 8065865b p.muls           x12, x11, x6        x12=00000780 x11:00000060  x6:00000014
27362982ns          485596 1c009066 40a7d793 srai             x15, x15, 0x40a     x15=ffffffff x15:fffffde4
27363002ns          485597 1c009068 40a65613 srai             x12, x12, 0x40a     x12=00000001 x12:00000780
27363022ns          485598 1c00906a 01d70733 add              x14, x14, x29       x14=00000420 x14:fffffff9 x29:00000427
27363042ns          485599 1c00906c 01c686b3 add              x13, x13, x28       x13=00000069 x13:ffffffea x28:0000007f
27363061ns          485600 1c00906e 00c686b3 add              x13, x13, x12       x13=0000006a x13:00000069 x12:00000001
27363081ns          485601 1c009070 00f70733 add              x14, x14, x15       x14=0000041f x14:00000420 x15:ffffffff
27363101ns          485602 1c009072 100747b3 p.exths          x15, x14, x0        x15=0000041f x14:0000041f
27363121ns          485603 1c009076 1006c733 p.exths          x14, x13, x0        x14=0000006a x13:0000006a
27363141ns          485604 1c00907a 03170633 mul              x12, x14, x17       x12=ffff6100 x14:0000006a x17:fffffe80
27363161ns          485605 1c00907e 030786b3 mul              x13, x15, x16       x13=fffff7c2 x15:0000041f x16:fffffffe
27363181ns          485606 1c009082 03070733 mul              x14, x14, x16       x14=ffffff2c x14:0000006a x16:fffffffe
27363201ns          485607 1c009086 031787b3 mul              x15, x15, x17       x15=fff9d180 x15:0000041f x17:fffffe80
27363221ns          485608 1c00908a 40a6d693 srai             x13, x13, 0x40a     x13=fffffffd x13:fffff7c2
27363240ns          485609 1c00908c 40a65613 srai             x12, x12, 0x40a     x12=ffffffd8 x12:ffff6100
27363260ns          485610 1c00908e 40a7d793 srai             x15, x15, 0x40a     x15=fffffe74 x15:fff9d180
27363280ns          485611 1c009090 40a75713 srai             x14, x14, 0x40a     x14=ffffffff x14:ffffff2c
27363300ns          485612 1c009092 40c686b3 sub              x13, x13, x12       x13=00000025 x13:fffffffd x12:ffffffd8
27363320ns          485613 1c009094 00e787b3 add              x15, x15, x14       x15=fffffe73 x15:fffffe74 x14:ffffffff
27363340ns          485614 1c009096 00d51823 sh               x13, 16(x10)        x13:00000025 x10:100017a4  PA:100017b4
27363360ns          485615 1c00909a 00f51923 sh               x15, 18(x10)        x15:fffffe73 x10:100017a4  PA:100017b6
27363380ns          485616 1c00909e 00008067 jalr             x0, x1, 0            x1:1c0093e8
27363459ns          485620 1c0093e8 2dc15583 lhu              x11, 732(x2)        x11=00000025  x2:100014d8  PA:100017b4
27363479ns          485621 1c0093ec 2de15783 lhu              x15, 734(x2)        x15=0000fe73  x2:100014d8  PA:100017b6
27363499ns          485622 1c0093f0 40b90933 sub              x18, x18, x11       x18=ffffffa9 x18:ffffffce x11:00000025
27363519ns          485623 1c0093f4 40f484b3 sub              x9, x9, x15          x9=ffff0011  x9:fffffe84 x15:0000fe73
27363539ns          485624 1c0093f6 100945b3 p.exths          x11, x18, x0        x11=ffffffa9 x18:ffffffa9
27363559ns          485625 1c0093fa 1004c7b3 p.exths          x15, x9, x0         x15=00000011  x9:ffff0011
27363579ns          485626 1c0093fe 034586b3 mul              x13, x11, x20       x13=000000ae x11:ffffffa9 x20:fffffffe
27363598ns          485627 1c009402 03378533 mul              x10, x15, x19       x10=ffffe680 x15:00000011 x19:fffffe80
27363618ns          485628 1c009406 034a0633 mul              x12, x20, x20       x12=00000004 x20:fffffffe x20:fffffffe
27363638ns          485629 1c00940a 03398733 mul              x14, x19, x19       x14=00024000 x19:fffffe80 x19:fffffe80
27363658ns          485630 1c00940e 034787b3 mul              x15, x15, x20       x15=ffffffde x15:00000011 x20:fffffffe
27363678ns          485631 1c009412 033585b3 mul              x11, x11, x19       x11=00008280 x11:ffffffa9 x19:fffffe80
27363698ns          485632 1c009416 40a75713 srai             x14, x14, 0x40a     x14=00000090 x14:00024000
27363718ns          485633 1c009418 40a5d593 srai             x11, x11, 0x40a     x11=00000020 x11:00008280
27363738ns          485634 1c00941a 40a65613 srai             x12, x12, 0x40a     x12=00000000 x12:00000004
27363758ns          485635 1c00941c 40a7d793 srai             x15, x15, 0x40a     x15=ffffffff x15:ffffffde
27363777ns          485636 1c00941e 1c0034b7 lui              x9, 0x1c003000       x9=1c003000
27363797ns          485637 1c009422 00e60633 add              x12, x12, x14       x12=00000090 x12:00000000 x14:00000090
27363817ns          485638 1c009424 40b787b3 sub              x15, x15, x11       x15=ffffffdf x15:ffffffff x11:00000020
27363837ns          485639 1c009426 eb048493 addi             x9, x9, -336         x9=1c002eb0  x9:1c003000
27363857ns          485640 1c00942a 1c0032b7 lui              x5, 0x1c003000       x5=1c003000
27363877ns          485641 1c00942e 1c0035b7 lui              x11, 0x1c003000     x11=1c003000
27363897ns          485642 1c009432 018483b3 add              x7, x9, x24          x7=1c002eb4  x9:1c002eb0 x24:00000004
27363917ns          485643 1c009436 02812e83 lw               x29, 40(x2)         x29=1c002ec4  x2:100014d8  PA:10001500
27363936ns          485644 1c009438 10065633 p.exthz          x12, x12, x0        x12=00000090 x12:00000090
27363956ns          485645 1c00943c e8028293 addi             x5, x5, -384         x5=1c002e80  x5:1c003000
27363996ns          485647 1c009440 ea058593 addi             x11, x11, -352      x11=1c002ea0 x11:1c003000
27364036ns          485649 1c009444 03812483 lw               x9, 56(x2)           x9=1c002ee4  x2:100014d8  PA:10001510
27364056ns          485650 1c009446 10064733 p.exths          x14, x12, x0        x14=00000090 x12:00000090
27364076ns          485651 1c00944a 018280b3 add              x1, x5, x24          x1=1c002e84  x5:1c002e80 x24:00000004
27364096ns          485652 1c00944e 03012f03 lw               x30, 48(x2)         x30=1c002ed4  x2:100014d8  PA:10001508
27364135ns          485654 1c009450 018582b3 add              x5, x11, x24         x5=1c002ea4 x11:1c002ea0 x24:00000004
27364175ns          485656 1c009454 04012583 lw               x11, 64(x2)         x11=1c002ef4  x2:100014d8  PA:10001518
27364195ns          485657 1c009456 000edd83 lhu              x27, 0(x29)         x27=000018d5 x29:1c002ec4  PA:1c002ec4
27364513ns          485673 1c00945a 0004d483 lhu              x9, 0(x9)            x9=000001aa  x9:1c002ee4  PA:1c002ee4
27364812ns          485688 1c00945e 02e70333 mul              x6, x14, x14         x6=00005100 x14:00000090 x14:00000090
27364831ns          485689 1c009462 40a55513 srai             x10, x10, 0x40a     x10=fffffff9 x10:ffffe680
27364851ns          485690 1c009464 04812e83 lw               x29, 72(x2)         x29=1c002f04  x2:100014d8  PA:10001520
27364871ns          485691 1c009466 40a6d693 srai             x13, x13, 0x40a     x13=00000000 x13:000000ae
27364891ns          485692 1c009468 000f5d03 lhu              x26, 0(x30)         x26=00000581 x30:1c002ed4  PA:1c002ed4
27365209ns          485708 1c00946c 0005d583 lhu              x11, 0(x11)         x11=0000009c x11:1c002ef4  PA:1c002ef4
27365547ns          485725 1c009470 40a35313 srai             x6, x6, 0x40a        x6=00000014  x6:00005100
27365567ns          485726 1c009474 00a686b3 add              x13, x13, x10       x13=fffffff9 x13:00000000 x10:fffffff9
27365587ns          485727 1c009476 05012f03 lw               x30, 80(x2)         x30=1c002e74  x2:100014d8  PA:10001528
27365607ns          485728 1c009478 10034e33 p.exths          x28, x6, x0         x28=00000014  x6:00000014
27365627ns          485729 1c00947c 06911023 sh               x9, 96(x2)           x9:000001aa  x2:100014d8  PA:10001538
27365647ns          485730 1c009480 000ede83 lhu              x29, 0(x29)         x29=00000041 x29:1c002f04  PA:1c002f04
27365945ns          485745 1c009484 05812483 lw               x9, 88(x2)           x9=1c002e64  x2:100014d8  PA:10001530
27365965ns          485746 1c009486 1006d6b3 p.exthz          x13, x13, x0        x13=0000fff9 x13:fffffff9
27365985ns          485747 1c00948a 02ee08b3 mul              x17, x28, x14       x17=00000b40 x28:00000014 x14:00000090
27366005ns          485748 1c00948e 1006c833 p.exths          x16, x13, x0        x16=fffffff9 x13:0000fff9
27366025ns          485749 1c009492 06b11823 sh               x11, 112(x2)        x11:0000009c  x2:100014d8  PA:10001548
27366045ns          485750 1c009496 000f5f03 lhu              x30, 0(x30)         x30=0000fec4 x30:1c002e74  PA:1c002e74
27366343ns          485765 1c00949a 0a012583 lw               x11, 160(x2)        x11=1c002e94  x2:100014d8  PA:10001578
27366363ns          485766 1c00949c 1007d7b3 p.exthz          x15, x15, x0        x15=0000ffdf x15:ffffffdf
27366383ns          485767 1c0094a0 0004da03 lhu              x20, 0(x9)          x20=0000fa80  x9:1c002e64  PA:1c002e64
27366681ns          485782 1c0094a4 1007c533 p.exths          x10, x15, x0        x10=ffffffdf x15:0000ffdf
27366701ns          485783 1c0094a8 09d11023 sh               x29, 128(x2)        x29:00000041  x2:100014d8  PA:10001558
27366721ns          485784 1c0094ac 0003d483 lhu              x9, 0(x7)            x9=0000ffce  x7:1c002eb4  PA:1c002eb4
27367079ns          485802 1c0094b0 02e80eb3 mul              x29, x16, x14       x29=fffffc10 x16:fffffff9 x14:00000090
27367099ns          485803 1c0094b4 40a8d893 srai             x17, x17, 0x40a     x17=00000002 x17:00000b40
27367119ns          485804 1c0094b8 03c80833 mul              x16, x16, x28       x16=ffffff74 x16:fffffff9 x28:00000014
27367138ns          485805 1c0094bc 09e11823 sh               x30, 144(x2)        x30:0000fec4  x2:100014d8  PA:10001568
27367158ns          485806 1c0094c0 0005d983 lhu              x19, 0(x11)         x19=0000ff93 x11:1c002e94  PA:1c002e94
27367556ns          485826 1c0094c4 81c88f5b p.muls           x30, x17, x28       x30=00000028 x17:00000002 x28:00000014
27367576ns          485827 1c0094c8 0002d583 lhu              x11, 0(x5)          x11=0000ff78  x5:1c002ea4  PA:1c002ea4
27367974ns          485847 1c0094cc 03ce0fb3 mul              x31, x28, x28       x31=00000190 x28:00000014 x28:00000014
27367994ns          485848 1c0094d0 02e50733 mul              x14, x10, x14       x14=ffffed70 x10:ffffffdf x14:00000090
27368014ns          485849 1c0094d4 40a85813 srai             x16, x16, 0x40a     x16=ffffffff x16:ffffff74
27368033ns          485850 1c0094d8 03c50533 mul              x10, x10, x28       x10=fffffd6c x10:ffffffdf x28:00000014
27368053ns          485851 1c0094dc 07015e03 lhu              x28, 112(x2)        x28=0000009c  x2:100014d8  PA:10001548
27368073ns          485852 1c0094e0 01b60633 add              x12, x12, x27       x12=00001965 x12:00000090 x27:000018d5
27368093ns          485853 1c0094e2 00980833 add              x16, x16, x9        x16=0000ffcd x16:ffffffff  x9:0000ffce
27368113ns          485854 1c0094e4 06015d83 lhu              x27, 96(x2)         x27=000001aa  x2:100014d8  PA:10001538
27368133ns          485855 1c0094e8 02812483 lw               x9, 40(x2)           x9=1c002ec4  x2:100014d8  PA:10001500
27368153ns          485856 1c0094ea 40afdf93 srai             x31, x31, 0x40a     x31=00000000 x31:00000190
27368173ns          485857 1c0094ee 40a55513 srai             x10, x10, 0x40a     x10=ffffffff x10:fffffd6c
27368193ns          485858 1c0094f0 01cf8fb3 add              x31, x31, x28       x31=0000009c x31:00000000 x28:0000009c
27368212ns          485859 1c0094f2 00b50533 add              x10, x10, x11       x10=0000ff77 x10:ffffffff x11:0000ff78
27368232ns          485860 1c0094f4 09015e03 lhu              x28, 144(x2)        x28=0000fec4  x2:100014d8  PA:10001568
27368252ns          485861 1c0094f8 03012583 lw               x11, 48(x2)         x11=1c002ed4  x2:100014d8  PA:10001508
27368272ns          485862 1c0094fa 00c49023 sh               x12, 0(x9)          x12:00001965  x9:1c002ec4  PA:1c002ec4
27368610ns          485879 1c0094fe 01b888b3 add              x17, x17, x27       x17=000001ac x17:00000002 x27:000001aa
27368630ns          485880 1c009500 01a30333 add              x6, x6, x26          x6=00000595  x6:00000014 x26:00000581
27368650ns          485881 1c009502 08015d83 lhu              x27, 128(x2)        x27=00000041  x2:100014d8  PA:10001558
27368670ns          485882 1c009506 0000d903 lhu              x18, 0(x1)          x18=0000fe8c  x1:1c002e84  PA:1c002e84
27369008ns          485899 1c00950a 01c686b3 add              x13, x13, x28       x13=0001febd x13:0000fff9 x28:0000fec4
27369028ns          485900 1c00950c 00659023 sh               x6, 0(x11)           x6:00000595 x11:1c002ed4  PA:1c002ed4
27369366ns          485917 1c009510 40af5f13 srai             x30, x30, 0x40a     x30=00000000 x30:00000028
27369386ns          485918 1c009514 04812e03 lw               x28, 72(x2)         x28=1c002f04  x2:100014d8  PA:10001520
27369406ns          485919 1c009516 01bf0f33 add              x30, x30, x27       x30=00000041 x30:00000000 x27:00000041
27369426ns          485920 1c009518 40aede93 srai             x29, x29, 0x40a     x29=ffffffff x29:fffffc10
27369445ns          485921 1c00951c 40a75713 srai             x14, x14, 0x40a     x14=fffffffb x14:ffffed70
27369465ns          485922 1c00951e 03812603 lw               x12, 56(x2)         x12=1c002ee4  x2:100014d8  PA:10001510
27369485ns          485923 1c009520 04012d83 lw               x27, 64(x2)         x27=1c002ef4  x2:100014d8  PA:10001518
27369505ns          485924 1c009522 01ee1023 sh               x30, 0(x28)         x30:00000041 x28:1c002f04  PA:1c002f04
27369823ns          485940 1c009526 05812483 lw               x9, 88(x2)           x9=1c002e64  x2:100014d8  PA:10001530
27369843ns          485941 1c009528 05012f03 lw               x30, 80(x2)         x30=1c002e74  x2:100014d8  PA:10001528
27369863ns          485942 1c00952a 0a012583 lw               x11, 160(x2)        x11=1c002e94  x2:100014d8  PA:10001578
27369883ns          485943 1c00952c 014787b3 add              x15, x15, x20       x15=0001fa5f x15:0000ffdf x20:0000fa80
27369903ns          485944 1c00952e 013e8eb3 add              x29, x29, x19       x29=0000ff92 x29:ffffffff x19:0000ff93
27369923ns          485945 1c009530 01270733 add              x14, x14, x18       x14=0000fe87 x14:fffffffb x18:0000fe8c
27369943ns          485946 1c009532 00f49023 sh               x15, 0(x9)          x15:0001fa5f  x9:1c002e64  PA:1c002e64
27370261ns          485962 1c009536 01161023 sh               x17, 0(x12)         x17:000001ac x12:1c002ee4  PA:1c002ee4
27370579ns          485978 1c00953a 01fd9023 sh               x31, 0(x27)         x31:0000009c x27:1c002ef4  PA:1c002ef4
27370897ns          485994 1c00953e 00df1023 sh               x13, 0(x30)         x13:0001febd x30:1c002e74  PA:1c002e74
27371235ns          486011 1c009542 01d59023 sh               x29, 0(x11)         x29:0000ff92 x11:1c002e94  PA:1c002e94
27371554ns          486027 1c009546 00e09023 sh               x14, 0(x1)          x14:0000fe87  x1:1c002e84  PA:1c002e84
27371872ns          486043 1c00954a 01039023 sh               x16, 0(x7)          x16:0000ffcd  x7:1c002eb4  PA:1c002eb4
27372190ns          486059 1c00954e 00a29023 sh               x10, 0(x5)          x10:0000ff77  x5:1c002ea4  PA:1c002ea4
27372508ns          486075 1c009552 008b0b13 addi             x22, x22, 8         x22=000001c2 x22:000001ba
27372528ns          486076 1c009554 1f300793 addi             x15, x0, 499        x15=000001f3
27372548ns          486077 1c009558 e767dae3 bge              x15, x22, -396      x15:000001f3 x22:000001c2
27372647ns          486082 1c0093cc 010c9a0b p.lh             x20, 16(x25!)       x20=fffffd50 x25=1c002a1c x25:1c002a0c  PA:1c002a0c
27372946ns          486097 1c0093d0 0104198b p.lh             x19, 16(x8!)        x19=fffffeea  x8=1c0021e4  x8:1c0021d4  PA:1c0021d4
27373264ns          486113 1c0093d4 2cc10513 addi             x10, x2, 716        x10=100017a4  x2:100014d8
27373284ns          486114 1c0093d6 010a990b p.lh             x18, 16(x21!)       x18=fffffd43 x21=1c001a10 x21:1c001a00  PA:1c001a00
27373602ns          486130 1c0093da 010b948b p.lh             x9, 16(x23!)         x9=ffffff76 x23=1c001240 x23:1c001230  PA:1c001230
27373920ns          486146 1c0093de 2d411623 sh               x20, 716(x2)        x20:fffffd50  x2:100014d8  PA:100017a4
27373940ns          486147 1c0093e2 2d311723 sh               x19, 718(x2)        x19:fffffeea  x2:100014d8  PA:100017a6
27373960ns          486148 1c0093e6 c33ff0ef jal              x1, -974             x1=1c0093e8
27374040ns          486152 1c009018 00051803 lh               x16, 0(x10)         x16=fffffd50 x10:100017a4  PA:100017a4
27374079ns          486154 1c00901c 00251883 lh               x17, 2(x10)         x17=fffffeea x10:100017a4  PA:100017a6
27374139ns          486157 1c009020 030806b3 mul              x13, x16, x16       x13=00073900 x16:fffffd50 x16:fffffd50
27374179ns          486159 1c009024 03188633 mul              x12, x17, x17       x12=00012de4 x17:fffffeea x17:fffffeea
27374199ns          486160 1c009028 40a65613 srai             x12, x12, 0x40a     x12=0000004b x12:00012de4
27374219ns          486161 1c00902a 40a6d693 srai             x13, x13, 0x40a     x13=000001ce x13:00073900
27374238ns          486162 1c00902c 00c686b3 add              x13, x13, x12       x13=00000219 x13:000001ce x12:0000004b
27374258ns          486163 1c00902e 1006c633 p.exths          x12, x13, x0        x12=00000219 x13:00000219
27374278ns          486164 1c009032 00855703 lhu              x14, 8(x10)         x14=0000ffd1 x10:100017a4  PA:100017ac
27374298ns          486165 1c009036 00a55683 lhu              x13, 10(x10)        x13=0000ff6a x10:100017a4  PA:100017ae
27374318ns          486166 1c00903a 02c60333 mul              x6, x12, x12         x6=00046671 x12:00000219 x12:00000219
27374338ns          486167 1c00903e 00c55783 lhu              x15, 12(x10)        x15=0000ffe5 x10:100017a4  PA:100017b0
27374358ns          486168 1c009042 00e55583 lhu              x11, 14(x10)        x11=00000060 x10:100017a4  PA:100017b2
27374378ns          486169 1c009046 dea30333 p.extract        x6, x6, 15, 10       x6=00000119  x6:00046671
27374398ns          486170 1c00904a 80c7075b p.muls           x14, x14, x12       x14=ffff9d69 x14:0000ffd1 x12:00000219
27374417ns          486171 1c00904e 80c686db p.muls           x13, x13, x12       x13=fffec55a x13:0000ff6a x12:00000219
27374437ns          486172 1c009052 00455e83 lhu              x29, 4(x10)         x29=00000427 x10:100017a4  PA:100017a8
27374457ns          486173 1c009056 00655e03 lhu              x28, 6(x10)         x28=0000007f x10:100017a4  PA:100017aa
27374477ns          486174 1c00905a 40a75713 srai             x14, x14, 0x40a     x14=ffffffe7 x14:ffff9d69
27374497ns          486175 1c00905c 806787db p.muls           x15, x15, x6        x15=ffffe25d x15:0000ffe5  x6:00000119
27374517ns          486176 1c009060 40a6d693 srai             x13, x13, 0x40a     x13=ffffffb1 x13:fffec55a
27374557ns          486178 1c009062 8065865b p.muls           x12, x11, x6        x12=00006960 x11:00000060  x6:00000119
27374577ns          486179 1c009066 40a7d793 srai             x15, x15, 0x40a     x15=fffffff8 x15:ffffe25d
27374596ns          486180 1c009068 40a65613 srai             x12, x12, 0x40a     x12=0000001a x12:00006960
27374616ns          486181 1c00906a 01d70733 add              x14, x14, x29       x14=0000040e x14:ffffffe7 x29:00000427
27374636ns          486182 1c00906c 01c686b3 add              x13, x13, x28       x13=00000030 x13:ffffffb1 x28:0000007f
27374656ns          486183 1c00906e 00c686b3 add              x13, x13, x12       x13=0000004a x13:00000030 x12:0000001a
27374676ns          486184 1c009070 00f70733 add              x14, x14, x15       x14=00000406 x14:0000040e x15:fffffff8
27374696ns          486185 1c009072 100747b3 p.exths          x15, x14, x0        x15=00000406 x14:00000406
27374716ns          486186 1c009076 1006c733 p.exths          x14, x13, x0        x14=0000004a x13:0000004a
27374736ns          486187 1c00907a 03170633 mul              x12, x14, x17       x12=ffffafa4 x14:0000004a x17:fffffeea
27374756ns          486188 1c00907e 030786b3 mul              x13, x15, x16       x13=fff52fe0 x15:00000406 x16:fffffd50
27374775ns          486189 1c009082 03070733 mul              x14, x14, x16       x14=ffff3920 x14:0000004a x16:fffffd50
27374795ns          486190 1c009086 031787b3 mul              x15, x15, x17       x15=fffba17c x15:00000406 x17:fffffeea
27374815ns          486191 1c00908a 40a6d693 srai             x13, x13, 0x40a     x13=fffffd4b x13:fff52fe0
27374835ns          486192 1c00908c 40a65613 srai             x12, x12, 0x40a     x12=ffffffeb x12:ffffafa4
27374855ns          486193 1c00908e 40a7d793 srai             x15, x15, 0x40a     x15=fffffee8 x15:fffba17c
27374875ns          486194 1c009090 40a75713 srai             x14, x14, 0x40a     x14=ffffffce x14:ffff3920
27374895ns          486195 1c009092 40c686b3 sub              x13, x13, x12       x13=fffffd60 x13:fffffd4b x12:ffffffeb
27374915ns          486196 1c009094 00e787b3 add              x15, x15, x14       x15=fffffeb6 x15:fffffee8 x14:ffffffce
27374935ns          486197 1c009096 00d51823 sh               x13, 16(x10)        x13:fffffd60 x10:100017a4  PA:100017b4
27374954ns          486198 1c00909a 00f51923 sh               x15, 18(x10)        x15:fffffeb6 x10:100017a4  PA:100017b6
27374974ns          486199 1c00909e 00008067 jalr             x0, x1, 0            x1:1c0093e8
27375054ns          486203 1c0093e8 2dc15583 lhu              x11, 732(x2)        x11=0000fd60  x2:100014d8  PA:100017b4
27375074ns          486204 1c0093ec 2de15783 lhu              x15, 734(x2)        x15=0000feb6  x2:100014d8  PA:100017b6
27375094ns          486205 1c0093f0 40b90933 sub              x18, x18, x11       x18=fffeffe3 x18:fffffd43 x11:0000fd60
27375114ns          486206 1c0093f4 40f484b3 sub              x9, x9, x15          x9=ffff00c0  x9:ffffff76 x15:0000feb6
27375133ns          486207 1c0093f6 100945b3 p.exths          x11, x18, x0        x11=ffffffe3 x18:fffeffe3
27375153ns          486208 1c0093fa 1004c7b3 p.exths          x15, x9, x0         x15=000000c0  x9:ffff00c0
27375173ns          486209 1c0093fe 034586b3 mul              x13, x11, x20       x13=00004df0 x11:ffffffe3 x20:fffffd50
27375193ns          486210 1c009402 03378533 mul              x10, x15, x19       x10=ffff2f80 x15:000000c0 x19:fffffeea
27375213ns          486211 1c009406 034a0633 mul              x12, x20, x20       x12=00073900 x20:fffffd50 x20:fffffd50
27375233ns          486212 1c00940a 03398733 mul              x14, x19, x19       x14=00012de4 x19:fffffeea x19:fffffeea
27375253ns          486213 1c00940e 034787b3 mul              x15, x15, x20       x15=fffdfc00 x15:000000c0 x20:fffffd50
27375273ns          486214 1c009412 033585b3 mul              x11, x11, x19       x11=00001f7e x11:ffffffe3 x19:fffffeea
27375293ns          486215 1c009416 40a75713 srai             x14, x14, 0x40a     x14=0000004b x14:00012de4
27375312ns          486216 1c009418 40a5d593 srai             x11, x11, 0x40a     x11=00000007 x11:00001f7e
27375332ns          486217 1c00941a 40a65613 srai             x12, x12, 0x40a     x12=000001ce x12:00073900
27375352ns          486218 1c00941c 40a7d793 srai             x15, x15, 0x40a     x15=ffffff7f x15:fffdfc00
27375372ns          486219 1c00941e 1c0034b7 lui              x9, 0x1c003000       x9=1c003000
27375392ns          486220 1c009422 00e60633 add              x12, x12, x14       x12=00000219 x12:000001ce x14:0000004b
27375412ns          486221 1c009424 40b787b3 sub              x15, x15, x11       x15=ffffff78 x15:ffffff7f x11:00000007
27375432ns          486222 1c009426 eb048493 addi             x9, x9, -336         x9=1c002eb0  x9:1c003000
27375452ns          486223 1c00942a 1c0032b7 lui              x5, 0x1c003000       x5=1c003000
27375472ns          486224 1c00942e 1c0035b7 lui              x11, 0x1c003000     x11=1c003000
27375491ns          486225 1c009432 018483b3 add              x7, x9, x24          x7=1c002eb4  x9:1c002eb0 x24:00000004
27375511ns          486226 1c009436 02812e83 lw               x29, 40(x2)         x29=1c002ec4  x2:100014d8  PA:10001500
27375531ns          486227 1c009438 10065633 p.exthz          x12, x12, x0        x12=00000219 x12:00000219
27375551ns          486228 1c00943c e8028293 addi             x5, x5, -384         x5=1c002e80  x5:1c003000
27375571ns          486229 1c009440 ea058593 addi             x11, x11, -352      x11=1c002ea0 x11:1c003000
27375611ns          486231 1c009444 03812483 lw               x9, 56(x2)           x9=1c002ee4  x2:100014d8  PA:10001510
27375631ns          486232 1c009446 10064733 p.exths          x14, x12, x0        x14=00000219 x12:00000219
27375651ns          486233 1c00944a 018280b3 add              x1, x5, x24          x1=1c002e84  x5:1c002e80 x24:00000004
27375670ns          486234 1c00944e 03012f03 lw               x30, 48(x2)         x30=1c002ed4  x2:100014d8  PA:10001508
27375710ns          486236 1c009450 018582b3 add              x5, x11, x24         x5=1c002ea4 x11:1c002ea0 x24:00000004
27375750ns          486238 1c009454 04012583 lw               x11, 64(x2)         x11=1c002ef4  x2:100014d8  PA:10001518
27375770ns          486239 1c009456 000edd83 lhu              x27, 0(x29)         x27=00001965 x29:1c002ec4  PA:1c002ec4
27376068ns          486254 1c00945a 0004d483 lhu              x9, 0(x9)            x9=000001ac  x9:1c002ee4  PA:1c002ee4
27376426ns          486272 1c00945e 02e70333 mul              x6, x14, x14         x6=00046671 x14:00000219 x14:00000219
27376446ns          486273 1c009462 40a55513 srai             x10, x10, 0x40a     x10=ffffffcb x10:ffff2f80
27376466ns          486274 1c009464 04812e83 lw               x29, 72(x2)         x29=1c002f04  x2:100014d8  PA:10001520
27376486ns          486275 1c009466 40a6d693 srai             x13, x13, 0x40a     x13=00000013 x13:00004df0
27376506ns          486276 1c009468 000f5d03 lhu              x26, 0(x30)         x26=00000595 x30:1c002ed4  PA:1c002ed4
27376824ns          486292 1c00946c 0005d583 lhu              x11, 0(x11)         x11=0000009c x11:1c002ef4  PA:1c002ef4
27377162ns          486309 1c009470 40a35313 srai             x6, x6, 0x40a        x6=00000119  x6:00046671
27377182ns          486310 1c009474 00a686b3 add              x13, x13, x10       x13=ffffffde x13:00000013 x10:ffffffcb
27377202ns          486311 1c009476 05012f03 lw               x30, 80(x2)         x30=1c002e74  x2:100014d8  PA:10001528
27377222ns          486312 1c009478 10034e33 p.exths          x28, x6, x0         x28=00000119  x6:00000119
27377242ns          486313 1c00947c 06911023 sh               x9, 96(x2)           x9:000001ac  x2:100014d8  PA:10001538
27377261ns          486314 1c009480 000ede83 lhu              x29, 0(x29)         x29=00000041 x29:1c002f04  PA:1c002f04
27377600ns          486331 1c009484 05812483 lw               x9, 88(x2)           x9=1c002e64  x2:100014d8  PA:10001530
27377619ns          486332 1c009486 1006d6b3 p.exthz          x13, x13, x0        x13=0000ffde x13:ffffffde
27377639ns          486333 1c00948a 02ee08b3 mul              x17, x28, x14       x17=00024d71 x28:00000119 x14:00000219
27377659ns          486334 1c00948e 1006c833 p.exths          x16, x13, x0        x16=ffffffde x13:0000ffde
27377679ns          486335 1c009492 06b11823 sh               x11, 112(x2)        x11:0000009c  x2:100014d8  PA:10001548
27377699ns          486336 1c009496 000f5f03 lhu              x30, 0(x30)         x30=0000febd x30:1c002e74  PA:1c002e74
27377997ns          486351 1c00949a 0a012583 lw               x11, 160(x2)        x11=1c002e94  x2:100014d8  PA:10001578
27378017ns          486352 1c00949c 1007d7b3 p.exthz          x15, x15, x0        x15=0000ff78 x15:ffffff78
27378037ns          486353 1c0094a0 0004da03 lhu              x20, 0(x9)          x20=0000fa5f  x9:1c002e64  PA:1c002e64
27378375ns          486370 1c0094a4 1007c533 p.exths          x10, x15, x0        x10=ffffff78 x15:0000ff78
27378395ns          486371 1c0094a8 09d11023 sh               x29, 128(x2)        x29:00000041  x2:100014d8  PA:10001558
27378415ns          486372 1c0094ac 0003d483 lhu              x9, 0(x7)            x9=0000ffcd  x7:1c002eb4  PA:1c002eb4
27378733ns          486388 1c0094b0 02e80eb3 mul              x29, x16, x14       x29=ffffb8ae x16:ffffffde x14:00000219
27378753ns          486389 1c0094b4 40a8d893 srai             x17, x17, 0x40a     x17=00000093 x17:00024d71
27378773ns          486390 1c0094b8 03c80833 mul              x16, x16, x28       x16=ffffdaae x16:ffffffde x28:00000119
27378793ns          486391 1c0094bc 09e11823 sh               x30, 144(x2)        x30:0000febd  x2:100014d8  PA:10001568
27378813ns          486392 1c0094c0 0005d983 lhu              x19, 0(x11)         x19=0000ff92 x11:1c002e94  PA:1c002e94
27379111ns          486407 1c0094c4 81c88f5b p.muls           x30, x17, x28       x30=0000a15b x17:00000093 x28:00000119
27379131ns          486408 1c0094c8 0002d583 lhu              x11, 0(x5)          x11=0000ff77  x5:1c002ea4  PA:1c002ea4
27379489ns          486426 1c0094cc 03ce0fb3 mul              x31, x28, x28       x31=00013471 x28:00000119 x28:00000119
27379509ns          486427 1c0094d0 02e50733 mul              x14, x10, x14       x14=fffee2b8 x10:ffffff78 x14:00000219
27379529ns          486428 1c0094d4 40a85813 srai             x16, x16, 0x40a     x16=fffffff6 x16:ffffdaae
27379549ns          486429 1c0094d8 03c50533 mul              x10, x10, x28       x10=ffff6ab8 x10:ffffff78 x28:00000119
27379568ns          486430 1c0094dc 07015e03 lhu              x28, 112(x2)        x28=0000009c  x2:100014d8  PA:10001548
27379608ns          486432 1c0094e0 01b60633 add              x12, x12, x27       x12=00001b7e x12:00000219 x27:00001965
27379628ns          486433 1c0094e2 00980833 add              x16, x16, x9        x16=0000ffc3 x16:fffffff6  x9:0000ffcd
27379648ns          486434 1c0094e4 06015d83 lhu              x27, 96(x2)         x27=000001ac  x2:100014d8  PA:10001538
27379668ns          486435 1c0094e8 02812483 lw               x9, 40(x2)           x9=1c002ec4  x2:100014d8  PA:10001500
27379688ns          486436 1c0094ea 40afdf93 srai             x31, x31, 0x40a     x31=0000004d x31:00013471
27379708ns          486437 1c0094ee 40a55513 srai             x10, x10, 0x40a     x10=ffffffda x10:ffff6ab8
27379728ns          486438 1c0094f0 01cf8fb3 add              x31, x31, x28       x31=000000e9 x31:0000004d x28:0000009c
27379747ns          486439 1c0094f2 00b50533 add              x10, x10, x11       x10=0000ff51 x10:ffffffda x11:0000ff77
27379767ns          486440 1c0094f4 09015e03 lhu              x28, 144(x2)        x28=0000febd  x2:100014d8  PA:10001568
27379787ns          486441 1c0094f8 03012583 lw               x11, 48(x2)         x11=1c002ed4  x2:100014d8  PA:10001508
27379807ns          486442 1c0094fa 00c49023 sh               x12, 0(x9)          x12:00001b7e  x9:1c002ec4  PA:1c002ec4
27380125ns          486458 1c0094fe 01b888b3 add              x17, x17, x27       x17=0000023f x17:00000093 x27:000001ac
27380145ns          486459 1c009500 01a30333 add              x6, x6, x26          x6=000006ae  x6:00000119 x26:00000595
27380165ns          486460 1c009502 08015d83 lhu              x27, 128(x2)        x27=00000041  x2:100014d8  PA:10001558
27380185ns          486461 1c009506 0000d903 lhu              x18, 0(x1)          x18=0000fe87  x1:1c002e84  PA:1c002e84
27380483ns          486476 1c00950a 01c686b3 add              x13, x13, x28       x13=0001fe9b x13:0000ffde x28:0000febd
27380503ns          486477 1c00950c 00659023 sh               x6, 0(x11)           x6:000006ae x11:1c002ed4  PA:1c002ed4
27380821ns          486493 1c009510 40af5f13 srai             x30, x30, 0x40a     x30=00000028 x30:0000a15b
27380841ns          486494 1c009514 04812e03 lw               x28, 72(x2)         x28=1c002f04  x2:100014d8  PA:10001520
27380861ns          486495 1c009516 01bf0f33 add              x30, x30, x27       x30=00000069 x30:00000028 x27:00000041
27380881ns          486496 1c009518 40aede93 srai             x29, x29, 0x40a     x29=ffffffee x29:ffffb8ae
27380901ns          486497 1c00951c 40a75713 srai             x14, x14, 0x40a     x14=ffffffb8 x14:fffee2b8
27380921ns          486498 1c00951e 03812603 lw               x12, 56(x2)         x12=1c002ee4  x2:100014d8  PA:10001510
27380941ns          486499 1c009520 04012d83 lw               x27, 64(x2)         x27=1c002ef4  x2:100014d8  PA:10001518
27380961ns          486500 1c009522 01ee1023 sh               x30, 0(x28)         x30:00000069 x28:1c002f04  PA:1c002f04
27381279ns          486516 1c009526 05812483 lw               x9, 88(x2)           x9=1c002e64  x2:100014d8  PA:10001530
27381299ns          486517 1c009528 05012f03 lw               x30, 80(x2)         x30=1c002e74  x2:100014d8  PA:10001528
27381319ns          486518 1c00952a 0a012583 lw               x11, 160(x2)        x11=1c002e94  x2:100014d8  PA:10001578
27381338ns          486519 1c00952c 014787b3 add              x15, x15, x20       x15=0001f9d7 x15:0000ff78 x20:0000fa5f
27381358ns          486520 1c00952e 013e8eb3 add              x29, x29, x19       x29=0000ff80 x29:ffffffee x19:0000ff92
27381378ns          486521 1c009530 01270733 add              x14, x14, x18       x14=0000fe3f x14:ffffffb8 x18:0000fe87
27381398ns          486522 1c009532 00f49023 sh               x15, 0(x9)          x15:0001f9d7  x9:1c002e64  PA:1c002e64
27381716ns          486538 1c009536 01161023 sh               x17, 0(x12)         x17:0000023f x12:1c002ee4  PA:1c002ee4
27382035ns          486554 1c00953a 01fd9023 sh               x31, 0(x27)         x31:000000e9 x27:1c002ef4  PA:1c002ef4
27382412ns          486573 1c00953e 00df1023 sh               x13, 0(x30)         x13:0001fe9b x30:1c002e74  PA:1c002e74
27382731ns          486589 1c009542 01d59023 sh               x29, 0(x11)         x29:0000ff80 x11:1c002e94  PA:1c002e94
27383049ns          486605 1c009546 00e09023 sh               x14, 0(x1)          x14:0000fe3f  x1:1c002e84  PA:1c002e84
27383387ns          486622 1c00954a 01039023 sh               x16, 0(x7)          x16:0000ffc3  x7:1c002eb4  PA:1c002eb4
27383725ns          486639 1c00954e 00a29023 sh               x10, 0(x5)          x10:0000ff51  x5:1c002ea4  PA:1c002ea4
27384063ns          486656 1c009552 008b0b13 addi             x22, x22, 8         x22=000001ca x22:000001c2
27384083ns          486657 1c009554 1f300793 addi             x15, x0, 499        x15=000001f3
27384103ns          486658 1c009558 e767dae3 bge              x15, x22, -396      x15:000001f3 x22:000001ca
27384163ns          486661 1c0093cc 010c9a0b p.lh             x20, 16(x25!)       x20=ffffff08 x25=1c002a2c x25:1c002a1c  PA:1c002a1c
27384521ns          486679 1c0093d0 0104198b p.lh             x19, 16(x8!)        x19=ffffffa9  x8=1c0021f4  x8:1c0021e4  PA:1c0021e4
27384839ns          486695 1c0093d4 2cc10513 addi             x10, x2, 716        x10=100017a4  x2:100014d8
27384859ns          486696 1c0093d6 010a990b p.lh             x18, 16(x21!)       x18=ffffff08 x21=1c001a20 x21:1c001a10  PA:1c001a10
27385256ns          486716 1c0093da 010b948b p.lh             x9, 16(x23!)         x9=ffffffac x23=1c001250 x23:1c001240  PA:1c001240
27385575ns          486732 1c0093de 2d411623 sh               x20, 716(x2)        x20:ffffff08  x2:100014d8  PA:100017a4
27385595ns          486733 1c0093e2 2d311723 sh               x19, 718(x2)        x19:ffffffa9  x2:100014d8  PA:100017a6
27385614ns          486734 1c0093e6 c33ff0ef jal              x1, -974             x1=1c0093e8
27385694ns          486738 1c009018 00051803 lh               x16, 0(x10)         x16=ffffff08 x10:100017a4  PA:100017a4
27385734ns          486740 1c00901c 00251883 lh               x17, 2(x10)         x17=ffffffa9 x10:100017a4  PA:100017a6
27385754ns          486741 1c009020 030806b3 mul              x13, x16, x16       x13=0000f040 x16:ffffff08 x16:ffffff08
27385774ns          486742 1c009024 03188633 mul              x12, x17, x17       x12=00001d91 x17:ffffffa9 x17:ffffffa9
27385793ns          486743 1c009028 40a65613 srai             x12, x12, 0x40a     x12=00000007 x12:00001d91
27385813ns          486744 1c00902a 40a6d693 srai             x13, x13, 0x40a     x13=0000003c x13:0000f040
27385833ns          486745 1c00902c 00c686b3 add              x13, x13, x12       x13=00000043 x13:0000003c x12:00000007
27385853ns          486746 1c00902e 1006c633 p.exths          x12, x13, x0        x12=00000043 x13:00000043
27385873ns          486747 1c009032 00855703 lhu              x14, 8(x10)         x14=0000ffd1 x10:100017a4  PA:100017ac
27385893ns          486748 1c009036 00a55683 lhu              x13, 10(x10)        x13=0000ff6a x10:100017a4  PA:100017ae
27385913ns          486749 1c00903a 02c60333 mul              x6, x12, x12         x6=00001189 x12:00000043 x12:00000043
27385933ns          486750 1c00903e 00c55783 lhu              x15, 12(x10)        x15=0000ffe5 x10:100017a4  PA:100017b0
27385953ns          486751 1c009042 00e55583 lhu              x11, 14(x10)        x11=00000060 x10:100017a4  PA:100017b2
27385972ns          486752 1c009046 dea30333 p.extract        x6, x6, 15, 10       x6=00000004  x6:00001189
27385992ns          486753 1c00904a 80c7075b p.muls           x14, x14, x12       x14=fffff3b3 x14:0000ffd1 x12:00000043
27386032ns          486755 1c00904e 80c686db p.muls           x13, x13, x12       x13=ffffd8be x13:0000ff6a x12:00000043
27386072ns          486757 1c009052 00455e83 lhu              x29, 4(x10)         x29=00000427 x10:100017a4  PA:100017a8
27386092ns          486758 1c009056 00655e03 lhu              x28, 6(x10)         x28=0000007f x10:100017a4  PA:100017aa
27386112ns          486759 1c00905a 40a75713 srai             x14, x14, 0x40a     x14=fffffffc x14:fffff3b3
27386132ns          486760 1c00905c 806787db p.muls           x15, x15, x6        x15=ffffff94 x15:0000ffe5  x6:00000004
27386171ns          486762 1c009060 40a6d693 srai             x13, x13, 0x40a     x13=fffffff6 x13:ffffd8be
27386211ns          486764 1c009062 8065865b p.muls           x12, x11, x6        x12=00000180 x11:00000060  x6:00000004
27386231ns          486765 1c009066 40a7d793 srai             x15, x15, 0x40a     x15=ffffffff x15:ffffff94
27386251ns          486766 1c009068 40a65613 srai             x12, x12, 0x40a     x12=00000000 x12:00000180
27386271ns          486767 1c00906a 01d70733 add              x14, x14, x29       x14=00000423 x14:fffffffc x29:00000427
27386291ns          486768 1c00906c 01c686b3 add              x13, x13, x28       x13=00000075 x13:fffffff6 x28:0000007f
27386310ns          486769 1c00906e 00c686b3 add              x13, x13, x12       x13=00000075 x13:00000075 x12:00000000
27386330ns          486770 1c009070 00f70733 add              x14, x14, x15       x14=00000422 x14:00000423 x15:ffffffff
27386350ns          486771 1c009072 100747b3 p.exths          x15, x14, x0        x15=00000422 x14:00000422
27386370ns          486772 1c009076 1006c733 p.exths          x14, x13, x0        x14=00000075 x13:00000075
27386390ns          486773 1c00907a 03170633 mul              x12, x14, x17       x12=ffffd83d x14:00000075 x17:ffffffa9
27386410ns          486774 1c00907e 030786b3 mul              x13, x15, x16       x13=fffbff10 x15:00000422 x16:ffffff08
27386430ns          486775 1c009082 03070733 mul              x14, x14, x16       x14=ffff8ea8 x14:00000075 x16:ffffff08
27386450ns          486776 1c009086 031787b3 mul              x15, x15, x17       x15=fffe9872 x15:00000422 x17:ffffffa9
27386470ns          486777 1c00908a 40a6d693 srai             x13, x13, 0x40a     x13=fffffeff x13:fffbff10
27386489ns          486778 1c00908c 40a65613 srai             x12, x12, 0x40a     x12=fffffff6 x12:ffffd83d
27386509ns          486779 1c00908e 40a7d793 srai             x15, x15, 0x40a     x15=ffffffa6 x15:fffe9872
27386529ns          486780 1c009090 40a75713 srai             x14, x14, 0x40a     x14=ffffffe3 x14:ffff8ea8
27386549ns          486781 1c009092 40c686b3 sub              x13, x13, x12       x13=ffffff09 x13:fffffeff x12:fffffff6
27386569ns          486782 1c009094 00e787b3 add              x15, x15, x14       x15=ffffff89 x15:ffffffa6 x14:ffffffe3
27386589ns          486783 1c009096 00d51823 sh               x13, 16(x10)        x13:ffffff09 x10:100017a4  PA:100017b4
27386609ns          486784 1c00909a 00f51923 sh               x15, 18(x10)        x15:ffffff89 x10:100017a4  PA:100017b6
27386629ns          486785 1c00909e 00008067 jalr             x0, x1, 0            x1:1c0093e8
27386668ns          486787 1c0093e8 2dc15583 lhu              x11, 732(x2)        x11=0000ff09  x2:100014d8  PA:100017b4
27386688ns          486788 1c0093ec 2de15783 lhu              x15, 734(x2)        x15=0000ff89  x2:100014d8  PA:100017b6
27386728ns          486790 1c0093f0 40b90933 sub              x18, x18, x11       x18=fffeffff x18:ffffff08 x11:0000ff09
27386748ns          486791 1c0093f4 40f484b3 sub              x9, x9, x15          x9=ffff0023  x9:ffffffac x15:0000ff89
27386768ns          486792 1c0093f6 100945b3 p.exths          x11, x18, x0        x11=ffffffff x18:fffeffff
27386788ns          486793 1c0093fa 1004c7b3 p.exths          x15, x9, x0         x15=00000023  x9:ffff0023
27386808ns          486794 1c0093fe 034586b3 mul              x13, x11, x20       x13=000000f8 x11:ffffffff x20:ffffff08
27386828ns          486795 1c009402 03378533 mul              x10, x15, x19       x10=fffff41b x15:00000023 x19:ffffffa9
27386847ns          486796 1c009406 034a0633 mul              x12, x20, x20       x12=0000f040 x20:ffffff08 x20:ffffff08
27386867ns          486797 1c00940a 03398733 mul              x14, x19, x19       x14=00001d91 x19:ffffffa9 x19:ffffffa9
27386887ns          486798 1c00940e 034787b3 mul              x15, x15, x20       x15=ffffde18 x15:00000023 x20:ffffff08
27386907ns          486799 1c009412 033585b3 mul              x11, x11, x19       x11=00000057 x11:ffffffff x19:ffffffa9
27386927ns          486800 1c009416 40a75713 srai             x14, x14, 0x40a     x14=00000007 x14:00001d91
27386947ns          486801 1c009418 40a5d593 srai             x11, x11, 0x40a     x11=00000000 x11:00000057
27386967ns          486802 1c00941a 40a65613 srai             x12, x12, 0x40a     x12=0000003c x12:0000f040
27386987ns          486803 1c00941c 40a7d793 srai             x15, x15, 0x40a     x15=fffffff7 x15:ffffde18
27387007ns          486804 1c00941e 1c0034b7 lui              x9, 0x1c003000       x9=1c003000
27387026ns          486805 1c009422 00e60633 add              x12, x12, x14       x12=00000043 x12:0000003c x14:00000007
27387046ns          486806 1c009424 40b787b3 sub              x15, x15, x11       x15=fffffff7 x15:fffffff7 x11:00000000
27387066ns          486807 1c009426 eb048493 addi             x9, x9, -336         x9=1c002eb0  x9:1c003000
27387086ns          486808 1c00942a 1c0032b7 lui              x5, 0x1c003000       x5=1c003000
27387106ns          486809 1c00942e 1c0035b7 lui              x11, 0x1c003000     x11=1c003000
27387126ns          486810 1c009432 018483b3 add              x7, x9, x24          x7=1c002eb4  x9:1c002eb0 x24:00000004
27387146ns          486811 1c009436 02812e83 lw               x29, 40(x2)         x29=1c002ec4  x2:100014d8  PA:10001500
27387166ns          486812 1c009438 10065633 p.exthz          x12, x12, x0        x12=00000043 x12:00000043
27387186ns          486813 1c00943c e8028293 addi             x5, x5, -384         x5=1c002e80  x5:1c003000
27387205ns          486814 1c009440 ea058593 addi             x11, x11, -352      x11=1c002ea0 x11:1c003000
27387225ns          486815 1c009444 03812483 lw               x9, 56(x2)           x9=1c002ee4  x2:100014d8  PA:10001510
27387245ns          486816 1c009446 10064733 p.exths          x14, x12, x0        x14=00000043 x12:00000043
27387265ns          486817 1c00944a 018280b3 add              x1, x5, x24          x1=1c002e84  x5:1c002e80 x24:00000004
27387285ns          486818 1c00944e 03012f03 lw               x30, 48(x2)         x30=1c002ed4  x2:100014d8  PA:10001508
27387305ns          486819 1c009450 018582b3 add              x5, x11, x24         x5=1c002ea4 x11:1c002ea0 x24:00000004
27387325ns          486820 1c009454 04012583 lw               x11, 64(x2)         x11=1c002ef4  x2:100014d8  PA:10001518
27387345ns          486821 1c009456 000edd83 lhu              x27, 0(x29)         x27=00001b7e x29:1c002ec4  PA:1c002ec4
27387683ns          486838 1c00945a 0004d483 lhu              x9, 0(x9)            x9=0000023f  x9:1c002ee4  PA:1c002ee4
27388021ns          486855 1c00945e 02e70333 mul              x6, x14, x14         x6=00001189 x14:00000043 x14:00000043
27388041ns          486856 1c009462 40a55513 srai             x10, x10, 0x40a     x10=fffffffd x10:fffff41b
27388061ns          486857 1c009464 04812e83 lw               x29, 72(x2)         x29=1c002f04  x2:100014d8  PA:10001520
27388081ns          486858 1c009466 40a6d693 srai             x13, x13, 0x40a     x13=00000000 x13:000000f8
27388100ns          486859 1c009468 000f5d03 lhu              x26, 0(x30)         x26=000006ae x30:1c002ed4  PA:1c002ed4
27388419ns          486875 1c00946c 0005d583 lhu              x11, 0(x11)         x11=000000e9 x11:1c002ef4  PA:1c002ef4
27388737ns          486891 1c009470 40a35313 srai             x6, x6, 0x40a        x6=00000004  x6:00001189
27388757ns          486892 1c009474 00a686b3 add              x13, x13, x10       x13=fffffffd x13:00000000 x10:fffffffd
27388777ns          486893 1c009476 05012f03 lw               x30, 80(x2)         x30=1c002e74  x2:100014d8  PA:10001528
27388796ns          486894 1c009478 10034e33 p.exths          x28, x6, x0         x28=00000004  x6:00000004
27388816ns          486895 1c00947c 06911023 sh               x9, 96(x2)           x9:0000023f  x2:100014d8  PA:10001538
27388836ns          486896 1c009480 000ede83 lhu              x29, 0(x29)         x29=00000069 x29:1c002f04  PA:1c002f04
27389135ns          486911 1c009484 05812483 lw               x9, 88(x2)           x9=1c002e64  x2:100014d8  PA:10001530
27389154ns          486912 1c009486 1006d6b3 p.exthz          x13, x13, x0        x13=0000fffd x13:fffffffd
27389174ns          486913 1c00948a 02ee08b3 mul              x17, x28, x14       x17=0000010c x28:00000004 x14:00000043
27389194ns          486914 1c00948e 1006c833 p.exths          x16, x13, x0        x16=fffffffd x13:0000fffd
27389214ns          486915 1c009492 06b11823 sh               x11, 112(x2)        x11:000000e9  x2:100014d8  PA:10001548
27389234ns          486916 1c009496 000f5f03 lhu              x30, 0(x30)         x30=0000fe9b x30:1c002e74  PA:1c002e74
27389572ns          486933 1c00949a 0a012583 lw               x11, 160(x2)        x11=1c002e94  x2:100014d8  PA:10001578
27389592ns          486934 1c00949c 1007d7b3 p.exthz          x15, x15, x0        x15=0000fff7 x15:fffffff7
27389612ns          486935 1c0094a0 0004da03 lhu              x20, 0(x9)          x20=0000f9d7  x9:1c002e64  PA:1c002e64
27389930ns          486951 1c0094a4 1007c533 p.exths          x10, x15, x0        x10=fffffff7 x15:0000fff7
27389950ns          486952 1c0094a8 09d11023 sh               x29, 128(x2)        x29:00000069  x2:100014d8  PA:10001558
27389970ns          486953 1c0094ac 0003d483 lhu              x9, 0(x7)            x9=0000ffc3  x7:1c002eb4  PA:1c002eb4
27390288ns          486969 1c0094b0 02e80eb3 mul              x29, x16, x14       x29=ffffff37 x16:fffffffd x14:00000043
27390308ns          486970 1c0094b4 40a8d893 srai             x17, x17, 0x40a     x17=00000000 x17:0000010c
27390328ns          486971 1c0094b8 03c80833 mul              x16, x16, x28       x16=fffffff4 x16:fffffffd x28:00000004
27390348ns          486972 1c0094bc 09e11823 sh               x30, 144(x2)        x30:0000fe9b  x2:100014d8  PA:10001568
27390368ns          486973 1c0094c0 0005d983 lhu              x19, 0(x11)         x19=0000ff80 x11:1c002e94  PA:1c002e94
27390706ns          486990 1c0094c4 81c88f5b p.muls           x30, x17, x28       x30=00000000 x17:00000000 x28:00000004
27390726ns          486991 1c0094c8 0002d583 lhu              x11, 0(x5)          x11=0000ff51  x5:1c002ea4  PA:1c002ea4
27391024ns          487006 1c0094cc 03ce0fb3 mul              x31, x28, x28       x31=00000010 x28:00000004 x28:00000004
27391044ns          487007 1c0094d0 02e50733 mul              x14, x10, x14       x14=fffffda5 x10:fffffff7 x14:00000043
27391064ns          487008 1c0094d4 40a85813 srai             x16, x16, 0x40a     x16=ffffffff x16:fffffff4
27391084ns          487009 1c0094d8 03c50533 mul              x10, x10, x28       x10=ffffffdc x10:fffffff7 x28:00000004
27391104ns          487010 1c0094dc 07015e03 lhu              x28, 112(x2)        x28=000000e9  x2:100014d8  PA:10001548
27391123ns          487011 1c0094e0 01b60633 add              x12, x12, x27       x12=00001bc1 x12:00000043 x27:00001b7e
27391143ns          487012 1c0094e2 00980833 add              x16, x16, x9        x16=0000ffc2 x16:ffffffff  x9:0000ffc3
27391163ns          487013 1c0094e4 06015d83 lhu              x27, 96(x2)         x27=0000023f  x2:100014d8  PA:10001538
27391183ns          487014 1c0094e8 02812483 lw               x9, 40(x2)           x9=1c002ec4  x2:100014d8  PA:10001500
27391203ns          487015 1c0094ea 40afdf93 srai             x31, x31, 0x40a     x31=00000000 x31:00000010
27391223ns          487016 1c0094ee 40a55513 srai             x10, x10, 0x40a     x10=ffffffff x10:ffffffdc
27391243ns          487017 1c0094f0 01cf8fb3 add              x31, x31, x28       x31=000000e9 x31:00000000 x28:000000e9
27391263ns          487018 1c0094f2 00b50533 add              x10, x10, x11       x10=0000ff50 x10:ffffffff x11:0000ff51
27391282ns          487019 1c0094f4 09015e03 lhu              x28, 144(x2)        x28=0000fe9b  x2:100014d8  PA:10001568
27391302ns          487020 1c0094f8 03012583 lw               x11, 48(x2)         x11=1c002ed4  x2:100014d8  PA:10001508
27391342ns          487022 1c0094fa 00c49023 sh               x12, 0(x9)          x12:00001bc1  x9:1c002ec4  PA:1c002ec4
27391680ns          487039 1c0094fe 01b888b3 add              x17, x17, x27       x17=0000023f x17:00000000 x27:0000023f
27391700ns          487040 1c009500 01a30333 add              x6, x6, x26          x6=000006b2  x6:00000004 x26:000006ae
27391720ns          487041 1c009502 08015d83 lhu              x27, 128(x2)        x27=00000069  x2:100014d8  PA:10001558
27391740ns          487042 1c009506 0000d903 lhu              x18, 0(x1)          x18=0000fe3f  x1:1c002e84  PA:1c002e84
27392078ns          487059 1c00950a 01c686b3 add              x13, x13, x28       x13=0001fe98 x13:0000fffd x28:0000fe9b
27392098ns          487060 1c00950c 00659023 sh               x6, 0(x11)           x6:000006b2 x11:1c002ed4  PA:1c002ed4
27392416ns          487076 1c009510 40af5f13 srai             x30, x30, 0x40a     x30=00000000 x30:00000000
27392436ns          487077 1c009514 04812e03 lw               x28, 72(x2)         x28=1c002f04  x2:100014d8  PA:10001520
27392456ns          487078 1c009516 01bf0f33 add              x30, x30, x27       x30=00000069 x30:00000000 x27:00000069
27392476ns          487079 1c009518 40aede93 srai             x29, x29, 0x40a     x29=ffffffff x29:ffffff37
27392496ns          487080 1c00951c 40a75713 srai             x14, x14, 0x40a     x14=ffffffff x14:fffffda5
27392516ns          487081 1c00951e 03812603 lw               x12, 56(x2)         x12=1c002ee4  x2:100014d8  PA:10001510
27392535ns          487082 1c009520 04012d83 lw               x27, 64(x2)         x27=1c002ef4  x2:100014d8  PA:10001518
27392555ns          487083 1c009522 01ee1023 sh               x30, 0(x28)         x30:00000069 x28:1c002f04  PA:1c002f04
27392893ns          487100 1c009526 05812483 lw               x9, 88(x2)           x9=1c002e64  x2:100014d8  PA:10001530
27392913ns          487101 1c009528 05012f03 lw               x30, 80(x2)         x30=1c002e74  x2:100014d8  PA:10001528
27392933ns          487102 1c00952a 0a012583 lw               x11, 160(x2)        x11=1c002e94  x2:100014d8  PA:10001578
27392953ns          487103 1c00952c 014787b3 add              x15, x15, x20       x15=0001f9ce x15:0000fff7 x20:0000f9d7
27392973ns          487104 1c00952e 013e8eb3 add              x29, x29, x19       x29=0000ff7f x29:ffffffff x19:0000ff80
27392993ns          487105 1c009530 01270733 add              x14, x14, x18       x14=0000fe3e x14:ffffffff x18:0000fe3f
27393013ns          487106 1c009532 00f49023 sh               x15, 0(x9)          x15:0001f9ce  x9:1c002e64  PA:1c002e64
27393351ns          487123 1c009536 01161023 sh               x17, 0(x12)         x17:0000023f x12:1c002ee4  PA:1c002ee4
27393669ns          487139 1c00953a 01fd9023 sh               x31, 0(x27)         x31:000000e9 x27:1c002ef4  PA:1c002ef4
27393987ns          487155 1c00953e 00df1023 sh               x13, 0(x30)         x13:0001fe98 x30:1c002e74  PA:1c002e74
27394325ns          487172 1c009542 01d59023 sh               x29, 0(x11)         x29:0000ff7f x11:1c002e94  PA:1c002e94
27394703ns          487191 1c009546 00e09023 sh               x14, 0(x1)          x14:0000fe3e  x1:1c002e84  PA:1c002e84
27395021ns          487207 1c00954a 01039023 sh               x16, 0(x7)          x16:0000ffc2  x7:1c002eb4  PA:1c002eb4
27395340ns          487223 1c00954e 00a29023 sh               x10, 0(x5)          x10:0000ff50  x5:1c002ea4  PA:1c002ea4
27395658ns          487239 1c009552 008b0b13 addi             x22, x22, 8         x22=000001d2 x22:000001ca
27395678ns          487240 1c009554 1f300793 addi             x15, x0, 499        x15=000001f3
27395698ns          487241 1c009558 e767dae3 bge              x15, x22, -396      x15:000001f3 x22:000001d2
27395837ns          487248 1c0093cc 010c9a0b p.lh             x20, 16(x25!)       x20=0000002c x25=1c002a3c x25:1c002a2c  PA:1c002a2c
27396175ns          487265 1c0093d0 0104198b p.lh             x19, 16(x8!)        x19=000000e1  x8=1c002204  x8:1c0021f4  PA:1c0021f4
27396473ns          487280 1c0093d4 2cc10513 addi             x10, x2, 716        x10=100017a4  x2:100014d8
27396493ns          487281 1c0093d6 010a990b p.lh             x18, 16(x21!)       x18=00000036 x21=1c001a30 x21:1c001a20  PA:1c001a20
27396791ns          487296 1c0093da 010b948b p.lh             x9, 16(x23!)         x9=000000e8 x23=1c001260 x23:1c001250  PA:1c001250
27397110ns          487312 1c0093de 2d411623 sh               x20, 716(x2)        x20:0000002c  x2:100014d8  PA:100017a4
27397130ns          487313 1c0093e2 2d311723 sh               x19, 718(x2)        x19:000000e1  x2:100014d8  PA:100017a6
27397149ns          487314 1c0093e6 c33ff0ef jal              x1, -974             x1=1c0093e8
27397189ns          487316 1c009018 00051803 lh               x16, 0(x10)         x16=0000002c x10:100017a4  PA:100017a4
27397209ns          487317 1c00901c 00251883 lh               x17, 2(x10)         x17=000000e1 x10:100017a4  PA:100017a6
27397229ns          487318 1c009020 030806b3 mul              x13, x16, x16       x13=00000790 x16:0000002c x16:0000002c
27397249ns          487319 1c009024 03188633 mul              x12, x17, x17       x12=0000c5c1 x17:000000e1 x17:000000e1
27397269ns          487320 1c009028 40a65613 srai             x12, x12, 0x40a     x12=00000031 x12:0000c5c1
27397289ns          487321 1c00902a 40a6d693 srai             x13, x13, 0x40a     x13=00000001 x13:00000790
27397309ns          487322 1c00902c 00c686b3 add              x13, x13, x12       x13=00000032 x13:00000001 x12:00000031
27397328ns          487323 1c00902e 1006c633 p.exths          x12, x13, x0        x12=00000032 x13:00000032
27397348ns          487324 1c009032 00855703 lhu              x14, 8(x10)         x14=0000ffd1 x10:100017a4  PA:100017ac
27397368ns          487325 1c009036 00a55683 lhu              x13, 10(x10)        x13=0000ff6a x10:100017a4  PA:100017ae
27397388ns          487326 1c00903a 02c60333 mul              x6, x12, x12         x6=000009c4 x12:00000032 x12:00000032
27397408ns          487327 1c00903e 00c55783 lhu              x15, 12(x10)        x15=0000ffe5 x10:100017a4  PA:100017b0
27397428ns          487328 1c009042 00e55583 lhu              x11, 14(x10)        x11=00000060 x10:100017a4  PA:100017b2
27397448ns          487329 1c009046 dea30333 p.extract        x6, x6, 15, 10       x6=00000002  x6:000009c4
27397468ns          487330 1c00904a 80c7075b p.muls           x14, x14, x12       x14=fffff6d2 x14:0000ffd1 x12:00000032
27397507ns          487332 1c00904e 80c686db p.muls           x13, x13, x12       x13=ffffe2b4 x13:0000ff6a x12:00000032
27397547ns          487334 1c009052 00455e83 lhu              x29, 4(x10)         x29=00000427 x10:100017a4  PA:100017a8
27397567ns          487335 1c009056 00655e03 lhu              x28, 6(x10)         x28=0000007f x10:100017a4  PA:100017aa
27397587ns          487336 1c00905a 40a75713 srai             x14, x14, 0x40a     x14=fffffffd x14:fffff6d2
27397607ns          487337 1c00905c 806787db p.muls           x15, x15, x6        x15=ffffffca x15:0000ffe5  x6:00000002
27397627ns          487338 1c009060 40a6d693 srai             x13, x13, 0x40a     x13=fffffff8 x13:ffffe2b4
27397647ns          487339 1c009062 8065865b p.muls           x12, x11, x6        x12=000000c0 x11:00000060  x6:00000002
27397667ns          487340 1c009066 40a7d793 srai             x15, x15, 0x40a     x15=ffffffff x15:ffffffca
27397686ns          487341 1c009068 40a65613 srai             x12, x12, 0x40a     x12=00000000 x12:000000c0
27397706ns          487342 1c00906a 01d70733 add              x14, x14, x29       x14=00000424 x14:fffffffd x29:00000427
27397726ns          487343 1c00906c 01c686b3 add              x13, x13, x28       x13=00000077 x13:fffffff8 x28:0000007f
27397746ns          487344 1c00906e 00c686b3 add              x13, x13, x12       x13=00000077 x13:00000077 x12:00000000
27397766ns          487345 1c009070 00f70733 add              x14, x14, x15       x14=00000423 x14:00000424 x15:ffffffff
27397786ns          487346 1c009072 100747b3 p.exths          x15, x14, x0        x15=00000423 x14:00000423
27397806ns          487347 1c009076 1006c733 p.exths          x14, x13, x0        x14=00000077 x13:00000077
27397826ns          487348 1c00907a 03170633 mul              x12, x14, x17       x12=00006897 x14:00000077 x17:000000e1
27397846ns          487349 1c00907e 030786b3 mul              x13, x15, x16       x13=0000b604 x15:00000423 x16:0000002c
27397865ns          487350 1c009082 03070733 mul              x14, x14, x16       x14=00001474 x14:00000077 x16:0000002c
27397885ns          487351 1c009086 031787b3 mul              x15, x15, x17       x15=0003a2c3 x15:00000423 x17:000000e1
27397905ns          487352 1c00908a 40a6d693 srai             x13, x13, 0x40a     x13=0000002d x13:0000b604
27397925ns          487353 1c00908c 40a65613 srai             x12, x12, 0x40a     x12=0000001a x12:00006897
27397945ns          487354 1c00908e 40a7d793 srai             x15, x15, 0x40a     x15=000000e8 x15:0003a2c3
27397965ns          487355 1c009090 40a75713 srai             x14, x14, 0x40a     x14=00000005 x14:00001474
27397985ns          487356 1c009092 40c686b3 sub              x13, x13, x12       x13=00000013 x13:0000002d x12:0000001a
27398005ns          487357 1c009094 00e787b3 add              x15, x15, x14       x15=000000ed x15:000000e8 x14:00000005
27398025ns          487358 1c009096 00d51823 sh               x13, 16(x10)        x13:00000013 x10:100017a4  PA:100017b4
27398044ns          487359 1c00909a 00f51923 sh               x15, 18(x10)        x15:000000ed x10:100017a4  PA:100017b6
27398064ns          487360 1c00909e 00008067 jalr             x0, x1, 0            x1:1c0093e8
27398104ns          487362 1c0093e8 2dc15583 lhu              x11, 732(x2)        x11=00000013  x2:100014d8  PA:100017b4
27398124ns          487363 1c0093ec 2de15783 lhu              x15, 734(x2)        x15=000000ed  x2:100014d8  PA:100017b6
27398144ns          487364 1c0093f0 40b90933 sub              x18, x18, x11       x18=00000023 x18:00000036 x11:00000013
27398164ns          487365 1c0093f4 40f484b3 sub              x9, x9, x15          x9=fffffffb  x9:000000e8 x15:000000ed
27398184ns          487366 1c0093f6 100945b3 p.exths          x11, x18, x0        x11=00000023 x18:00000023
27398204ns          487367 1c0093fa 1004c7b3 p.exths          x15, x9, x0         x15=fffffffb  x9:fffffffb
27398223ns          487368 1c0093fe 034586b3 mul              x13, x11, x20       x13=00000604 x11:00000023 x20:0000002c
27398243ns          487369 1c009402 03378533 mul              x10, x15, x19       x10=fffffb9b x15:fffffffb x19:000000e1
27398263ns          487370 1c009406 034a0633 mul              x12, x20, x20       x12=00000790 x20:0000002c x20:0000002c
27398283ns          487371 1c00940a 03398733 mul              x14, x19, x19       x14=0000c5c1 x19:000000e1 x19:000000e1
27398303ns          487372 1c00940e 034787b3 mul              x15, x15, x20       x15=ffffff24 x15:fffffffb x20:0000002c
27398323ns          487373 1c009412 033585b3 mul              x11, x11, x19       x11=00001ec3 x11:00000023 x19:000000e1
27398343ns          487374 1c009416 40a75713 srai             x14, x14, 0x40a     x14=00000031 x14:0000c5c1
27398363ns          487375 1c009418 40a5d593 srai             x11, x11, 0x40a     x11=00000007 x11:00001ec3
27398383ns          487376 1c00941a 40a65613 srai             x12, x12, 0x40a     x12=00000001 x12:00000790
27398402ns          487377 1c00941c 40a7d793 srai             x15, x15, 0x40a     x15=ffffffff x15:ffffff24
27398422ns          487378 1c00941e 1c0034b7 lui              x9, 0x1c003000       x9=1c003000
27398442ns          487379 1c009422 00e60633 add              x12, x12, x14       x12=00000032 x12:00000001 x14:00000031
27398462ns          487380 1c009424 40b787b3 sub              x15, x15, x11       x15=fffffff8 x15:ffffffff x11:00000007
27398482ns          487381 1c009426 eb048493 addi             x9, x9, -336         x9=1c002eb0  x9:1c003000
27398502ns          487382 1c00942a 1c0032b7 lui              x5, 0x1c003000       x5=1c003000
27398522ns          487383 1c00942e 1c0035b7 lui              x11, 0x1c003000     x11=1c003000
27398542ns          487384 1c009432 018483b3 add              x7, x9, x24          x7=1c002eb4  x9:1c002eb0 x24:00000004
27398562ns          487385 1c009436 02812e83 lw               x29, 40(x2)         x29=1c002ec4  x2:100014d8  PA:10001500
27398581ns          487386 1c009438 10065633 p.exthz          x12, x12, x0        x12=00000032 x12:00000032
27398601ns          487387 1c00943c e8028293 addi             x5, x5, -384         x5=1c002e80  x5:1c003000
27398621ns          487388 1c009440 ea058593 addi             x11, x11, -352      x11=1c002ea0 x11:1c003000
27398641ns          487389 1c009444 03812483 lw               x9, 56(x2)           x9=1c002ee4  x2:100014d8  PA:10001510
27398661ns          487390 1c009446 10064733 p.exths          x14, x12, x0        x14=00000032 x12:00000032
27398681ns          487391 1c00944a 018280b3 add              x1, x5, x24          x1=1c002e84  x5:1c002e80 x24:00000004
27398701ns          487392 1c00944e 03012f03 lw               x30, 48(x2)         x30=1c002ed4  x2:100014d8  PA:10001508
27398721ns          487393 1c009450 018582b3 add              x5, x11, x24         x5=1c002ea4 x11:1c002ea0 x24:00000004
27398740ns          487394 1c009454 04012583 lw               x11, 64(x2)         x11=1c002ef4  x2:100014d8  PA:10001518
27398760ns          487395 1c009456 000edd83 lhu              x27, 0(x29)         x27=00001bc1 x29:1c002ec4  PA:1c002ec4
27399059ns          487410 1c00945a 0004d483 lhu              x9, 0(x9)            x9=0000023f  x9:1c002ee4  PA:1c002ee4
27399357ns          487425 1c00945e 02e70333 mul              x6, x14, x14         x6=000009c4 x14:00000032 x14:00000032
27399377ns          487426 1c009462 40a55513 srai             x10, x10, 0x40a     x10=fffffffe x10:fffffb9b
27399397ns          487427 1c009464 04812e83 lw               x29, 72(x2)         x29=1c002f04  x2:100014d8  PA:10001520
27399417ns          487428 1c009466 40a6d693 srai             x13, x13, 0x40a     x13=00000001 x13:00000604
27399437ns          487429 1c009468 000f5d03 lhu              x26, 0(x30)         x26=000006b2 x30:1c002ed4  PA:1c002ed4
27399755ns          487445 1c00946c 0005d583 lhu              x11, 0(x11)         x11=000000e9 x11:1c002ef4  PA:1c002ef4
27400073ns          487461 1c009470 40a35313 srai             x6, x6, 0x40a        x6=00000002  x6:000009c4
27400093ns          487462 1c009474 00a686b3 add              x13, x13, x10       x13=ffffffff x13:00000001 x10:fffffffe
27400113ns          487463 1c009476 05012f03 lw               x30, 80(x2)         x30=1c002e74  x2:100014d8  PA:10001528
27400133ns          487464 1c009478 10034e33 p.exths          x28, x6, x0         x28=00000002  x6:00000002
27400153ns          487465 1c00947c 06911023 sh               x9, 96(x2)           x9:0000023f  x2:100014d8  PA:10001538
27400172ns          487466 1c009480 000ede83 lhu              x29, 0(x29)         x29=00000069 x29:1c002f04  PA:1c002f04
27400491ns          487482 1c009484 05812483 lw               x9, 88(x2)           x9=1c002e64  x2:100014d8  PA:10001530
27400511ns          487483 1c009486 1006d6b3 p.exthz          x13, x13, x0        x13=0000ffff x13:ffffffff
27400530ns          487484 1c00948a 02ee08b3 mul              x17, x28, x14       x17=00000064 x28:00000002 x14:00000032
27400550ns          487485 1c00948e 1006c833 p.exths          x16, x13, x0        x16=ffffffff x13:0000ffff
27400570ns          487486 1c009492 06b11823 sh               x11, 112(x2)        x11:000000e9  x2:100014d8  PA:10001548
27400590ns          487487 1c009496 000f5f03 lhu              x30, 0(x30)         x30=0000fe98 x30:1c002e74  PA:1c002e74
27400908ns          487503 1c00949a 0a012583 lw               x11, 160(x2)        x11=1c002e94  x2:100014d8  PA:10001578
27400928ns          487504 1c00949c 1007d7b3 p.exthz          x15, x15, x0        x15=0000fff8 x15:fffffff8
27400948ns          487505 1c0094a0 0004da03 lhu              x20, 0(x9)          x20=0000f9ce  x9:1c002e64  PA:1c002e64
27401266ns          487521 1c0094a4 1007c533 p.exths          x10, x15, x0        x10=fffffff8 x15:0000fff8
27401286ns          487522 1c0094a8 09d11023 sh               x29, 128(x2)        x29:00000069  x2:100014d8  PA:10001558
27401306ns          487523 1c0094ac 0003d483 lhu              x9, 0(x7)            x9=0000ffc2  x7:1c002eb4  PA:1c002eb4
27401644ns          487540 1c0094b0 02e80eb3 mul              x29, x16, x14       x29=ffffffce x16:ffffffff x14:00000032
27401664ns          487541 1c0094b4 40a8d893 srai             x17, x17, 0x40a     x17=00000000 x17:00000064
27401684ns          487542 1c0094b8 03c80833 mul              x16, x16, x28       x16=fffffffe x16:ffffffff x28:00000002
27401704ns          487543 1c0094bc 09e11823 sh               x30, 144(x2)        x30:0000fe98  x2:100014d8  PA:10001568
27401724ns          487544 1c0094c0 0005d983 lhu              x19, 0(x11)         x19=0000ff7f x11:1c002e94  PA:1c002e94
27402022ns          487559 1c0094c4 81c88f5b p.muls           x30, x17, x28       x30=00000000 x17:00000000 x28:00000002
27402042ns          487560 1c0094c8 0002d583 lhu              x11, 0(x5)          x11=0000ff50  x5:1c002ea4  PA:1c002ea4
27402340ns          487575 1c0094cc 03ce0fb3 mul              x31, x28, x28       x31=00000004 x28:00000002 x28:00000002
27402360ns          487576 1c0094d0 02e50733 mul              x14, x10, x14       x14=fffffe70 x10:fffffff8 x14:00000032
27402380ns          487577 1c0094d4 40a85813 srai             x16, x16, 0x40a     x16=ffffffff x16:fffffffe
27402400ns          487578 1c0094d8 03c50533 mul              x10, x10, x28       x10=fffffff0 x10:fffffff8 x28:00000002
27402420ns          487579 1c0094dc 07015e03 lhu              x28, 112(x2)        x28=000000e9  x2:100014d8  PA:10001548
27402460ns          487581 1c0094e0 01b60633 add              x12, x12, x27       x12=00001bf3 x12:00000032 x27:00001bc1
27402479ns          487582 1c0094e2 00980833 add              x16, x16, x9        x16=0000ffc1 x16:ffffffff  x9:0000ffc2
27402499ns          487583 1c0094e4 06015d83 lhu              x27, 96(x2)         x27=0000023f  x2:100014d8  PA:10001538
27402519ns          487584 1c0094e8 02812483 lw               x9, 40(x2)           x9=1c002ec4  x2:100014d8  PA:10001500
27402539ns          487585 1c0094ea 40afdf93 srai             x31, x31, 0x40a     x31=00000000 x31:00000004
27402559ns          487586 1c0094ee 40a55513 srai             x10, x10, 0x40a     x10=ffffffff x10:fffffff0
27402579ns          487587 1c0094f0 01cf8fb3 add              x31, x31, x28       x31=000000e9 x31:00000000 x28:000000e9
27402599ns          487588 1c0094f2 00b50533 add              x10, x10, x11       x10=0000ff4f x10:ffffffff x11:0000ff50
27402619ns          487589 1c0094f4 09015e03 lhu              x28, 144(x2)        x28=0000fe98  x2:100014d8  PA:10001568
27402639ns          487590 1c0094f8 03012583 lw               x11, 48(x2)         x11=1c002ed4  x2:100014d8  PA:10001508
27402658ns          487591 1c0094fa 00c49023 sh               x12, 0(x9)          x12:00001bf3  x9:1c002ec4  PA:1c002ec4
27402977ns          487607 1c0094fe 01b888b3 add              x17, x17, x27       x17=0000023f x17:00000000 x27:0000023f
27402997ns          487608 1c009500 01a30333 add              x6, x6, x26          x6=000006b4  x6:00000002 x26:000006b2
27403016ns          487609 1c009502 08015d83 lhu              x27, 128(x2)        x27=00000069  x2:100014d8  PA:10001558
27403036ns          487610 1c009506 0000d903 lhu              x18, 0(x1)          x18=0000fe3e  x1:1c002e84  PA:1c002e84
27403355ns          487626 1c00950a 01c686b3 add              x13, x13, x28       x13=0001fe97 x13:0000ffff x28:0000fe98
27403374ns          487627 1c00950c 00659023 sh               x6, 0(x11)           x6:000006b4 x11:1c002ed4  PA:1c002ed4
27403732ns          487645 1c009510 40af5f13 srai             x30, x30, 0x40a     x30=00000000 x30:00000000
27403752ns          487646 1c009514 04812e03 lw               x28, 72(x2)         x28=1c002f04  x2:100014d8  PA:10001520
27403772ns          487647 1c009516 01bf0f33 add              x30, x30, x27       x30=00000069 x30:00000000 x27:00000069
27403792ns          487648 1c009518 40aede93 srai             x29, x29, 0x40a     x29=ffffffff x29:ffffffce
27403812ns          487649 1c00951c 40a75713 srai             x14, x14, 0x40a     x14=ffffffff x14:fffffe70
27403832ns          487650 1c00951e 03812603 lw               x12, 56(x2)         x12=1c002ee4  x2:100014d8  PA:10001510
27403852ns          487651 1c009520 04012d83 lw               x27, 64(x2)         x27=1c002ef4  x2:100014d8  PA:10001518
27403872ns          487652 1c009522 01ee1023 sh               x30, 0(x28)         x30:00000069 x28:1c002f04  PA:1c002f04
27404230ns          487670 1c009526 05812483 lw               x9, 88(x2)           x9=1c002e64  x2:100014d8  PA:10001530
27404249ns          487671 1c009528 05012f03 lw               x30, 80(x2)         x30=1c002e74  x2:100014d8  PA:10001528
27404269ns          487672 1c00952a 0a012583 lw               x11, 160(x2)        x11=1c002e94  x2:100014d8  PA:10001578
27404289ns          487673 1c00952c 014787b3 add              x15, x15, x20       x15=0001f9c6 x15:0000fff8 x20:0000f9ce
27404309ns          487674 1c00952e 013e8eb3 add              x29, x29, x19       x29=0000ff7e x29:ffffffff x19:0000ff7f
27404329ns          487675 1c009530 01270733 add              x14, x14, x18       x14=0000fe3d x14:ffffffff x18:0000fe3e
27404349ns          487676 1c009532 00f49023 sh               x15, 0(x9)          x15:0001f9c6  x9:1c002e64  PA:1c002e64
27404707ns          487694 1c009536 01161023 sh               x17, 0(x12)         x17:0000023f x12:1c002ee4  PA:1c002ee4
27405025ns          487710 1c00953a 01fd9023 sh               x31, 0(x27)         x31:000000e9 x27:1c002ef4  PA:1c002ef4
27405343ns          487726 1c00953e 00df1023 sh               x13, 0(x30)         x13:0001fe97 x30:1c002e74  PA:1c002e74
27405662ns          487742 1c009542 01d59023 sh               x29, 0(x11)         x29:0000ff7e x11:1c002e94  PA:1c002e94
27405980ns          487758 1c009546 00e09023 sh               x14, 0(x1)          x14:0000fe3d  x1:1c002e84  PA:1c002e84
27406298ns          487774 1c00954a 01039023 sh               x16, 0(x7)          x16:0000ffc1  x7:1c002eb4  PA:1c002eb4
27406616ns          487790 1c00954e 00a29023 sh               x10, 0(x5)          x10:0000ff4f  x5:1c002ea4  PA:1c002ea4
27406934ns          487806 1c009552 008b0b13 addi             x22, x22, 8         x22=000001da x22:000001d2
27406954ns          487807 1c009554 1f300793 addi             x15, x0, 499        x15=000001f3
27406974ns          487808 1c009558 e767dae3 bge              x15, x22, -396      x15:000001f3 x22:000001da
27407034ns          487811 1c0093cc 010c9a0b p.lh             x20, 16(x25!)       x20=fffffdc3 x25=1c002a4c x25:1c002a3c  PA:1c002a3c
27407392ns          487829 1c0093d0 0104198b p.lh             x19, 16(x8!)        x19=000000e7  x8=1c002214  x8:1c002204  PA:1c002204
27407690ns          487844 1c0093d4 2cc10513 addi             x10, x2, 716        x10=100017a4  x2:100014d8
27407710ns          487845 1c0093d6 010a990b p.lh             x18, 16(x21!)       x18=fffffdf7 x21=1c001a40 x21:1c001a30  PA:1c001a30
27408008ns          487860 1c0093da 010b948b p.lh             x9, 16(x23!)         x9=00000141 x23=1c001270 x23:1c001260  PA:1c001260
27408386ns          487879 1c0093de 2d411623 sh               x20, 716(x2)        x20:fffffdc3  x2:100014d8  PA:100017a4
27408406ns          487880 1c0093e2 2d311723 sh               x19, 718(x2)        x19:000000e7  x2:100014d8  PA:100017a6
27408426ns          487881 1c0093e6 c33ff0ef jal              x1, -974             x1=1c0093e8
27408506ns          487885 1c009018 00051803 lh               x16, 0(x10)         x16=fffffdc3 x10:100017a4  PA:100017a4
27408565ns          487888 1c00901c 00251883 lh               x17, 2(x10)         x17=000000e7 x10:100017a4  PA:100017a6
27408605ns          487890 1c009020 030806b3 mul              x13, x16, x16       x13=00050289 x16:fffffdc3 x16:fffffdc3
27408625ns          487891 1c009024 03188633 mul              x12, x17, x17       x12=0000d071 x17:000000e7 x17:000000e7
27408645ns          487892 1c009028 40a65613 srai             x12, x12, 0x40a     x12=00000034 x12:0000d071
27408665ns          487893 1c00902a 40a6d693 srai             x13, x13, 0x40a     x13=00000140 x13:00050289
27408684ns          487894 1c00902c 00c686b3 add              x13, x13, x12       x13=00000174 x13:00000140 x12:00000034
27408704ns          487895 1c00902e 1006c633 p.exths          x12, x13, x0        x12=00000174 x13:00000174
27408724ns          487896 1c009032 00855703 lhu              x14, 8(x10)         x14=0000ffd1 x10:100017a4  PA:100017ac
27408744ns          487897 1c009036 00a55683 lhu              x13, 10(x10)        x13=0000ff6a x10:100017a4  PA:100017ae
27408764ns          487898 1c00903a 02c60333 mul              x6, x12, x12         x6=00021c90 x12:00000174 x12:00000174
27408824ns          487901 1c00903e 00c55783 lhu              x15, 12(x10)        x15=0000ffe5 x10:100017a4  PA:100017b0
27408863ns          487903 1c009042 00e55583 lhu              x11, 14(x10)        x11=00000060 x10:100017a4  PA:100017b2
27408903ns          487905 1c009046 dea30333 p.extract        x6, x6, 15, 10       x6=00000087  x6:00021c90
27408923ns          487906 1c00904a 80c7075b p.muls           x14, x14, x12       x14=ffffbbb4 x14:0000ffd1 x12:00000174
27408963ns          487908 1c00904e 80c686db p.muls           x13, x13, x12       x13=ffff2608 x13:0000ff6a x12:00000174
27409003ns          487910 1c009052 00455e83 lhu              x29, 4(x10)         x29=00000427 x10:100017a4  PA:100017a8
27409042ns          487912 1c009056 00655e03 lhu              x28, 6(x10)         x28=0000007f x10:100017a4  PA:100017aa
27409062ns          487913 1c00905a 40a75713 srai             x14, x14, 0x40a     x14=ffffffee x14:ffffbbb4
27409082ns          487914 1c00905c 806787db p.muls           x15, x15, x6        x15=fffff1c3 x15:0000ffe5  x6:00000087
27409102ns          487915 1c009060 40a6d693 srai             x13, x13, 0x40a     x13=ffffffc9 x13:ffff2608
27409142ns          487917 1c009062 8065865b p.muls           x12, x11, x6        x12=000032a0 x11:00000060  x6:00000087
27409162ns          487918 1c009066 40a7d793 srai             x15, x15, 0x40a     x15=fffffffc x15:fffff1c3
27409182ns          487919 1c009068 40a65613 srai             x12, x12, 0x40a     x12=0000000c x12:000032a0
27409202ns          487920 1c00906a 01d70733 add              x14, x14, x29       x14=00000415 x14:ffffffee x29:00000427
27409221ns          487921 1c00906c 01c686b3 add              x13, x13, x28       x13=00000048 x13:ffffffc9 x28:0000007f
27409241ns          487922 1c00906e 00c686b3 add              x13, x13, x12       x13=00000054 x13:00000048 x12:0000000c
27409261ns          487923 1c009070 00f70733 add              x14, x14, x15       x14=00000411 x14:00000415 x15:fffffffc
27409281ns          487924 1c009072 100747b3 p.exths          x15, x14, x0        x15=00000411 x14:00000411
27409301ns          487925 1c009076 1006c733 p.exths          x14, x13, x0        x14=00000054 x13:00000054
27409321ns          487926 1c00907a 03170633 mul              x12, x14, x17       x12=00004bcc x14:00000054 x17:000000e7
27409341ns          487927 1c00907e 030786b3 mul              x13, x15, x16       x13=fff6e5f3 x15:00000411 x16:fffffdc3
27409361ns          487928 1c009082 03070733 mul              x14, x14, x16       x14=ffff43fc x14:00000054 x16:fffffdc3
27409381ns          487929 1c009086 031787b3 mul              x15, x15, x17       x15=0003ab57 x15:00000411 x17:000000e7
27409400ns          487930 1c00908a 40a6d693 srai             x13, x13, 0x40a     x13=fffffdb9 x13:fff6e5f3
27409420ns          487931 1c00908c 40a65613 srai             x12, x12, 0x40a     x12=00000012 x12:00004bcc
27409440ns          487932 1c00908e 40a7d793 srai             x15, x15, 0x40a     x15=000000ea x15:0003ab57
27409460ns          487933 1c009090 40a75713 srai             x14, x14, 0x40a     x14=ffffffd0 x14:ffff43fc
27409480ns          487934 1c009092 40c686b3 sub              x13, x13, x12       x13=fffffda7 x13:fffffdb9 x12:00000012
27409500ns          487935 1c009094 00e787b3 add              x15, x15, x14       x15=000000ba x15:000000ea x14:ffffffd0
27409520ns          487936 1c009096 00d51823 sh               x13, 16(x10)        x13:fffffda7 x10:100017a4  PA:100017b4
27409560ns          487938 1c00909a 00f51923 sh               x15, 18(x10)        x15:000000ba x10:100017a4  PA:100017b6
27409579ns          487939 1c00909e 00008067 jalr             x0, x1, 0            x1:1c0093e8
27409639ns          487942 1c0093e8 2dc15583 lhu              x11, 732(x2)        x11=0000fda7  x2:100014d8  PA:100017b4
27409679ns          487944 1c0093ec 2de15783 lhu              x15, 734(x2)        x15=000000ba  x2:100014d8  PA:100017b6
27409699ns          487945 1c0093f0 40b90933 sub              x18, x18, x11       x18=ffff0050 x18:fffffdf7 x11:0000fda7
27409719ns          487946 1c0093f4 40f484b3 sub              x9, x9, x15          x9=00000087  x9:00000141 x15:000000ba
27409739ns          487947 1c0093f6 100945b3 p.exths          x11, x18, x0        x11=00000050 x18:ffff0050
27409758ns          487948 1c0093fa 1004c7b3 p.exths          x15, x9, x0         x15=00000087  x9:00000087
27409778ns          487949 1c0093fe 034586b3 mul              x13, x11, x20       x13=ffff4cf0 x11:00000050 x20:fffffdc3
27409798ns          487950 1c009402 03378533 mul              x10, x15, x19       x10=000079d1 x15:00000087 x19:000000e7
27409818ns          487951 1c009406 034a0633 mul              x12, x20, x20       x12=00050289 x20:fffffdc3 x20:fffffdc3
27409838ns          487952 1c00940a 03398733 mul              x14, x19, x19       x14=0000d071 x19:000000e7 x19:000000e7
27409878ns          487954 1c00940e 034787b3 mul              x15, x15, x20       x15=fffed1d5 x15:00000087 x20:fffffdc3
27409918ns          487956 1c009412 033585b3 mul              x11, x11, x19       x11=00004830 x11:00000050 x19:000000e7
27409937ns          487957 1c009416 40a75713 srai             x14, x14, 0x40a     x14=00000034 x14:0000d071
27409957ns          487958 1c009418 40a5d593 srai             x11, x11, 0x40a     x11=00000012 x11:00004830
27409977ns          487959 1c00941a 40a65613 srai             x12, x12, 0x40a     x12=00000140 x12:00050289
27409997ns          487960 1c00941c 40a7d793 srai             x15, x15, 0x40a     x15=ffffffb4 x15:fffed1d5
27410017ns          487961 1c00941e 1c0034b7 lui              x9, 0x1c003000       x9=1c003000
27410037ns          487962 1c009422 00e60633 add              x12, x12, x14       x12=00000174 x12:00000140 x14:00000034
27410057ns          487963 1c009424 40b787b3 sub              x15, x15, x11       x15=ffffffa2 x15:ffffffb4 x11:00000012
27410077ns          487964 1c009426 eb048493 addi             x9, x9, -336         x9=1c002eb0  x9:1c003000
27410097ns          487965 1c00942a 1c0032b7 lui              x5, 0x1c003000       x5=1c003000
27410116ns          487966 1c00942e 1c0035b7 lui              x11, 0x1c003000     x11=1c003000
27410136ns          487967 1c009432 018483b3 add              x7, x9, x24          x7=1c002eb4  x9:1c002eb0 x24:00000004
27410156ns          487968 1c009436 02812e83 lw               x29, 40(x2)         x29=1c002ec4  x2:100014d8  PA:10001500
27410176ns          487969 1c009438 10065633 p.exthz          x12, x12, x0        x12=00000174 x12:00000174
27410196ns          487970 1c00943c e8028293 addi             x5, x5, -384         x5=1c002e80  x5:1c003000
27410216ns          487971 1c009440 ea058593 addi             x11, x11, -352      x11=1c002ea0 x11:1c003000
27410256ns          487973 1c009444 03812483 lw               x9, 56(x2)           x9=1c002ee4  x2:100014d8  PA:10001510
27410276ns          487974 1c009446 10064733 p.exths          x14, x12, x0        x14=00000174 x12:00000174
27410295ns          487975 1c00944a 018280b3 add              x1, x5, x24          x1=1c002e84  x5:1c002e80 x24:00000004
27410315ns          487976 1c00944e 03012f03 lw               x30, 48(x2)         x30=1c002ed4  x2:100014d8  PA:10001508
27410335ns          487977 1c009450 018582b3 add              x5, x11, x24         x5=1c002ea4 x11:1c002ea0 x24:00000004
27410355ns          487978 1c009454 04012583 lw               x11, 64(x2)         x11=1c002ef4  x2:100014d8  PA:10001518
27410375ns          487979 1c009456 000edd83 lhu              x27, 0(x29)         x27=00001bf3 x29:1c002ec4  PA:1c002ec4
27410713ns          487996 1c00945a 0004d483 lhu              x9, 0(x9)            x9=0000023f  x9:1c002ee4  PA:1c002ee4
27411051ns          488013 1c00945e 02e70333 mul              x6, x14, x14         x6=00021c90 x14:00000174 x14:00000174
27411071ns          488014 1c009462 40a55513 srai             x10, x10, 0x40a     x10=0000001e x10:000079d1
27411091ns          488015 1c009464 04812e83 lw               x29, 72(x2)         x29=1c002f04  x2:100014d8  PA:10001520
27411111ns          488016 1c009466 40a6d693 srai             x13, x13, 0x40a     x13=ffffffd3 x13:ffff4cf0
27411131ns          488017 1c009468 000f5d03 lhu              x26, 0(x30)         x26=000006b4 x30:1c002ed4  PA:1c002ed4
27411449ns          488033 1c00946c 0005d583 lhu              x11, 0(x11)         x11=000000e9 x11:1c002ef4  PA:1c002ef4
27411787ns          488050 1c009470 40a35313 srai             x6, x6, 0x40a        x6=00000087  x6:00021c90
27411807ns          488051 1c009474 00a686b3 add              x13, x13, x10       x13=fffffff1 x13:ffffffd3 x10:0000001e
27411827ns          488052 1c009476 05012f03 lw               x30, 80(x2)         x30=1c002e74  x2:100014d8  PA:10001528
27411847ns          488053 1c009478 10034e33 p.exths          x28, x6, x0         x28=00000087  x6:00000087
27411867ns          488054 1c00947c 06911023 sh               x9, 96(x2)           x9:0000023f  x2:100014d8  PA:10001538
27411886ns          488055 1c009480 000ede83 lhu              x29, 0(x29)         x29=00000069 x29:1c002f04  PA:1c002f04
27412185ns          488070 1c009484 05812483 lw               x9, 88(x2)           x9=1c002e64  x2:100014d8  PA:10001530
27412205ns          488071 1c009486 1006d6b3 p.exthz          x13, x13, x0        x13=0000fff1 x13:fffffff1
27412225ns          488072 1c00948a 02ee08b3 mul              x17, x28, x14       x17=0000c42c x28:00000087 x14:00000174
27412244ns          488073 1c00948e 1006c833 p.exths          x16, x13, x0        x16=fffffff1 x13:0000fff1
27412264ns          488074 1c009492 06b11823 sh               x11, 112(x2)        x11:000000e9  x2:100014d8  PA:10001548
27412284ns          488075 1c009496 000f5f03 lhu              x30, 0(x30)         x30=0000fe97 x30:1c002e74  PA:1c002e74
27412583ns          488090 1c00949a 0a012583 lw               x11, 160(x2)        x11=1c002e94  x2:100014d8  PA:10001578
27412602ns          488091 1c00949c 1007d7b3 p.exthz          x15, x15, x0        x15=0000ffa2 x15:ffffffa2
27412622ns          488092 1c0094a0 0004da03 lhu              x20, 0(x9)          x20=0000f9c6  x9:1c002e64  PA:1c002e64
27412941ns          488108 1c0094a4 1007c533 p.exths          x10, x15, x0        x10=ffffffa2 x15:0000ffa2
27412960ns          488109 1c0094a8 09d11023 sh               x29, 128(x2)        x29:00000069  x2:100014d8  PA:10001558
27412980ns          488110 1c0094ac 0003d483 lhu              x9, 0(x7)            x9=0000ffc1  x7:1c002eb4  PA:1c002eb4
27413279ns          488125 1c0094b0 02e80eb3 mul              x29, x16, x14       x29=ffffea34 x16:fffffff1 x14:00000174
27413299ns          488126 1c0094b4 40a8d893 srai             x17, x17, 0x40a     x17=00000031 x17:0000c42c
27413318ns          488127 1c0094b8 03c80833 mul              x16, x16, x28       x16=fffff817 x16:fffffff1 x28:00000087
27413338ns          488128 1c0094bc 09e11823 sh               x30, 144(x2)        x30:0000fe97  x2:100014d8  PA:10001568
27413358ns          488129 1c0094c0 0005d983 lhu              x19, 0(x11)         x19=0000ff7e x11:1c002e94  PA:1c002e94
27413656ns          488144 1c0094c4 81c88f5b p.muls           x30, x17, x28       x30=000019d7 x17:00000031 x28:00000087
27413676ns          488145 1c0094c8 0002d583 lhu              x11, 0(x5)          x11=0000ff4f  x5:1c002ea4  PA:1c002ea4
27414074ns          488165 1c0094cc 03ce0fb3 mul              x31, x28, x28       x31=00004731 x28:00000087 x28:00000087
27414094ns          488166 1c0094d0 02e50733 mul              x14, x10, x14       x14=ffff7768 x10:ffffffa2 x14:00000174
27414114ns          488167 1c0094d4 40a85813 srai             x16, x16, 0x40a     x16=fffffffe x16:fffff817
27414134ns          488168 1c0094d8 03c50533 mul              x10, x10, x28       x10=ffffce6e x10:ffffffa2 x28:00000087
27414154ns          488169 1c0094dc 07015e03 lhu              x28, 112(x2)        x28=000000e9  x2:100014d8  PA:10001548
27414174ns          488170 1c0094e0 01b60633 add              x12, x12, x27       x12=00001d67 x12:00000174 x27:00001bf3
27414193ns          488171 1c0094e2 00980833 add              x16, x16, x9        x16=0000ffbf x16:fffffffe  x9:0000ffc1
27414213ns          488172 1c0094e4 06015d83 lhu              x27, 96(x2)         x27=0000023f  x2:100014d8  PA:10001538
27414233ns          488173 1c0094e8 02812483 lw               x9, 40(x2)           x9=1c002ec4  x2:100014d8  PA:10001500
27414253ns          488174 1c0094ea 40afdf93 srai             x31, x31, 0x40a     x31=00000011 x31:00004731
27414273ns          488175 1c0094ee 40a55513 srai             x10, x10, 0x40a     x10=fffffff3 x10:ffffce6e
27414293ns          488176 1c0094f0 01cf8fb3 add              x31, x31, x28       x31=000000fa x31:00000011 x28:000000e9
27414313ns          488177 1c0094f2 00b50533 add              x10, x10, x11       x10=0000ff42 x10:fffffff3 x11:0000ff4f
27414333ns          488178 1c0094f4 09015e03 lhu              x28, 144(x2)        x28=0000fe97  x2:100014d8  PA:10001568
27414353ns          488179 1c0094f8 03012583 lw               x11, 48(x2)         x11=1c002ed4  x2:100014d8  PA:10001508
27414392ns          488181 1c0094fa 00c49023 sh               x12, 0(x9)          x12:00001d67  x9:1c002ec4  PA:1c002ec4
27414711ns          488197 1c0094fe 01b888b3 add              x17, x17, x27       x17=00000270 x17:00000031 x27:0000023f
27414730ns          488198 1c009500 01a30333 add              x6, x6, x26          x6=0000073b  x6:00000087 x26:000006b4
27414750ns          488199 1c009502 08015d83 lhu              x27, 128(x2)        x27=00000069  x2:100014d8  PA:10001558
27414770ns          488200 1c009506 0000d903 lhu              x18, 0(x1)          x18=0000fe3d  x1:1c002e84  PA:1c002e84
27415069ns          488215 1c00950a 01c686b3 add              x13, x13, x28       x13=0001fe88 x13:0000fff1 x28:0000fe97
27415088ns          488216 1c00950c 00659023 sh               x6, 0(x11)           x6:0000073b x11:1c002ed4  PA:1c002ed4
27415427ns          488233 1c009510 40af5f13 srai             x30, x30, 0x40a     x30=00000006 x30:000019d7
27415446ns          488234 1c009514 04812e03 lw               x28, 72(x2)         x28=1c002f04  x2:100014d8  PA:10001520
27415466ns          488235 1c009516 01bf0f33 add              x30, x30, x27       x30=0000006f x30:00000006 x27:00000069
27415486ns          488236 1c009518 40aede93 srai             x29, x29, 0x40a     x29=fffffffa x29:ffffea34
27415506ns          488237 1c00951c 40a75713 srai             x14, x14, 0x40a     x14=ffffffdd x14:ffff7768
27415526ns          488238 1c00951e 03812603 lw               x12, 56(x2)         x12=1c002ee4  x2:100014d8  PA:10001510
27415546ns          488239 1c009520 04012d83 lw               x27, 64(x2)         x27=1c002ef4  x2:100014d8  PA:10001518
27415566ns          488240 1c009522 01ee1023 sh               x30, 0(x28)         x30:0000006f x28:1c002f04  PA:1c002f04
27415884ns          488256 1c009526 05812483 lw               x9, 88(x2)           x9=1c002e64  x2:100014d8  PA:10001530
27415904ns          488257 1c009528 05012f03 lw               x30, 80(x2)         x30=1c002e74  x2:100014d8  PA:10001528
27415924ns          488258 1c00952a 0a012583 lw               x11, 160(x2)        x11=1c002e94  x2:100014d8  PA:10001578
27415944ns          488259 1c00952c 014787b3 add              x15, x15, x20       x15=0001f968 x15:0000ffa2 x20:0000f9c6
27415964ns          488260 1c00952e 013e8eb3 add              x29, x29, x19       x29=0000ff78 x29:fffffffa x19:0000ff7e
27415983ns          488261 1c009530 01270733 add              x14, x14, x18       x14=0000fe1a x14:ffffffdd x18:0000fe3d
27416003ns          488262 1c009532 00f49023 sh               x15, 0(x9)          x15:0001f968  x9:1c002e64  PA:1c002e64
27416321ns          488278 1c009536 01161023 sh               x17, 0(x12)         x17:00000270 x12:1c002ee4  PA:1c002ee4
27416660ns          488295 1c00953a 01fd9023 sh               x31, 0(x27)         x31:000000fa x27:1c002ef4  PA:1c002ef4
27416978ns          488311 1c00953e 00df1023 sh               x13, 0(x30)         x13:0001fe88 x30:1c002e74  PA:1c002e74
27417296ns          488327 1c009542 01d59023 sh               x29, 0(x11)         x29:0000ff78 x11:1c002e94  PA:1c002e94
27417614ns          488343 1c009546 00e09023 sh               x14, 0(x1)          x14:0000fe1a  x1:1c002e84  PA:1c002e84
27417932ns          488359 1c00954a 01039023 sh               x16, 0(x7)          x16:0000ffbf  x7:1c002eb4  PA:1c002eb4
27418251ns          488375 1c00954e 00a29023 sh               x10, 0(x5)          x10:0000ff42  x5:1c002ea4  PA:1c002ea4
27418569ns          488391 1c009552 008b0b13 addi             x22, x22, 8         x22=000001e2 x22:000001da
27418589ns          488392 1c009554 1f300793 addi             x15, x0, 499        x15=000001f3
27418609ns          488393 1c009558 e767dae3 bge              x15, x22, -396      x15:000001f3 x22:000001e2
27418708ns          488398 1c0093cc 010c9a0b p.lh             x20, 16(x25!)       x20=ffffff8b x25=1c002a5c x25:1c002a4c  PA:1c002a4c
27419026ns          488414 1c0093d0 0104198b p.lh             x19, 16(x8!)        x19=ffffff06  x8=1c002224  x8:1c002214  PA:1c002214
27419344ns          488430 1c0093d4 2cc10513 addi             x10, x2, 716        x10=100017a4  x2:100014d8
27419364ns          488431 1c0093d6 010a990b p.lh             x18, 16(x21!)       x18=ffffff7b x21=1c001a50 x21:1c001a40  PA:1c001a40
27419683ns          488447 1c0093da 010b948b p.lh             x9, 16(x23!)         x9=ffffff05 x23=1c001280 x23:1c001270  PA:1c001270
27419981ns          488462 1c0093de 2d411623 sh               x20, 716(x2)        x20:ffffff8b  x2:100014d8  PA:100017a4
27420001ns          488463 1c0093e2 2d311723 sh               x19, 718(x2)        x19:ffffff06  x2:100014d8  PA:100017a6
27420021ns          488464 1c0093e6 c33ff0ef jal              x1, -974             x1=1c0093e8
27420100ns          488468 1c009018 00051803 lh               x16, 0(x10)         x16=ffffff8b x10:100017a4  PA:100017a4
27420160ns          488471 1c00901c 00251883 lh               x17, 2(x10)         x17=ffffff06 x10:100017a4  PA:100017a6
27420220ns          488474 1c009020 030806b3 mul              x13, x16, x16       x13=00003579 x16:ffffff8b x16:ffffff8b
27420239ns          488475 1c009024 03188633 mul              x12, x17, x17       x12=0000f424 x17:ffffff06 x17:ffffff06
27420259ns          488476 1c009028 40a65613 srai             x12, x12, 0x40a     x12=0000003d x12:0000f424
27420279ns          488477 1c00902a 40a6d693 srai             x13, x13, 0x40a     x13=0000000d x13:00003579
27420299ns          488478 1c00902c 00c686b3 add              x13, x13, x12       x13=0000004a x13:0000000d x12:0000003d
27420319ns          488479 1c00902e 1006c633 p.exths          x12, x13, x0        x12=0000004a x13:0000004a
27420339ns          488480 1c009032 00855703 lhu              x14, 8(x10)         x14=0000ffd1 x10:100017a4  PA:100017ac
27420359ns          488481 1c009036 00a55683 lhu              x13, 10(x10)        x13=0000ff6a x10:100017a4  PA:100017ae
27420379ns          488482 1c00903a 02c60333 mul              x6, x12, x12         x6=00001564 x12:0000004a x12:0000004a
27420399ns          488483 1c00903e 00c55783 lhu              x15, 12(x10)        x15=0000ffe5 x10:100017a4  PA:100017b0
27420418ns          488484 1c009042 00e55583 lhu              x11, 14(x10)        x11=00000060 x10:100017a4  PA:100017b2
27420438ns          488485 1c009046 dea30333 p.extract        x6, x6, 15, 10       x6=00000005  x6:00001564
27420458ns          488486 1c00904a 80c7075b p.muls           x14, x14, x12       x14=fffff26a x14:0000ffd1 x12:0000004a
27420478ns          488487 1c00904e 80c686db p.muls           x13, x13, x12       x13=ffffd4a4 x13:0000ff6a x12:0000004a
27420498ns          488488 1c009052 00455e83 lhu              x29, 4(x10)         x29=00000427 x10:100017a4  PA:100017a8
27420518ns          488489 1c009056 00655e03 lhu              x28, 6(x10)         x28=0000007f x10:100017a4  PA:100017aa
27420538ns          488490 1c00905a 40a75713 srai             x14, x14, 0x40a     x14=fffffffc x14:fffff26a
27420558ns          488491 1c00905c 806787db p.muls           x15, x15, x6        x15=ffffff79 x15:0000ffe5  x6:00000005
27420578ns          488492 1c009060 40a6d693 srai             x13, x13, 0x40a     x13=fffffff5 x13:ffffd4a4
27420617ns          488494 1c009062 8065865b p.muls           x12, x11, x6        x12=000001e0 x11:00000060  x6:00000005
27420637ns          488495 1c009066 40a7d793 srai             x15, x15, 0x40a     x15=ffffffff x15:ffffff79
27420657ns          488496 1c009068 40a65613 srai             x12, x12, 0x40a     x12=00000000 x12:000001e0
27420677ns          488497 1c00906a 01d70733 add              x14, x14, x29       x14=00000423 x14:fffffffc x29:00000427
27420697ns          488498 1c00906c 01c686b3 add              x13, x13, x28       x13=00000074 x13:fffffff5 x28:0000007f
27420717ns          488499 1c00906e 00c686b3 add              x13, x13, x12       x13=00000074 x13:00000074 x12:00000000
27420737ns          488500 1c009070 00f70733 add              x14, x14, x15       x14=00000422 x14:00000423 x15:ffffffff
27420757ns          488501 1c009072 100747b3 p.exths          x15, x14, x0        x15=00000422 x14:00000422
27420776ns          488502 1c009076 1006c733 p.exths          x14, x13, x0        x14=00000074 x13:00000074
27420796ns          488503 1c00907a 03170633 mul              x12, x14, x17       x12=ffff8eb8 x14:00000074 x17:ffffff06
27420816ns          488504 1c00907e 030786b3 mul              x13, x15, x16       x13=fffe1c76 x15:00000422 x16:ffffff8b
27420836ns          488505 1c009082 03070733 mul              x14, x14, x16       x14=ffffcafc x14:00000074 x16:ffffff8b
27420856ns          488506 1c009086 031787b3 mul              x15, x15, x17       x15=fffbf6cc x15:00000422 x17:ffffff06
27420876ns          488507 1c00908a 40a6d693 srai             x13, x13, 0x40a     x13=ffffff87 x13:fffe1c76
27420896ns          488508 1c00908c 40a65613 srai             x12, x12, 0x40a     x12=ffffffe3 x12:ffff8eb8
27420916ns          488509 1c00908e 40a7d793 srai             x15, x15, 0x40a     x15=fffffefd x15:fffbf6cc
27420936ns          488510 1c009090 40a75713 srai             x14, x14, 0x40a     x14=fffffff2 x14:ffffcafc
27420955ns          488511 1c009092 40c686b3 sub              x13, x13, x12       x13=ffffffa4 x13:ffffff87 x12:ffffffe3
27420975ns          488512 1c009094 00e787b3 add              x15, x15, x14       x15=fffffeef x15:fffffefd x14:fffffff2
27420995ns          488513 1c009096 00d51823 sh               x13, 16(x10)        x13:ffffffa4 x10:100017a4  PA:100017b4
27421015ns          488514 1c00909a 00f51923 sh               x15, 18(x10)        x15:fffffeef x10:100017a4  PA:100017b6
27421035ns          488515 1c00909e 00008067 jalr             x0, x1, 0            x1:1c0093e8
27421114ns          488519 1c0093e8 2dc15583 lhu              x11, 732(x2)        x11=0000ffa4  x2:100014d8  PA:100017b4
27421174ns          488522 1c0093ec 2de15783 lhu              x15, 734(x2)        x15=0000feef  x2:100014d8  PA:100017b6
27421214ns          488524 1c0093f0 40b90933 sub              x18, x18, x11       x18=fffeffd7 x18:ffffff7b x11:0000ffa4
27421234ns          488525 1c0093f4 40f484b3 sub              x9, x9, x15          x9=ffff0016  x9:ffffff05 x15:0000feef
27421254ns          488526 1c0093f6 100945b3 p.exths          x11, x18, x0        x11=ffffffd7 x18:fffeffd7
27421274ns          488527 1c0093fa 1004c7b3 p.exths          x15, x9, x0         x15=00000016  x9:ffff0016
27421293ns          488528 1c0093fe 034586b3 mul              x13, x11, x20       x13=000012bd x11:ffffffd7 x20:ffffff8b
27421313ns          488529 1c009402 03378533 mul              x10, x15, x19       x10=ffffea84 x15:00000016 x19:ffffff06
27421333ns          488530 1c009406 034a0633 mul              x12, x20, x20       x12=00003579 x20:ffffff8b x20:ffffff8b
27421353ns          488531 1c00940a 03398733 mul              x14, x19, x19       x14=0000f424 x19:ffffff06 x19:ffffff06
27421413ns          488534 1c00940e 034787b3 mul              x15, x15, x20       x15=fffff5f2 x15:00000016 x20:ffffff8b
27421453ns          488536 1c009412 033585b3 mul              x11, x11, x19       x11=0000280a x11:ffffffd7 x19:ffffff06
27421472ns          488537 1c009416 40a75713 srai             x14, x14, 0x40a     x14=0000003d x14:0000f424
27421492ns          488538 1c009418 40a5d593 srai             x11, x11, 0x40a     x11=0000000a x11:0000280a
27421512ns          488539 1c00941a 40a65613 srai             x12, x12, 0x40a     x12=0000000d x12:00003579
27421532ns          488540 1c00941c 40a7d793 srai             x15, x15, 0x40a     x15=fffffffd x15:fffff5f2
27421552ns          488541 1c00941e 1c0034b7 lui              x9, 0x1c003000       x9=1c003000
27421572ns          488542 1c009422 00e60633 add              x12, x12, x14       x12=0000004a x12:0000000d x14:0000003d
27421592ns          488543 1c009424 40b787b3 sub              x15, x15, x11       x15=fffffff3 x15:fffffffd x11:0000000a
27421612ns          488544 1c009426 eb048493 addi             x9, x9, -336         x9=1c002eb0  x9:1c003000
27421632ns          488545 1c00942a 1c0032b7 lui              x5, 0x1c003000       x5=1c003000
27421651ns          488546 1c00942e 1c0035b7 lui              x11, 0x1c003000     x11=1c003000
27421671ns          488547 1c009432 018483b3 add              x7, x9, x24          x7=1c002eb4  x9:1c002eb0 x24:00000004
27421691ns          488548 1c009436 02812e83 lw               x29, 40(x2)         x29=1c002ec4  x2:100014d8  PA:10001500
27421711ns          488549 1c009438 10065633 p.exthz          x12, x12, x0        x12=0000004a x12:0000004a
27421731ns          488550 1c00943c e8028293 addi             x5, x5, -384         x5=1c002e80  x5:1c003000
27421751ns          488551 1c009440 ea058593 addi             x11, x11, -352      x11=1c002ea0 x11:1c003000
27421771ns          488552 1c009444 03812483 lw               x9, 56(x2)           x9=1c002ee4  x2:100014d8  PA:10001510
27421791ns          488553 1c009446 10064733 p.exths          x14, x12, x0        x14=0000004a x12:0000004a
27421811ns          488554 1c00944a 018280b3 add              x1, x5, x24          x1=1c002e84  x5:1c002e80 x24:00000004
27421830ns          488555 1c00944e 03012f03 lw               x30, 48(x2)         x30=1c002ed4  x2:100014d8  PA:10001508
27421850ns          488556 1c009450 018582b3 add              x5, x11, x24         x5=1c002ea4 x11:1c002ea0 x24:00000004
27421870ns          488557 1c009454 04012583 lw               x11, 64(x2)         x11=1c002ef4  x2:100014d8  PA:10001518
27421890ns          488558 1c009456 000edd83 lhu              x27, 0(x29)         x27=00001d67 x29:1c002ec4  PA:1c002ec4
27422208ns          488574 1c00945a 0004d483 lhu              x9, 0(x9)            x9=00000270  x9:1c002ee4  PA:1c002ee4
27422507ns          488589 1c00945e 02e70333 mul              x6, x14, x14         x6=00001564 x14:0000004a x14:0000004a
27422527ns          488590 1c009462 40a55513 srai             x10, x10, 0x40a     x10=fffffffa x10:ffffea84
27422546ns          488591 1c009464 04812e83 lw               x29, 72(x2)         x29=1c002f04  x2:100014d8  PA:10001520
27422566ns          488592 1c009466 40a6d693 srai             x13, x13, 0x40a     x13=00000004 x13:000012bd
27422586ns          488593 1c009468 000f5d03 lhu              x26, 0(x30)         x26=0000073b x30:1c002ed4  PA:1c002ed4
27422904ns          488609 1c00946c 0005d583 lhu              x11, 0(x11)         x11=000000fa x11:1c002ef4  PA:1c002ef4
27423203ns          488624 1c009470 40a35313 srai             x6, x6, 0x40a        x6=00000005  x6:00001564
27423223ns          488625 1c009474 00a686b3 add              x13, x13, x10       x13=fffffffe x13:00000004 x10:fffffffa
27423243ns          488626 1c009476 05012f03 lw               x30, 80(x2)         x30=1c002e74  x2:100014d8  PA:10001528
27423262ns          488627 1c009478 10034e33 p.exths          x28, x6, x0         x28=00000005  x6:00000005
27423282ns          488628 1c00947c 06911023 sh               x9, 96(x2)           x9:00000270  x2:100014d8  PA:10001538
27423302ns          488629 1c009480 000ede83 lhu              x29, 0(x29)         x29=0000006f x29:1c002f04  PA:1c002f04
27423600ns          488644 1c009484 05812483 lw               x9, 88(x2)           x9=1c002e64  x2:100014d8  PA:10001530
27423620ns          488645 1c009486 1006d6b3 p.exthz          x13, x13, x0        x13=0000fffe x13:fffffffe
27423640ns          488646 1c00948a 02ee08b3 mul              x17, x28, x14       x17=00000172 x28:00000005 x14:0000004a
27423660ns          488647 1c00948e 1006c833 p.exths          x16, x13, x0        x16=fffffffe x13:0000fffe
27423680ns          488648 1c009492 06b11823 sh               x11, 112(x2)        x11:000000fa  x2:100014d8  PA:10001548
27423700ns          488649 1c009496 000f5f03 lhu              x30, 0(x30)         x30=0000fe88 x30:1c002e74  PA:1c002e74
27423998ns          488664 1c00949a 0a012583 lw               x11, 160(x2)        x11=1c002e94  x2:100014d8  PA:10001578
27424018ns          488665 1c00949c 1007d7b3 p.exthz          x15, x15, x0        x15=0000fff3 x15:fffffff3
27424038ns          488666 1c0094a0 0004da03 lhu              x20, 0(x9)          x20=0000f968  x9:1c002e64  PA:1c002e64
27424336ns          488681 1c0094a4 1007c533 p.exths          x10, x15, x0        x10=fffffff3 x15:0000fff3
27424356ns          488682 1c0094a8 09d11023 sh               x29, 128(x2)        x29:0000006f  x2:100014d8  PA:10001558
27424376ns          488683 1c0094ac 0003d483 lhu              x9, 0(x7)            x9=0000ffbf  x7:1c002eb4  PA:1c002eb4
27424754ns          488702 1c0094b0 02e80eb3 mul              x29, x16, x14       x29=ffffff6c x16:fffffffe x14:0000004a
27424774ns          488703 1c0094b4 40a8d893 srai             x17, x17, 0x40a     x17=00000000 x17:00000172
27424794ns          488704 1c0094b8 03c80833 mul              x16, x16, x28       x16=fffffff6 x16:fffffffe x28:00000005
27424814ns          488705 1c0094bc 09e11823 sh               x30, 144(x2)        x30:0000fe88  x2:100014d8  PA:10001568
27424834ns          488706 1c0094c0 0005d983 lhu              x19, 0(x11)         x19=0000ff78 x11:1c002e94  PA:1c002e94
27425192ns          488724 1c0094c4 81c88f5b p.muls           x30, x17, x28       x30=00000000 x17:00000000 x28:00000005
27425211ns          488725 1c0094c8 0002d583 lhu              x11, 0(x5)          x11=0000ff42  x5:1c002ea4  PA:1c002ea4
27425589ns          488744 1c0094cc 03ce0fb3 mul              x31, x28, x28       x31=00000019 x28:00000005 x28:00000005
27425609ns          488745 1c0094d0 02e50733 mul              x14, x10, x14       x14=fffffc3e x10:fffffff3 x14:0000004a
27425629ns          488746 1c0094d4 40a85813 srai             x16, x16, 0x40a     x16=ffffffff x16:fffffff6
27425649ns          488747 1c0094d8 03c50533 mul              x10, x10, x28       x10=ffffffbf x10:fffffff3 x28:00000005
27425669ns          488748 1c0094dc 07015e03 lhu              x28, 112(x2)        x28=000000fa  x2:100014d8  PA:10001548
27425709ns          488750 1c0094e0 01b60633 add              x12, x12, x27       x12=00001db1 x12:0000004a x27:00001d67
27425729ns          488751 1c0094e2 00980833 add              x16, x16, x9        x16=0000ffbe x16:ffffffff  x9:0000ffbf
27425748ns          488752 1c0094e4 06015d83 lhu              x27, 96(x2)         x27=00000270  x2:100014d8  PA:10001538
27425768ns          488753 1c0094e8 02812483 lw               x9, 40(x2)           x9=1c002ec4  x2:100014d8  PA:10001500
27425788ns          488754 1c0094ea 40afdf93 srai             x31, x31, 0x40a     x31=00000000 x31:00000019
27425808ns          488755 1c0094ee 40a55513 srai             x10, x10, 0x40a     x10=ffffffff x10:ffffffbf
27425828ns          488756 1c0094f0 01cf8fb3 add              x31, x31, x28       x31=000000fa x31:00000000 x28:000000fa
27425848ns          488757 1c0094f2 00b50533 add              x10, x10, x11       x10=0000ff41 x10:ffffffff x11:0000ff42
27425868ns          488758 1c0094f4 09015e03 lhu              x28, 144(x2)        x28=0000fe88  x2:100014d8  PA:10001568
27425888ns          488759 1c0094f8 03012583 lw               x11, 48(x2)         x11=1c002ed4  x2:100014d8  PA:10001508
27425927ns          488761 1c0094fa 00c49023 sh               x12, 0(x9)          x12:00001db1  x9:1c002ec4  PA:1c002ec4
27426246ns          488777 1c0094fe 01b888b3 add              x17, x17, x27       x17=00000270 x17:00000000 x27:00000270
27426265ns          488778 1c009500 01a30333 add              x6, x6, x26          x6=00000740  x6:00000005 x26:0000073b
27426285ns          488779 1c009502 08015d83 lhu              x27, 128(x2)        x27=0000006f  x2:100014d8  PA:10001558
27426305ns          488780 1c009506 0000d903 lhu              x18, 0(x1)          x18=0000fe1a  x1:1c002e84  PA:1c002e84
27426604ns          488795 1c00950a 01c686b3 add              x13, x13, x28       x13=0001fe86 x13:0000fffe x28:0000fe88
27426623ns          488796 1c00950c 00659023 sh               x6, 0(x11)           x6:00000740 x11:1c002ed4  PA:1c002ed4
27426942ns          488812 1c009510 40af5f13 srai             x30, x30, 0x40a     x30=00000000 x30:00000000
27426962ns          488813 1c009514 04812e03 lw               x28, 72(x2)         x28=1c002f04  x2:100014d8  PA:10001520
27426981ns          488814 1c009516 01bf0f33 add              x30, x30, x27       x30=0000006f x30:00000000 x27:0000006f
27427001ns          488815 1c009518 40aede93 srai             x29, x29, 0x40a     x29=ffffffff x29:ffffff6c
27427021ns          488816 1c00951c 40a75713 srai             x14, x14, 0x40a     x14=ffffffff x14:fffffc3e
27427041ns          488817 1c00951e 03812603 lw               x12, 56(x2)         x12=1c002ee4  x2:100014d8  PA:10001510
27427061ns          488818 1c009520 04012d83 lw               x27, 64(x2)         x27=1c002ef4  x2:100014d8  PA:10001518
27427081ns          488819 1c009522 01ee1023 sh               x30, 0(x28)         x30:0000006f x28:1c002f04  PA:1c002f04
27427399ns          488835 1c009526 05812483 lw               x9, 88(x2)           x9=1c002e64  x2:100014d8  PA:10001530
27427419ns          488836 1c009528 05012f03 lw               x30, 80(x2)         x30=1c002e74  x2:100014d8  PA:10001528
27427439ns          488837 1c00952a 0a012583 lw               x11, 160(x2)        x11=1c002e94  x2:100014d8  PA:10001578
27427459ns          488838 1c00952c 014787b3 add              x15, x15, x20       x15=0001f95b x15:0000fff3 x20:0000f968
27427479ns          488839 1c00952e 013e8eb3 add              x29, x29, x19       x29=0000ff77 x29:ffffffff x19:0000ff78
27427499ns          488840 1c009530 01270733 add              x14, x14, x18       x14=0000fe19 x14:ffffffff x18:0000fe1a
27427518ns          488841 1c009532 00f49023 sh               x15, 0(x9)          x15:0001f95b  x9:1c002e64  PA:1c002e64
27427837ns          488857 1c009536 01161023 sh               x17, 0(x12)         x17:00000270 x12:1c002ee4  PA:1c002ee4
27428155ns          488873 1c00953a 01fd9023 sh               x31, 0(x27)         x31:000000fa x27:1c002ef4  PA:1c002ef4
27428473ns          488889 1c00953e 00df1023 sh               x13, 0(x30)         x13:0001fe86 x30:1c002e74  PA:1c002e74
27428791ns          488905 1c009542 01d59023 sh               x29, 0(x11)         x29:0000ff77 x11:1c002e94  PA:1c002e94
27429109ns          488921 1c009546 00e09023 sh               x14, 0(x1)          x14:0000fe19  x1:1c002e84  PA:1c002e84
27429428ns          488937 1c00954a 01039023 sh               x16, 0(x7)          x16:0000ffbe  x7:1c002eb4  PA:1c002eb4
27429746ns          488953 1c00954e 00a29023 sh               x10, 0(x5)          x10:0000ff41  x5:1c002ea4  PA:1c002ea4
27430064ns          488969 1c009552 008b0b13 addi             x22, x22, 8         x22=000001ea x22:000001e2
27430084ns          488970 1c009554 1f300793 addi             x15, x0, 499        x15=000001f3
27430104ns          488971 1c009558 e767dae3 bge              x15, x22, -396      x15:000001f3 x22:000001ea
27430203ns          488976 1c0093cc 010c9a0b p.lh             x20, 16(x25!)       x20=000000bb x25=1c002a6c x25:1c002a5c  PA:1c002a5c
27430522ns          488992 1c0093d0 0104198b p.lh             x19, 16(x8!)        x19=ffffffd6  x8=1c002234  x8:1c002224  PA:1c002224
27430820ns          489007 1c0093d4 2cc10513 addi             x10, x2, 716        x10=100017a4  x2:100014d8
27430840ns          489008 1c0093d6 010a990b p.lh             x18, 16(x21!)       x18=000000ce x21=1c001a60 x21:1c001a50  PA:1c001a50
27431178ns          489025 1c0093da 010b948b p.lh             x9, 16(x23!)         x9=ffffffcd x23=1c001290 x23:1c001280  PA:1c001280
27431496ns          489041 1c0093de 2d411623 sh               x20, 716(x2)        x20:000000bb  x2:100014d8  PA:100017a4
27431516ns          489042 1c0093e2 2d311723 sh               x19, 718(x2)        x19:ffffffd6  x2:100014d8  PA:100017a6
27431536ns          489043 1c0093e6 c33ff0ef jal              x1, -974             x1=1c0093e8
27431615ns          489047 1c009018 00051803 lh               x16, 0(x10)         x16=000000bb x10:100017a4  PA:100017a4
27431675ns          489050 1c00901c 00251883 lh               x17, 2(x10)         x17=ffffffd6 x10:100017a4  PA:100017a6
27431695ns          489051 1c009020 030806b3 mul              x13, x16, x16       x13=00008899 x16:000000bb x16:000000bb
27431715ns          489052 1c009024 03188633 mul              x12, x17, x17       x12=000006e4 x17:ffffffd6 x17:ffffffd6
27431735ns          489053 1c009028 40a65613 srai             x12, x12, 0x40a     x12=00000001 x12:000006e4
27431755ns          489054 1c00902a 40a6d693 srai             x13, x13, 0x40a     x13=00000022 x13:00008899
27431774ns          489055 1c00902c 00c686b3 add              x13, x13, x12       x13=00000023 x13:00000022 x12:00000001
27431794ns          489056 1c00902e 1006c633 p.exths          x12, x13, x0        x12=00000023 x13:00000023
27431814ns          489057 1c009032 00855703 lhu              x14, 8(x10)         x14=0000ffd1 x10:100017a4  PA:100017ac
27431834ns          489058 1c009036 00a55683 lhu              x13, 10(x10)        x13=0000ff6a x10:100017a4  PA:100017ae
27431854ns          489059 1c00903a 02c60333 mul              x6, x12, x12         x6=000004c9 x12:00000023 x12:00000023
27431914ns          489062 1c00903e 00c55783 lhu              x15, 12(x10)        x15=0000ffe5 x10:100017a4  PA:100017b0
27431953ns          489064 1c009042 00e55583 lhu              x11, 14(x10)        x11=00000060 x10:100017a4  PA:100017b2
27431973ns          489065 1c009046 dea30333 p.extract        x6, x6, 15, 10       x6=00000001  x6:000004c9
27431993ns          489066 1c00904a 80c7075b p.muls           x14, x14, x12       x14=fffff993 x14:0000ffd1 x12:00000023
27432053ns          489069 1c00904e 80c686db p.muls           x13, x13, x12       x13=ffffeb7e x13:0000ff6a x12:00000023
27432093ns          489071 1c009052 00455e83 lhu              x29, 4(x10)         x29=00000427 x10:100017a4  PA:100017a8
27432113ns          489072 1c009056 00655e03 lhu              x28, 6(x10)         x28=0000007f x10:100017a4  PA:100017aa
27432132ns          489073 1c00905a 40a75713 srai             x14, x14, 0x40a     x14=fffffffe x14:fffff993
27432152ns          489074 1c00905c 806787db p.muls           x15, x15, x6        x15=ffffffe5 x15:0000ffe5  x6:00000001
27432192ns          489076 1c009060 40a6d693 srai             x13, x13, 0x40a     x13=fffffffa x13:ffffeb7e
27432232ns          489078 1c009062 8065865b p.muls           x12, x11, x6        x12=00000060 x11:00000060  x6:00000001
27432252ns          489079 1c009066 40a7d793 srai             x15, x15, 0x40a     x15=ffffffff x15:ffffffe5
27432272ns          489080 1c009068 40a65613 srai             x12, x12, 0x40a     x12=00000000 x12:00000060
27432292ns          489081 1c00906a 01d70733 add              x14, x14, x29       x14=00000425 x14:fffffffe x29:00000427
27432311ns          489082 1c00906c 01c686b3 add              x13, x13, x28       x13=00000079 x13:fffffffa x28:0000007f
27432331ns          489083 1c00906e 00c686b3 add              x13, x13, x12       x13=00000079 x13:00000079 x12:00000000
27432351ns          489084 1c009070 00f70733 add              x14, x14, x15       x14=00000424 x14:00000425 x15:ffffffff
27432371ns          489085 1c009072 100747b3 p.exths          x15, x14, x0        x15=00000424 x14:00000424
27432391ns          489086 1c009076 1006c733 p.exths          x14, x13, x0        x14=00000079 x13:00000079
27432411ns          489087 1c00907a 03170633 mul              x12, x14, x17       x12=ffffec26 x14:00000079 x17:ffffffd6
27432431ns          489088 1c00907e 030786b3 mul              x13, x15, x16       x13=0003064c x15:00000424 x16:000000bb
27432451ns          489089 1c009082 03070733 mul              x14, x14, x16       x14=00005863 x14:00000079 x16:000000bb
27432471ns          489090 1c009086 031787b3 mul              x15, x15, x17       x15=ffff5218 x15:00000424 x17:ffffffd6
27432490ns          489091 1c00908a 40a6d693 srai             x13, x13, 0x40a     x13=000000c1 x13:0003064c
27432510ns          489092 1c00908c 40a65613 srai             x12, x12, 0x40a     x12=fffffffb x12:ffffec26
27432530ns          489093 1c00908e 40a7d793 srai             x15, x15, 0x40a     x15=ffffffd4 x15:ffff5218
27432550ns          489094 1c009090 40a75713 srai             x14, x14, 0x40a     x14=00000016 x14:00005863
27432570ns          489095 1c009092 40c686b3 sub              x13, x13, x12       x13=000000c6 x13:000000c1 x12:fffffffb
27432590ns          489096 1c009094 00e787b3 add              x15, x15, x14       x15=ffffffea x15:ffffffd4 x14:00000016
27432610ns          489097 1c009096 00d51823 sh               x13, 16(x10)        x13:000000c6 x10:100017a4  PA:100017b4
27432630ns          489098 1c00909a 00f51923 sh               x15, 18(x10)        x15:ffffffea x10:100017a4  PA:100017b6
27432650ns          489099 1c00909e 00008067 jalr             x0, x1, 0            x1:1c0093e8
27432729ns          489103 1c0093e8 2dc15583 lhu              x11, 732(x2)        x11=000000c6  x2:100014d8  PA:100017b4
27432769ns          489105 1c0093ec 2de15783 lhu              x15, 734(x2)        x15=0000ffea  x2:100014d8  PA:100017b6
27432789ns          489106 1c0093f0 40b90933 sub              x18, x18, x11       x18=00000008 x18:000000ce x11:000000c6
27432809ns          489107 1c0093f4 40f484b3 sub              x9, x9, x15          x9=fffeffe3  x9:ffffffcd x15:0000ffea
27432829ns          489108 1c0093f6 100945b3 p.exths          x11, x18, x0        x11=00000008 x18:00000008
27432848ns          489109 1c0093fa 1004c7b3 p.exths          x15, x9, x0         x15=ffffffe3  x9:fffeffe3
27432868ns          489110 1c0093fe 034586b3 mul              x13, x11, x20       x13=000005d8 x11:00000008 x20:000000bb
27432888ns          489111 1c009402 03378533 mul              x10, x15, x19       x10=000004c2 x15:ffffffe3 x19:ffffffd6
27432908ns          489112 1c009406 034a0633 mul              x12, x20, x20       x12=00008899 x20:000000bb x20:000000bb
27432928ns          489113 1c00940a 03398733 mul              x14, x19, x19       x14=000006e4 x19:ffffffd6 x19:ffffffd6
27432968ns          489115 1c00940e 034787b3 mul              x15, x15, x20       x15=ffffead1 x15:ffffffe3 x20:000000bb
27433008ns          489117 1c009412 033585b3 mul              x11, x11, x19       x11=fffffeb0 x11:00000008 x19:ffffffd6
27433027ns          489118 1c009416 40a75713 srai             x14, x14, 0x40a     x14=00000001 x14:000006e4
27433047ns          489119 1c009418 40a5d593 srai             x11, x11, 0x40a     x11=ffffffff x11:fffffeb0
27433067ns          489120 1c00941a 40a65613 srai             x12, x12, 0x40a     x12=00000022 x12:00008899
27433087ns          489121 1c00941c 40a7d793 srai             x15, x15, 0x40a     x15=fffffffa x15:ffffead1
27433107ns          489122 1c00941e 1c0034b7 lui              x9, 0x1c003000       x9=1c003000
27433127ns          489123 1c009422 00e60633 add              x12, x12, x14       x12=00000023 x12:00000022 x14:00000001
27433147ns          489124 1c009424 40b787b3 sub              x15, x15, x11       x15=fffffffb x15:fffffffa x11:ffffffff
27433167ns          489125 1c009426 eb048493 addi             x9, x9, -336         x9=1c002eb0  x9:1c003000
27433187ns          489126 1c00942a 1c0032b7 lui              x5, 0x1c003000       x5=1c003000
27433206ns          489127 1c00942e 1c0035b7 lui              x11, 0x1c003000     x11=1c003000
27433226ns          489128 1c009432 018483b3 add              x7, x9, x24          x7=1c002eb4  x9:1c002eb0 x24:00000004
27433246ns          489129 1c009436 02812e83 lw               x29, 40(x2)         x29=1c002ec4  x2:100014d8  PA:10001500
27433266ns          489130 1c009438 10065633 p.exthz          x12, x12, x0        x12=00000023 x12:00000023
27433286ns          489131 1c00943c e8028293 addi             x5, x5, -384         x5=1c002e80  x5:1c003000
27433306ns          489132 1c009440 ea058593 addi             x11, x11, -352      x11=1c002ea0 x11:1c003000
27433326ns          489133 1c009444 03812483 lw               x9, 56(x2)           x9=1c002ee4  x2:100014d8  PA:10001510
27433346ns          489134 1c009446 10064733 p.exths          x14, x12, x0        x14=00000023 x12:00000023
27433366ns          489135 1c00944a 018280b3 add              x1, x5, x24          x1=1c002e84  x5:1c002e80 x24:00000004
27433385ns          489136 1c00944e 03012f03 lw               x30, 48(x2)         x30=1c002ed4  x2:100014d8  PA:10001508
27433405ns          489137 1c009450 018582b3 add              x5, x11, x24         x5=1c002ea4 x11:1c002ea0 x24:00000004
27433425ns          489138 1c009454 04012583 lw               x11, 64(x2)         x11=1c002ef4  x2:100014d8  PA:10001518
27433445ns          489139 1c009456 000edd83 lhu              x27, 0(x29)         x27=00001db1 x29:1c002ec4  PA:1c002ec4
27433743ns          489154 1c00945a 0004d483 lhu              x9, 0(x9)            x9=00000270  x9:1c002ee4  PA:1c002ee4
27434042ns          489169 1c00945e 02e70333 mul              x6, x14, x14         x6=000004c9 x14:00000023 x14:00000023
27434062ns          489170 1c009462 40a55513 srai             x10, x10, 0x40a     x10=00000001 x10:000004c2
27434081ns          489171 1c009464 04812e83 lw               x29, 72(x2)         x29=1c002f04  x2:100014d8  PA:10001520
27434101ns          489172 1c009466 40a6d693 srai             x13, x13, 0x40a     x13=00000001 x13:000005d8
27434121ns          489173 1c009468 000f5d03 lhu              x26, 0(x30)         x26=00000740 x30:1c002ed4  PA:1c002ed4
27434420ns          489188 1c00946c 0005d583 lhu              x11, 0(x11)         x11=000000fa x11:1c002ef4  PA:1c002ef4
27434797ns          489207 1c009470 40a35313 srai             x6, x6, 0x40a        x6=00000001  x6:000004c9
27434817ns          489208 1c009474 00a686b3 add              x13, x13, x10       x13=00000002 x13:00000001 x10:00000001
27434837ns          489209 1c009476 05012f03 lw               x30, 80(x2)         x30=1c002e74  x2:100014d8  PA:10001528
27434857ns          489210 1c009478 10034e33 p.exths          x28, x6, x0         x28=00000001  x6:00000001
27434877ns          489211 1c00947c 06911023 sh               x9, 96(x2)           x9:00000270  x2:100014d8  PA:10001538
27434897ns          489212 1c009480 000ede83 lhu              x29, 0(x29)         x29=0000006f x29:1c002f04  PA:1c002f04
27435235ns          489229 1c009484 05812483 lw               x9, 88(x2)           x9=1c002e64  x2:100014d8  PA:10001530
27435255ns          489230 1c009486 1006d6b3 p.exthz          x13, x13, x0        x13=00000002 x13:00000002
27435275ns          489231 1c00948a 02ee08b3 mul              x17, x28, x14       x17=00000023 x28:00000001 x14:00000023
27435295ns          489232 1c00948e 1006c833 p.exths          x16, x13, x0        x16=00000002 x13:00000002
27435315ns          489233 1c009492 06b11823 sh               x11, 112(x2)        x11:000000fa  x2:100014d8  PA:10001548
27435334ns          489234 1c009496 000f5f03 lhu              x30, 0(x30)         x30=0000fe86 x30:1c002e74  PA:1c002e74
27435692ns          489252 1c00949a 0a012583 lw               x11, 160(x2)        x11=1c002e94  x2:100014d8  PA:10001578
27435712ns          489253 1c00949c 1007d7b3 p.exthz          x15, x15, x0        x15=0000fffb x15:fffffffb
27435732ns          489254 1c0094a0 0004da03 lhu              x20, 0(x9)          x20=0000f95b  x9:1c002e64  PA:1c002e64
27436030ns          489269 1c0094a4 1007c533 p.exths          x10, x15, x0        x10=fffffffb x15:0000fffb
27436050ns          489270 1c0094a8 09d11023 sh               x29, 128(x2)        x29:0000006f  x2:100014d8  PA:10001558
27436070ns          489271 1c0094ac 0003d483 lhu              x9, 0(x7)            x9=0000ffbe  x7:1c002eb4  PA:1c002eb4
27436408ns          489288 1c0094b0 02e80eb3 mul              x29, x16, x14       x29=00000046 x16:00000002 x14:00000023
27436428ns          489289 1c0094b4 40a8d893 srai             x17, x17, 0x40a     x17=00000000 x17:00000023
27436448ns          489290 1c0094b8 03c80833 mul              x16, x16, x28       x16=00000002 x16:00000002 x28:00000001
27436468ns          489291 1c0094bc 09e11823 sh               x30, 144(x2)        x30:0000fe86  x2:100014d8  PA:10001568
27436488ns          489292 1c0094c0 0005d983 lhu              x19, 0(x11)         x19=0000ff77 x11:1c002e94  PA:1c002e94
27436846ns          489310 1c0094c4 81c88f5b p.muls           x30, x17, x28       x30=00000000 x17:00000000 x28:00000001
27436866ns          489311 1c0094c8 0002d583 lhu              x11, 0(x5)          x11=0000ff41  x5:1c002ea4  PA:1c002ea4
27437164ns          489326 1c0094cc 03ce0fb3 mul              x31, x28, x28       x31=00000001 x28:00000001 x28:00000001
27437184ns          489327 1c0094d0 02e50733 mul              x14, x10, x14       x14=ffffff51 x10:fffffffb x14:00000023
27437204ns          489328 1c0094d4 40a85813 srai             x16, x16, 0x40a     x16=00000000 x16:00000002
27437224ns          489329 1c0094d8 03c50533 mul              x10, x10, x28       x10=fffffffb x10:fffffffb x28:00000001
27437244ns          489330 1c0094dc 07015e03 lhu              x28, 112(x2)        x28=000000fa  x2:100014d8  PA:10001548
27437264ns          489331 1c0094e0 01b60633 add              x12, x12, x27       x12=00001dd4 x12:00000023 x27:00001db1
27437283ns          489332 1c0094e2 00980833 add              x16, x16, x9        x16=0000ffbe x16:00000000  x9:0000ffbe
27437303ns          489333 1c0094e4 06015d83 lhu              x27, 96(x2)         x27=00000270  x2:100014d8  PA:10001538
27437323ns          489334 1c0094e8 02812483 lw               x9, 40(x2)           x9=1c002ec4  x2:100014d8  PA:10001500
27437343ns          489335 1c0094ea 40afdf93 srai             x31, x31, 0x40a     x31=00000000 x31:00000001
27437363ns          489336 1c0094ee 40a55513 srai             x10, x10, 0x40a     x10=ffffffff x10:fffffffb
27437383ns          489337 1c0094f0 01cf8fb3 add              x31, x31, x28       x31=000000fa x31:00000000 x28:000000fa
27437403ns          489338 1c0094f2 00b50533 add              x10, x10, x11       x10=0000ff40 x10:ffffffff x11:0000ff41
27437423ns          489339 1c0094f4 09015e03 lhu              x28, 144(x2)        x28=0000fe86  x2:100014d8  PA:10001568
27437443ns          489340 1c0094f8 03012583 lw               x11, 48(x2)         x11=1c002ed4  x2:100014d8  PA:10001508
27437462ns          489341 1c0094fa 00c49023 sh               x12, 0(x9)          x12:00001dd4  x9:1c002ec4  PA:1c002ec4
27437801ns          489358 1c0094fe 01b888b3 add              x17, x17, x27       x17=00000270 x17:00000000 x27:00000270
27437820ns          489359 1c009500 01a30333 add              x6, x6, x26          x6=00000741  x6:00000001 x26:00000740
27437840ns          489360 1c009502 08015d83 lhu              x27, 128(x2)        x27=0000006f  x2:100014d8  PA:10001558
27437860ns          489361 1c009506 0000d903 lhu              x18, 0(x1)          x18=0000fe19  x1:1c002e84  PA:1c002e84
27438198ns          489378 1c00950a 01c686b3 add              x13, x13, x28       x13=0000fe88 x13:00000002 x28:0000fe86
27438218ns          489379 1c00950c 00659023 sh               x6, 0(x11)           x6:00000741 x11:1c002ed4  PA:1c002ed4
27438536ns          489395 1c009510 40af5f13 srai             x30, x30, 0x40a     x30=00000000 x30:00000000
27438556ns          489396 1c009514 04812e03 lw               x28, 72(x2)         x28=1c002f04  x2:100014d8  PA:10001520
27438576ns          489397 1c009516 01bf0f33 add              x30, x30, x27       x30=0000006f x30:00000000 x27:0000006f
27438596ns          489398 1c009518 40aede93 srai             x29, x29, 0x40a     x29=00000000 x29:00000046
27438616ns          489399 1c00951c 40a75713 srai             x14, x14, 0x40a     x14=ffffffff x14:ffffff51
27438636ns          489400 1c00951e 03812603 lw               x12, 56(x2)         x12=1c002ee4  x2:100014d8  PA:10001510
27438656ns          489401 1c009520 04012d83 lw               x27, 64(x2)         x27=1c002ef4  x2:100014d8  PA:10001518
27438676ns          489402 1c009522 01ee1023 sh               x30, 0(x28)         x30:0000006f x28:1c002f04  PA:1c002f04
27438994ns          489418 1c009526 05812483 lw               x9, 88(x2)           x9=1c002e64  x2:100014d8  PA:10001530
27439014ns          489419 1c009528 05012f03 lw               x30, 80(x2)         x30=1c002e74  x2:100014d8  PA:10001528
27439034ns          489420 1c00952a 0a012583 lw               x11, 160(x2)        x11=1c002e94  x2:100014d8  PA:10001578
27439053ns          489421 1c00952c 014787b3 add              x15, x15, x20       x15=0001f956 x15:0000fffb x20:0000f95b
27439073ns          489422 1c00952e 013e8eb3 add              x29, x29, x19       x29=0000ff77 x29:00000000 x19:0000ff77
27439093ns          489423 1c009530 01270733 add              x14, x14, x18       x14=0000fe18 x14:ffffffff x18:0000fe19
27439113ns          489424 1c009532 00f49023 sh               x15, 0(x9)          x15:0001f956  x9:1c002e64  PA:1c002e64
27439431ns          489440 1c009536 01161023 sh               x17, 0(x12)         x17:00000270 x12:1c002ee4  PA:1c002ee4
27439750ns          489456 1c00953a 01fd9023 sh               x31, 0(x27)         x31:000000fa x27:1c002ef4  PA:1c002ef4
27440068ns          489472 1c00953e 00df1023 sh               x13, 0(x30)         x13:0000fe88 x30:1c002e74  PA:1c002e74
27440386ns          489488 1c009542 01d59023 sh               x29, 0(x11)         x29:0000ff77 x11:1c002e94  PA:1c002e94
27440704ns          489504 1c009546 00e09023 sh               x14, 0(x1)          x14:0000fe18  x1:1c002e84  PA:1c002e84
27441022ns          489520 1c00954a 01039023 sh               x16, 0(x7)          x16:0000ffbe  x7:1c002eb4  PA:1c002eb4
27441341ns          489536 1c00954e 00a29023 sh               x10, 0(x5)          x10:0000ff40  x5:1c002ea4  PA:1c002ea4
27441659ns          489552 1c009552 008b0b13 addi             x22, x22, 8         x22=000001f2 x22:000001ea
27441679ns          489553 1c009554 1f300793 addi             x15, x0, 499        x15=000001f3
27441699ns          489554 1c009558 e767dae3 bge              x15, x22, -396      x15:000001f3 x22:000001f2
27441838ns          489561 1c0093cc 010c9a0b p.lh             x20, 16(x25!)       x20=0000005b x25=1c002a7c x25:1c002a6c  PA:1c002a6c
27442176ns          489578 1c0093d0 0104198b p.lh             x19, 16(x8!)        x19=fffffdd9  x8=1c002244  x8:1c002234  PA:1c002234
27442474ns          489593 1c0093d4 2cc10513 addi             x10, x2, 716        x10=100017a4  x2:100014d8
27442494ns          489594 1c0093d6 010a990b p.lh             x18, 16(x21!)       x18=00000005 x21=1c001a70 x21:1c001a60  PA:1c001a60
27442792ns          489609 1c0093da 010b948b p.lh             x9, 16(x23!)         x9=fffffdd3 x23=1c0012a0 x23:1c001290  PA:1c001290
27443111ns          489625 1c0093de 2d411623 sh               x20, 716(x2)        x20:0000005b  x2:100014d8  PA:100017a4
27443131ns          489626 1c0093e2 2d311723 sh               x19, 718(x2)        x19:fffffdd9  x2:100014d8  PA:100017a6
27443150ns          489627 1c0093e6 c33ff0ef jal              x1, -974             x1=1c0093e8
27443190ns          489629 1c009018 00051803 lh               x16, 0(x10)         x16=0000005b x10:100017a4  PA:100017a4
27443210ns          489630 1c00901c 00251883 lh               x17, 2(x10)         x17=fffffdd9 x10:100017a4  PA:100017a6
27443230ns          489631 1c009020 030806b3 mul              x13, x16, x16       x13=00002059 x16:0000005b x16:0000005b
27443250ns          489632 1c009024 03188633 mul              x12, x17, x17       x12=0004a1f1 x17:fffffdd9 x17:fffffdd9
27443270ns          489633 1c009028 40a65613 srai             x12, x12, 0x40a     x12=00000128 x12:0004a1f1
27443290ns          489634 1c00902a 40a6d693 srai             x13, x13, 0x40a     x13=00000008 x13:00002059
27443310ns          489635 1c00902c 00c686b3 add              x13, x13, x12       x13=00000130 x13:00000008 x12:00000128
27443329ns          489636 1c00902e 1006c633 p.exths          x12, x13, x0        x12=00000130 x13:00000130
27443349ns          489637 1c009032 00855703 lhu              x14, 8(x10)         x14=0000ffd1 x10:100017a4  PA:100017ac
27443369ns          489638 1c009036 00a55683 lhu              x13, 10(x10)        x13=0000ff6a x10:100017a4  PA:100017ae
27443389ns          489639 1c00903a 02c60333 mul              x6, x12, x12         x6=00016900 x12:00000130 x12:00000130
27443409ns          489640 1c00903e 00c55783 lhu              x15, 12(x10)        x15=0000ffe5 x10:100017a4  PA:100017b0
27443429ns          489641 1c009042 00e55583 lhu              x11, 14(x10)        x11=00000060 x10:100017a4  PA:100017b2
27443449ns          489642 1c009046 dea30333 p.extract        x6, x6, 15, 10       x6=0000005a  x6:00016900
27443469ns          489643 1c00904a 80c7075b p.muls           x14, x14, x12       x14=ffffc830 x14:0000ffd1 x12:00000130
27443488ns          489644 1c00904e 80c686db p.muls           x13, x13, x12       x13=ffff4de0 x13:0000ff6a x12:00000130
27443508ns          489645 1c009052 00455e83 lhu              x29, 4(x10)         x29=00000427 x10:100017a4  PA:100017a8
27443528ns          489646 1c009056 00655e03 lhu              x28, 6(x10)         x28=0000007f x10:100017a4  PA:100017aa
27443548ns          489647 1c00905a 40a75713 srai             x14, x14, 0x40a     x14=fffffff2 x14:ffffc830
27443568ns          489648 1c00905c 806787db p.muls           x15, x15, x6        x15=fffff682 x15:0000ffe5  x6:0000005a
27443588ns          489649 1c009060 40a6d693 srai             x13, x13, 0x40a     x13=ffffffd3 x13:ffff4de0
27443608ns          489650 1c009062 8065865b p.muls           x12, x11, x6        x12=000021c0 x11:00000060  x6:0000005a
27443628ns          489651 1c009066 40a7d793 srai             x15, x15, 0x40a     x15=fffffffd x15:fffff682
27443648ns          489652 1c009068 40a65613 srai             x12, x12, 0x40a     x12=00000008 x12:000021c0
27443667ns          489653 1c00906a 01d70733 add              x14, x14, x29       x14=00000419 x14:fffffff2 x29:00000427
27443687ns          489654 1c00906c 01c686b3 add              x13, x13, x28       x13=00000052 x13:ffffffd3 x28:0000007f
27443707ns          489655 1c00906e 00c686b3 add              x13, x13, x12       x13=0000005a x13:00000052 x12:00000008
27443727ns          489656 1c009070 00f70733 add              x14, x14, x15       x14=00000416 x14:00000419 x15:fffffffd
27443747ns          489657 1c009072 100747b3 p.exths          x15, x14, x0        x15=00000416 x14:00000416
27443767ns          489658 1c009076 1006c733 p.exths          x14, x13, x0        x14=0000005a x13:0000005a
27443787ns          489659 1c00907a 03170633 mul              x12, x14, x17       x12=ffff3e4a x14:0000005a x17:fffffdd9
27443807ns          489660 1c00907e 030786b3 mul              x13, x15, x16       x13=000173d2 x15:00000416 x16:0000005b
27443827ns          489661 1c009082 03070733 mul              x14, x14, x16       x14=00001ffe x14:0000005a x16:0000005b
27443846ns          489662 1c009086 031787b3 mul              x15, x15, x17       x15=fff734a6 x15:00000416 x17:fffffdd9
27443866ns          489663 1c00908a 40a6d693 srai             x13, x13, 0x40a     x13=0000005c x13:000173d2
27443886ns          489664 1c00908c 40a65613 srai             x12, x12, 0x40a     x12=ffffffcf x12:ffff3e4a
27443906ns          489665 1c00908e 40a7d793 srai             x15, x15, 0x40a     x15=fffffdcd x15:fff734a6
27443926ns          489666 1c009090 40a75713 srai             x14, x14, 0x40a     x14=00000007 x14:00001ffe
27443946ns          489667 1c009092 40c686b3 sub              x13, x13, x12       x13=0000008d x13:0000005c x12:ffffffcf
27443966ns          489668 1c009094 00e787b3 add              x15, x15, x14       x15=fffffdd4 x15:fffffdcd x14:00000007
27443986ns          489669 1c009096 00d51823 sh               x13, 16(x10)        x13:0000008d x10:100017a4  PA:100017b4
27444006ns          489670 1c00909a 00f51923 sh               x15, 18(x10)        x15:fffffdd4 x10:100017a4  PA:100017b6
27444025ns          489671 1c00909e 00008067 jalr             x0, x1, 0            x1:1c0093e8
27444065ns          489673 1c0093e8 2dc15583 lhu              x11, 732(x2)        x11=0000008d  x2:100014d8  PA:100017b4
27444085ns          489674 1c0093ec 2de15783 lhu              x15, 734(x2)        x15=0000fdd4  x2:100014d8  PA:100017b6
27444105ns          489675 1c0093f0 40b90933 sub              x18, x18, x11       x18=ffffff78 x18:00000005 x11:0000008d
27444125ns          489676 1c0093f4 40f484b3 sub              x9, x9, x15          x9=fffeffff  x9:fffffdd3 x15:0000fdd4
27444145ns          489677 1c0093f6 100945b3 p.exths          x11, x18, x0        x11=ffffff78 x18:ffffff78
27444165ns          489678 1c0093fa 1004c7b3 p.exths          x15, x9, x0         x15=ffffffff  x9:fffeffff
27444185ns          489679 1c0093fe 034586b3 mul              x13, x11, x20       x13=ffffcfa8 x11:ffffff78 x20:0000005b
27444204ns          489680 1c009402 03378533 mul              x10, x15, x19       x10=00000227 x15:ffffffff x19:fffffdd9
27444224ns          489681 1c009406 034a0633 mul              x12, x20, x20       x12=00002059 x20:0000005b x20:0000005b
27444244ns          489682 1c00940a 03398733 mul              x14, x19, x19       x14=0004a1f1 x19:fffffdd9 x19:fffffdd9
27444264ns          489683 1c00940e 034787b3 mul              x15, x15, x20       x15=ffffffa5 x15:ffffffff x20:0000005b
27444284ns          489684 1c009412 033585b3 mul              x11, x11, x19       x11=000124b8 x11:ffffff78 x19:fffffdd9
27444304ns          489685 1c009416 40a75713 srai             x14, x14, 0x40a     x14=00000128 x14:0004a1f1
27444324ns          489686 1c009418 40a5d593 srai             x11, x11, 0x40a     x11=00000049 x11:000124b8
27444344ns          489687 1c00941a 40a65613 srai             x12, x12, 0x40a     x12=00000008 x12:00002059
27444364ns          489688 1c00941c 40a7d793 srai             x15, x15, 0x40a     x15=ffffffff x15:ffffffa5
27444383ns          489689 1c00941e 1c0034b7 lui              x9, 0x1c003000       x9=1c003000
27444403ns          489690 1c009422 00e60633 add              x12, x12, x14       x12=00000130 x12:00000008 x14:00000128
27444423ns          489691 1c009424 40b787b3 sub              x15, x15, x11       x15=ffffffb6 x15:ffffffff x11:00000049
27444443ns          489692 1c009426 eb048493 addi             x9, x9, -336         x9=1c002eb0  x9:1c003000
27444463ns          489693 1c00942a 1c0032b7 lui              x5, 0x1c003000       x5=1c003000
27444483ns          489694 1c00942e 1c0035b7 lui              x11, 0x1c003000     x11=1c003000
27444503ns          489695 1c009432 018483b3 add              x7, x9, x24          x7=1c002eb4  x9:1c002eb0 x24:00000004
27444523ns          489696 1c009436 02812e83 lw               x29, 40(x2)         x29=1c002ec4  x2:100014d8  PA:10001500
27444543ns          489697 1c009438 10065633 p.exthz          x12, x12, x0        x12=00000130 x12:00000130
27444562ns          489698 1c00943c e8028293 addi             x5, x5, -384         x5=1c002e80  x5:1c003000
27444582ns          489699 1c009440 ea058593 addi             x11, x11, -352      x11=1c002ea0 x11:1c003000
27444602ns          489700 1c009444 03812483 lw               x9, 56(x2)           x9=1c002ee4  x2:100014d8  PA:10001510
27444622ns          489701 1c009446 10064733 p.exths          x14, x12, x0        x14=00000130 x12:00000130
27444642ns          489702 1c00944a 018280b3 add              x1, x5, x24          x1=1c002e84  x5:1c002e80 x24:00000004
27444662ns          489703 1c00944e 03012f03 lw               x30, 48(x2)         x30=1c002ed4  x2:100014d8  PA:10001508
27444682ns          489704 1c009450 018582b3 add              x5, x11, x24         x5=1c002ea4 x11:1c002ea0 x24:00000004
27444702ns          489705 1c009454 04012583 lw               x11, 64(x2)         x11=1c002ef4  x2:100014d8  PA:10001518
27444722ns          489706 1c009456 000edd83 lhu              x27, 0(x29)         x27=00001dd4 x29:1c002ec4  PA:1c002ec4
27445020ns          489721 1c00945a 0004d483 lhu              x9, 0(x9)            x9=00000270  x9:1c002ee4  PA:1c002ee4
27445318ns          489736 1c00945e 02e70333 mul              x6, x14, x14         x6=00016900 x14:00000130 x14:00000130
27445338ns          489737 1c009462 40a55513 srai             x10, x10, 0x40a     x10=00000000 x10:00000227
27445358ns          489738 1c009464 04812e83 lw               x29, 72(x2)         x29=1c002f04  x2:100014d8  PA:10001520
27445378ns          489739 1c009466 40a6d693 srai             x13, x13, 0x40a     x13=fffffff3 x13:ffffcfa8
27445398ns          489740 1c009468 000f5d03 lhu              x26, 0(x30)         x26=00000741 x30:1c002ed4  PA:1c002ed4
27445736ns          489757 1c00946c 0005d583 lhu              x11, 0(x11)         x11=000000fa x11:1c002ef4  PA:1c002ef4
27446034ns          489772 1c009470 40a35313 srai             x6, x6, 0x40a        x6=0000005a  x6:00016900
27446054ns          489773 1c009474 00a686b3 add              x13, x13, x10       x13=fffffff3 x13:fffffff3 x10:00000000
27446074ns          489774 1c009476 05012f03 lw               x30, 80(x2)         x30=1c002e74  x2:100014d8  PA:10001528
27446094ns          489775 1c009478 10034e33 p.exths          x28, x6, x0         x28=0000005a  x6:0000005a
27446114ns          489776 1c00947c 06911023 sh               x9, 96(x2)           x9:00000270  x2:100014d8  PA:10001538
27446134ns          489777 1c009480 000ede83 lhu              x29, 0(x29)         x29=0000006f x29:1c002f04  PA:1c002f04
27446452ns          489793 1c009484 05812483 lw               x9, 88(x2)           x9=1c002e64  x2:100014d8  PA:10001530
27446472ns          489794 1c009486 1006d6b3 p.exthz          x13, x13, x0        x13=0000fff3 x13:fffffff3
27446492ns          489795 1c00948a 02ee08b3 mul              x17, x28, x14       x17=00006ae0 x28:0000005a x14:00000130
27446511ns          489796 1c00948e 1006c833 p.exths          x16, x13, x0        x16=fffffff3 x13:0000fff3
27446531ns          489797 1c009492 06b11823 sh               x11, 112(x2)        x11:000000fa  x2:100014d8  PA:10001548
27446551ns          489798 1c009496 000f5f03 lhu              x30, 0(x30)         x30=0000fe88 x30:1c002e74  PA:1c002e74
27446850ns          489813 1c00949a 0a012583 lw               x11, 160(x2)        x11=1c002e94  x2:100014d8  PA:10001578
27446869ns          489814 1c00949c 1007d7b3 p.exthz          x15, x15, x0        x15=0000ffb6 x15:ffffffb6
27446889ns          489815 1c0094a0 0004da03 lhu              x20, 0(x9)          x20=0000f956  x9:1c002e64  PA:1c002e64
27447188ns          489830 1c0094a4 1007c533 p.exths          x10, x15, x0        x10=ffffffb6 x15:0000ffb6
27447208ns          489831 1c0094a8 09d11023 sh               x29, 128(x2)        x29:0000006f  x2:100014d8  PA:10001558
27447227ns          489832 1c0094ac 0003d483 lhu              x9, 0(x7)            x9=0000ffbe  x7:1c002eb4  PA:1c002eb4
27447526ns          489847 1c0094b0 02e80eb3 mul              x29, x16, x14       x29=fffff090 x16:fffffff3 x14:00000130
27447546ns          489848 1c0094b4 40a8d893 srai             x17, x17, 0x40a     x17=0000001a x17:00006ae0
27447566ns          489849 1c0094b8 03c80833 mul              x16, x16, x28       x16=fffffb6e x16:fffffff3 x28:0000005a
27447585ns          489850 1c0094bc 09e11823 sh               x30, 144(x2)        x30:0000fe88  x2:100014d8  PA:10001568
27447605ns          489851 1c0094c0 0005d983 lhu              x19, 0(x11)         x19=0000ff77 x11:1c002e94  PA:1c002e94
27447904ns          489866 1c0094c4 81c88f5b p.muls           x30, x17, x28       x30=00000924 x17:0000001a x28:0000005a
27447924ns          489867 1c0094c8 0002d583 lhu              x11, 0(x5)          x11=0000ff40  x5:1c002ea4  PA:1c002ea4
27448222ns          489882 1c0094cc 03ce0fb3 mul              x31, x28, x28       x31=00001fa4 x28:0000005a x28:0000005a
27448242ns          489883 1c0094d0 02e50733 mul              x14, x10, x14       x14=ffffa820 x10:ffffffb6 x14:00000130
27448262ns          489884 1c0094d4 40a85813 srai             x16, x16, 0x40a     x16=fffffffe x16:fffffb6e
27448282ns          489885 1c0094d8 03c50533 mul              x10, x10, x28       x10=ffffe5fc x10:ffffffb6 x28:0000005a
27448301ns          489886 1c0094dc 07015e03 lhu              x28, 112(x2)        x28=000000fa  x2:100014d8  PA:10001548
27448341ns          489888 1c0094e0 01b60633 add              x12, x12, x27       x12=00001f04 x12:00000130 x27:00001dd4
27448361ns          489889 1c0094e2 00980833 add              x16, x16, x9        x16=0000ffbc x16:fffffffe  x9:0000ffbe
27448381ns          489890 1c0094e4 06015d83 lhu              x27, 96(x2)         x27=00000270  x2:100014d8  PA:10001538
27448401ns          489891 1c0094e8 02812483 lw               x9, 40(x2)           x9=1c002ec4  x2:100014d8  PA:10001500
27448421ns          489892 1c0094ea 40afdf93 srai             x31, x31, 0x40a     x31=00000007 x31:00001fa4
27448441ns          489893 1c0094ee 40a55513 srai             x10, x10, 0x40a     x10=fffffff9 x10:ffffe5fc
27448460ns          489894 1c0094f0 01cf8fb3 add              x31, x31, x28       x31=00000101 x31:00000007 x28:000000fa
27448480ns          489895 1c0094f2 00b50533 add              x10, x10, x11       x10=0000ff39 x10:fffffff9 x11:0000ff40
27448500ns          489896 1c0094f4 09015e03 lhu              x28, 144(x2)        x28=0000fe88  x2:100014d8  PA:10001568
27448520ns          489897 1c0094f8 03012583 lw               x11, 48(x2)         x11=1c002ed4  x2:100014d8  PA:10001508
27448540ns          489898 1c0094fa 00c49023 sh               x12, 0(x9)          x12:00001f04  x9:1c002ec4  PA:1c002ec4
27448878ns          489915 1c0094fe 01b888b3 add              x17, x17, x27       x17=0000028a x17:0000001a x27:00000270
27448898ns          489916 1c009500 01a30333 add              x6, x6, x26          x6=0000079b  x6:0000005a x26:00000741
27448918ns          489917 1c009502 08015d83 lhu              x27, 128(x2)        x27=0000006f  x2:100014d8  PA:10001558
27448938ns          489918 1c009506 0000d903 lhu              x18, 0(x1)          x18=0000fe18  x1:1c002e84  PA:1c002e84
27449236ns          489933 1c00950a 01c686b3 add              x13, x13, x28       x13=0001fe7b x13:0000fff3 x28:0000fe88
27449256ns          489934 1c00950c 00659023 sh               x6, 0(x11)           x6:0000079b x11:1c002ed4  PA:1c002ed4
27449574ns          489950 1c009510 40af5f13 srai             x30, x30, 0x40a     x30=00000002 x30:00000924
27449594ns          489951 1c009514 04812e03 lw               x28, 72(x2)         x28=1c002f04  x2:100014d8  PA:10001520
27449614ns          489952 1c009516 01bf0f33 add              x30, x30, x27       x30=00000071 x30:00000002 x27:0000006f
27449634ns          489953 1c009518 40aede93 srai             x29, x29, 0x40a     x29=fffffffc x29:fffff090
27449654ns          489954 1c00951c 40a75713 srai             x14, x14, 0x40a     x14=ffffffea x14:ffffa820
27449674ns          489955 1c00951e 03812603 lw               x12, 56(x2)         x12=1c002ee4  x2:100014d8  PA:10001510
27449694ns          489956 1c009520 04012d83 lw               x27, 64(x2)         x27=1c002ef4  x2:100014d8  PA:10001518
27449713ns          489957 1c009522 01ee1023 sh               x30, 0(x28)         x30:00000071 x28:1c002f04  PA:1c002f04
27450032ns          489973 1c009526 05812483 lw               x9, 88(x2)           x9=1c002e64  x2:100014d8  PA:10001530
27450052ns          489974 1c009528 05012f03 lw               x30, 80(x2)         x30=1c002e74  x2:100014d8  PA:10001528
27450071ns          489975 1c00952a 0a012583 lw               x11, 160(x2)        x11=1c002e94  x2:100014d8  PA:10001578
27450091ns          489976 1c00952c 014787b3 add              x15, x15, x20       x15=0001f90c x15:0000ffb6 x20:0000f956
27450111ns          489977 1c00952e 013e8eb3 add              x29, x29, x19       x29=0000ff73 x29:fffffffc x19:0000ff77
27450131ns          489978 1c009530 01270733 add              x14, x14, x18       x14=0000fe02 x14:ffffffea x18:0000fe18
27450151ns          489979 1c009532 00f49023 sh               x15, 0(x9)          x15:0001f90c  x9:1c002e64  PA:1c002e64
27450489ns          489996 1c009536 01161023 sh               x17, 0(x12)         x17:0000028a x12:1c002ee4  PA:1c002ee4
27450807ns          490012 1c00953a 01fd9023 sh               x31, 0(x27)         x31:00000101 x27:1c002ef4  PA:1c002ef4
27451125ns          490028 1c00953e 00df1023 sh               x13, 0(x30)         x13:0001fe7b x30:1c002e74  PA:1c002e74
27451444ns          490044 1c009542 01d59023 sh               x29, 0(x11)         x29:0000ff73 x11:1c002e94  PA:1c002e94
27451762ns          490060 1c009546 00e09023 sh               x14, 0(x1)          x14:0000fe02  x1:1c002e84  PA:1c002e84
27452080ns          490076 1c00954a 01039023 sh               x16, 0(x7)          x16:0000ffbc  x7:1c002eb4  PA:1c002eb4
27452418ns          490093 1c00954e 00a29023 sh               x10, 0(x5)          x10:0000ff39  x5:1c002ea4  PA:1c002ea4
27452736ns          490109 1c009552 008b0b13 addi             x22, x22, 8         x22=000001fa x22:000001f2
27452756ns          490110 1c009554 1f300793 addi             x15, x0, 499        x15=000001f3
27452776ns          490111 1c009558 e767dae3 bge              x15, x22, -396      x15:000001f3 x22:000001fa
27452796ns          490112 1c00955c 790020ef jal              x1, 10128            x1=1c009560
27452876ns          490116 1c00bcec f14027f3 csrrs            x15, x0, 0xf14      x15=00000002
27452955ns          490120 1c00bcf0 01f00713 addi             x14, x0, 31         x14=0000001f
27452995ns          490122 1c00bcf2 ca5797b3 p.extractu       x15, x15, 5, 5      x15=00000000 x15:00000002
27453015ns          490123 1c00bcf6 00e78863 beq              x15, x14, 16        x15:00000000 x14:0000001f
27453035ns          490124 1c00bcfa 002047b7 lui              x15, 0x204000       x15=00204000
27453094ns          490127 1c00bcfe 20078793 addi             x15, x15, 512       x15=00204200 x15:00204000
27453134ns          490129 1c00bd02 01c7e703 p.elw            x14, 28(x15)        x14=00010000 x15:00204200  PA:0020421c
27453413ns          490143 1c00bd06 00008067 jalr             x0, x1, 0            x1:1c009560
27453452ns          490145 1c009560 0ac12683 lw               x13, 172(x2)        x13=00000002  x2:100014d8  PA:10001584
27453631ns          490154 1c009562 28069ce3 bne              x13, x0, 2712       x13:00000002
27454725ns          490209 1c009ffa 4f3010ef jal              x1, 7410             x1=1c009ffe
27455262ns          490236 1c00bcec f14027f3 csrrs            x15, x0, 0xf14      x15=00000002
27455282ns          490237 1c00bcf0 01f00713 addi             x14, x0, 31         x14=0000001f
27455302ns          490238 1c00bcf2 ca5797b3 p.extractu       x15, x15, 5, 5      x15=00000000 x15:00000002
27455322ns          490239 1c00bcf6 00e78863 beq              x15, x14, 16        x15:00000000 x14:0000001f
27455342ns          490240 1c00bcfa 002047b7 lui              x15, 0x204000       x15=00204000
27455401ns          490243 1c00bcfe 20078793 addi             x15, x15, 512       x15=00204200 x15:00204000
27455441ns          490245 1c00bd02 01c7e703 p.elw            x14, 28(x15)        x14=00010000 x15:00204200  PA:0020421c
31727660ns          703650 1c00bd06 00008067 jalr             x0, x1, 0            x1:1c009ffe
31727700ns          703652 1c009ffe 00000493 addi             x9, x0, 0            x9=00000000
31727760ns          703655 1c00a000 4ed010ef jal              x1, 7404             x1=1c00a004
31727800ns          703657 1c00bcec f14027f3 csrrs            x15, x0, 0xf14      x15=00000002
31727820ns          703658 1c00bcf0 01f00713 addi             x14, x0, 31         x14=0000001f
31727840ns          703659 1c00bcf2 ca5797b3 p.extractu       x15, x15, 5, 5      x15=00000000 x15:00000002
31727860ns          703660 1c00bcf6 00e78863 beq              x15, x14, 16        x15:00000000 x14:0000001f
31727880ns          703661 1c00bcfa 002047b7 lui              x15, 0x204000       x15=00204000
31727900ns          703662 1c00bcfe 20078793 addi             x15, x15, 512       x15=00204200 x15:00204000
31727920ns          703663 1c00bd02 01c7e703 p.elw            x14, 28(x15)        x14=00010000 x15:00204200  PA:0020421c
31728402ns          703687 1c00bd06 00008067 jalr             x0, x1, 0            x1:1c00a004
31728442ns          703689 1c00a004 a4aff06f jal              x0, -3510          
31729465ns          703740 1c00924e 31c12083 lw               x1, 796(x2)          x1=1c00bbd0  x2:100014d8  PA:100017f4
31729506ns          703742 1c009252 31812403 lw               x8, 792(x2)          x8=xxxxxxxx  x2:100014d8  PA:100017f0
31729526ns          703743 1c009256 00900533 add              x10, x0, x9         x10=00000000  x9:00000000
31729546ns          703744 1c009258 31012903 lw               x18, 784(x2)        x18=xxxxxxxx  x2:100014d8  PA:100017e8
31729566ns          703745 1c00925c 31412483 lw               x9, 788(x2)          x9=xxxxxxxx  x2:100014d8  PA:100017ec
31730027ns          703768 1c009260 30c12983 lw               x19, 780(x2)        x19=xxxxxxxx  x2:100014d8  PA:100017e4
31730067ns          703770 1c009264 30812a03 lw               x20, 776(x2)        x20=xxxxxxxx  x2:100014d8  PA:100017e0
31730087ns          703771 1c009268 30412a83 lw               x21, 772(x2)        x21=xxxxxxxx  x2:100014d8  PA:100017dc
31730107ns          703772 1c00926c 30012b03 lw               x22, 768(x2)        x22=xxxxxxxx  x2:100014d8  PA:100017d8
31730569ns          703795 1c009270 2fc12b83 lw               x23, 764(x2)        x23=xxxxxxxx  x2:100014d8  PA:100017d4
31730609ns          703797 1c009274 2f812c03 lw               x24, 760(x2)        x24=xxxxxxxx  x2:100014d8  PA:100017d0
31730629ns          703798 1c009278 2f412c83 lw               x25, 756(x2)        x25=xxxxxxxx  x2:100014d8  PA:100017cc
31730649ns          703799 1c00927c 2f012d03 lw               x26, 752(x2)        x26=xxxxxxxx  x2:100014d8  PA:100017c8
31731071ns          703820 1c009280 2ec12d83 lw               x27, 748(x2)        x27=xxxxxxxx  x2:100014d8  PA:100017c4
31731111ns          703822 1c009284 32010113 addi             x2, x2, 800          x2=100017f8  x2:100014d8
31731131ns          703823 1c009288 00008067 jalr             x0, x1, 0            x1:1c00bbd0
31731552ns          703844 1c00bbd0 f14027f3 csrrs            x15, x0, 0xf14      x15=00000002
31731592ns          703846 1c00bbd4 f457b7b3 p.bclr           x15, x15, 26, 5     x15=00000002 x15:00000002
31731612ns          703847 1c00bbd8 00079963 bne              x15, x0, 18         x15:00000002
31732174ns          703875 1c00bbea 002047b7 lui              x15, 0x204000       x15=00204000
31732636ns          703898 1c00bbee 00478713 addi             x14, x15, 4         x14=00204004 x15:00204000
31732656ns          703899 1c00bbf2 fff00693 addi             x13, x0, -1         x13=ffffffff
31732676ns          703900 1c00bbf4 00d72023 sw               x13, 0(x14)         x13:ffffffff x14:00204004  PA:00204004
