                Time          Cycles PC       Instr    Mnemonic
26618614ns          448168 1c008080 0640006f jal              x0, 100            
26619071ns          448191 1c0080e4 f1402573 csrrs            x10, x0, 0xf14      x10=00000001
26619111ns          448193 1c0080e8 01f57593 andi             x11, x10, 31        x11=00000001 x10:00000001
26619131ns          448194 1c0080ec 00555513 srli             x10, x10, 0x5       x10=00000000 x10:00000001
26619151ns          448195 1c0080ee 01f00613 addi             x12, x0, 31         x12=0000001f
26619568ns          448216 1c0080f0 00c50463 beq              x10, x12, 8         x10:00000000 x12:0000001f
26619608ns          448218 1c0080f4 fa1ff06f jal              x0, -96            
26620066ns          448241 1c008094 f3ff8117 auipc            x2, 0xf3ff8000       x2=10000094
26620105ns          448243 1c008098 f7010113 addi             x2, x2, -144         x2=10000004  x2:10000094
26620125ns          448244 1c00809c 00012103 lw               x2, 0(x2)            x2=10000008  x2:10000004  PA:10000004
26620563ns          448266 1c0080a0 000011b7 lui              x3, 0x1000           x3=00001000
26620603ns          448268 1c0080a4 80018193 addi             x3, x3, -2048        x3=00000800  x3:00001000
26620622ns          448269 1c0080a8 00158593 addi             x11, x11, 1         x11=00000002 x11:00000001
26620642ns          448270 1c0080ac 02b180b3 mul              x1, x3, x11          x1=00001000  x3:00000800 x11:00000002
26621080ns          448292 1c0080b0 00110133 add              x2, x2, x1           x2=10001008  x2:10000008  x1:00001000
26621120ns          448294 1c0080b4 2f10306f jal              x0, 15088          
26621597ns          448318 1c00bba4 002047b7 lui              x15, 0x204000       x15=00204000
26621637ns          448320 1c00bba8 ff010113 addi             x2, x2, -16          x2=10000ff8  x2:10001008
26621657ns          448321 1c00bbaa 00112623 sw               x1, 12(x2)           x1:00001000  x2:10000ff8  PA:10001004
26621677ns          448322 1c00bbac 00878713 addi             x14, x15, 8         x14=00204008 x15:00204000
26622094ns          448343 1c00bbb0 000706b7 lui              x13, 0x70000        x13=00070000
26622134ns          448345 1c00bbb4 00d72023 sw               x13, 0(x14)         x13:00070000 x14:00204008  PA:00204008
26622154ns          448346 1c00bbb6 20078693 addi             x13, x15, 512       x13=00204200 x15:00204000
26622174ns          448347 1c00bbba 0ff00713 addi             x14, x0, 255        x14=000000ff
26622194ns          448348 1c00bbbe 00e6a023 sw               x14, 0(x13)         x14:000000ff x13:00204200  PA:00204200
26622611ns          448369 1c00bbc0 20c78793 addi             x15, x15, 524       x15=0020420c x15:00204000
26622651ns          448371 1c00bbc4 00e7a023 sw               x14, 0(x15)         x14:000000ff x15:0020420c  PA:0020420c
26622671ns          448372 1c00bbc6 1c0037b7 lui              x15, 0x1c003000     x15=1c003000
26622691ns          448373 1c00bbca f447a783 lw               x15, -188(x15)      x15=1c009204 x15:1c003000  PA:1c002f44
26623148ns          448396 1c00bbce 000780e7 jalr             x1, x15, 0           x1=1c00bbd0 x15:1c009204
26623626ns          448420 1c009204 ce010113 addi             x2, x2, -800         x2=10000cd8  x2:10000ff8
26623665ns          448422 1c009208 f14027f3 csrrs            x15, x0, 0xf14      x15=00000001
26623685ns          448423 1c00920c 30112e23 sw               x1, 796(x2)          x1:1c00bbd0  x2:10000cd8  PA:10000ff4
26624143ns          448446 1c009210 30812c23 sw               x8, 792(x2)          x8:xxxxxxxx  x2:10000cd8  PA:10000ff0
26624182ns          448448 1c009214 30912a23 sw               x9, 788(x2)          x9:xxxxxxxx  x2:10000cd8  PA:10000fec
26624202ns          448449 1c009218 31212823 sw               x18, 784(x2)        x18:xxxxxxxx  x2:10000cd8  PA:10000fe8
26624222ns          448450 1c00921c 31312623 sw               x19, 780(x2)        x19:xxxxxxxx  x2:10000cd8  PA:10000fe4
26624660ns          448472 1c009220 31412423 sw               x20, 776(x2)        x20:xxxxxxxx  x2:10000cd8  PA:10000fe0
26624700ns          448474 1c009224 31512223 sw               x21, 772(x2)        x21:xxxxxxxx  x2:10000cd8  PA:10000fdc
26624719ns          448475 1c009228 31612023 sw               x22, 768(x2)        x22:xxxxxxxx  x2:10000cd8  PA:10000fd8
26624739ns          448476 1c00922c 2f712e23 sw               x23, 764(x2)        x23:xxxxxxxx  x2:10000cd8  PA:10000fd4
26625177ns          448498 1c009230 2f812c23 sw               x24, 760(x2)        x24:xxxxxxxx  x2:10000cd8  PA:10000fd0
26625217ns          448500 1c009234 2f912a23 sw               x25, 756(x2)        x25:xxxxxxxx  x2:10000cd8  PA:10000fcc
26625237ns          448501 1c009238 2fa12823 sw               x26, 752(x2)        x26:xxxxxxxx  x2:10000cd8  PA:10000fc8
26625256ns          448502 1c00923c 2fb12623 sw               x27, 748(x2)        x27:xxxxxxxx  x2:10000cd8  PA:10000fc4
26625694ns          448524 1c009240 ca579733 p.extractu       x14, x15, 5, 5      x14=00000000 x15:00000001
26625734ns          448526 1c009244 04070363 beq              x14, x0, 70         x14:00000000
26626251ns          448552 1c00928a f457b7b3 p.bclr           x15, x15, 26, 5     x15=00000001 x15:00000001
26626688ns          448574 1c00928e 1c000537 lui              x10, 0x1c000000     x10=1c000000
26626708ns          448575 1c009292 00f005b3 add              x11, x0, x15        x11=00000001 x15:00000001
26626728ns          448576 1c009294 00800613 addi             x12, x0, 8          x12=00000008
26626748ns          448577 1c009296 07050513 addi             x10, x10, 112       x10=1c000070 x10:1c000000
26626768ns          448578 1c00929a 0af12623 sw               x15, 172(x2)        x15:00000001  x2:10000cd8  PA:10000d84
26626788ns          448579 1c00929c 7c0010ef jal              x1, 6080             x1=1c0092a0
26627663ns          448623 1c00aa5c fc010113 addi             x2, x2, -64          x2=10000c98  x2:10000cd8
26628140ns          448647 1c00aa5e 02410313 addi             x6, x2, 36           x6=10000cbc  x2:10000c98
26628160ns          448648 1c00aa62 02c12423 sw               x12, 40(x2)         x12:00000008  x2:10000c98  PA:10000cc0
26628180ns          448649 1c00aa64 00a00633 add              x12, x0, x10        x12=1c000070 x10:1c000070
26628200ns          448650 1c00aa66 1c00b537 lui              x10, 0x1c00b000     x10=1c00b000
26628220ns          448651 1c00aa6a 02b12223 sw               x11, 36(x2)         x11:00000001  x2:10000c98  PA:10000cbc
26628240ns          448652 1c00aa6c 02d12623 sw               x13, 44(x2)         x13:00204200  x2:10000c98  PA:10000cc4
26628259ns          448653 1c00aa6e 00200593 addi             x11, x0, 2          x11=00000002
26628657ns          448673 1c00aa70 006006b3 add              x13, x0, x6         x13=10000cbc  x6:10000cbc
26628697ns          448675 1c00aa72 a1850513 addi             x10, x10, -1512     x10=1c00aa18 x10:1c00b000
26628717ns          448676 1c00aa76 00112e23 sw               x1, 28(x2)           x1:1c0092a0  x2:10000c98  PA:10000cb4
26628737ns          448677 1c00aa78 02e12823 sw               x14, 48(x2)         x14:00000000  x2:10000c98  PA:10000cc8
26628757ns          448678 1c00aa7a 02f12a23 sw               x15, 52(x2)         x15:00000001  x2:10000c98  PA:10000ccc
26628777ns          448679 1c00aa7c 03012c23 sw               x16, 56(x2)         x16:xxxxxxxx  x2:10000c98  PA:10000cd0
26628796ns          448680 1c00aa7e 03112e23 sw               x17, 60(x2)         x17:xxxxxxxx  x2:10000c98  PA:10000cd4
26629174ns          448699 1c00aa80 00612623 sw               x6, 12(x2)           x6:10000cbc  x2:10000c98  PA:10000ca4
26629194ns          448700 1c00aa82 fbfff0ef jal              x1, -66              x1=1c00aa84
26629652ns          448723 1c00aa40 04a0006f jal              x0, 74             
26629691ns          448725 1c00aa8a ed010113 addi             x2, x2, -304         x2=10000b68  x2:10000c98
26629711ns          448726 1c00aa8c 12812423 sw               x8, 296(x2)          x8:xxxxxxxx  x2:10000b68  PA:10000c90
26630149ns          448748 1c00aa90 00000413 addi             x8, x0, 0            x8=00000000
26630189ns          448750 1c00aa92 11612823 sw               x22, 272(x2)        x22:xxxxxxxx  x2:10000b68  PA:10000c78
26630209ns          448751 1c00aa96 11712623 sw               x23, 268(x2)        x23:xxxxxxxx  x2:10000b68  PA:10000c74
26630228ns          448752 1c00aa9a 11812423 sw               x24, 264(x2)        x24:xxxxxxxx  x2:10000b68  PA:10000c70
26630666ns          448774 1c00aa9e 11912223 sw               x25, 260(x2)        x25:xxxxxxxx  x2:10000b68  PA:10000c6c
26630706ns          448776 1c00aaa2 11a12023 sw               x26, 256(x2)        x26:xxxxxxxx  x2:10000b68  PA:10000c68
26630726ns          448777 1c00aaa6 0fb12e23 sw               x27, 252(x2)        x27:xxxxxxxx  x2:10000b68  PA:10000c64
26630745ns          448778 1c00aaa8 12112623 sw               x1, 300(x2)          x1:1c00aa84  x2:10000b68  PA:10000c94
26630765ns          448779 1c00aaac 00800db3 add              x27, x0, x8         x27=00000000  x8:00000000
26631183ns          448800 1c00aaae 12912223 sw               x9, 292(x2)          x9:xxxxxxxx  x2:10000b68  PA:10000c8c
26631223ns          448802 1c00aab2 13212023 sw               x18, 288(x2)        x18:xxxxxxxx  x2:10000b68  PA:10000c88
26631243ns          448803 1c00aab6 11312e23 sw               x19, 284(x2)        x19:xxxxxxxx  x2:10000b68  PA:10000c84
26631263ns          448804 1c00aaba 11412c23 sw               x20, 280(x2)        x20:xxxxxxxx  x2:10000b68  PA:10000c80
26631700ns          448826 1c00aabe 11512a23 sw               x21, 276(x2)        x21:xxxxxxxx  x2:10000b68  PA:10000c7c
26631720ns          448827 1c00aac2 00a00b33 add              x22, x0, x10        x22=1c00aa18 x10:1c00aa18
26631740ns          448828 1c00aac4 00b00d33 add              x26, x0, x11        x26=00000002 x11:00000002
26631760ns          448829 1c00aac6 00d00c33 add              x24, x0, x13        x24=10000cbc x13:10000cbc
26631780ns          448830 1c00aac8 1c000bb7 lui              x23, 0x1c000000     x23=1c000000
26631800ns          448831 1c00aacc 02410c93 addi             x25, x2, 36         x25=10000b8c  x2:10000b68
26632237ns          448853 1c00aad0 00c00433 add              x8, x0, x12          x8=1c000070 x12:1c000070
26632277ns          448855 1c00aad2 00044503 lbu              x10, 0(x8)          x10=00000043  x8:1c000070  PA:1c000070
26632575ns          448870 1c00aad6 00140413 addi             x8, x8, 1            x8=1c000071  x8:1c000070
26632595ns          448871 1c00aad8 00050e63 beq              x10, x0, 28         x10:00000043
26632615ns          448872 1c00aada 02500793 addi             x15, x0, 37         x15=00000025
26632774ns          448880 1c00aade 04f50863 beq              x10, x15, 80        x10:00000043 x15:00000025
26632794ns          448881 1c00aae2 01a005b3 add              x11, x0, x26        x11=00000002 x26:00000002
26632814ns          448882 1c00aae4 000b00e7 jalr             x1, x22, 0           x1=1c00aae6 x22:1c00aa18
26633271ns          448905 1c00aa18 000026b7 lui              x13, 0x2000         x13=00002000
26633311ns          448907 1c00aa1a f14027f3 csrrs            x15, x0, 0xf14      x15=00000001
26633749ns          448929 1c00aa1e f8068693 addi             x13, x13, -128      x13=00001f80 x13:00002000
26633788ns          448931 1c00aa22 00379713 slli             x14, x15, 0x3       x14=00000008 x15:00000001
26633808ns          448932 1c00aa26 00279793 slli             x15, x15, 0x2       x15=00000004 x15:00000001
26633828ns          448933 1c00aa28 00d7f7b3 and              x15, x15, x13       x15=00000000 x15:00000004 x13:00001f80
26633848ns          448934 1c00aa2a ee873733 p.bclr           x14, x14, 23, 8     x14=00000008 x14:00000008
26634266ns          448955 1c00aa2e 1a10f6b7 lui              x13, 0x1a10f000     x13=1a10f000
26634305ns          448957 1c00aa32 0ff57513 andi             x10, x10, 255       x10=00000043 x10:00000043
26634325ns          448958 1c00aa36 00d70733 add              x14, x14, x13       x14=1a10f008 x14:00000008 x13:1a10f000
26634345ns          448959 1c00aa38 00a7e723 p.sw             x10, x0(x15)        x10:00000043 x15:00000000  PA:1a10f008
26634723ns          448978 1c00aa3c 00000513 addi             x10, x0, 0          x10=00000000
26634743ns          448979 1c00aa3e 00008067 jalr             x0, x1, 0            x1:1c00aae6
26634803ns          448982 1c00aae6 25f52163 p.beqimm         x10, 578            x10:00000000
26634823ns          448983 1c00aaea 001d8d93 addi             x27, x27, 1         x27=00000001 x27:00000000
26634842ns          448984 1c00aaec 00044503 lbu              x10, 0(x8)          x10=0000006f  x8:1c000071  PA:1c000071
26635220ns          449003 1c00aaf0 00140413 addi             x8, x8, 1            x8=1c000072  x8:1c000071
26635240ns          449004 1c00aaf2 fe0514e3 bne              x10, x0, -24        x10:0000006f
26635320ns          449008 1c00aada 02500793 addi             x15, x0, 37         x15=00000025
26635340ns          449009 1c00aade 04f50863 beq              x10, x15, 80        x10:0000006f x15:00000025
26635360ns          449010 1c00aae2 01a005b3 add              x11, x0, x26        x11=00000002 x26:00000002
26635379ns          449011 1c00aae4 000b00e7 jalr             x1, x22, 0           x1=1c00aae6 x22:1c00aa18
26635419ns          449013 1c00aa18 000026b7 lui              x13, 0x2000         x13=00002000
26635439ns          449014 1c00aa1a f14027f3 csrrs            x15, x0, 0xf14      x15=00000001
26635459ns          449015 1c00aa1e f8068693 addi             x13, x13, -128      x13=00001f80 x13:00002000
26635479ns          449016 1c00aa22 00379713 slli             x14, x15, 0x3       x14=00000008 x15:00000001
26635499ns          449017 1c00aa26 00279793 slli             x15, x15, 0x2       x15=00000004 x15:00000001
26635519ns          449018 1c00aa28 00d7f7b3 and              x15, x15, x13       x15=00000000 x15:00000004 x13:00001f80
26635538ns          449019 1c00aa2a ee873733 p.bclr           x14, x14, 23, 8     x14=00000008 x14:00000008
26635558ns          449020 1c00aa2e 1a10f6b7 lui              x13, 0x1a10f000     x13=1a10f000
26635578ns          449021 1c00aa32 0ff57513 andi             x10, x10, 255       x10=0000006f x10:0000006f
26635598ns          449022 1c00aa36 00d70733 add              x14, x14, x13       x14=1a10f008 x14:00000008 x13:1a10f000
26635618ns          449023 1c00aa38 00a7e723 p.sw             x10, x0(x15)        x10:0000006f x15:00000000  PA:1a10f008
26636016ns          449043 1c00aa3c 00000513 addi             x10, x0, 0          x10=00000000
26636036ns          449044 1c00aa3e 00008067 jalr             x0, x1, 0            x1:1c00aae6
26636095ns          449047 1c00aae6 25f52163 p.beqimm         x10, 578            x10:00000000
26636115ns          449048 1c00aaea 001d8d93 addi             x27, x27, 1         x27=00000002 x27:00000001
26636135ns          449049 1c00aaec 00044503 lbu              x10, 0(x8)          x10=00000072  x8:1c000072  PA:1c000072
26636433ns          449064 1c00aaf0 00140413 addi             x8, x8, 1            x8=1c000073  x8:1c000072
26636453ns          449065 1c00aaf2 fe0514e3 bne              x10, x0, -24        x10:00000072
26636533ns          449069 1c00aada 02500793 addi             x15, x0, 37         x15=00000025
26636553ns          449070 1c00aade 04f50863 beq              x10, x15, 80        x10:00000072 x15:00000025
26636573ns          449071 1c00aae2 01a005b3 add              x11, x0, x26        x11=00000002 x26:00000002
26636593ns          449072 1c00aae4 000b00e7 jalr             x1, x22, 0           x1=1c00aae6 x22:1c00aa18
26636632ns          449074 1c00aa18 000026b7 lui              x13, 0x2000         x13=00002000
26636652ns          449075 1c00aa1a f14027f3 csrrs            x15, x0, 0xf14      x15=00000001
26636672ns          449076 1c00aa1e f8068693 addi             x13, x13, -128      x13=00001f80 x13:00002000
26636692ns          449077 1c00aa22 00379713 slli             x14, x15, 0x3       x14=00000008 x15:00000001
26636712ns          449078 1c00aa26 00279793 slli             x15, x15, 0x2       x15=00000004 x15:00000001
26636732ns          449079 1c00aa28 00d7f7b3 and              x15, x15, x13       x15=00000000 x15:00000004 x13:00001f80
26636752ns          449080 1c00aa2a ee873733 p.bclr           x14, x14, 23, 8     x14=00000008 x14:00000008
26636772ns          449081 1c00aa2e 1a10f6b7 lui              x13, 0x1a10f000     x13=1a10f000
26636791ns          449082 1c00aa32 0ff57513 andi             x10, x10, 255       x10=00000072 x10:00000072
26636811ns          449083 1c00aa36 00d70733 add              x14, x14, x13       x14=1a10f008 x14:00000008 x13:1a10f000
26636831ns          449084 1c00aa38 00a7e723 p.sw             x10, x0(x15)        x10:00000072 x15:00000000  PA:1a10f008
26637149ns          449100 1c00aa3c 00000513 addi             x10, x0, 0          x10=00000000
26637169ns          449101 1c00aa3e 00008067 jalr             x0, x1, 0            x1:1c00aae6
26637229ns          449104 1c00aae6 25f52163 p.beqimm         x10, 578            x10:00000000
26637249ns          449105 1c00aaea 001d8d93 addi             x27, x27, 1         x27=00000003 x27:00000002
26637269ns          449106 1c00aaec 00044503 lbu              x10, 0(x8)          x10=00000065  x8:1c000073  PA:1c000073
26637567ns          449121 1c00aaf0 00140413 addi             x8, x8, 1            x8=1c000074  x8:1c000073
26637587ns          449122 1c00aaf2 fe0514e3 bne              x10, x0, -24        x10:00000065
26637667ns          449126 1c00aada 02500793 addi             x15, x0, 37         x15=00000025
26637686ns          449127 1c00aade 04f50863 beq              x10, x15, 80        x10:00000065 x15:00000025
26637706ns          449128 1c00aae2 01a005b3 add              x11, x0, x26        x11=00000002 x26:00000002
26637726ns          449129 1c00aae4 000b00e7 jalr             x1, x22, 0           x1=1c00aae6 x22:1c00aa18
26637766ns          449131 1c00aa18 000026b7 lui              x13, 0x2000         x13=00002000
26637786ns          449132 1c00aa1a f14027f3 csrrs            x15, x0, 0xf14      x15=00000001
26637806ns          449133 1c00aa1e f8068693 addi             x13, x13, -128      x13=00001f80 x13:00002000
26637826ns          449134 1c00aa22 00379713 slli             x14, x15, 0x3       x14=00000008 x15:00000001
26637846ns          449135 1c00aa26 00279793 slli             x15, x15, 0x2       x15=00000004 x15:00000001
26637865ns          449136 1c00aa28 00d7f7b3 and              x15, x15, x13       x15=00000000 x15:00000004 x13:00001f80
26637885ns          449137 1c00aa2a ee873733 p.bclr           x14, x14, 23, 8     x14=00000008 x14:00000008
26637905ns          449138 1c00aa2e 1a10f6b7 lui              x13, 0x1a10f000     x13=1a10f000
26637925ns          449139 1c00aa32 0ff57513 andi             x10, x10, 255       x10=00000065 x10:00000065
26637945ns          449140 1c00aa36 00d70733 add              x14, x14, x13       x14=1a10f008 x14:00000008 x13:1a10f000
26637965ns          449141 1c00aa38 00a7e723 p.sw             x10, x0(x15)        x10:00000065 x15:00000000  PA:1a10f008
26638303ns          449158 1c00aa3c 00000513 addi             x10, x0, 0          x10=00000000
26638323ns          449159 1c00aa3e 00008067 jalr             x0, x1, 0            x1:1c00aae6
26638382ns          449162 1c00aae6 25f52163 p.beqimm         x10, 578            x10:00000000
26638402ns          449163 1c00aaea 001d8d93 addi             x27, x27, 1         x27=00000004 x27:00000003
26638422ns          449164 1c00aaec 00044503 lbu              x10, 0(x8)          x10=00000020  x8:1c000074  PA:1c000074
26638721ns          449179 1c00aaf0 00140413 addi             x8, x8, 1            x8=1c000075  x8:1c000074
26638740ns          449180 1c00aaf2 fe0514e3 bne              x10, x0, -24        x10:00000020
26638820ns          449184 1c00aada 02500793 addi             x15, x0, 37         x15=00000025
26638840ns          449185 1c00aade 04f50863 beq              x10, x15, 80        x10:00000020 x15:00000025
26638860ns          449186 1c00aae2 01a005b3 add              x11, x0, x26        x11=00000002 x26:00000002
26638880ns          449187 1c00aae4 000b00e7 jalr             x1, x22, 0           x1=1c00aae6 x22:1c00aa18
26638919ns          449189 1c00aa18 000026b7 lui              x13, 0x2000         x13=00002000
26638939ns          449190 1c00aa1a f14027f3 csrrs            x15, x0, 0xf14      x15=00000001
26638959ns          449191 1c00aa1e f8068693 addi             x13, x13, -128      x13=00001f80 x13:00002000
26638979ns          449192 1c00aa22 00379713 slli             x14, x15, 0x3       x14=00000008 x15:00000001
26638999ns          449193 1c00aa26 00279793 slli             x15, x15, 0x2       x15=00000004 x15:00000001
26639019ns          449194 1c00aa28 00d7f7b3 and              x15, x15, x13       x15=00000000 x15:00000004 x13:00001f80
26639039ns          449195 1c00aa2a ee873733 p.bclr           x14, x14, 23, 8     x14=00000008 x14:00000008
26639059ns          449196 1c00aa2e 1a10f6b7 lui              x13, 0x1a10f000     x13=1a10f000
26639079ns          449197 1c00aa32 0ff57513 andi             x10, x10, 255       x10=00000020 x10:00000020
26639098ns          449198 1c00aa36 00d70733 add              x14, x14, x13       x14=1a10f008 x14:00000008 x13:1a10f000
26639118ns          449199 1c00aa38 00a7e723 p.sw             x10, x0(x15)        x10:00000020 x15:00000000  PA:1a10f008
26639456ns          449216 1c00aa3c 00000513 addi             x10, x0, 0          x10=00000000
26639476ns          449217 1c00aa3e 00008067 jalr             x0, x1, 0            x1:1c00aae6
26639536ns          449220 1c00aae6 25f52163 p.beqimm         x10, 578            x10:00000000
26639556ns          449221 1c00aaea 001d8d93 addi             x27, x27, 1         x27=00000005 x27:00000004
26639576ns          449222 1c00aaec 00044503 lbu              x10, 0(x8)          x10=00000049  x8:1c000075  PA:1c000075
26639874ns          449237 1c00aaf0 00140413 addi             x8, x8, 1            x8=1c000076  x8:1c000075
26639894ns          449238 1c00aaf2 fe0514e3 bne              x10, x0, -24        x10:00000049
26639974ns          449242 1c00aada 02500793 addi             x15, x0, 37         x15=00000025
26639993ns          449243 1c00aade 04f50863 beq              x10, x15, 80        x10:00000049 x15:00000025
26640013ns          449244 1c00aae2 01a005b3 add              x11, x0, x26        x11=00000002 x26:00000002
26640033ns          449245 1c00aae4 000b00e7 jalr             x1, x22, 0           x1=1c00aae6 x22:1c00aa18
26640073ns          449247 1c00aa18 000026b7 lui              x13, 0x2000         x13=00002000
26640093ns          449248 1c00aa1a f14027f3 csrrs            x15, x0, 0xf14      x15=00000001
26640113ns          449249 1c00aa1e f8068693 addi             x13, x13, -128      x13=00001f80 x13:00002000
26640133ns          449250 1c00aa22 00379713 slli             x14, x15, 0x3       x14=00000008 x15:00000001
26640153ns          449251 1c00aa26 00279793 slli             x15, x15, 0x2       x15=00000004 x15:00000001
26640172ns          449252 1c00aa28 00d7f7b3 and              x15, x15, x13       x15=00000000 x15:00000004 x13:00001f80
26640192ns          449253 1c00aa2a ee873733 p.bclr           x14, x14, 23, 8     x14=00000008 x14:00000008
26640212ns          449254 1c00aa2e 1a10f6b7 lui              x13, 0x1a10f000     x13=1a10f000
26640232ns          449255 1c00aa32 0ff57513 andi             x10, x10, 255       x10=00000049 x10:00000049
26640252ns          449256 1c00aa36 00d70733 add              x14, x14, x13       x14=1a10f008 x14:00000008 x13:1a10f000
26640272ns          449257 1c00aa38 00a7e723 p.sw             x10, x0(x15)        x10:00000049 x15:00000000  PA:1a10f008
26640590ns          449273 1c00aa3c 00000513 addi             x10, x0, 0          x10=00000000
26640610ns          449274 1c00aa3e 00008067 jalr             x0, x1, 0            x1:1c00aae6
26640670ns          449277 1c00aae6 25f52163 p.beqimm         x10, 578            x10:00000000
26640689ns          449278 1c00aaea 001d8d93 addi             x27, x27, 1         x27=00000006 x27:00000005
26640709ns          449279 1c00aaec 00044503 lbu              x10, 0(x8)          x10=00000044  x8:1c000076  PA:1c000076
26641008ns          449294 1c00aaf0 00140413 addi             x8, x8, 1            x8=1c000077  x8:1c000076
26641028ns          449295 1c00aaf2 fe0514e3 bne              x10, x0, -24        x10:00000044
26641107ns          449299 1c00aada 02500793 addi             x15, x0, 37         x15=00000025
26641127ns          449300 1c00aade 04f50863 beq              x10, x15, 80        x10:00000044 x15:00000025
26641147ns          449301 1c00aae2 01a005b3 add              x11, x0, x26        x11=00000002 x26:00000002
26641167ns          449302 1c00aae4 000b00e7 jalr             x1, x22, 0           x1=1c00aae6 x22:1c00aa18
26641207ns          449304 1c00aa18 000026b7 lui              x13, 0x2000         x13=00002000
26641226ns          449305 1c00aa1a f14027f3 csrrs            x15, x0, 0xf14      x15=00000001
26641246ns          449306 1c00aa1e f8068693 addi             x13, x13, -128      x13=00001f80 x13:00002000
26641266ns          449307 1c00aa22 00379713 slli             x14, x15, 0x3       x14=00000008 x15:00000001
26641286ns          449308 1c00aa26 00279793 slli             x15, x15, 0x2       x15=00000004 x15:00000001
26641306ns          449309 1c00aa28 00d7f7b3 and              x15, x15, x13       x15=00000000 x15:00000004 x13:00001f80
26641326ns          449310 1c00aa2a ee873733 p.bclr           x14, x14, 23, 8     x14=00000008 x14:00000008
26641346ns          449311 1c00aa2e 1a10f6b7 lui              x13, 0x1a10f000     x13=1a10f000
26641366ns          449312 1c00aa32 0ff57513 andi             x10, x10, 255       x10=00000044 x10:00000044
26641386ns          449313 1c00aa36 00d70733 add              x14, x14, x13       x14=1a10f008 x14:00000008 x13:1a10f000
26641405ns          449314 1c00aa38 00a7e723 p.sw             x10, x0(x15)        x10:00000044 x15:00000000  PA:1a10f008
26641744ns          449331 1c00aa3c 00000513 addi             x10, x0, 0          x10=00000000
26641763ns          449332 1c00aa3e 00008067 jalr             x0, x1, 0            x1:1c00aae6
26641823ns          449335 1c00aae6 25f52163 p.beqimm         x10, 578            x10:00000000
26641843ns          449336 1c00aaea 001d8d93 addi             x27, x27, 1         x27=00000007 x27:00000006
26641863ns          449337 1c00aaec 00044503 lbu              x10, 0(x8)          x10=0000003a  x8:1c000077  PA:1c000077
26642161ns          449352 1c00aaf0 00140413 addi             x8, x8, 1            x8=1c000078  x8:1c000077
26642181ns          449353 1c00aaf2 fe0514e3 bne              x10, x0, -24        x10:0000003a
26642261ns          449357 1c00aada 02500793 addi             x15, x0, 37         x15=00000025
26642281ns          449358 1c00aade 04f50863 beq              x10, x15, 80        x10:0000003a x15:00000025
26642300ns          449359 1c00aae2 01a005b3 add              x11, x0, x26        x11=00000002 x26:00000002
26642320ns          449360 1c00aae4 000b00e7 jalr             x1, x22, 0           x1=1c00aae6 x22:1c00aa18
26642360ns          449362 1c00aa18 000026b7 lui              x13, 0x2000         x13=00002000
26642380ns          449363 1c00aa1a f14027f3 csrrs            x15, x0, 0xf14      x15=00000001
26642400ns          449364 1c00aa1e f8068693 addi             x13, x13, -128      x13=00001f80 x13:00002000
26642420ns          449365 1c00aa22 00379713 slli             x14, x15, 0x3       x14=00000008 x15:00000001
26642440ns          449366 1c00aa26 00279793 slli             x15, x15, 0x2       x15=00000004 x15:00000001
26642460ns          449367 1c00aa28 00d7f7b3 and              x15, x15, x13       x15=00000000 x15:00000004 x13:00001f80
26642479ns          449368 1c00aa2a ee873733 p.bclr           x14, x14, 23, 8     x14=00000008 x14:00000008
26642499ns          449369 1c00aa2e 1a10f6b7 lui              x13, 0x1a10f000     x13=1a10f000
26642519ns          449370 1c00aa32 0ff57513 andi             x10, x10, 255       x10=0000003a x10:0000003a
26642539ns          449371 1c00aa36 00d70733 add              x14, x14, x13       x14=1a10f008 x14:00000008 x13:1a10f000
26642559ns          449372 1c00aa38 00a7e723 p.sw             x10, x0(x15)        x10:0000003a x15:00000000  PA:1a10f008
26642877ns          449388 1c00aa3c 00000513 addi             x10, x0, 0          x10=00000000
26642897ns          449389 1c00aa3e 00008067 jalr             x0, x1, 0            x1:1c00aae6
26642957ns          449392 1c00aae6 25f52163 p.beqimm         x10, 578            x10:00000000
26642977ns          449393 1c00aaea 001d8d93 addi             x27, x27, 1         x27=00000008 x27:00000007
26642996ns          449394 1c00aaec 00044503 lbu              x10, 0(x8)          x10=00000020  x8:1c000078  PA:1c000078
26643295ns          449409 1c00aaf0 00140413 addi             x8, x8, 1            x8=1c000079  x8:1c000078
26643315ns          449410 1c00aaf2 fe0514e3 bne              x10, x0, -24        x10:00000020
26643394ns          449414 1c00aada 02500793 addi             x15, x0, 37         x15=00000025
26643414ns          449415 1c00aade 04f50863 beq              x10, x15, 80        x10:00000020 x15:00000025
26643434ns          449416 1c00aae2 01a005b3 add              x11, x0, x26        x11=00000002 x26:00000002
26643454ns          449417 1c00aae4 000b00e7 jalr             x1, x22, 0           x1=1c00aae6 x22:1c00aa18
26643494ns          449419 1c00aa18 000026b7 lui              x13, 0x2000         x13=00002000
26643514ns          449420 1c00aa1a f14027f3 csrrs            x15, x0, 0xf14      x15=00000001
26643533ns          449421 1c00aa1e f8068693 addi             x13, x13, -128      x13=00001f80 x13:00002000
26643553ns          449422 1c00aa22 00379713 slli             x14, x15, 0x3       x14=00000008 x15:00000001
26643573ns          449423 1c00aa26 00279793 slli             x15, x15, 0x2       x15=00000004 x15:00000001
26643593ns          449424 1c00aa28 00d7f7b3 and              x15, x15, x13       x15=00000000 x15:00000004 x13:00001f80
26643613ns          449425 1c00aa2a ee873733 p.bclr           x14, x14, 23, 8     x14=00000008 x14:00000008
26643633ns          449426 1c00aa2e 1a10f6b7 lui              x13, 0x1a10f000     x13=1a10f000
26643653ns          449427 1c00aa32 0ff57513 andi             x10, x10, 255       x10=00000020 x10:00000020
26643673ns          449428 1c00aa36 00d70733 add              x14, x14, x13       x14=1a10f008 x14:00000008 x13:1a10f000
26643693ns          449429 1c00aa38 00a7e723 p.sw             x10, x0(x15)        x10:00000020 x15:00000000  PA:1a10f008
26644051ns          449447 1c00aa3c 00000513 addi             x10, x0, 0          x10=00000000
26644070ns          449448 1c00aa3e 00008067 jalr             x0, x1, 0            x1:1c00aae6
26644130ns          449451 1c00aae6 25f52163 p.beqimm         x10, 578            x10:00000000
26644150ns          449452 1c00aaea 001d8d93 addi             x27, x27, 1         x27=00000009 x27:00000008
26644170ns          449453 1c00aaec 00044503 lbu              x10, 0(x8)          x10=00000025  x8:1c000079  PA:1c000079
26644468ns          449468 1c00aaf0 00140413 addi             x8, x8, 1            x8=1c00007a  x8:1c000079
26644488ns          449469 1c00aaf2 fe0514e3 bne              x10, x0, -24        x10:00000025
26644568ns          449473 1c00aada 02500793 addi             x15, x0, 37         x15=00000025
26644588ns          449474 1c00aade 04f50863 beq              x10, x15, 80        x10:00000025 x15:00000025
26645502ns          449520 1c00ab2e 00044483 lbu              x9, 0(x8)            x9=00000064  x8:1c00007a  PA:1c00007a
26645840ns          449537 1c00ab32 02000693 addi             x13, x0, 32         x13=00000020
26645860ns          449538 1c00ab36 00140a93 addi             x21, x8, 1          x21=1c00007b  x8:1c00007a
26645880ns          449539 1c00ab3a 009005b3 add              x11, x0, x9         x11=00000064  x9:00000064
26645900ns          449540 1c00ab3c 610b8513 addi             x10, x23, 1552      x10=1c000610 x23:1c000000
26646318ns          449561 1c00ab40 00d12823 sw               x13, 16(x2)         x13:00000020  x2:10000b68  PA:10000b78
26646338ns          449562 1c00ab42 00012c23 sw               x0, 24(x2)           x2:10000b68  PA:10000b80
26646358ns          449563 1c00ab44 00012a23 sw               x0, 20(x2)           x2:10000b68  PA:10000b7c
26646377ns          449564 1c00ab46 00012e23 sw               x0, 28(x2)           x2:10000b68  PA:10000b84
26646397ns          449565 1c00ab48 00012623 sw               x0, 12(x2)           x2:10000b68  PA:10000b74
26646417ns          449566 1c00ab4a 02300913 addi             x18, x0, 35         x18=00000023
26646835ns          449587 1c00ab4e 02d00a13 addi             x20, x0, 45         x20=0000002d
26646855ns          449588 1c00ab52 015009b3 add              x19, x0, x21        x19=1c00007b x21:1c00007b
26646875ns          449589 1c00ab54 e45ff0ef jal              x1, -444             x1=1c00ab56
26647332ns          449612 1c00a998 00054783 lbu              x15, 0(x10)         x15=0000002d x10:1c000610  PA:1c000610
26647670ns          449629 1c00a99c 0ff5f593 andi             x11, x11, 255       x11=00000064 x11:00000064
26647849ns          449638 1c00a9a0 00b78c63 beq              x15, x11, 24        x15:0000002d x11:00000064
26647889ns          449640 1c00a9a4 00078b63 beq              x15, x0, 22         x15:0000002d
26647909ns          449641 1c00a9a6 00150793 addi             x15, x10, 1         x15=1c000611 x10:1c000610
26647929ns          449642 1c00a9aa 0040006f jal              x0, 4              
26648406ns          449666 1c00a9ae 00f00533 add              x10, x0, x15        x10=1c000611 x15:1c000611
26648426ns          449667 1c00a9b0 0017c70b p.lbu            x14, 1(x15!)        x14=0000002b x15=1c000612 x15:1c000611  PA:1c000611
26648744ns          449683 1c00a9b4 feb71ce3 bne              x14, x11, -8        x14:0000002b x11:00000064
26648963ns          449694 1c00a9ac 00070763 beq              x14, x0, 14         x14:0000002b
26648983ns          449695 1c00a9ae 00f00533 add              x10, x0, x15        x10=1c000612 x15:1c000612
26649003ns          449696 1c00a9b0 0017c70b p.lbu            x14, 1(x15!)        x14=00000020 x15=1c000613 x15:1c000612  PA:1c000612
26649321ns          449712 1c00a9b4 feb71ce3 bne              x14, x11, -8        x14:00000020 x11:00000064
26649381ns          449715 1c00a9ac 00070763 beq              x14, x0, 14         x14:00000020
26649400ns          449716 1c00a9ae 00f00533 add              x10, x0, x15        x10=1c000613 x15:1c000613
26649420ns          449717 1c00a9b0 0017c70b p.lbu            x14, 1(x15!)        x14=00000023 x15=1c000614 x15:1c000613  PA:1c000613
26649739ns          449733 1c00a9b4 feb71ce3 bne              x14, x11, -8        x14:00000023 x11:00000064
26649798ns          449736 1c00a9ac 00070763 beq              x14, x0, 14         x14:00000023
26649818ns          449737 1c00a9ae 00f00533 add              x10, x0, x15        x10=1c000614 x15:1c000614
26649838ns          449738 1c00a9b0 0017c70b p.lbu            x14, 1(x15!)        x14=00000030 x15=1c000615 x15:1c000614  PA:1c000614
26650156ns          449754 1c00a9b4 feb71ce3 bne              x14, x11, -8        x14:00000030 x11:00000064
26650216ns          449757 1c00a9ac 00070763 beq              x14, x0, 14         x14:00000030
26650236ns          449758 1c00a9ae 00f00533 add              x10, x0, x15        x10=1c000615 x15:1c000615
26650256ns          449759 1c00a9b0 0017c70b p.lbu            x14, 1(x15!)        x14=00000000 x15=1c000616 x15:1c000615  PA:1c000615
26650594ns          449776 1c00a9b4 feb71ce3 bne              x14, x11, -8        x14:00000000 x11:00000064
26650653ns          449779 1c00a9ac 00070763 beq              x14, x0, 14         x14:00000000
26650733ns          449783 1c00a9ba 0015b593 sltiu            x11, x11, 1         x11=00000000 x11:00000064
26650753ns          449784 1c00a9be 40b005b3 sub              x11, x0, x11        x11=00000000 x11:00000000
26650773ns          449785 1c00a9c2 00b57533 and              x10, x10, x11       x10=00000000 x10:1c000615 x11:00000000
26650793ns          449786 1c00a9c4 00008067 jalr             x0, x1, 0            x1:1c00ab56
26650832ns          449788 1c00ab56 02050a63 beq              x10, x0, 52         x10:00000000
26651509ns          449822 1c00ab8a 02a00613 addi             x12, x0, 42         x12=0000002a
26651867ns          449840 1c00ab8e 1ec48c63 beq              x9, x12, 504         x9:00000064 x12:0000002a
26651906ns          449842 1c00ab92 fd048613 addi             x12, x9, -48        x12=00000034  x9:00000064
26651926ns          449843 1c00ab96 00900593 addi             x11, x0, 9          x11=00000009
26651946ns          449844 1c00ab98 00000913 addi             x18, x0, 0          x18=00000000
26651966ns          449845 1c00ab9a 1cc5f663 bgeu             x11, x12, 460       x11:00000009 x12:00000034
26652384ns          449866 1c00ab9e 02e00693 addi             x13, x0, 46         x13=0000002e
26652404ns          449867 1c00aba2 fff00a13 addi             x20, x0, -1         x20=ffffffff
26652423ns          449868 1c00aba4 22d48963 beq              x9, x13, 562         x9:00000064 x13:0000002e
26652443ns          449869 1c00aba8 1c0007b7 lui              x15, 0x1c000000     x15=1c000000
26652463ns          449870 1c00abac 009005b3 add              x11, x0, x9         x11=00000064  x9:00000064
26652901ns          449892 1c00abae 61878513 addi             x10, x15, 1560      x10=1c000618 x15:1c000000
26652921ns          449893 1c00abb2 de7ff0ef jal              x1, -538             x1=1c00abb4
26653000ns          449897 1c00a998 00054783 lbu              x15, 0(x10)         x15=00000068 x10:1c000618  PA:1c000618
26653318ns          449913 1c00a99c 0ff5f593 andi             x11, x11, 255       x11=00000064 x11:00000064
26653338ns          449914 1c00a9a0 00b78c63 beq              x15, x11, 24        x15:00000068 x11:00000064
26653358ns          449915 1c00a9a4 00078b63 beq              x15, x0, 22         x15:00000068
26653378ns          449916 1c00a9a6 00150793 addi             x15, x10, 1         x15=1c000619 x10:1c000618
26653398ns          449917 1c00a9aa 0040006f jal              x0, 4              
26653438ns          449919 1c00a9ae 00f00533 add              x10, x0, x15        x10=1c000619 x15:1c000619
26653458ns          449920 1c00a9b0 0017c70b p.lbu            x14, 1(x15!)        x14=0000006c x15=1c00061a x15:1c000619  PA:1c000619
26653855ns          449940 1c00a9b4 feb71ce3 bne              x14, x11, -8        x14:0000006c x11:00000064
26653915ns          449943 1c00a9ac 00070763 beq              x14, x0, 14         x14:0000006c
26653935ns          449944 1c00a9ae 00f00533 add              x10, x0, x15        x10=1c00061a x15:1c00061a
26653955ns          449945 1c00a9b0 0017c70b p.lbu            x14, 1(x15!)        x14=0000004c x15=1c00061b x15:1c00061a  PA:1c00061a
26654273ns          449961 1c00a9b4 feb71ce3 bne              x14, x11, -8        x14:0000004c x11:00000064
26654333ns          449964 1c00a9ac 00070763 beq              x14, x0, 14         x14:0000004c
26654353ns          449965 1c00a9ae 00f00533 add              x10, x0, x15        x10=1c00061b x15:1c00061b
26654372ns          449966 1c00a9b0 0017c70b p.lbu            x14, 1(x15!)        x14=0000007a x15=1c00061c x15:1c00061b  PA:1c00061b
26654691ns          449982 1c00a9b4 feb71ce3 bne              x14, x11, -8        x14:0000007a x11:00000064
26654750ns          449985 1c00a9ac 00070763 beq              x14, x0, 14         x14:0000007a
26654770ns          449986 1c00a9ae 00f00533 add              x10, x0, x15        x10=1c00061c x15:1c00061c
26654790ns          449987 1c00a9b0 0017c70b p.lbu            x14, 1(x15!)        x14=00000000 x15=1c00061d x15:1c00061c  PA:1c00061c
26655108ns          450003 1c00a9b4 feb71ce3 bne              x14, x11, -8        x14:00000000 x11:00000064
26655168ns          450006 1c00a9ac 00070763 beq              x14, x0, 14         x14:00000000
26655248ns          450010 1c00a9ba 0015b593 sltiu            x11, x11, 1         x11=00000000 x11:00000064
26655267ns          450011 1c00a9be 40b005b3 sub              x11, x0, x11        x11=00000000 x11:00000000
26655287ns          450012 1c00a9c2 00b57533 and              x10, x10, x11       x10=00000000 x10:1c00061c x11:00000000
26655307ns          450013 1c00a9c4 00008067 jalr             x0, x1, 0            x1:1c00abb4
26655347ns          450015 1c00abb4 01300433 add              x8, x0, x19          x8=1c00007b x19:1c00007b
26655367ns          450016 1c00abb6 00050563 beq              x10, x0, 10         x10:00000000
26655844ns          450040 1c00abc0 06700693 addi             x13, x0, 103        x13=00000067
26655864ns          450041 1c00abc4 1c96df63 bge              x13, x9, 478        x13:00000067  x9:00000064
26656361ns          450066 1c00ada2 06500693 addi             x13, x0, 101        x13=00000065
26656381ns          450067 1c00ada6 12d4d463 bge              x9, x13, 296         x9:00000064 x13:00000065
26656401ns          450068 1c00adaa 04700693 addi             x13, x0, 71         x13=00000047
26656858ns          450091 1c00adae 5296c363 blt              x13, x9, 1318       x13:00000047  x9:00000064
26657356ns          450116 1c00b2d4 06300693 addi             x13, x0, 99         x13=00000063
26657395ns          450118 1c00b2d8 1cd48463 beq              x9, x13, 456         x9:00000064 x13:00000063
26657415ns          450119 1c00b2dc 1296c763 blt              x13, x9, 302        x13:00000063  x9:00000064
26658430ns          450170 1c00b40a 000c2503 lw               x10, 0(x24)         x10=00000001 x24:10000cbc  PA:10000cbc
26658449ns          450171 1c00b40e 004c0c13 addi             x24, x24, 4         x24=10000cc0 x24:10000cbc
26658788ns          450188 1c00b410 2c054b63 blt              x10, x0, 726        x10:00000001
26658827ns          450190 1c00b414 01412603 lw               x12, 20(x2)         x12=00000000  x2:10000b68  PA:10000b7c
26658847ns          450191 1c00b416 00a006b3 add              x13, x0, x10        x13=00000001 x10:00000001
26658867ns          450192 1c00b418 2e061463 bne              x12, x0, 744        x12:00000000
26658887ns          450193 1c00b41c 01812703 lw               x14, 24(x2)         x14=00000000  x2:10000b68  PA:10000b80
26658907ns          450194 1c00b41e 019007b3 add              x15, x0, x25        x15=10000b8c x25:10000b8c
26659285ns          450213 1c00b420 00070763 beq              x14, x0, 14         x14:00000000
26659344ns          450216 1c00b42e 00f00733 add              x14, x0, x15        x14=10000b8c x15:10000b8c
26659802ns          450239 1c00b430 00a00593 addi             x11, x0, 10         x11=0000000a
26659842ns          450241 1c00b432 02b6f633 remu             x12, x13, x11       x12=00000001 x13:00000001 x11:0000000a
26660458ns          450272 1c00b436 02b6d6b3 divu             x13, x13, x11       x13=00000000 x13:00000001 x11:0000000a
26661075ns          450303 1c00b43a 03060613 addi             x12, x12, 48        x12=00000031 x12:00000001
26661095ns          450304 1c00b43e 00c700ab p.sb             x12, 1(x14!)        x14=10000b8d x12:00000031 x14:10000b8c  PA:10000b8c
26661114ns          450305 1c00b442 fe0698e3 bne              x13, x0, -16        x13:00000000
26661134ns          450306 1c00b444 40f706b3 sub              x13, x14, x15       x13=00000001 x14:10000b8d x15:10000b8c
26661154ns          450307 1c00b448 0146da63 bge              x13, x20, 20        x13:00000001 x20:ffffffff
26661632ns          450331 1c00b45c 00e006b3 add              x13, x0, x14        x13=10000b8d x14:10000b8d
26662069ns          450353 1c00b45e fe068fab p.sb             x0, -1(x13!)        x13=10000b8c x13:10000b8d  PA:10000b8d
26662109ns          450355 1c00b462 00d7fc63 bgeu             x15, x13, 24        x15:10000b8c x13:10000b8c
26662606ns          450380 1c00b47a 01412783 lw               x15, 20(x2)         x15=00000000  x2:10000b68  PA:10000b7c
26662646ns          450382 1c00b47c 01812603 lw               x12, 24(x2)         x12=00000000  x2:10000b68  PA:10000b80
26663163ns          450408 1c00b47e 419704b3 sub              x9, x14, x25         x9=00000001 x14:10000b8d x25:10000b8c
26663183ns          450409 1c00b482 00c7e7b3 or               x15, x15, x12       x15=00000000 x15:00000000 x12:00000000
26663203ns          450410 1c00b484 00f12623 sw               x15, 12(x2)         x15:00000000  x2:10000b68  PA:10000b74
26663242ns          450412 1c00b486 00079363 bne              x15, x0, 6          x15:00000000
26663262ns          450413 1c00b488 01f55513 srli             x10, x10, 0x1f      x10=00000000 x10:00000001
26663282ns          450414 1c00b48a 00a12623 sw               x10, 12(x2)         x10:00000000  x2:10000b68  PA:10000b74
26663362ns          450418 1c00b48c ddfa22e3 p.beqimm         x20, -572           x20:ffffffff
26664058ns          450453 1c00b250 0c800793 addi             x15, x0, 200        x15=000000c8
26664098ns          450455 1c00b254 ac97cae3 blt              x15, x9, -1324      x15:000000c8  x9:00000001
26664118ns          450456 1c00b258 9d24c8e3 blt              x9, x18, -1584       x9:00000001 x18:00000000
26664137ns          450457 1c00b25c aabff06f jal              x0, -1366          
26665152ns          450508 1c00ad06 dc0486e3 beq              x9, x0, -564         x9:00000001
26665172ns          450509 1c00ad0a 01900933 add              x18, x0, x25        x18=10000b8c x25:10000b8c
26665192ns          450510 1c00ad0c 419d8db3 sub              x27, x27, x25       x27=effff47d x27:00000009 x25:10000b8c
26665530ns          450527 1c00ad10 00a0006f jal              x0, 10             
26665589ns          450530 1c00ad1a 0019450b p.lbu            x10, 1(x18!)        x10=00000031 x18=10000b8d x18:10000b8c  PA:10000b8c
26665609ns          450531 1c00ad1e 01a005b3 add              x11, x0, x26        x11=00000002 x26:00000002
26666007ns          450551 1c00ad20 000b00e7 jalr             x1, x22, 0           x1=1c00ad22 x22:1c00aa18
26666086ns          450555 1c00aa18 000026b7 lui              x13, 0x2000         x13=00002000
26666126ns          450557 1c00aa1a f14027f3 csrrs            x15, x0, 0xf14      x15=00000001
26666146ns          450558 1c00aa1e f8068693 addi             x13, x13, -128      x13=00001f80 x13:00002000
26666166ns          450559 1c00aa22 00379713 slli             x14, x15, 0x3       x14=00000008 x15:00000001
26666186ns          450560 1c00aa26 00279793 slli             x15, x15, 0x2       x15=00000004 x15:00000001
26666206ns          450561 1c00aa28 00d7f7b3 and              x15, x15, x13       x15=00000000 x15:00000004 x13:00001f80
26666226ns          450562 1c00aa2a ee873733 p.bclr           x14, x14, 23, 8     x14=00000008 x14:00000008
26666265ns          450564 1c00aa2e 1a10f6b7 lui              x13, 0x1a10f000     x13=1a10f000
26666305ns          450566 1c00aa32 0ff57513 andi             x10, x10, 255       x10=00000031 x10:00000031
26666325ns          450567 1c00aa36 00d70733 add              x14, x14, x13       x14=1a10f008 x14:00000008 x13:1a10f000
26666345ns          450568 1c00aa38 00a7e723 p.sw             x10, x0(x15)        x10:00000031 x15:00000000  PA:1a10f008
26666743ns          450588 1c00aa3c 00000513 addi             x10, x0, 0          x10=00000000
26666763ns          450589 1c00aa3e 00008067 jalr             x0, x1, 0            x1:1c00ad22
26666802ns          450591 1c00ad22 fff48493 addi             x9, x9, -1           x9=00000000  x9:00000001
26666822ns          450592 1c00ad24 fff537e3 p.bneimm         x10, -18            x10:00000000
26666902ns          450596 1c00ad12 012d8733 add              x14, x27, x18       x14=0000000a x27:effff47d x18:10000b8d
26666922ns          450597 1c00ad16 66048d63 beq              x9, x0, 1658         x9:00000000
26667320ns          450617 1c00b390 00e00db3 add              x27, x0, x14        x27=0000000a x14:0000000a
26667359ns          450619 1c00b392 f40ff06f jal              x0, -2240          
26667479ns          450625 1c00aad2 00044503 lbu              x10, 0(x8)          x10=0000002c  x8:1c00007b  PA:1c00007b
26667777ns          450640 1c00aad6 00140413 addi             x8, x8, 1            x8=1c00007c  x8:1c00007b
26667797ns          450641 1c00aad8 00050e63 beq              x10, x0, 28         x10:0000002c
26667817ns          450642 1c00aada 02500793 addi             x15, x0, 37         x15=00000025
26667837ns          450643 1c00aade 04f50863 beq              x10, x15, 80        x10:0000002c x15:00000025
26667856ns          450644 1c00aae2 01a005b3 add              x11, x0, x26        x11=00000002 x26:00000002
26667876ns          450645 1c00aae4 000b00e7 jalr             x1, x22, 0           x1=1c00aae6 x22:1c00aa18
26667916ns          450647 1c00aa18 000026b7 lui              x13, 0x2000         x13=00002000
26667936ns          450648 1c00aa1a f14027f3 csrrs            x15, x0, 0xf14      x15=00000001
26667956ns          450649 1c00aa1e f8068693 addi             x13, x13, -128      x13=00001f80 x13:00002000
26667976ns          450650 1c00aa22 00379713 slli             x14, x15, 0x3       x14=00000008 x15:00000001
26667996ns          450651 1c00aa26 00279793 slli             x15, x15, 0x2       x15=00000004 x15:00000001
26668016ns          450652 1c00aa28 00d7f7b3 and              x15, x15, x13       x15=00000000 x15:00000004 x13:00001f80
26668035ns          450653 1c00aa2a ee873733 p.bclr           x14, x14, 23, 8     x14=00000008 x14:00000008
26668055ns          450654 1c00aa2e 1a10f6b7 lui              x13, 0x1a10f000     x13=1a10f000
26668075ns          450655 1c00aa32 0ff57513 andi             x10, x10, 255       x10=0000002c x10:0000002c
26668095ns          450656 1c00aa36 00d70733 add              x14, x14, x13       x14=1a10f008 x14:00000008 x13:1a10f000
26668115ns          450657 1c00aa38 00a7e723 p.sw             x10, x0(x15)        x10:0000002c x15:00000000  PA:1a10f008
26668533ns          450678 1c00aa3c 00000513 addi             x10, x0, 0          x10=00000000
26668553ns          450679 1c00aa3e 00008067 jalr             x0, x1, 0            x1:1c00aae6
26668612ns          450682 1c00aae6 25f52163 p.beqimm         x10, 578            x10:00000000
26668632ns          450683 1c00aaea 001d8d93 addi             x27, x27, 1         x27=0000000b x27:0000000a
26668652ns          450684 1c00aaec 00044503 lbu              x10, 0(x8)          x10=00000020  x8:1c00007c  PA:1c00007c
26668970ns          450700 1c00aaf0 00140413 addi             x8, x8, 1            x8=1c00007d  x8:1c00007c
26668990ns          450701 1c00aaf2 fe0514e3 bne              x10, x0, -24        x10:00000020
26669070ns          450705 1c00aada 02500793 addi             x15, x0, 37         x15=00000025
26669090ns          450706 1c00aade 04f50863 beq              x10, x15, 80        x10:00000020 x15:00000025
26669109ns          450707 1c00aae2 01a005b3 add              x11, x0, x26        x11=00000002 x26:00000002
26669129ns          450708 1c00aae4 000b00e7 jalr             x1, x22, 0           x1=1c00aae6 x22:1c00aa18
26669169ns          450710 1c00aa18 000026b7 lui              x13, 0x2000         x13=00002000
26669189ns          450711 1c00aa1a f14027f3 csrrs            x15, x0, 0xf14      x15=00000001
26669209ns          450712 1c00aa1e f8068693 addi             x13, x13, -128      x13=00001f80 x13:00002000
26669229ns          450713 1c00aa22 00379713 slli             x14, x15, 0x3       x14=00000008 x15:00000001
26669249ns          450714 1c00aa26 00279793 slli             x15, x15, 0x2       x15=00000004 x15:00000001
26669269ns          450715 1c00aa28 00d7f7b3 and              x15, x15, x13       x15=00000000 x15:00000004 x13:00001f80
26669288ns          450716 1c00aa2a ee873733 p.bclr           x14, x14, 23, 8     x14=00000008 x14:00000008
26669308ns          450717 1c00aa2e 1a10f6b7 lui              x13, 0x1a10f000     x13=1a10f000
26669328ns          450718 1c00aa32 0ff57513 andi             x10, x10, 255       x10=00000020 x10:00000020
26669348ns          450719 1c00aa36 00d70733 add              x14, x14, x13       x14=1a10f008 x14:00000008 x13:1a10f000
26669368ns          450720 1c00aa38 00a7e723 p.sw             x10, x0(x15)        x10:00000020 x15:00000000  PA:1a10f008
26669686ns          450736 1c00aa3c 00000513 addi             x10, x0, 0          x10=00000000
26669706ns          450737 1c00aa3e 00008067 jalr             x0, x1, 0            x1:1c00aae6
26669766ns          450740 1c00aae6 25f52163 p.beqimm         x10, 578            x10:00000000
26669786ns          450741 1c00aaea 001d8d93 addi             x27, x27, 1         x27=0000000c x27:0000000b
26669806ns          450742 1c00aaec 00044503 lbu              x10, 0(x8)          x10=0000004e  x8:1c00007d  PA:1c00007d
26670104ns          450757 1c00aaf0 00140413 addi             x8, x8, 1            x8=1c00007e  x8:1c00007d
26670124ns          450758 1c00aaf2 fe0514e3 bne              x10, x0, -24        x10:0000004e
26670203ns          450762 1c00aada 02500793 addi             x15, x0, 37         x15=00000025
26670223ns          450763 1c00aade 04f50863 beq              x10, x15, 80        x10:0000004e x15:00000025
26670243ns          450764 1c00aae2 01a005b3 add              x11, x0, x26        x11=00000002 x26:00000002
26670263ns          450765 1c00aae4 000b00e7 jalr             x1, x22, 0           x1=1c00aae6 x22:1c00aa18
26670303ns          450767 1c00aa18 000026b7 lui              x13, 0x2000         x13=00002000
26670323ns          450768 1c00aa1a f14027f3 csrrs            x15, x0, 0xf14      x15=00000001
26670342ns          450769 1c00aa1e f8068693 addi             x13, x13, -128      x13=00001f80 x13:00002000
26670362ns          450770 1c00aa22 00379713 slli             x14, x15, 0x3       x14=00000008 x15:00000001
26670382ns          450771 1c00aa26 00279793 slli             x15, x15, 0x2       x15=00000004 x15:00000001
26670402ns          450772 1c00aa28 00d7f7b3 and              x15, x15, x13       x15=00000000 x15:00000004 x13:00001f80
26670422ns          450773 1c00aa2a ee873733 p.bclr           x14, x14, 23, 8     x14=00000008 x14:00000008
26670442ns          450774 1c00aa2e 1a10f6b7 lui              x13, 0x1a10f000     x13=1a10f000
26670462ns          450775 1c00aa32 0ff57513 andi             x10, x10, 255       x10=0000004e x10:0000004e
26670482ns          450776 1c00aa36 00d70733 add              x14, x14, x13       x14=1a10f008 x14:00000008 x13:1a10f000
26670502ns          450777 1c00aa38 00a7e723 p.sw             x10, x0(x15)        x10:0000004e x15:00000000  PA:1a10f008
26670820ns          450793 1c00aa3c 00000513 addi             x10, x0, 0          x10=00000000
26670840ns          450794 1c00aa3e 00008067 jalr             x0, x1, 0            x1:1c00aae6
26670899ns          450797 1c00aae6 25f52163 p.beqimm         x10, 578            x10:00000000
26670919ns          450798 1c00aaea 001d8d93 addi             x27, x27, 1         x27=0000000d x27:0000000c
26670939ns          450799 1c00aaec 00044503 lbu              x10, 0(x8)          x10=00000075  x8:1c00007e  PA:1c00007e
26671237ns          450814 1c00aaf0 00140413 addi             x8, x8, 1            x8=1c00007f  x8:1c00007e
26671257ns          450815 1c00aaf2 fe0514e3 bne              x10, x0, -24        x10:00000075
26671337ns          450819 1c00aada 02500793 addi             x15, x0, 37         x15=00000025
26671357ns          450820 1c00aade 04f50863 beq              x10, x15, 80        x10:00000075 x15:00000025
26671377ns          450821 1c00aae2 01a005b3 add              x11, x0, x26        x11=00000002 x26:00000002
26671397ns          450822 1c00aae4 000b00e7 jalr             x1, x22, 0           x1=1c00aae6 x22:1c00aa18
26671436ns          450824 1c00aa18 000026b7 lui              x13, 0x2000         x13=00002000
26671456ns          450825 1c00aa1a f14027f3 csrrs            x15, x0, 0xf14      x15=00000001
26671476ns          450826 1c00aa1e f8068693 addi             x13, x13, -128      x13=00001f80 x13:00002000
26671496ns          450827 1c00aa22 00379713 slli             x14, x15, 0x3       x14=00000008 x15:00000001
26671516ns          450828 1c00aa26 00279793 slli             x15, x15, 0x2       x15=00000004 x15:00000001
26671536ns          450829 1c00aa28 00d7f7b3 and              x15, x15, x13       x15=00000000 x15:00000004 x13:00001f80
26671556ns          450830 1c00aa2a ee873733 p.bclr           x14, x14, 23, 8     x14=00000008 x14:00000008
26671576ns          450831 1c00aa2e 1a10f6b7 lui              x13, 0x1a10f000     x13=1a10f000
26671595ns          450832 1c00aa32 0ff57513 andi             x10, x10, 255       x10=00000075 x10:00000075
26671615ns          450833 1c00aa36 00d70733 add              x14, x14, x13       x14=1a10f008 x14:00000008 x13:1a10f000
26671635ns          450834 1c00aa38 00a7e723 p.sw             x10, x0(x15)        x10:00000075 x15:00000000  PA:1a10f008
26671953ns          450850 1c00aa3c 00000513 addi             x10, x0, 0          x10=00000000
26671973ns          450851 1c00aa3e 00008067 jalr             x0, x1, 0            x1:1c00aae6
26672033ns          450854 1c00aae6 25f52163 p.beqimm         x10, 578            x10:00000000
26672053ns          450855 1c00aaea 001d8d93 addi             x27, x27, 1         x27=0000000e x27:0000000d
26672073ns          450856 1c00aaec 00044503 lbu              x10, 0(x8)          x10=0000006d  x8:1c00007f  PA:1c00007f
26672371ns          450871 1c00aaf0 00140413 addi             x8, x8, 1            x8=1c000080  x8:1c00007f
26672391ns          450872 1c00aaf2 fe0514e3 bne              x10, x0, -24        x10:0000006d
26672471ns          450876 1c00aada 02500793 addi             x15, x0, 37         x15=00000025
26672490ns          450877 1c00aade 04f50863 beq              x10, x15, 80        x10:0000006d x15:00000025
26672510ns          450878 1c00aae2 01a005b3 add              x11, x0, x26        x11=00000002 x26:00000002
26672530ns          450879 1c00aae4 000b00e7 jalr             x1, x22, 0           x1=1c00aae6 x22:1c00aa18
26672570ns          450881 1c00aa18 000026b7 lui              x13, 0x2000         x13=00002000
26672590ns          450882 1c00aa1a f14027f3 csrrs            x15, x0, 0xf14      x15=00000001
26672610ns          450883 1c00aa1e f8068693 addi             x13, x13, -128      x13=00001f80 x13:00002000
26672630ns          450884 1c00aa22 00379713 slli             x14, x15, 0x3       x14=00000008 x15:00000001
26672650ns          450885 1c00aa26 00279793 slli             x15, x15, 0x2       x15=00000004 x15:00000001
26672669ns          450886 1c00aa28 00d7f7b3 and              x15, x15, x13       x15=00000000 x15:00000004 x13:00001f80
26672689ns          450887 1c00aa2a ee873733 p.bclr           x14, x14, 23, 8     x14=00000008 x14:00000008
26672709ns          450888 1c00aa2e 1a10f6b7 lui              x13, 0x1a10f000     x13=1a10f000
26672729ns          450889 1c00aa32 0ff57513 andi             x10, x10, 255       x10=0000006d x10:0000006d
26672749ns          450890 1c00aa36 00d70733 add              x14, x14, x13       x14=1a10f008 x14:00000008 x13:1a10f000
26672769ns          450891 1c00aa38 00a7e723 p.sw             x10, x0(x15)        x10:0000006d x15:00000000  PA:1a10f008
26673127ns          450909 1c00aa3c 00000513 addi             x10, x0, 0          x10=00000000
26673147ns          450910 1c00aa3e 00008067 jalr             x0, x1, 0            x1:1c00aae6
26673206ns          450913 1c00aae6 25f52163 p.beqimm         x10, 578            x10:00000000
26673226ns          450914 1c00aaea 001d8d93 addi             x27, x27, 1         x27=0000000f x27:0000000e
26673246ns          450915 1c00aaec 00044503 lbu              x10, 0(x8)          x10=00000062  x8:1c000080  PA:1c000080
26673544ns          450930 1c00aaf0 00140413 addi             x8, x8, 1            x8=1c000081  x8:1c000080
26673564ns          450931 1c00aaf2 fe0514e3 bne              x10, x0, -24        x10:00000062
26673644ns          450935 1c00aada 02500793 addi             x15, x0, 37         x15=00000025
26673664ns          450936 1c00aade 04f50863 beq              x10, x15, 80        x10:00000062 x15:00000025
26673684ns          450937 1c00aae2 01a005b3 add              x11, x0, x26        x11=00000002 x26:00000002
26673704ns          450938 1c00aae4 000b00e7 jalr             x1, x22, 0           x1=1c00aae6 x22:1c00aa18
26673743ns          450940 1c00aa18 000026b7 lui              x13, 0x2000         x13=00002000
26673763ns          450941 1c00aa1a f14027f3 csrrs            x15, x0, 0xf14      x15=00000001
26673783ns          450942 1c00aa1e f8068693 addi             x13, x13, -128      x13=00001f80 x13:00002000
26673803ns          450943 1c00aa22 00379713 slli             x14, x15, 0x3       x14=00000008 x15:00000001
26673823ns          450944 1c00aa26 00279793 slli             x15, x15, 0x2       x15=00000004 x15:00000001
26673843ns          450945 1c00aa28 00d7f7b3 and              x15, x15, x13       x15=00000000 x15:00000004 x13:00001f80
26673863ns          450946 1c00aa2a ee873733 p.bclr           x14, x14, 23, 8     x14=00000008 x14:00000008
26673883ns          450947 1c00aa2e 1a10f6b7 lui              x13, 0x1a10f000     x13=1a10f000
26673902ns          450948 1c00aa32 0ff57513 andi             x10, x10, 255       x10=00000062 x10:00000062
26673922ns          450949 1c00aa36 00d70733 add              x14, x14, x13       x14=1a10f008 x14:00000008 x13:1a10f000
26673942ns          450950 1c00aa38 00a7e723 p.sw             x10, x0(x15)        x10:00000062 x15:00000000  PA:1a10f008
26674280ns          450967 1c00aa3c 00000513 addi             x10, x0, 0          x10=00000000
26674300ns          450968 1c00aa3e 00008067 jalr             x0, x1, 0            x1:1c00aae6
26674360ns          450971 1c00aae6 25f52163 p.beqimm         x10, 578            x10:00000000
26674380ns          450972 1c00aaea 001d8d93 addi             x27, x27, 1         x27=00000010 x27:0000000f
26674400ns          450973 1c00aaec 00044503 lbu              x10, 0(x8)          x10=00000065  x8:1c000081  PA:1c000081
26674698ns          450988 1c00aaf0 00140413 addi             x8, x8, 1            x8=1c000082  x8:1c000081
26674718ns          450989 1c00aaf2 fe0514e3 bne              x10, x0, -24        x10:00000065
26674797ns          450993 1c00aada 02500793 addi             x15, x0, 37         x15=00000025
26674817ns          450994 1c00aade 04f50863 beq              x10, x15, 80        x10:00000065 x15:00000025
26674837ns          450995 1c00aae2 01a005b3 add              x11, x0, x26        x11=00000002 x26:00000002
26674857ns          450996 1c00aae4 000b00e7 jalr             x1, x22, 0           x1=1c00aae6 x22:1c00aa18
26674897ns          450998 1c00aa18 000026b7 lui              x13, 0x2000         x13=00002000
26674917ns          450999 1c00aa1a f14027f3 csrrs            x15, x0, 0xf14      x15=00000001
26674937ns          451000 1c00aa1e f8068693 addi             x13, x13, -128      x13=00001f80 x13:00002000
26674957ns          451001 1c00aa22 00379713 slli             x14, x15, 0x3       x14=00000008 x15:00000001
26674976ns          451002 1c00aa26 00279793 slli             x15, x15, 0x2       x15=00000004 x15:00000001
26674996ns          451003 1c00aa28 00d7f7b3 and              x15, x15, x13       x15=00000000 x15:00000004 x13:00001f80
26675016ns          451004 1c00aa2a ee873733 p.bclr           x14, x14, 23, 8     x14=00000008 x14:00000008
26675036ns          451005 1c00aa2e 1a10f6b7 lui              x13, 0x1a10f000     x13=1a10f000
26675056ns          451006 1c00aa32 0ff57513 andi             x10, x10, 255       x10=00000065 x10:00000065
26675076ns          451007 1c00aa36 00d70733 add              x14, x14, x13       x14=1a10f008 x14:00000008 x13:1a10f000
26675096ns          451008 1c00aa38 00a7e723 p.sw             x10, x0(x15)        x10:00000065 x15:00000000  PA:1a10f008
26675414ns          451024 1c00aa3c 00000513 addi             x10, x0, 0          x10=00000000
26675434ns          451025 1c00aa3e 00008067 jalr             x0, x1, 0            x1:1c00aae6
26675493ns          451028 1c00aae6 25f52163 p.beqimm         x10, 578            x10:00000000
26675513ns          451029 1c00aaea 001d8d93 addi             x27, x27, 1         x27=00000011 x27:00000010
26675533ns          451030 1c00aaec 00044503 lbu              x10, 0(x8)          x10=00000072  x8:1c000082  PA:1c000082
26675851ns          451046 1c00aaf0 00140413 addi             x8, x8, 1            x8=1c000083  x8:1c000082
26675871ns          451047 1c00aaf2 fe0514e3 bne              x10, x0, -24        x10:00000072
26675951ns          451051 1c00aada 02500793 addi             x15, x0, 37         x15=00000025
26675971ns          451052 1c00aade 04f50863 beq              x10, x15, 80        x10:00000072 x15:00000025
26675991ns          451053 1c00aae2 01a005b3 add              x11, x0, x26        x11=00000002 x26:00000002
26676011ns          451054 1c00aae4 000b00e7 jalr             x1, x22, 0           x1=1c00aae6 x22:1c00aa18
26676050ns          451056 1c00aa18 000026b7 lui              x13, 0x2000         x13=00002000
26676070ns          451057 1c00aa1a f14027f3 csrrs            x15, x0, 0xf14      x15=00000001
26676090ns          451058 1c00aa1e f8068693 addi             x13, x13, -128      x13=00001f80 x13:00002000
26676110ns          451059 1c00aa22 00379713 slli             x14, x15, 0x3       x14=00000008 x15:00000001
26676130ns          451060 1c00aa26 00279793 slli             x15, x15, 0x2       x15=00000004 x15:00000001
26676150ns          451061 1c00aa28 00d7f7b3 and              x15, x15, x13       x15=00000000 x15:00000004 x13:00001f80
26676170ns          451062 1c00aa2a ee873733 p.bclr           x14, x14, 23, 8     x14=00000008 x14:00000008
26676190ns          451063 1c00aa2e 1a10f6b7 lui              x13, 0x1a10f000     x13=1a10f000
26676209ns          451064 1c00aa32 0ff57513 andi             x10, x10, 255       x10=00000072 x10:00000072
26676229ns          451065 1c00aa36 00d70733 add              x14, x14, x13       x14=1a10f008 x14:00000008 x13:1a10f000
26676249ns          451066 1c00aa38 00a7e723 p.sw             x10, x0(x15)        x10:00000072 x15:00000000  PA:1a10f008
26676587ns          451083 1c00aa3c 00000513 addi             x10, x0, 0          x10=00000000
26676607ns          451084 1c00aa3e 00008067 jalr             x0, x1, 0            x1:1c00aae6
26676667ns          451087 1c00aae6 25f52163 p.beqimm         x10, 578            x10:00000000
26676687ns          451088 1c00aaea 001d8d93 addi             x27, x27, 1         x27=00000012 x27:00000011
26676707ns          451089 1c00aaec 00044503 lbu              x10, 0(x8)          x10=00000020  x8:1c000083  PA:1c000083
26677025ns          451105 1c00aaf0 00140413 addi             x8, x8, 1            x8=1c000084  x8:1c000083
26677045ns          451106 1c00aaf2 fe0514e3 bne              x10, x0, -24        x10:00000020
26677124ns          451110 1c00aada 02500793 addi             x15, x0, 37         x15=00000025
26677144ns          451111 1c00aade 04f50863 beq              x10, x15, 80        x10:00000020 x15:00000025
26677164ns          451112 1c00aae2 01a005b3 add              x11, x0, x26        x11=00000002 x26:00000002
26677184ns          451113 1c00aae4 000b00e7 jalr             x1, x22, 0           x1=1c00aae6 x22:1c00aa18
26677224ns          451115 1c00aa18 000026b7 lui              x13, 0x2000         x13=00002000
26677244ns          451116 1c00aa1a f14027f3 csrrs            x15, x0, 0xf14      x15=00000001
26677264ns          451117 1c00aa1e f8068693 addi             x13, x13, -128      x13=00001f80 x13:00002000
26677283ns          451118 1c00aa22 00379713 slli             x14, x15, 0x3       x14=00000008 x15:00000001
26677303ns          451119 1c00aa26 00279793 slli             x15, x15, 0x2       x15=00000004 x15:00000001
26677323ns          451120 1c00aa28 00d7f7b3 and              x15, x15, x13       x15=00000000 x15:00000004 x13:00001f80
26677343ns          451121 1c00aa2a ee873733 p.bclr           x14, x14, 23, 8     x14=00000008 x14:00000008
26677363ns          451122 1c00aa2e 1a10f6b7 lui              x13, 0x1a10f000     x13=1a10f000
26677383ns          451123 1c00aa32 0ff57513 andi             x10, x10, 255       x10=00000020 x10:00000020
26677403ns          451124 1c00aa36 00d70733 add              x14, x14, x13       x14=1a10f008 x14:00000008 x13:1a10f000
26677423ns          451125 1c00aa38 00a7e723 p.sw             x10, x0(x15)        x10:00000020 x15:00000000  PA:1a10f008
26677741ns          451141 1c00aa3c 00000513 addi             x10, x0, 0          x10=00000000
26677761ns          451142 1c00aa3e 00008067 jalr             x0, x1, 0            x1:1c00aae6
26677820ns          451145 1c00aae6 25f52163 p.beqimm         x10, 578            x10:00000000
26677840ns          451146 1c00aaea 001d8d93 addi             x27, x27, 1         x27=00000013 x27:00000012
26677860ns          451147 1c00aaec 00044503 lbu              x10, 0(x8)          x10=0000006f  x8:1c000084  PA:1c000084
26678178ns          451163 1c00aaf0 00140413 addi             x8, x8, 1            x8=1c000085  x8:1c000084
26678198ns          451164 1c00aaf2 fe0514e3 bne              x10, x0, -24        x10:0000006f
26678278ns          451168 1c00aada 02500793 addi             x15, x0, 37         x15=00000025
26678298ns          451169 1c00aade 04f50863 beq              x10, x15, 80        x10:0000006f x15:00000025
26678318ns          451170 1c00aae2 01a005b3 add              x11, x0, x26        x11=00000002 x26:00000002
26678337ns          451171 1c00aae4 000b00e7 jalr             x1, x22, 0           x1=1c00aae6 x22:1c00aa18
26678377ns          451173 1c00aa18 000026b7 lui              x13, 0x2000         x13=00002000
26678397ns          451174 1c00aa1a f14027f3 csrrs            x15, x0, 0xf14      x15=00000001
26678417ns          451175 1c00aa1e f8068693 addi             x13, x13, -128      x13=00001f80 x13:00002000
26678437ns          451176 1c00aa22 00379713 slli             x14, x15, 0x3       x14=00000008 x15:00000001
26678457ns          451177 1c00aa26 00279793 slli             x15, x15, 0x2       x15=00000004 x15:00000001
26678477ns          451178 1c00aa28 00d7f7b3 and              x15, x15, x13       x15=00000000 x15:00000004 x13:00001f80
26678497ns          451179 1c00aa2a ee873733 p.bclr           x14, x14, 23, 8     x14=00000008 x14:00000008
26678516ns          451180 1c00aa2e 1a10f6b7 lui              x13, 0x1a10f000     x13=1a10f000
26678536ns          451181 1c00aa32 0ff57513 andi             x10, x10, 255       x10=0000006f x10:0000006f
26678556ns          451182 1c00aa36 00d70733 add              x14, x14, x13       x14=1a10f008 x14:00000008 x13:1a10f000
26678576ns          451183 1c00aa38 00a7e723 p.sw             x10, x0(x15)        x10:0000006f x15:00000000  PA:1a10f008
26678894ns          451199 1c00aa3c 00000513 addi             x10, x0, 0          x10=00000000
26678914ns          451200 1c00aa3e 00008067 jalr             x0, x1, 0            x1:1c00aae6
26678974ns          451203 1c00aae6 25f52163 p.beqimm         x10, 578            x10:00000000
26678994ns          451204 1c00aaea 001d8d93 addi             x27, x27, 1         x27=00000014 x27:00000013
26679014ns          451205 1c00aaec 00044503 lbu              x10, 0(x8)          x10=00000066  x8:1c000085  PA:1c000085
26679312ns          451220 1c00aaf0 00140413 addi             x8, x8, 1            x8=1c000086  x8:1c000085
26679332ns          451221 1c00aaf2 fe0514e3 bne              x10, x0, -24        x10:00000066
26679411ns          451225 1c00aada 02500793 addi             x15, x0, 37         x15=00000025
26679431ns          451226 1c00aade 04f50863 beq              x10, x15, 80        x10:00000066 x15:00000025
26679451ns          451227 1c00aae2 01a005b3 add              x11, x0, x26        x11=00000002 x26:00000002
26679471ns          451228 1c00aae4 000b00e7 jalr             x1, x22, 0           x1=1c00aae6 x22:1c00aa18
26679511ns          451230 1c00aa18 000026b7 lui              x13, 0x2000         x13=00002000
26679531ns          451231 1c00aa1a f14027f3 csrrs            x15, x0, 0xf14      x15=00000001
26679551ns          451232 1c00aa1e f8068693 addi             x13, x13, -128      x13=00001f80 x13:00002000
26679571ns          451233 1c00aa22 00379713 slli             x14, x15, 0x3       x14=00000008 x15:00000001
26679590ns          451234 1c00aa26 00279793 slli             x15, x15, 0x2       x15=00000004 x15:00000001
26679610ns          451235 1c00aa28 00d7f7b3 and              x15, x15, x13       x15=00000000 x15:00000004 x13:00001f80
26679630ns          451236 1c00aa2a ee873733 p.bclr           x14, x14, 23, 8     x14=00000008 x14:00000008
26679650ns          451237 1c00aa2e 1a10f6b7 lui              x13, 0x1a10f000     x13=1a10f000
26679670ns          451238 1c00aa32 0ff57513 andi             x10, x10, 255       x10=00000066 x10:00000066
26679690ns          451239 1c00aa36 00d70733 add              x14, x14, x13       x14=1a10f008 x14:00000008 x13:1a10f000
26679710ns          451240 1c00aa38 00a7e723 p.sw             x10, x0(x15)        x10:00000066 x15:00000000  PA:1a10f008
26680068ns          451258 1c00aa3c 00000513 addi             x10, x0, 0          x10=00000000
26680088ns          451259 1c00aa3e 00008067 jalr             x0, x1, 0            x1:1c00aae6
26680147ns          451262 1c00aae6 25f52163 p.beqimm         x10, 578            x10:00000000
26680167ns          451263 1c00aaea 001d8d93 addi             x27, x27, 1         x27=00000015 x27:00000014
26680187ns          451264 1c00aaec 00044503 lbu              x10, 0(x8)          x10=00000020  x8:1c000086  PA:1c000086
26680485ns          451279 1c00aaf0 00140413 addi             x8, x8, 1            x8=1c000087  x8:1c000086
26680505ns          451280 1c00aaf2 fe0514e3 bne              x10, x0, -24        x10:00000020
26680585ns          451284 1c00aada 02500793 addi             x15, x0, 37         x15=00000025
26680605ns          451285 1c00aade 04f50863 beq              x10, x15, 80        x10:00000020 x15:00000025
26680625ns          451286 1c00aae2 01a005b3 add              x11, x0, x26        x11=00000002 x26:00000002
26680644ns          451287 1c00aae4 000b00e7 jalr             x1, x22, 0           x1=1c00aae6 x22:1c00aa18
26680684ns          451289 1c00aa18 000026b7 lui              x13, 0x2000         x13=00002000
26680704ns          451290 1c00aa1a f14027f3 csrrs            x15, x0, 0xf14      x15=00000001
26680724ns          451291 1c00aa1e f8068693 addi             x13, x13, -128      x13=00001f80 x13:00002000
26680744ns          451292 1c00aa22 00379713 slli             x14, x15, 0x3       x14=00000008 x15:00000001
26680764ns          451293 1c00aa26 00279793 slli             x15, x15, 0x2       x15=00000004 x15:00000001
26680784ns          451294 1c00aa28 00d7f7b3 and              x15, x15, x13       x15=00000000 x15:00000004 x13:00001f80
26680804ns          451295 1c00aa2a ee873733 p.bclr           x14, x14, 23, 8     x14=00000008 x14:00000008
26680823ns          451296 1c00aa2e 1a10f6b7 lui              x13, 0x1a10f000     x13=1a10f000
26680843ns          451297 1c00aa32 0ff57513 andi             x10, x10, 255       x10=00000020 x10:00000020
26680863ns          451298 1c00aa36 00d70733 add              x14, x14, x13       x14=1a10f008 x14:00000008 x13:1a10f000
26680883ns          451299 1c00aa38 00a7e723 p.sw             x10, x0(x15)        x10:00000020 x15:00000000  PA:1a10f008
26681221ns          451316 1c00aa3c 00000513 addi             x10, x0, 0          x10=00000000
26681241ns          451317 1c00aa3e 00008067 jalr             x0, x1, 0            x1:1c00aae6
26681301ns          451320 1c00aae6 25f52163 p.beqimm         x10, 578            x10:00000000
26681321ns          451321 1c00aaea 001d8d93 addi             x27, x27, 1         x27=00000016 x27:00000015
26681341ns          451322 1c00aaec 00044503 lbu              x10, 0(x8)          x10=00000063  x8:1c000087  PA:1c000087
26681659ns          451338 1c00aaf0 00140413 addi             x8, x8, 1            x8=1c000088  x8:1c000087
26681679ns          451339 1c00aaf2 fe0514e3 bne              x10, x0, -24        x10:00000063
26681758ns          451343 1c00aada 02500793 addi             x15, x0, 37         x15=00000025
26681778ns          451344 1c00aade 04f50863 beq              x10, x15, 80        x10:00000063 x15:00000025
26681798ns          451345 1c00aae2 01a005b3 add              x11, x0, x26        x11=00000002 x26:00000002
26681818ns          451346 1c00aae4 000b00e7 jalr             x1, x22, 0           x1=1c00aae6 x22:1c00aa18
26681858ns          451348 1c00aa18 000026b7 lui              x13, 0x2000         x13=00002000
26681878ns          451349 1c00aa1a f14027f3 csrrs            x15, x0, 0xf14      x15=00000001
26681897ns          451350 1c00aa1e f8068693 addi             x13, x13, -128      x13=00001f80 x13:00002000
26681917ns          451351 1c00aa22 00379713 slli             x14, x15, 0x3       x14=00000008 x15:00000001
26681937ns          451352 1c00aa26 00279793 slli             x15, x15, 0x2       x15=00000004 x15:00000001
26681957ns          451353 1c00aa28 00d7f7b3 and              x15, x15, x13       x15=00000000 x15:00000004 x13:00001f80
26681977ns          451354 1c00aa2a ee873733 p.bclr           x14, x14, 23, 8     x14=00000008 x14:00000008
26681997ns          451355 1c00aa2e 1a10f6b7 lui              x13, 0x1a10f000     x13=1a10f000
26682017ns          451356 1c00aa32 0ff57513 andi             x10, x10, 255       x10=00000063 x10:00000063
26682037ns          451357 1c00aa36 00d70733 add              x14, x14, x13       x14=1a10f008 x14:00000008 x13:1a10f000
26682057ns          451358 1c00aa38 00a7e723 p.sw             x10, x0(x15)        x10:00000063 x15:00000000  PA:1a10f008
26682395ns          451375 1c00aa3c 00000513 addi             x10, x0, 0          x10=00000000
26682415ns          451376 1c00aa3e 00008067 jalr             x0, x1, 0            x1:1c00aae6
26682474ns          451379 1c00aae6 25f52163 p.beqimm         x10, 578            x10:00000000
26682494ns          451380 1c00aaea 001d8d93 addi             x27, x27, 1         x27=00000017 x27:00000016
26682514ns          451381 1c00aaec 00044503 lbu              x10, 0(x8)          x10=0000006f  x8:1c000088  PA:1c000088
26682812ns          451396 1c00aaf0 00140413 addi             x8, x8, 1            x8=1c000089  x8:1c000088
26682832ns          451397 1c00aaf2 fe0514e3 bne              x10, x0, -24        x10:0000006f
26682912ns          451401 1c00aada 02500793 addi             x15, x0, 37         x15=00000025
26682932ns          451402 1c00aade 04f50863 beq              x10, x15, 80        x10:0000006f x15:00000025
26682951ns          451403 1c00aae2 01a005b3 add              x11, x0, x26        x11=00000002 x26:00000002
26682971ns          451404 1c00aae4 000b00e7 jalr             x1, x22, 0           x1=1c00aae6 x22:1c00aa18
26683011ns          451406 1c00aa18 000026b7 lui              x13, 0x2000         x13=00002000
26683031ns          451407 1c00aa1a f14027f3 csrrs            x15, x0, 0xf14      x15=00000001
26683051ns          451408 1c00aa1e f8068693 addi             x13, x13, -128      x13=00001f80 x13:00002000
26683071ns          451409 1c00aa22 00379713 slli             x14, x15, 0x3       x14=00000008 x15:00000001
26683091ns          451410 1c00aa26 00279793 slli             x15, x15, 0x2       x15=00000004 x15:00000001
26683111ns          451411 1c00aa28 00d7f7b3 and              x15, x15, x13       x15=00000000 x15:00000004 x13:00001f80
26683130ns          451412 1c00aa2a ee873733 p.bclr           x14, x14, 23, 8     x14=00000008 x14:00000008
26683150ns          451413 1c00aa2e 1a10f6b7 lui              x13, 0x1a10f000     x13=1a10f000
26683170ns          451414 1c00aa32 0ff57513 andi             x10, x10, 255       x10=0000006f x10:0000006f
26683190ns          451415 1c00aa36 00d70733 add              x14, x14, x13       x14=1a10f008 x14:00000008 x13:1a10f000
26683210ns          451416 1c00aa38 00a7e723 p.sw             x10, x0(x15)        x10:0000006f x15:00000000  PA:1a10f008
26683548ns          451433 1c00aa3c 00000513 addi             x10, x0, 0          x10=00000000
26683568ns          451434 1c00aa3e 00008067 jalr             x0, x1, 0            x1:1c00aae6
26683628ns          451437 1c00aae6 25f52163 p.beqimm         x10, 578            x10:00000000
26683648ns          451438 1c00aaea 001d8d93 addi             x27, x27, 1         x27=00000018 x27:00000017
26683667ns          451439 1c00aaec 00044503 lbu              x10, 0(x8)          x10=00000072  x8:1c000089  PA:1c000089
26683966ns          451454 1c00aaf0 00140413 addi             x8, x8, 1            x8=1c00008a  x8:1c000089
26683986ns          451455 1c00aaf2 fe0514e3 bne              x10, x0, -24        x10:00000072
26684065ns          451459 1c00aada 02500793 addi             x15, x0, 37         x15=00000025
26684085ns          451460 1c00aade 04f50863 beq              x10, x15, 80        x10:00000072 x15:00000025
26684105ns          451461 1c00aae2 01a005b3 add              x11, x0, x26        x11=00000002 x26:00000002
26684125ns          451462 1c00aae4 000b00e7 jalr             x1, x22, 0           x1=1c00aae6 x22:1c00aa18
26684165ns          451464 1c00aa18 000026b7 lui              x13, 0x2000         x13=00002000
26684185ns          451465 1c00aa1a f14027f3 csrrs            x15, x0, 0xf14      x15=00000001
26684204ns          451466 1c00aa1e f8068693 addi             x13, x13, -128      x13=00001f80 x13:00002000
26684224ns          451467 1c00aa22 00379713 slli             x14, x15, 0x3       x14=00000008 x15:00000001
26684244ns          451468 1c00aa26 00279793 slli             x15, x15, 0x2       x15=00000004 x15:00000001
26684264ns          451469 1c00aa28 00d7f7b3 and              x15, x15, x13       x15=00000000 x15:00000004 x13:00001f80
26684284ns          451470 1c00aa2a ee873733 p.bclr           x14, x14, 23, 8     x14=00000008 x14:00000008
26684304ns          451471 1c00aa2e 1a10f6b7 lui              x13, 0x1a10f000     x13=1a10f000
26684324ns          451472 1c00aa32 0ff57513 andi             x10, x10, 255       x10=00000072 x10:00000072
26684344ns          451473 1c00aa36 00d70733 add              x14, x14, x13       x14=1a10f008 x14:00000008 x13:1a10f000
26684364ns          451474 1c00aa38 00a7e723 p.sw             x10, x0(x15)        x10:00000072 x15:00000000  PA:1a10f008
26684682ns          451490 1c00aa3c 00000513 addi             x10, x0, 0          x10=00000000
26684702ns          451491 1c00aa3e 00008067 jalr             x0, x1, 0            x1:1c00aae6
26684761ns          451494 1c00aae6 25f52163 p.beqimm         x10, 578            x10:00000000
26684781ns          451495 1c00aaea 001d8d93 addi             x27, x27, 1         x27=00000019 x27:00000018
26684801ns          451496 1c00aaec 00044503 lbu              x10, 0(x8)          x10=00000065  x8:1c00008a  PA:1c00008a
26685119ns          451512 1c00aaf0 00140413 addi             x8, x8, 1            x8=1c00008b  x8:1c00008a
26685139ns          451513 1c00aaf2 fe0514e3 bne              x10, x0, -24        x10:00000065
26685219ns          451517 1c00aada 02500793 addi             x15, x0, 37         x15=00000025
26685239ns          451518 1c00aade 04f50863 beq              x10, x15, 80        x10:00000065 x15:00000025
26685258ns          451519 1c00aae2 01a005b3 add              x11, x0, x26        x11=00000002 x26:00000002
26685278ns          451520 1c00aae4 000b00e7 jalr             x1, x22, 0           x1=1c00aae6 x22:1c00aa18
26685318ns          451522 1c00aa18 000026b7 lui              x13, 0x2000         x13=00002000
26685338ns          451523 1c00aa1a f14027f3 csrrs            x15, x0, 0xf14      x15=00000001
26685358ns          451524 1c00aa1e f8068693 addi             x13, x13, -128      x13=00001f80 x13:00002000
26685378ns          451525 1c00aa22 00379713 slli             x14, x15, 0x3       x14=00000008 x15:00000001
26685398ns          451526 1c00aa26 00279793 slli             x15, x15, 0x2       x15=00000004 x15:00000001
26685418ns          451527 1c00aa28 00d7f7b3 and              x15, x15, x13       x15=00000000 x15:00000004 x13:00001f80
26685437ns          451528 1c00aa2a ee873733 p.bclr           x14, x14, 23, 8     x14=00000008 x14:00000008
26685457ns          451529 1c00aa2e 1a10f6b7 lui              x13, 0x1a10f000     x13=1a10f000
26685477ns          451530 1c00aa32 0ff57513 andi             x10, x10, 255       x10=00000065 x10:00000065
26685497ns          451531 1c00aa36 00d70733 add              x14, x14, x13       x14=1a10f008 x14:00000008 x13:1a10f000
26685517ns          451532 1c00aa38 00a7e723 p.sw             x10, x0(x15)        x10:00000065 x15:00000000  PA:1a10f008
26685835ns          451548 1c00aa3c 00000513 addi             x10, x0, 0          x10=00000000
26685855ns          451549 1c00aa3e 00008067 jalr             x0, x1, 0            x1:1c00aae6
26685915ns          451552 1c00aae6 25f52163 p.beqimm         x10, 578            x10:00000000
26685935ns          451553 1c00aaea 001d8d93 addi             x27, x27, 1         x27=0000001a x27:00000019
26685955ns          451554 1c00aaec 00044503 lbu              x10, 0(x8)          x10=00000073  x8:1c00008b  PA:1c00008b
26686273ns          451570 1c00aaf0 00140413 addi             x8, x8, 1            x8=1c00008c  x8:1c00008b
26686293ns          451571 1c00aaf2 fe0514e3 bne              x10, x0, -24        x10:00000073
26686372ns          451575 1c00aada 02500793 addi             x15, x0, 37         x15=00000025
26686392ns          451576 1c00aade 04f50863 beq              x10, x15, 80        x10:00000073 x15:00000025
26686412ns          451577 1c00aae2 01a005b3 add              x11, x0, x26        x11=00000002 x26:00000002
26686432ns          451578 1c00aae4 000b00e7 jalr             x1, x22, 0           x1=1c00aae6 x22:1c00aa18
26686472ns          451580 1c00aa18 000026b7 lui              x13, 0x2000         x13=00002000
26686492ns          451581 1c00aa1a f14027f3 csrrs            x15, x0, 0xf14      x15=00000001
26686511ns          451582 1c00aa1e f8068693 addi             x13, x13, -128      x13=00001f80 x13:00002000
26686531ns          451583 1c00aa22 00379713 slli             x14, x15, 0x3       x14=00000008 x15:00000001
26686551ns          451584 1c00aa26 00279793 slli             x15, x15, 0x2       x15=00000004 x15:00000001
26686571ns          451585 1c00aa28 00d7f7b3 and              x15, x15, x13       x15=00000000 x15:00000004 x13:00001f80
26686591ns          451586 1c00aa2a ee873733 p.bclr           x14, x14, 23, 8     x14=00000008 x14:00000008
26686611ns          451587 1c00aa2e 1a10f6b7 lui              x13, 0x1a10f000     x13=1a10f000
26686631ns          451588 1c00aa32 0ff57513 andi             x10, x10, 255       x10=00000073 x10:00000073
26686651ns          451589 1c00aa36 00d70733 add              x14, x14, x13       x14=1a10f008 x14:00000008 x13:1a10f000
26686671ns          451590 1c00aa38 00a7e723 p.sw             x10, x0(x15)        x10:00000073 x15:00000000  PA:1a10f008
26687009ns          451607 1c00aa3c 00000513 addi             x10, x0, 0          x10=00000000
26687029ns          451608 1c00aa3e 00008067 jalr             x0, x1, 0            x1:1c00aae6
26687088ns          451611 1c00aae6 25f52163 p.beqimm         x10, 578            x10:00000000
26687108ns          451612 1c00aaea 001d8d93 addi             x27, x27, 1         x27=0000001b x27:0000001a
26687128ns          451613 1c00aaec 00044503 lbu              x10, 0(x8)          x10=0000003a  x8:1c00008c  PA:1c00008c
26687426ns          451628 1c00aaf0 00140413 addi             x8, x8, 1            x8=1c00008d  x8:1c00008c
26687446ns          451629 1c00aaf2 fe0514e3 bne              x10, x0, -24        x10:0000003a
26687526ns          451633 1c00aada 02500793 addi             x15, x0, 37         x15=00000025
26687546ns          451634 1c00aade 04f50863 beq              x10, x15, 80        x10:0000003a x15:00000025
26687566ns          451635 1c00aae2 01a005b3 add              x11, x0, x26        x11=00000002 x26:00000002
26687585ns          451636 1c00aae4 000b00e7 jalr             x1, x22, 0           x1=1c00aae6 x22:1c00aa18
26687625ns          451638 1c00aa18 000026b7 lui              x13, 0x2000         x13=00002000
26687645ns          451639 1c00aa1a f14027f3 csrrs            x15, x0, 0xf14      x15=00000001
26687665ns          451640 1c00aa1e f8068693 addi             x13, x13, -128      x13=00001f80 x13:00002000
26687685ns          451641 1c00aa22 00379713 slli             x14, x15, 0x3       x14=00000008 x15:00000001
26687705ns          451642 1c00aa26 00279793 slli             x15, x15, 0x2       x15=00000004 x15:00000001
26687725ns          451643 1c00aa28 00d7f7b3 and              x15, x15, x13       x15=00000000 x15:00000004 x13:00001f80
26687744ns          451644 1c00aa2a ee873733 p.bclr           x14, x14, 23, 8     x14=00000008 x14:00000008
26687764ns          451645 1c00aa2e 1a10f6b7 lui              x13, 0x1a10f000     x13=1a10f000
26687784ns          451646 1c00aa32 0ff57513 andi             x10, x10, 255       x10=0000003a x10:0000003a
26687804ns          451647 1c00aa36 00d70733 add              x14, x14, x13       x14=1a10f008 x14:00000008 x13:1a10f000
26687824ns          451648 1c00aa38 00a7e723 p.sw             x10, x0(x15)        x10:0000003a x15:00000000  PA:1a10f008
26688142ns          451664 1c00aa3c 00000513 addi             x10, x0, 0          x10=00000000
26688162ns          451665 1c00aa3e 00008067 jalr             x0, x1, 0            x1:1c00aae6
26688222ns          451668 1c00aae6 25f52163 p.beqimm         x10, 578            x10:00000000
26688242ns          451669 1c00aaea 001d8d93 addi             x27, x27, 1         x27=0000001c x27:0000001b
26688262ns          451670 1c00aaec 00044503 lbu              x10, 0(x8)          x10=00000020  x8:1c00008d  PA:1c00008d
26688560ns          451685 1c00aaf0 00140413 addi             x8, x8, 1            x8=1c00008e  x8:1c00008d
26688580ns          451686 1c00aaf2 fe0514e3 bne              x10, x0, -24        x10:00000020
26688659ns          451690 1c00aada 02500793 addi             x15, x0, 37         x15=00000025
26688679ns          451691 1c00aade 04f50863 beq              x10, x15, 80        x10:00000020 x15:00000025
26688699ns          451692 1c00aae2 01a005b3 add              x11, x0, x26        x11=00000002 x26:00000002
26688719ns          451693 1c00aae4 000b00e7 jalr             x1, x22, 0           x1=1c00aae6 x22:1c00aa18
26688759ns          451695 1c00aa18 000026b7 lui              x13, 0x2000         x13=00002000
26688779ns          451696 1c00aa1a f14027f3 csrrs            x15, x0, 0xf14      x15=00000001
26688799ns          451697 1c00aa1e f8068693 addi             x13, x13, -128      x13=00001f80 x13:00002000
26688818ns          451698 1c00aa22 00379713 slli             x14, x15, 0x3       x14=00000008 x15:00000001
26688838ns          451699 1c00aa26 00279793 slli             x15, x15, 0x2       x15=00000004 x15:00000001
26688858ns          451700 1c00aa28 00d7f7b3 and              x15, x15, x13       x15=00000000 x15:00000004 x13:00001f80
26688878ns          451701 1c00aa2a ee873733 p.bclr           x14, x14, 23, 8     x14=00000008 x14:00000008
26688898ns          451702 1c00aa2e 1a10f6b7 lui              x13, 0x1a10f000     x13=1a10f000
26688918ns          451703 1c00aa32 0ff57513 andi             x10, x10, 255       x10=00000020 x10:00000020
26688938ns          451704 1c00aa36 00d70733 add              x14, x14, x13       x14=1a10f008 x14:00000008 x13:1a10f000
26688958ns          451705 1c00aa38 00a7e723 p.sw             x10, x0(x15)        x10:00000020 x15:00000000  PA:1a10f008
26689276ns          451721 1c00aa3c 00000513 addi             x10, x0, 0          x10=00000000
26689296ns          451722 1c00aa3e 00008067 jalr             x0, x1, 0            x1:1c00aae6
26689355ns          451725 1c00aae6 25f52163 p.beqimm         x10, 578            x10:00000000
26689375ns          451726 1c00aaea 001d8d93 addi             x27, x27, 1         x27=0000001d x27:0000001c
26689395ns          451727 1c00aaec 00044503 lbu              x10, 0(x8)          x10=00000025  x8:1c00008e  PA:1c00008e
26689694ns          451742 1c00aaf0 00140413 addi             x8, x8, 1            x8=1c00008f  x8:1c00008e
26689713ns          451743 1c00aaf2 fe0514e3 bne              x10, x0, -24        x10:00000025
26689793ns          451747 1c00aada 02500793 addi             x15, x0, 37         x15=00000025
26689813ns          451748 1c00aade 04f50863 beq              x10, x15, 80        x10:00000025 x15:00000025
26689992ns          451757 1c00ab2e 00044483 lbu              x9, 0(x8)            x9=00000064  x8:1c00008f  PA:1c00008f
26690310ns          451773 1c00ab32 02000693 addi             x13, x0, 32         x13=00000020
26690330ns          451774 1c00ab36 00140a93 addi             x21, x8, 1          x21=1c000090  x8:1c00008f
26690350ns          451775 1c00ab3a 009005b3 add              x11, x0, x9         x11=00000064  x9:00000064
26690370ns          451776 1c00ab3c 610b8513 addi             x10, x23, 1552      x10=1c000610 x23:1c000000
26690390ns          451777 1c00ab40 00d12823 sw               x13, 16(x2)         x13:00000020  x2:10000b68  PA:10000b78
26690409ns          451778 1c00ab42 00012c23 sw               x0, 24(x2)           x2:10000b68  PA:10000b80
26690429ns          451779 1c00ab44 00012a23 sw               x0, 20(x2)           x2:10000b68  PA:10000b7c
26690449ns          451780 1c00ab46 00012e23 sw               x0, 28(x2)           x2:10000b68  PA:10000b84
26690469ns          451781 1c00ab48 00012623 sw               x0, 12(x2)           x2:10000b68  PA:10000b74
26690489ns          451782 1c00ab4a 02300913 addi             x18, x0, 35         x18=00000023
26690509ns          451783 1c00ab4e 02d00a13 addi             x20, x0, 45         x20=0000002d
26690529ns          451784 1c00ab52 015009b3 add              x19, x0, x21        x19=1c000090 x21:1c000090
26690549ns          451785 1c00ab54 e45ff0ef jal              x1, -444             x1=1c00ab56
26690588ns          451787 1c00a998 00054783 lbu              x15, 0(x10)         x15=0000002d x10:1c000610  PA:1c000610
26690907ns          451803 1c00a99c 0ff5f593 andi             x11, x11, 255       x11=00000064 x11:00000064
26690927ns          451804 1c00a9a0 00b78c63 beq              x15, x11, 24        x15:0000002d x11:00000064
26690946ns          451805 1c00a9a4 00078b63 beq              x15, x0, 22         x15:0000002d
26690966ns          451806 1c00a9a6 00150793 addi             x15, x10, 1         x15=1c000611 x10:1c000610
26690986ns          451807 1c00a9aa 0040006f jal              x0, 4              
26691086ns          451812 1c00a9ae 00f00533 add              x10, x0, x15        x10=1c000611 x15:1c000611
26691106ns          451813 1c00a9b0 0017c70b p.lbu            x14, 1(x15!)        x14=0000002b x15=1c000612 x15:1c000611  PA:1c000611
26691503ns          451833 1c00a9b4 feb71ce3 bne              x14, x11, -8        x14:0000002b x11:00000064
26691563ns          451836 1c00a9ac 00070763 beq              x14, x0, 14         x14:0000002b
26691583ns          451837 1c00a9ae 00f00533 add              x10, x0, x15        x10=1c000612 x15:1c000612
26691603ns          451838 1c00a9b0 0017c70b p.lbu            x14, 1(x15!)        x14=00000020 x15=1c000613 x15:1c000612  PA:1c000612
26691921ns          451854 1c00a9b4 feb71ce3 bne              x14, x11, -8        x14:00000020 x11:00000064
26691981ns          451857 1c00a9ac 00070763 beq              x14, x0, 14         x14:00000020
26692001ns          451858 1c00a9ae 00f00533 add              x10, x0, x15        x10=1c000613 x15:1c000613
26692020ns          451859 1c00a9b0 0017c70b p.lbu            x14, 1(x15!)        x14=00000023 x15=1c000614 x15:1c000613  PA:1c000613
26692339ns          451875 1c00a9b4 feb71ce3 bne              x14, x11, -8        x14:00000023 x11:00000064
26692398ns          451878 1c00a9ac 00070763 beq              x14, x0, 14         x14:00000023
26692418ns          451879 1c00a9ae 00f00533 add              x10, x0, x15        x10=1c000614 x15:1c000614
26692438ns          451880 1c00a9b0 0017c70b p.lbu            x14, 1(x15!)        x14=00000030 x15=1c000615 x15:1c000614  PA:1c000614
26692776ns          451897 1c00a9b4 feb71ce3 bne              x14, x11, -8        x14:00000030 x11:00000064
26692836ns          451900 1c00a9ac 00070763 beq              x14, x0, 14         x14:00000030
26692856ns          451901 1c00a9ae 00f00533 add              x10, x0, x15        x10=1c000615 x15:1c000615
26692876ns          451902 1c00a9b0 0017c70b p.lbu            x14, 1(x15!)        x14=00000000 x15=1c000616 x15:1c000615  PA:1c000615
26693194ns          451918 1c00a9b4 feb71ce3 bne              x14, x11, -8        x14:00000000 x11:00000064
26693253ns          451921 1c00a9ac 00070763 beq              x14, x0, 14         x14:00000000
26693333ns          451925 1c00a9ba 0015b593 sltiu            x11, x11, 1         x11=00000000 x11:00000064
26693353ns          451926 1c00a9be 40b005b3 sub              x11, x0, x11        x11=00000000 x11:00000000
26693373ns          451927 1c00a9c2 00b57533 and              x10, x10, x11       x10=00000000 x10:1c000615 x11:00000000
26693393ns          451928 1c00a9c4 00008067 jalr             x0, x1, 0            x1:1c00ab56
26693432ns          451930 1c00ab56 02050a63 beq              x10, x0, 52         x10:00000000
26693572ns          451937 1c00ab8a 02a00613 addi             x12, x0, 42         x12=0000002a
26693631ns          451940 1c00ab8e 1ec48c63 beq              x9, x12, 504         x9:00000064 x12:0000002a
26693671ns          451942 1c00ab92 fd048613 addi             x12, x9, -48        x12=00000034  x9:00000064
26693691ns          451943 1c00ab96 00900593 addi             x11, x0, 9          x11=00000009
26693711ns          451944 1c00ab98 00000913 addi             x18, x0, 0          x18=00000000
26693731ns          451945 1c00ab9a 1cc5f663 bgeu             x11, x12, 460       x11:00000009 x12:00000034
26693771ns          451947 1c00ab9e 02e00693 addi             x13, x0, 46         x13=0000002e
26693790ns          451948 1c00aba2 fff00a13 addi             x20, x0, -1         x20=ffffffff
26693810ns          451949 1c00aba4 22d48963 beq              x9, x13, 562         x9:00000064 x13:0000002e
26693830ns          451950 1c00aba8 1c0007b7 lui              x15, 0x1c000000     x15=1c000000
26693850ns          451951 1c00abac 009005b3 add              x11, x0, x9         x11=00000064  x9:00000064
26693910ns          451954 1c00abae 61878513 addi             x10, x15, 1560      x10=1c000618 x15:1c000000
26693930ns          451955 1c00abb2 de7ff0ef jal              x1, -538             x1=1c00abb4
26693969ns          451957 1c00a998 00054783 lbu              x15, 0(x10)         x15=00000068 x10:1c000618  PA:1c000618
26694268ns          451972 1c00a99c 0ff5f593 andi             x11, x11, 255       x11=00000064 x11:00000064
26694288ns          451973 1c00a9a0 00b78c63 beq              x15, x11, 24        x15:00000068 x11:00000064
26694308ns          451974 1c00a9a4 00078b63 beq              x15, x0, 22         x15:00000068
26694327ns          451975 1c00a9a6 00150793 addi             x15, x10, 1         x15=1c000619 x10:1c000618
26694347ns          451976 1c00a9aa 0040006f jal              x0, 4              
26694387ns          451978 1c00a9ae 00f00533 add              x10, x0, x15        x10=1c000619 x15:1c000619
26694407ns          451979 1c00a9b0 0017c70b p.lbu            x14, 1(x15!)        x14=0000006c x15=1c00061a x15:1c000619  PA:1c000619
26694725ns          451995 1c00a9b4 feb71ce3 bne              x14, x11, -8        x14:0000006c x11:00000064
26694785ns          451998 1c00a9ac 00070763 beq              x14, x0, 14         x14:0000006c
26694805ns          451999 1c00a9ae 00f00533 add              x10, x0, x15        x10=1c00061a x15:1c00061a
26694825ns          452000 1c00a9b0 0017c70b p.lbu            x14, 1(x15!)        x14=0000004c x15=1c00061b x15:1c00061a  PA:1c00061a
26695143ns          452016 1c00a9b4 feb71ce3 bne              x14, x11, -8        x14:0000004c x11:00000064
26695202ns          452019 1c00a9ac 00070763 beq              x14, x0, 14         x14:0000004c
26695222ns          452020 1c00a9ae 00f00533 add              x10, x0, x15        x10=1c00061b x15:1c00061b
26695242ns          452021 1c00a9b0 0017c70b p.lbu            x14, 1(x15!)        x14=0000007a x15=1c00061c x15:1c00061b  PA:1c00061b
26695560ns          452037 1c00a9b4 feb71ce3 bne              x14, x11, -8        x14:0000007a x11:00000064
26695620ns          452040 1c00a9ac 00070763 beq              x14, x0, 14         x14:0000007a
26695640ns          452041 1c00a9ae 00f00533 add              x10, x0, x15        x10=1c00061c x15:1c00061c
26695660ns          452042 1c00a9b0 0017c70b p.lbu            x14, 1(x15!)        x14=00000000 x15=1c00061d x15:1c00061c  PA:1c00061c
26696018ns          452060 1c00a9b4 feb71ce3 bne              x14, x11, -8        x14:00000000 x11:00000064
26696078ns          452063 1c00a9ac 00070763 beq              x14, x0, 14         x14:00000000
26696157ns          452067 1c00a9ba 0015b593 sltiu            x11, x11, 1         x11=00000000 x11:00000064
26696177ns          452068 1c00a9be 40b005b3 sub              x11, x0, x11        x11=00000000 x11:00000000
26696197ns          452069 1c00a9c2 00b57533 and              x10, x10, x11       x10=00000000 x10:1c00061c x11:00000000
26696217ns          452070 1c00a9c4 00008067 jalr             x0, x1, 0            x1:1c00abb4
26696257ns          452072 1c00abb4 01300433 add              x8, x0, x19          x8=1c000090 x19:1c000090
26696276ns          452073 1c00abb6 00050563 beq              x10, x0, 10         x10:00000000
26696336ns          452076 1c00abc0 06700693 addi             x13, x0, 103        x13=00000067
26696356ns          452077 1c00abc4 1c96df63 bge              x13, x9, 478        x13:00000067  x9:00000064
26696495ns          452084 1c00ada2 06500693 addi             x13, x0, 101        x13=00000065
26696515ns          452085 1c00ada6 12d4d463 bge              x9, x13, 296         x9:00000064 x13:00000065
26696535ns          452086 1c00adaa 04700693 addi             x13, x0, 71         x13=00000047
26696595ns          452089 1c00adae 5296c363 blt              x13, x9, 1318       x13:00000047  x9:00000064
26696694ns          452094 1c00b2d4 06300693 addi             x13, x0, 99         x13=00000063
26696734ns          452096 1c00b2d8 1cd48463 beq              x9, x13, 456         x9:00000064 x13:00000063
26696754ns          452097 1c00b2dc 1296c763 blt              x13, x9, 302        x13:00000063  x9:00000064
26696873ns          452103 1c00b40a 000c2503 lw               x10, 0(x24)         x10=00000008 x24:10000cc0  PA:10000cc0
26696893ns          452104 1c00b40e 004c0c13 addi             x24, x24, 4         x24=10000cc4 x24:10000cc0
26696933ns          452106 1c00b410 2c054b63 blt              x10, x0, 726        x10:00000008
26696973ns          452108 1c00b414 01412603 lw               x12, 20(x2)         x12=00000000  x2:10000b68  PA:10000b7c
26696992ns          452109 1c00b416 00a006b3 add              x13, x0, x10        x13=00000008 x10:00000008
26697012ns          452110 1c00b418 2e061463 bne              x12, x0, 744        x12:00000000
26697032ns          452111 1c00b41c 01812703 lw               x14, 24(x2)         x14=00000000  x2:10000b68  PA:10000b80
26697052ns          452112 1c00b41e 019007b3 add              x15, x0, x25        x15=10000b8c x25:10000b8c
26697072ns          452113 1c00b420 00070763 beq              x14, x0, 14         x14:00000000
26697132ns          452116 1c00b42e 00f00733 add              x14, x0, x15        x14=10000b8c x15:10000b8c
26697191ns          452119 1c00b430 00a00593 addi             x11, x0, 10         x11=0000000a
26697231ns          452121 1c00b432 02b6f633 remu             x12, x13, x11       x12=00000008 x13:00000008 x11:0000000a
26697848ns          452152 1c00b436 02b6d6b3 divu             x13, x13, x11       x13=00000000 x13:00000008 x11:0000000a
26698464ns          452183 1c00b43a 03060613 addi             x12, x12, 48        x12=00000038 x12:00000008
26698484ns          452184 1c00b43e 00c700ab p.sb             x12, 1(x14!)        x14=10000b8d x12:00000038 x14:10000b8c  PA:10000b8c
26698504ns          452185 1c00b442 fe0698e3 bne              x13, x0, -16        x13:00000000
26698524ns          452186 1c00b444 40f706b3 sub              x13, x14, x15       x13=00000001 x14:10000b8d x15:10000b8c
26698544ns          452187 1c00b448 0146da63 bge              x13, x20, 20        x13:00000001 x20:ffffffff
26698603ns          452190 1c00b45c 00e006b3 add              x13, x0, x14        x13=10000b8d x14:10000b8d
26698623ns          452191 1c00b45e fe068fab p.sb             x0, -1(x13!)        x13=10000b8c x13:10000b8d  PA:10000b8d
26698663ns          452193 1c00b462 00d7fc63 bgeu             x15, x13, 24        x15:10000b8c x13:10000b8c
26698723ns          452196 1c00b47a 01412783 lw               x15, 20(x2)         x15=00000000  x2:10000b68  PA:10000b7c
26698743ns          452197 1c00b47c 01812603 lw               x12, 24(x2)         x12=00000000  x2:10000b68  PA:10000b80
26698762ns          452198 1c00b47e 419704b3 sub              x9, x14, x25         x9=00000001 x14:10000b8d x25:10000b8c
26698782ns          452199 1c00b482 00c7e7b3 or               x15, x15, x12       x15=00000000 x15:00000000 x12:00000000
26698802ns          452200 1c00b484 00f12623 sw               x15, 12(x2)         x15:00000000  x2:10000b68  PA:10000b74
26698822ns          452201 1c00b486 00079363 bne              x15, x0, 6          x15:00000000
26698842ns          452202 1c00b488 01f55513 srli             x10, x10, 0x1f      x10=00000000 x10:00000008
26698862ns          452203 1c00b48a 00a12623 sw               x10, 12(x2)         x10:00000000  x2:10000b68  PA:10000b74
26698882ns          452204 1c00b48c ddfa22e3 p.beqimm         x20, -572           x20:ffffffff
26698941ns          452207 1c00b250 0c800793 addi             x15, x0, 200        x15=000000c8
26698961ns          452208 1c00b254 ac97cae3 blt              x15, x9, -1324      x15:000000c8  x9:00000001
26698981ns          452209 1c00b258 9d24c8e3 blt              x9, x18, -1584       x9:00000001 x18:00000000
26699001ns          452210 1c00b25c aabff06f jal              x0, -1366          
26699120ns          452216 1c00ad06 dc0486e3 beq              x9, x0, -564         x9:00000001
26699140ns          452217 1c00ad0a 01900933 add              x18, x0, x25        x18=10000b8c x25:10000b8c
26699160ns          452218 1c00ad0c 419d8db3 sub              x27, x27, x25       x27=effff491 x27:0000001d x25:10000b8c
26699200ns          452220 1c00ad10 00a0006f jal              x0, 10             
26699260ns          452223 1c00ad1a 0019450b p.lbu            x10, 1(x18!)        x10=00000038 x18=10000b8d x18:10000b8c  PA:10000b8c
26699280ns          452224 1c00ad1e 01a005b3 add              x11, x0, x26        x11=00000002 x26:00000002
26699319ns          452226 1c00ad20 000b00e7 jalr             x1, x22, 0           x1=1c00ad22 x22:1c00aa18
26699399ns          452230 1c00aa18 000026b7 lui              x13, 0x2000         x13=00002000
26699439ns          452232 1c00aa1a f14027f3 csrrs            x15, x0, 0xf14      x15=00000001
26699498ns          452235 1c00aa1e f8068693 addi             x13, x13, -128      x13=00001f80 x13:00002000
26699538ns          452237 1c00aa22 00379713 slli             x14, x15, 0x3       x14=00000008 x15:00000001
26699558ns          452238 1c00aa26 00279793 slli             x15, x15, 0x2       x15=00000004 x15:00000001
26699578ns          452239 1c00aa28 00d7f7b3 and              x15, x15, x13       x15=00000000 x15:00000004 x13:00001f80
26699598ns          452240 1c00aa2a ee873733 p.bclr           x14, x14, 23, 8     x14=00000008 x14:00000008
26699618ns          452241 1c00aa2e 1a10f6b7 lui              x13, 0x1a10f000     x13=1a10f000
26699638ns          452242 1c00aa32 0ff57513 andi             x10, x10, 255       x10=00000038 x10:00000038
26699657ns          452243 1c00aa36 00d70733 add              x14, x14, x13       x14=1a10f008 x14:00000008 x13:1a10f000
26699677ns          452244 1c00aa38 00a7e723 p.sw             x10, x0(x15)        x10:00000038 x15:00000000  PA:1a10f008
26699996ns          452260 1c00aa3c 00000513 addi             x10, x0, 0          x10=00000000
26700015ns          452261 1c00aa3e 00008067 jalr             x0, x1, 0            x1:1c00ad22
26700055ns          452263 1c00ad22 fff48493 addi             x9, x9, -1           x9=00000000  x9:00000001
26700075ns          452264 1c00ad24 fff537e3 p.bneimm         x10, -18            x10:00000000
26700155ns          452268 1c00ad12 012d8733 add              x14, x27, x18       x14=0000001e x27:effff491 x18:10000b8d
26700174ns          452269 1c00ad16 66048d63 beq              x9, x0, 1658         x9:00000000
26700234ns          452272 1c00b390 00e00db3 add              x27, x0, x14        x27=0000001e x14:0000001e
26700254ns          452273 1c00b392 f40ff06f jal              x0, -2240          
26700314ns          452276 1c00aad2 00044503 lbu              x10, 0(x8)          x10=0000000a  x8:1c000090  PA:1c000090
26700612ns          452291 1c00aad6 00140413 addi             x8, x8, 1            x8=1c000091  x8:1c000090
26700632ns          452292 1c00aad8 00050e63 beq              x10, x0, 28         x10:0000000a
26700652ns          452293 1c00aada 02500793 addi             x15, x0, 37         x15=00000025
26700672ns          452294 1c00aade 04f50863 beq              x10, x15, 80        x10:0000000a x15:00000025
26700692ns          452295 1c00aae2 01a005b3 add              x11, x0, x26        x11=00000002 x26:00000002
26700711ns          452296 1c00aae4 000b00e7 jalr             x1, x22, 0           x1=1c00aae6 x22:1c00aa18
26700751ns          452298 1c00aa18 000026b7 lui              x13, 0x2000         x13=00002000
26700771ns          452299 1c00aa1a f14027f3 csrrs            x15, x0, 0xf14      x15=00000001
26700791ns          452300 1c00aa1e f8068693 addi             x13, x13, -128      x13=00001f80 x13:00002000
26700811ns          452301 1c00aa22 00379713 slli             x14, x15, 0x3       x14=00000008 x15:00000001
26700831ns          452302 1c00aa26 00279793 slli             x15, x15, 0x2       x15=00000004 x15:00000001
26700851ns          452303 1c00aa28 00d7f7b3 and              x15, x15, x13       x15=00000000 x15:00000004 x13:00001f80
26700871ns          452304 1c00aa2a ee873733 p.bclr           x14, x14, 23, 8     x14=00000008 x14:00000008
26700890ns          452305 1c00aa2e 1a10f6b7 lui              x13, 0x1a10f000     x13=1a10f000
26700910ns          452306 1c00aa32 0ff57513 andi             x10, x10, 255       x10=0000000a x10:0000000a
26700930ns          452307 1c00aa36 00d70733 add              x14, x14, x13       x14=1a10f008 x14:00000008 x13:1a10f000
26700950ns          452308 1c00aa38 00a7e723 p.sw             x10, x0(x15)        x10:0000000a x15:00000000  PA:1a10f008
26701268ns          452324 1c00aa3c 00000513 addi             x10, x0, 0          x10=00000000
26701288ns          452325 1c00aa3e 00008067 jalr             x0, x1, 0            x1:1c00aae6
26701348ns          452328 1c00aae6 25f52163 p.beqimm         x10, 578            x10:00000000
26701368ns          452329 1c00aaea 001d8d93 addi             x27, x27, 1         x27=0000001f x27:0000001e
26701388ns          452330 1c00aaec 00044503 lbu              x10, 0(x8)          x10=00000000  x8:1c000091  PA:1c000091
26701686ns          452345 1c00aaf0 00140413 addi             x8, x8, 1            x8=1c000092  x8:1c000091
26701706ns          452346 1c00aaf2 fe0514e3 bne              x10, x0, -24        x10:00000000
26701726ns          452347 1c00aaf4 01b00433 add              x8, x0, x27          x8=0000001f x27:0000001f
26701746ns          452348 1c00aaf6 00800533 add              x10, x0, x8         x10=0000001f  x8:0000001f
26701766ns          452349 1c00aaf8 12c12083 lw               x1, 300(x2)          x1=1c00aa84  x2:10000b68  PA:10000c94
26701785ns          452350 1c00aafc 12812403 lw               x8, 296(x2)          x8=xxxxxxxx  x2:10000b68  PA:10000c90
26701825ns          452352 1c00ab00 12412483 lw               x9, 292(x2)          x9=xxxxxxxx  x2:10000b68  PA:10000c8c
26701865ns          452354 1c00ab04 12012903 lw               x18, 288(x2)        x18=xxxxxxxx  x2:10000b68  PA:10000c88
26701885ns          452355 1c00ab08 11c12983 lw               x19, 284(x2)        x19=xxxxxxxx  x2:10000b68  PA:10000c84
26701905ns          452356 1c00ab0c 11812a03 lw               x20, 280(x2)        x20=xxxxxxxx  x2:10000b68  PA:10000c80
26702203ns          452371 1c00ab10 11412a83 lw               x21, 276(x2)        x21=xxxxxxxx  x2:10000b68  PA:10000c7c
26702243ns          452373 1c00ab14 11012b03 lw               x22, 272(x2)        x22=xxxxxxxx  x2:10000b68  PA:10000c78
26702263ns          452374 1c00ab18 10c12b83 lw               x23, 268(x2)        x23=xxxxxxxx  x2:10000b68  PA:10000c74
26702283ns          452375 1c00ab1c 10812c03 lw               x24, 264(x2)        x24=xxxxxxxx  x2:10000b68  PA:10000c70
26702303ns          452376 1c00ab20 10412c83 lw               x25, 260(x2)        x25=xxxxxxxx  x2:10000b68  PA:10000c6c
26702322ns          452377 1c00ab24 10012d03 lw               x26, 256(x2)        x26=xxxxxxxx  x2:10000b68  PA:10000c68
26702342ns          452378 1c00ab28 0fc12d83 lw               x27, 252(x2)        x27=xxxxxxxx  x2:10000b68  PA:10000c64
26702362ns          452379 1c00ab2a 13010113 addi             x2, x2, 304          x2=10000c98  x2:10000b68
26702382ns          452380 1c00ab2c 00008067 jalr             x0, x1, 0            x1:1c00aa84
26702501ns          452386 1c00aa84 01c12083 lw               x1, 28(x2)           x1=1c0092a0  x2:10000c98  PA:10000cb4
26702521ns          452387 1c00aa86 04010113 addi             x2, x2, 64           x2=10000cd8  x2:10000c98
26702561ns          452389 1c00aa88 00008067 jalr             x0, x1, 0            x1:1c0092a0
26702700ns          452396 1c0092a0 1c0010b7 lui              x1, 0x1c001000       x1=1c001000
26702740ns          452398 1c0092a4 e9808093 addi             x1, x1, -360         x1=1c000e98  x1:1c001000
26702760ns          452399 1c0092a8 0000a583 lw               x11, 0(x1)          x11=00000000  x1:1c000e98  PA:1c000e98
26703178ns          452420 1c0092ac 0040a603 lw               x12, 4(x1)          x12=007f0427  x1:1c000e98  PA:1c000e9c
26703496ns          452436 1c0092b0 0080a683 lw               x13, 8(x1)          x13=ff6affd1  x1:1c000e98  PA:1c000ea0
26703894ns          452456 1c0092b4 0100a783 lw               x15, 16(x1)         x15=00000000  x1:1c000e98  PA:1c000ea8
26704291ns          452476 1c0092b8 00c0a703 lw               x14, 12(x1)         x14=0060ffe5  x1:1c000e98  PA:1c000ea4
26704709ns          452497 1c0092bc 2cb12623 sw               x11, 716(x2)        x11:00000000  x2:10000cd8  PA:10000fa4
26704729ns          452498 1c0092c0 2cc12823 sw               x12, 720(x2)        x12:007f0427  x2:10000cd8  PA:10000fa8
26704749ns          452499 1c0092c4 2cd12a23 sw               x13, 724(x2)        x13:ff6affd1  x2:10000cd8  PA:10000fac
26704769ns          452500 1c0092c8 2ce12c23 sw               x14, 728(x2)        x14:0060ffe5  x2:10000cd8  PA:10000fb0
26704789ns          452501 1c0092cc 2cf12e23 sw               x15, 732(x2)        x15:00000000  x2:10000cd8  PA:10000fb4
26705206ns          452522 1c0092d0 21d020ef jal              x1, 10780            x1=1c0092d4
26705664ns          452545 1c00bcec f14027f3 csrrs            x15, x0, 0xf14      x15=00000001
26706161ns          452570 1c00bcf0 01f00713 addi             x14, x0, 31         x14=0000001f
26706201ns          452572 1c00bcf2 ca5797b3 p.extractu       x15, x15, 5, 5      x15=00000000 x15:00000001
26706220ns          452573 1c00bcf6 00e78863 beq              x15, x14, 16        x15:00000000 x14:0000001f
26706240ns          452574 1c00bcfa 002047b7 lui              x15, 0x204000       x15=00204000
26706678ns          452596 1c00bcfe 20078793 addi             x15, x15, 512       x15=00204200 x15:00204000
26706718ns          452598 1c00bd02 01c7e703 p.elw            x14, 28(x15)        x14=00010000 x15:00204200  PA:0020421c
26706917ns          452608 1c00bd06 00008067 jalr             x0, x1, 0            x1:1c0092d4
26707235ns          452624 1c0092d4 0ac12283 lw               x5, 172(x2)          x5=00000001  x2:10000cd8  PA:10000d84
26707255ns          452625 1c0092d6 1c003437 lui              x8, 0x1c003000       x8=1c003000
26707275ns          452626 1c0092da 1c0034b7 lui              x9, 0x1c003000       x9=1c003000
26707792ns          452652 1c0092de 1c003537 lui              x10, 0x1c003000     x10=1c003000
26707831ns          452654 1c0092e2 1c0035b7 lui              x11, 0x1c003000     x11=1c003000
26707851ns          452655 1c0092e6 1c003637 lui              x12, 0x1c003000     x12=1c003000
26707871ns          452656 1c0092ea 1c0036b7 lui              x13, 0x1c003000     x13=1c003000
26708229ns          452674 1c0092ee 1c0037b7 lui              x15, 0x1c003000     x15=1c003000
26708269ns          452676 1c0092f2 1c003db7 lui              x27, 0x1c003000     x27=1c003000
26708289ns          452677 1c0092f6 00129b93 slli             x23, x5, 0x1        x23=00000002  x5:00000001
26708309ns          452678 1c0092fa ef058593 addi             x11, x11, -272      x11=1c002ef0 x11:1c003000
26708766ns          452701 1c0092fe f0060613 addi             x12, x12, -256      x12=1c002f00 x12:1c003000
26708806ns          452703 1c009302 e6078793 addi             x15, x15, -416      x15=1c002e60 x15:1c003000
26708826ns          452704 1c009306 ec040413 addi             x8, x8, -320         x8=1c002ec0  x8:1c003000
26708846ns          452705 1c00930a ed048493 addi             x9, x9, -304         x9=1c002ed0  x9:1c003000
26709283ns          452727 1c00930e ee050513 addi             x10, x10, -288      x10=1c002ee0 x10:1c003000
26709323ns          452729 1c009312 e7068693 addi             x13, x13, -400      x13=1c002e70 x13:1c003000
26709343ns          452730 1c009316 e90d8d93 addi             x27, x27, -368      x27=1c002e90 x27:1c003000
26709363ns          452731 1c00931a 1c003e37 lui              x28, 0x1c003000     x28=1c003000
26709860ns          452756 1c00931e 1c003eb7 lui              x29, 0x1c003000     x29=1c003000
26709900ns          452758 1c009322 1c003f37 lui              x30, 0x1c003000     x30=1c003000
26709920ns          452759 1c009326 01740c33 add              x24, x8, x23        x24=1c002ec2  x8:1c002ec0 x23:00000002
26709940ns          452760 1c00932a 01748b33 add              x22, x9, x23        x22=1c002ed2  x9:1c002ed0 x23:00000002
26710397ns          452783 1c00932e 01758a33 add              x20, x11, x23       x20=1c002ef2 x11:1c002ef0 x23:00000002
26710437ns          452785 1c009332 017609b3 add              x19, x12, x23       x19=1c002f02 x12:1c002f00 x23:00000002
26710457ns          452786 1c009336 017784b3 add              x9, x15, x23         x9=1c002e62 x15:1c002e60 x23:00000002
26710476ns          452787 1c00933a 01750d33 add              x26, x10, x23       x26=1c002ee2 x10:1c002ee0 x23:00000002
26710834ns          452805 1c00933e 01768933 add              x18, x13, x23       x18=1c002e72 x13:1c002e70 x23:00000002
26710874ns          452807 1c009342 017d8433 add              x8, x27, x23         x8=1c002e92 x27:1c002e90 x23:00000002
26710894ns          452808 1c009346 e80e0e13 addi             x28, x28, -384      x28=1c002e80 x28:1c003000
26710914ns          452809 1c00934a eb0e8e93 addi             x29, x29, -336      x29=1c002eb0 x29:1c003000
26711431ns          452835 1c00934e ea0f0f13 addi             x30, x30, -352      x30=1c002ea0 x30:1c003000
26711471ns          452837 1c009352 000c1023 sh               x0, 0(x24)          x24:1c002ec2  PA:1c002ec2
26711789ns          452853 1c009356 000b1023 sh               x0, 0(x22)          x22:1c002ed2  PA:1c002ed2
26712187ns          452873 1c00935a 00041023 sh               x0, 0(x8)            x8:1c002e92  PA:1c002e92
26712525ns          452890 1c00935e 000e5ba3 p.sh             x0, x0(x28)         x28:1c002e80  PA:1c002e82
26712843ns          452906 1c009362 000edba3 p.sh             x0, x0(x29)         x29:1c002eb0  PA:1c002eb2
26713161ns          452922 1c009366 000f5ba3 p.sh             x0, x0(x30)         x30:1c002ea0  PA:1c002ea2
26713480ns          452938 1c00936a 000d1023 sh               x0, 0(x26)          x26:1c002ee2  PA:1c002ee2
26713798ns          452954 1c00936e 000a1023 sh               x0, 0(x20)          x20:1c002ef2  PA:1c002ef2
26714116ns          452970 1c009372 00099023 sh               x0, 0(x19)          x19:1c002f02  PA:1c002f02
26714454ns          452987 1c009376 00091023 sh               x0, 0(x18)          x18:1c002e72  PA:1c002e72
26714772ns          453003 1c00937a 00049023 sh               x0, 0(x9)            x9:1c002e62  PA:1c002e62
26715090ns          453019 1c00937e 16f020ef jal              x1, 10606            x1=1c009382
26715110ns          453020 1c00bcec f14027f3 csrrs            x15, x0, 0xf14      x15=00000001
26715130ns          453021 1c00bcf0 01f00713 addi             x14, x0, 31         x14=0000001f
26715150ns          453022 1c00bcf2 ca5797b3 p.extractu       x15, x15, 5, 5      x15=00000000 x15:00000001
26715170ns          453023 1c00bcf6 00e78863 beq              x15, x14, 16        x15:00000000 x14:0000001f
26715190ns          453024 1c00bcfa 002047b7 lui              x15, 0x204000       x15=00204000
26715210ns          453025 1c00bcfe 20078793 addi             x15, x15, 512       x15=00204200 x15:00204000
26715230ns          453026 1c00bd02 01c7e703 p.elw            x14, 28(x15)        x14=00010000 x15:00204200  PA:0020421c
26715349ns          453032 1c00bd06 00008067 jalr             x0, x1, 0            x1:1c009382
26715409ns          453035 1c009382 1c0027b7 lui              x15, 0x1c002000     x15=1c002000
26715429ns          453036 1c009386 e5078793 addi             x15, x15, -432      x15=1c001e50 x15:1c002000
26715448ns          453037 1c00938a 017785b3 add              x11, x15, x23       x11=1c001e52 x15:1c001e50 x23:00000002
26715926ns          453061 1c00938e 1c0017b7 lui              x15, 0x1c001000     x15=1c001000
26715966ns          453063 1c009392 67c78793 addi             x15, x15, 1660      x15=1c00167c x15:1c001000
26715985ns          453064 1c009396 01778633 add              x12, x15, x23       x12=1c00167e x15:1c00167c x23:00000002
26716005ns          453065 1c00939a 1c0017b7 lui              x15, 0x1c001000     x15=1c001000
26716443ns          453087 1c00939e eac78793 addi             x15, x15, -340      x15=1c000eac x15:1c001000
26716483ns          453089 1c0093a2 01778ab3 add              x21, x15, x23       x21=1c000eae x15:1c000eac x23:00000002
26716503ns          453090 1c0093a6 1c002cb7 lui              x25, 0x1c002000     x25=1c002000
26716522ns          453091 1c0093aa 0ac12783 lw               x15, 172(x2)        x15=00000001  x2:10000cd8  PA:10000d84
26716542ns          453092 1c0093ac 688c8c93 addi             x25, x25, 1672      x25=1c002688 x25:1c002000
26716960ns          453113 1c0093b0 017c8cb3 add              x25, x25, x23       x25=1c00268a x25:1c002688 x23:00000002
26716980ns          453114 1c0093b2 03812423 sw               x24, 40(x2)         x24:1c002ec2  x2:10000cd8  PA:10000d00
26717000ns          453115 1c0093b4 03612823 sw               x22, 48(x2)         x22:1c002ed2  x2:10000cd8  PA:10000d08
26717020ns          453116 1c0093b6 0a812023 sw               x8, 160(x2)          x8:1c002e92  x2:10000cd8  PA:10000d78
26717040ns          453117 1c0093b8 01700c33 add              x24, x0, x23        x24=00000002 x23:00000002
26717059ns          453118 1c0093ba 03a12c23 sw               x26, 56(x2)         x26:1c002ee2  x2:10000cd8  PA:10000d10
26717079ns          453119 1c0093bc 01500bb3 add              x23, x0, x21        x23=1c000eae x21:1c000eae
26717099ns          453120 1c0093be 05412023 sw               x20, 64(x2)         x20:1c002ef2  x2:10000cd8  PA:10000d18
26717477ns          453139 1c0093c0 05312423 sw               x19, 72(x2)         x19:1c002f02  x2:10000cd8  PA:10000d20
26717497ns          453140 1c0093c2 05212823 sw               x18, 80(x2)         x18:1c002e72  x2:10000cd8  PA:10000d28
26717517ns          453141 1c0093c4 04912c23 sw               x9, 88(x2)           x9:1c002e62  x2:10000cd8  PA:10000d30
26717537ns          453142 1c0093c6 00b00433 add              x8, x0, x11          x8=1c001e52 x11:1c001e52
26717557ns          453143 1c0093c8 00f00b33 add              x22, x0, x15        x22=00000001 x15:00000001
26717576ns          453144 1c0093ca 00c00ab3 add              x21, x0, x12        x21=1c00167e x12:1c00167e
26717596ns          453145 1c0093cc 010c9a0b p.lh             x20, 16(x25!)       x20=000001a4 x25=1c00269a x25:1c00268a  PA:1c00268a
26718054ns          453168 1c0093d0 0104198b p.lh             x19, 16(x8!)        x19=00000109  x8=1c001e62  x8:1c001e52  PA:1c001e52
26718432ns          453187 1c0093d4 2cc10513 addi             x10, x2, 716        x10=10000fa4  x2:10000cd8
26718452ns          453188 1c0093d6 010a990b p.lh             x18, 16(x21!)       x18=000001c0 x21=1c00168e x21:1c00167e  PA:1c00167e
26718949ns          453213 1c0093da 010b948b p.lh             x9, 16(x23!)         x9=000000c7 x23=1c000ebe x23:1c000eae  PA:1c000eae
26719366ns          453234 1c0093de 2d411623 sh               x20, 716(x2)        x20:000001a4  x2:10000cd8  PA:10000fa4
26719386ns          453235 1c0093e2 2d311723 sh               x19, 718(x2)        x19:00000109  x2:10000cd8  PA:10000fa6
26719406ns          453236 1c0093e6 c33ff0ef jal              x1, -974             x1=1c0093e8
26719864ns          453259 1c009018 00051803 lh               x16, 0(x10)         x16=000001a4 x10:10000fa4  PA:10000fa4
26719923ns          453262 1c00901c 00251883 lh               x17, 2(x10)         x17=00000109 x10:10000fa4  PA:10000fa6
26720341ns          453283 1c009020 030806b3 mul              x13, x16, x16       x13=0002b110 x16:000001a4 x16:000001a4
26720381ns          453285 1c009024 03188633 mul              x12, x17, x17       x12=00011251 x17:00000109 x17:00000109
26720401ns          453286 1c009028 40a65613 srai             x12, x12, 0x40a     x12=00000044 x12:00011251
26720420ns          453287 1c00902a 40a6d693 srai             x13, x13, 0x40a     x13=000000ac x13:0002b110
26720440ns          453288 1c00902c 00c686b3 add              x13, x13, x12       x13=000000f0 x13:000000ac x12:00000044
26720858ns          453309 1c00902e 1006c633 p.exths          x12, x13, x0        x12=000000f0 x13:000000f0
26720898ns          453311 1c009032 00855703 lhu              x14, 8(x10)         x14=0000ffd1 x10:10000fa4  PA:10000fac
26720918ns          453312 1c009036 00a55683 lhu              x13, 10(x10)        x13=0000ff6a x10:10000fa4  PA:10000fae
26720938ns          453313 1c00903a 02c60333 mul              x6, x12, x12         x6=0000e100 x12:000000f0 x12:000000f0
26721375ns          453335 1c00903e 00c55783 lhu              x15, 12(x10)        x15=0000ffe5 x10:10000fa4  PA:10000fb0
26721435ns          453338 1c009042 00e55583 lhu              x11, 14(x10)        x11=00000060 x10:10000fa4  PA:10000fb2
26721574ns          453345 1c009046 dea30333 p.extract        x6, x6, 15, 10       x6=00000038  x6:0000e100
26721594ns          453346 1c00904a 80c7075b p.muls           x14, x14, x12       x14=ffffd3f0 x14:0000ffd1 x12:000000f0
26721912ns          453362 1c00904e 80c686db p.muls           x13, x13, x12       x13=ffff7360 x13:0000ff6a x12:000000f0
26721952ns          453364 1c009052 00455e83 lhu              x29, 4(x10)         x29=00000427 x10:10000fa4  PA:10000fa8
26721972ns          453365 1c009056 00655e03 lhu              x28, 6(x10)         x28=0000007f x10:10000fa4  PA:10000faa
26721992ns          453366 1c00905a 40a75713 srai             x14, x14, 0x40a     x14=fffffff4 x14:ffffd3f0
26722012ns          453367 1c00905c 806787db p.muls           x15, x15, x6        x15=fffffa18 x15:0000ffe5  x6:00000038
26722429ns          453388 1c009060 40a6d693 srai             x13, x13, 0x40a     x13=ffffffdc x13:ffff7360
26722469ns          453390 1c009062 8065865b p.muls           x12, x11, x6        x12=00001500 x11:00000060  x6:00000038
26722489ns          453391 1c009066 40a7d793 srai             x15, x15, 0x40a     x15=fffffffe x15:fffffa18
26722509ns          453392 1c009068 40a65613 srai             x12, x12, 0x40a     x12=00000005 x12:00001500
26722529ns          453393 1c00906a 01d70733 add              x14, x14, x29       x14=0000041b x14:fffffff4 x29:00000427
26722548ns          453394 1c00906c 01c686b3 add              x13, x13, x28       x13=0000005b x13:ffffffdc x28:0000007f
26722568ns          453395 1c00906e 00c686b3 add              x13, x13, x12       x13=00000060 x13:0000005b x12:00000005
26722946ns          453414 1c009070 00f70733 add              x14, x14, x15       x14=00000419 x14:0000041b x15:fffffffe
26722986ns          453416 1c009072 100747b3 p.exths          x15, x14, x0        x15=00000419 x14:00000419
26723006ns          453417 1c009076 1006c733 p.exths          x14, x13, x0        x14=00000060 x13:00000060
26723026ns          453418 1c00907a 03170633 mul              x12, x14, x17       x12=00006360 x14:00000060 x17:00000109
26723463ns          453440 1c00907e 030786b3 mul              x13, x15, x16       x13=0006b904 x15:00000419 x16:000001a4
26723503ns          453442 1c009082 03070733 mul              x14, x14, x16       x14=00009d80 x14:00000060 x16:000001a4
26723523ns          453443 1c009086 031787b3 mul              x15, x15, x17       x15=00043de1 x15:00000419 x17:00000109
26723543ns          453444 1c00908a 40a6d693 srai             x13, x13, 0x40a     x13=000001ae x13:0006b904
26723563ns          453445 1c00908c 40a65613 srai             x12, x12, 0x40a     x12=00000018 x12:00006360
26723583ns          453446 1c00908e 40a7d793 srai             x15, x15, 0x40a     x15=0000010f x15:00043de1
26723980ns          453466 1c009090 40a75713 srai             x14, x14, 0x40a     x14=00000027 x14:00009d80
26724000ns          453467 1c009092 40c686b3 sub              x13, x13, x12       x13=00000196 x13:000001ae x12:00000018
26724020ns          453468 1c009094 00e787b3 add              x15, x15, x14       x15=00000136 x15:0000010f x14:00000027
26724040ns          453469 1c009096 00d51823 sh               x13, 16(x10)        x13:00000196 x10:10000fa4  PA:10000fb4
26724060ns          453470 1c00909a 00f51923 sh               x15, 18(x10)        x15:00000136 x10:10000fa4  PA:10000fb6
26724080ns          453471 1c00909e 00008067 jalr             x0, x1, 0            x1:1c0093e8
26724537ns          453494 1c0093e8 2dc15583 lhu              x11, 732(x2)        x11=00000196  x2:10000cd8  PA:10000fb4
26724557ns          453495 1c0093ec 2de15783 lhu              x15, 734(x2)        x15=00000136  x2:10000cd8  PA:10000fb6
26724995ns          453517 1c0093f0 40b90933 sub              x18, x18, x11       x18=0000002a x18:000001c0 x11:00000196
26725034ns          453519 1c0093f4 40f484b3 sub              x9, x9, x15          x9=ffffff91  x9:000000c7 x15:00000136
26725054ns          453520 1c0093f6 100945b3 p.exths          x11, x18, x0        x11=0000002a x18:0000002a
26725074ns          453521 1c0093fa 1004c7b3 p.exths          x15, x9, x0         x15=ffffff91  x9:ffffff91
26725512ns          453543 1c0093fe 034586b3 mul              x13, x11, x20       x13=000044e8 x11:0000002a x20:000001a4
26725552ns          453545 1c009402 03378533 mul              x10, x15, x19       x10=ffff8d19 x15:ffffff91 x19:00000109
26725571ns          453546 1c009406 034a0633 mul              x12, x20, x20       x12=0002b110 x20:000001a4 x20:000001a4
26725591ns          453547 1c00940a 03398733 mul              x14, x19, x19       x14=00011251 x19:00000109 x19:00000109
26726049ns          453570 1c00940e 034787b3 mul              x15, x15, x20       x15=ffff49e4 x15:ffffff91 x20:000001a4
26726089ns          453572 1c009412 033585b3 mul              x11, x11, x19       x11=00002b7a x11:0000002a x19:00000109
26726108ns          453573 1c009416 40a75713 srai             x14, x14, 0x40a     x14=00000044 x14:00011251
26726128ns          453574 1c009418 40a5d593 srai             x11, x11, 0x40a     x11=0000000a x11:00002b7a
26726148ns          453575 1c00941a 40a65613 srai             x12, x12, 0x40a     x12=000000ac x12:0002b110
26726168ns          453576 1c00941c 40a7d793 srai             x15, x15, 0x40a     x15=ffffffd2 x15:ffff49e4
26726566ns          453596 1c00941e 1c0034b7 lui              x9, 0x1c003000       x9=1c003000
26726586ns          453597 1c009422 00e60633 add              x12, x12, x14       x12=000000f0 x12:000000ac x14:00000044
26726606ns          453598 1c009424 40b787b3 sub              x15, x15, x11       x15=ffffffc8 x15:ffffffd2 x11:0000000a
26726626ns          453599 1c009426 eb048493 addi             x9, x9, -336         x9=1c002eb0  x9:1c003000
26726645ns          453600 1c00942a 1c0032b7 lui              x5, 0x1c003000       x5=1c003000
26727083ns          453622 1c00942e 1c0035b7 lui              x11, 0x1c003000     x11=1c003000
26727123ns          453624 1c009432 018483b3 add              x7, x9, x24          x7=1c002eb2  x9:1c002eb0 x24:00000002
26727143ns          453625 1c009436 02812e83 lw               x29, 40(x2)         x29=1c002ec2  x2:10000cd8  PA:10000d00
26727163ns          453626 1c009438 10065633 p.exthz          x12, x12, x0        x12=000000f0 x12:000000f0
26727182ns          453627 1c00943c e8028293 addi             x5, x5, -384         x5=1c002e80  x5:1c003000
26727600ns          453648 1c009440 ea058593 addi             x11, x11, -352      x11=1c002ea0 x11:1c003000
26727640ns          453650 1c009444 03812483 lw               x9, 56(x2)           x9=1c002ee2  x2:10000cd8  PA:10000d10
26727660ns          453651 1c009446 10064733 p.exths          x14, x12, x0        x14=000000f0 x12:000000f0
26727680ns          453652 1c00944a 018280b3 add              x1, x5, x24          x1=1c002e82  x5:1c002e80 x24:00000002
26727699ns          453653 1c00944e 03012f03 lw               x30, 48(x2)         x30=1c002ed2  x2:10000cd8  PA:10000d08
26728117ns          453674 1c009450 018582b3 add              x5, x11, x24         x5=1c002ea2 x11:1c002ea0 x24:00000002
26728157ns          453676 1c009454 04012583 lw               x11, 64(x2)         x11=1c002ef2  x2:10000cd8  PA:10000d18
26728177ns          453677 1c009456 000edd83 lhu              x27, 0(x29)         x27=00000000 x29:1c002ec2  PA:1c002ec2
26728614ns          453699 1c00945a 0004d483 lhu              x9, 0(x9)            x9=00000000  x9:1c002ee2  PA:1c002ee2
26728952ns          453716 1c00945e 02e70333 mul              x6, x14, x14         x6=0000e100 x14:000000f0 x14:000000f0
26728972ns          453717 1c009462 40a55513 srai             x10, x10, 0x40a     x10=ffffffe3 x10:ffff8d19
26728992ns          453718 1c009464 04812e83 lw               x29, 72(x2)         x29=1c002f02  x2:10000cd8  PA:10000d20
26729012ns          453719 1c009466 40a6d693 srai             x13, x13, 0x40a     x13=00000011 x13:000044e8
26729032ns          453720 1c009468 000f5d03 lhu              x26, 0(x30)         x26=00000000 x30:1c002ed2  PA:1c002ed2
26729370ns          453737 1c00946c 0005d583 lhu              x11, 0(x11)         x11=00000000 x11:1c002ef2  PA:1c002ef2
26729708ns          453754 1c009470 40a35313 srai             x6, x6, 0x40a        x6=00000038  x6:0000e100
26729728ns          453755 1c009474 00a686b3 add              x13, x13, x10       x13=fffffff4 x13:00000011 x10:ffffffe3
26729748ns          453756 1c009476 05012f03 lw               x30, 80(x2)         x30=1c002e72  x2:10000cd8  PA:10000d28
26729768ns          453757 1c009478 10034e33 p.exths          x28, x6, x0         x28=00000038  x6:00000038
26729788ns          453758 1c00947c 06911023 sh               x9, 96(x2)           x9:00000000  x2:10000cd8  PA:10000d38
26730026ns          453770 1c009480 000ede83 lhu              x29, 0(x29)         x29=00000000 x29:1c002f02  PA:1c002f02
26730384ns          453788 1c009484 05812483 lw               x9, 88(x2)           x9=1c002e62  x2:10000cd8  PA:10000d30
26730404ns          453789 1c009486 1006d6b3 p.exthz          x13, x13, x0        x13=0000fff4 x13:fffffff4
26730424ns          453790 1c00948a 02ee08b3 mul              x17, x28, x14       x17=00003480 x28:00000038 x14:000000f0
26730603ns          453799 1c00948e 1006c833 p.exths          x16, x13, x0        x16=fffffff4 x13:0000fff4
26730643ns          453801 1c009492 06b11823 sh               x11, 112(x2)        x11:00000000  x2:10000cd8  PA:10000d48
26730663ns          453802 1c009496 000f5f03 lhu              x30, 0(x30)         x30=00000000 x30:1c002e72  PA:1c002e72
26731100ns          453824 1c00949a 0a012583 lw               x11, 160(x2)        x11=1c002e92  x2:10000cd8  PA:10000d78
26731120ns          453825 1c00949c 1007d7b3 p.exthz          x15, x15, x0        x15=0000ffc8 x15:ffffffc8
26731140ns          453826 1c0094a0 0004da03 lhu              x20, 0(x9)          x20=00000000  x9:1c002e62  PA:1c002e62
26731518ns          453845 1c0094a4 1007c533 p.exths          x10, x15, x0        x10=ffffffc8 x15:0000ffc8
26731538ns          453846 1c0094a8 09d11023 sh               x29, 128(x2)        x29:00000000  x2:10000cd8  PA:10000d58
26731558ns          453847 1c0094ac 0003d483 lhu              x9, 0(x7)            x9=00000000  x7:1c002eb2  PA:1c002eb2
26731876ns          453863 1c0094b0 02e80eb3 mul              x29, x16, x14       x29=fffff4c0 x16:fffffff4 x14:000000f0
26731896ns          453864 1c0094b4 40a8d893 srai             x17, x17, 0x40a     x17=0000000d x17:00003480
26731916ns          453865 1c0094b8 03c80833 mul              x16, x16, x28       x16=fffffd60 x16:fffffff4 x28:00000038
26731936ns          453866 1c0094bc 09e11823 sh               x30, 144(x2)        x30:00000000  x2:10000cd8  PA:10000d68
26732453ns          453892 1c0094c0 0005d983 lhu              x19, 0(x11)         x19=00000000 x11:1c002e92  PA:1c002e92
26732910ns          453915 1c0094c4 81c88f5b p.muls           x30, x17, x28       x30=000002d8 x17:0000000d x28:00000038
26732930ns          453916 1c0094c8 0002d583 lhu              x11, 0(x5)          x11=00000000  x5:1c002ea2  PA:1c002ea2
26733288ns          453934 1c0094cc 03ce0fb3 mul              x31, x28, x28       x31=00000c40 x28:00000038 x28:00000038
26733308ns          453935 1c0094d0 02e50733 mul              x14, x10, x14       x14=ffffcb80 x10:ffffffc8 x14:000000f0
26733328ns          453936 1c0094d4 40a85813 srai             x16, x16, 0x40a     x16=ffffffff x16:fffffd60
26733348ns          453937 1c0094d8 03c50533 mul              x10, x10, x28       x10=fffff3c0 x10:ffffffc8 x28:00000038
26733368ns          453938 1c0094dc 07015e03 lhu              x28, 112(x2)        x28=00000000  x2:10000cd8  PA:10000d48
26733825ns          453961 1c0094e0 01b60633 add              x12, x12, x27       x12=000000f0 x12:000000f0 x27:00000000
26733845ns          453962 1c0094e2 00980833 add              x16, x16, x9        x16=ffffffff x16:ffffffff  x9:00000000
26733865ns          453963 1c0094e4 06015d83 lhu              x27, 96(x2)         x27=00000000  x2:10000cd8  PA:10000d38
26733885ns          453964 1c0094e8 02812483 lw               x9, 40(x2)           x9=1c002ec2  x2:10000cd8  PA:10000d00
26733905ns          453965 1c0094ea 40afdf93 srai             x31, x31, 0x40a     x31=00000003 x31:00000c40
26733924ns          453966 1c0094ee 40a55513 srai             x10, x10, 0x40a     x10=fffffffc x10:fffff3c0
26734342ns          453987 1c0094f0 01cf8fb3 add              x31, x31, x28       x31=00000003 x31:00000003 x28:00000000
26734362ns          453988 1c0094f2 00b50533 add              x10, x10, x11       x10=fffffffc x10:fffffffc x11:00000000
26734382ns          453989 1c0094f4 09015e03 lhu              x28, 144(x2)        x28=00000000  x2:10000cd8  PA:10000d68
26734402ns          453990 1c0094f8 03012583 lw               x11, 48(x2)         x11=1c002ed2  x2:10000cd8  PA:10000d08
26734422ns          453991 1c0094fa 00c49023 sh               x12, 0(x9)          x12:000000f0  x9:1c002ec2  PA:1c002ec2
26734760ns          454008 1c0094fe 01b888b3 add              x17, x17, x27       x17=0000000d x17:0000000d x27:00000000
26734780ns          454009 1c009500 01a30333 add              x6, x6, x26          x6=00000038  x6:00000038 x26:00000000
26734819ns          454011 1c009502 08015d83 lhu              x27, 128(x2)        x27=00000000  x2:10000cd8  PA:10000d58
26734839ns          454012 1c009506 0000d903 lhu              x18, 0(x1)          x18=00000000  x1:1c002e82  PA:1c002e82
26735336ns          454037 1c00950a 01c686b3 add              x13, x13, x28       x13=0000fff4 x13:0000fff4 x28:00000000
26735356ns          454038 1c00950c 00659023 sh               x6, 0(x11)           x6:00000038 x11:1c002ed2  PA:1c002ed2
26735675ns          454054 1c009510 40af5f13 srai             x30, x30, 0x40a     x30=00000000 x30:000002d8
26735694ns          454055 1c009514 04812e03 lw               x28, 72(x2)         x28=1c002f02  x2:10000cd8  PA:10000d20
26735714ns          454056 1c009516 01bf0f33 add              x30, x30, x27       x30=00000000 x30:00000000 x27:00000000
26735734ns          454057 1c009518 40aede93 srai             x29, x29, 0x40a     x29=fffffffd x29:fffff4c0
26735754ns          454058 1c00951c 40a75713 srai             x14, x14, 0x40a     x14=fffffff2 x14:ffffcb80
26735774ns          454059 1c00951e 03812603 lw               x12, 56(x2)         x12=1c002ee2  x2:10000cd8  PA:10000d10
26735953ns          454068 1c009520 04012d83 lw               x27, 64(x2)         x27=1c002ef2  x2:10000cd8  PA:10000d18
26735993ns          454070 1c009522 01ee1023 sh               x30, 0(x28)         x30:00000000 x28:1c002f02  PA:1c002f02
26736410ns          454091 1c009526 05812483 lw               x9, 88(x2)           x9=1c002e62  x2:10000cd8  PA:10000d30
26736430ns          454092 1c009528 05012f03 lw               x30, 80(x2)         x30=1c002e72  x2:10000cd8  PA:10000d28
26736450ns          454093 1c00952a 0a012583 lw               x11, 160(x2)        x11=1c002e92  x2:10000cd8  PA:10000d78
26736470ns          454094 1c00952c 014787b3 add              x15, x15, x20       x15=0000ffc8 x15:0000ffc8 x20:00000000
26736490ns          454095 1c00952e 013e8eb3 add              x29, x29, x19       x29=fffffffd x29:fffffffd x19:00000000
26736510ns          454096 1c009530 01270733 add              x14, x14, x18       x14=fffffff2 x14:fffffff2 x18:00000000
26736530ns          454097 1c009532 00f49023 sh               x15, 0(x9)          x15:0000ffc8  x9:1c002e62  PA:1c002e62
26736868ns          454114 1c009536 01161023 sh               x17, 0(x12)         x17:0000000d x12:1c002ee2  PA:1c002ee2
26737186ns          454130 1c00953a 01fd9023 sh               x31, 0(x27)         x31:00000003 x27:1c002ef2  PA:1c002ef2
26737504ns          454146 1c00953e 00df1023 sh               x13, 0(x30)         x13:0000fff4 x30:1c002e72  PA:1c002e72
26737842ns          454163 1c009542 01d59023 sh               x29, 0(x11)         x29:fffffffd x11:1c002e92  PA:1c002e92
26738161ns          454179 1c009546 00e09023 sh               x14, 0(x1)          x14:fffffff2  x1:1c002e82  PA:1c002e82
26738479ns          454195 1c00954a 01039023 sh               x16, 0(x7)          x16:ffffffff  x7:1c002eb2  PA:1c002eb2
26738797ns          454211 1c00954e 00a29023 sh               x10, 0(x5)          x10:fffffffc  x5:1c002ea2  PA:1c002ea2
26739135ns          454228 1c009552 008b0b13 addi             x22, x22, 8         x22=00000009 x22:00000001
26739155ns          454229 1c009554 1f300793 addi             x15, x0, 499        x15=000001f3
26739175ns          454230 1c009558 e767dae3 bge              x15, x22, -396      x15:000001f3 x22:00000009
26739593ns          454251 1c0093cc 010c9a0b p.lh             x20, 16(x25!)       x20=fffffeca x25=1c0026aa x25:1c00269a  PA:1c00269a
26739990ns          454271 1c0093d0 0104198b p.lh             x19, 16(x8!)        x19=ffffff9f  x8=1c001e72  x8:1c001e62  PA:1c001e62
26740308ns          454287 1c0093d4 2cc10513 addi             x10, x2, 716        x10=10000fa4  x2:10000cd8
26740328ns          454288 1c0093d6 010a990b p.lh             x18, 16(x21!)       x18=fffffec6 x21=1c00169e x21:1c00168e  PA:1c00168e
26740627ns          454303 1c0093da 010b948b p.lh             x9, 16(x23!)         x9=ffffffb1 x23=1c000ece x23:1c000ebe  PA:1c000ebe
26740925ns          454318 1c0093de 2d411623 sh               x20, 716(x2)        x20:fffffeca  x2:10000cd8  PA:10000fa4
26741024ns          454323 1c0093e2 2d311723 sh               x19, 718(x2)        x19:ffffff9f  x2:10000cd8  PA:10000fa6
26741144ns          454329 1c0093e6 c33ff0ef jal              x1, -974             x1=1c0093e8
26741164ns          454330 1c009018 00051803 lh               x16, 0(x10)         x16=fffffeca x10:10000fa4  PA:10000fa4
26741263ns          454335 1c00901c 00251883 lh               x17, 2(x10)         x17=ffffff9f x10:10000fa4  PA:10000fa6
26741303ns          454337 1c009020 030806b3 mul              x13, x16, x16       x13=00017764 x16:fffffeca x16:fffffeca
26741323ns          454338 1c009024 03188633 mul              x12, x17, x17       x12=000024c1 x17:ffffff9f x17:ffffff9f
26741343ns          454339 1c009028 40a65613 srai             x12, x12, 0x40a     x12=00000009 x12:000024c1
26741363ns          454340 1c00902a 40a6d693 srai             x13, x13, 0x40a     x13=0000005d x13:00017764
26741382ns          454341 1c00902c 00c686b3 add              x13, x13, x12       x13=00000066 x13:0000005d x12:00000009
26741402ns          454342 1c00902e 1006c633 p.exths          x12, x13, x0        x12=00000066 x13:00000066
26741442ns          454344 1c009032 00855703 lhu              x14, 8(x10)         x14=0000ffd1 x10:10000fa4  PA:10000fac
26741522ns          454348 1c009036 00a55683 lhu              x13, 10(x10)        x13=0000ff6a x10:10000fa4  PA:10000fae
26741581ns          454351 1c00903a 02c60333 mul              x6, x12, x12         x6=000028a4 x12:00000066 x12:00000066
26741601ns          454352 1c00903e 00c55783 lhu              x15, 12(x10)        x15=0000ffe5 x10:10000fa4  PA:10000fb0
26741641ns          454354 1c009042 00e55583 lhu              x11, 14(x10)        x11=00000060 x10:10000fa4  PA:10000fb2
26741701ns          454357 1c009046 dea30333 p.extract        x6, x6, 15, 10       x6=0000000a  x6:000028a4
26741721ns          454358 1c00904a 80c7075b p.muls           x14, x14, x12       x14=ffffed46 x14:0000ffd1 x12:00000066
26741740ns          454359 1c00904e 80c686db p.muls           x13, x13, x12       x13=ffffc43c x13:0000ff6a x12:00000066
26741760ns          454360 1c009052 00455e83 lhu              x29, 4(x10)         x29=00000427 x10:10000fa4  PA:10000fa8
26741800ns          454362 1c009056 00655e03 lhu              x28, 6(x10)         x28=0000007f x10:10000fa4  PA:10000faa
26741860ns          454365 1c00905a 40a75713 srai             x14, x14, 0x40a     x14=fffffffb x14:ffffed46
26741880ns          454366 1c00905c 806787db p.muls           x15, x15, x6        x15=fffffef2 x15:0000ffe5  x6:0000000a
26741900ns          454367 1c009060 40a6d693 srai             x13, x13, 0x40a     x13=fffffff1 x13:ffffc43c
26741919ns          454368 1c009062 8065865b p.muls           x12, x11, x6        x12=000003c0 x11:00000060  x6:0000000a
26741939ns          454369 1c009066 40a7d793 srai             x15, x15, 0x40a     x15=ffffffff x15:fffffef2
26741959ns          454370 1c009068 40a65613 srai             x12, x12, 0x40a     x12=00000000 x12:000003c0
26741979ns          454371 1c00906a 01d70733 add              x14, x14, x29       x14=00000422 x14:fffffffb x29:00000427
26741999ns          454372 1c00906c 01c686b3 add              x13, x13, x28       x13=00000070 x13:fffffff1 x28:0000007f
26742019ns          454373 1c00906e 00c686b3 add              x13, x13, x12       x13=00000070 x13:00000070 x12:00000000
26742039ns          454374 1c009070 00f70733 add              x14, x14, x15       x14=00000421 x14:00000422 x15:ffffffff
26742059ns          454375 1c009072 100747b3 p.exths          x15, x14, x0        x15=00000421 x14:00000421
26742079ns          454376 1c009076 1006c733 p.exths          x14, x13, x0        x14=00000070 x13:00000070
26742098ns          454377 1c00907a 03170633 mul              x12, x14, x17       x12=ffffd590 x14:00000070 x17:ffffff9f
26742158ns          454380 1c00907e 030786b3 mul              x13, x15, x16       x13=fffb000a x15:00000421 x16:fffffeca
26742198ns          454382 1c009082 03070733 mul              x14, x14, x16       x14=ffff7860 x14:00000070 x16:fffffeca
26742218ns          454383 1c009086 031787b3 mul              x15, x15, x17       x15=fffe6f7f x15:00000421 x17:ffffff9f
26742238ns          454384 1c00908a 40a6d693 srai             x13, x13, 0x40a     x13=fffffec0 x13:fffb000a
26742258ns          454385 1c00908c 40a65613 srai             x12, x12, 0x40a     x12=fffffff5 x12:ffffd590
26742277ns          454386 1c00908e 40a7d793 srai             x15, x15, 0x40a     x15=ffffff9b x15:fffe6f7f
26742297ns          454387 1c009090 40a75713 srai             x14, x14, 0x40a     x14=ffffffde x14:ffff7860
26742317ns          454388 1c009092 40c686b3 sub              x13, x13, x12       x13=fffffecb x13:fffffec0 x12:fffffff5
26742337ns          454389 1c009094 00e787b3 add              x15, x15, x14       x15=ffffff79 x15:ffffff9b x14:ffffffde
26742357ns          454390 1c009096 00d51823 sh               x13, 16(x10)        x13:fffffecb x10:10000fa4  PA:10000fb4
26742397ns          454392 1c00909a 00f51923 sh               x15, 18(x10)        x15:ffffff79 x10:10000fa4  PA:10000fb6
26742417ns          454393 1c00909e 00008067 jalr             x0, x1, 0            x1:1c0093e8
26742576ns          454401 1c0093e8 2dc15583 lhu              x11, 732(x2)        x11=0000fecb  x2:10000cd8  PA:10000fb4
26742615ns          454403 1c0093ec 2de15783 lhu              x15, 734(x2)        x15=0000ff79  x2:10000cd8  PA:10000fb6
26742715ns          454408 1c0093f0 40b90933 sub              x18, x18, x11       x18=fffefffb x18:fffffec6 x11:0000fecb
26742735ns          454409 1c0093f4 40f484b3 sub              x9, x9, x15          x9=ffff0038  x9:ffffffb1 x15:0000ff79
26742755ns          454410 1c0093f6 100945b3 p.exths          x11, x18, x0        x11=fffffffb x18:fffefffb
26742775ns          454411 1c0093fa 1004c7b3 p.exths          x15, x9, x0         x15=00000038  x9:ffff0038
26742794ns          454412 1c0093fe 034586b3 mul              x13, x11, x20       x13=0000060e x11:fffffffb x20:fffffeca
26742814ns          454413 1c009402 03378533 mul              x10, x15, x19       x10=ffffeac8 x15:00000038 x19:ffffff9f
26742834ns          454414 1c009406 034a0633 mul              x12, x20, x20       x12=00017764 x20:fffffeca x20:fffffeca
26742854ns          454415 1c00940a 03398733 mul              x14, x19, x19       x14=000024c1 x19:ffffff9f x19:ffffff9f
26742874ns          454416 1c00940e 034787b3 mul              x15, x15, x20       x15=ffffbc30 x15:00000038 x20:fffffeca
26742894ns          454417 1c009412 033585b3 mul              x11, x11, x19       x11=000001e5 x11:fffffffb x19:ffffff9f
26742914ns          454418 1c009416 40a75713 srai             x14, x14, 0x40a     x14=00000009 x14:000024c1
26742934ns          454419 1c009418 40a5d593 srai             x11, x11, 0x40a     x11=00000000 x11:000001e5
26742954ns          454420 1c00941a 40a65613 srai             x12, x12, 0x40a     x12=0000005d x12:00017764
26742973ns          454421 1c00941c 40a7d793 srai             x15, x15, 0x40a     x15=ffffffef x15:ffffbc30
26742993ns          454422 1c00941e 1c0034b7 lui              x9, 0x1c003000       x9=1c003000
26743013ns          454423 1c009422 00e60633 add              x12, x12, x14       x12=00000066 x12:0000005d x14:00000009
26743033ns          454424 1c009424 40b787b3 sub              x15, x15, x11       x15=ffffffef x15:ffffffef x11:00000000
26743053ns          454425 1c009426 eb048493 addi             x9, x9, -336         x9=1c002eb0  x9:1c003000
26743073ns          454426 1c00942a 1c0032b7 lui              x5, 0x1c003000       x5=1c003000
26743093ns          454427 1c00942e 1c0035b7 lui              x11, 0x1c003000     x11=1c003000
26743113ns          454428 1c009432 018483b3 add              x7, x9, x24          x7=1c002eb2  x9:1c002eb0 x24:00000002
26743133ns          454429 1c009436 02812e83 lw               x29, 40(x2)         x29=1c002ec2  x2:10000cd8  PA:10000d00
26743152ns          454430 1c009438 10065633 p.exthz          x12, x12, x0        x12=00000066 x12:00000066
26743172ns          454431 1c00943c e8028293 addi             x5, x5, -384         x5=1c002e80  x5:1c003000
26743192ns          454432 1c009440 ea058593 addi             x11, x11, -352      x11=1c002ea0 x11:1c003000
26743232ns          454434 1c009444 03812483 lw               x9, 56(x2)           x9=1c002ee2  x2:10000cd8  PA:10000d10
26743252ns          454435 1c009446 10064733 p.exths          x14, x12, x0        x14=00000066 x12:00000066
26743272ns          454436 1c00944a 018280b3 add              x1, x5, x24          x1=1c002e82  x5:1c002e80 x24:00000002
26743292ns          454437 1c00944e 03012f03 lw               x30, 48(x2)         x30=1c002ed2  x2:10000cd8  PA:10000d08
26743331ns          454439 1c009450 018582b3 add              x5, x11, x24         x5=1c002ea2 x11:1c002ea0 x24:00000002
26743371ns          454441 1c009454 04012583 lw               x11, 64(x2)         x11=1c002ef2  x2:10000cd8  PA:10000d18
26743391ns          454442 1c009456 000edd83 lhu              x27, 0(x29)         x27=000000f0 x29:1c002ec2  PA:1c002ec2
26743769ns          454461 1c00945a 0004d483 lhu              x9, 0(x9)            x9=0000000d  x9:1c002ee2  PA:1c002ee2
26744167ns          454481 1c00945e 02e70333 mul              x6, x14, x14         x6=000028a4 x14:00000066 x14:00000066
26744187ns          454482 1c009462 40a55513 srai             x10, x10, 0x40a     x10=fffffffa x10:ffffeac8
26744207ns          454483 1c009464 04812e83 lw               x29, 72(x2)         x29=1c002f02  x2:10000cd8  PA:10000d20
26744226ns          454484 1c009466 40a6d693 srai             x13, x13, 0x40a     x13=00000001 x13:0000060e
26744246ns          454485 1c009468 000f5d03 lhu              x26, 0(x30)         x26=00000038 x30:1c002ed2  PA:1c002ed2
26744545ns          454500 1c00946c 0005d583 lhu              x11, 0(x11)         x11=00000003 x11:1c002ef2  PA:1c002ef2
26744863ns          454516 1c009470 40a35313 srai             x6, x6, 0x40a        x6=0000000a  x6:000028a4
26744883ns          454517 1c009474 00a686b3 add              x13, x13, x10       x13=fffffffb x13:00000001 x10:fffffffa
26744903ns          454518 1c009476 05012f03 lw               x30, 80(x2)         x30=1c002e72  x2:10000cd8  PA:10000d28
26744922ns          454519 1c009478 10034e33 p.exths          x28, x6, x0         x28=0000000a  x6:0000000a
26744942ns          454520 1c00947c 06911023 sh               x9, 96(x2)           x9:0000000d  x2:10000cd8  PA:10000d38
26744982ns          454522 1c009480 000ede83 lhu              x29, 0(x29)         x29=00000000 x29:1c002f02  PA:1c002f02
26745320ns          454539 1c009484 05812483 lw               x9, 88(x2)           x9=1c002e62  x2:10000cd8  PA:10000d30
26745340ns          454540 1c009486 1006d6b3 p.exthz          x13, x13, x0        x13=0000fffb x13:fffffffb
26745360ns          454541 1c00948a 02ee08b3 mul              x17, x28, x14       x17=000003fc x28:0000000a x14:00000066
26745380ns          454542 1c00948e 1006c833 p.exths          x16, x13, x0        x16=fffffffb x13:0000fffb
26745400ns          454543 1c009492 06b11823 sh               x11, 112(x2)        x11:00000003  x2:10000cd8  PA:10000d48
26745420ns          454544 1c009496 000f5f03 lhu              x30, 0(x30)         x30=0000fff4 x30:1c002e72  PA:1c002e72
26745738ns          454560 1c00949a 0a012583 lw               x11, 160(x2)        x11=1c002e92  x2:10000cd8  PA:10000d78
26745758ns          454561 1c00949c 1007d7b3 p.exthz          x15, x15, x0        x15=0000ffef x15:ffffffef
26745778ns          454562 1c0094a0 0004da03 lhu              x20, 0(x9)          x20=0000ffc8  x9:1c002e62  PA:1c002e62
26746096ns          454578 1c0094a4 1007c533 p.exths          x10, x15, x0        x10=ffffffef x15:0000ffef
26746116ns          454579 1c0094a8 09d11023 sh               x29, 128(x2)        x29:00000000  x2:10000cd8  PA:10000d58
26746136ns          454580 1c0094ac 0003d483 lhu              x9, 0(x7)            x9=0000ffff  x7:1c002eb2  PA:1c002eb2
26746494ns          454598 1c0094b0 02e80eb3 mul              x29, x16, x14       x29=fffffe02 x16:fffffffb x14:00000066
26746514ns          454599 1c0094b4 40a8d893 srai             x17, x17, 0x40a     x17=00000000 x17:000003fc
26746533ns          454600 1c0094b8 03c80833 mul              x16, x16, x28       x16=ffffffce x16:fffffffb x28:0000000a
26746553ns          454601 1c0094bc 09e11823 sh               x30, 144(x2)        x30:0000fff4  x2:10000cd8  PA:10000d68
26746573ns          454602 1c0094c0 0005d983 lhu              x19, 0(x11)         x19=0000fffd x11:1c002e92  PA:1c002e92
26746872ns          454617 1c0094c4 81c88f5b p.muls           x30, x17, x28       x30=00000000 x17:00000000 x28:0000000a
26746891ns          454618 1c0094c8 0002d583 lhu              x11, 0(x5)          x11=0000fffc  x5:1c002ea2  PA:1c002ea2
26747230ns          454635 1c0094cc 03ce0fb3 mul              x31, x28, x28       x31=00000064 x28:0000000a x28:0000000a
26747249ns          454636 1c0094d0 02e50733 mul              x14, x10, x14       x14=fffff93a x10:ffffffef x14:00000066
26747269ns          454637 1c0094d4 40a85813 srai             x16, x16, 0x40a     x16=ffffffff x16:ffffffce
26747289ns          454638 1c0094d8 03c50533 mul              x10, x10, x28       x10=ffffff56 x10:ffffffef x28:0000000a
26747309ns          454639 1c0094dc 07015e03 lhu              x28, 112(x2)        x28=00000003  x2:10000cd8  PA:10000d48
26747349ns          454641 1c0094e0 01b60633 add              x12, x12, x27       x12=00000156 x12:00000066 x27:000000f0
26747369ns          454642 1c0094e2 00980833 add              x16, x16, x9        x16=0000fffe x16:ffffffff  x9:0000ffff
26747389ns          454643 1c0094e4 06015d83 lhu              x27, 96(x2)         x27=0000000d  x2:10000cd8  PA:10000d38
26747408ns          454644 1c0094e8 02812483 lw               x9, 40(x2)           x9=1c002ec2  x2:10000cd8  PA:10000d00
26747428ns          454645 1c0094ea 40afdf93 srai             x31, x31, 0x40a     x31=00000000 x31:00000064
26747448ns          454646 1c0094ee 40a55513 srai             x10, x10, 0x40a     x10=ffffffff x10:ffffff56
26747468ns          454647 1c0094f0 01cf8fb3 add              x31, x31, x28       x31=00000003 x31:00000000 x28:00000003
26747488ns          454648 1c0094f2 00b50533 add              x10, x10, x11       x10=0000fffb x10:ffffffff x11:0000fffc
26747508ns          454649 1c0094f4 09015e03 lhu              x28, 144(x2)        x28=0000fff4  x2:10000cd8  PA:10000d68
26747528ns          454650 1c0094f8 03012583 lw               x11, 48(x2)         x11=1c002ed2  x2:10000cd8  PA:10000d08
26747548ns          454651 1c0094fa 00c49023 sh               x12, 0(x9)          x12:00000156  x9:1c002ec2  PA:1c002ec2
26747866ns          454667 1c0094fe 01b888b3 add              x17, x17, x27       x17=0000000d x17:00000000 x27:0000000d
26747886ns          454668 1c009500 01a30333 add              x6, x6, x26          x6=00000042  x6:0000000a x26:00000038
26747906ns          454669 1c009502 08015d83 lhu              x27, 128(x2)        x27=00000000  x2:10000cd8  PA:10000d58
26747926ns          454670 1c009506 0000d903 lhu              x18, 0(x1)          x18=0000fff2  x1:1c002e82  PA:1c002e82
26748244ns          454686 1c00950a 01c686b3 add              x13, x13, x28       x13=0001ffef x13:0000fffb x28:0000fff4
26748264ns          454687 1c00950c 00659023 sh               x6, 0(x11)           x6:00000042 x11:1c002ed2  PA:1c002ed2
26748582ns          454703 1c009510 40af5f13 srai             x30, x30, 0x40a     x30=00000000 x30:00000000
26748602ns          454704 1c009514 04812e03 lw               x28, 72(x2)         x28=1c002f02  x2:10000cd8  PA:10000d20
26748622ns          454705 1c009516 01bf0f33 add              x30, x30, x27       x30=00000000 x30:00000000 x27:00000000
26748642ns          454706 1c009518 40aede93 srai             x29, x29, 0x40a     x29=ffffffff x29:fffffe02
26748661ns          454707 1c00951c 40a75713 srai             x14, x14, 0x40a     x14=fffffffe x14:fffff93a
26748681ns          454708 1c00951e 03812603 lw               x12, 56(x2)         x12=1c002ee2  x2:10000cd8  PA:10000d10
26748701ns          454709 1c009520 04012d83 lw               x27, 64(x2)         x27=1c002ef2  x2:10000cd8  PA:10000d18
26748721ns          454710 1c009522 01ee1023 sh               x30, 0(x28)         x30:00000000 x28:1c002f02  PA:1c002f02
26749039ns          454726 1c009526 05812483 lw               x9, 88(x2)           x9=1c002e62  x2:10000cd8  PA:10000d30
26749059ns          454727 1c009528 05012f03 lw               x30, 80(x2)         x30=1c002e72  x2:10000cd8  PA:10000d28
26749079ns          454728 1c00952a 0a012583 lw               x11, 160(x2)        x11=1c002e92  x2:10000cd8  PA:10000d78
26749099ns          454729 1c00952c 014787b3 add              x15, x15, x20       x15=0001ffb7 x15:0000ffef x20:0000ffc8
26749119ns          454730 1c00952e 013e8eb3 add              x29, x29, x19       x29=0000fffc x29:ffffffff x19:0000fffd
26749139ns          454731 1c009530 01270733 add              x14, x14, x18       x14=0000fff0 x14:fffffffe x18:0000fff2
26749159ns          454732 1c009532 00f49023 sh               x15, 0(x9)          x15:0001ffb7  x9:1c002e62  PA:1c002e62
26749477ns          454748 1c009536 01161023 sh               x17, 0(x12)         x17:0000000d x12:1c002ee2  PA:1c002ee2
26749795ns          454764 1c00953a 01fd9023 sh               x31, 0(x27)         x31:00000003 x27:1c002ef2  PA:1c002ef2
26750113ns          454780 1c00953e 00df1023 sh               x13, 0(x30)         x13:0001ffef x30:1c002e72  PA:1c002e72
26750431ns          454796 1c009542 01d59023 sh               x29, 0(x11)         x29:0000fffc x11:1c002e92  PA:1c002e92
26750750ns          454812 1c009546 00e09023 sh               x14, 0(x1)          x14:0000fff0  x1:1c002e82  PA:1c002e82
26751068ns          454828 1c00954a 01039023 sh               x16, 0(x7)          x16:0000fffe  x7:1c002eb2  PA:1c002eb2
26751386ns          454844 1c00954e 00a29023 sh               x10, 0(x5)          x10:0000fffb  x5:1c002ea2  PA:1c002ea2
26751704ns          454860 1c009552 008b0b13 addi             x22, x22, 8         x22=00000011 x22:00000009
26751724ns          454861 1c009554 1f300793 addi             x15, x0, 499        x15=000001f3
26751744ns          454862 1c009558 e767dae3 bge              x15, x22, -396      x15:000001f3 x22:00000011
26751883ns          454869 1c0093cc 010c9a0b p.lh             x20, 16(x25!)       x20=ffffff19 x25=1c0026ba x25:1c0026aa  PA:1c0026aa
26752261ns          454888 1c0093d0 0104198b p.lh             x19, 16(x8!)        x19=ffffff72  x8=1c001e82  x8:1c001e72  PA:1c001e72
26752639ns          454907 1c0093d4 2cc10513 addi             x10, x2, 716        x10=10000fa4  x2:10000cd8
26752659ns          454908 1c0093d6 010a990b p.lh             x18, 16(x21!)       x18=ffffff1c x21=1c0016ae x21:1c00169e  PA:1c00169e
26753037ns          454927 1c0093da 010b948b p.lh             x9, 16(x23!)         x9=ffffff73 x23=1c000ede x23:1c000ece  PA:1c000ece
26753435ns          454947 1c0093de 2d411623 sh               x20, 716(x2)        x20:ffffff19  x2:10000cd8  PA:10000fa4
26753454ns          454948 1c0093e2 2d311723 sh               x19, 718(x2)        x19:ffffff72  x2:10000cd8  PA:10000fa6
26753474ns          454949 1c0093e6 c33ff0ef jal              x1, -974             x1=1c0093e8
26753832ns          454967 1c009018 00051803 lh               x16, 0(x10)         x16=ffffff19 x10:10000fa4  PA:10000fa4
26753872ns          454969 1c00901c 00251883 lh               x17, 2(x10)         x17=ffffff72 x10:10000fa4  PA:10000fa6
26753991ns          454975 1c009020 030806b3 mul              x13, x16, x16       x13=0000d071 x16:ffffff19 x16:ffffff19
26754011ns          454976 1c009024 03188633 mul              x12, x17, x17       x12=00004ec4 x17:ffffff72 x17:ffffff72
26754031ns          454977 1c009028 40a65613 srai             x12, x12, 0x40a     x12=00000013 x12:00004ec4
26754051ns          454978 1c00902a 40a6d693 srai             x13, x13, 0x40a     x13=00000034 x13:0000d071
26754071ns          454979 1c00902c 00c686b3 add              x13, x13, x12       x13=00000047 x13:00000034 x12:00000013
26754091ns          454980 1c00902e 1006c633 p.exths          x12, x13, x0        x12=00000047 x13:00000047
26754111ns          454981 1c009032 00855703 lhu              x14, 8(x10)         x14=0000ffd1 x10:10000fa4  PA:10000fac
26754131ns          454982 1c009036 00a55683 lhu              x13, 10(x10)        x13=0000ff6a x10:10000fa4  PA:10000fae
26754170ns          454984 1c00903a 02c60333 mul              x6, x12, x12         x6=000013b1 x12:00000047 x12:00000047
26754190ns          454985 1c00903e 00c55783 lhu              x15, 12(x10)        x15=0000ffe5 x10:10000fa4  PA:10000fb0
26754210ns          454986 1c009042 00e55583 lhu              x11, 14(x10)        x11=00000060 x10:10000fa4  PA:10000fb2
26754230ns          454987 1c009046 dea30333 p.extract        x6, x6, 15, 10       x6=00000004  x6:000013b1
26754250ns          454988 1c00904a 80c7075b p.muls           x14, x14, x12       x14=fffff2f7 x14:0000ffd1 x12:00000047
26754290ns          454990 1c00904e 80c686db p.muls           x13, x13, x12       x13=ffffd666 x13:0000ff6a x12:00000047
26754330ns          454992 1c009052 00455e83 lhu              x29, 4(x10)         x29=00000427 x10:10000fa4  PA:10000fa8
26754349ns          454993 1c009056 00655e03 lhu              x28, 6(x10)         x28=0000007f x10:10000fa4  PA:10000faa
26754369ns          454994 1c00905a 40a75713 srai             x14, x14, 0x40a     x14=fffffffc x14:fffff2f7
26754389ns          454995 1c00905c 806787db p.muls           x15, x15, x6        x15=ffffff94 x15:0000ffe5  x6:00000004
26754409ns          454996 1c009060 40a6d693 srai             x13, x13, 0x40a     x13=fffffff5 x13:ffffd666
26754429ns          454997 1c009062 8065865b p.muls           x12, x11, x6        x12=00000180 x11:00000060  x6:00000004
26754449ns          454998 1c009066 40a7d793 srai             x15, x15, 0x40a     x15=ffffffff x15:ffffff94
26754469ns          454999 1c009068 40a65613 srai             x12, x12, 0x40a     x12=00000000 x12:00000180
26754489ns          455000 1c00906a 01d70733 add              x14, x14, x29       x14=00000423 x14:fffffffc x29:00000427
26754509ns          455001 1c00906c 01c686b3 add              x13, x13, x28       x13=00000074 x13:fffffff5 x28:0000007f
26754528ns          455002 1c00906e 00c686b3 add              x13, x13, x12       x13=00000074 x13:00000074 x12:00000000
26754548ns          455003 1c009070 00f70733 add              x14, x14, x15       x14=00000422 x14:00000423 x15:ffffffff
26754568ns          455004 1c009072 100747b3 p.exths          x15, x14, x0        x15=00000422 x14:00000422
26754588ns          455005 1c009076 1006c733 p.exths          x14, x13, x0        x14=00000074 x13:00000074
26754608ns          455006 1c00907a 03170633 mul              x12, x14, x17       x12=ffffbfa8 x14:00000074 x17:ffffff72
26754648ns          455008 1c00907e 030786b3 mul              x13, x15, x16       x13=fffc4552 x15:00000422 x16:ffffff19
26754688ns          455010 1c009082 03070733 mul              x14, x14, x16       x14=ffff9754 x14:00000074 x16:ffffff19
26754707ns          455011 1c009086 031787b3 mul              x15, x15, x17       x15=fffdb524 x15:00000422 x17:ffffff72
26754727ns          455012 1c00908a 40a6d693 srai             x13, x13, 0x40a     x13=ffffff11 x13:fffc4552
26754747ns          455013 1c00908c 40a65613 srai             x12, x12, 0x40a     x12=ffffffef x12:ffffbfa8
26754767ns          455014 1c00908e 40a7d793 srai             x15, x15, 0x40a     x15=ffffff6d x15:fffdb524
26754787ns          455015 1c009090 40a75713 srai             x14, x14, 0x40a     x14=ffffffe5 x14:ffff9754
26754807ns          455016 1c009092 40c686b3 sub              x13, x13, x12       x13=ffffff22 x13:ffffff11 x12:ffffffef
26754827ns          455017 1c009094 00e787b3 add              x15, x15, x14       x15=ffffff52 x15:ffffff6d x14:ffffffe5
26754847ns          455018 1c009096 00d51823 sh               x13, 16(x10)        x13:ffffff22 x10:10000fa4  PA:10000fb4
26754886ns          455020 1c00909a 00f51923 sh               x15, 18(x10)        x15:ffffff52 x10:10000fa4  PA:10000fb6
26754966ns          455024 1c00909e 00008067 jalr             x0, x1, 0            x1:1c0093e8
26754986ns          455025 1c0093e8 2dc15583 lhu              x11, 732(x2)        x11=0000ff22  x2:10000cd8  PA:10000fb4
26755065ns          455029 1c0093ec 2de15783 lhu              x15, 734(x2)        x15=0000ff52  x2:10000cd8  PA:10000fb6
26755145ns          455033 1c0093f0 40b90933 sub              x18, x18, x11       x18=fffefffa x18:ffffff1c x11:0000ff22
26755165ns          455034 1c0093f4 40f484b3 sub              x9, x9, x15          x9=ffff0021  x9:ffffff73 x15:0000ff52
26755185ns          455035 1c0093f6 100945b3 p.exths          x11, x18, x0        x11=fffffffa x18:fffefffa
26755205ns          455036 1c0093fa 1004c7b3 p.exths          x15, x9, x0         x15=00000021  x9:ffff0021
26755224ns          455037 1c0093fe 034586b3 mul              x13, x11, x20       x13=0000056a x11:fffffffa x20:ffffff19
26755244ns          455038 1c009402 03378533 mul              x10, x15, x19       x10=ffffedb2 x15:00000021 x19:ffffff72
26755264ns          455039 1c009406 034a0633 mul              x12, x20, x20       x12=0000d071 x20:ffffff19 x20:ffffff19
26755284ns          455040 1c00940a 03398733 mul              x14, x19, x19       x14=00004ec4 x19:ffffff72 x19:ffffff72
26755304ns          455041 1c00940e 034787b3 mul              x15, x15, x20       x15=ffffe239 x15:00000021 x20:ffffff19
26755324ns          455042 1c009412 033585b3 mul              x11, x11, x19       x11=00000354 x11:fffffffa x19:ffffff72
26755344ns          455043 1c009416 40a75713 srai             x14, x14, 0x40a     x14=00000013 x14:00004ec4
26755364ns          455044 1c009418 40a5d593 srai             x11, x11, 0x40a     x11=00000000 x11:00000354
26755384ns          455045 1c00941a 40a65613 srai             x12, x12, 0x40a     x12=00000034 x12:0000d071
26755403ns          455046 1c00941c 40a7d793 srai             x15, x15, 0x40a     x15=fffffff8 x15:ffffe239
26755423ns          455047 1c00941e 1c0034b7 lui              x9, 0x1c003000       x9=1c003000
26755443ns          455048 1c009422 00e60633 add              x12, x12, x14       x12=00000047 x12:00000034 x14:00000013
26755463ns          455049 1c009424 40b787b3 sub              x15, x15, x11       x15=fffffff8 x15:fffffff8 x11:00000000
26755483ns          455050 1c009426 eb048493 addi             x9, x9, -336         x9=1c002eb0  x9:1c003000
26755503ns          455051 1c00942a 1c0032b7 lui              x5, 0x1c003000       x5=1c003000
26755523ns          455052 1c00942e 1c0035b7 lui              x11, 0x1c003000     x11=1c003000
26755543ns          455053 1c009432 018483b3 add              x7, x9, x24          x7=1c002eb2  x9:1c002eb0 x24:00000002
26755563ns          455054 1c009436 02812e83 lw               x29, 40(x2)         x29=1c002ec2  x2:10000cd8  PA:10000d00
26755582ns          455055 1c009438 10065633 p.exthz          x12, x12, x0        x12=00000047 x12:00000047
26755602ns          455056 1c00943c e8028293 addi             x5, x5, -384         x5=1c002e80  x5:1c003000
26755642ns          455058 1c009440 ea058593 addi             x11, x11, -352      x11=1c002ea0 x11:1c003000
26755682ns          455060 1c009444 03812483 lw               x9, 56(x2)           x9=1c002ee2  x2:10000cd8  PA:10000d10
26755702ns          455061 1c009446 10064733 p.exths          x14, x12, x0        x14=00000047 x12:00000047
26755722ns          455062 1c00944a 018280b3 add              x1, x5, x24          x1=1c002e82  x5:1c002e80 x24:00000002
26755742ns          455063 1c00944e 03012f03 lw               x30, 48(x2)         x30=1c002ed2  x2:10000cd8  PA:10000d08
26755761ns          455064 1c009450 018582b3 add              x5, x11, x24         x5=1c002ea2 x11:1c002ea0 x24:00000002
26755781ns          455065 1c009454 04012583 lw               x11, 64(x2)         x11=1c002ef2  x2:10000cd8  PA:10000d18
26755801ns          455066 1c009456 000edd83 lhu              x27, 0(x29)         x27=00000156 x29:1c002ec2  PA:1c002ec2
26756100ns          455081 1c00945a 0004d483 lhu              x9, 0(x9)            x9=0000000d  x9:1c002ee2  PA:1c002ee2
26756418ns          455097 1c00945e 02e70333 mul              x6, x14, x14         x6=000013b1 x14:00000047 x14:00000047
26756438ns          455098 1c009462 40a55513 srai             x10, x10, 0x40a     x10=fffffffb x10:ffffedb2
26756458ns          455099 1c009464 04812e83 lw               x29, 72(x2)         x29=1c002f02  x2:10000cd8  PA:10000d20
26756477ns          455100 1c009466 40a6d693 srai             x13, x13, 0x40a     x13=00000001 x13:0000056a
26756497ns          455101 1c009468 000f5d03 lhu              x26, 0(x30)         x26=00000042 x30:1c002ed2  PA:1c002ed2
26756835ns          455118 1c00946c 0005d583 lhu              x11, 0(x11)         x11=00000003 x11:1c002ef2  PA:1c002ef2
26757134ns          455133 1c009470 40a35313 srai             x6, x6, 0x40a        x6=00000004  x6:000013b1
26757154ns          455134 1c009474 00a686b3 add              x13, x13, x10       x13=fffffffc x13:00000001 x10:fffffffb
26757174ns          455135 1c009476 05012f03 lw               x30, 80(x2)         x30=1c002e72  x2:10000cd8  PA:10000d28
26757193ns          455136 1c009478 10034e33 p.exths          x28, x6, x0         x28=00000004  x6:00000004
26757213ns          455137 1c00947c 06911023 sh               x9, 96(x2)           x9:0000000d  x2:10000cd8  PA:10000d38
26757233ns          455138 1c009480 000ede83 lhu              x29, 0(x29)         x29=00000000 x29:1c002f02  PA:1c002f02
26757551ns          455154 1c009484 05812483 lw               x9, 88(x2)           x9=1c002e62  x2:10000cd8  PA:10000d30
26757571ns          455155 1c009486 1006d6b3 p.exthz          x13, x13, x0        x13=0000fffc x13:fffffffc
26757591ns          455156 1c00948a 02ee08b3 mul              x17, x28, x14       x17=0000011c x28:00000004 x14:00000047
26757611ns          455157 1c00948e 1006c833 p.exths          x16, x13, x0        x16=fffffffc x13:0000fffc
26757631ns          455158 1c009492 06b11823 sh               x11, 112(x2)        x11:00000003  x2:10000cd8  PA:10000d48
26757651ns          455159 1c009496 000f5f03 lhu              x30, 0(x30)         x30=0000ffef x30:1c002e72  PA:1c002e72
26757949ns          455174 1c00949a 0a012583 lw               x11, 160(x2)        x11=1c002e92  x2:10000cd8  PA:10000d78
26757969ns          455175 1c00949c 1007d7b3 p.exthz          x15, x15, x0        x15=0000fff8 x15:fffffff8
26757989ns          455176 1c0094a0 0004da03 lhu              x20, 0(x9)          x20=0000ffb7  x9:1c002e62  PA:1c002e62
26758287ns          455191 1c0094a4 1007c533 p.exths          x10, x15, x0        x10=fffffff8 x15:0000fff8
26758307ns          455192 1c0094a8 09d11023 sh               x29, 128(x2)        x29:00000000  x2:10000cd8  PA:10000d58
26758327ns          455193 1c0094ac 0003d483 lhu              x9, 0(x7)            x9=0000fffe  x7:1c002eb2  PA:1c002eb2
26758625ns          455208 1c0094b0 02e80eb3 mul              x29, x16, x14       x29=fffffee4 x16:fffffffc x14:00000047
26758645ns          455209 1c0094b4 40a8d893 srai             x17, x17, 0x40a     x17=00000000 x17:0000011c
26758665ns          455210 1c0094b8 03c80833 mul              x16, x16, x28       x16=fffffff0 x16:fffffffc x28:00000004
26758685ns          455211 1c0094bc 09e11823 sh               x30, 144(x2)        x30:0000ffef  x2:10000cd8  PA:10000d68
26758705ns          455212 1c0094c0 0005d983 lhu              x19, 0(x11)         x19=0000fffc x11:1c002e92  PA:1c002e92
26759003ns          455227 1c0094c4 81c88f5b p.muls           x30, x17, x28       x30=00000000 x17:00000000 x28:00000004
26759023ns          455228 1c0094c8 0002d583 lhu              x11, 0(x5)          x11=0000fffb  x5:1c002ea2  PA:1c002ea2
26759401ns          455247 1c0094cc 03ce0fb3 mul              x31, x28, x28       x31=00000010 x28:00000004 x28:00000004
26759421ns          455248 1c0094d0 02e50733 mul              x14, x10, x14       x14=fffffdc8 x10:fffffff8 x14:00000047
26759441ns          455249 1c0094d4 40a85813 srai             x16, x16, 0x40a     x16=ffffffff x16:fffffff0
26759461ns          455250 1c0094d8 03c50533 mul              x10, x10, x28       x10=ffffffe0 x10:fffffff8 x28:00000004
26759481ns          455251 1c0094dc 07015e03 lhu              x28, 112(x2)        x28=00000003  x2:10000cd8  PA:10000d48
26759520ns          455253 1c0094e0 01b60633 add              x12, x12, x27       x12=0000019d x12:00000047 x27:00000156
26759540ns          455254 1c0094e2 00980833 add              x16, x16, x9        x16=0000fffd x16:ffffffff  x9:0000fffe
26759560ns          455255 1c0094e4 06015d83 lhu              x27, 96(x2)         x27=0000000d  x2:10000cd8  PA:10000d38
26759580ns          455256 1c0094e8 02812483 lw               x9, 40(x2)           x9=1c002ec2  x2:10000cd8  PA:10000d00
26759600ns          455257 1c0094ea 40afdf93 srai             x31, x31, 0x40a     x31=00000000 x31:00000010
26759620ns          455258 1c0094ee 40a55513 srai             x10, x10, 0x40a     x10=ffffffff x10:ffffffe0
26759640ns          455259 1c0094f0 01cf8fb3 add              x31, x31, x28       x31=00000003 x31:00000000 x28:00000003
26759660ns          455260 1c0094f2 00b50533 add              x10, x10, x11       x10=0000fffa x10:ffffffff x11:0000fffb
26759679ns          455261 1c0094f4 09015e03 lhu              x28, 144(x2)        x28=0000ffef  x2:10000cd8  PA:10000d68
26759699ns          455262 1c0094f8 03012583 lw               x11, 48(x2)         x11=1c002ed2  x2:10000cd8  PA:10000d08
26759719ns          455263 1c0094fa 00c49023 sh               x12, 0(x9)          x12:0000019d  x9:1c002ec2  PA:1c002ec2
26760037ns          455279 1c0094fe 01b888b3 add              x17, x17, x27       x17=0000000d x17:00000000 x27:0000000d
26760057ns          455280 1c009500 01a30333 add              x6, x6, x26          x6=00000046  x6:00000004 x26:00000042
26760077ns          455281 1c009502 08015d83 lhu              x27, 128(x2)        x27=00000000  x2:10000cd8  PA:10000d58
26760097ns          455282 1c009506 0000d903 lhu              x18, 0(x1)          x18=0000fff0  x1:1c002e82  PA:1c002e82
26760415ns          455298 1c00950a 01c686b3 add              x13, x13, x28       x13=0001ffeb x13:0000fffc x28:0000ffef
26760435ns          455299 1c00950c 00659023 sh               x6, 0(x11)           x6:00000046 x11:1c002ed2  PA:1c002ed2
26760753ns          455315 1c009510 40af5f13 srai             x30, x30, 0x40a     x30=00000000 x30:00000000
26760773ns          455316 1c009514 04812e03 lw               x28, 72(x2)         x28=1c002f02  x2:10000cd8  PA:10000d20
26760793ns          455317 1c009516 01bf0f33 add              x30, x30, x27       x30=00000000 x30:00000000 x27:00000000
26760813ns          455318 1c009518 40aede93 srai             x29, x29, 0x40a     x29=ffffffff x29:fffffee4
26760833ns          455319 1c00951c 40a75713 srai             x14, x14, 0x40a     x14=ffffffff x14:fffffdc8
26760853ns          455320 1c00951e 03812603 lw               x12, 56(x2)         x12=1c002ee2  x2:10000cd8  PA:10000d10
26760873ns          455321 1c009520 04012d83 lw               x27, 64(x2)         x27=1c002ef2  x2:10000cd8  PA:10000d18
26760893ns          455322 1c009522 01ee1023 sh               x30, 0(x28)         x30:00000000 x28:1c002f02  PA:1c002f02
26761211ns          455338 1c009526 05812483 lw               x9, 88(x2)           x9=1c002e62  x2:10000cd8  PA:10000d30
26761231ns          455339 1c009528 05012f03 lw               x30, 80(x2)         x30=1c002e72  x2:10000cd8  PA:10000d28
26761251ns          455340 1c00952a 0a012583 lw               x11, 160(x2)        x11=1c002e92  x2:10000cd8  PA:10000d78
26761270ns          455341 1c00952c 014787b3 add              x15, x15, x20       x15=0001ffaf x15:0000fff8 x20:0000ffb7
26761290ns          455342 1c00952e 013e8eb3 add              x29, x29, x19       x29=0000fffb x29:ffffffff x19:0000fffc
26761310ns          455343 1c009530 01270733 add              x14, x14, x18       x14=0000ffef x14:ffffffff x18:0000fff0
26761330ns          455344 1c009532 00f49023 sh               x15, 0(x9)          x15:0001ffaf  x9:1c002e62  PA:1c002e62
26761648ns          455360 1c009536 01161023 sh               x17, 0(x12)         x17:0000000d x12:1c002ee2  PA:1c002ee2
26761967ns          455376 1c00953a 01fd9023 sh               x31, 0(x27)         x31:00000003 x27:1c002ef2  PA:1c002ef2
26762285ns          455392 1c00953e 00df1023 sh               x13, 0(x30)         x13:0001ffeb x30:1c002e72  PA:1c002e72
26762603ns          455408 1c009542 01d59023 sh               x29, 0(x11)         x29:0000fffb x11:1c002e92  PA:1c002e92
26762921ns          455424 1c009546 00e09023 sh               x14, 0(x1)          x14:0000ffef  x1:1c002e82  PA:1c002e82
26763239ns          455440 1c00954a 01039023 sh               x16, 0(x7)          x16:0000fffd  x7:1c002eb2  PA:1c002eb2
26763558ns          455456 1c00954e 00a29023 sh               x10, 0(x5)          x10:0000fffa  x5:1c002ea2  PA:1c002ea2
26763876ns          455472 1c009552 008b0b13 addi             x22, x22, 8         x22=00000019 x22:00000011
26763896ns          455473 1c009554 1f300793 addi             x15, x0, 499        x15=000001f3
26763916ns          455474 1c009558 e767dae3 bge              x15, x22, -396      x15:000001f3 x22:00000019
26764015ns          455479 1c0093cc 010c9a0b p.lh             x20, 16(x25!)       x20=00000021 x25=1c0026ca x25:1c0026ba  PA:1c0026ba
26764353ns          455496 1c0093d0 0104198b p.lh             x19, 16(x8!)        x19=ffffff82  x8=1c001e92  x8:1c001e82  PA:1c001e82
26764651ns          455511 1c0093d4 2cc10513 addi             x10, x2, 716        x10=10000fa4  x2:10000cd8
26764671ns          455512 1c0093d6 010a990b p.lh             x18, 16(x21!)       x18=00000022 x21=1c0016be x21:1c0016ae  PA:1c0016ae
26764970ns          455527 1c0093da 010b948b p.lh             x9, 16(x23!)         x9=ffffff7a x23=1c000eee x23:1c000ede  PA:1c000ede
26765288ns          455543 1c0093de 2d411623 sh               x20, 716(x2)        x20:00000021  x2:10000cd8  PA:10000fa4
26765308ns          455544 1c0093e2 2d311723 sh               x19, 718(x2)        x19:ffffff82  x2:10000cd8  PA:10000fa6
26765328ns          455545 1c0093e6 c33ff0ef jal              x1, -974             x1=1c0093e8
26765367ns          455547 1c009018 00051803 lh               x16, 0(x10)         x16=00000021 x10:10000fa4  PA:10000fa4
26765387ns          455548 1c00901c 00251883 lh               x17, 2(x10)         x17=ffffff82 x10:10000fa4  PA:10000fa6
26765407ns          455549 1c009020 030806b3 mul              x13, x16, x16       x13=00000441 x16:00000021 x16:00000021
26765427ns          455550 1c009024 03188633 mul              x12, x17, x17       x12=00003e04 x17:ffffff82 x17:ffffff82
26765447ns          455551 1c009028 40a65613 srai             x12, x12, 0x40a     x12=0000000f x12:00003e04
26765467ns          455552 1c00902a 40a6d693 srai             x13, x13, 0x40a     x13=00000001 x13:00000441
26765487ns          455553 1c00902c 00c686b3 add              x13, x13, x12       x13=00000010 x13:00000001 x12:0000000f
26765507ns          455554 1c00902e 1006c633 p.exths          x12, x13, x0        x12=00000010 x13:00000010
26765526ns          455555 1c009032 00855703 lhu              x14, 8(x10)         x14=0000ffd1 x10:10000fa4  PA:10000fac
26765546ns          455556 1c009036 00a55683 lhu              x13, 10(x10)        x13=0000ff6a x10:10000fa4  PA:10000fae
26765566ns          455557 1c00903a 02c60333 mul              x6, x12, x12         x6=00000100 x12:00000010 x12:00000010
26765586ns          455558 1c00903e 00c55783 lhu              x15, 12(x10)        x15=0000ffe5 x10:10000fa4  PA:10000fb0
26765606ns          455559 1c009042 00e55583 lhu              x11, 14(x10)        x11=00000060 x10:10000fa4  PA:10000fb2
26765626ns          455560 1c009046 dea30333 p.extract        x6, x6, 15, 10       x6=00000000  x6:00000100
26765646ns          455561 1c00904a 80c7075b p.muls           x14, x14, x12       x14=fffffd10 x14:0000ffd1 x12:00000010
26765666ns          455562 1c00904e 80c686db p.muls           x13, x13, x12       x13=fffff6a0 x13:0000ff6a x12:00000010
26765686ns          455563 1c009052 00455e83 lhu              x29, 4(x10)         x29=00000427 x10:10000fa4  PA:10000fa8
26765725ns          455565 1c009056 00655e03 lhu              x28, 6(x10)         x28=0000007f x10:10000fa4  PA:10000faa
26765765ns          455567 1c00905a 40a75713 srai             x14, x14, 0x40a     x14=ffffffff x14:fffffd10
26765785ns          455568 1c00905c 806787db p.muls           x15, x15, x6        x15=00000000 x15:0000ffe5  x6:00000000
26765805ns          455569 1c009060 40a6d693 srai             x13, x13, 0x40a     x13=fffffffd x13:fffff6a0
26765825ns          455570 1c009062 8065865b p.muls           x12, x11, x6        x12=00000000 x11:00000060  x6:00000000
26765845ns          455571 1c009066 40a7d793 srai             x15, x15, 0x40a     x15=00000000 x15:00000000
26765865ns          455572 1c009068 40a65613 srai             x12, x12, 0x40a     x12=00000000 x12:00000000
26765884ns          455573 1c00906a 01d70733 add              x14, x14, x29       x14=00000426 x14:ffffffff x29:00000427
26765904ns          455574 1c00906c 01c686b3 add              x13, x13, x28       x13=0000007c x13:fffffffd x28:0000007f
26765924ns          455575 1c00906e 00c686b3 add              x13, x13, x12       x13=0000007c x13:0000007c x12:00000000
26765944ns          455576 1c009070 00f70733 add              x14, x14, x15       x14=00000426 x14:00000426 x15:00000000
26765964ns          455577 1c009072 100747b3 p.exths          x15, x14, x0        x15=00000426 x14:00000426
26765984ns          455578 1c009076 1006c733 p.exths          x14, x13, x0        x14=0000007c x13:0000007c
26766004ns          455579 1c00907a 03170633 mul              x12, x14, x17       x12=ffffc2f8 x14:0000007c x17:ffffff82
26766044ns          455581 1c00907e 030786b3 mul              x13, x15, x16       x13=000088e6 x15:00000426 x16:00000021
26766083ns          455583 1c009082 03070733 mul              x14, x14, x16       x14=00000ffc x14:0000007c x16:00000021
26766103ns          455584 1c009086 031787b3 mul              x15, x15, x17       x15=fffdf54c x15:00000426 x17:ffffff82
26766123ns          455585 1c00908a 40a6d693 srai             x13, x13, 0x40a     x13=00000022 x13:000088e6
26766143ns          455586 1c00908c 40a65613 srai             x12, x12, 0x40a     x12=fffffff0 x12:ffffc2f8
26766163ns          455587 1c00908e 40a7d793 srai             x15, x15, 0x40a     x15=ffffff7d x15:fffdf54c
26766183ns          455588 1c009090 40a75713 srai             x14, x14, 0x40a     x14=00000003 x14:00000ffc
26766203ns          455589 1c009092 40c686b3 sub              x13, x13, x12       x13=00000032 x13:00000022 x12:fffffff0
26766223ns          455590 1c009094 00e787b3 add              x15, x15, x14       x15=ffffff80 x15:ffffff7d x14:00000003
26766242ns          455591 1c009096 00d51823 sh               x13, 16(x10)        x13:00000032 x10:10000fa4  PA:10000fb4
26766282ns          455593 1c00909a 00f51923 sh               x15, 18(x10)        x15:ffffff80 x10:10000fa4  PA:10000fb6
26766322ns          455595 1c00909e 00008067 jalr             x0, x1, 0            x1:1c0093e8
26766342ns          455596 1c0093e8 2dc15583 lhu              x11, 732(x2)        x11=00000032  x2:10000cd8  PA:10000fb4
26766382ns          455598 1c0093ec 2de15783 lhu              x15, 734(x2)        x15=0000ff80  x2:10000cd8  PA:10000fb6
26766421ns          455600 1c0093f0 40b90933 sub              x18, x18, x11       x18=fffffff0 x18:00000022 x11:00000032
26766441ns          455601 1c0093f4 40f484b3 sub              x9, x9, x15          x9=fffefffa  x9:ffffff7a x15:0000ff80
26766461ns          455602 1c0093f6 100945b3 p.exths          x11, x18, x0        x11=fffffff0 x18:fffffff0
26766481ns          455603 1c0093fa 1004c7b3 p.exths          x15, x9, x0         x15=fffffffa  x9:fffefffa
26766501ns          455604 1c0093fe 034586b3 mul              x13, x11, x20       x13=fffffdf0 x11:fffffff0 x20:00000021
26766521ns          455605 1c009402 03378533 mul              x10, x15, x19       x10=000002f4 x15:fffffffa x19:ffffff82
26766541ns          455606 1c009406 034a0633 mul              x12, x20, x20       x12=00000441 x20:00000021 x20:00000021
26766561ns          455607 1c00940a 03398733 mul              x14, x19, x19       x14=00003e04 x19:ffffff82 x19:ffffff82
26766581ns          455608 1c00940e 034787b3 mul              x15, x15, x20       x15=ffffff3a x15:fffffffa x20:00000021
26766600ns          455609 1c009412 033585b3 mul              x11, x11, x19       x11=000007e0 x11:fffffff0 x19:ffffff82
26766620ns          455610 1c009416 40a75713 srai             x14, x14, 0x40a     x14=0000000f x14:00003e04
26766640ns          455611 1c009418 40a5d593 srai             x11, x11, 0x40a     x11=00000001 x11:000007e0
26766660ns          455612 1c00941a 40a65613 srai             x12, x12, 0x40a     x12=00000001 x12:00000441
26766680ns          455613 1c00941c 40a7d793 srai             x15, x15, 0x40a     x15=ffffffff x15:ffffff3a
26766700ns          455614 1c00941e 1c0034b7 lui              x9, 0x1c003000       x9=1c003000
26766720ns          455615 1c009422 00e60633 add              x12, x12, x14       x12=00000010 x12:00000001 x14:0000000f
26766740ns          455616 1c009424 40b787b3 sub              x15, x15, x11       x15=fffffffe x15:ffffffff x11:00000001
26766760ns          455617 1c009426 eb048493 addi             x9, x9, -336         x9=1c002eb0  x9:1c003000
26766779ns          455618 1c00942a 1c0032b7 lui              x5, 0x1c003000       x5=1c003000
26766799ns          455619 1c00942e 1c0035b7 lui              x11, 0x1c003000     x11=1c003000
26766819ns          455620 1c009432 018483b3 add              x7, x9, x24          x7=1c002eb2  x9:1c002eb0 x24:00000002
26766839ns          455621 1c009436 02812e83 lw               x29, 40(x2)         x29=1c002ec2  x2:10000cd8  PA:10000d00
26766859ns          455622 1c009438 10065633 p.exthz          x12, x12, x0        x12=00000010 x12:00000010
26766879ns          455623 1c00943c e8028293 addi             x5, x5, -384         x5=1c002e80  x5:1c003000
26766919ns          455625 1c009440 ea058593 addi             x11, x11, -352      x11=1c002ea0 x11:1c003000
26766958ns          455627 1c009444 03812483 lw               x9, 56(x2)           x9=1c002ee2  x2:10000cd8  PA:10000d10
26766978ns          455628 1c009446 10064733 p.exths          x14, x12, x0        x14=00000010 x12:00000010
26766998ns          455629 1c00944a 018280b3 add              x1, x5, x24          x1=1c002e82  x5:1c002e80 x24:00000002
26767018ns          455630 1c00944e 03012f03 lw               x30, 48(x2)         x30=1c002ed2  x2:10000cd8  PA:10000d08
26767058ns          455632 1c009450 018582b3 add              x5, x11, x24         x5=1c002ea2 x11:1c002ea0 x24:00000002
26767098ns          455634 1c009454 04012583 lw               x11, 64(x2)         x11=1c002ef2  x2:10000cd8  PA:10000d18
26767118ns          455635 1c009456 000edd83 lhu              x27, 0(x29)         x27=0000019d x29:1c002ec2  PA:1c002ec2
26767416ns          455650 1c00945a 0004d483 lhu              x9, 0(x9)            x9=0000000d  x9:1c002ee2  PA:1c002ee2
26767714ns          455665 1c00945e 02e70333 mul              x6, x14, x14         x6=00000100 x14:00000010 x14:00000010
26767734ns          455666 1c009462 40a55513 srai             x10, x10, 0x40a     x10=00000000 x10:000002f4
26767754ns          455667 1c009464 04812e83 lw               x29, 72(x2)         x29=1c002f02  x2:10000cd8  PA:10000d20
26767774ns          455668 1c009466 40a6d693 srai             x13, x13, 0x40a     x13=ffffffff x13:fffffdf0
26767794ns          455669 1c009468 000f5d03 lhu              x26, 0(x30)         x26=00000046 x30:1c002ed2  PA:1c002ed2
26768152ns          455687 1c00946c 0005d583 lhu              x11, 0(x11)         x11=00000003 x11:1c002ef2  PA:1c002ef2
26768569ns          455708 1c009470 40a35313 srai             x6, x6, 0x40a        x6=00000000  x6:00000100
26768589ns          455709 1c009474 00a686b3 add              x13, x13, x10       x13=ffffffff x13:ffffffff x10:00000000
26768609ns          455710 1c009476 05012f03 lw               x30, 80(x2)         x30=1c002e72  x2:10000cd8  PA:10000d28
26768629ns          455711 1c009478 10034e33 p.exths          x28, x6, x0         x28=00000000  x6:00000000
26768649ns          455712 1c00947c 06911023 sh               x9, 96(x2)           x9:0000000d  x2:10000cd8  PA:10000d38
26768689ns          455714 1c009480 000ede83 lhu              x29, 0(x29)         x29=00000000 x29:1c002f02  PA:1c002f02
26769027ns          455731 1c009484 05812483 lw               x9, 88(x2)           x9=1c002e62  x2:10000cd8  PA:10000d30
26769047ns          455732 1c009486 1006d6b3 p.exthz          x13, x13, x0        x13=0000ffff x13:ffffffff
26769067ns          455733 1c00948a 02ee08b3 mul              x17, x28, x14       x17=00000000 x28:00000000 x14:00000010
26769086ns          455734 1c00948e 1006c833 p.exths          x16, x13, x0        x16=ffffffff x13:0000ffff
26769106ns          455735 1c009492 06b11823 sh               x11, 112(x2)        x11:00000003  x2:10000cd8  PA:10000d48
26769126ns          455736 1c009496 000f5f03 lhu              x30, 0(x30)         x30=0000ffeb x30:1c002e72  PA:1c002e72
26769444ns          455752 1c00949a 0a012583 lw               x11, 160(x2)        x11=1c002e92  x2:10000cd8  PA:10000d78
26769464ns          455753 1c00949c 1007d7b3 p.exthz          x15, x15, x0        x15=0000fffe x15:fffffffe
26769484ns          455754 1c0094a0 0004da03 lhu              x20, 0(x9)          x20=0000ffaf  x9:1c002e62  PA:1c002e62
26769842ns          455772 1c0094a4 1007c533 p.exths          x10, x15, x0        x10=fffffffe x15:0000fffe
26769862ns          455773 1c0094a8 09d11023 sh               x29, 128(x2)        x29:00000000  x2:10000cd8  PA:10000d58
26769882ns          455774 1c0094ac 0003d483 lhu              x9, 0(x7)            x9=0000fffd  x7:1c002eb2  PA:1c002eb2
26770240ns          455792 1c0094b0 02e80eb3 mul              x29, x16, x14       x29=fffffff0 x16:ffffffff x14:00000010
26770260ns          455793 1c0094b4 40a8d893 srai             x17, x17, 0x40a     x17=00000000 x17:00000000
26770280ns          455794 1c0094b8 03c80833 mul              x16, x16, x28       x16=00000000 x16:ffffffff x28:00000000
26770300ns          455795 1c0094bc 09e11823 sh               x30, 144(x2)        x30:0000ffeb  x2:10000cd8  PA:10000d68
26770319ns          455796 1c0094c0 0005d983 lhu              x19, 0(x11)         x19=0000fffb x11:1c002e92  PA:1c002e92
26770638ns          455812 1c0094c4 81c88f5b p.muls           x30, x17, x28       x30=00000000 x17:00000000 x28:00000000
26770658ns          455813 1c0094c8 0002d583 lhu              x11, 0(x5)          x11=0000fffa  x5:1c002ea2  PA:1c002ea2
26770956ns          455828 1c0094cc 03ce0fb3 mul              x31, x28, x28       x31=00000000 x28:00000000 x28:00000000
26770976ns          455829 1c0094d0 02e50733 mul              x14, x10, x14       x14=ffffffe0 x10:fffffffe x14:00000010
26770996ns          455830 1c0094d4 40a85813 srai             x16, x16, 0x40a     x16=00000000 x16:00000000
26771016ns          455831 1c0094d8 03c50533 mul              x10, x10, x28       x10=00000000 x10:fffffffe x28:00000000
26771035ns          455832 1c0094dc 07015e03 lhu              x28, 112(x2)        x28=00000003  x2:10000cd8  PA:10000d48
26771055ns          455833 1c0094e0 01b60633 add              x12, x12, x27       x12=000001ad x12:00000010 x27:0000019d
26771075ns          455834 1c0094e2 00980833 add              x16, x16, x9        x16=0000fffd x16:00000000  x9:0000fffd
26771095ns          455835 1c0094e4 06015d83 lhu              x27, 96(x2)         x27=0000000d  x2:10000cd8  PA:10000d38
26771115ns          455836 1c0094e8 02812483 lw               x9, 40(x2)           x9=1c002ec2  x2:10000cd8  PA:10000d00
26771135ns          455837 1c0094ea 40afdf93 srai             x31, x31, 0x40a     x31=00000000 x31:00000000
26771155ns          455838 1c0094ee 40a55513 srai             x10, x10, 0x40a     x10=00000000 x10:00000000
26771175ns          455839 1c0094f0 01cf8fb3 add              x31, x31, x28       x31=00000003 x31:00000000 x28:00000003
26771195ns          455840 1c0094f2 00b50533 add              x10, x10, x11       x10=0000fffa x10:00000000 x11:0000fffa
26771214ns          455841 1c0094f4 09015e03 lhu              x28, 144(x2)        x28=0000ffeb  x2:10000cd8  PA:10000d68
26771234ns          455842 1c0094f8 03012583 lw               x11, 48(x2)         x11=1c002ed2  x2:10000cd8  PA:10000d08
26771254ns          455843 1c0094fa 00c49023 sh               x12, 0(x9)          x12:000001ad  x9:1c002ec2  PA:1c002ec2
26771572ns          455859 1c0094fe 01b888b3 add              x17, x17, x27       x17=0000000d x17:00000000 x27:0000000d
26771592ns          455860 1c009500 01a30333 add              x6, x6, x26          x6=00000046  x6:00000000 x26:00000046
26771612ns          455861 1c009502 08015d83 lhu              x27, 128(x2)        x27=00000000  x2:10000cd8  PA:10000d58
26771632ns          455862 1c009506 0000d903 lhu              x18, 0(x1)          x18=0000ffef  x1:1c002e82  PA:1c002e82
26771930ns          455877 1c00950a 01c686b3 add              x13, x13, x28       x13=0001ffea x13:0000ffff x28:0000ffeb
26771950ns          455878 1c00950c 00659023 sh               x6, 0(x11)           x6:00000046 x11:1c002ed2  PA:1c002ed2
26772288ns          455895 1c009510 40af5f13 srai             x30, x30, 0x40a     x30=00000000 x30:00000000
26772308ns          455896 1c009514 04812e03 lw               x28, 72(x2)         x28=1c002f02  x2:10000cd8  PA:10000d20
26772328ns          455897 1c009516 01bf0f33 add              x30, x30, x27       x30=00000000 x30:00000000 x27:00000000
26772348ns          455898 1c009518 40aede93 srai             x29, x29, 0x40a     x29=ffffffff x29:fffffff0
26772368ns          455899 1c00951c 40a75713 srai             x14, x14, 0x40a     x14=ffffffff x14:ffffffe0
26772388ns          455900 1c00951e 03812603 lw               x12, 56(x2)         x12=1c002ee2  x2:10000cd8  PA:10000d10
26772408ns          455901 1c009520 04012d83 lw               x27, 64(x2)         x27=1c002ef2  x2:10000cd8  PA:10000d18
26772428ns          455902 1c009522 01ee1023 sh               x30, 0(x28)         x30:00000000 x28:1c002f02  PA:1c002f02
26772766ns          455919 1c009526 05812483 lw               x9, 88(x2)           x9=1c002e62  x2:10000cd8  PA:10000d30
26772786ns          455920 1c009528 05012f03 lw               x30, 80(x2)         x30=1c002e72  x2:10000cd8  PA:10000d28
26772805ns          455921 1c00952a 0a012583 lw               x11, 160(x2)        x11=1c002e92  x2:10000cd8  PA:10000d78
26772825ns          455922 1c00952c 014787b3 add              x15, x15, x20       x15=0001ffad x15:0000fffe x20:0000ffaf
26772845ns          455923 1c00952e 013e8eb3 add              x29, x29, x19       x29=0000fffa x29:ffffffff x19:0000fffb
26772865ns          455924 1c009530 01270733 add              x14, x14, x18       x14=0000ffee x14:ffffffff x18:0000ffef
26772885ns          455925 1c009532 00f49023 sh               x15, 0(x9)          x15:0001ffad  x9:1c002e62  PA:1c002e62
26773203ns          455941 1c009536 01161023 sh               x17, 0(x12)         x17:0000000d x12:1c002ee2  PA:1c002ee2
26773541ns          455958 1c00953a 01fd9023 sh               x31, 0(x27)         x31:00000003 x27:1c002ef2  PA:1c002ef2
26773959ns          455979 1c00953e 00df1023 sh               x13, 0(x30)         x13:0001ffea x30:1c002e72  PA:1c002e72
26774277ns          455995 1c009542 01d59023 sh               x29, 0(x11)         x29:0000fffa x11:1c002e92  PA:1c002e92
26774595ns          456011 1c009546 00e09023 sh               x14, 0(x1)          x14:0000ffee  x1:1c002e82  PA:1c002e82
26774933ns          456028 1c00954a 01039023 sh               x16, 0(x7)          x16:0000fffd  x7:1c002eb2  PA:1c002eb2
26775272ns          456045 1c00954e 00a29023 sh               x10, 0(x5)          x10:0000fffa  x5:1c002ea2  PA:1c002ea2
26775590ns          456061 1c009552 008b0b13 addi             x22, x22, 8         x22=00000021 x22:00000019
26775610ns          456062 1c009554 1f300793 addi             x15, x0, 499        x15=000001f3
26775630ns          456063 1c009558 e767dae3 bge              x15, x22, -396      x15:000001f3 x22:00000021
26775729ns          456068 1c0093cc 010c9a0b p.lh             x20, 16(x25!)       x20=0000009d x25=1c0026da x25:1c0026ca  PA:1c0026ca
26776087ns          456086 1c0093d0 0104198b p.lh             x19, 16(x8!)        x19=000001b4  x8=1c001ea2  x8:1c001e92  PA:1c001e92
26776385ns          456101 1c0093d4 2cc10513 addi             x10, x2, 716        x10=10000fa4  x2:10000cd8
26776405ns          456102 1c0093d6 010a990b p.lh             x18, 16(x21!)       x18=000000c1 x21=1c0016ce x21:1c0016be  PA:1c0016be
26776704ns          456117 1c0093da 010b948b p.lh             x9, 16(x23!)         x9=0000019c x23=1c000efe x23:1c000eee  PA:1c000eee
26777002ns          456132 1c0093de 2d411623 sh               x20, 716(x2)        x20:0000009d  x2:10000cd8  PA:10000fa4
26777022ns          456133 1c0093e2 2d311723 sh               x19, 718(x2)        x19:000001b4  x2:10000cd8  PA:10000fa6
26777042ns          456134 1c0093e6 c33ff0ef jal              x1, -974             x1=1c0093e8
26777081ns          456136 1c009018 00051803 lh               x16, 0(x10)         x16=0000009d x10:10000fa4  PA:10000fa4
26777101ns          456137 1c00901c 00251883 lh               x17, 2(x10)         x17=000001b4 x10:10000fa4  PA:10000fa6
26777121ns          456138 1c009020 030806b3 mul              x13, x16, x16       x13=00006049 x16:0000009d x16:0000009d
26777141ns          456139 1c009024 03188633 mul              x12, x17, x17       x12=0002e690 x17:000001b4 x17:000001b4
26777161ns          456140 1c009028 40a65613 srai             x12, x12, 0x40a     x12=000000b9 x12:0002e690
26777181ns          456141 1c00902a 40a6d693 srai             x13, x13, 0x40a     x13=00000018 x13:00006049
26777201ns          456142 1c00902c 00c686b3 add              x13, x13, x12       x13=000000d1 x13:00000018 x12:000000b9
26777221ns          456143 1c00902e 1006c633 p.exths          x12, x13, x0        x12=000000d1 x13:000000d1
26777240ns          456144 1c009032 00855703 lhu              x14, 8(x10)         x14=0000ffd1 x10:10000fa4  PA:10000fac
26777260ns          456145 1c009036 00a55683 lhu              x13, 10(x10)        x13=0000ff6a x10:10000fa4  PA:10000fae
26777280ns          456146 1c00903a 02c60333 mul              x6, x12, x12         x6=0000aaa1 x12:000000d1 x12:000000d1
26777300ns          456147 1c00903e 00c55783 lhu              x15, 12(x10)        x15=0000ffe5 x10:10000fa4  PA:10000fb0
26777320ns          456148 1c009042 00e55583 lhu              x11, 14(x10)        x11=00000060 x10:10000fa4  PA:10000fb2
26777340ns          456149 1c009046 dea30333 p.extract        x6, x6, 15, 10       x6=0000002a  x6:0000aaa1
26777360ns          456150 1c00904a 80c7075b p.muls           x14, x14, x12       x14=ffffd9a1 x14:0000ffd1 x12:000000d1
26777400ns          456152 1c00904e 80c686db p.muls           x13, x13, x12       x13=ffff858a x13:0000ff6a x12:000000d1
26777439ns          456154 1c009052 00455e83 lhu              x29, 4(x10)         x29=00000427 x10:10000fa4  PA:10000fa8
26777459ns          456155 1c009056 00655e03 lhu              x28, 6(x10)         x28=0000007f x10:10000fa4  PA:10000faa
26777479ns          456156 1c00905a 40a75713 srai             x14, x14, 0x40a     x14=fffffff6 x14:ffffd9a1
26777499ns          456157 1c00905c 806787db p.muls           x15, x15, x6        x15=fffffb92 x15:0000ffe5  x6:0000002a
26777539ns          456159 1c009060 40a6d693 srai             x13, x13, 0x40a     x13=ffffffe1 x13:ffff858a
26777579ns          456161 1c009062 8065865b p.muls           x12, x11, x6        x12=00000fc0 x11:00000060  x6:0000002a
26777598ns          456162 1c009066 40a7d793 srai             x15, x15, 0x40a     x15=fffffffe x15:fffffb92
26777618ns          456163 1c009068 40a65613 srai             x12, x12, 0x40a     x12=00000003 x12:00000fc0
26777638ns          456164 1c00906a 01d70733 add              x14, x14, x29       x14=0000041d x14:fffffff6 x29:00000427
26777658ns          456165 1c00906c 01c686b3 add              x13, x13, x28       x13=00000060 x13:ffffffe1 x28:0000007f
26777678ns          456166 1c00906e 00c686b3 add              x13, x13, x12       x13=00000063 x13:00000060 x12:00000003
26777698ns          456167 1c009070 00f70733 add              x14, x14, x15       x14=0000041b x14:0000041d x15:fffffffe
26777718ns          456168 1c009072 100747b3 p.exths          x15, x14, x0        x15=0000041b x14:0000041b
26777738ns          456169 1c009076 1006c733 p.exths          x14, x13, x0        x14=00000063 x13:00000063
26777758ns          456170 1c00907a 03170633 mul              x12, x14, x17       x12=0000a89c x14:00000063 x17:000001b4
26777777ns          456171 1c00907e 030786b3 mul              x13, x15, x16       x13=0002848f x15:0000041b x16:0000009d
26777797ns          456172 1c009082 03070733 mul              x14, x14, x16       x14=00003cb7 x14:00000063 x16:0000009d
26777817ns          456173 1c009086 031787b3 mul              x15, x15, x17       x15=0006fdfc x15:0000041b x17:000001b4
26777837ns          456174 1c00908a 40a6d693 srai             x13, x13, 0x40a     x13=000000a1 x13:0002848f
26777857ns          456175 1c00908c 40a65613 srai             x12, x12, 0x40a     x12=0000002a x12:0000a89c
26777877ns          456176 1c00908e 40a7d793 srai             x15, x15, 0x40a     x15=000001bf x15:0006fdfc
26777897ns          456177 1c009090 40a75713 srai             x14, x14, 0x40a     x14=0000000f x14:00003cb7
26777917ns          456178 1c009092 40c686b3 sub              x13, x13, x12       x13=00000077 x13:000000a1 x12:0000002a
26777937ns          456179 1c009094 00e787b3 add              x15, x15, x14       x15=000001ce x15:000001bf x14:0000000f
26777956ns          456180 1c009096 00d51823 sh               x13, 16(x10)        x13:00000077 x10:10000fa4  PA:10000fb4
26777996ns          456182 1c00909a 00f51923 sh               x15, 18(x10)        x15:000001ce x10:10000fa4  PA:10000fb6
26778036ns          456184 1c00909e 00008067 jalr             x0, x1, 0            x1:1c0093e8
26778076ns          456186 1c0093e8 2dc15583 lhu              x11, 732(x2)        x11=00000077  x2:10000cd8  PA:10000fb4
26778096ns          456187 1c0093ec 2de15783 lhu              x15, 734(x2)        x15=000001ce  x2:10000cd8  PA:10000fb6
26778135ns          456189 1c0093f0 40b90933 sub              x18, x18, x11       x18=0000004a x18:000000c1 x11:00000077
26778155ns          456190 1c0093f4 40f484b3 sub              x9, x9, x15          x9=ffffffce  x9:0000019c x15:000001ce
26778175ns          456191 1c0093f6 100945b3 p.exths          x11, x18, x0        x11=0000004a x18:0000004a
26778195ns          456192 1c0093fa 1004c7b3 p.exths          x15, x9, x0         x15=ffffffce  x9:ffffffce
26778215ns          456193 1c0093fe 034586b3 mul              x13, x11, x20       x13=00002d62 x11:0000004a x20:0000009d
26778235ns          456194 1c009402 03378533 mul              x10, x15, x19       x10=ffffaad8 x15:ffffffce x19:000001b4
26778255ns          456195 1c009406 034a0633 mul              x12, x20, x20       x12=00006049 x20:0000009d x20:0000009d
26778275ns          456196 1c00940a 03398733 mul              x14, x19, x19       x14=0002e690 x19:000001b4 x19:000001b4
26778314ns          456198 1c00940e 034787b3 mul              x15, x15, x20       x15=ffffe156 x15:ffffffce x20:0000009d
26778354ns          456200 1c009412 033585b3 mul              x11, x11, x19       x11=00007e08 x11:0000004a x19:000001b4
26778374ns          456201 1c009416 40a75713 srai             x14, x14, 0x40a     x14=000000b9 x14:0002e690
26778394ns          456202 1c009418 40a5d593 srai             x11, x11, 0x40a     x11=0000001f x11:00007e08
26778414ns          456203 1c00941a 40a65613 srai             x12, x12, 0x40a     x12=00000018 x12:00006049
26778434ns          456204 1c00941c 40a7d793 srai             x15, x15, 0x40a     x15=fffffff8 x15:ffffe156
26778454ns          456205 1c00941e 1c0034b7 lui              x9, 0x1c003000       x9=1c003000
26778474ns          456206 1c009422 00e60633 add              x12, x12, x14       x12=000000d1 x12:00000018 x14:000000b9
26778493ns          456207 1c009424 40b787b3 sub              x15, x15, x11       x15=ffffffd9 x15:fffffff8 x11:0000001f
26778513ns          456208 1c009426 eb048493 addi             x9, x9, -336         x9=1c002eb0  x9:1c003000
26778533ns          456209 1c00942a 1c0032b7 lui              x5, 0x1c003000       x5=1c003000
26778553ns          456210 1c00942e 1c0035b7 lui              x11, 0x1c003000     x11=1c003000
26778573ns          456211 1c009432 018483b3 add              x7, x9, x24          x7=1c002eb2  x9:1c002eb0 x24:00000002
26778593ns          456212 1c009436 02812e83 lw               x29, 40(x2)         x29=1c002ec2  x2:10000cd8  PA:10000d00
26778613ns          456213 1c009438 10065633 p.exthz          x12, x12, x0        x12=000000d1 x12:000000d1
26778633ns          456214 1c00943c e8028293 addi             x5, x5, -384         x5=1c002e80  x5:1c003000
26778653ns          456215 1c009440 ea058593 addi             x11, x11, -352      x11=1c002ea0 x11:1c003000
26778672ns          456216 1c009444 03812483 lw               x9, 56(x2)           x9=1c002ee2  x2:10000cd8  PA:10000d10
26778692ns          456217 1c009446 10064733 p.exths          x14, x12, x0        x14=000000d1 x12:000000d1
26778712ns          456218 1c00944a 018280b3 add              x1, x5, x24          x1=1c002e82  x5:1c002e80 x24:00000002
26778732ns          456219 1c00944e 03012f03 lw               x30, 48(x2)         x30=1c002ed2  x2:10000cd8  PA:10000d08
26778752ns          456220 1c009450 018582b3 add              x5, x11, x24         x5=1c002ea2 x11:1c002ea0 x24:00000002
26778772ns          456221 1c009454 04012583 lw               x11, 64(x2)         x11=1c002ef2  x2:10000cd8  PA:10000d18
26778792ns          456222 1c009456 000edd83 lhu              x27, 0(x29)         x27=000001ad x29:1c002ec2  PA:1c002ec2
26779090ns          456237 1c00945a 0004d483 lhu              x9, 0(x9)            x9=0000000d  x9:1c002ee2  PA:1c002ee2
26779468ns          456256 1c00945e 02e70333 mul              x6, x14, x14         x6=0000aaa1 x14:000000d1 x14:000000d1
26779488ns          456257 1c009462 40a55513 srai             x10, x10, 0x40a     x10=ffffffea x10:ffffaad8
26779508ns          456258 1c009464 04812e83 lw               x29, 72(x2)         x29=1c002f02  x2:10000cd8  PA:10000d20
26779528ns          456259 1c009466 40a6d693 srai             x13, x13, 0x40a     x13=0000000b x13:00002d62
26779548ns          456260 1c009468 000f5d03 lhu              x26, 0(x30)         x26=00000046 x30:1c002ed2  PA:1c002ed2
26779945ns          456280 1c00946c 0005d583 lhu              x11, 0(x11)         x11=00000003 x11:1c002ef2  PA:1c002ef2
26780244ns          456295 1c009470 40a35313 srai             x6, x6, 0x40a        x6=0000002a  x6:0000aaa1
26780263ns          456296 1c009474 00a686b3 add              x13, x13, x10       x13=fffffff5 x13:0000000b x10:ffffffea
26780283ns          456297 1c009476 05012f03 lw               x30, 80(x2)         x30=1c002e72  x2:10000cd8  PA:10000d28
26780303ns          456298 1c009478 10034e33 p.exths          x28, x6, x0         x28=0000002a  x6:0000002a
26780323ns          456299 1c00947c 06911023 sh               x9, 96(x2)           x9:0000000d  x2:10000cd8  PA:10000d38
26780343ns          456300 1c009480 000ede83 lhu              x29, 0(x29)         x29=00000000 x29:1c002f02  PA:1c002f02
26780641ns          456315 1c009484 05812483 lw               x9, 88(x2)           x9=1c002e62  x2:10000cd8  PA:10000d30
26780661ns          456316 1c009486 1006d6b3 p.exthz          x13, x13, x0        x13=0000fff5 x13:fffffff5
26780681ns          456317 1c00948a 02ee08b3 mul              x17, x28, x14       x17=0000224a x28:0000002a x14:000000d1
26780701ns          456318 1c00948e 1006c833 p.exths          x16, x13, x0        x16=fffffff5 x13:0000fff5
26780721ns          456319 1c009492 06b11823 sh               x11, 112(x2)        x11:00000003  x2:10000cd8  PA:10000d48
26780741ns          456320 1c009496 000f5f03 lhu              x30, 0(x30)         x30=0000ffea x30:1c002e72  PA:1c002e72
26781039ns          456335 1c00949a 0a012583 lw               x11, 160(x2)        x11=1c002e92  x2:10000cd8  PA:10000d78
26781059ns          456336 1c00949c 1007d7b3 p.exthz          x15, x15, x0        x15=0000ffd9 x15:ffffffd9
26781079ns          456337 1c0094a0 0004da03 lhu              x20, 0(x9)          x20=0000ffad  x9:1c002e62  PA:1c002e62
26781497ns          456358 1c0094a4 1007c533 p.exths          x10, x15, x0        x10=ffffffd9 x15:0000ffd9
26781516ns          456359 1c0094a8 09d11023 sh               x29, 128(x2)        x29:00000000  x2:10000cd8  PA:10000d58
26781536ns          456360 1c0094ac 0003d483 lhu              x9, 0(x7)            x9=0000fffd  x7:1c002eb2  PA:1c002eb2
26781894ns          456378 1c0094b0 02e80eb3 mul              x29, x16, x14       x29=fffff705 x16:fffffff5 x14:000000d1
26781914ns          456379 1c0094b4 40a8d893 srai             x17, x17, 0x40a     x17=00000008 x17:0000224a
26781934ns          456380 1c0094b8 03c80833 mul              x16, x16, x28       x16=fffffe32 x16:fffffff5 x28:0000002a
26781954ns          456381 1c0094bc 09e11823 sh               x30, 144(x2)        x30:0000ffea  x2:10000cd8  PA:10000d68
26781974ns          456382 1c0094c0 0005d983 lhu              x19, 0(x11)         x19=0000fffa x11:1c002e92  PA:1c002e92
26782292ns          456398 1c0094c4 81c88f5b p.muls           x30, x17, x28       x30=00000150 x17:00000008 x28:0000002a
26782312ns          456399 1c0094c8 0002d583 lhu              x11, 0(x5)          x11=0000fffa  x5:1c002ea2  PA:1c002ea2
26782630ns          456415 1c0094cc 03ce0fb3 mul              x31, x28, x28       x31=000006e4 x28:0000002a x28:0000002a
26782650ns          456416 1c0094d0 02e50733 mul              x14, x10, x14       x14=ffffe029 x10:ffffffd9 x14:000000d1
26782670ns          456417 1c0094d4 40a85813 srai             x16, x16, 0x40a     x16=ffffffff x16:fffffe32
26782690ns          456418 1c0094d8 03c50533 mul              x10, x10, x28       x10=fffff99a x10:ffffffd9 x28:0000002a
26782710ns          456419 1c0094dc 07015e03 lhu              x28, 112(x2)        x28=00000003  x2:10000cd8  PA:10000d48
26782749ns          456421 1c0094e0 01b60633 add              x12, x12, x27       x12=0000027e x12:000000d1 x27:000001ad
26782769ns          456422 1c0094e2 00980833 add              x16, x16, x9        x16=0000fffc x16:ffffffff  x9:0000fffd
26782789ns          456423 1c0094e4 06015d83 lhu              x27, 96(x2)         x27=0000000d  x2:10000cd8  PA:10000d38
26782809ns          456424 1c0094e8 02812483 lw               x9, 40(x2)           x9=1c002ec2  x2:10000cd8  PA:10000d00
26782829ns          456425 1c0094ea 40afdf93 srai             x31, x31, 0x40a     x31=00000001 x31:000006e4
26782849ns          456426 1c0094ee 40a55513 srai             x10, x10, 0x40a     x10=fffffffe x10:fffff99a
26782869ns          456427 1c0094f0 01cf8fb3 add              x31, x31, x28       x31=00000004 x31:00000001 x28:00000003
26782889ns          456428 1c0094f2 00b50533 add              x10, x10, x11       x10=0000fff8 x10:fffffffe x11:0000fffa
26782909ns          456429 1c0094f4 09015e03 lhu              x28, 144(x2)        x28=0000ffea  x2:10000cd8  PA:10000d68
26782928ns          456430 1c0094f8 03012583 lw               x11, 48(x2)         x11=1c002ed2  x2:10000cd8  PA:10000d08
26782968ns          456432 1c0094fa 00c49023 sh               x12, 0(x9)          x12:0000027e  x9:1c002ec2  PA:1c002ec2
26783306ns          456449 1c0094fe 01b888b3 add              x17, x17, x27       x17=00000015 x17:00000008 x27:0000000d
26783326ns          456450 1c009500 01a30333 add              x6, x6, x26          x6=00000070  x6:0000002a x26:00000046
26783346ns          456451 1c009502 08015d83 lhu              x27, 128(x2)        x27=00000000  x2:10000cd8  PA:10000d58
26783366ns          456452 1c009506 0000d903 lhu              x18, 0(x1)          x18=0000ffee  x1:1c002e82  PA:1c002e82
26783684ns          456468 1c00950a 01c686b3 add              x13, x13, x28       x13=0001ffdf x13:0000fff5 x28:0000ffea
26783704ns          456469 1c00950c 00659023 sh               x6, 0(x11)           x6:00000070 x11:1c002ed2  PA:1c002ed2
26784042ns          456486 1c009510 40af5f13 srai             x30, x30, 0x40a     x30=00000000 x30:00000150
26784062ns          456487 1c009514 04812e03 lw               x28, 72(x2)         x28=1c002f02  x2:10000cd8  PA:10000d20
26784082ns          456488 1c009516 01bf0f33 add              x30, x30, x27       x30=00000000 x30:00000000 x27:00000000
26784102ns          456489 1c009518 40aede93 srai             x29, x29, 0x40a     x29=fffffffd x29:fffff705
26784122ns          456490 1c00951c 40a75713 srai             x14, x14, 0x40a     x14=fffffff8 x14:ffffe029
26784142ns          456491 1c00951e 03812603 lw               x12, 56(x2)         x12=1c002ee2  x2:10000cd8  PA:10000d10
26784162ns          456492 1c009520 04012d83 lw               x27, 64(x2)         x27=1c002ef2  x2:10000cd8  PA:10000d18
26784181ns          456493 1c009522 01ee1023 sh               x30, 0(x28)         x30:00000000 x28:1c002f02  PA:1c002f02
26784500ns          456509 1c009526 05812483 lw               x9, 88(x2)           x9=1c002e62  x2:10000cd8  PA:10000d30
26784520ns          456510 1c009528 05012f03 lw               x30, 80(x2)         x30=1c002e72  x2:10000cd8  PA:10000d28
26784539ns          456511 1c00952a 0a012583 lw               x11, 160(x2)        x11=1c002e92  x2:10000cd8  PA:10000d78
26784559ns          456512 1c00952c 014787b3 add              x15, x15, x20       x15=0001ff86 x15:0000ffd9 x20:0000ffad
26784579ns          456513 1c00952e 013e8eb3 add              x29, x29, x19       x29=0000fff7 x29:fffffffd x19:0000fffa
26784599ns          456514 1c009530 01270733 add              x14, x14, x18       x14=0000ffe6 x14:fffffff8 x18:0000ffee
26784619ns          456515 1c009532 00f49023 sh               x15, 0(x9)          x15:0001ff86  x9:1c002e62  PA:1c002e62
26784937ns          456531 1c009536 01161023 sh               x17, 0(x12)         x17:00000015 x12:1c002ee2  PA:1c002ee2
26785275ns          456548 1c00953a 01fd9023 sh               x31, 0(x27)         x31:00000004 x27:1c002ef2  PA:1c002ef2
26785593ns          456564 1c00953e 00df1023 sh               x13, 0(x30)         x13:0001ffdf x30:1c002e72  PA:1c002e72
26785912ns          456580 1c009542 01d59023 sh               x29, 0(x11)         x29:0000fff7 x11:1c002e92  PA:1c002e92
26786230ns          456596 1c009546 00e09023 sh               x14, 0(x1)          x14:0000ffe6  x1:1c002e82  PA:1c002e82
26786568ns          456613 1c00954a 01039023 sh               x16, 0(x7)          x16:0000fffc  x7:1c002eb2  PA:1c002eb2
26786886ns          456629 1c00954e 00a29023 sh               x10, 0(x5)          x10:0000fff8  x5:1c002ea2  PA:1c002ea2
26787224ns          456646 1c009552 008b0b13 addi             x22, x22, 8         x22=00000029 x22:00000021
26787244ns          456647 1c009554 1f300793 addi             x15, x0, 499        x15=000001f3
26787264ns          456648 1c009558 e767dae3 bge              x15, x22, -396      x15:000001f3 x22:00000029
26787363ns          456653 1c0093cc 010c9a0b p.lh             x20, 16(x25!)       x20=00000164 x25=1c0026ea x25:1c0026da  PA:1c0026da
26787682ns          456669 1c0093d0 0104198b p.lh             x19, 16(x8!)        x19=fffffed5  x8=1c001eb2  x8:1c001ea2  PA:1c001ea2
26788060ns          456688 1c0093d4 2cc10513 addi             x10, x2, 716        x10=10000fa4  x2:10000cd8
26788079ns          456689 1c0093d6 010a990b p.lh             x18, 16(x21!)       x18=0000013b x21=1c0016de x21:1c0016ce  PA:1c0016ce
26788378ns          456704 1c0093da 010b948b p.lh             x9, 16(x23!)         x9=fffffea3 x23=1c000f0e x23:1c000efe  PA:1c000efe
26788676ns          456719 1c0093de 2d411623 sh               x20, 716(x2)        x20:00000164  x2:10000cd8  PA:10000fa4
26788696ns          456720 1c0093e2 2d311723 sh               x19, 718(x2)        x19:fffffed5  x2:10000cd8  PA:10000fa6
26788716ns          456721 1c0093e6 c33ff0ef jal              x1, -974             x1=1c0093e8
26788756ns          456723 1c009018 00051803 lh               x16, 0(x10)         x16=00000164 x10:10000fa4  PA:10000fa4
26788776ns          456724 1c00901c 00251883 lh               x17, 2(x10)         x17=fffffed5 x10:10000fa4  PA:10000fa6
26788835ns          456727 1c009020 030806b3 mul              x13, x16, x16       x13=0001ef10 x16:00000164 x16:00000164
26788875ns          456729 1c009024 03188633 mul              x12, x17, x17       x12=00015d39 x17:fffffed5 x17:fffffed5
26788895ns          456730 1c009028 40a65613 srai             x12, x12, 0x40a     x12=00000057 x12:00015d39
26788915ns          456731 1c00902a 40a6d693 srai             x13, x13, 0x40a     x13=0000007b x13:0001ef10
26788935ns          456732 1c00902c 00c686b3 add              x13, x13, x12       x13=000000d2 x13:0000007b x12:00000057
26788955ns          456733 1c00902e 1006c633 p.exths          x12, x13, x0        x12=000000d2 x13:000000d2
26788974ns          456734 1c009032 00855703 lhu              x14, 8(x10)         x14=0000ffd1 x10:10000fa4  PA:10000fac
26788994ns          456735 1c009036 00a55683 lhu              x13, 10(x10)        x13=0000ff6a x10:10000fa4  PA:10000fae
26789014ns          456736 1c00903a 02c60333 mul              x6, x12, x12         x6=0000ac44 x12:000000d2 x12:000000d2
26789034ns          456737 1c00903e 00c55783 lhu              x15, 12(x10)        x15=0000ffe5 x10:10000fa4  PA:10000fb0
26789054ns          456738 1c009042 00e55583 lhu              x11, 14(x10)        x11=00000060 x10:10000fa4  PA:10000fb2
26789074ns          456739 1c009046 dea30333 p.extract        x6, x6, 15, 10       x6=0000002b  x6:0000ac44
26789094ns          456740 1c00904a 80c7075b p.muls           x14, x14, x12       x14=ffffd972 x14:0000ffd1 x12:000000d2
26789114ns          456741 1c00904e 80c686db p.muls           x13, x13, x12       x13=ffff84f4 x13:0000ff6a x12:000000d2
26789134ns          456742 1c009052 00455e83 lhu              x29, 4(x10)         x29=00000427 x10:10000fa4  PA:10000fa8
26789153ns          456743 1c009056 00655e03 lhu              x28, 6(x10)         x28=0000007f x10:10000fa4  PA:10000faa
26789173ns          456744 1c00905a 40a75713 srai             x14, x14, 0x40a     x14=fffffff6 x14:ffffd972
26789193ns          456745 1c00905c 806787db p.muls           x15, x15, x6        x15=fffffb77 x15:0000ffe5  x6:0000002b
26789213ns          456746 1c009060 40a6d693 srai             x13, x13, 0x40a     x13=ffffffe1 x13:ffff84f4
26789233ns          456747 1c009062 8065865b p.muls           x12, x11, x6        x12=00001020 x11:00000060  x6:0000002b
26789253ns          456748 1c009066 40a7d793 srai             x15, x15, 0x40a     x15=fffffffe x15:fffffb77
26789273ns          456749 1c009068 40a65613 srai             x12, x12, 0x40a     x12=00000004 x12:00001020
26789293ns          456750 1c00906a 01d70733 add              x14, x14, x29       x14=0000041d x14:fffffff6 x29:00000427
26789313ns          456751 1c00906c 01c686b3 add              x13, x13, x28       x13=00000060 x13:ffffffe1 x28:0000007f
26789332ns          456752 1c00906e 00c686b3 add              x13, x13, x12       x13=00000064 x13:00000060 x12:00000004
26789352ns          456753 1c009070 00f70733 add              x14, x14, x15       x14=0000041b x14:0000041d x15:fffffffe
26789372ns          456754 1c009072 100747b3 p.exths          x15, x14, x0        x15=0000041b x14:0000041b
26789392ns          456755 1c009076 1006c733 p.exths          x14, x13, x0        x14=00000064 x13:00000064
26789412ns          456756 1c00907a 03170633 mul              x12, x14, x17       x12=ffff8b34 x14:00000064 x17:fffffed5
26789432ns          456757 1c00907e 030786b3 mul              x13, x15, x16       x13=0005b58c x15:0000041b x16:00000164
26789452ns          456758 1c009082 03070733 mul              x14, x14, x16       x14=00008b10 x14:00000064 x16:00000164
26789472ns          456759 1c009086 031787b3 mul              x15, x15, x17       x15=fffb3477 x15:0000041b x17:fffffed5
26789492ns          456760 1c00908a 40a6d693 srai             x13, x13, 0x40a     x13=0000016d x13:0005b58c
26789511ns          456761 1c00908c 40a65613 srai             x12, x12, 0x40a     x12=ffffffe2 x12:ffff8b34
26789531ns          456762 1c00908e 40a7d793 srai             x15, x15, 0x40a     x15=fffffecd x15:fffb3477
26789551ns          456763 1c009090 40a75713 srai             x14, x14, 0x40a     x14=00000022 x14:00008b10
26789571ns          456764 1c009092 40c686b3 sub              x13, x13, x12       x13=0000018b x13:0000016d x12:ffffffe2
26789591ns          456765 1c009094 00e787b3 add              x15, x15, x14       x15=fffffeef x15:fffffecd x14:00000022
26789611ns          456766 1c009096 00d51823 sh               x13, 16(x10)        x13:0000018b x10:10000fa4  PA:10000fb4
26789631ns          456767 1c00909a 00f51923 sh               x15, 18(x10)        x15:fffffeef x10:10000fa4  PA:10000fb6
26789651ns          456768 1c00909e 00008067 jalr             x0, x1, 0            x1:1c0093e8
26789690ns          456770 1c0093e8 2dc15583 lhu              x11, 732(x2)        x11=0000018b  x2:10000cd8  PA:10000fb4
26789710ns          456771 1c0093ec 2de15783 lhu              x15, 734(x2)        x15=0000feef  x2:10000cd8  PA:10000fb6
26789730ns          456772 1c0093f0 40b90933 sub              x18, x18, x11       x18=ffffffb0 x18:0000013b x11:0000018b
26789750ns          456773 1c0093f4 40f484b3 sub              x9, x9, x15          x9=fffeffb4  x9:fffffea3 x15:0000feef
26789770ns          456774 1c0093f6 100945b3 p.exths          x11, x18, x0        x11=ffffffb0 x18:ffffffb0
26789790ns          456775 1c0093fa 1004c7b3 p.exths          x15, x9, x0         x15=ffffffb4  x9:fffeffb4
26789810ns          456776 1c0093fe 034586b3 mul              x13, x11, x20       x13=ffff90c0 x11:ffffffb0 x20:00000164
26789830ns          456777 1c009402 03378533 mul              x10, x15, x19       x10=000058c4 x15:ffffffb4 x19:fffffed5
26789849ns          456778 1c009406 034a0633 mul              x12, x20, x20       x12=0001ef10 x20:00000164 x20:00000164
26789869ns          456779 1c00940a 03398733 mul              x14, x19, x19       x14=00015d39 x19:fffffed5 x19:fffffed5
26789889ns          456780 1c00940e 034787b3 mul              x15, x15, x20       x15=ffff9650 x15:ffffffb4 x20:00000164
26789909ns          456781 1c009412 033585b3 mul              x11, x11, x19       x11=00005d70 x11:ffffffb0 x19:fffffed5
26789929ns          456782 1c009416 40a75713 srai             x14, x14, 0x40a     x14=00000057 x14:00015d39
26789949ns          456783 1c009418 40a5d593 srai             x11, x11, 0x40a     x11=00000017 x11:00005d70
26789969ns          456784 1c00941a 40a65613 srai             x12, x12, 0x40a     x12=0000007b x12:0001ef10
26789989ns          456785 1c00941c 40a7d793 srai             x15, x15, 0x40a     x15=ffffffe5 x15:ffff9650
26790009ns          456786 1c00941e 1c0034b7 lui              x9, 0x1c003000       x9=1c003000
26790028ns          456787 1c009422 00e60633 add              x12, x12, x14       x12=000000d2 x12:0000007b x14:00000057
26790048ns          456788 1c009424 40b787b3 sub              x15, x15, x11       x15=ffffffce x15:ffffffe5 x11:00000017
26790068ns          456789 1c009426 eb048493 addi             x9, x9, -336         x9=1c002eb0  x9:1c003000
26790088ns          456790 1c00942a 1c0032b7 lui              x5, 0x1c003000       x5=1c003000
26790108ns          456791 1c00942e 1c0035b7 lui              x11, 0x1c003000     x11=1c003000
26790128ns          456792 1c009432 018483b3 add              x7, x9, x24          x7=1c002eb2  x9:1c002eb0 x24:00000002
26790148ns          456793 1c009436 02812e83 lw               x29, 40(x2)         x29=1c002ec2  x2:10000cd8  PA:10000d00
26790168ns          456794 1c009438 10065633 p.exthz          x12, x12, x0        x12=000000d2 x12:000000d2
26790188ns          456795 1c00943c e8028293 addi             x5, x5, -384         x5=1c002e80  x5:1c003000
26790207ns          456796 1c009440 ea058593 addi             x11, x11, -352      x11=1c002ea0 x11:1c003000
26790247ns          456798 1c009444 03812483 lw               x9, 56(x2)           x9=1c002ee2  x2:10000cd8  PA:10000d10
26790267ns          456799 1c009446 10064733 p.exths          x14, x12, x0        x14=000000d2 x12:000000d2
26790287ns          456800 1c00944a 018280b3 add              x1, x5, x24          x1=1c002e82  x5:1c002e80 x24:00000002
26790307ns          456801 1c00944e 03012f03 lw               x30, 48(x2)         x30=1c002ed2  x2:10000cd8  PA:10000d08
26790327ns          456802 1c009450 018582b3 add              x5, x11, x24         x5=1c002ea2 x11:1c002ea0 x24:00000002
26790347ns          456803 1c009454 04012583 lw               x11, 64(x2)         x11=1c002ef2  x2:10000cd8  PA:10000d18
26790367ns          456804 1c009456 000edd83 lhu              x27, 0(x29)         x27=0000027e x29:1c002ec2  PA:1c002ec2
26790665ns          456819 1c00945a 0004d483 lhu              x9, 0(x9)            x9=00000015  x9:1c002ee2  PA:1c002ee2
26791023ns          456837 1c00945e 02e70333 mul              x6, x14, x14         x6=0000ac44 x14:000000d2 x14:000000d2
26791043ns          456838 1c009462 40a55513 srai             x10, x10, 0x40a     x10=00000016 x10:000058c4
26791063ns          456839 1c009464 04812e83 lw               x29, 72(x2)         x29=1c002f02  x2:10000cd8  PA:10000d20
26791083ns          456840 1c009466 40a6d693 srai             x13, x13, 0x40a     x13=ffffffe4 x13:ffff90c0
26791102ns          456841 1c009468 000f5d03 lhu              x26, 0(x30)         x26=00000070 x30:1c002ed2  PA:1c002ed2
26791421ns          456857 1c00946c 0005d583 lhu              x11, 0(x11)         x11=00000004 x11:1c002ef2  PA:1c002ef2
26791739ns          456873 1c009470 40a35313 srai             x6, x6, 0x40a        x6=0000002b  x6:0000ac44
26791759ns          456874 1c009474 00a686b3 add              x13, x13, x10       x13=fffffffa x13:ffffffe4 x10:00000016
26791779ns          456875 1c009476 05012f03 lw               x30, 80(x2)         x30=1c002e72  x2:10000cd8  PA:10000d28
26791799ns          456876 1c009478 10034e33 p.exths          x28, x6, x0         x28=0000002b  x6:0000002b
26791818ns          456877 1c00947c 06911023 sh               x9, 96(x2)           x9:00000015  x2:10000cd8  PA:10000d38
26791838ns          456878 1c009480 000ede83 lhu              x29, 0(x29)         x29=00000000 x29:1c002f02  PA:1c002f02
26792176ns          456895 1c009484 05812483 lw               x9, 88(x2)           x9=1c002e62  x2:10000cd8  PA:10000d30
26792196ns          456896 1c009486 1006d6b3 p.exthz          x13, x13, x0        x13=0000fffa x13:fffffffa
26792216ns          456897 1c00948a 02ee08b3 mul              x17, x28, x14       x17=00002346 x28:0000002b x14:000000d2
26792236ns          456898 1c00948e 1006c833 p.exths          x16, x13, x0        x16=fffffffa x13:0000fffa
26792256ns          456899 1c009492 06b11823 sh               x11, 112(x2)        x11:00000004  x2:10000cd8  PA:10000d48
26792276ns          456900 1c009496 000f5f03 lhu              x30, 0(x30)         x30=0000ffdf x30:1c002e72  PA:1c002e72
26792594ns          456916 1c00949a 0a012583 lw               x11, 160(x2)        x11=1c002e92  x2:10000cd8  PA:10000d78
26792614ns          456917 1c00949c 1007d7b3 p.exthz          x15, x15, x0        x15=0000ffce x15:ffffffce
26792634ns          456918 1c0094a0 0004da03 lhu              x20, 0(x9)          x20=0000ff86  x9:1c002e62  PA:1c002e62
26792932ns          456933 1c0094a4 1007c533 p.exths          x10, x15, x0        x10=ffffffce x15:0000ffce
26792952ns          456934 1c0094a8 09d11023 sh               x29, 128(x2)        x29:00000000  x2:10000cd8  PA:10000d58
26792972ns          456935 1c0094ac 0003d483 lhu              x9, 0(x7)            x9=0000fffc  x7:1c002eb2  PA:1c002eb2
26793270ns          456950 1c0094b0 02e80eb3 mul              x29, x16, x14       x29=fffffb14 x16:fffffffa x14:000000d2
26793290ns          456951 1c0094b4 40a8d893 srai             x17, x17, 0x40a     x17=00000008 x17:00002346
26793310ns          456952 1c0094b8 03c80833 mul              x16, x16, x28       x16=fffffefe x16:fffffffa x28:0000002b
26793330ns          456953 1c0094bc 09e11823 sh               x30, 144(x2)        x30:0000ffdf  x2:10000cd8  PA:10000d68
26793350ns          456954 1c0094c0 0005d983 lhu              x19, 0(x11)         x19=0000fff7 x11:1c002e92  PA:1c002e92
26793648ns          456969 1c0094c4 81c88f5b p.muls           x30, x17, x28       x30=00000158 x17:00000008 x28:0000002b
26793668ns          456970 1c0094c8 0002d583 lhu              x11, 0(x5)          x11=0000fff8  x5:1c002ea2  PA:1c002ea2
26794026ns          456988 1c0094cc 03ce0fb3 mul              x31, x28, x28       x31=00000739 x28:0000002b x28:0000002b
26794046ns          456989 1c0094d0 02e50733 mul              x14, x10, x14       x14=ffffd6fc x10:ffffffce x14:000000d2
26794066ns          456990 1c0094d4 40a85813 srai             x16, x16, 0x40a     x16=ffffffff x16:fffffefe
26794086ns          456991 1c0094d8 03c50533 mul              x10, x10, x28       x10=fffff79a x10:ffffffce x28:0000002b
26794106ns          456992 1c0094dc 07015e03 lhu              x28, 112(x2)        x28=00000004  x2:10000cd8  PA:10000d48
26794145ns          456994 1c0094e0 01b60633 add              x12, x12, x27       x12=00000350 x12:000000d2 x27:0000027e
26794165ns          456995 1c0094e2 00980833 add              x16, x16, x9        x16=0000fffb x16:ffffffff  x9:0000fffc
26794185ns          456996 1c0094e4 06015d83 lhu              x27, 96(x2)         x27=00000015  x2:10000cd8  PA:10000d38
26794205ns          456997 1c0094e8 02812483 lw               x9, 40(x2)           x9=1c002ec2  x2:10000cd8  PA:10000d00
26794225ns          456998 1c0094ea 40afdf93 srai             x31, x31, 0x40a     x31=00000001 x31:00000739
26794245ns          456999 1c0094ee 40a55513 srai             x10, x10, 0x40a     x10=fffffffd x10:fffff79a
26794265ns          457000 1c0094f0 01cf8fb3 add              x31, x31, x28       x31=00000005 x31:00000001 x28:00000004
26794285ns          457001 1c0094f2 00b50533 add              x10, x10, x11       x10=0000fff5 x10:fffffffd x11:0000fff8
26794304ns          457002 1c0094f4 09015e03 lhu              x28, 144(x2)        x28=0000ffdf  x2:10000cd8  PA:10000d68
26794324ns          457003 1c0094f8 03012583 lw               x11, 48(x2)         x11=1c002ed2  x2:10000cd8  PA:10000d08
26794344ns          457004 1c0094fa 00c49023 sh               x12, 0(x9)          x12:00000350  x9:1c002ec2  PA:1c002ec2
26794662ns          457020 1c0094fe 01b888b3 add              x17, x17, x27       x17=0000001d x17:00000008 x27:00000015
26794682ns          457021 1c009500 01a30333 add              x6, x6, x26          x6=0000009b  x6:0000002b x26:00000070
26794702ns          457022 1c009502 08015d83 lhu              x27, 128(x2)        x27=00000000  x2:10000cd8  PA:10000d58
26794722ns          457023 1c009506 0000d903 lhu              x18, 0(x1)          x18=0000ffe6  x1:1c002e82  PA:1c002e82
26795020ns          457038 1c00950a 01c686b3 add              x13, x13, x28       x13=0001ffd9 x13:0000fffa x28:0000ffdf
26795040ns          457039 1c00950c 00659023 sh               x6, 0(x11)           x6:0000009b x11:1c002ed2  PA:1c002ed2
26795358ns          457055 1c009510 40af5f13 srai             x30, x30, 0x40a     x30=00000000 x30:00000158
26795378ns          457056 1c009514 04812e03 lw               x28, 72(x2)         x28=1c002f02  x2:10000cd8  PA:10000d20
26795398ns          457057 1c009516 01bf0f33 add              x30, x30, x27       x30=00000000 x30:00000000 x27:00000000
26795418ns          457058 1c009518 40aede93 srai             x29, x29, 0x40a     x29=fffffffe x29:fffffb14
26795438ns          457059 1c00951c 40a75713 srai             x14, x14, 0x40a     x14=fffffff5 x14:ffffd6fc
26795458ns          457060 1c00951e 03812603 lw               x12, 56(x2)         x12=1c002ee2  x2:10000cd8  PA:10000d10
26795478ns          457061 1c009520 04012d83 lw               x27, 64(x2)         x27=1c002ef2  x2:10000cd8  PA:10000d18
26795498ns          457062 1c009522 01ee1023 sh               x30, 0(x28)         x30:00000000 x28:1c002f02  PA:1c002f02
26795836ns          457079 1c009526 05812483 lw               x9, 88(x2)           x9=1c002e62  x2:10000cd8  PA:10000d30
26795856ns          457080 1c009528 05012f03 lw               x30, 80(x2)         x30=1c002e72  x2:10000cd8  PA:10000d28
26795876ns          457081 1c00952a 0a012583 lw               x11, 160(x2)        x11=1c002e92  x2:10000cd8  PA:10000d78
26795895ns          457082 1c00952c 014787b3 add              x15, x15, x20       x15=0001ff54 x15:0000ffce x20:0000ff86
26795915ns          457083 1c00952e 013e8eb3 add              x29, x29, x19       x29=0000fff5 x29:fffffffe x19:0000fff7
26795935ns          457084 1c009530 01270733 add              x14, x14, x18       x14=0000ffdb x14:fffffff5 x18:0000ffe6
26795955ns          457085 1c009532 00f49023 sh               x15, 0(x9)          x15:0001ff54  x9:1c002e62  PA:1c002e62
26796273ns          457101 1c009536 01161023 sh               x17, 0(x12)         x17:0000001d x12:1c002ee2  PA:1c002ee2
26796691ns          457122 1c00953a 01fd9023 sh               x31, 0(x27)         x31:00000005 x27:1c002ef2  PA:1c002ef2
26797009ns          457138 1c00953e 00df1023 sh               x13, 0(x30)         x13:0001ffd9 x30:1c002e72  PA:1c002e72
26797327ns          457154 1c009542 01d59023 sh               x29, 0(x11)         x29:0000fff5 x11:1c002e92  PA:1c002e92
26797646ns          457170 1c009546 00e09023 sh               x14, 0(x1)          x14:0000ffdb  x1:1c002e82  PA:1c002e82
26797964ns          457186 1c00954a 01039023 sh               x16, 0(x7)          x16:0000fffb  x7:1c002eb2  PA:1c002eb2
26798282ns          457202 1c00954e 00a29023 sh               x10, 0(x5)          x10:0000fff5  x5:1c002ea2  PA:1c002ea2
26798600ns          457218 1c009552 008b0b13 addi             x22, x22, 8         x22=00000031 x22:00000029
26798620ns          457219 1c009554 1f300793 addi             x15, x0, 499        x15=000001f3
26798640ns          457220 1c009558 e767dae3 bge              x15, x22, -396      x15:000001f3 x22:00000031
26798700ns          457223 1c0093cc 010c9a0b p.lh             x20, 16(x25!)       x20=ffffffae x25=1c0026fa x25:1c0026ea  PA:1c0026ea
26799018ns          457239 1c0093d0 0104198b p.lh             x19, 16(x8!)        x19=0000016b  x8=1c001ec2  x8:1c001eb2  PA:1c001eb2
26799416ns          457259 1c0093d4 2cc10513 addi             x10, x2, 716        x10=10000fa4  x2:10000cd8
26799436ns          457260 1c0093d6 010a990b p.lh             x18, 16(x21!)       x18=ffffffd0 x21=1c0016ee x21:1c0016de  PA:1c0016de
26799793ns          457278 1c0093da 010b948b p.lh             x9, 16(x23!)         x9=0000017c x23=1c000f1e x23:1c000f0e  PA:1c000f0e
26800092ns          457293 1c0093de 2d411623 sh               x20, 716(x2)        x20:ffffffae  x2:10000cd8  PA:10000fa4
26800112ns          457294 1c0093e2 2d311723 sh               x19, 718(x2)        x19:0000016b  x2:10000cd8  PA:10000fa6
26800132ns          457295 1c0093e6 c33ff0ef jal              x1, -974             x1=1c0093e8
26800211ns          457299 1c009018 00051803 lh               x16, 0(x10)         x16=ffffffae x10:10000fa4  PA:10000fa4
26800271ns          457302 1c00901c 00251883 lh               x17, 2(x10)         x17=0000016b x10:10000fa4  PA:10000fa6
26800330ns          457305 1c009020 030806b3 mul              x13, x16, x16       x13=00001a44 x16:ffffffae x16:ffffffae
26800350ns          457306 1c009024 03188633 mul              x12, x17, x17       x12=000202b9 x17:0000016b x17:0000016b
26800370ns          457307 1c009028 40a65613 srai             x12, x12, 0x40a     x12=00000080 x12:000202b9
26800390ns          457308 1c00902a 40a6d693 srai             x13, x13, 0x40a     x13=00000006 x13:00001a44
26800410ns          457309 1c00902c 00c686b3 add              x13, x13, x12       x13=00000086 x13:00000006 x12:00000080
26800430ns          457310 1c00902e 1006c633 p.exths          x12, x13, x0        x12=00000086 x13:00000086
26800450ns          457311 1c009032 00855703 lhu              x14, 8(x10)         x14=0000ffd1 x10:10000fa4  PA:10000fac
26800470ns          457312 1c009036 00a55683 lhu              x13, 10(x10)        x13=0000ff6a x10:10000fa4  PA:10000fae
26800490ns          457313 1c00903a 02c60333 mul              x6, x12, x12         x6=00004624 x12:00000086 x12:00000086
26800529ns          457315 1c00903e 00c55783 lhu              x15, 12(x10)        x15=0000ffe5 x10:10000fa4  PA:10000fb0
26800569ns          457317 1c009042 00e55583 lhu              x11, 14(x10)        x11=00000060 x10:10000fa4  PA:10000fb2
26800589ns          457318 1c009046 dea30333 p.extract        x6, x6, 15, 10       x6=00000011  x6:00004624
26800609ns          457319 1c00904a 80c7075b p.muls           x14, x14, x12       x14=ffffe766 x14:0000ffd1 x12:00000086
26800669ns          457322 1c00904e 80c686db p.muls           x13, x13, x12       x13=ffffb17c x13:0000ff6a x12:00000086
26800708ns          457324 1c009052 00455e83 lhu              x29, 4(x10)         x29=00000427 x10:10000fa4  PA:10000fa8
26800728ns          457325 1c009056 00655e03 lhu              x28, 6(x10)         x28=0000007f x10:10000fa4  PA:10000faa
26800748ns          457326 1c00905a 40a75713 srai             x14, x14, 0x40a     x14=fffffff9 x14:ffffe766
26800768ns          457327 1c00905c 806787db p.muls           x15, x15, x6        x15=fffffe35 x15:0000ffe5  x6:00000011
26800788ns          457328 1c009060 40a6d693 srai             x13, x13, 0x40a     x13=ffffffec x13:ffffb17c
26800808ns          457329 1c009062 8065865b p.muls           x12, x11, x6        x12=00000660 x11:00000060  x6:00000011
26800828ns          457330 1c009066 40a7d793 srai             x15, x15, 0x40a     x15=ffffffff x15:fffffe35
26800848ns          457331 1c009068 40a65613 srai             x12, x12, 0x40a     x12=00000001 x12:00000660
26800867ns          457332 1c00906a 01d70733 add              x14, x14, x29       x14=00000420 x14:fffffff9 x29:00000427
26800887ns          457333 1c00906c 01c686b3 add              x13, x13, x28       x13=0000006b x13:ffffffec x28:0000007f
26800907ns          457334 1c00906e 00c686b3 add              x13, x13, x12       x13=0000006c x13:0000006b x12:00000001
26800927ns          457335 1c009070 00f70733 add              x14, x14, x15       x14=0000041f x14:00000420 x15:ffffffff
26800947ns          457336 1c009072 100747b3 p.exths          x15, x14, x0        x15=0000041f x14:0000041f
26800967ns          457337 1c009076 1006c733 p.exths          x14, x13, x0        x14=0000006c x13:0000006c
26800987ns          457338 1c00907a 03170633 mul              x12, x14, x17       x12=00009924 x14:0000006c x17:0000016b
26801007ns          457339 1c00907e 030786b3 mul              x13, x15, x16       x13=fffeae12 x15:0000041f x16:ffffffae
26801027ns          457340 1c009082 03070733 mul              x14, x14, x16       x14=ffffdd68 x14:0000006c x16:ffffffae
26801046ns          457341 1c009086 031787b3 mul              x15, x15, x17       x15=0005d7f5 x15:0000041f x17:0000016b
26801066ns          457342 1c00908a 40a6d693 srai             x13, x13, 0x40a     x13=ffffffab x13:fffeae12
26801086ns          457343 1c00908c 40a65613 srai             x12, x12, 0x40a     x12=00000026 x12:00009924
26801106ns          457344 1c00908e 40a7d793 srai             x15, x15, 0x40a     x15=00000175 x15:0005d7f5
26801126ns          457345 1c009090 40a75713 srai             x14, x14, 0x40a     x14=fffffff7 x14:ffffdd68
26801146ns          457346 1c009092 40c686b3 sub              x13, x13, x12       x13=ffffff85 x13:ffffffab x12:00000026
26801166ns          457347 1c009094 00e787b3 add              x15, x15, x14       x15=0000016c x15:00000175 x14:fffffff7
26801186ns          457348 1c009096 00d51823 sh               x13, 16(x10)        x13:ffffff85 x10:10000fa4  PA:10000fb4
26801225ns          457350 1c00909a 00f51923 sh               x15, 18(x10)        x15:0000016c x10:10000fa4  PA:10000fb6
26801265ns          457352 1c00909e 00008067 jalr             x0, x1, 0            x1:1c0093e8
26801285ns          457353 1c0093e8 2dc15583 lhu              x11, 732(x2)        x11=0000ff85  x2:10000cd8  PA:10000fb4
26801325ns          457355 1c0093ec 2de15783 lhu              x15, 734(x2)        x15=0000016c  x2:10000cd8  PA:10000fb6
26801365ns          457357 1c0093f0 40b90933 sub              x18, x18, x11       x18=ffff004b x18:ffffffd0 x11:0000ff85
26801385ns          457358 1c0093f4 40f484b3 sub              x9, x9, x15          x9=00000010  x9:0000017c x15:0000016c
26801404ns          457359 1c0093f6 100945b3 p.exths          x11, x18, x0        x11=0000004b x18:ffff004b
26801424ns          457360 1c0093fa 1004c7b3 p.exths          x15, x9, x0         x15=00000010  x9:00000010
26801444ns          457361 1c0093fe 034586b3 mul              x13, x11, x20       x13=ffffe7fa x11:0000004b x20:ffffffae
26801464ns          457362 1c009402 03378533 mul              x10, x15, x19       x10=000016b0 x15:00000010 x19:0000016b
26801484ns          457363 1c009406 034a0633 mul              x12, x20, x20       x12=00001a44 x20:ffffffae x20:ffffffae
26801504ns          457364 1c00940a 03398733 mul              x14, x19, x19       x14=000202b9 x19:0000016b x19:0000016b
26801564ns          457367 1c00940e 034787b3 mul              x15, x15, x20       x15=fffffae0 x15:00000010 x20:ffffffae
26801603ns          457369 1c009412 033585b3 mul              x11, x11, x19       x11=00006a59 x11:0000004b x19:0000016b
26801623ns          457370 1c009416 40a75713 srai             x14, x14, 0x40a     x14=00000080 x14:000202b9
26801643ns          457371 1c009418 40a5d593 srai             x11, x11, 0x40a     x11=0000001a x11:00006a59
26801663ns          457372 1c00941a 40a65613 srai             x12, x12, 0x40a     x12=00000006 x12:00001a44
26801683ns          457373 1c00941c 40a7d793 srai             x15, x15, 0x40a     x15=fffffffe x15:fffffae0
26801703ns          457374 1c00941e 1c0034b7 lui              x9, 0x1c003000       x9=1c003000
26801723ns          457375 1c009422 00e60633 add              x12, x12, x14       x12=00000086 x12:00000006 x14:00000080
26801743ns          457376 1c009424 40b787b3 sub              x15, x15, x11       x15=ffffffe4 x15:fffffffe x11:0000001a
26801762ns          457377 1c009426 eb048493 addi             x9, x9, -336         x9=1c002eb0  x9:1c003000
26801782ns          457378 1c00942a 1c0032b7 lui              x5, 0x1c003000       x5=1c003000
26801802ns          457379 1c00942e 1c0035b7 lui              x11, 0x1c003000     x11=1c003000
26801822ns          457380 1c009432 018483b3 add              x7, x9, x24          x7=1c002eb2  x9:1c002eb0 x24:00000002
26801842ns          457381 1c009436 02812e83 lw               x29, 40(x2)         x29=1c002ec2  x2:10000cd8  PA:10000d00
26801862ns          457382 1c009438 10065633 p.exthz          x12, x12, x0        x12=00000086 x12:00000086
26801882ns          457383 1c00943c e8028293 addi             x5, x5, -384         x5=1c002e80  x5:1c003000
26801922ns          457385 1c009440 ea058593 addi             x11, x11, -352      x11=1c002ea0 x11:1c003000
26801961ns          457387 1c009444 03812483 lw               x9, 56(x2)           x9=1c002ee2  x2:10000cd8  PA:10000d10
26801981ns          457388 1c009446 10064733 p.exths          x14, x12, x0        x14=00000086 x12:00000086
26802001ns          457389 1c00944a 018280b3 add              x1, x5, x24          x1=1c002e82  x5:1c002e80 x24:00000002
26802021ns          457390 1c00944e 03012f03 lw               x30, 48(x2)         x30=1c002ed2  x2:10000cd8  PA:10000d08
26802041ns          457391 1c009450 018582b3 add              x5, x11, x24         x5=1c002ea2 x11:1c002ea0 x24:00000002
26802061ns          457392 1c009454 04012583 lw               x11, 64(x2)         x11=1c002ef2  x2:10000cd8  PA:10000d18
26802081ns          457393 1c009456 000edd83 lhu              x27, 0(x29)         x27=00000350 x29:1c002ec2  PA:1c002ec2
26802419ns          457410 1c00945a 0004d483 lhu              x9, 0(x9)            x9=0000001d  x9:1c002ee2  PA:1c002ee2
26802816ns          457430 1c00945e 02e70333 mul              x6, x14, x14         x6=00004624 x14:00000086 x14:00000086
26802836ns          457431 1c009462 40a55513 srai             x10, x10, 0x40a     x10=00000005 x10:000016b0
26802856ns          457432 1c009464 04812e83 lw               x29, 72(x2)         x29=1c002f02  x2:10000cd8  PA:10000d20
26802876ns          457433 1c009466 40a6d693 srai             x13, x13, 0x40a     x13=fffffff9 x13:ffffe7fa
26802896ns          457434 1c009468 000f5d03 lhu              x26, 0(x30)         x26=0000009b x30:1c002ed2  PA:1c002ed2
26803194ns          457449 1c00946c 0005d583 lhu              x11, 0(x11)         x11=00000005 x11:1c002ef2  PA:1c002ef2
26803493ns          457464 1c009470 40a35313 srai             x6, x6, 0x40a        x6=00000011  x6:00004624
26803513ns          457465 1c009474 00a686b3 add              x13, x13, x10       x13=fffffffe x13:fffffff9 x10:00000005
26803532ns          457466 1c009476 05012f03 lw               x30, 80(x2)         x30=1c002e72  x2:10000cd8  PA:10000d28
26803552ns          457467 1c009478 10034e33 p.exths          x28, x6, x0         x28=00000011  x6:00000011
26803572ns          457468 1c00947c 06911023 sh               x9, 96(x2)           x9:0000001d  x2:10000cd8  PA:10000d38
26803592ns          457469 1c009480 000ede83 lhu              x29, 0(x29)         x29=00000000 x29:1c002f02  PA:1c002f02
26803910ns          457485 1c009484 05812483 lw               x9, 88(x2)           x9=1c002e62  x2:10000cd8  PA:10000d30
26803930ns          457486 1c009486 1006d6b3 p.exthz          x13, x13, x0        x13=0000fffe x13:fffffffe
26803950ns          457487 1c00948a 02ee08b3 mul              x17, x28, x14       x17=000008e6 x28:00000011 x14:00000086
26803970ns          457488 1c00948e 1006c833 p.exths          x16, x13, x0        x16=fffffffe x13:0000fffe
26803990ns          457489 1c009492 06b11823 sh               x11, 112(x2)        x11:00000005  x2:10000cd8  PA:10000d48
26804010ns          457490 1c009496 000f5f03 lhu              x30, 0(x30)         x30=0000ffd9 x30:1c002e72  PA:1c002e72
26804308ns          457505 1c00949a 0a012583 lw               x11, 160(x2)        x11=1c002e92  x2:10000cd8  PA:10000d78
26804328ns          457506 1c00949c 1007d7b3 p.exthz          x15, x15, x0        x15=0000ffe4 x15:ffffffe4
26804348ns          457507 1c0094a0 0004da03 lhu              x20, 0(x9)          x20=0000ff54  x9:1c002e62  PA:1c002e62
26804646ns          457522 1c0094a4 1007c533 p.exths          x10, x15, x0        x10=ffffffe4 x15:0000ffe4
26804666ns          457523 1c0094a8 09d11023 sh               x29, 128(x2)        x29:00000000  x2:10000cd8  PA:10000d58
26804686ns          457524 1c0094ac 0003d483 lhu              x9, 0(x7)            x9=0000fffb  x7:1c002eb2  PA:1c002eb2
26805004ns          457540 1c0094b0 02e80eb3 mul              x29, x16, x14       x29=fffffef4 x16:fffffffe x14:00000086
26805024ns          457541 1c0094b4 40a8d893 srai             x17, x17, 0x40a     x17=00000002 x17:000008e6
26805044ns          457542 1c0094b8 03c80833 mul              x16, x16, x28       x16=ffffffde x16:fffffffe x28:00000011
26805064ns          457543 1c0094bc 09e11823 sh               x30, 144(x2)        x30:0000ffd9  x2:10000cd8  PA:10000d68
26805084ns          457544 1c0094c0 0005d983 lhu              x19, 0(x11)         x19=0000fff5 x11:1c002e92  PA:1c002e92
26805382ns          457559 1c0094c4 81c88f5b p.muls           x30, x17, x28       x30=00000022 x17:00000002 x28:00000011
26805402ns          457560 1c0094c8 0002d583 lhu              x11, 0(x5)          x11=0000fff5  x5:1c002ea2  PA:1c002ea2
26805700ns          457575 1c0094cc 03ce0fb3 mul              x31, x28, x28       x31=00000121 x28:00000011 x28:00000011
26805720ns          457576 1c0094d0 02e50733 mul              x14, x10, x14       x14=fffff158 x10:ffffffe4 x14:00000086
26805740ns          457577 1c0094d4 40a85813 srai             x16, x16, 0x40a     x16=ffffffff x16:ffffffde
26805760ns          457578 1c0094d8 03c50533 mul              x10, x10, x28       x10=fffffe24 x10:ffffffe4 x28:00000011
26805780ns          457579 1c0094dc 07015e03 lhu              x28, 112(x2)        x28=00000005  x2:10000cd8  PA:10000d48
26805800ns          457580 1c0094e0 01b60633 add              x12, x12, x27       x12=000003d6 x12:00000086 x27:00000350
26805820ns          457581 1c0094e2 00980833 add              x16, x16, x9        x16=0000fffa x16:ffffffff  x9:0000fffb
26805839ns          457582 1c0094e4 06015d83 lhu              x27, 96(x2)         x27=0000001d  x2:10000cd8  PA:10000d38
26805859ns          457583 1c0094e8 02812483 lw               x9, 40(x2)           x9=1c002ec2  x2:10000cd8  PA:10000d00
26805879ns          457584 1c0094ea 40afdf93 srai             x31, x31, 0x40a     x31=00000000 x31:00000121
26805899ns          457585 1c0094ee 40a55513 srai             x10, x10, 0x40a     x10=ffffffff x10:fffffe24
26805919ns          457586 1c0094f0 01cf8fb3 add              x31, x31, x28       x31=00000005 x31:00000000 x28:00000005
26805939ns          457587 1c0094f2 00b50533 add              x10, x10, x11       x10=0000fff4 x10:ffffffff x11:0000fff5
26805959ns          457588 1c0094f4 09015e03 lhu              x28, 144(x2)        x28=0000ffd9  x2:10000cd8  PA:10000d68
26805979ns          457589 1c0094f8 03012583 lw               x11, 48(x2)         x11=1c002ed2  x2:10000cd8  PA:10000d08
26805999ns          457590 1c0094fa 00c49023 sh               x12, 0(x9)          x12:000003d6  x9:1c002ec2  PA:1c002ec2
26806317ns          457606 1c0094fe 01b888b3 add              x17, x17, x27       x17=0000001f x17:00000002 x27:0000001d
26806337ns          457607 1c009500 01a30333 add              x6, x6, x26          x6=000000ac  x6:00000011 x26:0000009b
26806357ns          457608 1c009502 08015d83 lhu              x27, 128(x2)        x27=00000000  x2:10000cd8  PA:10000d58
26806376ns          457609 1c009506 0000d903 lhu              x18, 0(x1)          x18=0000ffdb  x1:1c002e82  PA:1c002e82
26806695ns          457625 1c00950a 01c686b3 add              x13, x13, x28       x13=0001ffd7 x13:0000fffe x28:0000ffd9
26806715ns          457626 1c00950c 00659023 sh               x6, 0(x11)           x6:000000ac x11:1c002ed2  PA:1c002ed2
26807033ns          457642 1c009510 40af5f13 srai             x30, x30, 0x40a     x30=00000000 x30:00000022
26807053ns          457643 1c009514 04812e03 lw               x28, 72(x2)         x28=1c002f02  x2:10000cd8  PA:10000d20
26807072ns          457644 1c009516 01bf0f33 add              x30, x30, x27       x30=00000000 x30:00000000 x27:00000000
26807092ns          457645 1c009518 40aede93 srai             x29, x29, 0x40a     x29=ffffffff x29:fffffef4
26807112ns          457646 1c00951c 40a75713 srai             x14, x14, 0x40a     x14=fffffffc x14:fffff158
26807132ns          457647 1c00951e 03812603 lw               x12, 56(x2)         x12=1c002ee2  x2:10000cd8  PA:10000d10
26807152ns          457648 1c009520 04012d83 lw               x27, 64(x2)         x27=1c002ef2  x2:10000cd8  PA:10000d18
26807172ns          457649 1c009522 01ee1023 sh               x30, 0(x28)         x30:00000000 x28:1c002f02  PA:1c002f02
26807490ns          457665 1c009526 05812483 lw               x9, 88(x2)           x9=1c002e62  x2:10000cd8  PA:10000d30
26807510ns          457666 1c009528 05012f03 lw               x30, 80(x2)         x30=1c002e72  x2:10000cd8  PA:10000d28
26807530ns          457667 1c00952a 0a012583 lw               x11, 160(x2)        x11=1c002e92  x2:10000cd8  PA:10000d78
26807550ns          457668 1c00952c 014787b3 add              x15, x15, x20       x15=0001ff38 x15:0000ffe4 x20:0000ff54
26807570ns          457669 1c00952e 013e8eb3 add              x29, x29, x19       x29=0000fff4 x29:ffffffff x19:0000fff5
26807590ns          457670 1c009530 01270733 add              x14, x14, x18       x14=0000ffd7 x14:fffffffc x18:0000ffdb
26807609ns          457671 1c009532 00f49023 sh               x15, 0(x9)          x15:0001ff38  x9:1c002e62  PA:1c002e62
26807928ns          457687 1c009536 01161023 sh               x17, 0(x12)         x17:0000001f x12:1c002ee2  PA:1c002ee2
26808246ns          457703 1c00953a 01fd9023 sh               x31, 0(x27)         x31:00000005 x27:1c002ef2  PA:1c002ef2
26808564ns          457719 1c00953e 00df1023 sh               x13, 0(x30)         x13:0001ffd7 x30:1c002e72  PA:1c002e72
26808882ns          457735 1c009542 01d59023 sh               x29, 0(x11)         x29:0000fff4 x11:1c002e92  PA:1c002e92
26809280ns          457755 1c009546 00e09023 sh               x14, 0(x1)          x14:0000ffd7  x1:1c002e82  PA:1c002e82
26809598ns          457771 1c00954a 01039023 sh               x16, 0(x7)          x16:0000fffa  x7:1c002eb2  PA:1c002eb2
26809916ns          457787 1c00954e 00a29023 sh               x10, 0(x5)          x10:0000fff4  x5:1c002ea2  PA:1c002ea2
26810255ns          457804 1c009552 008b0b13 addi             x22, x22, 8         x22=00000039 x22:00000031
26810274ns          457805 1c009554 1f300793 addi             x15, x0, 499        x15=000001f3
26810294ns          457806 1c009558 e767dae3 bge              x15, x22, -396      x15:000001f3 x22:00000039
26810394ns          457811 1c0093cc 010c9a0b p.lh             x20, 16(x25!)       x20=000000cf x25=1c00270a x25:1c0026fa  PA:1c0026fa
26810772ns          457830 1c0093d0 0104198b p.lh             x19, 16(x8!)        x19=ffffff6e  x8=1c001ed2  x8:1c001ec2  PA:1c001ec2
26811090ns          457846 1c0093d4 2cc10513 addi             x10, x2, 716        x10=10000fa4  x2:10000cd8
26811110ns          457847 1c0093d6 010a990b p.lh             x18, 16(x21!)       x18=000000c8 x21=1c0016fe x21:1c0016ee  PA:1c0016ee
26811448ns          457864 1c0093da 010b948b p.lh             x9, 16(x23!)         x9=ffffff5f x23=1c000f2e x23:1c000f1e  PA:1c000f1e
26811766ns          457880 1c0093de 2d411623 sh               x20, 716(x2)        x20:000000cf  x2:10000cd8  PA:10000fa4
26811786ns          457881 1c0093e2 2d311723 sh               x19, 718(x2)        x19:ffffff6e  x2:10000cd8  PA:10000fa6
26811806ns          457882 1c0093e6 c33ff0ef jal              x1, -974             x1=1c0093e8
26811885ns          457886 1c009018 00051803 lh               x16, 0(x10)         x16=000000cf x10:10000fa4  PA:10000fa4
26811945ns          457889 1c00901c 00251883 lh               x17, 2(x10)         x17=ffffff6e x10:10000fa4  PA:10000fa6
26811985ns          457891 1c009020 030806b3 mul              x13, x16, x16       x13=0000a761 x16:000000cf x16:000000cf
26812025ns          457893 1c009024 03188633 mul              x12, x17, x17       x12=00005344 x17:ffffff6e x17:ffffff6e
26812044ns          457894 1c009028 40a65613 srai             x12, x12, 0x40a     x12=00000014 x12:00005344
26812064ns          457895 1c00902a 40a6d693 srai             x13, x13, 0x40a     x13=00000029 x13:0000a761
26812084ns          457896 1c00902c 00c686b3 add              x13, x13, x12       x13=0000003d x13:00000029 x12:00000014
26812104ns          457897 1c00902e 1006c633 p.exths          x12, x13, x0        x12=0000003d x13:0000003d
26812124ns          457898 1c009032 00855703 lhu              x14, 8(x10)         x14=0000ffd1 x10:10000fa4  PA:10000fac
26812144ns          457899 1c009036 00a55683 lhu              x13, 10(x10)        x13=0000ff6a x10:10000fa4  PA:10000fae
26812164ns          457900 1c00903a 02c60333 mul              x6, x12, x12         x6=00000e89 x12:0000003d x12:0000003d
26812184ns          457901 1c00903e 00c55783 lhu              x15, 12(x10)        x15=0000ffe5 x10:10000fa4  PA:10000fb0
26812204ns          457902 1c009042 00e55583 lhu              x11, 14(x10)        x11=00000060 x10:10000fa4  PA:10000fb2
26812223ns          457903 1c009046 dea30333 p.extract        x6, x6, 15, 10       x6=00000003  x6:00000e89
26812243ns          457904 1c00904a 80c7075b p.muls           x14, x14, x12       x14=fffff4cd x14:0000ffd1 x12:0000003d
26812263ns          457905 1c00904e 80c686db p.muls           x13, x13, x12       x13=ffffdc42 x13:0000ff6a x12:0000003d
26812283ns          457906 1c009052 00455e83 lhu              x29, 4(x10)         x29=00000427 x10:10000fa4  PA:10000fa8
26812303ns          457907 1c009056 00655e03 lhu              x28, 6(x10)         x28=0000007f x10:10000fa4  PA:10000faa
26812323ns          457908 1c00905a 40a75713 srai             x14, x14, 0x40a     x14=fffffffd x14:fffff4cd
26812343ns          457909 1c00905c 806787db p.muls           x15, x15, x6        x15=ffffffaf x15:0000ffe5  x6:00000003
26812363ns          457910 1c009060 40a6d693 srai             x13, x13, 0x40a     x13=fffffff7 x13:ffffdc42
26812402ns          457912 1c009062 8065865b p.muls           x12, x11, x6        x12=00000120 x11:00000060  x6:00000003
26812422ns          457913 1c009066 40a7d793 srai             x15, x15, 0x40a     x15=ffffffff x15:ffffffaf
26812442ns          457914 1c009068 40a65613 srai             x12, x12, 0x40a     x12=00000000 x12:00000120
26812462ns          457915 1c00906a 01d70733 add              x14, x14, x29       x14=00000424 x14:fffffffd x29:00000427
26812482ns          457916 1c00906c 01c686b3 add              x13, x13, x28       x13=00000076 x13:fffffff7 x28:0000007f
26812502ns          457917 1c00906e 00c686b3 add              x13, x13, x12       x13=00000076 x13:00000076 x12:00000000
26812522ns          457918 1c009070 00f70733 add              x14, x14, x15       x14=00000423 x14:00000424 x15:ffffffff
26812542ns          457919 1c009072 100747b3 p.exths          x15, x14, x0        x15=00000423 x14:00000423
26812562ns          457920 1c009076 1006c733 p.exths          x14, x13, x0        x14=00000076 x13:00000076
26812581ns          457921 1c00907a 03170633 mul              x12, x14, x17       x12=ffffbcb4 x14:00000076 x17:ffffff6e
26812601ns          457922 1c00907e 030786b3 mul              x13, x15, x16       x13=0003584d x15:00000423 x16:000000cf
26812621ns          457923 1c009082 03070733 mul              x14, x14, x16       x14=00005f6a x14:00000076 x16:000000cf
26812641ns          457924 1c009086 031787b3 mul              x15, x15, x17       x15=fffda40a x15:00000423 x17:ffffff6e
26812661ns          457925 1c00908a 40a6d693 srai             x13, x13, 0x40a     x13=000000d6 x13:0003584d
26812681ns          457926 1c00908c 40a65613 srai             x12, x12, 0x40a     x12=ffffffef x12:ffffbcb4
26812701ns          457927 1c00908e 40a7d793 srai             x15, x15, 0x40a     x15=ffffff69 x15:fffda40a
26812721ns          457928 1c009090 40a75713 srai             x14, x14, 0x40a     x14=00000017 x14:00005f6a
26812741ns          457929 1c009092 40c686b3 sub              x13, x13, x12       x13=000000e7 x13:000000d6 x12:ffffffef
26812760ns          457930 1c009094 00e787b3 add              x15, x15, x14       x15=ffffff80 x15:ffffff69 x14:00000017
26812780ns          457931 1c009096 00d51823 sh               x13, 16(x10)        x13:000000e7 x10:10000fa4  PA:10000fb4
26812800ns          457932 1c00909a 00f51923 sh               x15, 18(x10)        x15:ffffff80 x10:10000fa4  PA:10000fb6
26812820ns          457933 1c00909e 00008067 jalr             x0, x1, 0            x1:1c0093e8
26812900ns          457937 1c0093e8 2dc15583 lhu              x11, 732(x2)        x11=000000e7  x2:10000cd8  PA:10000fb4
26812959ns          457940 1c0093ec 2de15783 lhu              x15, 734(x2)        x15=0000ff80  x2:10000cd8  PA:10000fb6
26812979ns          457941 1c0093f0 40b90933 sub              x18, x18, x11       x18=ffffffe1 x18:000000c8 x11:000000e7
26812999ns          457942 1c0093f4 40f484b3 sub              x9, x9, x15          x9=fffeffdf  x9:ffffff5f x15:0000ff80
26813019ns          457943 1c0093f6 100945b3 p.exths          x11, x18, x0        x11=ffffffe1 x18:ffffffe1
26813039ns          457944 1c0093fa 1004c7b3 p.exths          x15, x9, x0         x15=ffffffdf  x9:fffeffdf
26813059ns          457945 1c0093fe 034586b3 mul              x13, x11, x20       x13=ffffe6ef x11:ffffffe1 x20:000000cf
26813079ns          457946 1c009402 03378533 mul              x10, x15, x19       x10=000012d2 x15:ffffffdf x19:ffffff6e
26813099ns          457947 1c009406 034a0633 mul              x12, x20, x20       x12=0000a761 x20:000000cf x20:000000cf
26813118ns          457948 1c00940a 03398733 mul              x14, x19, x19       x14=00005344 x19:ffffff6e x19:ffffff6e
26813138ns          457949 1c00940e 034787b3 mul              x15, x15, x20       x15=ffffe551 x15:ffffffdf x20:000000cf
26813158ns          457950 1c009412 033585b3 mul              x11, x11, x19       x11=000011ae x11:ffffffe1 x19:ffffff6e
26813178ns          457951 1c009416 40a75713 srai             x14, x14, 0x40a     x14=00000014 x14:00005344
26813198ns          457952 1c009418 40a5d593 srai             x11, x11, 0x40a     x11=00000004 x11:000011ae
26813218ns          457953 1c00941a 40a65613 srai             x12, x12, 0x40a     x12=00000029 x12:0000a761
26813238ns          457954 1c00941c 40a7d793 srai             x15, x15, 0x40a     x15=fffffff9 x15:ffffe551
26813258ns          457955 1c00941e 1c0034b7 lui              x9, 0x1c003000       x9=1c003000
26813278ns          457956 1c009422 00e60633 add              x12, x12, x14       x12=0000003d x12:00000029 x14:00000014
26813297ns          457957 1c009424 40b787b3 sub              x15, x15, x11       x15=fffffff5 x15:fffffff9 x11:00000004
26813317ns          457958 1c009426 eb048493 addi             x9, x9, -336         x9=1c002eb0  x9:1c003000
26813337ns          457959 1c00942a 1c0032b7 lui              x5, 0x1c003000       x5=1c003000
26813357ns          457960 1c00942e 1c0035b7 lui              x11, 0x1c003000     x11=1c003000
26813377ns          457961 1c009432 018483b3 add              x7, x9, x24          x7=1c002eb2  x9:1c002eb0 x24:00000002
26813397ns          457962 1c009436 02812e83 lw               x29, 40(x2)         x29=1c002ec2  x2:10000cd8  PA:10000d00
26813417ns          457963 1c009438 10065633 p.exthz          x12, x12, x0        x12=0000003d x12:0000003d
26813437ns          457964 1c00943c e8028293 addi             x5, x5, -384         x5=1c002e80  x5:1c003000
26813457ns          457965 1c009440 ea058593 addi             x11, x11, -352      x11=1c002ea0 x11:1c003000
26813496ns          457967 1c009444 03812483 lw               x9, 56(x2)           x9=1c002ee2  x2:10000cd8  PA:10000d10
26813516ns          457968 1c009446 10064733 p.exths          x14, x12, x0        x14=0000003d x12:0000003d
26813536ns          457969 1c00944a 018280b3 add              x1, x5, x24          x1=1c002e82  x5:1c002e80 x24:00000002
26813556ns          457970 1c00944e 03012f03 lw               x30, 48(x2)         x30=1c002ed2  x2:10000cd8  PA:10000d08
26813576ns          457971 1c009450 018582b3 add              x5, x11, x24         x5=1c002ea2 x11:1c002ea0 x24:00000002
26813596ns          457972 1c009454 04012583 lw               x11, 64(x2)         x11=1c002ef2  x2:10000cd8  PA:10000d18
26813616ns          457973 1c009456 000edd83 lhu              x27, 0(x29)         x27=000003d6 x29:1c002ec2  PA:1c002ec2
26813914ns          457988 1c00945a 0004d483 lhu              x9, 0(x9)            x9=0000001f  x9:1c002ee2  PA:1c002ee2
26814212ns          458003 1c00945e 02e70333 mul              x6, x14, x14         x6=00000e89 x14:0000003d x14:0000003d
26814232ns          458004 1c009462 40a55513 srai             x10, x10, 0x40a     x10=00000004 x10:000012d2
26814252ns          458005 1c009464 04812e83 lw               x29, 72(x2)         x29=1c002f02  x2:10000cd8  PA:10000d20
26814272ns          458006 1c009466 40a6d693 srai             x13, x13, 0x40a     x13=fffffff9 x13:ffffe6ef
26814292ns          458007 1c009468 000f5d03 lhu              x26, 0(x30)         x26=000000ac x30:1c002ed2  PA:1c002ed2
26814650ns          458025 1c00946c 0005d583 lhu              x11, 0(x11)         x11=00000005 x11:1c002ef2  PA:1c002ef2
26814948ns          458040 1c009470 40a35313 srai             x6, x6, 0x40a        x6=00000003  x6:00000e89
26814968ns          458041 1c009474 00a686b3 add              x13, x13, x10       x13=fffffffd x13:fffffff9 x10:00000004
26814988ns          458042 1c009476 05012f03 lw               x30, 80(x2)         x30=1c002e72  x2:10000cd8  PA:10000d28
26815008ns          458043 1c009478 10034e33 p.exths          x28, x6, x0         x28=00000003  x6:00000003
26815028ns          458044 1c00947c 06911023 sh               x9, 96(x2)           x9:0000001f  x2:10000cd8  PA:10000d38
26815048ns          458045 1c009480 000ede83 lhu              x29, 0(x29)         x29=00000000 x29:1c002f02  PA:1c002f02
26815346ns          458060 1c009484 05812483 lw               x9, 88(x2)           x9=1c002e62  x2:10000cd8  PA:10000d30
26815366ns          458061 1c009486 1006d6b3 p.exthz          x13, x13, x0        x13=0000fffd x13:fffffffd
26815386ns          458062 1c00948a 02ee08b3 mul              x17, x28, x14       x17=000000b7 x28:00000003 x14:0000003d
26815406ns          458063 1c00948e 1006c833 p.exths          x16, x13, x0        x16=fffffffd x13:0000fffd
26815425ns          458064 1c009492 06b11823 sh               x11, 112(x2)        x11:00000005  x2:10000cd8  PA:10000d48
26815445ns          458065 1c009496 000f5f03 lhu              x30, 0(x30)         x30=0000ffd7 x30:1c002e72  PA:1c002e72
26815823ns          458084 1c00949a 0a012583 lw               x11, 160(x2)        x11=1c002e92  x2:10000cd8  PA:10000d78
26815843ns          458085 1c00949c 1007d7b3 p.exthz          x15, x15, x0        x15=0000fff5 x15:fffffff5
26815863ns          458086 1c0094a0 0004da03 lhu              x20, 0(x9)          x20=0000ff38  x9:1c002e62  PA:1c002e62
26816181ns          458102 1c0094a4 1007c533 p.exths          x10, x15, x0        x10=fffffff5 x15:0000fff5
26816201ns          458103 1c0094a8 09d11023 sh               x29, 128(x2)        x29:00000000  x2:10000cd8  PA:10000d58
26816221ns          458104 1c0094ac 0003d483 lhu              x9, 0(x7)            x9=0000fffa  x7:1c002eb2  PA:1c002eb2
26816539ns          458120 1c0094b0 02e80eb3 mul              x29, x16, x14       x29=ffffff49 x16:fffffffd x14:0000003d
26816559ns          458121 1c0094b4 40a8d893 srai             x17, x17, 0x40a     x17=00000000 x17:000000b7
26816579ns          458122 1c0094b8 03c80833 mul              x16, x16, x28       x16=fffffff7 x16:fffffffd x28:00000003
26816599ns          458123 1c0094bc 09e11823 sh               x30, 144(x2)        x30:0000ffd7  x2:10000cd8  PA:10000d68
26816619ns          458124 1c0094c0 0005d983 lhu              x19, 0(x11)         x19=0000fff4 x11:1c002e92  PA:1c002e92
26816957ns          458141 1c0094c4 81c88f5b p.muls           x30, x17, x28       x30=00000000 x17:00000000 x28:00000003
26816977ns          458142 1c0094c8 0002d583 lhu              x11, 0(x5)          x11=0000fff4  x5:1c002ea2  PA:1c002ea2
26817275ns          458157 1c0094cc 03ce0fb3 mul              x31, x28, x28       x31=00000009 x28:00000003 x28:00000003
26817295ns          458158 1c0094d0 02e50733 mul              x14, x10, x14       x14=fffffd61 x10:fffffff5 x14:0000003d
26817315ns          458159 1c0094d4 40a85813 srai             x16, x16, 0x40a     x16=ffffffff x16:fffffff7
26817335ns          458160 1c0094d8 03c50533 mul              x10, x10, x28       x10=ffffffdf x10:fffffff5 x28:00000003
26817355ns          458161 1c0094dc 07015e03 lhu              x28, 112(x2)        x28=00000005  x2:10000cd8  PA:10000d48
26817374ns          458162 1c0094e0 01b60633 add              x12, x12, x27       x12=00000413 x12:0000003d x27:000003d6
26817394ns          458163 1c0094e2 00980833 add              x16, x16, x9        x16=0000fff9 x16:ffffffff  x9:0000fffa
26817414ns          458164 1c0094e4 06015d83 lhu              x27, 96(x2)         x27=0000001f  x2:10000cd8  PA:10000d38
26817434ns          458165 1c0094e8 02812483 lw               x9, 40(x2)           x9=1c002ec2  x2:10000cd8  PA:10000d00
26817454ns          458166 1c0094ea 40afdf93 srai             x31, x31, 0x40a     x31=00000000 x31:00000009
26817474ns          458167 1c0094ee 40a55513 srai             x10, x10, 0x40a     x10=ffffffff x10:ffffffdf
26817494ns          458168 1c0094f0 01cf8fb3 add              x31, x31, x28       x31=00000005 x31:00000000 x28:00000005
26817514ns          458169 1c0094f2 00b50533 add              x10, x10, x11       x10=0000fff3 x10:ffffffff x11:0000fff4
26817534ns          458170 1c0094f4 09015e03 lhu              x28, 144(x2)        x28=0000ffd7  x2:10000cd8  PA:10000d68
26817553ns          458171 1c0094f8 03012583 lw               x11, 48(x2)         x11=1c002ed2  x2:10000cd8  PA:10000d08
26817573ns          458172 1c0094fa 00c49023 sh               x12, 0(x9)          x12:00000413  x9:1c002ec2  PA:1c002ec2
26817892ns          458188 1c0094fe 01b888b3 add              x17, x17, x27       x17=0000001f x17:00000000 x27:0000001f
26817911ns          458189 1c009500 01a30333 add              x6, x6, x26          x6=000000af  x6:00000003 x26:000000ac
26817931ns          458190 1c009502 08015d83 lhu              x27, 128(x2)        x27=00000000  x2:10000cd8  PA:10000d58
26817951ns          458191 1c009506 0000d903 lhu              x18, 0(x1)          x18=0000ffd7  x1:1c002e82  PA:1c002e82
26818269ns          458207 1c00950a 01c686b3 add              x13, x13, x28       x13=0001ffd4 x13:0000fffd x28:0000ffd7
26818289ns          458208 1c00950c 00659023 sh               x6, 0(x11)           x6:000000af x11:1c002ed2  PA:1c002ed2
26818647ns          458226 1c009510 40af5f13 srai             x30, x30, 0x40a     x30=00000000 x30:00000000
26818667ns          458227 1c009514 04812e03 lw               x28, 72(x2)         x28=1c002f02  x2:10000cd8  PA:10000d20
26818687ns          458228 1c009516 01bf0f33 add              x30, x30, x27       x30=00000000 x30:00000000 x27:00000000
26818707ns          458229 1c009518 40aede93 srai             x29, x29, 0x40a     x29=ffffffff x29:ffffff49
26818727ns          458230 1c00951c 40a75713 srai             x14, x14, 0x40a     x14=ffffffff x14:fffffd61
26818747ns          458231 1c00951e 03812603 lw               x12, 56(x2)         x12=1c002ee2  x2:10000cd8  PA:10000d10
26818767ns          458232 1c009520 04012d83 lw               x27, 64(x2)         x27=1c002ef2  x2:10000cd8  PA:10000d18
26818787ns          458233 1c009522 01ee1023 sh               x30, 0(x28)         x30:00000000 x28:1c002f02  PA:1c002f02
26819105ns          458249 1c009526 05812483 lw               x9, 88(x2)           x9=1c002e62  x2:10000cd8  PA:10000d30
26819125ns          458250 1c009528 05012f03 lw               x30, 80(x2)         x30=1c002e72  x2:10000cd8  PA:10000d28
26819145ns          458251 1c00952a 0a012583 lw               x11, 160(x2)        x11=1c002e92  x2:10000cd8  PA:10000d78
26819164ns          458252 1c00952c 014787b3 add              x15, x15, x20       x15=0001ff2d x15:0000fff5 x20:0000ff38
26819184ns          458253 1c00952e 013e8eb3 add              x29, x29, x19       x29=0000fff3 x29:ffffffff x19:0000fff4
26819204ns          458254 1c009530 01270733 add              x14, x14, x18       x14=0000ffd6 x14:ffffffff x18:0000ffd7
26819224ns          458255 1c009532 00f49023 sh               x15, 0(x9)          x15:0001ff2d  x9:1c002e62  PA:1c002e62
26819562ns          458272 1c009536 01161023 sh               x17, 0(x12)         x17:0000001f x12:1c002ee2  PA:1c002ee2
26819880ns          458288 1c00953a 01fd9023 sh               x31, 0(x27)         x31:00000005 x27:1c002ef2  PA:1c002ef2
26820199ns          458304 1c00953e 00df1023 sh               x13, 0(x30)         x13:0001ffd4 x30:1c002e72  PA:1c002e72
26820517ns          458320 1c009542 01d59023 sh               x29, 0(x11)         x29:0000fff3 x11:1c002e92  PA:1c002e92
26820835ns          458336 1c009546 00e09023 sh               x14, 0(x1)          x14:0000ffd6  x1:1c002e82  PA:1c002e82
26821173ns          458353 1c00954a 01039023 sh               x16, 0(x7)          x16:0000fff9  x7:1c002eb2  PA:1c002eb2
26821491ns          458369 1c00954e 00a29023 sh               x10, 0(x5)          x10:0000fff3  x5:1c002ea2  PA:1c002ea2
26821829ns          458386 1c009552 008b0b13 addi             x22, x22, 8         x22=00000041 x22:00000039
26821849ns          458387 1c009554 1f300793 addi             x15, x0, 499        x15=000001f3
26821869ns          458388 1c009558 e767dae3 bge              x15, x22, -396      x15:000001f3 x22:00000041
26821969ns          458393 1c0093cc 010c9a0b p.lh             x20, 16(x25!)       x20=0000001a x25=1c00271a x25:1c00270a  PA:1c00270a
26822287ns          458409 1c0093d0 0104198b p.lh             x19, 16(x8!)        x19=fffffec9  x8=1c001ee2  x8:1c001ed2  PA:1c001ed2
26822585ns          458424 1c0093d4 2cc10513 addi             x10, x2, 716        x10=10000fa4  x2:10000cd8
26822605ns          458425 1c0093d6 010a990b p.lh             x18, 16(x21!)       x18=fffffff6 x21=1c00170e x21:1c0016fe  PA:1c0016fe
26822903ns          458440 1c0093da 010b948b p.lh             x9, 16(x23!)         x9=fffffec4 x23=1c000f3e x23:1c000f2e  PA:1c000f2e
26823202ns          458455 1c0093de 2d411623 sh               x20, 716(x2)        x20:0000001a  x2:10000cd8  PA:10000fa4
26823222ns          458456 1c0093e2 2d311723 sh               x19, 718(x2)        x19:fffffec9  x2:10000cd8  PA:10000fa6
26823241ns          458457 1c0093e6 c33ff0ef jal              x1, -974             x1=1c0093e8
26823281ns          458459 1c009018 00051803 lh               x16, 0(x10)         x16=0000001a x10:10000fa4  PA:10000fa4
26823321ns          458461 1c00901c 00251883 lh               x17, 2(x10)         x17=fffffec9 x10:10000fa4  PA:10000fa6
26823341ns          458462 1c009020 030806b3 mul              x13, x16, x16       x13=000002a4 x16:0000001a x16:0000001a
26823361ns          458463 1c009024 03188633 mul              x12, x17, x17       x12=000179d1 x17:fffffec9 x17:fffffec9
26823381ns          458464 1c009028 40a65613 srai             x12, x12, 0x40a     x12=0000005e x12:000179d1
26823401ns          458465 1c00902a 40a6d693 srai             x13, x13, 0x40a     x13=00000000 x13:000002a4
26823420ns          458466 1c00902c 00c686b3 add              x13, x13, x12       x13=0000005e x13:00000000 x12:0000005e
26823440ns          458467 1c00902e 1006c633 p.exths          x12, x13, x0        x12=0000005e x13:0000005e
26823460ns          458468 1c009032 00855703 lhu              x14, 8(x10)         x14=0000ffd1 x10:10000fa4  PA:10000fac
26823480ns          458469 1c009036 00a55683 lhu              x13, 10(x10)        x13=0000ff6a x10:10000fa4  PA:10000fae
26823500ns          458470 1c00903a 02c60333 mul              x6, x12, x12         x6=00002284 x12:0000005e x12:0000005e
26823560ns          458473 1c00903e 00c55783 lhu              x15, 12(x10)        x15=0000ffe5 x10:10000fa4  PA:10000fb0
26823599ns          458475 1c009042 00e55583 lhu              x11, 14(x10)        x11=00000060 x10:10000fa4  PA:10000fb2
26823619ns          458476 1c009046 dea30333 p.extract        x6, x6, 15, 10       x6=00000008  x6:00002284
26823639ns          458477 1c00904a 80c7075b p.muls           x14, x14, x12       x14=ffffeebe x14:0000ffd1 x12:0000005e
26823659ns          458478 1c00904e 80c686db p.muls           x13, x13, x12       x13=ffffc8ec x13:0000ff6a x12:0000005e
26823679ns          458479 1c009052 00455e83 lhu              x29, 4(x10)         x29=00000427 x10:10000fa4  PA:10000fa8
26823699ns          458480 1c009056 00655e03 lhu              x28, 6(x10)         x28=0000007f x10:10000fa4  PA:10000faa
26823719ns          458481 1c00905a 40a75713 srai             x14, x14, 0x40a     x14=fffffffb x14:ffffeebe
26823739ns          458482 1c00905c 806787db p.muls           x15, x15, x6        x15=ffffff28 x15:0000ffe5  x6:00000008
26823759ns          458483 1c009060 40a6d693 srai             x13, x13, 0x40a     x13=fffffff2 x13:ffffc8ec
26823778ns          458484 1c009062 8065865b p.muls           x12, x11, x6        x12=00000300 x11:00000060  x6:00000008
26823798ns          458485 1c009066 40a7d793 srai             x15, x15, 0x40a     x15=ffffffff x15:ffffff28
26823818ns          458486 1c009068 40a65613 srai             x12, x12, 0x40a     x12=00000000 x12:00000300
26823838ns          458487 1c00906a 01d70733 add              x14, x14, x29       x14=00000422 x14:fffffffb x29:00000427
26823858ns          458488 1c00906c 01c686b3 add              x13, x13, x28       x13=00000071 x13:fffffff2 x28:0000007f
26823878ns          458489 1c00906e 00c686b3 add              x13, x13, x12       x13=00000071 x13:00000071 x12:00000000
26823898ns          458490 1c009070 00f70733 add              x14, x14, x15       x14=00000421 x14:00000422 x15:ffffffff
26823918ns          458491 1c009072 100747b3 p.exths          x15, x14, x0        x15=00000421 x14:00000421
26823938ns          458492 1c009076 1006c733 p.exths          x14, x13, x0        x14=00000071 x13:00000071
26823957ns          458493 1c00907a 03170633 mul              x12, x14, x17       x12=ffff76b9 x14:00000071 x17:fffffec9
26823977ns          458494 1c00907e 030786b3 mul              x13, x15, x16       x13=00006b5a x15:00000421 x16:0000001a
26823997ns          458495 1c009082 03070733 mul              x14, x14, x16       x14=00000b7a x14:00000071 x16:0000001a
26824017ns          458496 1c009086 031787b3 mul              x15, x15, x17       x15=fffafbe9 x15:00000421 x17:fffffec9
26824037ns          458497 1c00908a 40a6d693 srai             x13, x13, 0x40a     x13=0000001a x13:00006b5a
26824057ns          458498 1c00908c 40a65613 srai             x12, x12, 0x40a     x12=ffffffdd x12:ffff76b9
26824077ns          458499 1c00908e 40a7d793 srai             x15, x15, 0x40a     x15=fffffebe x15:fffafbe9
26824097ns          458500 1c009090 40a75713 srai             x14, x14, 0x40a     x14=00000002 x14:00000b7a
26824117ns          458501 1c009092 40c686b3 sub              x13, x13, x12       x13=0000003d x13:0000001a x12:ffffffdd
26824136ns          458502 1c009094 00e787b3 add              x15, x15, x14       x15=fffffec0 x15:fffffebe x14:00000002
26824156ns          458503 1c009096 00d51823 sh               x13, 16(x10)        x13:0000003d x10:10000fa4  PA:10000fb4
26824176ns          458504 1c00909a 00f51923 sh               x15, 18(x10)        x15:fffffec0 x10:10000fa4  PA:10000fb6
26824196ns          458505 1c00909e 00008067 jalr             x0, x1, 0            x1:1c0093e8
26824256ns          458508 1c0093e8 2dc15583 lhu              x11, 732(x2)        x11=0000003d  x2:10000cd8  PA:10000fb4
26824276ns          458509 1c0093ec 2de15783 lhu              x15, 734(x2)        x15=0000fec0  x2:10000cd8  PA:10000fb6
26824296ns          458510 1c0093f0 40b90933 sub              x18, x18, x11       x18=ffffffb9 x18:fffffff6 x11:0000003d
26824315ns          458511 1c0093f4 40f484b3 sub              x9, x9, x15          x9=ffff0004  x9:fffffec4 x15:0000fec0
26824335ns          458512 1c0093f6 100945b3 p.exths          x11, x18, x0        x11=ffffffb9 x18:ffffffb9
26824355ns          458513 1c0093fa 1004c7b3 p.exths          x15, x9, x0         x15=00000004  x9:ffff0004
26824375ns          458514 1c0093fe 034586b3 mul              x13, x11, x20       x13=fffff8ca x11:ffffffb9 x20:0000001a
26824395ns          458515 1c009402 03378533 mul              x10, x15, x19       x10=fffffb24 x15:00000004 x19:fffffec9
26824415ns          458516 1c009406 034a0633 mul              x12, x20, x20       x12=000002a4 x20:0000001a x20:0000001a
26824435ns          458517 1c00940a 03398733 mul              x14, x19, x19       x14=000179d1 x19:fffffec9 x19:fffffec9
26824494ns          458520 1c00940e 034787b3 mul              x15, x15, x20       x15=00000068 x15:00000004 x20:0000001a
26824534ns          458522 1c009412 033585b3 mul              x11, x11, x19       x11=00005641 x11:ffffffb9 x19:fffffec9
26824554ns          458523 1c009416 40a75713 srai             x14, x14, 0x40a     x14=0000005e x14:000179d1
26824574ns          458524 1c009418 40a5d593 srai             x11, x11, 0x40a     x11=00000015 x11:00005641
26824594ns          458525 1c00941a 40a65613 srai             x12, x12, 0x40a     x12=00000000 x12:000002a4
26824614ns          458526 1c00941c 40a7d793 srai             x15, x15, 0x40a     x15=00000000 x15:00000068
26824634ns          458527 1c00941e 1c0034b7 lui              x9, 0x1c003000       x9=1c003000
26824653ns          458528 1c009422 00e60633 add              x12, x12, x14       x12=0000005e x12:00000000 x14:0000005e
26824673ns          458529 1c009424 40b787b3 sub              x15, x15, x11       x15=ffffffeb x15:00000000 x11:00000015
26824693ns          458530 1c009426 eb048493 addi             x9, x9, -336         x9=1c002eb0  x9:1c003000
26824713ns          458531 1c00942a 1c0032b7 lui              x5, 0x1c003000       x5=1c003000
26824733ns          458532 1c00942e 1c0035b7 lui              x11, 0x1c003000     x11=1c003000
26824753ns          458533 1c009432 018483b3 add              x7, x9, x24          x7=1c002eb2  x9:1c002eb0 x24:00000002
26824773ns          458534 1c009436 02812e83 lw               x29, 40(x2)         x29=1c002ec2  x2:10000cd8  PA:10000d00
26824793ns          458535 1c009438 10065633 p.exthz          x12, x12, x0        x12=0000005e x12:0000005e
26824813ns          458536 1c00943c e8028293 addi             x5, x5, -384         x5=1c002e80  x5:1c003000
26824832ns          458537 1c009440 ea058593 addi             x11, x11, -352      x11=1c002ea0 x11:1c003000
26824852ns          458538 1c009444 03812483 lw               x9, 56(x2)           x9=1c002ee2  x2:10000cd8  PA:10000d10
26824872ns          458539 1c009446 10064733 p.exths          x14, x12, x0        x14=0000005e x12:0000005e
26824892ns          458540 1c00944a 018280b3 add              x1, x5, x24          x1=1c002e82  x5:1c002e80 x24:00000002
26824912ns          458541 1c00944e 03012f03 lw               x30, 48(x2)         x30=1c002ed2  x2:10000cd8  PA:10000d08
26824932ns          458542 1c009450 018582b3 add              x5, x11, x24         x5=1c002ea2 x11:1c002ea0 x24:00000002
26824952ns          458543 1c009454 04012583 lw               x11, 64(x2)         x11=1c002ef2  x2:10000cd8  PA:10000d18
26824972ns          458544 1c009456 000edd83 lhu              x27, 0(x29)         x27=00000413 x29:1c002ec2  PA:1c002ec2
26825270ns          458559 1c00945a 0004d483 lhu              x9, 0(x9)            x9=0000001f  x9:1c002ee2  PA:1c002ee2
26825668ns          458579 1c00945e 02e70333 mul              x6, x14, x14         x6=00002284 x14:0000005e x14:0000005e
26825688ns          458580 1c009462 40a55513 srai             x10, x10, 0x40a     x10=fffffffe x10:fffffb24
26825708ns          458581 1c009464 04812e83 lw               x29, 72(x2)         x29=1c002f02  x2:10000cd8  PA:10000d20
26825727ns          458582 1c009466 40a6d693 srai             x13, x13, 0x40a     x13=fffffffe x13:fffff8ca
26825747ns          458583 1c009468 000f5d03 lhu              x26, 0(x30)         x26=000000af x30:1c002ed2  PA:1c002ed2
26826046ns          458598 1c00946c 0005d583 lhu              x11, 0(x11)         x11=00000005 x11:1c002ef2  PA:1c002ef2
26826443ns          458618 1c009470 40a35313 srai             x6, x6, 0x40a        x6=00000008  x6:00002284
26826463ns          458619 1c009474 00a686b3 add              x13, x13, x10       x13=fffffffc x13:fffffffe x10:fffffffe
26826483ns          458620 1c009476 05012f03 lw               x30, 80(x2)         x30=1c002e72  x2:10000cd8  PA:10000d28
26826503ns          458621 1c009478 10034e33 p.exths          x28, x6, x0         x28=00000008  x6:00000008
26826523ns          458622 1c00947c 06911023 sh               x9, 96(x2)           x9:0000001f  x2:10000cd8  PA:10000d38
26826543ns          458623 1c009480 000ede83 lhu              x29, 0(x29)         x29=00000000 x29:1c002f02  PA:1c002f02
26826841ns          458638 1c009484 05812483 lw               x9, 88(x2)           x9=1c002e62  x2:10000cd8  PA:10000d30
26826861ns          458639 1c009486 1006d6b3 p.exthz          x13, x13, x0        x13=0000fffc x13:fffffffc
26826881ns          458640 1c00948a 02ee08b3 mul              x17, x28, x14       x17=000002f0 x28:00000008 x14:0000005e
26826901ns          458641 1c00948e 1006c833 p.exths          x16, x13, x0        x16=fffffffc x13:0000fffc
26826921ns          458642 1c009492 06b11823 sh               x11, 112(x2)        x11:00000005  x2:10000cd8  PA:10000d48
26826941ns          458643 1c009496 000f5f03 lhu              x30, 0(x30)         x30=0000ffd4 x30:1c002e72  PA:1c002e72
26827239ns          458658 1c00949a 0a012583 lw               x11, 160(x2)        x11=1c002e92  x2:10000cd8  PA:10000d78
26827259ns          458659 1c00949c 1007d7b3 p.exthz          x15, x15, x0        x15=0000ffeb x15:ffffffeb
26827279ns          458660 1c0094a0 0004da03 lhu              x20, 0(x9)          x20=0000ff2d  x9:1c002e62  PA:1c002e62
26827597ns          458676 1c0094a4 1007c533 p.exths          x10, x15, x0        x10=ffffffeb x15:0000ffeb
26827617ns          458677 1c0094a8 09d11023 sh               x29, 128(x2)        x29:00000000  x2:10000cd8  PA:10000d58
26827637ns          458678 1c0094ac 0003d483 lhu              x9, 0(x7)            x9=0000fff9  x7:1c002eb2  PA:1c002eb2
26827935ns          458693 1c0094b0 02e80eb3 mul              x29, x16, x14       x29=fffffe88 x16:fffffffc x14:0000005e
26827955ns          458694 1c0094b4 40a8d893 srai             x17, x17, 0x40a     x17=00000000 x17:000002f0
26827975ns          458695 1c0094b8 03c80833 mul              x16, x16, x28       x16=ffffffe0 x16:fffffffc x28:00000008
26827995ns          458696 1c0094bc 09e11823 sh               x30, 144(x2)        x30:0000ffd4  x2:10000cd8  PA:10000d68
26828015ns          458697 1c0094c0 0005d983 lhu              x19, 0(x11)         x19=0000fff3 x11:1c002e92  PA:1c002e92
26828353ns          458714 1c0094c4 81c88f5b p.muls           x30, x17, x28       x30=00000000 x17:00000000 x28:00000008
26828373ns          458715 1c0094c8 0002d583 lhu              x11, 0(x5)          x11=0000fff3  x5:1c002ea2  PA:1c002ea2
26828671ns          458730 1c0094cc 03ce0fb3 mul              x31, x28, x28       x31=00000040 x28:00000008 x28:00000008
26828691ns          458731 1c0094d0 02e50733 mul              x14, x10, x14       x14=fffff84a x10:ffffffeb x14:0000005e
26828711ns          458732 1c0094d4 40a85813 srai             x16, x16, 0x40a     x16=ffffffff x16:ffffffe0
26828731ns          458733 1c0094d8 03c50533 mul              x10, x10, x28       x10=ffffff58 x10:ffffffeb x28:00000008
26828750ns          458734 1c0094dc 07015e03 lhu              x28, 112(x2)        x28=00000005  x2:10000cd8  PA:10000d48
26828770ns          458735 1c0094e0 01b60633 add              x12, x12, x27       x12=00000471 x12:0000005e x27:00000413
26828790ns          458736 1c0094e2 00980833 add              x16, x16, x9        x16=0000fff8 x16:ffffffff  x9:0000fff9
26828810ns          458737 1c0094e4 06015d83 lhu              x27, 96(x2)         x27=0000001f  x2:10000cd8  PA:10000d38
26828830ns          458738 1c0094e8 02812483 lw               x9, 40(x2)           x9=1c002ec2  x2:10000cd8  PA:10000d00
26828850ns          458739 1c0094ea 40afdf93 srai             x31, x31, 0x40a     x31=00000000 x31:00000040
26828870ns          458740 1c0094ee 40a55513 srai             x10, x10, 0x40a     x10=ffffffff x10:ffffff58
26828890ns          458741 1c0094f0 01cf8fb3 add              x31, x31, x28       x31=00000005 x31:00000000 x28:00000005
26828910ns          458742 1c0094f2 00b50533 add              x10, x10, x11       x10=0000fff2 x10:ffffffff x11:0000fff3
26828929ns          458743 1c0094f4 09015e03 lhu              x28, 144(x2)        x28=0000ffd4  x2:10000cd8  PA:10000d68
26828949ns          458744 1c0094f8 03012583 lw               x11, 48(x2)         x11=1c002ed2  x2:10000cd8  PA:10000d08
26828969ns          458745 1c0094fa 00c49023 sh               x12, 0(x9)          x12:00000471  x9:1c002ec2  PA:1c002ec2
26829287ns          458761 1c0094fe 01b888b3 add              x17, x17, x27       x17=0000001f x17:00000000 x27:0000001f
26829307ns          458762 1c009500 01a30333 add              x6, x6, x26          x6=000000b7  x6:00000008 x26:000000af
26829327ns          458763 1c009502 08015d83 lhu              x27, 128(x2)        x27=00000000  x2:10000cd8  PA:10000d58
26829347ns          458764 1c009506 0000d903 lhu              x18, 0(x1)          x18=0000ffd6  x1:1c002e82  PA:1c002e82
26829665ns          458780 1c00950a 01c686b3 add              x13, x13, x28       x13=0001ffd0 x13:0000fffc x28:0000ffd4
26829685ns          458781 1c00950c 00659023 sh               x6, 0(x11)           x6:000000b7 x11:1c002ed2  PA:1c002ed2
26830023ns          458798 1c009510 40af5f13 srai             x30, x30, 0x40a     x30=00000000 x30:00000000
26830043ns          458799 1c009514 04812e03 lw               x28, 72(x2)         x28=1c002f02  x2:10000cd8  PA:10000d20
26830063ns          458800 1c009516 01bf0f33 add              x30, x30, x27       x30=00000000 x30:00000000 x27:00000000
26830083ns          458801 1c009518 40aede93 srai             x29, x29, 0x40a     x29=ffffffff x29:fffffe88
26830103ns          458802 1c00951c 40a75713 srai             x14, x14, 0x40a     x14=fffffffe x14:fffff84a
26830123ns          458803 1c00951e 03812603 lw               x12, 56(x2)         x12=1c002ee2  x2:10000cd8  PA:10000d10
26830143ns          458804 1c009520 04012d83 lw               x27, 64(x2)         x27=1c002ef2  x2:10000cd8  PA:10000d18
26830162ns          458805 1c009522 01ee1023 sh               x30, 0(x28)         x30:00000000 x28:1c002f02  PA:1c002f02
26830481ns          458821 1c009526 05812483 lw               x9, 88(x2)           x9=1c002e62  x2:10000cd8  PA:10000d30
26830501ns          458822 1c009528 05012f03 lw               x30, 80(x2)         x30=1c002e72  x2:10000cd8  PA:10000d28
26830520ns          458823 1c00952a 0a012583 lw               x11, 160(x2)        x11=1c002e92  x2:10000cd8  PA:10000d78
26830540ns          458824 1c00952c 014787b3 add              x15, x15, x20       x15=0001ff18 x15:0000ffeb x20:0000ff2d
26830560ns          458825 1c00952e 013e8eb3 add              x29, x29, x19       x29=0000fff2 x29:ffffffff x19:0000fff3
26830580ns          458826 1c009530 01270733 add              x14, x14, x18       x14=0000ffd4 x14:fffffffe x18:0000ffd6
26830600ns          458827 1c009532 00f49023 sh               x15, 0(x9)          x15:0001ff18  x9:1c002e62  PA:1c002e62
26830918ns          458843 1c009536 01161023 sh               x17, 0(x12)         x17:0000001f x12:1c002ee2  PA:1c002ee2
26831276ns          458861 1c00953a 01fd9023 sh               x31, 0(x27)         x31:00000005 x27:1c002ef2  PA:1c002ef2
26831594ns          458877 1c00953e 00df1023 sh               x13, 0(x30)         x13:0001ffd0 x30:1c002e72  PA:1c002e72
26831913ns          458893 1c009542 01d59023 sh               x29, 0(x11)         x29:0000fff2 x11:1c002e92  PA:1c002e92
26832231ns          458909 1c009546 00e09023 sh               x14, 0(x1)          x14:0000ffd4  x1:1c002e82  PA:1c002e82
26832549ns          458925 1c00954a 01039023 sh               x16, 0(x7)          x16:0000fff8  x7:1c002eb2  PA:1c002eb2
26832887ns          458942 1c00954e 00a29023 sh               x10, 0(x5)          x10:0000fff2  x5:1c002ea2  PA:1c002ea2
26833205ns          458958 1c009552 008b0b13 addi             x22, x22, 8         x22=00000049 x22:00000041
26833225ns          458959 1c009554 1f300793 addi             x15, x0, 499        x15=000001f3
26833245ns          458960 1c009558 e767dae3 bge              x15, x22, -396      x15:000001f3 x22:00000049
26833345ns          458965 1c0093cc 010c9a0b p.lh             x20, 16(x25!)       x20=00000073 x25=1c00272a x25:1c00271a  PA:1c00271a
26833683ns          458982 1c0093d0 0104198b p.lh             x19, 16(x8!)        x19=fffffdee  x8=1c001ef2  x8:1c001ee2  PA:1c001ee2
26834061ns          459001 1c0093d4 2cc10513 addi             x10, x2, 716        x10=10000fa4  x2:10000cd8
26834080ns          459002 1c0093d6 010a990b p.lh             x18, 16(x21!)       x18=0000001d x21=1c00171e x21:1c00170e  PA:1c00170e
26834379ns          459017 1c0093da 010b948b p.lh             x9, 16(x23!)         x9=fffffdf6 x23=1c000f4e x23:1c000f3e  PA:1c000f3e
26834677ns          459032 1c0093de 2d411623 sh               x20, 716(x2)        x20:00000073  x2:10000cd8  PA:10000fa4
26834697ns          459033 1c0093e2 2d311723 sh               x19, 718(x2)        x19:fffffdee  x2:10000cd8  PA:10000fa6
26834717ns          459034 1c0093e6 c33ff0ef jal              x1, -974             x1=1c0093e8
26834757ns          459036 1c009018 00051803 lh               x16, 0(x10)         x16=00000073 x10:10000fa4  PA:10000fa4
26834776ns          459037 1c00901c 00251883 lh               x17, 2(x10)         x17=fffffdee x10:10000fa4  PA:10000fa6
26834796ns          459038 1c009020 030806b3 mul              x13, x16, x16       x13=000033a9 x16:00000073 x16:00000073
26834816ns          459039 1c009024 03188633 mul              x12, x17, x17       x12=00044944 x17:fffffdee x17:fffffdee
26834836ns          459040 1c009028 40a65613 srai             x12, x12, 0x40a     x12=00000112 x12:00044944
26834856ns          459041 1c00902a 40a6d693 srai             x13, x13, 0x40a     x13=0000000c x13:000033a9
26834876ns          459042 1c00902c 00c686b3 add              x13, x13, x12       x13=0000011e x13:0000000c x12:00000112
26834896ns          459043 1c00902e 1006c633 p.exths          x12, x13, x0        x12=0000011e x13:0000011e
26834916ns          459044 1c009032 00855703 lhu              x14, 8(x10)         x14=0000ffd1 x10:10000fa4  PA:10000fac
26834936ns          459045 1c009036 00a55683 lhu              x13, 10(x10)        x13=0000ff6a x10:10000fa4  PA:10000fae
26834955ns          459046 1c00903a 02c60333 mul              x6, x12, x12         x6=00013f84 x12:0000011e x12:0000011e
26834975ns          459047 1c00903e 00c55783 lhu              x15, 12(x10)        x15=0000ffe5 x10:10000fa4  PA:10000fb0
26834995ns          459048 1c009042 00e55583 lhu              x11, 14(x10)        x11=00000060 x10:10000fa4  PA:10000fb2
26835015ns          459049 1c009046 dea30333 p.extract        x6, x6, 15, 10       x6=0000004f  x6:00013f84
26835035ns          459050 1c00904a 80c7075b p.muls           x14, x14, x12       x14=ffffcb7e x14:0000ffd1 x12:0000011e
26835075ns          459052 1c00904e 80c686db p.muls           x13, x13, x12       x13=ffff586c x13:0000ff6a x12:0000011e
26835115ns          459054 1c009052 00455e83 lhu              x29, 4(x10)         x29=00000427 x10:10000fa4  PA:10000fa8
26835134ns          459055 1c009056 00655e03 lhu              x28, 6(x10)         x28=0000007f x10:10000fa4  PA:10000faa
26835154ns          459056 1c00905a 40a75713 srai             x14, x14, 0x40a     x14=fffffff2 x14:ffffcb7e
26835174ns          459057 1c00905c 806787db p.muls           x15, x15, x6        x15=fffff7ab x15:0000ffe5  x6:0000004f
26835194ns          459058 1c009060 40a6d693 srai             x13, x13, 0x40a     x13=ffffffd6 x13:ffff586c
26835214ns          459059 1c009062 8065865b p.muls           x12, x11, x6        x12=00001da0 x11:00000060  x6:0000004f
26835234ns          459060 1c009066 40a7d793 srai             x15, x15, 0x40a     x15=fffffffd x15:fffff7ab
26835254ns          459061 1c009068 40a65613 srai             x12, x12, 0x40a     x12=00000007 x12:00001da0
26835274ns          459062 1c00906a 01d70733 add              x14, x14, x29       x14=00000419 x14:fffffff2 x29:00000427
26835294ns          459063 1c00906c 01c686b3 add              x13, x13, x28       x13=00000055 x13:ffffffd6 x28:0000007f
26835313ns          459064 1c00906e 00c686b3 add              x13, x13, x12       x13=0000005c x13:00000055 x12:00000007
26835333ns          459065 1c009070 00f70733 add              x14, x14, x15       x14=00000416 x14:00000419 x15:fffffffd
26835353ns          459066 1c009072 100747b3 p.exths          x15, x14, x0        x15=00000416 x14:00000416
26835373ns          459067 1c009076 1006c733 p.exths          x14, x13, x0        x14=0000005c x13:0000005c
26835393ns          459068 1c00907a 03170633 mul              x12, x14, x17       x12=ffff4188 x14:0000005c x17:fffffdee
26835413ns          459069 1c00907e 030786b3 mul              x13, x15, x16       x13=0001d5e2 x15:00000416 x16:00000073
26835433ns          459070 1c009082 03070733 mul              x14, x14, x16       x14=00002954 x14:0000005c x16:00000073
26835453ns          459071 1c009086 031787b3 mul              x15, x15, x17       x15=fff78a74 x15:00000416 x17:fffffdee
26835473ns          459072 1c00908a 40a6d693 srai             x13, x13, 0x40a     x13=00000075 x13:0001d5e2
26835492ns          459073 1c00908c 40a65613 srai             x12, x12, 0x40a     x12=ffffffd0 x12:ffff4188
26835512ns          459074 1c00908e 40a7d793 srai             x15, x15, 0x40a     x15=fffffde2 x15:fff78a74
26835532ns          459075 1c009090 40a75713 srai             x14, x14, 0x40a     x14=0000000a x14:00002954
26835552ns          459076 1c009092 40c686b3 sub              x13, x13, x12       x13=000000a5 x13:00000075 x12:ffffffd0
26835572ns          459077 1c009094 00e787b3 add              x15, x15, x14       x15=fffffdec x15:fffffde2 x14:0000000a
26835592ns          459078 1c009096 00d51823 sh               x13, 16(x10)        x13:000000a5 x10:10000fa4  PA:10000fb4
26835612ns          459079 1c00909a 00f51923 sh               x15, 18(x10)        x15:fffffdec x10:10000fa4  PA:10000fb6
26835632ns          459080 1c00909e 00008067 jalr             x0, x1, 0            x1:1c0093e8
26835671ns          459082 1c0093e8 2dc15583 lhu              x11, 732(x2)        x11=000000a5  x2:10000cd8  PA:10000fb4
26835691ns          459083 1c0093ec 2de15783 lhu              x15, 734(x2)        x15=0000fdec  x2:10000cd8  PA:10000fb6
26835711ns          459084 1c0093f0 40b90933 sub              x18, x18, x11       x18=ffffff78 x18:0000001d x11:000000a5
26835731ns          459085 1c0093f4 40f484b3 sub              x9, x9, x15          x9=ffff000a  x9:fffffdf6 x15:0000fdec
26835751ns          459086 1c0093f6 100945b3 p.exths          x11, x18, x0        x11=ffffff78 x18:ffffff78
26835771ns          459087 1c0093fa 1004c7b3 p.exths          x15, x9, x0         x15=0000000a  x9:ffff000a
26835791ns          459088 1c0093fe 034586b3 mul              x13, x11, x20       x13=ffffc2e8 x11:ffffff78 x20:00000073
26835811ns          459089 1c009402 03378533 mul              x10, x15, x19       x10=ffffeb4c x15:0000000a x19:fffffdee
26835831ns          459090 1c009406 034a0633 mul              x12, x20, x20       x12=000033a9 x20:00000073 x20:00000073
26835850ns          459091 1c00940a 03398733 mul              x14, x19, x19       x14=00044944 x19:fffffdee x19:fffffdee
26835870ns          459092 1c00940e 034787b3 mul              x15, x15, x20       x15=0000047e x15:0000000a x20:00000073
26835890ns          459093 1c009412 033585b3 mul              x11, x11, x19       x11=00011990 x11:ffffff78 x19:fffffdee
26835910ns          459094 1c009416 40a75713 srai             x14, x14, 0x40a     x14=00000112 x14:00044944
26835930ns          459095 1c009418 40a5d593 srai             x11, x11, 0x40a     x11=00000046 x11:00011990
26835950ns          459096 1c00941a 40a65613 srai             x12, x12, 0x40a     x12=0000000c x12:000033a9
26835970ns          459097 1c00941c 40a7d793 srai             x15, x15, 0x40a     x15=00000001 x15:0000047e
26835990ns          459098 1c00941e 1c0034b7 lui              x9, 0x1c003000       x9=1c003000
26836010ns          459099 1c009422 00e60633 add              x12, x12, x14       x12=0000011e x12:0000000c x14:00000112
26836029ns          459100 1c009424 40b787b3 sub              x15, x15, x11       x15=ffffffbb x15:00000001 x11:00000046
26836049ns          459101 1c009426 eb048493 addi             x9, x9, -336         x9=1c002eb0  x9:1c003000
26836069ns          459102 1c00942a 1c0032b7 lui              x5, 0x1c003000       x5=1c003000
26836089ns          459103 1c00942e 1c0035b7 lui              x11, 0x1c003000     x11=1c003000
26836109ns          459104 1c009432 018483b3 add              x7, x9, x24          x7=1c002eb2  x9:1c002eb0 x24:00000002
26836129ns          459105 1c009436 02812e83 lw               x29, 40(x2)         x29=1c002ec2  x2:10000cd8  PA:10000d00
26836149ns          459106 1c009438 10065633 p.exthz          x12, x12, x0        x12=0000011e x12:0000011e
26836169ns          459107 1c00943c e8028293 addi             x5, x5, -384         x5=1c002e80  x5:1c003000
26836208ns          459109 1c009440 ea058593 addi             x11, x11, -352      x11=1c002ea0 x11:1c003000
26836248ns          459111 1c009444 03812483 lw               x9, 56(x2)           x9=1c002ee2  x2:10000cd8  PA:10000d10
26836268ns          459112 1c009446 10064733 p.exths          x14, x12, x0        x14=0000011e x12:0000011e
26836288ns          459113 1c00944a 018280b3 add              x1, x5, x24          x1=1c002e82  x5:1c002e80 x24:00000002
26836308ns          459114 1c00944e 03012f03 lw               x30, 48(x2)         x30=1c002ed2  x2:10000cd8  PA:10000d08
26836328ns          459115 1c009450 018582b3 add              x5, x11, x24         x5=1c002ea2 x11:1c002ea0 x24:00000002
26836348ns          459116 1c009454 04012583 lw               x11, 64(x2)         x11=1c002ef2  x2:10000cd8  PA:10000d18
26836368ns          459117 1c009456 000edd83 lhu              x27, 0(x29)         x27=00000471 x29:1c002ec2  PA:1c002ec2
26836666ns          459132 1c00945a 0004d483 lhu              x9, 0(x9)            x9=0000001f  x9:1c002ee2  PA:1c002ee2
26836964ns          459147 1c00945e 02e70333 mul              x6, x14, x14         x6=00013f84 x14:0000011e x14:0000011e
26836984ns          459148 1c009462 40a55513 srai             x10, x10, 0x40a     x10=fffffffa x10:ffffeb4c
26837004ns          459149 1c009464 04812e83 lw               x29, 72(x2)         x29=1c002f02  x2:10000cd8  PA:10000d20
26837024ns          459150 1c009466 40a6d693 srai             x13, x13, 0x40a     x13=fffffff0 x13:ffffc2e8
26837044ns          459151 1c009468 000f5d03 lhu              x26, 0(x30)         x26=000000b7 x30:1c002ed2  PA:1c002ed2
26837382ns          459168 1c00946c 0005d583 lhu              x11, 0(x11)         x11=00000005 x11:1c002ef2  PA:1c002ef2
26837720ns          459185 1c009470 40a35313 srai             x6, x6, 0x40a        x6=0000004f  x6:00013f84
26837740ns          459186 1c009474 00a686b3 add              x13, x13, x10       x13=ffffffea x13:fffffff0 x10:fffffffa
26837760ns          459187 1c009476 05012f03 lw               x30, 80(x2)         x30=1c002e72  x2:10000cd8  PA:10000d28
26837780ns          459188 1c009478 10034e33 p.exths          x28, x6, x0         x28=0000004f  x6:0000004f
26837799ns          459189 1c00947c 06911023 sh               x9, 96(x2)           x9:0000001f  x2:10000cd8  PA:10000d38
26837819ns          459190 1c009480 000ede83 lhu              x29, 0(x29)         x29=00000000 x29:1c002f02  PA:1c002f02
26838157ns          459207 1c009484 05812483 lw               x9, 88(x2)           x9=1c002e62  x2:10000cd8  PA:10000d30
26838177ns          459208 1c009486 1006d6b3 p.exthz          x13, x13, x0        x13=0000ffea x13:ffffffea
26838197ns          459209 1c00948a 02ee08b3 mul              x17, x28, x14       x17=00005842 x28:0000004f x14:0000011e
26838217ns          459210 1c00948e 1006c833 p.exths          x16, x13, x0        x16=ffffffea x13:0000ffea
26838237ns          459211 1c009492 06b11823 sh               x11, 112(x2)        x11:00000005  x2:10000cd8  PA:10000d48
26838257ns          459212 1c009496 000f5f03 lhu              x30, 0(x30)         x30=0000ffd0 x30:1c002e72  PA:1c002e72
26838555ns          459227 1c00949a 0a012583 lw               x11, 160(x2)        x11=1c002e92  x2:10000cd8  PA:10000d78
26838575ns          459228 1c00949c 1007d7b3 p.exthz          x15, x15, x0        x15=0000ffbb x15:ffffffbb
26838595ns          459229 1c0094a0 0004da03 lhu              x20, 0(x9)          x20=0000ff18  x9:1c002e62  PA:1c002e62
26838973ns          459248 1c0094a4 1007c533 p.exths          x10, x15, x0        x10=ffffffbb x15:0000ffbb
26838993ns          459249 1c0094a8 09d11023 sh               x29, 128(x2)        x29:00000000  x2:10000cd8  PA:10000d58
26839013ns          459250 1c0094ac 0003d483 lhu              x9, 0(x7)            x9=0000fff8  x7:1c002eb2  PA:1c002eb2
26839311ns          459265 1c0094b0 02e80eb3 mul              x29, x16, x14       x29=ffffe76c x16:ffffffea x14:0000011e
26839331ns          459266 1c0094b4 40a8d893 srai             x17, x17, 0x40a     x17=00000016 x17:00005842
26839351ns          459267 1c0094b8 03c80833 mul              x16, x16, x28       x16=fffff936 x16:ffffffea x28:0000004f
26839371ns          459268 1c0094bc 09e11823 sh               x30, 144(x2)        x30:0000ffd0  x2:10000cd8  PA:10000d68
26839390ns          459269 1c0094c0 0005d983 lhu              x19, 0(x11)         x19=0000fff2 x11:1c002e92  PA:1c002e92
26839748ns          459287 1c0094c4 81c88f5b p.muls           x30, x17, x28       x30=000006ca x17:00000016 x28:0000004f
26839768ns          459288 1c0094c8 0002d583 lhu              x11, 0(x5)          x11=0000fff2  x5:1c002ea2  PA:1c002ea2
26840106ns          459305 1c0094cc 03ce0fb3 mul              x31, x28, x28       x31=00001861 x28:0000004f x28:0000004f
26840126ns          459306 1c0094d0 02e50733 mul              x14, x10, x14       x14=ffffb2ea x10:ffffffbb x14:0000011e
26840146ns          459307 1c0094d4 40a85813 srai             x16, x16, 0x40a     x16=fffffffe x16:fffff936
26840166ns          459308 1c0094d8 03c50533 mul              x10, x10, x28       x10=ffffeab5 x10:ffffffbb x28:0000004f
26840186ns          459309 1c0094dc 07015e03 lhu              x28, 112(x2)        x28=00000005  x2:10000cd8  PA:10000d48
26840206ns          459310 1c0094e0 01b60633 add              x12, x12, x27       x12=0000058f x12:0000011e x27:00000471
26840226ns          459311 1c0094e2 00980833 add              x16, x16, x9        x16=0000fff6 x16:fffffffe  x9:0000fff8
26840246ns          459312 1c0094e4 06015d83 lhu              x27, 96(x2)         x27=0000001f  x2:10000cd8  PA:10000d38
26840266ns          459313 1c0094e8 02812483 lw               x9, 40(x2)           x9=1c002ec2  x2:10000cd8  PA:10000d00
26840285ns          459314 1c0094ea 40afdf93 srai             x31, x31, 0x40a     x31=00000006 x31:00001861
26840305ns          459315 1c0094ee 40a55513 srai             x10, x10, 0x40a     x10=fffffffa x10:ffffeab5
26840325ns          459316 1c0094f0 01cf8fb3 add              x31, x31, x28       x31=0000000b x31:00000006 x28:00000005
26840345ns          459317 1c0094f2 00b50533 add              x10, x10, x11       x10=0000ffec x10:fffffffa x11:0000fff2
26840365ns          459318 1c0094f4 09015e03 lhu              x28, 144(x2)        x28=0000ffd0  x2:10000cd8  PA:10000d68
26840385ns          459319 1c0094f8 03012583 lw               x11, 48(x2)         x11=1c002ed2  x2:10000cd8  PA:10000d08
26840405ns          459320 1c0094fa 00c49023 sh               x12, 0(x9)          x12:0000058f  x9:1c002ec2  PA:1c002ec2
26840763ns          459338 1c0094fe 01b888b3 add              x17, x17, x27       x17=00000035 x17:00000016 x27:0000001f
26840783ns          459339 1c009500 01a30333 add              x6, x6, x26          x6=00000106  x6:0000004f x26:000000b7
26840803ns          459340 1c009502 08015d83 lhu              x27, 128(x2)        x27=00000000  x2:10000cd8  PA:10000d58
26840822ns          459341 1c009506 0000d903 lhu              x18, 0(x1)          x18=0000ffd4  x1:1c002e82  PA:1c002e82
26841121ns          459356 1c00950a 01c686b3 add              x13, x13, x28       x13=0001ffba x13:0000ffea x28:0000ffd0
26841141ns          459357 1c00950c 00659023 sh               x6, 0(x11)           x6:00000106 x11:1c002ed2  PA:1c002ed2
26841459ns          459373 1c009510 40af5f13 srai             x30, x30, 0x40a     x30=00000001 x30:000006ca
26841479ns          459374 1c009514 04812e03 lw               x28, 72(x2)         x28=1c002f02  x2:10000cd8  PA:10000d20
26841499ns          459375 1c009516 01bf0f33 add              x30, x30, x27       x30=00000001 x30:00000001 x27:00000000
26841519ns          459376 1c009518 40aede93 srai             x29, x29, 0x40a     x29=fffffff9 x29:ffffe76c
26841538ns          459377 1c00951c 40a75713 srai             x14, x14, 0x40a     x14=ffffffec x14:ffffb2ea
26841558ns          459378 1c00951e 03812603 lw               x12, 56(x2)         x12=1c002ee2  x2:10000cd8  PA:10000d10
26841578ns          459379 1c009520 04012d83 lw               x27, 64(x2)         x27=1c002ef2  x2:10000cd8  PA:10000d18
26841598ns          459380 1c009522 01ee1023 sh               x30, 0(x28)         x30:00000001 x28:1c002f02  PA:1c002f02
26841916ns          459396 1c009526 05812483 lw               x9, 88(x2)           x9=1c002e62  x2:10000cd8  PA:10000d30
26841936ns          459397 1c009528 05012f03 lw               x30, 80(x2)         x30=1c002e72  x2:10000cd8  PA:10000d28
26841956ns          459398 1c00952a 0a012583 lw               x11, 160(x2)        x11=1c002e92  x2:10000cd8  PA:10000d78
26841976ns          459399 1c00952c 014787b3 add              x15, x15, x20       x15=0001fed3 x15:0000ffbb x20:0000ff18
26841996ns          459400 1c00952e 013e8eb3 add              x29, x29, x19       x29=0000ffeb x29:fffffff9 x19:0000fff2
26842016ns          459401 1c009530 01270733 add              x14, x14, x18       x14=0000ffc0 x14:ffffffec x18:0000ffd4
26842036ns          459402 1c009532 00f49023 sh               x15, 0(x9)          x15:0001fed3  x9:1c002e62  PA:1c002e62
26842354ns          459418 1c009536 01161023 sh               x17, 0(x12)         x17:00000035 x12:1c002ee2  PA:1c002ee2
26842672ns          459434 1c00953a 01fd9023 sh               x31, 0(x27)         x31:0000000b x27:1c002ef2  PA:1c002ef2
26842990ns          459450 1c00953e 00df1023 sh               x13, 0(x30)         x13:0001ffba x30:1c002e72  PA:1c002e72
26843308ns          459466 1c009542 01d59023 sh               x29, 0(x11)         x29:0000ffeb x11:1c002e92  PA:1c002e92
26843627ns          459482 1c009546 00e09023 sh               x14, 0(x1)          x14:0000ffc0  x1:1c002e82  PA:1c002e82
26843945ns          459498 1c00954a 01039023 sh               x16, 0(x7)          x16:0000fff6  x7:1c002eb2  PA:1c002eb2
26844263ns          459514 1c00954e 00a29023 sh               x10, 0(x5)          x10:0000ffec  x5:1c002ea2  PA:1c002ea2
26844581ns          459530 1c009552 008b0b13 addi             x22, x22, 8         x22=00000051 x22:00000049
26844601ns          459531 1c009554 1f300793 addi             x15, x0, 499        x15=000001f3
26844621ns          459532 1c009558 e767dae3 bge              x15, x22, -396      x15:000001f3 x22:00000051
26844720ns          459537 1c0093cc 010c9a0b p.lh             x20, 16(x25!)       x20=fffffee1 x25=1c00273a x25:1c00272a  PA:1c00272a
26845059ns          459554 1c0093d0 0104198b p.lh             x19, 16(x8!)        x19=00000116  x8=1c001f02  x8:1c001ef2  PA:1c001ef2
26845357ns          459569 1c0093d4 2cc10513 addi             x10, x2, 716        x10=10000fa4  x2:10000cd8
26845377ns          459570 1c0093d6 010a990b p.lh             x18, 16(x21!)       x18=fffffefd x21=1c00172e x21:1c00171e  PA:1c00171e
26845675ns          459585 1c0093da 010b948b p.lh             x9, 16(x23!)         x9=0000012e x23=1c000f5e x23:1c000f4e  PA:1c000f4e
26845993ns          459601 1c0093de 2d411623 sh               x20, 716(x2)        x20:fffffee1  x2:10000cd8  PA:10000fa4
26846033ns          459603 1c0093e2 2d311723 sh               x19, 718(x2)        x19:00000116  x2:10000cd8  PA:10000fa6
26846053ns          459604 1c0093e6 c33ff0ef jal              x1, -974             x1=1c0093e8
26846133ns          459608 1c009018 00051803 lh               x16, 0(x10)         x16=fffffee1 x10:10000fa4  PA:10000fa4
26846172ns          459610 1c00901c 00251883 lh               x17, 2(x10)         x17=00000116 x10:10000fa4  PA:10000fa6
26846192ns          459611 1c009020 030806b3 mul              x13, x16, x16       x13=000141c1 x16:fffffee1 x16:fffffee1
26846212ns          459612 1c009024 03188633 mul              x12, x17, x17       x12=00012de4 x17:00000116 x17:00000116
26846232ns          459613 1c009028 40a65613 srai             x12, x12, 0x40a     x12=0000004b x12:00012de4
26846252ns          459614 1c00902a 40a6d693 srai             x13, x13, 0x40a     x13=00000050 x13:000141c1
26846272ns          459615 1c00902c 00c686b3 add              x13, x13, x12       x13=0000009b x13:00000050 x12:0000004b
26846292ns          459616 1c00902e 1006c633 p.exths          x12, x13, x0        x12=0000009b x13:0000009b
26846312ns          459617 1c009032 00855703 lhu              x14, 8(x10)         x14=0000ffd1 x10:10000fa4  PA:10000fac
26846331ns          459618 1c009036 00a55683 lhu              x13, 10(x10)        x13=0000ff6a x10:10000fa4  PA:10000fae
26846351ns          459619 1c00903a 02c60333 mul              x6, x12, x12         x6=00005dd9 x12:0000009b x12:0000009b
26846391ns          459621 1c00903e 00c55783 lhu              x15, 12(x10)        x15=0000ffe5 x10:10000fa4  PA:10000fb0
26846431ns          459623 1c009042 00e55583 lhu              x11, 14(x10)        x11=00000060 x10:10000fa4  PA:10000fb2
26846451ns          459624 1c009046 dea30333 p.extract        x6, x6, 15, 10       x6=00000017  x6:00005dd9
26846471ns          459625 1c00904a 80c7075b p.muls           x14, x14, x12       x14=ffffe38b x14:0000ffd1 x12:0000009b
26846530ns          459628 1c00904e 80c686db p.muls           x13, x13, x12       x13=ffffa52e x13:0000ff6a x12:0000009b
26846570ns          459630 1c009052 00455e83 lhu              x29, 4(x10)         x29=00000427 x10:10000fa4  PA:10000fa8
26846590ns          459631 1c009056 00655e03 lhu              x28, 6(x10)         x28=0000007f x10:10000fa4  PA:10000faa
26846610ns          459632 1c00905a 40a75713 srai             x14, x14, 0x40a     x14=fffffff8 x14:ffffe38b
26846630ns          459633 1c00905c 806787db p.muls           x15, x15, x6        x15=fffffd93 x15:0000ffe5  x6:00000017
26846650ns          459634 1c009060 40a6d693 srai             x13, x13, 0x40a     x13=ffffffe9 x13:ffffa52e
26846670ns          459635 1c009062 8065865b p.muls           x12, x11, x6        x12=000008a0 x11:00000060  x6:00000017
26846689ns          459636 1c009066 40a7d793 srai             x15, x15, 0x40a     x15=ffffffff x15:fffffd93
26846709ns          459637 1c009068 40a65613 srai             x12, x12, 0x40a     x12=00000002 x12:000008a0
26846729ns          459638 1c00906a 01d70733 add              x14, x14, x29       x14=0000041f x14:fffffff8 x29:00000427
26846749ns          459639 1c00906c 01c686b3 add              x13, x13, x28       x13=00000068 x13:ffffffe9 x28:0000007f
26846769ns          459640 1c00906e 00c686b3 add              x13, x13, x12       x13=0000006a x13:00000068 x12:00000002
26846789ns          459641 1c009070 00f70733 add              x14, x14, x15       x14=0000041e x14:0000041f x15:ffffffff
26846809ns          459642 1c009072 100747b3 p.exths          x15, x14, x0        x15=0000041e x14:0000041e
26846829ns          459643 1c009076 1006c733 p.exths          x14, x13, x0        x14=0000006a x13:0000006a
26846848ns          459644 1c00907a 03170633 mul              x12, x14, x17       x12=0000731c x14:0000006a x17:00000116
26846868ns          459645 1c00907e 030786b3 mul              x13, x15, x16       x13=fffb625e x15:0000041e x16:fffffee1
26846888ns          459646 1c009082 03070733 mul              x14, x14, x16       x14=ffff892a x14:0000006a x16:fffffee1
26846908ns          459647 1c009086 031787b3 mul              x15, x15, x17       x15=00047894 x15:0000041e x17:00000116
26846928ns          459648 1c00908a 40a6d693 srai             x13, x13, 0x40a     x13=fffffed8 x13:fffb625e
26846948ns          459649 1c00908c 40a65613 srai             x12, x12, 0x40a     x12=0000001c x12:0000731c
26846968ns          459650 1c00908e 40a7d793 srai             x15, x15, 0x40a     x15=0000011e x15:00047894
26846988ns          459651 1c009090 40a75713 srai             x14, x14, 0x40a     x14=ffffffe2 x14:ffff892a
26847008ns          459652 1c009092 40c686b3 sub              x13, x13, x12       x13=fffffebc x13:fffffed8 x12:0000001c
26847027ns          459653 1c009094 00e787b3 add              x15, x15, x14       x15=00000100 x15:0000011e x14:ffffffe2
26847047ns          459654 1c009096 00d51823 sh               x13, 16(x10)        x13:fffffebc x10:10000fa4  PA:10000fb4
26847067ns          459655 1c00909a 00f51923 sh               x15, 18(x10)        x15:00000100 x10:10000fa4  PA:10000fb6
26847087ns          459656 1c00909e 00008067 jalr             x0, x1, 0            x1:1c0093e8
26847127ns          459658 1c0093e8 2dc15583 lhu              x11, 732(x2)        x11=0000febc  x2:10000cd8  PA:10000fb4
26847147ns          459659 1c0093ec 2de15783 lhu              x15, 734(x2)        x15=00000100  x2:10000cd8  PA:10000fb6
26847167ns          459660 1c0093f0 40b90933 sub              x18, x18, x11       x18=ffff0041 x18:fffffefd x11:0000febc
26847187ns          459661 1c0093f4 40f484b3 sub              x9, x9, x15          x9=0000002e  x9:0000012e x15:00000100
26847206ns          459662 1c0093f6 100945b3 p.exths          x11, x18, x0        x11=00000041 x18:ffff0041
26847226ns          459663 1c0093fa 1004c7b3 p.exths          x15, x9, x0         x15=0000002e  x9:0000002e
26847246ns          459664 1c0093fe 034586b3 mul              x13, x11, x20       x13=ffffb721 x11:00000041 x20:fffffee1
26847266ns          459665 1c009402 03378533 mul              x10, x15, x19       x10=000031f4 x15:0000002e x19:00000116
26847286ns          459666 1c009406 034a0633 mul              x12, x20, x20       x12=000141c1 x20:fffffee1 x20:fffffee1
26847306ns          459667 1c00940a 03398733 mul              x14, x19, x19       x14=00012de4 x19:00000116 x19:00000116
26847366ns          459670 1c00940e 034787b3 mul              x15, x15, x20       x15=ffffcc6e x15:0000002e x20:fffffee1
26847405ns          459672 1c009412 033585b3 mul              x11, x11, x19       x11=00004696 x11:00000041 x19:00000116
26847425ns          459673 1c009416 40a75713 srai             x14, x14, 0x40a     x14=0000004b x14:00012de4
26847445ns          459674 1c009418 40a5d593 srai             x11, x11, 0x40a     x11=00000011 x11:00004696
26847465ns          459675 1c00941a 40a65613 srai             x12, x12, 0x40a     x12=00000050 x12:000141c1
26847485ns          459676 1c00941c 40a7d793 srai             x15, x15, 0x40a     x15=fffffff3 x15:ffffcc6e
26847505ns          459677 1c00941e 1c0034b7 lui              x9, 0x1c003000       x9=1c003000
26847525ns          459678 1c009422 00e60633 add              x12, x12, x14       x12=0000009b x12:00000050 x14:0000004b
26847545ns          459679 1c009424 40b787b3 sub              x15, x15, x11       x15=ffffffe2 x15:fffffff3 x11:00000011
26847564ns          459680 1c009426 eb048493 addi             x9, x9, -336         x9=1c002eb0  x9:1c003000
26847584ns          459681 1c00942a 1c0032b7 lui              x5, 0x1c003000       x5=1c003000
26847604ns          459682 1c00942e 1c0035b7 lui              x11, 0x1c003000     x11=1c003000
26847624ns          459683 1c009432 018483b3 add              x7, x9, x24          x7=1c002eb2  x9:1c002eb0 x24:00000002
26847644ns          459684 1c009436 02812e83 lw               x29, 40(x2)         x29=1c002ec2  x2:10000cd8  PA:10000d00
26847664ns          459685 1c009438 10065633 p.exthz          x12, x12, x0        x12=0000009b x12:0000009b
26847684ns          459686 1c00943c e8028293 addi             x5, x5, -384         x5=1c002e80  x5:1c003000
26847704ns          459687 1c009440 ea058593 addi             x11, x11, -352      x11=1c002ea0 x11:1c003000
26847724ns          459688 1c009444 03812483 lw               x9, 56(x2)           x9=1c002ee2  x2:10000cd8  PA:10000d10
26847743ns          459689 1c009446 10064733 p.exths          x14, x12, x0        x14=0000009b x12:0000009b
26847763ns          459690 1c00944a 018280b3 add              x1, x5, x24          x1=1c002e82  x5:1c002e80 x24:00000002
26847783ns          459691 1c00944e 03012f03 lw               x30, 48(x2)         x30=1c002ed2  x2:10000cd8  PA:10000d08
26847803ns          459692 1c009450 018582b3 add              x5, x11, x24         x5=1c002ea2 x11:1c002ea0 x24:00000002
26847823ns          459693 1c009454 04012583 lw               x11, 64(x2)         x11=1c002ef2  x2:10000cd8  PA:10000d18
26847843ns          459694 1c009456 000edd83 lhu              x27, 0(x29)         x27=0000058f x29:1c002ec2  PA:1c002ec2
26848161ns          459710 1c00945a 0004d483 lhu              x9, 0(x9)            x9=00000035  x9:1c002ee2  PA:1c002ee2
26848479ns          459726 1c00945e 02e70333 mul              x6, x14, x14         x6=00005dd9 x14:0000009b x14:0000009b
26848499ns          459727 1c009462 40a55513 srai             x10, x10, 0x40a     x10=0000000c x10:000031f4
26848519ns          459728 1c009464 04812e83 lw               x29, 72(x2)         x29=1c002f02  x2:10000cd8  PA:10000d20
26848539ns          459729 1c009466 40a6d693 srai             x13, x13, 0x40a     x13=ffffffed x13:ffffb721
26848559ns          459730 1c009468 000f5d03 lhu              x26, 0(x30)         x26=00000106 x30:1c002ed2  PA:1c002ed2
26848877ns          459746 1c00946c 0005d583 lhu              x11, 0(x11)         x11=0000000b x11:1c002ef2  PA:1c002ef2
26849175ns          459761 1c009470 40a35313 srai             x6, x6, 0x40a        x6=00000017  x6:00005dd9
26849195ns          459762 1c009474 00a686b3 add              x13, x13, x10       x13=fffffff9 x13:ffffffed x10:0000000c
26849215ns          459763 1c009476 05012f03 lw               x30, 80(x2)         x30=1c002e72  x2:10000cd8  PA:10000d28
26849235ns          459764 1c009478 10034e33 p.exths          x28, x6, x0         x28=00000017  x6:00000017
26849255ns          459765 1c00947c 06911023 sh               x9, 96(x2)           x9:00000035  x2:10000cd8  PA:10000d38
26849275ns          459766 1c009480 000ede83 lhu              x29, 0(x29)         x29=00000001 x29:1c002f02  PA:1c002f02
26849573ns          459781 1c009484 05812483 lw               x9, 88(x2)           x9=1c002e62  x2:10000cd8  PA:10000d30
26849593ns          459782 1c009486 1006d6b3 p.exthz          x13, x13, x0        x13=0000fff9 x13:fffffff9
26849613ns          459783 1c00948a 02ee08b3 mul              x17, x28, x14       x17=00000ded x28:00000017 x14:0000009b
26849633ns          459784 1c00948e 1006c833 p.exths          x16, x13, x0        x16=fffffff9 x13:0000fff9
26849653ns          459785 1c009492 06b11823 sh               x11, 112(x2)        x11:0000000b  x2:10000cd8  PA:10000d48
26849673ns          459786 1c009496 000f5f03 lhu              x30, 0(x30)         x30=0000ffba x30:1c002e72  PA:1c002e72
26850011ns          459803 1c00949a 0a012583 lw               x11, 160(x2)        x11=1c002e92  x2:10000cd8  PA:10000d78
26850031ns          459804 1c00949c 1007d7b3 p.exthz          x15, x15, x0        x15=0000ffe2 x15:ffffffe2
26850050ns          459805 1c0094a0 0004da03 lhu              x20, 0(x9)          x20=0000fed3  x9:1c002e62  PA:1c002e62
26850349ns          459820 1c0094a4 1007c533 p.exths          x10, x15, x0        x10=ffffffe2 x15:0000ffe2
26850369ns          459821 1c0094a8 09d11023 sh               x29, 128(x2)        x29:00000001  x2:10000cd8  PA:10000d58
26850389ns          459822 1c0094ac 0003d483 lhu              x9, 0(x7)            x9=0000fff6  x7:1c002eb2  PA:1c002eb2
26850727ns          459839 1c0094b0 02e80eb3 mul              x29, x16, x14       x29=fffffbc3 x16:fffffff9 x14:0000009b
26850747ns          459840 1c0094b4 40a8d893 srai             x17, x17, 0x40a     x17=00000003 x17:00000ded
26850766ns          459841 1c0094b8 03c80833 mul              x16, x16, x28       x16=ffffff5f x16:fffffff9 x28:00000017
26850786ns          459842 1c0094bc 09e11823 sh               x30, 144(x2)        x30:0000ffba  x2:10000cd8  PA:10000d68
26850806ns          459843 1c0094c0 0005d983 lhu              x19, 0(x11)         x19=0000ffeb x11:1c002e92  PA:1c002e92
26851105ns          459858 1c0094c4 81c88f5b p.muls           x30, x17, x28       x30=00000045 x17:00000003 x28:00000017
26851124ns          459859 1c0094c8 0002d583 lhu              x11, 0(x5)          x11=0000ffec  x5:1c002ea2  PA:1c002ea2
26851423ns          459874 1c0094cc 03ce0fb3 mul              x31, x28, x28       x31=00000211 x28:00000017 x28:00000017
26851443ns          459875 1c0094d0 02e50733 mul              x14, x10, x14       x14=ffffedd6 x10:ffffffe2 x14:0000009b
26851463ns          459876 1c0094d4 40a85813 srai             x16, x16, 0x40a     x16=ffffffff x16:ffffff5f
26851482ns          459877 1c0094d8 03c50533 mul              x10, x10, x28       x10=fffffd4e x10:ffffffe2 x28:00000017
26851502ns          459878 1c0094dc 07015e03 lhu              x28, 112(x2)        x28=0000000b  x2:10000cd8  PA:10000d48
26851542ns          459880 1c0094e0 01b60633 add              x12, x12, x27       x12=0000062a x12:0000009b x27:0000058f
26851562ns          459881 1c0094e2 00980833 add              x16, x16, x9        x16=0000fff5 x16:ffffffff  x9:0000fff6
26851582ns          459882 1c0094e4 06015d83 lhu              x27, 96(x2)         x27=00000035  x2:10000cd8  PA:10000d38
26851602ns          459883 1c0094e8 02812483 lw               x9, 40(x2)           x9=1c002ec2  x2:10000cd8  PA:10000d00
26851622ns          459884 1c0094ea 40afdf93 srai             x31, x31, 0x40a     x31=00000000 x31:00000211
26851642ns          459885 1c0094ee 40a55513 srai             x10, x10, 0x40a     x10=ffffffff x10:fffffd4e
26851661ns          459886 1c0094f0 01cf8fb3 add              x31, x31, x28       x31=0000000b x31:00000000 x28:0000000b
26851681ns          459887 1c0094f2 00b50533 add              x10, x10, x11       x10=0000ffeb x10:ffffffff x11:0000ffec
26851701ns          459888 1c0094f4 09015e03 lhu              x28, 144(x2)        x28=0000ffba  x2:10000cd8  PA:10000d68
26851721ns          459889 1c0094f8 03012583 lw               x11, 48(x2)         x11=1c002ed2  x2:10000cd8  PA:10000d08
26851741ns          459890 1c0094fa 00c49023 sh               x12, 0(x9)          x12:0000062a  x9:1c002ec2  PA:1c002ec2
26852079ns          459907 1c0094fe 01b888b3 add              x17, x17, x27       x17=00000038 x17:00000003 x27:00000035
26852099ns          459908 1c009500 01a30333 add              x6, x6, x26          x6=0000011d  x6:00000017 x26:00000106
26852119ns          459909 1c009502 08015d83 lhu              x27, 128(x2)        x27=00000001  x2:10000cd8  PA:10000d58
26852139ns          459910 1c009506 0000d903 lhu              x18, 0(x1)          x18=0000ffc0  x1:1c002e82  PA:1c002e82
26852437ns          459925 1c00950a 01c686b3 add              x13, x13, x28       x13=0001ffb3 x13:0000fff9 x28:0000ffba
26852457ns          459926 1c00950c 00659023 sh               x6, 0(x11)           x6:0000011d x11:1c002ed2  PA:1c002ed2
26852775ns          459942 1c009510 40af5f13 srai             x30, x30, 0x40a     x30=00000000 x30:00000045
26852795ns          459943 1c009514 04812e03 lw               x28, 72(x2)         x28=1c002f02  x2:10000cd8  PA:10000d20
26852815ns          459944 1c009516 01bf0f33 add              x30, x30, x27       x30=00000001 x30:00000000 x27:00000001
26852835ns          459945 1c009518 40aede93 srai             x29, x29, 0x40a     x29=fffffffe x29:fffffbc3
26852855ns          459946 1c00951c 40a75713 srai             x14, x14, 0x40a     x14=fffffffb x14:ffffedd6
26852875ns          459947 1c00951e 03812603 lw               x12, 56(x2)         x12=1c002ee2  x2:10000cd8  PA:10000d10
26852894ns          459948 1c009520 04012d83 lw               x27, 64(x2)         x27=1c002ef2  x2:10000cd8  PA:10000d18
26852914ns          459949 1c009522 01ee1023 sh               x30, 0(x28)         x30:00000001 x28:1c002f02  PA:1c002f02
26853252ns          459966 1c009526 05812483 lw               x9, 88(x2)           x9=1c002e62  x2:10000cd8  PA:10000d30
26853272ns          459967 1c009528 05012f03 lw               x30, 80(x2)         x30=1c002e72  x2:10000cd8  PA:10000d28
26853292ns          459968 1c00952a 0a012583 lw               x11, 160(x2)        x11=1c002e92  x2:10000cd8  PA:10000d78
26853312ns          459969 1c00952c 014787b3 add              x15, x15, x20       x15=0001feb5 x15:0000ffe2 x20:0000fed3
26853332ns          459970 1c00952e 013e8eb3 add              x29, x29, x19       x29=0000ffe9 x29:fffffffe x19:0000ffeb
26853352ns          459971 1c009530 01270733 add              x14, x14, x18       x14=0000ffbb x14:fffffffb x18:0000ffc0
26853372ns          459972 1c009532 00f49023 sh               x15, 0(x9)          x15:0001feb5  x9:1c002e62  PA:1c002e62
26853690ns          459988 1c009536 01161023 sh               x17, 0(x12)         x17:00000038 x12:1c002ee2  PA:1c002ee2
26854028ns          460005 1c00953a 01fd9023 sh               x31, 0(x27)         x31:0000000b x27:1c002ef2  PA:1c002ef2
26854346ns          460021 1c00953e 00df1023 sh               x13, 0(x30)         x13:0001ffb3 x30:1c002e72  PA:1c002e72
26854664ns          460037 1c009542 01d59023 sh               x29, 0(x11)         x29:0000ffe9 x11:1c002e92  PA:1c002e92
26854983ns          460053 1c009546 00e09023 sh               x14, 0(x1)          x14:0000ffbb  x1:1c002e82  PA:1c002e82
26855321ns          460070 1c00954a 01039023 sh               x16, 0(x7)          x16:0000fff5  x7:1c002eb2  PA:1c002eb2
26855639ns          460086 1c00954e 00a29023 sh               x10, 0(x5)          x10:0000ffeb  x5:1c002ea2  PA:1c002ea2
26855957ns          460102 1c009552 008b0b13 addi             x22, x22, 8         x22=00000059 x22:00000051
26855977ns          460103 1c009554 1f300793 addi             x15, x0, 499        x15=000001f3
26855997ns          460104 1c009558 e767dae3 bge              x15, x22, -396      x15:000001f3 x22:00000059
26856057ns          460107 1c0093cc 010c9a0b p.lh             x20, 16(x25!)       x20=ffffff4d x25=1c00274a x25:1c00273a  PA:1c00273a
26856375ns          460123 1c0093d0 0104198b p.lh             x19, 16(x8!)        x19=ffffffd0  x8=1c001f12  x8:1c001f02  PA:1c001f02
26856713ns          460140 1c0093d4 2cc10513 addi             x10, x2, 716        x10=10000fa4  x2:10000cd8
26856733ns          460141 1c0093d6 010a990b p.lh             x18, 16(x21!)       x18=ffffff46 x21=1c00173e x21:1c00172e  PA:1c00172e
26857051ns          460157 1c0093da 010b948b p.lh             x9, 16(x23!)         x9=ffffffd3 x23=1c000f6e x23:1c000f5e  PA:1c000f5e
26857349ns          460172 1c0093de 2d411623 sh               x20, 716(x2)        x20:ffffff4d  x2:10000cd8  PA:10000fa4
26857389ns          460174 1c0093e2 2d311723 sh               x19, 718(x2)        x19:ffffffd0  x2:10000cd8  PA:10000fa6
26857409ns          460175 1c0093e6 c33ff0ef jal              x1, -974             x1=1c0093e8
26857449ns          460177 1c009018 00051803 lh               x16, 0(x10)         x16=ffffff4d x10:10000fa4  PA:10000fa4
26857469ns          460178 1c00901c 00251883 lh               x17, 2(x10)         x17=ffffffd0 x10:10000fa4  PA:10000fa6
26857489ns          460179 1c009020 030806b3 mul              x13, x16, x16       x13=00007d29 x16:ffffff4d x16:ffffff4d
26857508ns          460180 1c009024 03188633 mul              x12, x17, x17       x12=00000900 x17:ffffffd0 x17:ffffffd0
26857528ns          460181 1c009028 40a65613 srai             x12, x12, 0x40a     x12=00000002 x12:00000900
26857548ns          460182 1c00902a 40a6d693 srai             x13, x13, 0x40a     x13=0000001f x13:00007d29
26857568ns          460183 1c00902c 00c686b3 add              x13, x13, x12       x13=00000021 x13:0000001f x12:00000002
26857588ns          460184 1c00902e 1006c633 p.exths          x12, x13, x0        x12=00000021 x13:00000021
26857608ns          460185 1c009032 00855703 lhu              x14, 8(x10)         x14=0000ffd1 x10:10000fa4  PA:10000fac
26857628ns          460186 1c009036 00a55683 lhu              x13, 10(x10)        x13=0000ff6a x10:10000fa4  PA:10000fae
26857648ns          460187 1c00903a 02c60333 mul              x6, x12, x12         x6=00000441 x12:00000021 x12:00000021
26857687ns          460189 1c00903e 00c55783 lhu              x15, 12(x10)        x15=0000ffe5 x10:10000fa4  PA:10000fb0
26857727ns          460191 1c009042 00e55583 lhu              x11, 14(x10)        x11=00000060 x10:10000fa4  PA:10000fb2
26857747ns          460192 1c009046 dea30333 p.extract        x6, x6, 15, 10       x6=00000001  x6:00000441
26857767ns          460193 1c00904a 80c7075b p.muls           x14, x14, x12       x14=fffff9f1 x14:0000ffd1 x12:00000021
26857787ns          460194 1c00904e 80c686db p.muls           x13, x13, x12       x13=ffffecaa x13:0000ff6a x12:00000021
26857807ns          460195 1c009052 00455e83 lhu              x29, 4(x10)         x29=00000427 x10:10000fa4  PA:10000fa8
26857827ns          460196 1c009056 00655e03 lhu              x28, 6(x10)         x28=0000007f x10:10000fa4  PA:10000faa
26857847ns          460197 1c00905a 40a75713 srai             x14, x14, 0x40a     x14=fffffffe x14:fffff9f1
26857866ns          460198 1c00905c 806787db p.muls           x15, x15, x6        x15=ffffffe5 x15:0000ffe5  x6:00000001
26857906ns          460200 1c009060 40a6d693 srai             x13, x13, 0x40a     x13=fffffffb x13:ffffecaa
26857946ns          460202 1c009062 8065865b p.muls           x12, x11, x6        x12=00000060 x11:00000060  x6:00000001
26857966ns          460203 1c009066 40a7d793 srai             x15, x15, 0x40a     x15=ffffffff x15:ffffffe5
26857986ns          460204 1c009068 40a65613 srai             x12, x12, 0x40a     x12=00000000 x12:00000060
26858006ns          460205 1c00906a 01d70733 add              x14, x14, x29       x14=00000425 x14:fffffffe x29:00000427
26858026ns          460206 1c00906c 01c686b3 add              x13, x13, x28       x13=0000007a x13:fffffffb x28:0000007f
26858045ns          460207 1c00906e 00c686b3 add              x13, x13, x12       x13=0000007a x13:0000007a x12:00000000
26858065ns          460208 1c009070 00f70733 add              x14, x14, x15       x14=00000424 x14:00000425 x15:ffffffff
26858085ns          460209 1c009072 100747b3 p.exths          x15, x14, x0        x15=00000424 x14:00000424
26858105ns          460210 1c009076 1006c733 p.exths          x14, x13, x0        x14=0000007a x13:0000007a
26858125ns          460211 1c00907a 03170633 mul              x12, x14, x17       x12=ffffe920 x14:0000007a x17:ffffffd0
26858145ns          460212 1c00907e 030786b3 mul              x13, x15, x16       x13=fffd1ad4 x15:00000424 x16:ffffff4d
26858165ns          460213 1c009082 03070733 mul              x14, x14, x16       x14=ffffaab2 x14:0000007a x16:ffffff4d
26858185ns          460214 1c009086 031787b3 mul              x15, x15, x17       x15=ffff3940 x15:00000424 x17:ffffffd0
26858205ns          460215 1c00908a 40a6d693 srai             x13, x13, 0x40a     x13=ffffff46 x13:fffd1ad4
26858224ns          460216 1c00908c 40a65613 srai             x12, x12, 0x40a     x12=fffffffa x12:ffffe920
26858244ns          460217 1c00908e 40a7d793 srai             x15, x15, 0x40a     x15=ffffffce x15:ffff3940
26858264ns          460218 1c009090 40a75713 srai             x14, x14, 0x40a     x14=ffffffea x14:ffffaab2
26858284ns          460219 1c009092 40c686b3 sub              x13, x13, x12       x13=ffffff4c x13:ffffff46 x12:fffffffa
26858304ns          460220 1c009094 00e787b3 add              x15, x15, x14       x15=ffffffb8 x15:ffffffce x14:ffffffea
26858324ns          460221 1c009096 00d51823 sh               x13, 16(x10)        x13:ffffff4c x10:10000fa4  PA:10000fb4
26858344ns          460222 1c00909a 00f51923 sh               x15, 18(x10)        x15:ffffffb8 x10:10000fa4  PA:10000fb6
26858364ns          460223 1c00909e 00008067 jalr             x0, x1, 0            x1:1c0093e8
26858483ns          460229 1c0093e8 2dc15583 lhu              x11, 732(x2)        x11=0000ff4c  x2:10000cd8  PA:10000fb4
26858523ns          460231 1c0093ec 2de15783 lhu              x15, 734(x2)        x15=0000ffb8  x2:10000cd8  PA:10000fb6
26858543ns          460232 1c0093f0 40b90933 sub              x18, x18, x11       x18=fffefffa x18:ffffff46 x11:0000ff4c
26858563ns          460233 1c0093f4 40f484b3 sub              x9, x9, x15          x9=ffff001b  x9:ffffffd3 x15:0000ffb8
26858582ns          460234 1c0093f6 100945b3 p.exths          x11, x18, x0        x11=fffffffa x18:fffefffa
26858602ns          460235 1c0093fa 1004c7b3 p.exths          x15, x9, x0         x15=0000001b  x9:ffff001b
26858622ns          460236 1c0093fe 034586b3 mul              x13, x11, x20       x13=00000432 x11:fffffffa x20:ffffff4d
26858642ns          460237 1c009402 03378533 mul              x10, x15, x19       x10=fffffaf0 x15:0000001b x19:ffffffd0
26858662ns          460238 1c009406 034a0633 mul              x12, x20, x20       x12=00007d29 x20:ffffff4d x20:ffffff4d
26858682ns          460239 1c00940a 03398733 mul              x14, x19, x19       x14=00000900 x19:ffffffd0 x19:ffffffd0
26858742ns          460242 1c00940e 034787b3 mul              x15, x15, x20       x15=ffffed1f x15:0000001b x20:ffffff4d
26858781ns          460244 1c009412 033585b3 mul              x11, x11, x19       x11=00000120 x11:fffffffa x19:ffffffd0
26858801ns          460245 1c009416 40a75713 srai             x14, x14, 0x40a     x14=00000002 x14:00000900
26858821ns          460246 1c009418 40a5d593 srai             x11, x11, 0x40a     x11=00000000 x11:00000120
26858841ns          460247 1c00941a 40a65613 srai             x12, x12, 0x40a     x12=0000001f x12:00007d29
26858861ns          460248 1c00941c 40a7d793 srai             x15, x15, 0x40a     x15=fffffffb x15:ffffed1f
26858881ns          460249 1c00941e 1c0034b7 lui              x9, 0x1c003000       x9=1c003000
26858901ns          460250 1c009422 00e60633 add              x12, x12, x14       x12=00000021 x12:0000001f x14:00000002
26858921ns          460251 1c009424 40b787b3 sub              x15, x15, x11       x15=fffffffb x15:fffffffb x11:00000000
26858940ns          460252 1c009426 eb048493 addi             x9, x9, -336         x9=1c002eb0  x9:1c003000
26858960ns          460253 1c00942a 1c0032b7 lui              x5, 0x1c003000       x5=1c003000
26858980ns          460254 1c00942e 1c0035b7 lui              x11, 0x1c003000     x11=1c003000
26859000ns          460255 1c009432 018483b3 add              x7, x9, x24          x7=1c002eb2  x9:1c002eb0 x24:00000002
26859020ns          460256 1c009436 02812e83 lw               x29, 40(x2)         x29=1c002ec2  x2:10000cd8  PA:10000d00
26859040ns          460257 1c009438 10065633 p.exthz          x12, x12, x0        x12=00000021 x12:00000021
26859060ns          460258 1c00943c e8028293 addi             x5, x5, -384         x5=1c002e80  x5:1c003000
26859080ns          460259 1c009440 ea058593 addi             x11, x11, -352      x11=1c002ea0 x11:1c003000
26859100ns          460260 1c009444 03812483 lw               x9, 56(x2)           x9=1c002ee2  x2:10000cd8  PA:10000d10
26859119ns          460261 1c009446 10064733 p.exths          x14, x12, x0        x14=00000021 x12:00000021
26859139ns          460262 1c00944a 018280b3 add              x1, x5, x24          x1=1c002e82  x5:1c002e80 x24:00000002
26859159ns          460263 1c00944e 03012f03 lw               x30, 48(x2)         x30=1c002ed2  x2:10000cd8  PA:10000d08
26859179ns          460264 1c009450 018582b3 add              x5, x11, x24         x5=1c002ea2 x11:1c002ea0 x24:00000002
26859219ns          460266 1c009454 04012583 lw               x11, 64(x2)         x11=1c002ef2  x2:10000cd8  PA:10000d18
26859239ns          460267 1c009456 000edd83 lhu              x27, 0(x29)         x27=0000062a x29:1c002ec2  PA:1c002ec2
26859537ns          460282 1c00945a 0004d483 lhu              x9, 0(x9)            x9=00000038  x9:1c002ee2  PA:1c002ee2
26859835ns          460297 1c00945e 02e70333 mul              x6, x14, x14         x6=00000441 x14:00000021 x14:00000021
26859855ns          460298 1c009462 40a55513 srai             x10, x10, 0x40a     x10=fffffffe x10:fffffaf0
26859875ns          460299 1c009464 04812e83 lw               x29, 72(x2)         x29=1c002f02  x2:10000cd8  PA:10000d20
26859895ns          460300 1c009466 40a6d693 srai             x13, x13, 0x40a     x13=00000001 x13:00000432
26859915ns          460301 1c009468 000f5d03 lhu              x26, 0(x30)         x26=0000011d x30:1c002ed2  PA:1c002ed2
26860213ns          460316 1c00946c 0005d583 lhu              x11, 0(x11)         x11=0000000b x11:1c002ef2  PA:1c002ef2
26860651ns          460338 1c009470 40a35313 srai             x6, x6, 0x40a        x6=00000001  x6:00000441
26860671ns          460339 1c009474 00a686b3 add              x13, x13, x10       x13=ffffffff x13:00000001 x10:fffffffe
26860691ns          460340 1c009476 05012f03 lw               x30, 80(x2)         x30=1c002e72  x2:10000cd8  PA:10000d28
26860710ns          460341 1c009478 10034e33 p.exths          x28, x6, x0         x28=00000001  x6:00000001
26860730ns          460342 1c00947c 06911023 sh               x9, 96(x2)           x9:00000038  x2:10000cd8  PA:10000d38
26860750ns          460343 1c009480 000ede83 lhu              x29, 0(x29)         x29=00000001 x29:1c002f02  PA:1c002f02
26861049ns          460358 1c009484 05812483 lw               x9, 88(x2)           x9=1c002e62  x2:10000cd8  PA:10000d30
26861068ns          460359 1c009486 1006d6b3 p.exthz          x13, x13, x0        x13=0000ffff x13:ffffffff
26861088ns          460360 1c00948a 02ee08b3 mul              x17, x28, x14       x17=00000021 x28:00000001 x14:00000021
26861108ns          460361 1c00948e 1006c833 p.exths          x16, x13, x0        x16=ffffffff x13:0000ffff
26861128ns          460362 1c009492 06b11823 sh               x11, 112(x2)        x11:0000000b  x2:10000cd8  PA:10000d48
26861148ns          460363 1c009496 000f5f03 lhu              x30, 0(x30)         x30=0000ffb3 x30:1c002e72  PA:1c002e72
26861466ns          460379 1c00949a 0a012583 lw               x11, 160(x2)        x11=1c002e92  x2:10000cd8  PA:10000d78
26861486ns          460380 1c00949c 1007d7b3 p.exthz          x15, x15, x0        x15=0000fffb x15:fffffffb
26861506ns          460381 1c0094a0 0004da03 lhu              x20, 0(x9)          x20=0000feb5  x9:1c002e62  PA:1c002e62
26861884ns          460400 1c0094a4 1007c533 p.exths          x10, x15, x0        x10=fffffffb x15:0000fffb
26861904ns          460401 1c0094a8 09d11023 sh               x29, 128(x2)        x29:00000001  x2:10000cd8  PA:10000d58
26861924ns          460402 1c0094ac 0003d483 lhu              x9, 0(x7)            x9=0000fff5  x7:1c002eb2  PA:1c002eb2
26862282ns          460420 1c0094b0 02e80eb3 mul              x29, x16, x14       x29=ffffffdf x16:ffffffff x14:00000021
26862301ns          460421 1c0094b4 40a8d893 srai             x17, x17, 0x40a     x17=00000000 x17:00000021
26862321ns          460422 1c0094b8 03c80833 mul              x16, x16, x28       x16=ffffffff x16:ffffffff x28:00000001
26862341ns          460423 1c0094bc 09e11823 sh               x30, 144(x2)        x30:0000ffb3  x2:10000cd8  PA:10000d68
26862361ns          460424 1c0094c0 0005d983 lhu              x19, 0(x11)         x19=0000ffe9 x11:1c002e92  PA:1c002e92
26862659ns          460439 1c0094c4 81c88f5b p.muls           x30, x17, x28       x30=00000000 x17:00000000 x28:00000001
26862679ns          460440 1c0094c8 0002d583 lhu              x11, 0(x5)          x11=0000ffeb  x5:1c002ea2  PA:1c002ea2
26862978ns          460455 1c0094cc 03ce0fb3 mul              x31, x28, x28       x31=00000001 x28:00000001 x28:00000001
26862998ns          460456 1c0094d0 02e50733 mul              x14, x10, x14       x14=ffffff5b x10:fffffffb x14:00000021
26863017ns          460457 1c0094d4 40a85813 srai             x16, x16, 0x40a     x16=ffffffff x16:ffffffff
26863037ns          460458 1c0094d8 03c50533 mul              x10, x10, x28       x10=fffffffb x10:fffffffb x28:00000001
26863057ns          460459 1c0094dc 07015e03 lhu              x28, 112(x2)        x28=0000000b  x2:10000cd8  PA:10000d48
26863097ns          460461 1c0094e0 01b60633 add              x12, x12, x27       x12=0000064b x12:00000021 x27:0000062a
26863117ns          460462 1c0094e2 00980833 add              x16, x16, x9        x16=0000fff4 x16:ffffffff  x9:0000fff5
26863137ns          460463 1c0094e4 06015d83 lhu              x27, 96(x2)         x27=00000038  x2:10000cd8  PA:10000d38
26863157ns          460464 1c0094e8 02812483 lw               x9, 40(x2)           x9=1c002ec2  x2:10000cd8  PA:10000d00
26863177ns          460465 1c0094ea 40afdf93 srai             x31, x31, 0x40a     x31=00000000 x31:00000001
26863196ns          460466 1c0094ee 40a55513 srai             x10, x10, 0x40a     x10=ffffffff x10:fffffffb
26863216ns          460467 1c0094f0 01cf8fb3 add              x31, x31, x28       x31=0000000b x31:00000000 x28:0000000b
26863236ns          460468 1c0094f2 00b50533 add              x10, x10, x11       x10=0000ffea x10:ffffffff x11:0000ffeb
26863256ns          460469 1c0094f4 09015e03 lhu              x28, 144(x2)        x28=0000ffb3  x2:10000cd8  PA:10000d68
26863276ns          460470 1c0094f8 03012583 lw               x11, 48(x2)         x11=1c002ed2  x2:10000cd8  PA:10000d08
26863296ns          460471 1c0094fa 00c49023 sh               x12, 0(x9)          x12:0000064b  x9:1c002ec2  PA:1c002ec2
26863634ns          460488 1c0094fe 01b888b3 add              x17, x17, x27       x17=00000038 x17:00000000 x27:00000038
26863654ns          460489 1c009500 01a30333 add              x6, x6, x26          x6=0000011e  x6:00000001 x26:0000011d
26863674ns          460490 1c009502 08015d83 lhu              x27, 128(x2)        x27=00000001  x2:10000cd8  PA:10000d58
26863694ns          460491 1c009506 0000d903 lhu              x18, 0(x1)          x18=0000ffbb  x1:1c002e82  PA:1c002e82
26864012ns          460507 1c00950a 01c686b3 add              x13, x13, x28       x13=0001ffb2 x13:0000ffff x28:0000ffb3
26864032ns          460508 1c00950c 00659023 sh               x6, 0(x11)           x6:0000011e x11:1c002ed2  PA:1c002ed2
26864350ns          460524 1c009510 40af5f13 srai             x30, x30, 0x40a     x30=00000000 x30:00000000
26864370ns          460525 1c009514 04812e03 lw               x28, 72(x2)         x28=1c002f02  x2:10000cd8  PA:10000d20
26864390ns          460526 1c009516 01bf0f33 add              x30, x30, x27       x30=00000001 x30:00000000 x27:00000001
26864410ns          460527 1c009518 40aede93 srai             x29, x29, 0x40a     x29=ffffffff x29:ffffffdf
26864429ns          460528 1c00951c 40a75713 srai             x14, x14, 0x40a     x14=ffffffff x14:ffffff5b
26864449ns          460529 1c00951e 03812603 lw               x12, 56(x2)         x12=1c002ee2  x2:10000cd8  PA:10000d10
26864469ns          460530 1c009520 04012d83 lw               x27, 64(x2)         x27=1c002ef2  x2:10000cd8  PA:10000d18
26864489ns          460531 1c009522 01ee1023 sh               x30, 0(x28)         x30:00000001 x28:1c002f02  PA:1c002f02
26864807ns          460547 1c009526 05812483 lw               x9, 88(x2)           x9=1c002e62  x2:10000cd8  PA:10000d30
26864827ns          460548 1c009528 05012f03 lw               x30, 80(x2)         x30=1c002e72  x2:10000cd8  PA:10000d28
26864847ns          460549 1c00952a 0a012583 lw               x11, 160(x2)        x11=1c002e92  x2:10000cd8  PA:10000d78
26864867ns          460550 1c00952c 014787b3 add              x15, x15, x20       x15=0001feb0 x15:0000fffb x20:0000feb5
26864887ns          460551 1c00952e 013e8eb3 add              x29, x29, x19       x29=0000ffe8 x29:ffffffff x19:0000ffe9
26864907ns          460552 1c009530 01270733 add              x14, x14, x18       x14=0000ffba x14:ffffffff x18:0000ffbb
26864927ns          460553 1c009532 00f49023 sh               x15, 0(x9)          x15:0001feb0  x9:1c002e62  PA:1c002e62
26865245ns          460569 1c009536 01161023 sh               x17, 0(x12)         x17:00000038 x12:1c002ee2  PA:1c002ee2
26865563ns          460585 1c00953a 01fd9023 sh               x31, 0(x27)         x31:0000000b x27:1c002ef2  PA:1c002ef2
26865921ns          460603 1c00953e 00df1023 sh               x13, 0(x30)         x13:0001ffb2 x30:1c002e72  PA:1c002e72
26866239ns          460619 1c009542 01d59023 sh               x29, 0(x11)         x29:0000ffe8 x11:1c002e92  PA:1c002e92
26866558ns          460635 1c009546 00e09023 sh               x14, 0(x1)          x14:0000ffba  x1:1c002e82  PA:1c002e82
26866876ns          460651 1c00954a 01039023 sh               x16, 0(x7)          x16:0000fff4  x7:1c002eb2  PA:1c002eb2
26867234ns          460669 1c00954e 00a29023 sh               x10, 0(x5)          x10:0000ffea  x5:1c002ea2  PA:1c002ea2
26867552ns          460685 1c009552 008b0b13 addi             x22, x22, 8         x22=00000061 x22:00000059
26867572ns          460686 1c009554 1f300793 addi             x15, x0, 499        x15=000001f3
26867592ns          460687 1c009558 e767dae3 bge              x15, x22, -396      x15:000001f3 x22:00000061
26867691ns          460692 1c0093cc 010c9a0b p.lh             x20, 16(x25!)       x20=00000072 x25=1c00275a x25:1c00274a  PA:1c00274a
26868009ns          460708 1c0093d0 0104198b p.lh             x19, 16(x8!)        x19=fffffed5  x8=1c001f22  x8:1c001f12  PA:1c001f12
26868308ns          460723 1c0093d4 2cc10513 addi             x10, x2, 716        x10=10000fa4  x2:10000cd8
26868328ns          460724 1c0093d6 010a990b p.lh             x18, 16(x21!)       x18=00000064 x21=1c00174e x21:1c00173e  PA:1c00173e
26868626ns          460739 1c0093da 010b948b p.lh             x9, 16(x23!)         x9=fffffec7 x23=1c000f7e x23:1c000f6e  PA:1c000f6e
26868944ns          460755 1c0093de 2d411623 sh               x20, 716(x2)        x20:00000072  x2:10000cd8  PA:10000fa4
26868964ns          460756 1c0093e2 2d311723 sh               x19, 718(x2)        x19:fffffed5  x2:10000cd8  PA:10000fa6
26868984ns          460757 1c0093e6 c33ff0ef jal              x1, -974             x1=1c0093e8
26869063ns          460761 1c009018 00051803 lh               x16, 0(x10)         x16=00000072 x10:10000fa4  PA:10000fa4
26869103ns          460763 1c00901c 00251883 lh               x17, 2(x10)         x17=fffffed5 x10:10000fa4  PA:10000fa6
26869163ns          460766 1c009020 030806b3 mul              x13, x16, x16       x13=000032c4 x16:00000072 x16:00000072
26869203ns          460768 1c009024 03188633 mul              x12, x17, x17       x12=00015d39 x17:fffffed5 x17:fffffed5
26869222ns          460769 1c009028 40a65613 srai             x12, x12, 0x40a     x12=00000057 x12:00015d39
26869242ns          460770 1c00902a 40a6d693 srai             x13, x13, 0x40a     x13=0000000c x13:000032c4
26869262ns          460771 1c00902c 00c686b3 add              x13, x13, x12       x13=00000063 x13:0000000c x12:00000057
26869282ns          460772 1c00902e 1006c633 p.exths          x12, x13, x0        x12=00000063 x13:00000063
26869302ns          460773 1c009032 00855703 lhu              x14, 8(x10)         x14=0000ffd1 x10:10000fa4  PA:10000fac
26869322ns          460774 1c009036 00a55683 lhu              x13, 10(x10)        x13=0000ff6a x10:10000fa4  PA:10000fae
26869342ns          460775 1c00903a 02c60333 mul              x6, x12, x12         x6=00002649 x12:00000063 x12:00000063
26869362ns          460776 1c00903e 00c55783 lhu              x15, 12(x10)        x15=0000ffe5 x10:10000fa4  PA:10000fb0
26869382ns          460777 1c009042 00e55583 lhu              x11, 14(x10)        x11=00000060 x10:10000fa4  PA:10000fb2
26869401ns          460778 1c009046 dea30333 p.extract        x6, x6, 15, 10       x6=00000009  x6:00002649
26869421ns          460779 1c00904a 80c7075b p.muls           x14, x14, x12       x14=ffffedd3 x14:0000ffd1 x12:00000063
26869441ns          460780 1c00904e 80c686db p.muls           x13, x13, x12       x13=ffffc5fe x13:0000ff6a x12:00000063
26869461ns          460781 1c009052 00455e83 lhu              x29, 4(x10)         x29=00000427 x10:10000fa4  PA:10000fa8
26869481ns          460782 1c009056 00655e03 lhu              x28, 6(x10)         x28=0000007f x10:10000fa4  PA:10000faa
26869501ns          460783 1c00905a 40a75713 srai             x14, x14, 0x40a     x14=fffffffb x14:ffffedd3
26869521ns          460784 1c00905c 806787db p.muls           x15, x15, x6        x15=ffffff0d x15:0000ffe5  x6:00000009
26869541ns          460785 1c009060 40a6d693 srai             x13, x13, 0x40a     x13=fffffff1 x13:ffffc5fe
26869561ns          460786 1c009062 8065865b p.muls           x12, x11, x6        x12=00000360 x11:00000060  x6:00000009
26869580ns          460787 1c009066 40a7d793 srai             x15, x15, 0x40a     x15=ffffffff x15:ffffff0d
26869600ns          460788 1c009068 40a65613 srai             x12, x12, 0x40a     x12=00000000 x12:00000360
26869620ns          460789 1c00906a 01d70733 add              x14, x14, x29       x14=00000422 x14:fffffffb x29:00000427
26869640ns          460790 1c00906c 01c686b3 add              x13, x13, x28       x13=00000070 x13:fffffff1 x28:0000007f
26869660ns          460791 1c00906e 00c686b3 add              x13, x13, x12       x13=00000070 x13:00000070 x12:00000000
26869680ns          460792 1c009070 00f70733 add              x14, x14, x15       x14=00000421 x14:00000422 x15:ffffffff
26869700ns          460793 1c009072 100747b3 p.exths          x15, x14, x0        x15=00000421 x14:00000421
26869720ns          460794 1c009076 1006c733 p.exths          x14, x13, x0        x14=00000070 x13:00000070
26869740ns          460795 1c00907a 03170633 mul              x12, x14, x17       x12=ffff7d30 x14:00000070 x17:fffffed5
26869759ns          460796 1c00907e 030786b3 mul              x13, x15, x16       x13=0001d6b2 x15:00000421 x16:00000072
26869779ns          460797 1c009082 03070733 mul              x14, x14, x16       x14=000031e0 x14:00000070 x16:00000072
26869799ns          460798 1c009086 031787b3 mul              x15, x15, x17       x15=fffb2d75 x15:00000421 x17:fffffed5
26869819ns          460799 1c00908a 40a6d693 srai             x13, x13, 0x40a     x13=00000075 x13:0001d6b2
26869839ns          460800 1c00908c 40a65613 srai             x12, x12, 0x40a     x12=ffffffdf x12:ffff7d30
26869859ns          460801 1c00908e 40a7d793 srai             x15, x15, 0x40a     x15=fffffecb x15:fffb2d75
26869879ns          460802 1c009090 40a75713 srai             x14, x14, 0x40a     x14=0000000c x14:000031e0
26869899ns          460803 1c009092 40c686b3 sub              x13, x13, x12       x13=00000096 x13:00000075 x12:ffffffdf
26869919ns          460804 1c009094 00e787b3 add              x15, x15, x14       x15=fffffed7 x15:fffffecb x14:0000000c
26869938ns          460805 1c009096 00d51823 sh               x13, 16(x10)        x13:00000096 x10:10000fa4  PA:10000fb4
26869958ns          460806 1c00909a 00f51923 sh               x15, 18(x10)        x15:fffffed7 x10:10000fa4  PA:10000fb6
26869978ns          460807 1c00909e 00008067 jalr             x0, x1, 0            x1:1c0093e8
26870058ns          460811 1c0093e8 2dc15583 lhu              x11, 732(x2)        x11=00000096  x2:10000cd8  PA:10000fb4
26870078ns          460812 1c0093ec 2de15783 lhu              x15, 734(x2)        x15=0000fed7  x2:10000cd8  PA:10000fb6
26870098ns          460813 1c0093f0 40b90933 sub              x18, x18, x11       x18=ffffffce x18:00000064 x11:00000096
26870117ns          460814 1c0093f4 40f484b3 sub              x9, x9, x15          x9=fffefff0  x9:fffffec7 x15:0000fed7
26870137ns          460815 1c0093f6 100945b3 p.exths          x11, x18, x0        x11=ffffffce x18:ffffffce
26870157ns          460816 1c0093fa 1004c7b3 p.exths          x15, x9, x0         x15=fffffff0  x9:fffefff0
26870177ns          460817 1c0093fe 034586b3 mul              x13, x11, x20       x13=ffffe9bc x11:ffffffce x20:00000072
26870197ns          460818 1c009402 03378533 mul              x10, x15, x19       x10=000012b0 x15:fffffff0 x19:fffffed5
26870217ns          460819 1c009406 034a0633 mul              x12, x20, x20       x12=000032c4 x20:00000072 x20:00000072
26870237ns          460820 1c00940a 03398733 mul              x14, x19, x19       x14=00015d39 x19:fffffed5 x19:fffffed5
26870257ns          460821 1c00940e 034787b3 mul              x15, x15, x20       x15=fffff8e0 x15:fffffff0 x20:00000072
26870277ns          460822 1c009412 033585b3 mul              x11, x11, x19       x11=00003a66 x11:ffffffce x19:fffffed5
26870296ns          460823 1c009416 40a75713 srai             x14, x14, 0x40a     x14=00000057 x14:00015d39
26870316ns          460824 1c009418 40a5d593 srai             x11, x11, 0x40a     x11=0000000e x11:00003a66
26870336ns          460825 1c00941a 40a65613 srai             x12, x12, 0x40a     x12=0000000c x12:000032c4
26870356ns          460826 1c00941c 40a7d793 srai             x15, x15, 0x40a     x15=fffffffe x15:fffff8e0
26870376ns          460827 1c00941e 1c0034b7 lui              x9, 0x1c003000       x9=1c003000
26870396ns          460828 1c009422 00e60633 add              x12, x12, x14       x12=00000063 x12:0000000c x14:00000057
26870416ns          460829 1c009424 40b787b3 sub              x15, x15, x11       x15=fffffff0 x15:fffffffe x11:0000000e
26870436ns          460830 1c009426 eb048493 addi             x9, x9, -336         x9=1c002eb0  x9:1c003000
26870456ns          460831 1c00942a 1c0032b7 lui              x5, 0x1c003000       x5=1c003000
26870475ns          460832 1c00942e 1c0035b7 lui              x11, 0x1c003000     x11=1c003000
26870495ns          460833 1c009432 018483b3 add              x7, x9, x24          x7=1c002eb2  x9:1c002eb0 x24:00000002
26870515ns          460834 1c009436 02812e83 lw               x29, 40(x2)         x29=1c002ec2  x2:10000cd8  PA:10000d00
26870535ns          460835 1c009438 10065633 p.exthz          x12, x12, x0        x12=00000063 x12:00000063
26870555ns          460836 1c00943c e8028293 addi             x5, x5, -384         x5=1c002e80  x5:1c003000
26870575ns          460837 1c009440 ea058593 addi             x11, x11, -352      x11=1c002ea0 x11:1c003000
26870595ns          460838 1c009444 03812483 lw               x9, 56(x2)           x9=1c002ee2  x2:10000cd8  PA:10000d10
26870615ns          460839 1c009446 10064733 p.exths          x14, x12, x0        x14=00000063 x12:00000063
26870635ns          460840 1c00944a 018280b3 add              x1, x5, x24          x1=1c002e82  x5:1c002e80 x24:00000002
26870654ns          460841 1c00944e 03012f03 lw               x30, 48(x2)         x30=1c002ed2  x2:10000cd8  PA:10000d08
26870674ns          460842 1c009450 018582b3 add              x5, x11, x24         x5=1c002ea2 x11:1c002ea0 x24:00000002
26870694ns          460843 1c009454 04012583 lw               x11, 64(x2)         x11=1c002ef2  x2:10000cd8  PA:10000d18
26870714ns          460844 1c009456 000edd83 lhu              x27, 0(x29)         x27=0000064b x29:1c002ec2  PA:1c002ec2
26871032ns          460860 1c00945a 0004d483 lhu              x9, 0(x9)            x9=00000038  x9:1c002ee2  PA:1c002ee2
26871331ns          460875 1c00945e 02e70333 mul              x6, x14, x14         x6=00002649 x14:00000063 x14:00000063
26871351ns          460876 1c009462 40a55513 srai             x10, x10, 0x40a     x10=00000004 x10:000012b0
26871370ns          460877 1c009464 04812e83 lw               x29, 72(x2)         x29=1c002f02  x2:10000cd8  PA:10000d20
26871390ns          460878 1c009466 40a6d693 srai             x13, x13, 0x40a     x13=fffffffa x13:ffffe9bc
26871410ns          460879 1c009468 000f5d03 lhu              x26, 0(x30)         x26=0000011e x30:1c002ed2  PA:1c002ed2
26871708ns          460894 1c00946c 0005d583 lhu              x11, 0(x11)         x11=0000000b x11:1c002ef2  PA:1c002ef2
26872027ns          460910 1c009470 40a35313 srai             x6, x6, 0x40a        x6=00000009  x6:00002649
26872047ns          460911 1c009474 00a686b3 add              x13, x13, x10       x13=fffffffe x13:fffffffa x10:00000004
26872066ns          460912 1c009476 05012f03 lw               x30, 80(x2)         x30=1c002e72  x2:10000cd8  PA:10000d28
26872086ns          460913 1c009478 10034e33 p.exths          x28, x6, x0         x28=00000009  x6:00000009
26872106ns          460914 1c00947c 06911023 sh               x9, 96(x2)           x9:00000038  x2:10000cd8  PA:10000d38
26872126ns          460915 1c009480 000ede83 lhu              x29, 0(x29)         x29=00000001 x29:1c002f02  PA:1c002f02
26872484ns          460933 1c009484 05812483 lw               x9, 88(x2)           x9=1c002e62  x2:10000cd8  PA:10000d30
26872504ns          460934 1c009486 1006d6b3 p.exthz          x13, x13, x0        x13=0000fffe x13:fffffffe
26872524ns          460935 1c00948a 02ee08b3 mul              x17, x28, x14       x17=0000037b x28:00000009 x14:00000063
26872544ns          460936 1c00948e 1006c833 p.exths          x16, x13, x0        x16=fffffffe x13:0000fffe
26872564ns          460937 1c009492 06b11823 sh               x11, 112(x2)        x11:0000000b  x2:10000cd8  PA:10000d48
26872584ns          460938 1c009496 000f5f03 lhu              x30, 0(x30)         x30=0000ffb2 x30:1c002e72  PA:1c002e72
26872882ns          460953 1c00949a 0a012583 lw               x11, 160(x2)        x11=1c002e92  x2:10000cd8  PA:10000d78
26872902ns          460954 1c00949c 1007d7b3 p.exthz          x15, x15, x0        x15=0000fff0 x15:fffffff0
26872922ns          460955 1c0094a0 0004da03 lhu              x20, 0(x9)          x20=0000feb0  x9:1c002e62  PA:1c002e62
26873240ns          460971 1c0094a4 1007c533 p.exths          x10, x15, x0        x10=fffffff0 x15:0000fff0
26873260ns          460972 1c0094a8 09d11023 sh               x29, 128(x2)        x29:00000001  x2:10000cd8  PA:10000d58
26873280ns          460973 1c0094ac 0003d483 lhu              x9, 0(x7)            x9=0000fff4  x7:1c002eb2  PA:1c002eb2
26873578ns          460988 1c0094b0 02e80eb3 mul              x29, x16, x14       x29=ffffff3a x16:fffffffe x14:00000063
26873598ns          460989 1c0094b4 40a8d893 srai             x17, x17, 0x40a     x17=00000000 x17:0000037b
26873618ns          460990 1c0094b8 03c80833 mul              x16, x16, x28       x16=ffffffee x16:fffffffe x28:00000009
26873638ns          460991 1c0094bc 09e11823 sh               x30, 144(x2)        x30:0000ffb2  x2:10000cd8  PA:10000d68
26873658ns          460992 1c0094c0 0005d983 lhu              x19, 0(x11)         x19=0000ffe8 x11:1c002e92  PA:1c002e92
26873956ns          461007 1c0094c4 81c88f5b p.muls           x30, x17, x28       x30=00000000 x17:00000000 x28:00000009
26873976ns          461008 1c0094c8 0002d583 lhu              x11, 0(x5)          x11=0000ffea  x5:1c002ea2  PA:1c002ea2
26874294ns          461024 1c0094cc 03ce0fb3 mul              x31, x28, x28       x31=00000051 x28:00000009 x28:00000009
26874314ns          461025 1c0094d0 02e50733 mul              x14, x10, x14       x14=fffff9d0 x10:fffffff0 x14:00000063
26874334ns          461026 1c0094d4 40a85813 srai             x16, x16, 0x40a     x16=ffffffff x16:ffffffee
26874354ns          461027 1c0094d8 03c50533 mul              x10, x10, x28       x10=ffffff70 x10:fffffff0 x28:00000009
26874373ns          461028 1c0094dc 07015e03 lhu              x28, 112(x2)        x28=0000000b  x2:10000cd8  PA:10000d48
26874393ns          461029 1c0094e0 01b60633 add              x12, x12, x27       x12=000006ae x12:00000063 x27:0000064b
26874413ns          461030 1c0094e2 00980833 add              x16, x16, x9        x16=0000fff3 x16:ffffffff  x9:0000fff4
26874433ns          461031 1c0094e4 06015d83 lhu              x27, 96(x2)         x27=00000038  x2:10000cd8  PA:10000d38
26874453ns          461032 1c0094e8 02812483 lw               x9, 40(x2)           x9=1c002ec2  x2:10000cd8  PA:10000d00
26874473ns          461033 1c0094ea 40afdf93 srai             x31, x31, 0x40a     x31=00000000 x31:00000051
26874493ns          461034 1c0094ee 40a55513 srai             x10, x10, 0x40a     x10=ffffffff x10:ffffff70
26874513ns          461035 1c0094f0 01cf8fb3 add              x31, x31, x28       x31=0000000b x31:00000000 x28:0000000b
26874533ns          461036 1c0094f2 00b50533 add              x10, x10, x11       x10=0000ffe9 x10:ffffffff x11:0000ffea
26874552ns          461037 1c0094f4 09015e03 lhu              x28, 144(x2)        x28=0000ffb2  x2:10000cd8  PA:10000d68
26874572ns          461038 1c0094f8 03012583 lw               x11, 48(x2)         x11=1c002ed2  x2:10000cd8  PA:10000d08
26874592ns          461039 1c0094fa 00c49023 sh               x12, 0(x9)          x12:000006ae  x9:1c002ec2  PA:1c002ec2
26874930ns          461056 1c0094fe 01b888b3 add              x17, x17, x27       x17=00000038 x17:00000000 x27:00000038
26874950ns          461057 1c009500 01a30333 add              x6, x6, x26          x6=00000127  x6:00000009 x26:0000011e
26874970ns          461058 1c009502 08015d83 lhu              x27, 128(x2)        x27=00000001  x2:10000cd8  PA:10000d58
26874990ns          461059 1c009506 0000d903 lhu              x18, 0(x1)          x18=0000ffba  x1:1c002e82  PA:1c002e82
26875328ns          461076 1c00950a 01c686b3 add              x13, x13, x28       x13=0001ffb0 x13:0000fffe x28:0000ffb2
26875348ns          461077 1c00950c 00659023 sh               x6, 0(x11)           x6:00000127 x11:1c002ed2  PA:1c002ed2
26875666ns          461093 1c009510 40af5f13 srai             x30, x30, 0x40a     x30=00000000 x30:00000000
26875686ns          461094 1c009514 04812e03 lw               x28, 72(x2)         x28=1c002f02  x2:10000cd8  PA:10000d20
26875706ns          461095 1c009516 01bf0f33 add              x30, x30, x27       x30=00000001 x30:00000000 x27:00000001
26875726ns          461096 1c009518 40aede93 srai             x29, x29, 0x40a     x29=ffffffff x29:ffffff3a
26875746ns          461097 1c00951c 40a75713 srai             x14, x14, 0x40a     x14=fffffffe x14:fffff9d0
26875766ns          461098 1c00951e 03812603 lw               x12, 56(x2)         x12=1c002ee2  x2:10000cd8  PA:10000d10
26875786ns          461099 1c009520 04012d83 lw               x27, 64(x2)         x27=1c002ef2  x2:10000cd8  PA:10000d18
26875805ns          461100 1c009522 01ee1023 sh               x30, 0(x28)         x30:00000001 x28:1c002f02  PA:1c002f02
26876124ns          461116 1c009526 05812483 lw               x9, 88(x2)           x9=1c002e62  x2:10000cd8  PA:10000d30
26876144ns          461117 1c009528 05012f03 lw               x30, 80(x2)         x30=1c002e72  x2:10000cd8  PA:10000d28
26876163ns          461118 1c00952a 0a012583 lw               x11, 160(x2)        x11=1c002e92  x2:10000cd8  PA:10000d78
26876183ns          461119 1c00952c 014787b3 add              x15, x15, x20       x15=0001fea0 x15:0000fff0 x20:0000feb0
26876203ns          461120 1c00952e 013e8eb3 add              x29, x29, x19       x29=0000ffe7 x29:ffffffff x19:0000ffe8
26876223ns          461121 1c009530 01270733 add              x14, x14, x18       x14=0000ffb8 x14:fffffffe x18:0000ffba
26876243ns          461122 1c009532 00f49023 sh               x15, 0(x9)          x15:0001fea0  x9:1c002e62  PA:1c002e62
26876561ns          461138 1c009536 01161023 sh               x17, 0(x12)         x17:00000038 x12:1c002ee2  PA:1c002ee2
26876879ns          461154 1c00953a 01fd9023 sh               x31, 0(x27)         x31:0000000b x27:1c002ef2  PA:1c002ef2
26877198ns          461170 1c00953e 00df1023 sh               x13, 0(x30)         x13:0001ffb0 x30:1c002e72  PA:1c002e72
26877516ns          461186 1c009542 01d59023 sh               x29, 0(x11)         x29:0000ffe7 x11:1c002e92  PA:1c002e92
26877854ns          461203 1c009546 00e09023 sh               x14, 0(x1)          x14:0000ffb8  x1:1c002e82  PA:1c002e82
26878172ns          461219 1c00954a 01039023 sh               x16, 0(x7)          x16:0000fff3  x7:1c002eb2  PA:1c002eb2
26878490ns          461235 1c00954e 00a29023 sh               x10, 0(x5)          x10:0000ffe9  x5:1c002ea2  PA:1c002ea2
26878809ns          461251 1c009552 008b0b13 addi             x22, x22, 8         x22=00000069 x22:00000061
26878828ns          461252 1c009554 1f300793 addi             x15, x0, 499        x15=000001f3
26878848ns          461253 1c009558 e767dae3 bge              x15, x22, -396      x15:000001f3 x22:00000069
26878908ns          461256 1c0093cc 010c9a0b p.lh             x20, 16(x25!)       x20=00000258 x25=1c00276a x25:1c00275a  PA:1c00275a
26879206ns          461271 1c0093d0 0104198b p.lh             x19, 16(x8!)        x19=00000186  x8=1c001f32  x8:1c001f22  PA:1c001f22
26879505ns          461286 1c0093d4 2cc10513 addi             x10, x2, 716        x10=10000fa4  x2:10000cd8
26879524ns          461287 1c0093d6 010a990b p.lh             x18, 16(x21!)       x18=00000281 x21=1c00175e x21:1c00174e  PA:1c00174e
26879823ns          461302 1c0093da 010b948b p.lh             x9, 16(x23!)         x9=000000f6 x23=1c000f8e x23:1c000f7e  PA:1c000f7e
26880121ns          461317 1c0093de 2d411623 sh               x20, 716(x2)        x20:00000258  x2:10000cd8  PA:10000fa4
26880141ns          461318 1c0093e2 2d311723 sh               x19, 718(x2)        x19:00000186  x2:10000cd8  PA:10000fa6
26880161ns          461319 1c0093e6 c33ff0ef jal              x1, -974             x1=1c0093e8
26880201ns          461321 1c009018 00051803 lh               x16, 0(x10)         x16=00000258 x10:10000fa4  PA:10000fa4
26880221ns          461322 1c00901c 00251883 lh               x17, 2(x10)         x17=00000186 x10:10000fa4  PA:10000fa6
26880280ns          461325 1c009020 030806b3 mul              x13, x16, x16       x13=00057e40 x16:00000258 x16:00000258
26880320ns          461327 1c009024 03188633 mul              x12, x17, x17       x12=00025224 x17:00000186 x17:00000186
26880340ns          461328 1c009028 40a65613 srai             x12, x12, 0x40a     x12=00000094 x12:00025224
26880360ns          461329 1c00902a 40a6d693 srai             x13, x13, 0x40a     x13=0000015f x13:00057e40
26880380ns          461330 1c00902c 00c686b3 add              x13, x13, x12       x13=000001f3 x13:0000015f x12:00000094
26880400ns          461331 1c00902e 1006c633 p.exths          x12, x13, x0        x12=000001f3 x13:000001f3
26880419ns          461332 1c009032 00855703 lhu              x14, 8(x10)         x14=0000ffd1 x10:10000fa4  PA:10000fac
26880439ns          461333 1c009036 00a55683 lhu              x13, 10(x10)        x13=0000ff6a x10:10000fa4  PA:10000fae
26880459ns          461334 1c00903a 02c60333 mul              x6, x12, x12         x6=0003cca9 x12:000001f3 x12:000001f3
26880499ns          461336 1c00903e 00c55783 lhu              x15, 12(x10)        x15=0000ffe5 x10:10000fa4  PA:10000fb0
26880559ns          461339 1c009042 00e55583 lhu              x11, 14(x10)        x11=00000060 x10:10000fa4  PA:10000fb2
26880579ns          461340 1c009046 dea30333 p.extract        x6, x6, 15, 10       x6=000000f3  x6:0003cca9
26880598ns          461341 1c00904a 80c7075b p.muls           x14, x14, x12       x14=ffffa463 x14:0000ffd1 x12:000001f3
26880618ns          461342 1c00904e 80c686db p.muls           x13, x13, x12       x13=fffedb9e x13:0000ff6a x12:000001f3
26880638ns          461343 1c009052 00455e83 lhu              x29, 4(x10)         x29=00000427 x10:10000fa4  PA:10000fa8
26880658ns          461344 1c009056 00655e03 lhu              x28, 6(x10)         x28=0000007f x10:10000fa4  PA:10000faa
26880678ns          461345 1c00905a 40a75713 srai             x14, x14, 0x40a     x14=ffffffe9 x14:ffffa463
26880698ns          461346 1c00905c 806787db p.muls           x15, x15, x6        x15=ffffe65f x15:0000ffe5  x6:000000f3
26880718ns          461347 1c009060 40a6d693 srai             x13, x13, 0x40a     x13=ffffffb6 x13:fffedb9e
26880738ns          461348 1c009062 8065865b p.muls           x12, x11, x6        x12=00005b20 x11:00000060  x6:000000f3
26880758ns          461349 1c009066 40a7d793 srai             x15, x15, 0x40a     x15=fffffff9 x15:ffffe65f
26880777ns          461350 1c009068 40a65613 srai             x12, x12, 0x40a     x12=00000016 x12:00005b20
26880797ns          461351 1c00906a 01d70733 add              x14, x14, x29       x14=00000410 x14:ffffffe9 x29:00000427
26880817ns          461352 1c00906c 01c686b3 add              x13, x13, x28       x13=00000035 x13:ffffffb6 x28:0000007f
26880837ns          461353 1c00906e 00c686b3 add              x13, x13, x12       x13=0000004b x13:00000035 x12:00000016
26880857ns          461354 1c009070 00f70733 add              x14, x14, x15       x14=00000409 x14:00000410 x15:fffffff9
26880877ns          461355 1c009072 100747b3 p.exths          x15, x14, x0        x15=00000409 x14:00000409
26880897ns          461356 1c009076 1006c733 p.exths          x14, x13, x0        x14=0000004b x13:0000004b
26880917ns          461357 1c00907a 03170633 mul              x12, x14, x17       x12=00007242 x14:0000004b x17:00000186
26880937ns          461358 1c00907e 030786b3 mul              x13, x15, x16       x13=00097518 x15:00000409 x16:00000258
26880956ns          461359 1c009082 03070733 mul              x14, x14, x16       x14=0000afc8 x14:0000004b x16:00000258
26880976ns          461360 1c009086 031787b3 mul              x15, x15, x17       x15=000625b6 x15:00000409 x17:00000186
26880996ns          461361 1c00908a 40a6d693 srai             x13, x13, 0x40a     x13=0000025d x13:00097518
26881016ns          461362 1c00908c 40a65613 srai             x12, x12, 0x40a     x12=0000001c x12:00007242
26881036ns          461363 1c00908e 40a7d793 srai             x15, x15, 0x40a     x15=00000189 x15:000625b6
26881056ns          461364 1c009090 40a75713 srai             x14, x14, 0x40a     x14=0000002b x14:0000afc8
26881076ns          461365 1c009092 40c686b3 sub              x13, x13, x12       x13=00000241 x13:0000025d x12:0000001c
26881096ns          461366 1c009094 00e787b3 add              x15, x15, x14       x15=000001b4 x15:00000189 x14:0000002b
26881116ns          461367 1c009096 00d51823 sh               x13, 16(x10)        x13:00000241 x10:10000fa4  PA:10000fb4
26881135ns          461368 1c00909a 00f51923 sh               x15, 18(x10)        x15:000001b4 x10:10000fa4  PA:10000fb6
26881155ns          461369 1c00909e 00008067 jalr             x0, x1, 0            x1:1c0093e8
26881195ns          461371 1c0093e8 2dc15583 lhu              x11, 732(x2)        x11=00000241  x2:10000cd8  PA:10000fb4
26881215ns          461372 1c0093ec 2de15783 lhu              x15, 734(x2)        x15=000001b4  x2:10000cd8  PA:10000fb6
26881235ns          461373 1c0093f0 40b90933 sub              x18, x18, x11       x18=00000040 x18:00000281 x11:00000241
26881255ns          461374 1c0093f4 40f484b3 sub              x9, x9, x15          x9=ffffff42  x9:000000f6 x15:000001b4
26881275ns          461375 1c0093f6 100945b3 p.exths          x11, x18, x0        x11=00000040 x18:00000040
26881295ns          461376 1c0093fa 1004c7b3 p.exths          x15, x9, x0         x15=ffffff42  x9:ffffff42
26881314ns          461377 1c0093fe 034586b3 mul              x13, x11, x20       x13=00009600 x11:00000040 x20:00000258
26881334ns          461378 1c009402 03378533 mul              x10, x15, x19       x10=fffede8c x15:ffffff42 x19:00000186
26881354ns          461379 1c009406 034a0633 mul              x12, x20, x20       x12=00057e40 x20:00000258 x20:00000258
26881374ns          461380 1c00940a 03398733 mul              x14, x19, x19       x14=00025224 x19:00000186 x19:00000186
26881434ns          461383 1c00940e 034787b3 mul              x15, x15, x20       x15=fffe42b0 x15:ffffff42 x20:00000258
26881474ns          461385 1c009412 033585b3 mul              x11, x11, x19       x11=00006180 x11:00000040 x19:00000186
26881493ns          461386 1c009416 40a75713 srai             x14, x14, 0x40a     x14=00000094 x14:00025224
26881513ns          461387 1c009418 40a5d593 srai             x11, x11, 0x40a     x11=00000018 x11:00006180
26881533ns          461388 1c00941a 40a65613 srai             x12, x12, 0x40a     x12=0000015f x12:00057e40
26881553ns          461389 1c00941c 40a7d793 srai             x15, x15, 0x40a     x15=ffffff90 x15:fffe42b0
26881573ns          461390 1c00941e 1c0034b7 lui              x9, 0x1c003000       x9=1c003000
26881593ns          461391 1c009422 00e60633 add              x12, x12, x14       x12=000001f3 x12:0000015f x14:00000094
26881613ns          461392 1c009424 40b787b3 sub              x15, x15, x11       x15=ffffff78 x15:ffffff90 x11:00000018
26881633ns          461393 1c009426 eb048493 addi             x9, x9, -336         x9=1c002eb0  x9:1c003000
26881652ns          461394 1c00942a 1c0032b7 lui              x5, 0x1c003000       x5=1c003000
26881672ns          461395 1c00942e 1c0035b7 lui              x11, 0x1c003000     x11=1c003000
26881692ns          461396 1c009432 018483b3 add              x7, x9, x24          x7=1c002eb2  x9:1c002eb0 x24:00000002
26881712ns          461397 1c009436 02812e83 lw               x29, 40(x2)         x29=1c002ec2  x2:10000cd8  PA:10000d00
26881732ns          461398 1c009438 10065633 p.exthz          x12, x12, x0        x12=000001f3 x12:000001f3
26881752ns          461399 1c00943c e8028293 addi             x5, x5, -384         x5=1c002e80  x5:1c003000
26881772ns          461400 1c009440 ea058593 addi             x11, x11, -352      x11=1c002ea0 x11:1c003000
26881812ns          461402 1c009444 03812483 lw               x9, 56(x2)           x9=1c002ee2  x2:10000cd8  PA:10000d10
26881831ns          461403 1c009446 10064733 p.exths          x14, x12, x0        x14=000001f3 x12:000001f3
26881851ns          461404 1c00944a 018280b3 add              x1, x5, x24          x1=1c002e82  x5:1c002e80 x24:00000002
26881871ns          461405 1c00944e 03012f03 lw               x30, 48(x2)         x30=1c002ed2  x2:10000cd8  PA:10000d08
26881911ns          461407 1c009450 018582b3 add              x5, x11, x24         x5=1c002ea2 x11:1c002ea0 x24:00000002
26881951ns          461409 1c009454 04012583 lw               x11, 64(x2)         x11=1c002ef2  x2:10000cd8  PA:10000d18
26881971ns          461410 1c009456 000edd83 lhu              x27, 0(x29)         x27=000006ae x29:1c002ec2  PA:1c002ec2
26882269ns          461425 1c00945a 0004d483 lhu              x9, 0(x9)            x9=00000038  x9:1c002ee2  PA:1c002ee2
26882567ns          461440 1c00945e 02e70333 mul              x6, x14, x14         x6=0003cca9 x14:000001f3 x14:000001f3
26882587ns          461441 1c009462 40a55513 srai             x10, x10, 0x40a     x10=ffffffb7 x10:fffede8c
26882607ns          461442 1c009464 04812e83 lw               x29, 72(x2)         x29=1c002f02  x2:10000cd8  PA:10000d20
26882627ns          461443 1c009466 40a6d693 srai             x13, x13, 0x40a     x13=00000025 x13:00009600
26882647ns          461444 1c009468 000f5d03 lhu              x26, 0(x30)         x26=00000127 x30:1c002ed2  PA:1c002ed2
26882985ns          461461 1c00946c 0005d583 lhu              x11, 0(x11)         x11=0000000b x11:1c002ef2  PA:1c002ef2
26883383ns          461481 1c009470 40a35313 srai             x6, x6, 0x40a        x6=000000f3  x6:0003cca9
26883403ns          461482 1c009474 00a686b3 add              x13, x13, x10       x13=ffffffdc x13:00000025 x10:ffffffb7
26883423ns          461483 1c009476 05012f03 lw               x30, 80(x2)         x30=1c002e72  x2:10000cd8  PA:10000d28
26883442ns          461484 1c009478 10034e33 p.exths          x28, x6, x0         x28=000000f3  x6:000000f3
26883462ns          461485 1c00947c 06911023 sh               x9, 96(x2)           x9:00000038  x2:10000cd8  PA:10000d38
26883482ns          461486 1c009480 000ede83 lhu              x29, 0(x29)         x29=00000001 x29:1c002f02  PA:1c002f02
26883781ns          461501 1c009484 05812483 lw               x9, 88(x2)           x9=1c002e62  x2:10000cd8  PA:10000d30
26883800ns          461502 1c009486 1006d6b3 p.exthz          x13, x13, x0        x13=0000ffdc x13:ffffffdc
26883820ns          461503 1c00948a 02ee08b3 mul              x17, x28, x14       x17=0001d9a9 x28:000000f3 x14:000001f3
26883840ns          461504 1c00948e 1006c833 p.exths          x16, x13, x0        x16=ffffffdc x13:0000ffdc
26883860ns          461505 1c009492 06b11823 sh               x11, 112(x2)        x11:0000000b  x2:10000cd8  PA:10000d48
26883880ns          461506 1c009496 000f5f03 lhu              x30, 0(x30)         x30=0000ffb0 x30:1c002e72  PA:1c002e72
26884198ns          461522 1c00949a 0a012583 lw               x11, 160(x2)        x11=1c002e92  x2:10000cd8  PA:10000d78
26884218ns          461523 1c00949c 1007d7b3 p.exthz          x15, x15, x0        x15=0000ff78 x15:ffffff78
26884238ns          461524 1c0094a0 0004da03 lhu              x20, 0(x9)          x20=0000fea0  x9:1c002e62  PA:1c002e62
26884536ns          461539 1c0094a4 1007c533 p.exths          x10, x15, x0        x10=ffffff78 x15:0000ff78
26884556ns          461540 1c0094a8 09d11023 sh               x29, 128(x2)        x29:00000001  x2:10000cd8  PA:10000d58
26884576ns          461541 1c0094ac 0003d483 lhu              x9, 0(x7)            x9=0000fff3  x7:1c002eb2  PA:1c002eb2
26884914ns          461558 1c0094b0 02e80eb3 mul              x29, x16, x14       x29=ffffb9d4 x16:ffffffdc x14:000001f3
26884934ns          461559 1c0094b4 40a8d893 srai             x17, x17, 0x40a     x17=00000076 x17:0001d9a9
26884954ns          461560 1c0094b8 03c80833 mul              x16, x16, x28       x16=ffffddd4 x16:ffffffdc x28:000000f3
26884974ns          461561 1c0094bc 09e11823 sh               x30, 144(x2)        x30:0000ffb0  x2:10000cd8  PA:10000d68
26884994ns          461562 1c0094c0 0005d983 lhu              x19, 0(x11)         x19=0000ffe7 x11:1c002e92  PA:1c002e92
26885372ns          461581 1c0094c4 81c88f5b p.muls           x30, x17, x28       x30=00007002 x17:00000076 x28:000000f3
26885391ns          461582 1c0094c8 0002d583 lhu              x11, 0(x5)          x11=0000ffe9  x5:1c002ea2  PA:1c002ea2
26885789ns          461602 1c0094cc 03ce0fb3 mul              x31, x28, x28       x31=0000e6a9 x28:000000f3 x28:000000f3
26885809ns          461603 1c0094d0 02e50733 mul              x14, x10, x14       x14=fffef6e8 x10:ffffff78 x14:000001f3
26885829ns          461604 1c0094d4 40a85813 srai             x16, x16, 0x40a     x16=fffffff7 x16:ffffddd4
26885849ns          461605 1c0094d8 03c50533 mul              x10, x10, x28       x10=ffff7ee8 x10:ffffff78 x28:000000f3
26885869ns          461606 1c0094dc 07015e03 lhu              x28, 112(x2)        x28=0000000b  x2:10000cd8  PA:10000d48
26885889ns          461607 1c0094e0 01b60633 add              x12, x12, x27       x12=000008a1 x12:000001f3 x27:000006ae
26885909ns          461608 1c0094e2 00980833 add              x16, x16, x9        x16=0000ffea x16:fffffff7  x9:0000fff3
26885928ns          461609 1c0094e4 06015d83 lhu              x27, 96(x2)         x27=00000038  x2:10000cd8  PA:10000d38
26885948ns          461610 1c0094e8 02812483 lw               x9, 40(x2)           x9=1c002ec2  x2:10000cd8  PA:10000d00
26885968ns          461611 1c0094ea 40afdf93 srai             x31, x31, 0x40a     x31=00000039 x31:0000e6a9
26885988ns          461612 1c0094ee 40a55513 srai             x10, x10, 0x40a     x10=ffffffdf x10:ffff7ee8
26886008ns          461613 1c0094f0 01cf8fb3 add              x31, x31, x28       x31=00000044 x31:00000039 x28:0000000b
26886028ns          461614 1c0094f2 00b50533 add              x10, x10, x11       x10=0000ffc8 x10:ffffffdf x11:0000ffe9
26886048ns          461615 1c0094f4 09015e03 lhu              x28, 144(x2)        x28=0000ffb0  x2:10000cd8  PA:10000d68
26886068ns          461616 1c0094f8 03012583 lw               x11, 48(x2)         x11=1c002ed2  x2:10000cd8  PA:10000d08
26886088ns          461617 1c0094fa 00c49023 sh               x12, 0(x9)          x12:000008a1  x9:1c002ec2  PA:1c002ec2
26886406ns          461633 1c0094fe 01b888b3 add              x17, x17, x27       x17=000000ae x17:00000076 x27:00000038
26886426ns          461634 1c009500 01a30333 add              x6, x6, x26          x6=0000021a  x6:000000f3 x26:00000127
26886446ns          461635 1c009502 08015d83 lhu              x27, 128(x2)        x27=00000001  x2:10000cd8  PA:10000d58
26886465ns          461636 1c009506 0000d903 lhu              x18, 0(x1)          x18=0000ffb8  x1:1c002e82  PA:1c002e82
26886764ns          461651 1c00950a 01c686b3 add              x13, x13, x28       x13=0001ff8c x13:0000ffdc x28:0000ffb0
26886784ns          461652 1c00950c 00659023 sh               x6, 0(x11)           x6:0000021a x11:1c002ed2  PA:1c002ed2
26887102ns          461668 1c009510 40af5f13 srai             x30, x30, 0x40a     x30=0000001c x30:00007002
26887122ns          461669 1c009514 04812e03 lw               x28, 72(x2)         x28=1c002f02  x2:10000cd8  PA:10000d20
26887142ns          461670 1c009516 01bf0f33 add              x30, x30, x27       x30=0000001d x30:0000001c x27:00000001
26887161ns          461671 1c009518 40aede93 srai             x29, x29, 0x40a     x29=ffffffee x29:ffffb9d4
26887181ns          461672 1c00951c 40a75713 srai             x14, x14, 0x40a     x14=ffffffbd x14:fffef6e8
26887201ns          461673 1c00951e 03812603 lw               x12, 56(x2)         x12=1c002ee2  x2:10000cd8  PA:10000d10
26887221ns          461674 1c009520 04012d83 lw               x27, 64(x2)         x27=1c002ef2  x2:10000cd8  PA:10000d18
26887241ns          461675 1c009522 01ee1023 sh               x30, 0(x28)         x30:0000001d x28:1c002f02  PA:1c002f02
26887639ns          461695 1c009526 05812483 lw               x9, 88(x2)           x9=1c002e62  x2:10000cd8  PA:10000d30
26887659ns          461696 1c009528 05012f03 lw               x30, 80(x2)         x30=1c002e72  x2:10000cd8  PA:10000d28
26887679ns          461697 1c00952a 0a012583 lw               x11, 160(x2)        x11=1c002e92  x2:10000cd8  PA:10000d78
26887698ns          461698 1c00952c 014787b3 add              x15, x15, x20       x15=0001fe18 x15:0000ff78 x20:0000fea0
26887718ns          461699 1c00952e 013e8eb3 add              x29, x29, x19       x29=0000ffd5 x29:ffffffee x19:0000ffe7
26887738ns          461700 1c009530 01270733 add              x14, x14, x18       x14=0000ff75 x14:ffffffbd x18:0000ffb8
26887758ns          461701 1c009532 00f49023 sh               x15, 0(x9)          x15:0001fe18  x9:1c002e62  PA:1c002e62
26888076ns          461717 1c009536 01161023 sh               x17, 0(x12)         x17:000000ae x12:1c002ee2  PA:1c002ee2
26888395ns          461733 1c00953a 01fd9023 sh               x31, 0(x27)         x31:00000044 x27:1c002ef2  PA:1c002ef2
26888713ns          461749 1c00953e 00df1023 sh               x13, 0(x30)         x13:0001ff8c x30:1c002e72  PA:1c002e72
26889031ns          461765 1c009542 01d59023 sh               x29, 0(x11)         x29:0000ffd5 x11:1c002e92  PA:1c002e92
26889349ns          461781 1c009546 00e09023 sh               x14, 0(x1)          x14:0000ff75  x1:1c002e82  PA:1c002e82
26889707ns          461799 1c00954a 01039023 sh               x16, 0(x7)          x16:0000ffea  x7:1c002eb2  PA:1c002eb2
26890025ns          461815 1c00954e 00a29023 sh               x10, 0(x5)          x10:0000ffc8  x5:1c002ea2  PA:1c002ea2
26890344ns          461831 1c009552 008b0b13 addi             x22, x22, 8         x22=00000071 x22:00000069
26890363ns          461832 1c009554 1f300793 addi             x15, x0, 499        x15=000001f3
26890383ns          461833 1c009558 e767dae3 bge              x15, x22, -396      x15:000001f3 x22:00000071
26890523ns          461840 1c0093cc 010c9a0b p.lh             x20, 16(x25!)       x20=fffffdb5 x25=1c00277a x25:1c00276a  PA:1c00276a
26890841ns          461856 1c0093d0 0104198b p.lh             x19, 16(x8!)        x19=ffffffa7  x8=1c001f42  x8:1c001f32  PA:1c001f32
26891199ns          461874 1c0093d4 2cc10513 addi             x10, x2, 716        x10=10000fa4  x2:10000cd8
26891219ns          461875 1c0093d6 010a990b p.lh             x18, 16(x21!)       x18=fffffdbf x21=1c00176e x21:1c00175e  PA:1c00175e
26891517ns          461890 1c0093da 010b948b p.lh             x9, 16(x23!)         x9=0000000c x23=1c000f9e x23:1c000f8e  PA:1c000f8e
26891815ns          461905 1c0093de 2d411623 sh               x20, 716(x2)        x20:fffffdb5  x2:10000cd8  PA:10000fa4
26891835ns          461906 1c0093e2 2d311723 sh               x19, 718(x2)        x19:ffffffa7  x2:10000cd8  PA:10000fa6
26891855ns          461907 1c0093e6 c33ff0ef jal              x1, -974             x1=1c0093e8
26891935ns          461911 1c009018 00051803 lh               x16, 0(x10)         x16=fffffdb5 x10:10000fa4  PA:10000fa4
26891974ns          461913 1c00901c 00251883 lh               x17, 2(x10)         x17=ffffffa7 x10:10000fa4  PA:10000fa6
26892014ns          461915 1c009020 030806b3 mul              x13, x16, x16       x13=000541f9 x16:fffffdb5 x16:fffffdb5
26892034ns          461916 1c009024 03188633 mul              x12, x17, x17       x12=00001ef1 x17:ffffffa7 x17:ffffffa7
26892054ns          461917 1c009028 40a65613 srai             x12, x12, 0x40a     x12=00000007 x12:00001ef1
26892074ns          461918 1c00902a 40a6d693 srai             x13, x13, 0x40a     x13=00000150 x13:000541f9
26892094ns          461919 1c00902c 00c686b3 add              x13, x13, x12       x13=00000157 x13:00000150 x12:00000007
26892114ns          461920 1c00902e 1006c633 p.exths          x12, x13, x0        x12=00000157 x13:00000157
26892133ns          461921 1c009032 00855703 lhu              x14, 8(x10)         x14=0000ffd1 x10:10000fa4  PA:10000fac
26892153ns          461922 1c009036 00a55683 lhu              x13, 10(x10)        x13=0000ff6a x10:10000fa4  PA:10000fae
26892173ns          461923 1c00903a 02c60333 mul              x6, x12, x12         x6=0001cb91 x12:00000157 x12:00000157
26892193ns          461924 1c00903e 00c55783 lhu              x15, 12(x10)        x15=0000ffe5 x10:10000fa4  PA:10000fb0
26892213ns          461925 1c009042 00e55583 lhu              x11, 14(x10)        x11=00000060 x10:10000fa4  PA:10000fb2
26892233ns          461926 1c009046 dea30333 p.extract        x6, x6, 15, 10       x6=00000072  x6:0001cb91
26892253ns          461927 1c00904a 80c7075b p.muls           x14, x14, x12       x14=ffffc107 x14:0000ffd1 x12:00000157
26892273ns          461928 1c00904e 80c686db p.muls           x13, x13, x12       x13=ffff3706 x13:0000ff6a x12:00000157
26892293ns          461929 1c009052 00455e83 lhu              x29, 4(x10)         x29=00000427 x10:10000fa4  PA:10000fa8
26892312ns          461930 1c009056 00655e03 lhu              x28, 6(x10)         x28=0000007f x10:10000fa4  PA:10000faa
26892332ns          461931 1c00905a 40a75713 srai             x14, x14, 0x40a     x14=fffffff0 x14:ffffc107
26892352ns          461932 1c00905c 806787db p.muls           x15, x15, x6        x15=fffff3fa x15:0000ffe5  x6:00000072
26892392ns          461934 1c009060 40a6d693 srai             x13, x13, 0x40a     x13=ffffffcd x13:ffff3706
26892432ns          461936 1c009062 8065865b p.muls           x12, x11, x6        x12=00002ac0 x11:00000060  x6:00000072
26892452ns          461937 1c009066 40a7d793 srai             x15, x15, 0x40a     x15=fffffffc x15:fffff3fa
26892472ns          461938 1c009068 40a65613 srai             x12, x12, 0x40a     x12=0000000a x12:00002ac0
26892491ns          461939 1c00906a 01d70733 add              x14, x14, x29       x14=00000417 x14:fffffff0 x29:00000427
26892511ns          461940 1c00906c 01c686b3 add              x13, x13, x28       x13=0000004c x13:ffffffcd x28:0000007f
26892531ns          461941 1c00906e 00c686b3 add              x13, x13, x12       x13=00000056 x13:0000004c x12:0000000a
26892551ns          461942 1c009070 00f70733 add              x14, x14, x15       x14=00000413 x14:00000417 x15:fffffffc
26892571ns          461943 1c009072 100747b3 p.exths          x15, x14, x0        x15=00000413 x14:00000413
26892591ns          461944 1c009076 1006c733 p.exths          x14, x13, x0        x14=00000056 x13:00000056
26892611ns          461945 1c00907a 03170633 mul              x12, x14, x17       x12=ffffe21a x14:00000056 x17:ffffffa7
26892631ns          461946 1c00907e 030786b3 mul              x13, x15, x16       x13=fff6a86f x15:00000413 x16:fffffdb5
26892651ns          461947 1c009082 03070733 mul              x14, x14, x16       x14=ffff3ace x14:00000056 x16:fffffdb5
26892670ns          461948 1c009086 031787b3 mul              x15, x15, x17       x15=fffe9565 x15:00000413 x17:ffffffa7
26892690ns          461949 1c00908a 40a6d693 srai             x13, x13, 0x40a     x13=fffffdaa x13:fff6a86f
26892710ns          461950 1c00908c 40a65613 srai             x12, x12, 0x40a     x12=fffffff8 x12:ffffe21a
26892730ns          461951 1c00908e 40a7d793 srai             x15, x15, 0x40a     x15=ffffffa5 x15:fffe9565
26892750ns          461952 1c009090 40a75713 srai             x14, x14, 0x40a     x14=ffffffce x14:ffff3ace
26892770ns          461953 1c009092 40c686b3 sub              x13, x13, x12       x13=fffffdb2 x13:fffffdaa x12:fffffff8
26892790ns          461954 1c009094 00e787b3 add              x15, x15, x14       x15=ffffff73 x15:ffffffa5 x14:ffffffce
26892810ns          461955 1c009096 00d51823 sh               x13, 16(x10)        x13:fffffdb2 x10:10000fa4  PA:10000fb4
26892830ns          461956 1c00909a 00f51923 sh               x15, 18(x10)        x15:ffffff73 x10:10000fa4  PA:10000fb6
26892849ns          461957 1c00909e 00008067 jalr             x0, x1, 0            x1:1c0093e8
26892969ns          461963 1c0093e8 2dc15583 lhu              x11, 732(x2)        x11=0000fdb2  x2:10000cd8  PA:10000fb4
26893009ns          461965 1c0093ec 2de15783 lhu              x15, 734(x2)        x15=0000ff73  x2:10000cd8  PA:10000fb6
26893048ns          461967 1c0093f0 40b90933 sub              x18, x18, x11       x18=ffff000d x18:fffffdbf x11:0000fdb2
26893068ns          461968 1c0093f4 40f484b3 sub              x9, x9, x15          x9=ffff0099  x9:0000000c x15:0000ff73
26893088ns          461969 1c0093f6 100945b3 p.exths          x11, x18, x0        x11=0000000d x18:ffff000d
26893108ns          461970 1c0093fa 1004c7b3 p.exths          x15, x9, x0         x15=00000099  x9:ffff0099
26893128ns          461971 1c0093fe 034586b3 mul              x13, x11, x20       x13=ffffe231 x11:0000000d x20:fffffdb5
26893148ns          461972 1c009402 03378533 mul              x10, x15, x19       x10=ffffcacf x15:00000099 x19:ffffffa7
26893168ns          461973 1c009406 034a0633 mul              x12, x20, x20       x12=000541f9 x20:fffffdb5 x20:fffffdb5
26893188ns          461974 1c00940a 03398733 mul              x14, x19, x19       x14=00001ef1 x19:ffffffa7 x19:ffffffa7
26893207ns          461975 1c00940e 034787b3 mul              x15, x15, x20       x15=fffea12d x15:00000099 x20:fffffdb5
26893227ns          461976 1c009412 033585b3 mul              x11, x11, x19       x11=fffffb7b x11:0000000d x19:ffffffa7
26893247ns          461977 1c009416 40a75713 srai             x14, x14, 0x40a     x14=00000007 x14:00001ef1
26893267ns          461978 1c009418 40a5d593 srai             x11, x11, 0x40a     x11=fffffffe x11:fffffb7b
26893287ns          461979 1c00941a 40a65613 srai             x12, x12, 0x40a     x12=00000150 x12:000541f9
26893307ns          461980 1c00941c 40a7d793 srai             x15, x15, 0x40a     x15=ffffffa8 x15:fffea12d
26893327ns          461981 1c00941e 1c0034b7 lui              x9, 0x1c003000       x9=1c003000
26893347ns          461982 1c009422 00e60633 add              x12, x12, x14       x12=00000157 x12:00000150 x14:00000007
26893367ns          461983 1c009424 40b787b3 sub              x15, x15, x11       x15=ffffffaa x15:ffffffa8 x11:fffffffe
26893386ns          461984 1c009426 eb048493 addi             x9, x9, -336         x9=1c002eb0  x9:1c003000
26893406ns          461985 1c00942a 1c0032b7 lui              x5, 0x1c003000       x5=1c003000
26893426ns          461986 1c00942e 1c0035b7 lui              x11, 0x1c003000     x11=1c003000
26893446ns          461987 1c009432 018483b3 add              x7, x9, x24          x7=1c002eb2  x9:1c002eb0 x24:00000002
26893466ns          461988 1c009436 02812e83 lw               x29, 40(x2)         x29=1c002ec2  x2:10000cd8  PA:10000d00
26893486ns          461989 1c009438 10065633 p.exthz          x12, x12, x0        x12=00000157 x12:00000157
26893506ns          461990 1c00943c e8028293 addi             x5, x5, -384         x5=1c002e80  x5:1c003000
26893526ns          461991 1c009440 ea058593 addi             x11, x11, -352      x11=1c002ea0 x11:1c003000
26893546ns          461992 1c009444 03812483 lw               x9, 56(x2)           x9=1c002ee2  x2:10000cd8  PA:10000d10
26893565ns          461993 1c009446 10064733 p.exths          x14, x12, x0        x14=00000157 x12:00000157
26893585ns          461994 1c00944a 018280b3 add              x1, x5, x24          x1=1c002e82  x5:1c002e80 x24:00000002
26893605ns          461995 1c00944e 03012f03 lw               x30, 48(x2)         x30=1c002ed2  x2:10000cd8  PA:10000d08
26893625ns          461996 1c009450 018582b3 add              x5, x11, x24         x5=1c002ea2 x11:1c002ea0 x24:00000002
26893645ns          461997 1c009454 04012583 lw               x11, 64(x2)         x11=1c002ef2  x2:10000cd8  PA:10000d18
26893665ns          461998 1c009456 000edd83 lhu              x27, 0(x29)         x27=000008a1 x29:1c002ec2  PA:1c002ec2
26893963ns          462013 1c00945a 0004d483 lhu              x9, 0(x9)            x9=000000ae  x9:1c002ee2  PA:1c002ee2
26894281ns          462029 1c00945e 02e70333 mul              x6, x14, x14         x6=0001cb91 x14:00000157 x14:00000157
26894301ns          462030 1c009462 40a55513 srai             x10, x10, 0x40a     x10=fffffff2 x10:ffffcacf
26894321ns          462031 1c009464 04812e83 lw               x29, 72(x2)         x29=1c002f02  x2:10000cd8  PA:10000d20
26894341ns          462032 1c009466 40a6d693 srai             x13, x13, 0x40a     x13=fffffff8 x13:ffffe231
26894361ns          462033 1c009468 000f5d03 lhu              x26, 0(x30)         x26=0000021a x30:1c002ed2  PA:1c002ed2
26894699ns          462050 1c00946c 0005d583 lhu              x11, 0(x11)         x11=00000044 x11:1c002ef2  PA:1c002ef2
26895017ns          462066 1c009470 40a35313 srai             x6, x6, 0x40a        x6=00000072  x6:0001cb91
26895037ns          462067 1c009474 00a686b3 add              x13, x13, x10       x13=ffffffea x13:fffffff8 x10:fffffff2
26895057ns          462068 1c009476 05012f03 lw               x30, 80(x2)         x30=1c002e72  x2:10000cd8  PA:10000d28
26895077ns          462069 1c009478 10034e33 p.exths          x28, x6, x0         x28=00000072  x6:00000072
26895097ns          462070 1c00947c 06911023 sh               x9, 96(x2)           x9:000000ae  x2:10000cd8  PA:10000d38
26895117ns          462071 1c009480 000ede83 lhu              x29, 0(x29)         x29=0000001d x29:1c002f02  PA:1c002f02
26895415ns          462086 1c009484 05812483 lw               x9, 88(x2)           x9=1c002e62  x2:10000cd8  PA:10000d30
26895435ns          462087 1c009486 1006d6b3 p.exthz          x13, x13, x0        x13=0000ffea x13:ffffffea
26895455ns          462088 1c00948a 02ee08b3 mul              x17, x28, x14       x17=000098be x28:00000072 x14:00000157
26895475ns          462089 1c00948e 1006c833 p.exths          x16, x13, x0        x16=ffffffea x13:0000ffea
26895495ns          462090 1c009492 06b11823 sh               x11, 112(x2)        x11:00000044  x2:10000cd8  PA:10000d48
26895514ns          462091 1c009496 000f5f03 lhu              x30, 0(x30)         x30=0000ff8c x30:1c002e72  PA:1c002e72
26895813ns          462106 1c00949a 0a012583 lw               x11, 160(x2)        x11=1c002e92  x2:10000cd8  PA:10000d78
26895833ns          462107 1c00949c 1007d7b3 p.exthz          x15, x15, x0        x15=0000ffaa x15:ffffffaa
26895853ns          462108 1c0094a0 0004da03 lhu              x20, 0(x9)          x20=0000fe18  x9:1c002e62  PA:1c002e62
26896230ns          462127 1c0094a4 1007c533 p.exths          x10, x15, x0        x10=ffffffaa x15:0000ffaa
26896250ns          462128 1c0094a8 09d11023 sh               x29, 128(x2)        x29:0000001d  x2:10000cd8  PA:10000d58
26896270ns          462129 1c0094ac 0003d483 lhu              x9, 0(x7)            x9=0000ffea  x7:1c002eb2  PA:1c002eb2
26896568ns          462144 1c0094b0 02e80eb3 mul              x29, x16, x14       x29=ffffe286 x16:ffffffea x14:00000157
26896588ns          462145 1c0094b4 40a8d893 srai             x17, x17, 0x40a     x17=00000026 x17:000098be
26896608ns          462146 1c0094b8 03c80833 mul              x16, x16, x28       x16=fffff634 x16:ffffffea x28:00000072
26896628ns          462147 1c0094bc 09e11823 sh               x30, 144(x2)        x30:0000ff8c  x2:10000cd8  PA:10000d68
26896648ns          462148 1c0094c0 0005d983 lhu              x19, 0(x11)         x19=0000ffd5 x11:1c002e92  PA:1c002e92
26896946ns          462163 1c0094c4 81c88f5b p.muls           x30, x17, x28       x30=000010ec x17:00000026 x28:00000072
26896966ns          462164 1c0094c8 0002d583 lhu              x11, 0(x5)          x11=0000ffc8  x5:1c002ea2  PA:1c002ea2
26897265ns          462179 1c0094cc 03ce0fb3 mul              x31, x28, x28       x31=000032c4 x28:00000072 x28:00000072
26897284ns          462180 1c0094d0 02e50733 mul              x14, x10, x14       x14=ffff8cc6 x10:ffffffaa x14:00000157
26897304ns          462181 1c0094d4 40a85813 srai             x16, x16, 0x40a     x16=fffffffd x16:fffff634
26897324ns          462182 1c0094d8 03c50533 mul              x10, x10, x28       x10=ffffd9b4 x10:ffffffaa x28:00000072
26897344ns          462183 1c0094dc 07015e03 lhu              x28, 112(x2)        x28=00000044  x2:10000cd8  PA:10000d48
26897364ns          462184 1c0094e0 01b60633 add              x12, x12, x27       x12=000009f8 x12:00000157 x27:000008a1
26897384ns          462185 1c0094e2 00980833 add              x16, x16, x9        x16=0000ffe7 x16:fffffffd  x9:0000ffea
26897404ns          462186 1c0094e4 06015d83 lhu              x27, 96(x2)         x27=000000ae  x2:10000cd8  PA:10000d38
26897424ns          462187 1c0094e8 02812483 lw               x9, 40(x2)           x9=1c002ec2  x2:10000cd8  PA:10000d00
26897444ns          462188 1c0094ea 40afdf93 srai             x31, x31, 0x40a     x31=0000000c x31:000032c4
26897463ns          462189 1c0094ee 40a55513 srai             x10, x10, 0x40a     x10=fffffff6 x10:ffffd9b4
26897483ns          462190 1c0094f0 01cf8fb3 add              x31, x31, x28       x31=00000050 x31:0000000c x28:00000044
26897503ns          462191 1c0094f2 00b50533 add              x10, x10, x11       x10=0000ffbe x10:fffffff6 x11:0000ffc8
26897523ns          462192 1c0094f4 09015e03 lhu              x28, 144(x2)        x28=0000ff8c  x2:10000cd8  PA:10000d68
26897543ns          462193 1c0094f8 03012583 lw               x11, 48(x2)         x11=1c002ed2  x2:10000cd8  PA:10000d08
26897563ns          462194 1c0094fa 00c49023 sh               x12, 0(x9)          x12:000009f8  x9:1c002ec2  PA:1c002ec2
26897881ns          462210 1c0094fe 01b888b3 add              x17, x17, x27       x17=000000d4 x17:00000026 x27:000000ae
26897901ns          462211 1c009500 01a30333 add              x6, x6, x26          x6=0000028c  x6:00000072 x26:0000021a
26897921ns          462212 1c009502 08015d83 lhu              x27, 128(x2)        x27=0000001d  x2:10000cd8  PA:10000d58
26897941ns          462213 1c009506 0000d903 lhu              x18, 0(x1)          x18=0000ff75  x1:1c002e82  PA:1c002e82
26898239ns          462228 1c00950a 01c686b3 add              x13, x13, x28       x13=0001ff76 x13:0000ffea x28:0000ff8c
26898259ns          462229 1c00950c 00659023 sh               x6, 0(x11)           x6:0000028c x11:1c002ed2  PA:1c002ed2
26898597ns          462246 1c009510 40af5f13 srai             x30, x30, 0x40a     x30=00000004 x30:000010ec
26898617ns          462247 1c009514 04812e03 lw               x28, 72(x2)         x28=1c002f02  x2:10000cd8  PA:10000d20
26898637ns          462248 1c009516 01bf0f33 add              x30, x30, x27       x30=00000021 x30:00000004 x27:0000001d
26898657ns          462249 1c009518 40aede93 srai             x29, x29, 0x40a     x29=fffffff8 x29:ffffe286
26898677ns          462250 1c00951c 40a75713 srai             x14, x14, 0x40a     x14=ffffffe3 x14:ffff8cc6
26898697ns          462251 1c00951e 03812603 lw               x12, 56(x2)         x12=1c002ee2  x2:10000cd8  PA:10000d10
26898716ns          462252 1c009520 04012d83 lw               x27, 64(x2)         x27=1c002ef2  x2:10000cd8  PA:10000d18
26898736ns          462253 1c009522 01ee1023 sh               x30, 0(x28)         x30:00000021 x28:1c002f02  PA:1c002f02
26899054ns          462269 1c009526 05812483 lw               x9, 88(x2)           x9=1c002e62  x2:10000cd8  PA:10000d30
26899074ns          462270 1c009528 05012f03 lw               x30, 80(x2)         x30=1c002e72  x2:10000cd8  PA:10000d28
26899094ns          462271 1c00952a 0a012583 lw               x11, 160(x2)        x11=1c002e92  x2:10000cd8  PA:10000d78
26899114ns          462272 1c00952c 014787b3 add              x15, x15, x20       x15=0001fdc2 x15:0000ffaa x20:0000fe18
26899134ns          462273 1c00952e 013e8eb3 add              x29, x29, x19       x29=0000ffcd x29:fffffff8 x19:0000ffd5
26899154ns          462274 1c009530 01270733 add              x14, x14, x18       x14=0000ff58 x14:ffffffe3 x18:0000ff75
26899174ns          462275 1c009532 00f49023 sh               x15, 0(x9)          x15:0001fdc2  x9:1c002e62  PA:1c002e62
26899512ns          462292 1c009536 01161023 sh               x17, 0(x12)         x17:000000d4 x12:1c002ee2  PA:1c002ee2
26899850ns          462309 1c00953a 01fd9023 sh               x31, 0(x27)         x31:00000050 x27:1c002ef2  PA:1c002ef2
26900188ns          462326 1c00953e 00df1023 sh               x13, 0(x30)         x13:0001ff76 x30:1c002e72  PA:1c002e72
26900506ns          462342 1c009542 01d59023 sh               x29, 0(x11)         x29:0000ffcd x11:1c002e92  PA:1c002e92
26900825ns          462358 1c009546 00e09023 sh               x14, 0(x1)          x14:0000ff58  x1:1c002e82  PA:1c002e82
26901143ns          462374 1c00954a 01039023 sh               x16, 0(x7)          x16:0000ffe7  x7:1c002eb2  PA:1c002eb2
26901481ns          462391 1c00954e 00a29023 sh               x10, 0(x5)          x10:0000ffbe  x5:1c002ea2  PA:1c002ea2
26901799ns          462407 1c009552 008b0b13 addi             x22, x22, 8         x22=00000079 x22:00000071
26901819ns          462408 1c009554 1f300793 addi             x15, x0, 499        x15=000001f3
26901839ns          462409 1c009558 e767dae3 bge              x15, x22, -396      x15:000001f3 x22:00000079
26901898ns          462412 1c0093cc 010c9a0b p.lh             x20, 16(x25!)       x20=0000008b x25=1c00278a x25:1c00277a  PA:1c00277a
26902197ns          462427 1c0093d0 0104198b p.lh             x19, 16(x8!)        x19=0000010c  x8=1c001f52  x8:1c001f42  PA:1c001f42
26902515ns          462443 1c0093d4 2cc10513 addi             x10, x2, 716        x10=10000fa4  x2:10000cd8
26902535ns          462444 1c0093d6 010a990b p.lh             x18, 16(x21!)       x18=000000a9 x21=1c00177e x21:1c00176e  PA:1c00176e
26902853ns          462460 1c0093da 010b948b p.lh             x9, 16(x23!)         x9=000000fc x23=1c000fae x23:1c000f9e  PA:1c000f9e
26903151ns          462475 1c0093de 2d411623 sh               x20, 716(x2)        x20:0000008b  x2:10000cd8  PA:10000fa4
26903191ns          462477 1c0093e2 2d311723 sh               x19, 718(x2)        x19:0000010c  x2:10000cd8  PA:10000fa6
26903211ns          462478 1c0093e6 c33ff0ef jal              x1, -974             x1=1c0093e8
26903251ns          462480 1c009018 00051803 lh               x16, 0(x10)         x16=0000008b x10:10000fa4  PA:10000fa4
26903291ns          462482 1c00901c 00251883 lh               x17, 2(x10)         x17=0000010c x10:10000fa4  PA:10000fa6
26903330ns          462484 1c009020 030806b3 mul              x13, x16, x16       x13=00004b79 x16:0000008b x16:0000008b
26903370ns          462486 1c009024 03188633 mul              x12, x17, x17       x12=00011890 x17:0000010c x17:0000010c
26903390ns          462487 1c009028 40a65613 srai             x12, x12, 0x40a     x12=00000046 x12:00011890
26903410ns          462488 1c00902a 40a6d693 srai             x13, x13, 0x40a     x13=00000012 x13:00004b79
26903430ns          462489 1c00902c 00c686b3 add              x13, x13, x12       x13=00000058 x13:00000012 x12:00000046
26903450ns          462490 1c00902e 1006c633 p.exths          x12, x13, x0        x12=00000058 x13:00000058
26903470ns          462491 1c009032 00855703 lhu              x14, 8(x10)         x14=0000ffd1 x10:10000fa4  PA:10000fac
26903490ns          462492 1c009036 00a55683 lhu              x13, 10(x10)        x13=0000ff6a x10:10000fa4  PA:10000fae
26903509ns          462493 1c00903a 02c60333 mul              x6, x12, x12         x6=00001e40 x12:00000058 x12:00000058
26903529ns          462494 1c00903e 00c55783 lhu              x15, 12(x10)        x15=0000ffe5 x10:10000fa4  PA:10000fb0
26903549ns          462495 1c009042 00e55583 lhu              x11, 14(x10)        x11=00000060 x10:10000fa4  PA:10000fb2
26903569ns          462496 1c009046 dea30333 p.extract        x6, x6, 15, 10       x6=00000007  x6:00001e40
26903589ns          462497 1c00904a 80c7075b p.muls           x14, x14, x12       x14=ffffefd8 x14:0000ffd1 x12:00000058
26903629ns          462499 1c00904e 80c686db p.muls           x13, x13, x12       x13=ffffcc70 x13:0000ff6a x12:00000058
26903669ns          462501 1c009052 00455e83 lhu              x29, 4(x10)         x29=00000427 x10:10000fa4  PA:10000fa8
26903688ns          462502 1c009056 00655e03 lhu              x28, 6(x10)         x28=0000007f x10:10000fa4  PA:10000faa
26903708ns          462503 1c00905a 40a75713 srai             x14, x14, 0x40a     x14=fffffffb x14:ffffefd8
26903728ns          462504 1c00905c 806787db p.muls           x15, x15, x6        x15=ffffff43 x15:0000ffe5  x6:00000007
26903768ns          462506 1c009060 40a6d693 srai             x13, x13, 0x40a     x13=fffffff3 x13:ffffcc70
26903808ns          462508 1c009062 8065865b p.muls           x12, x11, x6        x12=000002a0 x11:00000060  x6:00000007
26903828ns          462509 1c009066 40a7d793 srai             x15, x15, 0x40a     x15=ffffffff x15:ffffff43
26903848ns          462510 1c009068 40a65613 srai             x12, x12, 0x40a     x12=00000000 x12:000002a0
26903867ns          462511 1c00906a 01d70733 add              x14, x14, x29       x14=00000422 x14:fffffffb x29:00000427
26903887ns          462512 1c00906c 01c686b3 add              x13, x13, x28       x13=00000072 x13:fffffff3 x28:0000007f
26903907ns          462513 1c00906e 00c686b3 add              x13, x13, x12       x13=00000072 x13:00000072 x12:00000000
26903927ns          462514 1c009070 00f70733 add              x14, x14, x15       x14=00000421 x14:00000422 x15:ffffffff
26903947ns          462515 1c009072 100747b3 p.exths          x15, x14, x0        x15=00000421 x14:00000421
26903967ns          462516 1c009076 1006c733 p.exths          x14, x13, x0        x14=00000072 x13:00000072
26903987ns          462517 1c00907a 03170633 mul              x12, x14, x17       x12=00007758 x14:00000072 x17:0000010c
26904007ns          462518 1c00907e 030786b3 mul              x13, x15, x16       x13=00023deb x15:00000421 x16:0000008b
26904026ns          462519 1c009082 03070733 mul              x14, x14, x16       x14=00003de6 x14:00000072 x16:0000008b
26904046ns          462520 1c009086 031787b3 mul              x15, x15, x17       x15=0004528c x15:00000421 x17:0000010c
26904066ns          462521 1c00908a 40a6d693 srai             x13, x13, 0x40a     x13=0000008f x13:00023deb
26904086ns          462522 1c00908c 40a65613 srai             x12, x12, 0x40a     x12=0000001d x12:00007758
26904106ns          462523 1c00908e 40a7d793 srai             x15, x15, 0x40a     x15=00000114 x15:0004528c
26904126ns          462524 1c009090 40a75713 srai             x14, x14, 0x40a     x14=0000000f x14:00003de6
26904146ns          462525 1c009092 40c686b3 sub              x13, x13, x12       x13=00000072 x13:0000008f x12:0000001d
26904166ns          462526 1c009094 00e787b3 add              x15, x15, x14       x15=00000123 x15:00000114 x14:0000000f
26904186ns          462527 1c009096 00d51823 sh               x13, 16(x10)        x13:00000072 x10:10000fa4  PA:10000fb4
26904205ns          462528 1c00909a 00f51923 sh               x15, 18(x10)        x15:00000123 x10:10000fa4  PA:10000fb6
26904245ns          462530 1c00909e 00008067 jalr             x0, x1, 0            x1:1c0093e8
26904305ns          462533 1c0093e8 2dc15583 lhu              x11, 732(x2)        x11=00000072  x2:10000cd8  PA:10000fb4
26904345ns          462535 1c0093ec 2de15783 lhu              x15, 734(x2)        x15=00000123  x2:10000cd8  PA:10000fb6
26904384ns          462537 1c0093f0 40b90933 sub              x18, x18, x11       x18=00000037 x18:000000a9 x11:00000072
26904404ns          462538 1c0093f4 40f484b3 sub              x9, x9, x15          x9=ffffffd9  x9:000000fc x15:00000123
26904424ns          462539 1c0093f6 100945b3 p.exths          x11, x18, x0        x11=00000037 x18:00000037
26904444ns          462540 1c0093fa 1004c7b3 p.exths          x15, x9, x0         x15=ffffffd9  x9:ffffffd9
26904464ns          462541 1c0093fe 034586b3 mul              x13, x11, x20       x13=00001ddd x11:00000037 x20:0000008b
26904484ns          462542 1c009402 03378533 mul              x10, x15, x19       x10=ffffd72c x15:ffffffd9 x19:0000010c
26904504ns          462543 1c009406 034a0633 mul              x12, x20, x20       x12=00004b79 x20:0000008b x20:0000008b
26904524ns          462544 1c00940a 03398733 mul              x14, x19, x19       x14=00011890 x19:0000010c x19:0000010c
26904544ns          462545 1c00940e 034787b3 mul              x15, x15, x20       x15=ffffead3 x15:ffffffd9 x20:0000008b
26904563ns          462546 1c009412 033585b3 mul              x11, x11, x19       x11=00003994 x11:00000037 x19:0000010c
26904583ns          462547 1c009416 40a75713 srai             x14, x14, 0x40a     x14=00000046 x14:00011890
26904603ns          462548 1c009418 40a5d593 srai             x11, x11, 0x40a     x11=0000000e x11:00003994
26904623ns          462549 1c00941a 40a65613 srai             x12, x12, 0x40a     x12=00000012 x12:00004b79
26904643ns          462550 1c00941c 40a7d793 srai             x15, x15, 0x40a     x15=fffffffa x15:ffffead3
26904663ns          462551 1c00941e 1c0034b7 lui              x9, 0x1c003000       x9=1c003000
26904683ns          462552 1c009422 00e60633 add              x12, x12, x14       x12=00000058 x12:00000012 x14:00000046
26904703ns          462553 1c009424 40b787b3 sub              x15, x15, x11       x15=ffffffec x15:fffffffa x11:0000000e
26904723ns          462554 1c009426 eb048493 addi             x9, x9, -336         x9=1c002eb0  x9:1c003000
26904742ns          462555 1c00942a 1c0032b7 lui              x5, 0x1c003000       x5=1c003000
26904762ns          462556 1c00942e 1c0035b7 lui              x11, 0x1c003000     x11=1c003000
26904782ns          462557 1c009432 018483b3 add              x7, x9, x24          x7=1c002eb2  x9:1c002eb0 x24:00000002
26904802ns          462558 1c009436 02812e83 lw               x29, 40(x2)         x29=1c002ec2  x2:10000cd8  PA:10000d00
26904822ns          462559 1c009438 10065633 p.exthz          x12, x12, x0        x12=00000058 x12:00000058
26904842ns          462560 1c00943c e8028293 addi             x5, x5, -384         x5=1c002e80  x5:1c003000
26904862ns          462561 1c009440 ea058593 addi             x11, x11, -352      x11=1c002ea0 x11:1c003000
26904902ns          462563 1c009444 03812483 lw               x9, 56(x2)           x9=1c002ee2  x2:10000cd8  PA:10000d10
26904921ns          462564 1c009446 10064733 p.exths          x14, x12, x0        x14=00000058 x12:00000058
26904941ns          462565 1c00944a 018280b3 add              x1, x5, x24          x1=1c002e82  x5:1c002e80 x24:00000002
26904961ns          462566 1c00944e 03012f03 lw               x30, 48(x2)         x30=1c002ed2  x2:10000cd8  PA:10000d08
26904981ns          462567 1c009450 018582b3 add              x5, x11, x24         x5=1c002ea2 x11:1c002ea0 x24:00000002
26905001ns          462568 1c009454 04012583 lw               x11, 64(x2)         x11=1c002ef2  x2:10000cd8  PA:10000d18
26905021ns          462569 1c009456 000edd83 lhu              x27, 0(x29)         x27=000009f8 x29:1c002ec2  PA:1c002ec2
26905319ns          462584 1c00945a 0004d483 lhu              x9, 0(x9)            x9=000000d4  x9:1c002ee2  PA:1c002ee2
26905618ns          462599 1c00945e 02e70333 mul              x6, x14, x14         x6=00001e40 x14:00000058 x14:00000058
26905637ns          462600 1c009462 40a55513 srai             x10, x10, 0x40a     x10=fffffff5 x10:ffffd72c
26905657ns          462601 1c009464 04812e83 lw               x29, 72(x2)         x29=1c002f02  x2:10000cd8  PA:10000d20
26905677ns          462602 1c009466 40a6d693 srai             x13, x13, 0x40a     x13=00000007 x13:00001ddd
26905697ns          462603 1c009468 000f5d03 lhu              x26, 0(x30)         x26=0000028c x30:1c002ed2  PA:1c002ed2
26905995ns          462618 1c00946c 0005d583 lhu              x11, 0(x11)         x11=00000050 x11:1c002ef2  PA:1c002ef2
26906294ns          462633 1c009470 40a35313 srai             x6, x6, 0x40a        x6=00000007  x6:00001e40
26906314ns          462634 1c009474 00a686b3 add              x13, x13, x10       x13=fffffffc x13:00000007 x10:fffffff5
26906334ns          462635 1c009476 05012f03 lw               x30, 80(x2)         x30=1c002e72  x2:10000cd8  PA:10000d28
26906353ns          462636 1c009478 10034e33 p.exths          x28, x6, x0         x28=00000007  x6:00000007
26906373ns          462637 1c00947c 06911023 sh               x9, 96(x2)           x9:000000d4  x2:10000cd8  PA:10000d38
26906393ns          462638 1c009480 000ede83 lhu              x29, 0(x29)         x29=00000021 x29:1c002f02  PA:1c002f02
26906691ns          462653 1c009484 05812483 lw               x9, 88(x2)           x9=1c002e62  x2:10000cd8  PA:10000d30
26906711ns          462654 1c009486 1006d6b3 p.exthz          x13, x13, x0        x13=0000fffc x13:fffffffc
26906731ns          462655 1c00948a 02ee08b3 mul              x17, x28, x14       x17=00000268 x28:00000007 x14:00000058
26906751ns          462656 1c00948e 1006c833 p.exths          x16, x13, x0        x16=fffffffc x13:0000fffc
26906771ns          462657 1c009492 06b11823 sh               x11, 112(x2)        x11:00000050  x2:10000cd8  PA:10000d48
26906791ns          462658 1c009496 000f5f03 lhu              x30, 0(x30)         x30=0000ff76 x30:1c002e72  PA:1c002e72
26907109ns          462674 1c00949a 0a012583 lw               x11, 160(x2)        x11=1c002e92  x2:10000cd8  PA:10000d78
26907129ns          462675 1c00949c 1007d7b3 p.exthz          x15, x15, x0        x15=0000ffec x15:ffffffec
26907149ns          462676 1c0094a0 0004da03 lhu              x20, 0(x9)          x20=0000fdc2  x9:1c002e62  PA:1c002e62
26907447ns          462691 1c0094a4 1007c533 p.exths          x10, x15, x0        x10=ffffffec x15:0000ffec
26907467ns          462692 1c0094a8 09d11023 sh               x29, 128(x2)        x29:00000021  x2:10000cd8  PA:10000d58
26907487ns          462693 1c0094ac 0003d483 lhu              x9, 0(x7)            x9=0000ffe7  x7:1c002eb2  PA:1c002eb2
26907885ns          462713 1c0094b0 02e80eb3 mul              x29, x16, x14       x29=fffffea0 x16:fffffffc x14:00000058
26907905ns          462714 1c0094b4 40a8d893 srai             x17, x17, 0x40a     x17=00000000 x17:00000268
26907925ns          462715 1c0094b8 03c80833 mul              x16, x16, x28       x16=ffffffe4 x16:fffffffc x28:00000007
26907944ns          462716 1c0094bc 09e11823 sh               x30, 144(x2)        x30:0000ff76  x2:10000cd8  PA:10000d68
26907964ns          462717 1c0094c0 0005d983 lhu              x19, 0(x11)         x19=0000ffcd x11:1c002e92  PA:1c002e92
26908283ns          462733 1c0094c4 81c88f5b p.muls           x30, x17, x28       x30=00000000 x17:00000000 x28:00000007
26908302ns          462734 1c0094c8 0002d583 lhu              x11, 0(x5)          x11=0000ffbe  x5:1c002ea2  PA:1c002ea2
26908641ns          462751 1c0094cc 03ce0fb3 mul              x31, x28, x28       x31=00000031 x28:00000007 x28:00000007
26908660ns          462752 1c0094d0 02e50733 mul              x14, x10, x14       x14=fffff920 x10:ffffffec x14:00000058
26908680ns          462753 1c0094d4 40a85813 srai             x16, x16, 0x40a     x16=ffffffff x16:ffffffe4
26908700ns          462754 1c0094d8 03c50533 mul              x10, x10, x28       x10=ffffff74 x10:ffffffec x28:00000007
26908720ns          462755 1c0094dc 07015e03 lhu              x28, 112(x2)        x28=00000050  x2:10000cd8  PA:10000d48
26908760ns          462757 1c0094e0 01b60633 add              x12, x12, x27       x12=00000a50 x12:00000058 x27:000009f8
26908780ns          462758 1c0094e2 00980833 add              x16, x16, x9        x16=0000ffe6 x16:ffffffff  x9:0000ffe7
26908800ns          462759 1c0094e4 06015d83 lhu              x27, 96(x2)         x27=000000d4  x2:10000cd8  PA:10000d38
26908820ns          462760 1c0094e8 02812483 lw               x9, 40(x2)           x9=1c002ec2  x2:10000cd8  PA:10000d00
26908839ns          462761 1c0094ea 40afdf93 srai             x31, x31, 0x40a     x31=00000000 x31:00000031
26908859ns          462762 1c0094ee 40a55513 srai             x10, x10, 0x40a     x10=ffffffff x10:ffffff74
26908879ns          462763 1c0094f0 01cf8fb3 add              x31, x31, x28       x31=00000050 x31:00000000 x28:00000050
26908899ns          462764 1c0094f2 00b50533 add              x10, x10, x11       x10=0000ffbd x10:ffffffff x11:0000ffbe
26908919ns          462765 1c0094f4 09015e03 lhu              x28, 144(x2)        x28=0000ff76  x2:10000cd8  PA:10000d68
26908939ns          462766 1c0094f8 03012583 lw               x11, 48(x2)         x11=1c002ed2  x2:10000cd8  PA:10000d08
26908959ns          462767 1c0094fa 00c49023 sh               x12, 0(x9)          x12:00000a50  x9:1c002ec2  PA:1c002ec2
26909277ns          462783 1c0094fe 01b888b3 add              x17, x17, x27       x17=000000d4 x17:00000000 x27:000000d4
26909297ns          462784 1c009500 01a30333 add              x6, x6, x26          x6=00000293  x6:00000007 x26:0000028c
26909317ns          462785 1c009502 08015d83 lhu              x27, 128(x2)        x27=00000021  x2:10000cd8  PA:10000d58
26909337ns          462786 1c009506 0000d903 lhu              x18, 0(x1)          x18=0000ff58  x1:1c002e82  PA:1c002e82
26909635ns          462801 1c00950a 01c686b3 add              x13, x13, x28       x13=0001ff72 x13:0000fffc x28:0000ff76
26909655ns          462802 1c00950c 00659023 sh               x6, 0(x11)           x6:00000293 x11:1c002ed2  PA:1c002ed2
26909973ns          462818 1c009510 40af5f13 srai             x30, x30, 0x40a     x30=00000000 x30:00000000
26909993ns          462819 1c009514 04812e03 lw               x28, 72(x2)         x28=1c002f02  x2:10000cd8  PA:10000d20
26910013ns          462820 1c009516 01bf0f33 add              x30, x30, x27       x30=00000021 x30:00000000 x27:00000021
26910033ns          462821 1c009518 40aede93 srai             x29, x29, 0x40a     x29=ffffffff x29:fffffea0
26910053ns          462822 1c00951c 40a75713 srai             x14, x14, 0x40a     x14=fffffffe x14:fffff920
26910072ns          462823 1c00951e 03812603 lw               x12, 56(x2)         x12=1c002ee2  x2:10000cd8  PA:10000d10
26910092ns          462824 1c009520 04012d83 lw               x27, 64(x2)         x27=1c002ef2  x2:10000cd8  PA:10000d18
26910112ns          462825 1c009522 01ee1023 sh               x30, 0(x28)         x30:00000021 x28:1c002f02  PA:1c002f02
26910430ns          462841 1c009526 05812483 lw               x9, 88(x2)           x9=1c002e62  x2:10000cd8  PA:10000d30
26910450ns          462842 1c009528 05012f03 lw               x30, 80(x2)         x30=1c002e72  x2:10000cd8  PA:10000d28
26910470ns          462843 1c00952a 0a012583 lw               x11, 160(x2)        x11=1c002e92  x2:10000cd8  PA:10000d78
26910490ns          462844 1c00952c 014787b3 add              x15, x15, x20       x15=0001fdae x15:0000ffec x20:0000fdc2
26910510ns          462845 1c00952e 013e8eb3 add              x29, x29, x19       x29=0000ffcc x29:ffffffff x19:0000ffcd
26910530ns          462846 1c009530 01270733 add              x14, x14, x18       x14=0000ff56 x14:fffffffe x18:0000ff58
26910550ns          462847 1c009532 00f49023 sh               x15, 0(x9)          x15:0001fdae  x9:1c002e62  PA:1c002e62
26910868ns          462863 1c009536 01161023 sh               x17, 0(x12)         x17:000000d4 x12:1c002ee2  PA:1c002ee2
26911206ns          462880 1c00953a 01fd9023 sh               x31, 0(x27)         x31:00000050 x27:1c002ef2  PA:1c002ef2
26911524ns          462896 1c00953e 00df1023 sh               x13, 0(x30)         x13:0001ff72 x30:1c002e72  PA:1c002e72
26911842ns          462912 1c009542 01d59023 sh               x29, 0(x11)         x29:0000ffcc x11:1c002e92  PA:1c002e92
26912220ns          462931 1c009546 00e09023 sh               x14, 0(x1)          x14:0000ff56  x1:1c002e82  PA:1c002e82
26912539ns          462947 1c00954a 01039023 sh               x16, 0(x7)          x16:0000ffe6  x7:1c002eb2  PA:1c002eb2
26912877ns          462964 1c00954e 00a29023 sh               x10, 0(x5)          x10:0000ffbd  x5:1c002ea2  PA:1c002ea2
26913195ns          462980 1c009552 008b0b13 addi             x22, x22, 8         x22=00000081 x22:00000079
26913215ns          462981 1c009554 1f300793 addi             x15, x0, 499        x15=000001f3
26913235ns          462982 1c009558 e767dae3 bge              x15, x22, -396      x15:000001f3 x22:00000081
26913334ns          462987 1c0093cc 010c9a0b p.lh             x20, 16(x25!)       x20=00000023 x25=1c00279a x25:1c00278a  PA:1c00278a
26913652ns          463003 1c0093d0 0104198b p.lh             x19, 16(x8!)        x19=000000a0  x8=1c001f62  x8:1c001f52  PA:1c001f52
26913951ns          463018 1c0093d4 2cc10513 addi             x10, x2, 716        x10=10000fa4  x2:10000cd8
26913970ns          463019 1c0093d6 010a990b p.lh             x18, 16(x21!)       x18=0000001c x21=1c00178e x21:1c00177e  PA:1c00177e
26914269ns          463034 1c0093da 010b948b p.lh             x9, 16(x23!)         x9=000000a4 x23=1c000fbe x23:1c000fae  PA:1c000fae
26914567ns          463049 1c0093de 2d411623 sh               x20, 716(x2)        x20:00000023  x2:10000cd8  PA:10000fa4
26914607ns          463051 1c0093e2 2d311723 sh               x19, 718(x2)        x19:000000a0  x2:10000cd8  PA:10000fa6
26914647ns          463053 1c0093e6 c33ff0ef jal              x1, -974             x1=1c0093e8
26914706ns          463056 1c009018 00051803 lh               x16, 0(x10)         x16=00000023 x10:10000fa4  PA:10000fa4
26914766ns          463059 1c00901c 00251883 lh               x17, 2(x10)         x17=000000a0 x10:10000fa4  PA:10000fa6
26914806ns          463061 1c009020 030806b3 mul              x13, x16, x16       x13=000004c9 x16:00000023 x16:00000023
26914846ns          463063 1c009024 03188633 mul              x12, x17, x17       x12=00006400 x17:000000a0 x17:000000a0
26914865ns          463064 1c009028 40a65613 srai             x12, x12, 0x40a     x12=00000019 x12:00006400
26914885ns          463065 1c00902a 40a6d693 srai             x13, x13, 0x40a     x13=00000001 x13:000004c9
26914905ns          463066 1c00902c 00c686b3 add              x13, x13, x12       x13=0000001a x13:00000001 x12:00000019
26914925ns          463067 1c00902e 1006c633 p.exths          x12, x13, x0        x12=0000001a x13:0000001a
26914945ns          463068 1c009032 00855703 lhu              x14, 8(x10)         x14=0000ffd1 x10:10000fa4  PA:10000fac
26914965ns          463069 1c009036 00a55683 lhu              x13, 10(x10)        x13=0000ff6a x10:10000fa4  PA:10000fae
26914985ns          463070 1c00903a 02c60333 mul              x6, x12, x12         x6=000002a4 x12:0000001a x12:0000001a
26915005ns          463071 1c00903e 00c55783 lhu              x15, 12(x10)        x15=0000ffe5 x10:10000fa4  PA:10000fb0
26915025ns          463072 1c009042 00e55583 lhu              x11, 14(x10)        x11=00000060 x10:10000fa4  PA:10000fb2
26915044ns          463073 1c009046 dea30333 p.extract        x6, x6, 15, 10       x6=00000000  x6:000002a4
26915064ns          463074 1c00904a 80c7075b p.muls           x14, x14, x12       x14=fffffb3a x14:0000ffd1 x12:0000001a
26915084ns          463075 1c00904e 80c686db p.muls           x13, x13, x12       x13=fffff0c4 x13:0000ff6a x12:0000001a
26915104ns          463076 1c009052 00455e83 lhu              x29, 4(x10)         x29=00000427 x10:10000fa4  PA:10000fa8
26915124ns          463077 1c009056 00655e03 lhu              x28, 6(x10)         x28=0000007f x10:10000fa4  PA:10000faa
26915144ns          463078 1c00905a 40a75713 srai             x14, x14, 0x40a     x14=fffffffe x14:fffffb3a
26915164ns          463079 1c00905c 806787db p.muls           x15, x15, x6        x15=00000000 x15:0000ffe5  x6:00000000
26915184ns          463080 1c009060 40a6d693 srai             x13, x13, 0x40a     x13=fffffffc x13:fffff0c4
26915223ns          463082 1c009062 8065865b p.muls           x12, x11, x6        x12=00000000 x11:00000060  x6:00000000
26915243ns          463083 1c009066 40a7d793 srai             x15, x15, 0x40a     x15=00000000 x15:00000000
26915263ns          463084 1c009068 40a65613 srai             x12, x12, 0x40a     x12=00000000 x12:00000000
26915283ns          463085 1c00906a 01d70733 add              x14, x14, x29       x14=00000425 x14:fffffffe x29:00000427
26915303ns          463086 1c00906c 01c686b3 add              x13, x13, x28       x13=0000007b x13:fffffffc x28:0000007f
26915323ns          463087 1c00906e 00c686b3 add              x13, x13, x12       x13=0000007b x13:0000007b x12:00000000
26915343ns          463088 1c009070 00f70733 add              x14, x14, x15       x14=00000425 x14:00000425 x15:00000000
26915363ns          463089 1c009072 100747b3 p.exths          x15, x14, x0        x15=00000425 x14:00000425
26915383ns          463090 1c009076 1006c733 p.exths          x14, x13, x0        x14=0000007b x13:0000007b
26915402ns          463091 1c00907a 03170633 mul              x12, x14, x17       x12=00004ce0 x14:0000007b x17:000000a0
26915422ns          463092 1c00907e 030786b3 mul              x13, x15, x16       x13=0000910f x15:00000425 x16:00000023
26915442ns          463093 1c009082 03070733 mul              x14, x14, x16       x14=000010d1 x14:0000007b x16:00000023
26915462ns          463094 1c009086 031787b3 mul              x15, x15, x17       x15=00029720 x15:00000425 x17:000000a0
26915482ns          463095 1c00908a 40a6d693 srai             x13, x13, 0x40a     x13=00000024 x13:0000910f
26915502ns          463096 1c00908c 40a65613 srai             x12, x12, 0x40a     x12=00000013 x12:00004ce0
26915522ns          463097 1c00908e 40a7d793 srai             x15, x15, 0x40a     x15=000000a5 x15:00029720
26915542ns          463098 1c009090 40a75713 srai             x14, x14, 0x40a     x14=00000004 x14:000010d1
26915562ns          463099 1c009092 40c686b3 sub              x13, x13, x12       x13=00000011 x13:00000024 x12:00000013
26915581ns          463100 1c009094 00e787b3 add              x15, x15, x14       x15=000000a9 x15:000000a5 x14:00000004
26915601ns          463101 1c009096 00d51823 sh               x13, 16(x10)        x13:00000011 x10:10000fa4  PA:10000fb4
26915621ns          463102 1c00909a 00f51923 sh               x15, 18(x10)        x15:000000a9 x10:10000fa4  PA:10000fb6
26915661ns          463104 1c00909e 00008067 jalr             x0, x1, 0            x1:1c0093e8
26915721ns          463107 1c0093e8 2dc15583 lhu              x11, 732(x2)        x11=00000011  x2:10000cd8  PA:10000fb4
26915741ns          463108 1c0093ec 2de15783 lhu              x15, 734(x2)        x15=000000a9  x2:10000cd8  PA:10000fb6
26915760ns          463109 1c0093f0 40b90933 sub              x18, x18, x11       x18=0000000b x18:0000001c x11:00000011
26915780ns          463110 1c0093f4 40f484b3 sub              x9, x9, x15          x9=fffffffb  x9:000000a4 x15:000000a9
26915800ns          463111 1c0093f6 100945b3 p.exths          x11, x18, x0        x11=0000000b x18:0000000b
26915820ns          463112 1c0093fa 1004c7b3 p.exths          x15, x9, x0         x15=fffffffb  x9:fffffffb
26915840ns          463113 1c0093fe 034586b3 mul              x13, x11, x20       x13=00000181 x11:0000000b x20:00000023
26915860ns          463114 1c009402 03378533 mul              x10, x15, x19       x10=fffffce0 x15:fffffffb x19:000000a0
26915880ns          463115 1c009406 034a0633 mul              x12, x20, x20       x12=000004c9 x20:00000023 x20:00000023
26915900ns          463116 1c00940a 03398733 mul              x14, x19, x19       x14=00006400 x19:000000a0 x19:000000a0
26915959ns          463119 1c00940e 034787b3 mul              x15, x15, x20       x15=ffffff51 x15:fffffffb x20:00000023
26915999ns          463121 1c009412 033585b3 mul              x11, x11, x19       x11=000006e0 x11:0000000b x19:000000a0
26916019ns          463122 1c009416 40a75713 srai             x14, x14, 0x40a     x14=00000019 x14:00006400
26916039ns          463123 1c009418 40a5d593 srai             x11, x11, 0x40a     x11=00000001 x11:000006e0
26916059ns          463124 1c00941a 40a65613 srai             x12, x12, 0x40a     x12=00000001 x12:000004c9
26916079ns          463125 1c00941c 40a7d793 srai             x15, x15, 0x40a     x15=ffffffff x15:ffffff51
26916099ns          463126 1c00941e 1c0034b7 lui              x9, 0x1c003000       x9=1c003000
26916118ns          463127 1c009422 00e60633 add              x12, x12, x14       x12=0000001a x12:00000001 x14:00000019
26916138ns          463128 1c009424 40b787b3 sub              x15, x15, x11       x15=fffffffe x15:ffffffff x11:00000001
26916158ns          463129 1c009426 eb048493 addi             x9, x9, -336         x9=1c002eb0  x9:1c003000
26916178ns          463130 1c00942a 1c0032b7 lui              x5, 0x1c003000       x5=1c003000
26916198ns          463131 1c00942e 1c0035b7 lui              x11, 0x1c003000     x11=1c003000
26916218ns          463132 1c009432 018483b3 add              x7, x9, x24          x7=1c002eb2  x9:1c002eb0 x24:00000002
26916238ns          463133 1c009436 02812e83 lw               x29, 40(x2)         x29=1c002ec2  x2:10000cd8  PA:10000d00
26916258ns          463134 1c009438 10065633 p.exthz          x12, x12, x0        x12=0000001a x12:0000001a
26916278ns          463135 1c00943c e8028293 addi             x5, x5, -384         x5=1c002e80  x5:1c003000
26916297ns          463136 1c009440 ea058593 addi             x11, x11, -352      x11=1c002ea0 x11:1c003000
26916317ns          463137 1c009444 03812483 lw               x9, 56(x2)           x9=1c002ee2  x2:10000cd8  PA:10000d10
26916337ns          463138 1c009446 10064733 p.exths          x14, x12, x0        x14=0000001a x12:0000001a
26916357ns          463139 1c00944a 018280b3 add              x1, x5, x24          x1=1c002e82  x5:1c002e80 x24:00000002
26916377ns          463140 1c00944e 03012f03 lw               x30, 48(x2)         x30=1c002ed2  x2:10000cd8  PA:10000d08
26916397ns          463141 1c009450 018582b3 add              x5, x11, x24         x5=1c002ea2 x11:1c002ea0 x24:00000002
26916417ns          463142 1c009454 04012583 lw               x11, 64(x2)         x11=1c002ef2  x2:10000cd8  PA:10000d18
26916437ns          463143 1c009456 000edd83 lhu              x27, 0(x29)         x27=00000a50 x29:1c002ec2  PA:1c002ec2
26916775ns          463160 1c00945a 0004d483 lhu              x9, 0(x9)            x9=000000d4  x9:1c002ee2  PA:1c002ee2
26917073ns          463175 1c00945e 02e70333 mul              x6, x14, x14         x6=000002a4 x14:0000001a x14:0000001a
26917093ns          463176 1c009462 40a55513 srai             x10, x10, 0x40a     x10=ffffffff x10:fffffce0
26917113ns          463177 1c009464 04812e83 lw               x29, 72(x2)         x29=1c002f02  x2:10000cd8  PA:10000d20
26917133ns          463178 1c009466 40a6d693 srai             x13, x13, 0x40a     x13=00000000 x13:00000181
26917153ns          463179 1c009468 000f5d03 lhu              x26, 0(x30)         x26=00000293 x30:1c002ed2  PA:1c002ed2
26917451ns          463194 1c00946c 0005d583 lhu              x11, 0(x11)         x11=00000050 x11:1c002ef2  PA:1c002ef2
26917809ns          463212 1c009470 40a35313 srai             x6, x6, 0x40a        x6=00000000  x6:000002a4
26917829ns          463213 1c009474 00a686b3 add              x13, x13, x10       x13=ffffffff x13:00000000 x10:ffffffff
26917849ns          463214 1c009476 05012f03 lw               x30, 80(x2)         x30=1c002e72  x2:10000cd8  PA:10000d28
26917869ns          463215 1c009478 10034e33 p.exths          x28, x6, x0         x28=00000000  x6:00000000
26917888ns          463216 1c00947c 06911023 sh               x9, 96(x2)           x9:000000d4  x2:10000cd8  PA:10000d38
26917908ns          463217 1c009480 000ede83 lhu              x29, 0(x29)         x29=00000021 x29:1c002f02  PA:1c002f02
26918207ns          463232 1c009484 05812483 lw               x9, 88(x2)           x9=1c002e62  x2:10000cd8  PA:10000d30
26918227ns          463233 1c009486 1006d6b3 p.exthz          x13, x13, x0        x13=0000ffff x13:ffffffff
26918246ns          463234 1c00948a 02ee08b3 mul              x17, x28, x14       x17=00000000 x28:00000000 x14:0000001a
26918266ns          463235 1c00948e 1006c833 p.exths          x16, x13, x0        x16=ffffffff x13:0000ffff
26918286ns          463236 1c009492 06b11823 sh               x11, 112(x2)        x11:00000050  x2:10000cd8  PA:10000d48
26918306ns          463237 1c009496 000f5f03 lhu              x30, 0(x30)         x30=0000ff72 x30:1c002e72  PA:1c002e72
26918684ns          463256 1c00949a 0a012583 lw               x11, 160(x2)        x11=1c002e92  x2:10000cd8  PA:10000d78
26918704ns          463257 1c00949c 1007d7b3 p.exthz          x15, x15, x0        x15=0000fffe x15:fffffffe
26918724ns          463258 1c0094a0 0004da03 lhu              x20, 0(x9)          x20=0000fdae  x9:1c002e62  PA:1c002e62
26919042ns          463274 1c0094a4 1007c533 p.exths          x10, x15, x0        x10=fffffffe x15:0000fffe
26919062ns          463275 1c0094a8 09d11023 sh               x29, 128(x2)        x29:00000021  x2:10000cd8  PA:10000d58
26919082ns          463276 1c0094ac 0003d483 lhu              x9, 0(x7)            x9=0000ffe6  x7:1c002eb2  PA:1c002eb2
26919380ns          463291 1c0094b0 02e80eb3 mul              x29, x16, x14       x29=ffffffe6 x16:ffffffff x14:0000001a
26919400ns          463292 1c0094b4 40a8d893 srai             x17, x17, 0x40a     x17=00000000 x17:00000000
26919420ns          463293 1c0094b8 03c80833 mul              x16, x16, x28       x16=00000000 x16:ffffffff x28:00000000
26919440ns          463294 1c0094bc 09e11823 sh               x30, 144(x2)        x30:0000ff72  x2:10000cd8  PA:10000d68
26919460ns          463295 1c0094c0 0005d983 lhu              x19, 0(x11)         x19=0000ffcc x11:1c002e92  PA:1c002e92
26919758ns          463310 1c0094c4 81c88f5b p.muls           x30, x17, x28       x30=00000000 x17:00000000 x28:00000000
26919778ns          463311 1c0094c8 0002d583 lhu              x11, 0(x5)          x11=0000ffbd  x5:1c002ea2  PA:1c002ea2
26920235ns          463334 1c0094cc 03ce0fb3 mul              x31, x28, x28       x31=00000000 x28:00000000 x28:00000000
26920255ns          463335 1c0094d0 02e50733 mul              x14, x10, x14       x14=ffffffcc x10:fffffffe x14:0000001a
26920275ns          463336 1c0094d4 40a85813 srai             x16, x16, 0x40a     x16=00000000 x16:00000000
26920295ns          463337 1c0094d8 03c50533 mul              x10, x10, x28       x10=00000000 x10:fffffffe x28:00000000
26920315ns          463338 1c0094dc 07015e03 lhu              x28, 112(x2)        x28=00000050  x2:10000cd8  PA:10000d48
26920335ns          463339 1c0094e0 01b60633 add              x12, x12, x27       x12=00000a6a x12:0000001a x27:00000a50
26920355ns          463340 1c0094e2 00980833 add              x16, x16, x9        x16=0000ffe6 x16:00000000  x9:0000ffe6
26920374ns          463341 1c0094e4 06015d83 lhu              x27, 96(x2)         x27=000000d4  x2:10000cd8  PA:10000d38
26920394ns          463342 1c0094e8 02812483 lw               x9, 40(x2)           x9=1c002ec2  x2:10000cd8  PA:10000d00
26920414ns          463343 1c0094ea 40afdf93 srai             x31, x31, 0x40a     x31=00000000 x31:00000000
26920434ns          463344 1c0094ee 40a55513 srai             x10, x10, 0x40a     x10=00000000 x10:00000000
26920454ns          463345 1c0094f0 01cf8fb3 add              x31, x31, x28       x31=00000050 x31:00000000 x28:00000050
26920474ns          463346 1c0094f2 00b50533 add              x10, x10, x11       x10=0000ffbd x10:00000000 x11:0000ffbd
26920494ns          463347 1c0094f4 09015e03 lhu              x28, 144(x2)        x28=0000ff72  x2:10000cd8  PA:10000d68
26920514ns          463348 1c0094f8 03012583 lw               x11, 48(x2)         x11=1c002ed2  x2:10000cd8  PA:10000d08
26920534ns          463349 1c0094fa 00c49023 sh               x12, 0(x9)          x12:00000a6a  x9:1c002ec2  PA:1c002ec2
26920852ns          463365 1c0094fe 01b888b3 add              x17, x17, x27       x17=000000d4 x17:00000000 x27:000000d4
26920872ns          463366 1c009500 01a30333 add              x6, x6, x26          x6=00000293  x6:00000000 x26:00000293
26920892ns          463367 1c009502 08015d83 lhu              x27, 128(x2)        x27=00000021  x2:10000cd8  PA:10000d58
26920911ns          463368 1c009506 0000d903 lhu              x18, 0(x1)          x18=0000ff56  x1:1c002e82  PA:1c002e82
26921230ns          463384 1c00950a 01c686b3 add              x13, x13, x28       x13=0001ff71 x13:0000ffff x28:0000ff72
26921250ns          463385 1c00950c 00659023 sh               x6, 0(x11)           x6:00000293 x11:1c002ed2  PA:1c002ed2
26921568ns          463401 1c009510 40af5f13 srai             x30, x30, 0x40a     x30=00000000 x30:00000000
26921588ns          463402 1c009514 04812e03 lw               x28, 72(x2)         x28=1c002f02  x2:10000cd8  PA:10000d20
26921607ns          463403 1c009516 01bf0f33 add              x30, x30, x27       x30=00000021 x30:00000000 x27:00000021
26921627ns          463404 1c009518 40aede93 srai             x29, x29, 0x40a     x29=ffffffff x29:ffffffe6
26921647ns          463405 1c00951c 40a75713 srai             x14, x14, 0x40a     x14=ffffffff x14:ffffffcc
26921667ns          463406 1c00951e 03812603 lw               x12, 56(x2)         x12=1c002ee2  x2:10000cd8  PA:10000d10
26921687ns          463407 1c009520 04012d83 lw               x27, 64(x2)         x27=1c002ef2  x2:10000cd8  PA:10000d18
26921707ns          463408 1c009522 01ee1023 sh               x30, 0(x28)         x30:00000021 x28:1c002f02  PA:1c002f02
26922025ns          463424 1c009526 05812483 lw               x9, 88(x2)           x9=1c002e62  x2:10000cd8  PA:10000d30
26922045ns          463425 1c009528 05012f03 lw               x30, 80(x2)         x30=1c002e72  x2:10000cd8  PA:10000d28
26922065ns          463426 1c00952a 0a012583 lw               x11, 160(x2)        x11=1c002e92  x2:10000cd8  PA:10000d78
26922085ns          463427 1c00952c 014787b3 add              x15, x15, x20       x15=0001fdac x15:0000fffe x20:0000fdae
26922105ns          463428 1c00952e 013e8eb3 add              x29, x29, x19       x29=0000ffcb x29:ffffffff x19:0000ffcc
26922125ns          463429 1c009530 01270733 add              x14, x14, x18       x14=0000ff55 x14:ffffffff x18:0000ff56
26922144ns          463430 1c009532 00f49023 sh               x15, 0(x9)          x15:0001fdac  x9:1c002e62  PA:1c002e62
26922463ns          463446 1c009536 01161023 sh               x17, 0(x12)         x17:000000d4 x12:1c002ee2  PA:1c002ee2
26922801ns          463463 1c00953a 01fd9023 sh               x31, 0(x27)         x31:00000050 x27:1c002ef2  PA:1c002ef2
26923119ns          463479 1c00953e 00df1023 sh               x13, 0(x30)         x13:0001ff71 x30:1c002e72  PA:1c002e72
26923437ns          463495 1c009542 01d59023 sh               x29, 0(x11)         x29:0000ffcb x11:1c002e92  PA:1c002e92
26923835ns          463515 1c009546 00e09023 sh               x14, 0(x1)          x14:0000ff55  x1:1c002e82  PA:1c002e82
26924173ns          463532 1c00954a 01039023 sh               x16, 0(x7)          x16:0000ffe6  x7:1c002eb2  PA:1c002eb2
26924491ns          463548 1c00954e 00a29023 sh               x10, 0(x5)          x10:0000ffbd  x5:1c002ea2  PA:1c002ea2
26924809ns          463564 1c009552 008b0b13 addi             x22, x22, 8         x22=00000089 x22:00000081
26924829ns          463565 1c009554 1f300793 addi             x15, x0, 499        x15=000001f3
26924849ns          463566 1c009558 e767dae3 bge              x15, x22, -396      x15:000001f3 x22:00000089
26924949ns          463571 1c0093cc 010c9a0b p.lh             x20, 16(x25!)       x20=0000017f x25=1c0027aa x25:1c00279a  PA:1c00279a
26925287ns          463588 1c0093d0 0104198b p.lh             x19, 16(x8!)        x19=00000016  x8=1c001f72  x8:1c001f62  PA:1c001f62
26925605ns          463604 1c0093d4 2cc10513 addi             x10, x2, 716        x10=10000fa4  x2:10000cd8
26925625ns          463605 1c0093d6 010a990b p.lh             x18, 16(x21!)       x18=0000017d x21=1c00179e x21:1c00178e  PA:1c00178e
26925923ns          463620 1c0093da 010b948b p.lh             x9, 16(x23!)         x9=ffffffef x23=1c000fce x23:1c000fbe  PA:1c000fbe
26926222ns          463635 1c0093de 2d411623 sh               x20, 716(x2)        x20:0000017f  x2:10000cd8  PA:10000fa4
26926241ns          463636 1c0093e2 2d311723 sh               x19, 718(x2)        x19:00000016  x2:10000cd8  PA:10000fa6
26926261ns          463637 1c0093e6 c33ff0ef jal              x1, -974             x1=1c0093e8
26926341ns          463641 1c009018 00051803 lh               x16, 0(x10)         x16=0000017f x10:10000fa4  PA:10000fa4
26926400ns          463644 1c00901c 00251883 lh               x17, 2(x10)         x17=00000016 x10:10000fa4  PA:10000fa6
26926460ns          463647 1c009020 030806b3 mul              x13, x16, x16       x13=00023d01 x16:0000017f x16:0000017f
26926480ns          463648 1c009024 03188633 mul              x12, x17, x17       x12=000001e4 x17:00000016 x17:00000016
26926500ns          463649 1c009028 40a65613 srai             x12, x12, 0x40a     x12=00000000 x12:000001e4
26926520ns          463650 1c00902a 40a6d693 srai             x13, x13, 0x40a     x13=0000008f x13:00023d01
26926540ns          463651 1c00902c 00c686b3 add              x13, x13, x12       x13=0000008f x13:0000008f x12:00000000
26926560ns          463652 1c00902e 1006c633 p.exths          x12, x13, x0        x12=0000008f x13:0000008f
26926579ns          463653 1c009032 00855703 lhu              x14, 8(x10)         x14=0000ffd1 x10:10000fa4  PA:10000fac
26926599ns          463654 1c009036 00a55683 lhu              x13, 10(x10)        x13=0000ff6a x10:10000fa4  PA:10000fae
26926619ns          463655 1c00903a 02c60333 mul              x6, x12, x12         x6=00004fe1 x12:0000008f x12:0000008f
26926639ns          463656 1c00903e 00c55783 lhu              x15, 12(x10)        x15=0000ffe5 x10:10000fa4  PA:10000fb0
26926659ns          463657 1c009042 00e55583 lhu              x11, 14(x10)        x11=00000060 x10:10000fa4  PA:10000fb2
26926679ns          463658 1c009046 dea30333 p.extract        x6, x6, 15, 10       x6=00000013  x6:00004fe1
26926699ns          463659 1c00904a 80c7075b p.muls           x14, x14, x12       x14=ffffe5bf x14:0000ffd1 x12:0000008f
26926739ns          463661 1c00904e 80c686db p.muls           x13, x13, x12       x13=ffffac36 x13:0000ff6a x12:0000008f
26926778ns          463663 1c009052 00455e83 lhu              x29, 4(x10)         x29=00000427 x10:10000fa4  PA:10000fa8
26926798ns          463664 1c009056 00655e03 lhu              x28, 6(x10)         x28=0000007f x10:10000fa4  PA:10000faa
26926818ns          463665 1c00905a 40a75713 srai             x14, x14, 0x40a     x14=fffffff9 x14:ffffe5bf
26926838ns          463666 1c00905c 806787db p.muls           x15, x15, x6        x15=fffffdff x15:0000ffe5  x6:00000013
26926858ns          463667 1c009060 40a6d693 srai             x13, x13, 0x40a     x13=ffffffeb x13:ffffac36
26926878ns          463668 1c009062 8065865b p.muls           x12, x11, x6        x12=00000720 x11:00000060  x6:00000013
26926898ns          463669 1c009066 40a7d793 srai             x15, x15, 0x40a     x15=ffffffff x15:fffffdff
26926918ns          463670 1c009068 40a65613 srai             x12, x12, 0x40a     x12=00000001 x12:00000720
26926937ns          463671 1c00906a 01d70733 add              x14, x14, x29       x14=00000420 x14:fffffff9 x29:00000427
26926957ns          463672 1c00906c 01c686b3 add              x13, x13, x28       x13=0000006a x13:ffffffeb x28:0000007f
26926977ns          463673 1c00906e 00c686b3 add              x13, x13, x12       x13=0000006b x13:0000006a x12:00000001
26926997ns          463674 1c009070 00f70733 add              x14, x14, x15       x14=0000041f x14:00000420 x15:ffffffff
26927017ns          463675 1c009072 100747b3 p.exths          x15, x14, x0        x15=0000041f x14:0000041f
26927037ns          463676 1c009076 1006c733 p.exths          x14, x13, x0        x14=0000006b x13:0000006b
26927057ns          463677 1c00907a 03170633 mul              x12, x14, x17       x12=00000932 x14:0000006b x17:00000016
26927077ns          463678 1c00907e 030786b3 mul              x13, x15, x16       x13=00062a61 x15:0000041f x16:0000017f
26927097ns          463679 1c009082 03070733 mul              x14, x14, x16       x14=0000a015 x14:0000006b x16:0000017f
26927116ns          463680 1c009086 031787b3 mul              x15, x15, x17       x15=00005aaa x15:0000041f x17:00000016
26927136ns          463681 1c00908a 40a6d693 srai             x13, x13, 0x40a     x13=0000018a x13:00062a61
26927156ns          463682 1c00908c 40a65613 srai             x12, x12, 0x40a     x12=00000002 x12:00000932
26927176ns          463683 1c00908e 40a7d793 srai             x15, x15, 0x40a     x15=00000016 x15:00005aaa
26927196ns          463684 1c009090 40a75713 srai             x14, x14, 0x40a     x14=00000028 x14:0000a015
26927216ns          463685 1c009092 40c686b3 sub              x13, x13, x12       x13=00000188 x13:0000018a x12:00000002
26927236ns          463686 1c009094 00e787b3 add              x15, x15, x14       x15=0000003e x15:00000016 x14:00000028
26927256ns          463687 1c009096 00d51823 sh               x13, 16(x10)        x13:00000188 x10:10000fa4  PA:10000fb4
26927276ns          463688 1c00909a 00f51923 sh               x15, 18(x10)        x15:0000003e x10:10000fa4  PA:10000fb6
26927295ns          463689 1c00909e 00008067 jalr             x0, x1, 0            x1:1c0093e8
26927355ns          463692 1c0093e8 2dc15583 lhu              x11, 732(x2)        x11=00000188  x2:10000cd8  PA:10000fb4
26927395ns          463694 1c0093ec 2de15783 lhu              x15, 734(x2)        x15=0000003e  x2:10000cd8  PA:10000fb6
26927415ns          463695 1c0093f0 40b90933 sub              x18, x18, x11       x18=fffffff5 x18:0000017d x11:00000188
26927435ns          463696 1c0093f4 40f484b3 sub              x9, x9, x15          x9=ffffffb1  x9:ffffffef x15:0000003e
26927455ns          463697 1c0093f6 100945b3 p.exths          x11, x18, x0        x11=fffffff5 x18:fffffff5
26927474ns          463698 1c0093fa 1004c7b3 p.exths          x15, x9, x0         x15=ffffffb1  x9:ffffffb1
26927494ns          463699 1c0093fe 034586b3 mul              x13, x11, x20       x13=ffffef8b x11:fffffff5 x20:0000017f
26927514ns          463700 1c009402 03378533 mul              x10, x15, x19       x10=fffff936 x15:ffffffb1 x19:00000016
26927534ns          463701 1c009406 034a0633 mul              x12, x20, x20       x12=00023d01 x20:0000017f x20:0000017f
26927554ns          463702 1c00940a 03398733 mul              x14, x19, x19       x14=000001e4 x19:00000016 x19:00000016
26927594ns          463704 1c00940e 034787b3 mul              x15, x15, x20       x15=ffff89cf x15:ffffffb1 x20:0000017f
26927634ns          463706 1c009412 033585b3 mul              x11, x11, x19       x11=ffffff0e x11:fffffff5 x19:00000016
26927653ns          463707 1c009416 40a75713 srai             x14, x14, 0x40a     x14=00000000 x14:000001e4
26927673ns          463708 1c009418 40a5d593 srai             x11, x11, 0x40a     x11=ffffffff x11:ffffff0e
26927693ns          463709 1c00941a 40a65613 srai             x12, x12, 0x40a     x12=0000008f x12:00023d01
26927713ns          463710 1c00941c 40a7d793 srai             x15, x15, 0x40a     x15=ffffffe2 x15:ffff89cf
26927733ns          463711 1c00941e 1c0034b7 lui              x9, 0x1c003000       x9=1c003000
26927753ns          463712 1c009422 00e60633 add              x12, x12, x14       x12=0000008f x12:0000008f x14:00000000
26927773ns          463713 1c009424 40b787b3 sub              x15, x15, x11       x15=ffffffe3 x15:ffffffe2 x11:ffffffff
26927793ns          463714 1c009426 eb048493 addi             x9, x9, -336         x9=1c002eb0  x9:1c003000
26927813ns          463715 1c00942a 1c0032b7 lui              x5, 0x1c003000       x5=1c003000
26927832ns          463716 1c00942e 1c0035b7 lui              x11, 0x1c003000     x11=1c003000
26927852ns          463717 1c009432 018483b3 add              x7, x9, x24          x7=1c002eb2  x9:1c002eb0 x24:00000002
26927872ns          463718 1c009436 02812e83 lw               x29, 40(x2)         x29=1c002ec2  x2:10000cd8  PA:10000d00
26927892ns          463719 1c009438 10065633 p.exthz          x12, x12, x0        x12=0000008f x12:0000008f
26927912ns          463720 1c00943c e8028293 addi             x5, x5, -384         x5=1c002e80  x5:1c003000
26927952ns          463722 1c009440 ea058593 addi             x11, x11, -352      x11=1c002ea0 x11:1c003000
26927992ns          463724 1c009444 03812483 lw               x9, 56(x2)           x9=1c002ee2  x2:10000cd8  PA:10000d10
26928031ns          463726 1c009446 10064733 p.exths          x14, x12, x0        x14=0000008f x12:0000008f
26928051ns          463727 1c00944a 018280b3 add              x1, x5, x24          x1=1c002e82  x5:1c002e80 x24:00000002
26928071ns          463728 1c00944e 03012f03 lw               x30, 48(x2)         x30=1c002ed2  x2:10000cd8  PA:10000d08
26928091ns          463729 1c009450 018582b3 add              x5, x11, x24         x5=1c002ea2 x11:1c002ea0 x24:00000002
26928131ns          463731 1c009454 04012583 lw               x11, 64(x2)         x11=1c002ef2  x2:10000cd8  PA:10000d18
26928151ns          463732 1c009456 000edd83 lhu              x27, 0(x29)         x27=00000a6a x29:1c002ec2  PA:1c002ec2
26928568ns          463753 1c00945a 0004d483 lhu              x9, 0(x9)            x9=000000d4  x9:1c002ee2  PA:1c002ee2
26928886ns          463769 1c00945e 02e70333 mul              x6, x14, x14         x6=00004fe1 x14:0000008f x14:0000008f
26928906ns          463770 1c009462 40a55513 srai             x10, x10, 0x40a     x10=fffffffe x10:fffff936
26928926ns          463771 1c009464 04812e83 lw               x29, 72(x2)         x29=1c002f02  x2:10000cd8  PA:10000d20
26928946ns          463772 1c009466 40a6d693 srai             x13, x13, 0x40a     x13=fffffffb x13:ffffef8b
26928966ns          463773 1c009468 000f5d03 lhu              x26, 0(x30)         x26=00000293 x30:1c002ed2  PA:1c002ed2
26929344ns          463792 1c00946c 0005d583 lhu              x11, 0(x11)         x11=00000050 x11:1c002ef2  PA:1c002ef2
26929682ns          463809 1c009470 40a35313 srai             x6, x6, 0x40a        x6=00000013  x6:00004fe1
26929702ns          463810 1c009474 00a686b3 add              x13, x13, x10       x13=fffffff9 x13:fffffffb x10:fffffffe
26929722ns          463811 1c009476 05012f03 lw               x30, 80(x2)         x30=1c002e72  x2:10000cd8  PA:10000d28
26929742ns          463812 1c009478 10034e33 p.exths          x28, x6, x0         x28=00000013  x6:00000013
26929762ns          463813 1c00947c 06911023 sh               x9, 96(x2)           x9:000000d4  x2:10000cd8  PA:10000d38
26929781ns          463814 1c009480 000ede83 lhu              x29, 0(x29)         x29=00000021 x29:1c002f02  PA:1c002f02
26930080ns          463829 1c009484 05812483 lw               x9, 88(x2)           x9=1c002e62  x2:10000cd8  PA:10000d30
26930100ns          463830 1c009486 1006d6b3 p.exthz          x13, x13, x0        x13=0000fff9 x13:fffffff9
26930120ns          463831 1c00948a 02ee08b3 mul              x17, x28, x14       x17=00000a9d x28:00000013 x14:0000008f
26930139ns          463832 1c00948e 1006c833 p.exths          x16, x13, x0        x16=fffffff9 x13:0000fff9
26930159ns          463833 1c009492 06b11823 sh               x11, 112(x2)        x11:00000050  x2:10000cd8  PA:10000d48
26930179ns          463834 1c009496 000f5f03 lhu              x30, 0(x30)         x30=0000ff71 x30:1c002e72  PA:1c002e72
26930478ns          463849 1c00949a 0a012583 lw               x11, 160(x2)        x11=1c002e92  x2:10000cd8  PA:10000d78
26930497ns          463850 1c00949c 1007d7b3 p.exthz          x15, x15, x0        x15=0000ffe3 x15:ffffffe3
26930517ns          463851 1c0094a0 0004da03 lhu              x20, 0(x9)          x20=0000fdac  x9:1c002e62  PA:1c002e62
26930816ns          463866 1c0094a4 1007c533 p.exths          x10, x15, x0        x10=ffffffe3 x15:0000ffe3
26930836ns          463867 1c0094a8 09d11023 sh               x29, 128(x2)        x29:00000021  x2:10000cd8  PA:10000d58
26930855ns          463868 1c0094ac 0003d483 lhu              x9, 0(x7)            x9=0000ffe6  x7:1c002eb2  PA:1c002eb2
26931213ns          463886 1c0094b0 02e80eb3 mul              x29, x16, x14       x29=fffffc17 x16:fffffff9 x14:0000008f
26931233ns          463887 1c0094b4 40a8d893 srai             x17, x17, 0x40a     x17=00000002 x17:00000a9d
26931253ns          463888 1c0094b8 03c80833 mul              x16, x16, x28       x16=ffffff7b x16:fffffff9 x28:00000013
26931273ns          463889 1c0094bc 09e11823 sh               x30, 144(x2)        x30:0000ff71  x2:10000cd8  PA:10000d68
26931293ns          463890 1c0094c0 0005d983 lhu              x19, 0(x11)         x19=0000ffcb x11:1c002e92  PA:1c002e92
26931591ns          463905 1c0094c4 81c88f5b p.muls           x30, x17, x28       x30=00000026 x17:00000002 x28:00000013
26931611ns          463906 1c0094c8 0002d583 lhu              x11, 0(x5)          x11=0000ffbd  x5:1c002ea2  PA:1c002ea2
26931929ns          463922 1c0094cc 03ce0fb3 mul              x31, x28, x28       x31=00000169 x28:00000013 x28:00000013
26931949ns          463923 1c0094d0 02e50733 mul              x14, x10, x14       x14=ffffefcd x10:ffffffe3 x14:0000008f
26931969ns          463924 1c0094d4 40a85813 srai             x16, x16, 0x40a     x16=ffffffff x16:ffffff7b
26931989ns          463925 1c0094d8 03c50533 mul              x10, x10, x28       x10=fffffdd9 x10:ffffffe3 x28:00000013
26932009ns          463926 1c0094dc 07015e03 lhu              x28, 112(x2)        x28=00000050  x2:10000cd8  PA:10000d48
26932049ns          463928 1c0094e0 01b60633 add              x12, x12, x27       x12=00000af9 x12:0000008f x27:00000a6a
26932069ns          463929 1c0094e2 00980833 add              x16, x16, x9        x16=0000ffe5 x16:ffffffff  x9:0000ffe6
26932088ns          463930 1c0094e4 06015d83 lhu              x27, 96(x2)         x27=000000d4  x2:10000cd8  PA:10000d38
26932108ns          463931 1c0094e8 02812483 lw               x9, 40(x2)           x9=1c002ec2  x2:10000cd8  PA:10000d00
26932128ns          463932 1c0094ea 40afdf93 srai             x31, x31, 0x40a     x31=00000000 x31:00000169
26932148ns          463933 1c0094ee 40a55513 srai             x10, x10, 0x40a     x10=ffffffff x10:fffffdd9
26932168ns          463934 1c0094f0 01cf8fb3 add              x31, x31, x28       x31=00000050 x31:00000000 x28:00000050
26932188ns          463935 1c0094f2 00b50533 add              x10, x10, x11       x10=0000ffbc x10:ffffffff x11:0000ffbd
26932208ns          463936 1c0094f4 09015e03 lhu              x28, 144(x2)        x28=0000ff71  x2:10000cd8  PA:10000d68
26932228ns          463937 1c0094f8 03012583 lw               x11, 48(x2)         x11=1c002ed2  x2:10000cd8  PA:10000d08
26932248ns          463938 1c0094fa 00c49023 sh               x12, 0(x9)          x12:00000af9  x9:1c002ec2  PA:1c002ec2
26932566ns          463954 1c0094fe 01b888b3 add              x17, x17, x27       x17=000000d6 x17:00000002 x27:000000d4
26932586ns          463955 1c009500 01a30333 add              x6, x6, x26          x6=000002a6  x6:00000013 x26:00000293
26932606ns          463956 1c009502 08015d83 lhu              x27, 128(x2)        x27=00000021  x2:10000cd8  PA:10000d58
26932625ns          463957 1c009506 0000d903 lhu              x18, 0(x1)          x18=0000ff55  x1:1c002e82  PA:1c002e82
26932944ns          463973 1c00950a 01c686b3 add              x13, x13, x28       x13=0001ff6a x13:0000fff9 x28:0000ff71
26932964ns          463974 1c00950c 00659023 sh               x6, 0(x11)           x6:000002a6 x11:1c002ed2  PA:1c002ed2
26933302ns          463991 1c009510 40af5f13 srai             x30, x30, 0x40a     x30=00000000 x30:00000026
26933322ns          463992 1c009514 04812e03 lw               x28, 72(x2)         x28=1c002f02  x2:10000cd8  PA:10000d20
26933341ns          463993 1c009516 01bf0f33 add              x30, x30, x27       x30=00000021 x30:00000000 x27:00000021
26933361ns          463994 1c009518 40aede93 srai             x29, x29, 0x40a     x29=ffffffff x29:fffffc17
26933381ns          463995 1c00951c 40a75713 srai             x14, x14, 0x40a     x14=fffffffb x14:ffffefcd
26933401ns          463996 1c00951e 03812603 lw               x12, 56(x2)         x12=1c002ee2  x2:10000cd8  PA:10000d10
26933421ns          463997 1c009520 04012d83 lw               x27, 64(x2)         x27=1c002ef2  x2:10000cd8  PA:10000d18
26933441ns          463998 1c009522 01ee1023 sh               x30, 0(x28)         x30:00000021 x28:1c002f02  PA:1c002f02
26933759ns          464014 1c009526 05812483 lw               x9, 88(x2)           x9=1c002e62  x2:10000cd8  PA:10000d30
26933779ns          464015 1c009528 05012f03 lw               x30, 80(x2)         x30=1c002e72  x2:10000cd8  PA:10000d28
26933799ns          464016 1c00952a 0a012583 lw               x11, 160(x2)        x11=1c002e92  x2:10000cd8  PA:10000d78
26933819ns          464017 1c00952c 014787b3 add              x15, x15, x20       x15=0001fd8f x15:0000ffe3 x20:0000fdac
26933839ns          464018 1c00952e 013e8eb3 add              x29, x29, x19       x29=0000ffca x29:ffffffff x19:0000ffcb
26933858ns          464019 1c009530 01270733 add              x14, x14, x18       x14=0000ff50 x14:fffffffb x18:0000ff55
26933878ns          464020 1c009532 00f49023 sh               x15, 0(x9)          x15:0001fd8f  x9:1c002e62  PA:1c002e62
26934197ns          464036 1c009536 01161023 sh               x17, 0(x12)         x17:000000d6 x12:1c002ee2  PA:1c002ee2
26934535ns          464053 1c00953a 01fd9023 sh               x31, 0(x27)         x31:00000050 x27:1c002ef2  PA:1c002ef2
26934853ns          464069 1c00953e 00df1023 sh               x13, 0(x30)         x13:0001ff6a x30:1c002e72  PA:1c002e72
26935171ns          464085 1c009542 01d59023 sh               x29, 0(x11)         x29:0000ffca x11:1c002e92  PA:1c002e92
26935509ns          464102 1c009546 00e09023 sh               x14, 0(x1)          x14:0000ff50  x1:1c002e82  PA:1c002e82
26935847ns          464119 1c00954a 01039023 sh               x16, 0(x7)          x16:0000ffe5  x7:1c002eb2  PA:1c002eb2
26936166ns          464135 1c00954e 00a29023 sh               x10, 0(x5)          x10:0000ffbc  x5:1c002ea2  PA:1c002ea2
26936484ns          464151 1c009552 008b0b13 addi             x22, x22, 8         x22=00000091 x22:00000089
26936504ns          464152 1c009554 1f300793 addi             x15, x0, 499        x15=000001f3
26936523ns          464153 1c009558 e767dae3 bge              x15, x22, -396      x15:000001f3 x22:00000091
26936583ns          464156 1c0093cc 010c9a0b p.lh             x20, 16(x25!)       x20=000000eb x25=1c0027ba x25:1c0027aa  PA:1c0027aa
26936941ns          464174 1c0093d0 0104198b p.lh             x19, 16(x8!)        x19=ffffff8d  x8=1c001f82  x8:1c001f72  PA:1c001f72
26937259ns          464190 1c0093d4 2cc10513 addi             x10, x2, 716        x10=10000fa4  x2:10000cd8
26937279ns          464191 1c0093d6 010a990b p.lh             x18, 16(x21!)       x18=000000e8 x21=1c0017ae x21:1c00179e  PA:1c00179e
26937578ns          464206 1c0093da 010b948b p.lh             x9, 16(x23!)         x9=ffffff79 x23=1c000fde x23:1c000fce  PA:1c000fce
26937896ns          464222 1c0093de 2d411623 sh               x20, 716(x2)        x20:000000eb  x2:10000cd8  PA:10000fa4
26937936ns          464224 1c0093e2 2d311723 sh               x19, 718(x2)        x19:ffffff8d  x2:10000cd8  PA:10000fa6
26937955ns          464225 1c0093e6 c33ff0ef jal              x1, -974             x1=1c0093e8
26938035ns          464229 1c009018 00051803 lh               x16, 0(x10)         x16=000000eb x10:10000fa4  PA:10000fa4
26938095ns          464232 1c00901c 00251883 lh               x17, 2(x10)         x17=ffffff8d x10:10000fa4  PA:10000fa6
26938115ns          464233 1c009020 030806b3 mul              x13, x16, x16       x13=0000d7b9 x16:000000eb x16:000000eb
26938134ns          464234 1c009024 03188633 mul              x12, x17, x17       x12=000033a9 x17:ffffff8d x17:ffffff8d
26938154ns          464235 1c009028 40a65613 srai             x12, x12, 0x40a     x12=0000000c x12:000033a9
26938174ns          464236 1c00902a 40a6d693 srai             x13, x13, 0x40a     x13=00000035 x13:0000d7b9
26938194ns          464237 1c00902c 00c686b3 add              x13, x13, x12       x13=00000041 x13:00000035 x12:0000000c
26938214ns          464238 1c00902e 1006c633 p.exths          x12, x13, x0        x12=00000041 x13:00000041
26938234ns          464239 1c009032 00855703 lhu              x14, 8(x10)         x14=0000ffd1 x10:10000fa4  PA:10000fac
26938254ns          464240 1c009036 00a55683 lhu              x13, 10(x10)        x13=0000ff6a x10:10000fa4  PA:10000fae
26938274ns          464241 1c00903a 02c60333 mul              x6, x12, x12         x6=00001081 x12:00000041 x12:00000041
26938294ns          464242 1c00903e 00c55783 lhu              x15, 12(x10)        x15=0000ffe5 x10:10000fa4  PA:10000fb0
26938313ns          464243 1c009042 00e55583 lhu              x11, 14(x10)        x11=00000060 x10:10000fa4  PA:10000fb2
26938333ns          464244 1c009046 dea30333 p.extract        x6, x6, 15, 10       x6=00000004  x6:00001081
26938353ns          464245 1c00904a 80c7075b p.muls           x14, x14, x12       x14=fffff411 x14:0000ffd1 x12:00000041
26938413ns          464248 1c00904e 80c686db p.muls           x13, x13, x12       x13=ffffd9ea x13:0000ff6a x12:00000041
26938453ns          464250 1c009052 00455e83 lhu              x29, 4(x10)         x29=00000427 x10:10000fa4  PA:10000fa8
26938473ns          464251 1c009056 00655e03 lhu              x28, 6(x10)         x28=0000007f x10:10000fa4  PA:10000faa
26938492ns          464252 1c00905a 40a75713 srai             x14, x14, 0x40a     x14=fffffffd x14:fffff411
26938512ns          464253 1c00905c 806787db p.muls           x15, x15, x6        x15=ffffff94 x15:0000ffe5  x6:00000004
26938532ns          464254 1c009060 40a6d693 srai             x13, x13, 0x40a     x13=fffffff6 x13:ffffd9ea
26938552ns          464255 1c009062 8065865b p.muls           x12, x11, x6        x12=00000180 x11:00000060  x6:00000004
26938572ns          464256 1c009066 40a7d793 srai             x15, x15, 0x40a     x15=ffffffff x15:ffffff94
26938592ns          464257 1c009068 40a65613 srai             x12, x12, 0x40a     x12=00000000 x12:00000180
26938612ns          464258 1c00906a 01d70733 add              x14, x14, x29       x14=00000424 x14:fffffffd x29:00000427
26938632ns          464259 1c00906c 01c686b3 add              x13, x13, x28       x13=00000075 x13:fffffff6 x28:0000007f
26938652ns          464260 1c00906e 00c686b3 add              x13, x13, x12       x13=00000075 x13:00000075 x12:00000000
26938671ns          464261 1c009070 00f70733 add              x14, x14, x15       x14=00000423 x14:00000424 x15:ffffffff
26938691ns          464262 1c009072 100747b3 p.exths          x15, x14, x0        x15=00000423 x14:00000423
26938711ns          464263 1c009076 1006c733 p.exths          x14, x13, x0        x14=00000075 x13:00000075
26938731ns          464264 1c00907a 03170633 mul              x12, x14, x17       x12=ffffcb71 x14:00000075 x17:ffffff8d
26938751ns          464265 1c00907e 030786b3 mul              x13, x15, x16       x13=0003cc21 x15:00000423 x16:000000eb
26938771ns          464266 1c009082 03070733 mul              x14, x14, x16       x14=00006b67 x14:00000075 x16:000000eb
26938791ns          464267 1c009086 031787b3 mul              x15, x15, x17       x15=fffe2447 x15:00000423 x17:ffffff8d
26938811ns          464268 1c00908a 40a6d693 srai             x13, x13, 0x40a     x13=000000f3 x13:0003cc21
26938830ns          464269 1c00908c 40a65613 srai             x12, x12, 0x40a     x12=fffffff2 x12:ffffcb71
26938850ns          464270 1c00908e 40a7d793 srai             x15, x15, 0x40a     x15=ffffff89 x15:fffe2447
26938870ns          464271 1c009090 40a75713 srai             x14, x14, 0x40a     x14=0000001a x14:00006b67
26938890ns          464272 1c009092 40c686b3 sub              x13, x13, x12       x13=00000101 x13:000000f3 x12:fffffff2
26938910ns          464273 1c009094 00e787b3 add              x15, x15, x14       x15=ffffffa3 x15:ffffff89 x14:0000001a
26938930ns          464274 1c009096 00d51823 sh               x13, 16(x10)        x13:00000101 x10:10000fa4  PA:10000fb4
26938970ns          464276 1c00909a 00f51923 sh               x15, 18(x10)        x15:ffffffa3 x10:10000fa4  PA:10000fb6
26939029ns          464279 1c00909e 00008067 jalr             x0, x1, 0            x1:1c0093e8
26939049ns          464280 1c0093e8 2dc15583 lhu              x11, 732(x2)        x11=00000101  x2:10000cd8  PA:10000fb4
26939069ns          464281 1c0093ec 2de15783 lhu              x15, 734(x2)        x15=0000ffa3  x2:10000cd8  PA:10000fb6
26939089ns          464282 1c0093f0 40b90933 sub              x18, x18, x11       x18=ffffffe7 x18:000000e8 x11:00000101
26939109ns          464283 1c0093f4 40f484b3 sub              x9, x9, x15          x9=fffeffd6  x9:ffffff79 x15:0000ffa3
26939129ns          464284 1c0093f6 100945b3 p.exths          x11, x18, x0        x11=ffffffe7 x18:ffffffe7
26939149ns          464285 1c0093fa 1004c7b3 p.exths          x15, x9, x0         x15=ffffffd6  x9:fffeffd6
26939169ns          464286 1c0093fe 034586b3 mul              x13, x11, x20       x13=ffffe90d x11:ffffffe7 x20:000000eb
26939188ns          464287 1c009402 03378533 mul              x10, x15, x19       x10=000012de x15:ffffffd6 x19:ffffff8d
26939208ns          464288 1c009406 034a0633 mul              x12, x20, x20       x12=0000d7b9 x20:000000eb x20:000000eb
26939228ns          464289 1c00940a 03398733 mul              x14, x19, x19       x14=000033a9 x19:ffffff8d x19:ffffff8d
26939248ns          464290 1c00940e 034787b3 mul              x15, x15, x20       x15=ffffd972 x15:ffffffd6 x20:000000eb
26939268ns          464291 1c009412 033585b3 mul              x11, x11, x19       x11=00000b3b x11:ffffffe7 x19:ffffff8d
26939288ns          464292 1c009416 40a75713 srai             x14, x14, 0x40a     x14=0000000c x14:000033a9
26939308ns          464293 1c009418 40a5d593 srai             x11, x11, 0x40a     x11=00000002 x11:00000b3b
26939328ns          464294 1c00941a 40a65613 srai             x12, x12, 0x40a     x12=00000035 x12:0000d7b9
26939348ns          464295 1c00941c 40a7d793 srai             x15, x15, 0x40a     x15=fffffff6 x15:ffffd972
26939367ns          464296 1c00941e 1c0034b7 lui              x9, 0x1c003000       x9=1c003000
26939387ns          464297 1c009422 00e60633 add              x12, x12, x14       x12=00000041 x12:00000035 x14:0000000c
26939407ns          464298 1c009424 40b787b3 sub              x15, x15, x11       x15=fffffff4 x15:fffffff6 x11:00000002
26939427ns          464299 1c009426 eb048493 addi             x9, x9, -336         x9=1c002eb0  x9:1c003000
26939447ns          464300 1c00942a 1c0032b7 lui              x5, 0x1c003000       x5=1c003000
26939467ns          464301 1c00942e 1c0035b7 lui              x11, 0x1c003000     x11=1c003000
26939487ns          464302 1c009432 018483b3 add              x7, x9, x24          x7=1c002eb2  x9:1c002eb0 x24:00000002
26939507ns          464303 1c009436 02812e83 lw               x29, 40(x2)         x29=1c002ec2  x2:10000cd8  PA:10000d00
26939527ns          464304 1c009438 10065633 p.exthz          x12, x12, x0        x12=00000041 x12:00000041
26939546ns          464305 1c00943c e8028293 addi             x5, x5, -384         x5=1c002e80  x5:1c003000
26939566ns          464306 1c009440 ea058593 addi             x11, x11, -352      x11=1c002ea0 x11:1c003000
26939586ns          464307 1c009444 03812483 lw               x9, 56(x2)           x9=1c002ee2  x2:10000cd8  PA:10000d10
26939606ns          464308 1c009446 10064733 p.exths          x14, x12, x0        x14=00000041 x12:00000041
26939626ns          464309 1c00944a 018280b3 add              x1, x5, x24          x1=1c002e82  x5:1c002e80 x24:00000002
26939646ns          464310 1c00944e 03012f03 lw               x30, 48(x2)         x30=1c002ed2  x2:10000cd8  PA:10000d08
26939666ns          464311 1c009450 018582b3 add              x5, x11, x24         x5=1c002ea2 x11:1c002ea0 x24:00000002
26939686ns          464312 1c009454 04012583 lw               x11, 64(x2)         x11=1c002ef2  x2:10000cd8  PA:10000d18
26939706ns          464313 1c009456 000edd83 lhu              x27, 0(x29)         x27=00000af9 x29:1c002ec2  PA:1c002ec2
26940103ns          464333 1c00945a 0004d483 lhu              x9, 0(x9)            x9=000000d6  x9:1c002ee2  PA:1c002ee2
26940402ns          464348 1c00945e 02e70333 mul              x6, x14, x14         x6=00001081 x14:00000041 x14:00000041
26940422ns          464349 1c009462 40a55513 srai             x10, x10, 0x40a     x10=00000004 x10:000012de
26940441ns          464350 1c009464 04812e83 lw               x29, 72(x2)         x29=1c002f02  x2:10000cd8  PA:10000d20
26940461ns          464351 1c009466 40a6d693 srai             x13, x13, 0x40a     x13=fffffffa x13:ffffe90d
26940481ns          464352 1c009468 000f5d03 lhu              x26, 0(x30)         x26=000002a6 x30:1c002ed2  PA:1c002ed2
26940819ns          464369 1c00946c 0005d583 lhu              x11, 0(x11)         x11=00000050 x11:1c002ef2  PA:1c002ef2
26941157ns          464386 1c009470 40a35313 srai             x6, x6, 0x40a        x6=00000004  x6:00001081
26941177ns          464387 1c009474 00a686b3 add              x13, x13, x10       x13=fffffffe x13:fffffffa x10:00000004
26941197ns          464388 1c009476 05012f03 lw               x30, 80(x2)         x30=1c002e72  x2:10000cd8  PA:10000d28
26941217ns          464389 1c009478 10034e33 p.exths          x28, x6, x0         x28=00000004  x6:00000004
26941237ns          464390 1c00947c 06911023 sh               x9, 96(x2)           x9:000000d6  x2:10000cd8  PA:10000d38
26941257ns          464391 1c009480 000ede83 lhu              x29, 0(x29)         x29=00000021 x29:1c002f02  PA:1c002f02
26941555ns          464406 1c009484 05812483 lw               x9, 88(x2)           x9=1c002e62  x2:10000cd8  PA:10000d30
26941575ns          464407 1c009486 1006d6b3 p.exthz          x13, x13, x0        x13=0000fffe x13:fffffffe
26941595ns          464408 1c00948a 02ee08b3 mul              x17, x28, x14       x17=00000104 x28:00000004 x14:00000041
26941615ns          464409 1c00948e 1006c833 p.exths          x16, x13, x0        x16=fffffffe x13:0000fffe
26941635ns          464410 1c009492 06b11823 sh               x11, 112(x2)        x11:00000050  x2:10000cd8  PA:10000d48
26941655ns          464411 1c009496 000f5f03 lhu              x30, 0(x30)         x30=0000ff6a x30:1c002e72  PA:1c002e72
26941953ns          464426 1c00949a 0a012583 lw               x11, 160(x2)        x11=1c002e92  x2:10000cd8  PA:10000d78
26941973ns          464427 1c00949c 1007d7b3 p.exthz          x15, x15, x0        x15=0000fff4 x15:fffffff4
26941993ns          464428 1c0094a0 0004da03 lhu              x20, 0(x9)          x20=0000fd8f  x9:1c002e62  PA:1c002e62
26942291ns          464443 1c0094a4 1007c533 p.exths          x10, x15, x0        x10=fffffff4 x15:0000fff4
26942311ns          464444 1c0094a8 09d11023 sh               x29, 128(x2)        x29:00000021  x2:10000cd8  PA:10000d58
26942331ns          464445 1c0094ac 0003d483 lhu              x9, 0(x7)            x9=0000ffe5  x7:1c002eb2  PA:1c002eb2
26942629ns          464460 1c0094b0 02e80eb3 mul              x29, x16, x14       x29=ffffff7e x16:fffffffe x14:00000041
26942649ns          464461 1c0094b4 40a8d893 srai             x17, x17, 0x40a     x17=00000000 x17:00000104
26942669ns          464462 1c0094b8 03c80833 mul              x16, x16, x28       x16=fffffff8 x16:fffffffe x28:00000004
26942689ns          464463 1c0094bc 09e11823 sh               x30, 144(x2)        x30:0000ff6a  x2:10000cd8  PA:10000d68
26942709ns          464464 1c0094c0 0005d983 lhu              x19, 0(x11)         x19=0000ffca x11:1c002e92  PA:1c002e92
26943007ns          464479 1c0094c4 81c88f5b p.muls           x30, x17, x28       x30=00000000 x17:00000000 x28:00000004
26943027ns          464480 1c0094c8 0002d583 lhu              x11, 0(x5)          x11=0000ffbc  x5:1c002ea2  PA:1c002ea2
26943325ns          464495 1c0094cc 03ce0fb3 mul              x31, x28, x28       x31=00000010 x28:00000004 x28:00000004
26943345ns          464496 1c0094d0 02e50733 mul              x14, x10, x14       x14=fffffcf4 x10:fffffff4 x14:00000041
26943365ns          464497 1c0094d4 40a85813 srai             x16, x16, 0x40a     x16=ffffffff x16:fffffff8
26943385ns          464498 1c0094d8 03c50533 mul              x10, x10, x28       x10=ffffffd0 x10:fffffff4 x28:00000004
26943405ns          464499 1c0094dc 07015e03 lhu              x28, 112(x2)        x28=00000050  x2:10000cd8  PA:10000d48
26943445ns          464501 1c0094e0 01b60633 add              x12, x12, x27       x12=00000b3a x12:00000041 x27:00000af9
26943464ns          464502 1c0094e2 00980833 add              x16, x16, x9        x16=0000ffe4 x16:ffffffff  x9:0000ffe5
26943484ns          464503 1c0094e4 06015d83 lhu              x27, 96(x2)         x27=000000d6  x2:10000cd8  PA:10000d38
26943504ns          464504 1c0094e8 02812483 lw               x9, 40(x2)           x9=1c002ec2  x2:10000cd8  PA:10000d00
26943524ns          464505 1c0094ea 40afdf93 srai             x31, x31, 0x40a     x31=00000000 x31:00000010
26943544ns          464506 1c0094ee 40a55513 srai             x10, x10, 0x40a     x10=ffffffff x10:ffffffd0
26943564ns          464507 1c0094f0 01cf8fb3 add              x31, x31, x28       x31=00000050 x31:00000000 x28:00000050
26943584ns          464508 1c0094f2 00b50533 add              x10, x10, x11       x10=0000ffbb x10:ffffffff x11:0000ffbc
26943604ns          464509 1c0094f4 09015e03 lhu              x28, 144(x2)        x28=0000ff6a  x2:10000cd8  PA:10000d68
26943624ns          464510 1c0094f8 03012583 lw               x11, 48(x2)         x11=1c002ed2  x2:10000cd8  PA:10000d08
26943643ns          464511 1c0094fa 00c49023 sh               x12, 0(x9)          x12:00000b3a  x9:1c002ec2  PA:1c002ec2
26943981ns          464528 1c0094fe 01b888b3 add              x17, x17, x27       x17=000000d6 x17:00000000 x27:000000d6
26944001ns          464529 1c009500 01a30333 add              x6, x6, x26          x6=000002aa  x6:00000004 x26:000002a6
26944021ns          464530 1c009502 08015d83 lhu              x27, 128(x2)        x27=00000021  x2:10000cd8  PA:10000d58
26944041ns          464531 1c009506 0000d903 lhu              x18, 0(x1)          x18=0000ff50  x1:1c002e82  PA:1c002e82
26944339ns          464546 1c00950a 01c686b3 add              x13, x13, x28       x13=0001ff68 x13:0000fffe x28:0000ff6a
26944359ns          464547 1c00950c 00659023 sh               x6, 0(x11)           x6:000002aa x11:1c002ed2  PA:1c002ed2
26944678ns          464563 1c009510 40af5f13 srai             x30, x30, 0x40a     x30=00000000 x30:00000000
26944697ns          464564 1c009514 04812e03 lw               x28, 72(x2)         x28=1c002f02  x2:10000cd8  PA:10000d20
26944717ns          464565 1c009516 01bf0f33 add              x30, x30, x27       x30=00000021 x30:00000000 x27:00000021
26944737ns          464566 1c009518 40aede93 srai             x29, x29, 0x40a     x29=ffffffff x29:ffffff7e
26944757ns          464567 1c00951c 40a75713 srai             x14, x14, 0x40a     x14=ffffffff x14:fffffcf4
26944777ns          464568 1c00951e 03812603 lw               x12, 56(x2)         x12=1c002ee2  x2:10000cd8  PA:10000d10
26944797ns          464569 1c009520 04012d83 lw               x27, 64(x2)         x27=1c002ef2  x2:10000cd8  PA:10000d18
26944817ns          464570 1c009522 01ee1023 sh               x30, 0(x28)         x30:00000021 x28:1c002f02  PA:1c002f02
26945155ns          464587 1c009526 05812483 lw               x9, 88(x2)           x9=1c002e62  x2:10000cd8  PA:10000d30
26945175ns          464588 1c009528 05012f03 lw               x30, 80(x2)         x30=1c002e72  x2:10000cd8  PA:10000d28
26945195ns          464589 1c00952a 0a012583 lw               x11, 160(x2)        x11=1c002e92  x2:10000cd8  PA:10000d78
26945215ns          464590 1c00952c 014787b3 add              x15, x15, x20       x15=0001fd83 x15:0000fff4 x20:0000fd8f
26945234ns          464591 1c00952e 013e8eb3 add              x29, x29, x19       x29=0000ffc9 x29:ffffffff x19:0000ffca
26945254ns          464592 1c009530 01270733 add              x14, x14, x18       x14=0000ff4f x14:ffffffff x18:0000ff50
26945274ns          464593 1c009532 00f49023 sh               x15, 0(x9)          x15:0001fd83  x9:1c002e62  PA:1c002e62
26945612ns          464610 1c009536 01161023 sh               x17, 0(x12)         x17:000000d6 x12:1c002ee2  PA:1c002ee2
26945931ns          464626 1c00953a 01fd9023 sh               x31, 0(x27)         x31:00000050 x27:1c002ef2  PA:1c002ef2
26946249ns          464642 1c00953e 00df1023 sh               x13, 0(x30)         x13:0001ff68 x30:1c002e72  PA:1c002e72
26946587ns          464659 1c009542 01d59023 sh               x29, 0(x11)         x29:0000ffc9 x11:1c002e92  PA:1c002e92
26946905ns          464675 1c009546 00e09023 sh               x14, 0(x1)          x14:0000ff4f  x1:1c002e82  PA:1c002e82
26947243ns          464692 1c00954a 01039023 sh               x16, 0(x7)          x16:0000ffe4  x7:1c002eb2  PA:1c002eb2
26947561ns          464708 1c00954e 00a29023 sh               x10, 0(x5)          x10:0000ffbb  x5:1c002ea2  PA:1c002ea2
26947880ns          464724 1c009552 008b0b13 addi             x22, x22, 8         x22=00000099 x22:00000091
26947899ns          464725 1c009554 1f300793 addi             x15, x0, 499        x15=000001f3
26947919ns          464726 1c009558 e767dae3 bge              x15, x22, -396      x15:000001f3 x22:00000099
26948019ns          464731 1c0093cc 010c9a0b p.lh             x20, 16(x25!)       x20=ffffff99 x25=1c0027ca x25:1c0027ba  PA:1c0027ba
26948357ns          464748 1c0093d0 0104198b p.lh             x19, 16(x8!)        x19=000000e3  x8=1c001f92  x8:1c001f82  PA:1c001f82
26948655ns          464763 1c0093d4 2cc10513 addi             x10, x2, 716        x10=10000fa4  x2:10000cd8
26948675ns          464764 1c0093d6 010a990b p.lh             x18, 16(x21!)       x18=ffffffa9 x21=1c0017be x21:1c0017ae  PA:1c0017ae
26948973ns          464779 1c0093da 010b948b p.lh             x9, 16(x23!)         x9=000000f4 x23=1c000fee x23:1c000fde  PA:1c000fde
26949272ns          464794 1c0093de 2d411623 sh               x20, 716(x2)        x20:ffffff99  x2:10000cd8  PA:10000fa4
26949311ns          464796 1c0093e2 2d311723 sh               x19, 718(x2)        x19:000000e3  x2:10000cd8  PA:10000fa6
26949331ns          464797 1c0093e6 c33ff0ef jal              x1, -974             x1=1c0093e8
26949371ns          464799 1c009018 00051803 lh               x16, 0(x10)         x16=ffffff99 x10:10000fa4  PA:10000fa4
26949391ns          464800 1c00901c 00251883 lh               x17, 2(x10)         x17=000000e3 x10:10000fa4  PA:10000fa6
26949451ns          464803 1c009020 030806b3 mul              x13, x16, x16       x13=00002971 x16:ffffff99 x16:ffffff99
26949490ns          464805 1c009024 03188633 mul              x12, x17, x17       x12=0000c949 x17:000000e3 x17:000000e3
26949510ns          464806 1c009028 40a65613 srai             x12, x12, 0x40a     x12=00000032 x12:0000c949
26949530ns          464807 1c00902a 40a6d693 srai             x13, x13, 0x40a     x13=0000000a x13:00002971
26949550ns          464808 1c00902c 00c686b3 add              x13, x13, x12       x13=0000003c x13:0000000a x12:00000032
26949570ns          464809 1c00902e 1006c633 p.exths          x12, x13, x0        x12=0000003c x13:0000003c
26949590ns          464810 1c009032 00855703 lhu              x14, 8(x10)         x14=0000ffd1 x10:10000fa4  PA:10000fac
26949610ns          464811 1c009036 00a55683 lhu              x13, 10(x10)        x13=0000ff6a x10:10000fa4  PA:10000fae
26949630ns          464812 1c00903a 02c60333 mul              x6, x12, x12         x6=00000e10 x12:0000003c x12:0000003c
26949650ns          464813 1c00903e 00c55783 lhu              x15, 12(x10)        x15=0000ffe5 x10:10000fa4  PA:10000fb0
26949669ns          464814 1c009042 00e55583 lhu              x11, 14(x10)        x11=00000060 x10:10000fa4  PA:10000fb2
26949689ns          464815 1c009046 dea30333 p.extract        x6, x6, 15, 10       x6=00000003  x6:00000e10
26949709ns          464816 1c00904a 80c7075b p.muls           x14, x14, x12       x14=fffff4fc x14:0000ffd1 x12:0000003c
26949749ns          464818 1c00904e 80c686db p.muls           x13, x13, x12       x13=ffffdcd8 x13:0000ff6a x12:0000003c
26949789ns          464820 1c009052 00455e83 lhu              x29, 4(x10)         x29=00000427 x10:10000fa4  PA:10000fa8
26949809ns          464821 1c009056 00655e03 lhu              x28, 6(x10)         x28=0000007f x10:10000fa4  PA:10000faa
26949829ns          464822 1c00905a 40a75713 srai             x14, x14, 0x40a     x14=fffffffd x14:fffff4fc
26949848ns          464823 1c00905c 806787db p.muls           x15, x15, x6        x15=ffffffaf x15:0000ffe5  x6:00000003
26949868ns          464824 1c009060 40a6d693 srai             x13, x13, 0x40a     x13=fffffff7 x13:ffffdcd8
26949888ns          464825 1c009062 8065865b p.muls           x12, x11, x6        x12=00000120 x11:00000060  x6:00000003
26949908ns          464826 1c009066 40a7d793 srai             x15, x15, 0x40a     x15=ffffffff x15:ffffffaf
26949928ns          464827 1c009068 40a65613 srai             x12, x12, 0x40a     x12=00000000 x12:00000120
26949948ns          464828 1c00906a 01d70733 add              x14, x14, x29       x14=00000424 x14:fffffffd x29:00000427
26949968ns          464829 1c00906c 01c686b3 add              x13, x13, x28       x13=00000076 x13:fffffff7 x28:0000007f
26949988ns          464830 1c00906e 00c686b3 add              x13, x13, x12       x13=00000076 x13:00000076 x12:00000000
26950008ns          464831 1c009070 00f70733 add              x14, x14, x15       x14=00000423 x14:00000424 x15:ffffffff
26950027ns          464832 1c009072 100747b3 p.exths          x15, x14, x0        x15=00000423 x14:00000423
26950047ns          464833 1c009076 1006c733 p.exths          x14, x13, x0        x14=00000076 x13:00000076
26950067ns          464834 1c00907a 03170633 mul              x12, x14, x17       x12=000068a2 x14:00000076 x17:000000e3
26950087ns          464835 1c00907e 030786b3 mul              x13, x15, x16       x13=fffe55eb x15:00000423 x16:ffffff99
26950107ns          464836 1c009082 03070733 mul              x14, x14, x16       x14=ffffd086 x14:00000076 x16:ffffff99
26950127ns          464837 1c009086 031787b3 mul              x15, x15, x17       x15=0003ab09 x15:00000423 x17:000000e3
26950147ns          464838 1c00908a 40a6d693 srai             x13, x13, 0x40a     x13=ffffff95 x13:fffe55eb
26950167ns          464839 1c00908c 40a65613 srai             x12, x12, 0x40a     x12=0000001a x12:000068a2
26950187ns          464840 1c00908e 40a7d793 srai             x15, x15, 0x40a     x15=000000ea x15:0003ab09
26950206ns          464841 1c009090 40a75713 srai             x14, x14, 0x40a     x14=fffffff4 x14:ffffd086
26950226ns          464842 1c009092 40c686b3 sub              x13, x13, x12       x13=ffffff7b x13:ffffff95 x12:0000001a
26950246ns          464843 1c009094 00e787b3 add              x15, x15, x14       x15=000000de x15:000000ea x14:fffffff4
26950266ns          464844 1c009096 00d51823 sh               x13, 16(x10)        x13:ffffff7b x10:10000fa4  PA:10000fb4
26950306ns          464846 1c00909a 00f51923 sh               x15, 18(x10)        x15:000000de x10:10000fa4  PA:10000fb6
26950326ns          464847 1c00909e 00008067 jalr             x0, x1, 0            x1:1c0093e8
26950366ns          464849 1c0093e8 2dc15583 lhu              x11, 732(x2)        x11=0000ff7b  x2:10000cd8  PA:10000fb4
26950385ns          464850 1c0093ec 2de15783 lhu              x15, 734(x2)        x15=000000de  x2:10000cd8  PA:10000fb6
26950405ns          464851 1c0093f0 40b90933 sub              x18, x18, x11       x18=ffff002e x18:ffffffa9 x11:0000ff7b
26950425ns          464852 1c0093f4 40f484b3 sub              x9, x9, x15          x9=00000016  x9:000000f4 x15:000000de
26950445ns          464853 1c0093f6 100945b3 p.exths          x11, x18, x0        x11=0000002e x18:ffff002e
26950465ns          464854 1c0093fa 1004c7b3 p.exths          x15, x9, x0         x15=00000016  x9:00000016
26950485ns          464855 1c0093fe 034586b3 mul              x13, x11, x20       x13=ffffed7e x11:0000002e x20:ffffff99
26950505ns          464856 1c009402 03378533 mul              x10, x15, x19       x10=00001382 x15:00000016 x19:000000e3
26950525ns          464857 1c009406 034a0633 mul              x12, x20, x20       x12=00002971 x20:ffffff99 x20:ffffff99
26950545ns          464858 1c00940a 03398733 mul              x14, x19, x19       x14=0000c949 x19:000000e3 x19:000000e3
26950604ns          464861 1c00940e 034787b3 mul              x15, x15, x20       x15=fffff726 x15:00000016 x20:ffffff99
26950644ns          464863 1c009412 033585b3 mul              x11, x11, x19       x11=000028ca x11:0000002e x19:000000e3
26950664ns          464864 1c009416 40a75713 srai             x14, x14, 0x40a     x14=00000032 x14:0000c949
26950684ns          464865 1c009418 40a5d593 srai             x11, x11, 0x40a     x11=0000000a x11:000028ca
26950704ns          464866 1c00941a 40a65613 srai             x12, x12, 0x40a     x12=0000000a x12:00002971
26950724ns          464867 1c00941c 40a7d793 srai             x15, x15, 0x40a     x15=fffffffd x15:fffff726
26950743ns          464868 1c00941e 1c0034b7 lui              x9, 0x1c003000       x9=1c003000
26950763ns          464869 1c009422 00e60633 add              x12, x12, x14       x12=0000003c x12:0000000a x14:00000032
26950783ns          464870 1c009424 40b787b3 sub              x15, x15, x11       x15=fffffff3 x15:fffffffd x11:0000000a
26950803ns          464871 1c009426 eb048493 addi             x9, x9, -336         x9=1c002eb0  x9:1c003000
26950823ns          464872 1c00942a 1c0032b7 lui              x5, 0x1c003000       x5=1c003000
26950843ns          464873 1c00942e 1c0035b7 lui              x11, 0x1c003000     x11=1c003000
26950863ns          464874 1c009432 018483b3 add              x7, x9, x24          x7=1c002eb2  x9:1c002eb0 x24:00000002
26950883ns          464875 1c009436 02812e83 lw               x29, 40(x2)         x29=1c002ec2  x2:10000cd8  PA:10000d00
26950903ns          464876 1c009438 10065633 p.exthz          x12, x12, x0        x12=0000003c x12:0000003c
26950922ns          464877 1c00943c e8028293 addi             x5, x5, -384         x5=1c002e80  x5:1c003000
26950942ns          464878 1c009440 ea058593 addi             x11, x11, -352      x11=1c002ea0 x11:1c003000
26950982ns          464880 1c009444 03812483 lw               x9, 56(x2)           x9=1c002ee2  x2:10000cd8  PA:10000d10
26951002ns          464881 1c009446 10064733 p.exths          x14, x12, x0        x14=0000003c x12:0000003c
26951022ns          464882 1c00944a 018280b3 add              x1, x5, x24          x1=1c002e82  x5:1c002e80 x24:00000002
26951042ns          464883 1c00944e 03012f03 lw               x30, 48(x2)         x30=1c002ed2  x2:10000cd8  PA:10000d08
26951062ns          464884 1c009450 018582b3 add              x5, x11, x24         x5=1c002ea2 x11:1c002ea0 x24:00000002
26951082ns          464885 1c009454 04012583 lw               x11, 64(x2)         x11=1c002ef2  x2:10000cd8  PA:10000d18
26951101ns          464886 1c009456 000edd83 lhu              x27, 0(x29)         x27=00000b3a x29:1c002ec2  PA:1c002ec2
26951400ns          464901 1c00945a 0004d483 lhu              x9, 0(x9)            x9=000000d6  x9:1c002ee2  PA:1c002ee2
26951718ns          464917 1c00945e 02e70333 mul              x6, x14, x14         x6=00000e10 x14:0000003c x14:0000003c
26951738ns          464918 1c009462 40a55513 srai             x10, x10, 0x40a     x10=00000004 x10:00001382
26951758ns          464919 1c009464 04812e83 lw               x29, 72(x2)         x29=1c002f02  x2:10000cd8  PA:10000d20
26951778ns          464920 1c009466 40a6d693 srai             x13, x13, 0x40a     x13=fffffffb x13:ffffed7e
26951797ns          464921 1c009468 000f5d03 lhu              x26, 0(x30)         x26=000002aa x30:1c002ed2  PA:1c002ed2
26952136ns          464938 1c00946c 0005d583 lhu              x11, 0(x11)         x11=00000050 x11:1c002ef2  PA:1c002ef2
26952454ns          464954 1c009470 40a35313 srai             x6, x6, 0x40a        x6=00000003  x6:00000e10
26952474ns          464955 1c009474 00a686b3 add              x13, x13, x10       x13=ffffffff x13:fffffffb x10:00000004
26952494ns          464956 1c009476 05012f03 lw               x30, 80(x2)         x30=1c002e72  x2:10000cd8  PA:10000d28
26952513ns          464957 1c009478 10034e33 p.exths          x28, x6, x0         x28=00000003  x6:00000003
26952533ns          464958 1c00947c 06911023 sh               x9, 96(x2)           x9:000000d6  x2:10000cd8  PA:10000d38
26952553ns          464959 1c009480 000ede83 lhu              x29, 0(x29)         x29=00000021 x29:1c002f02  PA:1c002f02
26952852ns          464974 1c009484 05812483 lw               x9, 88(x2)           x9=1c002e62  x2:10000cd8  PA:10000d30
26952871ns          464975 1c009486 1006d6b3 p.exthz          x13, x13, x0        x13=0000ffff x13:ffffffff
26952891ns          464976 1c00948a 02ee08b3 mul              x17, x28, x14       x17=000000b4 x28:00000003 x14:0000003c
26952911ns          464977 1c00948e 1006c833 p.exths          x16, x13, x0        x16=ffffffff x13:0000ffff
26952931ns          464978 1c009492 06b11823 sh               x11, 112(x2)        x11:00000050  x2:10000cd8  PA:10000d48
26952951ns          464979 1c009496 000f5f03 lhu              x30, 0(x30)         x30=0000ff68 x30:1c002e72  PA:1c002e72
26953249ns          464994 1c00949a 0a012583 lw               x11, 160(x2)        x11=1c002e92  x2:10000cd8  PA:10000d78
26953269ns          464995 1c00949c 1007d7b3 p.exthz          x15, x15, x0        x15=0000fff3 x15:fffffff3
26953289ns          464996 1c0094a0 0004da03 lhu              x20, 0(x9)          x20=0000fd83  x9:1c002e62  PA:1c002e62
26953587ns          465011 1c0094a4 1007c533 p.exths          x10, x15, x0        x10=fffffff3 x15:0000fff3
26953607ns          465012 1c0094a8 09d11023 sh               x29, 128(x2)        x29:00000021  x2:10000cd8  PA:10000d58
26953627ns          465013 1c0094ac 0003d483 lhu              x9, 0(x7)            x9=0000ffe4  x7:1c002eb2  PA:1c002eb2
26954045ns          465034 1c0094b0 02e80eb3 mul              x29, x16, x14       x29=ffffffc4 x16:ffffffff x14:0000003c
26954065ns          465035 1c0094b4 40a8d893 srai             x17, x17, 0x40a     x17=00000000 x17:000000b4
26954085ns          465036 1c0094b8 03c80833 mul              x16, x16, x28       x16=fffffffd x16:ffffffff x28:00000003
26954104ns          465037 1c0094bc 09e11823 sh               x30, 144(x2)        x30:0000ff68  x2:10000cd8  PA:10000d68
26954124ns          465038 1c0094c0 0005d983 lhu              x19, 0(x11)         x19=0000ffc9 x11:1c002e92  PA:1c002e92
26954423ns          465053 1c0094c4 81c88f5b p.muls           x30, x17, x28       x30=00000000 x17:00000000 x28:00000003
26954443ns          465054 1c0094c8 0002d583 lhu              x11, 0(x5)          x11=0000ffbb  x5:1c002ea2  PA:1c002ea2
26954761ns          465070 1c0094cc 03ce0fb3 mul              x31, x28, x28       x31=00000009 x28:00000003 x28:00000003
26954781ns          465071 1c0094d0 02e50733 mul              x14, x10, x14       x14=fffffcf4 x10:fffffff3 x14:0000003c
26954801ns          465072 1c0094d4 40a85813 srai             x16, x16, 0x40a     x16=ffffffff x16:fffffffd
26954820ns          465073 1c0094d8 03c50533 mul              x10, x10, x28       x10=ffffffd9 x10:fffffff3 x28:00000003
26954840ns          465074 1c0094dc 07015e03 lhu              x28, 112(x2)        x28=00000050  x2:10000cd8  PA:10000d48
26954880ns          465076 1c0094e0 01b60633 add              x12, x12, x27       x12=00000b76 x12:0000003c x27:00000b3a
26954900ns          465077 1c0094e2 00980833 add              x16, x16, x9        x16=0000ffe3 x16:ffffffff  x9:0000ffe4
26954920ns          465078 1c0094e4 06015d83 lhu              x27, 96(x2)         x27=000000d6  x2:10000cd8  PA:10000d38
26954940ns          465079 1c0094e8 02812483 lw               x9, 40(x2)           x9=1c002ec2  x2:10000cd8  PA:10000d00
26954960ns          465080 1c0094ea 40afdf93 srai             x31, x31, 0x40a     x31=00000000 x31:00000009
26954980ns          465081 1c0094ee 40a55513 srai             x10, x10, 0x40a     x10=ffffffff x10:ffffffd9
26954999ns          465082 1c0094f0 01cf8fb3 add              x31, x31, x28       x31=00000050 x31:00000000 x28:00000050
26955019ns          465083 1c0094f2 00b50533 add              x10, x10, x11       x10=0000ffba x10:ffffffff x11:0000ffbb
26955039ns          465084 1c0094f4 09015e03 lhu              x28, 144(x2)        x28=0000ff68  x2:10000cd8  PA:10000d68
26955059ns          465085 1c0094f8 03012583 lw               x11, 48(x2)         x11=1c002ed2  x2:10000cd8  PA:10000d08
26955079ns          465086 1c0094fa 00c49023 sh               x12, 0(x9)          x12:00000b76  x9:1c002ec2  PA:1c002ec2
26955417ns          465103 1c0094fe 01b888b3 add              x17, x17, x27       x17=000000d6 x17:00000000 x27:000000d6
26955437ns          465104 1c009500 01a30333 add              x6, x6, x26          x6=000002ad  x6:00000003 x26:000002aa
26955457ns          465105 1c009502 08015d83 lhu              x27, 128(x2)        x27=00000021  x2:10000cd8  PA:10000d58
26955477ns          465106 1c009506 0000d903 lhu              x18, 0(x1)          x18=0000ff4f  x1:1c002e82  PA:1c002e82
26955775ns          465121 1c00950a 01c686b3 add              x13, x13, x28       x13=0001ff67 x13:0000ffff x28:0000ff68
26955795ns          465122 1c00950c 00659023 sh               x6, 0(x11)           x6:000002ad x11:1c002ed2  PA:1c002ed2
26956133ns          465139 1c009510 40af5f13 srai             x30, x30, 0x40a     x30=00000000 x30:00000000
26956153ns          465140 1c009514 04812e03 lw               x28, 72(x2)         x28=1c002f02  x2:10000cd8  PA:10000d20
26956173ns          465141 1c009516 01bf0f33 add              x30, x30, x27       x30=00000021 x30:00000000 x27:00000021
26956193ns          465142 1c009518 40aede93 srai             x29, x29, 0x40a     x29=ffffffff x29:ffffffc4
26956213ns          465143 1c00951c 40a75713 srai             x14, x14, 0x40a     x14=ffffffff x14:fffffcf4
26956232ns          465144 1c00951e 03812603 lw               x12, 56(x2)         x12=1c002ee2  x2:10000cd8  PA:10000d10
26956252ns          465145 1c009520 04012d83 lw               x27, 64(x2)         x27=1c002ef2  x2:10000cd8  PA:10000d18
26956272ns          465146 1c009522 01ee1023 sh               x30, 0(x28)         x30:00000021 x28:1c002f02  PA:1c002f02
26956590ns          465162 1c009526 05812483 lw               x9, 88(x2)           x9=1c002e62  x2:10000cd8  PA:10000d30
26956610ns          465163 1c009528 05012f03 lw               x30, 80(x2)         x30=1c002e72  x2:10000cd8  PA:10000d28
26956630ns          465164 1c00952a 0a012583 lw               x11, 160(x2)        x11=1c002e92  x2:10000cd8  PA:10000d78
26956650ns          465165 1c00952c 014787b3 add              x15, x15, x20       x15=0001fd76 x15:0000fff3 x20:0000fd83
26956670ns          465166 1c00952e 013e8eb3 add              x29, x29, x19       x29=0000ffc8 x29:ffffffff x19:0000ffc9
26956690ns          465167 1c009530 01270733 add              x14, x14, x18       x14=0000ff4e x14:ffffffff x18:0000ff4f
26956710ns          465168 1c009532 00f49023 sh               x15, 0(x9)          x15:0001fd76  x9:1c002e62  PA:1c002e62
26957068ns          465186 1c009536 01161023 sh               x17, 0(x12)         x17:000000d6 x12:1c002ee2  PA:1c002ee2
26957386ns          465202 1c00953a 01fd9023 sh               x31, 0(x27)         x31:00000050 x27:1c002ef2  PA:1c002ef2
26957704ns          465218 1c00953e 00df1023 sh               x13, 0(x30)         x13:0001ff67 x30:1c002e72  PA:1c002e72
26958022ns          465234 1c009542 01d59023 sh               x29, 0(x11)         x29:0000ffc8 x11:1c002e92  PA:1c002e92
26958361ns          465251 1c009546 00e09023 sh               x14, 0(x1)          x14:0000ff4e  x1:1c002e82  PA:1c002e82
26958679ns          465267 1c00954a 01039023 sh               x16, 0(x7)          x16:0000ffe3  x7:1c002eb2  PA:1c002eb2
26958997ns          465283 1c00954e 00a29023 sh               x10, 0(x5)          x10:0000ffba  x5:1c002ea2  PA:1c002ea2
26959315ns          465299 1c009552 008b0b13 addi             x22, x22, 8         x22=000000a1 x22:00000099
26959335ns          465300 1c009554 1f300793 addi             x15, x0, 499        x15=000001f3
26959355ns          465301 1c009558 e767dae3 bge              x15, x22, -396      x15:000001f3 x22:000000a1
26959454ns          465306 1c0093cc 010c9a0b p.lh             x20, 16(x25!)       x20=000001db x25=1c0027da x25:1c0027ca  PA:1c0027ca
26959773ns          465322 1c0093d0 0104198b p.lh             x19, 16(x8!)        x19=0000010c  x8=1c001fa2  x8:1c001f92  PA:1c001f92
26960071ns          465337 1c0093d4 2cc10513 addi             x10, x2, 716        x10=10000fa4  x2:10000cd8
26960091ns          465338 1c0093d6 010a990b p.lh             x18, 16(x21!)       x18=000001fc x21=1c0017ce x21:1c0017be  PA:1c0017be
26960409ns          465354 1c0093da 010b948b p.lh             x9, 16(x23!)         x9=000000c0 x23=1c000ffe x23:1c000fee  PA:1c000fee
26960787ns          465373 1c0093de 2d411623 sh               x20, 716(x2)        x20:000001db  x2:10000cd8  PA:10000fa4
26960807ns          465374 1c0093e2 2d311723 sh               x19, 718(x2)        x19:0000010c  x2:10000cd8  PA:10000fa6
26960827ns          465375 1c0093e6 c33ff0ef jal              x1, -974             x1=1c0093e8
26960866ns          465377 1c009018 00051803 lh               x16, 0(x10)         x16=000001db x10:10000fa4  PA:10000fa4
26960886ns          465378 1c00901c 00251883 lh               x17, 2(x10)         x17=0000010c x10:10000fa4  PA:10000fa6
26960906ns          465379 1c009020 030806b3 mul              x13, x16, x16       x13=00037159 x16:000001db x16:000001db
26960926ns          465380 1c009024 03188633 mul              x12, x17, x17       x12=00011890 x17:0000010c x17:0000010c
26960946ns          465381 1c009028 40a65613 srai             x12, x12, 0x40a     x12=00000046 x12:00011890
26960966ns          465382 1c00902a 40a6d693 srai             x13, x13, 0x40a     x13=000000dc x13:00037159
26960986ns          465383 1c00902c 00c686b3 add              x13, x13, x12       x13=00000122 x13:000000dc x12:00000046
26961006ns          465384 1c00902e 1006c633 p.exths          x12, x13, x0        x12=00000122 x13:00000122
26961026ns          465385 1c009032 00855703 lhu              x14, 8(x10)         x14=0000ffd1 x10:10000fa4  PA:10000fac
26961045ns          465386 1c009036 00a55683 lhu              x13, 10(x10)        x13=0000ff6a x10:10000fa4  PA:10000fae
26961065ns          465387 1c00903a 02c60333 mul              x6, x12, x12         x6=00014884 x12:00000122 x12:00000122
26961085ns          465388 1c00903e 00c55783 lhu              x15, 12(x10)        x15=0000ffe5 x10:10000fa4  PA:10000fb0
26961105ns          465389 1c009042 00e55583 lhu              x11, 14(x10)        x11=00000060 x10:10000fa4  PA:10000fb2
26961125ns          465390 1c009046 dea30333 p.extract        x6, x6, 15, 10       x6=00000052  x6:00014884
26961145ns          465391 1c00904a 80c7075b p.muls           x14, x14, x12       x14=ffffcac2 x14:0000ffd1 x12:00000122
26961165ns          465392 1c00904e 80c686db p.muls           x13, x13, x12       x13=ffff5614 x13:0000ff6a x12:00000122
26961185ns          465393 1c009052 00455e83 lhu              x29, 4(x10)         x29=00000427 x10:10000fa4  PA:10000fa8
26961204ns          465394 1c009056 00655e03 lhu              x28, 6(x10)         x28=0000007f x10:10000fa4  PA:10000faa
26961224ns          465395 1c00905a 40a75713 srai             x14, x14, 0x40a     x14=fffffff2 x14:ffffcac2
26961244ns          465396 1c00905c 806787db p.muls           x15, x15, x6        x15=fffff75a x15:0000ffe5  x6:00000052
26961264ns          465397 1c009060 40a6d693 srai             x13, x13, 0x40a     x13=ffffffd5 x13:ffff5614
26961284ns          465398 1c009062 8065865b p.muls           x12, x11, x6        x12=00001ec0 x11:00000060  x6:00000052
26961304ns          465399 1c009066 40a7d793 srai             x15, x15, 0x40a     x15=fffffffd x15:fffff75a
26961324ns          465400 1c009068 40a65613 srai             x12, x12, 0x40a     x12=00000007 x12:00001ec0
26961344ns          465401 1c00906a 01d70733 add              x14, x14, x29       x14=00000419 x14:fffffff2 x29:00000427
26961364ns          465402 1c00906c 01c686b3 add              x13, x13, x28       x13=00000054 x13:ffffffd5 x28:0000007f
26961383ns          465403 1c00906e 00c686b3 add              x13, x13, x12       x13=0000005b x13:00000054 x12:00000007
26961403ns          465404 1c009070 00f70733 add              x14, x14, x15       x14=00000416 x14:00000419 x15:fffffffd
26961423ns          465405 1c009072 100747b3 p.exths          x15, x14, x0        x15=00000416 x14:00000416
26961443ns          465406 1c009076 1006c733 p.exths          x14, x13, x0        x14=0000005b x13:0000005b
26961463ns          465407 1c00907a 03170633 mul              x12, x14, x17       x12=00005f44 x14:0000005b x17:0000010c
26961483ns          465408 1c00907e 030786b3 mul              x13, x15, x16       x13=000794d2 x15:00000416 x16:000001db
26961503ns          465409 1c009082 03070733 mul              x14, x14, x16       x14=0000a8d9 x14:0000005b x16:000001db
26961523ns          465410 1c009086 031787b3 mul              x15, x15, x17       x15=00044708 x15:00000416 x17:0000010c
26961543ns          465411 1c00908a 40a6d693 srai             x13, x13, 0x40a     x13=000001e5 x13:000794d2
26961562ns          465412 1c00908c 40a65613 srai             x12, x12, 0x40a     x12=00000017 x12:00005f44
26961582ns          465413 1c00908e 40a7d793 srai             x15, x15, 0x40a     x15=00000111 x15:00044708
26961602ns          465414 1c009090 40a75713 srai             x14, x14, 0x40a     x14=0000002a x14:0000a8d9
26961622ns          465415 1c009092 40c686b3 sub              x13, x13, x12       x13=000001ce x13:000001e5 x12:00000017
26961642ns          465416 1c009094 00e787b3 add              x15, x15, x14       x15=0000013b x15:00000111 x14:0000002a
26961662ns          465417 1c009096 00d51823 sh               x13, 16(x10)        x13:000001ce x10:10000fa4  PA:10000fb4
26961682ns          465418 1c00909a 00f51923 sh               x15, 18(x10)        x15:0000013b x10:10000fa4  PA:10000fb6
26961702ns          465419 1c00909e 00008067 jalr             x0, x1, 0            x1:1c0093e8
26961741ns          465421 1c0093e8 2dc15583 lhu              x11, 732(x2)        x11=000001ce  x2:10000cd8  PA:10000fb4
26961761ns          465422 1c0093ec 2de15783 lhu              x15, 734(x2)        x15=0000013b  x2:10000cd8  PA:10000fb6
26961781ns          465423 1c0093f0 40b90933 sub              x18, x18, x11       x18=0000002e x18:000001fc x11:000001ce
26961801ns          465424 1c0093f4 40f484b3 sub              x9, x9, x15          x9=ffffff85  x9:000000c0 x15:0000013b
26961821ns          465425 1c0093f6 100945b3 p.exths          x11, x18, x0        x11=0000002e x18:0000002e
26961841ns          465426 1c0093fa 1004c7b3 p.exths          x15, x9, x0         x15=ffffff85  x9:ffffff85
26961861ns          465427 1c0093fe 034586b3 mul              x13, x11, x20       x13=0000555a x11:0000002e x20:000001db
26961881ns          465428 1c009402 03378533 mul              x10, x15, x19       x10=ffff7f3c x15:ffffff85 x19:0000010c
26961901ns          465429 1c009406 034a0633 mul              x12, x20, x20       x12=00037159 x20:000001db x20:000001db
26961920ns          465430 1c00940a 03398733 mul              x14, x19, x19       x14=00011890 x19:0000010c x19:0000010c
26961980ns          465433 1c00940e 034787b3 mul              x15, x15, x20       x15=ffff1bc7 x15:ffffff85 x20:000001db
26962020ns          465435 1c009412 033585b3 mul              x11, x11, x19       x11=00003028 x11:0000002e x19:0000010c
26962040ns          465436 1c009416 40a75713 srai             x14, x14, 0x40a     x14=00000046 x14:00011890
26962060ns          465437 1c009418 40a5d593 srai             x11, x11, 0x40a     x11=0000000c x11:00003028
26962080ns          465438 1c00941a 40a65613 srai             x12, x12, 0x40a     x12=000000dc x12:00037159
26962099ns          465439 1c00941c 40a7d793 srai             x15, x15, 0x40a     x15=ffffffc6 x15:ffff1bc7
26962119ns          465440 1c00941e 1c0034b7 lui              x9, 0x1c003000       x9=1c003000
26962139ns          465441 1c009422 00e60633 add              x12, x12, x14       x12=00000122 x12:000000dc x14:00000046
26962159ns          465442 1c009424 40b787b3 sub              x15, x15, x11       x15=ffffffba x15:ffffffc6 x11:0000000c
26962179ns          465443 1c009426 eb048493 addi             x9, x9, -336         x9=1c002eb0  x9:1c003000
26962199ns          465444 1c00942a 1c0032b7 lui              x5, 0x1c003000       x5=1c003000
26962219ns          465445 1c00942e 1c0035b7 lui              x11, 0x1c003000     x11=1c003000
26962239ns          465446 1c009432 018483b3 add              x7, x9, x24          x7=1c002eb2  x9:1c002eb0 x24:00000002
26962259ns          465447 1c009436 02812e83 lw               x29, 40(x2)         x29=1c002ec2  x2:10000cd8  PA:10000d00
26962278ns          465448 1c009438 10065633 p.exthz          x12, x12, x0        x12=00000122 x12:00000122
26962298ns          465449 1c00943c e8028293 addi             x5, x5, -384         x5=1c002e80  x5:1c003000
26962318ns          465450 1c009440 ea058593 addi             x11, x11, -352      x11=1c002ea0 x11:1c003000
26962338ns          465451 1c009444 03812483 lw               x9, 56(x2)           x9=1c002ee2  x2:10000cd8  PA:10000d10
26962358ns          465452 1c009446 10064733 p.exths          x14, x12, x0        x14=00000122 x12:00000122
26962378ns          465453 1c00944a 018280b3 add              x1, x5, x24          x1=1c002e82  x5:1c002e80 x24:00000002
26962398ns          465454 1c00944e 03012f03 lw               x30, 48(x2)         x30=1c002ed2  x2:10000cd8  PA:10000d08
26962438ns          465456 1c009450 018582b3 add              x5, x11, x24         x5=1c002ea2 x11:1c002ea0 x24:00000002
26962457ns          465457 1c009454 04012583 lw               x11, 64(x2)         x11=1c002ef2  x2:10000cd8  PA:10000d18
26962477ns          465458 1c009456 000edd83 lhu              x27, 0(x29)         x27=00000b76 x29:1c002ec2  PA:1c002ec2
26962815ns          465475 1c00945a 0004d483 lhu              x9, 0(x9)            x9=000000d6  x9:1c002ee2  PA:1c002ee2
26963114ns          465490 1c00945e 02e70333 mul              x6, x14, x14         x6=00014884 x14:00000122 x14:00000122
26963134ns          465491 1c009462 40a55513 srai             x10, x10, 0x40a     x10=ffffffdf x10:ffff7f3c
26963154ns          465492 1c009464 04812e83 lw               x29, 72(x2)         x29=1c002f02  x2:10000cd8  PA:10000d20
26963173ns          465493 1c009466 40a6d693 srai             x13, x13, 0x40a     x13=00000015 x13:0000555a
26963193ns          465494 1c009468 000f5d03 lhu              x26, 0(x30)         x26=000002ad x30:1c002ed2  PA:1c002ed2
26963571ns          465513 1c00946c 0005d583 lhu              x11, 0(x11)         x11=00000050 x11:1c002ef2  PA:1c002ef2
26963929ns          465531 1c009470 40a35313 srai             x6, x6, 0x40a        x6=00000052  x6:00014884
26963949ns          465532 1c009474 00a686b3 add              x13, x13, x10       x13=fffffff4 x13:00000015 x10:ffffffdf
26963969ns          465533 1c009476 05012f03 lw               x30, 80(x2)         x30=1c002e72  x2:10000cd8  PA:10000d28
26963989ns          465534 1c009478 10034e33 p.exths          x28, x6, x0         x28=00000052  x6:00000052
26964009ns          465535 1c00947c 06911023 sh               x9, 96(x2)           x9:000000d6  x2:10000cd8  PA:10000d38
26964029ns          465536 1c009480 000ede83 lhu              x29, 0(x29)         x29=00000021 x29:1c002f02  PA:1c002f02
26964327ns          465551 1c009484 05812483 lw               x9, 88(x2)           x9=1c002e62  x2:10000cd8  PA:10000d30
26964347ns          465552 1c009486 1006d6b3 p.exthz          x13, x13, x0        x13=0000fff4 x13:fffffff4
26964367ns          465553 1c00948a 02ee08b3 mul              x17, x28, x14       x17=00005ce4 x28:00000052 x14:00000122
26964387ns          465554 1c00948e 1006c833 p.exths          x16, x13, x0        x16=fffffff4 x13:0000fff4
26964406ns          465555 1c009492 06b11823 sh               x11, 112(x2)        x11:00000050  x2:10000cd8  PA:10000d48
26964426ns          465556 1c009496 000f5f03 lhu              x30, 0(x30)         x30=0000ff67 x30:1c002e72  PA:1c002e72
26964745ns          465572 1c00949a 0a012583 lw               x11, 160(x2)        x11=1c002e92  x2:10000cd8  PA:10000d78
26964764ns          465573 1c00949c 1007d7b3 p.exthz          x15, x15, x0        x15=0000ffba x15:ffffffba
26964784ns          465574 1c0094a0 0004da03 lhu              x20, 0(x9)          x20=0000fd76  x9:1c002e62  PA:1c002e62
26965122ns          465591 1c0094a4 1007c533 p.exths          x10, x15, x0        x10=ffffffba x15:0000ffba
26965142ns          465592 1c0094a8 09d11023 sh               x29, 128(x2)        x29:00000021  x2:10000cd8  PA:10000d58
26965162ns          465593 1c0094ac 0003d483 lhu              x9, 0(x7)            x9=0000ffe3  x7:1c002eb2  PA:1c002eb2
26965500ns          465610 1c0094b0 02e80eb3 mul              x29, x16, x14       x29=fffff268 x16:fffffff4 x14:00000122
26965520ns          465611 1c0094b4 40a8d893 srai             x17, x17, 0x40a     x17=00000017 x17:00005ce4
26965540ns          465612 1c0094b8 03c80833 mul              x16, x16, x28       x16=fffffc28 x16:fffffff4 x28:00000052
26965560ns          465613 1c0094bc 09e11823 sh               x30, 144(x2)        x30:0000ff67  x2:10000cd8  PA:10000d68
26965580ns          465614 1c0094c0 0005d983 lhu              x19, 0(x11)         x19=0000ffc8 x11:1c002e92  PA:1c002e92
26965898ns          465630 1c0094c4 81c88f5b p.muls           x30, x17, x28       x30=0000075e x17:00000017 x28:00000052
26965918ns          465631 1c0094c8 0002d583 lhu              x11, 0(x5)          x11=0000ffba  x5:1c002ea2  PA:1c002ea2
26966256ns          465648 1c0094cc 03ce0fb3 mul              x31, x28, x28       x31=00001a44 x28:00000052 x28:00000052
26966276ns          465649 1c0094d0 02e50733 mul              x14, x10, x14       x14=ffffb0b4 x10:ffffffba x14:00000122
26966296ns          465650 1c0094d4 40a85813 srai             x16, x16, 0x40a     x16=ffffffff x16:fffffc28
26966316ns          465651 1c0094d8 03c50533 mul              x10, x10, x28       x10=ffffe994 x10:ffffffba x28:00000052
26966336ns          465652 1c0094dc 07015e03 lhu              x28, 112(x2)        x28=00000050  x2:10000cd8  PA:10000d48
26966375ns          465654 1c0094e0 01b60633 add              x12, x12, x27       x12=00000c98 x12:00000122 x27:00000b76
26966395ns          465655 1c0094e2 00980833 add              x16, x16, x9        x16=0000ffe2 x16:ffffffff  x9:0000ffe3
26966415ns          465656 1c0094e4 06015d83 lhu              x27, 96(x2)         x27=000000d6  x2:10000cd8  PA:10000d38
26966435ns          465657 1c0094e8 02812483 lw               x9, 40(x2)           x9=1c002ec2  x2:10000cd8  PA:10000d00
26966455ns          465658 1c0094ea 40afdf93 srai             x31, x31, 0x40a     x31=00000006 x31:00001a44
26966475ns          465659 1c0094ee 40a55513 srai             x10, x10, 0x40a     x10=fffffffa x10:ffffe994
26966495ns          465660 1c0094f0 01cf8fb3 add              x31, x31, x28       x31=00000056 x31:00000006 x28:00000050
26966515ns          465661 1c0094f2 00b50533 add              x10, x10, x11       x10=0000ffb4 x10:fffffffa x11:0000ffba
26966534ns          465662 1c0094f4 09015e03 lhu              x28, 144(x2)        x28=0000ff67  x2:10000cd8  PA:10000d68
26966554ns          465663 1c0094f8 03012583 lw               x11, 48(x2)         x11=1c002ed2  x2:10000cd8  PA:10000d08
26966574ns          465664 1c0094fa 00c49023 sh               x12, 0(x9)          x12:00000c98  x9:1c002ec2  PA:1c002ec2
26966892ns          465680 1c0094fe 01b888b3 add              x17, x17, x27       x17=000000ed x17:00000017 x27:000000d6
26966912ns          465681 1c009500 01a30333 add              x6, x6, x26          x6=000002ff  x6:00000052 x26:000002ad
26966932ns          465682 1c009502 08015d83 lhu              x27, 128(x2)        x27=00000021  x2:10000cd8  PA:10000d58
26966952ns          465683 1c009506 0000d903 lhu              x18, 0(x1)          x18=0000ff4e  x1:1c002e82  PA:1c002e82
26967270ns          465699 1c00950a 01c686b3 add              x13, x13, x28       x13=0001ff5b x13:0000fff4 x28:0000ff67
26967290ns          465700 1c00950c 00659023 sh               x6, 0(x11)           x6:000002ff x11:1c002ed2  PA:1c002ed2
26967628ns          465717 1c009510 40af5f13 srai             x30, x30, 0x40a     x30=00000001 x30:0000075e
26967648ns          465718 1c009514 04812e03 lw               x28, 72(x2)         x28=1c002f02  x2:10000cd8  PA:10000d20
26967668ns          465719 1c009516 01bf0f33 add              x30, x30, x27       x30=00000022 x30:00000001 x27:00000021
26967688ns          465720 1c009518 40aede93 srai             x29, x29, 0x40a     x29=fffffffc x29:fffff268
26967708ns          465721 1c00951c 40a75713 srai             x14, x14, 0x40a     x14=ffffffec x14:ffffb0b4
26967728ns          465722 1c00951e 03812603 lw               x12, 56(x2)         x12=1c002ee2  x2:10000cd8  PA:10000d10
26967748ns          465723 1c009520 04012d83 lw               x27, 64(x2)         x27=1c002ef2  x2:10000cd8  PA:10000d18
26967768ns          465724 1c009522 01ee1023 sh               x30, 0(x28)         x30:00000022 x28:1c002f02  PA:1c002f02
26968086ns          465740 1c009526 05812483 lw               x9, 88(x2)           x9=1c002e62  x2:10000cd8  PA:10000d30
26968106ns          465741 1c009528 05012f03 lw               x30, 80(x2)         x30=1c002e72  x2:10000cd8  PA:10000d28
26968126ns          465742 1c00952a 0a012583 lw               x11, 160(x2)        x11=1c002e92  x2:10000cd8  PA:10000d78
26968145ns          465743 1c00952c 014787b3 add              x15, x15, x20       x15=0001fd30 x15:0000ffba x20:0000fd76
26968165ns          465744 1c00952e 013e8eb3 add              x29, x29, x19       x29=0000ffc4 x29:fffffffc x19:0000ffc8
26968185ns          465745 1c009530 01270733 add              x14, x14, x18       x14=0000ff3a x14:ffffffec x18:0000ff4e
26968205ns          465746 1c009532 00f49023 sh               x15, 0(x9)          x15:0001fd30  x9:1c002e62  PA:1c002e62
26968543ns          465763 1c009536 01161023 sh               x17, 0(x12)         x17:000000ed x12:1c002ee2  PA:1c002ee2
26968881ns          465780 1c00953a 01fd9023 sh               x31, 0(x27)         x31:00000056 x27:1c002ef2  PA:1c002ef2
26969199ns          465796 1c00953e 00df1023 sh               x13, 0(x30)         x13:0001ff5b x30:1c002e72  PA:1c002e72
26969518ns          465812 1c009542 01d59023 sh               x29, 0(x11)         x29:0000ffc4 x11:1c002e92  PA:1c002e92
26969836ns          465828 1c009546 00e09023 sh               x14, 0(x1)          x14:0000ff3a  x1:1c002e82  PA:1c002e82
26970174ns          465845 1c00954a 01039023 sh               x16, 0(x7)          x16:0000ffe2  x7:1c002eb2  PA:1c002eb2
26970492ns          465861 1c00954e 00a29023 sh               x10, 0(x5)          x10:0000ffb4  x5:1c002ea2  PA:1c002ea2
26970870ns          465880 1c009552 008b0b13 addi             x22, x22, 8         x22=000000a9 x22:000000a1
26970890ns          465881 1c009554 1f300793 addi             x15, x0, 499        x15=000001f3
26970910ns          465882 1c009558 e767dae3 bge              x15, x22, -396      x15:000001f3 x22:000000a9
26970970ns          465885 1c0093cc 010c9a0b p.lh             x20, 16(x25!)       x20=fffffffc x25=1c0027ea x25:1c0027da  PA:1c0027da
26971288ns          465901 1c0093d0 0104198b p.lh             x19, 16(x8!)        x19=00000282  x8=1c001fb2  x8:1c001fa2  PA:1c001fa2
26971606ns          465917 1c0093d4 2cc10513 addi             x10, x2, 716        x10=10000fa4  x2:10000cd8
26971626ns          465918 1c0093d6 010a990b p.lh             x18, 16(x21!)       x18=00000076 x21=1c0017de x21:1c0017ce  PA:1c0017ce
26971924ns          465933 1c0093da 010b948b p.lh             x9, 16(x23!)         x9=0000026f x23=1c00100e x23:1c000ffe  PA:1c000ffe
26972222ns          465948 1c0093de 2d411623 sh               x20, 716(x2)        x20:fffffffc  x2:10000cd8  PA:10000fa4
26972242ns          465949 1c0093e2 2d311723 sh               x19, 718(x2)        x19:00000282  x2:10000cd8  PA:10000fa6
26972262ns          465950 1c0093e6 c33ff0ef jal              x1, -974             x1=1c0093e8
26972342ns          465954 1c009018 00051803 lh               x16, 0(x10)         x16=fffffffc x10:10000fa4  PA:10000fa4
26972401ns          465957 1c00901c 00251883 lh               x17, 2(x10)         x17=00000282 x10:10000fa4  PA:10000fa6
26972421ns          465958 1c009020 030806b3 mul              x13, x16, x16       x13=00000010 x16:fffffffc x16:fffffffc
26972441ns          465959 1c009024 03188633 mul              x12, x17, x17       x12=00064a04 x17:00000282 x17:00000282
26972461ns          465960 1c009028 40a65613 srai             x12, x12, 0x40a     x12=00000192 x12:00064a04
26972481ns          465961 1c00902a 40a6d693 srai             x13, x13, 0x40a     x13=00000000 x13:00000010
26972501ns          465962 1c00902c 00c686b3 add              x13, x13, x12       x13=00000192 x13:00000000 x12:00000192
26972521ns          465963 1c00902e 1006c633 p.exths          x12, x13, x0        x12=00000192 x13:00000192
26972541ns          465964 1c009032 00855703 lhu              x14, 8(x10)         x14=0000ffd1 x10:10000fa4  PA:10000fac
26972561ns          465965 1c009036 00a55683 lhu              x13, 10(x10)        x13=0000ff6a x10:10000fa4  PA:10000fae
26972580ns          465966 1c00903a 02c60333 mul              x6, x12, x12         x6=00027744 x12:00000192 x12:00000192
26972640ns          465969 1c00903e 00c55783 lhu              x15, 12(x10)        x15=0000ffe5 x10:10000fa4  PA:10000fb0
26972680ns          465971 1c009042 00e55583 lhu              x11, 14(x10)        x11=00000060 x10:10000fa4  PA:10000fb2
26972700ns          465972 1c009046 dea30333 p.extract        x6, x6, 15, 10       x6=0000009d  x6:00027744
26972720ns          465973 1c00904a 80c7075b p.muls           x14, x14, x12       x14=ffffb632 x14:0000ffd1 x12:00000192
26972740ns          465974 1c00904e 80c686db p.muls           x13, x13, x12       x13=ffff1474 x13:0000ff6a x12:00000192
26972759ns          465975 1c009052 00455e83 lhu              x29, 4(x10)         x29=00000427 x10:10000fa4  PA:10000fa8
26972779ns          465976 1c009056 00655e03 lhu              x28, 6(x10)         x28=0000007f x10:10000fa4  PA:10000faa
26972799ns          465977 1c00905a 40a75713 srai             x14, x14, 0x40a     x14=ffffffed x14:ffffb632
26972819ns          465978 1c00905c 806787db p.muls           x15, x15, x6        x15=ffffef71 x15:0000ffe5  x6:0000009d
26972839ns          465979 1c009060 40a6d693 srai             x13, x13, 0x40a     x13=ffffffc5 x13:ffff1474
26972859ns          465980 1c009062 8065865b p.muls           x12, x11, x6        x12=00003ae0 x11:00000060  x6:0000009d
26972879ns          465981 1c009066 40a7d793 srai             x15, x15, 0x40a     x15=fffffffb x15:ffffef71
26972899ns          465982 1c009068 40a65613 srai             x12, x12, 0x40a     x12=0000000e x12:00003ae0
26972919ns          465983 1c00906a 01d70733 add              x14, x14, x29       x14=00000414 x14:ffffffed x29:00000427
26972938ns          465984 1c00906c 01c686b3 add              x13, x13, x28       x13=00000044 x13:ffffffc5 x28:0000007f
26972958ns          465985 1c00906e 00c686b3 add              x13, x13, x12       x13=00000052 x13:00000044 x12:0000000e
26972978ns          465986 1c009070 00f70733 add              x14, x14, x15       x14=0000040f x14:00000414 x15:fffffffb
26972998ns          465987 1c009072 100747b3 p.exths          x15, x14, x0        x15=0000040f x14:0000040f
26973018ns          465988 1c009076 1006c733 p.exths          x14, x13, x0        x14=00000052 x13:00000052
26973038ns          465989 1c00907a 03170633 mul              x12, x14, x17       x12=0000cda4 x14:00000052 x17:00000282
26973058ns          465990 1c00907e 030786b3 mul              x13, x15, x16       x13=ffffefc4 x15:0000040f x16:fffffffc
26973078ns          465991 1c009082 03070733 mul              x14, x14, x16       x14=fffffeb8 x14:00000052 x16:fffffffc
26973098ns          465992 1c009086 031787b3 mul              x15, x15, x17       x15=000a2d9e x15:0000040f x17:00000282
26973117ns          465993 1c00908a 40a6d693 srai             x13, x13, 0x40a     x13=fffffffb x13:ffffefc4
26973137ns          465994 1c00908c 40a65613 srai             x12, x12, 0x40a     x12=00000033 x12:0000cda4
26973157ns          465995 1c00908e 40a7d793 srai             x15, x15, 0x40a     x15=0000028b x15:000a2d9e
26973177ns          465996 1c009090 40a75713 srai             x14, x14, 0x40a     x14=ffffffff x14:fffffeb8
26973197ns          465997 1c009092 40c686b3 sub              x13, x13, x12       x13=ffffffc8 x13:fffffffb x12:00000033
26973217ns          465998 1c009094 00e787b3 add              x15, x15, x14       x15=0000028a x15:0000028b x14:ffffffff
26973237ns          465999 1c009096 00d51823 sh               x13, 16(x10)        x13:ffffffc8 x10:10000fa4  PA:10000fb4
26973257ns          466000 1c00909a 00f51923 sh               x15, 18(x10)        x15:0000028a x10:10000fa4  PA:10000fb6
26973277ns          466001 1c00909e 00008067 jalr             x0, x1, 0            x1:1c0093e8
26973336ns          466004 1c0093e8 2dc15583 lhu              x11, 732(x2)        x11=0000ffc8  x2:10000cd8  PA:10000fb4
26973356ns          466005 1c0093ec 2de15783 lhu              x15, 734(x2)        x15=0000028a  x2:10000cd8  PA:10000fb6
26973376ns          466006 1c0093f0 40b90933 sub              x18, x18, x11       x18=ffff00ae x18:00000076 x11:0000ffc8
26973396ns          466007 1c0093f4 40f484b3 sub              x9, x9, x15          x9=ffffffe5  x9:0000026f x15:0000028a
26973416ns          466008 1c0093f6 100945b3 p.exths          x11, x18, x0        x11=000000ae x18:ffff00ae
26973436ns          466009 1c0093fa 1004c7b3 p.exths          x15, x9, x0         x15=ffffffe5  x9:ffffffe5
26973456ns          466010 1c0093fe 034586b3 mul              x13, x11, x20       x13=fffffd48 x11:000000ae x20:fffffffc
26973475ns          466011 1c009402 03378533 mul              x10, x15, x19       x10=ffffbc4a x15:ffffffe5 x19:00000282
26973495ns          466012 1c009406 034a0633 mul              x12, x20, x20       x12=00000010 x20:fffffffc x20:fffffffc
26973515ns          466013 1c00940a 03398733 mul              x14, x19, x19       x14=00064a04 x19:00000282 x19:00000282
26973575ns          466016 1c00940e 034787b3 mul              x15, x15, x20       x15=0000006c x15:ffffffe5 x20:fffffffc
26973615ns          466018 1c009412 033585b3 mul              x11, x11, x19       x11=0001b45c x11:000000ae x19:00000282
26973634ns          466019 1c009416 40a75713 srai             x14, x14, 0x40a     x14=00000192 x14:00064a04
26973654ns          466020 1c009418 40a5d593 srai             x11, x11, 0x40a     x11=0000006d x11:0001b45c
26973674ns          466021 1c00941a 40a65613 srai             x12, x12, 0x40a     x12=00000000 x12:00000010
26973694ns          466022 1c00941c 40a7d793 srai             x15, x15, 0x40a     x15=00000000 x15:0000006c
26973714ns          466023 1c00941e 1c0034b7 lui              x9, 0x1c003000       x9=1c003000
26973734ns          466024 1c009422 00e60633 add              x12, x12, x14       x12=00000192 x12:00000000 x14:00000192
26973754ns          466025 1c009424 40b787b3 sub              x15, x15, x11       x15=ffffff93 x15:00000000 x11:0000006d
26973774ns          466026 1c009426 eb048493 addi             x9, x9, -336         x9=1c002eb0  x9:1c003000
26973794ns          466027 1c00942a 1c0032b7 lui              x5, 0x1c003000       x5=1c003000
26973813ns          466028 1c00942e 1c0035b7 lui              x11, 0x1c003000     x11=1c003000
26973833ns          466029 1c009432 018483b3 add              x7, x9, x24          x7=1c002eb2  x9:1c002eb0 x24:00000002
26973853ns          466030 1c009436 02812e83 lw               x29, 40(x2)         x29=1c002ec2  x2:10000cd8  PA:10000d00
26973873ns          466031 1c009438 10065633 p.exthz          x12, x12, x0        x12=00000192 x12:00000192
26973893ns          466032 1c00943c e8028293 addi             x5, x5, -384         x5=1c002e80  x5:1c003000
26973913ns          466033 1c009440 ea058593 addi             x11, x11, -352      x11=1c002ea0 x11:1c003000
26973933ns          466034 1c009444 03812483 lw               x9, 56(x2)           x9=1c002ee2  x2:10000cd8  PA:10000d10
26973953ns          466035 1c009446 10064733 p.exths          x14, x12, x0        x14=00000192 x12:00000192
26973973ns          466036 1c00944a 018280b3 add              x1, x5, x24          x1=1c002e82  x5:1c002e80 x24:00000002
26973992ns          466037 1c00944e 03012f03 lw               x30, 48(x2)         x30=1c002ed2  x2:10000cd8  PA:10000d08
26974012ns          466038 1c009450 018582b3 add              x5, x11, x24         x5=1c002ea2 x11:1c002ea0 x24:00000002
26974032ns          466039 1c009454 04012583 lw               x11, 64(x2)         x11=1c002ef2  x2:10000cd8  PA:10000d18
26974052ns          466040 1c009456 000edd83 lhu              x27, 0(x29)         x27=00000c98 x29:1c002ec2  PA:1c002ec2
26974350ns          466055 1c00945a 0004d483 lhu              x9, 0(x9)            x9=000000ed  x9:1c002ee2  PA:1c002ee2
26974669ns          466071 1c00945e 02e70333 mul              x6, x14, x14         x6=00027744 x14:00000192 x14:00000192
26974689ns          466072 1c009462 40a55513 srai             x10, x10, 0x40a     x10=ffffffef x10:ffffbc4a
26974708ns          466073 1c009464 04812e83 lw               x29, 72(x2)         x29=1c002f02  x2:10000cd8  PA:10000d20
26974728ns          466074 1c009466 40a6d693 srai             x13, x13, 0x40a     x13=ffffffff x13:fffffd48
26974748ns          466075 1c009468 000f5d03 lhu              x26, 0(x30)         x26=000002ff x30:1c002ed2  PA:1c002ed2
26975047ns          466090 1c00946c 0005d583 lhu              x11, 0(x11)         x11=00000056 x11:1c002ef2  PA:1c002ef2
26975345ns          466105 1c009470 40a35313 srai             x6, x6, 0x40a        x6=0000009d  x6:00027744
26975365ns          466106 1c009474 00a686b3 add              x13, x13, x10       x13=ffffffee x13:ffffffff x10:ffffffef
26975385ns          466107 1c009476 05012f03 lw               x30, 80(x2)         x30=1c002e72  x2:10000cd8  PA:10000d28
26975405ns          466108 1c009478 10034e33 p.exths          x28, x6, x0         x28=0000009d  x6:0000009d
26975424ns          466109 1c00947c 06911023 sh               x9, 96(x2)           x9:000000ed  x2:10000cd8  PA:10000d38
26975444ns          466110 1c009480 000ede83 lhu              x29, 0(x29)         x29=00000022 x29:1c002f02  PA:1c002f02
26975743ns          466125 1c009484 05812483 lw               x9, 88(x2)           x9=1c002e62  x2:10000cd8  PA:10000d30
26975763ns          466126 1c009486 1006d6b3 p.exthz          x13, x13, x0        x13=0000ffee x13:ffffffee
26975782ns          466127 1c00948a 02ee08b3 mul              x17, x28, x14       x17=0000f68a x28:0000009d x14:00000192
26975802ns          466128 1c00948e 1006c833 p.exths          x16, x13, x0        x16=ffffffee x13:0000ffee
26975822ns          466129 1c009492 06b11823 sh               x11, 112(x2)        x11:00000056  x2:10000cd8  PA:10000d48
26975842ns          466130 1c009496 000f5f03 lhu              x30, 0(x30)         x30=0000ff5b x30:1c002e72  PA:1c002e72
26976160ns          466146 1c00949a 0a012583 lw               x11, 160(x2)        x11=1c002e92  x2:10000cd8  PA:10000d78
26976180ns          466147 1c00949c 1007d7b3 p.exthz          x15, x15, x0        x15=0000ff93 x15:ffffff93
26976200ns          466148 1c0094a0 0004da03 lhu              x20, 0(x9)          x20=0000fd30  x9:1c002e62  PA:1c002e62
26976518ns          466164 1c0094a4 1007c533 p.exths          x10, x15, x0        x10=ffffff93 x15:0000ff93
26976538ns          466165 1c0094a8 09d11023 sh               x29, 128(x2)        x29:00000022  x2:10000cd8  PA:10000d58
26976558ns          466166 1c0094ac 0003d483 lhu              x9, 0(x7)            x9=0000ffe2  x7:1c002eb2  PA:1c002eb2
26976896ns          466183 1c0094b0 02e80eb3 mul              x29, x16, x14       x29=ffffe3bc x16:ffffffee x14:00000192
26976916ns          466184 1c0094b4 40a8d893 srai             x17, x17, 0x40a     x17=0000003d x17:0000f68a
26976936ns          466185 1c0094b8 03c80833 mul              x16, x16, x28       x16=fffff4f6 x16:ffffffee x28:0000009d
26976956ns          466186 1c0094bc 09e11823 sh               x30, 144(x2)        x30:0000ff5b  x2:10000cd8  PA:10000d68
26976976ns          466187 1c0094c0 0005d983 lhu              x19, 0(x11)         x19=0000ffc4 x11:1c002e92  PA:1c002e92
26977274ns          466202 1c0094c4 81c88f5b p.muls           x30, x17, x28       x30=00002569 x17:0000003d x28:0000009d
26977294ns          466203 1c0094c8 0002d583 lhu              x11, 0(x5)          x11=0000ffb4  x5:1c002ea2  PA:1c002ea2
26977592ns          466218 1c0094cc 03ce0fb3 mul              x31, x28, x28       x31=00006049 x28:0000009d x28:0000009d
26977612ns          466219 1c0094d0 02e50733 mul              x14, x10, x14       x14=ffff54d6 x10:ffffff93 x14:00000192
26977632ns          466220 1c0094d4 40a85813 srai             x16, x16, 0x40a     x16=fffffffd x16:fffff4f6
26977652ns          466221 1c0094d8 03c50533 mul              x10, x10, x28       x10=ffffbd27 x10:ffffff93 x28:0000009d
26977672ns          466222 1c0094dc 07015e03 lhu              x28, 112(x2)        x28=00000056  x2:10000cd8  PA:10000d48
26977712ns          466224 1c0094e0 01b60633 add              x12, x12, x27       x12=00000e2a x12:00000192 x27:00000c98
26977731ns          466225 1c0094e2 00980833 add              x16, x16, x9        x16=0000ffdf x16:fffffffd  x9:0000ffe2
26977751ns          466226 1c0094e4 06015d83 lhu              x27, 96(x2)         x27=000000ed  x2:10000cd8  PA:10000d38
26977771ns          466227 1c0094e8 02812483 lw               x9, 40(x2)           x9=1c002ec2  x2:10000cd8  PA:10000d00
26977791ns          466228 1c0094ea 40afdf93 srai             x31, x31, 0x40a     x31=00000018 x31:00006049
26977811ns          466229 1c0094ee 40a55513 srai             x10, x10, 0x40a     x10=ffffffef x10:ffffbd27
26977831ns          466230 1c0094f0 01cf8fb3 add              x31, x31, x28       x31=0000006e x31:00000018 x28:00000056
26977851ns          466231 1c0094f2 00b50533 add              x10, x10, x11       x10=0000ffa3 x10:ffffffef x11:0000ffb4
26977871ns          466232 1c0094f4 09015e03 lhu              x28, 144(x2)        x28=0000ff5b  x2:10000cd8  PA:10000d68
26977891ns          466233 1c0094f8 03012583 lw               x11, 48(x2)         x11=1c002ed2  x2:10000cd8  PA:10000d08
26977910ns          466234 1c0094fa 00c49023 sh               x12, 0(x9)          x12:00000e2a  x9:1c002ec2  PA:1c002ec2
26978229ns          466250 1c0094fe 01b888b3 add              x17, x17, x27       x17=0000012a x17:0000003d x27:000000ed
26978249ns          466251 1c009500 01a30333 add              x6, x6, x26          x6=0000039c  x6:0000009d x26:000002ff
26978268ns          466252 1c009502 08015d83 lhu              x27, 128(x2)        x27=00000022  x2:10000cd8  PA:10000d58
26978288ns          466253 1c009506 0000d903 lhu              x18, 0(x1)          x18=0000ff3a  x1:1c002e82  PA:1c002e82
26978587ns          466268 1c00950a 01c686b3 add              x13, x13, x28       x13=0001ff49 x13:0000ffee x28:0000ff5b
26978606ns          466269 1c00950c 00659023 sh               x6, 0(x11)           x6:0000039c x11:1c002ed2  PA:1c002ed2
26978925ns          466285 1c009510 40af5f13 srai             x30, x30, 0x40a     x30=00000009 x30:00002569
26978945ns          466286 1c009514 04812e03 lw               x28, 72(x2)         x28=1c002f02  x2:10000cd8  PA:10000d20
26978964ns          466287 1c009516 01bf0f33 add              x30, x30, x27       x30=0000002b x30:00000009 x27:00000022
26978984ns          466288 1c009518 40aede93 srai             x29, x29, 0x40a     x29=fffffff8 x29:ffffe3bc
26979004ns          466289 1c00951c 40a75713 srai             x14, x14, 0x40a     x14=ffffffd5 x14:ffff54d6
26979024ns          466290 1c00951e 03812603 lw               x12, 56(x2)         x12=1c002ee2  x2:10000cd8  PA:10000d10
26979044ns          466291 1c009520 04012d83 lw               x27, 64(x2)         x27=1c002ef2  x2:10000cd8  PA:10000d18
26979064ns          466292 1c009522 01ee1023 sh               x30, 0(x28)         x30:0000002b x28:1c002f02  PA:1c002f02
26979402ns          466309 1c009526 05812483 lw               x9, 88(x2)           x9=1c002e62  x2:10000cd8  PA:10000d30
26979422ns          466310 1c009528 05012f03 lw               x30, 80(x2)         x30=1c002e72  x2:10000cd8  PA:10000d28
26979442ns          466311 1c00952a 0a012583 lw               x11, 160(x2)        x11=1c002e92  x2:10000cd8  PA:10000d78
26979462ns          466312 1c00952c 014787b3 add              x15, x15, x20       x15=0001fcc3 x15:0000ff93 x20:0000fd30
26979482ns          466313 1c00952e 013e8eb3 add              x29, x29, x19       x29=0000ffbc x29:fffffff8 x19:0000ffc4
26979501ns          466314 1c009530 01270733 add              x14, x14, x18       x14=0000ff0f x14:ffffffd5 x18:0000ff3a
26979521ns          466315 1c009532 00f49023 sh               x15, 0(x9)          x15:0001fcc3  x9:1c002e62  PA:1c002e62
26979859ns          466332 1c009536 01161023 sh               x17, 0(x12)         x17:0000012a x12:1c002ee2  PA:1c002ee2
26980178ns          466348 1c00953a 01fd9023 sh               x31, 0(x27)         x31:0000006e x27:1c002ef2  PA:1c002ef2
26980496ns          466364 1c00953e 00df1023 sh               x13, 0(x30)         x13:0001ff49 x30:1c002e72  PA:1c002e72
26980834ns          466381 1c009542 01d59023 sh               x29, 0(x11)         x29:0000ffbc x11:1c002e92  PA:1c002e92
26981152ns          466397 1c009546 00e09023 sh               x14, 0(x1)          x14:0000ff0f  x1:1c002e82  PA:1c002e82
26981470ns          466413 1c00954a 01039023 sh               x16, 0(x7)          x16:0000ffdf  x7:1c002eb2  PA:1c002eb2
26981789ns          466429 1c00954e 00a29023 sh               x10, 0(x5)          x10:0000ffa3  x5:1c002ea2  PA:1c002ea2
26982127ns          466446 1c009552 008b0b13 addi             x22, x22, 8         x22=000000b1 x22:000000a9
26982147ns          466447 1c009554 1f300793 addi             x15, x0, 499        x15=000001f3
26982166ns          466448 1c009558 e767dae3 bge              x15, x22, -396      x15:000001f3 x22:000000b1
26982266ns          466453 1c0093cc 010c9a0b p.lh             x20, 16(x25!)       x20=ffffffbc x25=1c0027fa x25:1c0027ea  PA:1c0027ea
26982624ns          466471 1c0093d0 0104198b p.lh             x19, 16(x8!)        x19=ffffff18  x8=1c001fc2  x8:1c001fb2  PA:1c001fb2
26982982ns          466489 1c0093d4 2cc10513 addi             x10, x2, 716        x10=10000fa4  x2:10000cd8
26983002ns          466490 1c0093d6 010a990b p.lh             x18, 16(x21!)       x18=ffffffac x21=1c0017ee x21:1c0017de  PA:1c0017de
26983300ns          466505 1c0093da 010b948b p.lh             x9, 16(x23!)         x9=ffffff0c x23=1c00101e x23:1c00100e  PA:1c00100e
26983618ns          466521 1c0093de 2d411623 sh               x20, 716(x2)        x20:ffffffbc  x2:10000cd8  PA:10000fa4
26983638ns          466522 1c0093e2 2d311723 sh               x19, 718(x2)        x19:ffffff18  x2:10000cd8  PA:10000fa6
26983658ns          466523 1c0093e6 c33ff0ef jal              x1, -974             x1=1c0093e8
26983738ns          466527 1c009018 00051803 lh               x16, 0(x10)         x16=ffffffbc x10:10000fa4  PA:10000fa4
26983777ns          466529 1c00901c 00251883 lh               x17, 2(x10)         x17=ffffff18 x10:10000fa4  PA:10000fa6
26983837ns          466532 1c009020 030806b3 mul              x13, x16, x16       x13=00001210 x16:ffffffbc x16:ffffffbc
26983877ns          466534 1c009024 03188633 mul              x12, x17, x17       x12=0000d240 x17:ffffff18 x17:ffffff18
26983897ns          466535 1c009028 40a65613 srai             x12, x12, 0x40a     x12=00000034 x12:0000d240
26983917ns          466536 1c00902a 40a6d693 srai             x13, x13, 0x40a     x13=00000004 x13:00001210
26983936ns          466537 1c00902c 00c686b3 add              x13, x13, x12       x13=00000038 x13:00000004 x12:00000034
26983956ns          466538 1c00902e 1006c633 p.exths          x12, x13, x0        x12=00000038 x13:00000038
26983976ns          466539 1c009032 00855703 lhu              x14, 8(x10)         x14=0000ffd1 x10:10000fa4  PA:10000fac
26983996ns          466540 1c009036 00a55683 lhu              x13, 10(x10)        x13=0000ff6a x10:10000fa4  PA:10000fae
26984016ns          466541 1c00903a 02c60333 mul              x6, x12, x12         x6=00000c40 x12:00000038 x12:00000038
26984036ns          466542 1c00903e 00c55783 lhu              x15, 12(x10)        x15=0000ffe5 x10:10000fa4  PA:10000fb0
26984056ns          466543 1c009042 00e55583 lhu              x11, 14(x10)        x11=00000060 x10:10000fa4  PA:10000fb2
26984076ns          466544 1c009046 dea30333 p.extract        x6, x6, 15, 10       x6=00000003  x6:00000c40
26984096ns          466545 1c00904a 80c7075b p.muls           x14, x14, x12       x14=fffff5b8 x14:0000ffd1 x12:00000038
26984115ns          466546 1c00904e 80c686db p.muls           x13, x13, x12       x13=ffffdf30 x13:0000ff6a x12:00000038
26984135ns          466547 1c009052 00455e83 lhu              x29, 4(x10)         x29=00000427 x10:10000fa4  PA:10000fa8
26984155ns          466548 1c009056 00655e03 lhu              x28, 6(x10)         x28=0000007f x10:10000fa4  PA:10000faa
26984175ns          466549 1c00905a 40a75713 srai             x14, x14, 0x40a     x14=fffffffd x14:fffff5b8
26984195ns          466550 1c00905c 806787db p.muls           x15, x15, x6        x15=ffffffaf x15:0000ffe5  x6:00000003
26984215ns          466551 1c009060 40a6d693 srai             x13, x13, 0x40a     x13=fffffff7 x13:ffffdf30
26984255ns          466553 1c009062 8065865b p.muls           x12, x11, x6        x12=00000120 x11:00000060  x6:00000003
26984275ns          466554 1c009066 40a7d793 srai             x15, x15, 0x40a     x15=ffffffff x15:ffffffaf
26984294ns          466555 1c009068 40a65613 srai             x12, x12, 0x40a     x12=00000000 x12:00000120
26984314ns          466556 1c00906a 01d70733 add              x14, x14, x29       x14=00000424 x14:fffffffd x29:00000427
26984334ns          466557 1c00906c 01c686b3 add              x13, x13, x28       x13=00000076 x13:fffffff7 x28:0000007f
26984354ns          466558 1c00906e 00c686b3 add              x13, x13, x12       x13=00000076 x13:00000076 x12:00000000
26984374ns          466559 1c009070 00f70733 add              x14, x14, x15       x14=00000423 x14:00000424 x15:ffffffff
26984394ns          466560 1c009072 100747b3 p.exths          x15, x14, x0        x15=00000423 x14:00000423
26984414ns          466561 1c009076 1006c733 p.exths          x14, x13, x0        x14=00000076 x13:00000076
26984434ns          466562 1c00907a 03170633 mul              x12, x14, x17       x12=ffff9510 x14:00000076 x17:ffffff18
26984454ns          466563 1c00907e 030786b3 mul              x13, x15, x16       x13=fffee6b4 x15:00000423 x16:ffffffbc
26984473ns          466564 1c009082 03070733 mul              x14, x14, x16       x14=ffffe0a8 x14:00000076 x16:ffffffbc
26984493ns          466565 1c009086 031787b3 mul              x15, x15, x17       x15=fffc4048 x15:00000423 x17:ffffff18
26984513ns          466566 1c00908a 40a6d693 srai             x13, x13, 0x40a     x13=ffffffb9 x13:fffee6b4
26984533ns          466567 1c00908c 40a65613 srai             x12, x12, 0x40a     x12=ffffffe5 x12:ffff9510
26984553ns          466568 1c00908e 40a7d793 srai             x15, x15, 0x40a     x15=ffffff10 x15:fffc4048
26984573ns          466569 1c009090 40a75713 srai             x14, x14, 0x40a     x14=fffffff8 x14:ffffe0a8
26984593ns          466570 1c009092 40c686b3 sub              x13, x13, x12       x13=ffffffd4 x13:ffffffb9 x12:ffffffe5
26984613ns          466571 1c009094 00e787b3 add              x15, x15, x14       x15=ffffff08 x15:ffffff10 x14:fffffff8
26984633ns          466572 1c009096 00d51823 sh               x13, 16(x10)        x13:ffffffd4 x10:10000fa4  PA:10000fb4
26984652ns          466573 1c00909a 00f51923 sh               x15, 18(x10)        x15:ffffff08 x10:10000fa4  PA:10000fb6
26984672ns          466574 1c00909e 00008067 jalr             x0, x1, 0            x1:1c0093e8
26984752ns          466578 1c0093e8 2dc15583 lhu              x11, 732(x2)        x11=0000ffd4  x2:10000cd8  PA:10000fb4
26984792ns          466580 1c0093ec 2de15783 lhu              x15, 734(x2)        x15=0000ff08  x2:10000cd8  PA:10000fb6
26984812ns          466581 1c0093f0 40b90933 sub              x18, x18, x11       x18=fffeffd8 x18:ffffffac x11:0000ffd4
26984831ns          466582 1c0093f4 40f484b3 sub              x9, x9, x15          x9=ffff0004  x9:ffffff0c x15:0000ff08
26984851ns          466583 1c0093f6 100945b3 p.exths          x11, x18, x0        x11=ffffffd8 x18:fffeffd8
26984871ns          466584 1c0093fa 1004c7b3 p.exths          x15, x9, x0         x15=00000004  x9:ffff0004
26984891ns          466585 1c0093fe 034586b3 mul              x13, x11, x20       x13=00000aa0 x11:ffffffd8 x20:ffffffbc
26984911ns          466586 1c009402 03378533 mul              x10, x15, x19       x10=fffffc60 x15:00000004 x19:ffffff18
26984931ns          466587 1c009406 034a0633 mul              x12, x20, x20       x12=00001210 x20:ffffffbc x20:ffffffbc
26984951ns          466588 1c00940a 03398733 mul              x14, x19, x19       x14=0000d240 x19:ffffff18 x19:ffffff18
26985010ns          466591 1c00940e 034787b3 mul              x15, x15, x20       x15=fffffef0 x15:00000004 x20:ffffffbc
26985050ns          466593 1c009412 033585b3 mul              x11, x11, x19       x11=00002440 x11:ffffffd8 x19:ffffff18
26985070ns          466594 1c009416 40a75713 srai             x14, x14, 0x40a     x14=00000034 x14:0000d240
26985090ns          466595 1c009418 40a5d593 srai             x11, x11, 0x40a     x11=00000009 x11:00002440
26985110ns          466596 1c00941a 40a65613 srai             x12, x12, 0x40a     x12=00000004 x12:00001210
26985130ns          466597 1c00941c 40a7d793 srai             x15, x15, 0x40a     x15=ffffffff x15:fffffef0
26985150ns          466598 1c00941e 1c0034b7 lui              x9, 0x1c003000       x9=1c003000
26985170ns          466599 1c009422 00e60633 add              x12, x12, x14       x12=00000038 x12:00000004 x14:00000034
26985189ns          466600 1c009424 40b787b3 sub              x15, x15, x11       x15=fffffff6 x15:ffffffff x11:00000009
26985209ns          466601 1c009426 eb048493 addi             x9, x9, -336         x9=1c002eb0  x9:1c003000
26985229ns          466602 1c00942a 1c0032b7 lui              x5, 0x1c003000       x5=1c003000
26985249ns          466603 1c00942e 1c0035b7 lui              x11, 0x1c003000     x11=1c003000
26985269ns          466604 1c009432 018483b3 add              x7, x9, x24          x7=1c002eb2  x9:1c002eb0 x24:00000002
26985289ns          466605 1c009436 02812e83 lw               x29, 40(x2)         x29=1c002ec2  x2:10000cd8  PA:10000d00
26985309ns          466606 1c009438 10065633 p.exthz          x12, x12, x0        x12=00000038 x12:00000038
26985329ns          466607 1c00943c e8028293 addi             x5, x5, -384         x5=1c002e80  x5:1c003000
26985349ns          466608 1c009440 ea058593 addi             x11, x11, -352      x11=1c002ea0 x11:1c003000
26985368ns          466609 1c009444 03812483 lw               x9, 56(x2)           x9=1c002ee2  x2:10000cd8  PA:10000d10
26985388ns          466610 1c009446 10064733 p.exths          x14, x12, x0        x14=00000038 x12:00000038
26985408ns          466611 1c00944a 018280b3 add              x1, x5, x24          x1=1c002e82  x5:1c002e80 x24:00000002
26985428ns          466612 1c00944e 03012f03 lw               x30, 48(x2)         x30=1c002ed2  x2:10000cd8  PA:10000d08
26985448ns          466613 1c009450 018582b3 add              x5, x11, x24         x5=1c002ea2 x11:1c002ea0 x24:00000002
26985488ns          466615 1c009454 04012583 lw               x11, 64(x2)         x11=1c002ef2  x2:10000cd8  PA:10000d18
26985508ns          466616 1c009456 000edd83 lhu              x27, 0(x29)         x27=00000e2a x29:1c002ec2  PA:1c002ec2
26985806ns          466631 1c00945a 0004d483 lhu              x9, 0(x9)            x9=0000012a  x9:1c002ee2  PA:1c002ee2
26986164ns          466649 1c00945e 02e70333 mul              x6, x14, x14         x6=00000c40 x14:00000038 x14:00000038
26986184ns          466650 1c009462 40a55513 srai             x10, x10, 0x40a     x10=ffffffff x10:fffffc60
26986204ns          466651 1c009464 04812e83 lw               x29, 72(x2)         x29=1c002f02  x2:10000cd8  PA:10000d20
26986224ns          466652 1c009466 40a6d693 srai             x13, x13, 0x40a     x13=00000002 x13:00000aa0
26986243ns          466653 1c009468 000f5d03 lhu              x26, 0(x30)         x26=0000039c x30:1c002ed2  PA:1c002ed2
26986542ns          466668 1c00946c 0005d583 lhu              x11, 0(x11)         x11=0000006e x11:1c002ef2  PA:1c002ef2
26986840ns          466683 1c009470 40a35313 srai             x6, x6, 0x40a        x6=00000003  x6:00000c40
26986860ns          466684 1c009474 00a686b3 add              x13, x13, x10       x13=00000001 x13:00000002 x10:ffffffff
26986880ns          466685 1c009476 05012f03 lw               x30, 80(x2)         x30=1c002e72  x2:10000cd8  PA:10000d28
26986900ns          466686 1c009478 10034e33 p.exths          x28, x6, x0         x28=00000003  x6:00000003
26986920ns          466687 1c00947c 06911023 sh               x9, 96(x2)           x9:0000012a  x2:10000cd8  PA:10000d38
26986959ns          466689 1c009480 000ede83 lhu              x29, 0(x29)         x29=0000002b x29:1c002f02  PA:1c002f02
26987278ns          466705 1c009484 05812483 lw               x9, 88(x2)           x9=1c002e62  x2:10000cd8  PA:10000d30
26987298ns          466706 1c009486 1006d6b3 p.exthz          x13, x13, x0        x13=00000001 x13:00000001
26987317ns          466707 1c00948a 02ee08b3 mul              x17, x28, x14       x17=000000a8 x28:00000003 x14:00000038
26987337ns          466708 1c00948e 1006c833 p.exths          x16, x13, x0        x16=00000001 x13:00000001
26987357ns          466709 1c009492 06b11823 sh               x11, 112(x2)        x11:0000006e  x2:10000cd8  PA:10000d48
26987377ns          466710 1c009496 000f5f03 lhu              x30, 0(x30)         x30=0000ff49 x30:1c002e72  PA:1c002e72
26987695ns          466726 1c00949a 0a012583 lw               x11, 160(x2)        x11=1c002e92  x2:10000cd8  PA:10000d78
26987715ns          466727 1c00949c 1007d7b3 p.exthz          x15, x15, x0        x15=0000fff6 x15:fffffff6
26987735ns          466728 1c0094a0 0004da03 lhu              x20, 0(x9)          x20=0000fcc3  x9:1c002e62  PA:1c002e62
26988053ns          466744 1c0094a4 1007c533 p.exths          x10, x15, x0        x10=fffffff6 x15:0000fff6
26988073ns          466745 1c0094a8 09d11023 sh               x29, 128(x2)        x29:0000002b  x2:10000cd8  PA:10000d58
26988093ns          466746 1c0094ac 0003d483 lhu              x9, 0(x7)            x9=0000ffdf  x7:1c002eb2  PA:1c002eb2
26988471ns          466765 1c0094b0 02e80eb3 mul              x29, x16, x14       x29=00000038 x16:00000001 x14:00000038
26988491ns          466766 1c0094b4 40a8d893 srai             x17, x17, 0x40a     x17=00000000 x17:000000a8
26988511ns          466767 1c0094b8 03c80833 mul              x16, x16, x28       x16=00000003 x16:00000001 x28:00000003
26988531ns          466768 1c0094bc 09e11823 sh               x30, 144(x2)        x30:0000ff49  x2:10000cd8  PA:10000d68
26988550ns          466769 1c0094c0 0005d983 lhu              x19, 0(x11)         x19=0000ffbc x11:1c002e92  PA:1c002e92
26988849ns          466784 1c0094c4 81c88f5b p.muls           x30, x17, x28       x30=00000000 x17:00000000 x28:00000003
26988869ns          466785 1c0094c8 0002d583 lhu              x11, 0(x5)          x11=0000ffa3  x5:1c002ea2  PA:1c002ea2
26989167ns          466800 1c0094cc 03ce0fb3 mul              x31, x28, x28       x31=00000009 x28:00000003 x28:00000003
26989187ns          466801 1c0094d0 02e50733 mul              x14, x10, x14       x14=fffffdd0 x10:fffffff6 x14:00000038
26989207ns          466802 1c0094d4 40a85813 srai             x16, x16, 0x40a     x16=00000000 x16:00000003
26989227ns          466803 1c0094d8 03c50533 mul              x10, x10, x28       x10=ffffffe2 x10:fffffff6 x28:00000003
26989247ns          466804 1c0094dc 07015e03 lhu              x28, 112(x2)        x28=0000006e  x2:10000cd8  PA:10000d48
26989266ns          466805 1c0094e0 01b60633 add              x12, x12, x27       x12=00000e62 x12:00000038 x27:00000e2a
26989286ns          466806 1c0094e2 00980833 add              x16, x16, x9        x16=0000ffdf x16:00000000  x9:0000ffdf
26989306ns          466807 1c0094e4 06015d83 lhu              x27, 96(x2)         x27=0000012a  x2:10000cd8  PA:10000d38
26989326ns          466808 1c0094e8 02812483 lw               x9, 40(x2)           x9=1c002ec2  x2:10000cd8  PA:10000d00
26989346ns          466809 1c0094ea 40afdf93 srai             x31, x31, 0x40a     x31=00000000 x31:00000009
26989366ns          466810 1c0094ee 40a55513 srai             x10, x10, 0x40a     x10=ffffffff x10:ffffffe2
26989386ns          466811 1c0094f0 01cf8fb3 add              x31, x31, x28       x31=0000006e x31:00000000 x28:0000006e
26989406ns          466812 1c0094f2 00b50533 add              x10, x10, x11       x10=0000ffa2 x10:ffffffff x11:0000ffa3
26989426ns          466813 1c0094f4 09015e03 lhu              x28, 144(x2)        x28=0000ff49  x2:10000cd8  PA:10000d68
26989445ns          466814 1c0094f8 03012583 lw               x11, 48(x2)         x11=1c002ed2  x2:10000cd8  PA:10000d08
26989465ns          466815 1c0094fa 00c49023 sh               x12, 0(x9)          x12:00000e62  x9:1c002ec2  PA:1c002ec2
26989823ns          466833 1c0094fe 01b888b3 add              x17, x17, x27       x17=0000012a x17:00000000 x27:0000012a
26989843ns          466834 1c009500 01a30333 add              x6, x6, x26          x6=0000039f  x6:00000003 x26:0000039c
26989863ns          466835 1c009502 08015d83 lhu              x27, 128(x2)        x27=0000002b  x2:10000cd8  PA:10000d58
26989883ns          466836 1c009506 0000d903 lhu              x18, 0(x1)          x18=0000ff0f  x1:1c002e82  PA:1c002e82
26990221ns          466853 1c00950a 01c686b3 add              x13, x13, x28       x13=0000ff4a x13:00000001 x28:0000ff49
26990241ns          466854 1c00950c 00659023 sh               x6, 0(x11)           x6:0000039f x11:1c002ed2  PA:1c002ed2
26990579ns          466871 1c009510 40af5f13 srai             x30, x30, 0x40a     x30=00000000 x30:00000000
26990599ns          466872 1c009514 04812e03 lw               x28, 72(x2)         x28=1c002f02  x2:10000cd8  PA:10000d20
26990619ns          466873 1c009516 01bf0f33 add              x30, x30, x27       x30=0000002b x30:00000000 x27:0000002b
26990639ns          466874 1c009518 40aede93 srai             x29, x29, 0x40a     x29=00000000 x29:00000038
26990659ns          466875 1c00951c 40a75713 srai             x14, x14, 0x40a     x14=ffffffff x14:fffffdd0
26990679ns          466876 1c00951e 03812603 lw               x12, 56(x2)         x12=1c002ee2  x2:10000cd8  PA:10000d10
26990698ns          466877 1c009520 04012d83 lw               x27, 64(x2)         x27=1c002ef2  x2:10000cd8  PA:10000d18
26990718ns          466878 1c009522 01ee1023 sh               x30, 0(x28)         x30:0000002b x28:1c002f02  PA:1c002f02
26991036ns          466894 1c009526 05812483 lw               x9, 88(x2)           x9=1c002e62  x2:10000cd8  PA:10000d30
26991056ns          466895 1c009528 05012f03 lw               x30, 80(x2)         x30=1c002e72  x2:10000cd8  PA:10000d28
26991076ns          466896 1c00952a 0a012583 lw               x11, 160(x2)        x11=1c002e92  x2:10000cd8  PA:10000d78
26991096ns          466897 1c00952c 014787b3 add              x15, x15, x20       x15=0001fcb9 x15:0000fff6 x20:0000fcc3
26991116ns          466898 1c00952e 013e8eb3 add              x29, x29, x19       x29=0000ffbc x29:00000000 x19:0000ffbc
26991136ns          466899 1c009530 01270733 add              x14, x14, x18       x14=0000ff0e x14:ffffffff x18:0000ff0f
26991156ns          466900 1c009532 00f49023 sh               x15, 0(x9)          x15:0001fcb9  x9:1c002e62  PA:1c002e62
26991474ns          466916 1c009536 01161023 sh               x17, 0(x12)         x17:0000012a x12:1c002ee2  PA:1c002ee2
26991812ns          466933 1c00953a 01fd9023 sh               x31, 0(x27)         x31:0000006e x27:1c002ef2  PA:1c002ef2
26992150ns          466950 1c00953e 00df1023 sh               x13, 0(x30)         x13:0000ff4a x30:1c002e72  PA:1c002e72
26992468ns          466966 1c009542 01d59023 sh               x29, 0(x11)         x29:0000ffbc x11:1c002e92  PA:1c002e92
26992846ns          466985 1c009546 00e09023 sh               x14, 0(x1)          x14:0000ff0e  x1:1c002e82  PA:1c002e82
26993165ns          467001 1c00954a 01039023 sh               x16, 0(x7)          x16:0000ffdf  x7:1c002eb2  PA:1c002eb2
26993483ns          467017 1c00954e 00a29023 sh               x10, 0(x5)          x10:0000ffa2  x5:1c002ea2  PA:1c002ea2
26993841ns          467035 1c009552 008b0b13 addi             x22, x22, 8         x22=000000b9 x22:000000b1
26993861ns          467036 1c009554 1f300793 addi             x15, x0, 499        x15=000001f3
26993880ns          467037 1c009558 e767dae3 bge              x15, x22, -396      x15:000001f3 x22:000000b9
26994020ns          467044 1c0093cc 010c9a0b p.lh             x20, 16(x25!)       x20=00000154 x25=1c00280a x25:1c0027fa  PA:1c0027fa
26994338ns          467060 1c0093d0 0104198b p.lh             x19, 16(x8!)        x19=0000011d  x8=1c001fd2  x8:1c001fc2  PA:1c001fc2
26994636ns          467075 1c0093d4 2cc10513 addi             x10, x2, 716        x10=10000fa4  x2:10000cd8
26994656ns          467076 1c0093d6 010a990b p.lh             x18, 16(x21!)       x18=00000185 x21=1c0017fe x21:1c0017ee  PA:1c0017ee
26994954ns          467091 1c0093da 010b948b p.lh             x9, 16(x23!)         x9=000000f6 x23=1c00102e x23:1c00101e  PA:1c00101e
26995273ns          467107 1c0093de 2d411623 sh               x20, 716(x2)        x20:00000154  x2:10000cd8  PA:10000fa4
26995293ns          467108 1c0093e2 2d311723 sh               x19, 718(x2)        x19:0000011d  x2:10000cd8  PA:10000fa6
26995312ns          467109 1c0093e6 c33ff0ef jal              x1, -974             x1=1c0093e8
26995352ns          467111 1c009018 00051803 lh               x16, 0(x10)         x16=00000154 x10:10000fa4  PA:10000fa4
26995392ns          467113 1c00901c 00251883 lh               x17, 2(x10)         x17=0000011d x10:10000fa4  PA:10000fa6
26995412ns          467114 1c009020 030806b3 mul              x13, x16, x16       x13=0001c390 x16:00000154 x16:00000154
26995432ns          467115 1c009024 03188633 mul              x12, x17, x17       x12=00013d49 x17:0000011d x17:0000011d
26995452ns          467116 1c009028 40a65613 srai             x12, x12, 0x40a     x12=0000004f x12:00013d49
26995472ns          467117 1c00902a 40a6d693 srai             x13, x13, 0x40a     x13=00000070 x13:0001c390
26995491ns          467118 1c00902c 00c686b3 add              x13, x13, x12       x13=000000bf x13:00000070 x12:0000004f
26995511ns          467119 1c00902e 1006c633 p.exths          x12, x13, x0        x12=000000bf x13:000000bf
26995531ns          467120 1c009032 00855703 lhu              x14, 8(x10)         x14=0000ffd1 x10:10000fa4  PA:10000fac
26995551ns          467121 1c009036 00a55683 lhu              x13, 10(x10)        x13=0000ff6a x10:10000fa4  PA:10000fae
26995571ns          467122 1c00903a 02c60333 mul              x6, x12, x12         x6=00008e81 x12:000000bf x12:000000bf
26995591ns          467123 1c00903e 00c55783 lhu              x15, 12(x10)        x15=0000ffe5 x10:10000fa4  PA:10000fb0
26995611ns          467124 1c009042 00e55583 lhu              x11, 14(x10)        x11=00000060 x10:10000fa4  PA:10000fb2
26995631ns          467125 1c009046 dea30333 p.extract        x6, x6, 15, 10       x6=00000023  x6:00008e81
26995651ns          467126 1c00904a 80c7075b p.muls           x14, x14, x12       x14=ffffdcef x14:0000ffd1 x12:000000bf
26995670ns          467127 1c00904e 80c686db p.muls           x13, x13, x12       x13=ffff9016 x13:0000ff6a x12:000000bf
26995690ns          467128 1c009052 00455e83 lhu              x29, 4(x10)         x29=00000427 x10:10000fa4  PA:10000fa8
26995710ns          467129 1c009056 00655e03 lhu              x28, 6(x10)         x28=0000007f x10:10000fa4  PA:10000faa
26995730ns          467130 1c00905a 40a75713 srai             x14, x14, 0x40a     x14=fffffff7 x14:ffffdcef
26995750ns          467131 1c00905c 806787db p.muls           x15, x15, x6        x15=fffffc4f x15:0000ffe5  x6:00000023
26995770ns          467132 1c009060 40a6d693 srai             x13, x13, 0x40a     x13=ffffffe4 x13:ffff9016
26995790ns          467133 1c009062 8065865b p.muls           x12, x11, x6        x12=00000d20 x11:00000060  x6:00000023
26995810ns          467134 1c009066 40a7d793 srai             x15, x15, 0x40a     x15=ffffffff x15:fffffc4f
26995830ns          467135 1c009068 40a65613 srai             x12, x12, 0x40a     x12=00000003 x12:00000d20
26995849ns          467136 1c00906a 01d70733 add              x14, x14, x29       x14=0000041e x14:fffffff7 x29:00000427
26995869ns          467137 1c00906c 01c686b3 add              x13, x13, x28       x13=00000063 x13:ffffffe4 x28:0000007f
26995889ns          467138 1c00906e 00c686b3 add              x13, x13, x12       x13=00000066 x13:00000063 x12:00000003
26995909ns          467139 1c009070 00f70733 add              x14, x14, x15       x14=0000041d x14:0000041e x15:ffffffff
26995929ns          467140 1c009072 100747b3 p.exths          x15, x14, x0        x15=0000041d x14:0000041d
26995949ns          467141 1c009076 1006c733 p.exths          x14, x13, x0        x14=00000066 x13:00000066
26995969ns          467142 1c00907a 03170633 mul              x12, x14, x17       x12=0000718e x14:00000066 x17:0000011d
26995989ns          467143 1c00907e 030786b3 mul              x13, x15, x16       x13=00057684 x15:0000041d x16:00000154
26996008ns          467144 1c009082 03070733 mul              x14, x14, x16       x14=00008778 x14:00000066 x16:00000154
26996028ns          467145 1c009086 031787b3 mul              x15, x15, x17       x15=00049449 x15:0000041d x17:0000011d
26996048ns          467146 1c00908a 40a6d693 srai             x13, x13, 0x40a     x13=0000015d x13:00057684
26996068ns          467147 1c00908c 40a65613 srai             x12, x12, 0x40a     x12=0000001c x12:0000718e
26996088ns          467148 1c00908e 40a7d793 srai             x15, x15, 0x40a     x15=00000125 x15:00049449
26996108ns          467149 1c009090 40a75713 srai             x14, x14, 0x40a     x14=00000021 x14:00008778
26996128ns          467150 1c009092 40c686b3 sub              x13, x13, x12       x13=00000141 x13:0000015d x12:0000001c
26996148ns          467151 1c009094 00e787b3 add              x15, x15, x14       x15=00000146 x15:00000125 x14:00000021
26996168ns          467152 1c009096 00d51823 sh               x13, 16(x10)        x13:00000141 x10:10000fa4  PA:10000fb4
26996187ns          467153 1c00909a 00f51923 sh               x15, 18(x10)        x15:00000146 x10:10000fa4  PA:10000fb6
26996207ns          467154 1c00909e 00008067 jalr             x0, x1, 0            x1:1c0093e8
26996267ns          467157 1c0093e8 2dc15583 lhu              x11, 732(x2)        x11=00000141  x2:10000cd8  PA:10000fb4
26996287ns          467158 1c0093ec 2de15783 lhu              x15, 734(x2)        x15=00000146  x2:10000cd8  PA:10000fb6
26996307ns          467159 1c0093f0 40b90933 sub              x18, x18, x11       x18=00000044 x18:00000185 x11:00000141
26996327ns          467160 1c0093f4 40f484b3 sub              x9, x9, x15          x9=ffffffb0  x9:000000f6 x15:00000146
26996347ns          467161 1c0093f6 100945b3 p.exths          x11, x18, x0        x11=00000044 x18:00000044
26996366ns          467162 1c0093fa 1004c7b3 p.exths          x15, x9, x0         x15=ffffffb0  x9:ffffffb0
26996386ns          467163 1c0093fe 034586b3 mul              x13, x11, x20       x13=00005a50 x11:00000044 x20:00000154
26996406ns          467164 1c009402 03378533 mul              x10, x15, x19       x10=ffffa6f0 x15:ffffffb0 x19:0000011d
26996426ns          467165 1c009406 034a0633 mul              x12, x20, x20       x12=0001c390 x20:00000154 x20:00000154
26996446ns          467166 1c00940a 03398733 mul              x14, x19, x19       x14=00013d49 x19:0000011d x19:0000011d
26996466ns          467167 1c00940e 034787b3 mul              x15, x15, x20       x15=ffff95c0 x15:ffffffb0 x20:00000154
26996486ns          467168 1c009412 033585b3 mul              x11, x11, x19       x11=00004bb4 x11:00000044 x19:0000011d
26996506ns          467169 1c009416 40a75713 srai             x14, x14, 0x40a     x14=0000004f x14:00013d49
26996526ns          467170 1c009418 40a5d593 srai             x11, x11, 0x40a     x11=00000012 x11:00004bb4
26996545ns          467171 1c00941a 40a65613 srai             x12, x12, 0x40a     x12=00000070 x12:0001c390
26996565ns          467172 1c00941c 40a7d793 srai             x15, x15, 0x40a     x15=ffffffe5 x15:ffff95c0
26996585ns          467173 1c00941e 1c0034b7 lui              x9, 0x1c003000       x9=1c003000
26996605ns          467174 1c009422 00e60633 add              x12, x12, x14       x12=000000bf x12:00000070 x14:0000004f
26996625ns          467175 1c009424 40b787b3 sub              x15, x15, x11       x15=ffffffd3 x15:ffffffe5 x11:00000012
26996645ns          467176 1c009426 eb048493 addi             x9, x9, -336         x9=1c002eb0  x9:1c003000
26996665ns          467177 1c00942a 1c0032b7 lui              x5, 0x1c003000       x5=1c003000
26996685ns          467178 1c00942e 1c0035b7 lui              x11, 0x1c003000     x11=1c003000
26996705ns          467179 1c009432 018483b3 add              x7, x9, x24          x7=1c002eb2  x9:1c002eb0 x24:00000002
26996724ns          467180 1c009436 02812e83 lw               x29, 40(x2)         x29=1c002ec2  x2:10000cd8  PA:10000d00
26996744ns          467181 1c009438 10065633 p.exthz          x12, x12, x0        x12=000000bf x12:000000bf
26996764ns          467182 1c00943c e8028293 addi             x5, x5, -384         x5=1c002e80  x5:1c003000
26996784ns          467183 1c009440 ea058593 addi             x11, x11, -352      x11=1c002ea0 x11:1c003000
26996804ns          467184 1c009444 03812483 lw               x9, 56(x2)           x9=1c002ee2  x2:10000cd8  PA:10000d10
26996824ns          467185 1c009446 10064733 p.exths          x14, x12, x0        x14=000000bf x12:000000bf
26996844ns          467186 1c00944a 018280b3 add              x1, x5, x24          x1=1c002e82  x5:1c002e80 x24:00000002
26996864ns          467187 1c00944e 03012f03 lw               x30, 48(x2)         x30=1c002ed2  x2:10000cd8  PA:10000d08
26996884ns          467188 1c009450 018582b3 add              x5, x11, x24         x5=1c002ea2 x11:1c002ea0 x24:00000002
26996903ns          467189 1c009454 04012583 lw               x11, 64(x2)         x11=1c002ef2  x2:10000cd8  PA:10000d18
26996943ns          467191 1c009456 000edd83 lhu              x27, 0(x29)         x27=00000e62 x29:1c002ec2  PA:1c002ec2
26997242ns          467206 1c00945a 0004d483 lhu              x9, 0(x9)            x9=0000012a  x9:1c002ee2  PA:1c002ee2
26997540ns          467221 1c00945e 02e70333 mul              x6, x14, x14         x6=00008e81 x14:000000bf x14:000000bf
26997560ns          467222 1c009462 40a55513 srai             x10, x10, 0x40a     x10=ffffffe9 x10:ffffa6f0
26997580ns          467223 1c009464 04812e83 lw               x29, 72(x2)         x29=1c002f02  x2:10000cd8  PA:10000d20
26997600ns          467224 1c009466 40a6d693 srai             x13, x13, 0x40a     x13=00000016 x13:00005a50
26997619ns          467225 1c009468 000f5d03 lhu              x26, 0(x30)         x26=0000039f x30:1c002ed2  PA:1c002ed2
26997958ns          467242 1c00946c 0005d583 lhu              x11, 0(x11)         x11=0000006e x11:1c002ef2  PA:1c002ef2
26998296ns          467259 1c009470 40a35313 srai             x6, x6, 0x40a        x6=00000023  x6:00008e81
26998316ns          467260 1c009474 00a686b3 add              x13, x13, x10       x13=ffffffff x13:00000016 x10:ffffffe9
26998335ns          467261 1c009476 05012f03 lw               x30, 80(x2)         x30=1c002e72  x2:10000cd8  PA:10000d28
26998355ns          467262 1c009478 10034e33 p.exths          x28, x6, x0         x28=00000023  x6:00000023
26998375ns          467263 1c00947c 06911023 sh               x9, 96(x2)           x9:0000012a  x2:10000cd8  PA:10000d38
26998395ns          467264 1c009480 000ede83 lhu              x29, 0(x29)         x29=0000002b x29:1c002f02  PA:1c002f02
26998693ns          467279 1c009484 05812483 lw               x9, 88(x2)           x9=1c002e62  x2:10000cd8  PA:10000d30
26998713ns          467280 1c009486 1006d6b3 p.exthz          x13, x13, x0        x13=0000ffff x13:ffffffff
26998733ns          467281 1c00948a 02ee08b3 mul              x17, x28, x14       x17=00001a1d x28:00000023 x14:000000bf
26998753ns          467282 1c00948e 1006c833 p.exths          x16, x13, x0        x16=ffffffff x13:0000ffff
26998773ns          467283 1c009492 06b11823 sh               x11, 112(x2)        x11:0000006e  x2:10000cd8  PA:10000d48
26998793ns          467284 1c009496 000f5f03 lhu              x30, 0(x30)         x30=0000ff4a x30:1c002e72  PA:1c002e72
26999091ns          467299 1c00949a 0a012583 lw               x11, 160(x2)        x11=1c002e92  x2:10000cd8  PA:10000d78
26999111ns          467300 1c00949c 1007d7b3 p.exthz          x15, x15, x0        x15=0000ffd3 x15:ffffffd3
26999131ns          467301 1c0094a0 0004da03 lhu              x20, 0(x9)          x20=0000fcb9  x9:1c002e62  PA:1c002e62
26999429ns          467316 1c0094a4 1007c533 p.exths          x10, x15, x0        x10=ffffffd3 x15:0000ffd3
26999449ns          467317 1c0094a8 09d11023 sh               x29, 128(x2)        x29:0000002b  x2:10000cd8  PA:10000d58
26999469ns          467318 1c0094ac 0003d483 lhu              x9, 0(x7)            x9=0000ffdf  x7:1c002eb2  PA:1c002eb2
26999807ns          467335 1c0094b0 02e80eb3 mul              x29, x16, x14       x29=ffffff41 x16:ffffffff x14:000000bf
26999827ns          467336 1c0094b4 40a8d893 srai             x17, x17, 0x40a     x17=00000006 x17:00001a1d
26999847ns          467337 1c0094b8 03c80833 mul              x16, x16, x28       x16=ffffffdd x16:ffffffff x28:00000023
26999867ns          467338 1c0094bc 09e11823 sh               x30, 144(x2)        x30:0000ff4a  x2:10000cd8  PA:10000d68
26999887ns          467339 1c0094c0 0005d983 lhu              x19, 0(x11)         x19=0000ffbc x11:1c002e92  PA:1c002e92
27000185ns          467354 1c0094c4 81c88f5b p.muls           x30, x17, x28       x30=000000d2 x17:00000006 x28:00000023
27000205ns          467355 1c0094c8 0002d583 lhu              x11, 0(x5)          x11=0000ffa2  x5:1c002ea2  PA:1c002ea2
27000503ns          467370 1c0094cc 03ce0fb3 mul              x31, x28, x28       x31=000004c9 x28:00000023 x28:00000023
27000523ns          467371 1c0094d0 02e50733 mul              x14, x10, x14       x14=ffffde6d x10:ffffffd3 x14:000000bf
27000543ns          467372 1c0094d4 40a85813 srai             x16, x16, 0x40a     x16=ffffffff x16:ffffffdd
27000563ns          467373 1c0094d8 03c50533 mul              x10, x10, x28       x10=fffff9d9 x10:ffffffd3 x28:00000023
27000583ns          467374 1c0094dc 07015e03 lhu              x28, 112(x2)        x28=0000006e  x2:10000cd8  PA:10000d48
27000603ns          467375 1c0094e0 01b60633 add              x12, x12, x27       x12=00000f21 x12:000000bf x27:00000e62
27000623ns          467376 1c0094e2 00980833 add              x16, x16, x9        x16=0000ffde x16:ffffffff  x9:0000ffdf
27000642ns          467377 1c0094e4 06015d83 lhu              x27, 96(x2)         x27=0000012a  x2:10000cd8  PA:10000d38
27000662ns          467378 1c0094e8 02812483 lw               x9, 40(x2)           x9=1c002ec2  x2:10000cd8  PA:10000d00
27000682ns          467379 1c0094ea 40afdf93 srai             x31, x31, 0x40a     x31=00000001 x31:000004c9
27000702ns          467380 1c0094ee 40a55513 srai             x10, x10, 0x40a     x10=fffffffe x10:fffff9d9
27000722ns          467381 1c0094f0 01cf8fb3 add              x31, x31, x28       x31=0000006f x31:00000001 x28:0000006e
27000742ns          467382 1c0094f2 00b50533 add              x10, x10, x11       x10=0000ffa0 x10:fffffffe x11:0000ffa2
27000762ns          467383 1c0094f4 09015e03 lhu              x28, 144(x2)        x28=0000ff4a  x2:10000cd8  PA:10000d68
27000782ns          467384 1c0094f8 03012583 lw               x11, 48(x2)         x11=1c002ed2  x2:10000cd8  PA:10000d08
27000802ns          467385 1c0094fa 00c49023 sh               x12, 0(x9)          x12:00000f21  x9:1c002ec2  PA:1c002ec2
27001120ns          467401 1c0094fe 01b888b3 add              x17, x17, x27       x17=00000130 x17:00000006 x27:0000012a
27001140ns          467402 1c009500 01a30333 add              x6, x6, x26          x6=000003c2  x6:00000023 x26:0000039f
27001159ns          467403 1c009502 08015d83 lhu              x27, 128(x2)        x27=0000002b  x2:10000cd8  PA:10000d58
27001179ns          467404 1c009506 0000d903 lhu              x18, 0(x1)          x18=0000ff0e  x1:1c002e82  PA:1c002e82
27001478ns          467419 1c00950a 01c686b3 add              x13, x13, x28       x13=0001ff49 x13:0000ffff x28:0000ff4a
27001498ns          467420 1c00950c 00659023 sh               x6, 0(x11)           x6:000003c2 x11:1c002ed2  PA:1c002ed2
27001816ns          467436 1c009510 40af5f13 srai             x30, x30, 0x40a     x30=00000000 x30:000000d2
27001836ns          467437 1c009514 04812e03 lw               x28, 72(x2)         x28=1c002f02  x2:10000cd8  PA:10000d20
27001856ns          467438 1c009516 01bf0f33 add              x30, x30, x27       x30=0000002b x30:00000000 x27:0000002b
27001875ns          467439 1c009518 40aede93 srai             x29, x29, 0x40a     x29=ffffffff x29:ffffff41
27001895ns          467440 1c00951c 40a75713 srai             x14, x14, 0x40a     x14=fffffff7 x14:ffffde6d
27001915ns          467441 1c00951e 03812603 lw               x12, 56(x2)         x12=1c002ee2  x2:10000cd8  PA:10000d10
27001935ns          467442 1c009520 04012d83 lw               x27, 64(x2)         x27=1c002ef2  x2:10000cd8  PA:10000d18
27001955ns          467443 1c009522 01ee1023 sh               x30, 0(x28)         x30:0000002b x28:1c002f02  PA:1c002f02
27002293ns          467460 1c009526 05812483 lw               x9, 88(x2)           x9=1c002e62  x2:10000cd8  PA:10000d30
27002313ns          467461 1c009528 05012f03 lw               x30, 80(x2)         x30=1c002e72  x2:10000cd8  PA:10000d28
27002333ns          467462 1c00952a 0a012583 lw               x11, 160(x2)        x11=1c002e92  x2:10000cd8  PA:10000d78
27002353ns          467463 1c00952c 014787b3 add              x15, x15, x20       x15=0001fc8c x15:0000ffd3 x20:0000fcb9
27002373ns          467464 1c00952e 013e8eb3 add              x29, x29, x19       x29=0000ffbb x29:ffffffff x19:0000ffbc
27002393ns          467465 1c009530 01270733 add              x14, x14, x18       x14=0000ff05 x14:fffffff7 x18:0000ff0e
27002412ns          467466 1c009532 00f49023 sh               x15, 0(x9)          x15:0001fc8c  x9:1c002e62  PA:1c002e62
27002731ns          467482 1c009536 01161023 sh               x17, 0(x12)         x17:00000130 x12:1c002ee2  PA:1c002ee2
27003049ns          467498 1c00953a 01fd9023 sh               x31, 0(x27)         x31:0000006f x27:1c002ef2  PA:1c002ef2
27003387ns          467515 1c00953e 00df1023 sh               x13, 0(x30)         x13:0001ff49 x30:1c002e72  PA:1c002e72
27003705ns          467531 1c009542 01d59023 sh               x29, 0(x11)         x29:0000ffbb x11:1c002e92  PA:1c002e92
27004023ns          467547 1c009546 00e09023 sh               x14, 0(x1)          x14:0000ff05  x1:1c002e82  PA:1c002e82
27004342ns          467563 1c00954a 01039023 sh               x16, 0(x7)          x16:0000ffde  x7:1c002eb2  PA:1c002eb2
27004660ns          467579 1c00954e 00a29023 sh               x10, 0(x5)          x10:0000ffa0  x5:1c002ea2  PA:1c002ea2
27004978ns          467595 1c009552 008b0b13 addi             x22, x22, 8         x22=000000c1 x22:000000b9
27004998ns          467596 1c009554 1f300793 addi             x15, x0, 499        x15=000001f3
27005018ns          467597 1c009558 e767dae3 bge              x15, x22, -396      x15:000001f3 x22:000000c1
27005117ns          467602 1c0093cc 010c9a0b p.lh             x20, 16(x25!)       x20=000001b3 x25=1c00281a x25:1c00280a  PA:1c00280a
27005435ns          467618 1c0093d0 0104198b p.lh             x19, 16(x8!)        x19=0000005f  x8=1c001fe2  x8:1c001fd2  PA:1c001fd2
27005734ns          467633 1c0093d4 2cc10513 addi             x10, x2, 716        x10=10000fa4  x2:10000cd8
27005754ns          467634 1c0093d6 010a990b p.lh             x18, 16(x21!)       x18=000001b8 x21=1c00180e x21:1c0017fe  PA:1c0017fe
27006052ns          467649 1c0093da 010b948b p.lh             x9, 16(x23!)         x9=0000001f x23=1c00103e x23:1c00102e  PA:1c00102e
27006370ns          467665 1c0093de 2d411623 sh               x20, 716(x2)        x20:000001b3  x2:10000cd8  PA:10000fa4
27006410ns          467667 1c0093e2 2d311723 sh               x19, 718(x2)        x19:0000005f  x2:10000cd8  PA:10000fa6
27006450ns          467669 1c0093e6 c33ff0ef jal              x1, -974             x1=1c0093e8
27006470ns          467670 1c009018 00051803 lh               x16, 0(x10)         x16=000001b3 x10:10000fa4  PA:10000fa4
27006509ns          467672 1c00901c 00251883 lh               x17, 2(x10)         x17=0000005f x10:10000fa4  PA:10000fa6
27006529ns          467673 1c009020 030806b3 mul              x13, x16, x16       x13=0002e329 x16:000001b3 x16:000001b3
27006549ns          467674 1c009024 03188633 mul              x12, x17, x17       x12=00002341 x17:0000005f x17:0000005f
27006569ns          467675 1c009028 40a65613 srai             x12, x12, 0x40a     x12=00000008 x12:00002341
27006589ns          467676 1c00902a 40a6d693 srai             x13, x13, 0x40a     x13=000000b8 x13:0002e329
27006609ns          467677 1c00902c 00c686b3 add              x13, x13, x12       x13=000000c0 x13:000000b8 x12:00000008
27006629ns          467678 1c00902e 1006c633 p.exths          x12, x13, x0        x12=000000c0 x13:000000c0
27006649ns          467679 1c009032 00855703 lhu              x14, 8(x10)         x14=0000ffd1 x10:10000fa4  PA:10000fac
27006668ns          467680 1c009036 00a55683 lhu              x13, 10(x10)        x13=0000ff6a x10:10000fa4  PA:10000fae
27006688ns          467681 1c00903a 02c60333 mul              x6, x12, x12         x6=00009000 x12:000000c0 x12:000000c0
27006708ns          467682 1c00903e 00c55783 lhu              x15, 12(x10)        x15=0000ffe5 x10:10000fa4  PA:10000fb0
27006728ns          467683 1c009042 00e55583 lhu              x11, 14(x10)        x11=00000060 x10:10000fa4  PA:10000fb2
27006748ns          467684 1c009046 dea30333 p.extract        x6, x6, 15, 10       x6=00000024  x6:00009000
27006768ns          467685 1c00904a 80c7075b p.muls           x14, x14, x12       x14=ffffdcc0 x14:0000ffd1 x12:000000c0
27006828ns          467688 1c00904e 80c686db p.muls           x13, x13, x12       x13=ffff8f80 x13:0000ff6a x12:000000c0
27006867ns          467690 1c009052 00455e83 lhu              x29, 4(x10)         x29=00000427 x10:10000fa4  PA:10000fa8
27006887ns          467691 1c009056 00655e03 lhu              x28, 6(x10)         x28=0000007f x10:10000fa4  PA:10000faa
27006907ns          467692 1c00905a 40a75713 srai             x14, x14, 0x40a     x14=fffffff7 x14:ffffdcc0
27006927ns          467693 1c00905c 806787db p.muls           x15, x15, x6        x15=fffffc34 x15:0000ffe5  x6:00000024
27006967ns          467695 1c009060 40a6d693 srai             x13, x13, 0x40a     x13=ffffffe3 x13:ffff8f80
27007007ns          467697 1c009062 8065865b p.muls           x12, x11, x6        x12=00000d80 x11:00000060  x6:00000024
27007026ns          467698 1c009066 40a7d793 srai             x15, x15, 0x40a     x15=ffffffff x15:fffffc34
27007046ns          467699 1c009068 40a65613 srai             x12, x12, 0x40a     x12=00000003 x12:00000d80
27007066ns          467700 1c00906a 01d70733 add              x14, x14, x29       x14=0000041e x14:fffffff7 x29:00000427
27007086ns          467701 1c00906c 01c686b3 add              x13, x13, x28       x13=00000062 x13:ffffffe3 x28:0000007f
27007106ns          467702 1c00906e 00c686b3 add              x13, x13, x12       x13=00000065 x13:00000062 x12:00000003
27007126ns          467703 1c009070 00f70733 add              x14, x14, x15       x14=0000041d x14:0000041e x15:ffffffff
27007146ns          467704 1c009072 100747b3 p.exths          x15, x14, x0        x15=0000041d x14:0000041d
27007166ns          467705 1c009076 1006c733 p.exths          x14, x13, x0        x14=00000065 x13:00000065
27007186ns          467706 1c00907a 03170633 mul              x12, x14, x17       x12=0000257b x14:00000065 x17:0000005f
27007205ns          467707 1c00907e 030786b3 mul              x13, x15, x16       x13=0006fd47 x15:0000041d x16:000001b3
27007225ns          467708 1c009082 03070733 mul              x14, x14, x16       x14=0000ab9f x14:00000065 x16:000001b3
27007245ns          467709 1c009086 031787b3 mul              x15, x15, x17       x15=000186c3 x15:0000041d x17:0000005f
27007265ns          467710 1c00908a 40a6d693 srai             x13, x13, 0x40a     x13=000001bf x13:0006fd47
27007285ns          467711 1c00908c 40a65613 srai             x12, x12, 0x40a     x12=00000009 x12:0000257b
27007305ns          467712 1c00908e 40a7d793 srai             x15, x15, 0x40a     x15=00000061 x15:000186c3
27007325ns          467713 1c009090 40a75713 srai             x14, x14, 0x40a     x14=0000002a x14:0000ab9f
27007345ns          467714 1c009092 40c686b3 sub              x13, x13, x12       x13=000001b6 x13:000001bf x12:00000009
27007365ns          467715 1c009094 00e787b3 add              x15, x15, x14       x15=0000008b x15:00000061 x14:0000002a
27007384ns          467716 1c009096 00d51823 sh               x13, 16(x10)        x13:000001b6 x10:10000fa4  PA:10000fb4
27007404ns          467717 1c00909a 00f51923 sh               x15, 18(x10)        x15:0000008b x10:10000fa4  PA:10000fb6
27007424ns          467718 1c00909e 00008067 jalr             x0, x1, 0            x1:1c0093e8
27007464ns          467720 1c0093e8 2dc15583 lhu              x11, 732(x2)        x11=000001b6  x2:10000cd8  PA:10000fb4
27007484ns          467721 1c0093ec 2de15783 lhu              x15, 734(x2)        x15=0000008b  x2:10000cd8  PA:10000fb6
27007504ns          467722 1c0093f0 40b90933 sub              x18, x18, x11       x18=00000002 x18:000001b8 x11:000001b6
27007524ns          467723 1c0093f4 40f484b3 sub              x9, x9, x15          x9=ffffff94  x9:0000001f x15:0000008b
27007544ns          467724 1c0093f6 100945b3 p.exths          x11, x18, x0        x11=00000002 x18:00000002
27007563ns          467725 1c0093fa 1004c7b3 p.exths          x15, x9, x0         x15=ffffff94  x9:ffffff94
27007583ns          467726 1c0093fe 034586b3 mul              x13, x11, x20       x13=00000366 x11:00000002 x20:000001b3
27007603ns          467727 1c009402 03378533 mul              x10, x15, x19       x10=ffffd7ec x15:ffffff94 x19:0000005f
27007623ns          467728 1c009406 034a0633 mul              x12, x20, x20       x12=0002e329 x20:000001b3 x20:000001b3
27007643ns          467729 1c00940a 03398733 mul              x14, x19, x19       x14=00002341 x19:0000005f x19:0000005f
27007703ns          467732 1c00940e 034787b3 mul              x15, x15, x20       x15=ffff487c x15:ffffff94 x20:000001b3
27007742ns          467734 1c009412 033585b3 mul              x11, x11, x19       x11=000000be x11:00000002 x19:0000005f
27007762ns          467735 1c009416 40a75713 srai             x14, x14, 0x40a     x14=00000008 x14:00002341
27007782ns          467736 1c009418 40a5d593 srai             x11, x11, 0x40a     x11=00000000 x11:000000be
27007802ns          467737 1c00941a 40a65613 srai             x12, x12, 0x40a     x12=000000b8 x12:0002e329
27007822ns          467738 1c00941c 40a7d793 srai             x15, x15, 0x40a     x15=ffffffd2 x15:ffff487c
27007842ns          467739 1c00941e 1c0034b7 lui              x9, 0x1c003000       x9=1c003000
27007862ns          467740 1c009422 00e60633 add              x12, x12, x14       x12=000000c0 x12:000000b8 x14:00000008
27007882ns          467741 1c009424 40b787b3 sub              x15, x15, x11       x15=ffffffd2 x15:ffffffd2 x11:00000000
27007902ns          467742 1c009426 eb048493 addi             x9, x9, -336         x9=1c002eb0  x9:1c003000
27007921ns          467743 1c00942a 1c0032b7 lui              x5, 0x1c003000       x5=1c003000
27007941ns          467744 1c00942e 1c0035b7 lui              x11, 0x1c003000     x11=1c003000
27007961ns          467745 1c009432 018483b3 add              x7, x9, x24          x7=1c002eb2  x9:1c002eb0 x24:00000002
27007981ns          467746 1c009436 02812e83 lw               x29, 40(x2)         x29=1c002ec2  x2:10000cd8  PA:10000d00
27008001ns          467747 1c009438 10065633 p.exthz          x12, x12, x0        x12=000000c0 x12:000000c0
27008021ns          467748 1c00943c e8028293 addi             x5, x5, -384         x5=1c002e80  x5:1c003000
27008041ns          467749 1c009440 ea058593 addi             x11, x11, -352      x11=1c002ea0 x11:1c003000
27008061ns          467750 1c009444 03812483 lw               x9, 56(x2)           x9=1c002ee2  x2:10000cd8  PA:10000d10
27008081ns          467751 1c009446 10064733 p.exths          x14, x12, x0        x14=000000c0 x12:000000c0
27008100ns          467752 1c00944a 018280b3 add              x1, x5, x24          x1=1c002e82  x5:1c002e80 x24:00000002
27008120ns          467753 1c00944e 03012f03 lw               x30, 48(x2)         x30=1c002ed2  x2:10000cd8  PA:10000d08
27008140ns          467754 1c009450 018582b3 add              x5, x11, x24         x5=1c002ea2 x11:1c002ea0 x24:00000002
27008160ns          467755 1c009454 04012583 lw               x11, 64(x2)         x11=1c002ef2  x2:10000cd8  PA:10000d18
27008180ns          467756 1c009456 000edd83 lhu              x27, 0(x29)         x27=00000f21 x29:1c002ec2  PA:1c002ec2
27008498ns          467772 1c00945a 0004d483 lhu              x9, 0(x9)            x9=00000130  x9:1c002ee2  PA:1c002ee2
27008796ns          467787 1c00945e 02e70333 mul              x6, x14, x14         x6=00009000 x14:000000c0 x14:000000c0
27008816ns          467788 1c009462 40a55513 srai             x10, x10, 0x40a     x10=fffffff5 x10:ffffd7ec
27008836ns          467789 1c009464 04812e83 lw               x29, 72(x2)         x29=1c002f02  x2:10000cd8  PA:10000d20
27008856ns          467790 1c009466 40a6d693 srai             x13, x13, 0x40a     x13=00000000 x13:00000366
27008876ns          467791 1c009468 000f5d03 lhu              x26, 0(x30)         x26=000003c2 x30:1c002ed2  PA:1c002ed2
27009294ns          467812 1c00946c 0005d583 lhu              x11, 0(x11)         x11=0000006f x11:1c002ef2  PA:1c002ef2
27009632ns          467829 1c009470 40a35313 srai             x6, x6, 0x40a        x6=00000024  x6:00009000
27009652ns          467830 1c009474 00a686b3 add              x13, x13, x10       x13=fffffff5 x13:00000000 x10:fffffff5
27009672ns          467831 1c009476 05012f03 lw               x30, 80(x2)         x30=1c002e72  x2:10000cd8  PA:10000d28
27009691ns          467832 1c009478 10034e33 p.exths          x28, x6, x0         x28=00000024  x6:00000024
27009711ns          467833 1c00947c 06911023 sh               x9, 96(x2)           x9:00000130  x2:10000cd8  PA:10000d38
27009731ns          467834 1c009480 000ede83 lhu              x29, 0(x29)         x29=0000002b x29:1c002f02  PA:1c002f02
27010069ns          467851 1c009484 05812483 lw               x9, 88(x2)           x9=1c002e62  x2:10000cd8  PA:10000d30
27010089ns          467852 1c009486 1006d6b3 p.exthz          x13, x13, x0        x13=0000fff5 x13:fffffff5
27010109ns          467853 1c00948a 02ee08b3 mul              x17, x28, x14       x17=00001b00 x28:00000024 x14:000000c0
27010129ns          467854 1c00948e 1006c833 p.exths          x16, x13, x0        x16=fffffff5 x13:0000fff5
27010149ns          467855 1c009492 06b11823 sh               x11, 112(x2)        x11:0000006f  x2:10000cd8  PA:10000d48
27010169ns          467856 1c009496 000f5f03 lhu              x30, 0(x30)         x30=0000ff49 x30:1c002e72  PA:1c002e72
27010467ns          467871 1c00949a 0a012583 lw               x11, 160(x2)        x11=1c002e92  x2:10000cd8  PA:10000d78
27010487ns          467872 1c00949c 1007d7b3 p.exthz          x15, x15, x0        x15=0000ffd2 x15:ffffffd2
27010507ns          467873 1c0094a0 0004da03 lhu              x20, 0(x9)          x20=0000fc8c  x9:1c002e62  PA:1c002e62
27010805ns          467888 1c0094a4 1007c533 p.exths          x10, x15, x0        x10=ffffffd2 x15:0000ffd2
27010825ns          467889 1c0094a8 09d11023 sh               x29, 128(x2)        x29:0000002b  x2:10000cd8  PA:10000d58
27010845ns          467890 1c0094ac 0003d483 lhu              x9, 0(x7)            x9=0000ffde  x7:1c002eb2  PA:1c002eb2
27011163ns          467906 1c0094b0 02e80eb3 mul              x29, x16, x14       x29=fffff7c0 x16:fffffff5 x14:000000c0
27011183ns          467907 1c0094b4 40a8d893 srai             x17, x17, 0x40a     x17=00000006 x17:00001b00
27011203ns          467908 1c0094b8 03c80833 mul              x16, x16, x28       x16=fffffe74 x16:fffffff5 x28:00000024
27011223ns          467909 1c0094bc 09e11823 sh               x30, 144(x2)        x30:0000ff49  x2:10000cd8  PA:10000d68
27011243ns          467910 1c0094c0 0005d983 lhu              x19, 0(x11)         x19=0000ffbb x11:1c002e92  PA:1c002e92
27011541ns          467925 1c0094c4 81c88f5b p.muls           x30, x17, x28       x30=000000d8 x17:00000006 x28:00000024
27011561ns          467926 1c0094c8 0002d583 lhu              x11, 0(x5)          x11=0000ffa0  x5:1c002ea2  PA:1c002ea2
27011939ns          467945 1c0094cc 03ce0fb3 mul              x31, x28, x28       x31=00000510 x28:00000024 x28:00000024
27011959ns          467946 1c0094d0 02e50733 mul              x14, x10, x14       x14=ffffdd80 x10:ffffffd2 x14:000000c0
27011979ns          467947 1c0094d4 40a85813 srai             x16, x16, 0x40a     x16=ffffffff x16:fffffe74
27011998ns          467948 1c0094d8 03c50533 mul              x10, x10, x28       x10=fffff988 x10:ffffffd2 x28:00000024
27012018ns          467949 1c0094dc 07015e03 lhu              x28, 112(x2)        x28=0000006f  x2:10000cd8  PA:10000d48
27012058ns          467951 1c0094e0 01b60633 add              x12, x12, x27       x12=00000fe1 x12:000000c0 x27:00000f21
27012078ns          467952 1c0094e2 00980833 add              x16, x16, x9        x16=0000ffdd x16:ffffffff  x9:0000ffde
27012098ns          467953 1c0094e4 06015d83 lhu              x27, 96(x2)         x27=00000130  x2:10000cd8  PA:10000d38
27012118ns          467954 1c0094e8 02812483 lw               x9, 40(x2)           x9=1c002ec2  x2:10000cd8  PA:10000d00
27012138ns          467955 1c0094ea 40afdf93 srai             x31, x31, 0x40a     x31=00000001 x31:00000510
27012158ns          467956 1c0094ee 40a55513 srai             x10, x10, 0x40a     x10=fffffffe x10:fffff988
27012177ns          467957 1c0094f0 01cf8fb3 add              x31, x31, x28       x31=00000070 x31:00000001 x28:0000006f
27012197ns          467958 1c0094f2 00b50533 add              x10, x10, x11       x10=0000ff9e x10:fffffffe x11:0000ffa0
27012217ns          467959 1c0094f4 09015e03 lhu              x28, 144(x2)        x28=0000ff49  x2:10000cd8  PA:10000d68
27012237ns          467960 1c0094f8 03012583 lw               x11, 48(x2)         x11=1c002ed2  x2:10000cd8  PA:10000d08
27012257ns          467961 1c0094fa 00c49023 sh               x12, 0(x9)          x12:00000fe1  x9:1c002ec2  PA:1c002ec2
27012575ns          467977 1c0094fe 01b888b3 add              x17, x17, x27       x17=00000136 x17:00000006 x27:00000130
27012595ns          467978 1c009500 01a30333 add              x6, x6, x26          x6=000003e6  x6:00000024 x26:000003c2
27012615ns          467979 1c009502 08015d83 lhu              x27, 128(x2)        x27=0000002b  x2:10000cd8  PA:10000d58
27012635ns          467980 1c009506 0000d903 lhu              x18, 0(x1)          x18=0000ff05  x1:1c002e82  PA:1c002e82
27012973ns          467997 1c00950a 01c686b3 add              x13, x13, x28       x13=0001ff3e x13:0000fff5 x28:0000ff49
27012993ns          467998 1c00950c 00659023 sh               x6, 0(x11)           x6:000003e6 x11:1c002ed2  PA:1c002ed2
27013311ns          468014 1c009510 40af5f13 srai             x30, x30, 0x40a     x30=00000000 x30:000000d8
27013331ns          468015 1c009514 04812e03 lw               x28, 72(x2)         x28=1c002f02  x2:10000cd8  PA:10000d20
27013351ns          468016 1c009516 01bf0f33 add              x30, x30, x27       x30=0000002b x30:00000000 x27:0000002b
27013371ns          468017 1c009518 40aede93 srai             x29, x29, 0x40a     x29=fffffffd x29:fffff7c0
27013391ns          468018 1c00951c 40a75713 srai             x14, x14, 0x40a     x14=fffffff7 x14:ffffdd80
27013410ns          468019 1c00951e 03812603 lw               x12, 56(x2)         x12=1c002ee2  x2:10000cd8  PA:10000d10
27013430ns          468020 1c009520 04012d83 lw               x27, 64(x2)         x27=1c002ef2  x2:10000cd8  PA:10000d18
27013450ns          468021 1c009522 01ee1023 sh               x30, 0(x28)         x30:0000002b x28:1c002f02  PA:1c002f02
27013788ns          468038 1c009526 05812483 lw               x9, 88(x2)           x9=1c002e62  x2:10000cd8  PA:10000d30
27013808ns          468039 1c009528 05012f03 lw               x30, 80(x2)         x30=1c002e72  x2:10000cd8  PA:10000d28
27013828ns          468040 1c00952a 0a012583 lw               x11, 160(x2)        x11=1c002e92  x2:10000cd8  PA:10000d78
27013848ns          468041 1c00952c 014787b3 add              x15, x15, x20       x15=0001fc5e x15:0000ffd2 x20:0000fc8c
27013868ns          468042 1c00952e 013e8eb3 add              x29, x29, x19       x29=0000ffb8 x29:fffffffd x19:0000ffbb
27013888ns          468043 1c009530 01270733 add              x14, x14, x18       x14=0000fefc x14:fffffff7 x18:0000ff05
27013908ns          468044 1c009532 00f49023 sh               x15, 0(x9)          x15:0001fc5e  x9:1c002e62  PA:1c002e62
27014226ns          468060 1c009536 01161023 sh               x17, 0(x12)         x17:00000136 x12:1c002ee2  PA:1c002ee2
27014544ns          468076 1c00953a 01fd9023 sh               x31, 0(x27)         x31:00000070 x27:1c002ef2  PA:1c002ef2
27014862ns          468092 1c00953e 00df1023 sh               x13, 0(x30)         x13:0001ff3e x30:1c002e72  PA:1c002e72
27015200ns          468109 1c009542 01d59023 sh               x29, 0(x11)         x29:0000ffb8 x11:1c002e92  PA:1c002e92
27015539ns          468126 1c009546 00e09023 sh               x14, 0(x1)          x14:0000fefc  x1:1c002e82  PA:1c002e82
27015857ns          468142 1c00954a 01039023 sh               x16, 0(x7)          x16:0000ffdd  x7:1c002eb2  PA:1c002eb2
27016175ns          468158 1c00954e 00a29023 sh               x10, 0(x5)          x10:0000ff9e  x5:1c002ea2  PA:1c002ea2
27016513ns          468175 1c009552 008b0b13 addi             x22, x22, 8         x22=000000c9 x22:000000c1
27016533ns          468176 1c009554 1f300793 addi             x15, x0, 499        x15=000001f3
27016553ns          468177 1c009558 e767dae3 bge              x15, x22, -396      x15:000001f3 x22:000000c9
27016652ns          468182 1c0093cc 010c9a0b p.lh             x20, 16(x25!)       x20=0000002b x25=1c00282a x25:1c00281a  PA:1c00281a
27016970ns          468198 1c0093d0 0104198b p.lh             x19, 16(x8!)        x19=00000159  x8=1c001ff2  x8:1c001fe2  PA:1c001fe2
27017269ns          468213 1c0093d4 2cc10513 addi             x10, x2, 716        x10=10000fa4  x2:10000cd8
27017289ns          468214 1c0093d6 010a990b p.lh             x18, 16(x21!)       x18=00000045 x21=1c00181e x21:1c00180e  PA:1c00180e
27017587ns          468229 1c0093da 010b948b p.lh             x9, 16(x23!)         x9=00000152 x23=1c00104e x23:1c00103e  PA:1c00103e
27017985ns          468249 1c0093de 2d411623 sh               x20, 716(x2)        x20:0000002b  x2:10000cd8  PA:10000fa4
27018025ns          468251 1c0093e2 2d311723 sh               x19, 718(x2)        x19:00000159  x2:10000cd8  PA:10000fa6
27018044ns          468252 1c0093e6 c33ff0ef jal              x1, -974             x1=1c0093e8
27018124ns          468256 1c009018 00051803 lh               x16, 0(x10)         x16=0000002b x10:10000fa4  PA:10000fa4
27018184ns          468259 1c00901c 00251883 lh               x17, 2(x10)         x17=00000159 x10:10000fa4  PA:10000fa6
27018223ns          468261 1c009020 030806b3 mul              x13, x16, x16       x13=00000739 x16:0000002b x16:0000002b
27018263ns          468263 1c009024 03188633 mul              x12, x17, x17       x12=0001d0f1 x17:00000159 x17:00000159
27018283ns          468264 1c009028 40a65613 srai             x12, x12, 0x40a     x12=00000074 x12:0001d0f1
27018303ns          468265 1c00902a 40a6d693 srai             x13, x13, 0x40a     x13=00000001 x13:00000739
27018323ns          468266 1c00902c 00c686b3 add              x13, x13, x12       x13=00000075 x13:00000001 x12:00000074
27018343ns          468267 1c00902e 1006c633 p.exths          x12, x13, x0        x12=00000075 x13:00000075
27018363ns          468268 1c009032 00855703 lhu              x14, 8(x10)         x14=0000ffd1 x10:10000fa4  PA:10000fac
27018382ns          468269 1c009036 00a55683 lhu              x13, 10(x10)        x13=0000ff6a x10:10000fa4  PA:10000fae
27018402ns          468270 1c00903a 02c60333 mul              x6, x12, x12         x6=00003579 x12:00000075 x12:00000075
27018442ns          468272 1c00903e 00c55783 lhu              x15, 12(x10)        x15=0000ffe5 x10:10000fa4  PA:10000fb0
27018482ns          468274 1c009042 00e55583 lhu              x11, 14(x10)        x11=00000060 x10:10000fa4  PA:10000fb2
27018502ns          468275 1c009046 dea30333 p.extract        x6, x6, 15, 10       x6=0000000d  x6:00003579
27018522ns          468276 1c00904a 80c7075b p.muls           x14, x14, x12       x14=ffffea85 x14:0000ffd1 x12:00000075
27018542ns          468277 1c00904e 80c686db p.muls           x13, x13, x12       x13=ffffbb72 x13:0000ff6a x12:00000075
27018561ns          468278 1c009052 00455e83 lhu              x29, 4(x10)         x29=00000427 x10:10000fa4  PA:10000fa8
27018581ns          468279 1c009056 00655e03 lhu              x28, 6(x10)         x28=0000007f x10:10000fa4  PA:10000faa
27018601ns          468280 1c00905a 40a75713 srai             x14, x14, 0x40a     x14=fffffffa x14:ffffea85
27018621ns          468281 1c00905c 806787db p.muls           x15, x15, x6        x15=fffffea1 x15:0000ffe5  x6:0000000d
27018661ns          468283 1c009060 40a6d693 srai             x13, x13, 0x40a     x13=ffffffee x13:ffffbb72
27018701ns          468285 1c009062 8065865b p.muls           x12, x11, x6        x12=000004e0 x11:00000060  x6:0000000d
27018721ns          468286 1c009066 40a7d793 srai             x15, x15, 0x40a     x15=ffffffff x15:fffffea1
27018740ns          468287 1c009068 40a65613 srai             x12, x12, 0x40a     x12=00000001 x12:000004e0
27018760ns          468288 1c00906a 01d70733 add              x14, x14, x29       x14=00000421 x14:fffffffa x29:00000427
27018780ns          468289 1c00906c 01c686b3 add              x13, x13, x28       x13=0000006d x13:ffffffee x28:0000007f
27018800ns          468290 1c00906e 00c686b3 add              x13, x13, x12       x13=0000006e x13:0000006d x12:00000001
27018820ns          468291 1c009070 00f70733 add              x14, x14, x15       x14=00000420 x14:00000421 x15:ffffffff
27018840ns          468292 1c009072 100747b3 p.exths          x15, x14, x0        x15=00000420 x14:00000420
27018860ns          468293 1c009076 1006c733 p.exths          x14, x13, x0        x14=0000006e x13:0000006e
27018880ns          468294 1c00907a 03170633 mul              x12, x14, x17       x12=0000943e x14:0000006e x17:00000159
27018900ns          468295 1c00907e 030786b3 mul              x13, x15, x16       x13=0000b160 x15:00000420 x16:0000002b
27018919ns          468296 1c009082 03070733 mul              x14, x14, x16       x14=0000127a x14:0000006e x16:0000002b
27018939ns          468297 1c009086 031787b3 mul              x15, x15, x17       x15=00058f20 x15:00000420 x17:00000159
27018959ns          468298 1c00908a 40a6d693 srai             x13, x13, 0x40a     x13=0000002c x13:0000b160
27018979ns          468299 1c00908c 40a65613 srai             x12, x12, 0x40a     x12=00000025 x12:0000943e
27018999ns          468300 1c00908e 40a7d793 srai             x15, x15, 0x40a     x15=00000163 x15:00058f20
27019019ns          468301 1c009090 40a75713 srai             x14, x14, 0x40a     x14=00000004 x14:0000127a
27019039ns          468302 1c009092 40c686b3 sub              x13, x13, x12       x13=00000007 x13:0000002c x12:00000025
27019059ns          468303 1c009094 00e787b3 add              x15, x15, x14       x15=00000167 x15:00000163 x14:00000004
27019079ns          468304 1c009096 00d51823 sh               x13, 16(x10)        x13:00000007 x10:10000fa4  PA:10000fb4
27019098ns          468305 1c00909a 00f51923 sh               x15, 18(x10)        x15:00000167 x10:10000fa4  PA:10000fb6
27019118ns          468306 1c00909e 00008067 jalr             x0, x1, 0            x1:1c0093e8
27019158ns          468308 1c0093e8 2dc15583 lhu              x11, 732(x2)        x11=00000007  x2:10000cd8  PA:10000fb4
27019178ns          468309 1c0093ec 2de15783 lhu              x15, 734(x2)        x15=00000167  x2:10000cd8  PA:10000fb6
27019218ns          468311 1c0093f0 40b90933 sub              x18, x18, x11       x18=0000003e x18:00000045 x11:00000007
27019238ns          468312 1c0093f4 40f484b3 sub              x9, x9, x15          x9=ffffffeb  x9:00000152 x15:00000167
27019258ns          468313 1c0093f6 100945b3 p.exths          x11, x18, x0        x11=0000003e x18:0000003e
27019277ns          468314 1c0093fa 1004c7b3 p.exths          x15, x9, x0         x15=ffffffeb  x9:ffffffeb
27019297ns          468315 1c0093fe 034586b3 mul              x13, x11, x20       x13=00000a6a x11:0000003e x20:0000002b
27019317ns          468316 1c009402 03378533 mul              x10, x15, x19       x10=ffffe3b3 x15:ffffffeb x19:00000159
27019337ns          468317 1c009406 034a0633 mul              x12, x20, x20       x12=00000739 x20:0000002b x20:0000002b
27019357ns          468318 1c00940a 03398733 mul              x14, x19, x19       x14=0001d0f1 x19:00000159 x19:00000159
27019377ns          468319 1c00940e 034787b3 mul              x15, x15, x20       x15=fffffc79 x15:ffffffeb x20:0000002b
27019397ns          468320 1c009412 033585b3 mul              x11, x11, x19       x11=0000538e x11:0000003e x19:00000159
27019417ns          468321 1c009416 40a75713 srai             x14, x14, 0x40a     x14=00000074 x14:0001d0f1
27019437ns          468322 1c009418 40a5d593 srai             x11, x11, 0x40a     x11=00000014 x11:0000538e
27019456ns          468323 1c00941a 40a65613 srai             x12, x12, 0x40a     x12=00000001 x12:00000739
27019476ns          468324 1c00941c 40a7d793 srai             x15, x15, 0x40a     x15=ffffffff x15:fffffc79
27019496ns          468325 1c00941e 1c0034b7 lui              x9, 0x1c003000       x9=1c003000
27019516ns          468326 1c009422 00e60633 add              x12, x12, x14       x12=00000075 x12:00000001 x14:00000074
27019536ns          468327 1c009424 40b787b3 sub              x15, x15, x11       x15=ffffffeb x15:ffffffff x11:00000014
27019556ns          468328 1c009426 eb048493 addi             x9, x9, -336         x9=1c002eb0  x9:1c003000
27019576ns          468329 1c00942a 1c0032b7 lui              x5, 0x1c003000       x5=1c003000
27019596ns          468330 1c00942e 1c0035b7 lui              x11, 0x1c003000     x11=1c003000
27019616ns          468331 1c009432 018483b3 add              x7, x9, x24          x7=1c002eb2  x9:1c002eb0 x24:00000002
27019635ns          468332 1c009436 02812e83 lw               x29, 40(x2)         x29=1c002ec2  x2:10000cd8  PA:10000d00
27019655ns          468333 1c009438 10065633 p.exthz          x12, x12, x0        x12=00000075 x12:00000075
27019675ns          468334 1c00943c e8028293 addi             x5, x5, -384         x5=1c002e80  x5:1c003000
27019695ns          468335 1c009440 ea058593 addi             x11, x11, -352      x11=1c002ea0 x11:1c003000
27019715ns          468336 1c009444 03812483 lw               x9, 56(x2)           x9=1c002ee2  x2:10000cd8  PA:10000d10
27019735ns          468337 1c009446 10064733 p.exths          x14, x12, x0        x14=00000075 x12:00000075
27019755ns          468338 1c00944a 018280b3 add              x1, x5, x24          x1=1c002e82  x5:1c002e80 x24:00000002
27019775ns          468339 1c00944e 03012f03 lw               x30, 48(x2)         x30=1c002ed2  x2:10000cd8  PA:10000d08
27019795ns          468340 1c009450 018582b3 add              x5, x11, x24         x5=1c002ea2 x11:1c002ea0 x24:00000002
27019814ns          468341 1c009454 04012583 lw               x11, 64(x2)         x11=1c002ef2  x2:10000cd8  PA:10000d18
27019834ns          468342 1c009456 000edd83 lhu              x27, 0(x29)         x27=00000fe1 x29:1c002ec2  PA:1c002ec2
27020133ns          468357 1c00945a 0004d483 lhu              x9, 0(x9)            x9=00000136  x9:1c002ee2  PA:1c002ee2
27020471ns          468374 1c00945e 02e70333 mul              x6, x14, x14         x6=00003579 x14:00000075 x14:00000075
27020491ns          468375 1c009462 40a55513 srai             x10, x10, 0x40a     x10=fffffff8 x10:ffffe3b3
27020511ns          468376 1c009464 04812e83 lw               x29, 72(x2)         x29=1c002f02  x2:10000cd8  PA:10000d20
27020530ns          468377 1c009466 40a6d693 srai             x13, x13, 0x40a     x13=00000002 x13:00000a6a
27020550ns          468378 1c009468 000f5d03 lhu              x26, 0(x30)         x26=000003e6 x30:1c002ed2  PA:1c002ed2
27020908ns          468396 1c00946c 0005d583 lhu              x11, 0(x11)         x11=00000070 x11:1c002ef2  PA:1c002ef2
27021246ns          468413 1c009470 40a35313 srai             x6, x6, 0x40a        x6=0000000d  x6:00003579
27021266ns          468414 1c009474 00a686b3 add              x13, x13, x10       x13=fffffffa x13:00000002 x10:fffffff8
27021286ns          468415 1c009476 05012f03 lw               x30, 80(x2)         x30=1c002e72  x2:10000cd8  PA:10000d28
27021306ns          468416 1c009478 10034e33 p.exths          x28, x6, x0         x28=0000000d  x6:0000000d
27021326ns          468417 1c00947c 06911023 sh               x9, 96(x2)           x9:00000136  x2:10000cd8  PA:10000d38
27021346ns          468418 1c009480 000ede83 lhu              x29, 0(x29)         x29=0000002b x29:1c002f02  PA:1c002f02
27021684ns          468435 1c009484 05812483 lw               x9, 88(x2)           x9=1c002e62  x2:10000cd8  PA:10000d30
27021704ns          468436 1c009486 1006d6b3 p.exthz          x13, x13, x0        x13=0000fffa x13:fffffffa
27021724ns          468437 1c00948a 02ee08b3 mul              x17, x28, x14       x17=000005f1 x28:0000000d x14:00000075
27021744ns          468438 1c00948e 1006c833 p.exths          x16, x13, x0        x16=fffffffa x13:0000fffa
27021763ns          468439 1c009492 06b11823 sh               x11, 112(x2)        x11:00000070  x2:10000cd8  PA:10000d48
27021783ns          468440 1c009496 000f5f03 lhu              x30, 0(x30)         x30=0000ff3e x30:1c002e72  PA:1c002e72
27022082ns          468455 1c00949a 0a012583 lw               x11, 160(x2)        x11=1c002e92  x2:10000cd8  PA:10000d78
27022102ns          468456 1c00949c 1007d7b3 p.exthz          x15, x15, x0        x15=0000ffeb x15:ffffffeb
27022121ns          468457 1c0094a0 0004da03 lhu              x20, 0(x9)          x20=0000fc5e  x9:1c002e62  PA:1c002e62
27022420ns          468472 1c0094a4 1007c533 p.exths          x10, x15, x0        x10=ffffffeb x15:0000ffeb
27022440ns          468473 1c0094a8 09d11023 sh               x29, 128(x2)        x29:0000002b  x2:10000cd8  PA:10000d58
27022460ns          468474 1c0094ac 0003d483 lhu              x9, 0(x7)            x9=0000ffdd  x7:1c002eb2  PA:1c002eb2
27022758ns          468489 1c0094b0 02e80eb3 mul              x29, x16, x14       x29=fffffd42 x16:fffffffa x14:00000075
27022778ns          468490 1c0094b4 40a8d893 srai             x17, x17, 0x40a     x17=00000001 x17:000005f1
27022798ns          468491 1c0094b8 03c80833 mul              x16, x16, x28       x16=ffffffb2 x16:fffffffa x28:0000000d
27022818ns          468492 1c0094bc 09e11823 sh               x30, 144(x2)        x30:0000ff3e  x2:10000cd8  PA:10000d68
27022837ns          468493 1c0094c0 0005d983 lhu              x19, 0(x11)         x19=0000ffb8 x11:1c002e92  PA:1c002e92
27023235ns          468513 1c0094c4 81c88f5b p.muls           x30, x17, x28       x30=0000000d x17:00000001 x28:0000000d
27023255ns          468514 1c0094c8 0002d583 lhu              x11, 0(x5)          x11=0000ff9e  x5:1c002ea2  PA:1c002ea2
27023553ns          468529 1c0094cc 03ce0fb3 mul              x31, x28, x28       x31=000000a9 x28:0000000d x28:0000000d
27023573ns          468530 1c0094d0 02e50733 mul              x14, x10, x14       x14=fffff667 x10:ffffffeb x14:00000075
27023593ns          468531 1c0094d4 40a85813 srai             x16, x16, 0x40a     x16=ffffffff x16:ffffffb2
27023613ns          468532 1c0094d8 03c50533 mul              x10, x10, x28       x10=fffffeef x10:ffffffeb x28:0000000d
27023633ns          468533 1c0094dc 07015e03 lhu              x28, 112(x2)        x28=00000070  x2:10000cd8  PA:10000d48
27023673ns          468535 1c0094e0 01b60633 add              x12, x12, x27       x12=00001056 x12:00000075 x27:00000fe1
27023693ns          468536 1c0094e2 00980833 add              x16, x16, x9        x16=0000ffdc x16:ffffffff  x9:0000ffdd
27023712ns          468537 1c0094e4 06015d83 lhu              x27, 96(x2)         x27=00000136  x2:10000cd8  PA:10000d38
27023732ns          468538 1c0094e8 02812483 lw               x9, 40(x2)           x9=1c002ec2  x2:10000cd8  PA:10000d00
27023752ns          468539 1c0094ea 40afdf93 srai             x31, x31, 0x40a     x31=00000000 x31:000000a9
27023772ns          468540 1c0094ee 40a55513 srai             x10, x10, 0x40a     x10=ffffffff x10:fffffeef
27023792ns          468541 1c0094f0 01cf8fb3 add              x31, x31, x28       x31=00000070 x31:00000000 x28:00000070
27023812ns          468542 1c0094f2 00b50533 add              x10, x10, x11       x10=0000ff9d x10:ffffffff x11:0000ff9e
27023832ns          468543 1c0094f4 09015e03 lhu              x28, 144(x2)        x28=0000ff3e  x2:10000cd8  PA:10000d68
27023852ns          468544 1c0094f8 03012583 lw               x11, 48(x2)         x11=1c002ed2  x2:10000cd8  PA:10000d08
27023872ns          468545 1c0094fa 00c49023 sh               x12, 0(x9)          x12:00001056  x9:1c002ec2  PA:1c002ec2
27024190ns          468561 1c0094fe 01b888b3 add              x17, x17, x27       x17=00000137 x17:00000001 x27:00000136
27024210ns          468562 1c009500 01a30333 add              x6, x6, x26          x6=000003f3  x6:0000000d x26:000003e6
27024230ns          468563 1c009502 08015d83 lhu              x27, 128(x2)        x27=0000002b  x2:10000cd8  PA:10000d58
27024249ns          468564 1c009506 0000d903 lhu              x18, 0(x1)          x18=0000fefc  x1:1c002e82  PA:1c002e82
27024548ns          468579 1c00950a 01c686b3 add              x13, x13, x28       x13=0001ff38 x13:0000fffa x28:0000ff3e
27024568ns          468580 1c00950c 00659023 sh               x6, 0(x11)           x6:000003f3 x11:1c002ed2  PA:1c002ed2
27024906ns          468597 1c009510 40af5f13 srai             x30, x30, 0x40a     x30=00000000 x30:0000000d
27024926ns          468598 1c009514 04812e03 lw               x28, 72(x2)         x28=1c002f02  x2:10000cd8  PA:10000d20
27024946ns          468599 1c009516 01bf0f33 add              x30, x30, x27       x30=0000002b x30:00000000 x27:0000002b
27024965ns          468600 1c009518 40aede93 srai             x29, x29, 0x40a     x29=ffffffff x29:fffffd42
27024985ns          468601 1c00951c 40a75713 srai             x14, x14, 0x40a     x14=fffffffd x14:fffff667
27025005ns          468602 1c00951e 03812603 lw               x12, 56(x2)         x12=1c002ee2  x2:10000cd8  PA:10000d10
27025025ns          468603 1c009520 04012d83 lw               x27, 64(x2)         x27=1c002ef2  x2:10000cd8  PA:10000d18
27025045ns          468604 1c009522 01ee1023 sh               x30, 0(x28)         x30:0000002b x28:1c002f02  PA:1c002f02
27025363ns          468620 1c009526 05812483 lw               x9, 88(x2)           x9=1c002e62  x2:10000cd8  PA:10000d30
27025383ns          468621 1c009528 05012f03 lw               x30, 80(x2)         x30=1c002e72  x2:10000cd8  PA:10000d28
27025403ns          468622 1c00952a 0a012583 lw               x11, 160(x2)        x11=1c002e92  x2:10000cd8  PA:10000d78
27025423ns          468623 1c00952c 014787b3 add              x15, x15, x20       x15=0001fc49 x15:0000ffeb x20:0000fc5e
27025443ns          468624 1c00952e 013e8eb3 add              x29, x29, x19       x29=0000ffb7 x29:ffffffff x19:0000ffb8
27025463ns          468625 1c009530 01270733 add              x14, x14, x18       x14=0000fef9 x14:fffffffd x18:0000fefc
27025483ns          468626 1c009532 00f49023 sh               x15, 0(x9)          x15:0001fc49  x9:1c002e62  PA:1c002e62
27025821ns          468643 1c009536 01161023 sh               x17, 0(x12)         x17:00000137 x12:1c002ee2  PA:1c002ee2
27026139ns          468659 1c00953a 01fd9023 sh               x31, 0(x27)         x31:00000070 x27:1c002ef2  PA:1c002ef2
27026477ns          468676 1c00953e 00df1023 sh               x13, 0(x30)         x13:0001ff38 x30:1c002e72  PA:1c002e72
27026795ns          468692 1c009542 01d59023 sh               x29, 0(x11)         x29:0000ffb7 x11:1c002e92  PA:1c002e92
27027113ns          468708 1c009546 00e09023 sh               x14, 0(x1)          x14:0000fef9  x1:1c002e82  PA:1c002e82
27027432ns          468724 1c00954a 01039023 sh               x16, 0(x7)          x16:0000ffdc  x7:1c002eb2  PA:1c002eb2
27027750ns          468740 1c00954e 00a29023 sh               x10, 0(x5)          x10:0000ff9d  x5:1c002ea2  PA:1c002ea2
27028068ns          468756 1c009552 008b0b13 addi             x22, x22, 8         x22=000000d1 x22:000000c9
27028088ns          468757 1c009554 1f300793 addi             x15, x0, 499        x15=000001f3
27028108ns          468758 1c009558 e767dae3 bge              x15, x22, -396      x15:000001f3 x22:000000d1
27028167ns          468761 1c0093cc 010c9a0b p.lh             x20, 16(x25!)       x20=000000fe x25=1c00283a x25:1c00282a  PA:1c00282a
27028525ns          468779 1c0093d0 0104198b p.lh             x19, 16(x8!)        x19=ffffff61  x8=1c002002  x8:1c001ff2  PA:1c001ff2
27028824ns          468794 1c0093d4 2cc10513 addi             x10, x2, 716        x10=10000fa4  x2:10000cd8
27028844ns          468795 1c0093d6 010a990b p.lh             x18, 16(x21!)       x18=000000f5 x21=1c00182e x21:1c00181e  PA:1c00181e
27029142ns          468810 1c0093da 010b948b p.lh             x9, 16(x23!)         x9=ffffff4c x23=1c00105e x23:1c00104e  PA:1c00104e
27029460ns          468826 1c0093de 2d411623 sh               x20, 716(x2)        x20:000000fe  x2:10000cd8  PA:10000fa4
27029520ns          468829 1c0093e2 2d311723 sh               x19, 718(x2)        x19:ffffff61  x2:10000cd8  PA:10000fa6
27029579ns          468832 1c0093e6 c33ff0ef jal              x1, -974             x1=1c0093e8
27029599ns          468833 1c009018 00051803 lh               x16, 0(x10)         x16=000000fe x10:10000fa4  PA:10000fa4
27029639ns          468835 1c00901c 00251883 lh               x17, 2(x10)         x17=ffffff61 x10:10000fa4  PA:10000fa6
27029659ns          468836 1c009020 030806b3 mul              x13, x16, x16       x13=0000fc04 x16:000000fe x16:000000fe
27029679ns          468837 1c009024 03188633 mul              x12, x17, x17       x12=000062c1 x17:ffffff61 x17:ffffff61
27029699ns          468838 1c009028 40a65613 srai             x12, x12, 0x40a     x12=00000018 x12:000062c1
27029719ns          468839 1c00902a 40a6d693 srai             x13, x13, 0x40a     x13=0000003f x13:0000fc04
27029739ns          468840 1c00902c 00c686b3 add              x13, x13, x12       x13=00000057 x13:0000003f x12:00000018
27029758ns          468841 1c00902e 1006c633 p.exths          x12, x13, x0        x12=00000057 x13:00000057
27029778ns          468842 1c009032 00855703 lhu              x14, 8(x10)         x14=0000ffd1 x10:10000fa4  PA:10000fac
27029798ns          468843 1c009036 00a55683 lhu              x13, 10(x10)        x13=0000ff6a x10:10000fa4  PA:10000fae
27029818ns          468844 1c00903a 02c60333 mul              x6, x12, x12         x6=00001d91 x12:00000057 x12:00000057
27029878ns          468847 1c00903e 00c55783 lhu              x15, 12(x10)        x15=0000ffe5 x10:10000fa4  PA:10000fb0
27029918ns          468849 1c009042 00e55583 lhu              x11, 14(x10)        x11=00000060 x10:10000fa4  PA:10000fb2
27029937ns          468850 1c009046 dea30333 p.extract        x6, x6, 15, 10       x6=00000007  x6:00001d91
27029957ns          468851 1c00904a 80c7075b p.muls           x14, x14, x12       x14=fffff007 x14:0000ffd1 x12:00000057
27029977ns          468852 1c00904e 80c686db p.muls           x13, x13, x12       x13=ffffcd06 x13:0000ff6a x12:00000057
27029997ns          468853 1c009052 00455e83 lhu              x29, 4(x10)         x29=00000427 x10:10000fa4  PA:10000fa8
27030017ns          468854 1c009056 00655e03 lhu              x28, 6(x10)         x28=0000007f x10:10000fa4  PA:10000faa
27030037ns          468855 1c00905a 40a75713 srai             x14, x14, 0x40a     x14=fffffffc x14:fffff007
27030057ns          468856 1c00905c 806787db p.muls           x15, x15, x6        x15=ffffff43 x15:0000ffe5  x6:00000007
27030097ns          468858 1c009060 40a6d693 srai             x13, x13, 0x40a     x13=fffffff3 x13:ffffcd06
27030136ns          468860 1c009062 8065865b p.muls           x12, x11, x6        x12=000002a0 x11:00000060  x6:00000007
27030156ns          468861 1c009066 40a7d793 srai             x15, x15, 0x40a     x15=ffffffff x15:ffffff43
27030176ns          468862 1c009068 40a65613 srai             x12, x12, 0x40a     x12=00000000 x12:000002a0
27030196ns          468863 1c00906a 01d70733 add              x14, x14, x29       x14=00000423 x14:fffffffc x29:00000427
27030216ns          468864 1c00906c 01c686b3 add              x13, x13, x28       x13=00000072 x13:fffffff3 x28:0000007f
27030236ns          468865 1c00906e 00c686b3 add              x13, x13, x12       x13=00000072 x13:00000072 x12:00000000
27030256ns          468866 1c009070 00f70733 add              x14, x14, x15       x14=00000422 x14:00000423 x15:ffffffff
27030276ns          468867 1c009072 100747b3 p.exths          x15, x14, x0        x15=00000422 x14:00000422
27030295ns          468868 1c009076 1006c733 p.exths          x14, x13, x0        x14=00000072 x13:00000072
27030315ns          468869 1c00907a 03170633 mul              x12, x14, x17       x12=ffffb932 x14:00000072 x17:ffffff61
27030335ns          468870 1c00907e 030786b3 mul              x13, x15, x16       x13=000419bc x15:00000422 x16:000000fe
27030355ns          468871 1c009082 03070733 mul              x14, x14, x16       x14=0000711c x14:00000072 x16:000000fe
27030375ns          468872 1c009086 031787b3 mul              x15, x15, x17       x15=fffd6ee2 x15:00000422 x17:ffffff61
27030395ns          468873 1c00908a 40a6d693 srai             x13, x13, 0x40a     x13=00000106 x13:000419bc
27030415ns          468874 1c00908c 40a65613 srai             x12, x12, 0x40a     x12=ffffffee x12:ffffb932
27030435ns          468875 1c00908e 40a7d793 srai             x15, x15, 0x40a     x15=ffffff5b x15:fffd6ee2
27030455ns          468876 1c009090 40a75713 srai             x14, x14, 0x40a     x14=0000001c x14:0000711c
27030474ns          468877 1c009092 40c686b3 sub              x13, x13, x12       x13=00000118 x13:00000106 x12:ffffffee
27030494ns          468878 1c009094 00e787b3 add              x15, x15, x14       x15=ffffff77 x15:ffffff5b x14:0000001c
27030514ns          468879 1c009096 00d51823 sh               x13, 16(x10)        x13:00000118 x10:10000fa4  PA:10000fb4
27030534ns          468880 1c00909a 00f51923 sh               x15, 18(x10)        x15:ffffff77 x10:10000fa4  PA:10000fb6
27030554ns          468881 1c00909e 00008067 jalr             x0, x1, 0            x1:1c0093e8
27030634ns          468885 1c0093e8 2dc15583 lhu              x11, 732(x2)        x11=00000118  x2:10000cd8  PA:10000fb4
27030653ns          468886 1c0093ec 2de15783 lhu              x15, 734(x2)        x15=0000ff77  x2:10000cd8  PA:10000fb6
27030673ns          468887 1c0093f0 40b90933 sub              x18, x18, x11       x18=ffffffdd x18:000000f5 x11:00000118
27030693ns          468888 1c0093f4 40f484b3 sub              x9, x9, x15          x9=fffeffd5  x9:ffffff4c x15:0000ff77
27030713ns          468889 1c0093f6 100945b3 p.exths          x11, x18, x0        x11=ffffffdd x18:ffffffdd
27030733ns          468890 1c0093fa 1004c7b3 p.exths          x15, x9, x0         x15=ffffffd5  x9:fffeffd5
27030753ns          468891 1c0093fe 034586b3 mul              x13, x11, x20       x13=ffffdd46 x11:ffffffdd x20:000000fe
27030773ns          468892 1c009402 03378533 mul              x10, x15, x19       x10=00001ab5 x15:ffffffd5 x19:ffffff61
27030793ns          468893 1c009406 034a0633 mul              x12, x20, x20       x12=0000fc04 x20:000000fe x20:000000fe
27030812ns          468894 1c00940a 03398733 mul              x14, x19, x19       x14=000062c1 x19:ffffff61 x19:ffffff61
27030832ns          468895 1c00940e 034787b3 mul              x15, x15, x20       x15=ffffd556 x15:ffffffd5 x20:000000fe
27030852ns          468896 1c009412 033585b3 mul              x11, x11, x19       x11=000015bd x11:ffffffdd x19:ffffff61
27030872ns          468897 1c009416 40a75713 srai             x14, x14, 0x40a     x14=00000018 x14:000062c1
27030892ns          468898 1c009418 40a5d593 srai             x11, x11, 0x40a     x11=00000005 x11:000015bd
27030912ns          468899 1c00941a 40a65613 srai             x12, x12, 0x40a     x12=0000003f x12:0000fc04
27030932ns          468900 1c00941c 40a7d793 srai             x15, x15, 0x40a     x15=fffffff5 x15:ffffd556
27030952ns          468901 1c00941e 1c0034b7 lui              x9, 0x1c003000       x9=1c003000
27030972ns          468902 1c009422 00e60633 add              x12, x12, x14       x12=00000057 x12:0000003f x14:00000018
27030991ns          468903 1c009424 40b787b3 sub              x15, x15, x11       x15=fffffff0 x15:fffffff5 x11:00000005
27031011ns          468904 1c009426 eb048493 addi             x9, x9, -336         x9=1c002eb0  x9:1c003000
27031031ns          468905 1c00942a 1c0032b7 lui              x5, 0x1c003000       x5=1c003000
27031051ns          468906 1c00942e 1c0035b7 lui              x11, 0x1c003000     x11=1c003000
27031071ns          468907 1c009432 018483b3 add              x7, x9, x24          x7=1c002eb2  x9:1c002eb0 x24:00000002
27031091ns          468908 1c009436 02812e83 lw               x29, 40(x2)         x29=1c002ec2  x2:10000cd8  PA:10000d00
27031111ns          468909 1c009438 10065633 p.exthz          x12, x12, x0        x12=00000057 x12:00000057
27031131ns          468910 1c00943c e8028293 addi             x5, x5, -384         x5=1c002e80  x5:1c003000
27031151ns          468911 1c009440 ea058593 addi             x11, x11, -352      x11=1c002ea0 x11:1c003000
27031190ns          468913 1c009444 03812483 lw               x9, 56(x2)           x9=1c002ee2  x2:10000cd8  PA:10000d10
27031210ns          468914 1c009446 10064733 p.exths          x14, x12, x0        x14=00000057 x12:00000057
27031230ns          468915 1c00944a 018280b3 add              x1, x5, x24          x1=1c002e82  x5:1c002e80 x24:00000002
27031250ns          468916 1c00944e 03012f03 lw               x30, 48(x2)         x30=1c002ed2  x2:10000cd8  PA:10000d08
27031270ns          468917 1c009450 018582b3 add              x5, x11, x24         x5=1c002ea2 x11:1c002ea0 x24:00000002
27031290ns          468918 1c009454 04012583 lw               x11, 64(x2)         x11=1c002ef2  x2:10000cd8  PA:10000d18
27031310ns          468919 1c009456 000edd83 lhu              x27, 0(x29)         x27=00001056 x29:1c002ec2  PA:1c002ec2
27031608ns          468934 1c00945a 0004d483 lhu              x9, 0(x9)            x9=00000137  x9:1c002ee2  PA:1c002ee2
27031906ns          468949 1c00945e 02e70333 mul              x6, x14, x14         x6=00001d91 x14:00000057 x14:00000057
27031926ns          468950 1c009462 40a55513 srai             x10, x10, 0x40a     x10=00000006 x10:00001ab5
27031946ns          468951 1c009464 04812e83 lw               x29, 72(x2)         x29=1c002f02  x2:10000cd8  PA:10000d20
27031966ns          468952 1c009466 40a6d693 srai             x13, x13, 0x40a     x13=fffffff7 x13:ffffdd46
27031986ns          468953 1c009468 000f5d03 lhu              x26, 0(x30)         x26=000003f3 x30:1c002ed2  PA:1c002ed2
27032304ns          468969 1c00946c 0005d583 lhu              x11, 0(x11)         x11=00000070 x11:1c002ef2  PA:1c002ef2
27032602ns          468984 1c009470 40a35313 srai             x6, x6, 0x40a        x6=00000007  x6:00001d91
27032622ns          468985 1c009474 00a686b3 add              x13, x13, x10       x13=fffffffd x13:fffffff7 x10:00000006
27032642ns          468986 1c009476 05012f03 lw               x30, 80(x2)         x30=1c002e72  x2:10000cd8  PA:10000d28
27032662ns          468987 1c009478 10034e33 p.exths          x28, x6, x0         x28=00000007  x6:00000007
27032682ns          468988 1c00947c 06911023 sh               x9, 96(x2)           x9:00000137  x2:10000cd8  PA:10000d38
27032702ns          468989 1c009480 000ede83 lhu              x29, 0(x29)         x29=0000002b x29:1c002f02  PA:1c002f02
27033000ns          469004 1c009484 05812483 lw               x9, 88(x2)           x9=1c002e62  x2:10000cd8  PA:10000d30
27033020ns          469005 1c009486 1006d6b3 p.exthz          x13, x13, x0        x13=0000fffd x13:fffffffd
27033040ns          469006 1c00948a 02ee08b3 mul              x17, x28, x14       x17=00000261 x28:00000007 x14:00000057
27033060ns          469007 1c00948e 1006c833 p.exths          x16, x13, x0        x16=fffffffd x13:0000fffd
27033080ns          469008 1c009492 06b11823 sh               x11, 112(x2)        x11:00000070  x2:10000cd8  PA:10000d48
27033100ns          469009 1c009496 000f5f03 lhu              x30, 0(x30)         x30=0000ff38 x30:1c002e72  PA:1c002e72
27033398ns          469024 1c00949a 0a012583 lw               x11, 160(x2)        x11=1c002e92  x2:10000cd8  PA:10000d78
27033418ns          469025 1c00949c 1007d7b3 p.exthz          x15, x15, x0        x15=0000fff0 x15:fffffff0
27033438ns          469026 1c0094a0 0004da03 lhu              x20, 0(x9)          x20=0000fc49  x9:1c002e62  PA:1c002e62
27033756ns          469042 1c0094a4 1007c533 p.exths          x10, x15, x0        x10=fffffff0 x15:0000fff0
27033776ns          469043 1c0094a8 09d11023 sh               x29, 128(x2)        x29:0000002b  x2:10000cd8  PA:10000d58
27033796ns          469044 1c0094ac 0003d483 lhu              x9, 0(x7)            x9=0000ffdc  x7:1c002eb2  PA:1c002eb2
27034094ns          469059 1c0094b0 02e80eb3 mul              x29, x16, x14       x29=fffffefb x16:fffffffd x14:00000057
27034114ns          469060 1c0094b4 40a8d893 srai             x17, x17, 0x40a     x17=00000000 x17:00000261
27034134ns          469061 1c0094b8 03c80833 mul              x16, x16, x28       x16=ffffffeb x16:fffffffd x28:00000007
27034154ns          469062 1c0094bc 09e11823 sh               x30, 144(x2)        x30:0000ff38  x2:10000cd8  PA:10000d68
27034174ns          469063 1c0094c0 0005d983 lhu              x19, 0(x11)         x19=0000ffb7 x11:1c002e92  PA:1c002e92
27034532ns          469081 1c0094c4 81c88f5b p.muls           x30, x17, x28       x30=00000000 x17:00000000 x28:00000007
27034551ns          469082 1c0094c8 0002d583 lhu              x11, 0(x5)          x11=0000ff9d  x5:1c002ea2  PA:1c002ea2
27034850ns          469097 1c0094cc 03ce0fb3 mul              x31, x28, x28       x31=00000031 x28:00000007 x28:00000007
27034870ns          469098 1c0094d0 02e50733 mul              x14, x10, x14       x14=fffffa90 x10:fffffff0 x14:00000057
27034890ns          469099 1c0094d4 40a85813 srai             x16, x16, 0x40a     x16=ffffffff x16:ffffffeb
27034909ns          469100 1c0094d8 03c50533 mul              x10, x10, x28       x10=ffffff90 x10:fffffff0 x28:00000007
27034929ns          469101 1c0094dc 07015e03 lhu              x28, 112(x2)        x28=00000070  x2:10000cd8  PA:10000d48
27034949ns          469102 1c0094e0 01b60633 add              x12, x12, x27       x12=000010ad x12:00000057 x27:00001056
27034969ns          469103 1c0094e2 00980833 add              x16, x16, x9        x16=0000ffdb x16:ffffffff  x9:0000ffdc
27034989ns          469104 1c0094e4 06015d83 lhu              x27, 96(x2)         x27=00000137  x2:10000cd8  PA:10000d38
27035009ns          469105 1c0094e8 02812483 lw               x9, 40(x2)           x9=1c002ec2  x2:10000cd8  PA:10000d00
27035029ns          469106 1c0094ea 40afdf93 srai             x31, x31, 0x40a     x31=00000000 x31:00000031
27035049ns          469107 1c0094ee 40a55513 srai             x10, x10, 0x40a     x10=ffffffff x10:ffffff90
27035069ns          469108 1c0094f0 01cf8fb3 add              x31, x31, x28       x31=00000070 x31:00000000 x28:00000070
27035088ns          469109 1c0094f2 00b50533 add              x10, x10, x11       x10=0000ff9c x10:ffffffff x11:0000ff9d
27035108ns          469110 1c0094f4 09015e03 lhu              x28, 144(x2)        x28=0000ff38  x2:10000cd8  PA:10000d68
27035128ns          469111 1c0094f8 03012583 lw               x11, 48(x2)         x11=1c002ed2  x2:10000cd8  PA:10000d08
27035148ns          469112 1c0094fa 00c49023 sh               x12, 0(x9)          x12:000010ad  x9:1c002ec2  PA:1c002ec2
27035566ns          469133 1c0094fe 01b888b3 add              x17, x17, x27       x17=00000137 x17:00000000 x27:00000137
27035586ns          469134 1c009500 01a30333 add              x6, x6, x26          x6=000003fa  x6:00000007 x26:000003f3
27035606ns          469135 1c009502 08015d83 lhu              x27, 128(x2)        x27=0000002b  x2:10000cd8  PA:10000d58
27035625ns          469136 1c009506 0000d903 lhu              x18, 0(x1)          x18=0000fef9  x1:1c002e82  PA:1c002e82
27035924ns          469151 1c00950a 01c686b3 add              x13, x13, x28       x13=0001ff35 x13:0000fffd x28:0000ff38
27035944ns          469152 1c00950c 00659023 sh               x6, 0(x11)           x6:000003fa x11:1c002ed2  PA:1c002ed2
27036282ns          469169 1c009510 40af5f13 srai             x30, x30, 0x40a     x30=00000000 x30:00000000
27036302ns          469170 1c009514 04812e03 lw               x28, 72(x2)         x28=1c002f02  x2:10000cd8  PA:10000d20
27036321ns          469171 1c009516 01bf0f33 add              x30, x30, x27       x30=0000002b x30:00000000 x27:0000002b
27036341ns          469172 1c009518 40aede93 srai             x29, x29, 0x40a     x29=ffffffff x29:fffffefb
27036361ns          469173 1c00951c 40a75713 srai             x14, x14, 0x40a     x14=fffffffe x14:fffffa90
27036381ns          469174 1c00951e 03812603 lw               x12, 56(x2)         x12=1c002ee2  x2:10000cd8  PA:10000d10
27036401ns          469175 1c009520 04012d83 lw               x27, 64(x2)         x27=1c002ef2  x2:10000cd8  PA:10000d18
27036421ns          469176 1c009522 01ee1023 sh               x30, 0(x28)         x30:0000002b x28:1c002f02  PA:1c002f02
27036739ns          469192 1c009526 05812483 lw               x9, 88(x2)           x9=1c002e62  x2:10000cd8  PA:10000d30
27036759ns          469193 1c009528 05012f03 lw               x30, 80(x2)         x30=1c002e72  x2:10000cd8  PA:10000d28
27036779ns          469194 1c00952a 0a012583 lw               x11, 160(x2)        x11=1c002e92  x2:10000cd8  PA:10000d78
27036799ns          469195 1c00952c 014787b3 add              x15, x15, x20       x15=0001fc39 x15:0000fff0 x20:0000fc49
27036819ns          469196 1c00952e 013e8eb3 add              x29, x29, x19       x29=0000ffb6 x29:ffffffff x19:0000ffb7
27036839ns          469197 1c009530 01270733 add              x14, x14, x18       x14=0000fef7 x14:fffffffe x18:0000fef9
27036858ns          469198 1c009532 00f49023 sh               x15, 0(x9)          x15:0001fc39  x9:1c002e62  PA:1c002e62
27037177ns          469214 1c009536 01161023 sh               x17, 0(x12)         x17:00000137 x12:1c002ee2  PA:1c002ee2
27037495ns          469230 1c00953a 01fd9023 sh               x31, 0(x27)         x31:00000070 x27:1c002ef2  PA:1c002ef2
27037813ns          469246 1c00953e 00df1023 sh               x13, 0(x30)         x13:0001ff35 x30:1c002e72  PA:1c002e72
27038131ns          469262 1c009542 01d59023 sh               x29, 0(x11)         x29:0000ffb6 x11:1c002e92  PA:1c002e92
27038449ns          469278 1c009546 00e09023 sh               x14, 0(x1)          x14:0000fef7  x1:1c002e82  PA:1c002e82
27038768ns          469294 1c00954a 01039023 sh               x16, 0(x7)          x16:0000ffdb  x7:1c002eb2  PA:1c002eb2
27039086ns          469310 1c00954e 00a29023 sh               x10, 0(x5)          x10:0000ff9c  x5:1c002ea2  PA:1c002ea2
27039404ns          469326 1c009552 008b0b13 addi             x22, x22, 8         x22=000000d9 x22:000000d1
27039424ns          469327 1c009554 1f300793 addi             x15, x0, 499        x15=000001f3
27039444ns          469328 1c009558 e767dae3 bge              x15, x22, -396      x15:000001f3 x22:000000d9
27039543ns          469333 1c0093cc 010c9a0b p.lh             x20, 16(x25!)       x20=ffffff24 x25=1c00284a x25:1c00283a  PA:1c00283a
27039842ns          469348 1c0093d0 0104198b p.lh             x19, 16(x8!)        x19=ffffff25  x8=1c002012  x8:1c002002  PA:1c002002
27040140ns          469363 1c0093d4 2cc10513 addi             x10, x2, 716        x10=10000fa4  x2:10000cd8
27040160ns          469364 1c0093d6 010a990b p.lh             x18, 16(x21!)       x18=ffffff1a x21=1c00183e x21:1c00182e  PA:1c00182e
27040458ns          469379 1c0093da 010b948b p.lh             x9, 16(x23!)         x9=ffffff37 x23=1c00106e x23:1c00105e  PA:1c00105e
27040856ns          469399 1c0093de 2d411623 sh               x20, 716(x2)        x20:ffffff24  x2:10000cd8  PA:10000fa4
27040896ns          469401 1c0093e2 2d311723 sh               x19, 718(x2)        x19:ffffff25  x2:10000cd8  PA:10000fa6
27040916ns          469402 1c0093e6 c33ff0ef jal              x1, -974             x1=1c0093e8
27040995ns          469406 1c009018 00051803 lh               x16, 0(x10)         x16=ffffff24 x10:10000fa4  PA:10000fa4
27041035ns          469408 1c00901c 00251883 lh               x17, 2(x10)         x17=ffffff25 x10:10000fa4  PA:10000fa6
27041075ns          469410 1c009020 030806b3 mul              x13, x16, x16       x13=0000bd10 x16:ffffff24 x16:ffffff24
27041095ns          469411 1c009024 03188633 mul              x12, x17, x17       x12=0000bb59 x17:ffffff25 x17:ffffff25
27041114ns          469412 1c009028 40a65613 srai             x12, x12, 0x40a     x12=0000002e x12:0000bb59
27041134ns          469413 1c00902a 40a6d693 srai             x13, x13, 0x40a     x13=0000002f x13:0000bd10
27041154ns          469414 1c00902c 00c686b3 add              x13, x13, x12       x13=0000005d x13:0000002f x12:0000002e
27041174ns          469415 1c00902e 1006c633 p.exths          x12, x13, x0        x12=0000005d x13:0000005d
27041194ns          469416 1c009032 00855703 lhu              x14, 8(x10)         x14=0000ffd1 x10:10000fa4  PA:10000fac
27041214ns          469417 1c009036 00a55683 lhu              x13, 10(x10)        x13=0000ff6a x10:10000fa4  PA:10000fae
27041234ns          469418 1c00903a 02c60333 mul              x6, x12, x12         x6=000021c9 x12:0000005d x12:0000005d
27041293ns          469421 1c00903e 00c55783 lhu              x15, 12(x10)        x15=0000ffe5 x10:10000fa4  PA:10000fb0
27041333ns          469423 1c009042 00e55583 lhu              x11, 14(x10)        x11=00000060 x10:10000fa4  PA:10000fb2
27041353ns          469424 1c009046 dea30333 p.extract        x6, x6, 15, 10       x6=00000008  x6:000021c9
27041373ns          469425 1c00904a 80c7075b p.muls           x14, x14, x12       x14=ffffeeed x14:0000ffd1 x12:0000005d
27041433ns          469428 1c00904e 80c686db p.muls           x13, x13, x12       x13=ffffc982 x13:0000ff6a x12:0000005d
27041472ns          469430 1c009052 00455e83 lhu              x29, 4(x10)         x29=00000427 x10:10000fa4  PA:10000fa8
27041492ns          469431 1c009056 00655e03 lhu              x28, 6(x10)         x28=0000007f x10:10000fa4  PA:10000faa
27041512ns          469432 1c00905a 40a75713 srai             x14, x14, 0x40a     x14=fffffffb x14:ffffeeed
27041532ns          469433 1c00905c 806787db p.muls           x15, x15, x6        x15=ffffff28 x15:0000ffe5  x6:00000008
27041552ns          469434 1c009060 40a6d693 srai             x13, x13, 0x40a     x13=fffffff2 x13:ffffc982
27041572ns          469435 1c009062 8065865b p.muls           x12, x11, x6        x12=00000300 x11:00000060  x6:00000008
27041592ns          469436 1c009066 40a7d793 srai             x15, x15, 0x40a     x15=ffffffff x15:ffffff28
27041612ns          469437 1c009068 40a65613 srai             x12, x12, 0x40a     x12=00000000 x12:00000300
27041632ns          469438 1c00906a 01d70733 add              x14, x14, x29       x14=00000422 x14:fffffffb x29:00000427
27041651ns          469439 1c00906c 01c686b3 add              x13, x13, x28       x13=00000071 x13:fffffff2 x28:0000007f
27041671ns          469440 1c00906e 00c686b3 add              x13, x13, x12       x13=00000071 x13:00000071 x12:00000000
27041691ns          469441 1c009070 00f70733 add              x14, x14, x15       x14=00000421 x14:00000422 x15:ffffffff
27041711ns          469442 1c009072 100747b3 p.exths          x15, x14, x0        x15=00000421 x14:00000421
27041731ns          469443 1c009076 1006c733 p.exths          x14, x13, x0        x14=00000071 x13:00000071
27041751ns          469444 1c00907a 03170633 mul              x12, x14, x17       x12=ffff9f55 x14:00000071 x17:ffffff25
27041771ns          469445 1c00907e 030786b3 mul              x13, x15, x16       x13=fffc73a4 x15:00000421 x16:ffffff24
27041791ns          469446 1c009082 03070733 mul              x14, x14, x16       x14=ffff9ee4 x14:00000071 x16:ffffff24
27041811ns          469447 1c009086 031787b3 mul              x15, x15, x17       x15=fffc77c5 x15:00000421 x17:ffffff25
27041830ns          469448 1c00908a 40a6d693 srai             x13, x13, 0x40a     x13=ffffff1c x13:fffc73a4
27041850ns          469449 1c00908c 40a65613 srai             x12, x12, 0x40a     x12=ffffffe7 x12:ffff9f55
27041870ns          469450 1c00908e 40a7d793 srai             x15, x15, 0x40a     x15=ffffff1d x15:fffc77c5
27041890ns          469451 1c009090 40a75713 srai             x14, x14, 0x40a     x14=ffffffe7 x14:ffff9ee4
27041910ns          469452 1c009092 40c686b3 sub              x13, x13, x12       x13=ffffff35 x13:ffffff1c x12:ffffffe7
27041930ns          469453 1c009094 00e787b3 add              x15, x15, x14       x15=ffffff04 x15:ffffff1d x14:ffffffe7
27041950ns          469454 1c009096 00d51823 sh               x13, 16(x10)        x13:ffffff35 x10:10000fa4  PA:10000fb4
27041990ns          469456 1c00909a 00f51923 sh               x15, 18(x10)        x15:ffffff04 x10:10000fa4  PA:10000fb6
27042009ns          469457 1c00909e 00008067 jalr             x0, x1, 0            x1:1c0093e8
27042049ns          469459 1c0093e8 2dc15583 lhu              x11, 732(x2)        x11=0000ff35  x2:10000cd8  PA:10000fb4
27042069ns          469460 1c0093ec 2de15783 lhu              x15, 734(x2)        x15=0000ff04  x2:10000cd8  PA:10000fb6
27042109ns          469462 1c0093f0 40b90933 sub              x18, x18, x11       x18=fffeffe5 x18:ffffff1a x11:0000ff35
27042129ns          469463 1c0093f4 40f484b3 sub              x9, x9, x15          x9=ffff0033  x9:ffffff37 x15:0000ff04
27042149ns          469464 1c0093f6 100945b3 p.exths          x11, x18, x0        x11=ffffffe5 x18:fffeffe5
27042169ns          469465 1c0093fa 1004c7b3 p.exths          x15, x9, x0         x15=00000033  x9:ffff0033
27042188ns          469466 1c0093fe 034586b3 mul              x13, x11, x20       x13=00001734 x11:ffffffe5 x20:ffffff24
27042208ns          469467 1c009402 03378533 mul              x10, x15, x19       x10=ffffd45f x15:00000033 x19:ffffff25
27042228ns          469468 1c009406 034a0633 mul              x12, x20, x20       x12=0000bd10 x20:ffffff24 x20:ffffff24
27042248ns          469469 1c00940a 03398733 mul              x14, x19, x19       x14=0000bb59 x19:ffffff25 x19:ffffff25
27042268ns          469470 1c00940e 034787b3 mul              x15, x15, x20       x15=ffffd42c x15:00000033 x20:ffffff24
27042288ns          469471 1c009412 033585b3 mul              x11, x11, x19       x11=00001719 x11:ffffffe5 x19:ffffff25
27042308ns          469472 1c009416 40a75713 srai             x14, x14, 0x40a     x14=0000002e x14:0000bb59
27042328ns          469473 1c009418 40a5d593 srai             x11, x11, 0x40a     x11=00000005 x11:00001719
27042348ns          469474 1c00941a 40a65613 srai             x12, x12, 0x40a     x12=0000002f x12:0000bd10
27042367ns          469475 1c00941c 40a7d793 srai             x15, x15, 0x40a     x15=fffffff5 x15:ffffd42c
27042387ns          469476 1c00941e 1c0034b7 lui              x9, 0x1c003000       x9=1c003000
27042407ns          469477 1c009422 00e60633 add              x12, x12, x14       x12=0000005d x12:0000002f x14:0000002e
27042427ns          469478 1c009424 40b787b3 sub              x15, x15, x11       x15=fffffff0 x15:fffffff5 x11:00000005
27042447ns          469479 1c009426 eb048493 addi             x9, x9, -336         x9=1c002eb0  x9:1c003000
27042467ns          469480 1c00942a 1c0032b7 lui              x5, 0x1c003000       x5=1c003000
27042487ns          469481 1c00942e 1c0035b7 lui              x11, 0x1c003000     x11=1c003000
27042507ns          469482 1c009432 018483b3 add              x7, x9, x24          x7=1c002eb2  x9:1c002eb0 x24:00000002
27042527ns          469483 1c009436 02812e83 lw               x29, 40(x2)         x29=1c002ec2  x2:10000cd8  PA:10000d00
27042546ns          469484 1c009438 10065633 p.exthz          x12, x12, x0        x12=0000005d x12:0000005d
27042566ns          469485 1c00943c e8028293 addi             x5, x5, -384         x5=1c002e80  x5:1c003000
27042586ns          469486 1c009440 ea058593 addi             x11, x11, -352      x11=1c002ea0 x11:1c003000
27042606ns          469487 1c009444 03812483 lw               x9, 56(x2)           x9=1c002ee2  x2:10000cd8  PA:10000d10
27042626ns          469488 1c009446 10064733 p.exths          x14, x12, x0        x14=0000005d x12:0000005d
27042646ns          469489 1c00944a 018280b3 add              x1, x5, x24          x1=1c002e82  x5:1c002e80 x24:00000002
27042666ns          469490 1c00944e 03012f03 lw               x30, 48(x2)         x30=1c002ed2  x2:10000cd8  PA:10000d08
27042686ns          469491 1c009450 018582b3 add              x5, x11, x24         x5=1c002ea2 x11:1c002ea0 x24:00000002
27042706ns          469492 1c009454 04012583 lw               x11, 64(x2)         x11=1c002ef2  x2:10000cd8  PA:10000d18
27042725ns          469493 1c009456 000edd83 lhu              x27, 0(x29)         x27=000010ad x29:1c002ec2  PA:1c002ec2
27043024ns          469508 1c00945a 0004d483 lhu              x9, 0(x9)            x9=00000137  x9:1c002ee2  PA:1c002ee2
27043322ns          469523 1c00945e 02e70333 mul              x6, x14, x14         x6=000021c9 x14:0000005d x14:0000005d
27043342ns          469524 1c009462 40a55513 srai             x10, x10, 0x40a     x10=fffffff5 x10:ffffd45f
27043362ns          469525 1c009464 04812e83 lw               x29, 72(x2)         x29=1c002f02  x2:10000cd8  PA:10000d20
27043382ns          469526 1c009466 40a6d693 srai             x13, x13, 0x40a     x13=00000005 x13:00001734
27043402ns          469527 1c009468 000f5d03 lhu              x26, 0(x30)         x26=000003fa x30:1c002ed2  PA:1c002ed2
27043700ns          469542 1c00946c 0005d583 lhu              x11, 0(x11)         x11=00000070 x11:1c002ef2  PA:1c002ef2
27043998ns          469557 1c009470 40a35313 srai             x6, x6, 0x40a        x6=00000008  x6:000021c9
27044018ns          469558 1c009474 00a686b3 add              x13, x13, x10       x13=fffffffa x13:00000005 x10:fffffff5
27044038ns          469559 1c009476 05012f03 lw               x30, 80(x2)         x30=1c002e72  x2:10000cd8  PA:10000d28
27044058ns          469560 1c009478 10034e33 p.exths          x28, x6, x0         x28=00000008  x6:00000008
27044078ns          469561 1c00947c 06911023 sh               x9, 96(x2)           x9:00000137  x2:10000cd8  PA:10000d38
27044098ns          469562 1c009480 000ede83 lhu              x29, 0(x29)         x29=0000002b x29:1c002f02  PA:1c002f02
27044396ns          469577 1c009484 05812483 lw               x9, 88(x2)           x9=1c002e62  x2:10000cd8  PA:10000d30
27044416ns          469578 1c009486 1006d6b3 p.exthz          x13, x13, x0        x13=0000fffa x13:fffffffa
27044436ns          469579 1c00948a 02ee08b3 mul              x17, x28, x14       x17=000002e8 x28:00000008 x14:0000005d
27044456ns          469580 1c00948e 1006c833 p.exths          x16, x13, x0        x16=fffffffa x13:0000fffa
27044476ns          469581 1c009492 06b11823 sh               x11, 112(x2)        x11:00000070  x2:10000cd8  PA:10000d48
27044495ns          469582 1c009496 000f5f03 lhu              x30, 0(x30)         x30=0000ff35 x30:1c002e72  PA:1c002e72
27044794ns          469597 1c00949a 0a012583 lw               x11, 160(x2)        x11=1c002e92  x2:10000cd8  PA:10000d78
27044814ns          469598 1c00949c 1007d7b3 p.exthz          x15, x15, x0        x15=0000fff0 x15:fffffff0
27044834ns          469599 1c0094a0 0004da03 lhu              x20, 0(x9)          x20=0000fc39  x9:1c002e62  PA:1c002e62
27045132ns          469614 1c0094a4 1007c533 p.exths          x10, x15, x0        x10=fffffff0 x15:0000fff0
27045152ns          469615 1c0094a8 09d11023 sh               x29, 128(x2)        x29:0000002b  x2:10000cd8  PA:10000d58
27045172ns          469616 1c0094ac 0003d483 lhu              x9, 0(x7)            x9=0000ffdb  x7:1c002eb2  PA:1c002eb2
27045569ns          469636 1c0094b0 02e80eb3 mul              x29, x16, x14       x29=fffffdd2 x16:fffffffa x14:0000005d
27045589ns          469637 1c0094b4 40a8d893 srai             x17, x17, 0x40a     x17=00000000 x17:000002e8
27045609ns          469638 1c0094b8 03c80833 mul              x16, x16, x28       x16=ffffffd0 x16:fffffffa x28:00000008
27045629ns          469639 1c0094bc 09e11823 sh               x30, 144(x2)        x30:0000ff35  x2:10000cd8  PA:10000d68
27045649ns          469640 1c0094c0 0005d983 lhu              x19, 0(x11)         x19=0000ffb6 x11:1c002e92  PA:1c002e92
27045947ns          469655 1c0094c4 81c88f5b p.muls           x30, x17, x28       x30=00000000 x17:00000000 x28:00000008
27045967ns          469656 1c0094c8 0002d583 lhu              x11, 0(x5)          x11=0000ff9c  x5:1c002ea2  PA:1c002ea2
27046305ns          469673 1c0094cc 03ce0fb3 mul              x31, x28, x28       x31=00000040 x28:00000008 x28:00000008
27046325ns          469674 1c0094d0 02e50733 mul              x14, x10, x14       x14=fffffa30 x10:fffffff0 x14:0000005d
27046345ns          469675 1c0094d4 40a85813 srai             x16, x16, 0x40a     x16=ffffffff x16:ffffffd0
27046365ns          469676 1c0094d8 03c50533 mul              x10, x10, x28       x10=ffffff80 x10:fffffff0 x28:00000008
27046385ns          469677 1c0094dc 07015e03 lhu              x28, 112(x2)        x28=00000070  x2:10000cd8  PA:10000d48
27046425ns          469679 1c0094e0 01b60633 add              x12, x12, x27       x12=0000110a x12:0000005d x27:000010ad
27046444ns          469680 1c0094e2 00980833 add              x16, x16, x9        x16=0000ffda x16:ffffffff  x9:0000ffdb
27046464ns          469681 1c0094e4 06015d83 lhu              x27, 96(x2)         x27=00000137  x2:10000cd8  PA:10000d38
27046484ns          469682 1c0094e8 02812483 lw               x9, 40(x2)           x9=1c002ec2  x2:10000cd8  PA:10000d00
27046504ns          469683 1c0094ea 40afdf93 srai             x31, x31, 0x40a     x31=00000000 x31:00000040
27046524ns          469684 1c0094ee 40a55513 srai             x10, x10, 0x40a     x10=ffffffff x10:ffffff80
27046544ns          469685 1c0094f0 01cf8fb3 add              x31, x31, x28       x31=00000070 x31:00000000 x28:00000070
27046564ns          469686 1c0094f2 00b50533 add              x10, x10, x11       x10=0000ff9b x10:ffffffff x11:0000ff9c
27046584ns          469687 1c0094f4 09015e03 lhu              x28, 144(x2)        x28=0000ff35  x2:10000cd8  PA:10000d68
27046604ns          469688 1c0094f8 03012583 lw               x11, 48(x2)         x11=1c002ed2  x2:10000cd8  PA:10000d08
27046623ns          469689 1c0094fa 00c49023 sh               x12, 0(x9)          x12:0000110a  x9:1c002ec2  PA:1c002ec2
27046942ns          469705 1c0094fe 01b888b3 add              x17, x17, x27       x17=00000137 x17:00000000 x27:00000137
27046962ns          469706 1c009500 01a30333 add              x6, x6, x26          x6=00000402  x6:00000008 x26:000003fa
27046981ns          469707 1c009502 08015d83 lhu              x27, 128(x2)        x27=0000002b  x2:10000cd8  PA:10000d58
27047001ns          469708 1c009506 0000d903 lhu              x18, 0(x1)          x18=0000fef7  x1:1c002e82  PA:1c002e82
27047320ns          469724 1c00950a 01c686b3 add              x13, x13, x28       x13=0001ff2f x13:0000fffa x28:0000ff35
27047339ns          469725 1c00950c 00659023 sh               x6, 0(x11)           x6:00000402 x11:1c002ed2  PA:1c002ed2
27047658ns          469741 1c009510 40af5f13 srai             x30, x30, 0x40a     x30=00000000 x30:00000000
27047678ns          469742 1c009514 04812e03 lw               x28, 72(x2)         x28=1c002f02  x2:10000cd8  PA:10000d20
27047697ns          469743 1c009516 01bf0f33 add              x30, x30, x27       x30=0000002b x30:00000000 x27:0000002b
27047717ns          469744 1c009518 40aede93 srai             x29, x29, 0x40a     x29=ffffffff x29:fffffdd2
27047737ns          469745 1c00951c 40a75713 srai             x14, x14, 0x40a     x14=fffffffe x14:fffffa30
27047757ns          469746 1c00951e 03812603 lw               x12, 56(x2)         x12=1c002ee2  x2:10000cd8  PA:10000d10
27047777ns          469747 1c009520 04012d83 lw               x27, 64(x2)         x27=1c002ef2  x2:10000cd8  PA:10000d18
27047797ns          469748 1c009522 01ee1023 sh               x30, 0(x28)         x30:0000002b x28:1c002f02  PA:1c002f02
27048135ns          469765 1c009526 05812483 lw               x9, 88(x2)           x9=1c002e62  x2:10000cd8  PA:10000d30
27048155ns          469766 1c009528 05012f03 lw               x30, 80(x2)         x30=1c002e72  x2:10000cd8  PA:10000d28
27048175ns          469767 1c00952a 0a012583 lw               x11, 160(x2)        x11=1c002e92  x2:10000cd8  PA:10000d78
27048195ns          469768 1c00952c 014787b3 add              x15, x15, x20       x15=0001fc29 x15:0000fff0 x20:0000fc39
27048214ns          469769 1c00952e 013e8eb3 add              x29, x29, x19       x29=0000ffb5 x29:ffffffff x19:0000ffb6
27048234ns          469770 1c009530 01270733 add              x14, x14, x18       x14=0000fef5 x14:fffffffe x18:0000fef7
27048254ns          469771 1c009532 00f49023 sh               x15, 0(x9)          x15:0001fc29  x9:1c002e62  PA:1c002e62
27048572ns          469787 1c009536 01161023 sh               x17, 0(x12)         x17:00000137 x12:1c002ee2  PA:1c002ee2
27048891ns          469803 1c00953a 01fd9023 sh               x31, 0(x27)         x31:00000070 x27:1c002ef2  PA:1c002ef2
27049249ns          469821 1c00953e 00df1023 sh               x13, 0(x30)         x13:0001ff2f x30:1c002e72  PA:1c002e72
27049567ns          469837 1c009542 01d59023 sh               x29, 0(x11)         x29:0000ffb5 x11:1c002e92  PA:1c002e92
27049885ns          469853 1c009546 00e09023 sh               x14, 0(x1)          x14:0000fef5  x1:1c002e82  PA:1c002e82
27050203ns          469869 1c00954a 01039023 sh               x16, 0(x7)          x16:0000ffda  x7:1c002eb2  PA:1c002eb2
27050522ns          469885 1c00954e 00a29023 sh               x10, 0(x5)          x10:0000ff9b  x5:1c002ea2  PA:1c002ea2
27050860ns          469902 1c009552 008b0b13 addi             x22, x22, 8         x22=000000e1 x22:000000d9
27050879ns          469903 1c009554 1f300793 addi             x15, x0, 499        x15=000001f3
27050899ns          469904 1c009558 e767dae3 bge              x15, x22, -396      x15:000001f3 x22:000000e1
27050999ns          469909 1c0093cc 010c9a0b p.lh             x20, 16(x25!)       x20=000000c2 x25=1c00285a x25:1c00284a  PA:1c00284a
27051337ns          469926 1c0093d0 0104198b p.lh             x19, 16(x8!)        x19=000000a7  x8=1c002022  x8:1c002012  PA:1c002012
27051635ns          469941 1c0093d4 2cc10513 addi             x10, x2, 716        x10=10000fa4  x2:10000cd8
27051655ns          469942 1c0093d6 010a990b p.lh             x18, 16(x21!)       x18=000000cd x21=1c00184e x21:1c00183e  PA:1c00183e
27051953ns          469957 1c0093da 010b948b p.lh             x9, 16(x23!)         x9=000000a3 x23=1c00107e x23:1c00106e  PA:1c00106e
27052292ns          469974 1c0093de 2d411623 sh               x20, 716(x2)        x20:000000c2  x2:10000cd8  PA:10000fa4
27052311ns          469975 1c0093e2 2d311723 sh               x19, 718(x2)        x19:000000a7  x2:10000cd8  PA:10000fa6
27052331ns          469976 1c0093e6 c33ff0ef jal              x1, -974             x1=1c0093e8
27052371ns          469978 1c009018 00051803 lh               x16, 0(x10)         x16=000000c2 x10:10000fa4  PA:10000fa4
27052391ns          469979 1c00901c 00251883 lh               x17, 2(x10)         x17=000000a7 x10:10000fa4  PA:10000fa6
27052451ns          469982 1c009020 030806b3 mul              x13, x16, x16       x13=00009304 x16:000000c2 x16:000000c2
27052490ns          469984 1c009024 03188633 mul              x12, x17, x17       x12=00006cf1 x17:000000a7 x17:000000a7
27052510ns          469985 1c009028 40a65613 srai             x12, x12, 0x40a     x12=0000001b x12:00006cf1
27052530ns          469986 1c00902a 40a6d693 srai             x13, x13, 0x40a     x13=00000024 x13:00009304
27052550ns          469987 1c00902c 00c686b3 add              x13, x13, x12       x13=0000003f x13:00000024 x12:0000001b
27052570ns          469988 1c00902e 1006c633 p.exths          x12, x13, x0        x12=0000003f x13:0000003f
27052590ns          469989 1c009032 00855703 lhu              x14, 8(x10)         x14=0000ffd1 x10:10000fa4  PA:10000fac
27052610ns          469990 1c009036 00a55683 lhu              x13, 10(x10)        x13=0000ff6a x10:10000fa4  PA:10000fae
27052630ns          469991 1c00903a 02c60333 mul              x6, x12, x12         x6=00000f81 x12:0000003f x12:0000003f
27052669ns          469993 1c00903e 00c55783 lhu              x15, 12(x10)        x15=0000ffe5 x10:10000fa4  PA:10000fb0
27052709ns          469995 1c009042 00e55583 lhu              x11, 14(x10)        x11=00000060 x10:10000fa4  PA:10000fb2
27052729ns          469996 1c009046 dea30333 p.extract        x6, x6, 15, 10       x6=00000003  x6:00000f81
27052749ns          469997 1c00904a 80c7075b p.muls           x14, x14, x12       x14=fffff46f x14:0000ffd1 x12:0000003f
27052809ns          470000 1c00904e 80c686db p.muls           x13, x13, x12       x13=ffffdb16 x13:0000ff6a x12:0000003f
27052848ns          470002 1c009052 00455e83 lhu              x29, 4(x10)         x29=00000427 x10:10000fa4  PA:10000fa8
27052868ns          470003 1c009056 00655e03 lhu              x28, 6(x10)         x28=0000007f x10:10000fa4  PA:10000faa
27052888ns          470004 1c00905a 40a75713 srai             x14, x14, 0x40a     x14=fffffffd x14:fffff46f
27052908ns          470005 1c00905c 806787db p.muls           x15, x15, x6        x15=ffffffaf x15:0000ffe5  x6:00000003
27052948ns          470007 1c009060 40a6d693 srai             x13, x13, 0x40a     x13=fffffff6 x13:ffffdb16
27052988ns          470009 1c009062 8065865b p.muls           x12, x11, x6        x12=00000120 x11:00000060  x6:00000003
27053008ns          470010 1c009066 40a7d793 srai             x15, x15, 0x40a     x15=ffffffff x15:ffffffaf
27053027ns          470011 1c009068 40a65613 srai             x12, x12, 0x40a     x12=00000000 x12:00000120
27053047ns          470012 1c00906a 01d70733 add              x14, x14, x29       x14=00000424 x14:fffffffd x29:00000427
27053067ns          470013 1c00906c 01c686b3 add              x13, x13, x28       x13=00000075 x13:fffffff6 x28:0000007f
27053087ns          470014 1c00906e 00c686b3 add              x13, x13, x12       x13=00000075 x13:00000075 x12:00000000
27053107ns          470015 1c009070 00f70733 add              x14, x14, x15       x14=00000423 x14:00000424 x15:ffffffff
27053127ns          470016 1c009072 100747b3 p.exths          x15, x14, x0        x15=00000423 x14:00000423
27053147ns          470017 1c009076 1006c733 p.exths          x14, x13, x0        x14=00000075 x13:00000075
27053167ns          470018 1c00907a 03170633 mul              x12, x14, x17       x12=00004c53 x14:00000075 x17:000000a7
27053186ns          470019 1c00907e 030786b3 mul              x13, x15, x16       x13=00032286 x15:00000423 x16:000000c2
27053206ns          470020 1c009082 03070733 mul              x14, x14, x16       x14=000058aa x14:00000075 x16:000000c2
27053226ns          470021 1c009086 031787b3 mul              x15, x15, x17       x15=0002b2d5 x15:00000423 x17:000000a7
27053246ns          470022 1c00908a 40a6d693 srai             x13, x13, 0x40a     x13=000000c8 x13:00032286
27053266ns          470023 1c00908c 40a65613 srai             x12, x12, 0x40a     x12=00000013 x12:00004c53
27053286ns          470024 1c00908e 40a7d793 srai             x15, x15, 0x40a     x15=000000ac x15:0002b2d5
27053306ns          470025 1c009090 40a75713 srai             x14, x14, 0x40a     x14=00000016 x14:000058aa
27053326ns          470026 1c009092 40c686b3 sub              x13, x13, x12       x13=000000b5 x13:000000c8 x12:00000013
27053346ns          470027 1c009094 00e787b3 add              x15, x15, x14       x15=000000c2 x15:000000ac x14:00000016
27053365ns          470028 1c009096 00d51823 sh               x13, 16(x10)        x13:000000b5 x10:10000fa4  PA:10000fb4
27053385ns          470029 1c00909a 00f51923 sh               x15, 18(x10)        x15:000000c2 x10:10000fa4  PA:10000fb6
27053405ns          470030 1c00909e 00008067 jalr             x0, x1, 0            x1:1c0093e8
27053485ns          470034 1c0093e8 2dc15583 lhu              x11, 732(x2)        x11=000000b5  x2:10000cd8  PA:10000fb4
27053505ns          470035 1c0093ec 2de15783 lhu              x15, 734(x2)        x15=000000c2  x2:10000cd8  PA:10000fb6
27053544ns          470037 1c0093f0 40b90933 sub              x18, x18, x11       x18=00000018 x18:000000cd x11:000000b5
27053564ns          470038 1c0093f4 40f484b3 sub              x9, x9, x15          x9=ffffffe1  x9:000000a3 x15:000000c2
27053584ns          470039 1c0093f6 100945b3 p.exths          x11, x18, x0        x11=00000018 x18:00000018
27053604ns          470040 1c0093fa 1004c7b3 p.exths          x15, x9, x0         x15=ffffffe1  x9:ffffffe1
27053624ns          470041 1c0093fe 034586b3 mul              x13, x11, x20       x13=00001230 x11:00000018 x20:000000c2
27053644ns          470042 1c009402 03378533 mul              x10, x15, x19       x10=ffffebc7 x15:ffffffe1 x19:000000a7
27053664ns          470043 1c009406 034a0633 mul              x12, x20, x20       x12=00009304 x20:000000c2 x20:000000c2
27053684ns          470044 1c00940a 03398733 mul              x14, x19, x19       x14=00006cf1 x19:000000a7 x19:000000a7
27053723ns          470046 1c00940e 034787b3 mul              x15, x15, x20       x15=ffffe882 x15:ffffffe1 x20:000000c2
27053763ns          470048 1c009412 033585b3 mul              x11, x11, x19       x11=00000fa8 x11:00000018 x19:000000a7
27053783ns          470049 1c009416 40a75713 srai             x14, x14, 0x40a     x14=0000001b x14:00006cf1
27053803ns          470050 1c009418 40a5d593 srai             x11, x11, 0x40a     x11=00000003 x11:00000fa8
27053823ns          470051 1c00941a 40a65613 srai             x12, x12, 0x40a     x12=00000024 x12:00009304
27053843ns          470052 1c00941c 40a7d793 srai             x15, x15, 0x40a     x15=fffffffa x15:ffffe882
27053863ns          470053 1c00941e 1c0034b7 lui              x9, 0x1c003000       x9=1c003000
27053883ns          470054 1c009422 00e60633 add              x12, x12, x14       x12=0000003f x12:00000024 x14:0000001b
27053902ns          470055 1c009424 40b787b3 sub              x15, x15, x11       x15=fffffff7 x15:fffffffa x11:00000003
27053922ns          470056 1c009426 eb048493 addi             x9, x9, -336         x9=1c002eb0  x9:1c003000
27053942ns          470057 1c00942a 1c0032b7 lui              x5, 0x1c003000       x5=1c003000
27053962ns          470058 1c00942e 1c0035b7 lui              x11, 0x1c003000     x11=1c003000
27053982ns          470059 1c009432 018483b3 add              x7, x9, x24          x7=1c002eb2  x9:1c002eb0 x24:00000002
27054002ns          470060 1c009436 02812e83 lw               x29, 40(x2)         x29=1c002ec2  x2:10000cd8  PA:10000d00
27054022ns          470061 1c009438 10065633 p.exthz          x12, x12, x0        x12=0000003f x12:0000003f
27054042ns          470062 1c00943c e8028293 addi             x5, x5, -384         x5=1c002e80  x5:1c003000
27054062ns          470063 1c009440 ea058593 addi             x11, x11, -352      x11=1c002ea0 x11:1c003000
27054081ns          470064 1c009444 03812483 lw               x9, 56(x2)           x9=1c002ee2  x2:10000cd8  PA:10000d10
27054101ns          470065 1c009446 10064733 p.exths          x14, x12, x0        x14=0000003f x12:0000003f
27054121ns          470066 1c00944a 018280b3 add              x1, x5, x24          x1=1c002e82  x5:1c002e80 x24:00000002
27054141ns          470067 1c00944e 03012f03 lw               x30, 48(x2)         x30=1c002ed2  x2:10000cd8  PA:10000d08
27054161ns          470068 1c009450 018582b3 add              x5, x11, x24         x5=1c002ea2 x11:1c002ea0 x24:00000002
27054181ns          470069 1c009454 04012583 lw               x11, 64(x2)         x11=1c002ef2  x2:10000cd8  PA:10000d18
27054201ns          470070 1c009456 000edd83 lhu              x27, 0(x29)         x27=0000110a x29:1c002ec2  PA:1c002ec2
27054519ns          470086 1c00945a 0004d483 lhu              x9, 0(x9)            x9=00000137  x9:1c002ee2  PA:1c002ee2
27054817ns          470101 1c00945e 02e70333 mul              x6, x14, x14         x6=00000f81 x14:0000003f x14:0000003f
27054837ns          470102 1c009462 40a55513 srai             x10, x10, 0x40a     x10=fffffffa x10:ffffebc7
27054857ns          470103 1c009464 04812e83 lw               x29, 72(x2)         x29=1c002f02  x2:10000cd8  PA:10000d20
27054877ns          470104 1c009466 40a6d693 srai             x13, x13, 0x40a     x13=00000004 x13:00001230
27054897ns          470105 1c009468 000f5d03 lhu              x26, 0(x30)         x26=00000402 x30:1c002ed2  PA:1c002ed2
27055295ns          470125 1c00946c 0005d583 lhu              x11, 0(x11)         x11=00000070 x11:1c002ef2  PA:1c002ef2
27055613ns          470141 1c009470 40a35313 srai             x6, x6, 0x40a        x6=00000003  x6:00000f81
27055633ns          470142 1c009474 00a686b3 add              x13, x13, x10       x13=fffffffe x13:00000004 x10:fffffffa
27055653ns          470143 1c009476 05012f03 lw               x30, 80(x2)         x30=1c002e72  x2:10000cd8  PA:10000d28
27055672ns          470144 1c009478 10034e33 p.exths          x28, x6, x0         x28=00000003  x6:00000003
27055692ns          470145 1c00947c 06911023 sh               x9, 96(x2)           x9:00000137  x2:10000cd8  PA:10000d38
27055712ns          470146 1c009480 000ede83 lhu              x29, 0(x29)         x29=0000002b x29:1c002f02  PA:1c002f02
27056030ns          470162 1c009484 05812483 lw               x9, 88(x2)           x9=1c002e62  x2:10000cd8  PA:10000d30
27056050ns          470163 1c009486 1006d6b3 p.exthz          x13, x13, x0        x13=0000fffe x13:fffffffe
27056070ns          470164 1c00948a 02ee08b3 mul              x17, x28, x14       x17=000000bd x28:00000003 x14:0000003f
27056090ns          470165 1c00948e 1006c833 p.exths          x16, x13, x0        x16=fffffffe x13:0000fffe
27056110ns          470166 1c009492 06b11823 sh               x11, 112(x2)        x11:00000070  x2:10000cd8  PA:10000d48
27056130ns          470167 1c009496 000f5f03 lhu              x30, 0(x30)         x30=0000ff2f x30:1c002e72  PA:1c002e72
27056508ns          470186 1c00949a 0a012583 lw               x11, 160(x2)        x11=1c002e92  x2:10000cd8  PA:10000d78
27056528ns          470187 1c00949c 1007d7b3 p.exthz          x15, x15, x0        x15=0000fff7 x15:fffffff7
27056548ns          470188 1c0094a0 0004da03 lhu              x20, 0(x9)          x20=0000fc29  x9:1c002e62  PA:1c002e62
27056866ns          470204 1c0094a4 1007c533 p.exths          x10, x15, x0        x10=fffffff7 x15:0000fff7
27056886ns          470205 1c0094a8 09d11023 sh               x29, 128(x2)        x29:0000002b  x2:10000cd8  PA:10000d58
27056906ns          470206 1c0094ac 0003d483 lhu              x9, 0(x7)            x9=0000ffda  x7:1c002eb2  PA:1c002eb2
27057204ns          470221 1c0094b0 02e80eb3 mul              x29, x16, x14       x29=ffffff82 x16:fffffffe x14:0000003f
27057224ns          470222 1c0094b4 40a8d893 srai             x17, x17, 0x40a     x17=00000000 x17:000000bd
27057244ns          470223 1c0094b8 03c80833 mul              x16, x16, x28       x16=fffffffa x16:fffffffe x28:00000003
27057264ns          470224 1c0094bc 09e11823 sh               x30, 144(x2)        x30:0000ff2f  x2:10000cd8  PA:10000d68
27057283ns          470225 1c0094c0 0005d983 lhu              x19, 0(x11)         x19=0000ffb5 x11:1c002e92  PA:1c002e92
27057602ns          470241 1c0094c4 81c88f5b p.muls           x30, x17, x28       x30=00000000 x17:00000000 x28:00000003
27057622ns          470242 1c0094c8 0002d583 lhu              x11, 0(x5)          x11=0000ff9b  x5:1c002ea2  PA:1c002ea2
27057920ns          470257 1c0094cc 03ce0fb3 mul              x31, x28, x28       x31=00000009 x28:00000003 x28:00000003
27057940ns          470258 1c0094d0 02e50733 mul              x14, x10, x14       x14=fffffdc9 x10:fffffff7 x14:0000003f
27057960ns          470259 1c0094d4 40a85813 srai             x16, x16, 0x40a     x16=ffffffff x16:fffffffa
27057980ns          470260 1c0094d8 03c50533 mul              x10, x10, x28       x10=ffffffe5 x10:fffffff7 x28:00000003
27057999ns          470261 1c0094dc 07015e03 lhu              x28, 112(x2)        x28=00000070  x2:10000cd8  PA:10000d48
27058019ns          470262 1c0094e0 01b60633 add              x12, x12, x27       x12=00001149 x12:0000003f x27:0000110a
27058039ns          470263 1c0094e2 00980833 add              x16, x16, x9        x16=0000ffd9 x16:ffffffff  x9:0000ffda
27058059ns          470264 1c0094e4 06015d83 lhu              x27, 96(x2)         x27=00000137  x2:10000cd8  PA:10000d38
27058079ns          470265 1c0094e8 02812483 lw               x9, 40(x2)           x9=1c002ec2  x2:10000cd8  PA:10000d00
27058099ns          470266 1c0094ea 40afdf93 srai             x31, x31, 0x40a     x31=00000000 x31:00000009
27058119ns          470267 1c0094ee 40a55513 srai             x10, x10, 0x40a     x10=ffffffff x10:ffffffe5
27058139ns          470268 1c0094f0 01cf8fb3 add              x31, x31, x28       x31=00000070 x31:00000000 x28:00000070
27058158ns          470269 1c0094f2 00b50533 add              x10, x10, x11       x10=0000ff9a x10:ffffffff x11:0000ff9b
27058178ns          470270 1c0094f4 09015e03 lhu              x28, 144(x2)        x28=0000ff2f  x2:10000cd8  PA:10000d68
27058198ns          470271 1c0094f8 03012583 lw               x11, 48(x2)         x11=1c002ed2  x2:10000cd8  PA:10000d08
27058218ns          470272 1c0094fa 00c49023 sh               x12, 0(x9)          x12:00001149  x9:1c002ec2  PA:1c002ec2
27058536ns          470288 1c0094fe 01b888b3 add              x17, x17, x27       x17=00000137 x17:00000000 x27:00000137
27058556ns          470289 1c009500 01a30333 add              x6, x6, x26          x6=00000405  x6:00000003 x26:00000402
27058576ns          470290 1c009502 08015d83 lhu              x27, 128(x2)        x27=0000002b  x2:10000cd8  PA:10000d58
27058596ns          470291 1c009506 0000d903 lhu              x18, 0(x1)          x18=0000fef5  x1:1c002e82  PA:1c002e82
27058894ns          470306 1c00950a 01c686b3 add              x13, x13, x28       x13=0001ff2d x13:0000fffe x28:0000ff2f
27058914ns          470307 1c00950c 00659023 sh               x6, 0(x11)           x6:00000405 x11:1c002ed2  PA:1c002ed2
27059232ns          470323 1c009510 40af5f13 srai             x30, x30, 0x40a     x30=00000000 x30:00000000
27059252ns          470324 1c009514 04812e03 lw               x28, 72(x2)         x28=1c002f02  x2:10000cd8  PA:10000d20
27059272ns          470325 1c009516 01bf0f33 add              x30, x30, x27       x30=0000002b x30:00000000 x27:0000002b
27059292ns          470326 1c009518 40aede93 srai             x29, x29, 0x40a     x29=ffffffff x29:ffffff82
27059312ns          470327 1c00951c 40a75713 srai             x14, x14, 0x40a     x14=ffffffff x14:fffffdc9
27059332ns          470328 1c00951e 03812603 lw               x12, 56(x2)         x12=1c002ee2  x2:10000cd8  PA:10000d10
27059352ns          470329 1c009520 04012d83 lw               x27, 64(x2)         x27=1c002ef2  x2:10000cd8  PA:10000d18
27059372ns          470330 1c009522 01ee1023 sh               x30, 0(x28)         x30:0000002b x28:1c002f02  PA:1c002f02
27059710ns          470347 1c009526 05812483 lw               x9, 88(x2)           x9=1c002e62  x2:10000cd8  PA:10000d30
27059730ns          470348 1c009528 05012f03 lw               x30, 80(x2)         x30=1c002e72  x2:10000cd8  PA:10000d28
27059750ns          470349 1c00952a 0a012583 lw               x11, 160(x2)        x11=1c002e92  x2:10000cd8  PA:10000d78
27059769ns          470350 1c00952c 014787b3 add              x15, x15, x20       x15=0001fc20 x15:0000fff7 x20:0000fc29
27059789ns          470351 1c00952e 013e8eb3 add              x29, x29, x19       x29=0000ffb4 x29:ffffffff x19:0000ffb5
27059809ns          470352 1c009530 01270733 add              x14, x14, x18       x14=0000fef4 x14:ffffffff x18:0000fef5
27059829ns          470353 1c009532 00f49023 sh               x15, 0(x9)          x15:0001fc20  x9:1c002e62  PA:1c002e62
27060187ns          470371 1c009536 01161023 sh               x17, 0(x12)         x17:00000137 x12:1c002ee2  PA:1c002ee2
27060505ns          470387 1c00953a 01fd9023 sh               x31, 0(x27)         x31:00000070 x27:1c002ef2  PA:1c002ef2
27060823ns          470403 1c00953e 00df1023 sh               x13, 0(x30)         x13:0001ff2d x30:1c002e72  PA:1c002e72
27061142ns          470419 1c009542 01d59023 sh               x29, 0(x11)         x29:0000ffb4 x11:1c002e92  PA:1c002e92
27061460ns          470435 1c009546 00e09023 sh               x14, 0(x1)          x14:0000fef4  x1:1c002e82  PA:1c002e82
27061778ns          470451 1c00954a 01039023 sh               x16, 0(x7)          x16:0000ffd9  x7:1c002eb2  PA:1c002eb2
27062096ns          470467 1c00954e 00a29023 sh               x10, 0(x5)          x10:0000ff9a  x5:1c002ea2  PA:1c002ea2
27062415ns          470483 1c009552 008b0b13 addi             x22, x22, 8         x22=000000e9 x22:000000e1
27062434ns          470484 1c009554 1f300793 addi             x15, x0, 499        x15=000001f3
27062454ns          470485 1c009558 e767dae3 bge              x15, x22, -396      x15:000001f3 x22:000000e9
27062554ns          470490 1c0093cc 010c9a0b p.lh             x20, 16(x25!)       x20=000000f5 x25=1c00286a x25:1c00285a  PA:1c00285a
27062892ns          470507 1c0093d0 0104198b p.lh             x19, 16(x8!)        x19=00000017  x8=1c002032  x8:1c002022  PA:1c002022
27063190ns          470522 1c0093d4 2cc10513 addi             x10, x2, 716        x10=10000fa4  x2:10000cd8
27063210ns          470523 1c0093d6 010a990b p.lh             x18, 16(x21!)       x18=000000fb x21=1c00185e x21:1c00184e  PA:1c00184e
27063508ns          470538 1c0093da 010b948b p.lh             x9, 16(x23!)         x9=0000001a x23=1c00108e x23:1c00107e  PA:1c00107e
27063807ns          470553 1c0093de 2d411623 sh               x20, 716(x2)        x20:000000f5  x2:10000cd8  PA:10000fa4
27063827ns          470554 1c0093e2 2d311723 sh               x19, 718(x2)        x19:00000017  x2:10000cd8  PA:10000fa6
27063846ns          470555 1c0093e6 c33ff0ef jal              x1, -974             x1=1c0093e8
27063886ns          470557 1c009018 00051803 lh               x16, 0(x10)         x16=000000f5 x10:10000fa4  PA:10000fa4
27063906ns          470558 1c00901c 00251883 lh               x17, 2(x10)         x17=00000017 x10:10000fa4  PA:10000fa6
27063966ns          470561 1c009020 030806b3 mul              x13, x16, x16       x13=0000ea79 x16:000000f5 x16:000000f5
27064006ns          470563 1c009024 03188633 mul              x12, x17, x17       x12=00000211 x17:00000017 x17:00000017
27064025ns          470564 1c009028 40a65613 srai             x12, x12, 0x40a     x12=00000000 x12:00000211
27064045ns          470565 1c00902a 40a6d693 srai             x13, x13, 0x40a     x13=0000003a x13:0000ea79
27064065ns          470566 1c00902c 00c686b3 add              x13, x13, x12       x13=0000003a x13:0000003a x12:00000000
27064085ns          470567 1c00902e 1006c633 p.exths          x12, x13, x0        x12=0000003a x13:0000003a
27064105ns          470568 1c009032 00855703 lhu              x14, 8(x10)         x14=0000ffd1 x10:10000fa4  PA:10000fac
27064125ns          470569 1c009036 00a55683 lhu              x13, 10(x10)        x13=0000ff6a x10:10000fa4  PA:10000fae
27064145ns          470570 1c00903a 02c60333 mul              x6, x12, x12         x6=00000d24 x12:0000003a x12:0000003a
27064185ns          470572 1c00903e 00c55783 lhu              x15, 12(x10)        x15=0000ffe5 x10:10000fa4  PA:10000fb0
27064224ns          470574 1c009042 00e55583 lhu              x11, 14(x10)        x11=00000060 x10:10000fa4  PA:10000fb2
27064244ns          470575 1c009046 dea30333 p.extract        x6, x6, 15, 10       x6=00000003  x6:00000d24
27064264ns          470576 1c00904a 80c7075b p.muls           x14, x14, x12       x14=fffff55a x14:0000ffd1 x12:0000003a
27064324ns          470579 1c00904e 80c686db p.muls           x13, x13, x12       x13=ffffde04 x13:0000ff6a x12:0000003a
27064364ns          470581 1c009052 00455e83 lhu              x29, 4(x10)         x29=00000427 x10:10000fa4  PA:10000fa8
27064383ns          470582 1c009056 00655e03 lhu              x28, 6(x10)         x28=0000007f x10:10000fa4  PA:10000faa
27064403ns          470583 1c00905a 40a75713 srai             x14, x14, 0x40a     x14=fffffffd x14:fffff55a
27064423ns          470584 1c00905c 806787db p.muls           x15, x15, x6        x15=ffffffaf x15:0000ffe5  x6:00000003
27064443ns          470585 1c009060 40a6d693 srai             x13, x13, 0x40a     x13=fffffff7 x13:ffffde04
27064463ns          470586 1c009062 8065865b p.muls           x12, x11, x6        x12=00000120 x11:00000060  x6:00000003
27064483ns          470587 1c009066 40a7d793 srai             x15, x15, 0x40a     x15=ffffffff x15:ffffffaf
27064503ns          470588 1c009068 40a65613 srai             x12, x12, 0x40a     x12=00000000 x12:00000120
27064523ns          470589 1c00906a 01d70733 add              x14, x14, x29       x14=00000424 x14:fffffffd x29:00000427
27064543ns          470590 1c00906c 01c686b3 add              x13, x13, x28       x13=00000076 x13:fffffff7 x28:0000007f
27064562ns          470591 1c00906e 00c686b3 add              x13, x13, x12       x13=00000076 x13:00000076 x12:00000000
27064582ns          470592 1c009070 00f70733 add              x14, x14, x15       x14=00000423 x14:00000424 x15:ffffffff
27064602ns          470593 1c009072 100747b3 p.exths          x15, x14, x0        x15=00000423 x14:00000423
27064622ns          470594 1c009076 1006c733 p.exths          x14, x13, x0        x14=00000076 x13:00000076
27064642ns          470595 1c00907a 03170633 mul              x12, x14, x17       x12=00000a9a x14:00000076 x17:00000017
27064662ns          470596 1c00907e 030786b3 mul              x13, x15, x16       x13=0003f57f x15:00000423 x16:000000f5
27064682ns          470597 1c009082 03070733 mul              x14, x14, x16       x14=000070ee x14:00000076 x16:000000f5
27064702ns          470598 1c009086 031787b3 mul              x15, x15, x17       x15=00005f25 x15:00000423 x17:00000017
27064722ns          470599 1c00908a 40a6d693 srai             x13, x13, 0x40a     x13=000000fd x13:0003f57f
27064741ns          470600 1c00908c 40a65613 srai             x12, x12, 0x40a     x12=00000002 x12:00000a9a
27064761ns          470601 1c00908e 40a7d793 srai             x15, x15, 0x40a     x15=00000017 x15:00005f25
27064781ns          470602 1c009090 40a75713 srai             x14, x14, 0x40a     x14=0000001c x14:000070ee
27064801ns          470603 1c009092 40c686b3 sub              x13, x13, x12       x13=000000fb x13:000000fd x12:00000002
27064821ns          470604 1c009094 00e787b3 add              x15, x15, x14       x15=00000033 x15:00000017 x14:0000001c
27064841ns          470605 1c009096 00d51823 sh               x13, 16(x10)        x13:000000fb x10:10000fa4  PA:10000fb4
27064861ns          470606 1c00909a 00f51923 sh               x15, 18(x10)        x15:00000033 x10:10000fa4  PA:10000fb6
27064881ns          470607 1c00909e 00008067 jalr             x0, x1, 0            x1:1c0093e8
27064920ns          470609 1c0093e8 2dc15583 lhu              x11, 732(x2)        x11=000000fb  x2:10000cd8  PA:10000fb4
27064940ns          470610 1c0093ec 2de15783 lhu              x15, 734(x2)        x15=00000033  x2:10000cd8  PA:10000fb6
27064960ns          470611 1c0093f0 40b90933 sub              x18, x18, x11       x18=00000000 x18:000000fb x11:000000fb
27064980ns          470612 1c0093f4 40f484b3 sub              x9, x9, x15          x9=ffffffe7  x9:0000001a x15:00000033
27065000ns          470613 1c0093f6 100945b3 p.exths          x11, x18, x0        x11=00000000 x18:00000000
27065020ns          470614 1c0093fa 1004c7b3 p.exths          x15, x9, x0         x15=ffffffe7  x9:ffffffe7
27065040ns          470615 1c0093fe 034586b3 mul              x13, x11, x20       x13=00000000 x11:00000000 x20:000000f5
27065060ns          470616 1c009402 03378533 mul              x10, x15, x19       x10=fffffdc1 x15:ffffffe7 x19:00000017
27065080ns          470617 1c009406 034a0633 mul              x12, x20, x20       x12=0000ea79 x20:000000f5 x20:000000f5
27065099ns          470618 1c00940a 03398733 mul              x14, x19, x19       x14=00000211 x19:00000017 x19:00000017
27065119ns          470619 1c00940e 034787b3 mul              x15, x15, x20       x15=ffffe813 x15:ffffffe7 x20:000000f5
27065139ns          470620 1c009412 033585b3 mul              x11, x11, x19       x11=00000000 x11:00000000 x19:00000017
27065159ns          470621 1c009416 40a75713 srai             x14, x14, 0x40a     x14=00000000 x14:00000211
27065179ns          470622 1c009418 40a5d593 srai             x11, x11, 0x40a     x11=00000000 x11:00000000
27065199ns          470623 1c00941a 40a65613 srai             x12, x12, 0x40a     x12=0000003a x12:0000ea79
27065219ns          470624 1c00941c 40a7d793 srai             x15, x15, 0x40a     x15=fffffffa x15:ffffe813
27065239ns          470625 1c00941e 1c0034b7 lui              x9, 0x1c003000       x9=1c003000
27065259ns          470626 1c009422 00e60633 add              x12, x12, x14       x12=0000003a x12:0000003a x14:00000000
27065278ns          470627 1c009424 40b787b3 sub              x15, x15, x11       x15=fffffffa x15:fffffffa x11:00000000
27065298ns          470628 1c009426 eb048493 addi             x9, x9, -336         x9=1c002eb0  x9:1c003000
27065318ns          470629 1c00942a 1c0032b7 lui              x5, 0x1c003000       x5=1c003000
27065338ns          470630 1c00942e 1c0035b7 lui              x11, 0x1c003000     x11=1c003000
27065358ns          470631 1c009432 018483b3 add              x7, x9, x24          x7=1c002eb2  x9:1c002eb0 x24:00000002
27065378ns          470632 1c009436 02812e83 lw               x29, 40(x2)         x29=1c002ec2  x2:10000cd8  PA:10000d00
27065398ns          470633 1c009438 10065633 p.exthz          x12, x12, x0        x12=0000003a x12:0000003a
27065418ns          470634 1c00943c e8028293 addi             x5, x5, -384         x5=1c002e80  x5:1c003000
27065438ns          470635 1c009440 ea058593 addi             x11, x11, -352      x11=1c002ea0 x11:1c003000
27065457ns          470636 1c009444 03812483 lw               x9, 56(x2)           x9=1c002ee2  x2:10000cd8  PA:10000d10
27065477ns          470637 1c009446 10064733 p.exths          x14, x12, x0        x14=0000003a x12:0000003a
27065497ns          470638 1c00944a 018280b3 add              x1, x5, x24          x1=1c002e82  x5:1c002e80 x24:00000002
27065517ns          470639 1c00944e 03012f03 lw               x30, 48(x2)         x30=1c002ed2  x2:10000cd8  PA:10000d08
27065537ns          470640 1c009450 018582b3 add              x5, x11, x24         x5=1c002ea2 x11:1c002ea0 x24:00000002
27065557ns          470641 1c009454 04012583 lw               x11, 64(x2)         x11=1c002ef2  x2:10000cd8  PA:10000d18
27065577ns          470642 1c009456 000edd83 lhu              x27, 0(x29)         x27=00001149 x29:1c002ec2  PA:1c002ec2
27065875ns          470657 1c00945a 0004d483 lhu              x9, 0(x9)            x9=00000137  x9:1c002ee2  PA:1c002ee2
27066173ns          470672 1c00945e 02e70333 mul              x6, x14, x14         x6=00000d24 x14:0000003a x14:0000003a
27066193ns          470673 1c009462 40a55513 srai             x10, x10, 0x40a     x10=ffffffff x10:fffffdc1
27066213ns          470674 1c009464 04812e83 lw               x29, 72(x2)         x29=1c002f02  x2:10000cd8  PA:10000d20
27066233ns          470675 1c009466 40a6d693 srai             x13, x13, 0x40a     x13=00000000 x13:00000000
27066253ns          470676 1c009468 000f5d03 lhu              x26, 0(x30)         x26=00000405 x30:1c002ed2  PA:1c002ed2
27066551ns          470691 1c00946c 0005d583 lhu              x11, 0(x11)         x11=00000070 x11:1c002ef2  PA:1c002ef2
27066889ns          470708 1c009470 40a35313 srai             x6, x6, 0x40a        x6=00000003  x6:00000d24
27066909ns          470709 1c009474 00a686b3 add              x13, x13, x10       x13=ffffffff x13:00000000 x10:ffffffff
27066929ns          470710 1c009476 05012f03 lw               x30, 80(x2)         x30=1c002e72  x2:10000cd8  PA:10000d28
27066949ns          470711 1c009478 10034e33 p.exths          x28, x6, x0         x28=00000003  x6:00000003
27066969ns          470712 1c00947c 06911023 sh               x9, 96(x2)           x9:00000137  x2:10000cd8  PA:10000d38
27066989ns          470713 1c009480 000ede83 lhu              x29, 0(x29)         x29=0000002b x29:1c002f02  PA:1c002f02
27067287ns          470728 1c009484 05812483 lw               x9, 88(x2)           x9=1c002e62  x2:10000cd8  PA:10000d30
27067307ns          470729 1c009486 1006d6b3 p.exthz          x13, x13, x0        x13=0000ffff x13:ffffffff
27067327ns          470730 1c00948a 02ee08b3 mul              x17, x28, x14       x17=000000ae x28:00000003 x14:0000003a
27067347ns          470731 1c00948e 1006c833 p.exths          x16, x13, x0        x16=ffffffff x13:0000ffff
27067367ns          470732 1c009492 06b11823 sh               x11, 112(x2)        x11:00000070  x2:10000cd8  PA:10000d48
27067387ns          470733 1c009496 000f5f03 lhu              x30, 0(x30)         x30=0000ff2d x30:1c002e72  PA:1c002e72
27067685ns          470748 1c00949a 0a012583 lw               x11, 160(x2)        x11=1c002e92  x2:10000cd8  PA:10000d78
27067705ns          470749 1c00949c 1007d7b3 p.exthz          x15, x15, x0        x15=0000fffa x15:fffffffa
27067725ns          470750 1c0094a0 0004da03 lhu              x20, 0(x9)          x20=0000fc20  x9:1c002e62  PA:1c002e62
27068043ns          470766 1c0094a4 1007c533 p.exths          x10, x15, x0        x10=fffffffa x15:0000fffa
27068063ns          470767 1c0094a8 09d11023 sh               x29, 128(x2)        x29:0000002b  x2:10000cd8  PA:10000d58
27068083ns          470768 1c0094ac 0003d483 lhu              x9, 0(x7)            x9=0000ffd9  x7:1c002eb2  PA:1c002eb2
27068381ns          470783 1c0094b0 02e80eb3 mul              x29, x16, x14       x29=ffffffc6 x16:ffffffff x14:0000003a
27068401ns          470784 1c0094b4 40a8d893 srai             x17, x17, 0x40a     x17=00000000 x17:000000ae
27068421ns          470785 1c0094b8 03c80833 mul              x16, x16, x28       x16=fffffffd x16:ffffffff x28:00000003
27068441ns          470786 1c0094bc 09e11823 sh               x30, 144(x2)        x30:0000ff2d  x2:10000cd8  PA:10000d68
27068460ns          470787 1c0094c0 0005d983 lhu              x19, 0(x11)         x19=0000ffb4 x11:1c002e92  PA:1c002e92
27068779ns          470803 1c0094c4 81c88f5b p.muls           x30, x17, x28       x30=00000000 x17:00000000 x28:00000003
27068799ns          470804 1c0094c8 0002d583 lhu              x11, 0(x5)          x11=0000ff9a  x5:1c002ea2  PA:1c002ea2
27069117ns          470820 1c0094cc 03ce0fb3 mul              x31, x28, x28       x31=00000009 x28:00000003 x28:00000003
27069137ns          470821 1c0094d0 02e50733 mul              x14, x10, x14       x14=fffffea4 x10:fffffffa x14:0000003a
27069157ns          470822 1c0094d4 40a85813 srai             x16, x16, 0x40a     x16=ffffffff x16:fffffffd
27069176ns          470823 1c0094d8 03c50533 mul              x10, x10, x28       x10=ffffffee x10:fffffffa x28:00000003
27069196ns          470824 1c0094dc 07015e03 lhu              x28, 112(x2)        x28=00000070  x2:10000cd8  PA:10000d48
27069236ns          470826 1c0094e0 01b60633 add              x12, x12, x27       x12=00001183 x12:0000003a x27:00001149
27069256ns          470827 1c0094e2 00980833 add              x16, x16, x9        x16=0000ffd8 x16:ffffffff  x9:0000ffd9
27069276ns          470828 1c0094e4 06015d83 lhu              x27, 96(x2)         x27=00000137  x2:10000cd8  PA:10000d38
27069296ns          470829 1c0094e8 02812483 lw               x9, 40(x2)           x9=1c002ec2  x2:10000cd8  PA:10000d00
27069316ns          470830 1c0094ea 40afdf93 srai             x31, x31, 0x40a     x31=00000000 x31:00000009
27069336ns          470831 1c0094ee 40a55513 srai             x10, x10, 0x40a     x10=ffffffff x10:ffffffee
27069355ns          470832 1c0094f0 01cf8fb3 add              x31, x31, x28       x31=00000070 x31:00000000 x28:00000070
27069375ns          470833 1c0094f2 00b50533 add              x10, x10, x11       x10=0000ff99 x10:ffffffff x11:0000ff9a
27069395ns          470834 1c0094f4 09015e03 lhu              x28, 144(x2)        x28=0000ff2d  x2:10000cd8  PA:10000d68
27069415ns          470835 1c0094f8 03012583 lw               x11, 48(x2)         x11=1c002ed2  x2:10000cd8  PA:10000d08
27069435ns          470836 1c0094fa 00c49023 sh               x12, 0(x9)          x12:00001183  x9:1c002ec2  PA:1c002ec2
27069753ns          470852 1c0094fe 01b888b3 add              x17, x17, x27       x17=00000137 x17:00000000 x27:00000137
27069773ns          470853 1c009500 01a30333 add              x6, x6, x26          x6=00000408  x6:00000003 x26:00000405
27069793ns          470854 1c009502 08015d83 lhu              x27, 128(x2)        x27=0000002b  x2:10000cd8  PA:10000d58
27069813ns          470855 1c009506 0000d903 lhu              x18, 0(x1)          x18=0000fef4  x1:1c002e82  PA:1c002e82
27070111ns          470870 1c00950a 01c686b3 add              x13, x13, x28       x13=0001ff2c x13:0000ffff x28:0000ff2d
27070131ns          470871 1c00950c 00659023 sh               x6, 0(x11)           x6:00000408 x11:1c002ed2  PA:1c002ed2
27070449ns          470887 1c009510 40af5f13 srai             x30, x30, 0x40a     x30=00000000 x30:00000000
27070469ns          470888 1c009514 04812e03 lw               x28, 72(x2)         x28=1c002f02  x2:10000cd8  PA:10000d20
27070489ns          470889 1c009516 01bf0f33 add              x30, x30, x27       x30=0000002b x30:00000000 x27:0000002b
27070509ns          470890 1c009518 40aede93 srai             x29, x29, 0x40a     x29=ffffffff x29:ffffffc6
27070529ns          470891 1c00951c 40a75713 srai             x14, x14, 0x40a     x14=ffffffff x14:fffffea4
27070549ns          470892 1c00951e 03812603 lw               x12, 56(x2)         x12=1c002ee2  x2:10000cd8  PA:10000d10
27070569ns          470893 1c009520 04012d83 lw               x27, 64(x2)         x27=1c002ef2  x2:10000cd8  PA:10000d18
27070588ns          470894 1c009522 01ee1023 sh               x30, 0(x28)         x30:0000002b x28:1c002f02  PA:1c002f02
27070907ns          470910 1c009526 05812483 lw               x9, 88(x2)           x9=1c002e62  x2:10000cd8  PA:10000d30
27070927ns          470911 1c009528 05012f03 lw               x30, 80(x2)         x30=1c002e72  x2:10000cd8  PA:10000d28
27070946ns          470912 1c00952a 0a012583 lw               x11, 160(x2)        x11=1c002e92  x2:10000cd8  PA:10000d78
27070966ns          470913 1c00952c 014787b3 add              x15, x15, x20       x15=0001fc1a x15:0000fffa x20:0000fc20
27070986ns          470914 1c00952e 013e8eb3 add              x29, x29, x19       x29=0000ffb3 x29:ffffffff x19:0000ffb4
27071006ns          470915 1c009530 01270733 add              x14, x14, x18       x14=0000fef3 x14:ffffffff x18:0000fef4
27071026ns          470916 1c009532 00f49023 sh               x15, 0(x9)          x15:0001fc1a  x9:1c002e62  PA:1c002e62
27071344ns          470932 1c009536 01161023 sh               x17, 0(x12)         x17:00000137 x12:1c002ee2  PA:1c002ee2
27071662ns          470948 1c00953a 01fd9023 sh               x31, 0(x27)         x31:00000070 x27:1c002ef2  PA:1c002ef2
27072001ns          470965 1c00953e 00df1023 sh               x13, 0(x30)         x13:0001ff2c x30:1c002e72  PA:1c002e72
27072319ns          470981 1c009542 01d59023 sh               x29, 0(x11)         x29:0000ffb3 x11:1c002e92  PA:1c002e92
27072677ns          470999 1c009546 00e09023 sh               x14, 0(x1)          x14:0000fef3  x1:1c002e82  PA:1c002e82
27072995ns          471015 1c00954a 01039023 sh               x16, 0(x7)          x16:0000ffd8  x7:1c002eb2  PA:1c002eb2
27073313ns          471031 1c00954e 00a29023 sh               x10, 0(x5)          x10:0000ff99  x5:1c002ea2  PA:1c002ea2
27073631ns          471047 1c009552 008b0b13 addi             x22, x22, 8         x22=000000f1 x22:000000e9
27073651ns          471048 1c009554 1f300793 addi             x15, x0, 499        x15=000001f3
27073671ns          471049 1c009558 e767dae3 bge              x15, x22, -396      x15:000001f3 x22:000000f1
27073771ns          471054 1c0093cc 010c9a0b p.lh             x20, 16(x25!)       x20=fffffea9 x25=1c00287a x25:1c00286a  PA:1c00286a
27074129ns          471072 1c0093d0 0104198b p.lh             x19, 16(x8!)        x19=00000141  x8=1c002042  x8:1c002032  PA:1c002032
27074427ns          471087 1c0093d4 2cc10513 addi             x10, x2, 716        x10=10000fa4  x2:10000cd8
27074447ns          471088 1c0093d6 010a990b p.lh             x18, 16(x21!)       x18=fffffed3 x21=1c00186e x21:1c00185e  PA:1c00185e
27074745ns          471103 1c0093da 010b948b p.lh             x9, 16(x23!)         x9=0000016c x23=1c00109e x23:1c00108e  PA:1c00108e
27075043ns          471118 1c0093de 2d411623 sh               x20, 716(x2)        x20:fffffea9  x2:10000cd8  PA:10000fa4
27075083ns          471120 1c0093e2 2d311723 sh               x19, 718(x2)        x19:00000141  x2:10000cd8  PA:10000fa6
27075103ns          471121 1c0093e6 c33ff0ef jal              x1, -974             x1=1c0093e8
27075143ns          471123 1c009018 00051803 lh               x16, 0(x10)         x16=fffffea9 x10:10000fa4  PA:10000fa4
27075163ns          471124 1c00901c 00251883 lh               x17, 2(x10)         x17=00000141 x10:10000fa4  PA:10000fa6
27075222ns          471127 1c009020 030806b3 mul              x13, x16, x16       x13=0001cb91 x16:fffffea9 x16:fffffea9
27075262ns          471129 1c009024 03188633 mul              x12, x17, x17       x12=00019281 x17:00000141 x17:00000141
27075282ns          471130 1c009028 40a65613 srai             x12, x12, 0x40a     x12=00000064 x12:00019281
27075302ns          471131 1c00902a 40a6d693 srai             x13, x13, 0x40a     x13=00000072 x13:0001cb91
27075322ns          471132 1c00902c 00c686b3 add              x13, x13, x12       x13=000000d6 x13:00000072 x12:00000064
27075342ns          471133 1c00902e 1006c633 p.exths          x12, x13, x0        x12=000000d6 x13:000000d6
27075362ns          471134 1c009032 00855703 lhu              x14, 8(x10)         x14=0000ffd1 x10:10000fa4  PA:10000fac
27075382ns          471135 1c009036 00a55683 lhu              x13, 10(x10)        x13=0000ff6a x10:10000fa4  PA:10000fae
27075401ns          471136 1c00903a 02c60333 mul              x6, x12, x12         x6=0000b2e4 x12:000000d6 x12:000000d6
27075421ns          471137 1c00903e 00c55783 lhu              x15, 12(x10)        x15=0000ffe5 x10:10000fa4  PA:10000fb0
27075441ns          471138 1c009042 00e55583 lhu              x11, 14(x10)        x11=00000060 x10:10000fa4  PA:10000fb2
27075461ns          471139 1c009046 dea30333 p.extract        x6, x6, 15, 10       x6=0000002c  x6:0000b2e4
27075481ns          471140 1c00904a 80c7075b p.muls           x14, x14, x12       x14=ffffd8b6 x14:0000ffd1 x12:000000d6
27075501ns          471141 1c00904e 80c686db p.muls           x13, x13, x12       x13=ffff829c x13:0000ff6a x12:000000d6
27075521ns          471142 1c009052 00455e83 lhu              x29, 4(x10)         x29=00000427 x10:10000fa4  PA:10000fa8
27075541ns          471143 1c009056 00655e03 lhu              x28, 6(x10)         x28=0000007f x10:10000fa4  PA:10000faa
27075560ns          471144 1c00905a 40a75713 srai             x14, x14, 0x40a     x14=fffffff6 x14:ffffd8b6
27075580ns          471145 1c00905c 806787db p.muls           x15, x15, x6        x15=fffffb5c x15:0000ffe5  x6:0000002c
27075600ns          471146 1c009060 40a6d693 srai             x13, x13, 0x40a     x13=ffffffe0 x13:ffff829c
27075620ns          471147 1c009062 8065865b p.muls           x12, x11, x6        x12=00001080 x11:00000060  x6:0000002c
27075640ns          471148 1c009066 40a7d793 srai             x15, x15, 0x40a     x15=fffffffe x15:fffffb5c
27075660ns          471149 1c009068 40a65613 srai             x12, x12, 0x40a     x12=00000004 x12:00001080
27075680ns          471150 1c00906a 01d70733 add              x14, x14, x29       x14=0000041d x14:fffffff6 x29:00000427
27075700ns          471151 1c00906c 01c686b3 add              x13, x13, x28       x13=0000005f x13:ffffffe0 x28:0000007f
27075720ns          471152 1c00906e 00c686b3 add              x13, x13, x12       x13=00000063 x13:0000005f x12:00000004
27075739ns          471153 1c009070 00f70733 add              x14, x14, x15       x14=0000041b x14:0000041d x15:fffffffe
27075759ns          471154 1c009072 100747b3 p.exths          x15, x14, x0        x15=0000041b x14:0000041b
27075779ns          471155 1c009076 1006c733 p.exths          x14, x13, x0        x14=00000063 x13:00000063
27075799ns          471156 1c00907a 03170633 mul              x12, x14, x17       x12=00007c23 x14:00000063 x17:00000141
27075819ns          471157 1c00907e 030786b3 mul              x13, x15, x16       x13=fffa7fd3 x15:0000041b x16:fffffea9
27075839ns          471158 1c009082 03070733 mul              x14, x14, x16       x14=ffff7b5b x14:00000063 x16:fffffea9
27075859ns          471159 1c009086 031787b3 mul              x15, x15, x17       x15=000525db x15:0000041b x17:00000141
27075879ns          471160 1c00908a 40a6d693 srai             x13, x13, 0x40a     x13=fffffe9f x13:fffa7fd3
27075899ns          471161 1c00908c 40a65613 srai             x12, x12, 0x40a     x12=0000001f x12:00007c23
27075918ns          471162 1c00908e 40a7d793 srai             x15, x15, 0x40a     x15=00000149 x15:000525db
27075938ns          471163 1c009090 40a75713 srai             x14, x14, 0x40a     x14=ffffffde x14:ffff7b5b
27075958ns          471164 1c009092 40c686b3 sub              x13, x13, x12       x13=fffffe80 x13:fffffe9f x12:0000001f
27075978ns          471165 1c009094 00e787b3 add              x15, x15, x14       x15=00000127 x15:00000149 x14:ffffffde
27075998ns          471166 1c009096 00d51823 sh               x13, 16(x10)        x13:fffffe80 x10:10000fa4  PA:10000fb4
27076018ns          471167 1c00909a 00f51923 sh               x15, 18(x10)        x15:00000127 x10:10000fa4  PA:10000fb6
27076038ns          471168 1c00909e 00008067 jalr             x0, x1, 0            x1:1c0093e8
27076078ns          471170 1c0093e8 2dc15583 lhu              x11, 732(x2)        x11=0000fe80  x2:10000cd8  PA:10000fb4
27076097ns          471171 1c0093ec 2de15783 lhu              x15, 734(x2)        x15=00000127  x2:10000cd8  PA:10000fb6
27076117ns          471172 1c0093f0 40b90933 sub              x18, x18, x11       x18=ffff0053 x18:fffffed3 x11:0000fe80
27076137ns          471173 1c0093f4 40f484b3 sub              x9, x9, x15          x9=00000045  x9:0000016c x15:00000127
27076157ns          471174 1c0093f6 100945b3 p.exths          x11, x18, x0        x11=00000053 x18:ffff0053
27076177ns          471175 1c0093fa 1004c7b3 p.exths          x15, x9, x0         x15=00000045  x9:00000045
27076197ns          471176 1c0093fe 034586b3 mul              x13, x11, x20       x13=ffff90cb x11:00000053 x20:fffffea9
27076217ns          471177 1c009402 03378533 mul              x10, x15, x19       x10=00005685 x15:00000045 x19:00000141
27076237ns          471178 1c009406 034a0633 mul              x12, x20, x20       x12=0001cb91 x20:fffffea9 x20:fffffea9
27076257ns          471179 1c00940a 03398733 mul              x14, x19, x19       x14=00019281 x19:00000141 x19:00000141
27076276ns          471180 1c00940e 034787b3 mul              x15, x15, x20       x15=ffffa38d x15:00000045 x20:fffffea9
27076296ns          471181 1c009412 033585b3 mul              x11, x11, x19       x11=00006813 x11:00000053 x19:00000141
27076316ns          471182 1c009416 40a75713 srai             x14, x14, 0x40a     x14=00000064 x14:00019281
27076336ns          471183 1c009418 40a5d593 srai             x11, x11, 0x40a     x11=0000001a x11:00006813
27076356ns          471184 1c00941a 40a65613 srai             x12, x12, 0x40a     x12=00000072 x12:0001cb91
27076376ns          471185 1c00941c 40a7d793 srai             x15, x15, 0x40a     x15=ffffffe8 x15:ffffa38d
27076396ns          471186 1c00941e 1c0034b7 lui              x9, 0x1c003000       x9=1c003000
27076416ns          471187 1c009422 00e60633 add              x12, x12, x14       x12=000000d6 x12:00000072 x14:00000064
27076436ns          471188 1c009424 40b787b3 sub              x15, x15, x11       x15=ffffffce x15:ffffffe8 x11:0000001a
27076455ns          471189 1c009426 eb048493 addi             x9, x9, -336         x9=1c002eb0  x9:1c003000
27076475ns          471190 1c00942a 1c0032b7 lui              x5, 0x1c003000       x5=1c003000
27076495ns          471191 1c00942e 1c0035b7 lui              x11, 0x1c003000     x11=1c003000
27076515ns          471192 1c009432 018483b3 add              x7, x9, x24          x7=1c002eb2  x9:1c002eb0 x24:00000002
27076535ns          471193 1c009436 02812e83 lw               x29, 40(x2)         x29=1c002ec2  x2:10000cd8  PA:10000d00
27076555ns          471194 1c009438 10065633 p.exthz          x12, x12, x0        x12=000000d6 x12:000000d6
27076575ns          471195 1c00943c e8028293 addi             x5, x5, -384         x5=1c002e80  x5:1c003000
27076595ns          471196 1c009440 ea058593 addi             x11, x11, -352      x11=1c002ea0 x11:1c003000
27076634ns          471198 1c009444 03812483 lw               x9, 56(x2)           x9=1c002ee2  x2:10000cd8  PA:10000d10
27076654ns          471199 1c009446 10064733 p.exths          x14, x12, x0        x14=000000d6 x12:000000d6
27076674ns          471200 1c00944a 018280b3 add              x1, x5, x24          x1=1c002e82  x5:1c002e80 x24:00000002
27076694ns          471201 1c00944e 03012f03 lw               x30, 48(x2)         x30=1c002ed2  x2:10000cd8  PA:10000d08
27076734ns          471203 1c009450 018582b3 add              x5, x11, x24         x5=1c002ea2 x11:1c002ea0 x24:00000002
27076774ns          471205 1c009454 04012583 lw               x11, 64(x2)         x11=1c002ef2  x2:10000cd8  PA:10000d18
27076794ns          471206 1c009456 000edd83 lhu              x27, 0(x29)         x27=00001183 x29:1c002ec2  PA:1c002ec2
27077112ns          471222 1c00945a 0004d483 lhu              x9, 0(x9)            x9=00000137  x9:1c002ee2  PA:1c002ee2
27077410ns          471237 1c00945e 02e70333 mul              x6, x14, x14         x6=0000b2e4 x14:000000d6 x14:000000d6
27077430ns          471238 1c009462 40a55513 srai             x10, x10, 0x40a     x10=00000015 x10:00005685
27077450ns          471239 1c009464 04812e83 lw               x29, 72(x2)         x29=1c002f02  x2:10000cd8  PA:10000d20
27077470ns          471240 1c009466 40a6d693 srai             x13, x13, 0x40a     x13=ffffffe4 x13:ffff90cb
27077490ns          471241 1c009468 000f5d03 lhu              x26, 0(x30)         x26=00000408 x30:1c002ed2  PA:1c002ed2
27077788ns          471256 1c00946c 0005d583 lhu              x11, 0(x11)         x11=00000070 x11:1c002ef2  PA:1c002ef2
27078086ns          471271 1c009470 40a35313 srai             x6, x6, 0x40a        x6=0000002c  x6:0000b2e4
27078106ns          471272 1c009474 00a686b3 add              x13, x13, x10       x13=fffffff9 x13:ffffffe4 x10:00000015
27078126ns          471273 1c009476 05012f03 lw               x30, 80(x2)         x30=1c002e72  x2:10000cd8  PA:10000d28
27078146ns          471274 1c009478 10034e33 p.exths          x28, x6, x0         x28=0000002c  x6:0000002c
27078166ns          471275 1c00947c 06911023 sh               x9, 96(x2)           x9:00000137  x2:10000cd8  PA:10000d38
27078186ns          471276 1c009480 000ede83 lhu              x29, 0(x29)         x29=0000002b x29:1c002f02  PA:1c002f02
27078504ns          471292 1c009484 05812483 lw               x9, 88(x2)           x9=1c002e62  x2:10000cd8  PA:10000d30
27078524ns          471293 1c009486 1006d6b3 p.exthz          x13, x13, x0        x13=0000fff9 x13:fffffff9
27078544ns          471294 1c00948a 02ee08b3 mul              x17, x28, x14       x17=000024c8 x28:0000002c x14:000000d6
27078564ns          471295 1c00948e 1006c833 p.exths          x16, x13, x0        x16=fffffff9 x13:0000fff9
27078583ns          471296 1c009492 06b11823 sh               x11, 112(x2)        x11:00000070  x2:10000cd8  PA:10000d48
27078603ns          471297 1c009496 000f5f03 lhu              x30, 0(x30)         x30=0000ff2c x30:1c002e72  PA:1c002e72
27078961ns          471315 1c00949a 0a012583 lw               x11, 160(x2)        x11=1c002e92  x2:10000cd8  PA:10000d78
27078981ns          471316 1c00949c 1007d7b3 p.exthz          x15, x15, x0        x15=0000ffce x15:ffffffce
27079001ns          471317 1c0094a0 0004da03 lhu              x20, 0(x9)          x20=0000fc1a  x9:1c002e62  PA:1c002e62
27079359ns          471335 1c0094a4 1007c533 p.exths          x10, x15, x0        x10=ffffffce x15:0000ffce
27079379ns          471336 1c0094a8 09d11023 sh               x29, 128(x2)        x29:0000002b  x2:10000cd8  PA:10000d58
27079399ns          471337 1c0094ac 0003d483 lhu              x9, 0(x7)            x9=0000ffd8  x7:1c002eb2  PA:1c002eb2
27079697ns          471352 1c0094b0 02e80eb3 mul              x29, x16, x14       x29=fffffa26 x16:fffffff9 x14:000000d6
27079717ns          471353 1c0094b4 40a8d893 srai             x17, x17, 0x40a     x17=00000009 x17:000024c8
27079737ns          471354 1c0094b8 03c80833 mul              x16, x16, x28       x16=fffffecc x16:fffffff9 x28:0000002c
27079757ns          471355 1c0094bc 09e11823 sh               x30, 144(x2)        x30:0000ff2c  x2:10000cd8  PA:10000d68
27079777ns          471356 1c0094c0 0005d983 lhu              x19, 0(x11)         x19=0000ffb3 x11:1c002e92  PA:1c002e92
27080075ns          471371 1c0094c4 81c88f5b p.muls           x30, x17, x28       x30=0000018c x17:00000009 x28:0000002c
27080095ns          471372 1c0094c8 0002d583 lhu              x11, 0(x5)          x11=0000ff99  x5:1c002ea2  PA:1c002ea2
27080393ns          471387 1c0094cc 03ce0fb3 mul              x31, x28, x28       x31=00000790 x28:0000002c x28:0000002c
27080413ns          471388 1c0094d0 02e50733 mul              x14, x10, x14       x14=ffffd634 x10:ffffffce x14:000000d6
27080433ns          471389 1c0094d4 40a85813 srai             x16, x16, 0x40a     x16=ffffffff x16:fffffecc
27080453ns          471390 1c0094d8 03c50533 mul              x10, x10, x28       x10=fffff768 x10:ffffffce x28:0000002c
27080473ns          471391 1c0094dc 07015e03 lhu              x28, 112(x2)        x28=00000070  x2:10000cd8  PA:10000d48
27080493ns          471392 1c0094e0 01b60633 add              x12, x12, x27       x12=00001259 x12:000000d6 x27:00001183
27080513ns          471393 1c0094e2 00980833 add              x16, x16, x9        x16=0000ffd7 x16:ffffffff  x9:0000ffd8
27080532ns          471394 1c0094e4 06015d83 lhu              x27, 96(x2)         x27=00000137  x2:10000cd8  PA:10000d38
27080552ns          471395 1c0094e8 02812483 lw               x9, 40(x2)           x9=1c002ec2  x2:10000cd8  PA:10000d00
27080572ns          471396 1c0094ea 40afdf93 srai             x31, x31, 0x40a     x31=00000001 x31:00000790
27080592ns          471397 1c0094ee 40a55513 srai             x10, x10, 0x40a     x10=fffffffd x10:fffff768
27080612ns          471398 1c0094f0 01cf8fb3 add              x31, x31, x28       x31=00000071 x31:00000001 x28:00000070
27080632ns          471399 1c0094f2 00b50533 add              x10, x10, x11       x10=0000ff96 x10:fffffffd x11:0000ff99
27080652ns          471400 1c0094f4 09015e03 lhu              x28, 144(x2)        x28=0000ff2c  x2:10000cd8  PA:10000d68
27080672ns          471401 1c0094f8 03012583 lw               x11, 48(x2)         x11=1c002ed2  x2:10000cd8  PA:10000d08
27080692ns          471402 1c0094fa 00c49023 sh               x12, 0(x9)          x12:00001259  x9:1c002ec2  PA:1c002ec2
27081010ns          471418 1c0094fe 01b888b3 add              x17, x17, x27       x17=00000140 x17:00000009 x27:00000137
27081030ns          471419 1c009500 01a30333 add              x6, x6, x26          x6=00000434  x6:0000002c x26:00000408
27081050ns          471420 1c009502 08015d83 lhu              x27, 128(x2)        x27=0000002b  x2:10000cd8  PA:10000d58
27081069ns          471421 1c009506 0000d903 lhu              x18, 0(x1)          x18=0000fef3  x1:1c002e82  PA:1c002e82
27081388ns          471437 1c00950a 01c686b3 add              x13, x13, x28       x13=0001ff25 x13:0000fff9 x28:0000ff2c
27081408ns          471438 1c00950c 00659023 sh               x6, 0(x11)           x6:00000434 x11:1c002ed2  PA:1c002ed2
27081726ns          471454 1c009510 40af5f13 srai             x30, x30, 0x40a     x30=00000000 x30:0000018c
27081746ns          471455 1c009514 04812e03 lw               x28, 72(x2)         x28=1c002f02  x2:10000cd8  PA:10000d20
27081766ns          471456 1c009516 01bf0f33 add              x30, x30, x27       x30=0000002b x30:00000000 x27:0000002b
27081785ns          471457 1c009518 40aede93 srai             x29, x29, 0x40a     x29=fffffffe x29:fffffa26
27081805ns          471458 1c00951c 40a75713 srai             x14, x14, 0x40a     x14=fffffff5 x14:ffffd634
27081825ns          471459 1c00951e 03812603 lw               x12, 56(x2)         x12=1c002ee2  x2:10000cd8  PA:10000d10
27081845ns          471460 1c009520 04012d83 lw               x27, 64(x2)         x27=1c002ef2  x2:10000cd8  PA:10000d18
27081865ns          471461 1c009522 01ee1023 sh               x30, 0(x28)         x30:0000002b x28:1c002f02  PA:1c002f02
27082183ns          471477 1c009526 05812483 lw               x9, 88(x2)           x9=1c002e62  x2:10000cd8  PA:10000d30
27082203ns          471478 1c009528 05012f03 lw               x30, 80(x2)         x30=1c002e72  x2:10000cd8  PA:10000d28
27082223ns          471479 1c00952a 0a012583 lw               x11, 160(x2)        x11=1c002e92  x2:10000cd8  PA:10000d78
27082243ns          471480 1c00952c 014787b3 add              x15, x15, x20       x15=0001fbe8 x15:0000ffce x20:0000fc1a
27082263ns          471481 1c00952e 013e8eb3 add              x29, x29, x19       x29=0000ffb1 x29:fffffffe x19:0000ffb3
27082283ns          471482 1c009530 01270733 add              x14, x14, x18       x14=0000fee8 x14:fffffff5 x18:0000fef3
27082303ns          471483 1c009532 00f49023 sh               x15, 0(x9)          x15:0001fbe8  x9:1c002e62  PA:1c002e62
27082700ns          471503 1c009536 01161023 sh               x17, 0(x12)         x17:00000140 x12:1c002ee2  PA:1c002ee2
27083018ns          471519 1c00953a 01fd9023 sh               x31, 0(x27)         x31:00000071 x27:1c002ef2  PA:1c002ef2
27083337ns          471535 1c00953e 00df1023 sh               x13, 0(x30)         x13:0001ff25 x30:1c002e72  PA:1c002e72
27083655ns          471551 1c009542 01d59023 sh               x29, 0(x11)         x29:0000ffb1 x11:1c002e92  PA:1c002e92
27084013ns          471569 1c009546 00e09023 sh               x14, 0(x1)          x14:0000fee8  x1:1c002e82  PA:1c002e82
27084331ns          471585 1c00954a 01039023 sh               x16, 0(x7)          x16:0000ffd7  x7:1c002eb2  PA:1c002eb2
27084649ns          471601 1c00954e 00a29023 sh               x10, 0(x5)          x10:0000ff96  x5:1c002ea2  PA:1c002ea2
27084968ns          471617 1c009552 008b0b13 addi             x22, x22, 8         x22=000000f9 x22:000000f1
27084987ns          471618 1c009554 1f300793 addi             x15, x0, 499        x15=000001f3
27085007ns          471619 1c009558 e767dae3 bge              x15, x22, -396      x15:000001f3 x22:000000f9
27085107ns          471624 1c0093cc 010c9a0b p.lh             x20, 16(x25!)       x20=ffffff23 x25=1c00288a x25:1c00287a  PA:1c00287a
27085425ns          471640 1c0093d0 0104198b p.lh             x19, 16(x8!)        x19=ffffff86  x8=1c002052  x8:1c002042  PA:1c002042
27085723ns          471655 1c0093d4 2cc10513 addi             x10, x2, 716        x10=10000fa4  x2:10000cd8
27085743ns          471656 1c0093d6 010a990b p.lh             x18, 16(x21!)       x18=ffffff1e x21=1c00187e x21:1c00186e  PA:1c00186e
27086041ns          471671 1c0093da 010b948b p.lh             x9, 16(x23!)         x9=ffffff92 x23=1c0010ae x23:1c00109e  PA:1c00109e
27086340ns          471686 1c0093de 2d411623 sh               x20, 716(x2)        x20:ffffff23  x2:10000cd8  PA:10000fa4
27086380ns          471688 1c0093e2 2d311723 sh               x19, 718(x2)        x19:ffffff86  x2:10000cd8  PA:10000fa6
27086399ns          471689 1c0093e6 c33ff0ef jal              x1, -974             x1=1c0093e8
27086479ns          471693 1c009018 00051803 lh               x16, 0(x10)         x16=ffffff23 x10:10000fa4  PA:10000fa4
27086519ns          471695 1c00901c 00251883 lh               x17, 2(x10)         x17=ffffff86 x10:10000fa4  PA:10000fa6
27086578ns          471698 1c009020 030806b3 mul              x13, x16, x16       x13=0000bec9 x16:ffffff23 x16:ffffff23
27086618ns          471700 1c009024 03188633 mul              x12, x17, x17       x12=00003a24 x17:ffffff86 x17:ffffff86
27086638ns          471701 1c009028 40a65613 srai             x12, x12, 0x40a     x12=0000000e x12:00003a24
27086658ns          471702 1c00902a 40a6d693 srai             x13, x13, 0x40a     x13=0000002f x13:0000bec9
27086678ns          471703 1c00902c 00c686b3 add              x13, x13, x12       x13=0000003d x13:0000002f x12:0000000e
27086698ns          471704 1c00902e 1006c633 p.exths          x12, x13, x0        x12=0000003d x13:0000003d
27086718ns          471705 1c009032 00855703 lhu              x14, 8(x10)         x14=0000ffd1 x10:10000fa4  PA:10000fac
27086738ns          471706 1c009036 00a55683 lhu              x13, 10(x10)        x13=0000ff6a x10:10000fa4  PA:10000fae
27086757ns          471707 1c00903a 02c60333 mul              x6, x12, x12         x6=00000e89 x12:0000003d x12:0000003d
27086797ns          471709 1c00903e 00c55783 lhu              x15, 12(x10)        x15=0000ffe5 x10:10000fa4  PA:10000fb0
27086837ns          471711 1c009042 00e55583 lhu              x11, 14(x10)        x11=00000060 x10:10000fa4  PA:10000fb2
27086857ns          471712 1c009046 dea30333 p.extract        x6, x6, 15, 10       x6=00000003  x6:00000e89
27086877ns          471713 1c00904a 80c7075b p.muls           x14, x14, x12       x14=fffff4cd x14:0000ffd1 x12:0000003d
27086897ns          471714 1c00904e 80c686db p.muls           x13, x13, x12       x13=ffffdc42 x13:0000ff6a x12:0000003d
27086917ns          471715 1c009052 00455e83 lhu              x29, 4(x10)         x29=00000427 x10:10000fa4  PA:10000fa8
27086936ns          471716 1c009056 00655e03 lhu              x28, 6(x10)         x28=0000007f x10:10000fa4  PA:10000faa
27086956ns          471717 1c00905a 40a75713 srai             x14, x14, 0x40a     x14=fffffffd x14:fffff4cd
27086976ns          471718 1c00905c 806787db p.muls           x15, x15, x6        x15=ffffffaf x15:0000ffe5  x6:00000003
27086996ns          471719 1c009060 40a6d693 srai             x13, x13, 0x40a     x13=fffffff7 x13:ffffdc42
27087016ns          471720 1c009062 8065865b p.muls           x12, x11, x6        x12=00000120 x11:00000060  x6:00000003
27087036ns          471721 1c009066 40a7d793 srai             x15, x15, 0x40a     x15=ffffffff x15:ffffffaf
27087056ns          471722 1c009068 40a65613 srai             x12, x12, 0x40a     x12=00000000 x12:00000120
27087076ns          471723 1c00906a 01d70733 add              x14, x14, x29       x14=00000424 x14:fffffffd x29:00000427
27087096ns          471724 1c00906c 01c686b3 add              x13, x13, x28       x13=00000076 x13:fffffff7 x28:0000007f
27087115ns          471725 1c00906e 00c686b3 add              x13, x13, x12       x13=00000076 x13:00000076 x12:00000000
27087135ns          471726 1c009070 00f70733 add              x14, x14, x15       x14=00000423 x14:00000424 x15:ffffffff
27087155ns          471727 1c009072 100747b3 p.exths          x15, x14, x0        x15=00000423 x14:00000423
27087175ns          471728 1c009076 1006c733 p.exths          x14, x13, x0        x14=00000076 x13:00000076
27087195ns          471729 1c00907a 03170633 mul              x12, x14, x17       x12=ffffc7c4 x14:00000076 x17:ffffff86
27087215ns          471730 1c00907e 030786b3 mul              x13, x15, x16       x13=fffc6dc9 x15:00000423 x16:ffffff23
27087235ns          471731 1c009082 03070733 mul              x14, x14, x16       x14=ffff9a22 x14:00000076 x16:ffffff23
27087255ns          471732 1c009086 031787b3 mul              x15, x15, x17       x15=fffe0752 x15:00000423 x17:ffffff86
27087275ns          471733 1c00908a 40a6d693 srai             x13, x13, 0x40a     x13=ffffff1b x13:fffc6dc9
27087294ns          471734 1c00908c 40a65613 srai             x12, x12, 0x40a     x12=fffffff1 x12:ffffc7c4
27087314ns          471735 1c00908e 40a7d793 srai             x15, x15, 0x40a     x15=ffffff81 x15:fffe0752
27087334ns          471736 1c009090 40a75713 srai             x14, x14, 0x40a     x14=ffffffe6 x14:ffff9a22
27087354ns          471737 1c009092 40c686b3 sub              x13, x13, x12       x13=ffffff2a x13:ffffff1b x12:fffffff1
27087374ns          471738 1c009094 00e787b3 add              x15, x15, x14       x15=ffffff67 x15:ffffff81 x14:ffffffe6
27087394ns          471739 1c009096 00d51823 sh               x13, 16(x10)        x13:ffffff2a x10:10000fa4  PA:10000fb4
27087414ns          471740 1c00909a 00f51923 sh               x15, 18(x10)        x15:ffffff67 x10:10000fa4  PA:10000fb6
27087434ns          471741 1c00909e 00008067 jalr             x0, x1, 0            x1:1c0093e8
27087473ns          471743 1c0093e8 2dc15583 lhu              x11, 732(x2)        x11=0000ff2a  x2:10000cd8  PA:10000fb4
27087493ns          471744 1c0093ec 2de15783 lhu              x15, 734(x2)        x15=0000ff67  x2:10000cd8  PA:10000fb6
27087513ns          471745 1c0093f0 40b90933 sub              x18, x18, x11       x18=fffefff4 x18:ffffff1e x11:0000ff2a
27087533ns          471746 1c0093f4 40f484b3 sub              x9, x9, x15          x9=ffff002b  x9:ffffff92 x15:0000ff67
27087553ns          471747 1c0093f6 100945b3 p.exths          x11, x18, x0        x11=fffffff4 x18:fffefff4
27087573ns          471748 1c0093fa 1004c7b3 p.exths          x15, x9, x0         x15=0000002b  x9:ffff002b
27087593ns          471749 1c0093fe 034586b3 mul              x13, x11, x20       x13=00000a5c x11:fffffff4 x20:ffffff23
27087613ns          471750 1c009402 03378533 mul              x10, x15, x19       x10=ffffeb82 x15:0000002b x19:ffffff86
27087633ns          471751 1c009406 034a0633 mul              x12, x20, x20       x12=0000bec9 x20:ffffff23 x20:ffffff23
27087652ns          471752 1c00940a 03398733 mul              x14, x19, x19       x14=00003a24 x19:ffffff86 x19:ffffff86
27087672ns          471753 1c00940e 034787b3 mul              x15, x15, x20       x15=ffffdae1 x15:0000002b x20:ffffff23
27087692ns          471754 1c009412 033585b3 mul              x11, x11, x19       x11=000005b8 x11:fffffff4 x19:ffffff86
27087712ns          471755 1c009416 40a75713 srai             x14, x14, 0x40a     x14=0000000e x14:00003a24
27087732ns          471756 1c009418 40a5d593 srai             x11, x11, 0x40a     x11=00000001 x11:000005b8
27087752ns          471757 1c00941a 40a65613 srai             x12, x12, 0x40a     x12=0000002f x12:0000bec9
27087772ns          471758 1c00941c 40a7d793 srai             x15, x15, 0x40a     x15=fffffff6 x15:ffffdae1
27087792ns          471759 1c00941e 1c0034b7 lui              x9, 0x1c003000       x9=1c003000
27087812ns          471760 1c009422 00e60633 add              x12, x12, x14       x12=0000003d x12:0000002f x14:0000000e
27087831ns          471761 1c009424 40b787b3 sub              x15, x15, x11       x15=fffffff5 x15:fffffff6 x11:00000001
27087851ns          471762 1c009426 eb048493 addi             x9, x9, -336         x9=1c002eb0  x9:1c003000
27087871ns          471763 1c00942a 1c0032b7 lui              x5, 0x1c003000       x5=1c003000
27087891ns          471764 1c00942e 1c0035b7 lui              x11, 0x1c003000     x11=1c003000
27087911ns          471765 1c009432 018483b3 add              x7, x9, x24          x7=1c002eb2  x9:1c002eb0 x24:00000002
27087931ns          471766 1c009436 02812e83 lw               x29, 40(x2)         x29=1c002ec2  x2:10000cd8  PA:10000d00
27087951ns          471767 1c009438 10065633 p.exthz          x12, x12, x0        x12=0000003d x12:0000003d
27087971ns          471768 1c00943c e8028293 addi             x5, x5, -384         x5=1c002e80  x5:1c003000
27087990ns          471769 1c009440 ea058593 addi             x11, x11, -352      x11=1c002ea0 x11:1c003000
27088030ns          471771 1c009444 03812483 lw               x9, 56(x2)           x9=1c002ee2  x2:10000cd8  PA:10000d10
27088050ns          471772 1c009446 10064733 p.exths          x14, x12, x0        x14=0000003d x12:0000003d
27088070ns          471773 1c00944a 018280b3 add              x1, x5, x24          x1=1c002e82  x5:1c002e80 x24:00000002
27088090ns          471774 1c00944e 03012f03 lw               x30, 48(x2)         x30=1c002ed2  x2:10000cd8  PA:10000d08
27088130ns          471776 1c009450 018582b3 add              x5, x11, x24         x5=1c002ea2 x11:1c002ea0 x24:00000002
27088169ns          471778 1c009454 04012583 lw               x11, 64(x2)         x11=1c002ef2  x2:10000cd8  PA:10000d18
27088189ns          471779 1c009456 000edd83 lhu              x27, 0(x29)         x27=00001259 x29:1c002ec2  PA:1c002ec2
27088488ns          471794 1c00945a 0004d483 lhu              x9, 0(x9)            x9=00000140  x9:1c002ee2  PA:1c002ee2
27088786ns          471809 1c00945e 02e70333 mul              x6, x14, x14         x6=00000e89 x14:0000003d x14:0000003d
27088806ns          471810 1c009462 40a55513 srai             x10, x10, 0x40a     x10=fffffffa x10:ffffeb82
27088826ns          471811 1c009464 04812e83 lw               x29, 72(x2)         x29=1c002f02  x2:10000cd8  PA:10000d20
27088846ns          471812 1c009466 40a6d693 srai             x13, x13, 0x40a     x13=00000002 x13:00000a5c
27088866ns          471813 1c009468 000f5d03 lhu              x26, 0(x30)         x26=00000434 x30:1c002ed2  PA:1c002ed2
27089184ns          471829 1c00946c 0005d583 lhu              x11, 0(x11)         x11=00000071 x11:1c002ef2  PA:1c002ef2
27089542ns          471847 1c009470 40a35313 srai             x6, x6, 0x40a        x6=00000003  x6:00000e89
27089562ns          471848 1c009474 00a686b3 add              x13, x13, x10       x13=fffffffc x13:00000002 x10:fffffffa
27089582ns          471849 1c009476 05012f03 lw               x30, 80(x2)         x30=1c002e72  x2:10000cd8  PA:10000d28
27089601ns          471850 1c009478 10034e33 p.exths          x28, x6, x0         x28=00000003  x6:00000003
27089621ns          471851 1c00947c 06911023 sh               x9, 96(x2)           x9:00000140  x2:10000cd8  PA:10000d38
27089641ns          471852 1c009480 000ede83 lhu              x29, 0(x29)         x29=0000002b x29:1c002f02  PA:1c002f02
27089940ns          471867 1c009484 05812483 lw               x9, 88(x2)           x9=1c002e62  x2:10000cd8  PA:10000d30
27089959ns          471868 1c009486 1006d6b3 p.exthz          x13, x13, x0        x13=0000fffc x13:fffffffc
27089979ns          471869 1c00948a 02ee08b3 mul              x17, x28, x14       x17=000000b7 x28:00000003 x14:0000003d
27089999ns          471870 1c00948e 1006c833 p.exths          x16, x13, x0        x16=fffffffc x13:0000fffc
27090019ns          471871 1c009492 06b11823 sh               x11, 112(x2)        x11:00000071  x2:10000cd8  PA:10000d48
27090039ns          471872 1c009496 000f5f03 lhu              x30, 0(x30)         x30=0000ff25 x30:1c002e72  PA:1c002e72
27090377ns          471889 1c00949a 0a012583 lw               x11, 160(x2)        x11=1c002e92  x2:10000cd8  PA:10000d78
27090397ns          471890 1c00949c 1007d7b3 p.exthz          x15, x15, x0        x15=0000fff5 x15:fffffff5
27090417ns          471891 1c0094a0 0004da03 lhu              x20, 0(x9)          x20=0000fbe8  x9:1c002e62  PA:1c002e62
27090815ns          471911 1c0094a4 1007c533 p.exths          x10, x15, x0        x10=fffffff5 x15:0000fff5
27090834ns          471912 1c0094a8 09d11023 sh               x29, 128(x2)        x29:0000002b  x2:10000cd8  PA:10000d58
27090854ns          471913 1c0094ac 0003d483 lhu              x9, 0(x7)            x9=0000ffd7  x7:1c002eb2  PA:1c002eb2
27091153ns          471928 1c0094b0 02e80eb3 mul              x29, x16, x14       x29=ffffff0c x16:fffffffc x14:0000003d
27091173ns          471929 1c0094b4 40a8d893 srai             x17, x17, 0x40a     x17=00000000 x17:000000b7
27091192ns          471930 1c0094b8 03c80833 mul              x16, x16, x28       x16=fffffff4 x16:fffffffc x28:00000003
27091212ns          471931 1c0094bc 09e11823 sh               x30, 144(x2)        x30:0000ff25  x2:10000cd8  PA:10000d68
27091232ns          471932 1c0094c0 0005d983 lhu              x19, 0(x11)         x19=0000ffb1 x11:1c002e92  PA:1c002e92
27091531ns          471947 1c0094c4 81c88f5b p.muls           x30, x17, x28       x30=00000000 x17:00000000 x28:00000003
27091550ns          471948 1c0094c8 0002d583 lhu              x11, 0(x5)          x11=0000ff96  x5:1c002ea2  PA:1c002ea2
27091889ns          471965 1c0094cc 03ce0fb3 mul              x31, x28, x28       x31=00000009 x28:00000003 x28:00000003
27091908ns          471966 1c0094d0 02e50733 mul              x14, x10, x14       x14=fffffd61 x10:fffffff5 x14:0000003d
27091928ns          471967 1c0094d4 40a85813 srai             x16, x16, 0x40a     x16=ffffffff x16:fffffff4
27091948ns          471968 1c0094d8 03c50533 mul              x10, x10, x28       x10=ffffffdf x10:fffffff5 x28:00000003
27091968ns          471969 1c0094dc 07015e03 lhu              x28, 112(x2)        x28=00000071  x2:10000cd8  PA:10000d48
27092008ns          471971 1c0094e0 01b60633 add              x12, x12, x27       x12=00001296 x12:0000003d x27:00001259
27092028ns          471972 1c0094e2 00980833 add              x16, x16, x9        x16=0000ffd6 x16:ffffffff  x9:0000ffd7
27092048ns          471973 1c0094e4 06015d83 lhu              x27, 96(x2)         x27=00000140  x2:10000cd8  PA:10000d38
27092068ns          471974 1c0094e8 02812483 lw               x9, 40(x2)           x9=1c002ec2  x2:10000cd8  PA:10000d00
27092087ns          471975 1c0094ea 40afdf93 srai             x31, x31, 0x40a     x31=00000000 x31:00000009
27092107ns          471976 1c0094ee 40a55513 srai             x10, x10, 0x40a     x10=ffffffff x10:ffffffdf
27092127ns          471977 1c0094f0 01cf8fb3 add              x31, x31, x28       x31=00000071 x31:00000000 x28:00000071
27092147ns          471978 1c0094f2 00b50533 add              x10, x10, x11       x10=0000ff95 x10:ffffffff x11:0000ff96
27092167ns          471979 1c0094f4 09015e03 lhu              x28, 144(x2)        x28=0000ff25  x2:10000cd8  PA:10000d68
27092187ns          471980 1c0094f8 03012583 lw               x11, 48(x2)         x11=1c002ed2  x2:10000cd8  PA:10000d08
27092207ns          471981 1c0094fa 00c49023 sh               x12, 0(x9)          x12:00001296  x9:1c002ec2  PA:1c002ec2
27092525ns          471997 1c0094fe 01b888b3 add              x17, x17, x27       x17=00000140 x17:00000000 x27:00000140
27092545ns          471998 1c009500 01a30333 add              x6, x6, x26          x6=00000437  x6:00000003 x26:00000434
27092565ns          471999 1c009502 08015d83 lhu              x27, 128(x2)        x27=0000002b  x2:10000cd8  PA:10000d58
27092585ns          472000 1c009506 0000d903 lhu              x18, 0(x1)          x18=0000fee8  x1:1c002e82  PA:1c002e82
27092903ns          472016 1c00950a 01c686b3 add              x13, x13, x28       x13=0001ff21 x13:0000fffc x28:0000ff25
27092923ns          472017 1c00950c 00659023 sh               x6, 0(x11)           x6:00000437 x11:1c002ed2  PA:1c002ed2
27093261ns          472034 1c009510 40af5f13 srai             x30, x30, 0x40a     x30=00000000 x30:00000000
27093281ns          472035 1c009514 04812e03 lw               x28, 72(x2)         x28=1c002f02  x2:10000cd8  PA:10000d20
27093301ns          472036 1c009516 01bf0f33 add              x30, x30, x27       x30=0000002b x30:00000000 x27:0000002b
27093320ns          472037 1c009518 40aede93 srai             x29, x29, 0x40a     x29=ffffffff x29:ffffff0c
27093340ns          472038 1c00951c 40a75713 srai             x14, x14, 0x40a     x14=ffffffff x14:fffffd61
27093360ns          472039 1c00951e 03812603 lw               x12, 56(x2)         x12=1c002ee2  x2:10000cd8  PA:10000d10
27093380ns          472040 1c009520 04012d83 lw               x27, 64(x2)         x27=1c002ef2  x2:10000cd8  PA:10000d18
27093400ns          472041 1c009522 01ee1023 sh               x30, 0(x28)         x30:0000002b x28:1c002f02  PA:1c002f02
27093718ns          472057 1c009526 05812483 lw               x9, 88(x2)           x9=1c002e62  x2:10000cd8  PA:10000d30
27093738ns          472058 1c009528 05012f03 lw               x30, 80(x2)         x30=1c002e72  x2:10000cd8  PA:10000d28
27093758ns          472059 1c00952a 0a012583 lw               x11, 160(x2)        x11=1c002e92  x2:10000cd8  PA:10000d78
27093778ns          472060 1c00952c 014787b3 add              x15, x15, x20       x15=0001fbdd x15:0000fff5 x20:0000fbe8
27093798ns          472061 1c00952e 013e8eb3 add              x29, x29, x19       x29=0000ffb0 x29:ffffffff x19:0000ffb1
27093818ns          472062 1c009530 01270733 add              x14, x14, x18       x14=0000fee7 x14:ffffffff x18:0000fee8
27093838ns          472063 1c009532 00f49023 sh               x15, 0(x9)          x15:0001fbdd  x9:1c002e62  PA:1c002e62
27094156ns          472079 1c009536 01161023 sh               x17, 0(x12)         x17:00000140 x12:1c002ee2  PA:1c002ee2
27094474ns          472095 1c00953a 01fd9023 sh               x31, 0(x27)         x31:00000071 x27:1c002ef2  PA:1c002ef2
27094792ns          472111 1c00953e 00df1023 sh               x13, 0(x30)         x13:0001ff21 x30:1c002e72  PA:1c002e72
27095250ns          472134 1c009542 01d59023 sh               x29, 0(x11)         x29:0000ffb0 x11:1c002e92  PA:1c002e92
27095568ns          472150 1c009546 00e09023 sh               x14, 0(x1)          x14:0000fee7  x1:1c002e82  PA:1c002e82
27095886ns          472166 1c00954a 01039023 sh               x16, 0(x7)          x16:0000ffd6  x7:1c002eb2  PA:1c002eb2
27096204ns          472182 1c00954e 00a29023 sh               x10, 0(x5)          x10:0000ff95  x5:1c002ea2  PA:1c002ea2
27096522ns          472198 1c009552 008b0b13 addi             x22, x22, 8         x22=00000101 x22:000000f9
27096542ns          472199 1c009554 1f300793 addi             x15, x0, 499        x15=000001f3
27096562ns          472200 1c009558 e767dae3 bge              x15, x22, -396      x15:000001f3 x22:00000101
27096622ns          472203 1c0093cc 010c9a0b p.lh             x20, 16(x25!)       x20=ffffff8c x25=1c00289a x25:1c00288a  PA:1c00288a
27096940ns          472219 1c0093d0 0104198b p.lh             x19, 16(x8!)        x19=000002aa  x8=1c002062  x8:1c002052  PA:1c002052
27097258ns          472235 1c0093d4 2cc10513 addi             x10, x2, 716        x10=10000fa4  x2:10000cd8
27097278ns          472236 1c0093d6 010a990b p.lh             x18, 16(x21!)       x18=0000002b x21=1c00188e x21:1c00187e  PA:1c00187e
27097596ns          472252 1c0093da 010b948b p.lh             x9, 16(x23!)         x9=000002a2 x23=1c0010be x23:1c0010ae  PA:1c0010ae
27097915ns          472268 1c0093de 2d411623 sh               x20, 716(x2)        x20:ffffff8c  x2:10000cd8  PA:10000fa4
27097954ns          472270 1c0093e2 2d311723 sh               x19, 718(x2)        x19:000002aa  x2:10000cd8  PA:10000fa6
27097974ns          472271 1c0093e6 c33ff0ef jal              x1, -974             x1=1c0093e8
27098014ns          472273 1c009018 00051803 lh               x16, 0(x10)         x16=ffffff8c x10:10000fa4  PA:10000fa4
27098074ns          472276 1c00901c 00251883 lh               x17, 2(x10)         x17=000002aa x10:10000fa4  PA:10000fa6
27098094ns          472277 1c009020 030806b3 mul              x13, x16, x16       x13=00003490 x16:ffffff8c x16:ffffff8c
27098113ns          472278 1c009024 03188633 mul              x12, x17, x17       x12=000718e4 x17:000002aa x17:000002aa
27098133ns          472279 1c009028 40a65613 srai             x12, x12, 0x40a     x12=000001c6 x12:000718e4
27098153ns          472280 1c00902a 40a6d693 srai             x13, x13, 0x40a     x13=0000000d x13:00003490
27098173ns          472281 1c00902c 00c686b3 add              x13, x13, x12       x13=000001d3 x13:0000000d x12:000001c6
27098193ns          472282 1c00902e 1006c633 p.exths          x12, x13, x0        x12=000001d3 x13:000001d3
27098213ns          472283 1c009032 00855703 lhu              x14, 8(x10)         x14=0000ffd1 x10:10000fa4  PA:10000fac
27098253ns          472285 1c009036 00a55683 lhu              x13, 10(x10)        x13=0000ff6a x10:10000fa4  PA:10000fae
27098273ns          472286 1c00903a 02c60333 mul              x6, x12, x12         x6=000353e9 x12:000001d3 x12:000001d3
27098312ns          472288 1c00903e 00c55783 lhu              x15, 12(x10)        x15=0000ffe5 x10:10000fa4  PA:10000fb0
27098372ns          472291 1c009042 00e55583 lhu              x11, 14(x10)        x11=00000060 x10:10000fa4  PA:10000fb2
27098392ns          472292 1c009046 dea30333 p.extract        x6, x6, 15, 10       x6=000000d4  x6:000353e9
27098412ns          472293 1c00904a 80c7075b p.muls           x14, x14, x12       x14=ffffaa43 x14:0000ffd1 x12:000001d3
27098452ns          472295 1c00904e 80c686db p.muls           x13, x13, x12       x13=fffeee5e x13:0000ff6a x12:000001d3
27098491ns          472297 1c009052 00455e83 lhu              x29, 4(x10)         x29=00000427 x10:10000fa4  PA:10000fa8
27098511ns          472298 1c009056 00655e03 lhu              x28, 6(x10)         x28=0000007f x10:10000fa4  PA:10000faa
27098531ns          472299 1c00905a 40a75713 srai             x14, x14, 0x40a     x14=ffffffea x14:ffffaa43
27098551ns          472300 1c00905c 806787db p.muls           x15, x15, x6        x15=ffffe9a4 x15:0000ffe5  x6:000000d4
27098591ns          472302 1c009060 40a6d693 srai             x13, x13, 0x40a     x13=ffffffbb x13:fffeee5e
27098631ns          472304 1c009062 8065865b p.muls           x12, x11, x6        x12=00004f80 x11:00000060  x6:000000d4
27098650ns          472305 1c009066 40a7d793 srai             x15, x15, 0x40a     x15=fffffffa x15:ffffe9a4
27098670ns          472306 1c009068 40a65613 srai             x12, x12, 0x40a     x12=00000013 x12:00004f80
27098690ns          472307 1c00906a 01d70733 add              x14, x14, x29       x14=00000411 x14:ffffffea x29:00000427
27098710ns          472308 1c00906c 01c686b3 add              x13, x13, x28       x13=0000003a x13:ffffffbb x28:0000007f
27098730ns          472309 1c00906e 00c686b3 add              x13, x13, x12       x13=0000004d x13:0000003a x12:00000013
27098750ns          472310 1c009070 00f70733 add              x14, x14, x15       x14=0000040b x14:00000411 x15:fffffffa
27098770ns          472311 1c009072 100747b3 p.exths          x15, x14, x0        x15=0000040b x14:0000040b
27098790ns          472312 1c009076 1006c733 p.exths          x14, x13, x0        x14=0000004d x13:0000004d
27098810ns          472313 1c00907a 03170633 mul              x12, x14, x17       x12=0000cd22 x14:0000004d x17:000002aa
27098829ns          472314 1c00907e 030786b3 mul              x13, x15, x16       x13=fffe2b04 x15:0000040b x16:ffffff8c
27098849ns          472315 1c009082 03070733 mul              x14, x14, x16       x14=ffffdd1c x14:0000004d x16:ffffff8c
27098869ns          472316 1c009086 031787b3 mul              x15, x15, x17       x15=000ac54e x15:0000040b x17:000002aa
27098889ns          472317 1c00908a 40a6d693 srai             x13, x13, 0x40a     x13=ffffff8a x13:fffe2b04
27098909ns          472318 1c00908c 40a65613 srai             x12, x12, 0x40a     x12=00000033 x12:0000cd22
27098929ns          472319 1c00908e 40a7d793 srai             x15, x15, 0x40a     x15=000002b1 x15:000ac54e
27098949ns          472320 1c009090 40a75713 srai             x14, x14, 0x40a     x14=fffffff7 x14:ffffdd1c
27098969ns          472321 1c009092 40c686b3 sub              x13, x13, x12       x13=ffffff57 x13:ffffff8a x12:00000033
27098989ns          472322 1c009094 00e787b3 add              x15, x15, x14       x15=000002a8 x15:000002b1 x14:fffffff7
27099008ns          472323 1c009096 00d51823 sh               x13, 16(x10)        x13:ffffff57 x10:10000fa4  PA:10000fb4
27099028ns          472324 1c00909a 00f51923 sh               x15, 18(x10)        x15:000002a8 x10:10000fa4  PA:10000fb6
27099048ns          472325 1c00909e 00008067 jalr             x0, x1, 0            x1:1c0093e8
27099128ns          472329 1c0093e8 2dc15583 lhu              x11, 732(x2)        x11=0000ff57  x2:10000cd8  PA:10000fb4
27099148ns          472330 1c0093ec 2de15783 lhu              x15, 734(x2)        x15=000002a8  x2:10000cd8  PA:10000fb6
27099168ns          472331 1c0093f0 40b90933 sub              x18, x18, x11       x18=ffff00d4 x18:0000002b x11:0000ff57
27099187ns          472332 1c0093f4 40f484b3 sub              x9, x9, x15          x9=fffffffa  x9:000002a2 x15:000002a8
27099207ns          472333 1c0093f6 100945b3 p.exths          x11, x18, x0        x11=000000d4 x18:ffff00d4
27099227ns          472334 1c0093fa 1004c7b3 p.exths          x15, x9, x0         x15=fffffffa  x9:fffffffa
27099247ns          472335 1c0093fe 034586b3 mul              x13, x11, x20       x13=ffff9ff0 x11:000000d4 x20:ffffff8c
27099267ns          472336 1c009402 03378533 mul              x10, x15, x19       x10=fffff004 x15:fffffffa x19:000002aa
27099287ns          472337 1c009406 034a0633 mul              x12, x20, x20       x12=00003490 x20:ffffff8c x20:ffffff8c
27099307ns          472338 1c00940a 03398733 mul              x14, x19, x19       x14=000718e4 x19:000002aa x19:000002aa
27099366ns          472341 1c00940e 034787b3 mul              x15, x15, x20       x15=000002b8 x15:fffffffa x20:ffffff8c
27099406ns          472343 1c009412 033585b3 mul              x11, x11, x19       x11=000234c8 x11:000000d4 x19:000002aa
27099426ns          472344 1c009416 40a75713 srai             x14, x14, 0x40a     x14=000001c6 x14:000718e4
27099446ns          472345 1c009418 40a5d593 srai             x11, x11, 0x40a     x11=0000008d x11:000234c8
27099466ns          472346 1c00941a 40a65613 srai             x12, x12, 0x40a     x12=0000000d x12:00003490
27099486ns          472347 1c00941c 40a7d793 srai             x15, x15, 0x40a     x15=00000000 x15:000002b8
27099506ns          472348 1c00941e 1c0034b7 lui              x9, 0x1c003000       x9=1c003000
27099526ns          472349 1c009422 00e60633 add              x12, x12, x14       x12=000001d3 x12:0000000d x14:000001c6
27099545ns          472350 1c009424 40b787b3 sub              x15, x15, x11       x15=ffffff73 x15:00000000 x11:0000008d
27099565ns          472351 1c009426 eb048493 addi             x9, x9, -336         x9=1c002eb0  x9:1c003000
27099585ns          472352 1c00942a 1c0032b7 lui              x5, 0x1c003000       x5=1c003000
27099605ns          472353 1c00942e 1c0035b7 lui              x11, 0x1c003000     x11=1c003000
27099625ns          472354 1c009432 018483b3 add              x7, x9, x24          x7=1c002eb2  x9:1c002eb0 x24:00000002
27099645ns          472355 1c009436 02812e83 lw               x29, 40(x2)         x29=1c002ec2  x2:10000cd8  PA:10000d00
27099665ns          472356 1c009438 10065633 p.exthz          x12, x12, x0        x12=000001d3 x12:000001d3
27099685ns          472357 1c00943c e8028293 addi             x5, x5, -384         x5=1c002e80  x5:1c003000
27099705ns          472358 1c009440 ea058593 addi             x11, x11, -352      x11=1c002ea0 x11:1c003000
27099724ns          472359 1c009444 03812483 lw               x9, 56(x2)           x9=1c002ee2  x2:10000cd8  PA:10000d10
27099744ns          472360 1c009446 10064733 p.exths          x14, x12, x0        x14=000001d3 x12:000001d3
27099764ns          472361 1c00944a 018280b3 add              x1, x5, x24          x1=1c002e82  x5:1c002e80 x24:00000002
27099784ns          472362 1c00944e 03012f03 lw               x30, 48(x2)         x30=1c002ed2  x2:10000cd8  PA:10000d08
27099804ns          472363 1c009450 018582b3 add              x5, x11, x24         x5=1c002ea2 x11:1c002ea0 x24:00000002
27099824ns          472364 1c009454 04012583 lw               x11, 64(x2)         x11=1c002ef2  x2:10000cd8  PA:10000d18
27099844ns          472365 1c009456 000edd83 lhu              x27, 0(x29)         x27=00001296 x29:1c002ec2  PA:1c002ec2
27100142ns          472380 1c00945a 0004d483 lhu              x9, 0(x9)            x9=00000140  x9:1c002ee2  PA:1c002ee2
27100440ns          472395 1c00945e 02e70333 mul              x6, x14, x14         x6=000353e9 x14:000001d3 x14:000001d3
27100460ns          472396 1c009462 40a55513 srai             x10, x10, 0x40a     x10=fffffffc x10:fffff004
27100480ns          472397 1c009464 04812e83 lw               x29, 72(x2)         x29=1c002f02  x2:10000cd8  PA:10000d20
27100500ns          472398 1c009466 40a6d693 srai             x13, x13, 0x40a     x13=ffffffe7 x13:ffff9ff0
27100520ns          472399 1c009468 000f5d03 lhu              x26, 0(x30)         x26=00000437 x30:1c002ed2  PA:1c002ed2
27100858ns          472416 1c00946c 0005d583 lhu              x11, 0(x11)         x11=00000071 x11:1c002ef2  PA:1c002ef2
27101256ns          472436 1c009470 40a35313 srai             x6, x6, 0x40a        x6=000000d4  x6:000353e9
27101276ns          472437 1c009474 00a686b3 add              x13, x13, x10       x13=ffffffe3 x13:ffffffe7 x10:fffffffc
27101296ns          472438 1c009476 05012f03 lw               x30, 80(x2)         x30=1c002e72  x2:10000cd8  PA:10000d28
27101315ns          472439 1c009478 10034e33 p.exths          x28, x6, x0         x28=000000d4  x6:000000d4
27101335ns          472440 1c00947c 06911023 sh               x9, 96(x2)           x9:00000140  x2:10000cd8  PA:10000d38
27101355ns          472441 1c009480 000ede83 lhu              x29, 0(x29)         x29=0000002b x29:1c002f02  PA:1c002f02
27101654ns          472456 1c009484 05812483 lw               x9, 88(x2)           x9=1c002e62  x2:10000cd8  PA:10000d30
27101673ns          472457 1c009486 1006d6b3 p.exthz          x13, x13, x0        x13=0000ffe3 x13:ffffffe3
27101693ns          472458 1c00948a 02ee08b3 mul              x17, x28, x14       x17=000182bc x28:000000d4 x14:000001d3
27101713ns          472459 1c00948e 1006c833 p.exths          x16, x13, x0        x16=ffffffe3 x13:0000ffe3
27101733ns          472460 1c009492 06b11823 sh               x11, 112(x2)        x11:00000071  x2:10000cd8  PA:10000d48
27101753ns          472461 1c009496 000f5f03 lhu              x30, 0(x30)         x30=0000ff21 x30:1c002e72  PA:1c002e72
27102051ns          472476 1c00949a 0a012583 lw               x11, 160(x2)        x11=1c002e92  x2:10000cd8  PA:10000d78
27102071ns          472477 1c00949c 1007d7b3 p.exthz          x15, x15, x0        x15=0000ff73 x15:ffffff73
27102091ns          472478 1c0094a0 0004da03 lhu              x20, 0(x9)          x20=0000fbdd  x9:1c002e62  PA:1c002e62
27102509ns          472499 1c0094a4 1007c533 p.exths          x10, x15, x0        x10=ffffff73 x15:0000ff73
27102529ns          472500 1c0094a8 09d11023 sh               x29, 128(x2)        x29:0000002b  x2:10000cd8  PA:10000d58
27102549ns          472501 1c0094ac 0003d483 lhu              x9, 0(x7)            x9=0000ffd6  x7:1c002eb2  PA:1c002eb2
27102847ns          472516 1c0094b0 02e80eb3 mul              x29, x16, x14       x29=ffffcb19 x16:ffffffe3 x14:000001d3
27102867ns          472517 1c0094b4 40a8d893 srai             x17, x17, 0x40a     x17=00000060 x17:000182bc
27102887ns          472518 1c0094b8 03c80833 mul              x16, x16, x28       x16=ffffe7fc x16:ffffffe3 x28:000000d4
27102906ns          472519 1c0094bc 09e11823 sh               x30, 144(x2)        x30:0000ff21  x2:10000cd8  PA:10000d68
27102926ns          472520 1c0094c0 0005d983 lhu              x19, 0(x11)         x19=0000ffb0 x11:1c002e92  PA:1c002e92
27103225ns          472535 1c0094c4 81c88f5b p.muls           x30, x17, x28       x30=00004f80 x17:00000060 x28:000000d4
27103245ns          472536 1c0094c8 0002d583 lhu              x11, 0(x5)          x11=0000ff95  x5:1c002ea2  PA:1c002ea2
27103622ns          472555 1c0094cc 03ce0fb3 mul              x31, x28, x28       x31=0000af90 x28:000000d4 x28:000000d4
27103642ns          472556 1c0094d0 02e50733 mul              x14, x10, x14       x14=fffefec9 x10:ffffff73 x14:000001d3
27103662ns          472557 1c0094d4 40a85813 srai             x16, x16, 0x40a     x16=fffffff9 x16:ffffe7fc
27103682ns          472558 1c0094d8 03c50533 mul              x10, x10, x28       x10=ffff8b3c x10:ffffff73 x28:000000d4
27103702ns          472559 1c0094dc 07015e03 lhu              x28, 112(x2)        x28=00000071  x2:10000cd8  PA:10000d48
27103742ns          472561 1c0094e0 01b60633 add              x12, x12, x27       x12=00001469 x12:000001d3 x27:00001296
27103762ns          472562 1c0094e2 00980833 add              x16, x16, x9        x16=0000ffcf x16:fffffff9  x9:0000ffd6
27103782ns          472563 1c0094e4 06015d83 lhu              x27, 96(x2)         x27=00000140  x2:10000cd8  PA:10000d38
27103801ns          472564 1c0094e8 02812483 lw               x9, 40(x2)           x9=1c002ec2  x2:10000cd8  PA:10000d00
27103821ns          472565 1c0094ea 40afdf93 srai             x31, x31, 0x40a     x31=0000002b x31:0000af90
27103841ns          472566 1c0094ee 40a55513 srai             x10, x10, 0x40a     x10=ffffffe2 x10:ffff8b3c
27103861ns          472567 1c0094f0 01cf8fb3 add              x31, x31, x28       x31=0000009c x31:0000002b x28:00000071
27103881ns          472568 1c0094f2 00b50533 add              x10, x10, x11       x10=0000ff77 x10:ffffffe2 x11:0000ff95
27103901ns          472569 1c0094f4 09015e03 lhu              x28, 144(x2)        x28=0000ff21  x2:10000cd8  PA:10000d68
27103921ns          472570 1c0094f8 03012583 lw               x11, 48(x2)         x11=1c002ed2  x2:10000cd8  PA:10000d08
27103941ns          472571 1c0094fa 00c49023 sh               x12, 0(x9)          x12:00001469  x9:1c002ec2  PA:1c002ec2
27104259ns          472587 1c0094fe 01b888b3 add              x17, x17, x27       x17=000001a0 x17:00000060 x27:00000140
27104279ns          472588 1c009500 01a30333 add              x6, x6, x26          x6=0000050b  x6:000000d4 x26:00000437
27104299ns          472589 1c009502 08015d83 lhu              x27, 128(x2)        x27=0000002b  x2:10000cd8  PA:10000d58
27104319ns          472590 1c009506 0000d903 lhu              x18, 0(x1)          x18=0000fee7  x1:1c002e82  PA:1c002e82
27104617ns          472605 1c00950a 01c686b3 add              x13, x13, x28       x13=0001ff04 x13:0000ffe3 x28:0000ff21
27104637ns          472606 1c00950c 00659023 sh               x6, 0(x11)           x6:0000050b x11:1c002ed2  PA:1c002ed2
27104975ns          472623 1c009510 40af5f13 srai             x30, x30, 0x40a     x30=00000013 x30:00004f80
27104995ns          472624 1c009514 04812e03 lw               x28, 72(x2)         x28=1c002f02  x2:10000cd8  PA:10000d20
27105015ns          472625 1c009516 01bf0f33 add              x30, x30, x27       x30=0000003e x30:00000013 x27:0000002b
27105035ns          472626 1c009518 40aede93 srai             x29, x29, 0x40a     x29=fffffff2 x29:ffffcb19
27105054ns          472627 1c00951c 40a75713 srai             x14, x14, 0x40a     x14=ffffffbf x14:fffefec9
27105074ns          472628 1c00951e 03812603 lw               x12, 56(x2)         x12=1c002ee2  x2:10000cd8  PA:10000d10
27105094ns          472629 1c009520 04012d83 lw               x27, 64(x2)         x27=1c002ef2  x2:10000cd8  PA:10000d18
27105114ns          472630 1c009522 01ee1023 sh               x30, 0(x28)         x30:0000003e x28:1c002f02  PA:1c002f02
27105452ns          472647 1c009526 05812483 lw               x9, 88(x2)           x9=1c002e62  x2:10000cd8  PA:10000d30
27105472ns          472648 1c009528 05012f03 lw               x30, 80(x2)         x30=1c002e72  x2:10000cd8  PA:10000d28
27105492ns          472649 1c00952a 0a012583 lw               x11, 160(x2)        x11=1c002e92  x2:10000cd8  PA:10000d78
27105512ns          472650 1c00952c 014787b3 add              x15, x15, x20       x15=0001fb50 x15:0000ff73 x20:0000fbdd
27105532ns          472651 1c00952e 013e8eb3 add              x29, x29, x19       x29=0000ffa2 x29:fffffff2 x19:0000ffb0
27105552ns          472652 1c009530 01270733 add              x14, x14, x18       x14=0000fea6 x14:ffffffbf x18:0000fee7
27105571ns          472653 1c009532 00f49023 sh               x15, 0(x9)          x15:0001fb50  x9:1c002e62  PA:1c002e62
27105910ns          472670 1c009536 01161023 sh               x17, 0(x12)         x17:000001a0 x12:1c002ee2  PA:1c002ee2
27106287ns          472689 1c00953a 01fd9023 sh               x31, 0(x27)         x31:0000009c x27:1c002ef2  PA:1c002ef2
27106626ns          472706 1c00953e 00df1023 sh               x13, 0(x30)         x13:0001ff04 x30:1c002e72  PA:1c002e72
27106944ns          472722 1c009542 01d59023 sh               x29, 0(x11)         x29:0000ffa2 x11:1c002e92  PA:1c002e92
27107262ns          472738 1c009546 00e09023 sh               x14, 0(x1)          x14:0000fea6  x1:1c002e82  PA:1c002e82
27107600ns          472755 1c00954a 01039023 sh               x16, 0(x7)          x16:0000ffcf  x7:1c002eb2  PA:1c002eb2
27107918ns          472771 1c00954e 00a29023 sh               x10, 0(x5)          x10:0000ff77  x5:1c002ea2  PA:1c002ea2
27108236ns          472787 1c009552 008b0b13 addi             x22, x22, 8         x22=00000109 x22:00000101
27108256ns          472788 1c009554 1f300793 addi             x15, x0, 499        x15=000001f3
27108276ns          472789 1c009558 e767dae3 bge              x15, x22, -396      x15:000001f3 x22:00000109
27108376ns          472794 1c0093cc 010c9a0b p.lh             x20, 16(x25!)       x20=ffffffa1 x25=1c0028aa x25:1c00289a  PA:1c00289a
27108714ns          472811 1c0093d0 0104198b p.lh             x19, 16(x8!)        x19=ffffff8f  x8=1c002072  x8:1c002062  PA:1c002062
27109032ns          472827 1c0093d4 2cc10513 addi             x10, x2, 716        x10=10000fa4  x2:10000cd8
27109052ns          472828 1c0093d6 010a990b p.lh             x18, 16(x21!)       x18=ffffff9b x21=1c00189e x21:1c00188e  PA:1c00188e
27109350ns          472843 1c0093da 010b948b p.lh             x9, 16(x23!)         x9=ffffff94 x23=1c0010ce x23:1c0010be  PA:1c0010be
27109649ns          472858 1c0093de 2d411623 sh               x20, 716(x2)        x20:ffffffa1  x2:10000cd8  PA:10000fa4
27109668ns          472859 1c0093e2 2d311723 sh               x19, 718(x2)        x19:ffffff8f  x2:10000cd8  PA:10000fa6
27109688ns          472860 1c0093e6 c33ff0ef jal              x1, -974             x1=1c0093e8
27109728ns          472862 1c009018 00051803 lh               x16, 0(x10)         x16=ffffffa1 x10:10000fa4  PA:10000fa4
27109748ns          472863 1c00901c 00251883 lh               x17, 2(x10)         x17=ffffff8f x10:10000fa4  PA:10000fa6
27109808ns          472866 1c009020 030806b3 mul              x13, x16, x16       x13=00002341 x16:ffffffa1 x16:ffffffa1
27109847ns          472868 1c009024 03188633 mul              x12, x17, x17       x12=000031e1 x17:ffffff8f x17:ffffff8f
27109867ns          472869 1c009028 40a65613 srai             x12, x12, 0x40a     x12=0000000c x12:000031e1
27109887ns          472870 1c00902a 40a6d693 srai             x13, x13, 0x40a     x13=00000008 x13:00002341
27109907ns          472871 1c00902c 00c686b3 add              x13, x13, x12       x13=00000014 x13:00000008 x12:0000000c
27109927ns          472872 1c00902e 1006c633 p.exths          x12, x13, x0        x12=00000014 x13:00000014
27109947ns          472873 1c009032 00855703 lhu              x14, 8(x10)         x14=0000ffd1 x10:10000fa4  PA:10000fac
27109967ns          472874 1c009036 00a55683 lhu              x13, 10(x10)        x13=0000ff6a x10:10000fa4  PA:10000fae
27109987ns          472875 1c00903a 02c60333 mul              x6, x12, x12         x6=00000190 x12:00000014 x12:00000014
27110026ns          472877 1c00903e 00c55783 lhu              x15, 12(x10)        x15=0000ffe5 x10:10000fa4  PA:10000fb0
27110066ns          472879 1c009042 00e55583 lhu              x11, 14(x10)        x11=00000060 x10:10000fa4  PA:10000fb2
27110086ns          472880 1c009046 dea30333 p.extract        x6, x6, 15, 10       x6=00000000  x6:00000190
27110106ns          472881 1c00904a 80c7075b p.muls           x14, x14, x12       x14=fffffc54 x14:0000ffd1 x12:00000014
27110126ns          472882 1c00904e 80c686db p.muls           x13, x13, x12       x13=fffff448 x13:0000ff6a x12:00000014
27110146ns          472883 1c009052 00455e83 lhu              x29, 4(x10)         x29=00000427 x10:10000fa4  PA:10000fa8
27110166ns          472884 1c009056 00655e03 lhu              x28, 6(x10)         x28=0000007f x10:10000fa4  PA:10000faa
27110186ns          472885 1c00905a 40a75713 srai             x14, x14, 0x40a     x14=ffffffff x14:fffffc54
27110205ns          472886 1c00905c 806787db p.muls           x15, x15, x6        x15=00000000 x15:0000ffe5  x6:00000000
27110225ns          472887 1c009060 40a6d693 srai             x13, x13, 0x40a     x13=fffffffd x13:fffff448
27110245ns          472888 1c009062 8065865b p.muls           x12, x11, x6        x12=00000000 x11:00000060  x6:00000000
27110265ns          472889 1c009066 40a7d793 srai             x15, x15, 0x40a     x15=00000000 x15:00000000
27110285ns          472890 1c009068 40a65613 srai             x12, x12, 0x40a     x12=00000000 x12:00000000
27110305ns          472891 1c00906a 01d70733 add              x14, x14, x29       x14=00000426 x14:ffffffff x29:00000427
27110325ns          472892 1c00906c 01c686b3 add              x13, x13, x28       x13=0000007c x13:fffffffd x28:0000007f
27110345ns          472893 1c00906e 00c686b3 add              x13, x13, x12       x13=0000007c x13:0000007c x12:00000000
27110364ns          472894 1c009070 00f70733 add              x14, x14, x15       x14=00000426 x14:00000426 x15:00000000
27110384ns          472895 1c009072 100747b3 p.exths          x15, x14, x0        x15=00000426 x14:00000426
27110404ns          472896 1c009076 1006c733 p.exths          x14, x13, x0        x14=0000007c x13:0000007c
27110424ns          472897 1c00907a 03170633 mul              x12, x14, x17       x12=ffffc944 x14:0000007c x17:ffffff8f
27110444ns          472898 1c00907e 030786b3 mul              x13, x15, x16       x13=fffe75e6 x15:00000426 x16:ffffffa1
27110464ns          472899 1c009082 03070733 mul              x14, x14, x16       x14=ffffd1fc x14:0000007c x16:ffffffa1
27110484ns          472900 1c009086 031787b3 mul              x15, x15, x17       x15=fffe2b3a x15:00000426 x17:ffffff8f
27110504ns          472901 1c00908a 40a6d693 srai             x13, x13, 0x40a     x13=ffffff9d x13:fffe75e6
27110524ns          472902 1c00908c 40a65613 srai             x12, x12, 0x40a     x12=fffffff2 x12:ffffc944
27110543ns          472903 1c00908e 40a7d793 srai             x15, x15, 0x40a     x15=ffffff8a x15:fffe2b3a
27110563ns          472904 1c009090 40a75713 srai             x14, x14, 0x40a     x14=fffffff4 x14:ffffd1fc
27110583ns          472905 1c009092 40c686b3 sub              x13, x13, x12       x13=ffffffab x13:ffffff9d x12:fffffff2
27110603ns          472906 1c009094 00e787b3 add              x15, x15, x14       x15=ffffff7e x15:ffffff8a x14:fffffff4
27110623ns          472907 1c009096 00d51823 sh               x13, 16(x10)        x13:ffffffab x10:10000fa4  PA:10000fb4
27110643ns          472908 1c00909a 00f51923 sh               x15, 18(x10)        x15:ffffff7e x10:10000fa4  PA:10000fb6
27110663ns          472909 1c00909e 00008067 jalr             x0, x1, 0            x1:1c0093e8
27110722ns          472912 1c0093e8 2dc15583 lhu              x11, 732(x2)        x11=0000ffab  x2:10000cd8  PA:10000fb4
27110742ns          472913 1c0093ec 2de15783 lhu              x15, 734(x2)        x15=0000ff7e  x2:10000cd8  PA:10000fb6
27110762ns          472914 1c0093f0 40b90933 sub              x18, x18, x11       x18=fffefff0 x18:ffffff9b x11:0000ffab
27110782ns          472915 1c0093f4 40f484b3 sub              x9, x9, x15          x9=ffff0016  x9:ffffff94 x15:0000ff7e
27110802ns          472916 1c0093f6 100945b3 p.exths          x11, x18, x0        x11=fffffff0 x18:fffefff0
27110822ns          472917 1c0093fa 1004c7b3 p.exths          x15, x9, x0         x15=00000016  x9:ffff0016
27110842ns          472918 1c0093fe 034586b3 mul              x13, x11, x20       x13=000005f0 x11:fffffff0 x20:ffffffa1
27110862ns          472919 1c009402 03378533 mul              x10, x15, x19       x10=fffff64a x15:00000016 x19:ffffff8f
27110882ns          472920 1c009406 034a0633 mul              x12, x20, x20       x12=00002341 x20:ffffffa1 x20:ffffffa1
27110901ns          472921 1c00940a 03398733 mul              x14, x19, x19       x14=000031e1 x19:ffffff8f x19:ffffff8f
27110961ns          472924 1c00940e 034787b3 mul              x15, x15, x20       x15=fffff7d6 x15:00000016 x20:ffffffa1
27111001ns          472926 1c009412 033585b3 mul              x11, x11, x19       x11=00000710 x11:fffffff0 x19:ffffff8f
27111021ns          472927 1c009416 40a75713 srai             x14, x14, 0x40a     x14=0000000c x14:000031e1
27111041ns          472928 1c009418 40a5d593 srai             x11, x11, 0x40a     x11=00000001 x11:00000710
27111061ns          472929 1c00941a 40a65613 srai             x12, x12, 0x40a     x12=00000008 x12:00002341
27111080ns          472930 1c00941c 40a7d793 srai             x15, x15, 0x40a     x15=fffffffd x15:fffff7d6
27111100ns          472931 1c00941e 1c0034b7 lui              x9, 0x1c003000       x9=1c003000
27111120ns          472932 1c009422 00e60633 add              x12, x12, x14       x12=00000014 x12:00000008 x14:0000000c
27111140ns          472933 1c009424 40b787b3 sub              x15, x15, x11       x15=fffffffc x15:fffffffd x11:00000001
27111160ns          472934 1c009426 eb048493 addi             x9, x9, -336         x9=1c002eb0  x9:1c003000
27111180ns          472935 1c00942a 1c0032b7 lui              x5, 0x1c003000       x5=1c003000
27111200ns          472936 1c00942e 1c0035b7 lui              x11, 0x1c003000     x11=1c003000
27111220ns          472937 1c009432 018483b3 add              x7, x9, x24          x7=1c002eb2  x9:1c002eb0 x24:00000002
27111240ns          472938 1c009436 02812e83 lw               x29, 40(x2)         x29=1c002ec2  x2:10000cd8  PA:10000d00
27111259ns          472939 1c009438 10065633 p.exthz          x12, x12, x0        x12=00000014 x12:00000014
27111279ns          472940 1c00943c e8028293 addi             x5, x5, -384         x5=1c002e80  x5:1c003000
27111299ns          472941 1c009440 ea058593 addi             x11, x11, -352      x11=1c002ea0 x11:1c003000
27111339ns          472943 1c009444 03812483 lw               x9, 56(x2)           x9=1c002ee2  x2:10000cd8  PA:10000d10
27111359ns          472944 1c009446 10064733 p.exths          x14, x12, x0        x14=00000014 x12:00000014
27111379ns          472945 1c00944a 018280b3 add              x1, x5, x24          x1=1c002e82  x5:1c002e80 x24:00000002
27111399ns          472946 1c00944e 03012f03 lw               x30, 48(x2)         x30=1c002ed2  x2:10000cd8  PA:10000d08
27111438ns          472948 1c009450 018582b3 add              x5, x11, x24         x5=1c002ea2 x11:1c002ea0 x24:00000002
27111478ns          472950 1c009454 04012583 lw               x11, 64(x2)         x11=1c002ef2  x2:10000cd8  PA:10000d18
27111498ns          472951 1c009456 000edd83 lhu              x27, 0(x29)         x27=00001469 x29:1c002ec2  PA:1c002ec2
27111796ns          472966 1c00945a 0004d483 lhu              x9, 0(x9)            x9=000001a0  x9:1c002ee2  PA:1c002ee2
27112095ns          472981 1c00945e 02e70333 mul              x6, x14, x14         x6=00000190 x14:00000014 x14:00000014
27112115ns          472982 1c009462 40a55513 srai             x10, x10, 0x40a     x10=fffffffd x10:fffff64a
27112135ns          472983 1c009464 04812e83 lw               x29, 72(x2)         x29=1c002f02  x2:10000cd8  PA:10000d20
27112154ns          472984 1c009466 40a6d693 srai             x13, x13, 0x40a     x13=00000001 x13:000005f0
27112174ns          472985 1c009468 000f5d03 lhu              x26, 0(x30)         x26=0000050b x30:1c002ed2  PA:1c002ed2
27112473ns          473000 1c00946c 0005d583 lhu              x11, 0(x11)         x11=0000009c x11:1c002ef2  PA:1c002ef2
27112771ns          473015 1c009470 40a35313 srai             x6, x6, 0x40a        x6=00000000  x6:00000190
27112791ns          473016 1c009474 00a686b3 add              x13, x13, x10       x13=fffffffe x13:00000001 x10:fffffffd
27112811ns          473017 1c009476 05012f03 lw               x30, 80(x2)         x30=1c002e72  x2:10000cd8  PA:10000d28
27112831ns          473018 1c009478 10034e33 p.exths          x28, x6, x0         x28=00000000  x6:00000000
27112850ns          473019 1c00947c 06911023 sh               x9, 96(x2)           x9:000001a0  x2:10000cd8  PA:10000d38
27112870ns          473020 1c009480 000ede83 lhu              x29, 0(x29)         x29=0000003e x29:1c002f02  PA:1c002f02
27113189ns          473036 1c009484 05812483 lw               x9, 88(x2)           x9=1c002e62  x2:10000cd8  PA:10000d30
27113208ns          473037 1c009486 1006d6b3 p.exthz          x13, x13, x0        x13=0000fffe x13:fffffffe
27113228ns          473038 1c00948a 02ee08b3 mul              x17, x28, x14       x17=00000000 x28:00000000 x14:00000014
27113248ns          473039 1c00948e 1006c833 p.exths          x16, x13, x0        x16=fffffffe x13:0000fffe
27113268ns          473040 1c009492 06b11823 sh               x11, 112(x2)        x11:0000009c  x2:10000cd8  PA:10000d48
27113288ns          473041 1c009496 000f5f03 lhu              x30, 0(x30)         x30=0000ff04 x30:1c002e72  PA:1c002e72
27113626ns          473058 1c00949a 0a012583 lw               x11, 160(x2)        x11=1c002e92  x2:10000cd8  PA:10000d78
27113646ns          473059 1c00949c 1007d7b3 p.exthz          x15, x15, x0        x15=0000fffc x15:fffffffc
27113666ns          473060 1c0094a0 0004da03 lhu              x20, 0(x9)          x20=0000fb50  x9:1c002e62  PA:1c002e62
27113964ns          473075 1c0094a4 1007c533 p.exths          x10, x15, x0        x10=fffffffc x15:0000fffc
27113984ns          473076 1c0094a8 09d11023 sh               x29, 128(x2)        x29:0000003e  x2:10000cd8  PA:10000d58
27114004ns          473077 1c0094ac 0003d483 lhu              x9, 0(x7)            x9=0000ffcf  x7:1c002eb2  PA:1c002eb2
27114322ns          473093 1c0094b0 02e80eb3 mul              x29, x16, x14       x29=ffffffd8 x16:fffffffe x14:00000014
27114342ns          473094 1c0094b4 40a8d893 srai             x17, x17, 0x40a     x17=00000000 x17:00000000
27114362ns          473095 1c0094b8 03c80833 mul              x16, x16, x28       x16=00000000 x16:fffffffe x28:00000000
27114382ns          473096 1c0094bc 09e11823 sh               x30, 144(x2)        x30:0000ff04  x2:10000cd8  PA:10000d68
27114402ns          473097 1c0094c0 0005d983 lhu              x19, 0(x11)         x19=0000ffa2 x11:1c002e92  PA:1c002e92
27114720ns          473113 1c0094c4 81c88f5b p.muls           x30, x17, x28       x30=00000000 x17:00000000 x28:00000000
27114740ns          473114 1c0094c8 0002d583 lhu              x11, 0(x5)          x11=0000ff77  x5:1c002ea2  PA:1c002ea2
27115078ns          473131 1c0094cc 03ce0fb3 mul              x31, x28, x28       x31=00000000 x28:00000000 x28:00000000
27115098ns          473132 1c0094d0 02e50733 mul              x14, x10, x14       x14=ffffffb0 x10:fffffffc x14:00000014
27115118ns          473133 1c0094d4 40a85813 srai             x16, x16, 0x40a     x16=00000000 x16:00000000
27115138ns          473134 1c0094d8 03c50533 mul              x10, x10, x28       x10=00000000 x10:fffffffc x28:00000000
27115158ns          473135 1c0094dc 07015e03 lhu              x28, 112(x2)        x28=0000009c  x2:10000cd8  PA:10000d48
27115197ns          473137 1c0094e0 01b60633 add              x12, x12, x27       x12=0000147d x12:00000014 x27:00001469
27115217ns          473138 1c0094e2 00980833 add              x16, x16, x9        x16=0000ffcf x16:00000000  x9:0000ffcf
27115237ns          473139 1c0094e4 06015d83 lhu              x27, 96(x2)         x27=000001a0  x2:10000cd8  PA:10000d38
27115257ns          473140 1c0094e8 02812483 lw               x9, 40(x2)           x9=1c002ec2  x2:10000cd8  PA:10000d00
27115277ns          473141 1c0094ea 40afdf93 srai             x31, x31, 0x40a     x31=00000000 x31:00000000
27115297ns          473142 1c0094ee 40a55513 srai             x10, x10, 0x40a     x10=00000000 x10:00000000
27115317ns          473143 1c0094f0 01cf8fb3 add              x31, x31, x28       x31=0000009c x31:00000000 x28:0000009c
27115336ns          473144 1c0094f2 00b50533 add              x10, x10, x11       x10=0000ff77 x10:00000000 x11:0000ff77
27115356ns          473145 1c0094f4 09015e03 lhu              x28, 144(x2)        x28=0000ff04  x2:10000cd8  PA:10000d68
27115376ns          473146 1c0094f8 03012583 lw               x11, 48(x2)         x11=1c002ed2  x2:10000cd8  PA:10000d08
27115396ns          473147 1c0094fa 00c49023 sh               x12, 0(x9)          x12:0000147d  x9:1c002ec2  PA:1c002ec2
27115734ns          473164 1c0094fe 01b888b3 add              x17, x17, x27       x17=000001a0 x17:00000000 x27:000001a0
27115754ns          473165 1c009500 01a30333 add              x6, x6, x26          x6=0000050b  x6:00000000 x26:0000050b
27115774ns          473166 1c009502 08015d83 lhu              x27, 128(x2)        x27=0000003e  x2:10000cd8  PA:10000d58
27115794ns          473167 1c009506 0000d903 lhu              x18, 0(x1)          x18=0000fea6  x1:1c002e82  PA:1c002e82
27116152ns          473185 1c00950a 01c686b3 add              x13, x13, x28       x13=0001ff02 x13:0000fffe x28:0000ff04
27116172ns          473186 1c00950c 00659023 sh               x6, 0(x11)           x6:0000050b x11:1c002ed2  PA:1c002ed2
27116490ns          473202 1c009510 40af5f13 srai             x30, x30, 0x40a     x30=00000000 x30:00000000
27116510ns          473203 1c009514 04812e03 lw               x28, 72(x2)         x28=1c002f02  x2:10000cd8  PA:10000d20
27116530ns          473204 1c009516 01bf0f33 add              x30, x30, x27       x30=0000003e x30:00000000 x27:0000003e
27116550ns          473205 1c009518 40aede93 srai             x29, x29, 0x40a     x29=ffffffff x29:ffffffd8
27116570ns          473206 1c00951c 40a75713 srai             x14, x14, 0x40a     x14=ffffffff x14:ffffffb0
27116589ns          473207 1c00951e 03812603 lw               x12, 56(x2)         x12=1c002ee2  x2:10000cd8  PA:10000d10
27116609ns          473208 1c009520 04012d83 lw               x27, 64(x2)         x27=1c002ef2  x2:10000cd8  PA:10000d18
27116629ns          473209 1c009522 01ee1023 sh               x30, 0(x28)         x30:0000003e x28:1c002f02  PA:1c002f02
27116947ns          473225 1c009526 05812483 lw               x9, 88(x2)           x9=1c002e62  x2:10000cd8  PA:10000d30
27116967ns          473226 1c009528 05012f03 lw               x30, 80(x2)         x30=1c002e72  x2:10000cd8  PA:10000d28
27116987ns          473227 1c00952a 0a012583 lw               x11, 160(x2)        x11=1c002e92  x2:10000cd8  PA:10000d78
27117007ns          473228 1c00952c 014787b3 add              x15, x15, x20       x15=0001fb4c x15:0000fffc x20:0000fb50
27117027ns          473229 1c00952e 013e8eb3 add              x29, x29, x19       x29=0000ffa1 x29:ffffffff x19:0000ffa2
27117047ns          473230 1c009530 01270733 add              x14, x14, x18       x14=0000fea5 x14:ffffffff x18:0000fea6
27117067ns          473231 1c009532 00f49023 sh               x15, 0(x9)          x15:0001fb4c  x9:1c002e62  PA:1c002e62
27117385ns          473247 1c009536 01161023 sh               x17, 0(x12)         x17:000001a0 x12:1c002ee2  PA:1c002ee2
27117723ns          473264 1c00953a 01fd9023 sh               x31, 0(x27)         x31:0000009c x27:1c002ef2  PA:1c002ef2
27118061ns          473281 1c00953e 00df1023 sh               x13, 0(x30)         x13:0001ff02 x30:1c002e72  PA:1c002e72
27118379ns          473297 1c009542 01d59023 sh               x29, 0(x11)         x29:0000ffa1 x11:1c002e92  PA:1c002e92
27118698ns          473313 1c009546 00e09023 sh               x14, 0(x1)          x14:0000fea5  x1:1c002e82  PA:1c002e82
27119016ns          473329 1c00954a 01039023 sh               x16, 0(x7)          x16:0000ffcf  x7:1c002eb2  PA:1c002eb2
27119334ns          473345 1c00954e 00a29023 sh               x10, 0(x5)          x10:0000ff77  x5:1c002ea2  PA:1c002ea2
27119652ns          473361 1c009552 008b0b13 addi             x22, x22, 8         x22=00000111 x22:00000109
27119672ns          473362 1c009554 1f300793 addi             x15, x0, 499        x15=000001f3
27119692ns          473363 1c009558 e767dae3 bge              x15, x22, -396      x15:000001f3 x22:00000111
27119752ns          473366 1c0093cc 010c9a0b p.lh             x20, 16(x25!)       x20=00000145 x25=1c0028ba x25:1c0028aa  PA:1c0028aa
27120070ns          473382 1c0093d0 0104198b p.lh             x19, 16(x8!)        x19=ffffffa0  x8=1c002082  x8:1c002072  PA:1c002072
27120468ns          473402 1c0093d4 2cc10513 addi             x10, x2, 716        x10=10000fa4  x2:10000cd8
27120487ns          473403 1c0093d6 010a990b p.lh             x18, 16(x21!)       x18=00000143 x21=1c0018ae x21:1c00189e  PA:1c00189e
27120826ns          473420 1c0093da 010b948b p.lh             x9, 16(x23!)         x9=ffffff80 x23=1c0010de x23:1c0010ce  PA:1c0010ce
27121124ns          473435 1c0093de 2d411623 sh               x20, 716(x2)        x20:00000145  x2:10000cd8  PA:10000fa4
27121144ns          473436 1c0093e2 2d311723 sh               x19, 718(x2)        x19:ffffffa0  x2:10000cd8  PA:10000fa6
27121164ns          473437 1c0093e6 c33ff0ef jal              x1, -974             x1=1c0093e8
27121203ns          473439 1c009018 00051803 lh               x16, 0(x10)         x16=00000145 x10:10000fa4  PA:10000fa4
27121223ns          473440 1c00901c 00251883 lh               x17, 2(x10)         x17=ffffffa0 x10:10000fa4  PA:10000fa6
27121283ns          473443 1c009020 030806b3 mul              x13, x16, x16       x13=00019c99 x16:00000145 x16:00000145
27121323ns          473445 1c009024 03188633 mul              x12, x17, x17       x12=00002400 x17:ffffffa0 x17:ffffffa0
27121343ns          473446 1c009028 40a65613 srai             x12, x12, 0x40a     x12=00000009 x12:00002400
27121363ns          473447 1c00902a 40a6d693 srai             x13, x13, 0x40a     x13=00000067 x13:00019c99
27121382ns          473448 1c00902c 00c686b3 add              x13, x13, x12       x13=00000070 x13:00000067 x12:00000009
27121402ns          473449 1c00902e 1006c633 p.exths          x12, x13, x0        x12=00000070 x13:00000070
27121422ns          473450 1c009032 00855703 lhu              x14, 8(x10)         x14=0000ffd1 x10:10000fa4  PA:10000fac
27121442ns          473451 1c009036 00a55683 lhu              x13, 10(x10)        x13=0000ff6a x10:10000fa4  PA:10000fae
27121462ns          473452 1c00903a 02c60333 mul              x6, x12, x12         x6=00003100 x12:00000070 x12:00000070
27121502ns          473454 1c00903e 00c55783 lhu              x15, 12(x10)        x15=0000ffe5 x10:10000fa4  PA:10000fb0
27121542ns          473456 1c009042 00e55583 lhu              x11, 14(x10)        x11=00000060 x10:10000fa4  PA:10000fb2
27121561ns          473457 1c009046 dea30333 p.extract        x6, x6, 15, 10       x6=0000000c  x6:00003100
27121581ns          473458 1c00904a 80c7075b p.muls           x14, x14, x12       x14=ffffeb70 x14:0000ffd1 x12:00000070
27121601ns          473459 1c00904e 80c686db p.muls           x13, x13, x12       x13=ffffbe60 x13:0000ff6a x12:00000070
27121621ns          473460 1c009052 00455e83 lhu              x29, 4(x10)         x29=00000427 x10:10000fa4  PA:10000fa8
27121641ns          473461 1c009056 00655e03 lhu              x28, 6(x10)         x28=0000007f x10:10000fa4  PA:10000faa
27121661ns          473462 1c00905a 40a75713 srai             x14, x14, 0x40a     x14=fffffffa x14:ffffeb70
27121681ns          473463 1c00905c 806787db p.muls           x15, x15, x6        x15=fffffebc x15:0000ffe5  x6:0000000c
27121701ns          473464 1c009060 40a6d693 srai             x13, x13, 0x40a     x13=ffffffef x13:ffffbe60
27121721ns          473465 1c009062 8065865b p.muls           x12, x11, x6        x12=00000480 x11:00000060  x6:0000000c
27121740ns          473466 1c009066 40a7d793 srai             x15, x15, 0x40a     x15=ffffffff x15:fffffebc
27121760ns          473467 1c009068 40a65613 srai             x12, x12, 0x40a     x12=00000001 x12:00000480
27121780ns          473468 1c00906a 01d70733 add              x14, x14, x29       x14=00000421 x14:fffffffa x29:00000427
27121800ns          473469 1c00906c 01c686b3 add              x13, x13, x28       x13=0000006e x13:ffffffef x28:0000007f
27121820ns          473470 1c00906e 00c686b3 add              x13, x13, x12       x13=0000006f x13:0000006e x12:00000001
27121840ns          473471 1c009070 00f70733 add              x14, x14, x15       x14=00000420 x14:00000421 x15:ffffffff
27121860ns          473472 1c009072 100747b3 p.exths          x15, x14, x0        x15=00000420 x14:00000420
27121880ns          473473 1c009076 1006c733 p.exths          x14, x13, x0        x14=0000006f x13:0000006f
27121900ns          473474 1c00907a 03170633 mul              x12, x14, x17       x12=ffffd660 x14:0000006f x17:ffffffa0
27121919ns          473475 1c00907e 030786b3 mul              x13, x15, x16       x13=00053ca0 x15:00000420 x16:00000145
27121939ns          473476 1c009082 03070733 mul              x14, x14, x16       x14=00008ceb x14:0000006f x16:00000145
27121959ns          473477 1c009086 031787b3 mul              x15, x15, x17       x15=fffe7400 x15:00000420 x17:ffffffa0
27121979ns          473478 1c00908a 40a6d693 srai             x13, x13, 0x40a     x13=0000014f x13:00053ca0
27121999ns          473479 1c00908c 40a65613 srai             x12, x12, 0x40a     x12=fffffff5 x12:ffffd660
27122019ns          473480 1c00908e 40a7d793 srai             x15, x15, 0x40a     x15=ffffff9d x15:fffe7400
27122039ns          473481 1c009090 40a75713 srai             x14, x14, 0x40a     x14=00000023 x14:00008ceb
27122059ns          473482 1c009092 40c686b3 sub              x13, x13, x12       x13=0000015a x13:0000014f x12:fffffff5
27122079ns          473483 1c009094 00e787b3 add              x15, x15, x14       x15=ffffffc0 x15:ffffff9d x14:00000023
27122098ns          473484 1c009096 00d51823 sh               x13, 16(x10)        x13:0000015a x10:10000fa4  PA:10000fb4
27122118ns          473485 1c00909a 00f51923 sh               x15, 18(x10)        x15:ffffffc0 x10:10000fa4  PA:10000fb6
27122138ns          473486 1c00909e 00008067 jalr             x0, x1, 0            x1:1c0093e8
27122198ns          473489 1c0093e8 2dc15583 lhu              x11, 732(x2)        x11=0000015a  x2:10000cd8  PA:10000fb4
27122218ns          473490 1c0093ec 2de15783 lhu              x15, 734(x2)        x15=0000ffc0  x2:10000cd8  PA:10000fb6
27122238ns          473491 1c0093f0 40b90933 sub              x18, x18, x11       x18=ffffffe9 x18:00000143 x11:0000015a
27122258ns          473492 1c0093f4 40f484b3 sub              x9, x9, x15          x9=fffeffc0  x9:ffffff80 x15:0000ffc0
27122277ns          473493 1c0093f6 100945b3 p.exths          x11, x18, x0        x11=ffffffe9 x18:ffffffe9
27122297ns          473494 1c0093fa 1004c7b3 p.exths          x15, x9, x0         x15=ffffffc0  x9:fffeffc0
27122317ns          473495 1c0093fe 034586b3 mul              x13, x11, x20       x13=ffffe2cd x11:ffffffe9 x20:00000145
27122337ns          473496 1c009402 03378533 mul              x10, x15, x19       x10=00001800 x15:ffffffc0 x19:ffffffa0
27122357ns          473497 1c009406 034a0633 mul              x12, x20, x20       x12=00019c99 x20:00000145 x20:00000145
27122377ns          473498 1c00940a 03398733 mul              x14, x19, x19       x14=00002400 x19:ffffffa0 x19:ffffffa0
27122397ns          473499 1c00940e 034787b3 mul              x15, x15, x20       x15=ffffaec0 x15:ffffffc0 x20:00000145
27122417ns          473500 1c009412 033585b3 mul              x11, x11, x19       x11=000008a0 x11:ffffffe9 x19:ffffffa0
27122437ns          473501 1c009416 40a75713 srai             x14, x14, 0x40a     x14=00000009 x14:00002400
27122456ns          473502 1c009418 40a5d593 srai             x11, x11, 0x40a     x11=00000002 x11:000008a0
27122476ns          473503 1c00941a 40a65613 srai             x12, x12, 0x40a     x12=00000067 x12:00019c99
27122496ns          473504 1c00941c 40a7d793 srai             x15, x15, 0x40a     x15=ffffffeb x15:ffffaec0
27122516ns          473505 1c00941e 1c0034b7 lui              x9, 0x1c003000       x9=1c003000
27122536ns          473506 1c009422 00e60633 add              x12, x12, x14       x12=00000070 x12:00000067 x14:00000009
27122556ns          473507 1c009424 40b787b3 sub              x15, x15, x11       x15=ffffffe9 x15:ffffffeb x11:00000002
27122576ns          473508 1c009426 eb048493 addi             x9, x9, -336         x9=1c002eb0  x9:1c003000
27122596ns          473509 1c00942a 1c0032b7 lui              x5, 0x1c003000       x5=1c003000
27122616ns          473510 1c00942e 1c0035b7 lui              x11, 0x1c003000     x11=1c003000
27122635ns          473511 1c009432 018483b3 add              x7, x9, x24          x7=1c002eb2  x9:1c002eb0 x24:00000002
27122655ns          473512 1c009436 02812e83 lw               x29, 40(x2)         x29=1c002ec2  x2:10000cd8  PA:10000d00
27122675ns          473513 1c009438 10065633 p.exthz          x12, x12, x0        x12=00000070 x12:00000070
27122695ns          473514 1c00943c e8028293 addi             x5, x5, -384         x5=1c002e80  x5:1c003000
27122715ns          473515 1c009440 ea058593 addi             x11, x11, -352      x11=1c002ea0 x11:1c003000
27122735ns          473516 1c009444 03812483 lw               x9, 56(x2)           x9=1c002ee2  x2:10000cd8  PA:10000d10
27122755ns          473517 1c009446 10064733 p.exths          x14, x12, x0        x14=00000070 x12:00000070
27122775ns          473518 1c00944a 018280b3 add              x1, x5, x24          x1=1c002e82  x5:1c002e80 x24:00000002
27122794ns          473519 1c00944e 03012f03 lw               x30, 48(x2)         x30=1c002ed2  x2:10000cd8  PA:10000d08
27122814ns          473520 1c009450 018582b3 add              x5, x11, x24         x5=1c002ea2 x11:1c002ea0 x24:00000002
27122834ns          473521 1c009454 04012583 lw               x11, 64(x2)         x11=1c002ef2  x2:10000cd8  PA:10000d18
27122854ns          473522 1c009456 000edd83 lhu              x27, 0(x29)         x27=0000147d x29:1c002ec2  PA:1c002ec2
27123172ns          473538 1c00945a 0004d483 lhu              x9, 0(x9)            x9=000001a0  x9:1c002ee2  PA:1c002ee2
27123491ns          473554 1c00945e 02e70333 mul              x6, x14, x14         x6=00003100 x14:00000070 x14:00000070
27123510ns          473555 1c009462 40a55513 srai             x10, x10, 0x40a     x10=00000006 x10:00001800
27123530ns          473556 1c009464 04812e83 lw               x29, 72(x2)         x29=1c002f02  x2:10000cd8  PA:10000d20
27123550ns          473557 1c009466 40a6d693 srai             x13, x13, 0x40a     x13=fffffff8 x13:ffffe2cd
27123570ns          473558 1c009468 000f5d03 lhu              x26, 0(x30)         x26=0000050b x30:1c002ed2  PA:1c002ed2
27123868ns          473573 1c00946c 0005d583 lhu              x11, 0(x11)         x11=0000009c x11:1c002ef2  PA:1c002ef2
27124167ns          473588 1c009470 40a35313 srai             x6, x6, 0x40a        x6=0000000c  x6:00003100
27124187ns          473589 1c009474 00a686b3 add              x13, x13, x10       x13=fffffffe x13:fffffff8 x10:00000006
27124207ns          473590 1c009476 05012f03 lw               x30, 80(x2)         x30=1c002e72  x2:10000cd8  PA:10000d28
27124226ns          473591 1c009478 10034e33 p.exths          x28, x6, x0         x28=0000000c  x6:0000000c
27124246ns          473592 1c00947c 06911023 sh               x9, 96(x2)           x9:000001a0  x2:10000cd8  PA:10000d38
27124266ns          473593 1c009480 000ede83 lhu              x29, 0(x29)         x29=0000003e x29:1c002f02  PA:1c002f02
27124644ns          473612 1c009484 05812483 lw               x9, 88(x2)           x9=1c002e62  x2:10000cd8  PA:10000d30
27124664ns          473613 1c009486 1006d6b3 p.exthz          x13, x13, x0        x13=0000fffe x13:fffffffe
27124684ns          473614 1c00948a 02ee08b3 mul              x17, x28, x14       x17=00000540 x28:0000000c x14:00000070
27124704ns          473615 1c00948e 1006c833 p.exths          x16, x13, x0        x16=fffffffe x13:0000fffe
27124724ns          473616 1c009492 06b11823 sh               x11, 112(x2)        x11:0000009c  x2:10000cd8  PA:10000d48
27124744ns          473617 1c009496 000f5f03 lhu              x30, 0(x30)         x30=0000ff02 x30:1c002e72  PA:1c002e72
27125062ns          473633 1c00949a 0a012583 lw               x11, 160(x2)        x11=1c002e92  x2:10000cd8  PA:10000d78
27125082ns          473634 1c00949c 1007d7b3 p.exthz          x15, x15, x0        x15=0000ffe9 x15:ffffffe9
27125102ns          473635 1c0094a0 0004da03 lhu              x20, 0(x9)          x20=0000fb4c  x9:1c002e62  PA:1c002e62
27125400ns          473650 1c0094a4 1007c533 p.exths          x10, x15, x0        x10=ffffffe9 x15:0000ffe9
27125420ns          473651 1c0094a8 09d11023 sh               x29, 128(x2)        x29:0000003e  x2:10000cd8  PA:10000d58
27125440ns          473652 1c0094ac 0003d483 lhu              x9, 0(x7)            x9=0000ffcf  x7:1c002eb2  PA:1c002eb2
27125758ns          473668 1c0094b0 02e80eb3 mul              x29, x16, x14       x29=ffffff20 x16:fffffffe x14:00000070
27125778ns          473669 1c0094b4 40a8d893 srai             x17, x17, 0x40a     x17=00000001 x17:00000540
27125798ns          473670 1c0094b8 03c80833 mul              x16, x16, x28       x16=ffffffe8 x16:fffffffe x28:0000000c
27125817ns          473671 1c0094bc 09e11823 sh               x30, 144(x2)        x30:0000ff02  x2:10000cd8  PA:10000d68
27125837ns          473672 1c0094c0 0005d983 lhu              x19, 0(x11)         x19=0000ffa1 x11:1c002e92  PA:1c002e92
27126156ns          473688 1c0094c4 81c88f5b p.muls           x30, x17, x28       x30=0000000c x17:00000001 x28:0000000c
27126175ns          473689 1c0094c8 0002d583 lhu              x11, 0(x5)          x11=0000ff77  x5:1c002ea2  PA:1c002ea2
27126514ns          473706 1c0094cc 03ce0fb3 mul              x31, x28, x28       x31=00000090 x28:0000000c x28:0000000c
27126533ns          473707 1c0094d0 02e50733 mul              x14, x10, x14       x14=fffff5f0 x10:ffffffe9 x14:00000070
27126553ns          473708 1c0094d4 40a85813 srai             x16, x16, 0x40a     x16=ffffffff x16:ffffffe8
27126573ns          473709 1c0094d8 03c50533 mul              x10, x10, x28       x10=fffffeec x10:ffffffe9 x28:0000000c
27126593ns          473710 1c0094dc 07015e03 lhu              x28, 112(x2)        x28=0000009c  x2:10000cd8  PA:10000d48
27126633ns          473712 1c0094e0 01b60633 add              x12, x12, x27       x12=000014ed x12:00000070 x27:0000147d
27126653ns          473713 1c0094e2 00980833 add              x16, x16, x9        x16=0000ffce x16:ffffffff  x9:0000ffcf
27126673ns          473714 1c0094e4 06015d83 lhu              x27, 96(x2)         x27=000001a0  x2:10000cd8  PA:10000d38
27126693ns          473715 1c0094e8 02812483 lw               x9, 40(x2)           x9=1c002ec2  x2:10000cd8  PA:10000d00
27126712ns          473716 1c0094ea 40afdf93 srai             x31, x31, 0x40a     x31=00000000 x31:00000090
27126732ns          473717 1c0094ee 40a55513 srai             x10, x10, 0x40a     x10=ffffffff x10:fffffeec
27126752ns          473718 1c0094f0 01cf8fb3 add              x31, x31, x28       x31=0000009c x31:00000000 x28:0000009c
27126772ns          473719 1c0094f2 00b50533 add              x10, x10, x11       x10=0000ff76 x10:ffffffff x11:0000ff77
27126792ns          473720 1c0094f4 09015e03 lhu              x28, 144(x2)        x28=0000ff02  x2:10000cd8  PA:10000d68
27126812ns          473721 1c0094f8 03012583 lw               x11, 48(x2)         x11=1c002ed2  x2:10000cd8  PA:10000d08
27126832ns          473722 1c0094fa 00c49023 sh               x12, 0(x9)          x12:000014ed  x9:1c002ec2  PA:1c002ec2
27127150ns          473738 1c0094fe 01b888b3 add              x17, x17, x27       x17=000001a1 x17:00000001 x27:000001a0
27127170ns          473739 1c009500 01a30333 add              x6, x6, x26          x6=00000517  x6:0000000c x26:0000050b
27127190ns          473740 1c009502 08015d83 lhu              x27, 128(x2)        x27=0000003e  x2:10000cd8  PA:10000d58
27127210ns          473741 1c009506 0000d903 lhu              x18, 0(x1)          x18=0000fea5  x1:1c002e82  PA:1c002e82
27127508ns          473756 1c00950a 01c686b3 add              x13, x13, x28       x13=0001ff00 x13:0000fffe x28:0000ff02
27127528ns          473757 1c00950c 00659023 sh               x6, 0(x11)           x6:00000517 x11:1c002ed2  PA:1c002ed2
27127846ns          473773 1c009510 40af5f13 srai             x30, x30, 0x40a     x30=00000000 x30:0000000c
27127866ns          473774 1c009514 04812e03 lw               x28, 72(x2)         x28=1c002f02  x2:10000cd8  PA:10000d20
27127886ns          473775 1c009516 01bf0f33 add              x30, x30, x27       x30=0000003e x30:00000000 x27:0000003e
27127906ns          473776 1c009518 40aede93 srai             x29, x29, 0x40a     x29=ffffffff x29:ffffff20
27127926ns          473777 1c00951c 40a75713 srai             x14, x14, 0x40a     x14=fffffffd x14:fffff5f0
27127945ns          473778 1c00951e 03812603 lw               x12, 56(x2)         x12=1c002ee2  x2:10000cd8  PA:10000d10
27127965ns          473779 1c009520 04012d83 lw               x27, 64(x2)         x27=1c002ef2  x2:10000cd8  PA:10000d18
27127985ns          473780 1c009522 01ee1023 sh               x30, 0(x28)         x30:0000003e x28:1c002f02  PA:1c002f02
27128303ns          473796 1c009526 05812483 lw               x9, 88(x2)           x9=1c002e62  x2:10000cd8  PA:10000d30
27128323ns          473797 1c009528 05012f03 lw               x30, 80(x2)         x30=1c002e72  x2:10000cd8  PA:10000d28
27128343ns          473798 1c00952a 0a012583 lw               x11, 160(x2)        x11=1c002e92  x2:10000cd8  PA:10000d78
27128363ns          473799 1c00952c 014787b3 add              x15, x15, x20       x15=0001fb35 x15:0000ffe9 x20:0000fb4c
27128383ns          473800 1c00952e 013e8eb3 add              x29, x29, x19       x29=0000ffa0 x29:ffffffff x19:0000ffa1
27128403ns          473801 1c009530 01270733 add              x14, x14, x18       x14=0000fea2 x14:fffffffd x18:0000fea5
27128423ns          473802 1c009532 00f49023 sh               x15, 0(x9)          x15:0001fb35  x9:1c002e62  PA:1c002e62
27128761ns          473819 1c009536 01161023 sh               x17, 0(x12)         x17:000001a1 x12:1c002ee2  PA:1c002ee2
27129079ns          473835 1c00953a 01fd9023 sh               x31, 0(x27)         x31:0000009c x27:1c002ef2  PA:1c002ef2
27129397ns          473851 1c00953e 00df1023 sh               x13, 0(x30)         x13:0001ff00 x30:1c002e72  PA:1c002e72
27129716ns          473867 1c009542 01d59023 sh               x29, 0(x11)         x29:0000ffa0 x11:1c002e92  PA:1c002e92
27130054ns          473884 1c009546 00e09023 sh               x14, 0(x1)          x14:0000fea2  x1:1c002e82  PA:1c002e82
27130372ns          473900 1c00954a 01039023 sh               x16, 0(x7)          x16:0000ffce  x7:1c002eb2  PA:1c002eb2
27130690ns          473916 1c00954e 00a29023 sh               x10, 0(x5)          x10:0000ff76  x5:1c002ea2  PA:1c002ea2
27131008ns          473932 1c009552 008b0b13 addi             x22, x22, 8         x22=00000119 x22:00000111
27131028ns          473933 1c009554 1f300793 addi             x15, x0, 499        x15=000001f3
27131048ns          473934 1c009558 e767dae3 bge              x15, x22, -396      x15:000001f3 x22:00000119
27131108ns          473937 1c0093cc 010c9a0b p.lh             x20, 16(x25!)       x20=ffffff3c x25=1c0028ca x25:1c0028ba  PA:1c0028ba
27131446ns          473954 1c0093d0 0104198b p.lh             x19, 16(x8!)        x19=ffffffae  x8=1c002092  x8:1c002082  PA:1c002082
27131744ns          473969 1c0093d4 2cc10513 addi             x10, x2, 716        x10=10000fa4  x2:10000cd8
27131764ns          473970 1c0093d6 010a990b p.lh             x18, 16(x21!)       x18=ffffff2c x21=1c0018be x21:1c0018ae  PA:1c0018ae
27132062ns          473985 1c0093da 010b948b p.lh             x9, 16(x23!)         x9=ffffffa9 x23=1c0010ee x23:1c0010de  PA:1c0010de
27132460ns          474005 1c0093de 2d411623 sh               x20, 716(x2)        x20:ffffff3c  x2:10000cd8  PA:10000fa4
27132500ns          474007 1c0093e2 2d311723 sh               x19, 718(x2)        x19:ffffffae  x2:10000cd8  PA:10000fa6
27132520ns          474008 1c0093e6 c33ff0ef jal              x1, -974             x1=1c0093e8
27132599ns          474012 1c009018 00051803 lh               x16, 0(x10)         x16=ffffff3c x10:10000fa4  PA:10000fa4
27132639ns          474014 1c00901c 00251883 lh               x17, 2(x10)         x17=ffffffae x10:10000fa4  PA:10000fa6
27132659ns          474015 1c009020 030806b3 mul              x13, x16, x16       x13=00009610 x16:ffffff3c x16:ffffff3c
27132679ns          474016 1c009024 03188633 mul              x12, x17, x17       x12=00001a44 x17:ffffffae x17:ffffffae
27132699ns          474017 1c009028 40a65613 srai             x12, x12, 0x40a     x12=00000006 x12:00001a44
27132719ns          474018 1c00902a 40a6d693 srai             x13, x13, 0x40a     x13=00000025 x13:00009610
27132738ns          474019 1c00902c 00c686b3 add              x13, x13, x12       x13=0000002b x13:00000025 x12:00000006
27132758ns          474020 1c00902e 1006c633 p.exths          x12, x13, x0        x12=0000002b x13:0000002b
27132778ns          474021 1c009032 00855703 lhu              x14, 8(x10)         x14=0000ffd1 x10:10000fa4  PA:10000fac
27132798ns          474022 1c009036 00a55683 lhu              x13, 10(x10)        x13=0000ff6a x10:10000fa4  PA:10000fae
27132818ns          474023 1c00903a 02c60333 mul              x6, x12, x12         x6=00000739 x12:0000002b x12:0000002b
27132838ns          474024 1c00903e 00c55783 lhu              x15, 12(x10)        x15=0000ffe5 x10:10000fa4  PA:10000fb0
27132858ns          474025 1c009042 00e55583 lhu              x11, 14(x10)        x11=00000060 x10:10000fa4  PA:10000fb2
27132878ns          474026 1c009046 dea30333 p.extract        x6, x6, 15, 10       x6=00000001  x6:00000739
27132898ns          474027 1c00904a 80c7075b p.muls           x14, x14, x12       x14=fffff81b x14:0000ffd1 x12:0000002b
27132937ns          474029 1c00904e 80c686db p.muls           x13, x13, x12       x13=ffffe6ce x13:0000ff6a x12:0000002b
27132977ns          474031 1c009052 00455e83 lhu              x29, 4(x10)         x29=00000427 x10:10000fa4  PA:10000fa8
27132997ns          474032 1c009056 00655e03 lhu              x28, 6(x10)         x28=0000007f x10:10000fa4  PA:10000faa
27133017ns          474033 1c00905a 40a75713 srai             x14, x14, 0x40a     x14=fffffffe x14:fffff81b
27133037ns          474034 1c00905c 806787db p.muls           x15, x15, x6        x15=ffffffe5 x15:0000ffe5  x6:00000001
27133077ns          474036 1c009060 40a6d693 srai             x13, x13, 0x40a     x13=fffffff9 x13:ffffe6ce
27133116ns          474038 1c009062 8065865b p.muls           x12, x11, x6        x12=00000060 x11:00000060  x6:00000001
27133136ns          474039 1c009066 40a7d793 srai             x15, x15, 0x40a     x15=ffffffff x15:ffffffe5
27133156ns          474040 1c009068 40a65613 srai             x12, x12, 0x40a     x12=00000000 x12:00000060
27133176ns          474041 1c00906a 01d70733 add              x14, x14, x29       x14=00000425 x14:fffffffe x29:00000427
27133196ns          474042 1c00906c 01c686b3 add              x13, x13, x28       x13=00000078 x13:fffffff9 x28:0000007f
27133216ns          474043 1c00906e 00c686b3 add              x13, x13, x12       x13=00000078 x13:00000078 x12:00000000
27133236ns          474044 1c009070 00f70733 add              x14, x14, x15       x14=00000424 x14:00000425 x15:ffffffff
27133256ns          474045 1c009072 100747b3 p.exths          x15, x14, x0        x15=00000424 x14:00000424
27133275ns          474046 1c009076 1006c733 p.exths          x14, x13, x0        x14=00000078 x13:00000078
27133295ns          474047 1c00907a 03170633 mul              x12, x14, x17       x12=ffffd990 x14:00000078 x17:ffffffae
27133315ns          474048 1c00907e 030786b3 mul              x13, x15, x16       x13=fffcd470 x15:00000424 x16:ffffff3c
27133335ns          474049 1c009082 03070733 mul              x14, x14, x16       x14=ffffa420 x14:00000078 x16:ffffff3c
27133355ns          474050 1c009086 031787b3 mul              x15, x15, x17       x15=fffeac78 x15:00000424 x17:ffffffae
27133375ns          474051 1c00908a 40a6d693 srai             x13, x13, 0x40a     x13=ffffff35 x13:fffcd470
27133395ns          474052 1c00908c 40a65613 srai             x12, x12, 0x40a     x12=fffffff6 x12:ffffd990
27133415ns          474053 1c00908e 40a7d793 srai             x15, x15, 0x40a     x15=ffffffab x15:fffeac78
27133435ns          474054 1c009090 40a75713 srai             x14, x14, 0x40a     x14=ffffffe9 x14:ffffa420
27133454ns          474055 1c009092 40c686b3 sub              x13, x13, x12       x13=ffffff3f x13:ffffff35 x12:fffffff6
27133474ns          474056 1c009094 00e787b3 add              x15, x15, x14       x15=ffffff94 x15:ffffffab x14:ffffffe9
27133494ns          474057 1c009096 00d51823 sh               x13, 16(x10)        x13:ffffff3f x10:10000fa4  PA:10000fb4
27133514ns          474058 1c00909a 00f51923 sh               x15, 18(x10)        x15:ffffff94 x10:10000fa4  PA:10000fb6
27133534ns          474059 1c00909e 00008067 jalr             x0, x1, 0            x1:1c0093e8
27133614ns          474063 1c0093e8 2dc15583 lhu              x11, 732(x2)        x11=0000ff3f  x2:10000cd8  PA:10000fb4
27133653ns          474065 1c0093ec 2de15783 lhu              x15, 734(x2)        x15=0000ff94  x2:10000cd8  PA:10000fb6
27133693ns          474067 1c0093f0 40b90933 sub              x18, x18, x11       x18=fffeffed x18:ffffff2c x11:0000ff3f
27133713ns          474068 1c0093f4 40f484b3 sub              x9, x9, x15          x9=ffff0015  x9:ffffffa9 x15:0000ff94
27133733ns          474069 1c0093f6 100945b3 p.exths          x11, x18, x0        x11=ffffffed x18:fffeffed
27133753ns          474070 1c0093fa 1004c7b3 p.exths          x15, x9, x0         x15=00000015  x9:ffff0015
27133773ns          474071 1c0093fe 034586b3 mul              x13, x11, x20       x13=00000e8c x11:ffffffed x20:ffffff3c
27133793ns          474072 1c009402 03378533 mul              x10, x15, x19       x10=fffff946 x15:00000015 x19:ffffffae
27133812ns          474073 1c009406 034a0633 mul              x12, x20, x20       x12=00009610 x20:ffffff3c x20:ffffff3c
27133832ns          474074 1c00940a 03398733 mul              x14, x19, x19       x14=00001a44 x19:ffffffae x19:ffffffae
27133852ns          474075 1c00940e 034787b3 mul              x15, x15, x20       x15=ffffefec x15:00000015 x20:ffffff3c
27133872ns          474076 1c009412 033585b3 mul              x11, x11, x19       x11=00000616 x11:ffffffed x19:ffffffae
27133892ns          474077 1c009416 40a75713 srai             x14, x14, 0x40a     x14=00000006 x14:00001a44
27133912ns          474078 1c009418 40a5d593 srai             x11, x11, 0x40a     x11=00000001 x11:00000616
27133932ns          474079 1c00941a 40a65613 srai             x12, x12, 0x40a     x12=00000025 x12:00009610
27133952ns          474080 1c00941c 40a7d793 srai             x15, x15, 0x40a     x15=fffffffb x15:ffffefec
27133972ns          474081 1c00941e 1c0034b7 lui              x9, 0x1c003000       x9=1c003000
27133991ns          474082 1c009422 00e60633 add              x12, x12, x14       x12=0000002b x12:00000025 x14:00000006
27134011ns          474083 1c009424 40b787b3 sub              x15, x15, x11       x15=fffffffa x15:fffffffb x11:00000001
27134031ns          474084 1c009426 eb048493 addi             x9, x9, -336         x9=1c002eb0  x9:1c003000
27134051ns          474085 1c00942a 1c0032b7 lui              x5, 0x1c003000       x5=1c003000
27134071ns          474086 1c00942e 1c0035b7 lui              x11, 0x1c003000     x11=1c003000
27134091ns          474087 1c009432 018483b3 add              x7, x9, x24          x7=1c002eb2  x9:1c002eb0 x24:00000002
27134111ns          474088 1c009436 02812e83 lw               x29, 40(x2)         x29=1c002ec2  x2:10000cd8  PA:10000d00
27134131ns          474089 1c009438 10065633 p.exthz          x12, x12, x0        x12=0000002b x12:0000002b
27134151ns          474090 1c00943c e8028293 addi             x5, x5, -384         x5=1c002e80  x5:1c003000
27134190ns          474092 1c009440 ea058593 addi             x11, x11, -352      x11=1c002ea0 x11:1c003000
27134230ns          474094 1c009444 03812483 lw               x9, 56(x2)           x9=1c002ee2  x2:10000cd8  PA:10000d10
27134250ns          474095 1c009446 10064733 p.exths          x14, x12, x0        x14=0000002b x12:0000002b
27134270ns          474096 1c00944a 018280b3 add              x1, x5, x24          x1=1c002e82  x5:1c002e80 x24:00000002
27134290ns          474097 1c00944e 03012f03 lw               x30, 48(x2)         x30=1c002ed2  x2:10000cd8  PA:10000d08
27134330ns          474099 1c009450 018582b3 add              x5, x11, x24         x5=1c002ea2 x11:1c002ea0 x24:00000002
27134369ns          474101 1c009454 04012583 lw               x11, 64(x2)         x11=1c002ef2  x2:10000cd8  PA:10000d18
27134389ns          474102 1c009456 000edd83 lhu              x27, 0(x29)         x27=000014ed x29:1c002ec2  PA:1c002ec2
27134727ns          474119 1c00945a 0004d483 lhu              x9, 0(x9)            x9=000001a1  x9:1c002ee2  PA:1c002ee2
27135026ns          474134 1c00945e 02e70333 mul              x6, x14, x14         x6=00000739 x14:0000002b x14:0000002b
27135046ns          474135 1c009462 40a55513 srai             x10, x10, 0x40a     x10=fffffffe x10:fffff946
27135065ns          474136 1c009464 04812e83 lw               x29, 72(x2)         x29=1c002f02  x2:10000cd8  PA:10000d20
27135085ns          474137 1c009466 40a6d693 srai             x13, x13, 0x40a     x13=00000003 x13:00000e8c
27135105ns          474138 1c009468 000f5d03 lhu              x26, 0(x30)         x26=00000517 x30:1c002ed2  PA:1c002ed2
27135423ns          474154 1c00946c 0005d583 lhu              x11, 0(x11)         x11=0000009c x11:1c002ef2  PA:1c002ef2
27135722ns          474169 1c009470 40a35313 srai             x6, x6, 0x40a        x6=00000001  x6:00000739
27135742ns          474170 1c009474 00a686b3 add              x13, x13, x10       x13=00000001 x13:00000003 x10:fffffffe
27135761ns          474171 1c009476 05012f03 lw               x30, 80(x2)         x30=1c002e72  x2:10000cd8  PA:10000d28
27135781ns          474172 1c009478 10034e33 p.exths          x28, x6, x0         x28=00000001  x6:00000001
27135801ns          474173 1c00947c 06911023 sh               x9, 96(x2)           x9:000001a1  x2:10000cd8  PA:10000d38
27135821ns          474174 1c009480 000ede83 lhu              x29, 0(x29)         x29=0000003e x29:1c002f02  PA:1c002f02
27136139ns          474190 1c009484 05812483 lw               x9, 88(x2)           x9=1c002e62  x2:10000cd8  PA:10000d30
27136159ns          474191 1c009486 1006d6b3 p.exthz          x13, x13, x0        x13=00000001 x13:00000001
27136179ns          474192 1c00948a 02ee08b3 mul              x17, x28, x14       x17=0000002b x28:00000001 x14:0000002b
27136199ns          474193 1c00948e 1006c833 p.exths          x16, x13, x0        x16=00000001 x13:00000001
27136219ns          474194 1c009492 06b11823 sh               x11, 112(x2)        x11:0000009c  x2:10000cd8  PA:10000d48
27136239ns          474195 1c009496 000f5f03 lhu              x30, 0(x30)         x30=0000ff00 x30:1c002e72  PA:1c002e72
27136597ns          474213 1c00949a 0a012583 lw               x11, 160(x2)        x11=1c002e92  x2:10000cd8  PA:10000d78
27136617ns          474214 1c00949c 1007d7b3 p.exthz          x15, x15, x0        x15=0000fffa x15:fffffffa
27136637ns          474215 1c0094a0 0004da03 lhu              x20, 0(x9)          x20=0000fb35  x9:1c002e62  PA:1c002e62
27136935ns          474230 1c0094a4 1007c533 p.exths          x10, x15, x0        x10=fffffffa x15:0000fffa
27136955ns          474231 1c0094a8 09d11023 sh               x29, 128(x2)        x29:0000003e  x2:10000cd8  PA:10000d58
27136975ns          474232 1c0094ac 0003d483 lhu              x9, 0(x7)            x9=0000ffce  x7:1c002eb2  PA:1c002eb2
27137372ns          474252 1c0094b0 02e80eb3 mul              x29, x16, x14       x29=0000002b x16:00000001 x14:0000002b
27137392ns          474253 1c0094b4 40a8d893 srai             x17, x17, 0x40a     x17=00000000 x17:0000002b
27137412ns          474254 1c0094b8 03c80833 mul              x16, x16, x28       x16=00000001 x16:00000001 x28:00000001
27137432ns          474255 1c0094bc 09e11823 sh               x30, 144(x2)        x30:0000ff00  x2:10000cd8  PA:10000d68
27137452ns          474256 1c0094c0 0005d983 lhu              x19, 0(x11)         x19=0000ffa0 x11:1c002e92  PA:1c002e92
27137750ns          474271 1c0094c4 81c88f5b p.muls           x30, x17, x28       x30=00000000 x17:00000000 x28:00000001
27137770ns          474272 1c0094c8 0002d583 lhu              x11, 0(x5)          x11=0000ff76  x5:1c002ea2  PA:1c002ea2
27138068ns          474287 1c0094cc 03ce0fb3 mul              x31, x28, x28       x31=00000001 x28:00000001 x28:00000001
27138088ns          474288 1c0094d0 02e50733 mul              x14, x10, x14       x14=fffffefe x10:fffffffa x14:0000002b
27138108ns          474289 1c0094d4 40a85813 srai             x16, x16, 0x40a     x16=00000000 x16:00000001
27138128ns          474290 1c0094d8 03c50533 mul              x10, x10, x28       x10=fffffffa x10:fffffffa x28:00000001
27138148ns          474291 1c0094dc 07015e03 lhu              x28, 112(x2)        x28=0000009c  x2:10000cd8  PA:10000d48
27138188ns          474293 1c0094e0 01b60633 add              x12, x12, x27       x12=00001518 x12:0000002b x27:000014ed
27138208ns          474294 1c0094e2 00980833 add              x16, x16, x9        x16=0000ffce x16:00000000  x9:0000ffce
27138228ns          474295 1c0094e4 06015d83 lhu              x27, 96(x2)         x27=000001a1  x2:10000cd8  PA:10000d38
27138247ns          474296 1c0094e8 02812483 lw               x9, 40(x2)           x9=1c002ec2  x2:10000cd8  PA:10000d00
27138267ns          474297 1c0094ea 40afdf93 srai             x31, x31, 0x40a     x31=00000000 x31:00000001
27138287ns          474298 1c0094ee 40a55513 srai             x10, x10, 0x40a     x10=ffffffff x10:fffffffa
27138307ns          474299 1c0094f0 01cf8fb3 add              x31, x31, x28       x31=0000009c x31:00000000 x28:0000009c
27138327ns          474300 1c0094f2 00b50533 add              x10, x10, x11       x10=0000ff75 x10:ffffffff x11:0000ff76
27138347ns          474301 1c0094f4 09015e03 lhu              x28, 144(x2)        x28=0000ff00  x2:10000cd8  PA:10000d68
27138367ns          474302 1c0094f8 03012583 lw               x11, 48(x2)         x11=1c002ed2  x2:10000cd8  PA:10000d08
27138387ns          474303 1c0094fa 00c49023 sh               x12, 0(x9)          x12:00001518  x9:1c002ec2  PA:1c002ec2
27138705ns          474319 1c0094fe 01b888b3 add              x17, x17, x27       x17=000001a1 x17:00000000 x27:000001a1
27138725ns          474320 1c009500 01a30333 add              x6, x6, x26          x6=00000518  x6:00000001 x26:00000517
27138745ns          474321 1c009502 08015d83 lhu              x27, 128(x2)        x27=0000003e  x2:10000cd8  PA:10000d58
27138765ns          474322 1c009506 0000d903 lhu              x18, 0(x1)          x18=0000fea2  x1:1c002e82  PA:1c002e82
27139063ns          474337 1c00950a 01c686b3 add              x13, x13, x28       x13=0000ff01 x13:00000001 x28:0000ff00
27139083ns          474338 1c00950c 00659023 sh               x6, 0(x11)           x6:00000518 x11:1c002ed2  PA:1c002ed2
27139401ns          474354 1c009510 40af5f13 srai             x30, x30, 0x40a     x30=00000000 x30:00000000
27139421ns          474355 1c009514 04812e03 lw               x28, 72(x2)         x28=1c002f02  x2:10000cd8  PA:10000d20
27139441ns          474356 1c009516 01bf0f33 add              x30, x30, x27       x30=0000003e x30:00000000 x27:0000003e
27139461ns          474357 1c009518 40aede93 srai             x29, x29, 0x40a     x29=00000000 x29:0000002b
27139481ns          474358 1c00951c 40a75713 srai             x14, x14, 0x40a     x14=ffffffff x14:fffffefe
27139500ns          474359 1c00951e 03812603 lw               x12, 56(x2)         x12=1c002ee2  x2:10000cd8  PA:10000d10
27139520ns          474360 1c009520 04012d83 lw               x27, 64(x2)         x27=1c002ef2  x2:10000cd8  PA:10000d18
27139540ns          474361 1c009522 01ee1023 sh               x30, 0(x28)         x30:0000003e x28:1c002f02  PA:1c002f02
27139858ns          474377 1c009526 05812483 lw               x9, 88(x2)           x9=1c002e62  x2:10000cd8  PA:10000d30
27139878ns          474378 1c009528 05012f03 lw               x30, 80(x2)         x30=1c002e72  x2:10000cd8  PA:10000d28
27139898ns          474379 1c00952a 0a012583 lw               x11, 160(x2)        x11=1c002e92  x2:10000cd8  PA:10000d78
27139918ns          474380 1c00952c 014787b3 add              x15, x15, x20       x15=0001fb2f x15:0000fffa x20:0000fb35
27139938ns          474381 1c00952e 013e8eb3 add              x29, x29, x19       x29=0000ffa0 x29:00000000 x19:0000ffa0
27139958ns          474382 1c009530 01270733 add              x14, x14, x18       x14=0000fea1 x14:ffffffff x18:0000fea2
27139978ns          474383 1c009532 00f49023 sh               x15, 0(x9)          x15:0001fb2f  x9:1c002e62  PA:1c002e62
27140296ns          474399 1c009536 01161023 sh               x17, 0(x12)         x17:000001a1 x12:1c002ee2  PA:1c002ee2
27140634ns          474416 1c00953a 01fd9023 sh               x31, 0(x27)         x31:0000009c x27:1c002ef2  PA:1c002ef2
27140952ns          474432 1c00953e 00df1023 sh               x13, 0(x30)         x13:0000ff01 x30:1c002e72  PA:1c002e72
27141290ns          474449 1c009542 01d59023 sh               x29, 0(x11)         x29:0000ffa0 x11:1c002e92  PA:1c002e92
27141609ns          474465 1c009546 00e09023 sh               x14, 0(x1)          x14:0000fea1  x1:1c002e82  PA:1c002e82
27141947ns          474482 1c00954a 01039023 sh               x16, 0(x7)          x16:0000ffce  x7:1c002eb2  PA:1c002eb2
27142265ns          474498 1c00954e 00a29023 sh               x10, 0(x5)          x10:0000ff75  x5:1c002ea2  PA:1c002ea2
27142583ns          474514 1c009552 008b0b13 addi             x22, x22, 8         x22=00000121 x22:00000119
27142603ns          474515 1c009554 1f300793 addi             x15, x0, 499        x15=000001f3
27142623ns          474516 1c009558 e767dae3 bge              x15, x22, -396      x15:000001f3 x22:00000121
27142722ns          474521 1c0093cc 010c9a0b p.lh             x20, 16(x25!)       x20=ffffff80 x25=1c0028da x25:1c0028ca  PA:1c0028ca
27143021ns          474536 1c0093d0 0104198b p.lh             x19, 16(x8!)        x19=0000005b  x8=1c0020a2  x8:1c002092  PA:1c002092
27143339ns          474552 1c0093d4 2cc10513 addi             x10, x2, 716        x10=10000fa4  x2:10000cd8
27143359ns          474553 1c0093d6 010a990b p.lh             x18, 16(x21!)       x18=ffffff7c x21=1c0018ce x21:1c0018be  PA:1c0018be
27143657ns          474568 1c0093da 010b948b p.lh             x9, 16(x23!)         x9=00000061 x23=1c0010fe x23:1c0010ee  PA:1c0010ee
27143955ns          474583 1c0093de 2d411623 sh               x20, 716(x2)        x20:ffffff80  x2:10000cd8  PA:10000fa4
27143975ns          474584 1c0093e2 2d311723 sh               x19, 718(x2)        x19:0000005b  x2:10000cd8  PA:10000fa6
27143995ns          474585 1c0093e6 c33ff0ef jal              x1, -974             x1=1c0093e8
27144075ns          474589 1c009018 00051803 lh               x16, 0(x10)         x16=ffffff80 x10:10000fa4  PA:10000fa4
27144134ns          474592 1c00901c 00251883 lh               x17, 2(x10)         x17=0000005b x10:10000fa4  PA:10000fa6
27144174ns          474594 1c009020 030806b3 mul              x13, x16, x16       x13=00004000 x16:ffffff80 x16:ffffff80
27144214ns          474596 1c009024 03188633 mul              x12, x17, x17       x12=00002059 x17:0000005b x17:0000005b
27144234ns          474597 1c009028 40a65613 srai             x12, x12, 0x40a     x12=00000008 x12:00002059
27144254ns          474598 1c00902a 40a6d693 srai             x13, x13, 0x40a     x13=00000010 x13:00004000
27144274ns          474599 1c00902c 00c686b3 add              x13, x13, x12       x13=00000018 x13:00000010 x12:00000008
27144293ns          474600 1c00902e 1006c633 p.exths          x12, x13, x0        x12=00000018 x13:00000018
27144313ns          474601 1c009032 00855703 lhu              x14, 8(x10)         x14=0000ffd1 x10:10000fa4  PA:10000fac
27144333ns          474602 1c009036 00a55683 lhu              x13, 10(x10)        x13=0000ff6a x10:10000fa4  PA:10000fae
27144353ns          474603 1c00903a 02c60333 mul              x6, x12, x12         x6=00000240 x12:00000018 x12:00000018
27144373ns          474604 1c00903e 00c55783 lhu              x15, 12(x10)        x15=0000ffe5 x10:10000fa4  PA:10000fb0
27144393ns          474605 1c009042 00e55583 lhu              x11, 14(x10)        x11=00000060 x10:10000fa4  PA:10000fb2
27144413ns          474606 1c009046 dea30333 p.extract        x6, x6, 15, 10       x6=00000000  x6:00000240
27144433ns          474607 1c00904a 80c7075b p.muls           x14, x14, x12       x14=fffffb98 x14:0000ffd1 x12:00000018
27144453ns          474608 1c00904e 80c686db p.muls           x13, x13, x12       x13=fffff1f0 x13:0000ff6a x12:00000018
27144472ns          474609 1c009052 00455e83 lhu              x29, 4(x10)         x29=00000427 x10:10000fa4  PA:10000fa8
27144492ns          474610 1c009056 00655e03 lhu              x28, 6(x10)         x28=0000007f x10:10000fa4  PA:10000faa
27144512ns          474611 1c00905a 40a75713 srai             x14, x14, 0x40a     x14=fffffffe x14:fffffb98
27144532ns          474612 1c00905c 806787db p.muls           x15, x15, x6        x15=00000000 x15:0000ffe5  x6:00000000
27144552ns          474613 1c009060 40a6d693 srai             x13, x13, 0x40a     x13=fffffffc x13:fffff1f0
27144572ns          474614 1c009062 8065865b p.muls           x12, x11, x6        x12=00000000 x11:00000060  x6:00000000
27144592ns          474615 1c009066 40a7d793 srai             x15, x15, 0x40a     x15=00000000 x15:00000000
27144612ns          474616 1c009068 40a65613 srai             x12, x12, 0x40a     x12=00000000 x12:00000000
27144632ns          474617 1c00906a 01d70733 add              x14, x14, x29       x14=00000425 x14:fffffffe x29:00000427
27144651ns          474618 1c00906c 01c686b3 add              x13, x13, x28       x13=0000007b x13:fffffffc x28:0000007f
27144671ns          474619 1c00906e 00c686b3 add              x13, x13, x12       x13=0000007b x13:0000007b x12:00000000
27144691ns          474620 1c009070 00f70733 add              x14, x14, x15       x14=00000425 x14:00000425 x15:00000000
27144711ns          474621 1c009072 100747b3 p.exths          x15, x14, x0        x15=00000425 x14:00000425
27144731ns          474622 1c009076 1006c733 p.exths          x14, x13, x0        x14=0000007b x13:0000007b
27144751ns          474623 1c00907a 03170633 mul              x12, x14, x17       x12=00002bb9 x14:0000007b x17:0000005b
27144771ns          474624 1c00907e 030786b3 mul              x13, x15, x16       x13=fffded80 x15:00000425 x16:ffffff80
27144791ns          474625 1c009082 03070733 mul              x14, x14, x16       x14=ffffc280 x14:0000007b x16:ffffff80
27144811ns          474626 1c009086 031787b3 mul              x15, x15, x17       x15=00017927 x15:00000425 x17:0000005b
27144830ns          474627 1c00908a 40a6d693 srai             x13, x13, 0x40a     x13=ffffff7b x13:fffded80
27144850ns          474628 1c00908c 40a65613 srai             x12, x12, 0x40a     x12=0000000a x12:00002bb9
27144870ns          474629 1c00908e 40a7d793 srai             x15, x15, 0x40a     x15=0000005e x15:00017927
27144890ns          474630 1c009090 40a75713 srai             x14, x14, 0x40a     x14=fffffff0 x14:ffffc280
27144910ns          474631 1c009092 40c686b3 sub              x13, x13, x12       x13=ffffff71 x13:ffffff7b x12:0000000a
27144930ns          474632 1c009094 00e787b3 add              x15, x15, x14       x15=0000004e x15:0000005e x14:fffffff0
27144950ns          474633 1c009096 00d51823 sh               x13, 16(x10)        x13:ffffff71 x10:10000fa4  PA:10000fb4
27144970ns          474634 1c00909a 00f51923 sh               x15, 18(x10)        x15:0000004e x10:10000fa4  PA:10000fb6
27144990ns          474635 1c00909e 00008067 jalr             x0, x1, 0            x1:1c0093e8
27145029ns          474637 1c0093e8 2dc15583 lhu              x11, 732(x2)        x11=0000ff71  x2:10000cd8  PA:10000fb4
27145049ns          474638 1c0093ec 2de15783 lhu              x15, 734(x2)        x15=0000004e  x2:10000cd8  PA:10000fb6
27145089ns          474640 1c0093f0 40b90933 sub              x18, x18, x11       x18=ffff000b x18:ffffff7c x11:0000ff71
27145109ns          474641 1c0093f4 40f484b3 sub              x9, x9, x15          x9=00000013  x9:00000061 x15:0000004e
27145129ns          474642 1c0093f6 100945b3 p.exths          x11, x18, x0        x11=0000000b x18:ffff000b
27145149ns          474643 1c0093fa 1004c7b3 p.exths          x15, x9, x0         x15=00000013  x9:00000013
27145168ns          474644 1c0093fe 034586b3 mul              x13, x11, x20       x13=fffffa80 x11:0000000b x20:ffffff80
27145188ns          474645 1c009402 03378533 mul              x10, x15, x19       x10=000006c1 x15:00000013 x19:0000005b
27145208ns          474646 1c009406 034a0633 mul              x12, x20, x20       x12=00004000 x20:ffffff80 x20:ffffff80
27145228ns          474647 1c00940a 03398733 mul              x14, x19, x19       x14=00002059 x19:0000005b x19:0000005b
27145268ns          474649 1c00940e 034787b3 mul              x15, x15, x20       x15=fffff680 x15:00000013 x20:ffffff80
27145308ns          474651 1c009412 033585b3 mul              x11, x11, x19       x11=000003e9 x11:0000000b x19:0000005b
27145328ns          474652 1c009416 40a75713 srai             x14, x14, 0x40a     x14=00000008 x14:00002059
27145347ns          474653 1c009418 40a5d593 srai             x11, x11, 0x40a     x11=00000000 x11:000003e9
27145367ns          474654 1c00941a 40a65613 srai             x12, x12, 0x40a     x12=00000010 x12:00004000
27145387ns          474655 1c00941c 40a7d793 srai             x15, x15, 0x40a     x15=fffffffd x15:fffff680
27145407ns          474656 1c00941e 1c0034b7 lui              x9, 0x1c003000       x9=1c003000
27145427ns          474657 1c009422 00e60633 add              x12, x12, x14       x12=00000018 x12:00000010 x14:00000008
27145447ns          474658 1c009424 40b787b3 sub              x15, x15, x11       x15=fffffffd x15:fffffffd x11:00000000
27145467ns          474659 1c009426 eb048493 addi             x9, x9, -336         x9=1c002eb0  x9:1c003000
27145487ns          474660 1c00942a 1c0032b7 lui              x5, 0x1c003000       x5=1c003000
27145507ns          474661 1c00942e 1c0035b7 lui              x11, 0x1c003000     x11=1c003000
27145526ns          474662 1c009432 018483b3 add              x7, x9, x24          x7=1c002eb2  x9:1c002eb0 x24:00000002
27145546ns          474663 1c009436 02812e83 lw               x29, 40(x2)         x29=1c002ec2  x2:10000cd8  PA:10000d00
27145566ns          474664 1c009438 10065633 p.exthz          x12, x12, x0        x12=00000018 x12:00000018
27145586ns          474665 1c00943c e8028293 addi             x5, x5, -384         x5=1c002e80  x5:1c003000
27145606ns          474666 1c009440 ea058593 addi             x11, x11, -352      x11=1c002ea0 x11:1c003000
27145626ns          474667 1c009444 03812483 lw               x9, 56(x2)           x9=1c002ee2  x2:10000cd8  PA:10000d10
27145646ns          474668 1c009446 10064733 p.exths          x14, x12, x0        x14=00000018 x12:00000018
27145666ns          474669 1c00944a 018280b3 add              x1, x5, x24          x1=1c002e82  x5:1c002e80 x24:00000002
27145686ns          474670 1c00944e 03012f03 lw               x30, 48(x2)         x30=1c002ed2  x2:10000cd8  PA:10000d08
27145705ns          474671 1c009450 018582b3 add              x5, x11, x24         x5=1c002ea2 x11:1c002ea0 x24:00000002
27145725ns          474672 1c009454 04012583 lw               x11, 64(x2)         x11=1c002ef2  x2:10000cd8  PA:10000d18
27145745ns          474673 1c009456 000edd83 lhu              x27, 0(x29)         x27=00001518 x29:1c002ec2  PA:1c002ec2
27146063ns          474689 1c00945a 0004d483 lhu              x9, 0(x9)            x9=000001a1  x9:1c002ee2  PA:1c002ee2
27146382ns          474705 1c00945e 02e70333 mul              x6, x14, x14         x6=00000240 x14:00000018 x14:00000018
27146402ns          474706 1c009462 40a55513 srai             x10, x10, 0x40a     x10=00000001 x10:000006c1
27146421ns          474707 1c009464 04812e83 lw               x29, 72(x2)         x29=1c002f02  x2:10000cd8  PA:10000d20
27146441ns          474708 1c009466 40a6d693 srai             x13, x13, 0x40a     x13=fffffffe x13:fffffa80
27146461ns          474709 1c009468 000f5d03 lhu              x26, 0(x30)         x26=00000518 x30:1c002ed2  PA:1c002ed2
27146760ns          474724 1c00946c 0005d583 lhu              x11, 0(x11)         x11=0000009c x11:1c002ef2  PA:1c002ef2
27147098ns          474741 1c009470 40a35313 srai             x6, x6, 0x40a        x6=00000000  x6:00000240
27147118ns          474742 1c009474 00a686b3 add              x13, x13, x10       x13=ffffffff x13:fffffffe x10:00000001
27147137ns          474743 1c009476 05012f03 lw               x30, 80(x2)         x30=1c002e72  x2:10000cd8  PA:10000d28
27147157ns          474744 1c009478 10034e33 p.exths          x28, x6, x0         x28=00000000  x6:00000000
27147177ns          474745 1c00947c 06911023 sh               x9, 96(x2)           x9:000001a1  x2:10000cd8  PA:10000d38
27147197ns          474746 1c009480 000ede83 lhu              x29, 0(x29)         x29=0000003e x29:1c002f02  PA:1c002f02
27147495ns          474761 1c009484 05812483 lw               x9, 88(x2)           x9=1c002e62  x2:10000cd8  PA:10000d30
27147515ns          474762 1c009486 1006d6b3 p.exthz          x13, x13, x0        x13=0000ffff x13:ffffffff
27147535ns          474763 1c00948a 02ee08b3 mul              x17, x28, x14       x17=00000000 x28:00000000 x14:00000018
27147555ns          474764 1c00948e 1006c833 p.exths          x16, x13, x0        x16=ffffffff x13:0000ffff
27147575ns          474765 1c009492 06b11823 sh               x11, 112(x2)        x11:0000009c  x2:10000cd8  PA:10000d48
27147595ns          474766 1c009496 000f5f03 lhu              x30, 0(x30)         x30=0000ff01 x30:1c002e72  PA:1c002e72
27147893ns          474781 1c00949a 0a012583 lw               x11, 160(x2)        x11=1c002e92  x2:10000cd8  PA:10000d78
27147913ns          474782 1c00949c 1007d7b3 p.exthz          x15, x15, x0        x15=0000fffd x15:fffffffd
27147933ns          474783 1c0094a0 0004da03 lhu              x20, 0(x9)          x20=0000fb2f  x9:1c002e62  PA:1c002e62
27148231ns          474798 1c0094a4 1007c533 p.exths          x10, x15, x0        x10=fffffffd x15:0000fffd
27148251ns          474799 1c0094a8 09d11023 sh               x29, 128(x2)        x29:0000003e  x2:10000cd8  PA:10000d58
27148271ns          474800 1c0094ac 0003d483 lhu              x9, 0(x7)            x9=0000ffce  x7:1c002eb2  PA:1c002eb2
27148629ns          474818 1c0094b0 02e80eb3 mul              x29, x16, x14       x29=ffffffe8 x16:ffffffff x14:00000018
27148649ns          474819 1c0094b4 40a8d893 srai             x17, x17, 0x40a     x17=00000000 x17:00000000
27148669ns          474820 1c0094b8 03c80833 mul              x16, x16, x28       x16=00000000 x16:ffffffff x28:00000000
27148689ns          474821 1c0094bc 09e11823 sh               x30, 144(x2)        x30:0000ff01  x2:10000cd8  PA:10000d68
27148709ns          474822 1c0094c0 0005d983 lhu              x19, 0(x11)         x19=0000ffa0 x11:1c002e92  PA:1c002e92
27149007ns          474837 1c0094c4 81c88f5b p.muls           x30, x17, x28       x30=00000000 x17:00000000 x28:00000000
27149027ns          474838 1c0094c8 0002d583 lhu              x11, 0(x5)          x11=0000ff75  x5:1c002ea2  PA:1c002ea2
27149385ns          474856 1c0094cc 03ce0fb3 mul              x31, x28, x28       x31=00000000 x28:00000000 x28:00000000
27149405ns          474857 1c0094d0 02e50733 mul              x14, x10, x14       x14=ffffffb8 x10:fffffffd x14:00000018
27149425ns          474858 1c0094d4 40a85813 srai             x16, x16, 0x40a     x16=00000000 x16:00000000
27149444ns          474859 1c0094d8 03c50533 mul              x10, x10, x28       x10=00000000 x10:fffffffd x28:00000000
27149464ns          474860 1c0094dc 07015e03 lhu              x28, 112(x2)        x28=0000009c  x2:10000cd8  PA:10000d48
27149504ns          474862 1c0094e0 01b60633 add              x12, x12, x27       x12=00001530 x12:00000018 x27:00001518
27149524ns          474863 1c0094e2 00980833 add              x16, x16, x9        x16=0000ffce x16:00000000  x9:0000ffce
27149544ns          474864 1c0094e4 06015d83 lhu              x27, 96(x2)         x27=000001a1  x2:10000cd8  PA:10000d38
27149564ns          474865 1c0094e8 02812483 lw               x9, 40(x2)           x9=1c002ec2  x2:10000cd8  PA:10000d00
27149584ns          474866 1c0094ea 40afdf93 srai             x31, x31, 0x40a     x31=00000000 x31:00000000
27149604ns          474867 1c0094ee 40a55513 srai             x10, x10, 0x40a     x10=00000000 x10:00000000
27149623ns          474868 1c0094f0 01cf8fb3 add              x31, x31, x28       x31=0000009c x31:00000000 x28:0000009c
27149643ns          474869 1c0094f2 00b50533 add              x10, x10, x11       x10=0000ff75 x10:00000000 x11:0000ff75
27149663ns          474870 1c0094f4 09015e03 lhu              x28, 144(x2)        x28=0000ff01  x2:10000cd8  PA:10000d68
27149683ns          474871 1c0094f8 03012583 lw               x11, 48(x2)         x11=1c002ed2  x2:10000cd8  PA:10000d08
27149703ns          474872 1c0094fa 00c49023 sh               x12, 0(x9)          x12:00001530  x9:1c002ec2  PA:1c002ec2
27150021ns          474888 1c0094fe 01b888b3 add              x17, x17, x27       x17=000001a1 x17:00000000 x27:000001a1
27150041ns          474889 1c009500 01a30333 add              x6, x6, x26          x6=00000518  x6:00000000 x26:00000518
27150061ns          474890 1c009502 08015d83 lhu              x27, 128(x2)        x27=0000003e  x2:10000cd8  PA:10000d58
27150081ns          474891 1c009506 0000d903 lhu              x18, 0(x1)          x18=0000fea1  x1:1c002e82  PA:1c002e82
27150379ns          474906 1c00950a 01c686b3 add              x13, x13, x28       x13=0001ff00 x13:0000ffff x28:0000ff01
27150399ns          474907 1c00950c 00659023 sh               x6, 0(x11)           x6:00000518 x11:1c002ed2  PA:1c002ed2
27150717ns          474923 1c009510 40af5f13 srai             x30, x30, 0x40a     x30=00000000 x30:00000000
27150737ns          474924 1c009514 04812e03 lw               x28, 72(x2)         x28=1c002f02  x2:10000cd8  PA:10000d20
27150757ns          474925 1c009516 01bf0f33 add              x30, x30, x27       x30=0000003e x30:00000000 x27:0000003e
27150777ns          474926 1c009518 40aede93 srai             x29, x29, 0x40a     x29=ffffffff x29:ffffffe8
27150797ns          474927 1c00951c 40a75713 srai             x14, x14, 0x40a     x14=ffffffff x14:ffffffb8
27150817ns          474928 1c00951e 03812603 lw               x12, 56(x2)         x12=1c002ee2  x2:10000cd8  PA:10000d10
27150837ns          474929 1c009520 04012d83 lw               x27, 64(x2)         x27=1c002ef2  x2:10000cd8  PA:10000d18
27150856ns          474930 1c009522 01ee1023 sh               x30, 0(x28)         x30:0000003e x28:1c002f02  PA:1c002f02
27151195ns          474947 1c009526 05812483 lw               x9, 88(x2)           x9=1c002e62  x2:10000cd8  PA:10000d30
27151214ns          474948 1c009528 05012f03 lw               x30, 80(x2)         x30=1c002e72  x2:10000cd8  PA:10000d28
27151234ns          474949 1c00952a 0a012583 lw               x11, 160(x2)        x11=1c002e92  x2:10000cd8  PA:10000d78
27151254ns          474950 1c00952c 014787b3 add              x15, x15, x20       x15=0001fb2c x15:0000fffd x20:0000fb2f
27151274ns          474951 1c00952e 013e8eb3 add              x29, x29, x19       x29=0000ff9f x29:ffffffff x19:0000ffa0
27151294ns          474952 1c009530 01270733 add              x14, x14, x18       x14=0000fea0 x14:ffffffff x18:0000fea1
27151314ns          474953 1c009532 00f49023 sh               x15, 0(x9)          x15:0001fb2c  x9:1c002e62  PA:1c002e62
27151692ns          474972 1c009536 01161023 sh               x17, 0(x12)         x17:000001a1 x12:1c002ee2  PA:1c002ee2
27152010ns          474988 1c00953a 01fd9023 sh               x31, 0(x27)         x31:0000009c x27:1c002ef2  PA:1c002ef2
27152368ns          475006 1c00953e 00df1023 sh               x13, 0(x30)         x13:0001ff00 x30:1c002e72  PA:1c002e72
27152686ns          475022 1c009542 01d59023 sh               x29, 0(x11)         x29:0000ff9f x11:1c002e92  PA:1c002e92
27153004ns          475038 1c009546 00e09023 sh               x14, 0(x1)          x14:0000fea0  x1:1c002e82  PA:1c002e82
27153323ns          475054 1c00954a 01039023 sh               x16, 0(x7)          x16:0000ffce  x7:1c002eb2  PA:1c002eb2
27153641ns          475070 1c00954e 00a29023 sh               x10, 0(x5)          x10:0000ff75  x5:1c002ea2  PA:1c002ea2
27153979ns          475087 1c009552 008b0b13 addi             x22, x22, 8         x22=00000129 x22:00000121
27153999ns          475088 1c009554 1f300793 addi             x15, x0, 499        x15=000001f3
27154019ns          475089 1c009558 e767dae3 bge              x15, x22, -396      x15:000001f3 x22:00000129
27154078ns          475092 1c0093cc 010c9a0b p.lh             x20, 16(x25!)       x20=00000062 x25=1c0028ea x25:1c0028da  PA:1c0028da
27154456ns          475111 1c0093d0 0104198b p.lh             x19, 16(x8!)        x19=ffffffdd  x8=1c0020b2  x8:1c0020a2  PA:1c0020a2
27154774ns          475127 1c0093d4 2cc10513 addi             x10, x2, 716        x10=10000fa4  x2:10000cd8
27154794ns          475128 1c0093d6 010a990b p.lh             x18, 16(x21!)       x18=00000068 x21=1c0018de x21:1c0018ce  PA:1c0018ce
27155112ns          475144 1c0093da 010b948b p.lh             x9, 16(x23!)         x9=ffffffd0 x23=1c00110e x23:1c0010fe  PA:1c0010fe
27155411ns          475159 1c0093de 2d411623 sh               x20, 716(x2)        x20:00000062  x2:10000cd8  PA:10000fa4
27155451ns          475161 1c0093e2 2d311723 sh               x19, 718(x2)        x19:ffffffdd  x2:10000cd8  PA:10000fa6
27155490ns          475163 1c0093e6 c33ff0ef jal              x1, -974             x1=1c0093e8
27155510ns          475164 1c009018 00051803 lh               x16, 0(x10)         x16=00000062 x10:10000fa4  PA:10000fa4
27155530ns          475165 1c00901c 00251883 lh               x17, 2(x10)         x17=ffffffdd x10:10000fa4  PA:10000fa6
27155570ns          475167 1c009020 030806b3 mul              x13, x16, x16       x13=00002584 x16:00000062 x16:00000062
27155590ns          475168 1c009024 03188633 mul              x12, x17, x17       x12=000004c9 x17:ffffffdd x17:ffffffdd
27155610ns          475169 1c009028 40a65613 srai             x12, x12, 0x40a     x12=00000001 x12:000004c9
27155630ns          475170 1c00902a 40a6d693 srai             x13, x13, 0x40a     x13=00000009 x13:00002584
27155649ns          475171 1c00902c 00c686b3 add              x13, x13, x12       x13=0000000a x13:00000009 x12:00000001
27155669ns          475172 1c00902e 1006c633 p.exths          x12, x13, x0        x12=0000000a x13:0000000a
27155689ns          475173 1c009032 00855703 lhu              x14, 8(x10)         x14=0000ffd1 x10:10000fa4  PA:10000fac
27155709ns          475174 1c009036 00a55683 lhu              x13, 10(x10)        x13=0000ff6a x10:10000fa4  PA:10000fae
27155729ns          475175 1c00903a 02c60333 mul              x6, x12, x12         x6=00000064 x12:0000000a x12:0000000a
27155749ns          475176 1c00903e 00c55783 lhu              x15, 12(x10)        x15=0000ffe5 x10:10000fa4  PA:10000fb0
27155769ns          475177 1c009042 00e55583 lhu              x11, 14(x10)        x11=00000060 x10:10000fa4  PA:10000fb2
27155789ns          475178 1c009046 dea30333 p.extract        x6, x6, 15, 10       x6=00000000  x6:00000064
27155809ns          475179 1c00904a 80c7075b p.muls           x14, x14, x12       x14=fffffe2a x14:0000ffd1 x12:0000000a
27155828ns          475180 1c00904e 80c686db p.muls           x13, x13, x12       x13=fffffa24 x13:0000ff6a x12:0000000a
27155848ns          475181 1c009052 00455e83 lhu              x29, 4(x10)         x29=00000427 x10:10000fa4  PA:10000fa8
27155868ns          475182 1c009056 00655e03 lhu              x28, 6(x10)         x28=0000007f x10:10000fa4  PA:10000faa
27155888ns          475183 1c00905a 40a75713 srai             x14, x14, 0x40a     x14=ffffffff x14:fffffe2a
27155908ns          475184 1c00905c 806787db p.muls           x15, x15, x6        x15=00000000 x15:0000ffe5  x6:00000000
27155928ns          475185 1c009060 40a6d693 srai             x13, x13, 0x40a     x13=fffffffe x13:fffffa24
27155948ns          475186 1c009062 8065865b p.muls           x12, x11, x6        x12=00000000 x11:00000060  x6:00000000
27155968ns          475187 1c009066 40a7d793 srai             x15, x15, 0x40a     x15=00000000 x15:00000000
27155988ns          475188 1c009068 40a65613 srai             x12, x12, 0x40a     x12=00000000 x12:00000000
27156007ns          475189 1c00906a 01d70733 add              x14, x14, x29       x14=00000426 x14:ffffffff x29:00000427
27156027ns          475190 1c00906c 01c686b3 add              x13, x13, x28       x13=0000007d x13:fffffffe x28:0000007f
27156047ns          475191 1c00906e 00c686b3 add              x13, x13, x12       x13=0000007d x13:0000007d x12:00000000
27156067ns          475192 1c009070 00f70733 add              x14, x14, x15       x14=00000426 x14:00000426 x15:00000000
27156087ns          475193 1c009072 100747b3 p.exths          x15, x14, x0        x15=00000426 x14:00000426
27156107ns          475194 1c009076 1006c733 p.exths          x14, x13, x0        x14=0000007d x13:0000007d
27156127ns          475195 1c00907a 03170633 mul              x12, x14, x17       x12=ffffeee9 x14:0000007d x17:ffffffdd
27156147ns          475196 1c00907e 030786b3 mul              x13, x15, x16       x13=0001968c x15:00000426 x16:00000062
27156167ns          475197 1c009082 03070733 mul              x14, x14, x16       x14=00002fda x14:0000007d x16:00000062
27156186ns          475198 1c009086 031787b3 mul              x15, x15, x17       x15=ffff6ece x15:00000426 x17:ffffffdd
27156206ns          475199 1c00908a 40a6d693 srai             x13, x13, 0x40a     x13=00000065 x13:0001968c
27156226ns          475200 1c00908c 40a65613 srai             x12, x12, 0x40a     x12=fffffffb x12:ffffeee9
27156246ns          475201 1c00908e 40a7d793 srai             x15, x15, 0x40a     x15=ffffffdb x15:ffff6ece
27156266ns          475202 1c009090 40a75713 srai             x14, x14, 0x40a     x14=0000000b x14:00002fda
27156286ns          475203 1c009092 40c686b3 sub              x13, x13, x12       x13=0000006a x13:00000065 x12:fffffffb
27156306ns          475204 1c009094 00e787b3 add              x15, x15, x14       x15=ffffffe6 x15:ffffffdb x14:0000000b
27156326ns          475205 1c009096 00d51823 sh               x13, 16(x10)        x13:0000006a x10:10000fa4  PA:10000fb4
27156365ns          475207 1c00909a 00f51923 sh               x15, 18(x10)        x15:ffffffe6 x10:10000fa4  PA:10000fb6
27156385ns          475208 1c00909e 00008067 jalr             x0, x1, 0            x1:1c0093e8
27156425ns          475210 1c0093e8 2dc15583 lhu              x11, 732(x2)        x11=0000006a  x2:10000cd8  PA:10000fb4
27156465ns          475212 1c0093ec 2de15783 lhu              x15, 734(x2)        x15=0000ffe6  x2:10000cd8  PA:10000fb6
27156505ns          475214 1c0093f0 40b90933 sub              x18, x18, x11       x18=fffffffe x18:00000068 x11:0000006a
27156525ns          475215 1c0093f4 40f484b3 sub              x9, x9, x15          x9=fffeffea  x9:ffffffd0 x15:0000ffe6
27156544ns          475216 1c0093f6 100945b3 p.exths          x11, x18, x0        x11=fffffffe x18:fffffffe
27156564ns          475217 1c0093fa 1004c7b3 p.exths          x15, x9, x0         x15=ffffffea  x9:fffeffea
27156584ns          475218 1c0093fe 034586b3 mul              x13, x11, x20       x13=ffffff3c x11:fffffffe x20:00000062
27156604ns          475219 1c009402 03378533 mul              x10, x15, x19       x10=00000302 x15:ffffffea x19:ffffffdd
27156624ns          475220 1c009406 034a0633 mul              x12, x20, x20       x12=00002584 x20:00000062 x20:00000062
27156644ns          475221 1c00940a 03398733 mul              x14, x19, x19       x14=000004c9 x19:ffffffdd x19:ffffffdd
27156704ns          475224 1c00940e 034787b3 mul              x15, x15, x20       x15=fffff794 x15:ffffffea x20:00000062
27156743ns          475226 1c009412 033585b3 mul              x11, x11, x19       x11=00000046 x11:fffffffe x19:ffffffdd
27156763ns          475227 1c009416 40a75713 srai             x14, x14, 0x40a     x14=00000001 x14:000004c9
27156783ns          475228 1c009418 40a5d593 srai             x11, x11, 0x40a     x11=00000000 x11:00000046
27156803ns          475229 1c00941a 40a65613 srai             x12, x12, 0x40a     x12=00000009 x12:00002584
27156823ns          475230 1c00941c 40a7d793 srai             x15, x15, 0x40a     x15=fffffffd x15:fffff794
27156843ns          475231 1c00941e 1c0034b7 lui              x9, 0x1c003000       x9=1c003000
27156863ns          475232 1c009422 00e60633 add              x12, x12, x14       x12=0000000a x12:00000009 x14:00000001
27156883ns          475233 1c009424 40b787b3 sub              x15, x15, x11       x15=fffffffd x15:fffffffd x11:00000000
27156902ns          475234 1c009426 eb048493 addi             x9, x9, -336         x9=1c002eb0  x9:1c003000
27156922ns          475235 1c00942a 1c0032b7 lui              x5, 0x1c003000       x5=1c003000
27156942ns          475236 1c00942e 1c0035b7 lui              x11, 0x1c003000     x11=1c003000
27156962ns          475237 1c009432 018483b3 add              x7, x9, x24          x7=1c002eb2  x9:1c002eb0 x24:00000002
27156982ns          475238 1c009436 02812e83 lw               x29, 40(x2)         x29=1c002ec2  x2:10000cd8  PA:10000d00
27157002ns          475239 1c009438 10065633 p.exthz          x12, x12, x0        x12=0000000a x12:0000000a
27157022ns          475240 1c00943c e8028293 addi             x5, x5, -384         x5=1c002e80  x5:1c003000
27157062ns          475242 1c009440 ea058593 addi             x11, x11, -352      x11=1c002ea0 x11:1c003000
27157101ns          475244 1c009444 03812483 lw               x9, 56(x2)           x9=1c002ee2  x2:10000cd8  PA:10000d10
27157121ns          475245 1c009446 10064733 p.exths          x14, x12, x0        x14=0000000a x12:0000000a
27157141ns          475246 1c00944a 018280b3 add              x1, x5, x24          x1=1c002e82  x5:1c002e80 x24:00000002
27157161ns          475247 1c00944e 03012f03 lw               x30, 48(x2)         x30=1c002ed2  x2:10000cd8  PA:10000d08
27157201ns          475249 1c009450 018582b3 add              x5, x11, x24         x5=1c002ea2 x11:1c002ea0 x24:00000002
27157241ns          475251 1c009454 04012583 lw               x11, 64(x2)         x11=1c002ef2  x2:10000cd8  PA:10000d18
27157260ns          475252 1c009456 000edd83 lhu              x27, 0(x29)         x27=00001530 x29:1c002ec2  PA:1c002ec2
27157559ns          475267 1c00945a 0004d483 lhu              x9, 0(x9)            x9=000001a1  x9:1c002ee2  PA:1c002ee2
27157877ns          475283 1c00945e 02e70333 mul              x6, x14, x14         x6=00000064 x14:0000000a x14:0000000a
27157897ns          475284 1c009462 40a55513 srai             x10, x10, 0x40a     x10=00000000 x10:00000302
27157917ns          475285 1c009464 04812e83 lw               x29, 72(x2)         x29=1c002f02  x2:10000cd8  PA:10000d20
27157937ns          475286 1c009466 40a6d693 srai             x13, x13, 0x40a     x13=ffffffff x13:ffffff3c
27157956ns          475287 1c009468 000f5d03 lhu              x26, 0(x30)         x26=00000518 x30:1c002ed2  PA:1c002ed2
27158275ns          475303 1c00946c 0005d583 lhu              x11, 0(x11)         x11=0000009c x11:1c002ef2  PA:1c002ef2
27158573ns          475318 1c009470 40a35313 srai             x6, x6, 0x40a        x6=00000000  x6:00000064
27158593ns          475319 1c009474 00a686b3 add              x13, x13, x10       x13=ffffffff x13:ffffffff x10:00000000
27158613ns          475320 1c009476 05012f03 lw               x30, 80(x2)         x30=1c002e72  x2:10000cd8  PA:10000d28
27158633ns          475321 1c009478 10034e33 p.exths          x28, x6, x0         x28=00000000  x6:00000000
27158653ns          475322 1c00947c 06911023 sh               x9, 96(x2)           x9:000001a1  x2:10000cd8  PA:10000d38
27158672ns          475323 1c009480 000ede83 lhu              x29, 0(x29)         x29=0000003e x29:1c002f02  PA:1c002f02
27159011ns          475340 1c009484 05812483 lw               x9, 88(x2)           x9=1c002e62  x2:10000cd8  PA:10000d30
27159030ns          475341 1c009486 1006d6b3 p.exthz          x13, x13, x0        x13=0000ffff x13:ffffffff
27159050ns          475342 1c00948a 02ee08b3 mul              x17, x28, x14       x17=00000000 x28:00000000 x14:0000000a
27159070ns          475343 1c00948e 1006c833 p.exths          x16, x13, x0        x16=ffffffff x13:0000ffff
27159090ns          475344 1c009492 06b11823 sh               x11, 112(x2)        x11:0000009c  x2:10000cd8  PA:10000d48
27159110ns          475345 1c009496 000f5f03 lhu              x30, 0(x30)         x30=0000ff00 x30:1c002e72  PA:1c002e72
27159528ns          475366 1c00949a 0a012583 lw               x11, 160(x2)        x11=1c002e92  x2:10000cd8  PA:10000d78
27159548ns          475367 1c00949c 1007d7b3 p.exthz          x15, x15, x0        x15=0000fffd x15:fffffffd
27159567ns          475368 1c0094a0 0004da03 lhu              x20, 0(x9)          x20=0000fb2c  x9:1c002e62  PA:1c002e62
27159866ns          475383 1c0094a4 1007c533 p.exths          x10, x15, x0        x10=fffffffd x15:0000fffd
27159886ns          475384 1c0094a8 09d11023 sh               x29, 128(x2)        x29:0000003e  x2:10000cd8  PA:10000d58
27159906ns          475385 1c0094ac 0003d483 lhu              x9, 0(x7)            x9=0000ffce  x7:1c002eb2  PA:1c002eb2
27160204ns          475400 1c0094b0 02e80eb3 mul              x29, x16, x14       x29=fffffff6 x16:ffffffff x14:0000000a
27160224ns          475401 1c0094b4 40a8d893 srai             x17, x17, 0x40a     x17=00000000 x17:00000000
27160244ns          475402 1c0094b8 03c80833 mul              x16, x16, x28       x16=00000000 x16:ffffffff x28:00000000
27160263ns          475403 1c0094bc 09e11823 sh               x30, 144(x2)        x30:0000ff00  x2:10000cd8  PA:10000d68
27160283ns          475404 1c0094c0 0005d983 lhu              x19, 0(x11)         x19=0000ff9f x11:1c002e92  PA:1c002e92
27160621ns          475421 1c0094c4 81c88f5b p.muls           x30, x17, x28       x30=00000000 x17:00000000 x28:00000000
27160641ns          475422 1c0094c8 0002d583 lhu              x11, 0(x5)          x11=0000ff75  x5:1c002ea2  PA:1c002ea2
27160940ns          475437 1c0094cc 03ce0fb3 mul              x31, x28, x28       x31=00000000 x28:00000000 x28:00000000
27160960ns          475438 1c0094d0 02e50733 mul              x14, x10, x14       x14=ffffffe2 x10:fffffffd x14:0000000a
27160979ns          475439 1c0094d4 40a85813 srai             x16, x16, 0x40a     x16=00000000 x16:00000000
27160999ns          475440 1c0094d8 03c50533 mul              x10, x10, x28       x10=00000000 x10:fffffffd x28:00000000
27161019ns          475441 1c0094dc 07015e03 lhu              x28, 112(x2)        x28=0000009c  x2:10000cd8  PA:10000d48
27161039ns          475442 1c0094e0 01b60633 add              x12, x12, x27       x12=0000153a x12:0000000a x27:00001530
27161059ns          475443 1c0094e2 00980833 add              x16, x16, x9        x16=0000ffce x16:00000000  x9:0000ffce
27161079ns          475444 1c0094e4 06015d83 lhu              x27, 96(x2)         x27=000001a1  x2:10000cd8  PA:10000d38
27161099ns          475445 1c0094e8 02812483 lw               x9, 40(x2)           x9=1c002ec2  x2:10000cd8  PA:10000d00
27161119ns          475446 1c0094ea 40afdf93 srai             x31, x31, 0x40a     x31=00000000 x31:00000000
27161139ns          475447 1c0094ee 40a55513 srai             x10, x10, 0x40a     x10=00000000 x10:00000000
27161158ns          475448 1c0094f0 01cf8fb3 add              x31, x31, x28       x31=0000009c x31:00000000 x28:0000009c
27161178ns          475449 1c0094f2 00b50533 add              x10, x10, x11       x10=0000ff75 x10:00000000 x11:0000ff75
27161198ns          475450 1c0094f4 09015e03 lhu              x28, 144(x2)        x28=0000ff00  x2:10000cd8  PA:10000d68
27161218ns          475451 1c0094f8 03012583 lw               x11, 48(x2)         x11=1c002ed2  x2:10000cd8  PA:10000d08
27161238ns          475452 1c0094fa 00c49023 sh               x12, 0(x9)          x12:0000153a  x9:1c002ec2  PA:1c002ec2
27161556ns          475468 1c0094fe 01b888b3 add              x17, x17, x27       x17=000001a1 x17:00000000 x27:000001a1
27161576ns          475469 1c009500 01a30333 add              x6, x6, x26          x6=00000518  x6:00000000 x26:00000518
27161596ns          475470 1c009502 08015d83 lhu              x27, 128(x2)        x27=0000003e  x2:10000cd8  PA:10000d58
27161616ns          475471 1c009506 0000d903 lhu              x18, 0(x1)          x18=0000fea0  x1:1c002e82  PA:1c002e82
27161974ns          475489 1c00950a 01c686b3 add              x13, x13, x28       x13=0001feff x13:0000ffff x28:0000ff00
27161994ns          475490 1c00950c 00659023 sh               x6, 0(x11)           x6:00000518 x11:1c002ed2  PA:1c002ed2
27162312ns          475506 1c009510 40af5f13 srai             x30, x30, 0x40a     x30=00000000 x30:00000000
27162332ns          475507 1c009514 04812e03 lw               x28, 72(x2)         x28=1c002f02  x2:10000cd8  PA:10000d20
27162352ns          475508 1c009516 01bf0f33 add              x30, x30, x27       x30=0000003e x30:00000000 x27:0000003e
27162372ns          475509 1c009518 40aede93 srai             x29, x29, 0x40a     x29=ffffffff x29:fffffff6
27162392ns          475510 1c00951c 40a75713 srai             x14, x14, 0x40a     x14=ffffffff x14:ffffffe2
27162411ns          475511 1c00951e 03812603 lw               x12, 56(x2)         x12=1c002ee2  x2:10000cd8  PA:10000d10
27162431ns          475512 1c009520 04012d83 lw               x27, 64(x2)         x27=1c002ef2  x2:10000cd8  PA:10000d18
27162451ns          475513 1c009522 01ee1023 sh               x30, 0(x28)         x30:0000003e x28:1c002f02  PA:1c002f02
27162769ns          475529 1c009526 05812483 lw               x9, 88(x2)           x9=1c002e62  x2:10000cd8  PA:10000d30
27162789ns          475530 1c009528 05012f03 lw               x30, 80(x2)         x30=1c002e72  x2:10000cd8  PA:10000d28
27162809ns          475531 1c00952a 0a012583 lw               x11, 160(x2)        x11=1c002e92  x2:10000cd8  PA:10000d78
27162829ns          475532 1c00952c 014787b3 add              x15, x15, x20       x15=0001fb29 x15:0000fffd x20:0000fb2c
27162849ns          475533 1c00952e 013e8eb3 add              x29, x29, x19       x29=0000ff9e x29:ffffffff x19:0000ff9f
27162869ns          475534 1c009530 01270733 add              x14, x14, x18       x14=0000fe9f x14:ffffffff x18:0000fea0
27162889ns          475535 1c009532 00f49023 sh               x15, 0(x9)          x15:0001fb29  x9:1c002e62  PA:1c002e62
27163207ns          475551 1c009536 01161023 sh               x17, 0(x12)         x17:000001a1 x12:1c002ee2  PA:1c002ee2
27163525ns          475567 1c00953a 01fd9023 sh               x31, 0(x27)         x31:0000009c x27:1c002ef2  PA:1c002ef2
27163843ns          475583 1c00953e 00df1023 sh               x13, 0(x30)         x13:0001feff x30:1c002e72  PA:1c002e72
27164162ns          475599 1c009542 01d59023 sh               x29, 0(x11)         x29:0000ff9e x11:1c002e92  PA:1c002e92
27164500ns          475616 1c009546 00e09023 sh               x14, 0(x1)          x14:0000fe9f  x1:1c002e82  PA:1c002e82
27164818ns          475632 1c00954a 01039023 sh               x16, 0(x7)          x16:0000ffce  x7:1c002eb2  PA:1c002eb2
27165136ns          475648 1c00954e 00a29023 sh               x10, 0(x5)          x10:0000ff75  x5:1c002ea2  PA:1c002ea2
27165474ns          475665 1c009552 008b0b13 addi             x22, x22, 8         x22=00000131 x22:00000129
27165494ns          475666 1c009554 1f300793 addi             x15, x0, 499        x15=000001f3
27165514ns          475667 1c009558 e767dae3 bge              x15, x22, -396      x15:000001f3 x22:00000131
27165613ns          475672 1c0093cc 010c9a0b p.lh             x20, 16(x25!)       x20=000000fb x25=1c0028fa x25:1c0028ea  PA:1c0028ea
27165971ns          475690 1c0093d0 0104198b p.lh             x19, 16(x8!)        x19=ffffff77  x8=1c0020c2  x8:1c0020b2  PA:1c0020b2
27166270ns          475705 1c0093d4 2cc10513 addi             x10, x2, 716        x10=10000fa4  x2:10000cd8
27166290ns          475706 1c0093d6 010a990b p.lh             x18, 16(x21!)       x18=000000f5 x21=1c0018ee x21:1c0018de  PA:1c0018de
27166648ns          475724 1c0093da 010b948b p.lh             x9, 16(x23!)         x9=ffffff5c x23=1c00111e x23:1c00110e  PA:1c00110e
27166946ns          475739 1c0093de 2d411623 sh               x20, 716(x2)        x20:000000fb  x2:10000cd8  PA:10000fa4
27166986ns          475741 1c0093e2 2d311723 sh               x19, 718(x2)        x19:ffffff77  x2:10000cd8  PA:10000fa6
27167006ns          475742 1c0093e6 c33ff0ef jal              x1, -974             x1=1c0093e8
27167045ns          475744 1c009018 00051803 lh               x16, 0(x10)         x16=000000fb x10:10000fa4  PA:10000fa4
27167085ns          475746 1c00901c 00251883 lh               x17, 2(x10)         x17=ffffff77 x10:10000fa4  PA:10000fa6
27167125ns          475748 1c009020 030806b3 mul              x13, x16, x16       x13=0000f619 x16:000000fb x16:000000fb
27167145ns          475749 1c009024 03188633 mul              x12, x17, x17       x12=00004951 x17:ffffff77 x17:ffffff77
27167165ns          475750 1c009028 40a65613 srai             x12, x12, 0x40a     x12=00000012 x12:00004951
27167185ns          475751 1c00902a 40a6d693 srai             x13, x13, 0x40a     x13=0000003d x13:0000f619
27167204ns          475752 1c00902c 00c686b3 add              x13, x13, x12       x13=0000004f x13:0000003d x12:00000012
27167224ns          475753 1c00902e 1006c633 p.exths          x12, x13, x0        x12=0000004f x13:0000004f
27167244ns          475754 1c009032 00855703 lhu              x14, 8(x10)         x14=0000ffd1 x10:10000fa4  PA:10000fac
27167284ns          475756 1c009036 00a55683 lhu              x13, 10(x10)        x13=0000ff6a x10:10000fa4  PA:10000fae
27167304ns          475757 1c00903a 02c60333 mul              x6, x12, x12         x6=00001861 x12:0000004f x12:0000004f
27167324ns          475758 1c00903e 00c55783 lhu              x15, 12(x10)        x15=0000ffe5 x10:10000fa4  PA:10000fb0
27167344ns          475759 1c009042 00e55583 lhu              x11, 14(x10)        x11=00000060 x10:10000fa4  PA:10000fb2
27167364ns          475760 1c009046 dea30333 p.extract        x6, x6, 15, 10       x6=00000006  x6:00001861
27167383ns          475761 1c00904a 80c7075b p.muls           x14, x14, x12       x14=fffff17f x14:0000ffd1 x12:0000004f
27167423ns          475763 1c00904e 80c686db p.muls           x13, x13, x12       x13=ffffd1b6 x13:0000ff6a x12:0000004f
27167463ns          475765 1c009052 00455e83 lhu              x29, 4(x10)         x29=00000427 x10:10000fa4  PA:10000fa8
27167483ns          475766 1c009056 00655e03 lhu              x28, 6(x10)         x28=0000007f x10:10000fa4  PA:10000faa
27167503ns          475767 1c00905a 40a75713 srai             x14, x14, 0x40a     x14=fffffffc x14:fffff17f
27167523ns          475768 1c00905c 806787db p.muls           x15, x15, x6        x15=ffffff5e x15:0000ffe5  x6:00000006
27167542ns          475769 1c009060 40a6d693 srai             x13, x13, 0x40a     x13=fffffff4 x13:ffffd1b6
27167562ns          475770 1c009062 8065865b p.muls           x12, x11, x6        x12=00000240 x11:00000060  x6:00000006
27167582ns          475771 1c009066 40a7d793 srai             x15, x15, 0x40a     x15=ffffffff x15:ffffff5e
27167602ns          475772 1c009068 40a65613 srai             x12, x12, 0x40a     x12=00000000 x12:00000240
27167622ns          475773 1c00906a 01d70733 add              x14, x14, x29       x14=00000423 x14:fffffffc x29:00000427
27167642ns          475774 1c00906c 01c686b3 add              x13, x13, x28       x13=00000073 x13:fffffff4 x28:0000007f
27167662ns          475775 1c00906e 00c686b3 add              x13, x13, x12       x13=00000073 x13:00000073 x12:00000000
27167682ns          475776 1c009070 00f70733 add              x14, x14, x15       x14=00000422 x14:00000423 x15:ffffffff
27167702ns          475777 1c009072 100747b3 p.exths          x15, x14, x0        x15=00000422 x14:00000422
27167721ns          475778 1c009076 1006c733 p.exths          x14, x13, x0        x14=00000073 x13:00000073
27167741ns          475779 1c00907a 03170633 mul              x12, x14, x17       x12=ffffc275 x14:00000073 x17:ffffff77
27167761ns          475780 1c00907e 030786b3 mul              x13, x15, x16       x13=00040d56 x15:00000422 x16:000000fb
27167781ns          475781 1c009082 03070733 mul              x14, x14, x16       x14=000070c1 x14:00000073 x16:000000fb
27167801ns          475782 1c009086 031787b3 mul              x15, x15, x17       x15=fffdc9ce x15:00000422 x17:ffffff77
27167821ns          475783 1c00908a 40a6d693 srai             x13, x13, 0x40a     x13=00000103 x13:00040d56
27167841ns          475784 1c00908c 40a65613 srai             x12, x12, 0x40a     x12=fffffff0 x12:ffffc275
27167861ns          475785 1c00908e 40a7d793 srai             x15, x15, 0x40a     x15=ffffff72 x15:fffdc9ce
27167881ns          475786 1c009090 40a75713 srai             x14, x14, 0x40a     x14=0000001c x14:000070c1
27167900ns          475787 1c009092 40c686b3 sub              x13, x13, x12       x13=00000113 x13:00000103 x12:fffffff0
27167920ns          475788 1c009094 00e787b3 add              x15, x15, x14       x15=ffffff8e x15:ffffff72 x14:0000001c
27167940ns          475789 1c009096 00d51823 sh               x13, 16(x10)        x13:00000113 x10:10000fa4  PA:10000fb4
27167960ns          475790 1c00909a 00f51923 sh               x15, 18(x10)        x15:ffffff8e x10:10000fa4  PA:10000fb6
27167980ns          475791 1c00909e 00008067 jalr             x0, x1, 0            x1:1c0093e8
27168040ns          475794 1c0093e8 2dc15583 lhu              x11, 732(x2)        x11=00000113  x2:10000cd8  PA:10000fb4
27168060ns          475795 1c0093ec 2de15783 lhu              x15, 734(x2)        x15=0000ff8e  x2:10000cd8  PA:10000fb6
27168079ns          475796 1c0093f0 40b90933 sub              x18, x18, x11       x18=ffffffe2 x18:000000f5 x11:00000113
27168099ns          475797 1c0093f4 40f484b3 sub              x9, x9, x15          x9=fffeffce  x9:ffffff5c x15:0000ff8e
27168119ns          475798 1c0093f6 100945b3 p.exths          x11, x18, x0        x11=ffffffe2 x18:ffffffe2
27168139ns          475799 1c0093fa 1004c7b3 p.exths          x15, x9, x0         x15=ffffffce  x9:fffeffce
27168159ns          475800 1c0093fe 034586b3 mul              x13, x11, x20       x13=ffffe296 x11:ffffffe2 x20:000000fb
27168179ns          475801 1c009402 03378533 mul              x10, x15, x19       x10=00001ac2 x15:ffffffce x19:ffffff77
27168199ns          475802 1c009406 034a0633 mul              x12, x20, x20       x12=0000f619 x20:000000fb x20:000000fb
27168219ns          475803 1c00940a 03398733 mul              x14, x19, x19       x14=00004951 x19:ffffff77 x19:ffffff77
27168239ns          475804 1c00940e 034787b3 mul              x15, x15, x20       x15=ffffcefa x15:ffffffce x20:000000fb
27168258ns          475805 1c009412 033585b3 mul              x11, x11, x19       x11=0000100e x11:ffffffe2 x19:ffffff77
27168278ns          475806 1c009416 40a75713 srai             x14, x14, 0x40a     x14=00000012 x14:00004951
27168298ns          475807 1c009418 40a5d593 srai             x11, x11, 0x40a     x11=00000004 x11:0000100e
27168318ns          475808 1c00941a 40a65613 srai             x12, x12, 0x40a     x12=0000003d x12:0000f619
27168338ns          475809 1c00941c 40a7d793 srai             x15, x15, 0x40a     x15=fffffff3 x15:ffffcefa
27168358ns          475810 1c00941e 1c0034b7 lui              x9, 0x1c003000       x9=1c003000
27168378ns          475811 1c009422 00e60633 add              x12, x12, x14       x12=0000004f x12:0000003d x14:00000012
27168398ns          475812 1c009424 40b787b3 sub              x15, x15, x11       x15=ffffffef x15:fffffff3 x11:00000004
27168418ns          475813 1c009426 eb048493 addi             x9, x9, -336         x9=1c002eb0  x9:1c003000
27168437ns          475814 1c00942a 1c0032b7 lui              x5, 0x1c003000       x5=1c003000
27168457ns          475815 1c00942e 1c0035b7 lui              x11, 0x1c003000     x11=1c003000
27168477ns          475816 1c009432 018483b3 add              x7, x9, x24          x7=1c002eb2  x9:1c002eb0 x24:00000002
27168497ns          475817 1c009436 02812e83 lw               x29, 40(x2)         x29=1c002ec2  x2:10000cd8  PA:10000d00
27168517ns          475818 1c009438 10065633 p.exthz          x12, x12, x0        x12=0000004f x12:0000004f
27168537ns          475819 1c00943c e8028293 addi             x5, x5, -384         x5=1c002e80  x5:1c003000
27168557ns          475820 1c009440 ea058593 addi             x11, x11, -352      x11=1c002ea0 x11:1c003000
27168577ns          475821 1c009444 03812483 lw               x9, 56(x2)           x9=1c002ee2  x2:10000cd8  PA:10000d10
27168597ns          475822 1c009446 10064733 p.exths          x14, x12, x0        x14=0000004f x12:0000004f
27168616ns          475823 1c00944a 018280b3 add              x1, x5, x24          x1=1c002e82  x5:1c002e80 x24:00000002
27168636ns          475824 1c00944e 03012f03 lw               x30, 48(x2)         x30=1c002ed2  x2:10000cd8  PA:10000d08
27168656ns          475825 1c009450 018582b3 add              x5, x11, x24         x5=1c002ea2 x11:1c002ea0 x24:00000002
27168676ns          475826 1c009454 04012583 lw               x11, 64(x2)         x11=1c002ef2  x2:10000cd8  PA:10000d18
27168696ns          475827 1c009456 000edd83 lhu              x27, 0(x29)         x27=0000153a x29:1c002ec2  PA:1c002ec2
27169034ns          475844 1c00945a 0004d483 lhu              x9, 0(x9)            x9=000001a1  x9:1c002ee2  PA:1c002ee2
27169332ns          475859 1c00945e 02e70333 mul              x6, x14, x14         x6=00001861 x14:0000004f x14:0000004f
27169352ns          475860 1c009462 40a55513 srai             x10, x10, 0x40a     x10=00000006 x10:00001ac2
27169372ns          475861 1c009464 04812e83 lw               x29, 72(x2)         x29=1c002f02  x2:10000cd8  PA:10000d20
27169392ns          475862 1c009466 40a6d693 srai             x13, x13, 0x40a     x13=fffffff8 x13:ffffe296
27169412ns          475863 1c009468 000f5d03 lhu              x26, 0(x30)         x26=00000518 x30:1c002ed2  PA:1c002ed2
27169730ns          475879 1c00946c 0005d583 lhu              x11, 0(x11)         x11=0000009c x11:1c002ef2  PA:1c002ef2
27170048ns          475895 1c009470 40a35313 srai             x6, x6, 0x40a        x6=00000006  x6:00001861
27170068ns          475896 1c009474 00a686b3 add              x13, x13, x10       x13=fffffffe x13:fffffff8 x10:00000006
27170088ns          475897 1c009476 05012f03 lw               x30, 80(x2)         x30=1c002e72  x2:10000cd8  PA:10000d28
27170108ns          475898 1c009478 10034e33 p.exths          x28, x6, x0         x28=00000006  x6:00000006
27170128ns          475899 1c00947c 06911023 sh               x9, 96(x2)           x9:000001a1  x2:10000cd8  PA:10000d38
27170148ns          475900 1c009480 000ede83 lhu              x29, 0(x29)         x29=0000003e x29:1c002f02  PA:1c002f02
27170466ns          475916 1c009484 05812483 lw               x9, 88(x2)           x9=1c002e62  x2:10000cd8  PA:10000d30
27170486ns          475917 1c009486 1006d6b3 p.exthz          x13, x13, x0        x13=0000fffe x13:fffffffe
27170506ns          475918 1c00948a 02ee08b3 mul              x17, x28, x14       x17=000001da x28:00000006 x14:0000004f
27170526ns          475919 1c00948e 1006c833 p.exths          x16, x13, x0        x16=fffffffe x13:0000fffe
27170546ns          475920 1c009492 06b11823 sh               x11, 112(x2)        x11:0000009c  x2:10000cd8  PA:10000d48
27170565ns          475921 1c009496 000f5f03 lhu              x30, 0(x30)         x30=0000feff x30:1c002e72  PA:1c002e72
27170864ns          475936 1c00949a 0a012583 lw               x11, 160(x2)        x11=1c002e92  x2:10000cd8  PA:10000d78
27170904ns          475938 1c00949c 1007d7b3 p.exthz          x15, x15, x0        x15=0000ffef x15:ffffffef
27170923ns          475939 1c0094a0 0004da03 lhu              x20, 0(x9)          x20=0000fb29  x9:1c002e62  PA:1c002e62
27171222ns          475954 1c0094a4 1007c533 p.exths          x10, x15, x0        x10=ffffffef x15:0000ffef
27171242ns          475955 1c0094a8 09d11023 sh               x29, 128(x2)        x29:0000003e  x2:10000cd8  PA:10000d58
27171262ns          475956 1c0094ac 0003d483 lhu              x9, 0(x7)            x9=0000ffce  x7:1c002eb2  PA:1c002eb2
27171600ns          475973 1c0094b0 02e80eb3 mul              x29, x16, x14       x29=ffffff62 x16:fffffffe x14:0000004f
27171620ns          475974 1c0094b4 40a8d893 srai             x17, x17, 0x40a     x17=00000000 x17:000001da
27171639ns          475975 1c0094b8 03c80833 mul              x16, x16, x28       x16=fffffff4 x16:fffffffe x28:00000006
27171659ns          475976 1c0094bc 09e11823 sh               x30, 144(x2)        x30:0000feff  x2:10000cd8  PA:10000d68
27171679ns          475977 1c0094c0 0005d983 lhu              x19, 0(x11)         x19=0000ff9e x11:1c002e92  PA:1c002e92
27171978ns          475992 1c0094c4 81c88f5b p.muls           x30, x17, x28       x30=00000000 x17:00000000 x28:00000006
27171997ns          475993 1c0094c8 0002d583 lhu              x11, 0(x5)          x11=0000ff75  x5:1c002ea2  PA:1c002ea2
27172316ns          476009 1c0094cc 03ce0fb3 mul              x31, x28, x28       x31=00000024 x28:00000006 x28:00000006
27172336ns          476010 1c0094d0 02e50733 mul              x14, x10, x14       x14=fffffac1 x10:ffffffef x14:0000004f
27172355ns          476011 1c0094d4 40a85813 srai             x16, x16, 0x40a     x16=ffffffff x16:fffffff4
27172375ns          476012 1c0094d8 03c50533 mul              x10, x10, x28       x10=ffffff9a x10:ffffffef x28:00000006
27172395ns          476013 1c0094dc 07015e03 lhu              x28, 112(x2)        x28=0000009c  x2:10000cd8  PA:10000d48
27172415ns          476014 1c0094e0 01b60633 add              x12, x12, x27       x12=00001589 x12:0000004f x27:0000153a
27172435ns          476015 1c0094e2 00980833 add              x16, x16, x9        x16=0000ffcd x16:ffffffff  x9:0000ffce
27172455ns          476016 1c0094e4 06015d83 lhu              x27, 96(x2)         x27=000001a1  x2:10000cd8  PA:10000d38
27172475ns          476017 1c0094e8 02812483 lw               x9, 40(x2)           x9=1c002ec2  x2:10000cd8  PA:10000d00
27172495ns          476018 1c0094ea 40afdf93 srai             x31, x31, 0x40a     x31=00000000 x31:00000024
27172514ns          476019 1c0094ee 40a55513 srai             x10, x10, 0x40a     x10=ffffffff x10:ffffff9a
27172534ns          476020 1c0094f0 01cf8fb3 add              x31, x31, x28       x31=0000009c x31:00000000 x28:0000009c
27172554ns          476021 1c0094f2 00b50533 add              x10, x10, x11       x10=0000ff74 x10:ffffffff x11:0000ff75
27172574ns          476022 1c0094f4 09015e03 lhu              x28, 144(x2)        x28=0000feff  x2:10000cd8  PA:10000d68
27172594ns          476023 1c0094f8 03012583 lw               x11, 48(x2)         x11=1c002ed2  x2:10000cd8  PA:10000d08
27172614ns          476024 1c0094fa 00c49023 sh               x12, 0(x9)          x12:00001589  x9:1c002ec2  PA:1c002ec2
27172932ns          476040 1c0094fe 01b888b3 add              x17, x17, x27       x17=000001a1 x17:00000000 x27:000001a1
27172952ns          476041 1c009500 01a30333 add              x6, x6, x26          x6=0000051e  x6:00000006 x26:00000518
27172972ns          476042 1c009502 08015d83 lhu              x27, 128(x2)        x27=0000003e  x2:10000cd8  PA:10000d58
27172992ns          476043 1c009506 0000d903 lhu              x18, 0(x1)          x18=0000fe9f  x1:1c002e82  PA:1c002e82
27173290ns          476058 1c00950a 01c686b3 add              x13, x13, x28       x13=0001fefd x13:0000fffe x28:0000feff
27173310ns          476059 1c00950c 00659023 sh               x6, 0(x11)           x6:0000051e x11:1c002ed2  PA:1c002ed2
27173648ns          476076 1c009510 40af5f13 srai             x30, x30, 0x40a     x30=00000000 x30:00000000
27173668ns          476077 1c009514 04812e03 lw               x28, 72(x2)         x28=1c002f02  x2:10000cd8  PA:10000d20
27173688ns          476078 1c009516 01bf0f33 add              x30, x30, x27       x30=0000003e x30:00000000 x27:0000003e
27173708ns          476079 1c009518 40aede93 srai             x29, x29, 0x40a     x29=ffffffff x29:ffffff62
27173728ns          476080 1c00951c 40a75713 srai             x14, x14, 0x40a     x14=fffffffe x14:fffffac1
27173748ns          476081 1c00951e 03812603 lw               x12, 56(x2)         x12=1c002ee2  x2:10000cd8  PA:10000d10
27173767ns          476082 1c009520 04012d83 lw               x27, 64(x2)         x27=1c002ef2  x2:10000cd8  PA:10000d18
27173787ns          476083 1c009522 01ee1023 sh               x30, 0(x28)         x30:0000003e x28:1c002f02  PA:1c002f02
27174106ns          476099 1c009526 05812483 lw               x9, 88(x2)           x9=1c002e62  x2:10000cd8  PA:10000d30
27174125ns          476100 1c009528 05012f03 lw               x30, 80(x2)         x30=1c002e72  x2:10000cd8  PA:10000d28
27174145ns          476101 1c00952a 0a012583 lw               x11, 160(x2)        x11=1c002e92  x2:10000cd8  PA:10000d78
27174165ns          476102 1c00952c 014787b3 add              x15, x15, x20       x15=0001fb18 x15:0000ffef x20:0000fb29
27174185ns          476103 1c00952e 013e8eb3 add              x29, x29, x19       x29=0000ff9d x29:ffffffff x19:0000ff9e
27174205ns          476104 1c009530 01270733 add              x14, x14, x18       x14=0000fe9d x14:fffffffe x18:0000fe9f
27174225ns          476105 1c009532 00f49023 sh               x15, 0(x9)          x15:0001fb18  x9:1c002e62  PA:1c002e62
27174543ns          476121 1c009536 01161023 sh               x17, 0(x12)         x17:000001a1 x12:1c002ee2  PA:1c002ee2
27174861ns          476137 1c00953a 01fd9023 sh               x31, 0(x27)         x31:0000009c x27:1c002ef2  PA:1c002ef2
27175179ns          476153 1c00953e 00df1023 sh               x13, 0(x30)         x13:0001fefd x30:1c002e72  PA:1c002e72
27175518ns          476170 1c009542 01d59023 sh               x29, 0(x11)         x29:0000ff9d x11:1c002e92  PA:1c002e92
27175836ns          476186 1c009546 00e09023 sh               x14, 0(x1)          x14:0000fe9d  x1:1c002e82  PA:1c002e82
27176154ns          476202 1c00954a 01039023 sh               x16, 0(x7)          x16:0000ffcd  x7:1c002eb2  PA:1c002eb2
27176472ns          476218 1c00954e 00a29023 sh               x10, 0(x5)          x10:0000ff74  x5:1c002ea2  PA:1c002ea2
27176810ns          476235 1c009552 008b0b13 addi             x22, x22, 8         x22=00000139 x22:00000131
27176830ns          476236 1c009554 1f300793 addi             x15, x0, 499        x15=000001f3
27176850ns          476237 1c009558 e767dae3 bge              x15, x22, -396      x15:000001f3 x22:00000139
27176950ns          476242 1c0093cc 010c9a0b p.lh             x20, 16(x25!)       x20=fffffff2 x25=1c00290a x25:1c0028fa  PA:1c0028fa
27177288ns          476259 1c0093d0 0104198b p.lh             x19, 16(x8!)        x19=00000006  x8=1c0020d2  x8:1c0020c2  PA:1c0020c2
27177626ns          476276 1c0093d4 2cc10513 addi             x10, x2, 716        x10=10000fa4  x2:10000cd8
27177646ns          476277 1c0093d6 010a990b p.lh             x18, 16(x21!)       x18=fffffff2 x21=1c0018fe x21:1c0018ee  PA:1c0018ee
27177944ns          476292 1c0093da 010b948b p.lh             x9, 16(x23!)         x9=00000011 x23=1c00112e x23:1c00111e  PA:1c00111e
27178262ns          476308 1c0093de 2d411623 sh               x20, 716(x2)        x20:fffffff2  x2:10000cd8  PA:10000fa4
27178282ns          476309 1c0093e2 2d311723 sh               x19, 718(x2)        x19:00000006  x2:10000cd8  PA:10000fa6
27178302ns          476310 1c0093e6 c33ff0ef jal              x1, -974             x1=1c0093e8
27178381ns          476314 1c009018 00051803 lh               x16, 0(x10)         x16=fffffff2 x10:10000fa4  PA:10000fa4
27178441ns          476317 1c00901c 00251883 lh               x17, 2(x10)         x17=00000006 x10:10000fa4  PA:10000fa6
27178461ns          476318 1c009020 030806b3 mul              x13, x16, x16       x13=000000c4 x16:fffffff2 x16:fffffff2
27178481ns          476319 1c009024 03188633 mul              x12, x17, x17       x12=00000024 x17:00000006 x17:00000006
27178501ns          476320 1c009028 40a65613 srai             x12, x12, 0x40a     x12=00000000 x12:00000024
27178521ns          476321 1c00902a 40a6d693 srai             x13, x13, 0x40a     x13=00000000 x13:000000c4
27178541ns          476322 1c00902c 00c686b3 add              x13, x13, x12       x13=00000000 x13:00000000 x12:00000000
27178560ns          476323 1c00902e 1006c633 p.exths          x12, x13, x0        x12=00000000 x13:00000000
27178580ns          476324 1c009032 00855703 lhu              x14, 8(x10)         x14=0000ffd1 x10:10000fa4  PA:10000fac
27178600ns          476325 1c009036 00a55683 lhu              x13, 10(x10)        x13=0000ff6a x10:10000fa4  PA:10000fae
27178620ns          476326 1c00903a 02c60333 mul              x6, x12, x12         x6=00000000 x12:00000000 x12:00000000
27178640ns          476327 1c00903e 00c55783 lhu              x15, 12(x10)        x15=0000ffe5 x10:10000fa4  PA:10000fb0
27178660ns          476328 1c009042 00e55583 lhu              x11, 14(x10)        x11=00000060 x10:10000fa4  PA:10000fb2
27178680ns          476329 1c009046 dea30333 p.extract        x6, x6, 15, 10       x6=00000000  x6:00000000
27178700ns          476330 1c00904a 80c7075b p.muls           x14, x14, x12       x14=00000000 x14:0000ffd1 x12:00000000
27178720ns          476331 1c00904e 80c686db p.muls           x13, x13, x12       x13=00000000 x13:0000ff6a x12:00000000
27178739ns          476332 1c009052 00455e83 lhu              x29, 4(x10)         x29=00000427 x10:10000fa4  PA:10000fa8
27178759ns          476333 1c009056 00655e03 lhu              x28, 6(x10)         x28=0000007f x10:10000fa4  PA:10000faa
27178779ns          476334 1c00905a 40a75713 srai             x14, x14, 0x40a     x14=00000000 x14:00000000
27178799ns          476335 1c00905c 806787db p.muls           x15, x15, x6        x15=00000000 x15:0000ffe5  x6:00000000
27178839ns          476337 1c009060 40a6d693 srai             x13, x13, 0x40a     x13=00000000 x13:00000000
27178879ns          476339 1c009062 8065865b p.muls           x12, x11, x6        x12=00000000 x11:00000060  x6:00000000
27178899ns          476340 1c009066 40a7d793 srai             x15, x15, 0x40a     x15=00000000 x15:00000000
27178918ns          476341 1c009068 40a65613 srai             x12, x12, 0x40a     x12=00000000 x12:00000000
27178938ns          476342 1c00906a 01d70733 add              x14, x14, x29       x14=00000427 x14:00000000 x29:00000427
27178958ns          476343 1c00906c 01c686b3 add              x13, x13, x28       x13=0000007f x13:00000000 x28:0000007f
27178978ns          476344 1c00906e 00c686b3 add              x13, x13, x12       x13=0000007f x13:0000007f x12:00000000
27178998ns          476345 1c009070 00f70733 add              x14, x14, x15       x14=00000427 x14:00000427 x15:00000000
27179018ns          476346 1c009072 100747b3 p.exths          x15, x14, x0        x15=00000427 x14:00000427
27179038ns          476347 1c009076 1006c733 p.exths          x14, x13, x0        x14=0000007f x13:0000007f
27179058ns          476348 1c00907a 03170633 mul              x12, x14, x17       x12=000002fa x14:0000007f x17:00000006
27179078ns          476349 1c00907e 030786b3 mul              x13, x15, x16       x13=ffffc5de x15:00000427 x16:fffffff2
27179097ns          476350 1c009082 03070733 mul              x14, x14, x16       x14=fffff90e x14:0000007f x16:fffffff2
27179117ns          476351 1c009086 031787b3 mul              x15, x15, x17       x15=000018ea x15:00000427 x17:00000006
27179137ns          476352 1c00908a 40a6d693 srai             x13, x13, 0x40a     x13=fffffff1 x13:ffffc5de
27179157ns          476353 1c00908c 40a65613 srai             x12, x12, 0x40a     x12=00000000 x12:000002fa
27179177ns          476354 1c00908e 40a7d793 srai             x15, x15, 0x40a     x15=00000006 x15:000018ea
27179197ns          476355 1c009090 40a75713 srai             x14, x14, 0x40a     x14=fffffffe x14:fffff90e
27179217ns          476356 1c009092 40c686b3 sub              x13, x13, x12       x13=fffffff1 x13:fffffff1 x12:00000000
27179237ns          476357 1c009094 00e787b3 add              x15, x15, x14       x15=00000004 x15:00000006 x14:fffffffe
27179257ns          476358 1c009096 00d51823 sh               x13, 16(x10)        x13:fffffff1 x10:10000fa4  PA:10000fb4
27179276ns          476359 1c00909a 00f51923 sh               x15, 18(x10)        x15:00000004 x10:10000fa4  PA:10000fb6
27179296ns          476360 1c00909e 00008067 jalr             x0, x1, 0            x1:1c0093e8
27179336ns          476362 1c0093e8 2dc15583 lhu              x11, 732(x2)        x11=0000fff1  x2:10000cd8  PA:10000fb4
27179356ns          476363 1c0093ec 2de15783 lhu              x15, 734(x2)        x15=00000004  x2:10000cd8  PA:10000fb6
27179376ns          476364 1c0093f0 40b90933 sub              x18, x18, x11       x18=ffff0001 x18:fffffff2 x11:0000fff1
27179396ns          476365 1c0093f4 40f484b3 sub              x9, x9, x15          x9=0000000d  x9:00000011 x15:00000004
27179416ns          476366 1c0093f6 100945b3 p.exths          x11, x18, x0        x11=00000001 x18:ffff0001
27179436ns          476367 1c0093fa 1004c7b3 p.exths          x15, x9, x0         x15=0000000d  x9:0000000d
27179455ns          476368 1c0093fe 034586b3 mul              x13, x11, x20       x13=fffffff2 x11:00000001 x20:fffffff2
27179475ns          476369 1c009402 03378533 mul              x10, x15, x19       x10=0000004e x15:0000000d x19:00000006
27179495ns          476370 1c009406 034a0633 mul              x12, x20, x20       x12=000000c4 x20:fffffff2 x20:fffffff2
27179515ns          476371 1c00940a 03398733 mul              x14, x19, x19       x14=00000024 x19:00000006 x19:00000006
27179535ns          476372 1c00940e 034787b3 mul              x15, x15, x20       x15=ffffff4a x15:0000000d x20:fffffff2
27179555ns          476373 1c009412 033585b3 mul              x11, x11, x19       x11=00000006 x11:00000001 x19:00000006
27179575ns          476374 1c009416 40a75713 srai             x14, x14, 0x40a     x14=00000000 x14:00000024
27179595ns          476375 1c009418 40a5d593 srai             x11, x11, 0x40a     x11=00000000 x11:00000006
27179615ns          476376 1c00941a 40a65613 srai             x12, x12, 0x40a     x12=00000000 x12:000000c4
27179634ns          476377 1c00941c 40a7d793 srai             x15, x15, 0x40a     x15=ffffffff x15:ffffff4a
27179654ns          476378 1c00941e 1c0034b7 lui              x9, 0x1c003000       x9=1c003000
27179674ns          476379 1c009422 00e60633 add              x12, x12, x14       x12=00000000 x12:00000000 x14:00000000
27179694ns          476380 1c009424 40b787b3 sub              x15, x15, x11       x15=ffffffff x15:ffffffff x11:00000000
27179714ns          476381 1c009426 eb048493 addi             x9, x9, -336         x9=1c002eb0  x9:1c003000
27179734ns          476382 1c00942a 1c0032b7 lui              x5, 0x1c003000       x5=1c003000
27179754ns          476383 1c00942e 1c0035b7 lui              x11, 0x1c003000     x11=1c003000
27179774ns          476384 1c009432 018483b3 add              x7, x9, x24          x7=1c002eb2  x9:1c002eb0 x24:00000002
27179794ns          476385 1c009436 02812e83 lw               x29, 40(x2)         x29=1c002ec2  x2:10000cd8  PA:10000d00
27179813ns          476386 1c009438 10065633 p.exthz          x12, x12, x0        x12=00000000 x12:00000000
27179833ns          476387 1c00943c e8028293 addi             x5, x5, -384         x5=1c002e80  x5:1c003000
27179853ns          476388 1c009440 ea058593 addi             x11, x11, -352      x11=1c002ea0 x11:1c003000
27179873ns          476389 1c009444 03812483 lw               x9, 56(x2)           x9=1c002ee2  x2:10000cd8  PA:10000d10
27179893ns          476390 1c009446 10064733 p.exths          x14, x12, x0        x14=00000000 x12:00000000
27179913ns          476391 1c00944a 018280b3 add              x1, x5, x24          x1=1c002e82  x5:1c002e80 x24:00000002
27179933ns          476392 1c00944e 03012f03 lw               x30, 48(x2)         x30=1c002ed2  x2:10000cd8  PA:10000d08
27179953ns          476393 1c009450 018582b3 add              x5, x11, x24         x5=1c002ea2 x11:1c002ea0 x24:00000002
27179972ns          476394 1c009454 04012583 lw               x11, 64(x2)         x11=1c002ef2  x2:10000cd8  PA:10000d18
27179992ns          476395 1c009456 000edd83 lhu              x27, 0(x29)         x27=00001589 x29:1c002ec2  PA:1c002ec2
27180330ns          476412 1c00945a 0004d483 lhu              x9, 0(x9)            x9=000001a1  x9:1c002ee2  PA:1c002ee2
27180629ns          476427 1c00945e 02e70333 mul              x6, x14, x14         x6=00000000 x14:00000000 x14:00000000
27180649ns          476428 1c009462 40a55513 srai             x10, x10, 0x40a     x10=00000000 x10:0000004e
27180669ns          476429 1c009464 04812e83 lw               x29, 72(x2)         x29=1c002f02  x2:10000cd8  PA:10000d20
27180688ns          476430 1c009466 40a6d693 srai             x13, x13, 0x40a     x13=ffffffff x13:fffffff2
27180708ns          476431 1c009468 000f5d03 lhu              x26, 0(x30)         x26=0000051e x30:1c002ed2  PA:1c002ed2
27181027ns          476447 1c00946c 0005d583 lhu              x11, 0(x11)         x11=0000009c x11:1c002ef2  PA:1c002ef2
27181424ns          476467 1c009470 40a35313 srai             x6, x6, 0x40a        x6=00000000  x6:00000000
27181444ns          476468 1c009474 00a686b3 add              x13, x13, x10       x13=ffffffff x13:ffffffff x10:00000000
27181464ns          476469 1c009476 05012f03 lw               x30, 80(x2)         x30=1c002e72  x2:10000cd8  PA:10000d28
27181484ns          476470 1c009478 10034e33 p.exths          x28, x6, x0         x28=00000000  x6:00000000
27181504ns          476471 1c00947c 06911023 sh               x9, 96(x2)           x9:000001a1  x2:10000cd8  PA:10000d38
27181524ns          476472 1c009480 000ede83 lhu              x29, 0(x29)         x29=0000003e x29:1c002f02  PA:1c002f02
27181822ns          476487 1c009484 05812483 lw               x9, 88(x2)           x9=1c002e62  x2:10000cd8  PA:10000d30
27181842ns          476488 1c009486 1006d6b3 p.exthz          x13, x13, x0        x13=0000ffff x13:ffffffff
27181862ns          476489 1c00948a 02ee08b3 mul              x17, x28, x14       x17=00000000 x28:00000000 x14:00000000
27181882ns          476490 1c00948e 1006c833 p.exths          x16, x13, x0        x16=ffffffff x13:0000ffff
27181902ns          476491 1c009492 06b11823 sh               x11, 112(x2)        x11:0000009c  x2:10000cd8  PA:10000d48
27181922ns          476492 1c009496 000f5f03 lhu              x30, 0(x30)         x30=0000fefd x30:1c002e72  PA:1c002e72
27182260ns          476509 1c00949a 0a012583 lw               x11, 160(x2)        x11=1c002e92  x2:10000cd8  PA:10000d78
27182280ns          476510 1c00949c 1007d7b3 p.exthz          x15, x15, x0        x15=0000ffff x15:ffffffff
27182299ns          476511 1c0094a0 0004da03 lhu              x20, 0(x9)          x20=0000fb18  x9:1c002e62  PA:1c002e62
27182717ns          476532 1c0094a4 1007c533 p.exths          x10, x15, x0        x10=ffffffff x15:0000ffff
27182737ns          476533 1c0094a8 09d11023 sh               x29, 128(x2)        x29:0000003e  x2:10000cd8  PA:10000d58
27182757ns          476534 1c0094ac 0003d483 lhu              x9, 0(x7)            x9=0000ffcd  x7:1c002eb2  PA:1c002eb2
27183055ns          476549 1c0094b0 02e80eb3 mul              x29, x16, x14       x29=00000000 x16:ffffffff x14:00000000
27183075ns          476550 1c0094b4 40a8d893 srai             x17, x17, 0x40a     x17=00000000 x17:00000000
27183095ns          476551 1c0094b8 03c80833 mul              x16, x16, x28       x16=00000000 x16:ffffffff x28:00000000
27183115ns          476552 1c0094bc 09e11823 sh               x30, 144(x2)        x30:0000fefd  x2:10000cd8  PA:10000d68
27183135ns          476553 1c0094c0 0005d983 lhu              x19, 0(x11)         x19=0000ff9d x11:1c002e92  PA:1c002e92
27183433ns          476568 1c0094c4 81c88f5b p.muls           x30, x17, x28       x30=00000000 x17:00000000 x28:00000000
27183453ns          476569 1c0094c8 0002d583 lhu              x11, 0(x5)          x11=0000ff74  x5:1c002ea2  PA:1c002ea2
27183751ns          476584 1c0094cc 03ce0fb3 mul              x31, x28, x28       x31=00000000 x28:00000000 x28:00000000
27183771ns          476585 1c0094d0 02e50733 mul              x14, x10, x14       x14=00000000 x10:ffffffff x14:00000000
27183791ns          476586 1c0094d4 40a85813 srai             x16, x16, 0x40a     x16=00000000 x16:00000000
27183811ns          476587 1c0094d8 03c50533 mul              x10, x10, x28       x10=00000000 x10:ffffffff x28:00000000
27183831ns          476588 1c0094dc 07015e03 lhu              x28, 112(x2)        x28=0000009c  x2:10000cd8  PA:10000d48
27183871ns          476590 1c0094e0 01b60633 add              x12, x12, x27       x12=00001589 x12:00000000 x27:00001589
27183890ns          476591 1c0094e2 00980833 add              x16, x16, x9        x16=0000ffcd x16:00000000  x9:0000ffcd
27183910ns          476592 1c0094e4 06015d83 lhu              x27, 96(x2)         x27=000001a1  x2:10000cd8  PA:10000d38
27183930ns          476593 1c0094e8 02812483 lw               x9, 40(x2)           x9=1c002ec2  x2:10000cd8  PA:10000d00
27183950ns          476594 1c0094ea 40afdf93 srai             x31, x31, 0x40a     x31=00000000 x31:00000000
27183970ns          476595 1c0094ee 40a55513 srai             x10, x10, 0x40a     x10=00000000 x10:00000000
27183990ns          476596 1c0094f0 01cf8fb3 add              x31, x31, x28       x31=0000009c x31:00000000 x28:0000009c
27184010ns          476597 1c0094f2 00b50533 add              x10, x10, x11       x10=0000ff74 x10:00000000 x11:0000ff74
27184030ns          476598 1c0094f4 09015e03 lhu              x28, 144(x2)        x28=0000fefd  x2:10000cd8  PA:10000d68
27184050ns          476599 1c0094f8 03012583 lw               x11, 48(x2)         x11=1c002ed2  x2:10000cd8  PA:10000d08
27184069ns          476600 1c0094fa 00c49023 sh               x12, 0(x9)          x12:00001589  x9:1c002ec2  PA:1c002ec2
27184447ns          476619 1c0094fe 01b888b3 add              x17, x17, x27       x17=000001a1 x17:00000000 x27:000001a1
27184467ns          476620 1c009500 01a30333 add              x6, x6, x26          x6=0000051e  x6:00000000 x26:0000051e
27184487ns          476621 1c009502 08015d83 lhu              x27, 128(x2)        x27=0000003e  x2:10000cd8  PA:10000d58
27184507ns          476622 1c009506 0000d903 lhu              x18, 0(x1)          x18=0000fe9d  x1:1c002e82  PA:1c002e82
27184845ns          476639 1c00950a 01c686b3 add              x13, x13, x28       x13=0001fefc x13:0000ffff x28:0000fefd
27184865ns          476640 1c00950c 00659023 sh               x6, 0(x11)           x6:0000051e x11:1c002ed2  PA:1c002ed2
27185183ns          476656 1c009510 40af5f13 srai             x30, x30, 0x40a     x30=00000000 x30:00000000
27185203ns          476657 1c009514 04812e03 lw               x28, 72(x2)         x28=1c002f02  x2:10000cd8  PA:10000d20
27185223ns          476658 1c009516 01bf0f33 add              x30, x30, x27       x30=0000003e x30:00000000 x27:0000003e
27185243ns          476659 1c009518 40aede93 srai             x29, x29, 0x40a     x29=00000000 x29:00000000
27185263ns          476660 1c00951c 40a75713 srai             x14, x14, 0x40a     x14=00000000 x14:00000000
27185283ns          476661 1c00951e 03812603 lw               x12, 56(x2)         x12=1c002ee2  x2:10000cd8  PA:10000d10
27185302ns          476662 1c009520 04012d83 lw               x27, 64(x2)         x27=1c002ef2  x2:10000cd8  PA:10000d18
27185322ns          476663 1c009522 01ee1023 sh               x30, 0(x28)         x30:0000003e x28:1c002f02  PA:1c002f02
27185641ns          476679 1c009526 05812483 lw               x9, 88(x2)           x9=1c002e62  x2:10000cd8  PA:10000d30
27185660ns          476680 1c009528 05012f03 lw               x30, 80(x2)         x30=1c002e72  x2:10000cd8  PA:10000d28
27185680ns          476681 1c00952a 0a012583 lw               x11, 160(x2)        x11=1c002e92  x2:10000cd8  PA:10000d78
27185700ns          476682 1c00952c 014787b3 add              x15, x15, x20       x15=0001fb17 x15:0000ffff x20:0000fb18
27185720ns          476683 1c00952e 013e8eb3 add              x29, x29, x19       x29=0000ff9d x29:00000000 x19:0000ff9d
27185740ns          476684 1c009530 01270733 add              x14, x14, x18       x14=0000fe9d x14:00000000 x18:0000fe9d
27185760ns          476685 1c009532 00f49023 sh               x15, 0(x9)          x15:0001fb17  x9:1c002e62  PA:1c002e62
27186118ns          476703 1c009536 01161023 sh               x17, 0(x12)         x17:000001a1 x12:1c002ee2  PA:1c002ee2
27186436ns          476719 1c00953a 01fd9023 sh               x31, 0(x27)         x31:0000009c x27:1c002ef2  PA:1c002ef2
27186874ns          476741 1c00953e 00df1023 sh               x13, 0(x30)         x13:0001fefc x30:1c002e72  PA:1c002e72
27187232ns          476759 1c009542 01d59023 sh               x29, 0(x11)         x29:0000ff9d x11:1c002e92  PA:1c002e92
27187550ns          476775 1c009546 00e09023 sh               x14, 0(x1)          x14:0000fe9d  x1:1c002e82  PA:1c002e82
27187868ns          476791 1c00954a 01039023 sh               x16, 0(x7)          x16:0000ffcd  x7:1c002eb2  PA:1c002eb2
27188226ns          476809 1c00954e 00a29023 sh               x10, 0(x5)          x10:0000ff74  x5:1c002ea2  PA:1c002ea2
27188544ns          476825 1c009552 008b0b13 addi             x22, x22, 8         x22=00000141 x22:00000139
27188564ns          476826 1c009554 1f300793 addi             x15, x0, 499        x15=000001f3
27188584ns          476827 1c009558 e767dae3 bge              x15, x22, -396      x15:000001f3 x22:00000141
27188683ns          476832 1c0093cc 010c9a0b p.lh             x20, 16(x25!)       x20=fffffff2 x25=1c00291a x25:1c00290a  PA:1c00290a
27189041ns          476850 1c0093d0 0104198b p.lh             x19, 16(x8!)        x19=ffffffba  x8=1c0020e2  x8:1c0020d2  PA:1c0020d2
27189340ns          476865 1c0093d4 2cc10513 addi             x10, x2, 716        x10=10000fa4  x2:10000cd8
27189360ns          476866 1c0093d6 010a990b p.lh             x18, 16(x21!)       x18=ffffffec x21=1c00190e x21:1c0018fe  PA:1c0018fe
27189678ns          476882 1c0093da 010b948b p.lh             x9, 16(x23!)         x9=ffffffb8 x23=1c00113e x23:1c00112e  PA:1c00112e
27189976ns          476897 1c0093de 2d411623 sh               x20, 716(x2)        x20:fffffff2  x2:10000cd8  PA:10000fa4
27190016ns          476899 1c0093e2 2d311723 sh               x19, 718(x2)        x19:ffffffba  x2:10000cd8  PA:10000fa6
27190056ns          476901 1c0093e6 c33ff0ef jal              x1, -974             x1=1c0093e8
27190076ns          476902 1c009018 00051803 lh               x16, 0(x10)         x16=fffffff2 x10:10000fa4  PA:10000fa4
27190095ns          476903 1c00901c 00251883 lh               x17, 2(x10)         x17=ffffffba x10:10000fa4  PA:10000fa6
27190155ns          476906 1c009020 030806b3 mul              x13, x16, x16       x13=000000c4 x16:fffffff2 x16:fffffff2
27190195ns          476908 1c009024 03188633 mul              x12, x17, x17       x12=00001324 x17:ffffffba x17:ffffffba
27190215ns          476909 1c009028 40a65613 srai             x12, x12, 0x40a     x12=00000004 x12:00001324
27190235ns          476910 1c00902a 40a6d693 srai             x13, x13, 0x40a     x13=00000000 x13:000000c4
27190255ns          476911 1c00902c 00c686b3 add              x13, x13, x12       x13=00000004 x13:00000000 x12:00000004
27190274ns          476912 1c00902e 1006c633 p.exths          x12, x13, x0        x12=00000004 x13:00000004
27190294ns          476913 1c009032 00855703 lhu              x14, 8(x10)         x14=0000ffd1 x10:10000fa4  PA:10000fac
27190314ns          476914 1c009036 00a55683 lhu              x13, 10(x10)        x13=0000ff6a x10:10000fa4  PA:10000fae
27190334ns          476915 1c00903a 02c60333 mul              x6, x12, x12         x6=00000010 x12:00000004 x12:00000004
27190354ns          476916 1c00903e 00c55783 lhu              x15, 12(x10)        x15=0000ffe5 x10:10000fa4  PA:10000fb0
27190374ns          476917 1c009042 00e55583 lhu              x11, 14(x10)        x11=00000060 x10:10000fa4  PA:10000fb2
27190394ns          476918 1c009046 dea30333 p.extract        x6, x6, 15, 10       x6=00000000  x6:00000010
27190414ns          476919 1c00904a 80c7075b p.muls           x14, x14, x12       x14=ffffff44 x14:0000ffd1 x12:00000004
27190434ns          476920 1c00904e 80c686db p.muls           x13, x13, x12       x13=fffffda8 x13:0000ff6a x12:00000004
27190453ns          476921 1c009052 00455e83 lhu              x29, 4(x10)         x29=00000427 x10:10000fa4  PA:10000fa8
27190473ns          476922 1c009056 00655e03 lhu              x28, 6(x10)         x28=0000007f x10:10000fa4  PA:10000faa
27190493ns          476923 1c00905a 40a75713 srai             x14, x14, 0x40a     x14=ffffffff x14:ffffff44
27190513ns          476924 1c00905c 806787db p.muls           x15, x15, x6        x15=00000000 x15:0000ffe5  x6:00000000
27190533ns          476925 1c009060 40a6d693 srai             x13, x13, 0x40a     x13=ffffffff x13:fffffda8
27190553ns          476926 1c009062 8065865b p.muls           x12, x11, x6        x12=00000000 x11:00000060  x6:00000000
27190573ns          476927 1c009066 40a7d793 srai             x15, x15, 0x40a     x15=00000000 x15:00000000
27190593ns          476928 1c009068 40a65613 srai             x12, x12, 0x40a     x12=00000000 x12:00000000
27190613ns          476929 1c00906a 01d70733 add              x14, x14, x29       x14=00000426 x14:ffffffff x29:00000427
27190632ns          476930 1c00906c 01c686b3 add              x13, x13, x28       x13=0000007e x13:ffffffff x28:0000007f
27190652ns          476931 1c00906e 00c686b3 add              x13, x13, x12       x13=0000007e x13:0000007e x12:00000000
27190672ns          476932 1c009070 00f70733 add              x14, x14, x15       x14=00000426 x14:00000426 x15:00000000
27190692ns          476933 1c009072 100747b3 p.exths          x15, x14, x0        x15=00000426 x14:00000426
27190712ns          476934 1c009076 1006c733 p.exths          x14, x13, x0        x14=0000007e x13:0000007e
27190732ns          476935 1c00907a 03170633 mul              x12, x14, x17       x12=ffffdd8c x14:0000007e x17:ffffffba
27190752ns          476936 1c00907e 030786b3 mul              x13, x15, x16       x13=ffffc5ec x15:00000426 x16:fffffff2
27190772ns          476937 1c009082 03070733 mul              x14, x14, x16       x14=fffff91c x14:0000007e x16:fffffff2
27190792ns          476938 1c009086 031787b3 mul              x15, x15, x17       x15=fffedd9c x15:00000426 x17:ffffffba
27190811ns          476939 1c00908a 40a6d693 srai             x13, x13, 0x40a     x13=fffffff1 x13:ffffc5ec
27190831ns          476940 1c00908c 40a65613 srai             x12, x12, 0x40a     x12=fffffff7 x12:ffffdd8c
27190851ns          476941 1c00908e 40a7d793 srai             x15, x15, 0x40a     x15=ffffffb7 x15:fffedd9c
27190871ns          476942 1c009090 40a75713 srai             x14, x14, 0x40a     x14=fffffffe x14:fffff91c
27190891ns          476943 1c009092 40c686b3 sub              x13, x13, x12       x13=fffffffa x13:fffffff1 x12:fffffff7
27190911ns          476944 1c009094 00e787b3 add              x15, x15, x14       x15=ffffffb5 x15:ffffffb7 x14:fffffffe
27190931ns          476945 1c009096 00d51823 sh               x13, 16(x10)        x13:fffffffa x10:10000fa4  PA:10000fb4
27190971ns          476947 1c00909a 00f51923 sh               x15, 18(x10)        x15:ffffffb5 x10:10000fa4  PA:10000fb6
27190990ns          476948 1c00909e 00008067 jalr             x0, x1, 0            x1:1c0093e8
27191030ns          476950 1c0093e8 2dc15583 lhu              x11, 732(x2)        x11=0000fffa  x2:10000cd8  PA:10000fb4
27191050ns          476951 1c0093ec 2de15783 lhu              x15, 734(x2)        x15=0000ffb5  x2:10000cd8  PA:10000fb6
27191070ns          476952 1c0093f0 40b90933 sub              x18, x18, x11       x18=fffefff2 x18:ffffffec x11:0000fffa
27191090ns          476953 1c0093f4 40f484b3 sub              x9, x9, x15          x9=ffff0003  x9:ffffffb8 x15:0000ffb5
27191110ns          476954 1c0093f6 100945b3 p.exths          x11, x18, x0        x11=fffffff2 x18:fffefff2
27191130ns          476955 1c0093fa 1004c7b3 p.exths          x15, x9, x0         x15=00000003  x9:ffff0003
27191150ns          476956 1c0093fe 034586b3 mul              x13, x11, x20       x13=000000c4 x11:fffffff2 x20:fffffff2
27191169ns          476957 1c009402 03378533 mul              x10, x15, x19       x10=ffffff2e x15:00000003 x19:ffffffba
27191189ns          476958 1c009406 034a0633 mul              x12, x20, x20       x12=000000c4 x20:fffffff2 x20:fffffff2
27191209ns          476959 1c00940a 03398733 mul              x14, x19, x19       x14=00001324 x19:ffffffba x19:ffffffba
27191269ns          476962 1c00940e 034787b3 mul              x15, x15, x20       x15=ffffffd6 x15:00000003 x20:fffffff2
27191309ns          476964 1c009412 033585b3 mul              x11, x11, x19       x11=000003d4 x11:fffffff2 x19:ffffffba
27191329ns          476965 1c009416 40a75713 srai             x14, x14, 0x40a     x14=00000004 x14:00001324
27191348ns          476966 1c009418 40a5d593 srai             x11, x11, 0x40a     x11=00000000 x11:000003d4
27191368ns          476967 1c00941a 40a65613 srai             x12, x12, 0x40a     x12=00000000 x12:000000c4
27191388ns          476968 1c00941c 40a7d793 srai             x15, x15, 0x40a     x15=ffffffff x15:ffffffd6
27191408ns          476969 1c00941e 1c0034b7 lui              x9, 0x1c003000       x9=1c003000
27191428ns          476970 1c009422 00e60633 add              x12, x12, x14       x12=00000004 x12:00000000 x14:00000004
27191448ns          476971 1c009424 40b787b3 sub              x15, x15, x11       x15=ffffffff x15:ffffffff x11:00000000
27191468ns          476972 1c009426 eb048493 addi             x9, x9, -336         x9=1c002eb0  x9:1c003000
27191488ns          476973 1c00942a 1c0032b7 lui              x5, 0x1c003000       x5=1c003000
27191508ns          476974 1c00942e 1c0035b7 lui              x11, 0x1c003000     x11=1c003000
27191527ns          476975 1c009432 018483b3 add              x7, x9, x24          x7=1c002eb2  x9:1c002eb0 x24:00000002
27191547ns          476976 1c009436 02812e83 lw               x29, 40(x2)         x29=1c002ec2  x2:10000cd8  PA:10000d00
27191567ns          476977 1c009438 10065633 p.exthz          x12, x12, x0        x12=00000004 x12:00000004
27191587ns          476978 1c00943c e8028293 addi             x5, x5, -384         x5=1c002e80  x5:1c003000
27191627ns          476980 1c009440 ea058593 addi             x11, x11, -352      x11=1c002ea0 x11:1c003000
27191667ns          476982 1c009444 03812483 lw               x9, 56(x2)           x9=1c002ee2  x2:10000cd8  PA:10000d10
27191687ns          476983 1c009446 10064733 p.exths          x14, x12, x0        x14=00000004 x12:00000004
27191706ns          476984 1c00944a 018280b3 add              x1, x5, x24          x1=1c002e82  x5:1c002e80 x24:00000002
27191726ns          476985 1c00944e 03012f03 lw               x30, 48(x2)         x30=1c002ed2  x2:10000cd8  PA:10000d08
27191766ns          476987 1c009450 018582b3 add              x5, x11, x24         x5=1c002ea2 x11:1c002ea0 x24:00000002
27191806ns          476989 1c009454 04012583 lw               x11, 64(x2)         x11=1c002ef2  x2:10000cd8  PA:10000d18
27191826ns          476990 1c009456 000edd83 lhu              x27, 0(x29)         x27=00001589 x29:1c002ec2  PA:1c002ec2
27192164ns          477007 1c00945a 0004d483 lhu              x9, 0(x9)            x9=000001a1  x9:1c002ee2  PA:1c002ee2
27192462ns          477022 1c00945e 02e70333 mul              x6, x14, x14         x6=00000010 x14:00000004 x14:00000004
27192482ns          477023 1c009462 40a55513 srai             x10, x10, 0x40a     x10=ffffffff x10:ffffff2e
27192502ns          477024 1c009464 04812e83 lw               x29, 72(x2)         x29=1c002f02  x2:10000cd8  PA:10000d20
27192522ns          477025 1c009466 40a6d693 srai             x13, x13, 0x40a     x13=00000000 x13:000000c4
27192542ns          477026 1c009468 000f5d03 lhu              x26, 0(x30)         x26=0000051e x30:1c002ed2  PA:1c002ed2
27192860ns          477042 1c00946c 0005d583 lhu              x11, 0(x11)         x11=0000009c x11:1c002ef2  PA:1c002ef2
27193218ns          477060 1c009470 40a35313 srai             x6, x6, 0x40a        x6=00000000  x6:00000010
27193238ns          477061 1c009474 00a686b3 add              x13, x13, x10       x13=ffffffff x13:00000000 x10:ffffffff
27193258ns          477062 1c009476 05012f03 lw               x30, 80(x2)         x30=1c002e72  x2:10000cd8  PA:10000d28
27193278ns          477063 1c009478 10034e33 p.exths          x28, x6, x0         x28=00000000  x6:00000000
27193297ns          477064 1c00947c 06911023 sh               x9, 96(x2)           x9:000001a1  x2:10000cd8  PA:10000d38
27193317ns          477065 1c009480 000ede83 lhu              x29, 0(x29)         x29=0000003e x29:1c002f02  PA:1c002f02
27193616ns          477080 1c009484 05812483 lw               x9, 88(x2)           x9=1c002e62  x2:10000cd8  PA:10000d30
27193636ns          477081 1c009486 1006d6b3 p.exthz          x13, x13, x0        x13=0000ffff x13:ffffffff
27193655ns          477082 1c00948a 02ee08b3 mul              x17, x28, x14       x17=00000000 x28:00000000 x14:00000004
27193675ns          477083 1c00948e 1006c833 p.exths          x16, x13, x0        x16=ffffffff x13:0000ffff
27193695ns          477084 1c009492 06b11823 sh               x11, 112(x2)        x11:0000009c  x2:10000cd8  PA:10000d48
27193715ns          477085 1c009496 000f5f03 lhu              x30, 0(x30)         x30=0000fefc x30:1c002e72  PA:1c002e72
27194033ns          477101 1c00949a 0a012583 lw               x11, 160(x2)        x11=1c002e92  x2:10000cd8  PA:10000d78
27194053ns          477102 1c00949c 1007d7b3 p.exthz          x15, x15, x0        x15=0000ffff x15:ffffffff
27194073ns          477103 1c0094a0 0004da03 lhu              x20, 0(x9)          x20=0000fb17  x9:1c002e62  PA:1c002e62
27194391ns          477119 1c0094a4 1007c533 p.exths          x10, x15, x0        x10=ffffffff x15:0000ffff
27194411ns          477120 1c0094a8 09d11023 sh               x29, 128(x2)        x29:0000003e  x2:10000cd8  PA:10000d58
27194431ns          477121 1c0094ac 0003d483 lhu              x9, 0(x7)            x9=0000ffcd  x7:1c002eb2  PA:1c002eb2
27194789ns          477139 1c0094b0 02e80eb3 mul              x29, x16, x14       x29=fffffffc x16:ffffffff x14:00000004
27194809ns          477140 1c0094b4 40a8d893 srai             x17, x17, 0x40a     x17=00000000 x17:00000000
27194829ns          477141 1c0094b8 03c80833 mul              x16, x16, x28       x16=00000000 x16:ffffffff x28:00000000
27194849ns          477142 1c0094bc 09e11823 sh               x30, 144(x2)        x30:0000fefc  x2:10000cd8  PA:10000d68
27194869ns          477143 1c0094c0 0005d983 lhu              x19, 0(x11)         x19=0000ff9d x11:1c002e92  PA:1c002e92
27195187ns          477159 1c0094c4 81c88f5b p.muls           x30, x17, x28       x30=00000000 x17:00000000 x28:00000000
27195207ns          477160 1c0094c8 0002d583 lhu              x11, 0(x5)          x11=0000ff74  x5:1c002ea2  PA:1c002ea2
27195525ns          477176 1c0094cc 03ce0fb3 mul              x31, x28, x28       x31=00000000 x28:00000000 x28:00000000
27195545ns          477177 1c0094d0 02e50733 mul              x14, x10, x14       x14=fffffffc x10:ffffffff x14:00000004
27195565ns          477178 1c0094d4 40a85813 srai             x16, x16, 0x40a     x16=00000000 x16:00000000
27195585ns          477179 1c0094d8 03c50533 mul              x10, x10, x28       x10=00000000 x10:ffffffff x28:00000000
27195604ns          477180 1c0094dc 07015e03 lhu              x28, 112(x2)        x28=0000009c  x2:10000cd8  PA:10000d48
27195624ns          477181 1c0094e0 01b60633 add              x12, x12, x27       x12=0000158d x12:00000004 x27:00001589
27195644ns          477182 1c0094e2 00980833 add              x16, x16, x9        x16=0000ffcd x16:00000000  x9:0000ffcd
27195664ns          477183 1c0094e4 06015d83 lhu              x27, 96(x2)         x27=000001a1  x2:10000cd8  PA:10000d38
27195684ns          477184 1c0094e8 02812483 lw               x9, 40(x2)           x9=1c002ec2  x2:10000cd8  PA:10000d00
27195704ns          477185 1c0094ea 40afdf93 srai             x31, x31, 0x40a     x31=00000000 x31:00000000
27195724ns          477186 1c0094ee 40a55513 srai             x10, x10, 0x40a     x10=00000000 x10:00000000
27195744ns          477187 1c0094f0 01cf8fb3 add              x31, x31, x28       x31=0000009c x31:00000000 x28:0000009c
27195764ns          477188 1c0094f2 00b50533 add              x10, x10, x11       x10=0000ff74 x10:00000000 x11:0000ff74
27195783ns          477189 1c0094f4 09015e03 lhu              x28, 144(x2)        x28=0000fefc  x2:10000cd8  PA:10000d68
27195823ns          477191 1c0094f8 03012583 lw               x11, 48(x2)         x11=1c002ed2  x2:10000cd8  PA:10000d08
27195843ns          477192 1c0094fa 00c49023 sh               x12, 0(x9)          x12:0000158d  x9:1c002ec2  PA:1c002ec2
27196161ns          477208 1c0094fe 01b888b3 add              x17, x17, x27       x17=000001a1 x17:00000000 x27:000001a1
27196181ns          477209 1c009500 01a30333 add              x6, x6, x26          x6=0000051e  x6:00000000 x26:0000051e
27196201ns          477210 1c009502 08015d83 lhu              x27, 128(x2)        x27=0000003e  x2:10000cd8  PA:10000d58
27196221ns          477211 1c009506 0000d903 lhu              x18, 0(x1)          x18=0000fe9d  x1:1c002e82  PA:1c002e82
27196579ns          477229 1c00950a 01c686b3 add              x13, x13, x28       x13=0001fefb x13:0000ffff x28:0000fefc
27196599ns          477230 1c00950c 00659023 sh               x6, 0(x11)           x6:0000051e x11:1c002ed2  PA:1c002ed2
27196917ns          477246 1c009510 40af5f13 srai             x30, x30, 0x40a     x30=00000000 x30:00000000
27196937ns          477247 1c009514 04812e03 lw               x28, 72(x2)         x28=1c002f02  x2:10000cd8  PA:10000d20
27196957ns          477248 1c009516 01bf0f33 add              x30, x30, x27       x30=0000003e x30:00000000 x27:0000003e
27196977ns          477249 1c009518 40aede93 srai             x29, x29, 0x40a     x29=ffffffff x29:fffffffc
27196997ns          477250 1c00951c 40a75713 srai             x14, x14, 0x40a     x14=ffffffff x14:fffffffc
27197017ns          477251 1c00951e 03812603 lw               x12, 56(x2)         x12=1c002ee2  x2:10000cd8  PA:10000d10
27197036ns          477252 1c009520 04012d83 lw               x27, 64(x2)         x27=1c002ef2  x2:10000cd8  PA:10000d18
27197056ns          477253 1c009522 01ee1023 sh               x30, 0(x28)         x30:0000003e x28:1c002f02  PA:1c002f02
27197394ns          477270 1c009526 05812483 lw               x9, 88(x2)           x9=1c002e62  x2:10000cd8  PA:10000d30
27197414ns          477271 1c009528 05012f03 lw               x30, 80(x2)         x30=1c002e72  x2:10000cd8  PA:10000d28
27197434ns          477272 1c00952a 0a012583 lw               x11, 160(x2)        x11=1c002e92  x2:10000cd8  PA:10000d78
27197454ns          477273 1c00952c 014787b3 add              x15, x15, x20       x15=0001fb16 x15:0000ffff x20:0000fb17
27197474ns          477274 1c00952e 013e8eb3 add              x29, x29, x19       x29=0000ff9c x29:ffffffff x19:0000ff9d
27197494ns          477275 1c009530 01270733 add              x14, x14, x18       x14=0000fe9c x14:ffffffff x18:0000fe9d
27197514ns          477276 1c009532 00f49023 sh               x15, 0(x9)          x15:0001fb16  x9:1c002e62  PA:1c002e62
27197892ns          477295 1c009536 01161023 sh               x17, 0(x12)         x17:000001a1 x12:1c002ee2  PA:1c002ee2
27198230ns          477312 1c00953a 01fd9023 sh               x31, 0(x27)         x31:0000009c x27:1c002ef2  PA:1c002ef2
27198548ns          477328 1c00953e 00df1023 sh               x13, 0(x30)         x13:0001fefb x30:1c002e72  PA:1c002e72
27198866ns          477344 1c009542 01d59023 sh               x29, 0(x11)         x29:0000ff9c x11:1c002e92  PA:1c002e92
27199184ns          477360 1c009546 00e09023 sh               x14, 0(x1)          x14:0000fe9c  x1:1c002e82  PA:1c002e82
27199503ns          477376 1c00954a 01039023 sh               x16, 0(x7)          x16:0000ffcd  x7:1c002eb2  PA:1c002eb2
27199821ns          477392 1c00954e 00a29023 sh               x10, 0(x5)          x10:0000ff74  x5:1c002ea2  PA:1c002ea2
27200218ns          477412 1c009552 008b0b13 addi             x22, x22, 8         x22=00000149 x22:00000141
27200238ns          477413 1c009554 1f300793 addi             x15, x0, 499        x15=000001f3
27200258ns          477414 1c009558 e767dae3 bge              x15, x22, -396      x15:000001f3 x22:00000149
27200378ns          477420 1c0093cc 010c9a0b p.lh             x20, 16(x25!)       x20=00000056 x25=1c00292a x25:1c00291a  PA:1c00291a
27200676ns          477435 1c0093d0 0104198b p.lh             x19, 16(x8!)        x19=ffffffb9  x8=1c0020f2  x8:1c0020e2  PA:1c0020e2
27200974ns          477450 1c0093d4 2cc10513 addi             x10, x2, 716        x10=10000fa4  x2:10000cd8
27200994ns          477451 1c0093d6 010a990b p.lh             x18, 16(x21!)       x18=0000005d x21=1c00191e x21:1c00190e  PA:1c00190e
27201292ns          477466 1c0093da 010b948b p.lh             x9, 16(x23!)         x9=ffffffb9 x23=1c00114e x23:1c00113e  PA:1c00113e
27201611ns          477482 1c0093de 2d411623 sh               x20, 716(x2)        x20:00000056  x2:10000cd8  PA:10000fa4
27201631ns          477483 1c0093e2 2d311723 sh               x19, 718(x2)        x19:ffffffb9  x2:10000cd8  PA:10000fa6
27201650ns          477484 1c0093e6 c33ff0ef jal              x1, -974             x1=1c0093e8
27201730ns          477488 1c009018 00051803 lh               x16, 0(x10)         x16=00000056 x10:10000fa4  PA:10000fa4
27201770ns          477490 1c00901c 00251883 lh               x17, 2(x10)         x17=ffffffb9 x10:10000fa4  PA:10000fa6
27201790ns          477491 1c009020 030806b3 mul              x13, x16, x16       x13=00001ce4 x16:00000056 x16:00000056
27201810ns          477492 1c009024 03188633 mul              x12, x17, x17       x12=000013b1 x17:ffffffb9 x17:ffffffb9
27201829ns          477493 1c009028 40a65613 srai             x12, x12, 0x40a     x12=00000004 x12:000013b1
27201849ns          477494 1c00902a 40a6d693 srai             x13, x13, 0x40a     x13=00000007 x13:00001ce4
27201869ns          477495 1c00902c 00c686b3 add              x13, x13, x12       x13=0000000b x13:00000007 x12:00000004
27201889ns          477496 1c00902e 1006c633 p.exths          x12, x13, x0        x12=0000000b x13:0000000b
27201909ns          477497 1c009032 00855703 lhu              x14, 8(x10)         x14=0000ffd1 x10:10000fa4  PA:10000fac
27201929ns          477498 1c009036 00a55683 lhu              x13, 10(x10)        x13=0000ff6a x10:10000fa4  PA:10000fae
27201949ns          477499 1c00903a 02c60333 mul              x6, x12, x12         x6=00000079 x12:0000000b x12:0000000b
27201989ns          477501 1c00903e 00c55783 lhu              x15, 12(x10)        x15=0000ffe5 x10:10000fa4  PA:10000fb0
27202028ns          477503 1c009042 00e55583 lhu              x11, 14(x10)        x11=00000060 x10:10000fa4  PA:10000fb2
27202048ns          477504 1c009046 dea30333 p.extract        x6, x6, 15, 10       x6=00000000  x6:00000079
27202068ns          477505 1c00904a 80c7075b p.muls           x14, x14, x12       x14=fffffdfb x14:0000ffd1 x12:0000000b
27202128ns          477508 1c00904e 80c686db p.muls           x13, x13, x12       x13=fffff98e x13:0000ff6a x12:0000000b
27202168ns          477510 1c009052 00455e83 lhu              x29, 4(x10)         x29=00000427 x10:10000fa4  PA:10000fa8
27202187ns          477511 1c009056 00655e03 lhu              x28, 6(x10)         x28=0000007f x10:10000fa4  PA:10000faa
27202207ns          477512 1c00905a 40a75713 srai             x14, x14, 0x40a     x14=ffffffff x14:fffffdfb
27202227ns          477513 1c00905c 806787db p.muls           x15, x15, x6        x15=00000000 x15:0000ffe5  x6:00000000
27202267ns          477515 1c009060 40a6d693 srai             x13, x13, 0x40a     x13=fffffffe x13:fffff98e
27202307ns          477517 1c009062 8065865b p.muls           x12, x11, x6        x12=00000000 x11:00000060  x6:00000000
27202327ns          477518 1c009066 40a7d793 srai             x15, x15, 0x40a     x15=00000000 x15:00000000
27202346ns          477519 1c009068 40a65613 srai             x12, x12, 0x40a     x12=00000000 x12:00000000
27202366ns          477520 1c00906a 01d70733 add              x14, x14, x29       x14=00000426 x14:ffffffff x29:00000427
27202386ns          477521 1c00906c 01c686b3 add              x13, x13, x28       x13=0000007d x13:fffffffe x28:0000007f
27202406ns          477522 1c00906e 00c686b3 add              x13, x13, x12       x13=0000007d x13:0000007d x12:00000000
27202426ns          477523 1c009070 00f70733 add              x14, x14, x15       x14=00000426 x14:00000426 x15:00000000
27202446ns          477524 1c009072 100747b3 p.exths          x15, x14, x0        x15=00000426 x14:00000426
27202466ns          477525 1c009076 1006c733 p.exths          x14, x13, x0        x14=0000007d x13:0000007d
27202486ns          477526 1c00907a 03170633 mul              x12, x14, x17       x12=ffffdd55 x14:0000007d x17:ffffffb9
27202506ns          477527 1c00907e 030786b3 mul              x13, x15, x16       x13=000164c4 x15:00000426 x16:00000056
27202525ns          477528 1c009082 03070733 mul              x14, x14, x16       x14=000029fe x14:0000007d x16:00000056
27202545ns          477529 1c009086 031787b3 mul              x15, x15, x17       x15=fffed976 x15:00000426 x17:ffffffb9
27202565ns          477530 1c00908a 40a6d693 srai             x13, x13, 0x40a     x13=00000059 x13:000164c4
27202585ns          477531 1c00908c 40a65613 srai             x12, x12, 0x40a     x12=fffffff7 x12:ffffdd55
27202605ns          477532 1c00908e 40a7d793 srai             x15, x15, 0x40a     x15=ffffffb6 x15:fffed976
27202625ns          477533 1c009090 40a75713 srai             x14, x14, 0x40a     x14=0000000a x14:000029fe
27202645ns          477534 1c009092 40c686b3 sub              x13, x13, x12       x13=00000062 x13:00000059 x12:fffffff7
27202665ns          477535 1c009094 00e787b3 add              x15, x15, x14       x15=ffffffc0 x15:ffffffb6 x14:0000000a
27202685ns          477536 1c009096 00d51823 sh               x13, 16(x10)        x13:00000062 x10:10000fa4  PA:10000fb4
27202704ns          477537 1c00909a 00f51923 sh               x15, 18(x10)        x15:ffffffc0 x10:10000fa4  PA:10000fb6
27202724ns          477538 1c00909e 00008067 jalr             x0, x1, 0            x1:1c0093e8
27202844ns          477544 1c0093e8 2dc15583 lhu              x11, 732(x2)        x11=00000062  x2:10000cd8  PA:10000fb4
27202923ns          477548 1c0093ec 2de15783 lhu              x15, 734(x2)        x15=0000ffc0  x2:10000cd8  PA:10000fb6
27202943ns          477549 1c0093f0 40b90933 sub              x18, x18, x11       x18=fffffffb x18:0000005d x11:00000062
27202963ns          477550 1c0093f4 40f484b3 sub              x9, x9, x15          x9=fffefff9  x9:ffffffb9 x15:0000ffc0
27202983ns          477551 1c0093f6 100945b3 p.exths          x11, x18, x0        x11=fffffffb x18:fffffffb
27203003ns          477552 1c0093fa 1004c7b3 p.exths          x15, x9, x0         x15=fffffff9  x9:fffefff9
27203023ns          477553 1c0093fe 034586b3 mul              x13, x11, x20       x13=fffffe52 x11:fffffffb x20:00000056
27203043ns          477554 1c009402 03378533 mul              x10, x15, x19       x10=000001f1 x15:fffffff9 x19:ffffffb9
27203062ns          477555 1c009406 034a0633 mul              x12, x20, x20       x12=00001ce4 x20:00000056 x20:00000056
27203082ns          477556 1c00940a 03398733 mul              x14, x19, x19       x14=000013b1 x19:ffffffb9 x19:ffffffb9
27203102ns          477557 1c00940e 034787b3 mul              x15, x15, x20       x15=fffffda6 x15:fffffff9 x20:00000056
27203122ns          477558 1c009412 033585b3 mul              x11, x11, x19       x11=00000163 x11:fffffffb x19:ffffffb9
27203142ns          477559 1c009416 40a75713 srai             x14, x14, 0x40a     x14=00000004 x14:000013b1
27203162ns          477560 1c009418 40a5d593 srai             x11, x11, 0x40a     x11=00000000 x11:00000163
27203182ns          477561 1c00941a 40a65613 srai             x12, x12, 0x40a     x12=00000007 x12:00001ce4
27203202ns          477562 1c00941c 40a7d793 srai             x15, x15, 0x40a     x15=ffffffff x15:fffffda6
27203222ns          477563 1c00941e 1c0034b7 lui              x9, 0x1c003000       x9=1c003000
27203241ns          477564 1c009422 00e60633 add              x12, x12, x14       x12=0000000b x12:00000007 x14:00000004
27203261ns          477565 1c009424 40b787b3 sub              x15, x15, x11       x15=ffffffff x15:ffffffff x11:00000000
27203281ns          477566 1c009426 eb048493 addi             x9, x9, -336         x9=1c002eb0  x9:1c003000
27203301ns          477567 1c00942a 1c0032b7 lui              x5, 0x1c003000       x5=1c003000
27203321ns          477568 1c00942e 1c0035b7 lui              x11, 0x1c003000     x11=1c003000
27203341ns          477569 1c009432 018483b3 add              x7, x9, x24          x7=1c002eb2  x9:1c002eb0 x24:00000002
27203361ns          477570 1c009436 02812e83 lw               x29, 40(x2)         x29=1c002ec2  x2:10000cd8  PA:10000d00
27203381ns          477571 1c009438 10065633 p.exthz          x12, x12, x0        x12=0000000b x12:0000000b
27203401ns          477572 1c00943c e8028293 addi             x5, x5, -384         x5=1c002e80  x5:1c003000
27203420ns          477573 1c009440 ea058593 addi             x11, x11, -352      x11=1c002ea0 x11:1c003000
27203440ns          477574 1c009444 03812483 lw               x9, 56(x2)           x9=1c002ee2  x2:10000cd8  PA:10000d10
27203460ns          477575 1c009446 10064733 p.exths          x14, x12, x0        x14=0000000b x12:0000000b
27203480ns          477576 1c00944a 018280b3 add              x1, x5, x24          x1=1c002e82  x5:1c002e80 x24:00000002
27203500ns          477577 1c00944e 03012f03 lw               x30, 48(x2)         x30=1c002ed2  x2:10000cd8  PA:10000d08
27203520ns          477578 1c009450 018582b3 add              x5, x11, x24         x5=1c002ea2 x11:1c002ea0 x24:00000002
27203540ns          477579 1c009454 04012583 lw               x11, 64(x2)         x11=1c002ef2  x2:10000cd8  PA:10000d18
27203560ns          477580 1c009456 000edd83 lhu              x27, 0(x29)         x27=0000158d x29:1c002ec2  PA:1c002ec2
27203858ns          477595 1c00945a 0004d483 lhu              x9, 0(x9)            x9=000001a1  x9:1c002ee2  PA:1c002ee2
27204176ns          477611 1c00945e 02e70333 mul              x6, x14, x14         x6=00000079 x14:0000000b x14:0000000b
27204196ns          477612 1c009462 40a55513 srai             x10, x10, 0x40a     x10=00000000 x10:000001f1
27204216ns          477613 1c009464 04812e83 lw               x29, 72(x2)         x29=1c002f02  x2:10000cd8  PA:10000d20
27204236ns          477614 1c009466 40a6d693 srai             x13, x13, 0x40a     x13=ffffffff x13:fffffe52
27204256ns          477615 1c009468 000f5d03 lhu              x26, 0(x30)         x26=0000051e x30:1c002ed2  PA:1c002ed2
27204554ns          477630 1c00946c 0005d583 lhu              x11, 0(x11)         x11=0000009c x11:1c002ef2  PA:1c002ef2
27204872ns          477646 1c009470 40a35313 srai             x6, x6, 0x40a        x6=00000000  x6:00000079
27204892ns          477647 1c009474 00a686b3 add              x13, x13, x10       x13=ffffffff x13:ffffffff x10:00000000
27204912ns          477648 1c009476 05012f03 lw               x30, 80(x2)         x30=1c002e72  x2:10000cd8  PA:10000d28
27204932ns          477649 1c009478 10034e33 p.exths          x28, x6, x0         x28=00000000  x6:00000000
27204952ns          477650 1c00947c 06911023 sh               x9, 96(x2)           x9:000001a1  x2:10000cd8  PA:10000d38
27204972ns          477651 1c009480 000ede83 lhu              x29, 0(x29)         x29=0000003e x29:1c002f02  PA:1c002f02
27205290ns          477667 1c009484 05812483 lw               x9, 88(x2)           x9=1c002e62  x2:10000cd8  PA:10000d30
27205310ns          477668 1c009486 1006d6b3 p.exthz          x13, x13, x0        x13=0000ffff x13:ffffffff
27205330ns          477669 1c00948a 02ee08b3 mul              x17, x28, x14       x17=00000000 x28:00000000 x14:0000000b
27205350ns          477670 1c00948e 1006c833 p.exths          x16, x13, x0        x16=ffffffff x13:0000ffff
27205369ns          477671 1c009492 06b11823 sh               x11, 112(x2)        x11:0000009c  x2:10000cd8  PA:10000d48
27205389ns          477672 1c009496 000f5f03 lhu              x30, 0(x30)         x30=0000fefb x30:1c002e72  PA:1c002e72
27205688ns          477687 1c00949a 0a012583 lw               x11, 160(x2)        x11=1c002e92  x2:10000cd8  PA:10000d78
27205708ns          477688 1c00949c 1007d7b3 p.exthz          x15, x15, x0        x15=0000ffff x15:ffffffff
27205727ns          477689 1c0094a0 0004da03 lhu              x20, 0(x9)          x20=0000fb16  x9:1c002e62  PA:1c002e62
27206026ns          477704 1c0094a4 1007c533 p.exths          x10, x15, x0        x10=ffffffff x15:0000ffff
27206046ns          477705 1c0094a8 09d11023 sh               x29, 128(x2)        x29:0000003e  x2:10000cd8  PA:10000d58
27206066ns          477706 1c0094ac 0003d483 lhu              x9, 0(x7)            x9=0000ffcd  x7:1c002eb2  PA:1c002eb2
27206463ns          477726 1c0094b0 02e80eb3 mul              x29, x16, x14       x29=fffffff5 x16:ffffffff x14:0000000b
27206483ns          477727 1c0094b4 40a8d893 srai             x17, x17, 0x40a     x17=00000000 x17:00000000
27206503ns          477728 1c0094b8 03c80833 mul              x16, x16, x28       x16=00000000 x16:ffffffff x28:00000000
27206523ns          477729 1c0094bc 09e11823 sh               x30, 144(x2)        x30:0000fefb  x2:10000cd8  PA:10000d68
27206543ns          477730 1c0094c0 0005d983 lhu              x19, 0(x11)         x19=0000ff9c x11:1c002e92  PA:1c002e92
27206841ns          477745 1c0094c4 81c88f5b p.muls           x30, x17, x28       x30=00000000 x17:00000000 x28:00000000
27206861ns          477746 1c0094c8 0002d583 lhu              x11, 0(x5)          x11=0000ff74  x5:1c002ea2  PA:1c002ea2
27207159ns          477761 1c0094cc 03ce0fb3 mul              x31, x28, x28       x31=00000000 x28:00000000 x28:00000000
27207179ns          477762 1c0094d0 02e50733 mul              x14, x10, x14       x14=fffffff5 x10:ffffffff x14:0000000b
27207199ns          477763 1c0094d4 40a85813 srai             x16, x16, 0x40a     x16=00000000 x16:00000000
27207219ns          477764 1c0094d8 03c50533 mul              x10, x10, x28       x10=00000000 x10:ffffffff x28:00000000
27207239ns          477765 1c0094dc 07015e03 lhu              x28, 112(x2)        x28=0000009c  x2:10000cd8  PA:10000d48
27207279ns          477767 1c0094e0 01b60633 add              x12, x12, x27       x12=00001598 x12:0000000b x27:0000158d
27207299ns          477768 1c0094e2 00980833 add              x16, x16, x9        x16=0000ffcd x16:00000000  x9:0000ffcd
27207318ns          477769 1c0094e4 06015d83 lhu              x27, 96(x2)         x27=000001a1  x2:10000cd8  PA:10000d38
27207338ns          477770 1c0094e8 02812483 lw               x9, 40(x2)           x9=1c002ec2  x2:10000cd8  PA:10000d00
27207358ns          477771 1c0094ea 40afdf93 srai             x31, x31, 0x40a     x31=00000000 x31:00000000
27207378ns          477772 1c0094ee 40a55513 srai             x10, x10, 0x40a     x10=00000000 x10:00000000
27207398ns          477773 1c0094f0 01cf8fb3 add              x31, x31, x28       x31=0000009c x31:00000000 x28:0000009c
27207418ns          477774 1c0094f2 00b50533 add              x10, x10, x11       x10=0000ff74 x10:00000000 x11:0000ff74
27207438ns          477775 1c0094f4 09015e03 lhu              x28, 144(x2)        x28=0000fefb  x2:10000cd8  PA:10000d68
27207458ns          477776 1c0094f8 03012583 lw               x11, 48(x2)         x11=1c002ed2  x2:10000cd8  PA:10000d08
27207478ns          477777 1c0094fa 00c49023 sh               x12, 0(x9)          x12:00001598  x9:1c002ec2  PA:1c002ec2
27207836ns          477795 1c0094fe 01b888b3 add              x17, x17, x27       x17=000001a1 x17:00000000 x27:000001a1
27207855ns          477796 1c009500 01a30333 add              x6, x6, x26          x6=0000051e  x6:00000000 x26:0000051e
27207875ns          477797 1c009502 08015d83 lhu              x27, 128(x2)        x27=0000003e  x2:10000cd8  PA:10000d58
27207895ns          477798 1c009506 0000d903 lhu              x18, 0(x1)          x18=0000fe9c  x1:1c002e82  PA:1c002e82
27208273ns          477817 1c00950a 01c686b3 add              x13, x13, x28       x13=0001fefa x13:0000ffff x28:0000fefb
27208293ns          477818 1c00950c 00659023 sh               x6, 0(x11)           x6:0000051e x11:1c002ed2  PA:1c002ed2
27208611ns          477834 1c009510 40af5f13 srai             x30, x30, 0x40a     x30=00000000 x30:00000000
27208631ns          477835 1c009514 04812e03 lw               x28, 72(x2)         x28=1c002f02  x2:10000cd8  PA:10000d20
27208651ns          477836 1c009516 01bf0f33 add              x30, x30, x27       x30=0000003e x30:00000000 x27:0000003e
27208671ns          477837 1c009518 40aede93 srai             x29, x29, 0x40a     x29=ffffffff x29:fffffff5
27208691ns          477838 1c00951c 40a75713 srai             x14, x14, 0x40a     x14=ffffffff x14:fffffff5
27208711ns          477839 1c00951e 03812603 lw               x12, 56(x2)         x12=1c002ee2  x2:10000cd8  PA:10000d10
27208731ns          477840 1c009520 04012d83 lw               x27, 64(x2)         x27=1c002ef2  x2:10000cd8  PA:10000d18
27208750ns          477841 1c009522 01ee1023 sh               x30, 0(x28)         x30:0000003e x28:1c002f02  PA:1c002f02
27209069ns          477857 1c009526 05812483 lw               x9, 88(x2)           x9=1c002e62  x2:10000cd8  PA:10000d30
27209089ns          477858 1c009528 05012f03 lw               x30, 80(x2)         x30=1c002e72  x2:10000cd8  PA:10000d28
27209108ns          477859 1c00952a 0a012583 lw               x11, 160(x2)        x11=1c002e92  x2:10000cd8  PA:10000d78
27209128ns          477860 1c00952c 014787b3 add              x15, x15, x20       x15=0001fb15 x15:0000ffff x20:0000fb16
27209148ns          477861 1c00952e 013e8eb3 add              x29, x29, x19       x29=0000ff9b x29:ffffffff x19:0000ff9c
27209168ns          477862 1c009530 01270733 add              x14, x14, x18       x14=0000fe9b x14:ffffffff x18:0000fe9c
27209188ns          477863 1c009532 00f49023 sh               x15, 0(x9)          x15:0001fb15  x9:1c002e62  PA:1c002e62
27209506ns          477879 1c009536 01161023 sh               x17, 0(x12)         x17:000001a1 x12:1c002ee2  PA:1c002ee2
27209824ns          477895 1c00953a 01fd9023 sh               x31, 0(x27)         x31:0000009c x27:1c002ef2  PA:1c002ef2
27210143ns          477911 1c00953e 00df1023 sh               x13, 0(x30)         x13:0001fefa x30:1c002e72  PA:1c002e72
27210461ns          477927 1c009542 01d59023 sh               x29, 0(x11)         x29:0000ff9b x11:1c002e92  PA:1c002e92
27210839ns          477946 1c009546 00e09023 sh               x14, 0(x1)          x14:0000fe9b  x1:1c002e82  PA:1c002e82
27211157ns          477962 1c00954a 01039023 sh               x16, 0(x7)          x16:0000ffcd  x7:1c002eb2  PA:1c002eb2
27211475ns          477978 1c00954e 00a29023 sh               x10, 0(x5)          x10:0000ff74  x5:1c002ea2  PA:1c002ea2
27211813ns          477995 1c009552 008b0b13 addi             x22, x22, 8         x22=00000151 x22:00000149
27211833ns          477996 1c009554 1f300793 addi             x15, x0, 499        x15=000001f3
27211853ns          477997 1c009558 e767dae3 bge              x15, x22, -396      x15:000001f3 x22:00000151
27211913ns          478000 1c0093cc 010c9a0b p.lh             x20, 16(x25!)       x20=0000003c x25=1c00293a x25:1c00292a  PA:1c00292a
27212231ns          478016 1c0093d0 0104198b p.lh             x19, 16(x8!)        x19=fffffe34  x8=1c002102  x8:1c0020f2  PA:1c0020f2
27212529ns          478031 1c0093d4 2cc10513 addi             x10, x2, 716        x10=10000fa4  x2:10000cd8
27212549ns          478032 1c0093d6 010a990b p.lh             x18, 16(x21!)       x18=fffffffa x21=1c00192e x21:1c00191e  PA:1c00191e
27212847ns          478047 1c0093da 010b948b p.lh             x9, 16(x23!)         x9=fffffe35 x23=1c00115e x23:1c00114e  PA:1c00114e
27213225ns          478066 1c0093de 2d411623 sh               x20, 716(x2)        x20:0000003c  x2:10000cd8  PA:10000fa4
27213245ns          478067 1c0093e2 2d311723 sh               x19, 718(x2)        x19:fffffe34  x2:10000cd8  PA:10000fa6
27213265ns          478068 1c0093e6 c33ff0ef jal              x1, -974             x1=1c0093e8
27213345ns          478072 1c009018 00051803 lh               x16, 0(x10)         x16=0000003c x10:10000fa4  PA:10000fa4
27213404ns          478075 1c00901c 00251883 lh               x17, 2(x10)         x17=fffffe34 x10:10000fa4  PA:10000fa6
27213424ns          478076 1c009020 030806b3 mul              x13, x16, x16       x13=00000e10 x16:0000003c x16:0000003c
27213444ns          478077 1c009024 03188633 mul              x12, x17, x17       x12=00033a90 x17:fffffe34 x17:fffffe34
27213464ns          478078 1c009028 40a65613 srai             x12, x12, 0x40a     x12=000000ce x12:00033a90
27213484ns          478079 1c00902a 40a6d693 srai             x13, x13, 0x40a     x13=00000003 x13:00000e10
27213504ns          478080 1c00902c 00c686b3 add              x13, x13, x12       x13=000000d1 x13:00000003 x12:000000ce
27213524ns          478081 1c00902e 1006c633 p.exths          x12, x13, x0        x12=000000d1 x13:000000d1
27213543ns          478082 1c009032 00855703 lhu              x14, 8(x10)         x14=0000ffd1 x10:10000fa4  PA:10000fac
27213563ns          478083 1c009036 00a55683 lhu              x13, 10(x10)        x13=0000ff6a x10:10000fa4  PA:10000fae
27213583ns          478084 1c00903a 02c60333 mul              x6, x12, x12         x6=0000aaa1 x12:000000d1 x12:000000d1
27213643ns          478087 1c00903e 00c55783 lhu              x15, 12(x10)        x15=0000ffe5 x10:10000fa4  PA:10000fb0
27213683ns          478089 1c009042 00e55583 lhu              x11, 14(x10)        x11=00000060 x10:10000fa4  PA:10000fb2
27213703ns          478090 1c009046 dea30333 p.extract        x6, x6, 15, 10       x6=0000002a  x6:0000aaa1
27213722ns          478091 1c00904a 80c7075b p.muls           x14, x14, x12       x14=ffffd9a1 x14:0000ffd1 x12:000000d1
27213782ns          478094 1c00904e 80c686db p.muls           x13, x13, x12       x13=ffff858a x13:0000ff6a x12:000000d1
27213822ns          478096 1c009052 00455e83 lhu              x29, 4(x10)         x29=00000427 x10:10000fa4  PA:10000fa8
27213842ns          478097 1c009056 00655e03 lhu              x28, 6(x10)         x28=0000007f x10:10000fa4  PA:10000faa
27213862ns          478098 1c00905a 40a75713 srai             x14, x14, 0x40a     x14=fffffff6 x14:ffffd9a1
27213882ns          478099 1c00905c 806787db p.muls           x15, x15, x6        x15=fffffb92 x15:0000ffe5  x6:0000002a
27213901ns          478100 1c009060 40a6d693 srai             x13, x13, 0x40a     x13=ffffffe1 x13:ffff858a
27213921ns          478101 1c009062 8065865b p.muls           x12, x11, x6        x12=00000fc0 x11:00000060  x6:0000002a
27213941ns          478102 1c009066 40a7d793 srai             x15, x15, 0x40a     x15=fffffffe x15:fffffb92
27213961ns          478103 1c009068 40a65613 srai             x12, x12, 0x40a     x12=00000003 x12:00000fc0
27213981ns          478104 1c00906a 01d70733 add              x14, x14, x29       x14=0000041d x14:fffffff6 x29:00000427
27214001ns          478105 1c00906c 01c686b3 add              x13, x13, x28       x13=00000060 x13:ffffffe1 x28:0000007f
27214021ns          478106 1c00906e 00c686b3 add              x13, x13, x12       x13=00000063 x13:00000060 x12:00000003
27214041ns          478107 1c009070 00f70733 add              x14, x14, x15       x14=0000041b x14:0000041d x15:fffffffe
27214061ns          478108 1c009072 100747b3 p.exths          x15, x14, x0        x15=0000041b x14:0000041b
27214080ns          478109 1c009076 1006c733 p.exths          x14, x13, x0        x14=00000063 x13:00000063
27214100ns          478110 1c00907a 03170633 mul              x12, x14, x17       x12=ffff4e1c x14:00000063 x17:fffffe34
27214120ns          478111 1c00907e 030786b3 mul              x13, x15, x16       x13=0000f654 x15:0000041b x16:0000003c
27214140ns          478112 1c009082 03070733 mul              x14, x14, x16       x14=00001734 x14:00000063 x16:0000003c
27214160ns          478113 1c009086 031787b3 mul              x15, x15, x17       x15=fff89f7c x15:0000041b x17:fffffe34
27214180ns          478114 1c00908a 40a6d693 srai             x13, x13, 0x40a     x13=0000003d x13:0000f654
27214200ns          478115 1c00908c 40a65613 srai             x12, x12, 0x40a     x12=ffffffd3 x12:ffff4e1c
27214220ns          478116 1c00908e 40a7d793 srai             x15, x15, 0x40a     x15=fffffe27 x15:fff89f7c
27214240ns          478117 1c009090 40a75713 srai             x14, x14, 0x40a     x14=00000005 x14:00001734
27214259ns          478118 1c009092 40c686b3 sub              x13, x13, x12       x13=0000006a x13:0000003d x12:ffffffd3
27214279ns          478119 1c009094 00e787b3 add              x15, x15, x14       x15=fffffe2c x15:fffffe27 x14:00000005
27214299ns          478120 1c009096 00d51823 sh               x13, 16(x10)        x13:0000006a x10:10000fa4  PA:10000fb4
27214319ns          478121 1c00909a 00f51923 sh               x15, 18(x10)        x15:fffffe2c x10:10000fa4  PA:10000fb6
27214339ns          478122 1c00909e 00008067 jalr             x0, x1, 0            x1:1c0093e8
27214379ns          478124 1c0093e8 2dc15583 lhu              x11, 732(x2)        x11=0000006a  x2:10000cd8  PA:10000fb4
27214419ns          478126 1c0093ec 2de15783 lhu              x15, 734(x2)        x15=0000fe2c  x2:10000cd8  PA:10000fb6
27214438ns          478127 1c0093f0 40b90933 sub              x18, x18, x11       x18=ffffff90 x18:fffffffa x11:0000006a
27214458ns          478128 1c0093f4 40f484b3 sub              x9, x9, x15          x9=ffff0009  x9:fffffe35 x15:0000fe2c
27214478ns          478129 1c0093f6 100945b3 p.exths          x11, x18, x0        x11=ffffff90 x18:ffffff90
27214498ns          478130 1c0093fa 1004c7b3 p.exths          x15, x9, x0         x15=00000009  x9:ffff0009
27214518ns          478131 1c0093fe 034586b3 mul              x13, x11, x20       x13=ffffe5c0 x11:ffffff90 x20:0000003c
27214538ns          478132 1c009402 03378533 mul              x10, x15, x19       x10=ffffefd4 x15:00000009 x19:fffffe34
27214558ns          478133 1c009406 034a0633 mul              x12, x20, x20       x12=00000e10 x20:0000003c x20:0000003c
27214578ns          478134 1c00940a 03398733 mul              x14, x19, x19       x14=00033a90 x19:fffffe34 x19:fffffe34
27214598ns          478135 1c00940e 034787b3 mul              x15, x15, x20       x15=0000021c x15:00000009 x20:0000003c
27214617ns          478136 1c009412 033585b3 mul              x11, x11, x19       x11=0000c940 x11:ffffff90 x19:fffffe34
27214637ns          478137 1c009416 40a75713 srai             x14, x14, 0x40a     x14=000000ce x14:00033a90
27214657ns          478138 1c009418 40a5d593 srai             x11, x11, 0x40a     x11=00000032 x11:0000c940
27214677ns          478139 1c00941a 40a65613 srai             x12, x12, 0x40a     x12=00000003 x12:00000e10
27214697ns          478140 1c00941c 40a7d793 srai             x15, x15, 0x40a     x15=00000000 x15:0000021c
27214717ns          478141 1c00941e 1c0034b7 lui              x9, 0x1c003000       x9=1c003000
27214737ns          478142 1c009422 00e60633 add              x12, x12, x14       x12=000000d1 x12:00000003 x14:000000ce
27214757ns          478143 1c009424 40b787b3 sub              x15, x15, x11       x15=ffffffce x15:00000000 x11:00000032
27214776ns          478144 1c009426 eb048493 addi             x9, x9, -336         x9=1c002eb0  x9:1c003000
27214796ns          478145 1c00942a 1c0032b7 lui              x5, 0x1c003000       x5=1c003000
27214816ns          478146 1c00942e 1c0035b7 lui              x11, 0x1c003000     x11=1c003000
27214836ns          478147 1c009432 018483b3 add              x7, x9, x24          x7=1c002eb2  x9:1c002eb0 x24:00000002
27214856ns          478148 1c009436 02812e83 lw               x29, 40(x2)         x29=1c002ec2  x2:10000cd8  PA:10000d00
27214876ns          478149 1c009438 10065633 p.exthz          x12, x12, x0        x12=000000d1 x12:000000d1
27214896ns          478150 1c00943c e8028293 addi             x5, x5, -384         x5=1c002e80  x5:1c003000
27214916ns          478151 1c009440 ea058593 addi             x11, x11, -352      x11=1c002ea0 x11:1c003000
27214936ns          478152 1c009444 03812483 lw               x9, 56(x2)           x9=1c002ee2  x2:10000cd8  PA:10000d10
27214955ns          478153 1c009446 10064733 p.exths          x14, x12, x0        x14=000000d1 x12:000000d1
27214975ns          478154 1c00944a 018280b3 add              x1, x5, x24          x1=1c002e82  x5:1c002e80 x24:00000002
27214995ns          478155 1c00944e 03012f03 lw               x30, 48(x2)         x30=1c002ed2  x2:10000cd8  PA:10000d08
27215015ns          478156 1c009450 018582b3 add              x5, x11, x24         x5=1c002ea2 x11:1c002ea0 x24:00000002
27215035ns          478157 1c009454 04012583 lw               x11, 64(x2)         x11=1c002ef2  x2:10000cd8  PA:10000d18
27215055ns          478158 1c009456 000edd83 lhu              x27, 0(x29)         x27=00001598 x29:1c002ec2  PA:1c002ec2
27215353ns          478173 1c00945a 0004d483 lhu              x9, 0(x9)            x9=000001a1  x9:1c002ee2  PA:1c002ee2
27215691ns          478190 1c00945e 02e70333 mul              x6, x14, x14         x6=0000aaa1 x14:000000d1 x14:000000d1
27215711ns          478191 1c009462 40a55513 srai             x10, x10, 0x40a     x10=fffffffb x10:ffffefd4
27215731ns          478192 1c009464 04812e83 lw               x29, 72(x2)         x29=1c002f02  x2:10000cd8  PA:10000d20
27215751ns          478193 1c009466 40a6d693 srai             x13, x13, 0x40a     x13=fffffff9 x13:ffffe5c0
27215771ns          478194 1c009468 000f5d03 lhu              x26, 0(x30)         x26=0000051e x30:1c002ed2  PA:1c002ed2
27216069ns          478209 1c00946c 0005d583 lhu              x11, 0(x11)         x11=0000009c x11:1c002ef2  PA:1c002ef2
27216368ns          478224 1c009470 40a35313 srai             x6, x6, 0x40a        x6=0000002a  x6:0000aaa1
27216387ns          478225 1c009474 00a686b3 add              x13, x13, x10       x13=fffffff4 x13:fffffff9 x10:fffffffb
27216407ns          478226 1c009476 05012f03 lw               x30, 80(x2)         x30=1c002e72  x2:10000cd8  PA:10000d28
27216427ns          478227 1c009478 10034e33 p.exths          x28, x6, x0         x28=0000002a  x6:0000002a
27216447ns          478228 1c00947c 06911023 sh               x9, 96(x2)           x9:000001a1  x2:10000cd8  PA:10000d38
27216467ns          478229 1c009480 000ede83 lhu              x29, 0(x29)         x29=0000003e x29:1c002f02  PA:1c002f02
27216765ns          478244 1c009484 05812483 lw               x9, 88(x2)           x9=1c002e62  x2:10000cd8  PA:10000d30
27216785ns          478245 1c009486 1006d6b3 p.exthz          x13, x13, x0        x13=0000fff4 x13:fffffff4
27216805ns          478246 1c00948a 02ee08b3 mul              x17, x28, x14       x17=0000224a x28:0000002a x14:000000d1
27216825ns          478247 1c00948e 1006c833 p.exths          x16, x13, x0        x16=fffffff4 x13:0000fff4
27216845ns          478248 1c009492 06b11823 sh               x11, 112(x2)        x11:0000009c  x2:10000cd8  PA:10000d48
27216865ns          478249 1c009496 000f5f03 lhu              x30, 0(x30)         x30=0000fefa x30:1c002e72  PA:1c002e72
27217183ns          478265 1c00949a 0a012583 lw               x11, 160(x2)        x11=1c002e92  x2:10000cd8  PA:10000d78
27217203ns          478266 1c00949c 1007d7b3 p.exthz          x15, x15, x0        x15=0000ffce x15:ffffffce
27217223ns          478267 1c0094a0 0004da03 lhu              x20, 0(x9)          x20=0000fb15  x9:1c002e62  PA:1c002e62
27217561ns          478284 1c0094a4 1007c533 p.exths          x10, x15, x0        x10=ffffffce x15:0000ffce
27217581ns          478285 1c0094a8 09d11023 sh               x29, 128(x2)        x29:0000003e  x2:10000cd8  PA:10000d58
27217601ns          478286 1c0094ac 0003d483 lhu              x9, 0(x7)            x9=0000ffcd  x7:1c002eb2  PA:1c002eb2
27217899ns          478301 1c0094b0 02e80eb3 mul              x29, x16, x14       x29=fffff634 x16:fffffff4 x14:000000d1
27217919ns          478302 1c0094b4 40a8d893 srai             x17, x17, 0x40a     x17=00000008 x17:0000224a
27217939ns          478303 1c0094b8 03c80833 mul              x16, x16, x28       x16=fffffe08 x16:fffffff4 x28:0000002a
27217959ns          478304 1c0094bc 09e11823 sh               x30, 144(x2)        x30:0000fefa  x2:10000cd8  PA:10000d68
27217978ns          478305 1c0094c0 0005d983 lhu              x19, 0(x11)         x19=0000ff9b x11:1c002e92  PA:1c002e92
27218297ns          478321 1c0094c4 81c88f5b p.muls           x30, x17, x28       x30=00000150 x17:00000008 x28:0000002a
27218317ns          478322 1c0094c8 0002d583 lhu              x11, 0(x5)          x11=0000ff74  x5:1c002ea2  PA:1c002ea2
27218635ns          478338 1c0094cc 03ce0fb3 mul              x31, x28, x28       x31=000006e4 x28:0000002a x28:0000002a
27218655ns          478339 1c0094d0 02e50733 mul              x14, x10, x14       x14=ffffd72e x10:ffffffce x14:000000d1
27218675ns          478340 1c0094d4 40a85813 srai             x16, x16, 0x40a     x16=ffffffff x16:fffffe08
27218694ns          478341 1c0094d8 03c50533 mul              x10, x10, x28       x10=fffff7cc x10:ffffffce x28:0000002a
27218714ns          478342 1c0094dc 07015e03 lhu              x28, 112(x2)        x28=0000009c  x2:10000cd8  PA:10000d48
27218734ns          478343 1c0094e0 01b60633 add              x12, x12, x27       x12=00001669 x12:000000d1 x27:00001598
27218754ns          478344 1c0094e2 00980833 add              x16, x16, x9        x16=0000ffcc x16:ffffffff  x9:0000ffcd
27218774ns          478345 1c0094e4 06015d83 lhu              x27, 96(x2)         x27=000001a1  x2:10000cd8  PA:10000d38
27218794ns          478346 1c0094e8 02812483 lw               x9, 40(x2)           x9=1c002ec2  x2:10000cd8  PA:10000d00
27218814ns          478347 1c0094ea 40afdf93 srai             x31, x31, 0x40a     x31=00000001 x31:000006e4
27218834ns          478348 1c0094ee 40a55513 srai             x10, x10, 0x40a     x10=fffffffd x10:fffff7cc
27218854ns          478349 1c0094f0 01cf8fb3 add              x31, x31, x28       x31=0000009d x31:00000001 x28:0000009c
27218873ns          478350 1c0094f2 00b50533 add              x10, x10, x11       x10=0000ff71 x10:fffffffd x11:0000ff74
27218893ns          478351 1c0094f4 09015e03 lhu              x28, 144(x2)        x28=0000fefa  x2:10000cd8  PA:10000d68
27218913ns          478352 1c0094f8 03012583 lw               x11, 48(x2)         x11=1c002ed2  x2:10000cd8  PA:10000d08
27218933ns          478353 1c0094fa 00c49023 sh               x12, 0(x9)          x12:00001669  x9:1c002ec2  PA:1c002ec2
27219271ns          478370 1c0094fe 01b888b3 add              x17, x17, x27       x17=000001a9 x17:00000008 x27:000001a1
27219291ns          478371 1c009500 01a30333 add              x6, x6, x26          x6=00000548  x6:0000002a x26:0000051e
27219311ns          478372 1c009502 08015d83 lhu              x27, 128(x2)        x27=0000003e  x2:10000cd8  PA:10000d58
27219331ns          478373 1c009506 0000d903 lhu              x18, 0(x1)          x18=0000fe9b  x1:1c002e82  PA:1c002e82
27219629ns          478388 1c00950a 01c686b3 add              x13, x13, x28       x13=0001feee x13:0000fff4 x28:0000fefa
27219649ns          478389 1c00950c 00659023 sh               x6, 0(x11)           x6:00000548 x11:1c002ed2  PA:1c002ed2
27220047ns          478409 1c009510 40af5f13 srai             x30, x30, 0x40a     x30=00000000 x30:00000150
27220067ns          478410 1c009514 04812e03 lw               x28, 72(x2)         x28=1c002f02  x2:10000cd8  PA:10000d20
27220087ns          478411 1c009516 01bf0f33 add              x30, x30, x27       x30=0000003e x30:00000000 x27:0000003e
27220106ns          478412 1c009518 40aede93 srai             x29, x29, 0x40a     x29=fffffffd x29:fffff634
27220126ns          478413 1c00951c 40a75713 srai             x14, x14, 0x40a     x14=fffffff5 x14:ffffd72e
27220146ns          478414 1c00951e 03812603 lw               x12, 56(x2)         x12=1c002ee2  x2:10000cd8  PA:10000d10
27220166ns          478415 1c009520 04012d83 lw               x27, 64(x2)         x27=1c002ef2  x2:10000cd8  PA:10000d18
27220186ns          478416 1c009522 01ee1023 sh               x30, 0(x28)         x30:0000003e x28:1c002f02  PA:1c002f02
27220504ns          478432 1c009526 05812483 lw               x9, 88(x2)           x9=1c002e62  x2:10000cd8  PA:10000d30
27220524ns          478433 1c009528 05012f03 lw               x30, 80(x2)         x30=1c002e72  x2:10000cd8  PA:10000d28
27220544ns          478434 1c00952a 0a012583 lw               x11, 160(x2)        x11=1c002e92  x2:10000cd8  PA:10000d78
27220564ns          478435 1c00952c 014787b3 add              x15, x15, x20       x15=0001fae3 x15:0000ffce x20:0000fb15
27220584ns          478436 1c00952e 013e8eb3 add              x29, x29, x19       x29=0000ff98 x29:fffffffd x19:0000ff9b
27220604ns          478437 1c009530 01270733 add              x14, x14, x18       x14=0000fe90 x14:fffffff5 x18:0000fe9b
27220624ns          478438 1c009532 00f49023 sh               x15, 0(x9)          x15:0001fae3  x9:1c002e62  PA:1c002e62
27220942ns          478454 1c009536 01161023 sh               x17, 0(x12)         x17:000001a9 x12:1c002ee2  PA:1c002ee2
27221280ns          478471 1c00953a 01fd9023 sh               x31, 0(x27)         x31:0000009d x27:1c002ef2  PA:1c002ef2
27221638ns          478489 1c00953e 00df1023 sh               x13, 0(x30)         x13:0001feee x30:1c002e72  PA:1c002e72
27221976ns          478506 1c009542 01d59023 sh               x29, 0(x11)         x29:0000ff98 x11:1c002e92  PA:1c002e92
27222294ns          478522 1c009546 00e09023 sh               x14, 0(x1)          x14:0000fe90  x1:1c002e82  PA:1c002e82
27222612ns          478538 1c00954a 01039023 sh               x16, 0(x7)          x16:0000ffcc  x7:1c002eb2  PA:1c002eb2
27222931ns          478554 1c00954e 00a29023 sh               x10, 0(x5)          x10:0000ff71  x5:1c002ea2  PA:1c002ea2
27223249ns          478570 1c009552 008b0b13 addi             x22, x22, 8         x22=00000159 x22:00000151
27223269ns          478571 1c009554 1f300793 addi             x15, x0, 499        x15=000001f3
27223289ns          478572 1c009558 e767dae3 bge              x15, x22, -396      x15:000001f3 x22:00000159
27223388ns          478577 1c0093cc 010c9a0b p.lh             x20, 16(x25!)       x20=ffffff17 x25=1c00294a x25:1c00293a  PA:1c00293a
27223706ns          478593 1c0093d0 0104198b p.lh             x19, 16(x8!)        x19=0000015b  x8=1c002112  x8:1c002102  PA:1c002102
27224024ns          478609 1c0093d4 2cc10513 addi             x10, x2, 716        x10=10000fa4  x2:10000cd8
27224044ns          478610 1c0093d6 010a990b p.lh             x18, 16(x21!)       x18=ffffff42 x21=1c00193e x21:1c00192e  PA:1c00192e
27224343ns          478625 1c0093da 010b948b p.lh             x9, 16(x23!)         x9=00000179 x23=1c00116e x23:1c00115e  PA:1c00115e
27224661ns          478641 1c0093de 2d411623 sh               x20, 716(x2)        x20:ffffff17  x2:10000cd8  PA:10000fa4
27224681ns          478642 1c0093e2 2d311723 sh               x19, 718(x2)        x19:0000015b  x2:10000cd8  PA:10000fa6
27224701ns          478643 1c0093e6 c33ff0ef jal              x1, -974             x1=1c0093e8
27224780ns          478647 1c009018 00051803 lh               x16, 0(x10)         x16=ffffff17 x10:10000fa4  PA:10000fa4
27224820ns          478649 1c00901c 00251883 lh               x17, 2(x10)         x17=0000015b x10:10000fa4  PA:10000fa6
27224880ns          478652 1c009020 030806b3 mul              x13, x16, x16       x13=0000d411 x16:ffffff17 x16:ffffff17
27224919ns          478654 1c009024 03188633 mul              x12, x17, x17       x12=0001d659 x17:0000015b x17:0000015b
27224939ns          478655 1c009028 40a65613 srai             x12, x12, 0x40a     x12=00000075 x12:0001d659
27224959ns          478656 1c00902a 40a6d693 srai             x13, x13, 0x40a     x13=00000035 x13:0000d411
27224979ns          478657 1c00902c 00c686b3 add              x13, x13, x12       x13=000000aa x13:00000035 x12:00000075
27224999ns          478658 1c00902e 1006c633 p.exths          x12, x13, x0        x12=000000aa x13:000000aa
27225019ns          478659 1c009032 00855703 lhu              x14, 8(x10)         x14=0000ffd1 x10:10000fa4  PA:10000fac
27225039ns          478660 1c009036 00a55683 lhu              x13, 10(x10)        x13=0000ff6a x10:10000fa4  PA:10000fae
27225059ns          478661 1c00903a 02c60333 mul              x6, x12, x12         x6=000070e4 x12:000000aa x12:000000aa
27225098ns          478663 1c00903e 00c55783 lhu              x15, 12(x10)        x15=0000ffe5 x10:10000fa4  PA:10000fb0
27225138ns          478665 1c009042 00e55583 lhu              x11, 14(x10)        x11=00000060 x10:10000fa4  PA:10000fb2
27225158ns          478666 1c009046 dea30333 p.extract        x6, x6, 15, 10       x6=0000001c  x6:000070e4
27225178ns          478667 1c00904a 80c7075b p.muls           x14, x14, x12       x14=ffffe0ca x14:0000ffd1 x12:000000aa
27225238ns          478670 1c00904e 80c686db p.muls           x13, x13, x12       x13=ffff9c64 x13:0000ff6a x12:000000aa
27225277ns          478672 1c009052 00455e83 lhu              x29, 4(x10)         x29=00000427 x10:10000fa4  PA:10000fa8
27225297ns          478673 1c009056 00655e03 lhu              x28, 6(x10)         x28=0000007f x10:10000fa4  PA:10000faa
27225317ns          478674 1c00905a 40a75713 srai             x14, x14, 0x40a     x14=fffffff8 x14:ffffe0ca
27225337ns          478675 1c00905c 806787db p.muls           x15, x15, x6        x15=fffffd0c x15:0000ffe5  x6:0000001c
27225357ns          478676 1c009060 40a6d693 srai             x13, x13, 0x40a     x13=ffffffe7 x13:ffff9c64
27225377ns          478677 1c009062 8065865b p.muls           x12, x11, x6        x12=00000a80 x11:00000060  x6:0000001c
27225397ns          478678 1c009066 40a7d793 srai             x15, x15, 0x40a     x15=ffffffff x15:fffffd0c
27225417ns          478679 1c009068 40a65613 srai             x12, x12, 0x40a     x12=00000002 x12:00000a80
27225436ns          478680 1c00906a 01d70733 add              x14, x14, x29       x14=0000041f x14:fffffff8 x29:00000427
27225456ns          478681 1c00906c 01c686b3 add              x13, x13, x28       x13=00000066 x13:ffffffe7 x28:0000007f
27225476ns          478682 1c00906e 00c686b3 add              x13, x13, x12       x13=00000068 x13:00000066 x12:00000002
27225496ns          478683 1c009070 00f70733 add              x14, x14, x15       x14=0000041e x14:0000041f x15:ffffffff
27225516ns          478684 1c009072 100747b3 p.exths          x15, x14, x0        x15=0000041e x14:0000041e
27225536ns          478685 1c009076 1006c733 p.exths          x14, x13, x0        x14=00000068 x13:00000068
27225556ns          478686 1c00907a 03170633 mul              x12, x14, x17       x12=00008cf8 x14:00000068 x17:0000015b
27225576ns          478687 1c00907e 030786b3 mul              x13, x15, x16       x13=fffc40b2 x15:0000041e x16:ffffff17
27225596ns          478688 1c009082 03070733 mul              x14, x14, x16       x14=ffffa158 x14:00000068 x16:ffffff17
27225615ns          478689 1c009086 031787b3 mul              x15, x15, x17       x15=000594aa x15:0000041e x17:0000015b
27225635ns          478690 1c00908a 40a6d693 srai             x13, x13, 0x40a     x13=ffffff10 x13:fffc40b2
27225655ns          478691 1c00908c 40a65613 srai             x12, x12, 0x40a     x12=00000023 x12:00008cf8
27225675ns          478692 1c00908e 40a7d793 srai             x15, x15, 0x40a     x15=00000165 x15:000594aa
27225695ns          478693 1c009090 40a75713 srai             x14, x14, 0x40a     x14=ffffffe8 x14:ffffa158
27225715ns          478694 1c009092 40c686b3 sub              x13, x13, x12       x13=fffffeed x13:ffffff10 x12:00000023
27225735ns          478695 1c009094 00e787b3 add              x15, x15, x14       x15=0000014d x15:00000165 x14:ffffffe8
27225755ns          478696 1c009096 00d51823 sh               x13, 16(x10)        x13:fffffeed x10:10000fa4  PA:10000fb4
27225794ns          478698 1c00909a 00f51923 sh               x15, 18(x10)        x15:0000014d x10:10000fa4  PA:10000fb6
27225834ns          478700 1c00909e 00008067 jalr             x0, x1, 0            x1:1c0093e8
27225854ns          478701 1c0093e8 2dc15583 lhu              x11, 732(x2)        x11=0000feed  x2:10000cd8  PA:10000fb4
27225874ns          478702 1c0093ec 2de15783 lhu              x15, 734(x2)        x15=0000014d  x2:10000cd8  PA:10000fb6
27225894ns          478703 1c0093f0 40b90933 sub              x18, x18, x11       x18=ffff0055 x18:ffffff42 x11:0000feed
27225914ns          478704 1c0093f4 40f484b3 sub              x9, x9, x15          x9=0000002c  x9:00000179 x15:0000014d
27225934ns          478705 1c0093f6 100945b3 p.exths          x11, x18, x0        x11=00000055 x18:ffff0055
27225954ns          478706 1c0093fa 1004c7b3 p.exths          x15, x9, x0         x15=0000002c  x9:0000002c
27225973ns          478707 1c0093fe 034586b3 mul              x13, x11, x20       x13=ffffb2a3 x11:00000055 x20:ffffff17
27225993ns          478708 1c009402 03378533 mul              x10, x15, x19       x10=00003ba4 x15:0000002c x19:0000015b
27226013ns          478709 1c009406 034a0633 mul              x12, x20, x20       x12=0000d411 x20:ffffff17 x20:ffffff17
27226033ns          478710 1c00940a 03398733 mul              x14, x19, x19       x14=0001d659 x19:0000015b x19:0000015b
27226093ns          478713 1c00940e 034787b3 mul              x15, x15, x20       x15=ffffd7f4 x15:0000002c x20:ffffff17
27226133ns          478715 1c009412 033585b3 mul              x11, x11, x19       x11=00007337 x11:00000055 x19:0000015b
27226152ns          478716 1c009416 40a75713 srai             x14, x14, 0x40a     x14=00000075 x14:0001d659
27226172ns          478717 1c009418 40a5d593 srai             x11, x11, 0x40a     x11=0000001c x11:00007337
27226192ns          478718 1c00941a 40a65613 srai             x12, x12, 0x40a     x12=00000035 x12:0000d411
27226212ns          478719 1c00941c 40a7d793 srai             x15, x15, 0x40a     x15=fffffff5 x15:ffffd7f4
27226232ns          478720 1c00941e 1c0034b7 lui              x9, 0x1c003000       x9=1c003000
27226252ns          478721 1c009422 00e60633 add              x12, x12, x14       x12=000000aa x12:00000035 x14:00000075
27226272ns          478722 1c009424 40b787b3 sub              x15, x15, x11       x15=ffffffd9 x15:fffffff5 x11:0000001c
27226292ns          478723 1c009426 eb048493 addi             x9, x9, -336         x9=1c002eb0  x9:1c003000
27226312ns          478724 1c00942a 1c0032b7 lui              x5, 0x1c003000       x5=1c003000
27226331ns          478725 1c00942e 1c0035b7 lui              x11, 0x1c003000     x11=1c003000
27226351ns          478726 1c009432 018483b3 add              x7, x9, x24          x7=1c002eb2  x9:1c002eb0 x24:00000002
27226371ns          478727 1c009436 02812e83 lw               x29, 40(x2)         x29=1c002ec2  x2:10000cd8  PA:10000d00
27226391ns          478728 1c009438 10065633 p.exthz          x12, x12, x0        x12=000000aa x12:000000aa
27226411ns          478729 1c00943c e8028293 addi             x5, x5, -384         x5=1c002e80  x5:1c003000
27226431ns          478730 1c009440 ea058593 addi             x11, x11, -352      x11=1c002ea0 x11:1c003000
27226451ns          478731 1c009444 03812483 lw               x9, 56(x2)           x9=1c002ee2  x2:10000cd8  PA:10000d10
27226471ns          478732 1c009446 10064733 p.exths          x14, x12, x0        x14=000000aa x12:000000aa
27226491ns          478733 1c00944a 018280b3 add              x1, x5, x24          x1=1c002e82  x5:1c002e80 x24:00000002
27226510ns          478734 1c00944e 03012f03 lw               x30, 48(x2)         x30=1c002ed2  x2:10000cd8  PA:10000d08
27226530ns          478735 1c009450 018582b3 add              x5, x11, x24         x5=1c002ea2 x11:1c002ea0 x24:00000002
27226550ns          478736 1c009454 04012583 lw               x11, 64(x2)         x11=1c002ef2  x2:10000cd8  PA:10000d18
27226570ns          478737 1c009456 000edd83 lhu              x27, 0(x29)         x27=00001669 x29:1c002ec2  PA:1c002ec2
27226868ns          478752 1c00945a 0004d483 lhu              x9, 0(x9)            x9=000001a9  x9:1c002ee2  PA:1c002ee2
27227246ns          478771 1c00945e 02e70333 mul              x6, x14, x14         x6=000070e4 x14:000000aa x14:000000aa
27227266ns          478772 1c009462 40a55513 srai             x10, x10, 0x40a     x10=0000000e x10:00003ba4
27227286ns          478773 1c009464 04812e83 lw               x29, 72(x2)         x29=1c002f02  x2:10000cd8  PA:10000d20
27227306ns          478774 1c009466 40a6d693 srai             x13, x13, 0x40a     x13=ffffffec x13:ffffb2a3
27227326ns          478775 1c009468 000f5d03 lhu              x26, 0(x30)         x26=00000548 x30:1c002ed2  PA:1c002ed2
27227624ns          478790 1c00946c 0005d583 lhu              x11, 0(x11)         x11=0000009d x11:1c002ef2  PA:1c002ef2
27227982ns          478808 1c009470 40a35313 srai             x6, x6, 0x40a        x6=0000001c  x6:000070e4
27228002ns          478809 1c009474 00a686b3 add              x13, x13, x10       x13=fffffffa x13:ffffffec x10:0000000e
27228022ns          478810 1c009476 05012f03 lw               x30, 80(x2)         x30=1c002e72  x2:10000cd8  PA:10000d28
27228042ns          478811 1c009478 10034e33 p.exths          x28, x6, x0         x28=0000001c  x6:0000001c
27228062ns          478812 1c00947c 06911023 sh               x9, 96(x2)           x9:000001a9  x2:10000cd8  PA:10000d38
27228082ns          478813 1c009480 000ede83 lhu              x29, 0(x29)         x29=0000003e x29:1c002f02  PA:1c002f02
27228420ns          478830 1c009484 05812483 lw               x9, 88(x2)           x9=1c002e62  x2:10000cd8  PA:10000d30
27228440ns          478831 1c009486 1006d6b3 p.exthz          x13, x13, x0        x13=0000fffa x13:fffffffa
27228459ns          478832 1c00948a 02ee08b3 mul              x17, x28, x14       x17=00001298 x28:0000001c x14:000000aa
27228479ns          478833 1c00948e 1006c833 p.exths          x16, x13, x0        x16=fffffffa x13:0000fffa
27228499ns          478834 1c009492 06b11823 sh               x11, 112(x2)        x11:0000009d  x2:10000cd8  PA:10000d48
27228519ns          478835 1c009496 000f5f03 lhu              x30, 0(x30)         x30=0000feee x30:1c002e72  PA:1c002e72
27228857ns          478852 1c00949a 0a012583 lw               x11, 160(x2)        x11=1c002e92  x2:10000cd8  PA:10000d78
27228877ns          478853 1c00949c 1007d7b3 p.exthz          x15, x15, x0        x15=0000ffd9 x15:ffffffd9
27228897ns          478854 1c0094a0 0004da03 lhu              x20, 0(x9)          x20=0000fae3  x9:1c002e62  PA:1c002e62
27229215ns          478870 1c0094a4 1007c533 p.exths          x10, x15, x0        x10=ffffffd9 x15:0000ffd9
27229235ns          478871 1c0094a8 09d11023 sh               x29, 128(x2)        x29:0000003e  x2:10000cd8  PA:10000d58
27229255ns          478872 1c0094ac 0003d483 lhu              x9, 0(x7)            x9=0000ffcc  x7:1c002eb2  PA:1c002eb2
27229573ns          478888 1c0094b0 02e80eb3 mul              x29, x16, x14       x29=fffffc04 x16:fffffffa x14:000000aa
27229593ns          478889 1c0094b4 40a8d893 srai             x17, x17, 0x40a     x17=00000004 x17:00001298
27229613ns          478890 1c0094b8 03c80833 mul              x16, x16, x28       x16=ffffff58 x16:fffffffa x28:0000001c
27229633ns          478891 1c0094bc 09e11823 sh               x30, 144(x2)        x30:0000feee  x2:10000cd8  PA:10000d68
27229653ns          478892 1c0094c0 0005d983 lhu              x19, 0(x11)         x19=0000ff98 x11:1c002e92  PA:1c002e92
27229951ns          478907 1c0094c4 81c88f5b p.muls           x30, x17, x28       x30=00000070 x17:00000004 x28:0000001c
27229971ns          478908 1c0094c8 0002d583 lhu              x11, 0(x5)          x11=0000ff71  x5:1c002ea2  PA:1c002ea2
27230289ns          478924 1c0094cc 03ce0fb3 mul              x31, x28, x28       x31=00000310 x28:0000001c x28:0000001c
27230309ns          478925 1c0094d0 02e50733 mul              x14, x10, x14       x14=ffffe61a x10:ffffffd9 x14:000000aa
27230329ns          478926 1c0094d4 40a85813 srai             x16, x16, 0x40a     x16=ffffffff x16:ffffff58
27230349ns          478927 1c0094d8 03c50533 mul              x10, x10, x28       x10=fffffbbc x10:ffffffd9 x28:0000001c
27230369ns          478928 1c0094dc 07015e03 lhu              x28, 112(x2)        x28=0000009d  x2:10000cd8  PA:10000d48
27230408ns          478930 1c0094e0 01b60633 add              x12, x12, x27       x12=00001713 x12:000000aa x27:00001669
27230428ns          478931 1c0094e2 00980833 add              x16, x16, x9        x16=0000ffcb x16:ffffffff  x9:0000ffcc
27230448ns          478932 1c0094e4 06015d83 lhu              x27, 96(x2)         x27=000001a9  x2:10000cd8  PA:10000d38
27230468ns          478933 1c0094e8 02812483 lw               x9, 40(x2)           x9=1c002ec2  x2:10000cd8  PA:10000d00
27230488ns          478934 1c0094ea 40afdf93 srai             x31, x31, 0x40a     x31=00000000 x31:00000310
27230508ns          478935 1c0094ee 40a55513 srai             x10, x10, 0x40a     x10=fffffffe x10:fffffbbc
27230528ns          478936 1c0094f0 01cf8fb3 add              x31, x31, x28       x31=0000009d x31:00000000 x28:0000009d
27230548ns          478937 1c0094f2 00b50533 add              x10, x10, x11       x10=0000ff6f x10:fffffffe x11:0000ff71
27230568ns          478938 1c0094f4 09015e03 lhu              x28, 144(x2)        x28=0000feee  x2:10000cd8  PA:10000d68
27230587ns          478939 1c0094f8 03012583 lw               x11, 48(x2)         x11=1c002ed2  x2:10000cd8  PA:10000d08
27230607ns          478940 1c0094fa 00c49023 sh               x12, 0(x9)          x12:00001713  x9:1c002ec2  PA:1c002ec2
27230926ns          478956 1c0094fe 01b888b3 add              x17, x17, x27       x17=000001ad x17:00000004 x27:000001a9
27230945ns          478957 1c009500 01a30333 add              x6, x6, x26          x6=00000564  x6:0000001c x26:00000548
27230965ns          478958 1c009502 08015d83 lhu              x27, 128(x2)        x27=0000003e  x2:10000cd8  PA:10000d58
27230985ns          478959 1c009506 0000d903 lhu              x18, 0(x1)          x18=0000fe90  x1:1c002e82  PA:1c002e82
27231284ns          478974 1c00950a 01c686b3 add              x13, x13, x28       x13=0001fee8 x13:0000fffa x28:0000feee
27231303ns          478975 1c00950c 00659023 sh               x6, 0(x11)           x6:00000564 x11:1c002ed2  PA:1c002ed2
27231622ns          478991 1c009510 40af5f13 srai             x30, x30, 0x40a     x30=00000000 x30:00000070
27231642ns          478992 1c009514 04812e03 lw               x28, 72(x2)         x28=1c002f02  x2:10000cd8  PA:10000d20
27231661ns          478993 1c009516 01bf0f33 add              x30, x30, x27       x30=0000003e x30:00000000 x27:0000003e
27231681ns          478994 1c009518 40aede93 srai             x29, x29, 0x40a     x29=ffffffff x29:fffffc04
27231701ns          478995 1c00951c 40a75713 srai             x14, x14, 0x40a     x14=fffffff9 x14:ffffe61a
27231721ns          478996 1c00951e 03812603 lw               x12, 56(x2)         x12=1c002ee2  x2:10000cd8  PA:10000d10
27231741ns          478997 1c009520 04012d83 lw               x27, 64(x2)         x27=1c002ef2  x2:10000cd8  PA:10000d18
27231761ns          478998 1c009522 01ee1023 sh               x30, 0(x28)         x30:0000003e x28:1c002f02  PA:1c002f02
27232079ns          479014 1c009526 05812483 lw               x9, 88(x2)           x9=1c002e62  x2:10000cd8  PA:10000d30
27232099ns          479015 1c009528 05012f03 lw               x30, 80(x2)         x30=1c002e72  x2:10000cd8  PA:10000d28
27232119ns          479016 1c00952a 0a012583 lw               x11, 160(x2)        x11=1c002e92  x2:10000cd8  PA:10000d78
27232139ns          479017 1c00952c 014787b3 add              x15, x15, x20       x15=0001fabc x15:0000ffd9 x20:0000fae3
27232159ns          479018 1c00952e 013e8eb3 add              x29, x29, x19       x29=0000ff97 x29:ffffffff x19:0000ff98
27232178ns          479019 1c009530 01270733 add              x14, x14, x18       x14=0000fe89 x14:fffffff9 x18:0000fe90
27232198ns          479020 1c009532 00f49023 sh               x15, 0(x9)          x15:0001fabc  x9:1c002e62  PA:1c002e62
27232517ns          479036 1c009536 01161023 sh               x17, 0(x12)         x17:000001ad x12:1c002ee2  PA:1c002ee2
27232835ns          479052 1c00953a 01fd9023 sh               x31, 0(x27)         x31:0000009d x27:1c002ef2  PA:1c002ef2
27233153ns          479068 1c00953e 00df1023 sh               x13, 0(x30)         x13:0001fee8 x30:1c002e72  PA:1c002e72
27233491ns          479085 1c009542 01d59023 sh               x29, 0(x11)         x29:0000ff97 x11:1c002e92  PA:1c002e92
27233809ns          479101 1c009546 00e09023 sh               x14, 0(x1)          x14:0000fe89  x1:1c002e82  PA:1c002e82
27234147ns          479118 1c00954a 01039023 sh               x16, 0(x7)          x16:0000ffcb  x7:1c002eb2  PA:1c002eb2
27234486ns          479135 1c00954e 00a29023 sh               x10, 0(x5)          x10:0000ff6f  x5:1c002ea2  PA:1c002ea2
27234824ns          479152 1c009552 008b0b13 addi             x22, x22, 8         x22=00000161 x22:00000159
27234843ns          479153 1c009554 1f300793 addi             x15, x0, 499        x15=000001f3
27234863ns          479154 1c009558 e767dae3 bge              x15, x22, -396      x15:000001f3 x22:00000161
27234923ns          479157 1c0093cc 010c9a0b p.lh             x20, 16(x25!)       x20=00000102 x25=1c00295a x25:1c00294a  PA:1c00294a
27235281ns          479175 1c0093d0 0104198b p.lh             x19, 16(x8!)        x19=ffffff96  x8=1c002122  x8:1c002112  PA:1c002112
27235599ns          479191 1c0093d4 2cc10513 addi             x10, x2, 716        x10=10000fa4  x2:10000cd8
27235619ns          479192 1c0093d6 010a990b p.lh             x18, 16(x21!)       x18=000000fc x21=1c00194e x21:1c00193e  PA:1c00193e
27235937ns          479208 1c0093da 010b948b p.lh             x9, 16(x23!)         x9=ffffff82 x23=1c00117e x23:1c00116e  PA:1c00116e
27236256ns          479224 1c0093de 2d411623 sh               x20, 716(x2)        x20:00000102  x2:10000cd8  PA:10000fa4
27236295ns          479226 1c0093e2 2d311723 sh               x19, 718(x2)        x19:ffffff96  x2:10000cd8  PA:10000fa6
27236315ns          479227 1c0093e6 c33ff0ef jal              x1, -974             x1=1c0093e8
27236395ns          479231 1c009018 00051803 lh               x16, 0(x10)         x16=00000102 x10:10000fa4  PA:10000fa4
27236435ns          479233 1c00901c 00251883 lh               x17, 2(x10)         x17=ffffff96 x10:10000fa4  PA:10000fa6
27236494ns          479236 1c009020 030806b3 mul              x13, x16, x16       x13=00010404 x16:00000102 x16:00000102
27236534ns          479238 1c009024 03188633 mul              x12, x17, x17       x12=00002be4 x17:ffffff96 x17:ffffff96
27236554ns          479239 1c009028 40a65613 srai             x12, x12, 0x40a     x12=0000000a x12:00002be4
27236574ns          479240 1c00902a 40a6d693 srai             x13, x13, 0x40a     x13=00000041 x13:00010404
27236594ns          479241 1c00902c 00c686b3 add              x13, x13, x12       x13=0000004b x13:00000041 x12:0000000a
27236614ns          479242 1c00902e 1006c633 p.exths          x12, x13, x0        x12=0000004b x13:0000004b
27236633ns          479243 1c009032 00855703 lhu              x14, 8(x10)         x14=0000ffd1 x10:10000fa4  PA:10000fac
27236653ns          479244 1c009036 00a55683 lhu              x13, 10(x10)        x13=0000ff6a x10:10000fa4  PA:10000fae
27236673ns          479245 1c00903a 02c60333 mul              x6, x12, x12         x6=000015f9 x12:0000004b x12:0000004b
27236693ns          479246 1c00903e 00c55783 lhu              x15, 12(x10)        x15=0000ffe5 x10:10000fa4  PA:10000fb0
27236713ns          479247 1c009042 00e55583 lhu              x11, 14(x10)        x11=00000060 x10:10000fa4  PA:10000fb2
27236733ns          479248 1c009046 dea30333 p.extract        x6, x6, 15, 10       x6=00000005  x6:000015f9
27236753ns          479249 1c00904a 80c7075b p.muls           x14, x14, x12       x14=fffff23b x14:0000ffd1 x12:0000004b
27236773ns          479250 1c00904e 80c686db p.muls           x13, x13, x12       x13=ffffd40e x13:0000ff6a x12:0000004b
27236793ns          479251 1c009052 00455e83 lhu              x29, 4(x10)         x29=00000427 x10:10000fa4  PA:10000fa8
27236812ns          479252 1c009056 00655e03 lhu              x28, 6(x10)         x28=0000007f x10:10000fa4  PA:10000faa
27236832ns          479253 1c00905a 40a75713 srai             x14, x14, 0x40a     x14=fffffffc x14:fffff23b
27236852ns          479254 1c00905c 806787db p.muls           x15, x15, x6        x15=ffffff79 x15:0000ffe5  x6:00000005
27236872ns          479255 1c009060 40a6d693 srai             x13, x13, 0x40a     x13=fffffff5 x13:ffffd40e
27236892ns          479256 1c009062 8065865b p.muls           x12, x11, x6        x12=000001e0 x11:00000060  x6:00000005
27236912ns          479257 1c009066 40a7d793 srai             x15, x15, 0x40a     x15=ffffffff x15:ffffff79
27236932ns          479258 1c009068 40a65613 srai             x12, x12, 0x40a     x12=00000000 x12:000001e0
27236952ns          479259 1c00906a 01d70733 add              x14, x14, x29       x14=00000423 x14:fffffffc x29:00000427
27236972ns          479260 1c00906c 01c686b3 add              x13, x13, x28       x13=00000074 x13:fffffff5 x28:0000007f
27236991ns          479261 1c00906e 00c686b3 add              x13, x13, x12       x13=00000074 x13:00000074 x12:00000000
27237011ns          479262 1c009070 00f70733 add              x14, x14, x15       x14=00000422 x14:00000423 x15:ffffffff
27237031ns          479263 1c009072 100747b3 p.exths          x15, x14, x0        x15=00000422 x14:00000422
27237051ns          479264 1c009076 1006c733 p.exths          x14, x13, x0        x14=00000074 x13:00000074
27237071ns          479265 1c00907a 03170633 mul              x12, x14, x17       x12=ffffcff8 x14:00000074 x17:ffffff96
27237091ns          479266 1c00907e 030786b3 mul              x13, x15, x16       x13=00042a44 x15:00000422 x16:00000102
27237111ns          479267 1c009082 03070733 mul              x14, x14, x16       x14=000074e8 x14:00000074 x16:00000102
27237131ns          479268 1c009086 031787b3 mul              x15, x15, x17       x15=fffe49ec x15:00000422 x17:ffffff96
27237150ns          479269 1c00908a 40a6d693 srai             x13, x13, 0x40a     x13=0000010a x13:00042a44
27237170ns          479270 1c00908c 40a65613 srai             x12, x12, 0x40a     x12=fffffff3 x12:ffffcff8
27237190ns          479271 1c00908e 40a7d793 srai             x15, x15, 0x40a     x15=ffffff92 x15:fffe49ec
27237210ns          479272 1c009090 40a75713 srai             x14, x14, 0x40a     x14=0000001d x14:000074e8
27237230ns          479273 1c009092 40c686b3 sub              x13, x13, x12       x13=00000117 x13:0000010a x12:fffffff3
27237250ns          479274 1c009094 00e787b3 add              x15, x15, x14       x15=ffffffaf x15:ffffff92 x14:0000001d
27237270ns          479275 1c009096 00d51823 sh               x13, 16(x10)        x13:00000117 x10:10000fa4  PA:10000fb4
27237290ns          479276 1c00909a 00f51923 sh               x15, 18(x10)        x15:ffffffaf x10:10000fa4  PA:10000fb6
27237310ns          479277 1c00909e 00008067 jalr             x0, x1, 0            x1:1c0093e8
27237389ns          479281 1c0093e8 2dc15583 lhu              x11, 732(x2)        x11=00000117  x2:10000cd8  PA:10000fb4
27237409ns          479282 1c0093ec 2de15783 lhu              x15, 734(x2)        x15=0000ffaf  x2:10000cd8  PA:10000fb6
27237429ns          479283 1c0093f0 40b90933 sub              x18, x18, x11       x18=ffffffe5 x18:000000fc x11:00000117
27237449ns          479284 1c0093f4 40f484b3 sub              x9, x9, x15          x9=fffeffd3  x9:ffffff82 x15:0000ffaf
27237469ns          479285 1c0093f6 100945b3 p.exths          x11, x18, x0        x11=ffffffe5 x18:ffffffe5
27237489ns          479286 1c0093fa 1004c7b3 p.exths          x15, x9, x0         x15=ffffffd3  x9:fffeffd3
27237508ns          479287 1c0093fe 034586b3 mul              x13, x11, x20       x13=ffffe4ca x11:ffffffe5 x20:00000102
27237528ns          479288 1c009402 03378533 mul              x10, x15, x19       x10=000012a2 x15:ffffffd3 x19:ffffff96
27237548ns          479289 1c009406 034a0633 mul              x12, x20, x20       x12=00010404 x20:00000102 x20:00000102
27237568ns          479290 1c00940a 03398733 mul              x14, x19, x19       x14=00002be4 x19:ffffff96 x19:ffffff96
27237588ns          479291 1c00940e 034787b3 mul              x15, x15, x20       x15=ffffd2a6 x15:ffffffd3 x20:00000102
27237608ns          479292 1c009412 033585b3 mul              x11, x11, x19       x11=00000b2e x11:ffffffe5 x19:ffffff96
27237628ns          479293 1c009416 40a75713 srai             x14, x14, 0x40a     x14=0000000a x14:00002be4
27237648ns          479294 1c009418 40a5d593 srai             x11, x11, 0x40a     x11=00000002 x11:00000b2e
27237668ns          479295 1c00941a 40a65613 srai             x12, x12, 0x40a     x12=00000041 x12:00010404
27237687ns          479296 1c00941c 40a7d793 srai             x15, x15, 0x40a     x15=fffffff4 x15:ffffd2a6
27237707ns          479297 1c00941e 1c0034b7 lui              x9, 0x1c003000       x9=1c003000
27237727ns          479298 1c009422 00e60633 add              x12, x12, x14       x12=0000004b x12:00000041 x14:0000000a
27237747ns          479299 1c009424 40b787b3 sub              x15, x15, x11       x15=fffffff2 x15:fffffff4 x11:00000002
27237767ns          479300 1c009426 eb048493 addi             x9, x9, -336         x9=1c002eb0  x9:1c003000
27237787ns          479301 1c00942a 1c0032b7 lui              x5, 0x1c003000       x5=1c003000
27237807ns          479302 1c00942e 1c0035b7 lui              x11, 0x1c003000     x11=1c003000
27237827ns          479303 1c009432 018483b3 add              x7, x9, x24          x7=1c002eb2  x9:1c002eb0 x24:00000002
27237847ns          479304 1c009436 02812e83 lw               x29, 40(x2)         x29=1c002ec2  x2:10000cd8  PA:10000d00
27237866ns          479305 1c009438 10065633 p.exthz          x12, x12, x0        x12=0000004b x12:0000004b
27237886ns          479306 1c00943c e8028293 addi             x5, x5, -384         x5=1c002e80  x5:1c003000
27237906ns          479307 1c009440 ea058593 addi             x11, x11, -352      x11=1c002ea0 x11:1c003000
27237926ns          479308 1c009444 03812483 lw               x9, 56(x2)           x9=1c002ee2  x2:10000cd8  PA:10000d10
27237946ns          479309 1c009446 10064733 p.exths          x14, x12, x0        x14=0000004b x12:0000004b
27237966ns          479310 1c00944a 018280b3 add              x1, x5, x24          x1=1c002e82  x5:1c002e80 x24:00000002
27237986ns          479311 1c00944e 03012f03 lw               x30, 48(x2)         x30=1c002ed2  x2:10000cd8  PA:10000d08
27238006ns          479312 1c009450 018582b3 add              x5, x11, x24         x5=1c002ea2 x11:1c002ea0 x24:00000002
27238026ns          479313 1c009454 04012583 lw               x11, 64(x2)         x11=1c002ef2  x2:10000cd8  PA:10000d18
27238045ns          479314 1c009456 000edd83 lhu              x27, 0(x29)         x27=00001713 x29:1c002ec2  PA:1c002ec2
27238364ns          479330 1c00945a 0004d483 lhu              x9, 0(x9)            x9=000001ad  x9:1c002ee2  PA:1c002ee2
27238682ns          479346 1c00945e 02e70333 mul              x6, x14, x14         x6=000015f9 x14:0000004b x14:0000004b
27238702ns          479347 1c009462 40a55513 srai             x10, x10, 0x40a     x10=00000004 x10:000012a2
27238722ns          479348 1c009464 04812e83 lw               x29, 72(x2)         x29=1c002f02  x2:10000cd8  PA:10000d20
27238742ns          479349 1c009466 40a6d693 srai             x13, x13, 0x40a     x13=fffffff9 x13:ffffe4ca
27238761ns          479350 1c009468 000f5d03 lhu              x26, 0(x30)         x26=00000564 x30:1c002ed2  PA:1c002ed2
27239060ns          479365 1c00946c 0005d583 lhu              x11, 0(x11)         x11=0000009d x11:1c002ef2  PA:1c002ef2
27239358ns          479380 1c009470 40a35313 srai             x6, x6, 0x40a        x6=00000005  x6:000015f9
27239378ns          479381 1c009474 00a686b3 add              x13, x13, x10       x13=fffffffd x13:fffffff9 x10:00000004
27239398ns          479382 1c009476 05012f03 lw               x30, 80(x2)         x30=1c002e72  x2:10000cd8  PA:10000d28
27239418ns          479383 1c009478 10034e33 p.exths          x28, x6, x0         x28=00000005  x6:00000005
27239438ns          479384 1c00947c 06911023 sh               x9, 96(x2)           x9:000001ad  x2:10000cd8  PA:10000d38
27239458ns          479385 1c009480 000ede83 lhu              x29, 0(x29)         x29=0000003e x29:1c002f02  PA:1c002f02
27239776ns          479401 1c009484 05812483 lw               x9, 88(x2)           x9=1c002e62  x2:10000cd8  PA:10000d30
27239796ns          479402 1c009486 1006d6b3 p.exthz          x13, x13, x0        x13=0000fffd x13:fffffffd
27239815ns          479403 1c00948a 02ee08b3 mul              x17, x28, x14       x17=00000177 x28:00000005 x14:0000004b
27239835ns          479404 1c00948e 1006c833 p.exths          x16, x13, x0        x16=fffffffd x13:0000fffd
27239855ns          479405 1c009492 06b11823 sh               x11, 112(x2)        x11:0000009d  x2:10000cd8  PA:10000d48
27239875ns          479406 1c009496 000f5f03 lhu              x30, 0(x30)         x30=0000fee8 x30:1c002e72  PA:1c002e72
27240293ns          479427 1c00949a 0a012583 lw               x11, 160(x2)        x11=1c002e92  x2:10000cd8  PA:10000d78
27240313ns          479428 1c00949c 1007d7b3 p.exthz          x15, x15, x0        x15=0000fff2 x15:fffffff2
27240333ns          479429 1c0094a0 0004da03 lhu              x20, 0(x9)          x20=0000fabc  x9:1c002e62  PA:1c002e62
27240651ns          479445 1c0094a4 1007c533 p.exths          x10, x15, x0        x10=fffffff2 x15:0000fff2
27240671ns          479446 1c0094a8 09d11023 sh               x29, 128(x2)        x29:0000003e  x2:10000cd8  PA:10000d58
27240691ns          479447 1c0094ac 0003d483 lhu              x9, 0(x7)            x9=0000ffcb  x7:1c002eb2  PA:1c002eb2
27241029ns          479464 1c0094b0 02e80eb3 mul              x29, x16, x14       x29=ffffff1f x16:fffffffd x14:0000004b
27241049ns          479465 1c0094b4 40a8d893 srai             x17, x17, 0x40a     x17=00000000 x17:00000177
27241068ns          479466 1c0094b8 03c80833 mul              x16, x16, x28       x16=fffffff1 x16:fffffffd x28:00000005
27241088ns          479467 1c0094bc 09e11823 sh               x30, 144(x2)        x30:0000fee8  x2:10000cd8  PA:10000d68
27241108ns          479468 1c0094c0 0005d983 lhu              x19, 0(x11)         x19=0000ff97 x11:1c002e92  PA:1c002e92
27241426ns          479484 1c0094c4 81c88f5b p.muls           x30, x17, x28       x30=00000000 x17:00000000 x28:00000005
27241446ns          479485 1c0094c8 0002d583 lhu              x11, 0(x5)          x11=0000ff6f  x5:1c002ea2  PA:1c002ea2
27241745ns          479500 1c0094cc 03ce0fb3 mul              x31, x28, x28       x31=00000019 x28:00000005 x28:00000005
27241765ns          479501 1c0094d0 02e50733 mul              x14, x10, x14       x14=fffffbe6 x10:fffffff2 x14:0000004b
27241784ns          479502 1c0094d4 40a85813 srai             x16, x16, 0x40a     x16=ffffffff x16:fffffff1
27241804ns          479503 1c0094d8 03c50533 mul              x10, x10, x28       x10=ffffffba x10:fffffff2 x28:00000005
27241824ns          479504 1c0094dc 07015e03 lhu              x28, 112(x2)        x28=0000009d  x2:10000cd8  PA:10000d48
27241884ns          479507 1c0094e0 01b60633 add              x12, x12, x27       x12=0000175e x12:0000004b x27:00001713
27241904ns          479508 1c0094e2 00980833 add              x16, x16, x9        x16=0000ffca x16:ffffffff  x9:0000ffcb
27241924ns          479509 1c0094e4 06015d83 lhu              x27, 96(x2)         x27=000001ad  x2:10000cd8  PA:10000d38
27241944ns          479510 1c0094e8 02812483 lw               x9, 40(x2)           x9=1c002ec2  x2:10000cd8  PA:10000d00
27241963ns          479511 1c0094ea 40afdf93 srai             x31, x31, 0x40a     x31=00000000 x31:00000019
27241983ns          479512 1c0094ee 40a55513 srai             x10, x10, 0x40a     x10=ffffffff x10:ffffffba
27242003ns          479513 1c0094f0 01cf8fb3 add              x31, x31, x28       x31=0000009d x31:00000000 x28:0000009d
27242023ns          479514 1c0094f2 00b50533 add              x10, x10, x11       x10=0000ff6e x10:ffffffff x11:0000ff6f
27242043ns          479515 1c0094f4 09015e03 lhu              x28, 144(x2)        x28=0000fee8  x2:10000cd8  PA:10000d68
27242063ns          479516 1c0094f8 03012583 lw               x11, 48(x2)         x11=1c002ed2  x2:10000cd8  PA:10000d08
27242083ns          479517 1c0094fa 00c49023 sh               x12, 0(x9)          x12:0000175e  x9:1c002ec2  PA:1c002ec2
27242401ns          479533 1c0094fe 01b888b3 add              x17, x17, x27       x17=000001ad x17:00000000 x27:000001ad
27242421ns          479534 1c009500 01a30333 add              x6, x6, x26          x6=00000569  x6:00000005 x26:00000564
27242441ns          479535 1c009502 08015d83 lhu              x27, 128(x2)        x27=0000003e  x2:10000cd8  PA:10000d58
27242461ns          479536 1c009506 0000d903 lhu              x18, 0(x1)          x18=0000fe89  x1:1c002e82  PA:1c002e82
27242759ns          479551 1c00950a 01c686b3 add              x13, x13, x28       x13=0001fee5 x13:0000fffd x28:0000fee8
27242779ns          479552 1c00950c 00659023 sh               x6, 0(x11)           x6:00000569 x11:1c002ed2  PA:1c002ed2
27243097ns          479568 1c009510 40af5f13 srai             x30, x30, 0x40a     x30=00000000 x30:00000000
27243117ns          479569 1c009514 04812e03 lw               x28, 72(x2)         x28=1c002f02  x2:10000cd8  PA:10000d20
27243137ns          479570 1c009516 01bf0f33 add              x30, x30, x27       x30=0000003e x30:00000000 x27:0000003e
27243157ns          479571 1c009518 40aede93 srai             x29, x29, 0x40a     x29=ffffffff x29:ffffff1f
27243177ns          479572 1c00951c 40a75713 srai             x14, x14, 0x40a     x14=fffffffe x14:fffffbe6
27243196ns          479573 1c00951e 03812603 lw               x12, 56(x2)         x12=1c002ee2  x2:10000cd8  PA:10000d10
27243216ns          479574 1c009520 04012d83 lw               x27, 64(x2)         x27=1c002ef2  x2:10000cd8  PA:10000d18
27243236ns          479575 1c009522 01ee1023 sh               x30, 0(x28)         x30:0000003e x28:1c002f02  PA:1c002f02
27243574ns          479592 1c009526 05812483 lw               x9, 88(x2)           x9=1c002e62  x2:10000cd8  PA:10000d30
27243594ns          479593 1c009528 05012f03 lw               x30, 80(x2)         x30=1c002e72  x2:10000cd8  PA:10000d28
27243614ns          479594 1c00952a 0a012583 lw               x11, 160(x2)        x11=1c002e92  x2:10000cd8  PA:10000d78
27243634ns          479595 1c00952c 014787b3 add              x15, x15, x20       x15=0001faae x15:0000fff2 x20:0000fabc
27243654ns          479596 1c00952e 013e8eb3 add              x29, x29, x19       x29=0000ff96 x29:ffffffff x19:0000ff97
27243674ns          479597 1c009530 01270733 add              x14, x14, x18       x14=0000fe87 x14:fffffffe x18:0000fe89
27243694ns          479598 1c009532 00f49023 sh               x15, 0(x9)          x15:0001faae  x9:1c002e62  PA:1c002e62
27244012ns          479614 1c009536 01161023 sh               x17, 0(x12)         x17:000001ad x12:1c002ee2  PA:1c002ee2
27244350ns          479631 1c00953a 01fd9023 sh               x31, 0(x27)         x31:0000009d x27:1c002ef2  PA:1c002ef2
27244688ns          479648 1c00953e 00df1023 sh               x13, 0(x30)         x13:0001fee5 x30:1c002e72  PA:1c002e72
27245026ns          479665 1c009542 01d59023 sh               x29, 0(x11)         x29:0000ff96 x11:1c002e92  PA:1c002e92
27245344ns          479681 1c009546 00e09023 sh               x14, 0(x1)          x14:0000fe87  x1:1c002e82  PA:1c002e82
27245663ns          479697 1c00954a 01039023 sh               x16, 0(x7)          x16:0000ffca  x7:1c002eb2  PA:1c002eb2
27245981ns          479713 1c00954e 00a29023 sh               x10, 0(x5)          x10:0000ff6e  x5:1c002ea2  PA:1c002ea2
27246319ns          479730 1c009552 008b0b13 addi             x22, x22, 8         x22=00000169 x22:00000161
27246339ns          479731 1c009554 1f300793 addi             x15, x0, 499        x15=000001f3
27246359ns          479732 1c009558 e767dae3 bge              x15, x22, -396      x15:000001f3 x22:00000169
27246418ns          479735 1c0093cc 010c9a0b p.lh             x20, 16(x25!)       x20=000000e6 x25=1c00296a x25:1c00295a  PA:1c00295a
27246756ns          479752 1c0093d0 0104198b p.lh             x19, 16(x8!)        x19=00000201  x8=1c002132  x8:1c002122  PA:1c002122
27247075ns          479768 1c0093d4 2cc10513 addi             x10, x2, 716        x10=10000fa4  x2:10000cd8
27247094ns          479769 1c0093d6 010a990b p.lh             x18, 16(x21!)       x18=00000130 x21=1c00195e x21:1c00194e  PA:1c00194e
27247413ns          479785 1c0093da 010b948b p.lh             x9, 16(x23!)         x9=000001bb x23=1c00118e x23:1c00117e  PA:1c00117e
27247711ns          479800 1c0093de 2d411623 sh               x20, 716(x2)        x20:000000e6  x2:10000cd8  PA:10000fa4
27247731ns          479801 1c0093e2 2d311723 sh               x19, 718(x2)        x19:00000201  x2:10000cd8  PA:10000fa6
27247751ns          479802 1c0093e6 c33ff0ef jal              x1, -974             x1=1c0093e8
27247791ns          479804 1c009018 00051803 lh               x16, 0(x10)         x16=000000e6 x10:10000fa4  PA:10000fa4
27247810ns          479805 1c00901c 00251883 lh               x17, 2(x10)         x17=00000201 x10:10000fa4  PA:10000fa6
27247830ns          479806 1c009020 030806b3 mul              x13, x16, x16       x13=0000cea4 x16:000000e6 x16:000000e6
27247850ns          479807 1c009024 03188633 mul              x12, x17, x17       x12=00040401 x17:00000201 x17:00000201
27247870ns          479808 1c009028 40a65613 srai             x12, x12, 0x40a     x12=00000101 x12:00040401
27247890ns          479809 1c00902a 40a6d693 srai             x13, x13, 0x40a     x13=00000033 x13:0000cea4
27247910ns          479810 1c00902c 00c686b3 add              x13, x13, x12       x13=00000134 x13:00000033 x12:00000101
27247930ns          479811 1c00902e 1006c633 p.exths          x12, x13, x0        x12=00000134 x13:00000134
27247950ns          479812 1c009032 00855703 lhu              x14, 8(x10)         x14=0000ffd1 x10:10000fa4  PA:10000fac
27247970ns          479813 1c009036 00a55683 lhu              x13, 10(x10)        x13=0000ff6a x10:10000fa4  PA:10000fae
27247989ns          479814 1c00903a 02c60333 mul              x6, x12, x12         x6=00017290 x12:00000134 x12:00000134
27248009ns          479815 1c00903e 00c55783 lhu              x15, 12(x10)        x15=0000ffe5 x10:10000fa4  PA:10000fb0
27248029ns          479816 1c009042 00e55583 lhu              x11, 14(x10)        x11=00000060 x10:10000fa4  PA:10000fb2
27248049ns          479817 1c009046 dea30333 p.extract        x6, x6, 15, 10       x6=0000005c  x6:00017290
27248069ns          479818 1c00904a 80c7075b p.muls           x14, x14, x12       x14=ffffc774 x14:0000ffd1 x12:00000134
27248089ns          479819 1c00904e 80c686db p.muls           x13, x13, x12       x13=ffff4b88 x13:0000ff6a x12:00000134
27248109ns          479820 1c009052 00455e83 lhu              x29, 4(x10)         x29=00000427 x10:10000fa4  PA:10000fa8
27248129ns          479821 1c009056 00655e03 lhu              x28, 6(x10)         x28=0000007f x10:10000fa4  PA:10000faa
27248149ns          479822 1c00905a 40a75713 srai             x14, x14, 0x40a     x14=fffffff1 x14:ffffc774
27248168ns          479823 1c00905c 806787db p.muls           x15, x15, x6        x15=fffff64c x15:0000ffe5  x6:0000005c
27248188ns          479824 1c009060 40a6d693 srai             x13, x13, 0x40a     x13=ffffffd2 x13:ffff4b88
27248228ns          479826 1c009062 8065865b p.muls           x12, x11, x6        x12=00002280 x11:00000060  x6:0000005c
27248248ns          479827 1c009066 40a7d793 srai             x15, x15, 0x40a     x15=fffffffd x15:fffff64c
27248268ns          479828 1c009068 40a65613 srai             x12, x12, 0x40a     x12=00000008 x12:00002280
27248288ns          479829 1c00906a 01d70733 add              x14, x14, x29       x14=00000418 x14:fffffff1 x29:00000427
27248308ns          479830 1c00906c 01c686b3 add              x13, x13, x28       x13=00000051 x13:ffffffd2 x28:0000007f
27248328ns          479831 1c00906e 00c686b3 add              x13, x13, x12       x13=00000059 x13:00000051 x12:00000008
27248347ns          479832 1c009070 00f70733 add              x14, x14, x15       x14=00000415 x14:00000418 x15:fffffffd
27248367ns          479833 1c009072 100747b3 p.exths          x15, x14, x0        x15=00000415 x14:00000415
27248387ns          479834 1c009076 1006c733 p.exths          x14, x13, x0        x14=00000059 x13:00000059
27248407ns          479835 1c00907a 03170633 mul              x12, x14, x17       x12=0000b259 x14:00000059 x17:00000201
27248427ns          479836 1c00907e 030786b3 mul              x13, x15, x16       x13=0003aade x15:00000415 x16:000000e6
27248447ns          479837 1c009082 03070733 mul              x14, x14, x16       x14=00004ff6 x14:00000059 x16:000000e6
27248467ns          479838 1c009086 031787b3 mul              x15, x15, x17       x15=00082e15 x15:00000415 x17:00000201
27248487ns          479839 1c00908a 40a6d693 srai             x13, x13, 0x40a     x13=000000ea x13:0003aade
27248507ns          479840 1c00908c 40a65613 srai             x12, x12, 0x40a     x12=0000002c x12:0000b259
27248526ns          479841 1c00908e 40a7d793 srai             x15, x15, 0x40a     x15=0000020b x15:00082e15
27248546ns          479842 1c009090 40a75713 srai             x14, x14, 0x40a     x14=00000013 x14:00004ff6
27248566ns          479843 1c009092 40c686b3 sub              x13, x13, x12       x13=000000be x13:000000ea x12:0000002c
27248586ns          479844 1c009094 00e787b3 add              x15, x15, x14       x15=0000021e x15:0000020b x14:00000013
27248606ns          479845 1c009096 00d51823 sh               x13, 16(x10)        x13:000000be x10:10000fa4  PA:10000fb4
27248626ns          479846 1c00909a 00f51923 sh               x15, 18(x10)        x15:0000021e x10:10000fa4  PA:10000fb6
27248646ns          479847 1c00909e 00008067 jalr             x0, x1, 0            x1:1c0093e8
27248686ns          479849 1c0093e8 2dc15583 lhu              x11, 732(x2)        x11=000000be  x2:10000cd8  PA:10000fb4
27248705ns          479850 1c0093ec 2de15783 lhu              x15, 734(x2)        x15=0000021e  x2:10000cd8  PA:10000fb6
27248725ns          479851 1c0093f0 40b90933 sub              x18, x18, x11       x18=00000072 x18:00000130 x11:000000be
27248745ns          479852 1c0093f4 40f484b3 sub              x9, x9, x15          x9=ffffff9d  x9:000001bb x15:0000021e
27248765ns          479853 1c0093f6 100945b3 p.exths          x11, x18, x0        x11=00000072 x18:00000072
27248785ns          479854 1c0093fa 1004c7b3 p.exths          x15, x9, x0         x15=ffffff9d  x9:ffffff9d
27248805ns          479855 1c0093fe 034586b3 mul              x13, x11, x20       x13=0000666c x11:00000072 x20:000000e6
27248825ns          479856 1c009402 03378533 mul              x10, x15, x19       x10=ffff399d x15:ffffff9d x19:00000201
27248845ns          479857 1c009406 034a0633 mul              x12, x20, x20       x12=0000cea4 x20:000000e6 x20:000000e6
27248865ns          479858 1c00940a 03398733 mul              x14, x19, x19       x14=00040401 x19:00000201 x19:00000201
27248884ns          479859 1c00940e 034787b3 mul              x15, x15, x20       x15=ffffa70e x15:ffffff9d x20:000000e6
27248904ns          479860 1c009412 033585b3 mul              x11, x11, x19       x11=0000e472 x11:00000072 x19:00000201
27248924ns          479861 1c009416 40a75713 srai             x14, x14, 0x40a     x14=00000101 x14:00040401
27248944ns          479862 1c009418 40a5d593 srai             x11, x11, 0x40a     x11=00000039 x11:0000e472
27248964ns          479863 1c00941a 40a65613 srai             x12, x12, 0x40a     x12=00000033 x12:0000cea4
27248984ns          479864 1c00941c 40a7d793 srai             x15, x15, 0x40a     x15=ffffffe9 x15:ffffa70e
27249004ns          479865 1c00941e 1c0034b7 lui              x9, 0x1c003000       x9=1c003000
27249024ns          479866 1c009422 00e60633 add              x12, x12, x14       x12=00000134 x12:00000033 x14:00000101
27249044ns          479867 1c009424 40b787b3 sub              x15, x15, x11       x15=ffffffb0 x15:ffffffe9 x11:00000039
27249063ns          479868 1c009426 eb048493 addi             x9, x9, -336         x9=1c002eb0  x9:1c003000
27249083ns          479869 1c00942a 1c0032b7 lui              x5, 0x1c003000       x5=1c003000
27249103ns          479870 1c00942e 1c0035b7 lui              x11, 0x1c003000     x11=1c003000
27249123ns          479871 1c009432 018483b3 add              x7, x9, x24          x7=1c002eb2  x9:1c002eb0 x24:00000002
27249143ns          479872 1c009436 02812e83 lw               x29, 40(x2)         x29=1c002ec2  x2:10000cd8  PA:10000d00
27249163ns          479873 1c009438 10065633 p.exthz          x12, x12, x0        x12=00000134 x12:00000134
27249183ns          479874 1c00943c e8028293 addi             x5, x5, -384         x5=1c002e80  x5:1c003000
27249223ns          479876 1c009440 ea058593 addi             x11, x11, -352      x11=1c002ea0 x11:1c003000
27249262ns          479878 1c009444 03812483 lw               x9, 56(x2)           x9=1c002ee2  x2:10000cd8  PA:10000d10
27249282ns          479879 1c009446 10064733 p.exths          x14, x12, x0        x14=00000134 x12:00000134
27249302ns          479880 1c00944a 018280b3 add              x1, x5, x24          x1=1c002e82  x5:1c002e80 x24:00000002
27249322ns          479881 1c00944e 03012f03 lw               x30, 48(x2)         x30=1c002ed2  x2:10000cd8  PA:10000d08
27249362ns          479883 1c009450 018582b3 add              x5, x11, x24         x5=1c002ea2 x11:1c002ea0 x24:00000002
27249402ns          479885 1c009454 04012583 lw               x11, 64(x2)         x11=1c002ef2  x2:10000cd8  PA:10000d18
27249421ns          479886 1c009456 000edd83 lhu              x27, 0(x29)         x27=0000175e x29:1c002ec2  PA:1c002ec2
27249720ns          479901 1c00945a 0004d483 lhu              x9, 0(x9)            x9=000001ad  x9:1c002ee2  PA:1c002ee2
27250058ns          479918 1c00945e 02e70333 mul              x6, x14, x14         x6=00017290 x14:00000134 x14:00000134
27250078ns          479919 1c009462 40a55513 srai             x10, x10, 0x40a     x10=ffffffce x10:ffff399d
27250098ns          479920 1c009464 04812e83 lw               x29, 72(x2)         x29=1c002f02  x2:10000cd8  PA:10000d20
27250117ns          479921 1c009466 40a6d693 srai             x13, x13, 0x40a     x13=00000019 x13:0000666c
27250137ns          479922 1c009468 000f5d03 lhu              x26, 0(x30)         x26=00000569 x30:1c002ed2  PA:1c002ed2
27250436ns          479937 1c00946c 0005d583 lhu              x11, 0(x11)         x11=0000009d x11:1c002ef2  PA:1c002ef2
27250734ns          479952 1c009470 40a35313 srai             x6, x6, 0x40a        x6=0000005c  x6:00017290
27250754ns          479953 1c009474 00a686b3 add              x13, x13, x10       x13=ffffffe7 x13:00000019 x10:ffffffce
27250774ns          479954 1c009476 05012f03 lw               x30, 80(x2)         x30=1c002e72  x2:10000cd8  PA:10000d28
27250794ns          479955 1c009478 10034e33 p.exths          x28, x6, x0         x28=0000005c  x6:0000005c
27250814ns          479956 1c00947c 06911023 sh               x9, 96(x2)           x9:000001ad  x2:10000cd8  PA:10000d38
27250833ns          479957 1c009480 000ede83 lhu              x29, 0(x29)         x29=0000003e x29:1c002f02  PA:1c002f02
27251132ns          479972 1c009484 05812483 lw               x9, 88(x2)           x9=1c002e62  x2:10000cd8  PA:10000d30
27251152ns          479973 1c009486 1006d6b3 p.exthz          x13, x13, x0        x13=0000ffe7 x13:ffffffe7
27251172ns          479974 1c00948a 02ee08b3 mul              x17, x28, x14       x17=00006eb0 x28:0000005c x14:00000134
27251191ns          479975 1c00948e 1006c833 p.exths          x16, x13, x0        x16=ffffffe7 x13:0000ffe7
27251211ns          479976 1c009492 06b11823 sh               x11, 112(x2)        x11:0000009d  x2:10000cd8  PA:10000d48
27251231ns          479977 1c009496 000f5f03 lhu              x30, 0(x30)         x30=0000fee5 x30:1c002e72  PA:1c002e72
27251589ns          479995 1c00949a 0a012583 lw               x11, 160(x2)        x11=1c002e92  x2:10000cd8  PA:10000d78
27251609ns          479996 1c00949c 1007d7b3 p.exthz          x15, x15, x0        x15=0000ffb0 x15:ffffffb0
27251629ns          479997 1c0094a0 0004da03 lhu              x20, 0(x9)          x20=0000faae  x9:1c002e62  PA:1c002e62
27251987ns          480015 1c0094a4 1007c533 p.exths          x10, x15, x0        x10=ffffffb0 x15:0000ffb0
27252007ns          480016 1c0094a8 09d11023 sh               x29, 128(x2)        x29:0000003e  x2:10000cd8  PA:10000d58
27252027ns          480017 1c0094ac 0003d483 lhu              x9, 0(x7)            x9=0000ffca  x7:1c002eb2  PA:1c002eb2
27252405ns          480036 1c0094b0 02e80eb3 mul              x29, x16, x14       x29=ffffe1ec x16:ffffffe7 x14:00000134
27252424ns          480037 1c0094b4 40a8d893 srai             x17, x17, 0x40a     x17=0000001b x17:00006eb0
27252444ns          480038 1c0094b8 03c80833 mul              x16, x16, x28       x16=fffff704 x16:ffffffe7 x28:0000005c
27252464ns          480039 1c0094bc 09e11823 sh               x30, 144(x2)        x30:0000fee5  x2:10000cd8  PA:10000d68
27252484ns          480040 1c0094c0 0005d983 lhu              x19, 0(x11)         x19=0000ff96 x11:1c002e92  PA:1c002e92
27252862ns          480059 1c0094c4 81c88f5b p.muls           x30, x17, x28       x30=000009b4 x17:0000001b x28:0000005c
27252882ns          480060 1c0094c8 0002d583 lhu              x11, 0(x5)          x11=0000ff6e  x5:1c002ea2  PA:1c002ea2
27253180ns          480075 1c0094cc 03ce0fb3 mul              x31, x28, x28       x31=00002110 x28:0000005c x28:0000005c
27253200ns          480076 1c0094d0 02e50733 mul              x14, x10, x14       x14=ffff9fc0 x10:ffffffb0 x14:00000134
27253220ns          480077 1c0094d4 40a85813 srai             x16, x16, 0x40a     x16=fffffffd x16:fffff704
27253240ns          480078 1c0094d8 03c50533 mul              x10, x10, x28       x10=ffffe340 x10:ffffffb0 x28:0000005c
27253260ns          480079 1c0094dc 07015e03 lhu              x28, 112(x2)        x28=0000009d  x2:10000cd8  PA:10000d48
27253280ns          480080 1c0094e0 01b60633 add              x12, x12, x27       x12=00001892 x12:00000134 x27:0000175e
27253300ns          480081 1c0094e2 00980833 add              x16, x16, x9        x16=0000ffc7 x16:fffffffd  x9:0000ffca
27253319ns          480082 1c0094e4 06015d83 lhu              x27, 96(x2)         x27=000001ad  x2:10000cd8  PA:10000d38
27253339ns          480083 1c0094e8 02812483 lw               x9, 40(x2)           x9=1c002ec2  x2:10000cd8  PA:10000d00
27253359ns          480084 1c0094ea 40afdf93 srai             x31, x31, 0x40a     x31=00000008 x31:00002110
27253379ns          480085 1c0094ee 40a55513 srai             x10, x10, 0x40a     x10=fffffff8 x10:ffffe340
27253399ns          480086 1c0094f0 01cf8fb3 add              x31, x31, x28       x31=000000a5 x31:00000008 x28:0000009d
27253419ns          480087 1c0094f2 00b50533 add              x10, x10, x11       x10=0000ff66 x10:fffffff8 x11:0000ff6e
27253439ns          480088 1c0094f4 09015e03 lhu              x28, 144(x2)        x28=0000fee5  x2:10000cd8  PA:10000d68
27253459ns          480089 1c0094f8 03012583 lw               x11, 48(x2)         x11=1c002ed2  x2:10000cd8  PA:10000d08
27253479ns          480090 1c0094fa 00c49023 sh               x12, 0(x9)          x12:00001892  x9:1c002ec2  PA:1c002ec2
27253797ns          480106 1c0094fe 01b888b3 add              x17, x17, x27       x17=000001c8 x17:0000001b x27:000001ad
27253817ns          480107 1c009500 01a30333 add              x6, x6, x26          x6=000005c5  x6:0000005c x26:00000569
27253837ns          480108 1c009502 08015d83 lhu              x27, 128(x2)        x27=0000003e  x2:10000cd8  PA:10000d58
27253856ns          480109 1c009506 0000d903 lhu              x18, 0(x1)          x18=0000fe87  x1:1c002e82  PA:1c002e82
27254175ns          480125 1c00950a 01c686b3 add              x13, x13, x28       x13=0001fecc x13:0000ffe7 x28:0000fee5
27254195ns          480126 1c00950c 00659023 sh               x6, 0(x11)           x6:000005c5 x11:1c002ed2  PA:1c002ed2
27254513ns          480142 1c009510 40af5f13 srai             x30, x30, 0x40a     x30=00000002 x30:000009b4
27254533ns          480143 1c009514 04812e03 lw               x28, 72(x2)         x28=1c002f02  x2:10000cd8  PA:10000d20
27254552ns          480144 1c009516 01bf0f33 add              x30, x30, x27       x30=00000040 x30:00000002 x27:0000003e
27254572ns          480145 1c009518 40aede93 srai             x29, x29, 0x40a     x29=fffffff8 x29:ffffe1ec
27254592ns          480146 1c00951c 40a75713 srai             x14, x14, 0x40a     x14=ffffffe7 x14:ffff9fc0
27254612ns          480147 1c00951e 03812603 lw               x12, 56(x2)         x12=1c002ee2  x2:10000cd8  PA:10000d10
27254632ns          480148 1c009520 04012d83 lw               x27, 64(x2)         x27=1c002ef2  x2:10000cd8  PA:10000d18
27254652ns          480149 1c009522 01ee1023 sh               x30, 0(x28)         x30:00000040 x28:1c002f02  PA:1c002f02
27255030ns          480168 1c009526 05812483 lw               x9, 88(x2)           x9=1c002e62  x2:10000cd8  PA:10000d30
27255050ns          480169 1c009528 05012f03 lw               x30, 80(x2)         x30=1c002e72  x2:10000cd8  PA:10000d28
27255070ns          480170 1c00952a 0a012583 lw               x11, 160(x2)        x11=1c002e92  x2:10000cd8  PA:10000d78
27255089ns          480171 1c00952c 014787b3 add              x15, x15, x20       x15=0001fa5e x15:0000ffb0 x20:0000faae
27255109ns          480172 1c00952e 013e8eb3 add              x29, x29, x19       x29=0000ff8e x29:fffffff8 x19:0000ff96
27255129ns          480173 1c009530 01270733 add              x14, x14, x18       x14=0000fe6e x14:ffffffe7 x18:0000fe87
27255149ns          480174 1c009532 00f49023 sh               x15, 0(x9)          x15:0001fa5e  x9:1c002e62  PA:1c002e62
27255487ns          480191 1c009536 01161023 sh               x17, 0(x12)         x17:000001c8 x12:1c002ee2  PA:1c002ee2
27255805ns          480207 1c00953a 01fd9023 sh               x31, 0(x27)         x31:000000a5 x27:1c002ef2  PA:1c002ef2
27256124ns          480223 1c00953e 00df1023 sh               x13, 0(x30)         x13:0001fecc x30:1c002e72  PA:1c002e72
27256442ns          480239 1c009542 01d59023 sh               x29, 0(x11)         x29:0000ff8e x11:1c002e92  PA:1c002e92
27256780ns          480256 1c009546 00e09023 sh               x14, 0(x1)          x14:0000fe6e  x1:1c002e82  PA:1c002e82
27257098ns          480272 1c00954a 01039023 sh               x16, 0(x7)          x16:0000ffc7  x7:1c002eb2  PA:1c002eb2
27257416ns          480288 1c00954e 00a29023 sh               x10, 0(x5)          x10:0000ff66  x5:1c002ea2  PA:1c002ea2
27257735ns          480304 1c009552 008b0b13 addi             x22, x22, 8         x22=00000171 x22:00000169
27257754ns          480305 1c009554 1f300793 addi             x15, x0, 499        x15=000001f3
27257774ns          480306 1c009558 e767dae3 bge              x15, x22, -396      x15:000001f3 x22:00000171
27257874ns          480311 1c0093cc 010c9a0b p.lh             x20, 16(x25!)       x20=ffffffa8 x25=1c00297a x25:1c00296a  PA:1c00296a
27258272ns          480331 1c0093d0 0104198b p.lh             x19, 16(x8!)        x19=fffffef0  x8=1c002142  x8:1c002132  PA:1c002132
27258590ns          480347 1c0093d4 2cc10513 addi             x10, x2, 716        x10=10000fa4  x2:10000cd8
27258610ns          480348 1c0093d6 010a990b p.lh             x18, 16(x21!)       x18=ffffff98 x21=1c00196e x21:1c00195e  PA:1c00195e
27258908ns          480363 1c0093da 010b948b p.lh             x9, 16(x23!)         x9=fffffef4 x23=1c00119e x23:1c00118e  PA:1c00118e
27259246ns          480380 1c0093de 2d411623 sh               x20, 716(x2)        x20:ffffffa8  x2:10000cd8  PA:10000fa4
27259266ns          480381 1c0093e2 2d311723 sh               x19, 718(x2)        x19:fffffef0  x2:10000cd8  PA:10000fa6
27259286ns          480382 1c0093e6 c33ff0ef jal              x1, -974             x1=1c0093e8
27259326ns          480384 1c009018 00051803 lh               x16, 0(x10)         x16=ffffffa8 x10:10000fa4  PA:10000fa4
27259346ns          480385 1c00901c 00251883 lh               x17, 2(x10)         x17=fffffef0 x10:10000fa4  PA:10000fa6
27259385ns          480387 1c009020 030806b3 mul              x13, x16, x16       x13=00001e40 x16:ffffffa8 x16:ffffffa8
27259405ns          480388 1c009024 03188633 mul              x12, x17, x17       x12=00012100 x17:fffffef0 x17:fffffef0
27259425ns          480389 1c009028 40a65613 srai             x12, x12, 0x40a     x12=00000048 x12:00012100
27259445ns          480390 1c00902a 40a6d693 srai             x13, x13, 0x40a     x13=00000007 x13:00001e40
27259465ns          480391 1c00902c 00c686b3 add              x13, x13, x12       x13=0000004f x13:00000007 x12:00000048
27259485ns          480392 1c00902e 1006c633 p.exths          x12, x13, x0        x12=0000004f x13:0000004f
27259505ns          480393 1c009032 00855703 lhu              x14, 8(x10)         x14=0000ffd1 x10:10000fa4  PA:10000fac
27259524ns          480394 1c009036 00a55683 lhu              x13, 10(x10)        x13=0000ff6a x10:10000fa4  PA:10000fae
27259544ns          480395 1c00903a 02c60333 mul              x6, x12, x12         x6=00001861 x12:0000004f x12:0000004f
27259564ns          480396 1c00903e 00c55783 lhu              x15, 12(x10)        x15=0000ffe5 x10:10000fa4  PA:10000fb0
27259584ns          480397 1c009042 00e55583 lhu              x11, 14(x10)        x11=00000060 x10:10000fa4  PA:10000fb2
27259604ns          480398 1c009046 dea30333 p.extract        x6, x6, 15, 10       x6=00000006  x6:00001861
27259624ns          480399 1c00904a 80c7075b p.muls           x14, x14, x12       x14=fffff17f x14:0000ffd1 x12:0000004f
27259644ns          480400 1c00904e 80c686db p.muls           x13, x13, x12       x13=ffffd1b6 x13:0000ff6a x12:0000004f
27259664ns          480401 1c009052 00455e83 lhu              x29, 4(x10)         x29=00000427 x10:10000fa4  PA:10000fa8
27259684ns          480402 1c009056 00655e03 lhu              x28, 6(x10)         x28=0000007f x10:10000fa4  PA:10000faa
27259703ns          480403 1c00905a 40a75713 srai             x14, x14, 0x40a     x14=fffffffc x14:fffff17f
27259723ns          480404 1c00905c 806787db p.muls           x15, x15, x6        x15=ffffff5e x15:0000ffe5  x6:00000006
27259743ns          480405 1c009060 40a6d693 srai             x13, x13, 0x40a     x13=fffffff4 x13:ffffd1b6
27259763ns          480406 1c009062 8065865b p.muls           x12, x11, x6        x12=00000240 x11:00000060  x6:00000006
27259783ns          480407 1c009066 40a7d793 srai             x15, x15, 0x40a     x15=ffffffff x15:ffffff5e
27259803ns          480408 1c009068 40a65613 srai             x12, x12, 0x40a     x12=00000000 x12:00000240
27259823ns          480409 1c00906a 01d70733 add              x14, x14, x29       x14=00000423 x14:fffffffc x29:00000427
27259843ns          480410 1c00906c 01c686b3 add              x13, x13, x28       x13=00000073 x13:fffffff4 x28:0000007f
27259863ns          480411 1c00906e 00c686b3 add              x13, x13, x12       x13=00000073 x13:00000073 x12:00000000
27259882ns          480412 1c009070 00f70733 add              x14, x14, x15       x14=00000422 x14:00000423 x15:ffffffff
27259902ns          480413 1c009072 100747b3 p.exths          x15, x14, x0        x15=00000422 x14:00000422
27259922ns          480414 1c009076 1006c733 p.exths          x14, x13, x0        x14=00000073 x13:00000073
27259942ns          480415 1c00907a 03170633 mul              x12, x14, x17       x12=ffff85d0 x14:00000073 x17:fffffef0
27259962ns          480416 1c00907e 030786b3 mul              x13, x15, x16       x13=fffe9450 x15:00000422 x16:ffffffa8
27259982ns          480417 1c009082 03070733 mul              x14, x14, x16       x14=ffffd878 x14:00000073 x16:ffffffa8
27260002ns          480418 1c009086 031787b3 mul              x15, x15, x17       x15=fffb9be0 x15:00000422 x17:fffffef0
27260022ns          480419 1c00908a 40a6d693 srai             x13, x13, 0x40a     x13=ffffffa5 x13:fffe9450
27260042ns          480420 1c00908c 40a65613 srai             x12, x12, 0x40a     x12=ffffffe1 x12:ffff85d0
27260061ns          480421 1c00908e 40a7d793 srai             x15, x15, 0x40a     x15=fffffee6 x15:fffb9be0
27260081ns          480422 1c009090 40a75713 srai             x14, x14, 0x40a     x14=fffffff6 x14:ffffd878
27260101ns          480423 1c009092 40c686b3 sub              x13, x13, x12       x13=ffffffc4 x13:ffffffa5 x12:ffffffe1
27260121ns          480424 1c009094 00e787b3 add              x15, x15, x14       x15=fffffedc x15:fffffee6 x14:fffffff6
27260141ns          480425 1c009096 00d51823 sh               x13, 16(x10)        x13:ffffffc4 x10:10000fa4  PA:10000fb4
27260161ns          480426 1c00909a 00f51923 sh               x15, 18(x10)        x15:fffffedc x10:10000fa4  PA:10000fb6
27260181ns          480427 1c00909e 00008067 jalr             x0, x1, 0            x1:1c0093e8
27260240ns          480430 1c0093e8 2dc15583 lhu              x11, 732(x2)        x11=0000ffc4  x2:10000cd8  PA:10000fb4
27260280ns          480432 1c0093ec 2de15783 lhu              x15, 734(x2)        x15=0000fedc  x2:10000cd8  PA:10000fb6
27260300ns          480433 1c0093f0 40b90933 sub              x18, x18, x11       x18=fffeffd4 x18:ffffff98 x11:0000ffc4
27260320ns          480434 1c0093f4 40f484b3 sub              x9, x9, x15          x9=ffff0018  x9:fffffef4 x15:0000fedc
27260340ns          480435 1c0093f6 100945b3 p.exths          x11, x18, x0        x11=ffffffd4 x18:fffeffd4
27260360ns          480436 1c0093fa 1004c7b3 p.exths          x15, x9, x0         x15=00000018  x9:ffff0018
27260380ns          480437 1c0093fe 034586b3 mul              x13, x11, x20       x13=00000f20 x11:ffffffd4 x20:ffffffa8
27260400ns          480438 1c009402 03378533 mul              x10, x15, x19       x10=ffffe680 x15:00000018 x19:fffffef0
27260419ns          480439 1c009406 034a0633 mul              x12, x20, x20       x12=00001e40 x20:ffffffa8 x20:ffffffa8
27260439ns          480440 1c00940a 03398733 mul              x14, x19, x19       x14=00012100 x19:fffffef0 x19:fffffef0
27260459ns          480441 1c00940e 034787b3 mul              x15, x15, x20       x15=fffff7c0 x15:00000018 x20:ffffffa8
27260479ns          480442 1c009412 033585b3 mul              x11, x11, x19       x11=00002ec0 x11:ffffffd4 x19:fffffef0
27260499ns          480443 1c009416 40a75713 srai             x14, x14, 0x40a     x14=00000048 x14:00012100
27260519ns          480444 1c009418 40a5d593 srai             x11, x11, 0x40a     x11=0000000b x11:00002ec0
27260539ns          480445 1c00941a 40a65613 srai             x12, x12, 0x40a     x12=00000007 x12:00001e40
27260559ns          480446 1c00941c 40a7d793 srai             x15, x15, 0x40a     x15=fffffffd x15:fffff7c0
27260579ns          480447 1c00941e 1c0034b7 lui              x9, 0x1c003000       x9=1c003000
27260598ns          480448 1c009422 00e60633 add              x12, x12, x14       x12=0000004f x12:00000007 x14:00000048
27260618ns          480449 1c009424 40b787b3 sub              x15, x15, x11       x15=fffffff2 x15:fffffffd x11:0000000b
27260638ns          480450 1c009426 eb048493 addi             x9, x9, -336         x9=1c002eb0  x9:1c003000
27260658ns          480451 1c00942a 1c0032b7 lui              x5, 0x1c003000       x5=1c003000
27260678ns          480452 1c00942e 1c0035b7 lui              x11, 0x1c003000     x11=1c003000
27260698ns          480453 1c009432 018483b3 add              x7, x9, x24          x7=1c002eb2  x9:1c002eb0 x24:00000002
27260718ns          480454 1c009436 02812e83 lw               x29, 40(x2)         x29=1c002ec2  x2:10000cd8  PA:10000d00
27260738ns          480455 1c009438 10065633 p.exthz          x12, x12, x0        x12=0000004f x12:0000004f
27260758ns          480456 1c00943c e8028293 addi             x5, x5, -384         x5=1c002e80  x5:1c003000
27260777ns          480457 1c009440 ea058593 addi             x11, x11, -352      x11=1c002ea0 x11:1c003000
27260797ns          480458 1c009444 03812483 lw               x9, 56(x2)           x9=1c002ee2  x2:10000cd8  PA:10000d10
27260817ns          480459 1c009446 10064733 p.exths          x14, x12, x0        x14=0000004f x12:0000004f
27260837ns          480460 1c00944a 018280b3 add              x1, x5, x24          x1=1c002e82  x5:1c002e80 x24:00000002
27260857ns          480461 1c00944e 03012f03 lw               x30, 48(x2)         x30=1c002ed2  x2:10000cd8  PA:10000d08
27260877ns          480462 1c009450 018582b3 add              x5, x11, x24         x5=1c002ea2 x11:1c002ea0 x24:00000002
27260897ns          480463 1c009454 04012583 lw               x11, 64(x2)         x11=1c002ef2  x2:10000cd8  PA:10000d18
27260917ns          480464 1c009456 000edd83 lhu              x27, 0(x29)         x27=00001892 x29:1c002ec2  PA:1c002ec2
27261235ns          480480 1c00945a 0004d483 lhu              x9, 0(x9)            x9=000001c8  x9:1c002ee2  PA:1c002ee2
27261553ns          480496 1c00945e 02e70333 mul              x6, x14, x14         x6=00001861 x14:0000004f x14:0000004f
27261573ns          480497 1c009462 40a55513 srai             x10, x10, 0x40a     x10=fffffff9 x10:ffffe680
27261593ns          480498 1c009464 04812e83 lw               x29, 72(x2)         x29=1c002f02  x2:10000cd8  PA:10000d20
27261613ns          480499 1c009466 40a6d693 srai             x13, x13, 0x40a     x13=00000003 x13:00000f20
27261633ns          480500 1c009468 000f5d03 lhu              x26, 0(x30)         x26=000005c5 x30:1c002ed2  PA:1c002ed2
27261931ns          480515 1c00946c 0005d583 lhu              x11, 0(x11)         x11=000000a5 x11:1c002ef2  PA:1c002ef2
27262229ns          480530 1c009470 40a35313 srai             x6, x6, 0x40a        x6=00000006  x6:00001861
27262249ns          480531 1c009474 00a686b3 add              x13, x13, x10       x13=fffffffc x13:00000003 x10:fffffff9
27262269ns          480532 1c009476 05012f03 lw               x30, 80(x2)         x30=1c002e72  x2:10000cd8  PA:10000d28
27262289ns          480533 1c009478 10034e33 p.exths          x28, x6, x0         x28=00000006  x6:00000006
27262309ns          480534 1c00947c 06911023 sh               x9, 96(x2)           x9:000001c8  x2:10000cd8  PA:10000d38
27262329ns          480535 1c009480 000ede83 lhu              x29, 0(x29)         x29=00000040 x29:1c002f02  PA:1c002f02
27262667ns          480552 1c009484 05812483 lw               x9, 88(x2)           x9=1c002e62  x2:10000cd8  PA:10000d30
27262687ns          480553 1c009486 1006d6b3 p.exthz          x13, x13, x0        x13=0000fffc x13:fffffffc
27262707ns          480554 1c00948a 02ee08b3 mul              x17, x28, x14       x17=000001da x28:00000006 x14:0000004f
27262726ns          480555 1c00948e 1006c833 p.exths          x16, x13, x0        x16=fffffffc x13:0000fffc
27262746ns          480556 1c009492 06b11823 sh               x11, 112(x2)        x11:000000a5  x2:10000cd8  PA:10000d48
27262766ns          480557 1c009496 000f5f03 lhu              x30, 0(x30)         x30=0000fecc x30:1c002e72  PA:1c002e72
27263065ns          480572 1c00949a 0a012583 lw               x11, 160(x2)        x11=1c002e92  x2:10000cd8  PA:10000d78
27263084ns          480573 1c00949c 1007d7b3 p.exthz          x15, x15, x0        x15=0000fff2 x15:fffffff2
27263104ns          480574 1c0094a0 0004da03 lhu              x20, 0(x9)          x20=0000fa5e  x9:1c002e62  PA:1c002e62
27263423ns          480590 1c0094a4 1007c533 p.exths          x10, x15, x0        x10=fffffff2 x15:0000fff2
27263442ns          480591 1c0094a8 09d11023 sh               x29, 128(x2)        x29:00000040  x2:10000cd8  PA:10000d58
27263462ns          480592 1c0094ac 0003d483 lhu              x9, 0(x7)            x9=0000ffc7  x7:1c002eb2  PA:1c002eb2
27263781ns          480608 1c0094b0 02e80eb3 mul              x29, x16, x14       x29=fffffec4 x16:fffffffc x14:0000004f
27263800ns          480609 1c0094b4 40a8d893 srai             x17, x17, 0x40a     x17=00000000 x17:000001da
27263820ns          480610 1c0094b8 03c80833 mul              x16, x16, x28       x16=ffffffe8 x16:fffffffc x28:00000006
27263840ns          480611 1c0094bc 09e11823 sh               x30, 144(x2)        x30:0000fecc  x2:10000cd8  PA:10000d68
27263860ns          480612 1c0094c0 0005d983 lhu              x19, 0(x11)         x19=0000ff8e x11:1c002e92  PA:1c002e92
27264238ns          480631 1c0094c4 81c88f5b p.muls           x30, x17, x28       x30=00000000 x17:00000000 x28:00000006
27264258ns          480632 1c0094c8 0002d583 lhu              x11, 0(x5)          x11=0000ff66  x5:1c002ea2  PA:1c002ea2
27264576ns          480648 1c0094cc 03ce0fb3 mul              x31, x28, x28       x31=00000024 x28:00000006 x28:00000006
27264596ns          480649 1c0094d0 02e50733 mul              x14, x10, x14       x14=fffffbae x10:fffffff2 x14:0000004f
27264616ns          480650 1c0094d4 40a85813 srai             x16, x16, 0x40a     x16=ffffffff x16:ffffffe8
27264636ns          480651 1c0094d8 03c50533 mul              x10, x10, x28       x10=ffffffac x10:fffffff2 x28:00000006
27264656ns          480652 1c0094dc 07015e03 lhu              x28, 112(x2)        x28=000000a5  x2:10000cd8  PA:10000d48
27264675ns          480653 1c0094e0 01b60633 add              x12, x12, x27       x12=000018e1 x12:0000004f x27:00001892
27264695ns          480654 1c0094e2 00980833 add              x16, x16, x9        x16=0000ffc6 x16:ffffffff  x9:0000ffc7
27264715ns          480655 1c0094e4 06015d83 lhu              x27, 96(x2)         x27=000001c8  x2:10000cd8  PA:10000d38
27264735ns          480656 1c0094e8 02812483 lw               x9, 40(x2)           x9=1c002ec2  x2:10000cd8  PA:10000d00
27264755ns          480657 1c0094ea 40afdf93 srai             x31, x31, 0x40a     x31=00000000 x31:00000024
27264775ns          480658 1c0094ee 40a55513 srai             x10, x10, 0x40a     x10=ffffffff x10:ffffffac
27264795ns          480659 1c0094f0 01cf8fb3 add              x31, x31, x28       x31=000000a5 x31:00000000 x28:000000a5
27264815ns          480660 1c0094f2 00b50533 add              x10, x10, x11       x10=0000ff65 x10:ffffffff x11:0000ff66
27264835ns          480661 1c0094f4 09015e03 lhu              x28, 144(x2)        x28=0000fecc  x2:10000cd8  PA:10000d68
27264854ns          480662 1c0094f8 03012583 lw               x11, 48(x2)         x11=1c002ed2  x2:10000cd8  PA:10000d08
27264874ns          480663 1c0094fa 00c49023 sh               x12, 0(x9)          x12:000018e1  x9:1c002ec2  PA:1c002ec2
27265212ns          480680 1c0094fe 01b888b3 add              x17, x17, x27       x17=000001c8 x17:00000000 x27:000001c8
27265232ns          480681 1c009500 01a30333 add              x6, x6, x26          x6=000005cb  x6:00000006 x26:000005c5
27265252ns          480682 1c009502 08015d83 lhu              x27, 128(x2)        x27=00000040  x2:10000cd8  PA:10000d58
27265272ns          480683 1c009506 0000d903 lhu              x18, 0(x1)          x18=0000fe6e  x1:1c002e82  PA:1c002e82
27265590ns          480699 1c00950a 01c686b3 add              x13, x13, x28       x13=0001fec8 x13:0000fffc x28:0000fecc
27265610ns          480700 1c00950c 00659023 sh               x6, 0(x11)           x6:000005cb x11:1c002ed2  PA:1c002ed2
27265928ns          480716 1c009510 40af5f13 srai             x30, x30, 0x40a     x30=00000000 x30:00000000
27265948ns          480717 1c009514 04812e03 lw               x28, 72(x2)         x28=1c002f02  x2:10000cd8  PA:10000d20
27265968ns          480718 1c009516 01bf0f33 add              x30, x30, x27       x30=00000040 x30:00000000 x27:00000040
27265988ns          480719 1c009518 40aede93 srai             x29, x29, 0x40a     x29=ffffffff x29:fffffec4
27266008ns          480720 1c00951c 40a75713 srai             x14, x14, 0x40a     x14=fffffffe x14:fffffbae
27266028ns          480721 1c00951e 03812603 lw               x12, 56(x2)         x12=1c002ee2  x2:10000cd8  PA:10000d10
27266048ns          480722 1c009520 04012d83 lw               x27, 64(x2)         x27=1c002ef2  x2:10000cd8  PA:10000d18
27266068ns          480723 1c009522 01ee1023 sh               x30, 0(x28)         x30:00000040 x28:1c002f02  PA:1c002f02
27266386ns          480739 1c009526 05812483 lw               x9, 88(x2)           x9=1c002e62  x2:10000cd8  PA:10000d30
27266406ns          480740 1c009528 05012f03 lw               x30, 80(x2)         x30=1c002e72  x2:10000cd8  PA:10000d28
27266426ns          480741 1c00952a 0a012583 lw               x11, 160(x2)        x11=1c002e92  x2:10000cd8  PA:10000d78
27266446ns          480742 1c00952c 014787b3 add              x15, x15, x20       x15=0001fa50 x15:0000fff2 x20:0000fa5e
27266465ns          480743 1c00952e 013e8eb3 add              x29, x29, x19       x29=0000ff8d x29:ffffffff x19:0000ff8e
27266485ns          480744 1c009530 01270733 add              x14, x14, x18       x14=0000fe6c x14:fffffffe x18:0000fe6e
27266505ns          480745 1c009532 00f49023 sh               x15, 0(x9)          x15:0001fa50  x9:1c002e62  PA:1c002e62
27266863ns          480763 1c009536 01161023 sh               x17, 0(x12)         x17:000001c8 x12:1c002ee2  PA:1c002ee2
27267181ns          480779 1c00953a 01fd9023 sh               x31, 0(x27)         x31:000000a5 x27:1c002ef2  PA:1c002ef2
27267500ns          480795 1c00953e 00df1023 sh               x13, 0(x30)         x13:0001fec8 x30:1c002e72  PA:1c002e72
27267818ns          480811 1c009542 01d59023 sh               x29, 0(x11)         x29:0000ff8d x11:1c002e92  PA:1c002e92
27268136ns          480827 1c009546 00e09023 sh               x14, 0(x1)          x14:0000fe6c  x1:1c002e82  PA:1c002e82
27268454ns          480843 1c00954a 01039023 sh               x16, 0(x7)          x16:0000ffc6  x7:1c002eb2  PA:1c002eb2
27268792ns          480860 1c00954e 00a29023 sh               x10, 0(x5)          x10:0000ff65  x5:1c002ea2  PA:1c002ea2
27269111ns          480876 1c009552 008b0b13 addi             x22, x22, 8         x22=00000179 x22:00000171
27269130ns          480877 1c009554 1f300793 addi             x15, x0, 499        x15=000001f3
27269150ns          480878 1c009558 e767dae3 bge              x15, x22, -396      x15:000001f3 x22:00000179
27269210ns          480881 1c0093cc 010c9a0b p.lh             x20, 16(x25!)       x20=0000004f x25=1c00298a x25:1c00297a  PA:1c00297a
27269508ns          480896 1c0093d0 0104198b p.lh             x19, 16(x8!)        x19=fffffe9e  x8=1c002152  x8:1c002142  PA:1c002142
27269826ns          480912 1c0093d4 2cc10513 addi             x10, x2, 716        x10=10000fa4  x2:10000cd8
27269846ns          480913 1c0093d6 010a990b p.lh             x18, 16(x21!)       x18=00000033 x21=1c00197e x21:1c00196e  PA:1c00196e
27270165ns          480929 1c0093da 010b948b p.lh             x9, 16(x23!)         x9=fffffe88 x23=1c0011ae x23:1c00119e  PA:1c00119e
27270483ns          480945 1c0093de 2d411623 sh               x20, 716(x2)        x20:0000004f  x2:10000cd8  PA:10000fa4
27270523ns          480947 1c0093e2 2d311723 sh               x19, 718(x2)        x19:fffffe9e  x2:10000cd8  PA:10000fa6
27270562ns          480949 1c0093e6 c33ff0ef jal              x1, -974             x1=1c0093e8
27270582ns          480950 1c009018 00051803 lh               x16, 0(x10)         x16=0000004f x10:10000fa4  PA:10000fa4
27270602ns          480951 1c00901c 00251883 lh               x17, 2(x10)         x17=fffffe9e x10:10000fa4  PA:10000fa6
27270622ns          480952 1c009020 030806b3 mul              x13, x16, x16       x13=00001861 x16:0000004f x16:0000004f
27270642ns          480953 1c009024 03188633 mul              x12, x17, x17       x12=0001e984 x17:fffffe9e x17:fffffe9e
27270662ns          480954 1c009028 40a65613 srai             x12, x12, 0x40a     x12=0000007a x12:0001e984
27270682ns          480955 1c00902a 40a6d693 srai             x13, x13, 0x40a     x13=00000006 x13:00001861
27270702ns          480956 1c00902c 00c686b3 add              x13, x13, x12       x13=00000080 x13:00000006 x12:0000007a
27270721ns          480957 1c00902e 1006c633 p.exths          x12, x13, x0        x12=00000080 x13:00000080
27270741ns          480958 1c009032 00855703 lhu              x14, 8(x10)         x14=0000ffd1 x10:10000fa4  PA:10000fac
27270761ns          480959 1c009036 00a55683 lhu              x13, 10(x10)        x13=0000ff6a x10:10000fa4  PA:10000fae
27270781ns          480960 1c00903a 02c60333 mul              x6, x12, x12         x6=00004000 x12:00000080 x12:00000080
27270801ns          480961 1c00903e 00c55783 lhu              x15, 12(x10)        x15=0000ffe5 x10:10000fa4  PA:10000fb0
27270821ns          480962 1c009042 00e55583 lhu              x11, 14(x10)        x11=00000060 x10:10000fa4  PA:10000fb2
27270841ns          480963 1c009046 dea30333 p.extract        x6, x6, 15, 10       x6=00000010  x6:00004000
27270861ns          480964 1c00904a 80c7075b p.muls           x14, x14, x12       x14=ffffe880 x14:0000ffd1 x12:00000080
27270900ns          480966 1c00904e 80c686db p.muls           x13, x13, x12       x13=ffffb500 x13:0000ff6a x12:00000080
27270940ns          480968 1c009052 00455e83 lhu              x29, 4(x10)         x29=00000427 x10:10000fa4  PA:10000fa8
27270960ns          480969 1c009056 00655e03 lhu              x28, 6(x10)         x28=0000007f x10:10000fa4  PA:10000faa
27270980ns          480970 1c00905a 40a75713 srai             x14, x14, 0x40a     x14=fffffffa x14:ffffe880
27271000ns          480971 1c00905c 806787db p.muls           x15, x15, x6        x15=fffffe50 x15:0000ffe5  x6:00000010
27271040ns          480973 1c009060 40a6d693 srai             x13, x13, 0x40a     x13=ffffffed x13:ffffb500
27271079ns          480975 1c009062 8065865b p.muls           x12, x11, x6        x12=00000600 x11:00000060  x6:00000010
27271099ns          480976 1c009066 40a7d793 srai             x15, x15, 0x40a     x15=ffffffff x15:fffffe50
27271119ns          480977 1c009068 40a65613 srai             x12, x12, 0x40a     x12=00000001 x12:00000600
27271139ns          480978 1c00906a 01d70733 add              x14, x14, x29       x14=00000421 x14:fffffffa x29:00000427
27271159ns          480979 1c00906c 01c686b3 add              x13, x13, x28       x13=0000006c x13:ffffffed x28:0000007f
27271179ns          480980 1c00906e 00c686b3 add              x13, x13, x12       x13=0000006d x13:0000006c x12:00000001
27271199ns          480981 1c009070 00f70733 add              x14, x14, x15       x14=00000420 x14:00000421 x15:ffffffff
27271219ns          480982 1c009072 100747b3 p.exths          x15, x14, x0        x15=00000420 x14:00000420
27271239ns          480983 1c009076 1006c733 p.exths          x14, x13, x0        x14=0000006d x13:0000006d
27271258ns          480984 1c00907a 03170633 mul              x12, x14, x17       x12=ffff6946 x14:0000006d x17:fffffe9e
27271278ns          480985 1c00907e 030786b3 mul              x13, x15, x16       x13=000145e0 x15:00000420 x16:0000004f
27271298ns          480986 1c009082 03070733 mul              x14, x14, x16       x14=000021a3 x14:0000006d x16:0000004f
27271318ns          480987 1c009086 031787b3 mul              x15, x15, x17       x15=fffa4bc0 x15:00000420 x17:fffffe9e
27271338ns          480988 1c00908a 40a6d693 srai             x13, x13, 0x40a     x13=00000051 x13:000145e0
27271358ns          480989 1c00908c 40a65613 srai             x12, x12, 0x40a     x12=ffffffda x12:ffff6946
27271378ns          480990 1c00908e 40a7d793 srai             x15, x15, 0x40a     x15=fffffe92 x15:fffa4bc0
27271398ns          480991 1c009090 40a75713 srai             x14, x14, 0x40a     x14=00000008 x14:000021a3
27271418ns          480992 1c009092 40c686b3 sub              x13, x13, x12       x13=00000077 x13:00000051 x12:ffffffda
27271437ns          480993 1c009094 00e787b3 add              x15, x15, x14       x15=fffffe9a x15:fffffe92 x14:00000008
27271457ns          480994 1c009096 00d51823 sh               x13, 16(x10)        x13:00000077 x10:10000fa4  PA:10000fb4
27271477ns          480995 1c00909a 00f51923 sh               x15, 18(x10)        x15:fffffe9a x10:10000fa4  PA:10000fb6
27271497ns          480996 1c00909e 00008067 jalr             x0, x1, 0            x1:1c0093e8
27271577ns          481000 1c0093e8 2dc15583 lhu              x11, 732(x2)        x11=00000077  x2:10000cd8  PA:10000fb4
27271597ns          481001 1c0093ec 2de15783 lhu              x15, 734(x2)        x15=0000fe9a  x2:10000cd8  PA:10000fb6
27271636ns          481003 1c0093f0 40b90933 sub              x18, x18, x11       x18=ffffffbc x18:00000033 x11:00000077
27271656ns          481004 1c0093f4 40f484b3 sub              x9, x9, x15          x9=fffeffee  x9:fffffe88 x15:0000fe9a
27271676ns          481005 1c0093f6 100945b3 p.exths          x11, x18, x0        x11=ffffffbc x18:ffffffbc
27271696ns          481006 1c0093fa 1004c7b3 p.exths          x15, x9, x0         x15=ffffffee  x9:fffeffee
27271716ns          481007 1c0093fe 034586b3 mul              x13, x11, x20       x13=ffffeb04 x11:ffffffbc x20:0000004f
27271736ns          481008 1c009402 03378533 mul              x10, x15, x19       x10=000018e4 x15:ffffffee x19:fffffe9e
27271756ns          481009 1c009406 034a0633 mul              x12, x20, x20       x12=00001861 x20:0000004f x20:0000004f
27271776ns          481010 1c00940a 03398733 mul              x14, x19, x19       x14=0001e984 x19:fffffe9e x19:fffffe9e
27271795ns          481011 1c00940e 034787b3 mul              x15, x15, x20       x15=fffffa72 x15:ffffffee x20:0000004f
27271815ns          481012 1c009412 033585b3 mul              x11, x11, x19       x11=00005e08 x11:ffffffbc x19:fffffe9e
27271835ns          481013 1c009416 40a75713 srai             x14, x14, 0x40a     x14=0000007a x14:0001e984
27271855ns          481014 1c009418 40a5d593 srai             x11, x11, 0x40a     x11=00000017 x11:00005e08
27271875ns          481015 1c00941a 40a65613 srai             x12, x12, 0x40a     x12=00000006 x12:00001861
27271895ns          481016 1c00941c 40a7d793 srai             x15, x15, 0x40a     x15=fffffffe x15:fffffa72
27271915ns          481017 1c00941e 1c0034b7 lui              x9, 0x1c003000       x9=1c003000
27271935ns          481018 1c009422 00e60633 add              x12, x12, x14       x12=00000080 x12:00000006 x14:0000007a
27271954ns          481019 1c009424 40b787b3 sub              x15, x15, x11       x15=ffffffe7 x15:fffffffe x11:00000017
27271974ns          481020 1c009426 eb048493 addi             x9, x9, -336         x9=1c002eb0  x9:1c003000
27271994ns          481021 1c00942a 1c0032b7 lui              x5, 0x1c003000       x5=1c003000
27272014ns          481022 1c00942e 1c0035b7 lui              x11, 0x1c003000     x11=1c003000
27272034ns          481023 1c009432 018483b3 add              x7, x9, x24          x7=1c002eb2  x9:1c002eb0 x24:00000002
27272054ns          481024 1c009436 02812e83 lw               x29, 40(x2)         x29=1c002ec2  x2:10000cd8  PA:10000d00
27272074ns          481025 1c009438 10065633 p.exthz          x12, x12, x0        x12=00000080 x12:00000080
27272094ns          481026 1c00943c e8028293 addi             x5, x5, -384         x5=1c002e80  x5:1c003000
27272114ns          481027 1c009440 ea058593 addi             x11, x11, -352      x11=1c002ea0 x11:1c003000
27272153ns          481029 1c009444 03812483 lw               x9, 56(x2)           x9=1c002ee2  x2:10000cd8  PA:10000d10
27272173ns          481030 1c009446 10064733 p.exths          x14, x12, x0        x14=00000080 x12:00000080
27272193ns          481031 1c00944a 018280b3 add              x1, x5, x24          x1=1c002e82  x5:1c002e80 x24:00000002
27272213ns          481032 1c00944e 03012f03 lw               x30, 48(x2)         x30=1c002ed2  x2:10000cd8  PA:10000d08
27272253ns          481034 1c009450 018582b3 add              x5, x11, x24         x5=1c002ea2 x11:1c002ea0 x24:00000002
27272293ns          481036 1c009454 04012583 lw               x11, 64(x2)         x11=1c002ef2  x2:10000cd8  PA:10000d18
27272312ns          481037 1c009456 000edd83 lhu              x27, 0(x29)         x27=000018e1 x29:1c002ec2  PA:1c002ec2
27272611ns          481052 1c00945a 0004d483 lhu              x9, 0(x9)            x9=000001c8  x9:1c002ee2  PA:1c002ee2
27272909ns          481067 1c00945e 02e70333 mul              x6, x14, x14         x6=00004000 x14:00000080 x14:00000080
27272929ns          481068 1c009462 40a55513 srai             x10, x10, 0x40a     x10=00000006 x10:000018e4
27272949ns          481069 1c009464 04812e83 lw               x29, 72(x2)         x29=1c002f02  x2:10000cd8  PA:10000d20
27272969ns          481070 1c009466 40a6d693 srai             x13, x13, 0x40a     x13=fffffffa x13:ffffeb04
27272989ns          481071 1c009468 000f5d03 lhu              x26, 0(x30)         x26=000005cb x30:1c002ed2  PA:1c002ed2
27273327ns          481088 1c00946c 0005d583 lhu              x11, 0(x11)         x11=000000a5 x11:1c002ef2  PA:1c002ef2
27273685ns          481106 1c009470 40a35313 srai             x6, x6, 0x40a        x6=00000010  x6:00004000
27273705ns          481107 1c009474 00a686b3 add              x13, x13, x10       x13=00000000 x13:fffffffa x10:00000006
27273725ns          481108 1c009476 05012f03 lw               x30, 80(x2)         x30=1c002e72  x2:10000cd8  PA:10000d28
27273744ns          481109 1c009478 10034e33 p.exths          x28, x6, x0         x28=00000010  x6:00000010
27273764ns          481110 1c00947c 06911023 sh               x9, 96(x2)           x9:000001c8  x2:10000cd8  PA:10000d38
27273784ns          481111 1c009480 000ede83 lhu              x29, 0(x29)         x29=00000040 x29:1c002f02  PA:1c002f02
27274122ns          481128 1c009484 05812483 lw               x9, 88(x2)           x9=1c002e62  x2:10000cd8  PA:10000d30
27274142ns          481129 1c009486 1006d6b3 p.exthz          x13, x13, x0        x13=00000000 x13:00000000
27274162ns          481130 1c00948a 02ee08b3 mul              x17, x28, x14       x17=00000800 x28:00000010 x14:00000080
27274182ns          481131 1c00948e 1006c833 p.exths          x16, x13, x0        x16=00000000 x13:00000000
27274202ns          481132 1c009492 06b11823 sh               x11, 112(x2)        x11:000000a5  x2:10000cd8  PA:10000d48
27274222ns          481133 1c009496 000f5f03 lhu              x30, 0(x30)         x30=0000fec8 x30:1c002e72  PA:1c002e72
27274520ns          481148 1c00949a 0a012583 lw               x11, 160(x2)        x11=1c002e92  x2:10000cd8  PA:10000d78
27274540ns          481149 1c00949c 1007d7b3 p.exthz          x15, x15, x0        x15=0000ffe7 x15:ffffffe7
27274560ns          481150 1c0094a0 0004da03 lhu              x20, 0(x9)          x20=0000fa50  x9:1c002e62  PA:1c002e62
27274858ns          481165 1c0094a4 1007c533 p.exths          x10, x15, x0        x10=ffffffe7 x15:0000ffe7
27274878ns          481166 1c0094a8 09d11023 sh               x29, 128(x2)        x29:00000040  x2:10000cd8  PA:10000d58
27274898ns          481167 1c0094ac 0003d483 lhu              x9, 0(x7)            x9=0000ffc6  x7:1c002eb2  PA:1c002eb2
27275216ns          481183 1c0094b0 02e80eb3 mul              x29, x16, x14       x29=00000000 x16:00000000 x14:00000080
27275236ns          481184 1c0094b4 40a8d893 srai             x17, x17, 0x40a     x17=00000002 x17:00000800
27275256ns          481185 1c0094b8 03c80833 mul              x16, x16, x28       x16=00000000 x16:00000000 x28:00000010
27275276ns          481186 1c0094bc 09e11823 sh               x30, 144(x2)        x30:0000fec8  x2:10000cd8  PA:10000d68
27275296ns          481187 1c0094c0 0005d983 lhu              x19, 0(x11)         x19=0000ff8d x11:1c002e92  PA:1c002e92
27275594ns          481202 1c0094c4 81c88f5b p.muls           x30, x17, x28       x30=00000020 x17:00000002 x28:00000010
27275614ns          481203 1c0094c8 0002d583 lhu              x11, 0(x5)          x11=0000ff65  x5:1c002ea2  PA:1c002ea2
27275972ns          481221 1c0094cc 03ce0fb3 mul              x31, x28, x28       x31=00000100 x28:00000010 x28:00000010
27275992ns          481222 1c0094d0 02e50733 mul              x14, x10, x14       x14=fffff380 x10:ffffffe7 x14:00000080
27276012ns          481223 1c0094d4 40a85813 srai             x16, x16, 0x40a     x16=00000000 x16:00000000
27276032ns          481224 1c0094d8 03c50533 mul              x10, x10, x28       x10=fffffe70 x10:ffffffe7 x28:00000010
27276051ns          481225 1c0094dc 07015e03 lhu              x28, 112(x2)        x28=000000a5  x2:10000cd8  PA:10000d48
27276071ns          481226 1c0094e0 01b60633 add              x12, x12, x27       x12=00001961 x12:00000080 x27:000018e1
27276091ns          481227 1c0094e2 00980833 add              x16, x16, x9        x16=0000ffc6 x16:00000000  x9:0000ffc6
27276111ns          481228 1c0094e4 06015d83 lhu              x27, 96(x2)         x27=000001c8  x2:10000cd8  PA:10000d38
27276131ns          481229 1c0094e8 02812483 lw               x9, 40(x2)           x9=1c002ec2  x2:10000cd8  PA:10000d00
27276151ns          481230 1c0094ea 40afdf93 srai             x31, x31, 0x40a     x31=00000000 x31:00000100
27276171ns          481231 1c0094ee 40a55513 srai             x10, x10, 0x40a     x10=ffffffff x10:fffffe70
27276191ns          481232 1c0094f0 01cf8fb3 add              x31, x31, x28       x31=000000a5 x31:00000000 x28:000000a5
27276211ns          481233 1c0094f2 00b50533 add              x10, x10, x11       x10=0000ff64 x10:ffffffff x11:0000ff65
27276230ns          481234 1c0094f4 09015e03 lhu              x28, 144(x2)        x28=0000fec8  x2:10000cd8  PA:10000d68
27276250ns          481235 1c0094f8 03012583 lw               x11, 48(x2)         x11=1c002ed2  x2:10000cd8  PA:10000d08
27276270ns          481236 1c0094fa 00c49023 sh               x12, 0(x9)          x12:00001961  x9:1c002ec2  PA:1c002ec2
27276648ns          481255 1c0094fe 01b888b3 add              x17, x17, x27       x17=000001ca x17:00000002 x27:000001c8
27276668ns          481256 1c009500 01a30333 add              x6, x6, x26          x6=000005db  x6:00000010 x26:000005cb
27276688ns          481257 1c009502 08015d83 lhu              x27, 128(x2)        x27=00000040  x2:10000cd8  PA:10000d58
27276708ns          481258 1c009506 0000d903 lhu              x18, 0(x1)          x18=0000fe6c  x1:1c002e82  PA:1c002e82
27277006ns          481273 1c00950a 01c686b3 add              x13, x13, x28       x13=0000fec8 x13:00000000 x28:0000fec8
27277026ns          481274 1c00950c 00659023 sh               x6, 0(x11)           x6:000005db x11:1c002ed2  PA:1c002ed2
27277344ns          481290 1c009510 40af5f13 srai             x30, x30, 0x40a     x30=00000000 x30:00000020
27277364ns          481291 1c009514 04812e03 lw               x28, 72(x2)         x28=1c002f02  x2:10000cd8  PA:10000d20
27277384ns          481292 1c009516 01bf0f33 add              x30, x30, x27       x30=00000040 x30:00000000 x27:00000040
27277404ns          481293 1c009518 40aede93 srai             x29, x29, 0x40a     x29=00000000 x29:00000000
27277424ns          481294 1c00951c 40a75713 srai             x14, x14, 0x40a     x14=fffffffc x14:fffff380
27277444ns          481295 1c00951e 03812603 lw               x12, 56(x2)         x12=1c002ee2  x2:10000cd8  PA:10000d10
27277463ns          481296 1c009520 04012d83 lw               x27, 64(x2)         x27=1c002ef2  x2:10000cd8  PA:10000d18
27277483ns          481297 1c009522 01ee1023 sh               x30, 0(x28)         x30:00000040 x28:1c002f02  PA:1c002f02
27277802ns          481313 1c009526 05812483 lw               x9, 88(x2)           x9=1c002e62  x2:10000cd8  PA:10000d30
27277821ns          481314 1c009528 05012f03 lw               x30, 80(x2)         x30=1c002e72  x2:10000cd8  PA:10000d28
27277841ns          481315 1c00952a 0a012583 lw               x11, 160(x2)        x11=1c002e92  x2:10000cd8  PA:10000d78
27277861ns          481316 1c00952c 014787b3 add              x15, x15, x20       x15=0001fa37 x15:0000ffe7 x20:0000fa50
27277881ns          481317 1c00952e 013e8eb3 add              x29, x29, x19       x29=0000ff8d x29:00000000 x19:0000ff8d
27277901ns          481318 1c009530 01270733 add              x14, x14, x18       x14=0000fe68 x14:fffffffc x18:0000fe6c
27277921ns          481319 1c009532 00f49023 sh               x15, 0(x9)          x15:0001fa37  x9:1c002e62  PA:1c002e62
27278239ns          481335 1c009536 01161023 sh               x17, 0(x12)         x17:000001ca x12:1c002ee2  PA:1c002ee2
27278557ns          481351 1c00953a 01fd9023 sh               x31, 0(x27)         x31:000000a5 x27:1c002ef2  PA:1c002ef2
27278876ns          481367 1c00953e 00df1023 sh               x13, 0(x30)         x13:0000fec8 x30:1c002e72  PA:1c002e72
27279194ns          481383 1c009542 01d59023 sh               x29, 0(x11)         x29:0000ff8d x11:1c002e92  PA:1c002e92
27279532ns          481400 1c009546 00e09023 sh               x14, 0(x1)          x14:0000fe68  x1:1c002e82  PA:1c002e82
27279850ns          481416 1c00954a 01039023 sh               x16, 0(x7)          x16:0000ffc6  x7:1c002eb2  PA:1c002eb2
27280168ns          481432 1c00954e 00a29023 sh               x10, 0(x5)          x10:0000ff64  x5:1c002ea2  PA:1c002ea2
27280486ns          481448 1c009552 008b0b13 addi             x22, x22, 8         x22=00000181 x22:00000179
27280506ns          481449 1c009554 1f300793 addi             x15, x0, 499        x15=000001f3
27280526ns          481450 1c009558 e767dae3 bge              x15, x22, -396      x15:000001f3 x22:00000181
27280626ns          481455 1c0093cc 010c9a0b p.lh             x20, 16(x25!)       x20=00000061 x25=1c00299a x25:1c00298a  PA:1c00298a
27280944ns          481471 1c0093d0 0104198b p.lh             x19, 16(x8!)        x19=ffffff5b  x8=1c002162  x8:1c002152  PA:1c002152
27281242ns          481486 1c0093d4 2cc10513 addi             x10, x2, 716        x10=10000fa4  x2:10000cd8
27281262ns          481487 1c0093d6 010a990b p.lh             x18, 16(x21!)       x18=0000005d x21=1c00198e x21:1c00197e  PA:1c00197e
27281580ns          481503 1c0093da 010b948b p.lh             x9, 16(x23!)         x9=ffffff5d x23=1c0011be x23:1c0011ae  PA:1c0011ae
27281879ns          481518 1c0093de 2d411623 sh               x20, 716(x2)        x20:00000061  x2:10000cd8  PA:10000fa4
27281918ns          481520 1c0093e2 2d311723 sh               x19, 718(x2)        x19:ffffff5b  x2:10000cd8  PA:10000fa6
27281958ns          481522 1c0093e6 c33ff0ef jal              x1, -974             x1=1c0093e8
27281978ns          481523 1c009018 00051803 lh               x16, 0(x10)         x16=00000061 x10:10000fa4  PA:10000fa4
27281998ns          481524 1c00901c 00251883 lh               x17, 2(x10)         x17=ffffff5b x10:10000fa4  PA:10000fa6
27282058ns          481527 1c009020 030806b3 mul              x13, x16, x16       x13=000024c1 x16:00000061 x16:00000061
27282097ns          481529 1c009024 03188633 mul              x12, x17, x17       x12=00006a59 x17:ffffff5b x17:ffffff5b
27282117ns          481530 1c009028 40a65613 srai             x12, x12, 0x40a     x12=0000001a x12:00006a59
27282137ns          481531 1c00902a 40a6d693 srai             x13, x13, 0x40a     x13=00000009 x13:000024c1
27282157ns          481532 1c00902c 00c686b3 add              x13, x13, x12       x13=00000023 x13:00000009 x12:0000001a
27282177ns          481533 1c00902e 1006c633 p.exths          x12, x13, x0        x12=00000023 x13:00000023
27282197ns          481534 1c009032 00855703 lhu              x14, 8(x10)         x14=0000ffd1 x10:10000fa4  PA:10000fac
27282217ns          481535 1c009036 00a55683 lhu              x13, 10(x10)        x13=0000ff6a x10:10000fa4  PA:10000fae
27282237ns          481536 1c00903a 02c60333 mul              x6, x12, x12         x6=000004c9 x12:00000023 x12:00000023
27282256ns          481537 1c00903e 00c55783 lhu              x15, 12(x10)        x15=0000ffe5 x10:10000fa4  PA:10000fb0
27282276ns          481538 1c009042 00e55583 lhu              x11, 14(x10)        x11=00000060 x10:10000fa4  PA:10000fb2
27282296ns          481539 1c009046 dea30333 p.extract        x6, x6, 15, 10       x6=00000001  x6:000004c9
27282316ns          481540 1c00904a 80c7075b p.muls           x14, x14, x12       x14=fffff993 x14:0000ffd1 x12:00000023
27282356ns          481542 1c00904e 80c686db p.muls           x13, x13, x12       x13=ffffeb7e x13:0000ff6a x12:00000023
27282396ns          481544 1c009052 00455e83 lhu              x29, 4(x10)         x29=00000427 x10:10000fa4  PA:10000fa8
27282416ns          481545 1c009056 00655e03 lhu              x28, 6(x10)         x28=0000007f x10:10000fa4  PA:10000faa
27282435ns          481546 1c00905a 40a75713 srai             x14, x14, 0x40a     x14=fffffffe x14:fffff993
27282455ns          481547 1c00905c 806787db p.muls           x15, x15, x6        x15=ffffffe5 x15:0000ffe5  x6:00000001
27282475ns          481548 1c009060 40a6d693 srai             x13, x13, 0x40a     x13=fffffffa x13:ffffeb7e
27282495ns          481549 1c009062 8065865b p.muls           x12, x11, x6        x12=00000060 x11:00000060  x6:00000001
27282515ns          481550 1c009066 40a7d793 srai             x15, x15, 0x40a     x15=ffffffff x15:ffffffe5
27282535ns          481551 1c009068 40a65613 srai             x12, x12, 0x40a     x12=00000000 x12:00000060
27282555ns          481552 1c00906a 01d70733 add              x14, x14, x29       x14=00000425 x14:fffffffe x29:00000427
27282575ns          481553 1c00906c 01c686b3 add              x13, x13, x28       x13=00000079 x13:fffffffa x28:0000007f
27282595ns          481554 1c00906e 00c686b3 add              x13, x13, x12       x13=00000079 x13:00000079 x12:00000000
27282614ns          481555 1c009070 00f70733 add              x14, x14, x15       x14=00000424 x14:00000425 x15:ffffffff
27282634ns          481556 1c009072 100747b3 p.exths          x15, x14, x0        x15=00000424 x14:00000424
27282654ns          481557 1c009076 1006c733 p.exths          x14, x13, x0        x14=00000079 x13:00000079
27282674ns          481558 1c00907a 03170633 mul              x12, x14, x17       x12=ffffb203 x14:00000079 x17:ffffff5b
27282694ns          481559 1c00907e 030786b3 mul              x13, x15, x16       x13=000191a4 x15:00000424 x16:00000061
27282714ns          481560 1c009082 03070733 mul              x14, x14, x16       x14=00002dd9 x14:00000079 x16:00000061
27282734ns          481561 1c009086 031787b3 mul              x15, x15, x17       x15=fffd54cc x15:00000424 x17:ffffff5b
27282754ns          481562 1c00908a 40a6d693 srai             x13, x13, 0x40a     x13=00000064 x13:000191a4
27282774ns          481563 1c00908c 40a65613 srai             x12, x12, 0x40a     x12=ffffffec x12:ffffb203
27282793ns          481564 1c00908e 40a7d793 srai             x15, x15, 0x40a     x15=ffffff55 x15:fffd54cc
27282813ns          481565 1c009090 40a75713 srai             x14, x14, 0x40a     x14=0000000b x14:00002dd9
27282833ns          481566 1c009092 40c686b3 sub              x13, x13, x12       x13=00000078 x13:00000064 x12:ffffffec
27282853ns          481567 1c009094 00e787b3 add              x15, x15, x14       x15=ffffff60 x15:ffffff55 x14:0000000b
27282873ns          481568 1c009096 00d51823 sh               x13, 16(x10)        x13:00000078 x10:10000fa4  PA:10000fb4
27282913ns          481570 1c00909a 00f51923 sh               x15, 18(x10)        x15:ffffff60 x10:10000fa4  PA:10000fb6
27282933ns          481571 1c00909e 00008067 jalr             x0, x1, 0            x1:1c0093e8
27282972ns          481573 1c0093e8 2dc15583 lhu              x11, 732(x2)        x11=00000078  x2:10000cd8  PA:10000fb4
27282992ns          481574 1c0093ec 2de15783 lhu              x15, 734(x2)        x15=0000ff60  x2:10000cd8  PA:10000fb6
27283012ns          481575 1c0093f0 40b90933 sub              x18, x18, x11       x18=ffffffe5 x18:0000005d x11:00000078
27283032ns          481576 1c0093f4 40f484b3 sub              x9, x9, x15          x9=fffefffd  x9:ffffff5d x15:0000ff60
27283052ns          481577 1c0093f6 100945b3 p.exths          x11, x18, x0        x11=ffffffe5 x18:ffffffe5
27283072ns          481578 1c0093fa 1004c7b3 p.exths          x15, x9, x0         x15=fffffffd  x9:fffefffd
27283092ns          481579 1c0093fe 034586b3 mul              x13, x11, x20       x13=fffff5c5 x11:ffffffe5 x20:00000061
27283112ns          481580 1c009402 03378533 mul              x10, x15, x19       x10=000001ef x15:fffffffd x19:ffffff5b
27283132ns          481581 1c009406 034a0633 mul              x12, x20, x20       x12=000024c1 x20:00000061 x20:00000061
27283151ns          481582 1c00940a 03398733 mul              x14, x19, x19       x14=00006a59 x19:ffffff5b x19:ffffff5b
27283171ns          481583 1c00940e 034787b3 mul              x15, x15, x20       x15=fffffedd x15:fffffffd x20:00000061
27283191ns          481584 1c009412 033585b3 mul              x11, x11, x19       x11=00001167 x11:ffffffe5 x19:ffffff5b
27283211ns          481585 1c009416 40a75713 srai             x14, x14, 0x40a     x14=0000001a x14:00006a59
27283231ns          481586 1c009418 40a5d593 srai             x11, x11, 0x40a     x11=00000004 x11:00001167
27283251ns          481587 1c00941a 40a65613 srai             x12, x12, 0x40a     x12=00000009 x12:000024c1
27283271ns          481588 1c00941c 40a7d793 srai             x15, x15, 0x40a     x15=ffffffff x15:fffffedd
27283291ns          481589 1c00941e 1c0034b7 lui              x9, 0x1c003000       x9=1c003000
27283311ns          481590 1c009422 00e60633 add              x12, x12, x14       x12=00000023 x12:00000009 x14:0000001a
27283330ns          481591 1c009424 40b787b3 sub              x15, x15, x11       x15=fffffffb x15:ffffffff x11:00000004
27283350ns          481592 1c009426 eb048493 addi             x9, x9, -336         x9=1c002eb0  x9:1c003000
27283370ns          481593 1c00942a 1c0032b7 lui              x5, 0x1c003000       x5=1c003000
27283390ns          481594 1c00942e 1c0035b7 lui              x11, 0x1c003000     x11=1c003000
27283410ns          481595 1c009432 018483b3 add              x7, x9, x24          x7=1c002eb2  x9:1c002eb0 x24:00000002
27283430ns          481596 1c009436 02812e83 lw               x29, 40(x2)         x29=1c002ec2  x2:10000cd8  PA:10000d00
27283450ns          481597 1c009438 10065633 p.exthz          x12, x12, x0        x12=00000023 x12:00000023
27283470ns          481598 1c00943c e8028293 addi             x5, x5, -384         x5=1c002e80  x5:1c003000
27283490ns          481599 1c009440 ea058593 addi             x11, x11, -352      x11=1c002ea0 x11:1c003000
27283529ns          481601 1c009444 03812483 lw               x9, 56(x2)           x9=1c002ee2  x2:10000cd8  PA:10000d10
27283549ns          481602 1c009446 10064733 p.exths          x14, x12, x0        x14=00000023 x12:00000023
27283569ns          481603 1c00944a 018280b3 add              x1, x5, x24          x1=1c002e82  x5:1c002e80 x24:00000002
27283589ns          481604 1c00944e 03012f03 lw               x30, 48(x2)         x30=1c002ed2  x2:10000cd8  PA:10000d08
27283609ns          481605 1c009450 018582b3 add              x5, x11, x24         x5=1c002ea2 x11:1c002ea0 x24:00000002
27283629ns          481606 1c009454 04012583 lw               x11, 64(x2)         x11=1c002ef2  x2:10000cd8  PA:10000d18
27283649ns          481607 1c009456 000edd83 lhu              x27, 0(x29)         x27=00001961 x29:1c002ec2  PA:1c002ec2
27283947ns          481622 1c00945a 0004d483 lhu              x9, 0(x9)            x9=000001ca  x9:1c002ee2  PA:1c002ee2
27284245ns          481637 1c00945e 02e70333 mul              x6, x14, x14         x6=000004c9 x14:00000023 x14:00000023
27284265ns          481638 1c009462 40a55513 srai             x10, x10, 0x40a     x10=00000000 x10:000001ef
27284285ns          481639 1c009464 04812e83 lw               x29, 72(x2)         x29=1c002f02  x2:10000cd8  PA:10000d20
27284305ns          481640 1c009466 40a6d693 srai             x13, x13, 0x40a     x13=fffffffd x13:fffff5c5
27284325ns          481641 1c009468 000f5d03 lhu              x26, 0(x30)         x26=000005db x30:1c002ed2  PA:1c002ed2
27284643ns          481657 1c00946c 0005d583 lhu              x11, 0(x11)         x11=000000a5 x11:1c002ef2  PA:1c002ef2
27284941ns          481672 1c009470 40a35313 srai             x6, x6, 0x40a        x6=00000001  x6:000004c9
27284961ns          481673 1c009474 00a686b3 add              x13, x13, x10       x13=fffffffd x13:fffffffd x10:00000000
27284981ns          481674 1c009476 05012f03 lw               x30, 80(x2)         x30=1c002e72  x2:10000cd8  PA:10000d28
27285001ns          481675 1c009478 10034e33 p.exths          x28, x6, x0         x28=00000001  x6:00000001
27285021ns          481676 1c00947c 06911023 sh               x9, 96(x2)           x9:000001ca  x2:10000cd8  PA:10000d38
27285041ns          481677 1c009480 000ede83 lhu              x29, 0(x29)         x29=00000040 x29:1c002f02  PA:1c002f02
27285359ns          481693 1c009484 05812483 lw               x9, 88(x2)           x9=1c002e62  x2:10000cd8  PA:10000d30
27285379ns          481694 1c009486 1006d6b3 p.exthz          x13, x13, x0        x13=0000fffd x13:fffffffd
27285399ns          481695 1c00948a 02ee08b3 mul              x17, x28, x14       x17=00000023 x28:00000001 x14:00000023
27285419ns          481696 1c00948e 1006c833 p.exths          x16, x13, x0        x16=fffffffd x13:0000fffd
27285439ns          481697 1c009492 06b11823 sh               x11, 112(x2)        x11:000000a5  x2:10000cd8  PA:10000d48
27285458ns          481698 1c009496 000f5f03 lhu              x30, 0(x30)         x30=0000fec8 x30:1c002e72  PA:1c002e72
27285777ns          481714 1c00949a 0a012583 lw               x11, 160(x2)        x11=1c002e92  x2:10000cd8  PA:10000d78
27285797ns          481715 1c00949c 1007d7b3 p.exthz          x15, x15, x0        x15=0000fffb x15:fffffffb
27285816ns          481716 1c0094a0 0004da03 lhu              x20, 0(x9)          x20=0000fa37  x9:1c002e62  PA:1c002e62
27286115ns          481731 1c0094a4 1007c533 p.exths          x10, x15, x0        x10=fffffffb x15:0000fffb
27286135ns          481732 1c0094a8 09d11023 sh               x29, 128(x2)        x29:00000040  x2:10000cd8  PA:10000d58
27286155ns          481733 1c0094ac 0003d483 lhu              x9, 0(x7)            x9=0000ffc6  x7:1c002eb2  PA:1c002eb2
27286493ns          481750 1c0094b0 02e80eb3 mul              x29, x16, x14       x29=ffffff97 x16:fffffffd x14:00000023
27286513ns          481751 1c0094b4 40a8d893 srai             x17, x17, 0x40a     x17=00000000 x17:00000023
27286532ns          481752 1c0094b8 03c80833 mul              x16, x16, x28       x16=fffffffd x16:fffffffd x28:00000001
27286552ns          481753 1c0094bc 09e11823 sh               x30, 144(x2)        x30:0000fec8  x2:10000cd8  PA:10000d68
27286572ns          481754 1c0094c0 0005d983 lhu              x19, 0(x11)         x19=0000ff8d x11:1c002e92  PA:1c002e92
27286890ns          481770 1c0094c4 81c88f5b p.muls           x30, x17, x28       x30=00000000 x17:00000000 x28:00000001
27286910ns          481771 1c0094c8 0002d583 lhu              x11, 0(x5)          x11=0000ff64  x5:1c002ea2  PA:1c002ea2
27287228ns          481787 1c0094cc 03ce0fb3 mul              x31, x28, x28       x31=00000001 x28:00000001 x28:00000001
27287248ns          481788 1c0094d0 02e50733 mul              x14, x10, x14       x14=ffffff51 x10:fffffffb x14:00000023
27287268ns          481789 1c0094d4 40a85813 srai             x16, x16, 0x40a     x16=ffffffff x16:fffffffd
27287288ns          481790 1c0094d8 03c50533 mul              x10, x10, x28       x10=fffffffb x10:fffffffb x28:00000001
27287308ns          481791 1c0094dc 07015e03 lhu              x28, 112(x2)        x28=000000a5  x2:10000cd8  PA:10000d48
27287348ns          481793 1c0094e0 01b60633 add              x12, x12, x27       x12=00001984 x12:00000023 x27:00001961
27287368ns          481794 1c0094e2 00980833 add              x16, x16, x9        x16=0000ffc5 x16:ffffffff  x9:0000ffc6
27287388ns          481795 1c0094e4 06015d83 lhu              x27, 96(x2)         x27=000001ca  x2:10000cd8  PA:10000d38
27287407ns          481796 1c0094e8 02812483 lw               x9, 40(x2)           x9=1c002ec2  x2:10000cd8  PA:10000d00
27287427ns          481797 1c0094ea 40afdf93 srai             x31, x31, 0x40a     x31=00000000 x31:00000001
27287447ns          481798 1c0094ee 40a55513 srai             x10, x10, 0x40a     x10=ffffffff x10:fffffffb
27287467ns          481799 1c0094f0 01cf8fb3 add              x31, x31, x28       x31=000000a5 x31:00000000 x28:000000a5
27287487ns          481800 1c0094f2 00b50533 add              x10, x10, x11       x10=0000ff63 x10:ffffffff x11:0000ff64
27287507ns          481801 1c0094f4 09015e03 lhu              x28, 144(x2)        x28=0000fec8  x2:10000cd8  PA:10000d68
27287527ns          481802 1c0094f8 03012583 lw               x11, 48(x2)         x11=1c002ed2  x2:10000cd8  PA:10000d08
27287547ns          481803 1c0094fa 00c49023 sh               x12, 0(x9)          x12:00001984  x9:1c002ec2  PA:1c002ec2
27287865ns          481819 1c0094fe 01b888b3 add              x17, x17, x27       x17=000001ca x17:00000000 x27:000001ca
27287885ns          481820 1c009500 01a30333 add              x6, x6, x26          x6=000005dc  x6:00000001 x26:000005db
27287905ns          481821 1c009502 08015d83 lhu              x27, 128(x2)        x27=00000040  x2:10000cd8  PA:10000d58
27287925ns          481822 1c009506 0000d903 lhu              x18, 0(x1)          x18=0000fe68  x1:1c002e82  PA:1c002e82
27288223ns          481837 1c00950a 01c686b3 add              x13, x13, x28       x13=0001fec5 x13:0000fffd x28:0000fec8
27288243ns          481838 1c00950c 00659023 sh               x6, 0(x11)           x6:000005dc x11:1c002ed2  PA:1c002ed2
27288581ns          481855 1c009510 40af5f13 srai             x30, x30, 0x40a     x30=00000000 x30:00000000
27288601ns          481856 1c009514 04812e03 lw               x28, 72(x2)         x28=1c002f02  x2:10000cd8  PA:10000d20
27288621ns          481857 1c009516 01bf0f33 add              x30, x30, x27       x30=00000040 x30:00000000 x27:00000040
27288641ns          481858 1c009518 40aede93 srai             x29, x29, 0x40a     x29=ffffffff x29:ffffff97
27288660ns          481859 1c00951c 40a75713 srai             x14, x14, 0x40a     x14=ffffffff x14:ffffff51
27288680ns          481860 1c00951e 03812603 lw               x12, 56(x2)         x12=1c002ee2  x2:10000cd8  PA:10000d10
27288700ns          481861 1c009520 04012d83 lw               x27, 64(x2)         x27=1c002ef2  x2:10000cd8  PA:10000d18
27288720ns          481862 1c009522 01ee1023 sh               x30, 0(x28)         x30:00000040 x28:1c002f02  PA:1c002f02
27289038ns          481878 1c009526 05812483 lw               x9, 88(x2)           x9=1c002e62  x2:10000cd8  PA:10000d30
27289058ns          481879 1c009528 05012f03 lw               x30, 80(x2)         x30=1c002e72  x2:10000cd8  PA:10000d28
27289078ns          481880 1c00952a 0a012583 lw               x11, 160(x2)        x11=1c002e92  x2:10000cd8  PA:10000d78
27289098ns          481881 1c00952c 014787b3 add              x15, x15, x20       x15=0001fa32 x15:0000fffb x20:0000fa37
27289118ns          481882 1c00952e 013e8eb3 add              x29, x29, x19       x29=0000ff8c x29:ffffffff x19:0000ff8d
27289138ns          481883 1c009530 01270733 add              x14, x14, x18       x14=0000fe67 x14:ffffffff x18:0000fe68
27289158ns          481884 1c009532 00f49023 sh               x15, 0(x9)          x15:0001fa32  x9:1c002e62  PA:1c002e62
27289476ns          481900 1c009536 01161023 sh               x17, 0(x12)         x17:000001ca x12:1c002ee2  PA:1c002ee2
27289794ns          481916 1c00953a 01fd9023 sh               x31, 0(x27)         x31:000000a5 x27:1c002ef2  PA:1c002ef2
27290112ns          481932 1c00953e 00df1023 sh               x13, 0(x30)         x13:0001fec5 x30:1c002e72  PA:1c002e72
27290430ns          481948 1c009542 01d59023 sh               x29, 0(x11)         x29:0000ff8c x11:1c002e92  PA:1c002e92
27290749ns          481964 1c009546 00e09023 sh               x14, 0(x1)          x14:0000fe67  x1:1c002e82  PA:1c002e82
27291067ns          481980 1c00954a 01039023 sh               x16, 0(x7)          x16:0000ffc5  x7:1c002eb2  PA:1c002eb2
27291405ns          481997 1c00954e 00a29023 sh               x10, 0(x5)          x10:0000ff63  x5:1c002ea2  PA:1c002ea2
27291783ns          482016 1c009552 008b0b13 addi             x22, x22, 8         x22=00000189 x22:00000181
27291803ns          482017 1c009554 1f300793 addi             x15, x0, 499        x15=000001f3
27291823ns          482018 1c009558 e767dae3 bge              x15, x22, -396      x15:000001f3 x22:00000189
27291922ns          482023 1c0093cc 010c9a0b p.lh             x20, 16(x25!)       x20=000000ce x25=1c0029aa x25:1c00299a  PA:1c00299a
27292280ns          482041 1c0093d0 0104198b p.lh             x19, 16(x8!)        x19=00000088  x8=1c002172  x8:1c002162  PA:1c002162
27292598ns          482057 1c0093d4 2cc10513 addi             x10, x2, 716        x10=10000fa4  x2:10000cd8
27292618ns          482058 1c0093d6 010a990b p.lh             x18, 16(x21!)       x18=000000d7 x21=1c00199e x21:1c00198e  PA:1c00198e
27292916ns          482073 1c0093da 010b948b p.lh             x9, 16(x23!)         x9=00000081 x23=1c0011ce x23:1c0011be  PA:1c0011be
27293215ns          482088 1c0093de 2d411623 sh               x20, 716(x2)        x20:000000ce  x2:10000cd8  PA:10000fa4
27293235ns          482089 1c0093e2 2d311723 sh               x19, 718(x2)        x19:00000088  x2:10000cd8  PA:10000fa6
27293255ns          482090 1c0093e6 c33ff0ef jal              x1, -974             x1=1c0093e8
27293294ns          482092 1c009018 00051803 lh               x16, 0(x10)         x16=000000ce x10:10000fa4  PA:10000fa4
27293314ns          482093 1c00901c 00251883 lh               x17, 2(x10)         x17=00000088 x10:10000fa4  PA:10000fa6
27293354ns          482095 1c009020 030806b3 mul              x13, x16, x16       x13=0000a5c4 x16:000000ce x16:000000ce
27293374ns          482096 1c009024 03188633 mul              x12, x17, x17       x12=00004840 x17:00000088 x17:00000088
27293394ns          482097 1c009028 40a65613 srai             x12, x12, 0x40a     x12=00000012 x12:00004840
27293414ns          482098 1c00902a 40a6d693 srai             x13, x13, 0x40a     x13=00000029 x13:0000a5c4
27293434ns          482099 1c00902c 00c686b3 add              x13, x13, x12       x13=0000003b x13:00000029 x12:00000012
27293453ns          482100 1c00902e 1006c633 p.exths          x12, x13, x0        x12=0000003b x13:0000003b
27293473ns          482101 1c009032 00855703 lhu              x14, 8(x10)         x14=0000ffd1 x10:10000fa4  PA:10000fac
27293493ns          482102 1c009036 00a55683 lhu              x13, 10(x10)        x13=0000ff6a x10:10000fa4  PA:10000fae
27293513ns          482103 1c00903a 02c60333 mul              x6, x12, x12         x6=00000d99 x12:0000003b x12:0000003b
27293533ns          482104 1c00903e 00c55783 lhu              x15, 12(x10)        x15=0000ffe5 x10:10000fa4  PA:10000fb0
27293553ns          482105 1c009042 00e55583 lhu              x11, 14(x10)        x11=00000060 x10:10000fa4  PA:10000fb2
27293573ns          482106 1c009046 dea30333 p.extract        x6, x6, 15, 10       x6=00000003  x6:00000d99
27293593ns          482107 1c00904a 80c7075b p.muls           x14, x14, x12       x14=fffff52b x14:0000ffd1 x12:0000003b
27293613ns          482108 1c00904e 80c686db p.muls           x13, x13, x12       x13=ffffdd6e x13:0000ff6a x12:0000003b
27293632ns          482109 1c009052 00455e83 lhu              x29, 4(x10)         x29=00000427 x10:10000fa4  PA:10000fa8
27293652ns          482110 1c009056 00655e03 lhu              x28, 6(x10)         x28=0000007f x10:10000fa4  PA:10000faa
27293672ns          482111 1c00905a 40a75713 srai             x14, x14, 0x40a     x14=fffffffd x14:fffff52b
27293692ns          482112 1c00905c 806787db p.muls           x15, x15, x6        x15=ffffffaf x15:0000ffe5  x6:00000003
27293712ns          482113 1c009060 40a6d693 srai             x13, x13, 0x40a     x13=fffffff7 x13:ffffdd6e
27293732ns          482114 1c009062 8065865b p.muls           x12, x11, x6        x12=00000120 x11:00000060  x6:00000003
27293752ns          482115 1c009066 40a7d793 srai             x15, x15, 0x40a     x15=ffffffff x15:ffffffaf
27293772ns          482116 1c009068 40a65613 srai             x12, x12, 0x40a     x12=00000000 x12:00000120
27293792ns          482117 1c00906a 01d70733 add              x14, x14, x29       x14=00000424 x14:fffffffd x29:00000427
27293811ns          482118 1c00906c 01c686b3 add              x13, x13, x28       x13=00000076 x13:fffffff7 x28:0000007f
27293831ns          482119 1c00906e 00c686b3 add              x13, x13, x12       x13=00000076 x13:00000076 x12:00000000
27293851ns          482120 1c009070 00f70733 add              x14, x14, x15       x14=00000423 x14:00000424 x15:ffffffff
27293871ns          482121 1c009072 100747b3 p.exths          x15, x14, x0        x15=00000423 x14:00000423
27293891ns          482122 1c009076 1006c733 p.exths          x14, x13, x0        x14=00000076 x13:00000076
27293911ns          482123 1c00907a 03170633 mul              x12, x14, x17       x12=00003eb0 x14:00000076 x17:00000088
27293931ns          482124 1c00907e 030786b3 mul              x13, x15, x16       x13=0003542a x15:00000423 x16:000000ce
27293951ns          482125 1c009082 03070733 mul              x14, x14, x16       x14=00005ef4 x14:00000076 x16:000000ce
27293971ns          482126 1c009086 031787b3 mul              x15, x15, x17       x15=00023298 x15:00000423 x17:00000088
27293990ns          482127 1c00908a 40a6d693 srai             x13, x13, 0x40a     x13=000000d5 x13:0003542a
27294010ns          482128 1c00908c 40a65613 srai             x12, x12, 0x40a     x12=0000000f x12:00003eb0
27294030ns          482129 1c00908e 40a7d793 srai             x15, x15, 0x40a     x15=0000008c x15:00023298
27294050ns          482130 1c009090 40a75713 srai             x14, x14, 0x40a     x14=00000017 x14:00005ef4
27294070ns          482131 1c009092 40c686b3 sub              x13, x13, x12       x13=000000c6 x13:000000d5 x12:0000000f
27294090ns          482132 1c009094 00e787b3 add              x15, x15, x14       x15=000000a3 x15:0000008c x14:00000017
27294110ns          482133 1c009096 00d51823 sh               x13, 16(x10)        x13:000000c6 x10:10000fa4  PA:10000fb4
27294130ns          482134 1c00909a 00f51923 sh               x15, 18(x10)        x15:000000a3 x10:10000fa4  PA:10000fb6
27294150ns          482135 1c00909e 00008067 jalr             x0, x1, 0            x1:1c0093e8
27294209ns          482138 1c0093e8 2dc15583 lhu              x11, 732(x2)        x11=000000c6  x2:10000cd8  PA:10000fb4
27294249ns          482140 1c0093ec 2de15783 lhu              x15, 734(x2)        x15=000000a3  x2:10000cd8  PA:10000fb6
27294269ns          482141 1c0093f0 40b90933 sub              x18, x18, x11       x18=00000011 x18:000000d7 x11:000000c6
27294289ns          482142 1c0093f4 40f484b3 sub              x9, x9, x15          x9=ffffffde  x9:00000081 x15:000000a3
27294309ns          482143 1c0093f6 100945b3 p.exths          x11, x18, x0        x11=00000011 x18:00000011
27294328ns          482144 1c0093fa 1004c7b3 p.exths          x15, x9, x0         x15=ffffffde  x9:ffffffde
27294348ns          482145 1c0093fe 034586b3 mul              x13, x11, x20       x13=00000dae x11:00000011 x20:000000ce
27294368ns          482146 1c009402 03378533 mul              x10, x15, x19       x10=ffffedf0 x15:ffffffde x19:00000088
27294388ns          482147 1c009406 034a0633 mul              x12, x20, x20       x12=0000a5c4 x20:000000ce x20:000000ce
27294408ns          482148 1c00940a 03398733 mul              x14, x19, x19       x14=00004840 x19:00000088 x19:00000088
27294448ns          482150 1c00940e 034787b3 mul              x15, x15, x20       x15=ffffe4a4 x15:ffffffde x20:000000ce
27294488ns          482152 1c009412 033585b3 mul              x11, x11, x19       x11=00000908 x11:00000011 x19:00000088
27294507ns          482153 1c009416 40a75713 srai             x14, x14, 0x40a     x14=00000012 x14:00004840
27294527ns          482154 1c009418 40a5d593 srai             x11, x11, 0x40a     x11=00000002 x11:00000908
27294547ns          482155 1c00941a 40a65613 srai             x12, x12, 0x40a     x12=00000029 x12:0000a5c4
27294567ns          482156 1c00941c 40a7d793 srai             x15, x15, 0x40a     x15=fffffff9 x15:ffffe4a4
27294587ns          482157 1c00941e 1c0034b7 lui              x9, 0x1c003000       x9=1c003000
27294607ns          482158 1c009422 00e60633 add              x12, x12, x14       x12=0000003b x12:00000029 x14:00000012
27294627ns          482159 1c009424 40b787b3 sub              x15, x15, x11       x15=fffffff7 x15:fffffff9 x11:00000002
27294647ns          482160 1c009426 eb048493 addi             x9, x9, -336         x9=1c002eb0  x9:1c003000
27294667ns          482161 1c00942a 1c0032b7 lui              x5, 0x1c003000       x5=1c003000
27294686ns          482162 1c00942e 1c0035b7 lui              x11, 0x1c003000     x11=1c003000
27294706ns          482163 1c009432 018483b3 add              x7, x9, x24          x7=1c002eb2  x9:1c002eb0 x24:00000002
27294726ns          482164 1c009436 02812e83 lw               x29, 40(x2)         x29=1c002ec2  x2:10000cd8  PA:10000d00
27294746ns          482165 1c009438 10065633 p.exthz          x12, x12, x0        x12=0000003b x12:0000003b
27294766ns          482166 1c00943c e8028293 addi             x5, x5, -384         x5=1c002e80  x5:1c003000
27294786ns          482167 1c009440 ea058593 addi             x11, x11, -352      x11=1c002ea0 x11:1c003000
27294806ns          482168 1c009444 03812483 lw               x9, 56(x2)           x9=1c002ee2  x2:10000cd8  PA:10000d10
27294826ns          482169 1c009446 10064733 p.exths          x14, x12, x0        x14=0000003b x12:0000003b
27294846ns          482170 1c00944a 018280b3 add              x1, x5, x24          x1=1c002e82  x5:1c002e80 x24:00000002
27294865ns          482171 1c00944e 03012f03 lw               x30, 48(x2)         x30=1c002ed2  x2:10000cd8  PA:10000d08
27294885ns          482172 1c009450 018582b3 add              x5, x11, x24         x5=1c002ea2 x11:1c002ea0 x24:00000002
27294905ns          482173 1c009454 04012583 lw               x11, 64(x2)         x11=1c002ef2  x2:10000cd8  PA:10000d18
27294925ns          482174 1c009456 000edd83 lhu              x27, 0(x29)         x27=00001984 x29:1c002ec2  PA:1c002ec2
27295243ns          482190 1c00945a 0004d483 lhu              x9, 0(x9)            x9=000001ca  x9:1c002ee2  PA:1c002ee2
27295542ns          482205 1c00945e 02e70333 mul              x6, x14, x14         x6=00000d99 x14:0000003b x14:0000003b
27295562ns          482206 1c009462 40a55513 srai             x10, x10, 0x40a     x10=fffffffb x10:ffffedf0
27295581ns          482207 1c009464 04812e83 lw               x29, 72(x2)         x29=1c002f02  x2:10000cd8  PA:10000d20
27295601ns          482208 1c009466 40a6d693 srai             x13, x13, 0x40a     x13=00000003 x13:00000dae
27295621ns          482209 1c009468 000f5d03 lhu              x26, 0(x30)         x26=000005dc x30:1c002ed2  PA:1c002ed2
27295939ns          482225 1c00946c 0005d583 lhu              x11, 0(x11)         x11=000000a5 x11:1c002ef2  PA:1c002ef2
27296238ns          482240 1c009470 40a35313 srai             x6, x6, 0x40a        x6=00000003  x6:00000d99
27296258ns          482241 1c009474 00a686b3 add              x13, x13, x10       x13=fffffffe x13:00000003 x10:fffffffb
27296278ns          482242 1c009476 05012f03 lw               x30, 80(x2)         x30=1c002e72  x2:10000cd8  PA:10000d28
27296297ns          482243 1c009478 10034e33 p.exths          x28, x6, x0         x28=00000003  x6:00000003
27296317ns          482244 1c00947c 06911023 sh               x9, 96(x2)           x9:000001ca  x2:10000cd8  PA:10000d38
27296337ns          482245 1c009480 000ede83 lhu              x29, 0(x29)         x29=00000040 x29:1c002f02  PA:1c002f02
27296636ns          482260 1c009484 05812483 lw               x9, 88(x2)           x9=1c002e62  x2:10000cd8  PA:10000d30
27296655ns          482261 1c009486 1006d6b3 p.exthz          x13, x13, x0        x13=0000fffe x13:fffffffe
27296675ns          482262 1c00948a 02ee08b3 mul              x17, x28, x14       x17=000000b1 x28:00000003 x14:0000003b
27296695ns          482263 1c00948e 1006c833 p.exths          x16, x13, x0        x16=fffffffe x13:0000fffe
27296715ns          482264 1c009492 06b11823 sh               x11, 112(x2)        x11:000000a5  x2:10000cd8  PA:10000d48
27296735ns          482265 1c009496 000f5f03 lhu              x30, 0(x30)         x30=0000fec5 x30:1c002e72  PA:1c002e72
27297033ns          482280 1c00949a 0a012583 lw               x11, 160(x2)        x11=1c002e92  x2:10000cd8  PA:10000d78
27297053ns          482281 1c00949c 1007d7b3 p.exthz          x15, x15, x0        x15=0000fff7 x15:fffffff7
27297073ns          482282 1c0094a0 0004da03 lhu              x20, 0(x9)          x20=0000fa32  x9:1c002e62  PA:1c002e62
27297371ns          482297 1c0094a4 1007c533 p.exths          x10, x15, x0        x10=fffffff7 x15:0000fff7
27297391ns          482298 1c0094a8 09d11023 sh               x29, 128(x2)        x29:00000040  x2:10000cd8  PA:10000d58
27297411ns          482299 1c0094ac 0003d483 lhu              x9, 0(x7)            x9=0000ffc5  x7:1c002eb2  PA:1c002eb2
27297709ns          482314 1c0094b0 02e80eb3 mul              x29, x16, x14       x29=ffffff8a x16:fffffffe x14:0000003b
27297729ns          482315 1c0094b4 40a8d893 srai             x17, x17, 0x40a     x17=00000000 x17:000000b1
27297749ns          482316 1c0094b8 03c80833 mul              x16, x16, x28       x16=fffffffa x16:fffffffe x28:00000003
27297769ns          482317 1c0094bc 09e11823 sh               x30, 144(x2)        x30:0000fec5  x2:10000cd8  PA:10000d68
27297789ns          482318 1c0094c0 0005d983 lhu              x19, 0(x11)         x19=0000ff8c x11:1c002e92  PA:1c002e92
27298147ns          482336 1c0094c4 81c88f5b p.muls           x30, x17, x28       x30=00000000 x17:00000000 x28:00000003
27298167ns          482337 1c0094c8 0002d583 lhu              x11, 0(x5)          x11=0000ff63  x5:1c002ea2  PA:1c002ea2
27298485ns          482353 1c0094cc 03ce0fb3 mul              x31, x28, x28       x31=00000009 x28:00000003 x28:00000003
27298505ns          482354 1c0094d0 02e50733 mul              x14, x10, x14       x14=fffffded x10:fffffff7 x14:0000003b
27298525ns          482355 1c0094d4 40a85813 srai             x16, x16, 0x40a     x16=ffffffff x16:fffffffa
27298545ns          482356 1c0094d8 03c50533 mul              x10, x10, x28       x10=ffffffe5 x10:fffffff7 x28:00000003
27298565ns          482357 1c0094dc 07015e03 lhu              x28, 112(x2)        x28=000000a5  x2:10000cd8  PA:10000d48
27298604ns          482359 1c0094e0 01b60633 add              x12, x12, x27       x12=000019bf x12:0000003b x27:00001984
27298624ns          482360 1c0094e2 00980833 add              x16, x16, x9        x16=0000ffc4 x16:ffffffff  x9:0000ffc5
27298644ns          482361 1c0094e4 06015d83 lhu              x27, 96(x2)         x27=000001ca  x2:10000cd8  PA:10000d38
27298664ns          482362 1c0094e8 02812483 lw               x9, 40(x2)           x9=1c002ec2  x2:10000cd8  PA:10000d00
27298684ns          482363 1c0094ea 40afdf93 srai             x31, x31, 0x40a     x31=00000000 x31:00000009
27298704ns          482364 1c0094ee 40a55513 srai             x10, x10, 0x40a     x10=ffffffff x10:ffffffe5
27298724ns          482365 1c0094f0 01cf8fb3 add              x31, x31, x28       x31=000000a5 x31:00000000 x28:000000a5
27298744ns          482366 1c0094f2 00b50533 add              x10, x10, x11       x10=0000ff62 x10:ffffffff x11:0000ff63
27298764ns          482367 1c0094f4 09015e03 lhu              x28, 144(x2)        x28=0000fec5  x2:10000cd8  PA:10000d68
27298783ns          482368 1c0094f8 03012583 lw               x11, 48(x2)         x11=1c002ed2  x2:10000cd8  PA:10000d08
27298803ns          482369 1c0094fa 00c49023 sh               x12, 0(x9)          x12:000019bf  x9:1c002ec2  PA:1c002ec2
27299161ns          482387 1c0094fe 01b888b3 add              x17, x17, x27       x17=000001ca x17:00000000 x27:000001ca
27299181ns          482388 1c009500 01a30333 add              x6, x6, x26          x6=000005df  x6:00000003 x26:000005dc
27299201ns          482389 1c009502 08015d83 lhu              x27, 128(x2)        x27=00000040  x2:10000cd8  PA:10000d58
27299221ns          482390 1c009506 0000d903 lhu              x18, 0(x1)          x18=0000fe67  x1:1c002e82  PA:1c002e82
27299519ns          482405 1c00950a 01c686b3 add              x13, x13, x28       x13=0001fec3 x13:0000fffe x28:0000fec5
27299539ns          482406 1c00950c 00659023 sh               x6, 0(x11)           x6:000005df x11:1c002ed2  PA:1c002ed2
27299857ns          482422 1c009510 40af5f13 srai             x30, x30, 0x40a     x30=00000000 x30:00000000
27299877ns          482423 1c009514 04812e03 lw               x28, 72(x2)         x28=1c002f02  x2:10000cd8  PA:10000d20
27299897ns          482424 1c009516 01bf0f33 add              x30, x30, x27       x30=00000040 x30:00000000 x27:00000040
27299917ns          482425 1c009518 40aede93 srai             x29, x29, 0x40a     x29=ffffffff x29:ffffff8a
27299937ns          482426 1c00951c 40a75713 srai             x14, x14, 0x40a     x14=ffffffff x14:fffffded
27299957ns          482427 1c00951e 03812603 lw               x12, 56(x2)         x12=1c002ee2  x2:10000cd8  PA:10000d10
27299977ns          482428 1c009520 04012d83 lw               x27, 64(x2)         x27=1c002ef2  x2:10000cd8  PA:10000d18
27299997ns          482429 1c009522 01ee1023 sh               x30, 0(x28)         x30:00000040 x28:1c002f02  PA:1c002f02
27300315ns          482445 1c009526 05812483 lw               x9, 88(x2)           x9=1c002e62  x2:10000cd8  PA:10000d30
27300335ns          482446 1c009528 05012f03 lw               x30, 80(x2)         x30=1c002e72  x2:10000cd8  PA:10000d28
27300374ns          482448 1c00952a 0a012583 lw               x11, 160(x2)        x11=1c002e92  x2:10000cd8  PA:10000d78
27300394ns          482449 1c00952c 014787b3 add              x15, x15, x20       x15=0001fa29 x15:0000fff7 x20:0000fa32
27300414ns          482450 1c00952e 013e8eb3 add              x29, x29, x19       x29=0000ff8b x29:ffffffff x19:0000ff8c
27300434ns          482451 1c009530 01270733 add              x14, x14, x18       x14=0000fe66 x14:ffffffff x18:0000fe67
27300454ns          482452 1c009532 00f49023 sh               x15, 0(x9)          x15:0001fa29  x9:1c002e62  PA:1c002e62
27300832ns          482471 1c009536 01161023 sh               x17, 0(x12)         x17:000001ca x12:1c002ee2  PA:1c002ee2
27301170ns          482488 1c00953a 01fd9023 sh               x31, 0(x27)         x31:000000a5 x27:1c002ef2  PA:1c002ef2
27301488ns          482504 1c00953e 00df1023 sh               x13, 0(x30)         x13:0001fec3 x30:1c002e72  PA:1c002e72
27301826ns          482521 1c009542 01d59023 sh               x29, 0(x11)         x29:0000ff8b x11:1c002e92  PA:1c002e92
27302144ns          482537 1c009546 00e09023 sh               x14, 0(x1)          x14:0000fe66  x1:1c002e82  PA:1c002e82
27302463ns          482553 1c00954a 01039023 sh               x16, 0(x7)          x16:0000ffc4  x7:1c002eb2  PA:1c002eb2
27302781ns          482569 1c00954e 00a29023 sh               x10, 0(x5)          x10:0000ff62  x5:1c002ea2  PA:1c002ea2
27303119ns          482586 1c009552 008b0b13 addi             x22, x22, 8         x22=00000191 x22:00000189
27303139ns          482587 1c009554 1f300793 addi             x15, x0, 499        x15=000001f3
27303159ns          482588 1c009558 e767dae3 bge              x15, x22, -396      x15:000001f3 x22:00000191
27303218ns          482591 1c0093cc 010c9a0b p.lh             x20, 16(x25!)       x20=fffffeaf x25=1c0029ba x25:1c0029aa  PA:1c0029aa
27303557ns          482608 1c0093d0 0104198b p.lh             x19, 16(x8!)        x19=ffffffd8  x8=1c002182  x8:1c002172  PA:1c002172
27303875ns          482624 1c0093d4 2cc10513 addi             x10, x2, 716        x10=10000fa4  x2:10000cd8
27303895ns          482625 1c0093d6 010a990b p.lh             x18, 16(x21!)       x18=fffffe9b x21=1c0019ae x21:1c00199e  PA:1c00199e
27304193ns          482640 1c0093da 010b948b p.lh             x9, 16(x23!)         x9=fffffffe x23=1c0011de x23:1c0011ce  PA:1c0011ce
27304491ns          482655 1c0093de 2d411623 sh               x20, 716(x2)        x20:fffffeaf  x2:10000cd8  PA:10000fa4
27304531ns          482657 1c0093e2 2d311723 sh               x19, 718(x2)        x19:ffffffd8  x2:10000cd8  PA:10000fa6
27304551ns          482658 1c0093e6 c33ff0ef jal              x1, -974             x1=1c0093e8
27304630ns          482662 1c009018 00051803 lh               x16, 0(x10)         x16=fffffeaf x10:10000fa4  PA:10000fa4
27304690ns          482665 1c00901c 00251883 lh               x17, 2(x10)         x17=ffffffd8 x10:10000fa4  PA:10000fa6
27304730ns          482667 1c009020 030806b3 mul              x13, x16, x16       x13=0001bba1 x16:fffffeaf x16:fffffeaf
27304770ns          482669 1c009024 03188633 mul              x12, x17, x17       x12=00000640 x17:ffffffd8 x17:ffffffd8
27304790ns          482670 1c009028 40a65613 srai             x12, x12, 0x40a     x12=00000001 x12:00000640
27304809ns          482671 1c00902a 40a6d693 srai             x13, x13, 0x40a     x13=0000006e x13:0001bba1
27304829ns          482672 1c00902c 00c686b3 add              x13, x13, x12       x13=0000006f x13:0000006e x12:00000001
27304849ns          482673 1c00902e 1006c633 p.exths          x12, x13, x0        x12=0000006f x13:0000006f
27304869ns          482674 1c009032 00855703 lhu              x14, 8(x10)         x14=0000ffd1 x10:10000fa4  PA:10000fac
27304889ns          482675 1c009036 00a55683 lhu              x13, 10(x10)        x13=0000ff6a x10:10000fa4  PA:10000fae
27304909ns          482676 1c00903a 02c60333 mul              x6, x12, x12         x6=00003021 x12:0000006f x12:0000006f
27304949ns          482678 1c00903e 00c55783 lhu              x15, 12(x10)        x15=0000ffe5 x10:10000fa4  PA:10000fb0
27304988ns          482680 1c009042 00e55583 lhu              x11, 14(x10)        x11=00000060 x10:10000fa4  PA:10000fb2
27305008ns          482681 1c009046 dea30333 p.extract        x6, x6, 15, 10       x6=0000000c  x6:00003021
27305028ns          482682 1c00904a 80c7075b p.muls           x14, x14, x12       x14=ffffeb9f x14:0000ffd1 x12:0000006f
27305048ns          482683 1c00904e 80c686db p.muls           x13, x13, x12       x13=ffffbef6 x13:0000ff6a x12:0000006f
27305068ns          482684 1c009052 00455e83 lhu              x29, 4(x10)         x29=00000427 x10:10000fa4  PA:10000fa8
27305088ns          482685 1c009056 00655e03 lhu              x28, 6(x10)         x28=0000007f x10:10000fa4  PA:10000faa
27305108ns          482686 1c00905a 40a75713 srai             x14, x14, 0x40a     x14=fffffffa x14:ffffeb9f
27305128ns          482687 1c00905c 806787db p.muls           x15, x15, x6        x15=fffffebc x15:0000ffe5  x6:0000000c
27305167ns          482689 1c009060 40a6d693 srai             x13, x13, 0x40a     x13=ffffffef x13:ffffbef6
27305207ns          482691 1c009062 8065865b p.muls           x12, x11, x6        x12=00000480 x11:00000060  x6:0000000c
27305227ns          482692 1c009066 40a7d793 srai             x15, x15, 0x40a     x15=ffffffff x15:fffffebc
27305247ns          482693 1c009068 40a65613 srai             x12, x12, 0x40a     x12=00000001 x12:00000480
27305267ns          482694 1c00906a 01d70733 add              x14, x14, x29       x14=00000421 x14:fffffffa x29:00000427
27305287ns          482695 1c00906c 01c686b3 add              x13, x13, x28       x13=0000006e x13:ffffffef x28:0000007f
27305307ns          482696 1c00906e 00c686b3 add              x13, x13, x12       x13=0000006f x13:0000006e x12:00000001
27305327ns          482697 1c009070 00f70733 add              x14, x14, x15       x14=00000420 x14:00000421 x15:ffffffff
27305346ns          482698 1c009072 100747b3 p.exths          x15, x14, x0        x15=00000420 x14:00000420
27305366ns          482699 1c009076 1006c733 p.exths          x14, x13, x0        x14=0000006f x13:0000006f
27305386ns          482700 1c00907a 03170633 mul              x12, x14, x17       x12=ffffeea8 x14:0000006f x17:ffffffd8
27305406ns          482701 1c00907e 030786b3 mul              x13, x15, x16       x13=fffa91e0 x15:00000420 x16:fffffeaf
27305426ns          482702 1c009082 03070733 mul              x14, x14, x16       x14=ffff6de1 x14:0000006f x16:fffffeaf
27305446ns          482703 1c009086 031787b3 mul              x15, x15, x17       x15=ffff5b00 x15:00000420 x17:ffffffd8
27305466ns          482704 1c00908a 40a6d693 srai             x13, x13, 0x40a     x13=fffffea4 x13:fffa91e0
27305486ns          482705 1c00908c 40a65613 srai             x12, x12, 0x40a     x12=fffffffb x12:ffffeea8
27305506ns          482706 1c00908e 40a7d793 srai             x15, x15, 0x40a     x15=ffffffd6 x15:ffff5b00
27305525ns          482707 1c009090 40a75713 srai             x14, x14, 0x40a     x14=ffffffdb x14:ffff6de1
27305545ns          482708 1c009092 40c686b3 sub              x13, x13, x12       x13=fffffea9 x13:fffffea4 x12:fffffffb
27305565ns          482709 1c009094 00e787b3 add              x15, x15, x14       x15=ffffffb1 x15:ffffffd6 x14:ffffffdb
27305585ns          482710 1c009096 00d51823 sh               x13, 16(x10)        x13:fffffea9 x10:10000fa4  PA:10000fb4
27305605ns          482711 1c00909a 00f51923 sh               x15, 18(x10)        x15:ffffffb1 x10:10000fa4  PA:10000fb6
27305625ns          482712 1c00909e 00008067 jalr             x0, x1, 0            x1:1c0093e8
27305744ns          482718 1c0093e8 2dc15583 lhu              x11, 732(x2)        x11=0000fea9  x2:10000cd8  PA:10000fb4
27305784ns          482720 1c0093ec 2de15783 lhu              x15, 734(x2)        x15=0000ffb1  x2:10000cd8  PA:10000fb6
27305804ns          482721 1c0093f0 40b90933 sub              x18, x18, x11       x18=fffefff2 x18:fffffe9b x11:0000fea9
27305824ns          482722 1c0093f4 40f484b3 sub              x9, x9, x15          x9=ffff004d  x9:fffffffe x15:0000ffb1
27305844ns          482723 1c0093f6 100945b3 p.exths          x11, x18, x0        x11=fffffff2 x18:fffefff2
27305864ns          482724 1c0093fa 1004c7b3 p.exths          x15, x9, x0         x15=0000004d  x9:ffff004d
27305883ns          482725 1c0093fe 034586b3 mul              x13, x11, x20       x13=0000126e x11:fffffff2 x20:fffffeaf
27305903ns          482726 1c009402 03378533 mul              x10, x15, x19       x10=fffff3f8 x15:0000004d x19:ffffffd8
27305923ns          482727 1c009406 034a0633 mul              x12, x20, x20       x12=0001bba1 x20:fffffeaf x20:fffffeaf
27305943ns          482728 1c00940a 03398733 mul              x14, x19, x19       x14=00000640 x19:ffffffd8 x19:ffffffd8
27306003ns          482731 1c00940e 034787b3 mul              x15, x15, x20       x15=ffff9aa3 x15:0000004d x20:fffffeaf
27306043ns          482733 1c009412 033585b3 mul              x11, x11, x19       x11=00000230 x11:fffffff2 x19:ffffffd8
27306062ns          482734 1c009416 40a75713 srai             x14, x14, 0x40a     x14=00000001 x14:00000640
27306082ns          482735 1c009418 40a5d593 srai             x11, x11, 0x40a     x11=00000000 x11:00000230
27306102ns          482736 1c00941a 40a65613 srai             x12, x12, 0x40a     x12=0000006e x12:0001bba1
27306122ns          482737 1c00941c 40a7d793 srai             x15, x15, 0x40a     x15=ffffffe6 x15:ffff9aa3
27306142ns          482738 1c00941e 1c0034b7 lui              x9, 0x1c003000       x9=1c003000
27306162ns          482739 1c009422 00e60633 add              x12, x12, x14       x12=0000006f x12:0000006e x14:00000001
27306182ns          482740 1c009424 40b787b3 sub              x15, x15, x11       x15=ffffffe6 x15:ffffffe6 x11:00000000
27306202ns          482741 1c009426 eb048493 addi             x9, x9, -336         x9=1c002eb0  x9:1c003000
27306222ns          482742 1c00942a 1c0032b7 lui              x5, 0x1c003000       x5=1c003000
27306241ns          482743 1c00942e 1c0035b7 lui              x11, 0x1c003000     x11=1c003000
27306261ns          482744 1c009432 018483b3 add              x7, x9, x24          x7=1c002eb2  x9:1c002eb0 x24:00000002
27306281ns          482745 1c009436 02812e83 lw               x29, 40(x2)         x29=1c002ec2  x2:10000cd8  PA:10000d00
27306301ns          482746 1c009438 10065633 p.exthz          x12, x12, x0        x12=0000006f x12:0000006f
27306321ns          482747 1c00943c e8028293 addi             x5, x5, -384         x5=1c002e80  x5:1c003000
27306341ns          482748 1c009440 ea058593 addi             x11, x11, -352      x11=1c002ea0 x11:1c003000
27306361ns          482749 1c009444 03812483 lw               x9, 56(x2)           x9=1c002ee2  x2:10000cd8  PA:10000d10
27306381ns          482750 1c009446 10064733 p.exths          x14, x12, x0        x14=0000006f x12:0000006f
27306401ns          482751 1c00944a 018280b3 add              x1, x5, x24          x1=1c002e82  x5:1c002e80 x24:00000002
27306420ns          482752 1c00944e 03012f03 lw               x30, 48(x2)         x30=1c002ed2  x2:10000cd8  PA:10000d08
27306440ns          482753 1c009450 018582b3 add              x5, x11, x24         x5=1c002ea2 x11:1c002ea0 x24:00000002
27306460ns          482754 1c009454 04012583 lw               x11, 64(x2)         x11=1c002ef2  x2:10000cd8  PA:10000d18
27306480ns          482755 1c009456 000edd83 lhu              x27, 0(x29)         x27=000019bf x29:1c002ec2  PA:1c002ec2
27306838ns          482773 1c00945a 0004d483 lhu              x9, 0(x9)            x9=000001ca  x9:1c002ee2  PA:1c002ee2
27307156ns          482789 1c00945e 02e70333 mul              x6, x14, x14         x6=00003021 x14:0000006f x14:0000006f
27307176ns          482790 1c009462 40a55513 srai             x10, x10, 0x40a     x10=fffffffc x10:fffff3f8
27307196ns          482791 1c009464 04812e83 lw               x29, 72(x2)         x29=1c002f02  x2:10000cd8  PA:10000d20
27307216ns          482792 1c009466 40a6d693 srai             x13, x13, 0x40a     x13=00000004 x13:0000126e
27307236ns          482793 1c009468 000f5d03 lhu              x26, 0(x30)         x26=000005df x30:1c002ed2  PA:1c002ed2
27307594ns          482811 1c00946c 0005d583 lhu              x11, 0(x11)         x11=000000a5 x11:1c002ef2  PA:1c002ef2
27307892ns          482826 1c009470 40a35313 srai             x6, x6, 0x40a        x6=0000000c  x6:00003021
27307912ns          482827 1c009474 00a686b3 add              x13, x13, x10       x13=00000000 x13:00000004 x10:fffffffc
27307932ns          482828 1c009476 05012f03 lw               x30, 80(x2)         x30=1c002e72  x2:10000cd8  PA:10000d28
27307952ns          482829 1c009478 10034e33 p.exths          x28, x6, x0         x28=0000000c  x6:0000000c
27307972ns          482830 1c00947c 06911023 sh               x9, 96(x2)           x9:000001ca  x2:10000cd8  PA:10000d38
27307992ns          482831 1c009480 000ede83 lhu              x29, 0(x29)         x29=00000040 x29:1c002f02  PA:1c002f02
27308330ns          482848 1c009484 05812483 lw               x9, 88(x2)           x9=1c002e62  x2:10000cd8  PA:10000d30
27308350ns          482849 1c009486 1006d6b3 p.exthz          x13, x13, x0        x13=00000000 x13:00000000
27308369ns          482850 1c00948a 02ee08b3 mul              x17, x28, x14       x17=00000534 x28:0000000c x14:0000006f
27308389ns          482851 1c00948e 1006c833 p.exths          x16, x13, x0        x16=00000000 x13:00000000
27308409ns          482852 1c009492 06b11823 sh               x11, 112(x2)        x11:000000a5  x2:10000cd8  PA:10000d48
27308429ns          482853 1c009496 000f5f03 lhu              x30, 0(x30)         x30=0000fec3 x30:1c002e72  PA:1c002e72
27308727ns          482868 1c00949a 0a012583 lw               x11, 160(x2)        x11=1c002e92  x2:10000cd8  PA:10000d78
27308747ns          482869 1c00949c 1007d7b3 p.exthz          x15, x15, x0        x15=0000ffe6 x15:ffffffe6
27308767ns          482870 1c0094a0 0004da03 lhu              x20, 0(x9)          x20=0000fa29  x9:1c002e62  PA:1c002e62
27309066ns          482885 1c0094a4 1007c533 p.exths          x10, x15, x0        x10=ffffffe6 x15:0000ffe6
27309085ns          482886 1c0094a8 09d11023 sh               x29, 128(x2)        x29:00000040  x2:10000cd8  PA:10000d58
27309105ns          482887 1c0094ac 0003d483 lhu              x9, 0(x7)            x9=0000ffc4  x7:1c002eb2  PA:1c002eb2
27309404ns          482902 1c0094b0 02e80eb3 mul              x29, x16, x14       x29=00000000 x16:00000000 x14:0000006f
27309423ns          482903 1c0094b4 40a8d893 srai             x17, x17, 0x40a     x17=00000001 x17:00000534
27309443ns          482904 1c0094b8 03c80833 mul              x16, x16, x28       x16=00000000 x16:00000000 x28:0000000c
27309463ns          482905 1c0094bc 09e11823 sh               x30, 144(x2)        x30:0000fec3  x2:10000cd8  PA:10000d68
27309483ns          482906 1c0094c0 0005d983 lhu              x19, 0(x11)         x19=0000ff8b x11:1c002e92  PA:1c002e92
27309821ns          482923 1c0094c4 81c88f5b p.muls           x30, x17, x28       x30=0000000c x17:00000001 x28:0000000c
27309841ns          482924 1c0094c8 0002d583 lhu              x11, 0(x5)          x11=0000ff62  x5:1c002ea2  PA:1c002ea2
27310179ns          482941 1c0094cc 03ce0fb3 mul              x31, x28, x28       x31=00000090 x28:0000000c x28:0000000c
27310199ns          482942 1c0094d0 02e50733 mul              x14, x10, x14       x14=fffff4ba x10:ffffffe6 x14:0000006f
27310219ns          482943 1c0094d4 40a85813 srai             x16, x16, 0x40a     x16=00000000 x16:00000000
27310239ns          482944 1c0094d8 03c50533 mul              x10, x10, x28       x10=fffffec8 x10:ffffffe6 x28:0000000c
27310259ns          482945 1c0094dc 07015e03 lhu              x28, 112(x2)        x28=000000a5  x2:10000cd8  PA:10000d48
27310279ns          482946 1c0094e0 01b60633 add              x12, x12, x27       x12=00001a2e x12:0000006f x27:000019bf
27310299ns          482947 1c0094e2 00980833 add              x16, x16, x9        x16=0000ffc4 x16:00000000  x9:0000ffc4
27310318ns          482948 1c0094e4 06015d83 lhu              x27, 96(x2)         x27=000001ca  x2:10000cd8  PA:10000d38
27310338ns          482949 1c0094e8 02812483 lw               x9, 40(x2)           x9=1c002ec2  x2:10000cd8  PA:10000d00
27310358ns          482950 1c0094ea 40afdf93 srai             x31, x31, 0x40a     x31=00000000 x31:00000090
27310378ns          482951 1c0094ee 40a55513 srai             x10, x10, 0x40a     x10=ffffffff x10:fffffec8
27310398ns          482952 1c0094f0 01cf8fb3 add              x31, x31, x28       x31=000000a5 x31:00000000 x28:000000a5
27310418ns          482953 1c0094f2 00b50533 add              x10, x10, x11       x10=0000ff61 x10:ffffffff x11:0000ff62
27310438ns          482954 1c0094f4 09015e03 lhu              x28, 144(x2)        x28=0000fec3  x2:10000cd8  PA:10000d68
27310458ns          482955 1c0094f8 03012583 lw               x11, 48(x2)         x11=1c002ed2  x2:10000cd8  PA:10000d08
27310478ns          482956 1c0094fa 00c49023 sh               x12, 0(x9)          x12:00001a2e  x9:1c002ec2  PA:1c002ec2
27310796ns          482972 1c0094fe 01b888b3 add              x17, x17, x27       x17=000001cb x17:00000001 x27:000001ca
27310816ns          482973 1c009500 01a30333 add              x6, x6, x26          x6=000005eb  x6:0000000c x26:000005df
27310836ns          482974 1c009502 08015d83 lhu              x27, 128(x2)        x27=00000040  x2:10000cd8  PA:10000d58
27310855ns          482975 1c009506 0000d903 lhu              x18, 0(x1)          x18=0000fe66  x1:1c002e82  PA:1c002e82
27311154ns          482990 1c00950a 01c686b3 add              x13, x13, x28       x13=0000fec3 x13:00000000 x28:0000fec3
27311174ns          482991 1c00950c 00659023 sh               x6, 0(x11)           x6:000005eb x11:1c002ed2  PA:1c002ed2
27311492ns          483007 1c009510 40af5f13 srai             x30, x30, 0x40a     x30=00000000 x30:0000000c
27311512ns          483008 1c009514 04812e03 lw               x28, 72(x2)         x28=1c002f02  x2:10000cd8  PA:10000d20
27311532ns          483009 1c009516 01bf0f33 add              x30, x30, x27       x30=00000040 x30:00000000 x27:00000040
27311552ns          483010 1c009518 40aede93 srai             x29, x29, 0x40a     x29=00000000 x29:00000000
27311571ns          483011 1c00951c 40a75713 srai             x14, x14, 0x40a     x14=fffffffd x14:fffff4ba
27311591ns          483012 1c00951e 03812603 lw               x12, 56(x2)         x12=1c002ee2  x2:10000cd8  PA:10000d10
27311611ns          483013 1c009520 04012d83 lw               x27, 64(x2)         x27=1c002ef2  x2:10000cd8  PA:10000d18
27311631ns          483014 1c009522 01ee1023 sh               x30, 0(x28)         x30:00000040 x28:1c002f02  PA:1c002f02
27311949ns          483030 1c009526 05812483 lw               x9, 88(x2)           x9=1c002e62  x2:10000cd8  PA:10000d30
27311969ns          483031 1c009528 05012f03 lw               x30, 80(x2)         x30=1c002e72  x2:10000cd8  PA:10000d28
27311989ns          483032 1c00952a 0a012583 lw               x11, 160(x2)        x11=1c002e92  x2:10000cd8  PA:10000d78
27312009ns          483033 1c00952c 014787b3 add              x15, x15, x20       x15=0001fa0f x15:0000ffe6 x20:0000fa29
27312029ns          483034 1c00952e 013e8eb3 add              x29, x29, x19       x29=0000ff8b x29:00000000 x19:0000ff8b
27312049ns          483035 1c009530 01270733 add              x14, x14, x18       x14=0000fe63 x14:fffffffd x18:0000fe66
27312069ns          483036 1c009532 00f49023 sh               x15, 0(x9)          x15:0001fa0f  x9:1c002e62  PA:1c002e62
27312407ns          483053 1c009536 01161023 sh               x17, 0(x12)         x17:000001cb x12:1c002ee2  PA:1c002ee2
27312725ns          483069 1c00953a 01fd9023 sh               x31, 0(x27)         x31:000000a5 x27:1c002ef2  PA:1c002ef2
27313043ns          483085 1c00953e 00df1023 sh               x13, 0(x30)         x13:0000fec3 x30:1c002e72  PA:1c002e72
27313401ns          483103 1c009542 01d59023 sh               x29, 0(x11)         x29:0000ff8b x11:1c002e92  PA:1c002e92
27313739ns          483120 1c009546 00e09023 sh               x14, 0(x1)          x14:0000fe63  x1:1c002e82  PA:1c002e82
27314057ns          483136 1c00954a 01039023 sh               x16, 0(x7)          x16:0000ffc4  x7:1c002eb2  PA:1c002eb2
27314395ns          483153 1c00954e 00a29023 sh               x10, 0(x5)          x10:0000ff61  x5:1c002ea2  PA:1c002ea2
27314714ns          483169 1c009552 008b0b13 addi             x22, x22, 8         x22=00000199 x22:00000191
27314734ns          483170 1c009554 1f300793 addi             x15, x0, 499        x15=000001f3
27314753ns          483171 1c009558 e767dae3 bge              x15, x22, -396      x15:000001f3 x22:00000199
27314853ns          483176 1c0093cc 010c9a0b p.lh             x20, 16(x25!)       x20=000000b3 x25=1c0029ca x25:1c0029ba  PA:1c0029ba
27315171ns          483192 1c0093d0 0104198b p.lh             x19, 16(x8!)        x19=0000005e  x8=1c002192  x8:1c002182  PA:1c002182
27315469ns          483207 1c0093d4 2cc10513 addi             x10, x2, 716        x10=10000fa4  x2:10000cd8
27315489ns          483208 1c0093d6 010a990b p.lh             x18, 16(x21!)       x18=000000bf x21=1c0019be x21:1c0019ae  PA:1c0019ae
27315808ns          483224 1c0093da 010b948b p.lh             x9, 16(x23!)         x9=0000005a x23=1c0011ee x23:1c0011de  PA:1c0011de
27316106ns          483239 1c0093de 2d411623 sh               x20, 716(x2)        x20:000000b3  x2:10000cd8  PA:10000fa4
27316146ns          483241 1c0093e2 2d311723 sh               x19, 718(x2)        x19:0000005e  x2:10000cd8  PA:10000fa6
27316166ns          483242 1c0093e6 c33ff0ef jal              x1, -974             x1=1c0093e8
27316205ns          483244 1c009018 00051803 lh               x16, 0(x10)         x16=000000b3 x10:10000fa4  PA:10000fa4
27316225ns          483245 1c00901c 00251883 lh               x17, 2(x10)         x17=0000005e x10:10000fa4  PA:10000fa6
27316285ns          483248 1c009020 030806b3 mul              x13, x16, x16       x13=00007d29 x16:000000b3 x16:000000b3
27316325ns          483250 1c009024 03188633 mul              x12, x17, x17       x12=00002284 x17:0000005e x17:0000005e
27316345ns          483251 1c009028 40a65613 srai             x12, x12, 0x40a     x12=00000008 x12:00002284
27316364ns          483252 1c00902a 40a6d693 srai             x13, x13, 0x40a     x13=0000001f x13:00007d29
27316384ns          483253 1c00902c 00c686b3 add              x13, x13, x12       x13=00000027 x13:0000001f x12:00000008
27316404ns          483254 1c00902e 1006c633 p.exths          x12, x13, x0        x12=00000027 x13:00000027
27316424ns          483255 1c009032 00855703 lhu              x14, 8(x10)         x14=0000ffd1 x10:10000fa4  PA:10000fac
27316444ns          483256 1c009036 00a55683 lhu              x13, 10(x10)        x13=0000ff6a x10:10000fa4  PA:10000fae
27316464ns          483257 1c00903a 02c60333 mul              x6, x12, x12         x6=000005f1 x12:00000027 x12:00000027
27316504ns          483259 1c00903e 00c55783 lhu              x15, 12(x10)        x15=0000ffe5 x10:10000fa4  PA:10000fb0
27316563ns          483262 1c009042 00e55583 lhu              x11, 14(x10)        x11=00000060 x10:10000fa4  PA:10000fb2
27316583ns          483263 1c009046 dea30333 p.extract        x6, x6, 15, 10       x6=00000001  x6:000005f1
27316603ns          483264 1c00904a 80c7075b p.muls           x14, x14, x12       x14=fffff8d7 x14:0000ffd1 x12:00000027
27316643ns          483266 1c00904e 80c686db p.muls           x13, x13, x12       x13=ffffe926 x13:0000ff6a x12:00000027
27316683ns          483268 1c009052 00455e83 lhu              x29, 4(x10)         x29=00000427 x10:10000fa4  PA:10000fa8
27316702ns          483269 1c009056 00655e03 lhu              x28, 6(x10)         x28=0000007f x10:10000fa4  PA:10000faa
27316722ns          483270 1c00905a 40a75713 srai             x14, x14, 0x40a     x14=fffffffe x14:fffff8d7
27316742ns          483271 1c00905c 806787db p.muls           x15, x15, x6        x15=ffffffe5 x15:0000ffe5  x6:00000001
27316782ns          483273 1c009060 40a6d693 srai             x13, x13, 0x40a     x13=fffffffa x13:ffffe926
27316822ns          483275 1c009062 8065865b p.muls           x12, x11, x6        x12=00000060 x11:00000060  x6:00000001
27316842ns          483276 1c009066 40a7d793 srai             x15, x15, 0x40a     x15=ffffffff x15:ffffffe5
27316862ns          483277 1c009068 40a65613 srai             x12, x12, 0x40a     x12=00000000 x12:00000060
27316881ns          483278 1c00906a 01d70733 add              x14, x14, x29       x14=00000425 x14:fffffffe x29:00000427
27316901ns          483279 1c00906c 01c686b3 add              x13, x13, x28       x13=00000079 x13:fffffffa x28:0000007f
27316921ns          483280 1c00906e 00c686b3 add              x13, x13, x12       x13=00000079 x13:00000079 x12:00000000
27316941ns          483281 1c009070 00f70733 add              x14, x14, x15       x14=00000424 x14:00000425 x15:ffffffff
27316961ns          483282 1c009072 100747b3 p.exths          x15, x14, x0        x15=00000424 x14:00000424
27316981ns          483283 1c009076 1006c733 p.exths          x14, x13, x0        x14=00000079 x13:00000079
27317001ns          483284 1c00907a 03170633 mul              x12, x14, x17       x12=00002c6e x14:00000079 x17:0000005e
27317021ns          483285 1c00907e 030786b3 mul              x13, x15, x16       x13=0002e52c x15:00000424 x16:000000b3
27317041ns          483286 1c009082 03070733 mul              x14, x14, x16       x14=0000549b x14:00000079 x16:000000b3
27317060ns          483287 1c009086 031787b3 mul              x15, x15, x17       x15=00018538 x15:00000424 x17:0000005e
27317080ns          483288 1c00908a 40a6d693 srai             x13, x13, 0x40a     x13=000000b9 x13:0002e52c
27317100ns          483289 1c00908c 40a65613 srai             x12, x12, 0x40a     x12=0000000b x12:00002c6e
27317120ns          483290 1c00908e 40a7d793 srai             x15, x15, 0x40a     x15=00000061 x15:00018538
27317140ns          483291 1c009090 40a75713 srai             x14, x14, 0x40a     x14=00000015 x14:0000549b
27317160ns          483292 1c009092 40c686b3 sub              x13, x13, x12       x13=000000ae x13:000000b9 x12:0000000b
27317180ns          483293 1c009094 00e787b3 add              x15, x15, x14       x15=00000076 x15:00000061 x14:00000015
27317200ns          483294 1c009096 00d51823 sh               x13, 16(x10)        x13:000000ae x10:10000fa4  PA:10000fb4
27317220ns          483295 1c00909a 00f51923 sh               x15, 18(x10)        x15:00000076 x10:10000fa4  PA:10000fb6
27317239ns          483296 1c00909e 00008067 jalr             x0, x1, 0            x1:1c0093e8
27317359ns          483302 1c0093e8 2dc15583 lhu              x11, 732(x2)        x11=000000ae  x2:10000cd8  PA:10000fb4
27317399ns          483304 1c0093ec 2de15783 lhu              x15, 734(x2)        x15=00000076  x2:10000cd8  PA:10000fb6
27317418ns          483305 1c0093f0 40b90933 sub              x18, x18, x11       x18=00000011 x18:000000bf x11:000000ae
27317438ns          483306 1c0093f4 40f484b3 sub              x9, x9, x15          x9=ffffffe4  x9:0000005a x15:00000076
27317458ns          483307 1c0093f6 100945b3 p.exths          x11, x18, x0        x11=00000011 x18:00000011
27317478ns          483308 1c0093fa 1004c7b3 p.exths          x15, x9, x0         x15=ffffffe4  x9:ffffffe4
27317498ns          483309 1c0093fe 034586b3 mul              x13, x11, x20       x13=00000be3 x11:00000011 x20:000000b3
27317518ns          483310 1c009402 03378533 mul              x10, x15, x19       x10=fffff5b8 x15:ffffffe4 x19:0000005e
27317538ns          483311 1c009406 034a0633 mul              x12, x20, x20       x12=00007d29 x20:000000b3 x20:000000b3
27317558ns          483312 1c00940a 03398733 mul              x14, x19, x19       x14=00002284 x19:0000005e x19:0000005e
27317617ns          483315 1c00940e 034787b3 mul              x15, x15, x20       x15=ffffec6c x15:ffffffe4 x20:000000b3
27317657ns          483317 1c009412 033585b3 mul              x11, x11, x19       x11=0000063e x11:00000011 x19:0000005e
27317677ns          483318 1c009416 40a75713 srai             x14, x14, 0x40a     x14=00000008 x14:00002284
27317697ns          483319 1c009418 40a5d593 srai             x11, x11, 0x40a     x11=00000001 x11:0000063e
27317717ns          483320 1c00941a 40a65613 srai             x12, x12, 0x40a     x12=0000001f x12:00007d29
27317737ns          483321 1c00941c 40a7d793 srai             x15, x15, 0x40a     x15=fffffffb x15:ffffec6c
27317757ns          483322 1c00941e 1c0034b7 lui              x9, 0x1c003000       x9=1c003000
27317776ns          483323 1c009422 00e60633 add              x12, x12, x14       x12=00000027 x12:0000001f x14:00000008
27317796ns          483324 1c009424 40b787b3 sub              x15, x15, x11       x15=fffffffa x15:fffffffb x11:00000001
27317816ns          483325 1c009426 eb048493 addi             x9, x9, -336         x9=1c002eb0  x9:1c003000
27317836ns          483326 1c00942a 1c0032b7 lui              x5, 0x1c003000       x5=1c003000
27317856ns          483327 1c00942e 1c0035b7 lui              x11, 0x1c003000     x11=1c003000
27317876ns          483328 1c009432 018483b3 add              x7, x9, x24          x7=1c002eb2  x9:1c002eb0 x24:00000002
27317896ns          483329 1c009436 02812e83 lw               x29, 40(x2)         x29=1c002ec2  x2:10000cd8  PA:10000d00
27317916ns          483330 1c009438 10065633 p.exthz          x12, x12, x0        x12=00000027 x12:00000027
27317936ns          483331 1c00943c e8028293 addi             x5, x5, -384         x5=1c002e80  x5:1c003000
27317955ns          483332 1c009440 ea058593 addi             x11, x11, -352      x11=1c002ea0 x11:1c003000
27317975ns          483333 1c009444 03812483 lw               x9, 56(x2)           x9=1c002ee2  x2:10000cd8  PA:10000d10
27317995ns          483334 1c009446 10064733 p.exths          x14, x12, x0        x14=00000027 x12:00000027
27318015ns          483335 1c00944a 018280b3 add              x1, x5, x24          x1=1c002e82  x5:1c002e80 x24:00000002
27318035ns          483336 1c00944e 03012f03 lw               x30, 48(x2)         x30=1c002ed2  x2:10000cd8  PA:10000d08
27318055ns          483337 1c009450 018582b3 add              x5, x11, x24         x5=1c002ea2 x11:1c002ea0 x24:00000002
27318075ns          483338 1c009454 04012583 lw               x11, 64(x2)         x11=1c002ef2  x2:10000cd8  PA:10000d18
27318095ns          483339 1c009456 000edd83 lhu              x27, 0(x29)         x27=00001a2e x29:1c002ec2  PA:1c002ec2
27318433ns          483356 1c00945a 0004d483 lhu              x9, 0(x9)            x9=000001cb  x9:1c002ee2  PA:1c002ee2
27318731ns          483371 1c00945e 02e70333 mul              x6, x14, x14         x6=000005f1 x14:00000027 x14:00000027
27318751ns          483372 1c009462 40a55513 srai             x10, x10, 0x40a     x10=fffffffd x10:fffff5b8
27318771ns          483373 1c009464 04812e83 lw               x29, 72(x2)         x29=1c002f02  x2:10000cd8  PA:10000d20
27318791ns          483374 1c009466 40a6d693 srai             x13, x13, 0x40a     x13=00000002 x13:00000be3
27318811ns          483375 1c009468 000f5d03 lhu              x26, 0(x30)         x26=000005eb x30:1c002ed2  PA:1c002ed2
27319149ns          483392 1c00946c 0005d583 lhu              x11, 0(x11)         x11=000000a5 x11:1c002ef2  PA:1c002ef2
27319447ns          483407 1c009470 40a35313 srai             x6, x6, 0x40a        x6=00000001  x6:000005f1
27319467ns          483408 1c009474 00a686b3 add              x13, x13, x10       x13=ffffffff x13:00000002 x10:fffffffd
27319487ns          483409 1c009476 05012f03 lw               x30, 80(x2)         x30=1c002e72  x2:10000cd8  PA:10000d28
27319507ns          483410 1c009478 10034e33 p.exths          x28, x6, x0         x28=00000001  x6:00000001
27319527ns          483411 1c00947c 06911023 sh               x9, 96(x2)           x9:000001cb  x2:10000cd8  PA:10000d38
27319546ns          483412 1c009480 000ede83 lhu              x29, 0(x29)         x29=00000040 x29:1c002f02  PA:1c002f02
27319904ns          483430 1c009484 05812483 lw               x9, 88(x2)           x9=1c002e62  x2:10000cd8  PA:10000d30
27319924ns          483431 1c009486 1006d6b3 p.exthz          x13, x13, x0        x13=0000ffff x13:ffffffff
27319944ns          483432 1c00948a 02ee08b3 mul              x17, x28, x14       x17=00000027 x28:00000001 x14:00000027
27319964ns          483433 1c00948e 1006c833 p.exths          x16, x13, x0        x16=ffffffff x13:0000ffff
27319984ns          483434 1c009492 06b11823 sh               x11, 112(x2)        x11:000000a5  x2:10000cd8  PA:10000d48
27320004ns          483435 1c009496 000f5f03 lhu              x30, 0(x30)         x30=0000fec3 x30:1c002e72  PA:1c002e72
27320362ns          483453 1c00949a 0a012583 lw               x11, 160(x2)        x11=1c002e92  x2:10000cd8  PA:10000d78
27320382ns          483454 1c00949c 1007d7b3 p.exthz          x15, x15, x0        x15=0000fffa x15:fffffffa
27320402ns          483455 1c0094a0 0004da03 lhu              x20, 0(x9)          x20=0000fa0f  x9:1c002e62  PA:1c002e62
27320720ns          483471 1c0094a4 1007c533 p.exths          x10, x15, x0        x10=fffffffa x15:0000fffa
27320740ns          483472 1c0094a8 09d11023 sh               x29, 128(x2)        x29:00000040  x2:10000cd8  PA:10000d58
27320760ns          483473 1c0094ac 0003d483 lhu              x9, 0(x7)            x9=0000ffc4  x7:1c002eb2  PA:1c002eb2
27321118ns          483491 1c0094b0 02e80eb3 mul              x29, x16, x14       x29=ffffffd9 x16:ffffffff x14:00000027
27321138ns          483492 1c0094b4 40a8d893 srai             x17, x17, 0x40a     x17=00000000 x17:00000027
27321157ns          483493 1c0094b8 03c80833 mul              x16, x16, x28       x16=ffffffff x16:ffffffff x28:00000001
27321177ns          483494 1c0094bc 09e11823 sh               x30, 144(x2)        x30:0000fec3  x2:10000cd8  PA:10000d68
27321197ns          483495 1c0094c0 0005d983 lhu              x19, 0(x11)         x19=0000ff8b x11:1c002e92  PA:1c002e92
27321496ns          483510 1c0094c4 81c88f5b p.muls           x30, x17, x28       x30=00000000 x17:00000000 x28:00000001
27321515ns          483511 1c0094c8 0002d583 lhu              x11, 0(x5)          x11=0000ff61  x5:1c002ea2  PA:1c002ea2
27321953ns          483533 1c0094cc 03ce0fb3 mul              x31, x28, x28       x31=00000001 x28:00000001 x28:00000001
27321973ns          483534 1c0094d0 02e50733 mul              x14, x10, x14       x14=ffffff16 x10:fffffffa x14:00000027
27321993ns          483535 1c0094d4 40a85813 srai             x16, x16, 0x40a     x16=ffffffff x16:ffffffff
27322013ns          483536 1c0094d8 03c50533 mul              x10, x10, x28       x10=fffffffa x10:fffffffa x28:00000001
27322032ns          483537 1c0094dc 07015e03 lhu              x28, 112(x2)        x28=000000a5  x2:10000cd8  PA:10000d48
27322052ns          483538 1c0094e0 01b60633 add              x12, x12, x27       x12=00001a55 x12:00000027 x27:00001a2e
27322072ns          483539 1c0094e2 00980833 add              x16, x16, x9        x16=0000ffc3 x16:ffffffff  x9:0000ffc4
27322092ns          483540 1c0094e4 06015d83 lhu              x27, 96(x2)         x27=000001cb  x2:10000cd8  PA:10000d38
27322112ns          483541 1c0094e8 02812483 lw               x9, 40(x2)           x9=1c002ec2  x2:10000cd8  PA:10000d00
27322132ns          483542 1c0094ea 40afdf93 srai             x31, x31, 0x40a     x31=00000000 x31:00000001
27322152ns          483543 1c0094ee 40a55513 srai             x10, x10, 0x40a     x10=ffffffff x10:fffffffa
27322172ns          483544 1c0094f0 01cf8fb3 add              x31, x31, x28       x31=000000a5 x31:00000000 x28:000000a5
27322192ns          483545 1c0094f2 00b50533 add              x10, x10, x11       x10=0000ff60 x10:ffffffff x11:0000ff61
27322211ns          483546 1c0094f4 09015e03 lhu              x28, 144(x2)        x28=0000fec3  x2:10000cd8  PA:10000d68
27322231ns          483547 1c0094f8 03012583 lw               x11, 48(x2)         x11=1c002ed2  x2:10000cd8  PA:10000d08
27322251ns          483548 1c0094fa 00c49023 sh               x12, 0(x9)          x12:00001a55  x9:1c002ec2  PA:1c002ec2
27322569ns          483564 1c0094fe 01b888b3 add              x17, x17, x27       x17=000001cb x17:00000000 x27:000001cb
27322589ns          483565 1c009500 01a30333 add              x6, x6, x26          x6=000005ec  x6:00000001 x26:000005eb
27322609ns          483566 1c009502 08015d83 lhu              x27, 128(x2)        x27=00000040  x2:10000cd8  PA:10000d58
27322629ns          483567 1c009506 0000d903 lhu              x18, 0(x1)          x18=0000fe63  x1:1c002e82  PA:1c002e82
27322947ns          483583 1c00950a 01c686b3 add              x13, x13, x28       x13=0001fec2 x13:0000ffff x28:0000fec3
27322967ns          483584 1c00950c 00659023 sh               x6, 0(x11)           x6:000005ec x11:1c002ed2  PA:1c002ed2
27323285ns          483600 1c009510 40af5f13 srai             x30, x30, 0x40a     x30=00000000 x30:00000000
27323305ns          483601 1c009514 04812e03 lw               x28, 72(x2)         x28=1c002f02  x2:10000cd8  PA:10000d20
27323325ns          483602 1c009516 01bf0f33 add              x30, x30, x27       x30=00000040 x30:00000000 x27:00000040
27323345ns          483603 1c009518 40aede93 srai             x29, x29, 0x40a     x29=ffffffff x29:ffffffd9
27323365ns          483604 1c00951c 40a75713 srai             x14, x14, 0x40a     x14=ffffffff x14:ffffff16
27323385ns          483605 1c00951e 03812603 lw               x12, 56(x2)         x12=1c002ee2  x2:10000cd8  PA:10000d10
27323405ns          483606 1c009520 04012d83 lw               x27, 64(x2)         x27=1c002ef2  x2:10000cd8  PA:10000d18
27323425ns          483607 1c009522 01ee1023 sh               x30, 0(x28)         x30:00000040 x28:1c002f02  PA:1c002f02
27323743ns          483623 1c009526 05812483 lw               x9, 88(x2)           x9=1c002e62  x2:10000cd8  PA:10000d30
27323763ns          483624 1c009528 05012f03 lw               x30, 80(x2)         x30=1c002e72  x2:10000cd8  PA:10000d28
27323783ns          483625 1c00952a 0a012583 lw               x11, 160(x2)        x11=1c002e92  x2:10000cd8  PA:10000d78
27323803ns          483626 1c00952c 014787b3 add              x15, x15, x20       x15=0001fa09 x15:0000fffa x20:0000fa0f
27323822ns          483627 1c00952e 013e8eb3 add              x29, x29, x19       x29=0000ff8a x29:ffffffff x19:0000ff8b
27323842ns          483628 1c009530 01270733 add              x14, x14, x18       x14=0000fe62 x14:ffffffff x18:0000fe63
27323862ns          483629 1c009532 00f49023 sh               x15, 0(x9)          x15:0001fa09  x9:1c002e62  PA:1c002e62
27324200ns          483646 1c009536 01161023 sh               x17, 0(x12)         x17:000001cb x12:1c002ee2  PA:1c002ee2
27324518ns          483662 1c00953a 01fd9023 sh               x31, 0(x27)         x31:000000a5 x27:1c002ef2  PA:1c002ef2
27324857ns          483679 1c00953e 00df1023 sh               x13, 0(x30)         x13:0001fec2 x30:1c002e72  PA:1c002e72
27325175ns          483695 1c009542 01d59023 sh               x29, 0(x11)         x29:0000ff8a x11:1c002e92  PA:1c002e92
27325513ns          483712 1c009546 00e09023 sh               x14, 0(x1)          x14:0000fe62  x1:1c002e82  PA:1c002e82
27325831ns          483728 1c00954a 01039023 sh               x16, 0(x7)          x16:0000ffc3  x7:1c002eb2  PA:1c002eb2
27326149ns          483744 1c00954e 00a29023 sh               x10, 0(x5)          x10:0000ff60  x5:1c002ea2  PA:1c002ea2
27326468ns          483760 1c009552 008b0b13 addi             x22, x22, 8         x22=000001a1 x22:00000199
27326487ns          483761 1c009554 1f300793 addi             x15, x0, 499        x15=000001f3
27326507ns          483762 1c009558 e767dae3 bge              x15, x22, -396      x15:000001f3 x22:000001a1
27326646ns          483769 1c0093cc 010c9a0b p.lh             x20, 16(x25!)       x20=000000a4 x25=1c0029da x25:1c0029ca  PA:1c0029ca
27327004ns          483787 1c0093d0 0104198b p.lh             x19, 16(x8!)        x19=ffffffbc  x8=1c0021a2  x8:1c002192  PA:1c002192
27327303ns          483802 1c0093d4 2cc10513 addi             x10, x2, 716        x10=10000fa4  x2:10000cd8
27327323ns          483803 1c0093d6 010a990b p.lh             x18, 16(x21!)       x18=00000093 x21=1c0019ce x21:1c0019be  PA:1c0019be
27327621ns          483818 1c0093da 010b948b p.lh             x9, 16(x23!)         x9=ffffffb1 x23=1c0011fe x23:1c0011ee  PA:1c0011ee
27327919ns          483833 1c0093de 2d411623 sh               x20, 716(x2)        x20:000000a4  x2:10000cd8  PA:10000fa4
27327939ns          483834 1c0093e2 2d311723 sh               x19, 718(x2)        x19:ffffffbc  x2:10000cd8  PA:10000fa6
27327959ns          483835 1c0093e6 c33ff0ef jal              x1, -974             x1=1c0093e8
27327999ns          483837 1c009018 00051803 lh               x16, 0(x10)         x16=000000a4 x10:10000fa4  PA:10000fa4
27328019ns          483838 1c00901c 00251883 lh               x17, 2(x10)         x17=ffffffbc x10:10000fa4  PA:10000fa6
27328059ns          483840 1c009020 030806b3 mul              x13, x16, x16       x13=00006910 x16:000000a4 x16:000000a4
27328078ns          483841 1c009024 03188633 mul              x12, x17, x17       x12=00001210 x17:ffffffbc x17:ffffffbc
27328098ns          483842 1c009028 40a65613 srai             x12, x12, 0x40a     x12=00000004 x12:00001210
27328118ns          483843 1c00902a 40a6d693 srai             x13, x13, 0x40a     x13=0000001a x13:00006910
27328138ns          483844 1c00902c 00c686b3 add              x13, x13, x12       x13=0000001e x13:0000001a x12:00000004
27328158ns          483845 1c00902e 1006c633 p.exths          x12, x13, x0        x12=0000001e x13:0000001e
27328178ns          483846 1c009032 00855703 lhu              x14, 8(x10)         x14=0000ffd1 x10:10000fa4  PA:10000fac
27328198ns          483847 1c009036 00a55683 lhu              x13, 10(x10)        x13=0000ff6a x10:10000fa4  PA:10000fae
27328218ns          483848 1c00903a 02c60333 mul              x6, x12, x12         x6=00000384 x12:0000001e x12:0000001e
27328238ns          483849 1c00903e 00c55783 lhu              x15, 12(x10)        x15=0000ffe5 x10:10000fa4  PA:10000fb0
27328257ns          483850 1c009042 00e55583 lhu              x11, 14(x10)        x11=00000060 x10:10000fa4  PA:10000fb2
27328277ns          483851 1c009046 dea30333 p.extract        x6, x6, 15, 10       x6=00000000  x6:00000384
27328297ns          483852 1c00904a 80c7075b p.muls           x14, x14, x12       x14=fffffa7e x14:0000ffd1 x12:0000001e
27328317ns          483853 1c00904e 80c686db p.muls           x13, x13, x12       x13=ffffee6c x13:0000ff6a x12:0000001e
27328337ns          483854 1c009052 00455e83 lhu              x29, 4(x10)         x29=00000427 x10:10000fa4  PA:10000fa8
27328357ns          483855 1c009056 00655e03 lhu              x28, 6(x10)         x28=0000007f x10:10000fa4  PA:10000faa
27328377ns          483856 1c00905a 40a75713 srai             x14, x14, 0x40a     x14=fffffffe x14:fffffa7e
27328397ns          483857 1c00905c 806787db p.muls           x15, x15, x6        x15=00000000 x15:0000ffe5  x6:00000000
27328436ns          483859 1c009060 40a6d693 srai             x13, x13, 0x40a     x13=fffffffb x13:ffffee6c
27328476ns          483861 1c009062 8065865b p.muls           x12, x11, x6        x12=00000000 x11:00000060  x6:00000000
27328496ns          483862 1c009066 40a7d793 srai             x15, x15, 0x40a     x15=00000000 x15:00000000
27328516ns          483863 1c009068 40a65613 srai             x12, x12, 0x40a     x12=00000000 x12:00000000
27328536ns          483864 1c00906a 01d70733 add              x14, x14, x29       x14=00000425 x14:fffffffe x29:00000427
27328556ns          483865 1c00906c 01c686b3 add              x13, x13, x28       x13=0000007a x13:fffffffb x28:0000007f
27328576ns          483866 1c00906e 00c686b3 add              x13, x13, x12       x13=0000007a x13:0000007a x12:00000000
27328596ns          483867 1c009070 00f70733 add              x14, x14, x15       x14=00000425 x14:00000425 x15:00000000
27328615ns          483868 1c009072 100747b3 p.exths          x15, x14, x0        x15=00000425 x14:00000425
27328635ns          483869 1c009076 1006c733 p.exths          x14, x13, x0        x14=0000007a x13:0000007a
27328655ns          483870 1c00907a 03170633 mul              x12, x14, x17       x12=ffffdf98 x14:0000007a x17:ffffffbc
27328675ns          483871 1c00907e 030786b3 mul              x13, x15, x16       x13=0002a7b4 x15:00000425 x16:000000a4
27328695ns          483872 1c009082 03070733 mul              x14, x14, x16       x14=00004e28 x14:0000007a x16:000000a4
27328715ns          483873 1c009086 031787b3 mul              x15, x15, x17       x15=fffee62c x15:00000425 x17:ffffffbc
27328735ns          483874 1c00908a 40a6d693 srai             x13, x13, 0x40a     x13=000000a9 x13:0002a7b4
27328755ns          483875 1c00908c 40a65613 srai             x12, x12, 0x40a     x12=fffffff7 x12:ffffdf98
27328775ns          483876 1c00908e 40a7d793 srai             x15, x15, 0x40a     x15=ffffffb9 x15:fffee62c
27328794ns          483877 1c009090 40a75713 srai             x14, x14, 0x40a     x14=00000013 x14:00004e28
27328814ns          483878 1c009092 40c686b3 sub              x13, x13, x12       x13=000000b2 x13:000000a9 x12:fffffff7
27328834ns          483879 1c009094 00e787b3 add              x15, x15, x14       x15=ffffffcc x15:ffffffb9 x14:00000013
27328854ns          483880 1c009096 00d51823 sh               x13, 16(x10)        x13:000000b2 x10:10000fa4  PA:10000fb4
27328874ns          483881 1c00909a 00f51923 sh               x15, 18(x10)        x15:ffffffcc x10:10000fa4  PA:10000fb6
27328894ns          483882 1c00909e 00008067 jalr             x0, x1, 0            x1:1c0093e8
27328934ns          483884 1c0093e8 2dc15583 lhu              x11, 732(x2)        x11=000000b2  x2:10000cd8  PA:10000fb4
27328973ns          483886 1c0093ec 2de15783 lhu              x15, 734(x2)        x15=0000ffcc  x2:10000cd8  PA:10000fb6
27329013ns          483888 1c0093f0 40b90933 sub              x18, x18, x11       x18=ffffffe1 x18:00000093 x11:000000b2
27329033ns          483889 1c0093f4 40f484b3 sub              x9, x9, x15          x9=fffeffe5  x9:ffffffb1 x15:0000ffcc
27329053ns          483890 1c0093f6 100945b3 p.exths          x11, x18, x0        x11=ffffffe1 x18:ffffffe1
27329073ns          483891 1c0093fa 1004c7b3 p.exths          x15, x9, x0         x15=ffffffe5  x9:fffeffe5
27329093ns          483892 1c0093fe 034586b3 mul              x13, x11, x20       x13=ffffec24 x11:ffffffe1 x20:000000a4
27329113ns          483893 1c009402 03378533 mul              x10, x15, x19       x10=0000072c x15:ffffffe5 x19:ffffffbc
27329132ns          483894 1c009406 034a0633 mul              x12, x20, x20       x12=00006910 x20:000000a4 x20:000000a4
27329152ns          483895 1c00940a 03398733 mul              x14, x19, x19       x14=00001210 x19:ffffffbc x19:ffffffbc
27329212ns          483898 1c00940e 034787b3 mul              x15, x15, x20       x15=ffffeeb4 x15:ffffffe5 x20:000000a4
27329252ns          483900 1c009412 033585b3 mul              x11, x11, x19       x11=0000083c x11:ffffffe1 x19:ffffffbc
27329272ns          483901 1c009416 40a75713 srai             x14, x14, 0x40a     x14=00000004 x14:00001210
27329292ns          483902 1c009418 40a5d593 srai             x11, x11, 0x40a     x11=00000002 x11:0000083c
27329311ns          483903 1c00941a 40a65613 srai             x12, x12, 0x40a     x12=0000001a x12:00006910
27329331ns          483904 1c00941c 40a7d793 srai             x15, x15, 0x40a     x15=fffffffb x15:ffffeeb4
27329351ns          483905 1c00941e 1c0034b7 lui              x9, 0x1c003000       x9=1c003000
27329371ns          483906 1c009422 00e60633 add              x12, x12, x14       x12=0000001e x12:0000001a x14:00000004
27329391ns          483907 1c009424 40b787b3 sub              x15, x15, x11       x15=fffffff9 x15:fffffffb x11:00000002
27329411ns          483908 1c009426 eb048493 addi             x9, x9, -336         x9=1c002eb0  x9:1c003000
27329431ns          483909 1c00942a 1c0032b7 lui              x5, 0x1c003000       x5=1c003000
27329451ns          483910 1c00942e 1c0035b7 lui              x11, 0x1c003000     x11=1c003000
27329471ns          483911 1c009432 018483b3 add              x7, x9, x24          x7=1c002eb2  x9:1c002eb0 x24:00000002
27329490ns          483912 1c009436 02812e83 lw               x29, 40(x2)         x29=1c002ec2  x2:10000cd8  PA:10000d00
27329510ns          483913 1c009438 10065633 p.exthz          x12, x12, x0        x12=0000001e x12:0000001e
27329530ns          483914 1c00943c e8028293 addi             x5, x5, -384         x5=1c002e80  x5:1c003000
27329570ns          483916 1c009440 ea058593 addi             x11, x11, -352      x11=1c002ea0 x11:1c003000
27329610ns          483918 1c009444 03812483 lw               x9, 56(x2)           x9=1c002ee2  x2:10000cd8  PA:10000d10
27329630ns          483919 1c009446 10064733 p.exths          x14, x12, x0        x14=0000001e x12:0000001e
27329650ns          483920 1c00944a 018280b3 add              x1, x5, x24          x1=1c002e82  x5:1c002e80 x24:00000002
27329669ns          483921 1c00944e 03012f03 lw               x30, 48(x2)         x30=1c002ed2  x2:10000cd8  PA:10000d08
27329709ns          483923 1c009450 018582b3 add              x5, x11, x24         x5=1c002ea2 x11:1c002ea0 x24:00000002
27329749ns          483925 1c009454 04012583 lw               x11, 64(x2)         x11=1c002ef2  x2:10000cd8  PA:10000d18
27329769ns          483926 1c009456 000edd83 lhu              x27, 0(x29)         x27=00001a55 x29:1c002ec2  PA:1c002ec2
27330067ns          483941 1c00945a 0004d483 lhu              x9, 0(x9)            x9=000001cb  x9:1c002ee2  PA:1c002ee2
27330385ns          483957 1c00945e 02e70333 mul              x6, x14, x14         x6=00000384 x14:0000001e x14:0000001e
27330405ns          483958 1c009462 40a55513 srai             x10, x10, 0x40a     x10=00000001 x10:0000072c
27330425ns          483959 1c009464 04812e83 lw               x29, 72(x2)         x29=1c002f02  x2:10000cd8  PA:10000d20
27330445ns          483960 1c009466 40a6d693 srai             x13, x13, 0x40a     x13=fffffffb x13:ffffec24
27330465ns          483961 1c009468 000f5d03 lhu              x26, 0(x30)         x26=000005ec x30:1c002ed2  PA:1c002ed2
27330783ns          483977 1c00946c 0005d583 lhu              x11, 0(x11)         x11=000000a5 x11:1c002ef2  PA:1c002ef2
27331082ns          483992 1c009470 40a35313 srai             x6, x6, 0x40a        x6=00000000  x6:00000384
27331101ns          483993 1c009474 00a686b3 add              x13, x13, x10       x13=fffffffc x13:fffffffb x10:00000001
27331121ns          483994 1c009476 05012f03 lw               x30, 80(x2)         x30=1c002e72  x2:10000cd8  PA:10000d28
27331141ns          483995 1c009478 10034e33 p.exths          x28, x6, x0         x28=00000000  x6:00000000
27331161ns          483996 1c00947c 06911023 sh               x9, 96(x2)           x9:000001cb  x2:10000cd8  PA:10000d38
27331181ns          483997 1c009480 000ede83 lhu              x29, 0(x29)         x29=00000040 x29:1c002f02  PA:1c002f02
27331499ns          484013 1c009484 05812483 lw               x9, 88(x2)           x9=1c002e62  x2:10000cd8  PA:10000d30
27331519ns          484014 1c009486 1006d6b3 p.exthz          x13, x13, x0        x13=0000fffc x13:fffffffc
27331539ns          484015 1c00948a 02ee08b3 mul              x17, x28, x14       x17=00000000 x28:00000000 x14:0000001e
27331559ns          484016 1c00948e 1006c833 p.exths          x16, x13, x0        x16=fffffffc x13:0000fffc
27331579ns          484017 1c009492 06b11823 sh               x11, 112(x2)        x11:000000a5  x2:10000cd8  PA:10000d48
27331599ns          484018 1c009496 000f5f03 lhu              x30, 0(x30)         x30=0000fec2 x30:1c002e72  PA:1c002e72
27331917ns          484034 1c00949a 0a012583 lw               x11, 160(x2)        x11=1c002e92  x2:10000cd8  PA:10000d78
27331937ns          484035 1c00949c 1007d7b3 p.exthz          x15, x15, x0        x15=0000fff9 x15:fffffff9
27331957ns          484036 1c0094a0 0004da03 lhu              x20, 0(x9)          x20=0000fa09  x9:1c002e62  PA:1c002e62
27332275ns          484052 1c0094a4 1007c533 p.exths          x10, x15, x0        x10=fffffff9 x15:0000fff9
27332295ns          484053 1c0094a8 09d11023 sh               x29, 128(x2)        x29:00000040  x2:10000cd8  PA:10000d58
27332315ns          484054 1c0094ac 0003d483 lhu              x9, 0(x7)            x9=0000ffc3  x7:1c002eb2  PA:1c002eb2
27332653ns          484071 1c0094b0 02e80eb3 mul              x29, x16, x14       x29=ffffff88 x16:fffffffc x14:0000001e
27332673ns          484072 1c0094b4 40a8d893 srai             x17, x17, 0x40a     x17=00000000 x17:00000000
27332692ns          484073 1c0094b8 03c80833 mul              x16, x16, x28       x16=00000000 x16:fffffffc x28:00000000
27332712ns          484074 1c0094bc 09e11823 sh               x30, 144(x2)        x30:0000fec2  x2:10000cd8  PA:10000d68
27332732ns          484075 1c0094c0 0005d983 lhu              x19, 0(x11)         x19=0000ff8a x11:1c002e92  PA:1c002e92
27333050ns          484091 1c0094c4 81c88f5b p.muls           x30, x17, x28       x30=00000000 x17:00000000 x28:00000000
27333070ns          484092 1c0094c8 0002d583 lhu              x11, 0(x5)          x11=0000ff60  x5:1c002ea2  PA:1c002ea2
27333468ns          484112 1c0094cc 03ce0fb3 mul              x31, x28, x28       x31=00000000 x28:00000000 x28:00000000
27333488ns          484113 1c0094d0 02e50733 mul              x14, x10, x14       x14=ffffff2e x10:fffffff9 x14:0000001e
27333508ns          484114 1c0094d4 40a85813 srai             x16, x16, 0x40a     x16=00000000 x16:00000000
27333528ns          484115 1c0094d8 03c50533 mul              x10, x10, x28       x10=00000000 x10:fffffff9 x28:00000000
27333548ns          484116 1c0094dc 07015e03 lhu              x28, 112(x2)        x28=000000a5  x2:10000cd8  PA:10000d48
27333587ns          484118 1c0094e0 01b60633 add              x12, x12, x27       x12=00001a73 x12:0000001e x27:00001a55
27333607ns          484119 1c0094e2 00980833 add              x16, x16, x9        x16=0000ffc3 x16:00000000  x9:0000ffc3
27333627ns          484120 1c0094e4 06015d83 lhu              x27, 96(x2)         x27=000001cb  x2:10000cd8  PA:10000d38
27333647ns          484121 1c0094e8 02812483 lw               x9, 40(x2)           x9=1c002ec2  x2:10000cd8  PA:10000d00
27333667ns          484122 1c0094ea 40afdf93 srai             x31, x31, 0x40a     x31=00000000 x31:00000000
27333687ns          484123 1c0094ee 40a55513 srai             x10, x10, 0x40a     x10=00000000 x10:00000000
27333707ns          484124 1c0094f0 01cf8fb3 add              x31, x31, x28       x31=000000a5 x31:00000000 x28:000000a5
27333727ns          484125 1c0094f2 00b50533 add              x10, x10, x11       x10=0000ff60 x10:00000000 x11:0000ff60
27333747ns          484126 1c0094f4 09015e03 lhu              x28, 144(x2)        x28=0000fec2  x2:10000cd8  PA:10000d68
27333766ns          484127 1c0094f8 03012583 lw               x11, 48(x2)         x11=1c002ed2  x2:10000cd8  PA:10000d08
27333786ns          484128 1c0094fa 00c49023 sh               x12, 0(x9)          x12:00001a73  x9:1c002ec2  PA:1c002ec2
27334104ns          484144 1c0094fe 01b888b3 add              x17, x17, x27       x17=000001cb x17:00000000 x27:000001cb
27334124ns          484145 1c009500 01a30333 add              x6, x6, x26          x6=000005ec  x6:00000000 x26:000005ec
27334144ns          484146 1c009502 08015d83 lhu              x27, 128(x2)        x27=00000040  x2:10000cd8  PA:10000d58
27334164ns          484147 1c009506 0000d903 lhu              x18, 0(x1)          x18=0000fe62  x1:1c002e82  PA:1c002e82
27334462ns          484162 1c00950a 01c686b3 add              x13, x13, x28       x13=0001febe x13:0000fffc x28:0000fec2
27334482ns          484163 1c00950c 00659023 sh               x6, 0(x11)           x6:000005ec x11:1c002ed2  PA:1c002ed2
27334820ns          484180 1c009510 40af5f13 srai             x30, x30, 0x40a     x30=00000000 x30:00000000
27334840ns          484181 1c009514 04812e03 lw               x28, 72(x2)         x28=1c002f02  x2:10000cd8  PA:10000d20
27334860ns          484182 1c009516 01bf0f33 add              x30, x30, x27       x30=00000040 x30:00000000 x27:00000040
27334880ns          484183 1c009518 40aede93 srai             x29, x29, 0x40a     x29=ffffffff x29:ffffff88
27334900ns          484184 1c00951c 40a75713 srai             x14, x14, 0x40a     x14=ffffffff x14:ffffff2e
27334920ns          484185 1c00951e 03812603 lw               x12, 56(x2)         x12=1c002ee2  x2:10000cd8  PA:10000d10
27334940ns          484186 1c009520 04012d83 lw               x27, 64(x2)         x27=1c002ef2  x2:10000cd8  PA:10000d18
27334960ns          484187 1c009522 01ee1023 sh               x30, 0(x28)         x30:00000040 x28:1c002f02  PA:1c002f02
27335278ns          484203 1c009526 05812483 lw               x9, 88(x2)           x9=1c002e62  x2:10000cd8  PA:10000d30
27335298ns          484204 1c009528 05012f03 lw               x30, 80(x2)         x30=1c002e72  x2:10000cd8  PA:10000d28
27335318ns          484205 1c00952a 0a012583 lw               x11, 160(x2)        x11=1c002e92  x2:10000cd8  PA:10000d78
27335338ns          484206 1c00952c 014787b3 add              x15, x15, x20       x15=0001fa02 x15:0000fff9 x20:0000fa09
27335357ns          484207 1c00952e 013e8eb3 add              x29, x29, x19       x29=0000ff89 x29:ffffffff x19:0000ff8a
27335377ns          484208 1c009530 01270733 add              x14, x14, x18       x14=0000fe61 x14:ffffffff x18:0000fe62
27335397ns          484209 1c009532 00f49023 sh               x15, 0(x9)          x15:0001fa02  x9:1c002e62  PA:1c002e62
27335715ns          484225 1c009536 01161023 sh               x17, 0(x12)         x17:000001cb x12:1c002ee2  PA:1c002ee2
27336034ns          484241 1c00953a 01fd9023 sh               x31, 0(x27)         x31:000000a5 x27:1c002ef2  PA:1c002ef2
27336372ns          484258 1c00953e 00df1023 sh               x13, 0(x30)         x13:0001febe x30:1c002e72  PA:1c002e72
27336730ns          484276 1c009542 01d59023 sh               x29, 0(x11)         x29:0000ff89 x11:1c002e92  PA:1c002e92
27337048ns          484292 1c009546 00e09023 sh               x14, 0(x1)          x14:0000fe61  x1:1c002e82  PA:1c002e82
27337386ns          484309 1c00954a 01039023 sh               x16, 0(x7)          x16:0000ffc3  x7:1c002eb2  PA:1c002eb2
27337704ns          484325 1c00954e 00a29023 sh               x10, 0(x5)          x10:0000ff60  x5:1c002ea2  PA:1c002ea2
27338022ns          484341 1c009552 008b0b13 addi             x22, x22, 8         x22=000001a9 x22:000001a1
27338042ns          484342 1c009554 1f300793 addi             x15, x0, 499        x15=000001f3
27338062ns          484343 1c009558 e767dae3 bge              x15, x22, -396      x15:000001f3 x22:000001a9
27338201ns          484350 1c0093cc 010c9a0b p.lh             x20, 16(x25!)       x20=000000f3 x25=1c0029ea x25:1c0029da  PA:1c0029da
27338559ns          484368 1c0093d0 0104198b p.lh             x19, 16(x8!)        x19=00000018  x8=1c0021b2  x8:1c0021a2  PA:1c0021a2
27338858ns          484383 1c0093d4 2cc10513 addi             x10, x2, 716        x10=10000fa4  x2:10000cd8
27338878ns          484384 1c0093d6 010a990b p.lh             x18, 16(x21!)       x18=000000fc x21=1c0019de x21:1c0019ce  PA:1c0019ce
27339176ns          484399 1c0093da 010b948b p.lh             x9, 16(x23!)         x9=00000010 x23=1c00120e x23:1c0011fe  PA:1c0011fe
27339554ns          484418 1c0093de 2d411623 sh               x20, 716(x2)        x20:000000f3  x2:10000cd8  PA:10000fa4
27339574ns          484419 1c0093e2 2d311723 sh               x19, 718(x2)        x19:00000018  x2:10000cd8  PA:10000fa6
27339594ns          484420 1c0093e6 c33ff0ef jal              x1, -974             x1=1c0093e8
27339673ns          484424 1c009018 00051803 lh               x16, 0(x10)         x16=000000f3 x10:10000fa4  PA:10000fa4
27339713ns          484426 1c00901c 00251883 lh               x17, 2(x10)         x17=00000018 x10:10000fa4  PA:10000fa6
27339773ns          484429 1c009020 030806b3 mul              x13, x16, x16       x13=0000e6a9 x16:000000f3 x16:000000f3
27339812ns          484431 1c009024 03188633 mul              x12, x17, x17       x12=00000240 x17:00000018 x17:00000018
27339832ns          484432 1c009028 40a65613 srai             x12, x12, 0x40a     x12=00000000 x12:00000240
27339852ns          484433 1c00902a 40a6d693 srai             x13, x13, 0x40a     x13=00000039 x13:0000e6a9
27339872ns          484434 1c00902c 00c686b3 add              x13, x13, x12       x13=00000039 x13:00000039 x12:00000000
27339892ns          484435 1c00902e 1006c633 p.exths          x12, x13, x0        x12=00000039 x13:00000039
27339912ns          484436 1c009032 00855703 lhu              x14, 8(x10)         x14=0000ffd1 x10:10000fa4  PA:10000fac
27339932ns          484437 1c009036 00a55683 lhu              x13, 10(x10)        x13=0000ff6a x10:10000fa4  PA:10000fae
27339952ns          484438 1c00903a 02c60333 mul              x6, x12, x12         x6=00000cb1 x12:00000039 x12:00000039
27339971ns          484439 1c00903e 00c55783 lhu              x15, 12(x10)        x15=0000ffe5 x10:10000fa4  PA:10000fb0
27339991ns          484440 1c009042 00e55583 lhu              x11, 14(x10)        x11=00000060 x10:10000fa4  PA:10000fb2
27340011ns          484441 1c009046 dea30333 p.extract        x6, x6, 15, 10       x6=00000003  x6:00000cb1
27340031ns          484442 1c00904a 80c7075b p.muls           x14, x14, x12       x14=fffff589 x14:0000ffd1 x12:00000039
27340051ns          484443 1c00904e 80c686db p.muls           x13, x13, x12       x13=ffffde9a x13:0000ff6a x12:00000039
27340071ns          484444 1c009052 00455e83 lhu              x29, 4(x10)         x29=00000427 x10:10000fa4  PA:10000fa8
27340091ns          484445 1c009056 00655e03 lhu              x28, 6(x10)         x28=0000007f x10:10000fa4  PA:10000faa
27340111ns          484446 1c00905a 40a75713 srai             x14, x14, 0x40a     x14=fffffffd x14:fffff589
27340131ns          484447 1c00905c 806787db p.muls           x15, x15, x6        x15=ffffffaf x15:0000ffe5  x6:00000003
27340150ns          484448 1c009060 40a6d693 srai             x13, x13, 0x40a     x13=fffffff7 x13:ffffde9a
27340190ns          484450 1c009062 8065865b p.muls           x12, x11, x6        x12=00000120 x11:00000060  x6:00000003
27340210ns          484451 1c009066 40a7d793 srai             x15, x15, 0x40a     x15=ffffffff x15:ffffffaf
27340230ns          484452 1c009068 40a65613 srai             x12, x12, 0x40a     x12=00000000 x12:00000120
27340250ns          484453 1c00906a 01d70733 add              x14, x14, x29       x14=00000424 x14:fffffffd x29:00000427
27340270ns          484454 1c00906c 01c686b3 add              x13, x13, x28       x13=00000076 x13:fffffff7 x28:0000007f
27340290ns          484455 1c00906e 00c686b3 add              x13, x13, x12       x13=00000076 x13:00000076 x12:00000000
27340310ns          484456 1c009070 00f70733 add              x14, x14, x15       x14=00000423 x14:00000424 x15:ffffffff
27340329ns          484457 1c009072 100747b3 p.exths          x15, x14, x0        x15=00000423 x14:00000423
27340349ns          484458 1c009076 1006c733 p.exths          x14, x13, x0        x14=00000076 x13:00000076
27340369ns          484459 1c00907a 03170633 mul              x12, x14, x17       x12=00000b10 x14:00000076 x17:00000018
27340389ns          484460 1c00907e 030786b3 mul              x13, x15, x16       x13=0003ed39 x15:00000423 x16:000000f3
27340409ns          484461 1c009082 03070733 mul              x14, x14, x16       x14=00007002 x14:00000076 x16:000000f3
27340429ns          484462 1c009086 031787b3 mul              x15, x15, x17       x15=00006348 x15:00000423 x17:00000018
27340449ns          484463 1c00908a 40a6d693 srai             x13, x13, 0x40a     x13=000000fb x13:0003ed39
27340469ns          484464 1c00908c 40a65613 srai             x12, x12, 0x40a     x12=00000002 x12:00000b10
27340489ns          484465 1c00908e 40a7d793 srai             x15, x15, 0x40a     x15=00000018 x15:00006348
27340508ns          484466 1c009090 40a75713 srai             x14, x14, 0x40a     x14=0000001c x14:00007002
27340528ns          484467 1c009092 40c686b3 sub              x13, x13, x12       x13=000000f9 x13:000000fb x12:00000002
27340548ns          484468 1c009094 00e787b3 add              x15, x15, x14       x15=00000034 x15:00000018 x14:0000001c
27340568ns          484469 1c009096 00d51823 sh               x13, 16(x10)        x13:000000f9 x10:10000fa4  PA:10000fb4
27340588ns          484470 1c00909a 00f51923 sh               x15, 18(x10)        x15:00000034 x10:10000fa4  PA:10000fb6
27340608ns          484471 1c00909e 00008067 jalr             x0, x1, 0            x1:1c0093e8
27340687ns          484475 1c0093e8 2dc15583 lhu              x11, 732(x2)        x11=000000f9  x2:10000cd8  PA:10000fb4
27340727ns          484477 1c0093ec 2de15783 lhu              x15, 734(x2)        x15=00000034  x2:10000cd8  PA:10000fb6
27340747ns          484478 1c0093f0 40b90933 sub              x18, x18, x11       x18=00000003 x18:000000fc x11:000000f9
27340767ns          484479 1c0093f4 40f484b3 sub              x9, x9, x15          x9=ffffffdc  x9:00000010 x15:00000034
27340787ns          484480 1c0093f6 100945b3 p.exths          x11, x18, x0        x11=00000003 x18:00000003
27340807ns          484481 1c0093fa 1004c7b3 p.exths          x15, x9, x0         x15=ffffffdc  x9:ffffffdc
27340827ns          484482 1c0093fe 034586b3 mul              x13, x11, x20       x13=000002d9 x11:00000003 x20:000000f3
27340847ns          484483 1c009402 03378533 mul              x10, x15, x19       x10=fffffca0 x15:ffffffdc x19:00000018
27340866ns          484484 1c009406 034a0633 mul              x12, x20, x20       x12=0000e6a9 x20:000000f3 x20:000000f3
27340886ns          484485 1c00940a 03398733 mul              x14, x19, x19       x14=00000240 x19:00000018 x19:00000018
27340946ns          484488 1c00940e 034787b3 mul              x15, x15, x20       x15=ffffddd4 x15:ffffffdc x20:000000f3
27340986ns          484490 1c009412 033585b3 mul              x11, x11, x19       x11=00000048 x11:00000003 x19:00000018
27341006ns          484491 1c009416 40a75713 srai             x14, x14, 0x40a     x14=00000000 x14:00000240
27341026ns          484492 1c009418 40a5d593 srai             x11, x11, 0x40a     x11=00000000 x11:00000048
27341045ns          484493 1c00941a 40a65613 srai             x12, x12, 0x40a     x12=00000039 x12:0000e6a9
27341065ns          484494 1c00941c 40a7d793 srai             x15, x15, 0x40a     x15=fffffff7 x15:ffffddd4
27341085ns          484495 1c00941e 1c0034b7 lui              x9, 0x1c003000       x9=1c003000
27341105ns          484496 1c009422 00e60633 add              x12, x12, x14       x12=00000039 x12:00000039 x14:00000000
27341125ns          484497 1c009424 40b787b3 sub              x15, x15, x11       x15=fffffff7 x15:fffffff7 x11:00000000
27341145ns          484498 1c009426 eb048493 addi             x9, x9, -336         x9=1c002eb0  x9:1c003000
27341165ns          484499 1c00942a 1c0032b7 lui              x5, 0x1c003000       x5=1c003000
27341185ns          484500 1c00942e 1c0035b7 lui              x11, 0x1c003000     x11=1c003000
27341205ns          484501 1c009432 018483b3 add              x7, x9, x24          x7=1c002eb2  x9:1c002eb0 x24:00000002
27341224ns          484502 1c009436 02812e83 lw               x29, 40(x2)         x29=1c002ec2  x2:10000cd8  PA:10000d00
27341244ns          484503 1c009438 10065633 p.exthz          x12, x12, x0        x12=00000039 x12:00000039
27341264ns          484504 1c00943c e8028293 addi             x5, x5, -384         x5=1c002e80  x5:1c003000
27341284ns          484505 1c009440 ea058593 addi             x11, x11, -352      x11=1c002ea0 x11:1c003000
27341304ns          484506 1c009444 03812483 lw               x9, 56(x2)           x9=1c002ee2  x2:10000cd8  PA:10000d10
27341324ns          484507 1c009446 10064733 p.exths          x14, x12, x0        x14=00000039 x12:00000039
27341344ns          484508 1c00944a 018280b3 add              x1, x5, x24          x1=1c002e82  x5:1c002e80 x24:00000002
27341364ns          484509 1c00944e 03012f03 lw               x30, 48(x2)         x30=1c002ed2  x2:10000cd8  PA:10000d08
27341384ns          484510 1c009450 018582b3 add              x5, x11, x24         x5=1c002ea2 x11:1c002ea0 x24:00000002
27341403ns          484511 1c009454 04012583 lw               x11, 64(x2)         x11=1c002ef2  x2:10000cd8  PA:10000d18
27341423ns          484512 1c009456 000edd83 lhu              x27, 0(x29)         x27=00001a73 x29:1c002ec2  PA:1c002ec2
27341722ns          484527 1c00945a 0004d483 lhu              x9, 0(x9)            x9=000001cb  x9:1c002ee2  PA:1c002ee2
27342020ns          484542 1c00945e 02e70333 mul              x6, x14, x14         x6=00000cb1 x14:00000039 x14:00000039
27342040ns          484543 1c009462 40a55513 srai             x10, x10, 0x40a     x10=ffffffff x10:fffffca0
27342060ns          484544 1c009464 04812e83 lw               x29, 72(x2)         x29=1c002f02  x2:10000cd8  PA:10000d20
27342080ns          484545 1c009466 40a6d693 srai             x13, x13, 0x40a     x13=00000000 x13:000002d9
27342099ns          484546 1c009468 000f5d03 lhu              x26, 0(x30)         x26=000005ec x30:1c002ed2  PA:1c002ed2
27342398ns          484561 1c00946c 0005d583 lhu              x11, 0(x11)         x11=000000a5 x11:1c002ef2  PA:1c002ef2
27342736ns          484578 1c009470 40a35313 srai             x6, x6, 0x40a        x6=00000003  x6:00000cb1
27342756ns          484579 1c009474 00a686b3 add              x13, x13, x10       x13=ffffffff x13:00000000 x10:ffffffff
27342776ns          484580 1c009476 05012f03 lw               x30, 80(x2)         x30=1c002e72  x2:10000cd8  PA:10000d28
27342796ns          484581 1c009478 10034e33 p.exths          x28, x6, x0         x28=00000003  x6:00000003
27342815ns          484582 1c00947c 06911023 sh               x9, 96(x2)           x9:000001cb  x2:10000cd8  PA:10000d38
27342835ns          484583 1c009480 000ede83 lhu              x29, 0(x29)         x29=00000040 x29:1c002f02  PA:1c002f02
27343154ns          484599 1c009484 05812483 lw               x9, 88(x2)           x9=1c002e62  x2:10000cd8  PA:10000d30
27343173ns          484600 1c009486 1006d6b3 p.exthz          x13, x13, x0        x13=0000ffff x13:ffffffff
27343193ns          484601 1c00948a 02ee08b3 mul              x17, x28, x14       x17=000000ab x28:00000003 x14:00000039
27343213ns          484602 1c00948e 1006c833 p.exths          x16, x13, x0        x16=ffffffff x13:0000ffff
27343233ns          484603 1c009492 06b11823 sh               x11, 112(x2)        x11:000000a5  x2:10000cd8  PA:10000d48
27343253ns          484604 1c009496 000f5f03 lhu              x30, 0(x30)         x30=0000febe x30:1c002e72  PA:1c002e72
27343571ns          484620 1c00949a 0a012583 lw               x11, 160(x2)        x11=1c002e92  x2:10000cd8  PA:10000d78
27343591ns          484621 1c00949c 1007d7b3 p.exthz          x15, x15, x0        x15=0000fff7 x15:fffffff7
27343611ns          484622 1c0094a0 0004da03 lhu              x20, 0(x9)          x20=0000fa02  x9:1c002e62  PA:1c002e62
27343929ns          484638 1c0094a4 1007c533 p.exths          x10, x15, x0        x10=fffffff7 x15:0000fff7
27343949ns          484639 1c0094a8 09d11023 sh               x29, 128(x2)        x29:00000040  x2:10000cd8  PA:10000d58
27343969ns          484640 1c0094ac 0003d483 lhu              x9, 0(x7)            x9=0000ffc3  x7:1c002eb2  PA:1c002eb2
27344327ns          484658 1c0094b0 02e80eb3 mul              x29, x16, x14       x29=ffffffc7 x16:ffffffff x14:00000039
27344347ns          484659 1c0094b4 40a8d893 srai             x17, x17, 0x40a     x17=00000000 x17:000000ab
27344367ns          484660 1c0094b8 03c80833 mul              x16, x16, x28       x16=fffffffd x16:ffffffff x28:00000003
27344387ns          484661 1c0094bc 09e11823 sh               x30, 144(x2)        x30:0000febe  x2:10000cd8  PA:10000d68
27344406ns          484662 1c0094c0 0005d983 lhu              x19, 0(x11)         x19=0000ff89 x11:1c002e92  PA:1c002e92
27344864ns          484685 1c0094c4 81c88f5b p.muls           x30, x17, x28       x30=00000000 x17:00000000 x28:00000003
27344884ns          484686 1c0094c8 0002d583 lhu              x11, 0(x5)          x11=0000ff60  x5:1c002ea2  PA:1c002ea2
27345182ns          484701 1c0094cc 03ce0fb3 mul              x31, x28, x28       x31=00000009 x28:00000003 x28:00000003
27345202ns          484702 1c0094d0 02e50733 mul              x14, x10, x14       x14=fffffdff x10:fffffff7 x14:00000039
27345222ns          484703 1c0094d4 40a85813 srai             x16, x16, 0x40a     x16=ffffffff x16:fffffffd
27345242ns          484704 1c0094d8 03c50533 mul              x10, x10, x28       x10=ffffffe5 x10:fffffff7 x28:00000003
27345262ns          484705 1c0094dc 07015e03 lhu              x28, 112(x2)        x28=000000a5  x2:10000cd8  PA:10000d48
27345282ns          484706 1c0094e0 01b60633 add              x12, x12, x27       x12=00001aac x12:00000039 x27:00001a73
27345301ns          484707 1c0094e2 00980833 add              x16, x16, x9        x16=0000ffc2 x16:ffffffff  x9:0000ffc3
27345321ns          484708 1c0094e4 06015d83 lhu              x27, 96(x2)         x27=000001cb  x2:10000cd8  PA:10000d38
27345341ns          484709 1c0094e8 02812483 lw               x9, 40(x2)           x9=1c002ec2  x2:10000cd8  PA:10000d00
27345361ns          484710 1c0094ea 40afdf93 srai             x31, x31, 0x40a     x31=00000000 x31:00000009
27345381ns          484711 1c0094ee 40a55513 srai             x10, x10, 0x40a     x10=ffffffff x10:ffffffe5
27345401ns          484712 1c0094f0 01cf8fb3 add              x31, x31, x28       x31=000000a5 x31:00000000 x28:000000a5
27345421ns          484713 1c0094f2 00b50533 add              x10, x10, x11       x10=0000ff5f x10:ffffffff x11:0000ff60
27345441ns          484714 1c0094f4 09015e03 lhu              x28, 144(x2)        x28=0000febe  x2:10000cd8  PA:10000d68
27345461ns          484715 1c0094f8 03012583 lw               x11, 48(x2)         x11=1c002ed2  x2:10000cd8  PA:10000d08
27345480ns          484716 1c0094fa 00c49023 sh               x12, 0(x9)          x12:00001aac  x9:1c002ec2  PA:1c002ec2
27345799ns          484732 1c0094fe 01b888b3 add              x17, x17, x27       x17=000001cb x17:00000000 x27:000001cb
27345819ns          484733 1c009500 01a30333 add              x6, x6, x26          x6=000005ef  x6:00000003 x26:000005ec
27345838ns          484734 1c009502 08015d83 lhu              x27, 128(x2)        x27=00000040  x2:10000cd8  PA:10000d58
27345858ns          484735 1c009506 0000d903 lhu              x18, 0(x1)          x18=0000fe61  x1:1c002e82  PA:1c002e82
27346256ns          484755 1c00950a 01c686b3 add              x13, x13, x28       x13=0001febd x13:0000ffff x28:0000febe
27346276ns          484756 1c00950c 00659023 sh               x6, 0(x11)           x6:000005ef x11:1c002ed2  PA:1c002ed2
27346594ns          484772 1c009510 40af5f13 srai             x30, x30, 0x40a     x30=00000000 x30:00000000
27346614ns          484773 1c009514 04812e03 lw               x28, 72(x2)         x28=1c002f02  x2:10000cd8  PA:10000d20
27346634ns          484774 1c009516 01bf0f33 add              x30, x30, x27       x30=00000040 x30:00000000 x27:00000040
27346654ns          484775 1c009518 40aede93 srai             x29, x29, 0x40a     x29=ffffffff x29:ffffffc7
27346674ns          484776 1c00951c 40a75713 srai             x14, x14, 0x40a     x14=ffffffff x14:fffffdff
27346694ns          484777 1c00951e 03812603 lw               x12, 56(x2)         x12=1c002ee2  x2:10000cd8  PA:10000d10
27346713ns          484778 1c009520 04012d83 lw               x27, 64(x2)         x27=1c002ef2  x2:10000cd8  PA:10000d18
27346733ns          484779 1c009522 01ee1023 sh               x30, 0(x28)         x30:00000040 x28:1c002f02  PA:1c002f02
27347091ns          484797 1c009526 05812483 lw               x9, 88(x2)           x9=1c002e62  x2:10000cd8  PA:10000d30
27347111ns          484798 1c009528 05012f03 lw               x30, 80(x2)         x30=1c002e72  x2:10000cd8  PA:10000d28
27347131ns          484799 1c00952a 0a012583 lw               x11, 160(x2)        x11=1c002e92  x2:10000cd8  PA:10000d78
27347151ns          484800 1c00952c 014787b3 add              x15, x15, x20       x15=0001f9f9 x15:0000fff7 x20:0000fa02
27347171ns          484801 1c00952e 013e8eb3 add              x29, x29, x19       x29=0000ff88 x29:ffffffff x19:0000ff89
27347191ns          484802 1c009530 01270733 add              x14, x14, x18       x14=0000fe60 x14:ffffffff x18:0000fe61
27347211ns          484803 1c009532 00f49023 sh               x15, 0(x9)          x15:0001f9f9  x9:1c002e62  PA:1c002e62
27347569ns          484821 1c009536 01161023 sh               x17, 0(x12)         x17:000001cb x12:1c002ee2  PA:1c002ee2
27347887ns          484837 1c00953a 01fd9023 sh               x31, 0(x27)         x31:000000a5 x27:1c002ef2  PA:1c002ef2
27348205ns          484853 1c00953e 00df1023 sh               x13, 0(x30)         x13:0001febd x30:1c002e72  PA:1c002e72
27348523ns          484869 1c009542 01d59023 sh               x29, 0(x11)         x29:0000ff88 x11:1c002e92  PA:1c002e92
27348861ns          484886 1c009546 00e09023 sh               x14, 0(x1)          x14:0000fe60  x1:1c002e82  PA:1c002e82
27349199ns          484903 1c00954a 01039023 sh               x16, 0(x7)          x16:0000ffc2  x7:1c002eb2  PA:1c002eb2
27349557ns          484921 1c00954e 00a29023 sh               x10, 0(x5)          x10:0000ff5f  x5:1c002ea2  PA:1c002ea2
27349896ns          484938 1c009552 008b0b13 addi             x22, x22, 8         x22=000001b1 x22:000001a9
27349915ns          484939 1c009554 1f300793 addi             x15, x0, 499        x15=000001f3
27349935ns          484940 1c009558 e767dae3 bge              x15, x22, -396      x15:000001f3 x22:000001b1
27350035ns          484945 1c0093cc 010c9a0b p.lh             x20, 16(x25!)       x20=00000088 x25=1c0029fa x25:1c0029ea  PA:1c0029ea
27350353ns          484961 1c0093d0 0104198b p.lh             x19, 16(x8!)        x19=000000ad  x8=1c0021c2  x8:1c0021b2  PA:1c0021b2
27350671ns          484977 1c0093d4 2cc10513 addi             x10, x2, 716        x10=10000fa4  x2:10000cd8
27350691ns          484978 1c0093d6 010a990b p.lh             x18, 16(x21!)       x18=0000008e x21=1c0019ee x21:1c0019de  PA:1c0019de
27350989ns          484993 1c0093da 010b948b p.lh             x9, 16(x23!)         x9=000000a5 x23=1c00121e x23:1c00120e  PA:1c00120e
27351288ns          485008 1c0093de 2d411623 sh               x20, 716(x2)        x20:00000088  x2:10000cd8  PA:10000fa4
27351328ns          485010 1c0093e2 2d311723 sh               x19, 718(x2)        x19:000000ad  x2:10000cd8  PA:10000fa6
27351347ns          485011 1c0093e6 c33ff0ef jal              x1, -974             x1=1c0093e8
27351387ns          485013 1c009018 00051803 lh               x16, 0(x10)         x16=00000088 x10:10000fa4  PA:10000fa4
27351407ns          485014 1c00901c 00251883 lh               x17, 2(x10)         x17=000000ad x10:10000fa4  PA:10000fa6
27351427ns          485015 1c009020 030806b3 mul              x13, x16, x16       x13=00004840 x16:00000088 x16:00000088
27351447ns          485016 1c009024 03188633 mul              x12, x17, x17       x12=000074e9 x17:000000ad x17:000000ad
27351467ns          485017 1c009028 40a65613 srai             x12, x12, 0x40a     x12=0000001d x12:000074e9
27351487ns          485018 1c00902a 40a6d693 srai             x13, x13, 0x40a     x13=00000012 x13:00004840
27351506ns          485019 1c00902c 00c686b3 add              x13, x13, x12       x13=0000002f x13:00000012 x12:0000001d
27351526ns          485020 1c00902e 1006c633 p.exths          x12, x13, x0        x12=0000002f x13:0000002f
27351546ns          485021 1c009032 00855703 lhu              x14, 8(x10)         x14=0000ffd1 x10:10000fa4  PA:10000fac
27351566ns          485022 1c009036 00a55683 lhu              x13, 10(x10)        x13=0000ff6a x10:10000fa4  PA:10000fae
27351586ns          485023 1c00903a 02c60333 mul              x6, x12, x12         x6=000008a1 x12:0000002f x12:0000002f
27351606ns          485024 1c00903e 00c55783 lhu              x15, 12(x10)        x15=0000ffe5 x10:10000fa4  PA:10000fb0
27351626ns          485025 1c009042 00e55583 lhu              x11, 14(x10)        x11=00000060 x10:10000fa4  PA:10000fb2
27351646ns          485026 1c009046 dea30333 p.extract        x6, x6, 15, 10       x6=00000002  x6:000008a1
27351666ns          485027 1c00904a 80c7075b p.muls           x14, x14, x12       x14=fffff75f x14:0000ffd1 x12:0000002f
27351705ns          485029 1c00904e 80c686db p.muls           x13, x13, x12       x13=ffffe476 x13:0000ff6a x12:0000002f
27351745ns          485031 1c009052 00455e83 lhu              x29, 4(x10)         x29=00000427 x10:10000fa4  PA:10000fa8
27351765ns          485032 1c009056 00655e03 lhu              x28, 6(x10)         x28=0000007f x10:10000fa4  PA:10000faa
27351785ns          485033 1c00905a 40a75713 srai             x14, x14, 0x40a     x14=fffffffd x14:fffff75f
27351805ns          485034 1c00905c 806787db p.muls           x15, x15, x6        x15=ffffffca x15:0000ffe5  x6:00000002
27351845ns          485036 1c009060 40a6d693 srai             x13, x13, 0x40a     x13=fffffff9 x13:ffffe476
27351884ns          485038 1c009062 8065865b p.muls           x12, x11, x6        x12=000000c0 x11:00000060  x6:00000002
27351904ns          485039 1c009066 40a7d793 srai             x15, x15, 0x40a     x15=ffffffff x15:ffffffca
27351924ns          485040 1c009068 40a65613 srai             x12, x12, 0x40a     x12=00000000 x12:000000c0
27351944ns          485041 1c00906a 01d70733 add              x14, x14, x29       x14=00000424 x14:fffffffd x29:00000427
27351964ns          485042 1c00906c 01c686b3 add              x13, x13, x28       x13=00000078 x13:fffffff9 x28:0000007f
27351984ns          485043 1c00906e 00c686b3 add              x13, x13, x12       x13=00000078 x13:00000078 x12:00000000
27352004ns          485044 1c009070 00f70733 add              x14, x14, x15       x14=00000423 x14:00000424 x15:ffffffff
27352024ns          485045 1c009072 100747b3 p.exths          x15, x14, x0        x15=00000423 x14:00000423
27352043ns          485046 1c009076 1006c733 p.exths          x14, x13, x0        x14=00000078 x13:00000078
27352063ns          485047 1c00907a 03170633 mul              x12, x14, x17       x12=00005118 x14:00000078 x17:000000ad
27352083ns          485048 1c00907e 030786b3 mul              x13, x15, x16       x13=00023298 x15:00000423 x16:00000088
27352103ns          485049 1c009082 03070733 mul              x14, x14, x16       x14=00003fc0 x14:00000078 x16:00000088
27352123ns          485050 1c009086 031787b3 mul              x15, x15, x17       x15=0002cba7 x15:00000423 x17:000000ad
27352143ns          485051 1c00908a 40a6d693 srai             x13, x13, 0x40a     x13=0000008c x13:00023298
27352163ns          485052 1c00908c 40a65613 srai             x12, x12, 0x40a     x12=00000014 x12:00005118
27352183ns          485053 1c00908e 40a7d793 srai             x15, x15, 0x40a     x15=000000b2 x15:0002cba7
27352203ns          485054 1c009090 40a75713 srai             x14, x14, 0x40a     x14=0000000f x14:00003fc0
27352222ns          485055 1c009092 40c686b3 sub              x13, x13, x12       x13=00000078 x13:0000008c x12:00000014
27352242ns          485056 1c009094 00e787b3 add              x15, x15, x14       x15=000000c1 x15:000000b2 x14:0000000f
27352262ns          485057 1c009096 00d51823 sh               x13, 16(x10)        x13:00000078 x10:10000fa4  PA:10000fb4
27352302ns          485059 1c00909a 00f51923 sh               x15, 18(x10)        x15:000000c1 x10:10000fa4  PA:10000fb6
27352342ns          485061 1c00909e 00008067 jalr             x0, x1, 0            x1:1c0093e8
27352382ns          485063 1c0093e8 2dc15583 lhu              x11, 732(x2)        x11=00000078  x2:10000cd8  PA:10000fb4
27352401ns          485064 1c0093ec 2de15783 lhu              x15, 734(x2)        x15=000000c1  x2:10000cd8  PA:10000fb6
27352441ns          485066 1c0093f0 40b90933 sub              x18, x18, x11       x18=00000016 x18:0000008e x11:00000078
27352461ns          485067 1c0093f4 40f484b3 sub              x9, x9, x15          x9=ffffffe4  x9:000000a5 x15:000000c1
27352481ns          485068 1c0093f6 100945b3 p.exths          x11, x18, x0        x11=00000016 x18:00000016
27352501ns          485069 1c0093fa 1004c7b3 p.exths          x15, x9, x0         x15=ffffffe4  x9:ffffffe4
27352521ns          485070 1c0093fe 034586b3 mul              x13, x11, x20       x13=00000bb0 x11:00000016 x20:00000088
27352541ns          485071 1c009402 03378533 mul              x10, x15, x19       x10=ffffed14 x15:ffffffe4 x19:000000ad
27352561ns          485072 1c009406 034a0633 mul              x12, x20, x20       x12=00004840 x20:00000088 x20:00000088
27352580ns          485073 1c00940a 03398733 mul              x14, x19, x19       x14=000074e9 x19:000000ad x19:000000ad
27352620ns          485075 1c00940e 034787b3 mul              x15, x15, x20       x15=fffff120 x15:ffffffe4 x20:00000088
27352660ns          485077 1c009412 033585b3 mul              x11, x11, x19       x11=00000ede x11:00000016 x19:000000ad
27352680ns          485078 1c009416 40a75713 srai             x14, x14, 0x40a     x14=0000001d x14:000074e9
27352700ns          485079 1c009418 40a5d593 srai             x11, x11, 0x40a     x11=00000003 x11:00000ede
27352720ns          485080 1c00941a 40a65613 srai             x12, x12, 0x40a     x12=00000012 x12:00004840
27352740ns          485081 1c00941c 40a7d793 srai             x15, x15, 0x40a     x15=fffffffc x15:fffff120
27352759ns          485082 1c00941e 1c0034b7 lui              x9, 0x1c003000       x9=1c003000
27352779ns          485083 1c009422 00e60633 add              x12, x12, x14       x12=0000002f x12:00000012 x14:0000001d
27352799ns          485084 1c009424 40b787b3 sub              x15, x15, x11       x15=fffffff9 x15:fffffffc x11:00000003
27352819ns          485085 1c009426 eb048493 addi             x9, x9, -336         x9=1c002eb0  x9:1c003000
27352839ns          485086 1c00942a 1c0032b7 lui              x5, 0x1c003000       x5=1c003000
27352859ns          485087 1c00942e 1c0035b7 lui              x11, 0x1c003000     x11=1c003000
27352879ns          485088 1c009432 018483b3 add              x7, x9, x24          x7=1c002eb2  x9:1c002eb0 x24:00000002
27352899ns          485089 1c009436 02812e83 lw               x29, 40(x2)         x29=1c002ec2  x2:10000cd8  PA:10000d00
27352919ns          485090 1c009438 10065633 p.exthz          x12, x12, x0        x12=0000002f x12:0000002f
27352938ns          485091 1c00943c e8028293 addi             x5, x5, -384         x5=1c002e80  x5:1c003000
27352958ns          485092 1c009440 ea058593 addi             x11, x11, -352      x11=1c002ea0 x11:1c003000
27352978ns          485093 1c009444 03812483 lw               x9, 56(x2)           x9=1c002ee2  x2:10000cd8  PA:10000d10
27352998ns          485094 1c009446 10064733 p.exths          x14, x12, x0        x14=0000002f x12:0000002f
27353018ns          485095 1c00944a 018280b3 add              x1, x5, x24          x1=1c002e82  x5:1c002e80 x24:00000002
27353038ns          485096 1c00944e 03012f03 lw               x30, 48(x2)         x30=1c002ed2  x2:10000cd8  PA:10000d08
27353058ns          485097 1c009450 018582b3 add              x5, x11, x24         x5=1c002ea2 x11:1c002ea0 x24:00000002
27353078ns          485098 1c009454 04012583 lw               x11, 64(x2)         x11=1c002ef2  x2:10000cd8  PA:10000d18
27353098ns          485099 1c009456 000edd83 lhu              x27, 0(x29)         x27=00001aac x29:1c002ec2  PA:1c002ec2
27353436ns          485116 1c00945a 0004d483 lhu              x9, 0(x9)            x9=000001cb  x9:1c002ee2  PA:1c002ee2
27353734ns          485131 1c00945e 02e70333 mul              x6, x14, x14         x6=000008a1 x14:0000002f x14:0000002f
27353754ns          485132 1c009462 40a55513 srai             x10, x10, 0x40a     x10=fffffffb x10:ffffed14
27353774ns          485133 1c009464 04812e83 lw               x29, 72(x2)         x29=1c002f02  x2:10000cd8  PA:10000d20
27353794ns          485134 1c009466 40a6d693 srai             x13, x13, 0x40a     x13=00000002 x13:00000bb0
27353814ns          485135 1c009468 000f5d03 lhu              x26, 0(x30)         x26=000005ef x30:1c002ed2  PA:1c002ed2
27354112ns          485150 1c00946c 0005d583 lhu              x11, 0(x11)         x11=000000a5 x11:1c002ef2  PA:1c002ef2
27354410ns          485165 1c009470 40a35313 srai             x6, x6, 0x40a        x6=00000002  x6:000008a1
27354430ns          485166 1c009474 00a686b3 add              x13, x13, x10       x13=fffffffd x13:00000002 x10:fffffffb
27354450ns          485167 1c009476 05012f03 lw               x30, 80(x2)         x30=1c002e72  x2:10000cd8  PA:10000d28
27354470ns          485168 1c009478 10034e33 p.exths          x28, x6, x0         x28=00000002  x6:00000002
27354490ns          485169 1c00947c 06911023 sh               x9, 96(x2)           x9:000001cb  x2:10000cd8  PA:10000d38
27354510ns          485170 1c009480 000ede83 lhu              x29, 0(x29)         x29=00000040 x29:1c002f02  PA:1c002f02
27354808ns          485185 1c009484 05812483 lw               x9, 88(x2)           x9=1c002e62  x2:10000cd8  PA:10000d30
27354828ns          485186 1c009486 1006d6b3 p.exthz          x13, x13, x0        x13=0000fffd x13:fffffffd
27354848ns          485187 1c00948a 02ee08b3 mul              x17, x28, x14       x17=0000005e x28:00000002 x14:0000002f
27354868ns          485188 1c00948e 1006c833 p.exths          x16, x13, x0        x16=fffffffd x13:0000fffd
27354887ns          485189 1c009492 06b11823 sh               x11, 112(x2)        x11:000000a5  x2:10000cd8  PA:10000d48
27354907ns          485190 1c009496 000f5f03 lhu              x30, 0(x30)         x30=0000febd x30:1c002e72  PA:1c002e72
27355206ns          485205 1c00949a 0a012583 lw               x11, 160(x2)        x11=1c002e92  x2:10000cd8  PA:10000d78
27355226ns          485206 1c00949c 1007d7b3 p.exthz          x15, x15, x0        x15=0000fff9 x15:fffffff9
27355245ns          485207 1c0094a0 0004da03 lhu              x20, 0(x9)          x20=0000f9f9  x9:1c002e62  PA:1c002e62
27355544ns          485222 1c0094a4 1007c533 p.exths          x10, x15, x0        x10=fffffff9 x15:0000fff9
27355564ns          485223 1c0094a8 09d11023 sh               x29, 128(x2)        x29:00000040  x2:10000cd8  PA:10000d58
27355584ns          485224 1c0094ac 0003d483 lhu              x9, 0(x7)            x9=0000ffc2  x7:1c002eb2  PA:1c002eb2
27355922ns          485241 1c0094b0 02e80eb3 mul              x29, x16, x14       x29=ffffff73 x16:fffffffd x14:0000002f
27355942ns          485242 1c0094b4 40a8d893 srai             x17, x17, 0x40a     x17=00000000 x17:0000005e
27355961ns          485243 1c0094b8 03c80833 mul              x16, x16, x28       x16=fffffffa x16:fffffffd x28:00000002
27355981ns          485244 1c0094bc 09e11823 sh               x30, 144(x2)        x30:0000febd  x2:10000cd8  PA:10000d68
27356001ns          485245 1c0094c0 0005d983 lhu              x19, 0(x11)         x19=0000ff88 x11:1c002e92  PA:1c002e92
27356339ns          485262 1c0094c4 81c88f5b p.muls           x30, x17, x28       x30=00000000 x17:00000000 x28:00000002
27356359ns          485263 1c0094c8 0002d583 lhu              x11, 0(x5)          x11=0000ff5f  x5:1c002ea2  PA:1c002ea2
27356657ns          485278 1c0094cc 03ce0fb3 mul              x31, x28, x28       x31=00000004 x28:00000002 x28:00000002
27356677ns          485279 1c0094d0 02e50733 mul              x14, x10, x14       x14=fffffeb7 x10:fffffff9 x14:0000002f
27356697ns          485280 1c0094d4 40a85813 srai             x16, x16, 0x40a     x16=ffffffff x16:fffffffa
27356717ns          485281 1c0094d8 03c50533 mul              x10, x10, x28       x10=fffffff2 x10:fffffff9 x28:00000002
27356737ns          485282 1c0094dc 07015e03 lhu              x28, 112(x2)        x28=000000a5  x2:10000cd8  PA:10000d48
27356757ns          485283 1c0094e0 01b60633 add              x12, x12, x27       x12=00001adb x12:0000002f x27:00001aac
27356777ns          485284 1c0094e2 00980833 add              x16, x16, x9        x16=0000ffc1 x16:ffffffff  x9:0000ffc2
27356797ns          485285 1c0094e4 06015d83 lhu              x27, 96(x2)         x27=000001cb  x2:10000cd8  PA:10000d38
27356817ns          485286 1c0094e8 02812483 lw               x9, 40(x2)           x9=1c002ec2  x2:10000cd8  PA:10000d00
27356836ns          485287 1c0094ea 40afdf93 srai             x31, x31, 0x40a     x31=00000000 x31:00000004
27356856ns          485288 1c0094ee 40a55513 srai             x10, x10, 0x40a     x10=ffffffff x10:fffffff2
27356876ns          485289 1c0094f0 01cf8fb3 add              x31, x31, x28       x31=000000a5 x31:00000000 x28:000000a5
27356896ns          485290 1c0094f2 00b50533 add              x10, x10, x11       x10=0000ff5e x10:ffffffff x11:0000ff5f
27356916ns          485291 1c0094f4 09015e03 lhu              x28, 144(x2)        x28=0000febd  x2:10000cd8  PA:10000d68
27356936ns          485292 1c0094f8 03012583 lw               x11, 48(x2)         x11=1c002ed2  x2:10000cd8  PA:10000d08
27356956ns          485293 1c0094fa 00c49023 sh               x12, 0(x9)          x12:00001adb  x9:1c002ec2  PA:1c002ec2
27357294ns          485310 1c0094fe 01b888b3 add              x17, x17, x27       x17=000001cb x17:00000000 x27:000001cb
27357314ns          485311 1c009500 01a30333 add              x6, x6, x26          x6=000005f1  x6:00000002 x26:000005ef
27357334ns          485312 1c009502 08015d83 lhu              x27, 128(x2)        x27=00000040  x2:10000cd8  PA:10000d58
27357354ns          485313 1c009506 0000d903 lhu              x18, 0(x1)          x18=0000fe60  x1:1c002e82  PA:1c002e82
27357652ns          485328 1c00950a 01c686b3 add              x13, x13, x28       x13=0001feba x13:0000fffd x28:0000febd
27357672ns          485329 1c00950c 00659023 sh               x6, 0(x11)           x6:000005f1 x11:1c002ed2  PA:1c002ed2
27358010ns          485346 1c009510 40af5f13 srai             x30, x30, 0x40a     x30=00000000 x30:00000000
27358030ns          485347 1c009514 04812e03 lw               x28, 72(x2)         x28=1c002f02  x2:10000cd8  PA:10000d20
27358050ns          485348 1c009516 01bf0f33 add              x30, x30, x27       x30=00000040 x30:00000000 x27:00000040
27358070ns          485349 1c009518 40aede93 srai             x29, x29, 0x40a     x29=ffffffff x29:ffffff73
27358089ns          485350 1c00951c 40a75713 srai             x14, x14, 0x40a     x14=ffffffff x14:fffffeb7
27358109ns          485351 1c00951e 03812603 lw               x12, 56(x2)         x12=1c002ee2  x2:10000cd8  PA:10000d10
27358129ns          485352 1c009520 04012d83 lw               x27, 64(x2)         x27=1c002ef2  x2:10000cd8  PA:10000d18
27358149ns          485353 1c009522 01ee1023 sh               x30, 0(x28)         x30:00000040 x28:1c002f02  PA:1c002f02
27358487ns          485370 1c009526 05812483 lw               x9, 88(x2)           x9=1c002e62  x2:10000cd8  PA:10000d30
27358507ns          485371 1c009528 05012f03 lw               x30, 80(x2)         x30=1c002e72  x2:10000cd8  PA:10000d28
27358527ns          485372 1c00952a 0a012583 lw               x11, 160(x2)        x11=1c002e92  x2:10000cd8  PA:10000d78
27358547ns          485373 1c00952c 014787b3 add              x15, x15, x20       x15=0001f9f2 x15:0000fff9 x20:0000f9f9
27358567ns          485374 1c00952e 013e8eb3 add              x29, x29, x19       x29=0000ff87 x29:ffffffff x19:0000ff88
27358587ns          485375 1c009530 01270733 add              x14, x14, x18       x14=0000fe5f x14:ffffffff x18:0000fe60
27358607ns          485376 1c009532 00f49023 sh               x15, 0(x9)          x15:0001f9f2  x9:1c002e62  PA:1c002e62
27358945ns          485393 1c009536 01161023 sh               x17, 0(x12)         x17:000001cb x12:1c002ee2  PA:1c002ee2
27359283ns          485410 1c00953a 01fd9023 sh               x31, 0(x27)         x31:000000a5 x27:1c002ef2  PA:1c002ef2
27359601ns          485426 1c00953e 00df1023 sh               x13, 0(x30)         x13:0001feba x30:1c002e72  PA:1c002e72
27359939ns          485443 1c009542 01d59023 sh               x29, 0(x11)         x29:0000ff87 x11:1c002e92  PA:1c002e92
27360257ns          485459 1c009546 00e09023 sh               x14, 0(x1)          x14:0000fe5f  x1:1c002e82  PA:1c002e82
27360575ns          485475 1c00954a 01039023 sh               x16, 0(x7)          x16:0000ffc1  x7:1c002eb2  PA:1c002eb2
27360894ns          485491 1c00954e 00a29023 sh               x10, 0(x5)          x10:0000ff5e  x5:1c002ea2  PA:1c002ea2
27361232ns          485508 1c009552 008b0b13 addi             x22, x22, 8         x22=000001b9 x22:000001b1
27361252ns          485509 1c009554 1f300793 addi             x15, x0, 499        x15=000001f3
27361272ns          485510 1c009558 e767dae3 bge              x15, x22, -396      x15:000001f3 x22:000001b9
27361371ns          485515 1c0093cc 010c9a0b p.lh             x20, 16(x25!)       x20=00000126 x25=1c002a0a x25:1c0029fa  PA:1c0029fa
27361689ns          485531 1c0093d0 0104198b p.lh             x19, 16(x8!)        x19=fffffe5a  x8=1c0021d2  x8:1c0021c2  PA:1c0021c2
27362007ns          485547 1c0093d4 2cc10513 addi             x10, x2, 716        x10=10000fa4  x2:10000cd8
27362027ns          485548 1c0093d6 010a990b p.lh             x18, 16(x21!)       x18=000000df x21=1c0019fe x21:1c0019ee  PA:1c0019ee
27362326ns          485563 1c0093da 010b948b p.lh             x9, 16(x23!)         x9=fffffe34 x23=1c00122e x23:1c00121e  PA:1c00121e
27362624ns          485578 1c0093de 2d411623 sh               x20, 716(x2)        x20:00000126  x2:10000cd8  PA:10000fa4
27362644ns          485579 1c0093e2 2d311723 sh               x19, 718(x2)        x19:fffffe5a  x2:10000cd8  PA:10000fa6
27362664ns          485580 1c0093e6 c33ff0ef jal              x1, -974             x1=1c0093e8
27362703ns          485582 1c009018 00051803 lh               x16, 0(x10)         x16=00000126 x10:10000fa4  PA:10000fa4
27362723ns          485583 1c00901c 00251883 lh               x17, 2(x10)         x17=fffffe5a x10:10000fa4  PA:10000fa6
27362743ns          485584 1c009020 030806b3 mul              x13, x16, x16       x13=000151a4 x16:00000126 x16:00000126
27362763ns          485585 1c009024 03188633 mul              x12, x17, x17       x12=0002b7a4 x17:fffffe5a x17:fffffe5a
27362783ns          485586 1c009028 40a65613 srai             x12, x12, 0x40a     x12=000000ad x12:0002b7a4
27362803ns          485587 1c00902a 40a6d693 srai             x13, x13, 0x40a     x13=00000054 x13:000151a4
27362823ns          485588 1c00902c 00c686b3 add              x13, x13, x12       x13=00000101 x13:00000054 x12:000000ad
27362843ns          485589 1c00902e 1006c633 p.exths          x12, x13, x0        x12=00000101 x13:00000101
27362863ns          485590 1c009032 00855703 lhu              x14, 8(x10)         x14=0000ffd1 x10:10000fa4  PA:10000fac
27362882ns          485591 1c009036 00a55683 lhu              x13, 10(x10)        x13=0000ff6a x10:10000fa4  PA:10000fae
27362902ns          485592 1c00903a 02c60333 mul              x6, x12, x12         x6=00010201 x12:00000101 x12:00000101
27362922ns          485593 1c00903e 00c55783 lhu              x15, 12(x10)        x15=0000ffe5 x10:10000fa4  PA:10000fb0
27362942ns          485594 1c009042 00e55583 lhu              x11, 14(x10)        x11=00000060 x10:10000fa4  PA:10000fb2
27362962ns          485595 1c009046 dea30333 p.extract        x6, x6, 15, 10       x6=00000040  x6:00010201
27362982ns          485596 1c00904a 80c7075b p.muls           x14, x14, x12       x14=ffffd0d1 x14:0000ffd1 x12:00000101
27363002ns          485597 1c00904e 80c686db p.muls           x13, x13, x12       x13=ffff696a x13:0000ff6a x12:00000101
27363022ns          485598 1c009052 00455e83 lhu              x29, 4(x10)         x29=00000427 x10:10000fa4  PA:10000fa8
27363042ns          485599 1c009056 00655e03 lhu              x28, 6(x10)         x28=0000007f x10:10000fa4  PA:10000faa
27363061ns          485600 1c00905a 40a75713 srai             x14, x14, 0x40a     x14=fffffff4 x14:ffffd0d1
27363081ns          485601 1c00905c 806787db p.muls           x15, x15, x6        x15=fffff940 x15:0000ffe5  x6:00000040
27363101ns          485602 1c009060 40a6d693 srai             x13, x13, 0x40a     x13=ffffffda x13:ffff696a
27363141ns          485604 1c009062 8065865b p.muls           x12, x11, x6        x12=00001800 x11:00000060  x6:00000040
27363161ns          485605 1c009066 40a7d793 srai             x15, x15, 0x40a     x15=fffffffe x15:fffff940
27363181ns          485606 1c009068 40a65613 srai             x12, x12, 0x40a     x12=00000006 x12:00001800
27363201ns          485607 1c00906a 01d70733 add              x14, x14, x29       x14=0000041b x14:fffffff4 x29:00000427
27363221ns          485608 1c00906c 01c686b3 add              x13, x13, x28       x13=00000059 x13:ffffffda x28:0000007f
27363240ns          485609 1c00906e 00c686b3 add              x13, x13, x12       x13=0000005f x13:00000059 x12:00000006
27363260ns          485610 1c009070 00f70733 add              x14, x14, x15       x14=00000419 x14:0000041b x15:fffffffe
27363280ns          485611 1c009072 100747b3 p.exths          x15, x14, x0        x15=00000419 x14:00000419
27363300ns          485612 1c009076 1006c733 p.exths          x14, x13, x0        x14=0000005f x13:0000005f
27363320ns          485613 1c00907a 03170633 mul              x12, x14, x17       x12=ffff6366 x14:0000005f x17:fffffe5a
27363340ns          485614 1c00907e 030786b3 mul              x13, x15, x16       x13=0004b4b6 x15:00000419 x16:00000126
27363360ns          485615 1c009082 03070733 mul              x14, x14, x16       x14=00006d1a x14:0000005f x16:00000126
27363380ns          485616 1c009086 031787b3 mul              x15, x15, x17       x15=fff93eca x15:00000419 x17:fffffe5a
27363400ns          485617 1c00908a 40a6d693 srai             x13, x13, 0x40a     x13=0000012d x13:0004b4b6
27363419ns          485618 1c00908c 40a65613 srai             x12, x12, 0x40a     x12=ffffffd8 x12:ffff6366
27363439ns          485619 1c00908e 40a7d793 srai             x15, x15, 0x40a     x15=fffffe4f x15:fff93eca
27363459ns          485620 1c009090 40a75713 srai             x14, x14, 0x40a     x14=0000001b x14:00006d1a
27363479ns          485621 1c009092 40c686b3 sub              x13, x13, x12       x13=00000155 x13:0000012d x12:ffffffd8
27363499ns          485622 1c009094 00e787b3 add              x15, x15, x14       x15=fffffe6a x15:fffffe4f x14:0000001b
27363519ns          485623 1c009096 00d51823 sh               x13, 16(x10)        x13:00000155 x10:10000fa4  PA:10000fb4
27363539ns          485624 1c00909a 00f51923 sh               x15, 18(x10)        x15:fffffe6a x10:10000fa4  PA:10000fb6
27363559ns          485625 1c00909e 00008067 jalr             x0, x1, 0            x1:1c0093e8
27363638ns          485629 1c0093e8 2dc15583 lhu              x11, 732(x2)        x11=00000155  x2:10000cd8  PA:10000fb4
27363658ns          485630 1c0093ec 2de15783 lhu              x15, 734(x2)        x15=0000fe6a  x2:10000cd8  PA:10000fb6
27363678ns          485631 1c0093f0 40b90933 sub              x18, x18, x11       x18=ffffff8a x18:000000df x11:00000155
27363698ns          485632 1c0093f4 40f484b3 sub              x9, x9, x15          x9=fffeffca  x9:fffffe34 x15:0000fe6a
27363718ns          485633 1c0093f6 100945b3 p.exths          x11, x18, x0        x11=ffffff8a x18:ffffff8a
27363738ns          485634 1c0093fa 1004c7b3 p.exths          x15, x9, x0         x15=ffffffca  x9:fffeffca
27363758ns          485635 1c0093fe 034586b3 mul              x13, x11, x20       x13=ffff787c x11:ffffff8a x20:00000126
27363777ns          485636 1c009402 03378533 mul              x10, x15, x19       x10=00005904 x15:ffffffca x19:fffffe5a
27363797ns          485637 1c009406 034a0633 mul              x12, x20, x20       x12=000151a4 x20:00000126 x20:00000126
27363817ns          485638 1c00940a 03398733 mul              x14, x19, x19       x14=0002b7a4 x19:fffffe5a x19:fffffe5a
27363837ns          485639 1c00940e 034787b3 mul              x15, x15, x20       x15=ffffc1fc x15:ffffffca x20:00000126
27363857ns          485640 1c009412 033585b3 mul              x11, x11, x19       x11=0000c284 x11:ffffff8a x19:fffffe5a
27363877ns          485641 1c009416 40a75713 srai             x14, x14, 0x40a     x14=000000ad x14:0002b7a4
27363897ns          485642 1c009418 40a5d593 srai             x11, x11, 0x40a     x11=00000030 x11:0000c284
27363917ns          485643 1c00941a 40a65613 srai             x12, x12, 0x40a     x12=00000054 x12:000151a4
27363936ns          485644 1c00941c 40a7d793 srai             x15, x15, 0x40a     x15=fffffff0 x15:ffffc1fc
27363956ns          485645 1c00941e 1c0034b7 lui              x9, 0x1c003000       x9=1c003000
27363976ns          485646 1c009422 00e60633 add              x12, x12, x14       x12=00000101 x12:00000054 x14:000000ad
27363996ns          485647 1c009424 40b787b3 sub              x15, x15, x11       x15=ffffffc0 x15:fffffff0 x11:00000030
27364016ns          485648 1c009426 eb048493 addi             x9, x9, -336         x9=1c002eb0  x9:1c003000
27364036ns          485649 1c00942a 1c0032b7 lui              x5, 0x1c003000       x5=1c003000
27364056ns          485650 1c00942e 1c0035b7 lui              x11, 0x1c003000     x11=1c003000
27364076ns          485651 1c009432 018483b3 add              x7, x9, x24          x7=1c002eb2  x9:1c002eb0 x24:00000002
27364096ns          485652 1c009436 02812e83 lw               x29, 40(x2)         x29=1c002ec2  x2:10000cd8  PA:10000d00
27364115ns          485653 1c009438 10065633 p.exthz          x12, x12, x0        x12=00000101 x12:00000101
27364135ns          485654 1c00943c e8028293 addi             x5, x5, -384         x5=1c002e80  x5:1c003000
27364175ns          485656 1c009440 ea058593 addi             x11, x11, -352      x11=1c002ea0 x11:1c003000
27364215ns          485658 1c009444 03812483 lw               x9, 56(x2)           x9=1c002ee2  x2:10000cd8  PA:10000d10
27364235ns          485659 1c009446 10064733 p.exths          x14, x12, x0        x14=00000101 x12:00000101
27364255ns          485660 1c00944a 018280b3 add              x1, x5, x24          x1=1c002e82  x5:1c002e80 x24:00000002
27364275ns          485661 1c00944e 03012f03 lw               x30, 48(x2)         x30=1c002ed2  x2:10000cd8  PA:10000d08
27364314ns          485663 1c009450 018582b3 add              x5, x11, x24         x5=1c002ea2 x11:1c002ea0 x24:00000002
27364354ns          485665 1c009454 04012583 lw               x11, 64(x2)         x11=1c002ef2  x2:10000cd8  PA:10000d18
27364374ns          485666 1c009456 000edd83 lhu              x27, 0(x29)         x27=00001adb x29:1c002ec2  PA:1c002ec2
27364672ns          485681 1c00945a 0004d483 lhu              x9, 0(x9)            x9=000001cb  x9:1c002ee2  PA:1c002ee2
27364991ns          485697 1c00945e 02e70333 mul              x6, x14, x14         x6=00010201 x14:00000101 x14:00000101
27365010ns          485698 1c009462 40a55513 srai             x10, x10, 0x40a     x10=00000016 x10:00005904
27365030ns          485699 1c009464 04812e83 lw               x29, 72(x2)         x29=1c002f02  x2:10000cd8  PA:10000d20
27365050ns          485700 1c009466 40a6d693 srai             x13, x13, 0x40a     x13=ffffffde x13:ffff787c
27365070ns          485701 1c009468 000f5d03 lhu              x26, 0(x30)         x26=000005f1 x30:1c002ed2  PA:1c002ed2
27365388ns          485717 1c00946c 0005d583 lhu              x11, 0(x11)         x11=000000a5 x11:1c002ef2  PA:1c002ef2
27365687ns          485732 1c009470 40a35313 srai             x6, x6, 0x40a        x6=00000040  x6:00010201
27365707ns          485733 1c009474 00a686b3 add              x13, x13, x10       x13=fffffff4 x13:ffffffde x10:00000016
27365726ns          485734 1c009476 05012f03 lw               x30, 80(x2)         x30=1c002e72  x2:10000cd8  PA:10000d28
27365746ns          485735 1c009478 10034e33 p.exths          x28, x6, x0         x28=00000040  x6:00000040
27365766ns          485736 1c00947c 06911023 sh               x9, 96(x2)           x9:000001cb  x2:10000cd8  PA:10000d38
27365786ns          485737 1c009480 000ede83 lhu              x29, 0(x29)         x29=00000040 x29:1c002f02  PA:1c002f02
27366084ns          485752 1c009484 05812483 lw               x9, 88(x2)           x9=1c002e62  x2:10000cd8  PA:10000d30
27366104ns          485753 1c009486 1006d6b3 p.exthz          x13, x13, x0        x13=0000fff4 x13:fffffff4
27366124ns          485754 1c00948a 02ee08b3 mul              x17, x28, x14       x17=00004040 x28:00000040 x14:00000101
27366144ns          485755 1c00948e 1006c833 p.exths          x16, x13, x0        x16=fffffff4 x13:0000fff4
27366164ns          485756 1c009492 06b11823 sh               x11, 112(x2)        x11:000000a5  x2:10000cd8  PA:10000d48
27366184ns          485757 1c009496 000f5f03 lhu              x30, 0(x30)         x30=0000feba x30:1c002e72  PA:1c002e72
27366502ns          485773 1c00949a 0a012583 lw               x11, 160(x2)        x11=1c002e92  x2:10000cd8  PA:10000d78
27366522ns          485774 1c00949c 1007d7b3 p.exthz          x15, x15, x0        x15=0000ffc0 x15:ffffffc0
27366542ns          485775 1c0094a0 0004da03 lhu              x20, 0(x9)          x20=0000f9f2  x9:1c002e62  PA:1c002e62
27366880ns          485792 1c0094a4 1007c533 p.exths          x10, x15, x0        x10=ffffffc0 x15:0000ffc0
27366900ns          485793 1c0094a8 09d11023 sh               x29, 128(x2)        x29:00000040  x2:10000cd8  PA:10000d58
27366920ns          485794 1c0094ac 0003d483 lhu              x9, 0(x7)            x9=0000ffc1  x7:1c002eb2  PA:1c002eb2
27367258ns          485811 1c0094b0 02e80eb3 mul              x29, x16, x14       x29=fffff3f4 x16:fffffff4 x14:00000101
27367278ns          485812 1c0094b4 40a8d893 srai             x17, x17, 0x40a     x17=00000010 x17:00004040
27367298ns          485813 1c0094b8 03c80833 mul              x16, x16, x28       x16=fffffd00 x16:fffffff4 x28:00000040
27367317ns          485814 1c0094bc 09e11823 sh               x30, 144(x2)        x30:0000feba  x2:10000cd8  PA:10000d68
27367337ns          485815 1c0094c0 0005d983 lhu              x19, 0(x11)         x19=0000ff87 x11:1c002e92  PA:1c002e92
27367695ns          485833 1c0094c4 81c88f5b p.muls           x30, x17, x28       x30=00000400 x17:00000010 x28:00000040
27367715ns          485834 1c0094c8 0002d583 lhu              x11, 0(x5)          x11=0000ff5e  x5:1c002ea2  PA:1c002ea2
27368014ns          485849 1c0094cc 03ce0fb3 mul              x31, x28, x28       x31=00001000 x28:00000040 x28:00000040
27368033ns          485850 1c0094d0 02e50733 mul              x14, x10, x14       x14=ffffbfc0 x10:ffffffc0 x14:00000101
27368053ns          485851 1c0094d4 40a85813 srai             x16, x16, 0x40a     x16=ffffffff x16:fffffd00
27368073ns          485852 1c0094d8 03c50533 mul              x10, x10, x28       x10=fffff000 x10:ffffffc0 x28:00000040
27368093ns          485853 1c0094dc 07015e03 lhu              x28, 112(x2)        x28=000000a5  x2:10000cd8  PA:10000d48
27368113ns          485854 1c0094e0 01b60633 add              x12, x12, x27       x12=00001bdc x12:00000101 x27:00001adb
27368133ns          485855 1c0094e2 00980833 add              x16, x16, x9        x16=0000ffc0 x16:ffffffff  x9:0000ffc1
27368153ns          485856 1c0094e4 06015d83 lhu              x27, 96(x2)         x27=000001cb  x2:10000cd8  PA:10000d38
27368173ns          485857 1c0094e8 02812483 lw               x9, 40(x2)           x9=1c002ec2  x2:10000cd8  PA:10000d00
27368193ns          485858 1c0094ea 40afdf93 srai             x31, x31, 0x40a     x31=00000004 x31:00001000
27368212ns          485859 1c0094ee 40a55513 srai             x10, x10, 0x40a     x10=fffffffc x10:fffff000
27368232ns          485860 1c0094f0 01cf8fb3 add              x31, x31, x28       x31=000000a9 x31:00000004 x28:000000a5
27368252ns          485861 1c0094f2 00b50533 add              x10, x10, x11       x10=0000ff5a x10:fffffffc x11:0000ff5e
27368272ns          485862 1c0094f4 09015e03 lhu              x28, 144(x2)        x28=0000feba  x2:10000cd8  PA:10000d68
27368292ns          485863 1c0094f8 03012583 lw               x11, 48(x2)         x11=1c002ed2  x2:10000cd8  PA:10000d08
27368312ns          485864 1c0094fa 00c49023 sh               x12, 0(x9)          x12:00001bdc  x9:1c002ec2  PA:1c002ec2
27368670ns          485882 1c0094fe 01b888b3 add              x17, x17, x27       x17=000001db x17:00000010 x27:000001cb
27368690ns          485883 1c009500 01a30333 add              x6, x6, x26          x6=00000631  x6:00000040 x26:000005f1
27368710ns          485884 1c009502 08015d83 lhu              x27, 128(x2)        x27=00000040  x2:10000cd8  PA:10000d58
27368730ns          485885 1c009506 0000d903 lhu              x18, 0(x1)          x18=0000fe5f  x1:1c002e82  PA:1c002e82
27369127ns          485905 1c00950a 01c686b3 add              x13, x13, x28       x13=0001feae x13:0000fff4 x28:0000feba
27369147ns          485906 1c00950c 00659023 sh               x6, 0(x11)           x6:00000631 x11:1c002ed2  PA:1c002ed2
27369465ns          485922 1c009510 40af5f13 srai             x30, x30, 0x40a     x30=00000001 x30:00000400
27369485ns          485923 1c009514 04812e03 lw               x28, 72(x2)         x28=1c002f02  x2:10000cd8  PA:10000d20
27369505ns          485924 1c009516 01bf0f33 add              x30, x30, x27       x30=00000041 x30:00000001 x27:00000040
27369525ns          485925 1c009518 40aede93 srai             x29, x29, 0x40a     x29=fffffffc x29:fffff3f4
27369545ns          485926 1c00951c 40a75713 srai             x14, x14, 0x40a     x14=ffffffef x14:ffffbfc0
27369565ns          485927 1c00951e 03812603 lw               x12, 56(x2)         x12=1c002ee2  x2:10000cd8  PA:10000d10
27369585ns          485928 1c009520 04012d83 lw               x27, 64(x2)         x27=1c002ef2  x2:10000cd8  PA:10000d18
27369605ns          485929 1c009522 01ee1023 sh               x30, 0(x28)         x30:00000041 x28:1c002f02  PA:1c002f02
27369923ns          485945 1c009526 05812483 lw               x9, 88(x2)           x9=1c002e62  x2:10000cd8  PA:10000d30
27369943ns          485946 1c009528 05012f03 lw               x30, 80(x2)         x30=1c002e72  x2:10000cd8  PA:10000d28
27369963ns          485947 1c00952a 0a012583 lw               x11, 160(x2)        x11=1c002e92  x2:10000cd8  PA:10000d78
27369982ns          485948 1c00952c 014787b3 add              x15, x15, x20       x15=0001f9b2 x15:0000ffc0 x20:0000f9f2
27370002ns          485949 1c00952e 013e8eb3 add              x29, x29, x19       x29=0000ff83 x29:fffffffc x19:0000ff87
27370022ns          485950 1c009530 01270733 add              x14, x14, x18       x14=0000fe4e x14:ffffffef x18:0000fe5f
27370042ns          485951 1c009532 00f49023 sh               x15, 0(x9)          x15:0001f9b2  x9:1c002e62  PA:1c002e62
27370360ns          485967 1c009536 01161023 sh               x17, 0(x12)         x17:000001db x12:1c002ee2  PA:1c002ee2
27370679ns          485983 1c00953a 01fd9023 sh               x31, 0(x27)         x31:000000a9 x27:1c002ef2  PA:1c002ef2
27370997ns          485999 1c00953e 00df1023 sh               x13, 0(x30)         x13:0001feae x30:1c002e72  PA:1c002e72
27371315ns          486015 1c009542 01d59023 sh               x29, 0(x11)         x29:0000ff83 x11:1c002e92  PA:1c002e92
27371653ns          486032 1c009546 00e09023 sh               x14, 0(x1)          x14:0000fe4e  x1:1c002e82  PA:1c002e82
27371991ns          486049 1c00954a 01039023 sh               x16, 0(x7)          x16:0000ffc0  x7:1c002eb2  PA:1c002eb2
27372329ns          486066 1c00954e 00a29023 sh               x10, 0(x5)          x10:0000ff5a  x5:1c002ea2  PA:1c002ea2
27372647ns          486082 1c009552 008b0b13 addi             x22, x22, 8         x22=000001c1 x22:000001b9
27372667ns          486083 1c009554 1f300793 addi             x15, x0, 499        x15=000001f3
27372687ns          486084 1c009558 e767dae3 bge              x15, x22, -396      x15:000001f3 x22:000001c1
27372787ns          486089 1c0093cc 010c9a0b p.lh             x20, 16(x25!)       x20=ffffff7a x25=1c002a1a x25:1c002a0a  PA:1c002a0a
27373125ns          486106 1c0093d0 0104198b p.lh             x19, 16(x8!)        x19=00000005  x8=1c0021e2  x8:1c0021d2  PA:1c0021d2
27373423ns          486121 1c0093d4 2cc10513 addi             x10, x2, 716        x10=10000fa4  x2:10000cd8
27373443ns          486122 1c0093d6 010a990b p.lh             x18, 16(x21!)       x18=ffffff77 x21=1c001a0e x21:1c0019fe  PA:1c0019fe
27373741ns          486137 1c0093da 010b948b p.lh             x9, 16(x23!)         x9=00000009 x23=1c00123e x23:1c00122e  PA:1c00122e
27374040ns          486152 1c0093de 2d411623 sh               x20, 716(x2)        x20:ffffff7a  x2:10000cd8  PA:10000fa4
27374079ns          486154 1c0093e2 2d311723 sh               x19, 718(x2)        x19:00000005  x2:10000cd8  PA:10000fa6
27374099ns          486155 1c0093e6 c33ff0ef jal              x1, -974             x1=1c0093e8
27374179ns          486159 1c009018 00051803 lh               x16, 0(x10)         x16=ffffff7a x10:10000fa4  PA:10000fa4
27374219ns          486161 1c00901c 00251883 lh               x17, 2(x10)         x17=00000005 x10:10000fa4  PA:10000fa6
27374278ns          486164 1c009020 030806b3 mul              x13, x16, x16       x13=00004624 x16:ffffff7a x16:ffffff7a
27374318ns          486166 1c009024 03188633 mul              x12, x17, x17       x12=00000019 x17:00000005 x17:00000005
27374338ns          486167 1c009028 40a65613 srai             x12, x12, 0x40a     x12=00000000 x12:00000019
27374358ns          486168 1c00902a 40a6d693 srai             x13, x13, 0x40a     x13=00000011 x13:00004624
27374378ns          486169 1c00902c 00c686b3 add              x13, x13, x12       x13=00000011 x13:00000011 x12:00000000
27374398ns          486170 1c00902e 1006c633 p.exths          x12, x13, x0        x12=00000011 x13:00000011
27374417ns          486171 1c009032 00855703 lhu              x14, 8(x10)         x14=0000ffd1 x10:10000fa4  PA:10000fac
27374437ns          486172 1c009036 00a55683 lhu              x13, 10(x10)        x13=0000ff6a x10:10000fa4  PA:10000fae
27374457ns          486173 1c00903a 02c60333 mul              x6, x12, x12         x6=00000121 x12:00000011 x12:00000011
27374477ns          486174 1c00903e 00c55783 lhu              x15, 12(x10)        x15=0000ffe5 x10:10000fa4  PA:10000fb0
27374497ns          486175 1c009042 00e55583 lhu              x11, 14(x10)        x11=00000060 x10:10000fa4  PA:10000fb2
27374517ns          486176 1c009046 dea30333 p.extract        x6, x6, 15, 10       x6=00000000  x6:00000121
27374537ns          486177 1c00904a 80c7075b p.muls           x14, x14, x12       x14=fffffce1 x14:0000ffd1 x12:00000011
27374557ns          486178 1c00904e 80c686db p.muls           x13, x13, x12       x13=fffff60a x13:0000ff6a x12:00000011
27374577ns          486179 1c009052 00455e83 lhu              x29, 4(x10)         x29=00000427 x10:10000fa4  PA:10000fa8
27374596ns          486180 1c009056 00655e03 lhu              x28, 6(x10)         x28=0000007f x10:10000fa4  PA:10000faa
27374616ns          486181 1c00905a 40a75713 srai             x14, x14, 0x40a     x14=ffffffff x14:fffffce1
27374636ns          486182 1c00905c 806787db p.muls           x15, x15, x6        x15=00000000 x15:0000ffe5  x6:00000000
27374656ns          486183 1c009060 40a6d693 srai             x13, x13, 0x40a     x13=fffffffd x13:fffff60a
27374696ns          486185 1c009062 8065865b p.muls           x12, x11, x6        x12=00000000 x11:00000060  x6:00000000
27374716ns          486186 1c009066 40a7d793 srai             x15, x15, 0x40a     x15=00000000 x15:00000000
27374736ns          486187 1c009068 40a65613 srai             x12, x12, 0x40a     x12=00000000 x12:00000000
27374756ns          486188 1c00906a 01d70733 add              x14, x14, x29       x14=00000426 x14:ffffffff x29:00000427
27374775ns          486189 1c00906c 01c686b3 add              x13, x13, x28       x13=0000007c x13:fffffffd x28:0000007f
27374795ns          486190 1c00906e 00c686b3 add              x13, x13, x12       x13=0000007c x13:0000007c x12:00000000
27374815ns          486191 1c009070 00f70733 add              x14, x14, x15       x14=00000426 x14:00000426 x15:00000000
27374835ns          486192 1c009072 100747b3 p.exths          x15, x14, x0        x15=00000426 x14:00000426
27374855ns          486193 1c009076 1006c733 p.exths          x14, x13, x0        x14=0000007c x13:0000007c
27374875ns          486194 1c00907a 03170633 mul              x12, x14, x17       x12=0000026c x14:0000007c x17:00000005
27374895ns          486195 1c00907e 030786b3 mul              x13, x15, x16       x13=fffdd41c x15:00000426 x16:ffffff7a
27374915ns          486196 1c009082 03070733 mul              x14, x14, x16       x14=ffffbf18 x14:0000007c x16:ffffff7a
27374935ns          486197 1c009086 031787b3 mul              x15, x15, x17       x15=000014be x15:00000426 x17:00000005
27374954ns          486198 1c00908a 40a6d693 srai             x13, x13, 0x40a     x13=ffffff75 x13:fffdd41c
27374974ns          486199 1c00908c 40a65613 srai             x12, x12, 0x40a     x12=00000000 x12:0000026c
27374994ns          486200 1c00908e 40a7d793 srai             x15, x15, 0x40a     x15=00000005 x15:000014be
27375014ns          486201 1c009090 40a75713 srai             x14, x14, 0x40a     x14=ffffffef x14:ffffbf18
27375034ns          486202 1c009092 40c686b3 sub              x13, x13, x12       x13=ffffff75 x13:ffffff75 x12:00000000
27375054ns          486203 1c009094 00e787b3 add              x15, x15, x14       x15=fffffff4 x15:00000005 x14:ffffffef
27375074ns          486204 1c009096 00d51823 sh               x13, 16(x10)        x13:ffffff75 x10:10000fa4  PA:10000fb4
27375114ns          486206 1c00909a 00f51923 sh               x15, 18(x10)        x15:fffffff4 x10:10000fa4  PA:10000fb6
27375133ns          486207 1c00909e 00008067 jalr             x0, x1, 0            x1:1c0093e8
27375193ns          486210 1c0093e8 2dc15583 lhu              x11, 732(x2)        x11=0000ff75  x2:10000cd8  PA:10000fb4
27375213ns          486211 1c0093ec 2de15783 lhu              x15, 734(x2)        x15=0000fff4  x2:10000cd8  PA:10000fb6
27375233ns          486212 1c0093f0 40b90933 sub              x18, x18, x11       x18=ffff0002 x18:ffffff77 x11:0000ff75
27375253ns          486213 1c0093f4 40f484b3 sub              x9, x9, x15          x9=ffff0015  x9:00000009 x15:0000fff4
27375273ns          486214 1c0093f6 100945b3 p.exths          x11, x18, x0        x11=00000002 x18:ffff0002
27375293ns          486215 1c0093fa 1004c7b3 p.exths          x15, x9, x0         x15=00000015  x9:ffff0015
27375312ns          486216 1c0093fe 034586b3 mul              x13, x11, x20       x13=fffffef4 x11:00000002 x20:ffffff7a
27375332ns          486217 1c009402 03378533 mul              x10, x15, x19       x10=00000069 x15:00000015 x19:00000005
27375352ns          486218 1c009406 034a0633 mul              x12, x20, x20       x12=00004624 x20:ffffff7a x20:ffffff7a
27375372ns          486219 1c00940a 03398733 mul              x14, x19, x19       x14=00000019 x19:00000005 x19:00000005
27375392ns          486220 1c00940e 034787b3 mul              x15, x15, x20       x15=fffff502 x15:00000015 x20:ffffff7a
27375412ns          486221 1c009412 033585b3 mul              x11, x11, x19       x11=0000000a x11:00000002 x19:00000005
27375432ns          486222 1c009416 40a75713 srai             x14, x14, 0x40a     x14=00000000 x14:00000019
27375452ns          486223 1c009418 40a5d593 srai             x11, x11, 0x40a     x11=00000000 x11:0000000a
27375472ns          486224 1c00941a 40a65613 srai             x12, x12, 0x40a     x12=00000011 x12:00004624
27375491ns          486225 1c00941c 40a7d793 srai             x15, x15, 0x40a     x15=fffffffd x15:fffff502
27375511ns          486226 1c00941e 1c0034b7 lui              x9, 0x1c003000       x9=1c003000
27375531ns          486227 1c009422 00e60633 add              x12, x12, x14       x12=00000011 x12:00000011 x14:00000000
27375551ns          486228 1c009424 40b787b3 sub              x15, x15, x11       x15=fffffffd x15:fffffffd x11:00000000
27375571ns          486229 1c009426 eb048493 addi             x9, x9, -336         x9=1c002eb0  x9:1c003000
27375591ns          486230 1c00942a 1c0032b7 lui              x5, 0x1c003000       x5=1c003000
27375611ns          486231 1c00942e 1c0035b7 lui              x11, 0x1c003000     x11=1c003000
27375631ns          486232 1c009432 018483b3 add              x7, x9, x24          x7=1c002eb2  x9:1c002eb0 x24:00000002
27375651ns          486233 1c009436 02812e83 lw               x29, 40(x2)         x29=1c002ec2  x2:10000cd8  PA:10000d00
27375670ns          486234 1c009438 10065633 p.exthz          x12, x12, x0        x12=00000011 x12:00000011
27375690ns          486235 1c00943c e8028293 addi             x5, x5, -384         x5=1c002e80  x5:1c003000
27375710ns          486236 1c009440 ea058593 addi             x11, x11, -352      x11=1c002ea0 x11:1c003000
27375750ns          486238 1c009444 03812483 lw               x9, 56(x2)           x9=1c002ee2  x2:10000cd8  PA:10000d10
27375770ns          486239 1c009446 10064733 p.exths          x14, x12, x0        x14=00000011 x12:00000011
27375790ns          486240 1c00944a 018280b3 add              x1, x5, x24          x1=1c002e82  x5:1c002e80 x24:00000002
27375810ns          486241 1c00944e 03012f03 lw               x30, 48(x2)         x30=1c002ed2  x2:10000cd8  PA:10000d08
27375849ns          486243 1c009450 018582b3 add              x5, x11, x24         x5=1c002ea2 x11:1c002ea0 x24:00000002
27375889ns          486245 1c009454 04012583 lw               x11, 64(x2)         x11=1c002ef2  x2:10000cd8  PA:10000d18
27375909ns          486246 1c009456 000edd83 lhu              x27, 0(x29)         x27=00001bdc x29:1c002ec2  PA:1c002ec2
27376207ns          486261 1c00945a 0004d483 lhu              x9, 0(x9)            x9=000001db  x9:1c002ee2  PA:1c002ee2
27376526ns          486277 1c00945e 02e70333 mul              x6, x14, x14         x6=00000121 x14:00000011 x14:00000011
27376545ns          486278 1c009462 40a55513 srai             x10, x10, 0x40a     x10=00000000 x10:00000069
27376565ns          486279 1c009464 04812e83 lw               x29, 72(x2)         x29=1c002f02  x2:10000cd8  PA:10000d20
27376585ns          486280 1c009466 40a6d693 srai             x13, x13, 0x40a     x13=ffffffff x13:fffffef4
27376605ns          486281 1c009468 000f5d03 lhu              x26, 0(x30)         x26=00000631 x30:1c002ed2  PA:1c002ed2
27376923ns          486297 1c00946c 0005d583 lhu              x11, 0(x11)         x11=000000a9 x11:1c002ef2  PA:1c002ef2
27377261ns          486314 1c009470 40a35313 srai             x6, x6, 0x40a        x6=00000000  x6:00000121
27377281ns          486315 1c009474 00a686b3 add              x13, x13, x10       x13=ffffffff x13:ffffffff x10:00000000
27377301ns          486316 1c009476 05012f03 lw               x30, 80(x2)         x30=1c002e72  x2:10000cd8  PA:10000d28
27377321ns          486317 1c009478 10034e33 p.exths          x28, x6, x0         x28=00000000  x6:00000000
27377341ns          486318 1c00947c 06911023 sh               x9, 96(x2)           x9:000001db  x2:10000cd8  PA:10000d38
27377361ns          486319 1c009480 000ede83 lhu              x29, 0(x29)         x29=00000041 x29:1c002f02  PA:1c002f02
27377659ns          486334 1c009484 05812483 lw               x9, 88(x2)           x9=1c002e62  x2:10000cd8  PA:10000d30
27377679ns          486335 1c009486 1006d6b3 p.exthz          x13, x13, x0        x13=0000ffff x13:ffffffff
27377699ns          486336 1c00948a 02ee08b3 mul              x17, x28, x14       x17=00000000 x28:00000000 x14:00000011
27377719ns          486337 1c00948e 1006c833 p.exths          x16, x13, x0        x16=ffffffff x13:0000ffff
27377739ns          486338 1c009492 06b11823 sh               x11, 112(x2)        x11:000000a9  x2:10000cd8  PA:10000d48
27377759ns          486339 1c009496 000f5f03 lhu              x30, 0(x30)         x30=0000feae x30:1c002e72  PA:1c002e72
27378117ns          486357 1c00949a 0a012583 lw               x11, 160(x2)        x11=1c002e92  x2:10000cd8  PA:10000d78
27378137ns          486358 1c00949c 1007d7b3 p.exthz          x15, x15, x0        x15=0000fffd x15:fffffffd
27378156ns          486359 1c0094a0 0004da03 lhu              x20, 0(x9)          x20=0000f9b2  x9:1c002e62  PA:1c002e62
27378475ns          486375 1c0094a4 1007c533 p.exths          x10, x15, x0        x10=fffffffd x15:0000fffd
27378495ns          486376 1c0094a8 09d11023 sh               x29, 128(x2)        x29:00000041  x2:10000cd8  PA:10000d58
27378514ns          486377 1c0094ac 0003d483 lhu              x9, 0(x7)            x9=0000ffc0  x7:1c002eb2  PA:1c002eb2
27378833ns          486393 1c0094b0 02e80eb3 mul              x29, x16, x14       x29=ffffffef x16:ffffffff x14:00000011
27378852ns          486394 1c0094b4 40a8d893 srai             x17, x17, 0x40a     x17=00000000 x17:00000000
27378872ns          486395 1c0094b8 03c80833 mul              x16, x16, x28       x16=00000000 x16:ffffffff x28:00000000
27378892ns          486396 1c0094bc 09e11823 sh               x30, 144(x2)        x30:0000feae  x2:10000cd8  PA:10000d68
27378912ns          486397 1c0094c0 0005d983 lhu              x19, 0(x11)         x19=0000ff83 x11:1c002e92  PA:1c002e92
27379230ns          486413 1c0094c4 81c88f5b p.muls           x30, x17, x28       x30=00000000 x17:00000000 x28:00000000
27379250ns          486414 1c0094c8 0002d583 lhu              x11, 0(x5)          x11=0000ff5a  x5:1c002ea2  PA:1c002ea2
27379568ns          486430 1c0094cc 03ce0fb3 mul              x31, x28, x28       x31=00000000 x28:00000000 x28:00000000
27379588ns          486431 1c0094d0 02e50733 mul              x14, x10, x14       x14=ffffffcd x10:fffffffd x14:00000011
27379608ns          486432 1c0094d4 40a85813 srai             x16, x16, 0x40a     x16=00000000 x16:00000000
27379628ns          486433 1c0094d8 03c50533 mul              x10, x10, x28       x10=00000000 x10:fffffffd x28:00000000
27379648ns          486434 1c0094dc 07015e03 lhu              x28, 112(x2)        x28=000000a9  x2:10000cd8  PA:10000d48
27379688ns          486436 1c0094e0 01b60633 add              x12, x12, x27       x12=00001bed x12:00000011 x27:00001bdc
27379708ns          486437 1c0094e2 00980833 add              x16, x16, x9        x16=0000ffc0 x16:00000000  x9:0000ffc0
27379728ns          486438 1c0094e4 06015d83 lhu              x27, 96(x2)         x27=000001db  x2:10000cd8  PA:10000d38
27379747ns          486439 1c0094e8 02812483 lw               x9, 40(x2)           x9=1c002ec2  x2:10000cd8  PA:10000d00
27379767ns          486440 1c0094ea 40afdf93 srai             x31, x31, 0x40a     x31=00000000 x31:00000000
27379787ns          486441 1c0094ee 40a55513 srai             x10, x10, 0x40a     x10=00000000 x10:00000000
27379807ns          486442 1c0094f0 01cf8fb3 add              x31, x31, x28       x31=000000a9 x31:00000000 x28:000000a9
27379827ns          486443 1c0094f2 00b50533 add              x10, x10, x11       x10=0000ff5a x10:00000000 x11:0000ff5a
27379847ns          486444 1c0094f4 09015e03 lhu              x28, 144(x2)        x28=0000feae  x2:10000cd8  PA:10000d68
27379867ns          486445 1c0094f8 03012583 lw               x11, 48(x2)         x11=1c002ed2  x2:10000cd8  PA:10000d08
27379887ns          486446 1c0094fa 00c49023 sh               x12, 0(x9)          x12:00001bed  x9:1c002ec2  PA:1c002ec2
27380205ns          486462 1c0094fe 01b888b3 add              x17, x17, x27       x17=000001db x17:00000000 x27:000001db
27380225ns          486463 1c009500 01a30333 add              x6, x6, x26          x6=00000631  x6:00000000 x26:00000631
27380245ns          486464 1c009502 08015d83 lhu              x27, 128(x2)        x27=00000041  x2:10000cd8  PA:10000d58
27380265ns          486465 1c009506 0000d903 lhu              x18, 0(x1)          x18=0000fe4e  x1:1c002e82  PA:1c002e82
27380583ns          486481 1c00950a 01c686b3 add              x13, x13, x28       x13=0001fead x13:0000ffff x28:0000feae
27380603ns          486482 1c00950c 00659023 sh               x6, 0(x11)           x6:00000631 x11:1c002ed2  PA:1c002ed2
27380921ns          486498 1c009510 40af5f13 srai             x30, x30, 0x40a     x30=00000000 x30:00000000
27380941ns          486499 1c009514 04812e03 lw               x28, 72(x2)         x28=1c002f02  x2:10000cd8  PA:10000d20
27380961ns          486500 1c009516 01bf0f33 add              x30, x30, x27       x30=00000041 x30:00000000 x27:00000041
27380981ns          486501 1c009518 40aede93 srai             x29, x29, 0x40a     x29=ffffffff x29:ffffffef
27381000ns          486502 1c00951c 40a75713 srai             x14, x14, 0x40a     x14=ffffffff x14:ffffffcd
27381020ns          486503 1c00951e 03812603 lw               x12, 56(x2)         x12=1c002ee2  x2:10000cd8  PA:10000d10
27381040ns          486504 1c009520 04012d83 lw               x27, 64(x2)         x27=1c002ef2  x2:10000cd8  PA:10000d18
27381060ns          486505 1c009522 01ee1023 sh               x30, 0(x28)         x30:00000041 x28:1c002f02  PA:1c002f02
27381378ns          486521 1c009526 05812483 lw               x9, 88(x2)           x9=1c002e62  x2:10000cd8  PA:10000d30
27381398ns          486522 1c009528 05012f03 lw               x30, 80(x2)         x30=1c002e72  x2:10000cd8  PA:10000d28
27381418ns          486523 1c00952a 0a012583 lw               x11, 160(x2)        x11=1c002e92  x2:10000cd8  PA:10000d78
27381438ns          486524 1c00952c 014787b3 add              x15, x15, x20       x15=0001f9af x15:0000fffd x20:0000f9b2
27381458ns          486525 1c00952e 013e8eb3 add              x29, x29, x19       x29=0000ff82 x29:ffffffff x19:0000ff83
27381478ns          486526 1c009530 01270733 add              x14, x14, x18       x14=0000fe4d x14:ffffffff x18:0000fe4e
27381498ns          486527 1c009532 00f49023 sh               x15, 0(x9)          x15:0001f9af  x9:1c002e62  PA:1c002e62
27381816ns          486543 1c009536 01161023 sh               x17, 0(x12)         x17:000001db x12:1c002ee2  PA:1c002ee2
27382134ns          486559 1c00953a 01fd9023 sh               x31, 0(x27)         x31:000000a9 x27:1c002ef2  PA:1c002ef2
27382492ns          486577 1c00953e 00df1023 sh               x13, 0(x30)         x13:0001fead x30:1c002e72  PA:1c002e72
27382810ns          486593 1c009542 01d59023 sh               x29, 0(x11)         x29:0000ff82 x11:1c002e92  PA:1c002e92
27383128ns          486609 1c009546 00e09023 sh               x14, 0(x1)          x14:0000fe4d  x1:1c002e82  PA:1c002e82
27383467ns          486626 1c00954a 01039023 sh               x16, 0(x7)          x16:0000ffc0  x7:1c002eb2  PA:1c002eb2
27383785ns          486642 1c00954e 00a29023 sh               x10, 0(x5)          x10:0000ff5a  x5:1c002ea2  PA:1c002ea2
27384123ns          486659 1c009552 008b0b13 addi             x22, x22, 8         x22=000001c9 x22:000001c1
27384143ns          486660 1c009554 1f300793 addi             x15, x0, 499        x15=000001f3
27384163ns          486661 1c009558 e767dae3 bge              x15, x22, -396      x15:000001f3 x22:000001c9
27384222ns          486664 1c0093cc 010c9a0b p.lh             x20, 16(x25!)       x20=fffffea8 x25=1c002a2a x25:1c002a1a  PA:1c002a1a
27384560ns          486681 1c0093d0 0104198b p.lh             x19, 16(x8!)        x19=ffffff0a  x8=1c0021f2  x8:1c0021e2  PA:1c0021e2
27384879ns          486697 1c0093d4 2cc10513 addi             x10, x2, 716        x10=10000fa4  x2:10000cd8
27384898ns          486698 1c0093d6 010a990b p.lh             x18, 16(x21!)       x18=fffffe89 x21=1c001a1e x21:1c001a0e  PA:1c001a0e
27385316ns          486719 1c0093da 010b948b p.lh             x9, 16(x23!)         x9=ffffff32 x23=1c00124e x23:1c00123e  PA:1c00123e
27385614ns          486734 1c0093de 2d411623 sh               x20, 716(x2)        x20:fffffea8  x2:10000cd8  PA:10000fa4
27385634ns          486735 1c0093e2 2d311723 sh               x19, 718(x2)        x19:ffffff0a  x2:10000cd8  PA:10000fa6
27385654ns          486736 1c0093e6 c33ff0ef jal              x1, -974             x1=1c0093e8
27385734ns          486740 1c009018 00051803 lh               x16, 0(x10)         x16=fffffea8 x10:10000fa4  PA:10000fa4
27385793ns          486743 1c00901c 00251883 lh               x17, 2(x10)         x17=ffffff0a x10:10000fa4  PA:10000fa6
27385813ns          486744 1c009020 030806b3 mul              x13, x16, x16       x13=0001ce40 x16:fffffea8 x16:fffffea8
27385833ns          486745 1c009024 03188633 mul              x12, x17, x17       x12=0000ec64 x17:ffffff0a x17:ffffff0a
27385853ns          486746 1c009028 40a65613 srai             x12, x12, 0x40a     x12=0000003b x12:0000ec64
27385873ns          486747 1c00902a 40a6d693 srai             x13, x13, 0x40a     x13=00000073 x13:0001ce40
27385893ns          486748 1c00902c 00c686b3 add              x13, x13, x12       x13=000000ae x13:00000073 x12:0000003b
27385913ns          486749 1c00902e 1006c633 p.exths          x12, x13, x0        x12=000000ae x13:000000ae
27385933ns          486750 1c009032 00855703 lhu              x14, 8(x10)         x14=0000ffd1 x10:10000fa4  PA:10000fac
27385953ns          486751 1c009036 00a55683 lhu              x13, 10(x10)        x13=0000ff6a x10:10000fa4  PA:10000fae
27385972ns          486752 1c00903a 02c60333 mul              x6, x12, x12         x6=00007644 x12:000000ae x12:000000ae
27385992ns          486753 1c00903e 00c55783 lhu              x15, 12(x10)        x15=0000ffe5 x10:10000fa4  PA:10000fb0
27386012ns          486754 1c009042 00e55583 lhu              x11, 14(x10)        x11=00000060 x10:10000fa4  PA:10000fb2
27386032ns          486755 1c009046 dea30333 p.extract        x6, x6, 15, 10       x6=0000001d  x6:00007644
27386052ns          486756 1c00904a 80c7075b p.muls           x14, x14, x12       x14=ffffe00e x14:0000ffd1 x12:000000ae
27386112ns          486759 1c00904e 80c686db p.muls           x13, x13, x12       x13=ffff9a0c x13:0000ff6a x12:000000ae
27386151ns          486761 1c009052 00455e83 lhu              x29, 4(x10)         x29=00000427 x10:10000fa4  PA:10000fa8
27386171ns          486762 1c009056 00655e03 lhu              x28, 6(x10)         x28=0000007f x10:10000fa4  PA:10000faa
27386191ns          486763 1c00905a 40a75713 srai             x14, x14, 0x40a     x14=fffffff8 x14:ffffe00e
27386211ns          486764 1c00905c 806787db p.muls           x15, x15, x6        x15=fffffcf1 x15:0000ffe5  x6:0000001d
27386251ns          486766 1c009060 40a6d693 srai             x13, x13, 0x40a     x13=ffffffe6 x13:ffff9a0c
27386291ns          486768 1c009062 8065865b p.muls           x12, x11, x6        x12=00000ae0 x11:00000060  x6:0000001d
27386310ns          486769 1c009066 40a7d793 srai             x15, x15, 0x40a     x15=ffffffff x15:fffffcf1
27386330ns          486770 1c009068 40a65613 srai             x12, x12, 0x40a     x12=00000002 x12:00000ae0
27386350ns          486771 1c00906a 01d70733 add              x14, x14, x29       x14=0000041f x14:fffffff8 x29:00000427
27386370ns          486772 1c00906c 01c686b3 add              x13, x13, x28       x13=00000065 x13:ffffffe6 x28:0000007f
27386390ns          486773 1c00906e 00c686b3 add              x13, x13, x12       x13=00000067 x13:00000065 x12:00000002
27386410ns          486774 1c009070 00f70733 add              x14, x14, x15       x14=0000041e x14:0000041f x15:ffffffff
27386430ns          486775 1c009072 100747b3 p.exths          x15, x14, x0        x15=0000041e x14:0000041e
27386450ns          486776 1c009076 1006c733 p.exths          x14, x13, x0        x14=00000067 x13:00000067
27386470ns          486777 1c00907a 03170633 mul              x12, x14, x17       x12=ffff9d06 x14:00000067 x17:ffffff0a
27386489ns          486778 1c00907e 030786b3 mul              x13, x15, x16       x13=fffa77b0 x15:0000041e x16:fffffea8
27386509ns          486779 1c009082 03070733 mul              x14, x14, x16       x14=ffff7598 x14:00000067 x16:fffffea8
27386529ns          486780 1c009086 031787b3 mul              x15, x15, x17       x15=fffc0b2c x15:0000041e x17:ffffff0a
27386549ns          486781 1c00908a 40a6d693 srai             x13, x13, 0x40a     x13=fffffe9d x13:fffa77b0
27386569ns          486782 1c00908c 40a65613 srai             x12, x12, 0x40a     x12=ffffffe7 x12:ffff9d06
27386589ns          486783 1c00908e 40a7d793 srai             x15, x15, 0x40a     x15=ffffff02 x15:fffc0b2c
27386609ns          486784 1c009090 40a75713 srai             x14, x14, 0x40a     x14=ffffffdd x14:ffff7598
27386629ns          486785 1c009092 40c686b3 sub              x13, x13, x12       x13=fffffeb6 x13:fffffe9d x12:ffffffe7
27386649ns          486786 1c009094 00e787b3 add              x15, x15, x14       x15=fffffedf x15:ffffff02 x14:ffffffdd
27386668ns          486787 1c009096 00d51823 sh               x13, 16(x10)        x13:fffffeb6 x10:10000fa4  PA:10000fb4
27386708ns          486789 1c00909a 00f51923 sh               x15, 18(x10)        x15:fffffedf x10:10000fa4  PA:10000fb6
27386748ns          486791 1c00909e 00008067 jalr             x0, x1, 0            x1:1c0093e8
27386768ns          486792 1c0093e8 2dc15583 lhu              x11, 732(x2)        x11=0000feb6  x2:10000cd8  PA:10000fb4
27386808ns          486794 1c0093ec 2de15783 lhu              x15, 734(x2)        x15=0000fedf  x2:10000cd8  PA:10000fb6
27386828ns          486795 1c0093f0 40b90933 sub              x18, x18, x11       x18=fffeffd3 x18:fffffe89 x11:0000feb6
27386847ns          486796 1c0093f4 40f484b3 sub              x9, x9, x15          x9=ffff0053  x9:ffffff32 x15:0000fedf
27386867ns          486797 1c0093f6 100945b3 p.exths          x11, x18, x0        x11=ffffffd3 x18:fffeffd3
27386887ns          486798 1c0093fa 1004c7b3 p.exths          x15, x9, x0         x15=00000053  x9:ffff0053
27386907ns          486799 1c0093fe 034586b3 mul              x13, x11, x20       x13=00003c78 x11:ffffffd3 x20:fffffea8
27386927ns          486800 1c009402 03378533 mul              x10, x15, x19       x10=ffffb03e x15:00000053 x19:ffffff0a
27386947ns          486801 1c009406 034a0633 mul              x12, x20, x20       x12=0001ce40 x20:fffffea8 x20:fffffea8
27386967ns          486802 1c00940a 03398733 mul              x14, x19, x19       x14=0000ec64 x19:ffffff0a x19:ffffff0a
27386987ns          486803 1c00940e 034787b3 mul              x15, x15, x20       x15=ffff9078 x15:00000053 x20:fffffea8
27387007ns          486804 1c009412 033585b3 mul              x11, x11, x19       x11=00002b3e x11:ffffffd3 x19:ffffff0a
27387026ns          486805 1c009416 40a75713 srai             x14, x14, 0x40a     x14=0000003b x14:0000ec64
27387046ns          486806 1c009418 40a5d593 srai             x11, x11, 0x40a     x11=0000000a x11:00002b3e
27387066ns          486807 1c00941a 40a65613 srai             x12, x12, 0x40a     x12=00000073 x12:0001ce40
27387086ns          486808 1c00941c 40a7d793 srai             x15, x15, 0x40a     x15=ffffffe4 x15:ffff9078
27387106ns          486809 1c00941e 1c0034b7 lui              x9, 0x1c003000       x9=1c003000
27387126ns          486810 1c009422 00e60633 add              x12, x12, x14       x12=000000ae x12:00000073 x14:0000003b
27387146ns          486811 1c009424 40b787b3 sub              x15, x15, x11       x15=ffffffda x15:ffffffe4 x11:0000000a
27387166ns          486812 1c009426 eb048493 addi             x9, x9, -336         x9=1c002eb0  x9:1c003000
27387186ns          486813 1c00942a 1c0032b7 lui              x5, 0x1c003000       x5=1c003000
27387205ns          486814 1c00942e 1c0035b7 lui              x11, 0x1c003000     x11=1c003000
27387225ns          486815 1c009432 018483b3 add              x7, x9, x24          x7=1c002eb2  x9:1c002eb0 x24:00000002
27387245ns          486816 1c009436 02812e83 lw               x29, 40(x2)         x29=1c002ec2  x2:10000cd8  PA:10000d00
27387265ns          486817 1c009438 10065633 p.exthz          x12, x12, x0        x12=000000ae x12:000000ae
27387285ns          486818 1c00943c e8028293 addi             x5, x5, -384         x5=1c002e80  x5:1c003000
27387305ns          486819 1c009440 ea058593 addi             x11, x11, -352      x11=1c002ea0 x11:1c003000
27387325ns          486820 1c009444 03812483 lw               x9, 56(x2)           x9=1c002ee2  x2:10000cd8  PA:10000d10
27387345ns          486821 1c009446 10064733 p.exths          x14, x12, x0        x14=000000ae x12:000000ae
27387365ns          486822 1c00944a 018280b3 add              x1, x5, x24          x1=1c002e82  x5:1c002e80 x24:00000002
27387384ns          486823 1c00944e 03012f03 lw               x30, 48(x2)         x30=1c002ed2  x2:10000cd8  PA:10000d08
27387404ns          486824 1c009450 018582b3 add              x5, x11, x24         x5=1c002ea2 x11:1c002ea0 x24:00000002
27387424ns          486825 1c009454 04012583 lw               x11, 64(x2)         x11=1c002ef2  x2:10000cd8  PA:10000d18
27387444ns          486826 1c009456 000edd83 lhu              x27, 0(x29)         x27=00001bed x29:1c002ec2  PA:1c002ec2
27387742ns          486841 1c00945a 0004d483 lhu              x9, 0(x9)            x9=000001db  x9:1c002ee2  PA:1c002ee2
27388081ns          486858 1c00945e 02e70333 mul              x6, x14, x14         x6=00007644 x14:000000ae x14:000000ae
27388100ns          486859 1c009462 40a55513 srai             x10, x10, 0x40a     x10=ffffffec x10:ffffb03e
27388120ns          486860 1c009464 04812e83 lw               x29, 72(x2)         x29=1c002f02  x2:10000cd8  PA:10000d20
27388140ns          486861 1c009466 40a6d693 srai             x13, x13, 0x40a     x13=0000000f x13:00003c78
27388160ns          486862 1c009468 000f5d03 lhu              x26, 0(x30)         x26=00000631 x30:1c002ed2  PA:1c002ed2
27388518ns          486880 1c00946c 0005d583 lhu              x11, 0(x11)         x11=000000a9 x11:1c002ef2  PA:1c002ef2
27388836ns          486896 1c009470 40a35313 srai             x6, x6, 0x40a        x6=0000001d  x6:00007644
27388856ns          486897 1c009474 00a686b3 add              x13, x13, x10       x13=fffffffb x13:0000000f x10:ffffffec
27388876ns          486898 1c009476 05012f03 lw               x30, 80(x2)         x30=1c002e72  x2:10000cd8  PA:10000d28
27388896ns          486899 1c009478 10034e33 p.exths          x28, x6, x0         x28=0000001d  x6:0000001d
27388916ns          486900 1c00947c 06911023 sh               x9, 96(x2)           x9:000001db  x2:10000cd8  PA:10000d38
27388936ns          486901 1c009480 000ede83 lhu              x29, 0(x29)         x29=00000041 x29:1c002f02  PA:1c002f02
27389234ns          486916 1c009484 05812483 lw               x9, 88(x2)           x9=1c002e62  x2:10000cd8  PA:10000d30
27389254ns          486917 1c009486 1006d6b3 p.exthz          x13, x13, x0        x13=0000fffb x13:fffffffb
27389274ns          486918 1c00948a 02ee08b3 mul              x17, x28, x14       x17=000013b6 x28:0000001d x14:000000ae
27389294ns          486919 1c00948e 1006c833 p.exths          x16, x13, x0        x16=fffffffb x13:0000fffb
27389314ns          486920 1c009492 06b11823 sh               x11, 112(x2)        x11:000000a9  x2:10000cd8  PA:10000d48
27389333ns          486921 1c009496 000f5f03 lhu              x30, 0(x30)         x30=0000fead x30:1c002e72  PA:1c002e72
27389691ns          486939 1c00949a 0a012583 lw               x11, 160(x2)        x11=1c002e92  x2:10000cd8  PA:10000d78
27389711ns          486940 1c00949c 1007d7b3 p.exthz          x15, x15, x0        x15=0000ffda x15:ffffffda
27389731ns          486941 1c0094a0 0004da03 lhu              x20, 0(x9)          x20=0000f9af  x9:1c002e62  PA:1c002e62
27390049ns          486957 1c0094a4 1007c533 p.exths          x10, x15, x0        x10=ffffffda x15:0000ffda
27390069ns          486958 1c0094a8 09d11023 sh               x29, 128(x2)        x29:00000041  x2:10000cd8  PA:10000d58
27390089ns          486959 1c0094ac 0003d483 lhu              x9, 0(x7)            x9=0000ffc0  x7:1c002eb2  PA:1c002eb2
27390427ns          486976 1c0094b0 02e80eb3 mul              x29, x16, x14       x29=fffffc9a x16:fffffffb x14:000000ae
27390447ns          486977 1c0094b4 40a8d893 srai             x17, x17, 0x40a     x17=00000004 x17:000013b6
27390467ns          486978 1c0094b8 03c80833 mul              x16, x16, x28       x16=ffffff6f x16:fffffffb x28:0000001d
27390487ns          486979 1c0094bc 09e11823 sh               x30, 144(x2)        x30:0000fead  x2:10000cd8  PA:10000d68
27390507ns          486980 1c0094c0 0005d983 lhu              x19, 0(x11)         x19=0000ff82 x11:1c002e92  PA:1c002e92
27390805ns          486995 1c0094c4 81c88f5b p.muls           x30, x17, x28       x30=00000074 x17:00000004 x28:0000001d
27390825ns          486996 1c0094c8 0002d583 lhu              x11, 0(x5)          x11=0000ff5a  x5:1c002ea2  PA:1c002ea2
27391143ns          487012 1c0094cc 03ce0fb3 mul              x31, x28, x28       x31=00000349 x28:0000001d x28:0000001d
27391163ns          487013 1c0094d0 02e50733 mul              x14, x10, x14       x14=ffffe62c x10:ffffffda x14:000000ae
27391183ns          487014 1c0094d4 40a85813 srai             x16, x16, 0x40a     x16=ffffffff x16:ffffff6f
27391203ns          487015 1c0094d8 03c50533 mul              x10, x10, x28       x10=fffffbb2 x10:ffffffda x28:0000001d
27391223ns          487016 1c0094dc 07015e03 lhu              x28, 112(x2)        x28=000000a9  x2:10000cd8  PA:10000d48
27391243ns          487017 1c0094e0 01b60633 add              x12, x12, x27       x12=00001c9b x12:000000ae x27:00001bed
27391263ns          487018 1c0094e2 00980833 add              x16, x16, x9        x16=0000ffbf x16:ffffffff  x9:0000ffc0
27391282ns          487019 1c0094e4 06015d83 lhu              x27, 96(x2)         x27=000001db  x2:10000cd8  PA:10000d38
27391302ns          487020 1c0094e8 02812483 lw               x9, 40(x2)           x9=1c002ec2  x2:10000cd8  PA:10000d00
27391322ns          487021 1c0094ea 40afdf93 srai             x31, x31, 0x40a     x31=00000000 x31:00000349
27391342ns          487022 1c0094ee 40a55513 srai             x10, x10, 0x40a     x10=fffffffe x10:fffffbb2
27391362ns          487023 1c0094f0 01cf8fb3 add              x31, x31, x28       x31=000000a9 x31:00000000 x28:000000a9
27391382ns          487024 1c0094f2 00b50533 add              x10, x10, x11       x10=0000ff58 x10:fffffffe x11:0000ff5a
27391402ns          487025 1c0094f4 09015e03 lhu              x28, 144(x2)        x28=0000fead  x2:10000cd8  PA:10000d68
27391422ns          487026 1c0094f8 03012583 lw               x11, 48(x2)         x11=1c002ed2  x2:10000cd8  PA:10000d08
27391442ns          487027 1c0094fa 00c49023 sh               x12, 0(x9)          x12:00001c9b  x9:1c002ec2  PA:1c002ec2
27391760ns          487043 1c0094fe 01b888b3 add              x17, x17, x27       x17=000001df x17:00000004 x27:000001db
27391780ns          487044 1c009500 01a30333 add              x6, x6, x26          x6=0000064e  x6:0000001d x26:00000631
27391800ns          487045 1c009502 08015d83 lhu              x27, 128(x2)        x27=00000041  x2:10000cd8  PA:10000d58
27391819ns          487046 1c009506 0000d903 lhu              x18, 0(x1)          x18=0000fe4d  x1:1c002e82  PA:1c002e82
27392138ns          487062 1c00950a 01c686b3 add              x13, x13, x28       x13=0001fea8 x13:0000fffb x28:0000fead
27392158ns          487063 1c00950c 00659023 sh               x6, 0(x11)           x6:0000064e x11:1c002ed2  PA:1c002ed2
27392476ns          487079 1c009510 40af5f13 srai             x30, x30, 0x40a     x30=00000000 x30:00000074
27392496ns          487080 1c009514 04812e03 lw               x28, 72(x2)         x28=1c002f02  x2:10000cd8  PA:10000d20
27392516ns          487081 1c009516 01bf0f33 add              x30, x30, x27       x30=00000041 x30:00000000 x27:00000041
27392535ns          487082 1c009518 40aede93 srai             x29, x29, 0x40a     x29=ffffffff x29:fffffc9a
27392555ns          487083 1c00951c 40a75713 srai             x14, x14, 0x40a     x14=fffffff9 x14:ffffe62c
27392575ns          487084 1c00951e 03812603 lw               x12, 56(x2)         x12=1c002ee2  x2:10000cd8  PA:10000d10
27392595ns          487085 1c009520 04012d83 lw               x27, 64(x2)         x27=1c002ef2  x2:10000cd8  PA:10000d18
27392615ns          487086 1c009522 01ee1023 sh               x30, 0(x28)         x30:00000041 x28:1c002f02  PA:1c002f02
27392953ns          487103 1c009526 05812483 lw               x9, 88(x2)           x9=1c002e62  x2:10000cd8  PA:10000d30
27392973ns          487104 1c009528 05012f03 lw               x30, 80(x2)         x30=1c002e72  x2:10000cd8  PA:10000d28
27392993ns          487105 1c00952a 0a012583 lw               x11, 160(x2)        x11=1c002e92  x2:10000cd8  PA:10000d78
27393013ns          487106 1c00952c 014787b3 add              x15, x15, x20       x15=0001f989 x15:0000ffda x20:0000f9af
27393033ns          487107 1c00952e 013e8eb3 add              x29, x29, x19       x29=0000ff81 x29:ffffffff x19:0000ff82
27393053ns          487108 1c009530 01270733 add              x14, x14, x18       x14=0000fe46 x14:fffffff9 x18:0000fe4d
27393072ns          487109 1c009532 00f49023 sh               x15, 0(x9)          x15:0001f989  x9:1c002e62  PA:1c002e62
27393411ns          487126 1c009536 01161023 sh               x17, 0(x12)         x17:000001df x12:1c002ee2  PA:1c002ee2
27393729ns          487142 1c00953a 01fd9023 sh               x31, 0(x27)         x31:000000a9 x27:1c002ef2  PA:1c002ef2
27394047ns          487158 1c00953e 00df1023 sh               x13, 0(x30)         x13:0001fea8 x30:1c002e72  PA:1c002e72
27394365ns          487174 1c009542 01d59023 sh               x29, 0(x11)         x29:0000ff81 x11:1c002e92  PA:1c002e92
27394743ns          487193 1c009546 00e09023 sh               x14, 0(x1)          x14:0000fe46  x1:1c002e82  PA:1c002e82
27395061ns          487209 1c00954a 01039023 sh               x16, 0(x7)          x16:0000ffbf  x7:1c002eb2  PA:1c002eb2
27395379ns          487225 1c00954e 00a29023 sh               x10, 0(x5)          x10:0000ff58  x5:1c002ea2  PA:1c002ea2
27395698ns          487241 1c009552 008b0b13 addi             x22, x22, 8         x22=000001d1 x22:000001c9
27395718ns          487242 1c009554 1f300793 addi             x15, x0, 499        x15=000001f3
27395737ns          487243 1c009558 e767dae3 bge              x15, x22, -396      x15:000001f3 x22:000001d1
27395877ns          487250 1c0093cc 010c9a0b p.lh             x20, 16(x25!)       x20=0000002f x25=1c002a3a x25:1c002a2a  PA:1c002a2a
27396274ns          487270 1c0093d0 0104198b p.lh             x19, 16(x8!)        x19=ffffff86  x8=1c002202  x8:1c0021f2  PA:1c0021f2
27396573ns          487285 1c0093d4 2cc10513 addi             x10, x2, 716        x10=10000fa4  x2:10000cd8
27396593ns          487286 1c0093d6 010a990b p.lh             x18, 16(x21!)       x18=00000039 x21=1c001a2e x21:1c001a1e  PA:1c001a1e
27396911ns          487302 1c0093da 010b948b p.lh             x9, 16(x23!)         x9=ffffff75 x23=1c00125e x23:1c00124e  PA:1c00124e
27397209ns          487317 1c0093de 2d411623 sh               x20, 716(x2)        x20:0000002f  x2:10000cd8  PA:10000fa4
27397249ns          487319 1c0093e2 2d311723 sh               x19, 718(x2)        x19:ffffff86  x2:10000cd8  PA:10000fa6
27397289ns          487321 1c0093e6 c33ff0ef jal              x1, -974             x1=1c0093e8
27397309ns          487322 1c009018 00051803 lh               x16, 0(x10)         x16=0000002f x10:10000fa4  PA:10000fa4
27397328ns          487323 1c00901c 00251883 lh               x17, 2(x10)         x17=ffffff86 x10:10000fa4  PA:10000fa6
27397348ns          487324 1c009020 030806b3 mul              x13, x16, x16       x13=000008a1 x16:0000002f x16:0000002f
27397368ns          487325 1c009024 03188633 mul              x12, x17, x17       x12=00003a24 x17:ffffff86 x17:ffffff86
27397388ns          487326 1c009028 40a65613 srai             x12, x12, 0x40a     x12=0000000e x12:00003a24
27397408ns          487327 1c00902a 40a6d693 srai             x13, x13, 0x40a     x13=00000002 x13:000008a1
27397428ns          487328 1c00902c 00c686b3 add              x13, x13, x12       x13=00000010 x13:00000002 x12:0000000e
27397448ns          487329 1c00902e 1006c633 p.exths          x12, x13, x0        x12=00000010 x13:00000010
27397468ns          487330 1c009032 00855703 lhu              x14, 8(x10)         x14=0000ffd1 x10:10000fa4  PA:10000fac
27397488ns          487331 1c009036 00a55683 lhu              x13, 10(x10)        x13=0000ff6a x10:10000fa4  PA:10000fae
27397507ns          487332 1c00903a 02c60333 mul              x6, x12, x12         x6=00000100 x12:00000010 x12:00000010
27397527ns          487333 1c00903e 00c55783 lhu              x15, 12(x10)        x15=0000ffe5 x10:10000fa4  PA:10000fb0
27397547ns          487334 1c009042 00e55583 lhu              x11, 14(x10)        x11=00000060 x10:10000fa4  PA:10000fb2
27397567ns          487335 1c009046 dea30333 p.extract        x6, x6, 15, 10       x6=00000000  x6:00000100
27397587ns          487336 1c00904a 80c7075b p.muls           x14, x14, x12       x14=fffffd10 x14:0000ffd1 x12:00000010
27397627ns          487338 1c00904e 80c686db p.muls           x13, x13, x12       x13=fffff6a0 x13:0000ff6a x12:00000010
27397667ns          487340 1c009052 00455e83 lhu              x29, 4(x10)         x29=00000427 x10:10000fa4  PA:10000fa8
27397706ns          487342 1c009056 00655e03 lhu              x28, 6(x10)         x28=0000007f x10:10000fa4  PA:10000faa
27397726ns          487343 1c00905a 40a75713 srai             x14, x14, 0x40a     x14=ffffffff x14:fffffd10
27397746ns          487344 1c00905c 806787db p.muls           x15, x15, x6        x15=00000000 x15:0000ffe5  x6:00000000
27397766ns          487345 1c009060 40a6d693 srai             x13, x13, 0x40a     x13=fffffffd x13:fffff6a0
27397786ns          487346 1c009062 8065865b p.muls           x12, x11, x6        x12=00000000 x11:00000060  x6:00000000
27397806ns          487347 1c009066 40a7d793 srai             x15, x15, 0x40a     x15=00000000 x15:00000000
27397826ns          487348 1c009068 40a65613 srai             x12, x12, 0x40a     x12=00000000 x12:00000000
27397846ns          487349 1c00906a 01d70733 add              x14, x14, x29       x14=00000426 x14:ffffffff x29:00000427
27397865ns          487350 1c00906c 01c686b3 add              x13, x13, x28       x13=0000007c x13:fffffffd x28:0000007f
27397885ns          487351 1c00906e 00c686b3 add              x13, x13, x12       x13=0000007c x13:0000007c x12:00000000
27397905ns          487352 1c009070 00f70733 add              x14, x14, x15       x14=00000426 x14:00000426 x15:00000000
27397925ns          487353 1c009072 100747b3 p.exths          x15, x14, x0        x15=00000426 x14:00000426
27397945ns          487354 1c009076 1006c733 p.exths          x14, x13, x0        x14=0000007c x13:0000007c
27397965ns          487355 1c00907a 03170633 mul              x12, x14, x17       x12=ffffc4e8 x14:0000007c x17:ffffff86
27397985ns          487356 1c00907e 030786b3 mul              x13, x15, x16       x13=0000c2fa x15:00000426 x16:0000002f
27398005ns          487357 1c009082 03070733 mul              x14, x14, x16       x14=000016c4 x14:0000007c x16:0000002f
27398025ns          487358 1c009086 031787b3 mul              x15, x15, x17       x15=fffe05e4 x15:00000426 x17:ffffff86
27398044ns          487359 1c00908a 40a6d693 srai             x13, x13, 0x40a     x13=00000030 x13:0000c2fa
27398064ns          487360 1c00908c 40a65613 srai             x12, x12, 0x40a     x12=fffffff1 x12:ffffc4e8
27398084ns          487361 1c00908e 40a7d793 srai             x15, x15, 0x40a     x15=ffffff81 x15:fffe05e4
27398104ns          487362 1c009090 40a75713 srai             x14, x14, 0x40a     x14=00000005 x14:000016c4
27398124ns          487363 1c009092 40c686b3 sub              x13, x13, x12       x13=0000003f x13:00000030 x12:fffffff1
27398144ns          487364 1c009094 00e787b3 add              x15, x15, x14       x15=ffffff86 x15:ffffff81 x14:00000005
27398164ns          487365 1c009096 00d51823 sh               x13, 16(x10)        x13:0000003f x10:10000fa4  PA:10000fb4
27398223ns          487368 1c00909a 00f51923 sh               x15, 18(x10)        x15:ffffff86 x10:10000fa4  PA:10000fb6
27398243ns          487369 1c00909e 00008067 jalr             x0, x1, 0            x1:1c0093e8
27398283ns          487371 1c0093e8 2dc15583 lhu              x11, 732(x2)        x11=0000003f  x2:10000cd8  PA:10000fb4
27398323ns          487373 1c0093ec 2de15783 lhu              x15, 734(x2)        x15=0000ff86  x2:10000cd8  PA:10000fb6
27398363ns          487375 1c0093f0 40b90933 sub              x18, x18, x11       x18=fffffffa x18:00000039 x11:0000003f
27398383ns          487376 1c0093f4 40f484b3 sub              x9, x9, x15          x9=fffeffef  x9:ffffff75 x15:0000ff86
27398402ns          487377 1c0093f6 100945b3 p.exths          x11, x18, x0        x11=fffffffa x18:fffffffa
27398422ns          487378 1c0093fa 1004c7b3 p.exths          x15, x9, x0         x15=ffffffef  x9:fffeffef
27398442ns          487379 1c0093fe 034586b3 mul              x13, x11, x20       x13=fffffee6 x11:fffffffa x20:0000002f
27398462ns          487380 1c009402 03378533 mul              x10, x15, x19       x10=0000081a x15:ffffffef x19:ffffff86
27398482ns          487381 1c009406 034a0633 mul              x12, x20, x20       x12=000008a1 x20:0000002f x20:0000002f
27398502ns          487382 1c00940a 03398733 mul              x14, x19, x19       x14=00003a24 x19:ffffff86 x19:ffffff86
27398522ns          487383 1c00940e 034787b3 mul              x15, x15, x20       x15=fffffce1 x15:ffffffef x20:0000002f
27398542ns          487384 1c009412 033585b3 mul              x11, x11, x19       x11=000002dc x11:fffffffa x19:ffffff86
27398562ns          487385 1c009416 40a75713 srai             x14, x14, 0x40a     x14=0000000e x14:00003a24
27398581ns          487386 1c009418 40a5d593 srai             x11, x11, 0x40a     x11=00000000 x11:000002dc
27398601ns          487387 1c00941a 40a65613 srai             x12, x12, 0x40a     x12=00000002 x12:000008a1
27398621ns          487388 1c00941c 40a7d793 srai             x15, x15, 0x40a     x15=ffffffff x15:fffffce1
27398641ns          487389 1c00941e 1c0034b7 lui              x9, 0x1c003000       x9=1c003000
27398661ns          487390 1c009422 00e60633 add              x12, x12, x14       x12=00000010 x12:00000002 x14:0000000e
27398681ns          487391 1c009424 40b787b3 sub              x15, x15, x11       x15=ffffffff x15:ffffffff x11:00000000
27398701ns          487392 1c009426 eb048493 addi             x9, x9, -336         x9=1c002eb0  x9:1c003000
27398721ns          487393 1c00942a 1c0032b7 lui              x5, 0x1c003000       x5=1c003000
27398740ns          487394 1c00942e 1c0035b7 lui              x11, 0x1c003000     x11=1c003000
27398760ns          487395 1c009432 018483b3 add              x7, x9, x24          x7=1c002eb2  x9:1c002eb0 x24:00000002
27398780ns          487396 1c009436 02812e83 lw               x29, 40(x2)         x29=1c002ec2  x2:10000cd8  PA:10000d00
27398800ns          487397 1c009438 10065633 p.exthz          x12, x12, x0        x12=00000010 x12:00000010
27398820ns          487398 1c00943c e8028293 addi             x5, x5, -384         x5=1c002e80  x5:1c003000
27398840ns          487399 1c009440 ea058593 addi             x11, x11, -352      x11=1c002ea0 x11:1c003000
27398860ns          487400 1c009444 03812483 lw               x9, 56(x2)           x9=1c002ee2  x2:10000cd8  PA:10000d10
27398880ns          487401 1c009446 10064733 p.exths          x14, x12, x0        x14=00000010 x12:00000010
27398900ns          487402 1c00944a 018280b3 add              x1, x5, x24          x1=1c002e82  x5:1c002e80 x24:00000002
27398919ns          487403 1c00944e 03012f03 lw               x30, 48(x2)         x30=1c002ed2  x2:10000cd8  PA:10000d08
27398939ns          487404 1c009450 018582b3 add              x5, x11, x24         x5=1c002ea2 x11:1c002ea0 x24:00000002
27398959ns          487405 1c009454 04012583 lw               x11, 64(x2)         x11=1c002ef2  x2:10000cd8  PA:10000d18
27398979ns          487406 1c009456 000edd83 lhu              x27, 0(x29)         x27=00001c9b x29:1c002ec2  PA:1c002ec2
27399277ns          487421 1c00945a 0004d483 lhu              x9, 0(x9)            x9=000001df  x9:1c002ee2  PA:1c002ee2
27399616ns          487438 1c00945e 02e70333 mul              x6, x14, x14         x6=00000100 x14:00000010 x14:00000010
27399635ns          487439 1c009462 40a55513 srai             x10, x10, 0x40a     x10=00000002 x10:0000081a
27399655ns          487440 1c009464 04812e83 lw               x29, 72(x2)         x29=1c002f02  x2:10000cd8  PA:10000d20
27399675ns          487441 1c009466 40a6d693 srai             x13, x13, 0x40a     x13=ffffffff x13:fffffee6
27399695ns          487442 1c009468 000f5d03 lhu              x26, 0(x30)         x26=0000064e x30:1c002ed2  PA:1c002ed2
27399993ns          487457 1c00946c 0005d583 lhu              x11, 0(x11)         x11=000000a9 x11:1c002ef2  PA:1c002ef2
27400351ns          487475 1c009470 40a35313 srai             x6, x6, 0x40a        x6=00000000  x6:00000100
27400371ns          487476 1c009474 00a686b3 add              x13, x13, x10       x13=00000001 x13:ffffffff x10:00000002
27400391ns          487477 1c009476 05012f03 lw               x30, 80(x2)         x30=1c002e72  x2:10000cd8  PA:10000d28
27400411ns          487478 1c009478 10034e33 p.exths          x28, x6, x0         x28=00000000  x6:00000000
27400431ns          487479 1c00947c 06911023 sh               x9, 96(x2)           x9:000001df  x2:10000cd8  PA:10000d38
27400451ns          487480 1c009480 000ede83 lhu              x29, 0(x29)         x29=00000041 x29:1c002f02  PA:1c002f02
27400749ns          487495 1c009484 05812483 lw               x9, 88(x2)           x9=1c002e62  x2:10000cd8  PA:10000d30
27400769ns          487496 1c009486 1006d6b3 p.exthz          x13, x13, x0        x13=00000001 x13:00000001
27400789ns          487497 1c00948a 02ee08b3 mul              x17, x28, x14       x17=00000000 x28:00000000 x14:00000010
27400809ns          487498 1c00948e 1006c833 p.exths          x16, x13, x0        x16=00000001 x13:00000001
27400829ns          487499 1c009492 06b11823 sh               x11, 112(x2)        x11:000000a9  x2:10000cd8  PA:10000d48
27400849ns          487500 1c009496 000f5f03 lhu              x30, 0(x30)         x30=0000fea8 x30:1c002e72  PA:1c002e72
27401147ns          487515 1c00949a 0a012583 lw               x11, 160(x2)        x11=1c002e92  x2:10000cd8  PA:10000d78
27401167ns          487516 1c00949c 1007d7b3 p.exthz          x15, x15, x0        x15=0000ffff x15:ffffffff
27401187ns          487517 1c0094a0 0004da03 lhu              x20, 0(x9)          x20=0000f989  x9:1c002e62  PA:1c002e62
27401545ns          487535 1c0094a4 1007c533 p.exths          x10, x15, x0        x10=ffffffff x15:0000ffff
27401565ns          487536 1c0094a8 09d11023 sh               x29, 128(x2)        x29:00000041  x2:10000cd8  PA:10000d58
27401584ns          487537 1c0094ac 0003d483 lhu              x9, 0(x7)            x9=0000ffbf  x7:1c002eb2  PA:1c002eb2
27401883ns          487552 1c0094b0 02e80eb3 mul              x29, x16, x14       x29=00000010 x16:00000001 x14:00000010
27401903ns          487553 1c0094b4 40a8d893 srai             x17, x17, 0x40a     x17=00000000 x17:00000000
27401923ns          487554 1c0094b8 03c80833 mul              x16, x16, x28       x16=00000000 x16:00000001 x28:00000000
27401942ns          487555 1c0094bc 09e11823 sh               x30, 144(x2)        x30:0000fea8  x2:10000cd8  PA:10000d68
27401962ns          487556 1c0094c0 0005d983 lhu              x19, 0(x11)         x19=0000ff81 x11:1c002e92  PA:1c002e92
27402261ns          487571 1c0094c4 81c88f5b p.muls           x30, x17, x28       x30=00000000 x17:00000000 x28:00000000
27402281ns          487572 1c0094c8 0002d583 lhu              x11, 0(x5)          x11=0000ff58  x5:1c002ea2  PA:1c002ea2
27402619ns          487589 1c0094cc 03ce0fb3 mul              x31, x28, x28       x31=00000000 x28:00000000 x28:00000000
27402639ns          487590 1c0094d0 02e50733 mul              x14, x10, x14       x14=fffffff0 x10:ffffffff x14:00000010
27402658ns          487591 1c0094d4 40a85813 srai             x16, x16, 0x40a     x16=00000000 x16:00000000
27402678ns          487592 1c0094d8 03c50533 mul              x10, x10, x28       x10=00000000 x10:ffffffff x28:00000000
27402698ns          487593 1c0094dc 07015e03 lhu              x28, 112(x2)        x28=000000a9  x2:10000cd8  PA:10000d48
27402738ns          487595 1c0094e0 01b60633 add              x12, x12, x27       x12=00001cab x12:00000010 x27:00001c9b
27402758ns          487596 1c0094e2 00980833 add              x16, x16, x9        x16=0000ffbf x16:00000000  x9:0000ffbf
27402778ns          487597 1c0094e4 06015d83 lhu              x27, 96(x2)         x27=000001df  x2:10000cd8  PA:10000d38
27402798ns          487598 1c0094e8 02812483 lw               x9, 40(x2)           x9=1c002ec2  x2:10000cd8  PA:10000d00
27402818ns          487599 1c0094ea 40afdf93 srai             x31, x31, 0x40a     x31=00000000 x31:00000000
27402837ns          487600 1c0094ee 40a55513 srai             x10, x10, 0x40a     x10=00000000 x10:00000000
27402857ns          487601 1c0094f0 01cf8fb3 add              x31, x31, x28       x31=000000a9 x31:00000000 x28:000000a9
27402877ns          487602 1c0094f2 00b50533 add              x10, x10, x11       x10=0000ff58 x10:00000000 x11:0000ff58
27402897ns          487603 1c0094f4 09015e03 lhu              x28, 144(x2)        x28=0000fea8  x2:10000cd8  PA:10000d68
27402917ns          487604 1c0094f8 03012583 lw               x11, 48(x2)         x11=1c002ed2  x2:10000cd8  PA:10000d08
27402937ns          487605 1c0094fa 00c49023 sh               x12, 0(x9)          x12:00001cab  x9:1c002ec2  PA:1c002ec2
27403255ns          487621 1c0094fe 01b888b3 add              x17, x17, x27       x17=000001df x17:00000000 x27:000001df
27403275ns          487622 1c009500 01a30333 add              x6, x6, x26          x6=0000064e  x6:00000000 x26:0000064e
27403295ns          487623 1c009502 08015d83 lhu              x27, 128(x2)        x27=00000041  x2:10000cd8  PA:10000d58
27403315ns          487624 1c009506 0000d903 lhu              x18, 0(x1)          x18=0000fe46  x1:1c002e82  PA:1c002e82
27403613ns          487639 1c00950a 01c686b3 add              x13, x13, x28       x13=0000fea9 x13:00000001 x28:0000fea8
27403633ns          487640 1c00950c 00659023 sh               x6, 0(x11)           x6:0000064e x11:1c002ed2  PA:1c002ed2
27403951ns          487656 1c009510 40af5f13 srai             x30, x30, 0x40a     x30=00000000 x30:00000000
27403971ns          487657 1c009514 04812e03 lw               x28, 72(x2)         x28=1c002f02  x2:10000cd8  PA:10000d20
27403991ns          487658 1c009516 01bf0f33 add              x30, x30, x27       x30=00000041 x30:00000000 x27:00000041
27404011ns          487659 1c009518 40aede93 srai             x29, x29, 0x40a     x29=00000000 x29:00000010
27404031ns          487660 1c00951c 40a75713 srai             x14, x14, 0x40a     x14=ffffffff x14:fffffff0
27404051ns          487661 1c00951e 03812603 lw               x12, 56(x2)         x12=1c002ee2  x2:10000cd8  PA:10000d10
27404070ns          487662 1c009520 04012d83 lw               x27, 64(x2)         x27=1c002ef2  x2:10000cd8  PA:10000d18
27404090ns          487663 1c009522 01ee1023 sh               x30, 0(x28)         x30:00000041 x28:1c002f02  PA:1c002f02
27404409ns          487679 1c009526 05812483 lw               x9, 88(x2)           x9=1c002e62  x2:10000cd8  PA:10000d30
27404428ns          487680 1c009528 05012f03 lw               x30, 80(x2)         x30=1c002e72  x2:10000cd8  PA:10000d28
27404448ns          487681 1c00952a 0a012583 lw               x11, 160(x2)        x11=1c002e92  x2:10000cd8  PA:10000d78
27404468ns          487682 1c00952c 014787b3 add              x15, x15, x20       x15=0001f988 x15:0000ffff x20:0000f989
27404488ns          487683 1c00952e 013e8eb3 add              x29, x29, x19       x29=0000ff81 x29:00000000 x19:0000ff81
27404508ns          487684 1c009530 01270733 add              x14, x14, x18       x14=0000fe45 x14:ffffffff x18:0000fe46
27404528ns          487685 1c009532 00f49023 sh               x15, 0(x9)          x15:0001f988  x9:1c002e62  PA:1c002e62
27404866ns          487702 1c009536 01161023 sh               x17, 0(x12)         x17:000001df x12:1c002ee2  PA:1c002ee2
27405204ns          487719 1c00953a 01fd9023 sh               x31, 0(x27)         x31:000000a9 x27:1c002ef2  PA:1c002ef2
27405522ns          487735 1c00953e 00df1023 sh               x13, 0(x30)         x13:0000fea9 x30:1c002e72  PA:1c002e72
27405841ns          487751 1c009542 01d59023 sh               x29, 0(x11)         x29:0000ff81 x11:1c002e92  PA:1c002e92
27406179ns          487768 1c009546 00e09023 sh               x14, 0(x1)          x14:0000fe45  x1:1c002e82  PA:1c002e82
27406497ns          487784 1c00954a 01039023 sh               x16, 0(x7)          x16:0000ffbf  x7:1c002eb2  PA:1c002eb2
27406815ns          487800 1c00954e 00a29023 sh               x10, 0(x5)          x10:0000ff58  x5:1c002ea2  PA:1c002ea2
27407133ns          487816 1c009552 008b0b13 addi             x22, x22, 8         x22=000001d9 x22:000001d1
27407153ns          487817 1c009554 1f300793 addi             x15, x0, 499        x15=000001f3
27407173ns          487818 1c009558 e767dae3 bge              x15, x22, -396      x15:000001f3 x22:000001d9
27407233ns          487821 1c0093cc 010c9a0b p.lh             x20, 16(x25!)       x20=ffffff0b x25=1c002a4a x25:1c002a3a  PA:1c002a3a
27407551ns          487837 1c0093d0 0104198b p.lh             x19, 16(x8!)        x19=ffffff97  x8=1c002212  x8:1c002202  PA:1c002202
27407849ns          487852 1c0093d4 2cc10513 addi             x10, x2, 716        x10=10000fa4  x2:10000cd8
27407869ns          487853 1c0093d6 010a990b p.lh             x18, 16(x21!)       x18=ffffff06 x21=1c001a3e x21:1c001a2e  PA:1c001a2e
27408187ns          487869 1c0093da 010b948b p.lh             x9, 16(x23!)         x9=ffffffa1 x23=1c00126e x23:1c00125e  PA:1c00125e
27408486ns          487884 1c0093de 2d411623 sh               x20, 716(x2)        x20:ffffff0b  x2:10000cd8  PA:10000fa4
27408506ns          487885 1c0093e2 2d311723 sh               x19, 718(x2)        x19:ffffff97  x2:10000cd8  PA:10000fa6
27408525ns          487886 1c0093e6 c33ff0ef jal              x1, -974             x1=1c0093e8
27408605ns          487890 1c009018 00051803 lh               x16, 0(x10)         x16=ffffff0b x10:10000fa4  PA:10000fa4
27408645ns          487892 1c00901c 00251883 lh               x17, 2(x10)         x17=ffffff97 x10:10000fa4  PA:10000fa6
27408704ns          487895 1c009020 030806b3 mul              x13, x16, x16       x13=0000ea79 x16:ffffff0b x16:ffffff0b
27408724ns          487896 1c009024 03188633 mul              x12, x17, x17       x12=00002b11 x17:ffffff97 x17:ffffff97
27408744ns          487897 1c009028 40a65613 srai             x12, x12, 0x40a     x12=0000000a x12:00002b11
27408764ns          487898 1c00902a 40a6d693 srai             x13, x13, 0x40a     x13=0000003a x13:0000ea79
27408784ns          487899 1c00902c 00c686b3 add              x13, x13, x12       x13=00000044 x13:0000003a x12:0000000a
27408804ns          487900 1c00902e 1006c633 p.exths          x12, x13, x0        x12=00000044 x13:00000044
27408824ns          487901 1c009032 00855703 lhu              x14, 8(x10)         x14=0000ffd1 x10:10000fa4  PA:10000fac
27408844ns          487902 1c009036 00a55683 lhu              x13, 10(x10)        x13=0000ff6a x10:10000fa4  PA:10000fae
27408863ns          487903 1c00903a 02c60333 mul              x6, x12, x12         x6=00001210 x12:00000044 x12:00000044
27408923ns          487906 1c00903e 00c55783 lhu              x15, 12(x10)        x15=0000ffe5 x10:10000fa4  PA:10000fb0
27408963ns          487908 1c009042 00e55583 lhu              x11, 14(x10)        x11=00000060 x10:10000fa4  PA:10000fb2
27408983ns          487909 1c009046 dea30333 p.extract        x6, x6, 15, 10       x6=00000004  x6:00001210
27409003ns          487910 1c00904a 80c7075b p.muls           x14, x14, x12       x14=fffff384 x14:0000ffd1 x12:00000044
27409062ns          487913 1c00904e 80c686db p.muls           x13, x13, x12       x13=ffffd828 x13:0000ff6a x12:00000044
27409102ns          487915 1c009052 00455e83 lhu              x29, 4(x10)         x29=00000427 x10:10000fa4  PA:10000fa8
27409122ns          487916 1c009056 00655e03 lhu              x28, 6(x10)         x28=0000007f x10:10000fa4  PA:10000faa
27409142ns          487917 1c00905a 40a75713 srai             x14, x14, 0x40a     x14=fffffffc x14:fffff384
27409162ns          487918 1c00905c 806787db p.muls           x15, x15, x6        x15=ffffff94 x15:0000ffe5  x6:00000004
27409202ns          487920 1c009060 40a6d693 srai             x13, x13, 0x40a     x13=fffffff6 x13:ffffd828
27409241ns          487922 1c009062 8065865b p.muls           x12, x11, x6        x12=00000180 x11:00000060  x6:00000004
27409261ns          487923 1c009066 40a7d793 srai             x15, x15, 0x40a     x15=ffffffff x15:ffffff94
27409281ns          487924 1c009068 40a65613 srai             x12, x12, 0x40a     x12=00000000 x12:00000180
27409301ns          487925 1c00906a 01d70733 add              x14, x14, x29       x14=00000423 x14:fffffffc x29:00000427
27409321ns          487926 1c00906c 01c686b3 add              x13, x13, x28       x13=00000075 x13:fffffff6 x28:0000007f
27409341ns          487927 1c00906e 00c686b3 add              x13, x13, x12       x13=00000075 x13:00000075 x12:00000000
27409361ns          487928 1c009070 00f70733 add              x14, x14, x15       x14=00000422 x14:00000423 x15:ffffffff
27409381ns          487929 1c009072 100747b3 p.exths          x15, x14, x0        x15=00000422 x14:00000422
27409400ns          487930 1c009076 1006c733 p.exths          x14, x13, x0        x14=00000075 x13:00000075
27409420ns          487931 1c00907a 03170633 mul              x12, x14, x17       x12=ffffd003 x14:00000075 x17:ffffff97
27409440ns          487932 1c00907e 030786b3 mul              x13, x15, x16       x13=fffc0b76 x15:00000422 x16:ffffff0b
27409460ns          487933 1c009082 03070733 mul              x14, x14, x16       x14=ffff9007 x14:00000075 x16:ffffff0b
27409480ns          487934 1c009086 031787b3 mul              x15, x15, x17       x15=fffe4e0e x15:00000422 x17:ffffff97
27409500ns          487935 1c00908a 40a6d693 srai             x13, x13, 0x40a     x13=ffffff02 x13:fffc0b76
27409520ns          487936 1c00908c 40a65613 srai             x12, x12, 0x40a     x12=fffffff4 x12:ffffd003
27409540ns          487937 1c00908e 40a7d793 srai             x15, x15, 0x40a     x15=ffffff93 x15:fffe4e0e
27409560ns          487938 1c009090 40a75713 srai             x14, x14, 0x40a     x14=ffffffe4 x14:ffff9007
27409579ns          487939 1c009092 40c686b3 sub              x13, x13, x12       x13=ffffff0e x13:ffffff02 x12:fffffff4
27409599ns          487940 1c009094 00e787b3 add              x15, x15, x14       x15=ffffff77 x15:ffffff93 x14:ffffffe4
27409619ns          487941 1c009096 00d51823 sh               x13, 16(x10)        x13:ffffff0e x10:10000fa4  PA:10000fb4
27409639ns          487942 1c00909a 00f51923 sh               x15, 18(x10)        x15:ffffff77 x10:10000fa4  PA:10000fb6
27409659ns          487943 1c00909e 00008067 jalr             x0, x1, 0            x1:1c0093e8
27409739ns          487947 1c0093e8 2dc15583 lhu              x11, 732(x2)        x11=0000ff0e  x2:10000cd8  PA:10000fb4
27409758ns          487948 1c0093ec 2de15783 lhu              x15, 734(x2)        x15=0000ff77  x2:10000cd8  PA:10000fb6
27409798ns          487950 1c0093f0 40b90933 sub              x18, x18, x11       x18=fffefff8 x18:ffffff06 x11:0000ff0e
27409818ns          487951 1c0093f4 40f484b3 sub              x9, x9, x15          x9=ffff002a  x9:ffffffa1 x15:0000ff77
27409838ns          487952 1c0093f6 100945b3 p.exths          x11, x18, x0        x11=fffffff8 x18:fffefff8
27409858ns          487953 1c0093fa 1004c7b3 p.exths          x15, x9, x0         x15=0000002a  x9:ffff002a
27409878ns          487954 1c0093fe 034586b3 mul              x13, x11, x20       x13=000007a8 x11:fffffff8 x20:ffffff0b
27409898ns          487955 1c009402 03378533 mul              x10, x15, x19       x10=ffffeec6 x15:0000002a x19:ffffff97
27409918ns          487956 1c009406 034a0633 mul              x12, x20, x20       x12=0000ea79 x20:ffffff0b x20:ffffff0b
27409937ns          487957 1c00940a 03398733 mul              x14, x19, x19       x14=00002b11 x19:ffffff97 x19:ffffff97
27409977ns          487959 1c00940e 034787b3 mul              x15, x15, x20       x15=ffffd7ce x15:0000002a x20:ffffff0b
27410017ns          487961 1c009412 033585b3 mul              x11, x11, x19       x11=00000348 x11:fffffff8 x19:ffffff97
27410037ns          487962 1c009416 40a75713 srai             x14, x14, 0x40a     x14=0000000a x14:00002b11
27410057ns          487963 1c009418 40a5d593 srai             x11, x11, 0x40a     x11=00000000 x11:00000348
27410077ns          487964 1c00941a 40a65613 srai             x12, x12, 0x40a     x12=0000003a x12:0000ea79
27410097ns          487965 1c00941c 40a7d793 srai             x15, x15, 0x40a     x15=fffffff5 x15:ffffd7ce
27410116ns          487966 1c00941e 1c0034b7 lui              x9, 0x1c003000       x9=1c003000
27410136ns          487967 1c009422 00e60633 add              x12, x12, x14       x12=00000044 x12:0000003a x14:0000000a
27410156ns          487968 1c009424 40b787b3 sub              x15, x15, x11       x15=fffffff5 x15:fffffff5 x11:00000000
27410176ns          487969 1c009426 eb048493 addi             x9, x9, -336         x9=1c002eb0  x9:1c003000
27410196ns          487970 1c00942a 1c0032b7 lui              x5, 0x1c003000       x5=1c003000
27410216ns          487971 1c00942e 1c0035b7 lui              x11, 0x1c003000     x11=1c003000
27410236ns          487972 1c009432 018483b3 add              x7, x9, x24          x7=1c002eb2  x9:1c002eb0 x24:00000002
27410256ns          487973 1c009436 02812e83 lw               x29, 40(x2)         x29=1c002ec2  x2:10000cd8  PA:10000d00
27410276ns          487974 1c009438 10065633 p.exthz          x12, x12, x0        x12=00000044 x12:00000044
27410295ns          487975 1c00943c e8028293 addi             x5, x5, -384         x5=1c002e80  x5:1c003000
27410315ns          487976 1c009440 ea058593 addi             x11, x11, -352      x11=1c002ea0 x11:1c003000
27410355ns          487978 1c009444 03812483 lw               x9, 56(x2)           x9=1c002ee2  x2:10000cd8  PA:10000d10
27410375ns          487979 1c009446 10064733 p.exths          x14, x12, x0        x14=00000044 x12:00000044
27410395ns          487980 1c00944a 018280b3 add              x1, x5, x24          x1=1c002e82  x5:1c002e80 x24:00000002
27410415ns          487981 1c00944e 03012f03 lw               x30, 48(x2)         x30=1c002ed2  x2:10000cd8  PA:10000d08
27410435ns          487982 1c009450 018582b3 add              x5, x11, x24         x5=1c002ea2 x11:1c002ea0 x24:00000002
27410455ns          487983 1c009454 04012583 lw               x11, 64(x2)         x11=1c002ef2  x2:10000cd8  PA:10000d18
27410474ns          487984 1c009456 000edd83 lhu              x27, 0(x29)         x27=00001cab x29:1c002ec2  PA:1c002ec2
27410773ns          487999 1c00945a 0004d483 lhu              x9, 0(x9)            x9=000001df  x9:1c002ee2  PA:1c002ee2
27411091ns          488015 1c00945e 02e70333 mul              x6, x14, x14         x6=00001210 x14:00000044 x14:00000044
27411111ns          488016 1c009462 40a55513 srai             x10, x10, 0x40a     x10=fffffffb x10:ffffeec6
27411131ns          488017 1c009464 04812e83 lw               x29, 72(x2)         x29=1c002f02  x2:10000cd8  PA:10000d20
27411151ns          488018 1c009466 40a6d693 srai             x13, x13, 0x40a     x13=00000001 x13:000007a8
27411170ns          488019 1c009468 000f5d03 lhu              x26, 0(x30)         x26=0000064e x30:1c002ed2  PA:1c002ed2
27411489ns          488035 1c00946c 0005d583 lhu              x11, 0(x11)         x11=000000a9 x11:1c002ef2  PA:1c002ef2
27411847ns          488053 1c009470 40a35313 srai             x6, x6, 0x40a        x6=00000004  x6:00001210
27411867ns          488054 1c009474 00a686b3 add              x13, x13, x10       x13=fffffffc x13:00000001 x10:fffffffb
27411886ns          488055 1c009476 05012f03 lw               x30, 80(x2)         x30=1c002e72  x2:10000cd8  PA:10000d28
27411906ns          488056 1c009478 10034e33 p.exths          x28, x6, x0         x28=00000004  x6:00000004
27411926ns          488057 1c00947c 06911023 sh               x9, 96(x2)           x9:000001df  x2:10000cd8  PA:10000d38
27411946ns          488058 1c009480 000ede83 lhu              x29, 0(x29)         x29=00000041 x29:1c002f02  PA:1c002f02
27412244ns          488073 1c009484 05812483 lw               x9, 88(x2)           x9=1c002e62  x2:10000cd8  PA:10000d30
27412264ns          488074 1c009486 1006d6b3 p.exthz          x13, x13, x0        x13=0000fffc x13:fffffffc
27412284ns          488075 1c00948a 02ee08b3 mul              x17, x28, x14       x17=00000110 x28:00000004 x14:00000044
27412304ns          488076 1c00948e 1006c833 p.exths          x16, x13, x0        x16=fffffffc x13:0000fffc
27412324ns          488077 1c009492 06b11823 sh               x11, 112(x2)        x11:000000a9  x2:10000cd8  PA:10000d48
27412344ns          488078 1c009496 000f5f03 lhu              x30, 0(x30)         x30=0000fea9 x30:1c002e72  PA:1c002e72
27412642ns          488093 1c00949a 0a012583 lw               x11, 160(x2)        x11=1c002e92  x2:10000cd8  PA:10000d78
27412662ns          488094 1c00949c 1007d7b3 p.exthz          x15, x15, x0        x15=0000fff5 x15:fffffff5
27412682ns          488095 1c0094a0 0004da03 lhu              x20, 0(x9)          x20=0000f988  x9:1c002e62  PA:1c002e62
27413000ns          488111 1c0094a4 1007c533 p.exths          x10, x15, x0        x10=fffffff5 x15:0000fff5
27413020ns          488112 1c0094a8 09d11023 sh               x29, 128(x2)        x29:00000041  x2:10000cd8  PA:10000d58
27413040ns          488113 1c0094ac 0003d483 lhu              x9, 0(x7)            x9=0000ffbf  x7:1c002eb2  PA:1c002eb2
27413338ns          488128 1c0094b0 02e80eb3 mul              x29, x16, x14       x29=fffffef0 x16:fffffffc x14:00000044
27413358ns          488129 1c0094b4 40a8d893 srai             x17, x17, 0x40a     x17=00000000 x17:00000110
27413378ns          488130 1c0094b8 03c80833 mul              x16, x16, x28       x16=fffffff0 x16:fffffffc x28:00000004
27413398ns          488131 1c0094bc 09e11823 sh               x30, 144(x2)        x30:0000fea9  x2:10000cd8  PA:10000d68
27413418ns          488132 1c0094c0 0005d983 lhu              x19, 0(x11)         x19=0000ff81 x11:1c002e92  PA:1c002e92
27413716ns          488147 1c0094c4 81c88f5b p.muls           x30, x17, x28       x30=00000000 x17:00000000 x28:00000004
27413736ns          488148 1c0094c8 0002d583 lhu              x11, 0(x5)          x11=0000ff58  x5:1c002ea2  PA:1c002ea2
27414174ns          488170 1c0094cc 03ce0fb3 mul              x31, x28, x28       x31=00000010 x28:00000004 x28:00000004
27414193ns          488171 1c0094d0 02e50733 mul              x14, x10, x14       x14=fffffd14 x10:fffffff5 x14:00000044
27414213ns          488172 1c0094d4 40a85813 srai             x16, x16, 0x40a     x16=ffffffff x16:fffffff0
27414233ns          488173 1c0094d8 03c50533 mul              x10, x10, x28       x10=ffffffd4 x10:fffffff5 x28:00000004
27414253ns          488174 1c0094dc 07015e03 lhu              x28, 112(x2)        x28=000000a9  x2:10000cd8  PA:10000d48
27414273ns          488175 1c0094e0 01b60633 add              x12, x12, x27       x12=00001cef x12:00000044 x27:00001cab
27414293ns          488176 1c0094e2 00980833 add              x16, x16, x9        x16=0000ffbe x16:ffffffff  x9:0000ffbf
27414313ns          488177 1c0094e4 06015d83 lhu              x27, 96(x2)         x27=000001df  x2:10000cd8  PA:10000d38
27414333ns          488178 1c0094e8 02812483 lw               x9, 40(x2)           x9=1c002ec2  x2:10000cd8  PA:10000d00
27414353ns          488179 1c0094ea 40afdf93 srai             x31, x31, 0x40a     x31=00000000 x31:00000010
27414372ns          488180 1c0094ee 40a55513 srai             x10, x10, 0x40a     x10=ffffffff x10:ffffffd4
27414392ns          488181 1c0094f0 01cf8fb3 add              x31, x31, x28       x31=000000a9 x31:00000000 x28:000000a9
27414412ns          488182 1c0094f2 00b50533 add              x10, x10, x11       x10=0000ff57 x10:ffffffff x11:0000ff58
27414432ns          488183 1c0094f4 09015e03 lhu              x28, 144(x2)        x28=0000fea9  x2:10000cd8  PA:10000d68
27414452ns          488184 1c0094f8 03012583 lw               x11, 48(x2)         x11=1c002ed2  x2:10000cd8  PA:10000d08
27414472ns          488185 1c0094fa 00c49023 sh               x12, 0(x9)          x12:00001cef  x9:1c002ec2  PA:1c002ec2
27414790ns          488201 1c0094fe 01b888b3 add              x17, x17, x27       x17=000001df x17:00000000 x27:000001df
27414810ns          488202 1c009500 01a30333 add              x6, x6, x26          x6=00000652  x6:00000004 x26:0000064e
27414830ns          488203 1c009502 08015d83 lhu              x27, 128(x2)        x27=00000041  x2:10000cd8  PA:10000d58
27414850ns          488204 1c009506 0000d903 lhu              x18, 0(x1)          x18=0000fe45  x1:1c002e82  PA:1c002e82
27415148ns          488219 1c00950a 01c686b3 add              x13, x13, x28       x13=0001fea5 x13:0000fffc x28:0000fea9
27415168ns          488220 1c00950c 00659023 sh               x6, 0(x11)           x6:00000652 x11:1c002ed2  PA:1c002ed2
27415486ns          488236 1c009510 40af5f13 srai             x30, x30, 0x40a     x30=00000000 x30:00000000
27415506ns          488237 1c009514 04812e03 lw               x28, 72(x2)         x28=1c002f02  x2:10000cd8  PA:10000d20
27415526ns          488238 1c009516 01bf0f33 add              x30, x30, x27       x30=00000041 x30:00000000 x27:00000041
27415546ns          488239 1c009518 40aede93 srai             x29, x29, 0x40a     x29=ffffffff x29:fffffef0
27415566ns          488240 1c00951c 40a75713 srai             x14, x14, 0x40a     x14=ffffffff x14:fffffd14
27415586ns          488241 1c00951e 03812603 lw               x12, 56(x2)         x12=1c002ee2  x2:10000cd8  PA:10000d10
27415606ns          488242 1c009520 04012d83 lw               x27, 64(x2)         x27=1c002ef2  x2:10000cd8  PA:10000d18
27415625ns          488243 1c009522 01ee1023 sh               x30, 0(x28)         x30:00000041 x28:1c002f02  PA:1c002f02
27415944ns          488259 1c009526 05812483 lw               x9, 88(x2)           x9=1c002e62  x2:10000cd8  PA:10000d30
27415964ns          488260 1c009528 05012f03 lw               x30, 80(x2)         x30=1c002e72  x2:10000cd8  PA:10000d28
27415983ns          488261 1c00952a 0a012583 lw               x11, 160(x2)        x11=1c002e92  x2:10000cd8  PA:10000d78
27416003ns          488262 1c00952c 014787b3 add              x15, x15, x20       x15=0001f97d x15:0000fff5 x20:0000f988
27416023ns          488263 1c00952e 013e8eb3 add              x29, x29, x19       x29=0000ff80 x29:ffffffff x19:0000ff81
27416043ns          488264 1c009530 01270733 add              x14, x14, x18       x14=0000fe44 x14:ffffffff x18:0000fe45
27416063ns          488265 1c009532 00f49023 sh               x15, 0(x9)          x15:0001f97d  x9:1c002e62  PA:1c002e62
27416381ns          488281 1c009536 01161023 sh               x17, 0(x12)         x17:000001df x12:1c002ee2  PA:1c002ee2
27416719ns          488298 1c00953a 01fd9023 sh               x31, 0(x27)         x31:000000a9 x27:1c002ef2  PA:1c002ef2
27417057ns          488315 1c00953e 00df1023 sh               x13, 0(x30)         x13:0001fea5 x30:1c002e72  PA:1c002e72
27417376ns          488331 1c009542 01d59023 sh               x29, 0(x11)         x29:0000ff80 x11:1c002e92  PA:1c002e92
27417694ns          488347 1c009546 00e09023 sh               x14, 0(x1)          x14:0000fe44  x1:1c002e82  PA:1c002e82
27418032ns          488364 1c00954a 01039023 sh               x16, 0(x7)          x16:0000ffbe  x7:1c002eb2  PA:1c002eb2
27418350ns          488380 1c00954e 00a29023 sh               x10, 0(x5)          x10:0000ff57  x5:1c002ea2  PA:1c002ea2
27418668ns          488396 1c009552 008b0b13 addi             x22, x22, 8         x22=000001e1 x22:000001d9
27418688ns          488397 1c009554 1f300793 addi             x15, x0, 499        x15=000001f3
27418708ns          488398 1c009558 e767dae3 bge              x15, x22, -396      x15:000001f3 x22:000001e1
27418807ns          488403 1c0093cc 010c9a0b p.lh             x20, 16(x25!)       x20=ffffffcd x25=1c002a5a x25:1c002a4a  PA:1c002a4a
27419126ns          488419 1c0093d0 0104198b p.lh             x19, 16(x8!)        x19=ffffff54  x8=1c002222  x8:1c002212  PA:1c002212
27419444ns          488435 1c0093d4 2cc10513 addi             x10, x2, 716        x10=10000fa4  x2:10000cd8
27419464ns          488436 1c0093d6 010a990b p.lh             x18, 16(x21!)       x18=ffffffc9 x21=1c001a4e x21:1c001a3e  PA:1c001a3e
27419782ns          488452 1c0093da 010b948b p.lh             x9, 16(x23!)         x9=ffffff4d x23=1c00127e x23:1c00126e  PA:1c00126e
27420080ns          488467 1c0093de 2d411623 sh               x20, 716(x2)        x20:ffffffcd  x2:10000cd8  PA:10000fa4
27420100ns          488468 1c0093e2 2d311723 sh               x19, 718(x2)        x19:ffffff54  x2:10000cd8  PA:10000fa6
27420120ns          488469 1c0093e6 c33ff0ef jal              x1, -974             x1=1c0093e8
27420200ns          488473 1c009018 00051803 lh               x16, 0(x10)         x16=ffffffcd x10:10000fa4  PA:10000fa4
27420239ns          488475 1c00901c 00251883 lh               x17, 2(x10)         x17=ffffff54 x10:10000fa4  PA:10000fa6
27420299ns          488478 1c009020 030806b3 mul              x13, x16, x16       x13=00000a29 x16:ffffffcd x16:ffffffcd
27420339ns          488480 1c009024 03188633 mul              x12, x17, x17       x12=00007390 x17:ffffff54 x17:ffffff54
27420359ns          488481 1c009028 40a65613 srai             x12, x12, 0x40a     x12=0000001c x12:00007390
27420379ns          488482 1c00902a 40a6d693 srai             x13, x13, 0x40a     x13=00000002 x13:00000a29
27420399ns          488483 1c00902c 00c686b3 add              x13, x13, x12       x13=0000001e x13:00000002 x12:0000001c
27420418ns          488484 1c00902e 1006c633 p.exths          x12, x13, x0        x12=0000001e x13:0000001e
27420438ns          488485 1c009032 00855703 lhu              x14, 8(x10)         x14=0000ffd1 x10:10000fa4  PA:10000fac
27420458ns          488486 1c009036 00a55683 lhu              x13, 10(x10)        x13=0000ff6a x10:10000fa4  PA:10000fae
27420478ns          488487 1c00903a 02c60333 mul              x6, x12, x12         x6=00000384 x12:0000001e x12:0000001e
27420498ns          488488 1c00903e 00c55783 lhu              x15, 12(x10)        x15=0000ffe5 x10:10000fa4  PA:10000fb0
27420518ns          488489 1c009042 00e55583 lhu              x11, 14(x10)        x11=00000060 x10:10000fa4  PA:10000fb2
27420538ns          488490 1c009046 dea30333 p.extract        x6, x6, 15, 10       x6=00000000  x6:00000384
27420558ns          488491 1c00904a 80c7075b p.muls           x14, x14, x12       x14=fffffa7e x14:0000ffd1 x12:0000001e
27420578ns          488492 1c00904e 80c686db p.muls           x13, x13, x12       x13=ffffee6c x13:0000ff6a x12:0000001e
27420597ns          488493 1c009052 00455e83 lhu              x29, 4(x10)         x29=00000427 x10:10000fa4  PA:10000fa8
27420617ns          488494 1c009056 00655e03 lhu              x28, 6(x10)         x28=0000007f x10:10000fa4  PA:10000faa
27420637ns          488495 1c00905a 40a75713 srai             x14, x14, 0x40a     x14=fffffffe x14:fffffa7e
27420657ns          488496 1c00905c 806787db p.muls           x15, x15, x6        x15=00000000 x15:0000ffe5  x6:00000000
27420677ns          488497 1c009060 40a6d693 srai             x13, x13, 0x40a     x13=fffffffb x13:ffffee6c
27420717ns          488499 1c009062 8065865b p.muls           x12, x11, x6        x12=00000000 x11:00000060  x6:00000000
27420737ns          488500 1c009066 40a7d793 srai             x15, x15, 0x40a     x15=00000000 x15:00000000
27420757ns          488501 1c009068 40a65613 srai             x12, x12, 0x40a     x12=00000000 x12:00000000
27420776ns          488502 1c00906a 01d70733 add              x14, x14, x29       x14=00000425 x14:fffffffe x29:00000427
27420796ns          488503 1c00906c 01c686b3 add              x13, x13, x28       x13=0000007a x13:fffffffb x28:0000007f
27420816ns          488504 1c00906e 00c686b3 add              x13, x13, x12       x13=0000007a x13:0000007a x12:00000000
27420836ns          488505 1c009070 00f70733 add              x14, x14, x15       x14=00000425 x14:00000425 x15:00000000
27420856ns          488506 1c009072 100747b3 p.exths          x15, x14, x0        x15=00000425 x14:00000425
27420876ns          488507 1c009076 1006c733 p.exths          x14, x13, x0        x14=0000007a x13:0000007a
27420896ns          488508 1c00907a 03170633 mul              x12, x14, x17       x12=ffffae08 x14:0000007a x17:ffffff54
27420916ns          488509 1c00907e 030786b3 mul              x13, x15, x16       x13=ffff2ca1 x15:00000425 x16:ffffffcd
27420936ns          488510 1c009082 03070733 mul              x14, x14, x16       x14=ffffe7b2 x14:0000007a x16:ffffffcd
27420955ns          488511 1c009086 031787b3 mul              x15, x15, x17       x15=fffd3724 x15:00000425 x17:ffffff54
27420975ns          488512 1c00908a 40a6d693 srai             x13, x13, 0x40a     x13=ffffffcb x13:ffff2ca1
27420995ns          488513 1c00908c 40a65613 srai             x12, x12, 0x40a     x12=ffffffeb x12:ffffae08
27421015ns          488514 1c00908e 40a7d793 srai             x15, x15, 0x40a     x15=ffffff4d x15:fffd3724
27421035ns          488515 1c009090 40a75713 srai             x14, x14, 0x40a     x14=fffffff9 x14:ffffe7b2
27421055ns          488516 1c009092 40c686b3 sub              x13, x13, x12       x13=ffffffe0 x13:ffffffcb x12:ffffffeb
27421075ns          488517 1c009094 00e787b3 add              x15, x15, x14       x15=ffffff46 x15:ffffff4d x14:fffffff9
27421095ns          488518 1c009096 00d51823 sh               x13, 16(x10)        x13:ffffffe0 x10:10000fa4  PA:10000fb4
27421114ns          488519 1c00909a 00f51923 sh               x15, 18(x10)        x15:ffffff46 x10:10000fa4  PA:10000fb6
27421134ns          488520 1c00909e 00008067 jalr             x0, x1, 0            x1:1c0093e8
27421214ns          488524 1c0093e8 2dc15583 lhu              x11, 732(x2)        x11=0000ffe0  x2:10000cd8  PA:10000fb4
27421254ns          488526 1c0093ec 2de15783 lhu              x15, 734(x2)        x15=0000ff46  x2:10000cd8  PA:10000fb6
27421293ns          488528 1c0093f0 40b90933 sub              x18, x18, x11       x18=fffeffe9 x18:ffffffc9 x11:0000ffe0
27421313ns          488529 1c0093f4 40f484b3 sub              x9, x9, x15          x9=ffff0007  x9:ffffff4d x15:0000ff46
27421333ns          488530 1c0093f6 100945b3 p.exths          x11, x18, x0        x11=ffffffe9 x18:fffeffe9
27421353ns          488531 1c0093fa 1004c7b3 p.exths          x15, x9, x0         x15=00000007  x9:ffff0007
27421373ns          488532 1c0093fe 034586b3 mul              x13, x11, x20       x13=00000495 x11:ffffffe9 x20:ffffffcd
27421393ns          488533 1c009402 03378533 mul              x10, x15, x19       x10=fffffb4c x15:00000007 x19:ffffff54
27421413ns          488534 1c009406 034a0633 mul              x12, x20, x20       x12=00000a29 x20:ffffffcd x20:ffffffcd
27421433ns          488535 1c00940a 03398733 mul              x14, x19, x19       x14=00007390 x19:ffffff54 x19:ffffff54
27421472ns          488537 1c00940e 034787b3 mul              x15, x15, x20       x15=fffffe9b x15:00000007 x20:ffffffcd
27421512ns          488539 1c009412 033585b3 mul              x11, x11, x19       x11=00000f74 x11:ffffffe9 x19:ffffff54
27421532ns          488540 1c009416 40a75713 srai             x14, x14, 0x40a     x14=0000001c x14:00007390
27421552ns          488541 1c009418 40a5d593 srai             x11, x11, 0x40a     x11=00000003 x11:00000f74
27421572ns          488542 1c00941a 40a65613 srai             x12, x12, 0x40a     x12=00000002 x12:00000a29
27421592ns          488543 1c00941c 40a7d793 srai             x15, x15, 0x40a     x15=ffffffff x15:fffffe9b
27421612ns          488544 1c00941e 1c0034b7 lui              x9, 0x1c003000       x9=1c003000
27421632ns          488545 1c009422 00e60633 add              x12, x12, x14       x12=0000001e x12:00000002 x14:0000001c
27421651ns          488546 1c009424 40b787b3 sub              x15, x15, x11       x15=fffffffc x15:ffffffff x11:00000003
27421671ns          488547 1c009426 eb048493 addi             x9, x9, -336         x9=1c002eb0  x9:1c003000
27421691ns          488548 1c00942a 1c0032b7 lui              x5, 0x1c003000       x5=1c003000
27421711ns          488549 1c00942e 1c0035b7 lui              x11, 0x1c003000     x11=1c003000
27421731ns          488550 1c009432 018483b3 add              x7, x9, x24          x7=1c002eb2  x9:1c002eb0 x24:00000002
27421751ns          488551 1c009436 02812e83 lw               x29, 40(x2)         x29=1c002ec2  x2:10000cd8  PA:10000d00
27421771ns          488552 1c009438 10065633 p.exthz          x12, x12, x0        x12=0000001e x12:0000001e
27421791ns          488553 1c00943c e8028293 addi             x5, x5, -384         x5=1c002e80  x5:1c003000
27421811ns          488554 1c009440 ea058593 addi             x11, x11, -352      x11=1c002ea0 x11:1c003000
27421830ns          488555 1c009444 03812483 lw               x9, 56(x2)           x9=1c002ee2  x2:10000cd8  PA:10000d10
27421850ns          488556 1c009446 10064733 p.exths          x14, x12, x0        x14=0000001e x12:0000001e
27421870ns          488557 1c00944a 018280b3 add              x1, x5, x24          x1=1c002e82  x5:1c002e80 x24:00000002
27421890ns          488558 1c00944e 03012f03 lw               x30, 48(x2)         x30=1c002ed2  x2:10000cd8  PA:10000d08
27421910ns          488559 1c009450 018582b3 add              x5, x11, x24         x5=1c002ea2 x11:1c002ea0 x24:00000002
27421930ns          488560 1c009454 04012583 lw               x11, 64(x2)         x11=1c002ef2  x2:10000cd8  PA:10000d18
27421950ns          488561 1c009456 000edd83 lhu              x27, 0(x29)         x27=00001cef x29:1c002ec2  PA:1c002ec2
27422248ns          488576 1c00945a 0004d483 lhu              x9, 0(x9)            x9=000001df  x9:1c002ee2  PA:1c002ee2
27422546ns          488591 1c00945e 02e70333 mul              x6, x14, x14         x6=00000384 x14:0000001e x14:0000001e
27422566ns          488592 1c009462 40a55513 srai             x10, x10, 0x40a     x10=fffffffe x10:fffffb4c
27422586ns          488593 1c009464 04812e83 lw               x29, 72(x2)         x29=1c002f02  x2:10000cd8  PA:10000d20
27422606ns          488594 1c009466 40a6d693 srai             x13, x13, 0x40a     x13=00000001 x13:00000495
27422626ns          488595 1c009468 000f5d03 lhu              x26, 0(x30)         x26=00000652 x30:1c002ed2  PA:1c002ed2
27422944ns          488611 1c00946c 0005d583 lhu              x11, 0(x11)         x11=000000a9 x11:1c002ef2  PA:1c002ef2
27423282ns          488628 1c009470 40a35313 srai             x6, x6, 0x40a        x6=00000000  x6:00000384
27423302ns          488629 1c009474 00a686b3 add              x13, x13, x10       x13=ffffffff x13:00000001 x10:fffffffe
27423322ns          488630 1c009476 05012f03 lw               x30, 80(x2)         x30=1c002e72  x2:10000cd8  PA:10000d28
27423342ns          488631 1c009478 10034e33 p.exths          x28, x6, x0         x28=00000000  x6:00000000
27423362ns          488632 1c00947c 06911023 sh               x9, 96(x2)           x9:000001df  x2:10000cd8  PA:10000d38
27423382ns          488633 1c009480 000ede83 lhu              x29, 0(x29)         x29=00000041 x29:1c002f02  PA:1c002f02
27423680ns          488648 1c009484 05812483 lw               x9, 88(x2)           x9=1c002e62  x2:10000cd8  PA:10000d30
27423700ns          488649 1c009486 1006d6b3 p.exthz          x13, x13, x0        x13=0000ffff x13:ffffffff
27423720ns          488650 1c00948a 02ee08b3 mul              x17, x28, x14       x17=00000000 x28:00000000 x14:0000001e
27423740ns          488651 1c00948e 1006c833 p.exths          x16, x13, x0        x16=ffffffff x13:0000ffff
27423760ns          488652 1c009492 06b11823 sh               x11, 112(x2)        x11:000000a9  x2:10000cd8  PA:10000d48
27423779ns          488653 1c009496 000f5f03 lhu              x30, 0(x30)         x30=0000fea5 x30:1c002e72  PA:1c002e72
27424137ns          488671 1c00949a 0a012583 lw               x11, 160(x2)        x11=1c002e92  x2:10000cd8  PA:10000d78
27424157ns          488672 1c00949c 1007d7b3 p.exthz          x15, x15, x0        x15=0000fffc x15:fffffffc
27424177ns          488673 1c0094a0 0004da03 lhu              x20, 0(x9)          x20=0000f97d  x9:1c002e62  PA:1c002e62
27424476ns          488688 1c0094a4 1007c533 p.exths          x10, x15, x0        x10=fffffffc x15:0000fffc
27424495ns          488689 1c0094a8 09d11023 sh               x29, 128(x2)        x29:00000041  x2:10000cd8  PA:10000d58
27424515ns          488690 1c0094ac 0003d483 lhu              x9, 0(x7)            x9=0000ffbe  x7:1c002eb2  PA:1c002eb2
27424853ns          488707 1c0094b0 02e80eb3 mul              x29, x16, x14       x29=ffffffe2 x16:ffffffff x14:0000001e
27424873ns          488708 1c0094b4 40a8d893 srai             x17, x17, 0x40a     x17=00000000 x17:00000000
27424893ns          488709 1c0094b8 03c80833 mul              x16, x16, x28       x16=00000000 x16:ffffffff x28:00000000
27424913ns          488710 1c0094bc 09e11823 sh               x30, 144(x2)        x30:0000fea5  x2:10000cd8  PA:10000d68
27424933ns          488711 1c0094c0 0005d983 lhu              x19, 0(x11)         x19=0000ff80 x11:1c002e92  PA:1c002e92
27425231ns          488726 1c0094c4 81c88f5b p.muls           x30, x17, x28       x30=00000000 x17:00000000 x28:00000000
27425251ns          488727 1c0094c8 0002d583 lhu              x11, 0(x5)          x11=0000ff57  x5:1c002ea2  PA:1c002ea2
27425629ns          488746 1c0094cc 03ce0fb3 mul              x31, x28, x28       x31=00000000 x28:00000000 x28:00000000
27425649ns          488747 1c0094d0 02e50733 mul              x14, x10, x14       x14=ffffff88 x10:fffffffc x14:0000001e
27425669ns          488748 1c0094d4 40a85813 srai             x16, x16, 0x40a     x16=00000000 x16:00000000
27425689ns          488749 1c0094d8 03c50533 mul              x10, x10, x28       x10=00000000 x10:fffffffc x28:00000000
27425709ns          488750 1c0094dc 07015e03 lhu              x28, 112(x2)        x28=000000a9  x2:10000cd8  PA:10000d48
27425748ns          488752 1c0094e0 01b60633 add              x12, x12, x27       x12=00001d0d x12:0000001e x27:00001cef
27425768ns          488753 1c0094e2 00980833 add              x16, x16, x9        x16=0000ffbe x16:00000000  x9:0000ffbe
27425788ns          488754 1c0094e4 06015d83 lhu              x27, 96(x2)         x27=000001df  x2:10000cd8  PA:10000d38
27425808ns          488755 1c0094e8 02812483 lw               x9, 40(x2)           x9=1c002ec2  x2:10000cd8  PA:10000d00
27425828ns          488756 1c0094ea 40afdf93 srai             x31, x31, 0x40a     x31=00000000 x31:00000000
27425848ns          488757 1c0094ee 40a55513 srai             x10, x10, 0x40a     x10=00000000 x10:00000000
27425868ns          488758 1c0094f0 01cf8fb3 add              x31, x31, x28       x31=000000a9 x31:00000000 x28:000000a9
27425888ns          488759 1c0094f2 00b50533 add              x10, x10, x11       x10=0000ff57 x10:00000000 x11:0000ff57
27425908ns          488760 1c0094f4 09015e03 lhu              x28, 144(x2)        x28=0000fea5  x2:10000cd8  PA:10000d68
27425927ns          488761 1c0094f8 03012583 lw               x11, 48(x2)         x11=1c002ed2  x2:10000cd8  PA:10000d08
27425947ns          488762 1c0094fa 00c49023 sh               x12, 0(x9)          x12:00001d0d  x9:1c002ec2  PA:1c002ec2
27426265ns          488778 1c0094fe 01b888b3 add              x17, x17, x27       x17=000001df x17:00000000 x27:000001df
27426285ns          488779 1c009500 01a30333 add              x6, x6, x26          x6=00000652  x6:00000000 x26:00000652
27426305ns          488780 1c009502 08015d83 lhu              x27, 128(x2)        x27=00000041  x2:10000cd8  PA:10000d58
27426325ns          488781 1c009506 0000d903 lhu              x18, 0(x1)          x18=0000fe44  x1:1c002e82  PA:1c002e82
27426643ns          488797 1c00950a 01c686b3 add              x13, x13, x28       x13=0001fea4 x13:0000ffff x28:0000fea5
27426663ns          488798 1c00950c 00659023 sh               x6, 0(x11)           x6:00000652 x11:1c002ed2  PA:1c002ed2
27426981ns          488814 1c009510 40af5f13 srai             x30, x30, 0x40a     x30=00000000 x30:00000000
27427001ns          488815 1c009514 04812e03 lw               x28, 72(x2)         x28=1c002f02  x2:10000cd8  PA:10000d20
27427021ns          488816 1c009516 01bf0f33 add              x30, x30, x27       x30=00000041 x30:00000000 x27:00000041
27427041ns          488817 1c009518 40aede93 srai             x29, x29, 0x40a     x29=ffffffff x29:ffffffe2
27427061ns          488818 1c00951c 40a75713 srai             x14, x14, 0x40a     x14=ffffffff x14:ffffff88
27427081ns          488819 1c00951e 03812603 lw               x12, 56(x2)         x12=1c002ee2  x2:10000cd8  PA:10000d10
27427101ns          488820 1c009520 04012d83 lw               x27, 64(x2)         x27=1c002ef2  x2:10000cd8  PA:10000d18
27427121ns          488821 1c009522 01ee1023 sh               x30, 0(x28)         x30:00000041 x28:1c002f02  PA:1c002f02
27427459ns          488838 1c009526 05812483 lw               x9, 88(x2)           x9=1c002e62  x2:10000cd8  PA:10000d30
27427479ns          488839 1c009528 05012f03 lw               x30, 80(x2)         x30=1c002e72  x2:10000cd8  PA:10000d28
27427499ns          488840 1c00952a 0a012583 lw               x11, 160(x2)        x11=1c002e92  x2:10000cd8  PA:10000d78
27427518ns          488841 1c00952c 014787b3 add              x15, x15, x20       x15=0001f979 x15:0000fffc x20:0000f97d
27427538ns          488842 1c00952e 013e8eb3 add              x29, x29, x19       x29=0000ff7f x29:ffffffff x19:0000ff80
27427558ns          488843 1c009530 01270733 add              x14, x14, x18       x14=0000fe43 x14:ffffffff x18:0000fe44
27427578ns          488844 1c009532 00f49023 sh               x15, 0(x9)          x15:0001f979  x9:1c002e62  PA:1c002e62
27427896ns          488860 1c009536 01161023 sh               x17, 0(x12)         x17:000001df x12:1c002ee2  PA:1c002ee2
27428215ns          488876 1c00953a 01fd9023 sh               x31, 0(x27)         x31:000000a9 x27:1c002ef2  PA:1c002ef2
27428612ns          488896 1c00953e 00df1023 sh               x13, 0(x30)         x13:0001fea4 x30:1c002e72  PA:1c002e72
27428930ns          488912 1c009542 01d59023 sh               x29, 0(x11)         x29:0000ff7f x11:1c002e92  PA:1c002e92
27429249ns          488928 1c009546 00e09023 sh               x14, 0(x1)          x14:0000fe43  x1:1c002e82  PA:1c002e82
27429567ns          488944 1c00954a 01039023 sh               x16, 0(x7)          x16:0000ffbe  x7:1c002eb2  PA:1c002eb2
27429905ns          488961 1c00954e 00a29023 sh               x10, 0(x5)          x10:0000ff57  x5:1c002ea2  PA:1c002ea2
27430223ns          488977 1c009552 008b0b13 addi             x22, x22, 8         x22=000001e9 x22:000001e1
27430243ns          488978 1c009554 1f300793 addi             x15, x0, 499        x15=000001f3
27430263ns          488979 1c009558 e767dae3 bge              x15, x22, -396      x15:000001f3 x22:000001e9
27430362ns          488984 1c0093cc 010c9a0b p.lh             x20, 16(x25!)       x20=00000057 x25=1c002a6a x25:1c002a5a  PA:1c002a5a
27430681ns          489000 1c0093d0 0104198b p.lh             x19, 16(x8!)        x19=0000012f  x8=1c002232  x8:1c002222  PA:1c002222
27430979ns          489015 1c0093d4 2cc10513 addi             x10, x2, 716        x10=10000fa4  x2:10000cd8
27430999ns          489016 1c0093d6 010a990b p.lh             x18, 16(x21!)       x18=00000067 x21=1c001a5e x21:1c001a4e  PA:1c001a4e
27431297ns          489031 1c0093da 010b948b p.lh             x9, 16(x23!)         x9=00000133 x23=1c00128e x23:1c00127e  PA:1c00127e
27431595ns          489046 1c0093de 2d411623 sh               x20, 716(x2)        x20:00000057  x2:10000cd8  PA:10000fa4
27431615ns          489047 1c0093e2 2d311723 sh               x19, 718(x2)        x19:0000012f  x2:10000cd8  PA:10000fa6
27431635ns          489048 1c0093e6 c33ff0ef jal              x1, -974             x1=1c0093e8
27431715ns          489052 1c009018 00051803 lh               x16, 0(x10)         x16=00000057 x10:10000fa4  PA:10000fa4
27431755ns          489054 1c00901c 00251883 lh               x17, 2(x10)         x17=0000012f x10:10000fa4  PA:10000fa6
27431794ns          489056 1c009020 030806b3 mul              x13, x16, x16       x13=00001d91 x16:00000057 x16:00000057
27431814ns          489057 1c009024 03188633 mul              x12, x17, x17       x12=000166a1 x17:0000012f x17:0000012f
27431834ns          489058 1c009028 40a65613 srai             x12, x12, 0x40a     x12=00000059 x12:000166a1
27431854ns          489059 1c00902a 40a6d693 srai             x13, x13, 0x40a     x13=00000007 x13:00001d91
27431874ns          489060 1c00902c 00c686b3 add              x13, x13, x12       x13=00000060 x13:00000007 x12:00000059
27431894ns          489061 1c00902e 1006c633 p.exths          x12, x13, x0        x12=00000060 x13:00000060
27431914ns          489062 1c009032 00855703 lhu              x14, 8(x10)         x14=0000ffd1 x10:10000fa4  PA:10000fac
27431934ns          489063 1c009036 00a55683 lhu              x13, 10(x10)        x13=0000ff6a x10:10000fa4  PA:10000fae
27431953ns          489064 1c00903a 02c60333 mul              x6, x12, x12         x6=00002400 x12:00000060 x12:00000060
27432013ns          489067 1c00903e 00c55783 lhu              x15, 12(x10)        x15=0000ffe5 x10:10000fa4  PA:10000fb0
27432053ns          489069 1c009042 00e55583 lhu              x11, 14(x10)        x11=00000060 x10:10000fa4  PA:10000fb2
27432073ns          489070 1c009046 dea30333 p.extract        x6, x6, 15, 10       x6=00000009  x6:00002400
27432093ns          489071 1c00904a 80c7075b p.muls           x14, x14, x12       x14=ffffee60 x14:0000ffd1 x12:00000060
27432152ns          489074 1c00904e 80c686db p.muls           x13, x13, x12       x13=ffffc7c0 x13:0000ff6a x12:00000060
27432192ns          489076 1c009052 00455e83 lhu              x29, 4(x10)         x29=00000427 x10:10000fa4  PA:10000fa8
27432212ns          489077 1c009056 00655e03 lhu              x28, 6(x10)         x28=0000007f x10:10000fa4  PA:10000faa
27432232ns          489078 1c00905a 40a75713 srai             x14, x14, 0x40a     x14=fffffffb x14:ffffee60
27432252ns          489079 1c00905c 806787db p.muls           x15, x15, x6        x15=ffffff0d x15:0000ffe5  x6:00000009
27432292ns          489081 1c009060 40a6d693 srai             x13, x13, 0x40a     x13=fffffff1 x13:ffffc7c0
27432331ns          489083 1c009062 8065865b p.muls           x12, x11, x6        x12=00000360 x11:00000060  x6:00000009
27432351ns          489084 1c009066 40a7d793 srai             x15, x15, 0x40a     x15=ffffffff x15:ffffff0d
27432371ns          489085 1c009068 40a65613 srai             x12, x12, 0x40a     x12=00000000 x12:00000360
27432391ns          489086 1c00906a 01d70733 add              x14, x14, x29       x14=00000422 x14:fffffffb x29:00000427
27432411ns          489087 1c00906c 01c686b3 add              x13, x13, x28       x13=00000070 x13:fffffff1 x28:0000007f
27432431ns          489088 1c00906e 00c686b3 add              x13, x13, x12       x13=00000070 x13:00000070 x12:00000000
27432451ns          489089 1c009070 00f70733 add              x14, x14, x15       x14=00000421 x14:00000422 x15:ffffffff
27432471ns          489090 1c009072 100747b3 p.exths          x15, x14, x0        x15=00000421 x14:00000421
27432490ns          489091 1c009076 1006c733 p.exths          x14, x13, x0        x14=00000070 x13:00000070
27432510ns          489092 1c00907a 03170633 mul              x12, x14, x17       x12=00008490 x14:00000070 x17:0000012f
27432530ns          489093 1c00907e 030786b3 mul              x13, x15, x16       x13=00016737 x15:00000421 x16:00000057
27432550ns          489094 1c009082 03070733 mul              x14, x14, x16       x14=00002610 x14:00000070 x16:00000057
27432570ns          489095 1c009086 031787b3 mul              x15, x15, x17       x15=0004e30f x15:00000421 x17:0000012f
27432590ns          489096 1c00908a 40a6d693 srai             x13, x13, 0x40a     x13=00000059 x13:00016737
27432610ns          489097 1c00908c 40a65613 srai             x12, x12, 0x40a     x12=00000021 x12:00008490
27432630ns          489098 1c00908e 40a7d793 srai             x15, x15, 0x40a     x15=00000138 x15:0004e30f
27432650ns          489099 1c009090 40a75713 srai             x14, x14, 0x40a     x14=00000009 x14:00002610
27432669ns          489100 1c009092 40c686b3 sub              x13, x13, x12       x13=00000038 x13:00000059 x12:00000021
27432689ns          489101 1c009094 00e787b3 add              x15, x15, x14       x15=00000141 x15:00000138 x14:00000009
27432709ns          489102 1c009096 00d51823 sh               x13, 16(x10)        x13:00000038 x10:10000fa4  PA:10000fb4
27432729ns          489103 1c00909a 00f51923 sh               x15, 18(x10)        x15:00000141 x10:10000fa4  PA:10000fb6
27432749ns          489104 1c00909e 00008067 jalr             x0, x1, 0            x1:1c0093e8
27432829ns          489108 1c0093e8 2dc15583 lhu              x11, 732(x2)        x11=00000038  x2:10000cd8  PA:10000fb4
27432868ns          489110 1c0093ec 2de15783 lhu              x15, 734(x2)        x15=00000141  x2:10000cd8  PA:10000fb6
27432888ns          489111 1c0093f0 40b90933 sub              x18, x18, x11       x18=0000002f x18:00000067 x11:00000038
27432908ns          489112 1c0093f4 40f484b3 sub              x9, x9, x15          x9=fffffff2  x9:00000133 x15:00000141
27432928ns          489113 1c0093f6 100945b3 p.exths          x11, x18, x0        x11=0000002f x18:0000002f
27432948ns          489114 1c0093fa 1004c7b3 p.exths          x15, x9, x0         x15=fffffff2  x9:fffffff2
27432968ns          489115 1c0093fe 034586b3 mul              x13, x11, x20       x13=00000ff9 x11:0000002f x20:00000057
27432988ns          489116 1c009402 03378533 mul              x10, x15, x19       x10=ffffef6e x15:fffffff2 x19:0000012f
27433008ns          489117 1c009406 034a0633 mul              x12, x20, x20       x12=00001d91 x20:00000057 x20:00000057
27433027ns          489118 1c00940a 03398733 mul              x14, x19, x19       x14=000166a1 x19:0000012f x19:0000012f
27433067ns          489120 1c00940e 034787b3 mul              x15, x15, x20       x15=fffffb3e x15:fffffff2 x20:00000057
27433107ns          489122 1c009412 033585b3 mul              x11, x11, x19       x11=000037a1 x11:0000002f x19:0000012f
27433127ns          489123 1c009416 40a75713 srai             x14, x14, 0x40a     x14=00000059 x14:000166a1
27433147ns          489124 1c009418 40a5d593 srai             x11, x11, 0x40a     x11=0000000d x11:000037a1
27433167ns          489125 1c00941a 40a65613 srai             x12, x12, 0x40a     x12=00000007 x12:00001d91
27433187ns          489126 1c00941c 40a7d793 srai             x15, x15, 0x40a     x15=fffffffe x15:fffffb3e
27433206ns          489127 1c00941e 1c0034b7 lui              x9, 0x1c003000       x9=1c003000
27433226ns          489128 1c009422 00e60633 add              x12, x12, x14       x12=00000060 x12:00000007 x14:00000059
27433246ns          489129 1c009424 40b787b3 sub              x15, x15, x11       x15=fffffff1 x15:fffffffe x11:0000000d
27433266ns          489130 1c009426 eb048493 addi             x9, x9, -336         x9=1c002eb0  x9:1c003000
27433286ns          489131 1c00942a 1c0032b7 lui              x5, 0x1c003000       x5=1c003000
27433306ns          489132 1c00942e 1c0035b7 lui              x11, 0x1c003000     x11=1c003000
27433326ns          489133 1c009432 018483b3 add              x7, x9, x24          x7=1c002eb2  x9:1c002eb0 x24:00000002
27433346ns          489134 1c009436 02812e83 lw               x29, 40(x2)         x29=1c002ec2  x2:10000cd8  PA:10000d00
27433366ns          489135 1c009438 10065633 p.exthz          x12, x12, x0        x12=00000060 x12:00000060
27433385ns          489136 1c00943c e8028293 addi             x5, x5, -384         x5=1c002e80  x5:1c003000
27433405ns          489137 1c009440 ea058593 addi             x11, x11, -352      x11=1c002ea0 x11:1c003000
27433425ns          489138 1c009444 03812483 lw               x9, 56(x2)           x9=1c002ee2  x2:10000cd8  PA:10000d10
27433445ns          489139 1c009446 10064733 p.exths          x14, x12, x0        x14=00000060 x12:00000060
27433465ns          489140 1c00944a 018280b3 add              x1, x5, x24          x1=1c002e82  x5:1c002e80 x24:00000002
27433485ns          489141 1c00944e 03012f03 lw               x30, 48(x2)         x30=1c002ed2  x2:10000cd8  PA:10000d08
27433505ns          489142 1c009450 018582b3 add              x5, x11, x24         x5=1c002ea2 x11:1c002ea0 x24:00000002
27433525ns          489143 1c009454 04012583 lw               x11, 64(x2)         x11=1c002ef2  x2:10000cd8  PA:10000d18
27433544ns          489144 1c009456 000edd83 lhu              x27, 0(x29)         x27=00001d0d x29:1c002ec2  PA:1c002ec2
27433863ns          489160 1c00945a 0004d483 lhu              x9, 0(x9)            x9=000001df  x9:1c002ee2  PA:1c002ee2
27434161ns          489175 1c00945e 02e70333 mul              x6, x14, x14         x6=00002400 x14:00000060 x14:00000060
27434181ns          489176 1c009462 40a55513 srai             x10, x10, 0x40a     x10=fffffffb x10:ffffef6e
27434201ns          489177 1c009464 04812e83 lw               x29, 72(x2)         x29=1c002f02  x2:10000cd8  PA:10000d20
27434221ns          489178 1c009466 40a6d693 srai             x13, x13, 0x40a     x13=00000003 x13:00000ff9
27434241ns          489179 1c009468 000f5d03 lhu              x26, 0(x30)         x26=00000652 x30:1c002ed2  PA:1c002ed2
27434539ns          489194 1c00946c 0005d583 lhu              x11, 0(x11)         x11=000000a9 x11:1c002ef2  PA:1c002ef2
27434897ns          489212 1c009470 40a35313 srai             x6, x6, 0x40a        x6=00000009  x6:00002400
27434917ns          489213 1c009474 00a686b3 add              x13, x13, x10       x13=fffffffe x13:00000003 x10:fffffffb
27434937ns          489214 1c009476 05012f03 lw               x30, 80(x2)         x30=1c002e72  x2:10000cd8  PA:10000d28
27434957ns          489215 1c009478 10034e33 p.exths          x28, x6, x0         x28=00000009  x6:00000009
27434976ns          489216 1c00947c 06911023 sh               x9, 96(x2)           x9:000001df  x2:10000cd8  PA:10000d38
27434996ns          489217 1c009480 000ede83 lhu              x29, 0(x29)         x29=00000041 x29:1c002f02  PA:1c002f02
27435354ns          489235 1c009484 05812483 lw               x9, 88(x2)           x9=1c002e62  x2:10000cd8  PA:10000d30
27435374ns          489236 1c009486 1006d6b3 p.exthz          x13, x13, x0        x13=0000fffe x13:fffffffe
27435394ns          489237 1c00948a 02ee08b3 mul              x17, x28, x14       x17=00000360 x28:00000009 x14:00000060
27435414ns          489238 1c00948e 1006c833 p.exths          x16, x13, x0        x16=fffffffe x13:0000fffe
27435434ns          489239 1c009492 06b11823 sh               x11, 112(x2)        x11:000000a9  x2:10000cd8  PA:10000d48
27435454ns          489240 1c009496 000f5f03 lhu              x30, 0(x30)         x30=0000fea4 x30:1c002e72  PA:1c002e72
27435752ns          489255 1c00949a 0a012583 lw               x11, 160(x2)        x11=1c002e92  x2:10000cd8  PA:10000d78
27435772ns          489256 1c00949c 1007d7b3 p.exthz          x15, x15, x0        x15=0000fff1 x15:fffffff1
27435792ns          489257 1c0094a0 0004da03 lhu              x20, 0(x9)          x20=0000f979  x9:1c002e62  PA:1c002e62
27436090ns          489272 1c0094a4 1007c533 p.exths          x10, x15, x0        x10=fffffff1 x15:0000fff1
27436110ns          489273 1c0094a8 09d11023 sh               x29, 128(x2)        x29:00000041  x2:10000cd8  PA:10000d58
27436130ns          489274 1c0094ac 0003d483 lhu              x9, 0(x7)            x9=0000ffbe  x7:1c002eb2  PA:1c002eb2
27436528ns          489294 1c0094b0 02e80eb3 mul              x29, x16, x14       x29=ffffff40 x16:fffffffe x14:00000060
27436548ns          489295 1c0094b4 40a8d893 srai             x17, x17, 0x40a     x17=00000000 x17:00000360
27436567ns          489296 1c0094b8 03c80833 mul              x16, x16, x28       x16=ffffffee x16:fffffffe x28:00000009
27436587ns          489297 1c0094bc 09e11823 sh               x30, 144(x2)        x30:0000fea4  x2:10000cd8  PA:10000d68
27436607ns          489298 1c0094c0 0005d983 lhu              x19, 0(x11)         x19=0000ff7f x11:1c002e92  PA:1c002e92
27436906ns          489313 1c0094c4 81c88f5b p.muls           x30, x17, x28       x30=00000000 x17:00000000 x28:00000009
27436925ns          489314 1c0094c8 0002d583 lhu              x11, 0(x5)          x11=0000ff57  x5:1c002ea2  PA:1c002ea2
27437264ns          489331 1c0094cc 03ce0fb3 mul              x31, x28, x28       x31=00000051 x28:00000009 x28:00000009
27437283ns          489332 1c0094d0 02e50733 mul              x14, x10, x14       x14=fffffa60 x10:fffffff1 x14:00000060
27437303ns          489333 1c0094d4 40a85813 srai             x16, x16, 0x40a     x16=ffffffff x16:ffffffee
27437323ns          489334 1c0094d8 03c50533 mul              x10, x10, x28       x10=ffffff79 x10:fffffff1 x28:00000009
27437343ns          489335 1c0094dc 07015e03 lhu              x28, 112(x2)        x28=000000a9  x2:10000cd8  PA:10000d48
27437363ns          489336 1c0094e0 01b60633 add              x12, x12, x27       x12=00001d6d x12:00000060 x27:00001d0d
27437383ns          489337 1c0094e2 00980833 add              x16, x16, x9        x16=0000ffbd x16:ffffffff  x9:0000ffbe
27437403ns          489338 1c0094e4 06015d83 lhu              x27, 96(x2)         x27=000001df  x2:10000cd8  PA:10000d38
27437423ns          489339 1c0094e8 02812483 lw               x9, 40(x2)           x9=1c002ec2  x2:10000cd8  PA:10000d00
27437443ns          489340 1c0094ea 40afdf93 srai             x31, x31, 0x40a     x31=00000000 x31:00000051
27437462ns          489341 1c0094ee 40a55513 srai             x10, x10, 0x40a     x10=ffffffff x10:ffffff79
27437482ns          489342 1c0094f0 01cf8fb3 add              x31, x31, x28       x31=000000a9 x31:00000000 x28:000000a9
27437502ns          489343 1c0094f2 00b50533 add              x10, x10, x11       x10=0000ff56 x10:ffffffff x11:0000ff57
27437522ns          489344 1c0094f4 09015e03 lhu              x28, 144(x2)        x28=0000fea4  x2:10000cd8  PA:10000d68
27437542ns          489345 1c0094f8 03012583 lw               x11, 48(x2)         x11=1c002ed2  x2:10000cd8  PA:10000d08
27437562ns          489346 1c0094fa 00c49023 sh               x12, 0(x9)          x12:00001d6d  x9:1c002ec2  PA:1c002ec2
27437900ns          489363 1c0094fe 01b888b3 add              x17, x17, x27       x17=000001df x17:00000000 x27:000001df
27437920ns          489364 1c009500 01a30333 add              x6, x6, x26          x6=0000065b  x6:00000009 x26:00000652
27437940ns          489365 1c009502 08015d83 lhu              x27, 128(x2)        x27=00000041  x2:10000cd8  PA:10000d58
27437960ns          489366 1c009506 0000d903 lhu              x18, 0(x1)          x18=0000fe43  x1:1c002e82  PA:1c002e82
27438258ns          489381 1c00950a 01c686b3 add              x13, x13, x28       x13=0001fea2 x13:0000fffe x28:0000fea4
27438278ns          489382 1c00950c 00659023 sh               x6, 0(x11)           x6:0000065b x11:1c002ed2  PA:1c002ed2
27438596ns          489398 1c009510 40af5f13 srai             x30, x30, 0x40a     x30=00000000 x30:00000000
27438616ns          489399 1c009514 04812e03 lw               x28, 72(x2)         x28=1c002f02  x2:10000cd8  PA:10000d20
27438636ns          489400 1c009516 01bf0f33 add              x30, x30, x27       x30=00000041 x30:00000000 x27:00000041
27438656ns          489401 1c009518 40aede93 srai             x29, x29, 0x40a     x29=ffffffff x29:ffffff40
27438676ns          489402 1c00951c 40a75713 srai             x14, x14, 0x40a     x14=fffffffe x14:fffffa60
27438695ns          489403 1c00951e 03812603 lw               x12, 56(x2)         x12=1c002ee2  x2:10000cd8  PA:10000d10
27438715ns          489404 1c009520 04012d83 lw               x27, 64(x2)         x27=1c002ef2  x2:10000cd8  PA:10000d18
27438735ns          489405 1c009522 01ee1023 sh               x30, 0(x28)         x30:00000041 x28:1c002f02  PA:1c002f02
27439053ns          489421 1c009526 05812483 lw               x9, 88(x2)           x9=1c002e62  x2:10000cd8  PA:10000d30
27439073ns          489422 1c009528 05012f03 lw               x30, 80(x2)         x30=1c002e72  x2:10000cd8  PA:10000d28
27439093ns          489423 1c00952a 0a012583 lw               x11, 160(x2)        x11=1c002e92  x2:10000cd8  PA:10000d78
27439113ns          489424 1c00952c 014787b3 add              x15, x15, x20       x15=0001f96a x15:0000fff1 x20:0000f979
27439133ns          489425 1c00952e 013e8eb3 add              x29, x29, x19       x29=0000ff7e x29:ffffffff x19:0000ff7f
27439153ns          489426 1c009530 01270733 add              x14, x14, x18       x14=0000fe41 x14:fffffffe x18:0000fe43
27439173ns          489427 1c009532 00f49023 sh               x15, 0(x9)          x15:0001f96a  x9:1c002e62  PA:1c002e62
27439491ns          489443 1c009536 01161023 sh               x17, 0(x12)         x17:000001df x12:1c002ee2  PA:1c002ee2
27439829ns          489460 1c00953a 01fd9023 sh               x31, 0(x27)         x31:000000a9 x27:1c002ef2  PA:1c002ef2
27440147ns          489476 1c00953e 00df1023 sh               x13, 0(x30)         x13:0001fea2 x30:1c002e72  PA:1c002e72
27440485ns          489493 1c009542 01d59023 sh               x29, 0(x11)         x29:0000ff7e x11:1c002e92  PA:1c002e92
27440804ns          489509 1c009546 00e09023 sh               x14, 0(x1)          x14:0000fe41  x1:1c002e82  PA:1c002e82
27441122ns          489525 1c00954a 01039023 sh               x16, 0(x7)          x16:0000ffbd  x7:1c002eb2  PA:1c002eb2
27441440ns          489541 1c00954e 00a29023 sh               x10, 0(x5)          x10:0000ff56  x5:1c002ea2  PA:1c002ea2
27441778ns          489558 1c009552 008b0b13 addi             x22, x22, 8         x22=000001f1 x22:000001e9
27441798ns          489559 1c009554 1f300793 addi             x15, x0, 499        x15=000001f3
27441818ns          489560 1c009558 e767dae3 bge              x15, x22, -396      x15:000001f3 x22:000001f1
27441957ns          489567 1c0093cc 010c9a0b p.lh             x20, 16(x25!)       x20=ffffffe3 x25=1c002a7a x25:1c002a6a  PA:1c002a6a
27442295ns          489584 1c0093d0 0104198b p.lh             x19, 16(x8!)        x19=ffffff7b  x8=1c002242  x8:1c002232  PA:1c002232
27442594ns          489599 1c0093d4 2cc10513 addi             x10, x2, 716        x10=10000fa4  x2:10000cd8
27442613ns          489600 1c0093d6 010a990b p.lh             x18, 16(x21!)       x18=ffffffd9 x21=1c001a6e x21:1c001a5e  PA:1c001a5e
27442912ns          489615 1c0093da 010b948b p.lh             x9, 16(x23!)         x9=ffffff79 x23=1c00129e x23:1c00128e  PA:1c00128e
27443210ns          489630 1c0093de 2d411623 sh               x20, 716(x2)        x20:ffffffe3  x2:10000cd8  PA:10000fa4
27443250ns          489632 1c0093e2 2d311723 sh               x19, 718(x2)        x19:ffffff7b  x2:10000cd8  PA:10000fa6
27443270ns          489633 1c0093e6 c33ff0ef jal              x1, -974             x1=1c0093e8
27443310ns          489635 1c009018 00051803 lh               x16, 0(x10)         x16=ffffffe3 x10:10000fa4  PA:10000fa4
27443329ns          489636 1c00901c 00251883 lh               x17, 2(x10)         x17=ffffff7b x10:10000fa4  PA:10000fa6
27443349ns          489637 1c009020 030806b3 mul              x13, x16, x16       x13=00000349 x16:ffffffe3 x16:ffffffe3
27443369ns          489638 1c009024 03188633 mul              x12, x17, x17       x12=00004519 x17:ffffff7b x17:ffffff7b
27443389ns          489639 1c009028 40a65613 srai             x12, x12, 0x40a     x12=00000011 x12:00004519
27443409ns          489640 1c00902a 40a6d693 srai             x13, x13, 0x40a     x13=00000000 x13:00000349
27443429ns          489641 1c00902c 00c686b3 add              x13, x13, x12       x13=00000011 x13:00000000 x12:00000011
27443449ns          489642 1c00902e 1006c633 p.exths          x12, x13, x0        x12=00000011 x13:00000011
27443469ns          489643 1c009032 00855703 lhu              x14, 8(x10)         x14=0000ffd1 x10:10000fa4  PA:10000fac
27443488ns          489644 1c009036 00a55683 lhu              x13, 10(x10)        x13=0000ff6a x10:10000fa4  PA:10000fae
27443508ns          489645 1c00903a 02c60333 mul              x6, x12, x12         x6=00000121 x12:00000011 x12:00000011
27443528ns          489646 1c00903e 00c55783 lhu              x15, 12(x10)        x15=0000ffe5 x10:10000fa4  PA:10000fb0
27443548ns          489647 1c009042 00e55583 lhu              x11, 14(x10)        x11=00000060 x10:10000fa4  PA:10000fb2
27443568ns          489648 1c009046 dea30333 p.extract        x6, x6, 15, 10       x6=00000000  x6:00000121
27443588ns          489649 1c00904a 80c7075b p.muls           x14, x14, x12       x14=fffffce1 x14:0000ffd1 x12:00000011
27443608ns          489650 1c00904e 80c686db p.muls           x13, x13, x12       x13=fffff60a x13:0000ff6a x12:00000011
27443628ns          489651 1c009052 00455e83 lhu              x29, 4(x10)         x29=00000427 x10:10000fa4  PA:10000fa8
27443648ns          489652 1c009056 00655e03 lhu              x28, 6(x10)         x28=0000007f x10:10000fa4  PA:10000faa
27443667ns          489653 1c00905a 40a75713 srai             x14, x14, 0x40a     x14=ffffffff x14:fffffce1
27443687ns          489654 1c00905c 806787db p.muls           x15, x15, x6        x15=00000000 x15:0000ffe5  x6:00000000
27443707ns          489655 1c009060 40a6d693 srai             x13, x13, 0x40a     x13=fffffffd x13:fffff60a
27443727ns          489656 1c009062 8065865b p.muls           x12, x11, x6        x12=00000000 x11:00000060  x6:00000000
27443747ns          489657 1c009066 40a7d793 srai             x15, x15, 0x40a     x15=00000000 x15:00000000
27443767ns          489658 1c009068 40a65613 srai             x12, x12, 0x40a     x12=00000000 x12:00000000
27443787ns          489659 1c00906a 01d70733 add              x14, x14, x29       x14=00000426 x14:ffffffff x29:00000427
27443807ns          489660 1c00906c 01c686b3 add              x13, x13, x28       x13=0000007c x13:fffffffd x28:0000007f
27443827ns          489661 1c00906e 00c686b3 add              x13, x13, x12       x13=0000007c x13:0000007c x12:00000000
27443846ns          489662 1c009070 00f70733 add              x14, x14, x15       x14=00000426 x14:00000426 x15:00000000
27443866ns          489663 1c009072 100747b3 p.exths          x15, x14, x0        x15=00000426 x14:00000426
27443886ns          489664 1c009076 1006c733 p.exths          x14, x13, x0        x14=0000007c x13:0000007c
27443906ns          489665 1c00907a 03170633 mul              x12, x14, x17       x12=ffffbf94 x14:0000007c x17:ffffff7b
27443926ns          489666 1c00907e 030786b3 mul              x13, x15, x16       x13=ffff87b2 x15:00000426 x16:ffffffe3
27443946ns          489667 1c009082 03070733 mul              x14, x14, x16       x14=fffff1f4 x14:0000007c x16:ffffffe3
27443966ns          489668 1c009086 031787b3 mul              x15, x15, x17       x15=fffdd842 x15:00000426 x17:ffffff7b
27443986ns          489669 1c00908a 40a6d693 srai             x13, x13, 0x40a     x13=ffffffe1 x13:ffff87b2
27444006ns          489670 1c00908c 40a65613 srai             x12, x12, 0x40a     x12=ffffffef x12:ffffbf94
27444025ns          489671 1c00908e 40a7d793 srai             x15, x15, 0x40a     x15=ffffff76 x15:fffdd842
27444045ns          489672 1c009090 40a75713 srai             x14, x14, 0x40a     x14=fffffffc x14:fffff1f4
27444065ns          489673 1c009092 40c686b3 sub              x13, x13, x12       x13=fffffff2 x13:ffffffe1 x12:ffffffef
27444085ns          489674 1c009094 00e787b3 add              x15, x15, x14       x15=ffffff72 x15:ffffff76 x14:fffffffc
27444105ns          489675 1c009096 00d51823 sh               x13, 16(x10)        x13:fffffff2 x10:10000fa4  PA:10000fb4
27444125ns          489676 1c00909a 00f51923 sh               x15, 18(x10)        x15:ffffff72 x10:10000fa4  PA:10000fb6
27444145ns          489677 1c00909e 00008067 jalr             x0, x1, 0            x1:1c0093e8
27444185ns          489679 1c0093e8 2dc15583 lhu              x11, 732(x2)        x11=0000fff2  x2:10000cd8  PA:10000fb4
27444204ns          489680 1c0093ec 2de15783 lhu              x15, 734(x2)        x15=0000ff72  x2:10000cd8  PA:10000fb6
27444224ns          489681 1c0093f0 40b90933 sub              x18, x18, x11       x18=fffeffe7 x18:ffffffd9 x11:0000fff2
27444244ns          489682 1c0093f4 40f484b3 sub              x9, x9, x15          x9=ffff0007  x9:ffffff79 x15:0000ff72
27444264ns          489683 1c0093f6 100945b3 p.exths          x11, x18, x0        x11=ffffffe7 x18:fffeffe7
27444284ns          489684 1c0093fa 1004c7b3 p.exths          x15, x9, x0         x15=00000007  x9:ffff0007
27444304ns          489685 1c0093fe 034586b3 mul              x13, x11, x20       x13=000002d5 x11:ffffffe7 x20:ffffffe3
27444324ns          489686 1c009402 03378533 mul              x10, x15, x19       x10=fffffc5d x15:00000007 x19:ffffff7b
27444344ns          489687 1c009406 034a0633 mul              x12, x20, x20       x12=00000349 x20:ffffffe3 x20:ffffffe3
27444364ns          489688 1c00940a 03398733 mul              x14, x19, x19       x14=00004519 x19:ffffff7b x19:ffffff7b
27444383ns          489689 1c00940e 034787b3 mul              x15, x15, x20       x15=ffffff35 x15:00000007 x20:ffffffe3
27444403ns          489690 1c009412 033585b3 mul              x11, x11, x19       x11=00000cfd x11:ffffffe7 x19:ffffff7b
27444423ns          489691 1c009416 40a75713 srai             x14, x14, 0x40a     x14=00000011 x14:00004519
27444443ns          489692 1c009418 40a5d593 srai             x11, x11, 0x40a     x11=00000003 x11:00000cfd
27444463ns          489693 1c00941a 40a65613 srai             x12, x12, 0x40a     x12=00000000 x12:00000349
27444483ns          489694 1c00941c 40a7d793 srai             x15, x15, 0x40a     x15=ffffffff x15:ffffff35
27444503ns          489695 1c00941e 1c0034b7 lui              x9, 0x1c003000       x9=1c003000
27444523ns          489696 1c009422 00e60633 add              x12, x12, x14       x12=00000011 x12:00000000 x14:00000011
27444543ns          489697 1c009424 40b787b3 sub              x15, x15, x11       x15=fffffffc x15:ffffffff x11:00000003
27444562ns          489698 1c009426 eb048493 addi             x9, x9, -336         x9=1c002eb0  x9:1c003000
27444582ns          489699 1c00942a 1c0032b7 lui              x5, 0x1c003000       x5=1c003000
27444602ns          489700 1c00942e 1c0035b7 lui              x11, 0x1c003000     x11=1c003000
27444622ns          489701 1c009432 018483b3 add              x7, x9, x24          x7=1c002eb2  x9:1c002eb0 x24:00000002
27444642ns          489702 1c009436 02812e83 lw               x29, 40(x2)         x29=1c002ec2  x2:10000cd8  PA:10000d00
27444662ns          489703 1c009438 10065633 p.exthz          x12, x12, x0        x12=00000011 x12:00000011
27444682ns          489704 1c00943c e8028293 addi             x5, x5, -384         x5=1c002e80  x5:1c003000
27444702ns          489705 1c009440 ea058593 addi             x11, x11, -352      x11=1c002ea0 x11:1c003000
27444722ns          489706 1c009444 03812483 lw               x9, 56(x2)           x9=1c002ee2  x2:10000cd8  PA:10000d10
27444741ns          489707 1c009446 10064733 p.exths          x14, x12, x0        x14=00000011 x12:00000011
27444761ns          489708 1c00944a 018280b3 add              x1, x5, x24          x1=1c002e82  x5:1c002e80 x24:00000002
27444781ns          489709 1c00944e 03012f03 lw               x30, 48(x2)         x30=1c002ed2  x2:10000cd8  PA:10000d08
27444801ns          489710 1c009450 018582b3 add              x5, x11, x24         x5=1c002ea2 x11:1c002ea0 x24:00000002
27444821ns          489711 1c009454 04012583 lw               x11, 64(x2)         x11=1c002ef2  x2:10000cd8  PA:10000d18
27444841ns          489712 1c009456 000edd83 lhu              x27, 0(x29)         x27=00001d6d x29:1c002ec2  PA:1c002ec2
27445139ns          489727 1c00945a 0004d483 lhu              x9, 0(x9)            x9=000001df  x9:1c002ee2  PA:1c002ee2
27445438ns          489742 1c00945e 02e70333 mul              x6, x14, x14         x6=00000121 x14:00000011 x14:00000011
27445457ns          489743 1c009462 40a55513 srai             x10, x10, 0x40a     x10=ffffffff x10:fffffc5d
27445477ns          489744 1c009464 04812e83 lw               x29, 72(x2)         x29=1c002f02  x2:10000cd8  PA:10000d20
27445497ns          489745 1c009466 40a6d693 srai             x13, x13, 0x40a     x13=00000000 x13:000002d5
27445517ns          489746 1c009468 000f5d03 lhu              x26, 0(x30)         x26=0000065b x30:1c002ed2  PA:1c002ed2
27445855ns          489763 1c00946c 0005d583 lhu              x11, 0(x11)         x11=000000a9 x11:1c002ef2  PA:1c002ef2
27446153ns          489778 1c009470 40a35313 srai             x6, x6, 0x40a        x6=00000000  x6:00000121
27446173ns          489779 1c009474 00a686b3 add              x13, x13, x10       x13=ffffffff x13:00000000 x10:ffffffff
27446193ns          489780 1c009476 05012f03 lw               x30, 80(x2)         x30=1c002e72  x2:10000cd8  PA:10000d28
27446213ns          489781 1c009478 10034e33 p.exths          x28, x6, x0         x28=00000000  x6:00000000
27446233ns          489782 1c00947c 06911023 sh               x9, 96(x2)           x9:000001df  x2:10000cd8  PA:10000d38
27446253ns          489783 1c009480 000ede83 lhu              x29, 0(x29)         x29=00000041 x29:1c002f02  PA:1c002f02
27446571ns          489799 1c009484 05812483 lw               x9, 88(x2)           x9=1c002e62  x2:10000cd8  PA:10000d30
27446591ns          489800 1c009486 1006d6b3 p.exthz          x13, x13, x0        x13=0000ffff x13:ffffffff
27446611ns          489801 1c00948a 02ee08b3 mul              x17, x28, x14       x17=00000000 x28:00000000 x14:00000011
27446631ns          489802 1c00948e 1006c833 p.exths          x16, x13, x0        x16=ffffffff x13:0000ffff
27446651ns          489803 1c009492 06b11823 sh               x11, 112(x2)        x11:000000a9  x2:10000cd8  PA:10000d48
27446671ns          489804 1c009496 000f5f03 lhu              x30, 0(x30)         x30=0000fea2 x30:1c002e72  PA:1c002e72
27446969ns          489819 1c00949a 0a012583 lw               x11, 160(x2)        x11=1c002e92  x2:10000cd8  PA:10000d78
27446989ns          489820 1c00949c 1007d7b3 p.exthz          x15, x15, x0        x15=0000fffc x15:fffffffc
27447009ns          489821 1c0094a0 0004da03 lhu              x20, 0(x9)          x20=0000f96a  x9:1c002e62  PA:1c002e62
27447307ns          489836 1c0094a4 1007c533 p.exths          x10, x15, x0        x10=fffffffc x15:0000fffc
27447327ns          489837 1c0094a8 09d11023 sh               x29, 128(x2)        x29:00000041  x2:10000cd8  PA:10000d58
27447347ns          489838 1c0094ac 0003d483 lhu              x9, 0(x7)            x9=0000ffbd  x7:1c002eb2  PA:1c002eb2
27447665ns          489854 1c0094b0 02e80eb3 mul              x29, x16, x14       x29=ffffffef x16:ffffffff x14:00000011
27447685ns          489855 1c0094b4 40a8d893 srai             x17, x17, 0x40a     x17=00000000 x17:00000000
27447705ns          489856 1c0094b8 03c80833 mul              x16, x16, x28       x16=00000000 x16:ffffffff x28:00000000
27447725ns          489857 1c0094bc 09e11823 sh               x30, 144(x2)        x30:0000fea2  x2:10000cd8  PA:10000d68
27447745ns          489858 1c0094c0 0005d983 lhu              x19, 0(x11)         x19=0000ff7e x11:1c002e92  PA:1c002e92
27448063ns          489874 1c0094c4 81c88f5b p.muls           x30, x17, x28       x30=00000000 x17:00000000 x28:00000000
27448083ns          489875 1c0094c8 0002d583 lhu              x11, 0(x5)          x11=0000ff56  x5:1c002ea2  PA:1c002ea2
27448401ns          489891 1c0094cc 03ce0fb3 mul              x31, x28, x28       x31=00000000 x28:00000000 x28:00000000
27448421ns          489892 1c0094d0 02e50733 mul              x14, x10, x14       x14=ffffffbc x10:fffffffc x14:00000011
27448441ns          489893 1c0094d4 40a85813 srai             x16, x16, 0x40a     x16=00000000 x16:00000000
27448460ns          489894 1c0094d8 03c50533 mul              x10, x10, x28       x10=00000000 x10:fffffffc x28:00000000
27448480ns          489895 1c0094dc 07015e03 lhu              x28, 112(x2)        x28=000000a9  x2:10000cd8  PA:10000d48
27448500ns          489896 1c0094e0 01b60633 add              x12, x12, x27       x12=00001d7e x12:00000011 x27:00001d6d
27448520ns          489897 1c0094e2 00980833 add              x16, x16, x9        x16=0000ffbd x16:00000000  x9:0000ffbd
27448540ns          489898 1c0094e4 06015d83 lhu              x27, 96(x2)         x27=000001df  x2:10000cd8  PA:10000d38
27448560ns          489899 1c0094e8 02812483 lw               x9, 40(x2)           x9=1c002ec2  x2:10000cd8  PA:10000d00
27448580ns          489900 1c0094ea 40afdf93 srai             x31, x31, 0x40a     x31=00000000 x31:00000000
27448600ns          489901 1c0094ee 40a55513 srai             x10, x10, 0x40a     x10=00000000 x10:00000000
27448620ns          489902 1c0094f0 01cf8fb3 add              x31, x31, x28       x31=000000a9 x31:00000000 x28:000000a9
27448639ns          489903 1c0094f2 00b50533 add              x10, x10, x11       x10=0000ff56 x10:00000000 x11:0000ff56
27448659ns          489904 1c0094f4 09015e03 lhu              x28, 144(x2)        x28=0000fea2  x2:10000cd8  PA:10000d68
27448679ns          489905 1c0094f8 03012583 lw               x11, 48(x2)         x11=1c002ed2  x2:10000cd8  PA:10000d08
27448699ns          489906 1c0094fa 00c49023 sh               x12, 0(x9)          x12:00001d7e  x9:1c002ec2  PA:1c002ec2
27449037ns          489923 1c0094fe 01b888b3 add              x17, x17, x27       x17=000001df x17:00000000 x27:000001df
27449057ns          489924 1c009500 01a30333 add              x6, x6, x26          x6=0000065b  x6:00000000 x26:0000065b
27449077ns          489925 1c009502 08015d83 lhu              x27, 128(x2)        x27=00000041  x2:10000cd8  PA:10000d58
27449097ns          489926 1c009506 0000d903 lhu              x18, 0(x1)          x18=0000fe41  x1:1c002e82  PA:1c002e82
27449395ns          489941 1c00950a 01c686b3 add              x13, x13, x28       x13=0001fea1 x13:0000ffff x28:0000fea2
27449415ns          489942 1c00950c 00659023 sh               x6, 0(x11)           x6:0000065b x11:1c002ed2  PA:1c002ed2
27449753ns          489959 1c009510 40af5f13 srai             x30, x30, 0x40a     x30=00000000 x30:00000000
27449773ns          489960 1c009514 04812e03 lw               x28, 72(x2)         x28=1c002f02  x2:10000cd8  PA:10000d20
27449793ns          489961 1c009516 01bf0f33 add              x30, x30, x27       x30=00000041 x30:00000000 x27:00000041
27449813ns          489962 1c009518 40aede93 srai             x29, x29, 0x40a     x29=ffffffff x29:ffffffef
27449833ns          489963 1c00951c 40a75713 srai             x14, x14, 0x40a     x14=ffffffff x14:ffffffbc
27449853ns          489964 1c00951e 03812603 lw               x12, 56(x2)         x12=1c002ee2  x2:10000cd8  PA:10000d10
27449873ns          489965 1c009520 04012d83 lw               x27, 64(x2)         x27=1c002ef2  x2:10000cd8  PA:10000d18
27449892ns          489966 1c009522 01ee1023 sh               x30, 0(x28)         x30:00000041 x28:1c002f02  PA:1c002f02
27450211ns          489982 1c009526 05812483 lw               x9, 88(x2)           x9=1c002e62  x2:10000cd8  PA:10000d30
27450231ns          489983 1c009528 05012f03 lw               x30, 80(x2)         x30=1c002e72  x2:10000cd8  PA:10000d28
27450250ns          489984 1c00952a 0a012583 lw               x11, 160(x2)        x11=1c002e92  x2:10000cd8  PA:10000d78
27450270ns          489985 1c00952c 014787b3 add              x15, x15, x20       x15=0001f966 x15:0000fffc x20:0000f96a
27450290ns          489986 1c00952e 013e8eb3 add              x29, x29, x19       x29=0000ff7d x29:ffffffff x19:0000ff7e
27450310ns          489987 1c009530 01270733 add              x14, x14, x18       x14=0000fe40 x14:ffffffff x18:0000fe41
27450330ns          489988 1c009532 00f49023 sh               x15, 0(x9)          x15:0001f966  x9:1c002e62  PA:1c002e62
27450648ns          490004 1c009536 01161023 sh               x17, 0(x12)         x17:000001df x12:1c002ee2  PA:1c002ee2
27450966ns          490020 1c00953a 01fd9023 sh               x31, 0(x27)         x31:000000a9 x27:1c002ef2  PA:1c002ef2
27451285ns          490036 1c00953e 00df1023 sh               x13, 0(x30)         x13:0001fea1 x30:1c002e72  PA:1c002e72
27451603ns          490052 1c009542 01d59023 sh               x29, 0(x11)         x29:0000ff7d x11:1c002e92  PA:1c002e92
27451921ns          490068 1c009546 00e09023 sh               x14, 0(x1)          x14:0000fe40  x1:1c002e82  PA:1c002e82
27452239ns          490084 1c00954a 01039023 sh               x16, 0(x7)          x16:0000ffbd  x7:1c002eb2  PA:1c002eb2
27452557ns          490100 1c00954e 00a29023 sh               x10, 0(x5)          x10:0000ff56  x5:1c002ea2  PA:1c002ea2
27452896ns          490117 1c009552 008b0b13 addi             x22, x22, 8         x22=000001f9 x22:000001f1
27452915ns          490118 1c009554 1f300793 addi             x15, x0, 499        x15=000001f3
27452935ns          490119 1c009558 e767dae3 bge              x15, x22, -396      x15:000001f3 x22:000001f9
27452955ns          490120 1c00955c 790020ef jal              x1, 10128            x1=1c009560
27453035ns          490124 1c00bcec f14027f3 csrrs            x15, x0, 0xf14      x15=00000001
27453114ns          490128 1c00bcf0 01f00713 addi             x14, x0, 31         x14=0000001f
27453154ns          490130 1c00bcf2 ca5797b3 p.extractu       x15, x15, 5, 5      x15=00000000 x15:00000001
27453174ns          490131 1c00bcf6 00e78863 beq              x15, x14, 16        x15:00000000 x14:0000001f
27453194ns          490132 1c00bcfa 002047b7 lui              x15, 0x204000       x15=00204000
27453254ns          490135 1c00bcfe 20078793 addi             x15, x15, 512       x15=00204200 x15:00204000
27453293ns          490137 1c00bd02 01c7e703 p.elw            x14, 28(x15)        x14=00010000 x15:00204200  PA:0020421c
27453413ns          490143 1c00bd06 00008067 jalr             x0, x1, 0            x1:1c009560
27453452ns          490145 1c009560 0ac12683 lw               x13, 172(x2)        x13=00000001  x2:10000cd8  PA:10000d84
27453611ns          490153 1c009562 28069ce3 bne              x13, x0, 2712       x13:00000001
27454705ns          490208 1c009ffa 4f3010ef jal              x1, 7410             x1=1c009ffe
27455242ns          490235 1c00bcec f14027f3 csrrs            x15, x0, 0xf14      x15=00000001
27455262ns          490236 1c00bcf0 01f00713 addi             x14, x0, 31         x14=0000001f
27455282ns          490237 1c00bcf2 ca5797b3 p.extractu       x15, x15, 5, 5      x15=00000000 x15:00000001
27455302ns          490238 1c00bcf6 00e78863 beq              x15, x14, 16        x15:00000000 x14:0000001f
27455322ns          490239 1c00bcfa 002047b7 lui              x15, 0x204000       x15=00204000
27455382ns          490242 1c00bcfe 20078793 addi             x15, x15, 512       x15=00204200 x15:00204000
27455421ns          490244 1c00bd02 01c7e703 p.elw            x14, 28(x15)        x14=00010000 x15:00204200  PA:0020421c
31727660ns          703650 1c00bd06 00008067 jalr             x0, x1, 0            x1:1c009ffe
31727700ns          703652 1c009ffe 00000493 addi             x9, x0, 0            x9=00000000
31727780ns          703656 1c00a000 4ed010ef jal              x1, 7404             x1=1c00a004
31727820ns          703658 1c00bcec f14027f3 csrrs            x15, x0, 0xf14      x15=00000001
31727840ns          703659 1c00bcf0 01f00713 addi             x14, x0, 31         x14=0000001f
31727860ns          703660 1c00bcf2 ca5797b3 p.extractu       x15, x15, 5, 5      x15=00000000 x15:00000001
31727880ns          703661 1c00bcf6 00e78863 beq              x15, x14, 16        x15:00000000 x14:0000001f
31727900ns          703662 1c00bcfa 002047b7 lui              x15, 0x204000       x15=00204000
31727920ns          703663 1c00bcfe 20078793 addi             x15, x15, 512       x15=00204200 x15:00204000
31727941ns          703664 1c00bd02 01c7e703 p.elw            x14, 28(x15)        x14=00010000 x15:00204200  PA:0020421c
31728402ns          703687 1c00bd06 00008067 jalr             x0, x1, 0            x1:1c00a004
31728442ns          703689 1c00a004 a4aff06f jal              x0, -3510          
31729445ns          703739 1c00924e 31c12083 lw               x1, 796(x2)          x1=1c00bbd0  x2:10000cd8  PA:10000ff4
31729485ns          703741 1c009252 31812403 lw               x8, 792(x2)          x8=xxxxxxxx  x2:10000cd8  PA:10000ff0
31729506ns          703742 1c009256 00900533 add              x10, x0, x9         x10=00000000  x9:00000000
31729526ns          703743 1c009258 31012903 lw               x18, 784(x2)        x18=xxxxxxxx  x2:10000cd8  PA:10000fe8
31729546ns          703744 1c00925c 31412483 lw               x9, 788(x2)          x9=xxxxxxxx  x2:10000cd8  PA:10000fec
31730067ns          703770 1c009260 30c12983 lw               x19, 780(x2)        x19=xxxxxxxx  x2:10000cd8  PA:10000fe4
31730107ns          703772 1c009264 30812a03 lw               x20, 776(x2)        x20=xxxxxxxx  x2:10000cd8  PA:10000fe0
31730128ns          703773 1c009268 30412a83 lw               x21, 772(x2)        x21=xxxxxxxx  x2:10000cd8  PA:10000fdc
31730148ns          703774 1c00926c 30012b03 lw               x22, 768(x2)        x22=xxxxxxxx  x2:10000cd8  PA:10000fd8
31730549ns          703794 1c009270 2fc12b83 lw               x23, 764(x2)        x23=xxxxxxxx  x2:10000cd8  PA:10000fd4
31730589ns          703796 1c009274 2f812c03 lw               x24, 760(x2)        x24=xxxxxxxx  x2:10000cd8  PA:10000fd0
31730609ns          703797 1c009278 2f412c83 lw               x25, 756(x2)        x25=xxxxxxxx  x2:10000cd8  PA:10000fcc
31730629ns          703798 1c00927c 2f012d03 lw               x26, 752(x2)        x26=xxxxxxxx  x2:10000cd8  PA:10000fc8
31731050ns          703819 1c009280 2ec12d83 lw               x27, 748(x2)        x27=xxxxxxxx  x2:10000cd8  PA:10000fc4
31731091ns          703821 1c009284 32010113 addi             x2, x2, 800          x2=10000ff8  x2:10000cd8
31731111ns          703822 1c009288 00008067 jalr             x0, x1, 0            x1:1c00bbd0
31731532ns          703843 1c00bbd0 f14027f3 csrrs            x15, x0, 0xf14      x15=00000001
31731572ns          703845 1c00bbd4 f457b7b3 p.bclr           x15, x15, 26, 5     x15=00000001 x15:00000001
31731592ns          703846 1c00bbd8 00079963 bne              x15, x0, 18         x15:00000001
31732214ns          703877 1c00bbea 002047b7 lui              x15, 0x204000       x15=00204000
31732615ns          703897 1c00bbee 00478713 addi             x14, x15, 4         x14=00204004 x15:00204000
31732636ns          703898 1c00bbf2 fff00693 addi             x13, x0, -1         x13=ffffffff
31732656ns          703899 1c00bbf4 00d72023 sw               x13, 0(x14)         x13:ffffffff x14:00204004  PA:00204004
