                Time          Cycles PC       Instr    Mnemonic
26618713ns          448173 1c008080 0640006f jal              x0, 100            
26619171ns          448196 1c0080e4 f1402573 csrrs            x10, x0, 0xf14      x10=00000005
26619210ns          448198 1c0080e8 01f57593 andi             x11, x10, 31        x11=00000005 x10:00000005
26619230ns          448199 1c0080ec 00555513 srli             x10, x10, 0x5       x10=00000000 x10:00000005
26619250ns          448200 1c0080ee 01f00613 addi             x12, x0, 31         x12=0000001f
26619668ns          448221 1c0080f0 00c50463 beq              x10, x12, 8         x10:00000000 x12:0000001f
26619708ns          448223 1c0080f4 fa1ff06f jal              x0, -96            
26620165ns          448246 1c008094 f3ff8117 auipc            x2, 0xf3ff8000       x2=10000094
26620205ns          448248 1c008098 f7010113 addi             x2, x2, -144         x2=10000004  x2:10000094
26620225ns          448249 1c00809c 00012103 lw               x2, 0(x2)            x2=10000008  x2:10000004  PA:10000004
26620662ns          448271 1c0080a0 000011b7 lui              x3, 0x1000           x3=00001000
26620702ns          448273 1c0080a4 80018193 addi             x3, x3, -2048        x3=00000800  x3:00001000
26620722ns          448274 1c0080a8 00158593 addi             x11, x11, 1         x11=00000006 x11:00000005
26620742ns          448275 1c0080ac 02b180b3 mul              x1, x3, x11          x1=00003000  x3:00000800 x11:00000006
26621179ns          448297 1c0080b0 00110133 add              x2, x2, x1           x2=10003008  x2:10000008  x1:00003000
26621219ns          448299 1c0080b4 2f10306f jal              x0, 15088          
26621696ns          448323 1c00bba4 002047b7 lui              x15, 0x204000       x15=00204000
26621736ns          448325 1c00bba8 ff010113 addi             x2, x2, -16          x2=10002ff8  x2:10003008
26621756ns          448326 1c00bbaa 00112623 sw               x1, 12(x2)           x1:00003000  x2:10002ff8  PA:10003004
26621776ns          448327 1c00bbac 00878713 addi             x14, x15, 8         x14=00204008 x15:00204000
26622194ns          448348 1c00bbb0 000706b7 lui              x13, 0x70000        x13=00070000
26622233ns          448350 1c00bbb4 00d72023 sw               x13, 0(x14)         x13:00070000 x14:00204008  PA:00204008
26622253ns          448351 1c00bbb6 20078693 addi             x13, x15, 512       x13=00204200 x15:00204000
26622273ns          448352 1c00bbba 0ff00713 addi             x14, x0, 255        x14=000000ff
26622293ns          448353 1c00bbbe 00e6a023 sw               x14, 0(x13)         x14:000000ff x13:00204200  PA:00204200
26622711ns          448374 1c00bbc0 20c78793 addi             x15, x15, 524       x15=0020420c x15:00204000
26622751ns          448376 1c00bbc4 00e7a023 sw               x14, 0(x15)         x14:000000ff x15:0020420c  PA:0020420c
26622770ns          448377 1c00bbc6 1c0037b7 lui              x15, 0x1c003000     x15=1c003000
26622790ns          448378 1c00bbca f447a783 lw               x15, -188(x15)      x15=1c009204 x15:1c003000  PA:1c002f44
26623228ns          448400 1c00bbce 000780e7 jalr             x1, x15, 0           x1=1c00bbd0 x15:1c009204
26623725ns          448425 1c009204 ce010113 addi             x2, x2, -800         x2=10002cd8  x2:10002ff8
26623765ns          448427 1c009208 f14027f3 csrrs            x15, x0, 0xf14      x15=00000005
26623785ns          448428 1c00920c 30112e23 sw               x1, 796(x2)          x1:1c00bbd0  x2:10002cd8  PA:10002ff4
26624242ns          448451 1c009210 30812c23 sw               x8, 792(x2)          x8:xxxxxxxx  x2:10002cd8  PA:10002ff0
26624282ns          448453 1c009214 30912a23 sw               x9, 788(x2)          x9:xxxxxxxx  x2:10002cd8  PA:10002fec
26624302ns          448454 1c009218 31212823 sw               x18, 784(x2)        x18:xxxxxxxx  x2:10002cd8  PA:10002fe8
26624322ns          448455 1c00921c 31312623 sw               x19, 780(x2)        x19:xxxxxxxx  x2:10002cd8  PA:10002fe4
26624759ns          448477 1c009220 31412423 sw               x20, 776(x2)        x20:xxxxxxxx  x2:10002cd8  PA:10002fe0
26624799ns          448479 1c009224 31512223 sw               x21, 772(x2)        x21:xxxxxxxx  x2:10002cd8  PA:10002fdc
26624819ns          448480 1c009228 31612023 sw               x22, 768(x2)        x22:xxxxxxxx  x2:10002cd8  PA:10002fd8
26624839ns          448481 1c00922c 2f712e23 sw               x23, 764(x2)        x23:xxxxxxxx  x2:10002cd8  PA:10002fd4
26625276ns          448503 1c009230 2f812c23 sw               x24, 760(x2)        x24:xxxxxxxx  x2:10002cd8  PA:10002fd0
26625316ns          448505 1c009234 2f912a23 sw               x25, 756(x2)        x25:xxxxxxxx  x2:10002cd8  PA:10002fcc
26625336ns          448506 1c009238 2fa12823 sw               x26, 752(x2)        x26:xxxxxxxx  x2:10002cd8  PA:10002fc8
26625356ns          448507 1c00923c 2fb12623 sw               x27, 748(x2)        x27:xxxxxxxx  x2:10002cd8  PA:10002fc4
26625793ns          448529 1c009240 ca579733 p.extractu       x14, x15, 5, 5      x14=00000000 x15:00000005
26625833ns          448531 1c009244 04070363 beq              x14, x0, 70         x14:00000000
26626350ns          448557 1c00928a f457b7b3 p.bclr           x15, x15, 26, 5     x15=00000005 x15:00000005
26626788ns          448579 1c00928e 1c000537 lui              x10, 0x1c000000     x10=1c000000
26626808ns          448580 1c009292 00f005b3 add              x11, x0, x15        x11=00000005 x15:00000005
26626828ns          448581 1c009294 00800613 addi             x12, x0, 8          x12=00000008
26626847ns          448582 1c009296 07050513 addi             x10, x10, 112       x10=1c000070 x10:1c000000
26626867ns          448583 1c00929a 0af12623 sw               x15, 172(x2)        x15:00000005  x2:10002cd8  PA:10002d84
26626887ns          448584 1c00929c 7c0010ef jal              x1, 6080             x1=1c0092a0
26627762ns          448628 1c00aa5c fc010113 addi             x2, x2, -64          x2=10002c98  x2:10002cd8
26628240ns          448652 1c00aa5e 02410313 addi             x6, x2, 36           x6=10002cbc  x2:10002c98
26628259ns          448653 1c00aa62 02c12423 sw               x12, 40(x2)         x12:00000008  x2:10002c98  PA:10002cc0
26628279ns          448654 1c00aa64 00a00633 add              x12, x0, x10        x12=1c000070 x10:1c000070
26628299ns          448655 1c00aa66 1c00b537 lui              x10, 0x1c00b000     x10=1c00b000
26628319ns          448656 1c00aa6a 02b12223 sw               x11, 36(x2)         x11:00000005  x2:10002c98  PA:10002cbc
26628339ns          448657 1c00aa6c 02d12623 sw               x13, 44(x2)         x13:00204200  x2:10002c98  PA:10002cc4
26628359ns          448658 1c00aa6e 00200593 addi             x11, x0, 2          x11=00000002
26628757ns          448678 1c00aa70 006006b3 add              x13, x0, x6         x13=10002cbc  x6:10002cbc
26628796ns          448680 1c00aa72 a1850513 addi             x10, x10, -1512     x10=1c00aa18 x10:1c00b000
26628816ns          448681 1c00aa76 00112e23 sw               x1, 28(x2)           x1:1c0092a0  x2:10002c98  PA:10002cb4
26628836ns          448682 1c00aa78 02e12823 sw               x14, 48(x2)         x14:00000000  x2:10002c98  PA:10002cc8
26628856ns          448683 1c00aa7a 02f12a23 sw               x15, 52(x2)         x15:00000005  x2:10002c98  PA:10002ccc
26628876ns          448684 1c00aa7c 03012c23 sw               x16, 56(x2)         x16:xxxxxxxx  x2:10002c98  PA:10002cd0
26628896ns          448685 1c00aa7e 03112e23 sw               x17, 60(x2)         x17:xxxxxxxx  x2:10002c98  PA:10002cd4
26629274ns          448704 1c00aa80 00612623 sw               x6, 12(x2)           x6:10002cbc  x2:10002c98  PA:10002ca4
26629294ns          448705 1c00aa82 fbfff0ef jal              x1, -66              x1=1c00aa84
26629751ns          448728 1c00aa40 04a0006f jal              x0, 74             
26629791ns          448730 1c00aa8a ed010113 addi             x2, x2, -304         x2=10002b68  x2:10002c98
26629811ns          448731 1c00aa8c 12812423 sw               x8, 296(x2)          x8:xxxxxxxx  x2:10002b68  PA:10002c90
26630248ns          448753 1c00aa90 00000413 addi             x8, x0, 0            x8=00000000
26630288ns          448755 1c00aa92 11612823 sw               x22, 272(x2)        x22:xxxxxxxx  x2:10002b68  PA:10002c78
26630308ns          448756 1c00aa96 11712623 sw               x23, 268(x2)        x23:xxxxxxxx  x2:10002b68  PA:10002c74
26630328ns          448757 1c00aa9a 11812423 sw               x24, 264(x2)        x24:xxxxxxxx  x2:10002b68  PA:10002c70
26630765ns          448779 1c00aa9e 11912223 sw               x25, 260(x2)        x25:xxxxxxxx  x2:10002b68  PA:10002c6c
26630805ns          448781 1c00aaa2 11a12023 sw               x26, 256(x2)        x26:xxxxxxxx  x2:10002b68  PA:10002c68
26630825ns          448782 1c00aaa6 0fb12e23 sw               x27, 252(x2)        x27:xxxxxxxx  x2:10002b68  PA:10002c64
26630845ns          448783 1c00aaa8 12112623 sw               x1, 300(x2)          x1:1c00aa84  x2:10002b68  PA:10002c94
26630865ns          448784 1c00aaac 00800db3 add              x27, x0, x8         x27=00000000  x8:00000000
26631282ns          448805 1c00aaae 12912223 sw               x9, 292(x2)          x9:xxxxxxxx  x2:10002b68  PA:10002c8c
26631322ns          448807 1c00aab2 13212023 sw               x18, 288(x2)        x18:xxxxxxxx  x2:10002b68  PA:10002c88
26631342ns          448808 1c00aab6 11312e23 sw               x19, 284(x2)        x19:xxxxxxxx  x2:10002b68  PA:10002c84
26631362ns          448809 1c00aaba 11412c23 sw               x20, 280(x2)        x20:xxxxxxxx  x2:10002b68  PA:10002c80
26631800ns          448831 1c00aabe 11512a23 sw               x21, 276(x2)        x21:xxxxxxxx  x2:10002b68  PA:10002c7c
26631819ns          448832 1c00aac2 00a00b33 add              x22, x0, x10        x22=1c00aa18 x10:1c00aa18
26631839ns          448833 1c00aac4 00b00d33 add              x26, x0, x11        x26=00000002 x11:00000002
26631859ns          448834 1c00aac6 00d00c33 add              x24, x0, x13        x24=10002cbc x13:10002cbc
26631879ns          448835 1c00aac8 1c000bb7 lui              x23, 0x1c000000     x23=1c000000
26631899ns          448836 1c00aacc 02410c93 addi             x25, x2, 36         x25=10002b8c  x2:10002b68
26632337ns          448858 1c00aad0 00c00433 add              x8, x0, x12          x8=1c000070 x12:1c000070
26632376ns          448860 1c00aad2 00044503 lbu              x10, 0(x8)          x10=00000043  x8:1c000070  PA:1c000070
26632794ns          448881 1c00aad6 00140413 addi             x8, x8, 1            x8=1c000071  x8:1c000070
26632814ns          448882 1c00aad8 00050e63 beq              x10, x0, 28         x10:00000043
26632834ns          448883 1c00aada 02500793 addi             x15, x0, 37         x15=00000025
26632874ns          448885 1c00aade 04f50863 beq              x10, x15, 80        x10:00000043 x15:00000025
26632893ns          448886 1c00aae2 01a005b3 add              x11, x0, x26        x11=00000002 x26:00000002
26632913ns          448887 1c00aae4 000b00e7 jalr             x1, x22, 0           x1=1c00aae6 x22:1c00aa18
26633371ns          448910 1c00aa18 000026b7 lui              x13, 0x2000         x13=00002000
26633410ns          448912 1c00aa1a f14027f3 csrrs            x15, x0, 0xf14      x15=00000005
26633848ns          448934 1c00aa1e f8068693 addi             x13, x13, -128      x13=00001f80 x13:00002000
26633888ns          448936 1c00aa22 00379713 slli             x14, x15, 0x3       x14=00000028 x15:00000005
26633908ns          448937 1c00aa26 00279793 slli             x15, x15, 0x2       x15=00000014 x15:00000005
26633928ns          448938 1c00aa28 00d7f7b3 and              x15, x15, x13       x15=00000000 x15:00000014 x13:00001f80
26633947ns          448939 1c00aa2a ee873733 p.bclr           x14, x14, 23, 8     x14=00000028 x14:00000028
26634365ns          448960 1c00aa2e 1a10f6b7 lui              x13, 0x1a10f000     x13=1a10f000
26634405ns          448962 1c00aa32 0ff57513 andi             x10, x10, 255       x10=00000043 x10:00000043
26634425ns          448963 1c00aa36 00d70733 add              x14, x14, x13       x14=1a10f028 x14:00000028 x13:1a10f000
26634445ns          448964 1c00aa38 00a7e723 p.sw             x10, x0(x15)        x10:00000043 x15:00000000  PA:1a10f028
26635041ns          448994 1c00aa3c 00000513 addi             x10, x0, 0          x10=00000000
26635061ns          448995 1c00aa3e 00008067 jalr             x0, x1, 0            x1:1c00aae6
26635121ns          448998 1c00aae6 25f52163 p.beqimm         x10, 578            x10:00000000
26635141ns          448999 1c00aaea 001d8d93 addi             x27, x27, 1         x27=00000001 x27:00000000
26635161ns          449000 1c00aaec 00044503 lbu              x10, 0(x8)          x10=0000006f  x8:1c000071  PA:1c000071
26635479ns          449016 1c00aaf0 00140413 addi             x8, x8, 1            x8=1c000072  x8:1c000071
26635499ns          449017 1c00aaf2 fe0514e3 bne              x10, x0, -24        x10:0000006f
26635578ns          449021 1c00aada 02500793 addi             x15, x0, 37         x15=00000025
26635598ns          449022 1c00aade 04f50863 beq              x10, x15, 80        x10:0000006f x15:00000025
26635618ns          449023 1c00aae2 01a005b3 add              x11, x0, x26        x11=00000002 x26:00000002
26635638ns          449024 1c00aae4 000b00e7 jalr             x1, x22, 0           x1=1c00aae6 x22:1c00aa18
26635678ns          449026 1c00aa18 000026b7 lui              x13, 0x2000         x13=00002000
26635698ns          449027 1c00aa1a f14027f3 csrrs            x15, x0, 0xf14      x15=00000005
26635717ns          449028 1c00aa1e f8068693 addi             x13, x13, -128      x13=00001f80 x13:00002000
26635737ns          449029 1c00aa22 00379713 slli             x14, x15, 0x3       x14=00000028 x15:00000005
26635757ns          449030 1c00aa26 00279793 slli             x15, x15, 0x2       x15=00000014 x15:00000005
26635777ns          449031 1c00aa28 00d7f7b3 and              x15, x15, x13       x15=00000000 x15:00000014 x13:00001f80
26635797ns          449032 1c00aa2a ee873733 p.bclr           x14, x14, 23, 8     x14=00000028 x14:00000028
26635817ns          449033 1c00aa2e 1a10f6b7 lui              x13, 0x1a10f000     x13=1a10f000
26635837ns          449034 1c00aa32 0ff57513 andi             x10, x10, 255       x10=0000006f x10:0000006f
26635857ns          449035 1c00aa36 00d70733 add              x14, x14, x13       x14=1a10f028 x14:00000028 x13:1a10f000
26635877ns          449036 1c00aa38 00a7e723 p.sw             x10, x0(x15)        x10:0000006f x15:00000000  PA:1a10f028
26636254ns          449055 1c00aa3c 00000513 addi             x10, x0, 0          x10=00000000
26636274ns          449056 1c00aa3e 00008067 jalr             x0, x1, 0            x1:1c00aae6
26636334ns          449059 1c00aae6 25f52163 p.beqimm         x10, 578            x10:00000000
26636354ns          449060 1c00aaea 001d8d93 addi             x27, x27, 1         x27=00000002 x27:00000001
26636374ns          449061 1c00aaec 00044503 lbu              x10, 0(x8)          x10=00000072  x8:1c000072  PA:1c000072
26636672ns          449076 1c00aaf0 00140413 addi             x8, x8, 1            x8=1c000073  x8:1c000072
26636692ns          449077 1c00aaf2 fe0514e3 bne              x10, x0, -24        x10:00000072
26636772ns          449081 1c00aada 02500793 addi             x15, x0, 37         x15=00000025
26636791ns          449082 1c00aade 04f50863 beq              x10, x15, 80        x10:00000072 x15:00000025
26636811ns          449083 1c00aae2 01a005b3 add              x11, x0, x26        x11=00000002 x26:00000002
26636831ns          449084 1c00aae4 000b00e7 jalr             x1, x22, 0           x1=1c00aae6 x22:1c00aa18
26636871ns          449086 1c00aa18 000026b7 lui              x13, 0x2000         x13=00002000
26636891ns          449087 1c00aa1a f14027f3 csrrs            x15, x0, 0xf14      x15=00000005
26636911ns          449088 1c00aa1e f8068693 addi             x13, x13, -128      x13=00001f80 x13:00002000
26636931ns          449089 1c00aa22 00379713 slli             x14, x15, 0x3       x14=00000028 x15:00000005
26636951ns          449090 1c00aa26 00279793 slli             x15, x15, 0x2       x15=00000014 x15:00000005
26636970ns          449091 1c00aa28 00d7f7b3 and              x15, x15, x13       x15=00000000 x15:00000014 x13:00001f80
26636990ns          449092 1c00aa2a ee873733 p.bclr           x14, x14, 23, 8     x14=00000028 x14:00000028
26637010ns          449093 1c00aa2e 1a10f6b7 lui              x13, 0x1a10f000     x13=1a10f000
26637030ns          449094 1c00aa32 0ff57513 andi             x10, x10, 255       x10=00000072 x10:00000072
26637050ns          449095 1c00aa36 00d70733 add              x14, x14, x13       x14=1a10f028 x14:00000028 x13:1a10f000
26637070ns          449096 1c00aa38 00a7e723 p.sw             x10, x0(x15)        x10:00000072 x15:00000000  PA:1a10f028
26637408ns          449113 1c00aa3c 00000513 addi             x10, x0, 0          x10=00000000
26637428ns          449114 1c00aa3e 00008067 jalr             x0, x1, 0            x1:1c00aae6
26637488ns          449117 1c00aae6 25f52163 p.beqimm         x10, 578            x10:00000000
26637507ns          449118 1c00aaea 001d8d93 addi             x27, x27, 1         x27=00000003 x27:00000002
26637527ns          449119 1c00aaec 00044503 lbu              x10, 0(x8)          x10=00000065  x8:1c000073  PA:1c000073
26637826ns          449134 1c00aaf0 00140413 addi             x8, x8, 1            x8=1c000074  x8:1c000073
26637846ns          449135 1c00aaf2 fe0514e3 bne              x10, x0, -24        x10:00000065
26637925ns          449139 1c00aada 02500793 addi             x15, x0, 37         x15=00000025
26637945ns          449140 1c00aade 04f50863 beq              x10, x15, 80        x10:00000065 x15:00000025
26637965ns          449141 1c00aae2 01a005b3 add              x11, x0, x26        x11=00000002 x26:00000002
26637985ns          449142 1c00aae4 000b00e7 jalr             x1, x22, 0           x1=1c00aae6 x22:1c00aa18
26638024ns          449144 1c00aa18 000026b7 lui              x13, 0x2000         x13=00002000
26638044ns          449145 1c00aa1a f14027f3 csrrs            x15, x0, 0xf14      x15=00000005
26638064ns          449146 1c00aa1e f8068693 addi             x13, x13, -128      x13=00001f80 x13:00002000
26638084ns          449147 1c00aa22 00379713 slli             x14, x15, 0x3       x14=00000028 x15:00000005
26638104ns          449148 1c00aa26 00279793 slli             x15, x15, 0x2       x15=00000014 x15:00000005
26638124ns          449149 1c00aa28 00d7f7b3 and              x15, x15, x13       x15=00000000 x15:00000014 x13:00001f80
26638144ns          449150 1c00aa2a ee873733 p.bclr           x14, x14, 23, 8     x14=00000028 x14:00000028
26638164ns          449151 1c00aa2e 1a10f6b7 lui              x13, 0x1a10f000     x13=1a10f000
26638184ns          449152 1c00aa32 0ff57513 andi             x10, x10, 255       x10=00000065 x10:00000065
26638203ns          449153 1c00aa36 00d70733 add              x14, x14, x13       x14=1a10f028 x14:00000028 x13:1a10f000
26638223ns          449154 1c00aa38 00a7e723 p.sw             x10, x0(x15)        x10:00000065 x15:00000000  PA:1a10f028
26638542ns          449170 1c00aa3c 00000513 addi             x10, x0, 0          x10=00000000
26638561ns          449171 1c00aa3e 00008067 jalr             x0, x1, 0            x1:1c00aae6
26638621ns          449174 1c00aae6 25f52163 p.beqimm         x10, 578            x10:00000000
26638641ns          449175 1c00aaea 001d8d93 addi             x27, x27, 1         x27=00000004 x27:00000003
26638661ns          449176 1c00aaec 00044503 lbu              x10, 0(x8)          x10=00000020  x8:1c000074  PA:1c000074
26638959ns          449191 1c00aaf0 00140413 addi             x8, x8, 1            x8=1c000075  x8:1c000074
26638979ns          449192 1c00aaf2 fe0514e3 bne              x10, x0, -24        x10:00000020
26639059ns          449196 1c00aada 02500793 addi             x15, x0, 37         x15=00000025
26639079ns          449197 1c00aade 04f50863 beq              x10, x15, 80        x10:00000020 x15:00000025
26639098ns          449198 1c00aae2 01a005b3 add              x11, x0, x26        x11=00000002 x26:00000002
26639118ns          449199 1c00aae4 000b00e7 jalr             x1, x22, 0           x1=1c00aae6 x22:1c00aa18
26639158ns          449201 1c00aa18 000026b7 lui              x13, 0x2000         x13=00002000
26639178ns          449202 1c00aa1a f14027f3 csrrs            x15, x0, 0xf14      x15=00000005
26639198ns          449203 1c00aa1e f8068693 addi             x13, x13, -128      x13=00001f80 x13:00002000
26639218ns          449204 1c00aa22 00379713 slli             x14, x15, 0x3       x14=00000028 x15:00000005
26639238ns          449205 1c00aa26 00279793 slli             x15, x15, 0x2       x15=00000014 x15:00000005
26639258ns          449206 1c00aa28 00d7f7b3 and              x15, x15, x13       x15=00000000 x15:00000014 x13:00001f80
26639277ns          449207 1c00aa2a ee873733 p.bclr           x14, x14, 23, 8     x14=00000028 x14:00000028
26639297ns          449208 1c00aa2e 1a10f6b7 lui              x13, 0x1a10f000     x13=1a10f000
26639317ns          449209 1c00aa32 0ff57513 andi             x10, x10, 255       x10=00000020 x10:00000020
26639337ns          449210 1c00aa36 00d70733 add              x14, x14, x13       x14=1a10f028 x14:00000028 x13:1a10f000
26639357ns          449211 1c00aa38 00a7e723 p.sw             x10, x0(x15)        x10:00000020 x15:00000000  PA:1a10f028
26639695ns          449228 1c00aa3c 00000513 addi             x10, x0, 0          x10=00000000
26639715ns          449229 1c00aa3e 00008067 jalr             x0, x1, 0            x1:1c00aae6
26639775ns          449232 1c00aae6 25f52163 p.beqimm         x10, 578            x10:00000000
26639795ns          449233 1c00aaea 001d8d93 addi             x27, x27, 1         x27=00000005 x27:00000004
26639814ns          449234 1c00aaec 00044503 lbu              x10, 0(x8)          x10=00000049  x8:1c000075  PA:1c000075
26640113ns          449249 1c00aaf0 00140413 addi             x8, x8, 1            x8=1c000076  x8:1c000075
26640133ns          449250 1c00aaf2 fe0514e3 bne              x10, x0, -24        x10:00000049
26640212ns          449254 1c00aada 02500793 addi             x15, x0, 37         x15=00000025
26640232ns          449255 1c00aade 04f50863 beq              x10, x15, 80        x10:00000049 x15:00000025
26640252ns          449256 1c00aae2 01a005b3 add              x11, x0, x26        x11=00000002 x26:00000002
26640272ns          449257 1c00aae4 000b00e7 jalr             x1, x22, 0           x1=1c00aae6 x22:1c00aa18
26640312ns          449259 1c00aa18 000026b7 lui              x13, 0x2000         x13=00002000
26640332ns          449260 1c00aa1a f14027f3 csrrs            x15, x0, 0xf14      x15=00000005
26640351ns          449261 1c00aa1e f8068693 addi             x13, x13, -128      x13=00001f80 x13:00002000
26640371ns          449262 1c00aa22 00379713 slli             x14, x15, 0x3       x14=00000028 x15:00000005
26640391ns          449263 1c00aa26 00279793 slli             x15, x15, 0x2       x15=00000014 x15:00000005
26640411ns          449264 1c00aa28 00d7f7b3 and              x15, x15, x13       x15=00000000 x15:00000014 x13:00001f80
26640431ns          449265 1c00aa2a ee873733 p.bclr           x14, x14, 23, 8     x14=00000028 x14:00000028
26640451ns          449266 1c00aa2e 1a10f6b7 lui              x13, 0x1a10f000     x13=1a10f000
26640471ns          449267 1c00aa32 0ff57513 andi             x10, x10, 255       x10=00000049 x10:00000049
26640491ns          449268 1c00aa36 00d70733 add              x14, x14, x13       x14=1a10f028 x14:00000028 x13:1a10f000
26640510ns          449269 1c00aa38 00a7e723 p.sw             x10, x0(x15)        x10:00000049 x15:00000000  PA:1a10f028
26640849ns          449286 1c00aa3c 00000513 addi             x10, x0, 0          x10=00000000
26640868ns          449287 1c00aa3e 00008067 jalr             x0, x1, 0            x1:1c00aae6
26640928ns          449290 1c00aae6 25f52163 p.beqimm         x10, 578            x10:00000000
26640948ns          449291 1c00aaea 001d8d93 addi             x27, x27, 1         x27=00000006 x27:00000005
26640968ns          449292 1c00aaec 00044503 lbu              x10, 0(x8)          x10=00000044  x8:1c000076  PA:1c000076
26641286ns          449308 1c00aaf0 00140413 addi             x8, x8, 1            x8=1c000077  x8:1c000076
26641306ns          449309 1c00aaf2 fe0514e3 bne              x10, x0, -24        x10:00000044
26641386ns          449313 1c00aada 02500793 addi             x15, x0, 37         x15=00000025
26641405ns          449314 1c00aade 04f50863 beq              x10, x15, 80        x10:00000044 x15:00000025
26641425ns          449315 1c00aae2 01a005b3 add              x11, x0, x26        x11=00000002 x26:00000002
26641445ns          449316 1c00aae4 000b00e7 jalr             x1, x22, 0           x1=1c00aae6 x22:1c00aa18
26641485ns          449318 1c00aa18 000026b7 lui              x13, 0x2000         x13=00002000
26641505ns          449319 1c00aa1a f14027f3 csrrs            x15, x0, 0xf14      x15=00000005
26641525ns          449320 1c00aa1e f8068693 addi             x13, x13, -128      x13=00001f80 x13:00002000
26641545ns          449321 1c00aa22 00379713 slli             x14, x15, 0x3       x14=00000028 x15:00000005
26641565ns          449322 1c00aa26 00279793 slli             x15, x15, 0x2       x15=00000014 x15:00000005
26641584ns          449323 1c00aa28 00d7f7b3 and              x15, x15, x13       x15=00000000 x15:00000014 x13:00001f80
26641604ns          449324 1c00aa2a ee873733 p.bclr           x14, x14, 23, 8     x14=00000028 x14:00000028
26641624ns          449325 1c00aa2e 1a10f6b7 lui              x13, 0x1a10f000     x13=1a10f000
26641644ns          449326 1c00aa32 0ff57513 andi             x10, x10, 255       x10=00000044 x10:00000044
26641664ns          449327 1c00aa36 00d70733 add              x14, x14, x13       x14=1a10f028 x14:00000028 x13:1a10f000
26641684ns          449328 1c00aa38 00a7e723 p.sw             x10, x0(x15)        x10:00000044 x15:00000000  PA:1a10f028
26642022ns          449345 1c00aa3c 00000513 addi             x10, x0, 0          x10=00000000
26642042ns          449346 1c00aa3e 00008067 jalr             x0, x1, 0            x1:1c00aae6
26642102ns          449349 1c00aae6 25f52163 p.beqimm         x10, 578            x10:00000000
26642121ns          449350 1c00aaea 001d8d93 addi             x27, x27, 1         x27=00000007 x27:00000006
26642141ns          449351 1c00aaec 00044503 lbu              x10, 0(x8)          x10=0000003a  x8:1c000077  PA:1c000077
26642440ns          449366 1c00aaf0 00140413 addi             x8, x8, 1            x8=1c000078  x8:1c000077
26642460ns          449367 1c00aaf2 fe0514e3 bne              x10, x0, -24        x10:0000003a
26642539ns          449371 1c00aada 02500793 addi             x15, x0, 37         x15=00000025
26642559ns          449372 1c00aade 04f50863 beq              x10, x15, 80        x10:0000003a x15:00000025
26642579ns          449373 1c00aae2 01a005b3 add              x11, x0, x26        x11=00000002 x26:00000002
26642599ns          449374 1c00aae4 000b00e7 jalr             x1, x22, 0           x1=1c00aae6 x22:1c00aa18
26642639ns          449376 1c00aa18 000026b7 lui              x13, 0x2000         x13=00002000
26642658ns          449377 1c00aa1a f14027f3 csrrs            x15, x0, 0xf14      x15=00000005
26642678ns          449378 1c00aa1e f8068693 addi             x13, x13, -128      x13=00001f80 x13:00002000
26642698ns          449379 1c00aa22 00379713 slli             x14, x15, 0x3       x14=00000028 x15:00000005
26642718ns          449380 1c00aa26 00279793 slli             x15, x15, 0x2       x15=00000014 x15:00000005
26642738ns          449381 1c00aa28 00d7f7b3 and              x15, x15, x13       x15=00000000 x15:00000014 x13:00001f80
26642758ns          449382 1c00aa2a ee873733 p.bclr           x14, x14, 23, 8     x14=00000028 x14:00000028
26642778ns          449383 1c00aa2e 1a10f6b7 lui              x13, 0x1a10f000     x13=1a10f000
26642798ns          449384 1c00aa32 0ff57513 andi             x10, x10, 255       x10=0000003a x10:0000003a
26642818ns          449385 1c00aa36 00d70733 add              x14, x14, x13       x14=1a10f028 x14:00000028 x13:1a10f000
26642837ns          449386 1c00aa38 00a7e723 p.sw             x10, x0(x15)        x10:0000003a x15:00000000  PA:1a10f028
26643175ns          449403 1c00aa3c 00000513 addi             x10, x0, 0          x10=00000000
26643195ns          449404 1c00aa3e 00008067 jalr             x0, x1, 0            x1:1c00aae6
26643255ns          449407 1c00aae6 25f52163 p.beqimm         x10, 578            x10:00000000
26643275ns          449408 1c00aaea 001d8d93 addi             x27, x27, 1         x27=00000008 x27:00000007
26643295ns          449409 1c00aaec 00044503 lbu              x10, 0(x8)          x10=00000020  x8:1c000078  PA:1c000078
26643593ns          449424 1c00aaf0 00140413 addi             x8, x8, 1            x8=1c000079  x8:1c000078
26643613ns          449425 1c00aaf2 fe0514e3 bne              x10, x0, -24        x10:00000020
26643693ns          449429 1c00aada 02500793 addi             x15, x0, 37         x15=00000025
26643712ns          449430 1c00aade 04f50863 beq              x10, x15, 80        x10:00000020 x15:00000025
26643732ns          449431 1c00aae2 01a005b3 add              x11, x0, x26        x11=00000002 x26:00000002
26643752ns          449432 1c00aae4 000b00e7 jalr             x1, x22, 0           x1=1c00aae6 x22:1c00aa18
26643792ns          449434 1c00aa18 000026b7 lui              x13, 0x2000         x13=00002000
26643812ns          449435 1c00aa1a f14027f3 csrrs            x15, x0, 0xf14      x15=00000005
26643832ns          449436 1c00aa1e f8068693 addi             x13, x13, -128      x13=00001f80 x13:00002000
26643852ns          449437 1c00aa22 00379713 slli             x14, x15, 0x3       x14=00000028 x15:00000005
26643872ns          449438 1c00aa26 00279793 slli             x15, x15, 0x2       x15=00000014 x15:00000005
26643891ns          449439 1c00aa28 00d7f7b3 and              x15, x15, x13       x15=00000000 x15:00000014 x13:00001f80
26643911ns          449440 1c00aa2a ee873733 p.bclr           x14, x14, 23, 8     x14=00000028 x14:00000028
26643931ns          449441 1c00aa2e 1a10f6b7 lui              x13, 0x1a10f000     x13=1a10f000
26643951ns          449442 1c00aa32 0ff57513 andi             x10, x10, 255       x10=00000020 x10:00000020
26643971ns          449443 1c00aa36 00d70733 add              x14, x14, x13       x14=1a10f028 x14:00000028 x13:1a10f000
26643991ns          449444 1c00aa38 00a7e723 p.sw             x10, x0(x15)        x10:00000020 x15:00000000  PA:1a10f028
26644309ns          449460 1c00aa3c 00000513 addi             x10, x0, 0          x10=00000000
26644329ns          449461 1c00aa3e 00008067 jalr             x0, x1, 0            x1:1c00aae6
26644389ns          449464 1c00aae6 25f52163 p.beqimm         x10, 578            x10:00000000
26644409ns          449465 1c00aaea 001d8d93 addi             x27, x27, 1         x27=00000009 x27:00000008
26644428ns          449466 1c00aaec 00044503 lbu              x10, 0(x8)          x10=00000025  x8:1c000079  PA:1c000079
26644727ns          449481 1c00aaf0 00140413 addi             x8, x8, 1            x8=1c00007a  x8:1c000079
26644747ns          449482 1c00aaf2 fe0514e3 bne              x10, x0, -24        x10:00000025
26644826ns          449486 1c00aada 02500793 addi             x15, x0, 37         x15=00000025
26644846ns          449487 1c00aade 04f50863 beq              x10, x15, 80        x10:00000025 x15:00000025
26645602ns          449525 1c00ab2e 00044483 lbu              x9, 0(x8)            x9=00000064  x8:1c00007a  PA:1c00007a
26646039ns          449547 1c00ab32 02000693 addi             x13, x0, 32         x13=00000020
26646059ns          449548 1c00ab36 00140a93 addi             x21, x8, 1          x21=1c00007b  x8:1c00007a
26646079ns          449549 1c00ab3a 009005b3 add              x11, x0, x9         x11=00000064  x9:00000064
26646099ns          449550 1c00ab3c 610b8513 addi             x10, x23, 1552      x10=1c000610 x23:1c000000
26646417ns          449566 1c00ab40 00d12823 sw               x13, 16(x2)         x13:00000020  x2:10002b68  PA:10002b78
26646437ns          449567 1c00ab42 00012c23 sw               x0, 24(x2)           x2:10002b68  PA:10002b80
26646457ns          449568 1c00ab44 00012a23 sw               x0, 20(x2)           x2:10002b68  PA:10002b7c
26646477ns          449569 1c00ab46 00012e23 sw               x0, 28(x2)           x2:10002b68  PA:10002b84
26646497ns          449570 1c00ab48 00012623 sw               x0, 12(x2)           x2:10002b68  PA:10002b74
26646517ns          449571 1c00ab4a 02300913 addi             x18, x0, 35         x18=00000023
26646934ns          449592 1c00ab4e 02d00a13 addi             x20, x0, 45         x20=0000002d
26646954ns          449593 1c00ab52 015009b3 add              x19, x0, x21        x19=1c00007b x21:1c00007b
26646974ns          449594 1c00ab54 e45ff0ef jal              x1, -444             x1=1c00ab56
26647432ns          449617 1c00a998 00054783 lbu              x15, 0(x10)         x15=0000002d x10:1c000610  PA:1c000610
26647909ns          449641 1c00a99c 0ff5f593 andi             x11, x11, 255       x11=00000064 x11:00000064
26647949ns          449643 1c00a9a0 00b78c63 beq              x15, x11, 24        x15:0000002d x11:00000064
26647988ns          449645 1c00a9a4 00078b63 beq              x15, x0, 22         x15:0000002d
26648008ns          449646 1c00a9a6 00150793 addi             x15, x10, 1         x15=1c000611 x10:1c000610
26648028ns          449647 1c00a9aa 0040006f jal              x0, 4              
26648505ns          449671 1c00a9ae 00f00533 add              x10, x0, x15        x10=1c000611 x15:1c000611
26648525ns          449672 1c00a9b0 0017c70b p.lbu            x14, 1(x15!)        x14=0000002b x15=1c000612 x15:1c000611  PA:1c000611
26648963ns          449694 1c00a9b4 feb71ce3 bne              x14, x11, -8        x14:0000002b x11:00000064
26649062ns          449699 1c00a9ac 00070763 beq              x14, x0, 14         x14:0000002b
26649082ns          449700 1c00a9ae 00f00533 add              x10, x0, x15        x10=1c000612 x15:1c000612
26649102ns          449701 1c00a9b0 0017c70b p.lbu            x14, 1(x15!)        x14=00000020 x15=1c000613 x15:1c000612  PA:1c000612
26649420ns          449717 1c00a9b4 feb71ce3 bne              x14, x11, -8        x14:00000020 x11:00000064
26649480ns          449720 1c00a9ac 00070763 beq              x14, x0, 14         x14:00000020
26649500ns          449721 1c00a9ae 00f00533 add              x10, x0, x15        x10=1c000613 x15:1c000613
26649520ns          449722 1c00a9b0 0017c70b p.lbu            x14, 1(x15!)        x14=00000023 x15=1c000614 x15:1c000613  PA:1c000613
26649838ns          449738 1c00a9b4 feb71ce3 bne              x14, x11, -8        x14:00000023 x11:00000064
26649898ns          449741 1c00a9ac 00070763 beq              x14, x0, 14         x14:00000023
26649918ns          449742 1c00a9ae 00f00533 add              x10, x0, x15        x10=1c000614 x15:1c000614
26649937ns          449743 1c00a9b0 0017c70b p.lbu            x14, 1(x15!)        x14=00000030 x15=1c000615 x15:1c000614  PA:1c000614
26650256ns          449759 1c00a9b4 feb71ce3 bne              x14, x11, -8        x14:00000030 x11:00000064
26650315ns          449762 1c00a9ac 00070763 beq              x14, x0, 14         x14:00000030
26650335ns          449763 1c00a9ae 00f00533 add              x10, x0, x15        x10=1c000615 x15:1c000615
26650355ns          449764 1c00a9b0 0017c70b p.lbu            x14, 1(x15!)        x14=00000000 x15=1c000616 x15:1c000615  PA:1c000615
26650693ns          449781 1c00a9b4 feb71ce3 bne              x14, x11, -8        x14:00000000 x11:00000064
26650753ns          449784 1c00a9ac 00070763 beq              x14, x0, 14         x14:00000000
26650832ns          449788 1c00a9ba 0015b593 sltiu            x11, x11, 1         x11=00000000 x11:00000064
26650852ns          449789 1c00a9be 40b005b3 sub              x11, x0, x11        x11=00000000 x11:00000000
26650872ns          449790 1c00a9c2 00b57533 and              x10, x10, x11       x10=00000000 x10:1c000615 x11:00000000
26650892ns          449791 1c00a9c4 00008067 jalr             x0, x1, 0            x1:1c00ab56
26650932ns          449793 1c00ab56 02050a63 beq              x10, x0, 52         x10:00000000
26651449ns          449819 1c00ab8a 02a00613 addi             x12, x0, 42         x12=0000002a
26651906ns          449842 1c00ab8e 1ec48c63 beq              x9, x12, 504         x9:00000064 x12:0000002a
26651946ns          449844 1c00ab92 fd048613 addi             x12, x9, -48        x12=00000034  x9:00000064
26651966ns          449845 1c00ab96 00900593 addi             x11, x0, 9          x11=00000009
26651986ns          449846 1c00ab98 00000913 addi             x18, x0, 0          x18=00000000
26652006ns          449847 1c00ab9a 1cc5f663 bgeu             x11, x12, 460       x11:00000009 x12:00000034
26652423ns          449868 1c00ab9e 02e00693 addi             x13, x0, 46         x13=0000002e
26652443ns          449869 1c00aba2 fff00a13 addi             x20, x0, -1         x20=ffffffff
26652463ns          449870 1c00aba4 22d48963 beq              x9, x13, 562         x9:00000064 x13:0000002e
26652483ns          449871 1c00aba8 1c0007b7 lui              x15, 0x1c000000     x15=1c000000
26652503ns          449872 1c00abac 009005b3 add              x11, x0, x9         x11=00000064  x9:00000064
26652940ns          449894 1c00abae 61878513 addi             x10, x15, 1560      x10=1c000618 x15:1c000000
26652960ns          449895 1c00abb2 de7ff0ef jal              x1, -538             x1=1c00abb4
26653040ns          449899 1c00a998 00054783 lbu              x15, 0(x10)         x15=00000068 x10:1c000618  PA:1c000618
26653358ns          449915 1c00a99c 0ff5f593 andi             x11, x11, 255       x11=00000064 x11:00000064
26653378ns          449916 1c00a9a0 00b78c63 beq              x15, x11, 24        x15:00000068 x11:00000064
26653398ns          449917 1c00a9a4 00078b63 beq              x15, x0, 22         x15:00000068
26653418ns          449918 1c00a9a6 00150793 addi             x15, x10, 1         x15=1c000619 x10:1c000618
26653438ns          449919 1c00a9aa 0040006f jal              x0, 4              
26653477ns          449921 1c00a9ae 00f00533 add              x10, x0, x15        x10=1c000619 x15:1c000619
26653497ns          449922 1c00a9b0 0017c70b p.lbu            x14, 1(x15!)        x14=0000006c x15=1c00061a x15:1c000619  PA:1c000619
26653955ns          449945 1c00a9b4 feb71ce3 bne              x14, x11, -8        x14:0000006c x11:00000064
26654014ns          449948 1c00a9ac 00070763 beq              x14, x0, 14         x14:0000006c
26654034ns          449949 1c00a9ae 00f00533 add              x10, x0, x15        x10=1c00061a x15:1c00061a
26654054ns          449950 1c00a9b0 0017c70b p.lbu            x14, 1(x15!)        x14=0000004c x15=1c00061b x15:1c00061a  PA:1c00061a
26654372ns          449966 1c00a9b4 feb71ce3 bne              x14, x11, -8        x14:0000004c x11:00000064
26654432ns          449969 1c00a9ac 00070763 beq              x14, x0, 14         x14:0000004c
26654452ns          449970 1c00a9ae 00f00533 add              x10, x0, x15        x10=1c00061b x15:1c00061b
26654472ns          449971 1c00a9b0 0017c70b p.lbu            x14, 1(x15!)        x14=0000007a x15=1c00061c x15:1c00061b  PA:1c00061b
26654790ns          449987 1c00a9b4 feb71ce3 bne              x14, x11, -8        x14:0000007a x11:00000064
26654850ns          449990 1c00a9ac 00070763 beq              x14, x0, 14         x14:0000007a
26654870ns          449991 1c00a9ae 00f00533 add              x10, x0, x15        x10=1c00061c x15:1c00061c
26654890ns          449992 1c00a9b0 0017c70b p.lbu            x14, 1(x15!)        x14=00000000 x15=1c00061d x15:1c00061c  PA:1c00061c
26655208ns          450008 1c00a9b4 feb71ce3 bne              x14, x11, -8        x14:00000000 x11:00000064
26655267ns          450011 1c00a9ac 00070763 beq              x14, x0, 14         x14:00000000
26655347ns          450015 1c00a9ba 0015b593 sltiu            x11, x11, 1         x11=00000000 x11:00000064
26655367ns          450016 1c00a9be 40b005b3 sub              x11, x0, x11        x11=00000000 x11:00000000
26655387ns          450017 1c00a9c2 00b57533 and              x10, x10, x11       x10=00000000 x10:1c00061c x11:00000000
26655407ns          450018 1c00a9c4 00008067 jalr             x0, x1, 0            x1:1c00abb4
26655446ns          450020 1c00abb4 01300433 add              x8, x0, x19          x8=1c00007b x19:1c00007b
26655466ns          450021 1c00abb6 00050563 beq              x10, x0, 10         x10:00000000
26655884ns          450042 1c00abc0 06700693 addi             x13, x0, 103        x13=00000067
26655904ns          450043 1c00abc4 1c96df63 bge              x13, x9, 478        x13:00000067  x9:00000064
26656441ns          450070 1c00ada2 06500693 addi             x13, x0, 101        x13=00000065
26656461ns          450071 1c00ada6 12d4d463 bge              x9, x13, 296         x9:00000064 x13:00000065
26656481ns          450072 1c00adaa 04700693 addi             x13, x0, 71         x13=00000047
26656898ns          450093 1c00adae 5296c363 blt              x13, x9, 1318       x13:00000047  x9:00000064
26657395ns          450118 1c00b2d4 06300693 addi             x13, x0, 99         x13=00000063
26657435ns          450120 1c00b2d8 1cd48463 beq              x9, x13, 456         x9:00000064 x13:00000063
26657455ns          450121 1c00b2dc 1296c763 blt              x13, x9, 302        x13:00000063  x9:00000064
26658370ns          450167 1c00b40a 000c2503 lw               x10, 0(x24)         x10=00000005 x24:10002cbc  PA:10002cbc
26658390ns          450168 1c00b40e 004c0c13 addi             x24, x24, 4         x24=10002cc0 x24:10002cbc
26658827ns          450190 1c00b410 2c054b63 blt              x10, x0, 726        x10:00000005
26658867ns          450192 1c00b414 01412603 lw               x12, 20(x2)         x12=00000000  x2:10002b68  PA:10002b7c
26658887ns          450193 1c00b416 00a006b3 add              x13, x0, x10        x13=00000005 x10:00000005
26658907ns          450194 1c00b418 2e061463 bne              x12, x0, 744        x12:00000000
26658927ns          450195 1c00b41c 01812703 lw               x14, 24(x2)         x14=00000000  x2:10002b68  PA:10002b80
26658947ns          450196 1c00b41e 019007b3 add              x15, x0, x25        x15=10002b8c x25:10002b8c
26659364ns          450217 1c00b420 00070763 beq              x14, x0, 14         x14:00000000
26659424ns          450220 1c00b42e 00f00733 add              x14, x0, x15        x14=10002b8c x15:10002b8c
26659842ns          450241 1c00b430 00a00593 addi             x11, x0, 10         x11=0000000a
26659881ns          450243 1c00b432 02b6f633 remu             x12, x13, x11       x12=00000005 x13:00000005 x11:0000000a
26660498ns          450274 1c00b436 02b6d6b3 divu             x13, x13, x11       x13=00000000 x13:00000005 x11:0000000a
26661114ns          450305 1c00b43a 03060613 addi             x12, x12, 48        x12=00000035 x12:00000005
26661134ns          450306 1c00b43e 00c700ab p.sb             x12, 1(x14!)        x14=10002b8d x12:00000035 x14:10002b8c  PA:10002b8c
26661154ns          450307 1c00b442 fe0698e3 bne              x13, x0, -16        x13:00000000
26661174ns          450308 1c00b444 40f706b3 sub              x13, x14, x15       x13=00000001 x14:10002b8d x15:10002b8c
26661194ns          450309 1c00b448 0146da63 bge              x13, x20, 20        x13:00000001 x20:ffffffff
26661671ns          450333 1c00b45c 00e006b3 add              x13, x0, x14        x13=10002b8d x14:10002b8d
26662109ns          450355 1c00b45e fe068fab p.sb             x0, -1(x13!)        x13=10002b8c x13:10002b8d  PA:10002b8d
26662149ns          450357 1c00b462 00d7fc63 bgeu             x15, x13, 24        x15:10002b8c x13:10002b8c
26662646ns          450382 1c00b47a 01412783 lw               x15, 20(x2)         x15=00000000  x2:10002b68  PA:10002b7c
26662686ns          450384 1c00b47c 01812603 lw               x12, 24(x2)         x12=00000000  x2:10002b68  PA:10002b80
26663103ns          450405 1c00b47e 419704b3 sub              x9, x14, x25         x9=00000001 x14:10002b8d x25:10002b8c
26663123ns          450406 1c00b482 00c7e7b3 or               x15, x15, x12       x15=00000000 x15:00000000 x12:00000000
26663143ns          450407 1c00b484 00f12623 sw               x15, 12(x2)         x15:00000000  x2:10002b68  PA:10002b74
26663183ns          450409 1c00b486 00079363 bne              x15, x0, 6          x15:00000000
26663203ns          450410 1c00b488 01f55513 srli             x10, x10, 0x1f      x10=00000000 x10:00000005
26663223ns          450411 1c00b48a 00a12623 sw               x10, 12(x2)         x10:00000000  x2:10002b68  PA:10002b74
26663302ns          450415 1c00b48c ddfa22e3 p.beqimm         x20, -572           x20:ffffffff
26664098ns          450455 1c00b250 0c800793 addi             x15, x0, 200        x15=000000c8
26664137ns          450457 1c00b254 ac97cae3 blt              x15, x9, -1324      x15:000000c8  x9:00000001
26664157ns          450458 1c00b258 9d24c8e3 blt              x9, x18, -1584       x9:00000001 x18:00000000
26664177ns          450459 1c00b25c aabff06f jal              x0, -1366          
26665092ns          450505 1c00ad06 dc0486e3 beq              x9, x0, -564         x9:00000001
26665112ns          450506 1c00ad0a 01900933 add              x18, x0, x25        x18=10002b8c x25:10002b8c
26665132ns          450507 1c00ad0c 419d8db3 sub              x27, x27, x25       x27=efffd47d x27:00000009 x25:10002b8c
26665569ns          450529 1c00ad10 00a0006f jal              x0, 10             
26665629ns          450532 1c00ad1a 0019450b p.lbu            x10, 1(x18!)        x10=00000035 x18=10002b8d x18:10002b8c  PA:10002b8c
26665649ns          450533 1c00ad1e 01a005b3 add              x11, x0, x26        x11=00000002 x26:00000002
26666086ns          450555 1c00ad20 000b00e7 jalr             x1, x22, 0           x1=1c00ad22 x22:1c00aa18
26666166ns          450559 1c00aa18 000026b7 lui              x13, 0x2000         x13=00002000
26666206ns          450561 1c00aa1a f14027f3 csrrs            x15, x0, 0xf14      x15=00000005
26666226ns          450562 1c00aa1e f8068693 addi             x13, x13, -128      x13=00001f80 x13:00002000
26666246ns          450563 1c00aa22 00379713 slli             x14, x15, 0x3       x14=00000028 x15:00000005
26666265ns          450564 1c00aa26 00279793 slli             x15, x15, 0x2       x15=00000014 x15:00000005
26666285ns          450565 1c00aa28 00d7f7b3 and              x15, x15, x13       x15=00000000 x15:00000014 x13:00001f80
26666305ns          450566 1c00aa2a ee873733 p.bclr           x14, x14, 23, 8     x14=00000028 x14:00000028
26666345ns          450568 1c00aa2e 1a10f6b7 lui              x13, 0x1a10f000     x13=1a10f000
26666385ns          450570 1c00aa32 0ff57513 andi             x10, x10, 255       x10=00000035 x10:00000035
26666405ns          450571 1c00aa36 00d70733 add              x14, x14, x13       x14=1a10f028 x14:00000028 x13:1a10f000
26666425ns          450572 1c00aa38 00a7e723 p.sw             x10, x0(x15)        x10:00000035 x15:00000000  PA:1a10f028
26666981ns          450600 1c00aa3c 00000513 addi             x10, x0, 0          x10=00000000
26667001ns          450601 1c00aa3e 00008067 jalr             x0, x1, 0            x1:1c00ad22
26667041ns          450603 1c00ad22 fff48493 addi             x9, x9, -1           x9=00000000  x9:00000001
26667061ns          450604 1c00ad24 fff537e3 p.bneimm         x10, -18            x10:00000000
26667141ns          450608 1c00ad12 012d8733 add              x14, x27, x18       x14=0000000a x27:efffd47d x18:10002b8d
26667160ns          450609 1c00ad16 66048d63 beq              x9, x0, 1658         x9:00000000
26667379ns          450620 1c00b390 00e00db3 add              x27, x0, x14        x27=0000000a x14:0000000a
26667419ns          450622 1c00b392 f40ff06f jal              x0, -2240          
26667538ns          450628 1c00aad2 00044503 lbu              x10, 0(x8)          x10=0000002c  x8:1c00007b  PA:1c00007b
26667876ns          450645 1c00aad6 00140413 addi             x8, x8, 1            x8=1c00007c  x8:1c00007b
26667896ns          450646 1c00aad8 00050e63 beq              x10, x0, 28         x10:0000002c
26667916ns          450647 1c00aada 02500793 addi             x15, x0, 37         x15=00000025
26667936ns          450648 1c00aade 04f50863 beq              x10, x15, 80        x10:0000002c x15:00000025
26667956ns          450649 1c00aae2 01a005b3 add              x11, x0, x26        x11=00000002 x26:00000002
26667976ns          450650 1c00aae4 000b00e7 jalr             x1, x22, 0           x1=1c00aae6 x22:1c00aa18
26668016ns          450652 1c00aa18 000026b7 lui              x13, 0x2000         x13=00002000
26668035ns          450653 1c00aa1a f14027f3 csrrs            x15, x0, 0xf14      x15=00000005
26668055ns          450654 1c00aa1e f8068693 addi             x13, x13, -128      x13=00001f80 x13:00002000
26668075ns          450655 1c00aa22 00379713 slli             x14, x15, 0x3       x14=00000028 x15:00000005
26668095ns          450656 1c00aa26 00279793 slli             x15, x15, 0x2       x15=00000014 x15:00000005
26668115ns          450657 1c00aa28 00d7f7b3 and              x15, x15, x13       x15=00000000 x15:00000014 x13:00001f80
26668135ns          450658 1c00aa2a ee873733 p.bclr           x14, x14, 23, 8     x14=00000028 x14:00000028
26668155ns          450659 1c00aa2e 1a10f6b7 lui              x13, 0x1a10f000     x13=1a10f000
26668175ns          450660 1c00aa32 0ff57513 andi             x10, x10, 255       x10=0000002c x10:0000002c
26668195ns          450661 1c00aa36 00d70733 add              x14, x14, x13       x14=1a10f028 x14:00000028 x13:1a10f000
26668214ns          450662 1c00aa38 00a7e723 p.sw             x10, x0(x15)        x10:0000002c x15:00000000  PA:1a10f028
26668771ns          450690 1c00aa3c 00000513 addi             x10, x0, 0          x10=00000000
26668791ns          450691 1c00aa3e 00008067 jalr             x0, x1, 0            x1:1c00aae6
26668851ns          450694 1c00aae6 25f52163 p.beqimm         x10, 578            x10:00000000
26668871ns          450695 1c00aaea 001d8d93 addi             x27, x27, 1         x27=0000000b x27:0000000a
26668891ns          450696 1c00aaec 00044503 lbu              x10, 0(x8)          x10=00000020  x8:1c00007c  PA:1c00007c
26669189ns          450711 1c00aaf0 00140413 addi             x8, x8, 1            x8=1c00007d  x8:1c00007c
26669209ns          450712 1c00aaf2 fe0514e3 bne              x10, x0, -24        x10:00000020
26669288ns          450716 1c00aada 02500793 addi             x15, x0, 37         x15=00000025
26669308ns          450717 1c00aade 04f50863 beq              x10, x15, 80        x10:00000020 x15:00000025
26669328ns          450718 1c00aae2 01a005b3 add              x11, x0, x26        x11=00000002 x26:00000002
26669348ns          450719 1c00aae4 000b00e7 jalr             x1, x22, 0           x1=1c00aae6 x22:1c00aa18
26669388ns          450721 1c00aa18 000026b7 lui              x13, 0x2000         x13=00002000
26669408ns          450722 1c00aa1a f14027f3 csrrs            x15, x0, 0xf14      x15=00000005
26669428ns          450723 1c00aa1e f8068693 addi             x13, x13, -128      x13=00001f80 x13:00002000
26669448ns          450724 1c00aa22 00379713 slli             x14, x15, 0x3       x14=00000028 x15:00000005
26669467ns          450725 1c00aa26 00279793 slli             x15, x15, 0x2       x15=00000014 x15:00000005
26669487ns          450726 1c00aa28 00d7f7b3 and              x15, x15, x13       x15=00000000 x15:00000014 x13:00001f80
26669507ns          450727 1c00aa2a ee873733 p.bclr           x14, x14, 23, 8     x14=00000028 x14:00000028
26669527ns          450728 1c00aa2e 1a10f6b7 lui              x13, 0x1a10f000     x13=1a10f000
26669547ns          450729 1c00aa32 0ff57513 andi             x10, x10, 255       x10=00000020 x10:00000020
26669567ns          450730 1c00aa36 00d70733 add              x14, x14, x13       x14=1a10f028 x14:00000028 x13:1a10f000
26669587ns          450731 1c00aa38 00a7e723 p.sw             x10, x0(x15)        x10:00000020 x15:00000000  PA:1a10f028
26669925ns          450748 1c00aa3c 00000513 addi             x10, x0, 0          x10=00000000
26669945ns          450749 1c00aa3e 00008067 jalr             x0, x1, 0            x1:1c00aae6
26670004ns          450752 1c00aae6 25f52163 p.beqimm         x10, 578            x10:00000000
26670024ns          450753 1c00aaea 001d8d93 addi             x27, x27, 1         x27=0000000c x27:0000000b
26670044ns          450754 1c00aaec 00044503 lbu              x10, 0(x8)          x10=0000004e  x8:1c00007d  PA:1c00007d
26670362ns          450770 1c00aaf0 00140413 addi             x8, x8, 1            x8=1c00007e  x8:1c00007d
26670382ns          450771 1c00aaf2 fe0514e3 bne              x10, x0, -24        x10:0000004e
26670462ns          450775 1c00aada 02500793 addi             x15, x0, 37         x15=00000025
26670482ns          450776 1c00aade 04f50863 beq              x10, x15, 80        x10:0000004e x15:00000025
26670502ns          450777 1c00aae2 01a005b3 add              x11, x0, x26        x11=00000002 x26:00000002
26670521ns          450778 1c00aae4 000b00e7 jalr             x1, x22, 0           x1=1c00aae6 x22:1c00aa18
26670561ns          450780 1c00aa18 000026b7 lui              x13, 0x2000         x13=00002000
26670581ns          450781 1c00aa1a f14027f3 csrrs            x15, x0, 0xf14      x15=00000005
26670601ns          450782 1c00aa1e f8068693 addi             x13, x13, -128      x13=00001f80 x13:00002000
26670621ns          450783 1c00aa22 00379713 slli             x14, x15, 0x3       x14=00000028 x15:00000005
26670641ns          450784 1c00aa26 00279793 slli             x15, x15, 0x2       x15=00000014 x15:00000005
26670661ns          450785 1c00aa28 00d7f7b3 and              x15, x15, x13       x15=00000000 x15:00000014 x13:00001f80
26670681ns          450786 1c00aa2a ee873733 p.bclr           x14, x14, 23, 8     x14=00000028 x14:00000028
26670700ns          450787 1c00aa2e 1a10f6b7 lui              x13, 0x1a10f000     x13=1a10f000
26670720ns          450788 1c00aa32 0ff57513 andi             x10, x10, 255       x10=0000004e x10:0000004e
26670740ns          450789 1c00aa36 00d70733 add              x14, x14, x13       x14=1a10f028 x14:00000028 x13:1a10f000
26670760ns          450790 1c00aa38 00a7e723 p.sw             x10, x0(x15)        x10:0000004e x15:00000000  PA:1a10f028
26671098ns          450807 1c00aa3c 00000513 addi             x10, x0, 0          x10=00000000
26671118ns          450808 1c00aa3e 00008067 jalr             x0, x1, 0            x1:1c00aae6
26671178ns          450811 1c00aae6 25f52163 p.beqimm         x10, 578            x10:00000000
26671198ns          450812 1c00aaea 001d8d93 addi             x27, x27, 1         x27=0000000d x27:0000000c
26671218ns          450813 1c00aaec 00044503 lbu              x10, 0(x8)          x10=00000075  x8:1c00007e  PA:1c00007e
26671516ns          450828 1c00aaf0 00140413 addi             x8, x8, 1            x8=1c00007f  x8:1c00007e
26671536ns          450829 1c00aaf2 fe0514e3 bne              x10, x0, -24        x10:00000075
26671615ns          450833 1c00aada 02500793 addi             x15, x0, 37         x15=00000025
26671635ns          450834 1c00aade 04f50863 beq              x10, x15, 80        x10:00000075 x15:00000025
26671655ns          450835 1c00aae2 01a005b3 add              x11, x0, x26        x11=00000002 x26:00000002
26671675ns          450836 1c00aae4 000b00e7 jalr             x1, x22, 0           x1=1c00aae6 x22:1c00aa18
26671715ns          450838 1c00aa18 000026b7 lui              x13, 0x2000         x13=00002000
26671735ns          450839 1c00aa1a f14027f3 csrrs            x15, x0, 0xf14      x15=00000005
26671755ns          450840 1c00aa1e f8068693 addi             x13, x13, -128      x13=00001f80 x13:00002000
26671774ns          450841 1c00aa22 00379713 slli             x14, x15, 0x3       x14=00000028 x15:00000005
26671794ns          450842 1c00aa26 00279793 slli             x15, x15, 0x2       x15=00000014 x15:00000005
26671814ns          450843 1c00aa28 00d7f7b3 and              x15, x15, x13       x15=00000000 x15:00000014 x13:00001f80
26671834ns          450844 1c00aa2a ee873733 p.bclr           x14, x14, 23, 8     x14=00000028 x14:00000028
26671854ns          450845 1c00aa2e 1a10f6b7 lui              x13, 0x1a10f000     x13=1a10f000
26671874ns          450846 1c00aa32 0ff57513 andi             x10, x10, 255       x10=00000075 x10:00000075
26671894ns          450847 1c00aa36 00d70733 add              x14, x14, x13       x14=1a10f028 x14:00000028 x13:1a10f000
26671914ns          450848 1c00aa38 00a7e723 p.sw             x10, x0(x15)        x10:00000075 x15:00000000  PA:1a10f028
26672252ns          450865 1c00aa3c 00000513 addi             x10, x0, 0          x10=00000000
26672272ns          450866 1c00aa3e 00008067 jalr             x0, x1, 0            x1:1c00aae6
26672331ns          450869 1c00aae6 25f52163 p.beqimm         x10, 578            x10:00000000
26672351ns          450870 1c00aaea 001d8d93 addi             x27, x27, 1         x27=0000000e x27:0000000d
26672371ns          450871 1c00aaec 00044503 lbu              x10, 0(x8)          x10=0000006d  x8:1c00007f  PA:1c00007f
26672669ns          450886 1c00aaf0 00140413 addi             x8, x8, 1            x8=1c000080  x8:1c00007f
26672689ns          450887 1c00aaf2 fe0514e3 bne              x10, x0, -24        x10:0000006d
26672769ns          450891 1c00aada 02500793 addi             x15, x0, 37         x15=00000025
26672789ns          450892 1c00aade 04f50863 beq              x10, x15, 80        x10:0000006d x15:00000025
26672809ns          450893 1c00aae2 01a005b3 add              x11, x0, x26        x11=00000002 x26:00000002
26672828ns          450894 1c00aae4 000b00e7 jalr             x1, x22, 0           x1=1c00aae6 x22:1c00aa18
26672868ns          450896 1c00aa18 000026b7 lui              x13, 0x2000         x13=00002000
26672888ns          450897 1c00aa1a f14027f3 csrrs            x15, x0, 0xf14      x15=00000005
26672908ns          450898 1c00aa1e f8068693 addi             x13, x13, -128      x13=00001f80 x13:00002000
26672928ns          450899 1c00aa22 00379713 slli             x14, x15, 0x3       x14=00000028 x15:00000005
26672948ns          450900 1c00aa26 00279793 slli             x15, x15, 0x2       x15=00000014 x15:00000005
26672968ns          450901 1c00aa28 00d7f7b3 and              x15, x15, x13       x15=00000000 x15:00000014 x13:00001f80
26672988ns          450902 1c00aa2a ee873733 p.bclr           x14, x14, 23, 8     x14=00000028 x14:00000028
26673007ns          450903 1c00aa2e 1a10f6b7 lui              x13, 0x1a10f000     x13=1a10f000
26673027ns          450904 1c00aa32 0ff57513 andi             x10, x10, 255       x10=0000006d x10:0000006d
26673047ns          450905 1c00aa36 00d70733 add              x14, x14, x13       x14=1a10f028 x14:00000028 x13:1a10f000
26673067ns          450906 1c00aa38 00a7e723 p.sw             x10, x0(x15)        x10:0000006d x15:00000000  PA:1a10f028
26673405ns          450923 1c00aa3c 00000513 addi             x10, x0, 0          x10=00000000
26673425ns          450924 1c00aa3e 00008067 jalr             x0, x1, 0            x1:1c00aae6
26673485ns          450927 1c00aae6 25f52163 p.beqimm         x10, 578            x10:00000000
26673505ns          450928 1c00aaea 001d8d93 addi             x27, x27, 1         x27=0000000f x27:0000000e
26673525ns          450929 1c00aaec 00044503 lbu              x10, 0(x8)          x10=00000062  x8:1c000080  PA:1c000080
26673823ns          450944 1c00aaf0 00140413 addi             x8, x8, 1            x8=1c000081  x8:1c000080
26673843ns          450945 1c00aaf2 fe0514e3 bne              x10, x0, -24        x10:00000062
26673922ns          450949 1c00aada 02500793 addi             x15, x0, 37         x15=00000025
26673942ns          450950 1c00aade 04f50863 beq              x10, x15, 80        x10:00000062 x15:00000025
26673962ns          450951 1c00aae2 01a005b3 add              x11, x0, x26        x11=00000002 x26:00000002
26673982ns          450952 1c00aae4 000b00e7 jalr             x1, x22, 0           x1=1c00aae6 x22:1c00aa18
26674022ns          450954 1c00aa18 000026b7 lui              x13, 0x2000         x13=00002000
26674042ns          450955 1c00aa1a f14027f3 csrrs            x15, x0, 0xf14      x15=00000005
26674062ns          450956 1c00aa1e f8068693 addi             x13, x13, -128      x13=00001f80 x13:00002000
26674081ns          450957 1c00aa22 00379713 slli             x14, x15, 0x3       x14=00000028 x15:00000005
26674101ns          450958 1c00aa26 00279793 slli             x15, x15, 0x2       x15=00000014 x15:00000005
26674121ns          450959 1c00aa28 00d7f7b3 and              x15, x15, x13       x15=00000000 x15:00000014 x13:00001f80
26674141ns          450960 1c00aa2a ee873733 p.bclr           x14, x14, 23, 8     x14=00000028 x14:00000028
26674161ns          450961 1c00aa2e 1a10f6b7 lui              x13, 0x1a10f000     x13=1a10f000
26674181ns          450962 1c00aa32 0ff57513 andi             x10, x10, 255       x10=00000062 x10:00000062
26674201ns          450963 1c00aa36 00d70733 add              x14, x14, x13       x14=1a10f028 x14:00000028 x13:1a10f000
26674221ns          450964 1c00aa38 00a7e723 p.sw             x10, x0(x15)        x10:00000062 x15:00000000  PA:1a10f028
26674559ns          450981 1c00aa3c 00000513 addi             x10, x0, 0          x10=00000000
26674579ns          450982 1c00aa3e 00008067 jalr             x0, x1, 0            x1:1c00aae6
26674638ns          450985 1c00aae6 25f52163 p.beqimm         x10, 578            x10:00000000
26674658ns          450986 1c00aaea 001d8d93 addi             x27, x27, 1         x27=00000010 x27:0000000f
26674678ns          450987 1c00aaec 00044503 lbu              x10, 0(x8)          x10=00000065  x8:1c000081  PA:1c000081
26674996ns          451003 1c00aaf0 00140413 addi             x8, x8, 1            x8=1c000082  x8:1c000081
26675016ns          451004 1c00aaf2 fe0514e3 bne              x10, x0, -24        x10:00000065
26675096ns          451008 1c00aada 02500793 addi             x15, x0, 37         x15=00000025
26675116ns          451009 1c00aade 04f50863 beq              x10, x15, 80        x10:00000065 x15:00000025
26675136ns          451010 1c00aae2 01a005b3 add              x11, x0, x26        x11=00000002 x26:00000002
26675155ns          451011 1c00aae4 000b00e7 jalr             x1, x22, 0           x1=1c00aae6 x22:1c00aa18
26675195ns          451013 1c00aa18 000026b7 lui              x13, 0x2000         x13=00002000
26675215ns          451014 1c00aa1a f14027f3 csrrs            x15, x0, 0xf14      x15=00000005
26675235ns          451015 1c00aa1e f8068693 addi             x13, x13, -128      x13=00001f80 x13:00002000
26675255ns          451016 1c00aa22 00379713 slli             x14, x15, 0x3       x14=00000028 x15:00000005
26675275ns          451017 1c00aa26 00279793 slli             x15, x15, 0x2       x15=00000014 x15:00000005
26675295ns          451018 1c00aa28 00d7f7b3 and              x15, x15, x13       x15=00000000 x15:00000014 x13:00001f80
26675314ns          451019 1c00aa2a ee873733 p.bclr           x14, x14, 23, 8     x14=00000028 x14:00000028
26675334ns          451020 1c00aa2e 1a10f6b7 lui              x13, 0x1a10f000     x13=1a10f000
26675354ns          451021 1c00aa32 0ff57513 andi             x10, x10, 255       x10=00000065 x10:00000065
26675374ns          451022 1c00aa36 00d70733 add              x14, x14, x13       x14=1a10f028 x14:00000028 x13:1a10f000
26675394ns          451023 1c00aa38 00a7e723 p.sw             x10, x0(x15)        x10:00000065 x15:00000000  PA:1a10f028
26675732ns          451040 1c00aa3c 00000513 addi             x10, x0, 0          x10=00000000
26675752ns          451041 1c00aa3e 00008067 jalr             x0, x1, 0            x1:1c00aae6
26675812ns          451044 1c00aae6 25f52163 p.beqimm         x10, 578            x10:00000000
26675832ns          451045 1c00aaea 001d8d93 addi             x27, x27, 1         x27=00000011 x27:00000010
26675851ns          451046 1c00aaec 00044503 lbu              x10, 0(x8)          x10=00000072  x8:1c000082  PA:1c000082
26676150ns          451061 1c00aaf0 00140413 addi             x8, x8, 1            x8=1c000083  x8:1c000082
26676170ns          451062 1c00aaf2 fe0514e3 bne              x10, x0, -24        x10:00000072
26676249ns          451066 1c00aada 02500793 addi             x15, x0, 37         x15=00000025
26676269ns          451067 1c00aade 04f50863 beq              x10, x15, 80        x10:00000072 x15:00000025
26676289ns          451068 1c00aae2 01a005b3 add              x11, x0, x26        x11=00000002 x26:00000002
26676309ns          451069 1c00aae4 000b00e7 jalr             x1, x22, 0           x1=1c00aae6 x22:1c00aa18
26676349ns          451071 1c00aa18 000026b7 lui              x13, 0x2000         x13=00002000
26676369ns          451072 1c00aa1a f14027f3 csrrs            x15, x0, 0xf14      x15=00000005
26676388ns          451073 1c00aa1e f8068693 addi             x13, x13, -128      x13=00001f80 x13:00002000
26676408ns          451074 1c00aa22 00379713 slli             x14, x15, 0x3       x14=00000028 x15:00000005
26676428ns          451075 1c00aa26 00279793 slli             x15, x15, 0x2       x15=00000014 x15:00000005
26676448ns          451076 1c00aa28 00d7f7b3 and              x15, x15, x13       x15=00000000 x15:00000014 x13:00001f80
26676468ns          451077 1c00aa2a ee873733 p.bclr           x14, x14, 23, 8     x14=00000028 x14:00000028
26676488ns          451078 1c00aa2e 1a10f6b7 lui              x13, 0x1a10f000     x13=1a10f000
26676508ns          451079 1c00aa32 0ff57513 andi             x10, x10, 255       x10=00000072 x10:00000072
26676528ns          451080 1c00aa36 00d70733 add              x14, x14, x13       x14=1a10f028 x14:00000028 x13:1a10f000
26676548ns          451081 1c00aa38 00a7e723 p.sw             x10, x0(x15)        x10:00000072 x15:00000000  PA:1a10f028
26676886ns          451098 1c00aa3c 00000513 addi             x10, x0, 0          x10=00000000
26676906ns          451099 1c00aa3e 00008067 jalr             x0, x1, 0            x1:1c00aae6
26676965ns          451102 1c00aae6 25f52163 p.beqimm         x10, 578            x10:00000000
26676985ns          451103 1c00aaea 001d8d93 addi             x27, x27, 1         x27=00000012 x27:00000011
26677005ns          451104 1c00aaec 00044503 lbu              x10, 0(x8)          x10=00000020  x8:1c000083  PA:1c000083
26677303ns          451119 1c00aaf0 00140413 addi             x8, x8, 1            x8=1c000084  x8:1c000083
26677323ns          451120 1c00aaf2 fe0514e3 bne              x10, x0, -24        x10:00000020
26677403ns          451124 1c00aada 02500793 addi             x15, x0, 37         x15=00000025
26677423ns          451125 1c00aade 04f50863 beq              x10, x15, 80        x10:00000020 x15:00000025
26677443ns          451126 1c00aae2 01a005b3 add              x11, x0, x26        x11=00000002 x26:00000002
26677462ns          451127 1c00aae4 000b00e7 jalr             x1, x22, 0           x1=1c00aae6 x22:1c00aa18
26677502ns          451129 1c00aa18 000026b7 lui              x13, 0x2000         x13=00002000
26677522ns          451130 1c00aa1a f14027f3 csrrs            x15, x0, 0xf14      x15=00000005
26677542ns          451131 1c00aa1e f8068693 addi             x13, x13, -128      x13=00001f80 x13:00002000
26677562ns          451132 1c00aa22 00379713 slli             x14, x15, 0x3       x14=00000028 x15:00000005
26677582ns          451133 1c00aa26 00279793 slli             x15, x15, 0x2       x15=00000014 x15:00000005
26677602ns          451134 1c00aa28 00d7f7b3 and              x15, x15, x13       x15=00000000 x15:00000014 x13:00001f80
26677622ns          451135 1c00aa2a ee873733 p.bclr           x14, x14, 23, 8     x14=00000028 x14:00000028
26677641ns          451136 1c00aa2e 1a10f6b7 lui              x13, 0x1a10f000     x13=1a10f000
26677661ns          451137 1c00aa32 0ff57513 andi             x10, x10, 255       x10=00000020 x10:00000020
26677681ns          451138 1c00aa36 00d70733 add              x14, x14, x13       x14=1a10f028 x14:00000028 x13:1a10f000
26677701ns          451139 1c00aa38 00a7e723 p.sw             x10, x0(x15)        x10:00000020 x15:00000000  PA:1a10f028
26678039ns          451156 1c00aa3c 00000513 addi             x10, x0, 0          x10=00000000
26678059ns          451157 1c00aa3e 00008067 jalr             x0, x1, 0            x1:1c00aae6
26678119ns          451160 1c00aae6 25f52163 p.beqimm         x10, 578            x10:00000000
26678139ns          451161 1c00aaea 001d8d93 addi             x27, x27, 1         x27=00000013 x27:00000012
26678158ns          451162 1c00aaec 00044503 lbu              x10, 0(x8)          x10=0000006f  x8:1c000084  PA:1c000084
26678457ns          451177 1c00aaf0 00140413 addi             x8, x8, 1            x8=1c000085  x8:1c000084
26678477ns          451178 1c00aaf2 fe0514e3 bne              x10, x0, -24        x10:0000006f
26678556ns          451182 1c00aada 02500793 addi             x15, x0, 37         x15=00000025
26678576ns          451183 1c00aade 04f50863 beq              x10, x15, 80        x10:0000006f x15:00000025
26678596ns          451184 1c00aae2 01a005b3 add              x11, x0, x26        x11=00000002 x26:00000002
26678616ns          451185 1c00aae4 000b00e7 jalr             x1, x22, 0           x1=1c00aae6 x22:1c00aa18
26678656ns          451187 1c00aa18 000026b7 lui              x13, 0x2000         x13=00002000
26678676ns          451188 1c00aa1a f14027f3 csrrs            x15, x0, 0xf14      x15=00000005
26678695ns          451189 1c00aa1e f8068693 addi             x13, x13, -128      x13=00001f80 x13:00002000
26678715ns          451190 1c00aa22 00379713 slli             x14, x15, 0x3       x14=00000028 x15:00000005
26678735ns          451191 1c00aa26 00279793 slli             x15, x15, 0x2       x15=00000014 x15:00000005
26678755ns          451192 1c00aa28 00d7f7b3 and              x15, x15, x13       x15=00000000 x15:00000014 x13:00001f80
26678775ns          451193 1c00aa2a ee873733 p.bclr           x14, x14, 23, 8     x14=00000028 x14:00000028
26678795ns          451194 1c00aa2e 1a10f6b7 lui              x13, 0x1a10f000     x13=1a10f000
26678815ns          451195 1c00aa32 0ff57513 andi             x10, x10, 255       x10=0000006f x10:0000006f
26678835ns          451196 1c00aa36 00d70733 add              x14, x14, x13       x14=1a10f028 x14:00000028 x13:1a10f000
26678855ns          451197 1c00aa38 00a7e723 p.sw             x10, x0(x15)        x10:0000006f x15:00000000  PA:1a10f028
26679173ns          451213 1c00aa3c 00000513 addi             x10, x0, 0          x10=00000000
26679193ns          451214 1c00aa3e 00008067 jalr             x0, x1, 0            x1:1c00aae6
26679252ns          451217 1c00aae6 25f52163 p.beqimm         x10, 578            x10:00000000
26679272ns          451218 1c00aaea 001d8d93 addi             x27, x27, 1         x27=00000014 x27:00000013
26679292ns          451219 1c00aaec 00044503 lbu              x10, 0(x8)          x10=00000066  x8:1c000085  PA:1c000085
26679630ns          451236 1c00aaf0 00140413 addi             x8, x8, 1            x8=1c000086  x8:1c000085
26679650ns          451237 1c00aaf2 fe0514e3 bne              x10, x0, -24        x10:00000066
26679730ns          451241 1c00aada 02500793 addi             x15, x0, 37         x15=00000025
26679750ns          451242 1c00aade 04f50863 beq              x10, x15, 80        x10:00000066 x15:00000025
26679769ns          451243 1c00aae2 01a005b3 add              x11, x0, x26        x11=00000002 x26:00000002
26679789ns          451244 1c00aae4 000b00e7 jalr             x1, x22, 0           x1=1c00aae6 x22:1c00aa18
26679829ns          451246 1c00aa18 000026b7 lui              x13, 0x2000         x13=00002000
26679849ns          451247 1c00aa1a f14027f3 csrrs            x15, x0, 0xf14      x15=00000005
26679869ns          451248 1c00aa1e f8068693 addi             x13, x13, -128      x13=00001f80 x13:00002000
26679889ns          451249 1c00aa22 00379713 slli             x14, x15, 0x3       x14=00000028 x15:00000005
26679909ns          451250 1c00aa26 00279793 slli             x15, x15, 0x2       x15=00000014 x15:00000005
26679929ns          451251 1c00aa28 00d7f7b3 and              x15, x15, x13       x15=00000000 x15:00000014 x13:00001f80
26679948ns          451252 1c00aa2a ee873733 p.bclr           x14, x14, 23, 8     x14=00000028 x14:00000028
26679968ns          451253 1c00aa2e 1a10f6b7 lui              x13, 0x1a10f000     x13=1a10f000
26679988ns          451254 1c00aa32 0ff57513 andi             x10, x10, 255       x10=00000066 x10:00000066
26680008ns          451255 1c00aa36 00d70733 add              x14, x14, x13       x14=1a10f028 x14:00000028 x13:1a10f000
26680028ns          451256 1c00aa38 00a7e723 p.sw             x10, x0(x15)        x10:00000066 x15:00000000  PA:1a10f028
26680366ns          451273 1c00aa3c 00000513 addi             x10, x0, 0          x10=00000000
26680386ns          451274 1c00aa3e 00008067 jalr             x0, x1, 0            x1:1c00aae6
26680446ns          451277 1c00aae6 25f52163 p.beqimm         x10, 578            x10:00000000
26680465ns          451278 1c00aaea 001d8d93 addi             x27, x27, 1         x27=00000015 x27:00000014
26680485ns          451279 1c00aaec 00044503 lbu              x10, 0(x8)          x10=00000020  x8:1c000086  PA:1c000086
26680784ns          451294 1c00aaf0 00140413 addi             x8, x8, 1            x8=1c000087  x8:1c000086
26680804ns          451295 1c00aaf2 fe0514e3 bne              x10, x0, -24        x10:00000020
26680883ns          451299 1c00aada 02500793 addi             x15, x0, 37         x15=00000025
26680903ns          451300 1c00aade 04f50863 beq              x10, x15, 80        x10:00000020 x15:00000025
26680923ns          451301 1c00aae2 01a005b3 add              x11, x0, x26        x11=00000002 x26:00000002
26680943ns          451302 1c00aae4 000b00e7 jalr             x1, x22, 0           x1=1c00aae6 x22:1c00aa18
26680983ns          451304 1c00aa18 000026b7 lui              x13, 0x2000         x13=00002000
26681002ns          451305 1c00aa1a f14027f3 csrrs            x15, x0, 0xf14      x15=00000005
26681022ns          451306 1c00aa1e f8068693 addi             x13, x13, -128      x13=00001f80 x13:00002000
26681042ns          451307 1c00aa22 00379713 slli             x14, x15, 0x3       x14=00000028 x15:00000005
26681062ns          451308 1c00aa26 00279793 slli             x15, x15, 0x2       x15=00000014 x15:00000005
26681082ns          451309 1c00aa28 00d7f7b3 and              x15, x15, x13       x15=00000000 x15:00000014 x13:00001f80
26681102ns          451310 1c00aa2a ee873733 p.bclr           x14, x14, 23, 8     x14=00000028 x14:00000028
26681122ns          451311 1c00aa2e 1a10f6b7 lui              x13, 0x1a10f000     x13=1a10f000
26681142ns          451312 1c00aa32 0ff57513 andi             x10, x10, 255       x10=00000020 x10:00000020
26681162ns          451313 1c00aa36 00d70733 add              x14, x14, x13       x14=1a10f028 x14:00000028 x13:1a10f000
26681181ns          451314 1c00aa38 00a7e723 p.sw             x10, x0(x15)        x10:00000020 x15:00000000  PA:1a10f028
26681520ns          451331 1c00aa3c 00000513 addi             x10, x0, 0          x10=00000000
26681539ns          451332 1c00aa3e 00008067 jalr             x0, x1, 0            x1:1c00aae6
26681599ns          451335 1c00aae6 25f52163 p.beqimm         x10, 578            x10:00000000
26681619ns          451336 1c00aaea 001d8d93 addi             x27, x27, 1         x27=00000016 x27:00000015
26681639ns          451337 1c00aaec 00044503 lbu              x10, 0(x8)          x10=00000063  x8:1c000087  PA:1c000087
26681937ns          451352 1c00aaf0 00140413 addi             x8, x8, 1            x8=1c000088  x8:1c000087
26681957ns          451353 1c00aaf2 fe0514e3 bne              x10, x0, -24        x10:00000063
26682037ns          451357 1c00aada 02500793 addi             x15, x0, 37         x15=00000025
26682057ns          451358 1c00aade 04f50863 beq              x10, x15, 80        x10:00000063 x15:00000025
26682076ns          451359 1c00aae2 01a005b3 add              x11, x0, x26        x11=00000002 x26:00000002
26682096ns          451360 1c00aae4 000b00e7 jalr             x1, x22, 0           x1=1c00aae6 x22:1c00aa18
26682136ns          451362 1c00aa18 000026b7 lui              x13, 0x2000         x13=00002000
26682156ns          451363 1c00aa1a f14027f3 csrrs            x15, x0, 0xf14      x15=00000005
26682176ns          451364 1c00aa1e f8068693 addi             x13, x13, -128      x13=00001f80 x13:00002000
26682196ns          451365 1c00aa22 00379713 slli             x14, x15, 0x3       x14=00000028 x15:00000005
26682216ns          451366 1c00aa26 00279793 slli             x15, x15, 0x2       x15=00000014 x15:00000005
26682236ns          451367 1c00aa28 00d7f7b3 and              x15, x15, x13       x15=00000000 x15:00000014 x13:00001f80
26682255ns          451368 1c00aa2a ee873733 p.bclr           x14, x14, 23, 8     x14=00000028 x14:00000028
26682275ns          451369 1c00aa2e 1a10f6b7 lui              x13, 0x1a10f000     x13=1a10f000
26682295ns          451370 1c00aa32 0ff57513 andi             x10, x10, 255       x10=00000063 x10:00000063
26682315ns          451371 1c00aa36 00d70733 add              x14, x14, x13       x14=1a10f028 x14:00000028 x13:1a10f000
26682335ns          451372 1c00aa38 00a7e723 p.sw             x10, x0(x15)        x10:00000063 x15:00000000  PA:1a10f028
26682673ns          451389 1c00aa3c 00000513 addi             x10, x0, 0          x10=00000000
26682693ns          451390 1c00aa3e 00008067 jalr             x0, x1, 0            x1:1c00aae6
26682753ns          451393 1c00aae6 25f52163 p.beqimm         x10, 578            x10:00000000
26682772ns          451394 1c00aaea 001d8d93 addi             x27, x27, 1         x27=00000017 x27:00000016
26682792ns          451395 1c00aaec 00044503 lbu              x10, 0(x8)          x10=0000006f  x8:1c000088  PA:1c000088
26683091ns          451410 1c00aaf0 00140413 addi             x8, x8, 1            x8=1c000089  x8:1c000088
26683111ns          451411 1c00aaf2 fe0514e3 bne              x10, x0, -24        x10:0000006f
26683190ns          451415 1c00aada 02500793 addi             x15, x0, 37         x15=00000025
26683210ns          451416 1c00aade 04f50863 beq              x10, x15, 80        x10:0000006f x15:00000025
26683230ns          451417 1c00aae2 01a005b3 add              x11, x0, x26        x11=00000002 x26:00000002
26683250ns          451418 1c00aae4 000b00e7 jalr             x1, x22, 0           x1=1c00aae6 x22:1c00aa18
26683290ns          451420 1c00aa18 000026b7 lui              x13, 0x2000         x13=00002000
26683309ns          451421 1c00aa1a f14027f3 csrrs            x15, x0, 0xf14      x15=00000005
26683329ns          451422 1c00aa1e f8068693 addi             x13, x13, -128      x13=00001f80 x13:00002000
26683349ns          451423 1c00aa22 00379713 slli             x14, x15, 0x3       x14=00000028 x15:00000005
26683369ns          451424 1c00aa26 00279793 slli             x15, x15, 0x2       x15=00000014 x15:00000005
26683389ns          451425 1c00aa28 00d7f7b3 and              x15, x15, x13       x15=00000000 x15:00000014 x13:00001f80
26683409ns          451426 1c00aa2a ee873733 p.bclr           x14, x14, 23, 8     x14=00000028 x14:00000028
26683429ns          451427 1c00aa2e 1a10f6b7 lui              x13, 0x1a10f000     x13=1a10f000
26683449ns          451428 1c00aa32 0ff57513 andi             x10, x10, 255       x10=0000006f x10:0000006f
26683469ns          451429 1c00aa36 00d70733 add              x14, x14, x13       x14=1a10f028 x14:00000028 x13:1a10f000
26683488ns          451430 1c00aa38 00a7e723 p.sw             x10, x0(x15)        x10:0000006f x15:00000000  PA:1a10f028
26683827ns          451447 1c00aa3c 00000513 addi             x10, x0, 0          x10=00000000
26683846ns          451448 1c00aa3e 00008067 jalr             x0, x1, 0            x1:1c00aae6
26683906ns          451451 1c00aae6 25f52163 p.beqimm         x10, 578            x10:00000000
26683926ns          451452 1c00aaea 001d8d93 addi             x27, x27, 1         x27=00000018 x27:00000017
26683946ns          451453 1c00aaec 00044503 lbu              x10, 0(x8)          x10=00000072  x8:1c000089  PA:1c000089
26684264ns          451469 1c00aaf0 00140413 addi             x8, x8, 1            x8=1c00008a  x8:1c000089
26684284ns          451470 1c00aaf2 fe0514e3 bne              x10, x0, -24        x10:00000072
26684364ns          451474 1c00aada 02500793 addi             x15, x0, 37         x15=00000025
26684383ns          451475 1c00aade 04f50863 beq              x10, x15, 80        x10:00000072 x15:00000025
26684403ns          451476 1c00aae2 01a005b3 add              x11, x0, x26        x11=00000002 x26:00000002
26684423ns          451477 1c00aae4 000b00e7 jalr             x1, x22, 0           x1=1c00aae6 x22:1c00aa18
26684463ns          451479 1c00aa18 000026b7 lui              x13, 0x2000         x13=00002000
26684483ns          451480 1c00aa1a f14027f3 csrrs            x15, x0, 0xf14      x15=00000005
26684503ns          451481 1c00aa1e f8068693 addi             x13, x13, -128      x13=00001f80 x13:00002000
26684523ns          451482 1c00aa22 00379713 slli             x14, x15, 0x3       x14=00000028 x15:00000005
26684543ns          451483 1c00aa26 00279793 slli             x15, x15, 0x2       x15=00000014 x15:00000005
26684562ns          451484 1c00aa28 00d7f7b3 and              x15, x15, x13       x15=00000000 x15:00000014 x13:00001f80
26684582ns          451485 1c00aa2a ee873733 p.bclr           x14, x14, 23, 8     x14=00000028 x14:00000028
26684602ns          451486 1c00aa2e 1a10f6b7 lui              x13, 0x1a10f000     x13=1a10f000
26684622ns          451487 1c00aa32 0ff57513 andi             x10, x10, 255       x10=00000072 x10:00000072
26684642ns          451488 1c00aa36 00d70733 add              x14, x14, x13       x14=1a10f028 x14:00000028 x13:1a10f000
26684662ns          451489 1c00aa38 00a7e723 p.sw             x10, x0(x15)        x10:00000072 x15:00000000  PA:1a10f028
26684980ns          451505 1c00aa3c 00000513 addi             x10, x0, 0          x10=00000000
26685000ns          451506 1c00aa3e 00008067 jalr             x0, x1, 0            x1:1c00aae6
26685060ns          451509 1c00aae6 25f52163 p.beqimm         x10, 578            x10:00000000
26685080ns          451510 1c00aaea 001d8d93 addi             x27, x27, 1         x27=00000019 x27:00000018
26685099ns          451511 1c00aaec 00044503 lbu              x10, 0(x8)          x10=00000065  x8:1c00008a  PA:1c00008a
26685398ns          451526 1c00aaf0 00140413 addi             x8, x8, 1            x8=1c00008b  x8:1c00008a
26685418ns          451527 1c00aaf2 fe0514e3 bne              x10, x0, -24        x10:00000065
26685497ns          451531 1c00aada 02500793 addi             x15, x0, 37         x15=00000025
26685517ns          451532 1c00aade 04f50863 beq              x10, x15, 80        x10:00000065 x15:00000025
26685537ns          451533 1c00aae2 01a005b3 add              x11, x0, x26        x11=00000002 x26:00000002
26685557ns          451534 1c00aae4 000b00e7 jalr             x1, x22, 0           x1=1c00aae6 x22:1c00aa18
26685597ns          451536 1c00aa18 000026b7 lui              x13, 0x2000         x13=00002000
26685616ns          451537 1c00aa1a f14027f3 csrrs            x15, x0, 0xf14      x15=00000005
26685636ns          451538 1c00aa1e f8068693 addi             x13, x13, -128      x13=00001f80 x13:00002000
26685656ns          451539 1c00aa22 00379713 slli             x14, x15, 0x3       x14=00000028 x15:00000005
26685676ns          451540 1c00aa26 00279793 slli             x15, x15, 0x2       x15=00000014 x15:00000005
26685696ns          451541 1c00aa28 00d7f7b3 and              x15, x15, x13       x15=00000000 x15:00000014 x13:00001f80
26685716ns          451542 1c00aa2a ee873733 p.bclr           x14, x14, 23, 8     x14=00000028 x14:00000028
26685736ns          451543 1c00aa2e 1a10f6b7 lui              x13, 0x1a10f000     x13=1a10f000
26685756ns          451544 1c00aa32 0ff57513 andi             x10, x10, 255       x10=00000065 x10:00000065
26685776ns          451545 1c00aa36 00d70733 add              x14, x14, x13       x14=1a10f028 x14:00000028 x13:1a10f000
26685795ns          451546 1c00aa38 00a7e723 p.sw             x10, x0(x15)        x10:00000065 x15:00000000  PA:1a10f028
26686114ns          451562 1c00aa3c 00000513 addi             x10, x0, 0          x10=00000000
26686134ns          451563 1c00aa3e 00008067 jalr             x0, x1, 0            x1:1c00aae6
26686193ns          451566 1c00aae6 25f52163 p.beqimm         x10, 578            x10:00000000
26686213ns          451567 1c00aaea 001d8d93 addi             x27, x27, 1         x27=0000001a x27:00000019
26686233ns          451568 1c00aaec 00044503 lbu              x10, 0(x8)          x10=00000073  x8:1c00008b  PA:1c00008b
26686531ns          451583 1c00aaf0 00140413 addi             x8, x8, 1            x8=1c00008c  x8:1c00008b
26686551ns          451584 1c00aaf2 fe0514e3 bne              x10, x0, -24        x10:00000073
26686631ns          451588 1c00aada 02500793 addi             x15, x0, 37         x15=00000025
26686651ns          451589 1c00aade 04f50863 beq              x10, x15, 80        x10:00000073 x15:00000025
26686671ns          451590 1c00aae2 01a005b3 add              x11, x0, x26        x11=00000002 x26:00000002
26686690ns          451591 1c00aae4 000b00e7 jalr             x1, x22, 0           x1=1c00aae6 x22:1c00aa18
26686730ns          451593 1c00aa18 000026b7 lui              x13, 0x2000         x13=00002000
26686750ns          451594 1c00aa1a f14027f3 csrrs            x15, x0, 0xf14      x15=00000005
26686770ns          451595 1c00aa1e f8068693 addi             x13, x13, -128      x13=00001f80 x13:00002000
26686790ns          451596 1c00aa22 00379713 slli             x14, x15, 0x3       x14=00000028 x15:00000005
26686810ns          451597 1c00aa26 00279793 slli             x15, x15, 0x2       x15=00000014 x15:00000005
26686830ns          451598 1c00aa28 00d7f7b3 and              x15, x15, x13       x15=00000000 x15:00000014 x13:00001f80
26686850ns          451599 1c00aa2a ee873733 p.bclr           x14, x14, 23, 8     x14=00000028 x14:00000028
26686869ns          451600 1c00aa2e 1a10f6b7 lui              x13, 0x1a10f000     x13=1a10f000
26686889ns          451601 1c00aa32 0ff57513 andi             x10, x10, 255       x10=00000073 x10:00000073
26686909ns          451602 1c00aa36 00d70733 add              x14, x14, x13       x14=1a10f028 x14:00000028 x13:1a10f000
26686929ns          451603 1c00aa38 00a7e723 p.sw             x10, x0(x15)        x10:00000073 x15:00000000  PA:1a10f028
26687267ns          451620 1c00aa3c 00000513 addi             x10, x0, 0          x10=00000000
26687287ns          451621 1c00aa3e 00008067 jalr             x0, x1, 0            x1:1c00aae6
26687347ns          451624 1c00aae6 25f52163 p.beqimm         x10, 578            x10:00000000
26687367ns          451625 1c00aaea 001d8d93 addi             x27, x27, 1         x27=0000001b x27:0000001a
26687387ns          451626 1c00aaec 00044503 lbu              x10, 0(x8)          x10=0000003a  x8:1c00008c  PA:1c00008c
26687685ns          451641 1c00aaf0 00140413 addi             x8, x8, 1            x8=1c00008d  x8:1c00008c
26687705ns          451642 1c00aaf2 fe0514e3 bne              x10, x0, -24        x10:0000003a
26687784ns          451646 1c00aada 02500793 addi             x15, x0, 37         x15=00000025
26687804ns          451647 1c00aade 04f50863 beq              x10, x15, 80        x10:0000003a x15:00000025
26687824ns          451648 1c00aae2 01a005b3 add              x11, x0, x26        x11=00000002 x26:00000002
26687844ns          451649 1c00aae4 000b00e7 jalr             x1, x22, 0           x1=1c00aae6 x22:1c00aa18
26687884ns          451651 1c00aa18 000026b7 lui              x13, 0x2000         x13=00002000
26687904ns          451652 1c00aa1a f14027f3 csrrs            x15, x0, 0xf14      x15=00000005
26687923ns          451653 1c00aa1e f8068693 addi             x13, x13, -128      x13=00001f80 x13:00002000
26687943ns          451654 1c00aa22 00379713 slli             x14, x15, 0x3       x14=00000028 x15:00000005
26687963ns          451655 1c00aa26 00279793 slli             x15, x15, 0x2       x15=00000014 x15:00000005
26687983ns          451656 1c00aa28 00d7f7b3 and              x15, x15, x13       x15=00000000 x15:00000014 x13:00001f80
26688003ns          451657 1c00aa2a ee873733 p.bclr           x14, x14, 23, 8     x14=00000028 x14:00000028
26688023ns          451658 1c00aa2e 1a10f6b7 lui              x13, 0x1a10f000     x13=1a10f000
26688043ns          451659 1c00aa32 0ff57513 andi             x10, x10, 255       x10=0000003a x10:0000003a
26688063ns          451660 1c00aa36 00d70733 add              x14, x14, x13       x14=1a10f028 x14:00000028 x13:1a10f000
26688083ns          451661 1c00aa38 00a7e723 p.sw             x10, x0(x15)        x10:0000003a x15:00000000  PA:1a10f028
26688421ns          451678 1c00aa3c 00000513 addi             x10, x0, 0          x10=00000000
26688441ns          451679 1c00aa3e 00008067 jalr             x0, x1, 0            x1:1c00aae6
26688500ns          451682 1c00aae6 25f52163 p.beqimm         x10, 578            x10:00000000
26688520ns          451683 1c00aaea 001d8d93 addi             x27, x27, 1         x27=0000001c x27:0000001b
26688540ns          451684 1c00aaec 00044503 lbu              x10, 0(x8)          x10=00000020  x8:1c00008d  PA:1c00008d
26688858ns          451700 1c00aaf0 00140413 addi             x8, x8, 1            x8=1c00008e  x8:1c00008d
26688878ns          451701 1c00aaf2 fe0514e3 bne              x10, x0, -24        x10:00000020
26688958ns          451705 1c00aada 02500793 addi             x15, x0, 37         x15=00000025
26688978ns          451706 1c00aade 04f50863 beq              x10, x15, 80        x10:00000020 x15:00000025
26688997ns          451707 1c00aae2 01a005b3 add              x11, x0, x26        x11=00000002 x26:00000002
26689017ns          451708 1c00aae4 000b00e7 jalr             x1, x22, 0           x1=1c00aae6 x22:1c00aa18
26689057ns          451710 1c00aa18 000026b7 lui              x13, 0x2000         x13=00002000
26689077ns          451711 1c00aa1a f14027f3 csrrs            x15, x0, 0xf14      x15=00000005
26689097ns          451712 1c00aa1e f8068693 addi             x13, x13, -128      x13=00001f80 x13:00002000
26689117ns          451713 1c00aa22 00379713 slli             x14, x15, 0x3       x14=00000028 x15:00000005
26689137ns          451714 1c00aa26 00279793 slli             x15, x15, 0x2       x15=00000014 x15:00000005
26689157ns          451715 1c00aa28 00d7f7b3 and              x15, x15, x13       x15=00000000 x15:00000014 x13:00001f80
26689176ns          451716 1c00aa2a ee873733 p.bclr           x14, x14, 23, 8     x14=00000028 x14:00000028
26689196ns          451717 1c00aa2e 1a10f6b7 lui              x13, 0x1a10f000     x13=1a10f000
26689216ns          451718 1c00aa32 0ff57513 andi             x10, x10, 255       x10=00000020 x10:00000020
26689236ns          451719 1c00aa36 00d70733 add              x14, x14, x13       x14=1a10f028 x14:00000028 x13:1a10f000
26689256ns          451720 1c00aa38 00a7e723 p.sw             x10, x0(x15)        x10:00000020 x15:00000000  PA:1a10f028
26689574ns          451736 1c00aa3c 00000513 addi             x10, x0, 0          x10=00000000
26689594ns          451737 1c00aa3e 00008067 jalr             x0, x1, 0            x1:1c00aae6
26689654ns          451740 1c00aae6 25f52163 p.beqimm         x10, 578            x10:00000000
26689674ns          451741 1c00aaea 001d8d93 addi             x27, x27, 1         x27=0000001d x27:0000001c
26689694ns          451742 1c00aaec 00044503 lbu              x10, 0(x8)          x10=00000025  x8:1c00008e  PA:1c00008e
26689992ns          451757 1c00aaf0 00140413 addi             x8, x8, 1            x8=1c00008f  x8:1c00008e
26690012ns          451758 1c00aaf2 fe0514e3 bne              x10, x0, -24        x10:00000025
26690091ns          451762 1c00aada 02500793 addi             x15, x0, 37         x15=00000025
26690111ns          451763 1c00aade 04f50863 beq              x10, x15, 80        x10:00000025 x15:00000025
26690290ns          451772 1c00ab2e 00044483 lbu              x9, 0(x8)            x9=00000064  x8:1c00008f  PA:1c00008f
26690628ns          451789 1c00ab32 02000693 addi             x13, x0, 32         x13=00000020
26690648ns          451790 1c00ab36 00140a93 addi             x21, x8, 1          x21=1c000090  x8:1c00008f
26690668ns          451791 1c00ab3a 009005b3 add              x11, x0, x9         x11=00000064  x9:00000064
26690688ns          451792 1c00ab3c 610b8513 addi             x10, x23, 1552      x10=1c000610 x23:1c000000
26690708ns          451793 1c00ab40 00d12823 sw               x13, 16(x2)         x13:00000020  x2:10002b68  PA:10002b78
26690728ns          451794 1c00ab42 00012c23 sw               x0, 24(x2)           x2:10002b68  PA:10002b80
26690748ns          451795 1c00ab44 00012a23 sw               x0, 20(x2)           x2:10002b68  PA:10002b7c
26690767ns          451796 1c00ab46 00012e23 sw               x0, 28(x2)           x2:10002b68  PA:10002b84
26690787ns          451797 1c00ab48 00012623 sw               x0, 12(x2)           x2:10002b68  PA:10002b74
26690807ns          451798 1c00ab4a 02300913 addi             x18, x0, 35         x18=00000023
26690827ns          451799 1c00ab4e 02d00a13 addi             x20, x0, 45         x20=0000002d
26690847ns          451800 1c00ab52 015009b3 add              x19, x0, x21        x19=1c000090 x21:1c000090
26690867ns          451801 1c00ab54 e45ff0ef jal              x1, -444             x1=1c00ab56
26690907ns          451803 1c00a998 00054783 lbu              x15, 0(x10)         x15=0000002d x10:1c000610  PA:1c000610
26691225ns          451819 1c00a99c 0ff5f593 andi             x11, x11, 255       x11=00000064 x11:00000064
26691245ns          451820 1c00a9a0 00b78c63 beq              x15, x11, 24        x15:0000002d x11:00000064
26691265ns          451821 1c00a9a4 00078b63 beq              x15, x0, 22         x15:0000002d
26691285ns          451822 1c00a9a6 00150793 addi             x15, x10, 1         x15=1c000611 x10:1c000610
26691304ns          451823 1c00a9aa 0040006f jal              x0, 4              
26691404ns          451828 1c00a9ae 00f00533 add              x10, x0, x15        x10=1c000611 x15:1c000611
26691424ns          451829 1c00a9b0 0017c70b p.lbu            x14, 1(x15!)        x14=0000002b x15=1c000612 x15:1c000611  PA:1c000611
26691742ns          451845 1c00a9b4 feb71ce3 bne              x14, x11, -8        x14:0000002b x11:00000064
26691802ns          451848 1c00a9ac 00070763 beq              x14, x0, 14         x14:0000002b
26691822ns          451849 1c00a9ae 00f00533 add              x10, x0, x15        x10=1c000612 x15:1c000612
26691841ns          451850 1c00a9b0 0017c70b p.lbu            x14, 1(x15!)        x14=00000020 x15=1c000613 x15:1c000612  PA:1c000612
26692160ns          451866 1c00a9b4 feb71ce3 bne              x14, x11, -8        x14:00000020 x11:00000064
26692219ns          451869 1c00a9ac 00070763 beq              x14, x0, 14         x14:00000020
26692239ns          451870 1c00a9ae 00f00533 add              x10, x0, x15        x10=1c000613 x15:1c000613
26692259ns          451871 1c00a9b0 0017c70b p.lbu            x14, 1(x15!)        x14=00000023 x15=1c000614 x15:1c000613  PA:1c000613
26692577ns          451887 1c00a9b4 feb71ce3 bne              x14, x11, -8        x14:00000023 x11:00000064
26692637ns          451890 1c00a9ac 00070763 beq              x14, x0, 14         x14:00000023
26692657ns          451891 1c00a9ae 00f00533 add              x10, x0, x15        x10=1c000614 x15:1c000614
26692677ns          451892 1c00a9b0 0017c70b p.lbu            x14, 1(x15!)        x14=00000030 x15=1c000615 x15:1c000614  PA:1c000614
26693035ns          451910 1c00a9b4 feb71ce3 bne              x14, x11, -8        x14:00000030 x11:00000064
26693094ns          451913 1c00a9ac 00070763 beq              x14, x0, 14         x14:00000030
26693114ns          451914 1c00a9ae 00f00533 add              x10, x0, x15        x10=1c000615 x15:1c000615
26693134ns          451915 1c00a9b0 0017c70b p.lbu            x14, 1(x15!)        x14=00000000 x15=1c000616 x15:1c000615  PA:1c000615
26693452ns          451931 1c00a9b4 feb71ce3 bne              x14, x11, -8        x14:00000000 x11:00000064
26693512ns          451934 1c00a9ac 00070763 beq              x14, x0, 14         x14:00000000
26693592ns          451938 1c00a9ba 0015b593 sltiu            x11, x11, 1         x11=00000000 x11:00000064
26693611ns          451939 1c00a9be 40b005b3 sub              x11, x0, x11        x11=00000000 x11:00000000
26693631ns          451940 1c00a9c2 00b57533 and              x10, x10, x11       x10=00000000 x10:1c000615 x11:00000000
26693651ns          451941 1c00a9c4 00008067 jalr             x0, x1, 0            x1:1c00ab56
26693691ns          451943 1c00ab56 02050a63 beq              x10, x0, 52         x10:00000000
26693830ns          451950 1c00ab8a 02a00613 addi             x12, x0, 42         x12=0000002a
26693890ns          451953 1c00ab8e 1ec48c63 beq              x9, x12, 504         x9:00000064 x12:0000002a
26693930ns          451955 1c00ab92 fd048613 addi             x12, x9, -48        x12=00000034  x9:00000064
26693950ns          451956 1c00ab96 00900593 addi             x11, x0, 9          x11=00000009
26693969ns          451957 1c00ab98 00000913 addi             x18, x0, 0          x18=00000000
26693989ns          451958 1c00ab9a 1cc5f663 bgeu             x11, x12, 460       x11:00000009 x12:00000034
26694029ns          451960 1c00ab9e 02e00693 addi             x13, x0, 46         x13=0000002e
26694049ns          451961 1c00aba2 fff00a13 addi             x20, x0, -1         x20=ffffffff
26694069ns          451962 1c00aba4 22d48963 beq              x9, x13, 562         x9:00000064 x13:0000002e
26694089ns          451963 1c00aba8 1c0007b7 lui              x15, 0x1c000000     x15=1c000000
26694109ns          451964 1c00abac 009005b3 add              x11, x0, x9         x11=00000064  x9:00000064
26694168ns          451967 1c00abae 61878513 addi             x10, x15, 1560      x10=1c000618 x15:1c000000
26694188ns          451968 1c00abb2 de7ff0ef jal              x1, -538             x1=1c00abb4
26694228ns          451970 1c00a998 00054783 lbu              x15, 0(x10)         x15=00000068 x10:1c000618  PA:1c000618
26694546ns          451986 1c00a99c 0ff5f593 andi             x11, x11, 255       x11=00000064 x11:00000064
26694566ns          451987 1c00a9a0 00b78c63 beq              x15, x11, 24        x15:00000068 x11:00000064
26694586ns          451988 1c00a9a4 00078b63 beq              x15, x0, 22         x15:00000068
26694606ns          451989 1c00a9a6 00150793 addi             x15, x10, 1         x15=1c000619 x10:1c000618
26694626ns          451990 1c00a9aa 0040006f jal              x0, 4              
26694666ns          451992 1c00a9ae 00f00533 add              x10, x0, x15        x10=1c000619 x15:1c000619
26694685ns          451993 1c00a9b0 0017c70b p.lbu            x14, 1(x15!)        x14=0000006c x15=1c00061a x15:1c000619  PA:1c000619
26695004ns          452009 1c00a9b4 feb71ce3 bne              x14, x11, -8        x14:0000006c x11:00000064
26695063ns          452012 1c00a9ac 00070763 beq              x14, x0, 14         x14:0000006c
26695083ns          452013 1c00a9ae 00f00533 add              x10, x0, x15        x10=1c00061a x15:1c00061a
26695103ns          452014 1c00a9b0 0017c70b p.lbu            x14, 1(x15!)        x14=0000004c x15=1c00061b x15:1c00061a  PA:1c00061a
26695441ns          452031 1c00a9b4 feb71ce3 bne              x14, x11, -8        x14:0000004c x11:00000064
26695501ns          452034 1c00a9ac 00070763 beq              x14, x0, 14         x14:0000004c
26695521ns          452035 1c00a9ae 00f00533 add              x10, x0, x15        x10=1c00061b x15:1c00061b
26695541ns          452036 1c00a9b0 0017c70b p.lbu            x14, 1(x15!)        x14=0000007a x15=1c00061c x15:1c00061b  PA:1c00061b
26695859ns          452052 1c00a9b4 feb71ce3 bne              x14, x11, -8        x14:0000007a x11:00000064
26695918ns          452055 1c00a9ac 00070763 beq              x14, x0, 14         x14:0000007a
26695938ns          452056 1c00a9ae 00f00533 add              x10, x0, x15        x10=1c00061c x15:1c00061c
26695958ns          452057 1c00a9b0 0017c70b p.lbu            x14, 1(x15!)        x14=00000000 x15=1c00061d x15:1c00061c  PA:1c00061c
26696276ns          452073 1c00a9b4 feb71ce3 bne              x14, x11, -8        x14:00000000 x11:00000064
26696336ns          452076 1c00a9ac 00070763 beq              x14, x0, 14         x14:00000000
26696416ns          452080 1c00a9ba 0015b593 sltiu            x11, x11, 1         x11=00000000 x11:00000064
26696436ns          452081 1c00a9be 40b005b3 sub              x11, x0, x11        x11=00000000 x11:00000000
26696455ns          452082 1c00a9c2 00b57533 and              x10, x10, x11       x10=00000000 x10:1c00061c x11:00000000
26696475ns          452083 1c00a9c4 00008067 jalr             x0, x1, 0            x1:1c00abb4
26696515ns          452085 1c00abb4 01300433 add              x8, x0, x19          x8=1c000090 x19:1c000090
26696535ns          452086 1c00abb6 00050563 beq              x10, x0, 10         x10:00000000
26696595ns          452089 1c00abc0 06700693 addi             x13, x0, 103        x13=00000067
26696615ns          452090 1c00abc4 1c96df63 bge              x13, x9, 478        x13:00000067  x9:00000064
26696754ns          452097 1c00ada2 06500693 addi             x13, x0, 101        x13=00000065
26696774ns          452098 1c00ada6 12d4d463 bge              x9, x13, 296         x9:00000064 x13:00000065
26696794ns          452099 1c00adaa 04700693 addi             x13, x0, 71         x13=00000047
26696853ns          452102 1c00adae 5296c363 blt              x13, x9, 1318       x13:00000047  x9:00000064
26696953ns          452107 1c00b2d4 06300693 addi             x13, x0, 99         x13=00000063
26696992ns          452109 1c00b2d8 1cd48463 beq              x9, x13, 456         x9:00000064 x13:00000063
26697012ns          452110 1c00b2dc 1296c763 blt              x13, x9, 302        x13:00000063  x9:00000064
26697132ns          452116 1c00b40a 000c2503 lw               x10, 0(x24)         x10=00000008 x24:10002cc0  PA:10002cc0
26697152ns          452117 1c00b40e 004c0c13 addi             x24, x24, 4         x24=10002cc4 x24:10002cc0
26697191ns          452119 1c00b410 2c054b63 blt              x10, x0, 726        x10:00000008
26697231ns          452121 1c00b414 01412603 lw               x12, 20(x2)         x12=00000000  x2:10002b68  PA:10002b7c
26697251ns          452122 1c00b416 00a006b3 add              x13, x0, x10        x13=00000008 x10:00000008
26697271ns          452123 1c00b418 2e061463 bne              x12, x0, 744        x12:00000000
26697291ns          452124 1c00b41c 01812703 lw               x14, 24(x2)         x14=00000000  x2:10002b68  PA:10002b80
26697311ns          452125 1c00b41e 019007b3 add              x15, x0, x25        x15=10002b8c x25:10002b8c
26697331ns          452126 1c00b420 00070763 beq              x14, x0, 14         x14:00000000
26697390ns          452129 1c00b42e 00f00733 add              x14, x0, x15        x14=10002b8c x15:10002b8c
26697450ns          452132 1c00b430 00a00593 addi             x11, x0, 10         x11=0000000a
26697490ns          452134 1c00b432 02b6f633 remu             x12, x13, x11       x12=00000008 x13:00000008 x11:0000000a
26698106ns          452165 1c00b436 02b6d6b3 divu             x13, x13, x11       x13=00000000 x13:00000008 x11:0000000a
26698723ns          452196 1c00b43a 03060613 addi             x12, x12, 48        x12=00000038 x12:00000008
26698743ns          452197 1c00b43e 00c700ab p.sb             x12, 1(x14!)        x14=10002b8d x12:00000038 x14:10002b8c  PA:10002b8c
26698762ns          452198 1c00b442 fe0698e3 bne              x13, x0, -16        x13:00000000
26698782ns          452199 1c00b444 40f706b3 sub              x13, x14, x15       x13=00000001 x14:10002b8d x15:10002b8c
26698802ns          452200 1c00b448 0146da63 bge              x13, x20, 20        x13:00000001 x20:ffffffff
26698862ns          452203 1c00b45c 00e006b3 add              x13, x0, x14        x13=10002b8d x14:10002b8d
26698882ns          452204 1c00b45e fe068fab p.sb             x0, -1(x13!)        x13=10002b8c x13:10002b8d  PA:10002b8d
26698902ns          452205 1c00b462 00d7fc63 bgeu             x15, x13, 24        x15:10002b8c x13:10002b8c
26698961ns          452208 1c00b47a 01412783 lw               x15, 20(x2)         x15=00000000  x2:10002b68  PA:10002b7c
26698981ns          452209 1c00b47c 01812603 lw               x12, 24(x2)         x12=00000000  x2:10002b68  PA:10002b80
26699001ns          452210 1c00b47e 419704b3 sub              x9, x14, x25         x9=00000001 x14:10002b8d x25:10002b8c
26699021ns          452211 1c00b482 00c7e7b3 or               x15, x15, x12       x15=00000000 x15:00000000 x12:00000000
26699041ns          452212 1c00b484 00f12623 sw               x15, 12(x2)         x15:00000000  x2:10002b68  PA:10002b74
26699061ns          452213 1c00b486 00079363 bne              x15, x0, 6          x15:00000000
26699081ns          452214 1c00b488 01f55513 srli             x10, x10, 0x1f      x10=00000000 x10:00000008
26699101ns          452215 1c00b48a 00a12623 sw               x10, 12(x2)         x10:00000000  x2:10002b68  PA:10002b74
26699120ns          452216 1c00b48c ddfa22e3 p.beqimm         x20, -572           x20:ffffffff
26699180ns          452219 1c00b250 0c800793 addi             x15, x0, 200        x15=000000c8
26699200ns          452220 1c00b254 ac97cae3 blt              x15, x9, -1324      x15:000000c8  x9:00000001
26699220ns          452221 1c00b258 9d24c8e3 blt              x9, x18, -1584       x9:00000001 x18:00000000
26699240ns          452222 1c00b25c aabff06f jal              x0, -1366          
26699359ns          452228 1c00ad06 dc0486e3 beq              x9, x0, -564         x9:00000001
26699379ns          452229 1c00ad0a 01900933 add              x18, x0, x25        x18=10002b8c x25:10002b8c
26699399ns          452230 1c00ad0c 419d8db3 sub              x27, x27, x25       x27=efffd491 x27:0000001d x25:10002b8c
26699439ns          452232 1c00ad10 00a0006f jal              x0, 10             
26699498ns          452235 1c00ad1a 0019450b p.lbu            x10, 1(x18!)        x10=00000038 x18=10002b8d x18:10002b8c  PA:10002b8c
26699518ns          452236 1c00ad1e 01a005b3 add              x11, x0, x26        x11=00000002 x26:00000002
26699558ns          452238 1c00ad20 000b00e7 jalr             x1, x22, 0           x1=1c00ad22 x22:1c00aa18
26699638ns          452242 1c00aa18 000026b7 lui              x13, 0x2000         x13=00002000
26699677ns          452244 1c00aa1a f14027f3 csrrs            x15, x0, 0xf14      x15=00000005
26699737ns          452247 1c00aa1e f8068693 addi             x13, x13, -128      x13=00001f80 x13:00002000
26699777ns          452249 1c00aa22 00379713 slli             x14, x15, 0x3       x14=00000028 x15:00000005
26699797ns          452250 1c00aa26 00279793 slli             x15, x15, 0x2       x15=00000014 x15:00000005
26699817ns          452251 1c00aa28 00d7f7b3 and              x15, x15, x13       x15=00000000 x15:00000014 x13:00001f80
26699836ns          452252 1c00aa2a ee873733 p.bclr           x14, x14, 23, 8     x14=00000028 x14:00000028
26699856ns          452253 1c00aa2e 1a10f6b7 lui              x13, 0x1a10f000     x13=1a10f000
26699876ns          452254 1c00aa32 0ff57513 andi             x10, x10, 255       x10=00000038 x10:00000038
26699896ns          452255 1c00aa36 00d70733 add              x14, x14, x13       x14=1a10f028 x14:00000028 x13:1a10f000
26699916ns          452256 1c00aa38 00a7e723 p.sw             x10, x0(x15)        x10:00000038 x15:00000000  PA:1a10f028
26700234ns          452272 1c00aa3c 00000513 addi             x10, x0, 0          x10=00000000
26700254ns          452273 1c00aa3e 00008067 jalr             x0, x1, 0            x1:1c00ad22
26700294ns          452275 1c00ad22 fff48493 addi             x9, x9, -1           x9=00000000  x9:00000001
26700314ns          452276 1c00ad24 fff537e3 p.bneimm         x10, -18            x10:00000000
26700393ns          452280 1c00ad12 012d8733 add              x14, x27, x18       x14=0000001e x27:efffd491 x18:10002b8d
26700413ns          452281 1c00ad16 66048d63 beq              x9, x0, 1658         x9:00000000
26700473ns          452284 1c00b390 00e00db3 add              x27, x0, x14        x27=0000001e x14:0000001e
26700493ns          452285 1c00b392 f40ff06f jal              x0, -2240          
26700552ns          452288 1c00aad2 00044503 lbu              x10, 0(x8)          x10=0000000a  x8:1c000090  PA:1c000090
26700851ns          452303 1c00aad6 00140413 addi             x8, x8, 1            x8=1c000091  x8:1c000090
26700871ns          452304 1c00aad8 00050e63 beq              x10, x0, 28         x10:0000000a
26700890ns          452305 1c00aada 02500793 addi             x15, x0, 37         x15=00000025
26700910ns          452306 1c00aade 04f50863 beq              x10, x15, 80        x10:0000000a x15:00000025
26700930ns          452307 1c00aae2 01a005b3 add              x11, x0, x26        x11=00000002 x26:00000002
26700950ns          452308 1c00aae4 000b00e7 jalr             x1, x22, 0           x1=1c00aae6 x22:1c00aa18
26700990ns          452310 1c00aa18 000026b7 lui              x13, 0x2000         x13=00002000
26701010ns          452311 1c00aa1a f14027f3 csrrs            x15, x0, 0xf14      x15=00000005
26701030ns          452312 1c00aa1e f8068693 addi             x13, x13, -128      x13=00001f80 x13:00002000
26701050ns          452313 1c00aa22 00379713 slli             x14, x15, 0x3       x14=00000028 x15:00000005
26701069ns          452314 1c00aa26 00279793 slli             x15, x15, 0x2       x15=00000014 x15:00000005
26701089ns          452315 1c00aa28 00d7f7b3 and              x15, x15, x13       x15=00000000 x15:00000014 x13:00001f80
26701109ns          452316 1c00aa2a ee873733 p.bclr           x14, x14, 23, 8     x14=00000028 x14:00000028
26701129ns          452317 1c00aa2e 1a10f6b7 lui              x13, 0x1a10f000     x13=1a10f000
26701149ns          452318 1c00aa32 0ff57513 andi             x10, x10, 255       x10=0000000a x10:0000000a
26701169ns          452319 1c00aa36 00d70733 add              x14, x14, x13       x14=1a10f028 x14:00000028 x13:1a10f000
26701189ns          452320 1c00aa38 00a7e723 p.sw             x10, x0(x15)        x10:0000000a x15:00000000  PA:1a10f028
26701527ns          452337 1c00aa3c 00000513 addi             x10, x0, 0          x10=00000000
26701547ns          452338 1c00aa3e 00008067 jalr             x0, x1, 0            x1:1c00aae6
26701606ns          452341 1c00aae6 25f52163 p.beqimm         x10, 578            x10:00000000
26701626ns          452342 1c00aaea 001d8d93 addi             x27, x27, 1         x27=0000001f x27:0000001e
26701646ns          452343 1c00aaec 00044503 lbu              x10, 0(x8)          x10=00000000  x8:1c000091  PA:1c000091
26701945ns          452358 1c00aaf0 00140413 addi             x8, x8, 1            x8=1c000092  x8:1c000091
26701964ns          452359 1c00aaf2 fe0514e3 bne              x10, x0, -24        x10:00000000
26701984ns          452360 1c00aaf4 01b00433 add              x8, x0, x27          x8=0000001f x27:0000001f
26702004ns          452361 1c00aaf6 00800533 add              x10, x0, x8         x10=0000001f  x8:0000001f
26702024ns          452362 1c00aaf8 12c12083 lw               x1, 300(x2)          x1=1c00aa84  x2:10002b68  PA:10002c94
26702044ns          452363 1c00aafc 12812403 lw               x8, 296(x2)          x8=xxxxxxxx  x2:10002b68  PA:10002c90
26702084ns          452365 1c00ab00 12412483 lw               x9, 292(x2)          x9=xxxxxxxx  x2:10002b68  PA:10002c8c
26702124ns          452367 1c00ab04 12012903 lw               x18, 288(x2)        x18=xxxxxxxx  x2:10002b68  PA:10002c88
26702143ns          452368 1c00ab08 11c12983 lw               x19, 284(x2)        x19=xxxxxxxx  x2:10002b68  PA:10002c84
26702163ns          452369 1c00ab0c 11812a03 lw               x20, 280(x2)        x20=xxxxxxxx  x2:10002b68  PA:10002c80
26702263ns          452374 1c00ab10 11412a83 lw               x21, 276(x2)        x21=xxxxxxxx  x2:10002b68  PA:10002c7c
26702303ns          452376 1c00ab14 11012b03 lw               x22, 272(x2)        x22=xxxxxxxx  x2:10002b68  PA:10002c78
26702322ns          452377 1c00ab18 10c12b83 lw               x23, 268(x2)        x23=xxxxxxxx  x2:10002b68  PA:10002c74
26702342ns          452378 1c00ab1c 10812c03 lw               x24, 264(x2)        x24=xxxxxxxx  x2:10002b68  PA:10002c70
26702362ns          452379 1c00ab20 10412c83 lw               x25, 260(x2)        x25=xxxxxxxx  x2:10002b68  PA:10002c6c
26702382ns          452380 1c00ab24 10012d03 lw               x26, 256(x2)        x26=xxxxxxxx  x2:10002b68  PA:10002c68
26702402ns          452381 1c00ab28 0fc12d83 lw               x27, 252(x2)        x27=xxxxxxxx  x2:10002b68  PA:10002c64
26702422ns          452382 1c00ab2a 13010113 addi             x2, x2, 304          x2=10002c98  x2:10002b68
26702442ns          452383 1c00ab2c 00008067 jalr             x0, x1, 0            x1:1c00aa84
26702561ns          452389 1c00aa84 01c12083 lw               x1, 28(x2)           x1=1c0092a0  x2:10002c98  PA:10002cb4
26702581ns          452390 1c00aa86 04010113 addi             x2, x2, 64           x2=10002cd8  x2:10002c98
26702621ns          452392 1c00aa88 00008067 jalr             x0, x1, 0            x1:1c0092a0
26702760ns          452399 1c0092a0 1c0010b7 lui              x1, 0x1c001000       x1=1c001000
26702800ns          452401 1c0092a4 e9808093 addi             x1, x1, -360         x1=1c000e98  x1:1c001000
26702820ns          452402 1c0092a8 0000a583 lw               x11, 0(x1)          x11=00000000  x1:1c000e98  PA:1c000e98
26703237ns          452423 1c0092ac 0040a603 lw               x12, 4(x1)          x12=007f0427  x1:1c000e98  PA:1c000e9c
26703595ns          452441 1c0092b0 0080a683 lw               x13, 8(x1)          x13=ff6affd1  x1:1c000e98  PA:1c000ea0
26704053ns          452464 1c0092b4 0100a783 lw               x15, 16(x1)         x15=00000000  x1:1c000e98  PA:1c000ea8
26704450ns          452484 1c0092b8 00c0a703 lw               x14, 12(x1)         x14=0060ffe5  x1:1c000e98  PA:1c000ea4
26704868ns          452505 1c0092bc 2cb12623 sw               x11, 716(x2)        x11:00000000  x2:10002cd8  PA:10002fa4
26704888ns          452506 1c0092c0 2cc12823 sw               x12, 720(x2)        x12:007f0427  x2:10002cd8  PA:10002fa8
26704908ns          452507 1c0092c4 2cd12a23 sw               x13, 724(x2)        x13:ff6affd1  x2:10002cd8  PA:10002fac
26704928ns          452508 1c0092c8 2ce12c23 sw               x14, 728(x2)        x14:0060ffe5  x2:10002cd8  PA:10002fb0
26704948ns          452509 1c0092cc 2cf12e23 sw               x15, 732(x2)        x15:00000000  x2:10002cd8  PA:10002fb4
26705246ns          452524 1c0092d0 21d020ef jal              x1, 10780            x1=1c0092d4
26705703ns          452547 1c00bcec f14027f3 csrrs            x15, x0, 0xf14      x15=00000005
26706201ns          452572 1c00bcf0 01f00713 addi             x14, x0, 31         x14=0000001f
26706240ns          452574 1c00bcf2 ca5797b3 p.extractu       x15, x15, 5, 5      x15=00000000 x15:00000005
26706260ns          452575 1c00bcf6 00e78863 beq              x15, x14, 16        x15:00000000 x14:0000001f
26706280ns          452576 1c00bcfa 002047b7 lui              x15, 0x204000       x15=00204000
26706718ns          452598 1c00bcfe 20078793 addi             x15, x15, 512       x15=00204200 x15:00204000
26706757ns          452600 1c00bd02 01c7e703 p.elw            x14, 28(x15)        x14=00010000 x15:00204200  PA:0020421c
26706917ns          452608 1c00bd06 00008067 jalr             x0, x1, 0            x1:1c0092d4
26707275ns          452626 1c0092d4 0ac12283 lw               x5, 172(x2)          x5=00000005  x2:10002cd8  PA:10002d84
26707294ns          452627 1c0092d6 1c003437 lui              x8, 0x1c003000       x8=1c003000
26707314ns          452628 1c0092da 1c0034b7 lui              x9, 0x1c003000       x9=1c003000
26707732ns          452649 1c0092de 1c003537 lui              x10, 0x1c003000     x10=1c003000
26707772ns          452651 1c0092e2 1c0035b7 lui              x11, 0x1c003000     x11=1c003000
26707792ns          452652 1c0092e6 1c003637 lui              x12, 0x1c003000     x12=1c003000
26707811ns          452653 1c0092ea 1c0036b7 lui              x13, 0x1c003000     x13=1c003000
26708269ns          452676 1c0092ee 1c0037b7 lui              x15, 0x1c003000     x15=1c003000
26708309ns          452678 1c0092f2 1c003db7 lui              x27, 0x1c003000     x27=1c003000
26708329ns          452679 1c0092f6 00129b93 slli             x23, x5, 0x1        x23=0000000a  x5:00000005
26708348ns          452680 1c0092fa ef058593 addi             x11, x11, -272      x11=1c002ef0 x11:1c003000
26708806ns          452703 1c0092fe f0060613 addi             x12, x12, -256      x12=1c002f00 x12:1c003000
26708846ns          452705 1c009302 e6078793 addi             x15, x15, -416      x15=1c002e60 x15:1c003000
26708866ns          452706 1c009306 ec040413 addi             x8, x8, -320         x8=1c002ec0  x8:1c003000
26708885ns          452707 1c00930a ed048493 addi             x9, x9, -304         x9=1c002ed0  x9:1c003000
26709323ns          452729 1c00930e ee050513 addi             x10, x10, -288      x10=1c002ee0 x10:1c003000
26709363ns          452731 1c009312 e7068693 addi             x13, x13, -400      x13=1c002e70 x13:1c003000
26709383ns          452732 1c009316 e90d8d93 addi             x27, x27, -368      x27=1c002e90 x27:1c003000
26709403ns          452733 1c00931a 1c003e37 lui              x28, 0x1c003000     x28=1c003000
26709800ns          452753 1c00931e 1c003eb7 lui              x29, 0x1c003000     x29=1c003000
26709840ns          452755 1c009322 1c003f37 lui              x30, 0x1c003000     x30=1c003000
26709860ns          452756 1c009326 01740c33 add              x24, x8, x23        x24=1c002eca  x8:1c002ec0 x23:0000000a
26709880ns          452757 1c00932a 01748b33 add              x22, x9, x23        x22=1c002eda  x9:1c002ed0 x23:0000000a
26710337ns          452780 1c00932e 01758a33 add              x20, x11, x23       x20=1c002efa x11:1c002ef0 x23:0000000a
26710377ns          452782 1c009332 017609b3 add              x19, x12, x23       x19=1c002f0a x12:1c002f00 x23:0000000a
26710397ns          452783 1c009336 017784b3 add              x9, x15, x23         x9=1c002e6a x15:1c002e60 x23:0000000a
26710417ns          452784 1c00933a 01750d33 add              x26, x10, x23       x26=1c002eea x10:1c002ee0 x23:0000000a
26710874ns          452807 1c00933e 01768933 add              x18, x13, x23       x18=1c002e7a x13:1c002e70 x23:0000000a
26710914ns          452809 1c009342 017d8433 add              x8, x27, x23         x8=1c002e9a x27:1c002e90 x23:0000000a
26710934ns          452810 1c009346 e80e0e13 addi             x28, x28, -384      x28=1c002e80 x28:1c003000
26710954ns          452811 1c00934a eb0e8e93 addi             x29, x29, -336      x29=1c002eb0 x29:1c003000
26711371ns          452832 1c00934e ea0f0f13 addi             x30, x30, -352      x30=1c002ea0 x30:1c003000
26711411ns          452834 1c009352 000c1023 sh               x0, 0(x24)          x24:1c002eca  PA:1c002eca
26711729ns          452850 1c009356 000b1023 sh               x0, 0(x22)          x22:1c002eda  PA:1c002eda
26712087ns          452868 1c00935a 00041023 sh               x0, 0(x8)            x8:1c002e9a  PA:1c002e9a
26712406ns          452884 1c00935e 000e5ba3 p.sh             x0, x0(x28)         x28:1c002e80  PA:1c002e8a
26712724ns          452900 1c009362 000edba3 p.sh             x0, x0(x29)         x29:1c002eb0  PA:1c002eba
26713042ns          452916 1c009366 000f5ba3 p.sh             x0, x0(x30)         x30:1c002ea0  PA:1c002eaa
26713360ns          452932 1c00936a 000d1023 sh               x0, 0(x26)          x26:1c002eea  PA:1c002eea
26713678ns          452948 1c00936e 000a1023 sh               x0, 0(x20)          x20:1c002efa  PA:1c002efa
26714017ns          452965 1c009372 00099023 sh               x0, 0(x19)          x19:1c002f0a  PA:1c002f0a
26714355ns          452982 1c009376 00091023 sh               x0, 0(x18)          x18:1c002e7a  PA:1c002e7a
26714673ns          452998 1c00937a 00049023 sh               x0, 0(x9)            x9:1c002e6a  PA:1c002e6a
26714991ns          453014 1c00937e 16f020ef jal              x1, 10606            x1=1c009382
26715011ns          453015 1c00bcec f14027f3 csrrs            x15, x0, 0xf14      x15=00000005
26715031ns          453016 1c00bcf0 01f00713 addi             x14, x0, 31         x14=0000001f
26715051ns          453017 1c00bcf2 ca5797b3 p.extractu       x15, x15, 5, 5      x15=00000000 x15:00000005
26715071ns          453018 1c00bcf6 00e78863 beq              x15, x14, 16        x15:00000000 x14:0000001f
26715090ns          453019 1c00bcfa 002047b7 lui              x15, 0x204000       x15=00204000
26715110ns          453020 1c00bcfe 20078793 addi             x15, x15, 512       x15=00204200 x15:00204000
26715130ns          453021 1c00bd02 01c7e703 p.elw            x14, 28(x15)        x14=00010000 x15:00204200  PA:0020421c
26715349ns          453032 1c00bd06 00008067 jalr             x0, x1, 0            x1:1c009382
26715409ns          453035 1c009382 1c0027b7 lui              x15, 0x1c002000     x15=1c002000
26715429ns          453036 1c009386 e5078793 addi             x15, x15, -432      x15=1c001e50 x15:1c002000
26715448ns          453037 1c00938a 017785b3 add              x11, x15, x23       x11=1c001e5a x15:1c001e50 x23:0000000a
26716025ns          453066 1c00938e 1c0017b7 lui              x15, 0x1c001000     x15=1c001000
26716065ns          453068 1c009392 67c78793 addi             x15, x15, 1660      x15=1c00167c x15:1c001000
26716085ns          453069 1c009396 01778633 add              x12, x15, x23       x12=1c001686 x15:1c00167c x23:0000000a
26716105ns          453070 1c00939a 1c0017b7 lui              x15, 0x1c001000     x15=1c001000
26716503ns          453090 1c00939e eac78793 addi             x15, x15, -340      x15=1c000eac x15:1c001000
26716542ns          453092 1c0093a2 01778ab3 add              x21, x15, x23       x21=1c000eb6 x15:1c000eac x23:0000000a
26716562ns          453093 1c0093a6 1c002cb7 lui              x25, 0x1c002000     x25=1c002000
26716582ns          453094 1c0093aa 0ac12783 lw               x15, 172(x2)        x15=00000005  x2:10002cd8  PA:10002d84
26716602ns          453095 1c0093ac 688c8c93 addi             x25, x25, 1672      x25=1c002688 x25:1c002000
26717040ns          453117 1c0093b0 017c8cb3 add              x25, x25, x23       x25=1c002692 x25:1c002688 x23:0000000a
26717059ns          453118 1c0093b2 03812423 sw               x24, 40(x2)         x24:1c002eca  x2:10002cd8  PA:10002d00
26717079ns          453119 1c0093b4 03612823 sw               x22, 48(x2)         x22:1c002eda  x2:10002cd8  PA:10002d08
26717099ns          453120 1c0093b6 0a812023 sw               x8, 160(x2)          x8:1c002e9a  x2:10002cd8  PA:10002d78
26717119ns          453121 1c0093b8 01700c33 add              x24, x0, x23        x24=0000000a x23:0000000a
26717139ns          453122 1c0093ba 03a12c23 sw               x26, 56(x2)         x26:1c002eea  x2:10002cd8  PA:10002d10
26717159ns          453123 1c0093bc 01500bb3 add              x23, x0, x21        x23=1c000eb6 x21:1c000eb6
26717179ns          453124 1c0093be 05412023 sw               x20, 64(x2)         x20:1c002efa  x2:10002cd8  PA:10002d18
26717576ns          453144 1c0093c0 05312423 sw               x19, 72(x2)         x19:1c002f0a  x2:10002cd8  PA:10002d20
26717596ns          453145 1c0093c2 05212823 sw               x18, 80(x2)         x18:1c002e7a  x2:10002cd8  PA:10002d28
26717616ns          453146 1c0093c4 04912c23 sw               x9, 88(x2)           x9:1c002e6a  x2:10002cd8  PA:10002d30
26717636ns          453147 1c0093c6 00b00433 add              x8, x0, x11          x8=1c001e5a x11:1c001e5a
26717656ns          453148 1c0093c8 00f00b33 add              x22, x0, x15        x22=00000005 x15:00000005
26717676ns          453149 1c0093ca 00c00ab3 add              x21, x0, x12        x21=1c001686 x12:1c001686
26717696ns          453150 1c0093cc 010c9a0b p.lh             x20, 16(x25!)       x20=ffffff77 x25=1c0026a2 x25:1c002692  PA:1c002692
26718253ns          453178 1c0093d0 0104198b p.lh             x19, 16(x8!)        x19=ffffff6a  x8=1c001e6a  x8:1c001e5a  PA:1c001e5a
26718750ns          453203 1c0093d4 2cc10513 addi             x10, x2, 716        x10=10002fa4  x2:10002cd8
26718770ns          453204 1c0093d6 010a990b p.lh             x18, 16(x21!)       x18=ffffff65 x21=1c001696 x21:1c001686  PA:1c001686
26719168ns          453224 1c0093da 010b948b p.lh             x9, 16(x23!)         x9=ffffff77 x23=1c000ec6 x23:1c000eb6  PA:1c000eb6
26719565ns          453244 1c0093de 2d411623 sh               x20, 716(x2)        x20:ffffff77  x2:10002cd8  PA:10002fa4
26719585ns          453245 1c0093e2 2d311723 sh               x19, 718(x2)        x19:ffffff6a  x2:10002cd8  PA:10002fa6
26719605ns          453246 1c0093e6 c33ff0ef jal              x1, -974             x1=1c0093e8
26719963ns          453264 1c009018 00051803 lh               x16, 0(x10)         x16=ffffff77 x10:10002fa4  PA:10002fa4
26720023ns          453267 1c00901c 00251883 lh               x17, 2(x10)         x17=ffffff6a x10:10002fa4  PA:10002fa6
26720401ns          453286 1c009020 030806b3 mul              x13, x16, x16       x13=00004951 x16:ffffff77 x16:ffffff77
26720440ns          453288 1c009024 03188633 mul              x12, x17, x17       x12=000057e4 x17:ffffff6a x17:ffffff6a
26720460ns          453289 1c009028 40a65613 srai             x12, x12, 0x40a     x12=00000015 x12:000057e4
26720480ns          453290 1c00902a 40a6d693 srai             x13, x13, 0x40a     x13=00000012 x13:00004951
26720500ns          453291 1c00902c 00c686b3 add              x13, x13, x12       x13=00000027 x13:00000012 x12:00000015
26720938ns          453313 1c00902e 1006c633 p.exths          x12, x13, x0        x12=00000027 x13:00000027
26720977ns          453315 1c009032 00855703 lhu              x14, 8(x10)         x14=0000ffd1 x10:10002fa4  PA:10002fac
26721017ns          453317 1c009036 00a55683 lhu              x13, 10(x10)        x13=0000ff6a x10:10002fa4  PA:10002fae
26721117ns          453322 1c00903a 02c60333 mul              x6, x12, x12         x6=000005f1 x12:00000027 x12:00000027
26721475ns          453340 1c00903e 00c55783 lhu              x15, 12(x10)        x15=0000ffe5 x10:10002fa4  PA:10002fb0
26721534ns          453343 1c009042 00e55583 lhu              x11, 14(x10)        x11=00000060 x10:10002fa4  PA:10002fb2
26721634ns          453348 1c009046 dea30333 p.extract        x6, x6, 15, 10       x6=00000001  x6:000005f1
26721654ns          453349 1c00904a 80c7075b p.muls           x14, x14, x12       x14=fffff8d7 x14:0000ffd1 x12:00000027
26721992ns          453366 1c00904e 80c686db p.muls           x13, x13, x12       x13=ffffe926 x13:0000ff6a x12:00000027
26722031ns          453368 1c009052 00455e83 lhu              x29, 4(x10)         x29=00000427 x10:10002fa4  PA:10002fa8
26722071ns          453370 1c009056 00655e03 lhu              x28, 6(x10)         x28=0000007f x10:10002fa4  PA:10002faa
26722171ns          453375 1c00905a 40a75713 srai             x14, x14, 0x40a     x14=fffffffe x14:fffff8d7
26722191ns          453376 1c00905c 806787db p.muls           x15, x15, x6        x15=ffffffe5 x15:0000ffe5  x6:00000001
26722509ns          453392 1c009060 40a6d693 srai             x13, x13, 0x40a     x13=fffffffa x13:ffffe926
26722548ns          453394 1c009062 8065865b p.muls           x12, x11, x6        x12=00000060 x11:00000060  x6:00000001
26722568ns          453395 1c009066 40a7d793 srai             x15, x15, 0x40a     x15=ffffffff x15:ffffffe5
26722588ns          453396 1c009068 40a65613 srai             x12, x12, 0x40a     x12=00000000 x12:00000060
26722608ns          453397 1c00906a 01d70733 add              x14, x14, x29       x14=00000425 x14:fffffffe x29:00000427
26722628ns          453398 1c00906c 01c686b3 add              x13, x13, x28       x13=00000079 x13:fffffffa x28:0000007f
26722648ns          453399 1c00906e 00c686b3 add              x13, x13, x12       x13=00000079 x13:00000079 x12:00000000
26723026ns          453418 1c009070 00f70733 add              x14, x14, x15       x14=00000424 x14:00000425 x15:ffffffff
26723066ns          453420 1c009072 100747b3 p.exths          x15, x14, x0        x15=00000424 x14:00000424
26723085ns          453421 1c009076 1006c733 p.exths          x14, x13, x0        x14=00000079 x13:00000079
26723105ns          453422 1c00907a 03170633 mul              x12, x14, x17       x12=ffffb91a x14:00000079 x17:ffffff6a
26723563ns          453445 1c00907e 030786b3 mul              x13, x15, x16       x13=fffdc8bc x15:00000424 x16:ffffff77
26723603ns          453447 1c009082 03070733 mul              x14, x14, x16       x14=ffffbf3f x14:00000079 x16:ffffff77
26723622ns          453448 1c009086 031787b3 mul              x15, x15, x17       x15=fffd92e8 x15:00000424 x17:ffffff6a
26723642ns          453449 1c00908a 40a6d693 srai             x13, x13, 0x40a     x13=ffffff72 x13:fffdc8bc
26723662ns          453450 1c00908c 40a65613 srai             x12, x12, 0x40a     x12=ffffffee x12:ffffb91a
26723682ns          453451 1c00908e 40a7d793 srai             x15, x15, 0x40a     x15=ffffff64 x15:fffd92e8
26724080ns          453471 1c009090 40a75713 srai             x14, x14, 0x40a     x14=ffffffef x14:ffffbf3f
26724100ns          453472 1c009092 40c686b3 sub              x13, x13, x12       x13=ffffff84 x13:ffffff72 x12:ffffffee
26724120ns          453473 1c009094 00e787b3 add              x15, x15, x14       x15=ffffff53 x15:ffffff64 x14:ffffffef
26724140ns          453474 1c009096 00d51823 sh               x13, 16(x10)        x13:ffffff84 x10:10002fa4  PA:10002fb4
26724179ns          453476 1c00909a 00f51923 sh               x15, 18(x10)        x15:ffffff53 x10:10002fa4  PA:10002fb6
26724279ns          453481 1c00909e 00008067 jalr             x0, x1, 0            x1:1c0093e8
26724597ns          453497 1c0093e8 2dc15583 lhu              x11, 732(x2)        x11=0000ff84  x2:10002cd8  PA:10002fb4
26724637ns          453499 1c0093ec 2de15783 lhu              x15, 734(x2)        x15=0000ff53  x2:10002cd8  PA:10002fb6
26725074ns          453521 1c0093f0 40b90933 sub              x18, x18, x11       x18=fffeffe1 x18:ffffff65 x11:0000ff84
26725114ns          453523 1c0093f4 40f484b3 sub              x9, x9, x15          x9=ffff0024  x9:ffffff77 x15:0000ff53
26725134ns          453524 1c0093f6 100945b3 p.exths          x11, x18, x0        x11=ffffffe1 x18:fffeffe1
26725154ns          453525 1c0093fa 1004c7b3 p.exths          x15, x9, x0         x15=00000024  x9:ffff0024
26725611ns          453548 1c0093fe 034586b3 mul              x13, x11, x20       x13=00001097 x11:ffffffe1 x20:ffffff77
26725651ns          453550 1c009402 03378533 mul              x10, x15, x19       x10=ffffeae8 x15:00000024 x19:ffffff6a
26725671ns          453551 1c009406 034a0633 mul              x12, x20, x20       x12=00004951 x20:ffffff77 x20:ffffff77
26725691ns          453552 1c00940a 03398733 mul              x14, x19, x19       x14=000057e4 x19:ffffff6a x19:ffffff6a
26726148ns          453575 1c00940e 034787b3 mul              x15, x15, x20       x15=ffffecbc x15:00000024 x20:ffffff77
26726188ns          453577 1c009412 033585b3 mul              x11, x11, x19       x11=0000122a x11:ffffffe1 x19:ffffff6a
26726208ns          453578 1c009416 40a75713 srai             x14, x14, 0x40a     x14=00000015 x14:000057e4
26726228ns          453579 1c009418 40a5d593 srai             x11, x11, 0x40a     x11=00000004 x11:0000122a
26726248ns          453580 1c00941a 40a65613 srai             x12, x12, 0x40a     x12=00000012 x12:00004951
26726268ns          453581 1c00941c 40a7d793 srai             x15, x15, 0x40a     x15=fffffffb x15:ffffecbc
26726626ns          453599 1c00941e 1c0034b7 lui              x9, 0x1c003000       x9=1c003000
26726645ns          453600 1c009422 00e60633 add              x12, x12, x14       x12=00000027 x12:00000012 x14:00000015
26726665ns          453601 1c009424 40b787b3 sub              x15, x15, x11       x15=fffffff7 x15:fffffffb x11:00000004
26726685ns          453602 1c009426 eb048493 addi             x9, x9, -336         x9=1c002eb0  x9:1c003000
26726705ns          453603 1c00942a 1c0032b7 lui              x5, 0x1c003000       x5=1c003000
26727163ns          453626 1c00942e 1c0035b7 lui              x11, 0x1c003000     x11=1c003000
26727202ns          453628 1c009432 018483b3 add              x7, x9, x24          x7=1c002eba  x9:1c002eb0 x24:0000000a
26727222ns          453629 1c009436 02812e83 lw               x29, 40(x2)         x29=1c002eca  x2:10002cd8  PA:10002d00
26727242ns          453630 1c009438 10065633 p.exthz          x12, x12, x0        x12=00000027 x12:00000027
26727262ns          453631 1c00943c e8028293 addi             x5, x5, -384         x5=1c002e80  x5:1c003000
26727699ns          453653 1c009440 ea058593 addi             x11, x11, -352      x11=1c002ea0 x11:1c003000
26727739ns          453655 1c009444 03812483 lw               x9, 56(x2)           x9=1c002eea  x2:10002cd8  PA:10002d10
26727759ns          453656 1c009446 10064733 p.exths          x14, x12, x0        x14=00000027 x12:00000027
26727779ns          453657 1c00944a 018280b3 add              x1, x5, x24          x1=1c002e8a  x5:1c002e80 x24:0000000a
26727799ns          453658 1c00944e 03012f03 lw               x30, 48(x2)         x30=1c002eda  x2:10002cd8  PA:10002d08
26728197ns          453678 1c009450 018582b3 add              x5, x11, x24         x5=1c002eaa x11:1c002ea0 x24:0000000a
26728236ns          453680 1c009454 04012583 lw               x11, 64(x2)         x11=1c002efa  x2:10002cd8  PA:10002d18
26728256ns          453681 1c009456 000edd83 lhu              x27, 0(x29)         x27=00000000 x29:1c002eca  PA:1c002eca
26728674ns          453702 1c00945a 0004d483 lhu              x9, 0(x9)            x9=00000000  x9:1c002eea  PA:1c002eea
26729092ns          453723 1c00945e 02e70333 mul              x6, x14, x14         x6=000005f1 x14:00000027 x14:00000027
26729112ns          453724 1c009462 40a55513 srai             x10, x10, 0x40a     x10=fffffffa x10:ffffeae8
26729131ns          453725 1c009464 04812e83 lw               x29, 72(x2)         x29=1c002f0a  x2:10002cd8  PA:10002d20
26729151ns          453726 1c009466 40a6d693 srai             x13, x13, 0x40a     x13=00000004 x13:00001097
26729171ns          453727 1c009468 000f5d03 lhu              x26, 0(x30)         x26=00000000 x30:1c002eda  PA:1c002eda
26729470ns          453742 1c00946c 0005d583 lhu              x11, 0(x11)         x11=00000000 x11:1c002efa  PA:1c002efa
26729987ns          453768 1c009470 40a35313 srai             x6, x6, 0x40a        x6=00000001  x6:000005f1
26730006ns          453769 1c009474 00a686b3 add              x13, x13, x10       x13=fffffffe x13:00000004 x10:fffffffa
26730026ns          453770 1c009476 05012f03 lw               x30, 80(x2)         x30=1c002e7a  x2:10002cd8  PA:10002d28
26730046ns          453771 1c009478 10034e33 p.exths          x28, x6, x0         x28=00000001  x6:00000001
26730066ns          453772 1c00947c 06911023 sh               x9, 96(x2)           x9:00000000  x2:10002cd8  PA:10002d38
26730126ns          453775 1c009480 000ede83 lhu              x29, 0(x29)         x29=00000000 x29:1c002f0a  PA:1c002f0a
26730703ns          453804 1c009484 05812483 lw               x9, 88(x2)           x9=1c002e6a  x2:10002cd8  PA:10002d30
26730722ns          453805 1c009486 1006d6b3 p.exthz          x13, x13, x0        x13=0000fffe x13:fffffffe
26730742ns          453806 1c00948a 02ee08b3 mul              x17, x28, x14       x17=00000027 x28:00000001 x14:00000027
26730762ns          453807 1c00948e 1006c833 p.exths          x16, x13, x0        x16=fffffffe x13:0000fffe
26730782ns          453808 1c009492 06b11823 sh               x11, 112(x2)        x11:00000000  x2:10002cd8  PA:10002d48
26730802ns          453809 1c009496 000f5f03 lhu              x30, 0(x30)         x30=00000000 x30:1c002e7a  PA:1c002e7a
26731299ns          453834 1c00949a 0a012583 lw               x11, 160(x2)        x11=1c002e9a  x2:10002cd8  PA:10002d78
26731319ns          453835 1c00949c 1007d7b3 p.exthz          x15, x15, x0        x15=0000fff7 x15:fffffff7
26731339ns          453836 1c0094a0 0004da03 lhu              x20, 0(x9)          x20=00000000  x9:1c002e6a  PA:1c002e6a
26731717ns          453855 1c0094a4 1007c533 p.exths          x10, x15, x0        x10=fffffff7 x15:0000fff7
26731737ns          453856 1c0094a8 09d11023 sh               x29, 128(x2)        x29:00000000  x2:10002cd8  PA:10002d58
26731757ns          453857 1c0094ac 0003d483 lhu              x9, 0(x7)            x9=00000000  x7:1c002eba  PA:1c002eba
26732055ns          453872 1c0094b0 02e80eb3 mul              x29, x16, x14       x29=ffffffb2 x16:fffffffe x14:00000027
26732075ns          453873 1c0094b4 40a8d893 srai             x17, x17, 0x40a     x17=00000000 x17:00000027
26732095ns          453874 1c0094b8 03c80833 mul              x16, x16, x28       x16=fffffffe x16:fffffffe x28:00000001
26732115ns          453875 1c0094bc 09e11823 sh               x30, 144(x2)        x30:00000000  x2:10002cd8  PA:10002d68
26732492ns          453894 1c0094c0 0005d983 lhu              x19, 0(x11)         x19=00000000 x11:1c002e9a  PA:1c002e9a
26733010ns          453920 1c0094c4 81c88f5b p.muls           x30, x17, x28       x30=00000000 x17:00000000 x28:00000001
26733029ns          453921 1c0094c8 0002d583 lhu              x11, 0(x5)          x11=00000000  x5:1c002eaa  PA:1c002eaa
26733387ns          453939 1c0094cc 03ce0fb3 mul              x31, x28, x28       x31=00000001 x28:00000001 x28:00000001
26733407ns          453940 1c0094d0 02e50733 mul              x14, x10, x14       x14=fffffea1 x10:fffffff7 x14:00000027
26733427ns          453941 1c0094d4 40a85813 srai             x16, x16, 0x40a     x16=ffffffff x16:fffffffe
26733447ns          453942 1c0094d8 03c50533 mul              x10, x10, x28       x10=fffffff7 x10:fffffff7 x28:00000001
26733467ns          453943 1c0094dc 07015e03 lhu              x28, 112(x2)        x28=00000000  x2:10002cd8  PA:10002d48
26733765ns          453958 1c0094e0 01b60633 add              x12, x12, x27       x12=00000027 x12:00000027 x27:00000000
26733785ns          453959 1c0094e2 00980833 add              x16, x16, x9        x16=ffffffff x16:ffffffff  x9:00000000
26733805ns          453960 1c0094e4 06015d83 lhu              x27, 96(x2)         x27=00000000  x2:10002cd8  PA:10002d38
26733825ns          453961 1c0094e8 02812483 lw               x9, 40(x2)           x9=1c002eca  x2:10002cd8  PA:10002d00
26733845ns          453962 1c0094ea 40afdf93 srai             x31, x31, 0x40a     x31=00000000 x31:00000001
26733865ns          453963 1c0094ee 40a55513 srai             x10, x10, 0x40a     x10=ffffffff x10:fffffff7
26734282ns          453984 1c0094f0 01cf8fb3 add              x31, x31, x28       x31=00000000 x31:00000000 x28:00000000
26734302ns          453985 1c0094f2 00b50533 add              x10, x10, x11       x10=ffffffff x10:ffffffff x11:00000000
26734322ns          453986 1c0094f4 09015e03 lhu              x28, 144(x2)        x28=00000000  x2:10002cd8  PA:10002d68
26734342ns          453987 1c0094f8 03012583 lw               x11, 48(x2)         x11=1c002eda  x2:10002cd8  PA:10002d08
26734362ns          453988 1c0094fa 00c49023 sh               x12, 0(x9)          x12:00000027  x9:1c002eca  PA:1c002eca
26734680ns          454004 1c0094fe 01b888b3 add              x17, x17, x27       x17=00000000 x17:00000000 x27:00000000
26734819ns          454011 1c009500 01a30333 add              x6, x6, x26          x6=00000001  x6:00000001 x26:00000000
26734859ns          454013 1c009502 08015d83 lhu              x27, 128(x2)        x27=00000000  x2:10002cd8  PA:10002d58
26734879ns          454014 1c009506 0000d903 lhu              x18, 0(x1)          x18=00000000  x1:1c002e8a  PA:1c002e8a
26735436ns          454042 1c00950a 01c686b3 add              x13, x13, x28       x13=0000fffe x13:0000fffe x28:00000000
26735456ns          454043 1c00950c 00659023 sh               x6, 0(x11)           x6:00000001 x11:1c002eda  PA:1c002eda
26735774ns          454059 1c009510 40af5f13 srai             x30, x30, 0x40a     x30=00000000 x30:00000000
26735794ns          454060 1c009514 04812e03 lw               x28, 72(x2)         x28=1c002f0a  x2:10002cd8  PA:10002d20
26735814ns          454061 1c009516 01bf0f33 add              x30, x30, x27       x30=00000000 x30:00000000 x27:00000000
26735834ns          454062 1c009518 40aede93 srai             x29, x29, 0x40a     x29=ffffffff x29:ffffffb2
26735854ns          454063 1c00951c 40a75713 srai             x14, x14, 0x40a     x14=ffffffff x14:fffffea1
26735873ns          454064 1c00951e 03812603 lw               x12, 56(x2)         x12=1c002eea  x2:10002cd8  PA:10002d10
26735893ns          454065 1c009520 04012d83 lw               x27, 64(x2)         x27=1c002efa  x2:10002cd8  PA:10002d18
26735933ns          454067 1c009522 01ee1023 sh               x30, 0(x28)         x30:00000000 x28:1c002f0a  PA:1c002f0a
26736271ns          454084 1c009526 05812483 lw               x9, 88(x2)           x9=1c002e6a  x2:10002cd8  PA:10002d30
26736291ns          454085 1c009528 05012f03 lw               x30, 80(x2)         x30=1c002e7a  x2:10002cd8  PA:10002d28
26736311ns          454086 1c00952a 0a012583 lw               x11, 160(x2)        x11=1c002e9a  x2:10002cd8  PA:10002d78
26736331ns          454087 1c00952c 014787b3 add              x15, x15, x20       x15=0000fff7 x15:0000fff7 x20:00000000
26736351ns          454088 1c00952e 013e8eb3 add              x29, x29, x19       x29=ffffffff x29:ffffffff x19:00000000
26736430ns          454092 1c009530 01270733 add              x14, x14, x18       x14=ffffffff x14:ffffffff x18:00000000
26736470ns          454094 1c009532 00f49023 sh               x15, 0(x9)          x15:0000fff7  x9:1c002e6a  PA:1c002e6a
26736788ns          454110 1c009536 01161023 sh               x17, 0(x12)         x17:00000000 x12:1c002eea  PA:1c002eea
26737107ns          454126 1c00953a 01fd9023 sh               x31, 0(x27)         x31:00000000 x27:1c002efa  PA:1c002efa
26737425ns          454142 1c00953e 00df1023 sh               x13, 0(x30)         x13:0000fffe x30:1c002e7a  PA:1c002e7a
26737763ns          454159 1c009542 01d59023 sh               x29, 0(x11)         x29:ffffffff x11:1c002e9a  PA:1c002e9a
26738081ns          454175 1c009546 00e09023 sh               x14, 0(x1)          x14:ffffffff  x1:1c002e8a  PA:1c002e8a
26738399ns          454191 1c00954a 01039023 sh               x16, 0(x7)          x16:ffffffff  x7:1c002eba  PA:1c002eba
26738717ns          454207 1c00954e 00a29023 sh               x10, 0(x5)          x10:ffffffff  x5:1c002eaa  PA:1c002eaa
26739056ns          454224 1c009552 008b0b13 addi             x22, x22, 8         x22=0000000d x22:00000005
26739075ns          454225 1c009554 1f300793 addi             x15, x0, 499        x15=000001f3
26739095ns          454226 1c009558 e767dae3 bge              x15, x22, -396      x15:000001f3 x22:0000000d
26739533ns          454248 1c0093cc 010c9a0b p.lh             x20, 16(x25!)       x20=00000064 x25=1c0026b2 x25:1c0026a2  PA:1c0026a2
26739851ns          454264 1c0093d0 0104198b p.lh             x19, 16(x8!)        x19=000000ee  x8=1c001e7a  x8:1c001e6a  PA:1c001e6a
26740149ns          454279 1c0093d4 2cc10513 addi             x10, x2, 716        x10=10002fa4  x2:10002cd8
26740169ns          454280 1c0093d6 010a990b p.lh             x18, 16(x21!)       x18=00000073 x21=1c0016a6 x21:1c001696  PA:1c001696
26740468ns          454295 1c0093da 010b948b p.lh             x9, 16(x23!)         x9=000000ec x23=1c000ed6 x23:1c000ec6  PA:1c000ec6
26740766ns          454310 1c0093de 2d411623 sh               x20, 716(x2)        x20:00000064  x2:10002cd8  PA:10002fa4
26740826ns          454313 1c0093e2 2d311723 sh               x19, 718(x2)        x19:000000ee  x2:10002cd8  PA:10002fa6
26740945ns          454319 1c0093e6 c33ff0ef jal              x1, -974             x1=1c0093e8
26740965ns          454320 1c009018 00051803 lh               x16, 0(x10)         x16=00000064 x10:10002fa4  PA:10002fa4
26741084ns          454326 1c00901c 00251883 lh               x17, 2(x10)         x17=000000ee x10:10002fa4  PA:10002fa6
26741203ns          454332 1c009020 030806b3 mul              x13, x16, x16       x13=00002710 x16:00000064 x16:00000064
26741223ns          454333 1c009024 03188633 mul              x12, x17, x17       x12=0000dd44 x17:000000ee x17:000000ee
26741243ns          454334 1c009028 40a65613 srai             x12, x12, 0x40a     x12=00000037 x12:0000dd44
26741263ns          454335 1c00902a 40a6d693 srai             x13, x13, 0x40a     x13=00000009 x13:00002710
26741283ns          454336 1c00902c 00c686b3 add              x13, x13, x12       x13=00000040 x13:00000009 x12:00000037
26741303ns          454337 1c00902e 1006c633 p.exths          x12, x13, x0        x12=00000040 x13:00000040
26741343ns          454339 1c009032 00855703 lhu              x14, 8(x10)         x14=0000ffd1 x10:10002fa4  PA:10002fac
26741382ns          454341 1c009036 00a55683 lhu              x13, 10(x10)        x13=0000ff6a x10:10002fa4  PA:10002fae
26741462ns          454345 1c00903a 02c60333 mul              x6, x12, x12         x6=00001000 x12:00000040 x12:00000040
26741482ns          454346 1c00903e 00c55783 lhu              x15, 12(x10)        x15=0000ffe5 x10:10002fa4  PA:10002fb0
26741502ns          454347 1c009042 00e55583 lhu              x11, 14(x10)        x11=00000060 x10:10002fa4  PA:10002fb2
26741522ns          454348 1c009046 dea30333 p.extract        x6, x6, 15, 10       x6=00000004  x6:00001000
26741542ns          454349 1c00904a 80c7075b p.muls           x14, x14, x12       x14=fffff440 x14:0000ffd1 x12:00000040
26741581ns          454351 1c00904e 80c686db p.muls           x13, x13, x12       x13=ffffda80 x13:0000ff6a x12:00000040
26741621ns          454353 1c009052 00455e83 lhu              x29, 4(x10)         x29=00000427 x10:10002fa4  PA:10002fa8
26741641ns          454354 1c009056 00655e03 lhu              x28, 6(x10)         x28=0000007f x10:10002fa4  PA:10002faa
26741661ns          454355 1c00905a 40a75713 srai             x14, x14, 0x40a     x14=fffffffd x14:fffff440
26741681ns          454356 1c00905c 806787db p.muls           x15, x15, x6        x15=ffffff94 x15:0000ffe5  x6:00000004
26741701ns          454357 1c009060 40a6d693 srai             x13, x13, 0x40a     x13=fffffff6 x13:ffffda80
26741721ns          454358 1c009062 8065865b p.muls           x12, x11, x6        x12=00000180 x11:00000060  x6:00000004
26741740ns          454359 1c009066 40a7d793 srai             x15, x15, 0x40a     x15=ffffffff x15:ffffff94
26741760ns          454360 1c009068 40a65613 srai             x12, x12, 0x40a     x12=00000000 x12:00000180
26741780ns          454361 1c00906a 01d70733 add              x14, x14, x29       x14=00000424 x14:fffffffd x29:00000427
26741800ns          454362 1c00906c 01c686b3 add              x13, x13, x28       x13=00000075 x13:fffffff6 x28:0000007f
26741820ns          454363 1c00906e 00c686b3 add              x13, x13, x12       x13=00000075 x13:00000075 x12:00000000
26741840ns          454364 1c009070 00f70733 add              x14, x14, x15       x14=00000423 x14:00000424 x15:ffffffff
26741860ns          454365 1c009072 100747b3 p.exths          x15, x14, x0        x15=00000423 x14:00000423
26741880ns          454366 1c009076 1006c733 p.exths          x14, x13, x0        x14=00000075 x13:00000075
26741900ns          454367 1c00907a 03170633 mul              x12, x14, x17       x12=00006cc6 x14:00000075 x17:000000ee
26741939ns          454369 1c00907e 030786b3 mul              x13, x15, x16       x13=00019dac x15:00000423 x16:00000064
26741979ns          454371 1c009082 03070733 mul              x14, x14, x16       x14=00002db4 x14:00000075 x16:00000064
26741999ns          454372 1c009086 031787b3 mul              x15, x15, x17       x15=0003d88a x15:00000423 x17:000000ee
26742019ns          454373 1c00908a 40a6d693 srai             x13, x13, 0x40a     x13=00000067 x13:00019dac
26742039ns          454374 1c00908c 40a65613 srai             x12, x12, 0x40a     x12=0000001b x12:00006cc6
26742059ns          454375 1c00908e 40a7d793 srai             x15, x15, 0x40a     x15=000000f6 x15:0003d88a
26742079ns          454376 1c009090 40a75713 srai             x14, x14, 0x40a     x14=0000000b x14:00002db4
26742098ns          454377 1c009092 40c686b3 sub              x13, x13, x12       x13=0000004c x13:00000067 x12:0000001b
26742118ns          454378 1c009094 00e787b3 add              x15, x15, x14       x15=00000101 x15:000000f6 x14:0000000b
26742138ns          454379 1c009096 00d51823 sh               x13, 16(x10)        x13:0000004c x10:10002fa4  PA:10002fb4
26742158ns          454380 1c00909a 00f51923 sh               x15, 18(x10)        x15:00000101 x10:10002fa4  PA:10002fb6
26742178ns          454381 1c00909e 00008067 jalr             x0, x1, 0            x1:1c0093e8
26742516ns          454398 1c0093e8 2dc15583 lhu              x11, 732(x2)        x11=0000004c  x2:10002cd8  PA:10002fb4
26742556ns          454400 1c0093ec 2de15783 lhu              x15, 734(x2)        x15=00000101  x2:10002cd8  PA:10002fb6
26742655ns          454405 1c0093f0 40b90933 sub              x18, x18, x11       x18=00000027 x18:00000073 x11:0000004c
26742675ns          454406 1c0093f4 40f484b3 sub              x9, x9, x15          x9=ffffffeb  x9:000000ec x15:00000101
26742695ns          454407 1c0093f6 100945b3 p.exths          x11, x18, x0        x11=00000027 x18:00000027
26742715ns          454408 1c0093fa 1004c7b3 p.exths          x15, x9, x0         x15=ffffffeb  x9:ffffffeb
26742735ns          454409 1c0093fe 034586b3 mul              x13, x11, x20       x13=00000f3c x11:00000027 x20:00000064
26742755ns          454410 1c009402 03378533 mul              x10, x15, x19       x10=ffffec7a x15:ffffffeb x19:000000ee
26742775ns          454411 1c009406 034a0633 mul              x12, x20, x20       x12=00002710 x20:00000064 x20:00000064
26742794ns          454412 1c00940a 03398733 mul              x14, x19, x19       x14=0000dd44 x19:000000ee x19:000000ee
26742814ns          454413 1c00940e 034787b3 mul              x15, x15, x20       x15=fffff7cc x15:ffffffeb x20:00000064
26742834ns          454414 1c009412 033585b3 mul              x11, x11, x19       x11=00002442 x11:00000027 x19:000000ee
26742854ns          454415 1c009416 40a75713 srai             x14, x14, 0x40a     x14=00000037 x14:0000dd44
26742874ns          454416 1c009418 40a5d593 srai             x11, x11, 0x40a     x11=00000009 x11:00002442
26742894ns          454417 1c00941a 40a65613 srai             x12, x12, 0x40a     x12=00000009 x12:00002710
26742914ns          454418 1c00941c 40a7d793 srai             x15, x15, 0x40a     x15=fffffffd x15:fffff7cc
26742934ns          454419 1c00941e 1c0034b7 lui              x9, 0x1c003000       x9=1c003000
26742954ns          454420 1c009422 00e60633 add              x12, x12, x14       x12=00000040 x12:00000009 x14:00000037
26742973ns          454421 1c009424 40b787b3 sub              x15, x15, x11       x15=fffffff4 x15:fffffffd x11:00000009
26742993ns          454422 1c009426 eb048493 addi             x9, x9, -336         x9=1c002eb0  x9:1c003000
26743013ns          454423 1c00942a 1c0032b7 lui              x5, 0x1c003000       x5=1c003000
26743033ns          454424 1c00942e 1c0035b7 lui              x11, 0x1c003000     x11=1c003000
26743053ns          454425 1c009432 018483b3 add              x7, x9, x24          x7=1c002eba  x9:1c002eb0 x24:0000000a
26743073ns          454426 1c009436 02812e83 lw               x29, 40(x2)         x29=1c002eca  x2:10002cd8  PA:10002d00
26743093ns          454427 1c009438 10065633 p.exthz          x12, x12, x0        x12=00000040 x12:00000040
26743113ns          454428 1c00943c e8028293 addi             x5, x5, -384         x5=1c002e80  x5:1c003000
26743133ns          454429 1c009440 ea058593 addi             x11, x11, -352      x11=1c002ea0 x11:1c003000
26743172ns          454431 1c009444 03812483 lw               x9, 56(x2)           x9=1c002eea  x2:10002cd8  PA:10002d10
26743192ns          454432 1c009446 10064733 p.exths          x14, x12, x0        x14=00000040 x12:00000040
26743212ns          454433 1c00944a 018280b3 add              x1, x5, x24          x1=1c002e8a  x5:1c002e80 x24:0000000a
26743232ns          454434 1c00944e 03012f03 lw               x30, 48(x2)         x30=1c002eda  x2:10002cd8  PA:10002d08
26743272ns          454436 1c009450 018582b3 add              x5, x11, x24         x5=1c002eaa x11:1c002ea0 x24:0000000a
26743312ns          454438 1c009454 04012583 lw               x11, 64(x2)         x11=1c002efa  x2:10002cd8  PA:10002d18
26743331ns          454439 1c009456 000edd83 lhu              x27, 0(x29)         x27=00000027 x29:1c002eca  PA:1c002eca
26743630ns          454454 1c00945a 0004d483 lhu              x9, 0(x9)            x9=00000000  x9:1c002eea  PA:1c002eea
26744008ns          454473 1c00945e 02e70333 mul              x6, x14, x14         x6=00001000 x14:00000040 x14:00000040
26744028ns          454474 1c009462 40a55513 srai             x10, x10, 0x40a     x10=fffffffb x10:ffffec7a
26744047ns          454475 1c009464 04812e83 lw               x29, 72(x2)         x29=1c002f0a  x2:10002cd8  PA:10002d20
26744067ns          454476 1c009466 40a6d693 srai             x13, x13, 0x40a     x13=00000003 x13:00000f3c
26744087ns          454477 1c009468 000f5d03 lhu              x26, 0(x30)         x26=00000001 x30:1c002eda  PA:1c002eda
26744405ns          454493 1c00946c 0005d583 lhu              x11, 0(x11)         x11=00000000 x11:1c002efa  PA:1c002efa
26744724ns          454509 1c009470 40a35313 srai             x6, x6, 0x40a        x6=00000004  x6:00001000
26744744ns          454510 1c009474 00a686b3 add              x13, x13, x10       x13=fffffffe x13:00000003 x10:fffffffb
26744763ns          454511 1c009476 05012f03 lw               x30, 80(x2)         x30=1c002e7a  x2:10002cd8  PA:10002d28
26744783ns          454512 1c009478 10034e33 p.exths          x28, x6, x0         x28=00000004  x6:00000004
26744803ns          454513 1c00947c 06911023 sh               x9, 96(x2)           x9:00000000  x2:10002cd8  PA:10002d38
26744843ns          454515 1c009480 000ede83 lhu              x29, 0(x29)         x29=00000000 x29:1c002f0a  PA:1c002f0a
26745181ns          454532 1c009484 05812483 lw               x9, 88(x2)           x9=1c002e6a  x2:10002cd8  PA:10002d30
26745201ns          454533 1c009486 1006d6b3 p.exthz          x13, x13, x0        x13=0000fffe x13:fffffffe
26745221ns          454534 1c00948a 02ee08b3 mul              x17, x28, x14       x17=00000100 x28:00000004 x14:00000040
26745241ns          454535 1c00948e 1006c833 p.exths          x16, x13, x0        x16=fffffffe x13:0000fffe
26745261ns          454536 1c009492 06b11823 sh               x11, 112(x2)        x11:00000000  x2:10002cd8  PA:10002d48
26745280ns          454537 1c009496 000f5f03 lhu              x30, 0(x30)         x30=0000fffe x30:1c002e7a  PA:1c002e7a
26745599ns          454553 1c00949a 0a012583 lw               x11, 160(x2)        x11=1c002e9a  x2:10002cd8  PA:10002d78
26745619ns          454554 1c00949c 1007d7b3 p.exthz          x15, x15, x0        x15=0000fff4 x15:fffffff4
26745638ns          454555 1c0094a0 0004da03 lhu              x20, 0(x9)          x20=0000fff7  x9:1c002e6a  PA:1c002e6a
26745957ns          454571 1c0094a4 1007c533 p.exths          x10, x15, x0        x10=fffffff4 x15:0000fff4
26745977ns          454572 1c0094a8 09d11023 sh               x29, 128(x2)        x29:00000000  x2:10002cd8  PA:10002d58
26745996ns          454573 1c0094ac 0003d483 lhu              x9, 0(x7)            x9=0000ffff  x7:1c002eba  PA:1c002eba
26746354ns          454591 1c0094b0 02e80eb3 mul              x29, x16, x14       x29=ffffff80 x16:fffffffe x14:00000040
26746374ns          454592 1c0094b4 40a8d893 srai             x17, x17, 0x40a     x17=00000000 x17:00000100
26746394ns          454593 1c0094b8 03c80833 mul              x16, x16, x28       x16=fffffff8 x16:fffffffe x28:00000004
26746414ns          454594 1c0094bc 09e11823 sh               x30, 144(x2)        x30:0000fffe  x2:10002cd8  PA:10002d68
26746434ns          454595 1c0094c0 0005d983 lhu              x19, 0(x11)         x19=0000ffff x11:1c002e9a  PA:1c002e9a
26746732ns          454610 1c0094c4 81c88f5b p.muls           x30, x17, x28       x30=00000000 x17:00000000 x28:00000004
26746752ns          454611 1c0094c8 0002d583 lhu              x11, 0(x5)          x11=0000ffff  x5:1c002eaa  PA:1c002eaa
26747090ns          454628 1c0094cc 03ce0fb3 mul              x31, x28, x28       x31=00000010 x28:00000004 x28:00000004
26747110ns          454629 1c0094d0 02e50733 mul              x14, x10, x14       x14=fffffd00 x10:fffffff4 x14:00000040
26747130ns          454630 1c0094d4 40a85813 srai             x16, x16, 0x40a     x16=ffffffff x16:fffffff8
26747150ns          454631 1c0094d8 03c50533 mul              x10, x10, x28       x10=ffffffd0 x10:fffffff4 x28:00000004
26747170ns          454632 1c0094dc 07015e03 lhu              x28, 112(x2)        x28=00000000  x2:10002cd8  PA:10002d48
26747210ns          454634 1c0094e0 01b60633 add              x12, x12, x27       x12=00000067 x12:00000040 x27:00000027
26747230ns          454635 1c0094e2 00980833 add              x16, x16, x9        x16=0000fffe x16:ffffffff  x9:0000ffff
26747249ns          454636 1c0094e4 06015d83 lhu              x27, 96(x2)         x27=00000000  x2:10002cd8  PA:10002d38
26747269ns          454637 1c0094e8 02812483 lw               x9, 40(x2)           x9=1c002eca  x2:10002cd8  PA:10002d00
26747289ns          454638 1c0094ea 40afdf93 srai             x31, x31, 0x40a     x31=00000000 x31:00000010
26747309ns          454639 1c0094ee 40a55513 srai             x10, x10, 0x40a     x10=ffffffff x10:ffffffd0
26747329ns          454640 1c0094f0 01cf8fb3 add              x31, x31, x28       x31=00000000 x31:00000000 x28:00000000
26747349ns          454641 1c0094f2 00b50533 add              x10, x10, x11       x10=0000fffe x10:ffffffff x11:0000ffff
26747369ns          454642 1c0094f4 09015e03 lhu              x28, 144(x2)        x28=0000fffe  x2:10002cd8  PA:10002d68
26747389ns          454643 1c0094f8 03012583 lw               x11, 48(x2)         x11=1c002eda  x2:10002cd8  PA:10002d08
26747408ns          454644 1c0094fa 00c49023 sh               x12, 0(x9)          x12:00000067  x9:1c002eca  PA:1c002eca
26747727ns          454660 1c0094fe 01b888b3 add              x17, x17, x27       x17=00000000 x17:00000000 x27:00000000
26747747ns          454661 1c009500 01a30333 add              x6, x6, x26          x6=00000005  x6:00000004 x26:00000001
26747766ns          454662 1c009502 08015d83 lhu              x27, 128(x2)        x27=00000000  x2:10002cd8  PA:10002d58
26747786ns          454663 1c009506 0000d903 lhu              x18, 0(x1)          x18=0000ffff  x1:1c002e8a  PA:1c002e8a
26748085ns          454678 1c00950a 01c686b3 add              x13, x13, x28       x13=0001fffc x13:0000fffe x28:0000fffe
26748105ns          454679 1c00950c 00659023 sh               x6, 0(x11)           x6:00000005 x11:1c002eda  PA:1c002eda
26748423ns          454695 1c009510 40af5f13 srai             x30, x30, 0x40a     x30=00000000 x30:00000000
26748443ns          454696 1c009514 04812e03 lw               x28, 72(x2)         x28=1c002f0a  x2:10002cd8  PA:10002d20
26748463ns          454697 1c009516 01bf0f33 add              x30, x30, x27       x30=00000000 x30:00000000 x27:00000000
26748482ns          454698 1c009518 40aede93 srai             x29, x29, 0x40a     x29=ffffffff x29:ffffff80
26748502ns          454699 1c00951c 40a75713 srai             x14, x14, 0x40a     x14=ffffffff x14:fffffd00
26748522ns          454700 1c00951e 03812603 lw               x12, 56(x2)         x12=1c002eea  x2:10002cd8  PA:10002d10
26748542ns          454701 1c009520 04012d83 lw               x27, 64(x2)         x27=1c002efa  x2:10002cd8  PA:10002d18
26748562ns          454702 1c009522 01ee1023 sh               x30, 0(x28)         x30:00000000 x28:1c002f0a  PA:1c002f0a
26748880ns          454718 1c009526 05812483 lw               x9, 88(x2)           x9=1c002e6a  x2:10002cd8  PA:10002d30
26748900ns          454719 1c009528 05012f03 lw               x30, 80(x2)         x30=1c002e7a  x2:10002cd8  PA:10002d28
26748920ns          454720 1c00952a 0a012583 lw               x11, 160(x2)        x11=1c002e9a  x2:10002cd8  PA:10002d78
26748940ns          454721 1c00952c 014787b3 add              x15, x15, x20       x15=0001ffeb x15:0000fff4 x20:0000fff7
26748960ns          454722 1c00952e 013e8eb3 add              x29, x29, x19       x29=0000fffe x29:ffffffff x19:0000ffff
26748980ns          454723 1c009530 01270733 add              x14, x14, x18       x14=0000fffe x14:ffffffff x18:0000ffff
26749000ns          454724 1c009532 00f49023 sh               x15, 0(x9)          x15:0001ffeb  x9:1c002e6a  PA:1c002e6a
26749318ns          454740 1c009536 01161023 sh               x17, 0(x12)         x17:00000000 x12:1c002eea  PA:1c002eea
26749656ns          454757 1c00953a 01fd9023 sh               x31, 0(x27)         x31:00000000 x27:1c002efa  PA:1c002efa
26749974ns          454773 1c00953e 00df1023 sh               x13, 0(x30)         x13:0001fffc x30:1c002e7a  PA:1c002e7a
26750292ns          454789 1c009542 01d59023 sh               x29, 0(x11)         x29:0000fffe x11:1c002e9a  PA:1c002e9a
26750610ns          454805 1c009546 00e09023 sh               x14, 0(x1)          x14:0000fffe  x1:1c002e8a  PA:1c002e8a
26750949ns          454822 1c00954a 01039023 sh               x16, 0(x7)          x16:0000fffe  x7:1c002eba  PA:1c002eba
26751267ns          454838 1c00954e 00a29023 sh               x10, 0(x5)          x10:0000fffe  x5:1c002eaa  PA:1c002eaa
26751585ns          454854 1c009552 008b0b13 addi             x22, x22, 8         x22=00000015 x22:0000000d
26751605ns          454855 1c009554 1f300793 addi             x15, x0, 499        x15=000001f3
26751625ns          454856 1c009558 e767dae3 bge              x15, x22, -396      x15:000001f3 x22:00000015
26751764ns          454863 1c0093cc 010c9a0b p.lh             x20, 16(x25!)       x20=00000096 x25=1c0026c2 x25:1c0026b2  PA:1c0026b2
26752102ns          454880 1c0093d0 0104198b p.lh             x19, 16(x8!)        x19=fffffe86  x8=1c001e8a  x8:1c001e7a  PA:1c001e7a
26752500ns          454900 1c0093d4 2cc10513 addi             x10, x2, 716        x10=10002fa4  x2:10002cd8
26752520ns          454901 1c0093d6 010a990b p.lh             x18, 16(x21!)       x18=00000077 x21=1c0016b6 x21:1c0016a6  PA:1c0016a6
26752898ns          454920 1c0093da 010b948b p.lh             x9, 16(x23!)         x9=fffffe7f x23=1c000ee6 x23:1c000ed6  PA:1c000ed6
26753295ns          454940 1c0093de 2d411623 sh               x20, 716(x2)        x20:00000096  x2:10002cd8  PA:10002fa4
26753315ns          454941 1c0093e2 2d311723 sh               x19, 718(x2)        x19:fffffe86  x2:10002cd8  PA:10002fa6
26753335ns          454942 1c0093e6 c33ff0ef jal              x1, -974             x1=1c0093e8
26753773ns          454964 1c009018 00051803 lh               x16, 0(x10)         x16=00000096 x10:10002fa4  PA:10002fa4
26753832ns          454967 1c00901c 00251883 lh               x17, 2(x10)         x17=fffffe86 x10:10002fa4  PA:10002fa6
26753892ns          454970 1c009020 030806b3 mul              x13, x16, x16       x13=000057e4 x16:00000096 x16:00000096
26753912ns          454971 1c009024 03188633 mul              x12, x17, x17       x12=00022e24 x17:fffffe86 x17:fffffe86
26753932ns          454972 1c009028 40a65613 srai             x12, x12, 0x40a     x12=0000008b x12:00022e24
26753952ns          454973 1c00902a 40a6d693 srai             x13, x13, 0x40a     x13=00000015 x13:000057e4
26753972ns          454974 1c00902c 00c686b3 add              x13, x13, x12       x13=000000a0 x13:00000015 x12:0000008b
26753991ns          454975 1c00902e 1006c633 p.exths          x12, x13, x0        x12=000000a0 x13:000000a0
26754011ns          454976 1c009032 00855703 lhu              x14, 8(x10)         x14=0000ffd1 x10:10002fa4  PA:10002fac
26754031ns          454977 1c009036 00a55683 lhu              x13, 10(x10)        x13=0000ff6a x10:10002fa4  PA:10002fae
26754051ns          454978 1c00903a 02c60333 mul              x6, x12, x12         x6=00006400 x12:000000a0 x12:000000a0
26754071ns          454979 1c00903e 00c55783 lhu              x15, 12(x10)        x15=0000ffe5 x10:10002fa4  PA:10002fb0
26754091ns          454980 1c009042 00e55583 lhu              x11, 14(x10)        x11=00000060 x10:10002fa4  PA:10002fb2
26754111ns          454981 1c009046 dea30333 p.extract        x6, x6, 15, 10       x6=00000019  x6:00006400
26754131ns          454982 1c00904a 80c7075b p.muls           x14, x14, x12       x14=ffffe2a0 x14:0000ffd1 x12:000000a0
26754170ns          454984 1c00904e 80c686db p.muls           x13, x13, x12       x13=ffffa240 x13:0000ff6a x12:000000a0
26754210ns          454986 1c009052 00455e83 lhu              x29, 4(x10)         x29=00000427 x10:10002fa4  PA:10002fa8
26754270ns          454989 1c009056 00655e03 lhu              x28, 6(x10)         x28=0000007f x10:10002fa4  PA:10002faa
26754290ns          454990 1c00905a 40a75713 srai             x14, x14, 0x40a     x14=fffffff8 x14:ffffe2a0
26754310ns          454991 1c00905c 806787db p.muls           x15, x15, x6        x15=fffffd5d x15:0000ffe5  x6:00000019
26754330ns          454992 1c009060 40a6d693 srai             x13, x13, 0x40a     x13=ffffffe8 x13:ffffa240
26754349ns          454993 1c009062 8065865b p.muls           x12, x11, x6        x12=00000960 x11:00000060  x6:00000019
26754369ns          454994 1c009066 40a7d793 srai             x15, x15, 0x40a     x15=ffffffff x15:fffffd5d
26754389ns          454995 1c009068 40a65613 srai             x12, x12, 0x40a     x12=00000002 x12:00000960
26754409ns          454996 1c00906a 01d70733 add              x14, x14, x29       x14=0000041f x14:fffffff8 x29:00000427
26754429ns          454997 1c00906c 01c686b3 add              x13, x13, x28       x13=00000067 x13:ffffffe8 x28:0000007f
26754449ns          454998 1c00906e 00c686b3 add              x13, x13, x12       x13=00000069 x13:00000067 x12:00000002
26754469ns          454999 1c009070 00f70733 add              x14, x14, x15       x14=0000041e x14:0000041f x15:ffffffff
26754489ns          455000 1c009072 100747b3 p.exths          x15, x14, x0        x15=0000041e x14:0000041e
26754509ns          455001 1c009076 1006c733 p.exths          x14, x13, x0        x14=00000069 x13:00000069
26754528ns          455002 1c00907a 03170633 mul              x12, x14, x17       x12=ffff64f6 x14:00000069 x17:fffffe86
26754568ns          455004 1c00907e 030786b3 mul              x13, x15, x16       x13=00026994 x15:0000041e x16:00000096
26754608ns          455006 1c009082 03070733 mul              x14, x14, x16       x14=00003d86 x14:00000069 x16:00000096
26754628ns          455007 1c009086 031787b3 mul              x15, x15, x17       x15=fff9ebb4 x15:0000041e x17:fffffe86
26754648ns          455008 1c00908a 40a6d693 srai             x13, x13, 0x40a     x13=0000009a x13:00026994
26754668ns          455009 1c00908c 40a65613 srai             x12, x12, 0x40a     x12=ffffffd9 x12:ffff64f6
26754688ns          455010 1c00908e 40a7d793 srai             x15, x15, 0x40a     x15=fffffe7a x15:fff9ebb4
26754707ns          455011 1c009090 40a75713 srai             x14, x14, 0x40a     x14=0000000f x14:00003d86
26754727ns          455012 1c009092 40c686b3 sub              x13, x13, x12       x13=000000c1 x13:0000009a x12:ffffffd9
26754747ns          455013 1c009094 00e787b3 add              x15, x15, x14       x15=fffffe89 x15:fffffe7a x14:0000000f
26754767ns          455014 1c009096 00d51823 sh               x13, 16(x10)        x13:000000c1 x10:10002fa4  PA:10002fb4
26754807ns          455016 1c00909a 00f51923 sh               x15, 18(x10)        x15:fffffe89 x10:10002fa4  PA:10002fb6
26754847ns          455018 1c00909e 00008067 jalr             x0, x1, 0            x1:1c0093e8
26754866ns          455019 1c0093e8 2dc15583 lhu              x11, 732(x2)        x11=000000c1  x2:10002cd8  PA:10002fb4
26754946ns          455023 1c0093ec 2de15783 lhu              x15, 734(x2)        x15=0000fe89  x2:10002cd8  PA:10002fb6
26755006ns          455026 1c0093f0 40b90933 sub              x18, x18, x11       x18=ffffffb6 x18:00000077 x11:000000c1
26755026ns          455027 1c0093f4 40f484b3 sub              x9, x9, x15          x9=fffefff6  x9:fffffe7f x15:0000fe89
26755045ns          455028 1c0093f6 100945b3 p.exths          x11, x18, x0        x11=ffffffb6 x18:ffffffb6
26755065ns          455029 1c0093fa 1004c7b3 p.exths          x15, x9, x0         x15=fffffff6  x9:fffefff6
26755085ns          455030 1c0093fe 034586b3 mul              x13, x11, x20       x13=ffffd4a4 x11:ffffffb6 x20:00000096
26755105ns          455031 1c009402 03378533 mul              x10, x15, x19       x10=00000ec4 x15:fffffff6 x19:fffffe86
26755125ns          455032 1c009406 034a0633 mul              x12, x20, x20       x12=000057e4 x20:00000096 x20:00000096
26755145ns          455033 1c00940a 03398733 mul              x14, x19, x19       x14=00022e24 x19:fffffe86 x19:fffffe86
26755165ns          455034 1c00940e 034787b3 mul              x15, x15, x20       x15=fffffa24 x15:fffffff6 x20:00000096
26755185ns          455035 1c009412 033585b3 mul              x11, x11, x19       x11=00006d44 x11:ffffffb6 x19:fffffe86
26755205ns          455036 1c009416 40a75713 srai             x14, x14, 0x40a     x14=0000008b x14:00022e24
26755224ns          455037 1c009418 40a5d593 srai             x11, x11, 0x40a     x11=0000001b x11:00006d44
26755244ns          455038 1c00941a 40a65613 srai             x12, x12, 0x40a     x12=00000015 x12:000057e4
26755264ns          455039 1c00941c 40a7d793 srai             x15, x15, 0x40a     x15=fffffffe x15:fffffa24
26755284ns          455040 1c00941e 1c0034b7 lui              x9, 0x1c003000       x9=1c003000
26755304ns          455041 1c009422 00e60633 add              x12, x12, x14       x12=000000a0 x12:00000015 x14:0000008b
26755324ns          455042 1c009424 40b787b3 sub              x15, x15, x11       x15=ffffffe3 x15:fffffffe x11:0000001b
26755344ns          455043 1c009426 eb048493 addi             x9, x9, -336         x9=1c002eb0  x9:1c003000
26755364ns          455044 1c00942a 1c0032b7 lui              x5, 0x1c003000       x5=1c003000
26755384ns          455045 1c00942e 1c0035b7 lui              x11, 0x1c003000     x11=1c003000
26755403ns          455046 1c009432 018483b3 add              x7, x9, x24          x7=1c002eba  x9:1c002eb0 x24:0000000a
26755423ns          455047 1c009436 02812e83 lw               x29, 40(x2)         x29=1c002eca  x2:10002cd8  PA:10002d00
26755443ns          455048 1c009438 10065633 p.exthz          x12, x12, x0        x12=000000a0 x12:000000a0
26755463ns          455049 1c00943c e8028293 addi             x5, x5, -384         x5=1c002e80  x5:1c003000
26755503ns          455051 1c009440 ea058593 addi             x11, x11, -352      x11=1c002ea0 x11:1c003000
26755543ns          455053 1c009444 03812483 lw               x9, 56(x2)           x9=1c002eea  x2:10002cd8  PA:10002d10
26755563ns          455054 1c009446 10064733 p.exths          x14, x12, x0        x14=000000a0 x12:000000a0
26755582ns          455055 1c00944a 018280b3 add              x1, x5, x24          x1=1c002e8a  x5:1c002e80 x24:0000000a
26755602ns          455056 1c00944e 03012f03 lw               x30, 48(x2)         x30=1c002eda  x2:10002cd8  PA:10002d08
26755622ns          455057 1c009450 018582b3 add              x5, x11, x24         x5=1c002eaa x11:1c002ea0 x24:0000000a
26755642ns          455058 1c009454 04012583 lw               x11, 64(x2)         x11=1c002efa  x2:10002cd8  PA:10002d18
26755662ns          455059 1c009456 000edd83 lhu              x27, 0(x29)         x27=00000067 x29:1c002eca  PA:1c002eca
26755980ns          455075 1c00945a 0004d483 lhu              x9, 0(x9)            x9=00000000  x9:1c002eea  PA:1c002eea
26756378ns          455095 1c00945e 02e70333 mul              x6, x14, x14         x6=00006400 x14:000000a0 x14:000000a0
26756398ns          455096 1c009462 40a55513 srai             x10, x10, 0x40a     x10=00000003 x10:00000ec4
26756418ns          455097 1c009464 04812e83 lw               x29, 72(x2)         x29=1c002f0a  x2:10002cd8  PA:10002d20
26756438ns          455098 1c009466 40a6d693 srai             x13, x13, 0x40a     x13=fffffff5 x13:ffffd4a4
26756458ns          455099 1c009468 000f5d03 lhu              x26, 0(x30)         x26=00000005 x30:1c002eda  PA:1c002eda
26756756ns          455114 1c00946c 0005d583 lhu              x11, 0(x11)         x11=00000000 x11:1c002efa  PA:1c002efa
26757074ns          455130 1c009470 40a35313 srai             x6, x6, 0x40a        x6=00000019  x6:00006400
26757094ns          455131 1c009474 00a686b3 add              x13, x13, x10       x13=fffffff8 x13:fffffff5 x10:00000003
26757114ns          455132 1c009476 05012f03 lw               x30, 80(x2)         x30=1c002e7a  x2:10002cd8  PA:10002d28
26757134ns          455133 1c009478 10034e33 p.exths          x28, x6, x0         x28=00000019  x6:00000019
26757154ns          455134 1c00947c 06911023 sh               x9, 96(x2)           x9:00000000  x2:10002cd8  PA:10002d38
26757174ns          455135 1c009480 000ede83 lhu              x29, 0(x29)         x29=00000000 x29:1c002f0a  PA:1c002f0a
26757492ns          455151 1c009484 05812483 lw               x9, 88(x2)           x9=1c002e6a  x2:10002cd8  PA:10002d30
26757512ns          455152 1c009486 1006d6b3 p.exthz          x13, x13, x0        x13=0000fff8 x13:fffffff8
26757531ns          455153 1c00948a 02ee08b3 mul              x17, x28, x14       x17=00000fa0 x28:00000019 x14:000000a0
26757551ns          455154 1c00948e 1006c833 p.exths          x16, x13, x0        x16=fffffff8 x13:0000fff8
26757571ns          455155 1c009492 06b11823 sh               x11, 112(x2)        x11:00000000  x2:10002cd8  PA:10002d48
26757591ns          455156 1c009496 000f5f03 lhu              x30, 0(x30)         x30=0000fffc x30:1c002e7a  PA:1c002e7a
26757889ns          455171 1c00949a 0a012583 lw               x11, 160(x2)        x11=1c002e9a  x2:10002cd8  PA:10002d78
26757909ns          455172 1c00949c 1007d7b3 p.exthz          x15, x15, x0        x15=0000ffe3 x15:ffffffe3
26757929ns          455173 1c0094a0 0004da03 lhu              x20, 0(x9)          x20=0000ffeb  x9:1c002e6a  PA:1c002e6a
26758247ns          455189 1c0094a4 1007c533 p.exths          x10, x15, x0        x10=ffffffe3 x15:0000ffe3
26758267ns          455190 1c0094a8 09d11023 sh               x29, 128(x2)        x29:00000000  x2:10002cd8  PA:10002d58
26758287ns          455191 1c0094ac 0003d483 lhu              x9, 0(x7)            x9=0000fffe  x7:1c002eba  PA:1c002eba
26758586ns          455206 1c0094b0 02e80eb3 mul              x29, x16, x14       x29=fffffb00 x16:fffffff8 x14:000000a0
26758605ns          455207 1c0094b4 40a8d893 srai             x17, x17, 0x40a     x17=00000003 x17:00000fa0
26758625ns          455208 1c0094b8 03c80833 mul              x16, x16, x28       x16=ffffff38 x16:fffffff8 x28:00000019
26758645ns          455209 1c0094bc 09e11823 sh               x30, 144(x2)        x30:0000fffc  x2:10002cd8  PA:10002d68
26758665ns          455210 1c0094c0 0005d983 lhu              x19, 0(x11)         x19=0000fffe x11:1c002e9a  PA:1c002e9a
26758963ns          455225 1c0094c4 81c88f5b p.muls           x30, x17, x28       x30=0000004b x17:00000003 x28:00000019
26758983ns          455226 1c0094c8 0002d583 lhu              x11, 0(x5)          x11=0000fffe  x5:1c002eaa  PA:1c002eaa
26759302ns          455242 1c0094cc 03ce0fb3 mul              x31, x28, x28       x31=00000271 x28:00000019 x28:00000019
26759321ns          455243 1c0094d0 02e50733 mul              x14, x10, x14       x14=ffffede0 x10:ffffffe3 x14:000000a0
26759341ns          455244 1c0094d4 40a85813 srai             x16, x16, 0x40a     x16=ffffffff x16:ffffff38
26759361ns          455245 1c0094d8 03c50533 mul              x10, x10, x28       x10=fffffd2b x10:ffffffe3 x28:00000019
26759381ns          455246 1c0094dc 07015e03 lhu              x28, 112(x2)        x28=00000000  x2:10002cd8  PA:10002d48
26759421ns          455248 1c0094e0 01b60633 add              x12, x12, x27       x12=00000107 x12:000000a0 x27:00000067
26759441ns          455249 1c0094e2 00980833 add              x16, x16, x9        x16=0000fffd x16:ffffffff  x9:0000fffe
26759461ns          455250 1c0094e4 06015d83 lhu              x27, 96(x2)         x27=00000000  x2:10002cd8  PA:10002d38
26759481ns          455251 1c0094e8 02812483 lw               x9, 40(x2)           x9=1c002eca  x2:10002cd8  PA:10002d00
26759500ns          455252 1c0094ea 40afdf93 srai             x31, x31, 0x40a     x31=00000000 x31:00000271
26759520ns          455253 1c0094ee 40a55513 srai             x10, x10, 0x40a     x10=ffffffff x10:fffffd2b
26759540ns          455254 1c0094f0 01cf8fb3 add              x31, x31, x28       x31=00000000 x31:00000000 x28:00000000
26759560ns          455255 1c0094f2 00b50533 add              x10, x10, x11       x10=0000fffd x10:ffffffff x11:0000fffe
26759580ns          455256 1c0094f4 09015e03 lhu              x28, 144(x2)        x28=0000fffc  x2:10002cd8  PA:10002d68
26759600ns          455257 1c0094f8 03012583 lw               x11, 48(x2)         x11=1c002eda  x2:10002cd8  PA:10002d08
26759620ns          455258 1c0094fa 00c49023 sh               x12, 0(x9)          x12:00000107  x9:1c002eca  PA:1c002eca
26759938ns          455274 1c0094fe 01b888b3 add              x17, x17, x27       x17=00000003 x17:00000003 x27:00000000
26759958ns          455275 1c009500 01a30333 add              x6, x6, x26          x6=0000001e  x6:00000019 x26:00000005
26759978ns          455276 1c009502 08015d83 lhu              x27, 128(x2)        x27=00000000  x2:10002cd8  PA:10002d58
26759998ns          455277 1c009506 0000d903 lhu              x18, 0(x1)          x18=0000fffe  x1:1c002e8a  PA:1c002e8a
26760296ns          455292 1c00950a 01c686b3 add              x13, x13, x28       x13=0001fff4 x13:0000fff8 x28:0000fffc
26760316ns          455293 1c00950c 00659023 sh               x6, 0(x11)           x6:0000001e x11:1c002eda  PA:1c002eda
26760654ns          455310 1c009510 40af5f13 srai             x30, x30, 0x40a     x30=00000000 x30:0000004b
26760674ns          455311 1c009514 04812e03 lw               x28, 72(x2)         x28=1c002f0a  x2:10002cd8  PA:10002d20
26760694ns          455312 1c009516 01bf0f33 add              x30, x30, x27       x30=00000000 x30:00000000 x27:00000000
26760714ns          455313 1c009518 40aede93 srai             x29, x29, 0x40a     x29=fffffffe x29:fffffb00
26760733ns          455314 1c00951c 40a75713 srai             x14, x14, 0x40a     x14=fffffffb x14:ffffede0
26760753ns          455315 1c00951e 03812603 lw               x12, 56(x2)         x12=1c002eea  x2:10002cd8  PA:10002d10
26760773ns          455316 1c009520 04012d83 lw               x27, 64(x2)         x27=1c002efa  x2:10002cd8  PA:10002d18
26760793ns          455317 1c009522 01ee1023 sh               x30, 0(x28)         x30:00000000 x28:1c002f0a  PA:1c002f0a
26761111ns          455333 1c009526 05812483 lw               x9, 88(x2)           x9=1c002e6a  x2:10002cd8  PA:10002d30
26761131ns          455334 1c009528 05012f03 lw               x30, 80(x2)         x30=1c002e7a  x2:10002cd8  PA:10002d28
26761151ns          455335 1c00952a 0a012583 lw               x11, 160(x2)        x11=1c002e9a  x2:10002cd8  PA:10002d78
26761171ns          455336 1c00952c 014787b3 add              x15, x15, x20       x15=0001ffce x15:0000ffe3 x20:0000ffeb
26761191ns          455337 1c00952e 013e8eb3 add              x29, x29, x19       x29=0000fffc x29:fffffffe x19:0000fffe
26761211ns          455338 1c009530 01270733 add              x14, x14, x18       x14=0000fff9 x14:fffffffb x18:0000fffe
26761231ns          455339 1c009532 00f49023 sh               x15, 0(x9)          x15:0001ffce  x9:1c002e6a  PA:1c002e6a
26761569ns          455356 1c009536 01161023 sh               x17, 0(x12)         x17:00000003 x12:1c002eea  PA:1c002eea
26761887ns          455372 1c00953a 01fd9023 sh               x31, 0(x27)         x31:00000000 x27:1c002efa  PA:1c002efa
26762205ns          455388 1c00953e 00df1023 sh               x13, 0(x30)         x13:0001fff4 x30:1c002e7a  PA:1c002e7a
26762523ns          455404 1c009542 01d59023 sh               x29, 0(x11)         x29:0000fffc x11:1c002e9a  PA:1c002e9a
26762861ns          455421 1c009546 00e09023 sh               x14, 0(x1)          x14:0000fff9  x1:1c002e8a  PA:1c002e8a
26763180ns          455437 1c00954a 01039023 sh               x16, 0(x7)          x16:0000fffd  x7:1c002eba  PA:1c002eba
26763498ns          455453 1c00954e 00a29023 sh               x10, 0(x5)          x10:0000fffd  x5:1c002eaa  PA:1c002eaa
26763816ns          455469 1c009552 008b0b13 addi             x22, x22, 8         x22=0000001d x22:00000015
26763836ns          455470 1c009554 1f300793 addi             x15, x0, 499        x15=000001f3
26763856ns          455471 1c009558 e767dae3 bge              x15, x22, -396      x15:000001f3 x22:0000001d
26763955ns          455476 1c0093cc 010c9a0b p.lh             x20, 16(x25!)       x20=00000001 x25=1c0026d2 x25:1c0026c2  PA:1c0026c2
26764274ns          455492 1c0093d0 0104198b p.lh             x19, 16(x8!)        x19=ffffff6e  x8=1c001e9a  x8:1c001e8a  PA:1c001e8a
26764572ns          455507 1c0093d4 2cc10513 addi             x10, x2, 716        x10=10002fa4  x2:10002cd8
26764592ns          455508 1c0093d6 010a990b p.lh             x18, 16(x21!)       x18=fffffffe x21=1c0016c6 x21:1c0016b6  PA:1c0016b6
26764890ns          455523 1c0093da 010b948b p.lh             x9, 16(x23!)         x9=ffffff5f x23=1c000ef6 x23:1c000ee6  PA:1c000ee6
26765248ns          455541 1c0093de 2d411623 sh               x20, 716(x2)        x20:00000001  x2:10002cd8  PA:10002fa4
26765268ns          455542 1c0093e2 2d311723 sh               x19, 718(x2)        x19:ffffff6e  x2:10002cd8  PA:10002fa6
26765288ns          455543 1c0093e6 c33ff0ef jal              x1, -974             x1=1c0093e8
26765328ns          455545 1c009018 00051803 lh               x16, 0(x10)         x16=00000001 x10:10002fa4  PA:10002fa4
26765347ns          455546 1c00901c 00251883 lh               x17, 2(x10)         x17=ffffff6e x10:10002fa4  PA:10002fa6
26765367ns          455547 1c009020 030806b3 mul              x13, x16, x16       x13=00000001 x16:00000001 x16:00000001
26765387ns          455548 1c009024 03188633 mul              x12, x17, x17       x12=00005344 x17:ffffff6e x17:ffffff6e
26765407ns          455549 1c009028 40a65613 srai             x12, x12, 0x40a     x12=00000014 x12:00005344
26765427ns          455550 1c00902a 40a6d693 srai             x13, x13, 0x40a     x13=00000000 x13:00000001
26765447ns          455551 1c00902c 00c686b3 add              x13, x13, x12       x13=00000014 x13:00000000 x12:00000014
26765467ns          455552 1c00902e 1006c633 p.exths          x12, x13, x0        x12=00000014 x13:00000014
26765487ns          455553 1c009032 00855703 lhu              x14, 8(x10)         x14=0000ffd1 x10:10002fa4  PA:10002fac
26765507ns          455554 1c009036 00a55683 lhu              x13, 10(x10)        x13=0000ff6a x10:10002fa4  PA:10002fae
26765526ns          455555 1c00903a 02c60333 mul              x6, x12, x12         x6=00000190 x12:00000014 x12:00000014
26765546ns          455556 1c00903e 00c55783 lhu              x15, 12(x10)        x15=0000ffe5 x10:10002fa4  PA:10002fb0
26765566ns          455557 1c009042 00e55583 lhu              x11, 14(x10)        x11=00000060 x10:10002fa4  PA:10002fb2
26765586ns          455558 1c009046 dea30333 p.extract        x6, x6, 15, 10       x6=00000000  x6:00000190
26765606ns          455559 1c00904a 80c7075b p.muls           x14, x14, x12       x14=fffffc54 x14:0000ffd1 x12:00000014
26765626ns          455560 1c00904e 80c686db p.muls           x13, x13, x12       x13=fffff448 x13:0000ff6a x12:00000014
26765646ns          455561 1c009052 00455e83 lhu              x29, 4(x10)         x29=00000427 x10:10002fa4  PA:10002fa8
26765666ns          455562 1c009056 00655e03 lhu              x28, 6(x10)         x28=0000007f x10:10002fa4  PA:10002faa
26765686ns          455563 1c00905a 40a75713 srai             x14, x14, 0x40a     x14=ffffffff x14:fffffc54
26765705ns          455564 1c00905c 806787db p.muls           x15, x15, x6        x15=00000000 x15:0000ffe5  x6:00000000
26765725ns          455565 1c009060 40a6d693 srai             x13, x13, 0x40a     x13=fffffffd x13:fffff448
26765765ns          455567 1c009062 8065865b p.muls           x12, x11, x6        x12=00000000 x11:00000060  x6:00000000
26765785ns          455568 1c009066 40a7d793 srai             x15, x15, 0x40a     x15=00000000 x15:00000000
26765805ns          455569 1c009068 40a65613 srai             x12, x12, 0x40a     x12=00000000 x12:00000000
26765825ns          455570 1c00906a 01d70733 add              x14, x14, x29       x14=00000426 x14:ffffffff x29:00000427
26765845ns          455571 1c00906c 01c686b3 add              x13, x13, x28       x13=0000007c x13:fffffffd x28:0000007f
26765865ns          455572 1c00906e 00c686b3 add              x13, x13, x12       x13=0000007c x13:0000007c x12:00000000
26765884ns          455573 1c009070 00f70733 add              x14, x14, x15       x14=00000426 x14:00000426 x15:00000000
26765904ns          455574 1c009072 100747b3 p.exths          x15, x14, x0        x15=00000426 x14:00000426
26765924ns          455575 1c009076 1006c733 p.exths          x14, x13, x0        x14=0000007c x13:0000007c
26765944ns          455576 1c00907a 03170633 mul              x12, x14, x17       x12=ffffb948 x14:0000007c x17:ffffff6e
26766004ns          455579 1c00907e 030786b3 mul              x13, x15, x16       x13=00000426 x15:00000426 x16:00000001
26766044ns          455581 1c009082 03070733 mul              x14, x14, x16       x14=0000007c x14:0000007c x16:00000001
26766063ns          455582 1c009086 031787b3 mul              x15, x15, x17       x15=fffda254 x15:00000426 x17:ffffff6e
26766083ns          455583 1c00908a 40a6d693 srai             x13, x13, 0x40a     x13=00000001 x13:00000426
26766103ns          455584 1c00908c 40a65613 srai             x12, x12, 0x40a     x12=ffffffee x12:ffffb948
26766123ns          455585 1c00908e 40a7d793 srai             x15, x15, 0x40a     x15=ffffff68 x15:fffda254
26766143ns          455586 1c009090 40a75713 srai             x14, x14, 0x40a     x14=00000000 x14:0000007c
26766163ns          455587 1c009092 40c686b3 sub              x13, x13, x12       x13=00000013 x13:00000001 x12:ffffffee
26766183ns          455588 1c009094 00e787b3 add              x15, x15, x14       x15=ffffff68 x15:ffffff68 x14:00000000
26766203ns          455589 1c009096 00d51823 sh               x13, 16(x10)        x13:00000013 x10:10002fa4  PA:10002fb4
26766242ns          455591 1c00909a 00f51923 sh               x15, 18(x10)        x15:ffffff68 x10:10002fa4  PA:10002fb6
26766262ns          455592 1c00909e 00008067 jalr             x0, x1, 0            x1:1c0093e8
26766302ns          455594 1c0093e8 2dc15583 lhu              x11, 732(x2)        x11=00000013  x2:10002cd8  PA:10002fb4
26766362ns          455597 1c0093ec 2de15783 lhu              x15, 734(x2)        x15=0000ff68  x2:10002cd8  PA:10002fb6
26766402ns          455599 1c0093f0 40b90933 sub              x18, x18, x11       x18=ffffffeb x18:fffffffe x11:00000013
26766421ns          455600 1c0093f4 40f484b3 sub              x9, x9, x15          x9=fffefff7  x9:ffffff5f x15:0000ff68
26766441ns          455601 1c0093f6 100945b3 p.exths          x11, x18, x0        x11=ffffffeb x18:ffffffeb
26766461ns          455602 1c0093fa 1004c7b3 p.exths          x15, x9, x0         x15=fffffff7  x9:fffefff7
26766481ns          455603 1c0093fe 034586b3 mul              x13, x11, x20       x13=ffffffeb x11:ffffffeb x20:00000001
26766501ns          455604 1c009402 03378533 mul              x10, x15, x19       x10=00000522 x15:fffffff7 x19:ffffff6e
26766521ns          455605 1c009406 034a0633 mul              x12, x20, x20       x12=00000001 x20:00000001 x20:00000001
26766541ns          455606 1c00940a 03398733 mul              x14, x19, x19       x14=00005344 x19:ffffff6e x19:ffffff6e
26766561ns          455607 1c00940e 034787b3 mul              x15, x15, x20       x15=fffffff7 x15:fffffff7 x20:00000001
26766581ns          455608 1c009412 033585b3 mul              x11, x11, x19       x11=00000bfa x11:ffffffeb x19:ffffff6e
26766600ns          455609 1c009416 40a75713 srai             x14, x14, 0x40a     x14=00000014 x14:00005344
26766620ns          455610 1c009418 40a5d593 srai             x11, x11, 0x40a     x11=00000002 x11:00000bfa
26766640ns          455611 1c00941a 40a65613 srai             x12, x12, 0x40a     x12=00000000 x12:00000001
26766660ns          455612 1c00941c 40a7d793 srai             x15, x15, 0x40a     x15=ffffffff x15:fffffff7
26766680ns          455613 1c00941e 1c0034b7 lui              x9, 0x1c003000       x9=1c003000
26766700ns          455614 1c009422 00e60633 add              x12, x12, x14       x12=00000014 x12:00000000 x14:00000014
26766720ns          455615 1c009424 40b787b3 sub              x15, x15, x11       x15=fffffffd x15:ffffffff x11:00000002
26766740ns          455616 1c009426 eb048493 addi             x9, x9, -336         x9=1c002eb0  x9:1c003000
26766760ns          455617 1c00942a 1c0032b7 lui              x5, 0x1c003000       x5=1c003000
26766779ns          455618 1c00942e 1c0035b7 lui              x11, 0x1c003000     x11=1c003000
26766799ns          455619 1c009432 018483b3 add              x7, x9, x24          x7=1c002eba  x9:1c002eb0 x24:0000000a
26766819ns          455620 1c009436 02812e83 lw               x29, 40(x2)         x29=1c002eca  x2:10002cd8  PA:10002d00
26766839ns          455621 1c009438 10065633 p.exthz          x12, x12, x0        x12=00000014 x12:00000014
26766859ns          455622 1c00943c e8028293 addi             x5, x5, -384         x5=1c002e80  x5:1c003000
26766899ns          455624 1c009440 ea058593 addi             x11, x11, -352      x11=1c002ea0 x11:1c003000
26766939ns          455626 1c009444 03812483 lw               x9, 56(x2)           x9=1c002eea  x2:10002cd8  PA:10002d10
26766958ns          455627 1c009446 10064733 p.exths          x14, x12, x0        x14=00000014 x12:00000014
26766978ns          455628 1c00944a 018280b3 add              x1, x5, x24          x1=1c002e8a  x5:1c002e80 x24:0000000a
26766998ns          455629 1c00944e 03012f03 lw               x30, 48(x2)         x30=1c002eda  x2:10002cd8  PA:10002d08
26767038ns          455631 1c009450 018582b3 add              x5, x11, x24         x5=1c002eaa x11:1c002ea0 x24:0000000a
26767078ns          455633 1c009454 04012583 lw               x11, 64(x2)         x11=1c002efa  x2:10002cd8  PA:10002d18
26767098ns          455634 1c009456 000edd83 lhu              x27, 0(x29)         x27=00000107 x29:1c002eca  PA:1c002eca
26767396ns          455649 1c00945a 0004d483 lhu              x9, 0(x9)            x9=00000003  x9:1c002eea  PA:1c002eea
26767694ns          455664 1c00945e 02e70333 mul              x6, x14, x14         x6=00000190 x14:00000014 x14:00000014
26767714ns          455665 1c009462 40a55513 srai             x10, x10, 0x40a     x10=00000001 x10:00000522
26767734ns          455666 1c009464 04812e83 lw               x29, 72(x2)         x29=1c002f0a  x2:10002cd8  PA:10002d20
26767754ns          455667 1c009466 40a6d693 srai             x13, x13, 0x40a     x13=ffffffff x13:ffffffeb
26767774ns          455668 1c009468 000f5d03 lhu              x26, 0(x30)         x26=0000001e x30:1c002eda  PA:1c002eda
26768112ns          455685 1c00946c 0005d583 lhu              x11, 0(x11)         x11=00000000 x11:1c002efa  PA:1c002efa
26768470ns          455703 1c009470 40a35313 srai             x6, x6, 0x40a        x6=00000000  x6:00000190
26768490ns          455704 1c009474 00a686b3 add              x13, x13, x10       x13=00000000 x13:ffffffff x10:00000001
26768510ns          455705 1c009476 05012f03 lw               x30, 80(x2)         x30=1c002e7a  x2:10002cd8  PA:10002d28
26768530ns          455706 1c009478 10034e33 p.exths          x28, x6, x0         x28=00000000  x6:00000000
26768549ns          455707 1c00947c 06911023 sh               x9, 96(x2)           x9:00000003  x2:10002cd8  PA:10002d38
26768589ns          455709 1c009480 000ede83 lhu              x29, 0(x29)         x29=00000000 x29:1c002f0a  PA:1c002f0a
26768967ns          455728 1c009484 05812483 lw               x9, 88(x2)           x9=1c002e6a  x2:10002cd8  PA:10002d30
26768987ns          455729 1c009486 1006d6b3 p.exthz          x13, x13, x0        x13=00000000 x13:00000000
26769007ns          455730 1c00948a 02ee08b3 mul              x17, x28, x14       x17=00000000 x28:00000000 x14:00000014
26769027ns          455731 1c00948e 1006c833 p.exths          x16, x13, x0        x16=00000000 x13:00000000
26769047ns          455732 1c009492 06b11823 sh               x11, 112(x2)        x11:00000000  x2:10002cd8  PA:10002d48
26769067ns          455733 1c009496 000f5f03 lhu              x30, 0(x30)         x30=0000fff4 x30:1c002e7a  PA:1c002e7a
26769385ns          455749 1c00949a 0a012583 lw               x11, 160(x2)        x11=1c002e9a  x2:10002cd8  PA:10002d78
26769405ns          455750 1c00949c 1007d7b3 p.exthz          x15, x15, x0        x15=0000fffd x15:fffffffd
26769425ns          455751 1c0094a0 0004da03 lhu              x20, 0(x9)          x20=0000ffce  x9:1c002e6a  PA:1c002e6a
26769782ns          455769 1c0094a4 1007c533 p.exths          x10, x15, x0        x10=fffffffd x15:0000fffd
26769802ns          455770 1c0094a8 09d11023 sh               x29, 128(x2)        x29:00000000  x2:10002cd8  PA:10002d58
26769822ns          455771 1c0094ac 0003d483 lhu              x9, 0(x7)            x9=0000fffd  x7:1c002eba  PA:1c002eba
26770180ns          455789 1c0094b0 02e80eb3 mul              x29, x16, x14       x29=00000000 x16:00000000 x14:00000014
26770200ns          455790 1c0094b4 40a8d893 srai             x17, x17, 0x40a     x17=00000000 x17:00000000
26770220ns          455791 1c0094b8 03c80833 mul              x16, x16, x28       x16=00000000 x16:00000000 x28:00000000
26770240ns          455792 1c0094bc 09e11823 sh               x30, 144(x2)        x30:0000fff4  x2:10002cd8  PA:10002d68
26770260ns          455793 1c0094c0 0005d983 lhu              x19, 0(x11)         x19=0000fffc x11:1c002e9a  PA:1c002e9a
26770578ns          455809 1c0094c4 81c88f5b p.muls           x30, x17, x28       x30=00000000 x17:00000000 x28:00000000
26770598ns          455810 1c0094c8 0002d583 lhu              x11, 0(x5)          x11=0000fffd  x5:1c002eaa  PA:1c002eaa
26770896ns          455825 1c0094cc 03ce0fb3 mul              x31, x28, x28       x31=00000000 x28:00000000 x28:00000000
26770916ns          455826 1c0094d0 02e50733 mul              x14, x10, x14       x14=ffffffc4 x10:fffffffd x14:00000014
26770936ns          455827 1c0094d4 40a85813 srai             x16, x16, 0x40a     x16=00000000 x16:00000000
26770956ns          455828 1c0094d8 03c50533 mul              x10, x10, x28       x10=00000000 x10:fffffffd x28:00000000
26770976ns          455829 1c0094dc 07015e03 lhu              x28, 112(x2)        x28=00000000  x2:10002cd8  PA:10002d48
26770996ns          455830 1c0094e0 01b60633 add              x12, x12, x27       x12=0000011b x12:00000014 x27:00000107
26771016ns          455831 1c0094e2 00980833 add              x16, x16, x9        x16=0000fffd x16:00000000  x9:0000fffd
26771035ns          455832 1c0094e4 06015d83 lhu              x27, 96(x2)         x27=00000003  x2:10002cd8  PA:10002d38
26771055ns          455833 1c0094e8 02812483 lw               x9, 40(x2)           x9=1c002eca  x2:10002cd8  PA:10002d00
26771075ns          455834 1c0094ea 40afdf93 srai             x31, x31, 0x40a     x31=00000000 x31:00000000
26771095ns          455835 1c0094ee 40a55513 srai             x10, x10, 0x40a     x10=00000000 x10:00000000
26771115ns          455836 1c0094f0 01cf8fb3 add              x31, x31, x28       x31=00000000 x31:00000000 x28:00000000
26771135ns          455837 1c0094f2 00b50533 add              x10, x10, x11       x10=0000fffd x10:00000000 x11:0000fffd
26771155ns          455838 1c0094f4 09015e03 lhu              x28, 144(x2)        x28=0000fff4  x2:10002cd8  PA:10002d68
26771175ns          455839 1c0094f8 03012583 lw               x11, 48(x2)         x11=1c002eda  x2:10002cd8  PA:10002d08
26771195ns          455840 1c0094fa 00c49023 sh               x12, 0(x9)          x12:0000011b  x9:1c002eca  PA:1c002eca
26771513ns          455856 1c0094fe 01b888b3 add              x17, x17, x27       x17=00000003 x17:00000000 x27:00000003
26771533ns          455857 1c009500 01a30333 add              x6, x6, x26          x6=0000001e  x6:00000000 x26:0000001e
26771553ns          455858 1c009502 08015d83 lhu              x27, 128(x2)        x27=00000000  x2:10002cd8  PA:10002d58
26771572ns          455859 1c009506 0000d903 lhu              x18, 0(x1)          x18=0000fff9  x1:1c002e8a  PA:1c002e8a
26771871ns          455874 1c00950a 01c686b3 add              x13, x13, x28       x13=0000fff4 x13:00000000 x28:0000fff4
26771891ns          455875 1c00950c 00659023 sh               x6, 0(x11)           x6:0000001e x11:1c002eda  PA:1c002eda
26772209ns          455891 1c009510 40af5f13 srai             x30, x30, 0x40a     x30=00000000 x30:00000000
26772229ns          455892 1c009514 04812e03 lw               x28, 72(x2)         x28=1c002f0a  x2:10002cd8  PA:10002d20
26772249ns          455893 1c009516 01bf0f33 add              x30, x30, x27       x30=00000000 x30:00000000 x27:00000000
26772268ns          455894 1c009518 40aede93 srai             x29, x29, 0x40a     x29=00000000 x29:00000000
26772288ns          455895 1c00951c 40a75713 srai             x14, x14, 0x40a     x14=ffffffff x14:ffffffc4
26772308ns          455896 1c00951e 03812603 lw               x12, 56(x2)         x12=1c002eea  x2:10002cd8  PA:10002d10
26772328ns          455897 1c009520 04012d83 lw               x27, 64(x2)         x27=1c002efa  x2:10002cd8  PA:10002d18
26772348ns          455898 1c009522 01ee1023 sh               x30, 0(x28)         x30:00000000 x28:1c002f0a  PA:1c002f0a
26772666ns          455914 1c009526 05812483 lw               x9, 88(x2)           x9=1c002e6a  x2:10002cd8  PA:10002d30
26772686ns          455915 1c009528 05012f03 lw               x30, 80(x2)         x30=1c002e7a  x2:10002cd8  PA:10002d28
26772706ns          455916 1c00952a 0a012583 lw               x11, 160(x2)        x11=1c002e9a  x2:10002cd8  PA:10002d78
26772726ns          455917 1c00952c 014787b3 add              x15, x15, x20       x15=0001ffcb x15:0000fffd x20:0000ffce
26772746ns          455918 1c00952e 013e8eb3 add              x29, x29, x19       x29=0000fffc x29:00000000 x19:0000fffc
26772766ns          455919 1c009530 01270733 add              x14, x14, x18       x14=0000fff8 x14:ffffffff x18:0000fff9
26772786ns          455920 1c009532 00f49023 sh               x15, 0(x9)          x15:0001ffcb  x9:1c002e6a  PA:1c002e6a
26773104ns          455936 1c009536 01161023 sh               x17, 0(x12)         x17:00000003 x12:1c002eea  PA:1c002eea
26773442ns          455953 1c00953a 01fd9023 sh               x31, 0(x27)         x31:00000000 x27:1c002efa  PA:1c002efa
26773879ns          455975 1c00953e 00df1023 sh               x13, 0(x30)         x13:0000fff4 x30:1c002e7a  PA:1c002e7a
26774198ns          455991 1c009542 01d59023 sh               x29, 0(x11)         x29:0000fffc x11:1c002e9a  PA:1c002e9a
26774516ns          456007 1c009546 00e09023 sh               x14, 0(x1)          x14:0000fff8  x1:1c002e8a  PA:1c002e8a
26774834ns          456023 1c00954a 01039023 sh               x16, 0(x7)          x16:0000fffd  x7:1c002eba  PA:1c002eba
26775152ns          456039 1c00954e 00a29023 sh               x10, 0(x5)          x10:0000fffd  x5:1c002eaa  PA:1c002eaa
26775470ns          456055 1c009552 008b0b13 addi             x22, x22, 8         x22=00000025 x22:0000001d
26775490ns          456056 1c009554 1f300793 addi             x15, x0, 499        x15=000001f3
26775510ns          456057 1c009558 e767dae3 bge              x15, x22, -396      x15:000001f3 x22:00000025
26775610ns          456062 1c0093cc 010c9a0b p.lh             x20, 16(x25!)       x20=000000c1 x25=1c0026e2 x25:1c0026d2  PA:1c0026d2
26775928ns          456078 1c0093d0 0104198b p.lh             x19, 16(x8!)        x19=0000003d  x8=1c001eaa  x8:1c001e9a  PA:1c001e9a
26776266ns          456095 1c0093d4 2cc10513 addi             x10, x2, 716        x10=10002fa4  x2:10002cd8
26776286ns          456096 1c0093d6 010a990b p.lh             x18, 16(x21!)       x18=000000c0 x21=1c0016d6 x21:1c0016c6  PA:1c0016c6
26776584ns          456111 1c0093da 010b948b p.lh             x9, 16(x23!)         x9=0000002d x23=1c000f06 x23:1c000ef6  PA:1c000ef6
26776883ns          456126 1c0093de 2d411623 sh               x20, 716(x2)        x20:000000c1  x2:10002cd8  PA:10002fa4
26776902ns          456127 1c0093e2 2d311723 sh               x19, 718(x2)        x19:0000003d  x2:10002cd8  PA:10002fa6
26776922ns          456128 1c0093e6 c33ff0ef jal              x1, -974             x1=1c0093e8
26776962ns          456130 1c009018 00051803 lh               x16, 0(x10)         x16=000000c1 x10:10002fa4  PA:10002fa4
26776982ns          456131 1c00901c 00251883 lh               x17, 2(x10)         x17=0000003d x10:10002fa4  PA:10002fa6
26777002ns          456132 1c009020 030806b3 mul              x13, x16, x16       x13=00009181 x16:000000c1 x16:000000c1
26777022ns          456133 1c009024 03188633 mul              x12, x17, x17       x12=00000e89 x17:0000003d x17:0000003d
26777042ns          456134 1c009028 40a65613 srai             x12, x12, 0x40a     x12=00000003 x12:00000e89
26777062ns          456135 1c00902a 40a6d693 srai             x13, x13, 0x40a     x13=00000024 x13:00009181
26777081ns          456136 1c00902c 00c686b3 add              x13, x13, x12       x13=00000027 x13:00000024 x12:00000003
26777101ns          456137 1c00902e 1006c633 p.exths          x12, x13, x0        x12=00000027 x13:00000027
26777121ns          456138 1c009032 00855703 lhu              x14, 8(x10)         x14=0000ffd1 x10:10002fa4  PA:10002fac
26777141ns          456139 1c009036 00a55683 lhu              x13, 10(x10)        x13=0000ff6a x10:10002fa4  PA:10002fae
26777161ns          456140 1c00903a 02c60333 mul              x6, x12, x12         x6=000005f1 x12:00000027 x12:00000027
26777181ns          456141 1c00903e 00c55783 lhu              x15, 12(x10)        x15=0000ffe5 x10:10002fa4  PA:10002fb0
26777201ns          456142 1c009042 00e55583 lhu              x11, 14(x10)        x11=00000060 x10:10002fa4  PA:10002fb2
26777221ns          456143 1c009046 dea30333 p.extract        x6, x6, 15, 10       x6=00000001  x6:000005f1
26777240ns          456144 1c00904a 80c7075b p.muls           x14, x14, x12       x14=fffff8d7 x14:0000ffd1 x12:00000027
26777280ns          456146 1c00904e 80c686db p.muls           x13, x13, x12       x13=ffffe926 x13:0000ff6a x12:00000027
26777320ns          456148 1c009052 00455e83 lhu              x29, 4(x10)         x29=00000427 x10:10002fa4  PA:10002fa8
26777340ns          456149 1c009056 00655e03 lhu              x28, 6(x10)         x28=0000007f x10:10002fa4  PA:10002faa
26777360ns          456150 1c00905a 40a75713 srai             x14, x14, 0x40a     x14=fffffffe x14:fffff8d7
26777380ns          456151 1c00905c 806787db p.muls           x15, x15, x6        x15=ffffffe5 x15:0000ffe5  x6:00000001
26777419ns          456153 1c009060 40a6d693 srai             x13, x13, 0x40a     x13=fffffffa x13:ffffe926
26777459ns          456155 1c009062 8065865b p.muls           x12, x11, x6        x12=00000060 x11:00000060  x6:00000001
26777479ns          456156 1c009066 40a7d793 srai             x15, x15, 0x40a     x15=ffffffff x15:ffffffe5
26777499ns          456157 1c009068 40a65613 srai             x12, x12, 0x40a     x12=00000000 x12:00000060
26777519ns          456158 1c00906a 01d70733 add              x14, x14, x29       x14=00000425 x14:fffffffe x29:00000427
26777539ns          456159 1c00906c 01c686b3 add              x13, x13, x28       x13=00000079 x13:fffffffa x28:0000007f
26777559ns          456160 1c00906e 00c686b3 add              x13, x13, x12       x13=00000079 x13:00000079 x12:00000000
26777579ns          456161 1c009070 00f70733 add              x14, x14, x15       x14=00000424 x14:00000425 x15:ffffffff
26777598ns          456162 1c009072 100747b3 p.exths          x15, x14, x0        x15=00000424 x14:00000424
26777618ns          456163 1c009076 1006c733 p.exths          x14, x13, x0        x14=00000079 x13:00000079
26777638ns          456164 1c00907a 03170633 mul              x12, x14, x17       x12=00001cd5 x14:00000079 x17:0000003d
26777658ns          456165 1c00907e 030786b3 mul              x13, x15, x16       x13=00031f24 x15:00000424 x16:000000c1
26777678ns          456166 1c009082 03070733 mul              x14, x14, x16       x14=00005b39 x14:00000079 x16:000000c1
26777698ns          456167 1c009086 031787b3 mul              x15, x15, x17       x15=0000fc94 x15:00000424 x17:0000003d
26777718ns          456168 1c00908a 40a6d693 srai             x13, x13, 0x40a     x13=000000c7 x13:00031f24
26777738ns          456169 1c00908c 40a65613 srai             x12, x12, 0x40a     x12=00000007 x12:00001cd5
26777758ns          456170 1c00908e 40a7d793 srai             x15, x15, 0x40a     x15=0000003f x15:0000fc94
26777777ns          456171 1c009090 40a75713 srai             x14, x14, 0x40a     x14=00000016 x14:00005b39
26777797ns          456172 1c009092 40c686b3 sub              x13, x13, x12       x13=000000c0 x13:000000c7 x12:00000007
26777817ns          456173 1c009094 00e787b3 add              x15, x15, x14       x15=00000055 x15:0000003f x14:00000016
26777837ns          456174 1c009096 00d51823 sh               x13, 16(x10)        x13:000000c0 x10:10002fa4  PA:10002fb4
26777857ns          456175 1c00909a 00f51923 sh               x15, 18(x10)        x15:00000055 x10:10002fa4  PA:10002fb6
26777877ns          456176 1c00909e 00008067 jalr             x0, x1, 0            x1:1c0093e8
26777956ns          456180 1c0093e8 2dc15583 lhu              x11, 732(x2)        x11=000000c0  x2:10002cd8  PA:10002fb4
26777976ns          456181 1c0093ec 2de15783 lhu              x15, 734(x2)        x15=00000055  x2:10002cd8  PA:10002fb6
26778016ns          456183 1c0093f0 40b90933 sub              x18, x18, x11       x18=00000000 x18:000000c0 x11:000000c0
26778036ns          456184 1c0093f4 40f484b3 sub              x9, x9, x15          x9=ffffffd8  x9:0000002d x15:00000055
26778056ns          456185 1c0093f6 100945b3 p.exths          x11, x18, x0        x11=00000000 x18:00000000
26778076ns          456186 1c0093fa 1004c7b3 p.exths          x15, x9, x0         x15=ffffffd8  x9:ffffffd8
26778096ns          456187 1c0093fe 034586b3 mul              x13, x11, x20       x13=00000000 x11:00000000 x20:000000c1
26778116ns          456188 1c009402 03378533 mul              x10, x15, x19       x10=fffff678 x15:ffffffd8 x19:0000003d
26778135ns          456189 1c009406 034a0633 mul              x12, x20, x20       x12=00009181 x20:000000c1 x20:000000c1
26778155ns          456190 1c00940a 03398733 mul              x14, x19, x19       x14=00000e89 x19:0000003d x19:0000003d
26778195ns          456192 1c00940e 034787b3 mul              x15, x15, x20       x15=ffffe1d8 x15:ffffffd8 x20:000000c1
26778235ns          456194 1c009412 033585b3 mul              x11, x11, x19       x11=00000000 x11:00000000 x19:0000003d
26778255ns          456195 1c009416 40a75713 srai             x14, x14, 0x40a     x14=00000003 x14:00000e89
26778275ns          456196 1c009418 40a5d593 srai             x11, x11, 0x40a     x11=00000000 x11:00000000
26778295ns          456197 1c00941a 40a65613 srai             x12, x12, 0x40a     x12=00000024 x12:00009181
26778314ns          456198 1c00941c 40a7d793 srai             x15, x15, 0x40a     x15=fffffff8 x15:ffffe1d8
26778334ns          456199 1c00941e 1c0034b7 lui              x9, 0x1c003000       x9=1c003000
26778354ns          456200 1c009422 00e60633 add              x12, x12, x14       x12=00000027 x12:00000024 x14:00000003
26778374ns          456201 1c009424 40b787b3 sub              x15, x15, x11       x15=fffffff8 x15:fffffff8 x11:00000000
26778394ns          456202 1c009426 eb048493 addi             x9, x9, -336         x9=1c002eb0  x9:1c003000
26778414ns          456203 1c00942a 1c0032b7 lui              x5, 0x1c003000       x5=1c003000
26778434ns          456204 1c00942e 1c0035b7 lui              x11, 0x1c003000     x11=1c003000
26778454ns          456205 1c009432 018483b3 add              x7, x9, x24          x7=1c002eba  x9:1c002eb0 x24:0000000a
26778474ns          456206 1c009436 02812e83 lw               x29, 40(x2)         x29=1c002eca  x2:10002cd8  PA:10002d00
26778493ns          456207 1c009438 10065633 p.exthz          x12, x12, x0        x12=00000027 x12:00000027
26778513ns          456208 1c00943c e8028293 addi             x5, x5, -384         x5=1c002e80  x5:1c003000
26778533ns          456209 1c009440 ea058593 addi             x11, x11, -352      x11=1c002ea0 x11:1c003000
26778553ns          456210 1c009444 03812483 lw               x9, 56(x2)           x9=1c002eea  x2:10002cd8  PA:10002d10
26778573ns          456211 1c009446 10064733 p.exths          x14, x12, x0        x14=00000027 x12:00000027
26778593ns          456212 1c00944a 018280b3 add              x1, x5, x24          x1=1c002e8a  x5:1c002e80 x24:0000000a
26778613ns          456213 1c00944e 03012f03 lw               x30, 48(x2)         x30=1c002eda  x2:10002cd8  PA:10002d08
26778633ns          456214 1c009450 018582b3 add              x5, x11, x24         x5=1c002eaa x11:1c002ea0 x24:0000000a
26778653ns          456215 1c009454 04012583 lw               x11, 64(x2)         x11=1c002efa  x2:10002cd8  PA:10002d18
26778672ns          456216 1c009456 000edd83 lhu              x27, 0(x29)         x27=0000011b x29:1c002eca  PA:1c002eca
26778971ns          456231 1c00945a 0004d483 lhu              x9, 0(x9)            x9=00000003  x9:1c002eea  PA:1c002eea
26779369ns          456251 1c00945e 02e70333 mul              x6, x14, x14         x6=000005f1 x14:00000027 x14:00000027
26779388ns          456252 1c009462 40a55513 srai             x10, x10, 0x40a     x10=fffffffd x10:fffff678
26779408ns          456253 1c009464 04812e83 lw               x29, 72(x2)         x29=1c002f0a  x2:10002cd8  PA:10002d20
26779428ns          456254 1c009466 40a6d693 srai             x13, x13, 0x40a     x13=00000000 x13:00000000
26779448ns          456255 1c009468 000f5d03 lhu              x26, 0(x30)         x26=0000001e x30:1c002eda  PA:1c002eda
26779826ns          456274 1c00946c 0005d583 lhu              x11, 0(x11)         x11=00000000 x11:1c002efa  PA:1c002efa
26780124ns          456289 1c009470 40a35313 srai             x6, x6, 0x40a        x6=00000001  x6:000005f1
26780144ns          456290 1c009474 00a686b3 add              x13, x13, x10       x13=fffffffd x13:00000000 x10:fffffffd
26780164ns          456291 1c009476 05012f03 lw               x30, 80(x2)         x30=1c002e7a  x2:10002cd8  PA:10002d28
26780184ns          456292 1c009478 10034e33 p.exths          x28, x6, x0         x28=00000001  x6:00000001
26780204ns          456293 1c00947c 06911023 sh               x9, 96(x2)           x9:00000003  x2:10002cd8  PA:10002d38
26780224ns          456294 1c009480 000ede83 lhu              x29, 0(x29)         x29=00000000 x29:1c002f0a  PA:1c002f0a
26780542ns          456310 1c009484 05812483 lw               x9, 88(x2)           x9=1c002e6a  x2:10002cd8  PA:10002d30
26780562ns          456311 1c009486 1006d6b3 p.exthz          x13, x13, x0        x13=0000fffd x13:fffffffd
26780582ns          456312 1c00948a 02ee08b3 mul              x17, x28, x14       x17=00000027 x28:00000001 x14:00000027
26780602ns          456313 1c00948e 1006c833 p.exths          x16, x13, x0        x16=fffffffd x13:0000fffd
26780621ns          456314 1c009492 06b11823 sh               x11, 112(x2)        x11:00000000  x2:10002cd8  PA:10002d48
26780641ns          456315 1c009496 000f5f03 lhu              x30, 0(x30)         x30=0000fff4 x30:1c002e7a  PA:1c002e7a
26780940ns          456330 1c00949a 0a012583 lw               x11, 160(x2)        x11=1c002e9a  x2:10002cd8  PA:10002d78
26780960ns          456331 1c00949c 1007d7b3 p.exthz          x15, x15, x0        x15=0000fff8 x15:fffffff8
26780979ns          456332 1c0094a0 0004da03 lhu              x20, 0(x9)          x20=0000ffcb  x9:1c002e6a  PA:1c002e6a
26781337ns          456350 1c0094a4 1007c533 p.exths          x10, x15, x0        x10=fffffff8 x15:0000fff8
26781357ns          456351 1c0094a8 09d11023 sh               x29, 128(x2)        x29:00000000  x2:10002cd8  PA:10002d58
26781377ns          456352 1c0094ac 0003d483 lhu              x9, 0(x7)            x9=0000fffd  x7:1c002eba  PA:1c002eba
26781735ns          456370 1c0094b0 02e80eb3 mul              x29, x16, x14       x29=ffffff8b x16:fffffffd x14:00000027
26781755ns          456371 1c0094b4 40a8d893 srai             x17, x17, 0x40a     x17=00000000 x17:00000027
26781775ns          456372 1c0094b8 03c80833 mul              x16, x16, x28       x16=fffffffd x16:fffffffd x28:00000001
26781795ns          456373 1c0094bc 09e11823 sh               x30, 144(x2)        x30:0000fff4  x2:10002cd8  PA:10002d68
26781815ns          456374 1c0094c0 0005d983 lhu              x19, 0(x11)         x19=0000fffc x11:1c002e9a  PA:1c002e9a
26782113ns          456389 1c0094c4 81c88f5b p.muls           x30, x17, x28       x30=00000000 x17:00000000 x28:00000001
26782133ns          456390 1c0094c8 0002d583 lhu              x11, 0(x5)          x11=0000fffd  x5:1c002eaa  PA:1c002eaa
26782431ns          456405 1c0094cc 03ce0fb3 mul              x31, x28, x28       x31=00000001 x28:00000001 x28:00000001
26782451ns          456406 1c0094d0 02e50733 mul              x14, x10, x14       x14=fffffec8 x10:fffffff8 x14:00000027
26782471ns          456407 1c0094d4 40a85813 srai             x16, x16, 0x40a     x16=ffffffff x16:fffffffd
26782491ns          456408 1c0094d8 03c50533 mul              x10, x10, x28       x10=fffffff8 x10:fffffff8 x28:00000001
26782511ns          456409 1c0094dc 07015e03 lhu              x28, 112(x2)        x28=00000000  x2:10002cd8  PA:10002d48
26782551ns          456411 1c0094e0 01b60633 add              x12, x12, x27       x12=00000142 x12:00000027 x27:0000011b
26782570ns          456412 1c0094e2 00980833 add              x16, x16, x9        x16=0000fffc x16:ffffffff  x9:0000fffd
26782590ns          456413 1c0094e4 06015d83 lhu              x27, 96(x2)         x27=00000003  x2:10002cd8  PA:10002d38
26782610ns          456414 1c0094e8 02812483 lw               x9, 40(x2)           x9=1c002eca  x2:10002cd8  PA:10002d00
26782630ns          456415 1c0094ea 40afdf93 srai             x31, x31, 0x40a     x31=00000000 x31:00000001
26782650ns          456416 1c0094ee 40a55513 srai             x10, x10, 0x40a     x10=ffffffff x10:fffffff8
26782670ns          456417 1c0094f0 01cf8fb3 add              x31, x31, x28       x31=00000000 x31:00000000 x28:00000000
26782690ns          456418 1c0094f2 00b50533 add              x10, x10, x11       x10=0000fffc x10:ffffffff x11:0000fffd
26782710ns          456419 1c0094f4 09015e03 lhu              x28, 144(x2)        x28=0000fff4  x2:10002cd8  PA:10002d68
26782730ns          456420 1c0094f8 03012583 lw               x11, 48(x2)         x11=1c002eda  x2:10002cd8  PA:10002d08
26782749ns          456421 1c0094fa 00c49023 sh               x12, 0(x9)          x12:00000142  x9:1c002eca  PA:1c002eca
26783068ns          456437 1c0094fe 01b888b3 add              x17, x17, x27       x17=00000003 x17:00000000 x27:00000003
26783088ns          456438 1c009500 01a30333 add              x6, x6, x26          x6=0000001f  x6:00000001 x26:0000001e
26783107ns          456439 1c009502 08015d83 lhu              x27, 128(x2)        x27=00000000  x2:10002cd8  PA:10002d58
26783127ns          456440 1c009506 0000d903 lhu              x18, 0(x1)          x18=0000fff8  x1:1c002e8a  PA:1c002e8a
26783426ns          456455 1c00950a 01c686b3 add              x13, x13, x28       x13=0001fff1 x13:0000fffd x28:0000fff4
26783446ns          456456 1c00950c 00659023 sh               x6, 0(x11)           x6:0000001f x11:1c002eda  PA:1c002eda
26783804ns          456474 1c009510 40af5f13 srai             x30, x30, 0x40a     x30=00000000 x30:00000000
26783823ns          456475 1c009514 04812e03 lw               x28, 72(x2)         x28=1c002f0a  x2:10002cd8  PA:10002d20
26783843ns          456476 1c009516 01bf0f33 add              x30, x30, x27       x30=00000000 x30:00000000 x27:00000000
26783863ns          456477 1c009518 40aede93 srai             x29, x29, 0x40a     x29=ffffffff x29:ffffff8b
26783883ns          456478 1c00951c 40a75713 srai             x14, x14, 0x40a     x14=ffffffff x14:fffffec8
26783903ns          456479 1c00951e 03812603 lw               x12, 56(x2)         x12=1c002eea  x2:10002cd8  PA:10002d10
26783923ns          456480 1c009520 04012d83 lw               x27, 64(x2)         x27=1c002efa  x2:10002cd8  PA:10002d18
26783943ns          456481 1c009522 01ee1023 sh               x30, 0(x28)         x30:00000000 x28:1c002f0a  PA:1c002f0a
26784261ns          456497 1c009526 05812483 lw               x9, 88(x2)           x9=1c002e6a  x2:10002cd8  PA:10002d30
26784281ns          456498 1c009528 05012f03 lw               x30, 80(x2)         x30=1c002e7a  x2:10002cd8  PA:10002d28
26784301ns          456499 1c00952a 0a012583 lw               x11, 160(x2)        x11=1c002e9a  x2:10002cd8  PA:10002d78
26784321ns          456500 1c00952c 014787b3 add              x15, x15, x20       x15=0001ffc3 x15:0000fff8 x20:0000ffcb
26784341ns          456501 1c00952e 013e8eb3 add              x29, x29, x19       x29=0000fffb x29:ffffffff x19:0000fffc
26784360ns          456502 1c009530 01270733 add              x14, x14, x18       x14=0000fff7 x14:ffffffff x18:0000fff8
26784380ns          456503 1c009532 00f49023 sh               x15, 0(x9)          x15:0001ffc3  x9:1c002e6a  PA:1c002e6a
26784698ns          456519 1c009536 01161023 sh               x17, 0(x12)         x17:00000003 x12:1c002eea  PA:1c002eea
26785017ns          456535 1c00953a 01fd9023 sh               x31, 0(x27)         x31:00000000 x27:1c002efa  PA:1c002efa
26785355ns          456552 1c00953e 00df1023 sh               x13, 0(x30)         x13:0001fff1 x30:1c002e7a  PA:1c002e7a
26785673ns          456568 1c009542 01d59023 sh               x29, 0(x11)         x29:0000fffb x11:1c002e9a  PA:1c002e9a
26785991ns          456584 1c009546 00e09023 sh               x14, 0(x1)          x14:0000fff7  x1:1c002e8a  PA:1c002e8a
26786309ns          456600 1c00954a 01039023 sh               x16, 0(x7)          x16:0000fffc  x7:1c002eba  PA:1c002eba
26786648ns          456617 1c00954e 00a29023 sh               x10, 0(x5)          x10:0000fffc  x5:1c002eaa  PA:1c002eaa
26786966ns          456633 1c009552 008b0b13 addi             x22, x22, 8         x22=0000002d x22:00000025
26786986ns          456634 1c009554 1f300793 addi             x15, x0, 499        x15=000001f3
26787006ns          456635 1c009558 e767dae3 bge              x15, x22, -396      x15:000001f3 x22:0000002d
26787105ns          456640 1c0093cc 010c9a0b p.lh             x20, 16(x25!)       x20=000000e2 x25=1c0026f2 x25:1c0026e2  PA:1c0026e2
26787463ns          456658 1c0093d0 0104198b p.lh             x19, 16(x8!)        x19=00000013  x8=1c001eba  x8:1c001eaa  PA:1c001eaa
26787900ns          456680 1c0093d4 2cc10513 addi             x10, x2, 716        x10=10002fa4  x2:10002cd8
26787920ns          456681 1c0093d6 010a990b p.lh             x18, 16(x21!)       x18=000000e7 x21=1c0016e6 x21:1c0016d6  PA:1c0016d6
26788258ns          456698 1c0093da 010b948b p.lh             x9, 16(x23!)         x9=00000012 x23=1c000f16 x23:1c000f06  PA:1c000f06
26788557ns          456713 1c0093de 2d411623 sh               x20, 716(x2)        x20:000000e2  x2:10002cd8  PA:10002fa4
26788577ns          456714 1c0093e2 2d311723 sh               x19, 718(x2)        x19:00000013  x2:10002cd8  PA:10002fa6
26788597ns          456715 1c0093e6 c33ff0ef jal              x1, -974             x1=1c0093e8
26788636ns          456717 1c009018 00051803 lh               x16, 0(x10)         x16=000000e2 x10:10002fa4  PA:10002fa4
26788656ns          456718 1c00901c 00251883 lh               x17, 2(x10)         x17=00000013 x10:10002fa4  PA:10002fa6
26788716ns          456721 1c009020 030806b3 mul              x13, x16, x16       x13=0000c784 x16:000000e2 x16:000000e2
26788756ns          456723 1c009024 03188633 mul              x12, x17, x17       x12=00000169 x17:00000013 x17:00000013
26788776ns          456724 1c009028 40a65613 srai             x12, x12, 0x40a     x12=00000000 x12:00000169
26788795ns          456725 1c00902a 40a6d693 srai             x13, x13, 0x40a     x13=00000031 x13:0000c784
26788815ns          456726 1c00902c 00c686b3 add              x13, x13, x12       x13=00000031 x13:00000031 x12:00000000
26788835ns          456727 1c00902e 1006c633 p.exths          x12, x13, x0        x12=00000031 x13:00000031
26788855ns          456728 1c009032 00855703 lhu              x14, 8(x10)         x14=0000ffd1 x10:10002fa4  PA:10002fac
26788875ns          456729 1c009036 00a55683 lhu              x13, 10(x10)        x13=0000ff6a x10:10002fa4  PA:10002fae
26788895ns          456730 1c00903a 02c60333 mul              x6, x12, x12         x6=00000961 x12:00000031 x12:00000031
26788915ns          456731 1c00903e 00c55783 lhu              x15, 12(x10)        x15=0000ffe5 x10:10002fa4  PA:10002fb0
26788935ns          456732 1c009042 00e55583 lhu              x11, 14(x10)        x11=00000060 x10:10002fa4  PA:10002fb2
26788955ns          456733 1c009046 dea30333 p.extract        x6, x6, 15, 10       x6=00000002  x6:00000961
26788974ns          456734 1c00904a 80c7075b p.muls           x14, x14, x12       x14=fffff701 x14:0000ffd1 x12:00000031
26788994ns          456735 1c00904e 80c686db p.muls           x13, x13, x12       x13=ffffe34a x13:0000ff6a x12:00000031
26789014ns          456736 1c009052 00455e83 lhu              x29, 4(x10)         x29=00000427 x10:10002fa4  PA:10002fa8
26789034ns          456737 1c009056 00655e03 lhu              x28, 6(x10)         x28=0000007f x10:10002fa4  PA:10002faa
26789054ns          456738 1c00905a 40a75713 srai             x14, x14, 0x40a     x14=fffffffd x14:fffff701
26789074ns          456739 1c00905c 806787db p.muls           x15, x15, x6        x15=ffffffca x15:0000ffe5  x6:00000002
26789094ns          456740 1c009060 40a6d693 srai             x13, x13, 0x40a     x13=fffffff8 x13:ffffe34a
26789114ns          456741 1c009062 8065865b p.muls           x12, x11, x6        x12=000000c0 x11:00000060  x6:00000002
26789134ns          456742 1c009066 40a7d793 srai             x15, x15, 0x40a     x15=ffffffff x15:ffffffca
26789153ns          456743 1c009068 40a65613 srai             x12, x12, 0x40a     x12=00000000 x12:000000c0
26789173ns          456744 1c00906a 01d70733 add              x14, x14, x29       x14=00000424 x14:fffffffd x29:00000427
26789193ns          456745 1c00906c 01c686b3 add              x13, x13, x28       x13=00000077 x13:fffffff8 x28:0000007f
26789213ns          456746 1c00906e 00c686b3 add              x13, x13, x12       x13=00000077 x13:00000077 x12:00000000
26789233ns          456747 1c009070 00f70733 add              x14, x14, x15       x14=00000423 x14:00000424 x15:ffffffff
26789253ns          456748 1c009072 100747b3 p.exths          x15, x14, x0        x15=00000423 x14:00000423
26789273ns          456749 1c009076 1006c733 p.exths          x14, x13, x0        x14=00000077 x13:00000077
26789293ns          456750 1c00907a 03170633 mul              x12, x14, x17       x12=000008d5 x14:00000077 x17:00000013
26789313ns          456751 1c00907e 030786b3 mul              x13, x15, x16       x13=0003a6e6 x15:00000423 x16:000000e2
26789332ns          456752 1c009082 03070733 mul              x14, x14, x16       x14=0000690e x14:00000077 x16:000000e2
26789352ns          456753 1c009086 031787b3 mul              x15, x15, x17       x15=00004e99 x15:00000423 x17:00000013
26789372ns          456754 1c00908a 40a6d693 srai             x13, x13, 0x40a     x13=000000e9 x13:0003a6e6
26789392ns          456755 1c00908c 40a65613 srai             x12, x12, 0x40a     x12=00000002 x12:000008d5
26789412ns          456756 1c00908e 40a7d793 srai             x15, x15, 0x40a     x15=00000013 x15:00004e99
26789432ns          456757 1c009090 40a75713 srai             x14, x14, 0x40a     x14=0000001a x14:0000690e
26789452ns          456758 1c009092 40c686b3 sub              x13, x13, x12       x13=000000e7 x13:000000e9 x12:00000002
26789472ns          456759 1c009094 00e787b3 add              x15, x15, x14       x15=0000002d x15:00000013 x14:0000001a
26789492ns          456760 1c009096 00d51823 sh               x13, 16(x10)        x13:000000e7 x10:10002fa4  PA:10002fb4
26789511ns          456761 1c00909a 00f51923 sh               x15, 18(x10)        x15:0000002d x10:10002fa4  PA:10002fb6
26789531ns          456762 1c00909e 00008067 jalr             x0, x1, 0            x1:1c0093e8
26789571ns          456764 1c0093e8 2dc15583 lhu              x11, 732(x2)        x11=000000e7  x2:10002cd8  PA:10002fb4
26789591ns          456765 1c0093ec 2de15783 lhu              x15, 734(x2)        x15=0000002d  x2:10002cd8  PA:10002fb6
26789611ns          456766 1c0093f0 40b90933 sub              x18, x18, x11       x18=00000000 x18:000000e7 x11:000000e7
26789631ns          456767 1c0093f4 40f484b3 sub              x9, x9, x15          x9=ffffffe5  x9:00000012 x15:0000002d
26789651ns          456768 1c0093f6 100945b3 p.exths          x11, x18, x0        x11=00000000 x18:00000000
26789670ns          456769 1c0093fa 1004c7b3 p.exths          x15, x9, x0         x15=ffffffe5  x9:ffffffe5
26789690ns          456770 1c0093fe 034586b3 mul              x13, x11, x20       x13=00000000 x11:00000000 x20:000000e2
26789710ns          456771 1c009402 03378533 mul              x10, x15, x19       x10=fffffdff x15:ffffffe5 x19:00000013
26789730ns          456772 1c009406 034a0633 mul              x12, x20, x20       x12=0000c784 x20:000000e2 x20:000000e2
26789750ns          456773 1c00940a 03398733 mul              x14, x19, x19       x14=00000169 x19:00000013 x19:00000013
26789770ns          456774 1c00940e 034787b3 mul              x15, x15, x20       x15=ffffe82a x15:ffffffe5 x20:000000e2
26789790ns          456775 1c009412 033585b3 mul              x11, x11, x19       x11=00000000 x11:00000000 x19:00000013
26789810ns          456776 1c009416 40a75713 srai             x14, x14, 0x40a     x14=00000000 x14:00000169
26789830ns          456777 1c009418 40a5d593 srai             x11, x11, 0x40a     x11=00000000 x11:00000000
26789849ns          456778 1c00941a 40a65613 srai             x12, x12, 0x40a     x12=00000031 x12:0000c784
26789869ns          456779 1c00941c 40a7d793 srai             x15, x15, 0x40a     x15=fffffffa x15:ffffe82a
26789889ns          456780 1c00941e 1c0034b7 lui              x9, 0x1c003000       x9=1c003000
26789909ns          456781 1c009422 00e60633 add              x12, x12, x14       x12=00000031 x12:00000031 x14:00000000
26789929ns          456782 1c009424 40b787b3 sub              x15, x15, x11       x15=fffffffa x15:fffffffa x11:00000000
26789949ns          456783 1c009426 eb048493 addi             x9, x9, -336         x9=1c002eb0  x9:1c003000
26789969ns          456784 1c00942a 1c0032b7 lui              x5, 0x1c003000       x5=1c003000
26789989ns          456785 1c00942e 1c0035b7 lui              x11, 0x1c003000     x11=1c003000
26790009ns          456786 1c009432 018483b3 add              x7, x9, x24          x7=1c002eba  x9:1c002eb0 x24:0000000a
26790028ns          456787 1c009436 02812e83 lw               x29, 40(x2)         x29=1c002eca  x2:10002cd8  PA:10002d00
26790048ns          456788 1c009438 10065633 p.exthz          x12, x12, x0        x12=00000031 x12:00000031
26790068ns          456789 1c00943c e8028293 addi             x5, x5, -384         x5=1c002e80  x5:1c003000
26790088ns          456790 1c009440 ea058593 addi             x11, x11, -352      x11=1c002ea0 x11:1c003000
26790128ns          456792 1c009444 03812483 lw               x9, 56(x2)           x9=1c002eea  x2:10002cd8  PA:10002d10
26790148ns          456793 1c009446 10064733 p.exths          x14, x12, x0        x14=00000031 x12:00000031
26790168ns          456794 1c00944a 018280b3 add              x1, x5, x24          x1=1c002e8a  x5:1c002e80 x24:0000000a
26790188ns          456795 1c00944e 03012f03 lw               x30, 48(x2)         x30=1c002eda  x2:10002cd8  PA:10002d08
26790207ns          456796 1c009450 018582b3 add              x5, x11, x24         x5=1c002eaa x11:1c002ea0 x24:0000000a
26790227ns          456797 1c009454 04012583 lw               x11, 64(x2)         x11=1c002efa  x2:10002cd8  PA:10002d18
26790247ns          456798 1c009456 000edd83 lhu              x27, 0(x29)         x27=00000142 x29:1c002eca  PA:1c002eca
26790585ns          456815 1c00945a 0004d483 lhu              x9, 0(x9)            x9=00000003  x9:1c002eea  PA:1c002eea
26790884ns          456830 1c00945e 02e70333 mul              x6, x14, x14         x6=00000961 x14:00000031 x14:00000031
26790904ns          456831 1c009462 40a55513 srai             x10, x10, 0x40a     x10=ffffffff x10:fffffdff
26790923ns          456832 1c009464 04812e83 lw               x29, 72(x2)         x29=1c002f0a  x2:10002cd8  PA:10002d20
26790943ns          456833 1c009466 40a6d693 srai             x13, x13, 0x40a     x13=00000000 x13:00000000
26790963ns          456834 1c009468 000f5d03 lhu              x26, 0(x30)         x26=0000001f x30:1c002eda  PA:1c002eda
26791361ns          456854 1c00946c 0005d583 lhu              x11, 0(x11)         x11=00000000 x11:1c002efa  PA:1c002efa
26791659ns          456869 1c009470 40a35313 srai             x6, x6, 0x40a        x6=00000002  x6:00000961
26791679ns          456870 1c009474 00a686b3 add              x13, x13, x10       x13=ffffffff x13:00000000 x10:ffffffff
26791699ns          456871 1c009476 05012f03 lw               x30, 80(x2)         x30=1c002e7a  x2:10002cd8  PA:10002d28
26791719ns          456872 1c009478 10034e33 p.exths          x28, x6, x0         x28=00000002  x6:00000002
26791739ns          456873 1c00947c 06911023 sh               x9, 96(x2)           x9:00000003  x2:10002cd8  PA:10002d38
26791759ns          456874 1c009480 000ede83 lhu              x29, 0(x29)         x29=00000000 x29:1c002f0a  PA:1c002f0a
26792077ns          456890 1c009484 05812483 lw               x9, 88(x2)           x9=1c002e6a  x2:10002cd8  PA:10002d30
26792097ns          456891 1c009486 1006d6b3 p.exthz          x13, x13, x0        x13=0000ffff x13:ffffffff
26792117ns          456892 1c00948a 02ee08b3 mul              x17, x28, x14       x17=00000062 x28:00000002 x14:00000031
26792137ns          456893 1c00948e 1006c833 p.exths          x16, x13, x0        x16=ffffffff x13:0000ffff
26792156ns          456894 1c009492 06b11823 sh               x11, 112(x2)        x11:00000000  x2:10002cd8  PA:10002d48
26792176ns          456895 1c009496 000f5f03 lhu              x30, 0(x30)         x30=0000fff1 x30:1c002e7a  PA:1c002e7a
26792495ns          456911 1c00949a 0a012583 lw               x11, 160(x2)        x11=1c002e9a  x2:10002cd8  PA:10002d78
26792514ns          456912 1c00949c 1007d7b3 p.exthz          x15, x15, x0        x15=0000fffa x15:fffffffa
26792534ns          456913 1c0094a0 0004da03 lhu              x20, 0(x9)          x20=0000ffc3  x9:1c002e6a  PA:1c002e6a
26792833ns          456928 1c0094a4 1007c533 p.exths          x10, x15, x0        x10=fffffffa x15:0000fffa
26792853ns          456929 1c0094a8 09d11023 sh               x29, 128(x2)        x29:00000000  x2:10002cd8  PA:10002d58
26792872ns          456930 1c0094ac 0003d483 lhu              x9, 0(x7)            x9=0000fffc  x7:1c002eba  PA:1c002eba
26793191ns          456946 1c0094b0 02e80eb3 mul              x29, x16, x14       x29=ffffffcf x16:ffffffff x14:00000031
26793211ns          456947 1c0094b4 40a8d893 srai             x17, x17, 0x40a     x17=00000000 x17:00000062
26793230ns          456948 1c0094b8 03c80833 mul              x16, x16, x28       x16=fffffffe x16:ffffffff x28:00000002
26793250ns          456949 1c0094bc 09e11823 sh               x30, 144(x2)        x30:0000fff1  x2:10002cd8  PA:10002d68
26793270ns          456950 1c0094c0 0005d983 lhu              x19, 0(x11)         x19=0000fffb x11:1c002e9a  PA:1c002e9a
26793608ns          456967 1c0094c4 81c88f5b p.muls           x30, x17, x28       x30=00000000 x17:00000000 x28:00000002
26793628ns          456968 1c0094c8 0002d583 lhu              x11, 0(x5)          x11=0000fffc  x5:1c002eaa  PA:1c002eaa
26793946ns          456984 1c0094cc 03ce0fb3 mul              x31, x28, x28       x31=00000004 x28:00000002 x28:00000002
26793966ns          456985 1c0094d0 02e50733 mul              x14, x10, x14       x14=fffffeda x10:fffffffa x14:00000031
26793986ns          456986 1c0094d4 40a85813 srai             x16, x16, 0x40a     x16=ffffffff x16:fffffffe
26794006ns          456987 1c0094d8 03c50533 mul              x10, x10, x28       x10=fffffff4 x10:fffffffa x28:00000002
26794026ns          456988 1c0094dc 07015e03 lhu              x28, 112(x2)        x28=00000000  x2:10002cd8  PA:10002d48
26794066ns          456990 1c0094e0 01b60633 add              x12, x12, x27       x12=00000173 x12:00000031 x27:00000142
26794086ns          456991 1c0094e2 00980833 add              x16, x16, x9        x16=0000fffb x16:ffffffff  x9:0000fffc
26794106ns          456992 1c0094e4 06015d83 lhu              x27, 96(x2)         x27=00000003  x2:10002cd8  PA:10002d38
26794125ns          456993 1c0094e8 02812483 lw               x9, 40(x2)           x9=1c002eca  x2:10002cd8  PA:10002d00
26794145ns          456994 1c0094ea 40afdf93 srai             x31, x31, 0x40a     x31=00000000 x31:00000004
26794165ns          456995 1c0094ee 40a55513 srai             x10, x10, 0x40a     x10=ffffffff x10:fffffff4
26794185ns          456996 1c0094f0 01cf8fb3 add              x31, x31, x28       x31=00000000 x31:00000000 x28:00000000
26794205ns          456997 1c0094f2 00b50533 add              x10, x10, x11       x10=0000fffb x10:ffffffff x11:0000fffc
26794225ns          456998 1c0094f4 09015e03 lhu              x28, 144(x2)        x28=0000fff1  x2:10002cd8  PA:10002d68
26794245ns          456999 1c0094f8 03012583 lw               x11, 48(x2)         x11=1c002eda  x2:10002cd8  PA:10002d08
26794265ns          457000 1c0094fa 00c49023 sh               x12, 0(x9)          x12:00000173  x9:1c002eca  PA:1c002eca
26794603ns          457017 1c0094fe 01b888b3 add              x17, x17, x27       x17=00000003 x17:00000000 x27:00000003
26794623ns          457018 1c009500 01a30333 add              x6, x6, x26          x6=00000021  x6:00000002 x26:0000001f
26794642ns          457019 1c009502 08015d83 lhu              x27, 128(x2)        x27=00000000  x2:10002cd8  PA:10002d58
26794662ns          457020 1c009506 0000d903 lhu              x18, 0(x1)          x18=0000fff7  x1:1c002e8a  PA:1c002e8a
26794961ns          457035 1c00950a 01c686b3 add              x13, x13, x28       x13=0001fff0 x13:0000ffff x28:0000fff1
26794981ns          457036 1c00950c 00659023 sh               x6, 0(x11)           x6:00000021 x11:1c002eda  PA:1c002eda
26795319ns          457053 1c009510 40af5f13 srai             x30, x30, 0x40a     x30=00000000 x30:00000000
26795339ns          457054 1c009514 04812e03 lw               x28, 72(x2)         x28=1c002f0a  x2:10002cd8  PA:10002d20
26795358ns          457055 1c009516 01bf0f33 add              x30, x30, x27       x30=00000000 x30:00000000 x27:00000000
26795378ns          457056 1c009518 40aede93 srai             x29, x29, 0x40a     x29=ffffffff x29:ffffffcf
26795398ns          457057 1c00951c 40a75713 srai             x14, x14, 0x40a     x14=ffffffff x14:fffffeda
26795418ns          457058 1c00951e 03812603 lw               x12, 56(x2)         x12=1c002eea  x2:10002cd8  PA:10002d10
26795438ns          457059 1c009520 04012d83 lw               x27, 64(x2)         x27=1c002efa  x2:10002cd8  PA:10002d18
26795458ns          457060 1c009522 01ee1023 sh               x30, 0(x28)         x30:00000000 x28:1c002f0a  PA:1c002f0a
26795796ns          457077 1c009526 05812483 lw               x9, 88(x2)           x9=1c002e6a  x2:10002cd8  PA:10002d30
26795816ns          457078 1c009528 05012f03 lw               x30, 80(x2)         x30=1c002e7a  x2:10002cd8  PA:10002d28
26795836ns          457079 1c00952a 0a012583 lw               x11, 160(x2)        x11=1c002e9a  x2:10002cd8  PA:10002d78
26795856ns          457080 1c00952c 014787b3 add              x15, x15, x20       x15=0001ffbd x15:0000fffa x20:0000ffc3
26795876ns          457081 1c00952e 013e8eb3 add              x29, x29, x19       x29=0000fffa x29:ffffffff x19:0000fffb
26795895ns          457082 1c009530 01270733 add              x14, x14, x18       x14=0000fff6 x14:ffffffff x18:0000fff7
26795915ns          457083 1c009532 00f49023 sh               x15, 0(x9)          x15:0001ffbd  x9:1c002e6a  PA:1c002e6a
26796253ns          457100 1c009536 01161023 sh               x17, 0(x12)         x17:00000003 x12:1c002eea  PA:1c002eea
26796631ns          457119 1c00953a 01fd9023 sh               x31, 0(x27)         x31:00000000 x27:1c002efa  PA:1c002efa
26796969ns          457136 1c00953e 00df1023 sh               x13, 0(x30)         x13:0001fff0 x30:1c002e7a  PA:1c002e7a
26797288ns          457152 1c009542 01d59023 sh               x29, 0(x11)         x29:0000fffa x11:1c002e9a  PA:1c002e9a
26797606ns          457168 1c009546 00e09023 sh               x14, 0(x1)          x14:0000fff6  x1:1c002e8a  PA:1c002e8a
26797924ns          457184 1c00954a 01039023 sh               x16, 0(x7)          x16:0000fffb  x7:1c002eba  PA:1c002eba
26798242ns          457200 1c00954e 00a29023 sh               x10, 0(x5)          x10:0000fffb  x5:1c002eaa  PA:1c002eaa
26798560ns          457216 1c009552 008b0b13 addi             x22, x22, 8         x22=00000035 x22:0000002d
26798580ns          457217 1c009554 1f300793 addi             x15, x0, 499        x15=000001f3
26798600ns          457218 1c009558 e767dae3 bge              x15, x22, -396      x15:000001f3 x22:00000035
26798660ns          457221 1c0093cc 010c9a0b p.lh             x20, 16(x25!)       x20=fffffed0 x25=1c002702 x25:1c0026f2  PA:1c0026f2
26798978ns          457237 1c0093d0 0104198b p.lh             x19, 16(x8!)        x19=ffffff5e  x8=1c001eca  x8:1c001eba  PA:1c001eba
26799376ns          457257 1c0093d4 2cc10513 addi             x10, x2, 716        x10=10002fa4  x2:10002cd8
26799396ns          457258 1c0093d6 010a990b p.lh             x18, 16(x21!)       x18=fffffecb x21=1c0016f6 x21:1c0016e6  PA:1c0016e6
26799714ns          457274 1c0093da 010b948b p.lh             x9, 16(x23!)         x9=ffffff84 x23=1c000f26 x23:1c000f16  PA:1c000f16
26800012ns          457289 1c0093de 2d411623 sh               x20, 716(x2)        x20:fffffed0  x2:10002cd8  PA:10002fa4
26800032ns          457290 1c0093e2 2d311723 sh               x19, 718(x2)        x19:ffffff5e  x2:10002cd8  PA:10002fa6
26800052ns          457291 1c0093e6 c33ff0ef jal              x1, -974             x1=1c0093e8
26800132ns          457295 1c009018 00051803 lh               x16, 0(x10)         x16=fffffed0 x10:10002fa4  PA:10002fa4
26800171ns          457297 1c00901c 00251883 lh               x17, 2(x10)         x17=ffffff5e x10:10002fa4  PA:10002fa6
26800231ns          457300 1c009020 030806b3 mul              x13, x16, x16       x13=00016900 x16:fffffed0 x16:fffffed0
26800271ns          457302 1c009024 03188633 mul              x12, x17, x17       x12=00006684 x17:ffffff5e x17:ffffff5e
26800291ns          457303 1c009028 40a65613 srai             x12, x12, 0x40a     x12=00000019 x12:00006684
26800311ns          457304 1c00902a 40a6d693 srai             x13, x13, 0x40a     x13=0000005a x13:00016900
26800330ns          457305 1c00902c 00c686b3 add              x13, x13, x12       x13=00000073 x13:0000005a x12:00000019
26800350ns          457306 1c00902e 1006c633 p.exths          x12, x13, x0        x12=00000073 x13:00000073
26800370ns          457307 1c009032 00855703 lhu              x14, 8(x10)         x14=0000ffd1 x10:10002fa4  PA:10002fac
26800390ns          457308 1c009036 00a55683 lhu              x13, 10(x10)        x13=0000ff6a x10:10002fa4  PA:10002fae
26800410ns          457309 1c00903a 02c60333 mul              x6, x12, x12         x6=000033a9 x12:00000073 x12:00000073
26800450ns          457311 1c00903e 00c55783 lhu              x15, 12(x10)        x15=0000ffe5 x10:10002fa4  PA:10002fb0
26800490ns          457313 1c009042 00e55583 lhu              x11, 14(x10)        x11=00000060 x10:10002fa4  PA:10002fb2
26800509ns          457314 1c009046 dea30333 p.extract        x6, x6, 15, 10       x6=0000000c  x6:000033a9
26800529ns          457315 1c00904a 80c7075b p.muls           x14, x14, x12       x14=ffffeae3 x14:0000ffd1 x12:00000073
26800589ns          457318 1c00904e 80c686db p.muls           x13, x13, x12       x13=ffffbc9e x13:0000ff6a x12:00000073
26800629ns          457320 1c009052 00455e83 lhu              x29, 4(x10)         x29=00000427 x10:10002fa4  PA:10002fa8
26800649ns          457321 1c009056 00655e03 lhu              x28, 6(x10)         x28=0000007f x10:10002fa4  PA:10002faa
26800669ns          457322 1c00905a 40a75713 srai             x14, x14, 0x40a     x14=fffffffa x14:ffffeae3
26800688ns          457323 1c00905c 806787db p.muls           x15, x15, x6        x15=fffffebc x15:0000ffe5  x6:0000000c
26800708ns          457324 1c009060 40a6d693 srai             x13, x13, 0x40a     x13=ffffffef x13:ffffbc9e
26800728ns          457325 1c009062 8065865b p.muls           x12, x11, x6        x12=00000480 x11:00000060  x6:0000000c
26800748ns          457326 1c009066 40a7d793 srai             x15, x15, 0x40a     x15=ffffffff x15:fffffebc
26800768ns          457327 1c009068 40a65613 srai             x12, x12, 0x40a     x12=00000001 x12:00000480
26800788ns          457328 1c00906a 01d70733 add              x14, x14, x29       x14=00000421 x14:fffffffa x29:00000427
26800808ns          457329 1c00906c 01c686b3 add              x13, x13, x28       x13=0000006e x13:ffffffef x28:0000007f
26800828ns          457330 1c00906e 00c686b3 add              x13, x13, x12       x13=0000006f x13:0000006e x12:00000001
26800848ns          457331 1c009070 00f70733 add              x14, x14, x15       x14=00000420 x14:00000421 x15:ffffffff
26800867ns          457332 1c009072 100747b3 p.exths          x15, x14, x0        x15=00000420 x14:00000420
26800887ns          457333 1c009076 1006c733 p.exths          x14, x13, x0        x14=0000006f x13:0000006f
26800907ns          457334 1c00907a 03170633 mul              x12, x14, x17       x12=ffffb9c2 x14:0000006f x17:ffffff5e
26800927ns          457335 1c00907e 030786b3 mul              x13, x15, x16       x13=fffb1a00 x15:00000420 x16:fffffed0
26800947ns          457336 1c009082 03070733 mul              x14, x14, x16       x14=ffff7c30 x14:0000006f x16:fffffed0
26800967ns          457337 1c009086 031787b3 mul              x15, x15, x17       x15=fffd63c0 x15:00000420 x17:ffffff5e
26800987ns          457338 1c00908a 40a6d693 srai             x13, x13, 0x40a     x13=fffffec6 x13:fffb1a00
26801007ns          457339 1c00908c 40a65613 srai             x12, x12, 0x40a     x12=ffffffee x12:ffffb9c2
26801027ns          457340 1c00908e 40a7d793 srai             x15, x15, 0x40a     x15=ffffff58 x15:fffd63c0
26801046ns          457341 1c009090 40a75713 srai             x14, x14, 0x40a     x14=ffffffdf x14:ffff7c30
26801066ns          457342 1c009092 40c686b3 sub              x13, x13, x12       x13=fffffed8 x13:fffffec6 x12:ffffffee
26801086ns          457343 1c009094 00e787b3 add              x15, x15, x14       x15=ffffff37 x15:ffffff58 x14:ffffffdf
26801106ns          457344 1c009096 00d51823 sh               x13, 16(x10)        x13:fffffed8 x10:10002fa4  PA:10002fb4
26801126ns          457345 1c00909a 00f51923 sh               x15, 18(x10)        x15:ffffff37 x10:10002fa4  PA:10002fb6
26801146ns          457346 1c00909e 00008067 jalr             x0, x1, 0            x1:1c0093e8
26801186ns          457348 1c0093e8 2dc15583 lhu              x11, 732(x2)        x11=0000fed8  x2:10002cd8  PA:10002fb4
26801206ns          457349 1c0093ec 2de15783 lhu              x15, 734(x2)        x15=0000ff37  x2:10002cd8  PA:10002fb6
26801245ns          457351 1c0093f0 40b90933 sub              x18, x18, x11       x18=fffefff3 x18:fffffecb x11:0000fed8
26801265ns          457352 1c0093f4 40f484b3 sub              x9, x9, x15          x9=ffff004d  x9:ffffff84 x15:0000ff37
26801285ns          457353 1c0093f6 100945b3 p.exths          x11, x18, x0        x11=fffffff3 x18:fffefff3
26801305ns          457354 1c0093fa 1004c7b3 p.exths          x15, x9, x0         x15=0000004d  x9:ffff004d
26801325ns          457355 1c0093fe 034586b3 mul              x13, x11, x20       x13=00000f70 x11:fffffff3 x20:fffffed0
26801345ns          457356 1c009402 03378533 mul              x10, x15, x19       x10=ffffcf46 x15:0000004d x19:ffffff5e
26801365ns          457357 1c009406 034a0633 mul              x12, x20, x20       x12=00016900 x20:fffffed0 x20:fffffed0
26801385ns          457358 1c00940a 03398733 mul              x14, x19, x19       x14=00006684 x19:ffffff5e x19:ffffff5e
26801424ns          457360 1c00940e 034787b3 mul              x15, x15, x20       x15=ffffa490 x15:0000004d x20:fffffed0
26801464ns          457362 1c009412 033585b3 mul              x11, x11, x19       x11=0000083a x11:fffffff3 x19:ffffff5e
26801484ns          457363 1c009416 40a75713 srai             x14, x14, 0x40a     x14=00000019 x14:00006684
26801504ns          457364 1c009418 40a5d593 srai             x11, x11, 0x40a     x11=00000002 x11:0000083a
26801524ns          457365 1c00941a 40a65613 srai             x12, x12, 0x40a     x12=0000005a x12:00016900
26801544ns          457366 1c00941c 40a7d793 srai             x15, x15, 0x40a     x15=ffffffe9 x15:ffffa490
26801564ns          457367 1c00941e 1c0034b7 lui              x9, 0x1c003000       x9=1c003000
26801583ns          457368 1c009422 00e60633 add              x12, x12, x14       x12=00000073 x12:0000005a x14:00000019
26801603ns          457369 1c009424 40b787b3 sub              x15, x15, x11       x15=ffffffe7 x15:ffffffe9 x11:00000002
26801623ns          457370 1c009426 eb048493 addi             x9, x9, -336         x9=1c002eb0  x9:1c003000
26801643ns          457371 1c00942a 1c0032b7 lui              x5, 0x1c003000       x5=1c003000
26801663ns          457372 1c00942e 1c0035b7 lui              x11, 0x1c003000     x11=1c003000
26801683ns          457373 1c009432 018483b3 add              x7, x9, x24          x7=1c002eba  x9:1c002eb0 x24:0000000a
26801703ns          457374 1c009436 02812e83 lw               x29, 40(x2)         x29=1c002eca  x2:10002cd8  PA:10002d00
26801723ns          457375 1c009438 10065633 p.exthz          x12, x12, x0        x12=00000073 x12:00000073
26801743ns          457376 1c00943c e8028293 addi             x5, x5, -384         x5=1c002e80  x5:1c003000
26801782ns          457378 1c009440 ea058593 addi             x11, x11, -352      x11=1c002ea0 x11:1c003000
26801822ns          457380 1c009444 03812483 lw               x9, 56(x2)           x9=1c002eea  x2:10002cd8  PA:10002d10
26801842ns          457381 1c009446 10064733 p.exths          x14, x12, x0        x14=00000073 x12:00000073
26801862ns          457382 1c00944a 018280b3 add              x1, x5, x24          x1=1c002e8a  x5:1c002e80 x24:0000000a
26801882ns          457383 1c00944e 03012f03 lw               x30, 48(x2)         x30=1c002eda  x2:10002cd8  PA:10002d08
26801902ns          457384 1c009450 018582b3 add              x5, x11, x24         x5=1c002eaa x11:1c002ea0 x24:0000000a
26801922ns          457385 1c009454 04012583 lw               x11, 64(x2)         x11=1c002efa  x2:10002cd8  PA:10002d18
26801941ns          457386 1c009456 000edd83 lhu              x27, 0(x29)         x27=00000173 x29:1c002eca  PA:1c002eca
26802240ns          457401 1c00945a 0004d483 lhu              x9, 0(x9)            x9=00000003  x9:1c002eea  PA:1c002eea
26802618ns          457420 1c00945e 02e70333 mul              x6, x14, x14         x6=000033a9 x14:00000073 x14:00000073
26802637ns          457421 1c009462 40a55513 srai             x10, x10, 0x40a     x10=fffffff3 x10:ffffcf46
26802657ns          457422 1c009464 04812e83 lw               x29, 72(x2)         x29=1c002f0a  x2:10002cd8  PA:10002d20
26802677ns          457423 1c009466 40a6d693 srai             x13, x13, 0x40a     x13=00000003 x13:00000f70
26802697ns          457424 1c009468 000f5d03 lhu              x26, 0(x30)         x26=00000021 x30:1c002eda  PA:1c002eda
26803055ns          457442 1c00946c 0005d583 lhu              x11, 0(x11)         x11=00000000 x11:1c002efa  PA:1c002efa
26803353ns          457457 1c009470 40a35313 srai             x6, x6, 0x40a        x6=0000000c  x6:000033a9
26803373ns          457458 1c009474 00a686b3 add              x13, x13, x10       x13=fffffff6 x13:00000003 x10:fffffff3
26803393ns          457459 1c009476 05012f03 lw               x30, 80(x2)         x30=1c002e7a  x2:10002cd8  PA:10002d28
26803413ns          457460 1c009478 10034e33 p.exths          x28, x6, x0         x28=0000000c  x6:0000000c
26803433ns          457461 1c00947c 06911023 sh               x9, 96(x2)           x9:00000003  x2:10002cd8  PA:10002d38
26803453ns          457462 1c009480 000ede83 lhu              x29, 0(x29)         x29=00000000 x29:1c002f0a  PA:1c002f0a
26803791ns          457479 1c009484 05812483 lw               x9, 88(x2)           x9=1c002e6a  x2:10002cd8  PA:10002d30
26803811ns          457480 1c009486 1006d6b3 p.exthz          x13, x13, x0        x13=0000fff6 x13:fffffff6
26803831ns          457481 1c00948a 02ee08b3 mul              x17, x28, x14       x17=00000564 x28:0000000c x14:00000073
26803851ns          457482 1c00948e 1006c833 p.exths          x16, x13, x0        x16=fffffff6 x13:0000fff6
26803871ns          457483 1c009492 06b11823 sh               x11, 112(x2)        x11:00000000  x2:10002cd8  PA:10002d48
26803890ns          457484 1c009496 000f5f03 lhu              x30, 0(x30)         x30=0000fff0 x30:1c002e7a  PA:1c002e7a
26804189ns          457499 1c00949a 0a012583 lw               x11, 160(x2)        x11=1c002e9a  x2:10002cd8  PA:10002d78
26804209ns          457500 1c00949c 1007d7b3 p.exthz          x15, x15, x0        x15=0000ffe7 x15:ffffffe7
26804229ns          457501 1c0094a0 0004da03 lhu              x20, 0(x9)          x20=0000ffbd  x9:1c002e6a  PA:1c002e6a
26804527ns          457516 1c0094a4 1007c533 p.exths          x10, x15, x0        x10=ffffffe7 x15:0000ffe7
26804547ns          457517 1c0094a8 09d11023 sh               x29, 128(x2)        x29:00000000  x2:10002cd8  PA:10002d58
26804567ns          457518 1c0094ac 0003d483 lhu              x9, 0(x7)            x9=0000fffb  x7:1c002eba  PA:1c002eba
26804865ns          457533 1c0094b0 02e80eb3 mul              x29, x16, x14       x29=fffffb82 x16:fffffff6 x14:00000073
26804885ns          457534 1c0094b4 40a8d893 srai             x17, x17, 0x40a     x17=00000001 x17:00000564
26804905ns          457535 1c0094b8 03c80833 mul              x16, x16, x28       x16=ffffff88 x16:fffffff6 x28:0000000c
26804925ns          457536 1c0094bc 09e11823 sh               x30, 144(x2)        x30:0000fff0  x2:10002cd8  PA:10002d68
26804944ns          457537 1c0094c0 0005d983 lhu              x19, 0(x11)         x19=0000fffa x11:1c002e9a  PA:1c002e9a
26805263ns          457553 1c0094c4 81c88f5b p.muls           x30, x17, x28       x30=0000000c x17:00000001 x28:0000000c
26805283ns          457554 1c0094c8 0002d583 lhu              x11, 0(x5)          x11=0000fffb  x5:1c002eaa  PA:1c002eaa
26805601ns          457570 1c0094cc 03ce0fb3 mul              x31, x28, x28       x31=00000090 x28:0000000c x28:0000000c
26805621ns          457571 1c0094d0 02e50733 mul              x14, x10, x14       x14=fffff4c5 x10:ffffffe7 x14:00000073
26805641ns          457572 1c0094d4 40a85813 srai             x16, x16, 0x40a     x16=ffffffff x16:ffffff88
26805660ns          457573 1c0094d8 03c50533 mul              x10, x10, x28       x10=fffffed4 x10:ffffffe7 x28:0000000c
26805680ns          457574 1c0094dc 07015e03 lhu              x28, 112(x2)        x28=00000000  x2:10002cd8  PA:10002d48
26805700ns          457575 1c0094e0 01b60633 add              x12, x12, x27       x12=000001e6 x12:00000073 x27:00000173
26805720ns          457576 1c0094e2 00980833 add              x16, x16, x9        x16=0000fffa x16:ffffffff  x9:0000fffb
26805740ns          457577 1c0094e4 06015d83 lhu              x27, 96(x2)         x27=00000003  x2:10002cd8  PA:10002d38
26805760ns          457578 1c0094e8 02812483 lw               x9, 40(x2)           x9=1c002eca  x2:10002cd8  PA:10002d00
26805780ns          457579 1c0094ea 40afdf93 srai             x31, x31, 0x40a     x31=00000000 x31:00000090
26805800ns          457580 1c0094ee 40a55513 srai             x10, x10, 0x40a     x10=ffffffff x10:fffffed4
26805820ns          457581 1c0094f0 01cf8fb3 add              x31, x31, x28       x31=00000000 x31:00000000 x28:00000000
26805839ns          457582 1c0094f2 00b50533 add              x10, x10, x11       x10=0000fffa x10:ffffffff x11:0000fffb
26805859ns          457583 1c0094f4 09015e03 lhu              x28, 144(x2)        x28=0000fff0  x2:10002cd8  PA:10002d68
26805879ns          457584 1c0094f8 03012583 lw               x11, 48(x2)         x11=1c002eda  x2:10002cd8  PA:10002d08
26805899ns          457585 1c0094fa 00c49023 sh               x12, 0(x9)          x12:000001e6  x9:1c002eca  PA:1c002eca
26806237ns          457602 1c0094fe 01b888b3 add              x17, x17, x27       x17=00000004 x17:00000001 x27:00000003
26806257ns          457603 1c009500 01a30333 add              x6, x6, x26          x6=0000002d  x6:0000000c x26:00000021
26806277ns          457604 1c009502 08015d83 lhu              x27, 128(x2)        x27=00000000  x2:10002cd8  PA:10002d58
26806297ns          457605 1c009506 0000d903 lhu              x18, 0(x1)          x18=0000fff6  x1:1c002e8a  PA:1c002e8a
26806595ns          457620 1c00950a 01c686b3 add              x13, x13, x28       x13=0001ffe6 x13:0000fff6 x28:0000fff0
26806615ns          457621 1c00950c 00659023 sh               x6, 0(x11)           x6:0000002d x11:1c002eda  PA:1c002eda
26806933ns          457637 1c009510 40af5f13 srai             x30, x30, 0x40a     x30=00000000 x30:0000000c
26806953ns          457638 1c009514 04812e03 lw               x28, 72(x2)         x28=1c002f0a  x2:10002cd8  PA:10002d20
26806973ns          457639 1c009516 01bf0f33 add              x30, x30, x27       x30=00000000 x30:00000000 x27:00000000
26806993ns          457640 1c009518 40aede93 srai             x29, x29, 0x40a     x29=fffffffe x29:fffffb82
26807013ns          457641 1c00951c 40a75713 srai             x14, x14, 0x40a     x14=fffffffd x14:fffff4c5
26807033ns          457642 1c00951e 03812603 lw               x12, 56(x2)         x12=1c002eea  x2:10002cd8  PA:10002d10
26807053ns          457643 1c009520 04012d83 lw               x27, 64(x2)         x27=1c002efa  x2:10002cd8  PA:10002d18
26807072ns          457644 1c009522 01ee1023 sh               x30, 0(x28)         x30:00000000 x28:1c002f0a  PA:1c002f0a
26807411ns          457661 1c009526 05812483 lw               x9, 88(x2)           x9=1c002e6a  x2:10002cd8  PA:10002d30
26807430ns          457662 1c009528 05012f03 lw               x30, 80(x2)         x30=1c002e7a  x2:10002cd8  PA:10002d28
26807450ns          457663 1c00952a 0a012583 lw               x11, 160(x2)        x11=1c002e9a  x2:10002cd8  PA:10002d78
26807470ns          457664 1c00952c 014787b3 add              x15, x15, x20       x15=0001ffa4 x15:0000ffe7 x20:0000ffbd
26807490ns          457665 1c00952e 013e8eb3 add              x29, x29, x19       x29=0000fff8 x29:fffffffe x19:0000fffa
26807510ns          457666 1c009530 01270733 add              x14, x14, x18       x14=0000fff3 x14:fffffffd x18:0000fff6
26807530ns          457667 1c009532 00f49023 sh               x15, 0(x9)          x15:0001ffa4  x9:1c002e6a  PA:1c002e6a
26807888ns          457685 1c009536 01161023 sh               x17, 0(x12)         x17:00000004 x12:1c002eea  PA:1c002eea
26808206ns          457701 1c00953a 01fd9023 sh               x31, 0(x27)         x31:00000000 x27:1c002efa  PA:1c002efa
26808524ns          457717 1c00953e 00df1023 sh               x13, 0(x30)         x13:0001ffe6 x30:1c002e7a  PA:1c002e7a
26808843ns          457733 1c009542 01d59023 sh               x29, 0(x11)         x29:0000fff8 x11:1c002e9a  PA:1c002e9a
26809201ns          457751 1c009546 00e09023 sh               x14, 0(x1)          x14:0000fff3  x1:1c002e8a  PA:1c002e8a
26809519ns          457767 1c00954a 01039023 sh               x16, 0(x7)          x16:0000fffa  x7:1c002eba  PA:1c002eba
26809837ns          457783 1c00954e 00a29023 sh               x10, 0(x5)          x10:0000fffa  x5:1c002eaa  PA:1c002eaa
26810175ns          457800 1c009552 008b0b13 addi             x22, x22, 8         x22=0000003d x22:00000035
26810195ns          457801 1c009554 1f300793 addi             x15, x0, 499        x15=000001f3
26810215ns          457802 1c009558 e767dae3 bge              x15, x22, -396      x15:000001f3 x22:0000003d
26810314ns          457807 1c0093cc 010c9a0b p.lh             x20, 16(x25!)       x20=0000018a x25=1c002712 x25:1c002702  PA:1c002702
26810652ns          457824 1c0093d0 0104198b p.lh             x19, 16(x8!)        x19=000000bf  x8=1c001eda  x8:1c001eca  PA:1c001eca
26810990ns          457841 1c0093d4 2cc10513 addi             x10, x2, 716        x10=10002fa4  x2:10002cd8
26811010ns          457842 1c0093d6 010a990b p.lh             x18, 16(x21!)       x18=000001a2 x21=1c001706 x21:1c0016f6  PA:1c0016f6
26811348ns          457859 1c0093da 010b948b p.lh             x9, 16(x23!)         x9=00000097 x23=1c000f36 x23:1c000f26  PA:1c000f26
26811667ns          457875 1c0093de 2d411623 sh               x20, 716(x2)        x20:0000018a  x2:10002cd8  PA:10002fa4
26811687ns          457876 1c0093e2 2d311723 sh               x19, 718(x2)        x19:000000bf  x2:10002cd8  PA:10002fa6
26811706ns          457877 1c0093e6 c33ff0ef jal              x1, -974             x1=1c0093e8
26811786ns          457881 1c009018 00051803 lh               x16, 0(x10)         x16=0000018a x10:10002fa4  PA:10002fa4
26811846ns          457884 1c00901c 00251883 lh               x17, 2(x10)         x17=000000bf x10:10002fa4  PA:10002fa6
26811885ns          457886 1c009020 030806b3 mul              x13, x16, x16       x13=00025e64 x16:0000018a x16:0000018a
26811925ns          457888 1c009024 03188633 mul              x12, x17, x17       x12=00008e81 x17:000000bf x17:000000bf
26811945ns          457889 1c009028 40a65613 srai             x12, x12, 0x40a     x12=00000023 x12:00008e81
26811965ns          457890 1c00902a 40a6d693 srai             x13, x13, 0x40a     x13=00000097 x13:00025e64
26811985ns          457891 1c00902c 00c686b3 add              x13, x13, x12       x13=000000ba x13:00000097 x12:00000023
26812005ns          457892 1c00902e 1006c633 p.exths          x12, x13, x0        x12=000000ba x13:000000ba
26812025ns          457893 1c009032 00855703 lhu              x14, 8(x10)         x14=0000ffd1 x10:10002fa4  PA:10002fac
26812044ns          457894 1c009036 00a55683 lhu              x13, 10(x10)        x13=0000ff6a x10:10002fa4  PA:10002fae
26812064ns          457895 1c00903a 02c60333 mul              x6, x12, x12         x6=00008724 x12:000000ba x12:000000ba
26812084ns          457896 1c00903e 00c55783 lhu              x15, 12(x10)        x15=0000ffe5 x10:10002fa4  PA:10002fb0
26812104ns          457897 1c009042 00e55583 lhu              x11, 14(x10)        x11=00000060 x10:10002fa4  PA:10002fb2
26812124ns          457898 1c009046 dea30333 p.extract        x6, x6, 15, 10       x6=00000021  x6:00008724
26812144ns          457899 1c00904a 80c7075b p.muls           x14, x14, x12       x14=ffffddda x14:0000ffd1 x12:000000ba
26812164ns          457900 1c00904e 80c686db p.muls           x13, x13, x12       x13=ffff9304 x13:0000ff6a x12:000000ba
26812184ns          457901 1c009052 00455e83 lhu              x29, 4(x10)         x29=00000427 x10:10002fa4  PA:10002fa8
26812204ns          457902 1c009056 00655e03 lhu              x28, 6(x10)         x28=0000007f x10:10002fa4  PA:10002faa
26812223ns          457903 1c00905a 40a75713 srai             x14, x14, 0x40a     x14=fffffff7 x14:ffffddda
26812243ns          457904 1c00905c 806787db p.muls           x15, x15, x6        x15=fffffc85 x15:0000ffe5  x6:00000021
26812263ns          457905 1c009060 40a6d693 srai             x13, x13, 0x40a     x13=ffffffe4 x13:ffff9304
26812303ns          457907 1c009062 8065865b p.muls           x12, x11, x6        x12=00000c60 x11:00000060  x6:00000021
26812323ns          457908 1c009066 40a7d793 srai             x15, x15, 0x40a     x15=ffffffff x15:fffffc85
26812343ns          457909 1c009068 40a65613 srai             x12, x12, 0x40a     x12=00000003 x12:00000c60
26812363ns          457910 1c00906a 01d70733 add              x14, x14, x29       x14=0000041e x14:fffffff7 x29:00000427
26812383ns          457911 1c00906c 01c686b3 add              x13, x13, x28       x13=00000063 x13:ffffffe4 x28:0000007f
26812402ns          457912 1c00906e 00c686b3 add              x13, x13, x12       x13=00000066 x13:00000063 x12:00000003
26812422ns          457913 1c009070 00f70733 add              x14, x14, x15       x14=0000041d x14:0000041e x15:ffffffff
26812442ns          457914 1c009072 100747b3 p.exths          x15, x14, x0        x15=0000041d x14:0000041d
26812462ns          457915 1c009076 1006c733 p.exths          x14, x13, x0        x14=00000066 x13:00000066
26812482ns          457916 1c00907a 03170633 mul              x12, x14, x17       x12=00004c1a x14:00000066 x17:000000bf
26812502ns          457917 1c00907e 030786b3 mul              x13, x15, x16       x13=000654a2 x15:0000041d x16:0000018a
26812522ns          457918 1c009082 03070733 mul              x14, x14, x16       x14=00009cfc x14:00000066 x16:0000018a
26812542ns          457919 1c009086 031787b3 mul              x15, x15, x17       x15=000311a3 x15:0000041d x17:000000bf
26812562ns          457920 1c00908a 40a6d693 srai             x13, x13, 0x40a     x13=00000195 x13:000654a2
26812581ns          457921 1c00908c 40a65613 srai             x12, x12, 0x40a     x12=00000013 x12:00004c1a
26812601ns          457922 1c00908e 40a7d793 srai             x15, x15, 0x40a     x15=000000c4 x15:000311a3
26812621ns          457923 1c009090 40a75713 srai             x14, x14, 0x40a     x14=00000027 x14:00009cfc
26812641ns          457924 1c009092 40c686b3 sub              x13, x13, x12       x13=00000182 x13:00000195 x12:00000013
26812661ns          457925 1c009094 00e787b3 add              x15, x15, x14       x15=000000eb x15:000000c4 x14:00000027
26812681ns          457926 1c009096 00d51823 sh               x13, 16(x10)        x13:00000182 x10:10002fa4  PA:10002fb4
26812701ns          457927 1c00909a 00f51923 sh               x15, 18(x10)        x15:000000eb x10:10002fa4  PA:10002fb6
26812721ns          457928 1c00909e 00008067 jalr             x0, x1, 0            x1:1c0093e8
26812800ns          457932 1c0093e8 2dc15583 lhu              x11, 732(x2)        x11=00000182  x2:10002cd8  PA:10002fb4
26812860ns          457935 1c0093ec 2de15783 lhu              x15, 734(x2)        x15=000000eb  x2:10002cd8  PA:10002fb6
26812880ns          457936 1c0093f0 40b90933 sub              x18, x18, x11       x18=00000020 x18:000001a2 x11:00000182
26812900ns          457937 1c0093f4 40f484b3 sub              x9, x9, x15          x9=ffffffac  x9:00000097 x15:000000eb
26812920ns          457938 1c0093f6 100945b3 p.exths          x11, x18, x0        x11=00000020 x18:00000020
26812939ns          457939 1c0093fa 1004c7b3 p.exths          x15, x9, x0         x15=ffffffac  x9:ffffffac
26812959ns          457940 1c0093fe 034586b3 mul              x13, x11, x20       x13=00003140 x11:00000020 x20:0000018a
26812979ns          457941 1c009402 03378533 mul              x10, x15, x19       x10=ffffc154 x15:ffffffac x19:000000bf
26812999ns          457942 1c009406 034a0633 mul              x12, x20, x20       x12=00025e64 x20:0000018a x20:0000018a
26813019ns          457943 1c00940a 03398733 mul              x14, x19, x19       x14=00008e81 x19:000000bf x19:000000bf
26813039ns          457944 1c00940e 034787b3 mul              x15, x15, x20       x15=ffff7eb8 x15:ffffffac x20:0000018a
26813059ns          457945 1c009412 033585b3 mul              x11, x11, x19       x11=000017e0 x11:00000020 x19:000000bf
26813079ns          457946 1c009416 40a75713 srai             x14, x14, 0x40a     x14=00000023 x14:00008e81
26813099ns          457947 1c009418 40a5d593 srai             x11, x11, 0x40a     x11=00000005 x11:000017e0
26813118ns          457948 1c00941a 40a65613 srai             x12, x12, 0x40a     x12=00000097 x12:00025e64
26813138ns          457949 1c00941c 40a7d793 srai             x15, x15, 0x40a     x15=ffffffdf x15:ffff7eb8
26813158ns          457950 1c00941e 1c0034b7 lui              x9, 0x1c003000       x9=1c003000
26813178ns          457951 1c009422 00e60633 add              x12, x12, x14       x12=000000ba x12:00000097 x14:00000023
26813198ns          457952 1c009424 40b787b3 sub              x15, x15, x11       x15=ffffffda x15:ffffffdf x11:00000005
26813218ns          457953 1c009426 eb048493 addi             x9, x9, -336         x9=1c002eb0  x9:1c003000
26813238ns          457954 1c00942a 1c0032b7 lui              x5, 0x1c003000       x5=1c003000
26813258ns          457955 1c00942e 1c0035b7 lui              x11, 0x1c003000     x11=1c003000
26813278ns          457956 1c009432 018483b3 add              x7, x9, x24          x7=1c002eba  x9:1c002eb0 x24:0000000a
26813297ns          457957 1c009436 02812e83 lw               x29, 40(x2)         x29=1c002eca  x2:10002cd8  PA:10002d00
26813317ns          457958 1c009438 10065633 p.exthz          x12, x12, x0        x12=000000ba x12:000000ba
26813337ns          457959 1c00943c e8028293 addi             x5, x5, -384         x5=1c002e80  x5:1c003000
26813357ns          457960 1c009440 ea058593 addi             x11, x11, -352      x11=1c002ea0 x11:1c003000
26813397ns          457962 1c009444 03812483 lw               x9, 56(x2)           x9=1c002eea  x2:10002cd8  PA:10002d10
26813417ns          457963 1c009446 10064733 p.exths          x14, x12, x0        x14=000000ba x12:000000ba
26813437ns          457964 1c00944a 018280b3 add              x1, x5, x24          x1=1c002e8a  x5:1c002e80 x24:0000000a
26813457ns          457965 1c00944e 03012f03 lw               x30, 48(x2)         x30=1c002eda  x2:10002cd8  PA:10002d08
26813476ns          457966 1c009450 018582b3 add              x5, x11, x24         x5=1c002eaa x11:1c002ea0 x24:0000000a
26813496ns          457967 1c009454 04012583 lw               x11, 64(x2)         x11=1c002efa  x2:10002cd8  PA:10002d18
26813516ns          457968 1c009456 000edd83 lhu              x27, 0(x29)         x27=000001e6 x29:1c002eca  PA:1c002eca
26813815ns          457983 1c00945a 0004d483 lhu              x9, 0(x9)            x9=00000004  x9:1c002eea  PA:1c002eea
26814113ns          457998 1c00945e 02e70333 mul              x6, x14, x14         x6=00008724 x14:000000ba x14:000000ba
26814133ns          457999 1c009462 40a55513 srai             x10, x10, 0x40a     x10=fffffff0 x10:ffffc154
26814153ns          458000 1c009464 04812e83 lw               x29, 72(x2)         x29=1c002f0a  x2:10002cd8  PA:10002d20
26814173ns          458001 1c009466 40a6d693 srai             x13, x13, 0x40a     x13=0000000c x13:00003140
26814192ns          458002 1c009468 000f5d03 lhu              x26, 0(x30)         x26=0000002d x30:1c002eda  PA:1c002eda
26814511ns          458018 1c00946c 0005d583 lhu              x11, 0(x11)         x11=00000000 x11:1c002efa  PA:1c002efa
26814809ns          458033 1c009470 40a35313 srai             x6, x6, 0x40a        x6=00000021  x6:00008724
26814829ns          458034 1c009474 00a686b3 add              x13, x13, x10       x13=fffffffc x13:0000000c x10:fffffff0
26814849ns          458035 1c009476 05012f03 lw               x30, 80(x2)         x30=1c002e7a  x2:10002cd8  PA:10002d28
26814869ns          458036 1c009478 10034e33 p.exths          x28, x6, x0         x28=00000021  x6:00000021
26814888ns          458037 1c00947c 06911023 sh               x9, 96(x2)           x9:00000004  x2:10002cd8  PA:10002d38
26814908ns          458038 1c009480 000ede83 lhu              x29, 0(x29)         x29=00000000 x29:1c002f0a  PA:1c002f0a
26815207ns          458053 1c009484 05812483 lw               x9, 88(x2)           x9=1c002e6a  x2:10002cd8  PA:10002d30
26815227ns          458054 1c009486 1006d6b3 p.exthz          x13, x13, x0        x13=0000fffc x13:fffffffc
26815246ns          458055 1c00948a 02ee08b3 mul              x17, x28, x14       x17=000017fa x28:00000021 x14:000000ba
26815266ns          458056 1c00948e 1006c833 p.exths          x16, x13, x0        x16=fffffffc x13:0000fffc
26815286ns          458057 1c009492 06b11823 sh               x11, 112(x2)        x11:00000000  x2:10002cd8  PA:10002d48
26815306ns          458058 1c009496 000f5f03 lhu              x30, 0(x30)         x30=0000ffe6 x30:1c002e7a  PA:1c002e7a
26815664ns          458076 1c00949a 0a012583 lw               x11, 160(x2)        x11=1c002e9a  x2:10002cd8  PA:10002d78
26815684ns          458077 1c00949c 1007d7b3 p.exthz          x15, x15, x0        x15=0000ffda x15:ffffffda
26815704ns          458078 1c0094a0 0004da03 lhu              x20, 0(x9)          x20=0000ffa4  x9:1c002e6a  PA:1c002e6a
26816062ns          458096 1c0094a4 1007c533 p.exths          x10, x15, x0        x10=ffffffda x15:0000ffda
26816082ns          458097 1c0094a8 09d11023 sh               x29, 128(x2)        x29:00000000  x2:10002cd8  PA:10002d58
26816102ns          458098 1c0094ac 0003d483 lhu              x9, 0(x7)            x9=0000fffa  x7:1c002eba  PA:1c002eba
26816400ns          458113 1c0094b0 02e80eb3 mul              x29, x16, x14       x29=fffffd18 x16:fffffffc x14:000000ba
26816420ns          458114 1c0094b4 40a8d893 srai             x17, x17, 0x40a     x17=00000005 x17:000017fa
26816440ns          458115 1c0094b8 03c80833 mul              x16, x16, x28       x16=ffffff7c x16:fffffffc x28:00000021
26816460ns          458116 1c0094bc 09e11823 sh               x30, 144(x2)        x30:0000ffe6  x2:10002cd8  PA:10002d68
26816480ns          458117 1c0094c0 0005d983 lhu              x19, 0(x11)         x19=0000fff8 x11:1c002e9a  PA:1c002e9a
26816778ns          458132 1c0094c4 81c88f5b p.muls           x30, x17, x28       x30=000000a5 x17:00000005 x28:00000021
26816798ns          458133 1c0094c8 0002d583 lhu              x11, 0(x5)          x11=0000fffa  x5:1c002eaa  PA:1c002eaa
26817156ns          458151 1c0094cc 03ce0fb3 mul              x31, x28, x28       x31=00000441 x28:00000021 x28:00000021
26817176ns          458152 1c0094d0 02e50733 mul              x14, x10, x14       x14=ffffe464 x10:ffffffda x14:000000ba
26817195ns          458153 1c0094d4 40a85813 srai             x16, x16, 0x40a     x16=ffffffff x16:ffffff7c
26817215ns          458154 1c0094d8 03c50533 mul              x10, x10, x28       x10=fffffb1a x10:ffffffda x28:00000021
26817235ns          458155 1c0094dc 07015e03 lhu              x28, 112(x2)        x28=00000000  x2:10002cd8  PA:10002d48
26817255ns          458156 1c0094e0 01b60633 add              x12, x12, x27       x12=000002a0 x12:000000ba x27:000001e6
26817275ns          458157 1c0094e2 00980833 add              x16, x16, x9        x16=0000fff9 x16:ffffffff  x9:0000fffa
26817295ns          458158 1c0094e4 06015d83 lhu              x27, 96(x2)         x27=00000004  x2:10002cd8  PA:10002d38
26817315ns          458159 1c0094e8 02812483 lw               x9, 40(x2)           x9=1c002eca  x2:10002cd8  PA:10002d00
26817335ns          458160 1c0094ea 40afdf93 srai             x31, x31, 0x40a     x31=00000001 x31:00000441
26817355ns          458161 1c0094ee 40a55513 srai             x10, x10, 0x40a     x10=fffffffe x10:fffffb1a
26817374ns          458162 1c0094f0 01cf8fb3 add              x31, x31, x28       x31=00000001 x31:00000001 x28:00000000
26817394ns          458163 1c0094f2 00b50533 add              x10, x10, x11       x10=0000fff8 x10:fffffffe x11:0000fffa
26817414ns          458164 1c0094f4 09015e03 lhu              x28, 144(x2)        x28=0000ffe6  x2:10002cd8  PA:10002d68
26817434ns          458165 1c0094f8 03012583 lw               x11, 48(x2)         x11=1c002eda  x2:10002cd8  PA:10002d08
26817454ns          458166 1c0094fa 00c49023 sh               x12, 0(x9)          x12:000002a0  x9:1c002eca  PA:1c002eca
26817772ns          458182 1c0094fe 01b888b3 add              x17, x17, x27       x17=00000009 x17:00000005 x27:00000004
26817792ns          458183 1c009500 01a30333 add              x6, x6, x26          x6=0000004e  x6:00000021 x26:0000002d
26817812ns          458184 1c009502 08015d83 lhu              x27, 128(x2)        x27=00000000  x2:10002cd8  PA:10002d58
26817832ns          458185 1c009506 0000d903 lhu              x18, 0(x1)          x18=0000fff3  x1:1c002e8a  PA:1c002e8a
26818170ns          458202 1c00950a 01c686b3 add              x13, x13, x28       x13=0001ffe2 x13:0000fffc x28:0000ffe6
26818190ns          458203 1c00950c 00659023 sh               x6, 0(x11)           x6:0000004e x11:1c002eda  PA:1c002eda
26818508ns          458219 1c009510 40af5f13 srai             x30, x30, 0x40a     x30=00000000 x30:000000a5
26818528ns          458220 1c009514 04812e03 lw               x28, 72(x2)         x28=1c002f0a  x2:10002cd8  PA:10002d20
26818548ns          458221 1c009516 01bf0f33 add              x30, x30, x27       x30=00000000 x30:00000000 x27:00000000
26818568ns          458222 1c009518 40aede93 srai             x29, x29, 0x40a     x29=ffffffff x29:fffffd18
26818588ns          458223 1c00951c 40a75713 srai             x14, x14, 0x40a     x14=fffffff9 x14:ffffe464
26818608ns          458224 1c00951e 03812603 lw               x12, 56(x2)         x12=1c002eea  x2:10002cd8  PA:10002d10
26818627ns          458225 1c009520 04012d83 lw               x27, 64(x2)         x27=1c002efa  x2:10002cd8  PA:10002d18
26818647ns          458226 1c009522 01ee1023 sh               x30, 0(x28)         x30:00000000 x28:1c002f0a  PA:1c002f0a
26818966ns          458242 1c009526 05812483 lw               x9, 88(x2)           x9=1c002e6a  x2:10002cd8  PA:10002d30
26818985ns          458243 1c009528 05012f03 lw               x30, 80(x2)         x30=1c002e7a  x2:10002cd8  PA:10002d28
26819005ns          458244 1c00952a 0a012583 lw               x11, 160(x2)        x11=1c002e9a  x2:10002cd8  PA:10002d78
26819025ns          458245 1c00952c 014787b3 add              x15, x15, x20       x15=0001ff7e x15:0000ffda x20:0000ffa4
26819045ns          458246 1c00952e 013e8eb3 add              x29, x29, x19       x29=0000fff7 x29:ffffffff x19:0000fff8
26819065ns          458247 1c009530 01270733 add              x14, x14, x18       x14=0000ffec x14:fffffff9 x18:0000fff3
26819085ns          458248 1c009532 00f49023 sh               x15, 0(x9)          x15:0001ff7e  x9:1c002e6a  PA:1c002e6a
26819403ns          458264 1c009536 01161023 sh               x17, 0(x12)         x17:00000009 x12:1c002eea  PA:1c002eea
26819821ns          458285 1c00953a 01fd9023 sh               x31, 0(x27)         x31:00000001 x27:1c002efa  PA:1c002efa
26820139ns          458301 1c00953e 00df1023 sh               x13, 0(x30)         x13:0001ffe2 x30:1c002e7a  PA:1c002e7a
26820457ns          458317 1c009542 01d59023 sh               x29, 0(x11)         x29:0000fff7 x11:1c002e9a  PA:1c002e9a
26820775ns          458333 1c009546 00e09023 sh               x14, 0(x1)          x14:0000ffec  x1:1c002e8a  PA:1c002e8a
26821094ns          458349 1c00954a 01039023 sh               x16, 0(x7)          x16:0000fff9  x7:1c002eba  PA:1c002eba
26821412ns          458365 1c00954e 00a29023 sh               x10, 0(x5)          x10:0000fff8  x5:1c002eaa  PA:1c002eaa
26821730ns          458381 1c009552 008b0b13 addi             x22, x22, 8         x22=00000045 x22:0000003d
26821750ns          458382 1c009554 1f300793 addi             x15, x0, 499        x15=000001f3
26821770ns          458383 1c009558 e767dae3 bge              x15, x22, -396      x15:000001f3 x22:00000045
26821869ns          458388 1c0093cc 010c9a0b p.lh             x20, 16(x25!)       x20=fffffeed x25=1c002722 x25:1c002712  PA:1c002712
26822167ns          458403 1c0093d0 0104198b p.lh             x19, 16(x8!)        x19=ffffff02  x8=1c001eea  x8:1c001eda  PA:1c001eda
26822466ns          458418 1c0093d4 2cc10513 addi             x10, x2, 716        x10=10002fa4  x2:10002cd8
26822486ns          458419 1c0093d6 010a990b p.lh             x18, 16(x21!)       x18=fffffede x21=1c001716 x21:1c001706  PA:1c001706
26822784ns          458434 1c0093da 010b948b p.lh             x9, 16(x23!)         x9=ffffff1b x23=1c000f46 x23:1c000f36  PA:1c000f36
26823082ns          458449 1c0093de 2d411623 sh               x20, 716(x2)        x20:fffffeed  x2:10002cd8  PA:10002fa4
26823102ns          458450 1c0093e2 2d311723 sh               x19, 718(x2)        x19:ffffff02  x2:10002cd8  PA:10002fa6
26823122ns          458451 1c0093e6 c33ff0ef jal              x1, -974             x1=1c0093e8
26823162ns          458453 1c009018 00051803 lh               x16, 0(x10)         x16=fffffeed x10:10002fa4  PA:10002fa4
26823182ns          458454 1c00901c 00251883 lh               x17, 2(x10)         x17=ffffff02 x10:10002fa4  PA:10002fa6
26823202ns          458455 1c009020 030806b3 mul              x13, x16, x16       x13=00012769 x16:fffffeed x16:fffffeed
26823222ns          458456 1c009024 03188633 mul              x12, x17, x17       x12=0000fc04 x17:ffffff02 x17:ffffff02
26823241ns          458457 1c009028 40a65613 srai             x12, x12, 0x40a     x12=0000003f x12:0000fc04
26823261ns          458458 1c00902a 40a6d693 srai             x13, x13, 0x40a     x13=00000049 x13:00012769
26823281ns          458459 1c00902c 00c686b3 add              x13, x13, x12       x13=00000088 x13:00000049 x12:0000003f
26823301ns          458460 1c00902e 1006c633 p.exths          x12, x13, x0        x12=00000088 x13:00000088
26823321ns          458461 1c009032 00855703 lhu              x14, 8(x10)         x14=0000ffd1 x10:10002fa4  PA:10002fac
26823341ns          458462 1c009036 00a55683 lhu              x13, 10(x10)        x13=0000ff6a x10:10002fa4  PA:10002fae
26823361ns          458463 1c00903a 02c60333 mul              x6, x12, x12         x6=00004840 x12:00000088 x12:00000088
26823401ns          458465 1c00903e 00c55783 lhu              x15, 12(x10)        x15=0000ffe5 x10:10002fa4  PA:10002fb0
26823440ns          458467 1c009042 00e55583 lhu              x11, 14(x10)        x11=00000060 x10:10002fa4  PA:10002fb2
26823460ns          458468 1c009046 dea30333 p.extract        x6, x6, 15, 10       x6=00000012  x6:00004840
26823480ns          458469 1c00904a 80c7075b p.muls           x14, x14, x12       x14=ffffe708 x14:0000ffd1 x12:00000088
26823500ns          458470 1c00904e 80c686db p.muls           x13, x13, x12       x13=ffffb050 x13:0000ff6a x12:00000088
26823520ns          458471 1c009052 00455e83 lhu              x29, 4(x10)         x29=00000427 x10:10002fa4  PA:10002fa8
26823540ns          458472 1c009056 00655e03 lhu              x28, 6(x10)         x28=0000007f x10:10002fa4  PA:10002faa
26823560ns          458473 1c00905a 40a75713 srai             x14, x14, 0x40a     x14=fffffff9 x14:ffffe708
26823580ns          458474 1c00905c 806787db p.muls           x15, x15, x6        x15=fffffe1a x15:0000ffe5  x6:00000012
26823599ns          458475 1c009060 40a6d693 srai             x13, x13, 0x40a     x13=ffffffec x13:ffffb050
26823619ns          458476 1c009062 8065865b p.muls           x12, x11, x6        x12=000006c0 x11:00000060  x6:00000012
26823639ns          458477 1c009066 40a7d793 srai             x15, x15, 0x40a     x15=ffffffff x15:fffffe1a
26823659ns          458478 1c009068 40a65613 srai             x12, x12, 0x40a     x12=00000001 x12:000006c0
26823679ns          458479 1c00906a 01d70733 add              x14, x14, x29       x14=00000420 x14:fffffff9 x29:00000427
26823699ns          458480 1c00906c 01c686b3 add              x13, x13, x28       x13=0000006b x13:ffffffec x28:0000007f
26823719ns          458481 1c00906e 00c686b3 add              x13, x13, x12       x13=0000006c x13:0000006b x12:00000001
26823739ns          458482 1c009070 00f70733 add              x14, x14, x15       x14=0000041f x14:00000420 x15:ffffffff
26823759ns          458483 1c009072 100747b3 p.exths          x15, x14, x0        x15=0000041f x14:0000041f
26823778ns          458484 1c009076 1006c733 p.exths          x14, x13, x0        x14=0000006c x13:0000006c
26823798ns          458485 1c00907a 03170633 mul              x12, x14, x17       x12=ffff94d8 x14:0000006c x17:ffffff02
26823818ns          458486 1c00907e 030786b3 mul              x13, x15, x16       x13=fffb92b3 x15:0000041f x16:fffffeed
26823838ns          458487 1c009082 03070733 mul              x14, x14, x16       x14=ffff8bfc x14:0000006c x16:fffffeed
26823858ns          458488 1c009086 031787b3 mul              x15, x15, x17       x15=fffbe93e x15:0000041f x17:ffffff02
26823878ns          458489 1c00908a 40a6d693 srai             x13, x13, 0x40a     x13=fffffee4 x13:fffb92b3
26823898ns          458490 1c00908c 40a65613 srai             x12, x12, 0x40a     x12=ffffffe5 x12:ffff94d8
26823918ns          458491 1c00908e 40a7d793 srai             x15, x15, 0x40a     x15=fffffefa x15:fffbe93e
26823938ns          458492 1c009090 40a75713 srai             x14, x14, 0x40a     x14=ffffffe2 x14:ffff8bfc
26823957ns          458493 1c009092 40c686b3 sub              x13, x13, x12       x13=fffffeff x13:fffffee4 x12:ffffffe5
26823977ns          458494 1c009094 00e787b3 add              x15, x15, x14       x15=fffffedc x15:fffffefa x14:ffffffe2
26823997ns          458495 1c009096 00d51823 sh               x13, 16(x10)        x13:fffffeff x10:10002fa4  PA:10002fb4
26824017ns          458496 1c00909a 00f51923 sh               x15, 18(x10)        x15:fffffedc x10:10002fa4  PA:10002fb6
26824037ns          458497 1c00909e 00008067 jalr             x0, x1, 0            x1:1c0093e8
26824097ns          458500 1c0093e8 2dc15583 lhu              x11, 732(x2)        x11=0000feff  x2:10002cd8  PA:10002fb4
26824117ns          458501 1c0093ec 2de15783 lhu              x15, 734(x2)        x15=0000fedc  x2:10002cd8  PA:10002fb6
26824136ns          458502 1c0093f0 40b90933 sub              x18, x18, x11       x18=fffeffdf x18:fffffede x11:0000feff
26824156ns          458503 1c0093f4 40f484b3 sub              x9, x9, x15          x9=ffff003f  x9:ffffff1b x15:0000fedc
26824176ns          458504 1c0093f6 100945b3 p.exths          x11, x18, x0        x11=ffffffdf x18:fffeffdf
26824196ns          458505 1c0093fa 1004c7b3 p.exths          x15, x9, x0         x15=0000003f  x9:ffff003f
26824216ns          458506 1c0093fe 034586b3 mul              x13, x11, x20       x13=00002373 x11:ffffffdf x20:fffffeed
26824236ns          458507 1c009402 03378533 mul              x10, x15, x19       x10=ffffc17e x15:0000003f x19:ffffff02
26824256ns          458508 1c009406 034a0633 mul              x12, x20, x20       x12=00012769 x20:fffffeed x20:fffffeed
26824276ns          458509 1c00940a 03398733 mul              x14, x19, x19       x14=0000fc04 x19:ffffff02 x19:ffffff02
26824335ns          458512 1c00940e 034787b3 mul              x15, x15, x20       x15=ffffbc53 x15:0000003f x20:fffffeed
26824375ns          458514 1c009412 033585b3 mul              x11, x11, x19       x11=000020be x11:ffffffdf x19:ffffff02
26824395ns          458515 1c009416 40a75713 srai             x14, x14, 0x40a     x14=0000003f x14:0000fc04
26824415ns          458516 1c009418 40a5d593 srai             x11, x11, 0x40a     x11=00000008 x11:000020be
26824435ns          458517 1c00941a 40a65613 srai             x12, x12, 0x40a     x12=00000049 x12:00012769
26824455ns          458518 1c00941c 40a7d793 srai             x15, x15, 0x40a     x15=ffffffef x15:ffffbc53
26824474ns          458519 1c00941e 1c0034b7 lui              x9, 0x1c003000       x9=1c003000
26824494ns          458520 1c009422 00e60633 add              x12, x12, x14       x12=00000088 x12:00000049 x14:0000003f
26824514ns          458521 1c009424 40b787b3 sub              x15, x15, x11       x15=ffffffe7 x15:ffffffef x11:00000008
26824534ns          458522 1c009426 eb048493 addi             x9, x9, -336         x9=1c002eb0  x9:1c003000
26824554ns          458523 1c00942a 1c0032b7 lui              x5, 0x1c003000       x5=1c003000
26824574ns          458524 1c00942e 1c0035b7 lui              x11, 0x1c003000     x11=1c003000
26824594ns          458525 1c009432 018483b3 add              x7, x9, x24          x7=1c002eba  x9:1c002eb0 x24:0000000a
26824614ns          458526 1c009436 02812e83 lw               x29, 40(x2)         x29=1c002eca  x2:10002cd8  PA:10002d00
26824634ns          458527 1c009438 10065633 p.exthz          x12, x12, x0        x12=00000088 x12:00000088
26824653ns          458528 1c00943c e8028293 addi             x5, x5, -384         x5=1c002e80  x5:1c003000
26824673ns          458529 1c009440 ea058593 addi             x11, x11, -352      x11=1c002ea0 x11:1c003000
26824693ns          458530 1c009444 03812483 lw               x9, 56(x2)           x9=1c002eea  x2:10002cd8  PA:10002d10
26824713ns          458531 1c009446 10064733 p.exths          x14, x12, x0        x14=00000088 x12:00000088
26824733ns          458532 1c00944a 018280b3 add              x1, x5, x24          x1=1c002e8a  x5:1c002e80 x24:0000000a
26824753ns          458533 1c00944e 03012f03 lw               x30, 48(x2)         x30=1c002eda  x2:10002cd8  PA:10002d08
26824773ns          458534 1c009450 018582b3 add              x5, x11, x24         x5=1c002eaa x11:1c002ea0 x24:0000000a
26824793ns          458535 1c009454 04012583 lw               x11, 64(x2)         x11=1c002efa  x2:10002cd8  PA:10002d18
26824813ns          458536 1c009456 000edd83 lhu              x27, 0(x29)         x27=000002a0 x29:1c002eca  PA:1c002eca
26825171ns          458554 1c00945a 0004d483 lhu              x9, 0(x9)            x9=00000009  x9:1c002eea  PA:1c002eea
26825568ns          458574 1c00945e 02e70333 mul              x6, x14, x14         x6=00004840 x14:00000088 x14:00000088
26825588ns          458575 1c009462 40a55513 srai             x10, x10, 0x40a     x10=fffffff0 x10:ffffc17e
26825608ns          458576 1c009464 04812e83 lw               x29, 72(x2)         x29=1c002f0a  x2:10002cd8  PA:10002d20
26825628ns          458577 1c009466 40a6d693 srai             x13, x13, 0x40a     x13=00000008 x13:00002373
26825648ns          458578 1c009468 000f5d03 lhu              x26, 0(x30)         x26=0000004e x30:1c002eda  PA:1c002eda
26825946ns          458593 1c00946c 0005d583 lhu              x11, 0(x11)         x11=00000001 x11:1c002efa  PA:1c002efa
26826264ns          458609 1c009470 40a35313 srai             x6, x6, 0x40a        x6=00000012  x6:00004840
26826284ns          458610 1c009474 00a686b3 add              x13, x13, x10       x13=fffffff8 x13:00000008 x10:fffffff0
26826304ns          458611 1c009476 05012f03 lw               x30, 80(x2)         x30=1c002e7a  x2:10002cd8  PA:10002d28
26826324ns          458612 1c009478 10034e33 p.exths          x28, x6, x0         x28=00000012  x6:00000012
26826344ns          458613 1c00947c 06911023 sh               x9, 96(x2)           x9:00000009  x2:10002cd8  PA:10002d38
26826364ns          458614 1c009480 000ede83 lhu              x29, 0(x29)         x29=00000000 x29:1c002f0a  PA:1c002f0a
26826662ns          458629 1c009484 05812483 lw               x9, 88(x2)           x9=1c002e6a  x2:10002cd8  PA:10002d30
26826682ns          458630 1c009486 1006d6b3 p.exthz          x13, x13, x0        x13=0000fff8 x13:fffffff8
26826702ns          458631 1c00948a 02ee08b3 mul              x17, x28, x14       x17=00000990 x28:00000012 x14:00000088
26826722ns          458632 1c00948e 1006c833 p.exths          x16, x13, x0        x16=fffffff8 x13:0000fff8
26826742ns          458633 1c009492 06b11823 sh               x11, 112(x2)        x11:00000001  x2:10002cd8  PA:10002d48
26826762ns          458634 1c009496 000f5f03 lhu              x30, 0(x30)         x30=0000ffe2 x30:1c002e7a  PA:1c002e7a
26827060ns          458649 1c00949a 0a012583 lw               x11, 160(x2)        x11=1c002e9a  x2:10002cd8  PA:10002d78
26827080ns          458650 1c00949c 1007d7b3 p.exthz          x15, x15, x0        x15=0000ffe7 x15:ffffffe7
26827100ns          458651 1c0094a0 0004da03 lhu              x20, 0(x9)          x20=0000ff7e  x9:1c002e6a  PA:1c002e6a
26827398ns          458666 1c0094a4 1007c533 p.exths          x10, x15, x0        x10=ffffffe7 x15:0000ffe7
26827418ns          458667 1c0094a8 09d11023 sh               x29, 128(x2)        x29:00000000  x2:10002cd8  PA:10002d58
26827438ns          458668 1c0094ac 0003d483 lhu              x9, 0(x7)            x9=0000fff9  x7:1c002eba  PA:1c002eba
26827776ns          458685 1c0094b0 02e80eb3 mul              x29, x16, x14       x29=fffffbc0 x16:fffffff8 x14:00000088
26827796ns          458686 1c0094b4 40a8d893 srai             x17, x17, 0x40a     x17=00000002 x17:00000990
26827816ns          458687 1c0094b8 03c80833 mul              x16, x16, x28       x16=ffffff70 x16:fffffff8 x28:00000012
26827836ns          458688 1c0094bc 09e11823 sh               x30, 144(x2)        x30:0000ffe2  x2:10002cd8  PA:10002d68
26827855ns          458689 1c0094c0 0005d983 lhu              x19, 0(x11)         x19=0000fff7 x11:1c002e9a  PA:1c002e9a
26828194ns          458706 1c0094c4 81c88f5b p.muls           x30, x17, x28       x30=00000024 x17:00000002 x28:00000012
26828213ns          458707 1c0094c8 0002d583 lhu              x11, 0(x5)          x11=0000fff8  x5:1c002eaa  PA:1c002eaa
26828512ns          458722 1c0094cc 03ce0fb3 mul              x31, x28, x28       x31=00000144 x28:00000012 x28:00000012
26828532ns          458723 1c0094d0 02e50733 mul              x14, x10, x14       x14=fffff2b8 x10:ffffffe7 x14:00000088
26828552ns          458724 1c0094d4 40a85813 srai             x16, x16, 0x40a     x16=ffffffff x16:ffffff70
26828571ns          458725 1c0094d8 03c50533 mul              x10, x10, x28       x10=fffffe3e x10:ffffffe7 x28:00000012
26828591ns          458726 1c0094dc 07015e03 lhu              x28, 112(x2)        x28=00000001  x2:10002cd8  PA:10002d48
26828611ns          458727 1c0094e0 01b60633 add              x12, x12, x27       x12=00000328 x12:00000088 x27:000002a0
26828631ns          458728 1c0094e2 00980833 add              x16, x16, x9        x16=0000fff8 x16:ffffffff  x9:0000fff9
26828651ns          458729 1c0094e4 06015d83 lhu              x27, 96(x2)         x27=00000009  x2:10002cd8  PA:10002d38
26828671ns          458730 1c0094e8 02812483 lw               x9, 40(x2)           x9=1c002eca  x2:10002cd8  PA:10002d00
26828691ns          458731 1c0094ea 40afdf93 srai             x31, x31, 0x40a     x31=00000000 x31:00000144
26828711ns          458732 1c0094ee 40a55513 srai             x10, x10, 0x40a     x10=ffffffff x10:fffffe3e
26828731ns          458733 1c0094f0 01cf8fb3 add              x31, x31, x28       x31=00000001 x31:00000000 x28:00000001
26828750ns          458734 1c0094f2 00b50533 add              x10, x10, x11       x10=0000fff7 x10:ffffffff x11:0000fff8
26828770ns          458735 1c0094f4 09015e03 lhu              x28, 144(x2)        x28=0000ffe2  x2:10002cd8  PA:10002d68
26828790ns          458736 1c0094f8 03012583 lw               x11, 48(x2)         x11=1c002eda  x2:10002cd8  PA:10002d08
26828810ns          458737 1c0094fa 00c49023 sh               x12, 0(x9)          x12:00000328  x9:1c002eca  PA:1c002eca
26829128ns          458753 1c0094fe 01b888b3 add              x17, x17, x27       x17=0000000b x17:00000002 x27:00000009
26829148ns          458754 1c009500 01a30333 add              x6, x6, x26          x6=00000060  x6:00000012 x26:0000004e
26829168ns          458755 1c009502 08015d83 lhu              x27, 128(x2)        x27=00000000  x2:10002cd8  PA:10002d58
26829188ns          458756 1c009506 0000d903 lhu              x18, 0(x1)          x18=0000ffec  x1:1c002e8a  PA:1c002e8a
26829486ns          458771 1c00950a 01c686b3 add              x13, x13, x28       x13=0001ffda x13:0000fff8 x28:0000ffe2
26829506ns          458772 1c00950c 00659023 sh               x6, 0(x11)           x6:00000060 x11:1c002eda  PA:1c002eda
26829864ns          458790 1c009510 40af5f13 srai             x30, x30, 0x40a     x30=00000000 x30:00000024
26829884ns          458791 1c009514 04812e03 lw               x28, 72(x2)         x28=1c002f0a  x2:10002cd8  PA:10002d20
26829904ns          458792 1c009516 01bf0f33 add              x30, x30, x27       x30=00000000 x30:00000000 x27:00000000
26829924ns          458793 1c009518 40aede93 srai             x29, x29, 0x40a     x29=fffffffe x29:fffffbc0
26829944ns          458794 1c00951c 40a75713 srai             x14, x14, 0x40a     x14=fffffffc x14:fffff2b8
26829964ns          458795 1c00951e 03812603 lw               x12, 56(x2)         x12=1c002eea  x2:10002cd8  PA:10002d10
26829983ns          458796 1c009520 04012d83 lw               x27, 64(x2)         x27=1c002efa  x2:10002cd8  PA:10002d18
26830003ns          458797 1c009522 01ee1023 sh               x30, 0(x28)         x30:00000000 x28:1c002f0a  PA:1c002f0a
26830341ns          458814 1c009526 05812483 lw               x9, 88(x2)           x9=1c002e6a  x2:10002cd8  PA:10002d30
26830361ns          458815 1c009528 05012f03 lw               x30, 80(x2)         x30=1c002e7a  x2:10002cd8  PA:10002d28
26830381ns          458816 1c00952a 0a012583 lw               x11, 160(x2)        x11=1c002e9a  x2:10002cd8  PA:10002d78
26830401ns          458817 1c00952c 014787b3 add              x15, x15, x20       x15=0001ff65 x15:0000ffe7 x20:0000ff7e
26830421ns          458818 1c00952e 013e8eb3 add              x29, x29, x19       x29=0000fff5 x29:fffffffe x19:0000fff7
26830441ns          458819 1c009530 01270733 add              x14, x14, x18       x14=0000ffe8 x14:fffffffc x18:0000ffec
26830461ns          458820 1c009532 00f49023 sh               x15, 0(x9)          x15:0001ff65  x9:1c002e6a  PA:1c002e6a
26830779ns          458836 1c009536 01161023 sh               x17, 0(x12)         x17:0000000b x12:1c002eea  PA:1c002eea
26831097ns          458852 1c00953a 01fd9023 sh               x31, 0(x27)         x31:00000001 x27:1c002efa  PA:1c002efa
26831415ns          458868 1c00953e 00df1023 sh               x13, 0(x30)         x13:0001ffda x30:1c002e7a  PA:1c002e7a
26831734ns          458884 1c009542 01d59023 sh               x29, 0(x11)         x29:0000fff5 x11:1c002e9a  PA:1c002e9a
26832052ns          458900 1c009546 00e09023 sh               x14, 0(x1)          x14:0000ffe8  x1:1c002e8a  PA:1c002e8a
26832370ns          458916 1c00954a 01039023 sh               x16, 0(x7)          x16:0000fff8  x7:1c002eba  PA:1c002eba
26832688ns          458932 1c00954e 00a29023 sh               x10, 0(x5)          x10:0000fff7  x5:1c002eaa  PA:1c002eaa
26833006ns          458948 1c009552 008b0b13 addi             x22, x22, 8         x22=0000004d x22:00000045
26833026ns          458949 1c009554 1f300793 addi             x15, x0, 499        x15=000001f3
26833046ns          458950 1c009558 e767dae3 bge              x15, x22, -396      x15:000001f3 x22:0000004d
26833146ns          458955 1c0093cc 010c9a0b p.lh             x20, 16(x25!)       x20=ffffff71 x25=1c002732 x25:1c002722  PA:1c002722
26833464ns          458971 1c0093d0 0104198b p.lh             x19, 16(x8!)        x19=0000023e  x8=1c001efa  x8:1c001eea  PA:1c001eea
26833762ns          458986 1c0093d4 2cc10513 addi             x10, x2, 716        x10=10002fa4  x2:10002cd8
26833782ns          458987 1c0093d6 010a990b p.lh             x18, 16(x21!)       x18=ffffffd9 x21=1c001726 x21:1c001716  PA:1c001716
26834120ns          459004 1c0093da 010b948b p.lh             x9, 16(x23!)         x9=00000239 x23=1c000f56 x23:1c000f46  PA:1c000f46
26834418ns          459019 1c0093de 2d411623 sh               x20, 716(x2)        x20:ffffff71  x2:10002cd8  PA:10002fa4
26834458ns          459021 1c0093e2 2d311723 sh               x19, 718(x2)        x19:0000023e  x2:10002cd8  PA:10002fa6
26834498ns          459023 1c0093e6 c33ff0ef jal              x1, -974             x1=1c0093e8
26834518ns          459024 1c009018 00051803 lh               x16, 0(x10)         x16=ffffff71 x10:10002fa4  PA:10002fa4
26834538ns          459025 1c00901c 00251883 lh               x17, 2(x10)         x17=0000023e x10:10002fa4  PA:10002fa6
26834558ns          459026 1c009020 030806b3 mul              x13, x16, x16       x13=00004fe1 x16:ffffff71 x16:ffffff71
26834578ns          459027 1c009024 03188633 mul              x12, x17, x17       x12=00050704 x17:0000023e x17:0000023e
26834597ns          459028 1c009028 40a65613 srai             x12, x12, 0x40a     x12=00000141 x12:00050704
26834617ns          459029 1c00902a 40a6d693 srai             x13, x13, 0x40a     x13=00000013 x13:00004fe1
26834637ns          459030 1c00902c 00c686b3 add              x13, x13, x12       x13=00000154 x13:00000013 x12:00000141
26834657ns          459031 1c00902e 1006c633 p.exths          x12, x13, x0        x12=00000154 x13:00000154
26834677ns          459032 1c009032 00855703 lhu              x14, 8(x10)         x14=0000ffd1 x10:10002fa4  PA:10002fac
26834697ns          459033 1c009036 00a55683 lhu              x13, 10(x10)        x13=0000ff6a x10:10002fa4  PA:10002fae
26834717ns          459034 1c00903a 02c60333 mul              x6, x12, x12         x6=0001c390 x12:00000154 x12:00000154
26834737ns          459035 1c00903e 00c55783 lhu              x15, 12(x10)        x15=0000ffe5 x10:10002fa4  PA:10002fb0
26834757ns          459036 1c009042 00e55583 lhu              x11, 14(x10)        x11=00000060 x10:10002fa4  PA:10002fb2
26834776ns          459037 1c009046 dea30333 p.extract        x6, x6, 15, 10       x6=00000070  x6:0001c390
26834796ns          459038 1c00904a 80c7075b p.muls           x14, x14, x12       x14=ffffc194 x14:0000ffd1 x12:00000154
26834836ns          459040 1c00904e 80c686db p.muls           x13, x13, x12       x13=ffff38c8 x13:0000ff6a x12:00000154
26834876ns          459042 1c009052 00455e83 lhu              x29, 4(x10)         x29=00000427 x10:10002fa4  PA:10002fa8
26834896ns          459043 1c009056 00655e03 lhu              x28, 6(x10)         x28=0000007f x10:10002fa4  PA:10002faa
26834916ns          459044 1c00905a 40a75713 srai             x14, x14, 0x40a     x14=fffffff0 x14:ffffc194
26834936ns          459045 1c00905c 806787db p.muls           x15, x15, x6        x15=fffff430 x15:0000ffe5  x6:00000070
26834955ns          459046 1c009060 40a6d693 srai             x13, x13, 0x40a     x13=ffffffce x13:ffff38c8
26834975ns          459047 1c009062 8065865b p.muls           x12, x11, x6        x12=00002a00 x11:00000060  x6:00000070
26834995ns          459048 1c009066 40a7d793 srai             x15, x15, 0x40a     x15=fffffffd x15:fffff430
26835015ns          459049 1c009068 40a65613 srai             x12, x12, 0x40a     x12=0000000a x12:00002a00
26835035ns          459050 1c00906a 01d70733 add              x14, x14, x29       x14=00000417 x14:fffffff0 x29:00000427
26835055ns          459051 1c00906c 01c686b3 add              x13, x13, x28       x13=0000004d x13:ffffffce x28:0000007f
26835075ns          459052 1c00906e 00c686b3 add              x13, x13, x12       x13=00000057 x13:0000004d x12:0000000a
26835095ns          459053 1c009070 00f70733 add              x14, x14, x15       x14=00000414 x14:00000417 x15:fffffffd
26835115ns          459054 1c009072 100747b3 p.exths          x15, x14, x0        x15=00000414 x14:00000414
26835134ns          459055 1c009076 1006c733 p.exths          x14, x13, x0        x14=00000057 x13:00000057
26835154ns          459056 1c00907a 03170633 mul              x12, x14, x17       x12=0000c312 x14:00000057 x17:0000023e
26835174ns          459057 1c00907e 030786b3 mul              x13, x15, x16       x13=fffdb8d4 x15:00000414 x16:ffffff71
26835194ns          459058 1c009082 03070733 mul              x14, x14, x16       x14=ffffcf67 x14:00000057 x16:ffffff71
26835214ns          459059 1c009086 031787b3 mul              x15, x15, x17       x15=000924d8 x15:00000414 x17:0000023e
26835234ns          459060 1c00908a 40a6d693 srai             x13, x13, 0x40a     x13=ffffff6e x13:fffdb8d4
26835254ns          459061 1c00908c 40a65613 srai             x12, x12, 0x40a     x12=00000030 x12:0000c312
26835274ns          459062 1c00908e 40a7d793 srai             x15, x15, 0x40a     x15=00000249 x15:000924d8
26835294ns          459063 1c009090 40a75713 srai             x14, x14, 0x40a     x14=fffffff3 x14:ffffcf67
26835313ns          459064 1c009092 40c686b3 sub              x13, x13, x12       x13=ffffff3e x13:ffffff6e x12:00000030
26835333ns          459065 1c009094 00e787b3 add              x15, x15, x14       x15=0000023c x15:00000249 x14:fffffff3
26835353ns          459066 1c009096 00d51823 sh               x13, 16(x10)        x13:ffffff3e x10:10002fa4  PA:10002fb4
26835393ns          459068 1c00909a 00f51923 sh               x15, 18(x10)        x15:0000023c x10:10002fa4  PA:10002fb6
26835413ns          459069 1c00909e 00008067 jalr             x0, x1, 0            x1:1c0093e8
26835453ns          459071 1c0093e8 2dc15583 lhu              x11, 732(x2)        x11=0000ff3e  x2:10002cd8  PA:10002fb4
26835473ns          459072 1c0093ec 2de15783 lhu              x15, 734(x2)        x15=0000023c  x2:10002cd8  PA:10002fb6
26835492ns          459073 1c0093f0 40b90933 sub              x18, x18, x11       x18=ffff009b x18:ffffffd9 x11:0000ff3e
26835512ns          459074 1c0093f4 40f484b3 sub              x9, x9, x15          x9=fffffffd  x9:00000239 x15:0000023c
26835532ns          459075 1c0093f6 100945b3 p.exths          x11, x18, x0        x11=0000009b x18:ffff009b
26835552ns          459076 1c0093fa 1004c7b3 p.exths          x15, x9, x0         x15=fffffffd  x9:fffffffd
26835572ns          459077 1c0093fe 034586b3 mul              x13, x11, x20       x13=ffffa96b x11:0000009b x20:ffffff71
26835592ns          459078 1c009402 03378533 mul              x10, x15, x19       x10=fffff946 x15:fffffffd x19:0000023e
26835612ns          459079 1c009406 034a0633 mul              x12, x20, x20       x12=00004fe1 x20:ffffff71 x20:ffffff71
26835632ns          459080 1c00940a 03398733 mul              x14, x19, x19       x14=00050704 x19:0000023e x19:0000023e
26835652ns          459081 1c00940e 034787b3 mul              x15, x15, x20       x15=000001ad x15:fffffffd x20:ffffff71
26835671ns          459082 1c009412 033585b3 mul              x11, x11, x19       x11=00015b8a x11:0000009b x19:0000023e
26835691ns          459083 1c009416 40a75713 srai             x14, x14, 0x40a     x14=00000141 x14:00050704
26835711ns          459084 1c009418 40a5d593 srai             x11, x11, 0x40a     x11=00000056 x11:00015b8a
26835731ns          459085 1c00941a 40a65613 srai             x12, x12, 0x40a     x12=00000013 x12:00004fe1
26835751ns          459086 1c00941c 40a7d793 srai             x15, x15, 0x40a     x15=00000000 x15:000001ad
26835771ns          459087 1c00941e 1c0034b7 lui              x9, 0x1c003000       x9=1c003000
26835791ns          459088 1c009422 00e60633 add              x12, x12, x14       x12=00000154 x12:00000013 x14:00000141
26835811ns          459089 1c009424 40b787b3 sub              x15, x15, x11       x15=ffffffaa x15:00000000 x11:00000056
26835831ns          459090 1c009426 eb048493 addi             x9, x9, -336         x9=1c002eb0  x9:1c003000
26835850ns          459091 1c00942a 1c0032b7 lui              x5, 0x1c003000       x5=1c003000
26835870ns          459092 1c00942e 1c0035b7 lui              x11, 0x1c003000     x11=1c003000
26835890ns          459093 1c009432 018483b3 add              x7, x9, x24          x7=1c002eba  x9:1c002eb0 x24:0000000a
26835910ns          459094 1c009436 02812e83 lw               x29, 40(x2)         x29=1c002eca  x2:10002cd8  PA:10002d00
26835930ns          459095 1c009438 10065633 p.exthz          x12, x12, x0        x12=00000154 x12:00000154
26835950ns          459096 1c00943c e8028293 addi             x5, x5, -384         x5=1c002e80  x5:1c003000
26835990ns          459098 1c009440 ea058593 addi             x11, x11, -352      x11=1c002ea0 x11:1c003000
26836029ns          459100 1c009444 03812483 lw               x9, 56(x2)           x9=1c002eea  x2:10002cd8  PA:10002d10
26836049ns          459101 1c009446 10064733 p.exths          x14, x12, x0        x14=00000154 x12:00000154
26836069ns          459102 1c00944a 018280b3 add              x1, x5, x24          x1=1c002e8a  x5:1c002e80 x24:0000000a
26836089ns          459103 1c00944e 03012f03 lw               x30, 48(x2)         x30=1c002eda  x2:10002cd8  PA:10002d08
26836109ns          459104 1c009450 018582b3 add              x5, x11, x24         x5=1c002eaa x11:1c002ea0 x24:0000000a
26836129ns          459105 1c009454 04012583 lw               x11, 64(x2)         x11=1c002efa  x2:10002cd8  PA:10002d18
26836149ns          459106 1c009456 000edd83 lhu              x27, 0(x29)         x27=00000328 x29:1c002eca  PA:1c002eca
26836447ns          459121 1c00945a 0004d483 lhu              x9, 0(x9)            x9=0000000b  x9:1c002eea  PA:1c002eea
26836765ns          459137 1c00945e 02e70333 mul              x6, x14, x14         x6=0001c390 x14:00000154 x14:00000154
26836785ns          459138 1c009462 40a55513 srai             x10, x10, 0x40a     x10=fffffffe x10:fffff946
26836805ns          459139 1c009464 04812e83 lw               x29, 72(x2)         x29=1c002f0a  x2:10002cd8  PA:10002d20
26836825ns          459140 1c009466 40a6d693 srai             x13, x13, 0x40a     x13=ffffffea x13:ffffa96b
26836845ns          459141 1c009468 000f5d03 lhu              x26, 0(x30)         x26=00000060 x30:1c002eda  PA:1c002eda
26837143ns          459156 1c00946c 0005d583 lhu              x11, 0(x11)         x11=00000001 x11:1c002efa  PA:1c002efa
26837441ns          459171 1c009470 40a35313 srai             x6, x6, 0x40a        x6=00000070  x6:0001c390
26837461ns          459172 1c009474 00a686b3 add              x13, x13, x10       x13=ffffffe8 x13:ffffffea x10:fffffffe
26837481ns          459173 1c009476 05012f03 lw               x30, 80(x2)         x30=1c002e7a  x2:10002cd8  PA:10002d28
26837501ns          459174 1c009478 10034e33 p.exths          x28, x6, x0         x28=00000070  x6:00000070
26837521ns          459175 1c00947c 06911023 sh               x9, 96(x2)           x9:0000000b  x2:10002cd8  PA:10002d38
26837541ns          459176 1c009480 000ede83 lhu              x29, 0(x29)         x29=00000000 x29:1c002f0a  PA:1c002f0a
26837879ns          459193 1c009484 05812483 lw               x9, 88(x2)           x9=1c002e6a  x2:10002cd8  PA:10002d30
26837899ns          459194 1c009486 1006d6b3 p.exthz          x13, x13, x0        x13=0000ffe8 x13:ffffffe8
26837919ns          459195 1c00948a 02ee08b3 mul              x17, x28, x14       x17=000094c0 x28:00000070 x14:00000154
26837939ns          459196 1c00948e 1006c833 p.exths          x16, x13, x0        x16=ffffffe8 x13:0000ffe8
26837959ns          459197 1c009492 06b11823 sh               x11, 112(x2)        x11:00000001  x2:10002cd8  PA:10002d48
26837978ns          459198 1c009496 000f5f03 lhu              x30, 0(x30)         x30=0000ffda x30:1c002e7a  PA:1c002e7a
26838356ns          459217 1c00949a 0a012583 lw               x11, 160(x2)        x11=1c002e9a  x2:10002cd8  PA:10002d78
26838376ns          459218 1c00949c 1007d7b3 p.exthz          x15, x15, x0        x15=0000ffaa x15:ffffffaa
26838396ns          459219 1c0094a0 0004da03 lhu              x20, 0(x9)          x20=0000ff65  x9:1c002e6a  PA:1c002e6a
26838694ns          459234 1c0094a4 1007c533 p.exths          x10, x15, x0        x10=ffffffaa x15:0000ffaa
26838714ns          459235 1c0094a8 09d11023 sh               x29, 128(x2)        x29:00000000  x2:10002cd8  PA:10002d58
26838734ns          459236 1c0094ac 0003d483 lhu              x9, 0(x7)            x9=0000fff8  x7:1c002eba  PA:1c002eba
26839072ns          459253 1c0094b0 02e80eb3 mul              x29, x16, x14       x29=ffffe020 x16:ffffffe8 x14:00000154
26839092ns          459254 1c0094b4 40a8d893 srai             x17, x17, 0x40a     x17=00000025 x17:000094c0
26839112ns          459255 1c0094b8 03c80833 mul              x16, x16, x28       x16=fffff580 x16:ffffffe8 x28:00000070
26839132ns          459256 1c0094bc 09e11823 sh               x30, 144(x2)        x30:0000ffda  x2:10002cd8  PA:10002d68
26839152ns          459257 1c0094c0 0005d983 lhu              x19, 0(x11)         x19=0000fff5 x11:1c002e9a  PA:1c002e9a
26839490ns          459274 1c0094c4 81c88f5b p.muls           x30, x17, x28       x30=00001030 x17:00000025 x28:00000070
26839510ns          459275 1c0094c8 0002d583 lhu              x11, 0(x5)          x11=0000fff7  x5:1c002eaa  PA:1c002eaa
26839848ns          459292 1c0094cc 03ce0fb3 mul              x31, x28, x28       x31=00003100 x28:00000070 x28:00000070
26839868ns          459293 1c0094d0 02e50733 mul              x14, x10, x14       x14=ffff8dc8 x10:ffffffaa x14:00000154
26839888ns          459294 1c0094d4 40a85813 srai             x16, x16, 0x40a     x16=fffffffd x16:fffff580
26839908ns          459295 1c0094d8 03c50533 mul              x10, x10, x28       x10=ffffda60 x10:ffffffaa x28:00000070
26839927ns          459296 1c0094dc 07015e03 lhu              x28, 112(x2)        x28=00000001  x2:10002cd8  PA:10002d48
26839947ns          459297 1c0094e0 01b60633 add              x12, x12, x27       x12=0000047c x12:00000154 x27:00000328
26839967ns          459298 1c0094e2 00980833 add              x16, x16, x9        x16=0000fff5 x16:fffffffd  x9:0000fff8
26839987ns          459299 1c0094e4 06015d83 lhu              x27, 96(x2)         x27=0000000b  x2:10002cd8  PA:10002d38
26840007ns          459300 1c0094e8 02812483 lw               x9, 40(x2)           x9=1c002eca  x2:10002cd8  PA:10002d00
26840027ns          459301 1c0094ea 40afdf93 srai             x31, x31, 0x40a     x31=0000000c x31:00003100
26840047ns          459302 1c0094ee 40a55513 srai             x10, x10, 0x40a     x10=fffffff6 x10:ffffda60
26840067ns          459303 1c0094f0 01cf8fb3 add              x31, x31, x28       x31=0000000d x31:0000000c x28:00000001
26840087ns          459304 1c0094f2 00b50533 add              x10, x10, x11       x10=0000ffed x10:fffffff6 x11:0000fff7
26840106ns          459305 1c0094f4 09015e03 lhu              x28, 144(x2)        x28=0000ffda  x2:10002cd8  PA:10002d68
26840126ns          459306 1c0094f8 03012583 lw               x11, 48(x2)         x11=1c002eda  x2:10002cd8  PA:10002d08
26840146ns          459307 1c0094fa 00c49023 sh               x12, 0(x9)          x12:0000047c  x9:1c002eca  PA:1c002eca
26840464ns          459323 1c0094fe 01b888b3 add              x17, x17, x27       x17=00000030 x17:00000025 x27:0000000b
26840484ns          459324 1c009500 01a30333 add              x6, x6, x26          x6=000000d0  x6:00000070 x26:00000060
26840504ns          459325 1c009502 08015d83 lhu              x27, 128(x2)        x27=00000000  x2:10002cd8  PA:10002d58
26840524ns          459326 1c009506 0000d903 lhu              x18, 0(x1)          x18=0000ffe8  x1:1c002e8a  PA:1c002e8a
26840842ns          459342 1c00950a 01c686b3 add              x13, x13, x28       x13=0001ffc2 x13:0000ffe8 x28:0000ffda
26840862ns          459343 1c00950c 00659023 sh               x6, 0(x11)           x6:000000d0 x11:1c002eda  PA:1c002eda
26841200ns          459360 1c009510 40af5f13 srai             x30, x30, 0x40a     x30=00000004 x30:00001030
26841220ns          459361 1c009514 04812e03 lw               x28, 72(x2)         x28=1c002f0a  x2:10002cd8  PA:10002d20
26841240ns          459362 1c009516 01bf0f33 add              x30, x30, x27       x30=00000004 x30:00000004 x27:00000000
26841260ns          459363 1c009518 40aede93 srai             x29, x29, 0x40a     x29=fffffff8 x29:ffffe020
26841280ns          459364 1c00951c 40a75713 srai             x14, x14, 0x40a     x14=ffffffe3 x14:ffff8dc8
26841300ns          459365 1c00951e 03812603 lw               x12, 56(x2)         x12=1c002eea  x2:10002cd8  PA:10002d10
26841320ns          459366 1c009520 04012d83 lw               x27, 64(x2)         x27=1c002efa  x2:10002cd8  PA:10002d18
26841340ns          459367 1c009522 01ee1023 sh               x30, 0(x28)         x30:00000004 x28:1c002f0a  PA:1c002f0a
26841658ns          459383 1c009526 05812483 lw               x9, 88(x2)           x9=1c002e6a  x2:10002cd8  PA:10002d30
26841678ns          459384 1c009528 05012f03 lw               x30, 80(x2)         x30=1c002e7a  x2:10002cd8  PA:10002d28
26841698ns          459385 1c00952a 0a012583 lw               x11, 160(x2)        x11=1c002e9a  x2:10002cd8  PA:10002d78
26841717ns          459386 1c00952c 014787b3 add              x15, x15, x20       x15=0001ff0f x15:0000ffaa x20:0000ff65
26841737ns          459387 1c00952e 013e8eb3 add              x29, x29, x19       x29=0000ffed x29:fffffff8 x19:0000fff5
26841757ns          459388 1c009530 01270733 add              x14, x14, x18       x14=0000ffcb x14:ffffffe3 x18:0000ffe8
26841777ns          459389 1c009532 00f49023 sh               x15, 0(x9)          x15:0001ff0f  x9:1c002e6a  PA:1c002e6a
26842175ns          459409 1c009536 01161023 sh               x17, 0(x12)         x17:00000030 x12:1c002eea  PA:1c002eea
26842493ns          459425 1c00953a 01fd9023 sh               x31, 0(x27)         x31:0000000d x27:1c002efa  PA:1c002efa
26842811ns          459441 1c00953e 00df1023 sh               x13, 0(x30)         x13:0001ffc2 x30:1c002e7a  PA:1c002e7a
26843129ns          459457 1c009542 01d59023 sh               x29, 0(x11)         x29:0000ffed x11:1c002e9a  PA:1c002e9a
26843468ns          459474 1c009546 00e09023 sh               x14, 0(x1)          x14:0000ffcb  x1:1c002e8a  PA:1c002e8a
26843786ns          459490 1c00954a 01039023 sh               x16, 0(x7)          x16:0000fff5  x7:1c002eba  PA:1c002eba
26844104ns          459506 1c00954e 00a29023 sh               x10, 0(x5)          x10:0000ffed  x5:1c002eaa  PA:1c002eaa
26844422ns          459522 1c009552 008b0b13 addi             x22, x22, 8         x22=00000055 x22:0000004d
26844442ns          459523 1c009554 1f300793 addi             x15, x0, 499        x15=000001f3
26844462ns          459524 1c009558 e767dae3 bge              x15, x22, -396      x15:000001f3 x22:00000055
26844561ns          459529 1c0093cc 010c9a0b p.lh             x20, 16(x25!)       x20=fffffff0 x25=1c002742 x25:1c002732  PA:1c002732
26844860ns          459544 1c0093d0 0104198b p.lh             x19, 16(x8!)        x19=00000077  x8=1c001f0a  x8:1c001efa  PA:1c001efa
26845218ns          459562 1c0093d4 2cc10513 addi             x10, x2, 716        x10=10002fa4  x2:10002cd8
26845238ns          459563 1c0093d6 010a990b p.lh             x18, 16(x21!)       x18=ffffffeb x21=1c001736 x21:1c001726  PA:1c001726
26845536ns          459578 1c0093da 010b948b p.lh             x9, 16(x23!)         x9=0000007c x23=1c000f66 x23:1c000f56  PA:1c000f56
26845834ns          459593 1c0093de 2d411623 sh               x20, 716(x2)        x20:fffffff0  x2:10002cd8  PA:10002fa4
26845854ns          459594 1c0093e2 2d311723 sh               x19, 718(x2)        x19:00000077  x2:10002cd8  PA:10002fa6
26845874ns          459595 1c0093e6 c33ff0ef jal              x1, -974             x1=1c0093e8
26845954ns          459599 1c009018 00051803 lh               x16, 0(x10)         x16=fffffff0 x10:10002fa4  PA:10002fa4
26845993ns          459601 1c00901c 00251883 lh               x17, 2(x10)         x17=00000077 x10:10002fa4  PA:10002fa6
26846013ns          459602 1c009020 030806b3 mul              x13, x16, x16       x13=00000100 x16:fffffff0 x16:fffffff0
26846033ns          459603 1c009024 03188633 mul              x12, x17, x17       x12=00003751 x17:00000077 x17:00000077
26846053ns          459604 1c009028 40a65613 srai             x12, x12, 0x40a     x12=0000000d x12:00003751
26846073ns          459605 1c00902a 40a6d693 srai             x13, x13, 0x40a     x13=00000000 x13:00000100
26846093ns          459606 1c00902c 00c686b3 add              x13, x13, x12       x13=0000000d x13:00000000 x12:0000000d
26846113ns          459607 1c00902e 1006c633 p.exths          x12, x13, x0        x12=0000000d x13:0000000d
26846133ns          459608 1c009032 00855703 lhu              x14, 8(x10)         x14=0000ffd1 x10:10002fa4  PA:10002fac
26846152ns          459609 1c009036 00a55683 lhu              x13, 10(x10)        x13=0000ff6a x10:10002fa4  PA:10002fae
26846172ns          459610 1c00903a 02c60333 mul              x6, x12, x12         x6=000000a9 x12:0000000d x12:0000000d
26846212ns          459612 1c00903e 00c55783 lhu              x15, 12(x10)        x15=0000ffe5 x10:10002fa4  PA:10002fb0
26846252ns          459614 1c009042 00e55583 lhu              x11, 14(x10)        x11=00000060 x10:10002fa4  PA:10002fb2
26846272ns          459615 1c009046 dea30333 p.extract        x6, x6, 15, 10       x6=00000000  x6:000000a9
26846292ns          459616 1c00904a 80c7075b p.muls           x14, x14, x12       x14=fffffd9d x14:0000ffd1 x12:0000000d
26846351ns          459619 1c00904e 80c686db p.muls           x13, x13, x12       x13=fffff862 x13:0000ff6a x12:0000000d
26846391ns          459621 1c009052 00455e83 lhu              x29, 4(x10)         x29=00000427 x10:10002fa4  PA:10002fa8
26846411ns          459622 1c009056 00655e03 lhu              x28, 6(x10)         x28=0000007f x10:10002fa4  PA:10002faa
26846431ns          459623 1c00905a 40a75713 srai             x14, x14, 0x40a     x14=ffffffff x14:fffffd9d
26846451ns          459624 1c00905c 806787db p.muls           x15, x15, x6        x15=00000000 x15:0000ffe5  x6:00000000
26846471ns          459625 1c009060 40a6d693 srai             x13, x13, 0x40a     x13=fffffffe x13:fffff862
26846491ns          459626 1c009062 8065865b p.muls           x12, x11, x6        x12=00000000 x11:00000060  x6:00000000
26846510ns          459627 1c009066 40a7d793 srai             x15, x15, 0x40a     x15=00000000 x15:00000000
26846530ns          459628 1c009068 40a65613 srai             x12, x12, 0x40a     x12=00000000 x12:00000000
26846550ns          459629 1c00906a 01d70733 add              x14, x14, x29       x14=00000426 x14:ffffffff x29:00000427
26846570ns          459630 1c00906c 01c686b3 add              x13, x13, x28       x13=0000007d x13:fffffffe x28:0000007f
26846590ns          459631 1c00906e 00c686b3 add              x13, x13, x12       x13=0000007d x13:0000007d x12:00000000
26846610ns          459632 1c009070 00f70733 add              x14, x14, x15       x14=00000426 x14:00000426 x15:00000000
26846630ns          459633 1c009072 100747b3 p.exths          x15, x14, x0        x15=00000426 x14:00000426
26846650ns          459634 1c009076 1006c733 p.exths          x14, x13, x0        x14=0000007d x13:0000007d
26846670ns          459635 1c00907a 03170633 mul              x12, x14, x17       x12=00003a1b x14:0000007d x17:00000077
26846689ns          459636 1c00907e 030786b3 mul              x13, x15, x16       x13=ffffbda0 x15:00000426 x16:fffffff0
26846709ns          459637 1c009082 03070733 mul              x14, x14, x16       x14=fffff830 x14:0000007d x16:fffffff0
26846729ns          459638 1c009086 031787b3 mul              x15, x15, x17       x15=0001edaa x15:00000426 x17:00000077
26846749ns          459639 1c00908a 40a6d693 srai             x13, x13, 0x40a     x13=ffffffef x13:ffffbda0
26846769ns          459640 1c00908c 40a65613 srai             x12, x12, 0x40a     x12=0000000e x12:00003a1b
26846789ns          459641 1c00908e 40a7d793 srai             x15, x15, 0x40a     x15=0000007b x15:0001edaa
26846809ns          459642 1c009090 40a75713 srai             x14, x14, 0x40a     x14=fffffffe x14:fffff830
26846829ns          459643 1c009092 40c686b3 sub              x13, x13, x12       x13=ffffffe1 x13:ffffffef x12:0000000e
26846848ns          459644 1c009094 00e787b3 add              x15, x15, x14       x15=00000079 x15:0000007b x14:fffffffe
26846868ns          459645 1c009096 00d51823 sh               x13, 16(x10)        x13:ffffffe1 x10:10002fa4  PA:10002fb4
26846888ns          459646 1c00909a 00f51923 sh               x15, 18(x10)        x15:00000079 x10:10002fa4  PA:10002fb6
26846908ns          459647 1c00909e 00008067 jalr             x0, x1, 0            x1:1c0093e8
26846948ns          459649 1c0093e8 2dc15583 lhu              x11, 732(x2)        x11=0000ffe1  x2:10002cd8  PA:10002fb4
26846968ns          459650 1c0093ec 2de15783 lhu              x15, 734(x2)        x15=00000079  x2:10002cd8  PA:10002fb6
26846988ns          459651 1c0093f0 40b90933 sub              x18, x18, x11       x18=ffff000a x18:ffffffeb x11:0000ffe1
26847008ns          459652 1c0093f4 40f484b3 sub              x9, x9, x15          x9=00000003  x9:0000007c x15:00000079
26847027ns          459653 1c0093f6 100945b3 p.exths          x11, x18, x0        x11=0000000a x18:ffff000a
26847047ns          459654 1c0093fa 1004c7b3 p.exths          x15, x9, x0         x15=00000003  x9:00000003
26847067ns          459655 1c0093fe 034586b3 mul              x13, x11, x20       x13=ffffff60 x11:0000000a x20:fffffff0
26847087ns          459656 1c009402 03378533 mul              x10, x15, x19       x10=00000165 x15:00000003 x19:00000077
26847107ns          459657 1c009406 034a0633 mul              x12, x20, x20       x12=00000100 x20:fffffff0 x20:fffffff0
26847127ns          459658 1c00940a 03398733 mul              x14, x19, x19       x14=00003751 x19:00000077 x19:00000077
26847187ns          459661 1c00940e 034787b3 mul              x15, x15, x20       x15=ffffffd0 x15:00000003 x20:fffffff0
26847226ns          459663 1c009412 033585b3 mul              x11, x11, x19       x11=000004a6 x11:0000000a x19:00000077
26847246ns          459664 1c009416 40a75713 srai             x14, x14, 0x40a     x14=0000000d x14:00003751
26847266ns          459665 1c009418 40a5d593 srai             x11, x11, 0x40a     x11=00000001 x11:000004a6
26847286ns          459666 1c00941a 40a65613 srai             x12, x12, 0x40a     x12=00000000 x12:00000100
26847306ns          459667 1c00941c 40a7d793 srai             x15, x15, 0x40a     x15=ffffffff x15:ffffffd0
26847326ns          459668 1c00941e 1c0034b7 lui              x9, 0x1c003000       x9=1c003000
26847346ns          459669 1c009422 00e60633 add              x12, x12, x14       x12=0000000d x12:00000000 x14:0000000d
26847366ns          459670 1c009424 40b787b3 sub              x15, x15, x11       x15=fffffffe x15:ffffffff x11:00000001
26847385ns          459671 1c009426 eb048493 addi             x9, x9, -336         x9=1c002eb0  x9:1c003000
26847405ns          459672 1c00942a 1c0032b7 lui              x5, 0x1c003000       x5=1c003000
26847425ns          459673 1c00942e 1c0035b7 lui              x11, 0x1c003000     x11=1c003000
26847445ns          459674 1c009432 018483b3 add              x7, x9, x24          x7=1c002eba  x9:1c002eb0 x24:0000000a
26847465ns          459675 1c009436 02812e83 lw               x29, 40(x2)         x29=1c002eca  x2:10002cd8  PA:10002d00
26847485ns          459676 1c009438 10065633 p.exthz          x12, x12, x0        x12=0000000d x12:0000000d
26847505ns          459677 1c00943c e8028293 addi             x5, x5, -384         x5=1c002e80  x5:1c003000
26847525ns          459678 1c009440 ea058593 addi             x11, x11, -352      x11=1c002ea0 x11:1c003000
26847545ns          459679 1c009444 03812483 lw               x9, 56(x2)           x9=1c002eea  x2:10002cd8  PA:10002d10
26847584ns          459681 1c009446 10064733 p.exths          x14, x12, x0        x14=0000000d x12:0000000d
26847604ns          459682 1c00944a 018280b3 add              x1, x5, x24          x1=1c002e8a  x5:1c002e80 x24:0000000a
26847624ns          459683 1c00944e 03012f03 lw               x30, 48(x2)         x30=1c002eda  x2:10002cd8  PA:10002d08
26847644ns          459684 1c009450 018582b3 add              x5, x11, x24         x5=1c002eaa x11:1c002ea0 x24:0000000a
26847664ns          459685 1c009454 04012583 lw               x11, 64(x2)         x11=1c002efa  x2:10002cd8  PA:10002d18
26847684ns          459686 1c009456 000edd83 lhu              x27, 0(x29)         x27=0000047c x29:1c002eca  PA:1c002eca
26847982ns          459701 1c00945a 0004d483 lhu              x9, 0(x9)            x9=00000030  x9:1c002eea  PA:1c002eea
26848280ns          459716 1c00945e 02e70333 mul              x6, x14, x14         x6=000000a9 x14:0000000d x14:0000000d
26848300ns          459717 1c009462 40a55513 srai             x10, x10, 0x40a     x10=00000000 x10:00000165
26848320ns          459718 1c009464 04812e83 lw               x29, 72(x2)         x29=1c002f0a  x2:10002cd8  PA:10002d20
26848340ns          459719 1c009466 40a6d693 srai             x13, x13, 0x40a     x13=ffffffff x13:ffffff60
26848360ns          459720 1c009468 000f5d03 lhu              x26, 0(x30)         x26=000000d0 x30:1c002eda  PA:1c002eda
26848678ns          459736 1c00946c 0005d583 lhu              x11, 0(x11)         x11=0000000d x11:1c002efa  PA:1c002efa
26848977ns          459751 1c009470 40a35313 srai             x6, x6, 0x40a        x6=00000000  x6:000000a9
26848996ns          459752 1c009474 00a686b3 add              x13, x13, x10       x13=ffffffff x13:ffffffff x10:00000000
26849016ns          459753 1c009476 05012f03 lw               x30, 80(x2)         x30=1c002e7a  x2:10002cd8  PA:10002d28
26849036ns          459754 1c009478 10034e33 p.exths          x28, x6, x0         x28=00000000  x6:00000000
26849056ns          459755 1c00947c 06911023 sh               x9, 96(x2)           x9:00000030  x2:10002cd8  PA:10002d38
26849076ns          459756 1c009480 000ede83 lhu              x29, 0(x29)         x29=00000004 x29:1c002f0a  PA:1c002f0a
26849374ns          459771 1c009484 05812483 lw               x9, 88(x2)           x9=1c002e6a  x2:10002cd8  PA:10002d30
26849394ns          459772 1c009486 1006d6b3 p.exthz          x13, x13, x0        x13=0000ffff x13:ffffffff
26849414ns          459773 1c00948a 02ee08b3 mul              x17, x28, x14       x17=00000000 x28:00000000 x14:0000000d
26849434ns          459774 1c00948e 1006c833 p.exths          x16, x13, x0        x16=ffffffff x13:0000ffff
26849454ns          459775 1c009492 06b11823 sh               x11, 112(x2)        x11:0000000d  x2:10002cd8  PA:10002d48
26849474ns          459776 1c009496 000f5f03 lhu              x30, 0(x30)         x30=0000ffc2 x30:1c002e7a  PA:1c002e7a
26849772ns          459791 1c00949a 0a012583 lw               x11, 160(x2)        x11=1c002e9a  x2:10002cd8  PA:10002d78
26849792ns          459792 1c00949c 1007d7b3 p.exthz          x15, x15, x0        x15=0000fffe x15:fffffffe
26849812ns          459793 1c0094a0 0004da03 lhu              x20, 0(x9)          x20=0000ff0f  x9:1c002e6a  PA:1c002e6a
26850130ns          459809 1c0094a4 1007c533 p.exths          x10, x15, x0        x10=fffffffe x15:0000fffe
26850150ns          459810 1c0094a8 09d11023 sh               x29, 128(x2)        x29:00000004  x2:10002cd8  PA:10002d58
26850170ns          459811 1c0094ac 0003d483 lhu              x9, 0(x7)            x9=0000fff5  x7:1c002eba  PA:1c002eba
26850468ns          459826 1c0094b0 02e80eb3 mul              x29, x16, x14       x29=fffffff3 x16:ffffffff x14:0000000d
26850488ns          459827 1c0094b4 40a8d893 srai             x17, x17, 0x40a     x17=00000000 x17:00000000
26850508ns          459828 1c0094b8 03c80833 mul              x16, x16, x28       x16=00000000 x16:ffffffff x28:00000000
26850528ns          459829 1c0094bc 09e11823 sh               x30, 144(x2)        x30:0000ffc2  x2:10002cd8  PA:10002d68
26850548ns          459830 1c0094c0 0005d983 lhu              x19, 0(x11)         x19=0000ffed x11:1c002e9a  PA:1c002e9a
26850866ns          459846 1c0094c4 81c88f5b p.muls           x30, x17, x28       x30=00000000 x17:00000000 x28:00000000
26850886ns          459847 1c0094c8 0002d583 lhu              x11, 0(x5)          x11=0000ffed  x5:1c002eaa  PA:1c002eaa
26851184ns          459862 1c0094cc 03ce0fb3 mul              x31, x28, x28       x31=00000000 x28:00000000 x28:00000000
26851204ns          459863 1c0094d0 02e50733 mul              x14, x10, x14       x14=ffffffe6 x10:fffffffe x14:0000000d
26851224ns          459864 1c0094d4 40a85813 srai             x16, x16, 0x40a     x16=00000000 x16:00000000
26851244ns          459865 1c0094d8 03c50533 mul              x10, x10, x28       x10=00000000 x10:fffffffe x28:00000000
26851264ns          459866 1c0094dc 07015e03 lhu              x28, 112(x2)        x28=0000000d  x2:10002cd8  PA:10002d48
26851303ns          459868 1c0094e0 01b60633 add              x12, x12, x27       x12=00000489 x12:0000000d x27:0000047c
26851323ns          459869 1c0094e2 00980833 add              x16, x16, x9        x16=0000fff5 x16:00000000  x9:0000fff5
26851343ns          459870 1c0094e4 06015d83 lhu              x27, 96(x2)         x27=00000030  x2:10002cd8  PA:10002d38
26851363ns          459871 1c0094e8 02812483 lw               x9, 40(x2)           x9=1c002eca  x2:10002cd8  PA:10002d00
26851383ns          459872 1c0094ea 40afdf93 srai             x31, x31, 0x40a     x31=00000000 x31:00000000
26851403ns          459873 1c0094ee 40a55513 srai             x10, x10, 0x40a     x10=00000000 x10:00000000
26851423ns          459874 1c0094f0 01cf8fb3 add              x31, x31, x28       x31=0000000d x31:00000000 x28:0000000d
26851443ns          459875 1c0094f2 00b50533 add              x10, x10, x11       x10=0000ffed x10:00000000 x11:0000ffed
26851463ns          459876 1c0094f4 09015e03 lhu              x28, 144(x2)        x28=0000ffc2  x2:10002cd8  PA:10002d68
26851482ns          459877 1c0094f8 03012583 lw               x11, 48(x2)         x11=1c002eda  x2:10002cd8  PA:10002d08
26851502ns          459878 1c0094fa 00c49023 sh               x12, 0(x9)          x12:00000489  x9:1c002eca  PA:1c002eca
26851820ns          459894 1c0094fe 01b888b3 add              x17, x17, x27       x17=00000030 x17:00000000 x27:00000030
26851840ns          459895 1c009500 01a30333 add              x6, x6, x26          x6=000000d0  x6:00000000 x26:000000d0
26851860ns          459896 1c009502 08015d83 lhu              x27, 128(x2)        x27=00000004  x2:10002cd8  PA:10002d58
26851880ns          459897 1c009506 0000d903 lhu              x18, 0(x1)          x18=0000ffcb  x1:1c002e8a  PA:1c002e8a
26852198ns          459913 1c00950a 01c686b3 add              x13, x13, x28       x13=0001ffc1 x13:0000ffff x28:0000ffc2
26852218ns          459914 1c00950c 00659023 sh               x6, 0(x11)           x6:000000d0 x11:1c002eda  PA:1c002eda
26852536ns          459930 1c009510 40af5f13 srai             x30, x30, 0x40a     x30=00000000 x30:00000000
26852556ns          459931 1c009514 04812e03 lw               x28, 72(x2)         x28=1c002f0a  x2:10002cd8  PA:10002d20
26852576ns          459932 1c009516 01bf0f33 add              x30, x30, x27       x30=00000004 x30:00000000 x27:00000004
26852596ns          459933 1c009518 40aede93 srai             x29, x29, 0x40a     x29=ffffffff x29:fffffff3
26852616ns          459934 1c00951c 40a75713 srai             x14, x14, 0x40a     x14=ffffffff x14:ffffffe6
26852636ns          459935 1c00951e 03812603 lw               x12, 56(x2)         x12=1c002eea  x2:10002cd8  PA:10002d10
26852656ns          459936 1c009520 04012d83 lw               x27, 64(x2)         x27=1c002efa  x2:10002cd8  PA:10002d18
26852676ns          459937 1c009522 01ee1023 sh               x30, 0(x28)         x30:00000004 x28:1c002f0a  PA:1c002f0a
26852994ns          459953 1c009526 05812483 lw               x9, 88(x2)           x9=1c002e6a  x2:10002cd8  PA:10002d30
26853014ns          459954 1c009528 05012f03 lw               x30, 80(x2)         x30=1c002e7a  x2:10002cd8  PA:10002d28
26853034ns          459955 1c00952a 0a012583 lw               x11, 160(x2)        x11=1c002e9a  x2:10002cd8  PA:10002d78
26853054ns          459956 1c00952c 014787b3 add              x15, x15, x20       x15=0001ff0d x15:0000fffe x20:0000ff0f
26853073ns          459957 1c00952e 013e8eb3 add              x29, x29, x19       x29=0000ffec x29:ffffffff x19:0000ffed
26853093ns          459958 1c009530 01270733 add              x14, x14, x18       x14=0000ffca x14:ffffffff x18:0000ffcb
26853113ns          459959 1c009532 00f49023 sh               x15, 0(x9)          x15:0001ff0d  x9:1c002e6a  PA:1c002e6a
26853451ns          459976 1c009536 01161023 sh               x17, 0(x12)         x17:00000030 x12:1c002eea  PA:1c002eea
26853770ns          459992 1c00953a 01fd9023 sh               x31, 0(x27)         x31:0000000d x27:1c002efa  PA:1c002efa
26854088ns          460008 1c00953e 00df1023 sh               x13, 0(x30)         x13:0001ffc1 x30:1c002e7a  PA:1c002e7a
26854406ns          460024 1c009542 01d59023 sh               x29, 0(x11)         x29:0000ffec x11:1c002e9a  PA:1c002e9a
26854724ns          460040 1c009546 00e09023 sh               x14, 0(x1)          x14:0000ffca  x1:1c002e8a  PA:1c002e8a
26855042ns          460056 1c00954a 01039023 sh               x16, 0(x7)          x16:0000fff5  x7:1c002eba  PA:1c002eba
26855400ns          460074 1c00954e 00a29023 sh               x10, 0(x5)          x10:0000ffed  x5:1c002eaa  PA:1c002eaa
26855719ns          460090 1c009552 008b0b13 addi             x22, x22, 8         x22=0000005d x22:00000055
26855738ns          460091 1c009554 1f300793 addi             x15, x0, 499        x15=000001f3
26855758ns          460092 1c009558 e767dae3 bge              x15, x22, -396      x15:000001f3 x22:0000005d
26855818ns          460095 1c0093cc 010c9a0b p.lh             x20, 16(x25!)       x20=ffffff1f x25=1c002752 x25:1c002742  PA:1c002742
26856116ns          460110 1c0093d0 0104198b p.lh             x19, 16(x8!)        x19=0000000a  x8=1c001f1a  x8:1c001f0a  PA:1c001f0a
26856494ns          460129 1c0093d4 2cc10513 addi             x10, x2, 716        x10=10002fa4  x2:10002cd8
26856514ns          460130 1c0093d6 010a990b p.lh             x18, 16(x21!)       x18=ffffff23 x21=1c001746 x21:1c001736  PA:1c001736
26856812ns          460145 1c0093da 010b948b p.lh             x9, 16(x23!)         x9=00000011 x23=1c000f76 x23:1c000f66  PA:1c000f66
26857111ns          460160 1c0093de 2d411623 sh               x20, 716(x2)        x20:ffffff1f  x2:10002cd8  PA:10002fa4
26857131ns          460161 1c0093e2 2d311723 sh               x19, 718(x2)        x19:0000000a  x2:10002cd8  PA:10002fa6
26857150ns          460162 1c0093e6 c33ff0ef jal              x1, -974             x1=1c0093e8
26857190ns          460164 1c009018 00051803 lh               x16, 0(x10)         x16=ffffff1f x10:10002fa4  PA:10002fa4
26857210ns          460165 1c00901c 00251883 lh               x17, 2(x10)         x17=0000000a x10:10002fa4  PA:10002fa6
26857230ns          460166 1c009020 030806b3 mul              x13, x16, x16       x13=0000c5c1 x16:ffffff1f x16:ffffff1f
26857250ns          460167 1c009024 03188633 mul              x12, x17, x17       x12=00000064 x17:0000000a x17:0000000a
26857270ns          460168 1c009028 40a65613 srai             x12, x12, 0x40a     x12=00000000 x12:00000064
26857290ns          460169 1c00902a 40a6d693 srai             x13, x13, 0x40a     x13=00000031 x13:0000c5c1
26857310ns          460170 1c00902c 00c686b3 add              x13, x13, x12       x13=00000031 x13:00000031 x12:00000000
26857329ns          460171 1c00902e 1006c633 p.exths          x12, x13, x0        x12=00000031 x13:00000031
26857349ns          460172 1c009032 00855703 lhu              x14, 8(x10)         x14=0000ffd1 x10:10002fa4  PA:10002fac
26857369ns          460173 1c009036 00a55683 lhu              x13, 10(x10)        x13=0000ff6a x10:10002fa4  PA:10002fae
26857389ns          460174 1c00903a 02c60333 mul              x6, x12, x12         x6=00000961 x12:00000031 x12:00000031
26857429ns          460176 1c00903e 00c55783 lhu              x15, 12(x10)        x15=0000ffe5 x10:10002fa4  PA:10002fb0
26857469ns          460178 1c009042 00e55583 lhu              x11, 14(x10)        x11=00000060 x10:10002fa4  PA:10002fb2
26857489ns          460179 1c009046 dea30333 p.extract        x6, x6, 15, 10       x6=00000002  x6:00000961
26857508ns          460180 1c00904a 80c7075b p.muls           x14, x14, x12       x14=fffff701 x14:0000ffd1 x12:00000031
26857528ns          460181 1c00904e 80c686db p.muls           x13, x13, x12       x13=ffffe34a x13:0000ff6a x12:00000031
26857548ns          460182 1c009052 00455e83 lhu              x29, 4(x10)         x29=00000427 x10:10002fa4  PA:10002fa8
26857568ns          460183 1c009056 00655e03 lhu              x28, 6(x10)         x28=0000007f x10:10002fa4  PA:10002faa
26857588ns          460184 1c00905a 40a75713 srai             x14, x14, 0x40a     x14=fffffffd x14:fffff701
26857608ns          460185 1c00905c 806787db p.muls           x15, x15, x6        x15=ffffffca x15:0000ffe5  x6:00000002
26857648ns          460187 1c009060 40a6d693 srai             x13, x13, 0x40a     x13=fffffff8 x13:ffffe34a
26857687ns          460189 1c009062 8065865b p.muls           x12, x11, x6        x12=000000c0 x11:00000060  x6:00000002
26857707ns          460190 1c009066 40a7d793 srai             x15, x15, 0x40a     x15=ffffffff x15:ffffffca
26857727ns          460191 1c009068 40a65613 srai             x12, x12, 0x40a     x12=00000000 x12:000000c0
26857747ns          460192 1c00906a 01d70733 add              x14, x14, x29       x14=00000424 x14:fffffffd x29:00000427
26857767ns          460193 1c00906c 01c686b3 add              x13, x13, x28       x13=00000077 x13:fffffff8 x28:0000007f
26857787ns          460194 1c00906e 00c686b3 add              x13, x13, x12       x13=00000077 x13:00000077 x12:00000000
26857807ns          460195 1c009070 00f70733 add              x14, x14, x15       x14=00000423 x14:00000424 x15:ffffffff
26857827ns          460196 1c009072 100747b3 p.exths          x15, x14, x0        x15=00000423 x14:00000423
26857847ns          460197 1c009076 1006c733 p.exths          x14, x13, x0        x14=00000077 x13:00000077
26857866ns          460198 1c00907a 03170633 mul              x12, x14, x17       x12=000004a6 x14:00000077 x17:0000000a
26857886ns          460199 1c00907e 030786b3 mul              x13, x15, x16       x13=fffc5d3d x15:00000423 x16:ffffff1f
26857906ns          460200 1c009082 03070733 mul              x14, x14, x16       x14=ffff9769 x14:00000077 x16:ffffff1f
26857926ns          460201 1c009086 031787b3 mul              x15, x15, x17       x15=0000295e x15:00000423 x17:0000000a
26857946ns          460202 1c00908a 40a6d693 srai             x13, x13, 0x40a     x13=ffffff17 x13:fffc5d3d
26857966ns          460203 1c00908c 40a65613 srai             x12, x12, 0x40a     x12=00000001 x12:000004a6
26857986ns          460204 1c00908e 40a7d793 srai             x15, x15, 0x40a     x15=0000000a x15:0000295e
26858006ns          460205 1c009090 40a75713 srai             x14, x14, 0x40a     x14=ffffffe5 x14:ffff9769
26858026ns          460206 1c009092 40c686b3 sub              x13, x13, x12       x13=ffffff16 x13:ffffff17 x12:00000001
26858045ns          460207 1c009094 00e787b3 add              x15, x15, x14       x15=ffffffef x15:0000000a x14:ffffffe5
26858065ns          460208 1c009096 00d51823 sh               x13, 16(x10)        x13:ffffff16 x10:10002fa4  PA:10002fb4
26858105ns          460210 1c00909a 00f51923 sh               x15, 18(x10)        x15:ffffffef x10:10002fa4  PA:10002fb6
26858125ns          460211 1c00909e 00008067 jalr             x0, x1, 0            x1:1c0093e8
26858224ns          460216 1c0093e8 2dc15583 lhu              x11, 732(x2)        x11=0000ff16  x2:10002cd8  PA:10002fb4
26858304ns          460220 1c0093ec 2de15783 lhu              x15, 734(x2)        x15=0000ffef  x2:10002cd8  PA:10002fb6
26858324ns          460221 1c0093f0 40b90933 sub              x18, x18, x11       x18=ffff000d x18:ffffff23 x11:0000ff16
26858344ns          460222 1c0093f4 40f484b3 sub              x9, x9, x15          x9=ffff0022  x9:00000011 x15:0000ffef
26858364ns          460223 1c0093f6 100945b3 p.exths          x11, x18, x0        x11=0000000d x18:ffff000d
26858384ns          460224 1c0093fa 1004c7b3 p.exths          x15, x9, x0         x15=00000022  x9:ffff0022
26858403ns          460225 1c0093fe 034586b3 mul              x13, x11, x20       x13=fffff493 x11:0000000d x20:ffffff1f
26858423ns          460226 1c009402 03378533 mul              x10, x15, x19       x10=00000154 x15:00000022 x19:0000000a
26858443ns          460227 1c009406 034a0633 mul              x12, x20, x20       x12=0000c5c1 x20:ffffff1f x20:ffffff1f
26858463ns          460228 1c00940a 03398733 mul              x14, x19, x19       x14=00000064 x19:0000000a x19:0000000a
26858523ns          460231 1c00940e 034787b3 mul              x15, x15, x20       x15=ffffe21e x15:00000022 x20:ffffff1f
26858563ns          460233 1c009412 033585b3 mul              x11, x11, x19       x11=00000082 x11:0000000d x19:0000000a
26858582ns          460234 1c009416 40a75713 srai             x14, x14, 0x40a     x14=00000000 x14:00000064
26858602ns          460235 1c009418 40a5d593 srai             x11, x11, 0x40a     x11=00000000 x11:00000082
26858622ns          460236 1c00941a 40a65613 srai             x12, x12, 0x40a     x12=00000031 x12:0000c5c1
26858642ns          460237 1c00941c 40a7d793 srai             x15, x15, 0x40a     x15=fffffff8 x15:ffffe21e
26858662ns          460238 1c00941e 1c0034b7 lui              x9, 0x1c003000       x9=1c003000
26858682ns          460239 1c009422 00e60633 add              x12, x12, x14       x12=00000031 x12:00000031 x14:00000000
26858702ns          460240 1c009424 40b787b3 sub              x15, x15, x11       x15=fffffff8 x15:fffffff8 x11:00000000
26858722ns          460241 1c009426 eb048493 addi             x9, x9, -336         x9=1c002eb0  x9:1c003000
26858742ns          460242 1c00942a 1c0032b7 lui              x5, 0x1c003000       x5=1c003000
26858761ns          460243 1c00942e 1c0035b7 lui              x11, 0x1c003000     x11=1c003000
26858781ns          460244 1c009432 018483b3 add              x7, x9, x24          x7=1c002eba  x9:1c002eb0 x24:0000000a
26858801ns          460245 1c009436 02812e83 lw               x29, 40(x2)         x29=1c002eca  x2:10002cd8  PA:10002d00
26858821ns          460246 1c009438 10065633 p.exthz          x12, x12, x0        x12=00000031 x12:00000031
26858841ns          460247 1c00943c e8028293 addi             x5, x5, -384         x5=1c002e80  x5:1c003000
26858861ns          460248 1c009440 ea058593 addi             x11, x11, -352      x11=1c002ea0 x11:1c003000
26858881ns          460249 1c009444 03812483 lw               x9, 56(x2)           x9=1c002eea  x2:10002cd8  PA:10002d10
26858901ns          460250 1c009446 10064733 p.exths          x14, x12, x0        x14=00000031 x12:00000031
26858921ns          460251 1c00944a 018280b3 add              x1, x5, x24          x1=1c002e8a  x5:1c002e80 x24:0000000a
26858940ns          460252 1c00944e 03012f03 lw               x30, 48(x2)         x30=1c002eda  x2:10002cd8  PA:10002d08
26858960ns          460253 1c009450 018582b3 add              x5, x11, x24         x5=1c002eaa x11:1c002ea0 x24:0000000a
26859000ns          460255 1c009454 04012583 lw               x11, 64(x2)         x11=1c002efa  x2:10002cd8  PA:10002d18
26859020ns          460256 1c009456 000edd83 lhu              x27, 0(x29)         x27=00000489 x29:1c002eca  PA:1c002eca
26859318ns          460271 1c00945a 0004d483 lhu              x9, 0(x9)            x9=00000030  x9:1c002eea  PA:1c002eea
26859617ns          460286 1c00945e 02e70333 mul              x6, x14, x14         x6=00000961 x14:00000031 x14:00000031
26859636ns          460287 1c009462 40a55513 srai             x10, x10, 0x40a     x10=00000000 x10:00000154
26859656ns          460288 1c009464 04812e83 lw               x29, 72(x2)         x29=1c002f0a  x2:10002cd8  PA:10002d20
26859676ns          460289 1c009466 40a6d693 srai             x13, x13, 0x40a     x13=fffffffd x13:fffff493
26859696ns          460290 1c009468 000f5d03 lhu              x26, 0(x30)         x26=000000d0 x30:1c002eda  PA:1c002eda
26859994ns          460305 1c00946c 0005d583 lhu              x11, 0(x11)         x11=0000000d x11:1c002efa  PA:1c002efa
26860293ns          460320 1c009470 40a35313 srai             x6, x6, 0x40a        x6=00000002  x6:00000961
26860313ns          460321 1c009474 00a686b3 add              x13, x13, x10       x13=fffffffd x13:fffffffd x10:00000000
26860333ns          460322 1c009476 05012f03 lw               x30, 80(x2)         x30=1c002e7a  x2:10002cd8  PA:10002d28
26860352ns          460323 1c009478 10034e33 p.exths          x28, x6, x0         x28=00000002  x6:00000002
26860372ns          460324 1c00947c 06911023 sh               x9, 96(x2)           x9:00000030  x2:10002cd8  PA:10002d38
26860392ns          460325 1c009480 000ede83 lhu              x29, 0(x29)         x29=00000004 x29:1c002f0a  PA:1c002f0a
26860750ns          460343 1c009484 05812483 lw               x9, 88(x2)           x9=1c002e6a  x2:10002cd8  PA:10002d30
26860770ns          460344 1c009486 1006d6b3 p.exthz          x13, x13, x0        x13=0000fffd x13:fffffffd
26860790ns          460345 1c00948a 02ee08b3 mul              x17, x28, x14       x17=00000062 x28:00000002 x14:00000031
26860810ns          460346 1c00948e 1006c833 p.exths          x16, x13, x0        x16=fffffffd x13:0000fffd
26860830ns          460347 1c009492 06b11823 sh               x11, 112(x2)        x11:0000000d  x2:10002cd8  PA:10002d48
26860850ns          460348 1c009496 000f5f03 lhu              x30, 0(x30)         x30=0000ffc1 x30:1c002e7a  PA:1c002e7a
26861148ns          460363 1c00949a 0a012583 lw               x11, 160(x2)        x11=1c002e9a  x2:10002cd8  PA:10002d78
26861168ns          460364 1c00949c 1007d7b3 p.exthz          x15, x15, x0        x15=0000fff8 x15:fffffff8
26861188ns          460365 1c0094a0 0004da03 lhu              x20, 0(x9)          x20=0000ff0d  x9:1c002e6a  PA:1c002e6a
26861506ns          460381 1c0094a4 1007c533 p.exths          x10, x15, x0        x10=fffffff8 x15:0000fff8
26861526ns          460382 1c0094a8 09d11023 sh               x29, 128(x2)        x29:00000004  x2:10002cd8  PA:10002d58
26861546ns          460383 1c0094ac 0003d483 lhu              x9, 0(x7)            x9=0000fff5  x7:1c002eba  PA:1c002eba
26861924ns          460402 1c0094b0 02e80eb3 mul              x29, x16, x14       x29=ffffff6d x16:fffffffd x14:00000031
26861943ns          460403 1c0094b4 40a8d893 srai             x17, x17, 0x40a     x17=00000000 x17:00000062
26861963ns          460404 1c0094b8 03c80833 mul              x16, x16, x28       x16=fffffffa x16:fffffffd x28:00000002
26861983ns          460405 1c0094bc 09e11823 sh               x30, 144(x2)        x30:0000ffc1  x2:10002cd8  PA:10002d68
26862003ns          460406 1c0094c0 0005d983 lhu              x19, 0(x11)         x19=0000ffec x11:1c002e9a  PA:1c002e9a
26862321ns          460422 1c0094c4 81c88f5b p.muls           x30, x17, x28       x30=00000000 x17:00000000 x28:00000002
26862341ns          460423 1c0094c8 0002d583 lhu              x11, 0(x5)          x11=0000ffed  x5:1c002eaa  PA:1c002eaa
26862640ns          460438 1c0094cc 03ce0fb3 mul              x31, x28, x28       x31=00000004 x28:00000002 x28:00000002
26862659ns          460439 1c0094d0 02e50733 mul              x14, x10, x14       x14=fffffe78 x10:fffffff8 x14:00000031
26862679ns          460440 1c0094d4 40a85813 srai             x16, x16, 0x40a     x16=ffffffff x16:fffffffa
26862699ns          460441 1c0094d8 03c50533 mul              x10, x10, x28       x10=fffffff0 x10:fffffff8 x28:00000002
26862719ns          460442 1c0094dc 07015e03 lhu              x28, 112(x2)        x28=0000000d  x2:10002cd8  PA:10002d48
26862759ns          460444 1c0094e0 01b60633 add              x12, x12, x27       x12=000004ba x12:00000031 x27:00000489
26862779ns          460445 1c0094e2 00980833 add              x16, x16, x9        x16=0000fff4 x16:ffffffff  x9:0000fff5
26862799ns          460446 1c0094e4 06015d83 lhu              x27, 96(x2)         x27=00000030  x2:10002cd8  PA:10002d38
26862819ns          460447 1c0094e8 02812483 lw               x9, 40(x2)           x9=1c002eca  x2:10002cd8  PA:10002d00
26862838ns          460448 1c0094ea 40afdf93 srai             x31, x31, 0x40a     x31=00000000 x31:00000004
26862858ns          460449 1c0094ee 40a55513 srai             x10, x10, 0x40a     x10=ffffffff x10:fffffff0
26862878ns          460450 1c0094f0 01cf8fb3 add              x31, x31, x28       x31=0000000d x31:00000000 x28:0000000d
26862898ns          460451 1c0094f2 00b50533 add              x10, x10, x11       x10=0000ffec x10:ffffffff x11:0000ffed
26862918ns          460452 1c0094f4 09015e03 lhu              x28, 144(x2)        x28=0000ffc1  x2:10002cd8  PA:10002d68
26862938ns          460453 1c0094f8 03012583 lw               x11, 48(x2)         x11=1c002eda  x2:10002cd8  PA:10002d08
26862958ns          460454 1c0094fa 00c49023 sh               x12, 0(x9)          x12:000004ba  x9:1c002eca  PA:1c002eca
26863296ns          460471 1c0094fe 01b888b3 add              x17, x17, x27       x17=00000030 x17:00000000 x27:00000030
26863316ns          460472 1c009500 01a30333 add              x6, x6, x26          x6=000000d2  x6:00000002 x26:000000d0
26863336ns          460473 1c009502 08015d83 lhu              x27, 128(x2)        x27=00000004  x2:10002cd8  PA:10002d58
26863356ns          460474 1c009506 0000d903 lhu              x18, 0(x1)          x18=0000ffca  x1:1c002e8a  PA:1c002e8a
26863654ns          460489 1c00950a 01c686b3 add              x13, x13, x28       x13=0001ffbe x13:0000fffd x28:0000ffc1
26863674ns          460490 1c00950c 00659023 sh               x6, 0(x11)           x6:000000d2 x11:1c002eda  PA:1c002eda
26863992ns          460506 1c009510 40af5f13 srai             x30, x30, 0x40a     x30=00000000 x30:00000000
26864012ns          460507 1c009514 04812e03 lw               x28, 72(x2)         x28=1c002f0a  x2:10002cd8  PA:10002d20
26864032ns          460508 1c009516 01bf0f33 add              x30, x30, x27       x30=00000004 x30:00000000 x27:00000004
26864052ns          460509 1c009518 40aede93 srai             x29, x29, 0x40a     x29=ffffffff x29:ffffff6d
26864072ns          460510 1c00951c 40a75713 srai             x14, x14, 0x40a     x14=ffffffff x14:fffffe78
26864091ns          460511 1c00951e 03812603 lw               x12, 56(x2)         x12=1c002eea  x2:10002cd8  PA:10002d10
26864111ns          460512 1c009520 04012d83 lw               x27, 64(x2)         x27=1c002efa  x2:10002cd8  PA:10002d18
26864131ns          460513 1c009522 01ee1023 sh               x30, 0(x28)         x30:00000004 x28:1c002f0a  PA:1c002f0a
26864489ns          460531 1c009526 05812483 lw               x9, 88(x2)           x9=1c002e6a  x2:10002cd8  PA:10002d30
26864509ns          460532 1c009528 05012f03 lw               x30, 80(x2)         x30=1c002e7a  x2:10002cd8  PA:10002d28
26864529ns          460533 1c00952a 0a012583 lw               x11, 160(x2)        x11=1c002e9a  x2:10002cd8  PA:10002d78
26864549ns          460534 1c00952c 014787b3 add              x15, x15, x20       x15=0001ff05 x15:0000fff8 x20:0000ff0d
26864569ns          460535 1c00952e 013e8eb3 add              x29, x29, x19       x29=0000ffeb x29:ffffffff x19:0000ffec
26864589ns          460536 1c009530 01270733 add              x14, x14, x18       x14=0000ffc9 x14:ffffffff x18:0000ffca
26864608ns          460537 1c009532 00f49023 sh               x15, 0(x9)          x15:0001ff05  x9:1c002e6a  PA:1c002e6a
26864927ns          460553 1c009536 01161023 sh               x17, 0(x12)         x17:00000030 x12:1c002eea  PA:1c002eea
26865265ns          460570 1c00953a 01fd9023 sh               x31, 0(x27)         x31:0000000d x27:1c002efa  PA:1c002efa
26865583ns          460586 1c00953e 00df1023 sh               x13, 0(x30)         x13:0001ffbe x30:1c002e7a  PA:1c002e7a
26865961ns          460605 1c009542 01d59023 sh               x29, 0(x11)         x29:0000ffeb x11:1c002e9a  PA:1c002e9a
26866279ns          460621 1c009546 00e09023 sh               x14, 0(x1)          x14:0000ffc9  x1:1c002e8a  PA:1c002e8a
26866597ns          460637 1c00954a 01039023 sh               x16, 0(x7)          x16:0000fff4  x7:1c002eba  PA:1c002eba
26866915ns          460653 1c00954e 00a29023 sh               x10, 0(x5)          x10:0000ffec  x5:1c002eaa  PA:1c002eaa
26867273ns          460671 1c009552 008b0b13 addi             x22, x22, 8         x22=00000065 x22:0000005d
26867293ns          460672 1c009554 1f300793 addi             x15, x0, 499        x15=000001f3
26867313ns          460673 1c009558 e767dae3 bge              x15, x22, -396      x15:000001f3 x22:00000065
26867413ns          460678 1c0093cc 010c9a0b p.lh             x20, 16(x25!)       x20=ffffffd5 x25=1c002762 x25:1c002752  PA:1c002752
26867731ns          460694 1c0093d0 0104198b p.lh             x19, 16(x8!)        x19=ffffffe3  x8=1c001f2a  x8:1c001f1a  PA:1c001f1a
26868029ns          460709 1c0093d4 2cc10513 addi             x10, x2, 716        x10=10002fa4  x2:10002cd8
26868049ns          460710 1c0093d6 010a990b p.lh             x18, 16(x21!)       x18=ffffffdc x21=1c001756 x21:1c001746  PA:1c001746
26868367ns          460726 1c0093da 010b948b p.lh             x9, 16(x23!)         x9=ffffffe1 x23=1c000f86 x23:1c000f76  PA:1c000f76
26868666ns          460741 1c0093de 2d411623 sh               x20, 716(x2)        x20:ffffffd5  x2:10002cd8  PA:10002fa4
26868686ns          460742 1c0093e2 2d311723 sh               x19, 718(x2)        x19:ffffffe3  x2:10002cd8  PA:10002fa6
26868705ns          460743 1c0093e6 c33ff0ef jal              x1, -974             x1=1c0093e8
26868785ns          460747 1c009018 00051803 lh               x16, 0(x10)         x16=ffffffd5 x10:10002fa4  PA:10002fa4
26868825ns          460749 1c00901c 00251883 lh               x17, 2(x10)         x17=ffffffe3 x10:10002fa4  PA:10002fa6
26868884ns          460752 1c009020 030806b3 mul              x13, x16, x16       x13=00000739 x16:ffffffd5 x16:ffffffd5
26868924ns          460754 1c009024 03188633 mul              x12, x17, x17       x12=00000349 x17:ffffffe3 x17:ffffffe3
26868944ns          460755 1c009028 40a65613 srai             x12, x12, 0x40a     x12=00000000 x12:00000349
26868964ns          460756 1c00902a 40a6d693 srai             x13, x13, 0x40a     x13=00000001 x13:00000739
26868984ns          460757 1c00902c 00c686b3 add              x13, x13, x12       x13=00000001 x13:00000001 x12:00000000
26869004ns          460758 1c00902e 1006c633 p.exths          x12, x13, x0        x12=00000001 x13:00000001
26869024ns          460759 1c009032 00855703 lhu              x14, 8(x10)         x14=0000ffd1 x10:10002fa4  PA:10002fac
26869063ns          460761 1c009036 00a55683 lhu              x13, 10(x10)        x13=0000ff6a x10:10002fa4  PA:10002fae
26869083ns          460762 1c00903a 02c60333 mul              x6, x12, x12         x6=00000001 x12:00000001 x12:00000001
26869103ns          460763 1c00903e 00c55783 lhu              x15, 12(x10)        x15=0000ffe5 x10:10002fa4  PA:10002fb0
26869143ns          460765 1c009042 00e55583 lhu              x11, 14(x10)        x11=00000060 x10:10002fa4  PA:10002fb2
26869163ns          460766 1c009046 dea30333 p.extract        x6, x6, 15, 10       x6=00000000  x6:00000001
26869183ns          460767 1c00904a 80c7075b p.muls           x14, x14, x12       x14=ffffffd1 x14:0000ffd1 x12:00000001
26869203ns          460768 1c00904e 80c686db p.muls           x13, x13, x12       x13=ffffff6a x13:0000ff6a x12:00000001
26869222ns          460769 1c009052 00455e83 lhu              x29, 4(x10)         x29=00000427 x10:10002fa4  PA:10002fa8
26869242ns          460770 1c009056 00655e03 lhu              x28, 6(x10)         x28=0000007f x10:10002fa4  PA:10002faa
26869262ns          460771 1c00905a 40a75713 srai             x14, x14, 0x40a     x14=ffffffff x14:ffffffd1
26869282ns          460772 1c00905c 806787db p.muls           x15, x15, x6        x15=00000000 x15:0000ffe5  x6:00000000
26869302ns          460773 1c009060 40a6d693 srai             x13, x13, 0x40a     x13=ffffffff x13:ffffff6a
26869322ns          460774 1c009062 8065865b p.muls           x12, x11, x6        x12=00000000 x11:00000060  x6:00000000
26869342ns          460775 1c009066 40a7d793 srai             x15, x15, 0x40a     x15=00000000 x15:00000000
26869362ns          460776 1c009068 40a65613 srai             x12, x12, 0x40a     x12=00000000 x12:00000000
26869382ns          460777 1c00906a 01d70733 add              x14, x14, x29       x14=00000426 x14:ffffffff x29:00000427
26869401ns          460778 1c00906c 01c686b3 add              x13, x13, x28       x13=0000007e x13:ffffffff x28:0000007f
26869421ns          460779 1c00906e 00c686b3 add              x13, x13, x12       x13=0000007e x13:0000007e x12:00000000
26869441ns          460780 1c009070 00f70733 add              x14, x14, x15       x14=00000426 x14:00000426 x15:00000000
26869461ns          460781 1c009072 100747b3 p.exths          x15, x14, x0        x15=00000426 x14:00000426
26869481ns          460782 1c009076 1006c733 p.exths          x14, x13, x0        x14=0000007e x13:0000007e
26869501ns          460783 1c00907a 03170633 mul              x12, x14, x17       x12=fffff1ba x14:0000007e x17:ffffffe3
26869521ns          460784 1c00907e 030786b3 mul              x13, x15, x16       x13=ffff4d9e x15:00000426 x16:ffffffd5
26869541ns          460785 1c009082 03070733 mul              x14, x14, x16       x14=ffffead6 x14:0000007e x16:ffffffd5
26869561ns          460786 1c009086 031787b3 mul              x15, x15, x17       x15=ffff87b2 x15:00000426 x17:ffffffe3
26869580ns          460787 1c00908a 40a6d693 srai             x13, x13, 0x40a     x13=ffffffd3 x13:ffff4d9e
26869600ns          460788 1c00908c 40a65613 srai             x12, x12, 0x40a     x12=fffffffc x12:fffff1ba
26869620ns          460789 1c00908e 40a7d793 srai             x15, x15, 0x40a     x15=ffffffe1 x15:ffff87b2
26869640ns          460790 1c009090 40a75713 srai             x14, x14, 0x40a     x14=fffffffa x14:ffffead6
26869660ns          460791 1c009092 40c686b3 sub              x13, x13, x12       x13=ffffffd7 x13:ffffffd3 x12:fffffffc
26869680ns          460792 1c009094 00e787b3 add              x15, x15, x14       x15=ffffffdb x15:ffffffe1 x14:fffffffa
26869700ns          460793 1c009096 00d51823 sh               x13, 16(x10)        x13:ffffffd7 x10:10002fa4  PA:10002fb4
26869720ns          460794 1c00909a 00f51923 sh               x15, 18(x10)        x15:ffffffdb x10:10002fa4  PA:10002fb6
26869740ns          460795 1c00909e 00008067 jalr             x0, x1, 0            x1:1c0093e8
26869819ns          460799 1c0093e8 2dc15583 lhu              x11, 732(x2)        x11=0000ffd7  x2:10002cd8  PA:10002fb4
26869859ns          460801 1c0093ec 2de15783 lhu              x15, 734(x2)        x15=0000ffdb  x2:10002cd8  PA:10002fb6
26869879ns          460802 1c0093f0 40b90933 sub              x18, x18, x11       x18=ffff0005 x18:ffffffdc x11:0000ffd7
26869899ns          460803 1c0093f4 40f484b3 sub              x9, x9, x15          x9=ffff0006  x9:ffffffe1 x15:0000ffdb
26869919ns          460804 1c0093f6 100945b3 p.exths          x11, x18, x0        x11=00000005 x18:ffff0005
26869938ns          460805 1c0093fa 1004c7b3 p.exths          x15, x9, x0         x15=00000006  x9:ffff0006
26869958ns          460806 1c0093fe 034586b3 mul              x13, x11, x20       x13=ffffff29 x11:00000005 x20:ffffffd5
26869978ns          460807 1c009402 03378533 mul              x10, x15, x19       x10=ffffff52 x15:00000006 x19:ffffffe3
26869998ns          460808 1c009406 034a0633 mul              x12, x20, x20       x12=00000739 x20:ffffffd5 x20:ffffffd5
26870018ns          460809 1c00940a 03398733 mul              x14, x19, x19       x14=00000349 x19:ffffffe3 x19:ffffffe3
26870038ns          460810 1c00940e 034787b3 mul              x15, x15, x20       x15=fffffefe x15:00000006 x20:ffffffd5
26870058ns          460811 1c009412 033585b3 mul              x11, x11, x19       x11=ffffff6f x11:00000005 x19:ffffffe3
26870078ns          460812 1c009416 40a75713 srai             x14, x14, 0x40a     x14=00000000 x14:00000349
26870098ns          460813 1c009418 40a5d593 srai             x11, x11, 0x40a     x11=ffffffff x11:ffffff6f
26870117ns          460814 1c00941a 40a65613 srai             x12, x12, 0x40a     x12=00000001 x12:00000739
26870137ns          460815 1c00941c 40a7d793 srai             x15, x15, 0x40a     x15=ffffffff x15:fffffefe
26870157ns          460816 1c00941e 1c0034b7 lui              x9, 0x1c003000       x9=1c003000
26870177ns          460817 1c009422 00e60633 add              x12, x12, x14       x12=00000001 x12:00000001 x14:00000000
26870197ns          460818 1c009424 40b787b3 sub              x15, x15, x11       x15=00000000 x15:ffffffff x11:ffffffff
26870217ns          460819 1c009426 eb048493 addi             x9, x9, -336         x9=1c002eb0  x9:1c003000
26870237ns          460820 1c00942a 1c0032b7 lui              x5, 0x1c003000       x5=1c003000
26870257ns          460821 1c00942e 1c0035b7 lui              x11, 0x1c003000     x11=1c003000
26870277ns          460822 1c009432 018483b3 add              x7, x9, x24          x7=1c002eba  x9:1c002eb0 x24:0000000a
26870296ns          460823 1c009436 02812e83 lw               x29, 40(x2)         x29=1c002eca  x2:10002cd8  PA:10002d00
26870316ns          460824 1c009438 10065633 p.exthz          x12, x12, x0        x12=00000001 x12:00000001
26870336ns          460825 1c00943c e8028293 addi             x5, x5, -384         x5=1c002e80  x5:1c003000
26870356ns          460826 1c009440 ea058593 addi             x11, x11, -352      x11=1c002ea0 x11:1c003000
26870376ns          460827 1c009444 03812483 lw               x9, 56(x2)           x9=1c002eea  x2:10002cd8  PA:10002d10
26870396ns          460828 1c009446 10064733 p.exths          x14, x12, x0        x14=00000001 x12:00000001
26870416ns          460829 1c00944a 018280b3 add              x1, x5, x24          x1=1c002e8a  x5:1c002e80 x24:0000000a
26870436ns          460830 1c00944e 03012f03 lw               x30, 48(x2)         x30=1c002eda  x2:10002cd8  PA:10002d08
26870456ns          460831 1c009450 018582b3 add              x5, x11, x24         x5=1c002eaa x11:1c002ea0 x24:0000000a
26870475ns          460832 1c009454 04012583 lw               x11, 64(x2)         x11=1c002efa  x2:10002cd8  PA:10002d18
26870495ns          460833 1c009456 000edd83 lhu              x27, 0(x29)         x27=000004ba x29:1c002eca  PA:1c002eca
26870853ns          460851 1c00945a 0004d483 lhu              x9, 0(x9)            x9=00000030  x9:1c002eea  PA:1c002eea
26871172ns          460867 1c00945e 02e70333 mul              x6, x14, x14         x6=00000001 x14:00000001 x14:00000001
26871191ns          460868 1c009462 40a55513 srai             x10, x10, 0x40a     x10=ffffffff x10:ffffff52
26871211ns          460869 1c009464 04812e83 lw               x29, 72(x2)         x29=1c002f0a  x2:10002cd8  PA:10002d20
26871231ns          460870 1c009466 40a6d693 srai             x13, x13, 0x40a     x13=ffffffff x13:ffffff29
26871251ns          460871 1c009468 000f5d03 lhu              x26, 0(x30)         x26=000000d2 x30:1c002eda  PA:1c002eda
26871549ns          460886 1c00946c 0005d583 lhu              x11, 0(x11)         x11=0000000d x11:1c002efa  PA:1c002efa
26871848ns          460901 1c009470 40a35313 srai             x6, x6, 0x40a        x6=00000000  x6:00000001
26871868ns          460902 1c009474 00a686b3 add              x13, x13, x10       x13=fffffffe x13:ffffffff x10:ffffffff
26871887ns          460903 1c009476 05012f03 lw               x30, 80(x2)         x30=1c002e7a  x2:10002cd8  PA:10002d28
26871907ns          460904 1c009478 10034e33 p.exths          x28, x6, x0         x28=00000000  x6:00000000
26871927ns          460905 1c00947c 06911023 sh               x9, 96(x2)           x9:00000030  x2:10002cd8  PA:10002d38
26871967ns          460907 1c009480 000ede83 lhu              x29, 0(x29)         x29=00000004 x29:1c002f0a  PA:1c002f0a
26872265ns          460922 1c009484 05812483 lw               x9, 88(x2)           x9=1c002e6a  x2:10002cd8  PA:10002d30
26872285ns          460923 1c009486 1006d6b3 p.exthz          x13, x13, x0        x13=0000fffe x13:fffffffe
26872305ns          460924 1c00948a 02ee08b3 mul              x17, x28, x14       x17=00000000 x28:00000000 x14:00000001
26872325ns          460925 1c00948e 1006c833 p.exths          x16, x13, x0        x16=fffffffe x13:0000fffe
26872345ns          460926 1c009492 06b11823 sh               x11, 112(x2)        x11:0000000d  x2:10002cd8  PA:10002d48
26872365ns          460927 1c009496 000f5f03 lhu              x30, 0(x30)         x30=0000ffbe x30:1c002e7a  PA:1c002e7a
26872663ns          460942 1c00949a 0a012583 lw               x11, 160(x2)        x11=1c002e9a  x2:10002cd8  PA:10002d78
26872683ns          460943 1c00949c 1007d7b3 p.exthz          x15, x15, x0        x15=00000000 x15:00000000
26872703ns          460944 1c0094a0 0004da03 lhu              x20, 0(x9)          x20=0000ff05  x9:1c002e6a  PA:1c002e6a
26873001ns          460959 1c0094a4 1007c533 p.exths          x10, x15, x0        x10=00000000 x15:00000000
26873021ns          460960 1c0094a8 09d11023 sh               x29, 128(x2)        x29:00000004  x2:10002cd8  PA:10002d58
26873041ns          460961 1c0094ac 0003d483 lhu              x9, 0(x7)            x9=0000fff4  x7:1c002eba  PA:1c002eba
26873359ns          460977 1c0094b0 02e80eb3 mul              x29, x16, x14       x29=fffffffe x16:fffffffe x14:00000001
26873379ns          460978 1c0094b4 40a8d893 srai             x17, x17, 0x40a     x17=00000000 x17:00000000
26873399ns          460979 1c0094b8 03c80833 mul              x16, x16, x28       x16=00000000 x16:fffffffe x28:00000000
26873419ns          460980 1c0094bc 09e11823 sh               x30, 144(x2)        x30:0000ffbe  x2:10002cd8  PA:10002d68
26873439ns          460981 1c0094c0 0005d983 lhu              x19, 0(x11)         x19=0000ffeb x11:1c002e9a  PA:1c002e9a
26873757ns          460997 1c0094c4 81c88f5b p.muls           x30, x17, x28       x30=00000000 x17:00000000 x28:00000000
26873777ns          460998 1c0094c8 0002d583 lhu              x11, 0(x5)          x11=0000ffec  x5:1c002eaa  PA:1c002eaa
26874155ns          461017 1c0094cc 03ce0fb3 mul              x31, x28, x28       x31=00000000 x28:00000000 x28:00000000
26874175ns          461018 1c0094d0 02e50733 mul              x14, x10, x14       x14=00000000 x10:00000000 x14:00000001
26874194ns          461019 1c0094d4 40a85813 srai             x16, x16, 0x40a     x16=00000000 x16:00000000
26874214ns          461020 1c0094d8 03c50533 mul              x10, x10, x28       x10=00000000 x10:00000000 x28:00000000
26874234ns          461021 1c0094dc 07015e03 lhu              x28, 112(x2)        x28=0000000d  x2:10002cd8  PA:10002d48
26874254ns          461022 1c0094e0 01b60633 add              x12, x12, x27       x12=000004bb x12:00000001 x27:000004ba
26874274ns          461023 1c0094e2 00980833 add              x16, x16, x9        x16=0000fff4 x16:00000000  x9:0000fff4
26874294ns          461024 1c0094e4 06015d83 lhu              x27, 96(x2)         x27=00000030  x2:10002cd8  PA:10002d38
26874314ns          461025 1c0094e8 02812483 lw               x9, 40(x2)           x9=1c002eca  x2:10002cd8  PA:10002d00
26874334ns          461026 1c0094ea 40afdf93 srai             x31, x31, 0x40a     x31=00000000 x31:00000000
26874354ns          461027 1c0094ee 40a55513 srai             x10, x10, 0x40a     x10=00000000 x10:00000000
26874373ns          461028 1c0094f0 01cf8fb3 add              x31, x31, x28       x31=0000000d x31:00000000 x28:0000000d
26874393ns          461029 1c0094f2 00b50533 add              x10, x10, x11       x10=0000ffec x10:00000000 x11:0000ffec
26874413ns          461030 1c0094f4 09015e03 lhu              x28, 144(x2)        x28=0000ffbe  x2:10002cd8  PA:10002d68
26874433ns          461031 1c0094f8 03012583 lw               x11, 48(x2)         x11=1c002eda  x2:10002cd8  PA:10002d08
26874453ns          461032 1c0094fa 00c49023 sh               x12, 0(x9)          x12:000004bb  x9:1c002eca  PA:1c002eca
26874791ns          461049 1c0094fe 01b888b3 add              x17, x17, x27       x17=00000030 x17:00000000 x27:00000030
26874811ns          461050 1c009500 01a30333 add              x6, x6, x26          x6=000000d2  x6:00000000 x26:000000d2
26874831ns          461051 1c009502 08015d83 lhu              x27, 128(x2)        x27=00000004  x2:10002cd8  PA:10002d58
26874851ns          461052 1c009506 0000d903 lhu              x18, 0(x1)          x18=0000ffc9  x1:1c002e8a  PA:1c002e8a
26875169ns          461068 1c00950a 01c686b3 add              x13, x13, x28       x13=0001ffbc x13:0000fffe x28:0000ffbe
26875189ns          461069 1c00950c 00659023 sh               x6, 0(x11)           x6:000000d2 x11:1c002eda  PA:1c002eda
26875527ns          461086 1c009510 40af5f13 srai             x30, x30, 0x40a     x30=00000000 x30:00000000
26875547ns          461087 1c009514 04812e03 lw               x28, 72(x2)         x28=1c002f0a  x2:10002cd8  PA:10002d20
26875567ns          461088 1c009516 01bf0f33 add              x30, x30, x27       x30=00000004 x30:00000000 x27:00000004
26875587ns          461089 1c009518 40aede93 srai             x29, x29, 0x40a     x29=ffffffff x29:fffffffe
26875607ns          461090 1c00951c 40a75713 srai             x14, x14, 0x40a     x14=00000000 x14:00000000
26875626ns          461091 1c00951e 03812603 lw               x12, 56(x2)         x12=1c002eea  x2:10002cd8  PA:10002d10
26875646ns          461092 1c009520 04012d83 lw               x27, 64(x2)         x27=1c002efa  x2:10002cd8  PA:10002d18
26875666ns          461093 1c009522 01ee1023 sh               x30, 0(x28)         x30:00000004 x28:1c002f0a  PA:1c002f0a
26875984ns          461109 1c009526 05812483 lw               x9, 88(x2)           x9=1c002e6a  x2:10002cd8  PA:10002d30
26876004ns          461110 1c009528 05012f03 lw               x30, 80(x2)         x30=1c002e7a  x2:10002cd8  PA:10002d28
26876024ns          461111 1c00952a 0a012583 lw               x11, 160(x2)        x11=1c002e9a  x2:10002cd8  PA:10002d78
26876044ns          461112 1c00952c 014787b3 add              x15, x15, x20       x15=0000ff05 x15:00000000 x20:0000ff05
26876064ns          461113 1c00952e 013e8eb3 add              x29, x29, x19       x29=0000ffea x29:ffffffff x19:0000ffeb
26876084ns          461114 1c009530 01270733 add              x14, x14, x18       x14=0000ffc9 x14:00000000 x18:0000ffc9
26876104ns          461115 1c009532 00f49023 sh               x15, 0(x9)          x15:0000ff05  x9:1c002e6a  PA:1c002e6a
26876442ns          461132 1c009536 01161023 sh               x17, 0(x12)         x17:00000030 x12:1c002eea  PA:1c002eea
26876760ns          461148 1c00953a 01fd9023 sh               x31, 0(x27)         x31:0000000d x27:1c002efa  PA:1c002efa
26877078ns          461164 1c00953e 00df1023 sh               x13, 0(x30)         x13:0001ffbc x30:1c002e7a  PA:1c002e7a
26877396ns          461180 1c009542 01d59023 sh               x29, 0(x11)         x29:0000ffea x11:1c002e9a  PA:1c002e9a
26877735ns          461197 1c009546 00e09023 sh               x14, 0(x1)          x14:0000ffc9  x1:1c002e8a  PA:1c002e8a
26878053ns          461213 1c00954a 01039023 sh               x16, 0(x7)          x16:0000fff4  x7:1c002eba  PA:1c002eba
26878371ns          461229 1c00954e 00a29023 sh               x10, 0(x5)          x10:0000ffec  x5:1c002eaa  PA:1c002eaa
26878689ns          461245 1c009552 008b0b13 addi             x22, x22, 8         x22=0000006d x22:00000065
26878709ns          461246 1c009554 1f300793 addi             x15, x0, 499        x15=000001f3
26878729ns          461247 1c009558 e767dae3 bge              x15, x22, -396      x15:000001f3 x22:0000006d
26878789ns          461250 1c0093cc 010c9a0b p.lh             x20, 16(x25!)       x20=00000025 x25=1c002772 x25:1c002762  PA:1c002762
26879147ns          461268 1c0093d0 0104198b p.lh             x19, 16(x8!)        x19=0000009b  x8=1c001f3a  x8:1c001f2a  PA:1c001f2a
26879465ns          461284 1c0093d4 2cc10513 addi             x10, x2, 716        x10=10002fa4  x2:10002cd8
26879485ns          461285 1c0093d6 010a990b p.lh             x18, 16(x21!)       x18=0000002c x21=1c001766 x21:1c001756  PA:1c001756
26879783ns          461300 1c0093da 010b948b p.lh             x9, 16(x23!)         x9=0000008f x23=1c000f96 x23:1c000f86  PA:1c000f86
26880081ns          461315 1c0093de 2d411623 sh               x20, 716(x2)        x20:00000025  x2:10002cd8  PA:10002fa4
26880101ns          461316 1c0093e2 2d311723 sh               x19, 718(x2)        x19:0000009b  x2:10002cd8  PA:10002fa6
26880121ns          461317 1c0093e6 c33ff0ef jal              x1, -974             x1=1c0093e8
26880161ns          461319 1c009018 00051803 lh               x16, 0(x10)         x16=00000025 x10:10002fa4  PA:10002fa4
26880181ns          461320 1c00901c 00251883 lh               x17, 2(x10)         x17=0000009b x10:10002fa4  PA:10002fa6
26880240ns          461323 1c009020 030806b3 mul              x13, x16, x16       x13=00000559 x16:00000025 x16:00000025
26880280ns          461325 1c009024 03188633 mul              x12, x17, x17       x12=00005dd9 x17:0000009b x17:0000009b
26880300ns          461326 1c009028 40a65613 srai             x12, x12, 0x40a     x12=00000017 x12:00005dd9
26880320ns          461327 1c00902a 40a6d693 srai             x13, x13, 0x40a     x13=00000001 x13:00000559
26880340ns          461328 1c00902c 00c686b3 add              x13, x13, x12       x13=00000018 x13:00000001 x12:00000017
26880360ns          461329 1c00902e 1006c633 p.exths          x12, x13, x0        x12=00000018 x13:00000018
26880380ns          461330 1c009032 00855703 lhu              x14, 8(x10)         x14=0000ffd1 x10:10002fa4  PA:10002fac
26880400ns          461331 1c009036 00a55683 lhu              x13, 10(x10)        x13=0000ff6a x10:10002fa4  PA:10002fae
26880419ns          461332 1c00903a 02c60333 mul              x6, x12, x12         x6=00000240 x12:00000018 x12:00000018
26880459ns          461334 1c00903e 00c55783 lhu              x15, 12(x10)        x15=0000ffe5 x10:10002fa4  PA:10002fb0
26880499ns          461336 1c009042 00e55583 lhu              x11, 14(x10)        x11=00000060 x10:10002fa4  PA:10002fb2
26880519ns          461337 1c009046 dea30333 p.extract        x6, x6, 15, 10       x6=00000000  x6:00000240
26880539ns          461338 1c00904a 80c7075b p.muls           x14, x14, x12       x14=fffffb98 x14:0000ffd1 x12:00000018
26880559ns          461339 1c00904e 80c686db p.muls           x13, x13, x12       x13=fffff1f0 x13:0000ff6a x12:00000018
26880579ns          461340 1c009052 00455e83 lhu              x29, 4(x10)         x29=00000427 x10:10002fa4  PA:10002fa8
26880598ns          461341 1c009056 00655e03 lhu              x28, 6(x10)         x28=0000007f x10:10002fa4  PA:10002faa
26880618ns          461342 1c00905a 40a75713 srai             x14, x14, 0x40a     x14=fffffffe x14:fffffb98
26880638ns          461343 1c00905c 806787db p.muls           x15, x15, x6        x15=00000000 x15:0000ffe5  x6:00000000
26880658ns          461344 1c009060 40a6d693 srai             x13, x13, 0x40a     x13=fffffffc x13:fffff1f0
26880678ns          461345 1c009062 8065865b p.muls           x12, x11, x6        x12=00000000 x11:00000060  x6:00000000
26880698ns          461346 1c009066 40a7d793 srai             x15, x15, 0x40a     x15=00000000 x15:00000000
26880718ns          461347 1c009068 40a65613 srai             x12, x12, 0x40a     x12=00000000 x12:00000000
26880738ns          461348 1c00906a 01d70733 add              x14, x14, x29       x14=00000425 x14:fffffffe x29:00000427
26880758ns          461349 1c00906c 01c686b3 add              x13, x13, x28       x13=0000007b x13:fffffffc x28:0000007f
26880777ns          461350 1c00906e 00c686b3 add              x13, x13, x12       x13=0000007b x13:0000007b x12:00000000
26880797ns          461351 1c009070 00f70733 add              x14, x14, x15       x14=00000425 x14:00000425 x15:00000000
26880817ns          461352 1c009072 100747b3 p.exths          x15, x14, x0        x15=00000425 x14:00000425
26880837ns          461353 1c009076 1006c733 p.exths          x14, x13, x0        x14=0000007b x13:0000007b
26880857ns          461354 1c00907a 03170633 mul              x12, x14, x17       x12=00004a79 x14:0000007b x17:0000009b
26880877ns          461355 1c00907e 030786b3 mul              x13, x15, x16       x13=00009959 x15:00000425 x16:00000025
26880897ns          461356 1c009082 03070733 mul              x14, x14, x16       x14=000011c7 x14:0000007b x16:00000025
26880917ns          461357 1c009086 031787b3 mul              x15, x15, x17       x15=00028267 x15:00000425 x17:0000009b
26880937ns          461358 1c00908a 40a6d693 srai             x13, x13, 0x40a     x13=00000026 x13:00009959
26880956ns          461359 1c00908c 40a65613 srai             x12, x12, 0x40a     x12=00000012 x12:00004a79
26880976ns          461360 1c00908e 40a7d793 srai             x15, x15, 0x40a     x15=000000a0 x15:00028267
26880996ns          461361 1c009090 40a75713 srai             x14, x14, 0x40a     x14=00000004 x14:000011c7
26881016ns          461362 1c009092 40c686b3 sub              x13, x13, x12       x13=00000014 x13:00000026 x12:00000012
26881036ns          461363 1c009094 00e787b3 add              x15, x15, x14       x15=000000a4 x15:000000a0 x14:00000004
26881056ns          461364 1c009096 00d51823 sh               x13, 16(x10)        x13:00000014 x10:10002fa4  PA:10002fb4
26881076ns          461365 1c00909a 00f51923 sh               x15, 18(x10)        x15:000000a4 x10:10002fa4  PA:10002fb6
26881096ns          461366 1c00909e 00008067 jalr             x0, x1, 0            x1:1c0093e8
26881135ns          461368 1c0093e8 2dc15583 lhu              x11, 732(x2)        x11=00000014  x2:10002cd8  PA:10002fb4
26881175ns          461370 1c0093ec 2de15783 lhu              x15, 734(x2)        x15=000000a4  x2:10002cd8  PA:10002fb6
26881195ns          461371 1c0093f0 40b90933 sub              x18, x18, x11       x18=00000018 x18:0000002c x11:00000014
26881215ns          461372 1c0093f4 40f484b3 sub              x9, x9, x15          x9=ffffffeb  x9:0000008f x15:000000a4
26881235ns          461373 1c0093f6 100945b3 p.exths          x11, x18, x0        x11=00000018 x18:00000018
26881255ns          461374 1c0093fa 1004c7b3 p.exths          x15, x9, x0         x15=ffffffeb  x9:ffffffeb
26881275ns          461375 1c0093fe 034586b3 mul              x13, x11, x20       x13=00000378 x11:00000018 x20:00000025
26881295ns          461376 1c009402 03378533 mul              x10, x15, x19       x10=fffff349 x15:ffffffeb x19:0000009b
26881314ns          461377 1c009406 034a0633 mul              x12, x20, x20       x12=00000559 x20:00000025 x20:00000025
26881334ns          461378 1c00940a 03398733 mul              x14, x19, x19       x14=00005dd9 x19:0000009b x19:0000009b
26881374ns          461380 1c00940e 034787b3 mul              x15, x15, x20       x15=fffffcf7 x15:ffffffeb x20:00000025
26881414ns          461382 1c009412 033585b3 mul              x11, x11, x19       x11=00000e88 x11:00000018 x19:0000009b
26881434ns          461383 1c009416 40a75713 srai             x14, x14, 0x40a     x14=00000017 x14:00005dd9
26881454ns          461384 1c009418 40a5d593 srai             x11, x11, 0x40a     x11=00000003 x11:00000e88
26881474ns          461385 1c00941a 40a65613 srai             x12, x12, 0x40a     x12=00000001 x12:00000559
26881493ns          461386 1c00941c 40a7d793 srai             x15, x15, 0x40a     x15=ffffffff x15:fffffcf7
26881513ns          461387 1c00941e 1c0034b7 lui              x9, 0x1c003000       x9=1c003000
26881533ns          461388 1c009422 00e60633 add              x12, x12, x14       x12=00000018 x12:00000001 x14:00000017
26881553ns          461389 1c009424 40b787b3 sub              x15, x15, x11       x15=fffffffc x15:ffffffff x11:00000003
26881573ns          461390 1c009426 eb048493 addi             x9, x9, -336         x9=1c002eb0  x9:1c003000
26881593ns          461391 1c00942a 1c0032b7 lui              x5, 0x1c003000       x5=1c003000
26881613ns          461392 1c00942e 1c0035b7 lui              x11, 0x1c003000     x11=1c003000
26881633ns          461393 1c009432 018483b3 add              x7, x9, x24          x7=1c002eba  x9:1c002eb0 x24:0000000a
26881652ns          461394 1c009436 02812e83 lw               x29, 40(x2)         x29=1c002eca  x2:10002cd8  PA:10002d00
26881672ns          461395 1c009438 10065633 p.exthz          x12, x12, x0        x12=00000018 x12:00000018
26881692ns          461396 1c00943c e8028293 addi             x5, x5, -384         x5=1c002e80  x5:1c003000
26881712ns          461397 1c009440 ea058593 addi             x11, x11, -352      x11=1c002ea0 x11:1c003000
26881752ns          461399 1c009444 03812483 lw               x9, 56(x2)           x9=1c002eea  x2:10002cd8  PA:10002d10
26881772ns          461400 1c009446 10064733 p.exths          x14, x12, x0        x14=00000018 x12:00000018
26881792ns          461401 1c00944a 018280b3 add              x1, x5, x24          x1=1c002e8a  x5:1c002e80 x24:0000000a
26881812ns          461402 1c00944e 03012f03 lw               x30, 48(x2)         x30=1c002eda  x2:10002cd8  PA:10002d08
26881851ns          461404 1c009450 018582b3 add              x5, x11, x24         x5=1c002eaa x11:1c002ea0 x24:0000000a
26881891ns          461406 1c009454 04012583 lw               x11, 64(x2)         x11=1c002efa  x2:10002cd8  PA:10002d18
26881911ns          461407 1c009456 000edd83 lhu              x27, 0(x29)         x27=000004bb x29:1c002eca  PA:1c002eca
26882209ns          461422 1c00945a 0004d483 lhu              x9, 0(x9)            x9=00000030  x9:1c002eea  PA:1c002eea
26882508ns          461437 1c00945e 02e70333 mul              x6, x14, x14         x6=00000240 x14:00000018 x14:00000018
26882528ns          461438 1c009462 40a55513 srai             x10, x10, 0x40a     x10=fffffffc x10:fffff349
26882547ns          461439 1c009464 04812e83 lw               x29, 72(x2)         x29=1c002f0a  x2:10002cd8  PA:10002d20
26882567ns          461440 1c009466 40a6d693 srai             x13, x13, 0x40a     x13=00000000 x13:00000378
26882587ns          461441 1c009468 000f5d03 lhu              x26, 0(x30)         x26=000000d2 x30:1c002eda  PA:1c002eda
26882905ns          461457 1c00946c 0005d583 lhu              x11, 0(x11)         x11=0000000d x11:1c002efa  PA:1c002efa
26883283ns          461476 1c009470 40a35313 srai             x6, x6, 0x40a        x6=00000000  x6:00000240
26883303ns          461477 1c009474 00a686b3 add              x13, x13, x10       x13=fffffffc x13:00000000 x10:fffffffc
26883323ns          461478 1c009476 05012f03 lw               x30, 80(x2)         x30=1c002e7a  x2:10002cd8  PA:10002d28
26883343ns          461479 1c009478 10034e33 p.exths          x28, x6, x0         x28=00000000  x6:00000000
26883363ns          461480 1c00947c 06911023 sh               x9, 96(x2)           x9:00000030  x2:10002cd8  PA:10002d38
26883383ns          461481 1c009480 000ede83 lhu              x29, 0(x29)         x29=00000004 x29:1c002f0a  PA:1c002f0a
26883681ns          461496 1c009484 05812483 lw               x9, 88(x2)           x9=1c002e6a  x2:10002cd8  PA:10002d30
26883701ns          461497 1c009486 1006d6b3 p.exthz          x13, x13, x0        x13=0000fffc x13:fffffffc
26883721ns          461498 1c00948a 02ee08b3 mul              x17, x28, x14       x17=00000000 x28:00000000 x14:00000018
26883741ns          461499 1c00948e 1006c833 p.exths          x16, x13, x0        x16=fffffffc x13:0000fffc
26883761ns          461500 1c009492 06b11823 sh               x11, 112(x2)        x11:0000000d  x2:10002cd8  PA:10002d48
26883781ns          461501 1c009496 000f5f03 lhu              x30, 0(x30)         x30=0000ffbc x30:1c002e7a  PA:1c002e7a
26884158ns          461520 1c00949a 0a012583 lw               x11, 160(x2)        x11=1c002e9a  x2:10002cd8  PA:10002d78
26884178ns          461521 1c00949c 1007d7b3 p.exthz          x15, x15, x0        x15=0000fffc x15:fffffffc
26884198ns          461522 1c0094a0 0004da03 lhu              x20, 0(x9)          x20=0000ff05  x9:1c002e6a  PA:1c002e6a
26884496ns          461537 1c0094a4 1007c533 p.exths          x10, x15, x0        x10=fffffffc x15:0000fffc
26884516ns          461538 1c0094a8 09d11023 sh               x29, 128(x2)        x29:00000004  x2:10002cd8  PA:10002d58
26884536ns          461539 1c0094ac 0003d483 lhu              x9, 0(x7)            x9=0000fff4  x7:1c002eba  PA:1c002eba
26884874ns          461556 1c0094b0 02e80eb3 mul              x29, x16, x14       x29=ffffffa0 x16:fffffffc x14:00000018
26884894ns          461557 1c0094b4 40a8d893 srai             x17, x17, 0x40a     x17=00000000 x17:00000000
26884914ns          461558 1c0094b8 03c80833 mul              x16, x16, x28       x16=00000000 x16:fffffffc x28:00000000
26884934ns          461559 1c0094bc 09e11823 sh               x30, 144(x2)        x30:0000ffbc  x2:10002cd8  PA:10002d68
26884954ns          461560 1c0094c0 0005d983 lhu              x19, 0(x11)         x19=0000ffea x11:1c002e9a  PA:1c002e9a
26885312ns          461578 1c0094c4 81c88f5b p.muls           x30, x17, x28       x30=00000000 x17:00000000 x28:00000000
26885332ns          461579 1c0094c8 0002d583 lhu              x11, 0(x5)          x11=0000ffec  x5:1c002eaa  PA:1c002eaa
26885730ns          461599 1c0094cc 03ce0fb3 mul              x31, x28, x28       x31=00000000 x28:00000000 x28:00000000
26885749ns          461600 1c0094d0 02e50733 mul              x14, x10, x14       x14=ffffffa0 x10:fffffffc x14:00000018
26885769ns          461601 1c0094d4 40a85813 srai             x16, x16, 0x40a     x16=00000000 x16:00000000
26885789ns          461602 1c0094d8 03c50533 mul              x10, x10, x28       x10=00000000 x10:fffffffc x28:00000000
26885809ns          461603 1c0094dc 07015e03 lhu              x28, 112(x2)        x28=0000000d  x2:10002cd8  PA:10002d48
26885829ns          461604 1c0094e0 01b60633 add              x12, x12, x27       x12=000004d3 x12:00000018 x27:000004bb
26885849ns          461605 1c0094e2 00980833 add              x16, x16, x9        x16=0000fff4 x16:00000000  x9:0000fff4
26885869ns          461606 1c0094e4 06015d83 lhu              x27, 96(x2)         x27=00000030  x2:10002cd8  PA:10002d38
26885889ns          461607 1c0094e8 02812483 lw               x9, 40(x2)           x9=1c002eca  x2:10002cd8  PA:10002d00
26885909ns          461608 1c0094ea 40afdf93 srai             x31, x31, 0x40a     x31=00000000 x31:00000000
26885928ns          461609 1c0094ee 40a55513 srai             x10, x10, 0x40a     x10=00000000 x10:00000000
26885948ns          461610 1c0094f0 01cf8fb3 add              x31, x31, x28       x31=0000000d x31:00000000 x28:0000000d
26885968ns          461611 1c0094f2 00b50533 add              x10, x10, x11       x10=0000ffec x10:00000000 x11:0000ffec
26885988ns          461612 1c0094f4 09015e03 lhu              x28, 144(x2)        x28=0000ffbc  x2:10002cd8  PA:10002d68
26886008ns          461613 1c0094f8 03012583 lw               x11, 48(x2)         x11=1c002eda  x2:10002cd8  PA:10002d08
26886028ns          461614 1c0094fa 00c49023 sh               x12, 0(x9)          x12:000004d3  x9:1c002eca  PA:1c002eca
26886346ns          461630 1c0094fe 01b888b3 add              x17, x17, x27       x17=00000030 x17:00000000 x27:00000030
26886366ns          461631 1c009500 01a30333 add              x6, x6, x26          x6=000000d2  x6:00000000 x26:000000d2
26886386ns          461632 1c009502 08015d83 lhu              x27, 128(x2)        x27=00000004  x2:10002cd8  PA:10002d58
26886406ns          461633 1c009506 0000d903 lhu              x18, 0(x1)          x18=0000ffc9  x1:1c002e8a  PA:1c002e8a
26886704ns          461648 1c00950a 01c686b3 add              x13, x13, x28       x13=0001ffb8 x13:0000fffc x28:0000ffbc
26886724ns          461649 1c00950c 00659023 sh               x6, 0(x11)           x6:000000d2 x11:1c002eda  PA:1c002eda
26887062ns          461666 1c009510 40af5f13 srai             x30, x30, 0x40a     x30=00000000 x30:00000000
26887082ns          461667 1c009514 04812e03 lw               x28, 72(x2)         x28=1c002f0a  x2:10002cd8  PA:10002d20
26887102ns          461668 1c009516 01bf0f33 add              x30, x30, x27       x30=00000004 x30:00000000 x27:00000004
26887122ns          461669 1c009518 40aede93 srai             x29, x29, 0x40a     x29=ffffffff x29:ffffffa0
26887142ns          461670 1c00951c 40a75713 srai             x14, x14, 0x40a     x14=ffffffff x14:ffffffa0
26887161ns          461671 1c00951e 03812603 lw               x12, 56(x2)         x12=1c002eea  x2:10002cd8  PA:10002d10
26887181ns          461672 1c009520 04012d83 lw               x27, 64(x2)         x27=1c002efa  x2:10002cd8  PA:10002d18
26887221ns          461674 1c009522 01ee1023 sh               x30, 0(x28)         x30:00000004 x28:1c002f0a  PA:1c002f0a
26887559ns          461691 1c009526 05812483 lw               x9, 88(x2)           x9=1c002e6a  x2:10002cd8  PA:10002d30
26887579ns          461692 1c009528 05012f03 lw               x30, 80(x2)         x30=1c002e7a  x2:10002cd8  PA:10002d28
26887599ns          461693 1c00952a 0a012583 lw               x11, 160(x2)        x11=1c002e9a  x2:10002cd8  PA:10002d78
26887619ns          461694 1c00952c 014787b3 add              x15, x15, x20       x15=0001ff01 x15:0000fffc x20:0000ff05
26887639ns          461695 1c00952e 013e8eb3 add              x29, x29, x19       x29=0000ffe9 x29:ffffffff x19:0000ffea
26887659ns          461696 1c009530 01270733 add              x14, x14, x18       x14=0000ffc8 x14:ffffffff x18:0000ffc9
26887679ns          461697 1c009532 00f49023 sh               x15, 0(x9)          x15:0001ff01  x9:1c002e6a  PA:1c002e6a
26887997ns          461713 1c009536 01161023 sh               x17, 0(x12)         x17:00000030 x12:1c002eea  PA:1c002eea
26888335ns          461730 1c00953a 01fd9023 sh               x31, 0(x27)         x31:0000000d x27:1c002efa  PA:1c002efa
26888653ns          461746 1c00953e 00df1023 sh               x13, 0(x30)         x13:0001ffb8 x30:1c002e7a  PA:1c002e7a
26888971ns          461762 1c009542 01d59023 sh               x29, 0(x11)         x29:0000ffe9 x11:1c002e9a  PA:1c002e9a
26889289ns          461778 1c009546 00e09023 sh               x14, 0(x1)          x14:0000ffc8  x1:1c002e8a  PA:1c002e8a
26889628ns          461795 1c00954a 01039023 sh               x16, 0(x7)          x16:0000fff4  x7:1c002eba  PA:1c002eba
26889946ns          461811 1c00954e 00a29023 sh               x10, 0(x5)          x10:0000ffec  x5:1c002eaa  PA:1c002eaa
26890264ns          461827 1c009552 008b0b13 addi             x22, x22, 8         x22=00000075 x22:0000006d
26890284ns          461828 1c009554 1f300793 addi             x15, x0, 499        x15=000001f3
26890304ns          461829 1c009558 e767dae3 bge              x15, x22, -396      x15:000001f3 x22:00000075
26890443ns          461836 1c0093cc 010c9a0b p.lh             x20, 16(x25!)       x20=00000125 x25=1c002782 x25:1c002772  PA:1c002772
26890801ns          461854 1c0093d0 0104198b p.lh             x19, 16(x8!)        x19=00000093  x8=1c001f4a  x8:1c001f3a  PA:1c001f3a
26891139ns          461871 1c0093d4 2cc10513 addi             x10, x2, 716        x10=10002fa4  x2:10002cd8
26891159ns          461872 1c0093d6 010a990b p.lh             x18, 16(x21!)       x18=0000013b x21=1c001776 x21:1c001766  PA:1c001766
26891457ns          461887 1c0093da 010b948b p.lh             x9, 16(x23!)         x9=00000081 x23=1c000fa6 x23:1c000f96  PA:1c000f96
26891756ns          461902 1c0093de 2d411623 sh               x20, 716(x2)        x20:00000125  x2:10002cd8  PA:10002fa4
26891775ns          461903 1c0093e2 2d311723 sh               x19, 718(x2)        x19:00000093  x2:10002cd8  PA:10002fa6
26891795ns          461904 1c0093e6 c33ff0ef jal              x1, -974             x1=1c0093e8
26891875ns          461908 1c009018 00051803 lh               x16, 0(x10)         x16=00000125 x10:10002fa4  PA:10002fa4
26891915ns          461910 1c00901c 00251883 lh               x17, 2(x10)         x17=00000093 x10:10002fa4  PA:10002fa6
26891935ns          461911 1c009020 030806b3 mul              x13, x16, x16       x13=00014f59 x16:00000125 x16:00000125
26891954ns          461912 1c009024 03188633 mul              x12, x17, x17       x12=00005469 x17:00000093 x17:00000093
26891974ns          461913 1c009028 40a65613 srai             x12, x12, 0x40a     x12=00000015 x12:00005469
26891994ns          461914 1c00902a 40a6d693 srai             x13, x13, 0x40a     x13=00000053 x13:00014f59
26892014ns          461915 1c00902c 00c686b3 add              x13, x13, x12       x13=00000068 x13:00000053 x12:00000015
26892034ns          461916 1c00902e 1006c633 p.exths          x12, x13, x0        x12=00000068 x13:00000068
26892054ns          461917 1c009032 00855703 lhu              x14, 8(x10)         x14=0000ffd1 x10:10002fa4  PA:10002fac
26892074ns          461918 1c009036 00a55683 lhu              x13, 10(x10)        x13=0000ff6a x10:10002fa4  PA:10002fae
26892094ns          461919 1c00903a 02c60333 mul              x6, x12, x12         x6=00002a40 x12:00000068 x12:00000068
26892114ns          461920 1c00903e 00c55783 lhu              x15, 12(x10)        x15=0000ffe5 x10:10002fa4  PA:10002fb0
26892133ns          461921 1c009042 00e55583 lhu              x11, 14(x10)        x11=00000060 x10:10002fa4  PA:10002fb2
26892153ns          461922 1c009046 dea30333 p.extract        x6, x6, 15, 10       x6=0000000a  x6:00002a40
26892173ns          461923 1c00904a 80c7075b p.muls           x14, x14, x12       x14=ffffece8 x14:0000ffd1 x12:00000068
26892193ns          461924 1c00904e 80c686db p.muls           x13, x13, x12       x13=ffffc310 x13:0000ff6a x12:00000068
26892213ns          461925 1c009052 00455e83 lhu              x29, 4(x10)         x29=00000427 x10:10002fa4  PA:10002fa8
26892233ns          461926 1c009056 00655e03 lhu              x28, 6(x10)         x28=0000007f x10:10002fa4  PA:10002faa
26892253ns          461927 1c00905a 40a75713 srai             x14, x14, 0x40a     x14=fffffffb x14:ffffece8
26892273ns          461928 1c00905c 806787db p.muls           x15, x15, x6        x15=fffffef2 x15:0000ffe5  x6:0000000a
26892293ns          461929 1c009060 40a6d693 srai             x13, x13, 0x40a     x13=fffffff0 x13:ffffc310
26892332ns          461931 1c009062 8065865b p.muls           x12, x11, x6        x12=000003c0 x11:00000060  x6:0000000a
26892352ns          461932 1c009066 40a7d793 srai             x15, x15, 0x40a     x15=ffffffff x15:fffffef2
26892372ns          461933 1c009068 40a65613 srai             x12, x12, 0x40a     x12=00000000 x12:000003c0
26892392ns          461934 1c00906a 01d70733 add              x14, x14, x29       x14=00000422 x14:fffffffb x29:00000427
26892412ns          461935 1c00906c 01c686b3 add              x13, x13, x28       x13=0000006f x13:fffffff0 x28:0000007f
26892432ns          461936 1c00906e 00c686b3 add              x13, x13, x12       x13=0000006f x13:0000006f x12:00000000
26892452ns          461937 1c009070 00f70733 add              x14, x14, x15       x14=00000421 x14:00000422 x15:ffffffff
26892472ns          461938 1c009072 100747b3 p.exths          x15, x14, x0        x15=00000421 x14:00000421
26892491ns          461939 1c009076 1006c733 p.exths          x14, x13, x0        x14=0000006f x13:0000006f
26892511ns          461940 1c00907a 03170633 mul              x12, x14, x17       x12=00003fbd x14:0000006f x17:00000093
26892531ns          461941 1c00907e 030786b3 mul              x13, x15, x16       x13=0004b9c5 x15:00000421 x16:00000125
26892551ns          461942 1c009082 03070733 mul              x14, x14, x16       x14=00007f0b x14:0000006f x16:00000125
26892571ns          461943 1c009086 031787b3 mul              x15, x15, x17       x15=00025ef3 x15:00000421 x17:00000093
26892591ns          461944 1c00908a 40a6d693 srai             x13, x13, 0x40a     x13=0000012e x13:0004b9c5
26892611ns          461945 1c00908c 40a65613 srai             x12, x12, 0x40a     x12=0000000f x12:00003fbd
26892631ns          461946 1c00908e 40a7d793 srai             x15, x15, 0x40a     x15=00000097 x15:00025ef3
26892651ns          461947 1c009090 40a75713 srai             x14, x14, 0x40a     x14=0000001f x14:00007f0b
26892670ns          461948 1c009092 40c686b3 sub              x13, x13, x12       x13=0000011f x13:0000012e x12:0000000f
26892690ns          461949 1c009094 00e787b3 add              x15, x15, x14       x15=000000b6 x15:00000097 x14:0000001f
26892710ns          461950 1c009096 00d51823 sh               x13, 16(x10)        x13:0000011f x10:10002fa4  PA:10002fb4
26892730ns          461951 1c00909a 00f51923 sh               x15, 18(x10)        x15:000000b6 x10:10002fa4  PA:10002fb6
26892750ns          461952 1c00909e 00008067 jalr             x0, x1, 0            x1:1c0093e8
26892869ns          461958 1c0093e8 2dc15583 lhu              x11, 732(x2)        x11=0000011f  x2:10002cd8  PA:10002fb4
26892909ns          461960 1c0093ec 2de15783 lhu              x15, 734(x2)        x15=000000b6  x2:10002cd8  PA:10002fb6
26892929ns          461961 1c0093f0 40b90933 sub              x18, x18, x11       x18=0000001c x18:0000013b x11:0000011f
26892949ns          461962 1c0093f4 40f484b3 sub              x9, x9, x15          x9=ffffffcb  x9:00000081 x15:000000b6
26892969ns          461963 1c0093f6 100945b3 p.exths          x11, x18, x0        x11=0000001c x18:0000001c
26892989ns          461964 1c0093fa 1004c7b3 p.exths          x15, x9, x0         x15=ffffffcb  x9:ffffffcb
26893009ns          461965 1c0093fe 034586b3 mul              x13, x11, x20       x13=0000200c x11:0000001c x20:00000125
26893028ns          461966 1c009402 03378533 mul              x10, x15, x19       x10=ffffe191 x15:ffffffcb x19:00000093
26893048ns          461967 1c009406 034a0633 mul              x12, x20, x20       x12=00014f59 x20:00000125 x20:00000125
26893068ns          461968 1c00940a 03398733 mul              x14, x19, x19       x14=00005469 x19:00000093 x19:00000093
26893088ns          461969 1c00940e 034787b3 mul              x15, x15, x20       x15=ffffc357 x15:ffffffcb x20:00000125
26893108ns          461970 1c009412 033585b3 mul              x11, x11, x19       x11=00001014 x11:0000001c x19:00000093
26893128ns          461971 1c009416 40a75713 srai             x14, x14, 0x40a     x14=00000015 x14:00005469
26893148ns          461972 1c009418 40a5d593 srai             x11, x11, 0x40a     x11=00000004 x11:00001014
26893168ns          461973 1c00941a 40a65613 srai             x12, x12, 0x40a     x12=00000053 x12:00014f59
26893188ns          461974 1c00941c 40a7d793 srai             x15, x15, 0x40a     x15=fffffff0 x15:ffffc357
26893207ns          461975 1c00941e 1c0034b7 lui              x9, 0x1c003000       x9=1c003000
26893227ns          461976 1c009422 00e60633 add              x12, x12, x14       x12=00000068 x12:00000053 x14:00000015
26893247ns          461977 1c009424 40b787b3 sub              x15, x15, x11       x15=ffffffec x15:fffffff0 x11:00000004
26893267ns          461978 1c009426 eb048493 addi             x9, x9, -336         x9=1c002eb0  x9:1c003000
26893287ns          461979 1c00942a 1c0032b7 lui              x5, 0x1c003000       x5=1c003000
26893307ns          461980 1c00942e 1c0035b7 lui              x11, 0x1c003000     x11=1c003000
26893327ns          461981 1c009432 018483b3 add              x7, x9, x24          x7=1c002eba  x9:1c002eb0 x24:0000000a
26893347ns          461982 1c009436 02812e83 lw               x29, 40(x2)         x29=1c002eca  x2:10002cd8  PA:10002d00
26893367ns          461983 1c009438 10065633 p.exthz          x12, x12, x0        x12=00000068 x12:00000068
26893386ns          461984 1c00943c e8028293 addi             x5, x5, -384         x5=1c002e80  x5:1c003000
26893406ns          461985 1c009440 ea058593 addi             x11, x11, -352      x11=1c002ea0 x11:1c003000
26893426ns          461986 1c009444 03812483 lw               x9, 56(x2)           x9=1c002eea  x2:10002cd8  PA:10002d10
26893446ns          461987 1c009446 10064733 p.exths          x14, x12, x0        x14=00000068 x12:00000068
26893466ns          461988 1c00944a 018280b3 add              x1, x5, x24          x1=1c002e8a  x5:1c002e80 x24:0000000a
26893486ns          461989 1c00944e 03012f03 lw               x30, 48(x2)         x30=1c002eda  x2:10002cd8  PA:10002d08
26893506ns          461990 1c009450 018582b3 add              x5, x11, x24         x5=1c002eaa x11:1c002ea0 x24:0000000a
26893526ns          461991 1c009454 04012583 lw               x11, 64(x2)         x11=1c002efa  x2:10002cd8  PA:10002d18
26893546ns          461992 1c009456 000edd83 lhu              x27, 0(x29)         x27=000004d3 x29:1c002eca  PA:1c002eca
26893844ns          462007 1c00945a 0004d483 lhu              x9, 0(x9)            x9=00000030  x9:1c002eea  PA:1c002eea
26894182ns          462024 1c00945e 02e70333 mul              x6, x14, x14         x6=00002a40 x14:00000068 x14:00000068
26894202ns          462025 1c009462 40a55513 srai             x10, x10, 0x40a     x10=fffffff8 x10:ffffe191
26894222ns          462026 1c009464 04812e83 lw               x29, 72(x2)         x29=1c002f0a  x2:10002cd8  PA:10002d20
26894242ns          462027 1c009466 40a6d693 srai             x13, x13, 0x40a     x13=00000008 x13:0000200c
26894261ns          462028 1c009468 000f5d03 lhu              x26, 0(x30)         x26=000000d2 x30:1c002eda  PA:1c002eda
26894560ns          462043 1c00946c 0005d583 lhu              x11, 0(x11)         x11=0000000d x11:1c002efa  PA:1c002efa
26894898ns          462060 1c009470 40a35313 srai             x6, x6, 0x40a        x6=0000000a  x6:00002a40
26894918ns          462061 1c009474 00a686b3 add              x13, x13, x10       x13=00000000 x13:00000008 x10:fffffff8
26894938ns          462062 1c009476 05012f03 lw               x30, 80(x2)         x30=1c002e7a  x2:10002cd8  PA:10002d28
26894958ns          462063 1c009478 10034e33 p.exths          x28, x6, x0         x28=0000000a  x6:0000000a
26894977ns          462064 1c00947c 06911023 sh               x9, 96(x2)           x9:00000030  x2:10002cd8  PA:10002d38
26894997ns          462065 1c009480 000ede83 lhu              x29, 0(x29)         x29=00000004 x29:1c002f0a  PA:1c002f0a
26895296ns          462080 1c009484 05812483 lw               x9, 88(x2)           x9=1c002e6a  x2:10002cd8  PA:10002d30
26895316ns          462081 1c009486 1006d6b3 p.exthz          x13, x13, x0        x13=00000000 x13:00000000
26895335ns          462082 1c00948a 02ee08b3 mul              x17, x28, x14       x17=00000410 x28:0000000a x14:00000068
26895355ns          462083 1c00948e 1006c833 p.exths          x16, x13, x0        x16=00000000 x13:00000000
26895375ns          462084 1c009492 06b11823 sh               x11, 112(x2)        x11:0000000d  x2:10002cd8  PA:10002d48
26895395ns          462085 1c009496 000f5f03 lhu              x30, 0(x30)         x30=0000ffb8 x30:1c002e7a  PA:1c002e7a
26895693ns          462100 1c00949a 0a012583 lw               x11, 160(x2)        x11=1c002e9a  x2:10002cd8  PA:10002d78
26895713ns          462101 1c00949c 1007d7b3 p.exthz          x15, x15, x0        x15=0000ffec x15:ffffffec
26895733ns          462102 1c0094a0 0004da03 lhu              x20, 0(x9)          x20=0000ff01  x9:1c002e6a  PA:1c002e6a
26896051ns          462118 1c0094a4 1007c533 p.exths          x10, x15, x0        x10=ffffffec x15:0000ffec
26896071ns          462119 1c0094a8 09d11023 sh               x29, 128(x2)        x29:00000004  x2:10002cd8  PA:10002d58
26896091ns          462120 1c0094ac 0003d483 lhu              x9, 0(x7)            x9=0000fff4  x7:1c002eba  PA:1c002eba
26896469ns          462139 1c0094b0 02e80eb3 mul              x29, x16, x14       x29=00000000 x16:00000000 x14:00000068
26896489ns          462140 1c0094b4 40a8d893 srai             x17, x17, 0x40a     x17=00000001 x17:00000410
26896509ns          462141 1c0094b8 03c80833 mul              x16, x16, x28       x16=00000000 x16:00000000 x28:0000000a
26896529ns          462142 1c0094bc 09e11823 sh               x30, 144(x2)        x30:0000ffb8  x2:10002cd8  PA:10002d68
26896549ns          462143 1c0094c0 0005d983 lhu              x19, 0(x11)         x19=0000ffe9 x11:1c002e9a  PA:1c002e9a
26896847ns          462158 1c0094c4 81c88f5b p.muls           x30, x17, x28       x30=0000000a x17:00000001 x28:0000000a
26896867ns          462159 1c0094c8 0002d583 lhu              x11, 0(x5)          x11=0000ffec  x5:1c002eaa  PA:1c002eaa
26897165ns          462174 1c0094cc 03ce0fb3 mul              x31, x28, x28       x31=00000064 x28:0000000a x28:0000000a
26897185ns          462175 1c0094d0 02e50733 mul              x14, x10, x14       x14=fffff7e0 x10:ffffffec x14:00000068
26897205ns          462176 1c0094d4 40a85813 srai             x16, x16, 0x40a     x16=00000000 x16:00000000
26897225ns          462177 1c0094d8 03c50533 mul              x10, x10, x28       x10=ffffff38 x10:ffffffec x28:0000000a
26897245ns          462178 1c0094dc 07015e03 lhu              x28, 112(x2)        x28=0000000d  x2:10002cd8  PA:10002d48
26897265ns          462179 1c0094e0 01b60633 add              x12, x12, x27       x12=0000053b x12:00000068 x27:000004d3
26897284ns          462180 1c0094e2 00980833 add              x16, x16, x9        x16=0000fff4 x16:00000000  x9:0000fff4
26897304ns          462181 1c0094e4 06015d83 lhu              x27, 96(x2)         x27=00000030  x2:10002cd8  PA:10002d38
26897324ns          462182 1c0094e8 02812483 lw               x9, 40(x2)           x9=1c002eca  x2:10002cd8  PA:10002d00
26897344ns          462183 1c0094ea 40afdf93 srai             x31, x31, 0x40a     x31=00000000 x31:00000064
26897364ns          462184 1c0094ee 40a55513 srai             x10, x10, 0x40a     x10=ffffffff x10:ffffff38
26897384ns          462185 1c0094f0 01cf8fb3 add              x31, x31, x28       x31=0000000d x31:00000000 x28:0000000d
26897404ns          462186 1c0094f2 00b50533 add              x10, x10, x11       x10=0000ffeb x10:ffffffff x11:0000ffec
26897424ns          462187 1c0094f4 09015e03 lhu              x28, 144(x2)        x28=0000ffb8  x2:10002cd8  PA:10002d68
26897444ns          462188 1c0094f8 03012583 lw               x11, 48(x2)         x11=1c002eda  x2:10002cd8  PA:10002d08
26897483ns          462190 1c0094fa 00c49023 sh               x12, 0(x9)          x12:0000053b  x9:1c002eca  PA:1c002eca
26897802ns          462206 1c0094fe 01b888b3 add              x17, x17, x27       x17=00000031 x17:00000001 x27:00000030
26897821ns          462207 1c009500 01a30333 add              x6, x6, x26          x6=000000dc  x6:0000000a x26:000000d2
26897841ns          462208 1c009502 08015d83 lhu              x27, 128(x2)        x27=00000004  x2:10002cd8  PA:10002d58
26897861ns          462209 1c009506 0000d903 lhu              x18, 0(x1)          x18=0000ffc8  x1:1c002e8a  PA:1c002e8a
26898160ns          462224 1c00950a 01c686b3 add              x13, x13, x28       x13=0000ffb8 x13:00000000 x28:0000ffb8
26898179ns          462225 1c00950c 00659023 sh               x6, 0(x11)           x6:000000dc x11:1c002eda  PA:1c002eda
26898498ns          462241 1c009510 40af5f13 srai             x30, x30, 0x40a     x30=00000000 x30:0000000a
26898518ns          462242 1c009514 04812e03 lw               x28, 72(x2)         x28=1c002f0a  x2:10002cd8  PA:10002d20
26898537ns          462243 1c009516 01bf0f33 add              x30, x30, x27       x30=00000004 x30:00000000 x27:00000004
26898557ns          462244 1c009518 40aede93 srai             x29, x29, 0x40a     x29=00000000 x29:00000000
26898577ns          462245 1c00951c 40a75713 srai             x14, x14, 0x40a     x14=fffffffd x14:fffff7e0
26898597ns          462246 1c00951e 03812603 lw               x12, 56(x2)         x12=1c002eea  x2:10002cd8  PA:10002d10
26898617ns          462247 1c009520 04012d83 lw               x27, 64(x2)         x27=1c002efa  x2:10002cd8  PA:10002d18
26898637ns          462248 1c009522 01ee1023 sh               x30, 0(x28)         x30:00000004 x28:1c002f0a  PA:1c002f0a
26898955ns          462264 1c009526 05812483 lw               x9, 88(x2)           x9=1c002e6a  x2:10002cd8  PA:10002d30
26898975ns          462265 1c009528 05012f03 lw               x30, 80(x2)         x30=1c002e7a  x2:10002cd8  PA:10002d28
26898995ns          462266 1c00952a 0a012583 lw               x11, 160(x2)        x11=1c002e9a  x2:10002cd8  PA:10002d78
26899015ns          462267 1c00952c 014787b3 add              x15, x15, x20       x15=0001feed x15:0000ffec x20:0000ff01
26899035ns          462268 1c00952e 013e8eb3 add              x29, x29, x19       x29=0000ffe9 x29:00000000 x19:0000ffe9
26899054ns          462269 1c009530 01270733 add              x14, x14, x18       x14=0000ffc5 x14:fffffffd x18:0000ffc8
26899074ns          462270 1c009532 00f49023 sh               x15, 0(x9)          x15:0001feed  x9:1c002e6a  PA:1c002e6a
26899432ns          462288 1c009536 01161023 sh               x17, 0(x12)         x17:00000031 x12:1c002eea  PA:1c002eea
26899751ns          462304 1c00953a 01fd9023 sh               x31, 0(x27)         x31:0000000d x27:1c002efa  PA:1c002efa
26900069ns          462320 1c00953e 00df1023 sh               x13, 0(x30)         x13:0000ffb8 x30:1c002e7a  PA:1c002e7a
26900387ns          462336 1c009542 01d59023 sh               x29, 0(x11)         x29:0000ffe9 x11:1c002e9a  PA:1c002e9a
26900705ns          462352 1c009546 00e09023 sh               x14, 0(x1)          x14:0000ffc5  x1:1c002e8a  PA:1c002e8a
26901043ns          462369 1c00954a 01039023 sh               x16, 0(x7)          x16:0000fff4  x7:1c002eba  PA:1c002eba
26901381ns          462386 1c00954e 00a29023 sh               x10, 0(x5)          x10:0000ffeb  x5:1c002eaa  PA:1c002eaa
26901700ns          462402 1c009552 008b0b13 addi             x22, x22, 8         x22=0000007d x22:00000075
26901719ns          462403 1c009554 1f300793 addi             x15, x0, 499        x15=000001f3
26901739ns          462404 1c009558 e767dae3 bge              x15, x22, -396      x15:000001f3 x22:0000007d
26901799ns          462407 1c0093cc 010c9a0b p.lh             x20, 16(x25!)       x20=00000116 x25=1c002792 x25:1c002782  PA:1c002782
26902117ns          462423 1c0093d0 0104198b p.lh             x19, 16(x8!)        x19=000000bb  x8=1c001f5a  x8:1c001f4a  PA:1c001f4a
26902416ns          462438 1c0093d4 2cc10513 addi             x10, x2, 716        x10=10002fa4  x2:10002cd8
26902435ns          462439 1c0093d6 010a990b p.lh             x18, 16(x21!)       x18=00000117 x21=1c001786 x21:1c001776  PA:1c001776
26902734ns          462454 1c0093da 010b948b p.lh             x9, 16(x23!)         x9=000000a7 x23=1c000fb6 x23:1c000fa6  PA:1c000fa6
26903052ns          462470 1c0093de 2d411623 sh               x20, 716(x2)        x20:00000116  x2:10002cd8  PA:10002fa4
26903072ns          462471 1c0093e2 2d311723 sh               x19, 718(x2)        x19:000000bb  x2:10002cd8  PA:10002fa6
26903092ns          462472 1c0093e6 c33ff0ef jal              x1, -974             x1=1c0093e8
26903132ns          462474 1c009018 00051803 lh               x16, 0(x10)         x16=00000116 x10:10002fa4  PA:10002fa4
26903151ns          462475 1c00901c 00251883 lh               x17, 2(x10)         x17=000000bb x10:10002fa4  PA:10002fa6
26903211ns          462478 1c009020 030806b3 mul              x13, x16, x16       x13=00012de4 x16:00000116 x16:00000116
26903251ns          462480 1c009024 03188633 mul              x12, x17, x17       x12=00008899 x17:000000bb x17:000000bb
26903271ns          462481 1c009028 40a65613 srai             x12, x12, 0x40a     x12=00000022 x12:00008899
26903291ns          462482 1c00902a 40a6d693 srai             x13, x13, 0x40a     x13=0000004b x13:00012de4
26903311ns          462483 1c00902c 00c686b3 add              x13, x13, x12       x13=0000006d x13:0000004b x12:00000022
26903330ns          462484 1c00902e 1006c633 p.exths          x12, x13, x0        x12=0000006d x13:0000006d
26903350ns          462485 1c009032 00855703 lhu              x14, 8(x10)         x14=0000ffd1 x10:10002fa4  PA:10002fac
26903370ns          462486 1c009036 00a55683 lhu              x13, 10(x10)        x13=0000ff6a x10:10002fa4  PA:10002fae
26903390ns          462487 1c00903a 02c60333 mul              x6, x12, x12         x6=00002e69 x12:0000006d x12:0000006d
26903410ns          462488 1c00903e 00c55783 lhu              x15, 12(x10)        x15=0000ffe5 x10:10002fa4  PA:10002fb0
26903430ns          462489 1c009042 00e55583 lhu              x11, 14(x10)        x11=00000060 x10:10002fa4  PA:10002fb2
26903450ns          462490 1c009046 dea30333 p.extract        x6, x6, 15, 10       x6=0000000b  x6:00002e69
26903470ns          462491 1c00904a 80c7075b p.muls           x14, x14, x12       x14=ffffebfd x14:0000ffd1 x12:0000006d
26903509ns          462493 1c00904e 80c686db p.muls           x13, x13, x12       x13=ffffc022 x13:0000ff6a x12:0000006d
26903549ns          462495 1c009052 00455e83 lhu              x29, 4(x10)         x29=00000427 x10:10002fa4  PA:10002fa8
26903569ns          462496 1c009056 00655e03 lhu              x28, 6(x10)         x28=0000007f x10:10002fa4  PA:10002faa
26903589ns          462497 1c00905a 40a75713 srai             x14, x14, 0x40a     x14=fffffffa x14:ffffebfd
26903609ns          462498 1c00905c 806787db p.muls           x15, x15, x6        x15=fffffed7 x15:0000ffe5  x6:0000000b
26903649ns          462500 1c009060 40a6d693 srai             x13, x13, 0x40a     x13=fffffff0 x13:ffffc022
26903688ns          462502 1c009062 8065865b p.muls           x12, x11, x6        x12=00000420 x11:00000060  x6:0000000b
26903708ns          462503 1c009066 40a7d793 srai             x15, x15, 0x40a     x15=ffffffff x15:fffffed7
26903728ns          462504 1c009068 40a65613 srai             x12, x12, 0x40a     x12=00000001 x12:00000420
26903748ns          462505 1c00906a 01d70733 add              x14, x14, x29       x14=00000421 x14:fffffffa x29:00000427
26903768ns          462506 1c00906c 01c686b3 add              x13, x13, x28       x13=0000006f x13:fffffff0 x28:0000007f
26903788ns          462507 1c00906e 00c686b3 add              x13, x13, x12       x13=00000070 x13:0000006f x12:00000001
26903808ns          462508 1c009070 00f70733 add              x14, x14, x15       x14=00000420 x14:00000421 x15:ffffffff
26903828ns          462509 1c009072 100747b3 p.exths          x15, x14, x0        x15=00000420 x14:00000420
26903848ns          462510 1c009076 1006c733 p.exths          x14, x13, x0        x14=00000070 x13:00000070
26903867ns          462511 1c00907a 03170633 mul              x12, x14, x17       x12=000051d0 x14:00000070 x17:000000bb
26903887ns          462512 1c00907e 030786b3 mul              x13, x15, x16       x13=00047ac0 x15:00000420 x16:00000116
26903907ns          462513 1c009082 03070733 mul              x14, x14, x16       x14=000079a0 x14:00000070 x16:00000116
26903927ns          462514 1c009086 031787b3 mul              x15, x15, x17       x15=00030360 x15:00000420 x17:000000bb
26903947ns          462515 1c00908a 40a6d693 srai             x13, x13, 0x40a     x13=0000011e x13:00047ac0
26903967ns          462516 1c00908c 40a65613 srai             x12, x12, 0x40a     x12=00000014 x12:000051d0
26903987ns          462517 1c00908e 40a7d793 srai             x15, x15, 0x40a     x15=000000c0 x15:00030360
26904007ns          462518 1c009090 40a75713 srai             x14, x14, 0x40a     x14=0000001e x14:000079a0
26904026ns          462519 1c009092 40c686b3 sub              x13, x13, x12       x13=0000010a x13:0000011e x12:00000014
26904046ns          462520 1c009094 00e787b3 add              x15, x15, x14       x15=000000de x15:000000c0 x14:0000001e
26904066ns          462521 1c009096 00d51823 sh               x13, 16(x10)        x13:0000010a x10:10002fa4  PA:10002fb4
26904086ns          462522 1c00909a 00f51923 sh               x15, 18(x10)        x15:000000de x10:10002fa4  PA:10002fb6
26904106ns          462523 1c00909e 00008067 jalr             x0, x1, 0            x1:1c0093e8
26904186ns          462527 1c0093e8 2dc15583 lhu              x11, 732(x2)        x11=0000010a  x2:10002cd8  PA:10002fb4
26904245ns          462530 1c0093ec 2de15783 lhu              x15, 734(x2)        x15=000000de  x2:10002cd8  PA:10002fb6
26904285ns          462532 1c0093f0 40b90933 sub              x18, x18, x11       x18=0000000d x18:00000117 x11:0000010a
26904305ns          462533 1c0093f4 40f484b3 sub              x9, x9, x15          x9=ffffffc9  x9:000000a7 x15:000000de
26904325ns          462534 1c0093f6 100945b3 p.exths          x11, x18, x0        x11=0000000d x18:0000000d
26904345ns          462535 1c0093fa 1004c7b3 p.exths          x15, x9, x0         x15=ffffffc9  x9:ffffffc9
26904365ns          462536 1c0093fe 034586b3 mul              x13, x11, x20       x13=00000e1e x11:0000000d x20:00000116
26904384ns          462537 1c009402 03378533 mul              x10, x15, x19       x10=ffffd7d3 x15:ffffffc9 x19:000000bb
26904404ns          462538 1c009406 034a0633 mul              x12, x20, x20       x12=00012de4 x20:00000116 x20:00000116
26904424ns          462539 1c00940a 03398733 mul              x14, x19, x19       x14=00008899 x19:000000bb x19:000000bb
26904444ns          462540 1c00940e 034787b3 mul              x15, x15, x20       x15=ffffc446 x15:ffffffc9 x20:00000116
26904464ns          462541 1c009412 033585b3 mul              x11, x11, x19       x11=0000097f x11:0000000d x19:000000bb
26904484ns          462542 1c009416 40a75713 srai             x14, x14, 0x40a     x14=00000022 x14:00008899
26904504ns          462543 1c009418 40a5d593 srai             x11, x11, 0x40a     x11=00000002 x11:0000097f
26904524ns          462544 1c00941a 40a65613 srai             x12, x12, 0x40a     x12=0000004b x12:00012de4
26904544ns          462545 1c00941c 40a7d793 srai             x15, x15, 0x40a     x15=fffffff1 x15:ffffc446
26904563ns          462546 1c00941e 1c0034b7 lui              x9, 0x1c003000       x9=1c003000
26904583ns          462547 1c009422 00e60633 add              x12, x12, x14       x12=0000006d x12:0000004b x14:00000022
26904603ns          462548 1c009424 40b787b3 sub              x15, x15, x11       x15=ffffffef x15:fffffff1 x11:00000002
26904623ns          462549 1c009426 eb048493 addi             x9, x9, -336         x9=1c002eb0  x9:1c003000
26904643ns          462550 1c00942a 1c0032b7 lui              x5, 0x1c003000       x5=1c003000
26904663ns          462551 1c00942e 1c0035b7 lui              x11, 0x1c003000     x11=1c003000
26904683ns          462552 1c009432 018483b3 add              x7, x9, x24          x7=1c002eba  x9:1c002eb0 x24:0000000a
26904703ns          462553 1c009436 02812e83 lw               x29, 40(x2)         x29=1c002eca  x2:10002cd8  PA:10002d00
26904723ns          462554 1c009438 10065633 p.exthz          x12, x12, x0        x12=0000006d x12:0000006d
26904742ns          462555 1c00943c e8028293 addi             x5, x5, -384         x5=1c002e80  x5:1c003000
26904762ns          462556 1c009440 ea058593 addi             x11, x11, -352      x11=1c002ea0 x11:1c003000
26904802ns          462558 1c009444 03812483 lw               x9, 56(x2)           x9=1c002eea  x2:10002cd8  PA:10002d10
26904822ns          462559 1c009446 10064733 p.exths          x14, x12, x0        x14=0000006d x12:0000006d
26904842ns          462560 1c00944a 018280b3 add              x1, x5, x24          x1=1c002e8a  x5:1c002e80 x24:0000000a
26904862ns          462561 1c00944e 03012f03 lw               x30, 48(x2)         x30=1c002eda  x2:10002cd8  PA:10002d08
26904882ns          462562 1c009450 018582b3 add              x5, x11, x24         x5=1c002eaa x11:1c002ea0 x24:0000000a
26904902ns          462563 1c009454 04012583 lw               x11, 64(x2)         x11=1c002efa  x2:10002cd8  PA:10002d18
26904921ns          462564 1c009456 000edd83 lhu              x27, 0(x29)         x27=0000053b x29:1c002eca  PA:1c002eca
26905220ns          462579 1c00945a 0004d483 lhu              x9, 0(x9)            x9=00000031  x9:1c002eea  PA:1c002eea
26905538ns          462595 1c00945e 02e70333 mul              x6, x14, x14         x6=00002e69 x14:0000006d x14:0000006d
26905558ns          462596 1c009462 40a55513 srai             x10, x10, 0x40a     x10=fffffff5 x10:ffffd7d3
26905578ns          462597 1c009464 04812e83 lw               x29, 72(x2)         x29=1c002f0a  x2:10002cd8  PA:10002d20
26905598ns          462598 1c009466 40a6d693 srai             x13, x13, 0x40a     x13=00000003 x13:00000e1e
26905618ns          462599 1c009468 000f5d03 lhu              x26, 0(x30)         x26=000000dc x30:1c002eda  PA:1c002eda
26905916ns          462614 1c00946c 0005d583 lhu              x11, 0(x11)         x11=0000000d x11:1c002efa  PA:1c002efa
26906214ns          462629 1c009470 40a35313 srai             x6, x6, 0x40a        x6=0000000b  x6:00002e69
26906234ns          462630 1c009474 00a686b3 add              x13, x13, x10       x13=fffffff8 x13:00000003 x10:fffffff5
26906254ns          462631 1c009476 05012f03 lw               x30, 80(x2)         x30=1c002e7a  x2:10002cd8  PA:10002d28
26906274ns          462632 1c009478 10034e33 p.exths          x28, x6, x0         x28=0000000b  x6:0000000b
26906294ns          462633 1c00947c 06911023 sh               x9, 96(x2)           x9:00000031  x2:10002cd8  PA:10002d38
26906314ns          462634 1c009480 000ede83 lhu              x29, 0(x29)         x29=00000004 x29:1c002f0a  PA:1c002f0a
26906612ns          462649 1c009484 05812483 lw               x9, 88(x2)           x9=1c002e6a  x2:10002cd8  PA:10002d30
26906632ns          462650 1c009486 1006d6b3 p.exthz          x13, x13, x0        x13=0000fff8 x13:fffffff8
26906652ns          462651 1c00948a 02ee08b3 mul              x17, x28, x14       x17=000004af x28:0000000b x14:0000006d
26906672ns          462652 1c00948e 1006c833 p.exths          x16, x13, x0        x16=fffffff8 x13:0000fff8
26906691ns          462653 1c009492 06b11823 sh               x11, 112(x2)        x11:0000000d  x2:10002cd8  PA:10002d48
26906711ns          462654 1c009496 000f5f03 lhu              x30, 0(x30)         x30=0000ffb8 x30:1c002e7a  PA:1c002e7a
26907010ns          462669 1c00949a 0a012583 lw               x11, 160(x2)        x11=1c002e9a  x2:10002cd8  PA:10002d78
26907030ns          462670 1c00949c 1007d7b3 p.exthz          x15, x15, x0        x15=0000ffef x15:ffffffef
26907049ns          462671 1c0094a0 0004da03 lhu              x20, 0(x9)          x20=0000feed  x9:1c002e6a  PA:1c002e6a
26907368ns          462687 1c0094a4 1007c533 p.exths          x10, x15, x0        x10=ffffffef x15:0000ffef
26907388ns          462688 1c0094a8 09d11023 sh               x29, 128(x2)        x29:00000004  x2:10002cd8  PA:10002d58
26907407ns          462689 1c0094ac 0003d483 lhu              x9, 0(x7)            x9=0000fff4  x7:1c002eba  PA:1c002eba
26907726ns          462705 1c0094b0 02e80eb3 mul              x29, x16, x14       x29=fffffc98 x16:fffffff8 x14:0000006d
26907746ns          462706 1c0094b4 40a8d893 srai             x17, x17, 0x40a     x17=00000001 x17:000004af
26907765ns          462707 1c0094b8 03c80833 mul              x16, x16, x28       x16=ffffffa8 x16:fffffff8 x28:0000000b
26907785ns          462708 1c0094bc 09e11823 sh               x30, 144(x2)        x30:0000ffb8  x2:10002cd8  PA:10002d68
26907805ns          462709 1c0094c0 0005d983 lhu              x19, 0(x11)         x19=0000ffe9 x11:1c002e9a  PA:1c002e9a
26908143ns          462726 1c0094c4 81c88f5b p.muls           x30, x17, x28       x30=0000000b x17:00000001 x28:0000000b
26908163ns          462727 1c0094c8 0002d583 lhu              x11, 0(x5)          x11=0000ffeb  x5:1c002eaa  PA:1c002eaa
26908462ns          462742 1c0094cc 03ce0fb3 mul              x31, x28, x28       x31=00000079 x28:0000000b x28:0000000b
26908481ns          462743 1c0094d0 02e50733 mul              x14, x10, x14       x14=fffff8c3 x10:ffffffef x14:0000006d
26908501ns          462744 1c0094d4 40a85813 srai             x16, x16, 0x40a     x16=ffffffff x16:ffffffa8
26908521ns          462745 1c0094d8 03c50533 mul              x10, x10, x28       x10=ffffff45 x10:ffffffef x28:0000000b
26908541ns          462746 1c0094dc 07015e03 lhu              x28, 112(x2)        x28=0000000d  x2:10002cd8  PA:10002d48
26908581ns          462748 1c0094e0 01b60633 add              x12, x12, x27       x12=000005a8 x12:0000006d x27:0000053b
26908601ns          462749 1c0094e2 00980833 add              x16, x16, x9        x16=0000fff3 x16:ffffffff  x9:0000fff4
26908621ns          462750 1c0094e4 06015d83 lhu              x27, 96(x2)         x27=00000031  x2:10002cd8  PA:10002d38
26908641ns          462751 1c0094e8 02812483 lw               x9, 40(x2)           x9=1c002eca  x2:10002cd8  PA:10002d00
26908660ns          462752 1c0094ea 40afdf93 srai             x31, x31, 0x40a     x31=00000000 x31:00000079
26908680ns          462753 1c0094ee 40a55513 srai             x10, x10, 0x40a     x10=ffffffff x10:ffffff45
26908700ns          462754 1c0094f0 01cf8fb3 add              x31, x31, x28       x31=0000000d x31:00000000 x28:0000000d
26908720ns          462755 1c0094f2 00b50533 add              x10, x10, x11       x10=0000ffea x10:ffffffff x11:0000ffeb
26908740ns          462756 1c0094f4 09015e03 lhu              x28, 144(x2)        x28=0000ffb8  x2:10002cd8  PA:10002d68
26908760ns          462757 1c0094f8 03012583 lw               x11, 48(x2)         x11=1c002eda  x2:10002cd8  PA:10002d08
26908780ns          462758 1c0094fa 00c49023 sh               x12, 0(x9)          x12:000005a8  x9:1c002eca  PA:1c002eca
26909138ns          462776 1c0094fe 01b888b3 add              x17, x17, x27       x17=00000032 x17:00000001 x27:00000031
26909158ns          462777 1c009500 01a30333 add              x6, x6, x26          x6=000000e7  x6:0000000b x26:000000dc
26909177ns          462778 1c009502 08015d83 lhu              x27, 128(x2)        x27=00000004  x2:10002cd8  PA:10002d58
26909197ns          462779 1c009506 0000d903 lhu              x18, 0(x1)          x18=0000ffc5  x1:1c002e8a  PA:1c002e8a
26909595ns          462799 1c00950a 01c686b3 add              x13, x13, x28       x13=0001ffb0 x13:0000fff8 x28:0000ffb8
26909615ns          462800 1c00950c 00659023 sh               x6, 0(x11)           x6:000000e7 x11:1c002eda  PA:1c002eda
26909933ns          462816 1c009510 40af5f13 srai             x30, x30, 0x40a     x30=00000000 x30:0000000b
26909953ns          462817 1c009514 04812e03 lw               x28, 72(x2)         x28=1c002f0a  x2:10002cd8  PA:10002d20
26909973ns          462818 1c009516 01bf0f33 add              x30, x30, x27       x30=00000004 x30:00000000 x27:00000004
26909993ns          462819 1c009518 40aede93 srai             x29, x29, 0x40a     x29=ffffffff x29:fffffc98
26910013ns          462820 1c00951c 40a75713 srai             x14, x14, 0x40a     x14=fffffffe x14:fffff8c3
26910033ns          462821 1c00951e 03812603 lw               x12, 56(x2)         x12=1c002eea  x2:10002cd8  PA:10002d10
26910053ns          462822 1c009520 04012d83 lw               x27, 64(x2)         x27=1c002efa  x2:10002cd8  PA:10002d18
26910072ns          462823 1c009522 01ee1023 sh               x30, 0(x28)         x30:00000004 x28:1c002f0a  PA:1c002f0a
26910391ns          462839 1c009526 05812483 lw               x9, 88(x2)           x9=1c002e6a  x2:10002cd8  PA:10002d30
26910411ns          462840 1c009528 05012f03 lw               x30, 80(x2)         x30=1c002e7a  x2:10002cd8  PA:10002d28
26910430ns          462841 1c00952a 0a012583 lw               x11, 160(x2)        x11=1c002e9a  x2:10002cd8  PA:10002d78
26910450ns          462842 1c00952c 014787b3 add              x15, x15, x20       x15=0001fedc x15:0000ffef x20:0000feed
26910470ns          462843 1c00952e 013e8eb3 add              x29, x29, x19       x29=0000ffe8 x29:ffffffff x19:0000ffe9
26910490ns          462844 1c009530 01270733 add              x14, x14, x18       x14=0000ffc3 x14:fffffffe x18:0000ffc5
26910510ns          462845 1c009532 00f49023 sh               x15, 0(x9)          x15:0001fedc  x9:1c002e6a  PA:1c002e6a
26910828ns          462861 1c009536 01161023 sh               x17, 0(x12)         x17:00000032 x12:1c002eea  PA:1c002eea
26911166ns          462878 1c00953a 01fd9023 sh               x31, 0(x27)         x31:0000000d x27:1c002efa  PA:1c002efa
26911484ns          462894 1c00953e 00df1023 sh               x13, 0(x30)         x13:0001ffb0 x30:1c002e7a  PA:1c002e7a
26911803ns          462910 1c009542 01d59023 sh               x29, 0(x11)         x29:0000ffe8 x11:1c002e9a  PA:1c002e9a
26912141ns          462927 1c009546 00e09023 sh               x14, 0(x1)          x14:0000ffc3  x1:1c002e8a  PA:1c002e8a
26912459ns          462943 1c00954a 01039023 sh               x16, 0(x7)          x16:0000fff3  x7:1c002eba  PA:1c002eba
26912777ns          462959 1c00954e 00a29023 sh               x10, 0(x5)          x10:0000ffea  x5:1c002eaa  PA:1c002eaa
26913095ns          462975 1c009552 008b0b13 addi             x22, x22, 8         x22=00000085 x22:0000007d
26913115ns          462976 1c009554 1f300793 addi             x15, x0, 499        x15=000001f3
26913135ns          462977 1c009558 e767dae3 bge              x15, x22, -396      x15:000001f3 x22:00000085
26913235ns          462982 1c0093cc 010c9a0b p.lh             x20, 16(x25!)       x20=ffffffdd x25=1c0027a2 x25:1c002792  PA:1c002792
26913553ns          462998 1c0093d0 0104198b p.lh             x19, 16(x8!)        x19=000000b6  x8=1c001f6a  x8:1c001f5a  PA:1c001f5a
26913851ns          463013 1c0093d4 2cc10513 addi             x10, x2, 716        x10=10002fa4  x2:10002cd8
26913871ns          463014 1c0093d6 010a990b p.lh             x18, 16(x21!)       x18=ffffffde x21=1c001796 x21:1c001786  PA:1c001786
26914169ns          463029 1c0093da 010b948b p.lh             x9, 16(x23!)         x9=000000b8 x23=1c000fc6 x23:1c000fb6  PA:1c000fb6
26914468ns          463044 1c0093de 2d411623 sh               x20, 716(x2)        x20:ffffffdd  x2:10002cd8  PA:10002fa4
26914488ns          463045 1c0093e2 2d311723 sh               x19, 718(x2)        x19:000000b6  x2:10002cd8  PA:10002fa6
26914507ns          463046 1c0093e6 c33ff0ef jal              x1, -974             x1=1c0093e8
26914587ns          463050 1c009018 00051803 lh               x16, 0(x10)         x16=ffffffdd x10:10002fa4  PA:10002fa4
26914647ns          463053 1c00901c 00251883 lh               x17, 2(x10)         x17=000000b6 x10:10002fa4  PA:10002fa6
26914686ns          463055 1c009020 030806b3 mul              x13, x16, x16       x13=000004c9 x16:ffffffdd x16:ffffffdd
26914726ns          463057 1c009024 03188633 mul              x12, x17, x17       x12=00008164 x17:000000b6 x17:000000b6
26914746ns          463058 1c009028 40a65613 srai             x12, x12, 0x40a     x12=00000020 x12:00008164
26914766ns          463059 1c00902a 40a6d693 srai             x13, x13, 0x40a     x13=00000001 x13:000004c9
26914786ns          463060 1c00902c 00c686b3 add              x13, x13, x12       x13=00000021 x13:00000001 x12:00000020
26914806ns          463061 1c00902e 1006c633 p.exths          x12, x13, x0        x12=00000021 x13:00000021
26914826ns          463062 1c009032 00855703 lhu              x14, 8(x10)         x14=0000ffd1 x10:10002fa4  PA:10002fac
26914846ns          463063 1c009036 00a55683 lhu              x13, 10(x10)        x13=0000ff6a x10:10002fa4  PA:10002fae
26914865ns          463064 1c00903a 02c60333 mul              x6, x12, x12         x6=00000441 x12:00000021 x12:00000021
26914885ns          463065 1c00903e 00c55783 lhu              x15, 12(x10)        x15=0000ffe5 x10:10002fa4  PA:10002fb0
26914905ns          463066 1c009042 00e55583 lhu              x11, 14(x10)        x11=00000060 x10:10002fa4  PA:10002fb2
26914925ns          463067 1c009046 dea30333 p.extract        x6, x6, 15, 10       x6=00000001  x6:00000441
26914945ns          463068 1c00904a 80c7075b p.muls           x14, x14, x12       x14=fffff9f1 x14:0000ffd1 x12:00000021
26914965ns          463069 1c00904e 80c686db p.muls           x13, x13, x12       x13=ffffecaa x13:0000ff6a x12:00000021
26914985ns          463070 1c009052 00455e83 lhu              x29, 4(x10)         x29=00000427 x10:10002fa4  PA:10002fa8
26915005ns          463071 1c009056 00655e03 lhu              x28, 6(x10)         x28=0000007f x10:10002fa4  PA:10002faa
26915025ns          463072 1c00905a 40a75713 srai             x14, x14, 0x40a     x14=fffffffe x14:fffff9f1
26915044ns          463073 1c00905c 806787db p.muls           x15, x15, x6        x15=ffffffe5 x15:0000ffe5  x6:00000001
26915064ns          463074 1c009060 40a6d693 srai             x13, x13, 0x40a     x13=fffffffb x13:ffffecaa
26915104ns          463076 1c009062 8065865b p.muls           x12, x11, x6        x12=00000060 x11:00000060  x6:00000001
26915124ns          463077 1c009066 40a7d793 srai             x15, x15, 0x40a     x15=ffffffff x15:ffffffe5
26915144ns          463078 1c009068 40a65613 srai             x12, x12, 0x40a     x12=00000000 x12:00000060
26915164ns          463079 1c00906a 01d70733 add              x14, x14, x29       x14=00000425 x14:fffffffe x29:00000427
26915184ns          463080 1c00906c 01c686b3 add              x13, x13, x28       x13=0000007a x13:fffffffb x28:0000007f
26915204ns          463081 1c00906e 00c686b3 add              x13, x13, x12       x13=0000007a x13:0000007a x12:00000000
26915223ns          463082 1c009070 00f70733 add              x14, x14, x15       x14=00000424 x14:00000425 x15:ffffffff
26915243ns          463083 1c009072 100747b3 p.exths          x15, x14, x0        x15=00000424 x14:00000424
26915263ns          463084 1c009076 1006c733 p.exths          x14, x13, x0        x14=0000007a x13:0000007a
26915283ns          463085 1c00907a 03170633 mul              x12, x14, x17       x12=000056bc x14:0000007a x17:000000b6
26915303ns          463086 1c00907e 030786b3 mul              x13, x15, x16       x13=ffff6f14 x15:00000424 x16:ffffffdd
26915323ns          463087 1c009082 03070733 mul              x14, x14, x16       x14=ffffef52 x14:0000007a x16:ffffffdd
26915343ns          463088 1c009086 031787b3 mul              x15, x15, x17       x15=0002f198 x15:00000424 x17:000000b6
26915363ns          463089 1c00908a 40a6d693 srai             x13, x13, 0x40a     x13=ffffffdb x13:ffff6f14
26915383ns          463090 1c00908c 40a65613 srai             x12, x12, 0x40a     x12=00000015 x12:000056bc
26915402ns          463091 1c00908e 40a7d793 srai             x15, x15, 0x40a     x15=000000bc x15:0002f198
26915422ns          463092 1c009090 40a75713 srai             x14, x14, 0x40a     x14=fffffffb x14:ffffef52
26915442ns          463093 1c009092 40c686b3 sub              x13, x13, x12       x13=ffffffc6 x13:ffffffdb x12:00000015
26915462ns          463094 1c009094 00e787b3 add              x15, x15, x14       x15=000000b7 x15:000000bc x14:fffffffb
26915482ns          463095 1c009096 00d51823 sh               x13, 16(x10)        x13:ffffffc6 x10:10002fa4  PA:10002fb4
26915502ns          463096 1c00909a 00f51923 sh               x15, 18(x10)        x15:000000b7 x10:10002fa4  PA:10002fb6
26915522ns          463097 1c00909e 00008067 jalr             x0, x1, 0            x1:1c0093e8
26915601ns          463101 1c0093e8 2dc15583 lhu              x11, 732(x2)        x11=0000ffc6  x2:10002cd8  PA:10002fb4
26915641ns          463103 1c0093ec 2de15783 lhu              x15, 734(x2)        x15=000000b7  x2:10002cd8  PA:10002fb6
26915681ns          463105 1c0093f0 40b90933 sub              x18, x18, x11       x18=ffff0018 x18:ffffffde x11:0000ffc6
26915701ns          463106 1c0093f4 40f484b3 sub              x9, x9, x15          x9=00000001  x9:000000b8 x15:000000b7
26915721ns          463107 1c0093f6 100945b3 p.exths          x11, x18, x0        x11=00000018 x18:ffff0018
26915741ns          463108 1c0093fa 1004c7b3 p.exths          x15, x9, x0         x15=00000001  x9:00000001
26915760ns          463109 1c0093fe 034586b3 mul              x13, x11, x20       x13=fffffcb8 x11:00000018 x20:ffffffdd
26915780ns          463110 1c009402 03378533 mul              x10, x15, x19       x10=000000b6 x15:00000001 x19:000000b6
26915800ns          463111 1c009406 034a0633 mul              x12, x20, x20       x12=000004c9 x20:ffffffdd x20:ffffffdd
26915820ns          463112 1c00940a 03398733 mul              x14, x19, x19       x14=00008164 x19:000000b6 x19:000000b6
26915880ns          463115 1c00940e 034787b3 mul              x15, x15, x20       x15=ffffffdd x15:00000001 x20:ffffffdd
26915920ns          463117 1c009412 033585b3 mul              x11, x11, x19       x11=00001110 x11:00000018 x19:000000b6
26915939ns          463118 1c009416 40a75713 srai             x14, x14, 0x40a     x14=00000020 x14:00008164
26915959ns          463119 1c009418 40a5d593 srai             x11, x11, 0x40a     x11=00000004 x11:00001110
26915979ns          463120 1c00941a 40a65613 srai             x12, x12, 0x40a     x12=00000001 x12:000004c9
26915999ns          463121 1c00941c 40a7d793 srai             x15, x15, 0x40a     x15=ffffffff x15:ffffffdd
26916019ns          463122 1c00941e 1c0034b7 lui              x9, 0x1c003000       x9=1c003000
26916039ns          463123 1c009422 00e60633 add              x12, x12, x14       x12=00000021 x12:00000001 x14:00000020
26916059ns          463124 1c009424 40b787b3 sub              x15, x15, x11       x15=fffffffb x15:ffffffff x11:00000004
26916079ns          463125 1c009426 eb048493 addi             x9, x9, -336         x9=1c002eb0  x9:1c003000
26916099ns          463126 1c00942a 1c0032b7 lui              x5, 0x1c003000       x5=1c003000
26916118ns          463127 1c00942e 1c0035b7 lui              x11, 0x1c003000     x11=1c003000
26916138ns          463128 1c009432 018483b3 add              x7, x9, x24          x7=1c002eba  x9:1c002eb0 x24:0000000a
26916158ns          463129 1c009436 02812e83 lw               x29, 40(x2)         x29=1c002eca  x2:10002cd8  PA:10002d00
26916178ns          463130 1c009438 10065633 p.exthz          x12, x12, x0        x12=00000021 x12:00000021
26916198ns          463131 1c00943c e8028293 addi             x5, x5, -384         x5=1c002e80  x5:1c003000
26916218ns          463132 1c009440 ea058593 addi             x11, x11, -352      x11=1c002ea0 x11:1c003000
26916238ns          463133 1c009444 03812483 lw               x9, 56(x2)           x9=1c002eea  x2:10002cd8  PA:10002d10
26916258ns          463134 1c009446 10064733 p.exths          x14, x12, x0        x14=00000021 x12:00000021
26916278ns          463135 1c00944a 018280b3 add              x1, x5, x24          x1=1c002e8a  x5:1c002e80 x24:0000000a
26916297ns          463136 1c00944e 03012f03 lw               x30, 48(x2)         x30=1c002eda  x2:10002cd8  PA:10002d08
26916317ns          463137 1c009450 018582b3 add              x5, x11, x24         x5=1c002eaa x11:1c002ea0 x24:0000000a
26916337ns          463138 1c009454 04012583 lw               x11, 64(x2)         x11=1c002efa  x2:10002cd8  PA:10002d18
26916357ns          463139 1c009456 000edd83 lhu              x27, 0(x29)         x27=000005a8 x29:1c002eca  PA:1c002eca
26916675ns          463155 1c00945a 0004d483 lhu              x9, 0(x9)            x9=00000032  x9:1c002eea  PA:1c002eea
26916993ns          463171 1c00945e 02e70333 mul              x6, x14, x14         x6=00000441 x14:00000021 x14:00000021
26917013ns          463172 1c009462 40a55513 srai             x10, x10, 0x40a     x10=00000000 x10:000000b6
26917033ns          463173 1c009464 04812e83 lw               x29, 72(x2)         x29=1c002f0a  x2:10002cd8  PA:10002d20
26917053ns          463174 1c009466 40a6d693 srai             x13, x13, 0x40a     x13=ffffffff x13:fffffcb8
26917073ns          463175 1c009468 000f5d03 lhu              x26, 0(x30)         x26=000000e7 x30:1c002eda  PA:1c002eda
26917391ns          463191 1c00946c 0005d583 lhu              x11, 0(x11)         x11=0000000d x11:1c002efa  PA:1c002efa
26917709ns          463207 1c009470 40a35313 srai             x6, x6, 0x40a        x6=00000001  x6:00000441
26917729ns          463208 1c009474 00a686b3 add              x13, x13, x10       x13=ffffffff x13:ffffffff x10:00000000
26917749ns          463209 1c009476 05012f03 lw               x30, 80(x2)         x30=1c002e7a  x2:10002cd8  PA:10002d28
26917769ns          463210 1c009478 10034e33 p.exths          x28, x6, x0         x28=00000001  x6:00000001
26917789ns          463211 1c00947c 06911023 sh               x9, 96(x2)           x9:00000032  x2:10002cd8  PA:10002d38
26917809ns          463212 1c009480 000ede83 lhu              x29, 0(x29)         x29=00000004 x29:1c002f0a  PA:1c002f0a
26918147ns          463229 1c009484 05812483 lw               x9, 88(x2)           x9=1c002e6a  x2:10002cd8  PA:10002d30
26918167ns          463230 1c009486 1006d6b3 p.exthz          x13, x13, x0        x13=0000ffff x13:ffffffff
26918187ns          463231 1c00948a 02ee08b3 mul              x17, x28, x14       x17=00000021 x28:00000001 x14:00000021
26918207ns          463232 1c00948e 1006c833 p.exths          x16, x13, x0        x16=ffffffff x13:0000ffff
26918227ns          463233 1c009492 06b11823 sh               x11, 112(x2)        x11:0000000d  x2:10002cd8  PA:10002d48
26918246ns          463234 1c009496 000f5f03 lhu              x30, 0(x30)         x30=0000ffb0 x30:1c002e7a  PA:1c002e7a
26918565ns          463250 1c00949a 0a012583 lw               x11, 160(x2)        x11=1c002e9a  x2:10002cd8  PA:10002d78
26918585ns          463251 1c00949c 1007d7b3 p.exthz          x15, x15, x0        x15=0000fffb x15:fffffffb
26918604ns          463252 1c0094a0 0004da03 lhu              x20, 0(x9)          x20=0000fedc  x9:1c002e6a  PA:1c002e6a
26918942ns          463269 1c0094a4 1007c533 p.exths          x10, x15, x0        x10=fffffffb x15:0000fffb
26918962ns          463270 1c0094a8 09d11023 sh               x29, 128(x2)        x29:00000004  x2:10002cd8  PA:10002d58
26918982ns          463271 1c0094ac 0003d483 lhu              x9, 0(x7)            x9=0000fff3  x7:1c002eba  PA:1c002eba
26919281ns          463286 1c0094b0 02e80eb3 mul              x29, x16, x14       x29=ffffffdf x16:ffffffff x14:00000021
26919300ns          463287 1c0094b4 40a8d893 srai             x17, x17, 0x40a     x17=00000000 x17:00000021
26919320ns          463288 1c0094b8 03c80833 mul              x16, x16, x28       x16=ffffffff x16:ffffffff x28:00000001
26919340ns          463289 1c0094bc 09e11823 sh               x30, 144(x2)        x30:0000ffb0  x2:10002cd8  PA:10002d68
26919360ns          463290 1c0094c0 0005d983 lhu              x19, 0(x11)         x19=0000ffe8 x11:1c002e9a  PA:1c002e9a
26919698ns          463307 1c0094c4 81c88f5b p.muls           x30, x17, x28       x30=00000000 x17:00000000 x28:00000001
26919718ns          463308 1c0094c8 0002d583 lhu              x11, 0(x5)          x11=0000ffea  x5:1c002eaa  PA:1c002eaa
26920136ns          463329 1c0094cc 03ce0fb3 mul              x31, x28, x28       x31=00000001 x28:00000001 x28:00000001
26920156ns          463330 1c0094d0 02e50733 mul              x14, x10, x14       x14=ffffff5b x10:fffffffb x14:00000021
26920176ns          463331 1c0094d4 40a85813 srai             x16, x16, 0x40a     x16=ffffffff x16:ffffffff
26920195ns          463332 1c0094d8 03c50533 mul              x10, x10, x28       x10=fffffffb x10:fffffffb x28:00000001
26920215ns          463333 1c0094dc 07015e03 lhu              x28, 112(x2)        x28=0000000d  x2:10002cd8  PA:10002d48
26920235ns          463334 1c0094e0 01b60633 add              x12, x12, x27       x12=000005c9 x12:00000021 x27:000005a8
26920255ns          463335 1c0094e2 00980833 add              x16, x16, x9        x16=0000fff2 x16:ffffffff  x9:0000fff3
26920275ns          463336 1c0094e4 06015d83 lhu              x27, 96(x2)         x27=00000032  x2:10002cd8  PA:10002d38
26920295ns          463337 1c0094e8 02812483 lw               x9, 40(x2)           x9=1c002eca  x2:10002cd8  PA:10002d00
26920315ns          463338 1c0094ea 40afdf93 srai             x31, x31, 0x40a     x31=00000000 x31:00000001
26920335ns          463339 1c0094ee 40a55513 srai             x10, x10, 0x40a     x10=ffffffff x10:fffffffb
26920355ns          463340 1c0094f0 01cf8fb3 add              x31, x31, x28       x31=0000000d x31:00000000 x28:0000000d
26920374ns          463341 1c0094f2 00b50533 add              x10, x10, x11       x10=0000ffe9 x10:ffffffff x11:0000ffea
26920394ns          463342 1c0094f4 09015e03 lhu              x28, 144(x2)        x28=0000ffb0  x2:10002cd8  PA:10002d68
26920434ns          463344 1c0094f8 03012583 lw               x11, 48(x2)         x11=1c002eda  x2:10002cd8  PA:10002d08
26920454ns          463345 1c0094fa 00c49023 sh               x12, 0(x9)          x12:000005c9  x9:1c002eca  PA:1c002eca
26920772ns          463361 1c0094fe 01b888b3 add              x17, x17, x27       x17=00000032 x17:00000000 x27:00000032
26920792ns          463362 1c009500 01a30333 add              x6, x6, x26          x6=000000e8  x6:00000001 x26:000000e7
26920812ns          463363 1c009502 08015d83 lhu              x27, 128(x2)        x27=00000004  x2:10002cd8  PA:10002d58
26920832ns          463364 1c009506 0000d903 lhu              x18, 0(x1)          x18=0000ffc3  x1:1c002e8a  PA:1c002e8a
26921190ns          463382 1c00950a 01c686b3 add              x13, x13, x28       x13=0001ffaf x13:0000ffff x28:0000ffb0
26921210ns          463383 1c00950c 00659023 sh               x6, 0(x11)           x6:000000e8 x11:1c002eda  PA:1c002eda
26921528ns          463399 1c009510 40af5f13 srai             x30, x30, 0x40a     x30=00000000 x30:00000000
26921548ns          463400 1c009514 04812e03 lw               x28, 72(x2)         x28=1c002f0a  x2:10002cd8  PA:10002d20
26921568ns          463401 1c009516 01bf0f33 add              x30, x30, x27       x30=00000004 x30:00000000 x27:00000004
26921588ns          463402 1c009518 40aede93 srai             x29, x29, 0x40a     x29=ffffffff x29:ffffffdf
26921607ns          463403 1c00951c 40a75713 srai             x14, x14, 0x40a     x14=ffffffff x14:ffffff5b
26921627ns          463404 1c00951e 03812603 lw               x12, 56(x2)         x12=1c002eea  x2:10002cd8  PA:10002d10
26921647ns          463405 1c009520 04012d83 lw               x27, 64(x2)         x27=1c002efa  x2:10002cd8  PA:10002d18
26921667ns          463406 1c009522 01ee1023 sh               x30, 0(x28)         x30:00000004 x28:1c002f0a  PA:1c002f0a
26921985ns          463422 1c009526 05812483 lw               x9, 88(x2)           x9=1c002e6a  x2:10002cd8  PA:10002d30
26922005ns          463423 1c009528 05012f03 lw               x30, 80(x2)         x30=1c002e7a  x2:10002cd8  PA:10002d28
26922025ns          463424 1c00952a 0a012583 lw               x11, 160(x2)        x11=1c002e9a  x2:10002cd8  PA:10002d78
26922045ns          463425 1c00952c 014787b3 add              x15, x15, x20       x15=0001fed7 x15:0000fffb x20:0000fedc
26922065ns          463426 1c00952e 013e8eb3 add              x29, x29, x19       x29=0000ffe7 x29:ffffffff x19:0000ffe8
26922085ns          463427 1c009530 01270733 add              x14, x14, x18       x14=0000ffc2 x14:ffffffff x18:0000ffc3
26922105ns          463428 1c009532 00f49023 sh               x15, 0(x9)          x15:0001fed7  x9:1c002e6a  PA:1c002e6a
26922423ns          463444 1c009536 01161023 sh               x17, 0(x12)         x17:00000032 x12:1c002eea  PA:1c002eea
26922741ns          463460 1c00953a 01fd9023 sh               x31, 0(x27)         x31:0000000d x27:1c002efa  PA:1c002efa
26923059ns          463476 1c00953e 00df1023 sh               x13, 0(x30)         x13:0001ffaf x30:1c002e7a  PA:1c002e7a
26923378ns          463492 1c009542 01d59023 sh               x29, 0(x11)         x29:0000ffe7 x11:1c002e9a  PA:1c002e9a
26923716ns          463509 1c009546 00e09023 sh               x14, 0(x1)          x14:0000ffc2  x1:1c002e8a  PA:1c002e8a
26924054ns          463526 1c00954a 01039023 sh               x16, 0(x7)          x16:0000fff2  x7:1c002eba  PA:1c002eba
26924372ns          463542 1c00954e 00a29023 sh               x10, 0(x5)          x10:0000ffe9  x5:1c002eaa  PA:1c002eaa
26924690ns          463558 1c009552 008b0b13 addi             x22, x22, 8         x22=0000008d x22:00000085
26924710ns          463559 1c009554 1f300793 addi             x15, x0, 499        x15=000001f3
26924730ns          463560 1c009558 e767dae3 bge              x15, x22, -396      x15:000001f3 x22:0000008d
26924829ns          463565 1c0093cc 010c9a0b p.lh             x20, 16(x25!)       x20=0000010b x25=1c0027b2 x25:1c0027a2  PA:1c0027a2
26925128ns          463580 1c0093d0 0104198b p.lh             x19, 16(x8!)        x19=0000000b  x8=1c001f7a  x8:1c001f6a  PA:1c001f6a
26925426ns          463595 1c0093d4 2cc10513 addi             x10, x2, 716        x10=10002fa4  x2:10002cd8
26925446ns          463596 1c0093d6 010a990b p.lh             x18, 16(x21!)       x18=00000110 x21=1c0017a6 x21:1c001796  PA:1c001796
26925744ns          463611 1c0093da 010b948b p.lh             x9, 16(x23!)         x9=00000006 x23=1c000fd6 x23:1c000fc6  PA:1c000fc6
26926082ns          463628 1c0093de 2d411623 sh               x20, 716(x2)        x20:0000010b  x2:10002cd8  PA:10002fa4
26926102ns          463629 1c0093e2 2d311723 sh               x19, 718(x2)        x19:0000000b  x2:10002cd8  PA:10002fa6
26926122ns          463630 1c0093e6 c33ff0ef jal              x1, -974             x1=1c0093e8
26926202ns          463634 1c009018 00051803 lh               x16, 0(x10)         x16=0000010b x10:10002fa4  PA:10002fa4
26926241ns          463636 1c00901c 00251883 lh               x17, 2(x10)         x17=0000000b x10:10002fa4  PA:10002fa6
26926301ns          463639 1c009020 030806b3 mul              x13, x16, x16       x13=00011679 x16:0000010b x16:0000010b
26926321ns          463640 1c009024 03188633 mul              x12, x17, x17       x12=00000079 x17:0000000b x17:0000000b
26926341ns          463641 1c009028 40a65613 srai             x12, x12, 0x40a     x12=00000000 x12:00000079
26926361ns          463642 1c00902a 40a6d693 srai             x13, x13, 0x40a     x13=00000045 x13:00011679
26926381ns          463643 1c00902c 00c686b3 add              x13, x13, x12       x13=00000045 x13:00000045 x12:00000000
26926400ns          463644 1c00902e 1006c633 p.exths          x12, x13, x0        x12=00000045 x13:00000045
26926420ns          463645 1c009032 00855703 lhu              x14, 8(x10)         x14=0000ffd1 x10:10002fa4  PA:10002fac
26926440ns          463646 1c009036 00a55683 lhu              x13, 10(x10)        x13=0000ff6a x10:10002fa4  PA:10002fae
26926460ns          463647 1c00903a 02c60333 mul              x6, x12, x12         x6=00001299 x12:00000045 x12:00000045
26926480ns          463648 1c00903e 00c55783 lhu              x15, 12(x10)        x15=0000ffe5 x10:10002fa4  PA:10002fb0
26926500ns          463649 1c009042 00e55583 lhu              x11, 14(x10)        x11=00000060 x10:10002fa4  PA:10002fb2
26926520ns          463650 1c009046 dea30333 p.extract        x6, x6, 15, 10       x6=00000004  x6:00001299
26926540ns          463651 1c00904a 80c7075b p.muls           x14, x14, x12       x14=fffff355 x14:0000ffd1 x12:00000045
26926599ns          463654 1c00904e 80c686db p.muls           x13, x13, x12       x13=ffffd792 x13:0000ff6a x12:00000045
26926639ns          463656 1c009052 00455e83 lhu              x29, 4(x10)         x29=00000427 x10:10002fa4  PA:10002fa8
26926659ns          463657 1c009056 00655e03 lhu              x28, 6(x10)         x28=0000007f x10:10002fa4  PA:10002faa
26926679ns          463658 1c00905a 40a75713 srai             x14, x14, 0x40a     x14=fffffffc x14:fffff355
26926699ns          463659 1c00905c 806787db p.muls           x15, x15, x6        x15=ffffff94 x15:0000ffe5  x6:00000004
26926719ns          463660 1c009060 40a6d693 srai             x13, x13, 0x40a     x13=fffffff5 x13:ffffd792
26926739ns          463661 1c009062 8065865b p.muls           x12, x11, x6        x12=00000180 x11:00000060  x6:00000004
26926758ns          463662 1c009066 40a7d793 srai             x15, x15, 0x40a     x15=ffffffff x15:ffffff94
26926778ns          463663 1c009068 40a65613 srai             x12, x12, 0x40a     x12=00000000 x12:00000180
26926798ns          463664 1c00906a 01d70733 add              x14, x14, x29       x14=00000423 x14:fffffffc x29:00000427
26926818ns          463665 1c00906c 01c686b3 add              x13, x13, x28       x13=00000074 x13:fffffff5 x28:0000007f
26926838ns          463666 1c00906e 00c686b3 add              x13, x13, x12       x13=00000074 x13:00000074 x12:00000000
26926858ns          463667 1c009070 00f70733 add              x14, x14, x15       x14=00000422 x14:00000423 x15:ffffffff
26926878ns          463668 1c009072 100747b3 p.exths          x15, x14, x0        x15=00000422 x14:00000422
26926898ns          463669 1c009076 1006c733 p.exths          x14, x13, x0        x14=00000074 x13:00000074
26926918ns          463670 1c00907a 03170633 mul              x12, x14, x17       x12=000004fc x14:00000074 x17:0000000b
26926937ns          463671 1c00907e 030786b3 mul              x13, x15, x16       x13=00044f76 x15:00000422 x16:0000010b
26926957ns          463672 1c009082 03070733 mul              x14, x14, x16       x14=000078fc x14:00000074 x16:0000010b
26926977ns          463673 1c009086 031787b3 mul              x15, x15, x17       x15=00002d76 x15:00000422 x17:0000000b
26926997ns          463674 1c00908a 40a6d693 srai             x13, x13, 0x40a     x13=00000113 x13:00044f76
26927017ns          463675 1c00908c 40a65613 srai             x12, x12, 0x40a     x12=00000001 x12:000004fc
26927037ns          463676 1c00908e 40a7d793 srai             x15, x15, 0x40a     x15=0000000b x15:00002d76
26927057ns          463677 1c009090 40a75713 srai             x14, x14, 0x40a     x14=0000001e x14:000078fc
26927077ns          463678 1c009092 40c686b3 sub              x13, x13, x12       x13=00000112 x13:00000113 x12:00000001
26927097ns          463679 1c009094 00e787b3 add              x15, x15, x14       x15=00000029 x15:0000000b x14:0000001e
26927116ns          463680 1c009096 00d51823 sh               x13, 16(x10)        x13:00000112 x10:10002fa4  PA:10002fb4
26927136ns          463681 1c00909a 00f51923 sh               x15, 18(x10)        x15:00000029 x10:10002fa4  PA:10002fb6
26927156ns          463682 1c00909e 00008067 jalr             x0, x1, 0            x1:1c0093e8
26927216ns          463685 1c0093e8 2dc15583 lhu              x11, 732(x2)        x11=00000112  x2:10002cd8  PA:10002fb4
26927236ns          463686 1c0093ec 2de15783 lhu              x15, 734(x2)        x15=00000029  x2:10002cd8  PA:10002fb6
26927256ns          463687 1c0093f0 40b90933 sub              x18, x18, x11       x18=fffffffe x18:00000110 x11:00000112
26927276ns          463688 1c0093f4 40f484b3 sub              x9, x9, x15          x9=ffffffdd  x9:00000006 x15:00000029
26927295ns          463689 1c0093f6 100945b3 p.exths          x11, x18, x0        x11=fffffffe x18:fffffffe
26927315ns          463690 1c0093fa 1004c7b3 p.exths          x15, x9, x0         x15=ffffffdd  x9:ffffffdd
26927335ns          463691 1c0093fe 034586b3 mul              x13, x11, x20       x13=fffffdea x11:fffffffe x20:0000010b
26927355ns          463692 1c009402 03378533 mul              x10, x15, x19       x10=fffffe7f x15:ffffffdd x19:0000000b
26927375ns          463693 1c009406 034a0633 mul              x12, x20, x20       x12=00011679 x20:0000010b x20:0000010b
26927395ns          463694 1c00940a 03398733 mul              x14, x19, x19       x14=00000079 x19:0000000b x19:0000000b
26927474ns          463698 1c00940e 034787b3 mul              x15, x15, x20       x15=ffffdb7f x15:ffffffdd x20:0000010b
26927514ns          463700 1c009412 033585b3 mul              x11, x11, x19       x11=ffffffea x11:fffffffe x19:0000000b
26927534ns          463701 1c009416 40a75713 srai             x14, x14, 0x40a     x14=00000000 x14:00000079
26927554ns          463702 1c009418 40a5d593 srai             x11, x11, 0x40a     x11=ffffffff x11:ffffffea
26927574ns          463703 1c00941a 40a65613 srai             x12, x12, 0x40a     x12=00000045 x12:00011679
26927594ns          463704 1c00941c 40a7d793 srai             x15, x15, 0x40a     x15=fffffff6 x15:ffffdb7f
26927614ns          463705 1c00941e 1c0034b7 lui              x9, 0x1c003000       x9=1c003000
26927634ns          463706 1c009422 00e60633 add              x12, x12, x14       x12=00000045 x12:00000045 x14:00000000
26927653ns          463707 1c009424 40b787b3 sub              x15, x15, x11       x15=fffffff7 x15:fffffff6 x11:ffffffff
26927673ns          463708 1c009426 eb048493 addi             x9, x9, -336         x9=1c002eb0  x9:1c003000
26927693ns          463709 1c00942a 1c0032b7 lui              x5, 0x1c003000       x5=1c003000
26927713ns          463710 1c00942e 1c0035b7 lui              x11, 0x1c003000     x11=1c003000
26927733ns          463711 1c009432 018483b3 add              x7, x9, x24          x7=1c002eba  x9:1c002eb0 x24:0000000a
26927753ns          463712 1c009436 02812e83 lw               x29, 40(x2)         x29=1c002eca  x2:10002cd8  PA:10002d00
26927773ns          463713 1c009438 10065633 p.exthz          x12, x12, x0        x12=00000045 x12:00000045
26927793ns          463714 1c00943c e8028293 addi             x5, x5, -384         x5=1c002e80  x5:1c003000
26927832ns          463716 1c009440 ea058593 addi             x11, x11, -352      x11=1c002ea0 x11:1c003000
26927872ns          463718 1c009444 03812483 lw               x9, 56(x2)           x9=1c002eea  x2:10002cd8  PA:10002d10
26927892ns          463719 1c009446 10064733 p.exths          x14, x12, x0        x14=00000045 x12:00000045
26927912ns          463720 1c00944a 018280b3 add              x1, x5, x24          x1=1c002e8a  x5:1c002e80 x24:0000000a
26927932ns          463721 1c00944e 03012f03 lw               x30, 48(x2)         x30=1c002eda  x2:10002cd8  PA:10002d08
26927972ns          463723 1c009450 018582b3 add              x5, x11, x24         x5=1c002eaa x11:1c002ea0 x24:0000000a
26928011ns          463725 1c009454 04012583 lw               x11, 64(x2)         x11=1c002efa  x2:10002cd8  PA:10002d18
26928031ns          463726 1c009456 000edd83 lhu              x27, 0(x29)         x27=000005c9 x29:1c002eca  PA:1c002eca
26928330ns          463741 1c00945a 0004d483 lhu              x9, 0(x9)            x9=00000032  x9:1c002eea  PA:1c002eea
26928668ns          463758 1c00945e 02e70333 mul              x6, x14, x14         x6=00001299 x14:00000045 x14:00000045
26928688ns          463759 1c009462 40a55513 srai             x10, x10, 0x40a     x10=ffffffff x10:fffffe7f
26928708ns          463760 1c009464 04812e83 lw               x29, 72(x2)         x29=1c002f0a  x2:10002cd8  PA:10002d20
26928727ns          463761 1c009466 40a6d693 srai             x13, x13, 0x40a     x13=ffffffff x13:fffffdea
26928747ns          463762 1c009468 000f5d03 lhu              x26, 0(x30)         x26=000000e8 x30:1c002eda  PA:1c002eda
26929046ns          463777 1c00946c 0005d583 lhu              x11, 0(x11)         x11=0000000d x11:1c002efa  PA:1c002efa
26929443ns          463797 1c009470 40a35313 srai             x6, x6, 0x40a        x6=00000004  x6:00001299
26929463ns          463798 1c009474 00a686b3 add              x13, x13, x10       x13=fffffffe x13:ffffffff x10:ffffffff
26929483ns          463799 1c009476 05012f03 lw               x30, 80(x2)         x30=1c002e7a  x2:10002cd8  PA:10002d28
26929503ns          463800 1c009478 10034e33 p.exths          x28, x6, x0         x28=00000004  x6:00000004
26929523ns          463801 1c00947c 06911023 sh               x9, 96(x2)           x9:00000032  x2:10002cd8  PA:10002d38
26929543ns          463802 1c009480 000ede83 lhu              x29, 0(x29)         x29=00000004 x29:1c002f0a  PA:1c002f0a
26929841ns          463817 1c009484 05812483 lw               x9, 88(x2)           x9=1c002e6a  x2:10002cd8  PA:10002d30
26929861ns          463818 1c009486 1006d6b3 p.exthz          x13, x13, x0        x13=0000fffe x13:fffffffe
26929881ns          463819 1c00948a 02ee08b3 mul              x17, x28, x14       x17=00000114 x28:00000004 x14:00000045
26929901ns          463820 1c00948e 1006c833 p.exths          x16, x13, x0        x16=fffffffe x13:0000fffe
26929921ns          463821 1c009492 06b11823 sh               x11, 112(x2)        x11:0000000d  x2:10002cd8  PA:10002d48
26929941ns          463822 1c009496 000f5f03 lhu              x30, 0(x30)         x30=0000ffaf x30:1c002e7a  PA:1c002e7a
26930239ns          463837 1c00949a 0a012583 lw               x11, 160(x2)        x11=1c002e9a  x2:10002cd8  PA:10002d78
26930259ns          463838 1c00949c 1007d7b3 p.exthz          x15, x15, x0        x15=0000fff7 x15:fffffff7
26930279ns          463839 1c0094a0 0004da03 lhu              x20, 0(x9)          x20=0000fed7  x9:1c002e6a  PA:1c002e6a
26930597ns          463855 1c0094a4 1007c533 p.exths          x10, x15, x0        x10=fffffff7 x15:0000fff7
26930617ns          463856 1c0094a8 09d11023 sh               x29, 128(x2)        x29:00000004  x2:10002cd8  PA:10002d58
26930637ns          463857 1c0094ac 0003d483 lhu              x9, 0(x7)            x9=0000fff2  x7:1c002eba  PA:1c002eba
26930935ns          463872 1c0094b0 02e80eb3 mul              x29, x16, x14       x29=ffffff76 x16:fffffffe x14:00000045
26930955ns          463873 1c0094b4 40a8d893 srai             x17, x17, 0x40a     x17=00000000 x17:00000114
26930975ns          463874 1c0094b8 03c80833 mul              x16, x16, x28       x16=fffffff8 x16:fffffffe x28:00000004
26930995ns          463875 1c0094bc 09e11823 sh               x30, 144(x2)        x30:0000ffaf  x2:10002cd8  PA:10002d68
26931015ns          463876 1c0094c0 0005d983 lhu              x19, 0(x11)         x19=0000ffe7 x11:1c002e9a  PA:1c002e9a
26931333ns          463892 1c0094c4 81c88f5b p.muls           x30, x17, x28       x30=00000000 x17:00000000 x28:00000004
26931353ns          463893 1c0094c8 0002d583 lhu              x11, 0(x5)          x11=0000ffe9  x5:1c002eaa  PA:1c002eaa
26931671ns          463909 1c0094cc 03ce0fb3 mul              x31, x28, x28       x31=00000010 x28:00000004 x28:00000004
26931691ns          463910 1c0094d0 02e50733 mul              x14, x10, x14       x14=fffffd93 x10:fffffff7 x14:00000045
26931711ns          463911 1c0094d4 40a85813 srai             x16, x16, 0x40a     x16=ffffffff x16:fffffff8
26931730ns          463912 1c0094d8 03c50533 mul              x10, x10, x28       x10=ffffffdc x10:fffffff7 x28:00000004
26931750ns          463913 1c0094dc 07015e03 lhu              x28, 112(x2)        x28=0000000d  x2:10002cd8  PA:10002d48
26931790ns          463915 1c0094e0 01b60633 add              x12, x12, x27       x12=0000060e x12:00000045 x27:000005c9
26931810ns          463916 1c0094e2 00980833 add              x16, x16, x9        x16=0000fff1 x16:ffffffff  x9:0000fff2
26931830ns          463917 1c0094e4 06015d83 lhu              x27, 96(x2)         x27=00000032  x2:10002cd8  PA:10002d38
26931850ns          463918 1c0094e8 02812483 lw               x9, 40(x2)           x9=1c002eca  x2:10002cd8  PA:10002d00
26931870ns          463919 1c0094ea 40afdf93 srai             x31, x31, 0x40a     x31=00000000 x31:00000010
26931890ns          463920 1c0094ee 40a55513 srai             x10, x10, 0x40a     x10=ffffffff x10:ffffffdc
26931909ns          463921 1c0094f0 01cf8fb3 add              x31, x31, x28       x31=0000000d x31:00000000 x28:0000000d
26931929ns          463922 1c0094f2 00b50533 add              x10, x10, x11       x10=0000ffe8 x10:ffffffff x11:0000ffe9
26931949ns          463923 1c0094f4 09015e03 lhu              x28, 144(x2)        x28=0000ffaf  x2:10002cd8  PA:10002d68
26931969ns          463924 1c0094f8 03012583 lw               x11, 48(x2)         x11=1c002eda  x2:10002cd8  PA:10002d08
26932009ns          463926 1c0094fa 00c49023 sh               x12, 0(x9)          x12:0000060e  x9:1c002eca  PA:1c002eca
26932327ns          463942 1c0094fe 01b888b3 add              x17, x17, x27       x17=00000032 x17:00000000 x27:00000032
26932347ns          463943 1c009500 01a30333 add              x6, x6, x26          x6=000000ec  x6:00000004 x26:000000e8
26932367ns          463944 1c009502 08015d83 lhu              x27, 128(x2)        x27=00000004  x2:10002cd8  PA:10002d58
26932387ns          463945 1c009506 0000d903 lhu              x18, 0(x1)          x18=0000ffc2  x1:1c002e8a  PA:1c002e8a
26932745ns          463963 1c00950a 01c686b3 add              x13, x13, x28       x13=0001ffad x13:0000fffe x28:0000ffaf
26932765ns          463964 1c00950c 00659023 sh               x6, 0(x11)           x6:000000ec x11:1c002eda  PA:1c002eda
26933103ns          463981 1c009510 40af5f13 srai             x30, x30, 0x40a     x30=00000000 x30:00000000
26933123ns          463982 1c009514 04812e03 lw               x28, 72(x2)         x28=1c002f0a  x2:10002cd8  PA:10002d20
26933143ns          463983 1c009516 01bf0f33 add              x30, x30, x27       x30=00000004 x30:00000000 x27:00000004
26933162ns          463984 1c009518 40aede93 srai             x29, x29, 0x40a     x29=ffffffff x29:ffffff76
26933182ns          463985 1c00951c 40a75713 srai             x14, x14, 0x40a     x14=ffffffff x14:fffffd93
26933202ns          463986 1c00951e 03812603 lw               x12, 56(x2)         x12=1c002eea  x2:10002cd8  PA:10002d10
26933222ns          463987 1c009520 04012d83 lw               x27, 64(x2)         x27=1c002efa  x2:10002cd8  PA:10002d18
26933242ns          463988 1c009522 01ee1023 sh               x30, 0(x28)         x30:00000004 x28:1c002f0a  PA:1c002f0a
26933560ns          464004 1c009526 05812483 lw               x9, 88(x2)           x9=1c002e6a  x2:10002cd8  PA:10002d30
26933580ns          464005 1c009528 05012f03 lw               x30, 80(x2)         x30=1c002e7a  x2:10002cd8  PA:10002d28
26933600ns          464006 1c00952a 0a012583 lw               x11, 160(x2)        x11=1c002e9a  x2:10002cd8  PA:10002d78
26933620ns          464007 1c00952c 014787b3 add              x15, x15, x20       x15=0001fece x15:0000fff7 x20:0000fed7
26933640ns          464008 1c00952e 013e8eb3 add              x29, x29, x19       x29=0000ffe6 x29:ffffffff x19:0000ffe7
26933660ns          464009 1c009530 01270733 add              x14, x14, x18       x14=0000ffc1 x14:ffffffff x18:0000ffc2
26933680ns          464010 1c009532 00f49023 sh               x15, 0(x9)          x15:0001fece  x9:1c002e6a  PA:1c002e6a
26933998ns          464026 1c009536 01161023 sh               x17, 0(x12)         x17:00000032 x12:1c002eea  PA:1c002eea
26934316ns          464042 1c00953a 01fd9023 sh               x31, 0(x27)         x31:0000000d x27:1c002efa  PA:1c002efa
26934634ns          464058 1c00953e 00df1023 sh               x13, 0(x30)         x13:0001ffad x30:1c002e7a  PA:1c002e7a
26934952ns          464074 1c009542 01d59023 sh               x29, 0(x11)         x29:0000ffe6 x11:1c002e9a  PA:1c002e9a
26935271ns          464090 1c009546 00e09023 sh               x14, 0(x1)          x14:0000ffc1  x1:1c002e8a  PA:1c002e8a
26935589ns          464106 1c00954a 01039023 sh               x16, 0(x7)          x16:0000fff1  x7:1c002eba  PA:1c002eba
26935927ns          464123 1c00954e 00a29023 sh               x10, 0(x5)          x10:0000ffe8  x5:1c002eaa  PA:1c002eaa
26936245ns          464139 1c009552 008b0b13 addi             x22, x22, 8         x22=00000095 x22:0000008d
26936265ns          464140 1c009554 1f300793 addi             x15, x0, 499        x15=000001f3
26936285ns          464141 1c009558 e767dae3 bge              x15, x22, -396      x15:000001f3 x22:00000095
26936344ns          464144 1c0093cc 010c9a0b p.lh             x20, 16(x25!)       x20=ffffffb7 x25=1c0027c2 x25:1c0027b2  PA:1c0027b2
26936663ns          464160 1c0093d0 0104198b p.lh             x19, 16(x8!)        x19=000000bf  x8=1c001f8a  x8:1c001f7a  PA:1c001f7a
26936961ns          464175 1c0093d4 2cc10513 addi             x10, x2, 716        x10=10002fa4  x2:10002cd8
26936981ns          464176 1c0093d6 010a990b p.lh             x18, 16(x21!)       x18=ffffffb1 x21=1c0017b6 x21:1c0017a6  PA:1c0017a6
26937279ns          464191 1c0093da 010b948b p.lh             x9, 16(x23!)         x9=000000c2 x23=1c000fe6 x23:1c000fd6  PA:1c000fd6
26937597ns          464207 1c0093de 2d411623 sh               x20, 716(x2)        x20:ffffffb7  x2:10002cd8  PA:10002fa4
26937617ns          464208 1c0093e2 2d311723 sh               x19, 718(x2)        x19:000000bf  x2:10002cd8  PA:10002fa6
26937637ns          464209 1c0093e6 c33ff0ef jal              x1, -974             x1=1c0093e8
26937717ns          464213 1c009018 00051803 lh               x16, 0(x10)         x16=ffffffb7 x10:10002fa4  PA:10002fa4
26937757ns          464215 1c00901c 00251883 lh               x17, 2(x10)         x17=000000bf x10:10002fa4  PA:10002fa6
26937776ns          464216 1c009020 030806b3 mul              x13, x16, x16       x13=000014d1 x16:ffffffb7 x16:ffffffb7
26937796ns          464217 1c009024 03188633 mul              x12, x17, x17       x12=00008e81 x17:000000bf x17:000000bf
26937816ns          464218 1c009028 40a65613 srai             x12, x12, 0x40a     x12=00000023 x12:00008e81
26937836ns          464219 1c00902a 40a6d693 srai             x13, x13, 0x40a     x13=00000005 x13:000014d1
26937856ns          464220 1c00902c 00c686b3 add              x13, x13, x12       x13=00000028 x13:00000005 x12:00000023
26937876ns          464221 1c00902e 1006c633 p.exths          x12, x13, x0        x12=00000028 x13:00000028
26937896ns          464222 1c009032 00855703 lhu              x14, 8(x10)         x14=0000ffd1 x10:10002fa4  PA:10002fac
26937916ns          464223 1c009036 00a55683 lhu              x13, 10(x10)        x13=0000ff6a x10:10002fa4  PA:10002fae
26937936ns          464224 1c00903a 02c60333 mul              x6, x12, x12         x6=00000640 x12:00000028 x12:00000028
26937955ns          464225 1c00903e 00c55783 lhu              x15, 12(x10)        x15=0000ffe5 x10:10002fa4  PA:10002fb0
26937975ns          464226 1c009042 00e55583 lhu              x11, 14(x10)        x11=00000060 x10:10002fa4  PA:10002fb2
26937995ns          464227 1c009046 dea30333 p.extract        x6, x6, 15, 10       x6=00000001  x6:00000640
26938015ns          464228 1c00904a 80c7075b p.muls           x14, x14, x12       x14=fffff8a8 x14:0000ffd1 x12:00000028
26938055ns          464230 1c00904e 80c686db p.muls           x13, x13, x12       x13=ffffe890 x13:0000ff6a x12:00000028
26938095ns          464232 1c009052 00455e83 lhu              x29, 4(x10)         x29=00000427 x10:10002fa4  PA:10002fa8
26938115ns          464233 1c009056 00655e03 lhu              x28, 6(x10)         x28=0000007f x10:10002fa4  PA:10002faa
26938134ns          464234 1c00905a 40a75713 srai             x14, x14, 0x40a     x14=fffffffe x14:fffff8a8
26938154ns          464235 1c00905c 806787db p.muls           x15, x15, x6        x15=ffffffe5 x15:0000ffe5  x6:00000001
26938174ns          464236 1c009060 40a6d693 srai             x13, x13, 0x40a     x13=fffffffa x13:ffffe890
26938194ns          464237 1c009062 8065865b p.muls           x12, x11, x6        x12=00000060 x11:00000060  x6:00000001
26938214ns          464238 1c009066 40a7d793 srai             x15, x15, 0x40a     x15=ffffffff x15:ffffffe5
26938234ns          464239 1c009068 40a65613 srai             x12, x12, 0x40a     x12=00000000 x12:00000060
26938254ns          464240 1c00906a 01d70733 add              x14, x14, x29       x14=00000425 x14:fffffffe x29:00000427
26938274ns          464241 1c00906c 01c686b3 add              x13, x13, x28       x13=00000079 x13:fffffffa x28:0000007f
26938294ns          464242 1c00906e 00c686b3 add              x13, x13, x12       x13=00000079 x13:00000079 x12:00000000
26938313ns          464243 1c009070 00f70733 add              x14, x14, x15       x14=00000424 x14:00000425 x15:ffffffff
26938333ns          464244 1c009072 100747b3 p.exths          x15, x14, x0        x15=00000424 x14:00000424
26938353ns          464245 1c009076 1006c733 p.exths          x14, x13, x0        x14=00000079 x13:00000079
26938373ns          464246 1c00907a 03170633 mul              x12, x14, x17       x12=00005a47 x14:00000079 x17:000000bf
26938393ns          464247 1c00907e 030786b3 mul              x13, x15, x16       x13=fffed1bc x15:00000424 x16:ffffffb7
26938413ns          464248 1c009082 03070733 mul              x14, x14, x16       x14=ffffdd7f x14:00000079 x16:ffffffb7
26938433ns          464249 1c009086 031787b3 mul              x15, x15, x17       x15=000316dc x15:00000424 x17:000000bf
26938453ns          464250 1c00908a 40a6d693 srai             x13, x13, 0x40a     x13=ffffffb4 x13:fffed1bc
26938473ns          464251 1c00908c 40a65613 srai             x12, x12, 0x40a     x12=00000016 x12:00005a47
26938492ns          464252 1c00908e 40a7d793 srai             x15, x15, 0x40a     x15=000000c5 x15:000316dc
26938512ns          464253 1c009090 40a75713 srai             x14, x14, 0x40a     x14=fffffff7 x14:ffffdd7f
26938532ns          464254 1c009092 40c686b3 sub              x13, x13, x12       x13=ffffff9e x13:ffffffb4 x12:00000016
26938552ns          464255 1c009094 00e787b3 add              x15, x15, x14       x15=000000bc x15:000000c5 x14:fffffff7
26938572ns          464256 1c009096 00d51823 sh               x13, 16(x10)        x13:ffffff9e x10:10002fa4  PA:10002fb4
26938592ns          464257 1c00909a 00f51923 sh               x15, 18(x10)        x15:000000bc x10:10002fa4  PA:10002fb6
26938612ns          464258 1c00909e 00008067 jalr             x0, x1, 0            x1:1c0093e8
26938671ns          464261 1c0093e8 2dc15583 lhu              x11, 732(x2)        x11=0000ff9e  x2:10002cd8  PA:10002fb4
26938691ns          464262 1c0093ec 2de15783 lhu              x15, 734(x2)        x15=000000bc  x2:10002cd8  PA:10002fb6
26938711ns          464263 1c0093f0 40b90933 sub              x18, x18, x11       x18=ffff0013 x18:ffffffb1 x11:0000ff9e
26938731ns          464264 1c0093f4 40f484b3 sub              x9, x9, x15          x9=00000006  x9:000000c2 x15:000000bc
26938751ns          464265 1c0093f6 100945b3 p.exths          x11, x18, x0        x11=00000013 x18:ffff0013
26938771ns          464266 1c0093fa 1004c7b3 p.exths          x15, x9, x0         x15=00000006  x9:00000006
26938791ns          464267 1c0093fe 034586b3 mul              x13, x11, x20       x13=fffffa95 x11:00000013 x20:ffffffb7
26938811ns          464268 1c009402 03378533 mul              x10, x15, x19       x10=0000047a x15:00000006 x19:000000bf
26938830ns          464269 1c009406 034a0633 mul              x12, x20, x20       x12=000014d1 x20:ffffffb7 x20:ffffffb7
26938850ns          464270 1c00940a 03398733 mul              x14, x19, x19       x14=00008e81 x19:000000bf x19:000000bf
26938870ns          464271 1c00940e 034787b3 mul              x15, x15, x20       x15=fffffe4a x15:00000006 x20:ffffffb7
26938890ns          464272 1c009412 033585b3 mul              x11, x11, x19       x11=00000e2d x11:00000013 x19:000000bf
26938910ns          464273 1c009416 40a75713 srai             x14, x14, 0x40a     x14=00000023 x14:00008e81
26938930ns          464274 1c009418 40a5d593 srai             x11, x11, 0x40a     x11=00000003 x11:00000e2d
26938950ns          464275 1c00941a 40a65613 srai             x12, x12, 0x40a     x12=00000005 x12:000014d1
26938970ns          464276 1c00941c 40a7d793 srai             x15, x15, 0x40a     x15=ffffffff x15:fffffe4a
26939009ns          464278 1c00941e 1c0034b7 lui              x9, 0x1c003000       x9=1c003000
26939029ns          464279 1c009422 00e60633 add              x12, x12, x14       x12=00000028 x12:00000005 x14:00000023
26939049ns          464280 1c009424 40b787b3 sub              x15, x15, x11       x15=fffffffc x15:ffffffff x11:00000003
26939069ns          464281 1c009426 eb048493 addi             x9, x9, -336         x9=1c002eb0  x9:1c003000
26939089ns          464282 1c00942a 1c0032b7 lui              x5, 0x1c003000       x5=1c003000
26939109ns          464283 1c00942e 1c0035b7 lui              x11, 0x1c003000     x11=1c003000
26939129ns          464284 1c009432 018483b3 add              x7, x9, x24          x7=1c002eba  x9:1c002eb0 x24:0000000a
26939149ns          464285 1c009436 02812e83 lw               x29, 40(x2)         x29=1c002eca  x2:10002cd8  PA:10002d00
26939169ns          464286 1c009438 10065633 p.exthz          x12, x12, x0        x12=00000028 x12:00000028
26939188ns          464287 1c00943c e8028293 addi             x5, x5, -384         x5=1c002e80  x5:1c003000
26939208ns          464288 1c009440 ea058593 addi             x11, x11, -352      x11=1c002ea0 x11:1c003000
26939228ns          464289 1c009444 03812483 lw               x9, 56(x2)           x9=1c002eea  x2:10002cd8  PA:10002d10
26939248ns          464290 1c009446 10064733 p.exths          x14, x12, x0        x14=00000028 x12:00000028
26939268ns          464291 1c00944a 018280b3 add              x1, x5, x24          x1=1c002e8a  x5:1c002e80 x24:0000000a
26939288ns          464292 1c00944e 03012f03 lw               x30, 48(x2)         x30=1c002eda  x2:10002cd8  PA:10002d08
26939308ns          464293 1c009450 018582b3 add              x5, x11, x24         x5=1c002eaa x11:1c002ea0 x24:0000000a
26939348ns          464295 1c009454 04012583 lw               x11, 64(x2)         x11=1c002efa  x2:10002cd8  PA:10002d18
26939367ns          464296 1c009456 000edd83 lhu              x27, 0(x29)         x27=0000060e x29:1c002eca  PA:1c002eca
26939686ns          464312 1c00945a 0004d483 lhu              x9, 0(x9)            x9=00000032  x9:1c002eea  PA:1c002eea
26940044ns          464330 1c00945e 02e70333 mul              x6, x14, x14         x6=00000640 x14:00000028 x14:00000028
26940064ns          464331 1c009462 40a55513 srai             x10, x10, 0x40a     x10=00000001 x10:0000047a
26940083ns          464332 1c009464 04812e83 lw               x29, 72(x2)         x29=1c002f0a  x2:10002cd8  PA:10002d20
26940103ns          464333 1c009466 40a6d693 srai             x13, x13, 0x40a     x13=fffffffe x13:fffffa95
26940123ns          464334 1c009468 000f5d03 lhu              x26, 0(x30)         x26=000000ec x30:1c002eda  PA:1c002eda
26940422ns          464349 1c00946c 0005d583 lhu              x11, 0(x11)         x11=0000000d x11:1c002efa  PA:1c002efa
26940720ns          464364 1c009470 40a35313 srai             x6, x6, 0x40a        x6=00000001  x6:00000640
26940740ns          464365 1c009474 00a686b3 add              x13, x13, x10       x13=ffffffff x13:fffffffe x10:00000001
26940760ns          464366 1c009476 05012f03 lw               x30, 80(x2)         x30=1c002e7a  x2:10002cd8  PA:10002d28
26940780ns          464367 1c009478 10034e33 p.exths          x28, x6, x0         x28=00000001  x6:00000001
26940799ns          464368 1c00947c 06911023 sh               x9, 96(x2)           x9:00000032  x2:10002cd8  PA:10002d38
26940819ns          464369 1c009480 000ede83 lhu              x29, 0(x29)         x29=00000004 x29:1c002f0a  PA:1c002f0a
26941138ns          464385 1c009484 05812483 lw               x9, 88(x2)           x9=1c002e6a  x2:10002cd8  PA:10002d30
26941157ns          464386 1c009486 1006d6b3 p.exthz          x13, x13, x0        x13=0000ffff x13:ffffffff
26941177ns          464387 1c00948a 02ee08b3 mul              x17, x28, x14       x17=00000028 x28:00000001 x14:00000028
26941197ns          464388 1c00948e 1006c833 p.exths          x16, x13, x0        x16=ffffffff x13:0000ffff
26941217ns          464389 1c009492 06b11823 sh               x11, 112(x2)        x11:0000000d  x2:10002cd8  PA:10002d48
26941237ns          464390 1c009496 000f5f03 lhu              x30, 0(x30)         x30=0000ffad x30:1c002e7a  PA:1c002e7a
26941535ns          464405 1c00949a 0a012583 lw               x11, 160(x2)        x11=1c002e9a  x2:10002cd8  PA:10002d78
26941555ns          464406 1c00949c 1007d7b3 p.exthz          x15, x15, x0        x15=0000fffc x15:fffffffc
26941575ns          464407 1c0094a0 0004da03 lhu              x20, 0(x9)          x20=0000fece  x9:1c002e6a  PA:1c002e6a
26941873ns          464422 1c0094a4 1007c533 p.exths          x10, x15, x0        x10=fffffffc x15:0000fffc
26941893ns          464423 1c0094a8 09d11023 sh               x29, 128(x2)        x29:00000004  x2:10002cd8  PA:10002d58
26941913ns          464424 1c0094ac 0003d483 lhu              x9, 0(x7)            x9=0000fff1  x7:1c002eba  PA:1c002eba
26942211ns          464439 1c0094b0 02e80eb3 mul              x29, x16, x14       x29=ffffffd8 x16:ffffffff x14:00000028
26942231ns          464440 1c0094b4 40a8d893 srai             x17, x17, 0x40a     x17=00000000 x17:00000028
26942251ns          464441 1c0094b8 03c80833 mul              x16, x16, x28       x16=ffffffff x16:ffffffff x28:00000001
26942271ns          464442 1c0094bc 09e11823 sh               x30, 144(x2)        x30:0000ffad  x2:10002cd8  PA:10002d68
26942291ns          464443 1c0094c0 0005d983 lhu              x19, 0(x11)         x19=0000ffe6 x11:1c002e9a  PA:1c002e9a
26942609ns          464459 1c0094c4 81c88f5b p.muls           x30, x17, x28       x30=00000000 x17:00000000 x28:00000001
26942629ns          464460 1c0094c8 0002d583 lhu              x11, 0(x5)          x11=0000ffe8  x5:1c002eaa  PA:1c002eaa
26942947ns          464476 1c0094cc 03ce0fb3 mul              x31, x28, x28       x31=00000001 x28:00000001 x28:00000001
26942967ns          464477 1c0094d0 02e50733 mul              x14, x10, x14       x14=ffffff60 x10:fffffffc x14:00000028
26942987ns          464478 1c0094d4 40a85813 srai             x16, x16, 0x40a     x16=ffffffff x16:ffffffff
26943007ns          464479 1c0094d8 03c50533 mul              x10, x10, x28       x10=fffffffc x10:fffffffc x28:00000001
26943027ns          464480 1c0094dc 07015e03 lhu              x28, 112(x2)        x28=0000000d  x2:10002cd8  PA:10002d48
26943067ns          464482 1c0094e0 01b60633 add              x12, x12, x27       x12=00000636 x12:00000028 x27:0000060e
26943087ns          464483 1c0094e2 00980833 add              x16, x16, x9        x16=0000fff0 x16:ffffffff  x9:0000fff1
26943106ns          464484 1c0094e4 06015d83 lhu              x27, 96(x2)         x27=00000032  x2:10002cd8  PA:10002d38
26943126ns          464485 1c0094e8 02812483 lw               x9, 40(x2)           x9=1c002eca  x2:10002cd8  PA:10002d00
26943146ns          464486 1c0094ea 40afdf93 srai             x31, x31, 0x40a     x31=00000000 x31:00000001
26943166ns          464487 1c0094ee 40a55513 srai             x10, x10, 0x40a     x10=ffffffff x10:fffffffc
26943186ns          464488 1c0094f0 01cf8fb3 add              x31, x31, x28       x31=0000000d x31:00000000 x28:0000000d
26943206ns          464489 1c0094f2 00b50533 add              x10, x10, x11       x10=0000ffe7 x10:ffffffff x11:0000ffe8
26943226ns          464490 1c0094f4 09015e03 lhu              x28, 144(x2)        x28=0000ffad  x2:10002cd8  PA:10002d68
26943246ns          464491 1c0094f8 03012583 lw               x11, 48(x2)         x11=1c002eda  x2:10002cd8  PA:10002d08
26943266ns          464492 1c0094fa 00c49023 sh               x12, 0(x9)          x12:00000636  x9:1c002eca  PA:1c002eca
26943584ns          464508 1c0094fe 01b888b3 add              x17, x17, x27       x17=00000032 x17:00000000 x27:00000032
26943604ns          464509 1c009500 01a30333 add              x6, x6, x26          x6=000000ed  x6:00000001 x26:000000ec
26943624ns          464510 1c009502 08015d83 lhu              x27, 128(x2)        x27=00000004  x2:10002cd8  PA:10002d58
26943643ns          464511 1c009506 0000d903 lhu              x18, 0(x1)          x18=0000ffc1  x1:1c002e8a  PA:1c002e8a
26943942ns          464526 1c00950a 01c686b3 add              x13, x13, x28       x13=0001ffac x13:0000ffff x28:0000ffad
26943962ns          464527 1c00950c 00659023 sh               x6, 0(x11)           x6:000000ed x11:1c002eda  PA:1c002eda
26944280ns          464543 1c009510 40af5f13 srai             x30, x30, 0x40a     x30=00000000 x30:00000000
26944300ns          464544 1c009514 04812e03 lw               x28, 72(x2)         x28=1c002f0a  x2:10002cd8  PA:10002d20
26944320ns          464545 1c009516 01bf0f33 add              x30, x30, x27       x30=00000004 x30:00000000 x27:00000004
26944339ns          464546 1c009518 40aede93 srai             x29, x29, 0x40a     x29=ffffffff x29:ffffffd8
26944359ns          464547 1c00951c 40a75713 srai             x14, x14, 0x40a     x14=ffffffff x14:ffffff60
26944379ns          464548 1c00951e 03812603 lw               x12, 56(x2)         x12=1c002eea  x2:10002cd8  PA:10002d10
26944399ns          464549 1c009520 04012d83 lw               x27, 64(x2)         x27=1c002efa  x2:10002cd8  PA:10002d18
26944419ns          464550 1c009522 01ee1023 sh               x30, 0(x28)         x30:00000004 x28:1c002f0a  PA:1c002f0a
26944737ns          464566 1c009526 05812483 lw               x9, 88(x2)           x9=1c002e6a  x2:10002cd8  PA:10002d30
26944757ns          464567 1c009528 05012f03 lw               x30, 80(x2)         x30=1c002e7a  x2:10002cd8  PA:10002d28
26944777ns          464568 1c00952a 0a012583 lw               x11, 160(x2)        x11=1c002e9a  x2:10002cd8  PA:10002d78
26944797ns          464569 1c00952c 014787b3 add              x15, x15, x20       x15=0001feca x15:0000fffc x20:0000fece
26944817ns          464570 1c00952e 013e8eb3 add              x29, x29, x19       x29=0000ffe5 x29:ffffffff x19:0000ffe6
26944837ns          464571 1c009530 01270733 add              x14, x14, x18       x14=0000ffc0 x14:ffffffff x18:0000ffc1
26944857ns          464572 1c009532 00f49023 sh               x15, 0(x9)          x15:0001feca  x9:1c002e6a  PA:1c002e6a
26945175ns          464588 1c009536 01161023 sh               x17, 0(x12)         x17:00000032 x12:1c002eea  PA:1c002eea
26945553ns          464607 1c00953a 01fd9023 sh               x31, 0(x27)         x31:0000000d x27:1c002efa  PA:1c002efa
26945871ns          464623 1c00953e 00df1023 sh               x13, 0(x30)         x13:0001ffac x30:1c002e7a  PA:1c002e7a
26946189ns          464639 1c009542 01d59023 sh               x29, 0(x11)         x29:0000ffe5 x11:1c002e9a  PA:1c002e9a
26946547ns          464657 1c009546 00e09023 sh               x14, 0(x1)          x14:0000ffc0  x1:1c002e8a  PA:1c002e8a
26946865ns          464673 1c00954a 01039023 sh               x16, 0(x7)          x16:0000fff0  x7:1c002eba  PA:1c002eba
26947223ns          464691 1c00954e 00a29023 sh               x10, 0(x5)          x10:0000ffe7  x5:1c002eaa  PA:1c002eaa
26947541ns          464707 1c009552 008b0b13 addi             x22, x22, 8         x22=0000009d x22:00000095
26947561ns          464708 1c009554 1f300793 addi             x15, x0, 499        x15=000001f3
26947581ns          464709 1c009558 e767dae3 bge              x15, x22, -396      x15:000001f3 x22:0000009d
26947681ns          464714 1c0093cc 010c9a0b p.lh             x20, 16(x25!)       x20=0000005d x25=1c0027d2 x25:1c0027c2  PA:1c0027c2
26947979ns          464729 1c0093d0 0104198b p.lh             x19, 16(x8!)        x19=00000077  x8=1c001f9a  x8:1c001f8a  PA:1c001f8a
26948297ns          464745 1c0093d4 2cc10513 addi             x10, x2, 716        x10=10002fa4  x2:10002cd8
26948317ns          464746 1c0093d6 010a990b p.lh             x18, 16(x21!)       x18=0000005e x21=1c0017c6 x21:1c0017b6  PA:1c0017b6
26948615ns          464761 1c0093da 010b948b p.lh             x9, 16(x23!)         x9=00000072 x23=1c000ff6 x23:1c000fe6  PA:1c000fe6
26948914ns          464776 1c0093de 2d411623 sh               x20, 716(x2)        x20:0000005d  x2:10002cd8  PA:10002fa4
26948934ns          464777 1c0093e2 2d311723 sh               x19, 718(x2)        x19:00000077  x2:10002cd8  PA:10002fa6
26948953ns          464778 1c0093e6 c33ff0ef jal              x1, -974             x1=1c0093e8
26948993ns          464780 1c009018 00051803 lh               x16, 0(x10)         x16=0000005d x10:10002fa4  PA:10002fa4
26949013ns          464781 1c00901c 00251883 lh               x17, 2(x10)         x17=00000077 x10:10002fa4  PA:10002fa6
26949073ns          464784 1c009020 030806b3 mul              x13, x16, x16       x13=000021c9 x16:0000005d x16:0000005d
26949113ns          464786 1c009024 03188633 mul              x12, x17, x17       x12=00003751 x17:00000077 x17:00000077
26949132ns          464787 1c009028 40a65613 srai             x12, x12, 0x40a     x12=0000000d x12:00003751
26949152ns          464788 1c00902a 40a6d693 srai             x13, x13, 0x40a     x13=00000008 x13:000021c9
26949172ns          464789 1c00902c 00c686b3 add              x13, x13, x12       x13=00000015 x13:00000008 x12:0000000d
26949192ns          464790 1c00902e 1006c633 p.exths          x12, x13, x0        x12=00000015 x13:00000015
26949212ns          464791 1c009032 00855703 lhu              x14, 8(x10)         x14=0000ffd1 x10:10002fa4  PA:10002fac
26949232ns          464792 1c009036 00a55683 lhu              x13, 10(x10)        x13=0000ff6a x10:10002fa4  PA:10002fae
26949252ns          464793 1c00903a 02c60333 mul              x6, x12, x12         x6=000001b9 x12:00000015 x12:00000015
26949272ns          464794 1c00903e 00c55783 lhu              x15, 12(x10)        x15=0000ffe5 x10:10002fa4  PA:10002fb0
26949292ns          464795 1c009042 00e55583 lhu              x11, 14(x10)        x11=00000060 x10:10002fa4  PA:10002fb2
26949311ns          464796 1c009046 dea30333 p.extract        x6, x6, 15, 10       x6=00000000  x6:000001b9
26949331ns          464797 1c00904a 80c7075b p.muls           x14, x14, x12       x14=fffffc25 x14:0000ffd1 x12:00000015
26949371ns          464799 1c00904e 80c686db p.muls           x13, x13, x12       x13=fffff3b2 x13:0000ff6a x12:00000015
26949411ns          464801 1c009052 00455e83 lhu              x29, 4(x10)         x29=00000427 x10:10002fa4  PA:10002fa8
26949431ns          464802 1c009056 00655e03 lhu              x28, 6(x10)         x28=0000007f x10:10002fa4  PA:10002faa
26949451ns          464803 1c00905a 40a75713 srai             x14, x14, 0x40a     x14=ffffffff x14:fffffc25
26949471ns          464804 1c00905c 806787db p.muls           x15, x15, x6        x15=00000000 x15:0000ffe5  x6:00000000
26949490ns          464805 1c009060 40a6d693 srai             x13, x13, 0x40a     x13=fffffffc x13:fffff3b2
26949510ns          464806 1c009062 8065865b p.muls           x12, x11, x6        x12=00000000 x11:00000060  x6:00000000
26949530ns          464807 1c009066 40a7d793 srai             x15, x15, 0x40a     x15=00000000 x15:00000000
26949550ns          464808 1c009068 40a65613 srai             x12, x12, 0x40a     x12=00000000 x12:00000000
26949570ns          464809 1c00906a 01d70733 add              x14, x14, x29       x14=00000426 x14:ffffffff x29:00000427
26949590ns          464810 1c00906c 01c686b3 add              x13, x13, x28       x13=0000007b x13:fffffffc x28:0000007f
26949610ns          464811 1c00906e 00c686b3 add              x13, x13, x12       x13=0000007b x13:0000007b x12:00000000
26949630ns          464812 1c009070 00f70733 add              x14, x14, x15       x14=00000426 x14:00000426 x15:00000000
26949650ns          464813 1c009072 100747b3 p.exths          x15, x14, x0        x15=00000426 x14:00000426
26949669ns          464814 1c009076 1006c733 p.exths          x14, x13, x0        x14=0000007b x13:0000007b
26949689ns          464815 1c00907a 03170633 mul              x12, x14, x17       x12=0000392d x14:0000007b x17:00000077
26949709ns          464816 1c00907e 030786b3 mul              x13, x15, x16       x13=000181ce x15:00000426 x16:0000005d
26949729ns          464817 1c009082 03070733 mul              x14, x14, x16       x14=00002caf x14:0000007b x16:0000005d
26949749ns          464818 1c009086 031787b3 mul              x15, x15, x17       x15=0001edaa x15:00000426 x17:00000077
26949769ns          464819 1c00908a 40a6d693 srai             x13, x13, 0x40a     x13=00000060 x13:000181ce
26949789ns          464820 1c00908c 40a65613 srai             x12, x12, 0x40a     x12=0000000e x12:0000392d
26949809ns          464821 1c00908e 40a7d793 srai             x15, x15, 0x40a     x15=0000007b x15:0001edaa
26949829ns          464822 1c009090 40a75713 srai             x14, x14, 0x40a     x14=0000000b x14:00002caf
26949848ns          464823 1c009092 40c686b3 sub              x13, x13, x12       x13=00000052 x13:00000060 x12:0000000e
26949868ns          464824 1c009094 00e787b3 add              x15, x15, x14       x15=00000086 x15:0000007b x14:0000000b
26949888ns          464825 1c009096 00d51823 sh               x13, 16(x10)        x13:00000052 x10:10002fa4  PA:10002fb4
26949908ns          464826 1c00909a 00f51923 sh               x15, 18(x10)        x15:00000086 x10:10002fa4  PA:10002fb6
26949928ns          464827 1c00909e 00008067 jalr             x0, x1, 0            x1:1c0093e8
26949988ns          464830 1c0093e8 2dc15583 lhu              x11, 732(x2)        x11=00000052  x2:10002cd8  PA:10002fb4
26950008ns          464831 1c0093ec 2de15783 lhu              x15, 734(x2)        x15=00000086  x2:10002cd8  PA:10002fb6
26950027ns          464832 1c0093f0 40b90933 sub              x18, x18, x11       x18=0000000c x18:0000005e x11:00000052
26950047ns          464833 1c0093f4 40f484b3 sub              x9, x9, x15          x9=ffffffec  x9:00000072 x15:00000086
26950067ns          464834 1c0093f6 100945b3 p.exths          x11, x18, x0        x11=0000000c x18:0000000c
26950087ns          464835 1c0093fa 1004c7b3 p.exths          x15, x9, x0         x15=ffffffec  x9:ffffffec
26950107ns          464836 1c0093fe 034586b3 mul              x13, x11, x20       x13=0000045c x11:0000000c x20:0000005d
26950127ns          464837 1c009402 03378533 mul              x10, x15, x19       x10=fffff6b4 x15:ffffffec x19:00000077
26950147ns          464838 1c009406 034a0633 mul              x12, x20, x20       x12=000021c9 x20:0000005d x20:0000005d
26950167ns          464839 1c00940a 03398733 mul              x14, x19, x19       x14=00003751 x19:00000077 x19:00000077
26950226ns          464842 1c00940e 034787b3 mul              x15, x15, x20       x15=fffff8bc x15:ffffffec x20:0000005d
26950266ns          464844 1c009412 033585b3 mul              x11, x11, x19       x11=00000594 x11:0000000c x19:00000077
26950286ns          464845 1c009416 40a75713 srai             x14, x14, 0x40a     x14=0000000d x14:00003751
26950306ns          464846 1c009418 40a5d593 srai             x11, x11, 0x40a     x11=00000001 x11:00000594
26950326ns          464847 1c00941a 40a65613 srai             x12, x12, 0x40a     x12=00000008 x12:000021c9
26950346ns          464848 1c00941c 40a7d793 srai             x15, x15, 0x40a     x15=fffffffe x15:fffff8bc
26950366ns          464849 1c00941e 1c0034b7 lui              x9, 0x1c003000       x9=1c003000
26950385ns          464850 1c009422 00e60633 add              x12, x12, x14       x12=00000015 x12:00000008 x14:0000000d
26950405ns          464851 1c009424 40b787b3 sub              x15, x15, x11       x15=fffffffd x15:fffffffe x11:00000001
26950425ns          464852 1c009426 eb048493 addi             x9, x9, -336         x9=1c002eb0  x9:1c003000
26950445ns          464853 1c00942a 1c0032b7 lui              x5, 0x1c003000       x5=1c003000
26950465ns          464854 1c00942e 1c0035b7 lui              x11, 0x1c003000     x11=1c003000
26950485ns          464855 1c009432 018483b3 add              x7, x9, x24          x7=1c002eba  x9:1c002eb0 x24:0000000a
26950505ns          464856 1c009436 02812e83 lw               x29, 40(x2)         x29=1c002eca  x2:10002cd8  PA:10002d00
26950525ns          464857 1c009438 10065633 p.exthz          x12, x12, x0        x12=00000015 x12:00000015
26950545ns          464858 1c00943c e8028293 addi             x5, x5, -384         x5=1c002e80  x5:1c003000
26950564ns          464859 1c009440 ea058593 addi             x11, x11, -352      x11=1c002ea0 x11:1c003000
26950604ns          464861 1c009444 03812483 lw               x9, 56(x2)           x9=1c002eea  x2:10002cd8  PA:10002d10
26950624ns          464862 1c009446 10064733 p.exths          x14, x12, x0        x14=00000015 x12:00000015
26950644ns          464863 1c00944a 018280b3 add              x1, x5, x24          x1=1c002e8a  x5:1c002e80 x24:0000000a
26950664ns          464864 1c00944e 03012f03 lw               x30, 48(x2)         x30=1c002eda  x2:10002cd8  PA:10002d08
26950684ns          464865 1c009450 018582b3 add              x5, x11, x24         x5=1c002eaa x11:1c002ea0 x24:0000000a
26950704ns          464866 1c009454 04012583 lw               x11, 64(x2)         x11=1c002efa  x2:10002cd8  PA:10002d18
26950724ns          464867 1c009456 000edd83 lhu              x27, 0(x29)         x27=00000636 x29:1c002eca  PA:1c002eca
26951042ns          464883 1c00945a 0004d483 lhu              x9, 0(x9)            x9=00000032  x9:1c002eea  PA:1c002eea
26951340ns          464898 1c00945e 02e70333 mul              x6, x14, x14         x6=000001b9 x14:00000015 x14:00000015
26951360ns          464899 1c009462 40a55513 srai             x10, x10, 0x40a     x10=fffffffd x10:fffff6b4
26951380ns          464900 1c009464 04812e83 lw               x29, 72(x2)         x29=1c002f0a  x2:10002cd8  PA:10002d20
26951400ns          464901 1c009466 40a6d693 srai             x13, x13, 0x40a     x13=00000001 x13:0000045c
26951420ns          464902 1c009468 000f5d03 lhu              x26, 0(x30)         x26=000000ed x30:1c002eda  PA:1c002eda
26951738ns          464918 1c00946c 0005d583 lhu              x11, 0(x11)         x11=0000000d x11:1c002efa  PA:1c002efa
26952036ns          464933 1c009470 40a35313 srai             x6, x6, 0x40a        x6=00000000  x6:000001b9
26952056ns          464934 1c009474 00a686b3 add              x13, x13, x10       x13=fffffffe x13:00000001 x10:fffffffd
26952076ns          464935 1c009476 05012f03 lw               x30, 80(x2)         x30=1c002e7a  x2:10002cd8  PA:10002d28
26952096ns          464936 1c009478 10034e33 p.exths          x28, x6, x0         x28=00000000  x6:00000000
26952116ns          464937 1c00947c 06911023 sh               x9, 96(x2)           x9:00000032  x2:10002cd8  PA:10002d38
26952136ns          464938 1c009480 000ede83 lhu              x29, 0(x29)         x29=00000004 x29:1c002f0a  PA:1c002f0a
26952434ns          464953 1c009484 05812483 lw               x9, 88(x2)           x9=1c002e6a  x2:10002cd8  PA:10002d30
26952454ns          464954 1c009486 1006d6b3 p.exthz          x13, x13, x0        x13=0000fffe x13:fffffffe
26952474ns          464955 1c00948a 02ee08b3 mul              x17, x28, x14       x17=00000000 x28:00000000 x14:00000015
26952494ns          464956 1c00948e 1006c833 p.exths          x16, x13, x0        x16=fffffffe x13:0000fffe
26952513ns          464957 1c009492 06b11823 sh               x11, 112(x2)        x11:0000000d  x2:10002cd8  PA:10002d48
26952533ns          464958 1c009496 000f5f03 lhu              x30, 0(x30)         x30=0000ffac x30:1c002e7a  PA:1c002e7a
26952832ns          464973 1c00949a 0a012583 lw               x11, 160(x2)        x11=1c002e9a  x2:10002cd8  PA:10002d78
26952852ns          464974 1c00949c 1007d7b3 p.exthz          x15, x15, x0        x15=0000fffd x15:fffffffd
26952871ns          464975 1c0094a0 0004da03 lhu              x20, 0(x9)          x20=0000feca  x9:1c002e6a  PA:1c002e6a
26953210ns          464992 1c0094a4 1007c533 p.exths          x10, x15, x0        x10=fffffffd x15:0000fffd
26953229ns          464993 1c0094a8 09d11023 sh               x29, 128(x2)        x29:00000004  x2:10002cd8  PA:10002d58
26953249ns          464994 1c0094ac 0003d483 lhu              x9, 0(x7)            x9=0000fff0  x7:1c002eba  PA:1c002eba
26953548ns          465009 1c0094b0 02e80eb3 mul              x29, x16, x14       x29=ffffffd6 x16:fffffffe x14:00000015
26953568ns          465010 1c0094b4 40a8d893 srai             x17, x17, 0x40a     x17=00000000 x17:00000000
26953587ns          465011 1c0094b8 03c80833 mul              x16, x16, x28       x16=00000000 x16:fffffffe x28:00000000
26953607ns          465012 1c0094bc 09e11823 sh               x30, 144(x2)        x30:0000ffac  x2:10002cd8  PA:10002d68
26953627ns          465013 1c0094c0 0005d983 lhu              x19, 0(x11)         x19=0000ffe5 x11:1c002e9a  PA:1c002e9a
26953985ns          465031 1c0094c4 81c88f5b p.muls           x30, x17, x28       x30=00000000 x17:00000000 x28:00000000
26954005ns          465032 1c0094c8 0002d583 lhu              x11, 0(x5)          x11=0000ffe7  x5:1c002eaa  PA:1c002eaa
26954323ns          465048 1c0094cc 03ce0fb3 mul              x31, x28, x28       x31=00000000 x28:00000000 x28:00000000
26954343ns          465049 1c0094d0 02e50733 mul              x14, x10, x14       x14=ffffffc1 x10:fffffffd x14:00000015
26954363ns          465050 1c0094d4 40a85813 srai             x16, x16, 0x40a     x16=00000000 x16:00000000
26954383ns          465051 1c0094d8 03c50533 mul              x10, x10, x28       x10=00000000 x10:fffffffd x28:00000000
26954403ns          465052 1c0094dc 07015e03 lhu              x28, 112(x2)        x28=0000000d  x2:10002cd8  PA:10002d48
26954443ns          465054 1c0094e0 01b60633 add              x12, x12, x27       x12=0000064b x12:00000015 x27:00000636
26954462ns          465055 1c0094e2 00980833 add              x16, x16, x9        x16=0000fff0 x16:00000000  x9:0000fff0
26954482ns          465056 1c0094e4 06015d83 lhu              x27, 96(x2)         x27=00000032  x2:10002cd8  PA:10002d38
26954502ns          465057 1c0094e8 02812483 lw               x9, 40(x2)           x9=1c002eca  x2:10002cd8  PA:10002d00
26954522ns          465058 1c0094ea 40afdf93 srai             x31, x31, 0x40a     x31=00000000 x31:00000000
26954542ns          465059 1c0094ee 40a55513 srai             x10, x10, 0x40a     x10=00000000 x10:00000000
26954562ns          465060 1c0094f0 01cf8fb3 add              x31, x31, x28       x31=0000000d x31:00000000 x28:0000000d
26954582ns          465061 1c0094f2 00b50533 add              x10, x10, x11       x10=0000ffe7 x10:00000000 x11:0000ffe7
26954602ns          465062 1c0094f4 09015e03 lhu              x28, 144(x2)        x28=0000ffac  x2:10002cd8  PA:10002d68
26954622ns          465063 1c0094f8 03012583 lw               x11, 48(x2)         x11=1c002eda  x2:10002cd8  PA:10002d08
26954641ns          465064 1c0094fa 00c49023 sh               x12, 0(x9)          x12:0000064b  x9:1c002eca  PA:1c002eca
26954960ns          465080 1c0094fe 01b888b3 add              x17, x17, x27       x17=00000032 x17:00000000 x27:00000032
26954980ns          465081 1c009500 01a30333 add              x6, x6, x26          x6=000000ed  x6:00000000 x26:000000ed
26954999ns          465082 1c009502 08015d83 lhu              x27, 128(x2)        x27=00000004  x2:10002cd8  PA:10002d58
26955019ns          465083 1c009506 0000d903 lhu              x18, 0(x1)          x18=0000ffc0  x1:1c002e8a  PA:1c002e8a
26955318ns          465098 1c00950a 01c686b3 add              x13, x13, x28       x13=0001ffaa x13:0000fffe x28:0000ffac
26955338ns          465099 1c00950c 00659023 sh               x6, 0(x11)           x6:000000ed x11:1c002eda  PA:1c002eda
26955676ns          465116 1c009510 40af5f13 srai             x30, x30, 0x40a     x30=00000000 x30:00000000
26955696ns          465117 1c009514 04812e03 lw               x28, 72(x2)         x28=1c002f0a  x2:10002cd8  PA:10002d20
26955715ns          465118 1c009516 01bf0f33 add              x30, x30, x27       x30=00000004 x30:00000000 x27:00000004
26955735ns          465119 1c009518 40aede93 srai             x29, x29, 0x40a     x29=ffffffff x29:ffffffd6
26955755ns          465120 1c00951c 40a75713 srai             x14, x14, 0x40a     x14=ffffffff x14:ffffffc1
26955775ns          465121 1c00951e 03812603 lw               x12, 56(x2)         x12=1c002eea  x2:10002cd8  PA:10002d10
26955795ns          465122 1c009520 04012d83 lw               x27, 64(x2)         x27=1c002efa  x2:10002cd8  PA:10002d18
26955815ns          465123 1c009522 01ee1023 sh               x30, 0(x28)         x30:00000004 x28:1c002f0a  PA:1c002f0a
26956173ns          465141 1c009526 05812483 lw               x9, 88(x2)           x9=1c002e6a  x2:10002cd8  PA:10002d30
26956193ns          465142 1c009528 05012f03 lw               x30, 80(x2)         x30=1c002e7a  x2:10002cd8  PA:10002d28
26956213ns          465143 1c00952a 0a012583 lw               x11, 160(x2)        x11=1c002e9a  x2:10002cd8  PA:10002d78
26956232ns          465144 1c00952c 014787b3 add              x15, x15, x20       x15=0001fec7 x15:0000fffd x20:0000feca
26956252ns          465145 1c00952e 013e8eb3 add              x29, x29, x19       x29=0000ffe4 x29:ffffffff x19:0000ffe5
26956272ns          465146 1c009530 01270733 add              x14, x14, x18       x14=0000ffbf x14:ffffffff x18:0000ffc0
26956292ns          465147 1c009532 00f49023 sh               x15, 0(x9)          x15:0001fec7  x9:1c002e6a  PA:1c002e6a
26956630ns          465164 1c009536 01161023 sh               x17, 0(x12)         x17:00000032 x12:1c002eea  PA:1c002eea
26956968ns          465181 1c00953a 01fd9023 sh               x31, 0(x27)         x31:0000000d x27:1c002efa  PA:1c002efa
26957287ns          465197 1c00953e 00df1023 sh               x13, 0(x30)         x13:0001ffaa x30:1c002e7a  PA:1c002e7a
26957605ns          465213 1c009542 01d59023 sh               x29, 0(x11)         x29:0000ffe4 x11:1c002e9a  PA:1c002e9a
26957923ns          465229 1c009546 00e09023 sh               x14, 0(x1)          x14:0000ffbf  x1:1c002e8a  PA:1c002e8a
26958241ns          465245 1c00954a 01039023 sh               x16, 0(x7)          x16:0000fff0  x7:1c002eba  PA:1c002eba
26958559ns          465261 1c00954e 00a29023 sh               x10, 0(x5)          x10:0000ffe7  x5:1c002eaa  PA:1c002eaa
26958878ns          465277 1c009552 008b0b13 addi             x22, x22, 8         x22=000000a5 x22:0000009d
26958897ns          465278 1c009554 1f300793 addi             x15, x0, 499        x15=000001f3
26958917ns          465279 1c009558 e767dae3 bge              x15, x22, -396      x15:000001f3 x22:000000a5
26959017ns          465284 1c0093cc 010c9a0b p.lh             x20, 16(x25!)       x20=fffffee6 x25=1c0027e2 x25:1c0027d2  PA:1c0027d2
26959355ns          465301 1c0093d0 0104198b p.lh             x19, 16(x8!)        x19=000000a2  x8=1c001faa  x8:1c001f9a  PA:1c001f9a
26959673ns          465317 1c0093d4 2cc10513 addi             x10, x2, 716        x10=10002fa4  x2:10002cd8
26959693ns          465318 1c0093d6 010a990b p.lh             x18, 16(x21!)       x18=fffffeef x21=1c0017d6 x21:1c0017c6  PA:1c0017c6
26959991ns          465333 1c0093da 010b948b p.lh             x9, 16(x23!)         x9=000000ab x23=1c001006 x23:1c000ff6  PA:1c000ff6
26960290ns          465348 1c0093de 2d411623 sh               x20, 716(x2)        x20:fffffee6  x2:10002cd8  PA:10002fa4
26960310ns          465349 1c0093e2 2d311723 sh               x19, 718(x2)        x19:000000a2  x2:10002cd8  PA:10002fa6
26960329ns          465350 1c0093e6 c33ff0ef jal              x1, -974             x1=1c0093e8
26960369ns          465352 1c009018 00051803 lh               x16, 0(x10)         x16=fffffee6 x10:10002fa4  PA:10002fa4
26960389ns          465353 1c00901c 00251883 lh               x17, 2(x10)         x17=000000a2 x10:10002fa4  PA:10002fa6
26960409ns          465354 1c009020 030806b3 mul              x13, x16, x16       x13=000136a4 x16:fffffee6 x16:fffffee6
26960429ns          465355 1c009024 03188633 mul              x12, x17, x17       x12=00006684 x17:000000a2 x17:000000a2
26960449ns          465356 1c009028 40a65613 srai             x12, x12, 0x40a     x12=00000019 x12:00006684
26960469ns          465357 1c00902a 40a6d693 srai             x13, x13, 0x40a     x13=0000004d x13:000136a4
26960489ns          465358 1c00902c 00c686b3 add              x13, x13, x12       x13=00000066 x13:0000004d x12:00000019
26960508ns          465359 1c00902e 1006c633 p.exths          x12, x13, x0        x12=00000066 x13:00000066
26960528ns          465360 1c009032 00855703 lhu              x14, 8(x10)         x14=0000ffd1 x10:10002fa4  PA:10002fac
26960548ns          465361 1c009036 00a55683 lhu              x13, 10(x10)        x13=0000ff6a x10:10002fa4  PA:10002fae
26960568ns          465362 1c00903a 02c60333 mul              x6, x12, x12         x6=000028a4 x12:00000066 x12:00000066
26960588ns          465363 1c00903e 00c55783 lhu              x15, 12(x10)        x15=0000ffe5 x10:10002fa4  PA:10002fb0
26960608ns          465364 1c009042 00e55583 lhu              x11, 14(x10)        x11=00000060 x10:10002fa4  PA:10002fb2
26960628ns          465365 1c009046 dea30333 p.extract        x6, x6, 15, 10       x6=0000000a  x6:000028a4
26960648ns          465366 1c00904a 80c7075b p.muls           x14, x14, x12       x14=ffffed46 x14:0000ffd1 x12:00000066
26960668ns          465367 1c00904e 80c686db p.muls           x13, x13, x12       x13=ffffc43c x13:0000ff6a x12:00000066
26960687ns          465368 1c009052 00455e83 lhu              x29, 4(x10)         x29=00000427 x10:10002fa4  PA:10002fa8
26960707ns          465369 1c009056 00655e03 lhu              x28, 6(x10)         x28=0000007f x10:10002fa4  PA:10002faa
26960727ns          465370 1c00905a 40a75713 srai             x14, x14, 0x40a     x14=fffffffb x14:ffffed46
26960747ns          465371 1c00905c 806787db p.muls           x15, x15, x6        x15=fffffef2 x15:0000ffe5  x6:0000000a
26960767ns          465372 1c009060 40a6d693 srai             x13, x13, 0x40a     x13=fffffff1 x13:ffffc43c
26960787ns          465373 1c009062 8065865b p.muls           x12, x11, x6        x12=000003c0 x11:00000060  x6:0000000a
26960807ns          465374 1c009066 40a7d793 srai             x15, x15, 0x40a     x15=ffffffff x15:fffffef2
26960827ns          465375 1c009068 40a65613 srai             x12, x12, 0x40a     x12=00000000 x12:000003c0
26960847ns          465376 1c00906a 01d70733 add              x14, x14, x29       x14=00000422 x14:fffffffb x29:00000427
26960866ns          465377 1c00906c 01c686b3 add              x13, x13, x28       x13=00000070 x13:fffffff1 x28:0000007f
26960886ns          465378 1c00906e 00c686b3 add              x13, x13, x12       x13=00000070 x13:00000070 x12:00000000
26960906ns          465379 1c009070 00f70733 add              x14, x14, x15       x14=00000421 x14:00000422 x15:ffffffff
26960926ns          465380 1c009072 100747b3 p.exths          x15, x14, x0        x15=00000421 x14:00000421
26960946ns          465381 1c009076 1006c733 p.exths          x14, x13, x0        x14=00000070 x13:00000070
26960966ns          465382 1c00907a 03170633 mul              x12, x14, x17       x12=000046e0 x14:00000070 x17:000000a2
26960986ns          465383 1c00907e 030786b3 mul              x13, x15, x16       x13=fffb73a6 x15:00000421 x16:fffffee6
26961006ns          465384 1c009082 03070733 mul              x14, x14, x16       x14=ffff84a0 x14:00000070 x16:fffffee6
26961026ns          465385 1c009086 031787b3 mul              x15, x15, x17       x15=00029ce2 x15:00000421 x17:000000a2
26961045ns          465386 1c00908a 40a6d693 srai             x13, x13, 0x40a     x13=fffffedc x13:fffb73a6
26961065ns          465387 1c00908c 40a65613 srai             x12, x12, 0x40a     x12=00000011 x12:000046e0
26961085ns          465388 1c00908e 40a7d793 srai             x15, x15, 0x40a     x15=000000a7 x15:00029ce2
26961105ns          465389 1c009090 40a75713 srai             x14, x14, 0x40a     x14=ffffffe1 x14:ffff84a0
26961125ns          465390 1c009092 40c686b3 sub              x13, x13, x12       x13=fffffecb x13:fffffedc x12:00000011
26961145ns          465391 1c009094 00e787b3 add              x15, x15, x14       x15=00000088 x15:000000a7 x14:ffffffe1
26961165ns          465392 1c009096 00d51823 sh               x13, 16(x10)        x13:fffffecb x10:10002fa4  PA:10002fb4
26961185ns          465393 1c00909a 00f51923 sh               x15, 18(x10)        x15:00000088 x10:10002fa4  PA:10002fb6
26961204ns          465394 1c00909e 00008067 jalr             x0, x1, 0            x1:1c0093e8
26961244ns          465396 1c0093e8 2dc15583 lhu              x11, 732(x2)        x11=0000fecb  x2:10002cd8  PA:10002fb4
26961264ns          465397 1c0093ec 2de15783 lhu              x15, 734(x2)        x15=00000088  x2:10002cd8  PA:10002fb6
26961284ns          465398 1c0093f0 40b90933 sub              x18, x18, x11       x18=ffff0024 x18:fffffeef x11:0000fecb
26961304ns          465399 1c0093f4 40f484b3 sub              x9, x9, x15          x9=00000023  x9:000000ab x15:00000088
26961324ns          465400 1c0093f6 100945b3 p.exths          x11, x18, x0        x11=00000024 x18:ffff0024
26961344ns          465401 1c0093fa 1004c7b3 p.exths          x15, x9, x0         x15=00000023  x9:00000023
26961364ns          465402 1c0093fe 034586b3 mul              x13, x11, x20       x13=ffffd858 x11:00000024 x20:fffffee6
26961383ns          465403 1c009402 03378533 mul              x10, x15, x19       x10=00001626 x15:00000023 x19:000000a2
26961403ns          465404 1c009406 034a0633 mul              x12, x20, x20       x12=000136a4 x20:fffffee6 x20:fffffee6
26961423ns          465405 1c00940a 03398733 mul              x14, x19, x19       x14=00006684 x19:000000a2 x19:000000a2
26961483ns          465408 1c00940e 034787b3 mul              x15, x15, x20       x15=ffffd972 x15:00000023 x20:fffffee6
26961523ns          465410 1c009412 033585b3 mul              x11, x11, x19       x11=000016c8 x11:00000024 x19:000000a2
26961543ns          465411 1c009416 40a75713 srai             x14, x14, 0x40a     x14=00000019 x14:00006684
26961562ns          465412 1c009418 40a5d593 srai             x11, x11, 0x40a     x11=00000005 x11:000016c8
26961582ns          465413 1c00941a 40a65613 srai             x12, x12, 0x40a     x12=0000004d x12:000136a4
26961602ns          465414 1c00941c 40a7d793 srai             x15, x15, 0x40a     x15=fffffff6 x15:ffffd972
26961622ns          465415 1c00941e 1c0034b7 lui              x9, 0x1c003000       x9=1c003000
26961642ns          465416 1c009422 00e60633 add              x12, x12, x14       x12=00000066 x12:0000004d x14:00000019
26961662ns          465417 1c009424 40b787b3 sub              x15, x15, x11       x15=fffffff1 x15:fffffff6 x11:00000005
26961682ns          465418 1c009426 eb048493 addi             x9, x9, -336         x9=1c002eb0  x9:1c003000
26961702ns          465419 1c00942a 1c0032b7 lui              x5, 0x1c003000       x5=1c003000
26961722ns          465420 1c00942e 1c0035b7 lui              x11, 0x1c003000     x11=1c003000
26961741ns          465421 1c009432 018483b3 add              x7, x9, x24          x7=1c002eba  x9:1c002eb0 x24:0000000a
26961761ns          465422 1c009436 02812e83 lw               x29, 40(x2)         x29=1c002eca  x2:10002cd8  PA:10002d00
26961781ns          465423 1c009438 10065633 p.exthz          x12, x12, x0        x12=00000066 x12:00000066
26961801ns          465424 1c00943c e8028293 addi             x5, x5, -384         x5=1c002e80  x5:1c003000
26961821ns          465425 1c009440 ea058593 addi             x11, x11, -352      x11=1c002ea0 x11:1c003000
26961841ns          465426 1c009444 03812483 lw               x9, 56(x2)           x9=1c002eea  x2:10002cd8  PA:10002d10
26961861ns          465427 1c009446 10064733 p.exths          x14, x12, x0        x14=00000066 x12:00000066
26961881ns          465428 1c00944a 018280b3 add              x1, x5, x24          x1=1c002e8a  x5:1c002e80 x24:0000000a
26961901ns          465429 1c00944e 03012f03 lw               x30, 48(x2)         x30=1c002eda  x2:10002cd8  PA:10002d08
26961920ns          465430 1c009450 018582b3 add              x5, x11, x24         x5=1c002eaa x11:1c002ea0 x24:0000000a
26961940ns          465431 1c009454 04012583 lw               x11, 64(x2)         x11=1c002efa  x2:10002cd8  PA:10002d18
26961960ns          465432 1c009456 000edd83 lhu              x27, 0(x29)         x27=0000064b x29:1c002eca  PA:1c002eca
26962278ns          465448 1c00945a 0004d483 lhu              x9, 0(x9)            x9=00000032  x9:1c002eea  PA:1c002eea
26962577ns          465463 1c00945e 02e70333 mul              x6, x14, x14         x6=000028a4 x14:00000066 x14:00000066
26962597ns          465464 1c009462 40a55513 srai             x10, x10, 0x40a     x10=00000005 x10:00001626
26962617ns          465465 1c009464 04812e83 lw               x29, 72(x2)         x29=1c002f0a  x2:10002cd8  PA:10002d20
26962636ns          465466 1c009466 40a6d693 srai             x13, x13, 0x40a     x13=fffffff6 x13:ffffd858
26962656ns          465467 1c009468 000f5d03 lhu              x26, 0(x30)         x26=000000ed x30:1c002eda  PA:1c002eda
26962955ns          465482 1c00946c 0005d583 lhu              x11, 0(x11)         x11=0000000d x11:1c002efa  PA:1c002efa
26963253ns          465497 1c009470 40a35313 srai             x6, x6, 0x40a        x6=0000000a  x6:000028a4
26963273ns          465498 1c009474 00a686b3 add              x13, x13, x10       x13=fffffffb x13:fffffff6 x10:00000005
26963293ns          465499 1c009476 05012f03 lw               x30, 80(x2)         x30=1c002e7a  x2:10002cd8  PA:10002d28
26963313ns          465500 1c009478 10034e33 p.exths          x28, x6, x0         x28=0000000a  x6:0000000a
26963333ns          465501 1c00947c 06911023 sh               x9, 96(x2)           x9:00000032  x2:10002cd8  PA:10002d38
26963352ns          465502 1c009480 000ede83 lhu              x29, 0(x29)         x29=00000004 x29:1c002f0a  PA:1c002f0a
26963770ns          465523 1c009484 05812483 lw               x9, 88(x2)           x9=1c002e6a  x2:10002cd8  PA:10002d30
26963790ns          465524 1c009486 1006d6b3 p.exthz          x13, x13, x0        x13=0000fffb x13:fffffffb
26963810ns          465525 1c00948a 02ee08b3 mul              x17, x28, x14       x17=000003fc x28:0000000a x14:00000066
26963830ns          465526 1c00948e 1006c833 p.exths          x16, x13, x0        x16=fffffffb x13:0000fffb
26963850ns          465527 1c009492 06b11823 sh               x11, 112(x2)        x11:0000000d  x2:10002cd8  PA:10002d48
26963869ns          465528 1c009496 000f5f03 lhu              x30, 0(x30)         x30=0000ffaa x30:1c002e7a  PA:1c002e7a
26964227ns          465546 1c00949a 0a012583 lw               x11, 160(x2)        x11=1c002e9a  x2:10002cd8  PA:10002d78
26964247ns          465547 1c00949c 1007d7b3 p.exthz          x15, x15, x0        x15=0000fff1 x15:fffffff1
26964267ns          465548 1c0094a0 0004da03 lhu              x20, 0(x9)          x20=0000fec7  x9:1c002e6a  PA:1c002e6a
26964566ns          465563 1c0094a4 1007c533 p.exths          x10, x15, x0        x10=fffffff1 x15:0000fff1
26964585ns          465564 1c0094a8 09d11023 sh               x29, 128(x2)        x29:00000004  x2:10002cd8  PA:10002d58
26964605ns          465565 1c0094ac 0003d483 lhu              x9, 0(x7)            x9=0000fff0  x7:1c002eba  PA:1c002eba
26964983ns          465584 1c0094b0 02e80eb3 mul              x29, x16, x14       x29=fffffe02 x16:fffffffb x14:00000066
26965003ns          465585 1c0094b4 40a8d893 srai             x17, x17, 0x40a     x17=00000000 x17:000003fc
26965023ns          465586 1c0094b8 03c80833 mul              x16, x16, x28       x16=ffffffce x16:fffffffb x28:0000000a
26965043ns          465587 1c0094bc 09e11823 sh               x30, 144(x2)        x30:0000ffaa  x2:10002cd8  PA:10002d68
26965063ns          465588 1c0094c0 0005d983 lhu              x19, 0(x11)         x19=0000ffe4 x11:1c002e9a  PA:1c002e9a
26965361ns          465603 1c0094c4 81c88f5b p.muls           x30, x17, x28       x30=00000000 x17:00000000 x28:0000000a
26965381ns          465604 1c0094c8 0002d583 lhu              x11, 0(x5)          x11=0000ffe7  x5:1c002eaa  PA:1c002eaa
26965699ns          465620 1c0094cc 03ce0fb3 mul              x31, x28, x28       x31=00000064 x28:0000000a x28:0000000a
26965719ns          465621 1c0094d0 02e50733 mul              x14, x10, x14       x14=fffffa06 x10:fffffff1 x14:00000066
26965739ns          465622 1c0094d4 40a85813 srai             x16, x16, 0x40a     x16=ffffffff x16:ffffffce
26965759ns          465623 1c0094d8 03c50533 mul              x10, x10, x28       x10=ffffff6a x10:fffffff1 x28:0000000a
26965779ns          465624 1c0094dc 07015e03 lhu              x28, 112(x2)        x28=0000000d  x2:10002cd8  PA:10002d48
26965819ns          465626 1c0094e0 01b60633 add              x12, x12, x27       x12=000006b1 x12:00000066 x27:0000064b
26965838ns          465627 1c0094e2 00980833 add              x16, x16, x9        x16=0000ffef x16:ffffffff  x9:0000fff0
26965858ns          465628 1c0094e4 06015d83 lhu              x27, 96(x2)         x27=00000032  x2:10002cd8  PA:10002d38
26965878ns          465629 1c0094e8 02812483 lw               x9, 40(x2)           x9=1c002eca  x2:10002cd8  PA:10002d00
26965898ns          465630 1c0094ea 40afdf93 srai             x31, x31, 0x40a     x31=00000000 x31:00000064
26965918ns          465631 1c0094ee 40a55513 srai             x10, x10, 0x40a     x10=ffffffff x10:ffffff6a
26965938ns          465632 1c0094f0 01cf8fb3 add              x31, x31, x28       x31=0000000d x31:00000000 x28:0000000d
26965958ns          465633 1c0094f2 00b50533 add              x10, x10, x11       x10=0000ffe6 x10:ffffffff x11:0000ffe7
26965978ns          465634 1c0094f4 09015e03 lhu              x28, 144(x2)        x28=0000ffaa  x2:10002cd8  PA:10002d68
26965998ns          465635 1c0094f8 03012583 lw               x11, 48(x2)         x11=1c002eda  x2:10002cd8  PA:10002d08
26966017ns          465636 1c0094fa 00c49023 sh               x12, 0(x9)          x12:000006b1  x9:1c002eca  PA:1c002eca
26966336ns          465652 1c0094fe 01b888b3 add              x17, x17, x27       x17=00000032 x17:00000000 x27:00000032
26966355ns          465653 1c009500 01a30333 add              x6, x6, x26          x6=000000f7  x6:0000000a x26:000000ed
26966375ns          465654 1c009502 08015d83 lhu              x27, 128(x2)        x27=00000004  x2:10002cd8  PA:10002d58
26966395ns          465655 1c009506 0000d903 lhu              x18, 0(x1)          x18=0000ffbf  x1:1c002e8a  PA:1c002e8a
26966713ns          465671 1c00950a 01c686b3 add              x13, x13, x28       x13=0001ffa5 x13:0000fffb x28:0000ffaa
26966733ns          465672 1c00950c 00659023 sh               x6, 0(x11)           x6:000000f7 x11:1c002eda  PA:1c002eda
26967052ns          465688 1c009510 40af5f13 srai             x30, x30, 0x40a     x30=00000000 x30:00000000
26967071ns          465689 1c009514 04812e03 lw               x28, 72(x2)         x28=1c002f0a  x2:10002cd8  PA:10002d20
26967091ns          465690 1c009516 01bf0f33 add              x30, x30, x27       x30=00000004 x30:00000000 x27:00000004
26967111ns          465691 1c009518 40aede93 srai             x29, x29, 0x40a     x29=ffffffff x29:fffffe02
26967131ns          465692 1c00951c 40a75713 srai             x14, x14, 0x40a     x14=fffffffe x14:fffffa06
26967151ns          465693 1c00951e 03812603 lw               x12, 56(x2)         x12=1c002eea  x2:10002cd8  PA:10002d10
26967171ns          465694 1c009520 04012d83 lw               x27, 64(x2)         x27=1c002efa  x2:10002cd8  PA:10002d18
26967191ns          465695 1c009522 01ee1023 sh               x30, 0(x28)         x30:00000004 x28:1c002f0a  PA:1c002f0a
26967529ns          465712 1c009526 05812483 lw               x9, 88(x2)           x9=1c002e6a  x2:10002cd8  PA:10002d30
26967549ns          465713 1c009528 05012f03 lw               x30, 80(x2)         x30=1c002e7a  x2:10002cd8  PA:10002d28
26967569ns          465714 1c00952a 0a012583 lw               x11, 160(x2)        x11=1c002e9a  x2:10002cd8  PA:10002d78
26967589ns          465715 1c00952c 014787b3 add              x15, x15, x20       x15=0001feb8 x15:0000fff1 x20:0000fec7
26967608ns          465716 1c00952e 013e8eb3 add              x29, x29, x19       x29=0000ffe3 x29:ffffffff x19:0000ffe4
26967628ns          465717 1c009530 01270733 add              x14, x14, x18       x14=0000ffbd x14:fffffffe x18:0000ffbf
26967648ns          465718 1c009532 00f49023 sh               x15, 0(x9)          x15:0001feb8  x9:1c002e6a  PA:1c002e6a
26967986ns          465735 1c009536 01161023 sh               x17, 0(x12)         x17:00000032 x12:1c002eea  PA:1c002eea
26968305ns          465751 1c00953a 01fd9023 sh               x31, 0(x27)         x31:0000000d x27:1c002efa  PA:1c002efa
26968623ns          465767 1c00953e 00df1023 sh               x13, 0(x30)         x13:0001ffa5 x30:1c002e7a  PA:1c002e7a
26968961ns          465784 1c009542 01d59023 sh               x29, 0(x11)         x29:0000ffe3 x11:1c002e9a  PA:1c002e9a
26969299ns          465801 1c009546 00e09023 sh               x14, 0(x1)          x14:0000ffbd  x1:1c002e8a  PA:1c002e8a
26969617ns          465817 1c00954a 01039023 sh               x16, 0(x7)          x16:0000ffef  x7:1c002eba  PA:1c002eba
26969935ns          465833 1c00954e 00a29023 sh               x10, 0(x5)          x10:0000ffe6  x5:1c002eaa  PA:1c002eaa
26970273ns          465850 1c009552 008b0b13 addi             x22, x22, 8         x22=000000ad x22:000000a5
26970293ns          465851 1c009554 1f300793 addi             x15, x0, 499        x15=000001f3
26970313ns          465852 1c009558 e767dae3 bge              x15, x22, -396      x15:000001f3 x22:000000ad
26970373ns          465855 1c0093cc 010c9a0b p.lh             x20, 16(x25!)       x20=fffffec7 x25=1c0027f2 x25:1c0027e2  PA:1c0027e2
26970671ns          465870 1c0093d0 0104198b p.lh             x19, 16(x8!)        x19=00000024  x8=1c001fba  x8:1c001faa  PA:1c001faa
26970989ns          465886 1c0093d4 2cc10513 addi             x10, x2, 716        x10=10002fa4  x2:10002cd8
26971009ns          465887 1c0093d6 010a990b p.lh             x18, 16(x21!)       x18=fffffec3 x21=1c0017e6 x21:1c0017d6  PA:1c0017d6
26971327ns          465903 1c0093da 010b948b p.lh             x9, 16(x23!)         x9=00000034 x23=1c001016 x23:1c001006  PA:1c001006
26971626ns          465918 1c0093de 2d411623 sh               x20, 716(x2)        x20:fffffec7  x2:10002cd8  PA:10002fa4
26971646ns          465919 1c0093e2 2d311723 sh               x19, 718(x2)        x19:00000024  x2:10002cd8  PA:10002fa6
26971666ns          465920 1c0093e6 c33ff0ef jal              x1, -974             x1=1c0093e8
26971745ns          465924 1c009018 00051803 lh               x16, 0(x10)         x16=fffffec7 x10:10002fa4  PA:10002fa4
26971785ns          465926 1c00901c 00251883 lh               x17, 2(x10)         x17=00000024 x10:10002fa4  PA:10002fa6
26971825ns          465928 1c009020 030806b3 mul              x13, x16, x16       x13=00017eb1 x16:fffffec7 x16:fffffec7
26971845ns          465929 1c009024 03188633 mul              x12, x17, x17       x12=00000510 x17:00000024 x17:00000024
26971864ns          465930 1c009028 40a65613 srai             x12, x12, 0x40a     x12=00000001 x12:00000510
26971884ns          465931 1c00902a 40a6d693 srai             x13, x13, 0x40a     x13=0000005f x13:00017eb1
26971904ns          465932 1c00902c 00c686b3 add              x13, x13, x12       x13=00000060 x13:0000005f x12:00000001
26971924ns          465933 1c00902e 1006c633 p.exths          x12, x13, x0        x12=00000060 x13:00000060
26971944ns          465934 1c009032 00855703 lhu              x14, 8(x10)         x14=0000ffd1 x10:10002fa4  PA:10002fac
26971964ns          465935 1c009036 00a55683 lhu              x13, 10(x10)        x13=0000ff6a x10:10002fa4  PA:10002fae
26971984ns          465936 1c00903a 02c60333 mul              x6, x12, x12         x6=00002400 x12:00000060 x12:00000060
26972043ns          465939 1c00903e 00c55783 lhu              x15, 12(x10)        x15=0000ffe5 x10:10002fa4  PA:10002fb0
26972083ns          465941 1c009042 00e55583 lhu              x11, 14(x10)        x11=00000060 x10:10002fa4  PA:10002fb2
26972103ns          465942 1c009046 dea30333 p.extract        x6, x6, 15, 10       x6=00000009  x6:00002400
26972123ns          465943 1c00904a 80c7075b p.muls           x14, x14, x12       x14=ffffee60 x14:0000ffd1 x12:00000060
26972143ns          465944 1c00904e 80c686db p.muls           x13, x13, x12       x13=ffffc7c0 x13:0000ff6a x12:00000060
26972163ns          465945 1c009052 00455e83 lhu              x29, 4(x10)         x29=00000427 x10:10002fa4  PA:10002fa8
26972183ns          465946 1c009056 00655e03 lhu              x28, 6(x10)         x28=0000007f x10:10002fa4  PA:10002faa
26972203ns          465947 1c00905a 40a75713 srai             x14, x14, 0x40a     x14=fffffffb x14:ffffee60
26972222ns          465948 1c00905c 806787db p.muls           x15, x15, x6        x15=ffffff0d x15:0000ffe5  x6:00000009
26972242ns          465949 1c009060 40a6d693 srai             x13, x13, 0x40a     x13=fffffff1 x13:ffffc7c0
26972262ns          465950 1c009062 8065865b p.muls           x12, x11, x6        x12=00000360 x11:00000060  x6:00000009
26972282ns          465951 1c009066 40a7d793 srai             x15, x15, 0x40a     x15=ffffffff x15:ffffff0d
26972302ns          465952 1c009068 40a65613 srai             x12, x12, 0x40a     x12=00000000 x12:00000360
26972322ns          465953 1c00906a 01d70733 add              x14, x14, x29       x14=00000422 x14:fffffffb x29:00000427
26972342ns          465954 1c00906c 01c686b3 add              x13, x13, x28       x13=00000070 x13:fffffff1 x28:0000007f
26972362ns          465955 1c00906e 00c686b3 add              x13, x13, x12       x13=00000070 x13:00000070 x12:00000000
26972382ns          465956 1c009070 00f70733 add              x14, x14, x15       x14=00000421 x14:00000422 x15:ffffffff
26972401ns          465957 1c009072 100747b3 p.exths          x15, x14, x0        x15=00000421 x14:00000421
26972421ns          465958 1c009076 1006c733 p.exths          x14, x13, x0        x14=00000070 x13:00000070
26972441ns          465959 1c00907a 03170633 mul              x12, x14, x17       x12=00000fc0 x14:00000070 x17:00000024
26972461ns          465960 1c00907e 030786b3 mul              x13, x15, x16       x13=fffaf3a7 x15:00000421 x16:fffffec7
26972481ns          465961 1c009082 03070733 mul              x14, x14, x16       x14=ffff7710 x14:00000070 x16:fffffec7
26972501ns          465962 1c009086 031787b3 mul              x15, x15, x17       x15=000094a4 x15:00000421 x17:00000024
26972521ns          465963 1c00908a 40a6d693 srai             x13, x13, 0x40a     x13=fffffebc x13:fffaf3a7
26972541ns          465964 1c00908c 40a65613 srai             x12, x12, 0x40a     x12=00000003 x12:00000fc0
26972561ns          465965 1c00908e 40a7d793 srai             x15, x15, 0x40a     x15=00000025 x15:000094a4
26972580ns          465966 1c009090 40a75713 srai             x14, x14, 0x40a     x14=ffffffdd x14:ffff7710
26972600ns          465967 1c009092 40c686b3 sub              x13, x13, x12       x13=fffffeb9 x13:fffffebc x12:00000003
26972620ns          465968 1c009094 00e787b3 add              x15, x15, x14       x15=00000002 x15:00000025 x14:ffffffdd
26972640ns          465969 1c009096 00d51823 sh               x13, 16(x10)        x13:fffffeb9 x10:10002fa4  PA:10002fb4
26972660ns          465970 1c00909a 00f51923 sh               x15, 18(x10)        x15:00000002 x10:10002fa4  PA:10002fb6
26972680ns          465971 1c00909e 00008067 jalr             x0, x1, 0            x1:1c0093e8
26972740ns          465974 1c0093e8 2dc15583 lhu              x11, 732(x2)        x11=0000feb9  x2:10002cd8  PA:10002fb4
26972759ns          465975 1c0093ec 2de15783 lhu              x15, 734(x2)        x15=00000002  x2:10002cd8  PA:10002fb6
26972779ns          465976 1c0093f0 40b90933 sub              x18, x18, x11       x18=ffff000a x18:fffffec3 x11:0000feb9
26972799ns          465977 1c0093f4 40f484b3 sub              x9, x9, x15          x9=00000032  x9:00000034 x15:00000002
26972819ns          465978 1c0093f6 100945b3 p.exths          x11, x18, x0        x11=0000000a x18:ffff000a
26972839ns          465979 1c0093fa 1004c7b3 p.exths          x15, x9, x0         x15=00000032  x9:00000032
26972859ns          465980 1c0093fe 034586b3 mul              x13, x11, x20       x13=fffff3c6 x11:0000000a x20:fffffec7
26972879ns          465981 1c009402 03378533 mul              x10, x15, x19       x10=00000708 x15:00000032 x19:00000024
26972899ns          465982 1c009406 034a0633 mul              x12, x20, x20       x12=00017eb1 x20:fffffec7 x20:fffffec7
26972919ns          465983 1c00940a 03398733 mul              x14, x19, x19       x14=00000510 x19:00000024 x19:00000024
26972978ns          465986 1c00940e 034787b3 mul              x15, x15, x20       x15=ffffc2de x15:00000032 x20:fffffec7
26973018ns          465988 1c009412 033585b3 mul              x11, x11, x19       x11=00000168 x11:0000000a x19:00000024
26973038ns          465989 1c009416 40a75713 srai             x14, x14, 0x40a     x14=00000001 x14:00000510
26973058ns          465990 1c009418 40a5d593 srai             x11, x11, 0x40a     x11=00000000 x11:00000168
26973078ns          465991 1c00941a 40a65613 srai             x12, x12, 0x40a     x12=0000005f x12:00017eb1
26973098ns          465992 1c00941c 40a7d793 srai             x15, x15, 0x40a     x15=fffffff0 x15:ffffc2de
26973117ns          465993 1c00941e 1c0034b7 lui              x9, 0x1c003000       x9=1c003000
26973137ns          465994 1c009422 00e60633 add              x12, x12, x14       x12=00000060 x12:0000005f x14:00000001
26973157ns          465995 1c009424 40b787b3 sub              x15, x15, x11       x15=fffffff0 x15:fffffff0 x11:00000000
26973177ns          465996 1c009426 eb048493 addi             x9, x9, -336         x9=1c002eb0  x9:1c003000
26973197ns          465997 1c00942a 1c0032b7 lui              x5, 0x1c003000       x5=1c003000
26973217ns          465998 1c00942e 1c0035b7 lui              x11, 0x1c003000     x11=1c003000
26973237ns          465999 1c009432 018483b3 add              x7, x9, x24          x7=1c002eba  x9:1c002eb0 x24:0000000a
26973257ns          466000 1c009436 02812e83 lw               x29, 40(x2)         x29=1c002eca  x2:10002cd8  PA:10002d00
26973277ns          466001 1c009438 10065633 p.exthz          x12, x12, x0        x12=00000060 x12:00000060
26973296ns          466002 1c00943c e8028293 addi             x5, x5, -384         x5=1c002e80  x5:1c003000
26973316ns          466003 1c009440 ea058593 addi             x11, x11, -352      x11=1c002ea0 x11:1c003000
26973336ns          466004 1c009444 03812483 lw               x9, 56(x2)           x9=1c002eea  x2:10002cd8  PA:10002d10
26973356ns          466005 1c009446 10064733 p.exths          x14, x12, x0        x14=00000060 x12:00000060
26973376ns          466006 1c00944a 018280b3 add              x1, x5, x24          x1=1c002e8a  x5:1c002e80 x24:0000000a
26973396ns          466007 1c00944e 03012f03 lw               x30, 48(x2)         x30=1c002eda  x2:10002cd8  PA:10002d08
26973416ns          466008 1c009450 018582b3 add              x5, x11, x24         x5=1c002eaa x11:1c002ea0 x24:0000000a
26973436ns          466009 1c009454 04012583 lw               x11, 64(x2)         x11=1c002efa  x2:10002cd8  PA:10002d18
26973456ns          466010 1c009456 000edd83 lhu              x27, 0(x29)         x27=000006b1 x29:1c002eca  PA:1c002eca
26973754ns          466025 1c00945a 0004d483 lhu              x9, 0(x9)            x9=00000032  x9:1c002eea  PA:1c002eea
26974052ns          466040 1c00945e 02e70333 mul              x6, x14, x14         x6=00002400 x14:00000060 x14:00000060
26974072ns          466041 1c009462 40a55513 srai             x10, x10, 0x40a     x10=00000001 x10:00000708
26974092ns          466042 1c009464 04812e83 lw               x29, 72(x2)         x29=1c002f0a  x2:10002cd8  PA:10002d20
26974112ns          466043 1c009466 40a6d693 srai             x13, x13, 0x40a     x13=fffffffc x13:fffff3c6
26974132ns          466044 1c009468 000f5d03 lhu              x26, 0(x30)         x26=000000f7 x30:1c002eda  PA:1c002eda
26974430ns          466059 1c00946c 0005d583 lhu              x11, 0(x11)         x11=0000000d x11:1c002efa  PA:1c002efa
26974808ns          466078 1c009470 40a35313 srai             x6, x6, 0x40a        x6=00000009  x6:00002400
26974828ns          466079 1c009474 00a686b3 add              x13, x13, x10       x13=fffffffd x13:fffffffc x10:00000001
26974848ns          466080 1c009476 05012f03 lw               x30, 80(x2)         x30=1c002e7a  x2:10002cd8  PA:10002d28
26974868ns          466081 1c009478 10034e33 p.exths          x28, x6, x0         x28=00000009  x6:00000009
26974887ns          466082 1c00947c 06911023 sh               x9, 96(x2)           x9:00000032  x2:10002cd8  PA:10002d38
26974907ns          466083 1c009480 000ede83 lhu              x29, 0(x29)         x29=00000004 x29:1c002f0a  PA:1c002f0a
26975226ns          466099 1c009484 05812483 lw               x9, 88(x2)           x9=1c002e6a  x2:10002cd8  PA:10002d30
26975245ns          466100 1c009486 1006d6b3 p.exthz          x13, x13, x0        x13=0000fffd x13:fffffffd
26975265ns          466101 1c00948a 02ee08b3 mul              x17, x28, x14       x17=00000360 x28:00000009 x14:00000060
26975285ns          466102 1c00948e 1006c833 p.exths          x16, x13, x0        x16=fffffffd x13:0000fffd
26975305ns          466103 1c009492 06b11823 sh               x11, 112(x2)        x11:0000000d  x2:10002cd8  PA:10002d48
26975325ns          466104 1c009496 000f5f03 lhu              x30, 0(x30)         x30=0000ffa5 x30:1c002e7a  PA:1c002e7a
26975623ns          466119 1c00949a 0a012583 lw               x11, 160(x2)        x11=1c002e9a  x2:10002cd8  PA:10002d78
26975643ns          466120 1c00949c 1007d7b3 p.exthz          x15, x15, x0        x15=0000fff0 x15:fffffff0
26975663ns          466121 1c0094a0 0004da03 lhu              x20, 0(x9)          x20=0000feb8  x9:1c002e6a  PA:1c002e6a
26975961ns          466136 1c0094a4 1007c533 p.exths          x10, x15, x0        x10=fffffff0 x15:0000fff0
26975981ns          466137 1c0094a8 09d11023 sh               x29, 128(x2)        x29:00000004  x2:10002cd8  PA:10002d58
26976001ns          466138 1c0094ac 0003d483 lhu              x9, 0(x7)            x9=0000ffef  x7:1c002eba  PA:1c002eba
26976299ns          466153 1c0094b0 02e80eb3 mul              x29, x16, x14       x29=fffffee0 x16:fffffffd x14:00000060
26976319ns          466154 1c0094b4 40a8d893 srai             x17, x17, 0x40a     x17=00000000 x17:00000360
26976339ns          466155 1c0094b8 03c80833 mul              x16, x16, x28       x16=ffffffe5 x16:fffffffd x28:00000009
26976359ns          466156 1c0094bc 09e11823 sh               x30, 144(x2)        x30:0000ffa5  x2:10002cd8  PA:10002d68
26976379ns          466157 1c0094c0 0005d983 lhu              x19, 0(x11)         x19=0000ffe3 x11:1c002e9a  PA:1c002e9a
26976777ns          466177 1c0094c4 81c88f5b p.muls           x30, x17, x28       x30=00000000 x17:00000000 x28:00000009
26976797ns          466178 1c0094c8 0002d583 lhu              x11, 0(x5)          x11=0000ffe6  x5:1c002eaa  PA:1c002eaa
26977135ns          466195 1c0094cc 03ce0fb3 mul              x31, x28, x28       x31=00000051 x28:00000009 x28:00000009
26977155ns          466196 1c0094d0 02e50733 mul              x14, x10, x14       x14=fffffa00 x10:fffffff0 x14:00000060
26977175ns          466197 1c0094d4 40a85813 srai             x16, x16, 0x40a     x16=ffffffff x16:ffffffe5
26977194ns          466198 1c0094d8 03c50533 mul              x10, x10, x28       x10=ffffff70 x10:fffffff0 x28:00000009
26977214ns          466199 1c0094dc 07015e03 lhu              x28, 112(x2)        x28=0000000d  x2:10002cd8  PA:10002d48
26977254ns          466201 1c0094e0 01b60633 add              x12, x12, x27       x12=00000711 x12:00000060 x27:000006b1
26977274ns          466202 1c0094e2 00980833 add              x16, x16, x9        x16=0000ffee x16:ffffffff  x9:0000ffef
26977294ns          466203 1c0094e4 06015d83 lhu              x27, 96(x2)         x27=00000032  x2:10002cd8  PA:10002d38
26977314ns          466204 1c0094e8 02812483 lw               x9, 40(x2)           x9=1c002eca  x2:10002cd8  PA:10002d00
26977334ns          466205 1c0094ea 40afdf93 srai             x31, x31, 0x40a     x31=00000000 x31:00000051
26977354ns          466206 1c0094ee 40a55513 srai             x10, x10, 0x40a     x10=ffffffff x10:ffffff70
26977373ns          466207 1c0094f0 01cf8fb3 add              x31, x31, x28       x31=0000000d x31:00000000 x28:0000000d
26977393ns          466208 1c0094f2 00b50533 add              x10, x10, x11       x10=0000ffe5 x10:ffffffff x11:0000ffe6
26977413ns          466209 1c0094f4 09015e03 lhu              x28, 144(x2)        x28=0000ffa5  x2:10002cd8  PA:10002d68
26977433ns          466210 1c0094f8 03012583 lw               x11, 48(x2)         x11=1c002eda  x2:10002cd8  PA:10002d08
26977453ns          466211 1c0094fa 00c49023 sh               x12, 0(x9)          x12:00000711  x9:1c002eca  PA:1c002eca
26977791ns          466228 1c0094fe 01b888b3 add              x17, x17, x27       x17=00000032 x17:00000000 x27:00000032
26977811ns          466229 1c009500 01a30333 add              x6, x6, x26          x6=00000100  x6:00000009 x26:000000f7
26977831ns          466230 1c009502 08015d83 lhu              x27, 128(x2)        x27=00000004  x2:10002cd8  PA:10002d58
26977851ns          466231 1c009506 0000d903 lhu              x18, 0(x1)          x18=0000ffbd  x1:1c002e8a  PA:1c002e8a
26978169ns          466247 1c00950a 01c686b3 add              x13, x13, x28       x13=0001ffa2 x13:0000fffd x28:0000ffa5
26978189ns          466248 1c00950c 00659023 sh               x6, 0(x11)           x6:00000100 x11:1c002eda  PA:1c002eda
26978507ns          466264 1c009510 40af5f13 srai             x30, x30, 0x40a     x30=00000000 x30:00000000
26978527ns          466265 1c009514 04812e03 lw               x28, 72(x2)         x28=1c002f0a  x2:10002cd8  PA:10002d20
26978547ns          466266 1c009516 01bf0f33 add              x30, x30, x27       x30=00000004 x30:00000000 x27:00000004
26978567ns          466267 1c009518 40aede93 srai             x29, x29, 0x40a     x29=ffffffff x29:fffffee0
26978587ns          466268 1c00951c 40a75713 srai             x14, x14, 0x40a     x14=fffffffe x14:fffffa00
26978606ns          466269 1c00951e 03812603 lw               x12, 56(x2)         x12=1c002eea  x2:10002cd8  PA:10002d10
26978626ns          466270 1c009520 04012d83 lw               x27, 64(x2)         x27=1c002efa  x2:10002cd8  PA:10002d18
26978646ns          466271 1c009522 01ee1023 sh               x30, 0(x28)         x30:00000004 x28:1c002f0a  PA:1c002f0a
26978964ns          466287 1c009526 05812483 lw               x9, 88(x2)           x9=1c002e6a  x2:10002cd8  PA:10002d30
26978984ns          466288 1c009528 05012f03 lw               x30, 80(x2)         x30=1c002e7a  x2:10002cd8  PA:10002d28
26979004ns          466289 1c00952a 0a012583 lw               x11, 160(x2)        x11=1c002e9a  x2:10002cd8  PA:10002d78
26979024ns          466290 1c00952c 014787b3 add              x15, x15, x20       x15=0001fea8 x15:0000fff0 x20:0000feb8
26979044ns          466291 1c00952e 013e8eb3 add              x29, x29, x19       x29=0000ffe2 x29:ffffffff x19:0000ffe3
26979064ns          466292 1c009530 01270733 add              x14, x14, x18       x14=0000ffbb x14:fffffffe x18:0000ffbd
26979084ns          466293 1c009532 00f49023 sh               x15, 0(x9)          x15:0001fea8  x9:1c002e6a  PA:1c002e6a
26979422ns          466310 1c009536 01161023 sh               x17, 0(x12)         x17:00000032 x12:1c002eea  PA:1c002eea
26979740ns          466326 1c00953a 01fd9023 sh               x31, 0(x27)         x31:0000000d x27:1c002efa  PA:1c002efa
26980058ns          466342 1c00953e 00df1023 sh               x13, 0(x30)         x13:0001ffa2 x30:1c002e7a  PA:1c002e7a
26980396ns          466359 1c009542 01d59023 sh               x29, 0(x11)         x29:0000ffe2 x11:1c002e9a  PA:1c002e9a
26980735ns          466376 1c009546 00e09023 sh               x14, 0(x1)          x14:0000ffbb  x1:1c002e8a  PA:1c002e8a
26981053ns          466392 1c00954a 01039023 sh               x16, 0(x7)          x16:0000ffee  x7:1c002eba  PA:1c002eba
26981371ns          466408 1c00954e 00a29023 sh               x10, 0(x5)          x10:0000ffe5  x5:1c002eaa  PA:1c002eaa
26981689ns          466424 1c009552 008b0b13 addi             x22, x22, 8         x22=000000b5 x22:000000ad
26981709ns          466425 1c009554 1f300793 addi             x15, x0, 499        x15=000001f3
26981729ns          466426 1c009558 e767dae3 bge              x15, x22, -396      x15:000001f3 x22:000000b5
26981828ns          466431 1c0093cc 010c9a0b p.lh             x20, 16(x25!)       x20=ffffff24 x25=1c002802 x25:1c0027f2  PA:1c0027f2
26982166ns          466448 1c0093d0 0104198b p.lh             x19, 16(x8!)        x19=00000006  x8=1c001fca  x8:1c001fba  PA:1c001fba
26982465ns          466463 1c0093d4 2cc10513 addi             x10, x2, 716        x10=10002fa4  x2:10002cd8
26982485ns          466464 1c0093d6 010a990b p.lh             x18, 16(x21!)       x18=ffffff27 x21=1c0017f6 x21:1c0017e6  PA:1c0017e6
26982803ns          466480 1c0093da 010b948b p.lh             x9, 16(x23!)         x9=00000012 x23=1c001026 x23:1c001016  PA:1c001016
26983101ns          466495 1c0093de 2d411623 sh               x20, 716(x2)        x20:ffffff24  x2:10002cd8  PA:10002fa4
26983121ns          466496 1c0093e2 2d311723 sh               x19, 718(x2)        x19:00000006  x2:10002cd8  PA:10002fa6
26983141ns          466497 1c0093e6 c33ff0ef jal              x1, -974             x1=1c0093e8
26983221ns          466501 1c009018 00051803 lh               x16, 0(x10)         x16=ffffff24 x10:10002fa4  PA:10002fa4
26983280ns          466504 1c00901c 00251883 lh               x17, 2(x10)         x17=00000006 x10:10002fa4  PA:10002fa6
26983360ns          466508 1c009020 030806b3 mul              x13, x16, x16       x13=0000bd10 x16:ffffff24 x16:ffffff24
26983380ns          466509 1c009024 03188633 mul              x12, x17, x17       x12=00000024 x17:00000006 x17:00000006
26983400ns          466510 1c009028 40a65613 srai             x12, x12, 0x40a     x12=00000000 x12:00000024
26983419ns          466511 1c00902a 40a6d693 srai             x13, x13, 0x40a     x13=0000002f x13:0000bd10
26983439ns          466512 1c00902c 00c686b3 add              x13, x13, x12       x13=0000002f x13:0000002f x12:00000000
26983459ns          466513 1c00902e 1006c633 p.exths          x12, x13, x0        x12=0000002f x13:0000002f
26983479ns          466514 1c009032 00855703 lhu              x14, 8(x10)         x14=0000ffd1 x10:10002fa4  PA:10002fac
26983539ns          466517 1c009036 00a55683 lhu              x13, 10(x10)        x13=0000ff6a x10:10002fa4  PA:10002fae
26983559ns          466518 1c00903a 02c60333 mul              x6, x12, x12         x6=000008a1 x12:0000002f x12:0000002f
26983578ns          466519 1c00903e 00c55783 lhu              x15, 12(x10)        x15=0000ffe5 x10:10002fa4  PA:10002fb0
26983618ns          466521 1c009042 00e55583 lhu              x11, 14(x10)        x11=00000060 x10:10002fa4  PA:10002fb2
26983638ns          466522 1c009046 dea30333 p.extract        x6, x6, 15, 10       x6=00000002  x6:000008a1
26983658ns          466523 1c00904a 80c7075b p.muls           x14, x14, x12       x14=fffff75f x14:0000ffd1 x12:0000002f
26983678ns          466524 1c00904e 80c686db p.muls           x13, x13, x12       x13=ffffe476 x13:0000ff6a x12:0000002f
26983698ns          466525 1c009052 00455e83 lhu              x29, 4(x10)         x29=00000427 x10:10002fa4  PA:10002fa8
26983718ns          466526 1c009056 00655e03 lhu              x28, 6(x10)         x28=0000007f x10:10002fa4  PA:10002faa
26983738ns          466527 1c00905a 40a75713 srai             x14, x14, 0x40a     x14=fffffffd x14:fffff75f
26983757ns          466528 1c00905c 806787db p.muls           x15, x15, x6        x15=ffffffca x15:0000ffe5  x6:00000002
26983777ns          466529 1c009060 40a6d693 srai             x13, x13, 0x40a     x13=fffffff9 x13:ffffe476
26983817ns          466531 1c009062 8065865b p.muls           x12, x11, x6        x12=000000c0 x11:00000060  x6:00000002
26983837ns          466532 1c009066 40a7d793 srai             x15, x15, 0x40a     x15=ffffffff x15:ffffffca
26983857ns          466533 1c009068 40a65613 srai             x12, x12, 0x40a     x12=00000000 x12:000000c0
26983877ns          466534 1c00906a 01d70733 add              x14, x14, x29       x14=00000424 x14:fffffffd x29:00000427
26983897ns          466535 1c00906c 01c686b3 add              x13, x13, x28       x13=00000078 x13:fffffff9 x28:0000007f
26983917ns          466536 1c00906e 00c686b3 add              x13, x13, x12       x13=00000078 x13:00000078 x12:00000000
26983936ns          466537 1c009070 00f70733 add              x14, x14, x15       x14=00000423 x14:00000424 x15:ffffffff
26983956ns          466538 1c009072 100747b3 p.exths          x15, x14, x0        x15=00000423 x14:00000423
26983976ns          466539 1c009076 1006c733 p.exths          x14, x13, x0        x14=00000078 x13:00000078
26983996ns          466540 1c00907a 03170633 mul              x12, x14, x17       x12=000002d0 x14:00000078 x17:00000006
26984016ns          466541 1c00907e 030786b3 mul              x13, x15, x16       x13=fffc71ec x15:00000423 x16:ffffff24
26984036ns          466542 1c009082 03070733 mul              x14, x14, x16       x14=ffff98e0 x14:00000078 x16:ffffff24
26984056ns          466543 1c009086 031787b3 mul              x15, x15, x17       x15=000018d2 x15:00000423 x17:00000006
26984076ns          466544 1c00908a 40a6d693 srai             x13, x13, 0x40a     x13=ffffff1c x13:fffc71ec
26984096ns          466545 1c00908c 40a65613 srai             x12, x12, 0x40a     x12=00000000 x12:000002d0
26984115ns          466546 1c00908e 40a7d793 srai             x15, x15, 0x40a     x15=00000006 x15:000018d2
26984135ns          466547 1c009090 40a75713 srai             x14, x14, 0x40a     x14=ffffffe6 x14:ffff98e0
26984155ns          466548 1c009092 40c686b3 sub              x13, x13, x12       x13=ffffff1c x13:ffffff1c x12:00000000
26984175ns          466549 1c009094 00e787b3 add              x15, x15, x14       x15=ffffffec x15:00000006 x14:ffffffe6
26984195ns          466550 1c009096 00d51823 sh               x13, 16(x10)        x13:ffffff1c x10:10002fa4  PA:10002fb4
26984215ns          466551 1c00909a 00f51923 sh               x15, 18(x10)        x15:ffffffec x10:10002fa4  PA:10002fb6
26984235ns          466552 1c00909e 00008067 jalr             x0, x1, 0            x1:1c0093e8
26984314ns          466556 1c0093e8 2dc15583 lhu              x11, 732(x2)        x11=0000ff1c  x2:10002cd8  PA:10002fb4
26984394ns          466560 1c0093ec 2de15783 lhu              x15, 734(x2)        x15=0000ffec  x2:10002cd8  PA:10002fb6
26984414ns          466561 1c0093f0 40b90933 sub              x18, x18, x11       x18=ffff000b x18:ffffff27 x11:0000ff1c
26984434ns          466562 1c0093f4 40f484b3 sub              x9, x9, x15          x9=ffff0026  x9:00000012 x15:0000ffec
26984454ns          466563 1c0093f6 100945b3 p.exths          x11, x18, x0        x11=0000000b x18:ffff000b
26984473ns          466564 1c0093fa 1004c7b3 p.exths          x15, x9, x0         x15=00000026  x9:ffff0026
26984493ns          466565 1c0093fe 034586b3 mul              x13, x11, x20       x13=fffff68c x11:0000000b x20:ffffff24
26984513ns          466566 1c009402 03378533 mul              x10, x15, x19       x10=000000e4 x15:00000026 x19:00000006
26984533ns          466567 1c009406 034a0633 mul              x12, x20, x20       x12=0000bd10 x20:ffffff24 x20:ffffff24
26984553ns          466568 1c00940a 03398733 mul              x14, x19, x19       x14=00000024 x19:00000006 x19:00000006
26984613ns          466571 1c00940e 034787b3 mul              x15, x15, x20       x15=ffffdf58 x15:00000026 x20:ffffff24
26984652ns          466573 1c009412 033585b3 mul              x11, x11, x19       x11=00000042 x11:0000000b x19:00000006
26984672ns          466574 1c009416 40a75713 srai             x14, x14, 0x40a     x14=00000000 x14:00000024
26984692ns          466575 1c009418 40a5d593 srai             x11, x11, 0x40a     x11=00000000 x11:00000042
26984712ns          466576 1c00941a 40a65613 srai             x12, x12, 0x40a     x12=0000002f x12:0000bd10
26984732ns          466577 1c00941c 40a7d793 srai             x15, x15, 0x40a     x15=fffffff7 x15:ffffdf58
26984752ns          466578 1c00941e 1c0034b7 lui              x9, 0x1c003000       x9=1c003000
26984772ns          466579 1c009422 00e60633 add              x12, x12, x14       x12=0000002f x12:0000002f x14:00000000
26984792ns          466580 1c009424 40b787b3 sub              x15, x15, x11       x15=fffffff7 x15:fffffff7 x11:00000000
26984812ns          466581 1c009426 eb048493 addi             x9, x9, -336         x9=1c002eb0  x9:1c003000
26984831ns          466582 1c00942a 1c0032b7 lui              x5, 0x1c003000       x5=1c003000
26984851ns          466583 1c00942e 1c0035b7 lui              x11, 0x1c003000     x11=1c003000
26984871ns          466584 1c009432 018483b3 add              x7, x9, x24          x7=1c002eba  x9:1c002eb0 x24:0000000a
26984891ns          466585 1c009436 02812e83 lw               x29, 40(x2)         x29=1c002eca  x2:10002cd8  PA:10002d00
26984911ns          466586 1c009438 10065633 p.exthz          x12, x12, x0        x12=0000002f x12:0000002f
26984931ns          466587 1c00943c e8028293 addi             x5, x5, -384         x5=1c002e80  x5:1c003000
26984951ns          466588 1c009440 ea058593 addi             x11, x11, -352      x11=1c002ea0 x11:1c003000
26984971ns          466589 1c009444 03812483 lw               x9, 56(x2)           x9=1c002eea  x2:10002cd8  PA:10002d10
26984991ns          466590 1c009446 10064733 p.exths          x14, x12, x0        x14=0000002f x12:0000002f
26985010ns          466591 1c00944a 018280b3 add              x1, x5, x24          x1=1c002e8a  x5:1c002e80 x24:0000000a
26985030ns          466592 1c00944e 03012f03 lw               x30, 48(x2)         x30=1c002eda  x2:10002cd8  PA:10002d08
26985050ns          466593 1c009450 018582b3 add              x5, x11, x24         x5=1c002eaa x11:1c002ea0 x24:0000000a
26985090ns          466595 1c009454 04012583 lw               x11, 64(x2)         x11=1c002efa  x2:10002cd8  PA:10002d18
26985110ns          466596 1c009456 000edd83 lhu              x27, 0(x29)         x27=00000711 x29:1c002eca  PA:1c002eca
26985408ns          466611 1c00945a 0004d483 lhu              x9, 0(x9)            x9=00000032  x9:1c002eea  PA:1c002eea
26985707ns          466626 1c00945e 02e70333 mul              x6, x14, x14         x6=000008a1 x14:0000002f x14:0000002f
26985726ns          466627 1c009462 40a55513 srai             x10, x10, 0x40a     x10=00000000 x10:000000e4
26985746ns          466628 1c009464 04812e83 lw               x29, 72(x2)         x29=1c002f0a  x2:10002cd8  PA:10002d20
26985766ns          466629 1c009466 40a6d693 srai             x13, x13, 0x40a     x13=fffffffd x13:fffff68c
26985786ns          466630 1c009468 000f5d03 lhu              x26, 0(x30)         x26=00000100 x30:1c002eda  PA:1c002eda
26986124ns          466647 1c00946c 0005d583 lhu              x11, 0(x11)         x11=0000000d x11:1c002efa  PA:1c002efa
26986422ns          466662 1c009470 40a35313 srai             x6, x6, 0x40a        x6=00000002  x6:000008a1
26986442ns          466663 1c009474 00a686b3 add              x13, x13, x10       x13=fffffffd x13:fffffffd x10:00000000
26986462ns          466664 1c009476 05012f03 lw               x30, 80(x2)         x30=1c002e7a  x2:10002cd8  PA:10002d28
26986482ns          466665 1c009478 10034e33 p.exths          x28, x6, x0         x28=00000002  x6:00000002
26986502ns          466666 1c00947c 06911023 sh               x9, 96(x2)           x9:00000032  x2:10002cd8  PA:10002d38
26986522ns          466667 1c009480 000ede83 lhu              x29, 0(x29)         x29=00000004 x29:1c002f0a  PA:1c002f0a
26986820ns          466682 1c009484 05812483 lw               x9, 88(x2)           x9=1c002e6a  x2:10002cd8  PA:10002d30
26986840ns          466683 1c009486 1006d6b3 p.exthz          x13, x13, x0        x13=0000fffd x13:fffffffd
26986860ns          466684 1c00948a 02ee08b3 mul              x17, x28, x14       x17=0000005e x28:00000002 x14:0000002f
26986880ns          466685 1c00948e 1006c833 p.exths          x16, x13, x0        x16=fffffffd x13:0000fffd
26986900ns          466686 1c009492 06b11823 sh               x11, 112(x2)        x11:0000000d  x2:10002cd8  PA:10002d48
26986920ns          466687 1c009496 000f5f03 lhu              x30, 0(x30)         x30=0000ffa2 x30:1c002e7a  PA:1c002e7a
26987218ns          466702 1c00949a 0a012583 lw               x11, 160(x2)        x11=1c002e9a  x2:10002cd8  PA:10002d78
26987238ns          466703 1c00949c 1007d7b3 p.exthz          x15, x15, x0        x15=0000fff7 x15:fffffff7
26987258ns          466704 1c0094a0 0004da03 lhu              x20, 0(x9)          x20=0000fea8  x9:1c002e6a  PA:1c002e6a
26987576ns          466720 1c0094a4 1007c533 p.exths          x10, x15, x0        x10=fffffff7 x15:0000fff7
26987596ns          466721 1c0094a8 09d11023 sh               x29, 128(x2)        x29:00000004  x2:10002cd8  PA:10002d58
26987616ns          466722 1c0094ac 0003d483 lhu              x9, 0(x7)            x9=0000ffee  x7:1c002eba  PA:1c002eba
26987914ns          466737 1c0094b0 02e80eb3 mul              x29, x16, x14       x29=ffffff73 x16:fffffffd x14:0000002f
26987934ns          466738 1c0094b4 40a8d893 srai             x17, x17, 0x40a     x17=00000000 x17:0000005e
26987954ns          466739 1c0094b8 03c80833 mul              x16, x16, x28       x16=fffffffa x16:fffffffd x28:00000002
26987974ns          466740 1c0094bc 09e11823 sh               x30, 144(x2)        x30:0000ffa2  x2:10002cd8  PA:10002d68
26987994ns          466741 1c0094c0 0005d983 lhu              x19, 0(x11)         x19=0000ffe2 x11:1c002e9a  PA:1c002e9a
26988292ns          466756 1c0094c4 81c88f5b p.muls           x30, x17, x28       x30=00000000 x17:00000000 x28:00000002
26988312ns          466757 1c0094c8 0002d583 lhu              x11, 0(x5)          x11=0000ffe5  x5:1c002eaa  PA:1c002eaa
26988710ns          466777 1c0094cc 03ce0fb3 mul              x31, x28, x28       x31=00000004 x28:00000002 x28:00000002
26988729ns          466778 1c0094d0 02e50733 mul              x14, x10, x14       x14=fffffe59 x10:fffffff7 x14:0000002f
26988749ns          466779 1c0094d4 40a85813 srai             x16, x16, 0x40a     x16=ffffffff x16:fffffffa
26988769ns          466780 1c0094d8 03c50533 mul              x10, x10, x28       x10=ffffffee x10:fffffff7 x28:00000002
26988789ns          466781 1c0094dc 07015e03 lhu              x28, 112(x2)        x28=0000000d  x2:10002cd8  PA:10002d48
26988809ns          466782 1c0094e0 01b60633 add              x12, x12, x27       x12=00000740 x12:0000002f x27:00000711
26988829ns          466783 1c0094e2 00980833 add              x16, x16, x9        x16=0000ffed x16:ffffffff  x9:0000ffee
26988849ns          466784 1c0094e4 06015d83 lhu              x27, 96(x2)         x27=00000032  x2:10002cd8  PA:10002d38
26988869ns          466785 1c0094e8 02812483 lw               x9, 40(x2)           x9=1c002eca  x2:10002cd8  PA:10002d00
26988889ns          466786 1c0094ea 40afdf93 srai             x31, x31, 0x40a     x31=00000000 x31:00000004
26988908ns          466787 1c0094ee 40a55513 srai             x10, x10, 0x40a     x10=ffffffff x10:ffffffee
26988928ns          466788 1c0094f0 01cf8fb3 add              x31, x31, x28       x31=0000000d x31:00000000 x28:0000000d
26988948ns          466789 1c0094f2 00b50533 add              x10, x10, x11       x10=0000ffe4 x10:ffffffff x11:0000ffe5
26988968ns          466790 1c0094f4 09015e03 lhu              x28, 144(x2)        x28=0000ffa2  x2:10002cd8  PA:10002d68
26988988ns          466791 1c0094f8 03012583 lw               x11, 48(x2)         x11=1c002eda  x2:10002cd8  PA:10002d08
26989008ns          466792 1c0094fa 00c49023 sh               x12, 0(x9)          x12:00000740  x9:1c002eca  PA:1c002eca
26989346ns          466809 1c0094fe 01b888b3 add              x17, x17, x27       x17=00000032 x17:00000000 x27:00000032
26989366ns          466810 1c009500 01a30333 add              x6, x6, x26          x6=00000102  x6:00000002 x26:00000100
26989386ns          466811 1c009502 08015d83 lhu              x27, 128(x2)        x27=00000004  x2:10002cd8  PA:10002d58
26989406ns          466812 1c009506 0000d903 lhu              x18, 0(x1)          x18=0000ffbb  x1:1c002e8a  PA:1c002e8a
26989764ns          466830 1c00950a 01c686b3 add              x13, x13, x28       x13=0001ff9f x13:0000fffd x28:0000ffa2
26989784ns          466831 1c00950c 00659023 sh               x6, 0(x11)           x6:00000102 x11:1c002eda  PA:1c002eda
26990102ns          466847 1c009510 40af5f13 srai             x30, x30, 0x40a     x30=00000000 x30:00000000
26990122ns          466848 1c009514 04812e03 lw               x28, 72(x2)         x28=1c002f0a  x2:10002cd8  PA:10002d20
26990142ns          466849 1c009516 01bf0f33 add              x30, x30, x27       x30=00000004 x30:00000000 x27:00000004
26990161ns          466850 1c009518 40aede93 srai             x29, x29, 0x40a     x29=ffffffff x29:ffffff73
26990181ns          466851 1c00951c 40a75713 srai             x14, x14, 0x40a     x14=ffffffff x14:fffffe59
26990201ns          466852 1c00951e 03812603 lw               x12, 56(x2)         x12=1c002eea  x2:10002cd8  PA:10002d10
26990221ns          466853 1c009520 04012d83 lw               x27, 64(x2)         x27=1c002efa  x2:10002cd8  PA:10002d18
26990261ns          466855 1c009522 01ee1023 sh               x30, 0(x28)         x30:00000004 x28:1c002f0a  PA:1c002f0a
26990619ns          466873 1c009526 05812483 lw               x9, 88(x2)           x9=1c002e6a  x2:10002cd8  PA:10002d30
26990639ns          466874 1c009528 05012f03 lw               x30, 80(x2)         x30=1c002e7a  x2:10002cd8  PA:10002d28
26990659ns          466875 1c00952a 0a012583 lw               x11, 160(x2)        x11=1c002e9a  x2:10002cd8  PA:10002d78
26990679ns          466876 1c00952c 014787b3 add              x15, x15, x20       x15=0001fe9f x15:0000fff7 x20:0000fea8
26990698ns          466877 1c00952e 013e8eb3 add              x29, x29, x19       x29=0000ffe1 x29:ffffffff x19:0000ffe2
26990718ns          466878 1c009530 01270733 add              x14, x14, x18       x14=0000ffba x14:ffffffff x18:0000ffbb
26990738ns          466879 1c009532 00f49023 sh               x15, 0(x9)          x15:0001fe9f  x9:1c002e6a  PA:1c002e6a
26991056ns          466895 1c009536 01161023 sh               x17, 0(x12)         x17:00000032 x12:1c002eea  PA:1c002eea
26991394ns          466912 1c00953a 01fd9023 sh               x31, 0(x27)         x31:0000000d x27:1c002efa  PA:1c002efa
26991713ns          466928 1c00953e 00df1023 sh               x13, 0(x30)         x13:0001ff9f x30:1c002e7a  PA:1c002e7a
26992031ns          466944 1c009542 01d59023 sh               x29, 0(x11)         x29:0000ffe1 x11:1c002e9a  PA:1c002e9a
26992349ns          466960 1c009546 00e09023 sh               x14, 0(x1)          x14:0000ffba  x1:1c002e8a  PA:1c002e8a
26992687ns          466977 1c00954a 01039023 sh               x16, 0(x7)          x16:0000ffed  x7:1c002eba  PA:1c002eba
26993025ns          466994 1c00954e 00a29023 sh               x10, 0(x5)          x10:0000ffe4  x5:1c002eaa  PA:1c002eaa
26993344ns          467010 1c009552 008b0b13 addi             x22, x22, 8         x22=000000bd x22:000000b5
26993363ns          467011 1c009554 1f300793 addi             x15, x0, 499        x15=000001f3
26993383ns          467012 1c009558 e767dae3 bge              x15, x22, -396      x15:000001f3 x22:000000bd
26993522ns          467019 1c0093cc 010c9a0b p.lh             x20, 16(x25!)       x20=00000112 x25=1c002812 x25:1c002802  PA:1c002802
26993900ns          467038 1c0093d0 0104198b p.lh             x19, 16(x8!)        x19=0000003e  x8=1c001fda  x8:1c001fca  PA:1c001fca
26994199ns          467053 1c0093d4 2cc10513 addi             x10, x2, 716        x10=10002fa4  x2:10002cd8
26994219ns          467054 1c0093d6 010a990b p.lh             x18, 16(x21!)       x18=00000104 x21=1c001806 x21:1c0017f6  PA:1c0017f6
26994517ns          467069 1c0093da 010b948b p.lh             x9, 16(x23!)         x9=00000024 x23=1c001036 x23:1c001026  PA:1c001026
26994835ns          467085 1c0093de 2d411623 sh               x20, 716(x2)        x20:00000112  x2:10002cd8  PA:10002fa4
26994875ns          467087 1c0093e2 2d311723 sh               x19, 718(x2)        x19:0000003e  x2:10002cd8  PA:10002fa6
26994895ns          467088 1c0093e6 c33ff0ef jal              x1, -974             x1=1c0093e8
26994935ns          467090 1c009018 00051803 lh               x16, 0(x10)         x16=00000112 x10:10002fa4  PA:10002fa4
26994974ns          467092 1c00901c 00251883 lh               x17, 2(x10)         x17=0000003e x10:10002fa4  PA:10002fa6
26994994ns          467093 1c009020 030806b3 mul              x13, x16, x16       x13=00012544 x16:00000112 x16:00000112
26995014ns          467094 1c009024 03188633 mul              x12, x17, x17       x12=00000f04 x17:0000003e x17:0000003e
26995034ns          467095 1c009028 40a65613 srai             x12, x12, 0x40a     x12=00000003 x12:00000f04
26995054ns          467096 1c00902a 40a6d693 srai             x13, x13, 0x40a     x13=00000049 x13:00012544
26995074ns          467097 1c00902c 00c686b3 add              x13, x13, x12       x13=0000004c x13:00000049 x12:00000003
26995094ns          467098 1c00902e 1006c633 p.exths          x12, x13, x0        x12=0000004c x13:0000004c
26995114ns          467099 1c009032 00855703 lhu              x14, 8(x10)         x14=0000ffd1 x10:10002fa4  PA:10002fac
26995133ns          467100 1c009036 00a55683 lhu              x13, 10(x10)        x13=0000ff6a x10:10002fa4  PA:10002fae
26995153ns          467101 1c00903a 02c60333 mul              x6, x12, x12         x6=00001690 x12:0000004c x12:0000004c
26995173ns          467102 1c00903e 00c55783 lhu              x15, 12(x10)        x15=0000ffe5 x10:10002fa4  PA:10002fb0
26995193ns          467103 1c009042 00e55583 lhu              x11, 14(x10)        x11=00000060 x10:10002fa4  PA:10002fb2
26995213ns          467104 1c009046 dea30333 p.extract        x6, x6, 15, 10       x6=00000005  x6:00001690
26995233ns          467105 1c00904a 80c7075b p.muls           x14, x14, x12       x14=fffff20c x14:0000ffd1 x12:0000004c
26995253ns          467106 1c00904e 80c686db p.muls           x13, x13, x12       x13=ffffd378 x13:0000ff6a x12:0000004c
26995273ns          467107 1c009052 00455e83 lhu              x29, 4(x10)         x29=00000427 x10:10002fa4  PA:10002fa8
26995293ns          467108 1c009056 00655e03 lhu              x28, 6(x10)         x28=0000007f x10:10002fa4  PA:10002faa
26995312ns          467109 1c00905a 40a75713 srai             x14, x14, 0x40a     x14=fffffffc x14:fffff20c
26995332ns          467110 1c00905c 806787db p.muls           x15, x15, x6        x15=ffffff79 x15:0000ffe5  x6:00000005
26995352ns          467111 1c009060 40a6d693 srai             x13, x13, 0x40a     x13=fffffff4 x13:ffffd378
26995372ns          467112 1c009062 8065865b p.muls           x12, x11, x6        x12=000001e0 x11:00000060  x6:00000005
26995392ns          467113 1c009066 40a7d793 srai             x15, x15, 0x40a     x15=ffffffff x15:ffffff79
26995412ns          467114 1c009068 40a65613 srai             x12, x12, 0x40a     x12=00000000 x12:000001e0
26995432ns          467115 1c00906a 01d70733 add              x14, x14, x29       x14=00000423 x14:fffffffc x29:00000427
26995452ns          467116 1c00906c 01c686b3 add              x13, x13, x28       x13=00000073 x13:fffffff4 x28:0000007f
26995472ns          467117 1c00906e 00c686b3 add              x13, x13, x12       x13=00000073 x13:00000073 x12:00000000
26995491ns          467118 1c009070 00f70733 add              x14, x14, x15       x14=00000422 x14:00000423 x15:ffffffff
26995511ns          467119 1c009072 100747b3 p.exths          x15, x14, x0        x15=00000422 x14:00000422
26995531ns          467120 1c009076 1006c733 p.exths          x14, x13, x0        x14=00000073 x13:00000073
26995551ns          467121 1c00907a 03170633 mul              x12, x14, x17       x12=00001bda x14:00000073 x17:0000003e
26995571ns          467122 1c00907e 030786b3 mul              x13, x15, x16       x13=00046c64 x15:00000422 x16:00000112
26995591ns          467123 1c009082 03070733 mul              x14, x14, x16       x14=00007b16 x14:00000073 x16:00000112
26995611ns          467124 1c009086 031787b3 mul              x15, x15, x17       x15=0001003c x15:00000422 x17:0000003e
26995631ns          467125 1c00908a 40a6d693 srai             x13, x13, 0x40a     x13=0000011b x13:00046c64
26995651ns          467126 1c00908c 40a65613 srai             x12, x12, 0x40a     x12=00000006 x12:00001bda
26995670ns          467127 1c00908e 40a7d793 srai             x15, x15, 0x40a     x15=00000040 x15:0001003c
26995690ns          467128 1c009090 40a75713 srai             x14, x14, 0x40a     x14=0000001e x14:00007b16
26995710ns          467129 1c009092 40c686b3 sub              x13, x13, x12       x13=00000115 x13:0000011b x12:00000006
26995730ns          467130 1c009094 00e787b3 add              x15, x15, x14       x15=0000005e x15:00000040 x14:0000001e
26995750ns          467131 1c009096 00d51823 sh               x13, 16(x10)        x13:00000115 x10:10002fa4  PA:10002fb4
26995770ns          467132 1c00909a 00f51923 sh               x15, 18(x10)        x15:0000005e x10:10002fa4  PA:10002fb6
26995790ns          467133 1c00909e 00008067 jalr             x0, x1, 0            x1:1c0093e8
26995849ns          467136 1c0093e8 2dc15583 lhu              x11, 732(x2)        x11=00000115  x2:10002cd8  PA:10002fb4
26995889ns          467138 1c0093ec 2de15783 lhu              x15, 734(x2)        x15=0000005e  x2:10002cd8  PA:10002fb6
26995929ns          467140 1c0093f0 40b90933 sub              x18, x18, x11       x18=ffffffef x18:00000104 x11:00000115
26995949ns          467141 1c0093f4 40f484b3 sub              x9, x9, x15          x9=ffffffc6  x9:00000024 x15:0000005e
26995969ns          467142 1c0093f6 100945b3 p.exths          x11, x18, x0        x11=ffffffef x18:ffffffef
26995989ns          467143 1c0093fa 1004c7b3 p.exths          x15, x9, x0         x15=ffffffc6  x9:ffffffc6
26996008ns          467144 1c0093fe 034586b3 mul              x13, x11, x20       x13=ffffedce x11:ffffffef x20:00000112
26996028ns          467145 1c009402 03378533 mul              x10, x15, x19       x10=fffff1f4 x15:ffffffc6 x19:0000003e
26996048ns          467146 1c009406 034a0633 mul              x12, x20, x20       x12=00012544 x20:00000112 x20:00000112
26996068ns          467147 1c00940a 03398733 mul              x14, x19, x19       x14=00000f04 x19:0000003e x19:0000003e
26996088ns          467148 1c00940e 034787b3 mul              x15, x15, x20       x15=ffffc1ec x15:ffffffc6 x20:00000112
26996108ns          467149 1c009412 033585b3 mul              x11, x11, x19       x11=fffffbe2 x11:ffffffef x19:0000003e
26996128ns          467150 1c009416 40a75713 srai             x14, x14, 0x40a     x14=00000003 x14:00000f04
26996148ns          467151 1c009418 40a5d593 srai             x11, x11, 0x40a     x11=fffffffe x11:fffffbe2
26996168ns          467152 1c00941a 40a65613 srai             x12, x12, 0x40a     x12=00000049 x12:00012544
26996187ns          467153 1c00941c 40a7d793 srai             x15, x15, 0x40a     x15=fffffff0 x15:ffffc1ec
26996207ns          467154 1c00941e 1c0034b7 lui              x9, 0x1c003000       x9=1c003000
26996227ns          467155 1c009422 00e60633 add              x12, x12, x14       x12=0000004c x12:00000049 x14:00000003
26996247ns          467156 1c009424 40b787b3 sub              x15, x15, x11       x15=fffffff2 x15:fffffff0 x11:fffffffe
26996267ns          467157 1c009426 eb048493 addi             x9, x9, -336         x9=1c002eb0  x9:1c003000
26996287ns          467158 1c00942a 1c0032b7 lui              x5, 0x1c003000       x5=1c003000
26996307ns          467159 1c00942e 1c0035b7 lui              x11, 0x1c003000     x11=1c003000
26996327ns          467160 1c009432 018483b3 add              x7, x9, x24          x7=1c002eba  x9:1c002eb0 x24:0000000a
26996347ns          467161 1c009436 02812e83 lw               x29, 40(x2)         x29=1c002eca  x2:10002cd8  PA:10002d00
26996366ns          467162 1c009438 10065633 p.exthz          x12, x12, x0        x12=0000004c x12:0000004c
26996386ns          467163 1c00943c e8028293 addi             x5, x5, -384         x5=1c002e80  x5:1c003000
26996406ns          467164 1c009440 ea058593 addi             x11, x11, -352      x11=1c002ea0 x11:1c003000
26996426ns          467165 1c009444 03812483 lw               x9, 56(x2)           x9=1c002eea  x2:10002cd8  PA:10002d10
26996446ns          467166 1c009446 10064733 p.exths          x14, x12, x0        x14=0000004c x12:0000004c
26996466ns          467167 1c00944a 018280b3 add              x1, x5, x24          x1=1c002e8a  x5:1c002e80 x24:0000000a
26996486ns          467168 1c00944e 03012f03 lw               x30, 48(x2)         x30=1c002eda  x2:10002cd8  PA:10002d08
26996506ns          467169 1c009450 018582b3 add              x5, x11, x24         x5=1c002eaa x11:1c002ea0 x24:0000000a
26996526ns          467170 1c009454 04012583 lw               x11, 64(x2)         x11=1c002efa  x2:10002cd8  PA:10002d18
26996545ns          467171 1c009456 000edd83 lhu              x27, 0(x29)         x27=00000740 x29:1c002eca  PA:1c002eca
26996844ns          467186 1c00945a 0004d483 lhu              x9, 0(x9)            x9=00000032  x9:1c002eea  PA:1c002eea
26997142ns          467201 1c00945e 02e70333 mul              x6, x14, x14         x6=00001690 x14:0000004c x14:0000004c
26997162ns          467202 1c009462 40a55513 srai             x10, x10, 0x40a     x10=fffffffc x10:fffff1f4
26997182ns          467203 1c009464 04812e83 lw               x29, 72(x2)         x29=1c002f0a  x2:10002cd8  PA:10002d20
26997202ns          467204 1c009466 40a6d693 srai             x13, x13, 0x40a     x13=fffffffb x13:ffffedce
26997222ns          467205 1c009468 000f5d03 lhu              x26, 0(x30)         x26=00000102 x30:1c002eda  PA:1c002eda
26997520ns          467220 1c00946c 0005d583 lhu              x11, 0(x11)         x11=0000000d x11:1c002efa  PA:1c002efa
26997898ns          467239 1c009470 40a35313 srai             x6, x6, 0x40a        x6=00000005  x6:00001690
26997918ns          467240 1c009474 00a686b3 add              x13, x13, x10       x13=fffffff7 x13:fffffffb x10:fffffffc
26997938ns          467241 1c009476 05012f03 lw               x30, 80(x2)         x30=1c002e7a  x2:10002cd8  PA:10002d28
26997958ns          467242 1c009478 10034e33 p.exths          x28, x6, x0         x28=00000005  x6:00000005
26997977ns          467243 1c00947c 06911023 sh               x9, 96(x2)           x9:00000032  x2:10002cd8  PA:10002d38
26997997ns          467244 1c009480 000ede83 lhu              x29, 0(x29)         x29=00000004 x29:1c002f0a  PA:1c002f0a
26998355ns          467262 1c009484 05812483 lw               x9, 88(x2)           x9=1c002e6a  x2:10002cd8  PA:10002d30
26998375ns          467263 1c009486 1006d6b3 p.exthz          x13, x13, x0        x13=0000fff7 x13:fffffff7
26998395ns          467264 1c00948a 02ee08b3 mul              x17, x28, x14       x17=0000017c x28:00000005 x14:0000004c
26998415ns          467265 1c00948e 1006c833 p.exths          x16, x13, x0        x16=fffffff7 x13:0000fff7
26998435ns          467266 1c009492 06b11823 sh               x11, 112(x2)        x11:0000000d  x2:10002cd8  PA:10002d48
26998455ns          467267 1c009496 000f5f03 lhu              x30, 0(x30)         x30=0000ff9f x30:1c002e7a  PA:1c002e7a
26998753ns          467282 1c00949a 0a012583 lw               x11, 160(x2)        x11=1c002e9a  x2:10002cd8  PA:10002d78
26998773ns          467283 1c00949c 1007d7b3 p.exthz          x15, x15, x0        x15=0000fff2 x15:fffffff2
26998793ns          467284 1c0094a0 0004da03 lhu              x20, 0(x9)          x20=0000fe9f  x9:1c002e6a  PA:1c002e6a
26999131ns          467301 1c0094a4 1007c533 p.exths          x10, x15, x0        x10=fffffff2 x15:0000fff2
26999151ns          467302 1c0094a8 09d11023 sh               x29, 128(x2)        x29:00000004  x2:10002cd8  PA:10002d58
26999171ns          467303 1c0094ac 0003d483 lhu              x9, 0(x7)            x9=0000ffed  x7:1c002eba  PA:1c002eba
26999469ns          467318 1c0094b0 02e80eb3 mul              x29, x16, x14       x29=fffffd54 x16:fffffff7 x14:0000004c
26999489ns          467319 1c0094b4 40a8d893 srai             x17, x17, 0x40a     x17=00000000 x17:0000017c
26999509ns          467320 1c0094b8 03c80833 mul              x16, x16, x28       x16=ffffffd3 x16:fffffff7 x28:00000005
26999529ns          467321 1c0094bc 09e11823 sh               x30, 144(x2)        x30:0000ff9f  x2:10002cd8  PA:10002d68
26999549ns          467322 1c0094c0 0005d983 lhu              x19, 0(x11)         x19=0000ffe1 x11:1c002e9a  PA:1c002e9a
26999847ns          467337 1c0094c4 81c88f5b p.muls           x30, x17, x28       x30=00000000 x17:00000000 x28:00000005
26999867ns          467338 1c0094c8 0002d583 lhu              x11, 0(x5)          x11=0000ffe4  x5:1c002eaa  PA:1c002eaa
27000165ns          467353 1c0094cc 03ce0fb3 mul              x31, x28, x28       x31=00000019 x28:00000005 x28:00000005
27000185ns          467354 1c0094d0 02e50733 mul              x14, x10, x14       x14=fffffbd8 x10:fffffff2 x14:0000004c
27000205ns          467355 1c0094d4 40a85813 srai             x16, x16, 0x40a     x16=ffffffff x16:ffffffd3
27000225ns          467356 1c0094d8 03c50533 mul              x10, x10, x28       x10=ffffffba x10:fffffff2 x28:00000005
27000245ns          467357 1c0094dc 07015e03 lhu              x28, 112(x2)        x28=0000000d  x2:10002cd8  PA:10002d48
27000265ns          467358 1c0094e0 01b60633 add              x12, x12, x27       x12=0000078c x12:0000004c x27:00000740
27000284ns          467359 1c0094e2 00980833 add              x16, x16, x9        x16=0000ffec x16:ffffffff  x9:0000ffed
27000304ns          467360 1c0094e4 06015d83 lhu              x27, 96(x2)         x27=00000032  x2:10002cd8  PA:10002d38
27000324ns          467361 1c0094e8 02812483 lw               x9, 40(x2)           x9=1c002eca  x2:10002cd8  PA:10002d00
27000344ns          467362 1c0094ea 40afdf93 srai             x31, x31, 0x40a     x31=00000000 x31:00000019
27000364ns          467363 1c0094ee 40a55513 srai             x10, x10, 0x40a     x10=ffffffff x10:ffffffba
27000384ns          467364 1c0094f0 01cf8fb3 add              x31, x31, x28       x31=0000000d x31:00000000 x28:0000000d
27000404ns          467365 1c0094f2 00b50533 add              x10, x10, x11       x10=0000ffe3 x10:ffffffff x11:0000ffe4
27000424ns          467366 1c0094f4 09015e03 lhu              x28, 144(x2)        x28=0000ff9f  x2:10002cd8  PA:10002d68
27000444ns          467367 1c0094f8 03012583 lw               x11, 48(x2)         x11=1c002eda  x2:10002cd8  PA:10002d08
27000483ns          467369 1c0094fa 00c49023 sh               x12, 0(x9)          x12:0000078c  x9:1c002eca  PA:1c002eca
27000802ns          467385 1c0094fe 01b888b3 add              x17, x17, x27       x17=00000032 x17:00000000 x27:00000032
27000821ns          467386 1c009500 01a30333 add              x6, x6, x26          x6=00000107  x6:00000005 x26:00000102
27000841ns          467387 1c009502 08015d83 lhu              x27, 128(x2)        x27=00000004  x2:10002cd8  PA:10002d58
27000861ns          467388 1c009506 0000d903 lhu              x18, 0(x1)          x18=0000ffba  x1:1c002e8a  PA:1c002e8a
27001159ns          467403 1c00950a 01c686b3 add              x13, x13, x28       x13=0001ff96 x13:0000fff7 x28:0000ff9f
27001179ns          467404 1c00950c 00659023 sh               x6, 0(x11)           x6:00000107 x11:1c002eda  PA:1c002eda
27001517ns          467421 1c009510 40af5f13 srai             x30, x30, 0x40a     x30=00000000 x30:00000000
27001537ns          467422 1c009514 04812e03 lw               x28, 72(x2)         x28=1c002f0a  x2:10002cd8  PA:10002d20
27001557ns          467423 1c009516 01bf0f33 add              x30, x30, x27       x30=00000004 x30:00000000 x27:00000004
27001577ns          467424 1c009518 40aede93 srai             x29, x29, 0x40a     x29=ffffffff x29:fffffd54
27001597ns          467425 1c00951c 40a75713 srai             x14, x14, 0x40a     x14=fffffffe x14:fffffbd8
27001617ns          467426 1c00951e 03812603 lw               x12, 56(x2)         x12=1c002eea  x2:10002cd8  PA:10002d10
27001637ns          467427 1c009520 04012d83 lw               x27, 64(x2)         x27=1c002efa  x2:10002cd8  PA:10002d18
27001657ns          467428 1c009522 01ee1023 sh               x30, 0(x28)         x30:00000004 x28:1c002f0a  PA:1c002f0a
27001995ns          467445 1c009526 05812483 lw               x9, 88(x2)           x9=1c002e6a  x2:10002cd8  PA:10002d30
27002015ns          467446 1c009528 05012f03 lw               x30, 80(x2)         x30=1c002e7a  x2:10002cd8  PA:10002d28
27002035ns          467447 1c00952a 0a012583 lw               x11, 160(x2)        x11=1c002e9a  x2:10002cd8  PA:10002d78
27002054ns          467448 1c00952c 014787b3 add              x15, x15, x20       x15=0001fe91 x15:0000fff2 x20:0000fe9f
27002074ns          467449 1c00952e 013e8eb3 add              x29, x29, x19       x29=0000ffe0 x29:ffffffff x19:0000ffe1
27002094ns          467450 1c009530 01270733 add              x14, x14, x18       x14=0000ffb8 x14:fffffffe x18:0000ffba
27002114ns          467451 1c009532 00f49023 sh               x15, 0(x9)          x15:0001fe91  x9:1c002e6a  PA:1c002e6a
27002432ns          467467 1c009536 01161023 sh               x17, 0(x12)         x17:00000032 x12:1c002eea  PA:1c002eea
27002770ns          467484 1c00953a 01fd9023 sh               x31, 0(x27)         x31:0000000d x27:1c002efa  PA:1c002efa
27003089ns          467500 1c00953e 00df1023 sh               x13, 0(x30)         x13:0001ff96 x30:1c002e7a  PA:1c002e7a
27003427ns          467517 1c009542 01d59023 sh               x29, 0(x11)         x29:0000ffe0 x11:1c002e9a  PA:1c002e9a
27003745ns          467533 1c009546 00e09023 sh               x14, 0(x1)          x14:0000ffb8  x1:1c002e8a  PA:1c002e8a
27004063ns          467549 1c00954a 01039023 sh               x16, 0(x7)          x16:0000ffec  x7:1c002eba  PA:1c002eba
27004381ns          467565 1c00954e 00a29023 sh               x10, 0(x5)          x10:0000ffe3  x5:1c002eaa  PA:1c002eaa
27004700ns          467581 1c009552 008b0b13 addi             x22, x22, 8         x22=000000c5 x22:000000bd
27004719ns          467582 1c009554 1f300793 addi             x15, x0, 499        x15=000001f3
27004739ns          467583 1c009558 e767dae3 bge              x15, x22, -396      x15:000001f3 x22:000000c5
27004839ns          467588 1c0093cc 010c9a0b p.lh             x20, 16(x25!)       x20=fffffe1e x25=1c002822 x25:1c002812  PA:1c002812
27005157ns          467604 1c0093d0 0104198b p.lh             x19, 16(x8!)        x19=00000078  x8=1c001fea  x8:1c001fda  PA:1c001fda
27005455ns          467619 1c0093d4 2cc10513 addi             x10, x2, 716        x10=10002fa4  x2:10002cd8
27005475ns          467620 1c0093d6 010a990b p.lh             x18, 16(x21!)       x18=fffffe38 x21=1c001816 x21:1c001806  PA:1c001806
27005774ns          467635 1c0093da 010b948b p.lh             x9, 16(x23!)         x9=000000bd x23=1c001046 x23:1c001036  PA:1c001036
27006072ns          467650 1c0093de 2d411623 sh               x20, 716(x2)        x20:fffffe1e  x2:10002cd8  PA:10002fa4
27006092ns          467651 1c0093e2 2d311723 sh               x19, 718(x2)        x19:00000078  x2:10002cd8  PA:10002fa6
27006112ns          467652 1c0093e6 c33ff0ef jal              x1, -974             x1=1c0093e8
27006151ns          467654 1c009018 00051803 lh               x16, 0(x10)         x16=fffffe1e x10:10002fa4  PA:10002fa4
27006171ns          467655 1c00901c 00251883 lh               x17, 2(x10)         x17=00000078 x10:10002fa4  PA:10002fa6
27006191ns          467656 1c009020 030806b3 mul              x13, x16, x16       x13=00038b84 x16:fffffe1e x16:fffffe1e
27006211ns          467657 1c009024 03188633 mul              x12, x17, x17       x12=00003840 x17:00000078 x17:00000078
27006231ns          467658 1c009028 40a65613 srai             x12, x12, 0x40a     x12=0000000e x12:00003840
27006251ns          467659 1c00902a 40a6d693 srai             x13, x13, 0x40a     x13=000000e2 x13:00038b84
27006271ns          467660 1c00902c 00c686b3 add              x13, x13, x12       x13=000000f0 x13:000000e2 x12:0000000e
27006291ns          467661 1c00902e 1006c633 p.exths          x12, x13, x0        x12=000000f0 x13:000000f0
27006310ns          467662 1c009032 00855703 lhu              x14, 8(x10)         x14=0000ffd1 x10:10002fa4  PA:10002fac
27006330ns          467663 1c009036 00a55683 lhu              x13, 10(x10)        x13=0000ff6a x10:10002fa4  PA:10002fae
27006350ns          467664 1c00903a 02c60333 mul              x6, x12, x12         x6=0000e100 x12:000000f0 x12:000000f0
27006370ns          467665 1c00903e 00c55783 lhu              x15, 12(x10)        x15=0000ffe5 x10:10002fa4  PA:10002fb0
27006390ns          467666 1c009042 00e55583 lhu              x11, 14(x10)        x11=00000060 x10:10002fa4  PA:10002fb2
27006410ns          467667 1c009046 dea30333 p.extract        x6, x6, 15, 10       x6=00000038  x6:0000e100
27006430ns          467668 1c00904a 80c7075b p.muls           x14, x14, x12       x14=ffffd3f0 x14:0000ffd1 x12:000000f0
27006470ns          467670 1c00904e 80c686db p.muls           x13, x13, x12       x13=ffff7360 x13:0000ff6a x12:000000f0
27006509ns          467672 1c009052 00455e83 lhu              x29, 4(x10)         x29=00000427 x10:10002fa4  PA:10002fa8
27006529ns          467673 1c009056 00655e03 lhu              x28, 6(x10)         x28=0000007f x10:10002fa4  PA:10002faa
27006549ns          467674 1c00905a 40a75713 srai             x14, x14, 0x40a     x14=fffffff4 x14:ffffd3f0
27006569ns          467675 1c00905c 806787db p.muls           x15, x15, x6        x15=fffffa18 x15:0000ffe5  x6:00000038
27006609ns          467677 1c009060 40a6d693 srai             x13, x13, 0x40a     x13=ffffffdc x13:ffff7360
27006649ns          467679 1c009062 8065865b p.muls           x12, x11, x6        x12=00001500 x11:00000060  x6:00000038
27006668ns          467680 1c009066 40a7d793 srai             x15, x15, 0x40a     x15=fffffffe x15:fffffa18
27006688ns          467681 1c009068 40a65613 srai             x12, x12, 0x40a     x12=00000005 x12:00001500
27006708ns          467682 1c00906a 01d70733 add              x14, x14, x29       x14=0000041b x14:fffffff4 x29:00000427
27006728ns          467683 1c00906c 01c686b3 add              x13, x13, x28       x13=0000005b x13:ffffffdc x28:0000007f
27006748ns          467684 1c00906e 00c686b3 add              x13, x13, x12       x13=00000060 x13:0000005b x12:00000005
27006768ns          467685 1c009070 00f70733 add              x14, x14, x15       x14=00000419 x14:0000041b x15:fffffffe
27006788ns          467686 1c009072 100747b3 p.exths          x15, x14, x0        x15=00000419 x14:00000419
27006808ns          467687 1c009076 1006c733 p.exths          x14, x13, x0        x14=00000060 x13:00000060
27006828ns          467688 1c00907a 03170633 mul              x12, x14, x17       x12=00002d00 x14:00000060 x17:00000078
27006847ns          467689 1c00907e 030786b3 mul              x13, x15, x16       x13=fff848ee x15:00000419 x16:fffffe1e
27006867ns          467690 1c009082 03070733 mul              x14, x14, x16       x14=ffff4b40 x14:00000060 x16:fffffe1e
27006887ns          467691 1c009086 031787b3 mul              x15, x15, x17       x15=0001ebb8 x15:00000419 x17:00000078
27006907ns          467692 1c00908a 40a6d693 srai             x13, x13, 0x40a     x13=fffffe12 x13:fff848ee
27006927ns          467693 1c00908c 40a65613 srai             x12, x12, 0x40a     x12=0000000b x12:00002d00
27006947ns          467694 1c00908e 40a7d793 srai             x15, x15, 0x40a     x15=0000007a x15:0001ebb8
27006967ns          467695 1c009090 40a75713 srai             x14, x14, 0x40a     x14=ffffffd2 x14:ffff4b40
27006987ns          467696 1c009092 40c686b3 sub              x13, x13, x12       x13=fffffe07 x13:fffffe12 x12:0000000b
27007007ns          467697 1c009094 00e787b3 add              x15, x15, x14       x15=0000004c x15:0000007a x14:ffffffd2
27007026ns          467698 1c009096 00d51823 sh               x13, 16(x10)        x13:fffffe07 x10:10002fa4  PA:10002fb4
27007046ns          467699 1c00909a 00f51923 sh               x15, 18(x10)        x15:0000004c x10:10002fa4  PA:10002fb6
27007066ns          467700 1c00909e 00008067 jalr             x0, x1, 0            x1:1c0093e8
27007106ns          467702 1c0093e8 2dc15583 lhu              x11, 732(x2)        x11=0000fe07  x2:10002cd8  PA:10002fb4
27007126ns          467703 1c0093ec 2de15783 lhu              x15, 734(x2)        x15=0000004c  x2:10002cd8  PA:10002fb6
27007146ns          467704 1c0093f0 40b90933 sub              x18, x18, x11       x18=ffff0031 x18:fffffe38 x11:0000fe07
27007166ns          467705 1c0093f4 40f484b3 sub              x9, x9, x15          x9=00000071  x9:000000bd x15:0000004c
27007186ns          467706 1c0093f6 100945b3 p.exths          x11, x18, x0        x11=00000031 x18:ffff0031
27007205ns          467707 1c0093fa 1004c7b3 p.exths          x15, x9, x0         x15=00000071  x9:00000071
27007225ns          467708 1c0093fe 034586b3 mul              x13, x11, x20       x13=ffffa3be x11:00000031 x20:fffffe1e
27007245ns          467709 1c009402 03378533 mul              x10, x15, x19       x10=000034f8 x15:00000071 x19:00000078
27007265ns          467710 1c009406 034a0633 mul              x12, x20, x20       x12=00038b84 x20:fffffe1e x20:fffffe1e
27007285ns          467711 1c00940a 03398733 mul              x14, x19, x19       x14=00003840 x19:00000078 x19:00000078
27007345ns          467714 1c00940e 034787b3 mul              x15, x15, x20       x15=ffff2b3e x15:00000071 x20:fffffe1e
27007384ns          467716 1c009412 033585b3 mul              x11, x11, x19       x11=000016f8 x11:00000031 x19:00000078
27007404ns          467717 1c009416 40a75713 srai             x14, x14, 0x40a     x14=0000000e x14:00003840
27007424ns          467718 1c009418 40a5d593 srai             x11, x11, 0x40a     x11=00000005 x11:000016f8
27007444ns          467719 1c00941a 40a65613 srai             x12, x12, 0x40a     x12=000000e2 x12:00038b84
27007464ns          467720 1c00941c 40a7d793 srai             x15, x15, 0x40a     x15=ffffffca x15:ffff2b3e
27007484ns          467721 1c00941e 1c0034b7 lui              x9, 0x1c003000       x9=1c003000
27007504ns          467722 1c009422 00e60633 add              x12, x12, x14       x12=000000f0 x12:000000e2 x14:0000000e
27007524ns          467723 1c009424 40b787b3 sub              x15, x15, x11       x15=ffffffc5 x15:ffffffca x11:00000005
27007544ns          467724 1c009426 eb048493 addi             x9, x9, -336         x9=1c002eb0  x9:1c003000
27007563ns          467725 1c00942a 1c0032b7 lui              x5, 0x1c003000       x5=1c003000
27007583ns          467726 1c00942e 1c0035b7 lui              x11, 0x1c003000     x11=1c003000
27007603ns          467727 1c009432 018483b3 add              x7, x9, x24          x7=1c002eba  x9:1c002eb0 x24:0000000a
27007623ns          467728 1c009436 02812e83 lw               x29, 40(x2)         x29=1c002eca  x2:10002cd8  PA:10002d00
27007643ns          467729 1c009438 10065633 p.exthz          x12, x12, x0        x12=000000f0 x12:000000f0
27007663ns          467730 1c00943c e8028293 addi             x5, x5, -384         x5=1c002e80  x5:1c003000
27007683ns          467731 1c009440 ea058593 addi             x11, x11, -352      x11=1c002ea0 x11:1c003000
27007703ns          467732 1c009444 03812483 lw               x9, 56(x2)           x9=1c002eea  x2:10002cd8  PA:10002d10
27007723ns          467733 1c009446 10064733 p.exths          x14, x12, x0        x14=000000f0 x12:000000f0
27007742ns          467734 1c00944a 018280b3 add              x1, x5, x24          x1=1c002e8a  x5:1c002e80 x24:0000000a
27007762ns          467735 1c00944e 03012f03 lw               x30, 48(x2)         x30=1c002eda  x2:10002cd8  PA:10002d08
27007782ns          467736 1c009450 018582b3 add              x5, x11, x24         x5=1c002eaa x11:1c002ea0 x24:0000000a
27007802ns          467737 1c009454 04012583 lw               x11, 64(x2)         x11=1c002efa  x2:10002cd8  PA:10002d18
27007822ns          467738 1c009456 000edd83 lhu              x27, 0(x29)         x27=0000078c x29:1c002eca  PA:1c002eca
27008140ns          467754 1c00945a 0004d483 lhu              x9, 0(x9)            x9=00000032  x9:1c002eea  PA:1c002eea
27008478ns          467771 1c00945e 02e70333 mul              x6, x14, x14         x6=0000e100 x14:000000f0 x14:000000f0
27008498ns          467772 1c009462 40a55513 srai             x10, x10, 0x40a     x10=0000000d x10:000034f8
27008518ns          467773 1c009464 04812e83 lw               x29, 72(x2)         x29=1c002f0a  x2:10002cd8  PA:10002d20
27008538ns          467774 1c009466 40a6d693 srai             x13, x13, 0x40a     x13=ffffffe8 x13:ffffa3be
27008558ns          467775 1c009468 000f5d03 lhu              x26, 0(x30)         x26=00000107 x30:1c002eda  PA:1c002eda
27008856ns          467790 1c00946c 0005d583 lhu              x11, 0(x11)         x11=0000000d x11:1c002efa  PA:1c002efa
27009234ns          467809 1c009470 40a35313 srai             x6, x6, 0x40a        x6=00000038  x6:0000e100
27009254ns          467810 1c009474 00a686b3 add              x13, x13, x10       x13=fffffff5 x13:ffffffe8 x10:0000000d
27009274ns          467811 1c009476 05012f03 lw               x30, 80(x2)         x30=1c002e7a  x2:10002cd8  PA:10002d28
27009294ns          467812 1c009478 10034e33 p.exths          x28, x6, x0         x28=00000038  x6:00000038
27009314ns          467813 1c00947c 06911023 sh               x9, 96(x2)           x9:00000032  x2:10002cd8  PA:10002d38
27009333ns          467814 1c009480 000ede83 lhu              x29, 0(x29)         x29=00000004 x29:1c002f0a  PA:1c002f0a
27009691ns          467832 1c009484 05812483 lw               x9, 88(x2)           x9=1c002e6a  x2:10002cd8  PA:10002d30
27009711ns          467833 1c009486 1006d6b3 p.exthz          x13, x13, x0        x13=0000fff5 x13:fffffff5
27009731ns          467834 1c00948a 02ee08b3 mul              x17, x28, x14       x17=00003480 x28:00000038 x14:000000f0
27009751ns          467835 1c00948e 1006c833 p.exths          x16, x13, x0        x16=fffffff5 x13:0000fff5
27009771ns          467836 1c009492 06b11823 sh               x11, 112(x2)        x11:0000000d  x2:10002cd8  PA:10002d48
27009791ns          467837 1c009496 000f5f03 lhu              x30, 0(x30)         x30=0000ff96 x30:1c002e7a  PA:1c002e7a
27010129ns          467854 1c00949a 0a012583 lw               x11, 160(x2)        x11=1c002e9a  x2:10002cd8  PA:10002d78
27010149ns          467855 1c00949c 1007d7b3 p.exthz          x15, x15, x0        x15=0000ffc5 x15:ffffffc5
27010169ns          467856 1c0094a0 0004da03 lhu              x20, 0(x9)          x20=0000fe91  x9:1c002e6a  PA:1c002e6a
27010487ns          467872 1c0094a4 1007c533 p.exths          x10, x15, x0        x10=ffffffc5 x15:0000ffc5
27010507ns          467873 1c0094a8 09d11023 sh               x29, 128(x2)        x29:00000004  x2:10002cd8  PA:10002d58
27010527ns          467874 1c0094ac 0003d483 lhu              x9, 0(x7)            x9=0000ffec  x7:1c002eba  PA:1c002eba
27010825ns          467889 1c0094b0 02e80eb3 mul              x29, x16, x14       x29=fffff5b0 x16:fffffff5 x14:000000f0
27010845ns          467890 1c0094b4 40a8d893 srai             x17, x17, 0x40a     x17=0000000d x17:00003480
27010865ns          467891 1c0094b8 03c80833 mul              x16, x16, x28       x16=fffffd98 x16:fffffff5 x28:00000038
27010885ns          467892 1c0094bc 09e11823 sh               x30, 144(x2)        x30:0000ff96  x2:10002cd8  PA:10002d68
27010905ns          467893 1c0094c0 0005d983 lhu              x19, 0(x11)         x19=0000ffe0 x11:1c002e9a  PA:1c002e9a
27011243ns          467910 1c0094c4 81c88f5b p.muls           x30, x17, x28       x30=000002d8 x17:0000000d x28:00000038
27011263ns          467911 1c0094c8 0002d583 lhu              x11, 0(x5)          x11=0000ffe3  x5:1c002eaa  PA:1c002eaa
27011561ns          467926 1c0094cc 03ce0fb3 mul              x31, x28, x28       x31=00000c40 x28:00000038 x28:00000038
27011581ns          467927 1c0094d0 02e50733 mul              x14, x10, x14       x14=ffffc8b0 x10:ffffffc5 x14:000000f0
27011601ns          467928 1c0094d4 40a85813 srai             x16, x16, 0x40a     x16=ffffffff x16:fffffd98
27011621ns          467929 1c0094d8 03c50533 mul              x10, x10, x28       x10=fffff318 x10:ffffffc5 x28:00000038
27011640ns          467930 1c0094dc 07015e03 lhu              x28, 112(x2)        x28=0000000d  x2:10002cd8  PA:10002d48
27011680ns          467932 1c0094e0 01b60633 add              x12, x12, x27       x12=0000087c x12:000000f0 x27:0000078c
27011700ns          467933 1c0094e2 00980833 add              x16, x16, x9        x16=0000ffeb x16:ffffffff  x9:0000ffec
27011720ns          467934 1c0094e4 06015d83 lhu              x27, 96(x2)         x27=00000032  x2:10002cd8  PA:10002d38
27011740ns          467935 1c0094e8 02812483 lw               x9, 40(x2)           x9=1c002eca  x2:10002cd8  PA:10002d00
27011760ns          467936 1c0094ea 40afdf93 srai             x31, x31, 0x40a     x31=00000003 x31:00000c40
27011780ns          467937 1c0094ee 40a55513 srai             x10, x10, 0x40a     x10=fffffffc x10:fffff318
27011800ns          467938 1c0094f0 01cf8fb3 add              x31, x31, x28       x31=00000010 x31:00000003 x28:0000000d
27011819ns          467939 1c0094f2 00b50533 add              x10, x10, x11       x10=0000ffdf x10:fffffffc x11:0000ffe3
27011839ns          467940 1c0094f4 09015e03 lhu              x28, 144(x2)        x28=0000ff96  x2:10002cd8  PA:10002d68
27011859ns          467941 1c0094f8 03012583 lw               x11, 48(x2)         x11=1c002eda  x2:10002cd8  PA:10002d08
27011879ns          467942 1c0094fa 00c49023 sh               x12, 0(x9)          x12:0000087c  x9:1c002eca  PA:1c002eca
27012197ns          467958 1c0094fe 01b888b3 add              x17, x17, x27       x17=0000003f x17:0000000d x27:00000032
27012217ns          467959 1c009500 01a30333 add              x6, x6, x26          x6=0000013f  x6:00000038 x26:00000107
27012237ns          467960 1c009502 08015d83 lhu              x27, 128(x2)        x27=00000004  x2:10002cd8  PA:10002d58
27012257ns          467961 1c009506 0000d903 lhu              x18, 0(x1)          x18=0000ffb8  x1:1c002e8a  PA:1c002e8a
27012595ns          467978 1c00950a 01c686b3 add              x13, x13, x28       x13=0001ff8b x13:0000fff5 x28:0000ff96
27012615ns          467979 1c00950c 00659023 sh               x6, 0(x11)           x6:0000013f x11:1c002eda  PA:1c002eda
27012953ns          467996 1c009510 40af5f13 srai             x30, x30, 0x40a     x30=00000000 x30:000002d8
27012973ns          467997 1c009514 04812e03 lw               x28, 72(x2)         x28=1c002f0a  x2:10002cd8  PA:10002d20
27012993ns          467998 1c009516 01bf0f33 add              x30, x30, x27       x30=00000004 x30:00000000 x27:00000004
27013013ns          467999 1c009518 40aede93 srai             x29, x29, 0x40a     x29=fffffffd x29:fffff5b0
27013033ns          468000 1c00951c 40a75713 srai             x14, x14, 0x40a     x14=fffffff2 x14:ffffc8b0
27013053ns          468001 1c00951e 03812603 lw               x12, 56(x2)         x12=1c002eea  x2:10002cd8  PA:10002d10
27013072ns          468002 1c009520 04012d83 lw               x27, 64(x2)         x27=1c002efa  x2:10002cd8  PA:10002d18
27013092ns          468003 1c009522 01ee1023 sh               x30, 0(x28)         x30:00000004 x28:1c002f0a  PA:1c002f0a
27013410ns          468019 1c009526 05812483 lw               x9, 88(x2)           x9=1c002e6a  x2:10002cd8  PA:10002d30
27013430ns          468020 1c009528 05012f03 lw               x30, 80(x2)         x30=1c002e7a  x2:10002cd8  PA:10002d28
27013450ns          468021 1c00952a 0a012583 lw               x11, 160(x2)        x11=1c002e9a  x2:10002cd8  PA:10002d78
27013470ns          468022 1c00952c 014787b3 add              x15, x15, x20       x15=0001fe56 x15:0000ffc5 x20:0000fe91
27013490ns          468023 1c00952e 013e8eb3 add              x29, x29, x19       x29=0000ffdd x29:fffffffd x19:0000ffe0
27013510ns          468024 1c009530 01270733 add              x14, x14, x18       x14=0000ffaa x14:fffffff2 x18:0000ffb8
27013530ns          468025 1c009532 00f49023 sh               x15, 0(x9)          x15:0001fe56  x9:1c002e6a  PA:1c002e6a
27013888ns          468043 1c009536 01161023 sh               x17, 0(x12)         x17:0000003f x12:1c002eea  PA:1c002eea
27014206ns          468059 1c00953a 01fd9023 sh               x31, 0(x27)         x31:00000010 x27:1c002efa  PA:1c002efa
27014524ns          468075 1c00953e 00df1023 sh               x13, 0(x30)         x13:0001ff8b x30:1c002e7a  PA:1c002e7a
27014842ns          468091 1c009542 01d59023 sh               x29, 0(x11)         x29:0000ffdd x11:1c002e9a  PA:1c002e9a
27015181ns          468108 1c009546 00e09023 sh               x14, 0(x1)          x14:0000ffaa  x1:1c002e8a  PA:1c002e8a
27015519ns          468125 1c00954a 01039023 sh               x16, 0(x7)          x16:0000ffeb  x7:1c002eba  PA:1c002eba
27015837ns          468141 1c00954e 00a29023 sh               x10, 0(x5)          x10:0000ffdf  x5:1c002eaa  PA:1c002eaa
27016155ns          468157 1c009552 008b0b13 addi             x22, x22, 8         x22=000000cd x22:000000c5
27016175ns          468158 1c009554 1f300793 addi             x15, x0, 499        x15=000001f3
27016195ns          468159 1c009558 e767dae3 bge              x15, x22, -396      x15:000001f3 x22:000000cd
27016294ns          468164 1c0093cc 010c9a0b p.lh             x20, 16(x25!)       x20=fffffe3e x25=1c002832 x25:1c002822  PA:1c002822
27016612ns          468180 1c0093d0 0104198b p.lh             x19, 16(x8!)        x19=000001a8  x8=1c001ffa  x8:1c001fea  PA:1c001fea
27016911ns          468195 1c0093d4 2cc10513 addi             x10, x2, 716        x10=10002fa4  x2:10002cd8
27016931ns          468196 1c0093d6 010a990b p.lh             x18, 16(x21!)       x18=fffffe9b x21=1c001826 x21:1c001816  PA:1c001816
27017229ns          468211 1c0093da 010b948b p.lh             x9, 16(x23!)         x9=000001e3 x23=1c001056 x23:1c001046  PA:1c001046
27017547ns          468227 1c0093de 2d411623 sh               x20, 716(x2)        x20:fffffe3e  x2:10002cd8  PA:10002fa4
27017567ns          468228 1c0093e2 2d311723 sh               x19, 718(x2)        x19:000001a8  x2:10002cd8  PA:10002fa6
27017587ns          468229 1c0093e6 c33ff0ef jal              x1, -974             x1=1c0093e8
27017667ns          468233 1c009018 00051803 lh               x16, 0(x10)         x16=fffffe3e x10:10002fa4  PA:10002fa4
27017706ns          468235 1c00901c 00251883 lh               x17, 2(x10)         x17=000001a8 x10:10002fa4  PA:10002fa6
27017766ns          468238 1c009020 030806b3 mul              x13, x16, x16       x13=00031704 x16:fffffe3e x16:fffffe3e
27017806ns          468240 1c009024 03188633 mul              x12, x17, x17       x12=0002be40 x17:000001a8 x17:000001a8
27017826ns          468241 1c009028 40a65613 srai             x12, x12, 0x40a     x12=000000af x12:0002be40
27017846ns          468242 1c00902a 40a6d693 srai             x13, x13, 0x40a     x13=000000c5 x13:00031704
27017865ns          468243 1c00902c 00c686b3 add              x13, x13, x12       x13=00000174 x13:000000c5 x12:000000af
27017885ns          468244 1c00902e 1006c633 p.exths          x12, x13, x0        x12=00000174 x13:00000174
27017905ns          468245 1c009032 00855703 lhu              x14, 8(x10)         x14=0000ffd1 x10:10002fa4  PA:10002fac
27017925ns          468246 1c009036 00a55683 lhu              x13, 10(x10)        x13=0000ff6a x10:10002fa4  PA:10002fae
27017945ns          468247 1c00903a 02c60333 mul              x6, x12, x12         x6=00021c90 x12:00000174 x12:00000174
27017985ns          468249 1c00903e 00c55783 lhu              x15, 12(x10)        x15=0000ffe5 x10:10002fa4  PA:10002fb0
27018025ns          468251 1c009042 00e55583 lhu              x11, 14(x10)        x11=00000060 x10:10002fa4  PA:10002fb2
27018044ns          468252 1c009046 dea30333 p.extract        x6, x6, 15, 10       x6=00000087  x6:00021c90
27018064ns          468253 1c00904a 80c7075b p.muls           x14, x14, x12       x14=ffffbbb4 x14:0000ffd1 x12:00000174
27018084ns          468254 1c00904e 80c686db p.muls           x13, x13, x12       x13=ffff2608 x13:0000ff6a x12:00000174
27018104ns          468255 1c009052 00455e83 lhu              x29, 4(x10)         x29=00000427 x10:10002fa4  PA:10002fa8
27018124ns          468256 1c009056 00655e03 lhu              x28, 6(x10)         x28=0000007f x10:10002fa4  PA:10002faa
27018144ns          468257 1c00905a 40a75713 srai             x14, x14, 0x40a     x14=ffffffee x14:ffffbbb4
27018164ns          468258 1c00905c 806787db p.muls           x15, x15, x6        x15=fffff1c3 x15:0000ffe5  x6:00000087
27018204ns          468260 1c009060 40a6d693 srai             x13, x13, 0x40a     x13=ffffffc9 x13:ffff2608
27018243ns          468262 1c009062 8065865b p.muls           x12, x11, x6        x12=000032a0 x11:00000060  x6:00000087
27018263ns          468263 1c009066 40a7d793 srai             x15, x15, 0x40a     x15=fffffffc x15:fffff1c3
27018283ns          468264 1c009068 40a65613 srai             x12, x12, 0x40a     x12=0000000c x12:000032a0
27018303ns          468265 1c00906a 01d70733 add              x14, x14, x29       x14=00000415 x14:ffffffee x29:00000427
27018323ns          468266 1c00906c 01c686b3 add              x13, x13, x28       x13=00000048 x13:ffffffc9 x28:0000007f
27018343ns          468267 1c00906e 00c686b3 add              x13, x13, x12       x13=00000054 x13:00000048 x12:0000000c
27018363ns          468268 1c009070 00f70733 add              x14, x14, x15       x14=00000411 x14:00000415 x15:fffffffc
27018382ns          468269 1c009072 100747b3 p.exths          x15, x14, x0        x15=00000411 x14:00000411
27018402ns          468270 1c009076 1006c733 p.exths          x14, x13, x0        x14=00000054 x13:00000054
27018422ns          468271 1c00907a 03170633 mul              x12, x14, x17       x12=00008b20 x14:00000054 x17:000001a8
27018442ns          468272 1c00907e 030786b3 mul              x13, x15, x16       x13=fff8da1e x15:00000411 x16:fffffe3e
27018462ns          468273 1c009082 03070733 mul              x14, x14, x16       x14=ffff6c58 x14:00000054 x16:fffffe3e
27018482ns          468274 1c009086 031787b3 mul              x15, x15, x17       x15=0006bc28 x15:00000411 x17:000001a8
27018502ns          468275 1c00908a 40a6d693 srai             x13, x13, 0x40a     x13=fffffe36 x13:fff8da1e
27018522ns          468276 1c00908c 40a65613 srai             x12, x12, 0x40a     x12=00000022 x12:00008b20
27018542ns          468277 1c00908e 40a7d793 srai             x15, x15, 0x40a     x15=000001af x15:0006bc28
27018561ns          468278 1c009090 40a75713 srai             x14, x14, 0x40a     x14=ffffffdb x14:ffff6c58
27018581ns          468279 1c009092 40c686b3 sub              x13, x13, x12       x13=fffffe14 x13:fffffe36 x12:00000022
27018601ns          468280 1c009094 00e787b3 add              x15, x15, x14       x15=0000018a x15:000001af x14:ffffffdb
27018621ns          468281 1c009096 00d51823 sh               x13, 16(x10)        x13:fffffe14 x10:10002fa4  PA:10002fb4
27018641ns          468282 1c00909a 00f51923 sh               x15, 18(x10)        x15:0000018a x10:10002fa4  PA:10002fb6
27018661ns          468283 1c00909e 00008067 jalr             x0, x1, 0            x1:1c0093e8
27018701ns          468285 1c0093e8 2dc15583 lhu              x11, 732(x2)        x11=0000fe14  x2:10002cd8  PA:10002fb4
27018721ns          468286 1c0093ec 2de15783 lhu              x15, 734(x2)        x15=0000018a  x2:10002cd8  PA:10002fb6
27018740ns          468287 1c0093f0 40b90933 sub              x18, x18, x11       x18=ffff0087 x18:fffffe9b x11:0000fe14
27018760ns          468288 1c0093f4 40f484b3 sub              x9, x9, x15          x9=00000059  x9:000001e3 x15:0000018a
27018780ns          468289 1c0093f6 100945b3 p.exths          x11, x18, x0        x11=00000087 x18:ffff0087
27018800ns          468290 1c0093fa 1004c7b3 p.exths          x15, x9, x0         x15=00000059  x9:00000059
27018820ns          468291 1c0093fe 034586b3 mul              x13, x11, x20       x13=ffff12b2 x11:00000087 x20:fffffe3e
27018840ns          468292 1c009402 03378533 mul              x10, x15, x19       x10=00009368 x15:00000059 x19:000001a8
27018860ns          468293 1c009406 034a0633 mul              x12, x20, x20       x12=00031704 x20:fffffe3e x20:fffffe3e
27018880ns          468294 1c00940a 03398733 mul              x14, x19, x19       x14=0002be40 x19:000001a8 x19:000001a8
27018900ns          468295 1c00940e 034787b3 mul              x15, x15, x20       x15=ffff638e x15:00000059 x20:fffffe3e
27018919ns          468296 1c009412 033585b3 mul              x11, x11, x19       x11=0000df98 x11:00000087 x19:000001a8
27018939ns          468297 1c009416 40a75713 srai             x14, x14, 0x40a     x14=000000af x14:0002be40
27018959ns          468298 1c009418 40a5d593 srai             x11, x11, 0x40a     x11=00000037 x11:0000df98
27018979ns          468299 1c00941a 40a65613 srai             x12, x12, 0x40a     x12=000000c5 x12:00031704
27018999ns          468300 1c00941c 40a7d793 srai             x15, x15, 0x40a     x15=ffffffd8 x15:ffff638e
27019019ns          468301 1c00941e 1c0034b7 lui              x9, 0x1c003000       x9=1c003000
27019039ns          468302 1c009422 00e60633 add              x12, x12, x14       x12=00000174 x12:000000c5 x14:000000af
27019059ns          468303 1c009424 40b787b3 sub              x15, x15, x11       x15=ffffffa1 x15:ffffffd8 x11:00000037
27019079ns          468304 1c009426 eb048493 addi             x9, x9, -336         x9=1c002eb0  x9:1c003000
27019098ns          468305 1c00942a 1c0032b7 lui              x5, 0x1c003000       x5=1c003000
27019118ns          468306 1c00942e 1c0035b7 lui              x11, 0x1c003000     x11=1c003000
27019138ns          468307 1c009432 018483b3 add              x7, x9, x24          x7=1c002eba  x9:1c002eb0 x24:0000000a
27019158ns          468308 1c009436 02812e83 lw               x29, 40(x2)         x29=1c002eca  x2:10002cd8  PA:10002d00
27019178ns          468309 1c009438 10065633 p.exthz          x12, x12, x0        x12=00000174 x12:00000174
27019198ns          468310 1c00943c e8028293 addi             x5, x5, -384         x5=1c002e80  x5:1c003000
27019218ns          468311 1c009440 ea058593 addi             x11, x11, -352      x11=1c002ea0 x11:1c003000
27019238ns          468312 1c009444 03812483 lw               x9, 56(x2)           x9=1c002eea  x2:10002cd8  PA:10002d10
27019258ns          468313 1c009446 10064733 p.exths          x14, x12, x0        x14=00000174 x12:00000174
27019277ns          468314 1c00944a 018280b3 add              x1, x5, x24          x1=1c002e8a  x5:1c002e80 x24:0000000a
27019297ns          468315 1c00944e 03012f03 lw               x30, 48(x2)         x30=1c002eda  x2:10002cd8  PA:10002d08
27019317ns          468316 1c009450 018582b3 add              x5, x11, x24         x5=1c002eaa x11:1c002ea0 x24:0000000a
27019337ns          468317 1c009454 04012583 lw               x11, 64(x2)         x11=1c002efa  x2:10002cd8  PA:10002d18
27019357ns          468318 1c009456 000edd83 lhu              x27, 0(x29)         x27=0000087c x29:1c002eca  PA:1c002eca
27019655ns          468333 1c00945a 0004d483 lhu              x9, 0(x9)            x9=0000003f  x9:1c002eea  PA:1c002eea
27019954ns          468348 1c00945e 02e70333 mul              x6, x14, x14         x6=00021c90 x14:00000174 x14:00000174
27019974ns          468349 1c009462 40a55513 srai             x10, x10, 0x40a     x10=00000024 x10:00009368
27019993ns          468350 1c009464 04812e83 lw               x29, 72(x2)         x29=1c002f0a  x2:10002cd8  PA:10002d20
27020013ns          468351 1c009466 40a6d693 srai             x13, x13, 0x40a     x13=ffffffc4 x13:ffff12b2
27020033ns          468352 1c009468 000f5d03 lhu              x26, 0(x30)         x26=0000013f x30:1c002eda  PA:1c002eda
27020351ns          468368 1c00946c 0005d583 lhu              x11, 0(x11)         x11=00000010 x11:1c002efa  PA:1c002efa
27020650ns          468383 1c009470 40a35313 srai             x6, x6, 0x40a        x6=00000087  x6:00021c90
27020670ns          468384 1c009474 00a686b3 add              x13, x13, x10       x13=ffffffe8 x13:ffffffc4 x10:00000024
27020690ns          468385 1c009476 05012f03 lw               x30, 80(x2)         x30=1c002e7a  x2:10002cd8  PA:10002d28
27020709ns          468386 1c009478 10034e33 p.exths          x28, x6, x0         x28=00000087  x6:00000087
27020729ns          468387 1c00947c 06911023 sh               x9, 96(x2)           x9:0000003f  x2:10002cd8  PA:10002d38
27020749ns          468388 1c009480 000ede83 lhu              x29, 0(x29)         x29=00000004 x29:1c002f0a  PA:1c002f0a
27021107ns          468406 1c009484 05812483 lw               x9, 88(x2)           x9=1c002e6a  x2:10002cd8  PA:10002d30
27021127ns          468407 1c009486 1006d6b3 p.exthz          x13, x13, x0        x13=0000ffe8 x13:ffffffe8
27021147ns          468408 1c00948a 02ee08b3 mul              x17, x28, x14       x17=0000c42c x28:00000087 x14:00000174
27021167ns          468409 1c00948e 1006c833 p.exths          x16, x13, x0        x16=ffffffe8 x13:0000ffe8
27021187ns          468410 1c009492 06b11823 sh               x11, 112(x2)        x11:00000010  x2:10002cd8  PA:10002d48
27021207ns          468411 1c009496 000f5f03 lhu              x30, 0(x30)         x30=0000ff8b x30:1c002e7a  PA:1c002e7a
27021525ns          468427 1c00949a 0a012583 lw               x11, 160(x2)        x11=1c002e9a  x2:10002cd8  PA:10002d78
27021545ns          468428 1c00949c 1007d7b3 p.exthz          x15, x15, x0        x15=0000ffa1 x15:ffffffa1
27021565ns          468429 1c0094a0 0004da03 lhu              x20, 0(x9)          x20=0000fe56  x9:1c002e6a  PA:1c002e6a
27021982ns          468450 1c0094a4 1007c533 p.exths          x10, x15, x0        x10=ffffffa1 x15:0000ffa1
27022002ns          468451 1c0094a8 09d11023 sh               x29, 128(x2)        x29:00000004  x2:10002cd8  PA:10002d58
27022022ns          468452 1c0094ac 0003d483 lhu              x9, 0(x7)            x9=0000ffeb  x7:1c002eba  PA:1c002eba
27022320ns          468467 1c0094b0 02e80eb3 mul              x29, x16, x14       x29=ffffdd20 x16:ffffffe8 x14:00000174
27022340ns          468468 1c0094b4 40a8d893 srai             x17, x17, 0x40a     x17=00000031 x17:0000c42c
27022360ns          468469 1c0094b8 03c80833 mul              x16, x16, x28       x16=fffff358 x16:ffffffe8 x28:00000087
27022380ns          468470 1c0094bc 09e11823 sh               x30, 144(x2)        x30:0000ff8b  x2:10002cd8  PA:10002d68
27022400ns          468471 1c0094c0 0005d983 lhu              x19, 0(x11)         x19=0000ffdd x11:1c002e9a  PA:1c002e9a
27022698ns          468486 1c0094c4 81c88f5b p.muls           x30, x17, x28       x30=000019d7 x17:00000031 x28:00000087
27022718ns          468487 1c0094c8 0002d583 lhu              x11, 0(x5)          x11=0000ffdf  x5:1c002eaa  PA:1c002eaa
27023036ns          468503 1c0094cc 03ce0fb3 mul              x31, x28, x28       x31=00004731 x28:00000087 x28:00000087
27023056ns          468504 1c0094d0 02e50733 mul              x14, x10, x14       x14=ffff75f4 x10:ffffffa1 x14:00000174
27023076ns          468505 1c0094d4 40a85813 srai             x16, x16, 0x40a     x16=fffffffc x16:fffff358
27023096ns          468506 1c0094d8 03c50533 mul              x10, x10, x28       x10=ffffcde7 x10:ffffffa1 x28:00000087
27023116ns          468507 1c0094dc 07015e03 lhu              x28, 112(x2)        x28=00000010  x2:10002cd8  PA:10002d48
27023156ns          468509 1c0094e0 01b60633 add              x12, x12, x27       x12=000009f0 x12:00000174 x27:0000087c
27023176ns          468510 1c0094e2 00980833 add              x16, x16, x9        x16=0000ffe7 x16:fffffffc  x9:0000ffeb
27023195ns          468511 1c0094e4 06015d83 lhu              x27, 96(x2)         x27=0000003f  x2:10002cd8  PA:10002d38
27023215ns          468512 1c0094e8 02812483 lw               x9, 40(x2)           x9=1c002eca  x2:10002cd8  PA:10002d00
27023235ns          468513 1c0094ea 40afdf93 srai             x31, x31, 0x40a     x31=00000011 x31:00004731
27023255ns          468514 1c0094ee 40a55513 srai             x10, x10, 0x40a     x10=fffffff3 x10:ffffcde7
27023275ns          468515 1c0094f0 01cf8fb3 add              x31, x31, x28       x31=00000021 x31:00000011 x28:00000010
27023295ns          468516 1c0094f2 00b50533 add              x10, x10, x11       x10=0000ffd2 x10:fffffff3 x11:0000ffdf
27023315ns          468517 1c0094f4 09015e03 lhu              x28, 144(x2)        x28=0000ff8b  x2:10002cd8  PA:10002d68
27023335ns          468518 1c0094f8 03012583 lw               x11, 48(x2)         x11=1c002eda  x2:10002cd8  PA:10002d08
27023354ns          468519 1c0094fa 00c49023 sh               x12, 0(x9)          x12:000009f0  x9:1c002eca  PA:1c002eca
27023673ns          468535 1c0094fe 01b888b3 add              x17, x17, x27       x17=00000070 x17:00000031 x27:0000003f
27023693ns          468536 1c009500 01a30333 add              x6, x6, x26          x6=000001c6  x6:00000087 x26:0000013f
27023712ns          468537 1c009502 08015d83 lhu              x27, 128(x2)        x27=00000004  x2:10002cd8  PA:10002d58
27023732ns          468538 1c009506 0000d903 lhu              x18, 0(x1)          x18=0000ffaa  x1:1c002e8a  PA:1c002e8a
27024051ns          468554 1c00950a 01c686b3 add              x13, x13, x28       x13=0001ff73 x13:0000ffe8 x28:0000ff8b
27024070ns          468555 1c00950c 00659023 sh               x6, 0(x11)           x6:000001c6 x11:1c002eda  PA:1c002eda
27024409ns          468572 1c009510 40af5f13 srai             x30, x30, 0x40a     x30=00000006 x30:000019d7
27024428ns          468573 1c009514 04812e03 lw               x28, 72(x2)         x28=1c002f0a  x2:10002cd8  PA:10002d20
27024448ns          468574 1c009516 01bf0f33 add              x30, x30, x27       x30=0000000a x30:00000006 x27:00000004
27024468ns          468575 1c009518 40aede93 srai             x29, x29, 0x40a     x29=fffffff7 x29:ffffdd20
27024488ns          468576 1c00951c 40a75713 srai             x14, x14, 0x40a     x14=ffffffdd x14:ffff75f4
27024508ns          468577 1c00951e 03812603 lw               x12, 56(x2)         x12=1c002eea  x2:10002cd8  PA:10002d10
27024528ns          468578 1c009520 04012d83 lw               x27, 64(x2)         x27=1c002efa  x2:10002cd8  PA:10002d18
27024548ns          468579 1c009522 01ee1023 sh               x30, 0(x28)         x30:0000000a x28:1c002f0a  PA:1c002f0a
27024866ns          468595 1c009526 05812483 lw               x9, 88(x2)           x9=1c002e6a  x2:10002cd8  PA:10002d30
27024886ns          468596 1c009528 05012f03 lw               x30, 80(x2)         x30=1c002e7a  x2:10002cd8  PA:10002d28
27024906ns          468597 1c00952a 0a012583 lw               x11, 160(x2)        x11=1c002e9a  x2:10002cd8  PA:10002d78
27024926ns          468598 1c00952c 014787b3 add              x15, x15, x20       x15=0001fdf7 x15:0000ffa1 x20:0000fe56
27024946ns          468599 1c00952e 013e8eb3 add              x29, x29, x19       x29=0000ffd4 x29:fffffff7 x19:0000ffdd
27024965ns          468600 1c009530 01270733 add              x14, x14, x18       x14=0000ff87 x14:ffffffdd x18:0000ffaa
27024985ns          468601 1c009532 00f49023 sh               x15, 0(x9)          x15:0001fdf7  x9:1c002e6a  PA:1c002e6a
27025304ns          468617 1c009536 01161023 sh               x17, 0(x12)         x17:00000070 x12:1c002eea  PA:1c002eea
27025642ns          468634 1c00953a 01fd9023 sh               x31, 0(x27)         x31:00000021 x27:1c002efa  PA:1c002efa
27025960ns          468650 1c00953e 00df1023 sh               x13, 0(x30)         x13:0001ff73 x30:1c002e7a  PA:1c002e7a
27026278ns          468666 1c009542 01d59023 sh               x29, 0(x11)         x29:0000ffd4 x11:1c002e9a  PA:1c002e9a
27026596ns          468682 1c009546 00e09023 sh               x14, 0(x1)          x14:0000ff87  x1:1c002e8a  PA:1c002e8a
27026914ns          468698 1c00954a 01039023 sh               x16, 0(x7)          x16:0000ffe7  x7:1c002eba  PA:1c002eba
27027233ns          468714 1c00954e 00a29023 sh               x10, 0(x5)          x10:0000ffd2  x5:1c002eaa  PA:1c002eaa
27027551ns          468730 1c009552 008b0b13 addi             x22, x22, 8         x22=000000d5 x22:000000cd
27027571ns          468731 1c009554 1f300793 addi             x15, x0, 499        x15=000001f3
27027591ns          468732 1c009558 e767dae3 bge              x15, x22, -396      x15:000001f3 x22:000000d5
27027650ns          468735 1c0093cc 010c9a0b p.lh             x20, 16(x25!)       x20=00000011 x25=1c002842 x25:1c002832  PA:1c002832
27027988ns          468752 1c0093d0 0104198b p.lh             x19, 16(x8!)        x19=0000009d  x8=1c00200a  x8:1c001ffa  PA:1c001ffa
27028307ns          468768 1c0093d4 2cc10513 addi             x10, x2, 716        x10=10002fa4  x2:10002cd8
27028326ns          468769 1c0093d6 010a990b p.lh             x18, 16(x21!)       x18=00000011 x21=1c001836 x21:1c001826  PA:1c001826
27028625ns          468784 1c0093da 010b948b p.lh             x9, 16(x23!)         x9=000000a6 x23=1c001066 x23:1c001056  PA:1c001056
27028943ns          468800 1c0093de 2d411623 sh               x20, 716(x2)        x20:00000011  x2:10002cd8  PA:10002fa4
27028963ns          468801 1c0093e2 2d311723 sh               x19, 718(x2)        x19:0000009d  x2:10002cd8  PA:10002fa6
27028983ns          468802 1c0093e6 c33ff0ef jal              x1, -974             x1=1c0093e8
27029023ns          468804 1c009018 00051803 lh               x16, 0(x10)         x16=00000011 x10:10002fa4  PA:10002fa4
27029042ns          468805 1c00901c 00251883 lh               x17, 2(x10)         x17=0000009d x10:10002fa4  PA:10002fa6
27029062ns          468806 1c009020 030806b3 mul              x13, x16, x16       x13=00000121 x16:00000011 x16:00000011
27029082ns          468807 1c009024 03188633 mul              x12, x17, x17       x12=00006049 x17:0000009d x17:0000009d
27029102ns          468808 1c009028 40a65613 srai             x12, x12, 0x40a     x12=00000018 x12:00006049
27029122ns          468809 1c00902a 40a6d693 srai             x13, x13, 0x40a     x13=00000000 x13:00000121
27029142ns          468810 1c00902c 00c686b3 add              x13, x13, x12       x13=00000018 x13:00000000 x12:00000018
27029162ns          468811 1c00902e 1006c633 p.exths          x12, x13, x0        x12=00000018 x13:00000018
27029182ns          468812 1c009032 00855703 lhu              x14, 8(x10)         x14=0000ffd1 x10:10002fa4  PA:10002fac
27029202ns          468813 1c009036 00a55683 lhu              x13, 10(x10)        x13=0000ff6a x10:10002fa4  PA:10002fae
27029221ns          468814 1c00903a 02c60333 mul              x6, x12, x12         x6=00000240 x12:00000018 x12:00000018
27029261ns          468816 1c00903e 00c55783 lhu              x15, 12(x10)        x15=0000ffe5 x10:10002fa4  PA:10002fb0
27029301ns          468818 1c009042 00e55583 lhu              x11, 14(x10)        x11=00000060 x10:10002fa4  PA:10002fb2
27029321ns          468819 1c009046 dea30333 p.extract        x6, x6, 15, 10       x6=00000000  x6:00000240
27029341ns          468820 1c00904a 80c7075b p.muls           x14, x14, x12       x14=fffffb98 x14:0000ffd1 x12:00000018
27029361ns          468821 1c00904e 80c686db p.muls           x13, x13, x12       x13=fffff1f0 x13:0000ff6a x12:00000018
27029381ns          468822 1c009052 00455e83 lhu              x29, 4(x10)         x29=00000427 x10:10002fa4  PA:10002fa8
27029400ns          468823 1c009056 00655e03 lhu              x28, 6(x10)         x28=0000007f x10:10002fa4  PA:10002faa
27029420ns          468824 1c00905a 40a75713 srai             x14, x14, 0x40a     x14=fffffffe x14:fffffb98
27029440ns          468825 1c00905c 806787db p.muls           x15, x15, x6        x15=00000000 x15:0000ffe5  x6:00000000
27029480ns          468827 1c009060 40a6d693 srai             x13, x13, 0x40a     x13=fffffffc x13:fffff1f0
27029520ns          468829 1c009062 8065865b p.muls           x12, x11, x6        x12=00000000 x11:00000060  x6:00000000
27029540ns          468830 1c009066 40a7d793 srai             x15, x15, 0x40a     x15=00000000 x15:00000000
27029560ns          468831 1c009068 40a65613 srai             x12, x12, 0x40a     x12=00000000 x12:00000000
27029579ns          468832 1c00906a 01d70733 add              x14, x14, x29       x14=00000425 x14:fffffffe x29:00000427
27029599ns          468833 1c00906c 01c686b3 add              x13, x13, x28       x13=0000007b x13:fffffffc x28:0000007f
27029619ns          468834 1c00906e 00c686b3 add              x13, x13, x12       x13=0000007b x13:0000007b x12:00000000
27029639ns          468835 1c009070 00f70733 add              x14, x14, x15       x14=00000425 x14:00000425 x15:00000000
27029659ns          468836 1c009072 100747b3 p.exths          x15, x14, x0        x15=00000425 x14:00000425
27029679ns          468837 1c009076 1006c733 p.exths          x14, x13, x0        x14=0000007b x13:0000007b
27029699ns          468838 1c00907a 03170633 mul              x12, x14, x17       x12=00004b6f x14:0000007b x17:0000009d
27029719ns          468839 1c00907e 030786b3 mul              x13, x15, x16       x13=00004675 x15:00000425 x16:00000011
27029739ns          468840 1c009082 03070733 mul              x14, x14, x16       x14=0000082b x14:0000007b x16:00000011
27029758ns          468841 1c009086 031787b3 mul              x15, x15, x17       x15=00028ab1 x15:00000425 x17:0000009d
27029778ns          468842 1c00908a 40a6d693 srai             x13, x13, 0x40a     x13=00000011 x13:00004675
27029798ns          468843 1c00908c 40a65613 srai             x12, x12, 0x40a     x12=00000012 x12:00004b6f
27029818ns          468844 1c00908e 40a7d793 srai             x15, x15, 0x40a     x15=000000a2 x15:00028ab1
27029838ns          468845 1c009090 40a75713 srai             x14, x14, 0x40a     x14=00000002 x14:0000082b
27029858ns          468846 1c009092 40c686b3 sub              x13, x13, x12       x13=ffffffff x13:00000011 x12:00000012
27029878ns          468847 1c009094 00e787b3 add              x15, x15, x14       x15=000000a4 x15:000000a2 x14:00000002
27029898ns          468848 1c009096 00d51823 sh               x13, 16(x10)        x13:ffffffff x10:10002fa4  PA:10002fb4
27029918ns          468849 1c00909a 00f51923 sh               x15, 18(x10)        x15:000000a4 x10:10002fa4  PA:10002fb6
27029937ns          468850 1c00909e 00008067 jalr             x0, x1, 0            x1:1c0093e8
27030017ns          468854 1c0093e8 2dc15583 lhu              x11, 732(x2)        x11=0000ffff  x2:10002cd8  PA:10002fb4
27030037ns          468855 1c0093ec 2de15783 lhu              x15, 734(x2)        x15=000000a4  x2:10002cd8  PA:10002fb6
27030057ns          468856 1c0093f0 40b90933 sub              x18, x18, x11       x18=ffff0012 x18:00000011 x11:0000ffff
27030077ns          468857 1c0093f4 40f484b3 sub              x9, x9, x15          x9=00000002  x9:000000a6 x15:000000a4
27030097ns          468858 1c0093f6 100945b3 p.exths          x11, x18, x0        x11=00000012 x18:ffff0012
27030116ns          468859 1c0093fa 1004c7b3 p.exths          x15, x9, x0         x15=00000002  x9:00000002
27030136ns          468860 1c0093fe 034586b3 mul              x13, x11, x20       x13=00000132 x11:00000012 x20:00000011
27030156ns          468861 1c009402 03378533 mul              x10, x15, x19       x10=0000013a x15:00000002 x19:0000009d
27030176ns          468862 1c009406 034a0633 mul              x12, x20, x20       x12=00000121 x20:00000011 x20:00000011
27030196ns          468863 1c00940a 03398733 mul              x14, x19, x19       x14=00006049 x19:0000009d x19:0000009d
27030216ns          468864 1c00940e 034787b3 mul              x15, x15, x20       x15=00000022 x15:00000002 x20:00000011
27030236ns          468865 1c009412 033585b3 mul              x11, x11, x19       x11=00000b0a x11:00000012 x19:0000009d
27030256ns          468866 1c009416 40a75713 srai             x14, x14, 0x40a     x14=00000018 x14:00006049
27030276ns          468867 1c009418 40a5d593 srai             x11, x11, 0x40a     x11=00000002 x11:00000b0a
27030295ns          468868 1c00941a 40a65613 srai             x12, x12, 0x40a     x12=00000000 x12:00000121
27030315ns          468869 1c00941c 40a7d793 srai             x15, x15, 0x40a     x15=00000000 x15:00000022
27030335ns          468870 1c00941e 1c0034b7 lui              x9, 0x1c003000       x9=1c003000
27030355ns          468871 1c009422 00e60633 add              x12, x12, x14       x12=00000018 x12:00000000 x14:00000018
27030375ns          468872 1c009424 40b787b3 sub              x15, x15, x11       x15=fffffffe x15:00000000 x11:00000002
27030395ns          468873 1c009426 eb048493 addi             x9, x9, -336         x9=1c002eb0  x9:1c003000
27030415ns          468874 1c00942a 1c0032b7 lui              x5, 0x1c003000       x5=1c003000
27030435ns          468875 1c00942e 1c0035b7 lui              x11, 0x1c003000     x11=1c003000
27030455ns          468876 1c009432 018483b3 add              x7, x9, x24          x7=1c002eba  x9:1c002eb0 x24:0000000a
27030474ns          468877 1c009436 02812e83 lw               x29, 40(x2)         x29=1c002eca  x2:10002cd8  PA:10002d00
27030494ns          468878 1c009438 10065633 p.exthz          x12, x12, x0        x12=00000018 x12:00000018
27030514ns          468879 1c00943c e8028293 addi             x5, x5, -384         x5=1c002e80  x5:1c003000
27030534ns          468880 1c009440 ea058593 addi             x11, x11, -352      x11=1c002ea0 x11:1c003000
27030574ns          468882 1c009444 03812483 lw               x9, 56(x2)           x9=1c002eea  x2:10002cd8  PA:10002d10
27030594ns          468883 1c009446 10064733 p.exths          x14, x12, x0        x14=00000018 x12:00000018
27030614ns          468884 1c00944a 018280b3 add              x1, x5, x24          x1=1c002e8a  x5:1c002e80 x24:0000000a
27030634ns          468885 1c00944e 03012f03 lw               x30, 48(x2)         x30=1c002eda  x2:10002cd8  PA:10002d08
27030653ns          468886 1c009450 018582b3 add              x5, x11, x24         x5=1c002eaa x11:1c002ea0 x24:0000000a
27030673ns          468887 1c009454 04012583 lw               x11, 64(x2)         x11=1c002efa  x2:10002cd8  PA:10002d18
27030693ns          468888 1c009456 000edd83 lhu              x27, 0(x29)         x27=000009f0 x29:1c002eca  PA:1c002eca
27031031ns          468905 1c00945a 0004d483 lhu              x9, 0(x9)            x9=00000070  x9:1c002eea  PA:1c002eea
27031330ns          468920 1c00945e 02e70333 mul              x6, x14, x14         x6=00000240 x14:00000018 x14:00000018
27031349ns          468921 1c009462 40a55513 srai             x10, x10, 0x40a     x10=00000000 x10:0000013a
27031369ns          468922 1c009464 04812e83 lw               x29, 72(x2)         x29=1c002f0a  x2:10002cd8  PA:10002d20
27031389ns          468923 1c009466 40a6d693 srai             x13, x13, 0x40a     x13=00000000 x13:00000132
27031409ns          468924 1c009468 000f5d03 lhu              x26, 0(x30)         x26=000001c6 x30:1c002eda  PA:1c002eda
27031707ns          468939 1c00946c 0005d583 lhu              x11, 0(x11)         x11=00000021 x11:1c002efa  PA:1c002efa
27032006ns          468954 1c009470 40a35313 srai             x6, x6, 0x40a        x6=00000000  x6:00000240
27032026ns          468955 1c009474 00a686b3 add              x13, x13, x10       x13=00000000 x13:00000000 x10:00000000
27032046ns          468956 1c009476 05012f03 lw               x30, 80(x2)         x30=1c002e7a  x2:10002cd8  PA:10002d28
27032065ns          468957 1c009478 10034e33 p.exths          x28, x6, x0         x28=00000000  x6:00000000
27032085ns          468958 1c00947c 06911023 sh               x9, 96(x2)           x9:00000070  x2:10002cd8  PA:10002d38
27032105ns          468959 1c009480 000ede83 lhu              x29, 0(x29)         x29=0000000a x29:1c002f0a  PA:1c002f0a
27032404ns          468974 1c009484 05812483 lw               x9, 88(x2)           x9=1c002e6a  x2:10002cd8  PA:10002d30
27032423ns          468975 1c009486 1006d6b3 p.exthz          x13, x13, x0        x13=00000000 x13:00000000
27032443ns          468976 1c00948a 02ee08b3 mul              x17, x28, x14       x17=00000000 x28:00000000 x14:00000018
27032463ns          468977 1c00948e 1006c833 p.exths          x16, x13, x0        x16=00000000 x13:00000000
27032483ns          468978 1c009492 06b11823 sh               x11, 112(x2)        x11:00000021  x2:10002cd8  PA:10002d48
27032503ns          468979 1c009496 000f5f03 lhu              x30, 0(x30)         x30=0000ff73 x30:1c002e7a  PA:1c002e7a
27032801ns          468994 1c00949a 0a012583 lw               x11, 160(x2)        x11=1c002e9a  x2:10002cd8  PA:10002d78
27032821ns          468995 1c00949c 1007d7b3 p.exthz          x15, x15, x0        x15=0000fffe x15:fffffffe
27032841ns          468996 1c0094a0 0004da03 lhu              x20, 0(x9)          x20=0000fdf7  x9:1c002e6a  PA:1c002e6a
27033139ns          469011 1c0094a4 1007c533 p.exths          x10, x15, x0        x10=fffffffe x15:0000fffe
27033159ns          469012 1c0094a8 09d11023 sh               x29, 128(x2)        x29:0000000a  x2:10002cd8  PA:10002d58
27033179ns          469013 1c0094ac 0003d483 lhu              x9, 0(x7)            x9=0000ffe7  x7:1c002eba  PA:1c002eba
27033477ns          469028 1c0094b0 02e80eb3 mul              x29, x16, x14       x29=00000000 x16:00000000 x14:00000018
27033497ns          469029 1c0094b4 40a8d893 srai             x17, x17, 0x40a     x17=00000000 x17:00000000
27033517ns          469030 1c0094b8 03c80833 mul              x16, x16, x28       x16=00000000 x16:00000000 x28:00000000
27033537ns          469031 1c0094bc 09e11823 sh               x30, 144(x2)        x30:0000ff73  x2:10002cd8  PA:10002d68
27033557ns          469032 1c0094c0 0005d983 lhu              x19, 0(x11)         x19=0000ffd4 x11:1c002e9a  PA:1c002e9a
27033955ns          469052 1c0094c4 81c88f5b p.muls           x30, x17, x28       x30=00000000 x17:00000000 x28:00000000
27033975ns          469053 1c0094c8 0002d583 lhu              x11, 0(x5)          x11=0000ffd2  x5:1c002eaa  PA:1c002eaa
27034313ns          469070 1c0094cc 03ce0fb3 mul              x31, x28, x28       x31=00000000 x28:00000000 x28:00000000
27034333ns          469071 1c0094d0 02e50733 mul              x14, x10, x14       x14=ffffffd0 x10:fffffffe x14:00000018
27034353ns          469072 1c0094d4 40a85813 srai             x16, x16, 0x40a     x16=00000000 x16:00000000
27034372ns          469073 1c0094d8 03c50533 mul              x10, x10, x28       x10=00000000 x10:fffffffe x28:00000000
27034392ns          469074 1c0094dc 07015e03 lhu              x28, 112(x2)        x28=00000021  x2:10002cd8  PA:10002d48
27034412ns          469075 1c0094e0 01b60633 add              x12, x12, x27       x12=00000a08 x12:00000018 x27:000009f0
27034432ns          469076 1c0094e2 00980833 add              x16, x16, x9        x16=0000ffe7 x16:00000000  x9:0000ffe7
27034452ns          469077 1c0094e4 06015d83 lhu              x27, 96(x2)         x27=00000070  x2:10002cd8  PA:10002d38
27034472ns          469078 1c0094e8 02812483 lw               x9, 40(x2)           x9=1c002eca  x2:10002cd8  PA:10002d00
27034492ns          469079 1c0094ea 40afdf93 srai             x31, x31, 0x40a     x31=00000000 x31:00000000
27034512ns          469080 1c0094ee 40a55513 srai             x10, x10, 0x40a     x10=00000000 x10:00000000
27034532ns          469081 1c0094f0 01cf8fb3 add              x31, x31, x28       x31=00000021 x31:00000000 x28:00000021
27034551ns          469082 1c0094f2 00b50533 add              x10, x10, x11       x10=0000ffd2 x10:00000000 x11:0000ffd2
27034571ns          469083 1c0094f4 09015e03 lhu              x28, 144(x2)        x28=0000ff73  x2:10002cd8  PA:10002d68
27034591ns          469084 1c0094f8 03012583 lw               x11, 48(x2)         x11=1c002eda  x2:10002cd8  PA:10002d08
27034611ns          469085 1c0094fa 00c49023 sh               x12, 0(x9)          x12:00000a08  x9:1c002eca  PA:1c002eca
27034949ns          469102 1c0094fe 01b888b3 add              x17, x17, x27       x17=00000070 x17:00000000 x27:00000070
27034969ns          469103 1c009500 01a30333 add              x6, x6, x26          x6=000001c6  x6:00000000 x26:000001c6
27034989ns          469104 1c009502 08015d83 lhu              x27, 128(x2)        x27=0000000a  x2:10002cd8  PA:10002d58
27035009ns          469105 1c009506 0000d903 lhu              x18, 0(x1)          x18=0000ff87  x1:1c002e8a  PA:1c002e8a
27035307ns          469120 1c00950a 01c686b3 add              x13, x13, x28       x13=0000ff73 x13:00000000 x28:0000ff73
27035327ns          469121 1c00950c 00659023 sh               x6, 0(x11)           x6:000001c6 x11:1c002eda  PA:1c002eda
27035645ns          469137 1c009510 40af5f13 srai             x30, x30, 0x40a     x30=00000000 x30:00000000
27035665ns          469138 1c009514 04812e03 lw               x28, 72(x2)         x28=1c002f0a  x2:10002cd8  PA:10002d20
27035685ns          469139 1c009516 01bf0f33 add              x30, x30, x27       x30=0000000a x30:00000000 x27:0000000a
27035705ns          469140 1c009518 40aede93 srai             x29, x29, 0x40a     x29=00000000 x29:00000000
27035725ns          469141 1c00951c 40a75713 srai             x14, x14, 0x40a     x14=ffffffff x14:ffffffd0
27035745ns          469142 1c00951e 03812603 lw               x12, 56(x2)         x12=1c002eea  x2:10002cd8  PA:10002d10
27035765ns          469143 1c009520 04012d83 lw               x27, 64(x2)         x27=1c002efa  x2:10002cd8  PA:10002d18
27035784ns          469144 1c009522 01ee1023 sh               x30, 0(x28)         x30:0000000a x28:1c002f0a  PA:1c002f0a
27036103ns          469160 1c009526 05812483 lw               x9, 88(x2)           x9=1c002e6a  x2:10002cd8  PA:10002d30
27036123ns          469161 1c009528 05012f03 lw               x30, 80(x2)         x30=1c002e7a  x2:10002cd8  PA:10002d28
27036142ns          469162 1c00952a 0a012583 lw               x11, 160(x2)        x11=1c002e9a  x2:10002cd8  PA:10002d78
27036162ns          469163 1c00952c 014787b3 add              x15, x15, x20       x15=0001fdf5 x15:0000fffe x20:0000fdf7
27036182ns          469164 1c00952e 013e8eb3 add              x29, x29, x19       x29=0000ffd4 x29:00000000 x19:0000ffd4
27036202ns          469165 1c009530 01270733 add              x14, x14, x18       x14=0000ff86 x14:ffffffff x18:0000ff87
27036222ns          469166 1c009532 00f49023 sh               x15, 0(x9)          x15:0001fdf5  x9:1c002e6a  PA:1c002e6a
27036540ns          469182 1c009536 01161023 sh               x17, 0(x12)         x17:00000070 x12:1c002eea  PA:1c002eea
27036878ns          469199 1c00953a 01fd9023 sh               x31, 0(x27)         x31:00000021 x27:1c002efa  PA:1c002efa
27037256ns          469218 1c00953e 00df1023 sh               x13, 0(x30)         x13:0000ff73 x30:1c002e7a  PA:1c002e7a
27037594ns          469235 1c009542 01d59023 sh               x29, 0(x11)         x29:0000ffd4 x11:1c002e9a  PA:1c002e9a
27037913ns          469251 1c009546 00e09023 sh               x14, 0(x1)          x14:0000ff86  x1:1c002e8a  PA:1c002e8a
27038231ns          469267 1c00954a 01039023 sh               x16, 0(x7)          x16:0000ffe7  x7:1c002eba  PA:1c002eba
27038549ns          469283 1c00954e 00a29023 sh               x10, 0(x5)          x10:0000ffd2  x5:1c002eaa  PA:1c002eaa
27038887ns          469300 1c009552 008b0b13 addi             x22, x22, 8         x22=000000dd x22:000000d5
27038907ns          469301 1c009554 1f300793 addi             x15, x0, 499        x15=000001f3
27038927ns          469302 1c009558 e767dae3 bge              x15, x22, -396      x15:000001f3 x22:000000dd
27039026ns          469307 1c0093cc 010c9a0b p.lh             x20, 16(x25!)       x20=fffffef3 x25=1c002852 x25:1c002842  PA:1c002842
27039344ns          469323 1c0093d0 0104198b p.lh             x19, 16(x8!)        x19=fffffff8  x8=1c00201a  x8:1c00200a  PA:1c00200a
27039643ns          469338 1c0093d4 2cc10513 addi             x10, x2, 716        x10=10002fa4  x2:10002cd8
27039663ns          469339 1c0093d6 010a990b p.lh             x18, 16(x21!)       x18=fffffef8 x21=1c001846 x21:1c001836  PA:1c001836
27039961ns          469354 1c0093da 010b948b p.lh             x9, 16(x23!)         x9=fffffffd x23=1c001076 x23:1c001066  PA:1c001066
27040279ns          469370 1c0093de 2d411623 sh               x20, 716(x2)        x20:fffffef3  x2:10002cd8  PA:10002fa4
27040299ns          469371 1c0093e2 2d311723 sh               x19, 718(x2)        x19:fffffff8  x2:10002cd8  PA:10002fa6
27040319ns          469372 1c0093e6 c33ff0ef jal              x1, -974             x1=1c0093e8
27040399ns          469376 1c009018 00051803 lh               x16, 0(x10)         x16=fffffef3 x10:10002fa4  PA:10002fa4
27040438ns          469378 1c00901c 00251883 lh               x17, 2(x10)         x17=fffffff8 x10:10002fa4  PA:10002fa6
27040458ns          469379 1c009020 030806b3 mul              x13, x16, x16       x13=00011aa9 x16:fffffef3 x16:fffffef3
27040478ns          469380 1c009024 03188633 mul              x12, x17, x17       x12=00000040 x17:fffffff8 x17:fffffff8
27040498ns          469381 1c009028 40a65613 srai             x12, x12, 0x40a     x12=00000000 x12:00000040
27040518ns          469382 1c00902a 40a6d693 srai             x13, x13, 0x40a     x13=00000046 x13:00011aa9
27040538ns          469383 1c00902c 00c686b3 add              x13, x13, x12       x13=00000046 x13:00000046 x12:00000000
27040558ns          469384 1c00902e 1006c633 p.exths          x12, x13, x0        x12=00000046 x13:00000046
27040578ns          469385 1c009032 00855703 lhu              x14, 8(x10)         x14=0000ffd1 x10:10002fa4  PA:10002fac
27040597ns          469386 1c009036 00a55683 lhu              x13, 10(x10)        x13=0000ff6a x10:10002fa4  PA:10002fae
27040617ns          469387 1c00903a 02c60333 mul              x6, x12, x12         x6=00001324 x12:00000046 x12:00000046
27040657ns          469389 1c00903e 00c55783 lhu              x15, 12(x10)        x15=0000ffe5 x10:10002fa4  PA:10002fb0
27040697ns          469391 1c009042 00e55583 lhu              x11, 14(x10)        x11=00000060 x10:10002fa4  PA:10002fb2
27040717ns          469392 1c009046 dea30333 p.extract        x6, x6, 15, 10       x6=00000004  x6:00001324
27040737ns          469393 1c00904a 80c7075b p.muls           x14, x14, x12       x14=fffff326 x14:0000ffd1 x12:00000046
27040796ns          469396 1c00904e 80c686db p.muls           x13, x13, x12       x13=ffffd6fc x13:0000ff6a x12:00000046
27040836ns          469398 1c009052 00455e83 lhu              x29, 4(x10)         x29=00000427 x10:10002fa4  PA:10002fa8
27040856ns          469399 1c009056 00655e03 lhu              x28, 6(x10)         x28=0000007f x10:10002fa4  PA:10002faa
27040876ns          469400 1c00905a 40a75713 srai             x14, x14, 0x40a     x14=fffffffc x14:fffff326
27040896ns          469401 1c00905c 806787db p.muls           x15, x15, x6        x15=ffffff94 x15:0000ffe5  x6:00000004
27040916ns          469402 1c009060 40a6d693 srai             x13, x13, 0x40a     x13=fffffff5 x13:ffffd6fc
27040935ns          469403 1c009062 8065865b p.muls           x12, x11, x6        x12=00000180 x11:00000060  x6:00000004
27040955ns          469404 1c009066 40a7d793 srai             x15, x15, 0x40a     x15=ffffffff x15:ffffff94
27040975ns          469405 1c009068 40a65613 srai             x12, x12, 0x40a     x12=00000000 x12:00000180
27040995ns          469406 1c00906a 01d70733 add              x14, x14, x29       x14=00000423 x14:fffffffc x29:00000427
27041015ns          469407 1c00906c 01c686b3 add              x13, x13, x28       x13=00000074 x13:fffffff5 x28:0000007f
27041035ns          469408 1c00906e 00c686b3 add              x13, x13, x12       x13=00000074 x13:00000074 x12:00000000
27041055ns          469409 1c009070 00f70733 add              x14, x14, x15       x14=00000422 x14:00000423 x15:ffffffff
27041075ns          469410 1c009072 100747b3 p.exths          x15, x14, x0        x15=00000422 x14:00000422
27041095ns          469411 1c009076 1006c733 p.exths          x14, x13, x0        x14=00000074 x13:00000074
27041114ns          469412 1c00907a 03170633 mul              x12, x14, x17       x12=fffffc60 x14:00000074 x17:fffffff8
27041134ns          469413 1c00907e 030786b3 mul              x13, x15, x16       x13=fffba846 x15:00000422 x16:fffffef3
27041154ns          469414 1c009082 03070733 mul              x14, x14, x16       x14=ffff861c x14:00000074 x16:fffffef3
27041174ns          469415 1c009086 031787b3 mul              x15, x15, x17       x15=ffffdef0 x15:00000422 x17:fffffff8
27041194ns          469416 1c00908a 40a6d693 srai             x13, x13, 0x40a     x13=fffffeea x13:fffba846
27041214ns          469417 1c00908c 40a65613 srai             x12, x12, 0x40a     x12=ffffffff x12:fffffc60
27041234ns          469418 1c00908e 40a7d793 srai             x15, x15, 0x40a     x15=fffffff7 x15:ffffdef0
27041254ns          469419 1c009090 40a75713 srai             x14, x14, 0x40a     x14=ffffffe1 x14:ffff861c
27041274ns          469420 1c009092 40c686b3 sub              x13, x13, x12       x13=fffffeeb x13:fffffeea x12:ffffffff
27041293ns          469421 1c009094 00e787b3 add              x15, x15, x14       x15=ffffffd8 x15:fffffff7 x14:ffffffe1
27041313ns          469422 1c009096 00d51823 sh               x13, 16(x10)        x13:fffffeeb x10:10002fa4  PA:10002fb4
27041333ns          469423 1c00909a 00f51923 sh               x15, 18(x10)        x15:ffffffd8 x10:10002fa4  PA:10002fb6
27041353ns          469424 1c00909e 00008067 jalr             x0, x1, 0            x1:1c0093e8
27041413ns          469427 1c0093e8 2dc15583 lhu              x11, 732(x2)        x11=0000feeb  x2:10002cd8  PA:10002fb4
27041433ns          469428 1c0093ec 2de15783 lhu              x15, 734(x2)        x15=0000ffd8  x2:10002cd8  PA:10002fb6
27041453ns          469429 1c0093f0 40b90933 sub              x18, x18, x11       x18=ffff000d x18:fffffef8 x11:0000feeb
27041472ns          469430 1c0093f4 40f484b3 sub              x9, x9, x15          x9=ffff0025  x9:fffffffd x15:0000ffd8
27041492ns          469431 1c0093f6 100945b3 p.exths          x11, x18, x0        x11=0000000d x18:ffff000d
27041512ns          469432 1c0093fa 1004c7b3 p.exths          x15, x9, x0         x15=00000025  x9:ffff0025
27041532ns          469433 1c0093fe 034586b3 mul              x13, x11, x20       x13=fffff257 x11:0000000d x20:fffffef3
27041552ns          469434 1c009402 03378533 mul              x10, x15, x19       x10=fffffed8 x15:00000025 x19:fffffff8
27041572ns          469435 1c009406 034a0633 mul              x12, x20, x20       x12=00011aa9 x20:fffffef3 x20:fffffef3
27041592ns          469436 1c00940a 03398733 mul              x14, x19, x19       x14=00000040 x19:fffffff8 x19:fffffff8
27041612ns          469437 1c00940e 034787b3 mul              x15, x15, x20       x15=ffffd91f x15:00000025 x20:fffffef3
27041632ns          469438 1c009412 033585b3 mul              x11, x11, x19       x11=ffffff98 x11:0000000d x19:fffffff8
27041651ns          469439 1c009416 40a75713 srai             x14, x14, 0x40a     x14=00000000 x14:00000040
27041671ns          469440 1c009418 40a5d593 srai             x11, x11, 0x40a     x11=ffffffff x11:ffffff98
27041691ns          469441 1c00941a 40a65613 srai             x12, x12, 0x40a     x12=00000046 x12:00011aa9
27041711ns          469442 1c00941c 40a7d793 srai             x15, x15, 0x40a     x15=fffffff6 x15:ffffd91f
27041731ns          469443 1c00941e 1c0034b7 lui              x9, 0x1c003000       x9=1c003000
27041751ns          469444 1c009422 00e60633 add              x12, x12, x14       x12=00000046 x12:00000046 x14:00000000
27041771ns          469445 1c009424 40b787b3 sub              x15, x15, x11       x15=fffffff7 x15:fffffff6 x11:ffffffff
27041791ns          469446 1c009426 eb048493 addi             x9, x9, -336         x9=1c002eb0  x9:1c003000
27041811ns          469447 1c00942a 1c0032b7 lui              x5, 0x1c003000       x5=1c003000
27041830ns          469448 1c00942e 1c0035b7 lui              x11, 0x1c003000     x11=1c003000
27041850ns          469449 1c009432 018483b3 add              x7, x9, x24          x7=1c002eba  x9:1c002eb0 x24:0000000a
27041870ns          469450 1c009436 02812e83 lw               x29, 40(x2)         x29=1c002eca  x2:10002cd8  PA:10002d00
27041890ns          469451 1c009438 10065633 p.exthz          x12, x12, x0        x12=00000046 x12:00000046
27041910ns          469452 1c00943c e8028293 addi             x5, x5, -384         x5=1c002e80  x5:1c003000
27041930ns          469453 1c009440 ea058593 addi             x11, x11, -352      x11=1c002ea0 x11:1c003000
27041950ns          469454 1c009444 03812483 lw               x9, 56(x2)           x9=1c002eea  x2:10002cd8  PA:10002d10
27041970ns          469455 1c009446 10064733 p.exths          x14, x12, x0        x14=00000046 x12:00000046
27041990ns          469456 1c00944a 018280b3 add              x1, x5, x24          x1=1c002e8a  x5:1c002e80 x24:0000000a
27042009ns          469457 1c00944e 03012f03 lw               x30, 48(x2)         x30=1c002eda  x2:10002cd8  PA:10002d08
27042029ns          469458 1c009450 018582b3 add              x5, x11, x24         x5=1c002eaa x11:1c002ea0 x24:0000000a
27042049ns          469459 1c009454 04012583 lw               x11, 64(x2)         x11=1c002efa  x2:10002cd8  PA:10002d18
27042069ns          469460 1c009456 000edd83 lhu              x27, 0(x29)         x27=00000a08 x29:1c002eca  PA:1c002eca
27042367ns          469475 1c00945a 0004d483 lhu              x9, 0(x9)            x9=00000070  x9:1c002eea  PA:1c002eea
27042666ns          469490 1c00945e 02e70333 mul              x6, x14, x14         x6=00001324 x14:00000046 x14:00000046
27042686ns          469491 1c009462 40a55513 srai             x10, x10, 0x40a     x10=ffffffff x10:fffffed8
27042706ns          469492 1c009464 04812e83 lw               x29, 72(x2)         x29=1c002f0a  x2:10002cd8  PA:10002d20
27042725ns          469493 1c009466 40a6d693 srai             x13, x13, 0x40a     x13=fffffffc x13:fffff257
27042745ns          469494 1c009468 000f5d03 lhu              x26, 0(x30)         x26=000001c6 x30:1c002eda  PA:1c002eda
27043044ns          469509 1c00946c 0005d583 lhu              x11, 0(x11)         x11=00000021 x11:1c002efa  PA:1c002efa
27043342ns          469524 1c009470 40a35313 srai             x6, x6, 0x40a        x6=00000004  x6:00001324
27043362ns          469525 1c009474 00a686b3 add              x13, x13, x10       x13=fffffffb x13:fffffffc x10:ffffffff
27043382ns          469526 1c009476 05012f03 lw               x30, 80(x2)         x30=1c002e7a  x2:10002cd8  PA:10002d28
27043402ns          469527 1c009478 10034e33 p.exths          x28, x6, x0         x28=00000004  x6:00000004
27043421ns          469528 1c00947c 06911023 sh               x9, 96(x2)           x9:00000070  x2:10002cd8  PA:10002d38
27043441ns          469529 1c009480 000ede83 lhu              x29, 0(x29)         x29=0000000a x29:1c002f0a  PA:1c002f0a
27043740ns          469544 1c009484 05812483 lw               x9, 88(x2)           x9=1c002e6a  x2:10002cd8  PA:10002d30
27043760ns          469545 1c009486 1006d6b3 p.exthz          x13, x13, x0        x13=0000fffb x13:fffffffb
27043779ns          469546 1c00948a 02ee08b3 mul              x17, x28, x14       x17=00000118 x28:00000004 x14:00000046
27043799ns          469547 1c00948e 1006c833 p.exths          x16, x13, x0        x16=fffffffb x13:0000fffb
27043819ns          469548 1c009492 06b11823 sh               x11, 112(x2)        x11:00000021  x2:10002cd8  PA:10002d48
27043839ns          469549 1c009496 000f5f03 lhu              x30, 0(x30)         x30=0000ff73 x30:1c002e7a  PA:1c002e7a
27044157ns          469565 1c00949a 0a012583 lw               x11, 160(x2)        x11=1c002e9a  x2:10002cd8  PA:10002d78
27044177ns          469566 1c00949c 1007d7b3 p.exthz          x15, x15, x0        x15=0000fff7 x15:fffffff7
27044197ns          469567 1c0094a0 0004da03 lhu              x20, 0(x9)          x20=0000fdf5  x9:1c002e6a  PA:1c002e6a
27044515ns          469583 1c0094a4 1007c533 p.exths          x10, x15, x0        x10=fffffff7 x15:0000fff7
27044535ns          469584 1c0094a8 09d11023 sh               x29, 128(x2)        x29:0000000a  x2:10002cd8  PA:10002d58
27044555ns          469585 1c0094ac 0003d483 lhu              x9, 0(x7)            x9=0000ffe7  x7:1c002eba  PA:1c002eba
27044853ns          469600 1c0094b0 02e80eb3 mul              x29, x16, x14       x29=fffffea2 x16:fffffffb x14:00000046
27044873ns          469601 1c0094b4 40a8d893 srai             x17, x17, 0x40a     x17=00000000 x17:00000118
27044893ns          469602 1c0094b8 03c80833 mul              x16, x16, x28       x16=ffffffec x16:fffffffb x28:00000004
27044913ns          469603 1c0094bc 09e11823 sh               x30, 144(x2)        x30:0000ff73  x2:10002cd8  PA:10002d68
27044933ns          469604 1c0094c0 0005d983 lhu              x19, 0(x11)         x19=0000ffd4 x11:1c002e9a  PA:1c002e9a
27045251ns          469620 1c0094c4 81c88f5b p.muls           x30, x17, x28       x30=00000000 x17:00000000 x28:00000004
27045271ns          469621 1c0094c8 0002d583 lhu              x11, 0(x5)          x11=0000ffd2  x5:1c002eaa  PA:1c002eaa
27045629ns          469639 1c0094cc 03ce0fb3 mul              x31, x28, x28       x31=00000010 x28:00000004 x28:00000004
27045649ns          469640 1c0094d0 02e50733 mul              x14, x10, x14       x14=fffffd8a x10:fffffff7 x14:00000046
27045669ns          469641 1c0094d4 40a85813 srai             x16, x16, 0x40a     x16=ffffffff x16:ffffffec
27045689ns          469642 1c0094d8 03c50533 mul              x10, x10, x28       x10=ffffffdc x10:fffffff7 x28:00000004
27045709ns          469643 1c0094dc 07015e03 lhu              x28, 112(x2)        x28=00000021  x2:10002cd8  PA:10002d48
27045728ns          469644 1c0094e0 01b60633 add              x12, x12, x27       x12=00000a4e x12:00000046 x27:00000a08
27045748ns          469645 1c0094e2 00980833 add              x16, x16, x9        x16=0000ffe6 x16:ffffffff  x9:0000ffe7
27045768ns          469646 1c0094e4 06015d83 lhu              x27, 96(x2)         x27=00000070  x2:10002cd8  PA:10002d38
27045788ns          469647 1c0094e8 02812483 lw               x9, 40(x2)           x9=1c002eca  x2:10002cd8  PA:10002d00
27045808ns          469648 1c0094ea 40afdf93 srai             x31, x31, 0x40a     x31=00000000 x31:00000010
27045828ns          469649 1c0094ee 40a55513 srai             x10, x10, 0x40a     x10=ffffffff x10:ffffffdc
27045848ns          469650 1c0094f0 01cf8fb3 add              x31, x31, x28       x31=00000021 x31:00000000 x28:00000021
27045868ns          469651 1c0094f2 00b50533 add              x10, x10, x11       x10=0000ffd1 x10:ffffffff x11:0000ffd2
27045888ns          469652 1c0094f4 09015e03 lhu              x28, 144(x2)        x28=0000ff73  x2:10002cd8  PA:10002d68
27045907ns          469653 1c0094f8 03012583 lw               x11, 48(x2)         x11=1c002eda  x2:10002cd8  PA:10002d08
27045927ns          469654 1c0094fa 00c49023 sh               x12, 0(x9)          x12:00000a4e  x9:1c002eca  PA:1c002eca
27046246ns          469670 1c0094fe 01b888b3 add              x17, x17, x27       x17=00000070 x17:00000000 x27:00000070
27046265ns          469671 1c009500 01a30333 add              x6, x6, x26          x6=000001ca  x6:00000004 x26:000001c6
27046285ns          469672 1c009502 08015d83 lhu              x27, 128(x2)        x27=0000000a  x2:10002cd8  PA:10002d58
27046305ns          469673 1c009506 0000d903 lhu              x18, 0(x1)          x18=0000ff86  x1:1c002e8a  PA:1c002e8a
27046604ns          469688 1c00950a 01c686b3 add              x13, x13, x28       x13=0001ff6e x13:0000fffb x28:0000ff73
27046623ns          469689 1c00950c 00659023 sh               x6, 0(x11)           x6:000001ca x11:1c002eda  PA:1c002eda
27046962ns          469706 1c009510 40af5f13 srai             x30, x30, 0x40a     x30=00000000 x30:00000000
27046981ns          469707 1c009514 04812e03 lw               x28, 72(x2)         x28=1c002f0a  x2:10002cd8  PA:10002d20
27047001ns          469708 1c009516 01bf0f33 add              x30, x30, x27       x30=0000000a x30:00000000 x27:0000000a
27047021ns          469709 1c009518 40aede93 srai             x29, x29, 0x40a     x29=ffffffff x29:fffffea2
27047041ns          469710 1c00951c 40a75713 srai             x14, x14, 0x40a     x14=ffffffff x14:fffffd8a
27047061ns          469711 1c00951e 03812603 lw               x12, 56(x2)         x12=1c002eea  x2:10002cd8  PA:10002d10
27047081ns          469712 1c009520 04012d83 lw               x27, 64(x2)         x27=1c002efa  x2:10002cd8  PA:10002d18
27047101ns          469713 1c009522 01ee1023 sh               x30, 0(x28)         x30:0000000a x28:1c002f0a  PA:1c002f0a
27047459ns          469731 1c009526 05812483 lw               x9, 88(x2)           x9=1c002e6a  x2:10002cd8  PA:10002d30
27047479ns          469732 1c009528 05012f03 lw               x30, 80(x2)         x30=1c002e7a  x2:10002cd8  PA:10002d28
27047499ns          469733 1c00952a 0a012583 lw               x11, 160(x2)        x11=1c002e9a  x2:10002cd8  PA:10002d78
27047518ns          469734 1c00952c 014787b3 add              x15, x15, x20       x15=0001fdec x15:0000fff7 x20:0000fdf5
27047538ns          469735 1c00952e 013e8eb3 add              x29, x29, x19       x29=0000ffd3 x29:ffffffff x19:0000ffd4
27047558ns          469736 1c009530 01270733 add              x14, x14, x18       x14=0000ff85 x14:ffffffff x18:0000ff86
27047578ns          469737 1c009532 00f49023 sh               x15, 0(x9)          x15:0001fdec  x9:1c002e6a  PA:1c002e6a
27047896ns          469753 1c009536 01161023 sh               x17, 0(x12)         x17:00000070 x12:1c002eea  PA:1c002eea
27048214ns          469769 1c00953a 01fd9023 sh               x31, 0(x27)         x31:00000021 x27:1c002efa  PA:1c002efa
27048533ns          469785 1c00953e 00df1023 sh               x13, 0(x30)         x13:0001ff6e x30:1c002e7a  PA:1c002e7a
27048851ns          469801 1c009542 01d59023 sh               x29, 0(x11)         x29:0000ffd3 x11:1c002e9a  PA:1c002e9a
27049169ns          469817 1c009546 00e09023 sh               x14, 0(x1)          x14:0000ff85  x1:1c002e8a  PA:1c002e8a
27049507ns          469834 1c00954a 01039023 sh               x16, 0(x7)          x16:0000ffe6  x7:1c002eba  PA:1c002eba
27049825ns          469850 1c00954e 00a29023 sh               x10, 0(x5)          x10:0000ffd1  x5:1c002eaa  PA:1c002eaa
27050144ns          469866 1c009552 008b0b13 addi             x22, x22, 8         x22=000000e5 x22:000000dd
27050164ns          469867 1c009554 1f300793 addi             x15, x0, 499        x15=000001f3
27050183ns          469868 1c009558 e767dae3 bge              x15, x22, -396      x15:000001f3 x22:000000e5
27050283ns          469873 1c0093cc 010c9a0b p.lh             x20, 16(x25!)       x20=fffffebf x25=1c002862 x25:1c002852  PA:1c002852
27050621ns          469890 1c0093d0 0104198b p.lh             x19, 16(x8!)        x19=00000025  x8=1c00202a  x8:1c00201a  PA:1c00201a
27050939ns          469906 1c0093d4 2cc10513 addi             x10, x2, 716        x10=10002fa4  x2:10002cd8
27050959ns          469907 1c0093d6 010a990b p.lh             x18, 16(x21!)       x18=fffffeca x21=1c001856 x21:1c001846  PA:1c001846
27051257ns          469922 1c0093da 010b948b p.lh             x9, 16(x23!)         x9=00000042 x23=1c001086 x23:1c001076  PA:1c001076
27051556ns          469937 1c0093de 2d411623 sh               x20, 716(x2)        x20:fffffebf  x2:10002cd8  PA:10002fa4
27051576ns          469938 1c0093e2 2d311723 sh               x19, 718(x2)        x19:00000025  x2:10002cd8  PA:10002fa6
27051595ns          469939 1c0093e6 c33ff0ef jal              x1, -974             x1=1c0093e8
27051635ns          469941 1c009018 00051803 lh               x16, 0(x10)         x16=fffffebf x10:10002fa4  PA:10002fa4
27051655ns          469942 1c00901c 00251883 lh               x17, 2(x10)         x17=00000025 x10:10002fa4  PA:10002fa6
27051715ns          469945 1c009020 030806b3 mul              x13, x16, x16       x13=00019281 x16:fffffebf x16:fffffebf
27051755ns          469947 1c009024 03188633 mul              x12, x17, x17       x12=00000559 x17:00000025 x17:00000025
27051774ns          469948 1c009028 40a65613 srai             x12, x12, 0x40a     x12=00000001 x12:00000559
27051794ns          469949 1c00902a 40a6d693 srai             x13, x13, 0x40a     x13=00000064 x13:00019281
27051814ns          469950 1c00902c 00c686b3 add              x13, x13, x12       x13=00000065 x13:00000064 x12:00000001
27051834ns          469951 1c00902e 1006c633 p.exths          x12, x13, x0        x12=00000065 x13:00000065
27051854ns          469952 1c009032 00855703 lhu              x14, 8(x10)         x14=0000ffd1 x10:10002fa4  PA:10002fac
27051874ns          469953 1c009036 00a55683 lhu              x13, 10(x10)        x13=0000ff6a x10:10002fa4  PA:10002fae
27051894ns          469954 1c00903a 02c60333 mul              x6, x12, x12         x6=000027d9 x12:00000065 x12:00000065
27051934ns          469956 1c00903e 00c55783 lhu              x15, 12(x10)        x15=0000ffe5 x10:10002fa4  PA:10002fb0
27051973ns          469958 1c009042 00e55583 lhu              x11, 14(x10)        x11=00000060 x10:10002fa4  PA:10002fb2
27051993ns          469959 1c009046 dea30333 p.extract        x6, x6, 15, 10       x6=00000009  x6:000027d9
27052013ns          469960 1c00904a 80c7075b p.muls           x14, x14, x12       x14=ffffed75 x14:0000ffd1 x12:00000065
27052093ns          469964 1c00904e 80c686db p.muls           x13, x13, x12       x13=ffffc4d2 x13:0000ff6a x12:00000065
27052132ns          469966 1c009052 00455e83 lhu              x29, 4(x10)         x29=00000427 x10:10002fa4  PA:10002fa8
27052152ns          469967 1c009056 00655e03 lhu              x28, 6(x10)         x28=0000007f x10:10002fa4  PA:10002faa
27052172ns          469968 1c00905a 40a75713 srai             x14, x14, 0x40a     x14=fffffffb x14:ffffed75
27052192ns          469969 1c00905c 806787db p.muls           x15, x15, x6        x15=ffffff0d x15:0000ffe5  x6:00000009
27052232ns          469971 1c009060 40a6d693 srai             x13, x13, 0x40a     x13=fffffff1 x13:ffffc4d2
27052272ns          469973 1c009062 8065865b p.muls           x12, x11, x6        x12=00000360 x11:00000060  x6:00000009
27052292ns          469974 1c009066 40a7d793 srai             x15, x15, 0x40a     x15=ffffffff x15:ffffff0d
27052311ns          469975 1c009068 40a65613 srai             x12, x12, 0x40a     x12=00000000 x12:00000360
27052331ns          469976 1c00906a 01d70733 add              x14, x14, x29       x14=00000422 x14:fffffffb x29:00000427
27052351ns          469977 1c00906c 01c686b3 add              x13, x13, x28       x13=00000070 x13:fffffff1 x28:0000007f
27052371ns          469978 1c00906e 00c686b3 add              x13, x13, x12       x13=00000070 x13:00000070 x12:00000000
27052391ns          469979 1c009070 00f70733 add              x14, x14, x15       x14=00000421 x14:00000422 x15:ffffffff
27052411ns          469980 1c009072 100747b3 p.exths          x15, x14, x0        x15=00000421 x14:00000421
27052431ns          469981 1c009076 1006c733 p.exths          x14, x13, x0        x14=00000070 x13:00000070
27052451ns          469982 1c00907a 03170633 mul              x12, x14, x17       x12=00001030 x14:00000070 x17:00000025
27052471ns          469983 1c00907e 030786b3 mul              x13, x15, x16       x13=fffad29f x15:00000421 x16:fffffebf
27052490ns          469984 1c009082 03070733 mul              x14, x14, x16       x14=ffff7390 x14:00000070 x16:fffffebf
27052510ns          469985 1c009086 031787b3 mul              x15, x15, x17       x15=000098c5 x15:00000421 x17:00000025
27052530ns          469986 1c00908a 40a6d693 srai             x13, x13, 0x40a     x13=fffffeb4 x13:fffad29f
27052550ns          469987 1c00908c 40a65613 srai             x12, x12, 0x40a     x12=00000004 x12:00001030
27052570ns          469988 1c00908e 40a7d793 srai             x15, x15, 0x40a     x15=00000026 x15:000098c5
27052590ns          469989 1c009090 40a75713 srai             x14, x14, 0x40a     x14=ffffffdc x14:ffff7390
27052610ns          469990 1c009092 40c686b3 sub              x13, x13, x12       x13=fffffeb0 x13:fffffeb4 x12:00000004
27052630ns          469991 1c009094 00e787b3 add              x15, x15, x14       x15=00000002 x15:00000026 x14:ffffffdc
27052650ns          469992 1c009096 00d51823 sh               x13, 16(x10)        x13:fffffeb0 x10:10002fa4  PA:10002fb4
27052669ns          469993 1c00909a 00f51923 sh               x15, 18(x10)        x15:00000002 x10:10002fa4  PA:10002fb6
27052689ns          469994 1c00909e 00008067 jalr             x0, x1, 0            x1:1c0093e8
27052769ns          469998 1c0093e8 2dc15583 lhu              x11, 732(x2)        x11=0000feb0  x2:10002cd8  PA:10002fb4
27052789ns          469999 1c0093ec 2de15783 lhu              x15, 734(x2)        x15=00000002  x2:10002cd8  PA:10002fb6
27052809ns          470000 1c0093f0 40b90933 sub              x18, x18, x11       x18=ffff001a x18:fffffeca x11:0000feb0
27052829ns          470001 1c0093f4 40f484b3 sub              x9, x9, x15          x9=00000040  x9:00000042 x15:00000002
27052848ns          470002 1c0093f6 100945b3 p.exths          x11, x18, x0        x11=0000001a x18:ffff001a
27052868ns          470003 1c0093fa 1004c7b3 p.exths          x15, x9, x0         x15=00000040  x9:00000040
27052888ns          470004 1c0093fe 034586b3 mul              x13, x11, x20       x13=ffffdf66 x11:0000001a x20:fffffebf
27052908ns          470005 1c009402 03378533 mul              x10, x15, x19       x10=00000940 x15:00000040 x19:00000025
27052928ns          470006 1c009406 034a0633 mul              x12, x20, x20       x12=00019281 x20:fffffebf x20:fffffebf
27052948ns          470007 1c00940a 03398733 mul              x14, x19, x19       x14=00000559 x19:00000025 x19:00000025
27053008ns          470010 1c00940e 034787b3 mul              x15, x15, x20       x15=ffffafc0 x15:00000040 x20:fffffebf
27053047ns          470012 1c009412 033585b3 mul              x11, x11, x19       x11=000003c2 x11:0000001a x19:00000025
27053067ns          470013 1c009416 40a75713 srai             x14, x14, 0x40a     x14=00000001 x14:00000559
27053087ns          470014 1c009418 40a5d593 srai             x11, x11, 0x40a     x11=00000000 x11:000003c2
27053107ns          470015 1c00941a 40a65613 srai             x12, x12, 0x40a     x12=00000064 x12:00019281
27053127ns          470016 1c00941c 40a7d793 srai             x15, x15, 0x40a     x15=ffffffeb x15:ffffafc0
27053147ns          470017 1c00941e 1c0034b7 lui              x9, 0x1c003000       x9=1c003000
27053167ns          470018 1c009422 00e60633 add              x12, x12, x14       x12=00000065 x12:00000064 x14:00000001
27053186ns          470019 1c009424 40b787b3 sub              x15, x15, x11       x15=ffffffeb x15:ffffffeb x11:00000000
27053206ns          470020 1c009426 eb048493 addi             x9, x9, -336         x9=1c002eb0  x9:1c003000
27053226ns          470021 1c00942a 1c0032b7 lui              x5, 0x1c003000       x5=1c003000
27053246ns          470022 1c00942e 1c0035b7 lui              x11, 0x1c003000     x11=1c003000
27053266ns          470023 1c009432 018483b3 add              x7, x9, x24          x7=1c002eba  x9:1c002eb0 x24:0000000a
27053286ns          470024 1c009436 02812e83 lw               x29, 40(x2)         x29=1c002eca  x2:10002cd8  PA:10002d00
27053306ns          470025 1c009438 10065633 p.exthz          x12, x12, x0        x12=00000065 x12:00000065
27053326ns          470026 1c00943c e8028293 addi             x5, x5, -384         x5=1c002e80  x5:1c003000
27053346ns          470027 1c009440 ea058593 addi             x11, x11, -352      x11=1c002ea0 x11:1c003000
27053365ns          470028 1c009444 03812483 lw               x9, 56(x2)           x9=1c002eea  x2:10002cd8  PA:10002d10
27053385ns          470029 1c009446 10064733 p.exths          x14, x12, x0        x14=00000065 x12:00000065
27053405ns          470030 1c00944a 018280b3 add              x1, x5, x24          x1=1c002e8a  x5:1c002e80 x24:0000000a
27053425ns          470031 1c00944e 03012f03 lw               x30, 48(x2)         x30=1c002eda  x2:10002cd8  PA:10002d08
27053445ns          470032 1c009450 018582b3 add              x5, x11, x24         x5=1c002eaa x11:1c002ea0 x24:0000000a
27053465ns          470033 1c009454 04012583 lw               x11, 64(x2)         x11=1c002efa  x2:10002cd8  PA:10002d18
27053485ns          470034 1c009456 000edd83 lhu              x27, 0(x29)         x27=00000a4e x29:1c002eca  PA:1c002eca
27053783ns          470049 1c00945a 0004d483 lhu              x9, 0(x9)            x9=00000070  x9:1c002eea  PA:1c002eea
27054081ns          470064 1c00945e 02e70333 mul              x6, x14, x14         x6=000027d9 x14:00000065 x14:00000065
27054101ns          470065 1c009462 40a55513 srai             x10, x10, 0x40a     x10=00000002 x10:00000940
27054121ns          470066 1c009464 04812e83 lw               x29, 72(x2)         x29=1c002f0a  x2:10002cd8  PA:10002d20
27054141ns          470067 1c009466 40a6d693 srai             x13, x13, 0x40a     x13=fffffff7 x13:ffffdf66
27054161ns          470068 1c009468 000f5d03 lhu              x26, 0(x30)         x26=000001ca x30:1c002eda  PA:1c002eda
27054459ns          470083 1c00946c 0005d583 lhu              x11, 0(x11)         x11=00000021 x11:1c002efa  PA:1c002efa
27054778ns          470099 1c009470 40a35313 srai             x6, x6, 0x40a        x6=00000009  x6:000027d9
27054797ns          470100 1c009474 00a686b3 add              x13, x13, x10       x13=fffffff9 x13:fffffff7 x10:00000002
27054817ns          470101 1c009476 05012f03 lw               x30, 80(x2)         x30=1c002e7a  x2:10002cd8  PA:10002d28
27054837ns          470102 1c009478 10034e33 p.exths          x28, x6, x0         x28=00000009  x6:00000009
27054857ns          470103 1c00947c 06911023 sh               x9, 96(x2)           x9:00000070  x2:10002cd8  PA:10002d38
27054877ns          470104 1c009480 000ede83 lhu              x29, 0(x29)         x29=0000000a x29:1c002f0a  PA:1c002f0a
27055255ns          470123 1c009484 05812483 lw               x9, 88(x2)           x9=1c002e6a  x2:10002cd8  PA:10002d30
27055275ns          470124 1c009486 1006d6b3 p.exthz          x13, x13, x0        x13=0000fff9 x13:fffffff9
27055295ns          470125 1c00948a 02ee08b3 mul              x17, x28, x14       x17=0000038d x28:00000009 x14:00000065
27055315ns          470126 1c00948e 1006c833 p.exths          x16, x13, x0        x16=fffffff9 x13:0000fff9
27055334ns          470127 1c009492 06b11823 sh               x11, 112(x2)        x11:00000021  x2:10002cd8  PA:10002d48
27055354ns          470128 1c009496 000f5f03 lhu              x30, 0(x30)         x30=0000ff6e x30:1c002e7a  PA:1c002e7a
27055653ns          470143 1c00949a 0a012583 lw               x11, 160(x2)        x11=1c002e9a  x2:10002cd8  PA:10002d78
27055672ns          470144 1c00949c 1007d7b3 p.exthz          x15, x15, x0        x15=0000ffeb x15:ffffffeb
27055692ns          470145 1c0094a0 0004da03 lhu              x20, 0(x9)          x20=0000fdec  x9:1c002e6a  PA:1c002e6a
27056050ns          470163 1c0094a4 1007c533 p.exths          x10, x15, x0        x10=ffffffeb x15:0000ffeb
27056070ns          470164 1c0094a8 09d11023 sh               x29, 128(x2)        x29:0000000a  x2:10002cd8  PA:10002d58
27056090ns          470165 1c0094ac 0003d483 lhu              x9, 0(x7)            x9=0000ffe6  x7:1c002eba  PA:1c002eba
27056408ns          470181 1c0094b0 02e80eb3 mul              x29, x16, x14       x29=fffffd3d x16:fffffff9 x14:00000065
27056428ns          470182 1c0094b4 40a8d893 srai             x17, x17, 0x40a     x17=00000000 x17:0000038d
27056448ns          470183 1c0094b8 03c80833 mul              x16, x16, x28       x16=ffffffc1 x16:fffffff9 x28:00000009
27056468ns          470184 1c0094bc 09e11823 sh               x30, 144(x2)        x30:0000ff6e  x2:10002cd8  PA:10002d68
27056488ns          470185 1c0094c0 0005d983 lhu              x19, 0(x11)         x19=0000ffd3 x11:1c002e9a  PA:1c002e9a
27056786ns          470200 1c0094c4 81c88f5b p.muls           x30, x17, x28       x30=00000000 x17:00000000 x28:00000009
27056806ns          470201 1c0094c8 0002d583 lhu              x11, 0(x5)          x11=0000ffd1  x5:1c002eaa  PA:1c002eaa
27057124ns          470217 1c0094cc 03ce0fb3 mul              x31, x28, x28       x31=00000051 x28:00000009 x28:00000009
27057144ns          470218 1c0094d0 02e50733 mul              x14, x10, x14       x14=fffff7b7 x10:ffffffeb x14:00000065
27057164ns          470219 1c0094d4 40a85813 srai             x16, x16, 0x40a     x16=ffffffff x16:ffffffc1
27057184ns          470220 1c0094d8 03c50533 mul              x10, x10, x28       x10=ffffff43 x10:ffffffeb x28:00000009
27057204ns          470221 1c0094dc 07015e03 lhu              x28, 112(x2)        x28=00000021  x2:10002cd8  PA:10002d48
27057224ns          470222 1c0094e0 01b60633 add              x12, x12, x27       x12=00000ab3 x12:00000065 x27:00000a4e
27057244ns          470223 1c0094e2 00980833 add              x16, x16, x9        x16=0000ffe5 x16:ffffffff  x9:0000ffe6
27057264ns          470224 1c0094e4 06015d83 lhu              x27, 96(x2)         x27=00000070  x2:10002cd8  PA:10002d38
27057303ns          470226 1c0094e8 02812483 lw               x9, 40(x2)           x9=1c002eca  x2:10002cd8  PA:10002d00
27057323ns          470227 1c0094ea 40afdf93 srai             x31, x31, 0x40a     x31=00000000 x31:00000051
27057343ns          470228 1c0094ee 40a55513 srai             x10, x10, 0x40a     x10=ffffffff x10:ffffff43
27057363ns          470229 1c0094f0 01cf8fb3 add              x31, x31, x28       x31=00000021 x31:00000000 x28:00000021
27057383ns          470230 1c0094f2 00b50533 add              x10, x10, x11       x10=0000ffd0 x10:ffffffff x11:0000ffd1
27057403ns          470231 1c0094f4 09015e03 lhu              x28, 144(x2)        x28=0000ff6e  x2:10002cd8  PA:10002d68
27057423ns          470232 1c0094f8 03012583 lw               x11, 48(x2)         x11=1c002eda  x2:10002cd8  PA:10002d08
27057443ns          470233 1c0094fa 00c49023 sh               x12, 0(x9)          x12:00000ab3  x9:1c002eca  PA:1c002eca
27057781ns          470250 1c0094fe 01b888b3 add              x17, x17, x27       x17=00000070 x17:00000000 x27:00000070
27057801ns          470251 1c009500 01a30333 add              x6, x6, x26          x6=000001d3  x6:00000009 x26:000001ca
27057820ns          470252 1c009502 08015d83 lhu              x27, 128(x2)        x27=0000000a  x2:10002cd8  PA:10002d58
27057840ns          470253 1c009506 0000d903 lhu              x18, 0(x1)          x18=0000ff85  x1:1c002e8a  PA:1c002e8a
27058139ns          470268 1c00950a 01c686b3 add              x13, x13, x28       x13=0001ff67 x13:0000fff9 x28:0000ff6e
27058158ns          470269 1c00950c 00659023 sh               x6, 0(x11)           x6:000001d3 x11:1c002eda  PA:1c002eda
27058477ns          470285 1c009510 40af5f13 srai             x30, x30, 0x40a     x30=00000000 x30:00000000
27058497ns          470286 1c009514 04812e03 lw               x28, 72(x2)         x28=1c002f0a  x2:10002cd8  PA:10002d20
27058516ns          470287 1c009516 01bf0f33 add              x30, x30, x27       x30=0000000a x30:00000000 x27:0000000a
27058536ns          470288 1c009518 40aede93 srai             x29, x29, 0x40a     x29=ffffffff x29:fffffd3d
27058556ns          470289 1c00951c 40a75713 srai             x14, x14, 0x40a     x14=fffffffd x14:fffff7b7
27058576ns          470290 1c00951e 03812603 lw               x12, 56(x2)         x12=1c002eea  x2:10002cd8  PA:10002d10
27058596ns          470291 1c009520 04012d83 lw               x27, 64(x2)         x27=1c002efa  x2:10002cd8  PA:10002d18
27058616ns          470292 1c009522 01ee1023 sh               x30, 0(x28)         x30:0000000a x28:1c002f0a  PA:1c002f0a
27058954ns          470309 1c009526 05812483 lw               x9, 88(x2)           x9=1c002e6a  x2:10002cd8  PA:10002d30
27058974ns          470310 1c009528 05012f03 lw               x30, 80(x2)         x30=1c002e7a  x2:10002cd8  PA:10002d28
27058994ns          470311 1c00952a 0a012583 lw               x11, 160(x2)        x11=1c002e9a  x2:10002cd8  PA:10002d78
27059014ns          470312 1c00952c 014787b3 add              x15, x15, x20       x15=0001fdd7 x15:0000ffeb x20:0000fdec
27059034ns          470313 1c00952e 013e8eb3 add              x29, x29, x19       x29=0000ffd2 x29:ffffffff x19:0000ffd3
27059053ns          470314 1c009530 01270733 add              x14, x14, x18       x14=0000ff82 x14:fffffffd x18:0000ff85
27059073ns          470315 1c009532 00f49023 sh               x15, 0(x9)          x15:0001fdd7  x9:1c002e6a  PA:1c002e6a
27059392ns          470331 1c009536 01161023 sh               x17, 0(x12)         x17:00000070 x12:1c002eea  PA:1c002eea
27059750ns          470349 1c00953a 01fd9023 sh               x31, 0(x27)         x31:00000021 x27:1c002efa  PA:1c002efa
27060088ns          470366 1c00953e 00df1023 sh               x13, 0(x30)         x13:0001ff67 x30:1c002e7a  PA:1c002e7a
27060406ns          470382 1c009542 01d59023 sh               x29, 0(x11)         x29:0000ffd2 x11:1c002e9a  PA:1c002e9a
27060724ns          470398 1c009546 00e09023 sh               x14, 0(x1)          x14:0000ff82  x1:1c002e8a  PA:1c002e8a
27061082ns          470416 1c00954a 01039023 sh               x16, 0(x7)          x16:0000ffe5  x7:1c002eba  PA:1c002eba
27061420ns          470433 1c00954e 00a29023 sh               x10, 0(x5)          x10:0000ffd0  x5:1c002eaa  PA:1c002eaa
27061738ns          470449 1c009552 008b0b13 addi             x22, x22, 8         x22=000000ed x22:000000e5
27061758ns          470450 1c009554 1f300793 addi             x15, x0, 499        x15=000001f3
27061778ns          470451 1c009558 e767dae3 bge              x15, x22, -396      x15:000001f3 x22:000000ed
27061878ns          470456 1c0093cc 010c9a0b p.lh             x20, 16(x25!)       x20=fffffe72 x25=1c002872 x25:1c002862  PA:1c002862
27062196ns          470472 1c0093d0 0104198b p.lh             x19, 16(x8!)        x19=000000c1  x8=1c00203a  x8:1c00202a  PA:1c00202a
27062494ns          470487 1c0093d4 2cc10513 addi             x10, x2, 716        x10=10002fa4  x2:10002cd8
27062514ns          470488 1c0093d6 010a990b p.lh             x18, 16(x21!)       x18=fffffe85 x21=1c001866 x21:1c001856  PA:1c001856
27062812ns          470503 1c0093da 010b948b p.lh             x9, 16(x23!)         x9=000000ec x23=1c001096 x23:1c001086  PA:1c001086
27063150ns          470520 1c0093de 2d411623 sh               x20, 716(x2)        x20:fffffe72  x2:10002cd8  PA:10002fa4
27063170ns          470521 1c0093e2 2d311723 sh               x19, 718(x2)        x19:000000c1  x2:10002cd8  PA:10002fa6
27063190ns          470522 1c0093e6 c33ff0ef jal              x1, -974             x1=1c0093e8
27063230ns          470524 1c009018 00051803 lh               x16, 0(x10)         x16=fffffe72 x10:10002fa4  PA:10002fa4
27063250ns          470525 1c00901c 00251883 lh               x17, 2(x10)         x17=000000c1 x10:10002fa4  PA:10002fa6
27063309ns          470528 1c009020 030806b3 mul              x13, x16, x16       x13=00026ac4 x16:fffffe72 x16:fffffe72
27063349ns          470530 1c009024 03188633 mul              x12, x17, x17       x12=00009181 x17:000000c1 x17:000000c1
27063369ns          470531 1c009028 40a65613 srai             x12, x12, 0x40a     x12=00000024 x12:00009181
27063389ns          470532 1c00902a 40a6d693 srai             x13, x13, 0x40a     x13=0000009a x13:00026ac4
27063409ns          470533 1c00902c 00c686b3 add              x13, x13, x12       x13=000000be x13:0000009a x12:00000024
27063429ns          470534 1c00902e 1006c633 p.exths          x12, x13, x0        x12=000000be x13:000000be
27063449ns          470535 1c009032 00855703 lhu              x14, 8(x10)         x14=0000ffd1 x10:10002fa4  PA:10002fac
27063469ns          470536 1c009036 00a55683 lhu              x13, 10(x10)        x13=0000ff6a x10:10002fa4  PA:10002fae
27063488ns          470537 1c00903a 02c60333 mul              x6, x12, x12         x6=00008d04 x12:000000be x12:000000be
27063528ns          470539 1c00903e 00c55783 lhu              x15, 12(x10)        x15=0000ffe5 x10:10002fa4  PA:10002fb0
27063568ns          470541 1c009042 00e55583 lhu              x11, 14(x10)        x11=00000060 x10:10002fa4  PA:10002fb2
27063588ns          470542 1c009046 dea30333 p.extract        x6, x6, 15, 10       x6=00000023  x6:00008d04
27063608ns          470543 1c00904a 80c7075b p.muls           x14, x14, x12       x14=ffffdd1e x14:0000ffd1 x12:000000be
27063667ns          470546 1c00904e 80c686db p.muls           x13, x13, x12       x13=ffff90ac x13:0000ff6a x12:000000be
27063707ns          470548 1c009052 00455e83 lhu              x29, 4(x10)         x29=00000427 x10:10002fa4  PA:10002fa8
27063727ns          470549 1c009056 00655e03 lhu              x28, 6(x10)         x28=0000007f x10:10002fa4  PA:10002faa
27063747ns          470550 1c00905a 40a75713 srai             x14, x14, 0x40a     x14=fffffff7 x14:ffffdd1e
27063767ns          470551 1c00905c 806787db p.muls           x15, x15, x6        x15=fffffc4f x15:0000ffe5  x6:00000023
27063787ns          470552 1c009060 40a6d693 srai             x13, x13, 0x40a     x13=ffffffe4 x13:ffff90ac
27063807ns          470553 1c009062 8065865b p.muls           x12, x11, x6        x12=00000d20 x11:00000060  x6:00000023
27063827ns          470554 1c009066 40a7d793 srai             x15, x15, 0x40a     x15=ffffffff x15:fffffc4f
27063846ns          470555 1c009068 40a65613 srai             x12, x12, 0x40a     x12=00000003 x12:00000d20
27063866ns          470556 1c00906a 01d70733 add              x14, x14, x29       x14=0000041e x14:fffffff7 x29:00000427
27063886ns          470557 1c00906c 01c686b3 add              x13, x13, x28       x13=00000063 x13:ffffffe4 x28:0000007f
27063906ns          470558 1c00906e 00c686b3 add              x13, x13, x12       x13=00000066 x13:00000063 x12:00000003
27063926ns          470559 1c009070 00f70733 add              x14, x14, x15       x14=0000041d x14:0000041e x15:ffffffff
27063946ns          470560 1c009072 100747b3 p.exths          x15, x14, x0        x15=0000041d x14:0000041d
27063966ns          470561 1c009076 1006c733 p.exths          x14, x13, x0        x14=00000066 x13:00000066
27063986ns          470562 1c00907a 03170633 mul              x12, x14, x17       x12=00004ce6 x14:00000066 x17:000000c1
27064006ns          470563 1c00907e 030786b3 mul              x13, x15, x16       x13=fff99aea x15:0000041d x16:fffffe72
27064025ns          470564 1c009082 03070733 mul              x14, x14, x16       x14=ffff616c x14:00000066 x16:fffffe72
27064045ns          470565 1c009086 031787b3 mul              x15, x15, x17       x15=000319dd x15:0000041d x17:000000c1
27064065ns          470566 1c00908a 40a6d693 srai             x13, x13, 0x40a     x13=fffffe66 x13:fff99aea
27064085ns          470567 1c00908c 40a65613 srai             x12, x12, 0x40a     x12=00000013 x12:00004ce6
27064105ns          470568 1c00908e 40a7d793 srai             x15, x15, 0x40a     x15=000000c6 x15:000319dd
27064125ns          470569 1c009090 40a75713 srai             x14, x14, 0x40a     x14=ffffffd8 x14:ffff616c
27064145ns          470570 1c009092 40c686b3 sub              x13, x13, x12       x13=fffffe53 x13:fffffe66 x12:00000013
27064165ns          470571 1c009094 00e787b3 add              x15, x15, x14       x15=0000009e x15:000000c6 x14:ffffffd8
27064185ns          470572 1c009096 00d51823 sh               x13, 16(x10)        x13:fffffe53 x10:10002fa4  PA:10002fb4
27064204ns          470573 1c00909a 00f51923 sh               x15, 18(x10)        x15:0000009e x10:10002fa4  PA:10002fb6
27064224ns          470574 1c00909e 00008067 jalr             x0, x1, 0            x1:1c0093e8
27064264ns          470576 1c0093e8 2dc15583 lhu              x11, 732(x2)        x11=0000fe53  x2:10002cd8  PA:10002fb4
27064284ns          470577 1c0093ec 2de15783 lhu              x15, 734(x2)        x15=0000009e  x2:10002cd8  PA:10002fb6
27064304ns          470578 1c0093f0 40b90933 sub              x18, x18, x11       x18=ffff0032 x18:fffffe85 x11:0000fe53
27064324ns          470579 1c0093f4 40f484b3 sub              x9, x9, x15          x9=0000004e  x9:000000ec x15:0000009e
27064344ns          470580 1c0093f6 100945b3 p.exths          x11, x18, x0        x11=00000032 x18:ffff0032
27064364ns          470581 1c0093fa 1004c7b3 p.exths          x15, x9, x0         x15=0000004e  x9:0000004e
27064383ns          470582 1c0093fe 034586b3 mul              x13, x11, x20       x13=ffffb244 x11:00000032 x20:fffffe72
27064403ns          470583 1c009402 03378533 mul              x10, x15, x19       x10=00003ace x15:0000004e x19:000000c1
27064423ns          470584 1c009406 034a0633 mul              x12, x20, x20       x12=00026ac4 x20:fffffe72 x20:fffffe72
27064443ns          470585 1c00940a 03398733 mul              x14, x19, x19       x14=00009181 x19:000000c1 x19:000000c1
27064463ns          470586 1c00940e 034787b3 mul              x15, x15, x20       x15=ffff86bc x15:0000004e x20:fffffe72
27064483ns          470587 1c009412 033585b3 mul              x11, x11, x19       x11=000025b2 x11:00000032 x19:000000c1
27064503ns          470588 1c009416 40a75713 srai             x14, x14, 0x40a     x14=00000024 x14:00009181
27064523ns          470589 1c009418 40a5d593 srai             x11, x11, 0x40a     x11=00000009 x11:000025b2
27064543ns          470590 1c00941a 40a65613 srai             x12, x12, 0x40a     x12=0000009a x12:00026ac4
27064562ns          470591 1c00941c 40a7d793 srai             x15, x15, 0x40a     x15=ffffffe1 x15:ffff86bc
27064582ns          470592 1c00941e 1c0034b7 lui              x9, 0x1c003000       x9=1c003000
27064602ns          470593 1c009422 00e60633 add              x12, x12, x14       x12=000000be x12:0000009a x14:00000024
27064622ns          470594 1c009424 40b787b3 sub              x15, x15, x11       x15=ffffffd8 x15:ffffffe1 x11:00000009
27064642ns          470595 1c009426 eb048493 addi             x9, x9, -336         x9=1c002eb0  x9:1c003000
27064662ns          470596 1c00942a 1c0032b7 lui              x5, 0x1c003000       x5=1c003000
27064682ns          470597 1c00942e 1c0035b7 lui              x11, 0x1c003000     x11=1c003000
27064702ns          470598 1c009432 018483b3 add              x7, x9, x24          x7=1c002eba  x9:1c002eb0 x24:0000000a
27064722ns          470599 1c009436 02812e83 lw               x29, 40(x2)         x29=1c002eca  x2:10002cd8  PA:10002d00
27064741ns          470600 1c009438 10065633 p.exthz          x12, x12, x0        x12=000000be x12:000000be
27064761ns          470601 1c00943c e8028293 addi             x5, x5, -384         x5=1c002e80  x5:1c003000
27064781ns          470602 1c009440 ea058593 addi             x11, x11, -352      x11=1c002ea0 x11:1c003000
27064801ns          470603 1c009444 03812483 lw               x9, 56(x2)           x9=1c002eea  x2:10002cd8  PA:10002d10
27064821ns          470604 1c009446 10064733 p.exths          x14, x12, x0        x14=000000be x12:000000be
27064841ns          470605 1c00944a 018280b3 add              x1, x5, x24          x1=1c002e8a  x5:1c002e80 x24:0000000a
27064861ns          470606 1c00944e 03012f03 lw               x30, 48(x2)         x30=1c002eda  x2:10002cd8  PA:10002d08
27064881ns          470607 1c009450 018582b3 add              x5, x11, x24         x5=1c002eaa x11:1c002ea0 x24:0000000a
27064901ns          470608 1c009454 04012583 lw               x11, 64(x2)         x11=1c002efa  x2:10002cd8  PA:10002d18
27064920ns          470609 1c009456 000edd83 lhu              x27, 0(x29)         x27=00000ab3 x29:1c002eca  PA:1c002eca
27065219ns          470624 1c00945a 0004d483 lhu              x9, 0(x9)            x9=00000070  x9:1c002eea  PA:1c002eea
27065517ns          470639 1c00945e 02e70333 mul              x6, x14, x14         x6=00008d04 x14:000000be x14:000000be
27065537ns          470640 1c009462 40a55513 srai             x10, x10, 0x40a     x10=0000000e x10:00003ace
27065557ns          470641 1c009464 04812e83 lw               x29, 72(x2)         x29=1c002f0a  x2:10002cd8  PA:10002d20
27065577ns          470642 1c009466 40a6d693 srai             x13, x13, 0x40a     x13=ffffffec x13:ffffb244
27065597ns          470643 1c009468 000f5d03 lhu              x26, 0(x30)         x26=000001d3 x30:1c002eda  PA:1c002eda
27065895ns          470658 1c00946c 0005d583 lhu              x11, 0(x11)         x11=00000021 x11:1c002efa  PA:1c002efa
27066193ns          470673 1c009470 40a35313 srai             x6, x6, 0x40a        x6=00000023  x6:00008d04
27066213ns          470674 1c009474 00a686b3 add              x13, x13, x10       x13=fffffffa x13:ffffffec x10:0000000e
27066233ns          470675 1c009476 05012f03 lw               x30, 80(x2)         x30=1c002e7a  x2:10002cd8  PA:10002d28
27066253ns          470676 1c009478 10034e33 p.exths          x28, x6, x0         x28=00000023  x6:00000023
27066273ns          470677 1c00947c 06911023 sh               x9, 96(x2)           x9:00000070  x2:10002cd8  PA:10002d38
27066293ns          470678 1c009480 000ede83 lhu              x29, 0(x29)         x29=0000000a x29:1c002f0a  PA:1c002f0a
27066611ns          470694 1c009484 05812483 lw               x9, 88(x2)           x9=1c002e6a  x2:10002cd8  PA:10002d30
27066631ns          470695 1c009486 1006d6b3 p.exthz          x13, x13, x0        x13=0000fffa x13:fffffffa
27066651ns          470696 1c00948a 02ee08b3 mul              x17, x28, x14       x17=000019fa x28:00000023 x14:000000be
27066671ns          470697 1c00948e 1006c833 p.exths          x16, x13, x0        x16=fffffffa x13:0000fffa
27066690ns          470698 1c009492 06b11823 sh               x11, 112(x2)        x11:00000021  x2:10002cd8  PA:10002d48
27066710ns          470699 1c009496 000f5f03 lhu              x30, 0(x30)         x30=0000ff67 x30:1c002e7a  PA:1c002e7a
27067029ns          470715 1c00949a 0a012583 lw               x11, 160(x2)        x11=1c002e9a  x2:10002cd8  PA:10002d78
27067048ns          470716 1c00949c 1007d7b3 p.exthz          x15, x15, x0        x15=0000ffd8 x15:ffffffd8
27067068ns          470717 1c0094a0 0004da03 lhu              x20, 0(x9)          x20=0000fdd7  x9:1c002e6a  PA:1c002e6a
27067387ns          470733 1c0094a4 1007c533 p.exths          x10, x15, x0        x10=ffffffd8 x15:0000ffd8
27067406ns          470734 1c0094a8 09d11023 sh               x29, 128(x2)        x29:0000000a  x2:10002cd8  PA:10002d58
27067426ns          470735 1c0094ac 0003d483 lhu              x9, 0(x7)            x9=0000ffe5  x7:1c002eba  PA:1c002eba
27067764ns          470752 1c0094b0 02e80eb3 mul              x29, x16, x14       x29=fffffb8c x16:fffffffa x14:000000be
27067784ns          470753 1c0094b4 40a8d893 srai             x17, x17, 0x40a     x17=00000006 x17:000019fa
27067804ns          470754 1c0094b8 03c80833 mul              x16, x16, x28       x16=ffffff2e x16:fffffffa x28:00000023
27067824ns          470755 1c0094bc 09e11823 sh               x30, 144(x2)        x30:0000ff67  x2:10002cd8  PA:10002d68
27067844ns          470756 1c0094c0 0005d983 lhu              x19, 0(x11)         x19=0000ffd2 x11:1c002e9a  PA:1c002e9a
27068142ns          470771 1c0094c4 81c88f5b p.muls           x30, x17, x28       x30=000000d2 x17:00000006 x28:00000023
27068162ns          470772 1c0094c8 0002d583 lhu              x11, 0(x5)          x11=0000ffd0  x5:1c002eaa  PA:1c002eaa
27068460ns          470787 1c0094cc 03ce0fb3 mul              x31, x28, x28       x31=000004c9 x28:00000023 x28:00000023
27068480ns          470788 1c0094d0 02e50733 mul              x14, x10, x14       x14=ffffe250 x10:ffffffd8 x14:000000be
27068500ns          470789 1c0094d4 40a85813 srai             x16, x16, 0x40a     x16=ffffffff x16:ffffff2e
27068520ns          470790 1c0094d8 03c50533 mul              x10, x10, x28       x10=fffffa88 x10:ffffffd8 x28:00000023
27068540ns          470791 1c0094dc 07015e03 lhu              x28, 112(x2)        x28=00000021  x2:10002cd8  PA:10002d48
27068580ns          470793 1c0094e0 01b60633 add              x12, x12, x27       x12=00000b71 x12:000000be x27:00000ab3
27068600ns          470794 1c0094e2 00980833 add              x16, x16, x9        x16=0000ffe4 x16:ffffffff  x9:0000ffe5
27068620ns          470795 1c0094e4 06015d83 lhu              x27, 96(x2)         x27=00000070  x2:10002cd8  PA:10002d38
27068639ns          470796 1c0094e8 02812483 lw               x9, 40(x2)           x9=1c002eca  x2:10002cd8  PA:10002d00
27068659ns          470797 1c0094ea 40afdf93 srai             x31, x31, 0x40a     x31=00000001 x31:000004c9
27068679ns          470798 1c0094ee 40a55513 srai             x10, x10, 0x40a     x10=fffffffe x10:fffffa88
27068699ns          470799 1c0094f0 01cf8fb3 add              x31, x31, x28       x31=00000022 x31:00000001 x28:00000021
27068719ns          470800 1c0094f2 00b50533 add              x10, x10, x11       x10=0000ffce x10:fffffffe x11:0000ffd0
27068739ns          470801 1c0094f4 09015e03 lhu              x28, 144(x2)        x28=0000ff67  x2:10002cd8  PA:10002d68
27068759ns          470802 1c0094f8 03012583 lw               x11, 48(x2)         x11=1c002eda  x2:10002cd8  PA:10002d08
27068779ns          470803 1c0094fa 00c49023 sh               x12, 0(x9)          x12:00000b71  x9:1c002eca  PA:1c002eca
27069097ns          470819 1c0094fe 01b888b3 add              x17, x17, x27       x17=00000076 x17:00000006 x27:00000070
27069117ns          470820 1c009500 01a30333 add              x6, x6, x26          x6=000001f6  x6:00000023 x26:000001d3
27069137ns          470821 1c009502 08015d83 lhu              x27, 128(x2)        x27=0000000a  x2:10002cd8  PA:10002d58
27069157ns          470822 1c009506 0000d903 lhu              x18, 0(x1)          x18=0000ff82  x1:1c002e8a  PA:1c002e8a
27069455ns          470837 1c00950a 01c686b3 add              x13, x13, x28       x13=0001ff61 x13:0000fffa x28:0000ff67
27069475ns          470838 1c00950c 00659023 sh               x6, 0(x11)           x6:000001f6 x11:1c002eda  PA:1c002eda
27069833ns          470856 1c009510 40af5f13 srai             x30, x30, 0x40a     x30=00000000 x30:000000d2
27069853ns          470857 1c009514 04812e03 lw               x28, 72(x2)         x28=1c002f0a  x2:10002cd8  PA:10002d20
27069873ns          470858 1c009516 01bf0f33 add              x30, x30, x27       x30=0000000a x30:00000000 x27:0000000a
27069892ns          470859 1c009518 40aede93 srai             x29, x29, 0x40a     x29=fffffffe x29:fffffb8c
27069912ns          470860 1c00951c 40a75713 srai             x14, x14, 0x40a     x14=fffffff8 x14:ffffe250
27069932ns          470861 1c00951e 03812603 lw               x12, 56(x2)         x12=1c002eea  x2:10002cd8  PA:10002d10
27069952ns          470862 1c009520 04012d83 lw               x27, 64(x2)         x27=1c002efa  x2:10002cd8  PA:10002d18
27069972ns          470863 1c009522 01ee1023 sh               x30, 0(x28)         x30:0000000a x28:1c002f0a  PA:1c002f0a
27070290ns          470879 1c009526 05812483 lw               x9, 88(x2)           x9=1c002e6a  x2:10002cd8  PA:10002d30
27070310ns          470880 1c009528 05012f03 lw               x30, 80(x2)         x30=1c002e7a  x2:10002cd8  PA:10002d28
27070330ns          470881 1c00952a 0a012583 lw               x11, 160(x2)        x11=1c002e9a  x2:10002cd8  PA:10002d78
27070350ns          470882 1c00952c 014787b3 add              x15, x15, x20       x15=0001fdaf x15:0000ffd8 x20:0000fdd7
27070370ns          470883 1c00952e 013e8eb3 add              x29, x29, x19       x29=0000ffd0 x29:fffffffe x19:0000ffd2
27070390ns          470884 1c009530 01270733 add              x14, x14, x18       x14=0000ff7a x14:fffffff8 x18:0000ff82
27070410ns          470885 1c009532 00f49023 sh               x15, 0(x9)          x15:0001fdaf  x9:1c002e6a  PA:1c002e6a
27070728ns          470901 1c009536 01161023 sh               x17, 0(x12)         x17:00000076 x12:1c002eea  PA:1c002eea
27071046ns          470917 1c00953a 01fd9023 sh               x31, 0(x27)         x31:00000022 x27:1c002efa  PA:1c002efa
27071364ns          470933 1c00953e 00df1023 sh               x13, 0(x30)         x13:0001ff61 x30:1c002e7a  PA:1c002e7a
27071682ns          470949 1c009542 01d59023 sh               x29, 0(x11)         x29:0000ffd0 x11:1c002e9a  PA:1c002e9a
27072020ns          470966 1c009546 00e09023 sh               x14, 0(x1)          x14:0000ff7a  x1:1c002e8a  PA:1c002e8a
27072339ns          470982 1c00954a 01039023 sh               x16, 0(x7)          x16:0000ffe4  x7:1c002eba  PA:1c002eba
27072657ns          470998 1c00954e 00a29023 sh               x10, 0(x5)          x10:0000ffce  x5:1c002eaa  PA:1c002eaa
27072975ns          471014 1c009552 008b0b13 addi             x22, x22, 8         x22=000000f5 x22:000000ed
27072995ns          471015 1c009554 1f300793 addi             x15, x0, 499        x15=000001f3
27073015ns          471016 1c009558 e767dae3 bge              x15, x22, -396      x15:000001f3 x22:000000f5
27073114ns          471021 1c0093cc 010c9a0b p.lh             x20, 16(x25!)       x20=ffffff61 x25=1c002882 x25:1c002872  PA:1c002872
27073432ns          471037 1c0093d0 0104198b p.lh             x19, 16(x8!)        x19=00000052  x8=1c00204a  x8:1c00203a  PA:1c00203a
27073731ns          471052 1c0093d4 2cc10513 addi             x10, x2, 716        x10=10002fa4  x2:10002cd8
27073751ns          471053 1c0093d6 010a990b p.lh             x18, 16(x21!)       x18=ffffff51 x21=1c001876 x21:1c001866  PA:1c001866
27074069ns          471069 1c0093da 010b948b p.lh             x9, 16(x23!)         x9=00000067 x23=1c0010a6 x23:1c001096  PA:1c001096
27074387ns          471085 1c0093de 2d411623 sh               x20, 716(x2)        x20:ffffff61  x2:10002cd8  PA:10002fa4
27074407ns          471086 1c0093e2 2d311723 sh               x19, 718(x2)        x19:00000052  x2:10002cd8  PA:10002fa6
27074427ns          471087 1c0093e6 c33ff0ef jal              x1, -974             x1=1c0093e8
27074467ns          471089 1c009018 00051803 lh               x16, 0(x10)         x16=ffffff61 x10:10002fa4  PA:10002fa4
27074487ns          471090 1c00901c 00251883 lh               x17, 2(x10)         x17=00000052 x10:10002fa4  PA:10002fa6
27074546ns          471093 1c009020 030806b3 mul              x13, x16, x16       x13=000062c1 x16:ffffff61 x16:ffffff61
27074586ns          471095 1c009024 03188633 mul              x12, x17, x17       x12=00001a44 x17:00000052 x17:00000052
27074606ns          471096 1c009028 40a65613 srai             x12, x12, 0x40a     x12=00000006 x12:00001a44
27074626ns          471097 1c00902a 40a6d693 srai             x13, x13, 0x40a     x13=00000018 x13:000062c1
27074646ns          471098 1c00902c 00c686b3 add              x13, x13, x12       x13=0000001e x13:00000018 x12:00000006
27074666ns          471099 1c00902e 1006c633 p.exths          x12, x13, x0        x12=0000001e x13:0000001e
27074685ns          471100 1c009032 00855703 lhu              x14, 8(x10)         x14=0000ffd1 x10:10002fa4  PA:10002fac
27074705ns          471101 1c009036 00a55683 lhu              x13, 10(x10)        x13=0000ff6a x10:10002fa4  PA:10002fae
27074725ns          471102 1c00903a 02c60333 mul              x6, x12, x12         x6=00000384 x12:0000001e x12:0000001e
27074745ns          471103 1c00903e 00c55783 lhu              x15, 12(x10)        x15=0000ffe5 x10:10002fa4  PA:10002fb0
27074765ns          471104 1c009042 00e55583 lhu              x11, 14(x10)        x11=00000060 x10:10002fa4  PA:10002fb2
27074785ns          471105 1c009046 dea30333 p.extract        x6, x6, 15, 10       x6=00000000  x6:00000384
27074805ns          471106 1c00904a 80c7075b p.muls           x14, x14, x12       x14=fffffa7e x14:0000ffd1 x12:0000001e
27074825ns          471107 1c00904e 80c686db p.muls           x13, x13, x12       x13=ffffee6c x13:0000ff6a x12:0000001e
27074845ns          471108 1c009052 00455e83 lhu              x29, 4(x10)         x29=00000427 x10:10002fa4  PA:10002fa8
27074864ns          471109 1c009056 00655e03 lhu              x28, 6(x10)         x28=0000007f x10:10002fa4  PA:10002faa
27074884ns          471110 1c00905a 40a75713 srai             x14, x14, 0x40a     x14=fffffffe x14:fffffa7e
27074904ns          471111 1c00905c 806787db p.muls           x15, x15, x6        x15=00000000 x15:0000ffe5  x6:00000000
27074924ns          471112 1c009060 40a6d693 srai             x13, x13, 0x40a     x13=fffffffb x13:ffffee6c
27074944ns          471113 1c009062 8065865b p.muls           x12, x11, x6        x12=00000000 x11:00000060  x6:00000000
27074964ns          471114 1c009066 40a7d793 srai             x15, x15, 0x40a     x15=00000000 x15:00000000
27074984ns          471115 1c009068 40a65613 srai             x12, x12, 0x40a     x12=00000000 x12:00000000
27075004ns          471116 1c00906a 01d70733 add              x14, x14, x29       x14=00000425 x14:fffffffe x29:00000427
27075024ns          471117 1c00906c 01c686b3 add              x13, x13, x28       x13=0000007a x13:fffffffb x28:0000007f
27075043ns          471118 1c00906e 00c686b3 add              x13, x13, x12       x13=0000007a x13:0000007a x12:00000000
27075063ns          471119 1c009070 00f70733 add              x14, x14, x15       x14=00000425 x14:00000425 x15:00000000
27075083ns          471120 1c009072 100747b3 p.exths          x15, x14, x0        x15=00000425 x14:00000425
27075103ns          471121 1c009076 1006c733 p.exths          x14, x13, x0        x14=0000007a x13:0000007a
27075123ns          471122 1c00907a 03170633 mul              x12, x14, x17       x12=00002714 x14:0000007a x17:00000052
27075143ns          471123 1c00907e 030786b3 mul              x13, x15, x16       x13=fffd6d05 x15:00000425 x16:ffffff61
27075163ns          471124 1c009082 03070733 mul              x14, x14, x16       x14=ffffb43a x14:0000007a x16:ffffff61
27075183ns          471125 1c009086 031787b3 mul              x15, x15, x17       x15=000153da x15:00000425 x17:00000052
27075203ns          471126 1c00908a 40a6d693 srai             x13, x13, 0x40a     x13=ffffff5b x13:fffd6d05
27075222ns          471127 1c00908c 40a65613 srai             x12, x12, 0x40a     x12=00000009 x12:00002714
27075242ns          471128 1c00908e 40a7d793 srai             x15, x15, 0x40a     x15=00000054 x15:000153da
27075262ns          471129 1c009090 40a75713 srai             x14, x14, 0x40a     x14=ffffffed x14:ffffb43a
27075282ns          471130 1c009092 40c686b3 sub              x13, x13, x12       x13=ffffff52 x13:ffffff5b x12:00000009
27075302ns          471131 1c009094 00e787b3 add              x15, x15, x14       x15=00000041 x15:00000054 x14:ffffffed
27075322ns          471132 1c009096 00d51823 sh               x13, 16(x10)        x13:ffffff52 x10:10002fa4  PA:10002fb4
27075342ns          471133 1c00909a 00f51923 sh               x15, 18(x10)        x15:00000041 x10:10002fa4  PA:10002fb6
27075362ns          471134 1c00909e 00008067 jalr             x0, x1, 0            x1:1c0093e8
27075401ns          471136 1c0093e8 2dc15583 lhu              x11, 732(x2)        x11=0000ff52  x2:10002cd8  PA:10002fb4
27075421ns          471137 1c0093ec 2de15783 lhu              x15, 734(x2)        x15=00000041  x2:10002cd8  PA:10002fb6
27075441ns          471138 1c0093f0 40b90933 sub              x18, x18, x11       x18=fffeffff x18:ffffff51 x11:0000ff52
27075461ns          471139 1c0093f4 40f484b3 sub              x9, x9, x15          x9=00000026  x9:00000067 x15:00000041
27075481ns          471140 1c0093f6 100945b3 p.exths          x11, x18, x0        x11=ffffffff x18:fffeffff
27075501ns          471141 1c0093fa 1004c7b3 p.exths          x15, x9, x0         x15=00000026  x9:00000026
27075521ns          471142 1c0093fe 034586b3 mul              x13, x11, x20       x13=0000009f x11:ffffffff x20:ffffff61
27075541ns          471143 1c009402 03378533 mul              x10, x15, x19       x10=00000c2c x15:00000026 x19:00000052
27075560ns          471144 1c009406 034a0633 mul              x12, x20, x20       x12=000062c1 x20:ffffff61 x20:ffffff61
27075580ns          471145 1c00940a 03398733 mul              x14, x19, x19       x14=00001a44 x19:00000052 x19:00000052
27075600ns          471146 1c00940e 034787b3 mul              x15, x15, x20       x15=ffffe866 x15:00000026 x20:ffffff61
27075620ns          471147 1c009412 033585b3 mul              x11, x11, x19       x11=ffffffae x11:ffffffff x19:00000052
27075640ns          471148 1c009416 40a75713 srai             x14, x14, 0x40a     x14=00000006 x14:00001a44
27075660ns          471149 1c009418 40a5d593 srai             x11, x11, 0x40a     x11=ffffffff x11:ffffffae
27075680ns          471150 1c00941a 40a65613 srai             x12, x12, 0x40a     x12=00000018 x12:000062c1
27075700ns          471151 1c00941c 40a7d793 srai             x15, x15, 0x40a     x15=fffffffa x15:ffffe866
27075720ns          471152 1c00941e 1c0034b7 lui              x9, 0x1c003000       x9=1c003000
27075739ns          471153 1c009422 00e60633 add              x12, x12, x14       x12=0000001e x12:00000018 x14:00000006
27075759ns          471154 1c009424 40b787b3 sub              x15, x15, x11       x15=fffffffb x15:fffffffa x11:ffffffff
27075779ns          471155 1c009426 eb048493 addi             x9, x9, -336         x9=1c002eb0  x9:1c003000
27075799ns          471156 1c00942a 1c0032b7 lui              x5, 0x1c003000       x5=1c003000
27075819ns          471157 1c00942e 1c0035b7 lui              x11, 0x1c003000     x11=1c003000
27075839ns          471158 1c009432 018483b3 add              x7, x9, x24          x7=1c002eba  x9:1c002eb0 x24:0000000a
27075859ns          471159 1c009436 02812e83 lw               x29, 40(x2)         x29=1c002eca  x2:10002cd8  PA:10002d00
27075879ns          471160 1c009438 10065633 p.exthz          x12, x12, x0        x12=0000001e x12:0000001e
27075899ns          471161 1c00943c e8028293 addi             x5, x5, -384         x5=1c002e80  x5:1c003000
27075918ns          471162 1c009440 ea058593 addi             x11, x11, -352      x11=1c002ea0 x11:1c003000
27075958ns          471164 1c009444 03812483 lw               x9, 56(x2)           x9=1c002eea  x2:10002cd8  PA:10002d10
27075978ns          471165 1c009446 10064733 p.exths          x14, x12, x0        x14=0000001e x12:0000001e
27075998ns          471166 1c00944a 018280b3 add              x1, x5, x24          x1=1c002e8a  x5:1c002e80 x24:0000000a
27076018ns          471167 1c00944e 03012f03 lw               x30, 48(x2)         x30=1c002eda  x2:10002cd8  PA:10002d08
27076058ns          471169 1c009450 018582b3 add              x5, x11, x24         x5=1c002eaa x11:1c002ea0 x24:0000000a
27076097ns          471171 1c009454 04012583 lw               x11, 64(x2)         x11=1c002efa  x2:10002cd8  PA:10002d18
27076117ns          471172 1c009456 000edd83 lhu              x27, 0(x29)         x27=00000b71 x29:1c002eca  PA:1c002eca
27076436ns          471188 1c00945a 0004d483 lhu              x9, 0(x9)            x9=00000076  x9:1c002eea  PA:1c002eea
27076734ns          471203 1c00945e 02e70333 mul              x6, x14, x14         x6=00000384 x14:0000001e x14:0000001e
27076754ns          471204 1c009462 40a55513 srai             x10, x10, 0x40a     x10=00000003 x10:00000c2c
27076774ns          471205 1c009464 04812e83 lw               x29, 72(x2)         x29=1c002f0a  x2:10002cd8  PA:10002d20
27076794ns          471206 1c009466 40a6d693 srai             x13, x13, 0x40a     x13=00000000 x13:0000009f
27076813ns          471207 1c009468 000f5d03 lhu              x26, 0(x30)         x26=000001f6 x30:1c002eda  PA:1c002eda
27077171ns          471225 1c00946c 0005d583 lhu              x11, 0(x11)         x11=00000022 x11:1c002efa  PA:1c002efa
27077470ns          471240 1c009470 40a35313 srai             x6, x6, 0x40a        x6=00000000  x6:00000384
27077490ns          471241 1c009474 00a686b3 add              x13, x13, x10       x13=00000003 x13:00000000 x10:00000003
27077510ns          471242 1c009476 05012f03 lw               x30, 80(x2)         x30=1c002e7a  x2:10002cd8  PA:10002d28
27077529ns          471243 1c009478 10034e33 p.exths          x28, x6, x0         x28=00000000  x6:00000000
27077549ns          471244 1c00947c 06911023 sh               x9, 96(x2)           x9:00000076  x2:10002cd8  PA:10002d38
27077569ns          471245 1c009480 000ede83 lhu              x29, 0(x29)         x29=0000000a x29:1c002f0a  PA:1c002f0a
27077868ns          471260 1c009484 05812483 lw               x9, 88(x2)           x9=1c002e6a  x2:10002cd8  PA:10002d30
27077887ns          471261 1c009486 1006d6b3 p.exthz          x13, x13, x0        x13=00000003 x13:00000003
27077907ns          471262 1c00948a 02ee08b3 mul              x17, x28, x14       x17=00000000 x28:00000000 x14:0000001e
27077927ns          471263 1c00948e 1006c833 p.exths          x16, x13, x0        x16=00000003 x13:00000003
27077947ns          471264 1c009492 06b11823 sh               x11, 112(x2)        x11:00000022  x2:10002cd8  PA:10002d48
27077967ns          471265 1c009496 000f5f03 lhu              x30, 0(x30)         x30=0000ff61 x30:1c002e7a  PA:1c002e7a
27078265ns          471280 1c00949a 0a012583 lw               x11, 160(x2)        x11=1c002e9a  x2:10002cd8  PA:10002d78
27078285ns          471281 1c00949c 1007d7b3 p.exthz          x15, x15, x0        x15=0000fffb x15:fffffffb
27078305ns          471282 1c0094a0 0004da03 lhu              x20, 0(x9)          x20=0000fdaf  x9:1c002e6a  PA:1c002e6a
27078603ns          471297 1c0094a4 1007c533 p.exths          x10, x15, x0        x10=fffffffb x15:0000fffb
27078623ns          471298 1c0094a8 09d11023 sh               x29, 128(x2)        x29:0000000a  x2:10002cd8  PA:10002d58
27078643ns          471299 1c0094ac 0003d483 lhu              x9, 0(x7)            x9=0000ffe4  x7:1c002eba  PA:1c002eba
27079001ns          471317 1c0094b0 02e80eb3 mul              x29, x16, x14       x29=0000005a x16:00000003 x14:0000001e
27079021ns          471318 1c0094b4 40a8d893 srai             x17, x17, 0x40a     x17=00000000 x17:00000000
27079041ns          471319 1c0094b8 03c80833 mul              x16, x16, x28       x16=00000000 x16:00000003 x28:00000000
27079061ns          471320 1c0094bc 09e11823 sh               x30, 144(x2)        x30:0000ff61  x2:10002cd8  PA:10002d68
27079081ns          471321 1c0094c0 0005d983 lhu              x19, 0(x11)         x19=0000ffd0 x11:1c002e9a  PA:1c002e9a
27079419ns          471338 1c0094c4 81c88f5b p.muls           x30, x17, x28       x30=00000000 x17:00000000 x28:00000000
27079439ns          471339 1c0094c8 0002d583 lhu              x11, 0(x5)          x11=0000ffce  x5:1c002eaa  PA:1c002eaa
27079737ns          471354 1c0094cc 03ce0fb3 mul              x31, x28, x28       x31=00000000 x28:00000000 x28:00000000
27079757ns          471355 1c0094d0 02e50733 mul              x14, x10, x14       x14=ffffff6a x10:fffffffb x14:0000001e
27079777ns          471356 1c0094d4 40a85813 srai             x16, x16, 0x40a     x16=00000000 x16:00000000
27079797ns          471357 1c0094d8 03c50533 mul              x10, x10, x28       x10=00000000 x10:fffffffb x28:00000000
27079817ns          471358 1c0094dc 07015e03 lhu              x28, 112(x2)        x28=00000022  x2:10002cd8  PA:10002d48
27079836ns          471359 1c0094e0 01b60633 add              x12, x12, x27       x12=00000b8f x12:0000001e x27:00000b71
27079856ns          471360 1c0094e2 00980833 add              x16, x16, x9        x16=0000ffe4 x16:00000000  x9:0000ffe4
27079876ns          471361 1c0094e4 06015d83 lhu              x27, 96(x2)         x27=00000076  x2:10002cd8  PA:10002d38
27079896ns          471362 1c0094e8 02812483 lw               x9, 40(x2)           x9=1c002eca  x2:10002cd8  PA:10002d00
27079916ns          471363 1c0094ea 40afdf93 srai             x31, x31, 0x40a     x31=00000000 x31:00000000
27079936ns          471364 1c0094ee 40a55513 srai             x10, x10, 0x40a     x10=00000000 x10:00000000
27079956ns          471365 1c0094f0 01cf8fb3 add              x31, x31, x28       x31=00000022 x31:00000000 x28:00000022
27079976ns          471366 1c0094f2 00b50533 add              x10, x10, x11       x10=0000ffce x10:00000000 x11:0000ffce
27079996ns          471367 1c0094f4 09015e03 lhu              x28, 144(x2)        x28=0000ff61  x2:10002cd8  PA:10002d68
27080015ns          471368 1c0094f8 03012583 lw               x11, 48(x2)         x11=1c002eda  x2:10002cd8  PA:10002d08
27080035ns          471369 1c0094fa 00c49023 sh               x12, 0(x9)          x12:00000b8f  x9:1c002eca  PA:1c002eca
27080354ns          471385 1c0094fe 01b888b3 add              x17, x17, x27       x17=00000076 x17:00000000 x27:00000076
27080373ns          471386 1c009500 01a30333 add              x6, x6, x26          x6=000001f6  x6:00000000 x26:000001f6
27080393ns          471387 1c009502 08015d83 lhu              x27, 128(x2)        x27=0000000a  x2:10002cd8  PA:10002d58
27080413ns          471388 1c009506 0000d903 lhu              x18, 0(x1)          x18=0000ff7a  x1:1c002e8a  PA:1c002e8a
27080711ns          471403 1c00950a 01c686b3 add              x13, x13, x28       x13=0000ff64 x13:00000003 x28:0000ff61
27080731ns          471404 1c00950c 00659023 sh               x6, 0(x11)           x6:000001f6 x11:1c002eda  PA:1c002eda
27081050ns          471420 1c009510 40af5f13 srai             x30, x30, 0x40a     x30=00000000 x30:00000000
27081069ns          471421 1c009514 04812e03 lw               x28, 72(x2)         x28=1c002f0a  x2:10002cd8  PA:10002d20
27081089ns          471422 1c009516 01bf0f33 add              x30, x30, x27       x30=0000000a x30:00000000 x27:0000000a
27081109ns          471423 1c009518 40aede93 srai             x29, x29, 0x40a     x29=00000000 x29:0000005a
27081129ns          471424 1c00951c 40a75713 srai             x14, x14, 0x40a     x14=ffffffff x14:ffffff6a
27081149ns          471425 1c00951e 03812603 lw               x12, 56(x2)         x12=1c002eea  x2:10002cd8  PA:10002d10
27081169ns          471426 1c009520 04012d83 lw               x27, 64(x2)         x27=1c002efa  x2:10002cd8  PA:10002d18
27081189ns          471427 1c009522 01ee1023 sh               x30, 0(x28)         x30:0000000a x28:1c002f0a  PA:1c002f0a
27081507ns          471443 1c009526 05812483 lw               x9, 88(x2)           x9=1c002e6a  x2:10002cd8  PA:10002d30
27081527ns          471444 1c009528 05012f03 lw               x30, 80(x2)         x30=1c002e7a  x2:10002cd8  PA:10002d28
27081547ns          471445 1c00952a 0a012583 lw               x11, 160(x2)        x11=1c002e9a  x2:10002cd8  PA:10002d78
27081567ns          471446 1c00952c 014787b3 add              x15, x15, x20       x15=0001fdaa x15:0000fffb x20:0000fdaf
27081587ns          471447 1c00952e 013e8eb3 add              x29, x29, x19       x29=0000ffd0 x29:00000000 x19:0000ffd0
27081606ns          471448 1c009530 01270733 add              x14, x14, x18       x14=0000ff79 x14:ffffffff x18:0000ff7a
27081626ns          471449 1c009532 00f49023 sh               x15, 0(x9)          x15:0001fdaa  x9:1c002e6a  PA:1c002e6a
27081945ns          471465 1c009536 01161023 sh               x17, 0(x12)         x17:00000076 x12:1c002eea  PA:1c002eea
27082283ns          471482 1c00953a 01fd9023 sh               x31, 0(x27)         x31:00000022 x27:1c002efa  PA:1c002efa
27082621ns          471499 1c00953e 00df1023 sh               x13, 0(x30)         x13:0000ff64 x30:1c002e7a  PA:1c002e7a
27082939ns          471515 1c009542 01d59023 sh               x29, 0(x11)         x29:0000ffd0 x11:1c002e9a  PA:1c002e9a
27083257ns          471531 1c009546 00e09023 sh               x14, 0(x1)          x14:0000ff79  x1:1c002e8a  PA:1c002e8a
27083575ns          471547 1c00954a 01039023 sh               x16, 0(x7)          x16:0000ffe4  x7:1c002eba  PA:1c002eba
27083913ns          471564 1c00954e 00a29023 sh               x10, 0(x5)          x10:0000ffce  x5:1c002eaa  PA:1c002eaa
27084232ns          471580 1c009552 008b0b13 addi             x22, x22, 8         x22=000000fd x22:000000f5
27084252ns          471581 1c009554 1f300793 addi             x15, x0, 499        x15=000001f3
27084271ns          471582 1c009558 e767dae3 bge              x15, x22, -396      x15:000001f3 x22:000000fd
27084371ns          471587 1c0093cc 010c9a0b p.lh             x20, 16(x25!)       x20=ffffff38 x25=1c002892 x25:1c002882  PA:1c002882
27084689ns          471603 1c0093d0 0104198b p.lh             x19, 16(x8!)        x19=ffffff52  x8=1c00205a  x8:1c00204a  PA:1c00204a
27084987ns          471618 1c0093d4 2cc10513 addi             x10, x2, 716        x10=10002fa4  x2:10002cd8
27085007ns          471619 1c0093d6 010a990b p.lh             x18, 16(x21!)       x18=ffffff2c x21=1c001886 x21:1c001876  PA:1c001876
27085306ns          471634 1c0093da 010b948b p.lh             x9, 16(x23!)         x9=ffffff61 x23=1c0010b6 x23:1c0010a6  PA:1c0010a6
27085604ns          471649 1c0093de 2d411623 sh               x20, 716(x2)        x20:ffffff38  x2:10002cd8  PA:10002fa4
27085624ns          471650 1c0093e2 2d311723 sh               x19, 718(x2)        x19:ffffff52  x2:10002cd8  PA:10002fa6
27085644ns          471651 1c0093e6 c33ff0ef jal              x1, -974             x1=1c0093e8
27085723ns          471655 1c009018 00051803 lh               x16, 0(x10)         x16=ffffff38 x10:10002fa4  PA:10002fa4
27085763ns          471657 1c00901c 00251883 lh               x17, 2(x10)         x17=ffffff52 x10:10002fa4  PA:10002fa6
27085823ns          471660 1c009020 030806b3 mul              x13, x16, x16       x13=00009c40 x16:ffffff38 x16:ffffff38
27085862ns          471662 1c009024 03188633 mul              x12, x17, x17       x12=00007644 x17:ffffff52 x17:ffffff52
27085882ns          471663 1c009028 40a65613 srai             x12, x12, 0x40a     x12=0000001d x12:00007644
27085902ns          471664 1c00902a 40a6d693 srai             x13, x13, 0x40a     x13=00000027 x13:00009c40
27085922ns          471665 1c00902c 00c686b3 add              x13, x13, x12       x13=00000044 x13:00000027 x12:0000001d
27085942ns          471666 1c00902e 1006c633 p.exths          x12, x13, x0        x12=00000044 x13:00000044
27085962ns          471667 1c009032 00855703 lhu              x14, 8(x10)         x14=0000ffd1 x10:10002fa4  PA:10002fac
27085982ns          471668 1c009036 00a55683 lhu              x13, 10(x10)        x13=0000ff6a x10:10002fa4  PA:10002fae
27086002ns          471669 1c00903a 02c60333 mul              x6, x12, x12         x6=00001210 x12:00000044 x12:00000044
27086041ns          471671 1c00903e 00c55783 lhu              x15, 12(x10)        x15=0000ffe5 x10:10002fa4  PA:10002fb0
27086081ns          471673 1c009042 00e55583 lhu              x11, 14(x10)        x11=00000060 x10:10002fa4  PA:10002fb2
27086101ns          471674 1c009046 dea30333 p.extract        x6, x6, 15, 10       x6=00000004  x6:00001210
27086121ns          471675 1c00904a 80c7075b p.muls           x14, x14, x12       x14=fffff384 x14:0000ffd1 x12:00000044
27086141ns          471676 1c00904e 80c686db p.muls           x13, x13, x12       x13=ffffd828 x13:0000ff6a x12:00000044
27086161ns          471677 1c009052 00455e83 lhu              x29, 4(x10)         x29=00000427 x10:10002fa4  PA:10002fa8
27086181ns          471678 1c009056 00655e03 lhu              x28, 6(x10)         x28=0000007f x10:10002fa4  PA:10002faa
27086201ns          471679 1c00905a 40a75713 srai             x14, x14, 0x40a     x14=fffffffc x14:fffff384
27086220ns          471680 1c00905c 806787db p.muls           x15, x15, x6        x15=ffffff94 x15:0000ffe5  x6:00000004
27086240ns          471681 1c009060 40a6d693 srai             x13, x13, 0x40a     x13=fffffff6 x13:ffffd828
27086260ns          471682 1c009062 8065865b p.muls           x12, x11, x6        x12=00000180 x11:00000060  x6:00000004
27086280ns          471683 1c009066 40a7d793 srai             x15, x15, 0x40a     x15=ffffffff x15:ffffff94
27086300ns          471684 1c009068 40a65613 srai             x12, x12, 0x40a     x12=00000000 x12:00000180
27086320ns          471685 1c00906a 01d70733 add              x14, x14, x29       x14=00000423 x14:fffffffc x29:00000427
27086340ns          471686 1c00906c 01c686b3 add              x13, x13, x28       x13=00000075 x13:fffffff6 x28:0000007f
27086360ns          471687 1c00906e 00c686b3 add              x13, x13, x12       x13=00000075 x13:00000075 x12:00000000
27086380ns          471688 1c009070 00f70733 add              x14, x14, x15       x14=00000422 x14:00000423 x15:ffffffff
27086399ns          471689 1c009072 100747b3 p.exths          x15, x14, x0        x15=00000422 x14:00000422
27086419ns          471690 1c009076 1006c733 p.exths          x14, x13, x0        x14=00000075 x13:00000075
27086439ns          471691 1c00907a 03170633 mul              x12, x14, x17       x12=ffffb07a x14:00000075 x17:ffffff52
27086459ns          471692 1c00907e 030786b3 mul              x13, x15, x16       x13=fffcc570 x15:00000422 x16:ffffff38
27086479ns          471693 1c009082 03070733 mul              x14, x14, x16       x14=ffffa498 x14:00000075 x16:ffffff38
27086499ns          471694 1c009086 031787b3 mul              x15, x15, x17       x15=fffd30e4 x15:00000422 x17:ffffff52
27086519ns          471695 1c00908a 40a6d693 srai             x13, x13, 0x40a     x13=ffffff31 x13:fffcc570
27086539ns          471696 1c00908c 40a65613 srai             x12, x12, 0x40a     x12=ffffffec x12:ffffb07a
27086559ns          471697 1c00908e 40a7d793 srai             x15, x15, 0x40a     x15=ffffff4c x15:fffd30e4
27086578ns          471698 1c009090 40a75713 srai             x14, x14, 0x40a     x14=ffffffe9 x14:ffffa498
27086598ns          471699 1c009092 40c686b3 sub              x13, x13, x12       x13=ffffff45 x13:ffffff31 x12:ffffffec
27086618ns          471700 1c009094 00e787b3 add              x15, x15, x14       x15=ffffff35 x15:ffffff4c x14:ffffffe9
27086638ns          471701 1c009096 00d51823 sh               x13, 16(x10)        x13:ffffff45 x10:10002fa4  PA:10002fb4
27086658ns          471702 1c00909a 00f51923 sh               x15, 18(x10)        x15:ffffff35 x10:10002fa4  PA:10002fb6
27086678ns          471703 1c00909e 00008067 jalr             x0, x1, 0            x1:1c0093e8
27086718ns          471705 1c0093e8 2dc15583 lhu              x11, 732(x2)        x11=0000ff45  x2:10002cd8  PA:10002fb4
27086738ns          471706 1c0093ec 2de15783 lhu              x15, 734(x2)        x15=0000ff35  x2:10002cd8  PA:10002fb6
27086757ns          471707 1c0093f0 40b90933 sub              x18, x18, x11       x18=fffeffe7 x18:ffffff2c x11:0000ff45
27086777ns          471708 1c0093f4 40f484b3 sub              x9, x9, x15          x9=ffff002c  x9:ffffff61 x15:0000ff35
27086797ns          471709 1c0093f6 100945b3 p.exths          x11, x18, x0        x11=ffffffe7 x18:fffeffe7
27086817ns          471710 1c0093fa 1004c7b3 p.exths          x15, x9, x0         x15=0000002c  x9:ffff002c
27086837ns          471711 1c0093fe 034586b3 mul              x13, x11, x20       x13=00001388 x11:ffffffe7 x20:ffffff38
27086857ns          471712 1c009402 03378533 mul              x10, x15, x19       x10=ffffe218 x15:0000002c x19:ffffff52
27086877ns          471713 1c009406 034a0633 mul              x12, x20, x20       x12=00009c40 x20:ffffff38 x20:ffffff38
27086897ns          471714 1c00940a 03398733 mul              x14, x19, x19       x14=00007644 x19:ffffff52 x19:ffffff52
27086917ns          471715 1c00940e 034787b3 mul              x15, x15, x20       x15=ffffdda0 x15:0000002c x20:ffffff38
27086936ns          471716 1c009412 033585b3 mul              x11, x11, x19       x11=000010fe x11:ffffffe7 x19:ffffff52
27086956ns          471717 1c009416 40a75713 srai             x14, x14, 0x40a     x14=0000001d x14:00007644
27086976ns          471718 1c009418 40a5d593 srai             x11, x11, 0x40a     x11=00000004 x11:000010fe
27086996ns          471719 1c00941a 40a65613 srai             x12, x12, 0x40a     x12=00000027 x12:00009c40
27087016ns          471720 1c00941c 40a7d793 srai             x15, x15, 0x40a     x15=fffffff7 x15:ffffdda0
27087036ns          471721 1c00941e 1c0034b7 lui              x9, 0x1c003000       x9=1c003000
27087056ns          471722 1c009422 00e60633 add              x12, x12, x14       x12=00000044 x12:00000027 x14:0000001d
27087076ns          471723 1c009424 40b787b3 sub              x15, x15, x11       x15=fffffff3 x15:fffffff7 x11:00000004
27087096ns          471724 1c009426 eb048493 addi             x9, x9, -336         x9=1c002eb0  x9:1c003000
27087115ns          471725 1c00942a 1c0032b7 lui              x5, 0x1c003000       x5=1c003000
27087135ns          471726 1c00942e 1c0035b7 lui              x11, 0x1c003000     x11=1c003000
27087155ns          471727 1c009432 018483b3 add              x7, x9, x24          x7=1c002eba  x9:1c002eb0 x24:0000000a
27087175ns          471728 1c009436 02812e83 lw               x29, 40(x2)         x29=1c002eca  x2:10002cd8  PA:10002d00
27087195ns          471729 1c009438 10065633 p.exthz          x12, x12, x0        x12=00000044 x12:00000044
27087215ns          471730 1c00943c e8028293 addi             x5, x5, -384         x5=1c002e80  x5:1c003000
27087235ns          471731 1c009440 ea058593 addi             x11, x11, -352      x11=1c002ea0 x11:1c003000
27087275ns          471733 1c009444 03812483 lw               x9, 56(x2)           x9=1c002eea  x2:10002cd8  PA:10002d10
27087294ns          471734 1c009446 10064733 p.exths          x14, x12, x0        x14=00000044 x12:00000044
27087314ns          471735 1c00944a 018280b3 add              x1, x5, x24          x1=1c002e8a  x5:1c002e80 x24:0000000a
27087334ns          471736 1c00944e 03012f03 lw               x30, 48(x2)         x30=1c002eda  x2:10002cd8  PA:10002d08
27087374ns          471738 1c009450 018582b3 add              x5, x11, x24         x5=1c002eaa x11:1c002ea0 x24:0000000a
27087414ns          471740 1c009454 04012583 lw               x11, 64(x2)         x11=1c002efa  x2:10002cd8  PA:10002d18
27087434ns          471741 1c009456 000edd83 lhu              x27, 0(x29)         x27=00000b8f x29:1c002eca  PA:1c002eca
27087752ns          471757 1c00945a 0004d483 lhu              x9, 0(x9)            x9=00000076  x9:1c002eea  PA:1c002eea
27088050ns          471772 1c00945e 02e70333 mul              x6, x14, x14         x6=00001210 x14:00000044 x14:00000044
27088070ns          471773 1c009462 40a55513 srai             x10, x10, 0x40a     x10=fffffff8 x10:ffffe218
27088090ns          471774 1c009464 04812e83 lw               x29, 72(x2)         x29=1c002f0a  x2:10002cd8  PA:10002d20
27088110ns          471775 1c009466 40a6d693 srai             x13, x13, 0x40a     x13=00000004 x13:00001388
27088130ns          471776 1c009468 000f5d03 lhu              x26, 0(x30)         x26=000001f6 x30:1c002eda  PA:1c002eda
27088428ns          471791 1c00946c 0005d583 lhu              x11, 0(x11)         x11=00000022 x11:1c002efa  PA:1c002efa
27088726ns          471806 1c009470 40a35313 srai             x6, x6, 0x40a        x6=00000004  x6:00001210
27088746ns          471807 1c009474 00a686b3 add              x13, x13, x10       x13=fffffffc x13:00000004 x10:fffffff8
27088766ns          471808 1c009476 05012f03 lw               x30, 80(x2)         x30=1c002e7a  x2:10002cd8  PA:10002d28
27088786ns          471809 1c009478 10034e33 p.exths          x28, x6, x0         x28=00000004  x6:00000004
27088806ns          471810 1c00947c 06911023 sh               x9, 96(x2)           x9:00000076  x2:10002cd8  PA:10002d38
27088826ns          471811 1c009480 000ede83 lhu              x29, 0(x29)         x29=0000000a x29:1c002f0a  PA:1c002f0a
27089164ns          471828 1c009484 05812483 lw               x9, 88(x2)           x9=1c002e6a  x2:10002cd8  PA:10002d30
27089184ns          471829 1c009486 1006d6b3 p.exthz          x13, x13, x0        x13=0000fffc x13:fffffffc
27089204ns          471830 1c00948a 02ee08b3 mul              x17, x28, x14       x17=00000110 x28:00000004 x14:00000044
27089224ns          471831 1c00948e 1006c833 p.exths          x16, x13, x0        x16=fffffffc x13:0000fffc
27089243ns          471832 1c009492 06b11823 sh               x11, 112(x2)        x11:00000022  x2:10002cd8  PA:10002d48
27089263ns          471833 1c009496 000f5f03 lhu              x30, 0(x30)         x30=0000ff64 x30:1c002e7a  PA:1c002e7a
27089621ns          471851 1c00949a 0a012583 lw               x11, 160(x2)        x11=1c002e9a  x2:10002cd8  PA:10002d78
27089661ns          471853 1c00949c 1007d7b3 p.exthz          x15, x15, x0        x15=0000fff3 x15:fffffff3
27089681ns          471854 1c0094a0 0004da03 lhu              x20, 0(x9)          x20=0000fdaa  x9:1c002e6a  PA:1c002e6a
27089979ns          471869 1c0094a4 1007c533 p.exths          x10, x15, x0        x10=fffffff3 x15:0000fff3
27089999ns          471870 1c0094a8 09d11023 sh               x29, 128(x2)        x29:0000000a  x2:10002cd8  PA:10002d58
27090019ns          471871 1c0094ac 0003d483 lhu              x9, 0(x7)            x9=0000ffe4  x7:1c002eba  PA:1c002eba
27090317ns          471886 1c0094b0 02e80eb3 mul              x29, x16, x14       x29=fffffef0 x16:fffffffc x14:00000044
27090337ns          471887 1c0094b4 40a8d893 srai             x17, x17, 0x40a     x17=00000000 x17:00000110
27090357ns          471888 1c0094b8 03c80833 mul              x16, x16, x28       x16=fffffff0 x16:fffffffc x28:00000004
27090377ns          471889 1c0094bc 09e11823 sh               x30, 144(x2)        x30:0000ff64  x2:10002cd8  PA:10002d68
27090397ns          471890 1c0094c0 0005d983 lhu              x19, 0(x11)         x19=0000ffd0 x11:1c002e9a  PA:1c002e9a
27090775ns          471909 1c0094c4 81c88f5b p.muls           x30, x17, x28       x30=00000000 x17:00000000 x28:00000004
27090795ns          471910 1c0094c8 0002d583 lhu              x11, 0(x5)          x11=0000ffce  x5:1c002eaa  PA:1c002eaa
27091093ns          471925 1c0094cc 03ce0fb3 mul              x31, x28, x28       x31=00000010 x28:00000004 x28:00000004
27091113ns          471926 1c0094d0 02e50733 mul              x14, x10, x14       x14=fffffc8c x10:fffffff3 x14:00000044
27091133ns          471927 1c0094d4 40a85813 srai             x16, x16, 0x40a     x16=ffffffff x16:fffffff0
27091153ns          471928 1c0094d8 03c50533 mul              x10, x10, x28       x10=ffffffcc x10:fffffff3 x28:00000004
27091173ns          471929 1c0094dc 07015e03 lhu              x28, 112(x2)        x28=00000022  x2:10002cd8  PA:10002d48
27091212ns          471931 1c0094e0 01b60633 add              x12, x12, x27       x12=00000bd3 x12:00000044 x27:00000b8f
27091232ns          471932 1c0094e2 00980833 add              x16, x16, x9        x16=0000ffe3 x16:ffffffff  x9:0000ffe4
27091252ns          471933 1c0094e4 06015d83 lhu              x27, 96(x2)         x27=00000076  x2:10002cd8  PA:10002d38
27091272ns          471934 1c0094e8 02812483 lw               x9, 40(x2)           x9=1c002eca  x2:10002cd8  PA:10002d00
27091292ns          471935 1c0094ea 40afdf93 srai             x31, x31, 0x40a     x31=00000000 x31:00000010
27091312ns          471936 1c0094ee 40a55513 srai             x10, x10, 0x40a     x10=ffffffff x10:ffffffcc
27091332ns          471937 1c0094f0 01cf8fb3 add              x31, x31, x28       x31=00000022 x31:00000000 x28:00000022
27091352ns          471938 1c0094f2 00b50533 add              x10, x10, x11       x10=0000ffcd x10:ffffffff x11:0000ffce
27091371ns          471939 1c0094f4 09015e03 lhu              x28, 144(x2)        x28=0000ff64  x2:10002cd8  PA:10002d68
27091391ns          471940 1c0094f8 03012583 lw               x11, 48(x2)         x11=1c002eda  x2:10002cd8  PA:10002d08
27091411ns          471941 1c0094fa 00c49023 sh               x12, 0(x9)          x12:00000bd3  x9:1c002eca  PA:1c002eca
27091749ns          471958 1c0094fe 01b888b3 add              x17, x17, x27       x17=00000076 x17:00000000 x27:00000076
27091769ns          471959 1c009500 01a30333 add              x6, x6, x26          x6=000001fa  x6:00000004 x26:000001f6
27091789ns          471960 1c009502 08015d83 lhu              x27, 128(x2)        x27=0000000a  x2:10002cd8  PA:10002d58
27091809ns          471961 1c009506 0000d903 lhu              x18, 0(x1)          x18=0000ff79  x1:1c002e8a  PA:1c002e8a
27092107ns          471976 1c00950a 01c686b3 add              x13, x13, x28       x13=0001ff60 x13:0000fffc x28:0000ff64
27092127ns          471977 1c00950c 00659023 sh               x6, 0(x11)           x6:000001fa x11:1c002eda  PA:1c002eda
27092445ns          471993 1c009510 40af5f13 srai             x30, x30, 0x40a     x30=00000000 x30:00000000
27092465ns          471994 1c009514 04812e03 lw               x28, 72(x2)         x28=1c002f0a  x2:10002cd8  PA:10002d20
27092485ns          471995 1c009516 01bf0f33 add              x30, x30, x27       x30=0000000a x30:00000000 x27:0000000a
27092505ns          471996 1c009518 40aede93 srai             x29, x29, 0x40a     x29=ffffffff x29:fffffef0
27092525ns          471997 1c00951c 40a75713 srai             x14, x14, 0x40a     x14=ffffffff x14:fffffc8c
27092545ns          471998 1c00951e 03812603 lw               x12, 56(x2)         x12=1c002eea  x2:10002cd8  PA:10002d10
27092565ns          471999 1c009520 04012d83 lw               x27, 64(x2)         x27=1c002efa  x2:10002cd8  PA:10002d18
27092605ns          472001 1c009522 01ee1023 sh               x30, 0(x28)         x30:0000000a x28:1c002f0a  PA:1c002f0a
27092943ns          472018 1c009526 05812483 lw               x9, 88(x2)           x9=1c002e6a  x2:10002cd8  PA:10002d30
27092962ns          472019 1c009528 05012f03 lw               x30, 80(x2)         x30=1c002e7a  x2:10002cd8  PA:10002d28
27092982ns          472020 1c00952a 0a012583 lw               x11, 160(x2)        x11=1c002e9a  x2:10002cd8  PA:10002d78
27093002ns          472021 1c00952c 014787b3 add              x15, x15, x20       x15=0001fd9d x15:0000fff3 x20:0000fdaa
27093022ns          472022 1c00952e 013e8eb3 add              x29, x29, x19       x29=0000ffcf x29:ffffffff x19:0000ffd0
27093042ns          472023 1c009530 01270733 add              x14, x14, x18       x14=0000ff78 x14:ffffffff x18:0000ff79
27093062ns          472024 1c009532 00f49023 sh               x15, 0(x9)          x15:0001fd9d  x9:1c002e6a  PA:1c002e6a
27093400ns          472041 1c009536 01161023 sh               x17, 0(x12)         x17:00000076 x12:1c002eea  PA:1c002eea
27093738ns          472058 1c00953a 01fd9023 sh               x31, 0(x27)         x31:00000022 x27:1c002efa  PA:1c002efa
27094056ns          472074 1c00953e 00df1023 sh               x13, 0(x30)         x13:0001ff60 x30:1c002e7a  PA:1c002e7a
27094394ns          472091 1c009542 01d59023 sh               x29, 0(x11)         x29:0000ffcf x11:1c002e9a  PA:1c002e9a
27094733ns          472108 1c009546 00e09023 sh               x14, 0(x1)          x14:0000ff78  x1:1c002e8a  PA:1c002e8a
27095110ns          472127 1c00954a 01039023 sh               x16, 0(x7)          x16:0000ffe3  x7:1c002eba  PA:1c002eba
27095429ns          472143 1c00954e 00a29023 sh               x10, 0(x5)          x10:0000ffcd  x5:1c002eaa  PA:1c002eaa
27095767ns          472160 1c009552 008b0b13 addi             x22, x22, 8         x22=00000105 x22:000000fd
27095787ns          472161 1c009554 1f300793 addi             x15, x0, 499        x15=000001f3
27095806ns          472162 1c009558 e767dae3 bge              x15, x22, -396      x15:000001f3 x22:00000105
27095866ns          472165 1c0093cc 010c9a0b p.lh             x20, 16(x25!)       x20=00000053 x25=1c0028a2 x25:1c002892  PA:1c002892
27096184ns          472181 1c0093d0 0104198b p.lh             x19, 16(x8!)        x19=000001ab  x8=1c00206a  x8:1c00205a  PA:1c00205a
27096503ns          472197 1c0093d4 2cc10513 addi             x10, x2, 716        x10=10002fa4  x2:10002cd8
27096522ns          472198 1c0093d6 010a990b p.lh             x18, 16(x21!)       x18=00000084 x21=1c001896 x21:1c001886  PA:1c001886
27096821ns          472213 1c0093da 010b948b p.lh             x9, 16(x23!)         x9=000001a7 x23=1c0010c6 x23:1c0010b6  PA:1c0010b6
27097139ns          472229 1c0093de 2d411623 sh               x20, 716(x2)        x20:00000053  x2:10002cd8  PA:10002fa4
27097159ns          472230 1c0093e2 2d311723 sh               x19, 718(x2)        x19:000001ab  x2:10002cd8  PA:10002fa6
27097179ns          472231 1c0093e6 c33ff0ef jal              x1, -974             x1=1c0093e8
27097219ns          472233 1c009018 00051803 lh               x16, 0(x10)         x16=00000053 x10:10002fa4  PA:10002fa4
27097238ns          472234 1c00901c 00251883 lh               x17, 2(x10)         x17=000001ab x10:10002fa4  PA:10002fa6
27097258ns          472235 1c009020 030806b3 mul              x13, x16, x16       x13=00001ae9 x16:00000053 x16:00000053
27097278ns          472236 1c009024 03188633 mul              x12, x17, x17       x12=0002c839 x17:000001ab x17:000001ab
27097298ns          472237 1c009028 40a65613 srai             x12, x12, 0x40a     x12=000000b2 x12:0002c839
27097318ns          472238 1c00902a 40a6d693 srai             x13, x13, 0x40a     x13=00000006 x13:00001ae9
27097338ns          472239 1c00902c 00c686b3 add              x13, x13, x12       x13=000000b8 x13:00000006 x12:000000b2
27097358ns          472240 1c00902e 1006c633 p.exths          x12, x13, x0        x12=000000b8 x13:000000b8
27097378ns          472241 1c009032 00855703 lhu              x14, 8(x10)         x14=0000ffd1 x10:10002fa4  PA:10002fac
27097398ns          472242 1c009036 00a55683 lhu              x13, 10(x10)        x13=0000ff6a x10:10002fa4  PA:10002fae
27097417ns          472243 1c00903a 02c60333 mul              x6, x12, x12         x6=00008440 x12:000000b8 x12:000000b8
27097457ns          472245 1c00903e 00c55783 lhu              x15, 12(x10)        x15=0000ffe5 x10:10002fa4  PA:10002fb0
27097497ns          472247 1c009042 00e55583 lhu              x11, 14(x10)        x11=00000060 x10:10002fa4  PA:10002fb2
27097517ns          472248 1c009046 dea30333 p.extract        x6, x6, 15, 10       x6=00000021  x6:00008440
27097537ns          472249 1c00904a 80c7075b p.muls           x14, x14, x12       x14=ffffde38 x14:0000ffd1 x12:000000b8
27097596ns          472252 1c00904e 80c686db p.muls           x13, x13, x12       x13=ffff9430 x13:0000ff6a x12:000000b8
27097636ns          472254 1c009052 00455e83 lhu              x29, 4(x10)         x29=00000427 x10:10002fa4  PA:10002fa8
27097656ns          472255 1c009056 00655e03 lhu              x28, 6(x10)         x28=0000007f x10:10002fa4  PA:10002faa
27097676ns          472256 1c00905a 40a75713 srai             x14, x14, 0x40a     x14=fffffff7 x14:ffffde38
27097696ns          472257 1c00905c 806787db p.muls           x15, x15, x6        x15=fffffc85 x15:0000ffe5  x6:00000021
27097736ns          472259 1c009060 40a6d693 srai             x13, x13, 0x40a     x13=ffffffe5 x13:ffff9430
27097775ns          472261 1c009062 8065865b p.muls           x12, x11, x6        x12=00000c60 x11:00000060  x6:00000021
27097795ns          472262 1c009066 40a7d793 srai             x15, x15, 0x40a     x15=ffffffff x15:fffffc85
27097815ns          472263 1c009068 40a65613 srai             x12, x12, 0x40a     x12=00000003 x12:00000c60
27097835ns          472264 1c00906a 01d70733 add              x14, x14, x29       x14=0000041e x14:fffffff7 x29:00000427
27097855ns          472265 1c00906c 01c686b3 add              x13, x13, x28       x13=00000064 x13:ffffffe5 x28:0000007f
27097875ns          472266 1c00906e 00c686b3 add              x13, x13, x12       x13=00000067 x13:00000064 x12:00000003
27097895ns          472267 1c009070 00f70733 add              x14, x14, x15       x14=0000041d x14:0000041e x15:ffffffff
27097915ns          472268 1c009072 100747b3 p.exths          x15, x14, x0        x15=0000041d x14:0000041d
27097934ns          472269 1c009076 1006c733 p.exths          x14, x13, x0        x14=00000067 x13:00000067
27097954ns          472270 1c00907a 03170633 mul              x12, x14, x17       x12=0000abcd x14:00000067 x17:000001ab
27097974ns          472271 1c00907e 030786b3 mul              x13, x15, x16       x13=00015567 x15:0000041d x16:00000053
27097994ns          472272 1c009082 03070733 mul              x14, x14, x16       x14=00002165 x14:00000067 x16:00000053
27098014ns          472273 1c009086 031787b3 mul              x15, x15, x17       x15=0006dc5f x15:0000041d x17:000001ab
27098034ns          472274 1c00908a 40a6d693 srai             x13, x13, 0x40a     x13=00000055 x13:00015567
27098054ns          472275 1c00908c 40a65613 srai             x12, x12, 0x40a     x12=0000002a x12:0000abcd
27098074ns          472276 1c00908e 40a7d793 srai             x15, x15, 0x40a     x15=000001b7 x15:0006dc5f
27098094ns          472277 1c009090 40a75713 srai             x14, x14, 0x40a     x14=00000008 x14:00002165
27098113ns          472278 1c009092 40c686b3 sub              x13, x13, x12       x13=0000002b x13:00000055 x12:0000002a
27098133ns          472279 1c009094 00e787b3 add              x15, x15, x14       x15=000001bf x15:000001b7 x14:00000008
27098153ns          472280 1c009096 00d51823 sh               x13, 16(x10)        x13:0000002b x10:10002fa4  PA:10002fb4
27098173ns          472281 1c00909a 00f51923 sh               x15, 18(x10)        x15:000001bf x10:10002fa4  PA:10002fb6
27098193ns          472282 1c00909e 00008067 jalr             x0, x1, 0            x1:1c0093e8
27098273ns          472286 1c0093e8 2dc15583 lhu              x11, 732(x2)        x11=0000002b  x2:10002cd8  PA:10002fb4
27098292ns          472287 1c0093ec 2de15783 lhu              x15, 734(x2)        x15=000001bf  x2:10002cd8  PA:10002fb6
27098312ns          472288 1c0093f0 40b90933 sub              x18, x18, x11       x18=00000059 x18:00000084 x11:0000002b
27098332ns          472289 1c0093f4 40f484b3 sub              x9, x9, x15          x9=ffffffe8  x9:000001a7 x15:000001bf
27098352ns          472290 1c0093f6 100945b3 p.exths          x11, x18, x0        x11=00000059 x18:00000059
27098372ns          472291 1c0093fa 1004c7b3 p.exths          x15, x9, x0         x15=ffffffe8  x9:ffffffe8
27098392ns          472292 1c0093fe 034586b3 mul              x13, x11, x20       x13=00001cdb x11:00000059 x20:00000053
27098412ns          472293 1c009402 03378533 mul              x10, x15, x19       x10=ffffd7f8 x15:ffffffe8 x19:000001ab
27098432ns          472294 1c009406 034a0633 mul              x12, x20, x20       x12=00001ae9 x20:00000053 x20:00000053
27098452ns          472295 1c00940a 03398733 mul              x14, x19, x19       x14=0002c839 x19:000001ab x19:000001ab
27098511ns          472298 1c00940e 034787b3 mul              x15, x15, x20       x15=fffff838 x15:ffffffe8 x20:00000053
27098551ns          472300 1c009412 033585b3 mul              x11, x11, x19       x11=00009473 x11:00000059 x19:000001ab
27098571ns          472301 1c009416 40a75713 srai             x14, x14, 0x40a     x14=000000b2 x14:0002c839
27098591ns          472302 1c009418 40a5d593 srai             x11, x11, 0x40a     x11=00000025 x11:00009473
27098611ns          472303 1c00941a 40a65613 srai             x12, x12, 0x40a     x12=00000006 x12:00001ae9
27098631ns          472304 1c00941c 40a7d793 srai             x15, x15, 0x40a     x15=fffffffe x15:fffff838
27098650ns          472305 1c00941e 1c0034b7 lui              x9, 0x1c003000       x9=1c003000
27098670ns          472306 1c009422 00e60633 add              x12, x12, x14       x12=000000b8 x12:00000006 x14:000000b2
27098690ns          472307 1c009424 40b787b3 sub              x15, x15, x11       x15=ffffffd9 x15:fffffffe x11:00000025
27098710ns          472308 1c009426 eb048493 addi             x9, x9, -336         x9=1c002eb0  x9:1c003000
27098730ns          472309 1c00942a 1c0032b7 lui              x5, 0x1c003000       x5=1c003000
27098750ns          472310 1c00942e 1c0035b7 lui              x11, 0x1c003000     x11=1c003000
27098770ns          472311 1c009432 018483b3 add              x7, x9, x24          x7=1c002eba  x9:1c002eb0 x24:0000000a
27098790ns          472312 1c009436 02812e83 lw               x29, 40(x2)         x29=1c002eca  x2:10002cd8  PA:10002d00
27098810ns          472313 1c009438 10065633 p.exthz          x12, x12, x0        x12=000000b8 x12:000000b8
27098829ns          472314 1c00943c e8028293 addi             x5, x5, -384         x5=1c002e80  x5:1c003000
27098849ns          472315 1c009440 ea058593 addi             x11, x11, -352      x11=1c002ea0 x11:1c003000
27098869ns          472316 1c009444 03812483 lw               x9, 56(x2)           x9=1c002eea  x2:10002cd8  PA:10002d10
27098889ns          472317 1c009446 10064733 p.exths          x14, x12, x0        x14=000000b8 x12:000000b8
27098909ns          472318 1c00944a 018280b3 add              x1, x5, x24          x1=1c002e8a  x5:1c002e80 x24:0000000a
27098929ns          472319 1c00944e 03012f03 lw               x30, 48(x2)         x30=1c002eda  x2:10002cd8  PA:10002d08
27098949ns          472320 1c009450 018582b3 add              x5, x11, x24         x5=1c002eaa x11:1c002ea0 x24:0000000a
27098969ns          472321 1c009454 04012583 lw               x11, 64(x2)         x11=1c002efa  x2:10002cd8  PA:10002d18
27098989ns          472322 1c009456 000edd83 lhu              x27, 0(x29)         x27=00000bd3 x29:1c002eca  PA:1c002eca
27099307ns          472338 1c00945a 0004d483 lhu              x9, 0(x9)            x9=00000076  x9:1c002eea  PA:1c002eea
27099625ns          472354 1c00945e 02e70333 mul              x6, x14, x14         x6=00008440 x14:000000b8 x14:000000b8
27099645ns          472355 1c009462 40a55513 srai             x10, x10, 0x40a     x10=fffffff5 x10:ffffd7f8
27099665ns          472356 1c009464 04812e83 lw               x29, 72(x2)         x29=1c002f0a  x2:10002cd8  PA:10002d20
27099685ns          472357 1c009466 40a6d693 srai             x13, x13, 0x40a     x13=00000007 x13:00001cdb
27099705ns          472358 1c009468 000f5d03 lhu              x26, 0(x30)         x26=000001fa x30:1c002eda  PA:1c002eda
27100023ns          472374 1c00946c 0005d583 lhu              x11, 0(x11)         x11=00000022 x11:1c002efa  PA:1c002efa
27100341ns          472390 1c009470 40a35313 srai             x6, x6, 0x40a        x6=00000021  x6:00008440
27100361ns          472391 1c009474 00a686b3 add              x13, x13, x10       x13=fffffffc x13:00000007 x10:fffffff5
27100381ns          472392 1c009476 05012f03 lw               x30, 80(x2)         x30=1c002e7a  x2:10002cd8  PA:10002d28
27100401ns          472393 1c009478 10034e33 p.exths          x28, x6, x0         x28=00000021  x6:00000021
27100420ns          472394 1c00947c 06911023 sh               x9, 96(x2)           x9:00000076  x2:10002cd8  PA:10002d38
27100440ns          472395 1c009480 000ede83 lhu              x29, 0(x29)         x29=0000000a x29:1c002f0a  PA:1c002f0a
27100739ns          472410 1c009484 05812483 lw               x9, 88(x2)           x9=1c002e6a  x2:10002cd8  PA:10002d30
27100759ns          472411 1c009486 1006d6b3 p.exthz          x13, x13, x0        x13=0000fffc x13:fffffffc
27100778ns          472412 1c00948a 02ee08b3 mul              x17, x28, x14       x17=000017b8 x28:00000021 x14:000000b8
27100798ns          472413 1c00948e 1006c833 p.exths          x16, x13, x0        x16=fffffffc x13:0000fffc
27100818ns          472414 1c009492 06b11823 sh               x11, 112(x2)        x11:00000022  x2:10002cd8  PA:10002d48
27100838ns          472415 1c009496 000f5f03 lhu              x30, 0(x30)         x30=0000ff60 x30:1c002e7a  PA:1c002e7a
27101156ns          472431 1c00949a 0a012583 lw               x11, 160(x2)        x11=1c002e9a  x2:10002cd8  PA:10002d78
27101176ns          472432 1c00949c 1007d7b3 p.exthz          x15, x15, x0        x15=0000ffd9 x15:ffffffd9
27101196ns          472433 1c0094a0 0004da03 lhu              x20, 0(x9)          x20=0000fd9d  x9:1c002e6a  PA:1c002e6a
27101574ns          472452 1c0094a4 1007c533 p.exths          x10, x15, x0        x10=ffffffd9 x15:0000ffd9
27101594ns          472453 1c0094a8 09d11023 sh               x29, 128(x2)        x29:0000000a  x2:10002cd8  PA:10002d58
27101614ns          472454 1c0094ac 0003d483 lhu              x9, 0(x7)            x9=0000ffe3  x7:1c002eba  PA:1c002eba
27101912ns          472469 1c0094b0 02e80eb3 mul              x29, x16, x14       x29=fffffd20 x16:fffffffc x14:000000b8
27101932ns          472470 1c0094b4 40a8d893 srai             x17, x17, 0x40a     x17=00000005 x17:000017b8
27101952ns          472471 1c0094b8 03c80833 mul              x16, x16, x28       x16=ffffff7c x16:fffffffc x28:00000021
27101972ns          472472 1c0094bc 09e11823 sh               x30, 144(x2)        x30:0000ff60  x2:10002cd8  PA:10002d68
27101992ns          472473 1c0094c0 0005d983 lhu              x19, 0(x11)         x19=0000ffcf x11:1c002e9a  PA:1c002e9a
27102449ns          472496 1c0094c4 81c88f5b p.muls           x30, x17, x28       x30=000000a5 x17:00000005 x28:00000021
27102469ns          472497 1c0094c8 0002d583 lhu              x11, 0(x5)          x11=0000ffcd  x5:1c002eaa  PA:1c002eaa
27102767ns          472512 1c0094cc 03ce0fb3 mul              x31, x28, x28       x31=00000441 x28:00000021 x28:00000021
27102787ns          472513 1c0094d0 02e50733 mul              x14, x10, x14       x14=ffffe3f8 x10:ffffffd9 x14:000000b8
27102807ns          472514 1c0094d4 40a85813 srai             x16, x16, 0x40a     x16=ffffffff x16:ffffff7c
27102827ns          472515 1c0094d8 03c50533 mul              x10, x10, x28       x10=fffffaf9 x10:ffffffd9 x28:00000021
27102847ns          472516 1c0094dc 07015e03 lhu              x28, 112(x2)        x28=00000022  x2:10002cd8  PA:10002d48
27102887ns          472518 1c0094e0 01b60633 add              x12, x12, x27       x12=00000c8b x12:000000b8 x27:00000bd3
27102906ns          472519 1c0094e2 00980833 add              x16, x16, x9        x16=0000ffe2 x16:ffffffff  x9:0000ffe3
27102926ns          472520 1c0094e4 06015d83 lhu              x27, 96(x2)         x27=00000076  x2:10002cd8  PA:10002d38
27102946ns          472521 1c0094e8 02812483 lw               x9, 40(x2)           x9=1c002eca  x2:10002cd8  PA:10002d00
27102966ns          472522 1c0094ea 40afdf93 srai             x31, x31, 0x40a     x31=00000001 x31:00000441
27102986ns          472523 1c0094ee 40a55513 srai             x10, x10, 0x40a     x10=fffffffe x10:fffffaf9
27103006ns          472524 1c0094f0 01cf8fb3 add              x31, x31, x28       x31=00000023 x31:00000001 x28:00000022
27103026ns          472525 1c0094f2 00b50533 add              x10, x10, x11       x10=0000ffcb x10:fffffffe x11:0000ffcd
27103046ns          472526 1c0094f4 09015e03 lhu              x28, 144(x2)        x28=0000ff60  x2:10002cd8  PA:10002d68
27103066ns          472527 1c0094f8 03012583 lw               x11, 48(x2)         x11=1c002eda  x2:10002cd8  PA:10002d08
27103085ns          472528 1c0094fa 00c49023 sh               x12, 0(x9)          x12:00000c8b  x9:1c002eca  PA:1c002eca
27103443ns          472546 1c0094fe 01b888b3 add              x17, x17, x27       x17=0000007b x17:00000005 x27:00000076
27103463ns          472547 1c009500 01a30333 add              x6, x6, x26          x6=0000021b  x6:00000021 x26:000001fa
27103483ns          472548 1c009502 08015d83 lhu              x27, 128(x2)        x27=0000000a  x2:10002cd8  PA:10002d58
27103503ns          472549 1c009506 0000d903 lhu              x18, 0(x1)          x18=0000ff78  x1:1c002e8a  PA:1c002e8a
27103821ns          472565 1c00950a 01c686b3 add              x13, x13, x28       x13=0001ff5c x13:0000fffc x28:0000ff60
27103841ns          472566 1c00950c 00659023 sh               x6, 0(x11)           x6:0000021b x11:1c002eda  PA:1c002eda
27104179ns          472583 1c009510 40af5f13 srai             x30, x30, 0x40a     x30=00000000 x30:000000a5
27104199ns          472584 1c009514 04812e03 lw               x28, 72(x2)         x28=1c002f0a  x2:10002cd8  PA:10002d20
27104219ns          472585 1c009516 01bf0f33 add              x30, x30, x27       x30=0000000a x30:00000000 x27:0000000a
27104239ns          472586 1c009518 40aede93 srai             x29, x29, 0x40a     x29=ffffffff x29:fffffd20
27104259ns          472587 1c00951c 40a75713 srai             x14, x14, 0x40a     x14=fffffff8 x14:ffffe3f8
27104279ns          472588 1c00951e 03812603 lw               x12, 56(x2)         x12=1c002eea  x2:10002cd8  PA:10002d10
27104299ns          472589 1c009520 04012d83 lw               x27, 64(x2)         x27=1c002efa  x2:10002cd8  PA:10002d18
27104338ns          472591 1c009522 01ee1023 sh               x30, 0(x28)         x30:0000000a x28:1c002f0a  PA:1c002f0a
27104657ns          472607 1c009526 05812483 lw               x9, 88(x2)           x9=1c002e6a  x2:10002cd8  PA:10002d30
27104677ns          472608 1c009528 05012f03 lw               x30, 80(x2)         x30=1c002e7a  x2:10002cd8  PA:10002d28
27104696ns          472609 1c00952a 0a012583 lw               x11, 160(x2)        x11=1c002e9a  x2:10002cd8  PA:10002d78
27104716ns          472610 1c00952c 014787b3 add              x15, x15, x20       x15=0001fd76 x15:0000ffd9 x20:0000fd9d
27104736ns          472611 1c00952e 013e8eb3 add              x29, x29, x19       x29=0000ffce x29:ffffffff x19:0000ffcf
27104756ns          472612 1c009530 01270733 add              x14, x14, x18       x14=0000ff70 x14:fffffff8 x18:0000ff78
27104776ns          472613 1c009532 00f49023 sh               x15, 0(x9)          x15:0001fd76  x9:1c002e6a  PA:1c002e6a
27105114ns          472630 1c009536 01161023 sh               x17, 0(x12)         x17:0000007b x12:1c002eea  PA:1c002eea
27105472ns          472648 1c00953a 01fd9023 sh               x31, 0(x27)         x31:00000023 x27:1c002efa  PA:1c002efa
27105790ns          472664 1c00953e 00df1023 sh               x13, 0(x30)         x13:0001ff5c x30:1c002e7a  PA:1c002e7a
27106108ns          472680 1c009542 01d59023 sh               x29, 0(x11)         x29:0000ffce x11:1c002e9a  PA:1c002e9a
27106427ns          472696 1c009546 00e09023 sh               x14, 0(x1)          x14:0000ff70  x1:1c002e8a  PA:1c002e8a
27106745ns          472712 1c00954a 01039023 sh               x16, 0(x7)          x16:0000ffe2  x7:1c002eba  PA:1c002eba
27107063ns          472728 1c00954e 00a29023 sh               x10, 0(x5)          x10:0000ffcb  x5:1c002eaa  PA:1c002eaa
27107381ns          472744 1c009552 008b0b13 addi             x22, x22, 8         x22=0000010d x22:00000105
27107401ns          472745 1c009554 1f300793 addi             x15, x0, 499        x15=000001f3
27107421ns          472746 1c009558 e767dae3 bge              x15, x22, -396      x15:000001f3 x22:0000010d
27107521ns          472751 1c0093cc 010c9a0b p.lh             x20, 16(x25!)       x20=00000020 x25=1c0028b2 x25:1c0028a2  PA:1c0028a2
27107839ns          472767 1c0093d0 0104198b p.lh             x19, 16(x8!)        x19=fffffe8c  x8=1c00207a  x8:1c00206a  PA:1c00206a
27108157ns          472783 1c0093d4 2cc10513 addi             x10, x2, 716        x10=10002fa4  x2:10002cd8
27108177ns          472784 1c0093d6 010a990b p.lh             x18, 16(x21!)       x18=fffffff9 x21=1c0018a6 x21:1c001896  PA:1c001896
27108515ns          472801 1c0093da 010b948b p.lh             x9, 16(x23!)         x9=fffffe7e x23=1c0010d6 x23:1c0010c6  PA:1c0010c6
27108813ns          472816 1c0093de 2d411623 sh               x20, 716(x2)        x20:00000020  x2:10002cd8  PA:10002fa4
27108833ns          472817 1c0093e2 2d311723 sh               x19, 718(x2)        x19:fffffe8c  x2:10002cd8  PA:10002fa6
27108853ns          472818 1c0093e6 c33ff0ef jal              x1, -974             x1=1c0093e8
27108893ns          472820 1c009018 00051803 lh               x16, 0(x10)         x16=00000020 x10:10002fa4  PA:10002fa4
27108913ns          472821 1c00901c 00251883 lh               x17, 2(x10)         x17=fffffe8c x10:10002fa4  PA:10002fa6
27108972ns          472824 1c009020 030806b3 mul              x13, x16, x16       x13=00000400 x16:00000020 x16:00000020
27109012ns          472826 1c009024 03188633 mul              x12, x17, x17       x12=00021c90 x17:fffffe8c x17:fffffe8c
27109032ns          472827 1c009028 40a65613 srai             x12, x12, 0x40a     x12=00000087 x12:00021c90
27109052ns          472828 1c00902a 40a6d693 srai             x13, x13, 0x40a     x13=00000001 x13:00000400
27109072ns          472829 1c00902c 00c686b3 add              x13, x13, x12       x13=00000088 x13:00000001 x12:00000087
27109092ns          472830 1c00902e 1006c633 p.exths          x12, x13, x0        x12=00000088 x13:00000088
27109112ns          472831 1c009032 00855703 lhu              x14, 8(x10)         x14=0000ffd1 x10:10002fa4  PA:10002fac
27109131ns          472832 1c009036 00a55683 lhu              x13, 10(x10)        x13=0000ff6a x10:10002fa4  PA:10002fae
27109151ns          472833 1c00903a 02c60333 mul              x6, x12, x12         x6=00004840 x12:00000088 x12:00000088
27109191ns          472835 1c00903e 00c55783 lhu              x15, 12(x10)        x15=0000ffe5 x10:10002fa4  PA:10002fb0
27109231ns          472837 1c009042 00e55583 lhu              x11, 14(x10)        x11=00000060 x10:10002fa4  PA:10002fb2
27109251ns          472838 1c009046 dea30333 p.extract        x6, x6, 15, 10       x6=00000012  x6:00004840
27109271ns          472839 1c00904a 80c7075b p.muls           x14, x14, x12       x14=ffffe708 x14:0000ffd1 x12:00000088
27109291ns          472840 1c00904e 80c686db p.muls           x13, x13, x12       x13=ffffb050 x13:0000ff6a x12:00000088
27109310ns          472841 1c009052 00455e83 lhu              x29, 4(x10)         x29=00000427 x10:10002fa4  PA:10002fa8
27109330ns          472842 1c009056 00655e03 lhu              x28, 6(x10)         x28=0000007f x10:10002fa4  PA:10002faa
27109350ns          472843 1c00905a 40a75713 srai             x14, x14, 0x40a     x14=fffffff9 x14:ffffe708
27109370ns          472844 1c00905c 806787db p.muls           x15, x15, x6        x15=fffffe1a x15:0000ffe5  x6:00000012
27109390ns          472845 1c009060 40a6d693 srai             x13, x13, 0x40a     x13=ffffffec x13:ffffb050
27109410ns          472846 1c009062 8065865b p.muls           x12, x11, x6        x12=000006c0 x11:00000060  x6:00000012
27109430ns          472847 1c009066 40a7d793 srai             x15, x15, 0x40a     x15=ffffffff x15:fffffe1a
27109450ns          472848 1c009068 40a65613 srai             x12, x12, 0x40a     x12=00000001 x12:000006c0
27109470ns          472849 1c00906a 01d70733 add              x14, x14, x29       x14=00000420 x14:fffffff9 x29:00000427
27109489ns          472850 1c00906c 01c686b3 add              x13, x13, x28       x13=0000006b x13:ffffffec x28:0000007f
27109509ns          472851 1c00906e 00c686b3 add              x13, x13, x12       x13=0000006c x13:0000006b x12:00000001
27109529ns          472852 1c009070 00f70733 add              x14, x14, x15       x14=0000041f x14:00000420 x15:ffffffff
27109549ns          472853 1c009072 100747b3 p.exths          x15, x14, x0        x15=0000041f x14:0000041f
27109569ns          472854 1c009076 1006c733 p.exths          x14, x13, x0        x14=0000006c x13:0000006c
27109589ns          472855 1c00907a 03170633 mul              x12, x14, x17       x12=ffff6310 x14:0000006c x17:fffffe8c
27109609ns          472856 1c00907e 030786b3 mul              x13, x15, x16       x13=000083e0 x15:0000041f x16:00000020
27109629ns          472857 1c009082 03070733 mul              x14, x14, x16       x14=00000d80 x14:0000006c x16:00000020
27109649ns          472858 1c009086 031787b3 mul              x15, x15, x17       x15=fffa02f4 x15:0000041f x17:fffffe8c
27109668ns          472859 1c00908a 40a6d693 srai             x13, x13, 0x40a     x13=00000020 x13:000083e0
27109688ns          472860 1c00908c 40a65613 srai             x12, x12, 0x40a     x12=ffffffd8 x12:ffff6310
27109708ns          472861 1c00908e 40a7d793 srai             x15, x15, 0x40a     x15=fffffe80 x15:fffa02f4
27109728ns          472862 1c009090 40a75713 srai             x14, x14, 0x40a     x14=00000003 x14:00000d80
27109748ns          472863 1c009092 40c686b3 sub              x13, x13, x12       x13=00000048 x13:00000020 x12:ffffffd8
27109768ns          472864 1c009094 00e787b3 add              x15, x15, x14       x15=fffffe83 x15:fffffe80 x14:00000003
27109788ns          472865 1c009096 00d51823 sh               x13, 16(x10)        x13:00000048 x10:10002fa4  PA:10002fb4
27109808ns          472866 1c00909a 00f51923 sh               x15, 18(x10)        x15:fffffe83 x10:10002fa4  PA:10002fb6
27109828ns          472867 1c00909e 00008067 jalr             x0, x1, 0            x1:1c0093e8
27109887ns          472870 1c0093e8 2dc15583 lhu              x11, 732(x2)        x11=00000048  x2:10002cd8  PA:10002fb4
27109907ns          472871 1c0093ec 2de15783 lhu              x15, 734(x2)        x15=0000fe83  x2:10002cd8  PA:10002fb6
27109927ns          472872 1c0093f0 40b90933 sub              x18, x18, x11       x18=ffffffb1 x18:fffffff9 x11:00000048
27109947ns          472873 1c0093f4 40f484b3 sub              x9, x9, x15          x9=fffefffb  x9:fffffe7e x15:0000fe83
27109967ns          472874 1c0093f6 100945b3 p.exths          x11, x18, x0        x11=ffffffb1 x18:ffffffb1
27109987ns          472875 1c0093fa 1004c7b3 p.exths          x15, x9, x0         x15=fffffffb  x9:fffefffb
27110007ns          472876 1c0093fe 034586b3 mul              x13, x11, x20       x13=fffff620 x11:ffffffb1 x20:00000020
27110026ns          472877 1c009402 03378533 mul              x10, x15, x19       x10=00000744 x15:fffffffb x19:fffffe8c
27110046ns          472878 1c009406 034a0633 mul              x12, x20, x20       x12=00000400 x20:00000020 x20:00000020
27110066ns          472879 1c00940a 03398733 mul              x14, x19, x19       x14=00021c90 x19:fffffe8c x19:fffffe8c
27110126ns          472882 1c00940e 034787b3 mul              x15, x15, x20       x15=ffffff60 x15:fffffffb x20:00000020
27110166ns          472884 1c009412 033585b3 mul              x11, x11, x19       x11=000072cc x11:ffffffb1 x19:fffffe8c
27110186ns          472885 1c009416 40a75713 srai             x14, x14, 0x40a     x14=00000087 x14:00021c90
27110205ns          472886 1c009418 40a5d593 srai             x11, x11, 0x40a     x11=0000001c x11:000072cc
27110225ns          472887 1c00941a 40a65613 srai             x12, x12, 0x40a     x12=00000001 x12:00000400
27110245ns          472888 1c00941c 40a7d793 srai             x15, x15, 0x40a     x15=ffffffff x15:ffffff60
27110265ns          472889 1c00941e 1c0034b7 lui              x9, 0x1c003000       x9=1c003000
27110285ns          472890 1c009422 00e60633 add              x12, x12, x14       x12=00000088 x12:00000001 x14:00000087
27110305ns          472891 1c009424 40b787b3 sub              x15, x15, x11       x15=ffffffe3 x15:ffffffff x11:0000001c
27110325ns          472892 1c009426 eb048493 addi             x9, x9, -336         x9=1c002eb0  x9:1c003000
27110345ns          472893 1c00942a 1c0032b7 lui              x5, 0x1c003000       x5=1c003000
27110364ns          472894 1c00942e 1c0035b7 lui              x11, 0x1c003000     x11=1c003000
27110384ns          472895 1c009432 018483b3 add              x7, x9, x24          x7=1c002eba  x9:1c002eb0 x24:0000000a
27110404ns          472896 1c009436 02812e83 lw               x29, 40(x2)         x29=1c002eca  x2:10002cd8  PA:10002d00
27110424ns          472897 1c009438 10065633 p.exthz          x12, x12, x0        x12=00000088 x12:00000088
27110444ns          472898 1c00943c e8028293 addi             x5, x5, -384         x5=1c002e80  x5:1c003000
27110464ns          472899 1c009440 ea058593 addi             x11, x11, -352      x11=1c002ea0 x11:1c003000
27110504ns          472901 1c009444 03812483 lw               x9, 56(x2)           x9=1c002eea  x2:10002cd8  PA:10002d10
27110524ns          472902 1c009446 10064733 p.exths          x14, x12, x0        x14=00000088 x12:00000088
27110543ns          472903 1c00944a 018280b3 add              x1, x5, x24          x1=1c002e8a  x5:1c002e80 x24:0000000a
27110563ns          472904 1c00944e 03012f03 lw               x30, 48(x2)         x30=1c002eda  x2:10002cd8  PA:10002d08
27110603ns          472906 1c009450 018582b3 add              x5, x11, x24         x5=1c002eaa x11:1c002ea0 x24:0000000a
27110643ns          472908 1c009454 04012583 lw               x11, 64(x2)         x11=1c002efa  x2:10002cd8  PA:10002d18
27110683ns          472910 1c009456 000edd83 lhu              x27, 0(x29)         x27=00000c8b x29:1c002eca  PA:1c002eca
27110981ns          472925 1c00945a 0004d483 lhu              x9, 0(x9)            x9=0000007b  x9:1c002eea  PA:1c002eea
27111279ns          472940 1c00945e 02e70333 mul              x6, x14, x14         x6=00004840 x14:00000088 x14:00000088
27111299ns          472941 1c009462 40a55513 srai             x10, x10, 0x40a     x10=00000001 x10:00000744
27111319ns          472942 1c009464 04812e83 lw               x29, 72(x2)         x29=1c002f0a  x2:10002cd8  PA:10002d20
27111339ns          472943 1c009466 40a6d693 srai             x13, x13, 0x40a     x13=fffffffd x13:fffff620
27111359ns          472944 1c009468 000f5d03 lhu              x26, 0(x30)         x26=0000021b x30:1c002eda  PA:1c002eda
27111677ns          472960 1c00946c 0005d583 lhu              x11, 0(x11)         x11=00000023 x11:1c002efa  PA:1c002efa
27111975ns          472975 1c009470 40a35313 srai             x6, x6, 0x40a        x6=00000012  x6:00004840
27111995ns          472976 1c009474 00a686b3 add              x13, x13, x10       x13=fffffffe x13:fffffffd x10:00000001
27112015ns          472977 1c009476 05012f03 lw               x30, 80(x2)         x30=1c002e7a  x2:10002cd8  PA:10002d28
27112035ns          472978 1c009478 10034e33 p.exths          x28, x6, x0         x28=00000012  x6:00000012
27112055ns          472979 1c00947c 06911023 sh               x9, 96(x2)           x9:0000007b  x2:10002cd8  PA:10002d38
27112075ns          472980 1c009480 000ede83 lhu              x29, 0(x29)         x29=0000000a x29:1c002f0a  PA:1c002f0a
27112433ns          472998 1c009484 05812483 lw               x9, 88(x2)           x9=1c002e6a  x2:10002cd8  PA:10002d30
27112453ns          472999 1c009486 1006d6b3 p.exthz          x13, x13, x0        x13=0000fffe x13:fffffffe
27112473ns          473000 1c00948a 02ee08b3 mul              x17, x28, x14       x17=00000990 x28:00000012 x14:00000088
27112493ns          473001 1c00948e 1006c833 p.exths          x16, x13, x0        x16=fffffffe x13:0000fffe
27112512ns          473002 1c009492 06b11823 sh               x11, 112(x2)        x11:00000023  x2:10002cd8  PA:10002d48
27112532ns          473003 1c009496 000f5f03 lhu              x30, 0(x30)         x30=0000ff5c x30:1c002e7a  PA:1c002e7a
27112890ns          473021 1c00949a 0a012583 lw               x11, 160(x2)        x11=1c002e9a  x2:10002cd8  PA:10002d78
27112910ns          473022 1c00949c 1007d7b3 p.exthz          x15, x15, x0        x15=0000ffe3 x15:ffffffe3
27112930ns          473023 1c0094a0 0004da03 lhu              x20, 0(x9)          x20=0000fd76  x9:1c002e6a  PA:1c002e6a
27113228ns          473038 1c0094a4 1007c533 p.exths          x10, x15, x0        x10=ffffffe3 x15:0000ffe3
27113248ns          473039 1c0094a8 09d11023 sh               x29, 128(x2)        x29:0000000a  x2:10002cd8  PA:10002d58
27113268ns          473040 1c0094ac 0003d483 lhu              x9, 0(x7)            x9=0000ffe2  x7:1c002eba  PA:1c002eba
27113586ns          473056 1c0094b0 02e80eb3 mul              x29, x16, x14       x29=fffffef0 x16:fffffffe x14:00000088
27113606ns          473057 1c0094b4 40a8d893 srai             x17, x17, 0x40a     x17=00000002 x17:00000990
27113626ns          473058 1c0094b8 03c80833 mul              x16, x16, x28       x16=ffffffdc x16:fffffffe x28:00000012
27113646ns          473059 1c0094bc 09e11823 sh               x30, 144(x2)        x30:0000ff5c  x2:10002cd8  PA:10002d68
27113666ns          473060 1c0094c0 0005d983 lhu              x19, 0(x11)         x19=0000ffce x11:1c002e9a  PA:1c002e9a
27114004ns          473077 1c0094c4 81c88f5b p.muls           x30, x17, x28       x30=00000024 x17:00000002 x28:00000012
27114024ns          473078 1c0094c8 0002d583 lhu              x11, 0(x5)          x11=0000ffcb  x5:1c002eaa  PA:1c002eaa
27114362ns          473095 1c0094cc 03ce0fb3 mul              x31, x28, x28       x31=00000144 x28:00000012 x28:00000012
27114382ns          473096 1c0094d0 02e50733 mul              x14, x10, x14       x14=fffff098 x10:ffffffe3 x14:00000088
27114402ns          473097 1c0094d4 40a85813 srai             x16, x16, 0x40a     x16=ffffffff x16:ffffffdc
27114422ns          473098 1c0094d8 03c50533 mul              x10, x10, x28       x10=fffffdf6 x10:ffffffe3 x28:00000012
27114442ns          473099 1c0094dc 07015e03 lhu              x28, 112(x2)        x28=00000023  x2:10002cd8  PA:10002d48
27114481ns          473101 1c0094e0 01b60633 add              x12, x12, x27       x12=00000d13 x12:00000088 x27:00000c8b
27114501ns          473102 1c0094e2 00980833 add              x16, x16, x9        x16=0000ffe1 x16:ffffffff  x9:0000ffe2
27114521ns          473103 1c0094e4 06015d83 lhu              x27, 96(x2)         x27=0000007b  x2:10002cd8  PA:10002d38
27114541ns          473104 1c0094e8 02812483 lw               x9, 40(x2)           x9=1c002eca  x2:10002cd8  PA:10002d00
27114561ns          473105 1c0094ea 40afdf93 srai             x31, x31, 0x40a     x31=00000000 x31:00000144
27114581ns          473106 1c0094ee 40a55513 srai             x10, x10, 0x40a     x10=ffffffff x10:fffffdf6
27114601ns          473107 1c0094f0 01cf8fb3 add              x31, x31, x28       x31=00000023 x31:00000000 x28:00000023
27114621ns          473108 1c0094f2 00b50533 add              x10, x10, x11       x10=0000ffca x10:ffffffff x11:0000ffcb
27114640ns          473109 1c0094f4 09015e03 lhu              x28, 144(x2)        x28=0000ff5c  x2:10002cd8  PA:10002d68
27114660ns          473110 1c0094f8 03012583 lw               x11, 48(x2)         x11=1c002eda  x2:10002cd8  PA:10002d08
27114680ns          473111 1c0094fa 00c49023 sh               x12, 0(x9)          x12:00000d13  x9:1c002eca  PA:1c002eca
27114998ns          473127 1c0094fe 01b888b3 add              x17, x17, x27       x17=0000007d x17:00000002 x27:0000007b
27115018ns          473128 1c009500 01a30333 add              x6, x6, x26          x6=0000022d  x6:00000012 x26:0000021b
27115038ns          473129 1c009502 08015d83 lhu              x27, 128(x2)        x27=0000000a  x2:10002cd8  PA:10002d58
27115058ns          473130 1c009506 0000d903 lhu              x18, 0(x1)          x18=0000ff70  x1:1c002e8a  PA:1c002e8a
27115356ns          473145 1c00950a 01c686b3 add              x13, x13, x28       x13=0001ff5a x13:0000fffe x28:0000ff5c
27115376ns          473146 1c00950c 00659023 sh               x6, 0(x11)           x6:0000022d x11:1c002eda  PA:1c002eda
27115694ns          473162 1c009510 40af5f13 srai             x30, x30, 0x40a     x30=00000000 x30:00000024
27115714ns          473163 1c009514 04812e03 lw               x28, 72(x2)         x28=1c002f0a  x2:10002cd8  PA:10002d20
27115734ns          473164 1c009516 01bf0f33 add              x30, x30, x27       x30=0000000a x30:00000000 x27:0000000a
27115754ns          473165 1c009518 40aede93 srai             x29, x29, 0x40a     x29=ffffffff x29:fffffef0
27115774ns          473166 1c00951c 40a75713 srai             x14, x14, 0x40a     x14=fffffffc x14:fffff098
27115794ns          473167 1c00951e 03812603 lw               x12, 56(x2)         x12=1c002eea  x2:10002cd8  PA:10002d10
27115814ns          473168 1c009520 04012d83 lw               x27, 64(x2)         x27=1c002efa  x2:10002cd8  PA:10002d18
27115834ns          473169 1c009522 01ee1023 sh               x30, 0(x28)         x30:0000000a x28:1c002f0a  PA:1c002f0a
27116172ns          473186 1c009526 05812483 lw               x9, 88(x2)           x9=1c002e6a  x2:10002cd8  PA:10002d30
27116192ns          473187 1c009528 05012f03 lw               x30, 80(x2)         x30=1c002e7a  x2:10002cd8  PA:10002d28
27116212ns          473188 1c00952a 0a012583 lw               x11, 160(x2)        x11=1c002e9a  x2:10002cd8  PA:10002d78
27116231ns          473189 1c00952c 014787b3 add              x15, x15, x20       x15=0001fd59 x15:0000ffe3 x20:0000fd76
27116251ns          473190 1c00952e 013e8eb3 add              x29, x29, x19       x29=0000ffcd x29:ffffffff x19:0000ffce
27116271ns          473191 1c009530 01270733 add              x14, x14, x18       x14=0000ff6c x14:fffffffc x18:0000ff70
27116291ns          473192 1c009532 00f49023 sh               x15, 0(x9)          x15:0001fd59  x9:1c002e6a  PA:1c002e6a
27116609ns          473208 1c009536 01161023 sh               x17, 0(x12)         x17:0000007d x12:1c002eea  PA:1c002eea
27116928ns          473224 1c00953a 01fd9023 sh               x31, 0(x27)         x31:00000023 x27:1c002efa  PA:1c002efa
27117246ns          473240 1c00953e 00df1023 sh               x13, 0(x30)         x13:0001ff5a x30:1c002e7a  PA:1c002e7a
27117564ns          473256 1c009542 01d59023 sh               x29, 0(x11)         x29:0000ffcd x11:1c002e9a  PA:1c002e9a
27117882ns          473272 1c009546 00e09023 sh               x14, 0(x1)          x14:0000ff6c  x1:1c002e8a  PA:1c002e8a
27118220ns          473289 1c00954a 01039023 sh               x16, 0(x7)          x16:0000ffe1  x7:1c002eba  PA:1c002eba
27118538ns          473305 1c00954e 00a29023 sh               x10, 0(x5)          x10:0000ffca  x5:1c002eaa  PA:1c002eaa
27118857ns          473321 1c009552 008b0b13 addi             x22, x22, 8         x22=00000115 x22:0000010d
27118877ns          473322 1c009554 1f300793 addi             x15, x0, 499        x15=000001f3
27118896ns          473323 1c009558 e767dae3 bge              x15, x22, -396      x15:000001f3 x22:00000115
27118956ns          473326 1c0093cc 010c9a0b p.lh             x20, 16(x25!)       x20=fffffed2 x25=1c0028c2 x25:1c0028b2  PA:1c0028b2
27119254ns          473341 1c0093d0 0104198b p.lh             x19, 16(x8!)        x19=ffffff53  x8=1c00208a  x8:1c00207a  PA:1c00207a
27119593ns          473358 1c0093d4 2cc10513 addi             x10, x2, 716        x10=10002fa4  x2:10002cd8
27119612ns          473359 1c0093d6 010a990b p.lh             x18, 16(x21!)       x18=fffffeca x21=1c0018b6 x21:1c0018a6  PA:1c0018a6
27119951ns          473376 1c0093da 010b948b p.lh             x9, 16(x23!)         x9=ffffff6b x23=1c0010e6 x23:1c0010d6  PA:1c0010d6
27120328ns          473395 1c0093de 2d411623 sh               x20, 716(x2)        x20:fffffed2  x2:10002cd8  PA:10002fa4
27120348ns          473396 1c0093e2 2d311723 sh               x19, 718(x2)        x19:ffffff53  x2:10002cd8  PA:10002fa6
27120368ns          473397 1c0093e6 c33ff0ef jal              x1, -974             x1=1c0093e8
27120408ns          473399 1c009018 00051803 lh               x16, 0(x10)         x16=fffffed2 x10:10002fa4  PA:10002fa4
27120428ns          473400 1c00901c 00251883 lh               x17, 2(x10)         x17=ffffff53 x10:10002fa4  PA:10002fa6
27120487ns          473403 1c009020 030806b3 mul              x13, x16, x16       x13=00016444 x16:fffffed2 x16:fffffed2
27120527ns          473405 1c009024 03188633 mul              x12, x17, x17       x12=000074e9 x17:ffffff53 x17:ffffff53
27120547ns          473406 1c009028 40a65613 srai             x12, x12, 0x40a     x12=0000001d x12:000074e9
27120567ns          473407 1c00902a 40a6d693 srai             x13, x13, 0x40a     x13=00000059 x13:00016444
27120587ns          473408 1c00902c 00c686b3 add              x13, x13, x12       x13=00000076 x13:00000059 x12:0000001d
27120607ns          473409 1c00902e 1006c633 p.exths          x12, x13, x0        x12=00000076 x13:00000076
27120627ns          473410 1c009032 00855703 lhu              x14, 8(x10)         x14=0000ffd1 x10:10002fa4  PA:10002fac
27120647ns          473411 1c009036 00a55683 lhu              x13, 10(x10)        x13=0000ff6a x10:10002fa4  PA:10002fae
27120666ns          473412 1c00903a 02c60333 mul              x6, x12, x12         x6=00003664 x12:00000076 x12:00000076
27120706ns          473414 1c00903e 00c55783 lhu              x15, 12(x10)        x15=0000ffe5 x10:10002fa4  PA:10002fb0
27120746ns          473416 1c009042 00e55583 lhu              x11, 14(x10)        x11=00000060 x10:10002fa4  PA:10002fb2
27120766ns          473417 1c009046 dea30333 p.extract        x6, x6, 15, 10       x6=0000000d  x6:00003664
27120786ns          473418 1c00904a 80c7075b p.muls           x14, x14, x12       x14=ffffea56 x14:0000ffd1 x12:00000076
27120806ns          473419 1c00904e 80c686db p.muls           x13, x13, x12       x13=ffffbadc x13:0000ff6a x12:00000076
27120826ns          473420 1c009052 00455e83 lhu              x29, 4(x10)         x29=00000427 x10:10002fa4  PA:10002fa8
27120845ns          473421 1c009056 00655e03 lhu              x28, 6(x10)         x28=0000007f x10:10002fa4  PA:10002faa
27120865ns          473422 1c00905a 40a75713 srai             x14, x14, 0x40a     x14=fffffffa x14:ffffea56
27120885ns          473423 1c00905c 806787db p.muls           x15, x15, x6        x15=fffffea1 x15:0000ffe5  x6:0000000d
27120905ns          473424 1c009060 40a6d693 srai             x13, x13, 0x40a     x13=ffffffee x13:ffffbadc
27120925ns          473425 1c009062 8065865b p.muls           x12, x11, x6        x12=000004e0 x11:00000060  x6:0000000d
27120945ns          473426 1c009066 40a7d793 srai             x15, x15, 0x40a     x15=ffffffff x15:fffffea1
27120965ns          473427 1c009068 40a65613 srai             x12, x12, 0x40a     x12=00000001 x12:000004e0
27120985ns          473428 1c00906a 01d70733 add              x14, x14, x29       x14=00000421 x14:fffffffa x29:00000427
27121005ns          473429 1c00906c 01c686b3 add              x13, x13, x28       x13=0000006d x13:ffffffee x28:0000007f
27121024ns          473430 1c00906e 00c686b3 add              x13, x13, x12       x13=0000006e x13:0000006d x12:00000001
27121044ns          473431 1c009070 00f70733 add              x14, x14, x15       x14=00000420 x14:00000421 x15:ffffffff
27121064ns          473432 1c009072 100747b3 p.exths          x15, x14, x0        x15=00000420 x14:00000420
27121084ns          473433 1c009076 1006c733 p.exths          x14, x13, x0        x14=0000006e x13:0000006e
27121104ns          473434 1c00907a 03170633 mul              x12, x14, x17       x12=ffffb5aa x14:0000006e x17:ffffff53
27121124ns          473435 1c00907e 030786b3 mul              x13, x15, x16       x13=fffb2240 x15:00000420 x16:fffffed2
27121144ns          473436 1c009082 03070733 mul              x14, x14, x16       x14=ffff7e3c x14:0000006e x16:fffffed2
27121164ns          473437 1c009086 031787b3 mul              x15, x15, x17       x15=fffd3660 x15:00000420 x17:ffffff53
27121184ns          473438 1c00908a 40a6d693 srai             x13, x13, 0x40a     x13=fffffec8 x13:fffb2240
27121203ns          473439 1c00908c 40a65613 srai             x12, x12, 0x40a     x12=ffffffed x12:ffffb5aa
27121223ns          473440 1c00908e 40a7d793 srai             x15, x15, 0x40a     x15=ffffff4d x15:fffd3660
27121243ns          473441 1c009090 40a75713 srai             x14, x14, 0x40a     x14=ffffffdf x14:ffff7e3c
27121263ns          473442 1c009092 40c686b3 sub              x13, x13, x12       x13=fffffedb x13:fffffec8 x12:ffffffed
27121283ns          473443 1c009094 00e787b3 add              x15, x15, x14       x15=ffffff2c x15:ffffff4d x14:ffffffdf
27121303ns          473444 1c009096 00d51823 sh               x13, 16(x10)        x13:fffffedb x10:10002fa4  PA:10002fb4
27121323ns          473445 1c00909a 00f51923 sh               x15, 18(x10)        x15:ffffff2c x10:10002fa4  PA:10002fb6
27121343ns          473446 1c00909e 00008067 jalr             x0, x1, 0            x1:1c0093e8
27121402ns          473449 1c0093e8 2dc15583 lhu              x11, 732(x2)        x11=0000fedb  x2:10002cd8  PA:10002fb4
27121422ns          473450 1c0093ec 2de15783 lhu              x15, 734(x2)        x15=0000ff2c  x2:10002cd8  PA:10002fb6
27121442ns          473451 1c0093f0 40b90933 sub              x18, x18, x11       x18=fffeffef x18:fffffeca x11:0000fedb
27121462ns          473452 1c0093f4 40f484b3 sub              x9, x9, x15          x9=ffff003f  x9:ffffff6b x15:0000ff2c
27121482ns          473453 1c0093f6 100945b3 p.exths          x11, x18, x0        x11=ffffffef x18:fffeffef
27121502ns          473454 1c0093fa 1004c7b3 p.exths          x15, x9, x0         x15=0000003f  x9:ffff003f
27121522ns          473455 1c0093fe 034586b3 mul              x13, x11, x20       x13=0000140e x11:ffffffef x20:fffffed2
27121542ns          473456 1c009402 03378533 mul              x10, x15, x19       x10=ffffd56d x15:0000003f x19:ffffff53
27121561ns          473457 1c009406 034a0633 mul              x12, x20, x20       x12=00016444 x20:fffffed2 x20:fffffed2
27121581ns          473458 1c00940a 03398733 mul              x14, x19, x19       x14=000074e9 x19:ffffff53 x19:ffffff53
27121601ns          473459 1c00940e 034787b3 mul              x15, x15, x20       x15=ffffb5ae x15:0000003f x20:fffffed2
27121621ns          473460 1c009412 033585b3 mul              x11, x11, x19       x11=00000b7d x11:ffffffef x19:ffffff53
27121641ns          473461 1c009416 40a75713 srai             x14, x14, 0x40a     x14=0000001d x14:000074e9
27121661ns          473462 1c009418 40a5d593 srai             x11, x11, 0x40a     x11=00000002 x11:00000b7d
27121681ns          473463 1c00941a 40a65613 srai             x12, x12, 0x40a     x12=00000059 x12:00016444
27121701ns          473464 1c00941c 40a7d793 srai             x15, x15, 0x40a     x15=ffffffed x15:ffffb5ae
27121721ns          473465 1c00941e 1c0034b7 lui              x9, 0x1c003000       x9=1c003000
27121740ns          473466 1c009422 00e60633 add              x12, x12, x14       x12=00000076 x12:00000059 x14:0000001d
27121760ns          473467 1c009424 40b787b3 sub              x15, x15, x11       x15=ffffffeb x15:ffffffed x11:00000002
27121780ns          473468 1c009426 eb048493 addi             x9, x9, -336         x9=1c002eb0  x9:1c003000
27121800ns          473469 1c00942a 1c0032b7 lui              x5, 0x1c003000       x5=1c003000
27121820ns          473470 1c00942e 1c0035b7 lui              x11, 0x1c003000     x11=1c003000
27121840ns          473471 1c009432 018483b3 add              x7, x9, x24          x7=1c002eba  x9:1c002eb0 x24:0000000a
27121860ns          473472 1c009436 02812e83 lw               x29, 40(x2)         x29=1c002eca  x2:10002cd8  PA:10002d00
27121880ns          473473 1c009438 10065633 p.exthz          x12, x12, x0        x12=00000076 x12:00000076
27121900ns          473474 1c00943c e8028293 addi             x5, x5, -384         x5=1c002e80  x5:1c003000
27121919ns          473475 1c009440 ea058593 addi             x11, x11, -352      x11=1c002ea0 x11:1c003000
27121939ns          473476 1c009444 03812483 lw               x9, 56(x2)           x9=1c002eea  x2:10002cd8  PA:10002d10
27121959ns          473477 1c009446 10064733 p.exths          x14, x12, x0        x14=00000076 x12:00000076
27121979ns          473478 1c00944a 018280b3 add              x1, x5, x24          x1=1c002e8a  x5:1c002e80 x24:0000000a
27121999ns          473479 1c00944e 03012f03 lw               x30, 48(x2)         x30=1c002eda  x2:10002cd8  PA:10002d08
27122019ns          473480 1c009450 018582b3 add              x5, x11, x24         x5=1c002eaa x11:1c002ea0 x24:0000000a
27122039ns          473481 1c009454 04012583 lw               x11, 64(x2)         x11=1c002efa  x2:10002cd8  PA:10002d18
27122059ns          473482 1c009456 000edd83 lhu              x27, 0(x29)         x27=00000d13 x29:1c002eca  PA:1c002eca
27122377ns          473498 1c00945a 0004d483 lhu              x9, 0(x9)            x9=0000007d  x9:1c002eea  PA:1c002eea
27122675ns          473513 1c00945e 02e70333 mul              x6, x14, x14         x6=00003664 x14:00000076 x14:00000076
27122695ns          473514 1c009462 40a55513 srai             x10, x10, 0x40a     x10=fffffff5 x10:ffffd56d
27122715ns          473515 1c009464 04812e83 lw               x29, 72(x2)         x29=1c002f0a  x2:10002cd8  PA:10002d20
27122735ns          473516 1c009466 40a6d693 srai             x13, x13, 0x40a     x13=00000005 x13:0000140e
27122755ns          473517 1c009468 000f5d03 lhu              x26, 0(x30)         x26=0000022d x30:1c002eda  PA:1c002eda
27123113ns          473535 1c00946c 0005d583 lhu              x11, 0(x11)         x11=00000023 x11:1c002efa  PA:1c002efa
27123431ns          473551 1c009470 40a35313 srai             x6, x6, 0x40a        x6=0000000d  x6:00003664
27123451ns          473552 1c009474 00a686b3 add              x13, x13, x10       x13=fffffffa x13:00000005 x10:fffffff5
27123471ns          473553 1c009476 05012f03 lw               x30, 80(x2)         x30=1c002e7a  x2:10002cd8  PA:10002d28
27123491ns          473554 1c009478 10034e33 p.exths          x28, x6, x0         x28=0000000d  x6:0000000d
27123510ns          473555 1c00947c 06911023 sh               x9, 96(x2)           x9:0000007d  x2:10002cd8  PA:10002d38
27123530ns          473556 1c009480 000ede83 lhu              x29, 0(x29)         x29=0000000a x29:1c002f0a  PA:1c002f0a
27123829ns          473571 1c009484 05812483 lw               x9, 88(x2)           x9=1c002e6a  x2:10002cd8  PA:10002d30
27123849ns          473572 1c009486 1006d6b3 p.exthz          x13, x13, x0        x13=0000fffa x13:fffffffa
27123868ns          473573 1c00948a 02ee08b3 mul              x17, x28, x14       x17=000005fe x28:0000000d x14:00000076
27123888ns          473574 1c00948e 1006c833 p.exths          x16, x13, x0        x16=fffffffa x13:0000fffa
27123908ns          473575 1c009492 06b11823 sh               x11, 112(x2)        x11:00000023  x2:10002cd8  PA:10002d48
27123928ns          473576 1c009496 000f5f03 lhu              x30, 0(x30)         x30=0000ff5a x30:1c002e7a  PA:1c002e7a
27124306ns          473595 1c00949a 0a012583 lw               x11, 160(x2)        x11=1c002e9a  x2:10002cd8  PA:10002d78
27124326ns          473596 1c00949c 1007d7b3 p.exthz          x15, x15, x0        x15=0000ffeb x15:ffffffeb
27124346ns          473597 1c0094a0 0004da03 lhu              x20, 0(x9)          x20=0000fd59  x9:1c002e6a  PA:1c002e6a
27124724ns          473616 1c0094a4 1007c533 p.exths          x10, x15, x0        x10=ffffffeb x15:0000ffeb
27124744ns          473617 1c0094a8 09d11023 sh               x29, 128(x2)        x29:0000000a  x2:10002cd8  PA:10002d58
27124763ns          473618 1c0094ac 0003d483 lhu              x9, 0(x7)            x9=0000ffe1  x7:1c002eba  PA:1c002eba
27125102ns          473635 1c0094b0 02e80eb3 mul              x29, x16, x14       x29=fffffd3c x16:fffffffa x14:00000076
27125121ns          473636 1c0094b4 40a8d893 srai             x17, x17, 0x40a     x17=00000001 x17:000005fe
27125141ns          473637 1c0094b8 03c80833 mul              x16, x16, x28       x16=ffffffb2 x16:fffffffa x28:0000000d
27125161ns          473638 1c0094bc 09e11823 sh               x30, 144(x2)        x30:0000ff5a  x2:10002cd8  PA:10002d68
27125181ns          473639 1c0094c0 0005d983 lhu              x19, 0(x11)         x19=0000ffcd x11:1c002e9a  PA:1c002e9a
27125479ns          473654 1c0094c4 81c88f5b p.muls           x30, x17, x28       x30=0000000d x17:00000001 x28:0000000d
27125499ns          473655 1c0094c8 0002d583 lhu              x11, 0(x5)          x11=0000ffca  x5:1c002eaa  PA:1c002eaa
27125798ns          473670 1c0094cc 03ce0fb3 mul              x31, x28, x28       x31=000000a9 x28:0000000d x28:0000000d
27125817ns          473671 1c0094d0 02e50733 mul              x14, x10, x14       x14=fffff652 x10:ffffffeb x14:00000076
27125837ns          473672 1c0094d4 40a85813 srai             x16, x16, 0x40a     x16=ffffffff x16:ffffffb2
27125857ns          473673 1c0094d8 03c50533 mul              x10, x10, x28       x10=fffffeef x10:ffffffeb x28:0000000d
27125877ns          473674 1c0094dc 07015e03 lhu              x28, 112(x2)        x28=00000023  x2:10002cd8  PA:10002d48
27125917ns          473676 1c0094e0 01b60633 add              x12, x12, x27       x12=00000d89 x12:00000076 x27:00000d13
27125937ns          473677 1c0094e2 00980833 add              x16, x16, x9        x16=0000ffe0 x16:ffffffff  x9:0000ffe1
27125957ns          473678 1c0094e4 06015d83 lhu              x27, 96(x2)         x27=0000007d  x2:10002cd8  PA:10002d38
27125977ns          473679 1c0094e8 02812483 lw               x9, 40(x2)           x9=1c002eca  x2:10002cd8  PA:10002d00
27125996ns          473680 1c0094ea 40afdf93 srai             x31, x31, 0x40a     x31=00000000 x31:000000a9
27126016ns          473681 1c0094ee 40a55513 srai             x10, x10, 0x40a     x10=ffffffff x10:fffffeef
27126036ns          473682 1c0094f0 01cf8fb3 add              x31, x31, x28       x31=00000023 x31:00000000 x28:00000023
27126056ns          473683 1c0094f2 00b50533 add              x10, x10, x11       x10=0000ffc9 x10:ffffffff x11:0000ffca
27126076ns          473684 1c0094f4 09015e03 lhu              x28, 144(x2)        x28=0000ff5a  x2:10002cd8  PA:10002d68
27126096ns          473685 1c0094f8 03012583 lw               x11, 48(x2)         x11=1c002eda  x2:10002cd8  PA:10002d08
27126116ns          473686 1c0094fa 00c49023 sh               x12, 0(x9)          x12:00000d89  x9:1c002eca  PA:1c002eca
27126454ns          473703 1c0094fe 01b888b3 add              x17, x17, x27       x17=0000007e x17:00000001 x27:0000007d
27126474ns          473704 1c009500 01a30333 add              x6, x6, x26          x6=0000023a  x6:0000000d x26:0000022d
27126494ns          473705 1c009502 08015d83 lhu              x27, 128(x2)        x27=0000000a  x2:10002cd8  PA:10002d58
27126533ns          473707 1c009506 0000d903 lhu              x18, 0(x1)          x18=0000ff6c  x1:1c002e8a  PA:1c002e8a
27126872ns          473724 1c00950a 01c686b3 add              x13, x13, x28       x13=0001ff54 x13:0000fffa x28:0000ff5a
27126891ns          473725 1c00950c 00659023 sh               x6, 0(x11)           x6:0000023a x11:1c002eda  PA:1c002eda
27127230ns          473742 1c009510 40af5f13 srai             x30, x30, 0x40a     x30=00000000 x30:0000000d
27127249ns          473743 1c009514 04812e03 lw               x28, 72(x2)         x28=1c002f0a  x2:10002cd8  PA:10002d20
27127269ns          473744 1c009516 01bf0f33 add              x30, x30, x27       x30=0000000a x30:00000000 x27:0000000a
27127289ns          473745 1c009518 40aede93 srai             x29, x29, 0x40a     x29=ffffffff x29:fffffd3c
27127309ns          473746 1c00951c 40a75713 srai             x14, x14, 0x40a     x14=fffffffd x14:fffff652
27127329ns          473747 1c00951e 03812603 lw               x12, 56(x2)         x12=1c002eea  x2:10002cd8  PA:10002d10
27127349ns          473748 1c009520 04012d83 lw               x27, 64(x2)         x27=1c002efa  x2:10002cd8  PA:10002d18
27127369ns          473749 1c009522 01ee1023 sh               x30, 0(x28)         x30:0000000a x28:1c002f0a  PA:1c002f0a
27127687ns          473765 1c009526 05812483 lw               x9, 88(x2)           x9=1c002e6a  x2:10002cd8  PA:10002d30
27127707ns          473766 1c009528 05012f03 lw               x30, 80(x2)         x30=1c002e7a  x2:10002cd8  PA:10002d28
27127727ns          473767 1c00952a 0a012583 lw               x11, 160(x2)        x11=1c002e9a  x2:10002cd8  PA:10002d78
27127747ns          473768 1c00952c 014787b3 add              x15, x15, x20       x15=0001fd44 x15:0000ffeb x20:0000fd59
27127766ns          473769 1c00952e 013e8eb3 add              x29, x29, x19       x29=0000ffcc x29:ffffffff x19:0000ffcd
27127786ns          473770 1c009530 01270733 add              x14, x14, x18       x14=0000ff69 x14:fffffffd x18:0000ff6c
27127806ns          473771 1c009532 00f49023 sh               x15, 0(x9)          x15:0001fd44  x9:1c002e6a  PA:1c002e6a
27128124ns          473787 1c009536 01161023 sh               x17, 0(x12)         x17:0000007e x12:1c002eea  PA:1c002eea
27128443ns          473803 1c00953a 01fd9023 sh               x31, 0(x27)         x31:00000023 x27:1c002efa  PA:1c002efa
27128781ns          473820 1c00953e 00df1023 sh               x13, 0(x30)         x13:0001ff54 x30:1c002e7a  PA:1c002e7a
27129099ns          473836 1c009542 01d59023 sh               x29, 0(x11)         x29:0000ffcc x11:1c002e9a  PA:1c002e9a
27129417ns          473852 1c009546 00e09023 sh               x14, 0(x1)          x14:0000ff69  x1:1c002e8a  PA:1c002e8a
27129735ns          473868 1c00954a 01039023 sh               x16, 0(x7)          x16:0000ffe0  x7:1c002eba  PA:1c002eba
27130074ns          473885 1c00954e 00a29023 sh               x10, 0(x5)          x10:0000ffc9  x5:1c002eaa  PA:1c002eaa
27130392ns          473901 1c009552 008b0b13 addi             x22, x22, 8         x22=0000011d x22:00000115
27130412ns          473902 1c009554 1f300793 addi             x15, x0, 499        x15=000001f3
27130431ns          473903 1c009558 e767dae3 bge              x15, x22, -396      x15:000001f3 x22:0000011d
27130491ns          473906 1c0093cc 010c9a0b p.lh             x20, 16(x25!)       x20=00000054 x25=1c0028d2 x25:1c0028c2  PA:1c0028c2
27130789ns          473921 1c0093d0 0104198b p.lh             x19, 16(x8!)        x19=00000030  x8=1c00209a  x8:1c00208a  PA:1c00208a
27131088ns          473936 1c0093d4 2cc10513 addi             x10, x2, 716        x10=10002fa4  x2:10002cd8
27131108ns          473937 1c0093d6 010a990b p.lh             x18, 16(x21!)       x18=00000060 x21=1c0018c6 x21:1c0018b6  PA:1c0018b6
27131486ns          473956 1c0093da 010b948b p.lh             x9, 16(x23!)         x9=00000023 x23=1c0010f6 x23:1c0010e6  PA:1c0010e6
27131784ns          473971 1c0093de 2d411623 sh               x20, 716(x2)        x20:00000054  x2:10002cd8  PA:10002fa4
27131804ns          473972 1c0093e2 2d311723 sh               x19, 718(x2)        x19:00000030  x2:10002cd8  PA:10002fa6
27131824ns          473973 1c0093e6 c33ff0ef jal              x1, -974             x1=1c0093e8
27131903ns          473977 1c009018 00051803 lh               x16, 0(x10)         x16=00000054 x10:10002fa4  PA:10002fa4
27131943ns          473979 1c00901c 00251883 lh               x17, 2(x10)         x17=00000030 x10:10002fa4  PA:10002fa6
27131963ns          473980 1c009020 030806b3 mul              x13, x16, x16       x13=00001b90 x16:00000054 x16:00000054
27131983ns          473981 1c009024 03188633 mul              x12, x17, x17       x12=00000900 x17:00000030 x17:00000030
27132003ns          473982 1c009028 40a65613 srai             x12, x12, 0x40a     x12=00000002 x12:00000900
27132023ns          473983 1c00902a 40a6d693 srai             x13, x13, 0x40a     x13=00000006 x13:00001b90
27132042ns          473984 1c00902c 00c686b3 add              x13, x13, x12       x13=00000008 x13:00000006 x12:00000002
27132062ns          473985 1c00902e 1006c633 p.exths          x12, x13, x0        x12=00000008 x13:00000008
27132082ns          473986 1c009032 00855703 lhu              x14, 8(x10)         x14=0000ffd1 x10:10002fa4  PA:10002fac
27132102ns          473987 1c009036 00a55683 lhu              x13, 10(x10)        x13=0000ff6a x10:10002fa4  PA:10002fae
27132122ns          473988 1c00903a 02c60333 mul              x6, x12, x12         x6=00000040 x12:00000008 x12:00000008
27132142ns          473989 1c00903e 00c55783 lhu              x15, 12(x10)        x15=0000ffe5 x10:10002fa4  PA:10002fb0
27132162ns          473990 1c009042 00e55583 lhu              x11, 14(x10)        x11=00000060 x10:10002fa4  PA:10002fb2
27132182ns          473991 1c009046 dea30333 p.extract        x6, x6, 15, 10       x6=00000000  x6:00000040
27132202ns          473992 1c00904a 80c7075b p.muls           x14, x14, x12       x14=fffffe88 x14:0000ffd1 x12:00000008
27132241ns          473994 1c00904e 80c686db p.muls           x13, x13, x12       x13=fffffb50 x13:0000ff6a x12:00000008
27132281ns          473996 1c009052 00455e83 lhu              x29, 4(x10)         x29=00000427 x10:10002fa4  PA:10002fa8
27132301ns          473997 1c009056 00655e03 lhu              x28, 6(x10)         x28=0000007f x10:10002fa4  PA:10002faa
27132321ns          473998 1c00905a 40a75713 srai             x14, x14, 0x40a     x14=ffffffff x14:fffffe88
27132341ns          473999 1c00905c 806787db p.muls           x15, x15, x6        x15=00000000 x15:0000ffe5  x6:00000000
27132381ns          474001 1c009060 40a6d693 srai             x13, x13, 0x40a     x13=fffffffe x13:fffffb50
27132420ns          474003 1c009062 8065865b p.muls           x12, x11, x6        x12=00000000 x11:00000060  x6:00000000
27132440ns          474004 1c009066 40a7d793 srai             x15, x15, 0x40a     x15=00000000 x15:00000000
27132460ns          474005 1c009068 40a65613 srai             x12, x12, 0x40a     x12=00000000 x12:00000000
27132480ns          474006 1c00906a 01d70733 add              x14, x14, x29       x14=00000426 x14:ffffffff x29:00000427
27132500ns          474007 1c00906c 01c686b3 add              x13, x13, x28       x13=0000007d x13:fffffffe x28:0000007f
27132520ns          474008 1c00906e 00c686b3 add              x13, x13, x12       x13=0000007d x13:0000007d x12:00000000
27132540ns          474009 1c009070 00f70733 add              x14, x14, x15       x14=00000426 x14:00000426 x15:00000000
27132560ns          474010 1c009072 100747b3 p.exths          x15, x14, x0        x15=00000426 x14:00000426
27132579ns          474011 1c009076 1006c733 p.exths          x14, x13, x0        x14=0000007d x13:0000007d
27132599ns          474012 1c00907a 03170633 mul              x12, x14, x17       x12=00001770 x14:0000007d x17:00000030
27132619ns          474013 1c00907e 030786b3 mul              x13, x15, x16       x13=00015c78 x15:00000426 x16:00000054
27132639ns          474014 1c009082 03070733 mul              x14, x14, x16       x14=00002904 x14:0000007d x16:00000054
27132659ns          474015 1c009086 031787b3 mul              x15, x15, x17       x15=0000c720 x15:00000426 x17:00000030
27132679ns          474016 1c00908a 40a6d693 srai             x13, x13, 0x40a     x13=00000057 x13:00015c78
27132699ns          474017 1c00908c 40a65613 srai             x12, x12, 0x40a     x12=00000005 x12:00001770
27132719ns          474018 1c00908e 40a7d793 srai             x15, x15, 0x40a     x15=00000031 x15:0000c720
27132738ns          474019 1c009090 40a75713 srai             x14, x14, 0x40a     x14=0000000a x14:00002904
27132758ns          474020 1c009092 40c686b3 sub              x13, x13, x12       x13=00000052 x13:00000057 x12:00000005
27132778ns          474021 1c009094 00e787b3 add              x15, x15, x14       x15=0000003b x15:00000031 x14:0000000a
27132798ns          474022 1c009096 00d51823 sh               x13, 16(x10)        x13:00000052 x10:10002fa4  PA:10002fb4
27132818ns          474023 1c00909a 00f51923 sh               x15, 18(x10)        x15:0000003b x10:10002fa4  PA:10002fb6
27132838ns          474024 1c00909e 00008067 jalr             x0, x1, 0            x1:1c0093e8
27132917ns          474028 1c0093e8 2dc15583 lhu              x11, 732(x2)        x11=00000052  x2:10002cd8  PA:10002fb4
27132937ns          474029 1c0093ec 2de15783 lhu              x15, 734(x2)        x15=0000003b  x2:10002cd8  PA:10002fb6
27132957ns          474030 1c0093f0 40b90933 sub              x18, x18, x11       x18=0000000e x18:00000060 x11:00000052
27132977ns          474031 1c0093f4 40f484b3 sub              x9, x9, x15          x9=ffffffe8  x9:00000023 x15:0000003b
27132997ns          474032 1c0093f6 100945b3 p.exths          x11, x18, x0        x11=0000000e x18:0000000e
27133017ns          474033 1c0093fa 1004c7b3 p.exths          x15, x9, x0         x15=ffffffe8  x9:ffffffe8
27133037ns          474034 1c0093fe 034586b3 mul              x13, x11, x20       x13=00000498 x11:0000000e x20:00000054
27133057ns          474035 1c009402 03378533 mul              x10, x15, x19       x10=fffffb80 x15:ffffffe8 x19:00000030
27133077ns          474036 1c009406 034a0633 mul              x12, x20, x20       x12=00001b90 x20:00000054 x20:00000054
27133096ns          474037 1c00940a 03398733 mul              x14, x19, x19       x14=00000900 x19:00000030 x19:00000030
27133116ns          474038 1c00940e 034787b3 mul              x15, x15, x20       x15=fffff820 x15:ffffffe8 x20:00000054
27133136ns          474039 1c009412 033585b3 mul              x11, x11, x19       x11=000002a0 x11:0000000e x19:00000030
27133156ns          474040 1c009416 40a75713 srai             x14, x14, 0x40a     x14=00000002 x14:00000900
27133176ns          474041 1c009418 40a5d593 srai             x11, x11, 0x40a     x11=00000000 x11:000002a0
27133196ns          474042 1c00941a 40a65613 srai             x12, x12, 0x40a     x12=00000006 x12:00001b90
27133216ns          474043 1c00941c 40a7d793 srai             x15, x15, 0x40a     x15=fffffffe x15:fffff820
27133236ns          474044 1c00941e 1c0034b7 lui              x9, 0x1c003000       x9=1c003000
27133256ns          474045 1c009422 00e60633 add              x12, x12, x14       x12=00000008 x12:00000006 x14:00000002
27133275ns          474046 1c009424 40b787b3 sub              x15, x15, x11       x15=fffffffe x15:fffffffe x11:00000000
27133295ns          474047 1c009426 eb048493 addi             x9, x9, -336         x9=1c002eb0  x9:1c003000
27133315ns          474048 1c00942a 1c0032b7 lui              x5, 0x1c003000       x5=1c003000
27133335ns          474049 1c00942e 1c0035b7 lui              x11, 0x1c003000     x11=1c003000
27133355ns          474050 1c009432 018483b3 add              x7, x9, x24          x7=1c002eba  x9:1c002eb0 x24:0000000a
27133375ns          474051 1c009436 02812e83 lw               x29, 40(x2)         x29=1c002eca  x2:10002cd8  PA:10002d00
27133395ns          474052 1c009438 10065633 p.exthz          x12, x12, x0        x12=00000008 x12:00000008
27133415ns          474053 1c00943c e8028293 addi             x5, x5, -384         x5=1c002e80  x5:1c003000
27133454ns          474055 1c009440 ea058593 addi             x11, x11, -352      x11=1c002ea0 x11:1c003000
27133494ns          474057 1c009444 03812483 lw               x9, 56(x2)           x9=1c002eea  x2:10002cd8  PA:10002d10
27133514ns          474058 1c009446 10064733 p.exths          x14, x12, x0        x14=00000008 x12:00000008
27133534ns          474059 1c00944a 018280b3 add              x1, x5, x24          x1=1c002e8a  x5:1c002e80 x24:0000000a
27133554ns          474060 1c00944e 03012f03 lw               x30, 48(x2)         x30=1c002eda  x2:10002cd8  PA:10002d08
27133594ns          474062 1c009450 018582b3 add              x5, x11, x24         x5=1c002eaa x11:1c002ea0 x24:0000000a
27133633ns          474064 1c009454 04012583 lw               x11, 64(x2)         x11=1c002efa  x2:10002cd8  PA:10002d18
27133653ns          474065 1c009456 000edd83 lhu              x27, 0(x29)         x27=00000d89 x29:1c002eca  PA:1c002eca
27133991ns          474082 1c00945a 0004d483 lhu              x9, 0(x9)            x9=0000007e  x9:1c002eea  PA:1c002eea
27134290ns          474097 1c00945e 02e70333 mul              x6, x14, x14         x6=00000040 x14:00000008 x14:00000008
27134310ns          474098 1c009462 40a55513 srai             x10, x10, 0x40a     x10=fffffffe x10:fffffb80
27134330ns          474099 1c009464 04812e83 lw               x29, 72(x2)         x29=1c002f0a  x2:10002cd8  PA:10002d20
27134349ns          474100 1c009466 40a6d693 srai             x13, x13, 0x40a     x13=00000001 x13:00000498
27134369ns          474101 1c009468 000f5d03 lhu              x26, 0(x30)         x26=0000023a x30:1c002eda  PA:1c002eda
27134688ns          474117 1c00946c 0005d583 lhu              x11, 0(x11)         x11=00000023 x11:1c002efa  PA:1c002efa
27134986ns          474132 1c009470 40a35313 srai             x6, x6, 0x40a        x6=00000000  x6:00000040
27135006ns          474133 1c009474 00a686b3 add              x13, x13, x10       x13=ffffffff x13:00000001 x10:fffffffe
27135026ns          474134 1c009476 05012f03 lw               x30, 80(x2)         x30=1c002e7a  x2:10002cd8  PA:10002d28
27135046ns          474135 1c009478 10034e33 p.exths          x28, x6, x0         x28=00000000  x6:00000000
27135065ns          474136 1c00947c 06911023 sh               x9, 96(x2)           x9:0000007e  x2:10002cd8  PA:10002d38
27135085ns          474137 1c009480 000ede83 lhu              x29, 0(x29)         x29=0000000a x29:1c002f0a  PA:1c002f0a
27135403ns          474153 1c009484 05812483 lw               x9, 88(x2)           x9=1c002e6a  x2:10002cd8  PA:10002d30
27135423ns          474154 1c009486 1006d6b3 p.exthz          x13, x13, x0        x13=0000ffff x13:ffffffff
27135443ns          474155 1c00948a 02ee08b3 mul              x17, x28, x14       x17=00000000 x28:00000000 x14:00000008
27135463ns          474156 1c00948e 1006c833 p.exths          x16, x13, x0        x16=ffffffff x13:0000ffff
27135483ns          474157 1c009492 06b11823 sh               x11, 112(x2)        x11:00000023  x2:10002cd8  PA:10002d48
27135503ns          474158 1c009496 000f5f03 lhu              x30, 0(x30)         x30=0000ff54 x30:1c002e7a  PA:1c002e7a
27135801ns          474173 1c00949a 0a012583 lw               x11, 160(x2)        x11=1c002e9a  x2:10002cd8  PA:10002d78
27135841ns          474175 1c00949c 1007d7b3 p.exthz          x15, x15, x0        x15=0000fffe x15:fffffffe
27135861ns          474176 1c0094a0 0004da03 lhu              x20, 0(x9)          x20=0000fd44  x9:1c002e6a  PA:1c002e6a
27136159ns          474191 1c0094a4 1007c533 p.exths          x10, x15, x0        x10=fffffffe x15:0000fffe
27136179ns          474192 1c0094a8 09d11023 sh               x29, 128(x2)        x29:0000000a  x2:10002cd8  PA:10002d58
27136199ns          474193 1c0094ac 0003d483 lhu              x9, 0(x7)            x9=0000ffe0  x7:1c002eba  PA:1c002eba
27136537ns          474210 1c0094b0 02e80eb3 mul              x29, x16, x14       x29=fffffff8 x16:ffffffff x14:00000008
27136557ns          474211 1c0094b4 40a8d893 srai             x17, x17, 0x40a     x17=00000000 x17:00000000
27136577ns          474212 1c0094b8 03c80833 mul              x16, x16, x28       x16=00000000 x16:ffffffff x28:00000000
27136597ns          474213 1c0094bc 09e11823 sh               x30, 144(x2)        x30:0000ff54  x2:10002cd8  PA:10002d68
27136617ns          474214 1c0094c0 0005d983 lhu              x19, 0(x11)         x19=0000ffcc x11:1c002e9a  PA:1c002e9a
27136915ns          474229 1c0094c4 81c88f5b p.muls           x30, x17, x28       x30=00000000 x17:00000000 x28:00000000
27136935ns          474230 1c0094c8 0002d583 lhu              x11, 0(x5)          x11=0000ffc9  x5:1c002eaa  PA:1c002eaa
27137273ns          474247 1c0094cc 03ce0fb3 mul              x31, x28, x28       x31=00000000 x28:00000000 x28:00000000
27137293ns          474248 1c0094d0 02e50733 mul              x14, x10, x14       x14=fffffff0 x10:fffffffe x14:00000008
27137313ns          474249 1c0094d4 40a85813 srai             x16, x16, 0x40a     x16=00000000 x16:00000000
27137333ns          474250 1c0094d8 03c50533 mul              x10, x10, x28       x10=00000000 x10:fffffffe x28:00000000
27137353ns          474251 1c0094dc 07015e03 lhu              x28, 112(x2)        x28=00000023  x2:10002cd8  PA:10002d48
27137392ns          474253 1c0094e0 01b60633 add              x12, x12, x27       x12=00000d91 x12:00000008 x27:00000d89
27137412ns          474254 1c0094e2 00980833 add              x16, x16, x9        x16=0000ffe0 x16:00000000  x9:0000ffe0
27137432ns          474255 1c0094e4 06015d83 lhu              x27, 96(x2)         x27=0000007e  x2:10002cd8  PA:10002d38
27137452ns          474256 1c0094e8 02812483 lw               x9, 40(x2)           x9=1c002eca  x2:10002cd8  PA:10002d00
27137472ns          474257 1c0094ea 40afdf93 srai             x31, x31, 0x40a     x31=00000000 x31:00000000
27137492ns          474258 1c0094ee 40a55513 srai             x10, x10, 0x40a     x10=00000000 x10:00000000
27137512ns          474259 1c0094f0 01cf8fb3 add              x31, x31, x28       x31=00000023 x31:00000000 x28:00000023
27137532ns          474260 1c0094f2 00b50533 add              x10, x10, x11       x10=0000ffc9 x10:00000000 x11:0000ffc9
27137551ns          474261 1c0094f4 09015e03 lhu              x28, 144(x2)        x28=0000ff54  x2:10002cd8  PA:10002d68
27137571ns          474262 1c0094f8 03012583 lw               x11, 48(x2)         x11=1c002eda  x2:10002cd8  PA:10002d08
27137591ns          474263 1c0094fa 00c49023 sh               x12, 0(x9)          x12:00000d91  x9:1c002eca  PA:1c002eca
27137929ns          474280 1c0094fe 01b888b3 add              x17, x17, x27       x17=0000007e x17:00000000 x27:0000007e
27137949ns          474281 1c009500 01a30333 add              x6, x6, x26          x6=0000023a  x6:00000000 x26:0000023a
27137969ns          474282 1c009502 08015d83 lhu              x27, 128(x2)        x27=0000000a  x2:10002cd8  PA:10002d58
27137989ns          474283 1c009506 0000d903 lhu              x18, 0(x1)          x18=0000ff69  x1:1c002e8a  PA:1c002e8a
27138307ns          474299 1c00950a 01c686b3 add              x13, x13, x28       x13=0001ff53 x13:0000ffff x28:0000ff54
27138327ns          474300 1c00950c 00659023 sh               x6, 0(x11)           x6:0000023a x11:1c002eda  PA:1c002eda
27138645ns          474316 1c009510 40af5f13 srai             x30, x30, 0x40a     x30=00000000 x30:00000000
27138665ns          474317 1c009514 04812e03 lw               x28, 72(x2)         x28=1c002f0a  x2:10002cd8  PA:10002d20
27138685ns          474318 1c009516 01bf0f33 add              x30, x30, x27       x30=0000000a x30:00000000 x27:0000000a
27138705ns          474319 1c009518 40aede93 srai             x29, x29, 0x40a     x29=ffffffff x29:fffffff8
27138725ns          474320 1c00951c 40a75713 srai             x14, x14, 0x40a     x14=ffffffff x14:fffffff0
27138745ns          474321 1c00951e 03812603 lw               x12, 56(x2)         x12=1c002eea  x2:10002cd8  PA:10002d10
27138765ns          474322 1c009520 04012d83 lw               x27, 64(x2)         x27=1c002efa  x2:10002cd8  PA:10002d18
27138784ns          474323 1c009522 01ee1023 sh               x30, 0(x28)         x30:0000000a x28:1c002f0a  PA:1c002f0a
27139123ns          474340 1c009526 05812483 lw               x9, 88(x2)           x9=1c002e6a  x2:10002cd8  PA:10002d30
27139142ns          474341 1c009528 05012f03 lw               x30, 80(x2)         x30=1c002e7a  x2:10002cd8  PA:10002d28
27139162ns          474342 1c00952a 0a012583 lw               x11, 160(x2)        x11=1c002e9a  x2:10002cd8  PA:10002d78
27139182ns          474343 1c00952c 014787b3 add              x15, x15, x20       x15=0001fd42 x15:0000fffe x20:0000fd44
27139202ns          474344 1c00952e 013e8eb3 add              x29, x29, x19       x29=0000ffcb x29:ffffffff x19:0000ffcc
27139222ns          474345 1c009530 01270733 add              x14, x14, x18       x14=0000ff68 x14:ffffffff x18:0000ff69
27139242ns          474346 1c009532 00f49023 sh               x15, 0(x9)          x15:0001fd42  x9:1c002e6a  PA:1c002e6a
27139560ns          474362 1c009536 01161023 sh               x17, 0(x12)         x17:0000007e x12:1c002eea  PA:1c002eea
27139898ns          474379 1c00953a 01fd9023 sh               x31, 0(x27)         x31:00000023 x27:1c002efa  PA:1c002efa
27140236ns          474396 1c00953e 00df1023 sh               x13, 0(x30)         x13:0001ff53 x30:1c002e7a  PA:1c002e7a
27140594ns          474414 1c009542 01d59023 sh               x29, 0(x11)         x29:0000ffcb x11:1c002e9a  PA:1c002e9a
27140912ns          474430 1c009546 00e09023 sh               x14, 0(x1)          x14:0000ff68  x1:1c002e8a  PA:1c002e8a
27141231ns          474446 1c00954a 01039023 sh               x16, 0(x7)          x16:0000ffe0  x7:1c002eba  PA:1c002eba
27141549ns          474462 1c00954e 00a29023 sh               x10, 0(x5)          x10:0000ffc9  x5:1c002eaa  PA:1c002eaa
27141887ns          474479 1c009552 008b0b13 addi             x22, x22, 8         x22=00000125 x22:0000011d
27141907ns          474480 1c009554 1f300793 addi             x15, x0, 499        x15=000001f3
27141927ns          474481 1c009558 e767dae3 bge              x15, x22, -396      x15:000001f3 x22:00000125
27142026ns          474486 1c0093cc 010c9a0b p.lh             x20, 16(x25!)       x20=ffffff52 x25=1c0028e2 x25:1c0028d2  PA:1c0028d2
27142344ns          474502 1c0093d0 0104198b p.lh             x19, 16(x8!)        x19=fffffe13  x8=1c0020aa  x8:1c00209a  PA:1c00209a
27142663ns          474518 1c0093d4 2cc10513 addi             x10, x2, 716        x10=10002fa4  x2:10002cd8
27142682ns          474519 1c0093d6 010a990b p.lh             x18, 16(x21!)       x18=ffffff04 x21=1c0018d6 x21:1c0018c6  PA:1c0018c6
27142981ns          474534 1c0093da 010b948b p.lh             x9, 16(x23!)         x9=fffffe34 x23=1c001106 x23:1c0010f6  PA:1c0010f6
27143299ns          474550 1c0093de 2d411623 sh               x20, 716(x2)        x20:ffffff52  x2:10002cd8  PA:10002fa4
27143319ns          474551 1c0093e2 2d311723 sh               x19, 718(x2)        x19:fffffe13  x2:10002cd8  PA:10002fa6
27143339ns          474552 1c0093e6 c33ff0ef jal              x1, -974             x1=1c0093e8
27143418ns          474556 1c009018 00051803 lh               x16, 0(x10)         x16=ffffff52 x10:10002fa4  PA:10002fa4
27143458ns          474558 1c00901c 00251883 lh               x17, 2(x10)         x17=fffffe13 x10:10002fa4  PA:10002fa6
27143518ns          474561 1c009020 030806b3 mul              x13, x16, x16       x13=00007644 x16:ffffff52 x16:ffffff52
27143558ns          474563 1c009024 03188633 mul              x12, x17, x17       x12=0003b569 x17:fffffe13 x17:fffffe13
27143577ns          474564 1c009028 40a65613 srai             x12, x12, 0x40a     x12=000000ed x12:0003b569
27143597ns          474565 1c00902a 40a6d693 srai             x13, x13, 0x40a     x13=0000001d x13:00007644
27143617ns          474566 1c00902c 00c686b3 add              x13, x13, x12       x13=0000010a x13:0000001d x12:000000ed
27143637ns          474567 1c00902e 1006c633 p.exths          x12, x13, x0        x12=0000010a x13:0000010a
27143657ns          474568 1c009032 00855703 lhu              x14, 8(x10)         x14=0000ffd1 x10:10002fa4  PA:10002fac
27143677ns          474569 1c009036 00a55683 lhu              x13, 10(x10)        x13=0000ff6a x10:10002fa4  PA:10002fae
27143697ns          474570 1c00903a 02c60333 mul              x6, x12, x12         x6=00011464 x12:0000010a x12:0000010a
27143717ns          474571 1c00903e 00c55783 lhu              x15, 12(x10)        x15=0000ffe5 x10:10002fa4  PA:10002fb0
27143737ns          474572 1c009042 00e55583 lhu              x11, 14(x10)        x11=00000060 x10:10002fa4  PA:10002fb2
27143756ns          474573 1c009046 dea30333 p.extract        x6, x6, 15, 10       x6=00000045  x6:00011464
27143776ns          474574 1c00904a 80c7075b p.muls           x14, x14, x12       x14=ffffcf2a x14:0000ffd1 x12:0000010a
27143796ns          474575 1c00904e 80c686db p.muls           x13, x13, x12       x13=ffff6424 x13:0000ff6a x12:0000010a
27143816ns          474576 1c009052 00455e83 lhu              x29, 4(x10)         x29=00000427 x10:10002fa4  PA:10002fa8
27143836ns          474577 1c009056 00655e03 lhu              x28, 6(x10)         x28=0000007f x10:10002fa4  PA:10002faa
27143856ns          474578 1c00905a 40a75713 srai             x14, x14, 0x40a     x14=fffffff3 x14:ffffcf2a
27143876ns          474579 1c00905c 806787db p.muls           x15, x15, x6        x15=fffff8b9 x15:0000ffe5  x6:00000045
27143896ns          474580 1c009060 40a6d693 srai             x13, x13, 0x40a     x13=ffffffd9 x13:ffff6424
27143916ns          474581 1c009062 8065865b p.muls           x12, x11, x6        x12=000019e0 x11:00000060  x6:00000045
27143935ns          474582 1c009066 40a7d793 srai             x15, x15, 0x40a     x15=fffffffe x15:fffff8b9
27143955ns          474583 1c009068 40a65613 srai             x12, x12, 0x40a     x12=00000006 x12:000019e0
27143975ns          474584 1c00906a 01d70733 add              x14, x14, x29       x14=0000041a x14:fffffff3 x29:00000427
27143995ns          474585 1c00906c 01c686b3 add              x13, x13, x28       x13=00000058 x13:ffffffd9 x28:0000007f
27144015ns          474586 1c00906e 00c686b3 add              x13, x13, x12       x13=0000005e x13:00000058 x12:00000006
27144035ns          474587 1c009070 00f70733 add              x14, x14, x15       x14=00000418 x14:0000041a x15:fffffffe
27144055ns          474588 1c009072 100747b3 p.exths          x15, x14, x0        x15=00000418 x14:00000418
27144075ns          474589 1c009076 1006c733 p.exths          x14, x13, x0        x14=0000005e x13:0000005e
27144095ns          474590 1c00907a 03170633 mul              x12, x14, x17       x12=ffff4afa x14:0000005e x17:fffffe13
27144114ns          474591 1c00907e 030786b3 mul              x13, x15, x16       x13=fffd37b0 x15:00000418 x16:ffffff52
27144134ns          474592 1c009082 03070733 mul              x14, x14, x16       x14=ffffc01c x14:0000005e x16:ffffff52
27144154ns          474593 1c009086 031787b3 mul              x15, x15, x17       x15=fff81dc8 x15:00000418 x17:fffffe13
27144174ns          474594 1c00908a 40a6d693 srai             x13, x13, 0x40a     x13=ffffff4d x13:fffd37b0
27144194ns          474595 1c00908c 40a65613 srai             x12, x12, 0x40a     x12=ffffffd2 x12:ffff4afa
27144214ns          474596 1c00908e 40a7d793 srai             x15, x15, 0x40a     x15=fffffe07 x15:fff81dc8
27144234ns          474597 1c009090 40a75713 srai             x14, x14, 0x40a     x14=fffffff0 x14:ffffc01c
27144254ns          474598 1c009092 40c686b3 sub              x13, x13, x12       x13=ffffff7b x13:ffffff4d x12:ffffffd2
27144274ns          474599 1c009094 00e787b3 add              x15, x15, x14       x15=fffffdf7 x15:fffffe07 x14:fffffff0
27144293ns          474600 1c009096 00d51823 sh               x13, 16(x10)        x13:ffffff7b x10:10002fa4  PA:10002fb4
27144313ns          474601 1c00909a 00f51923 sh               x15, 18(x10)        x15:fffffdf7 x10:10002fa4  PA:10002fb6
27144333ns          474602 1c00909e 00008067 jalr             x0, x1, 0            x1:1c0093e8
27144373ns          474604 1c0093e8 2dc15583 lhu              x11, 732(x2)        x11=0000ff7b  x2:10002cd8  PA:10002fb4
27144393ns          474605 1c0093ec 2de15783 lhu              x15, 734(x2)        x15=0000fdf7  x2:10002cd8  PA:10002fb6
27144413ns          474606 1c0093f0 40b90933 sub              x18, x18, x11       x18=fffeff89 x18:ffffff04 x11:0000ff7b
27144433ns          474607 1c0093f4 40f484b3 sub              x9, x9, x15          x9=ffff003d  x9:fffffe34 x15:0000fdf7
27144453ns          474608 1c0093f6 100945b3 p.exths          x11, x18, x0        x11=ffffff89 x18:fffeff89
27144472ns          474609 1c0093fa 1004c7b3 p.exths          x15, x9, x0         x15=0000003d  x9:ffff003d
27144492ns          474610 1c0093fe 034586b3 mul              x13, x11, x20       x13=000050e2 x11:ffffff89 x20:ffffff52
27144512ns          474611 1c009402 03378533 mul              x10, x15, x19       x10=ffff8a87 x15:0000003d x19:fffffe13
27144532ns          474612 1c009406 034a0633 mul              x12, x20, x20       x12=00007644 x20:ffffff52 x20:ffffff52
27144552ns          474613 1c00940a 03398733 mul              x14, x19, x19       x14=0003b569 x19:fffffe13 x19:fffffe13
27144632ns          474617 1c00940e 034787b3 mul              x15, x15, x20       x15=ffffd68a x15:0000003d x20:ffffff52
27144671ns          474619 1c009412 033585b3 mul              x11, x11, x19       x11=0000e52b x11:ffffff89 x19:fffffe13
27144691ns          474620 1c009416 40a75713 srai             x14, x14, 0x40a     x14=000000ed x14:0003b569
27144711ns          474621 1c009418 40a5d593 srai             x11, x11, 0x40a     x11=00000039 x11:0000e52b
27144731ns          474622 1c00941a 40a65613 srai             x12, x12, 0x40a     x12=0000001d x12:00007644
27144751ns          474623 1c00941c 40a7d793 srai             x15, x15, 0x40a     x15=fffffff5 x15:ffffd68a
27144771ns          474624 1c00941e 1c0034b7 lui              x9, 0x1c003000       x9=1c003000
27144791ns          474625 1c009422 00e60633 add              x12, x12, x14       x12=0000010a x12:0000001d x14:000000ed
27144811ns          474626 1c009424 40b787b3 sub              x15, x15, x11       x15=ffffffbc x15:fffffff5 x11:00000039
27144830ns          474627 1c009426 eb048493 addi             x9, x9, -336         x9=1c002eb0  x9:1c003000
27144850ns          474628 1c00942a 1c0032b7 lui              x5, 0x1c003000       x5=1c003000
27144870ns          474629 1c00942e 1c0035b7 lui              x11, 0x1c003000     x11=1c003000
27144890ns          474630 1c009432 018483b3 add              x7, x9, x24          x7=1c002eba  x9:1c002eb0 x24:0000000a
27144910ns          474631 1c009436 02812e83 lw               x29, 40(x2)         x29=1c002eca  x2:10002cd8  PA:10002d00
27144930ns          474632 1c009438 10065633 p.exthz          x12, x12, x0        x12=0000010a x12:0000010a
27144950ns          474633 1c00943c e8028293 addi             x5, x5, -384         x5=1c002e80  x5:1c003000
27144970ns          474634 1c009440 ea058593 addi             x11, x11, -352      x11=1c002ea0 x11:1c003000
27144990ns          474635 1c009444 03812483 lw               x9, 56(x2)           x9=1c002eea  x2:10002cd8  PA:10002d10
27145009ns          474636 1c009446 10064733 p.exths          x14, x12, x0        x14=0000010a x12:0000010a
27145029ns          474637 1c00944a 018280b3 add              x1, x5, x24          x1=1c002e8a  x5:1c002e80 x24:0000000a
27145049ns          474638 1c00944e 03012f03 lw               x30, 48(x2)         x30=1c002eda  x2:10002cd8  PA:10002d08
27145069ns          474639 1c009450 018582b3 add              x5, x11, x24         x5=1c002eaa x11:1c002ea0 x24:0000000a
27145089ns          474640 1c009454 04012583 lw               x11, 64(x2)         x11=1c002efa  x2:10002cd8  PA:10002d18
27145109ns          474641 1c009456 000edd83 lhu              x27, 0(x29)         x27=00000d91 x29:1c002eca  PA:1c002eca
27145407ns          474656 1c00945a 0004d483 lhu              x9, 0(x9)            x9=0000007e  x9:1c002eea  PA:1c002eea
27145705ns          474671 1c00945e 02e70333 mul              x6, x14, x14         x6=00011464 x14:0000010a x14:0000010a
27145725ns          474672 1c009462 40a55513 srai             x10, x10, 0x40a     x10=ffffffe2 x10:ffff8a87
27145745ns          474673 1c009464 04812e83 lw               x29, 72(x2)         x29=1c002f0a  x2:10002cd8  PA:10002d20
27145765ns          474674 1c009466 40a6d693 srai             x13, x13, 0x40a     x13=00000014 x13:000050e2
27145785ns          474675 1c009468 000f5d03 lhu              x26, 0(x30)         x26=0000023a x30:1c002eda  PA:1c002eda
27146103ns          474691 1c00946c 0005d583 lhu              x11, 0(x11)         x11=00000023 x11:1c002efa  PA:1c002efa
27146402ns          474706 1c009470 40a35313 srai             x6, x6, 0x40a        x6=00000045  x6:00011464
27146421ns          474707 1c009474 00a686b3 add              x13, x13, x10       x13=fffffff6 x13:00000014 x10:ffffffe2
27146441ns          474708 1c009476 05012f03 lw               x30, 80(x2)         x30=1c002e7a  x2:10002cd8  PA:10002d28
27146461ns          474709 1c009478 10034e33 p.exths          x28, x6, x0         x28=00000045  x6:00000045
27146481ns          474710 1c00947c 06911023 sh               x9, 96(x2)           x9:0000007e  x2:10002cd8  PA:10002d38
27146501ns          474711 1c009480 000ede83 lhu              x29, 0(x29)         x29=0000000a x29:1c002f0a  PA:1c002f0a
27146799ns          474726 1c009484 05812483 lw               x9, 88(x2)           x9=1c002e6a  x2:10002cd8  PA:10002d30
27146819ns          474727 1c009486 1006d6b3 p.exthz          x13, x13, x0        x13=0000fff6 x13:fffffff6
27146839ns          474728 1c00948a 02ee08b3 mul              x17, x28, x14       x17=000047b2 x28:00000045 x14:0000010a
27146859ns          474729 1c00948e 1006c833 p.exths          x16, x13, x0        x16=fffffff6 x13:0000fff6
27146879ns          474730 1c009492 06b11823 sh               x11, 112(x2)        x11:00000023  x2:10002cd8  PA:10002d48
27146899ns          474731 1c009496 000f5f03 lhu              x30, 0(x30)         x30=0000ff53 x30:1c002e7a  PA:1c002e7a
27147217ns          474747 1c00949a 0a012583 lw               x11, 160(x2)        x11=1c002e9a  x2:10002cd8  PA:10002d78
27147237ns          474748 1c00949c 1007d7b3 p.exthz          x15, x15, x0        x15=0000ffbc x15:ffffffbc
27147257ns          474749 1c0094a0 0004da03 lhu              x20, 0(x9)          x20=0000fd42  x9:1c002e6a  PA:1c002e6a
27147555ns          474764 1c0094a4 1007c533 p.exths          x10, x15, x0        x10=ffffffbc x15:0000ffbc
27147575ns          474765 1c0094a8 09d11023 sh               x29, 128(x2)        x29:0000000a  x2:10002cd8  PA:10002d58
27147595ns          474766 1c0094ac 0003d483 lhu              x9, 0(x7)            x9=0000ffe0  x7:1c002eba  PA:1c002eba
27147913ns          474782 1c0094b0 02e80eb3 mul              x29, x16, x14       x29=fffff59c x16:fffffff6 x14:0000010a
27147933ns          474783 1c0094b4 40a8d893 srai             x17, x17, 0x40a     x17=00000011 x17:000047b2
27147953ns          474784 1c0094b8 03c80833 mul              x16, x16, x28       x16=fffffd4e x16:fffffff6 x28:00000045
27147973ns          474785 1c0094bc 09e11823 sh               x30, 144(x2)        x30:0000ff53  x2:10002cd8  PA:10002d68
27147993ns          474786 1c0094c0 0005d983 lhu              x19, 0(x11)         x19=0000ffcb x11:1c002e9a  PA:1c002e9a
27148291ns          474801 1c0094c4 81c88f5b p.muls           x30, x17, x28       x30=00000495 x17:00000011 x28:00000045
27148311ns          474802 1c0094c8 0002d583 lhu              x11, 0(x5)          x11=0000ffc9  x5:1c002eaa  PA:1c002eaa
27148669ns          474820 1c0094cc 03ce0fb3 mul              x31, x28, x28       x31=00001299 x28:00000045 x28:00000045
27148689ns          474821 1c0094d0 02e50733 mul              x14, x10, x14       x14=ffffb958 x10:ffffffbc x14:0000010a
27148709ns          474822 1c0094d4 40a85813 srai             x16, x16, 0x40a     x16=ffffffff x16:fffffd4e
27148728ns          474823 1c0094d8 03c50533 mul              x10, x10, x28       x10=ffffedac x10:ffffffbc x28:00000045
27148748ns          474824 1c0094dc 07015e03 lhu              x28, 112(x2)        x28=00000023  x2:10002cd8  PA:10002d48
27148788ns          474826 1c0094e0 01b60633 add              x12, x12, x27       x12=00000e9b x12:0000010a x27:00000d91
27148808ns          474827 1c0094e2 00980833 add              x16, x16, x9        x16=0000ffdf x16:ffffffff  x9:0000ffe0
27148828ns          474828 1c0094e4 06015d83 lhu              x27, 96(x2)         x27=0000007e  x2:10002cd8  PA:10002d38
27148848ns          474829 1c0094e8 02812483 lw               x9, 40(x2)           x9=1c002eca  x2:10002cd8  PA:10002d00
27148868ns          474830 1c0094ea 40afdf93 srai             x31, x31, 0x40a     x31=00000004 x31:00001299
27148888ns          474831 1c0094ee 40a55513 srai             x10, x10, 0x40a     x10=fffffffb x10:ffffedac
27148907ns          474832 1c0094f0 01cf8fb3 add              x31, x31, x28       x31=00000027 x31:00000004 x28:00000023
27148927ns          474833 1c0094f2 00b50533 add              x10, x10, x11       x10=0000ffc4 x10:fffffffb x11:0000ffc9
27148947ns          474834 1c0094f4 09015e03 lhu              x28, 144(x2)        x28=0000ff53  x2:10002cd8  PA:10002d68
27148967ns          474835 1c0094f8 03012583 lw               x11, 48(x2)         x11=1c002eda  x2:10002cd8  PA:10002d08
27148987ns          474836 1c0094fa 00c49023 sh               x12, 0(x9)          x12:00000e9b  x9:1c002eca  PA:1c002eca
27149325ns          474853 1c0094fe 01b888b3 add              x17, x17, x27       x17=0000008f x17:00000011 x27:0000007e
27149345ns          474854 1c009500 01a30333 add              x6, x6, x26          x6=0000027f  x6:00000045 x26:0000023a
27149365ns          474855 1c009502 08015d83 lhu              x27, 128(x2)        x27=0000000a  x2:10002cd8  PA:10002d58
27149385ns          474856 1c009506 0000d903 lhu              x18, 0(x1)          x18=0000ff68  x1:1c002e8a  PA:1c002e8a
27149683ns          474871 1c00950a 01c686b3 add              x13, x13, x28       x13=0001ff49 x13:0000fff6 x28:0000ff53
27149703ns          474872 1c00950c 00659023 sh               x6, 0(x11)           x6:0000027f x11:1c002eda  PA:1c002eda
27150061ns          474890 1c009510 40af5f13 srai             x30, x30, 0x40a     x30=00000001 x30:00000495
27150081ns          474891 1c009514 04812e03 lw               x28, 72(x2)         x28=1c002f0a  x2:10002cd8  PA:10002d20
27150101ns          474892 1c009516 01bf0f33 add              x30, x30, x27       x30=0000000b x30:00000001 x27:0000000a
27150121ns          474893 1c009518 40aede93 srai             x29, x29, 0x40a     x29=fffffffd x29:fffff59c
27150140ns          474894 1c00951c 40a75713 srai             x14, x14, 0x40a     x14=ffffffee x14:ffffb958
27150160ns          474895 1c00951e 03812603 lw               x12, 56(x2)         x12=1c002eea  x2:10002cd8  PA:10002d10
27150180ns          474896 1c009520 04012d83 lw               x27, 64(x2)         x27=1c002efa  x2:10002cd8  PA:10002d18
27150200ns          474897 1c009522 01ee1023 sh               x30, 0(x28)         x30:0000000b x28:1c002f0a  PA:1c002f0a
27150518ns          474913 1c009526 05812483 lw               x9, 88(x2)           x9=1c002e6a  x2:10002cd8  PA:10002d30
27150538ns          474914 1c009528 05012f03 lw               x30, 80(x2)         x30=1c002e7a  x2:10002cd8  PA:10002d28
27150558ns          474915 1c00952a 0a012583 lw               x11, 160(x2)        x11=1c002e9a  x2:10002cd8  PA:10002d78
27150578ns          474916 1c00952c 014787b3 add              x15, x15, x20       x15=0001fcfe x15:0000ffbc x20:0000fd42
27150598ns          474917 1c00952e 013e8eb3 add              x29, x29, x19       x29=0000ffc8 x29:fffffffd x19:0000ffcb
27150618ns          474918 1c009530 01270733 add              x14, x14, x18       x14=0000ff56 x14:ffffffee x18:0000ff68
27150638ns          474919 1c009532 00f49023 sh               x15, 0(x9)          x15:0001fcfe  x9:1c002e6a  PA:1c002e6a
27150956ns          474935 1c009536 01161023 sh               x17, 0(x12)         x17:0000008f x12:1c002eea  PA:1c002eea
27151274ns          474951 1c00953a 01fd9023 sh               x31, 0(x27)         x31:00000027 x27:1c002efa  PA:1c002efa
27151612ns          474968 1c00953e 00df1023 sh               x13, 0(x30)         x13:0001ff49 x30:1c002e7a  PA:1c002e7a
27151930ns          474984 1c009542 01d59023 sh               x29, 0(x11)         x29:0000ffc8 x11:1c002e9a  PA:1c002e9a
27152249ns          475000 1c009546 00e09023 sh               x14, 0(x1)          x14:0000ff56  x1:1c002e8a  PA:1c002e8a
27152587ns          475017 1c00954a 01039023 sh               x16, 0(x7)          x16:0000ffdf  x7:1c002eba  PA:1c002eba
27152905ns          475033 1c00954e 00a29023 sh               x10, 0(x5)          x10:0000ffc4  x5:1c002eaa  PA:1c002eaa
27153223ns          475049 1c009552 008b0b13 addi             x22, x22, 8         x22=0000012d x22:00000125
27153243ns          475050 1c009554 1f300793 addi             x15, x0, 499        x15=000001f3
27153263ns          475051 1c009558 e767dae3 bge              x15, x22, -396      x15:000001f3 x22:0000012d
27153323ns          475054 1c0093cc 010c9a0b p.lh             x20, 16(x25!)       x20=0000004a x25=1c0028f2 x25:1c0028e2  PA:1c0028e2
27153661ns          475071 1c0093d0 0104198b p.lh             x19, 16(x8!)        x19=00000059  x8=1c0020ba  x8:1c0020aa  PA:1c0020aa
27153959ns          475086 1c0093d4 2cc10513 addi             x10, x2, 716        x10=10002fa4  x2:10002cd8
27153979ns          475087 1c0093d6 010a990b p.lh             x18, 16(x21!)       x18=0000005e x21=1c0018e6 x21:1c0018d6  PA:1c0018d6
27154277ns          475102 1c0093da 010b948b p.lh             x9, 16(x23!)         x9=00000059 x23=1c001116 x23:1c001106  PA:1c001106
27154595ns          475118 1c0093de 2d411623 sh               x20, 716(x2)        x20:0000004a  x2:10002cd8  PA:10002fa4
27154615ns          475119 1c0093e2 2d311723 sh               x19, 718(x2)        x19:00000059  x2:10002cd8  PA:10002fa6
27154635ns          475120 1c0093e6 c33ff0ef jal              x1, -974             x1=1c0093e8
27154675ns          475122 1c009018 00051803 lh               x16, 0(x10)         x16=0000004a x10:10002fa4  PA:10002fa4
27154695ns          475123 1c00901c 00251883 lh               x17, 2(x10)         x17=00000059 x10:10002fa4  PA:10002fa6
27154715ns          475124 1c009020 030806b3 mul              x13, x16, x16       x13=00001564 x16:0000004a x16:0000004a
27154735ns          475125 1c009024 03188633 mul              x12, x17, x17       x12=00001ef1 x17:00000059 x17:00000059
27154755ns          475126 1c009028 40a65613 srai             x12, x12, 0x40a     x12=00000007 x12:00001ef1
27154774ns          475127 1c00902a 40a6d693 srai             x13, x13, 0x40a     x13=00000005 x13:00001564
27154794ns          475128 1c00902c 00c686b3 add              x13, x13, x12       x13=0000000c x13:00000005 x12:00000007
27154814ns          475129 1c00902e 1006c633 p.exths          x12, x13, x0        x12=0000000c x13:0000000c
27154834ns          475130 1c009032 00855703 lhu              x14, 8(x10)         x14=0000ffd1 x10:10002fa4  PA:10002fac
27154854ns          475131 1c009036 00a55683 lhu              x13, 10(x10)        x13=0000ff6a x10:10002fa4  PA:10002fae
27154874ns          475132 1c00903a 02c60333 mul              x6, x12, x12         x6=00000090 x12:0000000c x12:0000000c
27154894ns          475133 1c00903e 00c55783 lhu              x15, 12(x10)        x15=0000ffe5 x10:10002fa4  PA:10002fb0
27154914ns          475134 1c009042 00e55583 lhu              x11, 14(x10)        x11=00000060 x10:10002fa4  PA:10002fb2
27154934ns          475135 1c009046 dea30333 p.extract        x6, x6, 15, 10       x6=00000000  x6:00000090
27154953ns          475136 1c00904a 80c7075b p.muls           x14, x14, x12       x14=fffffdcc x14:0000ffd1 x12:0000000c
27154973ns          475137 1c00904e 80c686db p.muls           x13, x13, x12       x13=fffff8f8 x13:0000ff6a x12:0000000c
27154993ns          475138 1c009052 00455e83 lhu              x29, 4(x10)         x29=00000427 x10:10002fa4  PA:10002fa8
27155013ns          475139 1c009056 00655e03 lhu              x28, 6(x10)         x28=0000007f x10:10002fa4  PA:10002faa
27155033ns          475140 1c00905a 40a75713 srai             x14, x14, 0x40a     x14=ffffffff x14:fffffdcc
27155053ns          475141 1c00905c 806787db p.muls           x15, x15, x6        x15=00000000 x15:0000ffe5  x6:00000000
27155073ns          475142 1c009060 40a6d693 srai             x13, x13, 0x40a     x13=fffffffe x13:fffff8f8
27155093ns          475143 1c009062 8065865b p.muls           x12, x11, x6        x12=00000000 x11:00000060  x6:00000000
27155112ns          475144 1c009066 40a7d793 srai             x15, x15, 0x40a     x15=00000000 x15:00000000
27155132ns          475145 1c009068 40a65613 srai             x12, x12, 0x40a     x12=00000000 x12:00000000
27155152ns          475146 1c00906a 01d70733 add              x14, x14, x29       x14=00000426 x14:ffffffff x29:00000427
27155172ns          475147 1c00906c 01c686b3 add              x13, x13, x28       x13=0000007d x13:fffffffe x28:0000007f
27155192ns          475148 1c00906e 00c686b3 add              x13, x13, x12       x13=0000007d x13:0000007d x12:00000000
27155212ns          475149 1c009070 00f70733 add              x14, x14, x15       x14=00000426 x14:00000426 x15:00000000
27155232ns          475150 1c009072 100747b3 p.exths          x15, x14, x0        x15=00000426 x14:00000426
27155252ns          475151 1c009076 1006c733 p.exths          x14, x13, x0        x14=0000007d x13:0000007d
27155272ns          475152 1c00907a 03170633 mul              x12, x14, x17       x12=00002b75 x14:0000007d x17:00000059
27155291ns          475153 1c00907e 030786b3 mul              x13, x15, x16       x13=000132fc x15:00000426 x16:0000004a
27155311ns          475154 1c009082 03070733 mul              x14, x14, x16       x14=00002422 x14:0000007d x16:0000004a
27155331ns          475155 1c009086 031787b3 mul              x15, x15, x17       x15=00017136 x15:00000426 x17:00000059
27155351ns          475156 1c00908a 40a6d693 srai             x13, x13, 0x40a     x13=0000004c x13:000132fc
27155371ns          475157 1c00908c 40a65613 srai             x12, x12, 0x40a     x12=0000000a x12:00002b75
27155391ns          475158 1c00908e 40a7d793 srai             x15, x15, 0x40a     x15=0000005c x15:00017136
27155411ns          475159 1c009090 40a75713 srai             x14, x14, 0x40a     x14=00000009 x14:00002422
27155431ns          475160 1c009092 40c686b3 sub              x13, x13, x12       x13=00000042 x13:0000004c x12:0000000a
27155451ns          475161 1c009094 00e787b3 add              x15, x15, x14       x15=00000065 x15:0000005c x14:00000009
27155470ns          475162 1c009096 00d51823 sh               x13, 16(x10)        x13:00000042 x10:10002fa4  PA:10002fb4
27155490ns          475163 1c00909a 00f51923 sh               x15, 18(x10)        x15:00000065 x10:10002fa4  PA:10002fb6
27155510ns          475164 1c00909e 00008067 jalr             x0, x1, 0            x1:1c0093e8
27155590ns          475168 1c0093e8 2dc15583 lhu              x11, 732(x2)        x11=00000042  x2:10002cd8  PA:10002fb4
27155610ns          475169 1c0093ec 2de15783 lhu              x15, 734(x2)        x15=00000065  x2:10002cd8  PA:10002fb6
27155630ns          475170 1c0093f0 40b90933 sub              x18, x18, x11       x18=0000001c x18:0000005e x11:00000042
27155649ns          475171 1c0093f4 40f484b3 sub              x9, x9, x15          x9=fffffff4  x9:00000059 x15:00000065
27155669ns          475172 1c0093f6 100945b3 p.exths          x11, x18, x0        x11=0000001c x18:0000001c
27155689ns          475173 1c0093fa 1004c7b3 p.exths          x15, x9, x0         x15=fffffff4  x9:fffffff4
27155709ns          475174 1c0093fe 034586b3 mul              x13, x11, x20       x13=00000818 x11:0000001c x20:0000004a
27155729ns          475175 1c009402 03378533 mul              x10, x15, x19       x10=fffffbd4 x15:fffffff4 x19:00000059
27155749ns          475176 1c009406 034a0633 mul              x12, x20, x20       x12=00001564 x20:0000004a x20:0000004a
27155769ns          475177 1c00940a 03398733 mul              x14, x19, x19       x14=00001ef1 x19:00000059 x19:00000059
27155828ns          475180 1c00940e 034787b3 mul              x15, x15, x20       x15=fffffc88 x15:fffffff4 x20:0000004a
27155868ns          475182 1c009412 033585b3 mul              x11, x11, x19       x11=000009bc x11:0000001c x19:00000059
27155888ns          475183 1c009416 40a75713 srai             x14, x14, 0x40a     x14=00000007 x14:00001ef1
27155908ns          475184 1c009418 40a5d593 srai             x11, x11, 0x40a     x11=00000002 x11:000009bc
27155928ns          475185 1c00941a 40a65613 srai             x12, x12, 0x40a     x12=00000005 x12:00001564
27155948ns          475186 1c00941c 40a7d793 srai             x15, x15, 0x40a     x15=ffffffff x15:fffffc88
27155968ns          475187 1c00941e 1c0034b7 lui              x9, 0x1c003000       x9=1c003000
27155988ns          475188 1c009422 00e60633 add              x12, x12, x14       x12=0000000c x12:00000005 x14:00000007
27156007ns          475189 1c009424 40b787b3 sub              x15, x15, x11       x15=fffffffd x15:ffffffff x11:00000002
27156027ns          475190 1c009426 eb048493 addi             x9, x9, -336         x9=1c002eb0  x9:1c003000
27156047ns          475191 1c00942a 1c0032b7 lui              x5, 0x1c003000       x5=1c003000
27156067ns          475192 1c00942e 1c0035b7 lui              x11, 0x1c003000     x11=1c003000
27156087ns          475193 1c009432 018483b3 add              x7, x9, x24          x7=1c002eba  x9:1c002eb0 x24:0000000a
27156107ns          475194 1c009436 02812e83 lw               x29, 40(x2)         x29=1c002eca  x2:10002cd8  PA:10002d00
27156127ns          475195 1c009438 10065633 p.exthz          x12, x12, x0        x12=0000000c x12:0000000c
27156147ns          475196 1c00943c e8028293 addi             x5, x5, -384         x5=1c002e80  x5:1c003000
27156186ns          475198 1c009440 ea058593 addi             x11, x11, -352      x11=1c002ea0 x11:1c003000
27156226ns          475200 1c009444 03812483 lw               x9, 56(x2)           x9=1c002eea  x2:10002cd8  PA:10002d10
27156246ns          475201 1c009446 10064733 p.exths          x14, x12, x0        x14=0000000c x12:0000000c
27156266ns          475202 1c00944a 018280b3 add              x1, x5, x24          x1=1c002e8a  x5:1c002e80 x24:0000000a
27156286ns          475203 1c00944e 03012f03 lw               x30, 48(x2)         x30=1c002eda  x2:10002cd8  PA:10002d08
27156326ns          475205 1c009450 018582b3 add              x5, x11, x24         x5=1c002eaa x11:1c002ea0 x24:0000000a
27156365ns          475207 1c009454 04012583 lw               x11, 64(x2)         x11=1c002efa  x2:10002cd8  PA:10002d18
27156385ns          475208 1c009456 000edd83 lhu              x27, 0(x29)         x27=00000e9b x29:1c002eca  PA:1c002eca
27156684ns          475223 1c00945a 0004d483 lhu              x9, 0(x9)            x9=0000008f  x9:1c002eea  PA:1c002eea
27157002ns          475239 1c00945e 02e70333 mul              x6, x14, x14         x6=00000090 x14:0000000c x14:0000000c
27157022ns          475240 1c009462 40a55513 srai             x10, x10, 0x40a     x10=fffffffe x10:fffffbd4
27157042ns          475241 1c009464 04812e83 lw               x29, 72(x2)         x29=1c002f0a  x2:10002cd8  PA:10002d20
27157062ns          475242 1c009466 40a6d693 srai             x13, x13, 0x40a     x13=00000002 x13:00000818
27157081ns          475243 1c009468 000f5d03 lhu              x26, 0(x30)         x26=0000027f x30:1c002eda  PA:1c002eda
27157459ns          475262 1c00946c 0005d583 lhu              x11, 0(x11)         x11=00000027 x11:1c002efa  PA:1c002efa
27157777ns          475278 1c009470 40a35313 srai             x6, x6, 0x40a        x6=00000000  x6:00000090
27157797ns          475279 1c009474 00a686b3 add              x13, x13, x10       x13=00000000 x13:00000002 x10:fffffffe
27157817ns          475280 1c009476 05012f03 lw               x30, 80(x2)         x30=1c002e7a  x2:10002cd8  PA:10002d28
27157837ns          475281 1c009478 10034e33 p.exths          x28, x6, x0         x28=00000000  x6:00000000
27157857ns          475282 1c00947c 06911023 sh               x9, 96(x2)           x9:0000008f  x2:10002cd8  PA:10002d38
27157877ns          475283 1c009480 000ede83 lhu              x29, 0(x29)         x29=0000000b x29:1c002f0a  PA:1c002f0a
27158175ns          475298 1c009484 05812483 lw               x9, 88(x2)           x9=1c002e6a  x2:10002cd8  PA:10002d30
27158195ns          475299 1c009486 1006d6b3 p.exthz          x13, x13, x0        x13=00000000 x13:00000000
27158215ns          475300 1c00948a 02ee08b3 mul              x17, x28, x14       x17=00000000 x28:00000000 x14:0000000c
27158235ns          475301 1c00948e 1006c833 p.exths          x16, x13, x0        x16=00000000 x13:00000000
27158255ns          475302 1c009492 06b11823 sh               x11, 112(x2)        x11:00000027  x2:10002cd8  PA:10002d48
27158275ns          475303 1c009496 000f5f03 lhu              x30, 0(x30)         x30=0000ff49 x30:1c002e7a  PA:1c002e7a
27158593ns          475319 1c00949a 0a012583 lw               x11, 160(x2)        x11=1c002e9a  x2:10002cd8  PA:10002d78
27158633ns          475321 1c00949c 1007d7b3 p.exthz          x15, x15, x0        x15=0000fffd x15:fffffffd
27158653ns          475322 1c0094a0 0004da03 lhu              x20, 0(x9)          x20=0000fcfe  x9:1c002e6a  PA:1c002e6a
27158971ns          475338 1c0094a4 1007c533 p.exths          x10, x15, x0        x10=fffffffd x15:0000fffd
27158991ns          475339 1c0094a8 09d11023 sh               x29, 128(x2)        x29:0000000b  x2:10002cd8  PA:10002d58
27159011ns          475340 1c0094ac 0003d483 lhu              x9, 0(x7)            x9=0000ffdf  x7:1c002eba  PA:1c002eba
27159428ns          475361 1c0094b0 02e80eb3 mul              x29, x16, x14       x29=00000000 x16:00000000 x14:0000000c
27159448ns          475362 1c0094b4 40a8d893 srai             x17, x17, 0x40a     x17=00000000 x17:00000000
27159468ns          475363 1c0094b8 03c80833 mul              x16, x16, x28       x16=00000000 x16:00000000 x28:00000000
27159488ns          475364 1c0094bc 09e11823 sh               x30, 144(x2)        x30:0000ff49  x2:10002cd8  PA:10002d68
27159508ns          475365 1c0094c0 0005d983 lhu              x19, 0(x11)         x19=0000ffc8 x11:1c002e9a  PA:1c002e9a
27159806ns          475380 1c0094c4 81c88f5b p.muls           x30, x17, x28       x30=00000000 x17:00000000 x28:00000000
27159826ns          475381 1c0094c8 0002d583 lhu              x11, 0(x5)          x11=0000ffc4  x5:1c002eaa  PA:1c002eaa
27160124ns          475396 1c0094cc 03ce0fb3 mul              x31, x28, x28       x31=00000000 x28:00000000 x28:00000000
27160144ns          475397 1c0094d0 02e50733 mul              x14, x10, x14       x14=ffffffdc x10:fffffffd x14:0000000c
27160164ns          475398 1c0094d4 40a85813 srai             x16, x16, 0x40a     x16=00000000 x16:00000000
27160184ns          475399 1c0094d8 03c50533 mul              x10, x10, x28       x10=00000000 x10:fffffffd x28:00000000
27160204ns          475400 1c0094dc 07015e03 lhu              x28, 112(x2)        x28=00000027  x2:10002cd8  PA:10002d48
27160224ns          475401 1c0094e0 01b60633 add              x12, x12, x27       x12=00000ea7 x12:0000000c x27:00000e9b
27160244ns          475402 1c0094e2 00980833 add              x16, x16, x9        x16=0000ffdf x16:00000000  x9:0000ffdf
27160263ns          475403 1c0094e4 06015d83 lhu              x27, 96(x2)         x27=0000008f  x2:10002cd8  PA:10002d38
27160283ns          475404 1c0094e8 02812483 lw               x9, 40(x2)           x9=1c002eca  x2:10002cd8  PA:10002d00
27160303ns          475405 1c0094ea 40afdf93 srai             x31, x31, 0x40a     x31=00000000 x31:00000000
27160323ns          475406 1c0094ee 40a55513 srai             x10, x10, 0x40a     x10=00000000 x10:00000000
27160343ns          475407 1c0094f0 01cf8fb3 add              x31, x31, x28       x31=00000027 x31:00000000 x28:00000027
27160363ns          475408 1c0094f2 00b50533 add              x10, x10, x11       x10=0000ffc4 x10:00000000 x11:0000ffc4
27160383ns          475409 1c0094f4 09015e03 lhu              x28, 144(x2)        x28=0000ff49  x2:10002cd8  PA:10002d68
27160403ns          475410 1c0094f8 03012583 lw               x11, 48(x2)         x11=1c002eda  x2:10002cd8  PA:10002d08
27160423ns          475411 1c0094fa 00c49023 sh               x12, 0(x9)          x12:00000ea7  x9:1c002eca  PA:1c002eca
27160741ns          475427 1c0094fe 01b888b3 add              x17, x17, x27       x17=0000008f x17:00000000 x27:0000008f
27160761ns          475428 1c009500 01a30333 add              x6, x6, x26          x6=0000027f  x6:00000000 x26:0000027f
27160781ns          475429 1c009502 08015d83 lhu              x27, 128(x2)        x27=0000000b  x2:10002cd8  PA:10002d58
27160800ns          475430 1c009506 0000d903 lhu              x18, 0(x1)          x18=0000ff56  x1:1c002e8a  PA:1c002e8a
27161099ns          475445 1c00950a 01c686b3 add              x13, x13, x28       x13=0000ff49 x13:00000000 x28:0000ff49
27161119ns          475446 1c00950c 00659023 sh               x6, 0(x11)           x6:0000027f x11:1c002eda  PA:1c002eda
27161457ns          475463 1c009510 40af5f13 srai             x30, x30, 0x40a     x30=00000000 x30:00000000
27161477ns          475464 1c009514 04812e03 lw               x28, 72(x2)         x28=1c002f0a  x2:10002cd8  PA:10002d20
27161497ns          475465 1c009516 01bf0f33 add              x30, x30, x27       x30=0000000b x30:00000000 x27:0000000b
27161516ns          475466 1c009518 40aede93 srai             x29, x29, 0x40a     x29=00000000 x29:00000000
27161536ns          475467 1c00951c 40a75713 srai             x14, x14, 0x40a     x14=ffffffff x14:ffffffdc
27161556ns          475468 1c00951e 03812603 lw               x12, 56(x2)         x12=1c002eea  x2:10002cd8  PA:10002d10
27161576ns          475469 1c009520 04012d83 lw               x27, 64(x2)         x27=1c002efa  x2:10002cd8  PA:10002d18
27161596ns          475470 1c009522 01ee1023 sh               x30, 0(x28)         x30:0000000b x28:1c002f0a  PA:1c002f0a
27161914ns          475486 1c009526 05812483 lw               x9, 88(x2)           x9=1c002e6a  x2:10002cd8  PA:10002d30
27161934ns          475487 1c009528 05012f03 lw               x30, 80(x2)         x30=1c002e7a  x2:10002cd8  PA:10002d28
27161954ns          475488 1c00952a 0a012583 lw               x11, 160(x2)        x11=1c002e9a  x2:10002cd8  PA:10002d78
27161974ns          475489 1c00952c 014787b3 add              x15, x15, x20       x15=0001fcfb x15:0000fffd x20:0000fcfe
27161994ns          475490 1c00952e 013e8eb3 add              x29, x29, x19       x29=0000ffc8 x29:00000000 x19:0000ffc8
27162014ns          475491 1c009530 01270733 add              x14, x14, x18       x14=0000ff55 x14:ffffffff x18:0000ff56
27162034ns          475492 1c009532 00f49023 sh               x15, 0(x9)          x15:0001fcfb  x9:1c002e6a  PA:1c002e6a
27162352ns          475508 1c009536 01161023 sh               x17, 0(x12)         x17:0000008f x12:1c002eea  PA:1c002eea
27162670ns          475524 1c00953a 01fd9023 sh               x31, 0(x27)         x31:00000027 x27:1c002efa  PA:1c002efa
27162988ns          475540 1c00953e 00df1023 sh               x13, 0(x30)         x13:0000ff49 x30:1c002e7a  PA:1c002e7a
27163306ns          475556 1c009542 01d59023 sh               x29, 0(x11)         x29:0000ffc8 x11:1c002e9a  PA:1c002e9a
27163625ns          475572 1c009546 00e09023 sh               x14, 0(x1)          x14:0000ff55  x1:1c002e8a  PA:1c002e8a
27163943ns          475588 1c00954a 01039023 sh               x16, 0(x7)          x16:0000ffdf  x7:1c002eba  PA:1c002eba
27164261ns          475604 1c00954e 00a29023 sh               x10, 0(x5)          x10:0000ffc4  x5:1c002eaa  PA:1c002eaa
27164639ns          475623 1c009552 008b0b13 addi             x22, x22, 8         x22=00000135 x22:0000012d
27164659ns          475624 1c009554 1f300793 addi             x15, x0, 499        x15=000001f3
27164679ns          475625 1c009558 e767dae3 bge              x15, x22, -396      x15:000001f3 x22:00000135
27164778ns          475630 1c0093cc 010c9a0b p.lh             x20, 16(x25!)       x20=ffffff04 x25=1c002902 x25:1c0028f2  PA:1c0028f2
27165136ns          475648 1c0093d0 0104198b p.lh             x19, 16(x8!)        x19=000000be  x8=1c0020ca  x8:1c0020ba  PA:1c0020ba
27165454ns          475664 1c0093d4 2cc10513 addi             x10, x2, 716        x10=10002fa4  x2:10002cd8
27165474ns          475665 1c0093d6 010a990b p.lh             x18, 16(x21!)       x18=ffffff0f x21=1c0018f6 x21:1c0018e6  PA:1c0018e6
27165792ns          475681 1c0093da 010b948b p.lh             x9, 16(x23!)         x9=000000cf x23=1c001126 x23:1c001116  PA:1c001116
27166111ns          475697 1c0093de 2d411623 sh               x20, 716(x2)        x20:ffffff04  x2:10002cd8  PA:10002fa4
27166130ns          475698 1c0093e2 2d311723 sh               x19, 718(x2)        x19:000000be  x2:10002cd8  PA:10002fa6
27166150ns          475699 1c0093e6 c33ff0ef jal              x1, -974             x1=1c0093e8
27166190ns          475701 1c009018 00051803 lh               x16, 0(x10)         x16=ffffff04 x10:10002fa4  PA:10002fa4
27166210ns          475702 1c00901c 00251883 lh               x17, 2(x10)         x17=000000be x10:10002fa4  PA:10002fa6
27166230ns          475703 1c009020 030806b3 mul              x13, x16, x16       x13=0000f810 x16:ffffff04 x16:ffffff04
27166250ns          475704 1c009024 03188633 mul              x12, x17, x17       x12=00008d04 x17:000000be x17:000000be
27166270ns          475705 1c009028 40a65613 srai             x12, x12, 0x40a     x12=00000023 x12:00008d04
27166290ns          475706 1c00902a 40a6d693 srai             x13, x13, 0x40a     x13=0000003e x13:0000f810
27166309ns          475707 1c00902c 00c686b3 add              x13, x13, x12       x13=00000061 x13:0000003e x12:00000023
27166329ns          475708 1c00902e 1006c633 p.exths          x12, x13, x0        x12=00000061 x13:00000061
27166349ns          475709 1c009032 00855703 lhu              x14, 8(x10)         x14=0000ffd1 x10:10002fa4  PA:10002fac
27166369ns          475710 1c009036 00a55683 lhu              x13, 10(x10)        x13=0000ff6a x10:10002fa4  PA:10002fae
27166389ns          475711 1c00903a 02c60333 mul              x6, x12, x12         x6=000024c1 x12:00000061 x12:00000061
27166409ns          475712 1c00903e 00c55783 lhu              x15, 12(x10)        x15=0000ffe5 x10:10002fa4  PA:10002fb0
27166429ns          475713 1c009042 00e55583 lhu              x11, 14(x10)        x11=00000060 x10:10002fa4  PA:10002fb2
27166449ns          475714 1c009046 dea30333 p.extract        x6, x6, 15, 10       x6=00000009  x6:000024c1
27166469ns          475715 1c00904a 80c7075b p.muls           x14, x14, x12       x14=ffffee31 x14:0000ffd1 x12:00000061
27166508ns          475717 1c00904e 80c686db p.muls           x13, x13, x12       x13=ffffc72a x13:0000ff6a x12:00000061
27166548ns          475719 1c009052 00455e83 lhu              x29, 4(x10)         x29=00000427 x10:10002fa4  PA:10002fa8
27166568ns          475720 1c009056 00655e03 lhu              x28, 6(x10)         x28=0000007f x10:10002fa4  PA:10002faa
27166588ns          475721 1c00905a 40a75713 srai             x14, x14, 0x40a     x14=fffffffb x14:ffffee31
27166608ns          475722 1c00905c 806787db p.muls           x15, x15, x6        x15=ffffff0d x15:0000ffe5  x6:00000009
27166628ns          475723 1c009060 40a6d693 srai             x13, x13, 0x40a     x13=fffffff1 x13:ffffc72a
27166648ns          475724 1c009062 8065865b p.muls           x12, x11, x6        x12=00000360 x11:00000060  x6:00000009
27166667ns          475725 1c009066 40a7d793 srai             x15, x15, 0x40a     x15=ffffffff x15:ffffff0d
27166687ns          475726 1c009068 40a65613 srai             x12, x12, 0x40a     x12=00000000 x12:00000360
27166707ns          475727 1c00906a 01d70733 add              x14, x14, x29       x14=00000422 x14:fffffffb x29:00000427
27166727ns          475728 1c00906c 01c686b3 add              x13, x13, x28       x13=00000070 x13:fffffff1 x28:0000007f
27166747ns          475729 1c00906e 00c686b3 add              x13, x13, x12       x13=00000070 x13:00000070 x12:00000000
27166767ns          475730 1c009070 00f70733 add              x14, x14, x15       x14=00000421 x14:00000422 x15:ffffffff
27166787ns          475731 1c009072 100747b3 p.exths          x15, x14, x0        x15=00000421 x14:00000421
27166807ns          475732 1c009076 1006c733 p.exths          x14, x13, x0        x14=00000070 x13:00000070
27166827ns          475733 1c00907a 03170633 mul              x12, x14, x17       x12=00005320 x14:00000070 x17:000000be
27166846ns          475734 1c00907e 030786b3 mul              x13, x15, x16       x13=fffbef84 x15:00000421 x16:ffffff04
27166866ns          475735 1c009082 03070733 mul              x14, x14, x16       x14=ffff91c0 x14:00000070 x16:ffffff04
27166886ns          475736 1c009086 031787b3 mul              x15, x15, x17       x15=0003107e x15:00000421 x17:000000be
27166906ns          475737 1c00908a 40a6d693 srai             x13, x13, 0x40a     x13=fffffefb x13:fffbef84
27166926ns          475738 1c00908c 40a65613 srai             x12, x12, 0x40a     x12=00000014 x12:00005320
27166946ns          475739 1c00908e 40a7d793 srai             x15, x15, 0x40a     x15=000000c4 x15:0003107e
27166966ns          475740 1c009090 40a75713 srai             x14, x14, 0x40a     x14=ffffffe4 x14:ffff91c0
27166986ns          475741 1c009092 40c686b3 sub              x13, x13, x12       x13=fffffee7 x13:fffffefb x12:00000014
27167006ns          475742 1c009094 00e787b3 add              x15, x15, x14       x15=000000a8 x15:000000c4 x14:ffffffe4
27167025ns          475743 1c009096 00d51823 sh               x13, 16(x10)        x13:fffffee7 x10:10002fa4  PA:10002fb4
27167045ns          475744 1c00909a 00f51923 sh               x15, 18(x10)        x15:000000a8 x10:10002fa4  PA:10002fb6
27167065ns          475745 1c00909e 00008067 jalr             x0, x1, 0            x1:1c0093e8
27167125ns          475748 1c0093e8 2dc15583 lhu              x11, 732(x2)        x11=0000fee7  x2:10002cd8  PA:10002fb4
27167145ns          475749 1c0093ec 2de15783 lhu              x15, 734(x2)        x15=000000a8  x2:10002cd8  PA:10002fb6
27167165ns          475750 1c0093f0 40b90933 sub              x18, x18, x11       x18=ffff0028 x18:ffffff0f x11:0000fee7
27167185ns          475751 1c0093f4 40f484b3 sub              x9, x9, x15          x9=00000027  x9:000000cf x15:000000a8
27167204ns          475752 1c0093f6 100945b3 p.exths          x11, x18, x0        x11=00000028 x18:ffff0028
27167224ns          475753 1c0093fa 1004c7b3 p.exths          x15, x9, x0         x15=00000027  x9:00000027
27167244ns          475754 1c0093fe 034586b3 mul              x13, x11, x20       x13=ffffd8a0 x11:00000028 x20:ffffff04
27167264ns          475755 1c009402 03378533 mul              x10, x15, x19       x10=00001cf2 x15:00000027 x19:000000be
27167284ns          475756 1c009406 034a0633 mul              x12, x20, x20       x12=0000f810 x20:ffffff04 x20:ffffff04
27167304ns          475757 1c00940a 03398733 mul              x14, x19, x19       x14=00008d04 x19:000000be x19:000000be
27167324ns          475758 1c00940e 034787b3 mul              x15, x15, x20       x15=ffffd99c x15:00000027 x20:ffffff04
27167344ns          475759 1c009412 033585b3 mul              x11, x11, x19       x11=00001db0 x11:00000028 x19:000000be
27167364ns          475760 1c009416 40a75713 srai             x14, x14, 0x40a     x14=00000023 x14:00008d04
27167383ns          475761 1c009418 40a5d593 srai             x11, x11, 0x40a     x11=00000007 x11:00001db0
27167403ns          475762 1c00941a 40a65613 srai             x12, x12, 0x40a     x12=0000003e x12:0000f810
27167423ns          475763 1c00941c 40a7d793 srai             x15, x15, 0x40a     x15=fffffff6 x15:ffffd99c
27167443ns          475764 1c00941e 1c0034b7 lui              x9, 0x1c003000       x9=1c003000
27167463ns          475765 1c009422 00e60633 add              x12, x12, x14       x12=00000061 x12:0000003e x14:00000023
27167483ns          475766 1c009424 40b787b3 sub              x15, x15, x11       x15=ffffffef x15:fffffff6 x11:00000007
27167503ns          475767 1c009426 eb048493 addi             x9, x9, -336         x9=1c002eb0  x9:1c003000
27167523ns          475768 1c00942a 1c0032b7 lui              x5, 0x1c003000       x5=1c003000
27167542ns          475769 1c00942e 1c0035b7 lui              x11, 0x1c003000     x11=1c003000
27167562ns          475770 1c009432 018483b3 add              x7, x9, x24          x7=1c002eba  x9:1c002eb0 x24:0000000a
27167582ns          475771 1c009436 02812e83 lw               x29, 40(x2)         x29=1c002eca  x2:10002cd8  PA:10002d00
27167602ns          475772 1c009438 10065633 p.exthz          x12, x12, x0        x12=00000061 x12:00000061
27167622ns          475773 1c00943c e8028293 addi             x5, x5, -384         x5=1c002e80  x5:1c003000
27167642ns          475774 1c009440 ea058593 addi             x11, x11, -352      x11=1c002ea0 x11:1c003000
27167662ns          475775 1c009444 03812483 lw               x9, 56(x2)           x9=1c002eea  x2:10002cd8  PA:10002d10
27167682ns          475776 1c009446 10064733 p.exths          x14, x12, x0        x14=00000061 x12:00000061
27167702ns          475777 1c00944a 018280b3 add              x1, x5, x24          x1=1c002e8a  x5:1c002e80 x24:0000000a
27167721ns          475778 1c00944e 03012f03 lw               x30, 48(x2)         x30=1c002eda  x2:10002cd8  PA:10002d08
27167741ns          475779 1c009450 018582b3 add              x5, x11, x24         x5=1c002eaa x11:1c002ea0 x24:0000000a
27167761ns          475780 1c009454 04012583 lw               x11, 64(x2)         x11=1c002efa  x2:10002cd8  PA:10002d18
27167781ns          475781 1c009456 000edd83 lhu              x27, 0(x29)         x27=00000ea7 x29:1c002eca  PA:1c002eca
27168079ns          475796 1c00945a 0004d483 lhu              x9, 0(x9)            x9=0000008f  x9:1c002eea  PA:1c002eea
27168398ns          475812 1c00945e 02e70333 mul              x6, x14, x14         x6=000024c1 x14:00000061 x14:00000061
27168418ns          475813 1c009462 40a55513 srai             x10, x10, 0x40a     x10=00000007 x10:00001cf2
27168437ns          475814 1c009464 04812e83 lw               x29, 72(x2)         x29=1c002f0a  x2:10002cd8  PA:10002d20
27168457ns          475815 1c009466 40a6d693 srai             x13, x13, 0x40a     x13=fffffff6 x13:ffffd8a0
27168477ns          475816 1c009468 000f5d03 lhu              x26, 0(x30)         x26=0000027f x30:1c002eda  PA:1c002eda
27168795ns          475832 1c00946c 0005d583 lhu              x11, 0(x11)         x11=00000027 x11:1c002efa  PA:1c002efa
27169193ns          475852 1c009470 40a35313 srai             x6, x6, 0x40a        x6=00000009  x6:000024c1
27169213ns          475853 1c009474 00a686b3 add              x13, x13, x10       x13=fffffffd x13:fffffff6 x10:00000007
27169233ns          475854 1c009476 05012f03 lw               x30, 80(x2)         x30=1c002e7a  x2:10002cd8  PA:10002d28
27169253ns          475855 1c009478 10034e33 p.exths          x28, x6, x0         x28=00000009  x6:00000009
27169273ns          475856 1c00947c 06911023 sh               x9, 96(x2)           x9:0000008f  x2:10002cd8  PA:10002d38
27169293ns          475857 1c009480 000ede83 lhu              x29, 0(x29)         x29=0000000b x29:1c002f0a  PA:1c002f0a
27169591ns          475872 1c009484 05812483 lw               x9, 88(x2)           x9=1c002e6a  x2:10002cd8  PA:10002d30
27169611ns          475873 1c009486 1006d6b3 p.exthz          x13, x13, x0        x13=0000fffd x13:fffffffd
27169631ns          475874 1c00948a 02ee08b3 mul              x17, x28, x14       x17=00000369 x28:00000009 x14:00000061
27169651ns          475875 1c00948e 1006c833 p.exths          x16, x13, x0        x16=fffffffd x13:0000fffd
27169671ns          475876 1c009492 06b11823 sh               x11, 112(x2)        x11:00000027  x2:10002cd8  PA:10002d48
27169690ns          475877 1c009496 000f5f03 lhu              x30, 0(x30)         x30=0000ff49 x30:1c002e7a  PA:1c002e7a
27169989ns          475892 1c00949a 0a012583 lw               x11, 160(x2)        x11=1c002e9a  x2:10002cd8  PA:10002d78
27170009ns          475893 1c00949c 1007d7b3 p.exthz          x15, x15, x0        x15=0000ffef x15:ffffffef
27170028ns          475894 1c0094a0 0004da03 lhu              x20, 0(x9)          x20=0000fcfb  x9:1c002e6a  PA:1c002e6a
27170327ns          475909 1c0094a4 1007c533 p.exths          x10, x15, x0        x10=ffffffef x15:0000ffef
27170347ns          475910 1c0094a8 09d11023 sh               x29, 128(x2)        x29:0000000b  x2:10002cd8  PA:10002d58
27170367ns          475911 1c0094ac 0003d483 lhu              x9, 0(x7)            x9=0000ffdf  x7:1c002eba  PA:1c002eba
27170705ns          475928 1c0094b0 02e80eb3 mul              x29, x16, x14       x29=fffffedd x16:fffffffd x14:00000061
27170725ns          475929 1c0094b4 40a8d893 srai             x17, x17, 0x40a     x17=00000000 x17:00000369
27170744ns          475930 1c0094b8 03c80833 mul              x16, x16, x28       x16=ffffffe5 x16:fffffffd x28:00000009
27170764ns          475931 1c0094bc 09e11823 sh               x30, 144(x2)        x30:0000ff49  x2:10002cd8  PA:10002d68
27170784ns          475932 1c0094c0 0005d983 lhu              x19, 0(x11)         x19=0000ffc8 x11:1c002e9a  PA:1c002e9a
27171083ns          475947 1c0094c4 81c88f5b p.muls           x30, x17, x28       x30=00000000 x17:00000000 x28:00000009
27171102ns          475948 1c0094c8 0002d583 lhu              x11, 0(x5)          x11=0000ffc4  x5:1c002eaa  PA:1c002eaa
27171421ns          475964 1c0094cc 03ce0fb3 mul              x31, x28, x28       x31=00000051 x28:00000009 x28:00000009
27171441ns          475965 1c0094d0 02e50733 mul              x14, x10, x14       x14=fffff98f x10:ffffffef x14:00000061
27171460ns          475966 1c0094d4 40a85813 srai             x16, x16, 0x40a     x16=ffffffff x16:ffffffe5
27171480ns          475967 1c0094d8 03c50533 mul              x10, x10, x28       x10=ffffff67 x10:ffffffef x28:00000009
27171500ns          475968 1c0094dc 07015e03 lhu              x28, 112(x2)        x28=00000027  x2:10002cd8  PA:10002d48
27171520ns          475969 1c0094e0 01b60633 add              x12, x12, x27       x12=00000f08 x12:00000061 x27:00000ea7
27171540ns          475970 1c0094e2 00980833 add              x16, x16, x9        x16=0000ffde x16:ffffffff  x9:0000ffdf
27171560ns          475971 1c0094e4 06015d83 lhu              x27, 96(x2)         x27=0000008f  x2:10002cd8  PA:10002d38
27171580ns          475972 1c0094e8 02812483 lw               x9, 40(x2)           x9=1c002eca  x2:10002cd8  PA:10002d00
27171600ns          475973 1c0094ea 40afdf93 srai             x31, x31, 0x40a     x31=00000000 x31:00000051
27171620ns          475974 1c0094ee 40a55513 srai             x10, x10, 0x40a     x10=ffffffff x10:ffffff67
27171639ns          475975 1c0094f0 01cf8fb3 add              x31, x31, x28       x31=00000027 x31:00000000 x28:00000027
27171659ns          475976 1c0094f2 00b50533 add              x10, x10, x11       x10=0000ffc3 x10:ffffffff x11:0000ffc4
27171679ns          475977 1c0094f4 09015e03 lhu              x28, 144(x2)        x28=0000ff49  x2:10002cd8  PA:10002d68
27171699ns          475978 1c0094f8 03012583 lw               x11, 48(x2)         x11=1c002eda  x2:10002cd8  PA:10002d08
27171719ns          475979 1c0094fa 00c49023 sh               x12, 0(x9)          x12:00000f08  x9:1c002eca  PA:1c002eca
27172057ns          475996 1c0094fe 01b888b3 add              x17, x17, x27       x17=0000008f x17:00000000 x27:0000008f
27172077ns          475997 1c009500 01a30333 add              x6, x6, x26          x6=00000288  x6:00000009 x26:0000027f
27172097ns          475998 1c009502 08015d83 lhu              x27, 128(x2)        x27=0000000b  x2:10002cd8  PA:10002d58
27172117ns          475999 1c009506 0000d903 lhu              x18, 0(x1)          x18=0000ff55  x1:1c002e8a  PA:1c002e8a
27172415ns          476014 1c00950a 01c686b3 add              x13, x13, x28       x13=0001ff46 x13:0000fffd x28:0000ff49
27172435ns          476015 1c00950c 00659023 sh               x6, 0(x11)           x6:00000288 x11:1c002eda  PA:1c002eda
27172753ns          476031 1c009510 40af5f13 srai             x30, x30, 0x40a     x30=00000000 x30:00000000
27172773ns          476032 1c009514 04812e03 lw               x28, 72(x2)         x28=1c002f0a  x2:10002cd8  PA:10002d20
27172793ns          476033 1c009516 01bf0f33 add              x30, x30, x27       x30=0000000b x30:00000000 x27:0000000b
27172813ns          476034 1c009518 40aede93 srai             x29, x29, 0x40a     x29=ffffffff x29:fffffedd
27172833ns          476035 1c00951c 40a75713 srai             x14, x14, 0x40a     x14=fffffffe x14:fffff98f
27172853ns          476036 1c00951e 03812603 lw               x12, 56(x2)         x12=1c002eea  x2:10002cd8  PA:10002d10
27172872ns          476037 1c009520 04012d83 lw               x27, 64(x2)         x27=1c002efa  x2:10002cd8  PA:10002d18
27172892ns          476038 1c009522 01ee1023 sh               x30, 0(x28)         x30:0000000b x28:1c002f0a  PA:1c002f0a
27173270ns          476057 1c009526 05812483 lw               x9, 88(x2)           x9=1c002e6a  x2:10002cd8  PA:10002d30
27173290ns          476058 1c009528 05012f03 lw               x30, 80(x2)         x30=1c002e7a  x2:10002cd8  PA:10002d28
27173310ns          476059 1c00952a 0a012583 lw               x11, 160(x2)        x11=1c002e9a  x2:10002cd8  PA:10002d78
27173330ns          476060 1c00952c 014787b3 add              x15, x15, x20       x15=0001fcea x15:0000ffef x20:0000fcfb
27173350ns          476061 1c00952e 013e8eb3 add              x29, x29, x19       x29=0000ffc7 x29:ffffffff x19:0000ffc8
27173370ns          476062 1c009530 01270733 add              x14, x14, x18       x14=0000ff53 x14:fffffffe x18:0000ff55
27173390ns          476063 1c009532 00f49023 sh               x15, 0(x9)          x15:0001fcea  x9:1c002e6a  PA:1c002e6a
27173728ns          476080 1c009536 01161023 sh               x17, 0(x12)         x17:0000008f x12:1c002eea  PA:1c002eea
27174066ns          476097 1c00953a 01fd9023 sh               x31, 0(x27)         x31:00000027 x27:1c002efa  PA:1c002efa
27174384ns          476113 1c00953e 00df1023 sh               x13, 0(x30)         x13:0001ff46 x30:1c002e7a  PA:1c002e7a
27174722ns          476130 1c009542 01d59023 sh               x29, 0(x11)         x29:0000ffc7 x11:1c002e9a  PA:1c002e9a
27175040ns          476146 1c009546 00e09023 sh               x14, 0(x1)          x14:0000ff53  x1:1c002e8a  PA:1c002e8a
27175358ns          476162 1c00954a 01039023 sh               x16, 0(x7)          x16:0000ffde  x7:1c002eba  PA:1c002eba
27175677ns          476178 1c00954e 00a29023 sh               x10, 0(x5)          x10:0000ffc3  x5:1c002eaa  PA:1c002eaa
27175995ns          476194 1c009552 008b0b13 addi             x22, x22, 8         x22=0000013d x22:00000135
27176015ns          476195 1c009554 1f300793 addi             x15, x0, 499        x15=000001f3
27176035ns          476196 1c009558 e767dae3 bge              x15, x22, -396      x15:000001f3 x22:0000013d
27176134ns          476201 1c0093cc 010c9a0b p.lh             x20, 16(x25!)       x20=000001bc x25=1c002912 x25:1c002902  PA:1c002902
27176472ns          476218 1c0093d0 0104198b p.lh             x19, 16(x8!)        x19=0000001d  x8=1c0020da  x8:1c0020ca  PA:1c0020ca
27176790ns          476234 1c0093d4 2cc10513 addi             x10, x2, 716        x10=10002fa4  x2:10002cd8
27176810ns          476235 1c0093d6 010a990b p.lh             x18, 16(x21!)       x18=000001b2 x21=1c001906 x21:1c0018f6  PA:1c0018f6
27177129ns          476251 1c0093da 010b948b p.lh             x9, 16(x23!)         x9=ffffffe6 x23=1c001136 x23:1c001126  PA:1c001126
27177467ns          476268 1c0093de 2d411623 sh               x20, 716(x2)        x20:000001bc  x2:10002cd8  PA:10002fa4
27177486ns          476269 1c0093e2 2d311723 sh               x19, 718(x2)        x19:0000001d  x2:10002cd8  PA:10002fa6
27177506ns          476270 1c0093e6 c33ff0ef jal              x1, -974             x1=1c0093e8
27177586ns          476274 1c009018 00051803 lh               x16, 0(x10)         x16=000001bc x10:10002fa4  PA:10002fa4
27177626ns          476276 1c00901c 00251883 lh               x17, 2(x10)         x17=0000001d x10:10002fa4  PA:10002fa6
27177646ns          476277 1c009020 030806b3 mul              x13, x16, x16       x13=00030210 x16:000001bc x16:000001bc
27177665ns          476278 1c009024 03188633 mul              x12, x17, x17       x12=00000349 x17:0000001d x17:0000001d
27177685ns          476279 1c009028 40a65613 srai             x12, x12, 0x40a     x12=00000000 x12:00000349
27177705ns          476280 1c00902a 40a6d693 srai             x13, x13, 0x40a     x13=000000c0 x13:00030210
27177725ns          476281 1c00902c 00c686b3 add              x13, x13, x12       x13=000000c0 x13:000000c0 x12:00000000
27177745ns          476282 1c00902e 1006c633 p.exths          x12, x13, x0        x12=000000c0 x13:000000c0
27177765ns          476283 1c009032 00855703 lhu              x14, 8(x10)         x14=0000ffd1 x10:10002fa4  PA:10002fac
27177785ns          476284 1c009036 00a55683 lhu              x13, 10(x10)        x13=0000ff6a x10:10002fa4  PA:10002fae
27177805ns          476285 1c00903a 02c60333 mul              x6, x12, x12         x6=00009000 x12:000000c0 x12:000000c0
27177825ns          476286 1c00903e 00c55783 lhu              x15, 12(x10)        x15=0000ffe5 x10:10002fa4  PA:10002fb0
27177844ns          476287 1c009042 00e55583 lhu              x11, 14(x10)        x11=00000060 x10:10002fa4  PA:10002fb2
27177864ns          476288 1c009046 dea30333 p.extract        x6, x6, 15, 10       x6=00000024  x6:00009000
27177884ns          476289 1c00904a 80c7075b p.muls           x14, x14, x12       x14=ffffdcc0 x14:0000ffd1 x12:000000c0
27177904ns          476290 1c00904e 80c686db p.muls           x13, x13, x12       x13=ffff8f80 x13:0000ff6a x12:000000c0
27177924ns          476291 1c009052 00455e83 lhu              x29, 4(x10)         x29=00000427 x10:10002fa4  PA:10002fa8
27177944ns          476292 1c009056 00655e03 lhu              x28, 6(x10)         x28=0000007f x10:10002fa4  PA:10002faa
27177964ns          476293 1c00905a 40a75713 srai             x14, x14, 0x40a     x14=fffffff7 x14:ffffdcc0
27177984ns          476294 1c00905c 806787db p.muls           x15, x15, x6        x15=fffffc34 x15:0000ffe5  x6:00000024
27178004ns          476295 1c009060 40a6d693 srai             x13, x13, 0x40a     x13=ffffffe3 x13:ffff8f80
27178043ns          476297 1c009062 8065865b p.muls           x12, x11, x6        x12=00000d80 x11:00000060  x6:00000024
27178063ns          476298 1c009066 40a7d793 srai             x15, x15, 0x40a     x15=ffffffff x15:fffffc34
27178083ns          476299 1c009068 40a65613 srai             x12, x12, 0x40a     x12=00000003 x12:00000d80
27178103ns          476300 1c00906a 01d70733 add              x14, x14, x29       x14=0000041e x14:fffffff7 x29:00000427
27178123ns          476301 1c00906c 01c686b3 add              x13, x13, x28       x13=00000062 x13:ffffffe3 x28:0000007f
27178143ns          476302 1c00906e 00c686b3 add              x13, x13, x12       x13=00000065 x13:00000062 x12:00000003
27178163ns          476303 1c009070 00f70733 add              x14, x14, x15       x14=0000041d x14:0000041e x15:ffffffff
27178183ns          476304 1c009072 100747b3 p.exths          x15, x14, x0        x15=0000041d x14:0000041d
27178202ns          476305 1c009076 1006c733 p.exths          x14, x13, x0        x14=00000065 x13:00000065
27178222ns          476306 1c00907a 03170633 mul              x12, x14, x17       x12=00000b71 x14:00000065 x17:0000001d
27178242ns          476307 1c00907e 030786b3 mul              x13, x15, x16       x13=0007224c x15:0000041d x16:000001bc
27178262ns          476308 1c009082 03070733 mul              x14, x14, x16       x14=0000af2c x14:00000065 x16:000001bc
27178282ns          476309 1c009086 031787b3 mul              x15, x15, x17       x15=00007749 x15:0000041d x17:0000001d
27178302ns          476310 1c00908a 40a6d693 srai             x13, x13, 0x40a     x13=000001c8 x13:0007224c
27178322ns          476311 1c00908c 40a65613 srai             x12, x12, 0x40a     x12=00000002 x12:00000b71
27178342ns          476312 1c00908e 40a7d793 srai             x15, x15, 0x40a     x15=0000001d x15:00007749
27178362ns          476313 1c009090 40a75713 srai             x14, x14, 0x40a     x14=0000002b x14:0000af2c
27178381ns          476314 1c009092 40c686b3 sub              x13, x13, x12       x13=000001c6 x13:000001c8 x12:00000002
27178401ns          476315 1c009094 00e787b3 add              x15, x15, x14       x15=00000048 x15:0000001d x14:0000002b
27178421ns          476316 1c009096 00d51823 sh               x13, 16(x10)        x13:000001c6 x10:10002fa4  PA:10002fb4
27178441ns          476317 1c00909a 00f51923 sh               x15, 18(x10)        x15:00000048 x10:10002fa4  PA:10002fb6
27178461ns          476318 1c00909e 00008067 jalr             x0, x1, 0            x1:1c0093e8
27178501ns          476320 1c0093e8 2dc15583 lhu              x11, 732(x2)        x11=000001c6  x2:10002cd8  PA:10002fb4
27178521ns          476321 1c0093ec 2de15783 lhu              x15, 734(x2)        x15=00000048  x2:10002cd8  PA:10002fb6
27178541ns          476322 1c0093f0 40b90933 sub              x18, x18, x11       x18=ffffffec x18:000001b2 x11:000001c6
27178560ns          476323 1c0093f4 40f484b3 sub              x9, x9, x15          x9=ffffff9e  x9:ffffffe6 x15:00000048
27178580ns          476324 1c0093f6 100945b3 p.exths          x11, x18, x0        x11=ffffffec x18:ffffffec
27178600ns          476325 1c0093fa 1004c7b3 p.exths          x15, x9, x0         x15=ffffff9e  x9:ffffff9e
27178620ns          476326 1c0093fe 034586b3 mul              x13, x11, x20       x13=ffffdd50 x11:ffffffec x20:000001bc
27178640ns          476327 1c009402 03378533 mul              x10, x15, x19       x10=fffff4e6 x15:ffffff9e x19:0000001d
27178660ns          476328 1c009406 034a0633 mul              x12, x20, x20       x12=00030210 x20:000001bc x20:000001bc
27178680ns          476329 1c00940a 03398733 mul              x14, x19, x19       x14=00000349 x19:0000001d x19:0000001d
27178700ns          476330 1c00940e 034787b3 mul              x15, x15, x20       x15=ffff5608 x15:ffffff9e x20:000001bc
27178720ns          476331 1c009412 033585b3 mul              x11, x11, x19       x11=fffffdbc x11:ffffffec x19:0000001d
27178739ns          476332 1c009416 40a75713 srai             x14, x14, 0x40a     x14=00000000 x14:00000349
27178759ns          476333 1c009418 40a5d593 srai             x11, x11, 0x40a     x11=ffffffff x11:fffffdbc
27178779ns          476334 1c00941a 40a65613 srai             x12, x12, 0x40a     x12=000000c0 x12:00030210
27178799ns          476335 1c00941c 40a7d793 srai             x15, x15, 0x40a     x15=ffffffd5 x15:ffff5608
27178819ns          476336 1c00941e 1c0034b7 lui              x9, 0x1c003000       x9=1c003000
27178839ns          476337 1c009422 00e60633 add              x12, x12, x14       x12=000000c0 x12:000000c0 x14:00000000
27178859ns          476338 1c009424 40b787b3 sub              x15, x15, x11       x15=ffffffd6 x15:ffffffd5 x11:ffffffff
27178879ns          476339 1c009426 eb048493 addi             x9, x9, -336         x9=1c002eb0  x9:1c003000
27178899ns          476340 1c00942a 1c0032b7 lui              x5, 0x1c003000       x5=1c003000
27178918ns          476341 1c00942e 1c0035b7 lui              x11, 0x1c003000     x11=1c003000
27178938ns          476342 1c009432 018483b3 add              x7, x9, x24          x7=1c002eba  x9:1c002eb0 x24:0000000a
27178958ns          476343 1c009436 02812e83 lw               x29, 40(x2)         x29=1c002eca  x2:10002cd8  PA:10002d00
27178978ns          476344 1c009438 10065633 p.exthz          x12, x12, x0        x12=000000c0 x12:000000c0
27178998ns          476345 1c00943c e8028293 addi             x5, x5, -384         x5=1c002e80  x5:1c003000
27179018ns          476346 1c009440 ea058593 addi             x11, x11, -352      x11=1c002ea0 x11:1c003000
27179038ns          476347 1c009444 03812483 lw               x9, 56(x2)           x9=1c002eea  x2:10002cd8  PA:10002d10
27179058ns          476348 1c009446 10064733 p.exths          x14, x12, x0        x14=000000c0 x12:000000c0
27179078ns          476349 1c00944a 018280b3 add              x1, x5, x24          x1=1c002e8a  x5:1c002e80 x24:0000000a
27179097ns          476350 1c00944e 03012f03 lw               x30, 48(x2)         x30=1c002eda  x2:10002cd8  PA:10002d08
27179117ns          476351 1c009450 018582b3 add              x5, x11, x24         x5=1c002eaa x11:1c002ea0 x24:0000000a
27179137ns          476352 1c009454 04012583 lw               x11, 64(x2)         x11=1c002efa  x2:10002cd8  PA:10002d18
27179177ns          476354 1c009456 000edd83 lhu              x27, 0(x29)         x27=00000f08 x29:1c002eca  PA:1c002eca
27179475ns          476369 1c00945a 0004d483 lhu              x9, 0(x9)            x9=0000008f  x9:1c002eea  PA:1c002eea
27179774ns          476384 1c00945e 02e70333 mul              x6, x14, x14         x6=00009000 x14:000000c0 x14:000000c0
27179794ns          476385 1c009462 40a55513 srai             x10, x10, 0x40a     x10=fffffffd x10:fffff4e6
27179813ns          476386 1c009464 04812e83 lw               x29, 72(x2)         x29=1c002f0a  x2:10002cd8  PA:10002d20
27179833ns          476387 1c009466 40a6d693 srai             x13, x13, 0x40a     x13=fffffff7 x13:ffffdd50
27179853ns          476388 1c009468 000f5d03 lhu              x26, 0(x30)         x26=00000288 x30:1c002eda  PA:1c002eda
27180231ns          476407 1c00946c 0005d583 lhu              x11, 0(x11)         x11=00000027 x11:1c002efa  PA:1c002efa
27180529ns          476422 1c009470 40a35313 srai             x6, x6, 0x40a        x6=00000024  x6:00009000
27180549ns          476423 1c009474 00a686b3 add              x13, x13, x10       x13=fffffff4 x13:fffffff7 x10:fffffffd
27180569ns          476424 1c009476 05012f03 lw               x30, 80(x2)         x30=1c002e7a  x2:10002cd8  PA:10002d28
27180589ns          476425 1c009478 10034e33 p.exths          x28, x6, x0         x28=00000024  x6:00000024
27180609ns          476426 1c00947c 06911023 sh               x9, 96(x2)           x9:0000008f  x2:10002cd8  PA:10002d38
27180629ns          476427 1c009480 000ede83 lhu              x29, 0(x29)         x29=0000000b x29:1c002f0a  PA:1c002f0a
27180927ns          476442 1c009484 05812483 lw               x9, 88(x2)           x9=1c002e6a  x2:10002cd8  PA:10002d30
27180947ns          476443 1c009486 1006d6b3 p.exthz          x13, x13, x0        x13=0000fff4 x13:fffffff4
27180967ns          476444 1c00948a 02ee08b3 mul              x17, x28, x14       x17=00001b00 x28:00000024 x14:000000c0
27180987ns          476445 1c00948e 1006c833 p.exths          x16, x13, x0        x16=fffffff4 x13:0000fff4
27181007ns          476446 1c009492 06b11823 sh               x11, 112(x2)        x11:00000027  x2:10002cd8  PA:10002d48
27181027ns          476447 1c009496 000f5f03 lhu              x30, 0(x30)         x30=0000ff46 x30:1c002e7a  PA:1c002e7a
27181484ns          476470 1c00949a 0a012583 lw               x11, 160(x2)        x11=1c002e9a  x2:10002cd8  PA:10002d78
27181504ns          476471 1c00949c 1007d7b3 p.exthz          x15, x15, x0        x15=0000ffd6 x15:ffffffd6
27181524ns          476472 1c0094a0 0004da03 lhu              x20, 0(x9)          x20=0000fcea  x9:1c002e6a  PA:1c002e6a
27181842ns          476488 1c0094a4 1007c533 p.exths          x10, x15, x0        x10=ffffffd6 x15:0000ffd6
27181862ns          476489 1c0094a8 09d11023 sh               x29, 128(x2)        x29:0000000b  x2:10002cd8  PA:10002d58
27181882ns          476490 1c0094ac 0003d483 lhu              x9, 0(x7)            x9=0000ffde  x7:1c002eba  PA:1c002eba
27182200ns          476506 1c0094b0 02e80eb3 mul              x29, x16, x14       x29=fffff700 x16:fffffff4 x14:000000c0
27182220ns          476507 1c0094b4 40a8d893 srai             x17, x17, 0x40a     x17=00000006 x17:00001b00
27182240ns          476508 1c0094b8 03c80833 mul              x16, x16, x28       x16=fffffe50 x16:fffffff4 x28:00000024
27182260ns          476509 1c0094bc 09e11823 sh               x30, 144(x2)        x30:0000ff46  x2:10002cd8  PA:10002d68
27182280ns          476510 1c0094c0 0005d983 lhu              x19, 0(x11)         x19=0000ffc7 x11:1c002e9a  PA:1c002e9a
27182677ns          476530 1c0094c4 81c88f5b p.muls           x30, x17, x28       x30=000000d8 x17:00000006 x28:00000024
27182697ns          476531 1c0094c8 0002d583 lhu              x11, 0(x5)          x11=0000ffc3  x5:1c002eaa  PA:1c002eaa
27182995ns          476546 1c0094cc 03ce0fb3 mul              x31, x28, x28       x31=00000510 x28:00000024 x28:00000024
27183015ns          476547 1c0094d0 02e50733 mul              x14, x10, x14       x14=ffffe080 x10:ffffffd6 x14:000000c0
27183035ns          476548 1c0094d4 40a85813 srai             x16, x16, 0x40a     x16=ffffffff x16:fffffe50
27183055ns          476549 1c0094d8 03c50533 mul              x10, x10, x28       x10=fffffa18 x10:ffffffd6 x28:00000024
27183075ns          476550 1c0094dc 07015e03 lhu              x28, 112(x2)        x28=00000027  x2:10002cd8  PA:10002d48
27183115ns          476552 1c0094e0 01b60633 add              x12, x12, x27       x12=00000fc8 x12:000000c0 x27:00000f08
27183135ns          476553 1c0094e2 00980833 add              x16, x16, x9        x16=0000ffdd x16:ffffffff  x9:0000ffde
27183155ns          476554 1c0094e4 06015d83 lhu              x27, 96(x2)         x27=0000008f  x2:10002cd8  PA:10002d38
27183174ns          476555 1c0094e8 02812483 lw               x9, 40(x2)           x9=1c002eca  x2:10002cd8  PA:10002d00
27183194ns          476556 1c0094ea 40afdf93 srai             x31, x31, 0x40a     x31=00000001 x31:00000510
27183214ns          476557 1c0094ee 40a55513 srai             x10, x10, 0x40a     x10=fffffffe x10:fffffa18
27183234ns          476558 1c0094f0 01cf8fb3 add              x31, x31, x28       x31=00000028 x31:00000001 x28:00000027
27183254ns          476559 1c0094f2 00b50533 add              x10, x10, x11       x10=0000ffc1 x10:fffffffe x11:0000ffc3
27183274ns          476560 1c0094f4 09015e03 lhu              x28, 144(x2)        x28=0000ff46  x2:10002cd8  PA:10002d68
27183294ns          476561 1c0094f8 03012583 lw               x11, 48(x2)         x11=1c002eda  x2:10002cd8  PA:10002d08
27183314ns          476562 1c0094fa 00c49023 sh               x12, 0(x9)          x12:00000fc8  x9:1c002eca  PA:1c002eca
27183632ns          476578 1c0094fe 01b888b3 add              x17, x17, x27       x17=00000095 x17:00000006 x27:0000008f
27183652ns          476579 1c009500 01a30333 add              x6, x6, x26          x6=000002ac  x6:00000024 x26:00000288
27183672ns          476580 1c009502 08015d83 lhu              x27, 128(x2)        x27=0000000b  x2:10002cd8  PA:10002d58
27183692ns          476581 1c009506 0000d903 lhu              x18, 0(x1)          x18=0000ff53  x1:1c002e8a  PA:1c002e8a
27184030ns          476598 1c00950a 01c686b3 add              x13, x13, x28       x13=0001ff3a x13:0000fff4 x28:0000ff46
27184050ns          476599 1c00950c 00659023 sh               x6, 0(x11)           x6:000002ac x11:1c002eda  PA:1c002eda
27184408ns          476617 1c009510 40af5f13 srai             x30, x30, 0x40a     x30=00000000 x30:000000d8
27184427ns          476618 1c009514 04812e03 lw               x28, 72(x2)         x28=1c002f0a  x2:10002cd8  PA:10002d20
27184447ns          476619 1c009516 01bf0f33 add              x30, x30, x27       x30=0000000b x30:00000000 x27:0000000b
27184467ns          476620 1c009518 40aede93 srai             x29, x29, 0x40a     x29=fffffffd x29:fffff700
27184487ns          476621 1c00951c 40a75713 srai             x14, x14, 0x40a     x14=fffffff8 x14:ffffe080
27184507ns          476622 1c00951e 03812603 lw               x12, 56(x2)         x12=1c002eea  x2:10002cd8  PA:10002d10
27184527ns          476623 1c009520 04012d83 lw               x27, 64(x2)         x27=1c002efa  x2:10002cd8  PA:10002d18
27184547ns          476624 1c009522 01ee1023 sh               x30, 0(x28)         x30:0000000b x28:1c002f0a  PA:1c002f0a
27184885ns          476641 1c009526 05812483 lw               x9, 88(x2)           x9=1c002e6a  x2:10002cd8  PA:10002d30
27184905ns          476642 1c009528 05012f03 lw               x30, 80(x2)         x30=1c002e7a  x2:10002cd8  PA:10002d28
27184925ns          476643 1c00952a 0a012583 lw               x11, 160(x2)        x11=1c002e9a  x2:10002cd8  PA:10002d78
27184944ns          476644 1c00952c 014787b3 add              x15, x15, x20       x15=0001fcc0 x15:0000ffd6 x20:0000fcea
27184964ns          476645 1c00952e 013e8eb3 add              x29, x29, x19       x29=0000ffc4 x29:fffffffd x19:0000ffc7
27184984ns          476646 1c009530 01270733 add              x14, x14, x18       x14=0000ff4b x14:fffffff8 x18:0000ff53
27185004ns          476647 1c009532 00f49023 sh               x15, 0(x9)          x15:0001fcc0  x9:1c002e6a  PA:1c002e6a
27185322ns          476663 1c009536 01161023 sh               x17, 0(x12)         x17:00000095 x12:1c002eea  PA:1c002eea
27185660ns          476680 1c00953a 01fd9023 sh               x31, 0(x27)         x31:00000028 x27:1c002efa  PA:1c002efa
27185999ns          476697 1c00953e 00df1023 sh               x13, 0(x30)         x13:0001ff3a x30:1c002e7a  PA:1c002e7a
27186317ns          476713 1c009542 01d59023 sh               x29, 0(x11)         x29:0000ffc4 x11:1c002e9a  PA:1c002e9a
27186675ns          476731 1c009546 00e09023 sh               x14, 0(x1)          x14:0000ff4b  x1:1c002e8a  PA:1c002e8a
27186993ns          476747 1c00954a 01039023 sh               x16, 0(x7)          x16:0000ffdd  x7:1c002eba  PA:1c002eba
27187311ns          476763 1c00954e 00a29023 sh               x10, 0(x5)          x10:0000ffc1  x5:1c002eaa  PA:1c002eaa
27187629ns          476779 1c009552 008b0b13 addi             x22, x22, 8         x22=00000145 x22:0000013d
27187649ns          476780 1c009554 1f300793 addi             x15, x0, 499        x15=000001f3
27187669ns          476781 1c009558 e767dae3 bge              x15, x22, -396      x15:000001f3 x22:00000145
27187769ns          476786 1c0093cc 010c9a0b p.lh             x20, 16(x25!)       x20=fffffd94 x25=1c002922 x25:1c002912  PA:1c002912
27188107ns          476803 1c0093d0 0104198b p.lh             x19, 16(x8!)        x19=00000127  x8=1c0020ea  x8:1c0020da  PA:1c0020da
27188425ns          476819 1c0093d4 2cc10513 addi             x10, x2, 716        x10=10002fa4  x2:10002cd8
27188445ns          476820 1c0093d6 010a990b p.lh             x18, 16(x21!)       x18=fffffdea x21=1c001916 x21:1c001906  PA:1c001906
27188743ns          476835 1c0093da 010b948b p.lh             x9, 16(x23!)         x9=0000019f x23=1c001146 x23:1c001136  PA:1c001136
27189061ns          476851 1c0093de 2d411623 sh               x20, 716(x2)        x20:fffffd94  x2:10002cd8  PA:10002fa4
27189081ns          476852 1c0093e2 2d311723 sh               x19, 718(x2)        x19:00000127  x2:10002cd8  PA:10002fa6
27189101ns          476853 1c0093e6 c33ff0ef jal              x1, -974             x1=1c0093e8
27189141ns          476855 1c009018 00051803 lh               x16, 0(x10)         x16=fffffd94 x10:10002fa4  PA:10002fa4
27189161ns          476856 1c00901c 00251883 lh               x17, 2(x10)         x17=00000127 x10:10002fa4  PA:10002fa6
27189220ns          476859 1c009020 030806b3 mul              x13, x16, x16       x13=0005dd90 x16:fffffd94 x16:fffffd94
27189260ns          476861 1c009024 03188633 mul              x12, x17, x17       x12=000153f1 x17:00000127 x17:00000127
27189280ns          476862 1c009028 40a65613 srai             x12, x12, 0x40a     x12=00000054 x12:000153f1
27189300ns          476863 1c00902a 40a6d693 srai             x13, x13, 0x40a     x13=00000177 x13:0005dd90
27189320ns          476864 1c00902c 00c686b3 add              x13, x13, x12       x13=000001cb x13:00000177 x12:00000054
27189340ns          476865 1c00902e 1006c633 p.exths          x12, x13, x0        x12=000001cb x13:000001cb
27189360ns          476866 1c009032 00855703 lhu              x14, 8(x10)         x14=0000ffd1 x10:10002fa4  PA:10002fac
27189380ns          476867 1c009036 00a55683 lhu              x13, 10(x10)        x13=0000ff6a x10:10002fa4  PA:10002fae
27189399ns          476868 1c00903a 02c60333 mul              x6, x12, x12         x6=000336f9 x12:000001cb x12:000001cb
27189419ns          476869 1c00903e 00c55783 lhu              x15, 12(x10)        x15=0000ffe5 x10:10002fa4  PA:10002fb0
27189439ns          476870 1c009042 00e55583 lhu              x11, 14(x10)        x11=00000060 x10:10002fa4  PA:10002fb2
27189459ns          476871 1c009046 dea30333 p.extract        x6, x6, 15, 10       x6=000000cd  x6:000336f9
27189479ns          476872 1c00904a 80c7075b p.muls           x14, x14, x12       x14=ffffabbb x14:0000ffd1 x12:000001cb
27189499ns          476873 1c00904e 80c686db p.muls           x13, x13, x12       x13=fffef30e x13:0000ff6a x12:000001cb
27189519ns          476874 1c009052 00455e83 lhu              x29, 4(x10)         x29=00000427 x10:10002fa4  PA:10002fa8
27189559ns          476876 1c009056 00655e03 lhu              x28, 6(x10)         x28=0000007f x10:10002fa4  PA:10002faa
27189578ns          476877 1c00905a 40a75713 srai             x14, x14, 0x40a     x14=ffffffea x14:ffffabbb
27189598ns          476878 1c00905c 806787db p.muls           x15, x15, x6        x15=ffffea61 x15:0000ffe5  x6:000000cd
27189618ns          476879 1c009060 40a6d693 srai             x13, x13, 0x40a     x13=ffffffbc x13:fffef30e
27189638ns          476880 1c009062 8065865b p.muls           x12, x11, x6        x12=00004ce0 x11:00000060  x6:000000cd
27189658ns          476881 1c009066 40a7d793 srai             x15, x15, 0x40a     x15=fffffffa x15:ffffea61
27189678ns          476882 1c009068 40a65613 srai             x12, x12, 0x40a     x12=00000013 x12:00004ce0
27189698ns          476883 1c00906a 01d70733 add              x14, x14, x29       x14=00000411 x14:ffffffea x29:00000427
27189718ns          476884 1c00906c 01c686b3 add              x13, x13, x28       x13=0000003b x13:ffffffbc x28:0000007f
27189738ns          476885 1c00906e 00c686b3 add              x13, x13, x12       x13=0000004e x13:0000003b x12:00000013
27189757ns          476886 1c009070 00f70733 add              x14, x14, x15       x14=0000040b x14:00000411 x15:fffffffa
27189777ns          476887 1c009072 100747b3 p.exths          x15, x14, x0        x15=0000040b x14:0000040b
27189797ns          476888 1c009076 1006c733 p.exths          x14, x13, x0        x14=0000004e x13:0000004e
27189817ns          476889 1c00907a 03170633 mul              x12, x14, x17       x12=000059e2 x14:0000004e x17:00000127
27189837ns          476890 1c00907e 030786b3 mul              x13, x15, x16       x13=fff6355c x15:0000040b x16:fffffd94
27189857ns          476891 1c009082 03070733 mul              x14, x14, x16       x14=ffff4318 x14:0000004e x16:fffffd94
27189877ns          476892 1c009086 031787b3 mul              x15, x15, x17       x15=0004a8ad x15:0000040b x17:00000127
27189897ns          476893 1c00908a 40a6d693 srai             x13, x13, 0x40a     x13=fffffd8d x13:fff6355c
27189916ns          476894 1c00908c 40a65613 srai             x12, x12, 0x40a     x12=00000016 x12:000059e2
27189936ns          476895 1c00908e 40a7d793 srai             x15, x15, 0x40a     x15=0000012a x15:0004a8ad
27189956ns          476896 1c009090 40a75713 srai             x14, x14, 0x40a     x14=ffffffd0 x14:ffff4318
27189976ns          476897 1c009092 40c686b3 sub              x13, x13, x12       x13=fffffd77 x13:fffffd8d x12:00000016
27189996ns          476898 1c009094 00e787b3 add              x15, x15, x14       x15=000000fa x15:0000012a x14:ffffffd0
27190016ns          476899 1c009096 00d51823 sh               x13, 16(x10)        x13:fffffd77 x10:10002fa4  PA:10002fb4
27190036ns          476900 1c00909a 00f51923 sh               x15, 18(x10)        x15:000000fa x10:10002fa4  PA:10002fb6
27190056ns          476901 1c00909e 00008067 jalr             x0, x1, 0            x1:1c0093e8
27190095ns          476903 1c0093e8 2dc15583 lhu              x11, 732(x2)        x11=0000fd77  x2:10002cd8  PA:10002fb4
27190115ns          476904 1c0093ec 2de15783 lhu              x15, 734(x2)        x15=000000fa  x2:10002cd8  PA:10002fb6
27190135ns          476905 1c0093f0 40b90933 sub              x18, x18, x11       x18=ffff0073 x18:fffffdea x11:0000fd77
27190155ns          476906 1c0093f4 40f484b3 sub              x9, x9, x15          x9=000000a5  x9:0000019f x15:000000fa
27190175ns          476907 1c0093f6 100945b3 p.exths          x11, x18, x0        x11=00000073 x18:ffff0073
27190195ns          476908 1c0093fa 1004c7b3 p.exths          x15, x9, x0         x15=000000a5  x9:000000a5
27190215ns          476909 1c0093fe 034586b3 mul              x13, x11, x20       x13=fffee97c x11:00000073 x20:fffffd94
27190235ns          476910 1c009402 03378533 mul              x10, x15, x19       x10=0000be23 x15:000000a5 x19:00000127
27190255ns          476911 1c009406 034a0633 mul              x12, x20, x20       x12=0005dd90 x20:fffffd94 x20:fffffd94
27190274ns          476912 1c00940a 03398733 mul              x14, x19, x19       x14=000153f1 x19:00000127 x19:00000127
27190334ns          476915 1c00940e 034787b3 mul              x15, x15, x20       x15=fffe7064 x15:000000a5 x20:fffffd94
27190374ns          476917 1c009412 033585b3 mul              x11, x11, x19       x11=00008485 x11:00000073 x19:00000127
27190394ns          476918 1c009416 40a75713 srai             x14, x14, 0x40a     x14=00000054 x14:000153f1
27190414ns          476919 1c009418 40a5d593 srai             x11, x11, 0x40a     x11=00000021 x11:00008485
27190434ns          476920 1c00941a 40a65613 srai             x12, x12, 0x40a     x12=00000177 x12:0005dd90
27190453ns          476921 1c00941c 40a7d793 srai             x15, x15, 0x40a     x15=ffffff9c x15:fffe7064
27190473ns          476922 1c00941e 1c0034b7 lui              x9, 0x1c003000       x9=1c003000
27190493ns          476923 1c009422 00e60633 add              x12, x12, x14       x12=000001cb x12:00000177 x14:00000054
27190513ns          476924 1c009424 40b787b3 sub              x15, x15, x11       x15=ffffff7b x15:ffffff9c x11:00000021
27190533ns          476925 1c009426 eb048493 addi             x9, x9, -336         x9=1c002eb0  x9:1c003000
27190553ns          476926 1c00942a 1c0032b7 lui              x5, 0x1c003000       x5=1c003000
27190573ns          476927 1c00942e 1c0035b7 lui              x11, 0x1c003000     x11=1c003000
27190593ns          476928 1c009432 018483b3 add              x7, x9, x24          x7=1c002eba  x9:1c002eb0 x24:0000000a
27190613ns          476929 1c009436 02812e83 lw               x29, 40(x2)         x29=1c002eca  x2:10002cd8  PA:10002d00
27190632ns          476930 1c009438 10065633 p.exthz          x12, x12, x0        x12=000001cb x12:000001cb
27190652ns          476931 1c00943c e8028293 addi             x5, x5, -384         x5=1c002e80  x5:1c003000
27190692ns          476933 1c009440 ea058593 addi             x11, x11, -352      x11=1c002ea0 x11:1c003000
27190732ns          476935 1c009444 03812483 lw               x9, 56(x2)           x9=1c002eea  x2:10002cd8  PA:10002d10
27190752ns          476936 1c009446 10064733 p.exths          x14, x12, x0        x14=000001cb x12:000001cb
27190772ns          476937 1c00944a 018280b3 add              x1, x5, x24          x1=1c002e8a  x5:1c002e80 x24:0000000a
27190792ns          476938 1c00944e 03012f03 lw               x30, 48(x2)         x30=1c002eda  x2:10002cd8  PA:10002d08
27190831ns          476940 1c009450 018582b3 add              x5, x11, x24         x5=1c002eaa x11:1c002ea0 x24:0000000a
27190871ns          476942 1c009454 04012583 lw               x11, 64(x2)         x11=1c002efa  x2:10002cd8  PA:10002d18
27190891ns          476943 1c009456 000edd83 lhu              x27, 0(x29)         x27=00000fc8 x29:1c002eca  PA:1c002eca
27191189ns          476958 1c00945a 0004d483 lhu              x9, 0(x9)            x9=00000095  x9:1c002eea  PA:1c002eea
27191488ns          476973 1c00945e 02e70333 mul              x6, x14, x14         x6=000336f9 x14:000001cb x14:000001cb
27191508ns          476974 1c009462 40a55513 srai             x10, x10, 0x40a     x10=0000002f x10:0000be23
27191527ns          476975 1c009464 04812e83 lw               x29, 72(x2)         x29=1c002f0a  x2:10002cd8  PA:10002d20
27191547ns          476976 1c009466 40a6d693 srai             x13, x13, 0x40a     x13=ffffffba x13:fffee97c
27191567ns          476977 1c009468 000f5d03 lhu              x26, 0(x30)         x26=000002ac x30:1c002eda  PA:1c002eda
27191866ns          476992 1c00946c 0005d583 lhu              x11, 0(x11)         x11=00000028 x11:1c002efa  PA:1c002efa
27192204ns          477009 1c009470 40a35313 srai             x6, x6, 0x40a        x6=000000cd  x6:000336f9
27192224ns          477010 1c009474 00a686b3 add              x13, x13, x10       x13=ffffffe9 x13:ffffffba x10:0000002f
27192243ns          477011 1c009476 05012f03 lw               x30, 80(x2)         x30=1c002e7a  x2:10002cd8  PA:10002d28
27192263ns          477012 1c009478 10034e33 p.exths          x28, x6, x0         x28=000000cd  x6:000000cd
27192283ns          477013 1c00947c 06911023 sh               x9, 96(x2)           x9:00000095  x2:10002cd8  PA:10002d38
27192303ns          477014 1c009480 000ede83 lhu              x29, 0(x29)         x29=0000000b x29:1c002f0a  PA:1c002f0a
27192601ns          477029 1c009484 05812483 lw               x9, 88(x2)           x9=1c002e6a  x2:10002cd8  PA:10002d30
27192621ns          477030 1c009486 1006d6b3 p.exthz          x13, x13, x0        x13=0000ffe9 x13:ffffffe9
27192641ns          477031 1c00948a 02ee08b3 mul              x17, x28, x14       x17=00016f8f x28:000000cd x14:000001cb
27192661ns          477032 1c00948e 1006c833 p.exths          x16, x13, x0        x16=ffffffe9 x13:0000ffe9
27192681ns          477033 1c009492 06b11823 sh               x11, 112(x2)        x11:00000028  x2:10002cd8  PA:10002d48
27192721ns          477035 1c009496 000f5f03 lhu              x30, 0(x30)         x30=0000ff3a x30:1c002e7a  PA:1c002e7a
27193079ns          477053 1c00949a 0a012583 lw               x11, 160(x2)        x11=1c002e9a  x2:10002cd8  PA:10002d78
27193099ns          477054 1c00949c 1007d7b3 p.exthz          x15, x15, x0        x15=0000ff7b x15:ffffff7b
27193118ns          477055 1c0094a0 0004da03 lhu              x20, 0(x9)          x20=0000fcc0  x9:1c002e6a  PA:1c002e6a
27193437ns          477071 1c0094a4 1007c533 p.exths          x10, x15, x0        x10=ffffff7b x15:0000ff7b
27193457ns          477072 1c0094a8 09d11023 sh               x29, 128(x2)        x29:0000000b  x2:10002cd8  PA:10002d58
27193476ns          477073 1c0094ac 0003d483 lhu              x9, 0(x7)            x9=0000ffdd  x7:1c002eba  PA:1c002eba
27193775ns          477088 1c0094b0 02e80eb3 mul              x29, x16, x14       x29=ffffd6c3 x16:ffffffe9 x14:000001cb
27193795ns          477089 1c0094b4 40a8d893 srai             x17, x17, 0x40a     x17=0000005b x17:00016f8f
27193815ns          477090 1c0094b8 03c80833 mul              x16, x16, x28       x16=ffffed95 x16:ffffffe9 x28:000000cd
27193834ns          477091 1c0094bc 09e11823 sh               x30, 144(x2)        x30:0000ff3a  x2:10002cd8  PA:10002d68
27193854ns          477092 1c0094c0 0005d983 lhu              x19, 0(x11)         x19=0000ffc4 x11:1c002e9a  PA:1c002e9a
27194192ns          477109 1c0094c4 81c88f5b p.muls           x30, x17, x28       x30=000048df x17:0000005b x28:000000cd
27194212ns          477110 1c0094c8 0002d583 lhu              x11, 0(x5)          x11=0000ffc1  x5:1c002eaa  PA:1c002eaa
27194550ns          477127 1c0094cc 03ce0fb3 mul              x31, x28, x28       x31=0000a429 x28:000000cd x28:000000cd
27194570ns          477128 1c0094d0 02e50733 mul              x14, x10, x14       x14=ffff1189 x10:ffffff7b x14:000001cb
27194590ns          477129 1c0094d4 40a85813 srai             x16, x16, 0x40a     x16=fffffffb x16:ffffed95
27194610ns          477130 1c0094d8 03c50533 mul              x10, x10, x28       x10=ffff957f x10:ffffff7b x28:000000cd
27194630ns          477131 1c0094dc 07015e03 lhu              x28, 112(x2)        x28=00000028  x2:10002cd8  PA:10002d48
27194650ns          477132 1c0094e0 01b60633 add              x12, x12, x27       x12=00001193 x12:000001cb x27:00000fc8
27194670ns          477133 1c0094e2 00980833 add              x16, x16, x9        x16=0000ffd8 x16:fffffffb  x9:0000ffdd
27194690ns          477134 1c0094e4 06015d83 lhu              x27, 96(x2)         x27=00000095  x2:10002cd8  PA:10002d38
27194710ns          477135 1c0094e8 02812483 lw               x9, 40(x2)           x9=1c002eca  x2:10002cd8  PA:10002d00
27194729ns          477136 1c0094ea 40afdf93 srai             x31, x31, 0x40a     x31=00000029 x31:0000a429
27194749ns          477137 1c0094ee 40a55513 srai             x10, x10, 0x40a     x10=ffffffe5 x10:ffff957f
27194769ns          477138 1c0094f0 01cf8fb3 add              x31, x31, x28       x31=00000051 x31:00000029 x28:00000028
27194789ns          477139 1c0094f2 00b50533 add              x10, x10, x11       x10=0000ffa6 x10:ffffffe5 x11:0000ffc1
27194809ns          477140 1c0094f4 09015e03 lhu              x28, 144(x2)        x28=0000ff3a  x2:10002cd8  PA:10002d68
27194829ns          477141 1c0094f8 03012583 lw               x11, 48(x2)         x11=1c002eda  x2:10002cd8  PA:10002d08
27194849ns          477142 1c0094fa 00c49023 sh               x12, 0(x9)          x12:00001193  x9:1c002eca  PA:1c002eca
27195167ns          477158 1c0094fe 01b888b3 add              x17, x17, x27       x17=000000f0 x17:0000005b x27:00000095
27195187ns          477159 1c009500 01a30333 add              x6, x6, x26          x6=00000379  x6:000000cd x26:000002ac
27195207ns          477160 1c009502 08015d83 lhu              x27, 128(x2)        x27=0000000b  x2:10002cd8  PA:10002d58
27195227ns          477161 1c009506 0000d903 lhu              x18, 0(x1)          x18=0000ff4b  x1:1c002e8a  PA:1c002e8a
27195565ns          477178 1c00950a 01c686b3 add              x13, x13, x28       x13=0001ff23 x13:0000ffe9 x28:0000ff3a
27195585ns          477179 1c00950c 00659023 sh               x6, 0(x11)           x6:00000379 x11:1c002eda  PA:1c002eda
27195923ns          477196 1c009510 40af5f13 srai             x30, x30, 0x40a     x30=00000012 x30:000048df
27195943ns          477197 1c009514 04812e03 lw               x28, 72(x2)         x28=1c002f0a  x2:10002cd8  PA:10002d20
27195962ns          477198 1c009516 01bf0f33 add              x30, x30, x27       x30=0000001d x30:00000012 x27:0000000b
27195982ns          477199 1c009518 40aede93 srai             x29, x29, 0x40a     x29=fffffff5 x29:ffffd6c3
27196002ns          477200 1c00951c 40a75713 srai             x14, x14, 0x40a     x14=ffffffc4 x14:ffff1189
27196022ns          477201 1c00951e 03812603 lw               x12, 56(x2)         x12=1c002eea  x2:10002cd8  PA:10002d10
27196042ns          477202 1c009520 04012d83 lw               x27, 64(x2)         x27=1c002efa  x2:10002cd8  PA:10002d18
27196062ns          477203 1c009522 01ee1023 sh               x30, 0(x28)         x30:0000001d x28:1c002f0a  PA:1c002f0a
27196380ns          477219 1c009526 05812483 lw               x9, 88(x2)           x9=1c002e6a  x2:10002cd8  PA:10002d30
27196400ns          477220 1c009528 05012f03 lw               x30, 80(x2)         x30=1c002e7a  x2:10002cd8  PA:10002d28
27196420ns          477221 1c00952a 0a012583 lw               x11, 160(x2)        x11=1c002e9a  x2:10002cd8  PA:10002d78
27196440ns          477222 1c00952c 014787b3 add              x15, x15, x20       x15=0001fc3b x15:0000ff7b x20:0000fcc0
27196460ns          477223 1c00952e 013e8eb3 add              x29, x29, x19       x29=0000ffb9 x29:fffffff5 x19:0000ffc4
27196480ns          477224 1c009530 01270733 add              x14, x14, x18       x14=0000ff0f x14:ffffffc4 x18:0000ff4b
27196499ns          477225 1c009532 00f49023 sh               x15, 0(x9)          x15:0001fc3b  x9:1c002e6a  PA:1c002e6a
27196818ns          477241 1c009536 01161023 sh               x17, 0(x12)         x17:000000f0 x12:1c002eea  PA:1c002eea
27197196ns          477260 1c00953a 01fd9023 sh               x31, 0(x27)         x31:00000051 x27:1c002efa  PA:1c002efa
27197573ns          477279 1c00953e 00df1023 sh               x13, 0(x30)         x13:0001ff23 x30:1c002e7a  PA:1c002e7a
27197971ns          477299 1c009542 01d59023 sh               x29, 0(x11)         x29:0000ffb9 x11:1c002e9a  PA:1c002e9a
27198369ns          477319 1c009546 00e09023 sh               x14, 0(x1)          x14:0000ff0f  x1:1c002e8a  PA:1c002e8a
27198707ns          477336 1c00954a 01039023 sh               x16, 0(x7)          x16:0000ffd8  x7:1c002eba  PA:1c002eba
27199025ns          477352 1c00954e 00a29023 sh               x10, 0(x5)          x10:0000ffa6  x5:1c002eaa  PA:1c002eaa
27199343ns          477368 1c009552 008b0b13 addi             x22, x22, 8         x22=0000014d x22:00000145
27199363ns          477369 1c009554 1f300793 addi             x15, x0, 499        x15=000001f3
27199383ns          477370 1c009558 e767dae3 bge              x15, x22, -396      x15:000001f3 x22:0000014d
27199483ns          477375 1c0093cc 010c9a0b p.lh             x20, 16(x25!)       x20=fffffed7 x25=1c002932 x25:1c002922  PA:1c002922
27199801ns          477391 1c0093d0 0104198b p.lh             x19, 16(x8!)        x19=ffffff92  x8=1c0020fa  x8:1c0020ea  PA:1c0020ea
27200139ns          477408 1c0093d4 2cc10513 addi             x10, x2, 716        x10=10002fa4  x2:10002cd8
27200159ns          477409 1c0093d6 010a990b p.lh             x18, 16(x21!)       x18=fffffec7 x21=1c001926 x21:1c001916  PA:1c001916
27200497ns          477426 1c0093da 010b948b p.lh             x9, 16(x23!)         x9=ffffffaf x23=1c001156 x23:1c001146  PA:1c001146
27200815ns          477442 1c0093de 2d411623 sh               x20, 716(x2)        x20:fffffed7  x2:10002cd8  PA:10002fa4
27200835ns          477443 1c0093e2 2d311723 sh               x19, 718(x2)        x19:ffffff92  x2:10002cd8  PA:10002fa6
27200855ns          477444 1c0093e6 c33ff0ef jal              x1, -974             x1=1c0093e8
27200934ns          477448 1c009018 00051803 lh               x16, 0(x10)         x16=fffffed7 x10:10002fa4  PA:10002fa4
27200974ns          477450 1c00901c 00251883 lh               x17, 2(x10)         x17=ffffff92 x10:10002fa4  PA:10002fa6
27200994ns          477451 1c009020 030806b3 mul              x13, x16, x16       x13=00015891 x16:fffffed7 x16:fffffed7
27201014ns          477452 1c009024 03188633 mul              x12, x17, x17       x12=00002f44 x17:ffffff92 x17:ffffff92
27201034ns          477453 1c009028 40a65613 srai             x12, x12, 0x40a     x12=0000000b x12:00002f44
27201054ns          477454 1c00902a 40a6d693 srai             x13, x13, 0x40a     x13=00000056 x13:00015891
27201074ns          477455 1c00902c 00c686b3 add              x13, x13, x12       x13=00000061 x13:00000056 x12:0000000b
27201094ns          477456 1c00902e 1006c633 p.exths          x12, x13, x0        x12=00000061 x13:00000061
27201113ns          477457 1c009032 00855703 lhu              x14, 8(x10)         x14=0000ffd1 x10:10002fa4  PA:10002fac
27201133ns          477458 1c009036 00a55683 lhu              x13, 10(x10)        x13=0000ff6a x10:10002fa4  PA:10002fae
27201153ns          477459 1c00903a 02c60333 mul              x6, x12, x12         x6=000024c1 x12:00000061 x12:00000061
27201193ns          477461 1c00903e 00c55783 lhu              x15, 12(x10)        x15=0000ffe5 x10:10002fa4  PA:10002fb0
27201233ns          477463 1c009042 00e55583 lhu              x11, 14(x10)        x11=00000060 x10:10002fa4  PA:10002fb2
27201253ns          477464 1c009046 dea30333 p.extract        x6, x6, 15, 10       x6=00000009  x6:000024c1
27201273ns          477465 1c00904a 80c7075b p.muls           x14, x14, x12       x14=ffffee31 x14:0000ffd1 x12:00000061
27201332ns          477468 1c00904e 80c686db p.muls           x13, x13, x12       x13=ffffc72a x13:0000ff6a x12:00000061
27201372ns          477470 1c009052 00455e83 lhu              x29, 4(x10)         x29=00000427 x10:10002fa4  PA:10002fa8
27201392ns          477471 1c009056 00655e03 lhu              x28, 6(x10)         x28=0000007f x10:10002fa4  PA:10002faa
27201412ns          477472 1c00905a 40a75713 srai             x14, x14, 0x40a     x14=fffffffb x14:ffffee31
27201432ns          477473 1c00905c 806787db p.muls           x15, x15, x6        x15=ffffff0d x15:0000ffe5  x6:00000009
27201471ns          477475 1c009060 40a6d693 srai             x13, x13, 0x40a     x13=fffffff1 x13:ffffc72a
27201511ns          477477 1c009062 8065865b p.muls           x12, x11, x6        x12=00000360 x11:00000060  x6:00000009
27201531ns          477478 1c009066 40a7d793 srai             x15, x15, 0x40a     x15=ffffffff x15:ffffff0d
27201551ns          477479 1c009068 40a65613 srai             x12, x12, 0x40a     x12=00000000 x12:00000360
27201571ns          477480 1c00906a 01d70733 add              x14, x14, x29       x14=00000422 x14:fffffffb x29:00000427
27201591ns          477481 1c00906c 01c686b3 add              x13, x13, x28       x13=00000070 x13:fffffff1 x28:0000007f
27201611ns          477482 1c00906e 00c686b3 add              x13, x13, x12       x13=00000070 x13:00000070 x12:00000000
27201631ns          477483 1c009070 00f70733 add              x14, x14, x15       x14=00000421 x14:00000422 x15:ffffffff
27201650ns          477484 1c009072 100747b3 p.exths          x15, x14, x0        x15=00000421 x14:00000421
27201670ns          477485 1c009076 1006c733 p.exths          x14, x13, x0        x14=00000070 x13:00000070
27201690ns          477486 1c00907a 03170633 mul              x12, x14, x17       x12=ffffcfe0 x14:00000070 x17:ffffff92
27201710ns          477487 1c00907e 030786b3 mul              x13, x15, x16       x13=fffb35b7 x15:00000421 x16:fffffed7
27201730ns          477488 1c009082 03070733 mul              x14, x14, x16       x14=ffff7e10 x14:00000070 x16:fffffed7
27201750ns          477489 1c009086 031787b3 mul              x15, x15, x17       x15=fffe39d2 x15:00000421 x17:ffffff92
27201770ns          477490 1c00908a 40a6d693 srai             x13, x13, 0x40a     x13=fffffecd x13:fffb35b7
27201790ns          477491 1c00908c 40a65613 srai             x12, x12, 0x40a     x12=fffffff3 x12:ffffcfe0
27201810ns          477492 1c00908e 40a7d793 srai             x15, x15, 0x40a     x15=ffffff8e x15:fffe39d2
27201829ns          477493 1c009090 40a75713 srai             x14, x14, 0x40a     x14=ffffffdf x14:ffff7e10
27201849ns          477494 1c009092 40c686b3 sub              x13, x13, x12       x13=fffffeda x13:fffffecd x12:fffffff3
27201869ns          477495 1c009094 00e787b3 add              x15, x15, x14       x15=ffffff6d x15:ffffff8e x14:ffffffdf
27201889ns          477496 1c009096 00d51823 sh               x13, 16(x10)        x13:fffffeda x10:10002fa4  PA:10002fb4
27201909ns          477497 1c00909a 00f51923 sh               x15, 18(x10)        x15:ffffff6d x10:10002fa4  PA:10002fb6
27201929ns          477498 1c00909e 00008067 jalr             x0, x1, 0            x1:1c0093e8
27202048ns          477504 1c0093e8 2dc15583 lhu              x11, 732(x2)        x11=0000feda  x2:10002cd8  PA:10002fb4
27202088ns          477506 1c0093ec 2de15783 lhu              x15, 734(x2)        x15=0000ff6d  x2:10002cd8  PA:10002fb6
27202108ns          477507 1c0093f0 40b90933 sub              x18, x18, x11       x18=fffeffed x18:fffffec7 x11:0000feda
27202128ns          477508 1c0093f4 40f484b3 sub              x9, x9, x15          x9=ffff0042  x9:ffffffaf x15:0000ff6d
27202148ns          477509 1c0093f6 100945b3 p.exths          x11, x18, x0        x11=ffffffed x18:fffeffed
27202168ns          477510 1c0093fa 1004c7b3 p.exths          x15, x9, x0         x15=00000042  x9:ffff0042
27202187ns          477511 1c0093fe 034586b3 mul              x13, x11, x20       x13=0000160b x11:ffffffed x20:fffffed7
27202207ns          477512 1c009402 03378533 mul              x10, x15, x19       x10=ffffe3a4 x15:00000042 x19:ffffff92
27202227ns          477513 1c009406 034a0633 mul              x12, x20, x20       x12=00015891 x20:fffffed7 x20:fffffed7
27202247ns          477514 1c00940a 03398733 mul              x14, x19, x19       x14=00002f44 x19:ffffff92 x19:ffffff92
27202267ns          477515 1c00940e 034787b3 mul              x15, x15, x20       x15=ffffb36e x15:00000042 x20:fffffed7
27202287ns          477516 1c009412 033585b3 mul              x11, x11, x19       x11=0000082a x11:ffffffed x19:ffffff92
27202307ns          477517 1c009416 40a75713 srai             x14, x14, 0x40a     x14=0000000b x14:00002f44
27202327ns          477518 1c009418 40a5d593 srai             x11, x11, 0x40a     x11=00000002 x11:0000082a
27202346ns          477519 1c00941a 40a65613 srai             x12, x12, 0x40a     x12=00000056 x12:00015891
27202366ns          477520 1c00941c 40a7d793 srai             x15, x15, 0x40a     x15=ffffffec x15:ffffb36e
27202386ns          477521 1c00941e 1c0034b7 lui              x9, 0x1c003000       x9=1c003000
27202406ns          477522 1c009422 00e60633 add              x12, x12, x14       x12=00000061 x12:00000056 x14:0000000b
27202426ns          477523 1c009424 40b787b3 sub              x15, x15, x11       x15=ffffffea x15:ffffffec x11:00000002
27202446ns          477524 1c009426 eb048493 addi             x9, x9, -336         x9=1c002eb0  x9:1c003000
27202466ns          477525 1c00942a 1c0032b7 lui              x5, 0x1c003000       x5=1c003000
27202486ns          477526 1c00942e 1c0035b7 lui              x11, 0x1c003000     x11=1c003000
27202506ns          477527 1c009432 018483b3 add              x7, x9, x24          x7=1c002eba  x9:1c002eb0 x24:0000000a
27202525ns          477528 1c009436 02812e83 lw               x29, 40(x2)         x29=1c002eca  x2:10002cd8  PA:10002d00
27202545ns          477529 1c009438 10065633 p.exthz          x12, x12, x0        x12=00000061 x12:00000061
27202565ns          477530 1c00943c e8028293 addi             x5, x5, -384         x5=1c002e80  x5:1c003000
27202585ns          477531 1c009440 ea058593 addi             x11, x11, -352      x11=1c002ea0 x11:1c003000
27202605ns          477532 1c009444 03812483 lw               x9, 56(x2)           x9=1c002eea  x2:10002cd8  PA:10002d10
27202625ns          477533 1c009446 10064733 p.exths          x14, x12, x0        x14=00000061 x12:00000061
27202645ns          477534 1c00944a 018280b3 add              x1, x5, x24          x1=1c002e8a  x5:1c002e80 x24:0000000a
27202665ns          477535 1c00944e 03012f03 lw               x30, 48(x2)         x30=1c002eda  x2:10002cd8  PA:10002d08
27202685ns          477536 1c009450 018582b3 add              x5, x11, x24         x5=1c002eaa x11:1c002ea0 x24:0000000a
27202704ns          477537 1c009454 04012583 lw               x11, 64(x2)         x11=1c002efa  x2:10002cd8  PA:10002d18
27202724ns          477538 1c009456 000edd83 lhu              x27, 0(x29)         x27=00001193 x29:1c002eca  PA:1c002eca
27203023ns          477553 1c00945a 0004d483 lhu              x9, 0(x9)            x9=000000f0  x9:1c002eea  PA:1c002eea
27203321ns          477568 1c00945e 02e70333 mul              x6, x14, x14         x6=000024c1 x14:00000061 x14:00000061
27203341ns          477569 1c009462 40a55513 srai             x10, x10, 0x40a     x10=fffffff8 x10:ffffe3a4
27203361ns          477570 1c009464 04812e83 lw               x29, 72(x2)         x29=1c002f0a  x2:10002cd8  PA:10002d20
27203381ns          477571 1c009466 40a6d693 srai             x13, x13, 0x40a     x13=00000005 x13:0000160b
27203401ns          477572 1c009468 000f5d03 lhu              x26, 0(x30)         x26=00000379 x30:1c002eda  PA:1c002eda
27203699ns          477587 1c00946c 0005d583 lhu              x11, 0(x11)         x11=00000051 x11:1c002efa  PA:1c002efa
27204057ns          477605 1c009470 40a35313 srai             x6, x6, 0x40a        x6=00000009  x6:000024c1
27204077ns          477606 1c009474 00a686b3 add              x13, x13, x10       x13=fffffffd x13:00000005 x10:fffffff8
27204097ns          477607 1c009476 05012f03 lw               x30, 80(x2)         x30=1c002e7a  x2:10002cd8  PA:10002d28
27204117ns          477608 1c009478 10034e33 p.exths          x28, x6, x0         x28=00000009  x6:00000009
27204136ns          477609 1c00947c 06911023 sh               x9, 96(x2)           x9:000000f0  x2:10002cd8  PA:10002d38
27204156ns          477610 1c009480 000ede83 lhu              x29, 0(x29)         x29=0000001d x29:1c002f0a  PA:1c002f0a
27204455ns          477625 1c009484 05812483 lw               x9, 88(x2)           x9=1c002e6a  x2:10002cd8  PA:10002d30
27204475ns          477626 1c009486 1006d6b3 p.exthz          x13, x13, x0        x13=0000fffd x13:fffffffd
27204494ns          477627 1c00948a 02ee08b3 mul              x17, x28, x14       x17=00000369 x28:00000009 x14:00000061
27204514ns          477628 1c00948e 1006c833 p.exths          x16, x13, x0        x16=fffffffd x13:0000fffd
27204534ns          477629 1c009492 06b11823 sh               x11, 112(x2)        x11:00000051  x2:10002cd8  PA:10002d48
27204554ns          477630 1c009496 000f5f03 lhu              x30, 0(x30)         x30=0000ff23 x30:1c002e7a  PA:1c002e7a
27204912ns          477648 1c00949a 0a012583 lw               x11, 160(x2)        x11=1c002e9a  x2:10002cd8  PA:10002d78
27204932ns          477649 1c00949c 1007d7b3 p.exthz          x15, x15, x0        x15=0000ffea x15:ffffffea
27204952ns          477650 1c0094a0 0004da03 lhu              x20, 0(x9)          x20=0000fc3b  x9:1c002e6a  PA:1c002e6a
27205250ns          477665 1c0094a4 1007c533 p.exths          x10, x15, x0        x10=ffffffea x15:0000ffea
27205270ns          477666 1c0094a8 09d11023 sh               x29, 128(x2)        x29:0000001d  x2:10002cd8  PA:10002d58
27205290ns          477667 1c0094ac 0003d483 lhu              x9, 0(x7)            x9=0000ffd8  x7:1c002eba  PA:1c002eba
27205588ns          477682 1c0094b0 02e80eb3 mul              x29, x16, x14       x29=fffffedd x16:fffffffd x14:00000061
27205608ns          477683 1c0094b4 40a8d893 srai             x17, x17, 0x40a     x17=00000000 x17:00000369
27205628ns          477684 1c0094b8 03c80833 mul              x16, x16, x28       x16=ffffffe5 x16:fffffffd x28:00000009
27205648ns          477685 1c0094bc 09e11823 sh               x30, 144(x2)        x30:0000ff23  x2:10002cd8  PA:10002d68
27205668ns          477686 1c0094c0 0005d983 lhu              x19, 0(x11)         x19=0000ffb9 x11:1c002e9a  PA:1c002e9a
27205986ns          477702 1c0094c4 81c88f5b p.muls           x30, x17, x28       x30=00000000 x17:00000000 x28:00000009
27206006ns          477703 1c0094c8 0002d583 lhu              x11, 0(x5)          x11=0000ffa6  x5:1c002eaa  PA:1c002eaa
27206424ns          477724 1c0094cc 03ce0fb3 mul              x31, x28, x28       x31=00000051 x28:00000009 x28:00000009
27206443ns          477725 1c0094d0 02e50733 mul              x14, x10, x14       x14=fffff7aa x10:ffffffea x14:00000061
27206463ns          477726 1c0094d4 40a85813 srai             x16, x16, 0x40a     x16=ffffffff x16:ffffffe5
27206483ns          477727 1c0094d8 03c50533 mul              x10, x10, x28       x10=ffffff3a x10:ffffffea x28:00000009
27206503ns          477728 1c0094dc 07015e03 lhu              x28, 112(x2)        x28=00000051  x2:10002cd8  PA:10002d48
27206543ns          477730 1c0094e0 01b60633 add              x12, x12, x27       x12=000011f4 x12:00000061 x27:00001193
27206563ns          477731 1c0094e2 00980833 add              x16, x16, x9        x16=0000ffd7 x16:ffffffff  x9:0000ffd8
27206583ns          477732 1c0094e4 06015d83 lhu              x27, 96(x2)         x27=000000f0  x2:10002cd8  PA:10002d38
27206603ns          477733 1c0094e8 02812483 lw               x9, 40(x2)           x9=1c002eca  x2:10002cd8  PA:10002d00
27206622ns          477734 1c0094ea 40afdf93 srai             x31, x31, 0x40a     x31=00000000 x31:00000051
27206642ns          477735 1c0094ee 40a55513 srai             x10, x10, 0x40a     x10=ffffffff x10:ffffff3a
27206662ns          477736 1c0094f0 01cf8fb3 add              x31, x31, x28       x31=00000051 x31:00000000 x28:00000051
27206682ns          477737 1c0094f2 00b50533 add              x10, x10, x11       x10=0000ffa5 x10:ffffffff x11:0000ffa6
27206702ns          477738 1c0094f4 09015e03 lhu              x28, 144(x2)        x28=0000ff23  x2:10002cd8  PA:10002d68
27206722ns          477739 1c0094f8 03012583 lw               x11, 48(x2)         x11=1c002eda  x2:10002cd8  PA:10002d08
27206742ns          477740 1c0094fa 00c49023 sh               x12, 0(x9)          x12:000011f4  x9:1c002eca  PA:1c002eca
27207060ns          477756 1c0094fe 01b888b3 add              x17, x17, x27       x17=000000f0 x17:00000000 x27:000000f0
27207080ns          477757 1c009500 01a30333 add              x6, x6, x26          x6=00000382  x6:00000009 x26:00000379
27207100ns          477758 1c009502 08015d83 lhu              x27, 128(x2)        x27=0000001d  x2:10002cd8  PA:10002d58
27207120ns          477759 1c009506 0000d903 lhu              x18, 0(x1)          x18=0000ff0f  x1:1c002e8a  PA:1c002e8a
27207458ns          477776 1c00950a 01c686b3 add              x13, x13, x28       x13=0001ff20 x13:0000fffd x28:0000ff23
27207478ns          477777 1c00950c 00659023 sh               x6, 0(x11)           x6:00000382 x11:1c002eda  PA:1c002eda
27207875ns          477797 1c009510 40af5f13 srai             x30, x30, 0x40a     x30=00000000 x30:00000000
27207895ns          477798 1c009514 04812e03 lw               x28, 72(x2)         x28=1c002f0a  x2:10002cd8  PA:10002d20
27207915ns          477799 1c009516 01bf0f33 add              x30, x30, x27       x30=0000001d x30:00000000 x27:0000001d
27207935ns          477800 1c009518 40aede93 srai             x29, x29, 0x40a     x29=ffffffff x29:fffffedd
27207955ns          477801 1c00951c 40a75713 srai             x14, x14, 0x40a     x14=fffffffd x14:fffff7aa
27207975ns          477802 1c00951e 03812603 lw               x12, 56(x2)         x12=1c002eea  x2:10002cd8  PA:10002d10
27207995ns          477803 1c009520 04012d83 lw               x27, 64(x2)         x27=1c002efa  x2:10002cd8  PA:10002d18
27208015ns          477804 1c009522 01ee1023 sh               x30, 0(x28)         x30:0000001d x28:1c002f0a  PA:1c002f0a
27208353ns          477821 1c009526 05812483 lw               x9, 88(x2)           x9=1c002e6a  x2:10002cd8  PA:10002d30
27208373ns          477822 1c009528 05012f03 lw               x30, 80(x2)         x30=1c002e7a  x2:10002cd8  PA:10002d28
27208412ns          477824 1c00952a 0a012583 lw               x11, 160(x2)        x11=1c002e9a  x2:10002cd8  PA:10002d78
27208432ns          477825 1c00952c 014787b3 add              x15, x15, x20       x15=0001fc25 x15:0000ffea x20:0000fc3b
27208452ns          477826 1c00952e 013e8eb3 add              x29, x29, x19       x29=0000ffb8 x29:ffffffff x19:0000ffb9
27208472ns          477827 1c009530 01270733 add              x14, x14, x18       x14=0000ff0c x14:fffffffd x18:0000ff0f
27208492ns          477828 1c009532 00f49023 sh               x15, 0(x9)          x15:0001fc25  x9:1c002e6a  PA:1c002e6a
27208810ns          477844 1c009536 01161023 sh               x17, 0(x12)         x17:000000f0 x12:1c002eea  PA:1c002eea
27209128ns          477860 1c00953a 01fd9023 sh               x31, 0(x27)         x31:00000051 x27:1c002efa  PA:1c002efa
27209486ns          477878 1c00953e 00df1023 sh               x13, 0(x30)         x13:0001ff20 x30:1c002e7a  PA:1c002e7a
27209844ns          477896 1c009542 01d59023 sh               x29, 0(x11)         x29:0000ffb8 x11:1c002e9a  PA:1c002e9a
27210162ns          477912 1c009546 00e09023 sh               x14, 0(x1)          x14:0000ff0c  x1:1c002e8a  PA:1c002e8a
27210481ns          477928 1c00954a 01039023 sh               x16, 0(x7)          x16:0000ffd7  x7:1c002eba  PA:1c002eba
27210898ns          477949 1c00954e 00a29023 sh               x10, 0(x5)          x10:0000ffa5  x5:1c002eaa  PA:1c002eaa
27211217ns          477965 1c009552 008b0b13 addi             x22, x22, 8         x22=00000155 x22:0000014d
27211236ns          477966 1c009554 1f300793 addi             x15, x0, 499        x15=000001f3
27211256ns          477967 1c009558 e767dae3 bge              x15, x22, -396      x15:000001f3 x22:00000155
27211316ns          477970 1c0093cc 010c9a0b p.lh             x20, 16(x25!)       x20=ffffff9f x25=1c002942 x25:1c002932  PA:1c002932
27211674ns          477988 1c0093d0 0104198b p.lh             x19, 16(x8!)        x19=fffffe8c  x8=1c00210a  x8:1c0020fa  PA:1c0020fa
27211992ns          478004 1c0093d4 2cc10513 addi             x10, x2, 716        x10=10002fa4  x2:10002cd8
27212012ns          478005 1c0093d6 010a990b p.lh             x18, 16(x21!)       x18=ffffff87 x21=1c001936 x21:1c001926  PA:1c001926
27212350ns          478022 1c0093da 010b948b p.lh             x9, 16(x23!)         x9=fffffe9c x23=1c001166 x23:1c001156  PA:1c001156
27212648ns          478037 1c0093de 2d411623 sh               x20, 716(x2)        x20:ffffff9f  x2:10002cd8  PA:10002fa4
27212668ns          478038 1c0093e2 2d311723 sh               x19, 718(x2)        x19:fffffe8c  x2:10002cd8  PA:10002fa6
27212688ns          478039 1c0093e6 c33ff0ef jal              x1, -974             x1=1c0093e8
27212768ns          478043 1c009018 00051803 lh               x16, 0(x10)         x16=ffffff9f x10:10002fa4  PA:10002fa4
27212808ns          478045 1c00901c 00251883 lh               x17, 2(x10)         x17=fffffe8c x10:10002fa4  PA:10002fa6
27212827ns          478046 1c009020 030806b3 mul              x13, x16, x16       x13=000024c1 x16:ffffff9f x16:ffffff9f
27212847ns          478047 1c009024 03188633 mul              x12, x17, x17       x12=00021c90 x17:fffffe8c x17:fffffe8c
27212867ns          478048 1c009028 40a65613 srai             x12, x12, 0x40a     x12=00000087 x12:00021c90
27212887ns          478049 1c00902a 40a6d693 srai             x13, x13, 0x40a     x13=00000009 x13:000024c1
27212907ns          478050 1c00902c 00c686b3 add              x13, x13, x12       x13=00000090 x13:00000009 x12:00000087
27212927ns          478051 1c00902e 1006c633 p.exths          x12, x13, x0        x12=00000090 x13:00000090
27212947ns          478052 1c009032 00855703 lhu              x14, 8(x10)         x14=0000ffd1 x10:10002fa4  PA:10002fac
27212967ns          478053 1c009036 00a55683 lhu              x13, 10(x10)        x13=0000ff6a x10:10002fa4  PA:10002fae
27212987ns          478054 1c00903a 02c60333 mul              x6, x12, x12         x6=00005100 x12:00000090 x12:00000090
27213026ns          478056 1c00903e 00c55783 lhu              x15, 12(x10)        x15=0000ffe5 x10:10002fa4  PA:10002fb0
27213066ns          478058 1c009042 00e55583 lhu              x11, 14(x10)        x11=00000060 x10:10002fa4  PA:10002fb2
27213086ns          478059 1c009046 dea30333 p.extract        x6, x6, 15, 10       x6=00000014  x6:00005100
27213106ns          478060 1c00904a 80c7075b p.muls           x14, x14, x12       x14=ffffe590 x14:0000ffd1 x12:00000090
27213166ns          478063 1c00904e 80c686db p.muls           x13, x13, x12       x13=ffffaba0 x13:0000ff6a x12:00000090
27213205ns          478065 1c009052 00455e83 lhu              x29, 4(x10)         x29=00000427 x10:10002fa4  PA:10002fa8
27213225ns          478066 1c009056 00655e03 lhu              x28, 6(x10)         x28=0000007f x10:10002fa4  PA:10002faa
27213245ns          478067 1c00905a 40a75713 srai             x14, x14, 0x40a     x14=fffffff9 x14:ffffe590
27213265ns          478068 1c00905c 806787db p.muls           x15, x15, x6        x15=fffffde4 x15:0000ffe5  x6:00000014
27213285ns          478069 1c009060 40a6d693 srai             x13, x13, 0x40a     x13=ffffffea x13:ffffaba0
27213305ns          478070 1c009062 8065865b p.muls           x12, x11, x6        x12=00000780 x11:00000060  x6:00000014
27213325ns          478071 1c009066 40a7d793 srai             x15, x15, 0x40a     x15=ffffffff x15:fffffde4
27213345ns          478072 1c009068 40a65613 srai             x12, x12, 0x40a     x12=00000001 x12:00000780
27213364ns          478073 1c00906a 01d70733 add              x14, x14, x29       x14=00000420 x14:fffffff9 x29:00000427
27213384ns          478074 1c00906c 01c686b3 add              x13, x13, x28       x13=00000069 x13:ffffffea x28:0000007f
27213404ns          478075 1c00906e 00c686b3 add              x13, x13, x12       x13=0000006a x13:00000069 x12:00000001
27213424ns          478076 1c009070 00f70733 add              x14, x14, x15       x14=0000041f x14:00000420 x15:ffffffff
27213444ns          478077 1c009072 100747b3 p.exths          x15, x14, x0        x15=0000041f x14:0000041f
27213464ns          478078 1c009076 1006c733 p.exths          x14, x13, x0        x14=0000006a x13:0000006a
27213484ns          478079 1c00907a 03170633 mul              x12, x14, x17       x12=ffff65f8 x14:0000006a x17:fffffe8c
27213504ns          478080 1c00907e 030786b3 mul              x13, x15, x16       x13=fffe7041 x15:0000041f x16:ffffff9f
27213524ns          478081 1c009082 03070733 mul              x14, x14, x16       x14=ffffd7d6 x14:0000006a x16:ffffff9f
27213543ns          478082 1c009086 031787b3 mul              x15, x15, x17       x15=fffa02f4 x15:0000041f x17:fffffe8c
27213563ns          478083 1c00908a 40a6d693 srai             x13, x13, 0x40a     x13=ffffff9c x13:fffe7041
27213583ns          478084 1c00908c 40a65613 srai             x12, x12, 0x40a     x12=ffffffd9 x12:ffff65f8
27213603ns          478085 1c00908e 40a7d793 srai             x15, x15, 0x40a     x15=fffffe80 x15:fffa02f4
27213623ns          478086 1c009090 40a75713 srai             x14, x14, 0x40a     x14=fffffff5 x14:ffffd7d6
27213643ns          478087 1c009092 40c686b3 sub              x13, x13, x12       x13=ffffffc3 x13:ffffff9c x12:ffffffd9
27213663ns          478088 1c009094 00e787b3 add              x15, x15, x14       x15=fffffe75 x15:fffffe80 x14:fffffff5
27213683ns          478089 1c009096 00d51823 sh               x13, 16(x10)        x13:ffffffc3 x10:10002fa4  PA:10002fb4
27213703ns          478090 1c00909a 00f51923 sh               x15, 18(x10)        x15:fffffe75 x10:10002fa4  PA:10002fb6
27213722ns          478091 1c00909e 00008067 jalr             x0, x1, 0            x1:1c0093e8
27213762ns          478093 1c0093e8 2dc15583 lhu              x11, 732(x2)        x11=0000ffc3  x2:10002cd8  PA:10002fb4
27213782ns          478094 1c0093ec 2de15783 lhu              x15, 734(x2)        x15=0000fe75  x2:10002cd8  PA:10002fb6
27213802ns          478095 1c0093f0 40b90933 sub              x18, x18, x11       x18=fffeffc4 x18:ffffff87 x11:0000ffc3
27213822ns          478096 1c0093f4 40f484b3 sub              x9, x9, x15          x9=ffff0027  x9:fffffe9c x15:0000fe75
27213842ns          478097 1c0093f6 100945b3 p.exths          x11, x18, x0        x11=ffffffc4 x18:fffeffc4
27213862ns          478098 1c0093fa 1004c7b3 p.exths          x15, x9, x0         x15=00000027  x9:ffff0027
27213882ns          478099 1c0093fe 034586b3 mul              x13, x11, x20       x13=000016bc x11:ffffffc4 x20:ffffff9f
27213901ns          478100 1c009402 03378533 mul              x10, x15, x19       x10=ffffc754 x15:00000027 x19:fffffe8c
27213921ns          478101 1c009406 034a0633 mul              x12, x20, x20       x12=000024c1 x20:ffffff9f x20:ffffff9f
27213941ns          478102 1c00940a 03398733 mul              x14, x19, x19       x14=00021c90 x19:fffffe8c x19:fffffe8c
27213961ns          478103 1c00940e 034787b3 mul              x15, x15, x20       x15=fffff139 x15:00000027 x20:ffffff9f
27213981ns          478104 1c009412 033585b3 mul              x11, x11, x19       x11=00005730 x11:ffffffc4 x19:fffffe8c
27214001ns          478105 1c009416 40a75713 srai             x14, x14, 0x40a     x14=00000087 x14:00021c90
27214021ns          478106 1c009418 40a5d593 srai             x11, x11, 0x40a     x11=00000015 x11:00005730
27214041ns          478107 1c00941a 40a65613 srai             x12, x12, 0x40a     x12=00000009 x12:000024c1
27214061ns          478108 1c00941c 40a7d793 srai             x15, x15, 0x40a     x15=fffffffc x15:fffff139
27214080ns          478109 1c00941e 1c0034b7 lui              x9, 0x1c003000       x9=1c003000
27214100ns          478110 1c009422 00e60633 add              x12, x12, x14       x12=00000090 x12:00000009 x14:00000087
27214120ns          478111 1c009424 40b787b3 sub              x15, x15, x11       x15=ffffffe7 x15:fffffffc x11:00000015
27214140ns          478112 1c009426 eb048493 addi             x9, x9, -336         x9=1c002eb0  x9:1c003000
27214160ns          478113 1c00942a 1c0032b7 lui              x5, 0x1c003000       x5=1c003000
27214180ns          478114 1c00942e 1c0035b7 lui              x11, 0x1c003000     x11=1c003000
27214200ns          478115 1c009432 018483b3 add              x7, x9, x24          x7=1c002eba  x9:1c002eb0 x24:0000000a
27214220ns          478116 1c009436 02812e83 lw               x29, 40(x2)         x29=1c002eca  x2:10002cd8  PA:10002d00
27214240ns          478117 1c009438 10065633 p.exthz          x12, x12, x0        x12=00000090 x12:00000090
27214259ns          478118 1c00943c e8028293 addi             x5, x5, -384         x5=1c002e80  x5:1c003000
27214279ns          478119 1c009440 ea058593 addi             x11, x11, -352      x11=1c002ea0 x11:1c003000
27214299ns          478120 1c009444 03812483 lw               x9, 56(x2)           x9=1c002eea  x2:10002cd8  PA:10002d10
27214319ns          478121 1c009446 10064733 p.exths          x14, x12, x0        x14=00000090 x12:00000090
27214339ns          478122 1c00944a 018280b3 add              x1, x5, x24          x1=1c002e8a  x5:1c002e80 x24:0000000a
27214359ns          478123 1c00944e 03012f03 lw               x30, 48(x2)         x30=1c002eda  x2:10002cd8  PA:10002d08
27214379ns          478124 1c009450 018582b3 add              x5, x11, x24         x5=1c002eaa x11:1c002ea0 x24:0000000a
27214399ns          478125 1c009454 04012583 lw               x11, 64(x2)         x11=1c002efa  x2:10002cd8  PA:10002d18
27214419ns          478126 1c009456 000edd83 lhu              x27, 0(x29)         x27=000011f4 x29:1c002eca  PA:1c002eca
27214737ns          478142 1c00945a 0004d483 lhu              x9, 0(x9)            x9=000000f0  x9:1c002eea  PA:1c002eea
27215035ns          478157 1c00945e 02e70333 mul              x6, x14, x14         x6=00005100 x14:00000090 x14:00000090
27215055ns          478158 1c009462 40a55513 srai             x10, x10, 0x40a     x10=fffffff1 x10:ffffc754
27215075ns          478159 1c009464 04812e83 lw               x29, 72(x2)         x29=1c002f0a  x2:10002cd8  PA:10002d20
27215095ns          478160 1c009466 40a6d693 srai             x13, x13, 0x40a     x13=00000005 x13:000016bc
27215115ns          478161 1c009468 000f5d03 lhu              x26, 0(x30)         x26=00000382 x30:1c002eda  PA:1c002eda
27215413ns          478176 1c00946c 0005d583 lhu              x11, 0(x11)         x11=00000051 x11:1c002efa  PA:1c002efa
27215791ns          478195 1c009470 40a35313 srai             x6, x6, 0x40a        x6=00000014  x6:00005100
27215811ns          478196 1c009474 00a686b3 add              x13, x13, x10       x13=fffffff6 x13:00000005 x10:fffffff1
27215831ns          478197 1c009476 05012f03 lw               x30, 80(x2)         x30=1c002e7a  x2:10002cd8  PA:10002d28
27215850ns          478198 1c009478 10034e33 p.exths          x28, x6, x0         x28=00000014  x6:00000014
27215870ns          478199 1c00947c 06911023 sh               x9, 96(x2)           x9:000000f0  x2:10002cd8  PA:10002d38
27215890ns          478200 1c009480 000ede83 lhu              x29, 0(x29)         x29=0000001d x29:1c002f0a  PA:1c002f0a
27216208ns          478216 1c009484 05812483 lw               x9, 88(x2)           x9=1c002e6a  x2:10002cd8  PA:10002d30
27216228ns          478217 1c009486 1006d6b3 p.exthz          x13, x13, x0        x13=0000fff6 x13:fffffff6
27216248ns          478218 1c00948a 02ee08b3 mul              x17, x28, x14       x17=00000b40 x28:00000014 x14:00000090
27216268ns          478219 1c00948e 1006c833 p.exths          x16, x13, x0        x16=fffffff6 x13:0000fff6
27216288ns          478220 1c009492 06b11823 sh               x11, 112(x2)        x11:00000051  x2:10002cd8  PA:10002d48
27216308ns          478221 1c009496 000f5f03 lhu              x30, 0(x30)         x30=0000ff20 x30:1c002e7a  PA:1c002e7a
27216606ns          478236 1c00949a 0a012583 lw               x11, 160(x2)        x11=1c002e9a  x2:10002cd8  PA:10002d78
27216626ns          478237 1c00949c 1007d7b3 p.exthz          x15, x15, x0        x15=0000ffe7 x15:ffffffe7
27216646ns          478238 1c0094a0 0004da03 lhu              x20, 0(x9)          x20=0000fc25  x9:1c002e6a  PA:1c002e6a
27217024ns          478257 1c0094a4 1007c533 p.exths          x10, x15, x0        x10=ffffffe7 x15:0000ffe7
27217044ns          478258 1c0094a8 09d11023 sh               x29, 128(x2)        x29:0000001d  x2:10002cd8  PA:10002d58
27217064ns          478259 1c0094ac 0003d483 lhu              x9, 0(x7)            x9=0000ffd7  x7:1c002eba  PA:1c002eba
27217402ns          478276 1c0094b0 02e80eb3 mul              x29, x16, x14       x29=fffffa60 x16:fffffff6 x14:00000090
27217422ns          478277 1c0094b4 40a8d893 srai             x17, x17, 0x40a     x17=00000002 x17:00000b40
27217441ns          478278 1c0094b8 03c80833 mul              x16, x16, x28       x16=ffffff38 x16:fffffff6 x28:00000014
27217461ns          478279 1c0094bc 09e11823 sh               x30, 144(x2)        x30:0000ff20  x2:10002cd8  PA:10002d68
27217481ns          478280 1c0094c0 0005d983 lhu              x19, 0(x11)         x19=0000ffb8 x11:1c002e9a  PA:1c002e9a
27217780ns          478295 1c0094c4 81c88f5b p.muls           x30, x17, x28       x30=00000028 x17:00000002 x28:00000014
27217799ns          478296 1c0094c8 0002d583 lhu              x11, 0(x5)          x11=0000ffa5  x5:1c002eaa  PA:1c002eaa
27218098ns          478311 1c0094cc 03ce0fb3 mul              x31, x28, x28       x31=00000190 x28:00000014 x28:00000014
27218118ns          478312 1c0094d0 02e50733 mul              x14, x10, x14       x14=fffff1f0 x10:ffffffe7 x14:00000090
27218138ns          478313 1c0094d4 40a85813 srai             x16, x16, 0x40a     x16=ffffffff x16:ffffff38
27218157ns          478314 1c0094d8 03c50533 mul              x10, x10, x28       x10=fffffe0c x10:ffffffe7 x28:00000014
27218177ns          478315 1c0094dc 07015e03 lhu              x28, 112(x2)        x28=00000051  x2:10002cd8  PA:10002d48
27218197ns          478316 1c0094e0 01b60633 add              x12, x12, x27       x12=00001284 x12:00000090 x27:000011f4
27218217ns          478317 1c0094e2 00980833 add              x16, x16, x9        x16=0000ffd6 x16:ffffffff  x9:0000ffd7
27218237ns          478318 1c0094e4 06015d83 lhu              x27, 96(x2)         x27=000000f0  x2:10002cd8  PA:10002d38
27218257ns          478319 1c0094e8 02812483 lw               x9, 40(x2)           x9=1c002eca  x2:10002cd8  PA:10002d00
27218277ns          478320 1c0094ea 40afdf93 srai             x31, x31, 0x40a     x31=00000000 x31:00000190
27218297ns          478321 1c0094ee 40a55513 srai             x10, x10, 0x40a     x10=ffffffff x10:fffffe0c
27218317ns          478322 1c0094f0 01cf8fb3 add              x31, x31, x28       x31=00000051 x31:00000000 x28:00000051
27218336ns          478323 1c0094f2 00b50533 add              x10, x10, x11       x10=0000ffa4 x10:ffffffff x11:0000ffa5
27218356ns          478324 1c0094f4 09015e03 lhu              x28, 144(x2)        x28=0000ff20  x2:10002cd8  PA:10002d68
27218376ns          478325 1c0094f8 03012583 lw               x11, 48(x2)         x11=1c002eda  x2:10002cd8  PA:10002d08
27218396ns          478326 1c0094fa 00c49023 sh               x12, 0(x9)          x12:00001284  x9:1c002eca  PA:1c002eca
27218714ns          478342 1c0094fe 01b888b3 add              x17, x17, x27       x17=000000f2 x17:00000002 x27:000000f0
27218734ns          478343 1c009500 01a30333 add              x6, x6, x26          x6=00000396  x6:00000014 x26:00000382
27218754ns          478344 1c009502 08015d83 lhu              x27, 128(x2)        x27=0000001d  x2:10002cd8  PA:10002d58
27218774ns          478345 1c009506 0000d903 lhu              x18, 0(x1)          x18=0000ff0c  x1:1c002e8a  PA:1c002e8a
27219072ns          478360 1c00950a 01c686b3 add              x13, x13, x28       x13=0001ff16 x13:0000fff6 x28:0000ff20
27219092ns          478361 1c00950c 00659023 sh               x6, 0(x11)           x6:00000396 x11:1c002eda  PA:1c002eda
27219410ns          478377 1c009510 40af5f13 srai             x30, x30, 0x40a     x30=00000000 x30:00000028
27219430ns          478378 1c009514 04812e03 lw               x28, 72(x2)         x28=1c002f0a  x2:10002cd8  PA:10002d20
27219450ns          478379 1c009516 01bf0f33 add              x30, x30, x27       x30=0000001d x30:00000000 x27:0000001d
27219470ns          478380 1c009518 40aede93 srai             x29, x29, 0x40a     x29=fffffffe x29:fffffa60
27219490ns          478381 1c00951c 40a75713 srai             x14, x14, 0x40a     x14=fffffffc x14:fffff1f0
27219510ns          478382 1c00951e 03812603 lw               x12, 56(x2)         x12=1c002eea  x2:10002cd8  PA:10002d10
27219530ns          478383 1c009520 04012d83 lw               x27, 64(x2)         x27=1c002efa  x2:10002cd8  PA:10002d18
27219550ns          478384 1c009522 01ee1023 sh               x30, 0(x28)         x30:0000001d x28:1c002f0a  PA:1c002f0a
27219908ns          478402 1c009526 05812483 lw               x9, 88(x2)           x9=1c002e6a  x2:10002cd8  PA:10002d30
27219927ns          478403 1c009528 05012f03 lw               x30, 80(x2)         x30=1c002e7a  x2:10002cd8  PA:10002d28
27219947ns          478404 1c00952a 0a012583 lw               x11, 160(x2)        x11=1c002e9a  x2:10002cd8  PA:10002d78
27219967ns          478405 1c00952c 014787b3 add              x15, x15, x20       x15=0001fc0c x15:0000ffe7 x20:0000fc25
27219987ns          478406 1c00952e 013e8eb3 add              x29, x29, x19       x29=0000ffb6 x29:fffffffe x19:0000ffb8
27220007ns          478407 1c009530 01270733 add              x14, x14, x18       x14=0000ff08 x14:fffffffc x18:0000ff0c
27220027ns          478408 1c009532 00f49023 sh               x15, 0(x9)          x15:0001fc0c  x9:1c002e6a  PA:1c002e6a
27220405ns          478427 1c009536 01161023 sh               x17, 0(x12)         x17:000000f2 x12:1c002eea  PA:1c002eea
27220723ns          478443 1c00953a 01fd9023 sh               x31, 0(x27)         x31:00000051 x27:1c002efa  PA:1c002efa
27221041ns          478459 1c00953e 00df1023 sh               x13, 0(x30)         x13:0001ff16 x30:1c002e7a  PA:1c002e7a
27221359ns          478475 1c009542 01d59023 sh               x29, 0(x11)         x29:0000ffb6 x11:1c002e9a  PA:1c002e9a
27221678ns          478491 1c009546 00e09023 sh               x14, 0(x1)          x14:0000ff08  x1:1c002e8a  PA:1c002e8a
27222036ns          478509 1c00954a 01039023 sh               x16, 0(x7)          x16:0000ffd6  x7:1c002eba  PA:1c002eba
27222354ns          478525 1c00954e 00a29023 sh               x10, 0(x5)          x10:0000ffa4  x5:1c002eaa  PA:1c002eaa
27222672ns          478541 1c009552 008b0b13 addi             x22, x22, 8         x22=0000015d x22:00000155
27222692ns          478542 1c009554 1f300793 addi             x15, x0, 499        x15=000001f3
27222712ns          478543 1c009558 e767dae3 bge              x15, x22, -396      x15:000001f3 x22:0000015d
27222811ns          478548 1c0093cc 010c9a0b p.lh             x20, 16(x25!)       x20=000000a9 x25=1c002952 x25:1c002942  PA:1c002942
27223169ns          478566 1c0093d0 0104198b p.lh             x19, 16(x8!)        x19=ffffffe7  x8=1c00211a  x8:1c00210a  PA:1c00210a
27223507ns          478583 1c0093d4 2cc10513 addi             x10, x2, 716        x10=10002fa4  x2:10002cd8
27223527ns          478584 1c0093d6 010a990b p.lh             x18, 16(x21!)       x18=000000b5 x21=1c001946 x21:1c001936  PA:1c001936
27223905ns          478603 1c0093da 010b948b p.lh             x9, 16(x23!)         x9=ffffffe8 x23=1c001176 x23:1c001166  PA:1c001166
27224203ns          478618 1c0093de 2d411623 sh               x20, 716(x2)        x20:000000a9  x2:10002cd8  PA:10002fa4
27224223ns          478619 1c0093e2 2d311723 sh               x19, 718(x2)        x19:ffffffe7  x2:10002cd8  PA:10002fa6
27224243ns          478620 1c0093e6 c33ff0ef jal              x1, -974             x1=1c0093e8
27224323ns          478624 1c009018 00051803 lh               x16, 0(x10)         x16=000000a9 x10:10002fa4  PA:10002fa4
27224363ns          478626 1c00901c 00251883 lh               x17, 2(x10)         x17=ffffffe7 x10:10002fa4  PA:10002fa6
27224442ns          478630 1c009020 030806b3 mul              x13, x16, x16       x13=00006f91 x16:000000a9 x16:000000a9
27224482ns          478632 1c009024 03188633 mul              x12, x17, x17       x12=00000271 x17:ffffffe7 x17:ffffffe7
27224502ns          478633 1c009028 40a65613 srai             x12, x12, 0x40a     x12=00000000 x12:00000271
27224522ns          478634 1c00902a 40a6d693 srai             x13, x13, 0x40a     x13=0000001b x13:00006f91
27224542ns          478635 1c00902c 00c686b3 add              x13, x13, x12       x13=0000001b x13:0000001b x12:00000000
27224561ns          478636 1c00902e 1006c633 p.exths          x12, x13, x0        x12=0000001b x13:0000001b
27224581ns          478637 1c009032 00855703 lhu              x14, 8(x10)         x14=0000ffd1 x10:10002fa4  PA:10002fac
27224601ns          478638 1c009036 00a55683 lhu              x13, 10(x10)        x13=0000ff6a x10:10002fa4  PA:10002fae
27224621ns          478639 1c00903a 02c60333 mul              x6, x12, x12         x6=000002d9 x12:0000001b x12:0000001b
27224661ns          478641 1c00903e 00c55783 lhu              x15, 12(x10)        x15=0000ffe5 x10:10002fa4  PA:10002fb0
27224701ns          478643 1c009042 00e55583 lhu              x11, 14(x10)        x11=00000060 x10:10002fa4  PA:10002fb2
27224720ns          478644 1c009046 dea30333 p.extract        x6, x6, 15, 10       x6=00000000  x6:000002d9
27224740ns          478645 1c00904a 80c7075b p.muls           x14, x14, x12       x14=fffffb0b x14:0000ffd1 x12:0000001b
27224800ns          478648 1c00904e 80c686db p.muls           x13, x13, x12       x13=fffff02e x13:0000ff6a x12:0000001b
27224840ns          478650 1c009052 00455e83 lhu              x29, 4(x10)         x29=00000427 x10:10002fa4  PA:10002fa8
27224860ns          478651 1c009056 00655e03 lhu              x28, 6(x10)         x28=0000007f x10:10002fa4  PA:10002faa
27224880ns          478652 1c00905a 40a75713 srai             x14, x14, 0x40a     x14=fffffffe x14:fffffb0b
27224899ns          478653 1c00905c 806787db p.muls           x15, x15, x6        x15=00000000 x15:0000ffe5  x6:00000000
27224919ns          478654 1c009060 40a6d693 srai             x13, x13, 0x40a     x13=fffffffc x13:fffff02e
27224939ns          478655 1c009062 8065865b p.muls           x12, x11, x6        x12=00000000 x11:00000060  x6:00000000
27224959ns          478656 1c009066 40a7d793 srai             x15, x15, 0x40a     x15=00000000 x15:00000000
27224979ns          478657 1c009068 40a65613 srai             x12, x12, 0x40a     x12=00000000 x12:00000000
27224999ns          478658 1c00906a 01d70733 add              x14, x14, x29       x14=00000425 x14:fffffffe x29:00000427
27225019ns          478659 1c00906c 01c686b3 add              x13, x13, x28       x13=0000007b x13:fffffffc x28:0000007f
27225039ns          478660 1c00906e 00c686b3 add              x13, x13, x12       x13=0000007b x13:0000007b x12:00000000
27225059ns          478661 1c009070 00f70733 add              x14, x14, x15       x14=00000425 x14:00000425 x15:00000000
27225078ns          478662 1c009072 100747b3 p.exths          x15, x14, x0        x15=00000425 x14:00000425
27225098ns          478663 1c009076 1006c733 p.exths          x14, x13, x0        x14=0000007b x13:0000007b
27225118ns          478664 1c00907a 03170633 mul              x12, x14, x17       x12=fffff3fd x14:0000007b x17:ffffffe7
27225138ns          478665 1c00907e 030786b3 mul              x13, x15, x16       x13=0002bc6d x15:00000425 x16:000000a9
27225158ns          478666 1c009082 03070733 mul              x14, x14, x16       x14=00005133 x14:0000007b x16:000000a9
27225178ns          478667 1c009086 031787b3 mul              x15, x15, x17       x15=ffff9863 x15:00000425 x17:ffffffe7
27225198ns          478668 1c00908a 40a6d693 srai             x13, x13, 0x40a     x13=000000af x13:0002bc6d
27225218ns          478669 1c00908c 40a65613 srai             x12, x12, 0x40a     x12=fffffffc x12:fffff3fd
27225238ns          478670 1c00908e 40a7d793 srai             x15, x15, 0x40a     x15=ffffffe6 x15:ffff9863
27225257ns          478671 1c009090 40a75713 srai             x14, x14, 0x40a     x14=00000014 x14:00005133
27225277ns          478672 1c009092 40c686b3 sub              x13, x13, x12       x13=000000b3 x13:000000af x12:fffffffc
27225297ns          478673 1c009094 00e787b3 add              x15, x15, x14       x15=fffffffa x15:ffffffe6 x14:00000014
27225317ns          478674 1c009096 00d51823 sh               x13, 16(x10)        x13:000000b3 x10:10002fa4  PA:10002fb4
27225337ns          478675 1c00909a 00f51923 sh               x15, 18(x10)        x15:fffffffa x10:10002fa4  PA:10002fb6
27225357ns          478676 1c00909e 00008067 jalr             x0, x1, 0            x1:1c0093e8
27225397ns          478678 1c0093e8 2dc15583 lhu              x11, 732(x2)        x11=000000b3  x2:10002cd8  PA:10002fb4
27225417ns          478679 1c0093ec 2de15783 lhu              x15, 734(x2)        x15=0000fffa  x2:10002cd8  PA:10002fb6
27225436ns          478680 1c0093f0 40b90933 sub              x18, x18, x11       x18=00000002 x18:000000b5 x11:000000b3
27225456ns          478681 1c0093f4 40f484b3 sub              x9, x9, x15          x9=fffeffee  x9:ffffffe8 x15:0000fffa
27225476ns          478682 1c0093f6 100945b3 p.exths          x11, x18, x0        x11=00000002 x18:00000002
27225496ns          478683 1c0093fa 1004c7b3 p.exths          x15, x9, x0         x15=ffffffee  x9:fffeffee
27225516ns          478684 1c0093fe 034586b3 mul              x13, x11, x20       x13=00000152 x11:00000002 x20:000000a9
27225536ns          478685 1c009402 03378533 mul              x10, x15, x19       x10=000001c2 x15:ffffffee x19:ffffffe7
27225556ns          478686 1c009406 034a0633 mul              x12, x20, x20       x12=00006f91 x20:000000a9 x20:000000a9
27225576ns          478687 1c00940a 03398733 mul              x14, x19, x19       x14=00000271 x19:ffffffe7 x19:ffffffe7
27225635ns          478690 1c00940e 034787b3 mul              x15, x15, x20       x15=fffff41e x15:ffffffee x20:000000a9
27225675ns          478692 1c009412 033585b3 mul              x11, x11, x19       x11=ffffffce x11:00000002 x19:ffffffe7
27225695ns          478693 1c009416 40a75713 srai             x14, x14, 0x40a     x14=00000000 x14:00000271
27225715ns          478694 1c009418 40a5d593 srai             x11, x11, 0x40a     x11=ffffffff x11:ffffffce
27225735ns          478695 1c00941a 40a65613 srai             x12, x12, 0x40a     x12=0000001b x12:00006f91
27225755ns          478696 1c00941c 40a7d793 srai             x15, x15, 0x40a     x15=fffffffd x15:fffff41e
27225775ns          478697 1c00941e 1c0034b7 lui              x9, 0x1c003000       x9=1c003000
27225794ns          478698 1c009422 00e60633 add              x12, x12, x14       x12=0000001b x12:0000001b x14:00000000
27225814ns          478699 1c009424 40b787b3 sub              x15, x15, x11       x15=fffffffe x15:fffffffd x11:ffffffff
27225834ns          478700 1c009426 eb048493 addi             x9, x9, -336         x9=1c002eb0  x9:1c003000
27225854ns          478701 1c00942a 1c0032b7 lui              x5, 0x1c003000       x5=1c003000
27225874ns          478702 1c00942e 1c0035b7 lui              x11, 0x1c003000     x11=1c003000
27225894ns          478703 1c009432 018483b3 add              x7, x9, x24          x7=1c002eba  x9:1c002eb0 x24:0000000a
27225914ns          478704 1c009436 02812e83 lw               x29, 40(x2)         x29=1c002eca  x2:10002cd8  PA:10002d00
27225934ns          478705 1c009438 10065633 p.exthz          x12, x12, x0        x12=0000001b x12:0000001b
27225954ns          478706 1c00943c e8028293 addi             x5, x5, -384         x5=1c002e80  x5:1c003000
27225973ns          478707 1c009440 ea058593 addi             x11, x11, -352      x11=1c002ea0 x11:1c003000
27225993ns          478708 1c009444 03812483 lw               x9, 56(x2)           x9=1c002eea  x2:10002cd8  PA:10002d10
27226013ns          478709 1c009446 10064733 p.exths          x14, x12, x0        x14=0000001b x12:0000001b
27226033ns          478710 1c00944a 018280b3 add              x1, x5, x24          x1=1c002e8a  x5:1c002e80 x24:0000000a
27226053ns          478711 1c00944e 03012f03 lw               x30, 48(x2)         x30=1c002eda  x2:10002cd8  PA:10002d08
27226073ns          478712 1c009450 018582b3 add              x5, x11, x24         x5=1c002eaa x11:1c002ea0 x24:0000000a
27226093ns          478713 1c009454 04012583 lw               x11, 64(x2)         x11=1c002efa  x2:10002cd8  PA:10002d18
27226113ns          478714 1c009456 000edd83 lhu              x27, 0(x29)         x27=00001284 x29:1c002eca  PA:1c002eca
27226431ns          478730 1c00945a 0004d483 lhu              x9, 0(x9)            x9=000000f2  x9:1c002eea  PA:1c002eea
27226749ns          478746 1c00945e 02e70333 mul              x6, x14, x14         x6=000002d9 x14:0000001b x14:0000001b
27226769ns          478747 1c009462 40a55513 srai             x10, x10, 0x40a     x10=00000000 x10:000001c2
27226789ns          478748 1c009464 04812e83 lw               x29, 72(x2)         x29=1c002f0a  x2:10002cd8  PA:10002d20
27226809ns          478749 1c009466 40a6d693 srai             x13, x13, 0x40a     x13=00000000 x13:00000152
27226829ns          478750 1c009468 000f5d03 lhu              x26, 0(x30)         x26=00000396 x30:1c002eda  PA:1c002eda
27227206ns          478769 1c00946c 0005d583 lhu              x11, 0(x11)         x11=00000051 x11:1c002efa  PA:1c002efa
27227505ns          478784 1c009470 40a35313 srai             x6, x6, 0x40a        x6=00000000  x6:000002d9
27227525ns          478785 1c009474 00a686b3 add              x13, x13, x10       x13=00000000 x13:00000000 x10:00000000
27227545ns          478786 1c009476 05012f03 lw               x30, 80(x2)         x30=1c002e7a  x2:10002cd8  PA:10002d28
27227564ns          478787 1c009478 10034e33 p.exths          x28, x6, x0         x28=00000000  x6:00000000
27227584ns          478788 1c00947c 06911023 sh               x9, 96(x2)           x9:000000f2  x2:10002cd8  PA:10002d38
27227604ns          478789 1c009480 000ede83 lhu              x29, 0(x29)         x29=0000001d x29:1c002f0a  PA:1c002f0a
27227922ns          478805 1c009484 05812483 lw               x9, 88(x2)           x9=1c002e6a  x2:10002cd8  PA:10002d30
27227942ns          478806 1c009486 1006d6b3 p.exthz          x13, x13, x0        x13=00000000 x13:00000000
27227962ns          478807 1c00948a 02ee08b3 mul              x17, x28, x14       x17=00000000 x28:00000000 x14:0000001b
27227982ns          478808 1c00948e 1006c833 p.exths          x16, x13, x0        x16=00000000 x13:00000000
27228002ns          478809 1c009492 06b11823 sh               x11, 112(x2)        x11:00000051  x2:10002cd8  PA:10002d48
27228022ns          478810 1c009496 000f5f03 lhu              x30, 0(x30)         x30=0000ff16 x30:1c002e7a  PA:1c002e7a
27228360ns          478827 1c00949a 0a012583 lw               x11, 160(x2)        x11=1c002e9a  x2:10002cd8  PA:10002d78
27228380ns          478828 1c00949c 1007d7b3 p.exthz          x15, x15, x0        x15=0000fffe x15:fffffffe
27228400ns          478829 1c0094a0 0004da03 lhu              x20, 0(x9)          x20=0000fc0c  x9:1c002e6a  PA:1c002e6a
27228698ns          478844 1c0094a4 1007c533 p.exths          x10, x15, x0        x10=fffffffe x15:0000fffe
27228718ns          478845 1c0094a8 09d11023 sh               x29, 128(x2)        x29:0000001d  x2:10002cd8  PA:10002d58
27228738ns          478846 1c0094ac 0003d483 lhu              x9, 0(x7)            x9=0000ffd6  x7:1c002eba  PA:1c002eba
27229136ns          478866 1c0094b0 02e80eb3 mul              x29, x16, x14       x29=00000000 x16:00000000 x14:0000001b
27229156ns          478867 1c0094b4 40a8d893 srai             x17, x17, 0x40a     x17=00000000 x17:00000000
27229175ns          478868 1c0094b8 03c80833 mul              x16, x16, x28       x16=00000000 x16:00000000 x28:00000000
27229195ns          478869 1c0094bc 09e11823 sh               x30, 144(x2)        x30:0000ff16  x2:10002cd8  PA:10002d68
27229215ns          478870 1c0094c0 0005d983 lhu              x19, 0(x11)         x19=0000ffb6 x11:1c002e9a  PA:1c002e9a
27229533ns          478886 1c0094c4 81c88f5b p.muls           x30, x17, x28       x30=00000000 x17:00000000 x28:00000000
27229553ns          478887 1c0094c8 0002d583 lhu              x11, 0(x5)          x11=0000ffa4  x5:1c002eaa  PA:1c002eaa
27229891ns          478904 1c0094cc 03ce0fb3 mul              x31, x28, x28       x31=00000000 x28:00000000 x28:00000000
27229911ns          478905 1c0094d0 02e50733 mul              x14, x10, x14       x14=ffffffca x10:fffffffe x14:0000001b
27229931ns          478906 1c0094d4 40a85813 srai             x16, x16, 0x40a     x16=00000000 x16:00000000
27229951ns          478907 1c0094d8 03c50533 mul              x10, x10, x28       x10=00000000 x10:fffffffe x28:00000000
27229971ns          478908 1c0094dc 07015e03 lhu              x28, 112(x2)        x28=00000051  x2:10002cd8  PA:10002d48
27230011ns          478910 1c0094e0 01b60633 add              x12, x12, x27       x12=0000129f x12:0000001b x27:00001284
27230031ns          478911 1c0094e2 00980833 add              x16, x16, x9        x16=0000ffd6 x16:00000000  x9:0000ffd6
27230050ns          478912 1c0094e4 06015d83 lhu              x27, 96(x2)         x27=000000f2  x2:10002cd8  PA:10002d38
27230070ns          478913 1c0094e8 02812483 lw               x9, 40(x2)           x9=1c002eca  x2:10002cd8  PA:10002d00
27230090ns          478914 1c0094ea 40afdf93 srai             x31, x31, 0x40a     x31=00000000 x31:00000000
27230110ns          478915 1c0094ee 40a55513 srai             x10, x10, 0x40a     x10=00000000 x10:00000000
27230130ns          478916 1c0094f0 01cf8fb3 add              x31, x31, x28       x31=00000051 x31:00000000 x28:00000051
27230150ns          478917 1c0094f2 00b50533 add              x10, x10, x11       x10=0000ffa4 x10:00000000 x11:0000ffa4
27230170ns          478918 1c0094f4 09015e03 lhu              x28, 144(x2)        x28=0000ff16  x2:10002cd8  PA:10002d68
27230190ns          478919 1c0094f8 03012583 lw               x11, 48(x2)         x11=1c002eda  x2:10002cd8  PA:10002d08
27230210ns          478920 1c0094fa 00c49023 sh               x12, 0(x9)          x12:0000129f  x9:1c002eca  PA:1c002eca
27230528ns          478936 1c0094fe 01b888b3 add              x17, x17, x27       x17=000000f2 x17:00000000 x27:000000f2
27230548ns          478937 1c009500 01a30333 add              x6, x6, x26          x6=00000396  x6:00000000 x26:00000396
27230568ns          478938 1c009502 08015d83 lhu              x27, 128(x2)        x27=0000001d  x2:10002cd8  PA:10002d58
27230587ns          478939 1c009506 0000d903 lhu              x18, 0(x1)          x18=0000ff08  x1:1c002e8a  PA:1c002e8a
27230906ns          478955 1c00950a 01c686b3 add              x13, x13, x28       x13=0000ff16 x13:00000000 x28:0000ff16
27230926ns          478956 1c00950c 00659023 sh               x6, 0(x11)           x6:00000396 x11:1c002eda  PA:1c002eda
27231244ns          478972 1c009510 40af5f13 srai             x30, x30, 0x40a     x30=00000000 x30:00000000
27231264ns          478973 1c009514 04812e03 lw               x28, 72(x2)         x28=1c002f0a  x2:10002cd8  PA:10002d20
27231284ns          478974 1c009516 01bf0f33 add              x30, x30, x27       x30=0000001d x30:00000000 x27:0000001d
27231303ns          478975 1c009518 40aede93 srai             x29, x29, 0x40a     x29=00000000 x29:00000000
27231323ns          478976 1c00951c 40a75713 srai             x14, x14, 0x40a     x14=ffffffff x14:ffffffca
27231343ns          478977 1c00951e 03812603 lw               x12, 56(x2)         x12=1c002eea  x2:10002cd8  PA:10002d10
27231363ns          478978 1c009520 04012d83 lw               x27, 64(x2)         x27=1c002efa  x2:10002cd8  PA:10002d18
27231383ns          478979 1c009522 01ee1023 sh               x30, 0(x28)         x30:0000001d x28:1c002f0a  PA:1c002f0a
27231721ns          478996 1c009526 05812483 lw               x9, 88(x2)           x9=1c002e6a  x2:10002cd8  PA:10002d30
27231741ns          478997 1c009528 05012f03 lw               x30, 80(x2)         x30=1c002e7a  x2:10002cd8  PA:10002d28
27231761ns          478998 1c00952a 0a012583 lw               x11, 160(x2)        x11=1c002e9a  x2:10002cd8  PA:10002d78
27231781ns          478999 1c00952c 014787b3 add              x15, x15, x20       x15=0001fc0a x15:0000fffe x20:0000fc0c
27231801ns          479000 1c00952e 013e8eb3 add              x29, x29, x19       x29=0000ffb6 x29:00000000 x19:0000ffb6
27231821ns          479001 1c009530 01270733 add              x14, x14, x18       x14=0000ff07 x14:ffffffff x18:0000ff08
27231840ns          479002 1c009532 00f49023 sh               x15, 0(x9)          x15:0001fc0a  x9:1c002e6a  PA:1c002e6a
27232159ns          479018 1c009536 01161023 sh               x17, 0(x12)         x17:000000f2 x12:1c002eea  PA:1c002eea
27232477ns          479034 1c00953a 01fd9023 sh               x31, 0(x27)         x31:00000051 x27:1c002efa  PA:1c002efa
27232795ns          479050 1c00953e 00df1023 sh               x13, 0(x30)         x13:0000ff16 x30:1c002e7a  PA:1c002e7a
27233133ns          479067 1c009542 01d59023 sh               x29, 0(x11)         x29:0000ffb6 x11:1c002e9a  PA:1c002e9a
27233451ns          479083 1c009546 00e09023 sh               x14, 0(x1)          x14:0000ff07  x1:1c002e8a  PA:1c002e8a
27233770ns          479099 1c00954a 01039023 sh               x16, 0(x7)          x16:0000ffd6  x7:1c002eba  PA:1c002eba
27234108ns          479116 1c00954e 00a29023 sh               x10, 0(x5)          x10:0000ffa4  x5:1c002eaa  PA:1c002eaa
27234446ns          479133 1c009552 008b0b13 addi             x22, x22, 8         x22=00000165 x22:0000015d
27234466ns          479134 1c009554 1f300793 addi             x15, x0, 499        x15=000001f3
27234486ns          479135 1c009558 e767dae3 bge              x15, x22, -396      x15:000001f3 x22:00000165
27234545ns          479138 1c0093cc 010c9a0b p.lh             x20, 16(x25!)       x20=ffffffee x25=1c002962 x25:1c002952  PA:1c002952
27234863ns          479154 1c0093d0 0104198b p.lh             x19, 16(x8!)        x19=000000a8  x8=1c00212a  x8:1c00211a  PA:1c00211a
27235221ns          479172 1c0093d4 2cc10513 addi             x10, x2, 716        x10=10002fa4  x2:10002cd8
27235241ns          479173 1c0093d6 010a990b p.lh             x18, 16(x21!)       x18=ffffffea x21=1c001956 x21:1c001946  PA:1c001946
27235540ns          479188 1c0093da 010b948b p.lh             x9, 16(x23!)         x9=000000ac x23=1c001186 x23:1c001176  PA:1c001176
27235838ns          479203 1c0093de 2d411623 sh               x20, 716(x2)        x20:ffffffee  x2:10002cd8  PA:10002fa4
27235858ns          479204 1c0093e2 2d311723 sh               x19, 718(x2)        x19:000000a8  x2:10002cd8  PA:10002fa6
27235878ns          479205 1c0093e6 c33ff0ef jal              x1, -974             x1=1c0093e8
27235957ns          479209 1c009018 00051803 lh               x16, 0(x10)         x16=ffffffee x10:10002fa4  PA:10002fa4
27235997ns          479211 1c00901c 00251883 lh               x17, 2(x10)         x17=000000a8 x10:10002fa4  PA:10002fa6
27236057ns          479214 1c009020 030806b3 mul              x13, x16, x16       x13=00000144 x16:ffffffee x16:ffffffee
27236096ns          479216 1c009024 03188633 mul              x12, x17, x17       x12=00006e40 x17:000000a8 x17:000000a8
27236116ns          479217 1c009028 40a65613 srai             x12, x12, 0x40a     x12=0000001b x12:00006e40
27236136ns          479218 1c00902a 40a6d693 srai             x13, x13, 0x40a     x13=00000000 x13:00000144
27236156ns          479219 1c00902c 00c686b3 add              x13, x13, x12       x13=0000001b x13:00000000 x12:0000001b
27236176ns          479220 1c00902e 1006c633 p.exths          x12, x13, x0        x12=0000001b x13:0000001b
27236196ns          479221 1c009032 00855703 lhu              x14, 8(x10)         x14=0000ffd1 x10:10002fa4  PA:10002fac
27236216ns          479222 1c009036 00a55683 lhu              x13, 10(x10)        x13=0000ff6a x10:10002fa4  PA:10002fae
27236236ns          479223 1c00903a 02c60333 mul              x6, x12, x12         x6=000002d9 x12:0000001b x12:0000001b
27236256ns          479224 1c00903e 00c55783 lhu              x15, 12(x10)        x15=0000ffe5 x10:10002fa4  PA:10002fb0
27236275ns          479225 1c009042 00e55583 lhu              x11, 14(x10)        x11=00000060 x10:10002fa4  PA:10002fb2
27236295ns          479226 1c009046 dea30333 p.extract        x6, x6, 15, 10       x6=00000000  x6:000002d9
27236315ns          479227 1c00904a 80c7075b p.muls           x14, x14, x12       x14=fffffb0b x14:0000ffd1 x12:0000001b
27236335ns          479228 1c00904e 80c686db p.muls           x13, x13, x12       x13=fffff02e x13:0000ff6a x12:0000001b
27236355ns          479229 1c009052 00455e83 lhu              x29, 4(x10)         x29=00000427 x10:10002fa4  PA:10002fa8
27236375ns          479230 1c009056 00655e03 lhu              x28, 6(x10)         x28=0000007f x10:10002fa4  PA:10002faa
27236395ns          479231 1c00905a 40a75713 srai             x14, x14, 0x40a     x14=fffffffe x14:fffffb0b
27236415ns          479232 1c00905c 806787db p.muls           x15, x15, x6        x15=00000000 x15:0000ffe5  x6:00000000
27236435ns          479233 1c009060 40a6d693 srai             x13, x13, 0x40a     x13=fffffffc x13:fffff02e
27236454ns          479234 1c009062 8065865b p.muls           x12, x11, x6        x12=00000000 x11:00000060  x6:00000000
27236474ns          479235 1c009066 40a7d793 srai             x15, x15, 0x40a     x15=00000000 x15:00000000
27236494ns          479236 1c009068 40a65613 srai             x12, x12, 0x40a     x12=00000000 x12:00000000
27236514ns          479237 1c00906a 01d70733 add              x14, x14, x29       x14=00000425 x14:fffffffe x29:00000427
27236534ns          479238 1c00906c 01c686b3 add              x13, x13, x28       x13=0000007b x13:fffffffc x28:0000007f
27236554ns          479239 1c00906e 00c686b3 add              x13, x13, x12       x13=0000007b x13:0000007b x12:00000000
27236574ns          479240 1c009070 00f70733 add              x14, x14, x15       x14=00000425 x14:00000425 x15:00000000
27236594ns          479241 1c009072 100747b3 p.exths          x15, x14, x0        x15=00000425 x14:00000425
27236614ns          479242 1c009076 1006c733 p.exths          x14, x13, x0        x14=0000007b x13:0000007b
27236633ns          479243 1c00907a 03170633 mul              x12, x14, x17       x12=000050b8 x14:0000007b x17:000000a8
27236653ns          479244 1c00907e 030786b3 mul              x13, x15, x16       x13=ffffb566 x15:00000425 x16:ffffffee
27236673ns          479245 1c009082 03070733 mul              x14, x14, x16       x14=fffff75a x14:0000007b x16:ffffffee
27236693ns          479246 1c009086 031787b3 mul              x15, x15, x17       x15=0002b848 x15:00000425 x17:000000a8
27236713ns          479247 1c00908a 40a6d693 srai             x13, x13, 0x40a     x13=ffffffed x13:ffffb566
27236733ns          479248 1c00908c 40a65613 srai             x12, x12, 0x40a     x12=00000014 x12:000050b8
27236753ns          479249 1c00908e 40a7d793 srai             x15, x15, 0x40a     x15=000000ae x15:0002b848
27236773ns          479250 1c009090 40a75713 srai             x14, x14, 0x40a     x14=fffffffd x14:fffff75a
27236793ns          479251 1c009092 40c686b3 sub              x13, x13, x12       x13=ffffffd9 x13:ffffffed x12:00000014
27236812ns          479252 1c009094 00e787b3 add              x15, x15, x14       x15=000000ab x15:000000ae x14:fffffffd
27236832ns          479253 1c009096 00d51823 sh               x13, 16(x10)        x13:ffffffd9 x10:10002fa4  PA:10002fb4
27236852ns          479254 1c00909a 00f51923 sh               x15, 18(x10)        x15:000000ab x10:10002fa4  PA:10002fb6
27236872ns          479255 1c00909e 00008067 jalr             x0, x1, 0            x1:1c0093e8
27236952ns          479259 1c0093e8 2dc15583 lhu              x11, 732(x2)        x11=0000ffd9  x2:10002cd8  PA:10002fb4
27236972ns          479260 1c0093ec 2de15783 lhu              x15, 734(x2)        x15=000000ab  x2:10002cd8  PA:10002fb6
27236991ns          479261 1c0093f0 40b90933 sub              x18, x18, x11       x18=ffff0011 x18:ffffffea x11:0000ffd9
27237011ns          479262 1c0093f4 40f484b3 sub              x9, x9, x15          x9=00000001  x9:000000ac x15:000000ab
27237031ns          479263 1c0093f6 100945b3 p.exths          x11, x18, x0        x11=00000011 x18:ffff0011
27237051ns          479264 1c0093fa 1004c7b3 p.exths          x15, x9, x0         x15=00000001  x9:00000001
27237071ns          479265 1c0093fe 034586b3 mul              x13, x11, x20       x13=fffffece x11:00000011 x20:ffffffee
27237091ns          479266 1c009402 03378533 mul              x10, x15, x19       x10=000000a8 x15:00000001 x19:000000a8
27237111ns          479267 1c009406 034a0633 mul              x12, x20, x20       x12=00000144 x20:ffffffee x20:ffffffee
27237131ns          479268 1c00940a 03398733 mul              x14, x19, x19       x14=00006e40 x19:000000a8 x19:000000a8
27237150ns          479269 1c00940e 034787b3 mul              x15, x15, x20       x15=ffffffee x15:00000001 x20:ffffffee
27237170ns          479270 1c009412 033585b3 mul              x11, x11, x19       x11=00000b28 x11:00000011 x19:000000a8
27237190ns          479271 1c009416 40a75713 srai             x14, x14, 0x40a     x14=0000001b x14:00006e40
27237210ns          479272 1c009418 40a5d593 srai             x11, x11, 0x40a     x11=00000002 x11:00000b28
27237230ns          479273 1c00941a 40a65613 srai             x12, x12, 0x40a     x12=00000000 x12:00000144
27237250ns          479274 1c00941c 40a7d793 srai             x15, x15, 0x40a     x15=ffffffff x15:ffffffee
27237270ns          479275 1c00941e 1c0034b7 lui              x9, 0x1c003000       x9=1c003000
27237290ns          479276 1c009422 00e60633 add              x12, x12, x14       x12=0000001b x12:00000000 x14:0000001b
27237310ns          479277 1c009424 40b787b3 sub              x15, x15, x11       x15=fffffffd x15:ffffffff x11:00000002
27237329ns          479278 1c009426 eb048493 addi             x9, x9, -336         x9=1c002eb0  x9:1c003000
27237349ns          479279 1c00942a 1c0032b7 lui              x5, 0x1c003000       x5=1c003000
27237369ns          479280 1c00942e 1c0035b7 lui              x11, 0x1c003000     x11=1c003000
27237389ns          479281 1c009432 018483b3 add              x7, x9, x24          x7=1c002eba  x9:1c002eb0 x24:0000000a
27237409ns          479282 1c009436 02812e83 lw               x29, 40(x2)         x29=1c002eca  x2:10002cd8  PA:10002d00
27237429ns          479283 1c009438 10065633 p.exthz          x12, x12, x0        x12=0000001b x12:0000001b
27237449ns          479284 1c00943c e8028293 addi             x5, x5, -384         x5=1c002e80  x5:1c003000
27237469ns          479285 1c009440 ea058593 addi             x11, x11, -352      x11=1c002ea0 x11:1c003000
27237489ns          479286 1c009444 03812483 lw               x9, 56(x2)           x9=1c002eea  x2:10002cd8  PA:10002d10
27237508ns          479287 1c009446 10064733 p.exths          x14, x12, x0        x14=0000001b x12:0000001b
27237528ns          479288 1c00944a 018280b3 add              x1, x5, x24          x1=1c002e8a  x5:1c002e80 x24:0000000a
27237548ns          479289 1c00944e 03012f03 lw               x30, 48(x2)         x30=1c002eda  x2:10002cd8  PA:10002d08
27237568ns          479290 1c009450 018582b3 add              x5, x11, x24         x5=1c002eaa x11:1c002ea0 x24:0000000a
27237588ns          479291 1c009454 04012583 lw               x11, 64(x2)         x11=1c002efa  x2:10002cd8  PA:10002d18
27237608ns          479292 1c009456 000edd83 lhu              x27, 0(x29)         x27=0000129f x29:1c002eca  PA:1c002eca
27237906ns          479307 1c00945a 0004d483 lhu              x9, 0(x9)            x9=000000f2  x9:1c002eea  PA:1c002eea
27238205ns          479322 1c00945e 02e70333 mul              x6, x14, x14         x6=000002d9 x14:0000001b x14:0000001b
27238224ns          479323 1c009462 40a55513 srai             x10, x10, 0x40a     x10=00000000 x10:000000a8
27238244ns          479324 1c009464 04812e83 lw               x29, 72(x2)         x29=1c002f0a  x2:10002cd8  PA:10002d20
27238264ns          479325 1c009466 40a6d693 srai             x13, x13, 0x40a     x13=ffffffff x13:fffffece
27238284ns          479326 1c009468 000f5d03 lhu              x26, 0(x30)         x26=00000396 x30:1c002eda  PA:1c002eda
27238602ns          479342 1c00946c 0005d583 lhu              x11, 0(x11)         x11=00000051 x11:1c002efa  PA:1c002efa
27238901ns          479357 1c009470 40a35313 srai             x6, x6, 0x40a        x6=00000000  x6:000002d9
27238921ns          479358 1c009474 00a686b3 add              x13, x13, x10       x13=ffffffff x13:ffffffff x10:00000000
27238940ns          479359 1c009476 05012f03 lw               x30, 80(x2)         x30=1c002e7a  x2:10002cd8  PA:10002d28
27238960ns          479360 1c009478 10034e33 p.exths          x28, x6, x0         x28=00000000  x6:00000000
27238980ns          479361 1c00947c 06911023 sh               x9, 96(x2)           x9:000000f2  x2:10002cd8  PA:10002d38
27239000ns          479362 1c009480 000ede83 lhu              x29, 0(x29)         x29=0000001d x29:1c002f0a  PA:1c002f0a
27239298ns          479377 1c009484 05812483 lw               x9, 88(x2)           x9=1c002e6a  x2:10002cd8  PA:10002d30
27239318ns          479378 1c009486 1006d6b3 p.exthz          x13, x13, x0        x13=0000ffff x13:ffffffff
27239338ns          479379 1c00948a 02ee08b3 mul              x17, x28, x14       x17=00000000 x28:00000000 x14:0000001b
27239358ns          479380 1c00948e 1006c833 p.exths          x16, x13, x0        x16=ffffffff x13:0000ffff
27239378ns          479381 1c009492 06b11823 sh               x11, 112(x2)        x11:00000051  x2:10002cd8  PA:10002d48
27239398ns          479382 1c009496 000f5f03 lhu              x30, 0(x30)         x30=0000ff16 x30:1c002e7a  PA:1c002e7a
27239716ns          479398 1c00949a 0a012583 lw               x11, 160(x2)        x11=1c002e9a  x2:10002cd8  PA:10002d78
27239736ns          479399 1c00949c 1007d7b3 p.exthz          x15, x15, x0        x15=0000fffd x15:fffffffd
27239756ns          479400 1c0094a0 0004da03 lhu              x20, 0(x9)          x20=0000fc0a  x9:1c002e6a  PA:1c002e6a
27240114ns          479418 1c0094a4 1007c533 p.exths          x10, x15, x0        x10=fffffffd x15:0000fffd
27240134ns          479419 1c0094a8 09d11023 sh               x29, 128(x2)        x29:0000001d  x2:10002cd8  PA:10002d58
27240154ns          479420 1c0094ac 0003d483 lhu              x9, 0(x7)            x9=0000ffd6  x7:1c002eba  PA:1c002eba
27240452ns          479435 1c0094b0 02e80eb3 mul              x29, x16, x14       x29=ffffffe5 x16:ffffffff x14:0000001b
27240472ns          479436 1c0094b4 40a8d893 srai             x17, x17, 0x40a     x17=00000000 x17:00000000
27240492ns          479437 1c0094b8 03c80833 mul              x16, x16, x28       x16=00000000 x16:ffffffff x28:00000000
27240512ns          479438 1c0094bc 09e11823 sh               x30, 144(x2)        x30:0000ff16  x2:10002cd8  PA:10002d68
27240531ns          479439 1c0094c0 0005d983 lhu              x19, 0(x11)         x19=0000ffb6 x11:1c002e9a  PA:1c002e9a
27240830ns          479454 1c0094c4 81c88f5b p.muls           x30, x17, x28       x30=00000000 x17:00000000 x28:00000000
27240850ns          479455 1c0094c8 0002d583 lhu              x11, 0(x5)          x11=0000ffa4  x5:1c002eaa  PA:1c002eaa
27241267ns          479476 1c0094cc 03ce0fb3 mul              x31, x28, x28       x31=00000000 x28:00000000 x28:00000000
27241287ns          479477 1c0094d0 02e50733 mul              x14, x10, x14       x14=ffffffaf x10:fffffffd x14:0000001b
27241307ns          479478 1c0094d4 40a85813 srai             x16, x16, 0x40a     x16=00000000 x16:00000000
27241327ns          479479 1c0094d8 03c50533 mul              x10, x10, x28       x10=00000000 x10:fffffffd x28:00000000
27241347ns          479480 1c0094dc 07015e03 lhu              x28, 112(x2)        x28=00000051  x2:10002cd8  PA:10002d48
27241387ns          479482 1c0094e0 01b60633 add              x12, x12, x27       x12=000012ba x12:0000001b x27:0000129f
27241407ns          479483 1c0094e2 00980833 add              x16, x16, x9        x16=0000ffd6 x16:00000000  x9:0000ffd6
27241426ns          479484 1c0094e4 06015d83 lhu              x27, 96(x2)         x27=000000f2  x2:10002cd8  PA:10002d38
27241446ns          479485 1c0094e8 02812483 lw               x9, 40(x2)           x9=1c002eca  x2:10002cd8  PA:10002d00
27241466ns          479486 1c0094ea 40afdf93 srai             x31, x31, 0x40a     x31=00000000 x31:00000000
27241486ns          479487 1c0094ee 40a55513 srai             x10, x10, 0x40a     x10=00000000 x10:00000000
27241506ns          479488 1c0094f0 01cf8fb3 add              x31, x31, x28       x31=00000051 x31:00000000 x28:00000051
27241526ns          479489 1c0094f2 00b50533 add              x10, x10, x11       x10=0000ffa4 x10:00000000 x11:0000ffa4
27241546ns          479490 1c0094f4 09015e03 lhu              x28, 144(x2)        x28=0000ff16  x2:10002cd8  PA:10002d68
27241566ns          479491 1c0094f8 03012583 lw               x11, 48(x2)         x11=1c002eda  x2:10002cd8  PA:10002d08
27241586ns          479492 1c0094fa 00c49023 sh               x12, 0(x9)          x12:000012ba  x9:1c002eca  PA:1c002eca
27241904ns          479508 1c0094fe 01b888b3 add              x17, x17, x27       x17=000000f2 x17:00000000 x27:000000f2
27241924ns          479509 1c009500 01a30333 add              x6, x6, x26          x6=00000396  x6:00000000 x26:00000396
27241944ns          479510 1c009502 08015d83 lhu              x27, 128(x2)        x27=0000001d  x2:10002cd8  PA:10002d58
27241963ns          479511 1c009506 0000d903 lhu              x18, 0(x1)          x18=0000ff07  x1:1c002e8a  PA:1c002e8a
27242282ns          479527 1c00950a 01c686b3 add              x13, x13, x28       x13=0001ff15 x13:0000ffff x28:0000ff16
27242301ns          479528 1c00950c 00659023 sh               x6, 0(x11)           x6:00000396 x11:1c002eda  PA:1c002eda
27242640ns          479545 1c009510 40af5f13 srai             x30, x30, 0x40a     x30=00000000 x30:00000000
27242659ns          479546 1c009514 04812e03 lw               x28, 72(x2)         x28=1c002f0a  x2:10002cd8  PA:10002d20
27242679ns          479547 1c009516 01bf0f33 add              x30, x30, x27       x30=0000001d x30:00000000 x27:0000001d
27242699ns          479548 1c009518 40aede93 srai             x29, x29, 0x40a     x29=ffffffff x29:ffffffe5
27242719ns          479549 1c00951c 40a75713 srai             x14, x14, 0x40a     x14=ffffffff x14:ffffffaf
27242739ns          479550 1c00951e 03812603 lw               x12, 56(x2)         x12=1c002eea  x2:10002cd8  PA:10002d10
27242759ns          479551 1c009520 04012d83 lw               x27, 64(x2)         x27=1c002efa  x2:10002cd8  PA:10002d18
27242779ns          479552 1c009522 01ee1023 sh               x30, 0(x28)         x30:0000001d x28:1c002f0a  PA:1c002f0a
27243117ns          479569 1c009526 05812483 lw               x9, 88(x2)           x9=1c002e6a  x2:10002cd8  PA:10002d30
27243137ns          479570 1c009528 05012f03 lw               x30, 80(x2)         x30=1c002e7a  x2:10002cd8  PA:10002d28
27243157ns          479571 1c00952a 0a012583 lw               x11, 160(x2)        x11=1c002e9a  x2:10002cd8  PA:10002d78
27243177ns          479572 1c00952c 014787b3 add              x15, x15, x20       x15=0001fc07 x15:0000fffd x20:0000fc0a
27243196ns          479573 1c00952e 013e8eb3 add              x29, x29, x19       x29=0000ffb5 x29:ffffffff x19:0000ffb6
27243216ns          479574 1c009530 01270733 add              x14, x14, x18       x14=0000ff06 x14:ffffffff x18:0000ff07
27243236ns          479575 1c009532 00f49023 sh               x15, 0(x9)          x15:0001fc07  x9:1c002e6a  PA:1c002e6a
27243554ns          479591 1c009536 01161023 sh               x17, 0(x12)         x17:000000f2 x12:1c002eea  PA:1c002eea
27243893ns          479608 1c00953a 01fd9023 sh               x31, 0(x27)         x31:00000051 x27:1c002efa  PA:1c002efa
27244211ns          479624 1c00953e 00df1023 sh               x13, 0(x30)         x13:0001ff15 x30:1c002e7a  PA:1c002e7a
27244549ns          479641 1c009542 01d59023 sh               x29, 0(x11)         x29:0000ffb5 x11:1c002e9a  PA:1c002e9a
27244867ns          479657 1c009546 00e09023 sh               x14, 0(x1)          x14:0000ff06  x1:1c002e8a  PA:1c002e8a
27245185ns          479673 1c00954a 01039023 sh               x16, 0(x7)          x16:0000ffd6  x7:1c002eba  PA:1c002eba
27245503ns          479689 1c00954e 00a29023 sh               x10, 0(x5)          x10:0000ffa4  x5:1c002eaa  PA:1c002eaa
27245822ns          479705 1c009552 008b0b13 addi             x22, x22, 8         x22=0000016d x22:00000165
27245842ns          479706 1c009554 1f300793 addi             x15, x0, 499        x15=000001f3
27245861ns          479707 1c009558 e767dae3 bge              x15, x22, -396      x15:000001f3 x22:0000016d
27245921ns          479710 1c0093cc 010c9a0b p.lh             x20, 16(x25!)       x20=000000eb x25=1c002972 x25:1c002962  PA:1c002962
27246239ns          479726 1c0093d0 0104198b p.lh             x19, 16(x8!)        x19=ffffff8d  x8=1c00213a  x8:1c00212a  PA:1c00212a
27246538ns          479741 1c0093d4 2cc10513 addi             x10, x2, 716        x10=10002fa4  x2:10002cd8
27246558ns          479742 1c0093d6 010a990b p.lh             x18, 16(x21!)       x18=000000f4 x21=1c001966 x21:1c001956  PA:1c001956
27246896ns          479759 1c0093da 010b948b p.lh             x9, 16(x23!)         x9=ffffff7f x23=1c001196 x23:1c001186  PA:1c001186
27247214ns          479775 1c0093de 2d411623 sh               x20, 716(x2)        x20:000000eb  x2:10002cd8  PA:10002fa4
27247234ns          479776 1c0093e2 2d311723 sh               x19, 718(x2)        x19:ffffff8d  x2:10002cd8  PA:10002fa6
27247254ns          479777 1c0093e6 c33ff0ef jal              x1, -974             x1=1c0093e8
27247293ns          479779 1c009018 00051803 lh               x16, 0(x10)         x16=000000eb x10:10002fa4  PA:10002fa4
27247313ns          479780 1c00901c 00251883 lh               x17, 2(x10)         x17=ffffff8d x10:10002fa4  PA:10002fa6
27247333ns          479781 1c009020 030806b3 mul              x13, x16, x16       x13=0000d7b9 x16:000000eb x16:000000eb
27247353ns          479782 1c009024 03188633 mul              x12, x17, x17       x12=000033a9 x17:ffffff8d x17:ffffff8d
27247373ns          479783 1c009028 40a65613 srai             x12, x12, 0x40a     x12=0000000c x12:000033a9
27247393ns          479784 1c00902a 40a6d693 srai             x13, x13, 0x40a     x13=00000035 x13:0000d7b9
27247413ns          479785 1c00902c 00c686b3 add              x13, x13, x12       x13=00000041 x13:00000035 x12:0000000c
27247433ns          479786 1c00902e 1006c633 p.exths          x12, x13, x0        x12=00000041 x13:00000041
27247452ns          479787 1c009032 00855703 lhu              x14, 8(x10)         x14=0000ffd1 x10:10002fa4  PA:10002fac
27247472ns          479788 1c009036 00a55683 lhu              x13, 10(x10)        x13=0000ff6a x10:10002fa4  PA:10002fae
27247492ns          479789 1c00903a 02c60333 mul              x6, x12, x12         x6=00001081 x12:00000041 x12:00000041
27247512ns          479790 1c00903e 00c55783 lhu              x15, 12(x10)        x15=0000ffe5 x10:10002fa4  PA:10002fb0
27247532ns          479791 1c009042 00e55583 lhu              x11, 14(x10)        x11=00000060 x10:10002fa4  PA:10002fb2
27247552ns          479792 1c009046 dea30333 p.extract        x6, x6, 15, 10       x6=00000004  x6:00001081
27247572ns          479793 1c00904a 80c7075b p.muls           x14, x14, x12       x14=fffff411 x14:0000ffd1 x12:00000041
27247592ns          479794 1c00904e 80c686db p.muls           x13, x13, x12       x13=ffffd9ea x13:0000ff6a x12:00000041
27247612ns          479795 1c009052 00455e83 lhu              x29, 4(x10)         x29=00000427 x10:10002fa4  PA:10002fa8
27247631ns          479796 1c009056 00655e03 lhu              x28, 6(x10)         x28=0000007f x10:10002fa4  PA:10002faa
27247651ns          479797 1c00905a 40a75713 srai             x14, x14, 0x40a     x14=fffffffd x14:fffff411
27247671ns          479798 1c00905c 806787db p.muls           x15, x15, x6        x15=ffffff94 x15:0000ffe5  x6:00000004
27247691ns          479799 1c009060 40a6d693 srai             x13, x13, 0x40a     x13=fffffff6 x13:ffffd9ea
27247731ns          479801 1c009062 8065865b p.muls           x12, x11, x6        x12=00000180 x11:00000060  x6:00000004
27247751ns          479802 1c009066 40a7d793 srai             x15, x15, 0x40a     x15=ffffffff x15:ffffff94
27247771ns          479803 1c009068 40a65613 srai             x12, x12, 0x40a     x12=00000000 x12:00000180
27247791ns          479804 1c00906a 01d70733 add              x14, x14, x29       x14=00000424 x14:fffffffd x29:00000427
27247810ns          479805 1c00906c 01c686b3 add              x13, x13, x28       x13=00000075 x13:fffffff6 x28:0000007f
27247830ns          479806 1c00906e 00c686b3 add              x13, x13, x12       x13=00000075 x13:00000075 x12:00000000
27247850ns          479807 1c009070 00f70733 add              x14, x14, x15       x14=00000423 x14:00000424 x15:ffffffff
27247870ns          479808 1c009072 100747b3 p.exths          x15, x14, x0        x15=00000423 x14:00000423
27247890ns          479809 1c009076 1006c733 p.exths          x14, x13, x0        x14=00000075 x13:00000075
27247910ns          479810 1c00907a 03170633 mul              x12, x14, x17       x12=ffffcb71 x14:00000075 x17:ffffff8d
27247930ns          479811 1c00907e 030786b3 mul              x13, x15, x16       x13=0003cc21 x15:00000423 x16:000000eb
27247950ns          479812 1c009082 03070733 mul              x14, x14, x16       x14=00006b67 x14:00000075 x16:000000eb
27247970ns          479813 1c009086 031787b3 mul              x15, x15, x17       x15=fffe2447 x15:00000423 x17:ffffff8d
27247989ns          479814 1c00908a 40a6d693 srai             x13, x13, 0x40a     x13=000000f3 x13:0003cc21
27248009ns          479815 1c00908c 40a65613 srai             x12, x12, 0x40a     x12=fffffff2 x12:ffffcb71
27248029ns          479816 1c00908e 40a7d793 srai             x15, x15, 0x40a     x15=ffffff89 x15:fffe2447
27248049ns          479817 1c009090 40a75713 srai             x14, x14, 0x40a     x14=0000001a x14:00006b67
27248069ns          479818 1c009092 40c686b3 sub              x13, x13, x12       x13=00000101 x13:000000f3 x12:fffffff2
27248089ns          479819 1c009094 00e787b3 add              x15, x15, x14       x15=ffffffa3 x15:ffffff89 x14:0000001a
27248109ns          479820 1c009096 00d51823 sh               x13, 16(x10)        x13:00000101 x10:10002fa4  PA:10002fb4
27248129ns          479821 1c00909a 00f51923 sh               x15, 18(x10)        x15:ffffffa3 x10:10002fa4  PA:10002fb6
27248149ns          479822 1c00909e 00008067 jalr             x0, x1, 0            x1:1c0093e8
27248188ns          479824 1c0093e8 2dc15583 lhu              x11, 732(x2)        x11=00000101  x2:10002cd8  PA:10002fb4
27248208ns          479825 1c0093ec 2de15783 lhu              x15, 734(x2)        x15=0000ffa3  x2:10002cd8  PA:10002fb6
27248228ns          479826 1c0093f0 40b90933 sub              x18, x18, x11       x18=fffffff3 x18:000000f4 x11:00000101
27248248ns          479827 1c0093f4 40f484b3 sub              x9, x9, x15          x9=fffeffdc  x9:ffffff7f x15:0000ffa3
27248268ns          479828 1c0093f6 100945b3 p.exths          x11, x18, x0        x11=fffffff3 x18:fffffff3
27248288ns          479829 1c0093fa 1004c7b3 p.exths          x15, x9, x0         x15=ffffffdc  x9:fffeffdc
27248308ns          479830 1c0093fe 034586b3 mul              x13, x11, x20       x13=fffff411 x11:fffffff3 x20:000000eb
27248328ns          479831 1c009402 03378533 mul              x10, x15, x19       x10=0000102c x15:ffffffdc x19:ffffff8d
27248347ns          479832 1c009406 034a0633 mul              x12, x20, x20       x12=0000d7b9 x20:000000eb x20:000000eb
27248367ns          479833 1c00940a 03398733 mul              x14, x19, x19       x14=000033a9 x19:ffffff8d x19:ffffff8d
27248387ns          479834 1c00940e 034787b3 mul              x15, x15, x20       x15=ffffdef4 x15:ffffffdc x20:000000eb
27248407ns          479835 1c009412 033585b3 mul              x11, x11, x19       x11=000005d7 x11:fffffff3 x19:ffffff8d
27248427ns          479836 1c009416 40a75713 srai             x14, x14, 0x40a     x14=0000000c x14:000033a9
27248447ns          479837 1c009418 40a5d593 srai             x11, x11, 0x40a     x11=00000001 x11:000005d7
27248467ns          479838 1c00941a 40a65613 srai             x12, x12, 0x40a     x12=00000035 x12:0000d7b9
27248487ns          479839 1c00941c 40a7d793 srai             x15, x15, 0x40a     x15=fffffff7 x15:ffffdef4
27248507ns          479840 1c00941e 1c0034b7 lui              x9, 0x1c003000       x9=1c003000
27248526ns          479841 1c009422 00e60633 add              x12, x12, x14       x12=00000041 x12:00000035 x14:0000000c
27248546ns          479842 1c009424 40b787b3 sub              x15, x15, x11       x15=fffffff6 x15:fffffff7 x11:00000001
27248566ns          479843 1c009426 eb048493 addi             x9, x9, -336         x9=1c002eb0  x9:1c003000
27248586ns          479844 1c00942a 1c0032b7 lui              x5, 0x1c003000       x5=1c003000
27248606ns          479845 1c00942e 1c0035b7 lui              x11, 0x1c003000     x11=1c003000
27248626ns          479846 1c009432 018483b3 add              x7, x9, x24          x7=1c002eba  x9:1c002eb0 x24:0000000a
27248646ns          479847 1c009436 02812e83 lw               x29, 40(x2)         x29=1c002eca  x2:10002cd8  PA:10002d00
27248666ns          479848 1c009438 10065633 p.exthz          x12, x12, x0        x12=00000041 x12:00000041
27248686ns          479849 1c00943c e8028293 addi             x5, x5, -384         x5=1c002e80  x5:1c003000
27248725ns          479851 1c009440 ea058593 addi             x11, x11, -352      x11=1c002ea0 x11:1c003000
27248765ns          479853 1c009444 03812483 lw               x9, 56(x2)           x9=1c002eea  x2:10002cd8  PA:10002d10
27248785ns          479854 1c009446 10064733 p.exths          x14, x12, x0        x14=00000041 x12:00000041
27248805ns          479855 1c00944a 018280b3 add              x1, x5, x24          x1=1c002e8a  x5:1c002e80 x24:0000000a
27248825ns          479856 1c00944e 03012f03 lw               x30, 48(x2)         x30=1c002eda  x2:10002cd8  PA:10002d08
27248865ns          479858 1c009450 018582b3 add              x5, x11, x24         x5=1c002eaa x11:1c002ea0 x24:0000000a
27248904ns          479860 1c009454 04012583 lw               x11, 64(x2)         x11=1c002efa  x2:10002cd8  PA:10002d18
27248924ns          479861 1c009456 000edd83 lhu              x27, 0(x29)         x27=000012ba x29:1c002eca  PA:1c002eca
27249223ns          479876 1c00945a 0004d483 lhu              x9, 0(x9)            x9=000000f2  x9:1c002eea  PA:1c002eea
27249521ns          479891 1c00945e 02e70333 mul              x6, x14, x14         x6=00001081 x14:00000041 x14:00000041
27249541ns          479892 1c009462 40a55513 srai             x10, x10, 0x40a     x10=00000004 x10:0000102c
27249561ns          479893 1c009464 04812e83 lw               x29, 72(x2)         x29=1c002f0a  x2:10002cd8  PA:10002d20
27249580ns          479894 1c009466 40a6d693 srai             x13, x13, 0x40a     x13=fffffffd x13:fffff411
27249600ns          479895 1c009468 000f5d03 lhu              x26, 0(x30)         x26=00000396 x30:1c002eda  PA:1c002eda
27249899ns          479910 1c00946c 0005d583 lhu              x11, 0(x11)         x11=00000051 x11:1c002efa  PA:1c002efa
27250237ns          479927 1c009470 40a35313 srai             x6, x6, 0x40a        x6=00000004  x6:00001081
27250257ns          479928 1c009474 00a686b3 add              x13, x13, x10       x13=00000001 x13:fffffffd x10:00000004
27250277ns          479929 1c009476 05012f03 lw               x30, 80(x2)         x30=1c002e7a  x2:10002cd8  PA:10002d28
27250296ns          479930 1c009478 10034e33 p.exths          x28, x6, x0         x28=00000004  x6:00000004
27250316ns          479931 1c00947c 06911023 sh               x9, 96(x2)           x9:000000f2  x2:10002cd8  PA:10002d38
27250336ns          479932 1c009480 000ede83 lhu              x29, 0(x29)         x29=0000001d x29:1c002f0a  PA:1c002f0a
27250635ns          479947 1c009484 05812483 lw               x9, 88(x2)           x9=1c002e6a  x2:10002cd8  PA:10002d30
27250654ns          479948 1c009486 1006d6b3 p.exthz          x13, x13, x0        x13=00000001 x13:00000001
27250674ns          479949 1c00948a 02ee08b3 mul              x17, x28, x14       x17=00000104 x28:00000004 x14:00000041
27250694ns          479950 1c00948e 1006c833 p.exths          x16, x13, x0        x16=00000001 x13:00000001
27250714ns          479951 1c009492 06b11823 sh               x11, 112(x2)        x11:00000051  x2:10002cd8  PA:10002d48
27250734ns          479952 1c009496 000f5f03 lhu              x30, 0(x30)         x30=0000ff15 x30:1c002e7a  PA:1c002e7a
27251032ns          479967 1c00949a 0a012583 lw               x11, 160(x2)        x11=1c002e9a  x2:10002cd8  PA:10002d78
27251052ns          479968 1c00949c 1007d7b3 p.exthz          x15, x15, x0        x15=0000fff6 x15:fffffff6
27251072ns          479969 1c0094a0 0004da03 lhu              x20, 0(x9)          x20=0000fc07  x9:1c002e6a  PA:1c002e6a
27251390ns          479985 1c0094a4 1007c533 p.exths          x10, x15, x0        x10=fffffff6 x15:0000fff6
27251410ns          479986 1c0094a8 09d11023 sh               x29, 128(x2)        x29:0000001d  x2:10002cd8  PA:10002d58
27251430ns          479987 1c0094ac 0003d483 lhu              x9, 0(x7)            x9=0000ffd6  x7:1c002eba  PA:1c002eba
27251768ns          480004 1c0094b0 02e80eb3 mul              x29, x16, x14       x29=00000041 x16:00000001 x14:00000041
27251788ns          480005 1c0094b4 40a8d893 srai             x17, x17, 0x40a     x17=00000000 x17:00000104
27251808ns          480006 1c0094b8 03c80833 mul              x16, x16, x28       x16=00000004 x16:00000001 x28:00000004
27251828ns          480007 1c0094bc 09e11823 sh               x30, 144(x2)        x30:0000ff15  x2:10002cd8  PA:10002d68
27251848ns          480008 1c0094c0 0005d983 lhu              x19, 0(x11)         x19=0000ffb5 x11:1c002e9a  PA:1c002e9a
27252226ns          480027 1c0094c4 81c88f5b p.muls           x30, x17, x28       x30=00000000 x17:00000000 x28:00000004
27252245ns          480028 1c0094c8 0002d583 lhu              x11, 0(x5)          x11=0000ffa4  x5:1c002eaa  PA:1c002eaa
27252544ns          480043 1c0094cc 03ce0fb3 mul              x31, x28, x28       x31=00000010 x28:00000004 x28:00000004
27252564ns          480044 1c0094d0 02e50733 mul              x14, x10, x14       x14=fffffd76 x10:fffffff6 x14:00000041
27252584ns          480045 1c0094d4 40a85813 srai             x16, x16, 0x40a     x16=00000000 x16:00000004
27252603ns          480046 1c0094d8 03c50533 mul              x10, x10, x28       x10=ffffffd8 x10:fffffff6 x28:00000004
27252623ns          480047 1c0094dc 07015e03 lhu              x28, 112(x2)        x28=00000051  x2:10002cd8  PA:10002d48
27252643ns          480048 1c0094e0 01b60633 add              x12, x12, x27       x12=000012fb x12:00000041 x27:000012ba
27252663ns          480049 1c0094e2 00980833 add              x16, x16, x9        x16=0000ffd6 x16:00000000  x9:0000ffd6
27252683ns          480050 1c0094e4 06015d83 lhu              x27, 96(x2)         x27=000000f2  x2:10002cd8  PA:10002d38
27252703ns          480051 1c0094e8 02812483 lw               x9, 40(x2)           x9=1c002eca  x2:10002cd8  PA:10002d00
27252723ns          480052 1c0094ea 40afdf93 srai             x31, x31, 0x40a     x31=00000000 x31:00000010
27252743ns          480053 1c0094ee 40a55513 srai             x10, x10, 0x40a     x10=ffffffff x10:ffffffd8
27252763ns          480054 1c0094f0 01cf8fb3 add              x31, x31, x28       x31=00000051 x31:00000000 x28:00000051
27252782ns          480055 1c0094f2 00b50533 add              x10, x10, x11       x10=0000ffa3 x10:ffffffff x11:0000ffa4
27252802ns          480056 1c0094f4 09015e03 lhu              x28, 144(x2)        x28=0000ff15  x2:10002cd8  PA:10002d68
27252822ns          480057 1c0094f8 03012583 lw               x11, 48(x2)         x11=1c002eda  x2:10002cd8  PA:10002d08
27252842ns          480058 1c0094fa 00c49023 sh               x12, 0(x9)          x12:000012fb  x9:1c002eca  PA:1c002eca
27253160ns          480074 1c0094fe 01b888b3 add              x17, x17, x27       x17=000000f2 x17:00000000 x27:000000f2
27253180ns          480075 1c009500 01a30333 add              x6, x6, x26          x6=0000039a  x6:00000004 x26:00000396
27253200ns          480076 1c009502 08015d83 lhu              x27, 128(x2)        x27=0000001d  x2:10002cd8  PA:10002d58
27253220ns          480077 1c009506 0000d903 lhu              x18, 0(x1)          x18=0000ff06  x1:1c002e8a  PA:1c002e8a
27253558ns          480094 1c00950a 01c686b3 add              x13, x13, x28       x13=0000ff16 x13:00000001 x28:0000ff15
27253578ns          480095 1c00950c 00659023 sh               x6, 0(x11)           x6:0000039a x11:1c002eda  PA:1c002eda
27253896ns          480111 1c009510 40af5f13 srai             x30, x30, 0x40a     x30=00000000 x30:00000000
27253916ns          480112 1c009514 04812e03 lw               x28, 72(x2)         x28=1c002f0a  x2:10002cd8  PA:10002d20
27253936ns          480113 1c009516 01bf0f33 add              x30, x30, x27       x30=0000001d x30:00000000 x27:0000001d
27253956ns          480114 1c009518 40aede93 srai             x29, x29, 0x40a     x29=00000000 x29:00000041
27253976ns          480115 1c00951c 40a75713 srai             x14, x14, 0x40a     x14=ffffffff x14:fffffd76
27253996ns          480116 1c00951e 03812603 lw               x12, 56(x2)         x12=1c002eea  x2:10002cd8  PA:10002d10
27254016ns          480117 1c009520 04012d83 lw               x27, 64(x2)         x27=1c002efa  x2:10002cd8  PA:10002d18
27254035ns          480118 1c009522 01ee1023 sh               x30, 0(x28)         x30:0000001d x28:1c002f0a  PA:1c002f0a
27254354ns          480134 1c009526 05812483 lw               x9, 88(x2)           x9=1c002e6a  x2:10002cd8  PA:10002d30
27254374ns          480135 1c009528 05012f03 lw               x30, 80(x2)         x30=1c002e7a  x2:10002cd8  PA:10002d28
27254393ns          480136 1c00952a 0a012583 lw               x11, 160(x2)        x11=1c002e9a  x2:10002cd8  PA:10002d78
27254413ns          480137 1c00952c 014787b3 add              x15, x15, x20       x15=0001fbfd x15:0000fff6 x20:0000fc07
27254433ns          480138 1c00952e 013e8eb3 add              x29, x29, x19       x29=0000ffb5 x29:00000000 x19:0000ffb5
27254453ns          480139 1c009530 01270733 add              x14, x14, x18       x14=0000ff05 x14:ffffffff x18:0000ff06
27254473ns          480140 1c009532 00f49023 sh               x15, 0(x9)          x15:0001fbfd  x9:1c002e6a  PA:1c002e6a
27254791ns          480156 1c009536 01161023 sh               x17, 0(x12)         x17:000000f2 x12:1c002eea  PA:1c002eea
27255109ns          480172 1c00953a 01fd9023 sh               x31, 0(x27)         x31:00000051 x27:1c002efa  PA:1c002efa
27255428ns          480188 1c00953e 00df1023 sh               x13, 0(x30)         x13:0000ff16 x30:1c002e7a  PA:1c002e7a
27255746ns          480204 1c009542 01d59023 sh               x29, 0(x11)         x29:0000ffb5 x11:1c002e9a  PA:1c002e9a
27256064ns          480220 1c009546 00e09023 sh               x14, 0(x1)          x14:0000ff05  x1:1c002e8a  PA:1c002e8a
27256382ns          480236 1c00954a 01039023 sh               x16, 0(x7)          x16:0000ffd6  x7:1c002eba  PA:1c002eba
27256700ns          480252 1c00954e 00a29023 sh               x10, 0(x5)          x10:0000ffa3  x5:1c002eaa  PA:1c002eaa
27257019ns          480268 1c009552 008b0b13 addi             x22, x22, 8         x22=00000175 x22:0000016d
27257038ns          480269 1c009554 1f300793 addi             x15, x0, 499        x15=000001f3
27257058ns          480270 1c009558 e767dae3 bge              x15, x22, -396      x15:000001f3 x22:00000175
27257158ns          480275 1c0093cc 010c9a0b p.lh             x20, 16(x25!)       x20=fffffec9 x25=1c002982 x25:1c002972  PA:1c002972
27257496ns          480292 1c0093d0 0104198b p.lh             x19, 16(x8!)        x19=000000bc  x8=1c00214a  x8:1c00213a  PA:1c00213a
27257794ns          480307 1c0093d4 2cc10513 addi             x10, x2, 716        x10=10002fa4  x2:10002cd8
27257814ns          480308 1c0093d6 010a990b p.lh             x18, 16(x21!)       x18=fffffec8 x21=1c001976 x21:1c001966  PA:1c001966
27258132ns          480324 1c0093da 010b948b p.lh             x9, 16(x23!)         x9=000000cc x23=1c0011a6 x23:1c001196  PA:1c001196
27258431ns          480339 1c0093de 2d411623 sh               x20, 716(x2)        x20:fffffec9  x2:10002cd8  PA:10002fa4
27258451ns          480340 1c0093e2 2d311723 sh               x19, 718(x2)        x19:000000bc  x2:10002cd8  PA:10002fa6
27258470ns          480341 1c0093e6 c33ff0ef jal              x1, -974             x1=1c0093e8
27258510ns          480343 1c009018 00051803 lh               x16, 0(x10)         x16=fffffec9 x10:10002fa4  PA:10002fa4
27258530ns          480344 1c00901c 00251883 lh               x17, 2(x10)         x17=000000bc x10:10002fa4  PA:10002fa6
27258550ns          480345 1c009020 030806b3 mul              x13, x16, x16       x13=000179d1 x16:fffffec9 x16:fffffec9
27258570ns          480346 1c009024 03188633 mul              x12, x17, x17       x12=00008a10 x17:000000bc x17:000000bc
27258590ns          480347 1c009028 40a65613 srai             x12, x12, 0x40a     x12=00000022 x12:00008a10
27258610ns          480348 1c00902a 40a6d693 srai             x13, x13, 0x40a     x13=0000005e x13:000179d1
27258630ns          480349 1c00902c 00c686b3 add              x13, x13, x12       x13=00000080 x13:0000005e x12:00000022
27258649ns          480350 1c00902e 1006c633 p.exths          x12, x13, x0        x12=00000080 x13:00000080
27258669ns          480351 1c009032 00855703 lhu              x14, 8(x10)         x14=0000ffd1 x10:10002fa4  PA:10002fac
27258689ns          480352 1c009036 00a55683 lhu              x13, 10(x10)        x13=0000ff6a x10:10002fa4  PA:10002fae
27258709ns          480353 1c00903a 02c60333 mul              x6, x12, x12         x6=00004000 x12:00000080 x12:00000080
27258729ns          480354 1c00903e 00c55783 lhu              x15, 12(x10)        x15=0000ffe5 x10:10002fa4  PA:10002fb0
27258749ns          480355 1c009042 00e55583 lhu              x11, 14(x10)        x11=00000060 x10:10002fa4  PA:10002fb2
27258769ns          480356 1c009046 dea30333 p.extract        x6, x6, 15, 10       x6=00000010  x6:00004000
27258789ns          480357 1c00904a 80c7075b p.muls           x14, x14, x12       x14=ffffe880 x14:0000ffd1 x12:00000080
27258809ns          480358 1c00904e 80c686db p.muls           x13, x13, x12       x13=ffffb500 x13:0000ff6a x12:00000080
27258828ns          480359 1c009052 00455e83 lhu              x29, 4(x10)         x29=00000427 x10:10002fa4  PA:10002fa8
27258848ns          480360 1c009056 00655e03 lhu              x28, 6(x10)         x28=0000007f x10:10002fa4  PA:10002faa
27258868ns          480361 1c00905a 40a75713 srai             x14, x14, 0x40a     x14=fffffffa x14:ffffe880
27258888ns          480362 1c00905c 806787db p.muls           x15, x15, x6        x15=fffffe50 x15:0000ffe5  x6:00000010
27258908ns          480363 1c009060 40a6d693 srai             x13, x13, 0x40a     x13=ffffffed x13:ffffb500
27258928ns          480364 1c009062 8065865b p.muls           x12, x11, x6        x12=00000600 x11:00000060  x6:00000010
27258948ns          480365 1c009066 40a7d793 srai             x15, x15, 0x40a     x15=ffffffff x15:fffffe50
27258968ns          480366 1c009068 40a65613 srai             x12, x12, 0x40a     x12=00000001 x12:00000600
27258988ns          480367 1c00906a 01d70733 add              x14, x14, x29       x14=00000421 x14:fffffffa x29:00000427
27259007ns          480368 1c00906c 01c686b3 add              x13, x13, x28       x13=0000006c x13:ffffffed x28:0000007f
27259027ns          480369 1c00906e 00c686b3 add              x13, x13, x12       x13=0000006d x13:0000006c x12:00000001
27259047ns          480370 1c009070 00f70733 add              x14, x14, x15       x14=00000420 x14:00000421 x15:ffffffff
27259067ns          480371 1c009072 100747b3 p.exths          x15, x14, x0        x15=00000420 x14:00000420
27259087ns          480372 1c009076 1006c733 p.exths          x14, x13, x0        x14=0000006d x13:0000006d
27259107ns          480373 1c00907a 03170633 mul              x12, x14, x17       x12=0000500c x14:0000006d x17:000000bc
27259127ns          480374 1c00907e 030786b3 mul              x13, x15, x16       x13=fffafd20 x15:00000420 x16:fffffec9
27259147ns          480375 1c009082 03070733 mul              x14, x14, x16       x14=ffff7b95 x14:0000006d x16:fffffec9
27259167ns          480376 1c009086 031787b3 mul              x15, x15, x17       x15=00030780 x15:00000420 x17:000000bc
27259186ns          480377 1c00908a 40a6d693 srai             x13, x13, 0x40a     x13=fffffebf x13:fffafd20
27259206ns          480378 1c00908c 40a65613 srai             x12, x12, 0x40a     x12=00000014 x12:0000500c
27259226ns          480379 1c00908e 40a7d793 srai             x15, x15, 0x40a     x15=000000c1 x15:00030780
27259246ns          480380 1c009090 40a75713 srai             x14, x14, 0x40a     x14=ffffffde x14:ffff7b95
27259266ns          480381 1c009092 40c686b3 sub              x13, x13, x12       x13=fffffeab x13:fffffebf x12:00000014
27259286ns          480382 1c009094 00e787b3 add              x15, x15, x14       x15=0000009f x15:000000c1 x14:ffffffde
27259306ns          480383 1c009096 00d51823 sh               x13, 16(x10)        x13:fffffeab x10:10002fa4  PA:10002fb4
27259326ns          480384 1c00909a 00f51923 sh               x15, 18(x10)        x15:0000009f x10:10002fa4  PA:10002fb6
27259346ns          480385 1c00909e 00008067 jalr             x0, x1, 0            x1:1c0093e8
27259425ns          480389 1c0093e8 2dc15583 lhu              x11, 732(x2)        x11=0000feab  x2:10002cd8  PA:10002fb4
27259445ns          480390 1c0093ec 2de15783 lhu              x15, 734(x2)        x15=0000009f  x2:10002cd8  PA:10002fb6
27259465ns          480391 1c0093f0 40b90933 sub              x18, x18, x11       x18=ffff001d x18:fffffec8 x11:0000feab
27259485ns          480392 1c0093f4 40f484b3 sub              x9, x9, x15          x9=0000002d  x9:000000cc x15:0000009f
27259505ns          480393 1c0093f6 100945b3 p.exths          x11, x18, x0        x11=0000001d x18:ffff001d
27259524ns          480394 1c0093fa 1004c7b3 p.exths          x15, x9, x0         x15=0000002d  x9:0000002d
27259544ns          480395 1c0093fe 034586b3 mul              x13, x11, x20       x13=ffffdcc5 x11:0000001d x20:fffffec9
27259564ns          480396 1c009402 03378533 mul              x10, x15, x19       x10=0000210c x15:0000002d x19:000000bc
27259584ns          480397 1c009406 034a0633 mul              x12, x20, x20       x12=000179d1 x20:fffffec9 x20:fffffec9
27259604ns          480398 1c00940a 03398733 mul              x14, x19, x19       x14=00008a10 x19:000000bc x19:000000bc
27259624ns          480399 1c00940e 034787b3 mul              x15, x15, x20       x15=ffffc955 x15:0000002d x20:fffffec9
27259644ns          480400 1c009412 033585b3 mul              x11, x11, x19       x11=0000154c x11:0000001d x19:000000bc
27259664ns          480401 1c009416 40a75713 srai             x14, x14, 0x40a     x14=00000022 x14:00008a10
27259684ns          480402 1c009418 40a5d593 srai             x11, x11, 0x40a     x11=00000005 x11:0000154c
27259703ns          480403 1c00941a 40a65613 srai             x12, x12, 0x40a     x12=0000005e x12:000179d1
27259723ns          480404 1c00941c 40a7d793 srai             x15, x15, 0x40a     x15=fffffff2 x15:ffffc955
27259743ns          480405 1c00941e 1c0034b7 lui              x9, 0x1c003000       x9=1c003000
27259763ns          480406 1c009422 00e60633 add              x12, x12, x14       x12=00000080 x12:0000005e x14:00000022
27259783ns          480407 1c009424 40b787b3 sub              x15, x15, x11       x15=ffffffed x15:fffffff2 x11:00000005
27259803ns          480408 1c009426 eb048493 addi             x9, x9, -336         x9=1c002eb0  x9:1c003000
27259823ns          480409 1c00942a 1c0032b7 lui              x5, 0x1c003000       x5=1c003000
27259843ns          480410 1c00942e 1c0035b7 lui              x11, 0x1c003000     x11=1c003000
27259863ns          480411 1c009432 018483b3 add              x7, x9, x24          x7=1c002eba  x9:1c002eb0 x24:0000000a
27259882ns          480412 1c009436 02812e83 lw               x29, 40(x2)         x29=1c002eca  x2:10002cd8  PA:10002d00
27259902ns          480413 1c009438 10065633 p.exthz          x12, x12, x0        x12=00000080 x12:00000080
27259922ns          480414 1c00943c e8028293 addi             x5, x5, -384         x5=1c002e80  x5:1c003000
27259942ns          480415 1c009440 ea058593 addi             x11, x11, -352      x11=1c002ea0 x11:1c003000
27259962ns          480416 1c009444 03812483 lw               x9, 56(x2)           x9=1c002eea  x2:10002cd8  PA:10002d10
27259982ns          480417 1c009446 10064733 p.exths          x14, x12, x0        x14=00000080 x12:00000080
27260002ns          480418 1c00944a 018280b3 add              x1, x5, x24          x1=1c002e8a  x5:1c002e80 x24:0000000a
27260022ns          480419 1c00944e 03012f03 lw               x30, 48(x2)         x30=1c002eda  x2:10002cd8  PA:10002d08
27260042ns          480420 1c009450 018582b3 add              x5, x11, x24         x5=1c002eaa x11:1c002ea0 x24:0000000a
27260081ns          480422 1c009454 04012583 lw               x11, 64(x2)         x11=1c002efa  x2:10002cd8  PA:10002d18
27260101ns          480423 1c009456 000edd83 lhu              x27, 0(x29)         x27=000012fb x29:1c002eca  PA:1c002eca
27260419ns          480439 1c00945a 0004d483 lhu              x9, 0(x9)            x9=000000f2  x9:1c002eea  PA:1c002eea
27260718ns          480454 1c00945e 02e70333 mul              x6, x14, x14         x6=00004000 x14:00000080 x14:00000080
27260738ns          480455 1c009462 40a55513 srai             x10, x10, 0x40a     x10=00000008 x10:0000210c
27260758ns          480456 1c009464 04812e83 lw               x29, 72(x2)         x29=1c002f0a  x2:10002cd8  PA:10002d20
27260777ns          480457 1c009466 40a6d693 srai             x13, x13, 0x40a     x13=fffffff7 x13:ffffdcc5
27260797ns          480458 1c009468 000f5d03 lhu              x26, 0(x30)         x26=0000039a x30:1c002eda  PA:1c002eda
27261096ns          480473 1c00946c 0005d583 lhu              x11, 0(x11)         x11=00000051 x11:1c002efa  PA:1c002efa
27261454ns          480491 1c009470 40a35313 srai             x6, x6, 0x40a        x6=00000010  x6:00004000
27261474ns          480492 1c009474 00a686b3 add              x13, x13, x10       x13=ffffffff x13:fffffff7 x10:00000008
27261493ns          480493 1c009476 05012f03 lw               x30, 80(x2)         x30=1c002e7a  x2:10002cd8  PA:10002d28
27261513ns          480494 1c009478 10034e33 p.exths          x28, x6, x0         x28=00000010  x6:00000010
27261533ns          480495 1c00947c 06911023 sh               x9, 96(x2)           x9:000000f2  x2:10002cd8  PA:10002d38
27261553ns          480496 1c009480 000ede83 lhu              x29, 0(x29)         x29=0000001d x29:1c002f0a  PA:1c002f0a
27261891ns          480513 1c009484 05812483 lw               x9, 88(x2)           x9=1c002e6a  x2:10002cd8  PA:10002d30
27261911ns          480514 1c009486 1006d6b3 p.exthz          x13, x13, x0        x13=0000ffff x13:ffffffff
27261931ns          480515 1c00948a 02ee08b3 mul              x17, x28, x14       x17=00000800 x28:00000010 x14:00000080
27261951ns          480516 1c00948e 1006c833 p.exths          x16, x13, x0        x16=ffffffff x13:0000ffff
27261971ns          480517 1c009492 06b11823 sh               x11, 112(x2)        x11:00000051  x2:10002cd8  PA:10002d48
27261991ns          480518 1c009496 000f5f03 lhu              x30, 0(x30)         x30=0000ff16 x30:1c002e7a  PA:1c002e7a
27262309ns          480534 1c00949a 0a012583 lw               x11, 160(x2)        x11=1c002e9a  x2:10002cd8  PA:10002d78
27262349ns          480536 1c00949c 1007d7b3 p.exthz          x15, x15, x0        x15=0000ffed x15:ffffffed
27262368ns          480537 1c0094a0 0004da03 lhu              x20, 0(x9)          x20=0000fbfd  x9:1c002e6a  PA:1c002e6a
27262707ns          480554 1c0094a4 1007c533 p.exths          x10, x15, x0        x10=ffffffed x15:0000ffed
27262726ns          480555 1c0094a8 09d11023 sh               x29, 128(x2)        x29:0000001d  x2:10002cd8  PA:10002d58
27262746ns          480556 1c0094ac 0003d483 lhu              x9, 0(x7)            x9=0000ffd6  x7:1c002eba  PA:1c002eba
27263045ns          480571 1c0094b0 02e80eb3 mul              x29, x16, x14       x29=ffffff80 x16:ffffffff x14:00000080
27263065ns          480572 1c0094b4 40a8d893 srai             x17, x17, 0x40a     x17=00000002 x17:00000800
27263084ns          480573 1c0094b8 03c80833 mul              x16, x16, x28       x16=fffffff0 x16:ffffffff x28:00000010
27263104ns          480574 1c0094bc 09e11823 sh               x30, 144(x2)        x30:0000ff16  x2:10002cd8  PA:10002d68
27263124ns          480575 1c0094c0 0005d983 lhu              x19, 0(x11)         x19=0000ffb5 x11:1c002e9a  PA:1c002e9a
27263442ns          480591 1c0094c4 81c88f5b p.muls           x30, x17, x28       x30=00000020 x17:00000002 x28:00000010
27263462ns          480592 1c0094c8 0002d583 lhu              x11, 0(x5)          x11=0000ffa3  x5:1c002eaa  PA:1c002eaa
27263761ns          480607 1c0094cc 03ce0fb3 mul              x31, x28, x28       x31=00000100 x28:00000010 x28:00000010
27263781ns          480608 1c0094d0 02e50733 mul              x14, x10, x14       x14=fffff680 x10:ffffffed x14:00000080
27263800ns          480609 1c0094d4 40a85813 srai             x16, x16, 0x40a     x16=ffffffff x16:fffffff0
27263820ns          480610 1c0094d8 03c50533 mul              x10, x10, x28       x10=fffffed0 x10:ffffffed x28:00000010
27263840ns          480611 1c0094dc 07015e03 lhu              x28, 112(x2)        x28=00000051  x2:10002cd8  PA:10002d48
27263860ns          480612 1c0094e0 01b60633 add              x12, x12, x27       x12=0000137b x12:00000080 x27:000012fb
27263880ns          480613 1c0094e2 00980833 add              x16, x16, x9        x16=0000ffd5 x16:ffffffff  x9:0000ffd6
27263900ns          480614 1c0094e4 06015d83 lhu              x27, 96(x2)         x27=000000f2  x2:10002cd8  PA:10002d38
27263920ns          480615 1c0094e8 02812483 lw               x9, 40(x2)           x9=1c002eca  x2:10002cd8  PA:10002d00
27263940ns          480616 1c0094ea 40afdf93 srai             x31, x31, 0x40a     x31=00000000 x31:00000100
27263960ns          480617 1c0094ee 40a55513 srai             x10, x10, 0x40a     x10=ffffffff x10:fffffed0
27263979ns          480618 1c0094f0 01cf8fb3 add              x31, x31, x28       x31=00000051 x31:00000000 x28:00000051
27263999ns          480619 1c0094f2 00b50533 add              x10, x10, x11       x10=0000ffa2 x10:ffffffff x11:0000ffa3
27264019ns          480620 1c0094f4 09015e03 lhu              x28, 144(x2)        x28=0000ff16  x2:10002cd8  PA:10002d68
27264039ns          480621 1c0094f8 03012583 lw               x11, 48(x2)         x11=1c002eda  x2:10002cd8  PA:10002d08
27264059ns          480622 1c0094fa 00c49023 sh               x12, 0(x9)          x12:0000137b  x9:1c002eca  PA:1c002eca
27264377ns          480638 1c0094fe 01b888b3 add              x17, x17, x27       x17=000000f4 x17:00000002 x27:000000f2
27264397ns          480639 1c009500 01a30333 add              x6, x6, x26          x6=000003aa  x6:00000010 x26:0000039a
27264417ns          480640 1c009502 08015d83 lhu              x27, 128(x2)        x27=0000001d  x2:10002cd8  PA:10002d58
27264457ns          480642 1c009506 0000d903 lhu              x18, 0(x1)          x18=0000ff05  x1:1c002e8a  PA:1c002e8a
27264775ns          480658 1c00950a 01c686b3 add              x13, x13, x28       x13=0001ff15 x13:0000ffff x28:0000ff16
27264795ns          480659 1c00950c 00659023 sh               x6, 0(x11)           x6:000003aa x11:1c002eda  PA:1c002eda
27265113ns          480675 1c009510 40af5f13 srai             x30, x30, 0x40a     x30=00000000 x30:00000020
27265133ns          480676 1c009514 04812e03 lw               x28, 72(x2)         x28=1c002f0a  x2:10002cd8  PA:10002d20
27265153ns          480677 1c009516 01bf0f33 add              x30, x30, x27       x30=0000001d x30:00000000 x27:0000001d
27265173ns          480678 1c009518 40aede93 srai             x29, x29, 0x40a     x29=ffffffff x29:ffffff80
27265193ns          480679 1c00951c 40a75713 srai             x14, x14, 0x40a     x14=fffffffd x14:fffff680
27265212ns          480680 1c00951e 03812603 lw               x12, 56(x2)         x12=1c002eea  x2:10002cd8  PA:10002d10
27265232ns          480681 1c009520 04012d83 lw               x27, 64(x2)         x27=1c002efa  x2:10002cd8  PA:10002d18
27265252ns          480682 1c009522 01ee1023 sh               x30, 0(x28)         x30:0000001d x28:1c002f0a  PA:1c002f0a
27265570ns          480698 1c009526 05812483 lw               x9, 88(x2)           x9=1c002e6a  x2:10002cd8  PA:10002d30
27265590ns          480699 1c009528 05012f03 lw               x30, 80(x2)         x30=1c002e7a  x2:10002cd8  PA:10002d28
27265610ns          480700 1c00952a 0a012583 lw               x11, 160(x2)        x11=1c002e9a  x2:10002cd8  PA:10002d78
27265650ns          480702 1c00952c 014787b3 add              x15, x15, x20       x15=0001fbea x15:0000ffed x20:0000fbfd
27265670ns          480703 1c00952e 013e8eb3 add              x29, x29, x19       x29=0000ffb4 x29:ffffffff x19:0000ffb5
27265690ns          480704 1c009530 01270733 add              x14, x14, x18       x14=0000ff02 x14:fffffffd x18:0000ff05
27265710ns          480705 1c009532 00f49023 sh               x15, 0(x9)          x15:0001fbea  x9:1c002e6a  PA:1c002e6a
27266028ns          480721 1c009536 01161023 sh               x17, 0(x12)         x17:000000f4 x12:1c002eea  PA:1c002eea
27266346ns          480737 1c00953a 01fd9023 sh               x31, 0(x27)         x31:00000051 x27:1c002efa  PA:1c002efa
27266664ns          480753 1c00953e 00df1023 sh               x13, 0(x30)         x13:0001ff15 x30:1c002e7a  PA:1c002e7a
27266982ns          480769 1c009542 01d59023 sh               x29, 0(x11)         x29:0000ffb4 x11:1c002e9a  PA:1c002e9a
27267301ns          480785 1c009546 00e09023 sh               x14, 0(x1)          x14:0000ff02  x1:1c002e8a  PA:1c002e8a
27267619ns          480801 1c00954a 01039023 sh               x16, 0(x7)          x16:0000ffd5  x7:1c002eba  PA:1c002eba
27267937ns          480817 1c00954e 00a29023 sh               x10, 0(x5)          x10:0000ffa2  x5:1c002eaa  PA:1c002eaa
27268255ns          480833 1c009552 008b0b13 addi             x22, x22, 8         x22=0000017d x22:00000175
27268275ns          480834 1c009554 1f300793 addi             x15, x0, 499        x15=000001f3
27268295ns          480835 1c009558 e767dae3 bge              x15, x22, -396      x15:000001f3 x22:0000017d
27268355ns          480838 1c0093cc 010c9a0b p.lh             x20, 16(x25!)       x20=00000073 x25=1c002992 x25:1c002982  PA:1c002982
27268713ns          480856 1c0093d0 0104198b p.lh             x19, 16(x8!)        x19=fffffe8e  x8=1c00215a  x8:1c00214a  PA:1c00214a
27269011ns          480871 1c0093d4 2cc10513 addi             x10, x2, 716        x10=10002fa4  x2:10002cd8
27269031ns          480872 1c0093d6 010a990b p.lh             x18, 16(x21!)       x18=0000004a x21=1c001986 x21:1c001976  PA:1c001976
27269329ns          480887 1c0093da 010b948b p.lh             x9, 16(x23!)         x9=fffffe83 x23=1c0011b6 x23:1c0011a6  PA:1c0011a6
27269647ns          480903 1c0093de 2d411623 sh               x20, 716(x2)        x20:00000073  x2:10002cd8  PA:10002fa4
27269667ns          480904 1c0093e2 2d311723 sh               x19, 718(x2)        x19:fffffe8e  x2:10002cd8  PA:10002fa6
27269687ns          480905 1c0093e6 c33ff0ef jal              x1, -974             x1=1c0093e8
27269727ns          480907 1c009018 00051803 lh               x16, 0(x10)         x16=00000073 x10:10002fa4  PA:10002fa4
27269747ns          480908 1c00901c 00251883 lh               x17, 2(x10)         x17=fffffe8e x10:10002fa4  PA:10002fa6
27269767ns          480909 1c009020 030806b3 mul              x13, x16, x16       x13=000033a9 x16:00000073 x16:00000073
27269787ns          480910 1c009024 03188633 mul              x12, x17, x17       x12=000216c4 x17:fffffe8e x17:fffffe8e
27269807ns          480911 1c009028 40a65613 srai             x12, x12, 0x40a     x12=00000085 x12:000216c4
27269826ns          480912 1c00902a 40a6d693 srai             x13, x13, 0x40a     x13=0000000c x13:000033a9
27269846ns          480913 1c00902c 00c686b3 add              x13, x13, x12       x13=00000091 x13:0000000c x12:00000085
27269866ns          480914 1c00902e 1006c633 p.exths          x12, x13, x0        x12=00000091 x13:00000091
27269886ns          480915 1c009032 00855703 lhu              x14, 8(x10)         x14=0000ffd1 x10:10002fa4  PA:10002fac
27269906ns          480916 1c009036 00a55683 lhu              x13, 10(x10)        x13=0000ff6a x10:10002fa4  PA:10002fae
27269926ns          480917 1c00903a 02c60333 mul              x6, x12, x12         x6=00005221 x12:00000091 x12:00000091
27269946ns          480918 1c00903e 00c55783 lhu              x15, 12(x10)        x15=0000ffe5 x10:10002fa4  PA:10002fb0
27269966ns          480919 1c009042 00e55583 lhu              x11, 14(x10)        x11=00000060 x10:10002fa4  PA:10002fb2
27269986ns          480920 1c009046 dea30333 p.extract        x6, x6, 15, 10       x6=00000014  x6:00005221
27270005ns          480921 1c00904a 80c7075b p.muls           x14, x14, x12       x14=ffffe561 x14:0000ffd1 x12:00000091
27270045ns          480923 1c00904e 80c686db p.muls           x13, x13, x12       x13=ffffab0a x13:0000ff6a x12:00000091
27270085ns          480925 1c009052 00455e83 lhu              x29, 4(x10)         x29=00000427 x10:10002fa4  PA:10002fa8
27270105ns          480926 1c009056 00655e03 lhu              x28, 6(x10)         x28=0000007f x10:10002fa4  PA:10002faa
27270125ns          480927 1c00905a 40a75713 srai             x14, x14, 0x40a     x14=fffffff9 x14:ffffe561
27270145ns          480928 1c00905c 806787db p.muls           x15, x15, x6        x15=fffffde4 x15:0000ffe5  x6:00000014
27270184ns          480930 1c009060 40a6d693 srai             x13, x13, 0x40a     x13=ffffffea x13:ffffab0a
27270224ns          480932 1c009062 8065865b p.muls           x12, x11, x6        x12=00000780 x11:00000060  x6:00000014
27270244ns          480933 1c009066 40a7d793 srai             x15, x15, 0x40a     x15=ffffffff x15:fffffde4
27270264ns          480934 1c009068 40a65613 srai             x12, x12, 0x40a     x12=00000001 x12:00000780
27270284ns          480935 1c00906a 01d70733 add              x14, x14, x29       x14=00000420 x14:fffffff9 x29:00000427
27270304ns          480936 1c00906c 01c686b3 add              x13, x13, x28       x13=00000069 x13:ffffffea x28:0000007f
27270324ns          480937 1c00906e 00c686b3 add              x13, x13, x12       x13=0000006a x13:00000069 x12:00000001
27270344ns          480938 1c009070 00f70733 add              x14, x14, x15       x14=0000041f x14:00000420 x15:ffffffff
27270363ns          480939 1c009072 100747b3 p.exths          x15, x14, x0        x15=0000041f x14:0000041f
27270383ns          480940 1c009076 1006c733 p.exths          x14, x13, x0        x14=0000006a x13:0000006a
27270403ns          480941 1c00907a 03170633 mul              x12, x14, x17       x12=ffff66cc x14:0000006a x17:fffffe8e
27270423ns          480942 1c00907e 030786b3 mul              x13, x15, x16       x13=0001d9ed x15:0000041f x16:00000073
27270443ns          480943 1c009082 03070733 mul              x14, x14, x16       x14=00002f9e x14:0000006a x16:00000073
27270463ns          480944 1c009086 031787b3 mul              x15, x15, x17       x15=fffa0b32 x15:0000041f x17:fffffe8e
27270483ns          480945 1c00908a 40a6d693 srai             x13, x13, 0x40a     x13=00000076 x13:0001d9ed
27270503ns          480946 1c00908c 40a65613 srai             x12, x12, 0x40a     x12=ffffffd9 x12:ffff66cc
27270523ns          480947 1c00908e 40a7d793 srai             x15, x15, 0x40a     x15=fffffe82 x15:fffa0b32
27270542ns          480948 1c009090 40a75713 srai             x14, x14, 0x40a     x14=0000000b x14:00002f9e
27270562ns          480949 1c009092 40c686b3 sub              x13, x13, x12       x13=0000009d x13:00000076 x12:ffffffd9
27270582ns          480950 1c009094 00e787b3 add              x15, x15, x14       x15=fffffe8d x15:fffffe82 x14:0000000b
27270602ns          480951 1c009096 00d51823 sh               x13, 16(x10)        x13:0000009d x10:10002fa4  PA:10002fb4
27270622ns          480952 1c00909a 00f51923 sh               x15, 18(x10)        x15:fffffe8d x10:10002fa4  PA:10002fb6
27270642ns          480953 1c00909e 00008067 jalr             x0, x1, 0            x1:1c0093e8
27270721ns          480957 1c0093e8 2dc15583 lhu              x11, 732(x2)        x11=0000009d  x2:10002cd8  PA:10002fb4
27270741ns          480958 1c0093ec 2de15783 lhu              x15, 734(x2)        x15=0000fe8d  x2:10002cd8  PA:10002fb6
27270761ns          480959 1c0093f0 40b90933 sub              x18, x18, x11       x18=ffffffad x18:0000004a x11:0000009d
27270781ns          480960 1c0093f4 40f484b3 sub              x9, x9, x15          x9=fffefff6  x9:fffffe83 x15:0000fe8d
27270801ns          480961 1c0093f6 100945b3 p.exths          x11, x18, x0        x11=ffffffad x18:ffffffad
27270821ns          480962 1c0093fa 1004c7b3 p.exths          x15, x9, x0         x15=fffffff6  x9:fffefff6
27270841ns          480963 1c0093fe 034586b3 mul              x13, x11, x20       x13=ffffdab7 x11:ffffffad x20:00000073
27270861ns          480964 1c009402 03378533 mul              x10, x15, x19       x10=00000e74 x15:fffffff6 x19:fffffe8e
27270881ns          480965 1c009406 034a0633 mul              x12, x20, x20       x12=000033a9 x20:00000073 x20:00000073
27270900ns          480966 1c00940a 03398733 mul              x14, x19, x19       x14=000216c4 x19:fffffe8e x19:fffffe8e
27270920ns          480967 1c00940e 034787b3 mul              x15, x15, x20       x15=fffffb82 x15:fffffff6 x20:00000073
27270940ns          480968 1c009412 033585b3 mul              x11, x11, x19       x11=000077f6 x11:ffffffad x19:fffffe8e
27270960ns          480969 1c009416 40a75713 srai             x14, x14, 0x40a     x14=00000085 x14:000216c4
27270980ns          480970 1c009418 40a5d593 srai             x11, x11, 0x40a     x11=0000001d x11:000077f6
27271000ns          480971 1c00941a 40a65613 srai             x12, x12, 0x40a     x12=0000000c x12:000033a9
27271020ns          480972 1c00941c 40a7d793 srai             x15, x15, 0x40a     x15=fffffffe x15:fffffb82
27271040ns          480973 1c00941e 1c0034b7 lui              x9, 0x1c003000       x9=1c003000
27271060ns          480974 1c009422 00e60633 add              x12, x12, x14       x12=00000091 x12:0000000c x14:00000085
27271079ns          480975 1c009424 40b787b3 sub              x15, x15, x11       x15=ffffffe1 x15:fffffffe x11:0000001d
27271099ns          480976 1c009426 eb048493 addi             x9, x9, -336         x9=1c002eb0  x9:1c003000
27271119ns          480977 1c00942a 1c0032b7 lui              x5, 0x1c003000       x5=1c003000
27271139ns          480978 1c00942e 1c0035b7 lui              x11, 0x1c003000     x11=1c003000
27271159ns          480979 1c009432 018483b3 add              x7, x9, x24          x7=1c002eba  x9:1c002eb0 x24:0000000a
27271179ns          480980 1c009436 02812e83 lw               x29, 40(x2)         x29=1c002eca  x2:10002cd8  PA:10002d00
27271199ns          480981 1c009438 10065633 p.exthz          x12, x12, x0        x12=00000091 x12:00000091
27271219ns          480982 1c00943c e8028293 addi             x5, x5, -384         x5=1c002e80  x5:1c003000
27271239ns          480983 1c009440 ea058593 addi             x11, x11, -352      x11=1c002ea0 x11:1c003000
27271278ns          480985 1c009444 03812483 lw               x9, 56(x2)           x9=1c002eea  x2:10002cd8  PA:10002d10
27271298ns          480986 1c009446 10064733 p.exths          x14, x12, x0        x14=00000091 x12:00000091
27271318ns          480987 1c00944a 018280b3 add              x1, x5, x24          x1=1c002e8a  x5:1c002e80 x24:0000000a
27271338ns          480988 1c00944e 03012f03 lw               x30, 48(x2)         x30=1c002eda  x2:10002cd8  PA:10002d08
27271378ns          480990 1c009450 018582b3 add              x5, x11, x24         x5=1c002eaa x11:1c002ea0 x24:0000000a
27271418ns          480992 1c009454 04012583 lw               x11, 64(x2)         x11=1c002efa  x2:10002cd8  PA:10002d18
27271437ns          480993 1c009456 000edd83 lhu              x27, 0(x29)         x27=0000137b x29:1c002eca  PA:1c002eca
27271736ns          481008 1c00945a 0004d483 lhu              x9, 0(x9)            x9=000000f4  x9:1c002eea  PA:1c002eea
27272034ns          481023 1c00945e 02e70333 mul              x6, x14, x14         x6=00005221 x14:00000091 x14:00000091
27272054ns          481024 1c009462 40a55513 srai             x10, x10, 0x40a     x10=00000003 x10:00000e74
27272074ns          481025 1c009464 04812e83 lw               x29, 72(x2)         x29=1c002f0a  x2:10002cd8  PA:10002d20
27272094ns          481026 1c009466 40a6d693 srai             x13, x13, 0x40a     x13=fffffff6 x13:ffffdab7
27272114ns          481027 1c009468 000f5d03 lhu              x26, 0(x30)         x26=000003aa x30:1c002eda  PA:1c002eda
27272412ns          481042 1c00946c 0005d583 lhu              x11, 0(x11)         x11=00000051 x11:1c002efa  PA:1c002efa
27272730ns          481058 1c009470 40a35313 srai             x6, x6, 0x40a        x6=00000014  x6:00005221
27272750ns          481059 1c009474 00a686b3 add              x13, x13, x10       x13=fffffff9 x13:fffffff6 x10:00000003
27272770ns          481060 1c009476 05012f03 lw               x30, 80(x2)         x30=1c002e7a  x2:10002cd8  PA:10002d28
27272790ns          481061 1c009478 10034e33 p.exths          x28, x6, x0         x28=00000014  x6:00000014
27272810ns          481062 1c00947c 06911023 sh               x9, 96(x2)           x9:000000f4  x2:10002cd8  PA:10002d38
27272830ns          481063 1c009480 000ede83 lhu              x29, 0(x29)         x29=0000001d x29:1c002f0a  PA:1c002f0a
27273128ns          481078 1c009484 05812483 lw               x9, 88(x2)           x9=1c002e6a  x2:10002cd8  PA:10002d30
27273148ns          481079 1c009486 1006d6b3 p.exthz          x13, x13, x0        x13=0000fff9 x13:fffffff9
27273168ns          481080 1c00948a 02ee08b3 mul              x17, x28, x14       x17=00000b54 x28:00000014 x14:00000091
27273188ns          481081 1c00948e 1006c833 p.exths          x16, x13, x0        x16=fffffff9 x13:0000fff9
27273207ns          481082 1c009492 06b11823 sh               x11, 112(x2)        x11:00000051  x2:10002cd8  PA:10002d48
27273227ns          481083 1c009496 000f5f03 lhu              x30, 0(x30)         x30=0000ff15 x30:1c002e7a  PA:1c002e7a
27273625ns          481103 1c00949a 0a012583 lw               x11, 160(x2)        x11=1c002e9a  x2:10002cd8  PA:10002d78
27273645ns          481104 1c00949c 1007d7b3 p.exthz          x15, x15, x0        x15=0000ffe1 x15:ffffffe1
27273665ns          481105 1c0094a0 0004da03 lhu              x20, 0(x9)          x20=0000fbea  x9:1c002e6a  PA:1c002e6a
27274003ns          481122 1c0094a4 1007c533 p.exths          x10, x15, x0        x10=ffffffe1 x15:0000ffe1
27274023ns          481123 1c0094a8 09d11023 sh               x29, 128(x2)        x29:0000001d  x2:10002cd8  PA:10002d58
27274043ns          481124 1c0094ac 0003d483 lhu              x9, 0(x7)            x9=0000ffd5  x7:1c002eba  PA:1c002eba
27274341ns          481139 1c0094b0 02e80eb3 mul              x29, x16, x14       x29=fffffc09 x16:fffffff9 x14:00000091
27274361ns          481140 1c0094b4 40a8d893 srai             x17, x17, 0x40a     x17=00000002 x17:00000b54
27274381ns          481141 1c0094b8 03c80833 mul              x16, x16, x28       x16=ffffff74 x16:fffffff9 x28:00000014
27274401ns          481142 1c0094bc 09e11823 sh               x30, 144(x2)        x30:0000ff15  x2:10002cd8  PA:10002d68
27274421ns          481143 1c0094c0 0005d983 lhu              x19, 0(x11)         x19=0000ffb4 x11:1c002e9a  PA:1c002e9a
27274719ns          481158 1c0094c4 81c88f5b p.muls           x30, x17, x28       x30=00000028 x17:00000002 x28:00000014
27274739ns          481159 1c0094c8 0002d583 lhu              x11, 0(x5)          x11=0000ffa2  x5:1c002eaa  PA:1c002eaa
27275037ns          481174 1c0094cc 03ce0fb3 mul              x31, x28, x28       x31=00000190 x28:00000014 x28:00000014
27275057ns          481175 1c0094d0 02e50733 mul              x14, x10, x14       x14=ffffee71 x10:ffffffe1 x14:00000091
27275077ns          481176 1c0094d4 40a85813 srai             x16, x16, 0x40a     x16=ffffffff x16:ffffff74
27275097ns          481177 1c0094d8 03c50533 mul              x10, x10, x28       x10=fffffd94 x10:ffffffe1 x28:00000014
27275117ns          481178 1c0094dc 07015e03 lhu              x28, 112(x2)        x28=00000051  x2:10002cd8  PA:10002d48
27275137ns          481179 1c0094e0 01b60633 add              x12, x12, x27       x12=0000140c x12:00000091 x27:0000137b
27275156ns          481180 1c0094e2 00980833 add              x16, x16, x9        x16=0000ffd4 x16:ffffffff  x9:0000ffd5
27275176ns          481181 1c0094e4 06015d83 lhu              x27, 96(x2)         x27=000000f4  x2:10002cd8  PA:10002d38
27275196ns          481182 1c0094e8 02812483 lw               x9, 40(x2)           x9=1c002eca  x2:10002cd8  PA:10002d00
27275216ns          481183 1c0094ea 40afdf93 srai             x31, x31, 0x40a     x31=00000000 x31:00000190
27275236ns          481184 1c0094ee 40a55513 srai             x10, x10, 0x40a     x10=ffffffff x10:fffffd94
27275256ns          481185 1c0094f0 01cf8fb3 add              x31, x31, x28       x31=00000051 x31:00000000 x28:00000051
27275276ns          481186 1c0094f2 00b50533 add              x10, x10, x11       x10=0000ffa1 x10:ffffffff x11:0000ffa2
27275296ns          481187 1c0094f4 09015e03 lhu              x28, 144(x2)        x28=0000ff15  x2:10002cd8  PA:10002d68
27275316ns          481188 1c0094f8 03012583 lw               x11, 48(x2)         x11=1c002eda  x2:10002cd8  PA:10002d08
27275335ns          481189 1c0094fa 00c49023 sh               x12, 0(x9)          x12:0000140c  x9:1c002eca  PA:1c002eca
27275654ns          481205 1c0094fe 01b888b3 add              x17, x17, x27       x17=000000f6 x17:00000002 x27:000000f4
27275674ns          481206 1c009500 01a30333 add              x6, x6, x26          x6=000003be  x6:00000014 x26:000003aa
27275693ns          481207 1c009502 08015d83 lhu              x27, 128(x2)        x27=0000001d  x2:10002cd8  PA:10002d58
27275733ns          481209 1c009506 0000d903 lhu              x18, 0(x1)          x18=0000ff02  x1:1c002e8a  PA:1c002e8a
27276051ns          481225 1c00950a 01c686b3 add              x13, x13, x28       x13=0001ff0e x13:0000fff9 x28:0000ff15
27276071ns          481226 1c00950c 00659023 sh               x6, 0(x11)           x6:000003be x11:1c002eda  PA:1c002eda
27276390ns          481242 1c009510 40af5f13 srai             x30, x30, 0x40a     x30=00000000 x30:00000028
27276409ns          481243 1c009514 04812e03 lw               x28, 72(x2)         x28=1c002f0a  x2:10002cd8  PA:10002d20
27276429ns          481244 1c009516 01bf0f33 add              x30, x30, x27       x30=0000001d x30:00000000 x27:0000001d
27276449ns          481245 1c009518 40aede93 srai             x29, x29, 0x40a     x29=ffffffff x29:fffffc09
27276469ns          481246 1c00951c 40a75713 srai             x14, x14, 0x40a     x14=fffffffb x14:ffffee71
27276489ns          481247 1c00951e 03812603 lw               x12, 56(x2)         x12=1c002eea  x2:10002cd8  PA:10002d10
27276509ns          481248 1c009520 04012d83 lw               x27, 64(x2)         x27=1c002efa  x2:10002cd8  PA:10002d18
27276529ns          481249 1c009522 01ee1023 sh               x30, 0(x28)         x30:0000001d x28:1c002f0a  PA:1c002f0a
27276847ns          481265 1c009526 05812483 lw               x9, 88(x2)           x9=1c002e6a  x2:10002cd8  PA:10002d30
27276867ns          481266 1c009528 05012f03 lw               x30, 80(x2)         x30=1c002e7a  x2:10002cd8  PA:10002d28
27276887ns          481267 1c00952a 0a012583 lw               x11, 160(x2)        x11=1c002e9a  x2:10002cd8  PA:10002d78
27276926ns          481269 1c00952c 014787b3 add              x15, x15, x20       x15=0001fbcb x15:0000ffe1 x20:0000fbea
27276946ns          481270 1c00952e 013e8eb3 add              x29, x29, x19       x29=0000ffb3 x29:ffffffff x19:0000ffb4
27276966ns          481271 1c009530 01270733 add              x14, x14, x18       x14=0000fefd x14:fffffffb x18:0000ff02
27276986ns          481272 1c009532 00f49023 sh               x15, 0(x9)          x15:0001fbcb  x9:1c002e6a  PA:1c002e6a
27277304ns          481288 1c009536 01161023 sh               x17, 0(x12)         x17:000000f6 x12:1c002eea  PA:1c002eea
27277623ns          481304 1c00953a 01fd9023 sh               x31, 0(x27)         x31:00000051 x27:1c002efa  PA:1c002efa
27277961ns          481321 1c00953e 00df1023 sh               x13, 0(x30)         x13:0001ff0e x30:1c002e7a  PA:1c002e7a
27278279ns          481337 1c009542 01d59023 sh               x29, 0(x11)         x29:0000ffb3 x11:1c002e9a  PA:1c002e9a
27278597ns          481353 1c009546 00e09023 sh               x14, 0(x1)          x14:0000fefd  x1:1c002e8a  PA:1c002e8a
27278935ns          481370 1c00954a 01039023 sh               x16, 0(x7)          x16:0000ffd4  x7:1c002eba  PA:1c002eba
27279313ns          481389 1c00954e 00a29023 sh               x10, 0(x5)          x10:0000ffa1  x5:1c002eaa  PA:1c002eaa
27279631ns          481405 1c009552 008b0b13 addi             x22, x22, 8         x22=00000185 x22:0000017d
27279651ns          481406 1c009554 1f300793 addi             x15, x0, 499        x15=000001f3
27279671ns          481407 1c009558 e767dae3 bge              x15, x22, -396      x15:000001f3 x22:00000185
27279770ns          481412 1c0093cc 010c9a0b p.lh             x20, 16(x25!)       x20=00000089 x25=1c0029a2 x25:1c002992  PA:1c002992
27280109ns          481429 1c0093d0 0104198b p.lh             x19, 16(x8!)        x19=000000b2  x8=1c00216a  x8:1c00215a  PA:1c00215a
27280407ns          481444 1c0093d4 2cc10513 addi             x10, x2, 716        x10=10002fa4  x2:10002cd8
27280427ns          481445 1c0093d6 010a990b p.lh             x18, 16(x21!)       x18=00000096 x21=1c001996 x21:1c001986  PA:1c001986
27280725ns          481460 1c0093da 010b948b p.lh             x9, 16(x23!)         x9=000000ab x23=1c0011c6 x23:1c0011b6  PA:1c0011b6
27281023ns          481475 1c0093de 2d411623 sh               x20, 716(x2)        x20:00000089  x2:10002cd8  PA:10002fa4
27281043ns          481476 1c0093e2 2d311723 sh               x19, 718(x2)        x19:000000b2  x2:10002cd8  PA:10002fa6
27281063ns          481477 1c0093e6 c33ff0ef jal              x1, -974             x1=1c0093e8
27281103ns          481479 1c009018 00051803 lh               x16, 0(x10)         x16=00000089 x10:10002fa4  PA:10002fa4
27281123ns          481480 1c00901c 00251883 lh               x17, 2(x10)         x17=000000b2 x10:10002fa4  PA:10002fa6
27281183ns          481483 1c009020 030806b3 mul              x13, x16, x16       x13=00004951 x16:00000089 x16:00000089
27281222ns          481485 1c009024 03188633 mul              x12, x17, x17       x12=00007bc4 x17:000000b2 x17:000000b2
27281242ns          481486 1c009028 40a65613 srai             x12, x12, 0x40a     x12=0000001e x12:00007bc4
27281262ns          481487 1c00902a 40a6d693 srai             x13, x13, 0x40a     x13=00000012 x13:00004951
27281282ns          481488 1c00902c 00c686b3 add              x13, x13, x12       x13=00000030 x13:00000012 x12:0000001e
27281302ns          481489 1c00902e 1006c633 p.exths          x12, x13, x0        x12=00000030 x13:00000030
27281322ns          481490 1c009032 00855703 lhu              x14, 8(x10)         x14=0000ffd1 x10:10002fa4  PA:10002fac
27281342ns          481491 1c009036 00a55683 lhu              x13, 10(x10)        x13=0000ff6a x10:10002fa4  PA:10002fae
27281362ns          481492 1c00903a 02c60333 mul              x6, x12, x12         x6=00000900 x12:00000030 x12:00000030
27281381ns          481493 1c00903e 00c55783 lhu              x15, 12(x10)        x15=0000ffe5 x10:10002fa4  PA:10002fb0
27281401ns          481494 1c009042 00e55583 lhu              x11, 14(x10)        x11=00000060 x10:10002fa4  PA:10002fb2
27281421ns          481495 1c009046 dea30333 p.extract        x6, x6, 15, 10       x6=00000002  x6:00000900
27281441ns          481496 1c00904a 80c7075b p.muls           x14, x14, x12       x14=fffff730 x14:0000ffd1 x12:00000030
27281481ns          481498 1c00904e 80c686db p.muls           x13, x13, x12       x13=ffffe3e0 x13:0000ff6a x12:00000030
27281521ns          481500 1c009052 00455e83 lhu              x29, 4(x10)         x29=00000427 x10:10002fa4  PA:10002fa8
27281541ns          481501 1c009056 00655e03 lhu              x28, 6(x10)         x28=0000007f x10:10002fa4  PA:10002faa
27281560ns          481502 1c00905a 40a75713 srai             x14, x14, 0x40a     x14=fffffffd x14:fffff730
27281580ns          481503 1c00905c 806787db p.muls           x15, x15, x6        x15=ffffffca x15:0000ffe5  x6:00000002
27281600ns          481504 1c009060 40a6d693 srai             x13, x13, 0x40a     x13=fffffff8 x13:ffffe3e0
27281620ns          481505 1c009062 8065865b p.muls           x12, x11, x6        x12=000000c0 x11:00000060  x6:00000002
27281640ns          481506 1c009066 40a7d793 srai             x15, x15, 0x40a     x15=ffffffff x15:ffffffca
27281660ns          481507 1c009068 40a65613 srai             x12, x12, 0x40a     x12=00000000 x12:000000c0
27281680ns          481508 1c00906a 01d70733 add              x14, x14, x29       x14=00000424 x14:fffffffd x29:00000427
27281700ns          481509 1c00906c 01c686b3 add              x13, x13, x28       x13=00000077 x13:fffffff8 x28:0000007f
27281720ns          481510 1c00906e 00c686b3 add              x13, x13, x12       x13=00000077 x13:00000077 x12:00000000
27281739ns          481511 1c009070 00f70733 add              x14, x14, x15       x14=00000423 x14:00000424 x15:ffffffff
27281759ns          481512 1c009072 100747b3 p.exths          x15, x14, x0        x15=00000423 x14:00000423
27281779ns          481513 1c009076 1006c733 p.exths          x14, x13, x0        x14=00000077 x13:00000077
27281799ns          481514 1c00907a 03170633 mul              x12, x14, x17       x12=000052be x14:00000077 x17:000000b2
27281819ns          481515 1c00907e 030786b3 mul              x13, x15, x16       x13=000236bb x15:00000423 x16:00000089
27281839ns          481516 1c009082 03070733 mul              x14, x14, x16       x14=00003faf x14:00000077 x16:00000089
27281859ns          481517 1c009086 031787b3 mul              x15, x15, x17       x15=0002e056 x15:00000423 x17:000000b2
27281879ns          481518 1c00908a 40a6d693 srai             x13, x13, 0x40a     x13=0000008d x13:000236bb
27281898ns          481519 1c00908c 40a65613 srai             x12, x12, 0x40a     x12=00000014 x12:000052be
27281918ns          481520 1c00908e 40a7d793 srai             x15, x15, 0x40a     x15=000000b8 x15:0002e056
27281938ns          481521 1c009090 40a75713 srai             x14, x14, 0x40a     x14=0000000f x14:00003faf
27281958ns          481522 1c009092 40c686b3 sub              x13, x13, x12       x13=00000079 x13:0000008d x12:00000014
27281978ns          481523 1c009094 00e787b3 add              x15, x15, x14       x15=000000c7 x15:000000b8 x14:0000000f
27281998ns          481524 1c009096 00d51823 sh               x13, 16(x10)        x13:00000079 x10:10002fa4  PA:10002fb4
27282018ns          481525 1c00909a 00f51923 sh               x15, 18(x10)        x15:000000c7 x10:10002fa4  PA:10002fb6
27282038ns          481526 1c00909e 00008067 jalr             x0, x1, 0            x1:1c0093e8
27282077ns          481528 1c0093e8 2dc15583 lhu              x11, 732(x2)        x11=00000079  x2:10002cd8  PA:10002fb4
27282097ns          481529 1c0093ec 2de15783 lhu              x15, 734(x2)        x15=000000c7  x2:10002cd8  PA:10002fb6
27282117ns          481530 1c0093f0 40b90933 sub              x18, x18, x11       x18=0000001d x18:00000096 x11:00000079
27282137ns          481531 1c0093f4 40f484b3 sub              x9, x9, x15          x9=ffffffe4  x9:000000ab x15:000000c7
27282157ns          481532 1c0093f6 100945b3 p.exths          x11, x18, x0        x11=0000001d x18:0000001d
27282177ns          481533 1c0093fa 1004c7b3 p.exths          x15, x9, x0         x15=ffffffe4  x9:ffffffe4
27282197ns          481534 1c0093fe 034586b3 mul              x13, x11, x20       x13=00000f85 x11:0000001d x20:00000089
27282217ns          481535 1c009402 03378533 mul              x10, x15, x19       x10=ffffec88 x15:ffffffe4 x19:000000b2
27282237ns          481536 1c009406 034a0633 mul              x12, x20, x20       x12=00004951 x20:00000089 x20:00000089
27282256ns          481537 1c00940a 03398733 mul              x14, x19, x19       x14=00007bc4 x19:000000b2 x19:000000b2
27282276ns          481538 1c00940e 034787b3 mul              x15, x15, x20       x15=fffff104 x15:ffffffe4 x20:00000089
27282296ns          481539 1c009412 033585b3 mul              x11, x11, x19       x11=0000142a x11:0000001d x19:000000b2
27282316ns          481540 1c009416 40a75713 srai             x14, x14, 0x40a     x14=0000001e x14:00007bc4
27282336ns          481541 1c009418 40a5d593 srai             x11, x11, 0x40a     x11=00000005 x11:0000142a
27282356ns          481542 1c00941a 40a65613 srai             x12, x12, 0x40a     x12=00000012 x12:00004951
27282376ns          481543 1c00941c 40a7d793 srai             x15, x15, 0x40a     x15=fffffffc x15:fffff104
27282396ns          481544 1c00941e 1c0034b7 lui              x9, 0x1c003000       x9=1c003000
27282416ns          481545 1c009422 00e60633 add              x12, x12, x14       x12=00000030 x12:00000012 x14:0000001e
27282435ns          481546 1c009424 40b787b3 sub              x15, x15, x11       x15=fffffff7 x15:fffffffc x11:00000005
27282455ns          481547 1c009426 eb048493 addi             x9, x9, -336         x9=1c002eb0  x9:1c003000
27282475ns          481548 1c00942a 1c0032b7 lui              x5, 0x1c003000       x5=1c003000
27282495ns          481549 1c00942e 1c0035b7 lui              x11, 0x1c003000     x11=1c003000
27282515ns          481550 1c009432 018483b3 add              x7, x9, x24          x7=1c002eba  x9:1c002eb0 x24:0000000a
27282535ns          481551 1c009436 02812e83 lw               x29, 40(x2)         x29=1c002eca  x2:10002cd8  PA:10002d00
27282555ns          481552 1c009438 10065633 p.exthz          x12, x12, x0        x12=00000030 x12:00000030
27282575ns          481553 1c00943c e8028293 addi             x5, x5, -384         x5=1c002e80  x5:1c003000
27282595ns          481554 1c009440 ea058593 addi             x11, x11, -352      x11=1c002ea0 x11:1c003000
27282634ns          481556 1c009444 03812483 lw               x9, 56(x2)           x9=1c002eea  x2:10002cd8  PA:10002d10
27282654ns          481557 1c009446 10064733 p.exths          x14, x12, x0        x14=00000030 x12:00000030
27282674ns          481558 1c00944a 018280b3 add              x1, x5, x24          x1=1c002e8a  x5:1c002e80 x24:0000000a
27282694ns          481559 1c00944e 03012f03 lw               x30, 48(x2)         x30=1c002eda  x2:10002cd8  PA:10002d08
27282714ns          481560 1c009450 018582b3 add              x5, x11, x24         x5=1c002eaa x11:1c002ea0 x24:0000000a
27282734ns          481561 1c009454 04012583 lw               x11, 64(x2)         x11=1c002efa  x2:10002cd8  PA:10002d18
27282754ns          481562 1c009456 000edd83 lhu              x27, 0(x29)         x27=0000140c x29:1c002eca  PA:1c002eca
27283052ns          481577 1c00945a 0004d483 lhu              x9, 0(x9)            x9=000000f6  x9:1c002eea  PA:1c002eea
27283350ns          481592 1c00945e 02e70333 mul              x6, x14, x14         x6=00000900 x14:00000030 x14:00000030
27283370ns          481593 1c009462 40a55513 srai             x10, x10, 0x40a     x10=fffffffb x10:ffffec88
27283390ns          481594 1c009464 04812e83 lw               x29, 72(x2)         x29=1c002f0a  x2:10002cd8  PA:10002d20
27283410ns          481595 1c009466 40a6d693 srai             x13, x13, 0x40a     x13=00000003 x13:00000f85
27283430ns          481596 1c009468 000f5d03 lhu              x26, 0(x30)         x26=000003be x30:1c002eda  PA:1c002eda
27283728ns          481611 1c00946c 0005d583 lhu              x11, 0(x11)         x11=00000051 x11:1c002efa  PA:1c002efa
27284027ns          481626 1c009470 40a35313 srai             x6, x6, 0x40a        x6=00000002  x6:00000900
27284046ns          481627 1c009474 00a686b3 add              x13, x13, x10       x13=fffffffe x13:00000003 x10:fffffffb
27284066ns          481628 1c009476 05012f03 lw               x30, 80(x2)         x30=1c002e7a  x2:10002cd8  PA:10002d28
27284086ns          481629 1c009478 10034e33 p.exths          x28, x6, x0         x28=00000002  x6:00000002
27284106ns          481630 1c00947c 06911023 sh               x9, 96(x2)           x9:000000f6  x2:10002cd8  PA:10002d38
27284126ns          481631 1c009480 000ede83 lhu              x29, 0(x29)         x29=0000001d x29:1c002f0a  PA:1c002f0a
27284424ns          481646 1c009484 05812483 lw               x9, 88(x2)           x9=1c002e6a  x2:10002cd8  PA:10002d30
27284444ns          481647 1c009486 1006d6b3 p.exthz          x13, x13, x0        x13=0000fffe x13:fffffffe
27284464ns          481648 1c00948a 02ee08b3 mul              x17, x28, x14       x17=00000060 x28:00000002 x14:00000030
27284484ns          481649 1c00948e 1006c833 p.exths          x16, x13, x0        x16=fffffffe x13:0000fffe
27284504ns          481650 1c009492 06b11823 sh               x11, 112(x2)        x11:00000051  x2:10002cd8  PA:10002d48
27284524ns          481651 1c009496 000f5f03 lhu              x30, 0(x30)         x30=0000ff0e x30:1c002e7a  PA:1c002e7a
27284822ns          481666 1c00949a 0a012583 lw               x11, 160(x2)        x11=1c002e9a  x2:10002cd8  PA:10002d78
27284842ns          481667 1c00949c 1007d7b3 p.exthz          x15, x15, x0        x15=0000fff7 x15:fffffff7
27284862ns          481668 1c0094a0 0004da03 lhu              x20, 0(x9)          x20=0000fbcb  x9:1c002e6a  PA:1c002e6a
27285180ns          481684 1c0094a4 1007c533 p.exths          x10, x15, x0        x10=fffffff7 x15:0000fff7
27285200ns          481685 1c0094a8 09d11023 sh               x29, 128(x2)        x29:0000001d  x2:10002cd8  PA:10002d58
27285220ns          481686 1c0094ac 0003d483 lhu              x9, 0(x7)            x9=0000ffd4  x7:1c002eba  PA:1c002eba
27285518ns          481701 1c0094b0 02e80eb3 mul              x29, x16, x14       x29=ffffffa0 x16:fffffffe x14:00000030
27285538ns          481702 1c0094b4 40a8d893 srai             x17, x17, 0x40a     x17=00000000 x17:00000060
27285558ns          481703 1c0094b8 03c80833 mul              x16, x16, x28       x16=fffffffc x16:fffffffe x28:00000002
27285578ns          481704 1c0094bc 09e11823 sh               x30, 144(x2)        x30:0000ff0e  x2:10002cd8  PA:10002d68
27285598ns          481705 1c0094c0 0005d983 lhu              x19, 0(x11)         x19=0000ffb3 x11:1c002e9a  PA:1c002e9a
27285916ns          481721 1c0094c4 81c88f5b p.muls           x30, x17, x28       x30=00000000 x17:00000000 x28:00000002
27285936ns          481722 1c0094c8 0002d583 lhu              x11, 0(x5)          x11=0000ffa1  x5:1c002eaa  PA:1c002eaa
27286234ns          481737 1c0094cc 03ce0fb3 mul              x31, x28, x28       x31=00000004 x28:00000002 x28:00000002
27286254ns          481738 1c0094d0 02e50733 mul              x14, x10, x14       x14=fffffe50 x10:fffffff7 x14:00000030
27286274ns          481739 1c0094d4 40a85813 srai             x16, x16, 0x40a     x16=ffffffff x16:fffffffc
27286294ns          481740 1c0094d8 03c50533 mul              x10, x10, x28       x10=ffffffee x10:fffffff7 x28:00000002
27286314ns          481741 1c0094dc 07015e03 lhu              x28, 112(x2)        x28=00000051  x2:10002cd8  PA:10002d48
27286353ns          481743 1c0094e0 01b60633 add              x12, x12, x27       x12=0000143c x12:00000030 x27:0000140c
27286373ns          481744 1c0094e2 00980833 add              x16, x16, x9        x16=0000ffd3 x16:ffffffff  x9:0000ffd4
27286393ns          481745 1c0094e4 06015d83 lhu              x27, 96(x2)         x27=000000f6  x2:10002cd8  PA:10002d38
27286413ns          481746 1c0094e8 02812483 lw               x9, 40(x2)           x9=1c002eca  x2:10002cd8  PA:10002d00
27286433ns          481747 1c0094ea 40afdf93 srai             x31, x31, 0x40a     x31=00000000 x31:00000004
27286453ns          481748 1c0094ee 40a55513 srai             x10, x10, 0x40a     x10=ffffffff x10:ffffffee
27286473ns          481749 1c0094f0 01cf8fb3 add              x31, x31, x28       x31=00000051 x31:00000000 x28:00000051
27286493ns          481750 1c0094f2 00b50533 add              x10, x10, x11       x10=0000ffa0 x10:ffffffff x11:0000ffa1
27286513ns          481751 1c0094f4 09015e03 lhu              x28, 144(x2)        x28=0000ff0e  x2:10002cd8  PA:10002d68
27286532ns          481752 1c0094f8 03012583 lw               x11, 48(x2)         x11=1c002eda  x2:10002cd8  PA:10002d08
27286552ns          481753 1c0094fa 00c49023 sh               x12, 0(x9)          x12:0000143c  x9:1c002eca  PA:1c002eca
27286870ns          481769 1c0094fe 01b888b3 add              x17, x17, x27       x17=000000f6 x17:00000000 x27:000000f6
27286890ns          481770 1c009500 01a30333 add              x6, x6, x26          x6=000003c0  x6:00000002 x26:000003be
27286910ns          481771 1c009502 08015d83 lhu              x27, 128(x2)        x27=0000001d  x2:10002cd8  PA:10002d58
27286930ns          481772 1c009506 0000d903 lhu              x18, 0(x1)          x18=0000fefd  x1:1c002e8a  PA:1c002e8a
27287248ns          481788 1c00950a 01c686b3 add              x13, x13, x28       x13=0001ff0c x13:0000fffe x28:0000ff0e
27287268ns          481789 1c00950c 00659023 sh               x6, 0(x11)           x6:000003c0 x11:1c002eda  PA:1c002eda
27287586ns          481805 1c009510 40af5f13 srai             x30, x30, 0x40a     x30=00000000 x30:00000000
27287606ns          481806 1c009514 04812e03 lw               x28, 72(x2)         x28=1c002f0a  x2:10002cd8  PA:10002d20
27287626ns          481807 1c009516 01bf0f33 add              x30, x30, x27       x30=0000001d x30:00000000 x27:0000001d
27287646ns          481808 1c009518 40aede93 srai             x29, x29, 0x40a     x29=ffffffff x29:ffffffa0
27287666ns          481809 1c00951c 40a75713 srai             x14, x14, 0x40a     x14=ffffffff x14:fffffe50
27287686ns          481810 1c00951e 03812603 lw               x12, 56(x2)         x12=1c002eea  x2:10002cd8  PA:10002d10
27287706ns          481811 1c009520 04012d83 lw               x27, 64(x2)         x27=1c002efa  x2:10002cd8  PA:10002d18
27287726ns          481812 1c009522 01ee1023 sh               x30, 0(x28)         x30:0000001d x28:1c002f0a  PA:1c002f0a
27288044ns          481828 1c009526 05812483 lw               x9, 88(x2)           x9=1c002e6a  x2:10002cd8  PA:10002d30
27288064ns          481829 1c009528 05012f03 lw               x30, 80(x2)         x30=1c002e7a  x2:10002cd8  PA:10002d28
27288084ns          481830 1c00952a 0a012583 lw               x11, 160(x2)        x11=1c002e9a  x2:10002cd8  PA:10002d78
27288104ns          481831 1c00952c 014787b3 add              x15, x15, x20       x15=0001fbc2 x15:0000fff7 x20:0000fbcb
27288123ns          481832 1c00952e 013e8eb3 add              x29, x29, x19       x29=0000ffb2 x29:ffffffff x19:0000ffb3
27288143ns          481833 1c009530 01270733 add              x14, x14, x18       x14=0000fefc x14:ffffffff x18:0000fefd
27288163ns          481834 1c009532 00f49023 sh               x15, 0(x9)          x15:0001fbc2  x9:1c002e6a  PA:1c002e6a
27288521ns          481852 1c009536 01161023 sh               x17, 0(x12)         x17:000000f6 x12:1c002eea  PA:1c002eea
27288839ns          481868 1c00953a 01fd9023 sh               x31, 0(x27)         x31:00000051 x27:1c002efa  PA:1c002efa
27289178ns          481885 1c00953e 00df1023 sh               x13, 0(x30)         x13:0001ff0c x30:1c002e7a  PA:1c002e7a
27289496ns          481901 1c009542 01d59023 sh               x29, 0(x11)         x29:0000ffb2 x11:1c002e9a  PA:1c002e9a
27289834ns          481918 1c009546 00e09023 sh               x14, 0(x1)          x14:0000fefc  x1:1c002e8a  PA:1c002e8a
27290152ns          481934 1c00954a 01039023 sh               x16, 0(x7)          x16:0000ffd3  x7:1c002eba  PA:1c002eba
27290470ns          481950 1c00954e 00a29023 sh               x10, 0(x5)          x10:0000ffa0  x5:1c002eaa  PA:1c002eaa
27290788ns          481966 1c009552 008b0b13 addi             x22, x22, 8         x22=0000018d x22:00000185
27290808ns          481967 1c009554 1f300793 addi             x15, x0, 499        x15=000001f3
27290828ns          481968 1c009558 e767dae3 bge              x15, x22, -396      x15:000001f3 x22:0000018d
27290928ns          481973 1c0093cc 010c9a0b p.lh             x20, 16(x25!)       x20=ffffffed x25=1c0029b2 x25:1c0029a2  PA:1c0029a2
27291246ns          481989 1c0093d0 0104198b p.lh             x19, 16(x8!)        x19=fffffee7  x8=1c00217a  x8:1c00216a  PA:1c00216a
27291564ns          482005 1c0093d4 2cc10513 addi             x10, x2, 716        x10=10002fa4  x2:10002cd8
27291584ns          482006 1c0093d6 010a990b p.lh             x18, 16(x21!)       x18=ffffffd3 x21=1c0019a6 x21:1c001996  PA:1c001996
27291902ns          482022 1c0093da 010b948b p.lh             x9, 16(x23!)         x9=fffffee2 x23=1c0011d6 x23:1c0011c6  PA:1c0011c6
27292220ns          482038 1c0093de 2d411623 sh               x20, 716(x2)        x20:ffffffed  x2:10002cd8  PA:10002fa4
27292240ns          482039 1c0093e2 2d311723 sh               x19, 718(x2)        x19:fffffee7  x2:10002cd8  PA:10002fa6
27292260ns          482040 1c0093e6 c33ff0ef jal              x1, -974             x1=1c0093e8
27292300ns          482042 1c009018 00051803 lh               x16, 0(x10)         x16=ffffffed x10:10002fa4  PA:10002fa4
27292320ns          482043 1c00901c 00251883 lh               x17, 2(x10)         x17=fffffee7 x10:10002fa4  PA:10002fa6
27292340ns          482044 1c009020 030806b3 mul              x13, x16, x16       x13=00000169 x16:ffffffed x16:ffffffed
27292360ns          482045 1c009024 03188633 mul              x12, x17, x17       x12=00013471 x17:fffffee7 x17:fffffee7
27292379ns          482046 1c009028 40a65613 srai             x12, x12, 0x40a     x12=0000004d x12:00013471
27292399ns          482047 1c00902a 40a6d693 srai             x13, x13, 0x40a     x13=00000000 x13:00000169
27292419ns          482048 1c00902c 00c686b3 add              x13, x13, x12       x13=0000004d x13:00000000 x12:0000004d
27292439ns          482049 1c00902e 1006c633 p.exths          x12, x13, x0        x12=0000004d x13:0000004d
27292459ns          482050 1c009032 00855703 lhu              x14, 8(x10)         x14=0000ffd1 x10:10002fa4  PA:10002fac
27292479ns          482051 1c009036 00a55683 lhu              x13, 10(x10)        x13=0000ff6a x10:10002fa4  PA:10002fae
27292499ns          482052 1c00903a 02c60333 mul              x6, x12, x12         x6=00001729 x12:0000004d x12:0000004d
27292519ns          482053 1c00903e 00c55783 lhu              x15, 12(x10)        x15=0000ffe5 x10:10002fa4  PA:10002fb0
27292539ns          482054 1c009042 00e55583 lhu              x11, 14(x10)        x11=00000060 x10:10002fa4  PA:10002fb2
27292558ns          482055 1c009046 dea30333 p.extract        x6, x6, 15, 10       x6=00000005  x6:00001729
27292578ns          482056 1c00904a 80c7075b p.muls           x14, x14, x12       x14=fffff1dd x14:0000ffd1 x12:0000004d
27292598ns          482057 1c00904e 80c686db p.muls           x13, x13, x12       x13=ffffd2e2 x13:0000ff6a x12:0000004d
27292618ns          482058 1c009052 00455e83 lhu              x29, 4(x10)         x29=00000427 x10:10002fa4  PA:10002fa8
27292638ns          482059 1c009056 00655e03 lhu              x28, 6(x10)         x28=0000007f x10:10002fa4  PA:10002faa
27292658ns          482060 1c00905a 40a75713 srai             x14, x14, 0x40a     x14=fffffffc x14:fffff1dd
27292678ns          482061 1c00905c 806787db p.muls           x15, x15, x6        x15=ffffff79 x15:0000ffe5  x6:00000005
27292698ns          482062 1c009060 40a6d693 srai             x13, x13, 0x40a     x13=fffffff4 x13:ffffd2e2
27292718ns          482063 1c009062 8065865b p.muls           x12, x11, x6        x12=000001e0 x11:00000060  x6:00000005
27292737ns          482064 1c009066 40a7d793 srai             x15, x15, 0x40a     x15=ffffffff x15:ffffff79
27292757ns          482065 1c009068 40a65613 srai             x12, x12, 0x40a     x12=00000000 x12:000001e0
27292777ns          482066 1c00906a 01d70733 add              x14, x14, x29       x14=00000423 x14:fffffffc x29:00000427
27292797ns          482067 1c00906c 01c686b3 add              x13, x13, x28       x13=00000073 x13:fffffff4 x28:0000007f
27292817ns          482068 1c00906e 00c686b3 add              x13, x13, x12       x13=00000073 x13:00000073 x12:00000000
27292837ns          482069 1c009070 00f70733 add              x14, x14, x15       x14=00000422 x14:00000423 x15:ffffffff
27292857ns          482070 1c009072 100747b3 p.exths          x15, x14, x0        x15=00000422 x14:00000422
27292877ns          482071 1c009076 1006c733 p.exths          x14, x13, x0        x14=00000073 x13:00000073
27292897ns          482072 1c00907a 03170633 mul              x12, x14, x17       x12=ffff81c5 x14:00000073 x17:fffffee7
27292916ns          482073 1c00907e 030786b3 mul              x13, x15, x16       x13=ffffb17a x15:00000422 x16:ffffffed
27292936ns          482074 1c009082 03070733 mul              x14, x14, x16       x14=fffff777 x14:00000073 x16:ffffffed
27292956ns          482075 1c009086 031787b3 mul              x15, x15, x17       x15=fffb76ae x15:00000422 x17:fffffee7
27292976ns          482076 1c00908a 40a6d693 srai             x13, x13, 0x40a     x13=ffffffec x13:ffffb17a
27292996ns          482077 1c00908c 40a65613 srai             x12, x12, 0x40a     x12=ffffffe0 x12:ffff81c5
27293016ns          482078 1c00908e 40a7d793 srai             x15, x15, 0x40a     x15=fffffedd x15:fffb76ae
27293036ns          482079 1c009090 40a75713 srai             x14, x14, 0x40a     x14=fffffffd x14:fffff777
27293056ns          482080 1c009092 40c686b3 sub              x13, x13, x12       x13=0000000c x13:ffffffec x12:ffffffe0
27293076ns          482081 1c009094 00e787b3 add              x15, x15, x14       x15=fffffeda x15:fffffedd x14:fffffffd
27293095ns          482082 1c009096 00d51823 sh               x13, 16(x10)        x13:0000000c x10:10002fa4  PA:10002fb4
27293115ns          482083 1c00909a 00f51923 sh               x15, 18(x10)        x15:fffffeda x10:10002fa4  PA:10002fb6
27293135ns          482084 1c00909e 00008067 jalr             x0, x1, 0            x1:1c0093e8
27293215ns          482088 1c0093e8 2dc15583 lhu              x11, 732(x2)        x11=0000000c  x2:10002cd8  PA:10002fb4
27293235ns          482089 1c0093ec 2de15783 lhu              x15, 734(x2)        x15=0000feda  x2:10002cd8  PA:10002fb6
27293255ns          482090 1c0093f0 40b90933 sub              x18, x18, x11       x18=ffffffc7 x18:ffffffd3 x11:0000000c
27293274ns          482091 1c0093f4 40f484b3 sub              x9, x9, x15          x9=ffff0008  x9:fffffee2 x15:0000feda
27293294ns          482092 1c0093f6 100945b3 p.exths          x11, x18, x0        x11=ffffffc7 x18:ffffffc7
27293314ns          482093 1c0093fa 1004c7b3 p.exths          x15, x9, x0         x15=00000008  x9:ffff0008
27293334ns          482094 1c0093fe 034586b3 mul              x13, x11, x20       x13=0000043b x11:ffffffc7 x20:ffffffed
27293354ns          482095 1c009402 03378533 mul              x10, x15, x19       x10=fffff738 x15:00000008 x19:fffffee7
27293374ns          482096 1c009406 034a0633 mul              x12, x20, x20       x12=00000169 x20:ffffffed x20:ffffffed
27293394ns          482097 1c00940a 03398733 mul              x14, x19, x19       x14=00013471 x19:fffffee7 x19:fffffee7
27293453ns          482100 1c00940e 034787b3 mul              x15, x15, x20       x15=ffffff68 x15:00000008 x20:ffffffed
27293493ns          482102 1c009412 033585b3 mul              x11, x11, x19       x11=00003e91 x11:ffffffc7 x19:fffffee7
27293513ns          482103 1c009416 40a75713 srai             x14, x14, 0x40a     x14=0000004d x14:00013471
27293533ns          482104 1c009418 40a5d593 srai             x11, x11, 0x40a     x11=0000000f x11:00003e91
27293553ns          482105 1c00941a 40a65613 srai             x12, x12, 0x40a     x12=00000000 x12:00000169
27293573ns          482106 1c00941c 40a7d793 srai             x15, x15, 0x40a     x15=ffffffff x15:ffffff68
27293593ns          482107 1c00941e 1c0034b7 lui              x9, 0x1c003000       x9=1c003000
27293613ns          482108 1c009422 00e60633 add              x12, x12, x14       x12=0000004d x12:00000000 x14:0000004d
27293632ns          482109 1c009424 40b787b3 sub              x15, x15, x11       x15=fffffff0 x15:ffffffff x11:0000000f
27293652ns          482110 1c009426 eb048493 addi             x9, x9, -336         x9=1c002eb0  x9:1c003000
27293672ns          482111 1c00942a 1c0032b7 lui              x5, 0x1c003000       x5=1c003000
27293692ns          482112 1c00942e 1c0035b7 lui              x11, 0x1c003000     x11=1c003000
27293712ns          482113 1c009432 018483b3 add              x7, x9, x24          x7=1c002eba  x9:1c002eb0 x24:0000000a
27293732ns          482114 1c009436 02812e83 lw               x29, 40(x2)         x29=1c002eca  x2:10002cd8  PA:10002d00
27293752ns          482115 1c009438 10065633 p.exthz          x12, x12, x0        x12=0000004d x12:0000004d
27293772ns          482116 1c00943c e8028293 addi             x5, x5, -384         x5=1c002e80  x5:1c003000
27293792ns          482117 1c009440 ea058593 addi             x11, x11, -352      x11=1c002ea0 x11:1c003000
27293811ns          482118 1c009444 03812483 lw               x9, 56(x2)           x9=1c002eea  x2:10002cd8  PA:10002d10
27293831ns          482119 1c009446 10064733 p.exths          x14, x12, x0        x14=0000004d x12:0000004d
27293851ns          482120 1c00944a 018280b3 add              x1, x5, x24          x1=1c002e8a  x5:1c002e80 x24:0000000a
27293871ns          482121 1c00944e 03012f03 lw               x30, 48(x2)         x30=1c002eda  x2:10002cd8  PA:10002d08
27293891ns          482122 1c009450 018582b3 add              x5, x11, x24         x5=1c002eaa x11:1c002ea0 x24:0000000a
27293911ns          482123 1c009454 04012583 lw               x11, 64(x2)         x11=1c002efa  x2:10002cd8  PA:10002d18
27293931ns          482124 1c009456 000edd83 lhu              x27, 0(x29)         x27=0000143c x29:1c002eca  PA:1c002eca
27294229ns          482139 1c00945a 0004d483 lhu              x9, 0(x9)            x9=000000f6  x9:1c002eea  PA:1c002eea
27294527ns          482154 1c00945e 02e70333 mul              x6, x14, x14         x6=00001729 x14:0000004d x14:0000004d
27294547ns          482155 1c009462 40a55513 srai             x10, x10, 0x40a     x10=fffffffd x10:fffff738
27294567ns          482156 1c009464 04812e83 lw               x29, 72(x2)         x29=1c002f0a  x2:10002cd8  PA:10002d20
27294587ns          482157 1c009466 40a6d693 srai             x13, x13, 0x40a     x13=00000001 x13:0000043b
27294607ns          482158 1c009468 000f5d03 lhu              x26, 0(x30)         x26=000003c0 x30:1c002eda  PA:1c002eda
27294925ns          482174 1c00946c 0005d583 lhu              x11, 0(x11)         x11=00000051 x11:1c002efa  PA:1c002efa
27295263ns          482191 1c009470 40a35313 srai             x6, x6, 0x40a        x6=00000005  x6:00001729
27295283ns          482192 1c009474 00a686b3 add              x13, x13, x10       x13=fffffffe x13:00000001 x10:fffffffd
27295303ns          482193 1c009476 05012f03 lw               x30, 80(x2)         x30=1c002e7a  x2:10002cd8  PA:10002d28
27295323ns          482194 1c009478 10034e33 p.exths          x28, x6, x0         x28=00000005  x6:00000005
27295343ns          482195 1c00947c 06911023 sh               x9, 96(x2)           x9:000000f6  x2:10002cd8  PA:10002d38
27295363ns          482196 1c009480 000ede83 lhu              x29, 0(x29)         x29=0000001d x29:1c002f0a  PA:1c002f0a
27295661ns          482211 1c009484 05812483 lw               x9, 88(x2)           x9=1c002e6a  x2:10002cd8  PA:10002d30
27295681ns          482212 1c009486 1006d6b3 p.exthz          x13, x13, x0        x13=0000fffe x13:fffffffe
27295701ns          482213 1c00948a 02ee08b3 mul              x17, x28, x14       x17=00000181 x28:00000005 x14:0000004d
27295721ns          482214 1c00948e 1006c833 p.exths          x16, x13, x0        x16=fffffffe x13:0000fffe
27295741ns          482215 1c009492 06b11823 sh               x11, 112(x2)        x11:00000051  x2:10002cd8  PA:10002d48
27295760ns          482216 1c009496 000f5f03 lhu              x30, 0(x30)         x30=0000ff0c x30:1c002e7a  PA:1c002e7a
27296099ns          482233 1c00949a 0a012583 lw               x11, 160(x2)        x11=1c002e9a  x2:10002cd8  PA:10002d78
27296118ns          482234 1c00949c 1007d7b3 p.exthz          x15, x15, x0        x15=0000fff0 x15:fffffff0
27296138ns          482235 1c0094a0 0004da03 lhu              x20, 0(x9)          x20=0000fbc2  x9:1c002e6a  PA:1c002e6a
27296457ns          482251 1c0094a4 1007c533 p.exths          x10, x15, x0        x10=fffffff0 x15:0000fff0
27296476ns          482252 1c0094a8 09d11023 sh               x29, 128(x2)        x29:0000001d  x2:10002cd8  PA:10002d58
27296496ns          482253 1c0094ac 0003d483 lhu              x9, 0(x7)            x9=0000ffd3  x7:1c002eba  PA:1c002eba
27296795ns          482268 1c0094b0 02e80eb3 mul              x29, x16, x14       x29=ffffff66 x16:fffffffe x14:0000004d
27296814ns          482269 1c0094b4 40a8d893 srai             x17, x17, 0x40a     x17=00000000 x17:00000181
27296834ns          482270 1c0094b8 03c80833 mul              x16, x16, x28       x16=fffffff6 x16:fffffffe x28:00000005
27296854ns          482271 1c0094bc 09e11823 sh               x30, 144(x2)        x30:0000ff0c  x2:10002cd8  PA:10002d68
27296874ns          482272 1c0094c0 0005d983 lhu              x19, 0(x11)         x19=0000ffb2 x11:1c002e9a  PA:1c002e9a
27297272ns          482292 1c0094c4 81c88f5b p.muls           x30, x17, x28       x30=00000000 x17:00000000 x28:00000005
27297292ns          482293 1c0094c8 0002d583 lhu              x11, 0(x5)          x11=0000ffa0  x5:1c002eaa  PA:1c002eaa
27297590ns          482308 1c0094cc 03ce0fb3 mul              x31, x28, x28       x31=00000019 x28:00000005 x28:00000005
27297610ns          482309 1c0094d0 02e50733 mul              x14, x10, x14       x14=fffffb30 x10:fffffff0 x14:0000004d
27297630ns          482310 1c0094d4 40a85813 srai             x16, x16, 0x40a     x16=ffffffff x16:fffffff6
27297650ns          482311 1c0094d8 03c50533 mul              x10, x10, x28       x10=ffffffb0 x10:fffffff0 x28:00000005
27297670ns          482312 1c0094dc 07015e03 lhu              x28, 112(x2)        x28=00000051  x2:10002cd8  PA:10002d48
27297709ns          482314 1c0094e0 01b60633 add              x12, x12, x27       x12=00001489 x12:0000004d x27:0000143c
27297729ns          482315 1c0094e2 00980833 add              x16, x16, x9        x16=0000ffd2 x16:ffffffff  x9:0000ffd3
27297749ns          482316 1c0094e4 06015d83 lhu              x27, 96(x2)         x27=000000f6  x2:10002cd8  PA:10002d38
27297769ns          482317 1c0094e8 02812483 lw               x9, 40(x2)           x9=1c002eca  x2:10002cd8  PA:10002d00
27297789ns          482318 1c0094ea 40afdf93 srai             x31, x31, 0x40a     x31=00000000 x31:00000019
27297809ns          482319 1c0094ee 40a55513 srai             x10, x10, 0x40a     x10=ffffffff x10:ffffffb0
27297829ns          482320 1c0094f0 01cf8fb3 add              x31, x31, x28       x31=00000051 x31:00000000 x28:00000051
27297849ns          482321 1c0094f2 00b50533 add              x10, x10, x11       x10=0000ff9f x10:ffffffff x11:0000ffa0
27297869ns          482322 1c0094f4 09015e03 lhu              x28, 144(x2)        x28=0000ff0c  x2:10002cd8  PA:10002d68
27297888ns          482323 1c0094f8 03012583 lw               x11, 48(x2)         x11=1c002eda  x2:10002cd8  PA:10002d08
27297908ns          482324 1c0094fa 00c49023 sh               x12, 0(x9)          x12:00001489  x9:1c002eca  PA:1c002eca
27298227ns          482340 1c0094fe 01b888b3 add              x17, x17, x27       x17=000000f6 x17:00000000 x27:000000f6
27298246ns          482341 1c009500 01a30333 add              x6, x6, x26          x6=000003c5  x6:00000005 x26:000003c0
27298266ns          482342 1c009502 08015d83 lhu              x27, 128(x2)        x27=0000001d  x2:10002cd8  PA:10002d58
27298286ns          482343 1c009506 0000d903 lhu              x18, 0(x1)          x18=0000fefc  x1:1c002e8a  PA:1c002e8a
27298585ns          482358 1c00950a 01c686b3 add              x13, x13, x28       x13=0001ff0a x13:0000fffe x28:0000ff0c
27298604ns          482359 1c00950c 00659023 sh               x6, 0(x11)           x6:000003c5 x11:1c002eda  PA:1c002eda
27298923ns          482375 1c009510 40af5f13 srai             x30, x30, 0x40a     x30=00000000 x30:00000000
27298943ns          482376 1c009514 04812e03 lw               x28, 72(x2)         x28=1c002f0a  x2:10002cd8  PA:10002d20
27298962ns          482377 1c009516 01bf0f33 add              x30, x30, x27       x30=0000001d x30:00000000 x27:0000001d
27298982ns          482378 1c009518 40aede93 srai             x29, x29, 0x40a     x29=ffffffff x29:ffffff66
27299002ns          482379 1c00951c 40a75713 srai             x14, x14, 0x40a     x14=fffffffe x14:fffffb30
27299022ns          482380 1c00951e 03812603 lw               x12, 56(x2)         x12=1c002eea  x2:10002cd8  PA:10002d10
27299042ns          482381 1c009520 04012d83 lw               x27, 64(x2)         x27=1c002efa  x2:10002cd8  PA:10002d18
27299062ns          482382 1c009522 01ee1023 sh               x30, 0(x28)         x30:0000001d x28:1c002f0a  PA:1c002f0a
27299400ns          482399 1c009526 05812483 lw               x9, 88(x2)           x9=1c002e6a  x2:10002cd8  PA:10002d30
27299420ns          482400 1c009528 05012f03 lw               x30, 80(x2)         x30=1c002e7a  x2:10002cd8  PA:10002d28
27299440ns          482401 1c00952a 0a012583 lw               x11, 160(x2)        x11=1c002e9a  x2:10002cd8  PA:10002d78
27299460ns          482402 1c00952c 014787b3 add              x15, x15, x20       x15=0001fbb2 x15:0000fff0 x20:0000fbc2
27299479ns          482403 1c00952e 013e8eb3 add              x29, x29, x19       x29=0000ffb1 x29:ffffffff x19:0000ffb2
27299499ns          482404 1c009530 01270733 add              x14, x14, x18       x14=0000fefa x14:fffffffe x18:0000fefc
27299519ns          482405 1c009532 00f49023 sh               x15, 0(x9)          x15:0001fbb2  x9:1c002e6a  PA:1c002e6a
27299837ns          482421 1c009536 01161023 sh               x17, 0(x12)         x17:000000f6 x12:1c002eea  PA:1c002eea
27300156ns          482437 1c00953a 01fd9023 sh               x31, 0(x27)         x31:00000051 x27:1c002efa  PA:1c002efa
27300534ns          482456 1c00953e 00df1023 sh               x13, 0(x30)         x13:0001ff0a x30:1c002e7a  PA:1c002e7a
27300872ns          482473 1c009542 01d59023 sh               x29, 0(x11)         x29:0000ffb1 x11:1c002e9a  PA:1c002e9a
27301190ns          482489 1c009546 00e09023 sh               x14, 0(x1)          x14:0000fefa  x1:1c002e8a  PA:1c002e8a
27301508ns          482505 1c00954a 01039023 sh               x16, 0(x7)          x16:0000ffd2  x7:1c002eba  PA:1c002eba
27301846ns          482522 1c00954e 00a29023 sh               x10, 0(x5)          x10:0000ff9f  x5:1c002eaa  PA:1c002eaa
27302164ns          482538 1c009552 008b0b13 addi             x22, x22, 8         x22=00000195 x22:0000018d
27302184ns          482539 1c009554 1f300793 addi             x15, x0, 499        x15=000001f3
27302204ns          482540 1c009558 e767dae3 bge              x15, x22, -396      x15:000001f3 x22:00000195
27302264ns          482543 1c0093cc 010c9a0b p.lh             x20, 16(x25!)       x20=ffffff8e x25=1c0029c2 x25:1c0029b2  PA:1c0029b2
27302562ns          482558 1c0093d0 0104198b p.lh             x19, 16(x8!)        x19=ffffff51  x8=1c00218a  x8:1c00217a  PA:1c00217a
27302860ns          482573 1c0093d4 2cc10513 addi             x10, x2, 716        x10=10002fa4  x2:10002cd8
27302880ns          482574 1c0093d6 010a990b p.lh             x18, 16(x21!)       x18=ffffff7c x21=1c0019b6 x21:1c0019a6  PA:1c0019a6
27303199ns          482590 1c0093da 010b948b p.lh             x9, 16(x23!)         x9=ffffff4e x23=1c0011e6 x23:1c0011d6  PA:1c0011d6
27303497ns          482605 1c0093de 2d411623 sh               x20, 716(x2)        x20:ffffff8e  x2:10002cd8  PA:10002fa4
27303517ns          482606 1c0093e2 2d311723 sh               x19, 718(x2)        x19:ffffff51  x2:10002cd8  PA:10002fa6
27303537ns          482607 1c0093e6 c33ff0ef jal              x1, -974             x1=1c0093e8
27303616ns          482611 1c009018 00051803 lh               x16, 0(x10)         x16=ffffff8e x10:10002fa4  PA:10002fa4
27303656ns          482613 1c00901c 00251883 lh               x17, 2(x10)         x17=ffffff51 x10:10002fa4  PA:10002fa6
27303716ns          482616 1c009020 030806b3 mul              x13, x16, x16       x13=000032c4 x16:ffffff8e x16:ffffff8e
27303755ns          482618 1c009024 03188633 mul              x12, x17, x17       x12=000077a1 x17:ffffff51 x17:ffffff51
27303775ns          482619 1c009028 40a65613 srai             x12, x12, 0x40a     x12=0000001d x12:000077a1
27303795ns          482620 1c00902a 40a6d693 srai             x13, x13, 0x40a     x13=0000000c x13:000032c4
27303815ns          482621 1c00902c 00c686b3 add              x13, x13, x12       x13=00000029 x13:0000000c x12:0000001d
27303835ns          482622 1c00902e 1006c633 p.exths          x12, x13, x0        x12=00000029 x13:00000029
27303855ns          482623 1c009032 00855703 lhu              x14, 8(x10)         x14=0000ffd1 x10:10002fa4  PA:10002fac
27303875ns          482624 1c009036 00a55683 lhu              x13, 10(x10)        x13=0000ff6a x10:10002fa4  PA:10002fae
27303895ns          482625 1c00903a 02c60333 mul              x6, x12, x12         x6=00000691 x12:00000029 x12:00000029
27303934ns          482627 1c00903e 00c55783 lhu              x15, 12(x10)        x15=0000ffe5 x10:10002fa4  PA:10002fb0
27303974ns          482629 1c009042 00e55583 lhu              x11, 14(x10)        x11=00000060 x10:10002fa4  PA:10002fb2
27303994ns          482630 1c009046 dea30333 p.extract        x6, x6, 15, 10       x6=00000001  x6:00000691
27304014ns          482631 1c00904a 80c7075b p.muls           x14, x14, x12       x14=fffff879 x14:0000ffd1 x12:00000029
27304034ns          482632 1c00904e 80c686db p.muls           x13, x13, x12       x13=ffffe7fa x13:0000ff6a x12:00000029
27304054ns          482633 1c009052 00455e83 lhu              x29, 4(x10)         x29=00000427 x10:10002fa4  PA:10002fa8
27304074ns          482634 1c009056 00655e03 lhu              x28, 6(x10)         x28=0000007f x10:10002fa4  PA:10002faa
27304094ns          482635 1c00905a 40a75713 srai             x14, x14, 0x40a     x14=fffffffe x14:fffff879
27304113ns          482636 1c00905c 806787db p.muls           x15, x15, x6        x15=ffffffe5 x15:0000ffe5  x6:00000001
27304153ns          482638 1c009060 40a6d693 srai             x13, x13, 0x40a     x13=fffffff9 x13:ffffe7fa
27304193ns          482640 1c009062 8065865b p.muls           x12, x11, x6        x12=00000060 x11:00000060  x6:00000001
27304213ns          482641 1c009066 40a7d793 srai             x15, x15, 0x40a     x15=ffffffff x15:ffffffe5
27304233ns          482642 1c009068 40a65613 srai             x12, x12, 0x40a     x12=00000000 x12:00000060
27304253ns          482643 1c00906a 01d70733 add              x14, x14, x29       x14=00000425 x14:fffffffe x29:00000427
27304272ns          482644 1c00906c 01c686b3 add              x13, x13, x28       x13=00000078 x13:fffffff9 x28:0000007f
27304292ns          482645 1c00906e 00c686b3 add              x13, x13, x12       x13=00000078 x13:00000078 x12:00000000
27304312ns          482646 1c009070 00f70733 add              x14, x14, x15       x14=00000424 x14:00000425 x15:ffffffff
27304332ns          482647 1c009072 100747b3 p.exths          x15, x14, x0        x15=00000424 x14:00000424
27304352ns          482648 1c009076 1006c733 p.exths          x14, x13, x0        x14=00000078 x13:00000078
27304372ns          482649 1c00907a 03170633 mul              x12, x14, x17       x12=ffffadf8 x14:00000078 x17:ffffff51
27304392ns          482650 1c00907e 030786b3 mul              x13, x15, x16       x13=fffe27f8 x15:00000424 x16:ffffff8e
27304412ns          482651 1c009082 03070733 mul              x14, x14, x16       x14=ffffca90 x14:00000078 x16:ffffff8e
27304432ns          482652 1c009086 031787b3 mul              x15, x15, x17       x15=fffd2b64 x15:00000424 x17:ffffff51
27304451ns          482653 1c00908a 40a6d693 srai             x13, x13, 0x40a     x13=ffffff89 x13:fffe27f8
27304471ns          482654 1c00908c 40a65613 srai             x12, x12, 0x40a     x12=ffffffeb x12:ffffadf8
27304491ns          482655 1c00908e 40a7d793 srai             x15, x15, 0x40a     x15=ffffff4a x15:fffd2b64
27304511ns          482656 1c009090 40a75713 srai             x14, x14, 0x40a     x14=fffffff2 x14:ffffca90
27304531ns          482657 1c009092 40c686b3 sub              x13, x13, x12       x13=ffffff9e x13:ffffff89 x12:ffffffeb
27304551ns          482658 1c009094 00e787b3 add              x15, x15, x14       x15=ffffff3c x15:ffffff4a x14:fffffff2
27304571ns          482659 1c009096 00d51823 sh               x13, 16(x10)        x13:ffffff9e x10:10002fa4  PA:10002fb4
27304591ns          482660 1c00909a 00f51923 sh               x15, 18(x10)        x15:ffffff3c x10:10002fa4  PA:10002fb6
27304611ns          482661 1c00909e 00008067 jalr             x0, x1, 0            x1:1c0093e8
27304730ns          482667 1c0093e8 2dc15583 lhu              x11, 732(x2)        x11=0000ff9e  x2:10002cd8  PA:10002fb4
27304770ns          482669 1c0093ec 2de15783 lhu              x15, 734(x2)        x15=0000ff3c  x2:10002cd8  PA:10002fb6
27304790ns          482670 1c0093f0 40b90933 sub              x18, x18, x11       x18=fffeffde x18:ffffff7c x11:0000ff9e
27304809ns          482671 1c0093f4 40f484b3 sub              x9, x9, x15          x9=ffff0012  x9:ffffff4e x15:0000ff3c
27304829ns          482672 1c0093f6 100945b3 p.exths          x11, x18, x0        x11=ffffffde x18:fffeffde
27304849ns          482673 1c0093fa 1004c7b3 p.exths          x15, x9, x0         x15=00000012  x9:ffff0012
27304869ns          482674 1c0093fe 034586b3 mul              x13, x11, x20       x13=00000f24 x11:ffffffde x20:ffffff8e
27304889ns          482675 1c009402 03378533 mul              x10, x15, x19       x10=fffff3b2 x15:00000012 x19:ffffff51
27304909ns          482676 1c009406 034a0633 mul              x12, x20, x20       x12=000032c4 x20:ffffff8e x20:ffffff8e
27304929ns          482677 1c00940a 03398733 mul              x14, x19, x19       x14=000077a1 x19:ffffff51 x19:ffffff51
27304988ns          482680 1c00940e 034787b3 mul              x15, x15, x20       x15=fffff7fc x15:00000012 x20:ffffff8e
27305028ns          482682 1c009412 033585b3 mul              x11, x11, x19       x11=0000173e x11:ffffffde x19:ffffff51
27305048ns          482683 1c009416 40a75713 srai             x14, x14, 0x40a     x14=0000001d x14:000077a1
27305068ns          482684 1c009418 40a5d593 srai             x11, x11, 0x40a     x11=00000005 x11:0000173e
27305088ns          482685 1c00941a 40a65613 srai             x12, x12, 0x40a     x12=0000000c x12:000032c4
27305108ns          482686 1c00941c 40a7d793 srai             x15, x15, 0x40a     x15=fffffffd x15:fffff7fc
27305128ns          482687 1c00941e 1c0034b7 lui              x9, 0x1c003000       x9=1c003000
27305148ns          482688 1c009422 00e60633 add              x12, x12, x14       x12=00000029 x12:0000000c x14:0000001d
27305167ns          482689 1c009424 40b787b3 sub              x15, x15, x11       x15=fffffff8 x15:fffffffd x11:00000005
27305187ns          482690 1c009426 eb048493 addi             x9, x9, -336         x9=1c002eb0  x9:1c003000
27305207ns          482691 1c00942a 1c0032b7 lui              x5, 0x1c003000       x5=1c003000
27305227ns          482692 1c00942e 1c0035b7 lui              x11, 0x1c003000     x11=1c003000
27305247ns          482693 1c009432 018483b3 add              x7, x9, x24          x7=1c002eba  x9:1c002eb0 x24:0000000a
27305267ns          482694 1c009436 02812e83 lw               x29, 40(x2)         x29=1c002eca  x2:10002cd8  PA:10002d00
27305287ns          482695 1c009438 10065633 p.exthz          x12, x12, x0        x12=00000029 x12:00000029
27305307ns          482696 1c00943c e8028293 addi             x5, x5, -384         x5=1c002e80  x5:1c003000
27305327ns          482697 1c009440 ea058593 addi             x11, x11, -352      x11=1c002ea0 x11:1c003000
27305346ns          482698 1c009444 03812483 lw               x9, 56(x2)           x9=1c002eea  x2:10002cd8  PA:10002d10
27305366ns          482699 1c009446 10064733 p.exths          x14, x12, x0        x14=00000029 x12:00000029
27305386ns          482700 1c00944a 018280b3 add              x1, x5, x24          x1=1c002e8a  x5:1c002e80 x24:0000000a
27305406ns          482701 1c00944e 03012f03 lw               x30, 48(x2)         x30=1c002eda  x2:10002cd8  PA:10002d08
27305426ns          482702 1c009450 018582b3 add              x5, x11, x24         x5=1c002eaa x11:1c002ea0 x24:0000000a
27305446ns          482703 1c009454 04012583 lw               x11, 64(x2)         x11=1c002efa  x2:10002cd8  PA:10002d18
27305466ns          482704 1c009456 000edd83 lhu              x27, 0(x29)         x27=00001489 x29:1c002eca  PA:1c002eca
27305784ns          482720 1c00945a 0004d483 lhu              x9, 0(x9)            x9=000000f6  x9:1c002eea  PA:1c002eea
27306082ns          482735 1c00945e 02e70333 mul              x6, x14, x14         x6=00000691 x14:00000029 x14:00000029
27306102ns          482736 1c009462 40a55513 srai             x10, x10, 0x40a     x10=fffffffc x10:fffff3b2
27306122ns          482737 1c009464 04812e83 lw               x29, 72(x2)         x29=1c002f0a  x2:10002cd8  PA:10002d20
27306142ns          482738 1c009466 40a6d693 srai             x13, x13, 0x40a     x13=00000003 x13:00000f24
27306162ns          482739 1c009468 000f5d03 lhu              x26, 0(x30)         x26=000003c5 x30:1c002eda  PA:1c002eda
27306460ns          482754 1c00946c 0005d583 lhu              x11, 0(x11)         x11=00000051 x11:1c002efa  PA:1c002efa
27306778ns          482770 1c009470 40a35313 srai             x6, x6, 0x40a        x6=00000001  x6:00000691
27306798ns          482771 1c009474 00a686b3 add              x13, x13, x10       x13=ffffffff x13:00000003 x10:fffffffc
27306818ns          482772 1c009476 05012f03 lw               x30, 80(x2)         x30=1c002e7a  x2:10002cd8  PA:10002d28
27306838ns          482773 1c009478 10034e33 p.exths          x28, x6, x0         x28=00000001  x6:00000001
27306858ns          482774 1c00947c 06911023 sh               x9, 96(x2)           x9:000000f6  x2:10002cd8  PA:10002d38
27306878ns          482775 1c009480 000ede83 lhu              x29, 0(x29)         x29=0000001d x29:1c002f0a  PA:1c002f0a
27307196ns          482791 1c009484 05812483 lw               x9, 88(x2)           x9=1c002e6a  x2:10002cd8  PA:10002d30
27307216ns          482792 1c009486 1006d6b3 p.exthz          x13, x13, x0        x13=0000ffff x13:ffffffff
27307236ns          482793 1c00948a 02ee08b3 mul              x17, x28, x14       x17=00000029 x28:00000001 x14:00000029
27307256ns          482794 1c00948e 1006c833 p.exths          x16, x13, x0        x16=ffffffff x13:0000ffff
27307276ns          482795 1c009492 06b11823 sh               x11, 112(x2)        x11:00000051  x2:10002cd8  PA:10002d48
27307295ns          482796 1c009496 000f5f03 lhu              x30, 0(x30)         x30=0000ff0a x30:1c002e7a  PA:1c002e7a
27307634ns          482813 1c00949a 0a012583 lw               x11, 160(x2)        x11=1c002e9a  x2:10002cd8  PA:10002d78
27307653ns          482814 1c00949c 1007d7b3 p.exthz          x15, x15, x0        x15=0000fff8 x15:fffffff8
27307673ns          482815 1c0094a0 0004da03 lhu              x20, 0(x9)          x20=0000fbb2  x9:1c002e6a  PA:1c002e6a
27307972ns          482830 1c0094a4 1007c533 p.exths          x10, x15, x0        x10=fffffff8 x15:0000fff8
27307992ns          482831 1c0094a8 09d11023 sh               x29, 128(x2)        x29:0000001d  x2:10002cd8  PA:10002d58
27308011ns          482832 1c0094ac 0003d483 lhu              x9, 0(x7)            x9=0000ffd2  x7:1c002eba  PA:1c002eba
27308389ns          482851 1c0094b0 02e80eb3 mul              x29, x16, x14       x29=ffffffd7 x16:ffffffff x14:00000029
27308409ns          482852 1c0094b4 40a8d893 srai             x17, x17, 0x40a     x17=00000000 x17:00000029
27308429ns          482853 1c0094b8 03c80833 mul              x16, x16, x28       x16=ffffffff x16:ffffffff x28:00000001
27308449ns          482854 1c0094bc 09e11823 sh               x30, 144(x2)        x30:0000ff0a  x2:10002cd8  PA:10002d68
27308469ns          482855 1c0094c0 0005d983 lhu              x19, 0(x11)         x19=0000ffb1 x11:1c002e9a  PA:1c002e9a
27308767ns          482870 1c0094c4 81c88f5b p.muls           x30, x17, x28       x30=00000000 x17:00000000 x28:00000001
27308787ns          482871 1c0094c8 0002d583 lhu              x11, 0(x5)          x11=0000ff9f  x5:1c002eaa  PA:1c002eaa
27309085ns          482886 1c0094cc 03ce0fb3 mul              x31, x28, x28       x31=00000001 x28:00000001 x28:00000001
27309105ns          482887 1c0094d0 02e50733 mul              x14, x10, x14       x14=fffffeb8 x10:fffffff8 x14:00000029
27309125ns          482888 1c0094d4 40a85813 srai             x16, x16, 0x40a     x16=ffffffff x16:ffffffff
27309145ns          482889 1c0094d8 03c50533 mul              x10, x10, x28       x10=fffffff8 x10:fffffff8 x28:00000001
27309165ns          482890 1c0094dc 07015e03 lhu              x28, 112(x2)        x28=00000051  x2:10002cd8  PA:10002d48
27309185ns          482891 1c0094e0 01b60633 add              x12, x12, x27       x12=000014b2 x12:00000029 x27:00001489
27309205ns          482892 1c0094e2 00980833 add              x16, x16, x9        x16=0000ffd1 x16:ffffffff  x9:0000ffd2
27309225ns          482893 1c0094e4 06015d83 lhu              x27, 96(x2)         x27=000000f6  x2:10002cd8  PA:10002d38
27309244ns          482894 1c0094e8 02812483 lw               x9, 40(x2)           x9=1c002eca  x2:10002cd8  PA:10002d00
27309264ns          482895 1c0094ea 40afdf93 srai             x31, x31, 0x40a     x31=00000000 x31:00000001
27309284ns          482896 1c0094ee 40a55513 srai             x10, x10, 0x40a     x10=ffffffff x10:fffffff8
27309304ns          482897 1c0094f0 01cf8fb3 add              x31, x31, x28       x31=00000051 x31:00000000 x28:00000051
27309324ns          482898 1c0094f2 00b50533 add              x10, x10, x11       x10=0000ff9e x10:ffffffff x11:0000ff9f
27309344ns          482899 1c0094f4 09015e03 lhu              x28, 144(x2)        x28=0000ff0a  x2:10002cd8  PA:10002d68
27309364ns          482900 1c0094f8 03012583 lw               x11, 48(x2)         x11=1c002eda  x2:10002cd8  PA:10002d08
27309384ns          482901 1c0094fa 00c49023 sh               x12, 0(x9)          x12:000014b2  x9:1c002eca  PA:1c002eca
27309722ns          482918 1c0094fe 01b888b3 add              x17, x17, x27       x17=000000f6 x17:00000000 x27:000000f6
27309742ns          482919 1c009500 01a30333 add              x6, x6, x26          x6=000003c6  x6:00000001 x26:000003c5
27309762ns          482920 1c009502 08015d83 lhu              x27, 128(x2)        x27=0000001d  x2:10002cd8  PA:10002d58
27309781ns          482921 1c009506 0000d903 lhu              x18, 0(x1)          x18=0000fefa  x1:1c002e8a  PA:1c002e8a
27310080ns          482936 1c00950a 01c686b3 add              x13, x13, x28       x13=0001ff09 x13:0000ffff x28:0000ff0a
27310100ns          482937 1c00950c 00659023 sh               x6, 0(x11)           x6:000003c6 x11:1c002eda  PA:1c002eda
27310438ns          482954 1c009510 40af5f13 srai             x30, x30, 0x40a     x30=00000000 x30:00000000
27310458ns          482955 1c009514 04812e03 lw               x28, 72(x2)         x28=1c002f0a  x2:10002cd8  PA:10002d20
27310478ns          482956 1c009516 01bf0f33 add              x30, x30, x27       x30=0000001d x30:00000000 x27:0000001d
27310497ns          482957 1c009518 40aede93 srai             x29, x29, 0x40a     x29=ffffffff x29:ffffffd7
27310517ns          482958 1c00951c 40a75713 srai             x14, x14, 0x40a     x14=ffffffff x14:fffffeb8
27310537ns          482959 1c00951e 03812603 lw               x12, 56(x2)         x12=1c002eea  x2:10002cd8  PA:10002d10
27310557ns          482960 1c009520 04012d83 lw               x27, 64(x2)         x27=1c002efa  x2:10002cd8  PA:10002d18
27310577ns          482961 1c009522 01ee1023 sh               x30, 0(x28)         x30:0000001d x28:1c002f0a  PA:1c002f0a
27310895ns          482977 1c009526 05812483 lw               x9, 88(x2)           x9=1c002e6a  x2:10002cd8  PA:10002d30
27310915ns          482978 1c009528 05012f03 lw               x30, 80(x2)         x30=1c002e7a  x2:10002cd8  PA:10002d28
27310935ns          482979 1c00952a 0a012583 lw               x11, 160(x2)        x11=1c002e9a  x2:10002cd8  PA:10002d78
27310955ns          482980 1c00952c 014787b3 add              x15, x15, x20       x15=0001fbaa x15:0000fff8 x20:0000fbb2
27310975ns          482981 1c00952e 013e8eb3 add              x29, x29, x19       x29=0000ffb0 x29:ffffffff x19:0000ffb1
27310995ns          482982 1c009530 01270733 add              x14, x14, x18       x14=0000fef9 x14:ffffffff x18:0000fefa
27311015ns          482983 1c009532 00f49023 sh               x15, 0(x9)          x15:0001fbaa  x9:1c002e6a  PA:1c002e6a
27311333ns          482999 1c009536 01161023 sh               x17, 0(x12)         x17:000000f6 x12:1c002eea  PA:1c002eea
27311651ns          483015 1c00953a 01fd9023 sh               x31, 0(x27)         x31:00000051 x27:1c002efa  PA:1c002efa
27311969ns          483031 1c00953e 00df1023 sh               x13, 0(x30)         x13:0001ff09 x30:1c002e7a  PA:1c002e7a
27312307ns          483048 1c009542 01d59023 sh               x29, 0(x11)         x29:0000ffb0 x11:1c002e9a  PA:1c002e9a
27312625ns          483064 1c009546 00e09023 sh               x14, 0(x1)          x14:0000fef9  x1:1c002e8a  PA:1c002e8a
27312944ns          483080 1c00954a 01039023 sh               x16, 0(x7)          x16:0000ffd1  x7:1c002eba  PA:1c002eba
27313262ns          483096 1c00954e 00a29023 sh               x10, 0(x5)          x10:0000ff9e  x5:1c002eaa  PA:1c002eaa
27313580ns          483112 1c009552 008b0b13 addi             x22, x22, 8         x22=0000019d x22:00000195
27313600ns          483113 1c009554 1f300793 addi             x15, x0, 499        x15=000001f3
27313620ns          483114 1c009558 e767dae3 bge              x15, x22, -396      x15:000001f3 x22:0000019d
27313719ns          483119 1c0093cc 010c9a0b p.lh             x20, 16(x25!)       x20=000000cc x25=1c0029d2 x25:1c0029c2  PA:1c0029c2
27314057ns          483136 1c0093d0 0104198b p.lh             x19, 16(x8!)        x19=000000e1  x8=1c00219a  x8:1c00218a  PA:1c00218a
27314376ns          483152 1c0093d4 2cc10513 addi             x10, x2, 716        x10=10002fa4  x2:10002cd8
27314395ns          483153 1c0093d6 010a990b p.lh             x18, 16(x21!)       x18=000000d7 x21=1c0019c6 x21:1c0019b6  PA:1c0019b6
27314734ns          483170 1c0093da 010b948b p.lh             x9, 16(x23!)         x9=000000c7 x23=1c0011f6 x23:1c0011e6  PA:1c0011e6
27315052ns          483186 1c0093de 2d411623 sh               x20, 716(x2)        x20:000000cc  x2:10002cd8  PA:10002fa4
27315072ns          483187 1c0093e2 2d311723 sh               x19, 718(x2)        x19:000000e1  x2:10002cd8  PA:10002fa6
27315092ns          483188 1c0093e6 c33ff0ef jal              x1, -974             x1=1c0093e8
27315131ns          483190 1c009018 00051803 lh               x16, 0(x10)         x16=000000cc x10:10002fa4  PA:10002fa4
27315151ns          483191 1c00901c 00251883 lh               x17, 2(x10)         x17=000000e1 x10:10002fa4  PA:10002fa6
27315211ns          483194 1c009020 030806b3 mul              x13, x16, x16       x13=0000a290 x16:000000cc x16:000000cc
27315251ns          483196 1c009024 03188633 mul              x12, x17, x17       x12=0000c5c1 x17:000000e1 x17:000000e1
27315271ns          483197 1c009028 40a65613 srai             x12, x12, 0x40a     x12=00000031 x12:0000c5c1
27315290ns          483198 1c00902a 40a6d693 srai             x13, x13, 0x40a     x13=00000028 x13:0000a290
27315310ns          483199 1c00902c 00c686b3 add              x13, x13, x12       x13=00000059 x13:00000028 x12:00000031
27315330ns          483200 1c00902e 1006c633 p.exths          x12, x13, x0        x12=00000059 x13:00000059
27315350ns          483201 1c009032 00855703 lhu              x14, 8(x10)         x14=0000ffd1 x10:10002fa4  PA:10002fac
27315370ns          483202 1c009036 00a55683 lhu              x13, 10(x10)        x13=0000ff6a x10:10002fa4  PA:10002fae
27315390ns          483203 1c00903a 02c60333 mul              x6, x12, x12         x6=00001ef1 x12:00000059 x12:00000059
27315430ns          483205 1c00903e 00c55783 lhu              x15, 12(x10)        x15=0000ffe5 x10:10002fa4  PA:10002fb0
27315469ns          483207 1c009042 00e55583 lhu              x11, 14(x10)        x11=00000060 x10:10002fa4  PA:10002fb2
27315489ns          483208 1c009046 dea30333 p.extract        x6, x6, 15, 10       x6=00000007  x6:00001ef1
27315509ns          483209 1c00904a 80c7075b p.muls           x14, x14, x12       x14=ffffefa9 x14:0000ffd1 x12:00000059
27315569ns          483212 1c00904e 80c686db p.muls           x13, x13, x12       x13=ffffcbda x13:0000ff6a x12:00000059
27315609ns          483214 1c009052 00455e83 lhu              x29, 4(x10)         x29=00000427 x10:10002fa4  PA:10002fa8
27315629ns          483215 1c009056 00655e03 lhu              x28, 6(x10)         x28=0000007f x10:10002fa4  PA:10002faa
27315648ns          483216 1c00905a 40a75713 srai             x14, x14, 0x40a     x14=fffffffb x14:ffffefa9
27315668ns          483217 1c00905c 806787db p.muls           x15, x15, x6        x15=ffffff43 x15:0000ffe5  x6:00000007
27315708ns          483219 1c009060 40a6d693 srai             x13, x13, 0x40a     x13=fffffff2 x13:ffffcbda
27315748ns          483221 1c009062 8065865b p.muls           x12, x11, x6        x12=000002a0 x11:00000060  x6:00000007
27315768ns          483222 1c009066 40a7d793 srai             x15, x15, 0x40a     x15=ffffffff x15:ffffff43
27315788ns          483223 1c009068 40a65613 srai             x12, x12, 0x40a     x12=00000000 x12:000002a0
27315808ns          483224 1c00906a 01d70733 add              x14, x14, x29       x14=00000422 x14:fffffffb x29:00000427
27315827ns          483225 1c00906c 01c686b3 add              x13, x13, x28       x13=00000071 x13:fffffff2 x28:0000007f
27315847ns          483226 1c00906e 00c686b3 add              x13, x13, x12       x13=00000071 x13:00000071 x12:00000000
27315867ns          483227 1c009070 00f70733 add              x14, x14, x15       x14=00000421 x14:00000422 x15:ffffffff
27315887ns          483228 1c009072 100747b3 p.exths          x15, x14, x0        x15=00000421 x14:00000421
27315907ns          483229 1c009076 1006c733 p.exths          x14, x13, x0        x14=00000071 x13:00000071
27315927ns          483230 1c00907a 03170633 mul              x12, x14, x17       x12=00006351 x14:00000071 x17:000000e1
27315947ns          483231 1c00907e 030786b3 mul              x13, x15, x16       x13=00034a4c x15:00000421 x16:000000cc
27315967ns          483232 1c009082 03070733 mul              x14, x14, x16       x14=00005a0c x14:00000071 x16:000000cc
27315987ns          483233 1c009086 031787b3 mul              x15, x15, x17       x15=0003a101 x15:00000421 x17:000000e1
27316006ns          483234 1c00908a 40a6d693 srai             x13, x13, 0x40a     x13=000000d2 x13:00034a4c
27316026ns          483235 1c00908c 40a65613 srai             x12, x12, 0x40a     x12=00000018 x12:00006351
27316046ns          483236 1c00908e 40a7d793 srai             x15, x15, 0x40a     x15=000000e8 x15:0003a101
27316066ns          483237 1c009090 40a75713 srai             x14, x14, 0x40a     x14=00000016 x14:00005a0c
27316086ns          483238 1c009092 40c686b3 sub              x13, x13, x12       x13=000000ba x13:000000d2 x12:00000018
27316106ns          483239 1c009094 00e787b3 add              x15, x15, x14       x15=000000fe x15:000000e8 x14:00000016
27316126ns          483240 1c009096 00d51823 sh               x13, 16(x10)        x13:000000ba x10:10002fa4  PA:10002fb4
27316146ns          483241 1c00909a 00f51923 sh               x15, 18(x10)        x15:000000fe x10:10002fa4  PA:10002fb6
27316166ns          483242 1c00909e 00008067 jalr             x0, x1, 0            x1:1c0093e8
27316285ns          483248 1c0093e8 2dc15583 lhu              x11, 732(x2)        x11=000000ba  x2:10002cd8  PA:10002fb4
27316325ns          483250 1c0093ec 2de15783 lhu              x15, 734(x2)        x15=000000fe  x2:10002cd8  PA:10002fb6
27316345ns          483251 1c0093f0 40b90933 sub              x18, x18, x11       x18=0000001d x18:000000d7 x11:000000ba
27316364ns          483252 1c0093f4 40f484b3 sub              x9, x9, x15          x9=ffffffc9  x9:000000c7 x15:000000fe
27316384ns          483253 1c0093f6 100945b3 p.exths          x11, x18, x0        x11=0000001d x18:0000001d
27316404ns          483254 1c0093fa 1004c7b3 p.exths          x15, x9, x0         x15=ffffffc9  x9:ffffffc9
27316424ns          483255 1c0093fe 034586b3 mul              x13, x11, x20       x13=0000171c x11:0000001d x20:000000cc
27316444ns          483256 1c009402 03378533 mul              x10, x15, x19       x10=ffffcfa9 x15:ffffffc9 x19:000000e1
27316464ns          483257 1c009406 034a0633 mul              x12, x20, x20       x12=0000a290 x20:000000cc x20:000000cc
27316484ns          483258 1c00940a 03398733 mul              x14, x19, x19       x14=0000c5c1 x19:000000e1 x19:000000e1
27316543ns          483261 1c00940e 034787b3 mul              x15, x15, x20       x15=ffffd42c x15:ffffffc9 x20:000000cc
27316583ns          483263 1c009412 033585b3 mul              x11, x11, x19       x11=0000197d x11:0000001d x19:000000e1
27316603ns          483264 1c009416 40a75713 srai             x14, x14, 0x40a     x14=00000031 x14:0000c5c1
27316623ns          483265 1c009418 40a5d593 srai             x11, x11, 0x40a     x11=00000006 x11:0000197d
27316643ns          483266 1c00941a 40a65613 srai             x12, x12, 0x40a     x12=00000028 x12:0000a290
27316663ns          483267 1c00941c 40a7d793 srai             x15, x15, 0x40a     x15=fffffff5 x15:ffffd42c
27316683ns          483268 1c00941e 1c0034b7 lui              x9, 0x1c003000       x9=1c003000
27316702ns          483269 1c009422 00e60633 add              x12, x12, x14       x12=00000059 x12:00000028 x14:00000031
27316722ns          483270 1c009424 40b787b3 sub              x15, x15, x11       x15=ffffffef x15:fffffff5 x11:00000006
27316742ns          483271 1c009426 eb048493 addi             x9, x9, -336         x9=1c002eb0  x9:1c003000
27316762ns          483272 1c00942a 1c0032b7 lui              x5, 0x1c003000       x5=1c003000
27316782ns          483273 1c00942e 1c0035b7 lui              x11, 0x1c003000     x11=1c003000
27316802ns          483274 1c009432 018483b3 add              x7, x9, x24          x7=1c002eba  x9:1c002eb0 x24:0000000a
27316822ns          483275 1c009436 02812e83 lw               x29, 40(x2)         x29=1c002eca  x2:10002cd8  PA:10002d00
27316842ns          483276 1c009438 10065633 p.exthz          x12, x12, x0        x12=00000059 x12:00000059
27316862ns          483277 1c00943c e8028293 addi             x5, x5, -384         x5=1c002e80  x5:1c003000
27316881ns          483278 1c009440 ea058593 addi             x11, x11, -352      x11=1c002ea0 x11:1c003000
27316901ns          483279 1c009444 03812483 lw               x9, 56(x2)           x9=1c002eea  x2:10002cd8  PA:10002d10
27316921ns          483280 1c009446 10064733 p.exths          x14, x12, x0        x14=00000059 x12:00000059
27316941ns          483281 1c00944a 018280b3 add              x1, x5, x24          x1=1c002e8a  x5:1c002e80 x24:0000000a
27316961ns          483282 1c00944e 03012f03 lw               x30, 48(x2)         x30=1c002eda  x2:10002cd8  PA:10002d08
27316981ns          483283 1c009450 018582b3 add              x5, x11, x24         x5=1c002eaa x11:1c002ea0 x24:0000000a
27317001ns          483284 1c009454 04012583 lw               x11, 64(x2)         x11=1c002efa  x2:10002cd8  PA:10002d18
27317021ns          483285 1c009456 000edd83 lhu              x27, 0(x29)         x27=000014b2 x29:1c002eca  PA:1c002eca
27317319ns          483300 1c00945a 0004d483 lhu              x9, 0(x9)            x9=000000f6  x9:1c002eea  PA:1c002eea
27317637ns          483316 1c00945e 02e70333 mul              x6, x14, x14         x6=00001ef1 x14:00000059 x14:00000059
27317657ns          483317 1c009462 40a55513 srai             x10, x10, 0x40a     x10=fffffff3 x10:ffffcfa9
27317677ns          483318 1c009464 04812e83 lw               x29, 72(x2)         x29=1c002f0a  x2:10002cd8  PA:10002d20
27317697ns          483319 1c009466 40a6d693 srai             x13, x13, 0x40a     x13=00000005 x13:0000171c
27317717ns          483320 1c009468 000f5d03 lhu              x26, 0(x30)         x26=000003c6 x30:1c002eda  PA:1c002eda
27318015ns          483335 1c00946c 0005d583 lhu              x11, 0(x11)         x11=00000051 x11:1c002efa  PA:1c002efa
27318313ns          483350 1c009470 40a35313 srai             x6, x6, 0x40a        x6=00000007  x6:00001ef1
27318333ns          483351 1c009474 00a686b3 add              x13, x13, x10       x13=fffffff8 x13:00000005 x10:fffffff3
27318353ns          483352 1c009476 05012f03 lw               x30, 80(x2)         x30=1c002e7a  x2:10002cd8  PA:10002d28
27318373ns          483353 1c009478 10034e33 p.exths          x28, x6, x0         x28=00000007  x6:00000007
27318393ns          483354 1c00947c 06911023 sh               x9, 96(x2)           x9:000000f6  x2:10002cd8  PA:10002d38
27318413ns          483355 1c009480 000ede83 lhu              x29, 0(x29)         x29=0000001d x29:1c002f0a  PA:1c002f0a
27318711ns          483370 1c009484 05812483 lw               x9, 88(x2)           x9=1c002e6a  x2:10002cd8  PA:10002d30
27318731ns          483371 1c009486 1006d6b3 p.exthz          x13, x13, x0        x13=0000fff8 x13:fffffff8
27318751ns          483372 1c00948a 02ee08b3 mul              x17, x28, x14       x17=0000026f x28:00000007 x14:00000059
27318771ns          483373 1c00948e 1006c833 p.exths          x16, x13, x0        x16=fffffff8 x13:0000fff8
27318791ns          483374 1c009492 06b11823 sh               x11, 112(x2)        x11:00000051  x2:10002cd8  PA:10002d48
27318811ns          483375 1c009496 000f5f03 lhu              x30, 0(x30)         x30=0000ff09 x30:1c002e7a  PA:1c002e7a
27319208ns          483395 1c00949a 0a012583 lw               x11, 160(x2)        x11=1c002e9a  x2:10002cd8  PA:10002d78
27319228ns          483396 1c00949c 1007d7b3 p.exthz          x15, x15, x0        x15=0000ffef x15:ffffffef
27319248ns          483397 1c0094a0 0004da03 lhu              x20, 0(x9)          x20=0000fbaa  x9:1c002e6a  PA:1c002e6a
27319546ns          483412 1c0094a4 1007c533 p.exths          x10, x15, x0        x10=ffffffef x15:0000ffef
27319566ns          483413 1c0094a8 09d11023 sh               x29, 128(x2)        x29:0000001d  x2:10002cd8  PA:10002d58
27319586ns          483414 1c0094ac 0003d483 lhu              x9, 0(x7)            x9=0000ffd1  x7:1c002eba  PA:1c002eba
27319944ns          483432 1c0094b0 02e80eb3 mul              x29, x16, x14       x29=fffffd38 x16:fffffff8 x14:00000059
27319964ns          483433 1c0094b4 40a8d893 srai             x17, x17, 0x40a     x17=00000000 x17:0000026f
27319984ns          483434 1c0094b8 03c80833 mul              x16, x16, x28       x16=ffffffc8 x16:fffffff8 x28:00000007
27320004ns          483435 1c0094bc 09e11823 sh               x30, 144(x2)        x30:0000ff09  x2:10002cd8  PA:10002d68
27320024ns          483436 1c0094c0 0005d983 lhu              x19, 0(x11)         x19=0000ffb0 x11:1c002e9a  PA:1c002e9a
27320402ns          483455 1c0094c4 81c88f5b p.muls           x30, x17, x28       x30=00000000 x17:00000000 x28:00000007
27320422ns          483456 1c0094c8 0002d583 lhu              x11, 0(x5)          x11=0000ff9e  x5:1c002eaa  PA:1c002eaa
27320760ns          483473 1c0094cc 03ce0fb3 mul              x31, x28, x28       x31=00000031 x28:00000007 x28:00000007
27320780ns          483474 1c0094d0 02e50733 mul              x14, x10, x14       x14=fffffa17 x10:ffffffef x14:00000059
27320799ns          483475 1c0094d4 40a85813 srai             x16, x16, 0x40a     x16=ffffffff x16:ffffffc8
27320819ns          483476 1c0094d8 03c50533 mul              x10, x10, x28       x10=ffffff89 x10:ffffffef x28:00000007
27320839ns          483477 1c0094dc 07015e03 lhu              x28, 112(x2)        x28=00000051  x2:10002cd8  PA:10002d48
27320859ns          483478 1c0094e0 01b60633 add              x12, x12, x27       x12=0000150b x12:00000059 x27:000014b2
27320879ns          483479 1c0094e2 00980833 add              x16, x16, x9        x16=0000ffd0 x16:ffffffff  x9:0000ffd1
27320899ns          483480 1c0094e4 06015d83 lhu              x27, 96(x2)         x27=000000f6  x2:10002cd8  PA:10002d38
27320919ns          483481 1c0094e8 02812483 lw               x9, 40(x2)           x9=1c002eca  x2:10002cd8  PA:10002d00
27320939ns          483482 1c0094ea 40afdf93 srai             x31, x31, 0x40a     x31=00000000 x31:00000031
27320959ns          483483 1c0094ee 40a55513 srai             x10, x10, 0x40a     x10=ffffffff x10:ffffff89
27320978ns          483484 1c0094f0 01cf8fb3 add              x31, x31, x28       x31=00000051 x31:00000000 x28:00000051
27320998ns          483485 1c0094f2 00b50533 add              x10, x10, x11       x10=0000ff9d x10:ffffffff x11:0000ff9e
27321018ns          483486 1c0094f4 09015e03 lhu              x28, 144(x2)        x28=0000ff09  x2:10002cd8  PA:10002d68
27321038ns          483487 1c0094f8 03012583 lw               x11, 48(x2)         x11=1c002eda  x2:10002cd8  PA:10002d08
27321058ns          483488 1c0094fa 00c49023 sh               x12, 0(x9)          x12:0000150b  x9:1c002eca  PA:1c002eca
27321376ns          483504 1c0094fe 01b888b3 add              x17, x17, x27       x17=000000f6 x17:00000000 x27:000000f6
27321396ns          483505 1c009500 01a30333 add              x6, x6, x26          x6=000003cd  x6:00000007 x26:000003c6
27321416ns          483506 1c009502 08015d83 lhu              x27, 128(x2)        x27=0000001d  x2:10002cd8  PA:10002d58
27321456ns          483508 1c009506 0000d903 lhu              x18, 0(x1)          x18=0000fef9  x1:1c002e8a  PA:1c002e8a
27321794ns          483525 1c00950a 01c686b3 add              x13, x13, x28       x13=0001ff01 x13:0000fff8 x28:0000ff09
27321814ns          483526 1c00950c 00659023 sh               x6, 0(x11)           x6:000003cd x11:1c002eda  PA:1c002eda
27322132ns          483542 1c009510 40af5f13 srai             x30, x30, 0x40a     x30=00000000 x30:00000000
27322152ns          483543 1c009514 04812e03 lw               x28, 72(x2)         x28=1c002f0a  x2:10002cd8  PA:10002d20
27322172ns          483544 1c009516 01bf0f33 add              x30, x30, x27       x30=0000001d x30:00000000 x27:0000001d
27322192ns          483545 1c009518 40aede93 srai             x29, x29, 0x40a     x29=ffffffff x29:fffffd38
27322211ns          483546 1c00951c 40a75713 srai             x14, x14, 0x40a     x14=fffffffe x14:fffffa17
27322231ns          483547 1c00951e 03812603 lw               x12, 56(x2)         x12=1c002eea  x2:10002cd8  PA:10002d10
27322251ns          483548 1c009520 04012d83 lw               x27, 64(x2)         x27=1c002efa  x2:10002cd8  PA:10002d18
27322271ns          483549 1c009522 01ee1023 sh               x30, 0(x28)         x30:0000001d x28:1c002f0a  PA:1c002f0a
27322589ns          483565 1c009526 05812483 lw               x9, 88(x2)           x9=1c002e6a  x2:10002cd8  PA:10002d30
27322609ns          483566 1c009528 05012f03 lw               x30, 80(x2)         x30=1c002e7a  x2:10002cd8  PA:10002d28
27322629ns          483567 1c00952a 0a012583 lw               x11, 160(x2)        x11=1c002e9a  x2:10002cd8  PA:10002d78
27322649ns          483568 1c00952c 014787b3 add              x15, x15, x20       x15=0001fb99 x15:0000ffef x20:0000fbaa
27322669ns          483569 1c00952e 013e8eb3 add              x29, x29, x19       x29=0000ffaf x29:ffffffff x19:0000ffb0
27322689ns          483570 1c009530 01270733 add              x14, x14, x18       x14=0000fef7 x14:fffffffe x18:0000fef9
27322709ns          483571 1c009532 00f49023 sh               x15, 0(x9)          x15:0001fb99  x9:1c002e6a  PA:1c002e6a
27323027ns          483587 1c009536 01161023 sh               x17, 0(x12)         x17:000000f6 x12:1c002eea  PA:1c002eea
27323345ns          483603 1c00953a 01fd9023 sh               x31, 0(x27)         x31:00000051 x27:1c002efa  PA:1c002efa
27323663ns          483619 1c00953e 00df1023 sh               x13, 0(x30)         x13:0001ff01 x30:1c002e7a  PA:1c002e7a
27323982ns          483635 1c009542 01d59023 sh               x29, 0(x11)         x29:0000ffaf x11:1c002e9a  PA:1c002e9a
27324300ns          483651 1c009546 00e09023 sh               x14, 0(x1)          x14:0000fef7  x1:1c002e8a  PA:1c002e8a
27324618ns          483667 1c00954a 01039023 sh               x16, 0(x7)          x16:0000ffd0  x7:1c002eba  PA:1c002eba
27324936ns          483683 1c00954e 00a29023 sh               x10, 0(x5)          x10:0000ff9d  x5:1c002eaa  PA:1c002eaa
27325254ns          483699 1c009552 008b0b13 addi             x22, x22, 8         x22=000001a5 x22:0000019d
27325274ns          483700 1c009554 1f300793 addi             x15, x0, 499        x15=000001f3
27325294ns          483701 1c009558 e767dae3 bge              x15, x22, -396      x15:000001f3 x22:000001a5
27325433ns          483708 1c0093cc 010c9a0b p.lh             x20, 16(x25!)       x20=0000009c x25=1c0029e2 x25:1c0029d2  PA:1c0029d2
27325771ns          483725 1c0093d0 0104198b p.lh             x19, 16(x8!)        x19=000000a0  x8=1c0021aa  x8:1c00219a  PA:1c00219a
27326070ns          483740 1c0093d4 2cc10513 addi             x10, x2, 716        x10=10002fa4  x2:10002cd8
27326090ns          483741 1c0093d6 010a990b p.lh             x18, 16(x21!)       x18=00000095 x21=1c0019d6 x21:1c0019c6  PA:1c0019c6
27326388ns          483756 1c0093da 010b948b p.lh             x9, 16(x23!)         x9=00000097 x23=1c001206 x23:1c0011f6  PA:1c0011f6
27326726ns          483773 1c0093de 2d411623 sh               x20, 716(x2)        x20:0000009c  x2:10002cd8  PA:10002fa4
27326746ns          483774 1c0093e2 2d311723 sh               x19, 718(x2)        x19:000000a0  x2:10002cd8  PA:10002fa6
27326766ns          483775 1c0093e6 c33ff0ef jal              x1, -974             x1=1c0093e8
27326806ns          483777 1c009018 00051803 lh               x16, 0(x10)         x16=0000009c x10:10002fa4  PA:10002fa4
27326825ns          483778 1c00901c 00251883 lh               x17, 2(x10)         x17=000000a0 x10:10002fa4  PA:10002fa6
27326845ns          483779 1c009020 030806b3 mul              x13, x16, x16       x13=00005f10 x16:0000009c x16:0000009c
27326865ns          483780 1c009024 03188633 mul              x12, x17, x17       x12=00006400 x17:000000a0 x17:000000a0
27326885ns          483781 1c009028 40a65613 srai             x12, x12, 0x40a     x12=00000019 x12:00006400
27326905ns          483782 1c00902a 40a6d693 srai             x13, x13, 0x40a     x13=00000017 x13:00005f10
27326925ns          483783 1c00902c 00c686b3 add              x13, x13, x12       x13=00000030 x13:00000017 x12:00000019
27326945ns          483784 1c00902e 1006c633 p.exths          x12, x13, x0        x12=00000030 x13:00000030
27326965ns          483785 1c009032 00855703 lhu              x14, 8(x10)         x14=0000ffd1 x10:10002fa4  PA:10002fac
27326985ns          483786 1c009036 00a55683 lhu              x13, 10(x10)        x13=0000ff6a x10:10002fa4  PA:10002fae
27327004ns          483787 1c00903a 02c60333 mul              x6, x12, x12         x6=00000900 x12:00000030 x12:00000030
27327024ns          483788 1c00903e 00c55783 lhu              x15, 12(x10)        x15=0000ffe5 x10:10002fa4  PA:10002fb0
27327044ns          483789 1c009042 00e55583 lhu              x11, 14(x10)        x11=00000060 x10:10002fa4  PA:10002fb2
27327064ns          483790 1c009046 dea30333 p.extract        x6, x6, 15, 10       x6=00000002  x6:00000900
27327084ns          483791 1c00904a 80c7075b p.muls           x14, x14, x12       x14=fffff730 x14:0000ffd1 x12:00000030
27327104ns          483792 1c00904e 80c686db p.muls           x13, x13, x12       x13=ffffe3e0 x13:0000ff6a x12:00000030
27327124ns          483793 1c009052 00455e83 lhu              x29, 4(x10)         x29=00000427 x10:10002fa4  PA:10002fa8
27327144ns          483794 1c009056 00655e03 lhu              x28, 6(x10)         x28=0000007f x10:10002fa4  PA:10002faa
27327164ns          483795 1c00905a 40a75713 srai             x14, x14, 0x40a     x14=fffffffd x14:fffff730
27327183ns          483796 1c00905c 806787db p.muls           x15, x15, x6        x15=ffffffca x15:0000ffe5  x6:00000002
27327203ns          483797 1c009060 40a6d693 srai             x13, x13, 0x40a     x13=fffffff8 x13:ffffe3e0
27327243ns          483799 1c009062 8065865b p.muls           x12, x11, x6        x12=000000c0 x11:00000060  x6:00000002
27327263ns          483800 1c009066 40a7d793 srai             x15, x15, 0x40a     x15=ffffffff x15:ffffffca
27327283ns          483801 1c009068 40a65613 srai             x12, x12, 0x40a     x12=00000000 x12:000000c0
27327303ns          483802 1c00906a 01d70733 add              x14, x14, x29       x14=00000424 x14:fffffffd x29:00000427
27327323ns          483803 1c00906c 01c686b3 add              x13, x13, x28       x13=00000077 x13:fffffff8 x28:0000007f
27327343ns          483804 1c00906e 00c686b3 add              x13, x13, x12       x13=00000077 x13:00000077 x12:00000000
27327362ns          483805 1c009070 00f70733 add              x14, x14, x15       x14=00000423 x14:00000424 x15:ffffffff
27327382ns          483806 1c009072 100747b3 p.exths          x15, x14, x0        x15=00000423 x14:00000423
27327402ns          483807 1c009076 1006c733 p.exths          x14, x13, x0        x14=00000077 x13:00000077
27327422ns          483808 1c00907a 03170633 mul              x12, x14, x17       x12=00004a60 x14:00000077 x17:000000a0
27327442ns          483809 1c00907e 030786b3 mul              x13, x15, x16       x13=00028554 x15:00000423 x16:0000009c
27327462ns          483810 1c009082 03070733 mul              x14, x14, x16       x14=00004884 x14:00000077 x16:0000009c
27327482ns          483811 1c009086 031787b3 mul              x15, x15, x17       x15=000295e0 x15:00000423 x17:000000a0
27327502ns          483812 1c00908a 40a6d693 srai             x13, x13, 0x40a     x13=000000a1 x13:00028554
27327522ns          483813 1c00908c 40a65613 srai             x12, x12, 0x40a     x12=00000012 x12:00004a60
27327541ns          483814 1c00908e 40a7d793 srai             x15, x15, 0x40a     x15=000000a5 x15:000295e0
27327561ns          483815 1c009090 40a75713 srai             x14, x14, 0x40a     x14=00000012 x14:00004884
27327581ns          483816 1c009092 40c686b3 sub              x13, x13, x12       x13=0000008f x13:000000a1 x12:00000012
27327601ns          483817 1c009094 00e787b3 add              x15, x15, x14       x15=000000b7 x15:000000a5 x14:00000012
27327621ns          483818 1c009096 00d51823 sh               x13, 16(x10)        x13:0000008f x10:10002fa4  PA:10002fb4
27327641ns          483819 1c00909a 00f51923 sh               x15, 18(x10)        x15:000000b7 x10:10002fa4  PA:10002fb6
27327661ns          483820 1c00909e 00008067 jalr             x0, x1, 0            x1:1c0093e8
27327701ns          483822 1c0093e8 2dc15583 lhu              x11, 732(x2)        x11=0000008f  x2:10002cd8  PA:10002fb4
27327720ns          483823 1c0093ec 2de15783 lhu              x15, 734(x2)        x15=000000b7  x2:10002cd8  PA:10002fb6
27327740ns          483824 1c0093f0 40b90933 sub              x18, x18, x11       x18=00000006 x18:00000095 x11:0000008f
27327760ns          483825 1c0093f4 40f484b3 sub              x9, x9, x15          x9=ffffffe0  x9:00000097 x15:000000b7
27327780ns          483826 1c0093f6 100945b3 p.exths          x11, x18, x0        x11=00000006 x18:00000006
27327800ns          483827 1c0093fa 1004c7b3 p.exths          x15, x9, x0         x15=ffffffe0  x9:ffffffe0
27327820ns          483828 1c0093fe 034586b3 mul              x13, x11, x20       x13=000003a8 x11:00000006 x20:0000009c
27327840ns          483829 1c009402 03378533 mul              x10, x15, x19       x10=ffffec00 x15:ffffffe0 x19:000000a0
27327860ns          483830 1c009406 034a0633 mul              x12, x20, x20       x12=00005f10 x20:0000009c x20:0000009c
27327880ns          483831 1c00940a 03398733 mul              x14, x19, x19       x14=00006400 x19:000000a0 x19:000000a0
27327939ns          483834 1c00940e 034787b3 mul              x15, x15, x20       x15=ffffec80 x15:ffffffe0 x20:0000009c
27327979ns          483836 1c009412 033585b3 mul              x11, x11, x19       x11=000003c0 x11:00000006 x19:000000a0
27327999ns          483837 1c009416 40a75713 srai             x14, x14, 0x40a     x14=00000019 x14:00006400
27328019ns          483838 1c009418 40a5d593 srai             x11, x11, 0x40a     x11=00000000 x11:000003c0
27328039ns          483839 1c00941a 40a65613 srai             x12, x12, 0x40a     x12=00000017 x12:00005f10
27328059ns          483840 1c00941c 40a7d793 srai             x15, x15, 0x40a     x15=fffffffb x15:ffffec80
27328078ns          483841 1c00941e 1c0034b7 lui              x9, 0x1c003000       x9=1c003000
27328098ns          483842 1c009422 00e60633 add              x12, x12, x14       x12=00000030 x12:00000017 x14:00000019
27328118ns          483843 1c009424 40b787b3 sub              x15, x15, x11       x15=fffffffb x15:fffffffb x11:00000000
27328138ns          483844 1c009426 eb048493 addi             x9, x9, -336         x9=1c002eb0  x9:1c003000
27328158ns          483845 1c00942a 1c0032b7 lui              x5, 0x1c003000       x5=1c003000
27328178ns          483846 1c00942e 1c0035b7 lui              x11, 0x1c003000     x11=1c003000
27328198ns          483847 1c009432 018483b3 add              x7, x9, x24          x7=1c002eba  x9:1c002eb0 x24:0000000a
27328218ns          483848 1c009436 02812e83 lw               x29, 40(x2)         x29=1c002eca  x2:10002cd8  PA:10002d00
27328238ns          483849 1c009438 10065633 p.exthz          x12, x12, x0        x12=00000030 x12:00000030
27328257ns          483850 1c00943c e8028293 addi             x5, x5, -384         x5=1c002e80  x5:1c003000
27328297ns          483852 1c009440 ea058593 addi             x11, x11, -352      x11=1c002ea0 x11:1c003000
27328337ns          483854 1c009444 03812483 lw               x9, 56(x2)           x9=1c002eea  x2:10002cd8  PA:10002d10
27328357ns          483855 1c009446 10064733 p.exths          x14, x12, x0        x14=00000030 x12:00000030
27328377ns          483856 1c00944a 018280b3 add              x1, x5, x24          x1=1c002e8a  x5:1c002e80 x24:0000000a
27328397ns          483857 1c00944e 03012f03 lw               x30, 48(x2)         x30=1c002eda  x2:10002cd8  PA:10002d08
27328436ns          483859 1c009450 018582b3 add              x5, x11, x24         x5=1c002eaa x11:1c002ea0 x24:0000000a
27328476ns          483861 1c009454 04012583 lw               x11, 64(x2)         x11=1c002efa  x2:10002cd8  PA:10002d18
27328496ns          483862 1c009456 000edd83 lhu              x27, 0(x29)         x27=0000150b x29:1c002eca  PA:1c002eca
27328794ns          483877 1c00945a 0004d483 lhu              x9, 0(x9)            x9=000000f6  x9:1c002eea  PA:1c002eea
27329093ns          483892 1c00945e 02e70333 mul              x6, x14, x14         x6=00000900 x14:00000030 x14:00000030
27329113ns          483893 1c009462 40a55513 srai             x10, x10, 0x40a     x10=fffffffb x10:ffffec00
27329132ns          483894 1c009464 04812e83 lw               x29, 72(x2)         x29=1c002f0a  x2:10002cd8  PA:10002d20
27329152ns          483895 1c009466 40a6d693 srai             x13, x13, 0x40a     x13=00000000 x13:000003a8
27329172ns          483896 1c009468 000f5d03 lhu              x26, 0(x30)         x26=000003cd x30:1c002eda  PA:1c002eda
27329490ns          483912 1c00946c 0005d583 lhu              x11, 0(x11)         x11=00000051 x11:1c002efa  PA:1c002efa
27329789ns          483927 1c009470 40a35313 srai             x6, x6, 0x40a        x6=00000002  x6:00000900
27329809ns          483928 1c009474 00a686b3 add              x13, x13, x10       x13=fffffffb x13:00000000 x10:fffffffb
27329829ns          483929 1c009476 05012f03 lw               x30, 80(x2)         x30=1c002e7a  x2:10002cd8  PA:10002d28
27329848ns          483930 1c009478 10034e33 p.exths          x28, x6, x0         x28=00000002  x6:00000002
27329868ns          483931 1c00947c 06911023 sh               x9, 96(x2)           x9:000000f6  x2:10002cd8  PA:10002d38
27329888ns          483932 1c009480 000ede83 lhu              x29, 0(x29)         x29=0000001d x29:1c002f0a  PA:1c002f0a
27330187ns          483947 1c009484 05812483 lw               x9, 88(x2)           x9=1c002e6a  x2:10002cd8  PA:10002d30
27330206ns          483948 1c009486 1006d6b3 p.exthz          x13, x13, x0        x13=0000fffb x13:fffffffb
27330226ns          483949 1c00948a 02ee08b3 mul              x17, x28, x14       x17=00000060 x28:00000002 x14:00000030
27330246ns          483950 1c00948e 1006c833 p.exths          x16, x13, x0        x16=fffffffb x13:0000fffb
27330266ns          483951 1c009492 06b11823 sh               x11, 112(x2)        x11:00000051  x2:10002cd8  PA:10002d48
27330286ns          483952 1c009496 000f5f03 lhu              x30, 0(x30)         x30=0000ff01 x30:1c002e7a  PA:1c002e7a
27330584ns          483967 1c00949a 0a012583 lw               x11, 160(x2)        x11=1c002e9a  x2:10002cd8  PA:10002d78
27330604ns          483968 1c00949c 1007d7b3 p.exthz          x15, x15, x0        x15=0000fffb x15:fffffffb
27330624ns          483969 1c0094a0 0004da03 lhu              x20, 0(x9)          x20=0000fb99  x9:1c002e6a  PA:1c002e6a
27330962ns          483986 1c0094a4 1007c533 p.exths          x10, x15, x0        x10=fffffffb x15:0000fffb
27330982ns          483987 1c0094a8 09d11023 sh               x29, 128(x2)        x29:0000001d  x2:10002cd8  PA:10002d58
27331002ns          483988 1c0094ac 0003d483 lhu              x9, 0(x7)            x9=0000ffd0  x7:1c002eba  PA:1c002eba
27331300ns          484003 1c0094b0 02e80eb3 mul              x29, x16, x14       x29=ffffff10 x16:fffffffb x14:00000030
27331320ns          484004 1c0094b4 40a8d893 srai             x17, x17, 0x40a     x17=00000000 x17:00000060
27331340ns          484005 1c0094b8 03c80833 mul              x16, x16, x28       x16=fffffff6 x16:fffffffb x28:00000002
27331360ns          484006 1c0094bc 09e11823 sh               x30, 144(x2)        x30:0000ff01  x2:10002cd8  PA:10002d68
27331380ns          484007 1c0094c0 0005d983 lhu              x19, 0(x11)         x19=0000ffaf x11:1c002e9a  PA:1c002e9a
27331698ns          484023 1c0094c4 81c88f5b p.muls           x30, x17, x28       x30=00000000 x17:00000000 x28:00000002
27331718ns          484024 1c0094c8 0002d583 lhu              x11, 0(x5)          x11=0000ff9d  x5:1c002eaa  PA:1c002eaa
27332036ns          484040 1c0094cc 03ce0fb3 mul              x31, x28, x28       x31=00000004 x28:00000002 x28:00000002
27332056ns          484041 1c0094d0 02e50733 mul              x14, x10, x14       x14=ffffff10 x10:fffffffb x14:00000030
27332076ns          484042 1c0094d4 40a85813 srai             x16, x16, 0x40a     x16=ffffffff x16:fffffff6
27332096ns          484043 1c0094d8 03c50533 mul              x10, x10, x28       x10=fffffff6 x10:fffffffb x28:00000002
27332116ns          484044 1c0094dc 07015e03 lhu              x28, 112(x2)        x28=00000051  x2:10002cd8  PA:10002d48
27332155ns          484046 1c0094e0 01b60633 add              x12, x12, x27       x12=0000153b x12:00000030 x27:0000150b
27332175ns          484047 1c0094e2 00980833 add              x16, x16, x9        x16=0000ffcf x16:ffffffff  x9:0000ffd0
27332195ns          484048 1c0094e4 06015d83 lhu              x27, 96(x2)         x27=000000f6  x2:10002cd8  PA:10002d38
27332215ns          484049 1c0094e8 02812483 lw               x9, 40(x2)           x9=1c002eca  x2:10002cd8  PA:10002d00
27332235ns          484050 1c0094ea 40afdf93 srai             x31, x31, 0x40a     x31=00000000 x31:00000004
27332255ns          484051 1c0094ee 40a55513 srai             x10, x10, 0x40a     x10=ffffffff x10:fffffff6
27332275ns          484052 1c0094f0 01cf8fb3 add              x31, x31, x28       x31=00000051 x31:00000000 x28:00000051
27332295ns          484053 1c0094f2 00b50533 add              x10, x10, x11       x10=0000ff9c x10:ffffffff x11:0000ff9d
27332315ns          484054 1c0094f4 09015e03 lhu              x28, 144(x2)        x28=0000ff01  x2:10002cd8  PA:10002d68
27332334ns          484055 1c0094f8 03012583 lw               x11, 48(x2)         x11=1c002eda  x2:10002cd8  PA:10002d08
27332354ns          484056 1c0094fa 00c49023 sh               x12, 0(x9)          x12:0000153b  x9:1c002eca  PA:1c002eca
27332673ns          484072 1c0094fe 01b888b3 add              x17, x17, x27       x17=000000f6 x17:00000000 x27:000000f6
27332692ns          484073 1c009500 01a30333 add              x6, x6, x26          x6=000003cf  x6:00000002 x26:000003cd
27332712ns          484074 1c009502 08015d83 lhu              x27, 128(x2)        x27=0000001d  x2:10002cd8  PA:10002d58
27332732ns          484075 1c009506 0000d903 lhu              x18, 0(x1)          x18=0000fef7  x1:1c002e8a  PA:1c002e8a
27333090ns          484093 1c00950a 01c686b3 add              x13, x13, x28       x13=0001fefc x13:0000fffb x28:0000ff01
27333110ns          484094 1c00950c 00659023 sh               x6, 0(x11)           x6:000003cf x11:1c002eda  PA:1c002eda
27333448ns          484111 1c009510 40af5f13 srai             x30, x30, 0x40a     x30=00000000 x30:00000000
27333468ns          484112 1c009514 04812e03 lw               x28, 72(x2)         x28=1c002f0a  x2:10002cd8  PA:10002d20
27333488ns          484113 1c009516 01bf0f33 add              x30, x30, x27       x30=0000001d x30:00000000 x27:0000001d
27333508ns          484114 1c009518 40aede93 srai             x29, x29, 0x40a     x29=ffffffff x29:ffffff10
27333528ns          484115 1c00951c 40a75713 srai             x14, x14, 0x40a     x14=ffffffff x14:ffffff10
27333548ns          484116 1c00951e 03812603 lw               x12, 56(x2)         x12=1c002eea  x2:10002cd8  PA:10002d10
27333568ns          484117 1c009520 04012d83 lw               x27, 64(x2)         x27=1c002efa  x2:10002cd8  PA:10002d18
27333587ns          484118 1c009522 01ee1023 sh               x30, 0(x28)         x30:0000001d x28:1c002f0a  PA:1c002f0a
27333906ns          484134 1c009526 05812483 lw               x9, 88(x2)           x9=1c002e6a  x2:10002cd8  PA:10002d30
27333926ns          484135 1c009528 05012f03 lw               x30, 80(x2)         x30=1c002e7a  x2:10002cd8  PA:10002d28
27333945ns          484136 1c00952a 0a012583 lw               x11, 160(x2)        x11=1c002e9a  x2:10002cd8  PA:10002d78
27333965ns          484137 1c00952c 014787b3 add              x15, x15, x20       x15=0001fb94 x15:0000fffb x20:0000fb99
27333985ns          484138 1c00952e 013e8eb3 add              x29, x29, x19       x29=0000ffae x29:ffffffff x19:0000ffaf
27334005ns          484139 1c009530 01270733 add              x14, x14, x18       x14=0000fef6 x14:ffffffff x18:0000fef7
27334025ns          484140 1c009532 00f49023 sh               x15, 0(x9)          x15:0001fb94  x9:1c002e6a  PA:1c002e6a
27334363ns          484157 1c009536 01161023 sh               x17, 0(x12)         x17:000000f6 x12:1c002eea  PA:1c002eea
27334681ns          484173 1c00953a 01fd9023 sh               x31, 0(x27)         x31:00000051 x27:1c002efa  PA:1c002efa
27335019ns          484190 1c00953e 00df1023 sh               x13, 0(x30)         x13:0001fefc x30:1c002e7a  PA:1c002e7a
27335377ns          484208 1c009542 01d59023 sh               x29, 0(x11)         x29:0000ffae x11:1c002e9a  PA:1c002e9a
27335696ns          484224 1c009546 00e09023 sh               x14, 0(x1)          x14:0000fef6  x1:1c002e8a  PA:1c002e8a
27336014ns          484240 1c00954a 01039023 sh               x16, 0(x7)          x16:0000ffcf  x7:1c002eba  PA:1c002eba
27336332ns          484256 1c00954e 00a29023 sh               x10, 0(x5)          x10:0000ff9c  x5:1c002eaa  PA:1c002eaa
27336710ns          484275 1c009552 008b0b13 addi             x22, x22, 8         x22=000001ad x22:000001a5
27336730ns          484276 1c009554 1f300793 addi             x15, x0, 499        x15=000001f3
27336750ns          484277 1c009558 e767dae3 bge              x15, x22, -396      x15:000001f3 x22:000001ad
27336889ns          484284 1c0093cc 010c9a0b p.lh             x20, 16(x25!)       x20=ffffff99 x25=1c0029f2 x25:1c0029e2  PA:1c0029e2
27337227ns          484301 1c0093d0 0104198b p.lh             x19, 16(x8!)        x19=ffffff4f  x8=1c0021ba  x8:1c0021aa  PA:1c0021aa
27337525ns          484316 1c0093d4 2cc10513 addi             x10, x2, 716        x10=10002fa4  x2:10002cd8
27337545ns          484317 1c0093d6 010a990b p.lh             x18, 16(x21!)       x18=ffffff95 x21=1c0019e6 x21:1c0019d6  PA:1c0019d6
27337863ns          484333 1c0093da 010b948b p.lh             x9, 16(x23!)         x9=ffffff56 x23=1c001216 x23:1c001206  PA:1c001206
27338162ns          484348 1c0093de 2d411623 sh               x20, 716(x2)        x20:ffffff99  x2:10002cd8  PA:10002fa4
27338182ns          484349 1c0093e2 2d311723 sh               x19, 718(x2)        x19:ffffff4f  x2:10002cd8  PA:10002fa6
27338201ns          484350 1c0093e6 c33ff0ef jal              x1, -974             x1=1c0093e8
27338281ns          484354 1c009018 00051803 lh               x16, 0(x10)         x16=ffffff99 x10:10002fa4  PA:10002fa4
27338321ns          484356 1c00901c 00251883 lh               x17, 2(x10)         x17=ffffff4f x10:10002fa4  PA:10002fa6
27338380ns          484359 1c009020 030806b3 mul              x13, x16, x16       x13=00002971 x16:ffffff99 x16:ffffff99
27338420ns          484361 1c009024 03188633 mul              x12, x17, x17       x12=00007a61 x17:ffffff4f x17:ffffff4f
27338440ns          484362 1c009028 40a65613 srai             x12, x12, 0x40a     x12=0000001e x12:00007a61
27338460ns          484363 1c00902a 40a6d693 srai             x13, x13, 0x40a     x13=0000000a x13:00002971
27338480ns          484364 1c00902c 00c686b3 add              x13, x13, x12       x13=00000028 x13:0000000a x12:0000001e
27338500ns          484365 1c00902e 1006c633 p.exths          x12, x13, x0        x12=00000028 x13:00000028
27338520ns          484366 1c009032 00855703 lhu              x14, 8(x10)         x14=0000ffd1 x10:10002fa4  PA:10002fac
27338540ns          484367 1c009036 00a55683 lhu              x13, 10(x10)        x13=0000ff6a x10:10002fa4  PA:10002fae
27338559ns          484368 1c00903a 02c60333 mul              x6, x12, x12         x6=00000640 x12:00000028 x12:00000028
27338579ns          484369 1c00903e 00c55783 lhu              x15, 12(x10)        x15=0000ffe5 x10:10002fa4  PA:10002fb0
27338599ns          484370 1c009042 00e55583 lhu              x11, 14(x10)        x11=00000060 x10:10002fa4  PA:10002fb2
27338619ns          484371 1c009046 dea30333 p.extract        x6, x6, 15, 10       x6=00000001  x6:00000640
27338639ns          484372 1c00904a 80c7075b p.muls           x14, x14, x12       x14=fffff8a8 x14:0000ffd1 x12:00000028
27338659ns          484373 1c00904e 80c686db p.muls           x13, x13, x12       x13=ffffe890 x13:0000ff6a x12:00000028
27338679ns          484374 1c009052 00455e83 lhu              x29, 4(x10)         x29=00000427 x10:10002fa4  PA:10002fa8
27338699ns          484375 1c009056 00655e03 lhu              x28, 6(x10)         x28=0000007f x10:10002fa4  PA:10002faa
27338719ns          484376 1c00905a 40a75713 srai             x14, x14, 0x40a     x14=fffffffe x14:fffff8a8
27338738ns          484377 1c00905c 806787db p.muls           x15, x15, x6        x15=ffffffe5 x15:0000ffe5  x6:00000001
27338758ns          484378 1c009060 40a6d693 srai             x13, x13, 0x40a     x13=fffffffa x13:ffffe890
27338798ns          484380 1c009062 8065865b p.muls           x12, x11, x6        x12=00000060 x11:00000060  x6:00000001
27338818ns          484381 1c009066 40a7d793 srai             x15, x15, 0x40a     x15=ffffffff x15:ffffffe5
27338838ns          484382 1c009068 40a65613 srai             x12, x12, 0x40a     x12=00000000 x12:00000060
27338858ns          484383 1c00906a 01d70733 add              x14, x14, x29       x14=00000425 x14:fffffffe x29:00000427
27338878ns          484384 1c00906c 01c686b3 add              x13, x13, x28       x13=00000079 x13:fffffffa x28:0000007f
27338898ns          484385 1c00906e 00c686b3 add              x13, x13, x12       x13=00000079 x13:00000079 x12:00000000
27338917ns          484386 1c009070 00f70733 add              x14, x14, x15       x14=00000424 x14:00000425 x15:ffffffff
27338937ns          484387 1c009072 100747b3 p.exths          x15, x14, x0        x15=00000424 x14:00000424
27338957ns          484388 1c009076 1006c733 p.exths          x14, x13, x0        x14=00000079 x13:00000079
27338977ns          484389 1c00907a 03170633 mul              x12, x14, x17       x12=ffffac57 x14:00000079 x17:ffffff4f
27338997ns          484390 1c00907e 030786b3 mul              x13, x15, x16       x13=fffe5584 x15:00000424 x16:ffffff99
27339017ns          484391 1c009082 03070733 mul              x14, x14, x16       x14=ffffcf51 x14:00000079 x16:ffffff99
27339037ns          484392 1c009086 031787b3 mul              x15, x15, x17       x15=fffd231c x15:00000424 x17:ffffff4f
27339057ns          484393 1c00908a 40a6d693 srai             x13, x13, 0x40a     x13=ffffff95 x13:fffe5584
27339076ns          484394 1c00908c 40a65613 srai             x12, x12, 0x40a     x12=ffffffeb x12:ffffac57
27339096ns          484395 1c00908e 40a7d793 srai             x15, x15, 0x40a     x15=ffffff48 x15:fffd231c
27339116ns          484396 1c009090 40a75713 srai             x14, x14, 0x40a     x14=fffffff3 x14:ffffcf51
27339136ns          484397 1c009092 40c686b3 sub              x13, x13, x12       x13=ffffffaa x13:ffffff95 x12:ffffffeb
27339156ns          484398 1c009094 00e787b3 add              x15, x15, x14       x15=ffffff3b x15:ffffff48 x14:fffffff3
27339176ns          484399 1c009096 00d51823 sh               x13, 16(x10)        x13:ffffffaa x10:10002fa4  PA:10002fb4
27339196ns          484400 1c00909a 00f51923 sh               x15, 18(x10)        x15:ffffff3b x10:10002fa4  PA:10002fb6
27339216ns          484401 1c00909e 00008067 jalr             x0, x1, 0            x1:1c0093e8
27339295ns          484405 1c0093e8 2dc15583 lhu              x11, 732(x2)        x11=0000ffaa  x2:10002cd8  PA:10002fb4
27339335ns          484407 1c0093ec 2de15783 lhu              x15, 734(x2)        x15=0000ff3b  x2:10002cd8  PA:10002fb6
27339355ns          484408 1c0093f0 40b90933 sub              x18, x18, x11       x18=fffeffeb x18:ffffff95 x11:0000ffaa
27339375ns          484409 1c0093f4 40f484b3 sub              x9, x9, x15          x9=ffff001b  x9:ffffff56 x15:0000ff3b
27339395ns          484410 1c0093f6 100945b3 p.exths          x11, x18, x0        x11=ffffffeb x18:fffeffeb
27339415ns          484411 1c0093fa 1004c7b3 p.exths          x15, x9, x0         x15=0000001b  x9:ffff001b
27339434ns          484412 1c0093fe 034586b3 mul              x13, x11, x20       x13=00000873 x11:ffffffeb x20:ffffff99
27339454ns          484413 1c009402 03378533 mul              x10, x15, x19       x10=ffffed55 x15:0000001b x19:ffffff4f
27339474ns          484414 1c009406 034a0633 mul              x12, x20, x20       x12=00002971 x20:ffffff99 x20:ffffff99
27339494ns          484415 1c00940a 03398733 mul              x14, x19, x19       x14=00007a61 x19:ffffff4f x19:ffffff4f
27339554ns          484418 1c00940e 034787b3 mul              x15, x15, x20       x15=fffff523 x15:0000001b x20:ffffff99
27339594ns          484420 1c009412 033585b3 mul              x11, x11, x19       x11=00000e85 x11:ffffffeb x19:ffffff4f
27339613ns          484421 1c009416 40a75713 srai             x14, x14, 0x40a     x14=0000001e x14:00007a61
27339633ns          484422 1c009418 40a5d593 srai             x11, x11, 0x40a     x11=00000003 x11:00000e85
27339653ns          484423 1c00941a 40a65613 srai             x12, x12, 0x40a     x12=0000000a x12:00002971
27339673ns          484424 1c00941c 40a7d793 srai             x15, x15, 0x40a     x15=fffffffd x15:fffff523
27339693ns          484425 1c00941e 1c0034b7 lui              x9, 0x1c003000       x9=1c003000
27339713ns          484426 1c009422 00e60633 add              x12, x12, x14       x12=00000028 x12:0000000a x14:0000001e
27339733ns          484427 1c009424 40b787b3 sub              x15, x15, x11       x15=fffffffa x15:fffffffd x11:00000003
27339753ns          484428 1c009426 eb048493 addi             x9, x9, -336         x9=1c002eb0  x9:1c003000
27339773ns          484429 1c00942a 1c0032b7 lui              x5, 0x1c003000       x5=1c003000
27339792ns          484430 1c00942e 1c0035b7 lui              x11, 0x1c003000     x11=1c003000
27339812ns          484431 1c009432 018483b3 add              x7, x9, x24          x7=1c002eba  x9:1c002eb0 x24:0000000a
27339832ns          484432 1c009436 02812e83 lw               x29, 40(x2)         x29=1c002eca  x2:10002cd8  PA:10002d00
27339852ns          484433 1c009438 10065633 p.exthz          x12, x12, x0        x12=00000028 x12:00000028
27339872ns          484434 1c00943c e8028293 addi             x5, x5, -384         x5=1c002e80  x5:1c003000
27339892ns          484435 1c009440 ea058593 addi             x11, x11, -352      x11=1c002ea0 x11:1c003000
27339912ns          484436 1c009444 03812483 lw               x9, 56(x2)           x9=1c002eea  x2:10002cd8  PA:10002d10
27339932ns          484437 1c009446 10064733 p.exths          x14, x12, x0        x14=00000028 x12:00000028
27339952ns          484438 1c00944a 018280b3 add              x1, x5, x24          x1=1c002e8a  x5:1c002e80 x24:0000000a
27339971ns          484439 1c00944e 03012f03 lw               x30, 48(x2)         x30=1c002eda  x2:10002cd8  PA:10002d08
27339991ns          484440 1c009450 018582b3 add              x5, x11, x24         x5=1c002eaa x11:1c002ea0 x24:0000000a
27340011ns          484441 1c009454 04012583 lw               x11, 64(x2)         x11=1c002efa  x2:10002cd8  PA:10002d18
27340031ns          484442 1c009456 000edd83 lhu              x27, 0(x29)         x27=0000153b x29:1c002eca  PA:1c002eca
27340329ns          484457 1c00945a 0004d483 lhu              x9, 0(x9)            x9=000000f6  x9:1c002eea  PA:1c002eea
27340628ns          484472 1c00945e 02e70333 mul              x6, x14, x14         x6=00000640 x14:00000028 x14:00000028
27340648ns          484473 1c009462 40a55513 srai             x10, x10, 0x40a     x10=fffffffb x10:ffffed55
27340668ns          484474 1c009464 04812e83 lw               x29, 72(x2)         x29=1c002f0a  x2:10002cd8  PA:10002d20
27340687ns          484475 1c009466 40a6d693 srai             x13, x13, 0x40a     x13=00000002 x13:00000873
27340707ns          484476 1c009468 000f5d03 lhu              x26, 0(x30)         x26=000003cf x30:1c002eda  PA:1c002eda
27341006ns          484491 1c00946c 0005d583 lhu              x11, 0(x11)         x11=00000051 x11:1c002efa  PA:1c002efa
27341304ns          484506 1c009470 40a35313 srai             x6, x6, 0x40a        x6=00000001  x6:00000640
27341324ns          484507 1c009474 00a686b3 add              x13, x13, x10       x13=fffffffd x13:00000002 x10:fffffffb
27341344ns          484508 1c009476 05012f03 lw               x30, 80(x2)         x30=1c002e7a  x2:10002cd8  PA:10002d28
27341364ns          484509 1c009478 10034e33 p.exths          x28, x6, x0         x28=00000001  x6:00000001
27341384ns          484510 1c00947c 06911023 sh               x9, 96(x2)           x9:000000f6  x2:10002cd8  PA:10002d38
27341403ns          484511 1c009480 000ede83 lhu              x29, 0(x29)         x29=0000001d x29:1c002f0a  PA:1c002f0a
27341702ns          484526 1c009484 05812483 lw               x9, 88(x2)           x9=1c002e6a  x2:10002cd8  PA:10002d30
27341722ns          484527 1c009486 1006d6b3 p.exthz          x13, x13, x0        x13=0000fffd x13:fffffffd
27341741ns          484528 1c00948a 02ee08b3 mul              x17, x28, x14       x17=00000028 x28:00000001 x14:00000028
27341761ns          484529 1c00948e 1006c833 p.exths          x16, x13, x0        x16=fffffffd x13:0000fffd
27341781ns          484530 1c009492 06b11823 sh               x11, 112(x2)        x11:00000051  x2:10002cd8  PA:10002d48
27341801ns          484531 1c009496 000f5f03 lhu              x30, 0(x30)         x30=0000fefc x30:1c002e7a  PA:1c002e7a
27342139ns          484548 1c00949a 0a012583 lw               x11, 160(x2)        x11=1c002e9a  x2:10002cd8  PA:10002d78
27342159ns          484549 1c00949c 1007d7b3 p.exthz          x15, x15, x0        x15=0000fffa x15:fffffffa
27342179ns          484550 1c0094a0 0004da03 lhu              x20, 0(x9)          x20=0000fb94  x9:1c002e6a  PA:1c002e6a
27342477ns          484565 1c0094a4 1007c533 p.exths          x10, x15, x0        x10=fffffffa x15:0000fffa
27342497ns          484566 1c0094a8 09d11023 sh               x29, 128(x2)        x29:0000001d  x2:10002cd8  PA:10002d58
27342517ns          484567 1c0094ac 0003d483 lhu              x9, 0(x7)            x9=0000ffcf  x7:1c002eba  PA:1c002eba
27342855ns          484584 1c0094b0 02e80eb3 mul              x29, x16, x14       x29=ffffff88 x16:fffffffd x14:00000028
27342875ns          484585 1c0094b4 40a8d893 srai             x17, x17, 0x40a     x17=00000000 x17:00000028
27342895ns          484586 1c0094b8 03c80833 mul              x16, x16, x28       x16=fffffffd x16:fffffffd x28:00000001
27342915ns          484587 1c0094bc 09e11823 sh               x30, 144(x2)        x30:0000fefc  x2:10002cd8  PA:10002d68
27342935ns          484588 1c0094c0 0005d983 lhu              x19, 0(x11)         x19=0000ffae x11:1c002e9a  PA:1c002e9a
27343233ns          484603 1c0094c4 81c88f5b p.muls           x30, x17, x28       x30=00000000 x17:00000000 x28:00000001
27343253ns          484604 1c0094c8 0002d583 lhu              x11, 0(x5)          x11=0000ff9c  x5:1c002eaa  PA:1c002eaa
27343611ns          484622 1c0094cc 03ce0fb3 mul              x31, x28, x28       x31=00000001 x28:00000001 x28:00000001
27343631ns          484623 1c0094d0 02e50733 mul              x14, x10, x14       x14=ffffff10 x10:fffffffa x14:00000028
27343651ns          484624 1c0094d4 40a85813 srai             x16, x16, 0x40a     x16=ffffffff x16:fffffffd
27343671ns          484625 1c0094d8 03c50533 mul              x10, x10, x28       x10=fffffffa x10:fffffffa x28:00000001
27343691ns          484626 1c0094dc 07015e03 lhu              x28, 112(x2)        x28=00000051  x2:10002cd8  PA:10002d48
27343710ns          484627 1c0094e0 01b60633 add              x12, x12, x27       x12=00001563 x12:00000028 x27:0000153b
27343730ns          484628 1c0094e2 00980833 add              x16, x16, x9        x16=0000ffce x16:ffffffff  x9:0000ffcf
27343750ns          484629 1c0094e4 06015d83 lhu              x27, 96(x2)         x27=000000f6  x2:10002cd8  PA:10002d38
27343770ns          484630 1c0094e8 02812483 lw               x9, 40(x2)           x9=1c002eca  x2:10002cd8  PA:10002d00
27343790ns          484631 1c0094ea 40afdf93 srai             x31, x31, 0x40a     x31=00000000 x31:00000001
27343810ns          484632 1c0094ee 40a55513 srai             x10, x10, 0x40a     x10=ffffffff x10:fffffffa
27343830ns          484633 1c0094f0 01cf8fb3 add              x31, x31, x28       x31=00000051 x31:00000000 x28:00000051
27343850ns          484634 1c0094f2 00b50533 add              x10, x10, x11       x10=0000ff9b x10:ffffffff x11:0000ff9c
27343870ns          484635 1c0094f4 09015e03 lhu              x28, 144(x2)        x28=0000fefc  x2:10002cd8  PA:10002d68
27343889ns          484636 1c0094f8 03012583 lw               x11, 48(x2)         x11=1c002eda  x2:10002cd8  PA:10002d08
27343909ns          484637 1c0094fa 00c49023 sh               x12, 0(x9)          x12:00001563  x9:1c002eca  PA:1c002eca
27344247ns          484654 1c0094fe 01b888b3 add              x17, x17, x27       x17=000000f6 x17:00000000 x27:000000f6
27344267ns          484655 1c009500 01a30333 add              x6, x6, x26          x6=000003d0  x6:00000001 x26:000003cf
27344287ns          484656 1c009502 08015d83 lhu              x27, 128(x2)        x27=0000001d  x2:10002cd8  PA:10002d58
27344307ns          484657 1c009506 0000d903 lhu              x18, 0(x1)          x18=0000fef6  x1:1c002e8a  PA:1c002e8a
27344725ns          484678 1c00950a 01c686b3 add              x13, x13, x28       x13=0001fef9 x13:0000fffd x28:0000fefc
27344745ns          484679 1c00950c 00659023 sh               x6, 0(x11)           x6:000003d0 x11:1c002eda  PA:1c002eda
27345083ns          484696 1c009510 40af5f13 srai             x30, x30, 0x40a     x30=00000000 x30:00000000
27345103ns          484697 1c009514 04812e03 lw               x28, 72(x2)         x28=1c002f0a  x2:10002cd8  PA:10002d20
27345122ns          484698 1c009516 01bf0f33 add              x30, x30, x27       x30=0000001d x30:00000000 x27:0000001d
27345142ns          484699 1c009518 40aede93 srai             x29, x29, 0x40a     x29=ffffffff x29:ffffff88
27345162ns          484700 1c00951c 40a75713 srai             x14, x14, 0x40a     x14=ffffffff x14:ffffff10
27345182ns          484701 1c00951e 03812603 lw               x12, 56(x2)         x12=1c002eea  x2:10002cd8  PA:10002d10
27345202ns          484702 1c009520 04012d83 lw               x27, 64(x2)         x27=1c002efa  x2:10002cd8  PA:10002d18
27345222ns          484703 1c009522 01ee1023 sh               x30, 0(x28)         x30:0000001d x28:1c002f0a  PA:1c002f0a
27345540ns          484719 1c009526 05812483 lw               x9, 88(x2)           x9=1c002e6a  x2:10002cd8  PA:10002d30
27345560ns          484720 1c009528 05012f03 lw               x30, 80(x2)         x30=1c002e7a  x2:10002cd8  PA:10002d28
27345580ns          484721 1c00952a 0a012583 lw               x11, 160(x2)        x11=1c002e9a  x2:10002cd8  PA:10002d78
27345600ns          484722 1c00952c 014787b3 add              x15, x15, x20       x15=0001fb8e x15:0000fffa x20:0000fb94
27345620ns          484723 1c00952e 013e8eb3 add              x29, x29, x19       x29=0000ffad x29:ffffffff x19:0000ffae
27345640ns          484724 1c009530 01270733 add              x14, x14, x18       x14=0000fef5 x14:ffffffff x18:0000fef6
27345659ns          484725 1c009532 00f49023 sh               x15, 0(x9)          x15:0001fb8e  x9:1c002e6a  PA:1c002e6a
27345978ns          484741 1c009536 01161023 sh               x17, 0(x12)         x17:000000f6 x12:1c002eea  PA:1c002eea
27346336ns          484759 1c00953a 01fd9023 sh               x31, 0(x27)         x31:00000051 x27:1c002efa  PA:1c002efa
27346694ns          484777 1c00953e 00df1023 sh               x13, 0(x30)         x13:0001fef9 x30:1c002e7a  PA:1c002e7a
27347052ns          484795 1c009542 01d59023 sh               x29, 0(x11)         x29:0000ffad x11:1c002e9a  PA:1c002e9a
27347370ns          484811 1c009546 00e09023 sh               x14, 0(x1)          x14:0000fef5  x1:1c002e8a  PA:1c002e8a
27347708ns          484828 1c00954a 01039023 sh               x16, 0(x7)          x16:0000ffce  x7:1c002eba  PA:1c002eba
27348046ns          484845 1c00954e 00a29023 sh               x10, 0(x5)          x10:0000ff9b  x5:1c002eaa  PA:1c002eaa
27348364ns          484861 1c009552 008b0b13 addi             x22, x22, 8         x22=000001b5 x22:000001ad
27348384ns          484862 1c009554 1f300793 addi             x15, x0, 499        x15=000001f3
27348404ns          484863 1c009558 e767dae3 bge              x15, x22, -396      x15:000001f3 x22:000001b5
27348503ns          484868 1c0093cc 010c9a0b p.lh             x20, 16(x25!)       x20=000000ef x25=1c002a02 x25:1c0029f2  PA:1c0029f2
27348861ns          484886 1c0093d0 0104198b p.lh             x19, 16(x8!)        x19=fffffe11  x8=1c0021ca  x8:1c0021ba  PA:1c0021ba
27349180ns          484902 1c0093d4 2cc10513 addi             x10, x2, 716        x10=10002fa4  x2:10002cd8
27349199ns          484903 1c0093d6 010a990b p.lh             x18, 16(x21!)       x18=000000a4 x21=1c0019f6 x21:1c0019e6  PA:1c0019e6
27349538ns          484920 1c0093da 010b948b p.lh             x9, 16(x23!)         x9=fffffdfa x23=1c001226 x23:1c001216  PA:1c001216
27349856ns          484936 1c0093de 2d411623 sh               x20, 716(x2)        x20:000000ef  x2:10002cd8  PA:10002fa4
27349876ns          484937 1c0093e2 2d311723 sh               x19, 718(x2)        x19:fffffe11  x2:10002cd8  PA:10002fa6
27349896ns          484938 1c0093e6 c33ff0ef jal              x1, -974             x1=1c0093e8
27349935ns          484940 1c009018 00051803 lh               x16, 0(x10)         x16=000000ef x10:10002fa4  PA:10002fa4
27349955ns          484941 1c00901c 00251883 lh               x17, 2(x10)         x17=fffffe11 x10:10002fa4  PA:10002fa6
27349975ns          484942 1c009020 030806b3 mul              x13, x16, x16       x13=0000df21 x16:000000ef x16:000000ef
27349995ns          484943 1c009024 03188633 mul              x12, x17, x17       x12=0003bd21 x17:fffffe11 x17:fffffe11
27350015ns          484944 1c009028 40a65613 srai             x12, x12, 0x40a     x12=000000ef x12:0003bd21
27350035ns          484945 1c00902a 40a6d693 srai             x13, x13, 0x40a     x13=00000037 x13:0000df21
27350055ns          484946 1c00902c 00c686b3 add              x13, x13, x12       x13=00000126 x13:00000037 x12:000000ef
27350075ns          484947 1c00902e 1006c633 p.exths          x12, x13, x0        x12=00000126 x13:00000126
27350094ns          484948 1c009032 00855703 lhu              x14, 8(x10)         x14=0000ffd1 x10:10002fa4  PA:10002fac
27350114ns          484949 1c009036 00a55683 lhu              x13, 10(x10)        x13=0000ff6a x10:10002fa4  PA:10002fae
27350134ns          484950 1c00903a 02c60333 mul              x6, x12, x12         x6=000151a4 x12:00000126 x12:00000126
27350154ns          484951 1c00903e 00c55783 lhu              x15, 12(x10)        x15=0000ffe5 x10:10002fa4  PA:10002fb0
27350174ns          484952 1c009042 00e55583 lhu              x11, 14(x10)        x11=00000060 x10:10002fa4  PA:10002fb2
27350194ns          484953 1c009046 dea30333 p.extract        x6, x6, 15, 10       x6=00000054  x6:000151a4
27350214ns          484954 1c00904a 80c7075b p.muls           x14, x14, x12       x14=ffffca06 x14:0000ffd1 x12:00000126
27350273ns          484957 1c00904e 80c686db p.muls           x13, x13, x12       x13=ffff53bc x13:0000ff6a x12:00000126
27350313ns          484959 1c009052 00455e83 lhu              x29, 4(x10)         x29=00000427 x10:10002fa4  PA:10002fa8
27350333ns          484960 1c009056 00655e03 lhu              x28, 6(x10)         x28=0000007f x10:10002fa4  PA:10002faa
27350353ns          484961 1c00905a 40a75713 srai             x14, x14, 0x40a     x14=fffffff2 x14:ffffca06
27350373ns          484962 1c00905c 806787db p.muls           x15, x15, x6        x15=fffff724 x15:0000ffe5  x6:00000054
27350413ns          484964 1c009060 40a6d693 srai             x13, x13, 0x40a     x13=ffffffd4 x13:ffff53bc
27350452ns          484966 1c009062 8065865b p.muls           x12, x11, x6        x12=00001f80 x11:00000060  x6:00000054
27350472ns          484967 1c009066 40a7d793 srai             x15, x15, 0x40a     x15=fffffffd x15:fffff724
27350492ns          484968 1c009068 40a65613 srai             x12, x12, 0x40a     x12=00000007 x12:00001f80
27350512ns          484969 1c00906a 01d70733 add              x14, x14, x29       x14=00000419 x14:fffffff2 x29:00000427
27350532ns          484970 1c00906c 01c686b3 add              x13, x13, x28       x13=00000053 x13:ffffffd4 x28:0000007f
27350552ns          484971 1c00906e 00c686b3 add              x13, x13, x12       x13=0000005a x13:00000053 x12:00000007
27350572ns          484972 1c009070 00f70733 add              x14, x14, x15       x14=00000416 x14:00000419 x15:fffffffd
27350592ns          484973 1c009072 100747b3 p.exths          x15, x14, x0        x15=00000416 x14:00000416
27350612ns          484974 1c009076 1006c733 p.exths          x14, x13, x0        x14=0000005a x13:0000005a
27350631ns          484975 1c00907a 03170633 mul              x12, x14, x17       x12=ffff51fa x14:0000005a x17:fffffe11
27350651ns          484976 1c00907e 030786b3 mul              x13, x15, x16       x13=0003d08a x15:00000416 x16:000000ef
27350671ns          484977 1c009082 03070733 mul              x14, x14, x16       x14=00005406 x14:0000005a x16:000000ef
27350691ns          484978 1c009086 031787b3 mul              x15, x15, x17       x15=fff81976 x15:00000416 x17:fffffe11
27350711ns          484979 1c00908a 40a6d693 srai             x13, x13, 0x40a     x13=000000f4 x13:0003d08a
27350731ns          484980 1c00908c 40a65613 srai             x12, x12, 0x40a     x12=ffffffd4 x12:ffff51fa
27350751ns          484981 1c00908e 40a7d793 srai             x15, x15, 0x40a     x15=fffffe06 x15:fff81976
27350771ns          484982 1c009090 40a75713 srai             x14, x14, 0x40a     x14=00000015 x14:00005406
27350791ns          484983 1c009092 40c686b3 sub              x13, x13, x12       x13=00000120 x13:000000f4 x12:ffffffd4
27350810ns          484984 1c009094 00e787b3 add              x15, x15, x14       x15=fffffe1b x15:fffffe06 x14:00000015
27350830ns          484985 1c009096 00d51823 sh               x13, 16(x10)        x13:00000120 x10:10002fa4  PA:10002fb4
27350850ns          484986 1c00909a 00f51923 sh               x15, 18(x10)        x15:fffffe1b x10:10002fa4  PA:10002fb6
27350870ns          484987 1c00909e 00008067 jalr             x0, x1, 0            x1:1c0093e8
27350950ns          484991 1c0093e8 2dc15583 lhu              x11, 732(x2)        x11=00000120  x2:10002cd8  PA:10002fb4
27350970ns          484992 1c0093ec 2de15783 lhu              x15, 734(x2)        x15=0000fe1b  x2:10002cd8  PA:10002fb6
27350989ns          484993 1c0093f0 40b90933 sub              x18, x18, x11       x18=ffffff84 x18:000000a4 x11:00000120
27351009ns          484994 1c0093f4 40f484b3 sub              x9, x9, x15          x9=fffeffdf  x9:fffffdfa x15:0000fe1b
27351029ns          484995 1c0093f6 100945b3 p.exths          x11, x18, x0        x11=ffffff84 x18:ffffff84
27351049ns          484996 1c0093fa 1004c7b3 p.exths          x15, x9, x0         x15=ffffffdf  x9:fffeffdf
27351069ns          484997 1c0093fe 034586b3 mul              x13, x11, x20       x13=ffff8c3c x11:ffffff84 x20:000000ef
27351089ns          484998 1c009402 03378533 mul              x10, x15, x19       x10=00003fcf x15:ffffffdf x19:fffffe11
27351109ns          484999 1c009406 034a0633 mul              x12, x20, x20       x12=0000df21 x20:000000ef x20:000000ef
27351129ns          485000 1c00940a 03398733 mul              x14, x19, x19       x14=0003bd21 x19:fffffe11 x19:fffffe11
27351188ns          485003 1c00940e 034787b3 mul              x15, x15, x20       x15=ffffe131 x15:ffffffdf x20:000000ef
27351228ns          485005 1c009412 033585b3 mul              x11, x11, x19       x11=0000efc4 x11:ffffff84 x19:fffffe11
27351248ns          485006 1c009416 40a75713 srai             x14, x14, 0x40a     x14=000000ef x14:0003bd21
27351268ns          485007 1c009418 40a5d593 srai             x11, x11, 0x40a     x11=0000003b x11:0000efc4
27351288ns          485008 1c00941a 40a65613 srai             x12, x12, 0x40a     x12=00000037 x12:0000df21
27351308ns          485009 1c00941c 40a7d793 srai             x15, x15, 0x40a     x15=fffffff8 x15:ffffe131
27351328ns          485010 1c00941e 1c0034b7 lui              x9, 0x1c003000       x9=1c003000
27351347ns          485011 1c009422 00e60633 add              x12, x12, x14       x12=00000126 x12:00000037 x14:000000ef
27351367ns          485012 1c009424 40b787b3 sub              x15, x15, x11       x15=ffffffbd x15:fffffff8 x11:0000003b
27351387ns          485013 1c009426 eb048493 addi             x9, x9, -336         x9=1c002eb0  x9:1c003000
27351407ns          485014 1c00942a 1c0032b7 lui              x5, 0x1c003000       x5=1c003000
27351427ns          485015 1c00942e 1c0035b7 lui              x11, 0x1c003000     x11=1c003000
27351447ns          485016 1c009432 018483b3 add              x7, x9, x24          x7=1c002eba  x9:1c002eb0 x24:0000000a
27351467ns          485017 1c009436 02812e83 lw               x29, 40(x2)         x29=1c002eca  x2:10002cd8  PA:10002d00
27351487ns          485018 1c009438 10065633 p.exthz          x12, x12, x0        x12=00000126 x12:00000126
27351506ns          485019 1c00943c e8028293 addi             x5, x5, -384         x5=1c002e80  x5:1c003000
27351526ns          485020 1c009440 ea058593 addi             x11, x11, -352      x11=1c002ea0 x11:1c003000
27351546ns          485021 1c009444 03812483 lw               x9, 56(x2)           x9=1c002eea  x2:10002cd8  PA:10002d10
27351566ns          485022 1c009446 10064733 p.exths          x14, x12, x0        x14=00000126 x12:00000126
27351586ns          485023 1c00944a 018280b3 add              x1, x5, x24          x1=1c002e8a  x5:1c002e80 x24:0000000a
27351606ns          485024 1c00944e 03012f03 lw               x30, 48(x2)         x30=1c002eda  x2:10002cd8  PA:10002d08
27351626ns          485025 1c009450 018582b3 add              x5, x11, x24         x5=1c002eaa x11:1c002ea0 x24:0000000a
27351646ns          485026 1c009454 04012583 lw               x11, 64(x2)         x11=1c002efa  x2:10002cd8  PA:10002d18
27351666ns          485027 1c009456 000edd83 lhu              x27, 0(x29)         x27=00001563 x29:1c002eca  PA:1c002eca
27351984ns          485043 1c00945a 0004d483 lhu              x9, 0(x9)            x9=000000f6  x9:1c002eea  PA:1c002eea
27352282ns          485058 1c00945e 02e70333 mul              x6, x14, x14         x6=000151a4 x14:00000126 x14:00000126
27352302ns          485059 1c009462 40a55513 srai             x10, x10, 0x40a     x10=0000000f x10:00003fcf
27352322ns          485060 1c009464 04812e83 lw               x29, 72(x2)         x29=1c002f0a  x2:10002cd8  PA:10002d20
27352342ns          485061 1c009466 40a6d693 srai             x13, x13, 0x40a     x13=ffffffe3 x13:ffff8c3c
27352362ns          485062 1c009468 000f5d03 lhu              x26, 0(x30)         x26=000003d0 x30:1c002eda  PA:1c002eda
27352680ns          485078 1c00946c 0005d583 lhu              x11, 0(x11)         x11=00000051 x11:1c002efa  PA:1c002efa
27352978ns          485093 1c009470 40a35313 srai             x6, x6, 0x40a        x6=00000054  x6:000151a4
27352998ns          485094 1c009474 00a686b3 add              x13, x13, x10       x13=fffffff2 x13:ffffffe3 x10:0000000f
27353018ns          485095 1c009476 05012f03 lw               x30, 80(x2)         x30=1c002e7a  x2:10002cd8  PA:10002d28
27353038ns          485096 1c009478 10034e33 p.exths          x28, x6, x0         x28=00000054  x6:00000054
27353058ns          485097 1c00947c 06911023 sh               x9, 96(x2)           x9:000000f6  x2:10002cd8  PA:10002d38
27353078ns          485098 1c009480 000ede83 lhu              x29, 0(x29)         x29=0000001d x29:1c002f0a  PA:1c002f0a
27353396ns          485114 1c009484 05812483 lw               x9, 88(x2)           x9=1c002e6a  x2:10002cd8  PA:10002d30
27353416ns          485115 1c009486 1006d6b3 p.exthz          x13, x13, x0        x13=0000fff2 x13:fffffff2
27353436ns          485116 1c00948a 02ee08b3 mul              x17, x28, x14       x17=00006078 x28:00000054 x14:00000126
27353456ns          485117 1c00948e 1006c833 p.exths          x16, x13, x0        x16=fffffff2 x13:0000fff2
27353475ns          485118 1c009492 06b11823 sh               x11, 112(x2)        x11:00000051  x2:10002cd8  PA:10002d48
27353495ns          485119 1c009496 000f5f03 lhu              x30, 0(x30)         x30=0000fef9 x30:1c002e7a  PA:1c002e7a
27353833ns          485136 1c00949a 0a012583 lw               x11, 160(x2)        x11=1c002e9a  x2:10002cd8  PA:10002d78
27353853ns          485137 1c00949c 1007d7b3 p.exthz          x15, x15, x0        x15=0000ffbd x15:ffffffbd
27353873ns          485138 1c0094a0 0004da03 lhu              x20, 0(x9)          x20=0000fb8e  x9:1c002e6a  PA:1c002e6a
27354171ns          485153 1c0094a4 1007c533 p.exths          x10, x15, x0        x10=ffffffbd x15:0000ffbd
27354191ns          485154 1c0094a8 09d11023 sh               x29, 128(x2)        x29:0000001d  x2:10002cd8  PA:10002d58
27354211ns          485155 1c0094ac 0003d483 lhu              x9, 0(x7)            x9=0000ffce  x7:1c002eba  PA:1c002eba
27354529ns          485171 1c0094b0 02e80eb3 mul              x29, x16, x14       x29=ffffefec x16:fffffff2 x14:00000126
27354549ns          485172 1c0094b4 40a8d893 srai             x17, x17, 0x40a     x17=00000018 x17:00006078
27354569ns          485173 1c0094b8 03c80833 mul              x16, x16, x28       x16=fffffb68 x16:fffffff2 x28:00000054
27354589ns          485174 1c0094bc 09e11823 sh               x30, 144(x2)        x30:0000fef9  x2:10002cd8  PA:10002d68
27354609ns          485175 1c0094c0 0005d983 lhu              x19, 0(x11)         x19=0000ffad x11:1c002e9a  PA:1c002e9a
27354907ns          485190 1c0094c4 81c88f5b p.muls           x30, x17, x28       x30=000007e0 x17:00000018 x28:00000054
27354927ns          485191 1c0094c8 0002d583 lhu              x11, 0(x5)          x11=0000ff9b  x5:1c002eaa  PA:1c002eaa
27355226ns          485206 1c0094cc 03ce0fb3 mul              x31, x28, x28       x31=00001b90 x28:00000054 x28:00000054
27355245ns          485207 1c0094d0 02e50733 mul              x14, x10, x14       x14=ffffb30e x10:ffffffbd x14:00000126
27355265ns          485208 1c0094d4 40a85813 srai             x16, x16, 0x40a     x16=fffffffe x16:fffffb68
27355285ns          485209 1c0094d8 03c50533 mul              x10, x10, x28       x10=ffffea04 x10:ffffffbd x28:00000054
27355305ns          485210 1c0094dc 07015e03 lhu              x28, 112(x2)        x28=00000051  x2:10002cd8  PA:10002d48
27355325ns          485211 1c0094e0 01b60633 add              x12, x12, x27       x12=00001689 x12:00000126 x27:00001563
27355345ns          485212 1c0094e2 00980833 add              x16, x16, x9        x16=0000ffcc x16:fffffffe  x9:0000ffce
27355365ns          485213 1c0094e4 06015d83 lhu              x27, 96(x2)         x27=000000f6  x2:10002cd8  PA:10002d38
27355385ns          485214 1c0094e8 02812483 lw               x9, 40(x2)           x9=1c002eca  x2:10002cd8  PA:10002d00
27355405ns          485215 1c0094ea 40afdf93 srai             x31, x31, 0x40a     x31=00000006 x31:00001b90
27355424ns          485216 1c0094ee 40a55513 srai             x10, x10, 0x40a     x10=fffffffa x10:ffffea04
27355444ns          485217 1c0094f0 01cf8fb3 add              x31, x31, x28       x31=00000057 x31:00000006 x28:00000051
27355464ns          485218 1c0094f2 00b50533 add              x10, x10, x11       x10=0000ff95 x10:fffffffa x11:0000ff9b
27355484ns          485219 1c0094f4 09015e03 lhu              x28, 144(x2)        x28=0000fef9  x2:10002cd8  PA:10002d68
27355504ns          485220 1c0094f8 03012583 lw               x11, 48(x2)         x11=1c002eda  x2:10002cd8  PA:10002d08
27355524ns          485221 1c0094fa 00c49023 sh               x12, 0(x9)          x12:00001689  x9:1c002eca  PA:1c002eca
27355882ns          485239 1c0094fe 01b888b3 add              x17, x17, x27       x17=0000010e x17:00000018 x27:000000f6
27355902ns          485240 1c009500 01a30333 add              x6, x6, x26          x6=00000424  x6:00000054 x26:000003d0
27355922ns          485241 1c009502 08015d83 lhu              x27, 128(x2)        x27=0000001d  x2:10002cd8  PA:10002d58
27355942ns          485242 1c009506 0000d903 lhu              x18, 0(x1)          x18=0000fef5  x1:1c002e8a  PA:1c002e8a
27356240ns          485257 1c00950a 01c686b3 add              x13, x13, x28       x13=0001feeb x13:0000fff2 x28:0000fef9
27356260ns          485258 1c00950c 00659023 sh               x6, 0(x11)           x6:00000424 x11:1c002eda  PA:1c002eda
27356598ns          485275 1c009510 40af5f13 srai             x30, x30, 0x40a     x30=00000001 x30:000007e0
27356618ns          485276 1c009514 04812e03 lw               x28, 72(x2)         x28=1c002f0a  x2:10002cd8  PA:10002d20
27356638ns          485277 1c009516 01bf0f33 add              x30, x30, x27       x30=0000001e x30:00000001 x27:0000001d
27356657ns          485278 1c009518 40aede93 srai             x29, x29, 0x40a     x29=fffffffb x29:ffffefec
27356677ns          485279 1c00951c 40a75713 srai             x14, x14, 0x40a     x14=ffffffec x14:ffffb30e
27356697ns          485280 1c00951e 03812603 lw               x12, 56(x2)         x12=1c002eea  x2:10002cd8  PA:10002d10
27356717ns          485281 1c009520 04012d83 lw               x27, 64(x2)         x27=1c002efa  x2:10002cd8  PA:10002d18
27356737ns          485282 1c009522 01ee1023 sh               x30, 0(x28)         x30:0000001e x28:1c002f0a  PA:1c002f0a
27357055ns          485298 1c009526 05812483 lw               x9, 88(x2)           x9=1c002e6a  x2:10002cd8  PA:10002d30
27357075ns          485299 1c009528 05012f03 lw               x30, 80(x2)         x30=1c002e7a  x2:10002cd8  PA:10002d28
27357095ns          485300 1c00952a 0a012583 lw               x11, 160(x2)        x11=1c002e9a  x2:10002cd8  PA:10002d78
27357115ns          485301 1c00952c 014787b3 add              x15, x15, x20       x15=0001fb4b x15:0000ffbd x20:0000fb8e
27357135ns          485302 1c00952e 013e8eb3 add              x29, x29, x19       x29=0000ffa8 x29:fffffffb x19:0000ffad
27357155ns          485303 1c009530 01270733 add              x14, x14, x18       x14=0000fee1 x14:ffffffec x18:0000fef5
27357175ns          485304 1c009532 00f49023 sh               x15, 0(x9)          x15:0001fb4b  x9:1c002e6a  PA:1c002e6a
27357533ns          485322 1c009536 01161023 sh               x17, 0(x12)         x17:0000010e x12:1c002eea  PA:1c002eea
27357851ns          485338 1c00953a 01fd9023 sh               x31, 0(x27)         x31:00000057 x27:1c002efa  PA:1c002efa
27358189ns          485355 1c00953e 00df1023 sh               x13, 0(x30)         x13:0001feeb x30:1c002e7a  PA:1c002e7a
27358567ns          485374 1c009542 01d59023 sh               x29, 0(x11)         x29:0000ffa8 x11:1c002e9a  PA:1c002e9a
27358905ns          485391 1c009546 00e09023 sh               x14, 0(x1)          x14:0000fee1  x1:1c002e8a  PA:1c002e8a
27359223ns          485407 1c00954a 01039023 sh               x16, 0(x7)          x16:0000ffcc  x7:1c002eba  PA:1c002eba
27359541ns          485423 1c00954e 00a29023 sh               x10, 0(x5)          x10:0000ff95  x5:1c002eaa  PA:1c002eaa
27359879ns          485440 1c009552 008b0b13 addi             x22, x22, 8         x22=000001bd x22:000001b5
27359899ns          485441 1c009554 1f300793 addi             x15, x0, 499        x15=000001f3
27359919ns          485442 1c009558 e767dae3 bge              x15, x22, -396      x15:000001f3 x22:000001bd
27360019ns          485447 1c0093cc 010c9a0b p.lh             x20, 16(x25!)       x20=fffffe72 x25=1c002a12 x25:1c002a02  PA:1c002a02
27360337ns          485463 1c0093d0 0104198b p.lh             x19, 16(x8!)        x19=ffffff38  x8=1c0021da  x8:1c0021ca  PA:1c0021ca
27360635ns          485478 1c0093d4 2cc10513 addi             x10, x2, 716        x10=10002fa4  x2:10002cd8
27360655ns          485479 1c0093d6 010a990b p.lh             x18, 16(x21!)       x18=fffffe64 x21=1c001a06 x21:1c0019f6  PA:1c0019f6
27360953ns          485494 1c0093da 010b948b p.lh             x9, 16(x23!)         x9=ffffff6c x23=1c001236 x23:1c001226  PA:1c001226
27361311ns          485512 1c0093de 2d411623 sh               x20, 716(x2)        x20:fffffe72  x2:10002cd8  PA:10002fa4
27361331ns          485513 1c0093e2 2d311723 sh               x19, 718(x2)        x19:ffffff38  x2:10002cd8  PA:10002fa6
27361351ns          485514 1c0093e6 c33ff0ef jal              x1, -974             x1=1c0093e8
27361391ns          485516 1c009018 00051803 lh               x16, 0(x10)         x16=fffffe72 x10:10002fa4  PA:10002fa4
27361411ns          485517 1c00901c 00251883 lh               x17, 2(x10)         x17=ffffff38 x10:10002fa4  PA:10002fa6
27361431ns          485518 1c009020 030806b3 mul              x13, x16, x16       x13=00026ac4 x16:fffffe72 x16:fffffe72
27361450ns          485519 1c009024 03188633 mul              x12, x17, x17       x12=00009c40 x17:ffffff38 x17:ffffff38
27361470ns          485520 1c009028 40a65613 srai             x12, x12, 0x40a     x12=00000027 x12:00009c40
27361490ns          485521 1c00902a 40a6d693 srai             x13, x13, 0x40a     x13=0000009a x13:00026ac4
27361510ns          485522 1c00902c 00c686b3 add              x13, x13, x12       x13=000000c1 x13:0000009a x12:00000027
27361530ns          485523 1c00902e 1006c633 p.exths          x12, x13, x0        x12=000000c1 x13:000000c1
27361550ns          485524 1c009032 00855703 lhu              x14, 8(x10)         x14=0000ffd1 x10:10002fa4  PA:10002fac
27361570ns          485525 1c009036 00a55683 lhu              x13, 10(x10)        x13=0000ff6a x10:10002fa4  PA:10002fae
27361590ns          485526 1c00903a 02c60333 mul              x6, x12, x12         x6=00009181 x12:000000c1 x12:000000c1
27361610ns          485527 1c00903e 00c55783 lhu              x15, 12(x10)        x15=0000ffe5 x10:10002fa4  PA:10002fb0
27361629ns          485528 1c009042 00e55583 lhu              x11, 14(x10)        x11=00000060 x10:10002fa4  PA:10002fb2
27361649ns          485529 1c009046 dea30333 p.extract        x6, x6, 15, 10       x6=00000024  x6:00009181
27361669ns          485530 1c00904a 80c7075b p.muls           x14, x14, x12       x14=ffffdc91 x14:0000ffd1 x12:000000c1
27361689ns          485531 1c00904e 80c686db p.muls           x13, x13, x12       x13=ffff8eea x13:0000ff6a x12:000000c1
27361709ns          485532 1c009052 00455e83 lhu              x29, 4(x10)         x29=00000427 x10:10002fa4  PA:10002fa8
27361729ns          485533 1c009056 00655e03 lhu              x28, 6(x10)         x28=0000007f x10:10002fa4  PA:10002faa
27361749ns          485534 1c00905a 40a75713 srai             x14, x14, 0x40a     x14=fffffff7 x14:ffffdc91
27361769ns          485535 1c00905c 806787db p.muls           x15, x15, x6        x15=fffffc34 x15:0000ffe5  x6:00000024
27361789ns          485536 1c009060 40a6d693 srai             x13, x13, 0x40a     x13=ffffffe3 x13:ffff8eea
27361828ns          485538 1c009062 8065865b p.muls           x12, x11, x6        x12=00000d80 x11:00000060  x6:00000024
27361848ns          485539 1c009066 40a7d793 srai             x15, x15, 0x40a     x15=ffffffff x15:fffffc34
27361868ns          485540 1c009068 40a65613 srai             x12, x12, 0x40a     x12=00000003 x12:00000d80
27361888ns          485541 1c00906a 01d70733 add              x14, x14, x29       x14=0000041e x14:fffffff7 x29:00000427
27361908ns          485542 1c00906c 01c686b3 add              x13, x13, x28       x13=00000062 x13:ffffffe3 x28:0000007f
27361928ns          485543 1c00906e 00c686b3 add              x13, x13, x12       x13=00000065 x13:00000062 x12:00000003
27361948ns          485544 1c009070 00f70733 add              x14, x14, x15       x14=0000041d x14:0000041e x15:ffffffff
27361968ns          485545 1c009072 100747b3 p.exths          x15, x14, x0        x15=0000041d x14:0000041d
27361987ns          485546 1c009076 1006c733 p.exths          x14, x13, x0        x14=00000065 x13:00000065
27362007ns          485547 1c00907a 03170633 mul              x12, x14, x17       x12=ffffb118 x14:00000065 x17:ffffff38
27362027ns          485548 1c00907e 030786b3 mul              x13, x15, x16       x13=fff99aea x15:0000041d x16:fffffe72
27362047ns          485549 1c009082 03070733 mul              x14, x14, x16       x14=ffff62fa x14:00000065 x16:fffffe72
27362067ns          485550 1c009086 031787b3 mul              x15, x15, x17       x15=fffcc958 x15:0000041d x17:ffffff38
27362087ns          485551 1c00908a 40a6d693 srai             x13, x13, 0x40a     x13=fffffe66 x13:fff99aea
27362107ns          485552 1c00908c 40a65613 srai             x12, x12, 0x40a     x12=ffffffec x12:ffffb118
27362127ns          485553 1c00908e 40a7d793 srai             x15, x15, 0x40a     x15=ffffff32 x15:fffcc958
27362147ns          485554 1c009090 40a75713 srai             x14, x14, 0x40a     x14=ffffffd8 x14:ffff62fa
27362166ns          485555 1c009092 40c686b3 sub              x13, x13, x12       x13=fffffe7a x13:fffffe66 x12:ffffffec
27362186ns          485556 1c009094 00e787b3 add              x15, x15, x14       x15=ffffff0a x15:ffffff32 x14:ffffffd8
27362206ns          485557 1c009096 00d51823 sh               x13, 16(x10)        x13:fffffe7a x10:10002fa4  PA:10002fb4
27362226ns          485558 1c00909a 00f51923 sh               x15, 18(x10)        x15:ffffff0a x10:10002fa4  PA:10002fb6
27362246ns          485559 1c00909e 00008067 jalr             x0, x1, 0            x1:1c0093e8
27362326ns          485563 1c0093e8 2dc15583 lhu              x11, 732(x2)        x11=0000fe7a  x2:10002cd8  PA:10002fb4
27362345ns          485564 1c0093ec 2de15783 lhu              x15, 734(x2)        x15=0000ff0a  x2:10002cd8  PA:10002fb6
27362365ns          485565 1c0093f0 40b90933 sub              x18, x18, x11       x18=fffeffea x18:fffffe64 x11:0000fe7a
27362385ns          485566 1c0093f4 40f484b3 sub              x9, x9, x15          x9=ffff0062  x9:ffffff6c x15:0000ff0a
27362405ns          485567 1c0093f6 100945b3 p.exths          x11, x18, x0        x11=ffffffea x18:fffeffea
27362425ns          485568 1c0093fa 1004c7b3 p.exths          x15, x9, x0         x15=00000062  x9:ffff0062
27362445ns          485569 1c0093fe 034586b3 mul              x13, x11, x20       x13=00002234 x11:ffffffea x20:fffffe72
27362465ns          485570 1c009402 03378533 mul              x10, x15, x19       x10=ffffb370 x15:00000062 x19:ffffff38
27362485ns          485571 1c009406 034a0633 mul              x12, x20, x20       x12=00026ac4 x20:fffffe72 x20:fffffe72
27362505ns          485572 1c00940a 03398733 mul              x14, x19, x19       x14=00009c40 x19:ffffff38 x19:ffffff38
27362524ns          485573 1c00940e 034787b3 mul              x15, x15, x20       x15=ffff67a4 x15:00000062 x20:fffffe72
27362544ns          485574 1c009412 033585b3 mul              x11, x11, x19       x11=00001130 x11:ffffffea x19:ffffff38
27362564ns          485575 1c009416 40a75713 srai             x14, x14, 0x40a     x14=00000027 x14:00009c40
27362584ns          485576 1c009418 40a5d593 srai             x11, x11, 0x40a     x11=00000004 x11:00001130
27362604ns          485577 1c00941a 40a65613 srai             x12, x12, 0x40a     x12=0000009a x12:00026ac4
27362624ns          485578 1c00941c 40a7d793 srai             x15, x15, 0x40a     x15=ffffffd9 x15:ffff67a4
27362644ns          485579 1c00941e 1c0034b7 lui              x9, 0x1c003000       x9=1c003000
27362664ns          485580 1c009422 00e60633 add              x12, x12, x14       x12=000000c1 x12:0000009a x14:00000027
27362684ns          485581 1c009424 40b787b3 sub              x15, x15, x11       x15=ffffffd5 x15:ffffffd9 x11:00000004
27362703ns          485582 1c009426 eb048493 addi             x9, x9, -336         x9=1c002eb0  x9:1c003000
27362723ns          485583 1c00942a 1c0032b7 lui              x5, 0x1c003000       x5=1c003000
27362743ns          485584 1c00942e 1c0035b7 lui              x11, 0x1c003000     x11=1c003000
27362763ns          485585 1c009432 018483b3 add              x7, x9, x24          x7=1c002eba  x9:1c002eb0 x24:0000000a
27362783ns          485586 1c009436 02812e83 lw               x29, 40(x2)         x29=1c002eca  x2:10002cd8  PA:10002d00
27362803ns          485587 1c009438 10065633 p.exthz          x12, x12, x0        x12=000000c1 x12:000000c1
27362823ns          485588 1c00943c e8028293 addi             x5, x5, -384         x5=1c002e80  x5:1c003000
27362863ns          485590 1c009440 ea058593 addi             x11, x11, -352      x11=1c002ea0 x11:1c003000
27362902ns          485592 1c009444 03812483 lw               x9, 56(x2)           x9=1c002eea  x2:10002cd8  PA:10002d10
27362922ns          485593 1c009446 10064733 p.exths          x14, x12, x0        x14=000000c1 x12:000000c1
27362942ns          485594 1c00944a 018280b3 add              x1, x5, x24          x1=1c002e8a  x5:1c002e80 x24:0000000a
27362962ns          485595 1c00944e 03012f03 lw               x30, 48(x2)         x30=1c002eda  x2:10002cd8  PA:10002d08
27363002ns          485597 1c009450 018582b3 add              x5, x11, x24         x5=1c002eaa x11:1c002ea0 x24:0000000a
27363042ns          485599 1c009454 04012583 lw               x11, 64(x2)         x11=1c002efa  x2:10002cd8  PA:10002d18
27363061ns          485600 1c009456 000edd83 lhu              x27, 0(x29)         x27=00001689 x29:1c002eca  PA:1c002eca
27363360ns          485615 1c00945a 0004d483 lhu              x9, 0(x9)            x9=0000010e  x9:1c002eea  PA:1c002eea
27363658ns          485630 1c00945e 02e70333 mul              x6, x14, x14         x6=00009181 x14:000000c1 x14:000000c1
27363678ns          485631 1c009462 40a55513 srai             x10, x10, 0x40a     x10=ffffffec x10:ffffb370
27363698ns          485632 1c009464 04812e83 lw               x29, 72(x2)         x29=1c002f0a  x2:10002cd8  PA:10002d20
27363718ns          485633 1c009466 40a6d693 srai             x13, x13, 0x40a     x13=00000008 x13:00002234
27363738ns          485634 1c009468 000f5d03 lhu              x26, 0(x30)         x26=00000424 x30:1c002eda  PA:1c002eda
27364036ns          485649 1c00946c 0005d583 lhu              x11, 0(x11)         x11=00000057 x11:1c002efa  PA:1c002efa
27364334ns          485664 1c009470 40a35313 srai             x6, x6, 0x40a        x6=00000024  x6:00009181
27364354ns          485665 1c009474 00a686b3 add              x13, x13, x10       x13=fffffff4 x13:00000008 x10:ffffffec
27364374ns          485666 1c009476 05012f03 lw               x30, 80(x2)         x30=1c002e7a  x2:10002cd8  PA:10002d28
27364394ns          485667 1c009478 10034e33 p.exths          x28, x6, x0         x28=00000024  x6:00000024
27364414ns          485668 1c00947c 06911023 sh               x9, 96(x2)           x9:0000010e  x2:10002cd8  PA:10002d38
27364434ns          485669 1c009480 000ede83 lhu              x29, 0(x29)         x29=0000001e x29:1c002f0a  PA:1c002f0a
27364732ns          485684 1c009484 05812483 lw               x9, 88(x2)           x9=1c002e6a  x2:10002cd8  PA:10002d30
27364752ns          485685 1c009486 1006d6b3 p.exthz          x13, x13, x0        x13=0000fff4 x13:fffffff4
27364772ns          485686 1c00948a 02ee08b3 mul              x17, x28, x14       x17=00001b24 x28:00000024 x14:000000c1
27364792ns          485687 1c00948e 1006c833 p.exths          x16, x13, x0        x16=fffffff4 x13:0000fff4
27364812ns          485688 1c009492 06b11823 sh               x11, 112(x2)        x11:00000057  x2:10002cd8  PA:10002d48
27364831ns          485689 1c009496 000f5f03 lhu              x30, 0(x30)         x30=0000feeb x30:1c002e7a  PA:1c002e7a
27365170ns          485706 1c00949a 0a012583 lw               x11, 160(x2)        x11=1c002e9a  x2:10002cd8  PA:10002d78
27365189ns          485707 1c00949c 1007d7b3 p.exthz          x15, x15, x0        x15=0000ffd5 x15:ffffffd5
27365209ns          485708 1c0094a0 0004da03 lhu              x20, 0(x9)          x20=0000fb4b  x9:1c002e6a  PA:1c002e6a
27365508ns          485723 1c0094a4 1007c533 p.exths          x10, x15, x0        x10=ffffffd5 x15:0000ffd5
27365528ns          485724 1c0094a8 09d11023 sh               x29, 128(x2)        x29:0000001e  x2:10002cd8  PA:10002d58
27365547ns          485725 1c0094ac 0003d483 lhu              x9, 0(x7)            x9=0000ffcc  x7:1c002eba  PA:1c002eba
27365846ns          485740 1c0094b0 02e80eb3 mul              x29, x16, x14       x29=fffff6f4 x16:fffffff4 x14:000000c1
27365866ns          485741 1c0094b4 40a8d893 srai             x17, x17, 0x40a     x17=00000006 x17:00001b24
27365886ns          485742 1c0094b8 03c80833 mul              x16, x16, x28       x16=fffffe50 x16:fffffff4 x28:00000024
27365905ns          485743 1c0094bc 09e11823 sh               x30, 144(x2)        x30:0000feeb  x2:10002cd8  PA:10002d68
27365925ns          485744 1c0094c0 0005d983 lhu              x19, 0(x11)         x19=0000ffa8 x11:1c002e9a  PA:1c002e9a
27366224ns          485759 1c0094c4 81c88f5b p.muls           x30, x17, x28       x30=000000d8 x17:00000006 x28:00000024
27366244ns          485760 1c0094c8 0002d583 lhu              x11, 0(x5)          x11=0000ff95  x5:1c002eaa  PA:1c002eaa
27366562ns          485776 1c0094cc 03ce0fb3 mul              x31, x28, x28       x31=00000510 x28:00000024 x28:00000024
27366582ns          485777 1c0094d0 02e50733 mul              x14, x10, x14       x14=ffffdf95 x10:ffffffd5 x14:000000c1
27366601ns          485778 1c0094d4 40a85813 srai             x16, x16, 0x40a     x16=ffffffff x16:fffffe50
27366621ns          485779 1c0094d8 03c50533 mul              x10, x10, x28       x10=fffff9f4 x10:ffffffd5 x28:00000024
27366641ns          485780 1c0094dc 07015e03 lhu              x28, 112(x2)        x28=00000057  x2:10002cd8  PA:10002d48
27366661ns          485781 1c0094e0 01b60633 add              x12, x12, x27       x12=0000174a x12:000000c1 x27:00001689
27366681ns          485782 1c0094e2 00980833 add              x16, x16, x9        x16=0000ffcb x16:ffffffff  x9:0000ffcc
27366701ns          485783 1c0094e4 06015d83 lhu              x27, 96(x2)         x27=0000010e  x2:10002cd8  PA:10002d38
27366721ns          485784 1c0094e8 02812483 lw               x9, 40(x2)           x9=1c002eca  x2:10002cd8  PA:10002d00
27366741ns          485785 1c0094ea 40afdf93 srai             x31, x31, 0x40a     x31=00000001 x31:00000510
27366761ns          485786 1c0094ee 40a55513 srai             x10, x10, 0x40a     x10=fffffffe x10:fffff9f4
27366780ns          485787 1c0094f0 01cf8fb3 add              x31, x31, x28       x31=00000058 x31:00000001 x28:00000057
27366800ns          485788 1c0094f2 00b50533 add              x10, x10, x11       x10=0000ff93 x10:fffffffe x11:0000ff95
27366820ns          485789 1c0094f4 09015e03 lhu              x28, 144(x2)        x28=0000feeb  x2:10002cd8  PA:10002d68
27366840ns          485790 1c0094f8 03012583 lw               x11, 48(x2)         x11=1c002eda  x2:10002cd8  PA:10002d08
27366860ns          485791 1c0094fa 00c49023 sh               x12, 0(x9)          x12:0000174a  x9:1c002eca  PA:1c002eca
27367178ns          485807 1c0094fe 01b888b3 add              x17, x17, x27       x17=00000114 x17:00000006 x27:0000010e
27367198ns          485808 1c009500 01a30333 add              x6, x6, x26          x6=00000448  x6:00000024 x26:00000424
27367218ns          485809 1c009502 08015d83 lhu              x27, 128(x2)        x27=0000001e  x2:10002cd8  PA:10002d58
27367238ns          485810 1c009506 0000d903 lhu              x18, 0(x1)          x18=0000fee1  x1:1c002e8a  PA:1c002e8a
27367596ns          485828 1c00950a 01c686b3 add              x13, x13, x28       x13=0001fedf x13:0000fff4 x28:0000feeb
27367616ns          485829 1c00950c 00659023 sh               x6, 0(x11)           x6:00000448 x11:1c002eda  PA:1c002eda
27367954ns          485846 1c009510 40af5f13 srai             x30, x30, 0x40a     x30=00000000 x30:000000d8
27367974ns          485847 1c009514 04812e03 lw               x28, 72(x2)         x28=1c002f0a  x2:10002cd8  PA:10002d20
27367994ns          485848 1c009516 01bf0f33 add              x30, x30, x27       x30=0000001e x30:00000000 x27:0000001e
27368014ns          485849 1c009518 40aede93 srai             x29, x29, 0x40a     x29=fffffffd x29:fffff6f4
27368033ns          485850 1c00951c 40a75713 srai             x14, x14, 0x40a     x14=fffffff7 x14:ffffdf95
27368053ns          485851 1c00951e 03812603 lw               x12, 56(x2)         x12=1c002eea  x2:10002cd8  PA:10002d10
27368073ns          485852 1c009520 04012d83 lw               x27, 64(x2)         x27=1c002efa  x2:10002cd8  PA:10002d18
27368093ns          485853 1c009522 01ee1023 sh               x30, 0(x28)         x30:0000001e x28:1c002f0a  PA:1c002f0a
27368411ns          485869 1c009526 05812483 lw               x9, 88(x2)           x9=1c002e6a  x2:10002cd8  PA:10002d30
27368431ns          485870 1c009528 05012f03 lw               x30, 80(x2)         x30=1c002e7a  x2:10002cd8  PA:10002d28
27368451ns          485871 1c00952a 0a012583 lw               x11, 160(x2)        x11=1c002e9a  x2:10002cd8  PA:10002d78
27368471ns          485872 1c00952c 014787b3 add              x15, x15, x20       x15=0001fb20 x15:0000ffd5 x20:0000fb4b
27368491ns          485873 1c00952e 013e8eb3 add              x29, x29, x19       x29=0000ffa5 x29:fffffffd x19:0000ffa8
27368511ns          485874 1c009530 01270733 add              x14, x14, x18       x14=0000fed8 x14:fffffff7 x18:0000fee1
27368531ns          485875 1c009532 00f49023 sh               x15, 0(x9)          x15:0001fb20  x9:1c002e6a  PA:1c002e6a
27368869ns          485892 1c009536 01161023 sh               x17, 0(x12)         x17:00000114 x12:1c002eea  PA:1c002eea
27369207ns          485909 1c00953a 01fd9023 sh               x31, 0(x27)         x31:00000058 x27:1c002efa  PA:1c002efa
27369525ns          485925 1c00953e 00df1023 sh               x13, 0(x30)         x13:0001fedf x30:1c002e7a  PA:1c002e7a
27369883ns          485943 1c009542 01d59023 sh               x29, 0(x11)         x29:0000ffa5 x11:1c002e9a  PA:1c002e9a
27370201ns          485959 1c009546 00e09023 sh               x14, 0(x1)          x14:0000fed8  x1:1c002e8a  PA:1c002e8a
27370539ns          485976 1c00954a 01039023 sh               x16, 0(x7)          x16:0000ffcb  x7:1c002eba  PA:1c002eba
27370858ns          485992 1c00954e 00a29023 sh               x10, 0(x5)          x10:0000ff93  x5:1c002eaa  PA:1c002eaa
27371176ns          486008 1c009552 008b0b13 addi             x22, x22, 8         x22=000001c5 x22:000001bd
27371196ns          486009 1c009554 1f300793 addi             x15, x0, 499        x15=000001f3
27371216ns          486010 1c009558 e767dae3 bge              x15, x22, -396      x15:000001f3 x22:000001c5
27371315ns          486015 1c0093cc 010c9a0b p.lh             x20, 16(x25!)       x20=fffffe31 x25=1c002a22 x25:1c002a12  PA:1c002a12
27371633ns          486031 1c0093d0 0104198b p.lh             x19, 16(x8!)        x19=ffffffcd  x8=1c0021ea  x8:1c0021da  PA:1c0021da
27371971ns          486048 1c0093d4 2cc10513 addi             x10, x2, 716        x10=10002fa4  x2:10002cd8
27371991ns          486049 1c0093d6 010a990b p.lh             x18, 16(x21!)       x18=fffffe23 x21=1c001a16 x21:1c001a06  PA:1c001a06
27372289ns          486064 1c0093da 010b948b p.lh             x9, 16(x23!)         x9=00000003 x23=1c001246 x23:1c001236  PA:1c001236
27372608ns          486080 1c0093de 2d411623 sh               x20, 716(x2)        x20:fffffe31  x2:10002cd8  PA:10002fa4
27372628ns          486081 1c0093e2 2d311723 sh               x19, 718(x2)        x19:ffffffcd  x2:10002cd8  PA:10002fa6
27372647ns          486082 1c0093e6 c33ff0ef jal              x1, -974             x1=1c0093e8
27372727ns          486086 1c009018 00051803 lh               x16, 0(x10)         x16=fffffe31 x10:10002fa4  PA:10002fa4
27372767ns          486088 1c00901c 00251883 lh               x17, 2(x10)         x17=ffffffcd x10:10002fa4  PA:10002fa6
27372826ns          486091 1c009020 030806b3 mul              x13, x16, x16       x13=00034561 x16:fffffe31 x16:fffffe31
27372866ns          486093 1c009024 03188633 mul              x12, x17, x17       x12=00000a29 x17:ffffffcd x17:ffffffcd
27372886ns          486094 1c009028 40a65613 srai             x12, x12, 0x40a     x12=00000002 x12:00000a29
27372906ns          486095 1c00902a 40a6d693 srai             x13, x13, 0x40a     x13=000000d1 x13:00034561
27372926ns          486096 1c00902c 00c686b3 add              x13, x13, x12       x13=000000d3 x13:000000d1 x12:00000002
27372946ns          486097 1c00902e 1006c633 p.exths          x12, x13, x0        x12=000000d3 x13:000000d3
27372966ns          486098 1c009032 00855703 lhu              x14, 8(x10)         x14=0000ffd1 x10:10002fa4  PA:10002fac
27372986ns          486099 1c009036 00a55683 lhu              x13, 10(x10)        x13=0000ff6a x10:10002fa4  PA:10002fae
27373005ns          486100 1c00903a 02c60333 mul              x6, x12, x12         x6=0000ade9 x12:000000d3 x12:000000d3
27373025ns          486101 1c00903e 00c55783 lhu              x15, 12(x10)        x15=0000ffe5 x10:10002fa4  PA:10002fb0
27373045ns          486102 1c009042 00e55583 lhu              x11, 14(x10)        x11=00000060 x10:10002fa4  PA:10002fb2
27373065ns          486103 1c009046 dea30333 p.extract        x6, x6, 15, 10       x6=0000002b  x6:0000ade9
27373085ns          486104 1c00904a 80c7075b p.muls           x14, x14, x12       x14=ffffd943 x14:0000ffd1 x12:000000d3
27373105ns          486105 1c00904e 80c686db p.muls           x13, x13, x12       x13=ffff845e x13:0000ff6a x12:000000d3
27373125ns          486106 1c009052 00455e83 lhu              x29, 4(x10)         x29=00000427 x10:10002fa4  PA:10002fa8
27373145ns          486107 1c009056 00655e03 lhu              x28, 6(x10)         x28=0000007f x10:10002fa4  PA:10002faa
27373165ns          486108 1c00905a 40a75713 srai             x14, x14, 0x40a     x14=fffffff6 x14:ffffd943
27373184ns          486109 1c00905c 806787db p.muls           x15, x15, x6        x15=fffffb77 x15:0000ffe5  x6:0000002b
27373204ns          486110 1c009060 40a6d693 srai             x13, x13, 0x40a     x13=ffffffe1 x13:ffff845e
27373244ns          486112 1c009062 8065865b p.muls           x12, x11, x6        x12=00001020 x11:00000060  x6:0000002b
27373264ns          486113 1c009066 40a7d793 srai             x15, x15, 0x40a     x15=fffffffe x15:fffffb77
27373284ns          486114 1c009068 40a65613 srai             x12, x12, 0x40a     x12=00000004 x12:00001020
27373304ns          486115 1c00906a 01d70733 add              x14, x14, x29       x14=0000041d x14:fffffff6 x29:00000427
27373324ns          486116 1c00906c 01c686b3 add              x13, x13, x28       x13=00000060 x13:ffffffe1 x28:0000007f
27373344ns          486117 1c00906e 00c686b3 add              x13, x13, x12       x13=00000064 x13:00000060 x12:00000004
27373363ns          486118 1c009070 00f70733 add              x14, x14, x15       x14=0000041b x14:0000041d x15:fffffffe
27373383ns          486119 1c009072 100747b3 p.exths          x15, x14, x0        x15=0000041b x14:0000041b
27373403ns          486120 1c009076 1006c733 p.exths          x14, x13, x0        x14=00000064 x13:00000064
27373423ns          486121 1c00907a 03170633 mul              x12, x14, x17       x12=ffffec14 x14:00000064 x17:ffffffcd
27373443ns          486122 1c00907e 030786b3 mul              x13, x15, x16       x13=fff8932b x15:0000041b x16:fffffe31
27373463ns          486123 1c009082 03070733 mul              x14, x14, x16       x14=ffff4b24 x14:00000064 x16:fffffe31
27373483ns          486124 1c009086 031787b3 mul              x15, x15, x17       x15=ffff2e9f x15:0000041b x17:ffffffcd
27373503ns          486125 1c00908a 40a6d693 srai             x13, x13, 0x40a     x13=fffffe24 x13:fff8932b
27373523ns          486126 1c00908c 40a65613 srai             x12, x12, 0x40a     x12=fffffffb x12:ffffec14
27373542ns          486127 1c00908e 40a7d793 srai             x15, x15, 0x40a     x15=ffffffcb x15:ffff2e9f
27373562ns          486128 1c009090 40a75713 srai             x14, x14, 0x40a     x14=ffffffd2 x14:ffff4b24
27373582ns          486129 1c009092 40c686b3 sub              x13, x13, x12       x13=fffffe29 x13:fffffe24 x12:fffffffb
27373602ns          486130 1c009094 00e787b3 add              x15, x15, x14       x15=ffffff9d x15:ffffffcb x14:ffffffd2
27373622ns          486131 1c009096 00d51823 sh               x13, 16(x10)        x13:fffffe29 x10:10002fa4  PA:10002fb4
27373642ns          486132 1c00909a 00f51923 sh               x15, 18(x10)        x15:ffffff9d x10:10002fa4  PA:10002fb6
27373662ns          486133 1c00909e 00008067 jalr             x0, x1, 0            x1:1c0093e8
27373741ns          486137 1c0093e8 2dc15583 lhu              x11, 732(x2)        x11=0000fe29  x2:10002cd8  PA:10002fb4
27373761ns          486138 1c0093ec 2de15783 lhu              x15, 734(x2)        x15=0000ff9d  x2:10002cd8  PA:10002fb6
27373781ns          486139 1c0093f0 40b90933 sub              x18, x18, x11       x18=fffefffa x18:fffffe23 x11:0000fe29
27373801ns          486140 1c0093f4 40f484b3 sub              x9, x9, x15          x9=ffff0066  x9:00000003 x15:0000ff9d
27373821ns          486141 1c0093f6 100945b3 p.exths          x11, x18, x0        x11=fffffffa x18:fffefffa
27373841ns          486142 1c0093fa 1004c7b3 p.exths          x15, x9, x0         x15=00000066  x9:ffff0066
27373861ns          486143 1c0093fe 034586b3 mul              x13, x11, x20       x13=00000ada x11:fffffffa x20:fffffe31
27373880ns          486144 1c009402 03378533 mul              x10, x15, x19       x10=ffffebae x15:00000066 x19:ffffffcd
27373900ns          486145 1c009406 034a0633 mul              x12, x20, x20       x12=00034561 x20:fffffe31 x20:fffffe31
27373920ns          486146 1c00940a 03398733 mul              x14, x19, x19       x14=00000a29 x19:ffffffcd x19:ffffffcd
27373940ns          486147 1c00940e 034787b3 mul              x15, x15, x20       x15=ffff4786 x15:00000066 x20:fffffe31
27373960ns          486148 1c009412 033585b3 mul              x11, x11, x19       x11=00000132 x11:fffffffa x19:ffffffcd
27373980ns          486149 1c009416 40a75713 srai             x14, x14, 0x40a     x14=00000002 x14:00000a29
27374000ns          486150 1c009418 40a5d593 srai             x11, x11, 0x40a     x11=00000000 x11:00000132
27374020ns          486151 1c00941a 40a65613 srai             x12, x12, 0x40a     x12=000000d1 x12:00034561
27374040ns          486152 1c00941c 40a7d793 srai             x15, x15, 0x40a     x15=ffffffd1 x15:ffff4786
27374059ns          486153 1c00941e 1c0034b7 lui              x9, 0x1c003000       x9=1c003000
27374079ns          486154 1c009422 00e60633 add              x12, x12, x14       x12=000000d3 x12:000000d1 x14:00000002
27374099ns          486155 1c009424 40b787b3 sub              x15, x15, x11       x15=ffffffd1 x15:ffffffd1 x11:00000000
27374119ns          486156 1c009426 eb048493 addi             x9, x9, -336         x9=1c002eb0  x9:1c003000
27374139ns          486157 1c00942a 1c0032b7 lui              x5, 0x1c003000       x5=1c003000
27374159ns          486158 1c00942e 1c0035b7 lui              x11, 0x1c003000     x11=1c003000
27374179ns          486159 1c009432 018483b3 add              x7, x9, x24          x7=1c002eba  x9:1c002eb0 x24:0000000a
27374199ns          486160 1c009436 02812e83 lw               x29, 40(x2)         x29=1c002eca  x2:10002cd8  PA:10002d00
27374219ns          486161 1c009438 10065633 p.exthz          x12, x12, x0        x12=000000d3 x12:000000d3
27374238ns          486162 1c00943c e8028293 addi             x5, x5, -384         x5=1c002e80  x5:1c003000
27374258ns          486163 1c009440 ea058593 addi             x11, x11, -352      x11=1c002ea0 x11:1c003000
27374298ns          486165 1c009444 03812483 lw               x9, 56(x2)           x9=1c002eea  x2:10002cd8  PA:10002d10
27374318ns          486166 1c009446 10064733 p.exths          x14, x12, x0        x14=000000d3 x12:000000d3
27374338ns          486167 1c00944a 018280b3 add              x1, x5, x24          x1=1c002e8a  x5:1c002e80 x24:0000000a
27374358ns          486168 1c00944e 03012f03 lw               x30, 48(x2)         x30=1c002eda  x2:10002cd8  PA:10002d08
27374398ns          486170 1c009450 018582b3 add              x5, x11, x24         x5=1c002eaa x11:1c002ea0 x24:0000000a
27374437ns          486172 1c009454 04012583 lw               x11, 64(x2)         x11=1c002efa  x2:10002cd8  PA:10002d18
27374457ns          486173 1c009456 000edd83 lhu              x27, 0(x29)         x27=0000174a x29:1c002eca  PA:1c002eca
27374756ns          486188 1c00945a 0004d483 lhu              x9, 0(x9)            x9=00000114  x9:1c002eea  PA:1c002eea
27375054ns          486203 1c00945e 02e70333 mul              x6, x14, x14         x6=0000ade9 x14:000000d3 x14:000000d3
27375074ns          486204 1c009462 40a55513 srai             x10, x10, 0x40a     x10=fffffffa x10:ffffebae
27375094ns          486205 1c009464 04812e83 lw               x29, 72(x2)         x29=1c002f0a  x2:10002cd8  PA:10002d20
27375114ns          486206 1c009466 40a6d693 srai             x13, x13, 0x40a     x13=00000002 x13:00000ada
27375133ns          486207 1c009468 000f5d03 lhu              x26, 0(x30)         x26=00000448 x30:1c002eda  PA:1c002eda
27375432ns          486222 1c00946c 0005d583 lhu              x11, 0(x11)         x11=00000058 x11:1c002efa  PA:1c002efa
27375750ns          486238 1c009470 40a35313 srai             x6, x6, 0x40a        x6=0000002b  x6:0000ade9
27375770ns          486239 1c009474 00a686b3 add              x13, x13, x10       x13=fffffffc x13:00000002 x10:fffffffa
27375790ns          486240 1c009476 05012f03 lw               x30, 80(x2)         x30=1c002e7a  x2:10002cd8  PA:10002d28
27375810ns          486241 1c009478 10034e33 p.exths          x28, x6, x0         x28=0000002b  x6:0000002b
27375830ns          486242 1c00947c 06911023 sh               x9, 96(x2)           x9:00000114  x2:10002cd8  PA:10002d38
27375849ns          486243 1c009480 000ede83 lhu              x29, 0(x29)         x29=0000001e x29:1c002f0a  PA:1c002f0a
27376148ns          486258 1c009484 05812483 lw               x9, 88(x2)           x9=1c002e6a  x2:10002cd8  PA:10002d30
27376168ns          486259 1c009486 1006d6b3 p.exthz          x13, x13, x0        x13=0000fffc x13:fffffffc
27376188ns          486260 1c00948a 02ee08b3 mul              x17, x28, x14       x17=00002371 x28:0000002b x14:000000d3
27376207ns          486261 1c00948e 1006c833 p.exths          x16, x13, x0        x16=fffffffc x13:0000fffc
27376227ns          486262 1c009492 06b11823 sh               x11, 112(x2)        x11:00000058  x2:10002cd8  PA:10002d48
27376247ns          486263 1c009496 000f5f03 lhu              x30, 0(x30)         x30=0000fedf x30:1c002e7a  PA:1c002e7a
27376565ns          486279 1c00949a 0a012583 lw               x11, 160(x2)        x11=1c002e9a  x2:10002cd8  PA:10002d78
27376585ns          486280 1c00949c 1007d7b3 p.exthz          x15, x15, x0        x15=0000ffd1 x15:ffffffd1
27376605ns          486281 1c0094a0 0004da03 lhu              x20, 0(x9)          x20=0000fb20  x9:1c002e6a  PA:1c002e6a
27376963ns          486299 1c0094a4 1007c533 p.exths          x10, x15, x0        x10=ffffffd1 x15:0000ffd1
27376983ns          486300 1c0094a8 09d11023 sh               x29, 128(x2)        x29:0000001e  x2:10002cd8  PA:10002d58
27377003ns          486301 1c0094ac 0003d483 lhu              x9, 0(x7)            x9=0000ffcb  x7:1c002eba  PA:1c002eba
27377301ns          486316 1c0094b0 02e80eb3 mul              x29, x16, x14       x29=fffffcb4 x16:fffffffc x14:000000d3
27377321ns          486317 1c0094b4 40a8d893 srai             x17, x17, 0x40a     x17=00000008 x17:00002371
27377341ns          486318 1c0094b8 03c80833 mul              x16, x16, x28       x16=ffffff54 x16:fffffffc x28:0000002b
27377361ns          486319 1c0094bc 09e11823 sh               x30, 144(x2)        x30:0000fedf  x2:10002cd8  PA:10002d68
27377381ns          486320 1c0094c0 0005d983 lhu              x19, 0(x11)         x19=0000ffa5 x11:1c002e9a  PA:1c002e9a
27377699ns          486336 1c0094c4 81c88f5b p.muls           x30, x17, x28       x30=00000158 x17:00000008 x28:0000002b
27377719ns          486337 1c0094c8 0002d583 lhu              x11, 0(x5)          x11=0000ff93  x5:1c002eaa  PA:1c002eaa
27378077ns          486355 1c0094cc 03ce0fb3 mul              x31, x28, x28       x31=00000739 x28:0000002b x28:0000002b
27378097ns          486356 1c0094d0 02e50733 mul              x14, x10, x14       x14=ffffd943 x10:ffffffd1 x14:000000d3
27378117ns          486357 1c0094d4 40a85813 srai             x16, x16, 0x40a     x16=ffffffff x16:ffffff54
27378137ns          486358 1c0094d8 03c50533 mul              x10, x10, x28       x10=fffff81b x10:ffffffd1 x28:0000002b
27378156ns          486359 1c0094dc 07015e03 lhu              x28, 112(x2)        x28=00000058  x2:10002cd8  PA:10002d48
27378196ns          486361 1c0094e0 01b60633 add              x12, x12, x27       x12=0000181d x12:000000d3 x27:0000174a
27378216ns          486362 1c0094e2 00980833 add              x16, x16, x9        x16=0000ffca x16:ffffffff  x9:0000ffcb
27378236ns          486363 1c0094e4 06015d83 lhu              x27, 96(x2)         x27=00000114  x2:10002cd8  PA:10002d38
27378256ns          486364 1c0094e8 02812483 lw               x9, 40(x2)           x9=1c002eca  x2:10002cd8  PA:10002d00
27378276ns          486365 1c0094ea 40afdf93 srai             x31, x31, 0x40a     x31=00000001 x31:00000739
27378296ns          486366 1c0094ee 40a55513 srai             x10, x10, 0x40a     x10=fffffffe x10:fffff81b
27378316ns          486367 1c0094f0 01cf8fb3 add              x31, x31, x28       x31=00000059 x31:00000001 x28:00000058
27378335ns          486368 1c0094f2 00b50533 add              x10, x10, x11       x10=0000ff91 x10:fffffffe x11:0000ff93
27378355ns          486369 1c0094f4 09015e03 lhu              x28, 144(x2)        x28=0000fedf  x2:10002cd8  PA:10002d68
27378375ns          486370 1c0094f8 03012583 lw               x11, 48(x2)         x11=1c002eda  x2:10002cd8  PA:10002d08
27378395ns          486371 1c0094fa 00c49023 sh               x12, 0(x9)          x12:0000181d  x9:1c002eca  PA:1c002eca
27378713ns          486387 1c0094fe 01b888b3 add              x17, x17, x27       x17=0000011c x17:00000008 x27:00000114
27378733ns          486388 1c009500 01a30333 add              x6, x6, x26          x6=00000473  x6:0000002b x26:00000448
27378753ns          486389 1c009502 08015d83 lhu              x27, 128(x2)        x27=0000001e  x2:10002cd8  PA:10002d58
27378773ns          486390 1c009506 0000d903 lhu              x18, 0(x1)          x18=0000fed8  x1:1c002e8a  PA:1c002e8a
27379071ns          486405 1c00950a 01c686b3 add              x13, x13, x28       x13=0001fedb x13:0000fffc x28:0000fedf
27379091ns          486406 1c00950c 00659023 sh               x6, 0(x11)           x6:00000473 x11:1c002eda  PA:1c002eda
27379429ns          486423 1c009510 40af5f13 srai             x30, x30, 0x40a     x30=00000000 x30:00000158
27379449ns          486424 1c009514 04812e03 lw               x28, 72(x2)         x28=1c002f0a  x2:10002cd8  PA:10002d20
27379469ns          486425 1c009516 01bf0f33 add              x30, x30, x27       x30=0000001e x30:00000000 x27:0000001e
27379489ns          486426 1c009518 40aede93 srai             x29, x29, 0x40a     x29=ffffffff x29:fffffcb4
27379509ns          486427 1c00951c 40a75713 srai             x14, x14, 0x40a     x14=fffffff6 x14:ffffd943
27379529ns          486428 1c00951e 03812603 lw               x12, 56(x2)         x12=1c002eea  x2:10002cd8  PA:10002d10
27379549ns          486429 1c009520 04012d83 lw               x27, 64(x2)         x27=1c002efa  x2:10002cd8  PA:10002d18
27379568ns          486430 1c009522 01ee1023 sh               x30, 0(x28)         x30:0000001e x28:1c002f0a  PA:1c002f0a
27379907ns          486447 1c009526 05812483 lw               x9, 88(x2)           x9=1c002e6a  x2:10002cd8  PA:10002d30
27379926ns          486448 1c009528 05012f03 lw               x30, 80(x2)         x30=1c002e7a  x2:10002cd8  PA:10002d28
27379946ns          486449 1c00952a 0a012583 lw               x11, 160(x2)        x11=1c002e9a  x2:10002cd8  PA:10002d78
27379966ns          486450 1c00952c 014787b3 add              x15, x15, x20       x15=0001faf1 x15:0000ffd1 x20:0000fb20
27379986ns          486451 1c00952e 013e8eb3 add              x29, x29, x19       x29=0000ffa4 x29:ffffffff x19:0000ffa5
27380006ns          486452 1c009530 01270733 add              x14, x14, x18       x14=0000fece x14:fffffff6 x18:0000fed8
27380026ns          486453 1c009532 00f49023 sh               x15, 0(x9)          x15:0001faf1  x9:1c002e6a  PA:1c002e6a
27380344ns          486469 1c009536 01161023 sh               x17, 0(x12)         x17:0000011c x12:1c002eea  PA:1c002eea
27380662ns          486485 1c00953a 01fd9023 sh               x31, 0(x27)         x31:00000059 x27:1c002efa  PA:1c002efa
27381000ns          486502 1c00953e 00df1023 sh               x13, 0(x30)         x13:0001fedb x30:1c002e7a  PA:1c002e7a
27381319ns          486518 1c009542 01d59023 sh               x29, 0(x11)         x29:0000ffa4 x11:1c002e9a  PA:1c002e9a
27381637ns          486534 1c009546 00e09023 sh               x14, 0(x1)          x14:0000fece  x1:1c002e8a  PA:1c002e8a
27381955ns          486550 1c00954a 01039023 sh               x16, 0(x7)          x16:0000ffca  x7:1c002eba  PA:1c002eba
27382273ns          486566 1c00954e 00a29023 sh               x10, 0(x5)          x10:0000ff91  x5:1c002eaa  PA:1c002eaa
27382591ns          486582 1c009552 008b0b13 addi             x22, x22, 8         x22=000001cd x22:000001c5
27382611ns          486583 1c009554 1f300793 addi             x15, x0, 499        x15=000001f3
27382631ns          486584 1c009558 e767dae3 bge              x15, x22, -396      x15:000001f3 x22:000001cd
27382691ns          486587 1c0093cc 010c9a0b p.lh             x20, 16(x25!)       x20=000000c7 x25=1c002a32 x25:1c002a22  PA:1c002a22
27383049ns          486605 1c0093d0 0104198b p.lh             x19, 16(x8!)        x19=fffffe79  x8=1c0021fa  x8:1c0021ea  PA:1c0021ea
27383347ns          486620 1c0093d4 2cc10513 addi             x10, x2, 716        x10=10002fa4  x2:10002cd8
27383367ns          486621 1c0093d6 010a990b p.lh             x18, 16(x21!)       x18=0000009d x21=1c001a26 x21:1c001a16  PA:1c001a16
27383705ns          486638 1c0093da 010b948b p.lh             x9, 16(x23!)         x9=fffffe6f x23=1c001256 x23:1c001246  PA:1c001246
27384043ns          486655 1c0093de 2d411623 sh               x20, 716(x2)        x20:000000c7  x2:10002cd8  PA:10002fa4
27384063ns          486656 1c0093e2 2d311723 sh               x19, 718(x2)        x19:fffffe79  x2:10002cd8  PA:10002fa6
27384083ns          486657 1c0093e6 c33ff0ef jal              x1, -974             x1=1c0093e8
27384163ns          486661 1c009018 00051803 lh               x16, 0(x10)         x16=000000c7 x10:10002fa4  PA:10002fa4
27384202ns          486663 1c00901c 00251883 lh               x17, 2(x10)         x17=fffffe79 x10:10002fa4  PA:10002fa6
27384222ns          486664 1c009020 030806b3 mul              x13, x16, x16       x13=00009ab1 x16:000000c7 x16:000000c7
27384242ns          486665 1c009024 03188633 mul              x12, x17, x17       x12=00025531 x17:fffffe79 x17:fffffe79
27384262ns          486666 1c009028 40a65613 srai             x12, x12, 0x40a     x12=00000095 x12:00025531
27384282ns          486667 1c00902a 40a6d693 srai             x13, x13, 0x40a     x13=00000026 x13:00009ab1
27384302ns          486668 1c00902c 00c686b3 add              x13, x13, x12       x13=000000bb x13:00000026 x12:00000095
27384322ns          486669 1c00902e 1006c633 p.exths          x12, x13, x0        x12=000000bb x13:000000bb
27384342ns          486670 1c009032 00855703 lhu              x14, 8(x10)         x14=0000ffd1 x10:10002fa4  PA:10002fac
27384361ns          486671 1c009036 00a55683 lhu              x13, 10(x10)        x13=0000ff6a x10:10002fa4  PA:10002fae
27384381ns          486672 1c00903a 02c60333 mul              x6, x12, x12         x6=00008899 x12:000000bb x12:000000bb
27384401ns          486673 1c00903e 00c55783 lhu              x15, 12(x10)        x15=0000ffe5 x10:10002fa4  PA:10002fb0
27384421ns          486674 1c009042 00e55583 lhu              x11, 14(x10)        x11=00000060 x10:10002fa4  PA:10002fb2
27384441ns          486675 1c009046 dea30333 p.extract        x6, x6, 15, 10       x6=00000022  x6:00008899
27384461ns          486676 1c00904a 80c7075b p.muls           x14, x14, x12       x14=ffffddab x14:0000ffd1 x12:000000bb
27384501ns          486678 1c00904e 80c686db p.muls           x13, x13, x12       x13=ffff926e x13:0000ff6a x12:000000bb
27384540ns          486680 1c009052 00455e83 lhu              x29, 4(x10)         x29=00000427 x10:10002fa4  PA:10002fa8
27384560ns          486681 1c009056 00655e03 lhu              x28, 6(x10)         x28=0000007f x10:10002fa4  PA:10002faa
27384580ns          486682 1c00905a 40a75713 srai             x14, x14, 0x40a     x14=fffffff7 x14:ffffddab
27384600ns          486683 1c00905c 806787db p.muls           x15, x15, x6        x15=fffffc6a x15:0000ffe5  x6:00000022
27384640ns          486685 1c009060 40a6d693 srai             x13, x13, 0x40a     x13=ffffffe4 x13:ffff926e
27384680ns          486687 1c009062 8065865b p.muls           x12, x11, x6        x12=00000cc0 x11:00000060  x6:00000022
27384700ns          486688 1c009066 40a7d793 srai             x15, x15, 0x40a     x15=ffffffff x15:fffffc6a
27384719ns          486689 1c009068 40a65613 srai             x12, x12, 0x40a     x12=00000003 x12:00000cc0
27384739ns          486690 1c00906a 01d70733 add              x14, x14, x29       x14=0000041e x14:fffffff7 x29:00000427
27384759ns          486691 1c00906c 01c686b3 add              x13, x13, x28       x13=00000063 x13:ffffffe4 x28:0000007f
27384779ns          486692 1c00906e 00c686b3 add              x13, x13, x12       x13=00000066 x13:00000063 x12:00000003
27384799ns          486693 1c009070 00f70733 add              x14, x14, x15       x14=0000041d x14:0000041e x15:ffffffff
27384819ns          486694 1c009072 100747b3 p.exths          x15, x14, x0        x15=0000041d x14:0000041d
27384839ns          486695 1c009076 1006c733 p.exths          x14, x13, x0        x14=00000066 x13:00000066
27384859ns          486696 1c00907a 03170633 mul              x12, x14, x17       x12=ffff6436 x14:00000066 x17:fffffe79
27384879ns          486697 1c00907e 030786b3 mul              x13, x15, x16       x13=0003328b x15:0000041d x16:000000c7
27384898ns          486698 1c009082 03070733 mul              x14, x14, x16       x14=00004f4a x14:00000066 x16:000000c7
27384918ns          486699 1c009086 031787b3 mul              x15, x15, x17       x15=fff9b7b5 x15:0000041d x17:fffffe79
27384938ns          486700 1c00908a 40a6d693 srai             x13, x13, 0x40a     x13=000000cc x13:0003328b
27384958ns          486701 1c00908c 40a65613 srai             x12, x12, 0x40a     x12=ffffffd9 x12:ffff6436
27384978ns          486702 1c00908e 40a7d793 srai             x15, x15, 0x40a     x15=fffffe6d x15:fff9b7b5
27384998ns          486703 1c009090 40a75713 srai             x14, x14, 0x40a     x14=00000013 x14:00004f4a
27385018ns          486704 1c009092 40c686b3 sub              x13, x13, x12       x13=000000f3 x13:000000cc x12:ffffffd9
27385038ns          486705 1c009094 00e787b3 add              x15, x15, x14       x15=fffffe80 x15:fffffe6d x14:00000013
27385058ns          486706 1c009096 00d51823 sh               x13, 16(x10)        x13:000000f3 x10:10002fa4  PA:10002fb4
27385077ns          486707 1c00909a 00f51923 sh               x15, 18(x10)        x15:fffffe80 x10:10002fa4  PA:10002fb6
27385097ns          486708 1c00909e 00008067 jalr             x0, x1, 0            x1:1c0093e8
27385137ns          486710 1c0093e8 2dc15583 lhu              x11, 732(x2)        x11=000000f3  x2:10002cd8  PA:10002fb4
27385157ns          486711 1c0093ec 2de15783 lhu              x15, 734(x2)        x15=0000fe80  x2:10002cd8  PA:10002fb6
27385177ns          486712 1c0093f0 40b90933 sub              x18, x18, x11       x18=ffffffaa x18:0000009d x11:000000f3
27385197ns          486713 1c0093f4 40f484b3 sub              x9, x9, x15          x9=fffeffef  x9:fffffe6f x15:0000fe80
27385217ns          486714 1c0093f6 100945b3 p.exths          x11, x18, x0        x11=ffffffaa x18:ffffffaa
27385237ns          486715 1c0093fa 1004c7b3 p.exths          x15, x9, x0         x15=ffffffef  x9:fffeffef
27385256ns          486716 1c0093fe 034586b3 mul              x13, x11, x20       x13=ffffbd26 x11:ffffffaa x20:000000c7
27385276ns          486717 1c009402 03378533 mul              x10, x15, x19       x10=000019f7 x15:ffffffef x19:fffffe79
27385296ns          486718 1c009406 034a0633 mul              x12, x20, x20       x12=00009ab1 x20:000000c7 x20:000000c7
27385316ns          486719 1c00940a 03398733 mul              x14, x19, x19       x14=00025531 x19:fffffe79 x19:fffffe79
27385336ns          486720 1c00940e 034787b3 mul              x15, x15, x20       x15=fffff2c9 x15:ffffffef x20:000000c7
27385356ns          486721 1c009412 033585b3 mul              x11, x11, x19       x11=0000835a x11:ffffffaa x19:fffffe79
27385376ns          486722 1c009416 40a75713 srai             x14, x14, 0x40a     x14=00000095 x14:00025531
27385396ns          486723 1c009418 40a5d593 srai             x11, x11, 0x40a     x11=00000020 x11:0000835a
27385416ns          486724 1c00941a 40a65613 srai             x12, x12, 0x40a     x12=00000026 x12:00009ab1
27385435ns          486725 1c00941c 40a7d793 srai             x15, x15, 0x40a     x15=fffffffc x15:fffff2c9
27385455ns          486726 1c00941e 1c0034b7 lui              x9, 0x1c003000       x9=1c003000
27385475ns          486727 1c009422 00e60633 add              x12, x12, x14       x12=000000bb x12:00000026 x14:00000095
27385495ns          486728 1c009424 40b787b3 sub              x15, x15, x11       x15=ffffffdc x15:fffffffc x11:00000020
27385515ns          486729 1c009426 eb048493 addi             x9, x9, -336         x9=1c002eb0  x9:1c003000
27385535ns          486730 1c00942a 1c0032b7 lui              x5, 0x1c003000       x5=1c003000
27385555ns          486731 1c00942e 1c0035b7 lui              x11, 0x1c003000     x11=1c003000
27385575ns          486732 1c009432 018483b3 add              x7, x9, x24          x7=1c002eba  x9:1c002eb0 x24:0000000a
27385595ns          486733 1c009436 02812e83 lw               x29, 40(x2)         x29=1c002eca  x2:10002cd8  PA:10002d00
27385614ns          486734 1c009438 10065633 p.exthz          x12, x12, x0        x12=000000bb x12:000000bb
27385634ns          486735 1c00943c e8028293 addi             x5, x5, -384         x5=1c002e80  x5:1c003000
27385654ns          486736 1c009440 ea058593 addi             x11, x11, -352      x11=1c002ea0 x11:1c003000
27385674ns          486737 1c009444 03812483 lw               x9, 56(x2)           x9=1c002eea  x2:10002cd8  PA:10002d10
27385694ns          486738 1c009446 10064733 p.exths          x14, x12, x0        x14=000000bb x12:000000bb
27385714ns          486739 1c00944a 018280b3 add              x1, x5, x24          x1=1c002e8a  x5:1c002e80 x24:0000000a
27385734ns          486740 1c00944e 03012f03 lw               x30, 48(x2)         x30=1c002eda  x2:10002cd8  PA:10002d08
27385754ns          486741 1c009450 018582b3 add              x5, x11, x24         x5=1c002eaa x11:1c002ea0 x24:0000000a
27385774ns          486742 1c009454 04012583 lw               x11, 64(x2)         x11=1c002efa  x2:10002cd8  PA:10002d18
27385813ns          486744 1c009456 000edd83 lhu              x27, 0(x29)         x27=0000181d x29:1c002eca  PA:1c002eca
27386112ns          486759 1c00945a 0004d483 lhu              x9, 0(x9)            x9=0000011c  x9:1c002eea  PA:1c002eea
27386410ns          486774 1c00945e 02e70333 mul              x6, x14, x14         x6=00008899 x14:000000bb x14:000000bb
27386430ns          486775 1c009462 40a55513 srai             x10, x10, 0x40a     x10=00000006 x10:000019f7
27386450ns          486776 1c009464 04812e83 lw               x29, 72(x2)         x29=1c002f0a  x2:10002cd8  PA:10002d20
27386470ns          486777 1c009466 40a6d693 srai             x13, x13, 0x40a     x13=ffffffef x13:ffffbd26
27386489ns          486778 1c009468 000f5d03 lhu              x26, 0(x30)         x26=00000473 x30:1c002eda  PA:1c002eda
27386788ns          486793 1c00946c 0005d583 lhu              x11, 0(x11)         x11=00000059 x11:1c002efa  PA:1c002efa
27387086ns          486808 1c009470 40a35313 srai             x6, x6, 0x40a        x6=00000022  x6:00008899
27387106ns          486809 1c009474 00a686b3 add              x13, x13, x10       x13=fffffff5 x13:ffffffef x10:00000006
27387126ns          486810 1c009476 05012f03 lw               x30, 80(x2)         x30=1c002e7a  x2:10002cd8  PA:10002d28
27387146ns          486811 1c009478 10034e33 p.exths          x28, x6, x0         x28=00000022  x6:00000022
27387166ns          486812 1c00947c 06911023 sh               x9, 96(x2)           x9:0000011c  x2:10002cd8  PA:10002d38
27387186ns          486813 1c009480 000ede83 lhu              x29, 0(x29)         x29=0000001e x29:1c002f0a  PA:1c002f0a
27387484ns          486828 1c009484 05812483 lw               x9, 88(x2)           x9=1c002e6a  x2:10002cd8  PA:10002d30
27387504ns          486829 1c009486 1006d6b3 p.exthz          x13, x13, x0        x13=0000fff5 x13:fffffff5
27387524ns          486830 1c00948a 02ee08b3 mul              x17, x28, x14       x17=000018d6 x28:00000022 x14:000000bb
27387544ns          486831 1c00948e 1006c833 p.exths          x16, x13, x0        x16=fffffff5 x13:0000fff5
27387563ns          486832 1c009492 06b11823 sh               x11, 112(x2)        x11:00000059  x2:10002cd8  PA:10002d48
27387583ns          486833 1c009496 000f5f03 lhu              x30, 0(x30)         x30=0000fedb x30:1c002e7a  PA:1c002e7a
27387921ns          486850 1c00949a 0a012583 lw               x11, 160(x2)        x11=1c002e9a  x2:10002cd8  PA:10002d78
27387941ns          486851 1c00949c 1007d7b3 p.exthz          x15, x15, x0        x15=0000ffdc x15:ffffffdc
27387961ns          486852 1c0094a0 0004da03 lhu              x20, 0(x9)          x20=0000faf1  x9:1c002e6a  PA:1c002e6a
27388260ns          486867 1c0094a4 1007c533 p.exths          x10, x15, x0        x10=ffffffdc x15:0000ffdc
27388279ns          486868 1c0094a8 09d11023 sh               x29, 128(x2)        x29:0000001e  x2:10002cd8  PA:10002d58
27388299ns          486869 1c0094ac 0003d483 lhu              x9, 0(x7)            x9=0000ffca  x7:1c002eba  PA:1c002eba
27388618ns          486885 1c0094b0 02e80eb3 mul              x29, x16, x14       x29=fffff7f7 x16:fffffff5 x14:000000bb
27388637ns          486886 1c0094b4 40a8d893 srai             x17, x17, 0x40a     x17=00000006 x17:000018d6
27388657ns          486887 1c0094b8 03c80833 mul              x16, x16, x28       x16=fffffe8a x16:fffffff5 x28:00000022
27388677ns          486888 1c0094bc 09e11823 sh               x30, 144(x2)        x30:0000fedb  x2:10002cd8  PA:10002d68
27388697ns          486889 1c0094c0 0005d983 lhu              x19, 0(x11)         x19=0000ffa4 x11:1c002e9a  PA:1c002e9a
27389095ns          486909 1c0094c4 81c88f5b p.muls           x30, x17, x28       x30=000000cc x17:00000006 x28:00000022
27389115ns          486910 1c0094c8 0002d583 lhu              x11, 0(x5)          x11=0000ff91  x5:1c002eaa  PA:1c002eaa
27389473ns          486928 1c0094cc 03ce0fb3 mul              x31, x28, x28       x31=00000484 x28:00000022 x28:00000022
27389493ns          486929 1c0094d0 02e50733 mul              x14, x10, x14       x14=ffffe5b4 x10:ffffffdc x14:000000bb
27389512ns          486930 1c0094d4 40a85813 srai             x16, x16, 0x40a     x16=ffffffff x16:fffffe8a
27389532ns          486931 1c0094d8 03c50533 mul              x10, x10, x28       x10=fffffb38 x10:ffffffdc x28:00000022
27389552ns          486932 1c0094dc 07015e03 lhu              x28, 112(x2)        x28=00000059  x2:10002cd8  PA:10002d48
27389572ns          486933 1c0094e0 01b60633 add              x12, x12, x27       x12=000018d8 x12:000000bb x27:0000181d
27389592ns          486934 1c0094e2 00980833 add              x16, x16, x9        x16=0000ffc9 x16:ffffffff  x9:0000ffca
27389612ns          486935 1c0094e4 06015d83 lhu              x27, 96(x2)         x27=0000011c  x2:10002cd8  PA:10002d38
27389632ns          486936 1c0094e8 02812483 lw               x9, 40(x2)           x9=1c002eca  x2:10002cd8  PA:10002d00
27389652ns          486937 1c0094ea 40afdf93 srai             x31, x31, 0x40a     x31=00000001 x31:00000484
27389672ns          486938 1c0094ee 40a55513 srai             x10, x10, 0x40a     x10=fffffffe x10:fffffb38
27389691ns          486939 1c0094f0 01cf8fb3 add              x31, x31, x28       x31=0000005a x31:00000001 x28:00000059
27389711ns          486940 1c0094f2 00b50533 add              x10, x10, x11       x10=0000ff8f x10:fffffffe x11:0000ff91
27389731ns          486941 1c0094f4 09015e03 lhu              x28, 144(x2)        x28=0000fedb  x2:10002cd8  PA:10002d68
27389751ns          486942 1c0094f8 03012583 lw               x11, 48(x2)         x11=1c002eda  x2:10002cd8  PA:10002d08
27389771ns          486943 1c0094fa 00c49023 sh               x12, 0(x9)          x12:000018d8  x9:1c002eca  PA:1c002eca
27390109ns          486960 1c0094fe 01b888b3 add              x17, x17, x27       x17=00000122 x17:00000006 x27:0000011c
27390129ns          486961 1c009500 01a30333 add              x6, x6, x26          x6=00000495  x6:00000022 x26:00000473
27390149ns          486962 1c009502 08015d83 lhu              x27, 128(x2)        x27=0000001e  x2:10002cd8  PA:10002d58
27390189ns          486964 1c009506 0000d903 lhu              x18, 0(x1)          x18=0000fece  x1:1c002e8a  PA:1c002e8a
27390586ns          486984 1c00950a 01c686b3 add              x13, x13, x28       x13=0001fed0 x13:0000fff5 x28:0000fedb
27390606ns          486985 1c00950c 00659023 sh               x6, 0(x11)           x6:00000495 x11:1c002eda  PA:1c002eda
27390944ns          487002 1c009510 40af5f13 srai             x30, x30, 0x40a     x30=00000000 x30:000000cc
27390964ns          487003 1c009514 04812e03 lw               x28, 72(x2)         x28=1c002f0a  x2:10002cd8  PA:10002d20
27390984ns          487004 1c009516 01bf0f33 add              x30, x30, x27       x30=0000001e x30:00000000 x27:0000001e
27391004ns          487005 1c009518 40aede93 srai             x29, x29, 0x40a     x29=fffffffd x29:fffff7f7
27391024ns          487006 1c00951c 40a75713 srai             x14, x14, 0x40a     x14=fffffff9 x14:ffffe5b4
27391044ns          487007 1c00951e 03812603 lw               x12, 56(x2)         x12=1c002eea  x2:10002cd8  PA:10002d10
27391064ns          487008 1c009520 04012d83 lw               x27, 64(x2)         x27=1c002efa  x2:10002cd8  PA:10002d18
27391084ns          487009 1c009522 01ee1023 sh               x30, 0(x28)         x30:0000001e x28:1c002f0a  PA:1c002f0a
27391402ns          487025 1c009526 05812483 lw               x9, 88(x2)           x9=1c002e6a  x2:10002cd8  PA:10002d30
27391422ns          487026 1c009528 05012f03 lw               x30, 80(x2)         x30=1c002e7a  x2:10002cd8  PA:10002d28
27391442ns          487027 1c00952a 0a012583 lw               x11, 160(x2)        x11=1c002e9a  x2:10002cd8  PA:10002d78
27391461ns          487028 1c00952c 014787b3 add              x15, x15, x20       x15=0001facd x15:0000ffdc x20:0000faf1
27391481ns          487029 1c00952e 013e8eb3 add              x29, x29, x19       x29=0000ffa1 x29:fffffffd x19:0000ffa4
27391501ns          487030 1c009530 01270733 add              x14, x14, x18       x14=0000fec7 x14:fffffff9 x18:0000fece
27391521ns          487031 1c009532 00f49023 sh               x15, 0(x9)          x15:0001facd  x9:1c002e6a  PA:1c002e6a
27391859ns          487048 1c009536 01161023 sh               x17, 0(x12)         x17:00000122 x12:1c002eea  PA:1c002eea
27392177ns          487064 1c00953a 01fd9023 sh               x31, 0(x27)         x31:0000005a x27:1c002efa  PA:1c002efa
27392516ns          487081 1c00953e 00df1023 sh               x13, 0(x30)         x13:0001fed0 x30:1c002e7a  PA:1c002e7a
27392834ns          487097 1c009542 01d59023 sh               x29, 0(x11)         x29:0000ffa1 x11:1c002e9a  PA:1c002e9a
27393152ns          487113 1c009546 00e09023 sh               x14, 0(x1)          x14:0000fec7  x1:1c002e8a  PA:1c002e8a
27393490ns          487130 1c00954a 01039023 sh               x16, 0(x7)          x16:0000ffc9  x7:1c002eba  PA:1c002eba
27393808ns          487146 1c00954e 00a29023 sh               x10, 0(x5)          x10:0000ff8f  x5:1c002eaa  PA:1c002eaa
27394146ns          487163 1c009552 008b0b13 addi             x22, x22, 8         x22=000001d5 x22:000001cd
27394166ns          487164 1c009554 1f300793 addi             x15, x0, 499        x15=000001f3
27394186ns          487165 1c009558 e767dae3 bge              x15, x22, -396      x15:000001f3 x22:000001d5
27394325ns          487172 1c0093cc 010c9a0b p.lh             x20, 16(x25!)       x20=ffffff90 x25=1c002a42 x25:1c002a32  PA:1c002a32
27394644ns          487188 1c0093d0 0104198b p.lh             x19, 16(x8!)        x19=000000cf  x8=1c00220a  x8:1c0021fa  PA:1c0021fa
27394942ns          487203 1c0093d4 2cc10513 addi             x10, x2, 716        x10=10002fa4  x2:10002cd8
27394962ns          487204 1c0093d6 010a990b p.lh             x18, 16(x21!)       x18=ffffff9d x21=1c001a36 x21:1c001a26  PA:1c001a26
27395260ns          487219 1c0093da 010b948b p.lh             x9, 16(x23!)         x9=000000d8 x23=1c001266 x23:1c001256  PA:1c001256
27395598ns          487236 1c0093de 2d411623 sh               x20, 716(x2)        x20:ffffff90  x2:10002cd8  PA:10002fa4
27395618ns          487237 1c0093e2 2d311723 sh               x19, 718(x2)        x19:000000cf  x2:10002cd8  PA:10002fa6
27395638ns          487238 1c0093e6 c33ff0ef jal              x1, -974             x1=1c0093e8
27395678ns          487240 1c009018 00051803 lh               x16, 0(x10)         x16=ffffff90 x10:10002fa4  PA:10002fa4
27395698ns          487241 1c00901c 00251883 lh               x17, 2(x10)         x17=000000cf x10:10002fa4  PA:10002fa6
27395718ns          487242 1c009020 030806b3 mul              x13, x16, x16       x13=00003100 x16:ffffff90 x16:ffffff90
27395737ns          487243 1c009024 03188633 mul              x12, x17, x17       x12=0000a761 x17:000000cf x17:000000cf
27395757ns          487244 1c009028 40a65613 srai             x12, x12, 0x40a     x12=00000029 x12:0000a761
27395777ns          487245 1c00902a 40a6d693 srai             x13, x13, 0x40a     x13=0000000c x13:00003100
27395797ns          487246 1c00902c 00c686b3 add              x13, x13, x12       x13=00000035 x13:0000000c x12:00000029
27395817ns          487247 1c00902e 1006c633 p.exths          x12, x13, x0        x12=00000035 x13:00000035
27395837ns          487248 1c009032 00855703 lhu              x14, 8(x10)         x14=0000ffd1 x10:10002fa4  PA:10002fac
27395857ns          487249 1c009036 00a55683 lhu              x13, 10(x10)        x13=0000ff6a x10:10002fa4  PA:10002fae
27395877ns          487250 1c00903a 02c60333 mul              x6, x12, x12         x6=00000af9 x12:00000035 x12:00000035
27395897ns          487251 1c00903e 00c55783 lhu              x15, 12(x10)        x15=0000ffe5 x10:10002fa4  PA:10002fb0
27395916ns          487252 1c009042 00e55583 lhu              x11, 14(x10)        x11=00000060 x10:10002fa4  PA:10002fb2
27395936ns          487253 1c009046 dea30333 p.extract        x6, x6, 15, 10       x6=00000002  x6:00000af9
27395956ns          487254 1c00904a 80c7075b p.muls           x14, x14, x12       x14=fffff645 x14:0000ffd1 x12:00000035
27395996ns          487256 1c00904e 80c686db p.muls           x13, x13, x12       x13=ffffe0f2 x13:0000ff6a x12:00000035
27396036ns          487258 1c009052 00455e83 lhu              x29, 4(x10)         x29=00000427 x10:10002fa4  PA:10002fa8
27396056ns          487259 1c009056 00655e03 lhu              x28, 6(x10)         x28=0000007f x10:10002fa4  PA:10002faa
27396076ns          487260 1c00905a 40a75713 srai             x14, x14, 0x40a     x14=fffffffd x14:fffff645
27396095ns          487261 1c00905c 806787db p.muls           x15, x15, x6        x15=ffffffca x15:0000ffe5  x6:00000002
27396115ns          487262 1c009060 40a6d693 srai             x13, x13, 0x40a     x13=fffffff8 x13:ffffe0f2
27396135ns          487263 1c009062 8065865b p.muls           x12, x11, x6        x12=000000c0 x11:00000060  x6:00000002
27396155ns          487264 1c009066 40a7d793 srai             x15, x15, 0x40a     x15=ffffffff x15:ffffffca
27396175ns          487265 1c009068 40a65613 srai             x12, x12, 0x40a     x12=00000000 x12:000000c0
27396195ns          487266 1c00906a 01d70733 add              x14, x14, x29       x14=00000424 x14:fffffffd x29:00000427
27396215ns          487267 1c00906c 01c686b3 add              x13, x13, x28       x13=00000077 x13:fffffff8 x28:0000007f
27396235ns          487268 1c00906e 00c686b3 add              x13, x13, x12       x13=00000077 x13:00000077 x12:00000000
27396254ns          487269 1c009070 00f70733 add              x14, x14, x15       x14=00000423 x14:00000424 x15:ffffffff
27396274ns          487270 1c009072 100747b3 p.exths          x15, x14, x0        x15=00000423 x14:00000423
27396294ns          487271 1c009076 1006c733 p.exths          x14, x13, x0        x14=00000077 x13:00000077
27396314ns          487272 1c00907a 03170633 mul              x12, x14, x17       x12=00006039 x14:00000077 x17:000000cf
27396334ns          487273 1c00907e 030786b3 mul              x13, x15, x16       x13=fffe30b0 x15:00000423 x16:ffffff90
27396354ns          487274 1c009082 03070733 mul              x14, x14, x16       x14=ffffcbf0 x14:00000077 x16:ffffff90
27396374ns          487275 1c009086 031787b3 mul              x15, x15, x17       x15=0003584d x15:00000423 x17:000000cf
27396394ns          487276 1c00908a 40a6d693 srai             x13, x13, 0x40a     x13=ffffff8c x13:fffe30b0
27396414ns          487277 1c00908c 40a65613 srai             x12, x12, 0x40a     x12=00000018 x12:00006039
27396433ns          487278 1c00908e 40a7d793 srai             x15, x15, 0x40a     x15=000000d6 x15:0003584d
27396453ns          487279 1c009090 40a75713 srai             x14, x14, 0x40a     x14=fffffff2 x14:ffffcbf0
27396473ns          487280 1c009092 40c686b3 sub              x13, x13, x12       x13=ffffff74 x13:ffffff8c x12:00000018
27396493ns          487281 1c009094 00e787b3 add              x15, x15, x14       x15=000000c8 x15:000000d6 x14:fffffff2
27396513ns          487282 1c009096 00d51823 sh               x13, 16(x10)        x13:ffffff74 x10:10002fa4  PA:10002fb4
27396533ns          487283 1c00909a 00f51923 sh               x15, 18(x10)        x15:000000c8 x10:10002fa4  PA:10002fb6
27396553ns          487284 1c00909e 00008067 jalr             x0, x1, 0            x1:1c0093e8
27396593ns          487286 1c0093e8 2dc15583 lhu              x11, 732(x2)        x11=0000ff74  x2:10002cd8  PA:10002fb4
27396612ns          487287 1c0093ec 2de15783 lhu              x15, 734(x2)        x15=000000c8  x2:10002cd8  PA:10002fb6
27396632ns          487288 1c0093f0 40b90933 sub              x18, x18, x11       x18=ffff0029 x18:ffffff9d x11:0000ff74
27396652ns          487289 1c0093f4 40f484b3 sub              x9, x9, x15          x9=00000010  x9:000000d8 x15:000000c8
27396672ns          487290 1c0093f6 100945b3 p.exths          x11, x18, x0        x11=00000029 x18:ffff0029
27396692ns          487291 1c0093fa 1004c7b3 p.exths          x15, x9, x0         x15=00000010  x9:00000010
27396712ns          487292 1c0093fe 034586b3 mul              x13, x11, x20       x13=ffffee10 x11:00000029 x20:ffffff90
27396732ns          487293 1c009402 03378533 mul              x10, x15, x19       x10=00000cf0 x15:00000010 x19:000000cf
27396752ns          487294 1c009406 034a0633 mul              x12, x20, x20       x12=00003100 x20:ffffff90 x20:ffffff90
27396772ns          487295 1c00940a 03398733 mul              x14, x19, x19       x14=0000a761 x19:000000cf x19:000000cf
27396791ns          487296 1c00940e 034787b3 mul              x15, x15, x20       x15=fffff900 x15:00000010 x20:ffffff90
27396811ns          487297 1c009412 033585b3 mul              x11, x11, x19       x11=00002127 x11:00000029 x19:000000cf
27396831ns          487298 1c009416 40a75713 srai             x14, x14, 0x40a     x14=00000029 x14:0000a761
27396851ns          487299 1c009418 40a5d593 srai             x11, x11, 0x40a     x11=00000008 x11:00002127
27396871ns          487300 1c00941a 40a65613 srai             x12, x12, 0x40a     x12=0000000c x12:00003100
27396891ns          487301 1c00941c 40a7d793 srai             x15, x15, 0x40a     x15=fffffffe x15:fffff900
27396911ns          487302 1c00941e 1c0034b7 lui              x9, 0x1c003000       x9=1c003000
27396931ns          487303 1c009422 00e60633 add              x12, x12, x14       x12=00000035 x12:0000000c x14:00000029
27396951ns          487304 1c009424 40b787b3 sub              x15, x15, x11       x15=fffffff6 x15:fffffffe x11:00000008
27396970ns          487305 1c009426 eb048493 addi             x9, x9, -336         x9=1c002eb0  x9:1c003000
27396990ns          487306 1c00942a 1c0032b7 lui              x5, 0x1c003000       x5=1c003000
27397010ns          487307 1c00942e 1c0035b7 lui              x11, 0x1c003000     x11=1c003000
27397030ns          487308 1c009432 018483b3 add              x7, x9, x24          x7=1c002eba  x9:1c002eb0 x24:0000000a
27397050ns          487309 1c009436 02812e83 lw               x29, 40(x2)         x29=1c002eca  x2:10002cd8  PA:10002d00
27397070ns          487310 1c009438 10065633 p.exthz          x12, x12, x0        x12=00000035 x12:00000035
27397090ns          487311 1c00943c e8028293 addi             x5, x5, -384         x5=1c002e80  x5:1c003000
27397110ns          487312 1c009440 ea058593 addi             x11, x11, -352      x11=1c002ea0 x11:1c003000
27397130ns          487313 1c009444 03812483 lw               x9, 56(x2)           x9=1c002eea  x2:10002cd8  PA:10002d10
27397149ns          487314 1c009446 10064733 p.exths          x14, x12, x0        x14=00000035 x12:00000035
27397169ns          487315 1c00944a 018280b3 add              x1, x5, x24          x1=1c002e8a  x5:1c002e80 x24:0000000a
27397189ns          487316 1c00944e 03012f03 lw               x30, 48(x2)         x30=1c002eda  x2:10002cd8  PA:10002d08
27397209ns          487317 1c009450 018582b3 add              x5, x11, x24         x5=1c002eaa x11:1c002ea0 x24:0000000a
27397229ns          487318 1c009454 04012583 lw               x11, 64(x2)         x11=1c002efa  x2:10002cd8  PA:10002d18
27397249ns          487319 1c009456 000edd83 lhu              x27, 0(x29)         x27=000018d8 x29:1c002eca  PA:1c002eca
27397547ns          487334 1c00945a 0004d483 lhu              x9, 0(x9)            x9=00000122  x9:1c002eea  PA:1c002eea
27397846ns          487349 1c00945e 02e70333 mul              x6, x14, x14         x6=00000af9 x14:00000035 x14:00000035
27397865ns          487350 1c009462 40a55513 srai             x10, x10, 0x40a     x10=00000003 x10:00000cf0
27397885ns          487351 1c009464 04812e83 lw               x29, 72(x2)         x29=1c002f0a  x2:10002cd8  PA:10002d20
27397905ns          487352 1c009466 40a6d693 srai             x13, x13, 0x40a     x13=fffffffb x13:ffffee10
27397925ns          487353 1c009468 000f5d03 lhu              x26, 0(x30)         x26=00000495 x30:1c002eda  PA:1c002eda
27398243ns          487369 1c00946c 0005d583 lhu              x11, 0(x11)         x11=0000005a x11:1c002efa  PA:1c002efa
27398542ns          487384 1c009470 40a35313 srai             x6, x6, 0x40a        x6=00000002  x6:00000af9
27398562ns          487385 1c009474 00a686b3 add              x13, x13, x10       x13=fffffffe x13:fffffffb x10:00000003
27398581ns          487386 1c009476 05012f03 lw               x30, 80(x2)         x30=1c002e7a  x2:10002cd8  PA:10002d28
27398601ns          487387 1c009478 10034e33 p.exths          x28, x6, x0         x28=00000002  x6:00000002
27398621ns          487388 1c00947c 06911023 sh               x9, 96(x2)           x9:00000122  x2:10002cd8  PA:10002d38
27398641ns          487389 1c009480 000ede83 lhu              x29, 0(x29)         x29=0000001e x29:1c002f0a  PA:1c002f0a
27398939ns          487404 1c009484 05812483 lw               x9, 88(x2)           x9=1c002e6a  x2:10002cd8  PA:10002d30
27398959ns          487405 1c009486 1006d6b3 p.exthz          x13, x13, x0        x13=0000fffe x13:fffffffe
27398979ns          487406 1c00948a 02ee08b3 mul              x17, x28, x14       x17=0000006a x28:00000002 x14:00000035
27398999ns          487407 1c00948e 1006c833 p.exths          x16, x13, x0        x16=fffffffe x13:0000fffe
27399019ns          487408 1c009492 06b11823 sh               x11, 112(x2)        x11:0000005a  x2:10002cd8  PA:10002d48
27399039ns          487409 1c009496 000f5f03 lhu              x30, 0(x30)         x30=0000fed0 x30:1c002e7a  PA:1c002e7a
27399337ns          487424 1c00949a 0a012583 lw               x11, 160(x2)        x11=1c002e9a  x2:10002cd8  PA:10002d78
27399357ns          487425 1c00949c 1007d7b3 p.exthz          x15, x15, x0        x15=0000fff6 x15:fffffff6
27399377ns          487426 1c0094a0 0004da03 lhu              x20, 0(x9)          x20=0000facd  x9:1c002e6a  PA:1c002e6a
27399675ns          487441 1c0094a4 1007c533 p.exths          x10, x15, x0        x10=fffffff6 x15:0000fff6
27399695ns          487442 1c0094a8 09d11023 sh               x29, 128(x2)        x29:0000001e  x2:10002cd8  PA:10002d58
27399715ns          487443 1c0094ac 0003d483 lhu              x9, 0(x7)            x9=0000ffc9  x7:1c002eba  PA:1c002eba
27400013ns          487458 1c0094b0 02e80eb3 mul              x29, x16, x14       x29=ffffff96 x16:fffffffe x14:00000035
27400033ns          487459 1c0094b4 40a8d893 srai             x17, x17, 0x40a     x17=00000000 x17:0000006a
27400053ns          487460 1c0094b8 03c80833 mul              x16, x16, x28       x16=fffffffc x16:fffffffe x28:00000002
27400073ns          487461 1c0094bc 09e11823 sh               x30, 144(x2)        x30:0000fed0  x2:10002cd8  PA:10002d68
27400093ns          487462 1c0094c0 0005d983 lhu              x19, 0(x11)         x19=0000ffa1 x11:1c002e9a  PA:1c002e9a
27400411ns          487478 1c0094c4 81c88f5b p.muls           x30, x17, x28       x30=00000000 x17:00000000 x28:00000002
27400431ns          487479 1c0094c8 0002d583 lhu              x11, 0(x5)          x11=0000ff8f  x5:1c002eaa  PA:1c002eaa
27400729ns          487494 1c0094cc 03ce0fb3 mul              x31, x28, x28       x31=00000004 x28:00000002 x28:00000002
27400749ns          487495 1c0094d0 02e50733 mul              x14, x10, x14       x14=fffffdee x10:fffffff6 x14:00000035
27400769ns          487496 1c0094d4 40a85813 srai             x16, x16, 0x40a     x16=ffffffff x16:fffffffc
27400789ns          487497 1c0094d8 03c50533 mul              x10, x10, x28       x10=ffffffec x10:fffffff6 x28:00000002
27400809ns          487498 1c0094dc 07015e03 lhu              x28, 112(x2)        x28=0000005a  x2:10002cd8  PA:10002d48
27400849ns          487500 1c0094e0 01b60633 add              x12, x12, x27       x12=0000190d x12:00000035 x27:000018d8
27400869ns          487501 1c0094e2 00980833 add              x16, x16, x9        x16=0000ffc8 x16:ffffffff  x9:0000ffc9
27400888ns          487502 1c0094e4 06015d83 lhu              x27, 96(x2)         x27=00000122  x2:10002cd8  PA:10002d38
27400908ns          487503 1c0094e8 02812483 lw               x9, 40(x2)           x9=1c002eca  x2:10002cd8  PA:10002d00
27400928ns          487504 1c0094ea 40afdf93 srai             x31, x31, 0x40a     x31=00000000 x31:00000004
27400948ns          487505 1c0094ee 40a55513 srai             x10, x10, 0x40a     x10=ffffffff x10:ffffffec
27400968ns          487506 1c0094f0 01cf8fb3 add              x31, x31, x28       x31=0000005a x31:00000000 x28:0000005a
27400988ns          487507 1c0094f2 00b50533 add              x10, x10, x11       x10=0000ff8e x10:ffffffff x11:0000ff8f
27401008ns          487508 1c0094f4 09015e03 lhu              x28, 144(x2)        x28=0000fed0  x2:10002cd8  PA:10002d68
27401028ns          487509 1c0094f8 03012583 lw               x11, 48(x2)         x11=1c002eda  x2:10002cd8  PA:10002d08
27401048ns          487510 1c0094fa 00c49023 sh               x12, 0(x9)          x12:0000190d  x9:1c002eca  PA:1c002eca
27401366ns          487526 1c0094fe 01b888b3 add              x17, x17, x27       x17=00000122 x17:00000000 x27:00000122
27401386ns          487527 1c009500 01a30333 add              x6, x6, x26          x6=00000497  x6:00000002 x26:00000495
27401405ns          487528 1c009502 08015d83 lhu              x27, 128(x2)        x27=0000001e  x2:10002cd8  PA:10002d58
27401425ns          487529 1c009506 0000d903 lhu              x18, 0(x1)          x18=0000fec7  x1:1c002e8a  PA:1c002e8a
27401724ns          487544 1c00950a 01c686b3 add              x13, x13, x28       x13=0001fece x13:0000fffe x28:0000fed0
27401744ns          487545 1c00950c 00659023 sh               x6, 0(x11)           x6:00000497 x11:1c002eda  PA:1c002eda
27402082ns          487562 1c009510 40af5f13 srai             x30, x30, 0x40a     x30=00000000 x30:00000000
27402102ns          487563 1c009514 04812e03 lw               x28, 72(x2)         x28=1c002f0a  x2:10002cd8  PA:10002d20
27402121ns          487564 1c009516 01bf0f33 add              x30, x30, x27       x30=0000001e x30:00000000 x27:0000001e
27402141ns          487565 1c009518 40aede93 srai             x29, x29, 0x40a     x29=ffffffff x29:ffffff96
27402161ns          487566 1c00951c 40a75713 srai             x14, x14, 0x40a     x14=ffffffff x14:fffffdee
27402181ns          487567 1c00951e 03812603 lw               x12, 56(x2)         x12=1c002eea  x2:10002cd8  PA:10002d10
27402201ns          487568 1c009520 04012d83 lw               x27, 64(x2)         x27=1c002efa  x2:10002cd8  PA:10002d18
27402221ns          487569 1c009522 01ee1023 sh               x30, 0(x28)         x30:0000001e x28:1c002f0a  PA:1c002f0a
27402559ns          487586 1c009526 05812483 lw               x9, 88(x2)           x9=1c002e6a  x2:10002cd8  PA:10002d30
27402579ns          487587 1c009528 05012f03 lw               x30, 80(x2)         x30=1c002e7a  x2:10002cd8  PA:10002d28
27402599ns          487588 1c00952a 0a012583 lw               x11, 160(x2)        x11=1c002e9a  x2:10002cd8  PA:10002d78
27402619ns          487589 1c00952c 014787b3 add              x15, x15, x20       x15=0001fac3 x15:0000fff6 x20:0000facd
27402639ns          487590 1c00952e 013e8eb3 add              x29, x29, x19       x29=0000ffa0 x29:ffffffff x19:0000ffa1
27402658ns          487591 1c009530 01270733 add              x14, x14, x18       x14=0000fec6 x14:ffffffff x18:0000fec7
27402678ns          487592 1c009532 00f49023 sh               x15, 0(x9)          x15:0001fac3  x9:1c002e6a  PA:1c002e6a
27402997ns          487608 1c009536 01161023 sh               x17, 0(x12)         x17:00000122 x12:1c002eea  PA:1c002eea
27403315ns          487624 1c00953a 01fd9023 sh               x31, 0(x27)         x31:0000005a x27:1c002efa  PA:1c002efa
27403693ns          487643 1c00953e 00df1023 sh               x13, 0(x30)         x13:0001fece x30:1c002e7a  PA:1c002e7a
27404011ns          487659 1c009542 01d59023 sh               x29, 0(x11)         x29:0000ffa0 x11:1c002e9a  PA:1c002e9a
27404329ns          487675 1c009546 00e09023 sh               x14, 0(x1)          x14:0000fec6  x1:1c002e8a  PA:1c002e8a
27404667ns          487692 1c00954a 01039023 sh               x16, 0(x7)          x16:0000ffc8  x7:1c002eba  PA:1c002eba
27404985ns          487708 1c00954e 00a29023 sh               x10, 0(x5)          x10:0000ff8e  x5:1c002eaa  PA:1c002eaa
27405304ns          487724 1c009552 008b0b13 addi             x22, x22, 8         x22=000001dd x22:000001d5
27405323ns          487725 1c009554 1f300793 addi             x15, x0, 499        x15=000001f3
27405343ns          487726 1c009558 e767dae3 bge              x15, x22, -396      x15:000001f3 x22:000001dd
27405403ns          487729 1c0093cc 010c9a0b p.lh             x20, 16(x25!)       x20=ffffff7e x25=1c002a52 x25:1c002a42  PA:1c002a42
27405721ns          487745 1c0093d0 0104198b p.lh             x19, 16(x8!)        x19=00000189  x8=1c00221a  x8:1c00220a  PA:1c00220a
27406020ns          487760 1c0093d4 2cc10513 addi             x10, x2, 716        x10=10002fa4  x2:10002cd8
27406039ns          487761 1c0093d6 010a990b p.lh             x18, 16(x21!)       x18=ffffffac x21=1c001a46 x21:1c001a36  PA:1c001a36
27406338ns          487776 1c0093da 010b948b p.lh             x9, 16(x23!)         x9=000001a6 x23=1c001276 x23:1c001266  PA:1c001266
27406636ns          487791 1c0093de 2d411623 sh               x20, 716(x2)        x20:ffffff7e  x2:10002cd8  PA:10002fa4
27406656ns          487792 1c0093e2 2d311723 sh               x19, 718(x2)        x19:00000189  x2:10002cd8  PA:10002fa6
27406676ns          487793 1c0093e6 c33ff0ef jal              x1, -974             x1=1c0093e8
27406755ns          487797 1c009018 00051803 lh               x16, 0(x10)         x16=ffffff7e x10:10002fa4  PA:10002fa4
27406795ns          487799 1c00901c 00251883 lh               x17, 2(x10)         x17=00000189 x10:10002fa4  PA:10002fa6
27406815ns          487800 1c009020 030806b3 mul              x13, x16, x16       x13=00004204 x16:ffffff7e x16:ffffff7e
27406835ns          487801 1c009024 03188633 mul              x12, x17, x17       x12=00025b51 x17:00000189 x17:00000189
27406855ns          487802 1c009028 40a65613 srai             x12, x12, 0x40a     x12=00000096 x12:00025b51
27406875ns          487803 1c00902a 40a6d693 srai             x13, x13, 0x40a     x13=00000010 x13:00004204
27406895ns          487804 1c00902c 00c686b3 add              x13, x13, x12       x13=000000a6 x13:00000010 x12:00000096
27406914ns          487805 1c00902e 1006c633 p.exths          x12, x13, x0        x12=000000a6 x13:000000a6
27406934ns          487806 1c009032 00855703 lhu              x14, 8(x10)         x14=0000ffd1 x10:10002fa4  PA:10002fac
27406954ns          487807 1c009036 00a55683 lhu              x13, 10(x10)        x13=0000ff6a x10:10002fa4  PA:10002fae
27406974ns          487808 1c00903a 02c60333 mul              x6, x12, x12         x6=00006ba4 x12:000000a6 x12:000000a6
27407014ns          487810 1c00903e 00c55783 lhu              x15, 12(x10)        x15=0000ffe5 x10:10002fa4  PA:10002fb0
27407054ns          487812 1c009042 00e55583 lhu              x11, 14(x10)        x11=00000060 x10:10002fa4  PA:10002fb2
27407074ns          487813 1c009046 dea30333 p.extract        x6, x6, 15, 10       x6=0000001a  x6:00006ba4
27407093ns          487814 1c00904a 80c7075b p.muls           x14, x14, x12       x14=ffffe186 x14:0000ffd1 x12:000000a6
27407153ns          487817 1c00904e 80c686db p.muls           x13, x13, x12       x13=ffff9ebc x13:0000ff6a x12:000000a6
27407193ns          487819 1c009052 00455e83 lhu              x29, 4(x10)         x29=00000427 x10:10002fa4  PA:10002fa8
27407213ns          487820 1c009056 00655e03 lhu              x28, 6(x10)         x28=0000007f x10:10002fa4  PA:10002faa
27407233ns          487821 1c00905a 40a75713 srai             x14, x14, 0x40a     x14=fffffff8 x14:ffffe186
27407253ns          487822 1c00905c 806787db p.muls           x15, x15, x6        x15=fffffd42 x15:0000ffe5  x6:0000001a
27407292ns          487824 1c009060 40a6d693 srai             x13, x13, 0x40a     x13=ffffffe7 x13:ffff9ebc
27407332ns          487826 1c009062 8065865b p.muls           x12, x11, x6        x12=000009c0 x11:00000060  x6:0000001a
27407352ns          487827 1c009066 40a7d793 srai             x15, x15, 0x40a     x15=ffffffff x15:fffffd42
27407372ns          487828 1c009068 40a65613 srai             x12, x12, 0x40a     x12=00000002 x12:000009c0
27407392ns          487829 1c00906a 01d70733 add              x14, x14, x29       x14=0000041f x14:fffffff8 x29:00000427
27407412ns          487830 1c00906c 01c686b3 add              x13, x13, x28       x13=00000066 x13:ffffffe7 x28:0000007f
27407432ns          487831 1c00906e 00c686b3 add              x13, x13, x12       x13=00000068 x13:00000066 x12:00000002
27407451ns          487832 1c009070 00f70733 add              x14, x14, x15       x14=0000041e x14:0000041f x15:ffffffff
27407471ns          487833 1c009072 100747b3 p.exths          x15, x14, x0        x15=0000041e x14:0000041e
27407491ns          487834 1c009076 1006c733 p.exths          x14, x13, x0        x14=00000068 x13:00000068
27407511ns          487835 1c00907a 03170633 mul              x12, x14, x17       x12=00009fa8 x14:00000068 x17:00000189
27407531ns          487836 1c00907e 030786b3 mul              x13, x15, x16       x13=fffde8c4 x15:0000041e x16:ffffff7e
27407551ns          487837 1c009082 03070733 mul              x14, x14, x16       x14=ffffcb30 x14:00000068 x16:ffffff7e
27407571ns          487838 1c009086 031787b3 mul              x15, x15, x17       x15=0006520e x15:0000041e x17:00000189
27407591ns          487839 1c00908a 40a6d693 srai             x13, x13, 0x40a     x13=ffffff7a x13:fffde8c4
27407611ns          487840 1c00908c 40a65613 srai             x12, x12, 0x40a     x12=00000027 x12:00009fa8
27407630ns          487841 1c00908e 40a7d793 srai             x15, x15, 0x40a     x15=00000194 x15:0006520e
27407650ns          487842 1c009090 40a75713 srai             x14, x14, 0x40a     x14=fffffff2 x14:ffffcb30
27407670ns          487843 1c009092 40c686b3 sub              x13, x13, x12       x13=ffffff53 x13:ffffff7a x12:00000027
27407690ns          487844 1c009094 00e787b3 add              x15, x15, x14       x15=00000186 x15:00000194 x14:fffffff2
27407710ns          487845 1c009096 00d51823 sh               x13, 16(x10)        x13:ffffff53 x10:10002fa4  PA:10002fb4
27407730ns          487846 1c00909a 00f51923 sh               x15, 18(x10)        x15:00000186 x10:10002fa4  PA:10002fb6
27407750ns          487847 1c00909e 00008067 jalr             x0, x1, 0            x1:1c0093e8
27407829ns          487851 1c0093e8 2dc15583 lhu              x11, 732(x2)        x11=0000ff53  x2:10002cd8  PA:10002fb4
27407849ns          487852 1c0093ec 2de15783 lhu              x15, 734(x2)        x15=00000186  x2:10002cd8  PA:10002fb6
27407869ns          487853 1c0093f0 40b90933 sub              x18, x18, x11       x18=ffff0059 x18:ffffffac x11:0000ff53
27407889ns          487854 1c0093f4 40f484b3 sub              x9, x9, x15          x9=00000020  x9:000001a6 x15:00000186
27407909ns          487855 1c0093f6 100945b3 p.exths          x11, x18, x0        x11=00000059 x18:ffff0059
27407929ns          487856 1c0093fa 1004c7b3 p.exths          x15, x9, x0         x15=00000020  x9:00000020
27407949ns          487857 1c0093fe 034586b3 mul              x13, x11, x20       x13=ffffd2ce x11:00000059 x20:ffffff7e
27407969ns          487858 1c009402 03378533 mul              x10, x15, x19       x10=00003120 x15:00000020 x19:00000189
27407988ns          487859 1c009406 034a0633 mul              x12, x20, x20       x12=00004204 x20:ffffff7e x20:ffffff7e
27408008ns          487860 1c00940a 03398733 mul              x14, x19, x19       x14=00025b51 x19:00000189 x19:00000189
27408068ns          487863 1c00940e 034787b3 mul              x15, x15, x20       x15=ffffefc0 x15:00000020 x20:ffffff7e
27408108ns          487865 1c009412 033585b3 mul              x11, x11, x19       x11=000088a1 x11:00000059 x19:00000189
27408128ns          487866 1c009416 40a75713 srai             x14, x14, 0x40a     x14=00000096 x14:00025b51
27408148ns          487867 1c009418 40a5d593 srai             x11, x11, 0x40a     x11=00000022 x11:000088a1
27408167ns          487868 1c00941a 40a65613 srai             x12, x12, 0x40a     x12=00000010 x12:00004204
27408187ns          487869 1c00941c 40a7d793 srai             x15, x15, 0x40a     x15=fffffffb x15:ffffefc0
27408207ns          487870 1c00941e 1c0034b7 lui              x9, 0x1c003000       x9=1c003000
27408227ns          487871 1c009422 00e60633 add              x12, x12, x14       x12=000000a6 x12:00000010 x14:00000096
27408247ns          487872 1c009424 40b787b3 sub              x15, x15, x11       x15=ffffffd9 x15:fffffffb x11:00000022
27408267ns          487873 1c009426 eb048493 addi             x9, x9, -336         x9=1c002eb0  x9:1c003000
27408287ns          487874 1c00942a 1c0032b7 lui              x5, 0x1c003000       x5=1c003000
27408307ns          487875 1c00942e 1c0035b7 lui              x11, 0x1c003000     x11=1c003000
27408327ns          487876 1c009432 018483b3 add              x7, x9, x24          x7=1c002eba  x9:1c002eb0 x24:0000000a
27408346ns          487877 1c009436 02812e83 lw               x29, 40(x2)         x29=1c002eca  x2:10002cd8  PA:10002d00
27408366ns          487878 1c009438 10065633 p.exthz          x12, x12, x0        x12=000000a6 x12:000000a6
27408386ns          487879 1c00943c e8028293 addi             x5, x5, -384         x5=1c002e80  x5:1c003000
27408406ns          487880 1c009440 ea058593 addi             x11, x11, -352      x11=1c002ea0 x11:1c003000
27408446ns          487882 1c009444 03812483 lw               x9, 56(x2)           x9=1c002eea  x2:10002cd8  PA:10002d10
27408466ns          487883 1c009446 10064733 p.exths          x14, x12, x0        x14=000000a6 x12:000000a6
27408486ns          487884 1c00944a 018280b3 add              x1, x5, x24          x1=1c002e8a  x5:1c002e80 x24:0000000a
27408506ns          487885 1c00944e 03012f03 lw               x30, 48(x2)         x30=1c002eda  x2:10002cd8  PA:10002d08
27408525ns          487886 1c009450 018582b3 add              x5, x11, x24         x5=1c002eaa x11:1c002ea0 x24:0000000a
27408545ns          487887 1c009454 04012583 lw               x11, 64(x2)         x11=1c002efa  x2:10002cd8  PA:10002d18
27408565ns          487888 1c009456 000edd83 lhu              x27, 0(x29)         x27=0000190d x29:1c002eca  PA:1c002eca
27408863ns          487903 1c00945a 0004d483 lhu              x9, 0(x9)            x9=00000122  x9:1c002eea  PA:1c002eea
27409162ns          487918 1c00945e 02e70333 mul              x6, x14, x14         x6=00006ba4 x14:000000a6 x14:000000a6
27409182ns          487919 1c009462 40a55513 srai             x10, x10, 0x40a     x10=0000000c x10:00003120
27409202ns          487920 1c009464 04812e83 lw               x29, 72(x2)         x29=1c002f0a  x2:10002cd8  PA:10002d20
27409221ns          487921 1c009466 40a6d693 srai             x13, x13, 0x40a     x13=fffffff4 x13:ffffd2ce
27409241ns          487922 1c009468 000f5d03 lhu              x26, 0(x30)         x26=00000497 x30:1c002eda  PA:1c002eda
27409540ns          487937 1c00946c 0005d583 lhu              x11, 0(x11)         x11=0000005a x11:1c002efa  PA:1c002efa
27409838ns          487952 1c009470 40a35313 srai             x6, x6, 0x40a        x6=0000001a  x6:00006ba4
27409858ns          487953 1c009474 00a686b3 add              x13, x13, x10       x13=00000000 x13:fffffff4 x10:0000000c
27409878ns          487954 1c009476 05012f03 lw               x30, 80(x2)         x30=1c002e7a  x2:10002cd8  PA:10002d28
27409898ns          487955 1c009478 10034e33 p.exths          x28, x6, x0         x28=0000001a  x6:0000001a
27409918ns          487956 1c00947c 06911023 sh               x9, 96(x2)           x9:00000122  x2:10002cd8  PA:10002d38
27409937ns          487957 1c009480 000ede83 lhu              x29, 0(x29)         x29=0000001e x29:1c002f0a  PA:1c002f0a
27410236ns          487972 1c009484 05812483 lw               x9, 88(x2)           x9=1c002e6a  x2:10002cd8  PA:10002d30
27410256ns          487973 1c009486 1006d6b3 p.exthz          x13, x13, x0        x13=00000000 x13:00000000
27410276ns          487974 1c00948a 02ee08b3 mul              x17, x28, x14       x17=000010dc x28:0000001a x14:000000a6
27410295ns          487975 1c00948e 1006c833 p.exths          x16, x13, x0        x16=00000000 x13:00000000
27410315ns          487976 1c009492 06b11823 sh               x11, 112(x2)        x11:0000005a  x2:10002cd8  PA:10002d48
27410355ns          487978 1c009496 000f5f03 lhu              x30, 0(x30)         x30=0000fece x30:1c002e7a  PA:1c002e7a
27410653ns          487993 1c00949a 0a012583 lw               x11, 160(x2)        x11=1c002e9a  x2:10002cd8  PA:10002d78
27410673ns          487994 1c00949c 1007d7b3 p.exthz          x15, x15, x0        x15=0000ffd9 x15:ffffffd9
27410693ns          487995 1c0094a0 0004da03 lhu              x20, 0(x9)          x20=0000fac3  x9:1c002e6a  PA:1c002e6a
27410992ns          488010 1c0094a4 1007c533 p.exths          x10, x15, x0        x10=ffffffd9 x15:0000ffd9
27411011ns          488011 1c0094a8 09d11023 sh               x29, 128(x2)        x29:0000001e  x2:10002cd8  PA:10002d58
27411031ns          488012 1c0094ac 0003d483 lhu              x9, 0(x7)            x9=0000ffc8  x7:1c002eba  PA:1c002eba
27411330ns          488027 1c0094b0 02e80eb3 mul              x29, x16, x14       x29=00000000 x16:00000000 x14:000000a6
27411349ns          488028 1c0094b4 40a8d893 srai             x17, x17, 0x40a     x17=00000004 x17:000010dc
27411369ns          488029 1c0094b8 03c80833 mul              x16, x16, x28       x16=00000000 x16:00000000 x28:0000001a
27411389ns          488030 1c0094bc 09e11823 sh               x30, 144(x2)        x30:0000fece  x2:10002cd8  PA:10002d68
27411409ns          488031 1c0094c0 0005d983 lhu              x19, 0(x11)         x19=0000ffa0 x11:1c002e9a  PA:1c002e9a
27411747ns          488048 1c0094c4 81c88f5b p.muls           x30, x17, x28       x30=00000068 x17:00000004 x28:0000001a
27411767ns          488049 1c0094c8 0002d583 lhu              x11, 0(x5)          x11=0000ff8e  x5:1c002eaa  PA:1c002eaa
27412065ns          488064 1c0094cc 03ce0fb3 mul              x31, x28, x28       x31=000002a4 x28:0000001a x28:0000001a
27412085ns          488065 1c0094d0 02e50733 mul              x14, x10, x14       x14=ffffe6b6 x10:ffffffd9 x14:000000a6
27412105ns          488066 1c0094d4 40a85813 srai             x16, x16, 0x40a     x16=00000000 x16:00000000
27412125ns          488067 1c0094d8 03c50533 mul              x10, x10, x28       x10=fffffc0a x10:ffffffd9 x28:0000001a
27412145ns          488068 1c0094dc 07015e03 lhu              x28, 112(x2)        x28=0000005a  x2:10002cd8  PA:10002d48
27412165ns          488069 1c0094e0 01b60633 add              x12, x12, x27       x12=000019b3 x12:000000a6 x27:0000190d
27412185ns          488070 1c0094e2 00980833 add              x16, x16, x9        x16=0000ffc8 x16:00000000  x9:0000ffc8
27412205ns          488071 1c0094e4 06015d83 lhu              x27, 96(x2)         x27=00000122  x2:10002cd8  PA:10002d38
27412225ns          488072 1c0094e8 02812483 lw               x9, 40(x2)           x9=1c002eca  x2:10002cd8  PA:10002d00
27412244ns          488073 1c0094ea 40afdf93 srai             x31, x31, 0x40a     x31=00000000 x31:000002a4
27412264ns          488074 1c0094ee 40a55513 srai             x10, x10, 0x40a     x10=ffffffff x10:fffffc0a
27412284ns          488075 1c0094f0 01cf8fb3 add              x31, x31, x28       x31=0000005a x31:00000000 x28:0000005a
27412304ns          488076 1c0094f2 00b50533 add              x10, x10, x11       x10=0000ff8d x10:ffffffff x11:0000ff8e
27412324ns          488077 1c0094f4 09015e03 lhu              x28, 144(x2)        x28=0000fece  x2:10002cd8  PA:10002d68
27412344ns          488078 1c0094f8 03012583 lw               x11, 48(x2)         x11=1c002eda  x2:10002cd8  PA:10002d08
27412364ns          488079 1c0094fa 00c49023 sh               x12, 0(x9)          x12:000019b3  x9:1c002eca  PA:1c002eca
27412722ns          488097 1c0094fe 01b888b3 add              x17, x17, x27       x17=00000126 x17:00000004 x27:00000122
27412742ns          488098 1c009500 01a30333 add              x6, x6, x26          x6=000004b1  x6:0000001a x26:00000497
27412762ns          488099 1c009502 08015d83 lhu              x27, 128(x2)        x27=0000001e  x2:10002cd8  PA:10002d58
27412781ns          488100 1c009506 0000d903 lhu              x18, 0(x1)          x18=0000fec6  x1:1c002e8a  PA:1c002e8a
27413080ns          488115 1c00950a 01c686b3 add              x13, x13, x28       x13=0000fece x13:00000000 x28:0000fece
27413100ns          488116 1c00950c 00659023 sh               x6, 0(x11)           x6:000004b1 x11:1c002eda  PA:1c002eda
27413418ns          488132 1c009510 40af5f13 srai             x30, x30, 0x40a     x30=00000000 x30:00000068
27413438ns          488133 1c009514 04812e03 lw               x28, 72(x2)         x28=1c002f0a  x2:10002cd8  PA:10002d20
27413458ns          488134 1c009516 01bf0f33 add              x30, x30, x27       x30=0000001e x30:00000000 x27:0000001e
27413478ns          488135 1c009518 40aede93 srai             x29, x29, 0x40a     x29=00000000 x29:00000000
27413497ns          488136 1c00951c 40a75713 srai             x14, x14, 0x40a     x14=fffffff9 x14:ffffe6b6
27413517ns          488137 1c00951e 03812603 lw               x12, 56(x2)         x12=1c002eea  x2:10002cd8  PA:10002d10
27413537ns          488138 1c009520 04012d83 lw               x27, 64(x2)         x27=1c002efa  x2:10002cd8  PA:10002d18
27413557ns          488139 1c009522 01ee1023 sh               x30, 0(x28)         x30:0000001e x28:1c002f0a  PA:1c002f0a
27413875ns          488155 1c009526 05812483 lw               x9, 88(x2)           x9=1c002e6a  x2:10002cd8  PA:10002d30
27413895ns          488156 1c009528 05012f03 lw               x30, 80(x2)         x30=1c002e7a  x2:10002cd8  PA:10002d28
27413915ns          488157 1c00952a 0a012583 lw               x11, 160(x2)        x11=1c002e9a  x2:10002cd8  PA:10002d78
27413935ns          488158 1c00952c 014787b3 add              x15, x15, x20       x15=0001fa9c x15:0000ffd9 x20:0000fac3
27413955ns          488159 1c00952e 013e8eb3 add              x29, x29, x19       x29=0000ffa0 x29:00000000 x19:0000ffa0
27413975ns          488160 1c009530 01270733 add              x14, x14, x18       x14=0000febf x14:fffffff9 x18:0000fec6
27413995ns          488161 1c009532 00f49023 sh               x15, 0(x9)          x15:0001fa9c  x9:1c002e6a  PA:1c002e6a
27414333ns          488178 1c009536 01161023 sh               x17, 0(x12)         x17:00000126 x12:1c002eea  PA:1c002eea
27414651ns          488194 1c00953a 01fd9023 sh               x31, 0(x27)         x31:0000005a x27:1c002efa  PA:1c002efa
27414969ns          488210 1c00953e 00df1023 sh               x13, 0(x30)         x13:0000fece x30:1c002e7a  PA:1c002e7a
27415287ns          488226 1c009542 01d59023 sh               x29, 0(x11)         x29:0000ffa0 x11:1c002e9a  PA:1c002e9a
27415606ns          488242 1c009546 00e09023 sh               x14, 0(x1)          x14:0000febf  x1:1c002e8a  PA:1c002e8a
27415924ns          488258 1c00954a 01039023 sh               x16, 0(x7)          x16:0000ffc8  x7:1c002eba  PA:1c002eba
27416262ns          488275 1c00954e 00a29023 sh               x10, 0(x5)          x10:0000ff8d  x5:1c002eaa  PA:1c002eaa
27416580ns          488291 1c009552 008b0b13 addi             x22, x22, 8         x22=000001e5 x22:000001dd
27416600ns          488292 1c009554 1f300793 addi             x15, x0, 499        x15=000001f3
27416620ns          488293 1c009558 e767dae3 bge              x15, x22, -396      x15:000001f3 x22:000001e5
27416719ns          488298 1c0093cc 010c9a0b p.lh             x20, 16(x25!)       x20=00000254 x25=1c002a62 x25:1c002a52  PA:1c002a52
27417057ns          488315 1c0093d0 0104198b p.lh             x19, 16(x8!)        x19=ffffff23  x8=1c00222a  x8:1c00221a  PA:1c00221a
27417395ns          488332 1c0093d4 2cc10513 addi             x10, x2, 716        x10=10002fa4  x2:10002cd8
27417415ns          488333 1c0093d6 010a990b p.lh             x18, 16(x21!)       x18=0000021d x21=1c001a56 x21:1c001a46  PA:1c001a46
27417714ns          488348 1c0093da 010b948b p.lh             x9, 16(x23!)         x9=fffffec1 x23=1c001286 x23:1c001276  PA:1c001276
27418052ns          488365 1c0093de 2d411623 sh               x20, 716(x2)        x20:00000254  x2:10002cd8  PA:10002fa4
27418072ns          488366 1c0093e2 2d311723 sh               x19, 718(x2)        x19:ffffff23  x2:10002cd8  PA:10002fa6
27418092ns          488367 1c0093e6 c33ff0ef jal              x1, -974             x1=1c0093e8
27418171ns          488371 1c009018 00051803 lh               x16, 0(x10)         x16=00000254 x10:10002fa4  PA:10002fa4
27418211ns          488373 1c00901c 00251883 lh               x17, 2(x10)         x17=ffffff23 x10:10002fa4  PA:10002fa6
27418271ns          488376 1c009020 030806b3 mul              x13, x16, x16       x13=00056b90 x16:00000254 x16:00000254
27418310ns          488378 1c009024 03188633 mul              x12, x17, x17       x12=0000bec9 x17:ffffff23 x17:ffffff23
27418330ns          488379 1c009028 40a65613 srai             x12, x12, 0x40a     x12=0000002f x12:0000bec9
27418350ns          488380 1c00902a 40a6d693 srai             x13, x13, 0x40a     x13=0000015a x13:00056b90
27418370ns          488381 1c00902c 00c686b3 add              x13, x13, x12       x13=00000189 x13:0000015a x12:0000002f
27418390ns          488382 1c00902e 1006c633 p.exths          x12, x13, x0        x12=00000189 x13:00000189
27418410ns          488383 1c009032 00855703 lhu              x14, 8(x10)         x14=0000ffd1 x10:10002fa4  PA:10002fac
27418430ns          488384 1c009036 00a55683 lhu              x13, 10(x10)        x13=0000ff6a x10:10002fa4  PA:10002fae
27418450ns          488385 1c00903a 02c60333 mul              x6, x12, x12         x6=00025b51 x12:00000189 x12:00000189
27418469ns          488386 1c00903e 00c55783 lhu              x15, 12(x10)        x15=0000ffe5 x10:10002fa4  PA:10002fb0
27418489ns          488387 1c009042 00e55583 lhu              x11, 14(x10)        x11=00000060 x10:10002fa4  PA:10002fb2
27418509ns          488388 1c009046 dea30333 p.extract        x6, x6, 15, 10       x6=00000096  x6:00025b51
27418529ns          488389 1c00904a 80c7075b p.muls           x14, x14, x12       x14=ffffb7d9 x14:0000ffd1 x12:00000189
27418549ns          488390 1c00904e 80c686db p.muls           x13, x13, x12       x13=ffff19ba x13:0000ff6a x12:00000189
27418569ns          488391 1c009052 00455e83 lhu              x29, 4(x10)         x29=00000427 x10:10002fa4  PA:10002fa8
27418589ns          488392 1c009056 00655e03 lhu              x28, 6(x10)         x28=0000007f x10:10002fa4  PA:10002faa
27418609ns          488393 1c00905a 40a75713 srai             x14, x14, 0x40a     x14=ffffffed x14:ffffb7d9
27418628ns          488394 1c00905c 806787db p.muls           x15, x15, x6        x15=fffff02e x15:0000ffe5  x6:00000096
27418648ns          488395 1c009060 40a6d693 srai             x13, x13, 0x40a     x13=ffffffc6 x13:ffff19ba
27418688ns          488397 1c009062 8065865b p.muls           x12, x11, x6        x12=00003840 x11:00000060  x6:00000096
27418708ns          488398 1c009066 40a7d793 srai             x15, x15, 0x40a     x15=fffffffc x15:fffff02e
27418728ns          488399 1c009068 40a65613 srai             x12, x12, 0x40a     x12=0000000e x12:00003840
27418748ns          488400 1c00906a 01d70733 add              x14, x14, x29       x14=00000414 x14:ffffffed x29:00000427
27418768ns          488401 1c00906c 01c686b3 add              x13, x13, x28       x13=00000045 x13:ffffffc6 x28:0000007f
27418788ns          488402 1c00906e 00c686b3 add              x13, x13, x12       x13=00000053 x13:00000045 x12:0000000e
27418807ns          488403 1c009070 00f70733 add              x14, x14, x15       x14=00000410 x14:00000414 x15:fffffffc
27418827ns          488404 1c009072 100747b3 p.exths          x15, x14, x0        x15=00000410 x14:00000410
27418847ns          488405 1c009076 1006c733 p.exths          x14, x13, x0        x14=00000053 x13:00000053
27418867ns          488406 1c00907a 03170633 mul              x12, x14, x17       x12=ffffb859 x14:00000053 x17:ffffff23
27418887ns          488407 1c00907e 030786b3 mul              x13, x15, x16       x13=00097540 x15:00000410 x16:00000254
27418907ns          488408 1c009082 03070733 mul              x14, x14, x16       x14=0000c13c x14:00000053 x16:00000254
27418927ns          488409 1c009086 031787b3 mul              x15, x15, x17       x15=fffc7e30 x15:00000410 x17:ffffff23
27418947ns          488410 1c00908a 40a6d693 srai             x13, x13, 0x40a     x13=0000025d x13:00097540
27418967ns          488411 1c00908c 40a65613 srai             x12, x12, 0x40a     x12=ffffffee x12:ffffb859
27418986ns          488412 1c00908e 40a7d793 srai             x15, x15, 0x40a     x15=ffffff1f x15:fffc7e30
27419006ns          488413 1c009090 40a75713 srai             x14, x14, 0x40a     x14=00000030 x14:0000c13c
27419026ns          488414 1c009092 40c686b3 sub              x13, x13, x12       x13=0000026f x13:0000025d x12:ffffffee
27419046ns          488415 1c009094 00e787b3 add              x15, x15, x14       x15=ffffff4f x15:ffffff1f x14:00000030
27419066ns          488416 1c009096 00d51823 sh               x13, 16(x10)        x13:0000026f x10:10002fa4  PA:10002fb4
27419086ns          488417 1c00909a 00f51923 sh               x15, 18(x10)        x15:ffffff4f x10:10002fa4  PA:10002fb6
27419106ns          488418 1c00909e 00008067 jalr             x0, x1, 0            x1:1c0093e8
27419185ns          488422 1c0093e8 2dc15583 lhu              x11, 732(x2)        x11=0000026f  x2:10002cd8  PA:10002fb4
27419225ns          488424 1c0093ec 2de15783 lhu              x15, 734(x2)        x15=0000ff4f  x2:10002cd8  PA:10002fb6
27419245ns          488425 1c0093f0 40b90933 sub              x18, x18, x11       x18=ffffffae x18:0000021d x11:0000026f
27419265ns          488426 1c0093f4 40f484b3 sub              x9, x9, x15          x9=fffeff72  x9:fffffec1 x15:0000ff4f
27419285ns          488427 1c0093f6 100945b3 p.exths          x11, x18, x0        x11=ffffffae x18:ffffffae
27419305ns          488428 1c0093fa 1004c7b3 p.exths          x15, x9, x0         x15=ffffff72  x9:fffeff72
27419325ns          488429 1c0093fe 034586b3 mul              x13, x11, x20       x13=ffff4118 x11:ffffffae x20:00000254
27419344ns          488430 1c009402 03378533 mul              x10, x15, x19       x10=00007a96 x15:ffffff72 x19:ffffff23
27419364ns          488431 1c009406 034a0633 mul              x12, x20, x20       x12=00056b90 x20:00000254 x20:00000254
27419384ns          488432 1c00940a 03398733 mul              x14, x19, x19       x14=0000bec9 x19:ffffff23 x19:ffffff23
27419444ns          488435 1c00940e 034787b3 mul              x15, x15, x20       x15=fffeb568 x15:ffffff72 x20:00000254
27419484ns          488437 1c009412 033585b3 mul              x11, x11, x19       x11=000046ca x11:ffffffae x19:ffffff23
27419504ns          488438 1c009416 40a75713 srai             x14, x14, 0x40a     x14=0000002f x14:0000bec9
27419523ns          488439 1c009418 40a5d593 srai             x11, x11, 0x40a     x11=00000011 x11:000046ca
27419543ns          488440 1c00941a 40a65613 srai             x12, x12, 0x40a     x12=0000015a x12:00056b90
27419563ns          488441 1c00941c 40a7d793 srai             x15, x15, 0x40a     x15=ffffffad x15:fffeb568
27419583ns          488442 1c00941e 1c0034b7 lui              x9, 0x1c003000       x9=1c003000
27419603ns          488443 1c009422 00e60633 add              x12, x12, x14       x12=00000189 x12:0000015a x14:0000002f
27419623ns          488444 1c009424 40b787b3 sub              x15, x15, x11       x15=ffffff9c x15:ffffffad x11:00000011
27419643ns          488445 1c009426 eb048493 addi             x9, x9, -336         x9=1c002eb0  x9:1c003000
27419663ns          488446 1c00942a 1c0032b7 lui              x5, 0x1c003000       x5=1c003000
27419683ns          488447 1c00942e 1c0035b7 lui              x11, 0x1c003000     x11=1c003000
27419702ns          488448 1c009432 018483b3 add              x7, x9, x24          x7=1c002eba  x9:1c002eb0 x24:0000000a
27419722ns          488449 1c009436 02812e83 lw               x29, 40(x2)         x29=1c002eca  x2:10002cd8  PA:10002d00
27419742ns          488450 1c009438 10065633 p.exthz          x12, x12, x0        x12=00000189 x12:00000189
27419762ns          488451 1c00943c e8028293 addi             x5, x5, -384         x5=1c002e80  x5:1c003000
27419782ns          488452 1c009440 ea058593 addi             x11, x11, -352      x11=1c002ea0 x11:1c003000
27419802ns          488453 1c009444 03812483 lw               x9, 56(x2)           x9=1c002eea  x2:10002cd8  PA:10002d10
27419822ns          488454 1c009446 10064733 p.exths          x14, x12, x0        x14=00000189 x12:00000189
27419842ns          488455 1c00944a 018280b3 add              x1, x5, x24          x1=1c002e8a  x5:1c002e80 x24:0000000a
27419862ns          488456 1c00944e 03012f03 lw               x30, 48(x2)         x30=1c002eda  x2:10002cd8  PA:10002d08
27419881ns          488457 1c009450 018582b3 add              x5, x11, x24         x5=1c002eaa x11:1c002ea0 x24:0000000a
27419901ns          488458 1c009454 04012583 lw               x11, 64(x2)         x11=1c002efa  x2:10002cd8  PA:10002d18
27419921ns          488459 1c009456 000edd83 lhu              x27, 0(x29)         x27=000019b3 x29:1c002eca  PA:1c002eca
27420220ns          488474 1c00945a 0004d483 lhu              x9, 0(x9)            x9=00000126  x9:1c002eea  PA:1c002eea
27420518ns          488489 1c00945e 02e70333 mul              x6, x14, x14         x6=00025b51 x14:00000189 x14:00000189
27420538ns          488490 1c009462 40a55513 srai             x10, x10, 0x40a     x10=0000001e x10:00007a96
27420558ns          488491 1c009464 04812e83 lw               x29, 72(x2)         x29=1c002f0a  x2:10002cd8  PA:10002d20
27420578ns          488492 1c009466 40a6d693 srai             x13, x13, 0x40a     x13=ffffffd0 x13:ffff4118
27420597ns          488493 1c009468 000f5d03 lhu              x26, 0(x30)         x26=000004b1 x30:1c002eda  PA:1c002eda
27420896ns          488508 1c00946c 0005d583 lhu              x11, 0(x11)         x11=0000005a x11:1c002efa  PA:1c002efa
27421194ns          488523 1c009470 40a35313 srai             x6, x6, 0x40a        x6=00000096  x6:00025b51
27421214ns          488524 1c009474 00a686b3 add              x13, x13, x10       x13=ffffffee x13:ffffffd0 x10:0000001e
27421234ns          488525 1c009476 05012f03 lw               x30, 80(x2)         x30=1c002e7a  x2:10002cd8  PA:10002d28
27421254ns          488526 1c009478 10034e33 p.exths          x28, x6, x0         x28=00000096  x6:00000096
27421274ns          488527 1c00947c 06911023 sh               x9, 96(x2)           x9:00000126  x2:10002cd8  PA:10002d38
27421293ns          488528 1c009480 000ede83 lhu              x29, 0(x29)         x29=0000001e x29:1c002f0a  PA:1c002f0a
27421592ns          488543 1c009484 05812483 lw               x9, 88(x2)           x9=1c002e6a  x2:10002cd8  PA:10002d30
27421612ns          488544 1c009486 1006d6b3 p.exthz          x13, x13, x0        x13=0000ffee x13:ffffffee
27421632ns          488545 1c00948a 02ee08b3 mul              x17, x28, x14       x17=0000e646 x28:00000096 x14:00000189
27421651ns          488546 1c00948e 1006c833 p.exths          x16, x13, x0        x16=ffffffee x13:0000ffee
27421671ns          488547 1c009492 06b11823 sh               x11, 112(x2)        x11:0000005a  x2:10002cd8  PA:10002d48
27421691ns          488548 1c009496 000f5f03 lhu              x30, 0(x30)         x30=0000fece x30:1c002e7a  PA:1c002e7a
27422029ns          488565 1c00949a 0a012583 lw               x11, 160(x2)        x11=1c002e9a  x2:10002cd8  PA:10002d78
27422049ns          488566 1c00949c 1007d7b3 p.exthz          x15, x15, x0        x15=0000ff9c x15:ffffff9c
27422069ns          488567 1c0094a0 0004da03 lhu              x20, 0(x9)          x20=0000fa9c  x9:1c002e6a  PA:1c002e6a
27422407ns          488584 1c0094a4 1007c533 p.exths          x10, x15, x0        x10=ffffff9c x15:0000ff9c
27422427ns          488585 1c0094a8 09d11023 sh               x29, 128(x2)        x29:0000001e  x2:10002cd8  PA:10002d58
27422447ns          488586 1c0094ac 0003d483 lhu              x9, 0(x7)            x9=0000ffc8  x7:1c002eba  PA:1c002eba
27422745ns          488601 1c0094b0 02e80eb3 mul              x29, x16, x14       x29=ffffe45e x16:ffffffee x14:00000189
27422765ns          488602 1c0094b4 40a8d893 srai             x17, x17, 0x40a     x17=00000039 x17:0000e646
27422785ns          488603 1c0094b8 03c80833 mul              x16, x16, x28       x16=fffff574 x16:ffffffee x28:00000096
27422805ns          488604 1c0094bc 09e11823 sh               x30, 144(x2)        x30:0000fece  x2:10002cd8  PA:10002d68
27422825ns          488605 1c0094c0 0005d983 lhu              x19, 0(x11)         x19=0000ffa0 x11:1c002e9a  PA:1c002e9a
27423123ns          488620 1c0094c4 81c88f5b p.muls           x30, x17, x28       x30=00002166 x17:00000039 x28:00000096
27423143ns          488621 1c0094c8 0002d583 lhu              x11, 0(x5)          x11=0000ff8d  x5:1c002eaa  PA:1c002eaa
27423441ns          488636 1c0094cc 03ce0fb3 mul              x31, x28, x28       x31=000057e4 x28:00000096 x28:00000096
27423461ns          488637 1c0094d0 02e50733 mul              x14, x10, x14       x14=ffff667c x10:ffffff9c x14:00000189
27423481ns          488638 1c0094d4 40a85813 srai             x16, x16, 0x40a     x16=fffffffd x16:fffff574
27423501ns          488639 1c0094d8 03c50533 mul              x10, x10, x28       x10=ffffc568 x10:ffffff9c x28:00000096
27423521ns          488640 1c0094dc 07015e03 lhu              x28, 112(x2)        x28=0000005a  x2:10002cd8  PA:10002d48
27423561ns          488642 1c0094e0 01b60633 add              x12, x12, x27       x12=00001b3c x12:00000189 x27:000019b3
27423581ns          488643 1c0094e2 00980833 add              x16, x16, x9        x16=0000ffc5 x16:fffffffd  x9:0000ffc8
27423600ns          488644 1c0094e4 06015d83 lhu              x27, 96(x2)         x27=00000126  x2:10002cd8  PA:10002d38
27423620ns          488645 1c0094e8 02812483 lw               x9, 40(x2)           x9=1c002eca  x2:10002cd8  PA:10002d00
27423640ns          488646 1c0094ea 40afdf93 srai             x31, x31, 0x40a     x31=00000015 x31:000057e4
27423660ns          488647 1c0094ee 40a55513 srai             x10, x10, 0x40a     x10=fffffff1 x10:ffffc568
27423680ns          488648 1c0094f0 01cf8fb3 add              x31, x31, x28       x31=0000006f x31:00000015 x28:0000005a
27423700ns          488649 1c0094f2 00b50533 add              x10, x10, x11       x10=0000ff7e x10:fffffff1 x11:0000ff8d
27423720ns          488650 1c0094f4 09015e03 lhu              x28, 144(x2)        x28=0000fece  x2:10002cd8  PA:10002d68
27423740ns          488651 1c0094f8 03012583 lw               x11, 48(x2)         x11=1c002eda  x2:10002cd8  PA:10002d08
27423760ns          488652 1c0094fa 00c49023 sh               x12, 0(x9)          x12:00001b3c  x9:1c002eca  PA:1c002eca
27424118ns          488670 1c0094fe 01b888b3 add              x17, x17, x27       x17=0000015f x17:00000039 x27:00000126
27424137ns          488671 1c009500 01a30333 add              x6, x6, x26          x6=00000547  x6:00000096 x26:000004b1
27424157ns          488672 1c009502 08015d83 lhu              x27, 128(x2)        x27=0000001e  x2:10002cd8  PA:10002d58
27424177ns          488673 1c009506 0000d903 lhu              x18, 0(x1)          x18=0000febf  x1:1c002e8a  PA:1c002e8a
27424495ns          488689 1c00950a 01c686b3 add              x13, x13, x28       x13=0001febc x13:0000ffee x28:0000fece
27424515ns          488690 1c00950c 00659023 sh               x6, 0(x11)           x6:00000547 x11:1c002eda  PA:1c002eda
27424873ns          488708 1c009510 40af5f13 srai             x30, x30, 0x40a     x30=00000008 x30:00002166
27424893ns          488709 1c009514 04812e03 lw               x28, 72(x2)         x28=1c002f0a  x2:10002cd8  PA:10002d20
27424913ns          488710 1c009516 01bf0f33 add              x30, x30, x27       x30=00000026 x30:00000008 x27:0000001e
27424933ns          488711 1c009518 40aede93 srai             x29, x29, 0x40a     x29=fffffff9 x29:ffffe45e
27424953ns          488712 1c00951c 40a75713 srai             x14, x14, 0x40a     x14=ffffffd9 x14:ffff667c
27424973ns          488713 1c00951e 03812603 lw               x12, 56(x2)         x12=1c002eea  x2:10002cd8  PA:10002d10
27424993ns          488714 1c009520 04012d83 lw               x27, 64(x2)         x27=1c002efa  x2:10002cd8  PA:10002d18
27425013ns          488715 1c009522 01ee1023 sh               x30, 0(x28)         x30:00000026 x28:1c002f0a  PA:1c002f0a
27425351ns          488732 1c009526 05812483 lw               x9, 88(x2)           x9=1c002e6a  x2:10002cd8  PA:10002d30
27425371ns          488733 1c009528 05012f03 lw               x30, 80(x2)         x30=1c002e7a  x2:10002cd8  PA:10002d28
27425390ns          488734 1c00952a 0a012583 lw               x11, 160(x2)        x11=1c002e9a  x2:10002cd8  PA:10002d78
27425410ns          488735 1c00952c 014787b3 add              x15, x15, x20       x15=0001fa38 x15:0000ff9c x20:0000fa9c
27425430ns          488736 1c00952e 013e8eb3 add              x29, x29, x19       x29=0000ff99 x29:fffffff9 x19:0000ffa0
27425450ns          488737 1c009530 01270733 add              x14, x14, x18       x14=0000fe98 x14:ffffffd9 x18:0000febf
27425470ns          488738 1c009532 00f49023 sh               x15, 0(x9)          x15:0001fa38  x9:1c002e6a  PA:1c002e6a
27425788ns          488754 1c009536 01161023 sh               x17, 0(x12)         x17:0000015f x12:1c002eea  PA:1c002eea
27426106ns          488770 1c00953a 01fd9023 sh               x31, 0(x27)         x31:0000006f x27:1c002efa  PA:1c002efa
27426464ns          488788 1c00953e 00df1023 sh               x13, 0(x30)         x13:0001febc x30:1c002e7a  PA:1c002e7a
27426783ns          488804 1c009542 01d59023 sh               x29, 0(x11)         x29:0000ff99 x11:1c002e9a  PA:1c002e9a
27427101ns          488820 1c009546 00e09023 sh               x14, 0(x1)          x14:0000fe98  x1:1c002e8a  PA:1c002e8a
27427439ns          488837 1c00954a 01039023 sh               x16, 0(x7)          x16:0000ffc5  x7:1c002eba  PA:1c002eba
27427777ns          488854 1c00954e 00a29023 sh               x10, 0(x5)          x10:0000ff7e  x5:1c002eaa  PA:1c002eaa
27428095ns          488870 1c009552 008b0b13 addi             x22, x22, 8         x22=000001ed x22:000001e5
27428115ns          488871 1c009554 1f300793 addi             x15, x0, 499        x15=000001f3
27428135ns          488872 1c009558 e767dae3 bge              x15, x22, -396      x15:000001f3 x22:000001ed
27428234ns          488877 1c0093cc 010c9a0b p.lh             x20, 16(x25!)       x20=00000101 x25=1c002a72 x25:1c002a62  PA:1c002a62
27428572ns          488894 1c0093d0 0104198b p.lh             x19, 16(x8!)        x19=fffffe96  x8=1c00223a  x8:1c00222a  PA:1c00222a
27428891ns          488910 1c0093d4 2cc10513 addi             x10, x2, 716        x10=10002fa4  x2:10002cd8
27428911ns          488911 1c0093d6 010a990b p.lh             x18, 16(x21!)       x18=000000ce x21=1c001a66 x21:1c001a56  PA:1c001a56
27429209ns          488926 1c0093da 010b948b p.lh             x9, 16(x23!)         x9=fffffe76 x23=1c001296 x23:1c001286  PA:1c001286
27429507ns          488941 1c0093de 2d411623 sh               x20, 716(x2)        x20:00000101  x2:10002cd8  PA:10002fa4
27429527ns          488942 1c0093e2 2d311723 sh               x19, 718(x2)        x19:fffffe96  x2:10002cd8  PA:10002fa6
27429547ns          488943 1c0093e6 c33ff0ef jal              x1, -974             x1=1c0093e8
27429627ns          488947 1c009018 00051803 lh               x16, 0(x10)         x16=00000101 x10:10002fa4  PA:10002fa4
27429666ns          488949 1c00901c 00251883 lh               x17, 2(x10)         x17=fffffe96 x10:10002fa4  PA:10002fa6
27429686ns          488950 1c009020 030806b3 mul              x13, x16, x16       x13=00010201 x16:00000101 x16:00000101
27429706ns          488951 1c009024 03188633 mul              x12, x17, x17       x12=0001ffe4 x17:fffffe96 x17:fffffe96
27429726ns          488952 1c009028 40a65613 srai             x12, x12, 0x40a     x12=0000007f x12:0001ffe4
27429746ns          488953 1c00902a 40a6d693 srai             x13, x13, 0x40a     x13=00000040 x13:00010201
27429766ns          488954 1c00902c 00c686b3 add              x13, x13, x12       x13=000000bf x13:00000040 x12:0000007f
27429786ns          488955 1c00902e 1006c633 p.exths          x12, x13, x0        x12=000000bf x13:000000bf
27429806ns          488956 1c009032 00855703 lhu              x14, 8(x10)         x14=0000ffd1 x10:10002fa4  PA:10002fac
27429825ns          488957 1c009036 00a55683 lhu              x13, 10(x10)        x13=0000ff6a x10:10002fa4  PA:10002fae
27429845ns          488958 1c00903a 02c60333 mul              x6, x12, x12         x6=00008e81 x12:000000bf x12:000000bf
27429885ns          488960 1c00903e 00c55783 lhu              x15, 12(x10)        x15=0000ffe5 x10:10002fa4  PA:10002fb0
27429925ns          488962 1c009042 00e55583 lhu              x11, 14(x10)        x11=00000060 x10:10002fa4  PA:10002fb2
27429945ns          488963 1c009046 dea30333 p.extract        x6, x6, 15, 10       x6=00000023  x6:00008e81
27429965ns          488964 1c00904a 80c7075b p.muls           x14, x14, x12       x14=ffffdcef x14:0000ffd1 x12:000000bf
27430024ns          488967 1c00904e 80c686db p.muls           x13, x13, x12       x13=ffff9016 x13:0000ff6a x12:000000bf
27430064ns          488969 1c009052 00455e83 lhu              x29, 4(x10)         x29=00000427 x10:10002fa4  PA:10002fa8
27430084ns          488970 1c009056 00655e03 lhu              x28, 6(x10)         x28=0000007f x10:10002fa4  PA:10002faa
27430104ns          488971 1c00905a 40a75713 srai             x14, x14, 0x40a     x14=fffffff7 x14:ffffdcef
27430124ns          488972 1c00905c 806787db p.muls           x15, x15, x6        x15=fffffc4f x15:0000ffe5  x6:00000023
27430164ns          488974 1c009060 40a6d693 srai             x13, x13, 0x40a     x13=ffffffe4 x13:ffff9016
27430203ns          488976 1c009062 8065865b p.muls           x12, x11, x6        x12=00000d20 x11:00000060  x6:00000023
27430223ns          488977 1c009066 40a7d793 srai             x15, x15, 0x40a     x15=ffffffff x15:fffffc4f
27430243ns          488978 1c009068 40a65613 srai             x12, x12, 0x40a     x12=00000003 x12:00000d20
27430263ns          488979 1c00906a 01d70733 add              x14, x14, x29       x14=0000041e x14:fffffff7 x29:00000427
27430283ns          488980 1c00906c 01c686b3 add              x13, x13, x28       x13=00000063 x13:ffffffe4 x28:0000007f
27430303ns          488981 1c00906e 00c686b3 add              x13, x13, x12       x13=00000066 x13:00000063 x12:00000003
27430323ns          488982 1c009070 00f70733 add              x14, x14, x15       x14=0000041d x14:0000041e x15:ffffffff
27430343ns          488983 1c009072 100747b3 p.exths          x15, x14, x0        x15=0000041d x14:0000041d
27430362ns          488984 1c009076 1006c733 p.exths          x14, x13, x0        x14=00000066 x13:00000066
27430382ns          488985 1c00907a 03170633 mul              x12, x14, x17       x12=ffff6fc4 x14:00000066 x17:fffffe96
27430402ns          488986 1c00907e 030786b3 mul              x13, x15, x16       x13=0004211d x15:0000041d x16:00000101
27430422ns          488987 1c009082 03070733 mul              x14, x14, x16       x14=00006666 x14:00000066 x16:00000101
27430442ns          488988 1c009086 031787b3 mul              x15, x15, x17       x15=fffa2efe x15:0000041d x17:fffffe96
27430462ns          488989 1c00908a 40a6d693 srai             x13, x13, 0x40a     x13=00000108 x13:0004211d
27430482ns          488990 1c00908c 40a65613 srai             x12, x12, 0x40a     x12=ffffffdb x12:ffff6fc4
27430502ns          488991 1c00908e 40a7d793 srai             x15, x15, 0x40a     x15=fffffe8b x15:fffa2efe
27430522ns          488992 1c009090 40a75713 srai             x14, x14, 0x40a     x14=00000019 x14:00006666
27430541ns          488993 1c009092 40c686b3 sub              x13, x13, x12       x13=0000012d x13:00000108 x12:ffffffdb
27430561ns          488994 1c009094 00e787b3 add              x15, x15, x14       x15=fffffea4 x15:fffffe8b x14:00000019
27430581ns          488995 1c009096 00d51823 sh               x13, 16(x10)        x13:0000012d x10:10002fa4  PA:10002fb4
27430601ns          488996 1c00909a 00f51923 sh               x15, 18(x10)        x15:fffffea4 x10:10002fa4  PA:10002fb6
27430621ns          488997 1c00909e 00008067 jalr             x0, x1, 0            x1:1c0093e8
27430701ns          489001 1c0093e8 2dc15583 lhu              x11, 732(x2)        x11=0000012d  x2:10002cd8  PA:10002fb4
27430720ns          489002 1c0093ec 2de15783 lhu              x15, 734(x2)        x15=0000fea4  x2:10002cd8  PA:10002fb6
27430740ns          489003 1c0093f0 40b90933 sub              x18, x18, x11       x18=ffffffa1 x18:000000ce x11:0000012d
27430760ns          489004 1c0093f4 40f484b3 sub              x9, x9, x15          x9=fffeffd2  x9:fffffe76 x15:0000fea4
27430780ns          489005 1c0093f6 100945b3 p.exths          x11, x18, x0        x11=ffffffa1 x18:ffffffa1
27430800ns          489006 1c0093fa 1004c7b3 p.exths          x15, x9, x0         x15=ffffffd2  x9:fffeffd2
27430820ns          489007 1c0093fe 034586b3 mul              x13, x11, x20       x13=ffffa0a1 x11:ffffffa1 x20:00000101
27430840ns          489008 1c009402 03378533 mul              x10, x15, x19       x10=0000410c x15:ffffffd2 x19:fffffe96
27430860ns          489009 1c009406 034a0633 mul              x12, x20, x20       x12=00010201 x20:00000101 x20:00000101
27430880ns          489010 1c00940a 03398733 mul              x14, x19, x19       x14=0001ffe4 x19:fffffe96 x19:fffffe96
27430939ns          489013 1c00940e 034787b3 mul              x15, x15, x20       x15=ffffd1d2 x15:ffffffd2 x20:00000101
27430979ns          489015 1c009412 033585b3 mul              x11, x11, x19       x11=00008656 x11:ffffffa1 x19:fffffe96
27430999ns          489016 1c009416 40a75713 srai             x14, x14, 0x40a     x14=0000007f x14:0001ffe4
27431019ns          489017 1c009418 40a5d593 srai             x11, x11, 0x40a     x11=00000021 x11:00008656
27431039ns          489018 1c00941a 40a65613 srai             x12, x12, 0x40a     x12=00000040 x12:00010201
27431058ns          489019 1c00941c 40a7d793 srai             x15, x15, 0x40a     x15=fffffff4 x15:ffffd1d2
27431078ns          489020 1c00941e 1c0034b7 lui              x9, 0x1c003000       x9=1c003000
27431098ns          489021 1c009422 00e60633 add              x12, x12, x14       x12=000000bf x12:00000040 x14:0000007f
27431118ns          489022 1c009424 40b787b3 sub              x15, x15, x11       x15=ffffffd3 x15:fffffff4 x11:00000021
27431138ns          489023 1c009426 eb048493 addi             x9, x9, -336         x9=1c002eb0  x9:1c003000
27431158ns          489024 1c00942a 1c0032b7 lui              x5, 0x1c003000       x5=1c003000
27431178ns          489025 1c00942e 1c0035b7 lui              x11, 0x1c003000     x11=1c003000
27431198ns          489026 1c009432 018483b3 add              x7, x9, x24          x7=1c002eba  x9:1c002eb0 x24:0000000a
27431218ns          489027 1c009436 02812e83 lw               x29, 40(x2)         x29=1c002eca  x2:10002cd8  PA:10002d00
27431237ns          489028 1c009438 10065633 p.exthz          x12, x12, x0        x12=000000bf x12:000000bf
27431257ns          489029 1c00943c e8028293 addi             x5, x5, -384         x5=1c002e80  x5:1c003000
27431277ns          489030 1c009440 ea058593 addi             x11, x11, -352      x11=1c002ea0 x11:1c003000
27431297ns          489031 1c009444 03812483 lw               x9, 56(x2)           x9=1c002eea  x2:10002cd8  PA:10002d10
27431317ns          489032 1c009446 10064733 p.exths          x14, x12, x0        x14=000000bf x12:000000bf
27431337ns          489033 1c00944a 018280b3 add              x1, x5, x24          x1=1c002e8a  x5:1c002e80 x24:0000000a
27431357ns          489034 1c00944e 03012f03 lw               x30, 48(x2)         x30=1c002eda  x2:10002cd8  PA:10002d08
27431377ns          489035 1c009450 018582b3 add              x5, x11, x24         x5=1c002eaa x11:1c002ea0 x24:0000000a
27431397ns          489036 1c009454 04012583 lw               x11, 64(x2)         x11=1c002efa  x2:10002cd8  PA:10002d18
27431416ns          489037 1c009456 000edd83 lhu              x27, 0(x29)         x27=00001b3c x29:1c002eca  PA:1c002eca
27431755ns          489054 1c00945a 0004d483 lhu              x9, 0(x9)            x9=0000015f  x9:1c002eea  PA:1c002eea
27432053ns          489069 1c00945e 02e70333 mul              x6, x14, x14         x6=00008e81 x14:000000bf x14:000000bf
27432073ns          489070 1c009462 40a55513 srai             x10, x10, 0x40a     x10=00000010 x10:0000410c
27432093ns          489071 1c009464 04812e83 lw               x29, 72(x2)         x29=1c002f0a  x2:10002cd8  PA:10002d20
27432113ns          489072 1c009466 40a6d693 srai             x13, x13, 0x40a     x13=ffffffe8 x13:ffffa0a1
27432132ns          489073 1c009468 000f5d03 lhu              x26, 0(x30)         x26=00000547 x30:1c002eda  PA:1c002eda
27432451ns          489089 1c00946c 0005d583 lhu              x11, 0(x11)         x11=0000006f x11:1c002efa  PA:1c002efa
27432749ns          489104 1c009470 40a35313 srai             x6, x6, 0x40a        x6=00000023  x6:00008e81
27432769ns          489105 1c009474 00a686b3 add              x13, x13, x10       x13=fffffff8 x13:ffffffe8 x10:00000010
27432789ns          489106 1c009476 05012f03 lw               x30, 80(x2)         x30=1c002e7a  x2:10002cd8  PA:10002d28
27432809ns          489107 1c009478 10034e33 p.exths          x28, x6, x0         x28=00000023  x6:00000023
27432829ns          489108 1c00947c 06911023 sh               x9, 96(x2)           x9:0000015f  x2:10002cd8  PA:10002d38
27432848ns          489109 1c009480 000ede83 lhu              x29, 0(x29)         x29=00000026 x29:1c002f0a  PA:1c002f0a
27433147ns          489124 1c009484 05812483 lw               x9, 88(x2)           x9=1c002e6a  x2:10002cd8  PA:10002d30
27433167ns          489125 1c009486 1006d6b3 p.exthz          x13, x13, x0        x13=0000fff8 x13:fffffff8
27433187ns          489126 1c00948a 02ee08b3 mul              x17, x28, x14       x17=00001a1d x28:00000023 x14:000000bf
27433206ns          489127 1c00948e 1006c833 p.exths          x16, x13, x0        x16=fffffff8 x13:0000fff8
27433226ns          489128 1c009492 06b11823 sh               x11, 112(x2)        x11:0000006f  x2:10002cd8  PA:10002d48
27433246ns          489129 1c009496 000f5f03 lhu              x30, 0(x30)         x30=0000febc x30:1c002e7a  PA:1c002e7a
27433544ns          489144 1c00949a 0a012583 lw               x11, 160(x2)        x11=1c002e9a  x2:10002cd8  PA:10002d78
27433564ns          489145 1c00949c 1007d7b3 p.exthz          x15, x15, x0        x15=0000ffd3 x15:ffffffd3
27433584ns          489146 1c0094a0 0004da03 lhu              x20, 0(x9)          x20=0000fa38  x9:1c002e6a  PA:1c002e6a
27433902ns          489162 1c0094a4 1007c533 p.exths          x10, x15, x0        x10=ffffffd3 x15:0000ffd3
27433922ns          489163 1c0094a8 09d11023 sh               x29, 128(x2)        x29:00000026  x2:10002cd8  PA:10002d58
27433942ns          489164 1c0094ac 0003d483 lhu              x9, 0(x7)            x9=0000ffc5  x7:1c002eba  PA:1c002eba
27434241ns          489179 1c0094b0 02e80eb3 mul              x29, x16, x14       x29=fffffa08 x16:fffffff8 x14:000000bf
27434260ns          489180 1c0094b4 40a8d893 srai             x17, x17, 0x40a     x17=00000006 x17:00001a1d
27434280ns          489181 1c0094b8 03c80833 mul              x16, x16, x28       x16=fffffee8 x16:fffffff8 x28:00000023
27434300ns          489182 1c0094bc 09e11823 sh               x30, 144(x2)        x30:0000febc  x2:10002cd8  PA:10002d68
27434320ns          489183 1c0094c0 0005d983 lhu              x19, 0(x11)         x19=0000ff99 x11:1c002e9a  PA:1c002e9a
27434638ns          489199 1c0094c4 81c88f5b p.muls           x30, x17, x28       x30=000000d2 x17:00000006 x28:00000023
27434658ns          489200 1c0094c8 0002d583 lhu              x11, 0(x5)          x11=0000ff7e  x5:1c002eaa  PA:1c002eaa
27435016ns          489218 1c0094cc 03ce0fb3 mul              x31, x28, x28       x31=000004c9 x28:00000023 x28:00000023
27435036ns          489219 1c0094d0 02e50733 mul              x14, x10, x14       x14=ffffde6d x10:ffffffd3 x14:000000bf
27435056ns          489220 1c0094d4 40a85813 srai             x16, x16, 0x40a     x16=ffffffff x16:fffffee8
27435076ns          489221 1c0094d8 03c50533 mul              x10, x10, x28       x10=fffff9d9 x10:ffffffd3 x28:00000023
27435096ns          489222 1c0094dc 07015e03 lhu              x28, 112(x2)        x28=0000006f  x2:10002cd8  PA:10002d48
27435116ns          489223 1c0094e0 01b60633 add              x12, x12, x27       x12=00001bfb x12:000000bf x27:00001b3c
27435136ns          489224 1c0094e2 00980833 add              x16, x16, x9        x16=0000ffc4 x16:ffffffff  x9:0000ffc5
27435155ns          489225 1c0094e4 06015d83 lhu              x27, 96(x2)         x27=0000015f  x2:10002cd8  PA:10002d38
27435175ns          489226 1c0094e8 02812483 lw               x9, 40(x2)           x9=1c002eca  x2:10002cd8  PA:10002d00
27435195ns          489227 1c0094ea 40afdf93 srai             x31, x31, 0x40a     x31=00000001 x31:000004c9
27435215ns          489228 1c0094ee 40a55513 srai             x10, x10, 0x40a     x10=fffffffe x10:fffff9d9
27435235ns          489229 1c0094f0 01cf8fb3 add              x31, x31, x28       x31=00000070 x31:00000001 x28:0000006f
27435255ns          489230 1c0094f2 00b50533 add              x10, x10, x11       x10=0000ff7c x10:fffffffe x11:0000ff7e
27435275ns          489231 1c0094f4 09015e03 lhu              x28, 144(x2)        x28=0000febc  x2:10002cd8  PA:10002d68
27435295ns          489232 1c0094f8 03012583 lw               x11, 48(x2)         x11=1c002eda  x2:10002cd8  PA:10002d08
27435315ns          489233 1c0094fa 00c49023 sh               x12, 0(x9)          x12:00001bfb  x9:1c002eca  PA:1c002eca
27435633ns          489249 1c0094fe 01b888b3 add              x17, x17, x27       x17=00000165 x17:00000006 x27:0000015f
27435653ns          489250 1c009500 01a30333 add              x6, x6, x26          x6=0000056a  x6:00000023 x26:00000547
27435673ns          489251 1c009502 08015d83 lhu              x27, 128(x2)        x27=00000026  x2:10002cd8  PA:10002d58
27435692ns          489252 1c009506 0000d903 lhu              x18, 0(x1)          x18=0000fe98  x1:1c002e8a  PA:1c002e8a
27435991ns          489267 1c00950a 01c686b3 add              x13, x13, x28       x13=0001feb4 x13:0000fff8 x28:0000febc
27436011ns          489268 1c00950c 00659023 sh               x6, 0(x11)           x6:0000056a x11:1c002eda  PA:1c002eda
27436329ns          489284 1c009510 40af5f13 srai             x30, x30, 0x40a     x30=00000000 x30:000000d2
27436349ns          489285 1c009514 04812e03 lw               x28, 72(x2)         x28=1c002f0a  x2:10002cd8  PA:10002d20
27436369ns          489286 1c009516 01bf0f33 add              x30, x30, x27       x30=00000026 x30:00000000 x27:00000026
27436388ns          489287 1c009518 40aede93 srai             x29, x29, 0x40a     x29=fffffffe x29:fffffa08
27436408ns          489288 1c00951c 40a75713 srai             x14, x14, 0x40a     x14=fffffff7 x14:ffffde6d
27436428ns          489289 1c00951e 03812603 lw               x12, 56(x2)         x12=1c002eea  x2:10002cd8  PA:10002d10
27436448ns          489290 1c009520 04012d83 lw               x27, 64(x2)         x27=1c002efa  x2:10002cd8  PA:10002d18
27436468ns          489291 1c009522 01ee1023 sh               x30, 0(x28)         x30:00000026 x28:1c002f0a  PA:1c002f0a
27436786ns          489307 1c009526 05812483 lw               x9, 88(x2)           x9=1c002e6a  x2:10002cd8  PA:10002d30
27436806ns          489308 1c009528 05012f03 lw               x30, 80(x2)         x30=1c002e7a  x2:10002cd8  PA:10002d28
27436826ns          489309 1c00952a 0a012583 lw               x11, 160(x2)        x11=1c002e9a  x2:10002cd8  PA:10002d78
27436846ns          489310 1c00952c 014787b3 add              x15, x15, x20       x15=0001fa0b x15:0000ffd3 x20:0000fa38
27436866ns          489311 1c00952e 013e8eb3 add              x29, x29, x19       x29=0000ff97 x29:fffffffe x19:0000ff99
27436886ns          489312 1c009530 01270733 add              x14, x14, x18       x14=0000fe8f x14:fffffff7 x18:0000fe98
27436906ns          489313 1c009532 00f49023 sh               x15, 0(x9)          x15:0001fa0b  x9:1c002e6a  PA:1c002e6a
27437244ns          489330 1c009536 01161023 sh               x17, 0(x12)         x17:00000165 x12:1c002eea  PA:1c002eea
27437562ns          489346 1c00953a 01fd9023 sh               x31, 0(x27)         x31:00000070 x27:1c002efa  PA:1c002efa
27437920ns          489364 1c00953e 00df1023 sh               x13, 0(x30)         x13:0001feb4 x30:1c002e7a  PA:1c002e7a
27438238ns          489380 1c009542 01d59023 sh               x29, 0(x11)         x29:0000ff97 x11:1c002e9a  PA:1c002e9a
27438556ns          489396 1c009546 00e09023 sh               x14, 0(x1)          x14:0000fe8f  x1:1c002e8a  PA:1c002e8a
27438894ns          489413 1c00954a 01039023 sh               x16, 0(x7)          x16:0000ffc4  x7:1c002eba  PA:1c002eba
27439232ns          489430 1c00954e 00a29023 sh               x10, 0(x5)          x10:0000ff7c  x5:1c002eaa  PA:1c002eaa
27439551ns          489446 1c009552 008b0b13 addi             x22, x22, 8         x22=000001f5 x22:000001ed
27439571ns          489447 1c009554 1f300793 addi             x15, x0, 499        x15=000001f3
27439590ns          489448 1c009558 e767dae3 bge              x15, x22, -396      x15:000001f3 x22:000001f5
27439610ns          489449 1c00955c 790020ef jal              x1, 10128            x1=1c009560
27440108ns          489474 1c00bcec f14027f3 csrrs            x15, x0, 0xf14      x15=00000005
27440187ns          489478 1c00bcf0 01f00713 addi             x14, x0, 31         x14=0000001f
27440227ns          489480 1c00bcf2 ca5797b3 p.extractu       x15, x15, 5, 5      x15=00000000 x15:00000005
27440247ns          489481 1c00bcf6 00e78863 beq              x15, x14, 16        x15:00000000 x14:0000001f
27440267ns          489482 1c00bcfa 002047b7 lui              x15, 0x204000       x15=00204000
27440326ns          489485 1c00bcfe 20078793 addi             x15, x15, 512       x15=00204200 x15:00204000
27440366ns          489487 1c00bd02 01c7e703 p.elw            x14, 28(x15)        x14=00010000 x15:00204200  PA:0020421c
27453413ns          490143 1c00bd06 00008067 jalr             x0, x1, 0            x1:1c009560
27453452ns          490145 1c009560 0ac12683 lw               x13, 172(x2)        x13=00000005  x2:10002cd8  PA:10002d84
27453532ns          490149 1c009562 28069ce3 bne              x13, x0, 2712       x13:00000005
27454646ns          490205 1c009ffa 4f3010ef jal              x1, 7410             x1=1c009ffe
27455282ns          490237 1c00bcec f14027f3 csrrs            x15, x0, 0xf14      x15=00000005
27455302ns          490238 1c00bcf0 01f00713 addi             x14, x0, 31         x14=0000001f
27455322ns          490239 1c00bcf2 ca5797b3 p.extractu       x15, x15, 5, 5      x15=00000000 x15:00000005
27455342ns          490240 1c00bcf6 00e78863 beq              x15, x14, 16        x15:00000000 x14:0000001f
27455362ns          490241 1c00bcfa 002047b7 lui              x15, 0x204000       x15=00204000
27455421ns          490244 1c00bcfe 20078793 addi             x15, x15, 512       x15=00204200 x15:00204000
27455461ns          490246 1c00bd02 01c7e703 p.elw            x14, 28(x15)        x14=00010000 x15:00204200  PA:0020421c
31727660ns          703650 1c00bd06 00008067 jalr             x0, x1, 0            x1:1c009ffe
31727700ns          703652 1c009ffe 00000493 addi             x9, x0, 0            x9=00000000
31727720ns          703653 1c00a000 4ed010ef jal              x1, 7404             x1=1c00a004
31727760ns          703655 1c00bcec f14027f3 csrrs            x15, x0, 0xf14      x15=00000005
31727780ns          703656 1c00bcf0 01f00713 addi             x14, x0, 31         x14=0000001f
31727800ns          703657 1c00bcf2 ca5797b3 p.extractu       x15, x15, 5, 5      x15=00000000 x15:00000005
31727820ns          703658 1c00bcf6 00e78863 beq              x15, x14, 16        x15:00000000 x14:0000001f
31727840ns          703659 1c00bcfa 002047b7 lui              x15, 0x204000       x15=00204000
31727860ns          703660 1c00bcfe 20078793 addi             x15, x15, 512       x15=00204200 x15:00204000
31727880ns          703661 1c00bd02 01c7e703 p.elw            x14, 28(x15)        x14=00010000 x15:00204200  PA:0020421c
31728402ns          703687 1c00bd06 00008067 jalr             x0, x1, 0            x1:1c00a004
31728442ns          703689 1c00a004 a4aff06f jal              x0, -3510          
31729506ns          703742 1c00924e 31c12083 lw               x1, 796(x2)          x1=1c00bbd0  x2:10002cd8  PA:10002ff4
31729546ns          703744 1c009252 31812403 lw               x8, 792(x2)          x8=xxxxxxxx  x2:10002cd8  PA:10002ff0
31729566ns          703745 1c009256 00900533 add              x10, x0, x9         x10=00000000  x9:00000000
31729586ns          703746 1c009258 31012903 lw               x18, 784(x2)        x18=xxxxxxxx  x2:10002cd8  PA:10002fe8
31729606ns          703747 1c00925c 31412483 lw               x9, 788(x2)          x9=xxxxxxxx  x2:10002cd8  PA:10002fec
31729967ns          703765 1c009260 30c12983 lw               x19, 780(x2)        x19=xxxxxxxx  x2:10002cd8  PA:10002fe4
31730007ns          703767 1c009264 30812a03 lw               x20, 776(x2)        x20=xxxxxxxx  x2:10002cd8  PA:10002fe0
31730027ns          703768 1c009268 30412a83 lw               x21, 772(x2)        x21=xxxxxxxx  x2:10002cd8  PA:10002fdc
31730047ns          703769 1c00926c 30012b03 lw               x22, 768(x2)        x22=xxxxxxxx  x2:10002cd8  PA:10002fd8
31730589ns          703796 1c009270 2fc12b83 lw               x23, 764(x2)        x23=xxxxxxxx  x2:10002cd8  PA:10002fd4
31730629ns          703798 1c009274 2f812c03 lw               x24, 760(x2)        x24=xxxxxxxx  x2:10002cd8  PA:10002fd0
31730649ns          703799 1c009278 2f412c83 lw               x25, 756(x2)        x25=xxxxxxxx  x2:10002cd8  PA:10002fcc
31730669ns          703800 1c00927c 2f012d03 lw               x26, 752(x2)        x26=xxxxxxxx  x2:10002cd8  PA:10002fc8
31731111ns          703822 1c009280 2ec12d83 lw               x27, 748(x2)        x27=xxxxxxxx  x2:10002cd8  PA:10002fc4
31731151ns          703824 1c009284 32010113 addi             x2, x2, 800          x2=10002ff8  x2:10002cd8
31731171ns          703825 1c009288 00008067 jalr             x0, x1, 0            x1:1c00bbd0
31731592ns          703846 1c00bbd0 f14027f3 csrrs            x15, x0, 0xf14      x15=00000005
31731632ns          703848 1c00bbd4 f457b7b3 p.bclr           x15, x15, 26, 5     x15=00000005 x15:00000005
31731652ns          703849 1c00bbd8 00079963 bne              x15, x0, 18         x15:00000005
31732114ns          703872 1c00bbea 002047b7 lui              x15, 0x204000       x15=00204000
31732656ns          703899 1c00bbee 00478713 addi             x14, x15, 4         x14=00204004 x15:00204000
31732676ns          703900 1c00bbf2 fff00693 addi             x13, x0, -1         x13=ffffffff
31732696ns          703901 1c00bbf4 00d72023 sw               x13, 0(x14)         x13:ffffffff x14:00204004  PA:00204004
