                Time          Cycles PC       Instr    Mnemonic
26618673ns          448171 1c008080 0640006f jal              x0, 100            
26619131ns          448194 1c0080e4 f1402573 csrrs            x10, x0, 0xf14      x10=00000003
26619171ns          448196 1c0080e8 01f57593 andi             x11, x10, 31        x11=00000003 x10:00000003
26619191ns          448197 1c0080ec 00555513 srli             x10, x10, 0x5       x10=00000000 x10:00000003
26619210ns          448198 1c0080ee 01f00613 addi             x12, x0, 31         x12=0000001f
26619628ns          448219 1c0080f0 00c50463 beq              x10, x12, 8         x10:00000000 x12:0000001f
26619668ns          448221 1c0080f4 fa1ff06f jal              x0, -96            
26620125ns          448244 1c008094 f3ff8117 auipc            x2, 0xf3ff8000       x2=10000094
26620165ns          448246 1c008098 f7010113 addi             x2, x2, -144         x2=10000004  x2:10000094
26620185ns          448247 1c00809c 00012103 lw               x2, 0(x2)            x2=10000008  x2:10000004  PA:10000004
26620622ns          448269 1c0080a0 000011b7 lui              x3, 0x1000           x3=00001000
26620662ns          448271 1c0080a4 80018193 addi             x3, x3, -2048        x3=00000800  x3:00001000
26620682ns          448272 1c0080a8 00158593 addi             x11, x11, 1         x11=00000004 x11:00000003
26620702ns          448273 1c0080ac 02b180b3 mul              x1, x3, x11          x1=00002000  x3:00000800 x11:00000004
26621140ns          448295 1c0080b0 00110133 add              x2, x2, x1           x2=10002008  x2:10000008  x1:00002000
26621179ns          448297 1c0080b4 2f10306f jal              x0, 15088          
26621657ns          448321 1c00bba4 002047b7 lui              x15, 0x204000       x15=00204000
26621696ns          448323 1c00bba8 ff010113 addi             x2, x2, -16          x2=10001ff8  x2:10002008
26621716ns          448324 1c00bbaa 00112623 sw               x1, 12(x2)           x1:00002000  x2:10001ff8  PA:10002004
26621736ns          448325 1c00bbac 00878713 addi             x14, x15, 8         x14=00204008 x15:00204000
26622154ns          448346 1c00bbb0 000706b7 lui              x13, 0x70000        x13=00070000
26622194ns          448348 1c00bbb4 00d72023 sw               x13, 0(x14)         x13:00070000 x14:00204008  PA:00204008
26622214ns          448349 1c00bbb6 20078693 addi             x13, x15, 512       x13=00204200 x15:00204000
26622233ns          448350 1c00bbba 0ff00713 addi             x14, x0, 255        x14=000000ff
26622253ns          448351 1c00bbbe 00e6a023 sw               x14, 0(x13)         x14:000000ff x13:00204200  PA:00204200
26622671ns          448372 1c00bbc0 20c78793 addi             x15, x15, 524       x15=0020420c x15:00204000
26622711ns          448374 1c00bbc4 00e7a023 sw               x14, 0(x15)         x14:000000ff x15:0020420c  PA:0020420c
26622731ns          448375 1c00bbc6 1c0037b7 lui              x15, 0x1c003000     x15=1c003000
26622751ns          448376 1c00bbca f447a783 lw               x15, -188(x15)      x15=1c009204 x15:1c003000  PA:1c002f44
26623188ns          448398 1c00bbce 000780e7 jalr             x1, x15, 0           x1=1c00bbd0 x15:1c009204
26623685ns          448423 1c009204 ce010113 addi             x2, x2, -800         x2=10001cd8  x2:10001ff8
26623725ns          448425 1c009208 f14027f3 csrrs            x15, x0, 0xf14      x15=00000003
26623745ns          448426 1c00920c 30112e23 sw               x1, 796(x2)          x1:1c00bbd0  x2:10001cd8  PA:10001ff4
26624202ns          448449 1c009210 30812c23 sw               x8, 792(x2)          x8:xxxxxxxx  x2:10001cd8  PA:10001ff0
26624242ns          448451 1c009214 30912a23 sw               x9, 788(x2)          x9:xxxxxxxx  x2:10001cd8  PA:10001fec
26624262ns          448452 1c009218 31212823 sw               x18, 784(x2)        x18:xxxxxxxx  x2:10001cd8  PA:10001fe8
26624282ns          448453 1c00921c 31312623 sw               x19, 780(x2)        x19:xxxxxxxx  x2:10001cd8  PA:10001fe4
26624719ns          448475 1c009220 31412423 sw               x20, 776(x2)        x20:xxxxxxxx  x2:10001cd8  PA:10001fe0
26624759ns          448477 1c009224 31512223 sw               x21, 772(x2)        x21:xxxxxxxx  x2:10001cd8  PA:10001fdc
26624779ns          448478 1c009228 31612023 sw               x22, 768(x2)        x22:xxxxxxxx  x2:10001cd8  PA:10001fd8
26624799ns          448479 1c00922c 2f712e23 sw               x23, 764(x2)        x23:xxxxxxxx  x2:10001cd8  PA:10001fd4
26625237ns          448501 1c009230 2f812c23 sw               x24, 760(x2)        x24:xxxxxxxx  x2:10001cd8  PA:10001fd0
26625276ns          448503 1c009234 2f912a23 sw               x25, 756(x2)        x25:xxxxxxxx  x2:10001cd8  PA:10001fcc
26625296ns          448504 1c009238 2fa12823 sw               x26, 752(x2)        x26:xxxxxxxx  x2:10001cd8  PA:10001fc8
26625316ns          448505 1c00923c 2fb12623 sw               x27, 748(x2)        x27:xxxxxxxx  x2:10001cd8  PA:10001fc4
26625754ns          448527 1c009240 ca579733 p.extractu       x14, x15, 5, 5      x14=00000000 x15:00000003
26625793ns          448529 1c009244 04070363 beq              x14, x0, 70         x14:00000000
26626310ns          448555 1c00928a f457b7b3 p.bclr           x15, x15, 26, 5     x15=00000003 x15:00000003
26626748ns          448577 1c00928e 1c000537 lui              x10, 0x1c000000     x10=1c000000
26626768ns          448578 1c009292 00f005b3 add              x11, x0, x15        x11=00000003 x15:00000003
26626788ns          448579 1c009294 00800613 addi             x12, x0, 8          x12=00000008
26626808ns          448580 1c009296 07050513 addi             x10, x10, 112       x10=1c000070 x10:1c000000
26626828ns          448581 1c00929a 0af12623 sw               x15, 172(x2)        x15:00000003  x2:10001cd8  PA:10001d84
26626847ns          448582 1c00929c 7c0010ef jal              x1, 6080             x1=1c0092a0
26627723ns          448626 1c00aa5c fc010113 addi             x2, x2, -64          x2=10001c98  x2:10001cd8
26628200ns          448650 1c00aa5e 02410313 addi             x6, x2, 36           x6=10001cbc  x2:10001c98
26628220ns          448651 1c00aa62 02c12423 sw               x12, 40(x2)         x12:00000008  x2:10001c98  PA:10001cc0
26628240ns          448652 1c00aa64 00a00633 add              x12, x0, x10        x12=1c000070 x10:1c000070
26628259ns          448653 1c00aa66 1c00b537 lui              x10, 0x1c00b000     x10=1c00b000
26628279ns          448654 1c00aa6a 02b12223 sw               x11, 36(x2)         x11:00000003  x2:10001c98  PA:10001cbc
26628299ns          448655 1c00aa6c 02d12623 sw               x13, 44(x2)         x13:00204200  x2:10001c98  PA:10001cc4
26628319ns          448656 1c00aa6e 00200593 addi             x11, x0, 2          x11=00000002
26628717ns          448676 1c00aa70 006006b3 add              x13, x0, x6         x13=10001cbc  x6:10001cbc
26628757ns          448678 1c00aa72 a1850513 addi             x10, x10, -1512     x10=1c00aa18 x10:1c00b000
26628777ns          448679 1c00aa76 00112e23 sw               x1, 28(x2)           x1:1c0092a0  x2:10001c98  PA:10001cb4
26628796ns          448680 1c00aa78 02e12823 sw               x14, 48(x2)         x14:00000000  x2:10001c98  PA:10001cc8
26628816ns          448681 1c00aa7a 02f12a23 sw               x15, 52(x2)         x15:00000003  x2:10001c98  PA:10001ccc
26628836ns          448682 1c00aa7c 03012c23 sw               x16, 56(x2)         x16:xxxxxxxx  x2:10001c98  PA:10001cd0
26628856ns          448683 1c00aa7e 03112e23 sw               x17, 60(x2)         x17:xxxxxxxx  x2:10001c98  PA:10001cd4
26629234ns          448702 1c00aa80 00612623 sw               x6, 12(x2)           x6:10001cbc  x2:10001c98  PA:10001ca4
26629254ns          448703 1c00aa82 fbfff0ef jal              x1, -66              x1=1c00aa84
26629711ns          448726 1c00aa40 04a0006f jal              x0, 74             
26629751ns          448728 1c00aa8a ed010113 addi             x2, x2, -304         x2=10001b68  x2:10001c98
26629771ns          448729 1c00aa8c 12812423 sw               x8, 296(x2)          x8:xxxxxxxx  x2:10001b68  PA:10001c90
26630209ns          448751 1c00aa90 00000413 addi             x8, x0, 0            x8=00000000
26630248ns          448753 1c00aa92 11612823 sw               x22, 272(x2)        x22:xxxxxxxx  x2:10001b68  PA:10001c78
26630268ns          448754 1c00aa96 11712623 sw               x23, 268(x2)        x23:xxxxxxxx  x2:10001b68  PA:10001c74
26630288ns          448755 1c00aa9a 11812423 sw               x24, 264(x2)        x24:xxxxxxxx  x2:10001b68  PA:10001c70
26630726ns          448777 1c00aa9e 11912223 sw               x25, 260(x2)        x25:xxxxxxxx  x2:10001b68  PA:10001c6c
26630765ns          448779 1c00aaa2 11a12023 sw               x26, 256(x2)        x26:xxxxxxxx  x2:10001b68  PA:10001c68
26630785ns          448780 1c00aaa6 0fb12e23 sw               x27, 252(x2)        x27:xxxxxxxx  x2:10001b68  PA:10001c64
26630805ns          448781 1c00aaa8 12112623 sw               x1, 300(x2)          x1:1c00aa84  x2:10001b68  PA:10001c94
26630825ns          448782 1c00aaac 00800db3 add              x27, x0, x8         x27=00000000  x8:00000000
26631243ns          448803 1c00aaae 12912223 sw               x9, 292(x2)          x9:xxxxxxxx  x2:10001b68  PA:10001c8c
26631282ns          448805 1c00aab2 13212023 sw               x18, 288(x2)        x18:xxxxxxxx  x2:10001b68  PA:10001c88
26631302ns          448806 1c00aab6 11312e23 sw               x19, 284(x2)        x19:xxxxxxxx  x2:10001b68  PA:10001c84
26631322ns          448807 1c00aaba 11412c23 sw               x20, 280(x2)        x20:xxxxxxxx  x2:10001b68  PA:10001c80
26631760ns          448829 1c00aabe 11512a23 sw               x21, 276(x2)        x21:xxxxxxxx  x2:10001b68  PA:10001c7c
26631780ns          448830 1c00aac2 00a00b33 add              x22, x0, x10        x22=1c00aa18 x10:1c00aa18
26631800ns          448831 1c00aac4 00b00d33 add              x26, x0, x11        x26=00000002 x11:00000002
26631819ns          448832 1c00aac6 00d00c33 add              x24, x0, x13        x24=10001cbc x13:10001cbc
26631839ns          448833 1c00aac8 1c000bb7 lui              x23, 0x1c000000     x23=1c000000
26631859ns          448834 1c00aacc 02410c93 addi             x25, x2, 36         x25=10001b8c  x2:10001b68
26632297ns          448856 1c00aad0 00c00433 add              x8, x0, x12          x8=1c000070 x12:1c000070
26632337ns          448858 1c00aad2 00044503 lbu              x10, 0(x8)          x10=00000043  x8:1c000070  PA:1c000070
26632754ns          448879 1c00aad6 00140413 addi             x8, x8, 1            x8=1c000071  x8:1c000070
26632774ns          448880 1c00aad8 00050e63 beq              x10, x0, 28         x10:00000043
26632794ns          448881 1c00aada 02500793 addi             x15, x0, 37         x15=00000025
26632834ns          448883 1c00aade 04f50863 beq              x10, x15, 80        x10:00000043 x15:00000025
26632854ns          448884 1c00aae2 01a005b3 add              x11, x0, x26        x11=00000002 x26:00000002
26632874ns          448885 1c00aae4 000b00e7 jalr             x1, x22, 0           x1=1c00aae6 x22:1c00aa18
26633331ns          448908 1c00aa18 000026b7 lui              x13, 0x2000         x13=00002000
26633371ns          448910 1c00aa1a f14027f3 csrrs            x15, x0, 0xf14      x15=00000003
26633808ns          448932 1c00aa1e f8068693 addi             x13, x13, -128      x13=00001f80 x13:00002000
26633848ns          448934 1c00aa22 00379713 slli             x14, x15, 0x3       x14=00000018 x15:00000003
26633868ns          448935 1c00aa26 00279793 slli             x15, x15, 0x2       x15=0000000c x15:00000003
26633888ns          448936 1c00aa28 00d7f7b3 and              x15, x15, x13       x15=00000000 x15:0000000c x13:00001f80
26633908ns          448937 1c00aa2a ee873733 p.bclr           x14, x14, 23, 8     x14=00000018 x14:00000018
26634325ns          448958 1c00aa2e 1a10f6b7 lui              x13, 0x1a10f000     x13=1a10f000
26634365ns          448960 1c00aa32 0ff57513 andi             x10, x10, 255       x10=00000043 x10:00000043
26634385ns          448961 1c00aa36 00d70733 add              x14, x14, x13       x14=1a10f018 x14:00000018 x13:1a10f000
26634405ns          448962 1c00aa38 00a7e723 p.sw             x10, x0(x15)        x10:00000043 x15:00000000  PA:1a10f018
26634882ns          448986 1c00aa3c 00000513 addi             x10, x0, 0          x10=00000000
26634902ns          448987 1c00aa3e 00008067 jalr             x0, x1, 0            x1:1c00aae6
26634962ns          448990 1c00aae6 25f52163 p.beqimm         x10, 578            x10:00000000
26634982ns          448991 1c00aaea 001d8d93 addi             x27, x27, 1         x27=00000001 x27:00000000
26635002ns          448992 1c00aaec 00044503 lbu              x10, 0(x8)          x10=0000006f  x8:1c000071  PA:1c000071
26635320ns          449008 1c00aaf0 00140413 addi             x8, x8, 1            x8=1c000072  x8:1c000071
26635340ns          449009 1c00aaf2 fe0514e3 bne              x10, x0, -24        x10:0000006f
26635877ns          449036 1c00aada 02500793 addi             x15, x0, 37         x15=00000025
26635896ns          449037 1c00aade 04f50863 beq              x10, x15, 80        x10:0000006f x15:00000025
26635916ns          449038 1c00aae2 01a005b3 add              x11, x0, x26        x11=00000002 x26:00000002
26635936ns          449039 1c00aae4 000b00e7 jalr             x1, x22, 0           x1=1c00aae6 x22:1c00aa18
26635976ns          449041 1c00aa18 000026b7 lui              x13, 0x2000         x13=00002000
26635996ns          449042 1c00aa1a f14027f3 csrrs            x15, x0, 0xf14      x15=00000003
26636016ns          449043 1c00aa1e f8068693 addi             x13, x13, -128      x13=00001f80 x13:00002000
26636036ns          449044 1c00aa22 00379713 slli             x14, x15, 0x3       x14=00000018 x15:00000003
26636056ns          449045 1c00aa26 00279793 slli             x15, x15, 0x2       x15=0000000c x15:00000003
26636075ns          449046 1c00aa28 00d7f7b3 and              x15, x15, x13       x15=00000000 x15:0000000c x13:00001f80
26636095ns          449047 1c00aa2a ee873733 p.bclr           x14, x14, 23, 8     x14=00000018 x14:00000018
26636115ns          449048 1c00aa2e 1a10f6b7 lui              x13, 0x1a10f000     x13=1a10f000
26636135ns          449049 1c00aa32 0ff57513 andi             x10, x10, 255       x10=0000006f x10:0000006f
26636155ns          449050 1c00aa36 00d70733 add              x14, x14, x13       x14=1a10f018 x14:00000018 x13:1a10f000
26636175ns          449051 1c00aa38 00a7e723 p.sw             x10, x0(x15)        x10:0000006f x15:00000000  PA:1a10f018
26636493ns          449067 1c00aa3c 00000513 addi             x10, x0, 0          x10=00000000
26636513ns          449068 1c00aa3e 00008067 jalr             x0, x1, 0            x1:1c00aae6
26636573ns          449071 1c00aae6 25f52163 p.beqimm         x10, 578            x10:00000000
26636593ns          449072 1c00aaea 001d8d93 addi             x27, x27, 1         x27=00000002 x27:00000001
26636612ns          449073 1c00aaec 00044503 lbu              x10, 0(x8)          x10=00000072  x8:1c000072  PA:1c000072
26636911ns          449088 1c00aaf0 00140413 addi             x8, x8, 1            x8=1c000073  x8:1c000072
26636931ns          449089 1c00aaf2 fe0514e3 bne              x10, x0, -24        x10:00000072
26637010ns          449093 1c00aada 02500793 addi             x15, x0, 37         x15=00000025
26637030ns          449094 1c00aade 04f50863 beq              x10, x15, 80        x10:00000072 x15:00000025
26637050ns          449095 1c00aae2 01a005b3 add              x11, x0, x26        x11=00000002 x26:00000002
26637070ns          449096 1c00aae4 000b00e7 jalr             x1, x22, 0           x1=1c00aae6 x22:1c00aa18
26637110ns          449098 1c00aa18 000026b7 lui              x13, 0x2000         x13=00002000
26637130ns          449099 1c00aa1a f14027f3 csrrs            x15, x0, 0xf14      x15=00000003
26637149ns          449100 1c00aa1e f8068693 addi             x13, x13, -128      x13=00001f80 x13:00002000
26637169ns          449101 1c00aa22 00379713 slli             x14, x15, 0x3       x14=00000018 x15:00000003
26637189ns          449102 1c00aa26 00279793 slli             x15, x15, 0x2       x15=0000000c x15:00000003
26637209ns          449103 1c00aa28 00d7f7b3 and              x15, x15, x13       x15=00000000 x15:0000000c x13:00001f80
26637229ns          449104 1c00aa2a ee873733 p.bclr           x14, x14, 23, 8     x14=00000018 x14:00000018
26637249ns          449105 1c00aa2e 1a10f6b7 lui              x13, 0x1a10f000     x13=1a10f000
26637269ns          449106 1c00aa32 0ff57513 andi             x10, x10, 255       x10=00000072 x10:00000072
26637289ns          449107 1c00aa36 00d70733 add              x14, x14, x13       x14=1a10f018 x14:00000018 x13:1a10f000
26637309ns          449108 1c00aa38 00a7e723 p.sw             x10, x0(x15)        x10:00000072 x15:00000000  PA:1a10f018
26637667ns          449126 1c00aa3c 00000513 addi             x10, x0, 0          x10=00000000
26637686ns          449127 1c00aa3e 00008067 jalr             x0, x1, 0            x1:1c00aae6
26637746ns          449130 1c00aae6 25f52163 p.beqimm         x10, 578            x10:00000000
26637766ns          449131 1c00aaea 001d8d93 addi             x27, x27, 1         x27=00000003 x27:00000002
26637786ns          449132 1c00aaec 00044503 lbu              x10, 0(x8)          x10=00000065  x8:1c000073  PA:1c000073
26638084ns          449147 1c00aaf0 00140413 addi             x8, x8, 1            x8=1c000074  x8:1c000073
26638104ns          449148 1c00aaf2 fe0514e3 bne              x10, x0, -24        x10:00000065
26638184ns          449152 1c00aada 02500793 addi             x15, x0, 37         x15=00000025
26638203ns          449153 1c00aade 04f50863 beq              x10, x15, 80        x10:00000065 x15:00000025
26638223ns          449154 1c00aae2 01a005b3 add              x11, x0, x26        x11=00000002 x26:00000002
26638243ns          449155 1c00aae4 000b00e7 jalr             x1, x22, 0           x1=1c00aae6 x22:1c00aa18
26638283ns          449157 1c00aa18 000026b7 lui              x13, 0x2000         x13=00002000
26638303ns          449158 1c00aa1a f14027f3 csrrs            x15, x0, 0xf14      x15=00000003
26638323ns          449159 1c00aa1e f8068693 addi             x13, x13, -128      x13=00001f80 x13:00002000
26638343ns          449160 1c00aa22 00379713 slli             x14, x15, 0x3       x14=00000018 x15:00000003
26638363ns          449161 1c00aa26 00279793 slli             x15, x15, 0x2       x15=0000000c x15:00000003
26638382ns          449162 1c00aa28 00d7f7b3 and              x15, x15, x13       x15=00000000 x15:0000000c x13:00001f80
26638402ns          449163 1c00aa2a ee873733 p.bclr           x14, x14, 23, 8     x14=00000018 x14:00000018
26638422ns          449164 1c00aa2e 1a10f6b7 lui              x13, 0x1a10f000     x13=1a10f000
26638442ns          449165 1c00aa32 0ff57513 andi             x10, x10, 255       x10=00000065 x10:00000065
26638462ns          449166 1c00aa36 00d70733 add              x14, x14, x13       x14=1a10f018 x14:00000018 x13:1a10f000
26638482ns          449167 1c00aa38 00a7e723 p.sw             x10, x0(x15)        x10:00000065 x15:00000000  PA:1a10f018
26638820ns          449184 1c00aa3c 00000513 addi             x10, x0, 0          x10=00000000
26638840ns          449185 1c00aa3e 00008067 jalr             x0, x1, 0            x1:1c00aae6
26638900ns          449188 1c00aae6 25f52163 p.beqimm         x10, 578            x10:00000000
26638919ns          449189 1c00aaea 001d8d93 addi             x27, x27, 1         x27=00000004 x27:00000003
26638939ns          449190 1c00aaec 00044503 lbu              x10, 0(x8)          x10=00000020  x8:1c000074  PA:1c000074
26639238ns          449205 1c00aaf0 00140413 addi             x8, x8, 1            x8=1c000075  x8:1c000074
26639258ns          449206 1c00aaf2 fe0514e3 bne              x10, x0, -24        x10:00000020
26639337ns          449210 1c00aada 02500793 addi             x15, x0, 37         x15=00000025
26639357ns          449211 1c00aade 04f50863 beq              x10, x15, 80        x10:00000020 x15:00000025
26639377ns          449212 1c00aae2 01a005b3 add              x11, x0, x26        x11=00000002 x26:00000002
26639397ns          449213 1c00aae4 000b00e7 jalr             x1, x22, 0           x1=1c00aae6 x22:1c00aa18
26639437ns          449215 1c00aa18 000026b7 lui              x13, 0x2000         x13=00002000
26639456ns          449216 1c00aa1a f14027f3 csrrs            x15, x0, 0xf14      x15=00000003
26639476ns          449217 1c00aa1e f8068693 addi             x13, x13, -128      x13=00001f80 x13:00002000
26639496ns          449218 1c00aa22 00379713 slli             x14, x15, 0x3       x14=00000018 x15:00000003
26639516ns          449219 1c00aa26 00279793 slli             x15, x15, 0x2       x15=0000000c x15:00000003
26639536ns          449220 1c00aa28 00d7f7b3 and              x15, x15, x13       x15=00000000 x15:0000000c x13:00001f80
26639556ns          449221 1c00aa2a ee873733 p.bclr           x14, x14, 23, 8     x14=00000018 x14:00000018
26639576ns          449222 1c00aa2e 1a10f6b7 lui              x13, 0x1a10f000     x13=1a10f000
26639596ns          449223 1c00aa32 0ff57513 andi             x10, x10, 255       x10=00000020 x10:00000020
26639616ns          449224 1c00aa36 00d70733 add              x14, x14, x13       x14=1a10f018 x14:00000018 x13:1a10f000
26639635ns          449225 1c00aa38 00a7e723 p.sw             x10, x0(x15)        x10:00000020 x15:00000000  PA:1a10f018
26639993ns          449243 1c00aa3c 00000513 addi             x10, x0, 0          x10=00000000
26640013ns          449244 1c00aa3e 00008067 jalr             x0, x1, 0            x1:1c00aae6
26640073ns          449247 1c00aae6 25f52163 p.beqimm         x10, 578            x10:00000000
26640093ns          449248 1c00aaea 001d8d93 addi             x27, x27, 1         x27=00000005 x27:00000004
26640113ns          449249 1c00aaec 00044503 lbu              x10, 0(x8)          x10=00000049  x8:1c000075  PA:1c000075
26640411ns          449264 1c00aaf0 00140413 addi             x8, x8, 1            x8=1c000076  x8:1c000075
26640431ns          449265 1c00aaf2 fe0514e3 bne              x10, x0, -24        x10:00000049
26640510ns          449269 1c00aada 02500793 addi             x15, x0, 37         x15=00000025
26640530ns          449270 1c00aade 04f50863 beq              x10, x15, 80        x10:00000049 x15:00000025
26640550ns          449271 1c00aae2 01a005b3 add              x11, x0, x26        x11=00000002 x26:00000002
26640570ns          449272 1c00aae4 000b00e7 jalr             x1, x22, 0           x1=1c00aae6 x22:1c00aa18
26640610ns          449274 1c00aa18 000026b7 lui              x13, 0x2000         x13=00002000
26640630ns          449275 1c00aa1a f14027f3 csrrs            x15, x0, 0xf14      x15=00000003
26640650ns          449276 1c00aa1e f8068693 addi             x13, x13, -128      x13=00001f80 x13:00002000
26640670ns          449277 1c00aa22 00379713 slli             x14, x15, 0x3       x14=00000018 x15:00000003
26640689ns          449278 1c00aa26 00279793 slli             x15, x15, 0x2       x15=0000000c x15:00000003
26640709ns          449279 1c00aa28 00d7f7b3 and              x15, x15, x13       x15=00000000 x15:0000000c x13:00001f80
26640729ns          449280 1c00aa2a ee873733 p.bclr           x14, x14, 23, 8     x14=00000018 x14:00000018
26640749ns          449281 1c00aa2e 1a10f6b7 lui              x13, 0x1a10f000     x13=1a10f000
26640769ns          449282 1c00aa32 0ff57513 andi             x10, x10, 255       x10=00000049 x10:00000049
26640789ns          449283 1c00aa36 00d70733 add              x14, x14, x13       x14=1a10f018 x14:00000018 x13:1a10f000
26640809ns          449284 1c00aa38 00a7e723 p.sw             x10, x0(x15)        x10:00000049 x15:00000000  PA:1a10f018
26641127ns          449300 1c00aa3c 00000513 addi             x10, x0, 0          x10=00000000
26641147ns          449301 1c00aa3e 00008067 jalr             x0, x1, 0            x1:1c00aae6
26641207ns          449304 1c00aae6 25f52163 p.beqimm         x10, 578            x10:00000000
26641226ns          449305 1c00aaea 001d8d93 addi             x27, x27, 1         x27=00000006 x27:00000005
26641246ns          449306 1c00aaec 00044503 lbu              x10, 0(x8)          x10=00000044  x8:1c000076  PA:1c000076
26641545ns          449321 1c00aaf0 00140413 addi             x8, x8, 1            x8=1c000077  x8:1c000076
26641565ns          449322 1c00aaf2 fe0514e3 bne              x10, x0, -24        x10:00000044
26641644ns          449326 1c00aada 02500793 addi             x15, x0, 37         x15=00000025
26641664ns          449327 1c00aade 04f50863 beq              x10, x15, 80        x10:00000044 x15:00000025
26641684ns          449328 1c00aae2 01a005b3 add              x11, x0, x26        x11=00000002 x26:00000002
26641704ns          449329 1c00aae4 000b00e7 jalr             x1, x22, 0           x1=1c00aae6 x22:1c00aa18
26641744ns          449331 1c00aa18 000026b7 lui              x13, 0x2000         x13=00002000
26641763ns          449332 1c00aa1a f14027f3 csrrs            x15, x0, 0xf14      x15=00000003
26641783ns          449333 1c00aa1e f8068693 addi             x13, x13, -128      x13=00001f80 x13:00002000
26641803ns          449334 1c00aa22 00379713 slli             x14, x15, 0x3       x14=00000018 x15:00000003
26641823ns          449335 1c00aa26 00279793 slli             x15, x15, 0x2       x15=0000000c x15:00000003
26641843ns          449336 1c00aa28 00d7f7b3 and              x15, x15, x13       x15=00000000 x15:0000000c x13:00001f80
26641863ns          449337 1c00aa2a ee873733 p.bclr           x14, x14, 23, 8     x14=00000018 x14:00000018
26641883ns          449338 1c00aa2e 1a10f6b7 lui              x13, 0x1a10f000     x13=1a10f000
26641903ns          449339 1c00aa32 0ff57513 andi             x10, x10, 255       x10=00000044 x10:00000044
26641923ns          449340 1c00aa36 00d70733 add              x14, x14, x13       x14=1a10f018 x14:00000018 x13:1a10f000
26641942ns          449341 1c00aa38 00a7e723 p.sw             x10, x0(x15)        x10:00000044 x15:00000000  PA:1a10f018
26642281ns          449358 1c00aa3c 00000513 addi             x10, x0, 0          x10=00000000
26642300ns          449359 1c00aa3e 00008067 jalr             x0, x1, 0            x1:1c00aae6
26642360ns          449362 1c00aae6 25f52163 p.beqimm         x10, 578            x10:00000000
26642380ns          449363 1c00aaea 001d8d93 addi             x27, x27, 1         x27=00000007 x27:00000006
26642400ns          449364 1c00aaec 00044503 lbu              x10, 0(x8)          x10=0000003a  x8:1c000077  PA:1c000077
26642698ns          449379 1c00aaf0 00140413 addi             x8, x8, 1            x8=1c000078  x8:1c000077
26642718ns          449380 1c00aaf2 fe0514e3 bne              x10, x0, -24        x10:0000003a
26642798ns          449384 1c00aada 02500793 addi             x15, x0, 37         x15=00000025
26642818ns          449385 1c00aade 04f50863 beq              x10, x15, 80        x10:0000003a x15:00000025
26642837ns          449386 1c00aae2 01a005b3 add              x11, x0, x26        x11=00000002 x26:00000002
26642857ns          449387 1c00aae4 000b00e7 jalr             x1, x22, 0           x1=1c00aae6 x22:1c00aa18
26642897ns          449389 1c00aa18 000026b7 lui              x13, 0x2000         x13=00002000
26642917ns          449390 1c00aa1a f14027f3 csrrs            x15, x0, 0xf14      x15=00000003
26642937ns          449391 1c00aa1e f8068693 addi             x13, x13, -128      x13=00001f80 x13:00002000
26642957ns          449392 1c00aa22 00379713 slli             x14, x15, 0x3       x14=00000018 x15:00000003
26642977ns          449393 1c00aa26 00279793 slli             x15, x15, 0x2       x15=0000000c x15:00000003
26642996ns          449394 1c00aa28 00d7f7b3 and              x15, x15, x13       x15=00000000 x15:0000000c x13:00001f80
26643016ns          449395 1c00aa2a ee873733 p.bclr           x14, x14, 23, 8     x14=00000018 x14:00000018
26643036ns          449396 1c00aa2e 1a10f6b7 lui              x13, 0x1a10f000     x13=1a10f000
26643056ns          449397 1c00aa32 0ff57513 andi             x10, x10, 255       x10=0000003a x10:0000003a
26643076ns          449398 1c00aa36 00d70733 add              x14, x14, x13       x14=1a10f018 x14:00000018 x13:1a10f000
26643096ns          449399 1c00aa38 00a7e723 p.sw             x10, x0(x15)        x10:0000003a x15:00000000  PA:1a10f018
26643454ns          449417 1c00aa3c 00000513 addi             x10, x0, 0          x10=00000000
26643474ns          449418 1c00aa3e 00008067 jalr             x0, x1, 0            x1:1c00aae6
26643533ns          449421 1c00aae6 25f52163 p.beqimm         x10, 578            x10:00000000
26643553ns          449422 1c00aaea 001d8d93 addi             x27, x27, 1         x27=00000008 x27:00000007
26643573ns          449423 1c00aaec 00044503 lbu              x10, 0(x8)          x10=00000020  x8:1c000078  PA:1c000078
26643891ns          449439 1c00aaf0 00140413 addi             x8, x8, 1            x8=1c000079  x8:1c000078
26643911ns          449440 1c00aaf2 fe0514e3 bne              x10, x0, -24        x10:00000020
26643991ns          449444 1c00aada 02500793 addi             x15, x0, 37         x15=00000025
26644011ns          449445 1c00aade 04f50863 beq              x10, x15, 80        x10:00000020 x15:00000025
26644031ns          449446 1c00aae2 01a005b3 add              x11, x0, x26        x11=00000002 x26:00000002
26644051ns          449447 1c00aae4 000b00e7 jalr             x1, x22, 0           x1=1c00aae6 x22:1c00aa18
26644090ns          449449 1c00aa18 000026b7 lui              x13, 0x2000         x13=00002000
26644110ns          449450 1c00aa1a f14027f3 csrrs            x15, x0, 0xf14      x15=00000003
26644130ns          449451 1c00aa1e f8068693 addi             x13, x13, -128      x13=00001f80 x13:00002000
26644150ns          449452 1c00aa22 00379713 slli             x14, x15, 0x3       x14=00000018 x15:00000003
26644170ns          449453 1c00aa26 00279793 slli             x15, x15, 0x2       x15=0000000c x15:00000003
26644190ns          449454 1c00aa28 00d7f7b3 and              x15, x15, x13       x15=00000000 x15:0000000c x13:00001f80
26644210ns          449455 1c00aa2a ee873733 p.bclr           x14, x14, 23, 8     x14=00000018 x14:00000018
26644230ns          449456 1c00aa2e 1a10f6b7 lui              x13, 0x1a10f000     x13=1a10f000
26644249ns          449457 1c00aa32 0ff57513 andi             x10, x10, 255       x10=00000020 x10:00000020
26644269ns          449458 1c00aa36 00d70733 add              x14, x14, x13       x14=1a10f018 x14:00000018 x13:1a10f000
26644289ns          449459 1c00aa38 00a7e723 p.sw             x10, x0(x15)        x10:00000020 x15:00000000  PA:1a10f018
26644607ns          449475 1c00aa3c 00000513 addi             x10, x0, 0          x10=00000000
26644627ns          449476 1c00aa3e 00008067 jalr             x0, x1, 0            x1:1c00aae6
26644687ns          449479 1c00aae6 25f52163 p.beqimm         x10, 578            x10:00000000
26644707ns          449480 1c00aaea 001d8d93 addi             x27, x27, 1         x27=00000009 x27:00000008
26644727ns          449481 1c00aaec 00044503 lbu              x10, 0(x8)          x10=00000025  x8:1c000079  PA:1c000079
26645025ns          449496 1c00aaf0 00140413 addi             x8, x8, 1            x8=1c00007a  x8:1c000079
26645045ns          449497 1c00aaf2 fe0514e3 bne              x10, x0, -24        x10:00000025
26645125ns          449501 1c00aada 02500793 addi             x15, x0, 37         x15=00000025
26645144ns          449502 1c00aade 04f50863 beq              x10, x15, 80        x10:00000025 x15:00000025
26645562ns          449523 1c00ab2e 00044483 lbu              x9, 0(x8)            x9=00000064  x8:1c00007a  PA:1c00007a
26645940ns          449542 1c00ab32 02000693 addi             x13, x0, 32         x13=00000020
26645960ns          449543 1c00ab36 00140a93 addi             x21, x8, 1          x21=1c00007b  x8:1c00007a
26645980ns          449544 1c00ab3a 009005b3 add              x11, x0, x9         x11=00000064  x9:00000064
26646000ns          449545 1c00ab3c 610b8513 addi             x10, x23, 1552      x10=1c000610 x23:1c000000
26646377ns          449564 1c00ab40 00d12823 sw               x13, 16(x2)         x13:00000020  x2:10001b68  PA:10001b78
26646397ns          449565 1c00ab42 00012c23 sw               x0, 24(x2)           x2:10001b68  PA:10001b80
26646417ns          449566 1c00ab44 00012a23 sw               x0, 20(x2)           x2:10001b68  PA:10001b7c
26646437ns          449567 1c00ab46 00012e23 sw               x0, 28(x2)           x2:10001b68  PA:10001b84
26646457ns          449568 1c00ab48 00012623 sw               x0, 12(x2)           x2:10001b68  PA:10001b74
26646477ns          449569 1c00ab4a 02300913 addi             x18, x0, 35         x18=00000023
26646895ns          449590 1c00ab4e 02d00a13 addi             x20, x0, 45         x20=0000002d
26646914ns          449591 1c00ab52 015009b3 add              x19, x0, x21        x19=1c00007b x21:1c00007b
26646934ns          449592 1c00ab54 e45ff0ef jal              x1, -444             x1=1c00ab56
26647392ns          449615 1c00a998 00054783 lbu              x15, 0(x10)         x15=0000002d x10:1c000610  PA:1c000610
26647869ns          449639 1c00a99c 0ff5f593 andi             x11, x11, 255       x11=00000064 x11:00000064
26647909ns          449641 1c00a9a0 00b78c63 beq              x15, x11, 24        x15:0000002d x11:00000064
26647949ns          449643 1c00a9a4 00078b63 beq              x15, x0, 22         x15:0000002d
26647968ns          449644 1c00a9a6 00150793 addi             x15, x10, 1         x15=1c000611 x10:1c000610
26647988ns          449645 1c00a9aa 0040006f jal              x0, 4              
26648466ns          449669 1c00a9ae 00f00533 add              x10, x0, x15        x10=1c000611 x15:1c000611
26648486ns          449670 1c00a9b0 0017c70b p.lbu            x14, 1(x15!)        x14=0000002b x15=1c000612 x15:1c000611  PA:1c000611
26648923ns          449692 1c00a9b4 feb71ce3 bne              x14, x11, -8        x14:0000002b x11:00000064
26649023ns          449697 1c00a9ac 00070763 beq              x14, x0, 14         x14:0000002b
26649042ns          449698 1c00a9ae 00f00533 add              x10, x0, x15        x10=1c000612 x15:1c000612
26649062ns          449699 1c00a9b0 0017c70b p.lbu            x14, 1(x15!)        x14=00000020 x15=1c000613 x15:1c000612  PA:1c000612
26649381ns          449715 1c00a9b4 feb71ce3 bne              x14, x11, -8        x14:00000020 x11:00000064
26649440ns          449718 1c00a9ac 00070763 beq              x14, x0, 14         x14:00000020
26649460ns          449719 1c00a9ae 00f00533 add              x10, x0, x15        x10=1c000613 x15:1c000613
26649480ns          449720 1c00a9b0 0017c70b p.lbu            x14, 1(x15!)        x14=00000023 x15=1c000614 x15:1c000613  PA:1c000613
26649798ns          449736 1c00a9b4 feb71ce3 bne              x14, x11, -8        x14:00000023 x11:00000064
26649858ns          449739 1c00a9ac 00070763 beq              x14, x0, 14         x14:00000023
26649878ns          449740 1c00a9ae 00f00533 add              x10, x0, x15        x10=1c000614 x15:1c000614
26649898ns          449741 1c00a9b0 0017c70b p.lbu            x14, 1(x15!)        x14=00000030 x15=1c000615 x15:1c000614  PA:1c000614
26650216ns          449757 1c00a9b4 feb71ce3 bne              x14, x11, -8        x14:00000030 x11:00000064
26650276ns          449760 1c00a9ac 00070763 beq              x14, x0, 14         x14:00000030
26650295ns          449761 1c00a9ae 00f00533 add              x10, x0, x15        x10=1c000615 x15:1c000615
26650315ns          449762 1c00a9b0 0017c70b p.lbu            x14, 1(x15!)        x14=00000000 x15=1c000616 x15:1c000615  PA:1c000615
26650653ns          449779 1c00a9b4 feb71ce3 bne              x14, x11, -8        x14:00000000 x11:00000064
26650713ns          449782 1c00a9ac 00070763 beq              x14, x0, 14         x14:00000000
26650793ns          449786 1c00a9ba 0015b593 sltiu            x11, x11, 1         x11=00000000 x11:00000064
26650812ns          449787 1c00a9be 40b005b3 sub              x11, x0, x11        x11=00000000 x11:00000000
26650832ns          449788 1c00a9c2 00b57533 and              x10, x10, x11       x10=00000000 x10:1c000615 x11:00000000
26650852ns          449789 1c00a9c4 00008067 jalr             x0, x1, 0            x1:1c00ab56
26650892ns          449791 1c00ab56 02050a63 beq              x10, x0, 52         x10:00000000
26651409ns          449817 1c00ab8a 02a00613 addi             x12, x0, 42         x12=0000002a
26651847ns          449839 1c00ab8e 1ec48c63 beq              x9, x12, 504         x9:00000064 x12:0000002a
26651886ns          449841 1c00ab92 fd048613 addi             x12, x9, -48        x12=00000034  x9:00000064
26651906ns          449842 1c00ab96 00900593 addi             x11, x0, 9          x11=00000009
26651926ns          449843 1c00ab98 00000913 addi             x18, x0, 0          x18=00000000
26651946ns          449844 1c00ab9a 1cc5f663 bgeu             x11, x12, 460       x11:00000009 x12:00000034
26652364ns          449865 1c00ab9e 02e00693 addi             x13, x0, 46         x13=0000002e
26652384ns          449866 1c00aba2 fff00a13 addi             x20, x0, -1         x20=ffffffff
26652404ns          449867 1c00aba4 22d48963 beq              x9, x13, 562         x9:00000064 x13:0000002e
26652423ns          449868 1c00aba8 1c0007b7 lui              x15, 0x1c000000     x15=1c000000
26652443ns          449869 1c00abac 009005b3 add              x11, x0, x9         x11=00000064  x9:00000064
26652881ns          449891 1c00abae 61878513 addi             x10, x15, 1560      x10=1c000618 x15:1c000000
26652901ns          449892 1c00abb2 de7ff0ef jal              x1, -538             x1=1c00abb4
26652980ns          449896 1c00a998 00054783 lbu              x15, 0(x10)         x15=00000068 x10:1c000618  PA:1c000618
26653298ns          449912 1c00a99c 0ff5f593 andi             x11, x11, 255       x11=00000064 x11:00000064
26653318ns          449913 1c00a9a0 00b78c63 beq              x15, x11, 24        x15:00000068 x11:00000064
26653338ns          449914 1c00a9a4 00078b63 beq              x15, x0, 22         x15:00000068
26653358ns          449915 1c00a9a6 00150793 addi             x15, x10, 1         x15=1c000619 x10:1c000618
26653378ns          449916 1c00a9aa 0040006f jal              x0, 4              
26653418ns          449918 1c00a9ae 00f00533 add              x10, x0, x15        x10=1c000619 x15:1c000619
26653438ns          449919 1c00a9b0 0017c70b p.lbu            x14, 1(x15!)        x14=0000006c x15=1c00061a x15:1c000619  PA:1c000619
26653816ns          449938 1c00a9b4 feb71ce3 bne              x14, x11, -8        x14:0000006c x11:00000064
26653875ns          449941 1c00a9ac 00070763 beq              x14, x0, 14         x14:0000006c
26653895ns          449942 1c00a9ae 00f00533 add              x10, x0, x15        x10=1c00061a x15:1c00061a
26653915ns          449943 1c00a9b0 0017c70b p.lbu            x14, 1(x15!)        x14=0000004c x15=1c00061b x15:1c00061a  PA:1c00061a
26654233ns          449959 1c00a9b4 feb71ce3 bne              x14, x11, -8        x14:0000004c x11:00000064
26654293ns          449962 1c00a9ac 00070763 beq              x14, x0, 14         x14:0000004c
26654313ns          449963 1c00a9ae 00f00533 add              x10, x0, x15        x10=1c00061b x15:1c00061b
26654333ns          449964 1c00a9b0 0017c70b p.lbu            x14, 1(x15!)        x14=0000007a x15=1c00061c x15:1c00061b  PA:1c00061b
26654651ns          449980 1c00a9b4 feb71ce3 bne              x14, x11, -8        x14:0000007a x11:00000064
26654711ns          449983 1c00a9ac 00070763 beq              x14, x0, 14         x14:0000007a
26654730ns          449984 1c00a9ae 00f00533 add              x10, x0, x15        x10=1c00061c x15:1c00061c
26654750ns          449985 1c00a9b0 0017c70b p.lbu            x14, 1(x15!)        x14=00000000 x15=1c00061d x15:1c00061c  PA:1c00061c
26655069ns          450001 1c00a9b4 feb71ce3 bne              x14, x11, -8        x14:00000000 x11:00000064
26655128ns          450004 1c00a9ac 00070763 beq              x14, x0, 14         x14:00000000
26655208ns          450008 1c00a9ba 0015b593 sltiu            x11, x11, 1         x11=00000000 x11:00000064
26655228ns          450009 1c00a9be 40b005b3 sub              x11, x0, x11        x11=00000000 x11:00000000
26655248ns          450010 1c00a9c2 00b57533 and              x10, x10, x11       x10=00000000 x10:1c00061c x11:00000000
26655267ns          450011 1c00a9c4 00008067 jalr             x0, x1, 0            x1:1c00abb4
26655307ns          450013 1c00abb4 01300433 add              x8, x0, x19          x8=1c00007b x19:1c00007b
26655327ns          450014 1c00abb6 00050563 beq              x10, x0, 10         x10:00000000
26655824ns          450039 1c00abc0 06700693 addi             x13, x0, 103        x13=00000067
26655844ns          450040 1c00abc4 1c96df63 bge              x13, x9, 478        x13:00000067  x9:00000064
26656381ns          450067 1c00ada2 06500693 addi             x13, x0, 101        x13=00000065
26656401ns          450068 1c00ada6 12d4d463 bge              x9, x13, 296         x9:00000064 x13:00000065
26656421ns          450069 1c00adaa 04700693 addi             x13, x0, 71         x13=00000047
26656839ns          450090 1c00adae 5296c363 blt              x13, x9, 1318       x13:00000047  x9:00000064
26657336ns          450115 1c00b2d4 06300693 addi             x13, x0, 99         x13=00000063
26657376ns          450117 1c00b2d8 1cd48463 beq              x9, x13, 456         x9:00000064 x13:00000063
26657395ns          450118 1c00b2dc 1296c763 blt              x13, x9, 302        x13:00000063  x9:00000064
26658330ns          450165 1c00b40a 000c2503 lw               x10, 0(x24)         x10=00000003 x24:10001cbc  PA:10001cbc
26658350ns          450166 1c00b40e 004c0c13 addi             x24, x24, 4         x24=10001cc0 x24:10001cbc
26658768ns          450187 1c00b410 2c054b63 blt              x10, x0, 726        x10:00000003
26658807ns          450189 1c00b414 01412603 lw               x12, 20(x2)         x12=00000000  x2:10001b68  PA:10001b7c
26658827ns          450190 1c00b416 00a006b3 add              x13, x0, x10        x13=00000003 x10:00000003
26658847ns          450191 1c00b418 2e061463 bne              x12, x0, 744        x12:00000000
26658867ns          450192 1c00b41c 01812703 lw               x14, 24(x2)         x14=00000000  x2:10001b68  PA:10001b80
26658887ns          450193 1c00b41e 019007b3 add              x15, x0, x25        x15=10001b8c x25:10001b8c
26659305ns          450214 1c00b420 00070763 beq              x14, x0, 14         x14:00000000
26659364ns          450217 1c00b42e 00f00733 add              x14, x0, x15        x14=10001b8c x15:10001b8c
26659782ns          450238 1c00b430 00a00593 addi             x11, x0, 10         x11=0000000a
26659822ns          450240 1c00b432 02b6f633 remu             x12, x13, x11       x12=00000003 x13:00000003 x11:0000000a
26660438ns          450271 1c00b436 02b6d6b3 divu             x13, x13, x11       x13=00000000 x13:00000003 x11:0000000a
26661055ns          450302 1c00b43a 03060613 addi             x12, x12, 48        x12=00000033 x12:00000003
26661075ns          450303 1c00b43e 00c700ab p.sb             x12, 1(x14!)        x14=10001b8d x12:00000033 x14:10001b8c  PA:10001b8c
26661095ns          450304 1c00b442 fe0698e3 bne              x13, x0, -16        x13:00000000
26661114ns          450305 1c00b444 40f706b3 sub              x13, x14, x15       x13=00000001 x14:10001b8d x15:10001b8c
26661134ns          450306 1c00b448 0146da63 bge              x13, x20, 20        x13:00000001 x20:ffffffff
26661612ns          450330 1c00b45c 00e006b3 add              x13, x0, x14        x13=10001b8d x14:10001b8d
26662049ns          450352 1c00b45e fe068fab p.sb             x0, -1(x13!)        x13=10001b8c x13:10001b8d  PA:10001b8d
26662089ns          450354 1c00b462 00d7fc63 bgeu             x15, x13, 24        x15:10001b8c x13:10001b8c
26662586ns          450379 1c00b47a 01412783 lw               x15, 20(x2)         x15=00000000  x2:10001b68  PA:10001b7c
26662626ns          450381 1c00b47c 01812603 lw               x12, 24(x2)         x12=00000000  x2:10001b68  PA:10001b80
26663063ns          450403 1c00b47e 419704b3 sub              x9, x14, x25         x9=00000001 x14:10001b8d x25:10001b8c
26663083ns          450404 1c00b482 00c7e7b3 or               x15, x15, x12       x15=00000000 x15:00000000 x12:00000000
26663103ns          450405 1c00b484 00f12623 sw               x15, 12(x2)         x15:00000000  x2:10001b68  PA:10001b74
26663123ns          450406 1c00b486 00079363 bne              x15, x0, 6          x15:00000000
26663143ns          450407 1c00b488 01f55513 srli             x10, x10, 0x1f      x10=00000000 x10:00000003
26663163ns          450408 1c00b48a 00a12623 sw               x10, 12(x2)         x10:00000000  x2:10001b68  PA:10001b74
26663262ns          450413 1c00b48c ddfa22e3 p.beqimm         x20, -572           x20:ffffffff
26664038ns          450452 1c00b250 0c800793 addi             x15, x0, 200        x15=000000c8
26664078ns          450454 1c00b254 ac97cae3 blt              x15, x9, -1324      x15:000000c8  x9:00000001
26664098ns          450455 1c00b258 9d24c8e3 blt              x9, x18, -1584       x9:00000001 x18:00000000
26664118ns          450456 1c00b25c aabff06f jal              x0, -1366          
26665052ns          450503 1c00ad06 dc0486e3 beq              x9, x0, -564         x9:00000001
26665072ns          450504 1c00ad0a 01900933 add              x18, x0, x25        x18=10001b8c x25:10001b8c
26665092ns          450505 1c00ad0c 419d8db3 sub              x27, x27, x25       x27=efffe47d x27:00000009 x25:10001b8c
26665510ns          450526 1c00ad10 00a0006f jal              x0, 10             
26665569ns          450529 1c00ad1a 0019450b p.lbu            x10, 1(x18!)        x10=00000033 x18=10001b8d x18:10001b8c  PA:10001b8c
26665589ns          450530 1c00ad1e 01a005b3 add              x11, x0, x26        x11=00000002 x26:00000002
26666027ns          450552 1c00ad20 000b00e7 jalr             x1, x22, 0           x1=1c00ad22 x22:1c00aa18
26666106ns          450556 1c00aa18 000026b7 lui              x13, 0x2000         x13=00002000
26666146ns          450558 1c00aa1a f14027f3 csrrs            x15, x0, 0xf14      x15=00000003
26666206ns          450561 1c00aa1e f8068693 addi             x13, x13, -128      x13=00001f80 x13:00002000
26666246ns          450563 1c00aa22 00379713 slli             x14, x15, 0x3       x14=00000018 x15:00000003
26666265ns          450564 1c00aa26 00279793 slli             x15, x15, 0x2       x15=0000000c x15:00000003
26666285ns          450565 1c00aa28 00d7f7b3 and              x15, x15, x13       x15=00000000 x15:0000000c x13:00001f80
26666305ns          450566 1c00aa2a ee873733 p.bclr           x14, x14, 23, 8     x14=00000018 x14:00000018
26666385ns          450570 1c00aa2e 1a10f6b7 lui              x13, 0x1a10f000     x13=1a10f000
26666425ns          450572 1c00aa32 0ff57513 andi             x10, x10, 255       x10=00000033 x10:00000033
26666444ns          450573 1c00aa36 00d70733 add              x14, x14, x13       x14=1a10f018 x14:00000018 x13:1a10f000
26666464ns          450574 1c00aa38 00a7e723 p.sw             x10, x0(x15)        x10:00000033 x15:00000000  PA:1a10f018
26667141ns          450608 1c00aa3c 00000513 addi             x10, x0, 0          x10=00000000
26667160ns          450609 1c00aa3e 00008067 jalr             x0, x1, 0            x1:1c00ad22
26667200ns          450611 1c00ad22 fff48493 addi             x9, x9, -1           x9=00000000  x9:00000001
26667220ns          450612 1c00ad24 fff537e3 p.bneimm         x10, -18            x10:00000000
26667300ns          450616 1c00ad12 012d8733 add              x14, x27, x18       x14=0000000a x27:efffe47d x18:10001b8d
26667320ns          450617 1c00ad16 66048d63 beq              x9, x0, 1658         x9:00000000
26667419ns          450622 1c00b390 00e00db3 add              x27, x0, x14        x27=0000000a x14:0000000a
26667459ns          450624 1c00b392 f40ff06f jal              x0, -2240          
26667578ns          450630 1c00aad2 00044503 lbu              x10, 0(x8)          x10=0000002c  x8:1c00007b  PA:1c00007b
26667976ns          450650 1c00aad6 00140413 addi             x8, x8, 1            x8=1c00007c  x8:1c00007b
26667996ns          450651 1c00aad8 00050e63 beq              x10, x0, 28         x10:0000002c
26668016ns          450652 1c00aada 02500793 addi             x15, x0, 37         x15=00000025
26668035ns          450653 1c00aade 04f50863 beq              x10, x15, 80        x10:0000002c x15:00000025
26668055ns          450654 1c00aae2 01a005b3 add              x11, x0, x26        x11=00000002 x26:00000002
26668075ns          450655 1c00aae4 000b00e7 jalr             x1, x22, 0           x1=1c00aae6 x22:1c00aa18
26668155ns          450659 1c00aa18 000026b7 lui              x13, 0x2000         x13=00002000
26668195ns          450661 1c00aa1a f14027f3 csrrs            x15, x0, 0xf14      x15=00000003
26668214ns          450662 1c00aa1e f8068693 addi             x13, x13, -128      x13=00001f80 x13:00002000
26668234ns          450663 1c00aa22 00379713 slli             x14, x15, 0x3       x14=00000018 x15:00000003
26668254ns          450664 1c00aa26 00279793 slli             x15, x15, 0x2       x15=0000000c x15:00000003
26668274ns          450665 1c00aa28 00d7f7b3 and              x15, x15, x13       x15=00000000 x15:0000000c x13:00001f80
26668294ns          450666 1c00aa2a ee873733 p.bclr           x14, x14, 23, 8     x14=00000018 x14:00000018
26668314ns          450667 1c00aa2e 1a10f6b7 lui              x13, 0x1a10f000     x13=1a10f000
26668334ns          450668 1c00aa32 0ff57513 andi             x10, x10, 255       x10=0000002c x10:0000002c
26668354ns          450669 1c00aa36 00d70733 add              x14, x14, x13       x14=1a10f018 x14:00000018 x13:1a10f000
26668374ns          450670 1c00aa38 00a7e723 p.sw             x10, x0(x15)        x10:0000002c x15:00000000  PA:1a10f018
26668930ns          450698 1c00aa3c 00000513 addi             x10, x0, 0          x10=00000000
26668950ns          450699 1c00aa3e 00008067 jalr             x0, x1, 0            x1:1c00aae6
26669010ns          450702 1c00aae6 25f52163 p.beqimm         x10, 578            x10:00000000
26669030ns          450703 1c00aaea 001d8d93 addi             x27, x27, 1         x27=0000000b x27:0000000a
26669050ns          450704 1c00aaec 00044503 lbu              x10, 0(x8)          x10=00000020  x8:1c00007c  PA:1c00007c
26669348ns          450719 1c00aaf0 00140413 addi             x8, x8, 1            x8=1c00007d  x8:1c00007c
26669368ns          450720 1c00aaf2 fe0514e3 bne              x10, x0, -24        x10:00000020
26669448ns          450724 1c00aada 02500793 addi             x15, x0, 37         x15=00000025
26669467ns          450725 1c00aade 04f50863 beq              x10, x15, 80        x10:00000020 x15:00000025
26669487ns          450726 1c00aae2 01a005b3 add              x11, x0, x26        x11=00000002 x26:00000002
26669507ns          450727 1c00aae4 000b00e7 jalr             x1, x22, 0           x1=1c00aae6 x22:1c00aa18
26669547ns          450729 1c00aa18 000026b7 lui              x13, 0x2000         x13=00002000
26669567ns          450730 1c00aa1a f14027f3 csrrs            x15, x0, 0xf14      x15=00000003
26669587ns          450731 1c00aa1e f8068693 addi             x13, x13, -128      x13=00001f80 x13:00002000
26669607ns          450732 1c00aa22 00379713 slli             x14, x15, 0x3       x14=00000018 x15:00000003
26669627ns          450733 1c00aa26 00279793 slli             x15, x15, 0x2       x15=0000000c x15:00000003
26669646ns          450734 1c00aa28 00d7f7b3 and              x15, x15, x13       x15=00000000 x15:0000000c x13:00001f80
26669666ns          450735 1c00aa2a ee873733 p.bclr           x14, x14, 23, 8     x14=00000018 x14:00000018
26669686ns          450736 1c00aa2e 1a10f6b7 lui              x13, 0x1a10f000     x13=1a10f000
26669706ns          450737 1c00aa32 0ff57513 andi             x10, x10, 255       x10=00000020 x10:00000020
26669726ns          450738 1c00aa36 00d70733 add              x14, x14, x13       x14=1a10f018 x14:00000018 x13:1a10f000
26669746ns          450739 1c00aa38 00a7e723 p.sw             x10, x0(x15)        x10:00000020 x15:00000000  PA:1a10f018
26670084ns          450756 1c00aa3c 00000513 addi             x10, x0, 0          x10=00000000
26670104ns          450757 1c00aa3e 00008067 jalr             x0, x1, 0            x1:1c00aae6
26670164ns          450760 1c00aae6 25f52163 p.beqimm         x10, 578            x10:00000000
26670183ns          450761 1c00aaea 001d8d93 addi             x27, x27, 1         x27=0000000c x27:0000000b
26670203ns          450762 1c00aaec 00044503 lbu              x10, 0(x8)          x10=0000004e  x8:1c00007d  PA:1c00007d
26670502ns          450777 1c00aaf0 00140413 addi             x8, x8, 1            x8=1c00007e  x8:1c00007d
26670521ns          450778 1c00aaf2 fe0514e3 bne              x10, x0, -24        x10:0000004e
26670601ns          450782 1c00aada 02500793 addi             x15, x0, 37         x15=00000025
26670621ns          450783 1c00aade 04f50863 beq              x10, x15, 80        x10:0000004e x15:00000025
26670641ns          450784 1c00aae2 01a005b3 add              x11, x0, x26        x11=00000002 x26:00000002
26670661ns          450785 1c00aae4 000b00e7 jalr             x1, x22, 0           x1=1c00aae6 x22:1c00aa18
26670700ns          450787 1c00aa18 000026b7 lui              x13, 0x2000         x13=00002000
26670720ns          450788 1c00aa1a f14027f3 csrrs            x15, x0, 0xf14      x15=00000003
26670740ns          450789 1c00aa1e f8068693 addi             x13, x13, -128      x13=00001f80 x13:00002000
26670760ns          450790 1c00aa22 00379713 slli             x14, x15, 0x3       x14=00000018 x15:00000003
26670780ns          450791 1c00aa26 00279793 slli             x15, x15, 0x2       x15=0000000c x15:00000003
26670800ns          450792 1c00aa28 00d7f7b3 and              x15, x15, x13       x15=00000000 x15:0000000c x13:00001f80
26670820ns          450793 1c00aa2a ee873733 p.bclr           x14, x14, 23, 8     x14=00000018 x14:00000018
26670840ns          450794 1c00aa2e 1a10f6b7 lui              x13, 0x1a10f000     x13=1a10f000
26670860ns          450795 1c00aa32 0ff57513 andi             x10, x10, 255       x10=0000004e x10:0000004e
26670879ns          450796 1c00aa36 00d70733 add              x14, x14, x13       x14=1a10f018 x14:00000018 x13:1a10f000
26670899ns          450797 1c00aa38 00a7e723 p.sw             x10, x0(x15)        x10:0000004e x15:00000000  PA:1a10f018
26671257ns          450815 1c00aa3c 00000513 addi             x10, x0, 0          x10=00000000
26671277ns          450816 1c00aa3e 00008067 jalr             x0, x1, 0            x1:1c00aae6
26671337ns          450819 1c00aae6 25f52163 p.beqimm         x10, 578            x10:00000000
26671357ns          450820 1c00aaea 001d8d93 addi             x27, x27, 1         x27=0000000d x27:0000000c
26671377ns          450821 1c00aaec 00044503 lbu              x10, 0(x8)          x10=00000075  x8:1c00007e  PA:1c00007e
26671695ns          450837 1c00aaf0 00140413 addi             x8, x8, 1            x8=1c00007f  x8:1c00007e
26671715ns          450838 1c00aaf2 fe0514e3 bne              x10, x0, -24        x10:00000075
26671794ns          450842 1c00aada 02500793 addi             x15, x0, 37         x15=00000025
26671814ns          450843 1c00aade 04f50863 beq              x10, x15, 80        x10:00000075 x15:00000025
26671834ns          450844 1c00aae2 01a005b3 add              x11, x0, x26        x11=00000002 x26:00000002
26671854ns          450845 1c00aae4 000b00e7 jalr             x1, x22, 0           x1=1c00aae6 x22:1c00aa18
26671894ns          450847 1c00aa18 000026b7 lui              x13, 0x2000         x13=00002000
26671914ns          450848 1c00aa1a f14027f3 csrrs            x15, x0, 0xf14      x15=00000003
26671934ns          450849 1c00aa1e f8068693 addi             x13, x13, -128      x13=00001f80 x13:00002000
26671953ns          450850 1c00aa22 00379713 slli             x14, x15, 0x3       x14=00000018 x15:00000003
26671973ns          450851 1c00aa26 00279793 slli             x15, x15, 0x2       x15=0000000c x15:00000003
26671993ns          450852 1c00aa28 00d7f7b3 and              x15, x15, x13       x15=00000000 x15:0000000c x13:00001f80
26672013ns          450853 1c00aa2a ee873733 p.bclr           x14, x14, 23, 8     x14=00000018 x14:00000018
26672033ns          450854 1c00aa2e 1a10f6b7 lui              x13, 0x1a10f000     x13=1a10f000
26672053ns          450855 1c00aa32 0ff57513 andi             x10, x10, 255       x10=00000075 x10:00000075
26672073ns          450856 1c00aa36 00d70733 add              x14, x14, x13       x14=1a10f018 x14:00000018 x13:1a10f000
26672093ns          450857 1c00aa38 00a7e723 p.sw             x10, x0(x15)        x10:00000075 x15:00000000  PA:1a10f018
26672411ns          450873 1c00aa3c 00000513 addi             x10, x0, 0          x10=00000000
26672431ns          450874 1c00aa3e 00008067 jalr             x0, x1, 0            x1:1c00aae6
26672490ns          450877 1c00aae6 25f52163 p.beqimm         x10, 578            x10:00000000
26672510ns          450878 1c00aaea 001d8d93 addi             x27, x27, 1         x27=0000000e x27:0000000d
26672530ns          450879 1c00aaec 00044503 lbu              x10, 0(x8)          x10=0000006d  x8:1c00007f  PA:1c00007f
26672828ns          450894 1c00aaf0 00140413 addi             x8, x8, 1            x8=1c000080  x8:1c00007f
26672848ns          450895 1c00aaf2 fe0514e3 bne              x10, x0, -24        x10:0000006d
26672928ns          450899 1c00aada 02500793 addi             x15, x0, 37         x15=00000025
26672948ns          450900 1c00aade 04f50863 beq              x10, x15, 80        x10:0000006d x15:00000025
26672968ns          450901 1c00aae2 01a005b3 add              x11, x0, x26        x11=00000002 x26:00000002
26672988ns          450902 1c00aae4 000b00e7 jalr             x1, x22, 0           x1=1c00aae6 x22:1c00aa18
26673027ns          450904 1c00aa18 000026b7 lui              x13, 0x2000         x13=00002000
26673047ns          450905 1c00aa1a f14027f3 csrrs            x15, x0, 0xf14      x15=00000003
26673067ns          450906 1c00aa1e f8068693 addi             x13, x13, -128      x13=00001f80 x13:00002000
26673087ns          450907 1c00aa22 00379713 slli             x14, x15, 0x3       x14=00000018 x15:00000003
26673107ns          450908 1c00aa26 00279793 slli             x15, x15, 0x2       x15=0000000c x15:00000003
26673127ns          450909 1c00aa28 00d7f7b3 and              x15, x15, x13       x15=00000000 x15:0000000c x13:00001f80
26673147ns          450910 1c00aa2a ee873733 p.bclr           x14, x14, 23, 8     x14=00000018 x14:00000018
26673167ns          450911 1c00aa2e 1a10f6b7 lui              x13, 0x1a10f000     x13=1a10f000
26673186ns          450912 1c00aa32 0ff57513 andi             x10, x10, 255       x10=0000006d x10:0000006d
26673206ns          450913 1c00aa36 00d70733 add              x14, x14, x13       x14=1a10f018 x14:00000018 x13:1a10f000
26673226ns          450914 1c00aa38 00a7e723 p.sw             x10, x0(x15)        x10:0000006d x15:00000000  PA:1a10f018
26673564ns          450931 1c00aa3c 00000513 addi             x10, x0, 0          x10=00000000
26673584ns          450932 1c00aa3e 00008067 jalr             x0, x1, 0            x1:1c00aae6
26673644ns          450935 1c00aae6 25f52163 p.beqimm         x10, 578            x10:00000000
26673664ns          450936 1c00aaea 001d8d93 addi             x27, x27, 1         x27=0000000f x27:0000000e
26673684ns          450937 1c00aaec 00044503 lbu              x10, 0(x8)          x10=00000062  x8:1c000080  PA:1c000080
26673982ns          450952 1c00aaf0 00140413 addi             x8, x8, 1            x8=1c000081  x8:1c000080
26674002ns          450953 1c00aaf2 fe0514e3 bne              x10, x0, -24        x10:00000062
26674081ns          450957 1c00aada 02500793 addi             x15, x0, 37         x15=00000025
26674101ns          450958 1c00aade 04f50863 beq              x10, x15, 80        x10:00000062 x15:00000025
26674121ns          450959 1c00aae2 01a005b3 add              x11, x0, x26        x11=00000002 x26:00000002
26674141ns          450960 1c00aae4 000b00e7 jalr             x1, x22, 0           x1=1c00aae6 x22:1c00aa18
26674181ns          450962 1c00aa18 000026b7 lui              x13, 0x2000         x13=00002000
26674201ns          450963 1c00aa1a f14027f3 csrrs            x15, x0, 0xf14      x15=00000003
26674221ns          450964 1c00aa1e f8068693 addi             x13, x13, -128      x13=00001f80 x13:00002000
26674241ns          450965 1c00aa22 00379713 slli             x14, x15, 0x3       x14=00000018 x15:00000003
26674260ns          450966 1c00aa26 00279793 slli             x15, x15, 0x2       x15=0000000c x15:00000003
26674280ns          450967 1c00aa28 00d7f7b3 and              x15, x15, x13       x15=00000000 x15:0000000c x13:00001f80
26674300ns          450968 1c00aa2a ee873733 p.bclr           x14, x14, 23, 8     x14=00000018 x14:00000018
26674320ns          450969 1c00aa2e 1a10f6b7 lui              x13, 0x1a10f000     x13=1a10f000
26674340ns          450970 1c00aa32 0ff57513 andi             x10, x10, 255       x10=00000062 x10:00000062
26674360ns          450971 1c00aa36 00d70733 add              x14, x14, x13       x14=1a10f018 x14:00000018 x13:1a10f000
26674380ns          450972 1c00aa38 00a7e723 p.sw             x10, x0(x15)        x10:00000062 x15:00000000  PA:1a10f018
26674718ns          450989 1c00aa3c 00000513 addi             x10, x0, 0          x10=00000000
26674738ns          450990 1c00aa3e 00008067 jalr             x0, x1, 0            x1:1c00aae6
26674797ns          450993 1c00aae6 25f52163 p.beqimm         x10, 578            x10:00000000
26674817ns          450994 1c00aaea 001d8d93 addi             x27, x27, 1         x27=00000010 x27:0000000f
26674837ns          450995 1c00aaec 00044503 lbu              x10, 0(x8)          x10=00000065  x8:1c000081  PA:1c000081
26675136ns          451010 1c00aaf0 00140413 addi             x8, x8, 1            x8=1c000082  x8:1c000081
26675155ns          451011 1c00aaf2 fe0514e3 bne              x10, x0, -24        x10:00000065
26675235ns          451015 1c00aada 02500793 addi             x15, x0, 37         x15=00000025
26675255ns          451016 1c00aade 04f50863 beq              x10, x15, 80        x10:00000065 x15:00000025
26675275ns          451017 1c00aae2 01a005b3 add              x11, x0, x26        x11=00000002 x26:00000002
26675295ns          451018 1c00aae4 000b00e7 jalr             x1, x22, 0           x1=1c00aae6 x22:1c00aa18
26675334ns          451020 1c00aa18 000026b7 lui              x13, 0x2000         x13=00002000
26675354ns          451021 1c00aa1a f14027f3 csrrs            x15, x0, 0xf14      x15=00000003
26675374ns          451022 1c00aa1e f8068693 addi             x13, x13, -128      x13=00001f80 x13:00002000
26675394ns          451023 1c00aa22 00379713 slli             x14, x15, 0x3       x14=00000018 x15:00000003
26675414ns          451024 1c00aa26 00279793 slli             x15, x15, 0x2       x15=0000000c x15:00000003
26675434ns          451025 1c00aa28 00d7f7b3 and              x15, x15, x13       x15=00000000 x15:0000000c x13:00001f80
26675454ns          451026 1c00aa2a ee873733 p.bclr           x14, x14, 23, 8     x14=00000018 x14:00000018
26675474ns          451027 1c00aa2e 1a10f6b7 lui              x13, 0x1a10f000     x13=1a10f000
26675493ns          451028 1c00aa32 0ff57513 andi             x10, x10, 255       x10=00000065 x10:00000065
26675513ns          451029 1c00aa36 00d70733 add              x14, x14, x13       x14=1a10f018 x14:00000018 x13:1a10f000
26675533ns          451030 1c00aa38 00a7e723 p.sw             x10, x0(x15)        x10:00000065 x15:00000000  PA:1a10f018
26675871ns          451047 1c00aa3c 00000513 addi             x10, x0, 0          x10=00000000
26675891ns          451048 1c00aa3e 00008067 jalr             x0, x1, 0            x1:1c00aae6
26675951ns          451051 1c00aae6 25f52163 p.beqimm         x10, 578            x10:00000000
26675971ns          451052 1c00aaea 001d8d93 addi             x27, x27, 1         x27=00000011 x27:00000010
26675991ns          451053 1c00aaec 00044503 lbu              x10, 0(x8)          x10=00000072  x8:1c000082  PA:1c000082
26676289ns          451068 1c00aaf0 00140413 addi             x8, x8, 1            x8=1c000083  x8:1c000082
26676309ns          451069 1c00aaf2 fe0514e3 bne              x10, x0, -24        x10:00000072
26676388ns          451073 1c00aada 02500793 addi             x15, x0, 37         x15=00000025
26676408ns          451074 1c00aade 04f50863 beq              x10, x15, 80        x10:00000072 x15:00000025
26676428ns          451075 1c00aae2 01a005b3 add              x11, x0, x26        x11=00000002 x26:00000002
26676448ns          451076 1c00aae4 000b00e7 jalr             x1, x22, 0           x1=1c00aae6 x22:1c00aa18
26676488ns          451078 1c00aa18 000026b7 lui              x13, 0x2000         x13=00002000
26676508ns          451079 1c00aa1a f14027f3 csrrs            x15, x0, 0xf14      x15=00000003
26676528ns          451080 1c00aa1e f8068693 addi             x13, x13, -128      x13=00001f80 x13:00002000
26676548ns          451081 1c00aa22 00379713 slli             x14, x15, 0x3       x14=00000018 x15:00000003
26676567ns          451082 1c00aa26 00279793 slli             x15, x15, 0x2       x15=0000000c x15:00000003
26676587ns          451083 1c00aa28 00d7f7b3 and              x15, x15, x13       x15=00000000 x15:0000000c x13:00001f80
26676607ns          451084 1c00aa2a ee873733 p.bclr           x14, x14, 23, 8     x14=00000018 x14:00000018
26676627ns          451085 1c00aa2e 1a10f6b7 lui              x13, 0x1a10f000     x13=1a10f000
26676647ns          451086 1c00aa32 0ff57513 andi             x10, x10, 255       x10=00000072 x10:00000072
26676667ns          451087 1c00aa36 00d70733 add              x14, x14, x13       x14=1a10f018 x14:00000018 x13:1a10f000
26676687ns          451088 1c00aa38 00a7e723 p.sw             x10, x0(x15)        x10:00000072 x15:00000000  PA:1a10f018
26677045ns          451106 1c00aa3c 00000513 addi             x10, x0, 0          x10=00000000
26677065ns          451107 1c00aa3e 00008067 jalr             x0, x1, 0            x1:1c00aae6
26677124ns          451110 1c00aae6 25f52163 p.beqimm         x10, 578            x10:00000000
26677144ns          451111 1c00aaea 001d8d93 addi             x27, x27, 1         x27=00000012 x27:00000011
26677164ns          451112 1c00aaec 00044503 lbu              x10, 0(x8)          x10=00000020  x8:1c000083  PA:1c000083
26677462ns          451127 1c00aaf0 00140413 addi             x8, x8, 1            x8=1c000084  x8:1c000083
26677482ns          451128 1c00aaf2 fe0514e3 bne              x10, x0, -24        x10:00000020
26677562ns          451132 1c00aada 02500793 addi             x15, x0, 37         x15=00000025
26677582ns          451133 1c00aade 04f50863 beq              x10, x15, 80        x10:00000020 x15:00000025
26677602ns          451134 1c00aae2 01a005b3 add              x11, x0, x26        x11=00000002 x26:00000002
26677622ns          451135 1c00aae4 000b00e7 jalr             x1, x22, 0           x1=1c00aae6 x22:1c00aa18
26677661ns          451137 1c00aa18 000026b7 lui              x13, 0x2000         x13=00002000
26677681ns          451138 1c00aa1a f14027f3 csrrs            x15, x0, 0xf14      x15=00000003
26677701ns          451139 1c00aa1e f8068693 addi             x13, x13, -128      x13=00001f80 x13:00002000
26677721ns          451140 1c00aa22 00379713 slli             x14, x15, 0x3       x14=00000018 x15:00000003
26677741ns          451141 1c00aa26 00279793 slli             x15, x15, 0x2       x15=0000000c x15:00000003
26677761ns          451142 1c00aa28 00d7f7b3 and              x15, x15, x13       x15=00000000 x15:0000000c x13:00001f80
26677781ns          451143 1c00aa2a ee873733 p.bclr           x14, x14, 23, 8     x14=00000018 x14:00000018
26677800ns          451144 1c00aa2e 1a10f6b7 lui              x13, 0x1a10f000     x13=1a10f000
26677820ns          451145 1c00aa32 0ff57513 andi             x10, x10, 255       x10=00000020 x10:00000020
26677840ns          451146 1c00aa36 00d70733 add              x14, x14, x13       x14=1a10f018 x14:00000018 x13:1a10f000
26677860ns          451147 1c00aa38 00a7e723 p.sw             x10, x0(x15)        x10:00000020 x15:00000000  PA:1a10f018
26678218ns          451165 1c00aa3c 00000513 addi             x10, x0, 0          x10=00000000
26678238ns          451166 1c00aa3e 00008067 jalr             x0, x1, 0            x1:1c00aae6
26678298ns          451169 1c00aae6 25f52163 p.beqimm         x10, 578            x10:00000000
26678318ns          451170 1c00aaea 001d8d93 addi             x27, x27, 1         x27=00000013 x27:00000012
26678337ns          451171 1c00aaec 00044503 lbu              x10, 0(x8)          x10=0000006f  x8:1c000084  PA:1c000084
26678636ns          451186 1c00aaf0 00140413 addi             x8, x8, 1            x8=1c000085  x8:1c000084
26678656ns          451187 1c00aaf2 fe0514e3 bne              x10, x0, -24        x10:0000006f
26678735ns          451191 1c00aada 02500793 addi             x15, x0, 37         x15=00000025
26678755ns          451192 1c00aade 04f50863 beq              x10, x15, 80        x10:0000006f x15:00000025
26678775ns          451193 1c00aae2 01a005b3 add              x11, x0, x26        x11=00000002 x26:00000002
26678795ns          451194 1c00aae4 000b00e7 jalr             x1, x22, 0           x1=1c00aae6 x22:1c00aa18
26678835ns          451196 1c00aa18 000026b7 lui              x13, 0x2000         x13=00002000
26678855ns          451197 1c00aa1a f14027f3 csrrs            x15, x0, 0xf14      x15=00000003
26678874ns          451198 1c00aa1e f8068693 addi             x13, x13, -128      x13=00001f80 x13:00002000
26678894ns          451199 1c00aa22 00379713 slli             x14, x15, 0x3       x14=00000018 x15:00000003
26678914ns          451200 1c00aa26 00279793 slli             x15, x15, 0x2       x15=0000000c x15:00000003
26678934ns          451201 1c00aa28 00d7f7b3 and              x15, x15, x13       x15=00000000 x15:0000000c x13:00001f80
26678954ns          451202 1c00aa2a ee873733 p.bclr           x14, x14, 23, 8     x14=00000018 x14:00000018
26678974ns          451203 1c00aa2e 1a10f6b7 lui              x13, 0x1a10f000     x13=1a10f000
26678994ns          451204 1c00aa32 0ff57513 andi             x10, x10, 255       x10=0000006f x10:0000006f
26679014ns          451205 1c00aa36 00d70733 add              x14, x14, x13       x14=1a10f018 x14:00000018 x13:1a10f000
26679034ns          451206 1c00aa38 00a7e723 p.sw             x10, x0(x15)        x10:0000006f x15:00000000  PA:1a10f018
26679352ns          451222 1c00aa3c 00000513 addi             x10, x0, 0          x10=00000000
26679372ns          451223 1c00aa3e 00008067 jalr             x0, x1, 0            x1:1c00aae6
26679431ns          451226 1c00aae6 25f52163 p.beqimm         x10, 578            x10:00000000
26679451ns          451227 1c00aaea 001d8d93 addi             x27, x27, 1         x27=00000014 x27:00000013
26679471ns          451228 1c00aaec 00044503 lbu              x10, 0(x8)          x10=00000066  x8:1c000085  PA:1c000085
26679769ns          451243 1c00aaf0 00140413 addi             x8, x8, 1            x8=1c000086  x8:1c000085
26679789ns          451244 1c00aaf2 fe0514e3 bne              x10, x0, -24        x10:00000066
26679869ns          451248 1c00aada 02500793 addi             x15, x0, 37         x15=00000025
26679889ns          451249 1c00aade 04f50863 beq              x10, x15, 80        x10:00000066 x15:00000025
26679909ns          451250 1c00aae2 01a005b3 add              x11, x0, x26        x11=00000002 x26:00000002
26679929ns          451251 1c00aae4 000b00e7 jalr             x1, x22, 0           x1=1c00aae6 x22:1c00aa18
26679968ns          451253 1c00aa18 000026b7 lui              x13, 0x2000         x13=00002000
26679988ns          451254 1c00aa1a f14027f3 csrrs            x15, x0, 0xf14      x15=00000003
26680008ns          451255 1c00aa1e f8068693 addi             x13, x13, -128      x13=00001f80 x13:00002000
26680028ns          451256 1c00aa22 00379713 slli             x14, x15, 0x3       x14=00000018 x15:00000003
26680048ns          451257 1c00aa26 00279793 slli             x15, x15, 0x2       x15=0000000c x15:00000003
26680068ns          451258 1c00aa28 00d7f7b3 and              x15, x15, x13       x15=00000000 x15:0000000c x13:00001f80
26680088ns          451259 1c00aa2a ee873733 p.bclr           x14, x14, 23, 8     x14=00000018 x14:00000018
26680108ns          451260 1c00aa2e 1a10f6b7 lui              x13, 0x1a10f000     x13=1a10f000
26680127ns          451261 1c00aa32 0ff57513 andi             x10, x10, 255       x10=00000066 x10:00000066
26680147ns          451262 1c00aa36 00d70733 add              x14, x14, x13       x14=1a10f018 x14:00000018 x13:1a10f000
26680167ns          451263 1c00aa38 00a7e723 p.sw             x10, x0(x15)        x10:00000066 x15:00000000  PA:1a10f018
26680505ns          451280 1c00aa3c 00000513 addi             x10, x0, 0          x10=00000000
26680525ns          451281 1c00aa3e 00008067 jalr             x0, x1, 0            x1:1c00aae6
26680585ns          451284 1c00aae6 25f52163 p.beqimm         x10, 578            x10:00000000
26680605ns          451285 1c00aaea 001d8d93 addi             x27, x27, 1         x27=00000015 x27:00000014
26680625ns          451286 1c00aaec 00044503 lbu              x10, 0(x8)          x10=00000020  x8:1c000086  PA:1c000086
26680943ns          451302 1c00aaf0 00140413 addi             x8, x8, 1            x8=1c000087  x8:1c000086
26680963ns          451303 1c00aaf2 fe0514e3 bne              x10, x0, -24        x10:00000020
26681042ns          451307 1c00aada 02500793 addi             x15, x0, 37         x15=00000025
26681062ns          451308 1c00aade 04f50863 beq              x10, x15, 80        x10:00000020 x15:00000025
26681082ns          451309 1c00aae2 01a005b3 add              x11, x0, x26        x11=00000002 x26:00000002
26681102ns          451310 1c00aae4 000b00e7 jalr             x1, x22, 0           x1=1c00aae6 x22:1c00aa18
26681142ns          451312 1c00aa18 000026b7 lui              x13, 0x2000         x13=00002000
26681162ns          451313 1c00aa1a f14027f3 csrrs            x15, x0, 0xf14      x15=00000003
26681181ns          451314 1c00aa1e f8068693 addi             x13, x13, -128      x13=00001f80 x13:00002000
26681201ns          451315 1c00aa22 00379713 slli             x14, x15, 0x3       x14=00000018 x15:00000003
26681221ns          451316 1c00aa26 00279793 slli             x15, x15, 0x2       x15=0000000c x15:00000003
26681241ns          451317 1c00aa28 00d7f7b3 and              x15, x15, x13       x15=00000000 x15:0000000c x13:00001f80
26681261ns          451318 1c00aa2a ee873733 p.bclr           x14, x14, 23, 8     x14=00000018 x14:00000018
26681281ns          451319 1c00aa2e 1a10f6b7 lui              x13, 0x1a10f000     x13=1a10f000
26681301ns          451320 1c00aa32 0ff57513 andi             x10, x10, 255       x10=00000020 x10:00000020
26681321ns          451321 1c00aa36 00d70733 add              x14, x14, x13       x14=1a10f018 x14:00000018 x13:1a10f000
26681341ns          451322 1c00aa38 00a7e723 p.sw             x10, x0(x15)        x10:00000020 x15:00000000  PA:1a10f018
26681679ns          451339 1c00aa3c 00000513 addi             x10, x0, 0          x10=00000000
26681699ns          451340 1c00aa3e 00008067 jalr             x0, x1, 0            x1:1c00aae6
26681758ns          451343 1c00aae6 25f52163 p.beqimm         x10, 578            x10:00000000
26681778ns          451344 1c00aaea 001d8d93 addi             x27, x27, 1         x27=00000016 x27:00000015
26681798ns          451345 1c00aaec 00044503 lbu              x10, 0(x8)          x10=00000063  x8:1c000087  PA:1c000087
26682096ns          451360 1c00aaf0 00140413 addi             x8, x8, 1            x8=1c000088  x8:1c000087
26682116ns          451361 1c00aaf2 fe0514e3 bne              x10, x0, -24        x10:00000063
26682196ns          451365 1c00aada 02500793 addi             x15, x0, 37         x15=00000025
26682216ns          451366 1c00aade 04f50863 beq              x10, x15, 80        x10:00000063 x15:00000025
26682236ns          451367 1c00aae2 01a005b3 add              x11, x0, x26        x11=00000002 x26:00000002
26682255ns          451368 1c00aae4 000b00e7 jalr             x1, x22, 0           x1=1c00aae6 x22:1c00aa18
26682295ns          451370 1c00aa18 000026b7 lui              x13, 0x2000         x13=00002000
26682315ns          451371 1c00aa1a f14027f3 csrrs            x15, x0, 0xf14      x15=00000003
26682335ns          451372 1c00aa1e f8068693 addi             x13, x13, -128      x13=00001f80 x13:00002000
26682355ns          451373 1c00aa22 00379713 slli             x14, x15, 0x3       x14=00000018 x15:00000003
26682375ns          451374 1c00aa26 00279793 slli             x15, x15, 0x2       x15=0000000c x15:00000003
26682395ns          451375 1c00aa28 00d7f7b3 and              x15, x15, x13       x15=00000000 x15:0000000c x13:00001f80
26682415ns          451376 1c00aa2a ee873733 p.bclr           x14, x14, 23, 8     x14=00000018 x14:00000018
26682434ns          451377 1c00aa2e 1a10f6b7 lui              x13, 0x1a10f000     x13=1a10f000
26682454ns          451378 1c00aa32 0ff57513 andi             x10, x10, 255       x10=00000063 x10:00000063
26682474ns          451379 1c00aa36 00d70733 add              x14, x14, x13       x14=1a10f018 x14:00000018 x13:1a10f000
26682494ns          451380 1c00aa38 00a7e723 p.sw             x10, x0(x15)        x10:00000063 x15:00000000  PA:1a10f018
26682832ns          451397 1c00aa3c 00000513 addi             x10, x0, 0          x10=00000000
26682852ns          451398 1c00aa3e 00008067 jalr             x0, x1, 0            x1:1c00aae6
26682912ns          451401 1c00aae6 25f52163 p.beqimm         x10, 578            x10:00000000
26682932ns          451402 1c00aaea 001d8d93 addi             x27, x27, 1         x27=00000017 x27:00000016
26682951ns          451403 1c00aaec 00044503 lbu              x10, 0(x8)          x10=0000006f  x8:1c000088  PA:1c000088
26683250ns          451418 1c00aaf0 00140413 addi             x8, x8, 1            x8=1c000089  x8:1c000088
26683270ns          451419 1c00aaf2 fe0514e3 bne              x10, x0, -24        x10:0000006f
26683349ns          451423 1c00aada 02500793 addi             x15, x0, 37         x15=00000025
26683369ns          451424 1c00aade 04f50863 beq              x10, x15, 80        x10:0000006f x15:00000025
26683389ns          451425 1c00aae2 01a005b3 add              x11, x0, x26        x11=00000002 x26:00000002
26683409ns          451426 1c00aae4 000b00e7 jalr             x1, x22, 0           x1=1c00aae6 x22:1c00aa18
26683449ns          451428 1c00aa18 000026b7 lui              x13, 0x2000         x13=00002000
26683469ns          451429 1c00aa1a f14027f3 csrrs            x15, x0, 0xf14      x15=00000003
26683488ns          451430 1c00aa1e f8068693 addi             x13, x13, -128      x13=00001f80 x13:00002000
26683508ns          451431 1c00aa22 00379713 slli             x14, x15, 0x3       x14=00000018 x15:00000003
26683528ns          451432 1c00aa26 00279793 slli             x15, x15, 0x2       x15=0000000c x15:00000003
26683548ns          451433 1c00aa28 00d7f7b3 and              x15, x15, x13       x15=00000000 x15:0000000c x13:00001f80
26683568ns          451434 1c00aa2a ee873733 p.bclr           x14, x14, 23, 8     x14=00000018 x14:00000018
26683588ns          451435 1c00aa2e 1a10f6b7 lui              x13, 0x1a10f000     x13=1a10f000
26683608ns          451436 1c00aa32 0ff57513 andi             x10, x10, 255       x10=0000006f x10:0000006f
26683628ns          451437 1c00aa36 00d70733 add              x14, x14, x13       x14=1a10f018 x14:00000018 x13:1a10f000
26683648ns          451438 1c00aa38 00a7e723 p.sw             x10, x0(x15)        x10:0000006f x15:00000000  PA:1a10f018
26683986ns          451455 1c00aa3c 00000513 addi             x10, x0, 0          x10=00000000
26684006ns          451456 1c00aa3e 00008067 jalr             x0, x1, 0            x1:1c00aae6
26684065ns          451459 1c00aae6 25f52163 p.beqimm         x10, 578            x10:00000000
26684085ns          451460 1c00aaea 001d8d93 addi             x27, x27, 1         x27=00000018 x27:00000017
26684105ns          451461 1c00aaec 00044503 lbu              x10, 0(x8)          x10=00000072  x8:1c000089  PA:1c000089
26684403ns          451476 1c00aaf0 00140413 addi             x8, x8, 1            x8=1c00008a  x8:1c000089
26684423ns          451477 1c00aaf2 fe0514e3 bne              x10, x0, -24        x10:00000072
26684503ns          451481 1c00aada 02500793 addi             x15, x0, 37         x15=00000025
26684523ns          451482 1c00aade 04f50863 beq              x10, x15, 80        x10:00000072 x15:00000025
26684543ns          451483 1c00aae2 01a005b3 add              x11, x0, x26        x11=00000002 x26:00000002
26684562ns          451484 1c00aae4 000b00e7 jalr             x1, x22, 0           x1=1c00aae6 x22:1c00aa18
26684602ns          451486 1c00aa18 000026b7 lui              x13, 0x2000         x13=00002000
26684622ns          451487 1c00aa1a f14027f3 csrrs            x15, x0, 0xf14      x15=00000003
26684642ns          451488 1c00aa1e f8068693 addi             x13, x13, -128      x13=00001f80 x13:00002000
26684662ns          451489 1c00aa22 00379713 slli             x14, x15, 0x3       x14=00000018 x15:00000003
26684682ns          451490 1c00aa26 00279793 slli             x15, x15, 0x2       x15=0000000c x15:00000003
26684702ns          451491 1c00aa28 00d7f7b3 and              x15, x15, x13       x15=00000000 x15:0000000c x13:00001f80
26684722ns          451492 1c00aa2a ee873733 p.bclr           x14, x14, 23, 8     x14=00000018 x14:00000018
26684741ns          451493 1c00aa2e 1a10f6b7 lui              x13, 0x1a10f000     x13=1a10f000
26684761ns          451494 1c00aa32 0ff57513 andi             x10, x10, 255       x10=00000072 x10:00000072
26684781ns          451495 1c00aa36 00d70733 add              x14, x14, x13       x14=1a10f018 x14:00000018 x13:1a10f000
26684801ns          451496 1c00aa38 00a7e723 p.sw             x10, x0(x15)        x10:00000072 x15:00000000  PA:1a10f018
26685139ns          451513 1c00aa3c 00000513 addi             x10, x0, 0          x10=00000000
26685159ns          451514 1c00aa3e 00008067 jalr             x0, x1, 0            x1:1c00aae6
26685219ns          451517 1c00aae6 25f52163 p.beqimm         x10, 578            x10:00000000
26685239ns          451518 1c00aaea 001d8d93 addi             x27, x27, 1         x27=00000019 x27:00000018
26685258ns          451519 1c00aaec 00044503 lbu              x10, 0(x8)          x10=00000065  x8:1c00008a  PA:1c00008a
26685557ns          451534 1c00aaf0 00140413 addi             x8, x8, 1            x8=1c00008b  x8:1c00008a
26685577ns          451535 1c00aaf2 fe0514e3 bne              x10, x0, -24        x10:00000065
26685656ns          451539 1c00aada 02500793 addi             x15, x0, 37         x15=00000025
26685676ns          451540 1c00aade 04f50863 beq              x10, x15, 80        x10:00000065 x15:00000025
26685696ns          451541 1c00aae2 01a005b3 add              x11, x0, x26        x11=00000002 x26:00000002
26685716ns          451542 1c00aae4 000b00e7 jalr             x1, x22, 0           x1=1c00aae6 x22:1c00aa18
26685756ns          451544 1c00aa18 000026b7 lui              x13, 0x2000         x13=00002000
26685776ns          451545 1c00aa1a f14027f3 csrrs            x15, x0, 0xf14      x15=00000003
26685795ns          451546 1c00aa1e f8068693 addi             x13, x13, -128      x13=00001f80 x13:00002000
26685815ns          451547 1c00aa22 00379713 slli             x14, x15, 0x3       x14=00000018 x15:00000003
26685835ns          451548 1c00aa26 00279793 slli             x15, x15, 0x2       x15=0000000c x15:00000003
26685855ns          451549 1c00aa28 00d7f7b3 and              x15, x15, x13       x15=00000000 x15:0000000c x13:00001f80
26685875ns          451550 1c00aa2a ee873733 p.bclr           x14, x14, 23, 8     x14=00000018 x14:00000018
26685895ns          451551 1c00aa2e 1a10f6b7 lui              x13, 0x1a10f000     x13=1a10f000
26685915ns          451552 1c00aa32 0ff57513 andi             x10, x10, 255       x10=00000065 x10:00000065
26685935ns          451553 1c00aa36 00d70733 add              x14, x14, x13       x14=1a10f018 x14:00000018 x13:1a10f000
26685955ns          451554 1c00aa38 00a7e723 p.sw             x10, x0(x15)        x10:00000065 x15:00000000  PA:1a10f018
26686293ns          451571 1c00aa3c 00000513 addi             x10, x0, 0          x10=00000000
26686313ns          451572 1c00aa3e 00008067 jalr             x0, x1, 0            x1:1c00aae6
26686372ns          451575 1c00aae6 25f52163 p.beqimm         x10, 578            x10:00000000
26686392ns          451576 1c00aaea 001d8d93 addi             x27, x27, 1         x27=0000001a x27:00000019
26686412ns          451577 1c00aaec 00044503 lbu              x10, 0(x8)          x10=00000073  x8:1c00008b  PA:1c00008b
26686710ns          451592 1c00aaf0 00140413 addi             x8, x8, 1            x8=1c00008c  x8:1c00008b
26686730ns          451593 1c00aaf2 fe0514e3 bne              x10, x0, -24        x10:00000073
26686810ns          451597 1c00aada 02500793 addi             x15, x0, 37         x15=00000025
26686830ns          451598 1c00aade 04f50863 beq              x10, x15, 80        x10:00000073 x15:00000025
26686850ns          451599 1c00aae2 01a005b3 add              x11, x0, x26        x11=00000002 x26:00000002
26686869ns          451600 1c00aae4 000b00e7 jalr             x1, x22, 0           x1=1c00aae6 x22:1c00aa18
26686909ns          451602 1c00aa18 000026b7 lui              x13, 0x2000         x13=00002000
26686929ns          451603 1c00aa1a f14027f3 csrrs            x15, x0, 0xf14      x15=00000003
26686949ns          451604 1c00aa1e f8068693 addi             x13, x13, -128      x13=00001f80 x13:00002000
26686969ns          451605 1c00aa22 00379713 slli             x14, x15, 0x3       x14=00000018 x15:00000003
26686989ns          451606 1c00aa26 00279793 slli             x15, x15, 0x2       x15=0000000c x15:00000003
26687009ns          451607 1c00aa28 00d7f7b3 and              x15, x15, x13       x15=00000000 x15:0000000c x13:00001f80
26687029ns          451608 1c00aa2a ee873733 p.bclr           x14, x14, 23, 8     x14=00000018 x14:00000018
26687048ns          451609 1c00aa2e 1a10f6b7 lui              x13, 0x1a10f000     x13=1a10f000
26687068ns          451610 1c00aa32 0ff57513 andi             x10, x10, 255       x10=00000073 x10:00000073
26687088ns          451611 1c00aa36 00d70733 add              x14, x14, x13       x14=1a10f018 x14:00000018 x13:1a10f000
26687108ns          451612 1c00aa38 00a7e723 p.sw             x10, x0(x15)        x10:00000073 x15:00000000  PA:1a10f018
26687486ns          451631 1c00aa3c 00000513 addi             x10, x0, 0          x10=00000000
26687506ns          451632 1c00aa3e 00008067 jalr             x0, x1, 0            x1:1c00aae6
26687566ns          451635 1c00aae6 25f52163 p.beqimm         x10, 578            x10:00000000
26687585ns          451636 1c00aaea 001d8d93 addi             x27, x27, 1         x27=0000001b x27:0000001a
26687605ns          451637 1c00aaec 00044503 lbu              x10, 0(x8)          x10=0000003a  x8:1c00008c  PA:1c00008c
26687904ns          451652 1c00aaf0 00140413 addi             x8, x8, 1            x8=1c00008d  x8:1c00008c
26687923ns          451653 1c00aaf2 fe0514e3 bne              x10, x0, -24        x10:0000003a
26688003ns          451657 1c00aada 02500793 addi             x15, x0, 37         x15=00000025
26688023ns          451658 1c00aade 04f50863 beq              x10, x15, 80        x10:0000003a x15:00000025
26688043ns          451659 1c00aae2 01a005b3 add              x11, x0, x26        x11=00000002 x26:00000002
26688063ns          451660 1c00aae4 000b00e7 jalr             x1, x22, 0           x1=1c00aae6 x22:1c00aa18
26688102ns          451662 1c00aa18 000026b7 lui              x13, 0x2000         x13=00002000
26688122ns          451663 1c00aa1a f14027f3 csrrs            x15, x0, 0xf14      x15=00000003
26688142ns          451664 1c00aa1e f8068693 addi             x13, x13, -128      x13=00001f80 x13:00002000
26688162ns          451665 1c00aa22 00379713 slli             x14, x15, 0x3       x14=00000018 x15:00000003
26688182ns          451666 1c00aa26 00279793 slli             x15, x15, 0x2       x15=0000000c x15:00000003
26688202ns          451667 1c00aa28 00d7f7b3 and              x15, x15, x13       x15=00000000 x15:0000000c x13:00001f80
26688222ns          451668 1c00aa2a ee873733 p.bclr           x14, x14, 23, 8     x14=00000018 x14:00000018
26688242ns          451669 1c00aa2e 1a10f6b7 lui              x13, 0x1a10f000     x13=1a10f000
26688262ns          451670 1c00aa32 0ff57513 andi             x10, x10, 255       x10=0000003a x10:0000003a
26688281ns          451671 1c00aa36 00d70733 add              x14, x14, x13       x14=1a10f018 x14:00000018 x13:1a10f000
26688301ns          451672 1c00aa38 00a7e723 p.sw             x10, x0(x15)        x10:0000003a x15:00000000  PA:1a10f018
26688620ns          451688 1c00aa3c 00000513 addi             x10, x0, 0          x10=00000000
26688639ns          451689 1c00aa3e 00008067 jalr             x0, x1, 0            x1:1c00aae6
26688699ns          451692 1c00aae6 25f52163 p.beqimm         x10, 578            x10:00000000
26688719ns          451693 1c00aaea 001d8d93 addi             x27, x27, 1         x27=0000001c x27:0000001b
26688739ns          451694 1c00aaec 00044503 lbu              x10, 0(x8)          x10=00000020  x8:1c00008d  PA:1c00008d
26689037ns          451709 1c00aaf0 00140413 addi             x8, x8, 1            x8=1c00008e  x8:1c00008d
26689057ns          451710 1c00aaf2 fe0514e3 bne              x10, x0, -24        x10:00000020
26689137ns          451714 1c00aada 02500793 addi             x15, x0, 37         x15=00000025
26689157ns          451715 1c00aade 04f50863 beq              x10, x15, 80        x10:00000020 x15:00000025
26689176ns          451716 1c00aae2 01a005b3 add              x11, x0, x26        x11=00000002 x26:00000002
26689196ns          451717 1c00aae4 000b00e7 jalr             x1, x22, 0           x1=1c00aae6 x22:1c00aa18
26689236ns          451719 1c00aa18 000026b7 lui              x13, 0x2000         x13=00002000
26689256ns          451720 1c00aa1a f14027f3 csrrs            x15, x0, 0xf14      x15=00000003
26689276ns          451721 1c00aa1e f8068693 addi             x13, x13, -128      x13=00001f80 x13:00002000
26689296ns          451722 1c00aa22 00379713 slli             x14, x15, 0x3       x14=00000018 x15:00000003
26689316ns          451723 1c00aa26 00279793 slli             x15, x15, 0x2       x15=0000000c x15:00000003
26689336ns          451724 1c00aa28 00d7f7b3 and              x15, x15, x13       x15=00000000 x15:0000000c x13:00001f80
26689355ns          451725 1c00aa2a ee873733 p.bclr           x14, x14, 23, 8     x14=00000018 x14:00000018
26689375ns          451726 1c00aa2e 1a10f6b7 lui              x13, 0x1a10f000     x13=1a10f000
26689395ns          451727 1c00aa32 0ff57513 andi             x10, x10, 255       x10=00000020 x10:00000020
26689415ns          451728 1c00aa36 00d70733 add              x14, x14, x13       x14=1a10f018 x14:00000018 x13:1a10f000
26689435ns          451729 1c00aa38 00a7e723 p.sw             x10, x0(x15)        x10:00000020 x15:00000000  PA:1a10f018
26689753ns          451745 1c00aa3c 00000513 addi             x10, x0, 0          x10=00000000
26689773ns          451746 1c00aa3e 00008067 jalr             x0, x1, 0            x1:1c00aae6
26689833ns          451749 1c00aae6 25f52163 p.beqimm         x10, 578            x10:00000000
26689853ns          451750 1c00aaea 001d8d93 addi             x27, x27, 1         x27=0000001d x27:0000001c
26689873ns          451751 1c00aaec 00044503 lbu              x10, 0(x8)          x10=00000025  x8:1c00008e  PA:1c00008e
26690191ns          451767 1c00aaf0 00140413 addi             x8, x8, 1            x8=1c00008f  x8:1c00008e
26690211ns          451768 1c00aaf2 fe0514e3 bne              x10, x0, -24        x10:00000025
26690290ns          451772 1c00aada 02500793 addi             x15, x0, 37         x15=00000025
26690310ns          451773 1c00aade 04f50863 beq              x10, x15, 80        x10:00000025 x15:00000025
26690489ns          451782 1c00ab2e 00044483 lbu              x9, 0(x8)            x9=00000064  x8:1c00008f  PA:1c00008f
26690827ns          451799 1c00ab32 02000693 addi             x13, x0, 32         x13=00000020
26690847ns          451800 1c00ab36 00140a93 addi             x21, x8, 1          x21=1c000090  x8:1c00008f
26690867ns          451801 1c00ab3a 009005b3 add              x11, x0, x9         x11=00000064  x9:00000064
26690887ns          451802 1c00ab3c 610b8513 addi             x10, x23, 1552      x10=1c000610 x23:1c000000
26690907ns          451803 1c00ab40 00d12823 sw               x13, 16(x2)         x13:00000020  x2:10001b68  PA:10001b78
26690927ns          451804 1c00ab42 00012c23 sw               x0, 24(x2)           x2:10001b68  PA:10001b80
26690946ns          451805 1c00ab44 00012a23 sw               x0, 20(x2)           x2:10001b68  PA:10001b7c
26690966ns          451806 1c00ab46 00012e23 sw               x0, 28(x2)           x2:10001b68  PA:10001b84
26690986ns          451807 1c00ab48 00012623 sw               x0, 12(x2)           x2:10001b68  PA:10001b74
26691006ns          451808 1c00ab4a 02300913 addi             x18, x0, 35         x18=00000023
26691026ns          451809 1c00ab4e 02d00a13 addi             x20, x0, 45         x20=0000002d
26691046ns          451810 1c00ab52 015009b3 add              x19, x0, x21        x19=1c000090 x21:1c000090
26691066ns          451811 1c00ab54 e45ff0ef jal              x1, -444             x1=1c00ab56
26691106ns          451813 1c00a998 00054783 lbu              x15, 0(x10)         x15=0000002d x10:1c000610  PA:1c000610
26691444ns          451830 1c00a99c 0ff5f593 andi             x11, x11, 255       x11=00000064 x11:00000064
26691464ns          451831 1c00a9a0 00b78c63 beq              x15, x11, 24        x15:0000002d x11:00000064
26691483ns          451832 1c00a9a4 00078b63 beq              x15, x0, 22         x15:0000002d
26691503ns          451833 1c00a9a6 00150793 addi             x15, x10, 1         x15=1c000611 x10:1c000610
26691523ns          451834 1c00a9aa 0040006f jal              x0, 4              
26691623ns          451839 1c00a9ae 00f00533 add              x10, x0, x15        x10=1c000611 x15:1c000611
26691643ns          451840 1c00a9b0 0017c70b p.lbu            x14, 1(x15!)        x14=0000002b x15=1c000612 x15:1c000611  PA:1c000611
26691961ns          451856 1c00a9b4 feb71ce3 bne              x14, x11, -8        x14:0000002b x11:00000064
26692020ns          451859 1c00a9ac 00070763 beq              x14, x0, 14         x14:0000002b
26692040ns          451860 1c00a9ae 00f00533 add              x10, x0, x15        x10=1c000612 x15:1c000612
26692060ns          451861 1c00a9b0 0017c70b p.lbu            x14, 1(x15!)        x14=00000020 x15=1c000613 x15:1c000612  PA:1c000612
26692378ns          451877 1c00a9b4 feb71ce3 bne              x14, x11, -8        x14:00000020 x11:00000064
26692438ns          451880 1c00a9ac 00070763 beq              x14, x0, 14         x14:00000020
26692458ns          451881 1c00a9ae 00f00533 add              x10, x0, x15        x10=1c000613 x15:1c000613
26692478ns          451882 1c00a9b0 0017c70b p.lbu            x14, 1(x15!)        x14=00000023 x15=1c000614 x15:1c000613  PA:1c000613
26692836ns          451900 1c00a9b4 feb71ce3 bne              x14, x11, -8        x14:00000023 x11:00000064
26692895ns          451903 1c00a9ac 00070763 beq              x14, x0, 14         x14:00000023
26692915ns          451904 1c00a9ae 00f00533 add              x10, x0, x15        x10=1c000614 x15:1c000614
26692935ns          451905 1c00a9b0 0017c70b p.lbu            x14, 1(x15!)        x14=00000030 x15=1c000615 x15:1c000614  PA:1c000614
26693253ns          451921 1c00a9b4 feb71ce3 bne              x14, x11, -8        x14:00000030 x11:00000064
26693313ns          451924 1c00a9ac 00070763 beq              x14, x0, 14         x14:00000030
26693333ns          451925 1c00a9ae 00f00533 add              x10, x0, x15        x10=1c000615 x15:1c000615
26693353ns          451926 1c00a9b0 0017c70b p.lbu            x14, 1(x15!)        x14=00000000 x15=1c000616 x15:1c000615  PA:1c000615
26693671ns          451942 1c00a9b4 feb71ce3 bne              x14, x11, -8        x14:00000000 x11:00000064
26693731ns          451945 1c00a9ac 00070763 beq              x14, x0, 14         x14:00000000
26693810ns          451949 1c00a9ba 0015b593 sltiu            x11, x11, 1         x11=00000000 x11:00000064
26693830ns          451950 1c00a9be 40b005b3 sub              x11, x0, x11        x11=00000000 x11:00000000
26693850ns          451951 1c00a9c2 00b57533 and              x10, x10, x11       x10=00000000 x10:1c000615 x11:00000000
26693870ns          451952 1c00a9c4 00008067 jalr             x0, x1, 0            x1:1c00ab56
26693910ns          451954 1c00ab56 02050a63 beq              x10, x0, 52         x10:00000000
26694049ns          451961 1c00ab8a 02a00613 addi             x12, x0, 42         x12=0000002a
26694109ns          451964 1c00ab8e 1ec48c63 beq              x9, x12, 504         x9:00000064 x12:0000002a
26694148ns          451966 1c00ab92 fd048613 addi             x12, x9, -48        x12=00000034  x9:00000064
26694168ns          451967 1c00ab96 00900593 addi             x11, x0, 9          x11=00000009
26694188ns          451968 1c00ab98 00000913 addi             x18, x0, 0          x18=00000000
26694208ns          451969 1c00ab9a 1cc5f663 bgeu             x11, x12, 460       x11:00000009 x12:00000034
26694248ns          451971 1c00ab9e 02e00693 addi             x13, x0, 46         x13=0000002e
26694268ns          451972 1c00aba2 fff00a13 addi             x20, x0, -1         x20=ffffffff
26694288ns          451973 1c00aba4 22d48963 beq              x9, x13, 562         x9:00000064 x13:0000002e
26694308ns          451974 1c00aba8 1c0007b7 lui              x15, 0x1c000000     x15=1c000000
26694327ns          451975 1c00abac 009005b3 add              x11, x0, x9         x11=00000064  x9:00000064
26694387ns          451978 1c00abae 61878513 addi             x10, x15, 1560      x10=1c000618 x15:1c000000
26694407ns          451979 1c00abb2 de7ff0ef jal              x1, -538             x1=1c00abb4
26694447ns          451981 1c00a998 00054783 lbu              x15, 0(x10)         x15=00000068 x10:1c000618  PA:1c000618
26694745ns          451996 1c00a99c 0ff5f593 andi             x11, x11, 255       x11=00000064 x11:00000064
26694765ns          451997 1c00a9a0 00b78c63 beq              x15, x11, 24        x15:00000068 x11:00000064
26694785ns          451998 1c00a9a4 00078b63 beq              x15, x0, 22         x15:00000068
26694805ns          451999 1c00a9a6 00150793 addi             x15, x10, 1         x15=1c000619 x10:1c000618
26694825ns          452000 1c00a9aa 0040006f jal              x0, 4              
26694924ns          452005 1c00a9ae 00f00533 add              x10, x0, x15        x10=1c000619 x15:1c000619
26694944ns          452006 1c00a9b0 0017c70b p.lbu            x14, 1(x15!)        x14=0000006c x15=1c00061a x15:1c000619  PA:1c000619
26695262ns          452022 1c00a9b4 feb71ce3 bne              x14, x11, -8        x14:0000006c x11:00000064
26695322ns          452025 1c00a9ac 00070763 beq              x14, x0, 14         x14:0000006c
26695342ns          452026 1c00a9ae 00f00533 add              x10, x0, x15        x10=1c00061a x15:1c00061a
26695362ns          452027 1c00a9b0 0017c70b p.lbu            x14, 1(x15!)        x14=0000004c x15=1c00061b x15:1c00061a  PA:1c00061a
26695680ns          452043 1c00a9b4 feb71ce3 bne              x14, x11, -8        x14:0000004c x11:00000064
26695739ns          452046 1c00a9ac 00070763 beq              x14, x0, 14         x14:0000004c
26695759ns          452047 1c00a9ae 00f00533 add              x10, x0, x15        x10=1c00061b x15:1c00061b
26695779ns          452048 1c00a9b0 0017c70b p.lbu            x14, 1(x15!)        x14=0000007a x15=1c00061c x15:1c00061b  PA:1c00061b
26696117ns          452065 1c00a9b4 feb71ce3 bne              x14, x11, -8        x14:0000007a x11:00000064
26696177ns          452068 1c00a9ac 00070763 beq              x14, x0, 14         x14:0000007a
26696197ns          452069 1c00a9ae 00f00533 add              x10, x0, x15        x10=1c00061c x15:1c00061c
26696217ns          452070 1c00a9b0 0017c70b p.lbu            x14, 1(x15!)        x14=00000000 x15=1c00061d x15:1c00061c  PA:1c00061c
26696535ns          452086 1c00a9b4 feb71ce3 bne              x14, x11, -8        x14:00000000 x11:00000064
26696595ns          452089 1c00a9ac 00070763 beq              x14, x0, 14         x14:00000000
26696674ns          452093 1c00a9ba 0015b593 sltiu            x11, x11, 1         x11=00000000 x11:00000064
26696694ns          452094 1c00a9be 40b005b3 sub              x11, x0, x11        x11=00000000 x11:00000000
26696714ns          452095 1c00a9c2 00b57533 and              x10, x10, x11       x10=00000000 x10:1c00061c x11:00000000
26696734ns          452096 1c00a9c4 00008067 jalr             x0, x1, 0            x1:1c00abb4
26696813ns          452100 1c00abb4 01300433 add              x8, x0, x19          x8=1c000090 x19:1c000090
26696833ns          452101 1c00abb6 00050563 beq              x10, x0, 10         x10:00000000
26696893ns          452104 1c00abc0 06700693 addi             x13, x0, 103        x13=00000067
26696913ns          452105 1c00abc4 1c96df63 bge              x13, x9, 478        x13:00000067  x9:00000064
26697052ns          452112 1c00ada2 06500693 addi             x13, x0, 101        x13=00000065
26697072ns          452113 1c00ada6 12d4d463 bge              x9, x13, 296         x9:00000064 x13:00000065
26697092ns          452114 1c00adaa 04700693 addi             x13, x0, 71         x13=00000047
26697152ns          452117 1c00adae 5296c363 blt              x13, x9, 1318       x13:00000047  x9:00000064
26697251ns          452122 1c00b2d4 06300693 addi             x13, x0, 99         x13=00000063
26697291ns          452124 1c00b2d8 1cd48463 beq              x9, x13, 456         x9:00000064 x13:00000063
26697311ns          452125 1c00b2dc 1296c763 blt              x13, x9, 302        x13:00000063  x9:00000064
26697430ns          452131 1c00b40a 000c2503 lw               x10, 0(x24)         x10=00000008 x24:10001cc0  PA:10001cc0
26697450ns          452132 1c00b40e 004c0c13 addi             x24, x24, 4         x24=10001cc4 x24:10001cc0
26697490ns          452134 1c00b410 2c054b63 blt              x10, x0, 726        x10:00000008
26697529ns          452136 1c00b414 01412603 lw               x12, 20(x2)         x12=00000000  x2:10001b68  PA:10001b7c
26697549ns          452137 1c00b416 00a006b3 add              x13, x0, x10        x13=00000008 x10:00000008
26697569ns          452138 1c00b418 2e061463 bne              x12, x0, 744        x12:00000000
26697589ns          452139 1c00b41c 01812703 lw               x14, 24(x2)         x14=00000000  x2:10001b68  PA:10001b80
26697609ns          452140 1c00b41e 019007b3 add              x15, x0, x25        x15=10001b8c x25:10001b8c
26697629ns          452141 1c00b420 00070763 beq              x14, x0, 14         x14:00000000
26697688ns          452144 1c00b42e 00f00733 add              x14, x0, x15        x14=10001b8c x15:10001b8c
26697708ns          452145 1c00b430 00a00593 addi             x11, x0, 10         x11=0000000a
26697728ns          452146 1c00b432 02b6f633 remu             x12, x13, x11       x12=00000008 x13:00000008 x11:0000000a
26698345ns          452177 1c00b436 02b6d6b3 divu             x13, x13, x11       x13=00000000 x13:00000008 x11:0000000a
26698961ns          452208 1c00b43a 03060613 addi             x12, x12, 48        x12=00000038 x12:00000008
26698981ns          452209 1c00b43e 00c700ab p.sb             x12, 1(x14!)        x14=10001b8d x12:00000038 x14:10001b8c  PA:10001b8c
26699001ns          452210 1c00b442 fe0698e3 bne              x13, x0, -16        x13:00000000
26699021ns          452211 1c00b444 40f706b3 sub              x13, x14, x15       x13=00000001 x14:10001b8d x15:10001b8c
26699041ns          452212 1c00b448 0146da63 bge              x13, x20, 20        x13:00000001 x20:ffffffff
26699140ns          452217 1c00b45c 00e006b3 add              x13, x0, x14        x13=10001b8d x14:10001b8d
26699200ns          452220 1c00b45e fe068fab p.sb             x0, -1(x13!)        x13=10001b8c x13:10001b8d  PA:10001b8d
26699240ns          452222 1c00b462 00d7fc63 bgeu             x15, x13, 24        x15:10001b8c x13:10001b8c
26699299ns          452225 1c00b47a 01412783 lw               x15, 20(x2)         x15=00000000  x2:10001b68  PA:10001b7c
26699319ns          452226 1c00b47c 01812603 lw               x12, 24(x2)         x12=00000000  x2:10001b68  PA:10001b80
26699339ns          452227 1c00b47e 419704b3 sub              x9, x14, x25         x9=00000001 x14:10001b8d x25:10001b8c
26699359ns          452228 1c00b482 00c7e7b3 or               x15, x15, x12       x15=00000000 x15:00000000 x12:00000000
26699379ns          452229 1c00b484 00f12623 sw               x15, 12(x2)         x15:00000000  x2:10001b68  PA:10001b74
26699399ns          452230 1c00b486 00079363 bne              x15, x0, 6          x15:00000000
26699419ns          452231 1c00b488 01f55513 srli             x10, x10, 0x1f      x10=00000000 x10:00000008
26699439ns          452232 1c00b48a 00a12623 sw               x10, 12(x2)         x10:00000000  x2:10001b68  PA:10001b74
26699459ns          452233 1c00b48c ddfa22e3 p.beqimm         x20, -572           x20:ffffffff
26699518ns          452236 1c00b250 0c800793 addi             x15, x0, 200        x15=000000c8
26699538ns          452237 1c00b254 ac97cae3 blt              x15, x9, -1324      x15:000000c8  x9:00000001
26699558ns          452238 1c00b258 9d24c8e3 blt              x9, x18, -1584       x9:00000001 x18:00000000
26699578ns          452239 1c00b25c aabff06f jal              x0, -1366          
26699638ns          452242 1c00ad06 dc0486e3 beq              x9, x0, -564         x9:00000001
26699657ns          452243 1c00ad0a 01900933 add              x18, x0, x25        x18=10001b8c x25:10001b8c
26699677ns          452244 1c00ad0c 419d8db3 sub              x27, x27, x25       x27=efffe491 x27:0000001d x25:10001b8c
26699697ns          452245 1c00ad10 00a0006f jal              x0, 10             
26699757ns          452248 1c00ad1a 0019450b p.lbu            x10, 1(x18!)        x10=00000038 x18=10001b8d x18:10001b8c  PA:10001b8c
26699777ns          452249 1c00ad1e 01a005b3 add              x11, x0, x26        x11=00000002 x26:00000002
26699817ns          452251 1c00ad20 000b00e7 jalr             x1, x22, 0           x1=1c00ad22 x22:1c00aa18
26699896ns          452255 1c00aa18 000026b7 lui              x13, 0x2000         x13=00002000
26699936ns          452257 1c00aa1a f14027f3 csrrs            x15, x0, 0xf14      x15=00000003
26699996ns          452260 1c00aa1e f8068693 addi             x13, x13, -128      x13=00001f80 x13:00002000
26700035ns          452262 1c00aa22 00379713 slli             x14, x15, 0x3       x14=00000018 x15:00000003
26700055ns          452263 1c00aa26 00279793 slli             x15, x15, 0x2       x15=0000000c x15:00000003
26700075ns          452264 1c00aa28 00d7f7b3 and              x15, x15, x13       x15=00000000 x15:0000000c x13:00001f80
26700095ns          452265 1c00aa2a ee873733 p.bclr           x14, x14, 23, 8     x14=00000018 x14:00000018
26700115ns          452266 1c00aa2e 1a10f6b7 lui              x13, 0x1a10f000     x13=1a10f000
26700135ns          452267 1c00aa32 0ff57513 andi             x10, x10, 255       x10=00000038 x10:00000038
26700155ns          452268 1c00aa36 00d70733 add              x14, x14, x13       x14=1a10f018 x14:00000018 x13:1a10f000
26700174ns          452269 1c00aa38 00a7e723 p.sw             x10, x0(x15)        x10:00000038 x15:00000000  PA:1a10f018
26700493ns          452285 1c00aa3c 00000513 addi             x10, x0, 0          x10=00000000
26700513ns          452286 1c00aa3e 00008067 jalr             x0, x1, 0            x1:1c00ad22
26700552ns          452288 1c00ad22 fff48493 addi             x9, x9, -1           x9=00000000  x9:00000001
26700572ns          452289 1c00ad24 fff537e3 p.bneimm         x10, -18            x10:00000000
26700652ns          452293 1c00ad12 012d8733 add              x14, x27, x18       x14=0000001e x27:efffe491 x18:10001b8d
26700672ns          452294 1c00ad16 66048d63 beq              x9, x0, 1658         x9:00000000
26700771ns          452299 1c00b390 00e00db3 add              x27, x0, x14        x27=0000001e x14:0000001e
26700811ns          452301 1c00b392 f40ff06f jal              x0, -2240          
26700871ns          452304 1c00aad2 00044503 lbu              x10, 0(x8)          x10=0000000a  x8:1c000090  PA:1c000090
26701189ns          452320 1c00aad6 00140413 addi             x8, x8, 1            x8=1c000091  x8:1c000090
26701209ns          452321 1c00aad8 00050e63 beq              x10, x0, 28         x10:0000000a
26701229ns          452322 1c00aada 02500793 addi             x15, x0, 37         x15=00000025
26701248ns          452323 1c00aade 04f50863 beq              x10, x15, 80        x10:0000000a x15:00000025
26701268ns          452324 1c00aae2 01a005b3 add              x11, x0, x26        x11=00000002 x26:00000002
26701288ns          452325 1c00aae4 000b00e7 jalr             x1, x22, 0           x1=1c00aae6 x22:1c00aa18
26701328ns          452327 1c00aa18 000026b7 lui              x13, 0x2000         x13=00002000
26701348ns          452328 1c00aa1a f14027f3 csrrs            x15, x0, 0xf14      x15=00000003
26701368ns          452329 1c00aa1e f8068693 addi             x13, x13, -128      x13=00001f80 x13:00002000
26701388ns          452330 1c00aa22 00379713 slli             x14, x15, 0x3       x14=00000018 x15:00000003
26701408ns          452331 1c00aa26 00279793 slli             x15, x15, 0x2       x15=0000000c x15:00000003
26701427ns          452332 1c00aa28 00d7f7b3 and              x15, x15, x13       x15=00000000 x15:0000000c x13:00001f80
26701447ns          452333 1c00aa2a ee873733 p.bclr           x14, x14, 23, 8     x14=00000018 x14:00000018
26701467ns          452334 1c00aa2e 1a10f6b7 lui              x13, 0x1a10f000     x13=1a10f000
26701487ns          452335 1c00aa32 0ff57513 andi             x10, x10, 255       x10=0000000a x10:0000000a
26701507ns          452336 1c00aa36 00d70733 add              x14, x14, x13       x14=1a10f018 x14:00000018 x13:1a10f000
26701527ns          452337 1c00aa38 00a7e723 p.sw             x10, x0(x15)        x10:0000000a x15:00000000  PA:1a10f018
26701845ns          452353 1c00aa3c 00000513 addi             x10, x0, 0          x10=00000000
26701865ns          452354 1c00aa3e 00008067 jalr             x0, x1, 0            x1:1c00aae6
26701925ns          452357 1c00aae6 25f52163 p.beqimm         x10, 578            x10:00000000
26701945ns          452358 1c00aaea 001d8d93 addi             x27, x27, 1         x27=0000001f x27:0000001e
26701964ns          452359 1c00aaec 00044503 lbu              x10, 0(x8)          x10=00000000  x8:1c000091  PA:1c000091
26702263ns          452374 1c00aaf0 00140413 addi             x8, x8, 1            x8=1c000092  x8:1c000091
26702283ns          452375 1c00aaf2 fe0514e3 bne              x10, x0, -24        x10:00000000
26702303ns          452376 1c00aaf4 01b00433 add              x8, x0, x27          x8=0000001f x27:0000001f
26702322ns          452377 1c00aaf6 00800533 add              x10, x0, x8         x10=0000001f  x8:0000001f
26702342ns          452378 1c00aaf8 12c12083 lw               x1, 300(x2)          x1=1c00aa84  x2:10001b68  PA:10001c94
26702362ns          452379 1c00aafc 12812403 lw               x8, 296(x2)          x8=xxxxxxxx  x2:10001b68  PA:10001c90
26702402ns          452381 1c00ab00 12412483 lw               x9, 292(x2)          x9=xxxxxxxx  x2:10001b68  PA:10001c8c
26702442ns          452383 1c00ab04 12012903 lw               x18, 288(x2)        x18=xxxxxxxx  x2:10001b68  PA:10001c88
26702462ns          452384 1c00ab08 11c12983 lw               x19, 284(x2)        x19=xxxxxxxx  x2:10001b68  PA:10001c84
26702482ns          452385 1c00ab0c 11812a03 lw               x20, 280(x2)        x20=xxxxxxxx  x2:10001b68  PA:10001c80
26702541ns          452388 1c00ab10 11412a83 lw               x21, 276(x2)        x21=xxxxxxxx  x2:10001b68  PA:10001c7c
26702581ns          452390 1c00ab14 11012b03 lw               x22, 272(x2)        x22=xxxxxxxx  x2:10001b68  PA:10001c78
26702601ns          452391 1c00ab18 10c12b83 lw               x23, 268(x2)        x23=xxxxxxxx  x2:10001b68  PA:10001c74
26702621ns          452392 1c00ab1c 10812c03 lw               x24, 264(x2)        x24=xxxxxxxx  x2:10001b68  PA:10001c70
26702680ns          452395 1c00ab20 10412c83 lw               x25, 260(x2)        x25=xxxxxxxx  x2:10001b68  PA:10001c6c
26702720ns          452397 1c00ab24 10012d03 lw               x26, 256(x2)        x26=xxxxxxxx  x2:10001b68  PA:10001c68
26702740ns          452398 1c00ab28 0fc12d83 lw               x27, 252(x2)        x27=xxxxxxxx  x2:10001b68  PA:10001c64
26702760ns          452399 1c00ab2a 13010113 addi             x2, x2, 304          x2=10001c98  x2:10001b68
26702780ns          452400 1c00ab2c 00008067 jalr             x0, x1, 0            x1:1c00aa84
26703357ns          452429 1c00aa84 01c12083 lw               x1, 28(x2)           x1=1c0092a0  x2:10001c98  PA:10001cb4
26703376ns          452430 1c00aa86 04010113 addi             x2, x2, 64           x2=10001cd8  x2:10001c98
26703416ns          452432 1c00aa88 00008067 jalr             x0, x1, 0            x1:1c0092a0
26703555ns          452439 1c0092a0 1c0010b7 lui              x1, 0x1c001000       x1=1c001000
26703595ns          452441 1c0092a4 e9808093 addi             x1, x1, -360         x1=1c000e98  x1:1c001000
26703615ns          452442 1c0092a8 0000a583 lw               x11, 0(x1)          x11=00000000  x1:1c000e98  PA:1c000e98
26704092ns          452466 1c0092ac 0040a603 lw               x12, 4(x1)          x12=007f0427  x1:1c000e98  PA:1c000e9c
26704490ns          452486 1c0092b0 0080a683 lw               x13, 8(x1)          x13=ff6affd1  x1:1c000e98  PA:1c000ea0
26704908ns          452507 1c0092b4 0100a783 lw               x15, 16(x1)         x15=00000000  x1:1c000e98  PA:1c000ea8
26705206ns          452522 1c0092b8 00c0a703 lw               x14, 12(x1)         x14=0060ffe5  x1:1c000e98  PA:1c000ea4
26705584ns          452541 1c0092bc 2cb12623 sw               x11, 716(x2)        x11:00000000  x2:10001cd8  PA:10001fa4
26705604ns          452542 1c0092c0 2cc12823 sw               x12, 720(x2)        x12:007f0427  x2:10001cd8  PA:10001fa8
26705624ns          452543 1c0092c4 2cd12a23 sw               x13, 724(x2)        x13:ff6affd1  x2:10001cd8  PA:10001fac
26705644ns          452544 1c0092c8 2ce12c23 sw               x14, 728(x2)        x14:0060ffe5  x2:10001cd8  PA:10001fb0
26705664ns          452545 1c0092cc 2cf12e23 sw               x15, 732(x2)        x15:00000000  x2:10001cd8  PA:10001fb4
26705703ns          452547 1c0092d0 21d020ef jal              x1, 10780            x1=1c0092d4
26705783ns          452551 1c00bcec f14027f3 csrrs            x15, x0, 0xf14      x15=00000003
26706141ns          452569 1c00bcf0 01f00713 addi             x14, x0, 31         x14=0000001f
26706181ns          452571 1c00bcf2 ca5797b3 p.extractu       x15, x15, 5, 5      x15=00000000 x15:00000003
26706201ns          452572 1c00bcf6 00e78863 beq              x15, x14, 16        x15:00000000 x14:0000001f
26706220ns          452573 1c00bcfa 002047b7 lui              x15, 0x204000       x15=00204000
26706658ns          452595 1c00bcfe 20078793 addi             x15, x15, 512       x15=00204200 x15:00204000
26706698ns          452597 1c00bd02 01c7e703 p.elw            x14, 28(x15)        x14=00010000 x15:00204200  PA:0020421c
26706917ns          452608 1c00bd06 00008067 jalr             x0, x1, 0            x1:1c0092d4
26707215ns          452623 1c0092d4 0ac12283 lw               x5, 172(x2)          x5=00000003  x2:10001cd8  PA:10001d84
26707235ns          452624 1c0092d6 1c003437 lui              x8, 0x1c003000       x8=1c003000
26707255ns          452625 1c0092da 1c0034b7 lui              x9, 0x1c003000       x9=1c003000
26707692ns          452647 1c0092de 1c003537 lui              x10, 0x1c003000     x10=1c003000
26707732ns          452649 1c0092e2 1c0035b7 lui              x11, 0x1c003000     x11=1c003000
26707752ns          452650 1c0092e6 1c003637 lui              x12, 0x1c003000     x12=1c003000
26707772ns          452651 1c0092ea 1c0036b7 lui              x13, 0x1c003000     x13=1c003000
26708209ns          452673 1c0092ee 1c0037b7 lui              x15, 0x1c003000     x15=1c003000
26708249ns          452675 1c0092f2 1c003db7 lui              x27, 0x1c003000     x27=1c003000
26708269ns          452676 1c0092f6 00129b93 slli             x23, x5, 0x1        x23=00000006  x5:00000003
26708289ns          452677 1c0092fa ef058593 addi             x11, x11, -272      x11=1c002ef0 x11:1c003000
26708746ns          452700 1c0092fe f0060613 addi             x12, x12, -256      x12=1c002f00 x12:1c003000
26708786ns          452702 1c009302 e6078793 addi             x15, x15, -416      x15=1c002e60 x15:1c003000
26708806ns          452703 1c009306 ec040413 addi             x8, x8, -320         x8=1c002ec0  x8:1c003000
26708826ns          452704 1c00930a ed048493 addi             x9, x9, -304         x9=1c002ed0  x9:1c003000
26709263ns          452726 1c00930e ee050513 addi             x10, x10, -288      x10=1c002ee0 x10:1c003000
26709303ns          452728 1c009312 e7068693 addi             x13, x13, -400      x13=1c002e70 x13:1c003000
26709323ns          452729 1c009316 e90d8d93 addi             x27, x27, -368      x27=1c002e90 x27:1c003000
26709343ns          452730 1c00931a 1c003e37 lui              x28, 0x1c003000     x28=1c003000
26709880ns          452757 1c00931e 1c003eb7 lui              x29, 0x1c003000     x29=1c003000
26709920ns          452759 1c009322 1c003f37 lui              x30, 0x1c003000     x30=1c003000
26709940ns          452760 1c009326 01740c33 add              x24, x8, x23        x24=1c002ec6  x8:1c002ec0 x23:00000006
26709959ns          452761 1c00932a 01748b33 add              x22, x9, x23        x22=1c002ed6  x9:1c002ed0 x23:00000006
26710297ns          452778 1c00932e 01758a33 add              x20, x11, x23       x20=1c002ef6 x11:1c002ef0 x23:00000006
26710337ns          452780 1c009332 017609b3 add              x19, x12, x23       x19=1c002f06 x12:1c002f00 x23:00000006
26710357ns          452781 1c009336 017784b3 add              x9, x15, x23         x9=1c002e66 x15:1c002e60 x23:00000006
26710377ns          452782 1c00933a 01750d33 add              x26, x10, x23       x26=1c002ee6 x10:1c002ee0 x23:00000006
26710815ns          452804 1c00933e 01768933 add              x18, x13, x23       x18=1c002e76 x13:1c002e70 x23:00000006
26710854ns          452806 1c009342 017d8433 add              x8, x27, x23         x8=1c002e96 x27:1c002e90 x23:00000006
26710874ns          452807 1c009346 e80e0e13 addi             x28, x28, -384      x28=1c002e80 x28:1c003000
26710894ns          452808 1c00934a eb0e8e93 addi             x29, x29, -336      x29=1c002eb0 x29:1c003000
26711332ns          452830 1c00934e ea0f0f13 addi             x30, x30, -352      x30=1c002ea0 x30:1c003000
26711371ns          452832 1c009352 000c1023 sh               x0, 0(x24)          x24:1c002ec6  PA:1c002ec6
26711690ns          452848 1c009356 000b1023 sh               x0, 0(x22)          x22:1c002ed6  PA:1c002ed6
26712008ns          452864 1c00935a 00041023 sh               x0, 0(x8)            x8:1c002e96  PA:1c002e96
26712326ns          452880 1c00935e 000e5ba3 p.sh             x0, x0(x28)         x28:1c002e80  PA:1c002e86
26712664ns          452897 1c009362 000edba3 p.sh             x0, x0(x29)         x29:1c002eb0  PA:1c002eb6
26712982ns          452913 1c009366 000f5ba3 p.sh             x0, x0(x30)         x30:1c002ea0  PA:1c002ea6
26713301ns          452929 1c00936a 000d1023 sh               x0, 0(x26)          x26:1c002ee6  PA:1c002ee6
26713619ns          452945 1c00936e 000a1023 sh               x0, 0(x20)          x20:1c002ef6  PA:1c002ef6
26713957ns          452962 1c009372 00099023 sh               x0, 0(x19)          x19:1c002f06  PA:1c002f06
26714275ns          452978 1c009376 00091023 sh               x0, 0(x18)          x18:1c002e76  PA:1c002e76
26714593ns          452994 1c00937a 00049023 sh               x0, 0(x9)            x9:1c002e66  PA:1c002e66
26714912ns          453010 1c00937e 16f020ef jal              x1, 10606            x1=1c009382
26714931ns          453011 1c00bcec f14027f3 csrrs            x15, x0, 0xf14      x15=00000003
26714951ns          453012 1c00bcf0 01f00713 addi             x14, x0, 31         x14=0000001f
26714971ns          453013 1c00bcf2 ca5797b3 p.extractu       x15, x15, 5, 5      x15=00000000 x15:00000003
26714991ns          453014 1c00bcf6 00e78863 beq              x15, x14, 16        x15:00000000 x14:0000001f
26715011ns          453015 1c00bcfa 002047b7 lui              x15, 0x204000       x15=00204000
26715031ns          453016 1c00bcfe 20078793 addi             x15, x15, 512       x15=00204200 x15:00204000
26715051ns          453017 1c00bd02 01c7e703 p.elw            x14, 28(x15)        x14=00010000 x15:00204200  PA:0020421c
26715349ns          453032 1c00bd06 00008067 jalr             x0, x1, 0            x1:1c009382
26715409ns          453035 1c009382 1c0027b7 lui              x15, 0x1c002000     x15=1c002000
26715429ns          453036 1c009386 e5078793 addi             x15, x15, -432      x15=1c001e50 x15:1c002000
26715448ns          453037 1c00938a 017785b3 add              x11, x15, x23       x11=1c001e56 x15:1c001e50 x23:00000006
26715985ns          453064 1c00938e 1c0017b7 lui              x15, 0x1c001000     x15=1c001000
26716025ns          453066 1c009392 67c78793 addi             x15, x15, 1660      x15=1c00167c x15:1c001000
26716045ns          453067 1c009396 01778633 add              x12, x15, x23       x12=1c001682 x15:1c00167c x23:00000006
26716065ns          453068 1c00939a 1c0017b7 lui              x15, 0x1c001000     x15=1c001000
26716582ns          453094 1c00939e eac78793 addi             x15, x15, -340      x15=1c000eac x15:1c001000
26716622ns          453096 1c0093a2 01778ab3 add              x21, x15, x23       x21=1c000eb2 x15:1c000eac x23:00000006
26716642ns          453097 1c0093a6 1c002cb7 lui              x25, 0x1c002000     x25=1c002000
26716662ns          453098 1c0093aa 0ac12783 lw               x15, 172(x2)        x15=00000003  x2:10001cd8  PA:10001d84
26716682ns          453099 1c0093ac 688c8c93 addi             x25, x25, 1672      x25=1c002688 x25:1c002000
26717000ns          453115 1c0093b0 017c8cb3 add              x25, x25, x23       x25=1c00268e x25:1c002688 x23:00000006
26717020ns          453116 1c0093b2 03812423 sw               x24, 40(x2)         x24:1c002ec6  x2:10001cd8  PA:10001d00
26717040ns          453117 1c0093b4 03612823 sw               x22, 48(x2)         x22:1c002ed6  x2:10001cd8  PA:10001d08
26717059ns          453118 1c0093b6 0a812023 sw               x8, 160(x2)          x8:1c002e96  x2:10001cd8  PA:10001d78
26717079ns          453119 1c0093b8 01700c33 add              x24, x0, x23        x24=00000006 x23:00000006
26717099ns          453120 1c0093ba 03a12c23 sw               x26, 56(x2)         x26:1c002ee6  x2:10001cd8  PA:10001d10
26717119ns          453121 1c0093bc 01500bb3 add              x23, x0, x21        x23=1c000eb2 x21:1c000eb2
26717139ns          453122 1c0093be 05412023 sw               x20, 64(x2)         x20:1c002ef6  x2:10001cd8  PA:10001d18
26717537ns          453142 1c0093c0 05312423 sw               x19, 72(x2)         x19:1c002f06  x2:10001cd8  PA:10001d20
26717557ns          453143 1c0093c2 05212823 sw               x18, 80(x2)         x18:1c002e76  x2:10001cd8  PA:10001d28
26717576ns          453144 1c0093c4 04912c23 sw               x9, 88(x2)           x9:1c002e66  x2:10001cd8  PA:10001d30
26717596ns          453145 1c0093c6 00b00433 add              x8, x0, x11          x8=1c001e56 x11:1c001e56
26717616ns          453146 1c0093c8 00f00b33 add              x22, x0, x15        x22=00000003 x15:00000003
26717636ns          453147 1c0093ca 00c00ab3 add              x21, x0, x12        x21=1c001682 x12:1c001682
26717656ns          453148 1c0093cc 010c9a0b p.lh             x20, 16(x25!)       x20=ffffff14 x25=1c00269e x25:1c00268e  PA:1c00268e
26718153ns          453173 1c0093d0 0104198b p.lh             x19, 16(x8!)        x19=00000115  x8=1c001e66  x8:1c001e56  PA:1c001e56
26718591ns          453195 1c0093d4 2cc10513 addi             x10, x2, 716        x10=10001fa4  x2:10001cd8
26718611ns          453196 1c0093d6 010a990b p.lh             x18, 16(x21!)       x18=ffffff33 x21=1c001692 x21:1c001682  PA:1c001682
26718989ns          453215 1c0093da 010b948b p.lh             x9, 16(x23!)         x9=00000122 x23=1c000ec2 x23:1c000eb2  PA:1c000eb2
26719406ns          453236 1c0093de 2d411623 sh               x20, 716(x2)        x20:ffffff14  x2:10001cd8  PA:10001fa4
26719426ns          453237 1c0093e2 2d311723 sh               x19, 718(x2)        x19:00000115  x2:10001cd8  PA:10001fa6
26719446ns          453238 1c0093e6 c33ff0ef jal              x1, -974             x1=1c0093e8
26719923ns          453262 1c009018 00051803 lh               x16, 0(x10)         x16=ffffff14 x10:10001fa4  PA:10001fa4
26719963ns          453264 1c00901c 00251883 lh               x17, 2(x10)         x17=00000115 x10:10001fa4  PA:10001fa6
26720480ns          453290 1c009020 030806b3 mul              x13, x16, x16       x13=0000d990 x16:ffffff14 x16:ffffff14
26720520ns          453292 1c009024 03188633 mul              x12, x17, x17       x12=00012bb9 x17:00000115 x17:00000115
26720540ns          453293 1c009028 40a65613 srai             x12, x12, 0x40a     x12=0000004a x12:00012bb9
26720560ns          453294 1c00902a 40a6d693 srai             x13, x13, 0x40a     x13=00000036 x13:0000d990
26720580ns          453295 1c00902c 00c686b3 add              x13, x13, x12       x13=00000080 x13:00000036 x12:0000004a
26720898ns          453311 1c00902e 1006c633 p.exths          x12, x13, x0        x12=00000080 x13:00000080
26720938ns          453313 1c009032 00855703 lhu              x14, 8(x10)         x14=0000ffd1 x10:10001fa4  PA:10001fac
26720957ns          453314 1c009036 00a55683 lhu              x13, 10(x10)        x13=0000ff6a x10:10001fa4  PA:10001fae
26720977ns          453315 1c00903a 02c60333 mul              x6, x12, x12         x6=00004000 x12:00000080 x12:00000080
26721435ns          453338 1c00903e 00c55783 lhu              x15, 12(x10)        x15=0000ffe5 x10:10001fa4  PA:10001fb0
26721475ns          453340 1c009042 00e55583 lhu              x11, 14(x10)        x11=00000060 x10:10001fa4  PA:10001fb2
26721594ns          453346 1c009046 dea30333 p.extract        x6, x6, 15, 10       x6=00000010  x6:00004000
26721614ns          453347 1c00904a 80c7075b p.muls           x14, x14, x12       x14=ffffe880 x14:0000ffd1 x12:00000080
26721952ns          453364 1c00904e 80c686db p.muls           x13, x13, x12       x13=ffffb500 x13:0000ff6a x12:00000080
26721992ns          453366 1c009052 00455e83 lhu              x29, 4(x10)         x29=00000427 x10:10001fa4  PA:10001fa8
26722012ns          453367 1c009056 00655e03 lhu              x28, 6(x10)         x28=0000007f x10:10001fa4  PA:10001faa
26722031ns          453368 1c00905a 40a75713 srai             x14, x14, 0x40a     x14=fffffffa x14:ffffe880
26722051ns          453369 1c00905c 806787db p.muls           x15, x15, x6        x15=fffffe50 x15:0000ffe5  x6:00000010
26722469ns          453390 1c009060 40a6d693 srai             x13, x13, 0x40a     x13=ffffffed x13:ffffb500
26722509ns          453392 1c009062 8065865b p.muls           x12, x11, x6        x12=00000600 x11:00000060  x6:00000010
26722529ns          453393 1c009066 40a7d793 srai             x15, x15, 0x40a     x15=ffffffff x15:fffffe50
26722548ns          453394 1c009068 40a65613 srai             x12, x12, 0x40a     x12=00000001 x12:00000600
26722568ns          453395 1c00906a 01d70733 add              x14, x14, x29       x14=00000421 x14:fffffffa x29:00000427
26722588ns          453396 1c00906c 01c686b3 add              x13, x13, x28       x13=0000006c x13:ffffffed x28:0000007f
26722608ns          453397 1c00906e 00c686b3 add              x13, x13, x12       x13=0000006d x13:0000006c x12:00000001
26722986ns          453416 1c009070 00f70733 add              x14, x14, x15       x14=00000420 x14:00000421 x15:ffffffff
26723026ns          453418 1c009072 100747b3 p.exths          x15, x14, x0        x15=00000420 x14:00000420
26723046ns          453419 1c009076 1006c733 p.exths          x14, x13, x0        x14=0000006d x13:0000006d
26723066ns          453420 1c00907a 03170633 mul              x12, x14, x17       x12=000075f1 x14:0000006d x17:00000115
26723523ns          453443 1c00907e 030786b3 mul              x13, x15, x16       x13=fffc3280 x15:00000420 x16:ffffff14
26723563ns          453445 1c009082 03070733 mul              x14, x14, x16       x14=ffff9b84 x14:0000006d x16:ffffff14
26723583ns          453446 1c009086 031787b3 mul              x15, x15, x17       x15=000476a0 x15:00000420 x17:00000115
26723603ns          453447 1c00908a 40a6d693 srai             x13, x13, 0x40a     x13=ffffff0c x13:fffc3280
26723622ns          453448 1c00908c 40a65613 srai             x12, x12, 0x40a     x12=0000001d x12:000075f1
26723642ns          453449 1c00908e 40a7d793 srai             x15, x15, 0x40a     x15=0000011d x15:000476a0
26724040ns          453469 1c009090 40a75713 srai             x14, x14, 0x40a     x14=ffffffe6 x14:ffff9b84
26724060ns          453470 1c009092 40c686b3 sub              x13, x13, x12       x13=fffffeef x13:ffffff0c x12:0000001d
26724080ns          453471 1c009094 00e787b3 add              x15, x15, x14       x15=00000103 x15:0000011d x14:ffffffe6
26724100ns          453472 1c009096 00d51823 sh               x13, 16(x10)        x13:fffffeef x10:10001fa4  PA:10001fb4
26724140ns          453474 1c00909a 00f51923 sh               x15, 18(x10)        x15:00000103 x10:10001fa4  PA:10001fb6
26724239ns          453479 1c00909e 00008067 jalr             x0, x1, 0            x1:1c0093e8
26724677ns          453501 1c0093e8 2dc15583 lhu              x11, 732(x2)        x11=0000feef  x2:10001cd8  PA:10001fb4
26724716ns          453503 1c0093ec 2de15783 lhu              x15, 734(x2)        x15=00000103  x2:10001cd8  PA:10001fb6
26725034ns          453519 1c0093f0 40b90933 sub              x18, x18, x11       x18=ffff0044 x18:ffffff33 x11:0000feef
26725074ns          453521 1c0093f4 40f484b3 sub              x9, x9, x15          x9=0000001f  x9:00000122 x15:00000103
26725094ns          453522 1c0093f6 100945b3 p.exths          x11, x18, x0        x11=00000044 x18:ffff0044
26725114ns          453523 1c0093fa 1004c7b3 p.exths          x15, x9, x0         x15=0000001f  x9:0000001f
26725571ns          453546 1c0093fe 034586b3 mul              x13, x11, x20       x13=ffffc150 x11:00000044 x20:ffffff14
26725611ns          453548 1c009402 03378533 mul              x10, x15, x19       x10=0000218b x15:0000001f x19:00000115
26725631ns          453549 1c009406 034a0633 mul              x12, x20, x20       x12=0000d990 x20:ffffff14 x20:ffffff14
26725651ns          453550 1c00940a 03398733 mul              x14, x19, x19       x14=00012bb9 x19:00000115 x19:00000115
26726108ns          453573 1c00940e 034787b3 mul              x15, x15, x20       x15=ffffe36c x15:0000001f x20:ffffff14
26726148ns          453575 1c009412 033585b3 mul              x11, x11, x19       x11=00004994 x11:00000044 x19:00000115
26726168ns          453576 1c009416 40a75713 srai             x14, x14, 0x40a     x14=0000004a x14:00012bb9
26726188ns          453577 1c009418 40a5d593 srai             x11, x11, 0x40a     x11=00000012 x11:00004994
26726208ns          453578 1c00941a 40a65613 srai             x12, x12, 0x40a     x12=00000036 x12:0000d990
26726228ns          453579 1c00941c 40a7d793 srai             x15, x15, 0x40a     x15=fffffff8 x15:ffffe36c
26726705ns          453603 1c00941e 1c0034b7 lui              x9, 0x1c003000       x9=1c003000
26726725ns          453604 1c009422 00e60633 add              x12, x12, x14       x12=00000080 x12:00000036 x14:0000004a
26726745ns          453605 1c009424 40b787b3 sub              x15, x15, x11       x15=ffffffe6 x15:fffffff8 x11:00000012
26726765ns          453606 1c009426 eb048493 addi             x9, x9, -336         x9=1c002eb0  x9:1c003000
26726785ns          453607 1c00942a 1c0032b7 lui              x5, 0x1c003000       x5=1c003000
26727123ns          453624 1c00942e 1c0035b7 lui              x11, 0x1c003000     x11=1c003000
26727163ns          453626 1c009432 018483b3 add              x7, x9, x24          x7=1c002eb6  x9:1c002eb0 x24:00000006
26727182ns          453627 1c009436 02812e83 lw               x29, 40(x2)         x29=1c002ec6  x2:10001cd8  PA:10001d00
26727202ns          453628 1c009438 10065633 p.exthz          x12, x12, x0        x12=00000080 x12:00000080
26727222ns          453629 1c00943c e8028293 addi             x5, x5, -384         x5=1c002e80  x5:1c003000
26727660ns          453651 1c009440 ea058593 addi             x11, x11, -352      x11=1c002ea0 x11:1c003000
26727699ns          453653 1c009444 03812483 lw               x9, 56(x2)           x9=1c002ee6  x2:10001cd8  PA:10001d10
26727719ns          453654 1c009446 10064733 p.exths          x14, x12, x0        x14=00000080 x12:00000080
26727739ns          453655 1c00944a 018280b3 add              x1, x5, x24          x1=1c002e86  x5:1c002e80 x24:00000006
26727759ns          453656 1c00944e 03012f03 lw               x30, 48(x2)         x30=1c002ed6  x2:10001cd8  PA:10001d08
26728157ns          453676 1c009450 018582b3 add              x5, x11, x24         x5=1c002ea6 x11:1c002ea0 x24:00000006
26728197ns          453678 1c009454 04012583 lw               x11, 64(x2)         x11=1c002ef6  x2:10001cd8  PA:10001d18
26728217ns          453679 1c009456 000edd83 lhu              x27, 0(x29)         x27=00000000 x29:1c002ec6  PA:1c002ec6
26728634ns          453700 1c00945a 0004d483 lhu              x9, 0(x9)            x9=00000000  x9:1c002ee6  PA:1c002ee6
26728992ns          453718 1c00945e 02e70333 mul              x6, x14, x14         x6=00004000 x14:00000080 x14:00000080
26729012ns          453719 1c009462 40a55513 srai             x10, x10, 0x40a     x10=00000008 x10:0000218b
26729032ns          453720 1c009464 04812e83 lw               x29, 72(x2)         x29=1c002f06  x2:10001cd8  PA:10001d20
26729052ns          453721 1c009466 40a6d693 srai             x13, x13, 0x40a     x13=fffffff0 x13:ffffc150
26729072ns          453722 1c009468 000f5d03 lhu              x26, 0(x30)         x26=00000000 x30:1c002ed6  PA:1c002ed6
26729390ns          453738 1c00946c 0005d583 lhu              x11, 0(x11)         x11=00000000 x11:1c002ef6  PA:1c002ef6
26729828ns          453760 1c009470 40a35313 srai             x6, x6, 0x40a        x6=00000010  x6:00004000
26729847ns          453761 1c009474 00a686b3 add              x13, x13, x10       x13=fffffff8 x13:fffffff0 x10:00000008
26729867ns          453762 1c009476 05012f03 lw               x30, 80(x2)         x30=1c002e76  x2:10001cd8  PA:10001d28
26729887ns          453763 1c009478 10034e33 p.exths          x28, x6, x0         x28=00000010  x6:00000010
26729907ns          453764 1c00947c 06911023 sh               x9, 96(x2)           x9:00000000  x2:10001cd8  PA:10001d38
26730066ns          453772 1c009480 000ede83 lhu              x29, 0(x29)         x29=00000000 x29:1c002f06  PA:1c002f06
26730444ns          453791 1c009484 05812483 lw               x9, 88(x2)           x9=1c002e66  x2:10001cd8  PA:10001d30
26730464ns          453792 1c009486 1006d6b3 p.exthz          x13, x13, x0        x13=0000fff8 x13:fffffff8
26730484ns          453793 1c00948a 02ee08b3 mul              x17, x28, x14       x17=00000800 x28:00000010 x14:00000080
26730663ns          453802 1c00948e 1006c833 p.exths          x16, x13, x0        x16=fffffff8 x13:0000fff8
26730703ns          453804 1c009492 06b11823 sh               x11, 112(x2)        x11:00000000  x2:10001cd8  PA:10001d48
26730722ns          453805 1c009496 000f5f03 lhu              x30, 0(x30)         x30=00000000 x30:1c002e76  PA:1c002e76
26731160ns          453827 1c00949a 0a012583 lw               x11, 160(x2)        x11=1c002e96  x2:10001cd8  PA:10001d78
26731180ns          453828 1c00949c 1007d7b3 p.exthz          x15, x15, x0        x15=0000ffe6 x15:ffffffe6
26731279ns          453833 1c0094a0 0004da03 lhu              x20, 0(x9)          x20=00000000  x9:1c002e66  PA:1c002e66
26731697ns          453854 1c0094a4 1007c533 p.exths          x10, x15, x0        x10=ffffffe6 x15:0000ffe6
26731717ns          453855 1c0094a8 09d11023 sh               x29, 128(x2)        x29:00000000  x2:10001cd8  PA:10001d58
26731777ns          453858 1c0094ac 0003d483 lhu              x9, 0(x7)            x9=00000000  x7:1c002eb6  PA:1c002eb6
26732095ns          453874 1c0094b0 02e80eb3 mul              x29, x16, x14       x29=fffffc00 x16:fffffff8 x14:00000080
26732115ns          453875 1c0094b4 40a8d893 srai             x17, x17, 0x40a     x17=00000002 x17:00000800
26732135ns          453876 1c0094b8 03c80833 mul              x16, x16, x28       x16=ffffff80 x16:fffffff8 x28:00000010
26732154ns          453877 1c0094bc 09e11823 sh               x30, 144(x2)        x30:00000000  x2:10001cd8  PA:10001d68
26732353ns          453887 1c0094c0 0005d983 lhu              x19, 0(x11)         x19=00000000 x11:1c002e96  PA:1c002e96
26732671ns          453903 1c0094c4 81c88f5b p.muls           x30, x17, x28       x30=00000020 x17:00000002 x28:00000010
26732691ns          453904 1c0094c8 0002d583 lhu              x11, 0(x5)          x11=00000000  x5:1c002ea6  PA:1c002ea6
26733149ns          453927 1c0094cc 03ce0fb3 mul              x31, x28, x28       x31=00000100 x28:00000010 x28:00000010
26733169ns          453928 1c0094d0 02e50733 mul              x14, x10, x14       x14=fffff300 x10:ffffffe6 x14:00000080
26733189ns          453929 1c0094d4 40a85813 srai             x16, x16, 0x40a     x16=ffffffff x16:ffffff80
26733208ns          453930 1c0094d8 03c50533 mul              x10, x10, x28       x10=fffffe60 x10:ffffffe6 x28:00000010
26733228ns          453931 1c0094dc 07015e03 lhu              x28, 112(x2)        x28=00000000  x2:10001cd8  PA:10001d48
26733646ns          453952 1c0094e0 01b60633 add              x12, x12, x27       x12=00000080 x12:00000080 x27:00000000
26733666ns          453953 1c0094e2 00980833 add              x16, x16, x9        x16=ffffffff x16:ffffffff  x9:00000000
26733686ns          453954 1c0094e4 06015d83 lhu              x27, 96(x2)         x27=00000000  x2:10001cd8  PA:10001d38
26733706ns          453955 1c0094e8 02812483 lw               x9, 40(x2)           x9=1c002ec6  x2:10001cd8  PA:10001d00
26733726ns          453956 1c0094ea 40afdf93 srai             x31, x31, 0x40a     x31=00000000 x31:00000100
26733745ns          453957 1c0094ee 40a55513 srai             x10, x10, 0x40a     x10=ffffffff x10:fffffe60
26734163ns          453978 1c0094f0 01cf8fb3 add              x31, x31, x28       x31=00000000 x31:00000000 x28:00000000
26734183ns          453979 1c0094f2 00b50533 add              x10, x10, x11       x10=ffffffff x10:ffffffff x11:00000000
26734203ns          453980 1c0094f4 09015e03 lhu              x28, 144(x2)        x28=00000000  x2:10001cd8  PA:10001d68
26734223ns          453981 1c0094f8 03012583 lw               x11, 48(x2)         x11=1c002ed6  x2:10001cd8  PA:10001d08
26734243ns          453982 1c0094fa 00c49023 sh               x12, 0(x9)          x12:00000080  x9:1c002ec6  PA:1c002ec6
26734561ns          453998 1c0094fe 01b888b3 add              x17, x17, x27       x17=00000002 x17:00000002 x27:00000000
26734680ns          454004 1c009500 01a30333 add              x6, x6, x26          x6=00000010  x6:00000010 x26:00000000
26734720ns          454006 1c009502 08015d83 lhu              x27, 128(x2)        x27=00000000  x2:10001cd8  PA:10001d58
26734740ns          454007 1c009506 0000d903 lhu              x18, 0(x1)          x18=00000000  x1:1c002e86  PA:1c002e86
26735078ns          454024 1c00950a 01c686b3 add              x13, x13, x28       x13=0000fff8 x13:0000fff8 x28:00000000
26735098ns          454025 1c00950c 00659023 sh               x6, 0(x11)           x6:00000010 x11:1c002ed6  PA:1c002ed6
26735436ns          454042 1c009510 40af5f13 srai             x30, x30, 0x40a     x30=00000000 x30:00000020
26735456ns          454043 1c009514 04812e03 lw               x28, 72(x2)         x28=1c002f06  x2:10001cd8  PA:10001d20
26735476ns          454044 1c009516 01bf0f33 add              x30, x30, x27       x30=00000000 x30:00000000 x27:00000000
26735496ns          454045 1c009518 40aede93 srai             x29, x29, 0x40a     x29=ffffffff x29:fffffc00
26735515ns          454046 1c00951c 40a75713 srai             x14, x14, 0x40a     x14=fffffffc x14:fffff300
26735535ns          454047 1c00951e 03812603 lw               x12, 56(x2)         x12=1c002ee6  x2:10001cd8  PA:10001d10
26735973ns          454069 1c009520 04012d83 lw               x27, 64(x2)         x27=1c002ef6  x2:10001cd8  PA:10001d18
26736013ns          454071 1c009522 01ee1023 sh               x30, 0(x28)         x30:00000000 x28:1c002f06  PA:1c002f06
26736430ns          454092 1c009526 05812483 lw               x9, 88(x2)           x9=1c002e66  x2:10001cd8  PA:10001d30
26736450ns          454093 1c009528 05012f03 lw               x30, 80(x2)         x30=1c002e76  x2:10001cd8  PA:10001d28
26736470ns          454094 1c00952a 0a012583 lw               x11, 160(x2)        x11=1c002e96  x2:10001cd8  PA:10001d78
26736490ns          454095 1c00952c 014787b3 add              x15, x15, x20       x15=0000ffe6 x15:0000ffe6 x20:00000000
26736510ns          454096 1c00952e 013e8eb3 add              x29, x29, x19       x29=ffffffff x29:ffffffff x19:00000000
26736530ns          454097 1c009530 01270733 add              x14, x14, x18       x14=fffffffc x14:fffffffc x18:00000000
26736550ns          454098 1c009532 00f49023 sh               x15, 0(x9)          x15:0000ffe6  x9:1c002e66  PA:1c002e66
26736908ns          454116 1c009536 01161023 sh               x17, 0(x12)         x17:00000002 x12:1c002ee6  PA:1c002ee6
26737226ns          454132 1c00953a 01fd9023 sh               x31, 0(x27)         x31:00000000 x27:1c002ef6  PA:1c002ef6
26737544ns          454148 1c00953e 00df1023 sh               x13, 0(x30)         x13:0000fff8 x30:1c002e76  PA:1c002e76
26737882ns          454165 1c009542 01d59023 sh               x29, 0(x11)         x29:ffffffff x11:1c002e96  PA:1c002e96
26738200ns          454181 1c009546 00e09023 sh               x14, 0(x1)          x14:fffffffc  x1:1c002e86  PA:1c002e86
26738519ns          454197 1c00954a 01039023 sh               x16, 0(x7)          x16:ffffffff  x7:1c002eb6  PA:1c002eb6
26738837ns          454213 1c00954e 00a29023 sh               x10, 0(x5)          x10:ffffffff  x5:1c002ea6  PA:1c002ea6
26739175ns          454230 1c009552 008b0b13 addi             x22, x22, 8         x22=0000000b x22:00000003
26739195ns          454231 1c009554 1f300793 addi             x15, x0, 499        x15=000001f3
26739215ns          454232 1c009558 e767dae3 bge              x15, x22, -396      x15:000001f3 x22:0000000b
26739414ns          454242 1c0093cc 010c9a0b p.lh             x20, 16(x25!)       x20=ffffff93 x25=1c0026ae x25:1c00269e  PA:1c00269e
26739732ns          454258 1c0093d0 0104198b p.lh             x19, 16(x8!)        x19=ffffffc6  x8=1c001e76  x8:1c001e66  PA:1c001e66
26740030ns          454273 1c0093d4 2cc10513 addi             x10, x2, 716        x10=10001fa4  x2:10001cd8
26740050ns          454274 1c0093d6 010a990b p.lh             x18, 16(x21!)       x18=ffffff8b x21=1c0016a2 x21:1c001692  PA:1c001692
26740368ns          454290 1c0093da 010b948b p.lh             x9, 16(x23!)         x9=ffffffc9 x23=1c000ed2 x23:1c000ec2  PA:1c000ec2
26740666ns          454305 1c0093de 2d411623 sh               x20, 716(x2)        x20:ffffff93  x2:10001cd8  PA:10001fa4
26740686ns          454306 1c0093e2 2d311723 sh               x19, 718(x2)        x19:ffffffc6  x2:10001cd8  PA:10001fa6
26740706ns          454307 1c0093e6 c33ff0ef jal              x1, -974             x1=1c0093e8
26740746ns          454309 1c009018 00051803 lh               x16, 0(x10)         x16=ffffff93 x10:10001fa4  PA:10001fa4
26740786ns          454311 1c00901c 00251883 lh               x17, 2(x10)         x17=ffffffc6 x10:10001fa4  PA:10001fa6
26741203ns          454332 1c009020 030806b3 mul              x13, x16, x16       x13=00002e69 x16:ffffff93 x16:ffffff93
26741243ns          454334 1c009024 03188633 mul              x12, x17, x17       x12=00000d24 x17:ffffffc6 x17:ffffffc6
26741263ns          454335 1c009028 40a65613 srai             x12, x12, 0x40a     x12=00000003 x12:00000d24
26741283ns          454336 1c00902a 40a6d693 srai             x13, x13, 0x40a     x13=0000000b x13:00002e69
26741303ns          454337 1c00902c 00c686b3 add              x13, x13, x12       x13=0000000e x13:0000000b x12:00000003
26741323ns          454338 1c00902e 1006c633 p.exths          x12, x13, x0        x12=0000000e x13:0000000e
26741343ns          454339 1c009032 00855703 lhu              x14, 8(x10)         x14=0000ffd1 x10:10001fa4  PA:10001fac
26741422ns          454343 1c009036 00a55683 lhu              x13, 10(x10)        x13=0000ff6a x10:10001fa4  PA:10001fae
26741542ns          454349 1c00903a 02c60333 mul              x6, x12, x12         x6=000000c4 x12:0000000e x12:0000000e
26741561ns          454350 1c00903e 00c55783 lhu              x15, 12(x10)        x15=0000ffe5 x10:10001fa4  PA:10001fb0
26741601ns          454352 1c009042 00e55583 lhu              x11, 14(x10)        x11=00000060 x10:10001fa4  PA:10001fb2
26741661ns          454355 1c009046 dea30333 p.extract        x6, x6, 15, 10       x6=00000000  x6:000000c4
26741681ns          454356 1c00904a 80c7075b p.muls           x14, x14, x12       x14=fffffd6e x14:0000ffd1 x12:0000000e
26741701ns          454357 1c00904e 80c686db p.muls           x13, x13, x12       x13=fffff7cc x13:0000ff6a x12:0000000e
26741721ns          454358 1c009052 00455e83 lhu              x29, 4(x10)         x29=00000427 x10:10001fa4  PA:10001fa8
26741760ns          454360 1c009056 00655e03 lhu              x28, 6(x10)         x28=0000007f x10:10001fa4  PA:10001faa
26741820ns          454363 1c00905a 40a75713 srai             x14, x14, 0x40a     x14=ffffffff x14:fffffd6e
26741840ns          454364 1c00905c 806787db p.muls           x15, x15, x6        x15=00000000 x15:0000ffe5  x6:00000000
26741860ns          454365 1c009060 40a6d693 srai             x13, x13, 0x40a     x13=fffffffd x13:fffff7cc
26741880ns          454366 1c009062 8065865b p.muls           x12, x11, x6        x12=00000000 x11:00000060  x6:00000000
26741900ns          454367 1c009066 40a7d793 srai             x15, x15, 0x40a     x15=00000000 x15:00000000
26741919ns          454368 1c009068 40a65613 srai             x12, x12, 0x40a     x12=00000000 x12:00000000
26741939ns          454369 1c00906a 01d70733 add              x14, x14, x29       x14=00000426 x14:ffffffff x29:00000427
26741959ns          454370 1c00906c 01c686b3 add              x13, x13, x28       x13=0000007c x13:fffffffd x28:0000007f
26741979ns          454371 1c00906e 00c686b3 add              x13, x13, x12       x13=0000007c x13:0000007c x12:00000000
26741999ns          454372 1c009070 00f70733 add              x14, x14, x15       x14=00000426 x14:00000426 x15:00000000
26742019ns          454373 1c009072 100747b3 p.exths          x15, x14, x0        x15=00000426 x14:00000426
26742039ns          454374 1c009076 1006c733 p.exths          x14, x13, x0        x14=0000007c x13:0000007c
26742059ns          454375 1c00907a 03170633 mul              x12, x14, x17       x12=ffffe3e8 x14:0000007c x17:ffffffc6
26742098ns          454377 1c00907e 030786b3 mul              x13, x15, x16       x13=fffe3bd2 x15:00000426 x16:ffffff93
26742138ns          454379 1c009082 03070733 mul              x14, x14, x16       x14=ffffcb34 x14:0000007c x16:ffffff93
26742158ns          454380 1c009086 031787b3 mul              x15, x15, x17       x15=ffff0f64 x15:00000426 x17:ffffffc6
26742178ns          454381 1c00908a 40a6d693 srai             x13, x13, 0x40a     x13=ffffff8e x13:fffe3bd2
26742198ns          454382 1c00908c 40a65613 srai             x12, x12, 0x40a     x12=fffffff8 x12:ffffe3e8
26742218ns          454383 1c00908e 40a7d793 srai             x15, x15, 0x40a     x15=ffffffc3 x15:ffff0f64
26742238ns          454384 1c009090 40a75713 srai             x14, x14, 0x40a     x14=fffffff2 x14:ffffcb34
26742258ns          454385 1c009092 40c686b3 sub              x13, x13, x12       x13=ffffff96 x13:ffffff8e x12:fffffff8
26742277ns          454386 1c009094 00e787b3 add              x15, x15, x14       x15=ffffffb5 x15:ffffffc3 x14:fffffff2
26742297ns          454387 1c009096 00d51823 sh               x13, 16(x10)        x13:ffffff96 x10:10001fa4  PA:10001fb4
26742317ns          454388 1c00909a 00f51923 sh               x15, 18(x10)        x15:ffffffb5 x10:10001fa4  PA:10001fb6
26742337ns          454389 1c00909e 00008067 jalr             x0, x1, 0            x1:1c0093e8
26742417ns          454393 1c0093e8 2dc15583 lhu              x11, 732(x2)        x11=0000ff96  x2:10001cd8  PA:10001fb4
26742456ns          454395 1c0093ec 2de15783 lhu              x15, 734(x2)        x15=0000ffb5  x2:10001cd8  PA:10001fb6
26742536ns          454399 1c0093f0 40b90933 sub              x18, x18, x11       x18=fffefff5 x18:ffffff8b x11:0000ff96
26742576ns          454401 1c0093f4 40f484b3 sub              x9, x9, x15          x9=ffff0014  x9:ffffffc9 x15:0000ffb5
26742596ns          454402 1c0093f6 100945b3 p.exths          x11, x18, x0        x11=fffffff5 x18:fffefff5
26742615ns          454403 1c0093fa 1004c7b3 p.exths          x15, x9, x0         x15=00000014  x9:ffff0014
26742675ns          454406 1c0093fe 034586b3 mul              x13, x11, x20       x13=000004af x11:fffffff5 x20:ffffff93
26742715ns          454408 1c009402 03378533 mul              x10, x15, x19       x10=fffffb78 x15:00000014 x19:ffffffc6
26742735ns          454409 1c009406 034a0633 mul              x12, x20, x20       x12=00002e69 x20:ffffff93 x20:ffffff93
26742755ns          454410 1c00940a 03398733 mul              x14, x19, x19       x14=00000d24 x19:ffffffc6 x19:ffffffc6
26742814ns          454413 1c00940e 034787b3 mul              x15, x15, x20       x15=fffff77c x15:00000014 x20:ffffff93
26742854ns          454415 1c009412 033585b3 mul              x11, x11, x19       x11=0000027e x11:fffffff5 x19:ffffffc6
26742874ns          454416 1c009416 40a75713 srai             x14, x14, 0x40a     x14=00000003 x14:00000d24
26742894ns          454417 1c009418 40a5d593 srai             x11, x11, 0x40a     x11=00000000 x11:0000027e
26742914ns          454418 1c00941a 40a65613 srai             x12, x12, 0x40a     x12=0000000b x12:00002e69
26742934ns          454419 1c00941c 40a7d793 srai             x15, x15, 0x40a     x15=fffffffd x15:fffff77c
26742954ns          454420 1c00941e 1c0034b7 lui              x9, 0x1c003000       x9=1c003000
26742973ns          454421 1c009422 00e60633 add              x12, x12, x14       x12=0000000e x12:0000000b x14:00000003
26742993ns          454422 1c009424 40b787b3 sub              x15, x15, x11       x15=fffffffd x15:fffffffd x11:00000000
26743013ns          454423 1c009426 eb048493 addi             x9, x9, -336         x9=1c002eb0  x9:1c003000
26743033ns          454424 1c00942a 1c0032b7 lui              x5, 0x1c003000       x5=1c003000
26743093ns          454427 1c00942e 1c0035b7 lui              x11, 0x1c003000     x11=1c003000
26743133ns          454429 1c009432 018483b3 add              x7, x9, x24          x7=1c002eb6  x9:1c002eb0 x24:00000006
26743152ns          454430 1c009436 02812e83 lw               x29, 40(x2)         x29=1c002ec6  x2:10001cd8  PA:10001d00
26743172ns          454431 1c009438 10065633 p.exthz          x12, x12, x0        x12=0000000e x12:0000000e
26743192ns          454432 1c00943c e8028293 addi             x5, x5, -384         x5=1c002e80  x5:1c003000
26743232ns          454434 1c009440 ea058593 addi             x11, x11, -352      x11=1c002ea0 x11:1c003000
26743272ns          454436 1c009444 03812483 lw               x9, 56(x2)           x9=1c002ee6  x2:10001cd8  PA:10001d10
26743292ns          454437 1c009446 10064733 p.exths          x14, x12, x0        x14=0000000e x12:0000000e
26743312ns          454438 1c00944a 018280b3 add              x1, x5, x24          x1=1c002e86  x5:1c002e80 x24:00000006
26743331ns          454439 1c00944e 03012f03 lw               x30, 48(x2)         x30=1c002ed6  x2:10001cd8  PA:10001d08
26743371ns          454441 1c009450 018582b3 add              x5, x11, x24         x5=1c002ea6 x11:1c002ea0 x24:00000006
26743411ns          454443 1c009454 04012583 lw               x11, 64(x2)         x11=1c002ef6  x2:10001cd8  PA:10001d18
26743431ns          454444 1c009456 000edd83 lhu              x27, 0(x29)         x27=00000080 x29:1c002ec6  PA:1c002ec6
26743868ns          454466 1c00945a 0004d483 lhu              x9, 0(x9)            x9=00000002  x9:1c002ee6  PA:1c002ee6
26744286ns          454487 1c00945e 02e70333 mul              x6, x14, x14         x6=000000c4 x14:0000000e x14:0000000e
26744306ns          454488 1c009462 40a55513 srai             x10, x10, 0x40a     x10=fffffffe x10:fffffb78
26744326ns          454489 1c009464 04812e83 lw               x29, 72(x2)         x29=1c002f06  x2:10001cd8  PA:10001d20
26744346ns          454490 1c009466 40a6d693 srai             x13, x13, 0x40a     x13=00000001 x13:000004af
26744366ns          454491 1c009468 000f5d03 lhu              x26, 0(x30)         x26=00000010 x30:1c002ed6  PA:1c002ed6
26744684ns          454507 1c00946c 0005d583 lhu              x11, 0(x11)         x11=00000000 x11:1c002ef6  PA:1c002ef6
26744982ns          454522 1c009470 40a35313 srai             x6, x6, 0x40a        x6=00000000  x6:000000c4
26745002ns          454523 1c009474 00a686b3 add              x13, x13, x10       x13=ffffffff x13:00000001 x10:fffffffe
26745022ns          454524 1c009476 05012f03 lw               x30, 80(x2)         x30=1c002e76  x2:10001cd8  PA:10001d28
26745042ns          454525 1c009478 10034e33 p.exths          x28, x6, x0         x28=00000000  x6:00000000
26745062ns          454526 1c00947c 06911023 sh               x9, 96(x2)           x9:00000002  x2:10001cd8  PA:10001d38
26745101ns          454528 1c009480 000ede83 lhu              x29, 0(x29)         x29=00000000 x29:1c002f06  PA:1c002f06
26745459ns          454546 1c009484 05812483 lw               x9, 88(x2)           x9=1c002e66  x2:10001cd8  PA:10001d30
26745479ns          454547 1c009486 1006d6b3 p.exthz          x13, x13, x0        x13=0000ffff x13:ffffffff
26745499ns          454548 1c00948a 02ee08b3 mul              x17, x28, x14       x17=00000000 x28:00000000 x14:0000000e
26745519ns          454549 1c00948e 1006c833 p.exths          x16, x13, x0        x16=ffffffff x13:0000ffff
26745539ns          454550 1c009492 06b11823 sh               x11, 112(x2)        x11:00000000  x2:10001cd8  PA:10001d48
26745559ns          454551 1c009496 000f5f03 lhu              x30, 0(x30)         x30=0000fff8 x30:1c002e76  PA:1c002e76
26745877ns          454567 1c00949a 0a012583 lw               x11, 160(x2)        x11=1c002e96  x2:10001cd8  PA:10001d78
26745897ns          454568 1c00949c 1007d7b3 p.exthz          x15, x15, x0        x15=0000fffd x15:fffffffd
26745917ns          454569 1c0094a0 0004da03 lhu              x20, 0(x9)          x20=0000ffe6  x9:1c002e66  PA:1c002e66
26746295ns          454588 1c0094a4 1007c533 p.exths          x10, x15, x0        x10=fffffffd x15:0000fffd
26746315ns          454589 1c0094a8 09d11023 sh               x29, 128(x2)        x29:00000000  x2:10001cd8  PA:10001d58
26746335ns          454590 1c0094ac 0003d483 lhu              x9, 0(x7)            x9=0000ffff  x7:1c002eb6  PA:1c002eb6
26746673ns          454607 1c0094b0 02e80eb3 mul              x29, x16, x14       x29=fffffff2 x16:ffffffff x14:0000000e
26746693ns          454608 1c0094b4 40a8d893 srai             x17, x17, 0x40a     x17=00000000 x17:00000000
26746712ns          454609 1c0094b8 03c80833 mul              x16, x16, x28       x16=00000000 x16:ffffffff x28:00000000
26746732ns          454610 1c0094bc 09e11823 sh               x30, 144(x2)        x30:0000fff8  x2:10001cd8  PA:10001d68
26746752ns          454611 1c0094c0 0005d983 lhu              x19, 0(x11)         x19=0000ffff x11:1c002e96  PA:1c002e96
26747051ns          454626 1c0094c4 81c88f5b p.muls           x30, x17, x28       x30=00000000 x17:00000000 x28:00000000
26747070ns          454627 1c0094c8 0002d583 lhu              x11, 0(x5)          x11=0000ffff  x5:1c002ea6  PA:1c002ea6
26747389ns          454643 1c0094cc 03ce0fb3 mul              x31, x28, x28       x31=00000000 x28:00000000 x28:00000000
26747408ns          454644 1c0094d0 02e50733 mul              x14, x10, x14       x14=ffffffd6 x10:fffffffd x14:0000000e
26747428ns          454645 1c0094d4 40a85813 srai             x16, x16, 0x40a     x16=00000000 x16:00000000
26747448ns          454646 1c0094d8 03c50533 mul              x10, x10, x28       x10=00000000 x10:fffffffd x28:00000000
26747468ns          454647 1c0094dc 07015e03 lhu              x28, 112(x2)        x28=00000000  x2:10001cd8  PA:10001d48
26747488ns          454648 1c0094e0 01b60633 add              x12, x12, x27       x12=0000008e x12:0000000e x27:00000080
26747508ns          454649 1c0094e2 00980833 add              x16, x16, x9        x16=0000ffff x16:00000000  x9:0000ffff
26747528ns          454650 1c0094e4 06015d83 lhu              x27, 96(x2)         x27=00000002  x2:10001cd8  PA:10001d38
26747548ns          454651 1c0094e8 02812483 lw               x9, 40(x2)           x9=1c002ec6  x2:10001cd8  PA:10001d00
26747568ns          454652 1c0094ea 40afdf93 srai             x31, x31, 0x40a     x31=00000000 x31:00000000
26747587ns          454653 1c0094ee 40a55513 srai             x10, x10, 0x40a     x10=00000000 x10:00000000
26747607ns          454654 1c0094f0 01cf8fb3 add              x31, x31, x28       x31=00000000 x31:00000000 x28:00000000
26747627ns          454655 1c0094f2 00b50533 add              x10, x10, x11       x10=0000ffff x10:00000000 x11:0000ffff
26747647ns          454656 1c0094f4 09015e03 lhu              x28, 144(x2)        x28=0000fff8  x2:10001cd8  PA:10001d68
26747667ns          454657 1c0094f8 03012583 lw               x11, 48(x2)         x11=1c002ed6  x2:10001cd8  PA:10001d08
26747687ns          454658 1c0094fa 00c49023 sh               x12, 0(x9)          x12:0000008e  x9:1c002ec6  PA:1c002ec6
26748025ns          454675 1c0094fe 01b888b3 add              x17, x17, x27       x17=00000002 x17:00000000 x27:00000002
26748045ns          454676 1c009500 01a30333 add              x6, x6, x26          x6=00000010  x6:00000000 x26:00000010
26748065ns          454677 1c009502 08015d83 lhu              x27, 128(x2)        x27=00000000  x2:10001cd8  PA:10001d58
26748085ns          454678 1c009506 0000d903 lhu              x18, 0(x1)          x18=0000fffc  x1:1c002e86  PA:1c002e86
26748383ns          454693 1c00950a 01c686b3 add              x13, x13, x28       x13=0001fff7 x13:0000ffff x28:0000fff8
26748403ns          454694 1c00950c 00659023 sh               x6, 0(x11)           x6:00000010 x11:1c002ed6  PA:1c002ed6
26748721ns          454710 1c009510 40af5f13 srai             x30, x30, 0x40a     x30=00000000 x30:00000000
26748741ns          454711 1c009514 04812e03 lw               x28, 72(x2)         x28=1c002f06  x2:10001cd8  PA:10001d20
26748761ns          454712 1c009516 01bf0f33 add              x30, x30, x27       x30=00000000 x30:00000000 x27:00000000
26748781ns          454713 1c009518 40aede93 srai             x29, x29, 0x40a     x29=ffffffff x29:fffffff2
26748801ns          454714 1c00951c 40a75713 srai             x14, x14, 0x40a     x14=ffffffff x14:ffffffd6
26748821ns          454715 1c00951e 03812603 lw               x12, 56(x2)         x12=1c002ee6  x2:10001cd8  PA:10001d10
26748840ns          454716 1c009520 04012d83 lw               x27, 64(x2)         x27=1c002ef6  x2:10001cd8  PA:10001d18
26748860ns          454717 1c009522 01ee1023 sh               x30, 0(x28)         x30:00000000 x28:1c002f06  PA:1c002f06
26749179ns          454733 1c009526 05812483 lw               x9, 88(x2)           x9=1c002e66  x2:10001cd8  PA:10001d30
26749198ns          454734 1c009528 05012f03 lw               x30, 80(x2)         x30=1c002e76  x2:10001cd8  PA:10001d28
26749218ns          454735 1c00952a 0a012583 lw               x11, 160(x2)        x11=1c002e96  x2:10001cd8  PA:10001d78
26749238ns          454736 1c00952c 014787b3 add              x15, x15, x20       x15=0001ffe3 x15:0000fffd x20:0000ffe6
26749258ns          454737 1c00952e 013e8eb3 add              x29, x29, x19       x29=0000fffe x29:ffffffff x19:0000ffff
26749278ns          454738 1c009530 01270733 add              x14, x14, x18       x14=0000fffb x14:ffffffff x18:0000fffc
26749298ns          454739 1c009532 00f49023 sh               x15, 0(x9)          x15:0001ffe3  x9:1c002e66  PA:1c002e66
26749636ns          454756 1c009536 01161023 sh               x17, 0(x12)         x17:00000002 x12:1c002ee6  PA:1c002ee6
26749954ns          454772 1c00953a 01fd9023 sh               x31, 0(x27)         x31:00000000 x27:1c002ef6  PA:1c002ef6
26750272ns          454788 1c00953e 00df1023 sh               x13, 0(x30)         x13:0001fff7 x30:1c002e76  PA:1c002e76
26750591ns          454804 1c009542 01d59023 sh               x29, 0(x11)         x29:0000fffe x11:1c002e96  PA:1c002e96
26750929ns          454821 1c009546 00e09023 sh               x14, 0(x1)          x14:0000fffb  x1:1c002e86  PA:1c002e86
26751247ns          454837 1c00954a 01039023 sh               x16, 0(x7)          x16:0000ffff  x7:1c002eb6  PA:1c002eb6
26751565ns          454853 1c00954e 00a29023 sh               x10, 0(x5)          x10:0000ffff  x5:1c002ea6  PA:1c002ea6
26751883ns          454869 1c009552 008b0b13 addi             x22, x22, 8         x22=00000013 x22:0000000b
26751903ns          454870 1c009554 1f300793 addi             x15, x0, 499        x15=000001f3
26751923ns          454871 1c009558 e767dae3 bge              x15, x22, -396      x15:000001f3 x22:00000013
26752023ns          454876 1c0093cc 010c9a0b p.lh             x20, 16(x25!)       x20=00000004 x25=1c0026be x25:1c0026ae  PA:1c0026ae
26752460ns          454898 1c0093d0 0104198b p.lh             x19, 16(x8!)        x19=000000e1  x8=1c001e86  x8:1c001e76  PA:1c001e76
26752838ns          454917 1c0093d4 2cc10513 addi             x10, x2, 716        x10=10001fa4  x2:10001cd8
26752858ns          454918 1c0093d6 010a990b p.lh             x18, 16(x21!)       x18=00000009 x21=1c0016b2 x21:1c0016a2  PA:1c0016a2
26753236ns          454937 1c0093da 010b948b p.lh             x9, 16(x23!)         x9=000000d6 x23=1c000ee2 x23:1c000ed2  PA:1c000ed2
26753554ns          454953 1c0093de 2d411623 sh               x20, 716(x2)        x20:00000004  x2:10001cd8  PA:10001fa4
26753574ns          454954 1c0093e2 2d311723 sh               x19, 718(x2)        x19:000000e1  x2:10001cd8  PA:10001fa6
26753594ns          454955 1c0093e6 c33ff0ef jal              x1, -974             x1=1c0093e8
26753812ns          454966 1c009018 00051803 lh               x16, 0(x10)         x16=00000004 x10:10001fa4  PA:10001fa4
26753852ns          454968 1c00901c 00251883 lh               x17, 2(x10)         x17=000000e1 x10:10001fa4  PA:10001fa6
26753892ns          454970 1c009020 030806b3 mul              x13, x16, x16       x13=00000010 x16:00000004 x16:00000004
26753912ns          454971 1c009024 03188633 mul              x12, x17, x17       x12=0000c5c1 x17:000000e1 x17:000000e1
26753932ns          454972 1c009028 40a65613 srai             x12, x12, 0x40a     x12=00000031 x12:0000c5c1
26753952ns          454973 1c00902a 40a6d693 srai             x13, x13, 0x40a     x13=00000000 x13:00000010
26753972ns          454974 1c00902c 00c686b3 add              x13, x13, x12       x13=00000031 x13:00000000 x12:00000031
26753991ns          454975 1c00902e 1006c633 p.exths          x12, x13, x0        x12=00000031 x13:00000031
26754031ns          454977 1c009032 00855703 lhu              x14, 8(x10)         x14=0000ffd1 x10:10001fa4  PA:10001fac
26754071ns          454979 1c009036 00a55683 lhu              x13, 10(x10)        x13=0000ff6a x10:10001fa4  PA:10001fae
26754091ns          454980 1c00903a 02c60333 mul              x6, x12, x12         x6=00000961 x12:00000031 x12:00000031
26754111ns          454981 1c00903e 00c55783 lhu              x15, 12(x10)        x15=0000ffe5 x10:10001fa4  PA:10001fb0
26754131ns          454982 1c009042 00e55583 lhu              x11, 14(x10)        x11=00000060 x10:10001fa4  PA:10001fb2
26754151ns          454983 1c009046 dea30333 p.extract        x6, x6, 15, 10       x6=00000002  x6:00000961
26754170ns          454984 1c00904a 80c7075b p.muls           x14, x14, x12       x14=fffff701 x14:0000ffd1 x12:00000031
26754190ns          454985 1c00904e 80c686db p.muls           x13, x13, x12       x13=ffffe34a x13:0000ff6a x12:00000031
26754210ns          454986 1c009052 00455e83 lhu              x29, 4(x10)         x29=00000427 x10:10001fa4  PA:10001fa8
26754230ns          454987 1c009056 00655e03 lhu              x28, 6(x10)         x28=0000007f x10:10001fa4  PA:10001faa
26754250ns          454988 1c00905a 40a75713 srai             x14, x14, 0x40a     x14=fffffffd x14:fffff701
26754270ns          454989 1c00905c 806787db p.muls           x15, x15, x6        x15=ffffffca x15:0000ffe5  x6:00000002
26754290ns          454990 1c009060 40a6d693 srai             x13, x13, 0x40a     x13=fffffff8 x13:ffffe34a
26754330ns          454992 1c009062 8065865b p.muls           x12, x11, x6        x12=000000c0 x11:00000060  x6:00000002
26754349ns          454993 1c009066 40a7d793 srai             x15, x15, 0x40a     x15=ffffffff x15:ffffffca
26754369ns          454994 1c009068 40a65613 srai             x12, x12, 0x40a     x12=00000000 x12:000000c0
26754389ns          454995 1c00906a 01d70733 add              x14, x14, x29       x14=00000424 x14:fffffffd x29:00000427
26754409ns          454996 1c00906c 01c686b3 add              x13, x13, x28       x13=00000077 x13:fffffff8 x28:0000007f
26754429ns          454997 1c00906e 00c686b3 add              x13, x13, x12       x13=00000077 x13:00000077 x12:00000000
26754449ns          454998 1c009070 00f70733 add              x14, x14, x15       x14=00000423 x14:00000424 x15:ffffffff
26754469ns          454999 1c009072 100747b3 p.exths          x15, x14, x0        x15=00000423 x14:00000423
26754489ns          455000 1c009076 1006c733 p.exths          x14, x13, x0        x14=00000077 x13:00000077
26754509ns          455001 1c00907a 03170633 mul              x12, x14, x17       x12=00006897 x14:00000077 x17:000000e1
26754528ns          455002 1c00907e 030786b3 mul              x13, x15, x16       x13=0000108c x15:00000423 x16:00000004
26754548ns          455003 1c009082 03070733 mul              x14, x14, x16       x14=000001dc x14:00000077 x16:00000004
26754568ns          455004 1c009086 031787b3 mul              x15, x15, x17       x15=0003a2c3 x15:00000423 x17:000000e1
26754588ns          455005 1c00908a 40a6d693 srai             x13, x13, 0x40a     x13=00000004 x13:0000108c
26754608ns          455006 1c00908c 40a65613 srai             x12, x12, 0x40a     x12=0000001a x12:00006897
26754628ns          455007 1c00908e 40a7d793 srai             x15, x15, 0x40a     x15=000000e8 x15:0003a2c3
26754648ns          455008 1c009090 40a75713 srai             x14, x14, 0x40a     x14=00000000 x14:000001dc
26754668ns          455009 1c009092 40c686b3 sub              x13, x13, x12       x13=ffffffea x13:00000004 x12:0000001a
26754688ns          455010 1c009094 00e787b3 add              x15, x15, x14       x15=000000e8 x15:000000e8 x14:00000000
26754707ns          455011 1c009096 00d51823 sh               x13, 16(x10)        x13:ffffffea x10:10001fa4  PA:10001fb4
26754747ns          455013 1c00909a 00f51923 sh               x15, 18(x10)        x15:000000e8 x10:10001fa4  PA:10001fb6
26754767ns          455014 1c00909e 00008067 jalr             x0, x1, 0            x1:1c0093e8
26754827ns          455017 1c0093e8 2dc15583 lhu              x11, 732(x2)        x11=0000ffea  x2:10001cd8  PA:10001fb4
26754866ns          455019 1c0093ec 2de15783 lhu              x15, 734(x2)        x15=000000e8  x2:10001cd8  PA:10001fb6
26754906ns          455021 1c0093f0 40b90933 sub              x18, x18, x11       x18=ffff001f x18:00000009 x11:0000ffea
26754926ns          455022 1c0093f4 40f484b3 sub              x9, x9, x15          x9=ffffffee  x9:000000d6 x15:000000e8
26754946ns          455023 1c0093f6 100945b3 p.exths          x11, x18, x0        x11=0000001f x18:ffff001f
26754966ns          455024 1c0093fa 1004c7b3 p.exths          x15, x9, x0         x15=ffffffee  x9:ffffffee
26754986ns          455025 1c0093fe 034586b3 mul              x13, x11, x20       x13=0000007c x11:0000001f x20:00000004
26755006ns          455026 1c009402 03378533 mul              x10, x15, x19       x10=fffff02e x15:ffffffee x19:000000e1
26755026ns          455027 1c009406 034a0633 mul              x12, x20, x20       x12=00000010 x20:00000004 x20:00000004
26755045ns          455028 1c00940a 03398733 mul              x14, x19, x19       x14=0000c5c1 x19:000000e1 x19:000000e1
26755065ns          455029 1c00940e 034787b3 mul              x15, x15, x20       x15=ffffffb8 x15:ffffffee x20:00000004
26755085ns          455030 1c009412 033585b3 mul              x11, x11, x19       x11=00001b3f x11:0000001f x19:000000e1
26755105ns          455031 1c009416 40a75713 srai             x14, x14, 0x40a     x14=00000031 x14:0000c5c1
26755125ns          455032 1c009418 40a5d593 srai             x11, x11, 0x40a     x11=00000006 x11:00001b3f
26755145ns          455033 1c00941a 40a65613 srai             x12, x12, 0x40a     x12=00000000 x12:00000010
26755165ns          455034 1c00941c 40a7d793 srai             x15, x15, 0x40a     x15=ffffffff x15:ffffffb8
26755185ns          455035 1c00941e 1c0034b7 lui              x9, 0x1c003000       x9=1c003000
26755205ns          455036 1c009422 00e60633 add              x12, x12, x14       x12=00000031 x12:00000000 x14:00000031
26755224ns          455037 1c009424 40b787b3 sub              x15, x15, x11       x15=fffffff9 x15:ffffffff x11:00000006
26755244ns          455038 1c009426 eb048493 addi             x9, x9, -336         x9=1c002eb0  x9:1c003000
26755264ns          455039 1c00942a 1c0032b7 lui              x5, 0x1c003000       x5=1c003000
26755284ns          455040 1c00942e 1c0035b7 lui              x11, 0x1c003000     x11=1c003000
26755304ns          455041 1c009432 018483b3 add              x7, x9, x24          x7=1c002eb6  x9:1c002eb0 x24:00000006
26755324ns          455042 1c009436 02812e83 lw               x29, 40(x2)         x29=1c002ec6  x2:10001cd8  PA:10001d00
26755344ns          455043 1c009438 10065633 p.exthz          x12, x12, x0        x12=00000031 x12:00000031
26755364ns          455044 1c00943c e8028293 addi             x5, x5, -384         x5=1c002e80  x5:1c003000
26755384ns          455045 1c009440 ea058593 addi             x11, x11, -352      x11=1c002ea0 x11:1c003000
26755403ns          455046 1c009444 03812483 lw               x9, 56(x2)           x9=1c002ee6  x2:10001cd8  PA:10001d10
26755423ns          455047 1c009446 10064733 p.exths          x14, x12, x0        x14=00000031 x12:00000031
26755443ns          455048 1c00944a 018280b3 add              x1, x5, x24          x1=1c002e86  x5:1c002e80 x24:00000006
26755463ns          455049 1c00944e 03012f03 lw               x30, 48(x2)         x30=1c002ed6  x2:10001cd8  PA:10001d08
26755483ns          455050 1c009450 018582b3 add              x5, x11, x24         x5=1c002ea6 x11:1c002ea0 x24:00000006
26755503ns          455051 1c009454 04012583 lw               x11, 64(x2)         x11=1c002ef6  x2:10001cd8  PA:10001d18
26755523ns          455052 1c009456 000edd83 lhu              x27, 0(x29)         x27=0000008e x29:1c002ec6  PA:1c002ec6
26755821ns          455067 1c00945a 0004d483 lhu              x9, 0(x9)            x9=00000002  x9:1c002ee6  PA:1c002ee6
26756119ns          455082 1c00945e 02e70333 mul              x6, x14, x14         x6=00000961 x14:00000031 x14:00000031
26756139ns          455083 1c009462 40a55513 srai             x10, x10, 0x40a     x10=fffffffc x10:fffff02e
26756159ns          455084 1c009464 04812e83 lw               x29, 72(x2)         x29=1c002f06  x2:10001cd8  PA:10001d20
26756179ns          455085 1c009466 40a6d693 srai             x13, x13, 0x40a     x13=00000000 x13:0000007c
26756199ns          455086 1c009468 000f5d03 lhu              x26, 0(x30)         x26=00000010 x30:1c002ed6  PA:1c002ed6
26756577ns          455105 1c00946c 0005d583 lhu              x11, 0(x11)         x11=00000000 x11:1c002ef6  PA:1c002ef6
26756875ns          455120 1c009470 40a35313 srai             x6, x6, 0x40a        x6=00000002  x6:00000961
26756895ns          455121 1c009474 00a686b3 add              x13, x13, x10       x13=fffffffc x13:00000000 x10:fffffffc
26756915ns          455122 1c009476 05012f03 lw               x30, 80(x2)         x30=1c002e76  x2:10001cd8  PA:10001d28
26756935ns          455123 1c009478 10034e33 p.exths          x28, x6, x0         x28=00000002  x6:00000002
26756955ns          455124 1c00947c 06911023 sh               x9, 96(x2)           x9:00000002  x2:10001cd8  PA:10001d38
26756975ns          455125 1c009480 000ede83 lhu              x29, 0(x29)         x29=00000000 x29:1c002f06  PA:1c002f06
26757313ns          455142 1c009484 05812483 lw               x9, 88(x2)           x9=1c002e66  x2:10001cd8  PA:10001d30
26757333ns          455143 1c009486 1006d6b3 p.exthz          x13, x13, x0        x13=0000fffc x13:fffffffc
26757352ns          455144 1c00948a 02ee08b3 mul              x17, x28, x14       x17=00000062 x28:00000002 x14:00000031
26757372ns          455145 1c00948e 1006c833 p.exths          x16, x13, x0        x16=fffffffc x13:0000fffc
26757392ns          455146 1c009492 06b11823 sh               x11, 112(x2)        x11:00000000  x2:10001cd8  PA:10001d48
26757412ns          455147 1c009496 000f5f03 lhu              x30, 0(x30)         x30=0000fff7 x30:1c002e76  PA:1c002e76
26757710ns          455162 1c00949a 0a012583 lw               x11, 160(x2)        x11=1c002e96  x2:10001cd8  PA:10001d78
26757730ns          455163 1c00949c 1007d7b3 p.exthz          x15, x15, x0        x15=0000fff9 x15:fffffff9
26757750ns          455164 1c0094a0 0004da03 lhu              x20, 0(x9)          x20=0000ffe3  x9:1c002e66  PA:1c002e66
26758049ns          455179 1c0094a4 1007c533 p.exths          x10, x15, x0        x10=fffffff9 x15:0000fff9
26758068ns          455180 1c0094a8 09d11023 sh               x29, 128(x2)        x29:00000000  x2:10001cd8  PA:10001d58
26758088ns          455181 1c0094ac 0003d483 lhu              x9, 0(x7)            x9=0000ffff  x7:1c002eb6  PA:1c002eb6
26758387ns          455196 1c0094b0 02e80eb3 mul              x29, x16, x14       x29=ffffff3c x16:fffffffc x14:00000031
26758407ns          455197 1c0094b4 40a8d893 srai             x17, x17, 0x40a     x17=00000000 x17:00000062
26758426ns          455198 1c0094b8 03c80833 mul              x16, x16, x28       x16=fffffff8 x16:fffffffc x28:00000002
26758446ns          455199 1c0094bc 09e11823 sh               x30, 144(x2)        x30:0000fff7  x2:10001cd8  PA:10001d68
26758466ns          455200 1c0094c0 0005d983 lhu              x19, 0(x11)         x19=0000fffe x11:1c002e96  PA:1c002e96
26758824ns          455218 1c0094c4 81c88f5b p.muls           x30, x17, x28       x30=00000000 x17:00000000 x28:00000002
26758844ns          455219 1c0094c8 0002d583 lhu              x11, 0(x5)          x11=0000ffff  x5:1c002ea6  PA:1c002ea6
26759142ns          455234 1c0094cc 03ce0fb3 mul              x31, x28, x28       x31=00000004 x28:00000002 x28:00000002
26759162ns          455235 1c0094d0 02e50733 mul              x14, x10, x14       x14=fffffea9 x10:fffffff9 x14:00000031
26759182ns          455236 1c0094d4 40a85813 srai             x16, x16, 0x40a     x16=ffffffff x16:fffffff8
26759202ns          455237 1c0094d8 03c50533 mul              x10, x10, x28       x10=fffffff2 x10:fffffff9 x28:00000002
26759222ns          455238 1c0094dc 07015e03 lhu              x28, 112(x2)        x28=00000000  x2:10001cd8  PA:10001d48
26759262ns          455240 1c0094e0 01b60633 add              x12, x12, x27       x12=000000bf x12:00000031 x27:0000008e
26759282ns          455241 1c0094e2 00980833 add              x16, x16, x9        x16=0000fffe x16:ffffffff  x9:0000ffff
26759302ns          455242 1c0094e4 06015d83 lhu              x27, 96(x2)         x27=00000002  x2:10001cd8  PA:10001d38
26759321ns          455243 1c0094e8 02812483 lw               x9, 40(x2)           x9=1c002ec6  x2:10001cd8  PA:10001d00
26759341ns          455244 1c0094ea 40afdf93 srai             x31, x31, 0x40a     x31=00000000 x31:00000004
26759361ns          455245 1c0094ee 40a55513 srai             x10, x10, 0x40a     x10=ffffffff x10:fffffff2
26759381ns          455246 1c0094f0 01cf8fb3 add              x31, x31, x28       x31=00000000 x31:00000000 x28:00000000
26759401ns          455247 1c0094f2 00b50533 add              x10, x10, x11       x10=0000fffe x10:ffffffff x11:0000ffff
26759421ns          455248 1c0094f4 09015e03 lhu              x28, 144(x2)        x28=0000fff7  x2:10001cd8  PA:10001d68
26759441ns          455249 1c0094f8 03012583 lw               x11, 48(x2)         x11=1c002ed6  x2:10001cd8  PA:10001d08
26759461ns          455250 1c0094fa 00c49023 sh               x12, 0(x9)          x12:000000bf  x9:1c002ec6  PA:1c002ec6
26759779ns          455266 1c0094fe 01b888b3 add              x17, x17, x27       x17=00000002 x17:00000000 x27:00000002
26759799ns          455267 1c009500 01a30333 add              x6, x6, x26          x6=00000012  x6:00000002 x26:00000010
26759819ns          455268 1c009502 08015d83 lhu              x27, 128(x2)        x27=00000000  x2:10001cd8  PA:10001d58
26759838ns          455269 1c009506 0000d903 lhu              x18, 0(x1)          x18=0000fffb  x1:1c002e86  PA:1c002e86
26760157ns          455285 1c00950a 01c686b3 add              x13, x13, x28       x13=0001fff3 x13:0000fffc x28:0000fff7
26760177ns          455286 1c00950c 00659023 sh               x6, 0(x11)           x6:00000012 x11:1c002ed6  PA:1c002ed6
26760495ns          455302 1c009510 40af5f13 srai             x30, x30, 0x40a     x30=00000000 x30:00000000
26760515ns          455303 1c009514 04812e03 lw               x28, 72(x2)         x28=1c002f06  x2:10001cd8  PA:10001d20
26760535ns          455304 1c009516 01bf0f33 add              x30, x30, x27       x30=00000000 x30:00000000 x27:00000000
26760554ns          455305 1c009518 40aede93 srai             x29, x29, 0x40a     x29=ffffffff x29:ffffff3c
26760574ns          455306 1c00951c 40a75713 srai             x14, x14, 0x40a     x14=ffffffff x14:fffffea9
26760594ns          455307 1c00951e 03812603 lw               x12, 56(x2)         x12=1c002ee6  x2:10001cd8  PA:10001d10
26760614ns          455308 1c009520 04012d83 lw               x27, 64(x2)         x27=1c002ef6  x2:10001cd8  PA:10001d18
26760634ns          455309 1c009522 01ee1023 sh               x30, 0(x28)         x30:00000000 x28:1c002f06  PA:1c002f06
26760952ns          455325 1c009526 05812483 lw               x9, 88(x2)           x9=1c002e66  x2:10001cd8  PA:10001d30
26760972ns          455326 1c009528 05012f03 lw               x30, 80(x2)         x30=1c002e76  x2:10001cd8  PA:10001d28
26760992ns          455327 1c00952a 0a012583 lw               x11, 160(x2)        x11=1c002e96  x2:10001cd8  PA:10001d78
26761012ns          455328 1c00952c 014787b3 add              x15, x15, x20       x15=0001ffdc x15:0000fff9 x20:0000ffe3
26761032ns          455329 1c00952e 013e8eb3 add              x29, x29, x19       x29=0000fffd x29:ffffffff x19:0000fffe
26761052ns          455330 1c009530 01270733 add              x14, x14, x18       x14=0000fffa x14:ffffffff x18:0000fffb
26761072ns          455331 1c009532 00f49023 sh               x15, 0(x9)          x15:0001ffdc  x9:1c002e66  PA:1c002e66
26761410ns          455348 1c009536 01161023 sh               x17, 0(x12)         x17:00000002 x12:1c002ee6  PA:1c002ee6
26761728ns          455364 1c00953a 01fd9023 sh               x31, 0(x27)         x31:00000000 x27:1c002ef6  PA:1c002ef6
26762046ns          455380 1c00953e 00df1023 sh               x13, 0(x30)         x13:0001fff3 x30:1c002e76  PA:1c002e76
26762364ns          455396 1c009542 01d59023 sh               x29, 0(x11)         x29:0000fffd x11:1c002e96  PA:1c002e96
26762682ns          455412 1c009546 00e09023 sh               x14, 0(x1)          x14:0000fffa  x1:1c002e86  PA:1c002e86
26763001ns          455428 1c00954a 01039023 sh               x16, 0(x7)          x16:0000fffe  x7:1c002eb6  PA:1c002eb6
26763319ns          455444 1c00954e 00a29023 sh               x10, 0(x5)          x10:0000fffe  x5:1c002ea6  PA:1c002ea6
26763637ns          455460 1c009552 008b0b13 addi             x22, x22, 8         x22=0000001b x22:00000013
26763657ns          455461 1c009554 1f300793 addi             x15, x0, 499        x15=000001f3
26763677ns          455462 1c009558 e767dae3 bge              x15, x22, -396      x15:000001f3 x22:0000001b
26763776ns          455467 1c0093cc 010c9a0b p.lh             x20, 16(x25!)       x20=ffffffde x25=1c0026ce x25:1c0026be  PA:1c0026be
26764134ns          455485 1c0093d0 0104198b p.lh             x19, 16(x8!)        x19=ffffff70  x8=1c001e96  x8:1c001e86  PA:1c001e86
26764433ns          455500 1c0093d4 2cc10513 addi             x10, x2, 716        x10=10001fa4  x2:10001cd8
26764453ns          455501 1c0093d6 010a990b p.lh             x18, 16(x21!)       x18=ffffffd8 x21=1c0016c2 x21:1c0016b2  PA:1c0016b2
26764751ns          455516 1c0093da 010b948b p.lh             x9, 16(x23!)         x9=ffffff6b x23=1c000ef2 x23:1c000ee2  PA:1c000ee2
26765049ns          455531 1c0093de 2d411623 sh               x20, 716(x2)        x20:ffffffde  x2:10001cd8  PA:10001fa4
26765069ns          455532 1c0093e2 2d311723 sh               x19, 718(x2)        x19:ffffff70  x2:10001cd8  PA:10001fa6
26765089ns          455533 1c0093e6 c33ff0ef jal              x1, -974             x1=1c0093e8
26765168ns          455537 1c009018 00051803 lh               x16, 0(x10)         x16=ffffffde x10:10001fa4  PA:10001fa4
26765208ns          455539 1c00901c 00251883 lh               x17, 2(x10)         x17=ffffff70 x10:10001fa4  PA:10001fa6
26765268ns          455542 1c009020 030806b3 mul              x13, x16, x16       x13=00000484 x16:ffffffde x16:ffffffde
26765308ns          455544 1c009024 03188633 mul              x12, x17, x17       x12=00005100 x17:ffffff70 x17:ffffff70
26765328ns          455545 1c009028 40a65613 srai             x12, x12, 0x40a     x12=00000014 x12:00005100
26765347ns          455546 1c00902a 40a6d693 srai             x13, x13, 0x40a     x13=00000001 x13:00000484
26765367ns          455547 1c00902c 00c686b3 add              x13, x13, x12       x13=00000015 x13:00000001 x12:00000014
26765387ns          455548 1c00902e 1006c633 p.exths          x12, x13, x0        x12=00000015 x13:00000015
26765407ns          455549 1c009032 00855703 lhu              x14, 8(x10)         x14=0000ffd1 x10:10001fa4  PA:10001fac
26765427ns          455550 1c009036 00a55683 lhu              x13, 10(x10)        x13=0000ff6a x10:10001fa4  PA:10001fae
26765447ns          455551 1c00903a 02c60333 mul              x6, x12, x12         x6=000001b9 x12:00000015 x12:00000015
26765487ns          455553 1c00903e 00c55783 lhu              x15, 12(x10)        x15=0000ffe5 x10:10001fa4  PA:10001fb0
26765526ns          455555 1c009042 00e55583 lhu              x11, 14(x10)        x11=00000060 x10:10001fa4  PA:10001fb2
26765546ns          455556 1c009046 dea30333 p.extract        x6, x6, 15, 10       x6=00000000  x6:000001b9
26765566ns          455557 1c00904a 80c7075b p.muls           x14, x14, x12       x14=fffffc25 x14:0000ffd1 x12:00000015
26765626ns          455560 1c00904e 80c686db p.muls           x13, x13, x12       x13=fffff3b2 x13:0000ff6a x12:00000015
26765666ns          455562 1c009052 00455e83 lhu              x29, 4(x10)         x29=00000427 x10:10001fa4  PA:10001fa8
26765705ns          455564 1c009056 00655e03 lhu              x28, 6(x10)         x28=0000007f x10:10001fa4  PA:10001faa
26765745ns          455566 1c00905a 40a75713 srai             x14, x14, 0x40a     x14=ffffffff x14:fffffc25
26765765ns          455567 1c00905c 806787db p.muls           x15, x15, x6        x15=00000000 x15:0000ffe5  x6:00000000
26765785ns          455568 1c009060 40a6d693 srai             x13, x13, 0x40a     x13=fffffffc x13:fffff3b2
26765805ns          455569 1c009062 8065865b p.muls           x12, x11, x6        x12=00000000 x11:00000060  x6:00000000
26765825ns          455570 1c009066 40a7d793 srai             x15, x15, 0x40a     x15=00000000 x15:00000000
26765845ns          455571 1c009068 40a65613 srai             x12, x12, 0x40a     x12=00000000 x12:00000000
26765865ns          455572 1c00906a 01d70733 add              x14, x14, x29       x14=00000426 x14:ffffffff x29:00000427
26765884ns          455573 1c00906c 01c686b3 add              x13, x13, x28       x13=0000007b x13:fffffffc x28:0000007f
26765904ns          455574 1c00906e 00c686b3 add              x13, x13, x12       x13=0000007b x13:0000007b x12:00000000
26765924ns          455575 1c009070 00f70733 add              x14, x14, x15       x14=00000426 x14:00000426 x15:00000000
26765944ns          455576 1c009072 100747b3 p.exths          x15, x14, x0        x15=00000426 x14:00000426
26765964ns          455577 1c009076 1006c733 p.exths          x14, x13, x0        x14=0000007b x13:0000007b
26765984ns          455578 1c00907a 03170633 mul              x12, x14, x17       x12=ffffbad0 x14:0000007b x17:ffffff70
26766004ns          455579 1c00907e 030786b3 mul              x13, x15, x16       x13=ffff72f4 x15:00000426 x16:ffffffde
26766024ns          455580 1c009082 03070733 mul              x14, x14, x16       x14=ffffefaa x14:0000007b x16:ffffffde
26766044ns          455581 1c009086 031787b3 mul              x15, x15, x17       x15=fffdaaa0 x15:00000426 x17:ffffff70
26766063ns          455582 1c00908a 40a6d693 srai             x13, x13, 0x40a     x13=ffffffdc x13:ffff72f4
26766083ns          455583 1c00908c 40a65613 srai             x12, x12, 0x40a     x12=ffffffee x12:ffffbad0
26766103ns          455584 1c00908e 40a7d793 srai             x15, x15, 0x40a     x15=ffffff6a x15:fffdaaa0
26766123ns          455585 1c009090 40a75713 srai             x14, x14, 0x40a     x14=fffffffb x14:ffffefaa
26766143ns          455586 1c009092 40c686b3 sub              x13, x13, x12       x13=ffffffee x13:ffffffdc x12:ffffffee
26766163ns          455587 1c009094 00e787b3 add              x15, x15, x14       x15=ffffff65 x15:ffffff6a x14:fffffffb
26766183ns          455588 1c009096 00d51823 sh               x13, 16(x10)        x13:ffffffee x10:10001fa4  PA:10001fb4
26766203ns          455589 1c00909a 00f51923 sh               x15, 18(x10)        x15:ffffff65 x10:10001fa4  PA:10001fb6
26766223ns          455590 1c00909e 00008067 jalr             x0, x1, 0            x1:1c0093e8
26766262ns          455592 1c0093e8 2dc15583 lhu              x11, 732(x2)        x11=0000ffee  x2:10001cd8  PA:10001fb4
26766302ns          455594 1c0093ec 2de15783 lhu              x15, 734(x2)        x15=0000ff65  x2:10001cd8  PA:10001fb6
26766342ns          455596 1c0093f0 40b90933 sub              x18, x18, x11       x18=fffeffea x18:ffffffd8 x11:0000ffee
26766362ns          455597 1c0093f4 40f484b3 sub              x9, x9, x15          x9=ffff0006  x9:ffffff6b x15:0000ff65
26766382ns          455598 1c0093f6 100945b3 p.exths          x11, x18, x0        x11=ffffffea x18:fffeffea
26766402ns          455599 1c0093fa 1004c7b3 p.exths          x15, x9, x0         x15=00000006  x9:ffff0006
26766421ns          455600 1c0093fe 034586b3 mul              x13, x11, x20       x13=000002ec x11:ffffffea x20:ffffffde
26766441ns          455601 1c009402 03378533 mul              x10, x15, x19       x10=fffffca0 x15:00000006 x19:ffffff70
26766461ns          455602 1c009406 034a0633 mul              x12, x20, x20       x12=00000484 x20:ffffffde x20:ffffffde
26766481ns          455603 1c00940a 03398733 mul              x14, x19, x19       x14=00005100 x19:ffffff70 x19:ffffff70
26766501ns          455604 1c00940e 034787b3 mul              x15, x15, x20       x15=ffffff34 x15:00000006 x20:ffffffde
26766521ns          455605 1c009412 033585b3 mul              x11, x11, x19       x11=00000c60 x11:ffffffea x19:ffffff70
26766541ns          455606 1c009416 40a75713 srai             x14, x14, 0x40a     x14=00000014 x14:00005100
26766561ns          455607 1c009418 40a5d593 srai             x11, x11, 0x40a     x11=00000003 x11:00000c60
26766581ns          455608 1c00941a 40a65613 srai             x12, x12, 0x40a     x12=00000001 x12:00000484
26766600ns          455609 1c00941c 40a7d793 srai             x15, x15, 0x40a     x15=ffffffff x15:ffffff34
26766620ns          455610 1c00941e 1c0034b7 lui              x9, 0x1c003000       x9=1c003000
26766640ns          455611 1c009422 00e60633 add              x12, x12, x14       x12=00000015 x12:00000001 x14:00000014
26766660ns          455612 1c009424 40b787b3 sub              x15, x15, x11       x15=fffffffc x15:ffffffff x11:00000003
26766680ns          455613 1c009426 eb048493 addi             x9, x9, -336         x9=1c002eb0  x9:1c003000
26766700ns          455614 1c00942a 1c0032b7 lui              x5, 0x1c003000       x5=1c003000
26766720ns          455615 1c00942e 1c0035b7 lui              x11, 0x1c003000     x11=1c003000
26766740ns          455616 1c009432 018483b3 add              x7, x9, x24          x7=1c002eb6  x9:1c002eb0 x24:00000006
26766760ns          455617 1c009436 02812e83 lw               x29, 40(x2)         x29=1c002ec6  x2:10001cd8  PA:10001d00
26766779ns          455618 1c009438 10065633 p.exthz          x12, x12, x0        x12=00000015 x12:00000015
26766799ns          455619 1c00943c e8028293 addi             x5, x5, -384         x5=1c002e80  x5:1c003000
26766819ns          455620 1c009440 ea058593 addi             x11, x11, -352      x11=1c002ea0 x11:1c003000
26766859ns          455622 1c009444 03812483 lw               x9, 56(x2)           x9=1c002ee6  x2:10001cd8  PA:10001d10
26766879ns          455623 1c009446 10064733 p.exths          x14, x12, x0        x14=00000015 x12:00000015
26766899ns          455624 1c00944a 018280b3 add              x1, x5, x24          x1=1c002e86  x5:1c002e80 x24:00000006
26766919ns          455625 1c00944e 03012f03 lw               x30, 48(x2)         x30=1c002ed6  x2:10001cd8  PA:10001d08
26766958ns          455627 1c009450 018582b3 add              x5, x11, x24         x5=1c002ea6 x11:1c002ea0 x24:00000006
26766998ns          455629 1c009454 04012583 lw               x11, 64(x2)         x11=1c002ef6  x2:10001cd8  PA:10001d18
26767018ns          455630 1c009456 000edd83 lhu              x27, 0(x29)         x27=000000bf x29:1c002ec6  PA:1c002ec6
26767316ns          455645 1c00945a 0004d483 lhu              x9, 0(x9)            x9=00000002  x9:1c002ee6  PA:1c002ee6
26767615ns          455660 1c00945e 02e70333 mul              x6, x14, x14         x6=000001b9 x14:00000015 x14:00000015
26767635ns          455661 1c009462 40a55513 srai             x10, x10, 0x40a     x10=ffffffff x10:fffffca0
26767654ns          455662 1c009464 04812e83 lw               x29, 72(x2)         x29=1c002f06  x2:10001cd8  PA:10001d20
26767674ns          455663 1c009466 40a6d693 srai             x13, x13, 0x40a     x13=00000000 x13:000002ec
26767694ns          455664 1c009468 000f5d03 lhu              x26, 0(x30)         x26=00000012 x30:1c002ed6  PA:1c002ed6
26767993ns          455679 1c00946c 0005d583 lhu              x11, 0(x11)         x11=00000000 x11:1c002ef6  PA:1c002ef6
26768291ns          455694 1c009470 40a35313 srai             x6, x6, 0x40a        x6=00000000  x6:000001b9
26768311ns          455695 1c009474 00a686b3 add              x13, x13, x10       x13=ffffffff x13:00000000 x10:ffffffff
26768331ns          455696 1c009476 05012f03 lw               x30, 80(x2)         x30=1c002e76  x2:10001cd8  PA:10001d28
26768351ns          455697 1c009478 10034e33 p.exths          x28, x6, x0         x28=00000000  x6:00000000
26768370ns          455698 1c00947c 06911023 sh               x9, 96(x2)           x9:00000002  x2:10001cd8  PA:10001d38
26768390ns          455699 1c009480 000ede83 lhu              x29, 0(x29)         x29=00000000 x29:1c002f06  PA:1c002f06
26768728ns          455716 1c009484 05812483 lw               x9, 88(x2)           x9=1c002e66  x2:10001cd8  PA:10001d30
26768748ns          455717 1c009486 1006d6b3 p.exthz          x13, x13, x0        x13=0000ffff x13:ffffffff
26768768ns          455718 1c00948a 02ee08b3 mul              x17, x28, x14       x17=00000000 x28:00000000 x14:00000015
26768788ns          455719 1c00948e 1006c833 p.exths          x16, x13, x0        x16=ffffffff x13:0000ffff
26768808ns          455720 1c009492 06b11823 sh               x11, 112(x2)        x11:00000000  x2:10001cd8  PA:10001d48
26768828ns          455721 1c009496 000f5f03 lhu              x30, 0(x30)         x30=0000fff3 x30:1c002e76  PA:1c002e76
26769166ns          455738 1c00949a 0a012583 lw               x11, 160(x2)        x11=1c002e96  x2:10001cd8  PA:10001d78
26769186ns          455739 1c00949c 1007d7b3 p.exthz          x15, x15, x0        x15=0000fffc x15:fffffffc
26769206ns          455740 1c0094a0 0004da03 lhu              x20, 0(x9)          x20=0000ffdc  x9:1c002e66  PA:1c002e66
26769544ns          455757 1c0094a4 1007c533 p.exths          x10, x15, x0        x10=fffffffc x15:0000fffc
26769564ns          455758 1c0094a8 09d11023 sh               x29, 128(x2)        x29:00000000  x2:10001cd8  PA:10001d58
26769584ns          455759 1c0094ac 0003d483 lhu              x9, 0(x7)            x9=0000fffe  x7:1c002eb6  PA:1c002eb6
26769981ns          455779 1c0094b0 02e80eb3 mul              x29, x16, x14       x29=ffffffeb x16:ffffffff x14:00000015
26770001ns          455780 1c0094b4 40a8d893 srai             x17, x17, 0x40a     x17=00000000 x17:00000000
26770021ns          455781 1c0094b8 03c80833 mul              x16, x16, x28       x16=00000000 x16:ffffffff x28:00000000
26770041ns          455782 1c0094bc 09e11823 sh               x30, 144(x2)        x30:0000fff3  x2:10001cd8  PA:10001d68
26770061ns          455783 1c0094c0 0005d983 lhu              x19, 0(x11)         x19=0000fffd x11:1c002e96  PA:1c002e96
26770359ns          455798 1c0094c4 81c88f5b p.muls           x30, x17, x28       x30=00000000 x17:00000000 x28:00000000
26770379ns          455799 1c0094c8 0002d583 lhu              x11, 0(x5)          x11=0000fffe  x5:1c002ea6  PA:1c002ea6
26770757ns          455818 1c0094cc 03ce0fb3 mul              x31, x28, x28       x31=00000000 x28:00000000 x28:00000000
26770777ns          455819 1c0094d0 02e50733 mul              x14, x10, x14       x14=ffffffac x10:fffffffc x14:00000015
26770797ns          455820 1c0094d4 40a85813 srai             x16, x16, 0x40a     x16=00000000 x16:00000000
26770817ns          455821 1c0094d8 03c50533 mul              x10, x10, x28       x10=00000000 x10:fffffffc x28:00000000
26770837ns          455822 1c0094dc 07015e03 lhu              x28, 112(x2)        x28=00000000  x2:10001cd8  PA:10001d48
26770876ns          455824 1c0094e0 01b60633 add              x12, x12, x27       x12=000000d4 x12:00000015 x27:000000bf
26770896ns          455825 1c0094e2 00980833 add              x16, x16, x9        x16=0000fffe x16:00000000  x9:0000fffe
26770916ns          455826 1c0094e4 06015d83 lhu              x27, 96(x2)         x27=00000002  x2:10001cd8  PA:10001d38
26770936ns          455827 1c0094e8 02812483 lw               x9, 40(x2)           x9=1c002ec6  x2:10001cd8  PA:10001d00
26770956ns          455828 1c0094ea 40afdf93 srai             x31, x31, 0x40a     x31=00000000 x31:00000000
26770976ns          455829 1c0094ee 40a55513 srai             x10, x10, 0x40a     x10=00000000 x10:00000000
26770996ns          455830 1c0094f0 01cf8fb3 add              x31, x31, x28       x31=00000000 x31:00000000 x28:00000000
26771016ns          455831 1c0094f2 00b50533 add              x10, x10, x11       x10=0000fffe x10:00000000 x11:0000fffe
26771035ns          455832 1c0094f4 09015e03 lhu              x28, 144(x2)        x28=0000fff3  x2:10001cd8  PA:10001d68
26771055ns          455833 1c0094f8 03012583 lw               x11, 48(x2)         x11=1c002ed6  x2:10001cd8  PA:10001d08
26771075ns          455834 1c0094fa 00c49023 sh               x12, 0(x9)          x12:000000d4  x9:1c002ec6  PA:1c002ec6
26771393ns          455850 1c0094fe 01b888b3 add              x17, x17, x27       x17=00000002 x17:00000000 x27:00000002
26771413ns          455851 1c009500 01a30333 add              x6, x6, x26          x6=00000012  x6:00000000 x26:00000012
26771433ns          455852 1c009502 08015d83 lhu              x27, 128(x2)        x27=00000000  x2:10001cd8  PA:10001d58
26771453ns          455853 1c009506 0000d903 lhu              x18, 0(x1)          x18=0000fffa  x1:1c002e86  PA:1c002e86
26771771ns          455869 1c00950a 01c686b3 add              x13, x13, x28       x13=0001fff2 x13:0000ffff x28:0000fff3
26771791ns          455870 1c00950c 00659023 sh               x6, 0(x11)           x6:00000012 x11:1c002ed6  PA:1c002ed6
26772129ns          455887 1c009510 40af5f13 srai             x30, x30, 0x40a     x30=00000000 x30:00000000
26772149ns          455888 1c009514 04812e03 lw               x28, 72(x2)         x28=1c002f06  x2:10001cd8  PA:10001d20
26772169ns          455889 1c009516 01bf0f33 add              x30, x30, x27       x30=00000000 x30:00000000 x27:00000000
26772189ns          455890 1c009518 40aede93 srai             x29, x29, 0x40a     x29=ffffffff x29:ffffffeb
26772209ns          455891 1c00951c 40a75713 srai             x14, x14, 0x40a     x14=ffffffff x14:ffffffac
26772229ns          455892 1c00951e 03812603 lw               x12, 56(x2)         x12=1c002ee6  x2:10001cd8  PA:10001d10
26772249ns          455893 1c009520 04012d83 lw               x27, 64(x2)         x27=1c002ef6  x2:10001cd8  PA:10001d18
26772268ns          455894 1c009522 01ee1023 sh               x30, 0(x28)         x30:00000000 x28:1c002f06  PA:1c002f06
26772587ns          455910 1c009526 05812483 lw               x9, 88(x2)           x9=1c002e66  x2:10001cd8  PA:10001d30
26772607ns          455911 1c009528 05012f03 lw               x30, 80(x2)         x30=1c002e76  x2:10001cd8  PA:10001d28
26772626ns          455912 1c00952a 0a012583 lw               x11, 160(x2)        x11=1c002e96  x2:10001cd8  PA:10001d78
26772646ns          455913 1c00952c 014787b3 add              x15, x15, x20       x15=0001ffd8 x15:0000fffc x20:0000ffdc
26772666ns          455914 1c00952e 013e8eb3 add              x29, x29, x19       x29=0000fffc x29:ffffffff x19:0000fffd
26772686ns          455915 1c009530 01270733 add              x14, x14, x18       x14=0000fff9 x14:ffffffff x18:0000fffa
26772706ns          455916 1c009532 00f49023 sh               x15, 0(x9)          x15:0001ffd8  x9:1c002e66  PA:1c002e66
26773044ns          455933 1c009536 01161023 sh               x17, 0(x12)         x17:00000002 x12:1c002ee6  PA:1c002ee6
26773382ns          455950 1c00953a 01fd9023 sh               x31, 0(x27)         x31:00000000 x27:1c002ef6  PA:1c002ef6
26773740ns          455968 1c00953e 00df1023 sh               x13, 0(x30)         x13:0001fff2 x30:1c002e76  PA:1c002e76
26774058ns          455984 1c009542 01d59023 sh               x29, 0(x11)         x29:0000fffc x11:1c002e96  PA:1c002e96
26774377ns          456000 1c009546 00e09023 sh               x14, 0(x1)          x14:0000fff9  x1:1c002e86  PA:1c002e86
26774715ns          456017 1c00954a 01039023 sh               x16, 0(x7)          x16:0000fffe  x7:1c002eb6  PA:1c002eb6
26775033ns          456033 1c00954e 00a29023 sh               x10, 0(x5)          x10:0000fffe  x5:1c002ea6  PA:1c002ea6
26775351ns          456049 1c009552 008b0b13 addi             x22, x22, 8         x22=00000023 x22:0000001b
26775371ns          456050 1c009554 1f300793 addi             x15, x0, 499        x15=000001f3
26775391ns          456051 1c009558 e767dae3 bge              x15, x22, -396      x15:000001f3 x22:00000023
26775490ns          456056 1c0093cc 010c9a0b p.lh             x20, 16(x25!)       x20=ffffff75 x25=1c0026de x25:1c0026ce  PA:1c0026ce
26775809ns          456072 1c0093d0 0104198b p.lh             x19, 16(x8!)        x19=fffffec6  x8=1c001ea6  x8:1c001e96  PA:1c001e96
26776127ns          456088 1c0093d4 2cc10513 addi             x10, x2, 716        x10=10001fa4  x2:10001cd8
26776147ns          456089 1c0093d6 010a990b p.lh             x18, 16(x21!)       x18=ffffff59 x21=1c0016d2 x21:1c0016c2  PA:1c0016c2
26776445ns          456104 1c0093da 010b948b p.lh             x9, 16(x23!)         x9=fffffed1 x23=1c000f02 x23:1c000ef2  PA:1c000ef2
26776743ns          456119 1c0093de 2d411623 sh               x20, 716(x2)        x20:ffffff75  x2:10001cd8  PA:10001fa4
26776763ns          456120 1c0093e2 2d311723 sh               x19, 718(x2)        x19:fffffec6  x2:10001cd8  PA:10001fa6
26776783ns          456121 1c0093e6 c33ff0ef jal              x1, -974             x1=1c0093e8
26776823ns          456123 1c009018 00051803 lh               x16, 0(x10)         x16=ffffff75 x10:10001fa4  PA:10001fa4
26776843ns          456124 1c00901c 00251883 lh               x17, 2(x10)         x17=fffffec6 x10:10001fa4  PA:10001fa6
26776863ns          456125 1c009020 030806b3 mul              x13, x16, x16       x13=00004b79 x16:ffffff75 x16:ffffff75
26776883ns          456126 1c009024 03188633 mul              x12, x17, x17       x12=00018124 x17:fffffec6 x17:fffffec6
26776902ns          456127 1c009028 40a65613 srai             x12, x12, 0x40a     x12=00000060 x12:00018124
26776922ns          456128 1c00902a 40a6d693 srai             x13, x13, 0x40a     x13=00000012 x13:00004b79
26776942ns          456129 1c00902c 00c686b3 add              x13, x13, x12       x13=00000072 x13:00000012 x12:00000060
26776962ns          456130 1c00902e 1006c633 p.exths          x12, x13, x0        x12=00000072 x13:00000072
26776982ns          456131 1c009032 00855703 lhu              x14, 8(x10)         x14=0000ffd1 x10:10001fa4  PA:10001fac
26777002ns          456132 1c009036 00a55683 lhu              x13, 10(x10)        x13=0000ff6a x10:10001fa4  PA:10001fae
26777022ns          456133 1c00903a 02c60333 mul              x6, x12, x12         x6=000032c4 x12:00000072 x12:00000072
26777042ns          456134 1c00903e 00c55783 lhu              x15, 12(x10)        x15=0000ffe5 x10:10001fa4  PA:10001fb0
26777062ns          456135 1c009042 00e55583 lhu              x11, 14(x10)        x11=00000060 x10:10001fa4  PA:10001fb2
26777081ns          456136 1c009046 dea30333 p.extract        x6, x6, 15, 10       x6=0000000c  x6:000032c4
26777101ns          456137 1c00904a 80c7075b p.muls           x14, x14, x12       x14=ffffeb12 x14:0000ffd1 x12:00000072
26777141ns          456139 1c00904e 80c686db p.muls           x13, x13, x12       x13=ffffbd34 x13:0000ff6a x12:00000072
26777181ns          456141 1c009052 00455e83 lhu              x29, 4(x10)         x29=00000427 x10:10001fa4  PA:10001fa8
26777201ns          456142 1c009056 00655e03 lhu              x28, 6(x10)         x28=0000007f x10:10001fa4  PA:10001faa
26777221ns          456143 1c00905a 40a75713 srai             x14, x14, 0x40a     x14=fffffffa x14:ffffeb12
26777240ns          456144 1c00905c 806787db p.muls           x15, x15, x6        x15=fffffebc x15:0000ffe5  x6:0000000c
26777280ns          456146 1c009060 40a6d693 srai             x13, x13, 0x40a     x13=ffffffef x13:ffffbd34
26777320ns          456148 1c009062 8065865b p.muls           x12, x11, x6        x12=00000480 x11:00000060  x6:0000000c
26777340ns          456149 1c009066 40a7d793 srai             x15, x15, 0x40a     x15=ffffffff x15:fffffebc
26777360ns          456150 1c009068 40a65613 srai             x12, x12, 0x40a     x12=00000001 x12:00000480
26777380ns          456151 1c00906a 01d70733 add              x14, x14, x29       x14=00000421 x14:fffffffa x29:00000427
26777400ns          456152 1c00906c 01c686b3 add              x13, x13, x28       x13=0000006e x13:ffffffef x28:0000007f
26777419ns          456153 1c00906e 00c686b3 add              x13, x13, x12       x13=0000006f x13:0000006e x12:00000001
26777439ns          456154 1c009070 00f70733 add              x14, x14, x15       x14=00000420 x14:00000421 x15:ffffffff
26777459ns          456155 1c009072 100747b3 p.exths          x15, x14, x0        x15=00000420 x14:00000420
26777479ns          456156 1c009076 1006c733 p.exths          x14, x13, x0        x14=0000006f x13:0000006f
26777499ns          456157 1c00907a 03170633 mul              x12, x14, x17       x12=ffff77da x14:0000006f x17:fffffec6
26777519ns          456158 1c00907e 030786b3 mul              x13, x15, x16       x13=fffdc2a0 x15:00000420 x16:ffffff75
26777539ns          456159 1c009082 03070733 mul              x14, x14, x16       x14=ffffc3bb x14:0000006f x16:ffffff75
26777559ns          456160 1c009086 031787b3 mul              x15, x15, x17       x15=fffaf0c0 x15:00000420 x17:fffffec6
26777579ns          456161 1c00908a 40a6d693 srai             x13, x13, 0x40a     x13=ffffff70 x13:fffdc2a0
26777598ns          456162 1c00908c 40a65613 srai             x12, x12, 0x40a     x12=ffffffdd x12:ffff77da
26777618ns          456163 1c00908e 40a7d793 srai             x15, x15, 0x40a     x15=fffffebc x15:fffaf0c0
26777638ns          456164 1c009090 40a75713 srai             x14, x14, 0x40a     x14=fffffff0 x14:ffffc3bb
26777658ns          456165 1c009092 40c686b3 sub              x13, x13, x12       x13=ffffff93 x13:ffffff70 x12:ffffffdd
26777678ns          456166 1c009094 00e787b3 add              x15, x15, x14       x15=fffffeac x15:fffffebc x14:fffffff0
26777698ns          456167 1c009096 00d51823 sh               x13, 16(x10)        x13:ffffff93 x10:10001fa4  PA:10001fb4
26777718ns          456168 1c00909a 00f51923 sh               x15, 18(x10)        x15:fffffeac x10:10001fa4  PA:10001fb6
26777738ns          456169 1c00909e 00008067 jalr             x0, x1, 0            x1:1c0093e8
26777777ns          456171 1c0093e8 2dc15583 lhu              x11, 732(x2)        x11=0000ff93  x2:10001cd8  PA:10001fb4
26777797ns          456172 1c0093ec 2de15783 lhu              x15, 734(x2)        x15=0000feac  x2:10001cd8  PA:10001fb6
26777817ns          456173 1c0093f0 40b90933 sub              x18, x18, x11       x18=fffeffc6 x18:ffffff59 x11:0000ff93
26777837ns          456174 1c0093f4 40f484b3 sub              x9, x9, x15          x9=ffff0025  x9:fffffed1 x15:0000feac
26777857ns          456175 1c0093f6 100945b3 p.exths          x11, x18, x0        x11=ffffffc6 x18:fffeffc6
26777877ns          456176 1c0093fa 1004c7b3 p.exths          x15, x9, x0         x15=00000025  x9:ffff0025
26777897ns          456177 1c0093fe 034586b3 mul              x13, x11, x20       x13=00001f7e x11:ffffffc6 x20:ffffff75
26777917ns          456178 1c009402 03378533 mul              x10, x15, x19       x10=ffffd29e x15:00000025 x19:fffffec6
26777937ns          456179 1c009406 034a0633 mul              x12, x20, x20       x12=00004b79 x20:ffffff75 x20:ffffff75
26777956ns          456180 1c00940a 03398733 mul              x14, x19, x19       x14=00018124 x19:fffffec6 x19:fffffec6
26777976ns          456181 1c00940e 034787b3 mul              x15, x15, x20       x15=ffffebe9 x15:00000025 x20:ffffff75
26777996ns          456182 1c009412 033585b3 mul              x11, x11, x19       x11=00004724 x11:ffffffc6 x19:fffffec6
26778016ns          456183 1c009416 40a75713 srai             x14, x14, 0x40a     x14=00000060 x14:00018124
26778036ns          456184 1c009418 40a5d593 srai             x11, x11, 0x40a     x11=00000011 x11:00004724
26778056ns          456185 1c00941a 40a65613 srai             x12, x12, 0x40a     x12=00000012 x12:00004b79
26778076ns          456186 1c00941c 40a7d793 srai             x15, x15, 0x40a     x15=fffffffa x15:ffffebe9
26778096ns          456187 1c00941e 1c0034b7 lui              x9, 0x1c003000       x9=1c003000
26778116ns          456188 1c009422 00e60633 add              x12, x12, x14       x12=00000072 x12:00000012 x14:00000060
26778135ns          456189 1c009424 40b787b3 sub              x15, x15, x11       x15=ffffffe9 x15:fffffffa x11:00000011
26778155ns          456190 1c009426 eb048493 addi             x9, x9, -336         x9=1c002eb0  x9:1c003000
26778175ns          456191 1c00942a 1c0032b7 lui              x5, 0x1c003000       x5=1c003000
26778195ns          456192 1c00942e 1c0035b7 lui              x11, 0x1c003000     x11=1c003000
26778215ns          456193 1c009432 018483b3 add              x7, x9, x24          x7=1c002eb6  x9:1c002eb0 x24:00000006
26778235ns          456194 1c009436 02812e83 lw               x29, 40(x2)         x29=1c002ec6  x2:10001cd8  PA:10001d00
26778255ns          456195 1c009438 10065633 p.exthz          x12, x12, x0        x12=00000072 x12:00000072
26778275ns          456196 1c00943c e8028293 addi             x5, x5, -384         x5=1c002e80  x5:1c003000
26778295ns          456197 1c009440 ea058593 addi             x11, x11, -352      x11=1c002ea0 x11:1c003000
26778314ns          456198 1c009444 03812483 lw               x9, 56(x2)           x9=1c002ee6  x2:10001cd8  PA:10001d10
26778334ns          456199 1c009446 10064733 p.exths          x14, x12, x0        x14=00000072 x12:00000072
26778354ns          456200 1c00944a 018280b3 add              x1, x5, x24          x1=1c002e86  x5:1c002e80 x24:00000006
26778374ns          456201 1c00944e 03012f03 lw               x30, 48(x2)         x30=1c002ed6  x2:10001cd8  PA:10001d08
26778394ns          456202 1c009450 018582b3 add              x5, x11, x24         x5=1c002ea6 x11:1c002ea0 x24:00000006
26778414ns          456203 1c009454 04012583 lw               x11, 64(x2)         x11=1c002ef6  x2:10001cd8  PA:10001d18
26778434ns          456204 1c009456 000edd83 lhu              x27, 0(x29)         x27=000000d4 x29:1c002ec6  PA:1c002ec6
26778732ns          456219 1c00945a 0004d483 lhu              x9, 0(x9)            x9=00000002  x9:1c002ee6  PA:1c002ee6
26779030ns          456234 1c00945e 02e70333 mul              x6, x14, x14         x6=000032c4 x14:00000072 x14:00000072
26779050ns          456235 1c009462 40a55513 srai             x10, x10, 0x40a     x10=fffffff4 x10:ffffd29e
26779070ns          456236 1c009464 04812e83 lw               x29, 72(x2)         x29=1c002f06  x2:10001cd8  PA:10001d20
26779090ns          456237 1c009466 40a6d693 srai             x13, x13, 0x40a     x13=00000007 x13:00001f7e
26779110ns          456238 1c009468 000f5d03 lhu              x26, 0(x30)         x26=00000012 x30:1c002ed6  PA:1c002ed6
26779528ns          456259 1c00946c 0005d583 lhu              x11, 0(x11)         x11=00000000 x11:1c002ef6  PA:1c002ef6
26779866ns          456276 1c009470 40a35313 srai             x6, x6, 0x40a        x6=0000000c  x6:000032c4
26779886ns          456277 1c009474 00a686b3 add              x13, x13, x10       x13=fffffffb x13:00000007 x10:fffffff4
26779905ns          456278 1c009476 05012f03 lw               x30, 80(x2)         x30=1c002e76  x2:10001cd8  PA:10001d28
26779925ns          456279 1c009478 10034e33 p.exths          x28, x6, x0         x28=0000000c  x6:0000000c
26779945ns          456280 1c00947c 06911023 sh               x9, 96(x2)           x9:00000002  x2:10001cd8  PA:10001d38
26779965ns          456281 1c009480 000ede83 lhu              x29, 0(x29)         x29=00000000 x29:1c002f06  PA:1c002f06
26780283ns          456297 1c009484 05812483 lw               x9, 88(x2)           x9=1c002e66  x2:10001cd8  PA:10001d30
26780303ns          456298 1c009486 1006d6b3 p.exthz          x13, x13, x0        x13=0000fffb x13:fffffffb
26780323ns          456299 1c00948a 02ee08b3 mul              x17, x28, x14       x17=00000558 x28:0000000c x14:00000072
26780343ns          456300 1c00948e 1006c833 p.exths          x16, x13, x0        x16=fffffffb x13:0000fffb
26780363ns          456301 1c009492 06b11823 sh               x11, 112(x2)        x11:00000000  x2:10001cd8  PA:10001d48
26780383ns          456302 1c009496 000f5f03 lhu              x30, 0(x30)         x30=0000fff2 x30:1c002e76  PA:1c002e76
26780681ns          456317 1c00949a 0a012583 lw               x11, 160(x2)        x11=1c002e96  x2:10001cd8  PA:10001d78
26780701ns          456318 1c00949c 1007d7b3 p.exthz          x15, x15, x0        x15=0000ffe9 x15:ffffffe9
26780721ns          456319 1c0094a0 0004da03 lhu              x20, 0(x9)          x20=0000ffd8  x9:1c002e66  PA:1c002e66
26781019ns          456334 1c0094a4 1007c533 p.exths          x10, x15, x0        x10=ffffffe9 x15:0000ffe9
26781039ns          456335 1c0094a8 09d11023 sh               x29, 128(x2)        x29:00000000  x2:10001cd8  PA:10001d58
26781059ns          456336 1c0094ac 0003d483 lhu              x9, 0(x7)            x9=0000fffe  x7:1c002eb6  PA:1c002eb6
26781437ns          456355 1c0094b0 02e80eb3 mul              x29, x16, x14       x29=fffffdc6 x16:fffffffb x14:00000072
26781457ns          456356 1c0094b4 40a8d893 srai             x17, x17, 0x40a     x17=00000001 x17:00000558
26781477ns          456357 1c0094b8 03c80833 mul              x16, x16, x28       x16=ffffffc4 x16:fffffffb x28:0000000c
26781497ns          456358 1c0094bc 09e11823 sh               x30, 144(x2)        x30:0000fff2  x2:10001cd8  PA:10001d68
26781516ns          456359 1c0094c0 0005d983 lhu              x19, 0(x11)         x19=0000fffc x11:1c002e96  PA:1c002e96
26781835ns          456375 1c0094c4 81c88f5b p.muls           x30, x17, x28       x30=0000000c x17:00000001 x28:0000000c
26781855ns          456376 1c0094c8 0002d583 lhu              x11, 0(x5)          x11=0000fffe  x5:1c002ea6  PA:1c002ea6
26782153ns          456391 1c0094cc 03ce0fb3 mul              x31, x28, x28       x31=00000090 x28:0000000c x28:0000000c
26782173ns          456392 1c0094d0 02e50733 mul              x14, x10, x14       x14=fffff5c2 x10:ffffffe9 x14:00000072
26782193ns          456393 1c0094d4 40a85813 srai             x16, x16, 0x40a     x16=ffffffff x16:ffffffc4
26782212ns          456394 1c0094d8 03c50533 mul              x10, x10, x28       x10=fffffeec x10:ffffffe9 x28:0000000c
26782232ns          456395 1c0094dc 07015e03 lhu              x28, 112(x2)        x28=00000000  x2:10001cd8  PA:10001d48
26782292ns          456398 1c0094e0 01b60633 add              x12, x12, x27       x12=00000146 x12:00000072 x27:000000d4
26782312ns          456399 1c0094e2 00980833 add              x16, x16, x9        x16=0000fffd x16:ffffffff  x9:0000fffe
26782332ns          456400 1c0094e4 06015d83 lhu              x27, 96(x2)         x27=00000002  x2:10001cd8  PA:10001d38
26782352ns          456401 1c0094e8 02812483 lw               x9, 40(x2)           x9=1c002ec6  x2:10001cd8  PA:10001d00
26782372ns          456402 1c0094ea 40afdf93 srai             x31, x31, 0x40a     x31=00000000 x31:00000090
26782391ns          456403 1c0094ee 40a55513 srai             x10, x10, 0x40a     x10=ffffffff x10:fffffeec
26782411ns          456404 1c0094f0 01cf8fb3 add              x31, x31, x28       x31=00000000 x31:00000000 x28:00000000
26782431ns          456405 1c0094f2 00b50533 add              x10, x10, x11       x10=0000fffd x10:ffffffff x11:0000fffe
26782451ns          456406 1c0094f4 09015e03 lhu              x28, 144(x2)        x28=0000fff2  x2:10001cd8  PA:10001d68
26782471ns          456407 1c0094f8 03012583 lw               x11, 48(x2)         x11=1c002ed6  x2:10001cd8  PA:10001d08
26782491ns          456408 1c0094fa 00c49023 sh               x12, 0(x9)          x12:00000146  x9:1c002ec6  PA:1c002ec6
26782809ns          456424 1c0094fe 01b888b3 add              x17, x17, x27       x17=00000003 x17:00000001 x27:00000002
26782829ns          456425 1c009500 01a30333 add              x6, x6, x26          x6=0000001e  x6:0000000c x26:00000012
26782849ns          456426 1c009502 08015d83 lhu              x27, 128(x2)        x27=00000000  x2:10001cd8  PA:10001d58
26782869ns          456427 1c009506 0000d903 lhu              x18, 0(x1)          x18=0000fff9  x1:1c002e86  PA:1c002e86
26783167ns          456442 1c00950a 01c686b3 add              x13, x13, x28       x13=0001ffed x13:0000fffb x28:0000fff2
26783187ns          456443 1c00950c 00659023 sh               x6, 0(x11)           x6:0000001e x11:1c002ed6  PA:1c002ed6
26783505ns          456459 1c009510 40af5f13 srai             x30, x30, 0x40a     x30=00000000 x30:0000000c
26783525ns          456460 1c009514 04812e03 lw               x28, 72(x2)         x28=1c002f06  x2:10001cd8  PA:10001d20
26783545ns          456461 1c009516 01bf0f33 add              x30, x30, x27       x30=00000000 x30:00000000 x27:00000000
26783565ns          456462 1c009518 40aede93 srai             x29, x29, 0x40a     x29=ffffffff x29:fffffdc6
26783585ns          456463 1c00951c 40a75713 srai             x14, x14, 0x40a     x14=fffffffd x14:fffff5c2
26783605ns          456464 1c00951e 03812603 lw               x12, 56(x2)         x12=1c002ee6  x2:10001cd8  PA:10001d10
26783625ns          456465 1c009520 04012d83 lw               x27, 64(x2)         x27=1c002ef6  x2:10001cd8  PA:10001d18
26783644ns          456466 1c009522 01ee1023 sh               x30, 0(x28)         x30:00000000 x28:1c002f06  PA:1c002f06
26783983ns          456483 1c009526 05812483 lw               x9, 88(x2)           x9=1c002e66  x2:10001cd8  PA:10001d30
26784002ns          456484 1c009528 05012f03 lw               x30, 80(x2)         x30=1c002e76  x2:10001cd8  PA:10001d28
26784022ns          456485 1c00952a 0a012583 lw               x11, 160(x2)        x11=1c002e96  x2:10001cd8  PA:10001d78
26784042ns          456486 1c00952c 014787b3 add              x15, x15, x20       x15=0001ffc1 x15:0000ffe9 x20:0000ffd8
26784062ns          456487 1c00952e 013e8eb3 add              x29, x29, x19       x29=0000fffb x29:ffffffff x19:0000fffc
26784082ns          456488 1c009530 01270733 add              x14, x14, x18       x14=0000fff6 x14:fffffffd x18:0000fff9
26784102ns          456489 1c009532 00f49023 sh               x15, 0(x9)          x15:0001ffc1  x9:1c002e66  PA:1c002e66
26784420ns          456505 1c009536 01161023 sh               x17, 0(x12)         x17:00000003 x12:1c002ee6  PA:1c002ee6
26784738ns          456521 1c00953a 01fd9023 sh               x31, 0(x27)         x31:00000000 x27:1c002ef6  PA:1c002ef6
26785076ns          456538 1c00953e 00df1023 sh               x13, 0(x30)         x13:0001ffed x30:1c002e76  PA:1c002e76
26785395ns          456554 1c009542 01d59023 sh               x29, 0(x11)         x29:0000fffb x11:1c002e96  PA:1c002e96
26785713ns          456570 1c009546 00e09023 sh               x14, 0(x1)          x14:0000fff6  x1:1c002e86  PA:1c002e86
26786031ns          456586 1c00954a 01039023 sh               x16, 0(x7)          x16:0000fffd  x7:1c002eb6  PA:1c002eb6
26786349ns          456602 1c00954e 00a29023 sh               x10, 0(x5)          x10:0000fffd  x5:1c002ea6  PA:1c002ea6
26786687ns          456619 1c009552 008b0b13 addi             x22, x22, 8         x22=0000002b x22:00000023
26786707ns          456620 1c009554 1f300793 addi             x15, x0, 499        x15=000001f3
26786727ns          456621 1c009558 e767dae3 bge              x15, x22, -396      x15:000001f3 x22:0000002b
26786787ns          456624 1c0093cc 010c9a0b p.lh             x20, 16(x25!)       x20=ffffff1c x25=1c0026ee x25:1c0026de  PA:1c0026de
26787085ns          456639 1c0093d0 0104198b p.lh             x19, 16(x8!)        x19=000002b0  x8=1c001eb6  x8:1c001ea6  PA:1c001ea6
26787383ns          456654 1c0093d4 2cc10513 addi             x10, x2, 716        x10=10001fa4  x2:10001cd8
26787403ns          456655 1c0093d6 010a990b p.lh             x18, 16(x21!)       x18=ffffffb2 x21=1c0016e2 x21:1c0016d2  PA:1c0016d2
26787741ns          456672 1c0093da 010b948b p.lh             x9, 16(x23!)         x9=000002be x23=1c000f12 x23:1c000f02  PA:1c000f02
26788099ns          456690 1c0093de 2d411623 sh               x20, 716(x2)        x20:ffffff1c  x2:10001cd8  PA:10001fa4
26788139ns          456692 1c0093e2 2d311723 sh               x19, 718(x2)        x19:000002b0  x2:10001cd8  PA:10001fa6
26788159ns          456693 1c0093e6 c33ff0ef jal              x1, -974             x1=1c0093e8
26788199ns          456695 1c009018 00051803 lh               x16, 0(x10)         x16=ffffff1c x10:10001fa4  PA:10001fa4
26788219ns          456696 1c00901c 00251883 lh               x17, 2(x10)         x17=000002b0 x10:10001fa4  PA:10001fa6
26788239ns          456697 1c009020 030806b3 mul              x13, x16, x16       x13=0000cb10 x16:ffffff1c x16:ffffff1c
26788258ns          456698 1c009024 03188633 mul              x12, x17, x17       x12=00073900 x17:000002b0 x17:000002b0
26788278ns          456699 1c009028 40a65613 srai             x12, x12, 0x40a     x12=000001ce x12:00073900
26788298ns          456700 1c00902a 40a6d693 srai             x13, x13, 0x40a     x13=00000032 x13:0000cb10
26788318ns          456701 1c00902c 00c686b3 add              x13, x13, x12       x13=00000200 x13:00000032 x12:000001ce
26788338ns          456702 1c00902e 1006c633 p.exths          x12, x13, x0        x12=00000200 x13:00000200
26788358ns          456703 1c009032 00855703 lhu              x14, 8(x10)         x14=0000ffd1 x10:10001fa4  PA:10001fac
26788378ns          456704 1c009036 00a55683 lhu              x13, 10(x10)        x13=0000ff6a x10:10001fa4  PA:10001fae
26788398ns          456705 1c00903a 02c60333 mul              x6, x12, x12         x6=00040000 x12:00000200 x12:00000200
26788437ns          456707 1c00903e 00c55783 lhu              x15, 12(x10)        x15=0000ffe5 x10:10001fa4  PA:10001fb0
26788477ns          456709 1c009042 00e55583 lhu              x11, 14(x10)        x11=00000060 x10:10001fa4  PA:10001fb2
26788497ns          456710 1c009046 dea30333 p.extract        x6, x6, 15, 10       x6=00000100  x6:00040000
26788517ns          456711 1c00904a 80c7075b p.muls           x14, x14, x12       x14=ffffa200 x14:0000ffd1 x12:00000200
26788537ns          456712 1c00904e 80c686db p.muls           x13, x13, x12       x13=fffed400 x13:0000ff6a x12:00000200
26788557ns          456713 1c009052 00455e83 lhu              x29, 4(x10)         x29=00000427 x10:10001fa4  PA:10001fa8
26788577ns          456714 1c009056 00655e03 lhu              x28, 6(x10)         x28=0000007f x10:10001fa4  PA:10001faa
26788597ns          456715 1c00905a 40a75713 srai             x14, x14, 0x40a     x14=ffffffe8 x14:ffffa200
26788616ns          456716 1c00905c 806787db p.muls           x15, x15, x6        x15=ffffe500 x15:0000ffe5  x6:00000100
26788656ns          456718 1c009060 40a6d693 srai             x13, x13, 0x40a     x13=ffffffb5 x13:fffed400
26788696ns          456720 1c009062 8065865b p.muls           x12, x11, x6        x12=00006000 x11:00000060  x6:00000100
26788716ns          456721 1c009066 40a7d793 srai             x15, x15, 0x40a     x15=fffffff9 x15:ffffe500
26788736ns          456722 1c009068 40a65613 srai             x12, x12, 0x40a     x12=00000018 x12:00006000
26788756ns          456723 1c00906a 01d70733 add              x14, x14, x29       x14=0000040f x14:ffffffe8 x29:00000427
26788776ns          456724 1c00906c 01c686b3 add              x13, x13, x28       x13=00000034 x13:ffffffb5 x28:0000007f
26788795ns          456725 1c00906e 00c686b3 add              x13, x13, x12       x13=0000004c x13:00000034 x12:00000018
26788815ns          456726 1c009070 00f70733 add              x14, x14, x15       x14=00000408 x14:0000040f x15:fffffff9
26788835ns          456727 1c009072 100747b3 p.exths          x15, x14, x0        x15=00000408 x14:00000408
26788855ns          456728 1c009076 1006c733 p.exths          x14, x13, x0        x14=0000004c x13:0000004c
26788875ns          456729 1c00907a 03170633 mul              x12, x14, x17       x12=0000cc40 x14:0000004c x17:000002b0
26788895ns          456730 1c00907e 030786b3 mul              x13, x15, x16       x13=fffc68e0 x15:00000408 x16:ffffff1c
26788915ns          456731 1c009082 03070733 mul              x14, x14, x16       x14=ffffbc50 x14:0000004c x16:ffffff1c
26788935ns          456732 1c009086 031787b3 mul              x15, x15, x17       x15=000ad580 x15:00000408 x17:000002b0
26788955ns          456733 1c00908a 40a6d693 srai             x13, x13, 0x40a     x13=ffffff1a x13:fffc68e0
26788974ns          456734 1c00908c 40a65613 srai             x12, x12, 0x40a     x12=00000033 x12:0000cc40
26788994ns          456735 1c00908e 40a7d793 srai             x15, x15, 0x40a     x15=000002b5 x15:000ad580
26789014ns          456736 1c009090 40a75713 srai             x14, x14, 0x40a     x14=ffffffef x14:ffffbc50
26789034ns          456737 1c009092 40c686b3 sub              x13, x13, x12       x13=fffffee7 x13:ffffff1a x12:00000033
26789054ns          456738 1c009094 00e787b3 add              x15, x15, x14       x15=000002a4 x15:000002b5 x14:ffffffef
26789074ns          456739 1c009096 00d51823 sh               x13, 16(x10)        x13:fffffee7 x10:10001fa4  PA:10001fb4
26789094ns          456740 1c00909a 00f51923 sh               x15, 18(x10)        x15:000002a4 x10:10001fa4  PA:10001fb6
26789114ns          456741 1c00909e 00008067 jalr             x0, x1, 0            x1:1c0093e8
26789233ns          456747 1c0093e8 2dc15583 lhu              x11, 732(x2)        x11=0000fee7  x2:10001cd8  PA:10001fb4
26789273ns          456749 1c0093ec 2de15783 lhu              x15, 734(x2)        x15=000002a4  x2:10001cd8  PA:10001fb6
26789293ns          456750 1c0093f0 40b90933 sub              x18, x18, x11       x18=ffff00cb x18:ffffffb2 x11:0000fee7
26789313ns          456751 1c0093f4 40f484b3 sub              x9, x9, x15          x9=0000001a  x9:000002be x15:000002a4
26789332ns          456752 1c0093f6 100945b3 p.exths          x11, x18, x0        x11=000000cb x18:ffff00cb
26789352ns          456753 1c0093fa 1004c7b3 p.exths          x15, x9, x0         x15=0000001a  x9:0000001a
26789372ns          456754 1c0093fe 034586b3 mul              x13, x11, x20       x13=ffff4b34 x11:000000cb x20:ffffff1c
26789392ns          456755 1c009402 03378533 mul              x10, x15, x19       x10=000045e0 x15:0000001a x19:000002b0
26789412ns          456756 1c009406 034a0633 mul              x12, x20, x20       x12=0000cb10 x20:ffffff1c x20:ffffff1c
26789432ns          456757 1c00940a 03398733 mul              x14, x19, x19       x14=00073900 x19:000002b0 x19:000002b0
26789452ns          456758 1c00940e 034787b3 mul              x15, x15, x20       x15=ffffe8d8 x15:0000001a x20:ffffff1c
26789472ns          456759 1c009412 033585b3 mul              x11, x11, x19       x11=00022190 x11:000000cb x19:000002b0
26789492ns          456760 1c009416 40a75713 srai             x14, x14, 0x40a     x14=000001ce x14:00073900
26789511ns          456761 1c009418 40a5d593 srai             x11, x11, 0x40a     x11=00000088 x11:00022190
26789531ns          456762 1c00941a 40a65613 srai             x12, x12, 0x40a     x12=00000032 x12:0000cb10
26789551ns          456763 1c00941c 40a7d793 srai             x15, x15, 0x40a     x15=fffffffa x15:ffffe8d8
26789571ns          456764 1c00941e 1c0034b7 lui              x9, 0x1c003000       x9=1c003000
26789591ns          456765 1c009422 00e60633 add              x12, x12, x14       x12=00000200 x12:00000032 x14:000001ce
26789611ns          456766 1c009424 40b787b3 sub              x15, x15, x11       x15=ffffff72 x15:fffffffa x11:00000088
26789631ns          456767 1c009426 eb048493 addi             x9, x9, -336         x9=1c002eb0  x9:1c003000
26789651ns          456768 1c00942a 1c0032b7 lui              x5, 0x1c003000       x5=1c003000
26789670ns          456769 1c00942e 1c0035b7 lui              x11, 0x1c003000     x11=1c003000
26789690ns          456770 1c009432 018483b3 add              x7, x9, x24          x7=1c002eb6  x9:1c002eb0 x24:00000006
26789710ns          456771 1c009436 02812e83 lw               x29, 40(x2)         x29=1c002ec6  x2:10001cd8  PA:10001d00
26789730ns          456772 1c009438 10065633 p.exthz          x12, x12, x0        x12=00000200 x12:00000200
26789750ns          456773 1c00943c e8028293 addi             x5, x5, -384         x5=1c002e80  x5:1c003000
26789770ns          456774 1c009440 ea058593 addi             x11, x11, -352      x11=1c002ea0 x11:1c003000
26789790ns          456775 1c009444 03812483 lw               x9, 56(x2)           x9=1c002ee6  x2:10001cd8  PA:10001d10
26789810ns          456776 1c009446 10064733 p.exths          x14, x12, x0        x14=00000200 x12:00000200
26789830ns          456777 1c00944a 018280b3 add              x1, x5, x24          x1=1c002e86  x5:1c002e80 x24:00000006
26789849ns          456778 1c00944e 03012f03 lw               x30, 48(x2)         x30=1c002ed6  x2:10001cd8  PA:10001d08
26789869ns          456779 1c009450 018582b3 add              x5, x11, x24         x5=1c002ea6 x11:1c002ea0 x24:00000006
26789889ns          456780 1c009454 04012583 lw               x11, 64(x2)         x11=1c002ef6  x2:10001cd8  PA:10001d18
26789909ns          456781 1c009456 000edd83 lhu              x27, 0(x29)         x27=00000146 x29:1c002ec6  PA:1c002ec6
26790207ns          456796 1c00945a 0004d483 lhu              x9, 0(x9)            x9=00000003  x9:1c002ee6  PA:1c002ee6
26790526ns          456812 1c00945e 02e70333 mul              x6, x14, x14         x6=00040000 x14:00000200 x14:00000200
26790546ns          456813 1c009462 40a55513 srai             x10, x10, 0x40a     x10=00000011 x10:000045e0
26790565ns          456814 1c009464 04812e83 lw               x29, 72(x2)         x29=1c002f06  x2:10001cd8  PA:10001d20
26790585ns          456815 1c009466 40a6d693 srai             x13, x13, 0x40a     x13=ffffffd2 x13:ffff4b34
26790605ns          456816 1c009468 000f5d03 lhu              x26, 0(x30)         x26=0000001e x30:1c002ed6  PA:1c002ed6
26790923ns          456832 1c00946c 0005d583 lhu              x11, 0(x11)         x11=00000000 x11:1c002ef6  PA:1c002ef6
26791262ns          456849 1c009470 40a35313 srai             x6, x6, 0x40a        x6=00000100  x6:00040000
26791281ns          456850 1c009474 00a686b3 add              x13, x13, x10       x13=ffffffe3 x13:ffffffd2 x10:00000011
26791301ns          456851 1c009476 05012f03 lw               x30, 80(x2)         x30=1c002e76  x2:10001cd8  PA:10001d28
26791321ns          456852 1c009478 10034e33 p.exths          x28, x6, x0         x28=00000100  x6:00000100
26791341ns          456853 1c00947c 06911023 sh               x9, 96(x2)           x9:00000003  x2:10001cd8  PA:10001d38
26791361ns          456854 1c009480 000ede83 lhu              x29, 0(x29)         x29=00000000 x29:1c002f06  PA:1c002f06
26791679ns          456870 1c009484 05812483 lw               x9, 88(x2)           x9=1c002e66  x2:10001cd8  PA:10001d30
26791699ns          456871 1c009486 1006d6b3 p.exthz          x13, x13, x0        x13=0000ffe3 x13:ffffffe3
26791719ns          456872 1c00948a 02ee08b3 mul              x17, x28, x14       x17=00020000 x28:00000100 x14:00000200
26791739ns          456873 1c00948e 1006c833 p.exths          x16, x13, x0        x16=ffffffe3 x13:0000ffe3
26791759ns          456874 1c009492 06b11823 sh               x11, 112(x2)        x11:00000000  x2:10001cd8  PA:10001d48
26791779ns          456875 1c009496 000f5f03 lhu              x30, 0(x30)         x30=0000ffed x30:1c002e76  PA:1c002e76
26792117ns          456892 1c00949a 0a012583 lw               x11, 160(x2)        x11=1c002e96  x2:10001cd8  PA:10001d78
26792137ns          456893 1c00949c 1007d7b3 p.exthz          x15, x15, x0        x15=0000ff72 x15:ffffff72
26792156ns          456894 1c0094a0 0004da03 lhu              x20, 0(x9)          x20=0000ffc1  x9:1c002e66  PA:1c002e66
26792455ns          456909 1c0094a4 1007c533 p.exths          x10, x15, x0        x10=ffffff72 x15:0000ff72
26792475ns          456910 1c0094a8 09d11023 sh               x29, 128(x2)        x29:00000000  x2:10001cd8  PA:10001d58
26792495ns          456911 1c0094ac 0003d483 lhu              x9, 0(x7)            x9=0000fffd  x7:1c002eb6  PA:1c002eb6
26792813ns          456927 1c0094b0 02e80eb3 mul              x29, x16, x14       x29=ffffc600 x16:ffffffe3 x14:00000200
26792833ns          456928 1c0094b4 40a8d893 srai             x17, x17, 0x40a     x17=00000080 x17:00020000
26792853ns          456929 1c0094b8 03c80833 mul              x16, x16, x28       x16=ffffe300 x16:ffffffe3 x28:00000100
26792872ns          456930 1c0094bc 09e11823 sh               x30, 144(x2)        x30:0000ffed  x2:10001cd8  PA:10001d68
26792892ns          456931 1c0094c0 0005d983 lhu              x19, 0(x11)         x19=0000fffb x11:1c002e96  PA:1c002e96
26793230ns          456948 1c0094c4 81c88f5b p.muls           x30, x17, x28       x30=00008000 x17:00000080 x28:00000100
26793250ns          456949 1c0094c8 0002d583 lhu              x11, 0(x5)          x11=0000fffd  x5:1c002ea6  PA:1c002ea6
26793549ns          456964 1c0094cc 03ce0fb3 mul              x31, x28, x28       x31=00010000 x28:00000100 x28:00000100
26793569ns          456965 1c0094d0 02e50733 mul              x14, x10, x14       x14=fffee400 x10:ffffff72 x14:00000200
26793588ns          456966 1c0094d4 40a85813 srai             x16, x16, 0x40a     x16=fffffff8 x16:ffffe300
26793608ns          456967 1c0094d8 03c50533 mul              x10, x10, x28       x10=ffff7200 x10:ffffff72 x28:00000100
26793628ns          456968 1c0094dc 07015e03 lhu              x28, 112(x2)        x28=00000000  x2:10001cd8  PA:10001d48
26793668ns          456970 1c0094e0 01b60633 add              x12, x12, x27       x12=00000346 x12:00000200 x27:00000146
26793688ns          456971 1c0094e2 00980833 add              x16, x16, x9        x16=0000fff5 x16:fffffff8  x9:0000fffd
26793708ns          456972 1c0094e4 06015d83 lhu              x27, 96(x2)         x27=00000003  x2:10001cd8  PA:10001d38
26793728ns          456973 1c0094e8 02812483 lw               x9, 40(x2)           x9=1c002ec6  x2:10001cd8  PA:10001d00
26793748ns          456974 1c0094ea 40afdf93 srai             x31, x31, 0x40a     x31=00000040 x31:00010000
26793767ns          456975 1c0094ee 40a55513 srai             x10, x10, 0x40a     x10=ffffffdc x10:ffff7200
26793787ns          456976 1c0094f0 01cf8fb3 add              x31, x31, x28       x31=00000040 x31:00000040 x28:00000000
26793807ns          456977 1c0094f2 00b50533 add              x10, x10, x11       x10=0000ffd9 x10:ffffffdc x11:0000fffd
26793827ns          456978 1c0094f4 09015e03 lhu              x28, 144(x2)        x28=0000ffed  x2:10001cd8  PA:10001d68
26793847ns          456979 1c0094f8 03012583 lw               x11, 48(x2)         x11=1c002ed6  x2:10001cd8  PA:10001d08
26793867ns          456980 1c0094fa 00c49023 sh               x12, 0(x9)          x12:00000346  x9:1c002ec6  PA:1c002ec6
26794185ns          456996 1c0094fe 01b888b3 add              x17, x17, x27       x17=00000083 x17:00000080 x27:00000003
26794205ns          456997 1c009500 01a30333 add              x6, x6, x26          x6=0000011e  x6:00000100 x26:0000001e
26794225ns          456998 1c009502 08015d83 lhu              x27, 128(x2)        x27=00000000  x2:10001cd8  PA:10001d58
26794245ns          456999 1c009506 0000d903 lhu              x18, 0(x1)          x18=0000fff6  x1:1c002e86  PA:1c002e86
26794583ns          457016 1c00950a 01c686b3 add              x13, x13, x28       x13=0001ffd0 x13:0000ffe3 x28:0000ffed
26794603ns          457017 1c00950c 00659023 sh               x6, 0(x11)           x6:0000011e x11:1c002ed6  PA:1c002ed6
26794921ns          457033 1c009510 40af5f13 srai             x30, x30, 0x40a     x30=00000020 x30:00008000
26794941ns          457034 1c009514 04812e03 lw               x28, 72(x2)         x28=1c002f06  x2:10001cd8  PA:10001d20
26794961ns          457035 1c009516 01bf0f33 add              x30, x30, x27       x30=00000020 x30:00000020 x27:00000000
26794981ns          457036 1c009518 40aede93 srai             x29, x29, 0x40a     x29=fffffff1 x29:ffffc600
26795000ns          457037 1c00951c 40a75713 srai             x14, x14, 0x40a     x14=ffffffb9 x14:fffee400
26795020ns          457038 1c00951e 03812603 lw               x12, 56(x2)         x12=1c002ee6  x2:10001cd8  PA:10001d10
26795040ns          457039 1c009520 04012d83 lw               x27, 64(x2)         x27=1c002ef6  x2:10001cd8  PA:10001d18
26795060ns          457040 1c009522 01ee1023 sh               x30, 0(x28)         x30:00000020 x28:1c002f06  PA:1c002f06
26795378ns          457056 1c009526 05812483 lw               x9, 88(x2)           x9=1c002e66  x2:10001cd8  PA:10001d30
26795398ns          457057 1c009528 05012f03 lw               x30, 80(x2)         x30=1c002e76  x2:10001cd8  PA:10001d28
26795418ns          457058 1c00952a 0a012583 lw               x11, 160(x2)        x11=1c002e96  x2:10001cd8  PA:10001d78
26795438ns          457059 1c00952c 014787b3 add              x15, x15, x20       x15=0001ff33 x15:0000ff72 x20:0000ffc1
26795458ns          457060 1c00952e 013e8eb3 add              x29, x29, x19       x29=0000ffec x29:fffffff1 x19:0000fffb
26795478ns          457061 1c009530 01270733 add              x14, x14, x18       x14=0000ffaf x14:ffffffb9 x18:0000fff6
26795498ns          457062 1c009532 00f49023 sh               x15, 0(x9)          x15:0001ff33  x9:1c002e66  PA:1c002e66
26795876ns          457081 1c009536 01161023 sh               x17, 0(x12)         x17:00000083 x12:1c002ee6  PA:1c002ee6
26796194ns          457097 1c00953a 01fd9023 sh               x31, 0(x27)         x31:00000040 x27:1c002ef6  PA:1c002ef6
26796512ns          457113 1c00953e 00df1023 sh               x13, 0(x30)         x13:0001ffd0 x30:1c002e76  PA:1c002e76
26796870ns          457131 1c009542 01d59023 sh               x29, 0(x11)         x29:0000ffec x11:1c002e96  PA:1c002e96
26797208ns          457148 1c009546 00e09023 sh               x14, 0(x1)          x14:0000ffaf  x1:1c002e86  PA:1c002e86
26797526ns          457164 1c00954a 01039023 sh               x16, 0(x7)          x16:0000fff5  x7:1c002eb6  PA:1c002eb6
26797844ns          457180 1c00954e 00a29023 sh               x10, 0(x5)          x10:0000ffd9  x5:1c002ea6  PA:1c002ea6
26798163ns          457196 1c009552 008b0b13 addi             x22, x22, 8         x22=00000033 x22:0000002b
26798183ns          457197 1c009554 1f300793 addi             x15, x0, 499        x15=000001f3
26798202ns          457198 1c009558 e767dae3 bge              x15, x22, -396      x15:000001f3 x22:00000033
26798262ns          457201 1c0093cc 010c9a0b p.lh             x20, 16(x25!)       x20=ffffffd9 x25=1c0026fe x25:1c0026ee  PA:1c0026ee
26798580ns          457217 1c0093d0 0104198b p.lh             x19, 16(x8!)        x19=0000001d  x8=1c001ec6  x8:1c001eb6  PA:1c001eb6
26798879ns          457232 1c0093d4 2cc10513 addi             x10, x2, 716        x10=10001fa4  x2:10001cd8
26798899ns          457233 1c0093d6 010a990b p.lh             x18, 16(x21!)       x18=ffffffcf x21=1c0016f2 x21:1c0016e2  PA:1c0016e2
26799276ns          457252 1c0093da 010b948b p.lh             x9, 16(x23!)         x9=00000027 x23=1c000f22 x23:1c000f12  PA:1c000f12
26799614ns          457269 1c0093de 2d411623 sh               x20, 716(x2)        x20:ffffffd9  x2:10001cd8  PA:10001fa4
26799634ns          457270 1c0093e2 2d311723 sh               x19, 718(x2)        x19:0000001d  x2:10001cd8  PA:10001fa6
26799654ns          457271 1c0093e6 c33ff0ef jal              x1, -974             x1=1c0093e8
26799734ns          457275 1c009018 00051803 lh               x16, 0(x10)         x16=ffffffd9 x10:10001fa4  PA:10001fa4
26799774ns          457277 1c00901c 00251883 lh               x17, 2(x10)         x17=0000001d x10:10001fa4  PA:10001fa6
26799833ns          457280 1c009020 030806b3 mul              x13, x16, x16       x13=000005f1 x16:ffffffd9 x16:ffffffd9
26799873ns          457282 1c009024 03188633 mul              x12, x17, x17       x12=00000349 x17:0000001d x17:0000001d
26799893ns          457283 1c009028 40a65613 srai             x12, x12, 0x40a     x12=00000000 x12:00000349
26799913ns          457284 1c00902a 40a6d693 srai             x13, x13, 0x40a     x13=00000001 x13:000005f1
26799933ns          457285 1c00902c 00c686b3 add              x13, x13, x12       x13=00000001 x13:00000001 x12:00000000
26799953ns          457286 1c00902e 1006c633 p.exths          x12, x13, x0        x12=00000001 x13:00000001
26799972ns          457287 1c009032 00855703 lhu              x14, 8(x10)         x14=0000ffd1 x10:10001fa4  PA:10001fac
26799992ns          457288 1c009036 00a55683 lhu              x13, 10(x10)        x13=0000ff6a x10:10001fa4  PA:10001fae
26800012ns          457289 1c00903a 02c60333 mul              x6, x12, x12         x6=00000001 x12:00000001 x12:00000001
26800032ns          457290 1c00903e 00c55783 lhu              x15, 12(x10)        x15=0000ffe5 x10:10001fa4  PA:10001fb0
26800052ns          457291 1c009042 00e55583 lhu              x11, 14(x10)        x11=00000060 x10:10001fa4  PA:10001fb2
26800072ns          457292 1c009046 dea30333 p.extract        x6, x6, 15, 10       x6=00000000  x6:00000001
26800092ns          457293 1c00904a 80c7075b p.muls           x14, x14, x12       x14=ffffffd1 x14:0000ffd1 x12:00000001
26800132ns          457295 1c00904e 80c686db p.muls           x13, x13, x12       x13=ffffff6a x13:0000ff6a x12:00000001
26800171ns          457297 1c009052 00455e83 lhu              x29, 4(x10)         x29=00000427 x10:10001fa4  PA:10001fa8
26800191ns          457298 1c009056 00655e03 lhu              x28, 6(x10)         x28=0000007f x10:10001fa4  PA:10001faa
26800211ns          457299 1c00905a 40a75713 srai             x14, x14, 0x40a     x14=ffffffff x14:ffffffd1
26800231ns          457300 1c00905c 806787db p.muls           x15, x15, x6        x15=00000000 x15:0000ffe5  x6:00000000
26800271ns          457302 1c009060 40a6d693 srai             x13, x13, 0x40a     x13=ffffffff x13:ffffff6a
26800311ns          457304 1c009062 8065865b p.muls           x12, x11, x6        x12=00000000 x11:00000060  x6:00000000
26800330ns          457305 1c009066 40a7d793 srai             x15, x15, 0x40a     x15=00000000 x15:00000000
26800350ns          457306 1c009068 40a65613 srai             x12, x12, 0x40a     x12=00000000 x12:00000000
26800370ns          457307 1c00906a 01d70733 add              x14, x14, x29       x14=00000426 x14:ffffffff x29:00000427
26800390ns          457308 1c00906c 01c686b3 add              x13, x13, x28       x13=0000007e x13:ffffffff x28:0000007f
26800410ns          457309 1c00906e 00c686b3 add              x13, x13, x12       x13=0000007e x13:0000007e x12:00000000
26800430ns          457310 1c009070 00f70733 add              x14, x14, x15       x14=00000426 x14:00000426 x15:00000000
26800450ns          457311 1c009072 100747b3 p.exths          x15, x14, x0        x15=00000426 x14:00000426
26800470ns          457312 1c009076 1006c733 p.exths          x14, x13, x0        x14=0000007e x13:0000007e
26800490ns          457313 1c00907a 03170633 mul              x12, x14, x17       x12=00000e46 x14:0000007e x17:0000001d
26800509ns          457314 1c00907e 030786b3 mul              x13, x15, x16       x13=ffff5e36 x15:00000426 x16:ffffffd9
26800529ns          457315 1c009082 03070733 mul              x14, x14, x16       x14=ffffecce x14:0000007e x16:ffffffd9
26800549ns          457316 1c009086 031787b3 mul              x15, x15, x17       x15=0000784e x15:00000426 x17:0000001d
26800569ns          457317 1c00908a 40a6d693 srai             x13, x13, 0x40a     x13=ffffffd7 x13:ffff5e36
26800589ns          457318 1c00908c 40a65613 srai             x12, x12, 0x40a     x12=00000003 x12:00000e46
26800609ns          457319 1c00908e 40a7d793 srai             x15, x15, 0x40a     x15=0000001e x15:0000784e
26800629ns          457320 1c009090 40a75713 srai             x14, x14, 0x40a     x14=fffffffb x14:ffffecce
26800649ns          457321 1c009092 40c686b3 sub              x13, x13, x12       x13=ffffffd4 x13:ffffffd7 x12:00000003
26800669ns          457322 1c009094 00e787b3 add              x15, x15, x14       x15=00000019 x15:0000001e x14:fffffffb
26800688ns          457323 1c009096 00d51823 sh               x13, 16(x10)        x13:ffffffd4 x10:10001fa4  PA:10001fb4
26800708ns          457324 1c00909a 00f51923 sh               x15, 18(x10)        x15:00000019 x10:10001fa4  PA:10001fb6
26800728ns          457325 1c00909e 00008067 jalr             x0, x1, 0            x1:1c0093e8
26800848ns          457331 1c0093e8 2dc15583 lhu              x11, 732(x2)        x11=0000ffd4  x2:10001cd8  PA:10001fb4
26800887ns          457333 1c0093ec 2de15783 lhu              x15, 734(x2)        x15=00000019  x2:10001cd8  PA:10001fb6
26800907ns          457334 1c0093f0 40b90933 sub              x18, x18, x11       x18=fffefffb x18:ffffffcf x11:0000ffd4
26800927ns          457335 1c0093f4 40f484b3 sub              x9, x9, x15          x9=0000000e  x9:00000027 x15:00000019
26800947ns          457336 1c0093f6 100945b3 p.exths          x11, x18, x0        x11=fffffffb x18:fffefffb
26800967ns          457337 1c0093fa 1004c7b3 p.exths          x15, x9, x0         x15=0000000e  x9:0000000e
26800987ns          457338 1c0093fe 034586b3 mul              x13, x11, x20       x13=000000c3 x11:fffffffb x20:ffffffd9
26801007ns          457339 1c009402 03378533 mul              x10, x15, x19       x10=00000196 x15:0000000e x19:0000001d
26801027ns          457340 1c009406 034a0633 mul              x12, x20, x20       x12=000005f1 x20:ffffffd9 x20:ffffffd9
26801046ns          457341 1c00940a 03398733 mul              x14, x19, x19       x14=00000349 x19:0000001d x19:0000001d
26801066ns          457342 1c00940e 034787b3 mul              x15, x15, x20       x15=fffffdde x15:0000000e x20:ffffffd9
26801086ns          457343 1c009412 033585b3 mul              x11, x11, x19       x11=ffffff6f x11:fffffffb x19:0000001d
26801106ns          457344 1c009416 40a75713 srai             x14, x14, 0x40a     x14=00000000 x14:00000349
26801126ns          457345 1c009418 40a5d593 srai             x11, x11, 0x40a     x11=ffffffff x11:ffffff6f
26801146ns          457346 1c00941a 40a65613 srai             x12, x12, 0x40a     x12=00000001 x12:000005f1
26801166ns          457347 1c00941c 40a7d793 srai             x15, x15, 0x40a     x15=ffffffff x15:fffffdde
26801186ns          457348 1c00941e 1c0034b7 lui              x9, 0x1c003000       x9=1c003000
26801206ns          457349 1c009422 00e60633 add              x12, x12, x14       x12=00000001 x12:00000001 x14:00000000
26801225ns          457350 1c009424 40b787b3 sub              x15, x15, x11       x15=00000000 x15:ffffffff x11:ffffffff
26801245ns          457351 1c009426 eb048493 addi             x9, x9, -336         x9=1c002eb0  x9:1c003000
26801265ns          457352 1c00942a 1c0032b7 lui              x5, 0x1c003000       x5=1c003000
26801285ns          457353 1c00942e 1c0035b7 lui              x11, 0x1c003000     x11=1c003000
26801305ns          457354 1c009432 018483b3 add              x7, x9, x24          x7=1c002eb6  x9:1c002eb0 x24:00000006
26801325ns          457355 1c009436 02812e83 lw               x29, 40(x2)         x29=1c002ec6  x2:10001cd8  PA:10001d00
26801345ns          457356 1c009438 10065633 p.exthz          x12, x12, x0        x12=00000001 x12:00000001
26801365ns          457357 1c00943c e8028293 addi             x5, x5, -384         x5=1c002e80  x5:1c003000
26801385ns          457358 1c009440 ea058593 addi             x11, x11, -352      x11=1c002ea0 x11:1c003000
26801424ns          457360 1c009444 03812483 lw               x9, 56(x2)           x9=1c002ee6  x2:10001cd8  PA:10001d10
26801444ns          457361 1c009446 10064733 p.exths          x14, x12, x0        x14=00000001 x12:00000001
26801464ns          457362 1c00944a 018280b3 add              x1, x5, x24          x1=1c002e86  x5:1c002e80 x24:00000006
26801484ns          457363 1c00944e 03012f03 lw               x30, 48(x2)         x30=1c002ed6  x2:10001cd8  PA:10001d08
26801504ns          457364 1c009450 018582b3 add              x5, x11, x24         x5=1c002ea6 x11:1c002ea0 x24:00000006
26801524ns          457365 1c009454 04012583 lw               x11, 64(x2)         x11=1c002ef6  x2:10001cd8  PA:10001d18
26801544ns          457366 1c009456 000edd83 lhu              x27, 0(x29)         x27=00000346 x29:1c002ec6  PA:1c002ec6
26801842ns          457381 1c00945a 0004d483 lhu              x9, 0(x9)            x9=00000083  x9:1c002ee6  PA:1c002ee6
26802140ns          457396 1c00945e 02e70333 mul              x6, x14, x14         x6=00000001 x14:00000001 x14:00000001
26802160ns          457397 1c009462 40a55513 srai             x10, x10, 0x40a     x10=00000000 x10:00000196
26802180ns          457398 1c009464 04812e83 lw               x29, 72(x2)         x29=1c002f06  x2:10001cd8  PA:10001d20
26802200ns          457399 1c009466 40a6d693 srai             x13, x13, 0x40a     x13=00000000 x13:000000c3
26802220ns          457400 1c009468 000f5d03 lhu              x26, 0(x30)         x26=0000011e x30:1c002ed6  PA:1c002ed6
26802657ns          457422 1c00946c 0005d583 lhu              x11, 0(x11)         x11=00000040 x11:1c002ef6  PA:1c002ef6
26803015ns          457440 1c009470 40a35313 srai             x6, x6, 0x40a        x6=00000000  x6:00000001
26803035ns          457441 1c009474 00a686b3 add              x13, x13, x10       x13=00000000 x13:00000000 x10:00000000
26803055ns          457442 1c009476 05012f03 lw               x30, 80(x2)         x30=1c002e76  x2:10001cd8  PA:10001d28
26803075ns          457443 1c009478 10034e33 p.exths          x28, x6, x0         x28=00000000  x6:00000000
26803095ns          457444 1c00947c 06911023 sh               x9, 96(x2)           x9:00000083  x2:10001cd8  PA:10001d38
26803115ns          457445 1c009480 000ede83 lhu              x29, 0(x29)         x29=00000020 x29:1c002f06  PA:1c002f06
26803433ns          457461 1c009484 05812483 lw               x9, 88(x2)           x9=1c002e66  x2:10001cd8  PA:10001d30
26803453ns          457462 1c009486 1006d6b3 p.exthz          x13, x13, x0        x13=00000000 x13:00000000
26803473ns          457463 1c00948a 02ee08b3 mul              x17, x28, x14       x17=00000000 x28:00000000 x14:00000001
26803493ns          457464 1c00948e 1006c833 p.exths          x16, x13, x0        x16=00000000 x13:00000000
26803513ns          457465 1c009492 06b11823 sh               x11, 112(x2)        x11:00000040  x2:10001cd8  PA:10001d48
26803532ns          457466 1c009496 000f5f03 lhu              x30, 0(x30)         x30=0000ffd0 x30:1c002e76  PA:1c002e76
26803871ns          457483 1c00949a 0a012583 lw               x11, 160(x2)        x11=1c002e96  x2:10001cd8  PA:10001d78
26803890ns          457484 1c00949c 1007d7b3 p.exthz          x15, x15, x0        x15=00000000 x15:00000000
26803910ns          457485 1c0094a0 0004da03 lhu              x20, 0(x9)          x20=0000ff33  x9:1c002e66  PA:1c002e66
26804209ns          457500 1c0094a4 1007c533 p.exths          x10, x15, x0        x10=00000000 x15:00000000
26804229ns          457501 1c0094a8 09d11023 sh               x29, 128(x2)        x29:00000020  x2:10001cd8  PA:10001d58
26804248ns          457502 1c0094ac 0003d483 lhu              x9, 0(x7)            x9=0000fff5  x7:1c002eb6  PA:1c002eb6
26804547ns          457517 1c0094b0 02e80eb3 mul              x29, x16, x14       x29=00000000 x16:00000000 x14:00000001
26804567ns          457518 1c0094b4 40a8d893 srai             x17, x17, 0x40a     x17=00000000 x17:00000000
26804586ns          457519 1c0094b8 03c80833 mul              x16, x16, x28       x16=00000000 x16:00000000 x28:00000000
26804606ns          457520 1c0094bc 09e11823 sh               x30, 144(x2)        x30:0000ffd0  x2:10001cd8  PA:10001d68
26804626ns          457521 1c0094c0 0005d983 lhu              x19, 0(x11)         x19=0000ffec x11:1c002e96  PA:1c002e96
26804925ns          457536 1c0094c4 81c88f5b p.muls           x30, x17, x28       x30=00000000 x17:00000000 x28:00000000
26804944ns          457537 1c0094c8 0002d583 lhu              x11, 0(x5)          x11=0000ffd9  x5:1c002ea6  PA:1c002ea6
26805243ns          457552 1c0094cc 03ce0fb3 mul              x31, x28, x28       x31=00000000 x28:00000000 x28:00000000
26805263ns          457553 1c0094d0 02e50733 mul              x14, x10, x14       x14=00000000 x10:00000000 x14:00000001
26805283ns          457554 1c0094d4 40a85813 srai             x16, x16, 0x40a     x16=00000000 x16:00000000
26805302ns          457555 1c0094d8 03c50533 mul              x10, x10, x28       x10=00000000 x10:00000000 x28:00000000
26805322ns          457556 1c0094dc 07015e03 lhu              x28, 112(x2)        x28=00000040  x2:10001cd8  PA:10001d48
26805342ns          457557 1c0094e0 01b60633 add              x12, x12, x27       x12=00000347 x12:00000001 x27:00000346
26805362ns          457558 1c0094e2 00980833 add              x16, x16, x9        x16=0000fff5 x16:00000000  x9:0000fff5
26805382ns          457559 1c0094e4 06015d83 lhu              x27, 96(x2)         x27=00000083  x2:10001cd8  PA:10001d38
26805402ns          457560 1c0094e8 02812483 lw               x9, 40(x2)           x9=1c002ec6  x2:10001cd8  PA:10001d00
26805422ns          457561 1c0094ea 40afdf93 srai             x31, x31, 0x40a     x31=00000000 x31:00000000
26805442ns          457562 1c0094ee 40a55513 srai             x10, x10, 0x40a     x10=00000000 x10:00000000
26805462ns          457563 1c0094f0 01cf8fb3 add              x31, x31, x28       x31=00000040 x31:00000000 x28:00000040
26805481ns          457564 1c0094f2 00b50533 add              x10, x10, x11       x10=0000ffd9 x10:00000000 x11:0000ffd9
26805501ns          457565 1c0094f4 09015e03 lhu              x28, 144(x2)        x28=0000ffd0  x2:10001cd8  PA:10001d68
26805521ns          457566 1c0094f8 03012583 lw               x11, 48(x2)         x11=1c002ed6  x2:10001cd8  PA:10001d08
26805541ns          457567 1c0094fa 00c49023 sh               x12, 0(x9)          x12:00000347  x9:1c002ec6  PA:1c002ec6
26805859ns          457583 1c0094fe 01b888b3 add              x17, x17, x27       x17=00000083 x17:00000000 x27:00000083
26805879ns          457584 1c009500 01a30333 add              x6, x6, x26          x6=0000011e  x6:00000000 x26:0000011e
26805899ns          457585 1c009502 08015d83 lhu              x27, 128(x2)        x27=00000020  x2:10001cd8  PA:10001d58
26805919ns          457586 1c009506 0000d903 lhu              x18, 0(x1)          x18=0000ffaf  x1:1c002e86  PA:1c002e86
26806217ns          457601 1c00950a 01c686b3 add              x13, x13, x28       x13=0000ffd0 x13:00000000 x28:0000ffd0
26806237ns          457602 1c00950c 00659023 sh               x6, 0(x11)           x6:0000011e x11:1c002ed6  PA:1c002ed6
26806615ns          457621 1c009510 40af5f13 srai             x30, x30, 0x40a     x30=00000000 x30:00000000
26806635ns          457622 1c009514 04812e03 lw               x28, 72(x2)         x28=1c002f06  x2:10001cd8  PA:10001d20
26806655ns          457623 1c009516 01bf0f33 add              x30, x30, x27       x30=00000020 x30:00000000 x27:00000020
26806675ns          457624 1c009518 40aede93 srai             x29, x29, 0x40a     x29=00000000 x29:00000000
26806695ns          457625 1c00951c 40a75713 srai             x14, x14, 0x40a     x14=00000000 x14:00000000
26806715ns          457626 1c00951e 03812603 lw               x12, 56(x2)         x12=1c002ee6  x2:10001cd8  PA:10001d10
26806734ns          457627 1c009520 04012d83 lw               x27, 64(x2)         x27=1c002ef6  x2:10001cd8  PA:10001d18
26806754ns          457628 1c009522 01ee1023 sh               x30, 0(x28)         x30:00000020 x28:1c002f06  PA:1c002f06
26807092ns          457645 1c009526 05812483 lw               x9, 88(x2)           x9=1c002e66  x2:10001cd8  PA:10001d30
26807112ns          457646 1c009528 05012f03 lw               x30, 80(x2)         x30=1c002e76  x2:10001cd8  PA:10001d28
26807132ns          457647 1c00952a 0a012583 lw               x11, 160(x2)        x11=1c002e96  x2:10001cd8  PA:10001d78
26807152ns          457648 1c00952c 014787b3 add              x15, x15, x20       x15=0000ff33 x15:00000000 x20:0000ff33
26807172ns          457649 1c00952e 013e8eb3 add              x29, x29, x19       x29=0000ffec x29:00000000 x19:0000ffec
26807192ns          457650 1c009530 01270733 add              x14, x14, x18       x14=0000ffaf x14:00000000 x18:0000ffaf
26807212ns          457651 1c009532 00f49023 sh               x15, 0(x9)          x15:0000ff33  x9:1c002e66  PA:1c002e66
26807530ns          457667 1c009536 01161023 sh               x17, 0(x12)         x17:00000083 x12:1c002ee6  PA:1c002ee6
26807848ns          457683 1c00953a 01fd9023 sh               x31, 0(x27)         x31:00000040 x27:1c002ef6  PA:1c002ef6
26808166ns          457699 1c00953e 00df1023 sh               x13, 0(x30)         x13:0000ffd0 x30:1c002e76  PA:1c002e76
26808485ns          457715 1c009542 01d59023 sh               x29, 0(x11)         x29:0000ffec x11:1c002e96  PA:1c002e96
26808803ns          457731 1c009546 00e09023 sh               x14, 0(x1)          x14:0000ffaf  x1:1c002e86  PA:1c002e86
26809121ns          457747 1c00954a 01039023 sh               x16, 0(x7)          x16:0000fff5  x7:1c002eb6  PA:1c002eb6
26809439ns          457763 1c00954e 00a29023 sh               x10, 0(x5)          x10:0000ffd9  x5:1c002ea6  PA:1c002ea6
26809797ns          457781 1c009552 008b0b13 addi             x22, x22, 8         x22=0000003b x22:00000033
26809817ns          457782 1c009554 1f300793 addi             x15, x0, 499        x15=000001f3
26809837ns          457783 1c009558 e767dae3 bge              x15, x22, -396      x15:000001f3 x22:0000003b
26809936ns          457788 1c0093cc 010c9a0b p.lh             x20, 16(x25!)       x20=fffffe14 x25=1c00270e x25:1c0026fe  PA:1c0026fe
26810294ns          457806 1c0093d0 0104198b p.lh             x19, 16(x8!)        x19=ffffff55  x8=1c001ed6  x8:1c001ec6  PA:1c001ec6
26810593ns          457821 1c0093d4 2cc10513 addi             x10, x2, 716        x10=10001fa4  x2:10001cd8
26810613ns          457822 1c0093d6 010a990b p.lh             x18, 16(x21!)       x18=fffffe08 x21=1c001702 x21:1c0016f2  PA:1c0016f2
26810951ns          457839 1c0093da 010b948b p.lh             x9, 16(x23!)         x9=ffffffa6 x23=1c000f32 x23:1c000f22  PA:1c000f22
26811289ns          457856 1c0093de 2d411623 sh               x20, 716(x2)        x20:fffffe14  x2:10001cd8  PA:10001fa4
26811309ns          457857 1c0093e2 2d311723 sh               x19, 718(x2)        x19:ffffff55  x2:10001cd8  PA:10001fa6
26811329ns          457858 1c0093e6 c33ff0ef jal              x1, -974             x1=1c0093e8
26811408ns          457862 1c009018 00051803 lh               x16, 0(x10)         x16=fffffe14 x10:10001fa4  PA:10001fa4
26811468ns          457865 1c00901c 00251883 lh               x17, 2(x10)         x17=ffffff55 x10:10001fa4  PA:10001fa6
26811508ns          457867 1c009020 030806b3 mul              x13, x16, x16       x13=0003b190 x16:fffffe14 x16:fffffe14
26811547ns          457869 1c009024 03188633 mul              x12, x17, x17       x12=00007239 x17:ffffff55 x17:ffffff55
26811567ns          457870 1c009028 40a65613 srai             x12, x12, 0x40a     x12=0000001c x12:00007239
26811587ns          457871 1c00902a 40a6d693 srai             x13, x13, 0x40a     x13=000000ec x13:0003b190
26811607ns          457872 1c00902c 00c686b3 add              x13, x13, x12       x13=00000108 x13:000000ec x12:0000001c
26811627ns          457873 1c00902e 1006c633 p.exths          x12, x13, x0        x12=00000108 x13:00000108
26811647ns          457874 1c009032 00855703 lhu              x14, 8(x10)         x14=0000ffd1 x10:10001fa4  PA:10001fac
26811667ns          457875 1c009036 00a55683 lhu              x13, 10(x10)        x13=0000ff6a x10:10001fa4  PA:10001fae
26811687ns          457876 1c00903a 02c60333 mul              x6, x12, x12         x6=00011040 x12:00000108 x12:00000108
26811726ns          457878 1c00903e 00c55783 lhu              x15, 12(x10)        x15=0000ffe5 x10:10001fa4  PA:10001fb0
26811766ns          457880 1c009042 00e55583 lhu              x11, 14(x10)        x11=00000060 x10:10001fa4  PA:10001fb2
26811786ns          457881 1c009046 dea30333 p.extract        x6, x6, 15, 10       x6=00000044  x6:00011040
26811806ns          457882 1c00904a 80c7075b p.muls           x14, x14, x12       x14=ffffcf88 x14:0000ffd1 x12:00000108
26811866ns          457885 1c00904e 80c686db p.muls           x13, x13, x12       x13=ffff6550 x13:0000ff6a x12:00000108
26811905ns          457887 1c009052 00455e83 lhu              x29, 4(x10)         x29=00000427 x10:10001fa4  PA:10001fa8
26811925ns          457888 1c009056 00655e03 lhu              x28, 6(x10)         x28=0000007f x10:10001fa4  PA:10001faa
26811945ns          457889 1c00905a 40a75713 srai             x14, x14, 0x40a     x14=fffffff3 x14:ffffcf88
26811965ns          457890 1c00905c 806787db p.muls           x15, x15, x6        x15=fffff8d4 x15:0000ffe5  x6:00000044
26812005ns          457892 1c009060 40a6d693 srai             x13, x13, 0x40a     x13=ffffffd9 x13:ffff6550
26812044ns          457894 1c009062 8065865b p.muls           x12, x11, x6        x12=00001980 x11:00000060  x6:00000044
26812064ns          457895 1c009066 40a7d793 srai             x15, x15, 0x40a     x15=fffffffe x15:fffff8d4
26812084ns          457896 1c009068 40a65613 srai             x12, x12, 0x40a     x12=00000006 x12:00001980
26812104ns          457897 1c00906a 01d70733 add              x14, x14, x29       x14=0000041a x14:fffffff3 x29:00000427
26812124ns          457898 1c00906c 01c686b3 add              x13, x13, x28       x13=00000058 x13:ffffffd9 x28:0000007f
26812144ns          457899 1c00906e 00c686b3 add              x13, x13, x12       x13=0000005e x13:00000058 x12:00000006
26812164ns          457900 1c009070 00f70733 add              x14, x14, x15       x14=00000418 x14:0000041a x15:fffffffe
26812184ns          457901 1c009072 100747b3 p.exths          x15, x14, x0        x15=00000418 x14:00000418
26812204ns          457902 1c009076 1006c733 p.exths          x14, x13, x0        x14=0000005e x13:0000005e
26812223ns          457903 1c00907a 03170633 mul              x12, x14, x17       x12=ffffc136 x14:0000005e x17:ffffff55
26812243ns          457904 1c00907e 030786b3 mul              x13, x15, x16       x13=fff821e0 x15:00000418 x16:fffffe14
26812263ns          457905 1c009082 03070733 mul              x14, x14, x16       x14=ffff4b58 x14:0000005e x16:fffffe14
26812283ns          457906 1c009086 031787b3 mul              x15, x15, x17       x15=fffd43f8 x15:00000418 x17:ffffff55
26812303ns          457907 1c00908a 40a6d693 srai             x13, x13, 0x40a     x13=fffffe08 x13:fff821e0
26812323ns          457908 1c00908c 40a65613 srai             x12, x12, 0x40a     x12=fffffff0 x12:ffffc136
26812343ns          457909 1c00908e 40a7d793 srai             x15, x15, 0x40a     x15=ffffff50 x15:fffd43f8
26812363ns          457910 1c009090 40a75713 srai             x14, x14, 0x40a     x14=ffffffd2 x14:ffff4b58
26812383ns          457911 1c009092 40c686b3 sub              x13, x13, x12       x13=fffffe18 x13:fffffe08 x12:fffffff0
26812402ns          457912 1c009094 00e787b3 add              x15, x15, x14       x15=ffffff22 x15:ffffff50 x14:ffffffd2
26812422ns          457913 1c009096 00d51823 sh               x13, 16(x10)        x13:fffffe18 x10:10001fa4  PA:10001fb4
26812462ns          457915 1c00909a 00f51923 sh               x15, 18(x10)        x15:ffffff22 x10:10001fa4  PA:10001fb6
26812482ns          457916 1c00909e 00008067 jalr             x0, x1, 0            x1:1c0093e8
26812562ns          457920 1c0093e8 2dc15583 lhu              x11, 732(x2)        x11=0000fe18  x2:10001cd8  PA:10001fb4
26812601ns          457922 1c0093ec 2de15783 lhu              x15, 734(x2)        x15=0000ff22  x2:10001cd8  PA:10001fb6
26812621ns          457923 1c0093f0 40b90933 sub              x18, x18, x11       x18=fffefff0 x18:fffffe08 x11:0000fe18
26812641ns          457924 1c0093f4 40f484b3 sub              x9, x9, x15          x9=ffff0084  x9:ffffffa6 x15:0000ff22
26812661ns          457925 1c0093f6 100945b3 p.exths          x11, x18, x0        x11=fffffff0 x18:fffefff0
26812681ns          457926 1c0093fa 1004c7b3 p.exths          x15, x9, x0         x15=00000084  x9:ffff0084
26812701ns          457927 1c0093fe 034586b3 mul              x13, x11, x20       x13=00001ec0 x11:fffffff0 x20:fffffe14
26812721ns          457928 1c009402 03378533 mul              x10, x15, x19       x10=ffffa7d4 x15:00000084 x19:ffffff55
26812741ns          457929 1c009406 034a0633 mul              x12, x20, x20       x12=0003b190 x20:fffffe14 x20:fffffe14
26812760ns          457930 1c00940a 03398733 mul              x14, x19, x19       x14=00007239 x19:ffffff55 x19:ffffff55
26812780ns          457931 1c00940e 034787b3 mul              x15, x15, x20       x15=ffff0250 x15:00000084 x20:fffffe14
26812800ns          457932 1c009412 033585b3 mul              x11, x11, x19       x11=00000ab0 x11:fffffff0 x19:ffffff55
26812820ns          457933 1c009416 40a75713 srai             x14, x14, 0x40a     x14=0000001c x14:00007239
26812840ns          457934 1c009418 40a5d593 srai             x11, x11, 0x40a     x11=00000002 x11:00000ab0
26812860ns          457935 1c00941a 40a65613 srai             x12, x12, 0x40a     x12=000000ec x12:0003b190
26812880ns          457936 1c00941c 40a7d793 srai             x15, x15, 0x40a     x15=ffffffc0 x15:ffff0250
26812900ns          457937 1c00941e 1c0034b7 lui              x9, 0x1c003000       x9=1c003000
26812920ns          457938 1c009422 00e60633 add              x12, x12, x14       x12=00000108 x12:000000ec x14:0000001c
26812939ns          457939 1c009424 40b787b3 sub              x15, x15, x11       x15=ffffffbe x15:ffffffc0 x11:00000002
26812959ns          457940 1c009426 eb048493 addi             x9, x9, -336         x9=1c002eb0  x9:1c003000
26812979ns          457941 1c00942a 1c0032b7 lui              x5, 0x1c003000       x5=1c003000
26812999ns          457942 1c00942e 1c0035b7 lui              x11, 0x1c003000     x11=1c003000
26813019ns          457943 1c009432 018483b3 add              x7, x9, x24          x7=1c002eb6  x9:1c002eb0 x24:00000006
26813039ns          457944 1c009436 02812e83 lw               x29, 40(x2)         x29=1c002ec6  x2:10001cd8  PA:10001d00
26813059ns          457945 1c009438 10065633 p.exthz          x12, x12, x0        x12=00000108 x12:00000108
26813079ns          457946 1c00943c e8028293 addi             x5, x5, -384         x5=1c002e80  x5:1c003000
26813118ns          457948 1c009440 ea058593 addi             x11, x11, -352      x11=1c002ea0 x11:1c003000
26813158ns          457950 1c009444 03812483 lw               x9, 56(x2)           x9=1c002ee6  x2:10001cd8  PA:10001d10
26813178ns          457951 1c009446 10064733 p.exths          x14, x12, x0        x14=00000108 x12:00000108
26813198ns          457952 1c00944a 018280b3 add              x1, x5, x24          x1=1c002e86  x5:1c002e80 x24:00000006
26813218ns          457953 1c00944e 03012f03 lw               x30, 48(x2)         x30=1c002ed6  x2:10001cd8  PA:10001d08
26813238ns          457954 1c009450 018582b3 add              x5, x11, x24         x5=1c002ea6 x11:1c002ea0 x24:00000006
26813258ns          457955 1c009454 04012583 lw               x11, 64(x2)         x11=1c002ef6  x2:10001cd8  PA:10001d18
26813278ns          457956 1c009456 000edd83 lhu              x27, 0(x29)         x27=00000347 x29:1c002ec6  PA:1c002ec6
26813576ns          457971 1c00945a 0004d483 lhu              x9, 0(x9)            x9=00000083  x9:1c002ee6  PA:1c002ee6
26813874ns          457986 1c00945e 02e70333 mul              x6, x14, x14         x6=00011040 x14:00000108 x14:00000108
26813894ns          457987 1c009462 40a55513 srai             x10, x10, 0x40a     x10=ffffffe9 x10:ffffa7d4
26813914ns          457988 1c009464 04812e83 lw               x29, 72(x2)         x29=1c002f06  x2:10001cd8  PA:10001d20
26813934ns          457989 1c009466 40a6d693 srai             x13, x13, 0x40a     x13=00000007 x13:00001ec0
26813954ns          457990 1c009468 000f5d03 lhu              x26, 0(x30)         x26=0000011e x30:1c002ed6  PA:1c002ed6
26814292ns          458007 1c00946c 0005d583 lhu              x11, 0(x11)         x11=00000040 x11:1c002ef6  PA:1c002ef6
26814610ns          458023 1c009470 40a35313 srai             x6, x6, 0x40a        x6=00000044  x6:00011040
26814630ns          458024 1c009474 00a686b3 add              x13, x13, x10       x13=fffffff0 x13:00000007 x10:ffffffe9
26814650ns          458025 1c009476 05012f03 lw               x30, 80(x2)         x30=1c002e76  x2:10001cd8  PA:10001d28
26814670ns          458026 1c009478 10034e33 p.exths          x28, x6, x0         x28=00000044  x6:00000044
26814690ns          458027 1c00947c 06911023 sh               x9, 96(x2)           x9:00000083  x2:10001cd8  PA:10001d38
26814709ns          458028 1c009480 000ede83 lhu              x29, 0(x29)         x29=00000020 x29:1c002f06  PA:1c002f06
26815008ns          458043 1c009484 05812483 lw               x9, 88(x2)           x9=1c002e66  x2:10001cd8  PA:10001d30
26815028ns          458044 1c009486 1006d6b3 p.exthz          x13, x13, x0        x13=0000fff0 x13:fffffff0
26815048ns          458045 1c00948a 02ee08b3 mul              x17, x28, x14       x17=00004620 x28:00000044 x14:00000108
26815067ns          458046 1c00948e 1006c833 p.exths          x16, x13, x0        x16=fffffff0 x13:0000fff0
26815087ns          458047 1c009492 06b11823 sh               x11, 112(x2)        x11:00000040  x2:10001cd8  PA:10001d48
26815107ns          458048 1c009496 000f5f03 lhu              x30, 0(x30)         x30=0000ffd0 x30:1c002e76  PA:1c002e76
26815406ns          458063 1c00949a 0a012583 lw               x11, 160(x2)        x11=1c002e96  x2:10001cd8  PA:10001d78
26815425ns          458064 1c00949c 1007d7b3 p.exthz          x15, x15, x0        x15=0000ffbe x15:ffffffbe
26815445ns          458065 1c0094a0 0004da03 lhu              x20, 0(x9)          x20=0000ff33  x9:1c002e66  PA:1c002e66
26815764ns          458081 1c0094a4 1007c533 p.exths          x10, x15, x0        x10=ffffffbe x15:0000ffbe
26815783ns          458082 1c0094a8 09d11023 sh               x29, 128(x2)        x29:00000020  x2:10001cd8  PA:10001d58
26815803ns          458083 1c0094ac 0003d483 lhu              x9, 0(x7)            x9=0000fff5  x7:1c002eb6  PA:1c002eb6
26816102ns          458098 1c0094b0 02e80eb3 mul              x29, x16, x14       x29=ffffef80 x16:fffffff0 x14:00000108
26816122ns          458099 1c0094b4 40a8d893 srai             x17, x17, 0x40a     x17=00000011 x17:00004620
26816141ns          458100 1c0094b8 03c80833 mul              x16, x16, x28       x16=fffffbc0 x16:fffffff0 x28:00000044
26816161ns          458101 1c0094bc 09e11823 sh               x30, 144(x2)        x30:0000ffd0  x2:10001cd8  PA:10001d68
26816181ns          458102 1c0094c0 0005d983 lhu              x19, 0(x11)         x19=0000ffec x11:1c002e96  PA:1c002e96
26816480ns          458117 1c0094c4 81c88f5b p.muls           x30, x17, x28       x30=00000484 x17:00000011 x28:00000044
26816499ns          458118 1c0094c8 0002d583 lhu              x11, 0(x5)          x11=0000ffd9  x5:1c002ea6  PA:1c002ea6
26816798ns          458133 1c0094cc 03ce0fb3 mul              x31, x28, x28       x31=00001210 x28:00000044 x28:00000044
26816818ns          458134 1c0094d0 02e50733 mul              x14, x10, x14       x14=ffffbbf0 x10:ffffffbe x14:00000108
26816838ns          458135 1c0094d4 40a85813 srai             x16, x16, 0x40a     x16=fffffffe x16:fffffbc0
26816857ns          458136 1c0094d8 03c50533 mul              x10, x10, x28       x10=ffffee78 x10:ffffffbe x28:00000044
26816877ns          458137 1c0094dc 07015e03 lhu              x28, 112(x2)        x28=00000040  x2:10001cd8  PA:10001d48
26816897ns          458138 1c0094e0 01b60633 add              x12, x12, x27       x12=0000044f x12:00000108 x27:00000347
26816917ns          458139 1c0094e2 00980833 add              x16, x16, x9        x16=0000fff3 x16:fffffffe  x9:0000fff5
26816937ns          458140 1c0094e4 06015d83 lhu              x27, 96(x2)         x27=00000083  x2:10001cd8  PA:10001d38
26816957ns          458141 1c0094e8 02812483 lw               x9, 40(x2)           x9=1c002ec6  x2:10001cd8  PA:10001d00
26816977ns          458142 1c0094ea 40afdf93 srai             x31, x31, 0x40a     x31=00000004 x31:00001210
26816997ns          458143 1c0094ee 40a55513 srai             x10, x10, 0x40a     x10=fffffffb x10:ffffee78
26817016ns          458144 1c0094f0 01cf8fb3 add              x31, x31, x28       x31=00000044 x31:00000004 x28:00000040
26817036ns          458145 1c0094f2 00b50533 add              x10, x10, x11       x10=0000ffd4 x10:fffffffb x11:0000ffd9
26817056ns          458146 1c0094f4 09015e03 lhu              x28, 144(x2)        x28=0000ffd0  x2:10001cd8  PA:10001d68
26817076ns          458147 1c0094f8 03012583 lw               x11, 48(x2)         x11=1c002ed6  x2:10001cd8  PA:10001d08
26817096ns          458148 1c0094fa 00c49023 sh               x12, 0(x9)          x12:0000044f  x9:1c002ec6  PA:1c002ec6
26817414ns          458164 1c0094fe 01b888b3 add              x17, x17, x27       x17=00000094 x17:00000011 x27:00000083
26817434ns          458165 1c009500 01a30333 add              x6, x6, x26          x6=00000162  x6:00000044 x26:0000011e
26817454ns          458166 1c009502 08015d83 lhu              x27, 128(x2)        x27=00000020  x2:10001cd8  PA:10001d58
26817474ns          458167 1c009506 0000d903 lhu              x18, 0(x1)          x18=0000ffaf  x1:1c002e86  PA:1c002e86
26817792ns          458183 1c00950a 01c686b3 add              x13, x13, x28       x13=0001ffc0 x13:0000fff0 x28:0000ffd0
26817812ns          458184 1c00950c 00659023 sh               x6, 0(x11)           x6:00000162 x11:1c002ed6  PA:1c002ed6
26818130ns          458200 1c009510 40af5f13 srai             x30, x30, 0x40a     x30=00000001 x30:00000484
26818150ns          458201 1c009514 04812e03 lw               x28, 72(x2)         x28=1c002f06  x2:10001cd8  PA:10001d20
26818170ns          458202 1c009516 01bf0f33 add              x30, x30, x27       x30=00000021 x30:00000001 x27:00000020
26818190ns          458203 1c009518 40aede93 srai             x29, x29, 0x40a     x29=fffffffb x29:ffffef80
26818210ns          458204 1c00951c 40a75713 srai             x14, x14, 0x40a     x14=ffffffee x14:ffffbbf0
26818230ns          458205 1c00951e 03812603 lw               x12, 56(x2)         x12=1c002ee6  x2:10001cd8  PA:10001d10
26818250ns          458206 1c009520 04012d83 lw               x27, 64(x2)         x27=1c002ef6  x2:10001cd8  PA:10001d18
26818269ns          458207 1c009522 01ee1023 sh               x30, 0(x28)         x30:00000021 x28:1c002f06  PA:1c002f06
26818608ns          458224 1c009526 05812483 lw               x9, 88(x2)           x9=1c002e66  x2:10001cd8  PA:10001d30
26818627ns          458225 1c009528 05012f03 lw               x30, 80(x2)         x30=1c002e76  x2:10001cd8  PA:10001d28
26818647ns          458226 1c00952a 0a012583 lw               x11, 160(x2)        x11=1c002e96  x2:10001cd8  PA:10001d78
26818667ns          458227 1c00952c 014787b3 add              x15, x15, x20       x15=0001fef1 x15:0000ffbe x20:0000ff33
26818687ns          458228 1c00952e 013e8eb3 add              x29, x29, x19       x29=0000ffe7 x29:fffffffb x19:0000ffec
26818707ns          458229 1c009530 01270733 add              x14, x14, x18       x14=0000ff9d x14:ffffffee x18:0000ffaf
26818727ns          458230 1c009532 00f49023 sh               x15, 0(x9)          x15:0001fef1  x9:1c002e66  PA:1c002e66
26819045ns          458246 1c009536 01161023 sh               x17, 0(x12)         x17:00000094 x12:1c002ee6  PA:1c002ee6
26819383ns          458263 1c00953a 01fd9023 sh               x31, 0(x27)         x31:00000044 x27:1c002ef6  PA:1c002ef6
26819781ns          458283 1c00953e 00df1023 sh               x13, 0(x30)         x13:0001ffc0 x30:1c002e76  PA:1c002e76
26820099ns          458299 1c009542 01d59023 sh               x29, 0(x11)         x29:0000ffe7 x11:1c002e96  PA:1c002e96
26820417ns          458315 1c009546 00e09023 sh               x14, 0(x1)          x14:0000ff9d  x1:1c002e86  PA:1c002e86
26820736ns          458331 1c00954a 01039023 sh               x16, 0(x7)          x16:0000fff3  x7:1c002eb6  PA:1c002eb6
26821054ns          458347 1c00954e 00a29023 sh               x10, 0(x5)          x10:0000ffd4  x5:1c002ea6  PA:1c002ea6
26821372ns          458363 1c009552 008b0b13 addi             x22, x22, 8         x22=00000043 x22:0000003b
26821392ns          458364 1c009554 1f300793 addi             x15, x0, 499        x15=000001f3
26821412ns          458365 1c009558 e767dae3 bge              x15, x22, -396      x15:000001f3 x22:00000043
26821511ns          458370 1c0093cc 010c9a0b p.lh             x20, 16(x25!)       x20=0000022d x25=1c00271e x25:1c00270e  PA:1c00270e
26821889ns          458389 1c0093d0 0104198b p.lh             x19, 16(x8!)        x19=fffffeb5  x8=1c001ee6  x8:1c001ed6  PA:1c001ed6
26822207ns          458405 1c0093d4 2cc10513 addi             x10, x2, 716        x10=10001fa4  x2:10001cd8
26822227ns          458406 1c0093d6 010a990b p.lh             x18, 16(x21!)       x18=000001e2 x21=1c001712 x21:1c001702  PA:1c001702
26822525ns          458421 1c0093da 010b948b p.lh             x9, 16(x23!)         x9=fffffe65 x23=1c000f42 x23:1c000f32  PA:1c000f32
26822844ns          458437 1c0093de 2d411623 sh               x20, 716(x2)        x20:0000022d  x2:10001cd8  PA:10001fa4
26822864ns          458438 1c0093e2 2d311723 sh               x19, 718(x2)        x19:fffffeb5  x2:10001cd8  PA:10001fa6
26822883ns          458439 1c0093e6 c33ff0ef jal              x1, -974             x1=1c0093e8
26822923ns          458441 1c009018 00051803 lh               x16, 0(x10)         x16=0000022d x10:10001fa4  PA:10001fa4
26822943ns          458442 1c00901c 00251883 lh               x17, 2(x10)         x17=fffffeb5 x10:10001fa4  PA:10001fa6
26822963ns          458443 1c009020 030806b3 mul              x13, x16, x16       x13=0004bbe9 x16:0000022d x16:0000022d
26822983ns          458444 1c009024 03188633 mul              x12, x17, x17       x12=0001abf9 x17:fffffeb5 x17:fffffeb5
26823003ns          458445 1c009028 40a65613 srai             x12, x12, 0x40a     x12=0000006a x12:0001abf9
26823023ns          458446 1c00902a 40a6d693 srai             x13, x13, 0x40a     x13=0000012e x13:0004bbe9
26823043ns          458447 1c00902c 00c686b3 add              x13, x13, x12       x13=00000198 x13:0000012e x12:0000006a
26823062ns          458448 1c00902e 1006c633 p.exths          x12, x13, x0        x12=00000198 x13:00000198
26823082ns          458449 1c009032 00855703 lhu              x14, 8(x10)         x14=0000ffd1 x10:10001fa4  PA:10001fac
26823102ns          458450 1c009036 00a55683 lhu              x13, 10(x10)        x13=0000ff6a x10:10001fa4  PA:10001fae
26823122ns          458451 1c00903a 02c60333 mul              x6, x12, x12         x6=00028a40 x12:00000198 x12:00000198
26823162ns          458453 1c00903e 00c55783 lhu              x15, 12(x10)        x15=0000ffe5 x10:10001fa4  PA:10001fb0
26823202ns          458455 1c009042 00e55583 lhu              x11, 14(x10)        x11=00000060 x10:10001fa4  PA:10001fb2
26823222ns          458456 1c009046 dea30333 p.extract        x6, x6, 15, 10       x6=000000a2  x6:00028a40
26823241ns          458457 1c00904a 80c7075b p.muls           x14, x14, x12       x14=ffffb518 x14:0000ffd1 x12:00000198
26823261ns          458458 1c00904e 80c686db p.muls           x13, x13, x12       x13=ffff10f0 x13:0000ff6a x12:00000198
26823281ns          458459 1c009052 00455e83 lhu              x29, 4(x10)         x29=00000427 x10:10001fa4  PA:10001fa8
26823301ns          458460 1c009056 00655e03 lhu              x28, 6(x10)         x28=0000007f x10:10001fa4  PA:10001faa
26823321ns          458461 1c00905a 40a75713 srai             x14, x14, 0x40a     x14=ffffffed x14:ffffb518
26823341ns          458462 1c00905c 806787db p.muls           x15, x15, x6        x15=ffffeeea x15:0000ffe5  x6:000000a2
26823361ns          458463 1c009060 40a6d693 srai             x13, x13, 0x40a     x13=ffffffc4 x13:ffff10f0
26823381ns          458464 1c009062 8065865b p.muls           x12, x11, x6        x12=00003cc0 x11:00000060  x6:000000a2
26823401ns          458465 1c009066 40a7d793 srai             x15, x15, 0x40a     x15=fffffffb x15:ffffeeea
26823420ns          458466 1c009068 40a65613 srai             x12, x12, 0x40a     x12=0000000f x12:00003cc0
26823440ns          458467 1c00906a 01d70733 add              x14, x14, x29       x14=00000414 x14:ffffffed x29:00000427
26823460ns          458468 1c00906c 01c686b3 add              x13, x13, x28       x13=00000043 x13:ffffffc4 x28:0000007f
26823480ns          458469 1c00906e 00c686b3 add              x13, x13, x12       x13=00000052 x13:00000043 x12:0000000f
26823500ns          458470 1c009070 00f70733 add              x14, x14, x15       x14=0000040f x14:00000414 x15:fffffffb
26823520ns          458471 1c009072 100747b3 p.exths          x15, x14, x0        x15=0000040f x14:0000040f
26823540ns          458472 1c009076 1006c733 p.exths          x14, x13, x0        x14=00000052 x13:00000052
26823560ns          458473 1c00907a 03170633 mul              x12, x14, x17       x12=ffff95fa x14:00000052 x17:fffffeb5
26823580ns          458474 1c00907e 030786b3 mul              x13, x15, x16       x13=0008d4a3 x15:0000040f x16:0000022d
26823599ns          458475 1c009082 03070733 mul              x14, x14, x16       x14=0000b26a x14:00000052 x16:0000022d
26823619ns          458476 1c009086 031787b3 mul              x15, x15, x17       x15=fffac09b x15:0000040f x17:fffffeb5
26823639ns          458477 1c00908a 40a6d693 srai             x13, x13, 0x40a     x13=00000235 x13:0008d4a3
26823659ns          458478 1c00908c 40a65613 srai             x12, x12, 0x40a     x12=ffffffe5 x12:ffff95fa
26823679ns          458479 1c00908e 40a7d793 srai             x15, x15, 0x40a     x15=fffffeb0 x15:fffac09b
26823699ns          458480 1c009090 40a75713 srai             x14, x14, 0x40a     x14=0000002c x14:0000b26a
26823719ns          458481 1c009092 40c686b3 sub              x13, x13, x12       x13=00000250 x13:00000235 x12:ffffffe5
26823739ns          458482 1c009094 00e787b3 add              x15, x15, x14       x15=fffffedc x15:fffffeb0 x14:0000002c
26823759ns          458483 1c009096 00d51823 sh               x13, 16(x10)        x13:00000250 x10:10001fa4  PA:10001fb4
26823778ns          458484 1c00909a 00f51923 sh               x15, 18(x10)        x15:fffffedc x10:10001fa4  PA:10001fb6
26823798ns          458485 1c00909e 00008067 jalr             x0, x1, 0            x1:1c0093e8
26823858ns          458488 1c0093e8 2dc15583 lhu              x11, 732(x2)        x11=00000250  x2:10001cd8  PA:10001fb4
26823878ns          458489 1c0093ec 2de15783 lhu              x15, 734(x2)        x15=0000fedc  x2:10001cd8  PA:10001fb6
26823898ns          458490 1c0093f0 40b90933 sub              x18, x18, x11       x18=ffffff92 x18:000001e2 x11:00000250
26823918ns          458491 1c0093f4 40f484b3 sub              x9, x9, x15          x9=fffeff89  x9:fffffe65 x15:0000fedc
26823938ns          458492 1c0093f6 100945b3 p.exths          x11, x18, x0        x11=ffffff92 x18:ffffff92
26823957ns          458493 1c0093fa 1004c7b3 p.exths          x15, x9, x0         x15=ffffff89  x9:fffeff89
26823977ns          458494 1c0093fe 034586b3 mul              x13, x11, x20       x13=ffff10aa x11:ffffff92 x20:0000022d
26823997ns          458495 1c009402 03378533 mul              x10, x15, x19       x10=000099dd x15:ffffff89 x19:fffffeb5
26824017ns          458496 1c009406 034a0633 mul              x12, x20, x20       x12=0004bbe9 x20:0000022d x20:0000022d
26824037ns          458497 1c00940a 03398733 mul              x14, x19, x19       x14=0001abf9 x19:fffffeb5 x19:fffffeb5
26824097ns          458500 1c00940e 034787b3 mul              x15, x15, x20       x15=fffefd15 x15:ffffff89 x20:0000022d
26824136ns          458502 1c009412 033585b3 mul              x11, x11, x19       x11=00008e3a x11:ffffff92 x19:fffffeb5
26824156ns          458503 1c009416 40a75713 srai             x14, x14, 0x40a     x14=0000006a x14:0001abf9
26824176ns          458504 1c009418 40a5d593 srai             x11, x11, 0x40a     x11=00000023 x11:00008e3a
26824196ns          458505 1c00941a 40a65613 srai             x12, x12, 0x40a     x12=0000012e x12:0004bbe9
26824216ns          458506 1c00941c 40a7d793 srai             x15, x15, 0x40a     x15=ffffffbf x15:fffefd15
26824236ns          458507 1c00941e 1c0034b7 lui              x9, 0x1c003000       x9=1c003000
26824256ns          458508 1c009422 00e60633 add              x12, x12, x14       x12=00000198 x12:0000012e x14:0000006a
26824276ns          458509 1c009424 40b787b3 sub              x15, x15, x11       x15=ffffff9c x15:ffffffbf x11:00000023
26824296ns          458510 1c009426 eb048493 addi             x9, x9, -336         x9=1c002eb0  x9:1c003000
26824315ns          458511 1c00942a 1c0032b7 lui              x5, 0x1c003000       x5=1c003000
26824335ns          458512 1c00942e 1c0035b7 lui              x11, 0x1c003000     x11=1c003000
26824355ns          458513 1c009432 018483b3 add              x7, x9, x24          x7=1c002eb6  x9:1c002eb0 x24:00000006
26824375ns          458514 1c009436 02812e83 lw               x29, 40(x2)         x29=1c002ec6  x2:10001cd8  PA:10001d00
26824395ns          458515 1c009438 10065633 p.exthz          x12, x12, x0        x12=00000198 x12:00000198
26824415ns          458516 1c00943c e8028293 addi             x5, x5, -384         x5=1c002e80  x5:1c003000
26824435ns          458517 1c009440 ea058593 addi             x11, x11, -352      x11=1c002ea0 x11:1c003000
26824455ns          458518 1c009444 03812483 lw               x9, 56(x2)           x9=1c002ee6  x2:10001cd8  PA:10001d10
26824474ns          458519 1c009446 10064733 p.exths          x14, x12, x0        x14=00000198 x12:00000198
26824494ns          458520 1c00944a 018280b3 add              x1, x5, x24          x1=1c002e86  x5:1c002e80 x24:00000006
26824514ns          458521 1c00944e 03012f03 lw               x30, 48(x2)         x30=1c002ed6  x2:10001cd8  PA:10001d08
26824534ns          458522 1c009450 018582b3 add              x5, x11, x24         x5=1c002ea6 x11:1c002ea0 x24:00000006
26824574ns          458524 1c009454 04012583 lw               x11, 64(x2)         x11=1c002ef6  x2:10001cd8  PA:10001d18
26824594ns          458525 1c009456 000edd83 lhu              x27, 0(x29)         x27=0000044f x29:1c002ec6  PA:1c002ec6
26824912ns          458541 1c00945a 0004d483 lhu              x9, 0(x9)            x9=00000094  x9:1c002ee6  PA:1c002ee6
26825210ns          458556 1c00945e 02e70333 mul              x6, x14, x14         x6=00028a40 x14:00000198 x14:00000198
26825230ns          458557 1c009462 40a55513 srai             x10, x10, 0x40a     x10=00000026 x10:000099dd
26825250ns          458558 1c009464 04812e83 lw               x29, 72(x2)         x29=1c002f06  x2:10001cd8  PA:10001d20
26825270ns          458559 1c009466 40a6d693 srai             x13, x13, 0x40a     x13=ffffffc4 x13:ffff10aa
26825290ns          458560 1c009468 000f5d03 lhu              x26, 0(x30)         x26=00000162 x30:1c002ed6  PA:1c002ed6
26825708ns          458581 1c00946c 0005d583 lhu              x11, 0(x11)         x11=00000044 x11:1c002ef6  PA:1c002ef6
26826026ns          458597 1c009470 40a35313 srai             x6, x6, 0x40a        x6=000000a2  x6:00028a40
26826046ns          458598 1c009474 00a686b3 add              x13, x13, x10       x13=ffffffea x13:ffffffc4 x10:00000026
26826066ns          458599 1c009476 05012f03 lw               x30, 80(x2)         x30=1c002e76  x2:10001cd8  PA:10001d28
26826085ns          458600 1c009478 10034e33 p.exths          x28, x6, x0         x28=000000a2  x6:000000a2
26826105ns          458601 1c00947c 06911023 sh               x9, 96(x2)           x9:00000094  x2:10001cd8  PA:10001d38
26826125ns          458602 1c009480 000ede83 lhu              x29, 0(x29)         x29=00000021 x29:1c002f06  PA:1c002f06
26826503ns          458621 1c009484 05812483 lw               x9, 88(x2)           x9=1c002e66  x2:10001cd8  PA:10001d30
26826523ns          458622 1c009486 1006d6b3 p.exthz          x13, x13, x0        x13=0000ffea x13:ffffffea
26826543ns          458623 1c00948a 02ee08b3 mul              x17, x28, x14       x17=00010230 x28:000000a2 x14:00000198
26826563ns          458624 1c00948e 1006c833 p.exths          x16, x13, x0        x16=ffffffea x13:0000ffea
26826583ns          458625 1c009492 06b11823 sh               x11, 112(x2)        x11:00000044  x2:10001cd8  PA:10001d48
26826603ns          458626 1c009496 000f5f03 lhu              x30, 0(x30)         x30=0000ffc0 x30:1c002e76  PA:1c002e76
26826901ns          458641 1c00949a 0a012583 lw               x11, 160(x2)        x11=1c002e96  x2:10001cd8  PA:10001d78
26826921ns          458642 1c00949c 1007d7b3 p.exthz          x15, x15, x0        x15=0000ff9c x15:ffffff9c
26826941ns          458643 1c0094a0 0004da03 lhu              x20, 0(x9)          x20=0000fef1  x9:1c002e66  PA:1c002e66
26827259ns          458659 1c0094a4 1007c533 p.exths          x10, x15, x0        x10=ffffff9c x15:0000ff9c
26827279ns          458660 1c0094a8 09d11023 sh               x29, 128(x2)        x29:00000021  x2:10001cd8  PA:10001d58
26827299ns          458661 1c0094ac 0003d483 lhu              x9, 0(x7)            x9=0000fff3  x7:1c002eb6  PA:1c002eb6
26827637ns          458678 1c0094b0 02e80eb3 mul              x29, x16, x14       x29=ffffdcf0 x16:ffffffea x14:00000198
26827657ns          458679 1c0094b4 40a8d893 srai             x17, x17, 0x40a     x17=00000040 x17:00010230
26827676ns          458680 1c0094b8 03c80833 mul              x16, x16, x28       x16=fffff214 x16:ffffffea x28:000000a2
26827696ns          458681 1c0094bc 09e11823 sh               x30, 144(x2)        x30:0000ffc0  x2:10001cd8  PA:10001d68
26827716ns          458682 1c0094c0 0005d983 lhu              x19, 0(x11)         x19=0000ffe7 x11:1c002e96  PA:1c002e96
26828034ns          458698 1c0094c4 81c88f5b p.muls           x30, x17, x28       x30=00002880 x17:00000040 x28:000000a2
26828054ns          458699 1c0094c8 0002d583 lhu              x11, 0(x5)          x11=0000ffd4  x5:1c002ea6  PA:1c002ea6
26828392ns          458716 1c0094cc 03ce0fb3 mul              x31, x28, x28       x31=00006684 x28:000000a2 x28:000000a2
26828412ns          458717 1c0094d0 02e50733 mul              x14, x10, x14       x14=ffff60a0 x10:ffffff9c x14:00000198
26828432ns          458718 1c0094d4 40a85813 srai             x16, x16, 0x40a     x16=fffffffc x16:fffff214
26828452ns          458719 1c0094d8 03c50533 mul              x10, x10, x28       x10=ffffc0b8 x10:ffffff9c x28:000000a2
26828472ns          458720 1c0094dc 07015e03 lhu              x28, 112(x2)        x28=00000044  x2:10001cd8  PA:10001d48
26828512ns          458722 1c0094e0 01b60633 add              x12, x12, x27       x12=000005e7 x12:00000198 x27:0000044f
26828532ns          458723 1c0094e2 00980833 add              x16, x16, x9        x16=0000ffef x16:fffffffc  x9:0000fff3
26828552ns          458724 1c0094e4 06015d83 lhu              x27, 96(x2)         x27=00000094  x2:10001cd8  PA:10001d38
26828571ns          458725 1c0094e8 02812483 lw               x9, 40(x2)           x9=1c002ec6  x2:10001cd8  PA:10001d00
26828591ns          458726 1c0094ea 40afdf93 srai             x31, x31, 0x40a     x31=00000019 x31:00006684
26828611ns          458727 1c0094ee 40a55513 srai             x10, x10, 0x40a     x10=fffffff0 x10:ffffc0b8
26828631ns          458728 1c0094f0 01cf8fb3 add              x31, x31, x28       x31=0000005d x31:00000019 x28:00000044
26828651ns          458729 1c0094f2 00b50533 add              x10, x10, x11       x10=0000ffc4 x10:fffffff0 x11:0000ffd4
26828671ns          458730 1c0094f4 09015e03 lhu              x28, 144(x2)        x28=0000ffc0  x2:10001cd8  PA:10001d68
26828691ns          458731 1c0094f8 03012583 lw               x11, 48(x2)         x11=1c002ed6  x2:10001cd8  PA:10001d08
26828711ns          458732 1c0094fa 00c49023 sh               x12, 0(x9)          x12:000005e7  x9:1c002ec6  PA:1c002ec6
26829029ns          458748 1c0094fe 01b888b3 add              x17, x17, x27       x17=000000d4 x17:00000040 x27:00000094
26829049ns          458749 1c009500 01a30333 add              x6, x6, x26          x6=00000204  x6:000000a2 x26:00000162
26829069ns          458750 1c009502 08015d83 lhu              x27, 128(x2)        x27=00000021  x2:10001cd8  PA:10001d58
26829089ns          458751 1c009506 0000d903 lhu              x18, 0(x1)          x18=0000ff9d  x1:1c002e86  PA:1c002e86
26829427ns          458768 1c00950a 01c686b3 add              x13, x13, x28       x13=0001ffaa x13:0000ffea x28:0000ffc0
26829446ns          458769 1c00950c 00659023 sh               x6, 0(x11)           x6:00000204 x11:1c002ed6  PA:1c002ed6
26829765ns          458785 1c009510 40af5f13 srai             x30, x30, 0x40a     x30=0000000a x30:00002880
26829785ns          458786 1c009514 04812e03 lw               x28, 72(x2)         x28=1c002f06  x2:10001cd8  PA:10001d20
26829804ns          458787 1c009516 01bf0f33 add              x30, x30, x27       x30=0000002b x30:0000000a x27:00000021
26829824ns          458788 1c009518 40aede93 srai             x29, x29, 0x40a     x29=fffffff7 x29:ffffdcf0
26829844ns          458789 1c00951c 40a75713 srai             x14, x14, 0x40a     x14=ffffffd8 x14:ffff60a0
26829864ns          458790 1c00951e 03812603 lw               x12, 56(x2)         x12=1c002ee6  x2:10001cd8  PA:10001d10
26829884ns          458791 1c009520 04012d83 lw               x27, 64(x2)         x27=1c002ef6  x2:10001cd8  PA:10001d18
26829904ns          458792 1c009522 01ee1023 sh               x30, 0(x28)         x30:0000002b x28:1c002f06  PA:1c002f06
26830242ns          458809 1c009526 05812483 lw               x9, 88(x2)           x9=1c002e66  x2:10001cd8  PA:10001d30
26830262ns          458810 1c009528 05012f03 lw               x30, 80(x2)         x30=1c002e76  x2:10001cd8  PA:10001d28
26830282ns          458811 1c00952a 0a012583 lw               x11, 160(x2)        x11=1c002e96  x2:10001cd8  PA:10001d78
26830302ns          458812 1c00952c 014787b3 add              x15, x15, x20       x15=0001fe8d x15:0000ff9c x20:0000fef1
26830322ns          458813 1c00952e 013e8eb3 add              x29, x29, x19       x29=0000ffde x29:fffffff7 x19:0000ffe7
26830341ns          458814 1c009530 01270733 add              x14, x14, x18       x14=0000ff75 x14:ffffffd8 x18:0000ff9d
26830361ns          458815 1c009532 00f49023 sh               x15, 0(x9)          x15:0001fe8d  x9:1c002e66  PA:1c002e66
26830699ns          458832 1c009536 01161023 sh               x17, 0(x12)         x17:000000d4 x12:1c002ee6  PA:1c002ee6
26831018ns          458848 1c00953a 01fd9023 sh               x31, 0(x27)         x31:0000005d x27:1c002ef6  PA:1c002ef6
26831336ns          458864 1c00953e 00df1023 sh               x13, 0(x30)         x13:0001ffaa x30:1c002e76  PA:1c002e76
26831654ns          458880 1c009542 01d59023 sh               x29, 0(x11)         x29:0000ffde x11:1c002e96  PA:1c002e96
26831972ns          458896 1c009546 00e09023 sh               x14, 0(x1)          x14:0000ff75  x1:1c002e86  PA:1c002e86
26832290ns          458912 1c00954a 01039023 sh               x16, 0(x7)          x16:0000ffef  x7:1c002eb6  PA:1c002eb6
26832629ns          458929 1c00954e 00a29023 sh               x10, 0(x5)          x10:0000ffc4  x5:1c002ea6  PA:1c002ea6
26832947ns          458945 1c009552 008b0b13 addi             x22, x22, 8         x22=0000004b x22:00000043
26832967ns          458946 1c009554 1f300793 addi             x15, x0, 499        x15=000001f3
26832987ns          458947 1c009558 e767dae3 bge              x15, x22, -396      x15:000001f3 x22:0000004b
26833046ns          458950 1c0093cc 010c9a0b p.lh             x20, 16(x25!)       x20=ffffff34 x25=1c00272e x25:1c00271e  PA:1c00271e
26833345ns          458965 1c0093d0 0104198b p.lh             x19, 16(x8!)        x19=ffffffb0  x8=1c001ef6  x8:1c001ee6  PA:1c001ee6
26833643ns          458980 1c0093d4 2cc10513 addi             x10, x2, 716        x10=10001fa4  x2:10001cd8
26833663ns          458981 1c0093d6 010a990b p.lh             x18, 16(x21!)       x18=ffffff32 x21=1c001722 x21:1c001712  PA:1c001712
26834001ns          458998 1c0093da 010b948b p.lh             x9, 16(x23!)         x9=ffffffb0 x23=1c000f52 x23:1c000f42  PA:1c000f42
26834319ns          459014 1c0093de 2d411623 sh               x20, 716(x2)        x20:ffffff34  x2:10001cd8  PA:10001fa4
26834359ns          459016 1c0093e2 2d311723 sh               x19, 718(x2)        x19:ffffffb0  x2:10001cd8  PA:10001fa6
26834379ns          459017 1c0093e6 c33ff0ef jal              x1, -974             x1=1c0093e8
26834418ns          459019 1c009018 00051803 lh               x16, 0(x10)         x16=ffffff34 x10:10001fa4  PA:10001fa4
26834438ns          459020 1c00901c 00251883 lh               x17, 2(x10)         x17=ffffffb0 x10:10001fa4  PA:10001fa6
26834478ns          459022 1c009020 030806b3 mul              x13, x16, x16       x13=0000a290 x16:ffffff34 x16:ffffff34
26834498ns          459023 1c009024 03188633 mul              x12, x17, x17       x12=00001900 x17:ffffffb0 x17:ffffffb0
26834518ns          459024 1c009028 40a65613 srai             x12, x12, 0x40a     x12=00000006 x12:00001900
26834538ns          459025 1c00902a 40a6d693 srai             x13, x13, 0x40a     x13=00000028 x13:0000a290
26834558ns          459026 1c00902c 00c686b3 add              x13, x13, x12       x13=0000002e x13:00000028 x12:00000006
26834578ns          459027 1c00902e 1006c633 p.exths          x12, x13, x0        x12=0000002e x13:0000002e
26834597ns          459028 1c009032 00855703 lhu              x14, 8(x10)         x14=0000ffd1 x10:10001fa4  PA:10001fac
26834617ns          459029 1c009036 00a55683 lhu              x13, 10(x10)        x13=0000ff6a x10:10001fa4  PA:10001fae
26834637ns          459030 1c00903a 02c60333 mul              x6, x12, x12         x6=00000844 x12:0000002e x12:0000002e
26834657ns          459031 1c00903e 00c55783 lhu              x15, 12(x10)        x15=0000ffe5 x10:10001fa4  PA:10001fb0
26834677ns          459032 1c009042 00e55583 lhu              x11, 14(x10)        x11=00000060 x10:10001fa4  PA:10001fb2
26834697ns          459033 1c009046 dea30333 p.extract        x6, x6, 15, 10       x6=00000002  x6:00000844
26834717ns          459034 1c00904a 80c7075b p.muls           x14, x14, x12       x14=fffff78e x14:0000ffd1 x12:0000002e
26834737ns          459035 1c00904e 80c686db p.muls           x13, x13, x12       x13=ffffe50c x13:0000ff6a x12:0000002e
26834757ns          459036 1c009052 00455e83 lhu              x29, 4(x10)         x29=00000427 x10:10001fa4  PA:10001fa8
26834776ns          459037 1c009056 00655e03 lhu              x28, 6(x10)         x28=0000007f x10:10001fa4  PA:10001faa
26834796ns          459038 1c00905a 40a75713 srai             x14, x14, 0x40a     x14=fffffffd x14:fffff78e
26834816ns          459039 1c00905c 806787db p.muls           x15, x15, x6        x15=ffffffca x15:0000ffe5  x6:00000002
26834836ns          459040 1c009060 40a6d693 srai             x13, x13, 0x40a     x13=fffffff9 x13:ffffe50c
26834856ns          459041 1c009062 8065865b p.muls           x12, x11, x6        x12=000000c0 x11:00000060  x6:00000002
26834876ns          459042 1c009066 40a7d793 srai             x15, x15, 0x40a     x15=ffffffff x15:ffffffca
26834896ns          459043 1c009068 40a65613 srai             x12, x12, 0x40a     x12=00000000 x12:000000c0
26834916ns          459044 1c00906a 01d70733 add              x14, x14, x29       x14=00000424 x14:fffffffd x29:00000427
26834936ns          459045 1c00906c 01c686b3 add              x13, x13, x28       x13=00000078 x13:fffffff9 x28:0000007f
26834955ns          459046 1c00906e 00c686b3 add              x13, x13, x12       x13=00000078 x13:00000078 x12:00000000
26834975ns          459047 1c009070 00f70733 add              x14, x14, x15       x14=00000423 x14:00000424 x15:ffffffff
26834995ns          459048 1c009072 100747b3 p.exths          x15, x14, x0        x15=00000423 x14:00000423
26835015ns          459049 1c009076 1006c733 p.exths          x14, x13, x0        x14=00000078 x13:00000078
26835035ns          459050 1c00907a 03170633 mul              x12, x14, x17       x12=ffffda80 x14:00000078 x17:ffffffb0
26835055ns          459051 1c00907e 030786b3 mul              x13, x15, x16       x13=fffcb41c x15:00000423 x16:ffffff34
26835075ns          459052 1c009082 03070733 mul              x14, x14, x16       x14=ffffa060 x14:00000078 x16:ffffff34
26835095ns          459053 1c009086 031787b3 mul              x15, x15, x17       x15=fffeb510 x15:00000423 x17:ffffffb0
26835115ns          459054 1c00908a 40a6d693 srai             x13, x13, 0x40a     x13=ffffff2d x13:fffcb41c
26835134ns          459055 1c00908c 40a65613 srai             x12, x12, 0x40a     x12=fffffff6 x12:ffffda80
26835154ns          459056 1c00908e 40a7d793 srai             x15, x15, 0x40a     x15=ffffffad x15:fffeb510
26835174ns          459057 1c009090 40a75713 srai             x14, x14, 0x40a     x14=ffffffe8 x14:ffffa060
26835194ns          459058 1c009092 40c686b3 sub              x13, x13, x12       x13=ffffff37 x13:ffffff2d x12:fffffff6
26835214ns          459059 1c009094 00e787b3 add              x15, x15, x14       x15=ffffff95 x15:ffffffad x14:ffffffe8
26835234ns          459060 1c009096 00d51823 sh               x13, 16(x10)        x13:ffffff37 x10:10001fa4  PA:10001fb4
26835274ns          459062 1c00909a 00f51923 sh               x15, 18(x10)        x15:ffffff95 x10:10001fa4  PA:10001fb6
26835294ns          459063 1c00909e 00008067 jalr             x0, x1, 0            x1:1c0093e8
26835333ns          459065 1c0093e8 2dc15583 lhu              x11, 732(x2)        x11=0000ff37  x2:10001cd8  PA:10001fb4
26835353ns          459066 1c0093ec 2de15783 lhu              x15, 734(x2)        x15=0000ff95  x2:10001cd8  PA:10001fb6
26835373ns          459067 1c0093f0 40b90933 sub              x18, x18, x11       x18=fffefffb x18:ffffff32 x11:0000ff37
26835393ns          459068 1c0093f4 40f484b3 sub              x9, x9, x15          x9=ffff001b  x9:ffffffb0 x15:0000ff95
26835413ns          459069 1c0093f6 100945b3 p.exths          x11, x18, x0        x11=fffffffb x18:fffefffb
26835433ns          459070 1c0093fa 1004c7b3 p.exths          x15, x9, x0         x15=0000001b  x9:ffff001b
26835453ns          459071 1c0093fe 034586b3 mul              x13, x11, x20       x13=000003fc x11:fffffffb x20:ffffff34
26835473ns          459072 1c009402 03378533 mul              x10, x15, x19       x10=fffff790 x15:0000001b x19:ffffffb0
26835492ns          459073 1c009406 034a0633 mul              x12, x20, x20       x12=0000a290 x20:ffffff34 x20:ffffff34
26835512ns          459074 1c00940a 03398733 mul              x14, x19, x19       x14=00001900 x19:ffffffb0 x19:ffffffb0
26835532ns          459075 1c00940e 034787b3 mul              x15, x15, x20       x15=ffffea7c x15:0000001b x20:ffffff34
26835552ns          459076 1c009412 033585b3 mul              x11, x11, x19       x11=00000190 x11:fffffffb x19:ffffffb0
26835572ns          459077 1c009416 40a75713 srai             x14, x14, 0x40a     x14=00000006 x14:00001900
26835592ns          459078 1c009418 40a5d593 srai             x11, x11, 0x40a     x11=00000000 x11:00000190
26835612ns          459079 1c00941a 40a65613 srai             x12, x12, 0x40a     x12=00000028 x12:0000a290
26835632ns          459080 1c00941c 40a7d793 srai             x15, x15, 0x40a     x15=fffffffa x15:ffffea7c
26835652ns          459081 1c00941e 1c0034b7 lui              x9, 0x1c003000       x9=1c003000
26835671ns          459082 1c009422 00e60633 add              x12, x12, x14       x12=0000002e x12:00000028 x14:00000006
26835691ns          459083 1c009424 40b787b3 sub              x15, x15, x11       x15=fffffffa x15:fffffffa x11:00000000
26835711ns          459084 1c009426 eb048493 addi             x9, x9, -336         x9=1c002eb0  x9:1c003000
26835731ns          459085 1c00942a 1c0032b7 lui              x5, 0x1c003000       x5=1c003000
26835751ns          459086 1c00942e 1c0035b7 lui              x11, 0x1c003000     x11=1c003000
26835771ns          459087 1c009432 018483b3 add              x7, x9, x24          x7=1c002eb6  x9:1c002eb0 x24:00000006
26835791ns          459088 1c009436 02812e83 lw               x29, 40(x2)         x29=1c002ec6  x2:10001cd8  PA:10001d00
26835811ns          459089 1c009438 10065633 p.exthz          x12, x12, x0        x12=0000002e x12:0000002e
26835831ns          459090 1c00943c e8028293 addi             x5, x5, -384         x5=1c002e80  x5:1c003000
26835850ns          459091 1c009440 ea058593 addi             x11, x11, -352      x11=1c002ea0 x11:1c003000
26835890ns          459093 1c009444 03812483 lw               x9, 56(x2)           x9=1c002ee6  x2:10001cd8  PA:10001d10
26835910ns          459094 1c009446 10064733 p.exths          x14, x12, x0        x14=0000002e x12:0000002e
26835930ns          459095 1c00944a 018280b3 add              x1, x5, x24          x1=1c002e86  x5:1c002e80 x24:00000006
26835950ns          459096 1c00944e 03012f03 lw               x30, 48(x2)         x30=1c002ed6  x2:10001cd8  PA:10001d08
26835970ns          459097 1c009450 018582b3 add              x5, x11, x24         x5=1c002ea6 x11:1c002ea0 x24:00000006
26835990ns          459098 1c009454 04012583 lw               x11, 64(x2)         x11=1c002ef6  x2:10001cd8  PA:10001d18
26836010ns          459099 1c009456 000edd83 lhu              x27, 0(x29)         x27=000005e7 x29:1c002ec6  PA:1c002ec6
26836308ns          459114 1c00945a 0004d483 lhu              x9, 0(x9)            x9=000000d4  x9:1c002ee6  PA:1c002ee6
26836606ns          459129 1c00945e 02e70333 mul              x6, x14, x14         x6=00000844 x14:0000002e x14:0000002e
26836626ns          459130 1c009462 40a55513 srai             x10, x10, 0x40a     x10=fffffffd x10:fffff790
26836646ns          459131 1c009464 04812e83 lw               x29, 72(x2)         x29=1c002f06  x2:10001cd8  PA:10001d20
26836666ns          459132 1c009466 40a6d693 srai             x13, x13, 0x40a     x13=00000000 x13:000003fc
26836686ns          459133 1c009468 000f5d03 lhu              x26, 0(x30)         x26=00000204 x30:1c002ed6  PA:1c002ed6
26836984ns          459148 1c00946c 0005d583 lhu              x11, 0(x11)         x11=0000005d x11:1c002ef6  PA:1c002ef6
26837322ns          459165 1c009470 40a35313 srai             x6, x6, 0x40a        x6=00000002  x6:00000844
26837342ns          459166 1c009474 00a686b3 add              x13, x13, x10       x13=fffffffd x13:00000000 x10:fffffffd
26837362ns          459167 1c009476 05012f03 lw               x30, 80(x2)         x30=1c002e76  x2:10001cd8  PA:10001d28
26837382ns          459168 1c009478 10034e33 p.exths          x28, x6, x0         x28=00000002  x6:00000002
26837402ns          459169 1c00947c 06911023 sh               x9, 96(x2)           x9:000000d4  x2:10001cd8  PA:10001d38
26837422ns          459170 1c009480 000ede83 lhu              x29, 0(x29)         x29=0000002b x29:1c002f06  PA:1c002f06
26837760ns          459187 1c009484 05812483 lw               x9, 88(x2)           x9=1c002e66  x2:10001cd8  PA:10001d30
26837780ns          459188 1c009486 1006d6b3 p.exthz          x13, x13, x0        x13=0000fffd x13:fffffffd
26837799ns          459189 1c00948a 02ee08b3 mul              x17, x28, x14       x17=0000005c x28:00000002 x14:0000002e
26837819ns          459190 1c00948e 1006c833 p.exths          x16, x13, x0        x16=fffffffd x13:0000fffd
26837839ns          459191 1c009492 06b11823 sh               x11, 112(x2)        x11:0000005d  x2:10001cd8  PA:10001d48
26837859ns          459192 1c009496 000f5f03 lhu              x30, 0(x30)         x30=0000ffaa x30:1c002e76  PA:1c002e76
26838257ns          459212 1c00949a 0a012583 lw               x11, 160(x2)        x11=1c002e96  x2:10001cd8  PA:10001d78
26838277ns          459213 1c00949c 1007d7b3 p.exthz          x15, x15, x0        x15=0000fffa x15:fffffffa
26838297ns          459214 1c0094a0 0004da03 lhu              x20, 0(x9)          x20=0000fe8d  x9:1c002e66  PA:1c002e66
26838595ns          459229 1c0094a4 1007c533 p.exths          x10, x15, x0        x10=fffffffa x15:0000fffa
26838615ns          459230 1c0094a8 09d11023 sh               x29, 128(x2)        x29:0000002b  x2:10001cd8  PA:10001d58
26838635ns          459231 1c0094ac 0003d483 lhu              x9, 0(x7)            x9=0000ffef  x7:1c002eb6  PA:1c002eb6
26839013ns          459250 1c0094b0 02e80eb3 mul              x29, x16, x14       x29=ffffff76 x16:fffffffd x14:0000002e
26839033ns          459251 1c0094b4 40a8d893 srai             x17, x17, 0x40a     x17=00000000 x17:0000005c
26839052ns          459252 1c0094b8 03c80833 mul              x16, x16, x28       x16=fffffffa x16:fffffffd x28:00000002
26839072ns          459253 1c0094bc 09e11823 sh               x30, 144(x2)        x30:0000ffaa  x2:10001cd8  PA:10001d68
26839092ns          459254 1c0094c0 0005d983 lhu              x19, 0(x11)         x19=0000ffde x11:1c002e96  PA:1c002e96
26839410ns          459270 1c0094c4 81c88f5b p.muls           x30, x17, x28       x30=00000000 x17:00000000 x28:00000002
26839430ns          459271 1c0094c8 0002d583 lhu              x11, 0(x5)          x11=0000ffc4  x5:1c002ea6  PA:1c002ea6
26839808ns          459290 1c0094cc 03ce0fb3 mul              x31, x28, x28       x31=00000004 x28:00000002 x28:00000002
26839828ns          459291 1c0094d0 02e50733 mul              x14, x10, x14       x14=fffffeec x10:fffffffa x14:0000002e
26839848ns          459292 1c0094d4 40a85813 srai             x16, x16, 0x40a     x16=ffffffff x16:fffffffa
26839868ns          459293 1c0094d8 03c50533 mul              x10, x10, x28       x10=fffffff4 x10:fffffffa x28:00000002
26839888ns          459294 1c0094dc 07015e03 lhu              x28, 112(x2)        x28=0000005d  x2:10001cd8  PA:10001d48
26839908ns          459295 1c0094e0 01b60633 add              x12, x12, x27       x12=00000615 x12:0000002e x27:000005e7
26839927ns          459296 1c0094e2 00980833 add              x16, x16, x9        x16=0000ffee x16:ffffffff  x9:0000ffef
26839947ns          459297 1c0094e4 06015d83 lhu              x27, 96(x2)         x27=000000d4  x2:10001cd8  PA:10001d38
26839967ns          459298 1c0094e8 02812483 lw               x9, 40(x2)           x9=1c002ec6  x2:10001cd8  PA:10001d00
26839987ns          459299 1c0094ea 40afdf93 srai             x31, x31, 0x40a     x31=00000000 x31:00000004
26840007ns          459300 1c0094ee 40a55513 srai             x10, x10, 0x40a     x10=ffffffff x10:fffffff4
26840027ns          459301 1c0094f0 01cf8fb3 add              x31, x31, x28       x31=0000005d x31:00000000 x28:0000005d
26840047ns          459302 1c0094f2 00b50533 add              x10, x10, x11       x10=0000ffc3 x10:ffffffff x11:0000ffc4
26840067ns          459303 1c0094f4 09015e03 lhu              x28, 144(x2)        x28=0000ffaa  x2:10001cd8  PA:10001d68
26840087ns          459304 1c0094f8 03012583 lw               x11, 48(x2)         x11=1c002ed6  x2:10001cd8  PA:10001d08
26840106ns          459305 1c0094fa 00c49023 sh               x12, 0(x9)          x12:00000615  x9:1c002ec6  PA:1c002ec6
26840445ns          459322 1c0094fe 01b888b3 add              x17, x17, x27       x17=000000d4 x17:00000000 x27:000000d4
26840464ns          459323 1c009500 01a30333 add              x6, x6, x26          x6=00000206  x6:00000002 x26:00000204
26840484ns          459324 1c009502 08015d83 lhu              x27, 128(x2)        x27=0000002b  x2:10001cd8  PA:10001d58
26840504ns          459325 1c009506 0000d903 lhu              x18, 0(x1)          x18=0000ff75  x1:1c002e86  PA:1c002e86
26840822ns          459341 1c00950a 01c686b3 add              x13, x13, x28       x13=0001ffa7 x13:0000fffd x28:0000ffaa
26840842ns          459342 1c00950c 00659023 sh               x6, 0(x11)           x6:00000206 x11:1c002ed6  PA:1c002ed6
26841161ns          459358 1c009510 40af5f13 srai             x30, x30, 0x40a     x30=00000000 x30:00000000
26841180ns          459359 1c009514 04812e03 lw               x28, 72(x2)         x28=1c002f06  x2:10001cd8  PA:10001d20
26841200ns          459360 1c009516 01bf0f33 add              x30, x30, x27       x30=0000002b x30:00000000 x27:0000002b
26841220ns          459361 1c009518 40aede93 srai             x29, x29, 0x40a     x29=ffffffff x29:ffffff76
26841240ns          459362 1c00951c 40a75713 srai             x14, x14, 0x40a     x14=ffffffff x14:fffffeec
26841260ns          459363 1c00951e 03812603 lw               x12, 56(x2)         x12=1c002ee6  x2:10001cd8  PA:10001d10
26841280ns          459364 1c009520 04012d83 lw               x27, 64(x2)         x27=1c002ef6  x2:10001cd8  PA:10001d18
26841300ns          459365 1c009522 01ee1023 sh               x30, 0(x28)         x30:0000002b x28:1c002f06  PA:1c002f06
26841618ns          459381 1c009526 05812483 lw               x9, 88(x2)           x9=1c002e66  x2:10001cd8  PA:10001d30
26841638ns          459382 1c009528 05012f03 lw               x30, 80(x2)         x30=1c002e76  x2:10001cd8  PA:10001d28
26841658ns          459383 1c00952a 0a012583 lw               x11, 160(x2)        x11=1c002e96  x2:10001cd8  PA:10001d78
26841678ns          459384 1c00952c 014787b3 add              x15, x15, x20       x15=0001fe87 x15:0000fffa x20:0000fe8d
26841698ns          459385 1c00952e 013e8eb3 add              x29, x29, x19       x29=0000ffdd x29:ffffffff x19:0000ffde
26841717ns          459386 1c009530 01270733 add              x14, x14, x18       x14=0000ff74 x14:ffffffff x18:0000ff75
26841737ns          459387 1c009532 00f49023 sh               x15, 0(x9)          x15:0001fe87  x9:1c002e66  PA:1c002e66
26842095ns          459405 1c009536 01161023 sh               x17, 0(x12)         x17:000000d4 x12:1c002ee6  PA:1c002ee6
26842413ns          459421 1c00953a 01fd9023 sh               x31, 0(x27)         x31:0000005d x27:1c002ef6  PA:1c002ef6
26842732ns          459437 1c00953e 00df1023 sh               x13, 0(x30)         x13:0001ffa7 x30:1c002e76  PA:1c002e76
26843050ns          459453 1c009542 01d59023 sh               x29, 0(x11)         x29:0000ffdd x11:1c002e96  PA:1c002e96
26843388ns          459470 1c009546 00e09023 sh               x14, 0(x1)          x14:0000ff74  x1:1c002e86  PA:1c002e86
26843706ns          459486 1c00954a 01039023 sh               x16, 0(x7)          x16:0000ffee  x7:1c002eb6  PA:1c002eb6
26844024ns          459502 1c00954e 00a29023 sh               x10, 0(x5)          x10:0000ffc3  x5:1c002ea6  PA:1c002ea6
26844343ns          459518 1c009552 008b0b13 addi             x22, x22, 8         x22=00000053 x22:0000004b
26844362ns          459519 1c009554 1f300793 addi             x15, x0, 499        x15=000001f3
26844382ns          459520 1c009558 e767dae3 bge              x15, x22, -396      x15:000001f3 x22:00000053
26844522ns          459527 1c0093cc 010c9a0b p.lh             x20, 16(x25!)       x20=fffffffd x25=1c00273e x25:1c00272e  PA:1c00272e
26844840ns          459543 1c0093d0 0104198b p.lh             x19, 16(x8!)        x19=fffffed4  x8=1c001f06  x8:1c001ef6  PA:1c001ef6
26845158ns          459559 1c0093d4 2cc10513 addi             x10, x2, 716        x10=10001fa4  x2:10001cd8
26845178ns          459560 1c0093d6 010a990b p.lh             x18, 16(x21!)       x18=ffffffeb x21=1c001732 x21:1c001722  PA:1c001722
26845476ns          459575 1c0093da 010b948b p.lh             x9, 16(x23!)         x9=fffffeca x23=1c000f62 x23:1c000f52  PA:1c000f52
26845775ns          459590 1c0093de 2d411623 sh               x20, 716(x2)        x20:fffffffd  x2:10001cd8  PA:10001fa4
26845794ns          459591 1c0093e2 2d311723 sh               x19, 718(x2)        x19:fffffed4  x2:10001cd8  PA:10001fa6
26845814ns          459592 1c0093e6 c33ff0ef jal              x1, -974             x1=1c0093e8
26845854ns          459594 1c009018 00051803 lh               x16, 0(x10)         x16=fffffffd x10:10001fa4  PA:10001fa4
26845894ns          459596 1c00901c 00251883 lh               x17, 2(x10)         x17=fffffed4 x10:10001fa4  PA:10001fa6
26845934ns          459598 1c009020 030806b3 mul              x13, x16, x16       x13=00000009 x16:fffffffd x16:fffffffd
26845973ns          459600 1c009024 03188633 mul              x12, x17, x17       x12=00015f90 x17:fffffed4 x17:fffffed4
26845993ns          459601 1c009028 40a65613 srai             x12, x12, 0x40a     x12=00000057 x12:00015f90
26846013ns          459602 1c00902a 40a6d693 srai             x13, x13, 0x40a     x13=00000000 x13:00000009
26846033ns          459603 1c00902c 00c686b3 add              x13, x13, x12       x13=00000057 x13:00000000 x12:00000057
26846053ns          459604 1c00902e 1006c633 p.exths          x12, x13, x0        x12=00000057 x13:00000057
26846073ns          459605 1c009032 00855703 lhu              x14, 8(x10)         x14=0000ffd1 x10:10001fa4  PA:10001fac
26846093ns          459606 1c009036 00a55683 lhu              x13, 10(x10)        x13=0000ff6a x10:10001fa4  PA:10001fae
26846113ns          459607 1c00903a 02c60333 mul              x6, x12, x12         x6=00001d91 x12:00000057 x12:00000057
26846152ns          459609 1c00903e 00c55783 lhu              x15, 12(x10)        x15=0000ffe5 x10:10001fa4  PA:10001fb0
26846192ns          459611 1c009042 00e55583 lhu              x11, 14(x10)        x11=00000060 x10:10001fa4  PA:10001fb2
26846212ns          459612 1c009046 dea30333 p.extract        x6, x6, 15, 10       x6=00000007  x6:00001d91
26846232ns          459613 1c00904a 80c7075b p.muls           x14, x14, x12       x14=fffff007 x14:0000ffd1 x12:00000057
26846292ns          459616 1c00904e 80c686db p.muls           x13, x13, x12       x13=ffffcd06 x13:0000ff6a x12:00000057
26846331ns          459618 1c009052 00455e83 lhu              x29, 4(x10)         x29=00000427 x10:10001fa4  PA:10001fa8
26846351ns          459619 1c009056 00655e03 lhu              x28, 6(x10)         x28=0000007f x10:10001fa4  PA:10001faa
26846371ns          459620 1c00905a 40a75713 srai             x14, x14, 0x40a     x14=fffffffc x14:fffff007
26846391ns          459621 1c00905c 806787db p.muls           x15, x15, x6        x15=ffffff43 x15:0000ffe5  x6:00000007
26846411ns          459622 1c009060 40a6d693 srai             x13, x13, 0x40a     x13=fffffff3 x13:ffffcd06
26846431ns          459623 1c009062 8065865b p.muls           x12, x11, x6        x12=000002a0 x11:00000060  x6:00000007
26846451ns          459624 1c009066 40a7d793 srai             x15, x15, 0x40a     x15=ffffffff x15:ffffff43
26846471ns          459625 1c009068 40a65613 srai             x12, x12, 0x40a     x12=00000000 x12:000002a0
26846491ns          459626 1c00906a 01d70733 add              x14, x14, x29       x14=00000423 x14:fffffffc x29:00000427
26846510ns          459627 1c00906c 01c686b3 add              x13, x13, x28       x13=00000072 x13:fffffff3 x28:0000007f
26846530ns          459628 1c00906e 00c686b3 add              x13, x13, x12       x13=00000072 x13:00000072 x12:00000000
26846550ns          459629 1c009070 00f70733 add              x14, x14, x15       x14=00000422 x14:00000423 x15:ffffffff
26846570ns          459630 1c009072 100747b3 p.exths          x15, x14, x0        x15=00000422 x14:00000422
26846590ns          459631 1c009076 1006c733 p.exths          x14, x13, x0        x14=00000072 x13:00000072
26846610ns          459632 1c00907a 03170633 mul              x12, x14, x17       x12=ffff7a68 x14:00000072 x17:fffffed4
26846630ns          459633 1c00907e 030786b3 mul              x13, x15, x16       x13=fffff39a x15:00000422 x16:fffffffd
26846650ns          459634 1c009082 03070733 mul              x14, x14, x16       x14=fffffeaa x14:00000072 x16:fffffffd
26846670ns          459635 1c009086 031787b3 mul              x15, x15, x17       x15=fffb2828 x15:00000422 x17:fffffed4
26846689ns          459636 1c00908a 40a6d693 srai             x13, x13, 0x40a     x13=fffffffc x13:fffff39a
26846709ns          459637 1c00908c 40a65613 srai             x12, x12, 0x40a     x12=ffffffde x12:ffff7a68
26846729ns          459638 1c00908e 40a7d793 srai             x15, x15, 0x40a     x15=fffffeca x15:fffb2828
26846749ns          459639 1c009090 40a75713 srai             x14, x14, 0x40a     x14=ffffffff x14:fffffeaa
26846769ns          459640 1c009092 40c686b3 sub              x13, x13, x12       x13=0000001e x13:fffffffc x12:ffffffde
26846789ns          459641 1c009094 00e787b3 add              x15, x15, x14       x15=fffffec9 x15:fffffeca x14:ffffffff
26846809ns          459642 1c009096 00d51823 sh               x13, 16(x10)        x13:0000001e x10:10001fa4  PA:10001fb4
26846848ns          459644 1c00909a 00f51923 sh               x15, 18(x10)        x15:fffffec9 x10:10001fa4  PA:10001fb6
26846868ns          459645 1c00909e 00008067 jalr             x0, x1, 0            x1:1c0093e8
26846908ns          459647 1c0093e8 2dc15583 lhu              x11, 732(x2)        x11=0000001e  x2:10001cd8  PA:10001fb4
26846928ns          459648 1c0093ec 2de15783 lhu              x15, 734(x2)        x15=0000fec9  x2:10001cd8  PA:10001fb6
26846948ns          459649 1c0093f0 40b90933 sub              x18, x18, x11       x18=ffffffcd x18:ffffffeb x11:0000001e
26846968ns          459650 1c0093f4 40f484b3 sub              x9, x9, x15          x9=ffff0001  x9:fffffeca x15:0000fec9
26846988ns          459651 1c0093f6 100945b3 p.exths          x11, x18, x0        x11=ffffffcd x18:ffffffcd
26847008ns          459652 1c0093fa 1004c7b3 p.exths          x15, x9, x0         x15=00000001  x9:ffff0001
26847027ns          459653 1c0093fe 034586b3 mul              x13, x11, x20       x13=00000099 x11:ffffffcd x20:fffffffd
26847047ns          459654 1c009402 03378533 mul              x10, x15, x19       x10=fffffed4 x15:00000001 x19:fffffed4
26847067ns          459655 1c009406 034a0633 mul              x12, x20, x20       x12=00000009 x20:fffffffd x20:fffffffd
26847087ns          459656 1c00940a 03398733 mul              x14, x19, x19       x14=00015f90 x19:fffffed4 x19:fffffed4
26847147ns          459659 1c00940e 034787b3 mul              x15, x15, x20       x15=fffffffd x15:00000001 x20:fffffffd
26847187ns          459661 1c009412 033585b3 mul              x11, x11, x19       x11=00003bc4 x11:ffffffcd x19:fffffed4
26847206ns          459662 1c009416 40a75713 srai             x14, x14, 0x40a     x14=00000057 x14:00015f90
26847226ns          459663 1c009418 40a5d593 srai             x11, x11, 0x40a     x11=0000000e x11:00003bc4
26847246ns          459664 1c00941a 40a65613 srai             x12, x12, 0x40a     x12=00000000 x12:00000009
26847266ns          459665 1c00941c 40a7d793 srai             x15, x15, 0x40a     x15=ffffffff x15:fffffffd
26847286ns          459666 1c00941e 1c0034b7 lui              x9, 0x1c003000       x9=1c003000
26847306ns          459667 1c009422 00e60633 add              x12, x12, x14       x12=00000057 x12:00000000 x14:00000057
26847326ns          459668 1c009424 40b787b3 sub              x15, x15, x11       x15=fffffff1 x15:ffffffff x11:0000000e
26847346ns          459669 1c009426 eb048493 addi             x9, x9, -336         x9=1c002eb0  x9:1c003000
26847366ns          459670 1c00942a 1c0032b7 lui              x5, 0x1c003000       x5=1c003000
26847385ns          459671 1c00942e 1c0035b7 lui              x11, 0x1c003000     x11=1c003000
26847405ns          459672 1c009432 018483b3 add              x7, x9, x24          x7=1c002eb6  x9:1c002eb0 x24:00000006
26847425ns          459673 1c009436 02812e83 lw               x29, 40(x2)         x29=1c002ec6  x2:10001cd8  PA:10001d00
26847445ns          459674 1c009438 10065633 p.exthz          x12, x12, x0        x12=00000057 x12:00000057
26847465ns          459675 1c00943c e8028293 addi             x5, x5, -384         x5=1c002e80  x5:1c003000
26847505ns          459677 1c009440 ea058593 addi             x11, x11, -352      x11=1c002ea0 x11:1c003000
26847545ns          459679 1c009444 03812483 lw               x9, 56(x2)           x9=1c002ee6  x2:10001cd8  PA:10001d10
26847564ns          459680 1c009446 10064733 p.exths          x14, x12, x0        x14=00000057 x12:00000057
26847584ns          459681 1c00944a 018280b3 add              x1, x5, x24          x1=1c002e86  x5:1c002e80 x24:00000006
26847604ns          459682 1c00944e 03012f03 lw               x30, 48(x2)         x30=1c002ed6  x2:10001cd8  PA:10001d08
26847644ns          459684 1c009450 018582b3 add              x5, x11, x24         x5=1c002ea6 x11:1c002ea0 x24:00000006
26847684ns          459686 1c009454 04012583 lw               x11, 64(x2)         x11=1c002ef6  x2:10001cd8  PA:10001d18
26847704ns          459687 1c009456 000edd83 lhu              x27, 0(x29)         x27=00000615 x29:1c002ec6  PA:1c002ec6
26848002ns          459702 1c00945a 0004d483 lhu              x9, 0(x9)            x9=000000d4  x9:1c002ee6  PA:1c002ee6
26848300ns          459717 1c00945e 02e70333 mul              x6, x14, x14         x6=00001d91 x14:00000057 x14:00000057
26848320ns          459718 1c009462 40a55513 srai             x10, x10, 0x40a     x10=ffffffff x10:fffffed4
26848340ns          459719 1c009464 04812e83 lw               x29, 72(x2)         x29=1c002f06  x2:10001cd8  PA:10001d20
26848360ns          459720 1c009466 40a6d693 srai             x13, x13, 0x40a     x13=00000000 x13:00000099
26848380ns          459721 1c009468 000f5d03 lhu              x26, 0(x30)         x26=00000206 x30:1c002ed6  PA:1c002ed6
26848698ns          459737 1c00946c 0005d583 lhu              x11, 0(x11)         x11=0000005d x11:1c002ef6  PA:1c002ef6
26848996ns          459752 1c009470 40a35313 srai             x6, x6, 0x40a        x6=00000007  x6:00001d91
26849016ns          459753 1c009474 00a686b3 add              x13, x13, x10       x13=ffffffff x13:00000000 x10:ffffffff
26849036ns          459754 1c009476 05012f03 lw               x30, 80(x2)         x30=1c002e76  x2:10001cd8  PA:10001d28
26849056ns          459755 1c009478 10034e33 p.exths          x28, x6, x0         x28=00000007  x6:00000007
26849076ns          459756 1c00947c 06911023 sh               x9, 96(x2)           x9:000000d4  x2:10001cd8  PA:10001d38
26849096ns          459757 1c009480 000ede83 lhu              x29, 0(x29)         x29=0000002b x29:1c002f06  PA:1c002f06
26849394ns          459772 1c009484 05812483 lw               x9, 88(x2)           x9=1c002e66  x2:10001cd8  PA:10001d30
26849414ns          459773 1c009486 1006d6b3 p.exthz          x13, x13, x0        x13=0000ffff x13:ffffffff
26849434ns          459774 1c00948a 02ee08b3 mul              x17, x28, x14       x17=00000261 x28:00000007 x14:00000057
26849454ns          459775 1c00948e 1006c833 p.exths          x16, x13, x0        x16=ffffffff x13:0000ffff
26849474ns          459776 1c009492 06b11823 sh               x11, 112(x2)        x11:0000005d  x2:10001cd8  PA:10001d48
26849494ns          459777 1c009496 000f5f03 lhu              x30, 0(x30)         x30=0000ffa7 x30:1c002e76  PA:1c002e76
26849792ns          459792 1c00949a 0a012583 lw               x11, 160(x2)        x11=1c002e96  x2:10001cd8  PA:10001d78
26849812ns          459793 1c00949c 1007d7b3 p.exthz          x15, x15, x0        x15=0000fff1 x15:fffffff1
26849832ns          459794 1c0094a0 0004da03 lhu              x20, 0(x9)          x20=0000fe87  x9:1c002e66  PA:1c002e66
26850150ns          459810 1c0094a4 1007c533 p.exths          x10, x15, x0        x10=fffffff1 x15:0000fff1
26850170ns          459811 1c0094a8 09d11023 sh               x29, 128(x2)        x29:0000002b  x2:10001cd8  PA:10001d58
26850190ns          459812 1c0094ac 0003d483 lhu              x9, 0(x7)            x9=0000ffee  x7:1c002eb6  PA:1c002eb6
26850508ns          459828 1c0094b0 02e80eb3 mul              x29, x16, x14       x29=ffffffa9 x16:ffffffff x14:00000057
26850528ns          459829 1c0094b4 40a8d893 srai             x17, x17, 0x40a     x17=00000000 x17:00000261
26850548ns          459830 1c0094b8 03c80833 mul              x16, x16, x28       x16=fffffff9 x16:ffffffff x28:00000007
26850568ns          459831 1c0094bc 09e11823 sh               x30, 144(x2)        x30:0000ffa7  x2:10001cd8  PA:10001d68
26850587ns          459832 1c0094c0 0005d983 lhu              x19, 0(x11)         x19=0000ffdd x11:1c002e96  PA:1c002e96
26850926ns          459849 1c0094c4 81c88f5b p.muls           x30, x17, x28       x30=00000000 x17:00000000 x28:00000007
26850945ns          459850 1c0094c8 0002d583 lhu              x11, 0(x5)          x11=0000ffc3  x5:1c002ea6  PA:1c002ea6
26851264ns          459866 1c0094cc 03ce0fb3 mul              x31, x28, x28       x31=00000031 x28:00000007 x28:00000007
26851284ns          459867 1c0094d0 02e50733 mul              x14, x10, x14       x14=fffffae7 x10:fffffff1 x14:00000057
26851303ns          459868 1c0094d4 40a85813 srai             x16, x16, 0x40a     x16=ffffffff x16:fffffff9
26851323ns          459869 1c0094d8 03c50533 mul              x10, x10, x28       x10=ffffff97 x10:fffffff1 x28:00000007
26851343ns          459870 1c0094dc 07015e03 lhu              x28, 112(x2)        x28=0000005d  x2:10001cd8  PA:10001d48
26851363ns          459871 1c0094e0 01b60633 add              x12, x12, x27       x12=0000066c x12:00000057 x27:00000615
26851383ns          459872 1c0094e2 00980833 add              x16, x16, x9        x16=0000ffed x16:ffffffff  x9:0000ffee
26851403ns          459873 1c0094e4 06015d83 lhu              x27, 96(x2)         x27=000000d4  x2:10001cd8  PA:10001d38
26851423ns          459874 1c0094e8 02812483 lw               x9, 40(x2)           x9=1c002ec6  x2:10001cd8  PA:10001d00
26851443ns          459875 1c0094ea 40afdf93 srai             x31, x31, 0x40a     x31=00000000 x31:00000031
26851463ns          459876 1c0094ee 40a55513 srai             x10, x10, 0x40a     x10=ffffffff x10:ffffff97
26851482ns          459877 1c0094f0 01cf8fb3 add              x31, x31, x28       x31=0000005d x31:00000000 x28:0000005d
26851502ns          459878 1c0094f2 00b50533 add              x10, x10, x11       x10=0000ffc2 x10:ffffffff x11:0000ffc3
26851522ns          459879 1c0094f4 09015e03 lhu              x28, 144(x2)        x28=0000ffa7  x2:10001cd8  PA:10001d68
26851542ns          459880 1c0094f8 03012583 lw               x11, 48(x2)         x11=1c002ed6  x2:10001cd8  PA:10001d08
26851562ns          459881 1c0094fa 00c49023 sh               x12, 0(x9)          x12:0000066c  x9:1c002ec6  PA:1c002ec6
26851880ns          459897 1c0094fe 01b888b3 add              x17, x17, x27       x17=000000d4 x17:00000000 x27:000000d4
26851900ns          459898 1c009500 01a30333 add              x6, x6, x26          x6=0000020d  x6:00000007 x26:00000206
26851920ns          459899 1c009502 08015d83 lhu              x27, 128(x2)        x27=0000002b  x2:10001cd8  PA:10001d58
26851940ns          459900 1c009506 0000d903 lhu              x18, 0(x1)          x18=0000ff74  x1:1c002e86  PA:1c002e86
26852238ns          459915 1c00950a 01c686b3 add              x13, x13, x28       x13=0001ffa6 x13:0000ffff x28:0000ffa7
26852258ns          459916 1c00950c 00659023 sh               x6, 0(x11)           x6:0000020d x11:1c002ed6  PA:1c002ed6
26852636ns          459935 1c009510 40af5f13 srai             x30, x30, 0x40a     x30=00000000 x30:00000000
26852656ns          459936 1c009514 04812e03 lw               x28, 72(x2)         x28=1c002f06  x2:10001cd8  PA:10001d20
26852676ns          459937 1c009516 01bf0f33 add              x30, x30, x27       x30=0000002b x30:00000000 x27:0000002b
26852696ns          459938 1c009518 40aede93 srai             x29, x29, 0x40a     x29=ffffffff x29:ffffffa9
26852715ns          459939 1c00951c 40a75713 srai             x14, x14, 0x40a     x14=fffffffe x14:fffffae7
26852735ns          459940 1c00951e 03812603 lw               x12, 56(x2)         x12=1c002ee6  x2:10001cd8  PA:10001d10
26852755ns          459941 1c009520 04012d83 lw               x27, 64(x2)         x27=1c002ef6  x2:10001cd8  PA:10001d18
26852775ns          459942 1c009522 01ee1023 sh               x30, 0(x28)         x30:0000002b x28:1c002f06  PA:1c002f06
26853093ns          459958 1c009526 05812483 lw               x9, 88(x2)           x9=1c002e66  x2:10001cd8  PA:10001d30
26853113ns          459959 1c009528 05012f03 lw               x30, 80(x2)         x30=1c002e76  x2:10001cd8  PA:10001d28
26853133ns          459960 1c00952a 0a012583 lw               x11, 160(x2)        x11=1c002e96  x2:10001cd8  PA:10001d78
26853153ns          459961 1c00952c 014787b3 add              x15, x15, x20       x15=0001fe78 x15:0000fff1 x20:0000fe87
26853173ns          459962 1c00952e 013e8eb3 add              x29, x29, x19       x29=0000ffdc x29:ffffffff x19:0000ffdd
26853193ns          459963 1c009530 01270733 add              x14, x14, x18       x14=0000ff72 x14:fffffffe x18:0000ff74
26853213ns          459964 1c009532 00f49023 sh               x15, 0(x9)          x15:0001fe78  x9:1c002e66  PA:1c002e66
26853531ns          459980 1c009536 01161023 sh               x17, 0(x12)         x17:000000d4 x12:1c002ee6  PA:1c002ee6
26853909ns          459999 1c00953a 01fd9023 sh               x31, 0(x27)         x31:0000005d x27:1c002ef6  PA:1c002ef6
26854227ns          460015 1c00953e 00df1023 sh               x13, 0(x30)         x13:0001ffa6 x30:1c002e76  PA:1c002e76
26854545ns          460031 1c009542 01d59023 sh               x29, 0(x11)         x29:0000ffdc x11:1c002e96  PA:1c002e96
26854863ns          460047 1c009546 00e09023 sh               x14, 0(x1)          x14:0000ff72  x1:1c002e86  PA:1c002e86
26855182ns          460063 1c00954a 01039023 sh               x16, 0(x7)          x16:0000ffed  x7:1c002eb6  PA:1c002eb6
26855500ns          460079 1c00954e 00a29023 sh               x10, 0(x5)          x10:0000ffc2  x5:1c002ea6  PA:1c002ea6
26855818ns          460095 1c009552 008b0b13 addi             x22, x22, 8         x22=0000005b x22:00000053
26855838ns          460096 1c009554 1f300793 addi             x15, x0, 499        x15=000001f3
26855858ns          460097 1c009558 e767dae3 bge              x15, x22, -396      x15:000001f3 x22:0000005b
26855957ns          460102 1c0093cc 010c9a0b p.lh             x20, 16(x25!)       x20=ffffff94 x25=1c00274e x25:1c00273e  PA:1c00273e
26856256ns          460117 1c0093d0 0104198b p.lh             x19, 16(x8!)        x19=00000051  x8=1c001f16  x8:1c001f06  PA:1c001f06
26856574ns          460133 1c0093d4 2cc10513 addi             x10, x2, 716        x10=10001fa4  x2:10001cd8
26856594ns          460134 1c0093d6 010a990b p.lh             x18, 16(x21!)       x18=ffffff97 x21=1c001742 x21:1c001732  PA:1c001732
26856892ns          460149 1c0093da 010b948b p.lh             x9, 16(x23!)         x9=00000050 x23=1c000f72 x23:1c000f62  PA:1c000f62
26857210ns          460165 1c0093de 2d411623 sh               x20, 716(x2)        x20:ffffff94  x2:10001cd8  PA:10001fa4
26857250ns          460167 1c0093e2 2d311723 sh               x19, 718(x2)        x19:00000051  x2:10001cd8  PA:10001fa6
26857270ns          460168 1c0093e6 c33ff0ef jal              x1, -974             x1=1c0093e8
26857349ns          460172 1c009018 00051803 lh               x16, 0(x10)         x16=ffffff94 x10:10001fa4  PA:10001fa4
26857389ns          460174 1c00901c 00251883 lh               x17, 2(x10)         x17=00000051 x10:10001fa4  PA:10001fa6
26857429ns          460176 1c009020 030806b3 mul              x13, x16, x16       x13=00002d90 x16:ffffff94 x16:ffffff94
26857449ns          460177 1c009024 03188633 mul              x12, x17, x17       x12=000019a1 x17:00000051 x17:00000051
26857469ns          460178 1c009028 40a65613 srai             x12, x12, 0x40a     x12=00000006 x12:000019a1
26857489ns          460179 1c00902a 40a6d693 srai             x13, x13, 0x40a     x13=0000000b x13:00002d90
26857508ns          460180 1c00902c 00c686b3 add              x13, x13, x12       x13=00000011 x13:0000000b x12:00000006
26857528ns          460181 1c00902e 1006c633 p.exths          x12, x13, x0        x12=00000011 x13:00000011
26857548ns          460182 1c009032 00855703 lhu              x14, 8(x10)         x14=0000ffd1 x10:10001fa4  PA:10001fac
26857568ns          460183 1c009036 00a55683 lhu              x13, 10(x10)        x13=0000ff6a x10:10001fa4  PA:10001fae
26857588ns          460184 1c00903a 02c60333 mul              x6, x12, x12         x6=00000121 x12:00000011 x12:00000011
26857608ns          460185 1c00903e 00c55783 lhu              x15, 12(x10)        x15=0000ffe5 x10:10001fa4  PA:10001fb0
26857628ns          460186 1c009042 00e55583 lhu              x11, 14(x10)        x11=00000060 x10:10001fa4  PA:10001fb2
26857648ns          460187 1c009046 dea30333 p.extract        x6, x6, 15, 10       x6=00000000  x6:00000121
26857668ns          460188 1c00904a 80c7075b p.muls           x14, x14, x12       x14=fffffce1 x14:0000ffd1 x12:00000011
26857687ns          460189 1c00904e 80c686db p.muls           x13, x13, x12       x13=fffff60a x13:0000ff6a x12:00000011
26857707ns          460190 1c009052 00455e83 lhu              x29, 4(x10)         x29=00000427 x10:10001fa4  PA:10001fa8
26857727ns          460191 1c009056 00655e03 lhu              x28, 6(x10)         x28=0000007f x10:10001fa4  PA:10001faa
26857747ns          460192 1c00905a 40a75713 srai             x14, x14, 0x40a     x14=ffffffff x14:fffffce1
26857767ns          460193 1c00905c 806787db p.muls           x15, x15, x6        x15=00000000 x15:0000ffe5  x6:00000000
26857807ns          460195 1c009060 40a6d693 srai             x13, x13, 0x40a     x13=fffffffd x13:fffff60a
26857847ns          460197 1c009062 8065865b p.muls           x12, x11, x6        x12=00000000 x11:00000060  x6:00000000
26857866ns          460198 1c009066 40a7d793 srai             x15, x15, 0x40a     x15=00000000 x15:00000000
26857886ns          460199 1c009068 40a65613 srai             x12, x12, 0x40a     x12=00000000 x12:00000000
26857906ns          460200 1c00906a 01d70733 add              x14, x14, x29       x14=00000426 x14:ffffffff x29:00000427
26857926ns          460201 1c00906c 01c686b3 add              x13, x13, x28       x13=0000007c x13:fffffffd x28:0000007f
26857946ns          460202 1c00906e 00c686b3 add              x13, x13, x12       x13=0000007c x13:0000007c x12:00000000
26857966ns          460203 1c009070 00f70733 add              x14, x14, x15       x14=00000426 x14:00000426 x15:00000000
26857986ns          460204 1c009072 100747b3 p.exths          x15, x14, x0        x15=00000426 x14:00000426
26858006ns          460205 1c009076 1006c733 p.exths          x14, x13, x0        x14=0000007c x13:0000007c
26858026ns          460206 1c00907a 03170633 mul              x12, x14, x17       x12=0000273c x14:0000007c x17:00000051
26858045ns          460207 1c00907e 030786b3 mul              x13, x15, x16       x13=fffe3ff8 x15:00000426 x16:ffffff94
26858065ns          460208 1c009082 03070733 mul              x14, x14, x16       x14=ffffcbb0 x14:0000007c x16:ffffff94
26858085ns          460209 1c009086 031787b3 mul              x15, x15, x17       x15=00015006 x15:00000426 x17:00000051
26858105ns          460210 1c00908a 40a6d693 srai             x13, x13, 0x40a     x13=ffffff8f x13:fffe3ff8
26858125ns          460211 1c00908c 40a65613 srai             x12, x12, 0x40a     x12=00000009 x12:0000273c
26858145ns          460212 1c00908e 40a7d793 srai             x15, x15, 0x40a     x15=00000054 x15:00015006
26858165ns          460213 1c009090 40a75713 srai             x14, x14, 0x40a     x14=fffffff2 x14:ffffcbb0
26858185ns          460214 1c009092 40c686b3 sub              x13, x13, x12       x13=ffffff86 x13:ffffff8f x12:00000009
26858205ns          460215 1c009094 00e787b3 add              x15, x15, x14       x15=00000046 x15:00000054 x14:fffffff2
26858224ns          460216 1c009096 00d51823 sh               x13, 16(x10)        x13:ffffff86 x10:10001fa4  PA:10001fb4
26858244ns          460217 1c00909a 00f51923 sh               x15, 18(x10)        x15:00000046 x10:10001fa4  PA:10001fb6
26858264ns          460218 1c00909e 00008067 jalr             x0, x1, 0            x1:1c0093e8
26858344ns          460222 1c0093e8 2dc15583 lhu              x11, 732(x2)        x11=0000ff86  x2:10001cd8  PA:10001fb4
26858403ns          460225 1c0093ec 2de15783 lhu              x15, 734(x2)        x15=00000046  x2:10001cd8  PA:10001fb6
26858423ns          460226 1c0093f0 40b90933 sub              x18, x18, x11       x18=ffff0011 x18:ffffff97 x11:0000ff86
26858443ns          460227 1c0093f4 40f484b3 sub              x9, x9, x15          x9=0000000a  x9:00000050 x15:00000046
26858463ns          460228 1c0093f6 100945b3 p.exths          x11, x18, x0        x11=00000011 x18:ffff0011
26858483ns          460229 1c0093fa 1004c7b3 p.exths          x15, x9, x0         x15=0000000a  x9:0000000a
26858503ns          460230 1c0093fe 034586b3 mul              x13, x11, x20       x13=fffff8d4 x11:00000011 x20:ffffff94
26858523ns          460231 1c009402 03378533 mul              x10, x15, x19       x10=0000032a x15:0000000a x19:00000051
26858543ns          460232 1c009406 034a0633 mul              x12, x20, x20       x12=00002d90 x20:ffffff94 x20:ffffff94
26858563ns          460233 1c00940a 03398733 mul              x14, x19, x19       x14=000019a1 x19:00000051 x19:00000051
26858582ns          460234 1c00940e 034787b3 mul              x15, x15, x20       x15=fffffbc8 x15:0000000a x20:ffffff94
26858602ns          460235 1c009412 033585b3 mul              x11, x11, x19       x11=00000561 x11:00000011 x19:00000051
26858622ns          460236 1c009416 40a75713 srai             x14, x14, 0x40a     x14=00000006 x14:000019a1
26858642ns          460237 1c009418 40a5d593 srai             x11, x11, 0x40a     x11=00000001 x11:00000561
26858662ns          460238 1c00941a 40a65613 srai             x12, x12, 0x40a     x12=0000000b x12:00002d90
26858682ns          460239 1c00941c 40a7d793 srai             x15, x15, 0x40a     x15=fffffffe x15:fffffbc8
26858702ns          460240 1c00941e 1c0034b7 lui              x9, 0x1c003000       x9=1c003000
26858722ns          460241 1c009422 00e60633 add              x12, x12, x14       x12=00000011 x12:0000000b x14:00000006
26858742ns          460242 1c009424 40b787b3 sub              x15, x15, x11       x15=fffffffd x15:fffffffe x11:00000001
26858761ns          460243 1c009426 eb048493 addi             x9, x9, -336         x9=1c002eb0  x9:1c003000
26858781ns          460244 1c00942a 1c0032b7 lui              x5, 0x1c003000       x5=1c003000
26858801ns          460245 1c00942e 1c0035b7 lui              x11, 0x1c003000     x11=1c003000
26858821ns          460246 1c009432 018483b3 add              x7, x9, x24          x7=1c002eb6  x9:1c002eb0 x24:00000006
26858841ns          460247 1c009436 02812e83 lw               x29, 40(x2)         x29=1c002ec6  x2:10001cd8  PA:10001d00
26858861ns          460248 1c009438 10065633 p.exthz          x12, x12, x0        x12=00000011 x12:00000011
26858881ns          460249 1c00943c e8028293 addi             x5, x5, -384         x5=1c002e80  x5:1c003000
26858901ns          460250 1c009440 ea058593 addi             x11, x11, -352      x11=1c002ea0 x11:1c003000
26858940ns          460252 1c009444 03812483 lw               x9, 56(x2)           x9=1c002ee6  x2:10001cd8  PA:10001d10
26858960ns          460253 1c009446 10064733 p.exths          x14, x12, x0        x14=00000011 x12:00000011
26858980ns          460254 1c00944a 018280b3 add              x1, x5, x24          x1=1c002e86  x5:1c002e80 x24:00000006
26859000ns          460255 1c00944e 03012f03 lw               x30, 48(x2)         x30=1c002ed6  x2:10001cd8  PA:10001d08
26859040ns          460257 1c009450 018582b3 add              x5, x11, x24         x5=1c002ea6 x11:1c002ea0 x24:00000006
26859080ns          460259 1c009454 04012583 lw               x11, 64(x2)         x11=1c002ef6  x2:10001cd8  PA:10001d18
26859100ns          460260 1c009456 000edd83 lhu              x27, 0(x29)         x27=0000066c x29:1c002ec6  PA:1c002ec6
26859398ns          460275 1c00945a 0004d483 lhu              x9, 0(x9)            x9=000000d4  x9:1c002ee6  PA:1c002ee6
26859696ns          460290 1c00945e 02e70333 mul              x6, x14, x14         x6=00000121 x14:00000011 x14:00000011
26859716ns          460291 1c009462 40a55513 srai             x10, x10, 0x40a     x10=00000000 x10:0000032a
26859736ns          460292 1c009464 04812e83 lw               x29, 72(x2)         x29=1c002f06  x2:10001cd8  PA:10001d20
26859756ns          460293 1c009466 40a6d693 srai             x13, x13, 0x40a     x13=fffffffe x13:fffff8d4
26859776ns          460294 1c009468 000f5d03 lhu              x26, 0(x30)         x26=0000020d x30:1c002ed6  PA:1c002ed6
26860074ns          460309 1c00946c 0005d583 lhu              x11, 0(x11)         x11=0000005d x11:1c002ef6  PA:1c002ef6
26860472ns          460329 1c009470 40a35313 srai             x6, x6, 0x40a        x6=00000000  x6:00000121
26860492ns          460330 1c009474 00a686b3 add              x13, x13, x10       x13=fffffffe x13:fffffffe x10:00000000
26860512ns          460331 1c009476 05012f03 lw               x30, 80(x2)         x30=1c002e76  x2:10001cd8  PA:10001d28
26860531ns          460332 1c009478 10034e33 p.exths          x28, x6, x0         x28=00000000  x6:00000000
26860551ns          460333 1c00947c 06911023 sh               x9, 96(x2)           x9:000000d4  x2:10001cd8  PA:10001d38
26860571ns          460334 1c009480 000ede83 lhu              x29, 0(x29)         x29=0000002b x29:1c002f06  PA:1c002f06
26860889ns          460350 1c009484 05812483 lw               x9, 88(x2)           x9=1c002e66  x2:10001cd8  PA:10001d30
26860909ns          460351 1c009486 1006d6b3 p.exthz          x13, x13, x0        x13=0000fffe x13:fffffffe
26860929ns          460352 1c00948a 02ee08b3 mul              x17, x28, x14       x17=00000000 x28:00000000 x14:00000011
26860949ns          460353 1c00948e 1006c833 p.exths          x16, x13, x0        x16=fffffffe x13:0000fffe
26860969ns          460354 1c009492 06b11823 sh               x11, 112(x2)        x11:0000005d  x2:10001cd8  PA:10001d48
26860989ns          460355 1c009496 000f5f03 lhu              x30, 0(x30)         x30=0000ffa6 x30:1c002e76  PA:1c002e76
26861287ns          460370 1c00949a 0a012583 lw               x11, 160(x2)        x11=1c002e96  x2:10001cd8  PA:10001d78
26861307ns          460371 1c00949c 1007d7b3 p.exthz          x15, x15, x0        x15=0000fffd x15:fffffffd
26861327ns          460372 1c0094a0 0004da03 lhu              x20, 0(x9)          x20=0000fe78  x9:1c002e66  PA:1c002e66
26861705ns          460391 1c0094a4 1007c533 p.exths          x10, x15, x0        x10=fffffffd x15:0000fffd
26861725ns          460392 1c0094a8 09d11023 sh               x29, 128(x2)        x29:0000002b  x2:10001cd8  PA:10001d58
26861745ns          460393 1c0094ac 0003d483 lhu              x9, 0(x7)            x9=0000ffed  x7:1c002eb6  PA:1c002eb6
26862122ns          460412 1c0094b0 02e80eb3 mul              x29, x16, x14       x29=ffffffde x16:fffffffe x14:00000011
26862142ns          460413 1c0094b4 40a8d893 srai             x17, x17, 0x40a     x17=00000000 x17:00000000
26862162ns          460414 1c0094b8 03c80833 mul              x16, x16, x28       x16=00000000 x16:fffffffe x28:00000000
26862182ns          460415 1c0094bc 09e11823 sh               x30, 144(x2)        x30:0000ffa6  x2:10001cd8  PA:10001d68
26862202ns          460416 1c0094c0 0005d983 lhu              x19, 0(x11)         x19=0000ffdc x11:1c002e96  PA:1c002e96
26862500ns          460431 1c0094c4 81c88f5b p.muls           x30, x17, x28       x30=00000000 x17:00000000 x28:00000000
26862520ns          460432 1c0094c8 0002d583 lhu              x11, 0(x5)          x11=0000ffc2  x5:1c002ea6  PA:1c002ea6
26862838ns          460448 1c0094cc 03ce0fb3 mul              x31, x28, x28       x31=00000000 x28:00000000 x28:00000000
26862858ns          460449 1c0094d0 02e50733 mul              x14, x10, x14       x14=ffffffcd x10:fffffffd x14:00000011
26862878ns          460450 1c0094d4 40a85813 srai             x16, x16, 0x40a     x16=00000000 x16:00000000
26862898ns          460451 1c0094d8 03c50533 mul              x10, x10, x28       x10=00000000 x10:fffffffd x28:00000000
26862918ns          460452 1c0094dc 07015e03 lhu              x28, 112(x2)        x28=0000005d  x2:10001cd8  PA:10001d48
26862938ns          460453 1c0094e0 01b60633 add              x12, x12, x27       x12=0000067d x12:00000011 x27:0000066c
26862958ns          460454 1c0094e2 00980833 add              x16, x16, x9        x16=0000ffed x16:00000000  x9:0000ffed
26862978ns          460455 1c0094e4 06015d83 lhu              x27, 96(x2)         x27=000000d4  x2:10001cd8  PA:10001d38
26862998ns          460456 1c0094e8 02812483 lw               x9, 40(x2)           x9=1c002ec6  x2:10001cd8  PA:10001d00
26863017ns          460457 1c0094ea 40afdf93 srai             x31, x31, 0x40a     x31=00000000 x31:00000000
26863037ns          460458 1c0094ee 40a55513 srai             x10, x10, 0x40a     x10=00000000 x10:00000000
26863057ns          460459 1c0094f0 01cf8fb3 add              x31, x31, x28       x31=0000005d x31:00000000 x28:0000005d
26863077ns          460460 1c0094f2 00b50533 add              x10, x10, x11       x10=0000ffc2 x10:00000000 x11:0000ffc2
26863097ns          460461 1c0094f4 09015e03 lhu              x28, 144(x2)        x28=0000ffa6  x2:10001cd8  PA:10001d68
26863117ns          460462 1c0094f8 03012583 lw               x11, 48(x2)         x11=1c002ed6  x2:10001cd8  PA:10001d08
26863137ns          460463 1c0094fa 00c49023 sh               x12, 0(x9)          x12:0000067d  x9:1c002ec6  PA:1c002ec6
26863455ns          460479 1c0094fe 01b888b3 add              x17, x17, x27       x17=000000d4 x17:00000000 x27:000000d4
26863475ns          460480 1c009500 01a30333 add              x6, x6, x26          x6=0000020d  x6:00000000 x26:0000020d
26863495ns          460481 1c009502 08015d83 lhu              x27, 128(x2)        x27=0000002b  x2:10001cd8  PA:10001d58
26863515ns          460482 1c009506 0000d903 lhu              x18, 0(x1)          x18=0000ff72  x1:1c002e86  PA:1c002e86
26863813ns          460497 1c00950a 01c686b3 add              x13, x13, x28       x13=0001ffa4 x13:0000fffe x28:0000ffa6
26863833ns          460498 1c00950c 00659023 sh               x6, 0(x11)           x6:0000020d x11:1c002ed6  PA:1c002ed6
26864151ns          460514 1c009510 40af5f13 srai             x30, x30, 0x40a     x30=00000000 x30:00000000
26864171ns          460515 1c009514 04812e03 lw               x28, 72(x2)         x28=1c002f06  x2:10001cd8  PA:10001d20
26864191ns          460516 1c009516 01bf0f33 add              x30, x30, x27       x30=0000002b x30:00000000 x27:0000002b
26864211ns          460517 1c009518 40aede93 srai             x29, x29, 0x40a     x29=ffffffff x29:ffffffde
26864231ns          460518 1c00951c 40a75713 srai             x14, x14, 0x40a     x14=ffffffff x14:ffffffcd
26864250ns          460519 1c00951e 03812603 lw               x12, 56(x2)         x12=1c002ee6  x2:10001cd8  PA:10001d10
26864270ns          460520 1c009520 04012d83 lw               x27, 64(x2)         x27=1c002ef6  x2:10001cd8  PA:10001d18
26864310ns          460522 1c009522 01ee1023 sh               x30, 0(x28)         x30:0000002b x28:1c002f06  PA:1c002f06
26864648ns          460539 1c009526 05812483 lw               x9, 88(x2)           x9=1c002e66  x2:10001cd8  PA:10001d30
26864668ns          460540 1c009528 05012f03 lw               x30, 80(x2)         x30=1c002e76  x2:10001cd8  PA:10001d28
26864688ns          460541 1c00952a 0a012583 lw               x11, 160(x2)        x11=1c002e96  x2:10001cd8  PA:10001d78
26864708ns          460542 1c00952c 014787b3 add              x15, x15, x20       x15=0001fe75 x15:0000fffd x20:0000fe78
26864728ns          460543 1c00952e 013e8eb3 add              x29, x29, x19       x29=0000ffdb x29:ffffffff x19:0000ffdc
26864748ns          460544 1c009530 01270733 add              x14, x14, x18       x14=0000ff71 x14:ffffffff x18:0000ff72
26864768ns          460545 1c009532 00f49023 sh               x15, 0(x9)          x15:0001fe75  x9:1c002e66  PA:1c002e66
26865086ns          460561 1c009536 01161023 sh               x17, 0(x12)         x17:000000d4 x12:1c002ee6  PA:1c002ee6
26865404ns          460577 1c00953a 01fd9023 sh               x31, 0(x27)         x31:0000005d x27:1c002ef6  PA:1c002ef6
26865722ns          460593 1c00953e 00df1023 sh               x13, 0(x30)         x13:0001ffa4 x30:1c002e76  PA:1c002e76
26866080ns          460611 1c009542 01d59023 sh               x29, 0(x11)         x29:0000ffdb x11:1c002e96  PA:1c002e96
26866398ns          460627 1c009546 00e09023 sh               x14, 0(x1)          x14:0000ff71  x1:1c002e86  PA:1c002e86
26866717ns          460643 1c00954a 01039023 sh               x16, 0(x7)          x16:0000ffed  x7:1c002eb6  PA:1c002eb6
26867035ns          460659 1c00954e 00a29023 sh               x10, 0(x5)          x10:0000ffc2  x5:1c002ea6  PA:1c002ea6
26867373ns          460676 1c009552 008b0b13 addi             x22, x22, 8         x22=00000063 x22:0000005b
26867393ns          460677 1c009554 1f300793 addi             x15, x0, 499        x15=000001f3
26867413ns          460678 1c009558 e767dae3 bge              x15, x22, -396      x15:000001f3 x22:00000063
26867512ns          460683 1c0093cc 010c9a0b p.lh             x20, 16(x25!)       x20=00000057 x25=1c00275e x25:1c00274e  PA:1c00274e
26867810ns          460698 1c0093d0 0104198b p.lh             x19, 16(x8!)        x19=ffffff22  x8=1c001f26  x8:1c001f16  PA:1c001f16
26868109ns          460713 1c0093d4 2cc10513 addi             x10, x2, 716        x10=10001fa4  x2:10001cd8
26868129ns          460714 1c0093d6 010a990b p.lh             x18, 16(x21!)       x18=00000046 x21=1c001752 x21:1c001742  PA:1c001742
26868447ns          460730 1c0093da 010b948b p.lh             x9, 16(x23!)         x9=ffffff12 x23=1c000f82 x23:1c000f72  PA:1c000f72
26868745ns          460745 1c0093de 2d411623 sh               x20, 716(x2)        x20:00000057  x2:10001cd8  PA:10001fa4
26868765ns          460746 1c0093e2 2d311723 sh               x19, 718(x2)        x19:ffffff22  x2:10001cd8  PA:10001fa6
26868785ns          460747 1c0093e6 c33ff0ef jal              x1, -974             x1=1c0093e8
26868825ns          460749 1c009018 00051803 lh               x16, 0(x10)         x16=00000057 x10:10001fa4  PA:10001fa4
26868865ns          460751 1c00901c 00251883 lh               x17, 2(x10)         x17=ffffff22 x10:10001fa4  PA:10001fa6
26868884ns          460752 1c009020 030806b3 mul              x13, x16, x16       x13=00001d91 x16:00000057 x16:00000057
26868904ns          460753 1c009024 03188633 mul              x12, x17, x17       x12=0000c084 x17:ffffff22 x17:ffffff22
26868924ns          460754 1c009028 40a65613 srai             x12, x12, 0x40a     x12=00000030 x12:0000c084
26868944ns          460755 1c00902a 40a6d693 srai             x13, x13, 0x40a     x13=00000007 x13:00001d91
26868964ns          460756 1c00902c 00c686b3 add              x13, x13, x12       x13=00000037 x13:00000007 x12:00000030
26868984ns          460757 1c00902e 1006c633 p.exths          x12, x13, x0        x12=00000037 x13:00000037
26869004ns          460758 1c009032 00855703 lhu              x14, 8(x10)         x14=0000ffd1 x10:10001fa4  PA:10001fac
26869024ns          460759 1c009036 00a55683 lhu              x13, 10(x10)        x13=0000ff6a x10:10001fa4  PA:10001fae
26869044ns          460760 1c00903a 02c60333 mul              x6, x12, x12         x6=00000bd1 x12:00000037 x12:00000037
26869103ns          460763 1c00903e 00c55783 lhu              x15, 12(x10)        x15=0000ffe5 x10:10001fa4  PA:10001fb0
26869143ns          460765 1c009042 00e55583 lhu              x11, 14(x10)        x11=00000060 x10:10001fa4  PA:10001fb2
26869183ns          460767 1c009046 dea30333 p.extract        x6, x6, 15, 10       x6=00000002  x6:00000bd1
26869203ns          460768 1c00904a 80c7075b p.muls           x14, x14, x12       x14=fffff5e7 x14:0000ffd1 x12:00000037
26869242ns          460770 1c00904e 80c686db p.muls           x13, x13, x12       x13=ffffdfc6 x13:0000ff6a x12:00000037
26869282ns          460772 1c009052 00455e83 lhu              x29, 4(x10)         x29=00000427 x10:10001fa4  PA:10001fa8
26869302ns          460773 1c009056 00655e03 lhu              x28, 6(x10)         x28=0000007f x10:10001fa4  PA:10001faa
26869322ns          460774 1c00905a 40a75713 srai             x14, x14, 0x40a     x14=fffffffd x14:fffff5e7
26869342ns          460775 1c00905c 806787db p.muls           x15, x15, x6        x15=ffffffca x15:0000ffe5  x6:00000002
26869382ns          460777 1c009060 40a6d693 srai             x13, x13, 0x40a     x13=fffffff7 x13:ffffdfc6
26869421ns          460779 1c009062 8065865b p.muls           x12, x11, x6        x12=000000c0 x11:00000060  x6:00000002
26869441ns          460780 1c009066 40a7d793 srai             x15, x15, 0x40a     x15=ffffffff x15:ffffffca
26869461ns          460781 1c009068 40a65613 srai             x12, x12, 0x40a     x12=00000000 x12:000000c0
26869481ns          460782 1c00906a 01d70733 add              x14, x14, x29       x14=00000424 x14:fffffffd x29:00000427
26869501ns          460783 1c00906c 01c686b3 add              x13, x13, x28       x13=00000076 x13:fffffff7 x28:0000007f
26869521ns          460784 1c00906e 00c686b3 add              x13, x13, x12       x13=00000076 x13:00000076 x12:00000000
26869541ns          460785 1c009070 00f70733 add              x14, x14, x15       x14=00000423 x14:00000424 x15:ffffffff
26869561ns          460786 1c009072 100747b3 p.exths          x15, x14, x0        x15=00000423 x14:00000423
26869580ns          460787 1c009076 1006c733 p.exths          x14, x13, x0        x14=00000076 x13:00000076
26869600ns          460788 1c00907a 03170633 mul              x12, x14, x17       x12=ffff99ac x14:00000076 x17:ffffff22
26869620ns          460789 1c00907e 030786b3 mul              x13, x15, x16       x13=000167e5 x15:00000423 x16:00000057
26869640ns          460790 1c009082 03070733 mul              x14, x14, x16       x14=0000281a x14:00000076 x16:00000057
26869660ns          460791 1c009086 031787b3 mul              x15, x15, x17       x15=fffc69a6 x15:00000423 x17:ffffff22
26869680ns          460792 1c00908a 40a6d693 srai             x13, x13, 0x40a     x13=00000059 x13:000167e5
26869700ns          460793 1c00908c 40a65613 srai             x12, x12, 0x40a     x12=ffffffe6 x12:ffff99ac
26869720ns          460794 1c00908e 40a7d793 srai             x15, x15, 0x40a     x15=ffffff1a x15:fffc69a6
26869740ns          460795 1c009090 40a75713 srai             x14, x14, 0x40a     x14=0000000a x14:0000281a
26869759ns          460796 1c009092 40c686b3 sub              x13, x13, x12       x13=00000073 x13:00000059 x12:ffffffe6
26869779ns          460797 1c009094 00e787b3 add              x15, x15, x14       x15=ffffff24 x15:ffffff1a x14:0000000a
26869799ns          460798 1c009096 00d51823 sh               x13, 16(x10)        x13:00000073 x10:10001fa4  PA:10001fb4
26869819ns          460799 1c00909a 00f51923 sh               x15, 18(x10)        x15:ffffff24 x10:10001fa4  PA:10001fb6
26869839ns          460800 1c00909e 00008067 jalr             x0, x1, 0            x1:1c0093e8
26869958ns          460806 1c0093e8 2dc15583 lhu              x11, 732(x2)        x11=00000073  x2:10001cd8  PA:10001fb4
26870018ns          460809 1c0093ec 2de15783 lhu              x15, 734(x2)        x15=0000ff24  x2:10001cd8  PA:10001fb6
26870038ns          460810 1c0093f0 40b90933 sub              x18, x18, x11       x18=ffffffd3 x18:00000046 x11:00000073
26870058ns          460811 1c0093f4 40f484b3 sub              x9, x9, x15          x9=fffeffee  x9:ffffff12 x15:0000ff24
26870078ns          460812 1c0093f6 100945b3 p.exths          x11, x18, x0        x11=ffffffd3 x18:ffffffd3
26870098ns          460813 1c0093fa 1004c7b3 p.exths          x15, x9, x0         x15=ffffffee  x9:fffeffee
26870117ns          460814 1c0093fe 034586b3 mul              x13, x11, x20       x13=fffff0b5 x11:ffffffd3 x20:00000057
26870137ns          460815 1c009402 03378533 mul              x10, x15, x19       x10=00000f9c x15:ffffffee x19:ffffff22
26870157ns          460816 1c009406 034a0633 mul              x12, x20, x20       x12=00001d91 x20:00000057 x20:00000057
26870177ns          460817 1c00940a 03398733 mul              x14, x19, x19       x14=0000c084 x19:ffffff22 x19:ffffff22
26870217ns          460819 1c00940e 034787b3 mul              x15, x15, x20       x15=fffff9e2 x15:ffffffee x20:00000057
26870257ns          460821 1c009412 033585b3 mul              x11, x11, x19       x11=00002706 x11:ffffffd3 x19:ffffff22
26870277ns          460822 1c009416 40a75713 srai             x14, x14, 0x40a     x14=00000030 x14:0000c084
26870296ns          460823 1c009418 40a5d593 srai             x11, x11, 0x40a     x11=00000009 x11:00002706
26870316ns          460824 1c00941a 40a65613 srai             x12, x12, 0x40a     x12=00000007 x12:00001d91
26870336ns          460825 1c00941c 40a7d793 srai             x15, x15, 0x40a     x15=fffffffe x15:fffff9e2
26870356ns          460826 1c00941e 1c0034b7 lui              x9, 0x1c003000       x9=1c003000
26870376ns          460827 1c009422 00e60633 add              x12, x12, x14       x12=00000037 x12:00000007 x14:00000030
26870396ns          460828 1c009424 40b787b3 sub              x15, x15, x11       x15=fffffff5 x15:fffffffe x11:00000009
26870416ns          460829 1c009426 eb048493 addi             x9, x9, -336         x9=1c002eb0  x9:1c003000
26870436ns          460830 1c00942a 1c0032b7 lui              x5, 0x1c003000       x5=1c003000
26870456ns          460831 1c00942e 1c0035b7 lui              x11, 0x1c003000     x11=1c003000
26870475ns          460832 1c009432 018483b3 add              x7, x9, x24          x7=1c002eb6  x9:1c002eb0 x24:00000006
26870495ns          460833 1c009436 02812e83 lw               x29, 40(x2)         x29=1c002ec6  x2:10001cd8  PA:10001d00
26870515ns          460834 1c009438 10065633 p.exthz          x12, x12, x0        x12=00000037 x12:00000037
26870535ns          460835 1c00943c e8028293 addi             x5, x5, -384         x5=1c002e80  x5:1c003000
26870555ns          460836 1c009440 ea058593 addi             x11, x11, -352      x11=1c002ea0 x11:1c003000
26870575ns          460837 1c009444 03812483 lw               x9, 56(x2)           x9=1c002ee6  x2:10001cd8  PA:10001d10
26870595ns          460838 1c009446 10064733 p.exths          x14, x12, x0        x14=00000037 x12:00000037
26870615ns          460839 1c00944a 018280b3 add              x1, x5, x24          x1=1c002e86  x5:1c002e80 x24:00000006
26870635ns          460840 1c00944e 03012f03 lw               x30, 48(x2)         x30=1c002ed6  x2:10001cd8  PA:10001d08
26870654ns          460841 1c009450 018582b3 add              x5, x11, x24         x5=1c002ea6 x11:1c002ea0 x24:00000006
26870674ns          460842 1c009454 04012583 lw               x11, 64(x2)         x11=1c002ef6  x2:10001cd8  PA:10001d18
26870694ns          460843 1c009456 000edd83 lhu              x27, 0(x29)         x27=0000067d x29:1c002ec6  PA:1c002ec6
26870993ns          460858 1c00945a 0004d483 lhu              x9, 0(x9)            x9=000000d4  x9:1c002ee6  PA:1c002ee6
26871311ns          460874 1c00945e 02e70333 mul              x6, x14, x14         x6=00000bd1 x14:00000037 x14:00000037
26871331ns          460875 1c009462 40a55513 srai             x10, x10, 0x40a     x10=00000003 x10:00000f9c
26871351ns          460876 1c009464 04812e83 lw               x29, 72(x2)         x29=1c002f06  x2:10001cd8  PA:10001d20
26871370ns          460877 1c009466 40a6d693 srai             x13, x13, 0x40a     x13=fffffffc x13:fffff0b5
26871390ns          460878 1c009468 000f5d03 lhu              x26, 0(x30)         x26=0000020d x30:1c002ed6  PA:1c002ed6
26871689ns          460893 1c00946c 0005d583 lhu              x11, 0(x11)         x11=0000005d x11:1c002ef6  PA:1c002ef6
26872007ns          460909 1c009470 40a35313 srai             x6, x6, 0x40a        x6=00000002  x6:00000bd1
26872027ns          460910 1c009474 00a686b3 add              x13, x13, x10       x13=ffffffff x13:fffffffc x10:00000003
26872047ns          460911 1c009476 05012f03 lw               x30, 80(x2)         x30=1c002e76  x2:10001cd8  PA:10001d28
26872066ns          460912 1c009478 10034e33 p.exths          x28, x6, x0         x28=00000002  x6:00000002
26872086ns          460913 1c00947c 06911023 sh               x9, 96(x2)           x9:000000d4  x2:10001cd8  PA:10001d38
26872106ns          460914 1c009480 000ede83 lhu              x29, 0(x29)         x29=0000002b x29:1c002f06  PA:1c002f06
26872444ns          460931 1c009484 05812483 lw               x9, 88(x2)           x9=1c002e66  x2:10001cd8  PA:10001d30
26872464ns          460932 1c009486 1006d6b3 p.exthz          x13, x13, x0        x13=0000ffff x13:ffffffff
26872484ns          460933 1c00948a 02ee08b3 mul              x17, x28, x14       x17=0000006e x28:00000002 x14:00000037
26872504ns          460934 1c00948e 1006c833 p.exths          x16, x13, x0        x16=ffffffff x13:0000ffff
26872524ns          460935 1c009492 06b11823 sh               x11, 112(x2)        x11:0000005d  x2:10001cd8  PA:10001d48
26872544ns          460936 1c009496 000f5f03 lhu              x30, 0(x30)         x30=0000ffa4 x30:1c002e76  PA:1c002e76
26872842ns          460951 1c00949a 0a012583 lw               x11, 160(x2)        x11=1c002e96  x2:10001cd8  PA:10001d78
26872862ns          460952 1c00949c 1007d7b3 p.exthz          x15, x15, x0        x15=0000fff5 x15:fffffff5
26872882ns          460953 1c0094a0 0004da03 lhu              x20, 0(x9)          x20=0000fe75  x9:1c002e66  PA:1c002e66
26873180ns          460968 1c0094a4 1007c533 p.exths          x10, x15, x0        x10=fffffff5 x15:0000fff5
26873200ns          460969 1c0094a8 09d11023 sh               x29, 128(x2)        x29:0000002b  x2:10001cd8  PA:10001d58
26873220ns          460970 1c0094ac 0003d483 lhu              x9, 0(x7)            x9=0000ffed  x7:1c002eb6  PA:1c002eb6
26873518ns          460985 1c0094b0 02e80eb3 mul              x29, x16, x14       x29=ffffffc9 x16:ffffffff x14:00000037
26873538ns          460986 1c0094b4 40a8d893 srai             x17, x17, 0x40a     x17=00000000 x17:0000006e
26873558ns          460987 1c0094b8 03c80833 mul              x16, x16, x28       x16=fffffffe x16:ffffffff x28:00000002
26873578ns          460988 1c0094bc 09e11823 sh               x30, 144(x2)        x30:0000ffa4  x2:10001cd8  PA:10001d68
26873598ns          460989 1c0094c0 0005d983 lhu              x19, 0(x11)         x19=0000ffdb x11:1c002e96  PA:1c002e96
26873896ns          461004 1c0094c4 81c88f5b p.muls           x30, x17, x28       x30=00000000 x17:00000000 x28:00000002
26873916ns          461005 1c0094c8 0002d583 lhu              x11, 0(x5)          x11=0000ffc2  x5:1c002ea6  PA:1c002ea6
26874254ns          461022 1c0094cc 03ce0fb3 mul              x31, x28, x28       x31=00000004 x28:00000002 x28:00000002
26874274ns          461023 1c0094d0 02e50733 mul              x14, x10, x14       x14=fffffda3 x10:fffffff5 x14:00000037
26874294ns          461024 1c0094d4 40a85813 srai             x16, x16, 0x40a     x16=ffffffff x16:fffffffe
26874314ns          461025 1c0094d8 03c50533 mul              x10, x10, x28       x10=ffffffea x10:fffffff5 x28:00000002
26874334ns          461026 1c0094dc 07015e03 lhu              x28, 112(x2)        x28=0000005d  x2:10001cd8  PA:10001d48
26874354ns          461027 1c0094e0 01b60633 add              x12, x12, x27       x12=000006b4 x12:00000037 x27:0000067d
26874373ns          461028 1c0094e2 00980833 add              x16, x16, x9        x16=0000ffec x16:ffffffff  x9:0000ffed
26874393ns          461029 1c0094e4 06015d83 lhu              x27, 96(x2)         x27=000000d4  x2:10001cd8  PA:10001d38
26874413ns          461030 1c0094e8 02812483 lw               x9, 40(x2)           x9=1c002ec6  x2:10001cd8  PA:10001d00
26874433ns          461031 1c0094ea 40afdf93 srai             x31, x31, 0x40a     x31=00000000 x31:00000004
26874453ns          461032 1c0094ee 40a55513 srai             x10, x10, 0x40a     x10=ffffffff x10:ffffffea
26874473ns          461033 1c0094f0 01cf8fb3 add              x31, x31, x28       x31=0000005d x31:00000000 x28:0000005d
26874493ns          461034 1c0094f2 00b50533 add              x10, x10, x11       x10=0000ffc1 x10:ffffffff x11:0000ffc2
26874513ns          461035 1c0094f4 09015e03 lhu              x28, 144(x2)        x28=0000ffa4  x2:10001cd8  PA:10001d68
26874552ns          461037 1c0094f8 03012583 lw               x11, 48(x2)         x11=1c002ed6  x2:10001cd8  PA:10001d08
26874572ns          461038 1c0094fa 00c49023 sh               x12, 0(x9)          x12:000006b4  x9:1c002ec6  PA:1c002ec6
26874891ns          461054 1c0094fe 01b888b3 add              x17, x17, x27       x17=000000d4 x17:00000000 x27:000000d4
26874910ns          461055 1c009500 01a30333 add              x6, x6, x26          x6=0000020f  x6:00000002 x26:0000020d
26874930ns          461056 1c009502 08015d83 lhu              x27, 128(x2)        x27=0000002b  x2:10001cd8  PA:10001d58
26874950ns          461057 1c009506 0000d903 lhu              x18, 0(x1)          x18=0000ff71  x1:1c002e86  PA:1c002e86
26875288ns          461074 1c00950a 01c686b3 add              x13, x13, x28       x13=0001ffa3 x13:0000ffff x28:0000ffa4
26875308ns          461075 1c00950c 00659023 sh               x6, 0(x11)           x6:0000020f x11:1c002ed6  PA:1c002ed6
26875626ns          461091 1c009510 40af5f13 srai             x30, x30, 0x40a     x30=00000000 x30:00000000
26875646ns          461092 1c009514 04812e03 lw               x28, 72(x2)         x28=1c002f06  x2:10001cd8  PA:10001d20
26875666ns          461093 1c009516 01bf0f33 add              x30, x30, x27       x30=0000002b x30:00000000 x27:0000002b
26875686ns          461094 1c009518 40aede93 srai             x29, x29, 0x40a     x29=ffffffff x29:ffffffc9
26875706ns          461095 1c00951c 40a75713 srai             x14, x14, 0x40a     x14=ffffffff x14:fffffda3
26875726ns          461096 1c00951e 03812603 lw               x12, 56(x2)         x12=1c002ee6  x2:10001cd8  PA:10001d10
26875746ns          461097 1c009520 04012d83 lw               x27, 64(x2)         x27=1c002ef6  x2:10001cd8  PA:10001d18
26875766ns          461098 1c009522 01ee1023 sh               x30, 0(x28)         x30:0000002b x28:1c002f06  PA:1c002f06
26876084ns          461114 1c009526 05812483 lw               x9, 88(x2)           x9=1c002e66  x2:10001cd8  PA:10001d30
26876104ns          461115 1c009528 05012f03 lw               x30, 80(x2)         x30=1c002e76  x2:10001cd8  PA:10001d28
26876124ns          461116 1c00952a 0a012583 lw               x11, 160(x2)        x11=1c002e96  x2:10001cd8  PA:10001d78
26876144ns          461117 1c00952c 014787b3 add              x15, x15, x20       x15=0001fe6a x15:0000fff5 x20:0000fe75
26876163ns          461118 1c00952e 013e8eb3 add              x29, x29, x19       x29=0000ffda x29:ffffffff x19:0000ffdb
26876183ns          461119 1c009530 01270733 add              x14, x14, x18       x14=0000ff70 x14:ffffffff x18:0000ff71
26876203ns          461120 1c009532 00f49023 sh               x15, 0(x9)          x15:0001fe6a  x9:1c002e66  PA:1c002e66
26876521ns          461136 1c009536 01161023 sh               x17, 0(x12)         x17:000000d4 x12:1c002ee6  PA:1c002ee6
26876840ns          461152 1c00953a 01fd9023 sh               x31, 0(x27)         x31:0000005d x27:1c002ef6  PA:1c002ef6
26877158ns          461168 1c00953e 00df1023 sh               x13, 0(x30)         x13:0001ffa3 x30:1c002e76  PA:1c002e76
26877476ns          461184 1c009542 01d59023 sh               x29, 0(x11)         x29:0000ffda x11:1c002e96  PA:1c002e96
26877814ns          461201 1c009546 00e09023 sh               x14, 0(x1)          x14:0000ff70  x1:1c002e86  PA:1c002e86
26878132ns          461217 1c00954a 01039023 sh               x16, 0(x7)          x16:0000ffec  x7:1c002eb6  PA:1c002eb6
26878451ns          461233 1c00954e 00a29023 sh               x10, 0(x5)          x10:0000ffc1  x5:1c002ea6  PA:1c002ea6
26878769ns          461249 1c009552 008b0b13 addi             x22, x22, 8         x22=0000006b x22:00000063
26878789ns          461250 1c009554 1f300793 addi             x15, x0, 499        x15=000001f3
26878809ns          461251 1c009558 e767dae3 bge              x15, x22, -396      x15:000001f3 x22:0000006b
26878948ns          461258 1c0093cc 010c9a0b p.lh             x20, 16(x25!)       x20=ffffff23 x25=1c00276e x25:1c00275e  PA:1c00275e
26879286ns          461275 1c0093d0 0104198b p.lh             x19, 16(x8!)        x19=ffffffc0  x8=1c001f36  x8:1c001f26  PA:1c001f26
26879584ns          461290 1c0093d4 2cc10513 addi             x10, x2, 716        x10=10001fa4  x2:10001cd8
26879604ns          461291 1c0093d6 010a990b p.lh             x18, 16(x21!)       x18=ffffff2f x21=1c001762 x21:1c001752  PA:1c001752
26879962ns          461309 1c0093da 010b948b p.lh             x9, 16(x23!)         x9=ffffffd2 x23=1c000f92 x23:1c000f82  PA:1c000f82
26880260ns          461324 1c0093de 2d411623 sh               x20, 716(x2)        x20:ffffff23  x2:10001cd8  PA:10001fa4
26880280ns          461325 1c0093e2 2d311723 sh               x19, 718(x2)        x19:ffffffc0  x2:10001cd8  PA:10001fa6
26880300ns          461326 1c0093e6 c33ff0ef jal              x1, -974             x1=1c0093e8
26880340ns          461328 1c009018 00051803 lh               x16, 0(x10)         x16=ffffff23 x10:10001fa4  PA:10001fa4
26880360ns          461329 1c00901c 00251883 lh               x17, 2(x10)         x17=ffffffc0 x10:10001fa4  PA:10001fa6
26880380ns          461330 1c009020 030806b3 mul              x13, x16, x16       x13=0000bec9 x16:ffffff23 x16:ffffff23
26880400ns          461331 1c009024 03188633 mul              x12, x17, x17       x12=00001000 x17:ffffffc0 x17:ffffffc0
26880419ns          461332 1c009028 40a65613 srai             x12, x12, 0x40a     x12=00000004 x12:00001000
26880439ns          461333 1c00902a 40a6d693 srai             x13, x13, 0x40a     x13=0000002f x13:0000bec9
26880459ns          461334 1c00902c 00c686b3 add              x13, x13, x12       x13=00000033 x13:0000002f x12:00000004
26880479ns          461335 1c00902e 1006c633 p.exths          x12, x13, x0        x12=00000033 x13:00000033
26880499ns          461336 1c009032 00855703 lhu              x14, 8(x10)         x14=0000ffd1 x10:10001fa4  PA:10001fac
26880519ns          461337 1c009036 00a55683 lhu              x13, 10(x10)        x13=0000ff6a x10:10001fa4  PA:10001fae
26880539ns          461338 1c00903a 02c60333 mul              x6, x12, x12         x6=00000a29 x12:00000033 x12:00000033
26880579ns          461340 1c00903e 00c55783 lhu              x15, 12(x10)        x15=0000ffe5 x10:10001fa4  PA:10001fb0
26880618ns          461342 1c009042 00e55583 lhu              x11, 14(x10)        x11=00000060 x10:10001fa4  PA:10001fb2
26880638ns          461343 1c009046 dea30333 p.extract        x6, x6, 15, 10       x6=00000002  x6:00000a29
26880658ns          461344 1c00904a 80c7075b p.muls           x14, x14, x12       x14=fffff6a3 x14:0000ffd1 x12:00000033
26880678ns          461345 1c00904e 80c686db p.muls           x13, x13, x12       x13=ffffe21e x13:0000ff6a x12:00000033
26880698ns          461346 1c009052 00455e83 lhu              x29, 4(x10)         x29=00000427 x10:10001fa4  PA:10001fa8
26880718ns          461347 1c009056 00655e03 lhu              x28, 6(x10)         x28=0000007f x10:10001fa4  PA:10001faa
26880738ns          461348 1c00905a 40a75713 srai             x14, x14, 0x40a     x14=fffffffd x14:fffff6a3
26880758ns          461349 1c00905c 806787db p.muls           x15, x15, x6        x15=ffffffca x15:0000ffe5  x6:00000002
26880797ns          461351 1c009060 40a6d693 srai             x13, x13, 0x40a     x13=fffffff8 x13:ffffe21e
26880837ns          461353 1c009062 8065865b p.muls           x12, x11, x6        x12=000000c0 x11:00000060  x6:00000002
26880857ns          461354 1c009066 40a7d793 srai             x15, x15, 0x40a     x15=ffffffff x15:ffffffca
26880877ns          461355 1c009068 40a65613 srai             x12, x12, 0x40a     x12=00000000 x12:000000c0
26880897ns          461356 1c00906a 01d70733 add              x14, x14, x29       x14=00000424 x14:fffffffd x29:00000427
26880917ns          461357 1c00906c 01c686b3 add              x13, x13, x28       x13=00000077 x13:fffffff8 x28:0000007f
26880937ns          461358 1c00906e 00c686b3 add              x13, x13, x12       x13=00000077 x13:00000077 x12:00000000
26880956ns          461359 1c009070 00f70733 add              x14, x14, x15       x14=00000423 x14:00000424 x15:ffffffff
26880976ns          461360 1c009072 100747b3 p.exths          x15, x14, x0        x15=00000423 x14:00000423
26880996ns          461361 1c009076 1006c733 p.exths          x14, x13, x0        x14=00000077 x13:00000077
26881016ns          461362 1c00907a 03170633 mul              x12, x14, x17       x12=ffffe240 x14:00000077 x17:ffffffc0
26881036ns          461363 1c00907e 030786b3 mul              x13, x15, x16       x13=fffc6dc9 x15:00000423 x16:ffffff23
26881056ns          461364 1c009082 03070733 mul              x14, x14, x16       x14=ffff9945 x14:00000077 x16:ffffff23
26881076ns          461365 1c009086 031787b3 mul              x15, x15, x17       x15=fffef740 x15:00000423 x17:ffffffc0
26881096ns          461366 1c00908a 40a6d693 srai             x13, x13, 0x40a     x13=ffffff1b x13:fffc6dc9
26881116ns          461367 1c00908c 40a65613 srai             x12, x12, 0x40a     x12=fffffff8 x12:ffffe240
26881135ns          461368 1c00908e 40a7d793 srai             x15, x15, 0x40a     x15=ffffffbd x15:fffef740
26881175ns          461370 1c009090 40a75713 srai             x14, x14, 0x40a     x14=ffffffe6 x14:ffff9945
26881195ns          461371 1c009092 40c686b3 sub              x13, x13, x12       x13=ffffff23 x13:ffffff1b x12:fffffff8
26881215ns          461372 1c009094 00e787b3 add              x15, x15, x14       x15=ffffffa3 x15:ffffffbd x14:ffffffe6
26881235ns          461373 1c009096 00d51823 sh               x13, 16(x10)        x13:ffffff23 x10:10001fa4  PA:10001fb4
26881255ns          461374 1c00909a 00f51923 sh               x15, 18(x10)        x15:ffffffa3 x10:10001fa4  PA:10001fb6
26881275ns          461375 1c00909e 00008067 jalr             x0, x1, 0            x1:1c0093e8
26881354ns          461379 1c0093e8 2dc15583 lhu              x11, 732(x2)        x11=0000ff23  x2:10001cd8  PA:10001fb4
26881414ns          461382 1c0093ec 2de15783 lhu              x15, 734(x2)        x15=0000ffa3  x2:10001cd8  PA:10001fb6
26881434ns          461383 1c0093f0 40b90933 sub              x18, x18, x11       x18=ffff000c x18:ffffff2f x11:0000ff23
26881454ns          461384 1c0093f4 40f484b3 sub              x9, x9, x15          x9=ffff002f  x9:ffffffd2 x15:0000ffa3
26881474ns          461385 1c0093f6 100945b3 p.exths          x11, x18, x0        x11=0000000c x18:ffff000c
26881493ns          461386 1c0093fa 1004c7b3 p.exths          x15, x9, x0         x15=0000002f  x9:ffff002f
26881513ns          461387 1c0093fe 034586b3 mul              x13, x11, x20       x13=fffff5a4 x11:0000000c x20:ffffff23
26881533ns          461388 1c009402 03378533 mul              x10, x15, x19       x10=fffff440 x15:0000002f x19:ffffffc0
26881553ns          461389 1c009406 034a0633 mul              x12, x20, x20       x12=0000bec9 x20:ffffff23 x20:ffffff23
26881573ns          461390 1c00940a 03398733 mul              x14, x19, x19       x14=00001000 x19:ffffffc0 x19:ffffffc0
26881613ns          461392 1c00940e 034787b3 mul              x15, x15, x20       x15=ffffd76d x15:0000002f x20:ffffff23
26881652ns          461394 1c009412 033585b3 mul              x11, x11, x19       x11=fffffd00 x11:0000000c x19:ffffffc0
26881672ns          461395 1c009416 40a75713 srai             x14, x14, 0x40a     x14=00000004 x14:00001000
26881692ns          461396 1c009418 40a5d593 srai             x11, x11, 0x40a     x11=ffffffff x11:fffffd00
26881712ns          461397 1c00941a 40a65613 srai             x12, x12, 0x40a     x12=0000002f x12:0000bec9
26881732ns          461398 1c00941c 40a7d793 srai             x15, x15, 0x40a     x15=fffffff5 x15:ffffd76d
26881752ns          461399 1c00941e 1c0034b7 lui              x9, 0x1c003000       x9=1c003000
26881772ns          461400 1c009422 00e60633 add              x12, x12, x14       x12=00000033 x12:0000002f x14:00000004
26881792ns          461401 1c009424 40b787b3 sub              x15, x15, x11       x15=fffffff6 x15:fffffff5 x11:ffffffff
26881812ns          461402 1c009426 eb048493 addi             x9, x9, -336         x9=1c002eb0  x9:1c003000
26881831ns          461403 1c00942a 1c0032b7 lui              x5, 0x1c003000       x5=1c003000
26881851ns          461404 1c00942e 1c0035b7 lui              x11, 0x1c003000     x11=1c003000
26881871ns          461405 1c009432 018483b3 add              x7, x9, x24          x7=1c002eb6  x9:1c002eb0 x24:00000006
26881891ns          461406 1c009436 02812e83 lw               x29, 40(x2)         x29=1c002ec6  x2:10001cd8  PA:10001d00
26881911ns          461407 1c009438 10065633 p.exthz          x12, x12, x0        x12=00000033 x12:00000033
26881931ns          461408 1c00943c e8028293 addi             x5, x5, -384         x5=1c002e80  x5:1c003000
26881951ns          461409 1c009440 ea058593 addi             x11, x11, -352      x11=1c002ea0 x11:1c003000
26881971ns          461410 1c009444 03812483 lw               x9, 56(x2)           x9=1c002ee6  x2:10001cd8  PA:10001d10
26881991ns          461411 1c009446 10064733 p.exths          x14, x12, x0        x14=00000033 x12:00000033
26882010ns          461412 1c00944a 018280b3 add              x1, x5, x24          x1=1c002e86  x5:1c002e80 x24:00000006
26882030ns          461413 1c00944e 03012f03 lw               x30, 48(x2)         x30=1c002ed6  x2:10001cd8  PA:10001d08
26882050ns          461414 1c009450 018582b3 add              x5, x11, x24         x5=1c002ea6 x11:1c002ea0 x24:00000006
26882070ns          461415 1c009454 04012583 lw               x11, 64(x2)         x11=1c002ef6  x2:10001cd8  PA:10001d18
26882090ns          461416 1c009456 000edd83 lhu              x27, 0(x29)         x27=000006b4 x29:1c002ec6  PA:1c002ec6
26882408ns          461432 1c00945a 0004d483 lhu              x9, 0(x9)            x9=000000d4  x9:1c002ee6  PA:1c002ee6
26882726ns          461448 1c00945e 02e70333 mul              x6, x14, x14         x6=00000a29 x14:00000033 x14:00000033
26882746ns          461449 1c009462 40a55513 srai             x10, x10, 0x40a     x10=fffffffd x10:fffff440
26882766ns          461450 1c009464 04812e83 lw               x29, 72(x2)         x29=1c002f06  x2:10001cd8  PA:10001d20
26882786ns          461451 1c009466 40a6d693 srai             x13, x13, 0x40a     x13=fffffffd x13:fffff5a4
26882806ns          461452 1c009468 000f5d03 lhu              x26, 0(x30)         x26=0000020f x30:1c002ed6  PA:1c002ed6
26883104ns          461467 1c00946c 0005d583 lhu              x11, 0(x11)         x11=0000005d x11:1c002ef6  PA:1c002ef6
26883442ns          461484 1c009470 40a35313 srai             x6, x6, 0x40a        x6=00000002  x6:00000a29
26883462ns          461485 1c009474 00a686b3 add              x13, x13, x10       x13=fffffffa x13:fffffffd x10:fffffffd
26883482ns          461486 1c009476 05012f03 lw               x30, 80(x2)         x30=1c002e76  x2:10001cd8  PA:10001d28
26883502ns          461487 1c009478 10034e33 p.exths          x28, x6, x0         x28=00000002  x6:00000002
26883522ns          461488 1c00947c 06911023 sh               x9, 96(x2)           x9:000000d4  x2:10001cd8  PA:10001d38
26883542ns          461489 1c009480 000ede83 lhu              x29, 0(x29)         x29=0000002b x29:1c002f06  PA:1c002f06
26883860ns          461505 1c009484 05812483 lw               x9, 88(x2)           x9=1c002e66  x2:10001cd8  PA:10001d30
26883880ns          461506 1c009486 1006d6b3 p.exthz          x13, x13, x0        x13=0000fffa x13:fffffffa
26883900ns          461507 1c00948a 02ee08b3 mul              x17, x28, x14       x17=00000066 x28:00000002 x14:00000033
26883920ns          461508 1c00948e 1006c833 p.exths          x16, x13, x0        x16=fffffffa x13:0000fffa
26883940ns          461509 1c009492 06b11823 sh               x11, 112(x2)        x11:0000005d  x2:10001cd8  PA:10001d48
26883960ns          461510 1c009496 000f5f03 lhu              x30, 0(x30)         x30=0000ffa3 x30:1c002e76  PA:1c002e76
26884258ns          461525 1c00949a 0a012583 lw               x11, 160(x2)        x11=1c002e96  x2:10001cd8  PA:10001d78
26884278ns          461526 1c00949c 1007d7b3 p.exthz          x15, x15, x0        x15=0000fff6 x15:fffffff6
26884298ns          461527 1c0094a0 0004da03 lhu              x20, 0(x9)          x20=0000fe6a  x9:1c002e66  PA:1c002e66
26884596ns          461542 1c0094a4 1007c533 p.exths          x10, x15, x0        x10=fffffff6 x15:0000fff6
26884616ns          461543 1c0094a8 09d11023 sh               x29, 128(x2)        x29:0000002b  x2:10001cd8  PA:10001d58
26884636ns          461544 1c0094ac 0003d483 lhu              x9, 0(x7)            x9=0000ffec  x7:1c002eb6  PA:1c002eb6
26885014ns          461563 1c0094b0 02e80eb3 mul              x29, x16, x14       x29=fffffece x16:fffffffa x14:00000033
26885033ns          461564 1c0094b4 40a8d893 srai             x17, x17, 0x40a     x17=00000000 x17:00000066
26885053ns          461565 1c0094b8 03c80833 mul              x16, x16, x28       x16=fffffff4 x16:fffffffa x28:00000002
26885073ns          461566 1c0094bc 09e11823 sh               x30, 144(x2)        x30:0000ffa3  x2:10001cd8  PA:10001d68
26885093ns          461567 1c0094c0 0005d983 lhu              x19, 0(x11)         x19=0000ffda x11:1c002e96  PA:1c002e96
26885471ns          461586 1c0094c4 81c88f5b p.muls           x30, x17, x28       x30=00000000 x17:00000000 x28:00000002
26885491ns          461587 1c0094c8 0002d583 lhu              x11, 0(x5)          x11=0000ffc1  x5:1c002ea6  PA:1c002ea6
26885889ns          461607 1c0094cc 03ce0fb3 mul              x31, x28, x28       x31=00000004 x28:00000002 x28:00000002
26885909ns          461608 1c0094d0 02e50733 mul              x14, x10, x14       x14=fffffe02 x10:fffffff6 x14:00000033
26885928ns          461609 1c0094d4 40a85813 srai             x16, x16, 0x40a     x16=ffffffff x16:fffffff4
26885948ns          461610 1c0094d8 03c50533 mul              x10, x10, x28       x10=ffffffec x10:fffffff6 x28:00000002
26885968ns          461611 1c0094dc 07015e03 lhu              x28, 112(x2)        x28=0000005d  x2:10001cd8  PA:10001d48
26886008ns          461613 1c0094e0 01b60633 add              x12, x12, x27       x12=000006e7 x12:00000033 x27:000006b4
26886028ns          461614 1c0094e2 00980833 add              x16, x16, x9        x16=0000ffeb x16:ffffffff  x9:0000ffec
26886048ns          461615 1c0094e4 06015d83 lhu              x27, 96(x2)         x27=000000d4  x2:10001cd8  PA:10001d38
26886068ns          461616 1c0094e8 02812483 lw               x9, 40(x2)           x9=1c002ec6  x2:10001cd8  PA:10001d00
26886088ns          461617 1c0094ea 40afdf93 srai             x31, x31, 0x40a     x31=00000000 x31:00000004
26886107ns          461618 1c0094ee 40a55513 srai             x10, x10, 0x40a     x10=ffffffff x10:ffffffec
26886127ns          461619 1c0094f0 01cf8fb3 add              x31, x31, x28       x31=0000005d x31:00000000 x28:0000005d
26886147ns          461620 1c0094f2 00b50533 add              x10, x10, x11       x10=0000ffc0 x10:ffffffff x11:0000ffc1
26886167ns          461621 1c0094f4 09015e03 lhu              x28, 144(x2)        x28=0000ffa3  x2:10001cd8  PA:10001d68
26886187ns          461622 1c0094f8 03012583 lw               x11, 48(x2)         x11=1c002ed6  x2:10001cd8  PA:10001d08
26886207ns          461623 1c0094fa 00c49023 sh               x12, 0(x9)          x12:000006e7  x9:1c002ec6  PA:1c002ec6
26886545ns          461640 1c0094fe 01b888b3 add              x17, x17, x27       x17=000000d4 x17:00000000 x27:000000d4
26886565ns          461641 1c009500 01a30333 add              x6, x6, x26          x6=00000211  x6:00000002 x26:0000020f
26886585ns          461642 1c009502 08015d83 lhu              x27, 128(x2)        x27=0000002b  x2:10001cd8  PA:10001d58
26886605ns          461643 1c009506 0000d903 lhu              x18, 0(x1)          x18=0000ff70  x1:1c002e86  PA:1c002e86
26886943ns          461660 1c00950a 01c686b3 add              x13, x13, x28       x13=0001ff9d x13:0000fffa x28:0000ffa3
26886963ns          461661 1c00950c 00659023 sh               x6, 0(x11)           x6:00000211 x11:1c002ed6  PA:1c002ed6
26887301ns          461678 1c009510 40af5f13 srai             x30, x30, 0x40a     x30=00000000 x30:00000000
26887321ns          461679 1c009514 04812e03 lw               x28, 72(x2)         x28=1c002f06  x2:10001cd8  PA:10001d20
26887340ns          461680 1c009516 01bf0f33 add              x30, x30, x27       x30=0000002b x30:00000000 x27:0000002b
26887360ns          461681 1c009518 40aede93 srai             x29, x29, 0x40a     x29=ffffffff x29:fffffece
26887380ns          461682 1c00951c 40a75713 srai             x14, x14, 0x40a     x14=ffffffff x14:fffffe02
26887400ns          461683 1c00951e 03812603 lw               x12, 56(x2)         x12=1c002ee6  x2:10001cd8  PA:10001d10
26887420ns          461684 1c009520 04012d83 lw               x27, 64(x2)         x27=1c002ef6  x2:10001cd8  PA:10001d18
26887440ns          461685 1c009522 01ee1023 sh               x30, 0(x28)         x30:0000002b x28:1c002f06  PA:1c002f06
26887778ns          461702 1c009526 05812483 lw               x9, 88(x2)           x9=1c002e66  x2:10001cd8  PA:10001d30
26887798ns          461703 1c009528 05012f03 lw               x30, 80(x2)         x30=1c002e76  x2:10001cd8  PA:10001d28
26887818ns          461704 1c00952a 0a012583 lw               x11, 160(x2)        x11=1c002e96  x2:10001cd8  PA:10001d78
26887838ns          461705 1c00952c 014787b3 add              x15, x15, x20       x15=0001fe60 x15:0000fff6 x20:0000fe6a
26887858ns          461706 1c00952e 013e8eb3 add              x29, x29, x19       x29=0000ffd9 x29:ffffffff x19:0000ffda
26887877ns          461707 1c009530 01270733 add              x14, x14, x18       x14=0000ff6f x14:ffffffff x18:0000ff70
26887897ns          461708 1c009532 00f49023 sh               x15, 0(x9)          x15:0001fe60  x9:1c002e66  PA:1c002e66
26888216ns          461724 1c009536 01161023 sh               x17, 0(x12)         x17:000000d4 x12:1c002ee6  PA:1c002ee6
26888534ns          461740 1c00953a 01fd9023 sh               x31, 0(x27)         x31:0000005d x27:1c002ef6  PA:1c002ef6
26888852ns          461756 1c00953e 00df1023 sh               x13, 0(x30)         x13:0001ff9d x30:1c002e76  PA:1c002e76
26889170ns          461772 1c009542 01d59023 sh               x29, 0(x11)         x29:0000ffd9 x11:1c002e96  PA:1c002e96
26889488ns          461788 1c009546 00e09023 sh               x14, 0(x1)          x14:0000ff6f  x1:1c002e86  PA:1c002e86
26889807ns          461804 1c00954a 01039023 sh               x16, 0(x7)          x16:0000ffeb  x7:1c002eb6  PA:1c002eb6
26890125ns          461820 1c00954e 00a29023 sh               x10, 0(x5)          x10:0000ffc0  x5:1c002ea6  PA:1c002ea6
26890483ns          461838 1c009552 008b0b13 addi             x22, x22, 8         x22=00000073 x22:0000006b
26890503ns          461839 1c009554 1f300793 addi             x15, x0, 499        x15=000001f3
26890523ns          461840 1c009558 e767dae3 bge              x15, x22, -396      x15:000001f3 x22:00000073
26890582ns          461843 1c0093cc 010c9a0b p.lh             x20, 16(x25!)       x20=0000011a x25=1c00277e x25:1c00276e  PA:1c00276e
26890940ns          461861 1c0093d0 0104198b p.lh             x19, 16(x8!)        x19=0000000a  x8=1c001f46  x8:1c001f36  PA:1c001f36
26891298ns          461879 1c0093d4 2cc10513 addi             x10, x2, 716        x10=10001fa4  x2:10001cd8
26891318ns          461880 1c0093d6 010a990b p.lh             x18, 16(x21!)       x18=00000117 x21=1c001772 x21:1c001762  PA:1c001762
26891656ns          461897 1c0093da 010b948b p.lh             x9, 16(x23!)         x9=00000004 x23=1c000fa2 x23:1c000f92  PA:1c000f92
26891954ns          461912 1c0093de 2d411623 sh               x20, 716(x2)        x20:0000011a  x2:10001cd8  PA:10001fa4
26891974ns          461913 1c0093e2 2d311723 sh               x19, 718(x2)        x19:0000000a  x2:10001cd8  PA:10001fa6
26891994ns          461914 1c0093e6 c33ff0ef jal              x1, -974             x1=1c0093e8
26892074ns          461918 1c009018 00051803 lh               x16, 0(x10)         x16=0000011a x10:10001fa4  PA:10001fa4
26892114ns          461920 1c00901c 00251883 lh               x17, 2(x10)         x17=0000000a x10:10001fa4  PA:10001fa6
26892133ns          461921 1c009020 030806b3 mul              x13, x16, x16       x13=000136a4 x16:0000011a x16:0000011a
26892153ns          461922 1c009024 03188633 mul              x12, x17, x17       x12=00000064 x17:0000000a x17:0000000a
26892173ns          461923 1c009028 40a65613 srai             x12, x12, 0x40a     x12=00000000 x12:00000064
26892193ns          461924 1c00902a 40a6d693 srai             x13, x13, 0x40a     x13=0000004d x13:000136a4
26892213ns          461925 1c00902c 00c686b3 add              x13, x13, x12       x13=0000004d x13:0000004d x12:00000000
26892233ns          461926 1c00902e 1006c633 p.exths          x12, x13, x0        x12=0000004d x13:0000004d
26892253ns          461927 1c009032 00855703 lhu              x14, 8(x10)         x14=0000ffd1 x10:10001fa4  PA:10001fac
26892273ns          461928 1c009036 00a55683 lhu              x13, 10(x10)        x13=0000ff6a x10:10001fa4  PA:10001fae
26892293ns          461929 1c00903a 02c60333 mul              x6, x12, x12         x6=00001729 x12:0000004d x12:0000004d
26892312ns          461930 1c00903e 00c55783 lhu              x15, 12(x10)        x15=0000ffe5 x10:10001fa4  PA:10001fb0
26892332ns          461931 1c009042 00e55583 lhu              x11, 14(x10)        x11=00000060 x10:10001fa4  PA:10001fb2
26892352ns          461932 1c009046 dea30333 p.extract        x6, x6, 15, 10       x6=00000005  x6:00001729
26892372ns          461933 1c00904a 80c7075b p.muls           x14, x14, x12       x14=fffff1dd x14:0000ffd1 x12:0000004d
26892392ns          461934 1c00904e 80c686db p.muls           x13, x13, x12       x13=ffffd2e2 x13:0000ff6a x12:0000004d
26892412ns          461935 1c009052 00455e83 lhu              x29, 4(x10)         x29=00000427 x10:10001fa4  PA:10001fa8
26892432ns          461936 1c009056 00655e03 lhu              x28, 6(x10)         x28=0000007f x10:10001fa4  PA:10001faa
26892452ns          461937 1c00905a 40a75713 srai             x14, x14, 0x40a     x14=fffffffc x14:fffff1dd
26892472ns          461938 1c00905c 806787db p.muls           x15, x15, x6        x15=ffffff79 x15:0000ffe5  x6:00000005
26892491ns          461939 1c009060 40a6d693 srai             x13, x13, 0x40a     x13=fffffff4 x13:ffffd2e2
26892531ns          461941 1c009062 8065865b p.muls           x12, x11, x6        x12=000001e0 x11:00000060  x6:00000005
26892551ns          461942 1c009066 40a7d793 srai             x15, x15, 0x40a     x15=ffffffff x15:ffffff79
26892571ns          461943 1c009068 40a65613 srai             x12, x12, 0x40a     x12=00000000 x12:000001e0
26892591ns          461944 1c00906a 01d70733 add              x14, x14, x29       x14=00000423 x14:fffffffc x29:00000427
26892611ns          461945 1c00906c 01c686b3 add              x13, x13, x28       x13=00000073 x13:fffffff4 x28:0000007f
26892631ns          461946 1c00906e 00c686b3 add              x13, x13, x12       x13=00000073 x13:00000073 x12:00000000
26892651ns          461947 1c009070 00f70733 add              x14, x14, x15       x14=00000422 x14:00000423 x15:ffffffff
26892670ns          461948 1c009072 100747b3 p.exths          x15, x14, x0        x15=00000422 x14:00000422
26892690ns          461949 1c009076 1006c733 p.exths          x14, x13, x0        x14=00000073 x13:00000073
26892710ns          461950 1c00907a 03170633 mul              x12, x14, x17       x12=0000047e x14:00000073 x17:0000000a
26892730ns          461951 1c00907e 030786b3 mul              x13, x15, x16       x13=00048d74 x15:00000422 x16:0000011a
26892750ns          461952 1c009082 03070733 mul              x14, x14, x16       x14=00007eae x14:00000073 x16:0000011a
26892770ns          461953 1c009086 031787b3 mul              x15, x15, x17       x15=00002954 x15:00000422 x17:0000000a
26892790ns          461954 1c00908a 40a6d693 srai             x13, x13, 0x40a     x13=00000123 x13:00048d74
26892810ns          461955 1c00908c 40a65613 srai             x12, x12, 0x40a     x12=00000001 x12:0000047e
26892830ns          461956 1c00908e 40a7d793 srai             x15, x15, 0x40a     x15=0000000a x15:00002954
26892849ns          461957 1c009090 40a75713 srai             x14, x14, 0x40a     x14=0000001f x14:00007eae
26892869ns          461958 1c009092 40c686b3 sub              x13, x13, x12       x13=00000122 x13:00000123 x12:00000001
26892889ns          461959 1c009094 00e787b3 add              x15, x15, x14       x15=00000029 x15:0000000a x14:0000001f
26892909ns          461960 1c009096 00d51823 sh               x13, 16(x10)        x13:00000122 x10:10001fa4  PA:10001fb4
26892949ns          461962 1c00909a 00f51923 sh               x15, 18(x10)        x15:00000029 x10:10001fa4  PA:10001fb6
26892969ns          461963 1c00909e 00008067 jalr             x0, x1, 0            x1:1c0093e8
26893009ns          461965 1c0093e8 2dc15583 lhu              x11, 732(x2)        x11=00000122  x2:10001cd8  PA:10001fb4
26893068ns          461968 1c0093ec 2de15783 lhu              x15, 734(x2)        x15=00000029  x2:10001cd8  PA:10001fb6
26893088ns          461969 1c0093f0 40b90933 sub              x18, x18, x11       x18=fffffff5 x18:00000117 x11:00000122
26893108ns          461970 1c0093f4 40f484b3 sub              x9, x9, x15          x9=ffffffdb  x9:00000004 x15:00000029
26893128ns          461971 1c0093f6 100945b3 p.exths          x11, x18, x0        x11=fffffff5 x18:fffffff5
26893148ns          461972 1c0093fa 1004c7b3 p.exths          x15, x9, x0         x15=ffffffdb  x9:ffffffdb
26893168ns          461973 1c0093fe 034586b3 mul              x13, x11, x20       x13=fffff3e2 x11:fffffff5 x20:0000011a
26893188ns          461974 1c009402 03378533 mul              x10, x15, x19       x10=fffffe8e x15:ffffffdb x19:0000000a
26893207ns          461975 1c009406 034a0633 mul              x12, x20, x20       x12=000136a4 x20:0000011a x20:0000011a
26893227ns          461976 1c00940a 03398733 mul              x14, x19, x19       x14=00000064 x19:0000000a x19:0000000a
26893287ns          461979 1c00940e 034787b3 mul              x15, x15, x20       x15=ffffd73e x15:ffffffdb x20:0000011a
26893327ns          461981 1c009412 033585b3 mul              x11, x11, x19       x11=ffffff92 x11:fffffff5 x19:0000000a
26893347ns          461982 1c009416 40a75713 srai             x14, x14, 0x40a     x14=00000000 x14:00000064
26893367ns          461983 1c009418 40a5d593 srai             x11, x11, 0x40a     x11=ffffffff x11:ffffff92
26893386ns          461984 1c00941a 40a65613 srai             x12, x12, 0x40a     x12=0000004d x12:000136a4
26893406ns          461985 1c00941c 40a7d793 srai             x15, x15, 0x40a     x15=fffffff5 x15:ffffd73e
26893426ns          461986 1c00941e 1c0034b7 lui              x9, 0x1c003000       x9=1c003000
26893446ns          461987 1c009422 00e60633 add              x12, x12, x14       x12=0000004d x12:0000004d x14:00000000
26893466ns          461988 1c009424 40b787b3 sub              x15, x15, x11       x15=fffffff6 x15:fffffff5 x11:ffffffff
26893486ns          461989 1c009426 eb048493 addi             x9, x9, -336         x9=1c002eb0  x9:1c003000
26893506ns          461990 1c00942a 1c0032b7 lui              x5, 0x1c003000       x5=1c003000
26893526ns          461991 1c00942e 1c0035b7 lui              x11, 0x1c003000     x11=1c003000
26893546ns          461992 1c009432 018483b3 add              x7, x9, x24          x7=1c002eb6  x9:1c002eb0 x24:00000006
26893565ns          461993 1c009436 02812e83 lw               x29, 40(x2)         x29=1c002ec6  x2:10001cd8  PA:10001d00
26893585ns          461994 1c009438 10065633 p.exthz          x12, x12, x0        x12=0000004d x12:0000004d
26893605ns          461995 1c00943c e8028293 addi             x5, x5, -384         x5=1c002e80  x5:1c003000
26893645ns          461997 1c009440 ea058593 addi             x11, x11, -352      x11=1c002ea0 x11:1c003000
26893685ns          461999 1c009444 03812483 lw               x9, 56(x2)           x9=1c002ee6  x2:10001cd8  PA:10001d10
26893705ns          462000 1c009446 10064733 p.exths          x14, x12, x0        x14=0000004d x12:0000004d
26893725ns          462001 1c00944a 018280b3 add              x1, x5, x24          x1=1c002e86  x5:1c002e80 x24:00000006
26893744ns          462002 1c00944e 03012f03 lw               x30, 48(x2)         x30=1c002ed6  x2:10001cd8  PA:10001d08
26893764ns          462003 1c009450 018582b3 add              x5, x11, x24         x5=1c002ea6 x11:1c002ea0 x24:00000006
26893784ns          462004 1c009454 04012583 lw               x11, 64(x2)         x11=1c002ef6  x2:10001cd8  PA:10001d18
26893804ns          462005 1c009456 000edd83 lhu              x27, 0(x29)         x27=000006e7 x29:1c002ec6  PA:1c002ec6
26894102ns          462020 1c00945a 0004d483 lhu              x9, 0(x9)            x9=000000d4  x9:1c002ee6  PA:1c002ee6
26894401ns          462035 1c00945e 02e70333 mul              x6, x14, x14         x6=00001729 x14:0000004d x14:0000004d
26894421ns          462036 1c009462 40a55513 srai             x10, x10, 0x40a     x10=ffffffff x10:fffffe8e
26894440ns          462037 1c009464 04812e83 lw               x29, 72(x2)         x29=1c002f06  x2:10001cd8  PA:10001d20
26894460ns          462038 1c009466 40a6d693 srai             x13, x13, 0x40a     x13=fffffffc x13:fffff3e2
26894480ns          462039 1c009468 000f5d03 lhu              x26, 0(x30)         x26=00000211 x30:1c002ed6  PA:1c002ed6
26894798ns          462055 1c00946c 0005d583 lhu              x11, 0(x11)         x11=0000005d x11:1c002ef6  PA:1c002ef6
26895097ns          462070 1c009470 40a35313 srai             x6, x6, 0x40a        x6=00000005  x6:00001729
26895117ns          462071 1c009474 00a686b3 add              x13, x13, x10       x13=fffffffb x13:fffffffc x10:ffffffff
26895137ns          462072 1c009476 05012f03 lw               x30, 80(x2)         x30=1c002e76  x2:10001cd8  PA:10001d28
26895156ns          462073 1c009478 10034e33 p.exths          x28, x6, x0         x28=00000005  x6:00000005
26895176ns          462074 1c00947c 06911023 sh               x9, 96(x2)           x9:000000d4  x2:10001cd8  PA:10001d38
26895196ns          462075 1c009480 000ede83 lhu              x29, 0(x29)         x29=0000002b x29:1c002f06  PA:1c002f06
26895495ns          462090 1c009484 05812483 lw               x9, 88(x2)           x9=1c002e66  x2:10001cd8  PA:10001d30
26895514ns          462091 1c009486 1006d6b3 p.exthz          x13, x13, x0        x13=0000fffb x13:fffffffb
26895534ns          462092 1c00948a 02ee08b3 mul              x17, x28, x14       x17=00000181 x28:00000005 x14:0000004d
26895554ns          462093 1c00948e 1006c833 p.exths          x16, x13, x0        x16=fffffffb x13:0000fffb
26895574ns          462094 1c009492 06b11823 sh               x11, 112(x2)        x11:0000005d  x2:10001cd8  PA:10001d48
26895594ns          462095 1c009496 000f5f03 lhu              x30, 0(x30)         x30=0000ff9d x30:1c002e76  PA:1c002e76
26895912ns          462111 1c00949a 0a012583 lw               x11, 160(x2)        x11=1c002e96  x2:10001cd8  PA:10001d78
26895932ns          462112 1c00949c 1007d7b3 p.exthz          x15, x15, x0        x15=0000fff6 x15:fffffff6
26895952ns          462113 1c0094a0 0004da03 lhu              x20, 0(x9)          x20=0000fe60  x9:1c002e66  PA:1c002e66
26896330ns          462132 1c0094a4 1007c533 p.exths          x10, x15, x0        x10=fffffff6 x15:0000fff6
26896350ns          462133 1c0094a8 09d11023 sh               x29, 128(x2)        x29:0000002b  x2:10001cd8  PA:10001d58
26896370ns          462134 1c0094ac 0003d483 lhu              x9, 0(x7)            x9=0000ffeb  x7:1c002eb6  PA:1c002eb6
26896668ns          462149 1c0094b0 02e80eb3 mul              x29, x16, x14       x29=fffffe7f x16:fffffffb x14:0000004d
26896688ns          462150 1c0094b4 40a8d893 srai             x17, x17, 0x40a     x17=00000000 x17:00000181
26896708ns          462151 1c0094b8 03c80833 mul              x16, x16, x28       x16=ffffffe7 x16:fffffffb x28:00000005
26896728ns          462152 1c0094bc 09e11823 sh               x30, 144(x2)        x30:0000ff9d  x2:10001cd8  PA:10001d68
26896747ns          462153 1c0094c0 0005d983 lhu              x19, 0(x11)         x19=0000ffd9 x11:1c002e96  PA:1c002e96
26897046ns          462168 1c0094c4 81c88f5b p.muls           x30, x17, x28       x30=00000000 x17:00000000 x28:00000005
26897066ns          462169 1c0094c8 0002d583 lhu              x11, 0(x5)          x11=0000ffc0  x5:1c002ea6  PA:1c002ea6
26897364ns          462184 1c0094cc 03ce0fb3 mul              x31, x28, x28       x31=00000019 x28:00000005 x28:00000005
26897384ns          462185 1c0094d0 02e50733 mul              x14, x10, x14       x14=fffffcfe x10:fffffff6 x14:0000004d
26897404ns          462186 1c0094d4 40a85813 srai             x16, x16, 0x40a     x16=ffffffff x16:ffffffe7
26897424ns          462187 1c0094d8 03c50533 mul              x10, x10, x28       x10=ffffffce x10:fffffff6 x28:00000005
26897444ns          462188 1c0094dc 07015e03 lhu              x28, 112(x2)        x28=0000005d  x2:10001cd8  PA:10001d48
26897463ns          462189 1c0094e0 01b60633 add              x12, x12, x27       x12=00000734 x12:0000004d x27:000006e7
26897483ns          462190 1c0094e2 00980833 add              x16, x16, x9        x16=0000ffea x16:ffffffff  x9:0000ffeb
26897503ns          462191 1c0094e4 06015d83 lhu              x27, 96(x2)         x27=000000d4  x2:10001cd8  PA:10001d38
26897523ns          462192 1c0094e8 02812483 lw               x9, 40(x2)           x9=1c002ec6  x2:10001cd8  PA:10001d00
26897543ns          462193 1c0094ea 40afdf93 srai             x31, x31, 0x40a     x31=00000000 x31:00000019
26897563ns          462194 1c0094ee 40a55513 srai             x10, x10, 0x40a     x10=ffffffff x10:ffffffce
26897583ns          462195 1c0094f0 01cf8fb3 add              x31, x31, x28       x31=0000005d x31:00000000 x28:0000005d
26897603ns          462196 1c0094f2 00b50533 add              x10, x10, x11       x10=0000ffbf x10:ffffffff x11:0000ffc0
26897623ns          462197 1c0094f4 09015e03 lhu              x28, 144(x2)        x28=0000ff9d  x2:10001cd8  PA:10001d68
26897642ns          462198 1c0094f8 03012583 lw               x11, 48(x2)         x11=1c002ed6  x2:10001cd8  PA:10001d08
26897662ns          462199 1c0094fa 00c49023 sh               x12, 0(x9)          x12:00000734  x9:1c002ec6  PA:1c002ec6
26897981ns          462215 1c0094fe 01b888b3 add              x17, x17, x27       x17=000000d4 x17:00000000 x27:000000d4
26898000ns          462216 1c009500 01a30333 add              x6, x6, x26          x6=00000216  x6:00000005 x26:00000211
26898020ns          462217 1c009502 08015d83 lhu              x27, 128(x2)        x27=0000002b  x2:10001cd8  PA:10001d58
26898040ns          462218 1c009506 0000d903 lhu              x18, 0(x1)          x18=0000ff6f  x1:1c002e86  PA:1c002e86
26898339ns          462233 1c00950a 01c686b3 add              x13, x13, x28       x13=0001ff98 x13:0000fffb x28:0000ff9d
26898358ns          462234 1c00950c 00659023 sh               x6, 0(x11)           x6:00000216 x11:1c002ed6  PA:1c002ed6
26898716ns          462252 1c009510 40af5f13 srai             x30, x30, 0x40a     x30=00000000 x30:00000000
26898736ns          462253 1c009514 04812e03 lw               x28, 72(x2)         x28=1c002f06  x2:10001cd8  PA:10001d20
26898756ns          462254 1c009516 01bf0f33 add              x30, x30, x27       x30=0000002b x30:00000000 x27:0000002b
26898776ns          462255 1c009518 40aede93 srai             x29, x29, 0x40a     x29=ffffffff x29:fffffe7f
26898796ns          462256 1c00951c 40a75713 srai             x14, x14, 0x40a     x14=ffffffff x14:fffffcfe
26898816ns          462257 1c00951e 03812603 lw               x12, 56(x2)         x12=1c002ee6  x2:10001cd8  PA:10001d10
26898836ns          462258 1c009520 04012d83 lw               x27, 64(x2)         x27=1c002ef6  x2:10001cd8  PA:10001d18
26898856ns          462259 1c009522 01ee1023 sh               x30, 0(x28)         x30:0000002b x28:1c002f06  PA:1c002f06
26899194ns          462276 1c009526 05812483 lw               x9, 88(x2)           x9=1c002e66  x2:10001cd8  PA:10001d30
26899214ns          462277 1c009528 05012f03 lw               x30, 80(x2)         x30=1c002e76  x2:10001cd8  PA:10001d28
26899233ns          462278 1c00952a 0a012583 lw               x11, 160(x2)        x11=1c002e96  x2:10001cd8  PA:10001d78
26899253ns          462279 1c00952c 014787b3 add              x15, x15, x20       x15=0001fe56 x15:0000fff6 x20:0000fe60
26899273ns          462280 1c00952e 013e8eb3 add              x29, x29, x19       x29=0000ffd8 x29:ffffffff x19:0000ffd9
26899293ns          462281 1c009530 01270733 add              x14, x14, x18       x14=0000ff6e x14:ffffffff x18:0000ff6f
26899313ns          462282 1c009532 00f49023 sh               x15, 0(x9)          x15:0001fe56  x9:1c002e66  PA:1c002e66
26899631ns          462298 1c009536 01161023 sh               x17, 0(x12)         x17:000000d4 x12:1c002ee6  PA:1c002ee6
26899949ns          462314 1c00953a 01fd9023 sh               x31, 0(x27)         x31:0000005d x27:1c002ef6  PA:1c002ef6
26900268ns          462330 1c00953e 00df1023 sh               x13, 0(x30)         x13:0001ff98 x30:1c002e76  PA:1c002e76
26900586ns          462346 1c009542 01d59023 sh               x29, 0(x11)         x29:0000ffd8 x11:1c002e96  PA:1c002e96
26900904ns          462362 1c009546 00e09023 sh               x14, 0(x1)          x14:0000ff6e  x1:1c002e86  PA:1c002e86
26901222ns          462378 1c00954a 01039023 sh               x16, 0(x7)          x16:0000ffea  x7:1c002eb6  PA:1c002eb6
26901560ns          462395 1c00954e 00a29023 sh               x10, 0(x5)          x10:0000ffbf  x5:1c002ea6  PA:1c002ea6
26901879ns          462411 1c009552 008b0b13 addi             x22, x22, 8         x22=0000007b x22:00000073
26901898ns          462412 1c009554 1f300793 addi             x15, x0, 499        x15=000001f3
26901918ns          462413 1c009558 e767dae3 bge              x15, x22, -396      x15:000001f3 x22:0000007b
26901978ns          462416 1c0093cc 010c9a0b p.lh             x20, 16(x25!)       x20=ffffff1b x25=1c00278e x25:1c00277e  PA:1c00277e
26902296ns          462432 1c0093d0 0104198b p.lh             x19, 16(x8!)        x19=ffffffc0  x8=1c001f56  x8:1c001f46  PA:1c001f46
26902614ns          462448 1c0093d4 2cc10513 addi             x10, x2, 716        x10=10001fa4  x2:10001cd8
26902634ns          462449 1c0093d6 010a990b p.lh             x18, 16(x21!)       x18=ffffff18 x21=1c001782 x21:1c001772  PA:1c001772
26902933ns          462464 1c0093da 010b948b p.lh             x9, 16(x23!)         x9=ffffffc7 x23=1c000fb2 x23:1c000fa2  PA:1c000fa2
26903231ns          462479 1c0093de 2d411623 sh               x20, 716(x2)        x20:ffffff1b  x2:10001cd8  PA:10001fa4
26903251ns          462480 1c0093e2 2d311723 sh               x19, 718(x2)        x19:ffffffc0  x2:10001cd8  PA:10001fa6
26903271ns          462481 1c0093e6 c33ff0ef jal              x1, -974             x1=1c0093e8
26903311ns          462483 1c009018 00051803 lh               x16, 0(x10)         x16=ffffff1b x10:10001fa4  PA:10001fa4
26903330ns          462484 1c00901c 00251883 lh               x17, 2(x10)         x17=ffffffc0 x10:10001fa4  PA:10001fa6
26903390ns          462487 1c009020 030806b3 mul              x13, x16, x16       x13=0000ccd9 x16:ffffff1b x16:ffffff1b
26903430ns          462489 1c009024 03188633 mul              x12, x17, x17       x12=00001000 x17:ffffffc0 x17:ffffffc0
26903450ns          462490 1c009028 40a65613 srai             x12, x12, 0x40a     x12=00000004 x12:00001000
26903470ns          462491 1c00902a 40a6d693 srai             x13, x13, 0x40a     x13=00000033 x13:0000ccd9
26903490ns          462492 1c00902c 00c686b3 add              x13, x13, x12       x13=00000037 x13:00000033 x12:00000004
26903509ns          462493 1c00902e 1006c633 p.exths          x12, x13, x0        x12=00000037 x13:00000037
26903529ns          462494 1c009032 00855703 lhu              x14, 8(x10)         x14=0000ffd1 x10:10001fa4  PA:10001fac
26903549ns          462495 1c009036 00a55683 lhu              x13, 10(x10)        x13=0000ff6a x10:10001fa4  PA:10001fae
26903569ns          462496 1c00903a 02c60333 mul              x6, x12, x12         x6=00000bd1 x12:00000037 x12:00000037
26903609ns          462498 1c00903e 00c55783 lhu              x15, 12(x10)        x15=0000ffe5 x10:10001fa4  PA:10001fb0
26903649ns          462500 1c009042 00e55583 lhu              x11, 14(x10)        x11=00000060 x10:10001fa4  PA:10001fb2
26903669ns          462501 1c009046 dea30333 p.extract        x6, x6, 15, 10       x6=00000002  x6:00000bd1
26903688ns          462502 1c00904a 80c7075b p.muls           x14, x14, x12       x14=fffff5e7 x14:0000ffd1 x12:00000037
26903708ns          462503 1c00904e 80c686db p.muls           x13, x13, x12       x13=ffffdfc6 x13:0000ff6a x12:00000037
26903728ns          462504 1c009052 00455e83 lhu              x29, 4(x10)         x29=00000427 x10:10001fa4  PA:10001fa8
26903748ns          462505 1c009056 00655e03 lhu              x28, 6(x10)         x28=0000007f x10:10001fa4  PA:10001faa
26903768ns          462506 1c00905a 40a75713 srai             x14, x14, 0x40a     x14=fffffffd x14:fffff5e7
26903788ns          462507 1c00905c 806787db p.muls           x15, x15, x6        x15=ffffffca x15:0000ffe5  x6:00000002
26903808ns          462508 1c009060 40a6d693 srai             x13, x13, 0x40a     x13=fffffff7 x13:ffffdfc6
26903828ns          462509 1c009062 8065865b p.muls           x12, x11, x6        x12=000000c0 x11:00000060  x6:00000002
26903848ns          462510 1c009066 40a7d793 srai             x15, x15, 0x40a     x15=ffffffff x15:ffffffca
26903867ns          462511 1c009068 40a65613 srai             x12, x12, 0x40a     x12=00000000 x12:000000c0
26903887ns          462512 1c00906a 01d70733 add              x14, x14, x29       x14=00000424 x14:fffffffd x29:00000427
26903907ns          462513 1c00906c 01c686b3 add              x13, x13, x28       x13=00000076 x13:fffffff7 x28:0000007f
26903927ns          462514 1c00906e 00c686b3 add              x13, x13, x12       x13=00000076 x13:00000076 x12:00000000
26903947ns          462515 1c009070 00f70733 add              x14, x14, x15       x14=00000423 x14:00000424 x15:ffffffff
26903967ns          462516 1c009072 100747b3 p.exths          x15, x14, x0        x15=00000423 x14:00000423
26903987ns          462517 1c009076 1006c733 p.exths          x14, x13, x0        x14=00000076 x13:00000076
26904007ns          462518 1c00907a 03170633 mul              x12, x14, x17       x12=ffffe280 x14:00000076 x17:ffffffc0
26904026ns          462519 1c00907e 030786b3 mul              x13, x15, x16       x13=fffc4cb1 x15:00000423 x16:ffffff1b
26904046ns          462520 1c009082 03070733 mul              x14, x14, x16       x14=ffff9672 x14:00000076 x16:ffffff1b
26904066ns          462521 1c009086 031787b3 mul              x15, x15, x17       x15=fffef740 x15:00000423 x17:ffffffc0
26904086ns          462522 1c00908a 40a6d693 srai             x13, x13, 0x40a     x13=ffffff13 x13:fffc4cb1
26904106ns          462523 1c00908c 40a65613 srai             x12, x12, 0x40a     x12=fffffff8 x12:ffffe280
26904126ns          462524 1c00908e 40a7d793 srai             x15, x15, 0x40a     x15=ffffffbd x15:fffef740
26904146ns          462525 1c009090 40a75713 srai             x14, x14, 0x40a     x14=ffffffe5 x14:ffff9672
26904166ns          462526 1c009092 40c686b3 sub              x13, x13, x12       x13=ffffff1b x13:ffffff13 x12:fffffff8
26904186ns          462527 1c009094 00e787b3 add              x15, x15, x14       x15=ffffffa2 x15:ffffffbd x14:ffffffe5
26904205ns          462528 1c009096 00d51823 sh               x13, 16(x10)        x13:ffffff1b x10:10001fa4  PA:10001fb4
26904265ns          462531 1c00909a 00f51923 sh               x15, 18(x10)        x15:ffffffa2 x10:10001fa4  PA:10001fb6
26904305ns          462533 1c00909e 00008067 jalr             x0, x1, 0            x1:1c0093e8
26904325ns          462534 1c0093e8 2dc15583 lhu              x11, 732(x2)        x11=0000ff1b  x2:10001cd8  PA:10001fb4
26904345ns          462535 1c0093ec 2de15783 lhu              x15, 734(x2)        x15=0000ffa2  x2:10001cd8  PA:10001fb6
26904365ns          462536 1c0093f0 40b90933 sub              x18, x18, x11       x18=fffefffd x18:ffffff18 x11:0000ff1b
26904384ns          462537 1c0093f4 40f484b3 sub              x9, x9, x15          x9=ffff0025  x9:ffffffc7 x15:0000ffa2
26904404ns          462538 1c0093f6 100945b3 p.exths          x11, x18, x0        x11=fffffffd x18:fffefffd
26904424ns          462539 1c0093fa 1004c7b3 p.exths          x15, x9, x0         x15=00000025  x9:ffff0025
26904444ns          462540 1c0093fe 034586b3 mul              x13, x11, x20       x13=000002af x11:fffffffd x20:ffffff1b
26904464ns          462541 1c009402 03378533 mul              x10, x15, x19       x10=fffff6c0 x15:00000025 x19:ffffffc0
26904484ns          462542 1c009406 034a0633 mul              x12, x20, x20       x12=0000ccd9 x20:ffffff1b x20:ffffff1b
26904504ns          462543 1c00940a 03398733 mul              x14, x19, x19       x14=00001000 x19:ffffffc0 x19:ffffffc0
26904563ns          462546 1c00940e 034787b3 mul              x15, x15, x20       x15=ffffdee7 x15:00000025 x20:ffffff1b
26904603ns          462548 1c009412 033585b3 mul              x11, x11, x19       x11=000000c0 x11:fffffffd x19:ffffffc0
26904623ns          462549 1c009416 40a75713 srai             x14, x14, 0x40a     x14=00000004 x14:00001000
26904643ns          462550 1c009418 40a5d593 srai             x11, x11, 0x40a     x11=00000000 x11:000000c0
26904663ns          462551 1c00941a 40a65613 srai             x12, x12, 0x40a     x12=00000033 x12:0000ccd9
26904683ns          462552 1c00941c 40a7d793 srai             x15, x15, 0x40a     x15=fffffff7 x15:ffffdee7
26904703ns          462553 1c00941e 1c0034b7 lui              x9, 0x1c003000       x9=1c003000
26904723ns          462554 1c009422 00e60633 add              x12, x12, x14       x12=00000037 x12:00000033 x14:00000004
26904742ns          462555 1c009424 40b787b3 sub              x15, x15, x11       x15=fffffff7 x15:fffffff7 x11:00000000
26904762ns          462556 1c009426 eb048493 addi             x9, x9, -336         x9=1c002eb0  x9:1c003000
26904782ns          462557 1c00942a 1c0032b7 lui              x5, 0x1c003000       x5=1c003000
26904802ns          462558 1c00942e 1c0035b7 lui              x11, 0x1c003000     x11=1c003000
26904822ns          462559 1c009432 018483b3 add              x7, x9, x24          x7=1c002eb6  x9:1c002eb0 x24:00000006
26904842ns          462560 1c009436 02812e83 lw               x29, 40(x2)         x29=1c002ec6  x2:10001cd8  PA:10001d00
26904862ns          462561 1c009438 10065633 p.exthz          x12, x12, x0        x12=00000037 x12:00000037
26904882ns          462562 1c00943c e8028293 addi             x5, x5, -384         x5=1c002e80  x5:1c003000
26904902ns          462563 1c009440 ea058593 addi             x11, x11, -352      x11=1c002ea0 x11:1c003000
26904941ns          462565 1c009444 03812483 lw               x9, 56(x2)           x9=1c002ee6  x2:10001cd8  PA:10001d10
26904961ns          462566 1c009446 10064733 p.exths          x14, x12, x0        x14=00000037 x12:00000037
26904981ns          462567 1c00944a 018280b3 add              x1, x5, x24          x1=1c002e86  x5:1c002e80 x24:00000006
26905001ns          462568 1c00944e 03012f03 lw               x30, 48(x2)         x30=1c002ed6  x2:10001cd8  PA:10001d08
26905041ns          462570 1c009450 018582b3 add              x5, x11, x24         x5=1c002ea6 x11:1c002ea0 x24:00000006
26905081ns          462572 1c009454 04012583 lw               x11, 64(x2)         x11=1c002ef6  x2:10001cd8  PA:10001d18
26905100ns          462573 1c009456 000edd83 lhu              x27, 0(x29)         x27=00000734 x29:1c002ec6  PA:1c002ec6
26905399ns          462588 1c00945a 0004d483 lhu              x9, 0(x9)            x9=000000d4  x9:1c002ee6  PA:1c002ee6
26905717ns          462604 1c00945e 02e70333 mul              x6, x14, x14         x6=00000bd1 x14:00000037 x14:00000037
26905737ns          462605 1c009462 40a55513 srai             x10, x10, 0x40a     x10=fffffffd x10:fffff6c0
26905757ns          462606 1c009464 04812e83 lw               x29, 72(x2)         x29=1c002f06  x2:10001cd8  PA:10001d20
26905777ns          462607 1c009466 40a6d693 srai             x13, x13, 0x40a     x13=00000000 x13:000002af
26905797ns          462608 1c009468 000f5d03 lhu              x26, 0(x30)         x26=00000216 x30:1c002ed6  PA:1c002ed6
26906095ns          462623 1c00946c 0005d583 lhu              x11, 0(x11)         x11=0000005d x11:1c002ef6  PA:1c002ef6
26906393ns          462638 1c009470 40a35313 srai             x6, x6, 0x40a        x6=00000002  x6:00000bd1
26906413ns          462639 1c009474 00a686b3 add              x13, x13, x10       x13=fffffffd x13:00000000 x10:fffffffd
26906433ns          462640 1c009476 05012f03 lw               x30, 80(x2)         x30=1c002e76  x2:10001cd8  PA:10001d28
26906453ns          462641 1c009478 10034e33 p.exths          x28, x6, x0         x28=00000002  x6:00000002
26906473ns          462642 1c00947c 06911023 sh               x9, 96(x2)           x9:000000d4  x2:10001cd8  PA:10001d38
26906493ns          462643 1c009480 000ede83 lhu              x29, 0(x29)         x29=0000002b x29:1c002f06  PA:1c002f06
26906811ns          462659 1c009484 05812483 lw               x9, 88(x2)           x9=1c002e66  x2:10001cd8  PA:10001d30
26906831ns          462660 1c009486 1006d6b3 p.exthz          x13, x13, x0        x13=0000fffd x13:fffffffd
26906851ns          462661 1c00948a 02ee08b3 mul              x17, x28, x14       x17=0000006e x28:00000002 x14:00000037
26906870ns          462662 1c00948e 1006c833 p.exths          x16, x13, x0        x16=fffffffd x13:0000fffd
26906890ns          462663 1c009492 06b11823 sh               x11, 112(x2)        x11:0000005d  x2:10001cd8  PA:10001d48
26906910ns          462664 1c009496 000f5f03 lhu              x30, 0(x30)         x30=0000ff98 x30:1c002e76  PA:1c002e76
26907248ns          462681 1c00949a 0a012583 lw               x11, 160(x2)        x11=1c002e96  x2:10001cd8  PA:10001d78
26907268ns          462682 1c00949c 1007d7b3 p.exthz          x15, x15, x0        x15=0000fff7 x15:fffffff7
26907288ns          462683 1c0094a0 0004da03 lhu              x20, 0(x9)          x20=0000fe56  x9:1c002e66  PA:1c002e66
26907586ns          462698 1c0094a4 1007c533 p.exths          x10, x15, x0        x10=fffffff7 x15:0000fff7
26907606ns          462699 1c0094a8 09d11023 sh               x29, 128(x2)        x29:0000002b  x2:10001cd8  PA:10001d58
26907626ns          462700 1c0094ac 0003d483 lhu              x9, 0(x7)            x9=0000ffea  x7:1c002eb6  PA:1c002eb6
26907984ns          462718 1c0094b0 02e80eb3 mul              x29, x16, x14       x29=ffffff5b x16:fffffffd x14:00000037
26908004ns          462719 1c0094b4 40a8d893 srai             x17, x17, 0x40a     x17=00000000 x17:0000006e
26908024ns          462720 1c0094b8 03c80833 mul              x16, x16, x28       x16=fffffffa x16:fffffffd x28:00000002
26908044ns          462721 1c0094bc 09e11823 sh               x30, 144(x2)        x30:0000ff98  x2:10001cd8  PA:10001d68
26908064ns          462722 1c0094c0 0005d983 lhu              x19, 0(x11)         x19=0000ffd8 x11:1c002e96  PA:1c002e96
26908382ns          462738 1c0094c4 81c88f5b p.muls           x30, x17, x28       x30=00000000 x17:00000000 x28:00000002
26908402ns          462739 1c0094c8 0002d583 lhu              x11, 0(x5)          x11=0000ffbf  x5:1c002ea6  PA:1c002ea6
26908740ns          462756 1c0094cc 03ce0fb3 mul              x31, x28, x28       x31=00000004 x28:00000002 x28:00000002
26908760ns          462757 1c0094d0 02e50733 mul              x14, x10, x14       x14=fffffe11 x10:fffffff7 x14:00000037
26908780ns          462758 1c0094d4 40a85813 srai             x16, x16, 0x40a     x16=ffffffff x16:fffffffa
26908800ns          462759 1c0094d8 03c50533 mul              x10, x10, x28       x10=ffffffee x10:fffffff7 x28:00000002
26908820ns          462760 1c0094dc 07015e03 lhu              x28, 112(x2)        x28=0000005d  x2:10001cd8  PA:10001d48
26908839ns          462761 1c0094e0 01b60633 add              x12, x12, x27       x12=0000076b x12:00000037 x27:00000734
26908859ns          462762 1c0094e2 00980833 add              x16, x16, x9        x16=0000ffe9 x16:ffffffff  x9:0000ffea
26908879ns          462763 1c0094e4 06015d83 lhu              x27, 96(x2)         x27=000000d4  x2:10001cd8  PA:10001d38
26908899ns          462764 1c0094e8 02812483 lw               x9, 40(x2)           x9=1c002ec6  x2:10001cd8  PA:10001d00
26908919ns          462765 1c0094ea 40afdf93 srai             x31, x31, 0x40a     x31=00000000 x31:00000004
26908939ns          462766 1c0094ee 40a55513 srai             x10, x10, 0x40a     x10=ffffffff x10:ffffffee
26908959ns          462767 1c0094f0 01cf8fb3 add              x31, x31, x28       x31=0000005d x31:00000000 x28:0000005d
26908979ns          462768 1c0094f2 00b50533 add              x10, x10, x11       x10=0000ffbe x10:ffffffff x11:0000ffbf
26908998ns          462769 1c0094f4 09015e03 lhu              x28, 144(x2)        x28=0000ff98  x2:10001cd8  PA:10001d68
26909018ns          462770 1c0094f8 03012583 lw               x11, 48(x2)         x11=1c002ed6  x2:10001cd8  PA:10001d08
26909038ns          462771 1c0094fa 00c49023 sh               x12, 0(x9)          x12:0000076b  x9:1c002ec6  PA:1c002ec6
26909356ns          462787 1c0094fe 01b888b3 add              x17, x17, x27       x17=000000d4 x17:00000000 x27:000000d4
26909376ns          462788 1c009500 01a30333 add              x6, x6, x26          x6=00000218  x6:00000002 x26:00000216
26909396ns          462789 1c009502 08015d83 lhu              x27, 128(x2)        x27=0000002b  x2:10001cd8  PA:10001d58
26909416ns          462790 1c009506 0000d903 lhu              x18, 0(x1)          x18=0000ff6e  x1:1c002e86  PA:1c002e86
26909734ns          462806 1c00950a 01c686b3 add              x13, x13, x28       x13=0001ff95 x13:0000fffd x28:0000ff98
26909754ns          462807 1c00950c 00659023 sh               x6, 0(x11)           x6:00000218 x11:1c002ed6  PA:1c002ed6
26910072ns          462823 1c009510 40af5f13 srai             x30, x30, 0x40a     x30=00000000 x30:00000000
26910092ns          462824 1c009514 04812e03 lw               x28, 72(x2)         x28=1c002f06  x2:10001cd8  PA:10001d20
26910112ns          462825 1c009516 01bf0f33 add              x30, x30, x27       x30=0000002b x30:00000000 x27:0000002b
26910132ns          462826 1c009518 40aede93 srai             x29, x29, 0x40a     x29=ffffffff x29:ffffff5b
26910152ns          462827 1c00951c 40a75713 srai             x14, x14, 0x40a     x14=ffffffff x14:fffffe11
26910172ns          462828 1c00951e 03812603 lw               x12, 56(x2)         x12=1c002ee6  x2:10001cd8  PA:10001d10
26910192ns          462829 1c009520 04012d83 lw               x27, 64(x2)         x27=1c002ef6  x2:10001cd8  PA:10001d18
26910212ns          462830 1c009522 01ee1023 sh               x30, 0(x28)         x30:0000002b x28:1c002f06  PA:1c002f06
26910530ns          462846 1c009526 05812483 lw               x9, 88(x2)           x9=1c002e66  x2:10001cd8  PA:10001d30
26910550ns          462847 1c009528 05012f03 lw               x30, 80(x2)         x30=1c002e76  x2:10001cd8  PA:10001d28
26910570ns          462848 1c00952a 0a012583 lw               x11, 160(x2)        x11=1c002e96  x2:10001cd8  PA:10001d78
26910590ns          462849 1c00952c 014787b3 add              x15, x15, x20       x15=0001fe4d x15:0000fff7 x20:0000fe56
26910609ns          462850 1c00952e 013e8eb3 add              x29, x29, x19       x29=0000ffd7 x29:ffffffff x19:0000ffd8
26910629ns          462851 1c009530 01270733 add              x14, x14, x18       x14=0000ff6d x14:ffffffff x18:0000ff6e
26910649ns          462852 1c009532 00f49023 sh               x15, 0(x9)          x15:0001fe4d  x9:1c002e66  PA:1c002e66
26910967ns          462868 1c009536 01161023 sh               x17, 0(x12)         x17:000000d4 x12:1c002ee6  PA:1c002ee6
26911286ns          462884 1c00953a 01fd9023 sh               x31, 0(x27)         x31:0000005d x27:1c002ef6  PA:1c002ef6
26911604ns          462900 1c00953e 00df1023 sh               x13, 0(x30)         x13:0001ff95 x30:1c002e76  PA:1c002e76
26911922ns          462916 1c009542 01d59023 sh               x29, 0(x11)         x29:0000ffd7 x11:1c002e96  PA:1c002e96
26912240ns          462932 1c009546 00e09023 sh               x14, 0(x1)          x14:0000ff6d  x1:1c002e86  PA:1c002e86
26912558ns          462948 1c00954a 01039023 sh               x16, 0(x7)          x16:0000ffe9  x7:1c002eb6  PA:1c002eb6
26912916ns          462966 1c00954e 00a29023 sh               x10, 0(x5)          x10:0000ffbe  x5:1c002ea6  PA:1c002ea6
26913235ns          462982 1c009552 008b0b13 addi             x22, x22, 8         x22=00000083 x22:0000007b
26913255ns          462983 1c009554 1f300793 addi             x15, x0, 499        x15=000001f3
26913274ns          462984 1c009558 e767dae3 bge              x15, x22, -396      x15:000001f3 x22:00000083
26913414ns          462991 1c0093cc 010c9a0b p.lh             x20, 16(x25!)       x20=fffffff8 x25=1c00279e x25:1c00278e  PA:1c00278e
26913752ns          463008 1c0093d0 0104198b p.lh             x19, 16(x8!)        x19=ffffffd8  x8=1c001f66  x8:1c001f56  PA:1c001f56
26914050ns          463023 1c0093d4 2cc10513 addi             x10, x2, 716        x10=10001fa4  x2:10001cd8
26914070ns          463024 1c0093d6 010a990b p.lh             x18, 16(x21!)       x18=fffffffe x21=1c001792 x21:1c001782  PA:1c001782
26914368ns          463039 1c0093da 010b948b p.lh             x9, 16(x23!)         x9=ffffffd8 x23=1c000fc2 x23:1c000fb2  PA:1c000fb2
26914686ns          463055 1c0093de 2d411623 sh               x20, 716(x2)        x20:fffffff8  x2:10001cd8  PA:10001fa4
26914706ns          463056 1c0093e2 2d311723 sh               x19, 718(x2)        x19:ffffffd8  x2:10001cd8  PA:10001fa6
26914726ns          463057 1c0093e6 c33ff0ef jal              x1, -974             x1=1c0093e8
26914766ns          463059 1c009018 00051803 lh               x16, 0(x10)         x16=fffffff8 x10:10001fa4  PA:10001fa4
26914806ns          463061 1c00901c 00251883 lh               x17, 2(x10)         x17=ffffffd8 x10:10001fa4  PA:10001fa6
26914826ns          463062 1c009020 030806b3 mul              x13, x16, x16       x13=00000040 x16:fffffff8 x16:fffffff8
26914846ns          463063 1c009024 03188633 mul              x12, x17, x17       x12=00000640 x17:ffffffd8 x17:ffffffd8
26914865ns          463064 1c009028 40a65613 srai             x12, x12, 0x40a     x12=00000001 x12:00000640
26914885ns          463065 1c00902a 40a6d693 srai             x13, x13, 0x40a     x13=00000000 x13:00000040
26914905ns          463066 1c00902c 00c686b3 add              x13, x13, x12       x13=00000001 x13:00000000 x12:00000001
26914925ns          463067 1c00902e 1006c633 p.exths          x12, x13, x0        x12=00000001 x13:00000001
26914945ns          463068 1c009032 00855703 lhu              x14, 8(x10)         x14=0000ffd1 x10:10001fa4  PA:10001fac
26915005ns          463071 1c009036 00a55683 lhu              x13, 10(x10)        x13=0000ff6a x10:10001fa4  PA:10001fae
26915025ns          463072 1c00903a 02c60333 mul              x6, x12, x12         x6=00000001 x12:00000001 x12:00000001
26915044ns          463073 1c00903e 00c55783 lhu              x15, 12(x10)        x15=0000ffe5 x10:10001fa4  PA:10001fb0
26915064ns          463074 1c009042 00e55583 lhu              x11, 14(x10)        x11=00000060 x10:10001fa4  PA:10001fb2
26915084ns          463075 1c009046 dea30333 p.extract        x6, x6, 15, 10       x6=00000000  x6:00000001
26915104ns          463076 1c00904a 80c7075b p.muls           x14, x14, x12       x14=ffffffd1 x14:0000ffd1 x12:00000001
26915164ns          463079 1c00904e 80c686db p.muls           x13, x13, x12       x13=ffffff6a x13:0000ff6a x12:00000001
26915204ns          463081 1c009052 00455e83 lhu              x29, 4(x10)         x29=00000427 x10:10001fa4  PA:10001fa8
26915223ns          463082 1c009056 00655e03 lhu              x28, 6(x10)         x28=0000007f x10:10001fa4  PA:10001faa
26915243ns          463083 1c00905a 40a75713 srai             x14, x14, 0x40a     x14=ffffffff x14:ffffffd1
26915263ns          463084 1c00905c 806787db p.muls           x15, x15, x6        x15=00000000 x15:0000ffe5  x6:00000000
26915283ns          463085 1c009060 40a6d693 srai             x13, x13, 0x40a     x13=ffffffff x13:ffffff6a
26915303ns          463086 1c009062 8065865b p.muls           x12, x11, x6        x12=00000000 x11:00000060  x6:00000000
26915323ns          463087 1c009066 40a7d793 srai             x15, x15, 0x40a     x15=00000000 x15:00000000
26915343ns          463088 1c009068 40a65613 srai             x12, x12, 0x40a     x12=00000000 x12:00000000
26915363ns          463089 1c00906a 01d70733 add              x14, x14, x29       x14=00000426 x14:ffffffff x29:00000427
26915383ns          463090 1c00906c 01c686b3 add              x13, x13, x28       x13=0000007e x13:ffffffff x28:0000007f
26915402ns          463091 1c00906e 00c686b3 add              x13, x13, x12       x13=0000007e x13:0000007e x12:00000000
26915422ns          463092 1c009070 00f70733 add              x14, x14, x15       x14=00000426 x14:00000426 x15:00000000
26915442ns          463093 1c009072 100747b3 p.exths          x15, x14, x0        x15=00000426 x14:00000426
26915462ns          463094 1c009076 1006c733 p.exths          x14, x13, x0        x14=0000007e x13:0000007e
26915482ns          463095 1c00907a 03170633 mul              x12, x14, x17       x12=ffffec50 x14:0000007e x17:ffffffd8
26915502ns          463096 1c00907e 030786b3 mul              x13, x15, x16       x13=ffffded0 x15:00000426 x16:fffffff8
26915522ns          463097 1c009082 03070733 mul              x14, x14, x16       x14=fffffc10 x14:0000007e x16:fffffff8
26915542ns          463098 1c009086 031787b3 mul              x15, x15, x17       x15=ffff5a10 x15:00000426 x17:ffffffd8
26915562ns          463099 1c00908a 40a6d693 srai             x13, x13, 0x40a     x13=fffffff7 x13:ffffded0
26915581ns          463100 1c00908c 40a65613 srai             x12, x12, 0x40a     x12=fffffffb x12:ffffec50
26915601ns          463101 1c00908e 40a7d793 srai             x15, x15, 0x40a     x15=ffffffd6 x15:ffff5a10
26915621ns          463102 1c009090 40a75713 srai             x14, x14, 0x40a     x14=ffffffff x14:fffffc10
26915641ns          463103 1c009092 40c686b3 sub              x13, x13, x12       x13=fffffffc x13:fffffff7 x12:fffffffb
26915661ns          463104 1c009094 00e787b3 add              x15, x15, x14       x15=ffffffd5 x15:ffffffd6 x14:ffffffff
26915681ns          463105 1c009096 00d51823 sh               x13, 16(x10)        x13:fffffffc x10:10001fa4  PA:10001fb4
26915701ns          463106 1c00909a 00f51923 sh               x15, 18(x10)        x15:ffffffd5 x10:10001fa4  PA:10001fb6
26915721ns          463107 1c00909e 00008067 jalr             x0, x1, 0            x1:1c0093e8
26915760ns          463109 1c0093e8 2dc15583 lhu              x11, 732(x2)        x11=0000fffc  x2:10001cd8  PA:10001fb4
26915780ns          463110 1c0093ec 2de15783 lhu              x15, 734(x2)        x15=0000ffd5  x2:10001cd8  PA:10001fb6
26915800ns          463111 1c0093f0 40b90933 sub              x18, x18, x11       x18=ffff0002 x18:fffffffe x11:0000fffc
26915820ns          463112 1c0093f4 40f484b3 sub              x9, x9, x15          x9=ffff0003  x9:ffffffd8 x15:0000ffd5
26915840ns          463113 1c0093f6 100945b3 p.exths          x11, x18, x0        x11=00000002 x18:ffff0002
26915860ns          463114 1c0093fa 1004c7b3 p.exths          x15, x9, x0         x15=00000003  x9:ffff0003
26915880ns          463115 1c0093fe 034586b3 mul              x13, x11, x20       x13=fffffff0 x11:00000002 x20:fffffff8
26915900ns          463116 1c009402 03378533 mul              x10, x15, x19       x10=ffffff88 x15:00000003 x19:ffffffd8
26915920ns          463117 1c009406 034a0633 mul              x12, x20, x20       x12=00000040 x20:fffffff8 x20:fffffff8
26915939ns          463118 1c00940a 03398733 mul              x14, x19, x19       x14=00000640 x19:ffffffd8 x19:ffffffd8
26915999ns          463121 1c00940e 034787b3 mul              x15, x15, x20       x15=ffffffe8 x15:00000003 x20:fffffff8
26916039ns          463123 1c009412 033585b3 mul              x11, x11, x19       x11=ffffffb0 x11:00000002 x19:ffffffd8
26916059ns          463124 1c009416 40a75713 srai             x14, x14, 0x40a     x14=00000001 x14:00000640
26916079ns          463125 1c009418 40a5d593 srai             x11, x11, 0x40a     x11=ffffffff x11:ffffffb0
26916099ns          463126 1c00941a 40a65613 srai             x12, x12, 0x40a     x12=00000000 x12:00000040
26916118ns          463127 1c00941c 40a7d793 srai             x15, x15, 0x40a     x15=ffffffff x15:ffffffe8
26916138ns          463128 1c00941e 1c0034b7 lui              x9, 0x1c003000       x9=1c003000
26916158ns          463129 1c009422 00e60633 add              x12, x12, x14       x12=00000001 x12:00000000 x14:00000001
26916178ns          463130 1c009424 40b787b3 sub              x15, x15, x11       x15=00000000 x15:ffffffff x11:ffffffff
26916198ns          463131 1c009426 eb048493 addi             x9, x9, -336         x9=1c002eb0  x9:1c003000
26916218ns          463132 1c00942a 1c0032b7 lui              x5, 0x1c003000       x5=1c003000
26916238ns          463133 1c00942e 1c0035b7 lui              x11, 0x1c003000     x11=1c003000
26916258ns          463134 1c009432 018483b3 add              x7, x9, x24          x7=1c002eb6  x9:1c002eb0 x24:00000006
26916278ns          463135 1c009436 02812e83 lw               x29, 40(x2)         x29=1c002ec6  x2:10001cd8  PA:10001d00
26916297ns          463136 1c009438 10065633 p.exthz          x12, x12, x0        x12=00000001 x12:00000001
26916317ns          463137 1c00943c e8028293 addi             x5, x5, -384         x5=1c002e80  x5:1c003000
26916337ns          463138 1c009440 ea058593 addi             x11, x11, -352      x11=1c002ea0 x11:1c003000
26916357ns          463139 1c009444 03812483 lw               x9, 56(x2)           x9=1c002ee6  x2:10001cd8  PA:10001d10
26916377ns          463140 1c009446 10064733 p.exths          x14, x12, x0        x14=00000001 x12:00000001
26916397ns          463141 1c00944a 018280b3 add              x1, x5, x24          x1=1c002e86  x5:1c002e80 x24:00000006
26916417ns          463142 1c00944e 03012f03 lw               x30, 48(x2)         x30=1c002ed6  x2:10001cd8  PA:10001d08
26916437ns          463143 1c009450 018582b3 add              x5, x11, x24         x5=1c002ea6 x11:1c002ea0 x24:00000006
26916456ns          463144 1c009454 04012583 lw               x11, 64(x2)         x11=1c002ef6  x2:10001cd8  PA:10001d18
26916476ns          463145 1c009456 000edd83 lhu              x27, 0(x29)         x27=0000076b x29:1c002ec6  PA:1c002ec6
26916814ns          463162 1c00945a 0004d483 lhu              x9, 0(x9)            x9=000000d4  x9:1c002ee6  PA:1c002ee6
26917133ns          463178 1c00945e 02e70333 mul              x6, x14, x14         x6=00000001 x14:00000001 x14:00000001
26917153ns          463179 1c009462 40a55513 srai             x10, x10, 0x40a     x10=ffffffff x10:ffffff88
26917172ns          463180 1c009464 04812e83 lw               x29, 72(x2)         x29=1c002f06  x2:10001cd8  PA:10001d20
26917192ns          463181 1c009466 40a6d693 srai             x13, x13, 0x40a     x13=ffffffff x13:fffffff0
26917212ns          463182 1c009468 000f5d03 lhu              x26, 0(x30)         x26=00000218 x30:1c002ed6  PA:1c002ed6
26917511ns          463197 1c00946c 0005d583 lhu              x11, 0(x11)         x11=0000005d x11:1c002ef6  PA:1c002ef6
26917908ns          463217 1c009470 40a35313 srai             x6, x6, 0x40a        x6=00000000  x6:00000001
26917928ns          463218 1c009474 00a686b3 add              x13, x13, x10       x13=fffffffe x13:ffffffff x10:ffffffff
26917948ns          463219 1c009476 05012f03 lw               x30, 80(x2)         x30=1c002e76  x2:10001cd8  PA:10001d28
26917968ns          463220 1c009478 10034e33 p.exths          x28, x6, x0         x28=00000000  x6:00000000
26917988ns          463221 1c00947c 06911023 sh               x9, 96(x2)           x9:000000d4  x2:10001cd8  PA:10001d38
26918008ns          463222 1c009480 000ede83 lhu              x29, 0(x29)         x29=0000002b x29:1c002f06  PA:1c002f06
26918306ns          463237 1c009484 05812483 lw               x9, 88(x2)           x9=1c002e66  x2:10001cd8  PA:10001d30
26918326ns          463238 1c009486 1006d6b3 p.exthz          x13, x13, x0        x13=0000fffe x13:fffffffe
26918346ns          463239 1c00948a 02ee08b3 mul              x17, x28, x14       x17=00000000 x28:00000000 x14:00000001
26918366ns          463240 1c00948e 1006c833 p.exths          x16, x13, x0        x16=fffffffe x13:0000fffe
26918386ns          463241 1c009492 06b11823 sh               x11, 112(x2)        x11:0000005d  x2:10001cd8  PA:10001d48
26918406ns          463242 1c009496 000f5f03 lhu              x30, 0(x30)         x30=0000ff95 x30:1c002e76  PA:1c002e76
26918843ns          463264 1c00949a 0a012583 lw               x11, 160(x2)        x11=1c002e96  x2:10001cd8  PA:10001d78
26918863ns          463265 1c00949c 1007d7b3 p.exthz          x15, x15, x0        x15=00000000 x15:00000000
26918883ns          463266 1c0094a0 0004da03 lhu              x20, 0(x9)          x20=0000fe4d  x9:1c002e66  PA:1c002e66
26919201ns          463282 1c0094a4 1007c533 p.exths          x10, x15, x0        x10=00000000 x15:00000000
26919221ns          463283 1c0094a8 09d11023 sh               x29, 128(x2)        x29:0000002b  x2:10001cd8  PA:10001d58
26919241ns          463284 1c0094ac 0003d483 lhu              x9, 0(x7)            x9=0000ffe9  x7:1c002eb6  PA:1c002eb6
26919539ns          463299 1c0094b0 02e80eb3 mul              x29, x16, x14       x29=fffffffe x16:fffffffe x14:00000001
26919559ns          463300 1c0094b4 40a8d893 srai             x17, x17, 0x40a     x17=00000000 x17:00000000
26919579ns          463301 1c0094b8 03c80833 mul              x16, x16, x28       x16=00000000 x16:fffffffe x28:00000000
26919599ns          463302 1c0094bc 09e11823 sh               x30, 144(x2)        x30:0000ff95  x2:10001cd8  PA:10001d68
26919619ns          463303 1c0094c0 0005d983 lhu              x19, 0(x11)         x19=0000ffd7 x11:1c002e96  PA:1c002e96
26920036ns          463324 1c0094c4 81c88f5b p.muls           x30, x17, x28       x30=00000000 x17:00000000 x28:00000000
26920056ns          463325 1c0094c8 0002d583 lhu              x11, 0(x5)          x11=0000ffbe  x5:1c002ea6  PA:1c002ea6
26920374ns          463341 1c0094cc 03ce0fb3 mul              x31, x28, x28       x31=00000000 x28:00000000 x28:00000000
26920394ns          463342 1c0094d0 02e50733 mul              x14, x10, x14       x14=00000000 x10:00000000 x14:00000001
26920414ns          463343 1c0094d4 40a85813 srai             x16, x16, 0x40a     x16=00000000 x16:00000000
26920434ns          463344 1c0094d8 03c50533 mul              x10, x10, x28       x10=00000000 x10:00000000 x28:00000000
26920454ns          463345 1c0094dc 07015e03 lhu              x28, 112(x2)        x28=0000005d  x2:10001cd8  PA:10001d48
26920474ns          463346 1c0094e0 01b60633 add              x12, x12, x27       x12=0000076c x12:00000001 x27:0000076b
26920494ns          463347 1c0094e2 00980833 add              x16, x16, x9        x16=0000ffe9 x16:00000000  x9:0000ffe9
26920514ns          463348 1c0094e4 06015d83 lhu              x27, 96(x2)         x27=000000d4  x2:10001cd8  PA:10001d38
26920534ns          463349 1c0094e8 02812483 lw               x9, 40(x2)           x9=1c002ec6  x2:10001cd8  PA:10001d00
26920553ns          463350 1c0094ea 40afdf93 srai             x31, x31, 0x40a     x31=00000000 x31:00000000
26920573ns          463351 1c0094ee 40a55513 srai             x10, x10, 0x40a     x10=00000000 x10:00000000
26920593ns          463352 1c0094f0 01cf8fb3 add              x31, x31, x28       x31=0000005d x31:00000000 x28:0000005d
26920613ns          463353 1c0094f2 00b50533 add              x10, x10, x11       x10=0000ffbe x10:00000000 x11:0000ffbe
26920633ns          463354 1c0094f4 09015e03 lhu              x28, 144(x2)        x28=0000ff95  x2:10001cd8  PA:10001d68
26920653ns          463355 1c0094f8 03012583 lw               x11, 48(x2)         x11=1c002ed6  x2:10001cd8  PA:10001d08
26920673ns          463356 1c0094fa 00c49023 sh               x12, 0(x9)          x12:0000076c  x9:1c002ec6  PA:1c002ec6
26920991ns          463372 1c0094fe 01b888b3 add              x17, x17, x27       x17=000000d4 x17:00000000 x27:000000d4
26921011ns          463373 1c009500 01a30333 add              x6, x6, x26          x6=00000218  x6:00000000 x26:00000218
26921031ns          463374 1c009502 08015d83 lhu              x27, 128(x2)        x27=0000002b  x2:10001cd8  PA:10001d58
26921051ns          463375 1c009506 0000d903 lhu              x18, 0(x1)          x18=0000ff6d  x1:1c002e86  PA:1c002e86
26921369ns          463391 1c00950a 01c686b3 add              x13, x13, x28       x13=0001ff93 x13:0000fffe x28:0000ff95
26921389ns          463392 1c00950c 00659023 sh               x6, 0(x11)           x6:00000218 x11:1c002ed6  PA:1c002ed6
26921707ns          463408 1c009510 40af5f13 srai             x30, x30, 0x40a     x30=00000000 x30:00000000
26921727ns          463409 1c009514 04812e03 lw               x28, 72(x2)         x28=1c002f06  x2:10001cd8  PA:10001d20
26921747ns          463410 1c009516 01bf0f33 add              x30, x30, x27       x30=0000002b x30:00000000 x27:0000002b
26921767ns          463411 1c009518 40aede93 srai             x29, x29, 0x40a     x29=ffffffff x29:fffffffe
26921786ns          463412 1c00951c 40a75713 srai             x14, x14, 0x40a     x14=00000000 x14:00000000
26921806ns          463413 1c00951e 03812603 lw               x12, 56(x2)         x12=1c002ee6  x2:10001cd8  PA:10001d10
26921826ns          463414 1c009520 04012d83 lw               x27, 64(x2)         x27=1c002ef6  x2:10001cd8  PA:10001d18
26921846ns          463415 1c009522 01ee1023 sh               x30, 0(x28)         x30:0000002b x28:1c002f06  PA:1c002f06
26922184ns          463432 1c009526 05812483 lw               x9, 88(x2)           x9=1c002e66  x2:10001cd8  PA:10001d30
26922204ns          463433 1c009528 05012f03 lw               x30, 80(x2)         x30=1c002e76  x2:10001cd8  PA:10001d28
26922224ns          463434 1c00952a 0a012583 lw               x11, 160(x2)        x11=1c002e96  x2:10001cd8  PA:10001d78
26922244ns          463435 1c00952c 014787b3 add              x15, x15, x20       x15=0000fe4d x15:00000000 x20:0000fe4d
26922264ns          463436 1c00952e 013e8eb3 add              x29, x29, x19       x29=0000ffd6 x29:ffffffff x19:0000ffd7
26922284ns          463437 1c009530 01270733 add              x14, x14, x18       x14=0000ff6d x14:00000000 x18:0000ff6d
26922304ns          463438 1c009532 00f49023 sh               x15, 0(x9)          x15:0000fe4d  x9:1c002e66  PA:1c002e66
26922642ns          463455 1c009536 01161023 sh               x17, 0(x12)         x17:000000d4 x12:1c002ee6  PA:1c002ee6
26922960ns          463471 1c00953a 01fd9023 sh               x31, 0(x27)         x31:0000005d x27:1c002ef6  PA:1c002ef6
26923278ns          463487 1c00953e 00df1023 sh               x13, 0(x30)         x13:0001ff93 x30:1c002e76  PA:1c002e76
26923596ns          463503 1c009542 01d59023 sh               x29, 0(x11)         x29:0000ffd6 x11:1c002e96  PA:1c002e96
26923934ns          463520 1c009546 00e09023 sh               x14, 0(x1)          x14:0000ff6d  x1:1c002e86  PA:1c002e86
26924253ns          463536 1c00954a 01039023 sh               x16, 0(x7)          x16:0000ffe9  x7:1c002eb6  PA:1c002eb6
26924571ns          463552 1c00954e 00a29023 sh               x10, 0(x5)          x10:0000ffbe  x5:1c002ea6  PA:1c002ea6
26924889ns          463568 1c009552 008b0b13 addi             x22, x22, 8         x22=0000008b x22:00000083
26924909ns          463569 1c009554 1f300793 addi             x15, x0, 499        x15=000001f3
26924929ns          463570 1c009558 e767dae3 bge              x15, x22, -396      x15:000001f3 x22:0000008b
26924988ns          463573 1c0093cc 010c9a0b p.lh             x20, 16(x25!)       x20=0000010b x25=1c0027ae x25:1c00279e  PA:1c00279e
26925327ns          463590 1c0093d0 0104198b p.lh             x19, 16(x8!)        x19=fffffed5  x8=1c001f76  x8:1c001f66  PA:1c001f66
26925645ns          463606 1c0093d4 2cc10513 addi             x10, x2, 716        x10=10001fa4  x2:10001cd8
26925665ns          463607 1c0093d6 010a990b p.lh             x18, 16(x21!)       x18=000000e3 x21=1c0017a2 x21:1c001792  PA:1c001792
26926003ns          463624 1c0093da 010b948b p.lh             x9, 16(x23!)         x9=fffffeb7 x23=1c000fd2 x23:1c000fc2  PA:1c000fc2
26926301ns          463639 1c0093de 2d411623 sh               x20, 716(x2)        x20:0000010b  x2:10001cd8  PA:10001fa4
26926321ns          463640 1c0093e2 2d311723 sh               x19, 718(x2)        x19:fffffed5  x2:10001cd8  PA:10001fa6
26926361ns          463642 1c0093e6 c33ff0ef jal              x1, -974             x1=1c0093e8
26926381ns          463643 1c009018 00051803 lh               x16, 0(x10)         x16=0000010b x10:10001fa4  PA:10001fa4
26926400ns          463644 1c00901c 00251883 lh               x17, 2(x10)         x17=fffffed5 x10:10001fa4  PA:10001fa6
26926420ns          463645 1c009020 030806b3 mul              x13, x16, x16       x13=00011679 x16:0000010b x16:0000010b
26926440ns          463646 1c009024 03188633 mul              x12, x17, x17       x12=00015d39 x17:fffffed5 x17:fffffed5
26926460ns          463647 1c009028 40a65613 srai             x12, x12, 0x40a     x12=00000057 x12:00015d39
26926480ns          463648 1c00902a 40a6d693 srai             x13, x13, 0x40a     x13=00000045 x13:00011679
26926500ns          463649 1c00902c 00c686b3 add              x13, x13, x12       x13=0000009c x13:00000045 x12:00000057
26926520ns          463650 1c00902e 1006c633 p.exths          x12, x13, x0        x12=0000009c x13:0000009c
26926540ns          463651 1c009032 00855703 lhu              x14, 8(x10)         x14=0000ffd1 x10:10001fa4  PA:10001fac
26926560ns          463652 1c009036 00a55683 lhu              x13, 10(x10)        x13=0000ff6a x10:10001fa4  PA:10001fae
26926579ns          463653 1c00903a 02c60333 mul              x6, x12, x12         x6=00005f10 x12:0000009c x12:0000009c
26926619ns          463655 1c00903e 00c55783 lhu              x15, 12(x10)        x15=0000ffe5 x10:10001fa4  PA:10001fb0
26926659ns          463657 1c009042 00e55583 lhu              x11, 14(x10)        x11=00000060 x10:10001fa4  PA:10001fb2
26926699ns          463659 1c009046 dea30333 p.extract        x6, x6, 15, 10       x6=00000017  x6:00005f10
26926719ns          463660 1c00904a 80c7075b p.muls           x14, x14, x12       x14=ffffe35c x14:0000ffd1 x12:0000009c
26926758ns          463662 1c00904e 80c686db p.muls           x13, x13, x12       x13=ffffa498 x13:0000ff6a x12:0000009c
26926798ns          463664 1c009052 00455e83 lhu              x29, 4(x10)         x29=00000427 x10:10001fa4  PA:10001fa8
26926838ns          463666 1c009056 00655e03 lhu              x28, 6(x10)         x28=0000007f x10:10001fa4  PA:10001faa
26926858ns          463667 1c00905a 40a75713 srai             x14, x14, 0x40a     x14=fffffff8 x14:ffffe35c
26926878ns          463668 1c00905c 806787db p.muls           x15, x15, x6        x15=fffffd93 x15:0000ffe5  x6:00000017
26926898ns          463669 1c009060 40a6d693 srai             x13, x13, 0x40a     x13=ffffffe9 x13:ffffa498
26926918ns          463670 1c009062 8065865b p.muls           x12, x11, x6        x12=000008a0 x11:00000060  x6:00000017
26926937ns          463671 1c009066 40a7d793 srai             x15, x15, 0x40a     x15=ffffffff x15:fffffd93
26926957ns          463672 1c009068 40a65613 srai             x12, x12, 0x40a     x12=00000002 x12:000008a0
26926977ns          463673 1c00906a 01d70733 add              x14, x14, x29       x14=0000041f x14:fffffff8 x29:00000427
26926997ns          463674 1c00906c 01c686b3 add              x13, x13, x28       x13=00000068 x13:ffffffe9 x28:0000007f
26927017ns          463675 1c00906e 00c686b3 add              x13, x13, x12       x13=0000006a x13:00000068 x12:00000002
26927037ns          463676 1c009070 00f70733 add              x14, x14, x15       x14=0000041e x14:0000041f x15:ffffffff
26927057ns          463677 1c009072 100747b3 p.exths          x15, x14, x0        x15=0000041e x14:0000041e
26927077ns          463678 1c009076 1006c733 p.exths          x14, x13, x0        x14=0000006a x13:0000006a
26927097ns          463679 1c00907a 03170633 mul              x12, x14, x17       x12=ffff8432 x14:0000006a x17:fffffed5
26927116ns          463680 1c00907e 030786b3 mul              x13, x15, x16       x13=00044b4a x15:0000041e x16:0000010b
26927136ns          463681 1c009082 03070733 mul              x14, x14, x16       x14=00006e8e x14:0000006a x16:0000010b
26927156ns          463682 1c009086 031787b3 mul              x15, x15, x17       x15=fffb30f6 x15:0000041e x17:fffffed5
26927176ns          463683 1c00908a 40a6d693 srai             x13, x13, 0x40a     x13=00000112 x13:00044b4a
26927196ns          463684 1c00908c 40a65613 srai             x12, x12, 0x40a     x12=ffffffe1 x12:ffff8432
26927216ns          463685 1c00908e 40a7d793 srai             x15, x15, 0x40a     x15=fffffecc x15:fffb30f6
26927236ns          463686 1c009090 40a75713 srai             x14, x14, 0x40a     x14=0000001b x14:00006e8e
26927256ns          463687 1c009092 40c686b3 sub              x13, x13, x12       x13=00000131 x13:00000112 x12:ffffffe1
26927276ns          463688 1c009094 00e787b3 add              x15, x15, x14       x15=fffffee7 x15:fffffecc x14:0000001b
26927295ns          463689 1c009096 00d51823 sh               x13, 16(x10)        x13:00000131 x10:10001fa4  PA:10001fb4
26927335ns          463691 1c00909a 00f51923 sh               x15, 18(x10)        x15:fffffee7 x10:10001fa4  PA:10001fb6
26927375ns          463693 1c00909e 00008067 jalr             x0, x1, 0            x1:1c0093e8
26927415ns          463695 1c0093e8 2dc15583 lhu              x11, 732(x2)        x11=00000131  x2:10001cd8  PA:10001fb4
26927455ns          463697 1c0093ec 2de15783 lhu              x15, 734(x2)        x15=0000fee7  x2:10001cd8  PA:10001fb6
26927494ns          463699 1c0093f0 40b90933 sub              x18, x18, x11       x18=ffffffb2 x18:000000e3 x11:00000131
26927514ns          463700 1c0093f4 40f484b3 sub              x9, x9, x15          x9=fffeffd0  x9:fffffeb7 x15:0000fee7
26927534ns          463701 1c0093f6 100945b3 p.exths          x11, x18, x0        x11=ffffffb2 x18:ffffffb2
26927554ns          463702 1c0093fa 1004c7b3 p.exths          x15, x9, x0         x15=ffffffd0  x9:fffeffd0
26927574ns          463703 1c0093fe 034586b3 mul              x13, x11, x20       x13=ffffaea6 x11:ffffffb2 x20:0000010b
26927594ns          463704 1c009402 03378533 mul              x10, x15, x19       x10=00003810 x15:ffffffd0 x19:fffffed5
26927614ns          463705 1c009406 034a0633 mul              x12, x20, x20       x12=00011679 x20:0000010b x20:0000010b
26927634ns          463706 1c00940a 03398733 mul              x14, x19, x19       x14=00015d39 x19:fffffed5 x19:fffffed5
26927653ns          463707 1c00940e 034787b3 mul              x15, x15, x20       x15=ffffcdf0 x15:ffffffd0 x20:0000010b
26927673ns          463708 1c009412 033585b3 mul              x11, x11, x19       x11=00005b1a x11:ffffffb2 x19:fffffed5
26927693ns          463709 1c009416 40a75713 srai             x14, x14, 0x40a     x14=00000057 x14:00015d39
26927713ns          463710 1c009418 40a5d593 srai             x11, x11, 0x40a     x11=00000016 x11:00005b1a
26927733ns          463711 1c00941a 40a65613 srai             x12, x12, 0x40a     x12=00000045 x12:00011679
26927753ns          463712 1c00941c 40a7d793 srai             x15, x15, 0x40a     x15=fffffff3 x15:ffffcdf0
26927773ns          463713 1c00941e 1c0034b7 lui              x9, 0x1c003000       x9=1c003000
26927793ns          463714 1c009422 00e60633 add              x12, x12, x14       x12=0000009c x12:00000045 x14:00000057
26927813ns          463715 1c009424 40b787b3 sub              x15, x15, x11       x15=ffffffdd x15:fffffff3 x11:00000016
26927832ns          463716 1c009426 eb048493 addi             x9, x9, -336         x9=1c002eb0  x9:1c003000
26927852ns          463717 1c00942a 1c0032b7 lui              x5, 0x1c003000       x5=1c003000
26927872ns          463718 1c00942e 1c0035b7 lui              x11, 0x1c003000     x11=1c003000
26927892ns          463719 1c009432 018483b3 add              x7, x9, x24          x7=1c002eb6  x9:1c002eb0 x24:00000006
26927912ns          463720 1c009436 02812e83 lw               x29, 40(x2)         x29=1c002ec6  x2:10001cd8  PA:10001d00
26927932ns          463721 1c009438 10065633 p.exthz          x12, x12, x0        x12=0000009c x12:0000009c
26927952ns          463722 1c00943c e8028293 addi             x5, x5, -384         x5=1c002e80  x5:1c003000
26927972ns          463723 1c009440 ea058593 addi             x11, x11, -352      x11=1c002ea0 x11:1c003000
26927992ns          463724 1c009444 03812483 lw               x9, 56(x2)           x9=1c002ee6  x2:10001cd8  PA:10001d10
26928011ns          463725 1c009446 10064733 p.exths          x14, x12, x0        x14=0000009c x12:0000009c
26928031ns          463726 1c00944a 018280b3 add              x1, x5, x24          x1=1c002e86  x5:1c002e80 x24:00000006
26928051ns          463727 1c00944e 03012f03 lw               x30, 48(x2)         x30=1c002ed6  x2:10001cd8  PA:10001d08
26928071ns          463728 1c009450 018582b3 add              x5, x11, x24         x5=1c002ea6 x11:1c002ea0 x24:00000006
26928091ns          463729 1c009454 04012583 lw               x11, 64(x2)         x11=1c002ef6  x2:10001cd8  PA:10001d18
26928111ns          463730 1c009456 000edd83 lhu              x27, 0(x29)         x27=0000076c x29:1c002ec6  PA:1c002ec6
26928429ns          463746 1c00945a 0004d483 lhu              x9, 0(x9)            x9=000000d4  x9:1c002ee6  PA:1c002ee6
26928727ns          463761 1c00945e 02e70333 mul              x6, x14, x14         x6=00005f10 x14:0000009c x14:0000009c
26928747ns          463762 1c009462 40a55513 srai             x10, x10, 0x40a     x10=0000000e x10:00003810
26928767ns          463763 1c009464 04812e83 lw               x29, 72(x2)         x29=1c002f06  x2:10001cd8  PA:10001d20
26928787ns          463764 1c009466 40a6d693 srai             x13, x13, 0x40a     x13=ffffffeb x13:ffffaea6
26928807ns          463765 1c009468 000f5d03 lhu              x26, 0(x30)         x26=00000218 x30:1c002ed6  PA:1c002ed6
26929125ns          463781 1c00946c 0005d583 lhu              x11, 0(x11)         x11=0000005d x11:1c002ef6  PA:1c002ef6
26929483ns          463799 1c009470 40a35313 srai             x6, x6, 0x40a        x6=00000017  x6:00005f10
26929503ns          463800 1c009474 00a686b3 add              x13, x13, x10       x13=fffffff9 x13:ffffffeb x10:0000000e
26929523ns          463801 1c009476 05012f03 lw               x30, 80(x2)         x30=1c002e76  x2:10001cd8  PA:10001d28
26929543ns          463802 1c009478 10034e33 p.exths          x28, x6, x0         x28=00000017  x6:00000017
26929563ns          463803 1c00947c 06911023 sh               x9, 96(x2)           x9:000000d4  x2:10001cd8  PA:10001d38
26929583ns          463804 1c009480 000ede83 lhu              x29, 0(x29)         x29=0000002b x29:1c002f06  PA:1c002f06
26929901ns          463820 1c009484 05812483 lw               x9, 88(x2)           x9=1c002e66  x2:10001cd8  PA:10001d30
26929921ns          463821 1c009486 1006d6b3 p.exthz          x13, x13, x0        x13=0000fff9 x13:fffffff9
26929941ns          463822 1c00948a 02ee08b3 mul              x17, x28, x14       x17=00000e04 x28:00000017 x14:0000009c
26929960ns          463823 1c00948e 1006c833 p.exths          x16, x13, x0        x16=fffffff9 x13:0000fff9
26929980ns          463824 1c009492 06b11823 sh               x11, 112(x2)        x11:0000005d  x2:10001cd8  PA:10001d48
26930000ns          463825 1c009496 000f5f03 lhu              x30, 0(x30)         x30=0000ff93 x30:1c002e76  PA:1c002e76
26930318ns          463841 1c00949a 0a012583 lw               x11, 160(x2)        x11=1c002e96  x2:10001cd8  PA:10001d78
26930338ns          463842 1c00949c 1007d7b3 p.exthz          x15, x15, x0        x15=0000ffdd x15:ffffffdd
26930358ns          463843 1c0094a0 0004da03 lhu              x20, 0(x9)          x20=0000fe4d  x9:1c002e66  PA:1c002e66
26930657ns          463858 1c0094a4 1007c533 p.exths          x10, x15, x0        x10=ffffffdd x15:0000ffdd
26930676ns          463859 1c0094a8 09d11023 sh               x29, 128(x2)        x29:0000002b  x2:10001cd8  PA:10001d58
26930696ns          463860 1c0094ac 0003d483 lhu              x9, 0(x7)            x9=0000ffe9  x7:1c002eb6  PA:1c002eb6
26931015ns          463876 1c0094b0 02e80eb3 mul              x29, x16, x14       x29=fffffbbc x16:fffffff9 x14:0000009c
26931034ns          463877 1c0094b4 40a8d893 srai             x17, x17, 0x40a     x17=00000003 x17:00000e04
26931054ns          463878 1c0094b8 03c80833 mul              x16, x16, x28       x16=ffffff5f x16:fffffff9 x28:00000017
26931074ns          463879 1c0094bc 09e11823 sh               x30, 144(x2)        x30:0000ff93  x2:10001cd8  PA:10001d68
26931094ns          463880 1c0094c0 0005d983 lhu              x19, 0(x11)         x19=0000ffd6 x11:1c002e96  PA:1c002e96
26931392ns          463895 1c0094c4 81c88f5b p.muls           x30, x17, x28       x30=00000045 x17:00000003 x28:00000017
26931412ns          463896 1c0094c8 0002d583 lhu              x11, 0(x5)          x11=0000ffbe  x5:1c002ea6  PA:1c002ea6
26931770ns          463914 1c0094cc 03ce0fb3 mul              x31, x28, x28       x31=00000211 x28:00000017 x28:00000017
26931790ns          463915 1c0094d0 02e50733 mul              x14, x10, x14       x14=ffffeaac x10:ffffffdd x14:0000009c
26931810ns          463916 1c0094d4 40a85813 srai             x16, x16, 0x40a     x16=ffffffff x16:ffffff5f
26931830ns          463917 1c0094d8 03c50533 mul              x10, x10, x28       x10=fffffcdb x10:ffffffdd x28:00000017
26931850ns          463918 1c0094dc 07015e03 lhu              x28, 112(x2)        x28=0000005d  x2:10001cd8  PA:10001d48
26931890ns          463920 1c0094e0 01b60633 add              x12, x12, x27       x12=00000808 x12:0000009c x27:0000076c
26931909ns          463921 1c0094e2 00980833 add              x16, x16, x9        x16=0000ffe8 x16:ffffffff  x9:0000ffe9
26931929ns          463922 1c0094e4 06015d83 lhu              x27, 96(x2)         x27=000000d4  x2:10001cd8  PA:10001d38
26931949ns          463923 1c0094e8 02812483 lw               x9, 40(x2)           x9=1c002ec6  x2:10001cd8  PA:10001d00
26931969ns          463924 1c0094ea 40afdf93 srai             x31, x31, 0x40a     x31=00000000 x31:00000211
26931989ns          463925 1c0094ee 40a55513 srai             x10, x10, 0x40a     x10=ffffffff x10:fffffcdb
26932009ns          463926 1c0094f0 01cf8fb3 add              x31, x31, x28       x31=0000005d x31:00000000 x28:0000005d
26932029ns          463927 1c0094f2 00b50533 add              x10, x10, x11       x10=0000ffbd x10:ffffffff x11:0000ffbe
26932049ns          463928 1c0094f4 09015e03 lhu              x28, 144(x2)        x28=0000ff93  x2:10001cd8  PA:10001d68
26932069ns          463929 1c0094f8 03012583 lw               x11, 48(x2)         x11=1c002ed6  x2:10001cd8  PA:10001d08
26932088ns          463930 1c0094fa 00c49023 sh               x12, 0(x9)          x12:00000808  x9:1c002ec6  PA:1c002ec6
26932427ns          463947 1c0094fe 01b888b3 add              x17, x17, x27       x17=000000d7 x17:00000003 x27:000000d4
26932446ns          463948 1c009500 01a30333 add              x6, x6, x26          x6=0000022f  x6:00000017 x26:00000218
26932466ns          463949 1c009502 08015d83 lhu              x27, 128(x2)        x27=0000002b  x2:10001cd8  PA:10001d58
26932486ns          463950 1c009506 0000d903 lhu              x18, 0(x1)          x18=0000ff6d  x1:1c002e86  PA:1c002e86
26932804ns          463966 1c00950a 01c686b3 add              x13, x13, x28       x13=0001ff8c x13:0000fff9 x28:0000ff93
26932824ns          463967 1c00950c 00659023 sh               x6, 0(x11)           x6:0000022f x11:1c002ed6  PA:1c002ed6
26933182ns          463985 1c009510 40af5f13 srai             x30, x30, 0x40a     x30=00000000 x30:00000045
26933202ns          463986 1c009514 04812e03 lw               x28, 72(x2)         x28=1c002f06  x2:10001cd8  PA:10001d20
26933222ns          463987 1c009516 01bf0f33 add              x30, x30, x27       x30=0000002b x30:00000000 x27:0000002b
26933242ns          463988 1c009518 40aede93 srai             x29, x29, 0x40a     x29=fffffffe x29:fffffbbc
26933262ns          463989 1c00951c 40a75713 srai             x14, x14, 0x40a     x14=fffffffa x14:ffffeaac
26933282ns          463990 1c00951e 03812603 lw               x12, 56(x2)         x12=1c002ee6  x2:10001cd8  PA:10001d10
26933302ns          463991 1c009520 04012d83 lw               x27, 64(x2)         x27=1c002ef6  x2:10001cd8  PA:10001d18
26933322ns          463992 1c009522 01ee1023 sh               x30, 0(x28)         x30:0000002b x28:1c002f06  PA:1c002f06
26933640ns          464008 1c009526 05812483 lw               x9, 88(x2)           x9=1c002e66  x2:10001cd8  PA:10001d30
26933660ns          464009 1c009528 05012f03 lw               x30, 80(x2)         x30=1c002e76  x2:10001cd8  PA:10001d28
26933680ns          464010 1c00952a 0a012583 lw               x11, 160(x2)        x11=1c002e96  x2:10001cd8  PA:10001d78
26933699ns          464011 1c00952c 014787b3 add              x15, x15, x20       x15=0001fe2a x15:0000ffdd x20:0000fe4d
26933719ns          464012 1c00952e 013e8eb3 add              x29, x29, x19       x29=0000ffd4 x29:fffffffe x19:0000ffd6
26933739ns          464013 1c009530 01270733 add              x14, x14, x18       x14=0000ff67 x14:fffffffa x18:0000ff6d
26933759ns          464014 1c009532 00f49023 sh               x15, 0(x9)          x15:0001fe2a  x9:1c002e66  PA:1c002e66
26934077ns          464030 1c009536 01161023 sh               x17, 0(x12)         x17:000000d7 x12:1c002ee6  PA:1c002ee6
26934395ns          464046 1c00953a 01fd9023 sh               x31, 0(x27)         x31:0000005d x27:1c002ef6  PA:1c002ef6
26934734ns          464063 1c00953e 00df1023 sh               x13, 0(x30)         x13:0001ff8c x30:1c002e76  PA:1c002e76
26935072ns          464080 1c009542 01d59023 sh               x29, 0(x11)         x29:0000ffd4 x11:1c002e96  PA:1c002e96
26935390ns          464096 1c009546 00e09023 sh               x14, 0(x1)          x14:0000ff67  x1:1c002e86  PA:1c002e86
26935708ns          464112 1c00954a 01039023 sh               x16, 0(x7)          x16:0000ffe8  x7:1c002eb6  PA:1c002eb6
26936026ns          464128 1c00954e 00a29023 sh               x10, 0(x5)          x10:0000ffbd  x5:1c002ea6  PA:1c002ea6
26936344ns          464144 1c009552 008b0b13 addi             x22, x22, 8         x22=00000093 x22:0000008b
26936364ns          464145 1c009554 1f300793 addi             x15, x0, 499        x15=000001f3
26936384ns          464146 1c009558 e767dae3 bge              x15, x22, -396      x15:000001f3 x22:00000093
26936484ns          464151 1c0093cc 010c9a0b p.lh             x20, 16(x25!)       x20=fffffff3 x25=1c0027be x25:1c0027ae  PA:1c0027ae
26936881ns          464171 1c0093d0 0104198b p.lh             x19, 16(x8!)        x19=00000080  x8=1c001f86  x8:1c001f76  PA:1c001f76
26937200ns          464187 1c0093d4 2cc10513 addi             x10, x2, 716        x10=10001fa4  x2:10001cd8
26937220ns          464188 1c0093d6 010a990b p.lh             x18, 16(x21!)       x18=fffffff2 x21=1c0017b2 x21:1c0017a2  PA:1c0017a2
26937518ns          464203 1c0093da 010b948b p.lh             x9, 16(x23!)         x9=00000089 x23=1c000fe2 x23:1c000fd2  PA:1c000fd2
26937816ns          464218 1c0093de 2d411623 sh               x20, 716(x2)        x20:fffffff3  x2:10001cd8  PA:10001fa4
26937836ns          464219 1c0093e2 2d311723 sh               x19, 718(x2)        x19:00000080  x2:10001cd8  PA:10001fa6
26937856ns          464220 1c0093e6 c33ff0ef jal              x1, -974             x1=1c0093e8
26937936ns          464224 1c009018 00051803 lh               x16, 0(x10)         x16=fffffff3 x10:10001fa4  PA:10001fa4
26938015ns          464228 1c00901c 00251883 lh               x17, 2(x10)         x17=00000080 x10:10001fa4  PA:10001fa6
26938055ns          464230 1c009020 030806b3 mul              x13, x16, x16       x13=000000a9 x16:fffffff3 x16:fffffff3
26938075ns          464231 1c009024 03188633 mul              x12, x17, x17       x12=00004000 x17:00000080 x17:00000080
26938095ns          464232 1c009028 40a65613 srai             x12, x12, 0x40a     x12=00000010 x12:00004000
26938115ns          464233 1c00902a 40a6d693 srai             x13, x13, 0x40a     x13=00000000 x13:000000a9
26938134ns          464234 1c00902c 00c686b3 add              x13, x13, x12       x13=00000010 x13:00000000 x12:00000010
26938154ns          464235 1c00902e 1006c633 p.exths          x12, x13, x0        x12=00000010 x13:00000010
26938174ns          464236 1c009032 00855703 lhu              x14, 8(x10)         x14=0000ffd1 x10:10001fa4  PA:10001fac
26938194ns          464237 1c009036 00a55683 lhu              x13, 10(x10)        x13=0000ff6a x10:10001fa4  PA:10001fae
26938214ns          464238 1c00903a 02c60333 mul              x6, x12, x12         x6=00000100 x12:00000010 x12:00000010
26938234ns          464239 1c00903e 00c55783 lhu              x15, 12(x10)        x15=0000ffe5 x10:10001fa4  PA:10001fb0
26938254ns          464240 1c009042 00e55583 lhu              x11, 14(x10)        x11=00000060 x10:10001fa4  PA:10001fb2
26938274ns          464241 1c009046 dea30333 p.extract        x6, x6, 15, 10       x6=00000000  x6:00000100
26938294ns          464242 1c00904a 80c7075b p.muls           x14, x14, x12       x14=fffffd10 x14:0000ffd1 x12:00000010
26938313ns          464243 1c00904e 80c686db p.muls           x13, x13, x12       x13=fffff6a0 x13:0000ff6a x12:00000010
26938333ns          464244 1c009052 00455e83 lhu              x29, 4(x10)         x29=00000427 x10:10001fa4  PA:10001fa8
26938373ns          464246 1c009056 00655e03 lhu              x28, 6(x10)         x28=0000007f x10:10001fa4  PA:10001faa
26938393ns          464247 1c00905a 40a75713 srai             x14, x14, 0x40a     x14=ffffffff x14:fffffd10
26938413ns          464248 1c00905c 806787db p.muls           x15, x15, x6        x15=00000000 x15:0000ffe5  x6:00000000
26938433ns          464249 1c009060 40a6d693 srai             x13, x13, 0x40a     x13=fffffffd x13:fffff6a0
26938453ns          464250 1c009062 8065865b p.muls           x12, x11, x6        x12=00000000 x11:00000060  x6:00000000
26938473ns          464251 1c009066 40a7d793 srai             x15, x15, 0x40a     x15=00000000 x15:00000000
26938492ns          464252 1c009068 40a65613 srai             x12, x12, 0x40a     x12=00000000 x12:00000000
26938512ns          464253 1c00906a 01d70733 add              x14, x14, x29       x14=00000426 x14:ffffffff x29:00000427
26938532ns          464254 1c00906c 01c686b3 add              x13, x13, x28       x13=0000007c x13:fffffffd x28:0000007f
26938552ns          464255 1c00906e 00c686b3 add              x13, x13, x12       x13=0000007c x13:0000007c x12:00000000
26938572ns          464256 1c009070 00f70733 add              x14, x14, x15       x14=00000426 x14:00000426 x15:00000000
26938592ns          464257 1c009072 100747b3 p.exths          x15, x14, x0        x15=00000426 x14:00000426
26938612ns          464258 1c009076 1006c733 p.exths          x14, x13, x0        x14=0000007c x13:0000007c
26938632ns          464259 1c00907a 03170633 mul              x12, x14, x17       x12=00003e00 x14:0000007c x17:00000080
26938652ns          464260 1c00907e 030786b3 mul              x13, x15, x16       x13=ffffca12 x15:00000426 x16:fffffff3
26938671ns          464261 1c009082 03070733 mul              x14, x14, x16       x14=fffff9b4 x14:0000007c x16:fffffff3
26938691ns          464262 1c009086 031787b3 mul              x15, x15, x17       x15=00021300 x15:00000426 x17:00000080
26938711ns          464263 1c00908a 40a6d693 srai             x13, x13, 0x40a     x13=fffffff2 x13:ffffca12
26938731ns          464264 1c00908c 40a65613 srai             x12, x12, 0x40a     x12=0000000f x12:00003e00
26938751ns          464265 1c00908e 40a7d793 srai             x15, x15, 0x40a     x15=00000084 x15:00021300
26938771ns          464266 1c009090 40a75713 srai             x14, x14, 0x40a     x14=fffffffe x14:fffff9b4
26938791ns          464267 1c009092 40c686b3 sub              x13, x13, x12       x13=ffffffe3 x13:fffffff2 x12:0000000f
26938811ns          464268 1c009094 00e787b3 add              x15, x15, x14       x15=00000082 x15:00000084 x14:fffffffe
26938830ns          464269 1c009096 00d51823 sh               x13, 16(x10)        x13:ffffffe3 x10:10001fa4  PA:10001fb4
26938850ns          464270 1c00909a 00f51923 sh               x15, 18(x10)        x15:00000082 x10:10001fa4  PA:10001fb6
26938870ns          464271 1c00909e 00008067 jalr             x0, x1, 0            x1:1c0093e8
26938910ns          464273 1c0093e8 2dc15583 lhu              x11, 732(x2)        x11=0000ffe3  x2:10001cd8  PA:10001fb4
26938950ns          464275 1c0093ec 2de15783 lhu              x15, 734(x2)        x15=00000082  x2:10001cd8  PA:10001fb6
26938990ns          464277 1c0093f0 40b90933 sub              x18, x18, x11       x18=ffff000f x18:fffffff2 x11:0000ffe3
26939009ns          464278 1c0093f4 40f484b3 sub              x9, x9, x15          x9=00000007  x9:00000089 x15:00000082
26939029ns          464279 1c0093f6 100945b3 p.exths          x11, x18, x0        x11=0000000f x18:ffff000f
26939049ns          464280 1c0093fa 1004c7b3 p.exths          x15, x9, x0         x15=00000007  x9:00000007
26939069ns          464281 1c0093fe 034586b3 mul              x13, x11, x20       x13=ffffff3d x11:0000000f x20:fffffff3
26939089ns          464282 1c009402 03378533 mul              x10, x15, x19       x10=00000380 x15:00000007 x19:00000080
26939109ns          464283 1c009406 034a0633 mul              x12, x20, x20       x12=000000a9 x20:fffffff3 x20:fffffff3
26939129ns          464284 1c00940a 03398733 mul              x14, x19, x19       x14=00004000 x19:00000080 x19:00000080
26939149ns          464285 1c00940e 034787b3 mul              x15, x15, x20       x15=ffffffa5 x15:00000007 x20:fffffff3
26939169ns          464286 1c009412 033585b3 mul              x11, x11, x19       x11=00000780 x11:0000000f x19:00000080
26939188ns          464287 1c009416 40a75713 srai             x14, x14, 0x40a     x14=00000010 x14:00004000
26939208ns          464288 1c009418 40a5d593 srai             x11, x11, 0x40a     x11=00000001 x11:00000780
26939228ns          464289 1c00941a 40a65613 srai             x12, x12, 0x40a     x12=00000000 x12:000000a9
26939248ns          464290 1c00941c 40a7d793 srai             x15, x15, 0x40a     x15=ffffffff x15:ffffffa5
26939268ns          464291 1c00941e 1c0034b7 lui              x9, 0x1c003000       x9=1c003000
26939288ns          464292 1c009422 00e60633 add              x12, x12, x14       x12=00000010 x12:00000000 x14:00000010
26939308ns          464293 1c009424 40b787b3 sub              x15, x15, x11       x15=fffffffe x15:ffffffff x11:00000001
26939328ns          464294 1c009426 eb048493 addi             x9, x9, -336         x9=1c002eb0  x9:1c003000
26939348ns          464295 1c00942a 1c0032b7 lui              x5, 0x1c003000       x5=1c003000
26939367ns          464296 1c00942e 1c0035b7 lui              x11, 0x1c003000     x11=1c003000
26939387ns          464297 1c009432 018483b3 add              x7, x9, x24          x7=1c002eb6  x9:1c002eb0 x24:00000006
26939407ns          464298 1c009436 02812e83 lw               x29, 40(x2)         x29=1c002ec6  x2:10001cd8  PA:10001d00
26939427ns          464299 1c009438 10065633 p.exthz          x12, x12, x0        x12=00000010 x12:00000010
26939447ns          464300 1c00943c e8028293 addi             x5, x5, -384         x5=1c002e80  x5:1c003000
26939467ns          464301 1c009440 ea058593 addi             x11, x11, -352      x11=1c002ea0 x11:1c003000
26939487ns          464302 1c009444 03812483 lw               x9, 56(x2)           x9=1c002ee6  x2:10001cd8  PA:10001d10
26939507ns          464303 1c009446 10064733 p.exths          x14, x12, x0        x14=00000010 x12:00000010
26939527ns          464304 1c00944a 018280b3 add              x1, x5, x24          x1=1c002e86  x5:1c002e80 x24:00000006
26939546ns          464305 1c00944e 03012f03 lw               x30, 48(x2)         x30=1c002ed6  x2:10001cd8  PA:10001d08
26939566ns          464306 1c009450 018582b3 add              x5, x11, x24         x5=1c002ea6 x11:1c002ea0 x24:00000006
26939586ns          464307 1c009454 04012583 lw               x11, 64(x2)         x11=1c002ef6  x2:10001cd8  PA:10001d18
26939606ns          464308 1c009456 000edd83 lhu              x27, 0(x29)         x27=00000808 x29:1c002ec6  PA:1c002ec6
26939944ns          464325 1c00945a 0004d483 lhu              x9, 0(x9)            x9=000000d7  x9:1c002ee6  PA:1c002ee6
26940243ns          464340 1c00945e 02e70333 mul              x6, x14, x14         x6=00000100 x14:00000010 x14:00000010
26940262ns          464341 1c009462 40a55513 srai             x10, x10, 0x40a     x10=00000000 x10:00000380
26940282ns          464342 1c009464 04812e83 lw               x29, 72(x2)         x29=1c002f06  x2:10001cd8  PA:10001d20
26940302ns          464343 1c009466 40a6d693 srai             x13, x13, 0x40a     x13=ffffffff x13:ffffff3d
26940322ns          464344 1c009468 000f5d03 lhu              x26, 0(x30)         x26=0000022f x30:1c002ed6  PA:1c002ed6
26940640ns          464360 1c00946c 0005d583 lhu              x11, 0(x11)         x11=0000005d x11:1c002ef6  PA:1c002ef6
26941018ns          464379 1c009470 40a35313 srai             x6, x6, 0x40a        x6=00000000  x6:00000100
26941038ns          464380 1c009474 00a686b3 add              x13, x13, x10       x13=ffffffff x13:ffffffff x10:00000000
26941058ns          464381 1c009476 05012f03 lw               x30, 80(x2)         x30=1c002e76  x2:10001cd8  PA:10001d28
26941078ns          464382 1c009478 10034e33 p.exths          x28, x6, x0         x28=00000000  x6:00000000
26941098ns          464383 1c00947c 06911023 sh               x9, 96(x2)           x9:000000d7  x2:10001cd8  PA:10001d38
26941118ns          464384 1c009480 000ede83 lhu              x29, 0(x29)         x29=0000002b x29:1c002f06  PA:1c002f06
26941436ns          464400 1c009484 05812483 lw               x9, 88(x2)           x9=1c002e66  x2:10001cd8  PA:10001d30
26941456ns          464401 1c009486 1006d6b3 p.exthz          x13, x13, x0        x13=0000ffff x13:ffffffff
26941476ns          464402 1c00948a 02ee08b3 mul              x17, x28, x14       x17=00000000 x28:00000000 x14:00000010
26941495ns          464403 1c00948e 1006c833 p.exths          x16, x13, x0        x16=ffffffff x13:0000ffff
26941515ns          464404 1c009492 06b11823 sh               x11, 112(x2)        x11:0000005d  x2:10001cd8  PA:10001d48
26941535ns          464405 1c009496 000f5f03 lhu              x30, 0(x30)         x30=0000ff8c x30:1c002e76  PA:1c002e76
26941834ns          464420 1c00949a 0a012583 lw               x11, 160(x2)        x11=1c002e96  x2:10001cd8  PA:10001d78
26941853ns          464421 1c00949c 1007d7b3 p.exthz          x15, x15, x0        x15=0000fffe x15:fffffffe
26941873ns          464422 1c0094a0 0004da03 lhu              x20, 0(x9)          x20=0000fe2a  x9:1c002e66  PA:1c002e66
26942172ns          464437 1c0094a4 1007c533 p.exths          x10, x15, x0        x10=fffffffe x15:0000fffe
26942192ns          464438 1c0094a8 09d11023 sh               x29, 128(x2)        x29:0000002b  x2:10001cd8  PA:10001d58
26942211ns          464439 1c0094ac 0003d483 lhu              x9, 0(x7)            x9=0000ffe8  x7:1c002eb6  PA:1c002eb6
26942530ns          464455 1c0094b0 02e80eb3 mul              x29, x16, x14       x29=fffffff0 x16:ffffffff x14:00000010
26942550ns          464456 1c0094b4 40a8d893 srai             x17, x17, 0x40a     x17=00000000 x17:00000000
26942569ns          464457 1c0094b8 03c80833 mul              x16, x16, x28       x16=00000000 x16:ffffffff x28:00000000
26942589ns          464458 1c0094bc 09e11823 sh               x30, 144(x2)        x30:0000ff8c  x2:10001cd8  PA:10001d68
26942609ns          464459 1c0094c0 0005d983 lhu              x19, 0(x11)         x19=0000ffd4 x11:1c002e96  PA:1c002e96
26942908ns          464474 1c0094c4 81c88f5b p.muls           x30, x17, x28       x30=00000000 x17:00000000 x28:00000000
26942927ns          464475 1c0094c8 0002d583 lhu              x11, 0(x5)          x11=0000ffbd  x5:1c002ea6  PA:1c002ea6
26943246ns          464491 1c0094cc 03ce0fb3 mul              x31, x28, x28       x31=00000000 x28:00000000 x28:00000000
26943266ns          464492 1c0094d0 02e50733 mul              x14, x10, x14       x14=ffffffe0 x10:fffffffe x14:00000010
26943285ns          464493 1c0094d4 40a85813 srai             x16, x16, 0x40a     x16=00000000 x16:00000000
26943305ns          464494 1c0094d8 03c50533 mul              x10, x10, x28       x10=00000000 x10:fffffffe x28:00000000
26943325ns          464495 1c0094dc 07015e03 lhu              x28, 112(x2)        x28=0000005d  x2:10001cd8  PA:10001d48
26943365ns          464497 1c0094e0 01b60633 add              x12, x12, x27       x12=00000818 x12:00000010 x27:00000808
26943385ns          464498 1c0094e2 00980833 add              x16, x16, x9        x16=0000ffe8 x16:00000000  x9:0000ffe8
26943405ns          464499 1c0094e4 06015d83 lhu              x27, 96(x2)         x27=000000d7  x2:10001cd8  PA:10001d38
26943425ns          464500 1c0094e8 02812483 lw               x9, 40(x2)           x9=1c002ec6  x2:10001cd8  PA:10001d00
26943445ns          464501 1c0094ea 40afdf93 srai             x31, x31, 0x40a     x31=00000000 x31:00000000
26943464ns          464502 1c0094ee 40a55513 srai             x10, x10, 0x40a     x10=00000000 x10:00000000
26943484ns          464503 1c0094f0 01cf8fb3 add              x31, x31, x28       x31=0000005d x31:00000000 x28:0000005d
26943504ns          464504 1c0094f2 00b50533 add              x10, x10, x11       x10=0000ffbd x10:00000000 x11:0000ffbd
26943524ns          464505 1c0094f4 09015e03 lhu              x28, 144(x2)        x28=0000ff8c  x2:10001cd8  PA:10001d68
26943544ns          464506 1c0094f8 03012583 lw               x11, 48(x2)         x11=1c002ed6  x2:10001cd8  PA:10001d08
26943564ns          464507 1c0094fa 00c49023 sh               x12, 0(x9)          x12:00000818  x9:1c002ec6  PA:1c002ec6
26943882ns          464523 1c0094fe 01b888b3 add              x17, x17, x27       x17=000000d7 x17:00000000 x27:000000d7
26943902ns          464524 1c009500 01a30333 add              x6, x6, x26          x6=0000022f  x6:00000000 x26:0000022f
26943922ns          464525 1c009502 08015d83 lhu              x27, 128(x2)        x27=0000002b  x2:10001cd8  PA:10001d58
26943942ns          464526 1c009506 0000d903 lhu              x18, 0(x1)          x18=0000ff67  x1:1c002e86  PA:1c002e86
26944240ns          464541 1c00950a 01c686b3 add              x13, x13, x28       x13=0001ff8b x13:0000ffff x28:0000ff8c
26944260ns          464542 1c00950c 00659023 sh               x6, 0(x11)           x6:0000022f x11:1c002ed6  PA:1c002ed6
26944578ns          464558 1c009510 40af5f13 srai             x30, x30, 0x40a     x30=00000000 x30:00000000
26944598ns          464559 1c009514 04812e03 lw               x28, 72(x2)         x28=1c002f06  x2:10001cd8  PA:10001d20
26944618ns          464560 1c009516 01bf0f33 add              x30, x30, x27       x30=0000002b x30:00000000 x27:0000002b
26944638ns          464561 1c009518 40aede93 srai             x29, x29, 0x40a     x29=ffffffff x29:fffffff0
26944658ns          464562 1c00951c 40a75713 srai             x14, x14, 0x40a     x14=ffffffff x14:ffffffe0
26944678ns          464563 1c00951e 03812603 lw               x12, 56(x2)         x12=1c002ee6  x2:10001cd8  PA:10001d10
26944697ns          464564 1c009520 04012d83 lw               x27, 64(x2)         x27=1c002ef6  x2:10001cd8  PA:10001d18
26944717ns          464565 1c009522 01ee1023 sh               x30, 0(x28)         x30:0000002b x28:1c002f06  PA:1c002f06
26945055ns          464582 1c009526 05812483 lw               x9, 88(x2)           x9=1c002e66  x2:10001cd8  PA:10001d30
26945075ns          464583 1c009528 05012f03 lw               x30, 80(x2)         x30=1c002e76  x2:10001cd8  PA:10001d28
26945095ns          464584 1c00952a 0a012583 lw               x11, 160(x2)        x11=1c002e96  x2:10001cd8  PA:10001d78
26945115ns          464585 1c00952c 014787b3 add              x15, x15, x20       x15=0001fe28 x15:0000fffe x20:0000fe2a
26945135ns          464586 1c00952e 013e8eb3 add              x29, x29, x19       x29=0000ffd3 x29:ffffffff x19:0000ffd4
26945155ns          464587 1c009530 01270733 add              x14, x14, x18       x14=0000ff66 x14:ffffffff x18:0000ff67
26945175ns          464588 1c009532 00f49023 sh               x15, 0(x9)          x15:0001fe28  x9:1c002e66  PA:1c002e66
26945513ns          464605 1c009536 01161023 sh               x17, 0(x12)         x17:000000d7 x12:1c002ee6  PA:1c002ee6
26945831ns          464621 1c00953a 01fd9023 sh               x31, 0(x27)         x31:0000005d x27:1c002ef6  PA:1c002ef6
26946149ns          464637 1c00953e 00df1023 sh               x13, 0(x30)         x13:0001ff8b x30:1c002e76  PA:1c002e76
26946487ns          464654 1c009542 01d59023 sh               x29, 0(x11)         x29:0000ffd3 x11:1c002e96  PA:1c002e96
26946806ns          464670 1c009546 00e09023 sh               x14, 0(x1)          x14:0000ff66  x1:1c002e86  PA:1c002e86
26947144ns          464687 1c00954a 01039023 sh               x16, 0(x7)          x16:0000ffe8  x7:1c002eb6  PA:1c002eb6
26947462ns          464703 1c00954e 00a29023 sh               x10, 0(x5)          x10:0000ffbd  x5:1c002ea6  PA:1c002ea6
26947800ns          464720 1c009552 008b0b13 addi             x22, x22, 8         x22=0000009b x22:00000093
26947820ns          464721 1c009554 1f300793 addi             x15, x0, 499        x15=000001f3
26947840ns          464722 1c009558 e767dae3 bge              x15, x22, -396      x15:000001f3 x22:0000009b
26947899ns          464725 1c0093cc 010c9a0b p.lh             x20, 16(x25!)       x20=ffffff1b x25=1c0027ce x25:1c0027be  PA:1c0027be
26948218ns          464741 1c0093d0 0104198b p.lh             x19, 16(x8!)        x19=00000070  x8=1c001f96  x8:1c001f86  PA:1c001f86
26948516ns          464756 1c0093d4 2cc10513 addi             x10, x2, 716        x10=10001fa4  x2:10001cd8
26948536ns          464757 1c0093d6 010a990b p.lh             x18, 16(x21!)       x18=ffffff22 x21=1c0017c2 x21:1c0017b2  PA:1c0017b2
26948834ns          464772 1c0093da 010b948b p.lh             x9, 16(x23!)         x9=00000082 x23=1c000ff2 x23:1c000fe2  PA:1c000fe2
26949152ns          464788 1c0093de 2d411623 sh               x20, 716(x2)        x20:ffffff1b  x2:10001cd8  PA:10001fa4
26949192ns          464790 1c0093e2 2d311723 sh               x19, 718(x2)        x19:00000070  x2:10001cd8  PA:10001fa6
26949212ns          464791 1c0093e6 c33ff0ef jal              x1, -974             x1=1c0093e8
26949252ns          464793 1c009018 00051803 lh               x16, 0(x10)         x16=ffffff1b x10:10001fa4  PA:10001fa4
26949272ns          464794 1c00901c 00251883 lh               x17, 2(x10)         x17=00000070 x10:10001fa4  PA:10001fa6
26949292ns          464795 1c009020 030806b3 mul              x13, x16, x16       x13=0000ccd9 x16:ffffff1b x16:ffffff1b
26949311ns          464796 1c009024 03188633 mul              x12, x17, x17       x12=00003100 x17:00000070 x17:00000070
26949331ns          464797 1c009028 40a65613 srai             x12, x12, 0x40a     x12=0000000c x12:00003100
26949351ns          464798 1c00902a 40a6d693 srai             x13, x13, 0x40a     x13=00000033 x13:0000ccd9
26949371ns          464799 1c00902c 00c686b3 add              x13, x13, x12       x13=0000003f x13:00000033 x12:0000000c
26949391ns          464800 1c00902e 1006c633 p.exths          x12, x13, x0        x12=0000003f x13:0000003f
26949411ns          464801 1c009032 00855703 lhu              x14, 8(x10)         x14=0000ffd1 x10:10001fa4  PA:10001fac
26949431ns          464802 1c009036 00a55683 lhu              x13, 10(x10)        x13=0000ff6a x10:10001fa4  PA:10001fae
26949451ns          464803 1c00903a 02c60333 mul              x6, x12, x12         x6=00000f81 x12:0000003f x12:0000003f
26949471ns          464804 1c00903e 00c55783 lhu              x15, 12(x10)        x15=0000ffe5 x10:10001fa4  PA:10001fb0
26949490ns          464805 1c009042 00e55583 lhu              x11, 14(x10)        x11=00000060 x10:10001fa4  PA:10001fb2
26949510ns          464806 1c009046 dea30333 p.extract        x6, x6, 15, 10       x6=00000003  x6:00000f81
26949530ns          464807 1c00904a 80c7075b p.muls           x14, x14, x12       x14=fffff46f x14:0000ffd1 x12:0000003f
26949550ns          464808 1c00904e 80c686db p.muls           x13, x13, x12       x13=ffffdb16 x13:0000ff6a x12:0000003f
26949570ns          464809 1c009052 00455e83 lhu              x29, 4(x10)         x29=00000427 x10:10001fa4  PA:10001fa8
26949590ns          464810 1c009056 00655e03 lhu              x28, 6(x10)         x28=0000007f x10:10001fa4  PA:10001faa
26949610ns          464811 1c00905a 40a75713 srai             x14, x14, 0x40a     x14=fffffffd x14:fffff46f
26949630ns          464812 1c00905c 806787db p.muls           x15, x15, x6        x15=ffffffaf x15:0000ffe5  x6:00000003
26949650ns          464813 1c009060 40a6d693 srai             x13, x13, 0x40a     x13=fffffff6 x13:ffffdb16
26949669ns          464814 1c009062 8065865b p.muls           x12, x11, x6        x12=00000120 x11:00000060  x6:00000003
26949689ns          464815 1c009066 40a7d793 srai             x15, x15, 0x40a     x15=ffffffff x15:ffffffaf
26949709ns          464816 1c009068 40a65613 srai             x12, x12, 0x40a     x12=00000000 x12:00000120
26949729ns          464817 1c00906a 01d70733 add              x14, x14, x29       x14=00000424 x14:fffffffd x29:00000427
26949749ns          464818 1c00906c 01c686b3 add              x13, x13, x28       x13=00000075 x13:fffffff6 x28:0000007f
26949769ns          464819 1c00906e 00c686b3 add              x13, x13, x12       x13=00000075 x13:00000075 x12:00000000
26949789ns          464820 1c009070 00f70733 add              x14, x14, x15       x14=00000423 x14:00000424 x15:ffffffff
26949809ns          464821 1c009072 100747b3 p.exths          x15, x14, x0        x15=00000423 x14:00000423
26949829ns          464822 1c009076 1006c733 p.exths          x14, x13, x0        x14=00000075 x13:00000075
26949848ns          464823 1c00907a 03170633 mul              x12, x14, x17       x12=00003330 x14:00000075 x17:00000070
26949868ns          464824 1c00907e 030786b3 mul              x13, x15, x16       x13=fffc4cb1 x15:00000423 x16:ffffff1b
26949888ns          464825 1c009082 03070733 mul              x14, x14, x16       x14=ffff9757 x14:00000075 x16:ffffff1b
26949908ns          464826 1c009086 031787b3 mul              x15, x15, x17       x15=0001cf50 x15:00000423 x17:00000070
26949928ns          464827 1c00908a 40a6d693 srai             x13, x13, 0x40a     x13=ffffff13 x13:fffc4cb1
26949948ns          464828 1c00908c 40a65613 srai             x12, x12, 0x40a     x12=0000000c x12:00003330
26949968ns          464829 1c00908e 40a7d793 srai             x15, x15, 0x40a     x15=00000073 x15:0001cf50
26949988ns          464830 1c009090 40a75713 srai             x14, x14, 0x40a     x14=ffffffe5 x14:ffff9757
26950008ns          464831 1c009092 40c686b3 sub              x13, x13, x12       x13=ffffff07 x13:ffffff13 x12:0000000c
26950027ns          464832 1c009094 00e787b3 add              x15, x15, x14       x15=00000058 x15:00000073 x14:ffffffe5
26950047ns          464833 1c009096 00d51823 sh               x13, 16(x10)        x13:ffffff07 x10:10001fa4  PA:10001fb4
26950067ns          464834 1c00909a 00f51923 sh               x15, 18(x10)        x15:00000058 x10:10001fa4  PA:10001fb6
26950087ns          464835 1c00909e 00008067 jalr             x0, x1, 0            x1:1c0093e8
26950187ns          464840 1c0093e8 2dc15583 lhu              x11, 732(x2)        x11=0000ff07  x2:10001cd8  PA:10001fb4
26950206ns          464841 1c0093ec 2de15783 lhu              x15, 734(x2)        x15=00000058  x2:10001cd8  PA:10001fb6
26950226ns          464842 1c0093f0 40b90933 sub              x18, x18, x11       x18=ffff001b x18:ffffff22 x11:0000ff07
26950246ns          464843 1c0093f4 40f484b3 sub              x9, x9, x15          x9=0000002a  x9:00000082 x15:00000058
26950266ns          464844 1c0093f6 100945b3 p.exths          x11, x18, x0        x11=0000001b x18:ffff001b
26950286ns          464845 1c0093fa 1004c7b3 p.exths          x15, x9, x0         x15=0000002a  x9:0000002a
26950306ns          464846 1c0093fe 034586b3 mul              x13, x11, x20       x13=ffffe7d9 x11:0000001b x20:ffffff1b
26950326ns          464847 1c009402 03378533 mul              x10, x15, x19       x10=00001260 x15:0000002a x19:00000070
26950346ns          464848 1c009406 034a0633 mul              x12, x20, x20       x12=0000ccd9 x20:ffffff1b x20:ffffff1b
26950366ns          464849 1c00940a 03398733 mul              x14, x19, x19       x14=00003100 x19:00000070 x19:00000070
26950425ns          464852 1c00940e 034787b3 mul              x15, x15, x20       x15=ffffda6e x15:0000002a x20:ffffff1b
26950465ns          464854 1c009412 033585b3 mul              x11, x11, x19       x11=00000bd0 x11:0000001b x19:00000070
26950485ns          464855 1c009416 40a75713 srai             x14, x14, 0x40a     x14=0000000c x14:00003100
26950505ns          464856 1c009418 40a5d593 srai             x11, x11, 0x40a     x11=00000002 x11:00000bd0
26950525ns          464857 1c00941a 40a65613 srai             x12, x12, 0x40a     x12=00000033 x12:0000ccd9
26950545ns          464858 1c00941c 40a7d793 srai             x15, x15, 0x40a     x15=fffffff6 x15:ffffda6e
26950564ns          464859 1c00941e 1c0034b7 lui              x9, 0x1c003000       x9=1c003000
26950584ns          464860 1c009422 00e60633 add              x12, x12, x14       x12=0000003f x12:00000033 x14:0000000c
26950604ns          464861 1c009424 40b787b3 sub              x15, x15, x11       x15=fffffff4 x15:fffffff6 x11:00000002
26950624ns          464862 1c009426 eb048493 addi             x9, x9, -336         x9=1c002eb0  x9:1c003000
26950644ns          464863 1c00942a 1c0032b7 lui              x5, 0x1c003000       x5=1c003000
26950664ns          464864 1c00942e 1c0035b7 lui              x11, 0x1c003000     x11=1c003000
26950684ns          464865 1c009432 018483b3 add              x7, x9, x24          x7=1c002eb6  x9:1c002eb0 x24:00000006
26950704ns          464866 1c009436 02812e83 lw               x29, 40(x2)         x29=1c002ec6  x2:10001cd8  PA:10001d00
26950724ns          464867 1c009438 10065633 p.exthz          x12, x12, x0        x12=0000003f x12:0000003f
26950743ns          464868 1c00943c e8028293 addi             x5, x5, -384         x5=1c002e80  x5:1c003000
26950763ns          464869 1c009440 ea058593 addi             x11, x11, -352      x11=1c002ea0 x11:1c003000
26950803ns          464871 1c009444 03812483 lw               x9, 56(x2)           x9=1c002ee6  x2:10001cd8  PA:10001d10
26950823ns          464872 1c009446 10064733 p.exths          x14, x12, x0        x14=0000003f x12:0000003f
26950843ns          464873 1c00944a 018280b3 add              x1, x5, x24          x1=1c002e86  x5:1c002e80 x24:00000006
26950863ns          464874 1c00944e 03012f03 lw               x30, 48(x2)         x30=1c002ed6  x2:10001cd8  PA:10001d08
26950922ns          464877 1c009450 018582b3 add              x5, x11, x24         x5=1c002ea6 x11:1c002ea0 x24:00000006
26950942ns          464878 1c009454 04012583 lw               x11, 64(x2)         x11=1c002ef6  x2:10001cd8  PA:10001d18
26950962ns          464879 1c009456 000edd83 lhu              x27, 0(x29)         x27=00000818 x29:1c002ec6  PA:1c002ec6
26951260ns          464894 1c00945a 0004d483 lhu              x9, 0(x9)            x9=000000d7  x9:1c002ee6  PA:1c002ee6
26951559ns          464909 1c00945e 02e70333 mul              x6, x14, x14         x6=00000f81 x14:0000003f x14:0000003f
26951579ns          464910 1c009462 40a55513 srai             x10, x10, 0x40a     x10=00000004 x10:00001260
26951599ns          464911 1c009464 04812e83 lw               x29, 72(x2)         x29=1c002f06  x2:10001cd8  PA:10001d20
26951618ns          464912 1c009466 40a6d693 srai             x13, x13, 0x40a     x13=fffffff9 x13:ffffe7d9
26951638ns          464913 1c009468 000f5d03 lhu              x26, 0(x30)         x26=0000022f x30:1c002ed6  PA:1c002ed6
26951937ns          464928 1c00946c 0005d583 lhu              x11, 0(x11)         x11=0000005d x11:1c002ef6  PA:1c002ef6
26952275ns          464945 1c009470 40a35313 srai             x6, x6, 0x40a        x6=00000003  x6:00000f81
26952295ns          464946 1c009474 00a686b3 add              x13, x13, x10       x13=fffffffd x13:fffffff9 x10:00000004
26952315ns          464947 1c009476 05012f03 lw               x30, 80(x2)         x30=1c002e76  x2:10001cd8  PA:10001d28
26952334ns          464948 1c009478 10034e33 p.exths          x28, x6, x0         x28=00000003  x6:00000003
26952354ns          464949 1c00947c 06911023 sh               x9, 96(x2)           x9:000000d7  x2:10001cd8  PA:10001d38
26952374ns          464950 1c009480 000ede83 lhu              x29, 0(x29)         x29=0000002b x29:1c002f06  PA:1c002f06
26952732ns          464968 1c009484 05812483 lw               x9, 88(x2)           x9=1c002e66  x2:10001cd8  PA:10001d30
26952752ns          464969 1c009486 1006d6b3 p.exthz          x13, x13, x0        x13=0000fffd x13:fffffffd
26952772ns          464970 1c00948a 02ee08b3 mul              x17, x28, x14       x17=000000bd x28:00000003 x14:0000003f
26952792ns          464971 1c00948e 1006c833 p.exths          x16, x13, x0        x16=fffffffd x13:0000fffd
26952812ns          464972 1c009492 06b11823 sh               x11, 112(x2)        x11:0000005d  x2:10001cd8  PA:10001d48
26952832ns          464973 1c009496 000f5f03 lhu              x30, 0(x30)         x30=0000ff8b x30:1c002e76  PA:1c002e76
26953130ns          464988 1c00949a 0a012583 lw               x11, 160(x2)        x11=1c002e96  x2:10001cd8  PA:10001d78
26953150ns          464989 1c00949c 1007d7b3 p.exthz          x15, x15, x0        x15=0000fff4 x15:fffffff4
26953170ns          464990 1c0094a0 0004da03 lhu              x20, 0(x9)          x20=0000fe28  x9:1c002e66  PA:1c002e66
26953468ns          465005 1c0094a4 1007c533 p.exths          x10, x15, x0        x10=fffffff4 x15:0000fff4
26953488ns          465006 1c0094a8 09d11023 sh               x29, 128(x2)        x29:0000002b  x2:10001cd8  PA:10001d58
26953508ns          465007 1c0094ac 0003d483 lhu              x9, 0(x7)            x9=0000ffe8  x7:1c002eb6  PA:1c002eb6
26953806ns          465022 1c0094b0 02e80eb3 mul              x29, x16, x14       x29=ffffff43 x16:fffffffd x14:0000003f
26953826ns          465023 1c0094b4 40a8d893 srai             x17, x17, 0x40a     x17=00000000 x17:000000bd
26953846ns          465024 1c0094b8 03c80833 mul              x16, x16, x28       x16=fffffff7 x16:fffffffd x28:00000003
26953866ns          465025 1c0094bc 09e11823 sh               x30, 144(x2)        x30:0000ff8b  x2:10001cd8  PA:10001d68
26953886ns          465026 1c0094c0 0005d983 lhu              x19, 0(x11)         x19=0000ffd3 x11:1c002e96  PA:1c002e96
26954184ns          465041 1c0094c4 81c88f5b p.muls           x30, x17, x28       x30=00000000 x17:00000000 x28:00000003
26954204ns          465042 1c0094c8 0002d583 lhu              x11, 0(x5)          x11=0000ffbd  x5:1c002ea6  PA:1c002ea6
26954522ns          465058 1c0094cc 03ce0fb3 mul              x31, x28, x28       x31=00000009 x28:00000003 x28:00000003
26954542ns          465059 1c0094d0 02e50733 mul              x14, x10, x14       x14=fffffd0c x10:fffffff4 x14:0000003f
26954562ns          465060 1c0094d4 40a85813 srai             x16, x16, 0x40a     x16=ffffffff x16:fffffff7
26954582ns          465061 1c0094d8 03c50533 mul              x10, x10, x28       x10=ffffffdc x10:fffffff4 x28:00000003
26954602ns          465062 1c0094dc 07015e03 lhu              x28, 112(x2)        x28=0000005d  x2:10001cd8  PA:10001d48
26954622ns          465063 1c0094e0 01b60633 add              x12, x12, x27       x12=00000857 x12:0000003f x27:00000818
26954641ns          465064 1c0094e2 00980833 add              x16, x16, x9        x16=0000ffe7 x16:ffffffff  x9:0000ffe8
26954661ns          465065 1c0094e4 06015d83 lhu              x27, 96(x2)         x27=000000d7  x2:10001cd8  PA:10001d38
26954681ns          465066 1c0094e8 02812483 lw               x9, 40(x2)           x9=1c002ec6  x2:10001cd8  PA:10001d00
26954701ns          465067 1c0094ea 40afdf93 srai             x31, x31, 0x40a     x31=00000000 x31:00000009
26954721ns          465068 1c0094ee 40a55513 srai             x10, x10, 0x40a     x10=ffffffff x10:ffffffdc
26954741ns          465069 1c0094f0 01cf8fb3 add              x31, x31, x28       x31=0000005d x31:00000000 x28:0000005d
26954761ns          465070 1c0094f2 00b50533 add              x10, x10, x11       x10=0000ffbc x10:ffffffff x11:0000ffbd
26954781ns          465071 1c0094f4 09015e03 lhu              x28, 144(x2)        x28=0000ff8b  x2:10001cd8  PA:10001d68
26954801ns          465072 1c0094f8 03012583 lw               x11, 48(x2)         x11=1c002ed6  x2:10001cd8  PA:10001d08
26954820ns          465073 1c0094fa 00c49023 sh               x12, 0(x9)          x12:00000857  x9:1c002ec6  PA:1c002ec6
26955139ns          465089 1c0094fe 01b888b3 add              x17, x17, x27       x17=000000d7 x17:00000000 x27:000000d7
26955159ns          465090 1c009500 01a30333 add              x6, x6, x26          x6=00000232  x6:00000003 x26:0000022f
26955178ns          465091 1c009502 08015d83 lhu              x27, 128(x2)        x27=0000002b  x2:10001cd8  PA:10001d58
26955198ns          465092 1c009506 0000d903 lhu              x18, 0(x1)          x18=0000ff66  x1:1c002e86  PA:1c002e86
26955517ns          465108 1c00950a 01c686b3 add              x13, x13, x28       x13=0001ff88 x13:0000fffd x28:0000ff8b
26955536ns          465109 1c00950c 00659023 sh               x6, 0(x11)           x6:00000232 x11:1c002ed6  PA:1c002ed6
26955875ns          465126 1c009510 40af5f13 srai             x30, x30, 0x40a     x30=00000000 x30:00000000
26955894ns          465127 1c009514 04812e03 lw               x28, 72(x2)         x28=1c002f06  x2:10001cd8  PA:10001d20
26955914ns          465128 1c009516 01bf0f33 add              x30, x30, x27       x30=0000002b x30:00000000 x27:0000002b
26955934ns          465129 1c009518 40aede93 srai             x29, x29, 0x40a     x29=ffffffff x29:ffffff43
26955954ns          465130 1c00951c 40a75713 srai             x14, x14, 0x40a     x14=ffffffff x14:fffffd0c
26955974ns          465131 1c00951e 03812603 lw               x12, 56(x2)         x12=1c002ee6  x2:10001cd8  PA:10001d10
26955994ns          465132 1c009520 04012d83 lw               x27, 64(x2)         x27=1c002ef6  x2:10001cd8  PA:10001d18
26956014ns          465133 1c009522 01ee1023 sh               x30, 0(x28)         x30:0000002b x28:1c002f06  PA:1c002f06
26956352ns          465150 1c009526 05812483 lw               x9, 88(x2)           x9=1c002e66  x2:10001cd8  PA:10001d30
26956372ns          465151 1c009528 05012f03 lw               x30, 80(x2)         x30=1c002e76  x2:10001cd8  PA:10001d28
26956392ns          465152 1c00952a 0a012583 lw               x11, 160(x2)        x11=1c002e96  x2:10001cd8  PA:10001d78
26956411ns          465153 1c00952c 014787b3 add              x15, x15, x20       x15=0001fe1c x15:0000fff4 x20:0000fe28
26956431ns          465154 1c00952e 013e8eb3 add              x29, x29, x19       x29=0000ffd2 x29:ffffffff x19:0000ffd3
26956451ns          465155 1c009530 01270733 add              x14, x14, x18       x14=0000ff65 x14:ffffffff x18:0000ff66
26956471ns          465156 1c009532 00f49023 sh               x15, 0(x9)          x15:0001fe1c  x9:1c002e66  PA:1c002e66
26956789ns          465172 1c009536 01161023 sh               x17, 0(x12)         x17:000000d7 x12:1c002ee6  PA:1c002ee6
26957108ns          465188 1c00953a 01fd9023 sh               x31, 0(x27)         x31:0000005d x27:1c002ef6  PA:1c002ef6
26957426ns          465204 1c00953e 00df1023 sh               x13, 0(x30)         x13:0001ff88 x30:1c002e76  PA:1c002e76
26957744ns          465220 1c009542 01d59023 sh               x29, 0(x11)         x29:0000ffd2 x11:1c002e96  PA:1c002e96
26958062ns          465236 1c009546 00e09023 sh               x14, 0(x1)          x14:0000ff65  x1:1c002e86  PA:1c002e86
26958400ns          465253 1c00954a 01039023 sh               x16, 0(x7)          x16:0000ffe7  x7:1c002eb6  PA:1c002eb6
26958718ns          465269 1c00954e 00a29023 sh               x10, 0(x5)          x10:0000ffbc  x5:1c002ea6  PA:1c002ea6
26959037ns          465285 1c009552 008b0b13 addi             x22, x22, 8         x22=000000a3 x22:0000009b
26959057ns          465286 1c009554 1f300793 addi             x15, x0, 499        x15=000001f3
26959076ns          465287 1c009558 e767dae3 bge              x15, x22, -396      x15:000001f3 x22:000000a3
26959176ns          465292 1c0093cc 010c9a0b p.lh             x20, 16(x25!)       x20=fffffe35 x25=1c0027de x25:1c0027ce  PA:1c0027ce
26959474ns          465307 1c0093d0 0104198b p.lh             x19, 16(x8!)        x19=ffffff4f  x8=1c001fa6  x8:1c001f96  PA:1c001f96
26959773ns          465322 1c0093d4 2cc10513 addi             x10, x2, 716        x10=10001fa4  x2:10001cd8
26959792ns          465323 1c0093d6 010a990b p.lh             x18, 16(x21!)       x18=fffffe20 x21=1c0017d2 x21:1c0017c2  PA:1c0017c2
26960091ns          465338 1c0093da 010b948b p.lh             x9, 16(x23!)         x9=ffffff91 x23=1c001002 x23:1c000ff2  PA:1c000ff2
26960389ns          465353 1c0093de 2d411623 sh               x20, 716(x2)        x20:fffffe35  x2:10001cd8  PA:10001fa4
26960429ns          465355 1c0093e2 2d311723 sh               x19, 718(x2)        x19:ffffff4f  x2:10001cd8  PA:10001fa6
26960449ns          465356 1c0093e6 c33ff0ef jal              x1, -974             x1=1c0093e8
26960528ns          465360 1c009018 00051803 lh               x16, 0(x10)         x16=fffffe35 x10:10001fa4  PA:10001fa4
26960568ns          465362 1c00901c 00251883 lh               x17, 2(x10)         x17=ffffff4f x10:10001fa4  PA:10001fa6
26960588ns          465363 1c009020 030806b3 mul              x13, x16, x16       x13=000336f9 x16:fffffe35 x16:fffffe35
26960608ns          465364 1c009024 03188633 mul              x12, x17, x17       x12=00007a61 x17:ffffff4f x17:ffffff4f
26960628ns          465365 1c009028 40a65613 srai             x12, x12, 0x40a     x12=0000001e x12:00007a61
26960648ns          465366 1c00902a 40a6d693 srai             x13, x13, 0x40a     x13=000000cd x13:000336f9
26960668ns          465367 1c00902c 00c686b3 add              x13, x13, x12       x13=000000eb x13:000000cd x12:0000001e
26960687ns          465368 1c00902e 1006c633 p.exths          x12, x13, x0        x12=000000eb x13:000000eb
26960707ns          465369 1c009032 00855703 lhu              x14, 8(x10)         x14=0000ffd1 x10:10001fa4  PA:10001fac
26960727ns          465370 1c009036 00a55683 lhu              x13, 10(x10)        x13=0000ff6a x10:10001fa4  PA:10001fae
26960747ns          465371 1c00903a 02c60333 mul              x6, x12, x12         x6=0000d7b9 x12:000000eb x12:000000eb
26960767ns          465372 1c00903e 00c55783 lhu              x15, 12(x10)        x15=0000ffe5 x10:10001fa4  PA:10001fb0
26960787ns          465373 1c009042 00e55583 lhu              x11, 14(x10)        x11=00000060 x10:10001fa4  PA:10001fb2
26960807ns          465374 1c009046 dea30333 p.extract        x6, x6, 15, 10       x6=00000035  x6:0000d7b9
26960827ns          465375 1c00904a 80c7075b p.muls           x14, x14, x12       x14=ffffd4db x14:0000ffd1 x12:000000eb
26960847ns          465376 1c00904e 80c686db p.muls           x13, x13, x12       x13=ffff764e x13:0000ff6a x12:000000eb
26960866ns          465377 1c009052 00455e83 lhu              x29, 4(x10)         x29=00000427 x10:10001fa4  PA:10001fa8
26960886ns          465378 1c009056 00655e03 lhu              x28, 6(x10)         x28=0000007f x10:10001fa4  PA:10001faa
26960906ns          465379 1c00905a 40a75713 srai             x14, x14, 0x40a     x14=fffffff5 x14:ffffd4db
26960926ns          465380 1c00905c 806787db p.muls           x15, x15, x6        x15=fffffa69 x15:0000ffe5  x6:00000035
26960946ns          465381 1c009060 40a6d693 srai             x13, x13, 0x40a     x13=ffffffdd x13:ffff764e
26960966ns          465382 1c009062 8065865b p.muls           x12, x11, x6        x12=000013e0 x11:00000060  x6:00000035
26960986ns          465383 1c009066 40a7d793 srai             x15, x15, 0x40a     x15=fffffffe x15:fffffa69
26961006ns          465384 1c009068 40a65613 srai             x12, x12, 0x40a     x12=00000004 x12:000013e0
26961026ns          465385 1c00906a 01d70733 add              x14, x14, x29       x14=0000041c x14:fffffff5 x29:00000427
26961045ns          465386 1c00906c 01c686b3 add              x13, x13, x28       x13=0000005c x13:ffffffdd x28:0000007f
26961065ns          465387 1c00906e 00c686b3 add              x13, x13, x12       x13=00000060 x13:0000005c x12:00000004
26961085ns          465388 1c009070 00f70733 add              x14, x14, x15       x14=0000041a x14:0000041c x15:fffffffe
26961105ns          465389 1c009072 100747b3 p.exths          x15, x14, x0        x15=0000041a x14:0000041a
26961125ns          465390 1c009076 1006c733 p.exths          x14, x13, x0        x14=00000060 x13:00000060
26961145ns          465391 1c00907a 03170633 mul              x12, x14, x17       x12=ffffbda0 x14:00000060 x17:ffffff4f
26961165ns          465392 1c00907e 030786b3 mul              x13, x15, x16       x13=fff8a562 x15:0000041a x16:fffffe35
26961185ns          465393 1c009082 03070733 mul              x14, x14, x16       x14=ffff53e0 x14:00000060 x16:fffffe35
26961204ns          465394 1c009086 031787b3 mul              x15, x15, x17       x15=fffd2a06 x15:0000041a x17:ffffff4f
26961224ns          465395 1c00908a 40a6d693 srai             x13, x13, 0x40a     x13=fffffe29 x13:fff8a562
26961244ns          465396 1c00908c 40a65613 srai             x12, x12, 0x40a     x12=ffffffef x12:ffffbda0
26961264ns          465397 1c00908e 40a7d793 srai             x15, x15, 0x40a     x15=ffffff4a x15:fffd2a06
26961284ns          465398 1c009090 40a75713 srai             x14, x14, 0x40a     x14=ffffffd4 x14:ffff53e0
26961304ns          465399 1c009092 40c686b3 sub              x13, x13, x12       x13=fffffe3a x13:fffffe29 x12:ffffffef
26961324ns          465400 1c009094 00e787b3 add              x15, x15, x14       x15=ffffff1e x15:ffffff4a x14:ffffffd4
26961344ns          465401 1c009096 00d51823 sh               x13, 16(x10)        x13:fffffe3a x10:10001fa4  PA:10001fb4
26961364ns          465402 1c00909a 00f51923 sh               x15, 18(x10)        x15:ffffff1e x10:10001fa4  PA:10001fb6
26961383ns          465403 1c00909e 00008067 jalr             x0, x1, 0            x1:1c0093e8
26961423ns          465405 1c0093e8 2dc15583 lhu              x11, 732(x2)        x11=0000fe3a  x2:10001cd8  PA:10001fb4
26961443ns          465406 1c0093ec 2de15783 lhu              x15, 734(x2)        x15=0000ff1e  x2:10001cd8  PA:10001fb6
26961463ns          465407 1c0093f0 40b90933 sub              x18, x18, x11       x18=fffeffe6 x18:fffffe20 x11:0000fe3a
26961483ns          465408 1c0093f4 40f484b3 sub              x9, x9, x15          x9=ffff0073  x9:ffffff91 x15:0000ff1e
26961503ns          465409 1c0093f6 100945b3 p.exths          x11, x18, x0        x11=ffffffe6 x18:fffeffe6
26961523ns          465410 1c0093fa 1004c7b3 p.exths          x15, x9, x0         x15=00000073  x9:ffff0073
26961543ns          465411 1c0093fe 034586b3 mul              x13, x11, x20       x13=00002e9e x11:ffffffe6 x20:fffffe35
26961562ns          465412 1c009402 03378533 mul              x10, x15, x19       x10=ffffb07d x15:00000073 x19:ffffff4f
26961582ns          465413 1c009406 034a0633 mul              x12, x20, x20       x12=000336f9 x20:fffffe35 x20:fffffe35
26961602ns          465414 1c00940a 03398733 mul              x14, x19, x19       x14=00007a61 x19:ffffff4f x19:ffffff4f
26961622ns          465415 1c00940e 034787b3 mul              x15, x15, x20       x15=ffff31cf x15:00000073 x20:fffffe35
26961642ns          465416 1c009412 033585b3 mul              x11, x11, x19       x11=000011fa x11:ffffffe6 x19:ffffff4f
26961662ns          465417 1c009416 40a75713 srai             x14, x14, 0x40a     x14=0000001e x14:00007a61
26961682ns          465418 1c009418 40a5d593 srai             x11, x11, 0x40a     x11=00000004 x11:000011fa
26961702ns          465419 1c00941a 40a65613 srai             x12, x12, 0x40a     x12=000000cd x12:000336f9
26961722ns          465420 1c00941c 40a7d793 srai             x15, x15, 0x40a     x15=ffffffcc x15:ffff31cf
26961741ns          465421 1c00941e 1c0034b7 lui              x9, 0x1c003000       x9=1c003000
26961761ns          465422 1c009422 00e60633 add              x12, x12, x14       x12=000000eb x12:000000cd x14:0000001e
26961781ns          465423 1c009424 40b787b3 sub              x15, x15, x11       x15=ffffffc8 x15:ffffffcc x11:00000004
26961801ns          465424 1c009426 eb048493 addi             x9, x9, -336         x9=1c002eb0  x9:1c003000
26961821ns          465425 1c00942a 1c0032b7 lui              x5, 0x1c003000       x5=1c003000
26961841ns          465426 1c00942e 1c0035b7 lui              x11, 0x1c003000     x11=1c003000
26961861ns          465427 1c009432 018483b3 add              x7, x9, x24          x7=1c002eb6  x9:1c002eb0 x24:00000006
26961881ns          465428 1c009436 02812e83 lw               x29, 40(x2)         x29=1c002ec6  x2:10001cd8  PA:10001d00
26961901ns          465429 1c009438 10065633 p.exthz          x12, x12, x0        x12=000000eb x12:000000eb
26961920ns          465430 1c00943c e8028293 addi             x5, x5, -384         x5=1c002e80  x5:1c003000
26961940ns          465431 1c009440 ea058593 addi             x11, x11, -352      x11=1c002ea0 x11:1c003000
26961980ns          465433 1c009444 03812483 lw               x9, 56(x2)           x9=1c002ee6  x2:10001cd8  PA:10001d10
26962000ns          465434 1c009446 10064733 p.exths          x14, x12, x0        x14=000000eb x12:000000eb
26962020ns          465435 1c00944a 018280b3 add              x1, x5, x24          x1=1c002e86  x5:1c002e80 x24:00000006
26962040ns          465436 1c00944e 03012f03 lw               x30, 48(x2)         x30=1c002ed6  x2:10001cd8  PA:10001d08
26962080ns          465438 1c009450 018582b3 add              x5, x11, x24         x5=1c002ea6 x11:1c002ea0 x24:00000006
26962119ns          465440 1c009454 04012583 lw               x11, 64(x2)         x11=1c002ef6  x2:10001cd8  PA:10001d18
26962139ns          465441 1c009456 000edd83 lhu              x27, 0(x29)         x27=00000857 x29:1c002ec6  PA:1c002ec6
26962438ns          465456 1c00945a 0004d483 lhu              x9, 0(x9)            x9=000000d7  x9:1c002ee6  PA:1c002ee6
26962736ns          465471 1c00945e 02e70333 mul              x6, x14, x14         x6=0000d7b9 x14:000000eb x14:000000eb
26962756ns          465472 1c009462 40a55513 srai             x10, x10, 0x40a     x10=ffffffec x10:ffffb07d
26962776ns          465473 1c009464 04812e83 lw               x29, 72(x2)         x29=1c002f06  x2:10001cd8  PA:10001d20
26962796ns          465474 1c009466 40a6d693 srai             x13, x13, 0x40a     x13=0000000b x13:00002e9e
26962815ns          465475 1c009468 000f5d03 lhu              x26, 0(x30)         x26=00000232 x30:1c002ed6  PA:1c002ed6
26963134ns          465491 1c00946c 0005d583 lhu              x11, 0(x11)         x11=0000005d x11:1c002ef6  PA:1c002ef6
26963452ns          465507 1c009470 40a35313 srai             x6, x6, 0x40a        x6=00000035  x6:0000d7b9
26963472ns          465508 1c009474 00a686b3 add              x13, x13, x10       x13=fffffff7 x13:0000000b x10:ffffffec
26963492ns          465509 1c009476 05012f03 lw               x30, 80(x2)         x30=1c002e76  x2:10001cd8  PA:10001d28
26963512ns          465510 1c009478 10034e33 p.exths          x28, x6, x0         x28=00000035  x6:00000035
26963531ns          465511 1c00947c 06911023 sh               x9, 96(x2)           x9:000000d7  x2:10001cd8  PA:10001d38
26963551ns          465512 1c009480 000ede83 lhu              x29, 0(x29)         x29=0000002b x29:1c002f06  PA:1c002f06
26963869ns          465528 1c009484 05812483 lw               x9, 88(x2)           x9=1c002e66  x2:10001cd8  PA:10001d30
26963889ns          465529 1c009486 1006d6b3 p.exthz          x13, x13, x0        x13=0000fff7 x13:fffffff7
26963909ns          465530 1c00948a 02ee08b3 mul              x17, x28, x14       x17=000030a7 x28:00000035 x14:000000eb
26963929ns          465531 1c00948e 1006c833 p.exths          x16, x13, x0        x16=fffffff7 x13:0000fff7
26963949ns          465532 1c009492 06b11823 sh               x11, 112(x2)        x11:0000005d  x2:10001cd8  PA:10001d48
26963969ns          465533 1c009496 000f5f03 lhu              x30, 0(x30)         x30=0000ff88 x30:1c002e76  PA:1c002e76
26964267ns          465548 1c00949a 0a012583 lw               x11, 160(x2)        x11=1c002e96  x2:10001cd8  PA:10001d78
26964287ns          465549 1c00949c 1007d7b3 p.exthz          x15, x15, x0        x15=0000ffc8 x15:ffffffc8
26964307ns          465550 1c0094a0 0004da03 lhu              x20, 0(x9)          x20=0000fe1c  x9:1c002e66  PA:1c002e66
26964625ns          465566 1c0094a4 1007c533 p.exths          x10, x15, x0        x10=ffffffc8 x15:0000ffc8
26964645ns          465567 1c0094a8 09d11023 sh               x29, 128(x2)        x29:0000002b  x2:10001cd8  PA:10001d58
26964665ns          465568 1c0094ac 0003d483 lhu              x9, 0(x7)            x9=0000ffe7  x7:1c002eb6  PA:1c002eb6
26965023ns          465586 1c0094b0 02e80eb3 mul              x29, x16, x14       x29=fffff7bd x16:fffffff7 x14:000000eb
26965043ns          465587 1c0094b4 40a8d893 srai             x17, x17, 0x40a     x17=0000000c x17:000030a7
26965063ns          465588 1c0094b8 03c80833 mul              x16, x16, x28       x16=fffffe23 x16:fffffff7 x28:00000035
26965083ns          465589 1c0094bc 09e11823 sh               x30, 144(x2)        x30:0000ff88  x2:10001cd8  PA:10001d68
26965103ns          465590 1c0094c0 0005d983 lhu              x19, 0(x11)         x19=0000ffd2 x11:1c002e96  PA:1c002e96
26965401ns          465605 1c0094c4 81c88f5b p.muls           x30, x17, x28       x30=0000027c x17:0000000c x28:00000035
26965421ns          465606 1c0094c8 0002d583 lhu              x11, 0(x5)          x11=0000ffbc  x5:1c002ea6  PA:1c002ea6
26965739ns          465622 1c0094cc 03ce0fb3 mul              x31, x28, x28       x31=00000af9 x28:00000035 x28:00000035
26965759ns          465623 1c0094d0 02e50733 mul              x14, x10, x14       x14=ffffcc98 x10:ffffffc8 x14:000000eb
26965779ns          465624 1c0094d4 40a85813 srai             x16, x16, 0x40a     x16=ffffffff x16:fffffe23
26965799ns          465625 1c0094d8 03c50533 mul              x10, x10, x28       x10=fffff468 x10:ffffffc8 x28:00000035
26965819ns          465626 1c0094dc 07015e03 lhu              x28, 112(x2)        x28=0000005d  x2:10001cd8  PA:10001d48
26965838ns          465627 1c0094e0 01b60633 add              x12, x12, x27       x12=00000942 x12:000000eb x27:00000857
26965858ns          465628 1c0094e2 00980833 add              x16, x16, x9        x16=0000ffe6 x16:ffffffff  x9:0000ffe7
26965878ns          465629 1c0094e4 06015d83 lhu              x27, 96(x2)         x27=000000d7  x2:10001cd8  PA:10001d38
26965898ns          465630 1c0094e8 02812483 lw               x9, 40(x2)           x9=1c002ec6  x2:10001cd8  PA:10001d00
26965918ns          465631 1c0094ea 40afdf93 srai             x31, x31, 0x40a     x31=00000002 x31:00000af9
26965938ns          465632 1c0094ee 40a55513 srai             x10, x10, 0x40a     x10=fffffffd x10:fffff468
26965958ns          465633 1c0094f0 01cf8fb3 add              x31, x31, x28       x31=0000005f x31:00000002 x28:0000005d
26965978ns          465634 1c0094f2 00b50533 add              x10, x10, x11       x10=0000ffb9 x10:fffffffd x11:0000ffbc
26965998ns          465635 1c0094f4 09015e03 lhu              x28, 144(x2)        x28=0000ff88  x2:10001cd8  PA:10001d68
26966037ns          465637 1c0094f8 03012583 lw               x11, 48(x2)         x11=1c002ed6  x2:10001cd8  PA:10001d08
26966057ns          465638 1c0094fa 00c49023 sh               x12, 0(x9)          x12:00000942  x9:1c002ec6  PA:1c002ec6
26966395ns          465655 1c0094fe 01b888b3 add              x17, x17, x27       x17=000000e3 x17:0000000c x27:000000d7
26966415ns          465656 1c009500 01a30333 add              x6, x6, x26          x6=00000267  x6:00000035 x26:00000232
26966435ns          465657 1c009502 08015d83 lhu              x27, 128(x2)        x27=0000002b  x2:10001cd8  PA:10001d58
26966455ns          465658 1c009506 0000d903 lhu              x18, 0(x1)          x18=0000ff65  x1:1c002e86  PA:1c002e86
26966833ns          465677 1c00950a 01c686b3 add              x13, x13, x28       x13=0001ff7f x13:0000fff7 x28:0000ff88
26966853ns          465678 1c00950c 00659023 sh               x6, 0(x11)           x6:00000267 x11:1c002ed6  PA:1c002ed6
26967191ns          465695 1c009510 40af5f13 srai             x30, x30, 0x40a     x30=00000000 x30:0000027c
26967211ns          465696 1c009514 04812e03 lw               x28, 72(x2)         x28=1c002f06  x2:10001cd8  PA:10001d20
26967231ns          465697 1c009516 01bf0f33 add              x30, x30, x27       x30=0000002b x30:00000000 x27:0000002b
26967250ns          465698 1c009518 40aede93 srai             x29, x29, 0x40a     x29=fffffffd x29:fffff7bd
26967270ns          465699 1c00951c 40a75713 srai             x14, x14, 0x40a     x14=fffffff3 x14:ffffcc98
26967290ns          465700 1c00951e 03812603 lw               x12, 56(x2)         x12=1c002ee6  x2:10001cd8  PA:10001d10
26967310ns          465701 1c009520 04012d83 lw               x27, 64(x2)         x27=1c002ef6  x2:10001cd8  PA:10001d18
26967330ns          465702 1c009522 01ee1023 sh               x30, 0(x28)         x30:0000002b x28:1c002f06  PA:1c002f06
26967648ns          465718 1c009526 05812483 lw               x9, 88(x2)           x9=1c002e66  x2:10001cd8  PA:10001d30
26967668ns          465719 1c009528 05012f03 lw               x30, 80(x2)         x30=1c002e76  x2:10001cd8  PA:10001d28
26967688ns          465720 1c00952a 0a012583 lw               x11, 160(x2)        x11=1c002e96  x2:10001cd8  PA:10001d78
26967708ns          465721 1c00952c 014787b3 add              x15, x15, x20       x15=0001fde4 x15:0000ffc8 x20:0000fe1c
26967728ns          465722 1c00952e 013e8eb3 add              x29, x29, x19       x29=0000ffcf x29:fffffffd x19:0000ffd2
26967748ns          465723 1c009530 01270733 add              x14, x14, x18       x14=0000ff58 x14:fffffff3 x18:0000ff65
26967768ns          465724 1c009532 00f49023 sh               x15, 0(x9)          x15:0001fde4  x9:1c002e66  PA:1c002e66
26968106ns          465741 1c009536 01161023 sh               x17, 0(x12)         x17:000000e3 x12:1c002ee6  PA:1c002ee6
26968424ns          465757 1c00953a 01fd9023 sh               x31, 0(x27)         x31:0000005f x27:1c002ef6  PA:1c002ef6
26968742ns          465773 1c00953e 00df1023 sh               x13, 0(x30)         x13:0001ff7f x30:1c002e76  PA:1c002e76
26969060ns          465789 1c009542 01d59023 sh               x29, 0(x11)         x29:0000ffcf x11:1c002e96  PA:1c002e96
26969378ns          465805 1c009546 00e09023 sh               x14, 0(x1)          x14:0000ff58  x1:1c002e86  PA:1c002e86
26969697ns          465821 1c00954a 01039023 sh               x16, 0(x7)          x16:0000ffe6  x7:1c002eb6  PA:1c002eb6
26970015ns          465837 1c00954e 00a29023 sh               x10, 0(x5)          x10:0000ffb9  x5:1c002ea6  PA:1c002ea6
26970333ns          465853 1c009552 008b0b13 addi             x22, x22, 8         x22=000000ab x22:000000a3
26970353ns          465854 1c009554 1f300793 addi             x15, x0, 499        x15=000001f3
26970373ns          465855 1c009558 e767dae3 bge              x15, x22, -396      x15:000001f3 x22:000000ab
26970472ns          465860 1c0093cc 010c9a0b p.lh             x20, 16(x25!)       x20=fffffe84 x25=1c0027ee x25:1c0027de  PA:1c0027de
26970830ns          465878 1c0093d0 0104198b p.lh             x19, 16(x8!)        x19=ffffff80  x8=1c001fb6  x8:1c001fa6  PA:1c001fa6
26971129ns          465893 1c0093d4 2cc10513 addi             x10, x2, 716        x10=10001fa4  x2:10001cd8
26971148ns          465894 1c0093d6 010a990b p.lh             x18, 16(x21!)       x18=fffffe81 x21=1c0017e2 x21:1c0017d2  PA:1c0017d2
26971447ns          465909 1c0093da 010b948b p.lh             x9, 16(x23!)         x9=ffffffa0 x23=1c001012 x23:1c001002  PA:1c001002
26971745ns          465924 1c0093de 2d411623 sh               x20, 716(x2)        x20:fffffe84  x2:10001cd8  PA:10001fa4
26971785ns          465926 1c0093e2 2d311723 sh               x19, 718(x2)        x19:ffffff80  x2:10001cd8  PA:10001fa6
26971805ns          465927 1c0093e6 c33ff0ef jal              x1, -974             x1=1c0093e8
26971884ns          465931 1c009018 00051803 lh               x16, 0(x10)         x16=fffffe84 x10:10001fa4  PA:10001fa4
26971924ns          465933 1c00901c 00251883 lh               x17, 2(x10)         x17=ffffff80 x10:10001fa4  PA:10001fa6
26971944ns          465934 1c009020 030806b3 mul              x13, x16, x16       x13=00023410 x16:fffffe84 x16:fffffe84
26971964ns          465935 1c009024 03188633 mul              x12, x17, x17       x12=00004000 x17:ffffff80 x17:ffffff80
26971984ns          465936 1c009028 40a65613 srai             x12, x12, 0x40a     x12=00000010 x12:00004000
26972004ns          465937 1c00902a 40a6d693 srai             x13, x13, 0x40a     x13=0000008d x13:00023410
26972024ns          465938 1c00902c 00c686b3 add              x13, x13, x12       x13=0000009d x13:0000008d x12:00000010
26972043ns          465939 1c00902e 1006c633 p.exths          x12, x13, x0        x12=0000009d x13:0000009d
26972063ns          465940 1c009032 00855703 lhu              x14, 8(x10)         x14=0000ffd1 x10:10001fa4  PA:10001fac
26972083ns          465941 1c009036 00a55683 lhu              x13, 10(x10)        x13=0000ff6a x10:10001fa4  PA:10001fae
26972103ns          465942 1c00903a 02c60333 mul              x6, x12, x12         x6=00006049 x12:0000009d x12:0000009d
26972123ns          465943 1c00903e 00c55783 lhu              x15, 12(x10)        x15=0000ffe5 x10:10001fa4  PA:10001fb0
26972143ns          465944 1c009042 00e55583 lhu              x11, 14(x10)        x11=00000060 x10:10001fa4  PA:10001fb2
26972163ns          465945 1c009046 dea30333 p.extract        x6, x6, 15, 10       x6=00000018  x6:00006049
26972183ns          465946 1c00904a 80c7075b p.muls           x14, x14, x12       x14=ffffe32d x14:0000ffd1 x12:0000009d
26972222ns          465948 1c00904e 80c686db p.muls           x13, x13, x12       x13=ffffa402 x13:0000ff6a x12:0000009d
26972262ns          465950 1c009052 00455e83 lhu              x29, 4(x10)         x29=00000427 x10:10001fa4  PA:10001fa8
26972282ns          465951 1c009056 00655e03 lhu              x28, 6(x10)         x28=0000007f x10:10001fa4  PA:10001faa
26972302ns          465952 1c00905a 40a75713 srai             x14, x14, 0x40a     x14=fffffff8 x14:ffffe32d
26972322ns          465953 1c00905c 806787db p.muls           x15, x15, x6        x15=fffffd78 x15:0000ffe5  x6:00000018
26972362ns          465955 1c009060 40a6d693 srai             x13, x13, 0x40a     x13=ffffffe9 x13:ffffa402
26972401ns          465957 1c009062 8065865b p.muls           x12, x11, x6        x12=00000900 x11:00000060  x6:00000018
26972421ns          465958 1c009066 40a7d793 srai             x15, x15, 0x40a     x15=ffffffff x15:fffffd78
26972441ns          465959 1c009068 40a65613 srai             x12, x12, 0x40a     x12=00000002 x12:00000900
26972461ns          465960 1c00906a 01d70733 add              x14, x14, x29       x14=0000041f x14:fffffff8 x29:00000427
26972481ns          465961 1c00906c 01c686b3 add              x13, x13, x28       x13=00000068 x13:ffffffe9 x28:0000007f
26972501ns          465962 1c00906e 00c686b3 add              x13, x13, x12       x13=0000006a x13:00000068 x12:00000002
26972521ns          465963 1c009070 00f70733 add              x14, x14, x15       x14=0000041e x14:0000041f x15:ffffffff
26972541ns          465964 1c009072 100747b3 p.exths          x15, x14, x0        x15=0000041e x14:0000041e
26972561ns          465965 1c009076 1006c733 p.exths          x14, x13, x0        x14=0000006a x13:0000006a
26972580ns          465966 1c00907a 03170633 mul              x12, x14, x17       x12=ffffcb00 x14:0000006a x17:ffffff80
26972600ns          465967 1c00907e 030786b3 mul              x13, x15, x16       x13=fff9e378 x15:0000041e x16:fffffe84
26972620ns          465968 1c009082 03070733 mul              x14, x14, x16       x14=ffff62a8 x14:0000006a x16:fffffe84
26972640ns          465969 1c009086 031787b3 mul              x15, x15, x17       x15=fffdf100 x15:0000041e x17:ffffff80
26972660ns          465970 1c00908a 40a6d693 srai             x13, x13, 0x40a     x13=fffffe78 x13:fff9e378
26972680ns          465971 1c00908c 40a65613 srai             x12, x12, 0x40a     x12=fffffff2 x12:ffffcb00
26972700ns          465972 1c00908e 40a7d793 srai             x15, x15, 0x40a     x15=ffffff7c x15:fffdf100
26972720ns          465973 1c009090 40a75713 srai             x14, x14, 0x40a     x14=ffffffd8 x14:ffff62a8
26972740ns          465974 1c009092 40c686b3 sub              x13, x13, x12       x13=fffffe86 x13:fffffe78 x12:fffffff2
26972759ns          465975 1c009094 00e787b3 add              x15, x15, x14       x15=ffffff54 x15:ffffff7c x14:ffffffd8
26972779ns          465976 1c009096 00d51823 sh               x13, 16(x10)        x13:fffffe86 x10:10001fa4  PA:10001fb4
26972799ns          465977 1c00909a 00f51923 sh               x15, 18(x10)        x15:ffffff54 x10:10001fa4  PA:10001fb6
26972819ns          465978 1c00909e 00008067 jalr             x0, x1, 0            x1:1c0093e8
26972958ns          465985 1c0093e8 2dc15583 lhu              x11, 732(x2)        x11=0000fe86  x2:10001cd8  PA:10001fb4
26972998ns          465987 1c0093ec 2de15783 lhu              x15, 734(x2)        x15=0000ff54  x2:10001cd8  PA:10001fb6
26973018ns          465988 1c0093f0 40b90933 sub              x18, x18, x11       x18=fffefffb x18:fffffe81 x11:0000fe86
26973038ns          465989 1c0093f4 40f484b3 sub              x9, x9, x15          x9=ffff004c  x9:ffffffa0 x15:0000ff54
26973058ns          465990 1c0093f6 100945b3 p.exths          x11, x18, x0        x11=fffffffb x18:fffefffb
26973078ns          465991 1c0093fa 1004c7b3 p.exths          x15, x9, x0         x15=0000004c  x9:ffff004c
26973098ns          465992 1c0093fe 034586b3 mul              x13, x11, x20       x13=0000076c x11:fffffffb x20:fffffe84
26973117ns          465993 1c009402 03378533 mul              x10, x15, x19       x10=ffffda00 x15:0000004c x19:ffffff80
26973137ns          465994 1c009406 034a0633 mul              x12, x20, x20       x12=00023410 x20:fffffe84 x20:fffffe84
26973157ns          465995 1c00940a 03398733 mul              x14, x19, x19       x14=00004000 x19:ffffff80 x19:ffffff80
26973177ns          465996 1c00940e 034787b3 mul              x15, x15, x20       x15=ffff8f30 x15:0000004c x20:fffffe84
26973197ns          465997 1c009412 033585b3 mul              x11, x11, x19       x11=00000280 x11:fffffffb x19:ffffff80
26973217ns          465998 1c009416 40a75713 srai             x14, x14, 0x40a     x14=00000010 x14:00004000
26973237ns          465999 1c009418 40a5d593 srai             x11, x11, 0x40a     x11=00000000 x11:00000280
26973257ns          466000 1c00941a 40a65613 srai             x12, x12, 0x40a     x12=0000008d x12:00023410
26973277ns          466001 1c00941c 40a7d793 srai             x15, x15, 0x40a     x15=ffffffe3 x15:ffff8f30
26973296ns          466002 1c00941e 1c0034b7 lui              x9, 0x1c003000       x9=1c003000
26973316ns          466003 1c009422 00e60633 add              x12, x12, x14       x12=0000009d x12:0000008d x14:00000010
26973336ns          466004 1c009424 40b787b3 sub              x15, x15, x11       x15=ffffffe3 x15:ffffffe3 x11:00000000
26973356ns          466005 1c009426 eb048493 addi             x9, x9, -336         x9=1c002eb0  x9:1c003000
26973376ns          466006 1c00942a 1c0032b7 lui              x5, 0x1c003000       x5=1c003000
26973396ns          466007 1c00942e 1c0035b7 lui              x11, 0x1c003000     x11=1c003000
26973416ns          466008 1c009432 018483b3 add              x7, x9, x24          x7=1c002eb6  x9:1c002eb0 x24:00000006
26973436ns          466009 1c009436 02812e83 lw               x29, 40(x2)         x29=1c002ec6  x2:10001cd8  PA:10001d00
26973456ns          466010 1c009438 10065633 p.exthz          x12, x12, x0        x12=0000009d x12:0000009d
26973475ns          466011 1c00943c e8028293 addi             x5, x5, -384         x5=1c002e80  x5:1c003000
26973495ns          466012 1c009440 ea058593 addi             x11, x11, -352      x11=1c002ea0 x11:1c003000
26973535ns          466014 1c009444 03812483 lw               x9, 56(x2)           x9=1c002ee6  x2:10001cd8  PA:10001d10
26973555ns          466015 1c009446 10064733 p.exths          x14, x12, x0        x14=0000009d x12:0000009d
26973575ns          466016 1c00944a 018280b3 add              x1, x5, x24          x1=1c002e86  x5:1c002e80 x24:00000006
26973595ns          466017 1c00944e 03012f03 lw               x30, 48(x2)         x30=1c002ed6  x2:10001cd8  PA:10001d08
26973634ns          466019 1c009450 018582b3 add              x5, x11, x24         x5=1c002ea6 x11:1c002ea0 x24:00000006
26973674ns          466021 1c009454 04012583 lw               x11, 64(x2)         x11=1c002ef6  x2:10001cd8  PA:10001d18
26973694ns          466022 1c009456 000edd83 lhu              x27, 0(x29)         x27=00000942 x29:1c002ec6  PA:1c002ec6
26973992ns          466037 1c00945a 0004d483 lhu              x9, 0(x9)            x9=000000e3  x9:1c002ee6  PA:1c002ee6
26974291ns          466052 1c00945e 02e70333 mul              x6, x14, x14         x6=00006049 x14:0000009d x14:0000009d
26974311ns          466053 1c009462 40a55513 srai             x10, x10, 0x40a     x10=fffffff6 x10:ffffda00
26974331ns          466054 1c009464 04812e83 lw               x29, 72(x2)         x29=1c002f06  x2:10001cd8  PA:10001d20
26974350ns          466055 1c009466 40a6d693 srai             x13, x13, 0x40a     x13=00000001 x13:0000076c
26974370ns          466056 1c009468 000f5d03 lhu              x26, 0(x30)         x26=00000267 x30:1c002ed6  PA:1c002ed6
26974708ns          466073 1c00946c 0005d583 lhu              x11, 0(x11)         x11=0000005f x11:1c002ef6  PA:1c002ef6
26975007ns          466088 1c009470 40a35313 srai             x6, x6, 0x40a        x6=00000018  x6:00006049
26975027ns          466089 1c009474 00a686b3 add              x13, x13, x10       x13=fffffff7 x13:00000001 x10:fffffff6
26975047ns          466090 1c009476 05012f03 lw               x30, 80(x2)         x30=1c002e76  x2:10001cd8  PA:10001d28
26975066ns          466091 1c009478 10034e33 p.exths          x28, x6, x0         x28=00000018  x6:00000018
26975086ns          466092 1c00947c 06911023 sh               x9, 96(x2)           x9:000000e3  x2:10001cd8  PA:10001d38
26975106ns          466093 1c009480 000ede83 lhu              x29, 0(x29)         x29=0000002b x29:1c002f06  PA:1c002f06
26975405ns          466108 1c009484 05812483 lw               x9, 88(x2)           x9=1c002e66  x2:10001cd8  PA:10001d30
26975424ns          466109 1c009486 1006d6b3 p.exthz          x13, x13, x0        x13=0000fff7 x13:fffffff7
26975444ns          466110 1c00948a 02ee08b3 mul              x17, x28, x14       x17=00000eb8 x28:00000018 x14:0000009d
26975464ns          466111 1c00948e 1006c833 p.exths          x16, x13, x0        x16=fffffff7 x13:0000fff7
26975484ns          466112 1c009492 06b11823 sh               x11, 112(x2)        x11:0000005f  x2:10001cd8  PA:10001d48
26975504ns          466113 1c009496 000f5f03 lhu              x30, 0(x30)         x30=0000ff7f x30:1c002e76  PA:1c002e76
26975802ns          466128 1c00949a 0a012583 lw               x11, 160(x2)        x11=1c002e96  x2:10001cd8  PA:10001d78
26975822ns          466129 1c00949c 1007d7b3 p.exthz          x15, x15, x0        x15=0000ffe3 x15:ffffffe3
26975842ns          466130 1c0094a0 0004da03 lhu              x20, 0(x9)          x20=0000fde4  x9:1c002e66  PA:1c002e66
26976140ns          466145 1c0094a4 1007c533 p.exths          x10, x15, x0        x10=ffffffe3 x15:0000ffe3
26976160ns          466146 1c0094a8 09d11023 sh               x29, 128(x2)        x29:0000002b  x2:10001cd8  PA:10001d58
26976180ns          466147 1c0094ac 0003d483 lhu              x9, 0(x7)            x9=0000ffe6  x7:1c002eb6  PA:1c002eb6
26976478ns          466162 1c0094b0 02e80eb3 mul              x29, x16, x14       x29=fffffa7b x16:fffffff7 x14:0000009d
26976498ns          466163 1c0094b4 40a8d893 srai             x17, x17, 0x40a     x17=00000003 x17:00000eb8
26976518ns          466164 1c0094b8 03c80833 mul              x16, x16, x28       x16=ffffff28 x16:fffffff7 x28:00000018
26976538ns          466165 1c0094bc 09e11823 sh               x30, 144(x2)        x30:0000ff7f  x2:10001cd8  PA:10001d68
26976558ns          466166 1c0094c0 0005d983 lhu              x19, 0(x11)         x19=0000ffcf x11:1c002e96  PA:1c002e96
26976876ns          466182 1c0094c4 81c88f5b p.muls           x30, x17, x28       x30=00000048 x17:00000003 x28:00000018
26976896ns          466183 1c0094c8 0002d583 lhu              x11, 0(x5)          x11=0000ffb9  x5:1c002ea6  PA:1c002ea6
26977234ns          466200 1c0094cc 03ce0fb3 mul              x31, x28, x28       x31=00000240 x28:00000018 x28:00000018
26977254ns          466201 1c0094d0 02e50733 mul              x14, x10, x14       x14=ffffee37 x10:ffffffe3 x14:0000009d
26977274ns          466202 1c0094d4 40a85813 srai             x16, x16, 0x40a     x16=ffffffff x16:ffffff28
26977294ns          466203 1c0094d8 03c50533 mul              x10, x10, x28       x10=fffffd48 x10:ffffffe3 x28:00000018
26977314ns          466204 1c0094dc 07015e03 lhu              x28, 112(x2)        x28=0000005f  x2:10001cd8  PA:10001d48
26977354ns          466206 1c0094e0 01b60633 add              x12, x12, x27       x12=000009df x12:0000009d x27:00000942
26977373ns          466207 1c0094e2 00980833 add              x16, x16, x9        x16=0000ffe5 x16:ffffffff  x9:0000ffe6
26977393ns          466208 1c0094e4 06015d83 lhu              x27, 96(x2)         x27=000000e3  x2:10001cd8  PA:10001d38
26977413ns          466209 1c0094e8 02812483 lw               x9, 40(x2)           x9=1c002ec6  x2:10001cd8  PA:10001d00
26977433ns          466210 1c0094ea 40afdf93 srai             x31, x31, 0x40a     x31=00000000 x31:00000240
26977453ns          466211 1c0094ee 40a55513 srai             x10, x10, 0x40a     x10=ffffffff x10:fffffd48
26977473ns          466212 1c0094f0 01cf8fb3 add              x31, x31, x28       x31=0000005f x31:00000000 x28:0000005f
26977493ns          466213 1c0094f2 00b50533 add              x10, x10, x11       x10=0000ffb8 x10:ffffffff x11:0000ffb9
26977513ns          466214 1c0094f4 09015e03 lhu              x28, 144(x2)        x28=0000ff7f  x2:10001cd8  PA:10001d68
26977533ns          466215 1c0094f8 03012583 lw               x11, 48(x2)         x11=1c002ed6  x2:10001cd8  PA:10001d08
26977552ns          466216 1c0094fa 00c49023 sh               x12, 0(x9)          x12:000009df  x9:1c002ec6  PA:1c002ec6
26977871ns          466232 1c0094fe 01b888b3 add              x17, x17, x27       x17=000000e6 x17:00000003 x27:000000e3
26977891ns          466233 1c009500 01a30333 add              x6, x6, x26          x6=0000027f  x6:00000018 x26:00000267
26977910ns          466234 1c009502 08015d83 lhu              x27, 128(x2)        x27=0000002b  x2:10001cd8  PA:10001d58
26977930ns          466235 1c009506 0000d903 lhu              x18, 0(x1)          x18=0000ff58  x1:1c002e86  PA:1c002e86
26978249ns          466251 1c00950a 01c686b3 add              x13, x13, x28       x13=0001ff76 x13:0000fff7 x28:0000ff7f
26978268ns          466252 1c00950c 00659023 sh               x6, 0(x11)           x6:0000027f x11:1c002ed6  PA:1c002ed6
26978606ns          466269 1c009510 40af5f13 srai             x30, x30, 0x40a     x30=00000000 x30:00000048
26978626ns          466270 1c009514 04812e03 lw               x28, 72(x2)         x28=1c002f06  x2:10001cd8  PA:10001d20
26978646ns          466271 1c009516 01bf0f33 add              x30, x30, x27       x30=0000002b x30:00000000 x27:0000002b
26978666ns          466272 1c009518 40aede93 srai             x29, x29, 0x40a     x29=fffffffe x29:fffffa7b
26978686ns          466273 1c00951c 40a75713 srai             x14, x14, 0x40a     x14=fffffffb x14:ffffee37
26978706ns          466274 1c00951e 03812603 lw               x12, 56(x2)         x12=1c002ee6  x2:10001cd8  PA:10001d10
26978726ns          466275 1c009520 04012d83 lw               x27, 64(x2)         x27=1c002ef6  x2:10001cd8  PA:10001d18
26978746ns          466276 1c009522 01ee1023 sh               x30, 0(x28)         x30:0000002b x28:1c002f06  PA:1c002f06
26979064ns          466292 1c009526 05812483 lw               x9, 88(x2)           x9=1c002e66  x2:10001cd8  PA:10001d30
26979084ns          466293 1c009528 05012f03 lw               x30, 80(x2)         x30=1c002e76  x2:10001cd8  PA:10001d28
26979104ns          466294 1c00952a 0a012583 lw               x11, 160(x2)        x11=1c002e96  x2:10001cd8  PA:10001d78
26979124ns          466295 1c00952c 014787b3 add              x15, x15, x20       x15=0001fdc7 x15:0000ffe3 x20:0000fde4
26979143ns          466296 1c00952e 013e8eb3 add              x29, x29, x19       x29=0000ffcd x29:fffffffe x19:0000ffcf
26979163ns          466297 1c009530 01270733 add              x14, x14, x18       x14=0000ff53 x14:fffffffb x18:0000ff58
26979183ns          466298 1c009532 00f49023 sh               x15, 0(x9)          x15:0001fdc7  x9:1c002e66  PA:1c002e66
26979521ns          466315 1c009536 01161023 sh               x17, 0(x12)         x17:000000e6 x12:1c002ee6  PA:1c002ee6
26979840ns          466331 1c00953a 01fd9023 sh               x31, 0(x27)         x31:0000005f x27:1c002ef6  PA:1c002ef6
26980158ns          466347 1c00953e 00df1023 sh               x13, 0(x30)         x13:0001ff76 x30:1c002e76  PA:1c002e76
26980476ns          466363 1c009542 01d59023 sh               x29, 0(x11)         x29:0000ffcd x11:1c002e96  PA:1c002e96
26980814ns          466380 1c009546 00e09023 sh               x14, 0(x1)          x14:0000ff53  x1:1c002e86  PA:1c002e86
26981132ns          466396 1c00954a 01039023 sh               x16, 0(x7)          x16:0000ffe5  x7:1c002eb6  PA:1c002eb6
26981450ns          466412 1c00954e 00a29023 sh               x10, 0(x5)          x10:0000ffb8  x5:1c002ea6  PA:1c002ea6
26981769ns          466428 1c009552 008b0b13 addi             x22, x22, 8         x22=000000b3 x22:000000ab
26981789ns          466429 1c009554 1f300793 addi             x15, x0, 499        x15=000001f3
26981808ns          466430 1c009558 e767dae3 bge              x15, x22, -396      x15:000001f3 x22:000000b3
26981868ns          466433 1c0093cc 010c9a0b p.lh             x20, 16(x25!)       x20=fffffdaa x25=1c0027fe x25:1c0027ee  PA:1c0027ee
26982186ns          466449 1c0093d0 0104198b p.lh             x19, 16(x8!)        x19=ffffffc6  x8=1c001fc6  x8:1c001fb6  PA:1c001fb6
26982505ns          466465 1c0093d4 2cc10513 addi             x10, x2, 716        x10=10001fa4  x2:10001cd8
26982524ns          466466 1c0093d6 010a990b p.lh             x18, 16(x21!)       x18=fffffdb2 x21=1c0017f2 x21:1c0017e2  PA:1c0017e2
26982902ns          466485 1c0093da 010b948b p.lh             x9, 16(x23!)         x9=00000032 x23=1c001022 x23:1c001012  PA:1c001012
26983201ns          466500 1c0093de 2d411623 sh               x20, 716(x2)        x20:fffffdaa  x2:10001cd8  PA:10001fa4
26983221ns          466501 1c0093e2 2d311723 sh               x19, 718(x2)        x19:ffffffc6  x2:10001cd8  PA:10001fa6
26983240ns          466502 1c0093e6 c33ff0ef jal              x1, -974             x1=1c0093e8
26983280ns          466504 1c009018 00051803 lh               x16, 0(x10)         x16=fffffdaa x10:10001fa4  PA:10001fa4
26983320ns          466506 1c00901c 00251883 lh               x17, 2(x10)         x17=ffffffc6 x10:10001fa4  PA:10001fa6
26983360ns          466508 1c009020 030806b3 mul              x13, x16, x16       x13=000574e4 x16:fffffdaa x16:fffffdaa
26983380ns          466509 1c009024 03188633 mul              x12, x17, x17       x12=00000d24 x17:ffffffc6 x17:ffffffc6
26983400ns          466510 1c009028 40a65613 srai             x12, x12, 0x40a     x12=00000003 x12:00000d24
26983419ns          466511 1c00902a 40a6d693 srai             x13, x13, 0x40a     x13=0000015d x13:000574e4
26983439ns          466512 1c00902c 00c686b3 add              x13, x13, x12       x13=00000160 x13:0000015d x12:00000003
26983459ns          466513 1c00902e 1006c633 p.exths          x12, x13, x0        x12=00000160 x13:00000160
26983479ns          466514 1c009032 00855703 lhu              x14, 8(x10)         x14=0000ffd1 x10:10001fa4  PA:10001fac
26983499ns          466515 1c009036 00a55683 lhu              x13, 10(x10)        x13=0000ff6a x10:10001fa4  PA:10001fae
26983519ns          466516 1c00903a 02c60333 mul              x6, x12, x12         x6=0001e400 x12:00000160 x12:00000160
26983578ns          466519 1c00903e 00c55783 lhu              x15, 12(x10)        x15=0000ffe5 x10:10001fa4  PA:10001fb0
26983618ns          466521 1c009042 00e55583 lhu              x11, 14(x10)        x11=00000060 x10:10001fa4  PA:10001fb2
26983658ns          466523 1c009046 dea30333 p.extract        x6, x6, 15, 10       x6=00000079  x6:0001e400
26983678ns          466524 1c00904a 80c7075b p.muls           x14, x14, x12       x14=ffffbf60 x14:0000ffd1 x12:00000160
26983718ns          466526 1c00904e 80c686db p.muls           x13, x13, x12       x13=ffff31c0 x13:0000ff6a x12:00000160
26983757ns          466528 1c009052 00455e83 lhu              x29, 4(x10)         x29=00000427 x10:10001fa4  PA:10001fa8
26983777ns          466529 1c009056 00655e03 lhu              x28, 6(x10)         x28=0000007f x10:10001fa4  PA:10001faa
26983797ns          466530 1c00905a 40a75713 srai             x14, x14, 0x40a     x14=ffffffef x14:ffffbf60
26983817ns          466531 1c00905c 806787db p.muls           x15, x15, x6        x15=fffff33d x15:0000ffe5  x6:00000079
26983837ns          466532 1c009060 40a6d693 srai             x13, x13, 0x40a     x13=ffffffcc x13:ffff31c0
26983857ns          466533 1c009062 8065865b p.muls           x12, x11, x6        x12=00002d60 x11:00000060  x6:00000079
26983877ns          466534 1c009066 40a7d793 srai             x15, x15, 0x40a     x15=fffffffc x15:fffff33d
26983897ns          466535 1c009068 40a65613 srai             x12, x12, 0x40a     x12=0000000b x12:00002d60
26983917ns          466536 1c00906a 01d70733 add              x14, x14, x29       x14=00000416 x14:ffffffef x29:00000427
26983936ns          466537 1c00906c 01c686b3 add              x13, x13, x28       x13=0000004b x13:ffffffcc x28:0000007f
26983956ns          466538 1c00906e 00c686b3 add              x13, x13, x12       x13=00000056 x13:0000004b x12:0000000b
26983976ns          466539 1c009070 00f70733 add              x14, x14, x15       x14=00000412 x14:00000416 x15:fffffffc
26983996ns          466540 1c009072 100747b3 p.exths          x15, x14, x0        x15=00000412 x14:00000412
26984016ns          466541 1c009076 1006c733 p.exths          x14, x13, x0        x14=00000056 x13:00000056
26984036ns          466542 1c00907a 03170633 mul              x12, x14, x17       x12=ffffec84 x14:00000056 x17:ffffffc6
26984056ns          466543 1c00907e 030786b3 mul              x13, x15, x16       x13=fff67df4 x15:00000412 x16:fffffdaa
26984076ns          466544 1c009082 03070733 mul              x14, x14, x16       x14=ffff371c x14:00000056 x16:fffffdaa
26984096ns          466545 1c009086 031787b3 mul              x15, x15, x17       x15=ffff13ec x15:00000412 x17:ffffffc6
26984115ns          466546 1c00908a 40a6d693 srai             x13, x13, 0x40a     x13=fffffd9f x13:fff67df4
26984135ns          466547 1c00908c 40a65613 srai             x12, x12, 0x40a     x12=fffffffb x12:ffffec84
26984155ns          466548 1c00908e 40a7d793 srai             x15, x15, 0x40a     x15=ffffffc4 x15:ffff13ec
26984175ns          466549 1c009090 40a75713 srai             x14, x14, 0x40a     x14=ffffffcd x14:ffff371c
26984195ns          466550 1c009092 40c686b3 sub              x13, x13, x12       x13=fffffda4 x13:fffffd9f x12:fffffffb
26984215ns          466551 1c009094 00e787b3 add              x15, x15, x14       x15=ffffff91 x15:ffffffc4 x14:ffffffcd
26984235ns          466552 1c009096 00d51823 sh               x13, 16(x10)        x13:fffffda4 x10:10001fa4  PA:10001fb4
26984255ns          466553 1c00909a 00f51923 sh               x15, 18(x10)        x15:ffffff91 x10:10001fa4  PA:10001fb6
26984275ns          466554 1c00909e 00008067 jalr             x0, x1, 0            x1:1c0093e8
26984314ns          466556 1c0093e8 2dc15583 lhu              x11, 732(x2)        x11=0000fda4  x2:10001cd8  PA:10001fb4
26984334ns          466557 1c0093ec 2de15783 lhu              x15, 734(x2)        x15=0000ff91  x2:10001cd8  PA:10001fb6
26984354ns          466558 1c0093f0 40b90933 sub              x18, x18, x11       x18=ffff000e x18:fffffdb2 x11:0000fda4
26984374ns          466559 1c0093f4 40f484b3 sub              x9, x9, x15          x9=ffff00a1  x9:00000032 x15:0000ff91
26984394ns          466560 1c0093f6 100945b3 p.exths          x11, x18, x0        x11=0000000e x18:ffff000e
26984414ns          466561 1c0093fa 1004c7b3 p.exths          x15, x9, x0         x15=000000a1  x9:ffff00a1
26984434ns          466562 1c0093fe 034586b3 mul              x13, x11, x20       x13=ffffdf4c x11:0000000e x20:fffffdaa
26984454ns          466563 1c009402 03378533 mul              x10, x15, x19       x10=ffffdb86 x15:000000a1 x19:ffffffc6
26984473ns          466564 1c009406 034a0633 mul              x12, x20, x20       x12=000574e4 x20:fffffdaa x20:fffffdaa
26984493ns          466565 1c00940a 03398733 mul              x14, x19, x19       x14=00000d24 x19:ffffffc6 x19:ffffffc6
26984553ns          466568 1c00940e 034787b3 mul              x15, x15, x20       x15=fffe87ea x15:000000a1 x20:fffffdaa
26984593ns          466570 1c009412 033585b3 mul              x11, x11, x19       x11=fffffcd4 x11:0000000e x19:ffffffc6
26984613ns          466571 1c009416 40a75713 srai             x14, x14, 0x40a     x14=00000003 x14:00000d24
26984633ns          466572 1c009418 40a5d593 srai             x11, x11, 0x40a     x11=ffffffff x11:fffffcd4
26984652ns          466573 1c00941a 40a65613 srai             x12, x12, 0x40a     x12=0000015d x12:000574e4
26984672ns          466574 1c00941c 40a7d793 srai             x15, x15, 0x40a     x15=ffffffa1 x15:fffe87ea
26984692ns          466575 1c00941e 1c0034b7 lui              x9, 0x1c003000       x9=1c003000
26984712ns          466576 1c009422 00e60633 add              x12, x12, x14       x12=00000160 x12:0000015d x14:00000003
26984732ns          466577 1c009424 40b787b3 sub              x15, x15, x11       x15=ffffffa2 x15:ffffffa1 x11:ffffffff
26984752ns          466578 1c009426 eb048493 addi             x9, x9, -336         x9=1c002eb0  x9:1c003000
26984772ns          466579 1c00942a 1c0032b7 lui              x5, 0x1c003000       x5=1c003000
26984792ns          466580 1c00942e 1c0035b7 lui              x11, 0x1c003000     x11=1c003000
26984812ns          466581 1c009432 018483b3 add              x7, x9, x24          x7=1c002eb6  x9:1c002eb0 x24:00000006
26984831ns          466582 1c009436 02812e83 lw               x29, 40(x2)         x29=1c002ec6  x2:10001cd8  PA:10001d00
26984851ns          466583 1c009438 10065633 p.exthz          x12, x12, x0        x12=00000160 x12:00000160
26984871ns          466584 1c00943c e8028293 addi             x5, x5, -384         x5=1c002e80  x5:1c003000
26984891ns          466585 1c009440 ea058593 addi             x11, x11, -352      x11=1c002ea0 x11:1c003000
26984911ns          466586 1c009444 03812483 lw               x9, 56(x2)           x9=1c002ee6  x2:10001cd8  PA:10001d10
26984931ns          466587 1c009446 10064733 p.exths          x14, x12, x0        x14=00000160 x12:00000160
26984951ns          466588 1c00944a 018280b3 add              x1, x5, x24          x1=1c002e86  x5:1c002e80 x24:00000006
26984971ns          466589 1c00944e 03012f03 lw               x30, 48(x2)         x30=1c002ed6  x2:10001cd8  PA:10001d08
26984991ns          466590 1c009450 018582b3 add              x5, x11, x24         x5=1c002ea6 x11:1c002ea0 x24:00000006
26985010ns          466591 1c009454 04012583 lw               x11, 64(x2)         x11=1c002ef6  x2:10001cd8  PA:10001d18
26985030ns          466592 1c009456 000edd83 lhu              x27, 0(x29)         x27=000009df x29:1c002ec6  PA:1c002ec6
26985329ns          466607 1c00945a 0004d483 lhu              x9, 0(x9)            x9=000000e6  x9:1c002ee6  PA:1c002ee6
26985627ns          466622 1c00945e 02e70333 mul              x6, x14, x14         x6=0001e400 x14:00000160 x14:00000160
26985647ns          466623 1c009462 40a55513 srai             x10, x10, 0x40a     x10=fffffff6 x10:ffffdb86
26985667ns          466624 1c009464 04812e83 lw               x29, 72(x2)         x29=1c002f06  x2:10001cd8  PA:10001d20
26985687ns          466625 1c009466 40a6d693 srai             x13, x13, 0x40a     x13=fffffff7 x13:ffffdf4c
26985707ns          466626 1c009468 000f5d03 lhu              x26, 0(x30)         x26=0000027f x30:1c002ed6  PA:1c002ed6
26986025ns          466642 1c00946c 0005d583 lhu              x11, 0(x11)         x11=0000005f x11:1c002ef6  PA:1c002ef6
26986323ns          466657 1c009470 40a35313 srai             x6, x6, 0x40a        x6=00000079  x6:0001e400
26986343ns          466658 1c009474 00a686b3 add              x13, x13, x10       x13=ffffffed x13:fffffff7 x10:fffffff6
26986363ns          466659 1c009476 05012f03 lw               x30, 80(x2)         x30=1c002e76  x2:10001cd8  PA:10001d28
26986383ns          466660 1c009478 10034e33 p.exths          x28, x6, x0         x28=00000079  x6:00000079
26986403ns          466661 1c00947c 06911023 sh               x9, 96(x2)           x9:000000e6  x2:10001cd8  PA:10001d38
26986422ns          466662 1c009480 000ede83 lhu              x29, 0(x29)         x29=0000002b x29:1c002f06  PA:1c002f06
26986741ns          466678 1c009484 05812483 lw               x9, 88(x2)           x9=1c002e66  x2:10001cd8  PA:10001d30
26986761ns          466679 1c009486 1006d6b3 p.exthz          x13, x13, x0        x13=0000ffed x13:ffffffed
26986780ns          466680 1c00948a 02ee08b3 mul              x17, x28, x14       x17=0000a660 x28:00000079 x14:00000160
26986800ns          466681 1c00948e 1006c833 p.exths          x16, x13, x0        x16=ffffffed x13:0000ffed
26986820ns          466682 1c009492 06b11823 sh               x11, 112(x2)        x11:0000005f  x2:10001cd8  PA:10001d48
26986840ns          466683 1c009496 000f5f03 lhu              x30, 0(x30)         x30=0000ff76 x30:1c002e76  PA:1c002e76
26987138ns          466698 1c00949a 0a012583 lw               x11, 160(x2)        x11=1c002e96  x2:10001cd8  PA:10001d78
26987158ns          466699 1c00949c 1007d7b3 p.exthz          x15, x15, x0        x15=0000ffa2 x15:ffffffa2
26987178ns          466700 1c0094a0 0004da03 lhu              x20, 0(x9)          x20=0000fdc7  x9:1c002e66  PA:1c002e66
26987496ns          466716 1c0094a4 1007c533 p.exths          x10, x15, x0        x10=ffffffa2 x15:0000ffa2
26987516ns          466717 1c0094a8 09d11023 sh               x29, 128(x2)        x29:0000002b  x2:10001cd8  PA:10001d58
26987536ns          466718 1c0094ac 0003d483 lhu              x9, 0(x7)            x9=0000ffe5  x7:1c002eb6  PA:1c002eb6
26987835ns          466733 1c0094b0 02e80eb3 mul              x29, x16, x14       x29=ffffe5e0 x16:ffffffed x14:00000160
26987854ns          466734 1c0094b4 40a8d893 srai             x17, x17, 0x40a     x17=00000029 x17:0000a660
26987874ns          466735 1c0094b8 03c80833 mul              x16, x16, x28       x16=fffff705 x16:ffffffed x28:00000079
26987894ns          466736 1c0094bc 09e11823 sh               x30, 144(x2)        x30:0000ff76  x2:10001cd8  PA:10001d68
26987914ns          466737 1c0094c0 0005d983 lhu              x19, 0(x11)         x19=0000ffcd x11:1c002e96  PA:1c002e96
26988212ns          466752 1c0094c4 81c88f5b p.muls           x30, x17, x28       x30=00001361 x17:00000029 x28:00000079
26988232ns          466753 1c0094c8 0002d583 lhu              x11, 0(x5)          x11=0000ffb8  x5:1c002ea6  PA:1c002ea6
26988650ns          466774 1c0094cc 03ce0fb3 mul              x31, x28, x28       x31=00003931 x28:00000079 x28:00000079
26988670ns          466775 1c0094d0 02e50733 mul              x14, x10, x14       x14=ffff7ec0 x10:ffffffa2 x14:00000160
26988690ns          466776 1c0094d4 40a85813 srai             x16, x16, 0x40a     x16=fffffffd x16:fffff705
26988710ns          466777 1c0094d8 03c50533 mul              x10, x10, x28       x10=ffffd392 x10:ffffffa2 x28:00000079
26988729ns          466778 1c0094dc 07015e03 lhu              x28, 112(x2)        x28=0000005f  x2:10001cd8  PA:10001d48
26988769ns          466780 1c0094e0 01b60633 add              x12, x12, x27       x12=00000b3f x12:00000160 x27:000009df
26988789ns          466781 1c0094e2 00980833 add              x16, x16, x9        x16=0000ffe2 x16:fffffffd  x9:0000ffe5
26988809ns          466782 1c0094e4 06015d83 lhu              x27, 96(x2)         x27=000000e6  x2:10001cd8  PA:10001d38
26988829ns          466783 1c0094e8 02812483 lw               x9, 40(x2)           x9=1c002ec6  x2:10001cd8  PA:10001d00
26988849ns          466784 1c0094ea 40afdf93 srai             x31, x31, 0x40a     x31=0000000e x31:00003931
26988869ns          466785 1c0094ee 40a55513 srai             x10, x10, 0x40a     x10=fffffff4 x10:ffffd392
26988889ns          466786 1c0094f0 01cf8fb3 add              x31, x31, x28       x31=0000006d x31:0000000e x28:0000005f
26988908ns          466787 1c0094f2 00b50533 add              x10, x10, x11       x10=0000ffac x10:fffffff4 x11:0000ffb8
26988928ns          466788 1c0094f4 09015e03 lhu              x28, 144(x2)        x28=0000ff76  x2:10001cd8  PA:10001d68
26988968ns          466790 1c0094f8 03012583 lw               x11, 48(x2)         x11=1c002ed6  x2:10001cd8  PA:10001d08
26988988ns          466791 1c0094fa 00c49023 sh               x12, 0(x9)          x12:00000b3f  x9:1c002ec6  PA:1c002ec6
26989326ns          466808 1c0094fe 01b888b3 add              x17, x17, x27       x17=0000010f x17:00000029 x27:000000e6
26989346ns          466809 1c009500 01a30333 add              x6, x6, x26          x6=000002f8  x6:00000079 x26:0000027f
26989366ns          466810 1c009502 08015d83 lhu              x27, 128(x2)        x27=0000002b  x2:10001cd8  PA:10001d58
26989386ns          466811 1c009506 0000d903 lhu              x18, 0(x1)          x18=0000ff53  x1:1c002e86  PA:1c002e86
26989724ns          466828 1c00950a 01c686b3 add              x13, x13, x28       x13=0001ff63 x13:0000ffed x28:0000ff76
26989744ns          466829 1c00950c 00659023 sh               x6, 0(x11)           x6:000002f8 x11:1c002ed6  PA:1c002ed6
26990082ns          466846 1c009510 40af5f13 srai             x30, x30, 0x40a     x30=00000004 x30:00001361
26990102ns          466847 1c009514 04812e03 lw               x28, 72(x2)         x28=1c002f06  x2:10001cd8  PA:10001d20
26990122ns          466848 1c009516 01bf0f33 add              x30, x30, x27       x30=0000002f x30:00000004 x27:0000002b
26990142ns          466849 1c009518 40aede93 srai             x29, x29, 0x40a     x29=fffffff9 x29:ffffe5e0
26990161ns          466850 1c00951c 40a75713 srai             x14, x14, 0x40a     x14=ffffffdf x14:ffff7ec0
26990181ns          466851 1c00951e 03812603 lw               x12, 56(x2)         x12=1c002ee6  x2:10001cd8  PA:10001d10
26990201ns          466852 1c009520 04012d83 lw               x27, 64(x2)         x27=1c002ef6  x2:10001cd8  PA:10001d18
26990221ns          466853 1c009522 01ee1023 sh               x30, 0(x28)         x30:0000002f x28:1c002f06  PA:1c002f06
26990539ns          466869 1c009526 05812483 lw               x9, 88(x2)           x9=1c002e66  x2:10001cd8  PA:10001d30
26990559ns          466870 1c009528 05012f03 lw               x30, 80(x2)         x30=1c002e76  x2:10001cd8  PA:10001d28
26990579ns          466871 1c00952a 0a012583 lw               x11, 160(x2)        x11=1c002e96  x2:10001cd8  PA:10001d78
26990599ns          466872 1c00952c 014787b3 add              x15, x15, x20       x15=0001fd69 x15:0000ffa2 x20:0000fdc7
26990619ns          466873 1c00952e 013e8eb3 add              x29, x29, x19       x29=0000ffc6 x29:fffffff9 x19:0000ffcd
26990639ns          466874 1c009530 01270733 add              x14, x14, x18       x14=0000ff32 x14:ffffffdf x18:0000ff53
26990659ns          466875 1c009532 00f49023 sh               x15, 0(x9)          x15:0001fd69  x9:1c002e66  PA:1c002e66
26990977ns          466891 1c009536 01161023 sh               x17, 0(x12)         x17:0000010f x12:1c002ee6  PA:1c002ee6
26991315ns          466908 1c00953a 01fd9023 sh               x31, 0(x27)         x31:0000006d x27:1c002ef6  PA:1c002ef6
26991633ns          466924 1c00953e 00df1023 sh               x13, 0(x30)         x13:0001ff63 x30:1c002e76  PA:1c002e76
26991951ns          466940 1c009542 01d59023 sh               x29, 0(x11)         x29:0000ffc6 x11:1c002e96  PA:1c002e96
26992270ns          466956 1c009546 00e09023 sh               x14, 0(x1)          x14:0000ff32  x1:1c002e86  PA:1c002e86
26992588ns          466972 1c00954a 01039023 sh               x16, 0(x7)          x16:0000ffe2  x7:1c002eb6  PA:1c002eb6
26992986ns          466992 1c00954e 00a29023 sh               x10, 0(x5)          x10:0000ffac  x5:1c002ea6  PA:1c002ea6
26993304ns          467008 1c009552 008b0b13 addi             x22, x22, 8         x22=000000bb x22:000000b3
26993324ns          467009 1c009554 1f300793 addi             x15, x0, 499        x15=000001f3
26993344ns          467010 1c009558 e767dae3 bge              x15, x22, -396      x15:000001f3 x22:000000bb
26993483ns          467017 1c0093cc 010c9a0b p.lh             x20, 16(x25!)       x20=fffffe83 x25=1c00280e x25:1c0027fe  PA:1c0027fe
26993801ns          467033 1c0093d0 0104198b p.lh             x19, 16(x8!)        x19=0000001a  x8=1c001fd6  x8:1c001fc6  PA:1c001fc6
26994099ns          467048 1c0093d4 2cc10513 addi             x10, x2, 716        x10=10001fa4  x2:10001cd8
26994119ns          467049 1c0093d6 010a990b p.lh             x18, 16(x21!)       x18=fffffe81 x21=1c001802 x21:1c0017f2  PA:1c0017f2
26994417ns          467064 1c0093da 010b948b p.lh             x9, 16(x23!)         x9=0000003e x23=1c001032 x23:1c001022  PA:1c001022
26994716ns          467079 1c0093de 2d411623 sh               x20, 716(x2)        x20:fffffe83  x2:10001cd8  PA:10001fa4
26994736ns          467080 1c0093e2 2d311723 sh               x19, 718(x2)        x19:0000001a  x2:10001cd8  PA:10001fa6
26994756ns          467081 1c0093e6 c33ff0ef jal              x1, -974             x1=1c0093e8
26994835ns          467085 1c009018 00051803 lh               x16, 0(x10)         x16=fffffe83 x10:10001fa4  PA:10001fa4
26994875ns          467087 1c00901c 00251883 lh               x17, 2(x10)         x17=0000001a x10:10001fa4  PA:10001fa6
26994935ns          467090 1c009020 030806b3 mul              x13, x16, x16       x13=00023709 x16:fffffe83 x16:fffffe83
26994974ns          467092 1c009024 03188633 mul              x12, x17, x17       x12=000002a4 x17:0000001a x17:0000001a
26994994ns          467093 1c009028 40a65613 srai             x12, x12, 0x40a     x12=00000000 x12:000002a4
26995014ns          467094 1c00902a 40a6d693 srai             x13, x13, 0x40a     x13=0000008d x13:00023709
26995034ns          467095 1c00902c 00c686b3 add              x13, x13, x12       x13=0000008d x13:0000008d x12:00000000
26995054ns          467096 1c00902e 1006c633 p.exths          x12, x13, x0        x12=0000008d x13:0000008d
26995074ns          467097 1c009032 00855703 lhu              x14, 8(x10)         x14=0000ffd1 x10:10001fa4  PA:10001fac
26995094ns          467098 1c009036 00a55683 lhu              x13, 10(x10)        x13=0000ff6a x10:10001fa4  PA:10001fae
26995114ns          467099 1c00903a 02c60333 mul              x6, x12, x12         x6=00004da9 x12:0000008d x12:0000008d
26995153ns          467101 1c00903e 00c55783 lhu              x15, 12(x10)        x15=0000ffe5 x10:10001fa4  PA:10001fb0
26995193ns          467103 1c009042 00e55583 lhu              x11, 14(x10)        x11=00000060 x10:10001fa4  PA:10001fb2
26995233ns          467105 1c009046 dea30333 p.extract        x6, x6, 15, 10       x6=00000013  x6:00004da9
26995253ns          467106 1c00904a 80c7075b p.muls           x14, x14, x12       x14=ffffe61d x14:0000ffd1 x12:0000008d
26995293ns          467108 1c00904e 80c686db p.muls           x13, x13, x12       x13=ffffad62 x13:0000ff6a x12:0000008d
26995332ns          467110 1c009052 00455e83 lhu              x29, 4(x10)         x29=00000427 x10:10001fa4  PA:10001fa8
26995352ns          467111 1c009056 00655e03 lhu              x28, 6(x10)         x28=0000007f x10:10001fa4  PA:10001faa
26995392ns          467113 1c00905a 40a75713 srai             x14, x14, 0x40a     x14=fffffff9 x14:ffffe61d
26995412ns          467114 1c00905c 806787db p.muls           x15, x15, x6        x15=fffffdff x15:0000ffe5  x6:00000013
26995432ns          467115 1c009060 40a6d693 srai             x13, x13, 0x40a     x13=ffffffeb x13:ffffad62
26995452ns          467116 1c009062 8065865b p.muls           x12, x11, x6        x12=00000720 x11:00000060  x6:00000013
26995472ns          467117 1c009066 40a7d793 srai             x15, x15, 0x40a     x15=ffffffff x15:fffffdff
26995491ns          467118 1c009068 40a65613 srai             x12, x12, 0x40a     x12=00000001 x12:00000720
26995511ns          467119 1c00906a 01d70733 add              x14, x14, x29       x14=00000420 x14:fffffff9 x29:00000427
26995531ns          467120 1c00906c 01c686b3 add              x13, x13, x28       x13=0000006a x13:ffffffeb x28:0000007f
26995551ns          467121 1c00906e 00c686b3 add              x13, x13, x12       x13=0000006b x13:0000006a x12:00000001
26995571ns          467122 1c009070 00f70733 add              x14, x14, x15       x14=0000041f x14:00000420 x15:ffffffff
26995591ns          467123 1c009072 100747b3 p.exths          x15, x14, x0        x15=0000041f x14:0000041f
26995611ns          467124 1c009076 1006c733 p.exths          x14, x13, x0        x14=0000006b x13:0000006b
26995631ns          467125 1c00907a 03170633 mul              x12, x14, x17       x12=00000ade x14:0000006b x17:0000001a
26995651ns          467126 1c00907e 030786b3 mul              x13, x15, x16       x13=fff9dddd x15:0000041f x16:fffffe83
26995670ns          467127 1c009082 03070733 mul              x14, x14, x16       x14=ffff60c1 x14:0000006b x16:fffffe83
26995690ns          467128 1c009086 031787b3 mul              x15, x15, x17       x15=00006b26 x15:0000041f x17:0000001a
26995710ns          467129 1c00908a 40a6d693 srai             x13, x13, 0x40a     x13=fffffe77 x13:fff9dddd
26995730ns          467130 1c00908c 40a65613 srai             x12, x12, 0x40a     x12=00000002 x12:00000ade
26995750ns          467131 1c00908e 40a7d793 srai             x15, x15, 0x40a     x15=0000001a x15:00006b26
26995770ns          467132 1c009090 40a75713 srai             x14, x14, 0x40a     x14=ffffffd8 x14:ffff60c1
26995790ns          467133 1c009092 40c686b3 sub              x13, x13, x12       x13=fffffe75 x13:fffffe77 x12:00000002
26995810ns          467134 1c009094 00e787b3 add              x15, x15, x14       x15=fffffff2 x15:0000001a x14:ffffffd8
26995830ns          467135 1c009096 00d51823 sh               x13, 16(x10)        x13:fffffe75 x10:10001fa4  PA:10001fb4
26995849ns          467136 1c00909a 00f51923 sh               x15, 18(x10)        x15:fffffff2 x10:10001fa4  PA:10001fb6
26995869ns          467137 1c00909e 00008067 jalr             x0, x1, 0            x1:1c0093e8
26995909ns          467139 1c0093e8 2dc15583 lhu              x11, 732(x2)        x11=0000fe75  x2:10001cd8  PA:10001fb4
26995969ns          467142 1c0093ec 2de15783 lhu              x15, 734(x2)        x15=0000fff2  x2:10001cd8  PA:10001fb6
26995989ns          467143 1c0093f0 40b90933 sub              x18, x18, x11       x18=ffff000c x18:fffffe81 x11:0000fe75
26996008ns          467144 1c0093f4 40f484b3 sub              x9, x9, x15          x9=ffff004c  x9:0000003e x15:0000fff2
26996028ns          467145 1c0093f6 100945b3 p.exths          x11, x18, x0        x11=0000000c x18:ffff000c
26996048ns          467146 1c0093fa 1004c7b3 p.exths          x15, x9, x0         x15=0000004c  x9:ffff004c
26996068ns          467147 1c0093fe 034586b3 mul              x13, x11, x20       x13=ffffee24 x11:0000000c x20:fffffe83
26996088ns          467148 1c009402 03378533 mul              x10, x15, x19       x10=000007b8 x15:0000004c x19:0000001a
26996108ns          467149 1c009406 034a0633 mul              x12, x20, x20       x12=00023709 x20:fffffe83 x20:fffffe83
26996128ns          467150 1c00940a 03398733 mul              x14, x19, x19       x14=000002a4 x19:0000001a x19:0000001a
26996148ns          467151 1c00940e 034787b3 mul              x15, x15, x20       x15=ffff8ee4 x15:0000004c x20:fffffe83
26996168ns          467152 1c009412 033585b3 mul              x11, x11, x19       x11=00000138 x11:0000000c x19:0000001a
26996187ns          467153 1c009416 40a75713 srai             x14, x14, 0x40a     x14=00000000 x14:000002a4
26996207ns          467154 1c009418 40a5d593 srai             x11, x11, 0x40a     x11=00000000 x11:00000138
26996227ns          467155 1c00941a 40a65613 srai             x12, x12, 0x40a     x12=0000008d x12:00023709
26996247ns          467156 1c00941c 40a7d793 srai             x15, x15, 0x40a     x15=ffffffe3 x15:ffff8ee4
26996267ns          467157 1c00941e 1c0034b7 lui              x9, 0x1c003000       x9=1c003000
26996287ns          467158 1c009422 00e60633 add              x12, x12, x14       x12=0000008d x12:0000008d x14:00000000
26996307ns          467159 1c009424 40b787b3 sub              x15, x15, x11       x15=ffffffe3 x15:ffffffe3 x11:00000000
26996327ns          467160 1c009426 eb048493 addi             x9, x9, -336         x9=1c002eb0  x9:1c003000
26996347ns          467161 1c00942a 1c0032b7 lui              x5, 0x1c003000       x5=1c003000
26996366ns          467162 1c00942e 1c0035b7 lui              x11, 0x1c003000     x11=1c003000
26996386ns          467163 1c009432 018483b3 add              x7, x9, x24          x7=1c002eb6  x9:1c002eb0 x24:00000006
26996406ns          467164 1c009436 02812e83 lw               x29, 40(x2)         x29=1c002ec6  x2:10001cd8  PA:10001d00
26996426ns          467165 1c009438 10065633 p.exthz          x12, x12, x0        x12=0000008d x12:0000008d
26996446ns          467166 1c00943c e8028293 addi             x5, x5, -384         x5=1c002e80  x5:1c003000
26996466ns          467167 1c009440 ea058593 addi             x11, x11, -352      x11=1c002ea0 x11:1c003000
26996486ns          467168 1c009444 03812483 lw               x9, 56(x2)           x9=1c002ee6  x2:10001cd8  PA:10001d10
26996506ns          467169 1c009446 10064733 p.exths          x14, x12, x0        x14=0000008d x12:0000008d
26996526ns          467170 1c00944a 018280b3 add              x1, x5, x24          x1=1c002e86  x5:1c002e80 x24:00000006
26996545ns          467171 1c00944e 03012f03 lw               x30, 48(x2)         x30=1c002ed6  x2:10001cd8  PA:10001d08
26996565ns          467172 1c009450 018582b3 add              x5, x11, x24         x5=1c002ea6 x11:1c002ea0 x24:00000006
26996585ns          467173 1c009454 04012583 lw               x11, 64(x2)         x11=1c002ef6  x2:10001cd8  PA:10001d18
26996605ns          467174 1c009456 000edd83 lhu              x27, 0(x29)         x27=00000b3f x29:1c002ec6  PA:1c002ec6
26996923ns          467190 1c00945a 0004d483 lhu              x9, 0(x9)            x9=0000010f  x9:1c002ee6  PA:1c002ee6
26997261ns          467207 1c00945e 02e70333 mul              x6, x14, x14         x6=00004da9 x14:0000008d x14:0000008d
26997281ns          467208 1c009462 40a55513 srai             x10, x10, 0x40a     x10=00000001 x10:000007b8
26997301ns          467209 1c009464 04812e83 lw               x29, 72(x2)         x29=1c002f06  x2:10001cd8  PA:10001d20
26997321ns          467210 1c009466 40a6d693 srai             x13, x13, 0x40a     x13=fffffffb x13:ffffee24
26997341ns          467211 1c009468 000f5d03 lhu              x26, 0(x30)         x26=000002f8 x30:1c002ed6  PA:1c002ed6
26997679ns          467228 1c00946c 0005d583 lhu              x11, 0(x11)         x11=0000006d x11:1c002ef6  PA:1c002ef6
26998057ns          467247 1c009470 40a35313 srai             x6, x6, 0x40a        x6=00000013  x6:00004da9
26998077ns          467248 1c009474 00a686b3 add              x13, x13, x10       x13=fffffffc x13:fffffffb x10:00000001
26998097ns          467249 1c009476 05012f03 lw               x30, 80(x2)         x30=1c002e76  x2:10001cd8  PA:10001d28
26998117ns          467250 1c009478 10034e33 p.exths          x28, x6, x0         x28=00000013  x6:00000013
26998137ns          467251 1c00947c 06911023 sh               x9, 96(x2)           x9:0000010f  x2:10001cd8  PA:10001d38
26998156ns          467252 1c009480 000ede83 lhu              x29, 0(x29)         x29=0000002f x29:1c002f06  PA:1c002f06
26998455ns          467267 1c009484 05812483 lw               x9, 88(x2)           x9=1c002e66  x2:10001cd8  PA:10001d30
26998475ns          467268 1c009486 1006d6b3 p.exthz          x13, x13, x0        x13=0000fffc x13:fffffffc
26998494ns          467269 1c00948a 02ee08b3 mul              x17, x28, x14       x17=00000a77 x28:00000013 x14:0000008d
26998514ns          467270 1c00948e 1006c833 p.exths          x16, x13, x0        x16=fffffffc x13:0000fffc
26998534ns          467271 1c009492 06b11823 sh               x11, 112(x2)        x11:0000006d  x2:10001cd8  PA:10001d48
26998554ns          467272 1c009496 000f5f03 lhu              x30, 0(x30)         x30=0000ff63 x30:1c002e76  PA:1c002e76
26998852ns          467287 1c00949a 0a012583 lw               x11, 160(x2)        x11=1c002e96  x2:10001cd8  PA:10001d78
26998872ns          467288 1c00949c 1007d7b3 p.exthz          x15, x15, x0        x15=0000ffe3 x15:ffffffe3
26998892ns          467289 1c0094a0 0004da03 lhu              x20, 0(x9)          x20=0000fd69  x9:1c002e66  PA:1c002e66
26999250ns          467307 1c0094a4 1007c533 p.exths          x10, x15, x0        x10=ffffffe3 x15:0000ffe3
26999270ns          467308 1c0094a8 09d11023 sh               x29, 128(x2)        x29:0000002f  x2:10001cd8  PA:10001d58
26999290ns          467309 1c0094ac 0003d483 lhu              x9, 0(x7)            x9=0000ffe2  x7:1c002eb6  PA:1c002eb6
26999588ns          467324 1c0094b0 02e80eb3 mul              x29, x16, x14       x29=fffffdcc x16:fffffffc x14:0000008d
26999608ns          467325 1c0094b4 40a8d893 srai             x17, x17, 0x40a     x17=00000002 x17:00000a77
26999628ns          467326 1c0094b8 03c80833 mul              x16, x16, x28       x16=ffffffb4 x16:fffffffc x28:00000013
26999648ns          467327 1c0094bc 09e11823 sh               x30, 144(x2)        x30:0000ff63  x2:10001cd8  PA:10001d68
26999668ns          467328 1c0094c0 0005d983 lhu              x19, 0(x11)         x19=0000ffc6 x11:1c002e96  PA:1c002e96
26999966ns          467343 1c0094c4 81c88f5b p.muls           x30, x17, x28       x30=00000026 x17:00000002 x28:00000013
26999986ns          467344 1c0094c8 0002d583 lhu              x11, 0(x5)          x11=0000ffac  x5:1c002ea6  PA:1c002ea6
27000324ns          467361 1c0094cc 03ce0fb3 mul              x31, x28, x28       x31=00000169 x28:00000013 x28:00000013
27000344ns          467362 1c0094d0 02e50733 mul              x14, x10, x14       x14=fffff007 x10:ffffffe3 x14:0000008d
27000364ns          467363 1c0094d4 40a85813 srai             x16, x16, 0x40a     x16=ffffffff x16:ffffffb4
27000384ns          467364 1c0094d8 03c50533 mul              x10, x10, x28       x10=fffffdd9 x10:ffffffe3 x28:00000013
27000404ns          467365 1c0094dc 07015e03 lhu              x28, 112(x2)        x28=0000006d  x2:10001cd8  PA:10001d48
27000444ns          467367 1c0094e0 01b60633 add              x12, x12, x27       x12=00000bcc x12:0000008d x27:00000b3f
27000463ns          467368 1c0094e2 00980833 add              x16, x16, x9        x16=0000ffe1 x16:ffffffff  x9:0000ffe2
27000483ns          467369 1c0094e4 06015d83 lhu              x27, 96(x2)         x27=0000010f  x2:10001cd8  PA:10001d38
27000503ns          467370 1c0094e8 02812483 lw               x9, 40(x2)           x9=1c002ec6  x2:10001cd8  PA:10001d00
27000523ns          467371 1c0094ea 40afdf93 srai             x31, x31, 0x40a     x31=00000000 x31:00000169
27000543ns          467372 1c0094ee 40a55513 srai             x10, x10, 0x40a     x10=ffffffff x10:fffffdd9
27000563ns          467373 1c0094f0 01cf8fb3 add              x31, x31, x28       x31=0000006d x31:00000000 x28:0000006d
27000583ns          467374 1c0094f2 00b50533 add              x10, x10, x11       x10=0000ffab x10:ffffffff x11:0000ffac
27000603ns          467375 1c0094f4 09015e03 lhu              x28, 144(x2)        x28=0000ff63  x2:10001cd8  PA:10001d68
27000623ns          467376 1c0094f8 03012583 lw               x11, 48(x2)         x11=1c002ed6  x2:10001cd8  PA:10001d08
27000642ns          467377 1c0094fa 00c49023 sh               x12, 0(x9)          x12:00000bcc  x9:1c002ec6  PA:1c002ec6
27000961ns          467393 1c0094fe 01b888b3 add              x17, x17, x27       x17=00000111 x17:00000002 x27:0000010f
27000980ns          467394 1c009500 01a30333 add              x6, x6, x26          x6=0000030b  x6:00000013 x26:000002f8
27001000ns          467395 1c009502 08015d83 lhu              x27, 128(x2)        x27=0000002f  x2:10001cd8  PA:10001d58
27001020ns          467396 1c009506 0000d903 lhu              x18, 0(x1)          x18=0000ff32  x1:1c002e86  PA:1c002e86
27001338ns          467412 1c00950a 01c686b3 add              x13, x13, x28       x13=0001ff5f x13:0000fffc x28:0000ff63
27001358ns          467413 1c00950c 00659023 sh               x6, 0(x11)           x6:0000030b x11:1c002ed6  PA:1c002ed6
27001677ns          467429 1c009510 40af5f13 srai             x30, x30, 0x40a     x30=00000000 x30:00000026
27001696ns          467430 1c009514 04812e03 lw               x28, 72(x2)         x28=1c002f06  x2:10001cd8  PA:10001d20
27001716ns          467431 1c009516 01bf0f33 add              x30, x30, x27       x30=0000002f x30:00000000 x27:0000002f
27001736ns          467432 1c009518 40aede93 srai             x29, x29, 0x40a     x29=ffffffff x29:fffffdcc
27001756ns          467433 1c00951c 40a75713 srai             x14, x14, 0x40a     x14=fffffffc x14:fffff007
27001776ns          467434 1c00951e 03812603 lw               x12, 56(x2)         x12=1c002ee6  x2:10001cd8  PA:10001d10
27001796ns          467435 1c009520 04012d83 lw               x27, 64(x2)         x27=1c002ef6  x2:10001cd8  PA:10001d18
27001836ns          467437 1c009522 01ee1023 sh               x30, 0(x28)         x30:0000002f x28:1c002f06  PA:1c002f06
27002154ns          467453 1c009526 05812483 lw               x9, 88(x2)           x9=1c002e66  x2:10001cd8  PA:10001d30
27002174ns          467454 1c009528 05012f03 lw               x30, 80(x2)         x30=1c002e76  x2:10001cd8  PA:10001d28
27002194ns          467455 1c00952a 0a012583 lw               x11, 160(x2)        x11=1c002e96  x2:10001cd8  PA:10001d78
27002214ns          467456 1c00952c 014787b3 add              x15, x15, x20       x15=0001fd4c x15:0000ffe3 x20:0000fd69
27002233ns          467457 1c00952e 013e8eb3 add              x29, x29, x19       x29=0000ffc5 x29:ffffffff x19:0000ffc6
27002253ns          467458 1c009530 01270733 add              x14, x14, x18       x14=0000ff2e x14:fffffffc x18:0000ff32
27002273ns          467459 1c009532 00f49023 sh               x15, 0(x9)          x15:0001fd4c  x9:1c002e66  PA:1c002e66
27002591ns          467475 1c009536 01161023 sh               x17, 0(x12)         x17:00000111 x12:1c002ee6  PA:1c002ee6
27002930ns          467492 1c00953a 01fd9023 sh               x31, 0(x27)         x31:0000006d x27:1c002ef6  PA:1c002ef6
27003268ns          467509 1c00953e 00df1023 sh               x13, 0(x30)         x13:0001ff5f x30:1c002e76  PA:1c002e76
27003586ns          467525 1c009542 01d59023 sh               x29, 0(x11)         x29:0000ffc5 x11:1c002e96  PA:1c002e96
27003904ns          467541 1c009546 00e09023 sh               x14, 0(x1)          x14:0000ff2e  x1:1c002e86  PA:1c002e86
27004222ns          467557 1c00954a 01039023 sh               x16, 0(x7)          x16:0000ffe1  x7:1c002eb6  PA:1c002eb6
27004560ns          467574 1c00954e 00a29023 sh               x10, 0(x5)          x10:0000ffab  x5:1c002ea6  PA:1c002ea6
27004879ns          467590 1c009552 008b0b13 addi             x22, x22, 8         x22=000000c3 x22:000000bb
27004898ns          467591 1c009554 1f300793 addi             x15, x0, 499        x15=000001f3
27004918ns          467592 1c009558 e767dae3 bge              x15, x22, -396      x15:000001f3 x22:000000c3
27004978ns          467595 1c0093cc 010c9a0b p.lh             x20, 16(x25!)       x20=fffffdbf x25=1c00281e x25:1c00280e  PA:1c00280e
27005296ns          467611 1c0093d0 0104198b p.lh             x19, 16(x8!)        x19=fffffedb  x8=1c001fe6  x8:1c001fd6  PA:1c001fd6
27005614ns          467627 1c0093d4 2cc10513 addi             x10, x2, 716        x10=10001fa4  x2:10001cd8
27005634ns          467628 1c0093d6 010a990b p.lh             x18, 16(x21!)       x18=fffffd9d x21=1c001812 x21:1c001802  PA:1c001802
27005952ns          467644 1c0093da 010b948b p.lh             x9, 16(x23!)         x9=ffffff4b x23=1c001042 x23:1c001032  PA:1c001032
27006271ns          467660 1c0093de 2d411623 sh               x20, 716(x2)        x20:fffffdbf  x2:10001cd8  PA:10001fa4
27006291ns          467661 1c0093e2 2d311723 sh               x19, 718(x2)        x19:fffffedb  x2:10001cd8  PA:10001fa6
27006310ns          467662 1c0093e6 c33ff0ef jal              x1, -974             x1=1c0093e8
27006350ns          467664 1c009018 00051803 lh               x16, 0(x10)         x16=fffffdbf x10:10001fa4  PA:10001fa4
27006390ns          467666 1c00901c 00251883 lh               x17, 2(x10)         x17=fffffedb x10:10001fa4  PA:10001fa6
27006430ns          467668 1c009020 030806b3 mul              x13, x16, x16       x13=00051481 x16:fffffdbf x16:fffffdbf
27006450ns          467669 1c009024 03188633 mul              x12, x17, x17       x12=00014f59 x17:fffffedb x17:fffffedb
27006470ns          467670 1c009028 40a65613 srai             x12, x12, 0x40a     x12=00000053 x12:00014f59
27006489ns          467671 1c00902a 40a6d693 srai             x13, x13, 0x40a     x13=00000145 x13:00051481
27006509ns          467672 1c00902c 00c686b3 add              x13, x13, x12       x13=00000198 x13:00000145 x12:00000053
27006529ns          467673 1c00902e 1006c633 p.exths          x12, x13, x0        x12=00000198 x13:00000198
27006549ns          467674 1c009032 00855703 lhu              x14, 8(x10)         x14=0000ffd1 x10:10001fa4  PA:10001fac
27006569ns          467675 1c009036 00a55683 lhu              x13, 10(x10)        x13=0000ff6a x10:10001fa4  PA:10001fae
27006589ns          467676 1c00903a 02c60333 mul              x6, x12, x12         x6=00028a40 x12:00000198 x12:00000198
27006609ns          467677 1c00903e 00c55783 lhu              x15, 12(x10)        x15=0000ffe5 x10:10001fa4  PA:10001fb0
27006629ns          467678 1c009042 00e55583 lhu              x11, 14(x10)        x11=00000060 x10:10001fa4  PA:10001fb2
27006649ns          467679 1c009046 dea30333 p.extract        x6, x6, 15, 10       x6=000000a2  x6:00028a40
27006668ns          467680 1c00904a 80c7075b p.muls           x14, x14, x12       x14=ffffb518 x14:0000ffd1 x12:00000198
27006688ns          467681 1c00904e 80c686db p.muls           x13, x13, x12       x13=ffff10f0 x13:0000ff6a x12:00000198
27006708ns          467682 1c009052 00455e83 lhu              x29, 4(x10)         x29=00000427 x10:10001fa4  PA:10001fa8
27006728ns          467683 1c009056 00655e03 lhu              x28, 6(x10)         x28=0000007f x10:10001fa4  PA:10001faa
27006748ns          467684 1c00905a 40a75713 srai             x14, x14, 0x40a     x14=ffffffed x14:ffffb518
27006768ns          467685 1c00905c 806787db p.muls           x15, x15, x6        x15=ffffeeea x15:0000ffe5  x6:000000a2
27006808ns          467687 1c009060 40a6d693 srai             x13, x13, 0x40a     x13=ffffffc4 x13:ffff10f0
27006847ns          467689 1c009062 8065865b p.muls           x12, x11, x6        x12=00003cc0 x11:00000060  x6:000000a2
27006867ns          467690 1c009066 40a7d793 srai             x15, x15, 0x40a     x15=fffffffb x15:ffffeeea
27006887ns          467691 1c009068 40a65613 srai             x12, x12, 0x40a     x12=0000000f x12:00003cc0
27006907ns          467692 1c00906a 01d70733 add              x14, x14, x29       x14=00000414 x14:ffffffed x29:00000427
27006927ns          467693 1c00906c 01c686b3 add              x13, x13, x28       x13=00000043 x13:ffffffc4 x28:0000007f
27006947ns          467694 1c00906e 00c686b3 add              x13, x13, x12       x13=00000052 x13:00000043 x12:0000000f
27006967ns          467695 1c009070 00f70733 add              x14, x14, x15       x14=0000040f x14:00000414 x15:fffffffb
27006987ns          467696 1c009072 100747b3 p.exths          x15, x14, x0        x15=0000040f x14:0000040f
27007007ns          467697 1c009076 1006c733 p.exths          x14, x13, x0        x14=00000052 x13:00000052
27007026ns          467698 1c00907a 03170633 mul              x12, x14, x17       x12=ffffa226 x14:00000052 x17:fffffedb
27007046ns          467699 1c00907e 030786b3 mul              x13, x15, x16       x13=fff6da31 x15:0000040f x16:fffffdbf
27007066ns          467700 1c009082 03070733 mul              x14, x14, x16       x14=ffff472e x14:00000052 x16:fffffdbf
27007086ns          467701 1c009086 031787b3 mul              x15, x15, x17       x15=fffb5ad5 x15:0000040f x17:fffffedb
27007106ns          467702 1c00908a 40a6d693 srai             x13, x13, 0x40a     x13=fffffdb6 x13:fff6da31
27007126ns          467703 1c00908c 40a65613 srai             x12, x12, 0x40a     x12=ffffffe8 x12:ffffa226
27007146ns          467704 1c00908e 40a7d793 srai             x15, x15, 0x40a     x15=fffffed6 x15:fffb5ad5
27007166ns          467705 1c009090 40a75713 srai             x14, x14, 0x40a     x14=ffffffd1 x14:ffff472e
27007186ns          467706 1c009092 40c686b3 sub              x13, x13, x12       x13=fffffdce x13:fffffdb6 x12:ffffffe8
27007205ns          467707 1c009094 00e787b3 add              x15, x15, x14       x15=fffffea7 x15:fffffed6 x14:ffffffd1
27007225ns          467708 1c009096 00d51823 sh               x13, 16(x10)        x13:fffffdce x10:10001fa4  PA:10001fb4
27007245ns          467709 1c00909a 00f51923 sh               x15, 18(x10)        x15:fffffea7 x10:10001fa4  PA:10001fb6
27007265ns          467710 1c00909e 00008067 jalr             x0, x1, 0            x1:1c0093e8
27007305ns          467712 1c0093e8 2dc15583 lhu              x11, 732(x2)        x11=0000fdce  x2:10001cd8  PA:10001fb4
27007325ns          467713 1c0093ec 2de15783 lhu              x15, 734(x2)        x15=0000fea7  x2:10001cd8  PA:10001fb6
27007345ns          467714 1c0093f0 40b90933 sub              x18, x18, x11       x18=fffeffcf x18:fffffd9d x11:0000fdce
27007365ns          467715 1c0093f4 40f484b3 sub              x9, x9, x15          x9=ffff00a4  x9:ffffff4b x15:0000fea7
27007384ns          467716 1c0093f6 100945b3 p.exths          x11, x18, x0        x11=ffffffcf x18:fffeffcf
27007404ns          467717 1c0093fa 1004c7b3 p.exths          x15, x9, x0         x15=000000a4  x9:ffff00a4
27007424ns          467718 1c0093fe 034586b3 mul              x13, x11, x20       x13=00006e71 x11:ffffffcf x20:fffffdbf
27007444ns          467719 1c009402 03378533 mul              x10, x15, x19       x10=ffff444c x15:000000a4 x19:fffffedb
27007464ns          467720 1c009406 034a0633 mul              x12, x20, x20       x12=00051481 x20:fffffdbf x20:fffffdbf
27007484ns          467721 1c00940a 03398733 mul              x14, x19, x19       x14=00014f59 x19:fffffedb x19:fffffedb
27007504ns          467722 1c00940e 034787b3 mul              x15, x15, x20       x15=fffe8e5c x15:000000a4 x20:fffffdbf
27007524ns          467723 1c009412 033585b3 mul              x11, x11, x19       x11=00003815 x11:ffffffcf x19:fffffedb
27007544ns          467724 1c009416 40a75713 srai             x14, x14, 0x40a     x14=00000053 x14:00014f59
27007563ns          467725 1c009418 40a5d593 srai             x11, x11, 0x40a     x11=0000000e x11:00003815
27007583ns          467726 1c00941a 40a65613 srai             x12, x12, 0x40a     x12=00000145 x12:00051481
27007603ns          467727 1c00941c 40a7d793 srai             x15, x15, 0x40a     x15=ffffffa3 x15:fffe8e5c
27007623ns          467728 1c00941e 1c0034b7 lui              x9, 0x1c003000       x9=1c003000
27007643ns          467729 1c009422 00e60633 add              x12, x12, x14       x12=00000198 x12:00000145 x14:00000053
27007663ns          467730 1c009424 40b787b3 sub              x15, x15, x11       x15=ffffff95 x15:ffffffa3 x11:0000000e
27007683ns          467731 1c009426 eb048493 addi             x9, x9, -336         x9=1c002eb0  x9:1c003000
27007703ns          467732 1c00942a 1c0032b7 lui              x5, 0x1c003000       x5=1c003000
27007723ns          467733 1c00942e 1c0035b7 lui              x11, 0x1c003000     x11=1c003000
27007742ns          467734 1c009432 018483b3 add              x7, x9, x24          x7=1c002eb6  x9:1c002eb0 x24:00000006
27007762ns          467735 1c009436 02812e83 lw               x29, 40(x2)         x29=1c002ec6  x2:10001cd8  PA:10001d00
27007782ns          467736 1c009438 10065633 p.exthz          x12, x12, x0        x12=00000198 x12:00000198
27007802ns          467737 1c00943c e8028293 addi             x5, x5, -384         x5=1c002e80  x5:1c003000
27007842ns          467739 1c009440 ea058593 addi             x11, x11, -352      x11=1c002ea0 x11:1c003000
27007882ns          467741 1c009444 03812483 lw               x9, 56(x2)           x9=1c002ee6  x2:10001cd8  PA:10001d10
27007902ns          467742 1c009446 10064733 p.exths          x14, x12, x0        x14=00000198 x12:00000198
27007921ns          467743 1c00944a 018280b3 add              x1, x5, x24          x1=1c002e86  x5:1c002e80 x24:00000006
27007941ns          467744 1c00944e 03012f03 lw               x30, 48(x2)         x30=1c002ed6  x2:10001cd8  PA:10001d08
27007981ns          467746 1c009450 018582b3 add              x5, x11, x24         x5=1c002ea6 x11:1c002ea0 x24:00000006
27008021ns          467748 1c009454 04012583 lw               x11, 64(x2)         x11=1c002ef6  x2:10001cd8  PA:10001d18
27008041ns          467749 1c009456 000edd83 lhu              x27, 0(x29)         x27=00000bcc x29:1c002ec6  PA:1c002ec6
27008379ns          467766 1c00945a 0004d483 lhu              x9, 0(x9)            x9=00000111  x9:1c002ee6  PA:1c002ee6
27008697ns          467782 1c00945e 02e70333 mul              x6, x14, x14         x6=00028a40 x14:00000198 x14:00000198
27008717ns          467783 1c009462 40a55513 srai             x10, x10, 0x40a     x10=ffffffd1 x10:ffff444c
27008737ns          467784 1c009464 04812e83 lw               x29, 72(x2)         x29=1c002f06  x2:10001cd8  PA:10001d20
27008757ns          467785 1c009466 40a6d693 srai             x13, x13, 0x40a     x13=0000001b x13:00006e71
27008777ns          467786 1c009468 000f5d03 lhu              x26, 0(x30)         x26=0000030b x30:1c002ed6  PA:1c002ed6
27009095ns          467802 1c00946c 0005d583 lhu              x11, 0(x11)         x11=0000006d x11:1c002ef6  PA:1c002ef6
27009493ns          467822 1c009470 40a35313 srai             x6, x6, 0x40a        x6=000000a2  x6:00028a40
27009512ns          467823 1c009474 00a686b3 add              x13, x13, x10       x13=ffffffec x13:0000001b x10:ffffffd1
27009532ns          467824 1c009476 05012f03 lw               x30, 80(x2)         x30=1c002e76  x2:10001cd8  PA:10001d28
27009552ns          467825 1c009478 10034e33 p.exths          x28, x6, x0         x28=000000a2  x6:000000a2
27009572ns          467826 1c00947c 06911023 sh               x9, 96(x2)           x9:00000111  x2:10001cd8  PA:10001d38
27009612ns          467828 1c009480 000ede83 lhu              x29, 0(x29)         x29=0000002f x29:1c002f06  PA:1c002f06
27009930ns          467844 1c009484 05812483 lw               x9, 88(x2)           x9=1c002e66  x2:10001cd8  PA:10001d30
27009950ns          467845 1c009486 1006d6b3 p.exthz          x13, x13, x0        x13=0000ffec x13:ffffffec
27009970ns          467846 1c00948a 02ee08b3 mul              x17, x28, x14       x17=00010230 x28:000000a2 x14:00000198
27009990ns          467847 1c00948e 1006c833 p.exths          x16, x13, x0        x16=ffffffec x13:0000ffec
27010010ns          467848 1c009492 06b11823 sh               x11, 112(x2)        x11:0000006d  x2:10001cd8  PA:10001d48
27010030ns          467849 1c009496 000f5f03 lhu              x30, 0(x30)         x30=0000ff5f x30:1c002e76  PA:1c002e76
27010328ns          467864 1c00949a 0a012583 lw               x11, 160(x2)        x11=1c002e96  x2:10001cd8  PA:10001d78
27010348ns          467865 1c00949c 1007d7b3 p.exthz          x15, x15, x0        x15=0000ff95 x15:ffffff95
27010368ns          467866 1c0094a0 0004da03 lhu              x20, 0(x9)          x20=0000fd4c  x9:1c002e66  PA:1c002e66
27010686ns          467882 1c0094a4 1007c533 p.exths          x10, x15, x0        x10=ffffff95 x15:0000ff95
27010706ns          467883 1c0094a8 09d11023 sh               x29, 128(x2)        x29:0000002f  x2:10001cd8  PA:10001d58
27010726ns          467884 1c0094ac 0003d483 lhu              x9, 0(x7)            x9=0000ffe1  x7:1c002eb6  PA:1c002eb6
27011044ns          467900 1c0094b0 02e80eb3 mul              x29, x16, x14       x29=ffffe020 x16:ffffffec x14:00000198
27011064ns          467901 1c0094b4 40a8d893 srai             x17, x17, 0x40a     x17=00000040 x17:00010230
27011084ns          467902 1c0094b8 03c80833 mul              x16, x16, x28       x16=fffff358 x16:ffffffec x28:000000a2
27011103ns          467903 1c0094bc 09e11823 sh               x30, 144(x2)        x30:0000ff5f  x2:10001cd8  PA:10001d68
27011123ns          467904 1c0094c0 0005d983 lhu              x19, 0(x11)         x19=0000ffc5 x11:1c002e96  PA:1c002e96
27011422ns          467919 1c0094c4 81c88f5b p.muls           x30, x17, x28       x30=00002880 x17:00000040 x28:000000a2
27011442ns          467920 1c0094c8 0002d583 lhu              x11, 0(x5)          x11=0000ffab  x5:1c002ea6  PA:1c002ea6
27011839ns          467940 1c0094cc 03ce0fb3 mul              x31, x28, x28       x31=00006684 x28:000000a2 x28:000000a2
27011859ns          467941 1c0094d0 02e50733 mul              x14, x10, x14       x14=ffff5578 x10:ffffff95 x14:00000198
27011879ns          467942 1c0094d4 40a85813 srai             x16, x16, 0x40a     x16=fffffffc x16:fffff358
27011899ns          467943 1c0094d8 03c50533 mul              x10, x10, x28       x10=ffffbc4a x10:ffffff95 x28:000000a2
27011919ns          467944 1c0094dc 07015e03 lhu              x28, 112(x2)        x28=0000006d  x2:10001cd8  PA:10001d48
27011959ns          467946 1c0094e0 01b60633 add              x12, x12, x27       x12=00000d64 x12:00000198 x27:00000bcc
27011979ns          467947 1c0094e2 00980833 add              x16, x16, x9        x16=0000ffdd x16:fffffffc  x9:0000ffe1
27011998ns          467948 1c0094e4 06015d83 lhu              x27, 96(x2)         x27=00000111  x2:10001cd8  PA:10001d38
27012018ns          467949 1c0094e8 02812483 lw               x9, 40(x2)           x9=1c002ec6  x2:10001cd8  PA:10001d00
27012038ns          467950 1c0094ea 40afdf93 srai             x31, x31, 0x40a     x31=00000019 x31:00006684
27012058ns          467951 1c0094ee 40a55513 srai             x10, x10, 0x40a     x10=ffffffef x10:ffffbc4a
27012078ns          467952 1c0094f0 01cf8fb3 add              x31, x31, x28       x31=00000086 x31:00000019 x28:0000006d
27012098ns          467953 1c0094f2 00b50533 add              x10, x10, x11       x10=0000ff9a x10:ffffffef x11:0000ffab
27012118ns          467954 1c0094f4 09015e03 lhu              x28, 144(x2)        x28=0000ff5f  x2:10001cd8  PA:10001d68
27012138ns          467955 1c0094f8 03012583 lw               x11, 48(x2)         x11=1c002ed6  x2:10001cd8  PA:10001d08
27012158ns          467956 1c0094fa 00c49023 sh               x12, 0(x9)          x12:00000d64  x9:1c002ec6  PA:1c002ec6
27012516ns          467974 1c0094fe 01b888b3 add              x17, x17, x27       x17=00000151 x17:00000040 x27:00000111
27012535ns          467975 1c009500 01a30333 add              x6, x6, x26          x6=000003ad  x6:000000a2 x26:0000030b
27012555ns          467976 1c009502 08015d83 lhu              x27, 128(x2)        x27=0000002f  x2:10001cd8  PA:10001d58
27012575ns          467977 1c009506 0000d903 lhu              x18, 0(x1)          x18=0000ff2e  x1:1c002e86  PA:1c002e86
27012874ns          467992 1c00950a 01c686b3 add              x13, x13, x28       x13=0001ff4b x13:0000ffec x28:0000ff5f
27012893ns          467993 1c00950c 00659023 sh               x6, 0(x11)           x6:000003ad x11:1c002ed6  PA:1c002ed6
27013212ns          468009 1c009510 40af5f13 srai             x30, x30, 0x40a     x30=0000000a x30:00002880
27013232ns          468010 1c009514 04812e03 lw               x28, 72(x2)         x28=1c002f06  x2:10001cd8  PA:10001d20
27013251ns          468011 1c009516 01bf0f33 add              x30, x30, x27       x30=00000039 x30:0000000a x27:0000002f
27013271ns          468012 1c009518 40aede93 srai             x29, x29, 0x40a     x29=fffffff8 x29:ffffe020
27013291ns          468013 1c00951c 40a75713 srai             x14, x14, 0x40a     x14=ffffffd5 x14:ffff5578
27013311ns          468014 1c00951e 03812603 lw               x12, 56(x2)         x12=1c002ee6  x2:10001cd8  PA:10001d10
27013331ns          468015 1c009520 04012d83 lw               x27, 64(x2)         x27=1c002ef6  x2:10001cd8  PA:10001d18
27013351ns          468016 1c009522 01ee1023 sh               x30, 0(x28)         x30:00000039 x28:1c002f06  PA:1c002f06
27013669ns          468032 1c009526 05812483 lw               x9, 88(x2)           x9=1c002e66  x2:10001cd8  PA:10001d30
27013689ns          468033 1c009528 05012f03 lw               x30, 80(x2)         x30=1c002e76  x2:10001cd8  PA:10001d28
27013709ns          468034 1c00952a 0a012583 lw               x11, 160(x2)        x11=1c002e96  x2:10001cd8  PA:10001d78
27013729ns          468035 1c00952c 014787b3 add              x15, x15, x20       x15=0001fce1 x15:0000ff95 x20:0000fd4c
27013749ns          468036 1c00952e 013e8eb3 add              x29, x29, x19       x29=0000ffbd x29:fffffff8 x19:0000ffc5
27013768ns          468037 1c009530 01270733 add              x14, x14, x18       x14=0000ff03 x14:ffffffd5 x18:0000ff2e
27013788ns          468038 1c009532 00f49023 sh               x15, 0(x9)          x15:0001fce1  x9:1c002e66  PA:1c002e66
27014107ns          468054 1c009536 01161023 sh               x17, 0(x12)         x17:00000151 x12:1c002ee6  PA:1c002ee6
27014425ns          468070 1c00953a 01fd9023 sh               x31, 0(x27)         x31:00000086 x27:1c002ef6  PA:1c002ef6
27014743ns          468086 1c00953e 00df1023 sh               x13, 0(x30)         x13:0001ff4b x30:1c002e76  PA:1c002e76
27015081ns          468103 1c009542 01d59023 sh               x29, 0(x11)         x29:0000ffbd x11:1c002e96  PA:1c002e96
27015439ns          468121 1c009546 00e09023 sh               x14, 0(x1)          x14:0000ff03  x1:1c002e86  PA:1c002e86
27015757ns          468137 1c00954a 01039023 sh               x16, 0(x7)          x16:0000ffdd  x7:1c002eb6  PA:1c002eb6
27016075ns          468153 1c00954e 00a29023 sh               x10, 0(x5)          x10:0000ff9a  x5:1c002ea6  PA:1c002ea6
27016414ns          468170 1c009552 008b0b13 addi             x22, x22, 8         x22=000000cb x22:000000c3
27016433ns          468171 1c009554 1f300793 addi             x15, x0, 499        x15=000001f3
27016453ns          468172 1c009558 e767dae3 bge              x15, x22, -396      x15:000001f3 x22:000000cb
27016513ns          468175 1c0093cc 010c9a0b p.lh             x20, 16(x25!)       x20=ffffff19 x25=1c00282e x25:1c00281e  PA:1c00281e
27016811ns          468190 1c0093d0 0104198b p.lh             x19, 16(x8!)        x19=000000f0  x8=1c001ff6  x8:1c001fe6  PA:1c001fe6
27017130ns          468206 1c0093d4 2cc10513 addi             x10, x2, 716        x10=10001fa4  x2:10001cd8
27017149ns          468207 1c0093d6 010a990b p.lh             x18, 16(x21!)       x18=ffffff28 x21=1c001822 x21:1c001812  PA:1c001812
27017468ns          468223 1c0093da 010b948b p.lh             x9, 16(x23!)         x9=00000100 x23=1c001052 x23:1c001042  PA:1c001042
27017846ns          468242 1c0093de 2d411623 sh               x20, 716(x2)        x20:ffffff19  x2:10001cd8  PA:10001fa4
27017865ns          468243 1c0093e2 2d311723 sh               x19, 718(x2)        x19:000000f0  x2:10001cd8  PA:10001fa6
27017885ns          468244 1c0093e6 c33ff0ef jal              x1, -974             x1=1c0093e8
27017965ns          468248 1c009018 00051803 lh               x16, 0(x10)         x16=ffffff19 x10:10001fa4  PA:10001fa4
27018025ns          468251 1c00901c 00251883 lh               x17, 2(x10)         x17=000000f0 x10:10001fa4  PA:10001fa6
27018084ns          468254 1c009020 030806b3 mul              x13, x16, x16       x13=0000d071 x16:ffffff19 x16:ffffff19
27018104ns          468255 1c009024 03188633 mul              x12, x17, x17       x12=0000e100 x17:000000f0 x17:000000f0
27018124ns          468256 1c009028 40a65613 srai             x12, x12, 0x40a     x12=00000038 x12:0000e100
27018144ns          468257 1c00902a 40a6d693 srai             x13, x13, 0x40a     x13=00000034 x13:0000d071
27018164ns          468258 1c00902c 00c686b3 add              x13, x13, x12       x13=0000006c x13:00000034 x12:00000038
27018184ns          468259 1c00902e 1006c633 p.exths          x12, x13, x0        x12=0000006c x13:0000006c
27018204ns          468260 1c009032 00855703 lhu              x14, 8(x10)         x14=0000ffd1 x10:10001fa4  PA:10001fac
27018223ns          468261 1c009036 00a55683 lhu              x13, 10(x10)        x13=0000ff6a x10:10001fa4  PA:10001fae
27018243ns          468262 1c00903a 02c60333 mul              x6, x12, x12         x6=00002d90 x12:0000006c x12:0000006c
27018283ns          468264 1c00903e 00c55783 lhu              x15, 12(x10)        x15=0000ffe5 x10:10001fa4  PA:10001fb0
27018323ns          468266 1c009042 00e55583 lhu              x11, 14(x10)        x11=00000060 x10:10001fa4  PA:10001fb2
27018343ns          468267 1c009046 dea30333 p.extract        x6, x6, 15, 10       x6=0000000b  x6:00002d90
27018363ns          468268 1c00904a 80c7075b p.muls           x14, x14, x12       x14=ffffec2c x14:0000ffd1 x12:0000006c
27018382ns          468269 1c00904e 80c686db p.muls           x13, x13, x12       x13=ffffc0b8 x13:0000ff6a x12:0000006c
27018402ns          468270 1c009052 00455e83 lhu              x29, 4(x10)         x29=00000427 x10:10001fa4  PA:10001fa8
27018422ns          468271 1c009056 00655e03 lhu              x28, 6(x10)         x28=0000007f x10:10001fa4  PA:10001faa
27018442ns          468272 1c00905a 40a75713 srai             x14, x14, 0x40a     x14=fffffffb x14:ffffec2c
27018462ns          468273 1c00905c 806787db p.muls           x15, x15, x6        x15=fffffed7 x15:0000ffe5  x6:0000000b
27018482ns          468274 1c009060 40a6d693 srai             x13, x13, 0x40a     x13=fffffff0 x13:ffffc0b8
27018502ns          468275 1c009062 8065865b p.muls           x12, x11, x6        x12=00000420 x11:00000060  x6:0000000b
27018522ns          468276 1c009066 40a7d793 srai             x15, x15, 0x40a     x15=ffffffff x15:fffffed7
27018542ns          468277 1c009068 40a65613 srai             x12, x12, 0x40a     x12=00000001 x12:00000420
27018561ns          468278 1c00906a 01d70733 add              x14, x14, x29       x14=00000422 x14:fffffffb x29:00000427
27018581ns          468279 1c00906c 01c686b3 add              x13, x13, x28       x13=0000006f x13:fffffff0 x28:0000007f
27018601ns          468280 1c00906e 00c686b3 add              x13, x13, x12       x13=00000070 x13:0000006f x12:00000001
27018621ns          468281 1c009070 00f70733 add              x14, x14, x15       x14=00000421 x14:00000422 x15:ffffffff
27018641ns          468282 1c009072 100747b3 p.exths          x15, x14, x0        x15=00000421 x14:00000421
27018661ns          468283 1c009076 1006c733 p.exths          x14, x13, x0        x14=00000070 x13:00000070
27018681ns          468284 1c00907a 03170633 mul              x12, x14, x17       x12=00006900 x14:00000070 x17:000000f0
27018701ns          468285 1c00907e 030786b3 mul              x13, x15, x16       x13=fffc4639 x15:00000421 x16:ffffff19
27018721ns          468286 1c009082 03070733 mul              x14, x14, x16       x14=ffff9af0 x14:00000070 x16:ffffff19
27018740ns          468287 1c009086 031787b3 mul              x15, x15, x17       x15=0003def0 x15:00000421 x17:000000f0
27018760ns          468288 1c00908a 40a6d693 srai             x13, x13, 0x40a     x13=ffffff11 x13:fffc4639
27018780ns          468289 1c00908c 40a65613 srai             x12, x12, 0x40a     x12=0000001a x12:00006900
27018800ns          468290 1c00908e 40a7d793 srai             x15, x15, 0x40a     x15=000000f7 x15:0003def0
27018820ns          468291 1c009090 40a75713 srai             x14, x14, 0x40a     x14=ffffffe6 x14:ffff9af0
27018840ns          468292 1c009092 40c686b3 sub              x13, x13, x12       x13=fffffef7 x13:ffffff11 x12:0000001a
27018860ns          468293 1c009094 00e787b3 add              x15, x15, x14       x15=000000dd x15:000000f7 x14:ffffffe6
27018880ns          468294 1c009096 00d51823 sh               x13, 16(x10)        x13:fffffef7 x10:10001fa4  PA:10001fb4
27018900ns          468295 1c00909a 00f51923 sh               x15, 18(x10)        x15:000000dd x10:10001fa4  PA:10001fb6
27018919ns          468296 1c00909e 00008067 jalr             x0, x1, 0            x1:1c0093e8
27018959ns          468298 1c0093e8 2dc15583 lhu              x11, 732(x2)        x11=0000fef7  x2:10001cd8  PA:10001fb4
27018979ns          468299 1c0093ec 2de15783 lhu              x15, 734(x2)        x15=000000dd  x2:10001cd8  PA:10001fb6
27018999ns          468300 1c0093f0 40b90933 sub              x18, x18, x11       x18=ffff0031 x18:ffffff28 x11:0000fef7
27019019ns          468301 1c0093f4 40f484b3 sub              x9, x9, x15          x9=00000023  x9:00000100 x15:000000dd
27019039ns          468302 1c0093f6 100945b3 p.exths          x11, x18, x0        x11=00000031 x18:ffff0031
27019059ns          468303 1c0093fa 1004c7b3 p.exths          x15, x9, x0         x15=00000023  x9:00000023
27019079ns          468304 1c0093fe 034586b3 mul              x13, x11, x20       x13=ffffd3c9 x11:00000031 x20:ffffff19
27019098ns          468305 1c009402 03378533 mul              x10, x15, x19       x10=000020d0 x15:00000023 x19:000000f0
27019118ns          468306 1c009406 034a0633 mul              x12, x20, x20       x12=0000d071 x20:ffffff19 x20:ffffff19
27019138ns          468307 1c00940a 03398733 mul              x14, x19, x19       x14=0000e100 x19:000000f0 x19:000000f0
27019198ns          468310 1c00940e 034787b3 mul              x15, x15, x20       x15=ffffe06b x15:00000023 x20:ffffff19
27019238ns          468312 1c009412 033585b3 mul              x11, x11, x19       x11=00002df0 x11:00000031 x19:000000f0
27019258ns          468313 1c009416 40a75713 srai             x14, x14, 0x40a     x14=00000038 x14:0000e100
27019277ns          468314 1c009418 40a5d593 srai             x11, x11, 0x40a     x11=0000000b x11:00002df0
27019297ns          468315 1c00941a 40a65613 srai             x12, x12, 0x40a     x12=00000034 x12:0000d071
27019317ns          468316 1c00941c 40a7d793 srai             x15, x15, 0x40a     x15=fffffff8 x15:ffffe06b
27019337ns          468317 1c00941e 1c0034b7 lui              x9, 0x1c003000       x9=1c003000
27019357ns          468318 1c009422 00e60633 add              x12, x12, x14       x12=0000006c x12:00000034 x14:00000038
27019377ns          468319 1c009424 40b787b3 sub              x15, x15, x11       x15=ffffffed x15:fffffff8 x11:0000000b
27019397ns          468320 1c009426 eb048493 addi             x9, x9, -336         x9=1c002eb0  x9:1c003000
27019417ns          468321 1c00942a 1c0032b7 lui              x5, 0x1c003000       x5=1c003000
27019437ns          468322 1c00942e 1c0035b7 lui              x11, 0x1c003000     x11=1c003000
27019456ns          468323 1c009432 018483b3 add              x7, x9, x24          x7=1c002eb6  x9:1c002eb0 x24:00000006
27019476ns          468324 1c009436 02812e83 lw               x29, 40(x2)         x29=1c002ec6  x2:10001cd8  PA:10001d00
27019496ns          468325 1c009438 10065633 p.exthz          x12, x12, x0        x12=0000006c x12:0000006c
27019516ns          468326 1c00943c e8028293 addi             x5, x5, -384         x5=1c002e80  x5:1c003000
27019536ns          468327 1c009440 ea058593 addi             x11, x11, -352      x11=1c002ea0 x11:1c003000
27019556ns          468328 1c009444 03812483 lw               x9, 56(x2)           x9=1c002ee6  x2:10001cd8  PA:10001d10
27019576ns          468329 1c009446 10064733 p.exths          x14, x12, x0        x14=0000006c x12:0000006c
27019596ns          468330 1c00944a 018280b3 add              x1, x5, x24          x1=1c002e86  x5:1c002e80 x24:00000006
27019616ns          468331 1c00944e 03012f03 lw               x30, 48(x2)         x30=1c002ed6  x2:10001cd8  PA:10001d08
27019635ns          468332 1c009450 018582b3 add              x5, x11, x24         x5=1c002ea6 x11:1c002ea0 x24:00000006
27019655ns          468333 1c009454 04012583 lw               x11, 64(x2)         x11=1c002ef6  x2:10001cd8  PA:10001d18
27019675ns          468334 1c009456 000edd83 lhu              x27, 0(x29)         x27=00000d64 x29:1c002ec6  PA:1c002ec6
27019974ns          468349 1c00945a 0004d483 lhu              x9, 0(x9)            x9=00000151  x9:1c002ee6  PA:1c002ee6
27020272ns          468364 1c00945e 02e70333 mul              x6, x14, x14         x6=00002d90 x14:0000006c x14:0000006c
27020292ns          468365 1c009462 40a55513 srai             x10, x10, 0x40a     x10=00000008 x10:000020d0
27020312ns          468366 1c009464 04812e83 lw               x29, 72(x2)         x29=1c002f06  x2:10001cd8  PA:10001d20
27020332ns          468367 1c009466 40a6d693 srai             x13, x13, 0x40a     x13=fffffff4 x13:ffffd3c9
27020351ns          468368 1c009468 000f5d03 lhu              x26, 0(x30)         x26=000003ad x30:1c002ed6  PA:1c002ed6
27020670ns          468384 1c00946c 0005d583 lhu              x11, 0(x11)         x11=00000086 x11:1c002ef6  PA:1c002ef6
27021047ns          468403 1c009470 40a35313 srai             x6, x6, 0x40a        x6=0000000b  x6:00002d90
27021067ns          468404 1c009474 00a686b3 add              x13, x13, x10       x13=fffffffc x13:fffffff4 x10:00000008
27021087ns          468405 1c009476 05012f03 lw               x30, 80(x2)         x30=1c002e76  x2:10001cd8  PA:10001d28
27021107ns          468406 1c009478 10034e33 p.exths          x28, x6, x0         x28=0000000b  x6:0000000b
27021127ns          468407 1c00947c 06911023 sh               x9, 96(x2)           x9:00000151  x2:10001cd8  PA:10001d38
27021147ns          468408 1c009480 000ede83 lhu              x29, 0(x29)         x29=00000039 x29:1c002f06  PA:1c002f06
27021445ns          468423 1c009484 05812483 lw               x9, 88(x2)           x9=1c002e66  x2:10001cd8  PA:10001d30
27021465ns          468424 1c009486 1006d6b3 p.exthz          x13, x13, x0        x13=0000fffc x13:fffffffc
27021485ns          468425 1c00948a 02ee08b3 mul              x17, x28, x14       x17=000004a4 x28:0000000b x14:0000006c
27021505ns          468426 1c00948e 1006c833 p.exths          x16, x13, x0        x16=fffffffc x13:0000fffc
27021525ns          468427 1c009492 06b11823 sh               x11, 112(x2)        x11:00000086  x2:10001cd8  PA:10001d48
27021545ns          468428 1c009496 000f5f03 lhu              x30, 0(x30)         x30=0000ff4b x30:1c002e76  PA:1c002e76
27021883ns          468445 1c00949a 0a012583 lw               x11, 160(x2)        x11=1c002e96  x2:10001cd8  PA:10001d78
27021903ns          468446 1c00949c 1007d7b3 p.exthz          x15, x15, x0        x15=0000ffed x15:ffffffed
27021923ns          468447 1c0094a0 0004da03 lhu              x20, 0(x9)          x20=0000fce1  x9:1c002e66  PA:1c002e66
27022221ns          468462 1c0094a4 1007c533 p.exths          x10, x15, x0        x10=ffffffed x15:0000ffed
27022241ns          468463 1c0094a8 09d11023 sh               x29, 128(x2)        x29:00000039  x2:10001cd8  PA:10001d58
27022261ns          468464 1c0094ac 0003d483 lhu              x9, 0(x7)            x9=0000ffdd  x7:1c002eb6  PA:1c002eb6
27022559ns          468479 1c0094b0 02e80eb3 mul              x29, x16, x14       x29=fffffe50 x16:fffffffc x14:0000006c
27022579ns          468480 1c0094b4 40a8d893 srai             x17, x17, 0x40a     x17=00000001 x17:000004a4
27022599ns          468481 1c0094b8 03c80833 mul              x16, x16, x28       x16=ffffffd4 x16:fffffffc x28:0000000b
27022619ns          468482 1c0094bc 09e11823 sh               x30, 144(x2)        x30:0000ff4b  x2:10001cd8  PA:10001d68
27022639ns          468483 1c0094c0 0005d983 lhu              x19, 0(x11)         x19=0000ffbd x11:1c002e96  PA:1c002e96
27022937ns          468498 1c0094c4 81c88f5b p.muls           x30, x17, x28       x30=0000000b x17:00000001 x28:0000000b
27022957ns          468499 1c0094c8 0002d583 lhu              x11, 0(x5)          x11=0000ff9a  x5:1c002ea6  PA:1c002ea6
27023394ns          468521 1c0094cc 03ce0fb3 mul              x31, x28, x28       x31=00000079 x28:0000000b x28:0000000b
27023414ns          468522 1c0094d0 02e50733 mul              x14, x10, x14       x14=fffff7fc x10:ffffffed x14:0000006c
27023434ns          468523 1c0094d4 40a85813 srai             x16, x16, 0x40a     x16=ffffffff x16:ffffffd4
27023454ns          468524 1c0094d8 03c50533 mul              x10, x10, x28       x10=ffffff2f x10:ffffffed x28:0000000b
27023474ns          468525 1c0094dc 07015e03 lhu              x28, 112(x2)        x28=00000086  x2:10001cd8  PA:10001d48
27023494ns          468526 1c0094e0 01b60633 add              x12, x12, x27       x12=00000dd0 x12:0000006c x27:00000d64
27023514ns          468527 1c0094e2 00980833 add              x16, x16, x9        x16=0000ffdc x16:ffffffff  x9:0000ffdd
27023533ns          468528 1c0094e4 06015d83 lhu              x27, 96(x2)         x27=00000151  x2:10001cd8  PA:10001d38
27023553ns          468529 1c0094e8 02812483 lw               x9, 40(x2)           x9=1c002ec6  x2:10001cd8  PA:10001d00
27023573ns          468530 1c0094ea 40afdf93 srai             x31, x31, 0x40a     x31=00000000 x31:00000079
27023593ns          468531 1c0094ee 40a55513 srai             x10, x10, 0x40a     x10=ffffffff x10:ffffff2f
27023613ns          468532 1c0094f0 01cf8fb3 add              x31, x31, x28       x31=00000086 x31:00000000 x28:00000086
27023633ns          468533 1c0094f2 00b50533 add              x10, x10, x11       x10=0000ff99 x10:ffffffff x11:0000ff9a
27023653ns          468534 1c0094f4 09015e03 lhu              x28, 144(x2)        x28=0000ff4b  x2:10001cd8  PA:10001d68
27023673ns          468535 1c0094f8 03012583 lw               x11, 48(x2)         x11=1c002ed6  x2:10001cd8  PA:10001d08
27023693ns          468536 1c0094fa 00c49023 sh               x12, 0(x9)          x12:00000dd0  x9:1c002ec6  PA:1c002ec6
27024031ns          468553 1c0094fe 01b888b3 add              x17, x17, x27       x17=00000152 x17:00000001 x27:00000151
27024051ns          468554 1c009500 01a30333 add              x6, x6, x26          x6=000003b8  x6:0000000b x26:000003ad
27024070ns          468555 1c009502 08015d83 lhu              x27, 128(x2)        x27=00000039  x2:10001cd8  PA:10001d58
27024090ns          468556 1c009506 0000d903 lhu              x18, 0(x1)          x18=0000ff03  x1:1c002e86  PA:1c002e86
27024448ns          468574 1c00950a 01c686b3 add              x13, x13, x28       x13=0001ff47 x13:0000fffc x28:0000ff4b
27024468ns          468575 1c00950c 00659023 sh               x6, 0(x11)           x6:000003b8 x11:1c002ed6  PA:1c002ed6
27024786ns          468591 1c009510 40af5f13 srai             x30, x30, 0x40a     x30=00000000 x30:0000000b
27024806ns          468592 1c009514 04812e03 lw               x28, 72(x2)         x28=1c002f06  x2:10001cd8  PA:10001d20
27024826ns          468593 1c009516 01bf0f33 add              x30, x30, x27       x30=00000039 x30:00000000 x27:00000039
27024846ns          468594 1c009518 40aede93 srai             x29, x29, 0x40a     x29=ffffffff x29:fffffe50
27024866ns          468595 1c00951c 40a75713 srai             x14, x14, 0x40a     x14=fffffffd x14:fffff7fc
27024886ns          468596 1c00951e 03812603 lw               x12, 56(x2)         x12=1c002ee6  x2:10001cd8  PA:10001d10
27024906ns          468597 1c009520 04012d83 lw               x27, 64(x2)         x27=1c002ef6  x2:10001cd8  PA:10001d18
27024926ns          468598 1c009522 01ee1023 sh               x30, 0(x28)         x30:00000039 x28:1c002f06  PA:1c002f06
27025244ns          468614 1c009526 05812483 lw               x9, 88(x2)           x9=1c002e66  x2:10001cd8  PA:10001d30
27025264ns          468615 1c009528 05012f03 lw               x30, 80(x2)         x30=1c002e76  x2:10001cd8  PA:10001d28
27025284ns          468616 1c00952a 0a012583 lw               x11, 160(x2)        x11=1c002e96  x2:10001cd8  PA:10001d78
27025304ns          468617 1c00952c 014787b3 add              x15, x15, x20       x15=0001fcce x15:0000ffed x20:0000fce1
27025323ns          468618 1c00952e 013e8eb3 add              x29, x29, x19       x29=0000ffbc x29:ffffffff x19:0000ffbd
27025343ns          468619 1c009530 01270733 add              x14, x14, x18       x14=0000ff00 x14:fffffffd x18:0000ff03
27025363ns          468620 1c009532 00f49023 sh               x15, 0(x9)          x15:0001fcce  x9:1c002e66  PA:1c002e66
27025701ns          468637 1c009536 01161023 sh               x17, 0(x12)         x17:00000152 x12:1c002ee6  PA:1c002ee6
27026019ns          468653 1c00953a 01fd9023 sh               x31, 0(x27)         x31:00000086 x27:1c002ef6  PA:1c002ef6
27026338ns          468669 1c00953e 00df1023 sh               x13, 0(x30)         x13:0001ff47 x30:1c002e76  PA:1c002e76
27026656ns          468685 1c009542 01d59023 sh               x29, 0(x11)         x29:0000ffbc x11:1c002e96  PA:1c002e96
27026994ns          468702 1c009546 00e09023 sh               x14, 0(x1)          x14:0000ff00  x1:1c002e86  PA:1c002e86
27027312ns          468718 1c00954a 01039023 sh               x16, 0(x7)          x16:0000ffdc  x7:1c002eb6  PA:1c002eb6
27027630ns          468734 1c00954e 00a29023 sh               x10, 0(x5)          x10:0000ff99  x5:1c002ea6  PA:1c002ea6
27027949ns          468750 1c009552 008b0b13 addi             x22, x22, 8         x22=000000d3 x22:000000cb
27027969ns          468751 1c009554 1f300793 addi             x15, x0, 499        x15=000001f3
27027988ns          468752 1c009558 e767dae3 bge              x15, x22, -396      x15:000001f3 x22:000000d3
27028048ns          468755 1c0093cc 010c9a0b p.lh             x20, 16(x25!)       x20=fffffef7 x25=1c00283e x25:1c00282e  PA:1c00282e
27028426ns          468774 1c0093d0 0104198b p.lh             x19, 16(x8!)        x19=00000153  x8=1c002006  x8:1c001ff6  PA:1c001ff6
27028764ns          468791 1c0093d4 2cc10513 addi             x10, x2, 716        x10=10001fa4  x2:10001cd8
27028784ns          468792 1c0093d6 010a990b p.lh             x18, 16(x21!)       x18=ffffff26 x21=1c001832 x21:1c001822  PA:1c001822
27029082ns          468807 1c0093da 010b948b p.lh             x9, 16(x23!)         x9=00000181 x23=1c001062 x23:1c001052  PA:1c001052
27029381ns          468822 1c0093de 2d411623 sh               x20, 716(x2)        x20:fffffef7  x2:10001cd8  PA:10001fa4
27029400ns          468823 1c0093e2 2d311723 sh               x19, 718(x2)        x19:00000153  x2:10001cd8  PA:10001fa6
27029420ns          468824 1c0093e6 c33ff0ef jal              x1, -974             x1=1c0093e8
27029460ns          468826 1c009018 00051803 lh               x16, 0(x10)         x16=fffffef7 x10:10001fa4  PA:10001fa4
27029480ns          468827 1c00901c 00251883 lh               x17, 2(x10)         x17=00000153 x10:10001fa4  PA:10001fa6
27029540ns          468830 1c009020 030806b3 mul              x13, x16, x16       x13=00011251 x16:fffffef7 x16:fffffef7
27029579ns          468832 1c009024 03188633 mul              x12, x17, x17       x12=0001c0e9 x17:00000153 x17:00000153
27029599ns          468833 1c009028 40a65613 srai             x12, x12, 0x40a     x12=00000070 x12:0001c0e9
27029619ns          468834 1c00902a 40a6d693 srai             x13, x13, 0x40a     x13=00000044 x13:00011251
27029639ns          468835 1c00902c 00c686b3 add              x13, x13, x12       x13=000000b4 x13:00000044 x12:00000070
27029659ns          468836 1c00902e 1006c633 p.exths          x12, x13, x0        x12=000000b4 x13:000000b4
27029679ns          468837 1c009032 00855703 lhu              x14, 8(x10)         x14=0000ffd1 x10:10001fa4  PA:10001fac
27029699ns          468838 1c009036 00a55683 lhu              x13, 10(x10)        x13=0000ff6a x10:10001fa4  PA:10001fae
27029719ns          468839 1c00903a 02c60333 mul              x6, x12, x12         x6=00007e90 x12:000000b4 x12:000000b4
27029739ns          468840 1c00903e 00c55783 lhu              x15, 12(x10)        x15=0000ffe5 x10:10001fa4  PA:10001fb0
27029758ns          468841 1c009042 00e55583 lhu              x11, 14(x10)        x11=00000060 x10:10001fa4  PA:10001fb2
27029778ns          468842 1c009046 dea30333 p.extract        x6, x6, 15, 10       x6=0000001f  x6:00007e90
27029798ns          468843 1c00904a 80c7075b p.muls           x14, x14, x12       x14=ffffdef4 x14:0000ffd1 x12:000000b4
27029818ns          468844 1c00904e 80c686db p.muls           x13, x13, x12       x13=ffff9688 x13:0000ff6a x12:000000b4
27029838ns          468845 1c009052 00455e83 lhu              x29, 4(x10)         x29=00000427 x10:10001fa4  PA:10001fa8
27029858ns          468846 1c009056 00655e03 lhu              x28, 6(x10)         x28=0000007f x10:10001fa4  PA:10001faa
27029878ns          468847 1c00905a 40a75713 srai             x14, x14, 0x40a     x14=fffffff7 x14:ffffdef4
27029898ns          468848 1c00905c 806787db p.muls           x15, x15, x6        x15=fffffcbb x15:0000ffe5  x6:0000001f
27029918ns          468849 1c009060 40a6d693 srai             x13, x13, 0x40a     x13=ffffffe5 x13:ffff9688
27029957ns          468851 1c009062 8065865b p.muls           x12, x11, x6        x12=00000ba0 x11:00000060  x6:0000001f
27029977ns          468852 1c009066 40a7d793 srai             x15, x15, 0x40a     x15=ffffffff x15:fffffcbb
27029997ns          468853 1c009068 40a65613 srai             x12, x12, 0x40a     x12=00000002 x12:00000ba0
27030017ns          468854 1c00906a 01d70733 add              x14, x14, x29       x14=0000041e x14:fffffff7 x29:00000427
27030037ns          468855 1c00906c 01c686b3 add              x13, x13, x28       x13=00000064 x13:ffffffe5 x28:0000007f
27030057ns          468856 1c00906e 00c686b3 add              x13, x13, x12       x13=00000066 x13:00000064 x12:00000002
27030077ns          468857 1c009070 00f70733 add              x14, x14, x15       x14=0000041d x14:0000041e x15:ffffffff
27030097ns          468858 1c009072 100747b3 p.exths          x15, x14, x0        x15=0000041d x14:0000041d
27030116ns          468859 1c009076 1006c733 p.exths          x14, x13, x0        x14=00000066 x13:00000066
27030136ns          468860 1c00907a 03170633 mul              x12, x14, x17       x12=00008712 x14:00000066 x17:00000153
27030156ns          468861 1c00907e 030786b3 mul              x13, x15, x16       x13=fffbbdfb x15:0000041d x16:fffffef7
27030176ns          468862 1c009082 03070733 mul              x14, x14, x16       x14=ffff966a x14:00000066 x16:fffffef7
27030196ns          468863 1c009086 031787b3 mul              x15, x15, x17       x15=00057267 x15:0000041d x17:00000153
27030216ns          468864 1c00908a 40a6d693 srai             x13, x13, 0x40a     x13=fffffeef x13:fffbbdfb
27030236ns          468865 1c00908c 40a65613 srai             x12, x12, 0x40a     x12=00000021 x12:00008712
27030256ns          468866 1c00908e 40a7d793 srai             x15, x15, 0x40a     x15=0000015c x15:00057267
27030276ns          468867 1c009090 40a75713 srai             x14, x14, 0x40a     x14=ffffffe5 x14:ffff966a
27030295ns          468868 1c009092 40c686b3 sub              x13, x13, x12       x13=fffffece x13:fffffeef x12:00000021
27030315ns          468869 1c009094 00e787b3 add              x15, x15, x14       x15=00000141 x15:0000015c x14:ffffffe5
27030335ns          468870 1c009096 00d51823 sh               x13, 16(x10)        x13:fffffece x10:10001fa4  PA:10001fb4
27030355ns          468871 1c00909a 00f51923 sh               x15, 18(x10)        x15:00000141 x10:10001fa4  PA:10001fb6
27030375ns          468872 1c00909e 00008067 jalr             x0, x1, 0            x1:1c0093e8
27030415ns          468874 1c0093e8 2dc15583 lhu              x11, 732(x2)        x11=0000fece  x2:10001cd8  PA:10001fb4
27030435ns          468875 1c0093ec 2de15783 lhu              x15, 734(x2)        x15=00000141  x2:10001cd8  PA:10001fb6
27030455ns          468876 1c0093f0 40b90933 sub              x18, x18, x11       x18=ffff0058 x18:ffffff26 x11:0000fece
27030474ns          468877 1c0093f4 40f484b3 sub              x9, x9, x15          x9=00000040  x9:00000181 x15:00000141
27030494ns          468878 1c0093f6 100945b3 p.exths          x11, x18, x0        x11=00000058 x18:ffff0058
27030514ns          468879 1c0093fa 1004c7b3 p.exths          x15, x9, x0         x15=00000040  x9:00000040
27030534ns          468880 1c0093fe 034586b3 mul              x13, x11, x20       x13=ffffa4e8 x11:00000058 x20:fffffef7
27030554ns          468881 1c009402 03378533 mul              x10, x15, x19       x10=000054c0 x15:00000040 x19:00000153
27030574ns          468882 1c009406 034a0633 mul              x12, x20, x20       x12=00011251 x20:fffffef7 x20:fffffef7
27030594ns          468883 1c00940a 03398733 mul              x14, x19, x19       x14=0001c0e9 x19:00000153 x19:00000153
27030614ns          468884 1c00940e 034787b3 mul              x15, x15, x20       x15=ffffbdc0 x15:00000040 x20:fffffef7
27030634ns          468885 1c009412 033585b3 mul              x11, x11, x19       x11=00007488 x11:00000058 x19:00000153
27030653ns          468886 1c009416 40a75713 srai             x14, x14, 0x40a     x14=00000070 x14:0001c0e9
27030673ns          468887 1c009418 40a5d593 srai             x11, x11, 0x40a     x11=0000001d x11:00007488
27030693ns          468888 1c00941a 40a65613 srai             x12, x12, 0x40a     x12=00000044 x12:00011251
27030713ns          468889 1c00941c 40a7d793 srai             x15, x15, 0x40a     x15=ffffffef x15:ffffbdc0
27030733ns          468890 1c00941e 1c0034b7 lui              x9, 0x1c003000       x9=1c003000
27030753ns          468891 1c009422 00e60633 add              x12, x12, x14       x12=000000b4 x12:00000044 x14:00000070
27030773ns          468892 1c009424 40b787b3 sub              x15, x15, x11       x15=ffffffd2 x15:ffffffef x11:0000001d
27030793ns          468893 1c009426 eb048493 addi             x9, x9, -336         x9=1c002eb0  x9:1c003000
27030812ns          468894 1c00942a 1c0032b7 lui              x5, 0x1c003000       x5=1c003000
27030832ns          468895 1c00942e 1c0035b7 lui              x11, 0x1c003000     x11=1c003000
27030852ns          468896 1c009432 018483b3 add              x7, x9, x24          x7=1c002eb6  x9:1c002eb0 x24:00000006
27030872ns          468897 1c009436 02812e83 lw               x29, 40(x2)         x29=1c002ec6  x2:10001cd8  PA:10001d00
27030892ns          468898 1c009438 10065633 p.exthz          x12, x12, x0        x12=000000b4 x12:000000b4
27030912ns          468899 1c00943c e8028293 addi             x5, x5, -384         x5=1c002e80  x5:1c003000
27030952ns          468901 1c009440 ea058593 addi             x11, x11, -352      x11=1c002ea0 x11:1c003000
27030991ns          468903 1c009444 03812483 lw               x9, 56(x2)           x9=1c002ee6  x2:10001cd8  PA:10001d10
27031011ns          468904 1c009446 10064733 p.exths          x14, x12, x0        x14=000000b4 x12:000000b4
27031031ns          468905 1c00944a 018280b3 add              x1, x5, x24          x1=1c002e86  x5:1c002e80 x24:00000006
27031051ns          468906 1c00944e 03012f03 lw               x30, 48(x2)         x30=1c002ed6  x2:10001cd8  PA:10001d08
27031071ns          468907 1c009450 018582b3 add              x5, x11, x24         x5=1c002ea6 x11:1c002ea0 x24:00000006
27031091ns          468908 1c009454 04012583 lw               x11, 64(x2)         x11=1c002ef6  x2:10001cd8  PA:10001d18
27031111ns          468909 1c009456 000edd83 lhu              x27, 0(x29)         x27=00000dd0 x29:1c002ec6  PA:1c002ec6
27031429ns          468925 1c00945a 0004d483 lhu              x9, 0(x9)            x9=00000152  x9:1c002ee6  PA:1c002ee6
27031747ns          468941 1c00945e 02e70333 mul              x6, x14, x14         x6=00007e90 x14:000000b4 x14:000000b4
27031767ns          468942 1c009462 40a55513 srai             x10, x10, 0x40a     x10=00000015 x10:000054c0
27031787ns          468943 1c009464 04812e83 lw               x29, 72(x2)         x29=1c002f06  x2:10001cd8  PA:10001d20
27031807ns          468944 1c009466 40a6d693 srai             x13, x13, 0x40a     x13=ffffffe9 x13:ffffa4e8
27031827ns          468945 1c009468 000f5d03 lhu              x26, 0(x30)         x26=000003b8 x30:1c002ed6  PA:1c002ed6
27032125ns          468960 1c00946c 0005d583 lhu              x11, 0(x11)         x11=00000086 x11:1c002ef6  PA:1c002ef6
27032423ns          468975 1c009470 40a35313 srai             x6, x6, 0x40a        x6=0000001f  x6:00007e90
27032443ns          468976 1c009474 00a686b3 add              x13, x13, x10       x13=fffffffe x13:ffffffe9 x10:00000015
27032463ns          468977 1c009476 05012f03 lw               x30, 80(x2)         x30=1c002e76  x2:10001cd8  PA:10001d28
27032483ns          468978 1c009478 10034e33 p.exths          x28, x6, x0         x28=0000001f  x6:0000001f
27032503ns          468979 1c00947c 06911023 sh               x9, 96(x2)           x9:00000152  x2:10001cd8  PA:10001d38
27032523ns          468980 1c009480 000ede83 lhu              x29, 0(x29)         x29=00000039 x29:1c002f06  PA:1c002f06
27032821ns          468995 1c009484 05812483 lw               x9, 88(x2)           x9=1c002e66  x2:10001cd8  PA:10001d30
27032841ns          468996 1c009486 1006d6b3 p.exthz          x13, x13, x0        x13=0000fffe x13:fffffffe
27032861ns          468997 1c00948a 02ee08b3 mul              x17, x28, x14       x17=000015cc x28:0000001f x14:000000b4
27032881ns          468998 1c00948e 1006c833 p.exths          x16, x13, x0        x16=fffffffe x13:0000fffe
27032901ns          468999 1c009492 06b11823 sh               x11, 112(x2)        x11:00000086  x2:10001cd8  PA:10001d48
27032921ns          469000 1c009496 000f5f03 lhu              x30, 0(x30)         x30=0000ff47 x30:1c002e76  PA:1c002e76
27033219ns          469015 1c00949a 0a012583 lw               x11, 160(x2)        x11=1c002e96  x2:10001cd8  PA:10001d78
27033239ns          469016 1c00949c 1007d7b3 p.exthz          x15, x15, x0        x15=0000ffd2 x15:ffffffd2
27033259ns          469017 1c0094a0 0004da03 lhu              x20, 0(x9)          x20=0000fcce  x9:1c002e66  PA:1c002e66
27033577ns          469033 1c0094a4 1007c533 p.exths          x10, x15, x0        x10=ffffffd2 x15:0000ffd2
27033597ns          469034 1c0094a8 09d11023 sh               x29, 128(x2)        x29:00000039  x2:10001cd8  PA:10001d58
27033617ns          469035 1c0094ac 0003d483 lhu              x9, 0(x7)            x9=0000ffdc  x7:1c002eb6  PA:1c002eb6
27033995ns          469054 1c0094b0 02e80eb3 mul              x29, x16, x14       x29=fffffe98 x16:fffffffe x14:000000b4
27034014ns          469055 1c0094b4 40a8d893 srai             x17, x17, 0x40a     x17=00000005 x17:000015cc
27034034ns          469056 1c0094b8 03c80833 mul              x16, x16, x28       x16=ffffffc2 x16:fffffffe x28:0000001f
27034054ns          469057 1c0094bc 09e11823 sh               x30, 144(x2)        x30:0000ff47  x2:10001cd8  PA:10001d68
27034074ns          469058 1c0094c0 0005d983 lhu              x19, 0(x11)         x19=0000ffbc x11:1c002e96  PA:1c002e96
27034412ns          469075 1c0094c4 81c88f5b p.muls           x30, x17, x28       x30=0000009b x17:00000005 x28:0000001f
27034432ns          469076 1c0094c8 0002d583 lhu              x11, 0(x5)          x11=0000ff99  x5:1c002ea6  PA:1c002ea6
27034730ns          469091 1c0094cc 03ce0fb3 mul              x31, x28, x28       x31=000003c1 x28:0000001f x28:0000001f
27034750ns          469092 1c0094d0 02e50733 mul              x14, x10, x14       x14=ffffdfa8 x10:ffffffd2 x14:000000b4
27034770ns          469093 1c0094d4 40a85813 srai             x16, x16, 0x40a     x16=ffffffff x16:ffffffc2
27034790ns          469094 1c0094d8 03c50533 mul              x10, x10, x28       x10=fffffa6e x10:ffffffd2 x28:0000001f
27034810ns          469095 1c0094dc 07015e03 lhu              x28, 112(x2)        x28=00000086  x2:10001cd8  PA:10001d48
27034850ns          469097 1c0094e0 01b60633 add              x12, x12, x27       x12=00000e84 x12:000000b4 x27:00000dd0
27034870ns          469098 1c0094e2 00980833 add              x16, x16, x9        x16=0000ffdb x16:ffffffff  x9:0000ffdc
27034890ns          469099 1c0094e4 06015d83 lhu              x27, 96(x2)         x27=00000152  x2:10001cd8  PA:10001d38
27034909ns          469100 1c0094e8 02812483 lw               x9, 40(x2)           x9=1c002ec6  x2:10001cd8  PA:10001d00
27034929ns          469101 1c0094ea 40afdf93 srai             x31, x31, 0x40a     x31=00000000 x31:000003c1
27034949ns          469102 1c0094ee 40a55513 srai             x10, x10, 0x40a     x10=fffffffe x10:fffffa6e
27034969ns          469103 1c0094f0 01cf8fb3 add              x31, x31, x28       x31=00000086 x31:00000000 x28:00000086
27034989ns          469104 1c0094f2 00b50533 add              x10, x10, x11       x10=0000ff97 x10:fffffffe x11:0000ff99
27035009ns          469105 1c0094f4 09015e03 lhu              x28, 144(x2)        x28=0000ff47  x2:10001cd8  PA:10001d68
27035029ns          469106 1c0094f8 03012583 lw               x11, 48(x2)         x11=1c002ed6  x2:10001cd8  PA:10001d08
27035049ns          469107 1c0094fa 00c49023 sh               x12, 0(x9)          x12:00000e84  x9:1c002ec6  PA:1c002ec6
27035407ns          469125 1c0094fe 01b888b3 add              x17, x17, x27       x17=00000157 x17:00000005 x27:00000152
27035427ns          469126 1c009500 01a30333 add              x6, x6, x26          x6=000003d7  x6:0000001f x26:000003b8
27035446ns          469127 1c009502 08015d83 lhu              x27, 128(x2)        x27=00000039  x2:10001cd8  PA:10001d58
27035466ns          469128 1c009506 0000d903 lhu              x18, 0(x1)          x18=0000ff00  x1:1c002e86  PA:1c002e86
27035765ns          469143 1c00950a 01c686b3 add              x13, x13, x28       x13=0001ff45 x13:0000fffe x28:0000ff47
27035784ns          469144 1c00950c 00659023 sh               x6, 0(x11)           x6:000003d7 x11:1c002ed6  PA:1c002ed6
27036123ns          469161 1c009510 40af5f13 srai             x30, x30, 0x40a     x30=00000000 x30:0000009b
27036142ns          469162 1c009514 04812e03 lw               x28, 72(x2)         x28=1c002f06  x2:10001cd8  PA:10001d20
27036162ns          469163 1c009516 01bf0f33 add              x30, x30, x27       x30=00000039 x30:00000000 x27:00000039
27036182ns          469164 1c009518 40aede93 srai             x29, x29, 0x40a     x29=ffffffff x29:fffffe98
27036202ns          469165 1c00951c 40a75713 srai             x14, x14, 0x40a     x14=fffffff7 x14:ffffdfa8
27036222ns          469166 1c00951e 03812603 lw               x12, 56(x2)         x12=1c002ee6  x2:10001cd8  PA:10001d10
27036242ns          469167 1c009520 04012d83 lw               x27, 64(x2)         x27=1c002ef6  x2:10001cd8  PA:10001d18
27036262ns          469168 1c009522 01ee1023 sh               x30, 0(x28)         x30:00000039 x28:1c002f06  PA:1c002f06
27036580ns          469184 1c009526 05812483 lw               x9, 88(x2)           x9=1c002e66  x2:10001cd8  PA:10001d30
27036600ns          469185 1c009528 05012f03 lw               x30, 80(x2)         x30=1c002e76  x2:10001cd8  PA:10001d28
27036620ns          469186 1c00952a 0a012583 lw               x11, 160(x2)        x11=1c002e96  x2:10001cd8  PA:10001d78
27036640ns          469187 1c00952c 014787b3 add              x15, x15, x20       x15=0001fca0 x15:0000ffd2 x20:0000fcce
27036660ns          469188 1c00952e 013e8eb3 add              x29, x29, x19       x29=0000ffbb x29:ffffffff x19:0000ffbc
27036679ns          469189 1c009530 01270733 add              x14, x14, x18       x14=0000fef7 x14:fffffff7 x18:0000ff00
27036699ns          469190 1c009532 00f49023 sh               x15, 0(x9)          x15:0001fca0  x9:1c002e66  PA:1c002e66
27037037ns          469207 1c009536 01161023 sh               x17, 0(x12)         x17:00000157 x12:1c002ee6  PA:1c002ee6
27037356ns          469223 1c00953a 01fd9023 sh               x31, 0(x27)         x31:00000086 x27:1c002ef6  PA:1c002ef6
27037694ns          469240 1c00953e 00df1023 sh               x13, 0(x30)         x13:0001ff45 x30:1c002e76  PA:1c002e76
27038012ns          469256 1c009542 01d59023 sh               x29, 0(x11)         x29:0000ffbb x11:1c002e96  PA:1c002e96
27038330ns          469272 1c009546 00e09023 sh               x14, 0(x1)          x14:0000fef7  x1:1c002e86  PA:1c002e86
27038648ns          469288 1c00954a 01039023 sh               x16, 0(x7)          x16:0000ffdb  x7:1c002eb6  PA:1c002eb6
27038967ns          469304 1c00954e 00a29023 sh               x10, 0(x5)          x10:0000ff97  x5:1c002ea6  PA:1c002ea6
27039285ns          469320 1c009552 008b0b13 addi             x22, x22, 8         x22=000000db x22:000000d3
27039305ns          469321 1c009554 1f300793 addi             x15, x0, 499        x15=000001f3
27039325ns          469322 1c009558 e767dae3 bge              x15, x22, -396      x15:000001f3 x22:000000db
27039384ns          469325 1c0093cc 010c9a0b p.lh             x20, 16(x25!)       x20=0000004e x25=1c00284e x25:1c00283e  PA:1c00283e
27039722ns          469342 1c0093d0 0104198b p.lh             x19, 16(x8!)        x19=ffffff37  x8=1c002016  x8:1c002006  PA:1c002006
27040060ns          469359 1c0093d4 2cc10513 addi             x10, x2, 716        x10=10001fa4  x2:10001cd8
27040080ns          469360 1c0093d6 010a990b p.lh             x18, 16(x21!)       x18=0000004b x21=1c001842 x21:1c001832  PA:1c001832
27040379ns          469375 1c0093da 010b948b p.lh             x9, 16(x23!)         x9=ffffff2f x23=1c001072 x23:1c001062  PA:1c001062
27040756ns          469394 1c0093de 2d411623 sh               x20, 716(x2)        x20:0000004e  x2:10001cd8  PA:10001fa4
27040776ns          469395 1c0093e2 2d311723 sh               x19, 718(x2)        x19:ffffff37  x2:10001cd8  PA:10001fa6
27040796ns          469396 1c0093e6 c33ff0ef jal              x1, -974             x1=1c0093e8
27040836ns          469398 1c009018 00051803 lh               x16, 0(x10)         x16=0000004e x10:10001fa4  PA:10001fa4
27040856ns          469399 1c00901c 00251883 lh               x17, 2(x10)         x17=ffffff37 x10:10001fa4  PA:10001fa6
27040876ns          469400 1c009020 030806b3 mul              x13, x16, x16       x13=000017c4 x16:0000004e x16:0000004e
27040896ns          469401 1c009024 03188633 mul              x12, x17, x17       x12=00009dd1 x17:ffffff37 x17:ffffff37
27040916ns          469402 1c009028 40a65613 srai             x12, x12, 0x40a     x12=00000027 x12:00009dd1
27040935ns          469403 1c00902a 40a6d693 srai             x13, x13, 0x40a     x13=00000005 x13:000017c4
27040955ns          469404 1c00902c 00c686b3 add              x13, x13, x12       x13=0000002c x13:00000005 x12:00000027
27040975ns          469405 1c00902e 1006c633 p.exths          x12, x13, x0        x12=0000002c x13:0000002c
27040995ns          469406 1c009032 00855703 lhu              x14, 8(x10)         x14=0000ffd1 x10:10001fa4  PA:10001fac
27041015ns          469407 1c009036 00a55683 lhu              x13, 10(x10)        x13=0000ff6a x10:10001fa4  PA:10001fae
27041035ns          469408 1c00903a 02c60333 mul              x6, x12, x12         x6=00000790 x12:0000002c x12:0000002c
27041055ns          469409 1c00903e 00c55783 lhu              x15, 12(x10)        x15=0000ffe5 x10:10001fa4  PA:10001fb0
27041075ns          469410 1c009042 00e55583 lhu              x11, 14(x10)        x11=00000060 x10:10001fa4  PA:10001fb2
27041095ns          469411 1c009046 dea30333 p.extract        x6, x6, 15, 10       x6=00000001  x6:00000790
27041114ns          469412 1c00904a 80c7075b p.muls           x14, x14, x12       x14=fffff7ec x14:0000ffd1 x12:0000002c
27041134ns          469413 1c00904e 80c686db p.muls           x13, x13, x12       x13=ffffe638 x13:0000ff6a x12:0000002c
27041154ns          469414 1c009052 00455e83 lhu              x29, 4(x10)         x29=00000427 x10:10001fa4  PA:10001fa8
27041174ns          469415 1c009056 00655e03 lhu              x28, 6(x10)         x28=0000007f x10:10001fa4  PA:10001faa
27041194ns          469416 1c00905a 40a75713 srai             x14, x14, 0x40a     x14=fffffffd x14:fffff7ec
27041214ns          469417 1c00905c 806787db p.muls           x15, x15, x6        x15=ffffffe5 x15:0000ffe5  x6:00000001
27041234ns          469418 1c009060 40a6d693 srai             x13, x13, 0x40a     x13=fffffff9 x13:ffffe638
27041274ns          469420 1c009062 8065865b p.muls           x12, x11, x6        x12=00000060 x11:00000060  x6:00000001
27041293ns          469421 1c009066 40a7d793 srai             x15, x15, 0x40a     x15=ffffffff x15:ffffffe5
27041313ns          469422 1c009068 40a65613 srai             x12, x12, 0x40a     x12=00000000 x12:00000060
27041333ns          469423 1c00906a 01d70733 add              x14, x14, x29       x14=00000424 x14:fffffffd x29:00000427
27041353ns          469424 1c00906c 01c686b3 add              x13, x13, x28       x13=00000078 x13:fffffff9 x28:0000007f
27041373ns          469425 1c00906e 00c686b3 add              x13, x13, x12       x13=00000078 x13:00000078 x12:00000000
27041393ns          469426 1c009070 00f70733 add              x14, x14, x15       x14=00000423 x14:00000424 x15:ffffffff
27041413ns          469427 1c009072 100747b3 p.exths          x15, x14, x0        x15=00000423 x14:00000423
27041433ns          469428 1c009076 1006c733 p.exths          x14, x13, x0        x14=00000078 x13:00000078
27041453ns          469429 1c00907a 03170633 mul              x12, x14, x17       x12=ffffa1c8 x14:00000078 x17:ffffff37
27041472ns          469430 1c00907e 030786b3 mul              x13, x15, x16       x13=000142aa x15:00000423 x16:0000004e
27041492ns          469431 1c009082 03070733 mul              x14, x14, x16       x14=00002490 x14:00000078 x16:0000004e
27041512ns          469432 1c009086 031787b3 mul              x15, x15, x17       x15=fffcc085 x15:00000423 x17:ffffff37
27041532ns          469433 1c00908a 40a6d693 srai             x13, x13, 0x40a     x13=00000050 x13:000142aa
27041552ns          469434 1c00908c 40a65613 srai             x12, x12, 0x40a     x12=ffffffe8 x12:ffffa1c8
27041572ns          469435 1c00908e 40a7d793 srai             x15, x15, 0x40a     x15=ffffff30 x15:fffcc085
27041592ns          469436 1c009090 40a75713 srai             x14, x14, 0x40a     x14=00000009 x14:00002490
27041612ns          469437 1c009092 40c686b3 sub              x13, x13, x12       x13=00000068 x13:00000050 x12:ffffffe8
27041632ns          469438 1c009094 00e787b3 add              x15, x15, x14       x15=ffffff39 x15:ffffff30 x14:00000009
27041651ns          469439 1c009096 00d51823 sh               x13, 16(x10)        x13:00000068 x10:10001fa4  PA:10001fb4
27041671ns          469440 1c00909a 00f51923 sh               x15, 18(x10)        x15:ffffff39 x10:10001fa4  PA:10001fb6
27041691ns          469441 1c00909e 00008067 jalr             x0, x1, 0            x1:1c0093e8
27041811ns          469447 1c0093e8 2dc15583 lhu              x11, 732(x2)        x11=00000068  x2:10001cd8  PA:10001fb4
27041850ns          469449 1c0093ec 2de15783 lhu              x15, 734(x2)        x15=0000ff39  x2:10001cd8  PA:10001fb6
27041890ns          469451 1c0093f0 40b90933 sub              x18, x18, x11       x18=ffffffe3 x18:0000004b x11:00000068
27041910ns          469452 1c0093f4 40f484b3 sub              x9, x9, x15          x9=fffefff6  x9:ffffff2f x15:0000ff39
27041930ns          469453 1c0093f6 100945b3 p.exths          x11, x18, x0        x11=ffffffe3 x18:ffffffe3
27041950ns          469454 1c0093fa 1004c7b3 p.exths          x15, x9, x0         x15=fffffff6  x9:fffefff6
27041970ns          469455 1c0093fe 034586b3 mul              x13, x11, x20       x13=fffff72a x11:ffffffe3 x20:0000004e
27041990ns          469456 1c009402 03378533 mul              x10, x15, x19       x10=000007da x15:fffffff6 x19:ffffff37
27042009ns          469457 1c009406 034a0633 mul              x12, x20, x20       x12=000017c4 x20:0000004e x20:0000004e
27042029ns          469458 1c00940a 03398733 mul              x14, x19, x19       x14=00009dd1 x19:ffffff37 x19:ffffff37
27042069ns          469460 1c00940e 034787b3 mul              x15, x15, x20       x15=fffffcf4 x15:fffffff6 x20:0000004e
27042109ns          469462 1c009412 033585b3 mul              x11, x11, x19       x11=000016c5 x11:ffffffe3 x19:ffffff37
27042129ns          469463 1c009416 40a75713 srai             x14, x14, 0x40a     x14=00000027 x14:00009dd1
27042149ns          469464 1c009418 40a5d593 srai             x11, x11, 0x40a     x11=00000005 x11:000016c5
27042169ns          469465 1c00941a 40a65613 srai             x12, x12, 0x40a     x12=00000005 x12:000017c4
27042188ns          469466 1c00941c 40a7d793 srai             x15, x15, 0x40a     x15=ffffffff x15:fffffcf4
27042208ns          469467 1c00941e 1c0034b7 lui              x9, 0x1c003000       x9=1c003000
27042228ns          469468 1c009422 00e60633 add              x12, x12, x14       x12=0000002c x12:00000005 x14:00000027
27042248ns          469469 1c009424 40b787b3 sub              x15, x15, x11       x15=fffffffa x15:ffffffff x11:00000005
27042268ns          469470 1c009426 eb048493 addi             x9, x9, -336         x9=1c002eb0  x9:1c003000
27042288ns          469471 1c00942a 1c0032b7 lui              x5, 0x1c003000       x5=1c003000
27042308ns          469472 1c00942e 1c0035b7 lui              x11, 0x1c003000     x11=1c003000
27042328ns          469473 1c009432 018483b3 add              x7, x9, x24          x7=1c002eb6  x9:1c002eb0 x24:00000006
27042348ns          469474 1c009436 02812e83 lw               x29, 40(x2)         x29=1c002ec6  x2:10001cd8  PA:10001d00
27042367ns          469475 1c009438 10065633 p.exthz          x12, x12, x0        x12=0000002c x12:0000002c
27042387ns          469476 1c00943c e8028293 addi             x5, x5, -384         x5=1c002e80  x5:1c003000
27042407ns          469477 1c009440 ea058593 addi             x11, x11, -352      x11=1c002ea0 x11:1c003000
27042447ns          469479 1c009444 03812483 lw               x9, 56(x2)           x9=1c002ee6  x2:10001cd8  PA:10001d10
27042467ns          469480 1c009446 10064733 p.exths          x14, x12, x0        x14=0000002c x12:0000002c
27042487ns          469481 1c00944a 018280b3 add              x1, x5, x24          x1=1c002e86  x5:1c002e80 x24:00000006
27042507ns          469482 1c00944e 03012f03 lw               x30, 48(x2)         x30=1c002ed6  x2:10001cd8  PA:10001d08
27042527ns          469483 1c009450 018582b3 add              x5, x11, x24         x5=1c002ea6 x11:1c002ea0 x24:00000006
27042546ns          469484 1c009454 04012583 lw               x11, 64(x2)         x11=1c002ef6  x2:10001cd8  PA:10001d18
27042566ns          469485 1c009456 000edd83 lhu              x27, 0(x29)         x27=00000e84 x29:1c002ec6  PA:1c002ec6
27042904ns          469502 1c00945a 0004d483 lhu              x9, 0(x9)            x9=00000157  x9:1c002ee6  PA:1c002ee6
27043203ns          469517 1c00945e 02e70333 mul              x6, x14, x14         x6=00000790 x14:0000002c x14:0000002c
27043223ns          469518 1c009462 40a55513 srai             x10, x10, 0x40a     x10=00000001 x10:000007da
27043242ns          469519 1c009464 04812e83 lw               x29, 72(x2)         x29=1c002f06  x2:10001cd8  PA:10001d20
27043262ns          469520 1c009466 40a6d693 srai             x13, x13, 0x40a     x13=fffffffd x13:fffff72a
27043282ns          469521 1c009468 000f5d03 lhu              x26, 0(x30)         x26=000003d7 x30:1c002ed6  PA:1c002ed6
27043600ns          469537 1c00946c 0005d583 lhu              x11, 0(x11)         x11=00000086 x11:1c002ef6  PA:1c002ef6
27043899ns          469552 1c009470 40a35313 srai             x6, x6, 0x40a        x6=00000001  x6:00000790
27043919ns          469553 1c009474 00a686b3 add              x13, x13, x10       x13=fffffffe x13:fffffffd x10:00000001
27043939ns          469554 1c009476 05012f03 lw               x30, 80(x2)         x30=1c002e76  x2:10001cd8  PA:10001d28
27043958ns          469555 1c009478 10034e33 p.exths          x28, x6, x0         x28=00000001  x6:00000001
27043978ns          469556 1c00947c 06911023 sh               x9, 96(x2)           x9:00000157  x2:10001cd8  PA:10001d38
27043998ns          469557 1c009480 000ede83 lhu              x29, 0(x29)         x29=00000039 x29:1c002f06  PA:1c002f06
27044297ns          469572 1c009484 05812483 lw               x9, 88(x2)           x9=1c002e66  x2:10001cd8  PA:10001d30
27044316ns          469573 1c009486 1006d6b3 p.exthz          x13, x13, x0        x13=0000fffe x13:fffffffe
27044336ns          469574 1c00948a 02ee08b3 mul              x17, x28, x14       x17=0000002c x28:00000001 x14:0000002c
27044356ns          469575 1c00948e 1006c833 p.exths          x16, x13, x0        x16=fffffffe x13:0000fffe
27044376ns          469576 1c009492 06b11823 sh               x11, 112(x2)        x11:00000086  x2:10001cd8  PA:10001d48
27044396ns          469577 1c009496 000f5f03 lhu              x30, 0(x30)         x30=0000ff45 x30:1c002e76  PA:1c002e76
27044694ns          469592 1c00949a 0a012583 lw               x11, 160(x2)        x11=1c002e96  x2:10001cd8  PA:10001d78
27044714ns          469593 1c00949c 1007d7b3 p.exthz          x15, x15, x0        x15=0000fffa x15:fffffffa
27044734ns          469594 1c0094a0 0004da03 lhu              x20, 0(x9)          x20=0000fca0  x9:1c002e66  PA:1c002e66
27045032ns          469609 1c0094a4 1007c533 p.exths          x10, x15, x0        x10=fffffffa x15:0000fffa
27045052ns          469610 1c0094a8 09d11023 sh               x29, 128(x2)        x29:00000039  x2:10001cd8  PA:10001d58
27045072ns          469611 1c0094ac 0003d483 lhu              x9, 0(x7)            x9=0000ffdb  x7:1c002eb6  PA:1c002eb6
27045410ns          469628 1c0094b0 02e80eb3 mul              x29, x16, x14       x29=ffffffa8 x16:fffffffe x14:0000002c
27045430ns          469629 1c0094b4 40a8d893 srai             x17, x17, 0x40a     x17=00000000 x17:0000002c
27045450ns          469630 1c0094b8 03c80833 mul              x16, x16, x28       x16=fffffffe x16:fffffffe x28:00000001
27045470ns          469631 1c0094bc 09e11823 sh               x30, 144(x2)        x30:0000ff45  x2:10001cd8  PA:10001d68
27045490ns          469632 1c0094c0 0005d983 lhu              x19, 0(x11)         x19=0000ffbb x11:1c002e96  PA:1c002e96
27045788ns          469647 1c0094c4 81c88f5b p.muls           x30, x17, x28       x30=00000000 x17:00000000 x28:00000001
27045808ns          469648 1c0094c8 0002d583 lhu              x11, 0(x5)          x11=0000ff97  x5:1c002ea6  PA:1c002ea6
27046106ns          469663 1c0094cc 03ce0fb3 mul              x31, x28, x28       x31=00000001 x28:00000001 x28:00000001
27046126ns          469664 1c0094d0 02e50733 mul              x14, x10, x14       x14=fffffef8 x10:fffffffa x14:0000002c
27046146ns          469665 1c0094d4 40a85813 srai             x16, x16, 0x40a     x16=ffffffff x16:fffffffe
27046166ns          469666 1c0094d8 03c50533 mul              x10, x10, x28       x10=fffffffa x10:fffffffa x28:00000001
27046186ns          469667 1c0094dc 07015e03 lhu              x28, 112(x2)        x28=00000086  x2:10001cd8  PA:10001d48
27046206ns          469668 1c0094e0 01b60633 add              x12, x12, x27       x12=00000eb0 x12:0000002c x27:00000e84
27046226ns          469669 1c0094e2 00980833 add              x16, x16, x9        x16=0000ffda x16:ffffffff  x9:0000ffdb
27046246ns          469670 1c0094e4 06015d83 lhu              x27, 96(x2)         x27=00000157  x2:10001cd8  PA:10001d38
27046265ns          469671 1c0094e8 02812483 lw               x9, 40(x2)           x9=1c002ec6  x2:10001cd8  PA:10001d00
27046285ns          469672 1c0094ea 40afdf93 srai             x31, x31, 0x40a     x31=00000000 x31:00000001
27046305ns          469673 1c0094ee 40a55513 srai             x10, x10, 0x40a     x10=ffffffff x10:fffffffa
27046325ns          469674 1c0094f0 01cf8fb3 add              x31, x31, x28       x31=00000086 x31:00000000 x28:00000086
27046345ns          469675 1c0094f2 00b50533 add              x10, x10, x11       x10=0000ff96 x10:ffffffff x11:0000ff97
27046365ns          469676 1c0094f4 09015e03 lhu              x28, 144(x2)        x28=0000ff45  x2:10001cd8  PA:10001d68
27046385ns          469677 1c0094f8 03012583 lw               x11, 48(x2)         x11=1c002ed6  x2:10001cd8  PA:10001d08
27046405ns          469678 1c0094fa 00c49023 sh               x12, 0(x9)          x12:00000eb0  x9:1c002ec6  PA:1c002ec6
27046723ns          469694 1c0094fe 01b888b3 add              x17, x17, x27       x17=00000157 x17:00000000 x27:00000157
27046743ns          469695 1c009500 01a30333 add              x6, x6, x26          x6=000003d8  x6:00000001 x26:000003d7
27046763ns          469696 1c009502 08015d83 lhu              x27, 128(x2)        x27=00000039  x2:10001cd8  PA:10001d58
27046783ns          469697 1c009506 0000d903 lhu              x18, 0(x1)          x18=0000fef7  x1:1c002e86  PA:1c002e86
27047081ns          469712 1c00950a 01c686b3 add              x13, x13, x28       x13=0001ff43 x13:0000fffe x28:0000ff45
27047101ns          469713 1c00950c 00659023 sh               x6, 0(x11)           x6:000003d8 x11:1c002ed6  PA:1c002ed6
27047419ns          469729 1c009510 40af5f13 srai             x30, x30, 0x40a     x30=00000000 x30:00000000
27047439ns          469730 1c009514 04812e03 lw               x28, 72(x2)         x28=1c002f06  x2:10001cd8  PA:10001d20
27047459ns          469731 1c009516 01bf0f33 add              x30, x30, x27       x30=00000039 x30:00000000 x27:00000039
27047479ns          469732 1c009518 40aede93 srai             x29, x29, 0x40a     x29=ffffffff x29:ffffffa8
27047499ns          469733 1c00951c 40a75713 srai             x14, x14, 0x40a     x14=ffffffff x14:fffffef8
27047518ns          469734 1c00951e 03812603 lw               x12, 56(x2)         x12=1c002ee6  x2:10001cd8  PA:10001d10
27047538ns          469735 1c009520 04012d83 lw               x27, 64(x2)         x27=1c002ef6  x2:10001cd8  PA:10001d18
27047558ns          469736 1c009522 01ee1023 sh               x30, 0(x28)         x30:00000039 x28:1c002f06  PA:1c002f06
27047876ns          469752 1c009526 05812483 lw               x9, 88(x2)           x9=1c002e66  x2:10001cd8  PA:10001d30
27047896ns          469753 1c009528 05012f03 lw               x30, 80(x2)         x30=1c002e76  x2:10001cd8  PA:10001d28
27047916ns          469754 1c00952a 0a012583 lw               x11, 160(x2)        x11=1c002e96  x2:10001cd8  PA:10001d78
27047936ns          469755 1c00952c 014787b3 add              x15, x15, x20       x15=0001fc9a x15:0000fffa x20:0000fca0
27047956ns          469756 1c00952e 013e8eb3 add              x29, x29, x19       x29=0000ffba x29:ffffffff x19:0000ffbb
27047976ns          469757 1c009530 01270733 add              x14, x14, x18       x14=0000fef6 x14:ffffffff x18:0000fef7
27047996ns          469758 1c009532 00f49023 sh               x15, 0(x9)          x15:0001fc9a  x9:1c002e66  PA:1c002e66
27048314ns          469774 1c009536 01161023 sh               x17, 0(x12)         x17:00000157 x12:1c002ee6  PA:1c002ee6
27048632ns          469790 1c00953a 01fd9023 sh               x31, 0(x27)         x31:00000086 x27:1c002ef6  PA:1c002ef6
27048950ns          469806 1c00953e 00df1023 sh               x13, 0(x30)         x13:0001ff43 x30:1c002e76  PA:1c002e76
27049288ns          469823 1c009542 01d59023 sh               x29, 0(x11)         x29:0000ffba x11:1c002e96  PA:1c002e96
27049607ns          469839 1c009546 00e09023 sh               x14, 0(x1)          x14:0000fef6  x1:1c002e86  PA:1c002e86
27049925ns          469855 1c00954a 01039023 sh               x16, 0(x7)          x16:0000ffda  x7:1c002eb6  PA:1c002eb6
27050243ns          469871 1c00954e 00a29023 sh               x10, 0(x5)          x10:0000ff96  x5:1c002ea6  PA:1c002ea6
27050561ns          469887 1c009552 008b0b13 addi             x22, x22, 8         x22=000000e3 x22:000000db
27050581ns          469888 1c009554 1f300793 addi             x15, x0, 499        x15=000001f3
27050601ns          469889 1c009558 e767dae3 bge              x15, x22, -396      x15:000001f3 x22:000000e3
27050700ns          469894 1c0093cc 010c9a0b p.lh             x20, 16(x25!)       x20=00000107 x25=1c00285e x25:1c00284e  PA:1c00284e
27051058ns          469912 1c0093d0 0104198b p.lh             x19, 16(x8!)        x19=ffffffb4  x8=1c002026  x8:1c002016  PA:1c002016
27051357ns          469927 1c0093d4 2cc10513 addi             x10, x2, 716        x10=10001fa4  x2:10001cd8
27051377ns          469928 1c0093d6 010a990b p.lh             x18, 16(x21!)       x18=00000106 x21=1c001852 x21:1c001842  PA:1c001842
27051675ns          469943 1c0093da 010b948b p.lh             x9, 16(x23!)         x9=ffffff99 x23=1c001082 x23:1c001072  PA:1c001072
27051973ns          469958 1c0093de 2d411623 sh               x20, 716(x2)        x20:00000107  x2:10001cd8  PA:10001fa4
27051993ns          469959 1c0093e2 2d311723 sh               x19, 718(x2)        x19:ffffffb4  x2:10001cd8  PA:10001fa6
27052013ns          469960 1c0093e6 c33ff0ef jal              x1, -974             x1=1c0093e8
27052053ns          469962 1c009018 00051803 lh               x16, 0(x10)         x16=00000107 x10:10001fa4  PA:10001fa4
27052073ns          469963 1c00901c 00251883 lh               x17, 2(x10)         x17=ffffffb4 x10:10001fa4  PA:10001fa6
27052132ns          469966 1c009020 030806b3 mul              x13, x16, x16       x13=00010e31 x16:00000107 x16:00000107
27052172ns          469968 1c009024 03188633 mul              x12, x17, x17       x12=00001690 x17:ffffffb4 x17:ffffffb4
27052192ns          469969 1c009028 40a65613 srai             x12, x12, 0x40a     x12=00000005 x12:00001690
27052212ns          469970 1c00902a 40a6d693 srai             x13, x13, 0x40a     x13=00000043 x13:00010e31
27052232ns          469971 1c00902c 00c686b3 add              x13, x13, x12       x13=00000048 x13:00000043 x12:00000005
27052252ns          469972 1c00902e 1006c633 p.exths          x12, x13, x0        x12=00000048 x13:00000048
27052272ns          469973 1c009032 00855703 lhu              x14, 8(x10)         x14=0000ffd1 x10:10001fa4  PA:10001fac
27052292ns          469974 1c009036 00a55683 lhu              x13, 10(x10)        x13=0000ff6a x10:10001fa4  PA:10001fae
27052311ns          469975 1c00903a 02c60333 mul              x6, x12, x12         x6=00001440 x12:00000048 x12:00000048
27052331ns          469976 1c00903e 00c55783 lhu              x15, 12(x10)        x15=0000ffe5 x10:10001fa4  PA:10001fb0
27052351ns          469977 1c009042 00e55583 lhu              x11, 14(x10)        x11=00000060 x10:10001fa4  PA:10001fb2
27052371ns          469978 1c009046 dea30333 p.extract        x6, x6, 15, 10       x6=00000005  x6:00001440
27052391ns          469979 1c00904a 80c7075b p.muls           x14, x14, x12       x14=fffff2c8 x14:0000ffd1 x12:00000048
27052411ns          469980 1c00904e 80c686db p.muls           x13, x13, x12       x13=ffffd5d0 x13:0000ff6a x12:00000048
27052431ns          469981 1c009052 00455e83 lhu              x29, 4(x10)         x29=00000427 x10:10001fa4  PA:10001fa8
27052451ns          469982 1c009056 00655e03 lhu              x28, 6(x10)         x28=0000007f x10:10001fa4  PA:10001faa
27052471ns          469983 1c00905a 40a75713 srai             x14, x14, 0x40a     x14=fffffffc x14:fffff2c8
27052490ns          469984 1c00905c 806787db p.muls           x15, x15, x6        x15=ffffff79 x15:0000ffe5  x6:00000005
27052510ns          469985 1c009060 40a6d693 srai             x13, x13, 0x40a     x13=fffffff5 x13:ffffd5d0
27052550ns          469987 1c009062 8065865b p.muls           x12, x11, x6        x12=000001e0 x11:00000060  x6:00000005
27052570ns          469988 1c009066 40a7d793 srai             x15, x15, 0x40a     x15=ffffffff x15:ffffff79
27052590ns          469989 1c009068 40a65613 srai             x12, x12, 0x40a     x12=00000000 x12:000001e0
27052610ns          469990 1c00906a 01d70733 add              x14, x14, x29       x14=00000423 x14:fffffffc x29:00000427
27052630ns          469991 1c00906c 01c686b3 add              x13, x13, x28       x13=00000074 x13:fffffff5 x28:0000007f
27052650ns          469992 1c00906e 00c686b3 add              x13, x13, x12       x13=00000074 x13:00000074 x12:00000000
27052669ns          469993 1c009070 00f70733 add              x14, x14, x15       x14=00000422 x14:00000423 x15:ffffffff
27052689ns          469994 1c009072 100747b3 p.exths          x15, x14, x0        x15=00000422 x14:00000422
27052709ns          469995 1c009076 1006c733 p.exths          x14, x13, x0        x14=00000074 x13:00000074
27052729ns          469996 1c00907a 03170633 mul              x12, x14, x17       x12=ffffdd90 x14:00000074 x17:ffffffb4
27052749ns          469997 1c00907e 030786b3 mul              x13, x15, x16       x13=00043eee x15:00000422 x16:00000107
27052769ns          469998 1c009082 03070733 mul              x14, x14, x16       x14=0000772c x14:00000074 x16:00000107
27052789ns          469999 1c009086 031787b3 mul              x15, x15, x17       x15=fffec5e8 x15:00000422 x17:ffffffb4
27052809ns          470000 1c00908a 40a6d693 srai             x13, x13, 0x40a     x13=0000010f x13:00043eee
27052829ns          470001 1c00908c 40a65613 srai             x12, x12, 0x40a     x12=fffffff7 x12:ffffdd90
27052848ns          470002 1c00908e 40a7d793 srai             x15, x15, 0x40a     x15=ffffffb1 x15:fffec5e8
27052868ns          470003 1c009090 40a75713 srai             x14, x14, 0x40a     x14=0000001d x14:0000772c
27052888ns          470004 1c009092 40c686b3 sub              x13, x13, x12       x13=00000118 x13:0000010f x12:fffffff7
27052908ns          470005 1c009094 00e787b3 add              x15, x15, x14       x15=ffffffce x15:ffffffb1 x14:0000001d
27052928ns          470006 1c009096 00d51823 sh               x13, 16(x10)        x13:00000118 x10:10001fa4  PA:10001fb4
27052948ns          470007 1c00909a 00f51923 sh               x15, 18(x10)        x15:ffffffce x10:10001fa4  PA:10001fb6
27052968ns          470008 1c00909e 00008067 jalr             x0, x1, 0            x1:1c0093e8
27053087ns          470014 1c0093e8 2dc15583 lhu              x11, 732(x2)        x11=00000118  x2:10001cd8  PA:10001fb4
27053127ns          470016 1c0093ec 2de15783 lhu              x15, 734(x2)        x15=0000ffce  x2:10001cd8  PA:10001fb6
27053147ns          470017 1c0093f0 40b90933 sub              x18, x18, x11       x18=ffffffee x18:00000106 x11:00000118
27053167ns          470018 1c0093f4 40f484b3 sub              x9, x9, x15          x9=fffeffcb  x9:ffffff99 x15:0000ffce
27053186ns          470019 1c0093f6 100945b3 p.exths          x11, x18, x0        x11=ffffffee x18:ffffffee
27053206ns          470020 1c0093fa 1004c7b3 p.exths          x15, x9, x0         x15=ffffffcb  x9:fffeffcb
27053226ns          470021 1c0093fe 034586b3 mul              x13, x11, x20       x13=ffffed82 x11:ffffffee x20:00000107
27053246ns          470022 1c009402 03378533 mul              x10, x15, x19       x10=00000fbc x15:ffffffcb x19:ffffffb4
27053266ns          470023 1c009406 034a0633 mul              x12, x20, x20       x12=00010e31 x20:00000107 x20:00000107
27053286ns          470024 1c00940a 03398733 mul              x14, x19, x19       x14=00001690 x19:ffffffb4 x19:ffffffb4
27053346ns          470027 1c00940e 034787b3 mul              x15, x15, x20       x15=ffffc98d x15:ffffffcb x20:00000107
27053385ns          470029 1c009412 033585b3 mul              x11, x11, x19       x11=00000558 x11:ffffffee x19:ffffffb4
27053405ns          470030 1c009416 40a75713 srai             x14, x14, 0x40a     x14=00000005 x14:00001690
27053425ns          470031 1c009418 40a5d593 srai             x11, x11, 0x40a     x11=00000001 x11:00000558
27053445ns          470032 1c00941a 40a65613 srai             x12, x12, 0x40a     x12=00000043 x12:00010e31
27053465ns          470033 1c00941c 40a7d793 srai             x15, x15, 0x40a     x15=fffffff2 x15:ffffc98d
27053485ns          470034 1c00941e 1c0034b7 lui              x9, 0x1c003000       x9=1c003000
27053505ns          470035 1c009422 00e60633 add              x12, x12, x14       x12=00000048 x12:00000043 x14:00000005
27053525ns          470036 1c009424 40b787b3 sub              x15, x15, x11       x15=fffffff1 x15:fffffff2 x11:00000001
27053544ns          470037 1c009426 eb048493 addi             x9, x9, -336         x9=1c002eb0  x9:1c003000
27053564ns          470038 1c00942a 1c0032b7 lui              x5, 0x1c003000       x5=1c003000
27053584ns          470039 1c00942e 1c0035b7 lui              x11, 0x1c003000     x11=1c003000
27053604ns          470040 1c009432 018483b3 add              x7, x9, x24          x7=1c002eb6  x9:1c002eb0 x24:00000006
27053624ns          470041 1c009436 02812e83 lw               x29, 40(x2)         x29=1c002ec6  x2:10001cd8  PA:10001d00
27053644ns          470042 1c009438 10065633 p.exthz          x12, x12, x0        x12=00000048 x12:00000048
27053664ns          470043 1c00943c e8028293 addi             x5, x5, -384         x5=1c002e80  x5:1c003000
27053684ns          470044 1c009440 ea058593 addi             x11, x11, -352      x11=1c002ea0 x11:1c003000
27053723ns          470046 1c009444 03812483 lw               x9, 56(x2)           x9=1c002ee6  x2:10001cd8  PA:10001d10
27053743ns          470047 1c009446 10064733 p.exths          x14, x12, x0        x14=00000048 x12:00000048
27053763ns          470048 1c00944a 018280b3 add              x1, x5, x24          x1=1c002e86  x5:1c002e80 x24:00000006
27053783ns          470049 1c00944e 03012f03 lw               x30, 48(x2)         x30=1c002ed6  x2:10001cd8  PA:10001d08
27053823ns          470051 1c009450 018582b3 add              x5, x11, x24         x5=1c002ea6 x11:1c002ea0 x24:00000006
27053863ns          470053 1c009454 04012583 lw               x11, 64(x2)         x11=1c002ef6  x2:10001cd8  PA:10001d18
27053883ns          470054 1c009456 000edd83 lhu              x27, 0(x29)         x27=00000eb0 x29:1c002ec6  PA:1c002ec6
27054181ns          470069 1c00945a 0004d483 lhu              x9, 0(x9)            x9=00000157  x9:1c002ee6  PA:1c002ee6
27054479ns          470084 1c00945e 02e70333 mul              x6, x14, x14         x6=00001440 x14:00000048 x14:00000048
27054499ns          470085 1c009462 40a55513 srai             x10, x10, 0x40a     x10=00000003 x10:00000fbc
27054519ns          470086 1c009464 04812e83 lw               x29, 72(x2)         x29=1c002f06  x2:10001cd8  PA:10001d20
27054539ns          470087 1c009466 40a6d693 srai             x13, x13, 0x40a     x13=fffffffb x13:ffffed82
27054559ns          470088 1c009468 000f5d03 lhu              x26, 0(x30)         x26=000003d8 x30:1c002ed6  PA:1c002ed6
27054857ns          470103 1c00946c 0005d583 lhu              x11, 0(x11)         x11=00000086 x11:1c002ef6  PA:1c002ef6
27055195ns          470120 1c009470 40a35313 srai             x6, x6, 0x40a        x6=00000005  x6:00001440
27055215ns          470121 1c009474 00a686b3 add              x13, x13, x10       x13=fffffffe x13:fffffffb x10:00000003
27055235ns          470122 1c009476 05012f03 lw               x30, 80(x2)         x30=1c002e76  x2:10001cd8  PA:10001d28
27055255ns          470123 1c009478 10034e33 p.exths          x28, x6, x0         x28=00000005  x6:00000005
27055275ns          470124 1c00947c 06911023 sh               x9, 96(x2)           x9:00000157  x2:10001cd8  PA:10001d38
27055295ns          470125 1c009480 000ede83 lhu              x29, 0(x29)         x29=00000039 x29:1c002f06  PA:1c002f06
27055593ns          470140 1c009484 05812483 lw               x9, 88(x2)           x9=1c002e66  x2:10001cd8  PA:10001d30
27055613ns          470141 1c009486 1006d6b3 p.exthz          x13, x13, x0        x13=0000fffe x13:fffffffe
27055633ns          470142 1c00948a 02ee08b3 mul              x17, x28, x14       x17=00000168 x28:00000005 x14:00000048
27055653ns          470143 1c00948e 1006c833 p.exths          x16, x13, x0        x16=fffffffe x13:0000fffe
27055672ns          470144 1c009492 06b11823 sh               x11, 112(x2)        x11:00000086  x2:10001cd8  PA:10001d48
27055692ns          470145 1c009496 000f5f03 lhu              x30, 0(x30)         x30=0000ff43 x30:1c002e76  PA:1c002e76
27055991ns          470160 1c00949a 0a012583 lw               x11, 160(x2)        x11=1c002e96  x2:10001cd8  PA:10001d78
27056011ns          470161 1c00949c 1007d7b3 p.exthz          x15, x15, x0        x15=0000fff1 x15:fffffff1
27056030ns          470162 1c0094a0 0004da03 lhu              x20, 0(x9)          x20=0000fc9a  x9:1c002e66  PA:1c002e66
27056329ns          470177 1c0094a4 1007c533 p.exths          x10, x15, x0        x10=fffffff1 x15:0000fff1
27056349ns          470178 1c0094a8 09d11023 sh               x29, 128(x2)        x29:00000039  x2:10001cd8  PA:10001d58
27056369ns          470179 1c0094ac 0003d483 lhu              x9, 0(x7)            x9=0000ffda  x7:1c002eb6  PA:1c002eb6
27056667ns          470194 1c0094b0 02e80eb3 mul              x29, x16, x14       x29=ffffff70 x16:fffffffe x14:00000048
27056687ns          470195 1c0094b4 40a8d893 srai             x17, x17, 0x40a     x17=00000000 x17:00000168
27056707ns          470196 1c0094b8 03c80833 mul              x16, x16, x28       x16=fffffff6 x16:fffffffe x28:00000005
27056727ns          470197 1c0094bc 09e11823 sh               x30, 144(x2)        x30:0000ff43  x2:10001cd8  PA:10001d68
27056746ns          470198 1c0094c0 0005d983 lhu              x19, 0(x11)         x19=0000ffba x11:1c002e96  PA:1c002e96
27057085ns          470215 1c0094c4 81c88f5b p.muls           x30, x17, x28       x30=00000000 x17:00000000 x28:00000005
27057104ns          470216 1c0094c8 0002d583 lhu              x11, 0(x5)          x11=0000ff96  x5:1c002ea6  PA:1c002ea6
27057423ns          470232 1c0094cc 03ce0fb3 mul              x31, x28, x28       x31=00000019 x28:00000005 x28:00000005
27057443ns          470233 1c0094d0 02e50733 mul              x14, x10, x14       x14=fffffbc8 x10:fffffff1 x14:00000048
27057462ns          470234 1c0094d4 40a85813 srai             x16, x16, 0x40a     x16=ffffffff x16:fffffff6
27057482ns          470235 1c0094d8 03c50533 mul              x10, x10, x28       x10=ffffffb5 x10:fffffff1 x28:00000005
27057502ns          470236 1c0094dc 07015e03 lhu              x28, 112(x2)        x28=00000086  x2:10001cd8  PA:10001d48
27057522ns          470237 1c0094e0 01b60633 add              x12, x12, x27       x12=00000ef8 x12:00000048 x27:00000eb0
27057542ns          470238 1c0094e2 00980833 add              x16, x16, x9        x16=0000ffd9 x16:ffffffff  x9:0000ffda
27057562ns          470239 1c0094e4 06015d83 lhu              x27, 96(x2)         x27=00000157  x2:10001cd8  PA:10001d38
27057582ns          470240 1c0094e8 02812483 lw               x9, 40(x2)           x9=1c002ec6  x2:10001cd8  PA:10001d00
27057602ns          470241 1c0094ea 40afdf93 srai             x31, x31, 0x40a     x31=00000000 x31:00000019
27057622ns          470242 1c0094ee 40a55513 srai             x10, x10, 0x40a     x10=ffffffff x10:ffffffb5
27057641ns          470243 1c0094f0 01cf8fb3 add              x31, x31, x28       x31=00000086 x31:00000000 x28:00000086
27057661ns          470244 1c0094f2 00b50533 add              x10, x10, x11       x10=0000ff95 x10:ffffffff x11:0000ff96
27057681ns          470245 1c0094f4 09015e03 lhu              x28, 144(x2)        x28=0000ff43  x2:10001cd8  PA:10001d68
27057701ns          470246 1c0094f8 03012583 lw               x11, 48(x2)         x11=1c002ed6  x2:10001cd8  PA:10001d08
27057721ns          470247 1c0094fa 00c49023 sh               x12, 0(x9)          x12:00000ef8  x9:1c002ec6  PA:1c002ec6
27058039ns          470263 1c0094fe 01b888b3 add              x17, x17, x27       x17=00000157 x17:00000000 x27:00000157
27058059ns          470264 1c009500 01a30333 add              x6, x6, x26          x6=000003dd  x6:00000005 x26:000003d8
27058079ns          470265 1c009502 08015d83 lhu              x27, 128(x2)        x27=00000039  x2:10001cd8  PA:10001d58
27058099ns          470266 1c009506 0000d903 lhu              x18, 0(x1)          x18=0000fef6  x1:1c002e86  PA:1c002e86
27058417ns          470282 1c00950a 01c686b3 add              x13, x13, x28       x13=0001ff41 x13:0000fffe x28:0000ff43
27058437ns          470283 1c00950c 00659023 sh               x6, 0(x11)           x6:000003dd x11:1c002ed6  PA:1c002ed6
27058795ns          470301 1c009510 40af5f13 srai             x30, x30, 0x40a     x30=00000000 x30:00000000
27058815ns          470302 1c009514 04812e03 lw               x28, 72(x2)         x28=1c002f06  x2:10001cd8  PA:10001d20
27058835ns          470303 1c009516 01bf0f33 add              x30, x30, x27       x30=00000039 x30:00000000 x27:00000039
27058855ns          470304 1c009518 40aede93 srai             x29, x29, 0x40a     x29=ffffffff x29:ffffff70
27058874ns          470305 1c00951c 40a75713 srai             x14, x14, 0x40a     x14=fffffffe x14:fffffbc8
27058894ns          470306 1c00951e 03812603 lw               x12, 56(x2)         x12=1c002ee6  x2:10001cd8  PA:10001d10
27058914ns          470307 1c009520 04012d83 lw               x27, 64(x2)         x27=1c002ef6  x2:10001cd8  PA:10001d18
27058934ns          470308 1c009522 01ee1023 sh               x30, 0(x28)         x30:00000039 x28:1c002f06  PA:1c002f06
27059252ns          470324 1c009526 05812483 lw               x9, 88(x2)           x9=1c002e66  x2:10001cd8  PA:10001d30
27059272ns          470325 1c009528 05012f03 lw               x30, 80(x2)         x30=1c002e76  x2:10001cd8  PA:10001d28
27059292ns          470326 1c00952a 0a012583 lw               x11, 160(x2)        x11=1c002e96  x2:10001cd8  PA:10001d78
27059312ns          470327 1c00952c 014787b3 add              x15, x15, x20       x15=0001fc8b x15:0000fff1 x20:0000fc9a
27059332ns          470328 1c00952e 013e8eb3 add              x29, x29, x19       x29=0000ffb9 x29:ffffffff x19:0000ffba
27059352ns          470329 1c009530 01270733 add              x14, x14, x18       x14=0000fef4 x14:fffffffe x18:0000fef6
27059372ns          470330 1c009532 00f49023 sh               x15, 0(x9)          x15:0001fc8b  x9:1c002e66  PA:1c002e66
27059690ns          470346 1c009536 01161023 sh               x17, 0(x12)         x17:00000157 x12:1c002ee6  PA:1c002ee6
27060028ns          470363 1c00953a 01fd9023 sh               x31, 0(x27)         x31:00000086 x27:1c002ef6  PA:1c002ef6
27060346ns          470379 1c00953e 00df1023 sh               x13, 0(x30)         x13:0001ff41 x30:1c002e76  PA:1c002e76
27060664ns          470395 1c009542 01d59023 sh               x29, 0(x11)         x29:0000ffb9 x11:1c002e96  PA:1c002e96
27060983ns          470411 1c009546 00e09023 sh               x14, 0(x1)          x14:0000fef4  x1:1c002e86  PA:1c002e86
27061321ns          470428 1c00954a 01039023 sh               x16, 0(x7)          x16:0000ffd9  x7:1c002eb6  PA:1c002eb6
27061639ns          470444 1c00954e 00a29023 sh               x10, 0(x5)          x10:0000ff95  x5:1c002ea6  PA:1c002ea6
27061957ns          470460 1c009552 008b0b13 addi             x22, x22, 8         x22=000000eb x22:000000e3
27061977ns          470461 1c009554 1f300793 addi             x15, x0, 499        x15=000001f3
27061997ns          470462 1c009558 e767dae3 bge              x15, x22, -396      x15:000001f3 x22:000000eb
27062136ns          470469 1c0093cc 010c9a0b p.lh             x20, 16(x25!)       x20=fffffff0 x25=1c00286e x25:1c00285e  PA:1c00285e
27062454ns          470485 1c0093d0 0104198b p.lh             x19, 16(x8!)        x19=ffffff6a  x8=1c002036  x8:1c002026  PA:1c002026
27062753ns          470500 1c0093d4 2cc10513 addi             x10, x2, 716        x10=10001fa4  x2:10001cd8
27062773ns          470501 1c0093d6 010a990b p.lh             x18, 16(x21!)       x18=ffffffec x21=1c001862 x21:1c001852  PA:1c001852
27063091ns          470517 1c0093da 010b948b p.lh             x9, 16(x23!)         x9=ffffff63 x23=1c001092 x23:1c001082  PA:1c001082
27063429ns          470534 1c0093de 2d411623 sh               x20, 716(x2)        x20:fffffff0  x2:10001cd8  PA:10001fa4
27063449ns          470535 1c0093e2 2d311723 sh               x19, 718(x2)        x19:ffffff6a  x2:10001cd8  PA:10001fa6
27063469ns          470536 1c0093e6 c33ff0ef jal              x1, -974             x1=1c0093e8
27063508ns          470538 1c009018 00051803 lh               x16, 0(x10)         x16=fffffff0 x10:10001fa4  PA:10001fa4
27063528ns          470539 1c00901c 00251883 lh               x17, 2(x10)         x17=ffffff6a x10:10001fa4  PA:10001fa6
27063588ns          470542 1c009020 030806b3 mul              x13, x16, x16       x13=00000100 x16:fffffff0 x16:fffffff0
27063628ns          470544 1c009024 03188633 mul              x12, x17, x17       x12=000057e4 x17:ffffff6a x17:ffffff6a
27063648ns          470545 1c009028 40a65613 srai             x12, x12, 0x40a     x12=00000015 x12:000057e4
27063667ns          470546 1c00902a 40a6d693 srai             x13, x13, 0x40a     x13=00000000 x13:00000100
27063687ns          470547 1c00902c 00c686b3 add              x13, x13, x12       x13=00000015 x13:00000000 x12:00000015
27063707ns          470548 1c00902e 1006c633 p.exths          x12, x13, x0        x12=00000015 x13:00000015
27063727ns          470549 1c009032 00855703 lhu              x14, 8(x10)         x14=0000ffd1 x10:10001fa4  PA:10001fac
27063747ns          470550 1c009036 00a55683 lhu              x13, 10(x10)        x13=0000ff6a x10:10001fa4  PA:10001fae
27063767ns          470551 1c00903a 02c60333 mul              x6, x12, x12         x6=000001b9 x12:00000015 x12:00000015
27063787ns          470552 1c00903e 00c55783 lhu              x15, 12(x10)        x15=0000ffe5 x10:10001fa4  PA:10001fb0
27063807ns          470553 1c009042 00e55583 lhu              x11, 14(x10)        x11=00000060 x10:10001fa4  PA:10001fb2
27063827ns          470554 1c009046 dea30333 p.extract        x6, x6, 15, 10       x6=00000000  x6:000001b9
27063846ns          470555 1c00904a 80c7075b p.muls           x14, x14, x12       x14=fffffc25 x14:0000ffd1 x12:00000015
27063886ns          470557 1c00904e 80c686db p.muls           x13, x13, x12       x13=fffff3b2 x13:0000ff6a x12:00000015
27063926ns          470559 1c009052 00455e83 lhu              x29, 4(x10)         x29=00000427 x10:10001fa4  PA:10001fa8
27063946ns          470560 1c009056 00655e03 lhu              x28, 6(x10)         x28=0000007f x10:10001fa4  PA:10001faa
27063966ns          470561 1c00905a 40a75713 srai             x14, x14, 0x40a     x14=ffffffff x14:fffffc25
27063986ns          470562 1c00905c 806787db p.muls           x15, x15, x6        x15=00000000 x15:0000ffe5  x6:00000000
27064006ns          470563 1c009060 40a6d693 srai             x13, x13, 0x40a     x13=fffffffc x13:fffff3b2
27064025ns          470564 1c009062 8065865b p.muls           x12, x11, x6        x12=00000000 x11:00000060  x6:00000000
27064045ns          470565 1c009066 40a7d793 srai             x15, x15, 0x40a     x15=00000000 x15:00000000
27064065ns          470566 1c009068 40a65613 srai             x12, x12, 0x40a     x12=00000000 x12:00000000
27064085ns          470567 1c00906a 01d70733 add              x14, x14, x29       x14=00000426 x14:ffffffff x29:00000427
27064105ns          470568 1c00906c 01c686b3 add              x13, x13, x28       x13=0000007b x13:fffffffc x28:0000007f
27064125ns          470569 1c00906e 00c686b3 add              x13, x13, x12       x13=0000007b x13:0000007b x12:00000000
27064145ns          470570 1c009070 00f70733 add              x14, x14, x15       x14=00000426 x14:00000426 x15:00000000
27064165ns          470571 1c009072 100747b3 p.exths          x15, x14, x0        x15=00000426 x14:00000426
27064185ns          470572 1c009076 1006c733 p.exths          x14, x13, x0        x14=0000007b x13:0000007b
27064204ns          470573 1c00907a 03170633 mul              x12, x14, x17       x12=ffffb7ee x14:0000007b x17:ffffff6a
27064224ns          470574 1c00907e 030786b3 mul              x13, x15, x16       x13=ffffbda0 x15:00000426 x16:fffffff0
27064244ns          470575 1c009082 03070733 mul              x14, x14, x16       x14=fffff850 x14:0000007b x16:fffffff0
27064264ns          470576 1c009086 031787b3 mul              x15, x15, x17       x15=fffd91bc x15:00000426 x17:ffffff6a
27064284ns          470577 1c00908a 40a6d693 srai             x13, x13, 0x40a     x13=ffffffef x13:ffffbda0
27064304ns          470578 1c00908c 40a65613 srai             x12, x12, 0x40a     x12=ffffffed x12:ffffb7ee
27064324ns          470579 1c00908e 40a7d793 srai             x15, x15, 0x40a     x15=ffffff64 x15:fffd91bc
27064344ns          470580 1c009090 40a75713 srai             x14, x14, 0x40a     x14=fffffffe x14:fffff850
27064364ns          470581 1c009092 40c686b3 sub              x13, x13, x12       x13=00000002 x13:ffffffef x12:ffffffed
27064383ns          470582 1c009094 00e787b3 add              x15, x15, x14       x15=ffffff62 x15:ffffff64 x14:fffffffe
27064403ns          470583 1c009096 00d51823 sh               x13, 16(x10)        x13:00000002 x10:10001fa4  PA:10001fb4
27064423ns          470584 1c00909a 00f51923 sh               x15, 18(x10)        x15:ffffff62 x10:10001fa4  PA:10001fb6
27064443ns          470585 1c00909e 00008067 jalr             x0, x1, 0            x1:1c0093e8
27064483ns          470587 1c0093e8 2dc15583 lhu              x11, 732(x2)        x11=00000002  x2:10001cd8  PA:10001fb4
27064503ns          470588 1c0093ec 2de15783 lhu              x15, 734(x2)        x15=0000ff62  x2:10001cd8  PA:10001fb6
27064523ns          470589 1c0093f0 40b90933 sub              x18, x18, x11       x18=ffffffea x18:ffffffec x11:00000002
27064543ns          470590 1c0093f4 40f484b3 sub              x9, x9, x15          x9=ffff0001  x9:ffffff63 x15:0000ff62
27064562ns          470591 1c0093f6 100945b3 p.exths          x11, x18, x0        x11=ffffffea x18:ffffffea
27064582ns          470592 1c0093fa 1004c7b3 p.exths          x15, x9, x0         x15=00000001  x9:ffff0001
27064602ns          470593 1c0093fe 034586b3 mul              x13, x11, x20       x13=00000160 x11:ffffffea x20:fffffff0
27064622ns          470594 1c009402 03378533 mul              x10, x15, x19       x10=ffffff6a x15:00000001 x19:ffffff6a
27064642ns          470595 1c009406 034a0633 mul              x12, x20, x20       x12=00000100 x20:fffffff0 x20:fffffff0
27064662ns          470596 1c00940a 03398733 mul              x14, x19, x19       x14=000057e4 x19:ffffff6a x19:ffffff6a
27064682ns          470597 1c00940e 034787b3 mul              x15, x15, x20       x15=fffffff0 x15:00000001 x20:fffffff0
27064702ns          470598 1c009412 033585b3 mul              x11, x11, x19       x11=00000ce4 x11:ffffffea x19:ffffff6a
27064722ns          470599 1c009416 40a75713 srai             x14, x14, 0x40a     x14=00000015 x14:000057e4
27064741ns          470600 1c009418 40a5d593 srai             x11, x11, 0x40a     x11=00000003 x11:00000ce4
27064761ns          470601 1c00941a 40a65613 srai             x12, x12, 0x40a     x12=00000000 x12:00000100
27064781ns          470602 1c00941c 40a7d793 srai             x15, x15, 0x40a     x15=ffffffff x15:fffffff0
27064801ns          470603 1c00941e 1c0034b7 lui              x9, 0x1c003000       x9=1c003000
27064821ns          470604 1c009422 00e60633 add              x12, x12, x14       x12=00000015 x12:00000000 x14:00000015
27064841ns          470605 1c009424 40b787b3 sub              x15, x15, x11       x15=fffffffc x15:ffffffff x11:00000003
27064861ns          470606 1c009426 eb048493 addi             x9, x9, -336         x9=1c002eb0  x9:1c003000
27064881ns          470607 1c00942a 1c0032b7 lui              x5, 0x1c003000       x5=1c003000
27064901ns          470608 1c00942e 1c0035b7 lui              x11, 0x1c003000     x11=1c003000
27064920ns          470609 1c009432 018483b3 add              x7, x9, x24          x7=1c002eb6  x9:1c002eb0 x24:00000006
27064940ns          470610 1c009436 02812e83 lw               x29, 40(x2)         x29=1c002ec6  x2:10001cd8  PA:10001d00
27064960ns          470611 1c009438 10065633 p.exthz          x12, x12, x0        x12=00000015 x12:00000015
27064980ns          470612 1c00943c e8028293 addi             x5, x5, -384         x5=1c002e80  x5:1c003000
27065000ns          470613 1c009440 ea058593 addi             x11, x11, -352      x11=1c002ea0 x11:1c003000
27065040ns          470615 1c009444 03812483 lw               x9, 56(x2)           x9=1c002ee6  x2:10001cd8  PA:10001d10
27065060ns          470616 1c009446 10064733 p.exths          x14, x12, x0        x14=00000015 x12:00000015
27065080ns          470617 1c00944a 018280b3 add              x1, x5, x24          x1=1c002e86  x5:1c002e80 x24:00000006
27065099ns          470618 1c00944e 03012f03 lw               x30, 48(x2)         x30=1c002ed6  x2:10001cd8  PA:10001d08
27065119ns          470619 1c009450 018582b3 add              x5, x11, x24         x5=1c002ea6 x11:1c002ea0 x24:00000006
27065139ns          470620 1c009454 04012583 lw               x11, 64(x2)         x11=1c002ef6  x2:10001cd8  PA:10001d18
27065159ns          470621 1c009456 000edd83 lhu              x27, 0(x29)         x27=00000ef8 x29:1c002ec6  PA:1c002ec6
27065457ns          470636 1c00945a 0004d483 lhu              x9, 0(x9)            x9=00000157  x9:1c002ee6  PA:1c002ee6
27065756ns          470651 1c00945e 02e70333 mul              x6, x14, x14         x6=000001b9 x14:00000015 x14:00000015
27065776ns          470652 1c009462 40a55513 srai             x10, x10, 0x40a     x10=ffffffff x10:ffffff6a
27065795ns          470653 1c009464 04812e83 lw               x29, 72(x2)         x29=1c002f06  x2:10001cd8  PA:10001d20
27065815ns          470654 1c009466 40a6d693 srai             x13, x13, 0x40a     x13=00000000 x13:00000160
27065835ns          470655 1c009468 000f5d03 lhu              x26, 0(x30)         x26=000003dd x30:1c002ed6  PA:1c002ed6
27066134ns          470670 1c00946c 0005d583 lhu              x11, 0(x11)         x11=00000086 x11:1c002ef6  PA:1c002ef6
27066432ns          470685 1c009470 40a35313 srai             x6, x6, 0x40a        x6=00000000  x6:000001b9
27066452ns          470686 1c009474 00a686b3 add              x13, x13, x10       x13=ffffffff x13:00000000 x10:ffffffff
27066472ns          470687 1c009476 05012f03 lw               x30, 80(x2)         x30=1c002e76  x2:10001cd8  PA:10001d28
27066492ns          470688 1c009478 10034e33 p.exths          x28, x6, x0         x28=00000000  x6:00000000
27066511ns          470689 1c00947c 06911023 sh               x9, 96(x2)           x9:00000157  x2:10001cd8  PA:10001d38
27066531ns          470690 1c009480 000ede83 lhu              x29, 0(x29)         x29=00000039 x29:1c002f06  PA:1c002f06
27066850ns          470706 1c009484 05812483 lw               x9, 88(x2)           x9=1c002e66  x2:10001cd8  PA:10001d30
27066869ns          470707 1c009486 1006d6b3 p.exthz          x13, x13, x0        x13=0000ffff x13:ffffffff
27066889ns          470708 1c00948a 02ee08b3 mul              x17, x28, x14       x17=00000000 x28:00000000 x14:00000015
27066909ns          470709 1c00948e 1006c833 p.exths          x16, x13, x0        x16=ffffffff x13:0000ffff
27066929ns          470710 1c009492 06b11823 sh               x11, 112(x2)        x11:00000086  x2:10001cd8  PA:10001d48
27066949ns          470711 1c009496 000f5f03 lhu              x30, 0(x30)         x30=0000ff41 x30:1c002e76  PA:1c002e76
27067247ns          470726 1c00949a 0a012583 lw               x11, 160(x2)        x11=1c002e96  x2:10001cd8  PA:10001d78
27067267ns          470727 1c00949c 1007d7b3 p.exthz          x15, x15, x0        x15=0000fffc x15:fffffffc
27067287ns          470728 1c0094a0 0004da03 lhu              x20, 0(x9)          x20=0000fc8b  x9:1c002e66  PA:1c002e66
27067585ns          470743 1c0094a4 1007c533 p.exths          x10, x15, x0        x10=fffffffc x15:0000fffc
27067605ns          470744 1c0094a8 09d11023 sh               x29, 128(x2)        x29:00000039  x2:10001cd8  PA:10001d58
27067625ns          470745 1c0094ac 0003d483 lhu              x9, 0(x7)            x9=0000ffd9  x7:1c002eb6  PA:1c002eb6
27067983ns          470763 1c0094b0 02e80eb3 mul              x29, x16, x14       x29=ffffffeb x16:ffffffff x14:00000015
27068003ns          470764 1c0094b4 40a8d893 srai             x17, x17, 0x40a     x17=00000000 x17:00000000
27068023ns          470765 1c0094b8 03c80833 mul              x16, x16, x28       x16=00000000 x16:ffffffff x28:00000000
27068043ns          470766 1c0094bc 09e11823 sh               x30, 144(x2)        x30:0000ff41  x2:10001cd8  PA:10001d68
27068063ns          470767 1c0094c0 0005d983 lhu              x19, 0(x11)         x19=0000ffb9 x11:1c002e96  PA:1c002e96
27068361ns          470782 1c0094c4 81c88f5b p.muls           x30, x17, x28       x30=00000000 x17:00000000 x28:00000000
27068381ns          470783 1c0094c8 0002d583 lhu              x11, 0(x5)          x11=0000ff95  x5:1c002ea6  PA:1c002ea6
27068679ns          470798 1c0094cc 03ce0fb3 mul              x31, x28, x28       x31=00000000 x28:00000000 x28:00000000
27068699ns          470799 1c0094d0 02e50733 mul              x14, x10, x14       x14=ffffffac x10:fffffffc x14:00000015
27068719ns          470800 1c0094d4 40a85813 srai             x16, x16, 0x40a     x16=00000000 x16:00000000
27068739ns          470801 1c0094d8 03c50533 mul              x10, x10, x28       x10=00000000 x10:fffffffc x28:00000000
27068759ns          470802 1c0094dc 07015e03 lhu              x28, 112(x2)        x28=00000086  x2:10001cd8  PA:10001d48
27068818ns          470805 1c0094e0 01b60633 add              x12, x12, x27       x12=00000f0d x12:00000015 x27:00000ef8
27068838ns          470806 1c0094e2 00980833 add              x16, x16, x9        x16=0000ffd9 x16:00000000  x9:0000ffd9
27068858ns          470807 1c0094e4 06015d83 lhu              x27, 96(x2)         x27=00000157  x2:10001cd8  PA:10001d38
27068878ns          470808 1c0094e8 02812483 lw               x9, 40(x2)           x9=1c002ec6  x2:10001cd8  PA:10001d00
27068898ns          470809 1c0094ea 40afdf93 srai             x31, x31, 0x40a     x31=00000000 x31:00000000
27068918ns          470810 1c0094ee 40a55513 srai             x10, x10, 0x40a     x10=00000000 x10:00000000
27068938ns          470811 1c0094f0 01cf8fb3 add              x31, x31, x28       x31=00000086 x31:00000000 x28:00000086
27068958ns          470812 1c0094f2 00b50533 add              x10, x10, x11       x10=0000ff95 x10:00000000 x11:0000ff95
27068978ns          470813 1c0094f4 09015e03 lhu              x28, 144(x2)        x28=0000ff41  x2:10001cd8  PA:10001d68
27068997ns          470814 1c0094f8 03012583 lw               x11, 48(x2)         x11=1c002ed6  x2:10001cd8  PA:10001d08
27069017ns          470815 1c0094fa 00c49023 sh               x12, 0(x9)          x12:00000f0d  x9:1c002ec6  PA:1c002ec6
27069375ns          470833 1c0094fe 01b888b3 add              x17, x17, x27       x17=00000157 x17:00000000 x27:00000157
27069395ns          470834 1c009500 01a30333 add              x6, x6, x26          x6=000003dd  x6:00000000 x26:000003dd
27069415ns          470835 1c009502 08015d83 lhu              x27, 128(x2)        x27=00000039  x2:10001cd8  PA:10001d58
27069435ns          470836 1c009506 0000d903 lhu              x18, 0(x1)          x18=0000fef4  x1:1c002e86  PA:1c002e86
27069773ns          470853 1c00950a 01c686b3 add              x13, x13, x28       x13=0001ff40 x13:0000ffff x28:0000ff41
27069793ns          470854 1c00950c 00659023 sh               x6, 0(x11)           x6:000003dd x11:1c002ed6  PA:1c002ed6
27070131ns          470871 1c009510 40af5f13 srai             x30, x30, 0x40a     x30=00000000 x30:00000000
27070151ns          470872 1c009514 04812e03 lw               x28, 72(x2)         x28=1c002f06  x2:10001cd8  PA:10001d20
27070171ns          470873 1c009516 01bf0f33 add              x30, x30, x27       x30=00000039 x30:00000000 x27:00000039
27070191ns          470874 1c009518 40aede93 srai             x29, x29, 0x40a     x29=ffffffff x29:ffffffeb
27070211ns          470875 1c00951c 40a75713 srai             x14, x14, 0x40a     x14=ffffffff x14:ffffffac
27070231ns          470876 1c00951e 03812603 lw               x12, 56(x2)         x12=1c002ee6  x2:10001cd8  PA:10001d10
27070250ns          470877 1c009520 04012d83 lw               x27, 64(x2)         x27=1c002ef6  x2:10001cd8  PA:10001d18
27070270ns          470878 1c009522 01ee1023 sh               x30, 0(x28)         x30:00000039 x28:1c002f06  PA:1c002f06
27070608ns          470895 1c009526 05812483 lw               x9, 88(x2)           x9=1c002e66  x2:10001cd8  PA:10001d30
27070628ns          470896 1c009528 05012f03 lw               x30, 80(x2)         x30=1c002e76  x2:10001cd8  PA:10001d28
27070648ns          470897 1c00952a 0a012583 lw               x11, 160(x2)        x11=1c002e96  x2:10001cd8  PA:10001d78
27070668ns          470898 1c00952c 014787b3 add              x15, x15, x20       x15=0001fc87 x15:0000fffc x20:0000fc8b
27070688ns          470899 1c00952e 013e8eb3 add              x29, x29, x19       x29=0000ffb8 x29:ffffffff x19:0000ffb9
27070708ns          470900 1c009530 01270733 add              x14, x14, x18       x14=0000fef3 x14:ffffffff x18:0000fef4
27070728ns          470901 1c009532 00f49023 sh               x15, 0(x9)          x15:0001fc87  x9:1c002e66  PA:1c002e66
27071086ns          470919 1c009536 01161023 sh               x17, 0(x12)         x17:00000157 x12:1c002ee6  PA:1c002ee6
27071424ns          470936 1c00953a 01fd9023 sh               x31, 0(x27)         x31:00000086 x27:1c002ef6  PA:1c002ef6
27071762ns          470953 1c00953e 00df1023 sh               x13, 0(x30)         x13:0001ff40 x30:1c002e76  PA:1c002e76
27072080ns          470969 1c009542 01d59023 sh               x29, 0(x11)         x29:0000ffb8 x11:1c002e96  PA:1c002e96
27072398ns          470985 1c009546 00e09023 sh               x14, 0(x1)          x14:0000fef3  x1:1c002e86  PA:1c002e86
27072717ns          471001 1c00954a 01039023 sh               x16, 0(x7)          x16:0000ffd9  x7:1c002eb6  PA:1c002eb6
27073035ns          471017 1c00954e 00a29023 sh               x10, 0(x5)          x10:0000ff95  x5:1c002ea6  PA:1c002ea6
27073353ns          471033 1c009552 008b0b13 addi             x22, x22, 8         x22=000000f3 x22:000000eb
27073373ns          471034 1c009554 1f300793 addi             x15, x0, 499        x15=000001f3
27073393ns          471035 1c009558 e767dae3 bge              x15, x22, -396      x15:000001f3 x22:000000f3
27073452ns          471038 1c0093cc 010c9a0b p.lh             x20, 16(x25!)       x20=fffffee9 x25=1c00287e x25:1c00286e  PA:1c00286e
27073790ns          471055 1c0093d0 0104198b p.lh             x19, 16(x8!)        x19=0000007c  x8=1c002046  x8:1c002036  PA:1c002036
27074168ns          471074 1c0093d4 2cc10513 addi             x10, x2, 716        x10=10001fa4  x2:10001cd8
27074188ns          471075 1c0093d6 010a990b p.lh             x18, 16(x21!)       x18=fffffef7 x21=1c001872 x21:1c001862  PA:1c001862
27074487ns          471090 1c0093da 010b948b p.lh             x9, 16(x23!)         x9=00000098 x23=1c0010a2 x23:1c001092  PA:1c001092
27074805ns          471106 1c0093de 2d411623 sh               x20, 716(x2)        x20:fffffee9  x2:10001cd8  PA:10001fa4
27074825ns          471107 1c0093e2 2d311723 sh               x19, 718(x2)        x19:0000007c  x2:10001cd8  PA:10001fa6
27074845ns          471108 1c0093e6 c33ff0ef jal              x1, -974             x1=1c0093e8
27074924ns          471112 1c009018 00051803 lh               x16, 0(x10)         x16=fffffee9 x10:10001fa4  PA:10001fa4
27074964ns          471114 1c00901c 00251883 lh               x17, 2(x10)         x17=0000007c x10:10001fa4  PA:10001fa6
27075024ns          471117 1c009020 030806b3 mul              x13, x16, x16       x13=00013011 x16:fffffee9 x16:fffffee9
27075063ns          471119 1c009024 03188633 mul              x12, x17, x17       x12=00003c10 x17:0000007c x17:0000007c
27075083ns          471120 1c009028 40a65613 srai             x12, x12, 0x40a     x12=0000000f x12:00003c10
27075103ns          471121 1c00902a 40a6d693 srai             x13, x13, 0x40a     x13=0000004c x13:00013011
27075123ns          471122 1c00902c 00c686b3 add              x13, x13, x12       x13=0000005b x13:0000004c x12:0000000f
27075143ns          471123 1c00902e 1006c633 p.exths          x12, x13, x0        x12=0000005b x13:0000005b
27075163ns          471124 1c009032 00855703 lhu              x14, 8(x10)         x14=0000ffd1 x10:10001fa4  PA:10001fac
27075183ns          471125 1c009036 00a55683 lhu              x13, 10(x10)        x13=0000ff6a x10:10001fa4  PA:10001fae
27075203ns          471126 1c00903a 02c60333 mul              x6, x12, x12         x6=00002059 x12:0000005b x12:0000005b
27075242ns          471128 1c00903e 00c55783 lhu              x15, 12(x10)        x15=0000ffe5 x10:10001fa4  PA:10001fb0
27075282ns          471130 1c009042 00e55583 lhu              x11, 14(x10)        x11=00000060 x10:10001fa4  PA:10001fb2
27075302ns          471131 1c009046 dea30333 p.extract        x6, x6, 15, 10       x6=00000008  x6:00002059
27075322ns          471132 1c00904a 80c7075b p.muls           x14, x14, x12       x14=ffffef4b x14:0000ffd1 x12:0000005b
27075342ns          471133 1c00904e 80c686db p.muls           x13, x13, x12       x13=ffffcaae x13:0000ff6a x12:0000005b
27075362ns          471134 1c009052 00455e83 lhu              x29, 4(x10)         x29=00000427 x10:10001fa4  PA:10001fa8
27075382ns          471135 1c009056 00655e03 lhu              x28, 6(x10)         x28=0000007f x10:10001fa4  PA:10001faa
27075401ns          471136 1c00905a 40a75713 srai             x14, x14, 0x40a     x14=fffffffb x14:ffffef4b
27075421ns          471137 1c00905c 806787db p.muls           x15, x15, x6        x15=ffffff28 x15:0000ffe5  x6:00000008
27075441ns          471138 1c009060 40a6d693 srai             x13, x13, 0x40a     x13=fffffff2 x13:ffffcaae
27075461ns          471139 1c009062 8065865b p.muls           x12, x11, x6        x12=00000300 x11:00000060  x6:00000008
27075481ns          471140 1c009066 40a7d793 srai             x15, x15, 0x40a     x15=ffffffff x15:ffffff28
27075501ns          471141 1c009068 40a65613 srai             x12, x12, 0x40a     x12=00000000 x12:00000300
27075521ns          471142 1c00906a 01d70733 add              x14, x14, x29       x14=00000422 x14:fffffffb x29:00000427
27075541ns          471143 1c00906c 01c686b3 add              x13, x13, x28       x13=00000071 x13:fffffff2 x28:0000007f
27075560ns          471144 1c00906e 00c686b3 add              x13, x13, x12       x13=00000071 x13:00000071 x12:00000000
27075580ns          471145 1c009070 00f70733 add              x14, x14, x15       x14=00000421 x14:00000422 x15:ffffffff
27075600ns          471146 1c009072 100747b3 p.exths          x15, x14, x0        x15=00000421 x14:00000421
27075620ns          471147 1c009076 1006c733 p.exths          x14, x13, x0        x14=00000071 x13:00000071
27075640ns          471148 1c00907a 03170633 mul              x12, x14, x17       x12=000036bc x14:00000071 x17:0000007c
27075660ns          471149 1c00907e 030786b3 mul              x13, x15, x16       x13=fffb8009 x15:00000421 x16:fffffee9
27075680ns          471150 1c009082 03070733 mul              x14, x14, x16       x14=ffff84d9 x14:00000071 x16:fffffee9
27075700ns          471151 1c009086 031787b3 mul              x15, x15, x17       x15=0001fffc x15:00000421 x17:0000007c
27075720ns          471152 1c00908a 40a6d693 srai             x13, x13, 0x40a     x13=fffffee0 x13:fffb8009
27075739ns          471153 1c00908c 40a65613 srai             x12, x12, 0x40a     x12=0000000d x12:000036bc
27075759ns          471154 1c00908e 40a7d793 srai             x15, x15, 0x40a     x15=0000007f x15:0001fffc
27075779ns          471155 1c009090 40a75713 srai             x14, x14, 0x40a     x14=ffffffe1 x14:ffff84d9
27075799ns          471156 1c009092 40c686b3 sub              x13, x13, x12       x13=fffffed3 x13:fffffee0 x12:0000000d
27075819ns          471157 1c009094 00e787b3 add              x15, x15, x14       x15=00000060 x15:0000007f x14:ffffffe1
27075839ns          471158 1c009096 00d51823 sh               x13, 16(x10)        x13:fffffed3 x10:10001fa4  PA:10001fb4
27075859ns          471159 1c00909a 00f51923 sh               x15, 18(x10)        x15:00000060 x10:10001fa4  PA:10001fb6
27075879ns          471160 1c00909e 00008067 jalr             x0, x1, 0            x1:1c0093e8
27075918ns          471162 1c0093e8 2dc15583 lhu              x11, 732(x2)        x11=0000fed3  x2:10001cd8  PA:10001fb4
27075938ns          471163 1c0093ec 2de15783 lhu              x15, 734(x2)        x15=00000060  x2:10001cd8  PA:10001fb6
27075958ns          471164 1c0093f0 40b90933 sub              x18, x18, x11       x18=ffff0024 x18:fffffef7 x11:0000fed3
27075978ns          471165 1c0093f4 40f484b3 sub              x9, x9, x15          x9=00000038  x9:00000098 x15:00000060
27075998ns          471166 1c0093f6 100945b3 p.exths          x11, x18, x0        x11=00000024 x18:ffff0024
27076018ns          471167 1c0093fa 1004c7b3 p.exths          x15, x9, x0         x15=00000038  x9:00000038
27076038ns          471168 1c0093fe 034586b3 mul              x13, x11, x20       x13=ffffd8c4 x11:00000024 x20:fffffee9
27076058ns          471169 1c009402 03378533 mul              x10, x15, x19       x10=00001b20 x15:00000038 x19:0000007c
27076078ns          471170 1c009406 034a0633 mul              x12, x20, x20       x12=00013011 x20:fffffee9 x20:fffffee9
27076097ns          471171 1c00940a 03398733 mul              x14, x19, x19       x14=00003c10 x19:0000007c x19:0000007c
27076157ns          471174 1c00940e 034787b3 mul              x15, x15, x20       x15=ffffc2f8 x15:00000038 x20:fffffee9
27076197ns          471176 1c009412 033585b3 mul              x11, x11, x19       x11=00001170 x11:00000024 x19:0000007c
27076217ns          471177 1c009416 40a75713 srai             x14, x14, 0x40a     x14=0000000f x14:00003c10
27076237ns          471178 1c009418 40a5d593 srai             x11, x11, 0x40a     x11=00000004 x11:00001170
27076257ns          471179 1c00941a 40a65613 srai             x12, x12, 0x40a     x12=0000004c x12:00013011
27076276ns          471180 1c00941c 40a7d793 srai             x15, x15, 0x40a     x15=fffffff0 x15:ffffc2f8
27076296ns          471181 1c00941e 1c0034b7 lui              x9, 0x1c003000       x9=1c003000
27076316ns          471182 1c009422 00e60633 add              x12, x12, x14       x12=0000005b x12:0000004c x14:0000000f
27076336ns          471183 1c009424 40b787b3 sub              x15, x15, x11       x15=ffffffec x15:fffffff0 x11:00000004
27076356ns          471184 1c009426 eb048493 addi             x9, x9, -336         x9=1c002eb0  x9:1c003000
27076376ns          471185 1c00942a 1c0032b7 lui              x5, 0x1c003000       x5=1c003000
27076396ns          471186 1c00942e 1c0035b7 lui              x11, 0x1c003000     x11=1c003000
27076416ns          471187 1c009432 018483b3 add              x7, x9, x24          x7=1c002eb6  x9:1c002eb0 x24:00000006
27076436ns          471188 1c009436 02812e83 lw               x29, 40(x2)         x29=1c002ec6  x2:10001cd8  PA:10001d00
27076455ns          471189 1c009438 10065633 p.exthz          x12, x12, x0        x12=0000005b x12:0000005b
27076475ns          471190 1c00943c e8028293 addi             x5, x5, -384         x5=1c002e80  x5:1c003000
27076495ns          471191 1c009440 ea058593 addi             x11, x11, -352      x11=1c002ea0 x11:1c003000
27076535ns          471193 1c009444 03812483 lw               x9, 56(x2)           x9=1c002ee6  x2:10001cd8  PA:10001d10
27076555ns          471194 1c009446 10064733 p.exths          x14, x12, x0        x14=0000005b x12:0000005b
27076575ns          471195 1c00944a 018280b3 add              x1, x5, x24          x1=1c002e86  x5:1c002e80 x24:00000006
27076595ns          471196 1c00944e 03012f03 lw               x30, 48(x2)         x30=1c002ed6  x2:10001cd8  PA:10001d08
27076615ns          471197 1c009450 018582b3 add              x5, x11, x24         x5=1c002ea6 x11:1c002ea0 x24:00000006
27076634ns          471198 1c009454 04012583 lw               x11, 64(x2)         x11=1c002ef6  x2:10001cd8  PA:10001d18
27076654ns          471199 1c009456 000edd83 lhu              x27, 0(x29)         x27=00000f0d x29:1c002ec6  PA:1c002ec6
27076953ns          471214 1c00945a 0004d483 lhu              x9, 0(x9)            x9=00000157  x9:1c002ee6  PA:1c002ee6
27077271ns          471230 1c00945e 02e70333 mul              x6, x14, x14         x6=00002059 x14:0000005b x14:0000005b
27077291ns          471231 1c009462 40a55513 srai             x10, x10, 0x40a     x10=00000006 x10:00001b20
27077311ns          471232 1c009464 04812e83 lw               x29, 72(x2)         x29=1c002f06  x2:10001cd8  PA:10001d20
27077331ns          471233 1c009466 40a6d693 srai             x13, x13, 0x40a     x13=fffffff6 x13:ffffd8c4
27077350ns          471234 1c009468 000f5d03 lhu              x26, 0(x30)         x26=000003dd x30:1c002ed6  PA:1c002ed6
27077649ns          471249 1c00946c 0005d583 lhu              x11, 0(x11)         x11=00000086 x11:1c002ef6  PA:1c002ef6
27077947ns          471264 1c009470 40a35313 srai             x6, x6, 0x40a        x6=00000008  x6:00002059
27077967ns          471265 1c009474 00a686b3 add              x13, x13, x10       x13=fffffffc x13:fffffff6 x10:00000006
27077987ns          471266 1c009476 05012f03 lw               x30, 80(x2)         x30=1c002e76  x2:10001cd8  PA:10001d28
27078007ns          471267 1c009478 10034e33 p.exths          x28, x6, x0         x28=00000008  x6:00000008
27078027ns          471268 1c00947c 06911023 sh               x9, 96(x2)           x9:00000157  x2:10001cd8  PA:10001d38
27078046ns          471269 1c009480 000ede83 lhu              x29, 0(x29)         x29=00000039 x29:1c002f06  PA:1c002f06
27078345ns          471284 1c009484 05812483 lw               x9, 88(x2)           x9=1c002e66  x2:10001cd8  PA:10001d30
27078365ns          471285 1c009486 1006d6b3 p.exthz          x13, x13, x0        x13=0000fffc x13:fffffffc
27078385ns          471286 1c00948a 02ee08b3 mul              x17, x28, x14       x17=000002d8 x28:00000008 x14:0000005b
27078404ns          471287 1c00948e 1006c833 p.exths          x16, x13, x0        x16=fffffffc x13:0000fffc
27078424ns          471288 1c009492 06b11823 sh               x11, 112(x2)        x11:00000086  x2:10001cd8  PA:10001d48
27078444ns          471289 1c009496 000f5f03 lhu              x30, 0(x30)         x30=0000ff40 x30:1c002e76  PA:1c002e76
27078862ns          471310 1c00949a 0a012583 lw               x11, 160(x2)        x11=1c002e96  x2:10001cd8  PA:10001d78
27078882ns          471311 1c00949c 1007d7b3 p.exthz          x15, x15, x0        x15=0000ffec x15:ffffffec
27078902ns          471312 1c0094a0 0004da03 lhu              x20, 0(x9)          x20=0000fc87  x9:1c002e66  PA:1c002e66
27079260ns          471330 1c0094a4 1007c533 p.exths          x10, x15, x0        x10=ffffffec x15:0000ffec
27079280ns          471331 1c0094a8 09d11023 sh               x29, 128(x2)        x29:00000039  x2:10001cd8  PA:10001d58
27079299ns          471332 1c0094ac 0003d483 lhu              x9, 0(x7)            x9=0000ffd9  x7:1c002eb6  PA:1c002eb6
27079598ns          471347 1c0094b0 02e80eb3 mul              x29, x16, x14       x29=fffffe94 x16:fffffffc x14:0000005b
27079618ns          471348 1c0094b4 40a8d893 srai             x17, x17, 0x40a     x17=00000000 x17:000002d8
27079638ns          471349 1c0094b8 03c80833 mul              x16, x16, x28       x16=ffffffe0 x16:fffffffc x28:00000008
27079657ns          471350 1c0094bc 09e11823 sh               x30, 144(x2)        x30:0000ff40  x2:10001cd8  PA:10001d68
27079677ns          471351 1c0094c0 0005d983 lhu              x19, 0(x11)         x19=0000ffb8 x11:1c002e96  PA:1c002e96
27079976ns          471366 1c0094c4 81c88f5b p.muls           x30, x17, x28       x30=00000000 x17:00000000 x28:00000008
27079996ns          471367 1c0094c8 0002d583 lhu              x11, 0(x5)          x11=0000ff95  x5:1c002ea6  PA:1c002ea6
27080294ns          471382 1c0094cc 03ce0fb3 mul              x31, x28, x28       x31=00000040 x28:00000008 x28:00000008
27080314ns          471383 1c0094d0 02e50733 mul              x14, x10, x14       x14=fffff8e4 x10:ffffffec x14:0000005b
27080334ns          471384 1c0094d4 40a85813 srai             x16, x16, 0x40a     x16=ffffffff x16:ffffffe0
27080354ns          471385 1c0094d8 03c50533 mul              x10, x10, x28       x10=ffffff60 x10:ffffffec x28:00000008
27080373ns          471386 1c0094dc 07015e03 lhu              x28, 112(x2)        x28=00000086  x2:10001cd8  PA:10001d48
27080393ns          471387 1c0094e0 01b60633 add              x12, x12, x27       x12=00000f68 x12:0000005b x27:00000f0d
27080413ns          471388 1c0094e2 00980833 add              x16, x16, x9        x16=0000ffd8 x16:ffffffff  x9:0000ffd9
27080433ns          471389 1c0094e4 06015d83 lhu              x27, 96(x2)         x27=00000157  x2:10001cd8  PA:10001d38
27080453ns          471390 1c0094e8 02812483 lw               x9, 40(x2)           x9=1c002ec6  x2:10001cd8  PA:10001d00
27080473ns          471391 1c0094ea 40afdf93 srai             x31, x31, 0x40a     x31=00000000 x31:00000040
27080493ns          471392 1c0094ee 40a55513 srai             x10, x10, 0x40a     x10=ffffffff x10:ffffff60
27080513ns          471393 1c0094f0 01cf8fb3 add              x31, x31, x28       x31=00000086 x31:00000000 x28:00000086
27080532ns          471394 1c0094f2 00b50533 add              x10, x10, x11       x10=0000ff94 x10:ffffffff x11:0000ff95
27080552ns          471395 1c0094f4 09015e03 lhu              x28, 144(x2)        x28=0000ff40  x2:10001cd8  PA:10001d68
27080572ns          471396 1c0094f8 03012583 lw               x11, 48(x2)         x11=1c002ed6  x2:10001cd8  PA:10001d08
27080592ns          471397 1c0094fa 00c49023 sh               x12, 0(x9)          x12:00000f68  x9:1c002ec6  PA:1c002ec6
27080910ns          471413 1c0094fe 01b888b3 add              x17, x17, x27       x17=00000157 x17:00000000 x27:00000157
27080930ns          471414 1c009500 01a30333 add              x6, x6, x26          x6=000003e5  x6:00000008 x26:000003dd
27080950ns          471415 1c009502 08015d83 lhu              x27, 128(x2)        x27=00000039  x2:10001cd8  PA:10001d58
27080970ns          471416 1c009506 0000d903 lhu              x18, 0(x1)          x18=0000fef3  x1:1c002e86  PA:1c002e86
27081288ns          471432 1c00950a 01c686b3 add              x13, x13, x28       x13=0001ff3c x13:0000fffc x28:0000ff40
27081308ns          471433 1c00950c 00659023 sh               x6, 0(x11)           x6:000003e5 x11:1c002ed6  PA:1c002ed6
27081626ns          471449 1c009510 40af5f13 srai             x30, x30, 0x40a     x30=00000000 x30:00000000
27081646ns          471450 1c009514 04812e03 lw               x28, 72(x2)         x28=1c002f06  x2:10001cd8  PA:10001d20
27081666ns          471451 1c009516 01bf0f33 add              x30, x30, x27       x30=00000039 x30:00000000 x27:00000039
27081686ns          471452 1c009518 40aede93 srai             x29, x29, 0x40a     x29=ffffffff x29:fffffe94
27081706ns          471453 1c00951c 40a75713 srai             x14, x14, 0x40a     x14=fffffffe x14:fffff8e4
27081726ns          471454 1c00951e 03812603 lw               x12, 56(x2)         x12=1c002ee6  x2:10001cd8  PA:10001d10
27081746ns          471455 1c009520 04012d83 lw               x27, 64(x2)         x27=1c002ef6  x2:10001cd8  PA:10001d18
27081766ns          471456 1c009522 01ee1023 sh               x30, 0(x28)         x30:00000039 x28:1c002f06  PA:1c002f06
27082084ns          471472 1c009526 05812483 lw               x9, 88(x2)           x9=1c002e66  x2:10001cd8  PA:10001d30
27082104ns          471473 1c009528 05012f03 lw               x30, 80(x2)         x30=1c002e76  x2:10001cd8  PA:10001d28
27082124ns          471474 1c00952a 0a012583 lw               x11, 160(x2)        x11=1c002e96  x2:10001cd8  PA:10001d78
27082143ns          471475 1c00952c 014787b3 add              x15, x15, x20       x15=0001fc73 x15:0000ffec x20:0000fc87
27082163ns          471476 1c00952e 013e8eb3 add              x29, x29, x19       x29=0000ffb7 x29:ffffffff x19:0000ffb8
27082183ns          471477 1c009530 01270733 add              x14, x14, x18       x14=0000fef1 x14:fffffffe x18:0000fef3
27082203ns          471478 1c009532 00f49023 sh               x15, 0(x9)          x15:0001fc73  x9:1c002e66  PA:1c002e66
27082541ns          471495 1c009536 01161023 sh               x17, 0(x12)         x17:00000157 x12:1c002ee6  PA:1c002ee6
27082859ns          471511 1c00953a 01fd9023 sh               x31, 0(x27)         x31:00000086 x27:1c002ef6  PA:1c002ef6
27083178ns          471527 1c00953e 00df1023 sh               x13, 0(x30)         x13:0001ff3c x30:1c002e76  PA:1c002e76
27083496ns          471543 1c009542 01d59023 sh               x29, 0(x11)         x29:0000ffb7 x11:1c002e96  PA:1c002e96
27083834ns          471560 1c009546 00e09023 sh               x14, 0(x1)          x14:0000fef1  x1:1c002e86  PA:1c002e86
27084152ns          471576 1c00954a 01039023 sh               x16, 0(x7)          x16:0000ffd8  x7:1c002eb6  PA:1c002eb6
27084470ns          471592 1c00954e 00a29023 sh               x10, 0(x5)          x10:0000ff94  x5:1c002ea6  PA:1c002ea6
27084789ns          471608 1c009552 008b0b13 addi             x22, x22, 8         x22=000000fb x22:000000f3
27084808ns          471609 1c009554 1f300793 addi             x15, x0, 499        x15=000001f3
27084828ns          471610 1c009558 e767dae3 bge              x15, x22, -396      x15:000001f3 x22:000000fb
27084928ns          471615 1c0093cc 010c9a0b p.lh             x20, 16(x25!)       x20=00000220 x25=1c00288e x25:1c00287e  PA:1c00287e
27085226ns          471630 1c0093d0 0104198b p.lh             x19, 16(x8!)        x19=ffffffd3  x8=1c002056  x8:1c002046  PA:1c002046
27085524ns          471645 1c0093d4 2cc10513 addi             x10, x2, 716        x10=10001fa4  x2:10001cd8
27085544ns          471646 1c0093d6 010a990b p.lh             x18, 16(x21!)       x18=00000212 x21=1c001882 x21:1c001872  PA:1c001872
27085843ns          471661 1c0093da 010b948b p.lh             x9, 16(x23!)         x9=ffffff79 x23=1c0010b2 x23:1c0010a2  PA:1c0010a2
27086161ns          471677 1c0093de 2d411623 sh               x20, 716(x2)        x20:00000220  x2:10001cd8  PA:10001fa4
27086181ns          471678 1c0093e2 2d311723 sh               x19, 718(x2)        x19:ffffffd3  x2:10001cd8  PA:10001fa6
27086201ns          471679 1c0093e6 c33ff0ef jal              x1, -974             x1=1c0093e8
27086280ns          471683 1c009018 00051803 lh               x16, 0(x10)         x16=00000220 x10:10001fa4  PA:10001fa4
27086320ns          471685 1c00901c 00251883 lh               x17, 2(x10)         x17=ffffffd3 x10:10001fa4  PA:10001fa6
27086340ns          471686 1c009020 030806b3 mul              x13, x16, x16       x13=00048400 x16:00000220 x16:00000220
27086360ns          471687 1c009024 03188633 mul              x12, x17, x17       x12=000007e9 x17:ffffffd3 x17:ffffffd3
27086380ns          471688 1c009028 40a65613 srai             x12, x12, 0x40a     x12=00000001 x12:000007e9
27086399ns          471689 1c00902a 40a6d693 srai             x13, x13, 0x40a     x13=00000121 x13:00048400
27086419ns          471690 1c00902c 00c686b3 add              x13, x13, x12       x13=00000122 x13:00000121 x12:00000001
27086439ns          471691 1c00902e 1006c633 p.exths          x12, x13, x0        x12=00000122 x13:00000122
27086459ns          471692 1c009032 00855703 lhu              x14, 8(x10)         x14=0000ffd1 x10:10001fa4  PA:10001fac
27086479ns          471693 1c009036 00a55683 lhu              x13, 10(x10)        x13=0000ff6a x10:10001fa4  PA:10001fae
27086499ns          471694 1c00903a 02c60333 mul              x6, x12, x12         x6=00014884 x12:00000122 x12:00000122
27086519ns          471695 1c00903e 00c55783 lhu              x15, 12(x10)        x15=0000ffe5 x10:10001fa4  PA:10001fb0
27086539ns          471696 1c009042 00e55583 lhu              x11, 14(x10)        x11=00000060 x10:10001fa4  PA:10001fb2
27086559ns          471697 1c009046 dea30333 p.extract        x6, x6, 15, 10       x6=00000052  x6:00014884
27086578ns          471698 1c00904a 80c7075b p.muls           x14, x14, x12       x14=ffffcac2 x14:0000ffd1 x12:00000122
27086618ns          471700 1c00904e 80c686db p.muls           x13, x13, x12       x13=ffff5614 x13:0000ff6a x12:00000122
27086658ns          471702 1c009052 00455e83 lhu              x29, 4(x10)         x29=00000427 x10:10001fa4  PA:10001fa8
27086678ns          471703 1c009056 00655e03 lhu              x28, 6(x10)         x28=0000007f x10:10001fa4  PA:10001faa
27086698ns          471704 1c00905a 40a75713 srai             x14, x14, 0x40a     x14=fffffff2 x14:ffffcac2
27086718ns          471705 1c00905c 806787db p.muls           x15, x15, x6        x15=fffff75a x15:0000ffe5  x6:00000052
27086738ns          471706 1c009060 40a6d693 srai             x13, x13, 0x40a     x13=ffffffd5 x13:ffff5614
27086757ns          471707 1c009062 8065865b p.muls           x12, x11, x6        x12=00001ec0 x11:00000060  x6:00000052
27086777ns          471708 1c009066 40a7d793 srai             x15, x15, 0x40a     x15=fffffffd x15:fffff75a
27086797ns          471709 1c009068 40a65613 srai             x12, x12, 0x40a     x12=00000007 x12:00001ec0
27086817ns          471710 1c00906a 01d70733 add              x14, x14, x29       x14=00000419 x14:fffffff2 x29:00000427
27086837ns          471711 1c00906c 01c686b3 add              x13, x13, x28       x13=00000054 x13:ffffffd5 x28:0000007f
27086857ns          471712 1c00906e 00c686b3 add              x13, x13, x12       x13=0000005b x13:00000054 x12:00000007
27086877ns          471713 1c009070 00f70733 add              x14, x14, x15       x14=00000416 x14:00000419 x15:fffffffd
27086897ns          471714 1c009072 100747b3 p.exths          x15, x14, x0        x15=00000416 x14:00000416
27086917ns          471715 1c009076 1006c733 p.exths          x14, x13, x0        x14=0000005b x13:0000005b
27086936ns          471716 1c00907a 03170633 mul              x12, x14, x17       x12=fffff001 x14:0000005b x17:ffffffd3
27086956ns          471717 1c00907e 030786b3 mul              x13, x15, x16       x13=0008aec0 x15:00000416 x16:00000220
27086976ns          471718 1c009082 03070733 mul              x14, x14, x16       x14=0000c160 x14:0000005b x16:00000220
27086996ns          471719 1c009086 031787b3 mul              x15, x15, x17       x15=ffff4822 x15:00000416 x17:ffffffd3
27087016ns          471720 1c00908a 40a6d693 srai             x13, x13, 0x40a     x13=0000022b x13:0008aec0
27087036ns          471721 1c00908c 40a65613 srai             x12, x12, 0x40a     x12=fffffffc x12:fffff001
27087056ns          471722 1c00908e 40a7d793 srai             x15, x15, 0x40a     x15=ffffffd2 x15:ffff4822
27087076ns          471723 1c009090 40a75713 srai             x14, x14, 0x40a     x14=00000030 x14:0000c160
27087096ns          471724 1c009092 40c686b3 sub              x13, x13, x12       x13=0000022f x13:0000022b x12:fffffffc
27087115ns          471725 1c009094 00e787b3 add              x15, x15, x14       x15=00000002 x15:ffffffd2 x14:00000030
27087135ns          471726 1c009096 00d51823 sh               x13, 16(x10)        x13:0000022f x10:10001fa4  PA:10001fb4
27087155ns          471727 1c00909a 00f51923 sh               x15, 18(x10)        x15:00000002 x10:10001fa4  PA:10001fb6
27087175ns          471728 1c00909e 00008067 jalr             x0, x1, 0            x1:1c0093e8
27087215ns          471730 1c0093e8 2dc15583 lhu              x11, 732(x2)        x11=0000022f  x2:10001cd8  PA:10001fb4
27087235ns          471731 1c0093ec 2de15783 lhu              x15, 734(x2)        x15=00000002  x2:10001cd8  PA:10001fb6
27087255ns          471732 1c0093f0 40b90933 sub              x18, x18, x11       x18=ffffffe3 x18:00000212 x11:0000022f
27087275ns          471733 1c0093f4 40f484b3 sub              x9, x9, x15          x9=ffffff77  x9:ffffff79 x15:00000002
27087294ns          471734 1c0093f6 100945b3 p.exths          x11, x18, x0        x11=ffffffe3 x18:ffffffe3
27087314ns          471735 1c0093fa 1004c7b3 p.exths          x15, x9, x0         x15=ffffff77  x9:ffffff77
27087334ns          471736 1c0093fe 034586b3 mul              x13, x11, x20       x13=ffffc260 x11:ffffffe3 x20:00000220
27087354ns          471737 1c009402 03378533 mul              x10, x15, x19       x10=00001815 x15:ffffff77 x19:ffffffd3
27087374ns          471738 1c009406 034a0633 mul              x12, x20, x20       x12=00048400 x20:00000220 x20:00000220
27087394ns          471739 1c00940a 03398733 mul              x14, x19, x19       x14=000007e9 x19:ffffffd3 x19:ffffffd3
27087454ns          471742 1c00940e 034787b3 mul              x15, x15, x20       x15=fffedce0 x15:ffffff77 x20:00000220
27087493ns          471744 1c009412 033585b3 mul              x11, x11, x19       x11=00000519 x11:ffffffe3 x19:ffffffd3
27087513ns          471745 1c009416 40a75713 srai             x14, x14, 0x40a     x14=00000001 x14:000007e9
27087533ns          471746 1c009418 40a5d593 srai             x11, x11, 0x40a     x11=00000001 x11:00000519
27087553ns          471747 1c00941a 40a65613 srai             x12, x12, 0x40a     x12=00000121 x12:00048400
27087573ns          471748 1c00941c 40a7d793 srai             x15, x15, 0x40a     x15=ffffffb7 x15:fffedce0
27087593ns          471749 1c00941e 1c0034b7 lui              x9, 0x1c003000       x9=1c003000
27087613ns          471750 1c009422 00e60633 add              x12, x12, x14       x12=00000122 x12:00000121 x14:00000001
27087633ns          471751 1c009424 40b787b3 sub              x15, x15, x11       x15=ffffffb6 x15:ffffffb7 x11:00000001
27087652ns          471752 1c009426 eb048493 addi             x9, x9, -336         x9=1c002eb0  x9:1c003000
27087672ns          471753 1c00942a 1c0032b7 lui              x5, 0x1c003000       x5=1c003000
27087692ns          471754 1c00942e 1c0035b7 lui              x11, 0x1c003000     x11=1c003000
27087712ns          471755 1c009432 018483b3 add              x7, x9, x24          x7=1c002eb6  x9:1c002eb0 x24:00000006
27087732ns          471756 1c009436 02812e83 lw               x29, 40(x2)         x29=1c002ec6  x2:10001cd8  PA:10001d00
27087752ns          471757 1c009438 10065633 p.exthz          x12, x12, x0        x12=00000122 x12:00000122
27087772ns          471758 1c00943c e8028293 addi             x5, x5, -384         x5=1c002e80  x5:1c003000
27087812ns          471760 1c009440 ea058593 addi             x11, x11, -352      x11=1c002ea0 x11:1c003000
27087851ns          471762 1c009444 03812483 lw               x9, 56(x2)           x9=1c002ee6  x2:10001cd8  PA:10001d10
27087871ns          471763 1c009446 10064733 p.exths          x14, x12, x0        x14=00000122 x12:00000122
27087891ns          471764 1c00944a 018280b3 add              x1, x5, x24          x1=1c002e86  x5:1c002e80 x24:00000006
27087911ns          471765 1c00944e 03012f03 lw               x30, 48(x2)         x30=1c002ed6  x2:10001cd8  PA:10001d08
27087951ns          471767 1c009450 018582b3 add              x5, x11, x24         x5=1c002ea6 x11:1c002ea0 x24:00000006
27087990ns          471769 1c009454 04012583 lw               x11, 64(x2)         x11=1c002ef6  x2:10001cd8  PA:10001d18
27088010ns          471770 1c009456 000edd83 lhu              x27, 0(x29)         x27=00000f68 x29:1c002ec6  PA:1c002ec6
27088309ns          471785 1c00945a 0004d483 lhu              x9, 0(x9)            x9=00000157  x9:1c002ee6  PA:1c002ee6
27088607ns          471800 1c00945e 02e70333 mul              x6, x14, x14         x6=00014884 x14:00000122 x14:00000122
27088627ns          471801 1c009462 40a55513 srai             x10, x10, 0x40a     x10=00000006 x10:00001815
27088647ns          471802 1c009464 04812e83 lw               x29, 72(x2)         x29=1c002f06  x2:10001cd8  PA:10001d20
27088667ns          471803 1c009466 40a6d693 srai             x13, x13, 0x40a     x13=fffffff0 x13:ffffc260
27088687ns          471804 1c009468 000f5d03 lhu              x26, 0(x30)         x26=000003e5 x30:1c002ed6  PA:1c002ed6
27089005ns          471820 1c00946c 0005d583 lhu              x11, 0(x11)         x11=00000086 x11:1c002ef6  PA:1c002ef6
27089323ns          471836 1c009470 40a35313 srai             x6, x6, 0x40a        x6=00000052  x6:00014884
27089343ns          471837 1c009474 00a686b3 add              x13, x13, x10       x13=fffffff6 x13:fffffff0 x10:00000006
27089363ns          471838 1c009476 05012f03 lw               x30, 80(x2)         x30=1c002e76  x2:10001cd8  PA:10001d28
27089383ns          471839 1c009478 10034e33 p.exths          x28, x6, x0         x28=00000052  x6:00000052
27089403ns          471840 1c00947c 06911023 sh               x9, 96(x2)           x9:00000157  x2:10001cd8  PA:10001d38
27089422ns          471841 1c009480 000ede83 lhu              x29, 0(x29)         x29=00000039 x29:1c002f06  PA:1c002f06
27089741ns          471857 1c009484 05812483 lw               x9, 88(x2)           x9=1c002e66  x2:10001cd8  PA:10001d30
27089761ns          471858 1c009486 1006d6b3 p.exthz          x13, x13, x0        x13=0000fff6 x13:fffffff6
27089780ns          471859 1c00948a 02ee08b3 mul              x17, x28, x14       x17=00005ce4 x28:00000052 x14:00000122
27089800ns          471860 1c00948e 1006c833 p.exths          x16, x13, x0        x16=fffffff6 x13:0000fff6
27089820ns          471861 1c009492 06b11823 sh               x11, 112(x2)        x11:00000086  x2:10001cd8  PA:10001d48
27089840ns          471862 1c009496 000f5f03 lhu              x30, 0(x30)         x30=0000ff3c x30:1c002e76  PA:1c002e76
27090138ns          471877 1c00949a 0a012583 lw               x11, 160(x2)        x11=1c002e96  x2:10001cd8  PA:10001d78
27090158ns          471878 1c00949c 1007d7b3 p.exthz          x15, x15, x0        x15=0000ffb6 x15:ffffffb6
27090178ns          471879 1c0094a0 0004da03 lhu              x20, 0(x9)          x20=0000fc73  x9:1c002e66  PA:1c002e66
27090496ns          471895 1c0094a4 1007c533 p.exths          x10, x15, x0        x10=ffffffb6 x15:0000ffb6
27090516ns          471896 1c0094a8 09d11023 sh               x29, 128(x2)        x29:00000039  x2:10001cd8  PA:10001d58
27090536ns          471897 1c0094ac 0003d483 lhu              x9, 0(x7)            x9=0000ffd8  x7:1c002eb6  PA:1c002eb6
27090974ns          471919 1c0094b0 02e80eb3 mul              x29, x16, x14       x29=fffff4ac x16:fffffff6 x14:00000122
27090994ns          471920 1c0094b4 40a8d893 srai             x17, x17, 0x40a     x17=00000017 x17:00005ce4
27091013ns          471921 1c0094b8 03c80833 mul              x16, x16, x28       x16=fffffccc x16:fffffff6 x28:00000052
27091033ns          471922 1c0094bc 09e11823 sh               x30, 144(x2)        x30:0000ff3c  x2:10001cd8  PA:10001d68
27091053ns          471923 1c0094c0 0005d983 lhu              x19, 0(x11)         x19=0000ffb7 x11:1c002e96  PA:1c002e96
27091391ns          471940 1c0094c4 81c88f5b p.muls           x30, x17, x28       x30=0000075e x17:00000017 x28:00000052
27091411ns          471941 1c0094c8 0002d583 lhu              x11, 0(x5)          x11=0000ff94  x5:1c002ea6  PA:1c002ea6
27091769ns          471959 1c0094cc 03ce0fb3 mul              x31, x28, x28       x31=00001a44 x28:00000052 x28:00000052
27091789ns          471960 1c0094d0 02e50733 mul              x14, x10, x14       x14=ffffac2c x10:ffffffb6 x14:00000122
27091809ns          471961 1c0094d4 40a85813 srai             x16, x16, 0x40a     x16=ffffffff x16:fffffccc
27091829ns          471962 1c0094d8 03c50533 mul              x10, x10, x28       x10=ffffe84c x10:ffffffb6 x28:00000052
27091849ns          471963 1c0094dc 07015e03 lhu              x28, 112(x2)        x28=00000086  x2:10001cd8  PA:10001d48
27091889ns          471965 1c0094e0 01b60633 add              x12, x12, x27       x12=0000108a x12:00000122 x27:00000f68
27091908ns          471966 1c0094e2 00980833 add              x16, x16, x9        x16=0000ffd7 x16:ffffffff  x9:0000ffd8
27091928ns          471967 1c0094e4 06015d83 lhu              x27, 96(x2)         x27=00000157  x2:10001cd8  PA:10001d38
27091948ns          471968 1c0094e8 02812483 lw               x9, 40(x2)           x9=1c002ec6  x2:10001cd8  PA:10001d00
27091968ns          471969 1c0094ea 40afdf93 srai             x31, x31, 0x40a     x31=00000006 x31:00001a44
27091988ns          471970 1c0094ee 40a55513 srai             x10, x10, 0x40a     x10=fffffffa x10:ffffe84c
27092008ns          471971 1c0094f0 01cf8fb3 add              x31, x31, x28       x31=0000008c x31:00000006 x28:00000086
27092028ns          471972 1c0094f2 00b50533 add              x10, x10, x11       x10=0000ff8e x10:fffffffa x11:0000ff94
27092048ns          471973 1c0094f4 09015e03 lhu              x28, 144(x2)        x28=0000ff3c  x2:10001cd8  PA:10001d68
27092068ns          471974 1c0094f8 03012583 lw               x11, 48(x2)         x11=1c002ed6  x2:10001cd8  PA:10001d08
27092087ns          471975 1c0094fa 00c49023 sh               x12, 0(x9)          x12:0000108a  x9:1c002ec6  PA:1c002ec6
27092406ns          471991 1c0094fe 01b888b3 add              x17, x17, x27       x17=0000016e x17:00000017 x27:00000157
27092426ns          471992 1c009500 01a30333 add              x6, x6, x26          x6=00000437  x6:00000052 x26:000003e5
27092445ns          471993 1c009502 08015d83 lhu              x27, 128(x2)        x27=00000039  x2:10001cd8  PA:10001d58
27092465ns          471994 1c009506 0000d903 lhu              x18, 0(x1)          x18=0000fef1  x1:1c002e86  PA:1c002e86
27092764ns          472009 1c00950a 01c686b3 add              x13, x13, x28       x13=0001ff32 x13:0000fff6 x28:0000ff3c
27092784ns          472010 1c00950c 00659023 sh               x6, 0(x11)           x6:00000437 x11:1c002ed6  PA:1c002ed6
27093122ns          472027 1c009510 40af5f13 srai             x30, x30, 0x40a     x30=00000001 x30:0000075e
27093141ns          472028 1c009514 04812e03 lw               x28, 72(x2)         x28=1c002f06  x2:10001cd8  PA:10001d20
27093161ns          472029 1c009516 01bf0f33 add              x30, x30, x27       x30=0000003a x30:00000001 x27:00000039
27093181ns          472030 1c009518 40aede93 srai             x29, x29, 0x40a     x29=fffffffd x29:fffff4ac
27093201ns          472031 1c00951c 40a75713 srai             x14, x14, 0x40a     x14=ffffffeb x14:ffffac2c
27093221ns          472032 1c00951e 03812603 lw               x12, 56(x2)         x12=1c002ee6  x2:10001cd8  PA:10001d10
27093241ns          472033 1c009520 04012d83 lw               x27, 64(x2)         x27=1c002ef6  x2:10001cd8  PA:10001d18
27093261ns          472034 1c009522 01ee1023 sh               x30, 0(x28)         x30:0000003a x28:1c002f06  PA:1c002f06
27093599ns          472051 1c009526 05812483 lw               x9, 88(x2)           x9=1c002e66  x2:10001cd8  PA:10001d30
27093619ns          472052 1c009528 05012f03 lw               x30, 80(x2)         x30=1c002e76  x2:10001cd8  PA:10001d28
27093639ns          472053 1c00952a 0a012583 lw               x11, 160(x2)        x11=1c002e96  x2:10001cd8  PA:10001d78
27093659ns          472054 1c00952c 014787b3 add              x15, x15, x20       x15=0001fc29 x15:0000ffb6 x20:0000fc73
27093678ns          472055 1c00952e 013e8eb3 add              x29, x29, x19       x29=0000ffb4 x29:fffffffd x19:0000ffb7
27093698ns          472056 1c009530 01270733 add              x14, x14, x18       x14=0000fedc x14:ffffffeb x18:0000fef1
27093718ns          472057 1c009532 00f49023 sh               x15, 0(x9)          x15:0001fc29  x9:1c002e66  PA:1c002e66
27094036ns          472073 1c009536 01161023 sh               x17, 0(x12)         x17:0000016e x12:1c002ee6  PA:1c002ee6
27094375ns          472090 1c00953a 01fd9023 sh               x31, 0(x27)         x31:0000008c x27:1c002ef6  PA:1c002ef6
27094693ns          472106 1c00953e 00df1023 sh               x13, 0(x30)         x13:0001ff32 x30:1c002e76  PA:1c002e76
27095071ns          472125 1c009542 01d59023 sh               x29, 0(x11)         x29:0000ffb4 x11:1c002e96  PA:1c002e96
27095389ns          472141 1c009546 00e09023 sh               x14, 0(x1)          x14:0000fedc  x1:1c002e86  PA:1c002e86
27095727ns          472158 1c00954a 01039023 sh               x16, 0(x7)          x16:0000ffd7  x7:1c002eb6  PA:1c002eb6
27096045ns          472174 1c00954e 00a29023 sh               x10, 0(x5)          x10:0000ff8e  x5:1c002ea6  PA:1c002ea6
27096363ns          472190 1c009552 008b0b13 addi             x22, x22, 8         x22=00000103 x22:000000fb
27096383ns          472191 1c009554 1f300793 addi             x15, x0, 499        x15=000001f3
27096403ns          472192 1c009558 e767dae3 bge              x15, x22, -396      x15:000001f3 x22:00000103
27096503ns          472197 1c0093cc 010c9a0b p.lh             x20, 16(x25!)       x20=fffffea9 x25=1c00289e x25:1c00288e  PA:1c00288e
27096821ns          472213 1c0093d0 0104198b p.lh             x19, 16(x8!)        x19=ffffff10  x8=1c002066  x8:1c002056  PA:1c002056
27097179ns          472231 1c0093d4 2cc10513 addi             x10, x2, 716        x10=10001fa4  x2:10001cd8
27097199ns          472232 1c0093d6 010a990b p.lh             x18, 16(x21!)       x18=fffffe99 x21=1c001892 x21:1c001882  PA:1c001882
27097537ns          472249 1c0093da 010b948b p.lh             x9, 16(x23!)         x9=ffffff31 x23=1c0010c2 x23:1c0010b2  PA:1c0010b2
27097855ns          472265 1c0093de 2d411623 sh               x20, 716(x2)        x20:fffffea9  x2:10001cd8  PA:10001fa4
27097875ns          472266 1c0093e2 2d311723 sh               x19, 718(x2)        x19:ffffff10  x2:10001cd8  PA:10001fa6
27097895ns          472267 1c0093e6 c33ff0ef jal              x1, -974             x1=1c0093e8
27097974ns          472271 1c009018 00051803 lh               x16, 0(x10)         x16=fffffea9 x10:10001fa4  PA:10001fa4
27098014ns          472273 1c00901c 00251883 lh               x17, 2(x10)         x17=ffffff10 x10:10001fa4  PA:10001fa6
27098054ns          472275 1c009020 030806b3 mul              x13, x16, x16       x13=0001cb91 x16:fffffea9 x16:fffffea9
27098074ns          472276 1c009024 03188633 mul              x12, x17, x17       x12=0000e100 x17:ffffff10 x17:ffffff10
27098094ns          472277 1c009028 40a65613 srai             x12, x12, 0x40a     x12=00000038 x12:0000e100
27098113ns          472278 1c00902a 40a6d693 srai             x13, x13, 0x40a     x13=00000072 x13:0001cb91
27098133ns          472279 1c00902c 00c686b3 add              x13, x13, x12       x13=000000aa x13:00000072 x12:00000038
27098153ns          472280 1c00902e 1006c633 p.exths          x12, x13, x0        x12=000000aa x13:000000aa
27098173ns          472281 1c009032 00855703 lhu              x14, 8(x10)         x14=0000ffd1 x10:10001fa4  PA:10001fac
27098213ns          472283 1c009036 00a55683 lhu              x13, 10(x10)        x13=0000ff6a x10:10001fa4  PA:10001fae
27098233ns          472284 1c00903a 02c60333 mul              x6, x12, x12         x6=000070e4 x12:000000aa x12:000000aa
27098253ns          472285 1c00903e 00c55783 lhu              x15, 12(x10)        x15=0000ffe5 x10:10001fa4  PA:10001fb0
27098273ns          472286 1c009042 00e55583 lhu              x11, 14(x10)        x11=00000060 x10:10001fa4  PA:10001fb2
27098312ns          472288 1c009046 dea30333 p.extract        x6, x6, 15, 10       x6=0000001c  x6:000070e4
27098332ns          472289 1c00904a 80c7075b p.muls           x14, x14, x12       x14=ffffe0ca x14:0000ffd1 x12:000000aa
27098352ns          472290 1c00904e 80c686db p.muls           x13, x13, x12       x13=ffff9c64 x13:0000ff6a x12:000000aa
27098372ns          472291 1c009052 00455e83 lhu              x29, 4(x10)         x29=00000427 x10:10001fa4  PA:10001fa8
27098392ns          472292 1c009056 00655e03 lhu              x28, 6(x10)         x28=0000007f x10:10001fa4  PA:10001faa
27098412ns          472293 1c00905a 40a75713 srai             x14, x14, 0x40a     x14=fffffff8 x14:ffffe0ca
27098432ns          472294 1c00905c 806787db p.muls           x15, x15, x6        x15=fffffd0c x15:0000ffe5  x6:0000001c
27098471ns          472296 1c009060 40a6d693 srai             x13, x13, 0x40a     x13=ffffffe7 x13:ffff9c64
27098511ns          472298 1c009062 8065865b p.muls           x12, x11, x6        x12=00000a80 x11:00000060  x6:0000001c
27098531ns          472299 1c009066 40a7d793 srai             x15, x15, 0x40a     x15=ffffffff x15:fffffd0c
27098551ns          472300 1c009068 40a65613 srai             x12, x12, 0x40a     x12=00000002 x12:00000a80
27098571ns          472301 1c00906a 01d70733 add              x14, x14, x29       x14=0000041f x14:fffffff8 x29:00000427
27098591ns          472302 1c00906c 01c686b3 add              x13, x13, x28       x13=00000066 x13:ffffffe7 x28:0000007f
27098611ns          472303 1c00906e 00c686b3 add              x13, x13, x12       x13=00000068 x13:00000066 x12:00000002
27098631ns          472304 1c009070 00f70733 add              x14, x14, x15       x14=0000041e x14:0000041f x15:ffffffff
27098650ns          472305 1c009072 100747b3 p.exths          x15, x14, x0        x15=0000041e x14:0000041e
27098670ns          472306 1c009076 1006c733 p.exths          x14, x13, x0        x14=00000068 x13:00000068
27098690ns          472307 1c00907a 03170633 mul              x12, x14, x17       x12=ffff9e80 x14:00000068 x17:ffffff10
27098710ns          472308 1c00907e 030786b3 mul              x13, x15, x16       x13=fffa7bce x15:0000041e x16:fffffea9
27098730ns          472309 1c009082 03070733 mul              x14, x14, x16       x14=ffff74a8 x14:00000068 x16:fffffea9
27098750ns          472310 1c009086 031787b3 mul              x15, x15, x17       x15=fffc23e0 x15:0000041e x17:ffffff10
27098770ns          472311 1c00908a 40a6d693 srai             x13, x13, 0x40a     x13=fffffe9e x13:fffa7bce
27098790ns          472312 1c00908c 40a65613 srai             x12, x12, 0x40a     x12=ffffffe7 x12:ffff9e80
27098810ns          472313 1c00908e 40a7d793 srai             x15, x15, 0x40a     x15=ffffff08 x15:fffc23e0
27098829ns          472314 1c009090 40a75713 srai             x14, x14, 0x40a     x14=ffffffdd x14:ffff74a8
27098849ns          472315 1c009092 40c686b3 sub              x13, x13, x12       x13=fffffeb7 x13:fffffe9e x12:ffffffe7
27098869ns          472316 1c009094 00e787b3 add              x15, x15, x14       x15=fffffee5 x15:ffffff08 x14:ffffffdd
27098889ns          472317 1c009096 00d51823 sh               x13, 16(x10)        x13:fffffeb7 x10:10001fa4  PA:10001fb4
27098909ns          472318 1c00909a 00f51923 sh               x15, 18(x10)        x15:fffffee5 x10:10001fa4  PA:10001fb6
27098929ns          472319 1c00909e 00008067 jalr             x0, x1, 0            x1:1c0093e8
27099048ns          472325 1c0093e8 2dc15583 lhu              x11, 732(x2)        x11=0000feb7  x2:10001cd8  PA:10001fb4
27099088ns          472327 1c0093ec 2de15783 lhu              x15, 734(x2)        x15=0000fee5  x2:10001cd8  PA:10001fb6
27099128ns          472329 1c0093f0 40b90933 sub              x18, x18, x11       x18=fffeffe2 x18:fffffe99 x11:0000feb7
27099148ns          472330 1c0093f4 40f484b3 sub              x9, x9, x15          x9=ffff004c  x9:ffffff31 x15:0000fee5
27099168ns          472331 1c0093f6 100945b3 p.exths          x11, x18, x0        x11=ffffffe2 x18:fffeffe2
27099187ns          472332 1c0093fa 1004c7b3 p.exths          x15, x9, x0         x15=0000004c  x9:ffff004c
27099207ns          472333 1c0093fe 034586b3 mul              x13, x11, x20       x13=00002832 x11:ffffffe2 x20:fffffea9
27099227ns          472334 1c009402 03378533 mul              x10, x15, x19       x10=ffffb8c0 x15:0000004c x19:ffffff10
27099247ns          472335 1c009406 034a0633 mul              x12, x20, x20       x12=0001cb91 x20:fffffea9 x20:fffffea9
27099267ns          472336 1c00940a 03398733 mul              x14, x19, x19       x14=0000e100 x19:ffffff10 x19:ffffff10
27099287ns          472337 1c00940e 034787b3 mul              x15, x15, x20       x15=ffff9a2c x15:0000004c x20:fffffea9
27099307ns          472338 1c009412 033585b3 mul              x11, x11, x19       x11=00001c20 x11:ffffffe2 x19:ffffff10
27099327ns          472339 1c009416 40a75713 srai             x14, x14, 0x40a     x14=00000038 x14:0000e100
27099347ns          472340 1c009418 40a5d593 srai             x11, x11, 0x40a     x11=00000007 x11:00001c20
27099366ns          472341 1c00941a 40a65613 srai             x12, x12, 0x40a     x12=00000072 x12:0001cb91
27099386ns          472342 1c00941c 40a7d793 srai             x15, x15, 0x40a     x15=ffffffe6 x15:ffff9a2c
27099406ns          472343 1c00941e 1c0034b7 lui              x9, 0x1c003000       x9=1c003000
27099426ns          472344 1c009422 00e60633 add              x12, x12, x14       x12=000000aa x12:00000072 x14:00000038
27099446ns          472345 1c009424 40b787b3 sub              x15, x15, x11       x15=ffffffdf x15:ffffffe6 x11:00000007
27099466ns          472346 1c009426 eb048493 addi             x9, x9, -336         x9=1c002eb0  x9:1c003000
27099486ns          472347 1c00942a 1c0032b7 lui              x5, 0x1c003000       x5=1c003000
27099506ns          472348 1c00942e 1c0035b7 lui              x11, 0x1c003000     x11=1c003000
27099526ns          472349 1c009432 018483b3 add              x7, x9, x24          x7=1c002eb6  x9:1c002eb0 x24:00000006
27099545ns          472350 1c009436 02812e83 lw               x29, 40(x2)         x29=1c002ec6  x2:10001cd8  PA:10001d00
27099565ns          472351 1c009438 10065633 p.exthz          x12, x12, x0        x12=000000aa x12:000000aa
27099585ns          472352 1c00943c e8028293 addi             x5, x5, -384         x5=1c002e80  x5:1c003000
27099605ns          472353 1c009440 ea058593 addi             x11, x11, -352      x11=1c002ea0 x11:1c003000
27099645ns          472355 1c009444 03812483 lw               x9, 56(x2)           x9=1c002ee6  x2:10001cd8  PA:10001d10
27099665ns          472356 1c009446 10064733 p.exths          x14, x12, x0        x14=000000aa x12:000000aa
27099685ns          472357 1c00944a 018280b3 add              x1, x5, x24          x1=1c002e86  x5:1c002e80 x24:00000006
27099705ns          472358 1c00944e 03012f03 lw               x30, 48(x2)         x30=1c002ed6  x2:10001cd8  PA:10001d08
27099744ns          472360 1c009450 018582b3 add              x5, x11, x24         x5=1c002ea6 x11:1c002ea0 x24:00000006
27099784ns          472362 1c009454 04012583 lw               x11, 64(x2)         x11=1c002ef6  x2:10001cd8  PA:10001d18
27099804ns          472363 1c009456 000edd83 lhu              x27, 0(x29)         x27=0000108a x29:1c002ec6  PA:1c002ec6
27100102ns          472378 1c00945a 0004d483 lhu              x9, 0(x9)            x9=0000016e  x9:1c002ee6  PA:1c002ee6
27100401ns          472393 1c00945e 02e70333 mul              x6, x14, x14         x6=000070e4 x14:000000aa x14:000000aa
27100420ns          472394 1c009462 40a55513 srai             x10, x10, 0x40a     x10=ffffffee x10:ffffb8c0
27100440ns          472395 1c009464 04812e83 lw               x29, 72(x2)         x29=1c002f06  x2:10001cd8  PA:10001d20
27100460ns          472396 1c009466 40a6d693 srai             x13, x13, 0x40a     x13=0000000a x13:00002832
27100480ns          472397 1c009468 000f5d03 lhu              x26, 0(x30)         x26=00000437 x30:1c002ed6  PA:1c002ed6
27100798ns          472413 1c00946c 0005d583 lhu              x11, 0(x11)         x11=0000008c x11:1c002ef6  PA:1c002ef6
27101097ns          472428 1c009470 40a35313 srai             x6, x6, 0x40a        x6=0000001c  x6:000070e4
27101117ns          472429 1c009474 00a686b3 add              x13, x13, x10       x13=fffffff8 x13:0000000a x10:ffffffee
27101136ns          472430 1c009476 05012f03 lw               x30, 80(x2)         x30=1c002e76  x2:10001cd8  PA:10001d28
27101156ns          472431 1c009478 10034e33 p.exths          x28, x6, x0         x28=0000001c  x6:0000001c
27101176ns          472432 1c00947c 06911023 sh               x9, 96(x2)           x9:0000016e  x2:10001cd8  PA:10001d38
27101216ns          472434 1c009480 000ede83 lhu              x29, 0(x29)         x29=0000003a x29:1c002f06  PA:1c002f06
27101534ns          472450 1c009484 05812483 lw               x9, 88(x2)           x9=1c002e66  x2:10001cd8  PA:10001d30
27101554ns          472451 1c009486 1006d6b3 p.exthz          x13, x13, x0        x13=0000fff8 x13:fffffff8
27101574ns          472452 1c00948a 02ee08b3 mul              x17, x28, x14       x17=00001298 x28:0000001c x14:000000aa
27101594ns          472453 1c00948e 1006c833 p.exths          x16, x13, x0        x16=fffffff8 x13:0000fff8
27101614ns          472454 1c009492 06b11823 sh               x11, 112(x2)        x11:0000008c  x2:10001cd8  PA:10001d48
27101634ns          472455 1c009496 000f5f03 lhu              x30, 0(x30)         x30=0000ff32 x30:1c002e76  PA:1c002e76
27101932ns          472470 1c00949a 0a012583 lw               x11, 160(x2)        x11=1c002e96  x2:10001cd8  PA:10001d78
27101952ns          472471 1c00949c 1007d7b3 p.exthz          x15, x15, x0        x15=0000ffdf x15:ffffffdf
27101972ns          472472 1c0094a0 0004da03 lhu              x20, 0(x9)          x20=0000fc29  x9:1c002e66  PA:1c002e66
27102310ns          472489 1c0094a4 1007c533 p.exths          x10, x15, x0        x10=ffffffdf x15:0000ffdf
27102330ns          472490 1c0094a8 09d11023 sh               x29, 128(x2)        x29:0000003a  x2:10001cd8  PA:10001d58
27102350ns          472491 1c0094ac 0003d483 lhu              x9, 0(x7)            x9=0000ffd7  x7:1c002eb6  PA:1c002eb6
27102648ns          472506 1c0094b0 02e80eb3 mul              x29, x16, x14       x29=fffffab0 x16:fffffff8 x14:000000aa
27102668ns          472507 1c0094b4 40a8d893 srai             x17, x17, 0x40a     x17=00000004 x17:00001298
27102688ns          472508 1c0094b8 03c80833 mul              x16, x16, x28       x16=ffffff20 x16:fffffff8 x28:0000001c
27102708ns          472509 1c0094bc 09e11823 sh               x30, 144(x2)        x30:0000ff32  x2:10001cd8  PA:10001d68
27102728ns          472510 1c0094c0 0005d983 lhu              x19, 0(x11)         x19=0000ffb4 x11:1c002e96  PA:1c002e96
27103046ns          472526 1c0094c4 81c88f5b p.muls           x30, x17, x28       x30=00000070 x17:00000004 x28:0000001c
27103066ns          472527 1c0094c8 0002d583 lhu              x11, 0(x5)          x11=0000ff8e  x5:1c002ea6  PA:1c002ea6
27103364ns          472542 1c0094cc 03ce0fb3 mul              x31, x28, x28       x31=00000310 x28:0000001c x28:0000001c
27103384ns          472543 1c0094d0 02e50733 mul              x14, x10, x14       x14=ffffea16 x10:ffffffdf x14:000000aa
27103404ns          472544 1c0094d4 40a85813 srai             x16, x16, 0x40a     x16=ffffffff x16:ffffff20
27103424ns          472545 1c0094d8 03c50533 mul              x10, x10, x28       x10=fffffc64 x10:ffffffdf x28:0000001c
27103443ns          472546 1c0094dc 07015e03 lhu              x28, 112(x2)        x28=0000008c  x2:10001cd8  PA:10001d48
27103483ns          472548 1c0094e0 01b60633 add              x12, x12, x27       x12=00001134 x12:000000aa x27:0000108a
27103503ns          472549 1c0094e2 00980833 add              x16, x16, x9        x16=0000ffd6 x16:ffffffff  x9:0000ffd7
27103523ns          472550 1c0094e4 06015d83 lhu              x27, 96(x2)         x27=0000016e  x2:10001cd8  PA:10001d38
27103543ns          472551 1c0094e8 02812483 lw               x9, 40(x2)           x9=1c002ec6  x2:10001cd8  PA:10001d00
27103563ns          472552 1c0094ea 40afdf93 srai             x31, x31, 0x40a     x31=00000000 x31:00000310
27103583ns          472553 1c0094ee 40a55513 srai             x10, x10, 0x40a     x10=ffffffff x10:fffffc64
27103603ns          472554 1c0094f0 01cf8fb3 add              x31, x31, x28       x31=0000008c x31:00000000 x28:0000008c
27103622ns          472555 1c0094f2 00b50533 add              x10, x10, x11       x10=0000ff8d x10:ffffffff x11:0000ff8e
27103642ns          472556 1c0094f4 09015e03 lhu              x28, 144(x2)        x28=0000ff32  x2:10001cd8  PA:10001d68
27103662ns          472557 1c0094f8 03012583 lw               x11, 48(x2)         x11=1c002ed6  x2:10001cd8  PA:10001d08
27103682ns          472558 1c0094fa 00c49023 sh               x12, 0(x9)          x12:00001134  x9:1c002ec6  PA:1c002ec6
27104020ns          472575 1c0094fe 01b888b3 add              x17, x17, x27       x17=00000172 x17:00000004 x27:0000016e
27104040ns          472576 1c009500 01a30333 add              x6, x6, x26          x6=00000453  x6:0000001c x26:00000437
27104060ns          472577 1c009502 08015d83 lhu              x27, 128(x2)        x27=0000003a  x2:10001cd8  PA:10001d58
27104080ns          472578 1c009506 0000d903 lhu              x18, 0(x1)          x18=0000fedc  x1:1c002e86  PA:1c002e86
27104378ns          472593 1c00950a 01c686b3 add              x13, x13, x28       x13=0001ff2a x13:0000fff8 x28:0000ff32
27104398ns          472594 1c00950c 00659023 sh               x6, 0(x11)           x6:00000453 x11:1c002ed6  PA:1c002ed6
27104716ns          472610 1c009510 40af5f13 srai             x30, x30, 0x40a     x30=00000000 x30:00000070
27104736ns          472611 1c009514 04812e03 lw               x28, 72(x2)         x28=1c002f06  x2:10001cd8  PA:10001d20
27104756ns          472612 1c009516 01bf0f33 add              x30, x30, x27       x30=0000003a x30:00000000 x27:0000003a
27104776ns          472613 1c009518 40aede93 srai             x29, x29, 0x40a     x29=fffffffe x29:fffffab0
27104796ns          472614 1c00951c 40a75713 srai             x14, x14, 0x40a     x14=fffffffa x14:ffffea16
27104816ns          472615 1c00951e 03812603 lw               x12, 56(x2)         x12=1c002ee6  x2:10001cd8  PA:10001d10
27104836ns          472616 1c009520 04012d83 lw               x27, 64(x2)         x27=1c002ef6  x2:10001cd8  PA:10001d18
27104856ns          472617 1c009522 01ee1023 sh               x30, 0(x28)         x30:0000003a x28:1c002f06  PA:1c002f06
27105174ns          472633 1c009526 05812483 lw               x9, 88(x2)           x9=1c002e66  x2:10001cd8  PA:10001d30
27105194ns          472634 1c009528 05012f03 lw               x30, 80(x2)         x30=1c002e76  x2:10001cd8  PA:10001d28
27105214ns          472635 1c00952a 0a012583 lw               x11, 160(x2)        x11=1c002e96  x2:10001cd8  PA:10001d78
27105233ns          472636 1c00952c 014787b3 add              x15, x15, x20       x15=0001fc08 x15:0000ffdf x20:0000fc29
27105253ns          472637 1c00952e 013e8eb3 add              x29, x29, x19       x29=0000ffb2 x29:fffffffe x19:0000ffb4
27105273ns          472638 1c009530 01270733 add              x14, x14, x18       x14=0000fed6 x14:fffffffa x18:0000fedc
27105293ns          472639 1c009532 00f49023 sh               x15, 0(x9)          x15:0001fc08  x9:1c002e66  PA:1c002e66
27105631ns          472656 1c009536 01161023 sh               x17, 0(x12)         x17:00000172 x12:1c002ee6  PA:1c002ee6
27105949ns          472672 1c00953a 01fd9023 sh               x31, 0(x27)         x31:0000008c x27:1c002ef6  PA:1c002ef6
27106327ns          472691 1c00953e 00df1023 sh               x13, 0(x30)         x13:0001ff2a x30:1c002e76  PA:1c002e76
27106645ns          472707 1c009542 01d59023 sh               x29, 0(x11)         x29:0000ffb2 x11:1c002e96  PA:1c002e96
27106964ns          472723 1c009546 00e09023 sh               x14, 0(x1)          x14:0000fed6  x1:1c002e86  PA:1c002e86
27107282ns          472739 1c00954a 01039023 sh               x16, 0(x7)          x16:0000ffd6  x7:1c002eb6  PA:1c002eb6
27107620ns          472756 1c00954e 00a29023 sh               x10, 0(x5)          x10:0000ff8d  x5:1c002ea6  PA:1c002ea6
27107938ns          472772 1c009552 008b0b13 addi             x22, x22, 8         x22=0000010b x22:00000103
27107958ns          472773 1c009554 1f300793 addi             x15, x0, 499        x15=000001f3
27107978ns          472774 1c009558 e767dae3 bge              x15, x22, -396      x15:000001f3 x22:0000010b
27108077ns          472779 1c0093cc 010c9a0b p.lh             x20, 16(x25!)       x20=fffffedd x25=1c0028ae x25:1c00289e  PA:1c00289e
27108415ns          472796 1c0093d0 0104198b p.lh             x19, 16(x8!)        x19=000000e3  x8=1c002076  x8:1c002066  PA:1c002066
27108754ns          472813 1c0093d4 2cc10513 addi             x10, x2, 716        x10=10001fa4  x2:10001cd8
27108773ns          472814 1c0093d6 010a990b p.lh             x18, 16(x21!)       x18=fffffeeb x21=1c0018a2 x21:1c001892  PA:1c001892
27109072ns          472829 1c0093da 010b948b p.lh             x9, 16(x23!)         x9=000000fc x23=1c0010d2 x23:1c0010c2  PA:1c0010c2
27109370ns          472844 1c0093de 2d411623 sh               x20, 716(x2)        x20:fffffedd  x2:10001cd8  PA:10001fa4
27109390ns          472845 1c0093e2 2d311723 sh               x19, 718(x2)        x19:000000e3  x2:10001cd8  PA:10001fa6
27109410ns          472846 1c0093e6 c33ff0ef jal              x1, -974             x1=1c0093e8
27109450ns          472848 1c009018 00051803 lh               x16, 0(x10)         x16=fffffedd x10:10001fa4  PA:10001fa4
27109470ns          472849 1c00901c 00251883 lh               x17, 2(x10)         x17=000000e3 x10:10001fa4  PA:10001fa6
27109489ns          472850 1c009020 030806b3 mul              x13, x16, x16       x13=00014ac9 x16:fffffedd x16:fffffedd
27109509ns          472851 1c009024 03188633 mul              x12, x17, x17       x12=0000c949 x17:000000e3 x17:000000e3
27109529ns          472852 1c009028 40a65613 srai             x12, x12, 0x40a     x12=00000032 x12:0000c949
27109549ns          472853 1c00902a 40a6d693 srai             x13, x13, 0x40a     x13=00000052 x13:00014ac9
27109569ns          472854 1c00902c 00c686b3 add              x13, x13, x12       x13=00000084 x13:00000052 x12:00000032
27109589ns          472855 1c00902e 1006c633 p.exths          x12, x13, x0        x12=00000084 x13:00000084
27109609ns          472856 1c009032 00855703 lhu              x14, 8(x10)         x14=0000ffd1 x10:10001fa4  PA:10001fac
27109629ns          472857 1c009036 00a55683 lhu              x13, 10(x10)        x13=0000ff6a x10:10001fa4  PA:10001fae
27109649ns          472858 1c00903a 02c60333 mul              x6, x12, x12         x6=00004410 x12:00000084 x12:00000084
27109668ns          472859 1c00903e 00c55783 lhu              x15, 12(x10)        x15=0000ffe5 x10:10001fa4  PA:10001fb0
27109688ns          472860 1c009042 00e55583 lhu              x11, 14(x10)        x11=00000060 x10:10001fa4  PA:10001fb2
27109708ns          472861 1c009046 dea30333 p.extract        x6, x6, 15, 10       x6=00000011  x6:00004410
27109728ns          472862 1c00904a 80c7075b p.muls           x14, x14, x12       x14=ffffe7c4 x14:0000ffd1 x12:00000084
27109748ns          472863 1c00904e 80c686db p.muls           x13, x13, x12       x13=ffffb2a8 x13:0000ff6a x12:00000084
27109768ns          472864 1c009052 00455e83 lhu              x29, 4(x10)         x29=00000427 x10:10001fa4  PA:10001fa8
27109788ns          472865 1c009056 00655e03 lhu              x28, 6(x10)         x28=0000007f x10:10001fa4  PA:10001faa
27109808ns          472866 1c00905a 40a75713 srai             x14, x14, 0x40a     x14=fffffff9 x14:ffffe7c4
27109828ns          472867 1c00905c 806787db p.muls           x15, x15, x6        x15=fffffe35 x15:0000ffe5  x6:00000011
27109847ns          472868 1c009060 40a6d693 srai             x13, x13, 0x40a     x13=ffffffec x13:ffffb2a8
27109887ns          472870 1c009062 8065865b p.muls           x12, x11, x6        x12=00000660 x11:00000060  x6:00000011
27109907ns          472871 1c009066 40a7d793 srai             x15, x15, 0x40a     x15=ffffffff x15:fffffe35
27109927ns          472872 1c009068 40a65613 srai             x12, x12, 0x40a     x12=00000001 x12:00000660
27109947ns          472873 1c00906a 01d70733 add              x14, x14, x29       x14=00000420 x14:fffffff9 x29:00000427
27109967ns          472874 1c00906c 01c686b3 add              x13, x13, x28       x13=0000006b x13:ffffffec x28:0000007f
27109987ns          472875 1c00906e 00c686b3 add              x13, x13, x12       x13=0000006c x13:0000006b x12:00000001
27110007ns          472876 1c009070 00f70733 add              x14, x14, x15       x14=0000041f x14:00000420 x15:ffffffff
27110026ns          472877 1c009072 100747b3 p.exths          x15, x14, x0        x15=0000041f x14:0000041f
27110046ns          472878 1c009076 1006c733 p.exths          x14, x13, x0        x14=0000006c x13:0000006c
27110066ns          472879 1c00907a 03170633 mul              x12, x14, x17       x12=00005fc4 x14:0000006c x17:000000e3
27110086ns          472880 1c00907e 030786b3 mul              x13, x15, x16       x13=fffb50c3 x15:0000041f x16:fffffedd
27110106ns          472881 1c009082 03070733 mul              x14, x14, x16       x14=ffff853c x14:0000006c x16:fffffedd
27110126ns          472882 1c009086 031787b3 mul              x15, x15, x17       x15=0003a77d x15:0000041f x17:000000e3
27110146ns          472883 1c00908a 40a6d693 srai             x13, x13, 0x40a     x13=fffffed4 x13:fffb50c3
27110166ns          472884 1c00908c 40a65613 srai             x12, x12, 0x40a     x12=00000017 x12:00005fc4
27110186ns          472885 1c00908e 40a7d793 srai             x15, x15, 0x40a     x15=000000e9 x15:0003a77d
27110205ns          472886 1c009090 40a75713 srai             x14, x14, 0x40a     x14=ffffffe1 x14:ffff853c
27110225ns          472887 1c009092 40c686b3 sub              x13, x13, x12       x13=fffffebd x13:fffffed4 x12:00000017
27110245ns          472888 1c009094 00e787b3 add              x15, x15, x14       x15=000000ca x15:000000e9 x14:ffffffe1
27110265ns          472889 1c009096 00d51823 sh               x13, 16(x10)        x13:fffffebd x10:10001fa4  PA:10001fb4
27110285ns          472890 1c00909a 00f51923 sh               x15, 18(x10)        x15:000000ca x10:10001fa4  PA:10001fb6
27110305ns          472891 1c00909e 00008067 jalr             x0, x1, 0            x1:1c0093e8
27110384ns          472895 1c0093e8 2dc15583 lhu              x11, 732(x2)        x11=0000febd  x2:10001cd8  PA:10001fb4
27110404ns          472896 1c0093ec 2de15783 lhu              x15, 734(x2)        x15=000000ca  x2:10001cd8  PA:10001fb6
27110424ns          472897 1c0093f0 40b90933 sub              x18, x18, x11       x18=ffff002e x18:fffffeeb x11:0000febd
27110444ns          472898 1c0093f4 40f484b3 sub              x9, x9, x15          x9=00000032  x9:000000fc x15:000000ca
27110464ns          472899 1c0093f6 100945b3 p.exths          x11, x18, x0        x11=0000002e x18:ffff002e
27110484ns          472900 1c0093fa 1004c7b3 p.exths          x15, x9, x0         x15=00000032  x9:00000032
27110504ns          472901 1c0093fe 034586b3 mul              x13, x11, x20       x13=ffffcbb6 x11:0000002e x20:fffffedd
27110524ns          472902 1c009402 03378533 mul              x10, x15, x19       x10=00002c56 x15:00000032 x19:000000e3
27110543ns          472903 1c009406 034a0633 mul              x12, x20, x20       x12=00014ac9 x20:fffffedd x20:fffffedd
27110563ns          472904 1c00940a 03398733 mul              x14, x19, x19       x14=0000c949 x19:000000e3 x19:000000e3
27110623ns          472907 1c00940e 034787b3 mul              x15, x15, x20       x15=ffffc72a x15:00000032 x20:fffffedd
27110663ns          472909 1c009412 033585b3 mul              x11, x11, x19       x11=000028ca x11:0000002e x19:000000e3
27110683ns          472910 1c009416 40a75713 srai             x14, x14, 0x40a     x14=00000032 x14:0000c949
27110703ns          472911 1c009418 40a5d593 srai             x11, x11, 0x40a     x11=0000000a x11:000028ca
27110722ns          472912 1c00941a 40a65613 srai             x12, x12, 0x40a     x12=00000052 x12:00014ac9
27110742ns          472913 1c00941c 40a7d793 srai             x15, x15, 0x40a     x15=fffffff1 x15:ffffc72a
27110762ns          472914 1c00941e 1c0034b7 lui              x9, 0x1c003000       x9=1c003000
27110782ns          472915 1c009422 00e60633 add              x12, x12, x14       x12=00000084 x12:00000052 x14:00000032
27110802ns          472916 1c009424 40b787b3 sub              x15, x15, x11       x15=ffffffe7 x15:fffffff1 x11:0000000a
27110822ns          472917 1c009426 eb048493 addi             x9, x9, -336         x9=1c002eb0  x9:1c003000
27110842ns          472918 1c00942a 1c0032b7 lui              x5, 0x1c003000       x5=1c003000
27110862ns          472919 1c00942e 1c0035b7 lui              x11, 0x1c003000     x11=1c003000
27110882ns          472920 1c009432 018483b3 add              x7, x9, x24          x7=1c002eb6  x9:1c002eb0 x24:00000006
27110901ns          472921 1c009436 02812e83 lw               x29, 40(x2)         x29=1c002ec6  x2:10001cd8  PA:10001d00
27110921ns          472922 1c009438 10065633 p.exthz          x12, x12, x0        x12=00000084 x12:00000084
27110941ns          472923 1c00943c e8028293 addi             x5, x5, -384         x5=1c002e80  x5:1c003000
27110961ns          472924 1c009440 ea058593 addi             x11, x11, -352      x11=1c002ea0 x11:1c003000
27110981ns          472925 1c009444 03812483 lw               x9, 56(x2)           x9=1c002ee6  x2:10001cd8  PA:10001d10
27111001ns          472926 1c009446 10064733 p.exths          x14, x12, x0        x14=00000084 x12:00000084
27111021ns          472927 1c00944a 018280b3 add              x1, x5, x24          x1=1c002e86  x5:1c002e80 x24:00000006
27111041ns          472928 1c00944e 03012f03 lw               x30, 48(x2)         x30=1c002ed6  x2:10001cd8  PA:10001d08
27111061ns          472929 1c009450 018582b3 add              x5, x11, x24         x5=1c002ea6 x11:1c002ea0 x24:00000006
27111080ns          472930 1c009454 04012583 lw               x11, 64(x2)         x11=1c002ef6  x2:10001cd8  PA:10001d18
27111100ns          472931 1c009456 000edd83 lhu              x27, 0(x29)         x27=00001134 x29:1c002ec6  PA:1c002ec6
27111419ns          472947 1c00945a 0004d483 lhu              x9, 0(x9)            x9=00000172  x9:1c002ee6  PA:1c002ee6
27111737ns          472963 1c00945e 02e70333 mul              x6, x14, x14         x6=00004410 x14:00000084 x14:00000084
27111757ns          472964 1c009462 40a55513 srai             x10, x10, 0x40a     x10=0000000b x10:00002c56
27111777ns          472965 1c009464 04812e83 lw               x29, 72(x2)         x29=1c002f06  x2:10001cd8  PA:10001d20
27111796ns          472966 1c009466 40a6d693 srai             x13, x13, 0x40a     x13=fffffff2 x13:ffffcbb6
27111816ns          472967 1c009468 000f5d03 lhu              x26, 0(x30)         x26=00000453 x30:1c002ed6  PA:1c002ed6
27112135ns          472983 1c00946c 0005d583 lhu              x11, 0(x11)         x11=0000008c x11:1c002ef6  PA:1c002ef6
27112453ns          472999 1c009470 40a35313 srai             x6, x6, 0x40a        x6=00000011  x6:00004410
27112473ns          473000 1c009474 00a686b3 add              x13, x13, x10       x13=fffffffd x13:fffffff2 x10:0000000b
27112493ns          473001 1c009476 05012f03 lw               x30, 80(x2)         x30=1c002e76  x2:10001cd8  PA:10001d28
27112512ns          473002 1c009478 10034e33 p.exths          x28, x6, x0         x28=00000011  x6:00000011
27112532ns          473003 1c00947c 06911023 sh               x9, 96(x2)           x9:00000172  x2:10001cd8  PA:10001d38
27112552ns          473004 1c009480 000ede83 lhu              x29, 0(x29)         x29=0000003a x29:1c002f06  PA:1c002f06
27112950ns          473024 1c009484 05812483 lw               x9, 88(x2)           x9=1c002e66  x2:10001cd8  PA:10001d30
27112970ns          473025 1c009486 1006d6b3 p.exthz          x13, x13, x0        x13=0000fffd x13:fffffffd
27112990ns          473026 1c00948a 02ee08b3 mul              x17, x28, x14       x17=000008c4 x28:00000011 x14:00000084
27113010ns          473027 1c00948e 1006c833 p.exths          x16, x13, x0        x16=fffffffd x13:0000fffd
27113029ns          473028 1c009492 06b11823 sh               x11, 112(x2)        x11:0000008c  x2:10001cd8  PA:10001d48
27113049ns          473029 1c009496 000f5f03 lhu              x30, 0(x30)         x30=0000ff2a x30:1c002e76  PA:1c002e76
27113348ns          473044 1c00949a 0a012583 lw               x11, 160(x2)        x11=1c002e96  x2:10001cd8  PA:10001d78
27113368ns          473045 1c00949c 1007d7b3 p.exthz          x15, x15, x0        x15=0000ffe7 x15:ffffffe7
27113387ns          473046 1c0094a0 0004da03 lhu              x20, 0(x9)          x20=0000fc08  x9:1c002e66  PA:1c002e66
27113706ns          473062 1c0094a4 1007c533 p.exths          x10, x15, x0        x10=ffffffe7 x15:0000ffe7
27113726ns          473063 1c0094a8 09d11023 sh               x29, 128(x2)        x29:0000003a  x2:10001cd8  PA:10001d58
27113745ns          473064 1c0094ac 0003d483 lhu              x9, 0(x7)            x9=0000ffd6  x7:1c002eb6  PA:1c002eb6
27114064ns          473080 1c0094b0 02e80eb3 mul              x29, x16, x14       x29=fffffe74 x16:fffffffd x14:00000084
27114084ns          473081 1c0094b4 40a8d893 srai             x17, x17, 0x40a     x17=00000002 x17:000008c4
27114103ns          473082 1c0094b8 03c80833 mul              x16, x16, x28       x16=ffffffcd x16:fffffffd x28:00000011
27114123ns          473083 1c0094bc 09e11823 sh               x30, 144(x2)        x30:0000ff2a  x2:10001cd8  PA:10001d68
27114143ns          473084 1c0094c0 0005d983 lhu              x19, 0(x11)         x19=0000ffb2 x11:1c002e96  PA:1c002e96
27114461ns          473100 1c0094c4 81c88f5b p.muls           x30, x17, x28       x30=00000022 x17:00000002 x28:00000011
27114481ns          473101 1c0094c8 0002d583 lhu              x11, 0(x5)          x11=0000ff8d  x5:1c002ea6  PA:1c002ea6
27114780ns          473116 1c0094cc 03ce0fb3 mul              x31, x28, x28       x31=00000121 x28:00000011 x28:00000011
27114800ns          473117 1c0094d0 02e50733 mul              x14, x10, x14       x14=fffff31c x10:ffffffe7 x14:00000084
27114819ns          473118 1c0094d4 40a85813 srai             x16, x16, 0x40a     x16=ffffffff x16:ffffffcd
27114839ns          473119 1c0094d8 03c50533 mul              x10, x10, x28       x10=fffffe57 x10:ffffffe7 x28:00000011
27114859ns          473120 1c0094dc 07015e03 lhu              x28, 112(x2)        x28=0000008c  x2:10001cd8  PA:10001d48
27114899ns          473122 1c0094e0 01b60633 add              x12, x12, x27       x12=000011b8 x12:00000084 x27:00001134
27114919ns          473123 1c0094e2 00980833 add              x16, x16, x9        x16=0000ffd5 x16:ffffffff  x9:0000ffd6
27114939ns          473124 1c0094e4 06015d83 lhu              x27, 96(x2)         x27=00000172  x2:10001cd8  PA:10001d38
27114959ns          473125 1c0094e8 02812483 lw               x9, 40(x2)           x9=1c002ec6  x2:10001cd8  PA:10001d00
27114979ns          473126 1c0094ea 40afdf93 srai             x31, x31, 0x40a     x31=00000000 x31:00000121
27114998ns          473127 1c0094ee 40a55513 srai             x10, x10, 0x40a     x10=ffffffff x10:fffffe57
27115018ns          473128 1c0094f0 01cf8fb3 add              x31, x31, x28       x31=0000008c x31:00000000 x28:0000008c
27115038ns          473129 1c0094f2 00b50533 add              x10, x10, x11       x10=0000ff8c x10:ffffffff x11:0000ff8d
27115058ns          473130 1c0094f4 09015e03 lhu              x28, 144(x2)        x28=0000ff2a  x2:10001cd8  PA:10001d68
27115078ns          473131 1c0094f8 03012583 lw               x11, 48(x2)         x11=1c002ed6  x2:10001cd8  PA:10001d08
27115098ns          473132 1c0094fa 00c49023 sh               x12, 0(x9)          x12:000011b8  x9:1c002ec6  PA:1c002ec6
27115436ns          473149 1c0094fe 01b888b3 add              x17, x17, x27       x17=00000174 x17:00000002 x27:00000172
27115456ns          473150 1c009500 01a30333 add              x6, x6, x26          x6=00000464  x6:00000011 x26:00000453
27115476ns          473151 1c009502 08015d83 lhu              x27, 128(x2)        x27=0000003a  x2:10001cd8  PA:10001d58
27115496ns          473152 1c009506 0000d903 lhu              x18, 0(x1)          x18=0000fed6  x1:1c002e86  PA:1c002e86
27115794ns          473167 1c00950a 01c686b3 add              x13, x13, x28       x13=0001ff27 x13:0000fffd x28:0000ff2a
27115814ns          473168 1c00950c 00659023 sh               x6, 0(x11)           x6:00000464 x11:1c002ed6  PA:1c002ed6
27116132ns          473184 1c009510 40af5f13 srai             x30, x30, 0x40a     x30=00000000 x30:00000022
27116152ns          473185 1c009514 04812e03 lw               x28, 72(x2)         x28=1c002f06  x2:10001cd8  PA:10001d20
27116172ns          473186 1c009516 01bf0f33 add              x30, x30, x27       x30=0000003a x30:00000000 x27:0000003a
27116192ns          473187 1c009518 40aede93 srai             x29, x29, 0x40a     x29=ffffffff x29:fffffe74
27116212ns          473188 1c00951c 40a75713 srai             x14, x14, 0x40a     x14=fffffffc x14:fffff31c
27116231ns          473189 1c00951e 03812603 lw               x12, 56(x2)         x12=1c002ee6  x2:10001cd8  PA:10001d10
27116251ns          473190 1c009520 04012d83 lw               x27, 64(x2)         x27=1c002ef6  x2:10001cd8  PA:10001d18
27116271ns          473191 1c009522 01ee1023 sh               x30, 0(x28)         x30:0000003a x28:1c002f06  PA:1c002f06
27116589ns          473207 1c009526 05812483 lw               x9, 88(x2)           x9=1c002e66  x2:10001cd8  PA:10001d30
27116609ns          473208 1c009528 05012f03 lw               x30, 80(x2)         x30=1c002e76  x2:10001cd8  PA:10001d28
27116629ns          473209 1c00952a 0a012583 lw               x11, 160(x2)        x11=1c002e96  x2:10001cd8  PA:10001d78
27116649ns          473210 1c00952c 014787b3 add              x15, x15, x20       x15=0001fbef x15:0000ffe7 x20:0000fc08
27116669ns          473211 1c00952e 013e8eb3 add              x29, x29, x19       x29=0000ffb1 x29:ffffffff x19:0000ffb2
27116689ns          473212 1c009530 01270733 add              x14, x14, x18       x14=0000fed2 x14:fffffffc x18:0000fed6
27116709ns          473213 1c009532 00f49023 sh               x15, 0(x9)          x15:0001fbef  x9:1c002e66  PA:1c002e66
27117027ns          473229 1c009536 01161023 sh               x17, 0(x12)         x17:00000174 x12:1c002ee6  PA:1c002ee6
27117345ns          473245 1c00953a 01fd9023 sh               x31, 0(x27)         x31:0000008c x27:1c002ef6  PA:1c002ef6
27117683ns          473262 1c00953e 00df1023 sh               x13, 0(x30)         x13:0001ff27 x30:1c002e76  PA:1c002e76
27118021ns          473279 1c009542 01d59023 sh               x29, 0(x11)         x29:0000ffb1 x11:1c002e96  PA:1c002e96
27118340ns          473295 1c009546 00e09023 sh               x14, 0(x1)          x14:0000fed2  x1:1c002e86  PA:1c002e86
27118658ns          473311 1c00954a 01039023 sh               x16, 0(x7)          x16:0000ffd5  x7:1c002eb6  PA:1c002eb6
27118976ns          473327 1c00954e 00a29023 sh               x10, 0(x5)          x10:0000ff8c  x5:1c002ea6  PA:1c002ea6
27119294ns          473343 1c009552 008b0b13 addi             x22, x22, 8         x22=00000113 x22:0000010b
27119314ns          473344 1c009554 1f300793 addi             x15, x0, 499        x15=000001f3
27119334ns          473345 1c009558 e767dae3 bge              x15, x22, -396      x15:000001f3 x22:00000113
27119394ns          473348 1c0093cc 010c9a0b p.lh             x20, 16(x25!)       x20=000000c9 x25=1c0028be x25:1c0028ae  PA:1c0028ae
27119712ns          473364 1c0093d0 0104198b p.lh             x19, 16(x8!)        x19=ffffff3f  x8=1c002086  x8:1c002076  PA:1c002076
27120010ns          473379 1c0093d4 2cc10513 addi             x10, x2, 716        x10=10001fa4  x2:10001cd8
27120030ns          473380 1c0093d6 010a990b p.lh             x18, 16(x21!)       x18=000000be x21=1c0018b2 x21:1c0018a2  PA:1c0018a2
27120428ns          473400 1c0093da 010b948b p.lh             x9, 16(x23!)         x9=ffffff32 x23=1c0010e2 x23:1c0010d2  PA:1c0010d2
27120746ns          473416 1c0093de 2d411623 sh               x20, 716(x2)        x20:000000c9  x2:10001cd8  PA:10001fa4
27120766ns          473417 1c0093e2 2d311723 sh               x19, 718(x2)        x19:ffffff3f  x2:10001cd8  PA:10001fa6
27120786ns          473418 1c0093e6 c33ff0ef jal              x1, -974             x1=1c0093e8
27120865ns          473422 1c009018 00051803 lh               x16, 0(x10)         x16=000000c9 x10:10001fa4  PA:10001fa4
27120905ns          473424 1c00901c 00251883 lh               x17, 2(x10)         x17=ffffff3f x10:10001fa4  PA:10001fa6
27120965ns          473427 1c009020 030806b3 mul              x13, x16, x16       x13=00009dd1 x16:000000c9 x16:000000c9
27121005ns          473429 1c009024 03188633 mul              x12, x17, x17       x12=00009181 x17:ffffff3f x17:ffffff3f
27121024ns          473430 1c009028 40a65613 srai             x12, x12, 0x40a     x12=00000024 x12:00009181
27121044ns          473431 1c00902a 40a6d693 srai             x13, x13, 0x40a     x13=00000027 x13:00009dd1
27121064ns          473432 1c00902c 00c686b3 add              x13, x13, x12       x13=0000004b x13:00000027 x12:00000024
27121084ns          473433 1c00902e 1006c633 p.exths          x12, x13, x0        x12=0000004b x13:0000004b
27121104ns          473434 1c009032 00855703 lhu              x14, 8(x10)         x14=0000ffd1 x10:10001fa4  PA:10001fac
27121124ns          473435 1c009036 00a55683 lhu              x13, 10(x10)        x13=0000ff6a x10:10001fa4  PA:10001fae
27121144ns          473436 1c00903a 02c60333 mul              x6, x12, x12         x6=000015f9 x12:0000004b x12:0000004b
27121184ns          473438 1c00903e 00c55783 lhu              x15, 12(x10)        x15=0000ffe5 x10:10001fa4  PA:10001fb0
27121223ns          473440 1c009042 00e55583 lhu              x11, 14(x10)        x11=00000060 x10:10001fa4  PA:10001fb2
27121243ns          473441 1c009046 dea30333 p.extract        x6, x6, 15, 10       x6=00000005  x6:000015f9
27121263ns          473442 1c00904a 80c7075b p.muls           x14, x14, x12       x14=fffff23b x14:0000ffd1 x12:0000004b
27121323ns          473445 1c00904e 80c686db p.muls           x13, x13, x12       x13=ffffd40e x13:0000ff6a x12:0000004b
27121363ns          473447 1c009052 00455e83 lhu              x29, 4(x10)         x29=00000427 x10:10001fa4  PA:10001fa8
27121382ns          473448 1c009056 00655e03 lhu              x28, 6(x10)         x28=0000007f x10:10001fa4  PA:10001faa
27121402ns          473449 1c00905a 40a75713 srai             x14, x14, 0x40a     x14=fffffffc x14:fffff23b
27121422ns          473450 1c00905c 806787db p.muls           x15, x15, x6        x15=ffffff79 x15:0000ffe5  x6:00000005
27121442ns          473451 1c009060 40a6d693 srai             x13, x13, 0x40a     x13=fffffff5 x13:ffffd40e
27121462ns          473452 1c009062 8065865b p.muls           x12, x11, x6        x12=000001e0 x11:00000060  x6:00000005
27121482ns          473453 1c009066 40a7d793 srai             x15, x15, 0x40a     x15=ffffffff x15:ffffff79
27121502ns          473454 1c009068 40a65613 srai             x12, x12, 0x40a     x12=00000000 x12:000001e0
27121522ns          473455 1c00906a 01d70733 add              x14, x14, x29       x14=00000423 x14:fffffffc x29:00000427
27121542ns          473456 1c00906c 01c686b3 add              x13, x13, x28       x13=00000074 x13:fffffff5 x28:0000007f
27121561ns          473457 1c00906e 00c686b3 add              x13, x13, x12       x13=00000074 x13:00000074 x12:00000000
27121581ns          473458 1c009070 00f70733 add              x14, x14, x15       x14=00000422 x14:00000423 x15:ffffffff
27121601ns          473459 1c009072 100747b3 p.exths          x15, x14, x0        x15=00000422 x14:00000422
27121621ns          473460 1c009076 1006c733 p.exths          x14, x13, x0        x14=00000074 x13:00000074
27121641ns          473461 1c00907a 03170633 mul              x12, x14, x17       x12=ffffa88c x14:00000074 x17:ffffff3f
27121661ns          473462 1c00907e 030786b3 mul              x13, x15, x16       x13=00033eb2 x15:00000422 x16:000000c9
27121681ns          473463 1c009082 03070733 mul              x14, x14, x16       x14=00005b14 x14:00000074 x16:000000c9
27121701ns          473464 1c009086 031787b3 mul              x15, x15, x17       x15=fffce25e x15:00000422 x17:ffffff3f
27121721ns          473465 1c00908a 40a6d693 srai             x13, x13, 0x40a     x13=000000cf x13:00033eb2
27121740ns          473466 1c00908c 40a65613 srai             x12, x12, 0x40a     x12=ffffffea x12:ffffa88c
27121760ns          473467 1c00908e 40a7d793 srai             x15, x15, 0x40a     x15=ffffff38 x15:fffce25e
27121780ns          473468 1c009090 40a75713 srai             x14, x14, 0x40a     x14=00000016 x14:00005b14
27121800ns          473469 1c009092 40c686b3 sub              x13, x13, x12       x13=000000e5 x13:000000cf x12:ffffffea
27121820ns          473470 1c009094 00e787b3 add              x15, x15, x14       x15=ffffff4e x15:ffffff38 x14:00000016
27121840ns          473471 1c009096 00d51823 sh               x13, 16(x10)        x13:000000e5 x10:10001fa4  PA:10001fb4
27121860ns          473472 1c00909a 00f51923 sh               x15, 18(x10)        x15:ffffff4e x10:10001fa4  PA:10001fb6
27121880ns          473473 1c00909e 00008067 jalr             x0, x1, 0            x1:1c0093e8
27121919ns          473475 1c0093e8 2dc15583 lhu              x11, 732(x2)        x11=000000e5  x2:10001cd8  PA:10001fb4
27121939ns          473476 1c0093ec 2de15783 lhu              x15, 734(x2)        x15=0000ff4e  x2:10001cd8  PA:10001fb6
27121959ns          473477 1c0093f0 40b90933 sub              x18, x18, x11       x18=ffffffd9 x18:000000be x11:000000e5
27121979ns          473478 1c0093f4 40f484b3 sub              x9, x9, x15          x9=fffeffe4  x9:ffffff32 x15:0000ff4e
27121999ns          473479 1c0093f6 100945b3 p.exths          x11, x18, x0        x11=ffffffd9 x18:ffffffd9
27122019ns          473480 1c0093fa 1004c7b3 p.exths          x15, x9, x0         x15=ffffffe4  x9:fffeffe4
27122039ns          473481 1c0093fe 034586b3 mul              x13, x11, x20       x13=ffffe161 x11:ffffffd9 x20:000000c9
27122059ns          473482 1c009402 03378533 mul              x10, x15, x19       x10=0000151c x15:ffffffe4 x19:ffffff3f
27122079ns          473483 1c009406 034a0633 mul              x12, x20, x20       x12=00009dd1 x20:000000c9 x20:000000c9
27122098ns          473484 1c00940a 03398733 mul              x14, x19, x19       x14=00009181 x19:ffffff3f x19:ffffff3f
27122158ns          473487 1c00940e 034787b3 mul              x15, x15, x20       x15=ffffea04 x15:ffffffe4 x20:000000c9
27122198ns          473489 1c009412 033585b3 mul              x11, x11, x19       x11=00001d67 x11:ffffffd9 x19:ffffff3f
27122218ns          473490 1c009416 40a75713 srai             x14, x14, 0x40a     x14=00000024 x14:00009181
27122238ns          473491 1c009418 40a5d593 srai             x11, x11, 0x40a     x11=00000007 x11:00001d67
27122258ns          473492 1c00941a 40a65613 srai             x12, x12, 0x40a     x12=00000027 x12:00009dd1
27122277ns          473493 1c00941c 40a7d793 srai             x15, x15, 0x40a     x15=fffffffa x15:ffffea04
27122297ns          473494 1c00941e 1c0034b7 lui              x9, 0x1c003000       x9=1c003000
27122317ns          473495 1c009422 00e60633 add              x12, x12, x14       x12=0000004b x12:00000027 x14:00000024
27122337ns          473496 1c009424 40b787b3 sub              x15, x15, x11       x15=fffffff3 x15:fffffffa x11:00000007
27122357ns          473497 1c009426 eb048493 addi             x9, x9, -336         x9=1c002eb0  x9:1c003000
27122377ns          473498 1c00942a 1c0032b7 lui              x5, 0x1c003000       x5=1c003000
27122397ns          473499 1c00942e 1c0035b7 lui              x11, 0x1c003000     x11=1c003000
27122417ns          473500 1c009432 018483b3 add              x7, x9, x24          x7=1c002eb6  x9:1c002eb0 x24:00000006
27122437ns          473501 1c009436 02812e83 lw               x29, 40(x2)         x29=1c002ec6  x2:10001cd8  PA:10001d00
27122456ns          473502 1c009438 10065633 p.exthz          x12, x12, x0        x12=0000004b x12:0000004b
27122476ns          473503 1c00943c e8028293 addi             x5, x5, -384         x5=1c002e80  x5:1c003000
27122496ns          473504 1c009440 ea058593 addi             x11, x11, -352      x11=1c002ea0 x11:1c003000
27122536ns          473506 1c009444 03812483 lw               x9, 56(x2)           x9=1c002ee6  x2:10001cd8  PA:10001d10
27122556ns          473507 1c009446 10064733 p.exths          x14, x12, x0        x14=0000004b x12:0000004b
27122576ns          473508 1c00944a 018280b3 add              x1, x5, x24          x1=1c002e86  x5:1c002e80 x24:00000006
27122596ns          473509 1c00944e 03012f03 lw               x30, 48(x2)         x30=1c002ed6  x2:10001cd8  PA:10001d08
27122616ns          473510 1c009450 018582b3 add              x5, x11, x24         x5=1c002ea6 x11:1c002ea0 x24:00000006
27122635ns          473511 1c009454 04012583 lw               x11, 64(x2)         x11=1c002ef6  x2:10001cd8  PA:10001d18
27122655ns          473512 1c009456 000edd83 lhu              x27, 0(x29)         x27=000011b8 x29:1c002ec6  PA:1c002ec6
27122973ns          473528 1c00945a 0004d483 lhu              x9, 0(x9)            x9=00000174  x9:1c002ee6  PA:1c002ee6
27123272ns          473543 1c00945e 02e70333 mul              x6, x14, x14         x6=000015f9 x14:0000004b x14:0000004b
27123292ns          473544 1c009462 40a55513 srai             x10, x10, 0x40a     x10=00000005 x10:0000151c
27123312ns          473545 1c009464 04812e83 lw               x29, 72(x2)         x29=1c002f06  x2:10001cd8  PA:10001d20
27123331ns          473546 1c009466 40a6d693 srai             x13, x13, 0x40a     x13=fffffff8 x13:ffffe161
27123351ns          473547 1c009468 000f5d03 lhu              x26, 0(x30)         x26=00000464 x30:1c002ed6  PA:1c002ed6
27123650ns          473562 1c00946c 0005d583 lhu              x11, 0(x11)         x11=0000008c x11:1c002ef6  PA:1c002ef6
27123948ns          473577 1c009470 40a35313 srai             x6, x6, 0x40a        x6=00000005  x6:000015f9
27123968ns          473578 1c009474 00a686b3 add              x13, x13, x10       x13=fffffffd x13:fffffff8 x10:00000005
27123988ns          473579 1c009476 05012f03 lw               x30, 80(x2)         x30=1c002e76  x2:10001cd8  PA:10001d28
27124008ns          473580 1c009478 10034e33 p.exths          x28, x6, x0         x28=00000005  x6:00000005
27124028ns          473581 1c00947c 06911023 sh               x9, 96(x2)           x9:00000174  x2:10001cd8  PA:10001d38
27124047ns          473582 1c009480 000ede83 lhu              x29, 0(x29)         x29=0000003a x29:1c002f06  PA:1c002f06
27124405ns          473600 1c009484 05812483 lw               x9, 88(x2)           x9=1c002e66  x2:10001cd8  PA:10001d30
27124425ns          473601 1c009486 1006d6b3 p.exthz          x13, x13, x0        x13=0000fffd x13:fffffffd
27124445ns          473602 1c00948a 02ee08b3 mul              x17, x28, x14       x17=00000177 x28:00000005 x14:0000004b
27124465ns          473603 1c00948e 1006c833 p.exths          x16, x13, x0        x16=fffffffd x13:0000fffd
27124485ns          473604 1c009492 06b11823 sh               x11, 112(x2)        x11:0000008c  x2:10001cd8  PA:10001d48
27124505ns          473605 1c009496 000f5f03 lhu              x30, 0(x30)         x30=0000ff27 x30:1c002e76  PA:1c002e76
27124843ns          473622 1c00949a 0a012583 lw               x11, 160(x2)        x11=1c002e96  x2:10001cd8  PA:10001d78
27124863ns          473623 1c00949c 1007d7b3 p.exthz          x15, x15, x0        x15=0000fff3 x15:fffffff3
27124883ns          473624 1c0094a0 0004da03 lhu              x20, 0(x9)          x20=0000fbef  x9:1c002e66  PA:1c002e66
27125181ns          473639 1c0094a4 1007c533 p.exths          x10, x15, x0        x10=fffffff3 x15:0000fff3
27125201ns          473640 1c0094a8 09d11023 sh               x29, 128(x2)        x29:0000003a  x2:10001cd8  PA:10001d58
27125221ns          473641 1c0094ac 0003d483 lhu              x9, 0(x7)            x9=0000ffd5  x7:1c002eb6  PA:1c002eb6
27125519ns          473656 1c0094b0 02e80eb3 mul              x29, x16, x14       x29=ffffff1f x16:fffffffd x14:0000004b
27125539ns          473657 1c0094b4 40a8d893 srai             x17, x17, 0x40a     x17=00000000 x17:00000177
27125559ns          473658 1c0094b8 03c80833 mul              x16, x16, x28       x16=fffffff1 x16:fffffffd x28:00000005
27125579ns          473659 1c0094bc 09e11823 sh               x30, 144(x2)        x30:0000ff27  x2:10001cd8  PA:10001d68
27125599ns          473660 1c0094c0 0005d983 lhu              x19, 0(x11)         x19=0000ffb1 x11:1c002e96  PA:1c002e96
27125897ns          473675 1c0094c4 81c88f5b p.muls           x30, x17, x28       x30=00000000 x17:00000000 x28:00000005
27125917ns          473676 1c0094c8 0002d583 lhu              x11, 0(x5)          x11=0000ff8c  x5:1c002ea6  PA:1c002ea6
27126215ns          473691 1c0094cc 03ce0fb3 mul              x31, x28, x28       x31=00000019 x28:00000005 x28:00000005
27126235ns          473692 1c0094d0 02e50733 mul              x14, x10, x14       x14=fffffc31 x10:fffffff3 x14:0000004b
27126255ns          473693 1c0094d4 40a85813 srai             x16, x16, 0x40a     x16=ffffffff x16:fffffff1
27126275ns          473694 1c0094d8 03c50533 mul              x10, x10, x28       x10=ffffffbf x10:fffffff3 x28:00000005
27126295ns          473695 1c0094dc 07015e03 lhu              x28, 112(x2)        x28=0000008c  x2:10001cd8  PA:10001d48
27126315ns          473696 1c0094e0 01b60633 add              x12, x12, x27       x12=00001203 x12:0000004b x27:000011b8
27126335ns          473697 1c0094e2 00980833 add              x16, x16, x9        x16=0000ffd4 x16:ffffffff  x9:0000ffd5
27126354ns          473698 1c0094e4 06015d83 lhu              x27, 96(x2)         x27=00000174  x2:10001cd8  PA:10001d38
27126374ns          473699 1c0094e8 02812483 lw               x9, 40(x2)           x9=1c002ec6  x2:10001cd8  PA:10001d00
27126394ns          473700 1c0094ea 40afdf93 srai             x31, x31, 0x40a     x31=00000000 x31:00000019
27126414ns          473701 1c0094ee 40a55513 srai             x10, x10, 0x40a     x10=ffffffff x10:ffffffbf
27126434ns          473702 1c0094f0 01cf8fb3 add              x31, x31, x28       x31=0000008c x31:00000000 x28:0000008c
27126454ns          473703 1c0094f2 00b50533 add              x10, x10, x11       x10=0000ff8b x10:ffffffff x11:0000ff8c
27126474ns          473704 1c0094f4 09015e03 lhu              x28, 144(x2)        x28=0000ff27  x2:10001cd8  PA:10001d68
27126494ns          473705 1c0094f8 03012583 lw               x11, 48(x2)         x11=1c002ed6  x2:10001cd8  PA:10001d08
27126514ns          473706 1c0094fa 00c49023 sh               x12, 0(x9)          x12:00001203  x9:1c002ec6  PA:1c002ec6
27126852ns          473723 1c0094fe 01b888b3 add              x17, x17, x27       x17=00000174 x17:00000000 x27:00000174
27126872ns          473724 1c009500 01a30333 add              x6, x6, x26          x6=00000469  x6:00000005 x26:00000464
27126891ns          473725 1c009502 08015d83 lhu              x27, 128(x2)        x27=0000003a  x2:10001cd8  PA:10001d58
27126911ns          473726 1c009506 0000d903 lhu              x18, 0(x1)          x18=0000fed2  x1:1c002e86  PA:1c002e86
27127349ns          473748 1c00950a 01c686b3 add              x13, x13, x28       x13=0001ff24 x13:0000fffd x28:0000ff27
27127369ns          473749 1c00950c 00659023 sh               x6, 0(x11)           x6:00000469 x11:1c002ed6  PA:1c002ed6
27127707ns          473766 1c009510 40af5f13 srai             x30, x30, 0x40a     x30=00000000 x30:00000000
27127727ns          473767 1c009514 04812e03 lw               x28, 72(x2)         x28=1c002f06  x2:10001cd8  PA:10001d20
27127747ns          473768 1c009516 01bf0f33 add              x30, x30, x27       x30=0000003a x30:00000000 x27:0000003a
27127766ns          473769 1c009518 40aede93 srai             x29, x29, 0x40a     x29=ffffffff x29:ffffff1f
27127786ns          473770 1c00951c 40a75713 srai             x14, x14, 0x40a     x14=ffffffff x14:fffffc31
27127806ns          473771 1c00951e 03812603 lw               x12, 56(x2)         x12=1c002ee6  x2:10001cd8  PA:10001d10
27127826ns          473772 1c009520 04012d83 lw               x27, 64(x2)         x27=1c002ef6  x2:10001cd8  PA:10001d18
27127846ns          473773 1c009522 01ee1023 sh               x30, 0(x28)         x30:0000003a x28:1c002f06  PA:1c002f06
27128164ns          473789 1c009526 05812483 lw               x9, 88(x2)           x9=1c002e66  x2:10001cd8  PA:10001d30
27128184ns          473790 1c009528 05012f03 lw               x30, 80(x2)         x30=1c002e76  x2:10001cd8  PA:10001d28
27128204ns          473791 1c00952a 0a012583 lw               x11, 160(x2)        x11=1c002e96  x2:10001cd8  PA:10001d78
27128224ns          473792 1c00952c 014787b3 add              x15, x15, x20       x15=0001fbe2 x15:0000fff3 x20:0000fbef
27128244ns          473793 1c00952e 013e8eb3 add              x29, x29, x19       x29=0000ffb0 x29:ffffffff x19:0000ffb1
27128264ns          473794 1c009530 01270733 add              x14, x14, x18       x14=0000fed1 x14:ffffffff x18:0000fed2
27128284ns          473795 1c009532 00f49023 sh               x15, 0(x9)          x15:0001fbe2  x9:1c002e66  PA:1c002e66
27128602ns          473811 1c009536 01161023 sh               x17, 0(x12)         x17:00000174 x12:1c002ee6  PA:1c002ee6
27128920ns          473827 1c00953a 01fd9023 sh               x31, 0(x27)         x31:0000008c x27:1c002ef6  PA:1c002ef6
27129238ns          473843 1c00953e 00df1023 sh               x13, 0(x30)         x13:0001ff24 x30:1c002e76  PA:1c002e76
27129556ns          473859 1c009542 01d59023 sh               x29, 0(x11)         x29:0000ffb0 x11:1c002e96  PA:1c002e96
27129895ns          473876 1c009546 00e09023 sh               x14, 0(x1)          x14:0000fed1  x1:1c002e86  PA:1c002e86
27130233ns          473893 1c00954a 01039023 sh               x16, 0(x7)          x16:0000ffd4  x7:1c002eb6  PA:1c002eb6
27130551ns          473909 1c00954e 00a29023 sh               x10, 0(x5)          x10:0000ff8b  x5:1c002ea6  PA:1c002ea6
27130869ns          473925 1c009552 008b0b13 addi             x22, x22, 8         x22=0000011b x22:00000113
27130889ns          473926 1c009554 1f300793 addi             x15, x0, 499        x15=000001f3
27130909ns          473927 1c009558 e767dae3 bge              x15, x22, -396      x15:000001f3 x22:0000011b
27131008ns          473932 1c0093cc 010c9a0b p.lh             x20, 16(x25!)       x20=00000097 x25=1c0028ce x25:1c0028be  PA:1c0028be
27131346ns          473949 1c0093d0 0104198b p.lh             x19, 16(x8!)        x19=000000fa  x8=1c002096  x8:1c002086  PA:1c002086
27131645ns          473964 1c0093d4 2cc10513 addi             x10, x2, 716        x10=10001fa4  x2:10001cd8
27131665ns          473965 1c0093d6 010a990b p.lh             x18, 16(x21!)       x18=000000a9 x21=1c0018c2 x21:1c0018b2  PA:1c0018b2
27131983ns          473981 1c0093da 010b948b p.lh             x9, 16(x23!)         x9=000000ed x23=1c0010f2 x23:1c0010e2  PA:1c0010e2
27132361ns          474000 1c0093de 2d411623 sh               x20, 716(x2)        x20:00000097  x2:10001cd8  PA:10001fa4
27132381ns          474001 1c0093e2 2d311723 sh               x19, 718(x2)        x19:000000fa  x2:10001cd8  PA:10001fa6
27132400ns          474002 1c0093e6 c33ff0ef jal              x1, -974             x1=1c0093e8
27132440ns          474004 1c009018 00051803 lh               x16, 0(x10)         x16=00000097 x10:10001fa4  PA:10001fa4
27132460ns          474005 1c00901c 00251883 lh               x17, 2(x10)         x17=000000fa x10:10001fa4  PA:10001fa6
27132480ns          474006 1c009020 030806b3 mul              x13, x16, x16       x13=00005911 x16:00000097 x16:00000097
27132500ns          474007 1c009024 03188633 mul              x12, x17, x17       x12=0000f424 x17:000000fa x17:000000fa
27132520ns          474008 1c009028 40a65613 srai             x12, x12, 0x40a     x12=0000003d x12:0000f424
27132540ns          474009 1c00902a 40a6d693 srai             x13, x13, 0x40a     x13=00000016 x13:00005911
27132560ns          474010 1c00902c 00c686b3 add              x13, x13, x12       x13=00000053 x13:00000016 x12:0000003d
27132579ns          474011 1c00902e 1006c633 p.exths          x12, x13, x0        x12=00000053 x13:00000053
27132599ns          474012 1c009032 00855703 lhu              x14, 8(x10)         x14=0000ffd1 x10:10001fa4  PA:10001fac
27132619ns          474013 1c009036 00a55683 lhu              x13, 10(x10)        x13=0000ff6a x10:10001fa4  PA:10001fae
27132639ns          474014 1c00903a 02c60333 mul              x6, x12, x12         x6=00001ae9 x12:00000053 x12:00000053
27132659ns          474015 1c00903e 00c55783 lhu              x15, 12(x10)        x15=0000ffe5 x10:10001fa4  PA:10001fb0
27132679ns          474016 1c009042 00e55583 lhu              x11, 14(x10)        x11=00000060 x10:10001fa4  PA:10001fb2
27132699ns          474017 1c009046 dea30333 p.extract        x6, x6, 15, 10       x6=00000006  x6:00001ae9
27132719ns          474018 1c00904a 80c7075b p.muls           x14, x14, x12       x14=fffff0c3 x14:0000ffd1 x12:00000053
27132758ns          474020 1c00904e 80c686db p.muls           x13, x13, x12       x13=ffffcf5e x13:0000ff6a x12:00000053
27132798ns          474022 1c009052 00455e83 lhu              x29, 4(x10)         x29=00000427 x10:10001fa4  PA:10001fa8
27132818ns          474023 1c009056 00655e03 lhu              x28, 6(x10)         x28=0000007f x10:10001fa4  PA:10001faa
27132838ns          474024 1c00905a 40a75713 srai             x14, x14, 0x40a     x14=fffffffc x14:fffff0c3
27132858ns          474025 1c00905c 806787db p.muls           x15, x15, x6        x15=ffffff5e x15:0000ffe5  x6:00000006
27132878ns          474026 1c009060 40a6d693 srai             x13, x13, 0x40a     x13=fffffff3 x13:ffffcf5e
27132898ns          474027 1c009062 8065865b p.muls           x12, x11, x6        x12=00000240 x11:00000060  x6:00000006
27132917ns          474028 1c009066 40a7d793 srai             x15, x15, 0x40a     x15=ffffffff x15:ffffff5e
27132937ns          474029 1c009068 40a65613 srai             x12, x12, 0x40a     x12=00000000 x12:00000240
27132957ns          474030 1c00906a 01d70733 add              x14, x14, x29       x14=00000423 x14:fffffffc x29:00000427
27132977ns          474031 1c00906c 01c686b3 add              x13, x13, x28       x13=00000072 x13:fffffff3 x28:0000007f
27132997ns          474032 1c00906e 00c686b3 add              x13, x13, x12       x13=00000072 x13:00000072 x12:00000000
27133017ns          474033 1c009070 00f70733 add              x14, x14, x15       x14=00000422 x14:00000423 x15:ffffffff
27133037ns          474034 1c009072 100747b3 p.exths          x15, x14, x0        x15=00000422 x14:00000422
27133057ns          474035 1c009076 1006c733 p.exths          x14, x13, x0        x14=00000072 x13:00000072
27133077ns          474036 1c00907a 03170633 mul              x12, x14, x17       x12=00006f54 x14:00000072 x17:000000fa
27133096ns          474037 1c00907e 030786b3 mul              x13, x15, x16       x13=0002700e x15:00000422 x16:00000097
27133116ns          474038 1c009082 03070733 mul              x14, x14, x16       x14=0000433e x14:00000072 x16:00000097
27133136ns          474039 1c009086 031787b3 mul              x15, x15, x17       x15=00040934 x15:00000422 x17:000000fa
27133156ns          474040 1c00908a 40a6d693 srai             x13, x13, 0x40a     x13=0000009c x13:0002700e
27133176ns          474041 1c00908c 40a65613 srai             x12, x12, 0x40a     x12=0000001b x12:00006f54
27133196ns          474042 1c00908e 40a7d793 srai             x15, x15, 0x40a     x15=00000102 x15:00040934
27133216ns          474043 1c009090 40a75713 srai             x14, x14, 0x40a     x14=00000010 x14:0000433e
27133236ns          474044 1c009092 40c686b3 sub              x13, x13, x12       x13=00000081 x13:0000009c x12:0000001b
27133256ns          474045 1c009094 00e787b3 add              x15, x15, x14       x15=00000112 x15:00000102 x14:00000010
27133275ns          474046 1c009096 00d51823 sh               x13, 16(x10)        x13:00000081 x10:10001fa4  PA:10001fb4
27133295ns          474047 1c00909a 00f51923 sh               x15, 18(x10)        x15:00000112 x10:10001fa4  PA:10001fb6
27133315ns          474048 1c00909e 00008067 jalr             x0, x1, 0            x1:1c0093e8
27133375ns          474051 1c0093e8 2dc15583 lhu              x11, 732(x2)        x11=00000081  x2:10001cd8  PA:10001fb4
27133395ns          474052 1c0093ec 2de15783 lhu              x15, 734(x2)        x15=00000112  x2:10001cd8  PA:10001fb6
27133415ns          474053 1c0093f0 40b90933 sub              x18, x18, x11       x18=00000028 x18:000000a9 x11:00000081
27133435ns          474054 1c0093f4 40f484b3 sub              x9, x9, x15          x9=ffffffdb  x9:000000ed x15:00000112
27133454ns          474055 1c0093f6 100945b3 p.exths          x11, x18, x0        x11=00000028 x18:00000028
27133474ns          474056 1c0093fa 1004c7b3 p.exths          x15, x9, x0         x15=ffffffdb  x9:ffffffdb
27133494ns          474057 1c0093fe 034586b3 mul              x13, x11, x20       x13=00001798 x11:00000028 x20:00000097
27133514ns          474058 1c009402 03378533 mul              x10, x15, x19       x10=ffffdbde x15:ffffffdb x19:000000fa
27133534ns          474059 1c009406 034a0633 mul              x12, x20, x20       x12=00005911 x20:00000097 x20:00000097
27133554ns          474060 1c00940a 03398733 mul              x14, x19, x19       x14=0000f424 x19:000000fa x19:000000fa
27133614ns          474063 1c00940e 034787b3 mul              x15, x15, x20       x15=ffffea2d x15:ffffffdb x20:00000097
27133653ns          474065 1c009412 033585b3 mul              x11, x11, x19       x11=00002710 x11:00000028 x19:000000fa
27133673ns          474066 1c009416 40a75713 srai             x14, x14, 0x40a     x14=0000003d x14:0000f424
27133693ns          474067 1c009418 40a5d593 srai             x11, x11, 0x40a     x11=00000009 x11:00002710
27133713ns          474068 1c00941a 40a65613 srai             x12, x12, 0x40a     x12=00000016 x12:00005911
27133733ns          474069 1c00941c 40a7d793 srai             x15, x15, 0x40a     x15=fffffffa x15:ffffea2d
27133753ns          474070 1c00941e 1c0034b7 lui              x9, 0x1c003000       x9=1c003000
27133773ns          474071 1c009422 00e60633 add              x12, x12, x14       x12=00000053 x12:00000016 x14:0000003d
27133793ns          474072 1c009424 40b787b3 sub              x15, x15, x11       x15=fffffff1 x15:fffffffa x11:00000009
27133812ns          474073 1c009426 eb048493 addi             x9, x9, -336         x9=1c002eb0  x9:1c003000
27133832ns          474074 1c00942a 1c0032b7 lui              x5, 0x1c003000       x5=1c003000
27133852ns          474075 1c00942e 1c0035b7 lui              x11, 0x1c003000     x11=1c003000
27133872ns          474076 1c009432 018483b3 add              x7, x9, x24          x7=1c002eb6  x9:1c002eb0 x24:00000006
27133892ns          474077 1c009436 02812e83 lw               x29, 40(x2)         x29=1c002ec6  x2:10001cd8  PA:10001d00
27133912ns          474078 1c009438 10065633 p.exthz          x12, x12, x0        x12=00000053 x12:00000053
27133932ns          474079 1c00943c e8028293 addi             x5, x5, -384         x5=1c002e80  x5:1c003000
27133952ns          474080 1c009440 ea058593 addi             x11, x11, -352      x11=1c002ea0 x11:1c003000
27133972ns          474081 1c009444 03812483 lw               x9, 56(x2)           x9=1c002ee6  x2:10001cd8  PA:10001d10
27133991ns          474082 1c009446 10064733 p.exths          x14, x12, x0        x14=00000053 x12:00000053
27134011ns          474083 1c00944a 018280b3 add              x1, x5, x24          x1=1c002e86  x5:1c002e80 x24:00000006
27134031ns          474084 1c00944e 03012f03 lw               x30, 48(x2)         x30=1c002ed6  x2:10001cd8  PA:10001d08
27134051ns          474085 1c009450 018582b3 add              x5, x11, x24         x5=1c002ea6 x11:1c002ea0 x24:00000006
27134071ns          474086 1c009454 04012583 lw               x11, 64(x2)         x11=1c002ef6  x2:10001cd8  PA:10001d18
27134091ns          474087 1c009456 000edd83 lhu              x27, 0(x29)         x27=00001203 x29:1c002ec6  PA:1c002ec6
27134389ns          474102 1c00945a 0004d483 lhu              x9, 0(x9)            x9=00000174  x9:1c002ee6  PA:1c002ee6
27134787ns          474122 1c00945e 02e70333 mul              x6, x14, x14         x6=00001ae9 x14:00000053 x14:00000053
27134807ns          474123 1c009462 40a55513 srai             x10, x10, 0x40a     x10=fffffff6 x10:ffffdbde
27134827ns          474124 1c009464 04812e83 lw               x29, 72(x2)         x29=1c002f06  x2:10001cd8  PA:10001d20
27134847ns          474125 1c009466 40a6d693 srai             x13, x13, 0x40a     x13=00000005 x13:00001798
27134867ns          474126 1c009468 000f5d03 lhu              x26, 0(x30)         x26=00000469 x30:1c002ed6  PA:1c002ed6
27135185ns          474142 1c00946c 0005d583 lhu              x11, 0(x11)         x11=0000008c x11:1c002ef6  PA:1c002ef6
27135503ns          474158 1c009470 40a35313 srai             x6, x6, 0x40a        x6=00000006  x6:00001ae9
27135523ns          474159 1c009474 00a686b3 add              x13, x13, x10       x13=fffffffb x13:00000005 x10:fffffff6
27135543ns          474160 1c009476 05012f03 lw               x30, 80(x2)         x30=1c002e76  x2:10001cd8  PA:10001d28
27135563ns          474161 1c009478 10034e33 p.exths          x28, x6, x0         x28=00000006  x6:00000006
27135582ns          474162 1c00947c 06911023 sh               x9, 96(x2)           x9:00000174  x2:10001cd8  PA:10001d38
27135602ns          474163 1c009480 000ede83 lhu              x29, 0(x29)         x29=0000003a x29:1c002f06  PA:1c002f06
27135921ns          474179 1c009484 05812483 lw               x9, 88(x2)           x9=1c002e66  x2:10001cd8  PA:10001d30
27135940ns          474180 1c009486 1006d6b3 p.exthz          x13, x13, x0        x13=0000fffb x13:fffffffb
27135960ns          474181 1c00948a 02ee08b3 mul              x17, x28, x14       x17=000001f2 x28:00000006 x14:00000053
27135980ns          474182 1c00948e 1006c833 p.exths          x16, x13, x0        x16=fffffffb x13:0000fffb
27136000ns          474183 1c009492 06b11823 sh               x11, 112(x2)        x11:0000008c  x2:10001cd8  PA:10001d48
27136020ns          474184 1c009496 000f5f03 lhu              x30, 0(x30)         x30=0000ff24 x30:1c002e76  PA:1c002e76
27136318ns          474199 1c00949a 0a012583 lw               x11, 160(x2)        x11=1c002e96  x2:10001cd8  PA:10001d78
27136338ns          474200 1c00949c 1007d7b3 p.exthz          x15, x15, x0        x15=0000fff1 x15:fffffff1
27136358ns          474201 1c0094a0 0004da03 lhu              x20, 0(x9)          x20=0000fbe2  x9:1c002e66  PA:1c002e66
27136716ns          474219 1c0094a4 1007c533 p.exths          x10, x15, x0        x10=fffffff1 x15:0000fff1
27136736ns          474220 1c0094a8 09d11023 sh               x29, 128(x2)        x29:0000003a  x2:10001cd8  PA:10001d58
27136756ns          474221 1c0094ac 0003d483 lhu              x9, 0(x7)            x9=0000ffd4  x7:1c002eb6  PA:1c002eb6
27137074ns          474237 1c0094b0 02e80eb3 mul              x29, x16, x14       x29=fffffe61 x16:fffffffb x14:00000053
27137094ns          474238 1c0094b4 40a8d893 srai             x17, x17, 0x40a     x17=00000000 x17:000001f2
27137114ns          474239 1c0094b8 03c80833 mul              x16, x16, x28       x16=ffffffe2 x16:fffffffb x28:00000006
27137134ns          474240 1c0094bc 09e11823 sh               x30, 144(x2)        x30:0000ff24  x2:10001cd8  PA:10001d68
27137154ns          474241 1c0094c0 0005d983 lhu              x19, 0(x11)         x19=0000ffb0 x11:1c002e96  PA:1c002e96
27137452ns          474256 1c0094c4 81c88f5b p.muls           x30, x17, x28       x30=00000000 x17:00000000 x28:00000006
27137472ns          474257 1c0094c8 0002d583 lhu              x11, 0(x5)          x11=0000ff8b  x5:1c002ea6  PA:1c002ea6
27137790ns          474273 1c0094cc 03ce0fb3 mul              x31, x28, x28       x31=00000024 x28:00000006 x28:00000006
27137810ns          474274 1c0094d0 02e50733 mul              x14, x10, x14       x14=fffffb23 x10:fffffff1 x14:00000053
27137830ns          474275 1c0094d4 40a85813 srai             x16, x16, 0x40a     x16=ffffffff x16:ffffffe2
27137850ns          474276 1c0094d8 03c50533 mul              x10, x10, x28       x10=ffffffa6 x10:fffffff1 x28:00000006
27137870ns          474277 1c0094dc 07015e03 lhu              x28, 112(x2)        x28=0000008c  x2:10001cd8  PA:10001d48
27137909ns          474279 1c0094e0 01b60633 add              x12, x12, x27       x12=00001256 x12:00000053 x27:00001203
27137929ns          474280 1c0094e2 00980833 add              x16, x16, x9        x16=0000ffd3 x16:ffffffff  x9:0000ffd4
27137949ns          474281 1c0094e4 06015d83 lhu              x27, 96(x2)         x27=00000174  x2:10001cd8  PA:10001d38
27137969ns          474282 1c0094e8 02812483 lw               x9, 40(x2)           x9=1c002ec6  x2:10001cd8  PA:10001d00
27137989ns          474283 1c0094ea 40afdf93 srai             x31, x31, 0x40a     x31=00000000 x31:00000024
27138009ns          474284 1c0094ee 40a55513 srai             x10, x10, 0x40a     x10=ffffffff x10:ffffffa6
27138029ns          474285 1c0094f0 01cf8fb3 add              x31, x31, x28       x31=0000008c x31:00000000 x28:0000008c
27138049ns          474286 1c0094f2 00b50533 add              x10, x10, x11       x10=0000ff8a x10:ffffffff x11:0000ff8b
27138068ns          474287 1c0094f4 09015e03 lhu              x28, 144(x2)        x28=0000ff24  x2:10001cd8  PA:10001d68
27138088ns          474288 1c0094f8 03012583 lw               x11, 48(x2)         x11=1c002ed6  x2:10001cd8  PA:10001d08
27138108ns          474289 1c0094fa 00c49023 sh               x12, 0(x9)          x12:00001256  x9:1c002ec6  PA:1c002ec6
27138426ns          474305 1c0094fe 01b888b3 add              x17, x17, x27       x17=00000174 x17:00000000 x27:00000174
27138446ns          474306 1c009500 01a30333 add              x6, x6, x26          x6=0000046f  x6:00000006 x26:00000469
27138466ns          474307 1c009502 08015d83 lhu              x27, 128(x2)        x27=0000003a  x2:10001cd8  PA:10001d58
27138486ns          474308 1c009506 0000d903 lhu              x18, 0(x1)          x18=0000fed1  x1:1c002e86  PA:1c002e86
27138844ns          474326 1c00950a 01c686b3 add              x13, x13, x28       x13=0001ff1f x13:0000fffb x28:0000ff24
27138864ns          474327 1c00950c 00659023 sh               x6, 0(x11)           x6:0000046f x11:1c002ed6  PA:1c002ed6
27139202ns          474344 1c009510 40af5f13 srai             x30, x30, 0x40a     x30=00000000 x30:00000000
27139222ns          474345 1c009514 04812e03 lw               x28, 72(x2)         x28=1c002f06  x2:10001cd8  PA:10001d20
27139242ns          474346 1c009516 01bf0f33 add              x30, x30, x27       x30=0000003a x30:00000000 x27:0000003a
27139262ns          474347 1c009518 40aede93 srai             x29, x29, 0x40a     x29=ffffffff x29:fffffe61
27139282ns          474348 1c00951c 40a75713 srai             x14, x14, 0x40a     x14=fffffffe x14:fffffb23
27139302ns          474349 1c00951e 03812603 lw               x12, 56(x2)         x12=1c002ee6  x2:10001cd8  PA:10001d10
27139321ns          474350 1c009520 04012d83 lw               x27, 64(x2)         x27=1c002ef6  x2:10001cd8  PA:10001d18
27139341ns          474351 1c009522 01ee1023 sh               x30, 0(x28)         x30:0000003a x28:1c002f06  PA:1c002f06
27139660ns          474367 1c009526 05812483 lw               x9, 88(x2)           x9=1c002e66  x2:10001cd8  PA:10001d30
27139679ns          474368 1c009528 05012f03 lw               x30, 80(x2)         x30=1c002e76  x2:10001cd8  PA:10001d28
27139699ns          474369 1c00952a 0a012583 lw               x11, 160(x2)        x11=1c002e96  x2:10001cd8  PA:10001d78
27139719ns          474370 1c00952c 014787b3 add              x15, x15, x20       x15=0001fbd3 x15:0000fff1 x20:0000fbe2
27139739ns          474371 1c00952e 013e8eb3 add              x29, x29, x19       x29=0000ffaf x29:ffffffff x19:0000ffb0
27139759ns          474372 1c009530 01270733 add              x14, x14, x18       x14=0000fecf x14:fffffffe x18:0000fed1
27139779ns          474373 1c009532 00f49023 sh               x15, 0(x9)          x15:0001fbd3  x9:1c002e66  PA:1c002e66
27140097ns          474389 1c009536 01161023 sh               x17, 0(x12)         x17:00000174 x12:1c002ee6  PA:1c002ee6
27140455ns          474407 1c00953a 01fd9023 sh               x31, 0(x27)         x31:0000008c x27:1c002ef6  PA:1c002ef6
27140773ns          474423 1c00953e 00df1023 sh               x13, 0(x30)         x13:0001ff1f x30:1c002e76  PA:1c002e76
27141091ns          474439 1c009542 01d59023 sh               x29, 0(x11)         x29:0000ffaf x11:1c002e96  PA:1c002e96
27141410ns          474455 1c009546 00e09023 sh               x14, 0(x1)          x14:0000fecf  x1:1c002e86  PA:1c002e86
27141728ns          474471 1c00954a 01039023 sh               x16, 0(x7)          x16:0000ffd3  x7:1c002eb6  PA:1c002eb6
27142046ns          474487 1c00954e 00a29023 sh               x10, 0(x5)          x10:0000ff8a  x5:1c002ea6  PA:1c002ea6
27142384ns          474504 1c009552 008b0b13 addi             x22, x22, 8         x22=00000123 x22:0000011b
27142404ns          474505 1c009554 1f300793 addi             x15, x0, 499        x15=000001f3
27142424ns          474506 1c009558 e767dae3 bge              x15, x22, -396      x15:000001f3 x22:00000123
27142484ns          474509 1c0093cc 010c9a0b p.lh             x20, 16(x25!)       x20=000000cc x25=1c0028de x25:1c0028ce  PA:1c0028ce
27142802ns          474525 1c0093d0 0104198b p.lh             x19, 16(x8!)        x19=00000052  x8=1c0020a6  x8:1c002096  PA:1c002096
27143120ns          474541 1c0093d4 2cc10513 addi             x10, x2, 716        x10=10001fa4  x2:10001cd8
27143140ns          474542 1c0093d6 010a990b p.lh             x18, 16(x21!)       x18=000000cf x21=1c0018d2 x21:1c0018c2  PA:1c0018c2
27143438ns          474557 1c0093da 010b948b p.lh             x9, 16(x23!)         x9=0000004f x23=1c001102 x23:1c0010f2  PA:1c0010f2
27143776ns          474574 1c0093de 2d411623 sh               x20, 716(x2)        x20:000000cc  x2:10001cd8  PA:10001fa4
27143796ns          474575 1c0093e2 2d311723 sh               x19, 718(x2)        x19:00000052  x2:10001cd8  PA:10001fa6
27143816ns          474576 1c0093e6 c33ff0ef jal              x1, -974             x1=1c0093e8
27143856ns          474578 1c009018 00051803 lh               x16, 0(x10)         x16=000000cc x10:10001fa4  PA:10001fa4
27143876ns          474579 1c00901c 00251883 lh               x17, 2(x10)         x17=00000052 x10:10001fa4  PA:10001fa6
27143896ns          474580 1c009020 030806b3 mul              x13, x16, x16       x13=0000a290 x16:000000cc x16:000000cc
27143916ns          474581 1c009024 03188633 mul              x12, x17, x17       x12=00001a44 x17:00000052 x17:00000052
27143935ns          474582 1c009028 40a65613 srai             x12, x12, 0x40a     x12=00000006 x12:00001a44
27143955ns          474583 1c00902a 40a6d693 srai             x13, x13, 0x40a     x13=00000028 x13:0000a290
27143975ns          474584 1c00902c 00c686b3 add              x13, x13, x12       x13=0000002e x13:00000028 x12:00000006
27143995ns          474585 1c00902e 1006c633 p.exths          x12, x13, x0        x12=0000002e x13:0000002e
27144015ns          474586 1c009032 00855703 lhu              x14, 8(x10)         x14=0000ffd1 x10:10001fa4  PA:10001fac
27144035ns          474587 1c009036 00a55683 lhu              x13, 10(x10)        x13=0000ff6a x10:10001fa4  PA:10001fae
27144055ns          474588 1c00903a 02c60333 mul              x6, x12, x12         x6=00000844 x12:0000002e x12:0000002e
27144075ns          474589 1c00903e 00c55783 lhu              x15, 12(x10)        x15=0000ffe5 x10:10001fa4  PA:10001fb0
27144095ns          474590 1c009042 00e55583 lhu              x11, 14(x10)        x11=00000060 x10:10001fa4  PA:10001fb2
27144114ns          474591 1c009046 dea30333 p.extract        x6, x6, 15, 10       x6=00000002  x6:00000844
27144134ns          474592 1c00904a 80c7075b p.muls           x14, x14, x12       x14=fffff78e x14:0000ffd1 x12:0000002e
27144154ns          474593 1c00904e 80c686db p.muls           x13, x13, x12       x13=ffffe50c x13:0000ff6a x12:0000002e
27144174ns          474594 1c009052 00455e83 lhu              x29, 4(x10)         x29=00000427 x10:10001fa4  PA:10001fa8
27144194ns          474595 1c009056 00655e03 lhu              x28, 6(x10)         x28=0000007f x10:10001fa4  PA:10001faa
27144214ns          474596 1c00905a 40a75713 srai             x14, x14, 0x40a     x14=fffffffd x14:fffff78e
27144234ns          474597 1c00905c 806787db p.muls           x15, x15, x6        x15=ffffffca x15:0000ffe5  x6:00000002
27144254ns          474598 1c009060 40a6d693 srai             x13, x13, 0x40a     x13=fffffff9 x13:ffffe50c
27144293ns          474600 1c009062 8065865b p.muls           x12, x11, x6        x12=000000c0 x11:00000060  x6:00000002
27144313ns          474601 1c009066 40a7d793 srai             x15, x15, 0x40a     x15=ffffffff x15:ffffffca
27144333ns          474602 1c009068 40a65613 srai             x12, x12, 0x40a     x12=00000000 x12:000000c0
27144353ns          474603 1c00906a 01d70733 add              x14, x14, x29       x14=00000424 x14:fffffffd x29:00000427
27144373ns          474604 1c00906c 01c686b3 add              x13, x13, x28       x13=00000078 x13:fffffff9 x28:0000007f
27144393ns          474605 1c00906e 00c686b3 add              x13, x13, x12       x13=00000078 x13:00000078 x12:00000000
27144413ns          474606 1c009070 00f70733 add              x14, x14, x15       x14=00000423 x14:00000424 x15:ffffffff
27144433ns          474607 1c009072 100747b3 p.exths          x15, x14, x0        x15=00000423 x14:00000423
27144453ns          474608 1c009076 1006c733 p.exths          x14, x13, x0        x14=00000078 x13:00000078
27144472ns          474609 1c00907a 03170633 mul              x12, x14, x17       x12=00002670 x14:00000078 x17:00000052
27144492ns          474610 1c00907e 030786b3 mul              x13, x15, x16       x13=00034be4 x15:00000423 x16:000000cc
27144512ns          474611 1c009082 03070733 mul              x14, x14, x16       x14=00005fa0 x14:00000078 x16:000000cc
27144532ns          474612 1c009086 031787b3 mul              x15, x15, x17       x15=00015336 x15:00000423 x17:00000052
27144552ns          474613 1c00908a 40a6d693 srai             x13, x13, 0x40a     x13=000000d2 x13:00034be4
27144572ns          474614 1c00908c 40a65613 srai             x12, x12, 0x40a     x12=00000009 x12:00002670
27144592ns          474615 1c00908e 40a7d793 srai             x15, x15, 0x40a     x15=00000054 x15:00015336
27144612ns          474616 1c009090 40a75713 srai             x14, x14, 0x40a     x14=00000017 x14:00005fa0
27144632ns          474617 1c009092 40c686b3 sub              x13, x13, x12       x13=000000c9 x13:000000d2 x12:00000009
27144651ns          474618 1c009094 00e787b3 add              x15, x15, x14       x15=0000006b x15:00000054 x14:00000017
27144671ns          474619 1c009096 00d51823 sh               x13, 16(x10)        x13:000000c9 x10:10001fa4  PA:10001fb4
27144691ns          474620 1c00909a 00f51923 sh               x15, 18(x10)        x15:0000006b x10:10001fa4  PA:10001fb6
27144711ns          474621 1c00909e 00008067 jalr             x0, x1, 0            x1:1c0093e8
27144791ns          474625 1c0093e8 2dc15583 lhu              x11, 732(x2)        x11=000000c9  x2:10001cd8  PA:10001fb4
27144811ns          474626 1c0093ec 2de15783 lhu              x15, 734(x2)        x15=0000006b  x2:10001cd8  PA:10001fb6
27144830ns          474627 1c0093f0 40b90933 sub              x18, x18, x11       x18=00000006 x18:000000cf x11:000000c9
27144850ns          474628 1c0093f4 40f484b3 sub              x9, x9, x15          x9=ffffffe4  x9:0000004f x15:0000006b
27144870ns          474629 1c0093f6 100945b3 p.exths          x11, x18, x0        x11=00000006 x18:00000006
27144890ns          474630 1c0093fa 1004c7b3 p.exths          x15, x9, x0         x15=ffffffe4  x9:ffffffe4
27144910ns          474631 1c0093fe 034586b3 mul              x13, x11, x20       x13=000004c8 x11:00000006 x20:000000cc
27144930ns          474632 1c009402 03378533 mul              x10, x15, x19       x10=fffff708 x15:ffffffe4 x19:00000052
27144950ns          474633 1c009406 034a0633 mul              x12, x20, x20       x12=0000a290 x20:000000cc x20:000000cc
27144970ns          474634 1c00940a 03398733 mul              x14, x19, x19       x14=00001a44 x19:00000052 x19:00000052
27144990ns          474635 1c00940e 034787b3 mul              x15, x15, x20       x15=ffffe9b0 x15:ffffffe4 x20:000000cc
27145009ns          474636 1c009412 033585b3 mul              x11, x11, x19       x11=000001ec x11:00000006 x19:00000052
27145029ns          474637 1c009416 40a75713 srai             x14, x14, 0x40a     x14=00000006 x14:00001a44
27145049ns          474638 1c009418 40a5d593 srai             x11, x11, 0x40a     x11=00000000 x11:000001ec
27145069ns          474639 1c00941a 40a65613 srai             x12, x12, 0x40a     x12=00000028 x12:0000a290
27145089ns          474640 1c00941c 40a7d793 srai             x15, x15, 0x40a     x15=fffffffa x15:ffffe9b0
27145109ns          474641 1c00941e 1c0034b7 lui              x9, 0x1c003000       x9=1c003000
27145129ns          474642 1c009422 00e60633 add              x12, x12, x14       x12=0000002e x12:00000028 x14:00000006
27145149ns          474643 1c009424 40b787b3 sub              x15, x15, x11       x15=fffffffa x15:fffffffa x11:00000000
27145168ns          474644 1c009426 eb048493 addi             x9, x9, -336         x9=1c002eb0  x9:1c003000
27145188ns          474645 1c00942a 1c0032b7 lui              x5, 0x1c003000       x5=1c003000
27145208ns          474646 1c00942e 1c0035b7 lui              x11, 0x1c003000     x11=1c003000
27145228ns          474647 1c009432 018483b3 add              x7, x9, x24          x7=1c002eb6  x9:1c002eb0 x24:00000006
27145248ns          474648 1c009436 02812e83 lw               x29, 40(x2)         x29=1c002ec6  x2:10001cd8  PA:10001d00
27145268ns          474649 1c009438 10065633 p.exthz          x12, x12, x0        x12=0000002e x12:0000002e
27145288ns          474650 1c00943c e8028293 addi             x5, x5, -384         x5=1c002e80  x5:1c003000
27145308ns          474651 1c009440 ea058593 addi             x11, x11, -352      x11=1c002ea0 x11:1c003000
27145347ns          474653 1c009444 03812483 lw               x9, 56(x2)           x9=1c002ee6  x2:10001cd8  PA:10001d10
27145367ns          474654 1c009446 10064733 p.exths          x14, x12, x0        x14=0000002e x12:0000002e
27145387ns          474655 1c00944a 018280b3 add              x1, x5, x24          x1=1c002e86  x5:1c002e80 x24:00000006
27145407ns          474656 1c00944e 03012f03 lw               x30, 48(x2)         x30=1c002ed6  x2:10001cd8  PA:10001d08
27145447ns          474658 1c009450 018582b3 add              x5, x11, x24         x5=1c002ea6 x11:1c002ea0 x24:00000006
27145487ns          474660 1c009454 04012583 lw               x11, 64(x2)         x11=1c002ef6  x2:10001cd8  PA:10001d18
27145507ns          474661 1c009456 000edd83 lhu              x27, 0(x29)         x27=00001256 x29:1c002ec6  PA:1c002ec6
27145805ns          474676 1c00945a 0004d483 lhu              x9, 0(x9)            x9=00000174  x9:1c002ee6  PA:1c002ee6
27146143ns          474693 1c00945e 02e70333 mul              x6, x14, x14         x6=00000844 x14:0000002e x14:0000002e
27146163ns          474694 1c009462 40a55513 srai             x10, x10, 0x40a     x10=fffffffd x10:fffff708
27146183ns          474695 1c009464 04812e83 lw               x29, 72(x2)         x29=1c002f06  x2:10001cd8  PA:10001d20
27146203ns          474696 1c009466 40a6d693 srai             x13, x13, 0x40a     x13=00000001 x13:000004c8
27146223ns          474697 1c009468 000f5d03 lhu              x26, 0(x30)         x26=0000046f x30:1c002ed6  PA:1c002ed6
27146541ns          474713 1c00946c 0005d583 lhu              x11, 0(x11)         x11=0000008c x11:1c002ef6  PA:1c002ef6
27146839ns          474728 1c009470 40a35313 srai             x6, x6, 0x40a        x6=00000002  x6:00000844
27146859ns          474729 1c009474 00a686b3 add              x13, x13, x10       x13=fffffffe x13:00000001 x10:fffffffd
27146879ns          474730 1c009476 05012f03 lw               x30, 80(x2)         x30=1c002e76  x2:10001cd8  PA:10001d28
27146899ns          474731 1c009478 10034e33 p.exths          x28, x6, x0         x28=00000002  x6:00000002
27146919ns          474732 1c00947c 06911023 sh               x9, 96(x2)           x9:00000174  x2:10001cd8  PA:10001d38
27146939ns          474733 1c009480 000ede83 lhu              x29, 0(x29)         x29=0000003a x29:1c002f06  PA:1c002f06
27147257ns          474749 1c009484 05812483 lw               x9, 88(x2)           x9=1c002e66  x2:10001cd8  PA:10001d30
27147277ns          474750 1c009486 1006d6b3 p.exthz          x13, x13, x0        x13=0000fffe x13:fffffffe
27147297ns          474751 1c00948a 02ee08b3 mul              x17, x28, x14       x17=0000005c x28:00000002 x14:0000002e
27147316ns          474752 1c00948e 1006c833 p.exths          x16, x13, x0        x16=fffffffe x13:0000fffe
27147336ns          474753 1c009492 06b11823 sh               x11, 112(x2)        x11:0000008c  x2:10001cd8  PA:10001d48
27147356ns          474754 1c009496 000f5f03 lhu              x30, 0(x30)         x30=0000ff1f x30:1c002e76  PA:1c002e76
27147694ns          474771 1c00949a 0a012583 lw               x11, 160(x2)        x11=1c002e96  x2:10001cd8  PA:10001d78
27147714ns          474772 1c00949c 1007d7b3 p.exthz          x15, x15, x0        x15=0000fffa x15:fffffffa
27147734ns          474773 1c0094a0 0004da03 lhu              x20, 0(x9)          x20=0000fbd3  x9:1c002e66  PA:1c002e66
27148092ns          474791 1c0094a4 1007c533 p.exths          x10, x15, x0        x10=fffffffa x15:0000fffa
27148112ns          474792 1c0094a8 09d11023 sh               x29, 128(x2)        x29:0000003a  x2:10001cd8  PA:10001d58
27148132ns          474793 1c0094ac 0003d483 lhu              x9, 0(x7)            x9=0000ffd3  x7:1c002eb6  PA:1c002eb6
27148430ns          474808 1c0094b0 02e80eb3 mul              x29, x16, x14       x29=ffffffa4 x16:fffffffe x14:0000002e
27148450ns          474809 1c0094b4 40a8d893 srai             x17, x17, 0x40a     x17=00000000 x17:0000005c
27148470ns          474810 1c0094b8 03c80833 mul              x16, x16, x28       x16=fffffffc x16:fffffffe x28:00000002
27148490ns          474811 1c0094bc 09e11823 sh               x30, 144(x2)        x30:0000ff1f  x2:10001cd8  PA:10001d68
27148510ns          474812 1c0094c0 0005d983 lhu              x19, 0(x11)         x19=0000ffaf x11:1c002e96  PA:1c002e96
27148808ns          474827 1c0094c4 81c88f5b p.muls           x30, x17, x28       x30=00000000 x17:00000000 x28:00000002
27148828ns          474828 1c0094c8 0002d583 lhu              x11, 0(x5)          x11=0000ff8a  x5:1c002ea6  PA:1c002ea6
27149146ns          474844 1c0094cc 03ce0fb3 mul              x31, x28, x28       x31=00000004 x28:00000002 x28:00000002
27149166ns          474845 1c0094d0 02e50733 mul              x14, x10, x14       x14=fffffeec x10:fffffffa x14:0000002e
27149186ns          474846 1c0094d4 40a85813 srai             x16, x16, 0x40a     x16=ffffffff x16:fffffffc
27149206ns          474847 1c0094d8 03c50533 mul              x10, x10, x28       x10=fffffff4 x10:fffffffa x28:00000002
27149226ns          474848 1c0094dc 07015e03 lhu              x28, 112(x2)        x28=0000008c  x2:10001cd8  PA:10001d48
27149246ns          474849 1c0094e0 01b60633 add              x12, x12, x27       x12=00001284 x12:0000002e x27:00001256
27149265ns          474850 1c0094e2 00980833 add              x16, x16, x9        x16=0000ffd2 x16:ffffffff  x9:0000ffd3
27149285ns          474851 1c0094e4 06015d83 lhu              x27, 96(x2)         x27=00000174  x2:10001cd8  PA:10001d38
27149305ns          474852 1c0094e8 02812483 lw               x9, 40(x2)           x9=1c002ec6  x2:10001cd8  PA:10001d00
27149325ns          474853 1c0094ea 40afdf93 srai             x31, x31, 0x40a     x31=00000000 x31:00000004
27149345ns          474854 1c0094ee 40a55513 srai             x10, x10, 0x40a     x10=ffffffff x10:fffffff4
27149365ns          474855 1c0094f0 01cf8fb3 add              x31, x31, x28       x31=0000008c x31:00000000 x28:0000008c
27149385ns          474856 1c0094f2 00b50533 add              x10, x10, x11       x10=0000ff89 x10:ffffffff x11:0000ff8a
27149405ns          474857 1c0094f4 09015e03 lhu              x28, 144(x2)        x28=0000ff1f  x2:10001cd8  PA:10001d68
27149425ns          474858 1c0094f8 03012583 lw               x11, 48(x2)         x11=1c002ed6  x2:10001cd8  PA:10001d08
27149444ns          474859 1c0094fa 00c49023 sh               x12, 0(x9)          x12:00001284  x9:1c002ec6  PA:1c002ec6
27149763ns          474875 1c0094fe 01b888b3 add              x17, x17, x27       x17=00000174 x17:00000000 x27:00000174
27149783ns          474876 1c009500 01a30333 add              x6, x6, x26          x6=00000471  x6:00000002 x26:0000046f
27149802ns          474877 1c009502 08015d83 lhu              x27, 128(x2)        x27=0000003a  x2:10001cd8  PA:10001d58
27149822ns          474878 1c009506 0000d903 lhu              x18, 0(x1)          x18=0000fecf  x1:1c002e86  PA:1c002e86
27150121ns          474893 1c00950a 01c686b3 add              x13, x13, x28       x13=0001ff1d x13:0000fffe x28:0000ff1f
27150140ns          474894 1c00950c 00659023 sh               x6, 0(x11)           x6:00000471 x11:1c002ed6  PA:1c002ed6
27150459ns          474910 1c009510 40af5f13 srai             x30, x30, 0x40a     x30=00000000 x30:00000000
27150479ns          474911 1c009514 04812e03 lw               x28, 72(x2)         x28=1c002f06  x2:10001cd8  PA:10001d20
27150498ns          474912 1c009516 01bf0f33 add              x30, x30, x27       x30=0000003a x30:00000000 x27:0000003a
27150518ns          474913 1c009518 40aede93 srai             x29, x29, 0x40a     x29=ffffffff x29:ffffffa4
27150538ns          474914 1c00951c 40a75713 srai             x14, x14, 0x40a     x14=ffffffff x14:fffffeec
27150558ns          474915 1c00951e 03812603 lw               x12, 56(x2)         x12=1c002ee6  x2:10001cd8  PA:10001d10
27150578ns          474916 1c009520 04012d83 lw               x27, 64(x2)         x27=1c002ef6  x2:10001cd8  PA:10001d18
27150598ns          474917 1c009522 01ee1023 sh               x30, 0(x28)         x30:0000003a x28:1c002f06  PA:1c002f06
27150916ns          474933 1c009526 05812483 lw               x9, 88(x2)           x9=1c002e66  x2:10001cd8  PA:10001d30
27150936ns          474934 1c009528 05012f03 lw               x30, 80(x2)         x30=1c002e76  x2:10001cd8  PA:10001d28
27150956ns          474935 1c00952a 0a012583 lw               x11, 160(x2)        x11=1c002e96  x2:10001cd8  PA:10001d78
27150976ns          474936 1c00952c 014787b3 add              x15, x15, x20       x15=0001fbcd x15:0000fffa x20:0000fbd3
27150996ns          474937 1c00952e 013e8eb3 add              x29, x29, x19       x29=0000ffae x29:ffffffff x19:0000ffaf
27151016ns          474938 1c009530 01270733 add              x14, x14, x18       x14=0000fece x14:ffffffff x18:0000fecf
27151035ns          474939 1c009532 00f49023 sh               x15, 0(x9)          x15:0001fbcd  x9:1c002e66  PA:1c002e66
27151354ns          474955 1c009536 01161023 sh               x17, 0(x12)         x17:00000174 x12:1c002ee6  PA:1c002ee6
27151751ns          474975 1c00953a 01fd9023 sh               x31, 0(x27)         x31:0000008c x27:1c002ef6  PA:1c002ef6
27152090ns          474992 1c00953e 00df1023 sh               x13, 0(x30)         x13:0001ff1d x30:1c002e76  PA:1c002e76
27152448ns          475010 1c009542 01d59023 sh               x29, 0(x11)         x29:0000ffae x11:1c002e96  PA:1c002e96
27152766ns          475026 1c009546 00e09023 sh               x14, 0(x1)          x14:0000fece  x1:1c002e86  PA:1c002e86
27153084ns          475042 1c00954a 01039023 sh               x16, 0(x7)          x16:0000ffd2  x7:1c002eb6  PA:1c002eb6
27153402ns          475058 1c00954e 00a29023 sh               x10, 0(x5)          x10:0000ff89  x5:1c002ea6  PA:1c002ea6
27153720ns          475074 1c009552 008b0b13 addi             x22, x22, 8         x22=0000012b x22:00000123
27153740ns          475075 1c009554 1f300793 addi             x15, x0, 499        x15=000001f3
27153760ns          475076 1c009558 e767dae3 bge              x15, x22, -396      x15:000001f3 x22:0000012b
27153899ns          475083 1c0093cc 010c9a0b p.lh             x20, 16(x25!)       x20=000001ea x25=1c0028ee x25:1c0028de  PA:1c0028de
27154257ns          475101 1c0093d0 0104198b p.lh             x19, 16(x8!)        x19=00000103  x8=1c0020b6  x8:1c0020a6  PA:1c0020a6
27154576ns          475117 1c0093d4 2cc10513 addi             x10, x2, 716        x10=10001fa4  x2:10001cd8
27154595ns          475118 1c0093d6 010a990b p.lh             x18, 16(x21!)       x18=000001fb x21=1c0018e2 x21:1c0018d2  PA:1c0018d2
27154934ns          475135 1c0093da 010b948b p.lh             x9, 16(x23!)         x9=000000a5 x23=1c001112 x23:1c001102  PA:1c001102
27155252ns          475151 1c0093de 2d411623 sh               x20, 716(x2)        x20:000001ea  x2:10001cd8  PA:10001fa4
27155272ns          475152 1c0093e2 2d311723 sh               x19, 718(x2)        x19:00000103  x2:10001cd8  PA:10001fa6
27155291ns          475153 1c0093e6 c33ff0ef jal              x1, -974             x1=1c0093e8
27155371ns          475157 1c009018 00051803 lh               x16, 0(x10)         x16=000001ea x10:10001fa4  PA:10001fa4
27155431ns          475160 1c00901c 00251883 lh               x17, 2(x10)         x17=00000103 x10:10001fa4  PA:10001fa6
27155470ns          475162 1c009020 030806b3 mul              x13, x16, x16       x13=0003a9e4 x16:000001ea x16:000001ea
27155490ns          475163 1c009024 03188633 mul              x12, x17, x17       x12=00010609 x17:00000103 x17:00000103
27155510ns          475164 1c009028 40a65613 srai             x12, x12, 0x40a     x12=00000041 x12:00010609
27155530ns          475165 1c00902a 40a6d693 srai             x13, x13, 0x40a     x13=000000ea x13:0003a9e4
27155550ns          475166 1c00902c 00c686b3 add              x13, x13, x12       x13=0000012b x13:000000ea x12:00000041
27155570ns          475167 1c00902e 1006c633 p.exths          x12, x13, x0        x12=0000012b x13:0000012b
27155590ns          475168 1c009032 00855703 lhu              x14, 8(x10)         x14=0000ffd1 x10:10001fa4  PA:10001fac
27155610ns          475169 1c009036 00a55683 lhu              x13, 10(x10)        x13=0000ff6a x10:10001fa4  PA:10001fae
27155630ns          475170 1c00903a 02c60333 mul              x6, x12, x12         x6=00015d39 x12:0000012b x12:0000012b
27155649ns          475171 1c00903e 00c55783 lhu              x15, 12(x10)        x15=0000ffe5 x10:10001fa4  PA:10001fb0
27155669ns          475172 1c009042 00e55583 lhu              x11, 14(x10)        x11=00000060 x10:10001fa4  PA:10001fb2
27155689ns          475173 1c009046 dea30333 p.extract        x6, x6, 15, 10       x6=00000057  x6:00015d39
27155709ns          475174 1c00904a 80c7075b p.muls           x14, x14, x12       x14=ffffc91b x14:0000ffd1 x12:0000012b
27155729ns          475175 1c00904e 80c686db p.muls           x13, x13, x12       x13=ffff50ce x13:0000ff6a x12:0000012b
27155749ns          475176 1c009052 00455e83 lhu              x29, 4(x10)         x29=00000427 x10:10001fa4  PA:10001fa8
27155769ns          475177 1c009056 00655e03 lhu              x28, 6(x10)         x28=0000007f x10:10001fa4  PA:10001faa
27155789ns          475178 1c00905a 40a75713 srai             x14, x14, 0x40a     x14=fffffff2 x14:ffffc91b
27155809ns          475179 1c00905c 806787db p.muls           x15, x15, x6        x15=fffff6d3 x15:0000ffe5  x6:00000057
27155848ns          475181 1c009060 40a6d693 srai             x13, x13, 0x40a     x13=ffffffd4 x13:ffff50ce
27155888ns          475183 1c009062 8065865b p.muls           x12, x11, x6        x12=000020a0 x11:00000060  x6:00000057
27155908ns          475184 1c009066 40a7d793 srai             x15, x15, 0x40a     x15=fffffffd x15:fffff6d3
27155928ns          475185 1c009068 40a65613 srai             x12, x12, 0x40a     x12=00000008 x12:000020a0
27155948ns          475186 1c00906a 01d70733 add              x14, x14, x29       x14=00000419 x14:fffffff2 x29:00000427
27155968ns          475187 1c00906c 01c686b3 add              x13, x13, x28       x13=00000053 x13:ffffffd4 x28:0000007f
27155988ns          475188 1c00906e 00c686b3 add              x13, x13, x12       x13=0000005b x13:00000053 x12:00000008
27156007ns          475189 1c009070 00f70733 add              x14, x14, x15       x14=00000416 x14:00000419 x15:fffffffd
27156027ns          475190 1c009072 100747b3 p.exths          x15, x14, x0        x15=00000416 x14:00000416
27156047ns          475191 1c009076 1006c733 p.exths          x14, x13, x0        x14=0000005b x13:0000005b
27156067ns          475192 1c00907a 03170633 mul              x12, x14, x17       x12=00005c11 x14:0000005b x17:00000103
27156087ns          475193 1c00907e 030786b3 mul              x13, x15, x16       x13=0007d21c x15:00000416 x16:000001ea
27156107ns          475194 1c009082 03070733 mul              x14, x14, x16       x14=0000ae2e x14:0000005b x16:000001ea
27156127ns          475195 1c009086 031787b3 mul              x15, x15, x17       x15=00042242 x15:00000416 x17:00000103
27156147ns          475196 1c00908a 40a6d693 srai             x13, x13, 0x40a     x13=000001f4 x13:0007d21c
27156167ns          475197 1c00908c 40a65613 srai             x12, x12, 0x40a     x12=00000017 x12:00005c11
27156186ns          475198 1c00908e 40a7d793 srai             x15, x15, 0x40a     x15=00000108 x15:00042242
27156206ns          475199 1c009090 40a75713 srai             x14, x14, 0x40a     x14=0000002b x14:0000ae2e
27156226ns          475200 1c009092 40c686b3 sub              x13, x13, x12       x13=000001dd x13:000001f4 x12:00000017
27156246ns          475201 1c009094 00e787b3 add              x15, x15, x14       x15=00000133 x15:00000108 x14:0000002b
27156266ns          475202 1c009096 00d51823 sh               x13, 16(x10)        x13:000001dd x10:10001fa4  PA:10001fb4
27156286ns          475203 1c00909a 00f51923 sh               x15, 18(x10)        x15:00000133 x10:10001fa4  PA:10001fb6
27156306ns          475204 1c00909e 00008067 jalr             x0, x1, 0            x1:1c0093e8
27156385ns          475208 1c0093e8 2dc15583 lhu              x11, 732(x2)        x11=000001dd  x2:10001cd8  PA:10001fb4
27156425ns          475210 1c0093ec 2de15783 lhu              x15, 734(x2)        x15=00000133  x2:10001cd8  PA:10001fb6
27156485ns          475213 1c0093f0 40b90933 sub              x18, x18, x11       x18=0000001e x18:000001fb x11:000001dd
27156505ns          475214 1c0093f4 40f484b3 sub              x9, x9, x15          x9=ffffff72  x9:000000a5 x15:00000133
27156525ns          475215 1c0093f6 100945b3 p.exths          x11, x18, x0        x11=0000001e x18:0000001e
27156544ns          475216 1c0093fa 1004c7b3 p.exths          x15, x9, x0         x15=ffffff72  x9:ffffff72
27156564ns          475217 1c0093fe 034586b3 mul              x13, x11, x20       x13=0000396c x11:0000001e x20:000001ea
27156584ns          475218 1c009402 03378533 mul              x10, x15, x19       x10=ffff7056 x15:ffffff72 x19:00000103
27156604ns          475219 1c009406 034a0633 mul              x12, x20, x20       x12=0003a9e4 x20:000001ea x20:000001ea
27156624ns          475220 1c00940a 03398733 mul              x14, x19, x19       x14=00010609 x19:00000103 x19:00000103
27156684ns          475223 1c00940e 034787b3 mul              x15, x15, x20       x15=fffef034 x15:ffffff72 x20:000001ea
27156723ns          475225 1c009412 033585b3 mul              x11, x11, x19       x11=00001e5a x11:0000001e x19:00000103
27156743ns          475226 1c009416 40a75713 srai             x14, x14, 0x40a     x14=00000041 x14:00010609
27156763ns          475227 1c009418 40a5d593 srai             x11, x11, 0x40a     x11=00000007 x11:00001e5a
27156783ns          475228 1c00941a 40a65613 srai             x12, x12, 0x40a     x12=000000ea x12:0003a9e4
27156803ns          475229 1c00941c 40a7d793 srai             x15, x15, 0x40a     x15=ffffffbc x15:fffef034
27156823ns          475230 1c00941e 1c0034b7 lui              x9, 0x1c003000       x9=1c003000
27156843ns          475231 1c009422 00e60633 add              x12, x12, x14       x12=0000012b x12:000000ea x14:00000041
27156863ns          475232 1c009424 40b787b3 sub              x15, x15, x11       x15=ffffffb5 x15:ffffffbc x11:00000007
27156883ns          475233 1c009426 eb048493 addi             x9, x9, -336         x9=1c002eb0  x9:1c003000
27156902ns          475234 1c00942a 1c0032b7 lui              x5, 0x1c003000       x5=1c003000
27156922ns          475235 1c00942e 1c0035b7 lui              x11, 0x1c003000     x11=1c003000
27156942ns          475236 1c009432 018483b3 add              x7, x9, x24          x7=1c002eb6  x9:1c002eb0 x24:00000006
27156962ns          475237 1c009436 02812e83 lw               x29, 40(x2)         x29=1c002ec6  x2:10001cd8  PA:10001d00
27156982ns          475238 1c009438 10065633 p.exthz          x12, x12, x0        x12=0000012b x12:0000012b
27157002ns          475239 1c00943c e8028293 addi             x5, x5, -384         x5=1c002e80  x5:1c003000
27157022ns          475240 1c009440 ea058593 addi             x11, x11, -352      x11=1c002ea0 x11:1c003000
27157062ns          475242 1c009444 03812483 lw               x9, 56(x2)           x9=1c002ee6  x2:10001cd8  PA:10001d10
27157081ns          475243 1c009446 10064733 p.exths          x14, x12, x0        x14=0000012b x12:0000012b
27157101ns          475244 1c00944a 018280b3 add              x1, x5, x24          x1=1c002e86  x5:1c002e80 x24:00000006
27157121ns          475245 1c00944e 03012f03 lw               x30, 48(x2)         x30=1c002ed6  x2:10001cd8  PA:10001d08
27157161ns          475247 1c009450 018582b3 add              x5, x11, x24         x5=1c002ea6 x11:1c002ea0 x24:00000006
27157201ns          475249 1c009454 04012583 lw               x11, 64(x2)         x11=1c002ef6  x2:10001cd8  PA:10001d18
27157221ns          475250 1c009456 000edd83 lhu              x27, 0(x29)         x27=00001284 x29:1c002ec6  PA:1c002ec6
27157519ns          475265 1c00945a 0004d483 lhu              x9, 0(x9)            x9=00000174  x9:1c002ee6  PA:1c002ee6
27157837ns          475281 1c00945e 02e70333 mul              x6, x14, x14         x6=00015d39 x14:0000012b x14:0000012b
27157857ns          475282 1c009462 40a55513 srai             x10, x10, 0x40a     x10=ffffffdc x10:ffff7056
27157877ns          475283 1c009464 04812e83 lw               x29, 72(x2)         x29=1c002f06  x2:10001cd8  PA:10001d20
27157897ns          475284 1c009466 40a6d693 srai             x13, x13, 0x40a     x13=0000000e x13:0000396c
27157917ns          475285 1c009468 000f5d03 lhu              x26, 0(x30)         x26=00000471 x30:1c002ed6  PA:1c002ed6
27158215ns          475300 1c00946c 0005d583 lhu              x11, 0(x11)         x11=0000008c x11:1c002ef6  PA:1c002ef6
27158513ns          475315 1c009470 40a35313 srai             x6, x6, 0x40a        x6=00000057  x6:00015d39
27158533ns          475316 1c009474 00a686b3 add              x13, x13, x10       x13=ffffffea x13:0000000e x10:ffffffdc
27158553ns          475317 1c009476 05012f03 lw               x30, 80(x2)         x30=1c002e76  x2:10001cd8  PA:10001d28
27158573ns          475318 1c009478 10034e33 p.exths          x28, x6, x0         x28=00000057  x6:00000057
27158593ns          475319 1c00947c 06911023 sh               x9, 96(x2)           x9:00000174  x2:10001cd8  PA:10001d38
27158613ns          475320 1c009480 000ede83 lhu              x29, 0(x29)         x29=0000003a x29:1c002f06  PA:1c002f06
27158911ns          475335 1c009484 05812483 lw               x9, 88(x2)           x9=1c002e66  x2:10001cd8  PA:10001d30
27158931ns          475336 1c009486 1006d6b3 p.exthz          x13, x13, x0        x13=0000ffea x13:ffffffea
27158951ns          475337 1c00948a 02ee08b3 mul              x17, x28, x14       x17=0000659d x28:00000057 x14:0000012b
27158971ns          475338 1c00948e 1006c833 p.exths          x16, x13, x0        x16=ffffffea x13:0000ffea
27158991ns          475339 1c009492 06b11823 sh               x11, 112(x2)        x11:0000008c  x2:10001cd8  PA:10001d48
27159011ns          475340 1c009496 000f5f03 lhu              x30, 0(x30)         x30=0000ff1d x30:1c002e76  PA:1c002e76
27159329ns          475356 1c00949a 0a012583 lw               x11, 160(x2)        x11=1c002e96  x2:10001cd8  PA:10001d78
27159349ns          475357 1c00949c 1007d7b3 p.exthz          x15, x15, x0        x15=0000ffb5 x15:ffffffb5
27159369ns          475358 1c0094a0 0004da03 lhu              x20, 0(x9)          x20=0000fbcd  x9:1c002e66  PA:1c002e66
27159667ns          475373 1c0094a4 1007c533 p.exths          x10, x15, x0        x10=ffffffb5 x15:0000ffb5
27159687ns          475374 1c0094a8 09d11023 sh               x29, 128(x2)        x29:0000003a  x2:10001cd8  PA:10001d58
27159707ns          475375 1c0094ac 0003d483 lhu              x9, 0(x7)            x9=0000ffd2  x7:1c002eb6  PA:1c002eb6
27160025ns          475391 1c0094b0 02e80eb3 mul              x29, x16, x14       x29=ffffe64e x16:ffffffea x14:0000012b
27160045ns          475392 1c0094b4 40a8d893 srai             x17, x17, 0x40a     x17=00000019 x17:0000659d
27160065ns          475393 1c0094b8 03c80833 mul              x16, x16, x28       x16=fffff886 x16:ffffffea x28:00000057
27160084ns          475394 1c0094bc 09e11823 sh               x30, 144(x2)        x30:0000ff1d  x2:10001cd8  PA:10001d68
27160104ns          475395 1c0094c0 0005d983 lhu              x19, 0(x11)         x19=0000ffae x11:1c002e96  PA:1c002e96
27160482ns          475414 1c0094c4 81c88f5b p.muls           x30, x17, x28       x30=0000087f x17:00000019 x28:00000057
27160502ns          475415 1c0094c8 0002d583 lhu              x11, 0(x5)          x11=0000ff89  x5:1c002ea6  PA:1c002ea6
27160820ns          475431 1c0094cc 03ce0fb3 mul              x31, x28, x28       x31=00001d91 x28:00000057 x28:00000057
27160840ns          475432 1c0094d0 02e50733 mul              x14, x10, x14       x14=ffffa867 x10:ffffffb5 x14:0000012b
27160860ns          475433 1c0094d4 40a85813 srai             x16, x16, 0x40a     x16=fffffffe x16:fffff886
27160880ns          475434 1c0094d8 03c50533 mul              x10, x10, x28       x10=ffffe683 x10:ffffffb5 x28:00000057
27160900ns          475435 1c0094dc 07015e03 lhu              x28, 112(x2)        x28=0000008c  x2:10001cd8  PA:10001d48
27160920ns          475436 1c0094e0 01b60633 add              x12, x12, x27       x12=000013af x12:0000012b x27:00001284
27160940ns          475437 1c0094e2 00980833 add              x16, x16, x9        x16=0000ffd0 x16:fffffffe  x9:0000ffd2
27160960ns          475438 1c0094e4 06015d83 lhu              x27, 96(x2)         x27=00000174  x2:10001cd8  PA:10001d38
27160979ns          475439 1c0094e8 02812483 lw               x9, 40(x2)           x9=1c002ec6  x2:10001cd8  PA:10001d00
27160999ns          475440 1c0094ea 40afdf93 srai             x31, x31, 0x40a     x31=00000007 x31:00001d91
27161019ns          475441 1c0094ee 40a55513 srai             x10, x10, 0x40a     x10=fffffff9 x10:ffffe683
27161039ns          475442 1c0094f0 01cf8fb3 add              x31, x31, x28       x31=00000093 x31:00000007 x28:0000008c
27161059ns          475443 1c0094f2 00b50533 add              x10, x10, x11       x10=0000ff82 x10:fffffff9 x11:0000ff89
27161079ns          475444 1c0094f4 09015e03 lhu              x28, 144(x2)        x28=0000ff1d  x2:10001cd8  PA:10001d68
27161099ns          475445 1c0094f8 03012583 lw               x11, 48(x2)         x11=1c002ed6  x2:10001cd8  PA:10001d08
27161119ns          475446 1c0094fa 00c49023 sh               x12, 0(x9)          x12:000013af  x9:1c002ec6  PA:1c002ec6
27161437ns          475462 1c0094fe 01b888b3 add              x17, x17, x27       x17=0000018d x17:00000019 x27:00000174
27161457ns          475463 1c009500 01a30333 add              x6, x6, x26          x6=000004c8  x6:00000057 x26:00000471
27161477ns          475464 1c009502 08015d83 lhu              x27, 128(x2)        x27=0000003a  x2:10001cd8  PA:10001d58
27161497ns          475465 1c009506 0000d903 lhu              x18, 0(x1)          x18=0000fece  x1:1c002e86  PA:1c002e86
27161815ns          475481 1c00950a 01c686b3 add              x13, x13, x28       x13=0001ff07 x13:0000ffea x28:0000ff1d
27161835ns          475482 1c00950c 00659023 sh               x6, 0(x11)           x6:000004c8 x11:1c002ed6  PA:1c002ed6
27162153ns          475498 1c009510 40af5f13 srai             x30, x30, 0x40a     x30=00000002 x30:0000087f
27162173ns          475499 1c009514 04812e03 lw               x28, 72(x2)         x28=1c002f06  x2:10001cd8  PA:10001d20
27162193ns          475500 1c009516 01bf0f33 add              x30, x30, x27       x30=0000003c x30:00000002 x27:0000003a
27162213ns          475501 1c009518 40aede93 srai             x29, x29, 0x40a     x29=fffffff9 x29:ffffe64e
27162232ns          475502 1c00951c 40a75713 srai             x14, x14, 0x40a     x14=ffffffea x14:ffffa867
27162252ns          475503 1c00951e 03812603 lw               x12, 56(x2)         x12=1c002ee6  x2:10001cd8  PA:10001d10
27162272ns          475504 1c009520 04012d83 lw               x27, 64(x2)         x27=1c002ef6  x2:10001cd8  PA:10001d18
27162292ns          475505 1c009522 01ee1023 sh               x30, 0(x28)         x30:0000003c x28:1c002f06  PA:1c002f06
27162630ns          475522 1c009526 05812483 lw               x9, 88(x2)           x9=1c002e66  x2:10001cd8  PA:10001d30
27162650ns          475523 1c009528 05012f03 lw               x30, 80(x2)         x30=1c002e76  x2:10001cd8  PA:10001d28
27162670ns          475524 1c00952a 0a012583 lw               x11, 160(x2)        x11=1c002e96  x2:10001cd8  PA:10001d78
27162690ns          475525 1c00952c 014787b3 add              x15, x15, x20       x15=0001fb82 x15:0000ffb5 x20:0000fbcd
27162710ns          475526 1c00952e 013e8eb3 add              x29, x29, x19       x29=0000ffa7 x29:fffffff9 x19:0000ffae
27162730ns          475527 1c009530 01270733 add              x14, x14, x18       x14=0000feb8 x14:ffffffea x18:0000fece
27162749ns          475528 1c009532 00f49023 sh               x15, 0(x9)          x15:0001fb82  x9:1c002e66  PA:1c002e66
27163088ns          475545 1c009536 01161023 sh               x17, 0(x12)         x17:0000018d x12:1c002ee6  PA:1c002ee6
27163446ns          475563 1c00953a 01fd9023 sh               x31, 0(x27)         x31:00000093 x27:1c002ef6  PA:1c002ef6
27163804ns          475581 1c00953e 00df1023 sh               x13, 0(x30)         x13:0001ff07 x30:1c002e76  PA:1c002e76
27164122ns          475597 1c009542 01d59023 sh               x29, 0(x11)         x29:0000ffa7 x11:1c002e96  PA:1c002e96
27164460ns          475614 1c009546 00e09023 sh               x14, 0(x1)          x14:0000feb8  x1:1c002e86  PA:1c002e86
27164778ns          475630 1c00954a 01039023 sh               x16, 0(x7)          x16:0000ffd0  x7:1c002eb6  PA:1c002eb6
27165096ns          475646 1c00954e 00a29023 sh               x10, 0(x5)          x10:0000ff82  x5:1c002ea6  PA:1c002ea6
27165414ns          475662 1c009552 008b0b13 addi             x22, x22, 8         x22=00000133 x22:0000012b
27165434ns          475663 1c009554 1f300793 addi             x15, x0, 499        x15=000001f3
27165454ns          475664 1c009558 e767dae3 bge              x15, x22, -396      x15:000001f3 x22:00000133
27165514ns          475667 1c0093cc 010c9a0b p.lh             x20, 16(x25!)       x20=0000008e x25=1c0028fe x25:1c0028ee  PA:1c0028ee
27165912ns          475687 1c0093d0 0104198b p.lh             x19, 16(x8!)        x19=00000133  x8=1c0020c6  x8:1c0020b6  PA:1c0020b6
27166210ns          475702 1c0093d4 2cc10513 addi             x10, x2, 716        x10=10001fa4  x2:10001cd8
27166230ns          475703 1c0093d6 010a990b p.lh             x18, 16(x21!)       x18=000000b0 x21=1c0018f2 x21:1c0018e2  PA:1c0018e2
27166588ns          475721 1c0093da 010b948b p.lh             x9, 16(x23!)         x9=00000134 x23=1c001122 x23:1c001112  PA:1c001112
27166886ns          475736 1c0093de 2d411623 sh               x20, 716(x2)        x20:0000008e  x2:10001cd8  PA:10001fa4
27166906ns          475737 1c0093e2 2d311723 sh               x19, 718(x2)        x19:00000133  x2:10001cd8  PA:10001fa6
27166926ns          475738 1c0093e6 c33ff0ef jal              x1, -974             x1=1c0093e8
27167006ns          475742 1c009018 00051803 lh               x16, 0(x10)         x16=0000008e x10:10001fa4  PA:10001fa4
27167045ns          475744 1c00901c 00251883 lh               x17, 2(x10)         x17=00000133 x10:10001fa4  PA:10001fa6
27167105ns          475747 1c009020 030806b3 mul              x13, x16, x16       x13=00004ec4 x16:0000008e x16:0000008e
27167125ns          475748 1c009024 03188633 mul              x12, x17, x17       x12=00017029 x17:00000133 x17:00000133
27167145ns          475749 1c009028 40a65613 srai             x12, x12, 0x40a     x12=0000005c x12:00017029
27167165ns          475750 1c00902a 40a6d693 srai             x13, x13, 0x40a     x13=00000013 x13:00004ec4
27167185ns          475751 1c00902c 00c686b3 add              x13, x13, x12       x13=0000006f x13:00000013 x12:0000005c
27167204ns          475752 1c00902e 1006c633 p.exths          x12, x13, x0        x12=0000006f x13:0000006f
27167224ns          475753 1c009032 00855703 lhu              x14, 8(x10)         x14=0000ffd1 x10:10001fa4  PA:10001fac
27167244ns          475754 1c009036 00a55683 lhu              x13, 10(x10)        x13=0000ff6a x10:10001fa4  PA:10001fae
27167264ns          475755 1c00903a 02c60333 mul              x6, x12, x12         x6=00003021 x12:0000006f x12:0000006f
27167284ns          475756 1c00903e 00c55783 lhu              x15, 12(x10)        x15=0000ffe5 x10:10001fa4  PA:10001fb0
27167304ns          475757 1c009042 00e55583 lhu              x11, 14(x10)        x11=00000060 x10:10001fa4  PA:10001fb2
27167324ns          475758 1c009046 dea30333 p.extract        x6, x6, 15, 10       x6=0000000c  x6:00003021
27167344ns          475759 1c00904a 80c7075b p.muls           x14, x14, x12       x14=ffffeb9f x14:0000ffd1 x12:0000006f
27167364ns          475760 1c00904e 80c686db p.muls           x13, x13, x12       x13=ffffbef6 x13:0000ff6a x12:0000006f
27167383ns          475761 1c009052 00455e83 lhu              x29, 4(x10)         x29=00000427 x10:10001fa4  PA:10001fa8
27167403ns          475762 1c009056 00655e03 lhu              x28, 6(x10)         x28=0000007f x10:10001fa4  PA:10001faa
27167423ns          475763 1c00905a 40a75713 srai             x14, x14, 0x40a     x14=fffffffa x14:ffffeb9f
27167443ns          475764 1c00905c 806787db p.muls           x15, x15, x6        x15=fffffebc x15:0000ffe5  x6:0000000c
27167483ns          475766 1c009060 40a6d693 srai             x13, x13, 0x40a     x13=ffffffef x13:ffffbef6
27167523ns          475768 1c009062 8065865b p.muls           x12, x11, x6        x12=00000480 x11:00000060  x6:0000000c
27167542ns          475769 1c009066 40a7d793 srai             x15, x15, 0x40a     x15=ffffffff x15:fffffebc
27167562ns          475770 1c009068 40a65613 srai             x12, x12, 0x40a     x12=00000001 x12:00000480
27167582ns          475771 1c00906a 01d70733 add              x14, x14, x29       x14=00000421 x14:fffffffa x29:00000427
27167602ns          475772 1c00906c 01c686b3 add              x13, x13, x28       x13=0000006e x13:ffffffef x28:0000007f
27167622ns          475773 1c00906e 00c686b3 add              x13, x13, x12       x13=0000006f x13:0000006e x12:00000001
27167642ns          475774 1c009070 00f70733 add              x14, x14, x15       x14=00000420 x14:00000421 x15:ffffffff
27167662ns          475775 1c009072 100747b3 p.exths          x15, x14, x0        x15=00000420 x14:00000420
27167682ns          475776 1c009076 1006c733 p.exths          x14, x13, x0        x14=0000006f x13:0000006f
27167702ns          475777 1c00907a 03170633 mul              x12, x14, x17       x12=0000851d x14:0000006f x17:00000133
27167721ns          475778 1c00907e 030786b3 mul              x13, x15, x16       x13=000249c0 x15:00000420 x16:0000008e
27167741ns          475779 1c009082 03070733 mul              x14, x14, x16       x14=00003d92 x14:0000006f x16:0000008e
27167761ns          475780 1c009086 031787b3 mul              x15, x15, x17       x15=0004f260 x15:00000420 x17:00000133
27167781ns          475781 1c00908a 40a6d693 srai             x13, x13, 0x40a     x13=00000092 x13:000249c0
27167801ns          475782 1c00908c 40a65613 srai             x12, x12, 0x40a     x12=00000021 x12:0000851d
27167821ns          475783 1c00908e 40a7d793 srai             x15, x15, 0x40a     x15=0000013c x15:0004f260
27167841ns          475784 1c009090 40a75713 srai             x14, x14, 0x40a     x14=0000000f x14:00003d92
27167861ns          475785 1c009092 40c686b3 sub              x13, x13, x12       x13=00000071 x13:00000092 x12:00000021
27167881ns          475786 1c009094 00e787b3 add              x15, x15, x14       x15=0000014b x15:0000013c x14:0000000f
27167900ns          475787 1c009096 00d51823 sh               x13, 16(x10)        x13:00000071 x10:10001fa4  PA:10001fb4
27167920ns          475788 1c00909a 00f51923 sh               x15, 18(x10)        x15:0000014b x10:10001fa4  PA:10001fb6
27167940ns          475789 1c00909e 00008067 jalr             x0, x1, 0            x1:1c0093e8
27168020ns          475793 1c0093e8 2dc15583 lhu              x11, 732(x2)        x11=00000071  x2:10001cd8  PA:10001fb4
27168060ns          475795 1c0093ec 2de15783 lhu              x15, 734(x2)        x15=0000014b  x2:10001cd8  PA:10001fb6
27168099ns          475797 1c0093f0 40b90933 sub              x18, x18, x11       x18=0000003f x18:000000b0 x11:00000071
27168119ns          475798 1c0093f4 40f484b3 sub              x9, x9, x15          x9=ffffffe9  x9:00000134 x15:0000014b
27168139ns          475799 1c0093f6 100945b3 p.exths          x11, x18, x0        x11=0000003f x18:0000003f
27168159ns          475800 1c0093fa 1004c7b3 p.exths          x15, x9, x0         x15=ffffffe9  x9:ffffffe9
27168179ns          475801 1c0093fe 034586b3 mul              x13, x11, x20       x13=000022f2 x11:0000003f x20:0000008e
27168199ns          475802 1c009402 03378533 mul              x10, x15, x19       x10=ffffe46b x15:ffffffe9 x19:00000133
27168219ns          475803 1c009406 034a0633 mul              x12, x20, x20       x12=00004ec4 x20:0000008e x20:0000008e
27168239ns          475804 1c00940a 03398733 mul              x14, x19, x19       x14=00017029 x19:00000133 x19:00000133
27168258ns          475805 1c00940e 034787b3 mul              x15, x15, x20       x15=fffff33e x15:ffffffe9 x20:0000008e
27168278ns          475806 1c009412 033585b3 mul              x11, x11, x19       x11=00004b8d x11:0000003f x19:00000133
27168298ns          475807 1c009416 40a75713 srai             x14, x14, 0x40a     x14=0000005c x14:00017029
27168318ns          475808 1c009418 40a5d593 srai             x11, x11, 0x40a     x11=00000012 x11:00004b8d
27168338ns          475809 1c00941a 40a65613 srai             x12, x12, 0x40a     x12=00000013 x12:00004ec4
27168358ns          475810 1c00941c 40a7d793 srai             x15, x15, 0x40a     x15=fffffffc x15:fffff33e
27168378ns          475811 1c00941e 1c0034b7 lui              x9, 0x1c003000       x9=1c003000
27168398ns          475812 1c009422 00e60633 add              x12, x12, x14       x12=0000006f x12:00000013 x14:0000005c
27168418ns          475813 1c009424 40b787b3 sub              x15, x15, x11       x15=ffffffea x15:fffffffc x11:00000012
27168437ns          475814 1c009426 eb048493 addi             x9, x9, -336         x9=1c002eb0  x9:1c003000
27168457ns          475815 1c00942a 1c0032b7 lui              x5, 0x1c003000       x5=1c003000
27168477ns          475816 1c00942e 1c0035b7 lui              x11, 0x1c003000     x11=1c003000
27168497ns          475817 1c009432 018483b3 add              x7, x9, x24          x7=1c002eb6  x9:1c002eb0 x24:00000006
27168517ns          475818 1c009436 02812e83 lw               x29, 40(x2)         x29=1c002ec6  x2:10001cd8  PA:10001d00
27168537ns          475819 1c009438 10065633 p.exthz          x12, x12, x0        x12=0000006f x12:0000006f
27168557ns          475820 1c00943c e8028293 addi             x5, x5, -384         x5=1c002e80  x5:1c003000
27168577ns          475821 1c009440 ea058593 addi             x11, x11, -352      x11=1c002ea0 x11:1c003000
27168597ns          475822 1c009444 03812483 lw               x9, 56(x2)           x9=1c002ee6  x2:10001cd8  PA:10001d10
27168616ns          475823 1c009446 10064733 p.exths          x14, x12, x0        x14=0000006f x12:0000006f
27168636ns          475824 1c00944a 018280b3 add              x1, x5, x24          x1=1c002e86  x5:1c002e80 x24:00000006
27168656ns          475825 1c00944e 03012f03 lw               x30, 48(x2)         x30=1c002ed6  x2:10001cd8  PA:10001d08
27168676ns          475826 1c009450 018582b3 add              x5, x11, x24         x5=1c002ea6 x11:1c002ea0 x24:00000006
27168696ns          475827 1c009454 04012583 lw               x11, 64(x2)         x11=1c002ef6  x2:10001cd8  PA:10001d18
27168716ns          475828 1c009456 000edd83 lhu              x27, 0(x29)         x27=000013af x29:1c002ec6  PA:1c002ec6
27169094ns          475847 1c00945a 0004d483 lhu              x9, 0(x9)            x9=0000018d  x9:1c002ee6  PA:1c002ee6
27169392ns          475862 1c00945e 02e70333 mul              x6, x14, x14         x6=00003021 x14:0000006f x14:0000006f
27169412ns          475863 1c009462 40a55513 srai             x10, x10, 0x40a     x10=fffffff9 x10:ffffe46b
27169432ns          475864 1c009464 04812e83 lw               x29, 72(x2)         x29=1c002f06  x2:10001cd8  PA:10001d20
27169452ns          475865 1c009466 40a6d693 srai             x13, x13, 0x40a     x13=00000008 x13:000022f2
27169472ns          475866 1c009468 000f5d03 lhu              x26, 0(x30)         x26=000004c8 x30:1c002ed6  PA:1c002ed6
27169770ns          475881 1c00946c 0005d583 lhu              x11, 0(x11)         x11=00000093 x11:1c002ef6  PA:1c002ef6
27170088ns          475897 1c009470 40a35313 srai             x6, x6, 0x40a        x6=0000000c  x6:00003021
27170108ns          475898 1c009474 00a686b3 add              x13, x13, x10       x13=00000001 x13:00000008 x10:fffffff9
27170128ns          475899 1c009476 05012f03 lw               x30, 80(x2)         x30=1c002e76  x2:10001cd8  PA:10001d28
27170148ns          475900 1c009478 10034e33 p.exths          x28, x6, x0         x28=0000000c  x6:0000000c
27170168ns          475901 1c00947c 06911023 sh               x9, 96(x2)           x9:0000018d  x2:10001cd8  PA:10001d38
27170188ns          475902 1c009480 000ede83 lhu              x29, 0(x29)         x29=0000003c x29:1c002f06  PA:1c002f06
27170506ns          475918 1c009484 05812483 lw               x9, 88(x2)           x9=1c002e66  x2:10001cd8  PA:10001d30
27170526ns          475919 1c009486 1006d6b3 p.exthz          x13, x13, x0        x13=00000001 x13:00000001
27170546ns          475920 1c00948a 02ee08b3 mul              x17, x28, x14       x17=00000534 x28:0000000c x14:0000006f
27170565ns          475921 1c00948e 1006c833 p.exths          x16, x13, x0        x16=00000001 x13:00000001
27170585ns          475922 1c009492 06b11823 sh               x11, 112(x2)        x11:00000093  x2:10001cd8  PA:10001d48
27170605ns          475923 1c009496 000f5f03 lhu              x30, 0(x30)         x30=0000ff07 x30:1c002e76  PA:1c002e76
27170904ns          475938 1c00949a 0a012583 lw               x11, 160(x2)        x11=1c002e96  x2:10001cd8  PA:10001d78
27170923ns          475939 1c00949c 1007d7b3 p.exthz          x15, x15, x0        x15=0000ffea x15:ffffffea
27170943ns          475940 1c0094a0 0004da03 lhu              x20, 0(x9)          x20=0000fb82  x9:1c002e66  PA:1c002e66
27171281ns          475957 1c0094a4 1007c533 p.exths          x10, x15, x0        x10=ffffffea x15:0000ffea
27171301ns          475958 1c0094a8 09d11023 sh               x29, 128(x2)        x29:0000003c  x2:10001cd8  PA:10001d58
27171321ns          475959 1c0094ac 0003d483 lhu              x9, 0(x7)            x9=0000ffd0  x7:1c002eb6  PA:1c002eb6
27171639ns          475975 1c0094b0 02e80eb3 mul              x29, x16, x14       x29=0000006f x16:00000001 x14:0000006f
27171659ns          475976 1c0094b4 40a8d893 srai             x17, x17, 0x40a     x17=00000001 x17:00000534
27171679ns          475977 1c0094b8 03c80833 mul              x16, x16, x28       x16=0000000c x16:00000001 x28:0000000c
27171699ns          475978 1c0094bc 09e11823 sh               x30, 144(x2)        x30:0000ff07  x2:10001cd8  PA:10001d68
27171719ns          475979 1c0094c0 0005d983 lhu              x19, 0(x11)         x19=0000ffa7 x11:1c002e96  PA:1c002e96
27172037ns          475995 1c0094c4 81c88f5b p.muls           x30, x17, x28       x30=0000000c x17:00000001 x28:0000000c
27172057ns          475996 1c0094c8 0002d583 lhu              x11, 0(x5)          x11=0000ff82  x5:1c002ea6  PA:1c002ea6
27172375ns          476012 1c0094cc 03ce0fb3 mul              x31, x28, x28       x31=00000090 x28:0000000c x28:0000000c
27172395ns          476013 1c0094d0 02e50733 mul              x14, x10, x14       x14=fffff676 x10:ffffffea x14:0000006f
27172415ns          476014 1c0094d4 40a85813 srai             x16, x16, 0x40a     x16=00000000 x16:0000000c
27172435ns          476015 1c0094d8 03c50533 mul              x10, x10, x28       x10=fffffef8 x10:ffffffea x28:0000000c
27172455ns          476016 1c0094dc 07015e03 lhu              x28, 112(x2)        x28=00000093  x2:10001cd8  PA:10001d48
27172475ns          476017 1c0094e0 01b60633 add              x12, x12, x27       x12=0000141e x12:0000006f x27:000013af
27172495ns          476018 1c0094e2 00980833 add              x16, x16, x9        x16=0000ffd0 x16:00000000  x9:0000ffd0
27172514ns          476019 1c0094e4 06015d83 lhu              x27, 96(x2)         x27=0000018d  x2:10001cd8  PA:10001d38
27172534ns          476020 1c0094e8 02812483 lw               x9, 40(x2)           x9=1c002ec6  x2:10001cd8  PA:10001d00
27172554ns          476021 1c0094ea 40afdf93 srai             x31, x31, 0x40a     x31=00000000 x31:00000090
27172574ns          476022 1c0094ee 40a55513 srai             x10, x10, 0x40a     x10=ffffffff x10:fffffef8
27172594ns          476023 1c0094f0 01cf8fb3 add              x31, x31, x28       x31=00000093 x31:00000000 x28:00000093
27172614ns          476024 1c0094f2 00b50533 add              x10, x10, x11       x10=0000ff81 x10:ffffffff x11:0000ff82
27172634ns          476025 1c0094f4 09015e03 lhu              x28, 144(x2)        x28=0000ff07  x2:10001cd8  PA:10001d68
27172654ns          476026 1c0094f8 03012583 lw               x11, 48(x2)         x11=1c002ed6  x2:10001cd8  PA:10001d08
27172674ns          476027 1c0094fa 00c49023 sh               x12, 0(x9)          x12:0000141e  x9:1c002ec6  PA:1c002ec6
27172992ns          476043 1c0094fe 01b888b3 add              x17, x17, x27       x17=0000018e x17:00000001 x27:0000018d
27173012ns          476044 1c009500 01a30333 add              x6, x6, x26          x6=000004d4  x6:0000000c x26:000004c8
27173032ns          476045 1c009502 08015d83 lhu              x27, 128(x2)        x27=0000003c  x2:10001cd8  PA:10001d58
27173051ns          476046 1c009506 0000d903 lhu              x18, 0(x1)          x18=0000feb8  x1:1c002e86  PA:1c002e86
27173370ns          476062 1c00950a 01c686b3 add              x13, x13, x28       x13=0000ff08 x13:00000001 x28:0000ff07
27173390ns          476063 1c00950c 00659023 sh               x6, 0(x11)           x6:000004d4 x11:1c002ed6  PA:1c002ed6
27173708ns          476079 1c009510 40af5f13 srai             x30, x30, 0x40a     x30=00000000 x30:0000000c
27173728ns          476080 1c009514 04812e03 lw               x28, 72(x2)         x28=1c002f06  x2:10001cd8  PA:10001d20
27173748ns          476081 1c009516 01bf0f33 add              x30, x30, x27       x30=0000003c x30:00000000 x27:0000003c
27173767ns          476082 1c009518 40aede93 srai             x29, x29, 0x40a     x29=00000000 x29:0000006f
27173787ns          476083 1c00951c 40a75713 srai             x14, x14, 0x40a     x14=fffffffd x14:fffff676
27173807ns          476084 1c00951e 03812603 lw               x12, 56(x2)         x12=1c002ee6  x2:10001cd8  PA:10001d10
27173827ns          476085 1c009520 04012d83 lw               x27, 64(x2)         x27=1c002ef6  x2:10001cd8  PA:10001d18
27173847ns          476086 1c009522 01ee1023 sh               x30, 0(x28)         x30:0000003c x28:1c002f06  PA:1c002f06
27174185ns          476103 1c009526 05812483 lw               x9, 88(x2)           x9=1c002e66  x2:10001cd8  PA:10001d30
27174205ns          476104 1c009528 05012f03 lw               x30, 80(x2)         x30=1c002e76  x2:10001cd8  PA:10001d28
27174225ns          476105 1c00952a 0a012583 lw               x11, 160(x2)        x11=1c002e96  x2:10001cd8  PA:10001d78
27174245ns          476106 1c00952c 014787b3 add              x15, x15, x20       x15=0001fb6c x15:0000ffea x20:0000fb82
27174265ns          476107 1c00952e 013e8eb3 add              x29, x29, x19       x29=0000ffa7 x29:00000000 x19:0000ffa7
27174285ns          476108 1c009530 01270733 add              x14, x14, x18       x14=0000feb5 x14:fffffffd x18:0000feb8
27174304ns          476109 1c009532 00f49023 sh               x15, 0(x9)          x15:0001fb6c  x9:1c002e66  PA:1c002e66
27174643ns          476126 1c009536 01161023 sh               x17, 0(x12)         x17:0000018e x12:1c002ee6  PA:1c002ee6
27175000ns          476144 1c00953a 01fd9023 sh               x31, 0(x27)         x31:00000093 x27:1c002ef6  PA:1c002ef6
27175319ns          476160 1c00953e 00df1023 sh               x13, 0(x30)         x13:0000ff08 x30:1c002e76  PA:1c002e76
27175637ns          476176 1c009542 01d59023 sh               x29, 0(x11)         x29:0000ffa7 x11:1c002e96  PA:1c002e96
27175955ns          476192 1c009546 00e09023 sh               x14, 0(x1)          x14:0000feb5  x1:1c002e86  PA:1c002e86
27176293ns          476209 1c00954a 01039023 sh               x16, 0(x7)          x16:0000ffd0  x7:1c002eb6  PA:1c002eb6
27176611ns          476225 1c00954e 00a29023 sh               x10, 0(x5)          x10:0000ff81  x5:1c002ea6  PA:1c002ea6
27176950ns          476242 1c009552 008b0b13 addi             x22, x22, 8         x22=0000013b x22:00000133
27176969ns          476243 1c009554 1f300793 addi             x15, x0, 499        x15=000001f3
27176989ns          476244 1c009558 e767dae3 bge              x15, x22, -396      x15:000001f3 x22:0000013b
27177089ns          476249 1c0093cc 010c9a0b p.lh             x20, 16(x25!)       x20=fffffedb x25=1c00290e x25:1c0028fe  PA:1c0028fe
27177427ns          476266 1c0093d0 0104198b p.lh             x19, 16(x8!)        x19=ffffffd4  x8=1c0020d6  x8:1c0020c6  PA:1c0020c6
27177745ns          476282 1c0093d4 2cc10513 addi             x10, x2, 716        x10=10001fa4  x2:10001cd8
27177765ns          476283 1c0093d6 010a990b p.lh             x18, 16(x21!)       x18=fffffed1 x21=1c001902 x21:1c0018f2  PA:1c0018f2
27178063ns          476298 1c0093da 010b948b p.lh             x9, 16(x23!)         x9=ffffffe7 x23=1c001132 x23:1c001122  PA:1c001122
27178362ns          476313 1c0093de 2d411623 sh               x20, 716(x2)        x20:fffffedb  x2:10001cd8  PA:10001fa4
27178381ns          476314 1c0093e2 2d311723 sh               x19, 718(x2)        x19:ffffffd4  x2:10001cd8  PA:10001fa6
27178401ns          476315 1c0093e6 c33ff0ef jal              x1, -974             x1=1c0093e8
27178441ns          476317 1c009018 00051803 lh               x16, 0(x10)         x16=fffffedb x10:10001fa4  PA:10001fa4
27178481ns          476319 1c00901c 00251883 lh               x17, 2(x10)         x17=ffffffd4 x10:10001fa4  PA:10001fa6
27178521ns          476321 1c009020 030806b3 mul              x13, x16, x16       x13=00014f59 x16:fffffedb x16:fffffedb
27178541ns          476322 1c009024 03188633 mul              x12, x17, x17       x12=00000790 x17:ffffffd4 x17:ffffffd4
27178560ns          476323 1c009028 40a65613 srai             x12, x12, 0x40a     x12=00000001 x12:00000790
27178580ns          476324 1c00902a 40a6d693 srai             x13, x13, 0x40a     x13=00000053 x13:00014f59
27178600ns          476325 1c00902c 00c686b3 add              x13, x13, x12       x13=00000054 x13:00000053 x12:00000001
27178620ns          476326 1c00902e 1006c633 p.exths          x12, x13, x0        x12=00000054 x13:00000054
27178640ns          476327 1c009032 00855703 lhu              x14, 8(x10)         x14=0000ffd1 x10:10001fa4  PA:10001fac
27178660ns          476328 1c009036 00a55683 lhu              x13, 10(x10)        x13=0000ff6a x10:10001fa4  PA:10001fae
27178680ns          476329 1c00903a 02c60333 mul              x6, x12, x12         x6=00001b90 x12:00000054 x12:00000054
27178739ns          476332 1c00903e 00c55783 lhu              x15, 12(x10)        x15=0000ffe5 x10:10001fa4  PA:10001fb0
27178779ns          476334 1c009042 00e55583 lhu              x11, 14(x10)        x11=00000060 x10:10001fa4  PA:10001fb2
27178799ns          476335 1c009046 dea30333 p.extract        x6, x6, 15, 10       x6=00000006  x6:00001b90
27178819ns          476336 1c00904a 80c7075b p.muls           x14, x14, x12       x14=fffff094 x14:0000ffd1 x12:00000054
27178839ns          476337 1c00904e 80c686db p.muls           x13, x13, x12       x13=ffffcec8 x13:0000ff6a x12:00000054
27178859ns          476338 1c009052 00455e83 lhu              x29, 4(x10)         x29=00000427 x10:10001fa4  PA:10001fa8
27178879ns          476339 1c009056 00655e03 lhu              x28, 6(x10)         x28=0000007f x10:10001fa4  PA:10001faa
27178899ns          476340 1c00905a 40a75713 srai             x14, x14, 0x40a     x14=fffffffc x14:fffff094
27178918ns          476341 1c00905c 806787db p.muls           x15, x15, x6        x15=ffffff5e x15:0000ffe5  x6:00000006
27178958ns          476343 1c009060 40a6d693 srai             x13, x13, 0x40a     x13=fffffff3 x13:ffffcec8
27178998ns          476345 1c009062 8065865b p.muls           x12, x11, x6        x12=00000240 x11:00000060  x6:00000006
27179018ns          476346 1c009066 40a7d793 srai             x15, x15, 0x40a     x15=ffffffff x15:ffffff5e
27179038ns          476347 1c009068 40a65613 srai             x12, x12, 0x40a     x12=00000000 x12:00000240
27179058ns          476348 1c00906a 01d70733 add              x14, x14, x29       x14=00000423 x14:fffffffc x29:00000427
27179078ns          476349 1c00906c 01c686b3 add              x13, x13, x28       x13=00000072 x13:fffffff3 x28:0000007f
27179097ns          476350 1c00906e 00c686b3 add              x13, x13, x12       x13=00000072 x13:00000072 x12:00000000
27179117ns          476351 1c009070 00f70733 add              x14, x14, x15       x14=00000422 x14:00000423 x15:ffffffff
27179137ns          476352 1c009072 100747b3 p.exths          x15, x14, x0        x15=00000422 x14:00000422
27179157ns          476353 1c009076 1006c733 p.exths          x14, x13, x0        x14=00000072 x13:00000072
27179177ns          476354 1c00907a 03170633 mul              x12, x14, x17       x12=ffffec68 x14:00000072 x17:ffffffd4
27179197ns          476355 1c00907e 030786b3 mul              x13, x15, x16       x13=fffb4516 x15:00000422 x16:fffffedb
27179217ns          476356 1c009082 03070733 mul              x14, x14, x16       x14=ffff7d86 x14:00000072 x16:fffffedb
27179237ns          476357 1c009086 031787b3 mul              x15, x15, x17       x15=ffff4a28 x15:00000422 x17:ffffffd4
27179257ns          476358 1c00908a 40a6d693 srai             x13, x13, 0x40a     x13=fffffed1 x13:fffb4516
27179276ns          476359 1c00908c 40a65613 srai             x12, x12, 0x40a     x12=fffffffb x12:ffffec68
27179296ns          476360 1c00908e 40a7d793 srai             x15, x15, 0x40a     x15=ffffffd2 x15:ffff4a28
27179316ns          476361 1c009090 40a75713 srai             x14, x14, 0x40a     x14=ffffffdf x14:ffff7d86
27179336ns          476362 1c009092 40c686b3 sub              x13, x13, x12       x13=fffffed6 x13:fffffed1 x12:fffffffb
27179356ns          476363 1c009094 00e787b3 add              x15, x15, x14       x15=ffffffb1 x15:ffffffd2 x14:ffffffdf
27179376ns          476364 1c009096 00d51823 sh               x13, 16(x10)        x13:fffffed6 x10:10001fa4  PA:10001fb4
27179396ns          476365 1c00909a 00f51923 sh               x15, 18(x10)        x15:ffffffb1 x10:10001fa4  PA:10001fb6
27179416ns          476366 1c00909e 00008067 jalr             x0, x1, 0            x1:1c0093e8
27179495ns          476370 1c0093e8 2dc15583 lhu              x11, 732(x2)        x11=0000fed6  x2:10001cd8  PA:10001fb4
27179515ns          476371 1c0093ec 2de15783 lhu              x15, 734(x2)        x15=0000ffb1  x2:10001cd8  PA:10001fb6
27179535ns          476372 1c0093f0 40b90933 sub              x18, x18, x11       x18=fffefffb x18:fffffed1 x11:0000fed6
27179555ns          476373 1c0093f4 40f484b3 sub              x9, x9, x15          x9=ffff0036  x9:ffffffe7 x15:0000ffb1
27179575ns          476374 1c0093f6 100945b3 p.exths          x11, x18, x0        x11=fffffffb x18:fffefffb
27179595ns          476375 1c0093fa 1004c7b3 p.exths          x15, x9, x0         x15=00000036  x9:ffff0036
27179615ns          476376 1c0093fe 034586b3 mul              x13, x11, x20       x13=000005b9 x11:fffffffb x20:fffffedb
27179634ns          476377 1c009402 03378533 mul              x10, x15, x19       x10=fffff6b8 x15:00000036 x19:ffffffd4
27179654ns          476378 1c009406 034a0633 mul              x12, x20, x20       x12=00014f59 x20:fffffedb x20:fffffedb
27179674ns          476379 1c00940a 03398733 mul              x14, x19, x19       x14=00000790 x19:ffffffd4 x19:ffffffd4
27179694ns          476380 1c00940e 034787b3 mul              x15, x15, x20       x15=ffffc232 x15:00000036 x20:fffffedb
27179714ns          476381 1c009412 033585b3 mul              x11, x11, x19       x11=000000dc x11:fffffffb x19:ffffffd4
27179734ns          476382 1c009416 40a75713 srai             x14, x14, 0x40a     x14=00000001 x14:00000790
27179754ns          476383 1c009418 40a5d593 srai             x11, x11, 0x40a     x11=00000000 x11:000000dc
27179774ns          476384 1c00941a 40a65613 srai             x12, x12, 0x40a     x12=00000053 x12:00014f59
27179794ns          476385 1c00941c 40a7d793 srai             x15, x15, 0x40a     x15=fffffff0 x15:ffffc232
27179813ns          476386 1c00941e 1c0034b7 lui              x9, 0x1c003000       x9=1c003000
27179833ns          476387 1c009422 00e60633 add              x12, x12, x14       x12=00000054 x12:00000053 x14:00000001
27179853ns          476388 1c009424 40b787b3 sub              x15, x15, x11       x15=fffffff0 x15:fffffff0 x11:00000000
27179873ns          476389 1c009426 eb048493 addi             x9, x9, -336         x9=1c002eb0  x9:1c003000
27179893ns          476390 1c00942a 1c0032b7 lui              x5, 0x1c003000       x5=1c003000
27179913ns          476391 1c00942e 1c0035b7 lui              x11, 0x1c003000     x11=1c003000
27179933ns          476392 1c009432 018483b3 add              x7, x9, x24          x7=1c002eb6  x9:1c002eb0 x24:00000006
27179953ns          476393 1c009436 02812e83 lw               x29, 40(x2)         x29=1c002ec6  x2:10001cd8  PA:10001d00
27179972ns          476394 1c009438 10065633 p.exthz          x12, x12, x0        x12=00000054 x12:00000054
27179992ns          476395 1c00943c e8028293 addi             x5, x5, -384         x5=1c002e80  x5:1c003000
27180012ns          476396 1c009440 ea058593 addi             x11, x11, -352      x11=1c002ea0 x11:1c003000
27180052ns          476398 1c009444 03812483 lw               x9, 56(x2)           x9=1c002ee6  x2:10001cd8  PA:10001d10
27180072ns          476399 1c009446 10064733 p.exths          x14, x12, x0        x14=00000054 x12:00000054
27180092ns          476400 1c00944a 018280b3 add              x1, x5, x24          x1=1c002e86  x5:1c002e80 x24:00000006
27180112ns          476401 1c00944e 03012f03 lw               x30, 48(x2)         x30=1c002ed6  x2:10001cd8  PA:10001d08
27180151ns          476403 1c009450 018582b3 add              x5, x11, x24         x5=1c002ea6 x11:1c002ea0 x24:00000006
27180191ns          476405 1c009454 04012583 lw               x11, 64(x2)         x11=1c002ef6  x2:10001cd8  PA:10001d18
27180211ns          476406 1c009456 000edd83 lhu              x27, 0(x29)         x27=0000141e x29:1c002ec6  PA:1c002ec6
27180509ns          476421 1c00945a 0004d483 lhu              x9, 0(x9)            x9=0000018e  x9:1c002ee6  PA:1c002ee6
27180848ns          476438 1c00945e 02e70333 mul              x6, x14, x14         x6=00001b90 x14:00000054 x14:00000054
27180867ns          476439 1c009462 40a55513 srai             x10, x10, 0x40a     x10=fffffffd x10:fffff6b8
27180887ns          476440 1c009464 04812e83 lw               x29, 72(x2)         x29=1c002f06  x2:10001cd8  PA:10001d20
27180907ns          476441 1c009466 40a6d693 srai             x13, x13, 0x40a     x13=00000001 x13:000005b9
27180927ns          476442 1c009468 000f5d03 lhu              x26, 0(x30)         x26=000004d4 x30:1c002ed6  PA:1c002ed6
27181325ns          476462 1c00946c 0005d583 lhu              x11, 0(x11)         x11=00000093 x11:1c002ef6  PA:1c002ef6
27181703ns          476481 1c009470 40a35313 srai             x6, x6, 0x40a        x6=00000006  x6:00001b90
27181723ns          476482 1c009474 00a686b3 add              x13, x13, x10       x13=fffffffe x13:00000001 x10:fffffffd
27181743ns          476483 1c009476 05012f03 lw               x30, 80(x2)         x30=1c002e76  x2:10001cd8  PA:10001d28
27181762ns          476484 1c009478 10034e33 p.exths          x28, x6, x0         x28=00000006  x6:00000006
27181782ns          476485 1c00947c 06911023 sh               x9, 96(x2)           x9:0000018e  x2:10001cd8  PA:10001d38
27181802ns          476486 1c009480 000ede83 lhu              x29, 0(x29)         x29=0000003c x29:1c002f06  PA:1c002f06
27182120ns          476502 1c009484 05812483 lw               x9, 88(x2)           x9=1c002e66  x2:10001cd8  PA:10001d30
27182140ns          476503 1c009486 1006d6b3 p.exthz          x13, x13, x0        x13=0000fffe x13:fffffffe
27182160ns          476504 1c00948a 02ee08b3 mul              x17, x28, x14       x17=000001f8 x28:00000006 x14:00000054
27182180ns          476505 1c00948e 1006c833 p.exths          x16, x13, x0        x16=fffffffe x13:0000fffe
27182200ns          476506 1c009492 06b11823 sh               x11, 112(x2)        x11:00000093  x2:10001cd8  PA:10001d48
27182220ns          476507 1c009496 000f5f03 lhu              x30, 0(x30)         x30=0000ff08 x30:1c002e76  PA:1c002e76
27182618ns          476527 1c00949a 0a012583 lw               x11, 160(x2)        x11=1c002e96  x2:10001cd8  PA:10001d78
27182637ns          476528 1c00949c 1007d7b3 p.exthz          x15, x15, x0        x15=0000fff0 x15:fffffff0
27182657ns          476529 1c0094a0 0004da03 lhu              x20, 0(x9)          x20=0000fb6c  x9:1c002e66  PA:1c002e66
27182956ns          476544 1c0094a4 1007c533 p.exths          x10, x15, x0        x10=fffffff0 x15:0000fff0
27182976ns          476545 1c0094a8 09d11023 sh               x29, 128(x2)        x29:0000003c  x2:10001cd8  PA:10001d58
27182995ns          476546 1c0094ac 0003d483 lhu              x9, 0(x7)            x9=0000ffd0  x7:1c002eb6  PA:1c002eb6
27183314ns          476562 1c0094b0 02e80eb3 mul              x29, x16, x14       x29=ffffff58 x16:fffffffe x14:00000054
27183334ns          476563 1c0094b4 40a8d893 srai             x17, x17, 0x40a     x17=00000000 x17:000001f8
27183353ns          476564 1c0094b8 03c80833 mul              x16, x16, x28       x16=fffffff4 x16:fffffffe x28:00000006
27183373ns          476565 1c0094bc 09e11823 sh               x30, 144(x2)        x30:0000ff08  x2:10001cd8  PA:10001d68
27183393ns          476566 1c0094c0 0005d983 lhu              x19, 0(x11)         x19=0000ffa7 x11:1c002e96  PA:1c002e96
27183731ns          476583 1c0094c4 81c88f5b p.muls           x30, x17, x28       x30=00000000 x17:00000000 x28:00000006
27183751ns          476584 1c0094c8 0002d583 lhu              x11, 0(x5)          x11=0000ff81  x5:1c002ea6  PA:1c002ea6
27184129ns          476603 1c0094cc 03ce0fb3 mul              x31, x28, x28       x31=00000024 x28:00000006 x28:00000006
27184149ns          476604 1c0094d0 02e50733 mul              x14, x10, x14       x14=fffffac0 x10:fffffff0 x14:00000054
27184169ns          476605 1c0094d4 40a85813 srai             x16, x16, 0x40a     x16=ffffffff x16:fffffff4
27184189ns          476606 1c0094d8 03c50533 mul              x10, x10, x28       x10=ffffffa0 x10:fffffff0 x28:00000006
27184209ns          476607 1c0094dc 07015e03 lhu              x28, 112(x2)        x28=00000093  x2:10001cd8  PA:10001d48
27184248ns          476609 1c0094e0 01b60633 add              x12, x12, x27       x12=00001472 x12:00000054 x27:0000141e
27184268ns          476610 1c0094e2 00980833 add              x16, x16, x9        x16=0000ffcf x16:ffffffff  x9:0000ffd0
27184288ns          476611 1c0094e4 06015d83 lhu              x27, 96(x2)         x27=0000018e  x2:10001cd8  PA:10001d38
27184308ns          476612 1c0094e8 02812483 lw               x9, 40(x2)           x9=1c002ec6  x2:10001cd8  PA:10001d00
27184328ns          476613 1c0094ea 40afdf93 srai             x31, x31, 0x40a     x31=00000000 x31:00000024
27184348ns          476614 1c0094ee 40a55513 srai             x10, x10, 0x40a     x10=ffffffff x10:ffffffa0
27184368ns          476615 1c0094f0 01cf8fb3 add              x31, x31, x28       x31=00000093 x31:00000000 x28:00000093
27184388ns          476616 1c0094f2 00b50533 add              x10, x10, x11       x10=0000ff80 x10:ffffffff x11:0000ff81
27184408ns          476617 1c0094f4 09015e03 lhu              x28, 144(x2)        x28=0000ff08  x2:10001cd8  PA:10001d68
27184427ns          476618 1c0094f8 03012583 lw               x11, 48(x2)         x11=1c002ed6  x2:10001cd8  PA:10001d08
27184447ns          476619 1c0094fa 00c49023 sh               x12, 0(x9)          x12:00001472  x9:1c002ec6  PA:1c002ec6
27184766ns          476635 1c0094fe 01b888b3 add              x17, x17, x27       x17=0000018e x17:00000000 x27:0000018e
27184785ns          476636 1c009500 01a30333 add              x6, x6, x26          x6=000004da  x6:00000006 x26:000004d4
27184805ns          476637 1c009502 08015d83 lhu              x27, 128(x2)        x27=0000003c  x2:10001cd8  PA:10001d58
27184825ns          476638 1c009506 0000d903 lhu              x18, 0(x1)          x18=0000feb5  x1:1c002e86  PA:1c002e86
27185123ns          476653 1c00950a 01c686b3 add              x13, x13, x28       x13=0001ff06 x13:0000fffe x28:0000ff08
27185143ns          476654 1c00950c 00659023 sh               x6, 0(x11)           x6:000004da x11:1c002ed6  PA:1c002ed6
27185481ns          476671 1c009510 40af5f13 srai             x30, x30, 0x40a     x30=00000000 x30:00000000
27185501ns          476672 1c009514 04812e03 lw               x28, 72(x2)         x28=1c002f06  x2:10001cd8  PA:10001d20
27185521ns          476673 1c009516 01bf0f33 add              x30, x30, x27       x30=0000003c x30:00000000 x27:0000003c
27185541ns          476674 1c009518 40aede93 srai             x29, x29, 0x40a     x29=ffffffff x29:ffffff58
27185561ns          476675 1c00951c 40a75713 srai             x14, x14, 0x40a     x14=fffffffe x14:fffffac0
27185581ns          476676 1c00951e 03812603 lw               x12, 56(x2)         x12=1c002ee6  x2:10001cd8  PA:10001d10
27185601ns          476677 1c009520 04012d83 lw               x27, 64(x2)         x27=1c002ef6  x2:10001cd8  PA:10001d18
27185621ns          476678 1c009522 01ee1023 sh               x30, 0(x28)         x30:0000003c x28:1c002f06  PA:1c002f06
27185959ns          476695 1c009526 05812483 lw               x9, 88(x2)           x9=1c002e66  x2:10001cd8  PA:10001d30
27185979ns          476696 1c009528 05012f03 lw               x30, 80(x2)         x30=1c002e76  x2:10001cd8  PA:10001d28
27185999ns          476697 1c00952a 0a012583 lw               x11, 160(x2)        x11=1c002e96  x2:10001cd8  PA:10001d78
27186018ns          476698 1c00952c 014787b3 add              x15, x15, x20       x15=0001fb5c x15:0000fff0 x20:0000fb6c
27186038ns          476699 1c00952e 013e8eb3 add              x29, x29, x19       x29=0000ffa6 x29:ffffffff x19:0000ffa7
27186058ns          476700 1c009530 01270733 add              x14, x14, x18       x14=0000feb3 x14:fffffffe x18:0000feb5
27186078ns          476701 1c009532 00f49023 sh               x15, 0(x9)          x15:0001fb5c  x9:1c002e66  PA:1c002e66
27186416ns          476718 1c009536 01161023 sh               x17, 0(x12)         x17:0000018e x12:1c002ee6  PA:1c002ee6
27186834ns          476739 1c00953a 01fd9023 sh               x31, 0(x27)         x31:00000093 x27:1c002ef6  PA:1c002ef6
27187152ns          476755 1c00953e 00df1023 sh               x13, 0(x30)         x13:0001ff06 x30:1c002e76  PA:1c002e76
27187470ns          476771 1c009542 01d59023 sh               x29, 0(x11)         x29:0000ffa6 x11:1c002e96  PA:1c002e96
27187788ns          476787 1c009546 00e09023 sh               x14, 0(x1)          x14:0000feb3  x1:1c002e86  PA:1c002e86
27188146ns          476805 1c00954a 01039023 sh               x16, 0(x7)          x16:0000ffcf  x7:1c002eb6  PA:1c002eb6
27188465ns          476821 1c00954e 00a29023 sh               x10, 0(x5)          x10:0000ff80  x5:1c002ea6  PA:1c002ea6
27188803ns          476838 1c009552 008b0b13 addi             x22, x22, 8         x22=00000143 x22:0000013b
27188823ns          476839 1c009554 1f300793 addi             x15, x0, 499        x15=000001f3
27188843ns          476840 1c009558 e767dae3 bge              x15, x22, -396      x15:000001f3 x22:00000143
27188942ns          476845 1c0093cc 010c9a0b p.lh             x20, 16(x25!)       x20=ffffffcc x25=1c00291e x25:1c00290e  PA:1c00290e
27189280ns          476862 1c0093d0 0104198b p.lh             x19, 16(x8!)        x19=fffffe8a  x8=1c0020e6  x8:1c0020d6  PA:1c0020d6
27189638ns          476880 1c0093d4 2cc10513 addi             x10, x2, 716        x10=10001fa4  x2:10001cd8
27189658ns          476881 1c0093d6 010a990b p.lh             x18, 16(x21!)       x18=ffffffa5 x21=1c001912 x21:1c001902  PA:1c001902
27189956ns          476896 1c0093da 010b948b p.lh             x9, 16(x23!)         x9=fffffe89 x23=1c001142 x23:1c001132  PA:1c001132
27190255ns          476911 1c0093de 2d411623 sh               x20, 716(x2)        x20:ffffffcc  x2:10001cd8  PA:10001fa4
27190274ns          476912 1c0093e2 2d311723 sh               x19, 718(x2)        x19:fffffe8a  x2:10001cd8  PA:10001fa6
27190294ns          476913 1c0093e6 c33ff0ef jal              x1, -974             x1=1c0093e8
27190374ns          476917 1c009018 00051803 lh               x16, 0(x10)         x16=ffffffcc x10:10001fa4  PA:10001fa4
27190414ns          476919 1c00901c 00251883 lh               x17, 2(x10)         x17=fffffe8a x10:10001fa4  PA:10001fa6
27190493ns          476923 1c009020 030806b3 mul              x13, x16, x16       x13=00000a90 x16:ffffffcc x16:ffffffcc
27190533ns          476925 1c009024 03188633 mul              x12, x17, x17       x12=00022264 x17:fffffe8a x17:fffffe8a
27190553ns          476926 1c009028 40a65613 srai             x12, x12, 0x40a     x12=00000088 x12:00022264
27190573ns          476927 1c00902a 40a6d693 srai             x13, x13, 0x40a     x13=00000002 x13:00000a90
27190593ns          476928 1c00902c 00c686b3 add              x13, x13, x12       x13=0000008a x13:00000002 x12:00000088
27190613ns          476929 1c00902e 1006c633 p.exths          x12, x13, x0        x12=0000008a x13:0000008a
27190632ns          476930 1c009032 00855703 lhu              x14, 8(x10)         x14=0000ffd1 x10:10001fa4  PA:10001fac
27190652ns          476931 1c009036 00a55683 lhu              x13, 10(x10)        x13=0000ff6a x10:10001fa4  PA:10001fae
27190672ns          476932 1c00903a 02c60333 mul              x6, x12, x12         x6=00004a64 x12:0000008a x12:0000008a
27190712ns          476934 1c00903e 00c55783 lhu              x15, 12(x10)        x15=0000ffe5 x10:10001fa4  PA:10001fb0
27190752ns          476936 1c009042 00e55583 lhu              x11, 14(x10)        x11=00000060 x10:10001fa4  PA:10001fb2
27190772ns          476937 1c009046 dea30333 p.extract        x6, x6, 15, 10       x6=00000012  x6:00004a64
27190792ns          476938 1c00904a 80c7075b p.muls           x14, x14, x12       x14=ffffe6aa x14:0000ffd1 x12:0000008a
27190851ns          476941 1c00904e 80c686db p.muls           x13, x13, x12       x13=ffffaf24 x13:0000ff6a x12:0000008a
27190891ns          476943 1c009052 00455e83 lhu              x29, 4(x10)         x29=00000427 x10:10001fa4  PA:10001fa8
27190911ns          476944 1c009056 00655e03 lhu              x28, 6(x10)         x28=0000007f x10:10001fa4  PA:10001faa
27190931ns          476945 1c00905a 40a75713 srai             x14, x14, 0x40a     x14=fffffff9 x14:ffffe6aa
27190951ns          476946 1c00905c 806787db p.muls           x15, x15, x6        x15=fffffe1a x15:0000ffe5  x6:00000012
27190971ns          476947 1c009060 40a6d693 srai             x13, x13, 0x40a     x13=ffffffeb x13:ffffaf24
27190990ns          476948 1c009062 8065865b p.muls           x12, x11, x6        x12=000006c0 x11:00000060  x6:00000012
27191010ns          476949 1c009066 40a7d793 srai             x15, x15, 0x40a     x15=ffffffff x15:fffffe1a
27191030ns          476950 1c009068 40a65613 srai             x12, x12, 0x40a     x12=00000001 x12:000006c0
27191050ns          476951 1c00906a 01d70733 add              x14, x14, x29       x14=00000420 x14:fffffff9 x29:00000427
27191070ns          476952 1c00906c 01c686b3 add              x13, x13, x28       x13=0000006a x13:ffffffeb x28:0000007f
27191090ns          476953 1c00906e 00c686b3 add              x13, x13, x12       x13=0000006b x13:0000006a x12:00000001
27191110ns          476954 1c009070 00f70733 add              x14, x14, x15       x14=0000041f x14:00000420 x15:ffffffff
27191130ns          476955 1c009072 100747b3 p.exths          x15, x14, x0        x15=0000041f x14:0000041f
27191150ns          476956 1c009076 1006c733 p.exths          x14, x13, x0        x14=0000006b x13:0000006b
27191169ns          476957 1c00907a 03170633 mul              x12, x14, x17       x12=ffff63ae x14:0000006b x17:fffffe8a
27191189ns          476958 1c00907e 030786b3 mul              x13, x15, x16       x13=ffff29b4 x15:0000041f x16:ffffffcc
27191209ns          476959 1c009082 03070733 mul              x14, x14, x16       x14=ffffea44 x14:0000006b x16:ffffffcc
27191229ns          476960 1c009086 031787b3 mul              x15, x15, x17       x15=fff9fab6 x15:0000041f x17:fffffe8a
27191249ns          476961 1c00908a 40a6d693 srai             x13, x13, 0x40a     x13=ffffffca x13:ffff29b4
27191269ns          476962 1c00908c 40a65613 srai             x12, x12, 0x40a     x12=ffffffd8 x12:ffff63ae
27191289ns          476963 1c00908e 40a7d793 srai             x15, x15, 0x40a     x15=fffffe7e x15:fff9fab6
27191309ns          476964 1c009090 40a75713 srai             x14, x14, 0x40a     x14=fffffffa x14:ffffea44
27191329ns          476965 1c009092 40c686b3 sub              x13, x13, x12       x13=fffffff2 x13:ffffffca x12:ffffffd8
27191348ns          476966 1c009094 00e787b3 add              x15, x15, x14       x15=fffffe78 x15:fffffe7e x14:fffffffa
27191368ns          476967 1c009096 00d51823 sh               x13, 16(x10)        x13:fffffff2 x10:10001fa4  PA:10001fb4
27191388ns          476968 1c00909a 00f51923 sh               x15, 18(x10)        x15:fffffe78 x10:10001fa4  PA:10001fb6
27191408ns          476969 1c00909e 00008067 jalr             x0, x1, 0            x1:1c0093e8
27191468ns          476972 1c0093e8 2dc15583 lhu              x11, 732(x2)        x11=0000fff2  x2:10001cd8  PA:10001fb4
27191488ns          476973 1c0093ec 2de15783 lhu              x15, 734(x2)        x15=0000fe78  x2:10001cd8  PA:10001fb6
27191508ns          476974 1c0093f0 40b90933 sub              x18, x18, x11       x18=fffeffb3 x18:ffffffa5 x11:0000fff2
27191527ns          476975 1c0093f4 40f484b3 sub              x9, x9, x15          x9=ffff0011  x9:fffffe89 x15:0000fe78
27191547ns          476976 1c0093f6 100945b3 p.exths          x11, x18, x0        x11=ffffffb3 x18:fffeffb3
27191567ns          476977 1c0093fa 1004c7b3 p.exths          x15, x9, x0         x15=00000011  x9:ffff0011
27191587ns          476978 1c0093fe 034586b3 mul              x13, x11, x20       x13=00000fa4 x11:ffffffb3 x20:ffffffcc
27191607ns          476979 1c009402 03378533 mul              x10, x15, x19       x10=ffffe72a x15:00000011 x19:fffffe8a
27191627ns          476980 1c009406 034a0633 mul              x12, x20, x20       x12=00000a90 x20:ffffffcc x20:ffffffcc
27191647ns          476981 1c00940a 03398733 mul              x14, x19, x19       x14=00022264 x19:fffffe8a x19:fffffe8a
27191667ns          476982 1c00940e 034787b3 mul              x15, x15, x20       x15=fffffc8c x15:00000011 x20:ffffffcc
27191687ns          476983 1c009412 033585b3 mul              x11, x11, x19       x11=0000707e x11:ffffffb3 x19:fffffe8a
27191706ns          476984 1c009416 40a75713 srai             x14, x14, 0x40a     x14=00000088 x14:00022264
27191726ns          476985 1c009418 40a5d593 srai             x11, x11, 0x40a     x11=0000001c x11:0000707e
27191746ns          476986 1c00941a 40a65613 srai             x12, x12, 0x40a     x12=00000002 x12:00000a90
27191766ns          476987 1c00941c 40a7d793 srai             x15, x15, 0x40a     x15=ffffffff x15:fffffc8c
27191786ns          476988 1c00941e 1c0034b7 lui              x9, 0x1c003000       x9=1c003000
27191806ns          476989 1c009422 00e60633 add              x12, x12, x14       x12=0000008a x12:00000002 x14:00000088
27191826ns          476990 1c009424 40b787b3 sub              x15, x15, x11       x15=ffffffe3 x15:ffffffff x11:0000001c
27191846ns          476991 1c009426 eb048493 addi             x9, x9, -336         x9=1c002eb0  x9:1c003000
27191866ns          476992 1c00942a 1c0032b7 lui              x5, 0x1c003000       x5=1c003000
27191885ns          476993 1c00942e 1c0035b7 lui              x11, 0x1c003000     x11=1c003000
27191905ns          476994 1c009432 018483b3 add              x7, x9, x24          x7=1c002eb6  x9:1c002eb0 x24:00000006
27191925ns          476995 1c009436 02812e83 lw               x29, 40(x2)         x29=1c002ec6  x2:10001cd8  PA:10001d00
27191945ns          476996 1c009438 10065633 p.exthz          x12, x12, x0        x12=0000008a x12:0000008a
27191965ns          476997 1c00943c e8028293 addi             x5, x5, -384         x5=1c002e80  x5:1c003000
27191985ns          476998 1c009440 ea058593 addi             x11, x11, -352      x11=1c002ea0 x11:1c003000
27192005ns          476999 1c009444 03812483 lw               x9, 56(x2)           x9=1c002ee6  x2:10001cd8  PA:10001d10
27192025ns          477000 1c009446 10064733 p.exths          x14, x12, x0        x14=0000008a x12:0000008a
27192045ns          477001 1c00944a 018280b3 add              x1, x5, x24          x1=1c002e86  x5:1c002e80 x24:00000006
27192064ns          477002 1c00944e 03012f03 lw               x30, 48(x2)         x30=1c002ed6  x2:10001cd8  PA:10001d08
27192084ns          477003 1c009450 018582b3 add              x5, x11, x24         x5=1c002ea6 x11:1c002ea0 x24:00000006
27192104ns          477004 1c009454 04012583 lw               x11, 64(x2)         x11=1c002ef6  x2:10001cd8  PA:10001d18
27192124ns          477005 1c009456 000edd83 lhu              x27, 0(x29)         x27=00001472 x29:1c002ec6  PA:1c002ec6
27192422ns          477020 1c00945a 0004d483 lhu              x9, 0(x9)            x9=0000018e  x9:1c002ee6  PA:1c002ee6
27192721ns          477035 1c00945e 02e70333 mul              x6, x14, x14         x6=00004a64 x14:0000008a x14:0000008a
27192741ns          477036 1c009462 40a55513 srai             x10, x10, 0x40a     x10=fffffff9 x10:ffffe72a
27192760ns          477037 1c009464 04812e83 lw               x29, 72(x2)         x29=1c002f06  x2:10001cd8  PA:10001d20
27192780ns          477038 1c009466 40a6d693 srai             x13, x13, 0x40a     x13=00000003 x13:00000fa4
27192800ns          477039 1c009468 000f5d03 lhu              x26, 0(x30)         x26=000004da x30:1c002ed6  PA:1c002ed6
27193178ns          477058 1c00946c 0005d583 lhu              x11, 0(x11)         x11=00000093 x11:1c002ef6  PA:1c002ef6
27193536ns          477076 1c009470 40a35313 srai             x6, x6, 0x40a        x6=00000012  x6:00004a64
27193556ns          477077 1c009474 00a686b3 add              x13, x13, x10       x13=fffffffc x13:00000003 x10:fffffff9
27193576ns          477078 1c009476 05012f03 lw               x30, 80(x2)         x30=1c002e76  x2:10001cd8  PA:10001d28
27193596ns          477079 1c009478 10034e33 p.exths          x28, x6, x0         x28=00000012  x6:00000012
27193616ns          477080 1c00947c 06911023 sh               x9, 96(x2)           x9:0000018e  x2:10001cd8  PA:10001d38
27193636ns          477081 1c009480 000ede83 lhu              x29, 0(x29)         x29=0000003c x29:1c002f06  PA:1c002f06
27193934ns          477096 1c009484 05812483 lw               x9, 88(x2)           x9=1c002e66  x2:10001cd8  PA:10001d30
27193954ns          477097 1c009486 1006d6b3 p.exthz          x13, x13, x0        x13=0000fffc x13:fffffffc
27193974ns          477098 1c00948a 02ee08b3 mul              x17, x28, x14       x17=000009b4 x28:00000012 x14:0000008a
27193994ns          477099 1c00948e 1006c833 p.exths          x16, x13, x0        x16=fffffffc x13:0000fffc
27194013ns          477100 1c009492 06b11823 sh               x11, 112(x2)        x11:00000093  x2:10001cd8  PA:10001d48
27194033ns          477101 1c009496 000f5f03 lhu              x30, 0(x30)         x30=0000ff06 x30:1c002e76  PA:1c002e76
27194352ns          477117 1c00949a 0a012583 lw               x11, 160(x2)        x11=1c002e96  x2:10001cd8  PA:10001d78
27194371ns          477118 1c00949c 1007d7b3 p.exthz          x15, x15, x0        x15=0000ffe3 x15:ffffffe3
27194391ns          477119 1c0094a0 0004da03 lhu              x20, 0(x9)          x20=0000fb5c  x9:1c002e66  PA:1c002e66
27194729ns          477136 1c0094a4 1007c533 p.exths          x10, x15, x0        x10=ffffffe3 x15:0000ffe3
27194749ns          477137 1c0094a8 09d11023 sh               x29, 128(x2)        x29:0000003c  x2:10001cd8  PA:10001d58
27194769ns          477138 1c0094ac 0003d483 lhu              x9, 0(x7)            x9=0000ffcf  x7:1c002eb6  PA:1c002eb6
27195067ns          477153 1c0094b0 02e80eb3 mul              x29, x16, x14       x29=fffffdd8 x16:fffffffc x14:0000008a
27195087ns          477154 1c0094b4 40a8d893 srai             x17, x17, 0x40a     x17=00000002 x17:000009b4
27195107ns          477155 1c0094b8 03c80833 mul              x16, x16, x28       x16=ffffffb8 x16:fffffffc x28:00000012
27195127ns          477156 1c0094bc 09e11823 sh               x30, 144(x2)        x30:0000ff06  x2:10001cd8  PA:10001d68
27195147ns          477157 1c0094c0 0005d983 lhu              x19, 0(x11)         x19=0000ffa6 x11:1c002e96  PA:1c002e96
27195445ns          477172 1c0094c4 81c88f5b p.muls           x30, x17, x28       x30=00000024 x17:00000002 x28:00000012
27195465ns          477173 1c0094c8 0002d583 lhu              x11, 0(x5)          x11=0000ff80  x5:1c002ea6  PA:1c002ea6
27195764ns          477188 1c0094cc 03ce0fb3 mul              x31, x28, x28       x31=00000144 x28:00000012 x28:00000012
27195783ns          477189 1c0094d0 02e50733 mul              x14, x10, x14       x14=fffff05e x10:ffffffe3 x14:0000008a
27195803ns          477190 1c0094d4 40a85813 srai             x16, x16, 0x40a     x16=ffffffff x16:ffffffb8
27195823ns          477191 1c0094d8 03c50533 mul              x10, x10, x28       x10=fffffdf6 x10:ffffffe3 x28:00000012
27195843ns          477192 1c0094dc 07015e03 lhu              x28, 112(x2)        x28=00000093  x2:10001cd8  PA:10001d48
27195883ns          477194 1c0094e0 01b60633 add              x12, x12, x27       x12=000014fc x12:0000008a x27:00001472
27195903ns          477195 1c0094e2 00980833 add              x16, x16, x9        x16=0000ffce x16:ffffffff  x9:0000ffcf
27195923ns          477196 1c0094e4 06015d83 lhu              x27, 96(x2)         x27=0000018e  x2:10001cd8  PA:10001d38
27195943ns          477197 1c0094e8 02812483 lw               x9, 40(x2)           x9=1c002ec6  x2:10001cd8  PA:10001d00
27195962ns          477198 1c0094ea 40afdf93 srai             x31, x31, 0x40a     x31=00000000 x31:00000144
27195982ns          477199 1c0094ee 40a55513 srai             x10, x10, 0x40a     x10=ffffffff x10:fffffdf6
27196002ns          477200 1c0094f0 01cf8fb3 add              x31, x31, x28       x31=00000093 x31:00000000 x28:00000093
27196022ns          477201 1c0094f2 00b50533 add              x10, x10, x11       x10=0000ff7f x10:ffffffff x11:0000ff80
27196042ns          477202 1c0094f4 09015e03 lhu              x28, 144(x2)        x28=0000ff06  x2:10001cd8  PA:10001d68
27196062ns          477203 1c0094f8 03012583 lw               x11, 48(x2)         x11=1c002ed6  x2:10001cd8  PA:10001d08
27196082ns          477204 1c0094fa 00c49023 sh               x12, 0(x9)          x12:000014fc  x9:1c002ec6  PA:1c002ec6
27196400ns          477220 1c0094fe 01b888b3 add              x17, x17, x27       x17=00000190 x17:00000002 x27:0000018e
27196420ns          477221 1c009500 01a30333 add              x6, x6, x26          x6=000004ec  x6:00000012 x26:000004da
27196440ns          477222 1c009502 08015d83 lhu              x27, 128(x2)        x27=0000003c  x2:10001cd8  PA:10001d58
27196460ns          477223 1c009506 0000d903 lhu              x18, 0(x1)          x18=0000feb3  x1:1c002e86  PA:1c002e86
27196798ns          477240 1c00950a 01c686b3 add              x13, x13, x28       x13=0001ff02 x13:0000fffc x28:0000ff06
27196818ns          477241 1c00950c 00659023 sh               x6, 0(x11)           x6:000004ec x11:1c002ed6  PA:1c002ed6
27197156ns          477258 1c009510 40af5f13 srai             x30, x30, 0x40a     x30=00000000 x30:00000024
27197176ns          477259 1c009514 04812e03 lw               x28, 72(x2)         x28=1c002f06  x2:10001cd8  PA:10001d20
27197196ns          477260 1c009516 01bf0f33 add              x30, x30, x27       x30=0000003c x30:00000000 x27:0000003c
27197215ns          477261 1c009518 40aede93 srai             x29, x29, 0x40a     x29=ffffffff x29:fffffdd8
27197235ns          477262 1c00951c 40a75713 srai             x14, x14, 0x40a     x14=fffffffc x14:fffff05e
27197255ns          477263 1c00951e 03812603 lw               x12, 56(x2)         x12=1c002ee6  x2:10001cd8  PA:10001d10
27197275ns          477264 1c009520 04012d83 lw               x27, 64(x2)         x27=1c002ef6  x2:10001cd8  PA:10001d18
27197295ns          477265 1c009522 01ee1023 sh               x30, 0(x28)         x30:0000003c x28:1c002f06  PA:1c002f06
27197613ns          477281 1c009526 05812483 lw               x9, 88(x2)           x9=1c002e66  x2:10001cd8  PA:10001d30
27197633ns          477282 1c009528 05012f03 lw               x30, 80(x2)         x30=1c002e76  x2:10001cd8  PA:10001d28
27197653ns          477283 1c00952a 0a012583 lw               x11, 160(x2)        x11=1c002e96  x2:10001cd8  PA:10001d78
27197673ns          477284 1c00952c 014787b3 add              x15, x15, x20       x15=0001fb3f x15:0000ffe3 x20:0000fb5c
27197693ns          477285 1c00952e 013e8eb3 add              x29, x29, x19       x29=0000ffa5 x29:ffffffff x19:0000ffa6
27197713ns          477286 1c009530 01270733 add              x14, x14, x18       x14=0000feaf x14:fffffffc x18:0000feb3
27197732ns          477287 1c009532 00f49023 sh               x15, 0(x9)          x15:0001fb3f  x9:1c002e66  PA:1c002e66
27198071ns          477304 1c009536 01161023 sh               x17, 0(x12)         x17:00000190 x12:1c002ee6  PA:1c002ee6
27198409ns          477321 1c00953a 01fd9023 sh               x31, 0(x27)         x31:00000093 x27:1c002ef6  PA:1c002ef6
27198747ns          477338 1c00953e 00df1023 sh               x13, 0(x30)         x13:0001ff02 x30:1c002e76  PA:1c002e76
27199065ns          477354 1c009542 01d59023 sh               x29, 0(x11)         x29:0000ffa5 x11:1c002e96  PA:1c002e96
27199383ns          477370 1c009546 00e09023 sh               x14, 0(x1)          x14:0000feaf  x1:1c002e86  PA:1c002e86
27199701ns          477386 1c00954a 01039023 sh               x16, 0(x7)          x16:0000ffce  x7:1c002eb6  PA:1c002eb6
27200059ns          477404 1c00954e 00a29023 sh               x10, 0(x5)          x10:0000ff7f  x5:1c002ea6  PA:1c002ea6
27200378ns          477420 1c009552 008b0b13 addi             x22, x22, 8         x22=0000014b x22:00000143
27200397ns          477421 1c009554 1f300793 addi             x15, x0, 499        x15=000001f3
27200417ns          477422 1c009558 e767dae3 bge              x15, x22, -396      x15:000001f3 x22:0000014b
27200557ns          477429 1c0093cc 010c9a0b p.lh             x20, 16(x25!)       x20=ffffff8b x25=1c00292e x25:1c00291e  PA:1c00291e
27200895ns          477446 1c0093d0 0104198b p.lh             x19, 16(x8!)        x19=ffffffe1  x8=1c0020f6  x8:1c0020e6  PA:1c0020e6
27201193ns          477461 1c0093d4 2cc10513 addi             x10, x2, 716        x10=10001fa4  x2:10001cd8
27201213ns          477462 1c0093d6 010a990b p.lh             x18, 16(x21!)       x18=ffffff7a x21=1c001922 x21:1c001912  PA:1c001912
27201511ns          477477 1c0093da 010b948b p.lh             x9, 16(x23!)         x9=ffffffd5 x23=1c001152 x23:1c001142  PA:1c001142
27201810ns          477492 1c0093de 2d411623 sh               x20, 716(x2)        x20:ffffff8b  x2:10001cd8  PA:10001fa4
27201829ns          477493 1c0093e2 2d311723 sh               x19, 718(x2)        x19:ffffffe1  x2:10001cd8  PA:10001fa6
27201849ns          477494 1c0093e6 c33ff0ef jal              x1, -974             x1=1c0093e8
27201929ns          477498 1c009018 00051803 lh               x16, 0(x10)         x16=ffffff8b x10:10001fa4  PA:10001fa4
27201969ns          477500 1c00901c 00251883 lh               x17, 2(x10)         x17=ffffffe1 x10:10001fa4  PA:10001fa6
27202028ns          477503 1c009020 030806b3 mul              x13, x16, x16       x13=00003579 x16:ffffff8b x16:ffffff8b
27202068ns          477505 1c009024 03188633 mul              x12, x17, x17       x12=000003c1 x17:ffffffe1 x17:ffffffe1
27202088ns          477506 1c009028 40a65613 srai             x12, x12, 0x40a     x12=00000000 x12:000003c1
27202108ns          477507 1c00902a 40a6d693 srai             x13, x13, 0x40a     x13=0000000d x13:00003579
27202128ns          477508 1c00902c 00c686b3 add              x13, x13, x12       x13=0000000d x13:0000000d x12:00000000
27202148ns          477509 1c00902e 1006c633 p.exths          x12, x13, x0        x12=0000000d x13:0000000d
27202168ns          477510 1c009032 00855703 lhu              x14, 8(x10)         x14=0000ffd1 x10:10001fa4  PA:10001fac
27202187ns          477511 1c009036 00a55683 lhu              x13, 10(x10)        x13=0000ff6a x10:10001fa4  PA:10001fae
27202207ns          477512 1c00903a 02c60333 mul              x6, x12, x12         x6=000000a9 x12:0000000d x12:0000000d
27202247ns          477514 1c00903e 00c55783 lhu              x15, 12(x10)        x15=0000ffe5 x10:10001fa4  PA:10001fb0
27202287ns          477516 1c009042 00e55583 lhu              x11, 14(x10)        x11=00000060 x10:10001fa4  PA:10001fb2
27202307ns          477517 1c009046 dea30333 p.extract        x6, x6, 15, 10       x6=00000000  x6:000000a9
27202327ns          477518 1c00904a 80c7075b p.muls           x14, x14, x12       x14=fffffd9d x14:0000ffd1 x12:0000000d
27202346ns          477519 1c00904e 80c686db p.muls           x13, x13, x12       x13=fffff862 x13:0000ff6a x12:0000000d
27202366ns          477520 1c009052 00455e83 lhu              x29, 4(x10)         x29=00000427 x10:10001fa4  PA:10001fa8
27202386ns          477521 1c009056 00655e03 lhu              x28, 6(x10)         x28=0000007f x10:10001fa4  PA:10001faa
27202406ns          477522 1c00905a 40a75713 srai             x14, x14, 0x40a     x14=ffffffff x14:fffffd9d
27202426ns          477523 1c00905c 806787db p.muls           x15, x15, x6        x15=00000000 x15:0000ffe5  x6:00000000
27202446ns          477524 1c009060 40a6d693 srai             x13, x13, 0x40a     x13=fffffffe x13:fffff862
27202466ns          477525 1c009062 8065865b p.muls           x12, x11, x6        x12=00000000 x11:00000060  x6:00000000
27202486ns          477526 1c009066 40a7d793 srai             x15, x15, 0x40a     x15=00000000 x15:00000000
27202506ns          477527 1c009068 40a65613 srai             x12, x12, 0x40a     x12=00000000 x12:00000000
27202525ns          477528 1c00906a 01d70733 add              x14, x14, x29       x14=00000426 x14:ffffffff x29:00000427
27202545ns          477529 1c00906c 01c686b3 add              x13, x13, x28       x13=0000007d x13:fffffffe x28:0000007f
27202565ns          477530 1c00906e 00c686b3 add              x13, x13, x12       x13=0000007d x13:0000007d x12:00000000
27202585ns          477531 1c009070 00f70733 add              x14, x14, x15       x14=00000426 x14:00000426 x15:00000000
27202605ns          477532 1c009072 100747b3 p.exths          x15, x14, x0        x15=00000426 x14:00000426
27202625ns          477533 1c009076 1006c733 p.exths          x14, x13, x0        x14=0000007d x13:0000007d
27202645ns          477534 1c00907a 03170633 mul              x12, x14, x17       x12=fffff0dd x14:0000007d x17:ffffffe1
27202665ns          477535 1c00907e 030786b3 mul              x13, x15, x16       x13=fffe1aa2 x15:00000426 x16:ffffff8b
27202685ns          477536 1c009082 03070733 mul              x14, x14, x16       x14=ffffc6df x14:0000007d x16:ffffff8b
27202704ns          477537 1c009086 031787b3 mul              x15, x15, x17       x15=ffff7f66 x15:00000426 x17:ffffffe1
27202724ns          477538 1c00908a 40a6d693 srai             x13, x13, 0x40a     x13=ffffff86 x13:fffe1aa2
27202744ns          477539 1c00908c 40a65613 srai             x12, x12, 0x40a     x12=fffffffc x12:fffff0dd
27202764ns          477540 1c00908e 40a7d793 srai             x15, x15, 0x40a     x15=ffffffdf x15:ffff7f66
27202784ns          477541 1c009090 40a75713 srai             x14, x14, 0x40a     x14=fffffff1 x14:ffffc6df
27202804ns          477542 1c009092 40c686b3 sub              x13, x13, x12       x13=ffffff8a x13:ffffff86 x12:fffffffc
27202824ns          477543 1c009094 00e787b3 add              x15, x15, x14       x15=ffffffd0 x15:ffffffdf x14:fffffff1
27202844ns          477544 1c009096 00d51823 sh               x13, 16(x10)        x13:ffffff8a x10:10001fa4  PA:10001fb4
27202864ns          477545 1c00909a 00f51923 sh               x15, 18(x10)        x15:ffffffd0 x10:10001fa4  PA:10001fb6
27202883ns          477546 1c00909e 00008067 jalr             x0, x1, 0            x1:1c0093e8
27202923ns          477548 1c0093e8 2dc15583 lhu              x11, 732(x2)        x11=0000ff8a  x2:10001cd8  PA:10001fb4
27202963ns          477550 1c0093ec 2de15783 lhu              x15, 734(x2)        x15=0000ffd0  x2:10001cd8  PA:10001fb6
27203003ns          477552 1c0093f0 40b90933 sub              x18, x18, x11       x18=fffefff0 x18:ffffff7a x11:0000ff8a
27203023ns          477553 1c0093f4 40f484b3 sub              x9, x9, x15          x9=ffff0005  x9:ffffffd5 x15:0000ffd0
27203043ns          477554 1c0093f6 100945b3 p.exths          x11, x18, x0        x11=fffffff0 x18:fffefff0
27203062ns          477555 1c0093fa 1004c7b3 p.exths          x15, x9, x0         x15=00000005  x9:ffff0005
27203082ns          477556 1c0093fe 034586b3 mul              x13, x11, x20       x13=00000750 x11:fffffff0 x20:ffffff8b
27203102ns          477557 1c009402 03378533 mul              x10, x15, x19       x10=ffffff65 x15:00000005 x19:ffffffe1
27203122ns          477558 1c009406 034a0633 mul              x12, x20, x20       x12=00003579 x20:ffffff8b x20:ffffff8b
27203142ns          477559 1c00940a 03398733 mul              x14, x19, x19       x14=000003c1 x19:ffffffe1 x19:ffffffe1
27203202ns          477562 1c00940e 034787b3 mul              x15, x15, x20       x15=fffffdb7 x15:00000005 x20:ffffff8b
27203241ns          477564 1c009412 033585b3 mul              x11, x11, x19       x11=000001f0 x11:fffffff0 x19:ffffffe1
27203261ns          477565 1c009416 40a75713 srai             x14, x14, 0x40a     x14=00000000 x14:000003c1
27203281ns          477566 1c009418 40a5d593 srai             x11, x11, 0x40a     x11=00000000 x11:000001f0
27203301ns          477567 1c00941a 40a65613 srai             x12, x12, 0x40a     x12=0000000d x12:00003579
27203321ns          477568 1c00941c 40a7d793 srai             x15, x15, 0x40a     x15=ffffffff x15:fffffdb7
27203341ns          477569 1c00941e 1c0034b7 lui              x9, 0x1c003000       x9=1c003000
27203361ns          477570 1c009422 00e60633 add              x12, x12, x14       x12=0000000d x12:0000000d x14:00000000
27203381ns          477571 1c009424 40b787b3 sub              x15, x15, x11       x15=ffffffff x15:ffffffff x11:00000000
27203401ns          477572 1c009426 eb048493 addi             x9, x9, -336         x9=1c002eb0  x9:1c003000
27203420ns          477573 1c00942a 1c0032b7 lui              x5, 0x1c003000       x5=1c003000
27203440ns          477574 1c00942e 1c0035b7 lui              x11, 0x1c003000     x11=1c003000
27203460ns          477575 1c009432 018483b3 add              x7, x9, x24          x7=1c002eb6  x9:1c002eb0 x24:00000006
27203480ns          477576 1c009436 02812e83 lw               x29, 40(x2)         x29=1c002ec6  x2:10001cd8  PA:10001d00
27203500ns          477577 1c009438 10065633 p.exthz          x12, x12, x0        x12=0000000d x12:0000000d
27203520ns          477578 1c00943c e8028293 addi             x5, x5, -384         x5=1c002e80  x5:1c003000
27203540ns          477579 1c009440 ea058593 addi             x11, x11, -352      x11=1c002ea0 x11:1c003000
27203560ns          477580 1c009444 03812483 lw               x9, 56(x2)           x9=1c002ee6  x2:10001cd8  PA:10001d10
27203580ns          477581 1c009446 10064733 p.exths          x14, x12, x0        x14=0000000d x12:0000000d
27203599ns          477582 1c00944a 018280b3 add              x1, x5, x24          x1=1c002e86  x5:1c002e80 x24:00000006
27203619ns          477583 1c00944e 03012f03 lw               x30, 48(x2)         x30=1c002ed6  x2:10001cd8  PA:10001d08
27203639ns          477584 1c009450 018582b3 add              x5, x11, x24         x5=1c002ea6 x11:1c002ea0 x24:00000006
27203659ns          477585 1c009454 04012583 lw               x11, 64(x2)         x11=1c002ef6  x2:10001cd8  PA:10001d18
27203679ns          477586 1c009456 000edd83 lhu              x27, 0(x29)         x27=000014fc x29:1c002ec6  PA:1c002ec6
27204017ns          477603 1c00945a 0004d483 lhu              x9, 0(x9)            x9=00000190  x9:1c002ee6  PA:1c002ee6
27204335ns          477619 1c00945e 02e70333 mul              x6, x14, x14         x6=000000a9 x14:0000000d x14:0000000d
27204355ns          477620 1c009462 40a55513 srai             x10, x10, 0x40a     x10=ffffffff x10:ffffff65
27204375ns          477621 1c009464 04812e83 lw               x29, 72(x2)         x29=1c002f06  x2:10001cd8  PA:10001d20
27204395ns          477622 1c009466 40a6d693 srai             x13, x13, 0x40a     x13=00000001 x13:00000750
27204415ns          477623 1c009468 000f5d03 lhu              x26, 0(x30)         x26=000004ec x30:1c002ed6  PA:1c002ed6
27204733ns          477639 1c00946c 0005d583 lhu              x11, 0(x11)         x11=00000093 x11:1c002ef6  PA:1c002ef6
27205051ns          477655 1c009470 40a35313 srai             x6, x6, 0x40a        x6=00000000  x6:000000a9
27205071ns          477656 1c009474 00a686b3 add              x13, x13, x10       x13=00000000 x13:00000001 x10:ffffffff
27205091ns          477657 1c009476 05012f03 lw               x30, 80(x2)         x30=1c002e76  x2:10001cd8  PA:10001d28
27205111ns          477658 1c009478 10034e33 p.exths          x28, x6, x0         x28=00000000  x6:00000000
27205131ns          477659 1c00947c 06911023 sh               x9, 96(x2)           x9:00000190  x2:10001cd8  PA:10001d38
27205151ns          477660 1c009480 000ede83 lhu              x29, 0(x29)         x29=0000003c x29:1c002f06  PA:1c002f06
27205548ns          477680 1c009484 05812483 lw               x9, 88(x2)           x9=1c002e66  x2:10001cd8  PA:10001d30
27205568ns          477681 1c009486 1006d6b3 p.exthz          x13, x13, x0        x13=00000000 x13:00000000
27205588ns          477682 1c00948a 02ee08b3 mul              x17, x28, x14       x17=00000000 x28:00000000 x14:0000000d
27205608ns          477683 1c00948e 1006c833 p.exths          x16, x13, x0        x16=00000000 x13:00000000
27205628ns          477684 1c009492 06b11823 sh               x11, 112(x2)        x11:00000093  x2:10001cd8  PA:10001d48
27205648ns          477685 1c009496 000f5f03 lhu              x30, 0(x30)         x30=0000ff02 x30:1c002e76  PA:1c002e76
27205946ns          477700 1c00949a 0a012583 lw               x11, 160(x2)        x11=1c002e96  x2:10001cd8  PA:10001d78
27205966ns          477701 1c00949c 1007d7b3 p.exthz          x15, x15, x0        x15=0000ffff x15:ffffffff
27205986ns          477702 1c0094a0 0004da03 lhu              x20, 0(x9)          x20=0000fb3f  x9:1c002e66  PA:1c002e66
27206324ns          477719 1c0094a4 1007c533 p.exths          x10, x15, x0        x10=ffffffff x15:0000ffff
27206344ns          477720 1c0094a8 09d11023 sh               x29, 128(x2)        x29:0000003c  x2:10001cd8  PA:10001d58
27206364ns          477721 1c0094ac 0003d483 lhu              x9, 0(x7)            x9=0000ffce  x7:1c002eb6  PA:1c002eb6
27206702ns          477738 1c0094b0 02e80eb3 mul              x29, x16, x14       x29=00000000 x16:00000000 x14:0000000d
27206722ns          477739 1c0094b4 40a8d893 srai             x17, x17, 0x40a     x17=00000000 x17:00000000
27206742ns          477740 1c0094b8 03c80833 mul              x16, x16, x28       x16=00000000 x16:00000000 x28:00000000
27206762ns          477741 1c0094bc 09e11823 sh               x30, 144(x2)        x30:0000ff02  x2:10001cd8  PA:10001d68
27206782ns          477742 1c0094c0 0005d983 lhu              x19, 0(x11)         x19=0000ffa5 x11:1c002e96  PA:1c002e96
27207140ns          477760 1c0094c4 81c88f5b p.muls           x30, x17, x28       x30=00000000 x17:00000000 x28:00000000
27207159ns          477761 1c0094c8 0002d583 lhu              x11, 0(x5)          x11=0000ff7f  x5:1c002ea6  PA:1c002ea6
27207497ns          477778 1c0094cc 03ce0fb3 mul              x31, x28, x28       x31=00000000 x28:00000000 x28:00000000
27207517ns          477779 1c0094d0 02e50733 mul              x14, x10, x14       x14=fffffff3 x10:ffffffff x14:0000000d
27207537ns          477780 1c0094d4 40a85813 srai             x16, x16, 0x40a     x16=00000000 x16:00000000
27207557ns          477781 1c0094d8 03c50533 mul              x10, x10, x28       x10=00000000 x10:ffffffff x28:00000000
27207577ns          477782 1c0094dc 07015e03 lhu              x28, 112(x2)        x28=00000093  x2:10001cd8  PA:10001d48
27207597ns          477783 1c0094e0 01b60633 add              x12, x12, x27       x12=00001509 x12:0000000d x27:000014fc
27207617ns          477784 1c0094e2 00980833 add              x16, x16, x9        x16=0000ffce x16:00000000  x9:0000ffce
27207637ns          477785 1c0094e4 06015d83 lhu              x27, 96(x2)         x27=00000190  x2:10001cd8  PA:10001d38
27207657ns          477786 1c0094e8 02812483 lw               x9, 40(x2)           x9=1c002ec6  x2:10001cd8  PA:10001d00
27207676ns          477787 1c0094ea 40afdf93 srai             x31, x31, 0x40a     x31=00000000 x31:00000000
27207696ns          477788 1c0094ee 40a55513 srai             x10, x10, 0x40a     x10=00000000 x10:00000000
27207716ns          477789 1c0094f0 01cf8fb3 add              x31, x31, x28       x31=00000093 x31:00000000 x28:00000093
27207736ns          477790 1c0094f2 00b50533 add              x10, x10, x11       x10=0000ff7f x10:00000000 x11:0000ff7f
27207756ns          477791 1c0094f4 09015e03 lhu              x28, 144(x2)        x28=0000ff02  x2:10001cd8  PA:10001d68
27207776ns          477792 1c0094f8 03012583 lw               x11, 48(x2)         x11=1c002ed6  x2:10001cd8  PA:10001d08
27207796ns          477793 1c0094fa 00c49023 sh               x12, 0(x9)          x12:00001509  x9:1c002ec6  PA:1c002ec6
27208174ns          477812 1c0094fe 01b888b3 add              x17, x17, x27       x17=00000190 x17:00000000 x27:00000190
27208194ns          477813 1c009500 01a30333 add              x6, x6, x26          x6=000004ec  x6:00000000 x26:000004ec
27208213ns          477814 1c009502 08015d83 lhu              x27, 128(x2)        x27=0000003c  x2:10001cd8  PA:10001d58
27208233ns          477815 1c009506 0000d903 lhu              x18, 0(x1)          x18=0000feaf  x1:1c002e86  PA:1c002e86
27208532ns          477830 1c00950a 01c686b3 add              x13, x13, x28       x13=0000ff02 x13:00000000 x28:0000ff02
27208552ns          477831 1c00950c 00659023 sh               x6, 0(x11)           x6:000004ec x11:1c002ed6  PA:1c002ed6
27208870ns          477847 1c009510 40af5f13 srai             x30, x30, 0x40a     x30=00000000 x30:00000000
27208890ns          477848 1c009514 04812e03 lw               x28, 72(x2)         x28=1c002f06  x2:10001cd8  PA:10001d20
27208910ns          477849 1c009516 01bf0f33 add              x30, x30, x27       x30=0000003c x30:00000000 x27:0000003c
27208929ns          477850 1c009518 40aede93 srai             x29, x29, 0x40a     x29=00000000 x29:00000000
27208949ns          477851 1c00951c 40a75713 srai             x14, x14, 0x40a     x14=ffffffff x14:fffffff3
27208969ns          477852 1c00951e 03812603 lw               x12, 56(x2)         x12=1c002ee6  x2:10001cd8  PA:10001d10
27208989ns          477853 1c009520 04012d83 lw               x27, 64(x2)         x27=1c002ef6  x2:10001cd8  PA:10001d18
27209009ns          477854 1c009522 01ee1023 sh               x30, 0(x28)         x30:0000003c x28:1c002f06  PA:1c002f06
27209367ns          477872 1c009526 05812483 lw               x9, 88(x2)           x9=1c002e66  x2:10001cd8  PA:10001d30
27209387ns          477873 1c009528 05012f03 lw               x30, 80(x2)         x30=1c002e76  x2:10001cd8  PA:10001d28
27209407ns          477874 1c00952a 0a012583 lw               x11, 160(x2)        x11=1c002e96  x2:10001cd8  PA:10001d78
27209427ns          477875 1c00952c 014787b3 add              x15, x15, x20       x15=0001fb3e x15:0000ffff x20:0000fb3f
27209447ns          477876 1c00952e 013e8eb3 add              x29, x29, x19       x29=0000ffa5 x29:00000000 x19:0000ffa5
27209466ns          477877 1c009530 01270733 add              x14, x14, x18       x14=0000feae x14:ffffffff x18:0000feaf
27209486ns          477878 1c009532 00f49023 sh               x15, 0(x9)          x15:0001fb3e  x9:1c002e66  PA:1c002e66
27209804ns          477894 1c009536 01161023 sh               x17, 0(x12)         x17:00000190 x12:1c002ee6  PA:1c002ee6
27210123ns          477910 1c00953a 01fd9023 sh               x31, 0(x27)         x31:00000093 x27:1c002ef6  PA:1c002ef6
27210441ns          477926 1c00953e 00df1023 sh               x13, 0(x30)         x13:0000ff02 x30:1c002e76  PA:1c002e76
27210799ns          477944 1c009542 01d59023 sh               x29, 0(x11)         x29:0000ffa5 x11:1c002e96  PA:1c002e96
27211117ns          477960 1c009546 00e09023 sh               x14, 0(x1)          x14:0000feae  x1:1c002e86  PA:1c002e86
27211435ns          477976 1c00954a 01039023 sh               x16, 0(x7)          x16:0000ffce  x7:1c002eb6  PA:1c002eb6
27211793ns          477994 1c00954e 00a29023 sh               x10, 0(x5)          x10:0000ff7f  x5:1c002ea6  PA:1c002ea6
27212131ns          478011 1c009552 008b0b13 addi             x22, x22, 8         x22=00000153 x22:0000014b
27212151ns          478012 1c009554 1f300793 addi             x15, x0, 499        x15=000001f3
27212171ns          478013 1c009558 e767dae3 bge              x15, x22, -396      x15:000001f3 x22:00000153
27212271ns          478018 1c0093cc 010c9a0b p.lh             x20, 16(x25!)       x20=00000083 x25=1c00293e x25:1c00292e  PA:1c00292e
27212609ns          478035 1c0093d0 0104198b p.lh             x19, 16(x8!)        x19=000001d9  x8=1c002106  x8:1c0020f6  PA:1c0020f6
27212907ns          478050 1c0093d4 2cc10513 addi             x10, x2, 716        x10=10001fa4  x2:10001cd8
27212927ns          478051 1c0093d6 010a990b p.lh             x18, 16(x21!)       x18=000000bc x21=1c001932 x21:1c001922  PA:1c001922
27213265ns          478068 1c0093da 010b948b p.lh             x9, 16(x23!)         x9=000001be x23=1c001162 x23:1c001152  PA:1c001152
27213563ns          478083 1c0093de 2d411623 sh               x20, 716(x2)        x20:00000083  x2:10001cd8  PA:10001fa4
27213583ns          478084 1c0093e2 2d311723 sh               x19, 718(x2)        x19:000001d9  x2:10001cd8  PA:10001fa6
27213603ns          478085 1c0093e6 c33ff0ef jal              x1, -974             x1=1c0093e8
27213683ns          478089 1c009018 00051803 lh               x16, 0(x10)         x16=00000083 x10:10001fa4  PA:10001fa4
27213722ns          478091 1c00901c 00251883 lh               x17, 2(x10)         x17=000001d9 x10:10001fa4  PA:10001fa6
27213742ns          478092 1c009020 030806b3 mul              x13, x16, x16       x13=00004309 x16:00000083 x16:00000083
27213762ns          478093 1c009024 03188633 mul              x12, x17, x17       x12=000369f1 x17:000001d9 x17:000001d9
27213782ns          478094 1c009028 40a65613 srai             x12, x12, 0x40a     x12=000000da x12:000369f1
27213802ns          478095 1c00902a 40a6d693 srai             x13, x13, 0x40a     x13=00000010 x13:00004309
27213822ns          478096 1c00902c 00c686b3 add              x13, x13, x12       x13=000000ea x13:00000010 x12:000000da
27213842ns          478097 1c00902e 1006c633 p.exths          x12, x13, x0        x12=000000ea x13:000000ea
27213862ns          478098 1c009032 00855703 lhu              x14, 8(x10)         x14=0000ffd1 x10:10001fa4  PA:10001fac
27213882ns          478099 1c009036 00a55683 lhu              x13, 10(x10)        x13=0000ff6a x10:10001fa4  PA:10001fae
27213901ns          478100 1c00903a 02c60333 mul              x6, x12, x12         x6=0000d5e4 x12:000000ea x12:000000ea
27213921ns          478101 1c00903e 00c55783 lhu              x15, 12(x10)        x15=0000ffe5 x10:10001fa4  PA:10001fb0
27213941ns          478102 1c009042 00e55583 lhu              x11, 14(x10)        x11=00000060 x10:10001fa4  PA:10001fb2
27213961ns          478103 1c009046 dea30333 p.extract        x6, x6, 15, 10       x6=00000035  x6:0000d5e4
27213981ns          478104 1c00904a 80c7075b p.muls           x14, x14, x12       x14=ffffd50a x14:0000ffd1 x12:000000ea
27214001ns          478105 1c00904e 80c686db p.muls           x13, x13, x12       x13=ffff76e4 x13:0000ff6a x12:000000ea
27214021ns          478106 1c009052 00455e83 lhu              x29, 4(x10)         x29=00000427 x10:10001fa4  PA:10001fa8
27214041ns          478107 1c009056 00655e03 lhu              x28, 6(x10)         x28=0000007f x10:10001fa4  PA:10001faa
27214061ns          478108 1c00905a 40a75713 srai             x14, x14, 0x40a     x14=fffffff5 x14:ffffd50a
27214080ns          478109 1c00905c 806787db p.muls           x15, x15, x6        x15=fffffa69 x15:0000ffe5  x6:00000035
27214100ns          478110 1c009060 40a6d693 srai             x13, x13, 0x40a     x13=ffffffdd x13:ffff76e4
27214120ns          478111 1c009062 8065865b p.muls           x12, x11, x6        x12=000013e0 x11:00000060  x6:00000035
27214140ns          478112 1c009066 40a7d793 srai             x15, x15, 0x40a     x15=fffffffe x15:fffffa69
27214160ns          478113 1c009068 40a65613 srai             x12, x12, 0x40a     x12=00000004 x12:000013e0
27214180ns          478114 1c00906a 01d70733 add              x14, x14, x29       x14=0000041c x14:fffffff5 x29:00000427
27214200ns          478115 1c00906c 01c686b3 add              x13, x13, x28       x13=0000005c x13:ffffffdd x28:0000007f
27214220ns          478116 1c00906e 00c686b3 add              x13, x13, x12       x13=00000060 x13:0000005c x12:00000004
27214240ns          478117 1c009070 00f70733 add              x14, x14, x15       x14=0000041a x14:0000041c x15:fffffffe
27214259ns          478118 1c009072 100747b3 p.exths          x15, x14, x0        x15=0000041a x14:0000041a
27214279ns          478119 1c009076 1006c733 p.exths          x14, x13, x0        x14=00000060 x13:00000060
27214299ns          478120 1c00907a 03170633 mul              x12, x14, x17       x12=0000b160 x14:00000060 x17:000001d9
27214319ns          478121 1c00907e 030786b3 mul              x13, x15, x16       x13=0002194e x15:0000041a x16:00000083
27214339ns          478122 1c009082 03070733 mul              x14, x14, x16       x14=00003120 x14:00000060 x16:00000083
27214359ns          478123 1c009086 031787b3 mul              x15, x15, x17       x15=0007940a x15:0000041a x17:000001d9
27214379ns          478124 1c00908a 40a6d693 srai             x13, x13, 0x40a     x13=00000086 x13:0002194e
27214399ns          478125 1c00908c 40a65613 srai             x12, x12, 0x40a     x12=0000002c x12:0000b160
27214419ns          478126 1c00908e 40a7d793 srai             x15, x15, 0x40a     x15=000001e5 x15:0007940a
27214438ns          478127 1c009090 40a75713 srai             x14, x14, 0x40a     x14=0000000c x14:00003120
27214458ns          478128 1c009092 40c686b3 sub              x13, x13, x12       x13=0000005a x13:00000086 x12:0000002c
27214478ns          478129 1c009094 00e787b3 add              x15, x15, x14       x15=000001f1 x15:000001e5 x14:0000000c
27214498ns          478130 1c009096 00d51823 sh               x13, 16(x10)        x13:0000005a x10:10001fa4  PA:10001fb4
27214518ns          478131 1c00909a 00f51923 sh               x15, 18(x10)        x15:000001f1 x10:10001fa4  PA:10001fb6
27214538ns          478132 1c00909e 00008067 jalr             x0, x1, 0            x1:1c0093e8
27214617ns          478136 1c0093e8 2dc15583 lhu              x11, 732(x2)        x11=0000005a  x2:10001cd8  PA:10001fb4
27214637ns          478137 1c0093ec 2de15783 lhu              x15, 734(x2)        x15=000001f1  x2:10001cd8  PA:10001fb6
27214657ns          478138 1c0093f0 40b90933 sub              x18, x18, x11       x18=00000062 x18:000000bc x11:0000005a
27214677ns          478139 1c0093f4 40f484b3 sub              x9, x9, x15          x9=ffffffcd  x9:000001be x15:000001f1
27214697ns          478140 1c0093f6 100945b3 p.exths          x11, x18, x0        x11=00000062 x18:00000062
27214717ns          478141 1c0093fa 1004c7b3 p.exths          x15, x9, x0         x15=ffffffcd  x9:ffffffcd
27214737ns          478142 1c0093fe 034586b3 mul              x13, x11, x20       x13=00003226 x11:00000062 x20:00000083
27214757ns          478143 1c009402 03378533 mul              x10, x15, x19       x10=ffffa1c5 x15:ffffffcd x19:000001d9
27214776ns          478144 1c009406 034a0633 mul              x12, x20, x20       x12=00004309 x20:00000083 x20:00000083
27214796ns          478145 1c00940a 03398733 mul              x14, x19, x19       x14=000369f1 x19:000001d9 x19:000001d9
27214816ns          478146 1c00940e 034787b3 mul              x15, x15, x20       x15=ffffe5e7 x15:ffffffcd x20:00000083
27214836ns          478147 1c009412 033585b3 mul              x11, x11, x19       x11=0000b512 x11:00000062 x19:000001d9
27214856ns          478148 1c009416 40a75713 srai             x14, x14, 0x40a     x14=000000da x14:000369f1
27214876ns          478149 1c009418 40a5d593 srai             x11, x11, 0x40a     x11=0000002d x11:0000b512
27214896ns          478150 1c00941a 40a65613 srai             x12, x12, 0x40a     x12=00000010 x12:00004309
27214916ns          478151 1c00941c 40a7d793 srai             x15, x15, 0x40a     x15=fffffff9 x15:ffffe5e7
27214936ns          478152 1c00941e 1c0034b7 lui              x9, 0x1c003000       x9=1c003000
27214955ns          478153 1c009422 00e60633 add              x12, x12, x14       x12=000000ea x12:00000010 x14:000000da
27214975ns          478154 1c009424 40b787b3 sub              x15, x15, x11       x15=ffffffcc x15:fffffff9 x11:0000002d
27214995ns          478155 1c009426 eb048493 addi             x9, x9, -336         x9=1c002eb0  x9:1c003000
27215015ns          478156 1c00942a 1c0032b7 lui              x5, 0x1c003000       x5=1c003000
27215035ns          478157 1c00942e 1c0035b7 lui              x11, 0x1c003000     x11=1c003000
27215055ns          478158 1c009432 018483b3 add              x7, x9, x24          x7=1c002eb6  x9:1c002eb0 x24:00000006
27215075ns          478159 1c009436 02812e83 lw               x29, 40(x2)         x29=1c002ec6  x2:10001cd8  PA:10001d00
27215095ns          478160 1c009438 10065633 p.exthz          x12, x12, x0        x12=000000ea x12:000000ea
27215115ns          478161 1c00943c e8028293 addi             x5, x5, -384         x5=1c002e80  x5:1c003000
27215134ns          478162 1c009440 ea058593 addi             x11, x11, -352      x11=1c002ea0 x11:1c003000
27215174ns          478164 1c009444 03812483 lw               x9, 56(x2)           x9=1c002ee6  x2:10001cd8  PA:10001d10
27215194ns          478165 1c009446 10064733 p.exths          x14, x12, x0        x14=000000ea x12:000000ea
27215214ns          478166 1c00944a 018280b3 add              x1, x5, x24          x1=1c002e86  x5:1c002e80 x24:00000006
27215234ns          478167 1c00944e 03012f03 lw               x30, 48(x2)         x30=1c002ed6  x2:10001cd8  PA:10001d08
27215254ns          478168 1c009450 018582b3 add              x5, x11, x24         x5=1c002ea6 x11:1c002ea0 x24:00000006
27215274ns          478169 1c009454 04012583 lw               x11, 64(x2)         x11=1c002ef6  x2:10001cd8  PA:10001d18
27215294ns          478170 1c009456 000edd83 lhu              x27, 0(x29)         x27=00001509 x29:1c002ec6  PA:1c002ec6
27215652ns          478188 1c00945a 0004d483 lhu              x9, 0(x9)            x9=00000190  x9:1c002ee6  PA:1c002ee6
27216029ns          478207 1c00945e 02e70333 mul              x6, x14, x14         x6=0000d5e4 x14:000000ea x14:000000ea
27216049ns          478208 1c009462 40a55513 srai             x10, x10, 0x40a     x10=ffffffe8 x10:ffffa1c5
27216069ns          478209 1c009464 04812e83 lw               x29, 72(x2)         x29=1c002f06  x2:10001cd8  PA:10001d20
27216089ns          478210 1c009466 40a6d693 srai             x13, x13, 0x40a     x13=0000000c x13:00003226
27216109ns          478211 1c009468 000f5d03 lhu              x26, 0(x30)         x26=000004ec x30:1c002ed6  PA:1c002ed6
27216447ns          478228 1c00946c 0005d583 lhu              x11, 0(x11)         x11=00000093 x11:1c002ef6  PA:1c002ef6
27216745ns          478243 1c009470 40a35313 srai             x6, x6, 0x40a        x6=00000035  x6:0000d5e4
27216765ns          478244 1c009474 00a686b3 add              x13, x13, x10       x13=fffffff4 x13:0000000c x10:ffffffe8
27216785ns          478245 1c009476 05012f03 lw               x30, 80(x2)         x30=1c002e76  x2:10001cd8  PA:10001d28
27216805ns          478246 1c009478 10034e33 p.exths          x28, x6, x0         x28=00000035  x6:00000035
27216825ns          478247 1c00947c 06911023 sh               x9, 96(x2)           x9:00000190  x2:10001cd8  PA:10001d38
27216845ns          478248 1c009480 000ede83 lhu              x29, 0(x29)         x29=0000003c x29:1c002f06  PA:1c002f06
27217143ns          478263 1c009484 05812483 lw               x9, 88(x2)           x9=1c002e66  x2:10001cd8  PA:10001d30
27217163ns          478264 1c009486 1006d6b3 p.exthz          x13, x13, x0        x13=0000fff4 x13:fffffff4
27217183ns          478265 1c00948a 02ee08b3 mul              x17, x28, x14       x17=00003072 x28:00000035 x14:000000ea
27217203ns          478266 1c00948e 1006c833 p.exths          x16, x13, x0        x16=fffffff4 x13:0000fff4
27217223ns          478267 1c009492 06b11823 sh               x11, 112(x2)        x11:00000093  x2:10001cd8  PA:10001d48
27217243ns          478268 1c009496 000f5f03 lhu              x30, 0(x30)         x30=0000ff02 x30:1c002e76  PA:1c002e76
27217601ns          478286 1c00949a 0a012583 lw               x11, 160(x2)        x11=1c002e96  x2:10001cd8  PA:10001d78
27217620ns          478287 1c00949c 1007d7b3 p.exthz          x15, x15, x0        x15=0000ffcc x15:ffffffcc
27217640ns          478288 1c0094a0 0004da03 lhu              x20, 0(x9)          x20=0000fb3e  x9:1c002e66  PA:1c002e66
27217939ns          478303 1c0094a4 1007c533 p.exths          x10, x15, x0        x10=ffffffcc x15:0000ffcc
27217959ns          478304 1c0094a8 09d11023 sh               x29, 128(x2)        x29:0000003c  x2:10001cd8  PA:10001d58
27217978ns          478305 1c0094ac 0003d483 lhu              x9, 0(x7)            x9=0000ffce  x7:1c002eb6  PA:1c002eb6
27218277ns          478320 1c0094b0 02e80eb3 mul              x29, x16, x14       x29=fffff508 x16:fffffff4 x14:000000ea
27218297ns          478321 1c0094b4 40a8d893 srai             x17, x17, 0x40a     x17=0000000c x17:00003072
27218317ns          478322 1c0094b8 03c80833 mul              x16, x16, x28       x16=fffffd84 x16:fffffff4 x28:00000035
27218336ns          478323 1c0094bc 09e11823 sh               x30, 144(x2)        x30:0000ff02  x2:10001cd8  PA:10001d68
27218356ns          478324 1c0094c0 0005d983 lhu              x19, 0(x11)         x19=0000ffa5 x11:1c002e96  PA:1c002e96
27218675ns          478340 1c0094c4 81c88f5b p.muls           x30, x17, x28       x30=0000027c x17:0000000c x28:00000035
27218694ns          478341 1c0094c8 0002d583 lhu              x11, 0(x5)          x11=0000ff7f  x5:1c002ea6  PA:1c002ea6
27218993ns          478356 1c0094cc 03ce0fb3 mul              x31, x28, x28       x31=00000af9 x28:00000035 x28:00000035
27219013ns          478357 1c0094d0 02e50733 mul              x14, x10, x14       x14=ffffd078 x10:ffffffcc x14:000000ea
27219033ns          478358 1c0094d4 40a85813 srai             x16, x16, 0x40a     x16=ffffffff x16:fffffd84
27219052ns          478359 1c0094d8 03c50533 mul              x10, x10, x28       x10=fffff53c x10:ffffffcc x28:00000035
27219072ns          478360 1c0094dc 07015e03 lhu              x28, 112(x2)        x28=00000093  x2:10001cd8  PA:10001d48
27219092ns          478361 1c0094e0 01b60633 add              x12, x12, x27       x12=000015f3 x12:000000ea x27:00001509
27219112ns          478362 1c0094e2 00980833 add              x16, x16, x9        x16=0000ffcd x16:ffffffff  x9:0000ffce
27219132ns          478363 1c0094e4 06015d83 lhu              x27, 96(x2)         x27=00000190  x2:10001cd8  PA:10001d38
27219152ns          478364 1c0094e8 02812483 lw               x9, 40(x2)           x9=1c002ec6  x2:10001cd8  PA:10001d00
27219172ns          478365 1c0094ea 40afdf93 srai             x31, x31, 0x40a     x31=00000002 x31:00000af9
27219192ns          478366 1c0094ee 40a55513 srai             x10, x10, 0x40a     x10=fffffffd x10:fffff53c
27219212ns          478367 1c0094f0 01cf8fb3 add              x31, x31, x28       x31=00000095 x31:00000002 x28:00000093
27219231ns          478368 1c0094f2 00b50533 add              x10, x10, x11       x10=0000ff7c x10:fffffffd x11:0000ff7f
27219251ns          478369 1c0094f4 09015e03 lhu              x28, 144(x2)        x28=0000ff02  x2:10001cd8  PA:10001d68
27219271ns          478370 1c0094f8 03012583 lw               x11, 48(x2)         x11=1c002ed6  x2:10001cd8  PA:10001d08
27219291ns          478371 1c0094fa 00c49023 sh               x12, 0(x9)          x12:000015f3  x9:1c002ec6  PA:1c002ec6
27219609ns          478387 1c0094fe 01b888b3 add              x17, x17, x27       x17=0000019c x17:0000000c x27:00000190
27219629ns          478388 1c009500 01a30333 add              x6, x6, x26          x6=00000521  x6:00000035 x26:000004ec
27219649ns          478389 1c009502 08015d83 lhu              x27, 128(x2)        x27=0000003c  x2:10001cd8  PA:10001d58
27219669ns          478390 1c009506 0000d903 lhu              x18, 0(x1)          x18=0000feae  x1:1c002e86  PA:1c002e86
27220007ns          478407 1c00950a 01c686b3 add              x13, x13, x28       x13=0001fef6 x13:0000fff4 x28:0000ff02
27220027ns          478408 1c00950c 00659023 sh               x6, 0(x11)           x6:00000521 x11:1c002ed6  PA:1c002ed6
27220365ns          478425 1c009510 40af5f13 srai             x30, x30, 0x40a     x30=00000000 x30:0000027c
27220385ns          478426 1c009514 04812e03 lw               x28, 72(x2)         x28=1c002f06  x2:10001cd8  PA:10001d20
27220405ns          478427 1c009516 01bf0f33 add              x30, x30, x27       x30=0000003c x30:00000000 x27:0000003c
27220425ns          478428 1c009518 40aede93 srai             x29, x29, 0x40a     x29=fffffffd x29:fffff508
27220445ns          478429 1c00951c 40a75713 srai             x14, x14, 0x40a     x14=fffffff4 x14:ffffd078
27220464ns          478430 1c00951e 03812603 lw               x12, 56(x2)         x12=1c002ee6  x2:10001cd8  PA:10001d10
27220484ns          478431 1c009520 04012d83 lw               x27, 64(x2)         x27=1c002ef6  x2:10001cd8  PA:10001d18
27220504ns          478432 1c009522 01ee1023 sh               x30, 0(x28)         x30:0000003c x28:1c002f06  PA:1c002f06
27220822ns          478448 1c009526 05812483 lw               x9, 88(x2)           x9=1c002e66  x2:10001cd8  PA:10001d30
27220842ns          478449 1c009528 05012f03 lw               x30, 80(x2)         x30=1c002e76  x2:10001cd8  PA:10001d28
27220862ns          478450 1c00952a 0a012583 lw               x11, 160(x2)        x11=1c002e96  x2:10001cd8  PA:10001d78
27220882ns          478451 1c00952c 014787b3 add              x15, x15, x20       x15=0001fb0a x15:0000ffcc x20:0000fb3e
27220902ns          478452 1c00952e 013e8eb3 add              x29, x29, x19       x29=0000ffa2 x29:fffffffd x19:0000ffa5
27220922ns          478453 1c009530 01270733 add              x14, x14, x18       x14=0000fea2 x14:fffffff4 x18:0000feae
27220942ns          478454 1c009532 00f49023 sh               x15, 0(x9)          x15:0001fb0a  x9:1c002e66  PA:1c002e66
27221260ns          478470 1c009536 01161023 sh               x17, 0(x12)         x17:0000019c x12:1c002ee6  PA:1c002ee6
27221598ns          478487 1c00953a 01fd9023 sh               x31, 0(x27)         x31:00000095 x27:1c002ef6  PA:1c002ef6
27221936ns          478504 1c00953e 00df1023 sh               x13, 0(x30)         x13:0001fef6 x30:1c002e76  PA:1c002e76
27222254ns          478520 1c009542 01d59023 sh               x29, 0(x11)         x29:0000ffa2 x11:1c002e96  PA:1c002e96
27222592ns          478537 1c009546 00e09023 sh               x14, 0(x1)          x14:0000fea2  x1:1c002e86  PA:1c002e86
27222911ns          478553 1c00954a 01039023 sh               x16, 0(x7)          x16:0000ffcd  x7:1c002eb6  PA:1c002eb6
27223229ns          478569 1c00954e 00a29023 sh               x10, 0(x5)          x10:0000ff7c  x5:1c002ea6  PA:1c002ea6
27223547ns          478585 1c009552 008b0b13 addi             x22, x22, 8         x22=0000015b x22:00000153
27223567ns          478586 1c009554 1f300793 addi             x15, x0, 499        x15=000001f3
27223587ns          478587 1c009558 e767dae3 bge              x15, x22, -396      x15:000001f3 x22:0000015b
27223686ns          478592 1c0093cc 010c9a0b p.lh             x20, 16(x25!)       x20=fffffe15 x25=1c00294e x25:1c00293e  PA:1c00293e
27223985ns          478607 1c0093d0 0104198b p.lh             x19, 16(x8!)        x19=ffffffd9  x8=1c002116  x8:1c002106  PA:1c002106
27224303ns          478623 1c0093d4 2cc10513 addi             x10, x2, 716        x10=10001fa4  x2:10001cd8
27224323ns          478624 1c0093d6 010a990b p.lh             x18, 16(x21!)       x18=fffffe13 x21=1c001942 x21:1c001932  PA:1c001932
27224621ns          478639 1c0093da 010b948b p.lh             x9, 16(x23!)         x9=0000002a x23=1c001172 x23:1c001162  PA:1c001162
27224919ns          478654 1c0093de 2d411623 sh               x20, 716(x2)        x20:fffffe15  x2:10001cd8  PA:10001fa4
27224939ns          478655 1c0093e2 2d311723 sh               x19, 718(x2)        x19:ffffffd9  x2:10001cd8  PA:10001fa6
27224959ns          478656 1c0093e6 c33ff0ef jal              x1, -974             x1=1c0093e8
27225039ns          478660 1c009018 00051803 lh               x16, 0(x10)         x16=fffffe15 x10:10001fa4  PA:10001fa4
27225078ns          478662 1c00901c 00251883 lh               x17, 2(x10)         x17=ffffffd9 x10:10001fa4  PA:10001fa6
27225138ns          478665 1c009020 030806b3 mul              x13, x16, x16       x13=0003adb9 x16:fffffe15 x16:fffffe15
27225178ns          478667 1c009024 03188633 mul              x12, x17, x17       x12=000005f1 x17:ffffffd9 x17:ffffffd9
27225198ns          478668 1c009028 40a65613 srai             x12, x12, 0x40a     x12=00000001 x12:000005f1
27225218ns          478669 1c00902a 40a6d693 srai             x13, x13, 0x40a     x13=000000eb x13:0003adb9
27225238ns          478670 1c00902c 00c686b3 add              x13, x13, x12       x13=000000ec x13:000000eb x12:00000001
27225257ns          478671 1c00902e 1006c633 p.exths          x12, x13, x0        x12=000000ec x13:000000ec
27225277ns          478672 1c009032 00855703 lhu              x14, 8(x10)         x14=0000ffd1 x10:10001fa4  PA:10001fac
27225297ns          478673 1c009036 00a55683 lhu              x13, 10(x10)        x13=0000ff6a x10:10001fa4  PA:10001fae
27225317ns          478674 1c00903a 02c60333 mul              x6, x12, x12         x6=0000d990 x12:000000ec x12:000000ec
27225337ns          478675 1c00903e 00c55783 lhu              x15, 12(x10)        x15=0000ffe5 x10:10001fa4  PA:10001fb0
27225357ns          478676 1c009042 00e55583 lhu              x11, 14(x10)        x11=00000060 x10:10001fa4  PA:10001fb2
27225377ns          478677 1c009046 dea30333 p.extract        x6, x6, 15, 10       x6=00000036  x6:0000d990
27225397ns          478678 1c00904a 80c7075b p.muls           x14, x14, x12       x14=ffffd4ac x14:0000ffd1 x12:000000ec
27225436ns          478680 1c00904e 80c686db p.muls           x13, x13, x12       x13=ffff75b8 x13:0000ff6a x12:000000ec
27225476ns          478682 1c009052 00455e83 lhu              x29, 4(x10)         x29=00000427 x10:10001fa4  PA:10001fa8
27225496ns          478683 1c009056 00655e03 lhu              x28, 6(x10)         x28=0000007f x10:10001fa4  PA:10001faa
27225516ns          478684 1c00905a 40a75713 srai             x14, x14, 0x40a     x14=fffffff5 x14:ffffd4ac
27225536ns          478685 1c00905c 806787db p.muls           x15, x15, x6        x15=fffffa4e x15:0000ffe5  x6:00000036
27225556ns          478686 1c009060 40a6d693 srai             x13, x13, 0x40a     x13=ffffffdd x13:ffff75b8
27225576ns          478687 1c009062 8065865b p.muls           x12, x11, x6        x12=00001440 x11:00000060  x6:00000036
27225596ns          478688 1c009066 40a7d793 srai             x15, x15, 0x40a     x15=fffffffe x15:fffffa4e
27225615ns          478689 1c009068 40a65613 srai             x12, x12, 0x40a     x12=00000005 x12:00001440
27225635ns          478690 1c00906a 01d70733 add              x14, x14, x29       x14=0000041c x14:fffffff5 x29:00000427
27225655ns          478691 1c00906c 01c686b3 add              x13, x13, x28       x13=0000005c x13:ffffffdd x28:0000007f
27225675ns          478692 1c00906e 00c686b3 add              x13, x13, x12       x13=00000061 x13:0000005c x12:00000005
27225695ns          478693 1c009070 00f70733 add              x14, x14, x15       x14=0000041a x14:0000041c x15:fffffffe
27225715ns          478694 1c009072 100747b3 p.exths          x15, x14, x0        x15=0000041a x14:0000041a
27225735ns          478695 1c009076 1006c733 p.exths          x14, x13, x0        x14=00000061 x13:00000061
27225755ns          478696 1c00907a 03170633 mul              x12, x14, x17       x12=fffff139 x14:00000061 x17:ffffffd9
27225775ns          478697 1c00907e 030786b3 mul              x13, x15, x16       x13=fff82222 x15:0000041a x16:fffffe15
27225794ns          478698 1c009082 03070733 mul              x14, x14, x16       x14=ffff45f5 x14:00000061 x16:fffffe15
27225814ns          478699 1c009086 031787b3 mul              x15, x15, x17       x15=ffff600a x15:0000041a x17:ffffffd9
27225834ns          478700 1c00908a 40a6d693 srai             x13, x13, 0x40a     x13=fffffe08 x13:fff82222
27225854ns          478701 1c00908c 40a65613 srai             x12, x12, 0x40a     x12=fffffffc x12:fffff139
27225874ns          478702 1c00908e 40a7d793 srai             x15, x15, 0x40a     x15=ffffffd8 x15:ffff600a
27225894ns          478703 1c009090 40a75713 srai             x14, x14, 0x40a     x14=ffffffd1 x14:ffff45f5
27225914ns          478704 1c009092 40c686b3 sub              x13, x13, x12       x13=fffffe0c x13:fffffe08 x12:fffffffc
27225934ns          478705 1c009094 00e787b3 add              x15, x15, x14       x15=ffffffa9 x15:ffffffd8 x14:ffffffd1
27225954ns          478706 1c009096 00d51823 sh               x13, 16(x10)        x13:fffffe0c x10:10001fa4  PA:10001fb4
27225973ns          478707 1c00909a 00f51923 sh               x15, 18(x10)        x15:ffffffa9 x10:10001fa4  PA:10001fb6
27225993ns          478708 1c00909e 00008067 jalr             x0, x1, 0            x1:1c0093e8
27226053ns          478711 1c0093e8 2dc15583 lhu              x11, 732(x2)        x11=0000fe0c  x2:10001cd8  PA:10001fb4
27226073ns          478712 1c0093ec 2de15783 lhu              x15, 734(x2)        x15=0000ffa9  x2:10001cd8  PA:10001fb6
27226093ns          478713 1c0093f0 40b90933 sub              x18, x18, x11       x18=ffff0007 x18:fffffe13 x11:0000fe0c
27226113ns          478714 1c0093f4 40f484b3 sub              x9, x9, x15          x9=ffff0081  x9:0000002a x15:0000ffa9
27226133ns          478715 1c0093f6 100945b3 p.exths          x11, x18, x0        x11=00000007 x18:ffff0007
27226152ns          478716 1c0093fa 1004c7b3 p.exths          x15, x9, x0         x15=00000081  x9:ffff0081
27226172ns          478717 1c0093fe 034586b3 mul              x13, x11, x20       x13=fffff293 x11:00000007 x20:fffffe15
27226192ns          478718 1c009402 03378533 mul              x10, x15, x19       x10=ffffec59 x15:00000081 x19:ffffffd9
27226212ns          478719 1c009406 034a0633 mul              x12, x20, x20       x12=0003adb9 x20:fffffe15 x20:fffffe15
27226232ns          478720 1c00940a 03398733 mul              x14, x19, x19       x14=000005f1 x19:ffffffd9 x19:ffffffd9
27226252ns          478721 1c00940e 034787b3 mul              x15, x15, x20       x15=ffff0895 x15:00000081 x20:fffffe15
27226272ns          478722 1c009412 033585b3 mul              x11, x11, x19       x11=fffffeef x11:00000007 x19:ffffffd9
27226292ns          478723 1c009416 40a75713 srai             x14, x14, 0x40a     x14=00000001 x14:000005f1
27226312ns          478724 1c009418 40a5d593 srai             x11, x11, 0x40a     x11=ffffffff x11:fffffeef
27226331ns          478725 1c00941a 40a65613 srai             x12, x12, 0x40a     x12=000000eb x12:0003adb9
27226351ns          478726 1c00941c 40a7d793 srai             x15, x15, 0x40a     x15=ffffffc2 x15:ffff0895
27226371ns          478727 1c00941e 1c0034b7 lui              x9, 0x1c003000       x9=1c003000
27226391ns          478728 1c009422 00e60633 add              x12, x12, x14       x12=000000ec x12:000000eb x14:00000001
27226411ns          478729 1c009424 40b787b3 sub              x15, x15, x11       x15=ffffffc3 x15:ffffffc2 x11:ffffffff
27226431ns          478730 1c009426 eb048493 addi             x9, x9, -336         x9=1c002eb0  x9:1c003000
27226451ns          478731 1c00942a 1c0032b7 lui              x5, 0x1c003000       x5=1c003000
27226471ns          478732 1c00942e 1c0035b7 lui              x11, 0x1c003000     x11=1c003000
27226491ns          478733 1c009432 018483b3 add              x7, x9, x24          x7=1c002eb6  x9:1c002eb0 x24:00000006
27226510ns          478734 1c009436 02812e83 lw               x29, 40(x2)         x29=1c002ec6  x2:10001cd8  PA:10001d00
27226530ns          478735 1c009438 10065633 p.exthz          x12, x12, x0        x12=000000ec x12:000000ec
27226550ns          478736 1c00943c e8028293 addi             x5, x5, -384         x5=1c002e80  x5:1c003000
27226590ns          478738 1c009440 ea058593 addi             x11, x11, -352      x11=1c002ea0 x11:1c003000
27226630ns          478740 1c009444 03812483 lw               x9, 56(x2)           x9=1c002ee6  x2:10001cd8  PA:10001d10
27226650ns          478741 1c009446 10064733 p.exths          x14, x12, x0        x14=000000ec x12:000000ec
27226670ns          478742 1c00944a 018280b3 add              x1, x5, x24          x1=1c002e86  x5:1c002e80 x24:00000006
27226689ns          478743 1c00944e 03012f03 lw               x30, 48(x2)         x30=1c002ed6  x2:10001cd8  PA:10001d08
27226709ns          478744 1c009450 018582b3 add              x5, x11, x24         x5=1c002ea6 x11:1c002ea0 x24:00000006
27226729ns          478745 1c009454 04012583 lw               x11, 64(x2)         x11=1c002ef6  x2:10001cd8  PA:10001d18
27226749ns          478746 1c009456 000edd83 lhu              x27, 0(x29)         x27=000015f3 x29:1c002ec6  PA:1c002ec6
27227047ns          478761 1c00945a 0004d483 lhu              x9, 0(x9)            x9=0000019c  x9:1c002ee6  PA:1c002ee6
27227346ns          478776 1c00945e 02e70333 mul              x6, x14, x14         x6=0000d990 x14:000000ec x14:000000ec
27227366ns          478777 1c009462 40a55513 srai             x10, x10, 0x40a     x10=fffffffb x10:ffffec59
27227385ns          478778 1c009464 04812e83 lw               x29, 72(x2)         x29=1c002f06  x2:10001cd8  PA:10001d20
27227405ns          478779 1c009466 40a6d693 srai             x13, x13, 0x40a     x13=fffffffc x13:fffff293
27227425ns          478780 1c009468 000f5d03 lhu              x26, 0(x30)         x26=00000521 x30:1c002ed6  PA:1c002ed6
27227783ns          478798 1c00946c 0005d583 lhu              x11, 0(x11)         x11=00000095 x11:1c002ef6  PA:1c002ef6
27228181ns          478818 1c009470 40a35313 srai             x6, x6, 0x40a        x6=00000036  x6:0000d990
27228201ns          478819 1c009474 00a686b3 add              x13, x13, x10       x13=fffffff7 x13:fffffffc x10:fffffffb
27228221ns          478820 1c009476 05012f03 lw               x30, 80(x2)         x30=1c002e76  x2:10001cd8  PA:10001d28
27228241ns          478821 1c009478 10034e33 p.exths          x28, x6, x0         x28=00000036  x6:00000036
27228261ns          478822 1c00947c 06911023 sh               x9, 96(x2)           x9:0000019c  x2:10001cd8  PA:10001d38
27228280ns          478823 1c009480 000ede83 lhu              x29, 0(x29)         x29=0000003c x29:1c002f06  PA:1c002f06
27228619ns          478840 1c009484 05812483 lw               x9, 88(x2)           x9=1c002e66  x2:10001cd8  PA:10001d30
27228638ns          478841 1c009486 1006d6b3 p.exthz          x13, x13, x0        x13=0000fff7 x13:fffffff7
27228658ns          478842 1c00948a 02ee08b3 mul              x17, x28, x14       x17=000031c8 x28:00000036 x14:000000ec
27228678ns          478843 1c00948e 1006c833 p.exths          x16, x13, x0        x16=fffffff7 x13:0000fff7
27228698ns          478844 1c009492 06b11823 sh               x11, 112(x2)        x11:00000095  x2:10001cd8  PA:10001d48
27228718ns          478845 1c009496 000f5f03 lhu              x30, 0(x30)         x30=0000fef6 x30:1c002e76  PA:1c002e76
27229096ns          478864 1c00949a 0a012583 lw               x11, 160(x2)        x11=1c002e96  x2:10001cd8  PA:10001d78
27229116ns          478865 1c00949c 1007d7b3 p.exthz          x15, x15, x0        x15=0000ffc3 x15:ffffffc3
27229136ns          478866 1c0094a0 0004da03 lhu              x20, 0(x9)          x20=0000fb0a  x9:1c002e66  PA:1c002e66
27229434ns          478881 1c0094a4 1007c533 p.exths          x10, x15, x0        x10=ffffffc3 x15:0000ffc3
27229454ns          478882 1c0094a8 09d11023 sh               x29, 128(x2)        x29:0000003c  x2:10001cd8  PA:10001d58
27229474ns          478883 1c0094ac 0003d483 lhu              x9, 0(x7)            x9=0000ffcd  x7:1c002eb6  PA:1c002eb6
27229852ns          478902 1c0094b0 02e80eb3 mul              x29, x16, x14       x29=fffff7b4 x16:fffffff7 x14:000000ec
27229871ns          478903 1c0094b4 40a8d893 srai             x17, x17, 0x40a     x17=0000000c x17:000031c8
27229891ns          478904 1c0094b8 03c80833 mul              x16, x16, x28       x16=fffffe1a x16:fffffff7 x28:00000036
27229911ns          478905 1c0094bc 09e11823 sh               x30, 144(x2)        x30:0000fef6  x2:10001cd8  PA:10001d68
27229931ns          478906 1c0094c0 0005d983 lhu              x19, 0(x11)         x19=0000ffa2 x11:1c002e96  PA:1c002e96
27230249ns          478922 1c0094c4 81c88f5b p.muls           x30, x17, x28       x30=00000288 x17:0000000c x28:00000036
27230269ns          478923 1c0094c8 0002d583 lhu              x11, 0(x5)          x11=0000ff7c  x5:1c002ea6  PA:1c002ea6
27230568ns          478938 1c0094cc 03ce0fb3 mul              x31, x28, x28       x31=00000b64 x28:00000036 x28:00000036
27230587ns          478939 1c0094d0 02e50733 mul              x14, x10, x14       x14=ffffc7c4 x10:ffffffc3 x14:000000ec
27230607ns          478940 1c0094d4 40a85813 srai             x16, x16, 0x40a     x16=ffffffff x16:fffffe1a
27230627ns          478941 1c0094d8 03c50533 mul              x10, x10, x28       x10=fffff322 x10:ffffffc3 x28:00000036
27230647ns          478942 1c0094dc 07015e03 lhu              x28, 112(x2)        x28=00000095  x2:10001cd8  PA:10001d48
27230687ns          478944 1c0094e0 01b60633 add              x12, x12, x27       x12=000016df x12:000000ec x27:000015f3
27230707ns          478945 1c0094e2 00980833 add              x16, x16, x9        x16=0000ffcc x16:ffffffff  x9:0000ffcd
27230727ns          478946 1c0094e4 06015d83 lhu              x27, 96(x2)         x27=0000019c  x2:10001cd8  PA:10001d38
27230747ns          478947 1c0094e8 02812483 lw               x9, 40(x2)           x9=1c002ec6  x2:10001cd8  PA:10001d00
27230766ns          478948 1c0094ea 40afdf93 srai             x31, x31, 0x40a     x31=00000002 x31:00000b64
27230786ns          478949 1c0094ee 40a55513 srai             x10, x10, 0x40a     x10=fffffffc x10:fffff322
27230806ns          478950 1c0094f0 01cf8fb3 add              x31, x31, x28       x31=00000097 x31:00000002 x28:00000095
27230826ns          478951 1c0094f2 00b50533 add              x10, x10, x11       x10=0000ff78 x10:fffffffc x11:0000ff7c
27230846ns          478952 1c0094f4 09015e03 lhu              x28, 144(x2)        x28=0000fef6  x2:10001cd8  PA:10001d68
27230866ns          478953 1c0094f8 03012583 lw               x11, 48(x2)         x11=1c002ed6  x2:10001cd8  PA:10001d08
27230886ns          478954 1c0094fa 00c49023 sh               x12, 0(x9)          x12:000016df  x9:1c002ec6  PA:1c002ec6
27231204ns          478970 1c0094fe 01b888b3 add              x17, x17, x27       x17=000001a8 x17:0000000c x27:0000019c
27231224ns          478971 1c009500 01a30333 add              x6, x6, x26          x6=00000557  x6:00000036 x26:00000521
27231244ns          478972 1c009502 08015d83 lhu              x27, 128(x2)        x27=0000003c  x2:10001cd8  PA:10001d58
27231264ns          478973 1c009506 0000d903 lhu              x18, 0(x1)          x18=0000fea2  x1:1c002e86  PA:1c002e86
27231582ns          478989 1c00950a 01c686b3 add              x13, x13, x28       x13=0001feed x13:0000fff7 x28:0000fef6
27231602ns          478990 1c00950c 00659023 sh               x6, 0(x11)           x6:00000557 x11:1c002ed6  PA:1c002ed6
27231920ns          479006 1c009510 40af5f13 srai             x30, x30, 0x40a     x30=00000000 x30:00000288
27231940ns          479007 1c009514 04812e03 lw               x28, 72(x2)         x28=1c002f06  x2:10001cd8  PA:10001d20
27231960ns          479008 1c009516 01bf0f33 add              x30, x30, x27       x30=0000003c x30:00000000 x27:0000003c
27231980ns          479009 1c009518 40aede93 srai             x29, x29, 0x40a     x29=fffffffd x29:fffff7b4
27232000ns          479010 1c00951c 40a75713 srai             x14, x14, 0x40a     x14=fffffff1 x14:ffffc7c4
27232019ns          479011 1c00951e 03812603 lw               x12, 56(x2)         x12=1c002ee6  x2:10001cd8  PA:10001d10
27232039ns          479012 1c009520 04012d83 lw               x27, 64(x2)         x27=1c002ef6  x2:10001cd8  PA:10001d18
27232059ns          479013 1c009522 01ee1023 sh               x30, 0(x28)         x30:0000003c x28:1c002f06  PA:1c002f06
27232397ns          479030 1c009526 05812483 lw               x9, 88(x2)           x9=1c002e66  x2:10001cd8  PA:10001d30
27232417ns          479031 1c009528 05012f03 lw               x30, 80(x2)         x30=1c002e76  x2:10001cd8  PA:10001d28
27232437ns          479032 1c00952a 0a012583 lw               x11, 160(x2)        x11=1c002e96  x2:10001cd8  PA:10001d78
27232457ns          479033 1c00952c 014787b3 add              x15, x15, x20       x15=0001facd x15:0000ffc3 x20:0000fb0a
27232477ns          479034 1c00952e 013e8eb3 add              x29, x29, x19       x29=0000ff9f x29:fffffffd x19:0000ffa2
27232497ns          479035 1c009530 01270733 add              x14, x14, x18       x14=0000fe93 x14:fffffff1 x18:0000fea2
27232517ns          479036 1c009532 00f49023 sh               x15, 0(x9)          x15:0001facd  x9:1c002e66  PA:1c002e66
27232875ns          479054 1c009536 01161023 sh               x17, 0(x12)         x17:000001a8 x12:1c002ee6  PA:1c002ee6
27233193ns          479070 1c00953a 01fd9023 sh               x31, 0(x27)         x31:00000097 x27:1c002ef6  PA:1c002ef6
27233511ns          479086 1c00953e 00df1023 sh               x13, 0(x30)         x13:0001feed x30:1c002e76  PA:1c002e76
27233829ns          479102 1c009542 01d59023 sh               x29, 0(x11)         x29:0000ff9f x11:1c002e96  PA:1c002e96
27234187ns          479120 1c009546 00e09023 sh               x14, 0(x1)          x14:0000fe93  x1:1c002e86  PA:1c002e86
27234505ns          479136 1c00954a 01039023 sh               x16, 0(x7)          x16:0000ffcc  x7:1c002eb6  PA:1c002eb6
27234863ns          479154 1c00954e 00a29023 sh               x10, 0(x5)          x10:0000ff78  x5:1c002ea6  PA:1c002ea6
27235201ns          479171 1c009552 008b0b13 addi             x22, x22, 8         x22=00000163 x22:0000015b
27235221ns          479172 1c009554 1f300793 addi             x15, x0, 499        x15=000001f3
27235241ns          479173 1c009558 e767dae3 bge              x15, x22, -396      x15:000001f3 x22:00000163
27235301ns          479176 1c0093cc 010c9a0b p.lh             x20, 16(x25!)       x20=ffffff59 x25=1c00295e x25:1c00294e  PA:1c00294e
27235699ns          479196 1c0093d0 0104198b p.lh             x19, 16(x8!)        x19=000000c0  x8=1c002126  x8:1c002116  PA:1c002116
27235997ns          479211 1c0093d4 2cc10513 addi             x10, x2, 716        x10=10001fa4  x2:10001cd8
27236017ns          479212 1c0093d6 010a990b p.lh             x18, 16(x21!)       x18=ffffff5d x21=1c001952 x21:1c001942  PA:1c001942
27236335ns          479228 1c0093da 010b948b p.lh             x9, 16(x23!)         x9=000000d2 x23=1c001182 x23:1c001172  PA:1c001172
27236633ns          479243 1c0093de 2d411623 sh               x20, 716(x2)        x20:ffffff59  x2:10001cd8  PA:10001fa4
27236653ns          479244 1c0093e2 2d311723 sh               x19, 718(x2)        x19:000000c0  x2:10001cd8  PA:10001fa6
27236673ns          479245 1c0093e6 c33ff0ef jal              x1, -974             x1=1c0093e8
27236713ns          479247 1c009018 00051803 lh               x16, 0(x10)         x16=ffffff59 x10:10001fa4  PA:10001fa4
27236733ns          479248 1c00901c 00251883 lh               x17, 2(x10)         x17=000000c0 x10:10001fa4  PA:10001fa6
27236793ns          479251 1c009020 030806b3 mul              x13, x16, x16       x13=00006cf1 x16:ffffff59 x16:ffffff59
27236832ns          479253 1c009024 03188633 mul              x12, x17, x17       x12=00009000 x17:000000c0 x17:000000c0
27236852ns          479254 1c009028 40a65613 srai             x12, x12, 0x40a     x12=00000024 x12:00009000
27236872ns          479255 1c00902a 40a6d693 srai             x13, x13, 0x40a     x13=0000001b x13:00006cf1
27236892ns          479256 1c00902c 00c686b3 add              x13, x13, x12       x13=0000003f x13:0000001b x12:00000024
27236912ns          479257 1c00902e 1006c633 p.exths          x12, x13, x0        x12=0000003f x13:0000003f
27236932ns          479258 1c009032 00855703 lhu              x14, 8(x10)         x14=0000ffd1 x10:10001fa4  PA:10001fac
27236952ns          479259 1c009036 00a55683 lhu              x13, 10(x10)        x13=0000ff6a x10:10001fa4  PA:10001fae
27236972ns          479260 1c00903a 02c60333 mul              x6, x12, x12         x6=00000f81 x12:0000003f x12:0000003f
27236991ns          479261 1c00903e 00c55783 lhu              x15, 12(x10)        x15=0000ffe5 x10:10001fa4  PA:10001fb0
27237011ns          479262 1c009042 00e55583 lhu              x11, 14(x10)        x11=00000060 x10:10001fa4  PA:10001fb2
27237031ns          479263 1c009046 dea30333 p.extract        x6, x6, 15, 10       x6=00000003  x6:00000f81
27237051ns          479264 1c00904a 80c7075b p.muls           x14, x14, x12       x14=fffff46f x14:0000ffd1 x12:0000003f
27237071ns          479265 1c00904e 80c686db p.muls           x13, x13, x12       x13=ffffdb16 x13:0000ff6a x12:0000003f
27237091ns          479266 1c009052 00455e83 lhu              x29, 4(x10)         x29=00000427 x10:10001fa4  PA:10001fa8
27237111ns          479267 1c009056 00655e03 lhu              x28, 6(x10)         x28=0000007f x10:10001fa4  PA:10001faa
27237131ns          479268 1c00905a 40a75713 srai             x14, x14, 0x40a     x14=fffffffd x14:fffff46f
27237150ns          479269 1c00905c 806787db p.muls           x15, x15, x6        x15=ffffffaf x15:0000ffe5  x6:00000003
27237170ns          479270 1c009060 40a6d693 srai             x13, x13, 0x40a     x13=fffffff6 x13:ffffdb16
27237190ns          479271 1c009062 8065865b p.muls           x12, x11, x6        x12=00000120 x11:00000060  x6:00000003
27237210ns          479272 1c009066 40a7d793 srai             x15, x15, 0x40a     x15=ffffffff x15:ffffffaf
27237230ns          479273 1c009068 40a65613 srai             x12, x12, 0x40a     x12=00000000 x12:00000120
27237250ns          479274 1c00906a 01d70733 add              x14, x14, x29       x14=00000424 x14:fffffffd x29:00000427
27237270ns          479275 1c00906c 01c686b3 add              x13, x13, x28       x13=00000075 x13:fffffff6 x28:0000007f
27237290ns          479276 1c00906e 00c686b3 add              x13, x13, x12       x13=00000075 x13:00000075 x12:00000000
27237310ns          479277 1c009070 00f70733 add              x14, x14, x15       x14=00000423 x14:00000424 x15:ffffffff
27237329ns          479278 1c009072 100747b3 p.exths          x15, x14, x0        x15=00000423 x14:00000423
27237349ns          479279 1c009076 1006c733 p.exths          x14, x13, x0        x14=00000075 x13:00000075
27237369ns          479280 1c00907a 03170633 mul              x12, x14, x17       x12=000057c0 x14:00000075 x17:000000c0
27237389ns          479281 1c00907e 030786b3 mul              x13, x15, x16       x13=fffd4d2b x15:00000423 x16:ffffff59
27237409ns          479282 1c009082 03070733 mul              x14, x14, x16       x14=ffffb3ad x14:00000075 x16:ffffff59
27237429ns          479283 1c009086 031787b3 mul              x15, x15, x17       x15=00031a40 x15:00000423 x17:000000c0
27237449ns          479284 1c00908a 40a6d693 srai             x13, x13, 0x40a     x13=ffffff53 x13:fffd4d2b
27237469ns          479285 1c00908c 40a65613 srai             x12, x12, 0x40a     x12=00000015 x12:000057c0
27237489ns          479286 1c00908e 40a7d793 srai             x15, x15, 0x40a     x15=000000c6 x15:00031a40
27237508ns          479287 1c009090 40a75713 srai             x14, x14, 0x40a     x14=ffffffec x14:ffffb3ad
27237528ns          479288 1c009092 40c686b3 sub              x13, x13, x12       x13=ffffff3e x13:ffffff53 x12:00000015
27237548ns          479289 1c009094 00e787b3 add              x15, x15, x14       x15=000000b2 x15:000000c6 x14:ffffffec
27237568ns          479290 1c009096 00d51823 sh               x13, 16(x10)        x13:ffffff3e x10:10001fa4  PA:10001fb4
27237608ns          479292 1c00909a 00f51923 sh               x15, 18(x10)        x15:000000b2 x10:10001fa4  PA:10001fb6
27237648ns          479294 1c00909e 00008067 jalr             x0, x1, 0            x1:1c0093e8
27237687ns          479296 1c0093e8 2dc15583 lhu              x11, 732(x2)        x11=0000ff3e  x2:10001cd8  PA:10001fb4
27237707ns          479297 1c0093ec 2de15783 lhu              x15, 734(x2)        x15=000000b2  x2:10001cd8  PA:10001fb6
27237727ns          479298 1c0093f0 40b90933 sub              x18, x18, x11       x18=ffff001f x18:ffffff5d x11:0000ff3e
27237747ns          479299 1c0093f4 40f484b3 sub              x9, x9, x15          x9=00000020  x9:000000d2 x15:000000b2
27237767ns          479300 1c0093f6 100945b3 p.exths          x11, x18, x0        x11=0000001f x18:ffff001f
27237787ns          479301 1c0093fa 1004c7b3 p.exths          x15, x9, x0         x15=00000020  x9:00000020
27237807ns          479302 1c0093fe 034586b3 mul              x13, x11, x20       x13=ffffebc7 x11:0000001f x20:ffffff59
27237827ns          479303 1c009402 03378533 mul              x10, x15, x19       x10=00001800 x15:00000020 x19:000000c0
27237847ns          479304 1c009406 034a0633 mul              x12, x20, x20       x12=00006cf1 x20:ffffff59 x20:ffffff59
27237866ns          479305 1c00940a 03398733 mul              x14, x19, x19       x14=00009000 x19:000000c0 x19:000000c0
27237926ns          479308 1c00940e 034787b3 mul              x15, x15, x20       x15=ffffeb20 x15:00000020 x20:ffffff59
27237966ns          479310 1c009412 033585b3 mul              x11, x11, x19       x11=00001740 x11:0000001f x19:000000c0
27237986ns          479311 1c009416 40a75713 srai             x14, x14, 0x40a     x14=00000024 x14:00009000
27238006ns          479312 1c009418 40a5d593 srai             x11, x11, 0x40a     x11=00000005 x11:00001740
27238026ns          479313 1c00941a 40a65613 srai             x12, x12, 0x40a     x12=0000001b x12:00006cf1
27238045ns          479314 1c00941c 40a7d793 srai             x15, x15, 0x40a     x15=fffffffa x15:ffffeb20
27238065ns          479315 1c00941e 1c0034b7 lui              x9, 0x1c003000       x9=1c003000
27238085ns          479316 1c009422 00e60633 add              x12, x12, x14       x12=0000003f x12:0000001b x14:00000024
27238105ns          479317 1c009424 40b787b3 sub              x15, x15, x11       x15=fffffff5 x15:fffffffa x11:00000005
27238125ns          479318 1c009426 eb048493 addi             x9, x9, -336         x9=1c002eb0  x9:1c003000
27238145ns          479319 1c00942a 1c0032b7 lui              x5, 0x1c003000       x5=1c003000
27238165ns          479320 1c00942e 1c0035b7 lui              x11, 0x1c003000     x11=1c003000
27238185ns          479321 1c009432 018483b3 add              x7, x9, x24          x7=1c002eb6  x9:1c002eb0 x24:00000006
27238205ns          479322 1c009436 02812e83 lw               x29, 40(x2)         x29=1c002ec6  x2:10001cd8  PA:10001d00
27238224ns          479323 1c009438 10065633 p.exthz          x12, x12, x0        x12=0000003f x12:0000003f
27238244ns          479324 1c00943c e8028293 addi             x5, x5, -384         x5=1c002e80  x5:1c003000
27238264ns          479325 1c009440 ea058593 addi             x11, x11, -352      x11=1c002ea0 x11:1c003000
27238304ns          479327 1c009444 03812483 lw               x9, 56(x2)           x9=1c002ee6  x2:10001cd8  PA:10001d10
27238324ns          479328 1c009446 10064733 p.exths          x14, x12, x0        x14=0000003f x12:0000003f
27238344ns          479329 1c00944a 018280b3 add              x1, x5, x24          x1=1c002e86  x5:1c002e80 x24:00000006
27238364ns          479330 1c00944e 03012f03 lw               x30, 48(x2)         x30=1c002ed6  x2:10001cd8  PA:10001d08
27238384ns          479331 1c009450 018582b3 add              x5, x11, x24         x5=1c002ea6 x11:1c002ea0 x24:00000006
27238403ns          479332 1c009454 04012583 lw               x11, 64(x2)         x11=1c002ef6  x2:10001cd8  PA:10001d18
27238423ns          479333 1c009456 000edd83 lhu              x27, 0(x29)         x27=000016df x29:1c002ec6  PA:1c002ec6
27238722ns          479348 1c00945a 0004d483 lhu              x9, 0(x9)            x9=000001a8  x9:1c002ee6  PA:1c002ee6
27239020ns          479363 1c00945e 02e70333 mul              x6, x14, x14         x6=00000f81 x14:0000003f x14:0000003f
27239040ns          479364 1c009462 40a55513 srai             x10, x10, 0x40a     x10=00000006 x10:00001800
27239060ns          479365 1c009464 04812e83 lw               x29, 72(x2)         x29=1c002f06  x2:10001cd8  PA:10001d20
27239080ns          479366 1c009466 40a6d693 srai             x13, x13, 0x40a     x13=fffffffa x13:ffffebc7
27239100ns          479367 1c009468 000f5d03 lhu              x26, 0(x30)         x26=00000557 x30:1c002ed6  PA:1c002ed6
27239398ns          479382 1c00946c 0005d583 lhu              x11, 0(x11)         x11=00000097 x11:1c002ef6  PA:1c002ef6
27239736ns          479399 1c009470 40a35313 srai             x6, x6, 0x40a        x6=00000003  x6:00000f81
27239756ns          479400 1c009474 00a686b3 add              x13, x13, x10       x13=00000000 x13:fffffffa x10:00000006
27239776ns          479401 1c009476 05012f03 lw               x30, 80(x2)         x30=1c002e76  x2:10001cd8  PA:10001d28
27239796ns          479402 1c009478 10034e33 p.exths          x28, x6, x0         x28=00000003  x6:00000003
27239815ns          479403 1c00947c 06911023 sh               x9, 96(x2)           x9:000001a8  x2:10001cd8  PA:10001d38
27239835ns          479404 1c009480 000ede83 lhu              x29, 0(x29)         x29=0000003c x29:1c002f06  PA:1c002f06
27240233ns          479424 1c009484 05812483 lw               x9, 88(x2)           x9=1c002e66  x2:10001cd8  PA:10001d30
27240253ns          479425 1c009486 1006d6b3 p.exthz          x13, x13, x0        x13=00000000 x13:00000000
27240273ns          479426 1c00948a 02ee08b3 mul              x17, x28, x14       x17=000000bd x28:00000003 x14:0000003f
27240293ns          479427 1c00948e 1006c833 p.exths          x16, x13, x0        x16=00000000 x13:00000000
27240313ns          479428 1c009492 06b11823 sh               x11, 112(x2)        x11:00000097  x2:10001cd8  PA:10001d48
27240333ns          479429 1c009496 000f5f03 lhu              x30, 0(x30)         x30=0000feed x30:1c002e76  PA:1c002e76
27240631ns          479444 1c00949a 0a012583 lw               x11, 160(x2)        x11=1c002e96  x2:10001cd8  PA:10001d78
27240651ns          479445 1c00949c 1007d7b3 p.exthz          x15, x15, x0        x15=0000fff5 x15:fffffff5
27240671ns          479446 1c0094a0 0004da03 lhu              x20, 0(x9)          x20=0000facd  x9:1c002e66  PA:1c002e66
27240989ns          479462 1c0094a4 1007c533 p.exths          x10, x15, x0        x10=fffffff5 x15:0000fff5
27241009ns          479463 1c0094a8 09d11023 sh               x29, 128(x2)        x29:0000003c  x2:10001cd8  PA:10001d58
27241029ns          479464 1c0094ac 0003d483 lhu              x9, 0(x7)            x9=0000ffcc  x7:1c002eb6  PA:1c002eb6
27241327ns          479479 1c0094b0 02e80eb3 mul              x29, x16, x14       x29=00000000 x16:00000000 x14:0000003f
27241347ns          479480 1c0094b4 40a8d893 srai             x17, x17, 0x40a     x17=00000000 x17:000000bd
27241367ns          479481 1c0094b8 03c80833 mul              x16, x16, x28       x16=00000000 x16:00000000 x28:00000003
27241387ns          479482 1c0094bc 09e11823 sh               x30, 144(x2)        x30:0000feed  x2:10001cd8  PA:10001d68
27241407ns          479483 1c0094c0 0005d983 lhu              x19, 0(x11)         x19=0000ff9f x11:1c002e96  PA:1c002e96
27241705ns          479498 1c0094c4 81c88f5b p.muls           x30, x17, x28       x30=00000000 x17:00000000 x28:00000003
27241725ns          479499 1c0094c8 0002d583 lhu              x11, 0(x5)          x11=0000ff78  x5:1c002ea6  PA:1c002ea6
27242023ns          479514 1c0094cc 03ce0fb3 mul              x31, x28, x28       x31=00000009 x28:00000003 x28:00000003
27242043ns          479515 1c0094d0 02e50733 mul              x14, x10, x14       x14=fffffd4b x10:fffffff5 x14:0000003f
27242063ns          479516 1c0094d4 40a85813 srai             x16, x16, 0x40a     x16=00000000 x16:00000000
27242083ns          479517 1c0094d8 03c50533 mul              x10, x10, x28       x10=ffffffdf x10:fffffff5 x28:00000003
27242103ns          479518 1c0094dc 07015e03 lhu              x28, 112(x2)        x28=00000097  x2:10001cd8  PA:10001d48
27242142ns          479520 1c0094e0 01b60633 add              x12, x12, x27       x12=0000171e x12:0000003f x27:000016df
27242162ns          479521 1c0094e2 00980833 add              x16, x16, x9        x16=0000ffcc x16:00000000  x9:0000ffcc
27242182ns          479522 1c0094e4 06015d83 lhu              x27, 96(x2)         x27=000001a8  x2:10001cd8  PA:10001d38
27242202ns          479523 1c0094e8 02812483 lw               x9, 40(x2)           x9=1c002ec6  x2:10001cd8  PA:10001d00
27242222ns          479524 1c0094ea 40afdf93 srai             x31, x31, 0x40a     x31=00000000 x31:00000009
27242242ns          479525 1c0094ee 40a55513 srai             x10, x10, 0x40a     x10=ffffffff x10:ffffffdf
27242262ns          479526 1c0094f0 01cf8fb3 add              x31, x31, x28       x31=00000097 x31:00000000 x28:00000097
27242282ns          479527 1c0094f2 00b50533 add              x10, x10, x11       x10=0000ff77 x10:ffffffff x11:0000ff78
27242301ns          479528 1c0094f4 09015e03 lhu              x28, 144(x2)        x28=0000feed  x2:10001cd8  PA:10001d68
27242321ns          479529 1c0094f8 03012583 lw               x11, 48(x2)         x11=1c002ed6  x2:10001cd8  PA:10001d08
27242341ns          479530 1c0094fa 00c49023 sh               x12, 0(x9)          x12:0000171e  x9:1c002ec6  PA:1c002ec6
27242699ns          479548 1c0094fe 01b888b3 add              x17, x17, x27       x17=000001a8 x17:00000000 x27:000001a8
27242719ns          479549 1c009500 01a30333 add              x6, x6, x26          x6=0000055a  x6:00000003 x26:00000557
27242739ns          479550 1c009502 08015d83 lhu              x27, 128(x2)        x27=0000003c  x2:10001cd8  PA:10001d58
27242759ns          479551 1c009506 0000d903 lhu              x18, 0(x1)          x18=0000fe93  x1:1c002e86  PA:1c002e86
27243057ns          479566 1c00950a 01c686b3 add              x13, x13, x28       x13=0000feed x13:00000000 x28:0000feed
27243077ns          479567 1c00950c 00659023 sh               x6, 0(x11)           x6:0000055a x11:1c002ed6  PA:1c002ed6
27243395ns          479583 1c009510 40af5f13 srai             x30, x30, 0x40a     x30=00000000 x30:00000000
27243415ns          479584 1c009514 04812e03 lw               x28, 72(x2)         x28=1c002f06  x2:10001cd8  PA:10001d20
27243435ns          479585 1c009516 01bf0f33 add              x30, x30, x27       x30=0000003c x30:00000000 x27:0000003c
27243455ns          479586 1c009518 40aede93 srai             x29, x29, 0x40a     x29=00000000 x29:00000000
27243475ns          479587 1c00951c 40a75713 srai             x14, x14, 0x40a     x14=ffffffff x14:fffffd4b
27243495ns          479588 1c00951e 03812603 lw               x12, 56(x2)         x12=1c002ee6  x2:10001cd8  PA:10001d10
27243515ns          479589 1c009520 04012d83 lw               x27, 64(x2)         x27=1c002ef6  x2:10001cd8  PA:10001d18
27243535ns          479590 1c009522 01ee1023 sh               x30, 0(x28)         x30:0000003c x28:1c002f06  PA:1c002f06
27243853ns          479606 1c009526 05812483 lw               x9, 88(x2)           x9=1c002e66  x2:10001cd8  PA:10001d30
27243873ns          479607 1c009528 05012f03 lw               x30, 80(x2)         x30=1c002e76  x2:10001cd8  PA:10001d28
27243893ns          479608 1c00952a 0a012583 lw               x11, 160(x2)        x11=1c002e96  x2:10001cd8  PA:10001d78
27243912ns          479609 1c00952c 014787b3 add              x15, x15, x20       x15=0001fac2 x15:0000fff5 x20:0000facd
27243932ns          479610 1c00952e 013e8eb3 add              x29, x29, x19       x29=0000ff9f x29:00000000 x19:0000ff9f
27243952ns          479611 1c009530 01270733 add              x14, x14, x18       x14=0000fe92 x14:ffffffff x18:0000fe93
27243972ns          479612 1c009532 00f49023 sh               x15, 0(x9)          x15:0001fac2  x9:1c002e66  PA:1c002e66
27244310ns          479629 1c009536 01161023 sh               x17, 0(x12)         x17:000001a8 x12:1c002ee6  PA:1c002ee6
27244668ns          479647 1c00953a 01fd9023 sh               x31, 0(x27)         x31:00000097 x27:1c002ef6  PA:1c002ef6
27245006ns          479664 1c00953e 00df1023 sh               x13, 0(x30)         x13:0000feed x30:1c002e76  PA:1c002e76
27245364ns          479682 1c009542 01d59023 sh               x29, 0(x11)         x29:0000ff9f x11:1c002e96  PA:1c002e96
27245682ns          479698 1c009546 00e09023 sh               x14, 0(x1)          x14:0000fe92  x1:1c002e86  PA:1c002e86
27246021ns          479715 1c00954a 01039023 sh               x16, 0(x7)          x16:0000ffcc  x7:1c002eb6  PA:1c002eb6
27246359ns          479732 1c00954e 00a29023 sh               x10, 0(x5)          x10:0000ff77  x5:1c002ea6  PA:1c002ea6
27246677ns          479748 1c009552 008b0b13 addi             x22, x22, 8         x22=0000016b x22:00000163
27246697ns          479749 1c009554 1f300793 addi             x15, x0, 499        x15=000001f3
27246717ns          479750 1c009558 e767dae3 bge              x15, x22, -396      x15:000001f3 x22:0000016b
27246776ns          479753 1c0093cc 010c9a0b p.lh             x20, 16(x25!)       x20=ffffffb5 x25=1c00296e x25:1c00295e  PA:1c00295e
27247114ns          479770 1c0093d0 0104198b p.lh             x19, 16(x8!)        x19=fffffec9  x8=1c002136  x8:1c002126  PA:1c002126
27247452ns          479787 1c0093d4 2cc10513 addi             x10, x2, 716        x10=10001fa4  x2:10001cd8
27247472ns          479788 1c0093d6 010a990b p.lh             x18, 16(x21!)       x18=ffffff8f x21=1c001962 x21:1c001952  PA:1c001952
27247771ns          479803 1c0093da 010b948b p.lh             x9, 16(x23!)         x9=fffffec8 x23=1c001192 x23:1c001182  PA:1c001182
27248069ns          479818 1c0093de 2d411623 sh               x20, 716(x2)        x20:ffffffb5  x2:10001cd8  PA:10001fa4
27248089ns          479819 1c0093e2 2d311723 sh               x19, 718(x2)        x19:fffffec9  x2:10001cd8  PA:10001fa6
27248109ns          479820 1c0093e6 c33ff0ef jal              x1, -974             x1=1c0093e8
27248149ns          479822 1c009018 00051803 lh               x16, 0(x10)         x16=ffffffb5 x10:10001fa4  PA:10001fa4
27248168ns          479823 1c00901c 00251883 lh               x17, 2(x10)         x17=fffffec9 x10:10001fa4  PA:10001fa6
27248228ns          479826 1c009020 030806b3 mul              x13, x16, x16       x13=000015f9 x16:ffffffb5 x16:ffffffb5
27248268ns          479828 1c009024 03188633 mul              x12, x17, x17       x12=000179d1 x17:fffffec9 x17:fffffec9
27248288ns          479829 1c009028 40a65613 srai             x12, x12, 0x40a     x12=0000005e x12:000179d1
27248308ns          479830 1c00902a 40a6d693 srai             x13, x13, 0x40a     x13=00000005 x13:000015f9
27248328ns          479831 1c00902c 00c686b3 add              x13, x13, x12       x13=00000063 x13:00000005 x12:0000005e
27248347ns          479832 1c00902e 1006c633 p.exths          x12, x13, x0        x12=00000063 x13:00000063
27248367ns          479833 1c009032 00855703 lhu              x14, 8(x10)         x14=0000ffd1 x10:10001fa4  PA:10001fac
27248387ns          479834 1c009036 00a55683 lhu              x13, 10(x10)        x13=0000ff6a x10:10001fa4  PA:10001fae
27248407ns          479835 1c00903a 02c60333 mul              x6, x12, x12         x6=00002649 x12:00000063 x12:00000063
27248447ns          479837 1c00903e 00c55783 lhu              x15, 12(x10)        x15=0000ffe5 x10:10001fa4  PA:10001fb0
27248487ns          479839 1c009042 00e55583 lhu              x11, 14(x10)        x11=00000060 x10:10001fa4  PA:10001fb2
27248507ns          479840 1c009046 dea30333 p.extract        x6, x6, 15, 10       x6=00000009  x6:00002649
27248526ns          479841 1c00904a 80c7075b p.muls           x14, x14, x12       x14=ffffedd3 x14:0000ffd1 x12:00000063
27248586ns          479844 1c00904e 80c686db p.muls           x13, x13, x12       x13=ffffc5fe x13:0000ff6a x12:00000063
27248626ns          479846 1c009052 00455e83 lhu              x29, 4(x10)         x29=00000427 x10:10001fa4  PA:10001fa8
27248646ns          479847 1c009056 00655e03 lhu              x28, 6(x10)         x28=0000007f x10:10001fa4  PA:10001faa
27248666ns          479848 1c00905a 40a75713 srai             x14, x14, 0x40a     x14=fffffffb x14:ffffedd3
27248686ns          479849 1c00905c 806787db p.muls           x15, x15, x6        x15=ffffff0d x15:0000ffe5  x6:00000009
27248705ns          479850 1c009060 40a6d693 srai             x13, x13, 0x40a     x13=fffffff1 x13:ffffc5fe
27248725ns          479851 1c009062 8065865b p.muls           x12, x11, x6        x12=00000360 x11:00000060  x6:00000009
27248745ns          479852 1c009066 40a7d793 srai             x15, x15, 0x40a     x15=ffffffff x15:ffffff0d
27248765ns          479853 1c009068 40a65613 srai             x12, x12, 0x40a     x12=00000000 x12:00000360
27248785ns          479854 1c00906a 01d70733 add              x14, x14, x29       x14=00000422 x14:fffffffb x29:00000427
27248805ns          479855 1c00906c 01c686b3 add              x13, x13, x28       x13=00000070 x13:fffffff1 x28:0000007f
27248825ns          479856 1c00906e 00c686b3 add              x13, x13, x12       x13=00000070 x13:00000070 x12:00000000
27248845ns          479857 1c009070 00f70733 add              x14, x14, x15       x14=00000421 x14:00000422 x15:ffffffff
27248865ns          479858 1c009072 100747b3 p.exths          x15, x14, x0        x15=00000421 x14:00000421
27248884ns          479859 1c009076 1006c733 p.exths          x14, x13, x0        x14=00000070 x13:00000070
27248904ns          479860 1c00907a 03170633 mul              x12, x14, x17       x12=ffff77f0 x14:00000070 x17:fffffec9
27248924ns          479861 1c00907e 030786b3 mul              x13, x15, x16       x13=fffeca55 x15:00000421 x16:ffffffb5
27248944ns          479862 1c009082 03070733 mul              x14, x14, x16       x14=ffffdf30 x14:00000070 x16:ffffffb5
27248964ns          479863 1c009086 031787b3 mul              x15, x15, x17       x15=fffafbe9 x15:00000421 x17:fffffec9
27248984ns          479864 1c00908a 40a6d693 srai             x13, x13, 0x40a     x13=ffffffb2 x13:fffeca55
27249004ns          479865 1c00908c 40a65613 srai             x12, x12, 0x40a     x12=ffffffdd x12:ffff77f0
27249024ns          479866 1c00908e 40a7d793 srai             x15, x15, 0x40a     x15=fffffebe x15:fffafbe9
27249044ns          479867 1c009090 40a75713 srai             x14, x14, 0x40a     x14=fffffff7 x14:ffffdf30
27249063ns          479868 1c009092 40c686b3 sub              x13, x13, x12       x13=ffffffd5 x13:ffffffb2 x12:ffffffdd
27249083ns          479869 1c009094 00e787b3 add              x15, x15, x14       x15=fffffeb5 x15:fffffebe x14:fffffff7
27249103ns          479870 1c009096 00d51823 sh               x13, 16(x10)        x13:ffffffd5 x10:10001fa4  PA:10001fb4
27249123ns          479871 1c00909a 00f51923 sh               x15, 18(x10)        x15:fffffeb5 x10:10001fa4  PA:10001fb6
27249143ns          479872 1c00909e 00008067 jalr             x0, x1, 0            x1:1c0093e8
27249183ns          479874 1c0093e8 2dc15583 lhu              x11, 732(x2)        x11=0000ffd5  x2:10001cd8  PA:10001fb4
27249203ns          479875 1c0093ec 2de15783 lhu              x15, 734(x2)        x15=0000feb5  x2:10001cd8  PA:10001fb6
27249223ns          479876 1c0093f0 40b90933 sub              x18, x18, x11       x18=fffeffba x18:ffffff8f x11:0000ffd5
27249242ns          479877 1c0093f4 40f484b3 sub              x9, x9, x15          x9=ffff0013  x9:fffffec8 x15:0000feb5
27249262ns          479878 1c0093f6 100945b3 p.exths          x11, x18, x0        x11=ffffffba x18:fffeffba
27249282ns          479879 1c0093fa 1004c7b3 p.exths          x15, x9, x0         x15=00000013  x9:ffff0013
27249302ns          479880 1c0093fe 034586b3 mul              x13, x11, x20       x13=00001482 x11:ffffffba x20:ffffffb5
27249322ns          479881 1c009402 03378533 mul              x10, x15, x19       x10=ffffe8eb x15:00000013 x19:fffffec9
27249342ns          479882 1c009406 034a0633 mul              x12, x20, x20       x12=000015f9 x20:ffffffb5 x20:ffffffb5
27249362ns          479883 1c00940a 03398733 mul              x14, x19, x19       x14=000179d1 x19:fffffec9 x19:fffffec9
27249421ns          479886 1c00940e 034787b3 mul              x15, x15, x20       x15=fffffa6f x15:00000013 x20:ffffffb5
27249461ns          479888 1c009412 033585b3 mul              x11, x11, x19       x11=0000550a x11:ffffffba x19:fffffec9
27249481ns          479889 1c009416 40a75713 srai             x14, x14, 0x40a     x14=0000005e x14:000179d1
27249501ns          479890 1c009418 40a5d593 srai             x11, x11, 0x40a     x11=00000015 x11:0000550a
27249521ns          479891 1c00941a 40a65613 srai             x12, x12, 0x40a     x12=00000005 x12:000015f9
27249541ns          479892 1c00941c 40a7d793 srai             x15, x15, 0x40a     x15=fffffffe x15:fffffa6f
27249561ns          479893 1c00941e 1c0034b7 lui              x9, 0x1c003000       x9=1c003000
27249580ns          479894 1c009422 00e60633 add              x12, x12, x14       x12=00000063 x12:00000005 x14:0000005e
27249600ns          479895 1c009424 40b787b3 sub              x15, x15, x11       x15=ffffffe9 x15:fffffffe x11:00000015
27249620ns          479896 1c009426 eb048493 addi             x9, x9, -336         x9=1c002eb0  x9:1c003000
27249640ns          479897 1c00942a 1c0032b7 lui              x5, 0x1c003000       x5=1c003000
27249660ns          479898 1c00942e 1c0035b7 lui              x11, 0x1c003000     x11=1c003000
27249680ns          479899 1c009432 018483b3 add              x7, x9, x24          x7=1c002eb6  x9:1c002eb0 x24:00000006
27249700ns          479900 1c009436 02812e83 lw               x29, 40(x2)         x29=1c002ec6  x2:10001cd8  PA:10001d00
27249720ns          479901 1c009438 10065633 p.exthz          x12, x12, x0        x12=00000063 x12:00000063
27249740ns          479902 1c00943c e8028293 addi             x5, x5, -384         x5=1c002e80  x5:1c003000
27249759ns          479903 1c009440 ea058593 addi             x11, x11, -352      x11=1c002ea0 x11:1c003000
27249779ns          479904 1c009444 03812483 lw               x9, 56(x2)           x9=1c002ee6  x2:10001cd8  PA:10001d10
27249799ns          479905 1c009446 10064733 p.exths          x14, x12, x0        x14=00000063 x12:00000063
27249819ns          479906 1c00944a 018280b3 add              x1, x5, x24          x1=1c002e86  x5:1c002e80 x24:00000006
27249839ns          479907 1c00944e 03012f03 lw               x30, 48(x2)         x30=1c002ed6  x2:10001cd8  PA:10001d08
27249859ns          479908 1c009450 018582b3 add              x5, x11, x24         x5=1c002ea6 x11:1c002ea0 x24:00000006
27249879ns          479909 1c009454 04012583 lw               x11, 64(x2)         x11=1c002ef6  x2:10001cd8  PA:10001d18
27249899ns          479910 1c009456 000edd83 lhu              x27, 0(x29)         x27=0000171e x29:1c002ec6  PA:1c002ec6
27250217ns          479926 1c00945a 0004d483 lhu              x9, 0(x9)            x9=000001a8  x9:1c002ee6  PA:1c002ee6
27250535ns          479942 1c00945e 02e70333 mul              x6, x14, x14         x6=00002649 x14:00000063 x14:00000063
27250555ns          479943 1c009462 40a55513 srai             x10, x10, 0x40a     x10=fffffffa x10:ffffe8eb
27250575ns          479944 1c009464 04812e83 lw               x29, 72(x2)         x29=1c002f06  x2:10001cd8  PA:10001d20
27250595ns          479945 1c009466 40a6d693 srai             x13, x13, 0x40a     x13=00000005 x13:00001482
27250615ns          479946 1c009468 000f5d03 lhu              x26, 0(x30)         x26=0000055a x30:1c002ed6  PA:1c002ed6
27250913ns          479961 1c00946c 0005d583 lhu              x11, 0(x11)         x11=00000097 x11:1c002ef6  PA:1c002ef6
27251211ns          479976 1c009470 40a35313 srai             x6, x6, 0x40a        x6=00000009  x6:00002649
27251231ns          479977 1c009474 00a686b3 add              x13, x13, x10       x13=ffffffff x13:00000005 x10:fffffffa
27251251ns          479978 1c009476 05012f03 lw               x30, 80(x2)         x30=1c002e76  x2:10001cd8  PA:10001d28
27251271ns          479979 1c009478 10034e33 p.exths          x28, x6, x0         x28=00000009  x6:00000009
27251291ns          479980 1c00947c 06911023 sh               x9, 96(x2)           x9:000001a8  x2:10001cd8  PA:10001d38
27251311ns          479981 1c009480 000ede83 lhu              x29, 0(x29)         x29=0000003c x29:1c002f06  PA:1c002f06
27251649ns          479998 1c009484 05812483 lw               x9, 88(x2)           x9=1c002e66  x2:10001cd8  PA:10001d30
27251669ns          479999 1c009486 1006d6b3 p.exthz          x13, x13, x0        x13=0000ffff x13:ffffffff
27251689ns          480000 1c00948a 02ee08b3 mul              x17, x28, x14       x17=0000037b x28:00000009 x14:00000063
27251709ns          480001 1c00948e 1006c833 p.exths          x16, x13, x0        x16=ffffffff x13:0000ffff
27251728ns          480002 1c009492 06b11823 sh               x11, 112(x2)        x11:00000097  x2:10001cd8  PA:10001d48
27251748ns          480003 1c009496 000f5f03 lhu              x30, 0(x30)         x30=0000feed x30:1c002e76  PA:1c002e76
27252066ns          480019 1c00949a 0a012583 lw               x11, 160(x2)        x11=1c002e96  x2:10001cd8  PA:10001d78
27252086ns          480020 1c00949c 1007d7b3 p.exthz          x15, x15, x0        x15=0000ffe9 x15:ffffffe9
27252106ns          480021 1c0094a0 0004da03 lhu              x20, 0(x9)          x20=0000fac2  x9:1c002e66  PA:1c002e66
27252444ns          480038 1c0094a4 1007c533 p.exths          x10, x15, x0        x10=ffffffe9 x15:0000ffe9
27252464ns          480039 1c0094a8 09d11023 sh               x29, 128(x2)        x29:0000003c  x2:10001cd8  PA:10001d58
27252484ns          480040 1c0094ac 0003d483 lhu              x9, 0(x7)            x9=0000ffcc  x7:1c002eb6  PA:1c002eb6
27252802ns          480056 1c0094b0 02e80eb3 mul              x29, x16, x14       x29=ffffff9d x16:ffffffff x14:00000063
27252822ns          480057 1c0094b4 40a8d893 srai             x17, x17, 0x40a     x17=00000000 x17:0000037b
27252842ns          480058 1c0094b8 03c80833 mul              x16, x16, x28       x16=fffffff7 x16:ffffffff x28:00000009
27252862ns          480059 1c0094bc 09e11823 sh               x30, 144(x2)        x30:0000feed  x2:10001cd8  PA:10001d68
27252882ns          480060 1c0094c0 0005d983 lhu              x19, 0(x11)         x19=0000ff9f x11:1c002e96  PA:1c002e96
27253220ns          480077 1c0094c4 81c88f5b p.muls           x30, x17, x28       x30=00000000 x17:00000000 x28:00000009
27253240ns          480078 1c0094c8 0002d583 lhu              x11, 0(x5)          x11=0000ff77  x5:1c002ea6  PA:1c002ea6
27253618ns          480097 1c0094cc 03ce0fb3 mul              x31, x28, x28       x31=00000051 x28:00000009 x28:00000009
27253638ns          480098 1c0094d0 02e50733 mul              x14, x10, x14       x14=fffff71b x10:ffffffe9 x14:00000063
27253658ns          480099 1c0094d4 40a85813 srai             x16, x16, 0x40a     x16=ffffffff x16:fffffff7
27253677ns          480100 1c0094d8 03c50533 mul              x10, x10, x28       x10=ffffff31 x10:ffffffe9 x28:00000009
27253697ns          480101 1c0094dc 07015e03 lhu              x28, 112(x2)        x28=00000097  x2:10001cd8  PA:10001d48
27253717ns          480102 1c0094e0 01b60633 add              x12, x12, x27       x12=00001781 x12:00000063 x27:0000171e
27253737ns          480103 1c0094e2 00980833 add              x16, x16, x9        x16=0000ffcb x16:ffffffff  x9:0000ffcc
27253757ns          480104 1c0094e4 06015d83 lhu              x27, 96(x2)         x27=000001a8  x2:10001cd8  PA:10001d38
27253777ns          480105 1c0094e8 02812483 lw               x9, 40(x2)           x9=1c002ec6  x2:10001cd8  PA:10001d00
27253797ns          480106 1c0094ea 40afdf93 srai             x31, x31, 0x40a     x31=00000000 x31:00000051
27253817ns          480107 1c0094ee 40a55513 srai             x10, x10, 0x40a     x10=ffffffff x10:ffffff31
27253837ns          480108 1c0094f0 01cf8fb3 add              x31, x31, x28       x31=00000097 x31:00000000 x28:00000097
27253856ns          480109 1c0094f2 00b50533 add              x10, x10, x11       x10=0000ff76 x10:ffffffff x11:0000ff77
27253876ns          480110 1c0094f4 09015e03 lhu              x28, 144(x2)        x28=0000feed  x2:10001cd8  PA:10001d68
27253896ns          480111 1c0094f8 03012583 lw               x11, 48(x2)         x11=1c002ed6  x2:10001cd8  PA:10001d08
27253916ns          480112 1c0094fa 00c49023 sh               x12, 0(x9)          x12:00001781  x9:1c002ec6  PA:1c002ec6
27254254ns          480129 1c0094fe 01b888b3 add              x17, x17, x27       x17=000001a8 x17:00000000 x27:000001a8
27254274ns          480130 1c009500 01a30333 add              x6, x6, x26          x6=00000563  x6:00000009 x26:0000055a
27254294ns          480131 1c009502 08015d83 lhu              x27, 128(x2)        x27=0000003c  x2:10001cd8  PA:10001d58
27254314ns          480132 1c009506 0000d903 lhu              x18, 0(x1)          x18=0000fe92  x1:1c002e86  PA:1c002e86
27254632ns          480148 1c00950a 01c686b3 add              x13, x13, x28       x13=0001feec x13:0000ffff x28:0000feed
27254652ns          480149 1c00950c 00659023 sh               x6, 0(x11)           x6:00000563 x11:1c002ed6  PA:1c002ed6
27254990ns          480166 1c009510 40af5f13 srai             x30, x30, 0x40a     x30=00000000 x30:00000000
27255010ns          480167 1c009514 04812e03 lw               x28, 72(x2)         x28=1c002f06  x2:10001cd8  PA:10001d20
27255030ns          480168 1c009516 01bf0f33 add              x30, x30, x27       x30=0000003c x30:00000000 x27:0000003c
27255050ns          480169 1c009518 40aede93 srai             x29, x29, 0x40a     x29=ffffffff x29:ffffff9d
27255070ns          480170 1c00951c 40a75713 srai             x14, x14, 0x40a     x14=fffffffd x14:fffff71b
27255089ns          480171 1c00951e 03812603 lw               x12, 56(x2)         x12=1c002ee6  x2:10001cd8  PA:10001d10
27255109ns          480172 1c009520 04012d83 lw               x27, 64(x2)         x27=1c002ef6  x2:10001cd8  PA:10001d18
27255129ns          480173 1c009522 01ee1023 sh               x30, 0(x28)         x30:0000003c x28:1c002f06  PA:1c002f06
27255447ns          480189 1c009526 05812483 lw               x9, 88(x2)           x9=1c002e66  x2:10001cd8  PA:10001d30
27255467ns          480190 1c009528 05012f03 lw               x30, 80(x2)         x30=1c002e76  x2:10001cd8  PA:10001d28
27255487ns          480191 1c00952a 0a012583 lw               x11, 160(x2)        x11=1c002e96  x2:10001cd8  PA:10001d78
27255507ns          480192 1c00952c 014787b3 add              x15, x15, x20       x15=0001faab x15:0000ffe9 x20:0000fac2
27255527ns          480193 1c00952e 013e8eb3 add              x29, x29, x19       x29=0000ff9e x29:ffffffff x19:0000ff9f
27255547ns          480194 1c009530 01270733 add              x14, x14, x18       x14=0000fe8f x14:fffffffd x18:0000fe92
27255567ns          480195 1c009532 00f49023 sh               x15, 0(x9)          x15:0001faab  x9:1c002e66  PA:1c002e66
27255885ns          480211 1c009536 01161023 sh               x17, 0(x12)         x17:000001a8 x12:1c002ee6  PA:1c002ee6
27256203ns          480227 1c00953a 01fd9023 sh               x31, 0(x27)         x31:00000097 x27:1c002ef6  PA:1c002ef6
27256521ns          480243 1c00953e 00df1023 sh               x13, 0(x30)         x13:0001feec x30:1c002e76  PA:1c002e76
27256860ns          480260 1c009542 01d59023 sh               x29, 0(x11)         x29:0000ff9e x11:1c002e96  PA:1c002e96
27257178ns          480276 1c009546 00e09023 sh               x14, 0(x1)          x14:0000fe8f  x1:1c002e86  PA:1c002e86
27257516ns          480293 1c00954a 01039023 sh               x16, 0(x7)          x16:0000ffcb  x7:1c002eb6  PA:1c002eb6
27257834ns          480309 1c00954e 00a29023 sh               x10, 0(x5)          x10:0000ff76  x5:1c002ea6  PA:1c002ea6
27258192ns          480327 1c009552 008b0b13 addi             x22, x22, 8         x22=00000173 x22:0000016b
27258212ns          480328 1c009554 1f300793 addi             x15, x0, 499        x15=000001f3
27258232ns          480329 1c009558 e767dae3 bge              x15, x22, -396      x15:000001f3 x22:00000173
27258371ns          480336 1c0093cc 010c9a0b p.lh             x20, 16(x25!)       x20=ffffffce x25=1c00297e x25:1c00296e  PA:1c00296e
27258729ns          480354 1c0093d0 0104198b p.lh             x19, 16(x8!)        x19=0000005a  x8=1c002146  x8:1c002136  PA:1c002136
27259047ns          480370 1c0093d4 2cc10513 addi             x10, x2, 716        x10=10001fa4  x2:10001cd8
27259067ns          480371 1c0093d6 010a990b p.lh             x18, 16(x21!)       x18=ffffffca x21=1c001972 x21:1c001962  PA:1c001962
27259365ns          480386 1c0093da 010b948b p.lh             x9, 16(x23!)         x9=00000056 x23=1c0011a2 x23:1c001192  PA:1c001192
27259664ns          480401 1c0093de 2d411623 sh               x20, 716(x2)        x20:ffffffce  x2:10001cd8  PA:10001fa4
27259684ns          480402 1c0093e2 2d311723 sh               x19, 718(x2)        x19:0000005a  x2:10001cd8  PA:10001fa6
27259703ns          480403 1c0093e6 c33ff0ef jal              x1, -974             x1=1c0093e8
27259743ns          480405 1c009018 00051803 lh               x16, 0(x10)         x16=ffffffce x10:10001fa4  PA:10001fa4
27259763ns          480406 1c00901c 00251883 lh               x17, 2(x10)         x17=0000005a x10:10001fa4  PA:10001fa6
27259783ns          480407 1c009020 030806b3 mul              x13, x16, x16       x13=000009c4 x16:ffffffce x16:ffffffce
27259803ns          480408 1c009024 03188633 mul              x12, x17, x17       x12=00001fa4 x17:0000005a x17:0000005a
27259823ns          480409 1c009028 40a65613 srai             x12, x12, 0x40a     x12=00000007 x12:00001fa4
27259843ns          480410 1c00902a 40a6d693 srai             x13, x13, 0x40a     x13=00000002 x13:000009c4
27259863ns          480411 1c00902c 00c686b3 add              x13, x13, x12       x13=00000009 x13:00000002 x12:00000007
27259882ns          480412 1c00902e 1006c633 p.exths          x12, x13, x0        x12=00000009 x13:00000009
27259902ns          480413 1c009032 00855703 lhu              x14, 8(x10)         x14=0000ffd1 x10:10001fa4  PA:10001fac
27259922ns          480414 1c009036 00a55683 lhu              x13, 10(x10)        x13=0000ff6a x10:10001fa4  PA:10001fae
27259942ns          480415 1c00903a 02c60333 mul              x6, x12, x12         x6=00000051 x12:00000009 x12:00000009
27259982ns          480417 1c00903e 00c55783 lhu              x15, 12(x10)        x15=0000ffe5 x10:10001fa4  PA:10001fb0
27260022ns          480419 1c009042 00e55583 lhu              x11, 14(x10)        x11=00000060 x10:10001fa4  PA:10001fb2
27260042ns          480420 1c009046 dea30333 p.extract        x6, x6, 15, 10       x6=00000000  x6:00000051
27260061ns          480421 1c00904a 80c7075b p.muls           x14, x14, x12       x14=fffffe59 x14:0000ffd1 x12:00000009
27260121ns          480424 1c00904e 80c686db p.muls           x13, x13, x12       x13=fffffaba x13:0000ff6a x12:00000009
27260161ns          480426 1c009052 00455e83 lhu              x29, 4(x10)         x29=00000427 x10:10001fa4  PA:10001fa8
27260181ns          480427 1c009056 00655e03 lhu              x28, 6(x10)         x28=0000007f x10:10001fa4  PA:10001faa
27260201ns          480428 1c00905a 40a75713 srai             x14, x14, 0x40a     x14=ffffffff x14:fffffe59
27260221ns          480429 1c00905c 806787db p.muls           x15, x15, x6        x15=00000000 x15:0000ffe5  x6:00000000
27260240ns          480430 1c009060 40a6d693 srai             x13, x13, 0x40a     x13=fffffffe x13:fffffaba
27260260ns          480431 1c009062 8065865b p.muls           x12, x11, x6        x12=00000000 x11:00000060  x6:00000000
27260280ns          480432 1c009066 40a7d793 srai             x15, x15, 0x40a     x15=00000000 x15:00000000
27260300ns          480433 1c009068 40a65613 srai             x12, x12, 0x40a     x12=00000000 x12:00000000
27260320ns          480434 1c00906a 01d70733 add              x14, x14, x29       x14=00000426 x14:ffffffff x29:00000427
27260340ns          480435 1c00906c 01c686b3 add              x13, x13, x28       x13=0000007d x13:fffffffe x28:0000007f
27260360ns          480436 1c00906e 00c686b3 add              x13, x13, x12       x13=0000007d x13:0000007d x12:00000000
27260380ns          480437 1c009070 00f70733 add              x14, x14, x15       x14=00000426 x14:00000426 x15:00000000
27260400ns          480438 1c009072 100747b3 p.exths          x15, x14, x0        x15=00000426 x14:00000426
27260419ns          480439 1c009076 1006c733 p.exths          x14, x13, x0        x14=0000007d x13:0000007d
27260439ns          480440 1c00907a 03170633 mul              x12, x14, x17       x12=00002bf2 x14:0000007d x17:0000005a
27260459ns          480441 1c00907e 030786b3 mul              x13, x15, x16       x13=ffff3094 x15:00000426 x16:ffffffce
27260479ns          480442 1c009082 03070733 mul              x14, x14, x16       x14=ffffe796 x14:0000007d x16:ffffffce
27260499ns          480443 1c009086 031787b3 mul              x15, x15, x17       x15=0001755c x15:00000426 x17:0000005a
27260519ns          480444 1c00908a 40a6d693 srai             x13, x13, 0x40a     x13=ffffffcc x13:ffff3094
27260539ns          480445 1c00908c 40a65613 srai             x12, x12, 0x40a     x12=0000000a x12:00002bf2
27260559ns          480446 1c00908e 40a7d793 srai             x15, x15, 0x40a     x15=0000005d x15:0001755c
27260579ns          480447 1c009090 40a75713 srai             x14, x14, 0x40a     x14=fffffff9 x14:ffffe796
27260598ns          480448 1c009092 40c686b3 sub              x13, x13, x12       x13=ffffffc2 x13:ffffffcc x12:0000000a
27260618ns          480449 1c009094 00e787b3 add              x15, x15, x14       x15=00000056 x15:0000005d x14:fffffff9
27260638ns          480450 1c009096 00d51823 sh               x13, 16(x10)        x13:ffffffc2 x10:10001fa4  PA:10001fb4
27260658ns          480451 1c00909a 00f51923 sh               x15, 18(x10)        x15:00000056 x10:10001fa4  PA:10001fb6
27260678ns          480452 1c00909e 00008067 jalr             x0, x1, 0            x1:1c0093e8
27260718ns          480454 1c0093e8 2dc15583 lhu              x11, 732(x2)        x11=0000ffc2  x2:10001cd8  PA:10001fb4
27260738ns          480455 1c0093ec 2de15783 lhu              x15, 734(x2)        x15=00000056  x2:10001cd8  PA:10001fb6
27260758ns          480456 1c0093f0 40b90933 sub              x18, x18, x11       x18=ffff0008 x18:ffffffca x11:0000ffc2
27260777ns          480457 1c0093f4 40f484b3 sub              x9, x9, x15          x9=00000000  x9:00000056 x15:00000056
27260797ns          480458 1c0093f6 100945b3 p.exths          x11, x18, x0        x11=00000008 x18:ffff0008
27260817ns          480459 1c0093fa 1004c7b3 p.exths          x15, x9, x0         x15=00000000  x9:00000000
27260837ns          480460 1c0093fe 034586b3 mul              x13, x11, x20       x13=fffffe70 x11:00000008 x20:ffffffce
27260857ns          480461 1c009402 03378533 mul              x10, x15, x19       x10=00000000 x15:00000000 x19:0000005a
27260877ns          480462 1c009406 034a0633 mul              x12, x20, x20       x12=000009c4 x20:ffffffce x20:ffffffce
27260897ns          480463 1c00940a 03398733 mul              x14, x19, x19       x14=00001fa4 x19:0000005a x19:0000005a
27260956ns          480466 1c00940e 034787b3 mul              x15, x15, x20       x15=00000000 x15:00000000 x20:ffffffce
27260996ns          480468 1c009412 033585b3 mul              x11, x11, x19       x11=000002d0 x11:00000008 x19:0000005a
27261016ns          480469 1c009416 40a75713 srai             x14, x14, 0x40a     x14=00000007 x14:00001fa4
27261036ns          480470 1c009418 40a5d593 srai             x11, x11, 0x40a     x11=00000000 x11:000002d0
27261056ns          480471 1c00941a 40a65613 srai             x12, x12, 0x40a     x12=00000002 x12:000009c4
27261076ns          480472 1c00941c 40a7d793 srai             x15, x15, 0x40a     x15=00000000 x15:00000000
27261096ns          480473 1c00941e 1c0034b7 lui              x9, 0x1c003000       x9=1c003000
27261116ns          480474 1c009422 00e60633 add              x12, x12, x14       x12=00000009 x12:00000002 x14:00000007
27261135ns          480475 1c009424 40b787b3 sub              x15, x15, x11       x15=00000000 x15:00000000 x11:00000000
27261155ns          480476 1c009426 eb048493 addi             x9, x9, -336         x9=1c002eb0  x9:1c003000
27261175ns          480477 1c00942a 1c0032b7 lui              x5, 0x1c003000       x5=1c003000
27261195ns          480478 1c00942e 1c0035b7 lui              x11, 0x1c003000     x11=1c003000
27261215ns          480479 1c009432 018483b3 add              x7, x9, x24          x7=1c002eb6  x9:1c002eb0 x24:00000006
27261235ns          480480 1c009436 02812e83 lw               x29, 40(x2)         x29=1c002ec6  x2:10001cd8  PA:10001d00
27261255ns          480481 1c009438 10065633 p.exthz          x12, x12, x0        x12=00000009 x12:00000009
27261275ns          480482 1c00943c e8028293 addi             x5, x5, -384         x5=1c002e80  x5:1c003000
27261295ns          480483 1c009440 ea058593 addi             x11, x11, -352      x11=1c002ea0 x11:1c003000
27261314ns          480484 1c009444 03812483 lw               x9, 56(x2)           x9=1c002ee6  x2:10001cd8  PA:10001d10
27261334ns          480485 1c009446 10064733 p.exths          x14, x12, x0        x14=00000009 x12:00000009
27261354ns          480486 1c00944a 018280b3 add              x1, x5, x24          x1=1c002e86  x5:1c002e80 x24:00000006
27261374ns          480487 1c00944e 03012f03 lw               x30, 48(x2)         x30=1c002ed6  x2:10001cd8  PA:10001d08
27261394ns          480488 1c009450 018582b3 add              x5, x11, x24         x5=1c002ea6 x11:1c002ea0 x24:00000006
27261414ns          480489 1c009454 04012583 lw               x11, 64(x2)         x11=1c002ef6  x2:10001cd8  PA:10001d18
27261434ns          480490 1c009456 000edd83 lhu              x27, 0(x29)         x27=00001781 x29:1c002ec6  PA:1c002ec6
27261752ns          480506 1c00945a 0004d483 lhu              x9, 0(x9)            x9=000001a8  x9:1c002ee6  PA:1c002ee6
27262050ns          480521 1c00945e 02e70333 mul              x6, x14, x14         x6=00000051 x14:00000009 x14:00000009
27262070ns          480522 1c009462 40a55513 srai             x10, x10, 0x40a     x10=00000000 x10:00000000
27262090ns          480523 1c009464 04812e83 lw               x29, 72(x2)         x29=1c002f06  x2:10001cd8  PA:10001d20
27262110ns          480524 1c009466 40a6d693 srai             x13, x13, 0x40a     x13=ffffffff x13:fffffe70
27262130ns          480525 1c009468 000f5d03 lhu              x26, 0(x30)         x26=00000563 x30:1c002ed6  PA:1c002ed6
27262488ns          480543 1c00946c 0005d583 lhu              x11, 0(x11)         x11=00000097 x11:1c002ef6  PA:1c002ef6
27262806ns          480559 1c009470 40a35313 srai             x6, x6, 0x40a        x6=00000000  x6:00000051
27262826ns          480560 1c009474 00a686b3 add              x13, x13, x10       x13=ffffffff x13:ffffffff x10:00000000
27262846ns          480561 1c009476 05012f03 lw               x30, 80(x2)         x30=1c002e76  x2:10001cd8  PA:10001d28
27262866ns          480562 1c009478 10034e33 p.exths          x28, x6, x0         x28=00000000  x6:00000000
27262886ns          480563 1c00947c 06911023 sh               x9, 96(x2)           x9:000001a8  x2:10001cd8  PA:10001d38
27262905ns          480564 1c009480 000ede83 lhu              x29, 0(x29)         x29=0000003c x29:1c002f06  PA:1c002f06
27263263ns          480582 1c009484 05812483 lw               x9, 88(x2)           x9=1c002e66  x2:10001cd8  PA:10001d30
27263283ns          480583 1c009486 1006d6b3 p.exthz          x13, x13, x0        x13=0000ffff x13:ffffffff
27263303ns          480584 1c00948a 02ee08b3 mul              x17, x28, x14       x17=00000000 x28:00000000 x14:00000009
27263323ns          480585 1c00948e 1006c833 p.exths          x16, x13, x0        x16=ffffffff x13:0000ffff
27263343ns          480586 1c009492 06b11823 sh               x11, 112(x2)        x11:00000097  x2:10001cd8  PA:10001d48
27263363ns          480587 1c009496 000f5f03 lhu              x30, 0(x30)         x30=0000feec x30:1c002e76  PA:1c002e76
27263681ns          480603 1c00949a 0a012583 lw               x11, 160(x2)        x11=1c002e96  x2:10001cd8  PA:10001d78
27263701ns          480604 1c00949c 1007d7b3 p.exthz          x15, x15, x0        x15=00000000 x15:00000000
27263721ns          480605 1c0094a0 0004da03 lhu              x20, 0(x9)          x20=0000faab  x9:1c002e66  PA:1c002e66
27264139ns          480626 1c0094a4 1007c533 p.exths          x10, x15, x0        x10=00000000 x15:00000000
27264158ns          480627 1c0094a8 09d11023 sh               x29, 128(x2)        x29:0000003c  x2:10001cd8  PA:10001d58
27264178ns          480628 1c0094ac 0003d483 lhu              x9, 0(x7)            x9=0000ffcb  x7:1c002eb6  PA:1c002eb6
27264477ns          480643 1c0094b0 02e80eb3 mul              x29, x16, x14       x29=fffffff7 x16:ffffffff x14:00000009
27264496ns          480644 1c0094b4 40a8d893 srai             x17, x17, 0x40a     x17=00000000 x17:00000000
27264516ns          480645 1c0094b8 03c80833 mul              x16, x16, x28       x16=00000000 x16:ffffffff x28:00000000
27264536ns          480646 1c0094bc 09e11823 sh               x30, 144(x2)        x30:0000feec  x2:10001cd8  PA:10001d68
27264556ns          480647 1c0094c0 0005d983 lhu              x19, 0(x11)         x19=0000ff9e x11:1c002e96  PA:1c002e96
27264854ns          480662 1c0094c4 81c88f5b p.muls           x30, x17, x28       x30=00000000 x17:00000000 x28:00000000
27264874ns          480663 1c0094c8 0002d583 lhu              x11, 0(x5)          x11=0000ff76  x5:1c002ea6  PA:1c002ea6
27265193ns          480679 1c0094cc 03ce0fb3 mul              x31, x28, x28       x31=00000000 x28:00000000 x28:00000000
27265212ns          480680 1c0094d0 02e50733 mul              x14, x10, x14       x14=00000000 x10:00000000 x14:00000009
27265232ns          480681 1c0094d4 40a85813 srai             x16, x16, 0x40a     x16=00000000 x16:00000000
27265252ns          480682 1c0094d8 03c50533 mul              x10, x10, x28       x10=00000000 x10:00000000 x28:00000000
27265272ns          480683 1c0094dc 07015e03 lhu              x28, 112(x2)        x28=00000097  x2:10001cd8  PA:10001d48
27265292ns          480684 1c0094e0 01b60633 add              x12, x12, x27       x12=0000178a x12:00000009 x27:00001781
27265312ns          480685 1c0094e2 00980833 add              x16, x16, x9        x16=0000ffcb x16:00000000  x9:0000ffcb
27265332ns          480686 1c0094e4 06015d83 lhu              x27, 96(x2)         x27=000001a8  x2:10001cd8  PA:10001d38
27265352ns          480687 1c0094e8 02812483 lw               x9, 40(x2)           x9=1c002ec6  x2:10001cd8  PA:10001d00
27265372ns          480688 1c0094ea 40afdf93 srai             x31, x31, 0x40a     x31=00000000 x31:00000000
27265391ns          480689 1c0094ee 40a55513 srai             x10, x10, 0x40a     x10=00000000 x10:00000000
27265411ns          480690 1c0094f0 01cf8fb3 add              x31, x31, x28       x31=00000097 x31:00000000 x28:00000097
27265431ns          480691 1c0094f2 00b50533 add              x10, x10, x11       x10=0000ff76 x10:00000000 x11:0000ff76
27265451ns          480692 1c0094f4 09015e03 lhu              x28, 144(x2)        x28=0000feec  x2:10001cd8  PA:10001d68
27265471ns          480693 1c0094f8 03012583 lw               x11, 48(x2)         x11=1c002ed6  x2:10001cd8  PA:10001d08
27265491ns          480694 1c0094fa 00c49023 sh               x12, 0(x9)          x12:0000178a  x9:1c002ec6  PA:1c002ec6
27265809ns          480710 1c0094fe 01b888b3 add              x17, x17, x27       x17=000001a8 x17:00000000 x27:000001a8
27265829ns          480711 1c009500 01a30333 add              x6, x6, x26          x6=00000563  x6:00000000 x26:00000563
27265849ns          480712 1c009502 08015d83 lhu              x27, 128(x2)        x27=0000003c  x2:10001cd8  PA:10001d58
27265869ns          480713 1c009506 0000d903 lhu              x18, 0(x1)          x18=0000fe8f  x1:1c002e86  PA:1c002e86
27266207ns          480730 1c00950a 01c686b3 add              x13, x13, x28       x13=0001feeb x13:0000ffff x28:0000feec
27266227ns          480731 1c00950c 00659023 sh               x6, 0(x11)           x6:00000563 x11:1c002ed6  PA:1c002ed6
27266545ns          480747 1c009510 40af5f13 srai             x30, x30, 0x40a     x30=00000000 x30:00000000
27266565ns          480748 1c009514 04812e03 lw               x28, 72(x2)         x28=1c002f06  x2:10001cd8  PA:10001d20
27266585ns          480749 1c009516 01bf0f33 add              x30, x30, x27       x30=0000003c x30:00000000 x27:0000003c
27266605ns          480750 1c009518 40aede93 srai             x29, x29, 0x40a     x29=ffffffff x29:fffffff7
27266625ns          480751 1c00951c 40a75713 srai             x14, x14, 0x40a     x14=00000000 x14:00000000
27266644ns          480752 1c00951e 03812603 lw               x12, 56(x2)         x12=1c002ee6  x2:10001cd8  PA:10001d10
27266664ns          480753 1c009520 04012d83 lw               x27, 64(x2)         x27=1c002ef6  x2:10001cd8  PA:10001d18
27266684ns          480754 1c009522 01ee1023 sh               x30, 0(x28)         x30:0000003c x28:1c002f06  PA:1c002f06
27267002ns          480770 1c009526 05812483 lw               x9, 88(x2)           x9=1c002e66  x2:10001cd8  PA:10001d30
27267022ns          480771 1c009528 05012f03 lw               x30, 80(x2)         x30=1c002e76  x2:10001cd8  PA:10001d28
27267042ns          480772 1c00952a 0a012583 lw               x11, 160(x2)        x11=1c002e96  x2:10001cd8  PA:10001d78
27267062ns          480773 1c00952c 014787b3 add              x15, x15, x20       x15=0000faab x15:00000000 x20:0000faab
27267082ns          480774 1c00952e 013e8eb3 add              x29, x29, x19       x29=0000ff9d x29:ffffffff x19:0000ff9e
27267102ns          480775 1c009530 01270733 add              x14, x14, x18       x14=0000fe8f x14:00000000 x18:0000fe8f
27267122ns          480776 1c009532 00f49023 sh               x15, 0(x9)          x15:0000faab  x9:1c002e66  PA:1c002e66
27267460ns          480793 1c009536 01161023 sh               x17, 0(x12)         x17:000001a8 x12:1c002ee6  PA:1c002ee6
27267778ns          480809 1c00953a 01fd9023 sh               x31, 0(x27)         x31:00000097 x27:1c002ef6  PA:1c002ef6
27268096ns          480825 1c00953e 00df1023 sh               x13, 0(x30)         x13:0001feeb x30:1c002e76  PA:1c002e76
27268414ns          480841 1c009542 01d59023 sh               x29, 0(x11)         x29:0000ff9d x11:1c002e96  PA:1c002e96
27268753ns          480858 1c009546 00e09023 sh               x14, 0(x1)          x14:0000fe8f  x1:1c002e86  PA:1c002e86
27269071ns          480874 1c00954a 01039023 sh               x16, 0(x7)          x16:0000ffcb  x7:1c002eb6  PA:1c002eb6
27269409ns          480891 1c00954e 00a29023 sh               x10, 0(x5)          x10:0000ff76  x5:1c002ea6  PA:1c002ea6
27269747ns          480908 1c009552 008b0b13 addi             x22, x22, 8         x22=0000017b x22:00000173
27269767ns          480909 1c009554 1f300793 addi             x15, x0, 499        x15=000001f3
27269787ns          480910 1c009558 e767dae3 bge              x15, x22, -396      x15:000001f3 x22:0000017b
27269886ns          480915 1c0093cc 010c9a0b p.lh             x20, 16(x25!)       x20=000000d1 x25=1c00298e x25:1c00297e  PA:1c00297e
27270204ns          480931 1c0093d0 0104198b p.lh             x19, 16(x8!)        x19=00000273  x8=1c002156  x8:1c002146  PA:1c002146
27270503ns          480946 1c0093d4 2cc10513 addi             x10, x2, 716        x10=10001fa4  x2:10001cd8
27270523ns          480947 1c0093d6 010a990b p.lh             x18, 16(x21!)       x18=00000152 x21=1c001982 x21:1c001972  PA:1c001972
27270821ns          480962 1c0093da 010b948b p.lh             x9, 16(x23!)         x9=0000022d x23=1c0011b2 x23:1c0011a2  PA:1c0011a2
27271119ns          480977 1c0093de 2d411623 sh               x20, 716(x2)        x20:000000d1  x2:10001cd8  PA:10001fa4
27271139ns          480978 1c0093e2 2d311723 sh               x19, 718(x2)        x19:00000273  x2:10001cd8  PA:10001fa6
27271159ns          480979 1c0093e6 c33ff0ef jal              x1, -974             x1=1c0093e8
27271239ns          480983 1c009018 00051803 lh               x16, 0(x10)         x16=000000d1 x10:10001fa4  PA:10001fa4
27271278ns          480985 1c00901c 00251883 lh               x17, 2(x10)         x17=00000273 x10:10001fa4  PA:10001fa6
27271298ns          480986 1c009020 030806b3 mul              x13, x16, x16       x13=0000aaa1 x16:000000d1 x16:000000d1
27271318ns          480987 1c009024 03188633 mul              x12, x17, x17       x12=0005ffa9 x17:00000273 x17:00000273
27271338ns          480988 1c009028 40a65613 srai             x12, x12, 0x40a     x12=0000017f x12:0005ffa9
27271358ns          480989 1c00902a 40a6d693 srai             x13, x13, 0x40a     x13=0000002a x13:0000aaa1
27271378ns          480990 1c00902c 00c686b3 add              x13, x13, x12       x13=000001a9 x13:0000002a x12:0000017f
27271398ns          480991 1c00902e 1006c633 p.exths          x12, x13, x0        x12=000001a9 x13:000001a9
27271418ns          480992 1c009032 00855703 lhu              x14, 8(x10)         x14=0000ffd1 x10:10001fa4  PA:10001fac
27271437ns          480993 1c009036 00a55683 lhu              x13, 10(x10)        x13=0000ff6a x10:10001fa4  PA:10001fae
27271457ns          480994 1c00903a 02c60333 mul              x6, x12, x12         x6=0002c191 x12:000001a9 x12:000001a9
27271497ns          480996 1c00903e 00c55783 lhu              x15, 12(x10)        x15=0000ffe5 x10:10001fa4  PA:10001fb0
27271537ns          480998 1c009042 00e55583 lhu              x11, 14(x10)        x11=00000060 x10:10001fa4  PA:10001fb2
27271557ns          480999 1c009046 dea30333 p.extract        x6, x6, 15, 10       x6=000000b0  x6:0002c191
27271577ns          481000 1c00904a 80c7075b p.muls           x14, x14, x12       x14=ffffb1f9 x14:0000ffd1 x12:000001a9
27271597ns          481001 1c00904e 80c686db p.muls           x13, x13, x12       x13=ffff06fa x13:0000ff6a x12:000001a9
27271616ns          481002 1c009052 00455e83 lhu              x29, 4(x10)         x29=00000427 x10:10001fa4  PA:10001fa8
27271636ns          481003 1c009056 00655e03 lhu              x28, 6(x10)         x28=0000007f x10:10001fa4  PA:10001faa
27271656ns          481004 1c00905a 40a75713 srai             x14, x14, 0x40a     x14=ffffffec x14:ffffb1f9
27271676ns          481005 1c00905c 806787db p.muls           x15, x15, x6        x15=ffffed70 x15:0000ffe5  x6:000000b0
27271696ns          481006 1c009060 40a6d693 srai             x13, x13, 0x40a     x13=ffffffc1 x13:ffff06fa
27271716ns          481007 1c009062 8065865b p.muls           x12, x11, x6        x12=00004200 x11:00000060  x6:000000b0
27271736ns          481008 1c009066 40a7d793 srai             x15, x15, 0x40a     x15=fffffffb x15:ffffed70
27271756ns          481009 1c009068 40a65613 srai             x12, x12, 0x40a     x12=00000010 x12:00004200
27271776ns          481010 1c00906a 01d70733 add              x14, x14, x29       x14=00000413 x14:ffffffec x29:00000427
27271795ns          481011 1c00906c 01c686b3 add              x13, x13, x28       x13=00000040 x13:ffffffc1 x28:0000007f
27271815ns          481012 1c00906e 00c686b3 add              x13, x13, x12       x13=00000050 x13:00000040 x12:00000010
27271835ns          481013 1c009070 00f70733 add              x14, x14, x15       x14=0000040e x14:00000413 x15:fffffffb
27271855ns          481014 1c009072 100747b3 p.exths          x15, x14, x0        x15=0000040e x14:0000040e
27271875ns          481015 1c009076 1006c733 p.exths          x14, x13, x0        x14=00000050 x13:00000050
27271895ns          481016 1c00907a 03170633 mul              x12, x14, x17       x12=0000c3f0 x14:00000050 x17:00000273
27271915ns          481017 1c00907e 030786b3 mul              x13, x15, x16       x13=00034f6e x15:0000040e x16:000000d1
27271935ns          481018 1c009082 03070733 mul              x14, x14, x16       x14=00004150 x14:00000050 x16:000000d1
27271954ns          481019 1c009086 031787b3 mul              x15, x15, x17       x15=0009ee4a x15:0000040e x17:00000273
27271974ns          481020 1c00908a 40a6d693 srai             x13, x13, 0x40a     x13=000000d3 x13:00034f6e
27271994ns          481021 1c00908c 40a65613 srai             x12, x12, 0x40a     x12=00000030 x12:0000c3f0
27272014ns          481022 1c00908e 40a7d793 srai             x15, x15, 0x40a     x15=0000027b x15:0009ee4a
27272034ns          481023 1c009090 40a75713 srai             x14, x14, 0x40a     x14=00000010 x14:00004150
27272054ns          481024 1c009092 40c686b3 sub              x13, x13, x12       x13=000000a3 x13:000000d3 x12:00000030
27272074ns          481025 1c009094 00e787b3 add              x15, x15, x14       x15=0000028b x15:0000027b x14:00000010
27272094ns          481026 1c009096 00d51823 sh               x13, 16(x10)        x13:000000a3 x10:10001fa4  PA:10001fb4
27272114ns          481027 1c00909a 00f51923 sh               x15, 18(x10)        x15:0000028b x10:10001fa4  PA:10001fb6
27272133ns          481028 1c00909e 00008067 jalr             x0, x1, 0            x1:1c0093e8
27272173ns          481030 1c0093e8 2dc15583 lhu              x11, 732(x2)        x11=000000a3  x2:10001cd8  PA:10001fb4
27272193ns          481031 1c0093ec 2de15783 lhu              x15, 734(x2)        x15=0000028b  x2:10001cd8  PA:10001fb6
27272213ns          481032 1c0093f0 40b90933 sub              x18, x18, x11       x18=000000af x18:00000152 x11:000000a3
27272233ns          481033 1c0093f4 40f484b3 sub              x9, x9, x15          x9=ffffffa2  x9:0000022d x15:0000028b
27272253ns          481034 1c0093f6 100945b3 p.exths          x11, x18, x0        x11=000000af x18:000000af
27272273ns          481035 1c0093fa 1004c7b3 p.exths          x15, x9, x0         x15=ffffffa2  x9:ffffffa2
27272293ns          481036 1c0093fe 034586b3 mul              x13, x11, x20       x13=00008edf x11:000000af x20:000000d1
27272312ns          481037 1c009402 03378533 mul              x10, x15, x19       x10=ffff19c6 x15:ffffffa2 x19:00000273
27272332ns          481038 1c009406 034a0633 mul              x12, x20, x20       x12=0000aaa1 x20:000000d1 x20:000000d1
27272352ns          481039 1c00940a 03398733 mul              x14, x19, x19       x14=0005ffa9 x19:00000273 x19:00000273
27272412ns          481042 1c00940e 034787b3 mul              x15, x15, x20       x15=ffffb342 x15:ffffffa2 x20:000000d1
27272452ns          481044 1c009412 033585b3 mul              x11, x11, x19       x11=0001ac9d x11:000000af x19:00000273
27272472ns          481045 1c009416 40a75713 srai             x14, x14, 0x40a     x14=0000017f x14:0005ffa9
27272491ns          481046 1c009418 40a5d593 srai             x11, x11, 0x40a     x11=0000006b x11:0001ac9d
27272511ns          481047 1c00941a 40a65613 srai             x12, x12, 0x40a     x12=0000002a x12:0000aaa1
27272531ns          481048 1c00941c 40a7d793 srai             x15, x15, 0x40a     x15=ffffffec x15:ffffb342
27272551ns          481049 1c00941e 1c0034b7 lui              x9, 0x1c003000       x9=1c003000
27272571ns          481050 1c009422 00e60633 add              x12, x12, x14       x12=000001a9 x12:0000002a x14:0000017f
27272591ns          481051 1c009424 40b787b3 sub              x15, x15, x11       x15=ffffff81 x15:ffffffec x11:0000006b
27272611ns          481052 1c009426 eb048493 addi             x9, x9, -336         x9=1c002eb0  x9:1c003000
27272631ns          481053 1c00942a 1c0032b7 lui              x5, 0x1c003000       x5=1c003000
27272651ns          481054 1c00942e 1c0035b7 lui              x11, 0x1c003000     x11=1c003000
27272670ns          481055 1c009432 018483b3 add              x7, x9, x24          x7=1c002eb6  x9:1c002eb0 x24:00000006
27272690ns          481056 1c009436 02812e83 lw               x29, 40(x2)         x29=1c002ec6  x2:10001cd8  PA:10001d00
27272710ns          481057 1c009438 10065633 p.exthz          x12, x12, x0        x12=000001a9 x12:000001a9
27272730ns          481058 1c00943c e8028293 addi             x5, x5, -384         x5=1c002e80  x5:1c003000
27272750ns          481059 1c009440 ea058593 addi             x11, x11, -352      x11=1c002ea0 x11:1c003000
27272770ns          481060 1c009444 03812483 lw               x9, 56(x2)           x9=1c002ee6  x2:10001cd8  PA:10001d10
27272790ns          481061 1c009446 10064733 p.exths          x14, x12, x0        x14=000001a9 x12:000001a9
27272810ns          481062 1c00944a 018280b3 add              x1, x5, x24          x1=1c002e86  x5:1c002e80 x24:00000006
27272830ns          481063 1c00944e 03012f03 lw               x30, 48(x2)         x30=1c002ed6  x2:10001cd8  PA:10001d08
27272849ns          481064 1c009450 018582b3 add              x5, x11, x24         x5=1c002ea6 x11:1c002ea0 x24:00000006
27272869ns          481065 1c009454 04012583 lw               x11, 64(x2)         x11=1c002ef6  x2:10001cd8  PA:10001d18
27272889ns          481066 1c009456 000edd83 lhu              x27, 0(x29)         x27=0000178a x29:1c002ec6  PA:1c002ec6
27273188ns          481081 1c00945a 0004d483 lhu              x9, 0(x9)            x9=000001a8  x9:1c002ee6  PA:1c002ee6
27273526ns          481098 1c00945e 02e70333 mul              x6, x14, x14         x6=0002c191 x14:000001a9 x14:000001a9
27273546ns          481099 1c009462 40a55513 srai             x10, x10, 0x40a     x10=ffffffc6 x10:ffff19c6
27273565ns          481100 1c009464 04812e83 lw               x29, 72(x2)         x29=1c002f06  x2:10001cd8  PA:10001d20
27273585ns          481101 1c009466 40a6d693 srai             x13, x13, 0x40a     x13=00000023 x13:00008edf
27273605ns          481102 1c009468 000f5d03 lhu              x26, 0(x30)         x26=00000563 x30:1c002ed6  PA:1c002ed6
27273904ns          481117 1c00946c 0005d583 lhu              x11, 0(x11)         x11=00000097 x11:1c002ef6  PA:1c002ef6
27274222ns          481133 1c009470 40a35313 srai             x6, x6, 0x40a        x6=000000b0  x6:0002c191
27274242ns          481134 1c009474 00a686b3 add              x13, x13, x10       x13=ffffffe9 x13:00000023 x10:ffffffc6
27274262ns          481135 1c009476 05012f03 lw               x30, 80(x2)         x30=1c002e76  x2:10001cd8  PA:10001d28
27274281ns          481136 1c009478 10034e33 p.exths          x28, x6, x0         x28=000000b0  x6:000000b0
27274301ns          481137 1c00947c 06911023 sh               x9, 96(x2)           x9:000001a8  x2:10001cd8  PA:10001d38
27274321ns          481138 1c009480 000ede83 lhu              x29, 0(x29)         x29=0000003c x29:1c002f06  PA:1c002f06
27274619ns          481153 1c009484 05812483 lw               x9, 88(x2)           x9=1c002e66  x2:10001cd8  PA:10001d30
27274639ns          481154 1c009486 1006d6b3 p.exthz          x13, x13, x0        x13=0000ffe9 x13:ffffffe9
27274659ns          481155 1c00948a 02ee08b3 mul              x17, x28, x14       x17=00012430 x28:000000b0 x14:000001a9
27274679ns          481156 1c00948e 1006c833 p.exths          x16, x13, x0        x16=ffffffe9 x13:0000ffe9
27274699ns          481157 1c009492 06b11823 sh               x11, 112(x2)        x11:00000097  x2:10001cd8  PA:10001d48
27274719ns          481158 1c009496 000f5f03 lhu              x30, 0(x30)         x30=0000feeb x30:1c002e76  PA:1c002e76
27275017ns          481173 1c00949a 0a012583 lw               x11, 160(x2)        x11=1c002e96  x2:10001cd8  PA:10001d78
27275037ns          481174 1c00949c 1007d7b3 p.exthz          x15, x15, x0        x15=0000ff81 x15:ffffff81
27275057ns          481175 1c0094a0 0004da03 lhu              x20, 0(x9)          x20=0000faab  x9:1c002e66  PA:1c002e66
27275495ns          481197 1c0094a4 1007c533 p.exths          x10, x15, x0        x10=ffffff81 x15:0000ff81
27275514ns          481198 1c0094a8 09d11023 sh               x29, 128(x2)        x29:0000003c  x2:10001cd8  PA:10001d58
27275534ns          481199 1c0094ac 0003d483 lhu              x9, 0(x7)            x9=0000ffcb  x7:1c002eb6  PA:1c002eb6
27275872ns          481216 1c0094b0 02e80eb3 mul              x29, x16, x14       x29=ffffd9d1 x16:ffffffe9 x14:000001a9
27275892ns          481217 1c0094b4 40a8d893 srai             x17, x17, 0x40a     x17=00000049 x17:00012430
27275912ns          481218 1c0094b8 03c80833 mul              x16, x16, x28       x16=fffff030 x16:ffffffe9 x28:000000b0
27275932ns          481219 1c0094bc 09e11823 sh               x30, 144(x2)        x30:0000feeb  x2:10001cd8  PA:10001d68
27275952ns          481220 1c0094c0 0005d983 lhu              x19, 0(x11)         x19=0000ff9d x11:1c002e96  PA:1c002e96
27276250ns          481235 1c0094c4 81c88f5b p.muls           x30, x17, x28       x30=00003230 x17:00000049 x28:000000b0
27276270ns          481236 1c0094c8 0002d583 lhu              x11, 0(x5)          x11=0000ff76  x5:1c002ea6  PA:1c002ea6
27276569ns          481251 1c0094cc 03ce0fb3 mul              x31, x28, x28       x31=00007900 x28:000000b0 x28:000000b0
27276588ns          481252 1c0094d0 02e50733 mul              x14, x10, x14       x14=ffff2d29 x10:ffffff81 x14:000001a9
27276608ns          481253 1c0094d4 40a85813 srai             x16, x16, 0x40a     x16=fffffffc x16:fffff030
27276628ns          481254 1c0094d8 03c50533 mul              x10, x10, x28       x10=ffffa8b0 x10:ffffff81 x28:000000b0
27276648ns          481255 1c0094dc 07015e03 lhu              x28, 112(x2)        x28=00000097  x2:10001cd8  PA:10001d48
27276688ns          481257 1c0094e0 01b60633 add              x12, x12, x27       x12=00001933 x12:000001a9 x27:0000178a
27276708ns          481258 1c0094e2 00980833 add              x16, x16, x9        x16=0000ffc7 x16:fffffffc  x9:0000ffcb
27276728ns          481259 1c0094e4 06015d83 lhu              x27, 96(x2)         x27=000001a8  x2:10001cd8  PA:10001d38
27276748ns          481260 1c0094e8 02812483 lw               x9, 40(x2)           x9=1c002ec6  x2:10001cd8  PA:10001d00
27276767ns          481261 1c0094ea 40afdf93 srai             x31, x31, 0x40a     x31=0000001e x31:00007900
27276787ns          481262 1c0094ee 40a55513 srai             x10, x10, 0x40a     x10=ffffffea x10:ffffa8b0
27276807ns          481263 1c0094f0 01cf8fb3 add              x31, x31, x28       x31=000000b5 x31:0000001e x28:00000097
27276827ns          481264 1c0094f2 00b50533 add              x10, x10, x11       x10=0000ff60 x10:ffffffea x11:0000ff76
27276847ns          481265 1c0094f4 09015e03 lhu              x28, 144(x2)        x28=0000feeb  x2:10001cd8  PA:10001d68
27276867ns          481266 1c0094f8 03012583 lw               x11, 48(x2)         x11=1c002ed6  x2:10001cd8  PA:10001d08
27276887ns          481267 1c0094fa 00c49023 sh               x12, 0(x9)          x12:00001933  x9:1c002ec6  PA:1c002ec6
27277225ns          481284 1c0094fe 01b888b3 add              x17, x17, x27       x17=000001f1 x17:00000049 x27:000001a8
27277245ns          481285 1c009500 01a30333 add              x6, x6, x26          x6=00000613  x6:000000b0 x26:00000563
27277265ns          481286 1c009502 08015d83 lhu              x27, 128(x2)        x27=0000003c  x2:10001cd8  PA:10001d58
27277284ns          481287 1c009506 0000d903 lhu              x18, 0(x1)          x18=0000fe8f  x1:1c002e86  PA:1c002e86
27277603ns          481303 1c00950a 01c686b3 add              x13, x13, x28       x13=0001fed4 x13:0000ffe9 x28:0000feeb
27277623ns          481304 1c00950c 00659023 sh               x6, 0(x11)           x6:00000613 x11:1c002ed6  PA:1c002ed6
27278020ns          481324 1c009510 40af5f13 srai             x30, x30, 0x40a     x30=0000000c x30:00003230
27278040ns          481325 1c009514 04812e03 lw               x28, 72(x2)         x28=1c002f06  x2:10001cd8  PA:10001d20
27278060ns          481326 1c009516 01bf0f33 add              x30, x30, x27       x30=00000048 x30:0000000c x27:0000003c
27278080ns          481327 1c009518 40aede93 srai             x29, x29, 0x40a     x29=fffffff6 x29:ffffd9d1
27278100ns          481328 1c00951c 40a75713 srai             x14, x14, 0x40a     x14=ffffffcb x14:ffff2d29
27278120ns          481329 1c00951e 03812603 lw               x12, 56(x2)         x12=1c002ee6  x2:10001cd8  PA:10001d10
27278140ns          481330 1c009520 04012d83 lw               x27, 64(x2)         x27=1c002ef6  x2:10001cd8  PA:10001d18
27278160ns          481331 1c009522 01ee1023 sh               x30, 0(x28)         x30:00000048 x28:1c002f06  PA:1c002f06
27278478ns          481347 1c009526 05812483 lw               x9, 88(x2)           x9=1c002e66  x2:10001cd8  PA:10001d30
27278498ns          481348 1c009528 05012f03 lw               x30, 80(x2)         x30=1c002e76  x2:10001cd8  PA:10001d28
27278518ns          481349 1c00952a 0a012583 lw               x11, 160(x2)        x11=1c002e96  x2:10001cd8  PA:10001d78
27278537ns          481350 1c00952c 014787b3 add              x15, x15, x20       x15=0001fa2c x15:0000ff81 x20:0000faab
27278557ns          481351 1c00952e 013e8eb3 add              x29, x29, x19       x29=0000ff93 x29:fffffff6 x19:0000ff9d
27278577ns          481352 1c009530 01270733 add              x14, x14, x18       x14=0000fe5a x14:ffffffcb x18:0000fe8f
27278597ns          481353 1c009532 00f49023 sh               x15, 0(x9)          x15:0001fa2c  x9:1c002e66  PA:1c002e66
27278915ns          481369 1c009536 01161023 sh               x17, 0(x12)         x17:000001f1 x12:1c002ee6  PA:1c002ee6
27279234ns          481385 1c00953a 01fd9023 sh               x31, 0(x27)         x31:000000b5 x27:1c002ef6  PA:1c002ef6
27279552ns          481401 1c00953e 00df1023 sh               x13, 0(x30)         x13:0001fed4 x30:1c002e76  PA:1c002e76
27279870ns          481417 1c009542 01d59023 sh               x29, 0(x11)         x29:0000ff93 x11:1c002e96  PA:1c002e96
27280208ns          481434 1c009546 00e09023 sh               x14, 0(x1)          x14:0000fe5a  x1:1c002e86  PA:1c002e86
27280526ns          481450 1c00954a 01039023 sh               x16, 0(x7)          x16:0000ffc7  x7:1c002eb6  PA:1c002eb6
27280844ns          481466 1c00954e 00a29023 sh               x10, 0(x5)          x10:0000ff60  x5:1c002ea6  PA:1c002ea6
27281163ns          481482 1c009552 008b0b13 addi             x22, x22, 8         x22=00000183 x22:0000017b
27281183ns          481483 1c009554 1f300793 addi             x15, x0, 499        x15=000001f3
27281202ns          481484 1c009558 e767dae3 bge              x15, x22, -396      x15:000001f3 x22:00000183
27281302ns          481489 1c0093cc 010c9a0b p.lh             x20, 16(x25!)       x20=ffffffaf x25=1c00299e x25:1c00298e  PA:1c00298e
27281640ns          481506 1c0093d0 0104198b p.lh             x19, 16(x8!)        x19=fffffddf  x8=1c002166  x8:1c002156  PA:1c002156
27281958ns          481522 1c0093d4 2cc10513 addi             x10, x2, 716        x10=10001fa4  x2:10001cd8
27281978ns          481523 1c0093d6 010a990b p.lh             x18, 16(x21!)       x18=ffffff56 x21=1c001992 x21:1c001982  PA:1c001982
27282296ns          481539 1c0093da 010b948b p.lh             x9, 16(x23!)         x9=fffffdfa x23=1c0011c2 x23:1c0011b2  PA:1c0011b2
27282595ns          481554 1c0093de 2d411623 sh               x20, 716(x2)        x20:ffffffaf  x2:10001cd8  PA:10001fa4
27282614ns          481555 1c0093e2 2d311723 sh               x19, 718(x2)        x19:fffffddf  x2:10001cd8  PA:10001fa6
27282634ns          481556 1c0093e6 c33ff0ef jal              x1, -974             x1=1c0093e8
27282674ns          481558 1c009018 00051803 lh               x16, 0(x10)         x16=ffffffaf x10:10001fa4  PA:10001fa4
27282694ns          481559 1c00901c 00251883 lh               x17, 2(x10)         x17=fffffddf x10:10001fa4  PA:10001fa6
27282714ns          481560 1c009020 030806b3 mul              x13, x16, x16       x13=000019a1 x16:ffffffaf x16:ffffffaf
27282734ns          481561 1c009024 03188633 mul              x12, x17, x17       x12=00048841 x17:fffffddf x17:fffffddf
27282754ns          481562 1c009028 40a65613 srai             x12, x12, 0x40a     x12=00000122 x12:00048841
27282774ns          481563 1c00902a 40a6d693 srai             x13, x13, 0x40a     x13=00000006 x13:000019a1
27282793ns          481564 1c00902c 00c686b3 add              x13, x13, x12       x13=00000128 x13:00000006 x12:00000122
27282813ns          481565 1c00902e 1006c633 p.exths          x12, x13, x0        x12=00000128 x13:00000128
27282833ns          481566 1c009032 00855703 lhu              x14, 8(x10)         x14=0000ffd1 x10:10001fa4  PA:10001fac
27282853ns          481567 1c009036 00a55683 lhu              x13, 10(x10)        x13=0000ff6a x10:10001fa4  PA:10001fae
27282873ns          481568 1c00903a 02c60333 mul              x6, x12, x12         x6=00015640 x12:00000128 x12:00000128
27282893ns          481569 1c00903e 00c55783 lhu              x15, 12(x10)        x15=0000ffe5 x10:10001fa4  PA:10001fb0
27282913ns          481570 1c009042 00e55583 lhu              x11, 14(x10)        x11=00000060 x10:10001fa4  PA:10001fb2
27282933ns          481571 1c009046 dea30333 p.extract        x6, x6, 15, 10       x6=00000055  x6:00015640
27282953ns          481572 1c00904a 80c7075b p.muls           x14, x14, x12       x14=ffffc9a8 x14:0000ffd1 x12:00000128
27282972ns          481573 1c00904e 80c686db p.muls           x13, x13, x12       x13=ffff5290 x13:0000ff6a x12:00000128
27282992ns          481574 1c009052 00455e83 lhu              x29, 4(x10)         x29=00000427 x10:10001fa4  PA:10001fa8
27283012ns          481575 1c009056 00655e03 lhu              x28, 6(x10)         x28=0000007f x10:10001fa4  PA:10001faa
27283032ns          481576 1c00905a 40a75713 srai             x14, x14, 0x40a     x14=fffffff2 x14:ffffc9a8
27283052ns          481577 1c00905c 806787db p.muls           x15, x15, x6        x15=fffff709 x15:0000ffe5  x6:00000055
27283072ns          481578 1c009060 40a6d693 srai             x13, x13, 0x40a     x13=ffffffd4 x13:ffff5290
27283112ns          481580 1c009062 8065865b p.muls           x12, x11, x6        x12=00001fe0 x11:00000060  x6:00000055
27283132ns          481581 1c009066 40a7d793 srai             x15, x15, 0x40a     x15=fffffffd x15:fffff709
27283151ns          481582 1c009068 40a65613 srai             x12, x12, 0x40a     x12=00000007 x12:00001fe0
27283171ns          481583 1c00906a 01d70733 add              x14, x14, x29       x14=00000419 x14:fffffff2 x29:00000427
27283191ns          481584 1c00906c 01c686b3 add              x13, x13, x28       x13=00000053 x13:ffffffd4 x28:0000007f
27283211ns          481585 1c00906e 00c686b3 add              x13, x13, x12       x13=0000005a x13:00000053 x12:00000007
27283231ns          481586 1c009070 00f70733 add              x14, x14, x15       x14=00000416 x14:00000419 x15:fffffffd
27283251ns          481587 1c009072 100747b3 p.exths          x15, x14, x0        x15=00000416 x14:00000416
27283271ns          481588 1c009076 1006c733 p.exths          x14, x13, x0        x14=0000005a x13:0000005a
27283291ns          481589 1c00907a 03170633 mul              x12, x14, x17       x12=ffff4066 x14:0000005a x17:fffffddf
27283311ns          481590 1c00907e 030786b3 mul              x13, x15, x16       x13=fffeb50a x15:00000416 x16:ffffffaf
27283330ns          481591 1c009082 03070733 mul              x14, x14, x16       x14=ffffe386 x14:0000005a x16:ffffffaf
27283350ns          481592 1c009086 031787b3 mul              x15, x15, x17       x15=fff74d2a x15:00000416 x17:fffffddf
27283370ns          481593 1c00908a 40a6d693 srai             x13, x13, 0x40a     x13=ffffffad x13:fffeb50a
27283390ns          481594 1c00908c 40a65613 srai             x12, x12, 0x40a     x12=ffffffd0 x12:ffff4066
27283410ns          481595 1c00908e 40a7d793 srai             x15, x15, 0x40a     x15=fffffdd3 x15:fff74d2a
27283430ns          481596 1c009090 40a75713 srai             x14, x14, 0x40a     x14=fffffff8 x14:ffffe386
27283450ns          481597 1c009092 40c686b3 sub              x13, x13, x12       x13=ffffffdd x13:ffffffad x12:ffffffd0
27283470ns          481598 1c009094 00e787b3 add              x15, x15, x14       x15=fffffdcb x15:fffffdd3 x14:fffffff8
27283490ns          481599 1c009096 00d51823 sh               x13, 16(x10)        x13:ffffffdd x10:10001fa4  PA:10001fb4
27283509ns          481600 1c00909a 00f51923 sh               x15, 18(x10)        x15:fffffdcb x10:10001fa4  PA:10001fb6
27283529ns          481601 1c00909e 00008067 jalr             x0, x1, 0            x1:1c0093e8
27283609ns          481605 1c0093e8 2dc15583 lhu              x11, 732(x2)        x11=0000ffdd  x2:10001cd8  PA:10001fb4
27283629ns          481606 1c0093ec 2de15783 lhu              x15, 734(x2)        x15=0000fdcb  x2:10001cd8  PA:10001fb6
27283649ns          481607 1c0093f0 40b90933 sub              x18, x18, x11       x18=fffeff79 x18:ffffff56 x11:0000ffdd
27283669ns          481608 1c0093f4 40f484b3 sub              x9, x9, x15          x9=ffff002f  x9:fffffdfa x15:0000fdcb
27283688ns          481609 1c0093f6 100945b3 p.exths          x11, x18, x0        x11=ffffff79 x18:fffeff79
27283708ns          481610 1c0093fa 1004c7b3 p.exths          x15, x9, x0         x15=0000002f  x9:ffff002f
27283728ns          481611 1c0093fe 034586b3 mul              x13, x11, x20       x13=00002ab7 x11:ffffff79 x20:ffffffaf
27283748ns          481612 1c009402 03378533 mul              x10, x15, x19       x10=ffff9bf1 x15:0000002f x19:fffffddf
27283768ns          481613 1c009406 034a0633 mul              x12, x20, x20       x12=000019a1 x20:ffffffaf x20:ffffffaf
27283788ns          481614 1c00940a 03398733 mul              x14, x19, x19       x14=00048841 x19:fffffddf x19:fffffddf
27283808ns          481615 1c00940e 034787b3 mul              x15, x15, x20       x15=fffff121 x15:0000002f x20:ffffffaf
27283828ns          481616 1c009412 033585b3 mul              x11, x11, x19       x11=00011f67 x11:ffffff79 x19:fffffddf
27283848ns          481617 1c009416 40a75713 srai             x14, x14, 0x40a     x14=00000122 x14:00048841
27283867ns          481618 1c009418 40a5d593 srai             x11, x11, 0x40a     x11=00000047 x11:00011f67
27283887ns          481619 1c00941a 40a65613 srai             x12, x12, 0x40a     x12=00000006 x12:000019a1
27283907ns          481620 1c00941c 40a7d793 srai             x15, x15, 0x40a     x15=fffffffc x15:fffff121
27283927ns          481621 1c00941e 1c0034b7 lui              x9, 0x1c003000       x9=1c003000
27283947ns          481622 1c009422 00e60633 add              x12, x12, x14       x12=00000128 x12:00000006 x14:00000122
27283967ns          481623 1c009424 40b787b3 sub              x15, x15, x11       x15=ffffffb5 x15:fffffffc x11:00000047
27283987ns          481624 1c009426 eb048493 addi             x9, x9, -336         x9=1c002eb0  x9:1c003000
27284007ns          481625 1c00942a 1c0032b7 lui              x5, 0x1c003000       x5=1c003000
27284027ns          481626 1c00942e 1c0035b7 lui              x11, 0x1c003000     x11=1c003000
27284046ns          481627 1c009432 018483b3 add              x7, x9, x24          x7=1c002eb6  x9:1c002eb0 x24:00000006
27284066ns          481628 1c009436 02812e83 lw               x29, 40(x2)         x29=1c002ec6  x2:10001cd8  PA:10001d00
27284086ns          481629 1c009438 10065633 p.exthz          x12, x12, x0        x12=00000128 x12:00000128
27284106ns          481630 1c00943c e8028293 addi             x5, x5, -384         x5=1c002e80  x5:1c003000
27284126ns          481631 1c009440 ea058593 addi             x11, x11, -352      x11=1c002ea0 x11:1c003000
27284166ns          481633 1c009444 03812483 lw               x9, 56(x2)           x9=1c002ee6  x2:10001cd8  PA:10001d10
27284186ns          481634 1c009446 10064733 p.exths          x14, x12, x0        x14=00000128 x12:00000128
27284206ns          481635 1c00944a 018280b3 add              x1, x5, x24          x1=1c002e86  x5:1c002e80 x24:00000006
27284225ns          481636 1c00944e 03012f03 lw               x30, 48(x2)         x30=1c002ed6  x2:10001cd8  PA:10001d08
27284245ns          481637 1c009450 018582b3 add              x5, x11, x24         x5=1c002ea6 x11:1c002ea0 x24:00000006
27284265ns          481638 1c009454 04012583 lw               x11, 64(x2)         x11=1c002ef6  x2:10001cd8  PA:10001d18
27284285ns          481639 1c009456 000edd83 lhu              x27, 0(x29)         x27=00001933 x29:1c002ec6  PA:1c002ec6
27284603ns          481655 1c00945a 0004d483 lhu              x9, 0(x9)            x9=000001f1  x9:1c002ee6  PA:1c002ee6
27284902ns          481670 1c00945e 02e70333 mul              x6, x14, x14         x6=00015640 x14:00000128 x14:00000128
27284921ns          481671 1c009462 40a55513 srai             x10, x10, 0x40a     x10=ffffffe6 x10:ffff9bf1
27284941ns          481672 1c009464 04812e83 lw               x29, 72(x2)         x29=1c002f06  x2:10001cd8  PA:10001d20
27284961ns          481673 1c009466 40a6d693 srai             x13, x13, 0x40a     x13=0000000a x13:00002ab7
27284981ns          481674 1c009468 000f5d03 lhu              x26, 0(x30)         x26=00000613 x30:1c002ed6  PA:1c002ed6
27285279ns          481689 1c00946c 0005d583 lhu              x11, 0(x11)         x11=000000b5 x11:1c002ef6  PA:1c002ef6
27285598ns          481705 1c009470 40a35313 srai             x6, x6, 0x40a        x6=00000055  x6:00015640
27285618ns          481706 1c009474 00a686b3 add              x13, x13, x10       x13=fffffff0 x13:0000000a x10:ffffffe6
27285637ns          481707 1c009476 05012f03 lw               x30, 80(x2)         x30=1c002e76  x2:10001cd8  PA:10001d28
27285657ns          481708 1c009478 10034e33 p.exths          x28, x6, x0         x28=00000055  x6:00000055
27285677ns          481709 1c00947c 06911023 sh               x9, 96(x2)           x9:000001f1  x2:10001cd8  PA:10001d38
27285697ns          481710 1c009480 000ede83 lhu              x29, 0(x29)         x29=00000048 x29:1c002f06  PA:1c002f06
27286035ns          481727 1c009484 05812483 lw               x9, 88(x2)           x9=1c002e66  x2:10001cd8  PA:10001d30
27286055ns          481728 1c009486 1006d6b3 p.exthz          x13, x13, x0        x13=0000fff0 x13:fffffff0
27286075ns          481729 1c00948a 02ee08b3 mul              x17, x28, x14       x17=00006248 x28:00000055 x14:00000128
27286095ns          481730 1c00948e 1006c833 p.exths          x16, x13, x0        x16=fffffff0 x13:0000fff0
27286115ns          481731 1c009492 06b11823 sh               x11, 112(x2)        x11:000000b5  x2:10001cd8  PA:10001d48
27286135ns          481732 1c009496 000f5f03 lhu              x30, 0(x30)         x30=0000fed4 x30:1c002e76  PA:1c002e76
27286473ns          481749 1c00949a 0a012583 lw               x11, 160(x2)        x11=1c002e96  x2:10001cd8  PA:10001d78
27286493ns          481750 1c00949c 1007d7b3 p.exthz          x15, x15, x0        x15=0000ffb5 x15:ffffffb5
27286513ns          481751 1c0094a0 0004da03 lhu              x20, 0(x9)          x20=0000fa2c  x9:1c002e66  PA:1c002e66
27286811ns          481766 1c0094a4 1007c533 p.exths          x10, x15, x0        x10=ffffffb5 x15:0000ffb5
27286831ns          481767 1c0094a8 09d11023 sh               x29, 128(x2)        x29:00000048  x2:10001cd8  PA:10001d58
27286851ns          481768 1c0094ac 0003d483 lhu              x9, 0(x7)            x9=0000ffc7  x7:1c002eb6  PA:1c002eb6
27287149ns          481783 1c0094b0 02e80eb3 mul              x29, x16, x14       x29=ffffed80 x16:fffffff0 x14:00000128
27287169ns          481784 1c0094b4 40a8d893 srai             x17, x17, 0x40a     x17=00000018 x17:00006248
27287189ns          481785 1c0094b8 03c80833 mul              x16, x16, x28       x16=fffffab0 x16:fffffff0 x28:00000055
27287209ns          481786 1c0094bc 09e11823 sh               x30, 144(x2)        x30:0000fed4  x2:10001cd8  PA:10001d68
27287228ns          481787 1c0094c0 0005d983 lhu              x19, 0(x11)         x19=0000ff93 x11:1c002e96  PA:1c002e96
27287527ns          481802 1c0094c4 81c88f5b p.muls           x30, x17, x28       x30=000007f8 x17:00000018 x28:00000055
27287547ns          481803 1c0094c8 0002d583 lhu              x11, 0(x5)          x11=0000ff60  x5:1c002ea6  PA:1c002ea6
27287885ns          481820 1c0094cc 03ce0fb3 mul              x31, x28, x28       x31=00001c39 x28:00000055 x28:00000055
27287905ns          481821 1c0094d0 02e50733 mul              x14, x10, x14       x14=ffffa948 x10:ffffffb5 x14:00000128
27287925ns          481822 1c0094d4 40a85813 srai             x16, x16, 0x40a     x16=fffffffe x16:fffffab0
27287944ns          481823 1c0094d8 03c50533 mul              x10, x10, x28       x10=ffffe719 x10:ffffffb5 x28:00000055
27287964ns          481824 1c0094dc 07015e03 lhu              x28, 112(x2)        x28=000000b5  x2:10001cd8  PA:10001d48
27288004ns          481826 1c0094e0 01b60633 add              x12, x12, x27       x12=00001a5b x12:00000128 x27:00001933
27288024ns          481827 1c0094e2 00980833 add              x16, x16, x9        x16=0000ffc5 x16:fffffffe  x9:0000ffc7
27288044ns          481828 1c0094e4 06015d83 lhu              x27, 96(x2)         x27=000001f1  x2:10001cd8  PA:10001d38
27288064ns          481829 1c0094e8 02812483 lw               x9, 40(x2)           x9=1c002ec6  x2:10001cd8  PA:10001d00
27288084ns          481830 1c0094ea 40afdf93 srai             x31, x31, 0x40a     x31=00000007 x31:00001c39
27288104ns          481831 1c0094ee 40a55513 srai             x10, x10, 0x40a     x10=fffffff9 x10:ffffe719
27288123ns          481832 1c0094f0 01cf8fb3 add              x31, x31, x28       x31=000000bc x31:00000007 x28:000000b5
27288143ns          481833 1c0094f2 00b50533 add              x10, x10, x11       x10=0000ff59 x10:fffffff9 x11:0000ff60
27288163ns          481834 1c0094f4 09015e03 lhu              x28, 144(x2)        x28=0000fed4  x2:10001cd8  PA:10001d68
27288183ns          481835 1c0094f8 03012583 lw               x11, 48(x2)         x11=1c002ed6  x2:10001cd8  PA:10001d08
27288203ns          481836 1c0094fa 00c49023 sh               x12, 0(x9)          x12:00001a5b  x9:1c002ec6  PA:1c002ec6
27288541ns          481853 1c0094fe 01b888b3 add              x17, x17, x27       x17=00000209 x17:00000018 x27:000001f1
27288561ns          481854 1c009500 01a30333 add              x6, x6, x26          x6=00000668  x6:00000055 x26:00000613
27288581ns          481855 1c009502 08015d83 lhu              x27, 128(x2)        x27=00000048  x2:10001cd8  PA:10001d58
27288621ns          481857 1c009506 0000d903 lhu              x18, 0(x1)          x18=0000fe5a  x1:1c002e86  PA:1c002e86
27288939ns          481873 1c00950a 01c686b3 add              x13, x13, x28       x13=0001fec4 x13:0000fff0 x28:0000fed4
27288959ns          481874 1c00950c 00659023 sh               x6, 0(x11)           x6:00000668 x11:1c002ed6  PA:1c002ed6
27289277ns          481890 1c009510 40af5f13 srai             x30, x30, 0x40a     x30=00000001 x30:000007f8
27289297ns          481891 1c009514 04812e03 lw               x28, 72(x2)         x28=1c002f06  x2:10001cd8  PA:10001d20
27289317ns          481892 1c009516 01bf0f33 add              x30, x30, x27       x30=00000049 x30:00000001 x27:00000048
27289337ns          481893 1c009518 40aede93 srai             x29, x29, 0x40a     x29=fffffffb x29:ffffed80
27289356ns          481894 1c00951c 40a75713 srai             x14, x14, 0x40a     x14=ffffffea x14:ffffa948
27289376ns          481895 1c00951e 03812603 lw               x12, 56(x2)         x12=1c002ee6  x2:10001cd8  PA:10001d10
27289396ns          481896 1c009520 04012d83 lw               x27, 64(x2)         x27=1c002ef6  x2:10001cd8  PA:10001d18
27289416ns          481897 1c009522 01ee1023 sh               x30, 0(x28)         x30:00000049 x28:1c002f06  PA:1c002f06
27289754ns          481914 1c009526 05812483 lw               x9, 88(x2)           x9=1c002e66  x2:10001cd8  PA:10001d30
27289774ns          481915 1c009528 05012f03 lw               x30, 80(x2)         x30=1c002e76  x2:10001cd8  PA:10001d28
27289794ns          481916 1c00952a 0a012583 lw               x11, 160(x2)        x11=1c002e96  x2:10001cd8  PA:10001d78
27289814ns          481917 1c00952c 014787b3 add              x15, x15, x20       x15=0001f9e1 x15:0000ffb5 x20:0000fa2c
27289834ns          481918 1c00952e 013e8eb3 add              x29, x29, x19       x29=0000ff8e x29:fffffffb x19:0000ff93
27289854ns          481919 1c009530 01270733 add              x14, x14, x18       x14=0000fe44 x14:ffffffea x18:0000fe5a
27289874ns          481920 1c009532 00f49023 sh               x15, 0(x9)          x15:0001f9e1  x9:1c002e66  PA:1c002e66
27290271ns          481940 1c009536 01161023 sh               x17, 0(x12)         x17:00000209 x12:1c002ee6  PA:1c002ee6
27290590ns          481956 1c00953a 01fd9023 sh               x31, 0(x27)         x31:000000bc x27:1c002ef6  PA:1c002ef6
27290908ns          481972 1c00953e 00df1023 sh               x13, 0(x30)         x13:0001fec4 x30:1c002e76  PA:1c002e76
27291266ns          481990 1c009542 01d59023 sh               x29, 0(x11)         x29:0000ff8e x11:1c002e96  PA:1c002e96
27291584ns          482006 1c009546 00e09023 sh               x14, 0(x1)          x14:0000fe44  x1:1c002e86  PA:1c002e86
27291922ns          482023 1c00954a 01039023 sh               x16, 0(x7)          x16:0000ffc5  x7:1c002eb6  PA:1c002eb6
27292260ns          482040 1c00954e 00a29023 sh               x10, 0(x5)          x10:0000ff59  x5:1c002ea6  PA:1c002ea6
27292618ns          482058 1c009552 008b0b13 addi             x22, x22, 8         x22=0000018b x22:00000183
27292638ns          482059 1c009554 1f300793 addi             x15, x0, 499        x15=000001f3
27292658ns          482060 1c009558 e767dae3 bge              x15, x22, -396      x15:000001f3 x22:0000018b
27292718ns          482063 1c0093cc 010c9a0b p.lh             x20, 16(x25!)       x20=fffffeb3 x25=1c0029ae x25:1c00299e  PA:1c00299e
27293056ns          482080 1c0093d0 0104198b p.lh             x19, 16(x8!)        x19=00000117  x8=1c002176  x8:1c002166  PA:1c002166
27293354ns          482095 1c0093d4 2cc10513 addi             x10, x2, 716        x10=10001fa4  x2:10001cd8
27293374ns          482096 1c0093d6 010a990b p.lh             x18, 16(x21!)       x18=fffffed9 x21=1c0019a2 x21:1c001992  PA:1c001992
27293672ns          482111 1c0093da 010b948b p.lh             x9, 16(x23!)         x9=00000142 x23=1c0011d2 x23:1c0011c2  PA:1c0011c2
27293971ns          482126 1c0093de 2d411623 sh               x20, 716(x2)        x20:fffffeb3  x2:10001cd8  PA:10001fa4
27293990ns          482127 1c0093e2 2d311723 sh               x19, 718(x2)        x19:00000117  x2:10001cd8  PA:10001fa6
27294010ns          482128 1c0093e6 c33ff0ef jal              x1, -974             x1=1c0093e8
27294090ns          482132 1c009018 00051803 lh               x16, 0(x10)         x16=fffffeb3 x10:10001fa4  PA:10001fa4
27294130ns          482134 1c00901c 00251883 lh               x17, 2(x10)         x17=00000117 x10:10001fa4  PA:10001fa6
27294189ns          482137 1c009020 030806b3 mul              x13, x16, x16       x13=0001b129 x16:fffffeb3 x16:fffffeb3
27294229ns          482139 1c009024 03188633 mul              x12, x17, x17       x12=00013011 x17:00000117 x17:00000117
27294249ns          482140 1c009028 40a65613 srai             x12, x12, 0x40a     x12=0000004c x12:00013011
27294269ns          482141 1c00902a 40a6d693 srai             x13, x13, 0x40a     x13=0000006c x13:0001b129
27294289ns          482142 1c00902c 00c686b3 add              x13, x13, x12       x13=000000b8 x13:0000006c x12:0000004c
27294309ns          482143 1c00902e 1006c633 p.exths          x12, x13, x0        x12=000000b8 x13:000000b8
27294328ns          482144 1c009032 00855703 lhu              x14, 8(x10)         x14=0000ffd1 x10:10001fa4  PA:10001fac
27294368ns          482146 1c009036 00a55683 lhu              x13, 10(x10)        x13=0000ff6a x10:10001fa4  PA:10001fae
27294388ns          482147 1c00903a 02c60333 mul              x6, x12, x12         x6=00008440 x12:000000b8 x12:000000b8
27294408ns          482148 1c00903e 00c55783 lhu              x15, 12(x10)        x15=0000ffe5 x10:10001fa4  PA:10001fb0
27294448ns          482150 1c009042 00e55583 lhu              x11, 14(x10)        x11=00000060 x10:10001fa4  PA:10001fb2
27294468ns          482151 1c009046 dea30333 p.extract        x6, x6, 15, 10       x6=00000021  x6:00008440
27294488ns          482152 1c00904a 80c7075b p.muls           x14, x14, x12       x14=ffffde38 x14:0000ffd1 x12:000000b8
27294547ns          482155 1c00904e 80c686db p.muls           x13, x13, x12       x13=ffff9430 x13:0000ff6a x12:000000b8
27294587ns          482157 1c009052 00455e83 lhu              x29, 4(x10)         x29=00000427 x10:10001fa4  PA:10001fa8
27294607ns          482158 1c009056 00655e03 lhu              x28, 6(x10)         x28=0000007f x10:10001fa4  PA:10001faa
27294627ns          482159 1c00905a 40a75713 srai             x14, x14, 0x40a     x14=fffffff7 x14:ffffde38
27294647ns          482160 1c00905c 806787db p.muls           x15, x15, x6        x15=fffffc85 x15:0000ffe5  x6:00000021
27294667ns          482161 1c009060 40a6d693 srai             x13, x13, 0x40a     x13=ffffffe5 x13:ffff9430
27294686ns          482162 1c009062 8065865b p.muls           x12, x11, x6        x12=00000c60 x11:00000060  x6:00000021
27294706ns          482163 1c009066 40a7d793 srai             x15, x15, 0x40a     x15=ffffffff x15:fffffc85
27294726ns          482164 1c009068 40a65613 srai             x12, x12, 0x40a     x12=00000003 x12:00000c60
27294746ns          482165 1c00906a 01d70733 add              x14, x14, x29       x14=0000041e x14:fffffff7 x29:00000427
27294766ns          482166 1c00906c 01c686b3 add              x13, x13, x28       x13=00000064 x13:ffffffe5 x28:0000007f
27294786ns          482167 1c00906e 00c686b3 add              x13, x13, x12       x13=00000067 x13:00000064 x12:00000003
27294806ns          482168 1c009070 00f70733 add              x14, x14, x15       x14=0000041d x14:0000041e x15:ffffffff
27294826ns          482169 1c009072 100747b3 p.exths          x15, x14, x0        x15=0000041d x14:0000041d
27294846ns          482170 1c009076 1006c733 p.exths          x14, x13, x0        x14=00000067 x13:00000067
27294865ns          482171 1c00907a 03170633 mul              x12, x14, x17       x12=00007041 x14:00000067 x17:00000117
27294885ns          482172 1c00907e 030786b3 mul              x13, x15, x16       x13=fffaa647 x15:0000041d x16:fffffeb3
27294905ns          482173 1c009082 03070733 mul              x14, x14, x16       x14=ffff7a05 x14:00000067 x16:fffffeb3
27294925ns          482174 1c009086 031787b3 mul              x15, x15, x17       x15=00047b9b x15:0000041d x17:00000117
27294945ns          482175 1c00908a 40a6d693 srai             x13, x13, 0x40a     x13=fffffea9 x13:fffaa647
27294965ns          482176 1c00908c 40a65613 srai             x12, x12, 0x40a     x12=0000001c x12:00007041
27294985ns          482177 1c00908e 40a7d793 srai             x15, x15, 0x40a     x15=0000011e x15:00047b9b
27295005ns          482178 1c009090 40a75713 srai             x14, x14, 0x40a     x14=ffffffde x14:ffff7a05
27295025ns          482179 1c009092 40c686b3 sub              x13, x13, x12       x13=fffffe8d x13:fffffea9 x12:0000001c
27295044ns          482180 1c009094 00e787b3 add              x15, x15, x14       x15=000000fc x15:0000011e x14:ffffffde
27295064ns          482181 1c009096 00d51823 sh               x13, 16(x10)        x13:fffffe8d x10:10001fa4  PA:10001fb4
27295104ns          482183 1c00909a 00f51923 sh               x15, 18(x10)        x15:000000fc x10:10001fa4  PA:10001fb6
27295124ns          482184 1c00909e 00008067 jalr             x0, x1, 0            x1:1c0093e8
27295164ns          482186 1c0093e8 2dc15583 lhu              x11, 732(x2)        x11=0000fe8d  x2:10001cd8  PA:10001fb4
27295184ns          482187 1c0093ec 2de15783 lhu              x15, 734(x2)        x15=000000fc  x2:10001cd8  PA:10001fb6
27295204ns          482188 1c0093f0 40b90933 sub              x18, x18, x11       x18=ffff004c x18:fffffed9 x11:0000fe8d
27295223ns          482189 1c0093f4 40f484b3 sub              x9, x9, x15          x9=00000046  x9:00000142 x15:000000fc
27295243ns          482190 1c0093f6 100945b3 p.exths          x11, x18, x0        x11=0000004c x18:ffff004c
27295263ns          482191 1c0093fa 1004c7b3 p.exths          x15, x9, x0         x15=00000046  x9:00000046
27295283ns          482192 1c0093fe 034586b3 mul              x13, x11, x20       x13=ffff9d24 x11:0000004c x20:fffffeb3
27295303ns          482193 1c009402 03378533 mul              x10, x15, x19       x10=00004c4a x15:00000046 x19:00000117
27295323ns          482194 1c009406 034a0633 mul              x12, x20, x20       x12=0001b129 x20:fffffeb3 x20:fffffeb3
27295343ns          482195 1c00940a 03398733 mul              x14, x19, x19       x14=00013011 x19:00000117 x19:00000117
27295363ns          482196 1c00940e 034787b3 mul              x15, x15, x20       x15=ffffa4f2 x15:00000046 x20:fffffeb3
27295383ns          482197 1c009412 033585b3 mul              x11, x11, x19       x11=000052d4 x11:0000004c x19:00000117
27295402ns          482198 1c009416 40a75713 srai             x14, x14, 0x40a     x14=0000004c x14:00013011
27295422ns          482199 1c009418 40a5d593 srai             x11, x11, 0x40a     x11=00000014 x11:000052d4
27295442ns          482200 1c00941a 40a65613 srai             x12, x12, 0x40a     x12=0000006c x12:0001b129
27295462ns          482201 1c00941c 40a7d793 srai             x15, x15, 0x40a     x15=ffffffe9 x15:ffffa4f2
27295482ns          482202 1c00941e 1c0034b7 lui              x9, 0x1c003000       x9=1c003000
27295502ns          482203 1c009422 00e60633 add              x12, x12, x14       x12=000000b8 x12:0000006c x14:0000004c
27295522ns          482204 1c009424 40b787b3 sub              x15, x15, x11       x15=ffffffd5 x15:ffffffe9 x11:00000014
27295542ns          482205 1c009426 eb048493 addi             x9, x9, -336         x9=1c002eb0  x9:1c003000
27295562ns          482206 1c00942a 1c0032b7 lui              x5, 0x1c003000       x5=1c003000
27295581ns          482207 1c00942e 1c0035b7 lui              x11, 0x1c003000     x11=1c003000
27295601ns          482208 1c009432 018483b3 add              x7, x9, x24          x7=1c002eb6  x9:1c002eb0 x24:00000006
27295621ns          482209 1c009436 02812e83 lw               x29, 40(x2)         x29=1c002ec6  x2:10001cd8  PA:10001d00
27295641ns          482210 1c009438 10065633 p.exthz          x12, x12, x0        x12=000000b8 x12:000000b8
27295661ns          482211 1c00943c e8028293 addi             x5, x5, -384         x5=1c002e80  x5:1c003000
27295701ns          482213 1c009440 ea058593 addi             x11, x11, -352      x11=1c002ea0 x11:1c003000
27295741ns          482215 1c009444 03812483 lw               x9, 56(x2)           x9=1c002ee6  x2:10001cd8  PA:10001d10
27295760ns          482216 1c009446 10064733 p.exths          x14, x12, x0        x14=000000b8 x12:000000b8
27295780ns          482217 1c00944a 018280b3 add              x1, x5, x24          x1=1c002e86  x5:1c002e80 x24:00000006
27295800ns          482218 1c00944e 03012f03 lw               x30, 48(x2)         x30=1c002ed6  x2:10001cd8  PA:10001d08
27295820ns          482219 1c009450 018582b3 add              x5, x11, x24         x5=1c002ea6 x11:1c002ea0 x24:00000006
27295840ns          482220 1c009454 04012583 lw               x11, 64(x2)         x11=1c002ef6  x2:10001cd8  PA:10001d18
27295860ns          482221 1c009456 000edd83 lhu              x27, 0(x29)         x27=00001a5b x29:1c002ec6  PA:1c002ec6
27296158ns          482236 1c00945a 0004d483 lhu              x9, 0(x9)            x9=00000209  x9:1c002ee6  PA:1c002ee6
27296476ns          482252 1c00945e 02e70333 mul              x6, x14, x14         x6=00008440 x14:000000b8 x14:000000b8
27296496ns          482253 1c009462 40a55513 srai             x10, x10, 0x40a     x10=00000013 x10:00004c4a
27296516ns          482254 1c009464 04812e83 lw               x29, 72(x2)         x29=1c002f06  x2:10001cd8  PA:10001d20
27296536ns          482255 1c009466 40a6d693 srai             x13, x13, 0x40a     x13=ffffffe7 x13:ffff9d24
27296556ns          482256 1c009468 000f5d03 lhu              x26, 0(x30)         x26=00000668 x30:1c002ed6  PA:1c002ed6
27296894ns          482273 1c00946c 0005d583 lhu              x11, 0(x11)         x11=000000bc x11:1c002ef6  PA:1c002ef6
27297232ns          482290 1c009470 40a35313 srai             x6, x6, 0x40a        x6=00000021  x6:00008440
27297252ns          482291 1c009474 00a686b3 add              x13, x13, x10       x13=fffffffa x13:ffffffe7 x10:00000013
27297272ns          482292 1c009476 05012f03 lw               x30, 80(x2)         x30=1c002e76  x2:10001cd8  PA:10001d28
27297292ns          482293 1c009478 10034e33 p.exths          x28, x6, x0         x28=00000021  x6:00000021
27297312ns          482294 1c00947c 06911023 sh               x9, 96(x2)           x9:00000209  x2:10001cd8  PA:10001d38
27297332ns          482295 1c009480 000ede83 lhu              x29, 0(x29)         x29=00000049 x29:1c002f06  PA:1c002f06
27297630ns          482310 1c009484 05812483 lw               x9, 88(x2)           x9=1c002e66  x2:10001cd8  PA:10001d30
27297650ns          482311 1c009486 1006d6b3 p.exthz          x13, x13, x0        x13=0000fffa x13:fffffffa
27297670ns          482312 1c00948a 02ee08b3 mul              x17, x28, x14       x17=000017b8 x28:00000021 x14:000000b8
27297690ns          482313 1c00948e 1006c833 p.exths          x16, x13, x0        x16=fffffffa x13:0000fffa
27297709ns          482314 1c009492 06b11823 sh               x11, 112(x2)        x11:000000bc  x2:10001cd8  PA:10001d48
27297729ns          482315 1c009496 000f5f03 lhu              x30, 0(x30)         x30=0000fec4 x30:1c002e76  PA:1c002e76
27298048ns          482331 1c00949a 0a012583 lw               x11, 160(x2)        x11=1c002e96  x2:10001cd8  PA:10001d78
27298067ns          482332 1c00949c 1007d7b3 p.exthz          x15, x15, x0        x15=0000ffd5 x15:ffffffd5
27298087ns          482333 1c0094a0 0004da03 lhu              x20, 0(x9)          x20=0000f9e1  x9:1c002e66  PA:1c002e66
27298386ns          482348 1c0094a4 1007c533 p.exths          x10, x15, x0        x10=ffffffd5 x15:0000ffd5
27298406ns          482349 1c0094a8 09d11023 sh               x29, 128(x2)        x29:00000049  x2:10001cd8  PA:10001d58
27298425ns          482350 1c0094ac 0003d483 lhu              x9, 0(x7)            x9=0000ffc5  x7:1c002eb6  PA:1c002eb6
27298724ns          482365 1c0094b0 02e80eb3 mul              x29, x16, x14       x29=fffffbb0 x16:fffffffa x14:000000b8
27298744ns          482366 1c0094b4 40a8d893 srai             x17, x17, 0x40a     x17=00000005 x17:000017b8
27298764ns          482367 1c0094b8 03c80833 mul              x16, x16, x28       x16=ffffff3a x16:fffffffa x28:00000021
27298783ns          482368 1c0094bc 09e11823 sh               x30, 144(x2)        x30:0000fec4  x2:10001cd8  PA:10001d68
27298803ns          482369 1c0094c0 0005d983 lhu              x19, 0(x11)         x19=0000ff8e x11:1c002e96  PA:1c002e96
27299122ns          482385 1c0094c4 81c88f5b p.muls           x30, x17, x28       x30=000000a5 x17:00000005 x28:00000021
27299141ns          482386 1c0094c8 0002d583 lhu              x11, 0(x5)          x11=0000ff59  x5:1c002ea6  PA:1c002ea6
27299440ns          482401 1c0094cc 03ce0fb3 mul              x31, x28, x28       x31=00000441 x28:00000021 x28:00000021
27299460ns          482402 1c0094d0 02e50733 mul              x14, x10, x14       x14=ffffe118 x10:ffffffd5 x14:000000b8
27299479ns          482403 1c0094d4 40a85813 srai             x16, x16, 0x40a     x16=ffffffff x16:ffffff3a
27299499ns          482404 1c0094d8 03c50533 mul              x10, x10, x28       x10=fffffa75 x10:ffffffd5 x28:00000021
27299519ns          482405 1c0094dc 07015e03 lhu              x28, 112(x2)        x28=000000bc  x2:10001cd8  PA:10001d48
27299539ns          482406 1c0094e0 01b60633 add              x12, x12, x27       x12=00001b13 x12:000000b8 x27:00001a5b
27299559ns          482407 1c0094e2 00980833 add              x16, x16, x9        x16=0000ffc4 x16:ffffffff  x9:0000ffc5
27299579ns          482408 1c0094e4 06015d83 lhu              x27, 96(x2)         x27=00000209  x2:10001cd8  PA:10001d38
27299599ns          482409 1c0094e8 02812483 lw               x9, 40(x2)           x9=1c002ec6  x2:10001cd8  PA:10001d00
27299619ns          482410 1c0094ea 40afdf93 srai             x31, x31, 0x40a     x31=00000001 x31:00000441
27299639ns          482411 1c0094ee 40a55513 srai             x10, x10, 0x40a     x10=fffffffe x10:fffffa75
27299658ns          482412 1c0094f0 01cf8fb3 add              x31, x31, x28       x31=000000bd x31:00000001 x28:000000bc
27299678ns          482413 1c0094f2 00b50533 add              x10, x10, x11       x10=0000ff57 x10:fffffffe x11:0000ff59
27299698ns          482414 1c0094f4 09015e03 lhu              x28, 144(x2)        x28=0000fec4  x2:10001cd8  PA:10001d68
27299718ns          482415 1c0094f8 03012583 lw               x11, 48(x2)         x11=1c002ed6  x2:10001cd8  PA:10001d08
27299738ns          482416 1c0094fa 00c49023 sh               x12, 0(x9)          x12:00001b13  x9:1c002ec6  PA:1c002ec6
27300056ns          482432 1c0094fe 01b888b3 add              x17, x17, x27       x17=0000020e x17:00000005 x27:00000209
27300076ns          482433 1c009500 01a30333 add              x6, x6, x26          x6=00000689  x6:00000021 x26:00000668
27300096ns          482434 1c009502 08015d83 lhu              x27, 128(x2)        x27=00000049  x2:10001cd8  PA:10001d58
27300116ns          482435 1c009506 0000d903 lhu              x18, 0(x1)          x18=0000fe44  x1:1c002e86  PA:1c002e86
27300434ns          482451 1c00950a 01c686b3 add              x13, x13, x28       x13=0001febe x13:0000fffa x28:0000fec4
27300454ns          482452 1c00950c 00659023 sh               x6, 0(x11)           x6:00000689 x11:1c002ed6  PA:1c002ed6
27300792ns          482469 1c009510 40af5f13 srai             x30, x30, 0x40a     x30=00000000 x30:000000a5
27300812ns          482470 1c009514 04812e03 lw               x28, 72(x2)         x28=1c002f06  x2:10001cd8  PA:10001d20
27300832ns          482471 1c009516 01bf0f33 add              x30, x30, x27       x30=00000049 x30:00000000 x27:00000049
27300852ns          482472 1c009518 40aede93 srai             x29, x29, 0x40a     x29=fffffffe x29:fffffbb0
27300872ns          482473 1c00951c 40a75713 srai             x14, x14, 0x40a     x14=fffffff8 x14:ffffe118
27300892ns          482474 1c00951e 03812603 lw               x12, 56(x2)         x12=1c002ee6  x2:10001cd8  PA:10001d10
27300911ns          482475 1c009520 04012d83 lw               x27, 64(x2)         x27=1c002ef6  x2:10001cd8  PA:10001d18
27300931ns          482476 1c009522 01ee1023 sh               x30, 0(x28)         x30:00000049 x28:1c002f06  PA:1c002f06
27301269ns          482493 1c009526 05812483 lw               x9, 88(x2)           x9=1c002e66  x2:10001cd8  PA:10001d30
27301289ns          482494 1c009528 05012f03 lw               x30, 80(x2)         x30=1c002e76  x2:10001cd8  PA:10001d28
27301309ns          482495 1c00952a 0a012583 lw               x11, 160(x2)        x11=1c002e96  x2:10001cd8  PA:10001d78
27301329ns          482496 1c00952c 014787b3 add              x15, x15, x20       x15=0001f9b6 x15:0000ffd5 x20:0000f9e1
27301349ns          482497 1c00952e 013e8eb3 add              x29, x29, x19       x29=0000ff8c x29:fffffffe x19:0000ff8e
27301369ns          482498 1c009530 01270733 add              x14, x14, x18       x14=0000fe3c x14:fffffff8 x18:0000fe44
27301389ns          482499 1c009532 00f49023 sh               x15, 0(x9)          x15:0001f9b6  x9:1c002e66  PA:1c002e66
27301727ns          482516 1c009536 01161023 sh               x17, 0(x12)         x17:0000020e x12:1c002ee6  PA:1c002ee6
27302045ns          482532 1c00953a 01fd9023 sh               x31, 0(x27)         x31:000000bd x27:1c002ef6  PA:1c002ef6
27302363ns          482548 1c00953e 00df1023 sh               x13, 0(x30)         x13:0001febe x30:1c002e76  PA:1c002e76
27302681ns          482564 1c009542 01d59023 sh               x29, 0(x11)         x29:0000ff8c x11:1c002e96  PA:1c002e96
27303000ns          482580 1c009546 00e09023 sh               x14, 0(x1)          x14:0000fe3c  x1:1c002e86  PA:1c002e86
27303318ns          482596 1c00954a 01039023 sh               x16, 0(x7)          x16:0000ffc4  x7:1c002eb6  PA:1c002eb6
27303656ns          482613 1c00954e 00a29023 sh               x10, 0(x5)          x10:0000ff57  x5:1c002ea6  PA:1c002ea6
27303974ns          482629 1c009552 008b0b13 addi             x22, x22, 8         x22=00000193 x22:0000018b
27303994ns          482630 1c009554 1f300793 addi             x15, x0, 499        x15=000001f3
27304014ns          482631 1c009558 e767dae3 bge              x15, x22, -396      x15:000001f3 x22:00000193
27304074ns          482634 1c0093cc 010c9a0b p.lh             x20, 16(x25!)       x20=0000009b x25=1c0029be x25:1c0029ae  PA:1c0029ae
27304392ns          482650 1c0093d0 0104198b p.lh             x19, 16(x8!)        x19=0000000b  x8=1c002186  x8:1c002176  PA:1c002176
27304690ns          482665 1c0093d4 2cc10513 addi             x10, x2, 716        x10=10001fa4  x2:10001cd8
27304710ns          482666 1c0093d6 010a990b p.lh             x18, 16(x21!)       x18=000000a0 x21=1c0019b2 x21:1c0019a2  PA:1c0019a2
27305008ns          482681 1c0093da 010b948b p.lh             x9, 16(x23!)         x9=0000000f x23=1c0011e2 x23:1c0011d2  PA:1c0011d2
27305307ns          482696 1c0093de 2d411623 sh               x20, 716(x2)        x20:0000009b  x2:10001cd8  PA:10001fa4
27305346ns          482698 1c0093e2 2d311723 sh               x19, 718(x2)        x19:0000000b  x2:10001cd8  PA:10001fa6
27305366ns          482699 1c0093e6 c33ff0ef jal              x1, -974             x1=1c0093e8
27305406ns          482701 1c009018 00051803 lh               x16, 0(x10)         x16=0000009b x10:10001fa4  PA:10001fa4
27305426ns          482702 1c00901c 00251883 lh               x17, 2(x10)         x17=0000000b x10:10001fa4  PA:10001fa6
27305446ns          482703 1c009020 030806b3 mul              x13, x16, x16       x13=00005dd9 x16:0000009b x16:0000009b
27305466ns          482704 1c009024 03188633 mul              x12, x17, x17       x12=00000079 x17:0000000b x17:0000000b
27305486ns          482705 1c009028 40a65613 srai             x12, x12, 0x40a     x12=00000000 x12:00000079
27305506ns          482706 1c00902a 40a6d693 srai             x13, x13, 0x40a     x13=00000017 x13:00005dd9
27305525ns          482707 1c00902c 00c686b3 add              x13, x13, x12       x13=00000017 x13:00000017 x12:00000000
27305545ns          482708 1c00902e 1006c633 p.exths          x12, x13, x0        x12=00000017 x13:00000017
27305565ns          482709 1c009032 00855703 lhu              x14, 8(x10)         x14=0000ffd1 x10:10001fa4  PA:10001fac
27305605ns          482711 1c009036 00a55683 lhu              x13, 10(x10)        x13=0000ff6a x10:10001fa4  PA:10001fae
27305625ns          482712 1c00903a 02c60333 mul              x6, x12, x12         x6=00000211 x12:00000017 x12:00000017
27305645ns          482713 1c00903e 00c55783 lhu              x15, 12(x10)        x15=0000ffe5 x10:10001fa4  PA:10001fb0
27305685ns          482715 1c009042 00e55583 lhu              x11, 14(x10)        x11=00000060 x10:10001fa4  PA:10001fb2
27305704ns          482716 1c009046 dea30333 p.extract        x6, x6, 15, 10       x6=00000000  x6:00000211
27305724ns          482717 1c00904a 80c7075b p.muls           x14, x14, x12       x14=fffffbc7 x14:0000ffd1 x12:00000017
27305744ns          482718 1c00904e 80c686db p.muls           x13, x13, x12       x13=fffff286 x13:0000ff6a x12:00000017
27305764ns          482719 1c009052 00455e83 lhu              x29, 4(x10)         x29=00000427 x10:10001fa4  PA:10001fa8
27305804ns          482721 1c009056 00655e03 lhu              x28, 6(x10)         x28=0000007f x10:10001fa4  PA:10001faa
27305824ns          482722 1c00905a 40a75713 srai             x14, x14, 0x40a     x14=fffffffe x14:fffffbc7
27305844ns          482723 1c00905c 806787db p.muls           x15, x15, x6        x15=00000000 x15:0000ffe5  x6:00000000
27305864ns          482724 1c009060 40a6d693 srai             x13, x13, 0x40a     x13=fffffffc x13:fffff286
27305883ns          482725 1c009062 8065865b p.muls           x12, x11, x6        x12=00000000 x11:00000060  x6:00000000
27305903ns          482726 1c009066 40a7d793 srai             x15, x15, 0x40a     x15=00000000 x15:00000000
27305923ns          482727 1c009068 40a65613 srai             x12, x12, 0x40a     x12=00000000 x12:00000000
27305943ns          482728 1c00906a 01d70733 add              x14, x14, x29       x14=00000425 x14:fffffffe x29:00000427
27305963ns          482729 1c00906c 01c686b3 add              x13, x13, x28       x13=0000007b x13:fffffffc x28:0000007f
27305983ns          482730 1c00906e 00c686b3 add              x13, x13, x12       x13=0000007b x13:0000007b x12:00000000
27306003ns          482731 1c009070 00f70733 add              x14, x14, x15       x14=00000425 x14:00000425 x15:00000000
27306023ns          482732 1c009072 100747b3 p.exths          x15, x14, x0        x15=00000425 x14:00000425
27306043ns          482733 1c009076 1006c733 p.exths          x14, x13, x0        x14=0000007b x13:0000007b
27306062ns          482734 1c00907a 03170633 mul              x12, x14, x17       x12=00000549 x14:0000007b x17:0000000b
27306082ns          482735 1c00907e 030786b3 mul              x13, x15, x16       x13=00028267 x15:00000425 x16:0000009b
27306102ns          482736 1c009082 03070733 mul              x14, x14, x16       x14=00004a79 x14:0000007b x16:0000009b
27306122ns          482737 1c009086 031787b3 mul              x15, x15, x17       x15=00002d97 x15:00000425 x17:0000000b
27306142ns          482738 1c00908a 40a6d693 srai             x13, x13, 0x40a     x13=000000a0 x13:00028267
27306162ns          482739 1c00908c 40a65613 srai             x12, x12, 0x40a     x12=00000001 x12:00000549
27306182ns          482740 1c00908e 40a7d793 srai             x15, x15, 0x40a     x15=0000000b x15:00002d97
27306202ns          482741 1c009090 40a75713 srai             x14, x14, 0x40a     x14=00000012 x14:00004a79
27306222ns          482742 1c009092 40c686b3 sub              x13, x13, x12       x13=0000009f x13:000000a0 x12:00000001
27306241ns          482743 1c009094 00e787b3 add              x15, x15, x14       x15=0000001d x15:0000000b x14:00000012
27306261ns          482744 1c009096 00d51823 sh               x13, 16(x10)        x13:0000009f x10:10001fa4  PA:10001fb4
27306281ns          482745 1c00909a 00f51923 sh               x15, 18(x10)        x15:0000001d x10:10001fa4  PA:10001fb6
27306301ns          482746 1c00909e 00008067 jalr             x0, x1, 0            x1:1c0093e8
27306381ns          482750 1c0093e8 2dc15583 lhu              x11, 732(x2)        x11=0000009f  x2:10001cd8  PA:10001fb4
27306401ns          482751 1c0093ec 2de15783 lhu              x15, 734(x2)        x15=0000001d  x2:10001cd8  PA:10001fb6
27306420ns          482752 1c0093f0 40b90933 sub              x18, x18, x11       x18=00000001 x18:000000a0 x11:0000009f
27306440ns          482753 1c0093f4 40f484b3 sub              x9, x9, x15          x9=fffffff2  x9:0000000f x15:0000001d
27306460ns          482754 1c0093f6 100945b3 p.exths          x11, x18, x0        x11=00000001 x18:00000001
27306480ns          482755 1c0093fa 1004c7b3 p.exths          x15, x9, x0         x15=fffffff2  x9:fffffff2
27306500ns          482756 1c0093fe 034586b3 mul              x13, x11, x20       x13=0000009b x11:00000001 x20:0000009b
27306520ns          482757 1c009402 03378533 mul              x10, x15, x19       x10=ffffff66 x15:fffffff2 x19:0000000b
27306540ns          482758 1c009406 034a0633 mul              x12, x20, x20       x12=00005dd9 x20:0000009b x20:0000009b
27306560ns          482759 1c00940a 03398733 mul              x14, x19, x19       x14=00000079 x19:0000000b x19:0000000b
27306619ns          482762 1c00940e 034787b3 mul              x15, x15, x20       x15=fffff786 x15:fffffff2 x20:0000009b
27306659ns          482764 1c009412 033585b3 mul              x11, x11, x19       x11=0000000b x11:00000001 x19:0000000b
27306679ns          482765 1c009416 40a75713 srai             x14, x14, 0x40a     x14=00000000 x14:00000079
27306699ns          482766 1c009418 40a5d593 srai             x11, x11, 0x40a     x11=00000000 x11:0000000b
27306719ns          482767 1c00941a 40a65613 srai             x12, x12, 0x40a     x12=00000017 x12:00005dd9
27306739ns          482768 1c00941c 40a7d793 srai             x15, x15, 0x40a     x15=fffffffd x15:fffff786
27306758ns          482769 1c00941e 1c0034b7 lui              x9, 0x1c003000       x9=1c003000
27306778ns          482770 1c009422 00e60633 add              x12, x12, x14       x12=00000017 x12:00000017 x14:00000000
27306798ns          482771 1c009424 40b787b3 sub              x15, x15, x11       x15=fffffffd x15:fffffffd x11:00000000
27306818ns          482772 1c009426 eb048493 addi             x9, x9, -336         x9=1c002eb0  x9:1c003000
27306838ns          482773 1c00942a 1c0032b7 lui              x5, 0x1c003000       x5=1c003000
27306858ns          482774 1c00942e 1c0035b7 lui              x11, 0x1c003000     x11=1c003000
27306878ns          482775 1c009432 018483b3 add              x7, x9, x24          x7=1c002eb6  x9:1c002eb0 x24:00000006
27306898ns          482776 1c009436 02812e83 lw               x29, 40(x2)         x29=1c002ec6  x2:10001cd8  PA:10001d00
27306918ns          482777 1c009438 10065633 p.exthz          x12, x12, x0        x12=00000017 x12:00000017
27306937ns          482778 1c00943c e8028293 addi             x5, x5, -384         x5=1c002e80  x5:1c003000
27306977ns          482780 1c009440 ea058593 addi             x11, x11, -352      x11=1c002ea0 x11:1c003000
27307017ns          482782 1c009444 03812483 lw               x9, 56(x2)           x9=1c002ee6  x2:10001cd8  PA:10001d10
27307037ns          482783 1c009446 10064733 p.exths          x14, x12, x0        x14=00000017 x12:00000017
27307057ns          482784 1c00944a 018280b3 add              x1, x5, x24          x1=1c002e86  x5:1c002e80 x24:00000006
27307077ns          482785 1c00944e 03012f03 lw               x30, 48(x2)         x30=1c002ed6  x2:10001cd8  PA:10001d08
27307136ns          482788 1c009450 018582b3 add              x5, x11, x24         x5=1c002ea6 x11:1c002ea0 x24:00000006
27307176ns          482790 1c009454 04012583 lw               x11, 64(x2)         x11=1c002ef6  x2:10001cd8  PA:10001d18
27307196ns          482791 1c009456 000edd83 lhu              x27, 0(x29)         x27=00001b13 x29:1c002ec6  PA:1c002ec6
27307534ns          482808 1c00945a 0004d483 lhu              x9, 0(x9)            x9=0000020e  x9:1c002ee6  PA:1c002ee6
27307852ns          482824 1c00945e 02e70333 mul              x6, x14, x14         x6=00000211 x14:00000017 x14:00000017
27307872ns          482825 1c009462 40a55513 srai             x10, x10, 0x40a     x10=ffffffff x10:ffffff66
27307892ns          482826 1c009464 04812e83 lw               x29, 72(x2)         x29=1c002f06  x2:10001cd8  PA:10001d20
27307912ns          482827 1c009466 40a6d693 srai             x13, x13, 0x40a     x13=00000000 x13:0000009b
27307932ns          482828 1c009468 000f5d03 lhu              x26, 0(x30)         x26=00000689 x30:1c002ed6  PA:1c002ed6
27308230ns          482843 1c00946c 0005d583 lhu              x11, 0(x11)         x11=000000bd x11:1c002ef6  PA:1c002ef6
27308588ns          482861 1c009470 40a35313 srai             x6, x6, 0x40a        x6=00000000  x6:00000211
27308608ns          482862 1c009474 00a686b3 add              x13, x13, x10       x13=ffffffff x13:00000000 x10:ffffffff
27308628ns          482863 1c009476 05012f03 lw               x30, 80(x2)         x30=1c002e76  x2:10001cd8  PA:10001d28
27308648ns          482864 1c009478 10034e33 p.exths          x28, x6, x0         x28=00000000  x6:00000000
27308668ns          482865 1c00947c 06911023 sh               x9, 96(x2)           x9:0000020e  x2:10001cd8  PA:10001d38
27308688ns          482866 1c009480 000ede83 lhu              x29, 0(x29)         x29=00000049 x29:1c002f06  PA:1c002f06
27309006ns          482882 1c009484 05812483 lw               x9, 88(x2)           x9=1c002e66  x2:10001cd8  PA:10001d30
27309026ns          482883 1c009486 1006d6b3 p.exthz          x13, x13, x0        x13=0000ffff x13:ffffffff
27309046ns          482884 1c00948a 02ee08b3 mul              x17, x28, x14       x17=00000000 x28:00000000 x14:00000017
27309066ns          482885 1c00948e 1006c833 p.exths          x16, x13, x0        x16=ffffffff x13:0000ffff
27309085ns          482886 1c009492 06b11823 sh               x11, 112(x2)        x11:000000bd  x2:10001cd8  PA:10001d48
27309105ns          482887 1c009496 000f5f03 lhu              x30, 0(x30)         x30=0000febe x30:1c002e76  PA:1c002e76
27309423ns          482903 1c00949a 0a012583 lw               x11, 160(x2)        x11=1c002e96  x2:10001cd8  PA:10001d78
27309443ns          482904 1c00949c 1007d7b3 p.exthz          x15, x15, x0        x15=0000fffd x15:fffffffd
27309463ns          482905 1c0094a0 0004da03 lhu              x20, 0(x9)          x20=0000f9b6  x9:1c002e66  PA:1c002e66
27309781ns          482921 1c0094a4 1007c533 p.exths          x10, x15, x0        x10=fffffffd x15:0000fffd
27309801ns          482922 1c0094a8 09d11023 sh               x29, 128(x2)        x29:00000049  x2:10001cd8  PA:10001d58
27309821ns          482923 1c0094ac 0003d483 lhu              x9, 0(x7)            x9=0000ffc4  x7:1c002eb6  PA:1c002eb6
27310139ns          482939 1c0094b0 02e80eb3 mul              x29, x16, x14       x29=ffffffe9 x16:ffffffff x14:00000017
27310159ns          482940 1c0094b4 40a8d893 srai             x17, x17, 0x40a     x17=00000000 x17:00000000
27310179ns          482941 1c0094b8 03c80833 mul              x16, x16, x28       x16=00000000 x16:ffffffff x28:00000000
27310199ns          482942 1c0094bc 09e11823 sh               x30, 144(x2)        x30:0000febe  x2:10001cd8  PA:10001d68
27310219ns          482943 1c0094c0 0005d983 lhu              x19, 0(x11)         x19=0000ff8c x11:1c002e96  PA:1c002e96
27310537ns          482959 1c0094c4 81c88f5b p.muls           x30, x17, x28       x30=00000000 x17:00000000 x28:00000000
27310557ns          482960 1c0094c8 0002d583 lhu              x11, 0(x5)          x11=0000ff57  x5:1c002ea6  PA:1c002ea6
27310855ns          482975 1c0094cc 03ce0fb3 mul              x31, x28, x28       x31=00000000 x28:00000000 x28:00000000
27310875ns          482976 1c0094d0 02e50733 mul              x14, x10, x14       x14=ffffffbb x10:fffffffd x14:00000017
27310895ns          482977 1c0094d4 40a85813 srai             x16, x16, 0x40a     x16=00000000 x16:00000000
27310915ns          482978 1c0094d8 03c50533 mul              x10, x10, x28       x10=00000000 x10:fffffffd x28:00000000
27310935ns          482979 1c0094dc 07015e03 lhu              x28, 112(x2)        x28=000000bd  x2:10001cd8  PA:10001d48
27310955ns          482980 1c0094e0 01b60633 add              x12, x12, x27       x12=00001b2a x12:00000017 x27:00001b13
27310975ns          482981 1c0094e2 00980833 add              x16, x16, x9        x16=0000ffc4 x16:00000000  x9:0000ffc4
27310995ns          482982 1c0094e4 06015d83 lhu              x27, 96(x2)         x27=0000020e  x2:10001cd8  PA:10001d38
27311015ns          482983 1c0094e8 02812483 lw               x9, 40(x2)           x9=1c002ec6  x2:10001cd8  PA:10001d00
27311034ns          482984 1c0094ea 40afdf93 srai             x31, x31, 0x40a     x31=00000000 x31:00000000
27311054ns          482985 1c0094ee 40a55513 srai             x10, x10, 0x40a     x10=00000000 x10:00000000
27311074ns          482986 1c0094f0 01cf8fb3 add              x31, x31, x28       x31=000000bd x31:00000000 x28:000000bd
27311094ns          482987 1c0094f2 00b50533 add              x10, x10, x11       x10=0000ff57 x10:00000000 x11:0000ff57
27311114ns          482988 1c0094f4 09015e03 lhu              x28, 144(x2)        x28=0000febe  x2:10001cd8  PA:10001d68
27311134ns          482989 1c0094f8 03012583 lw               x11, 48(x2)         x11=1c002ed6  x2:10001cd8  PA:10001d08
27311154ns          482990 1c0094fa 00c49023 sh               x12, 0(x9)          x12:00001b2a  x9:1c002ec6  PA:1c002ec6
27311472ns          483006 1c0094fe 01b888b3 add              x17, x17, x27       x17=0000020e x17:00000000 x27:0000020e
27311492ns          483007 1c009500 01a30333 add              x6, x6, x26          x6=00000689  x6:00000000 x26:00000689
27311512ns          483008 1c009502 08015d83 lhu              x27, 128(x2)        x27=00000049  x2:10001cd8  PA:10001d58
27311532ns          483009 1c009506 0000d903 lhu              x18, 0(x1)          x18=0000fe3c  x1:1c002e86  PA:1c002e86
27311830ns          483024 1c00950a 01c686b3 add              x13, x13, x28       x13=0001febd x13:0000ffff x28:0000febe
27311850ns          483025 1c00950c 00659023 sh               x6, 0(x11)           x6:00000689 x11:1c002ed6  PA:1c002ed6
27312168ns          483041 1c009510 40af5f13 srai             x30, x30, 0x40a     x30=00000000 x30:00000000
27312188ns          483042 1c009514 04812e03 lw               x28, 72(x2)         x28=1c002f06  x2:10001cd8  PA:10001d20
27312208ns          483043 1c009516 01bf0f33 add              x30, x30, x27       x30=00000049 x30:00000000 x27:00000049
27312228ns          483044 1c009518 40aede93 srai             x29, x29, 0x40a     x29=ffffffff x29:ffffffe9
27312248ns          483045 1c00951c 40a75713 srai             x14, x14, 0x40a     x14=ffffffff x14:ffffffbb
27312267ns          483046 1c00951e 03812603 lw               x12, 56(x2)         x12=1c002ee6  x2:10001cd8  PA:10001d10
27312287ns          483047 1c009520 04012d83 lw               x27, 64(x2)         x27=1c002ef6  x2:10001cd8  PA:10001d18
27312307ns          483048 1c009522 01ee1023 sh               x30, 0(x28)         x30:00000049 x28:1c002f06  PA:1c002f06
27312645ns          483065 1c009526 05812483 lw               x9, 88(x2)           x9=1c002e66  x2:10001cd8  PA:10001d30
27312665ns          483066 1c009528 05012f03 lw               x30, 80(x2)         x30=1c002e76  x2:10001cd8  PA:10001d28
27312685ns          483067 1c00952a 0a012583 lw               x11, 160(x2)        x11=1c002e96  x2:10001cd8  PA:10001d78
27312705ns          483068 1c00952c 014787b3 add              x15, x15, x20       x15=0001f9b3 x15:0000fffd x20:0000f9b6
27312725ns          483069 1c00952e 013e8eb3 add              x29, x29, x19       x29=0000ff8b x29:ffffffff x19:0000ff8c
27312745ns          483070 1c009530 01270733 add              x14, x14, x18       x14=0000fe3b x14:ffffffff x18:0000fe3c
27312765ns          483071 1c009532 00f49023 sh               x15, 0(x9)          x15:0001f9b3  x9:1c002e66  PA:1c002e66
27313083ns          483087 1c009536 01161023 sh               x17, 0(x12)         x17:0000020e x12:1c002ee6  PA:1c002ee6
27313441ns          483105 1c00953a 01fd9023 sh               x31, 0(x27)         x31:000000bd x27:1c002ef6  PA:1c002ef6
27313759ns          483121 1c00953e 00df1023 sh               x13, 0(x30)         x13:0001febd x30:1c002e76  PA:1c002e76
27314077ns          483137 1c009542 01d59023 sh               x29, 0(x11)         x29:0000ff8b x11:1c002e96  PA:1c002e96
27314435ns          483155 1c009546 00e09023 sh               x14, 0(x1)          x14:0000fe3b  x1:1c002e86  PA:1c002e86
27314753ns          483171 1c00954a 01039023 sh               x16, 0(x7)          x16:0000ffc4  x7:1c002eb6  PA:1c002eb6
27315072ns          483187 1c00954e 00a29023 sh               x10, 0(x5)          x10:0000ff57  x5:1c002ea6  PA:1c002ea6
27315390ns          483203 1c009552 008b0b13 addi             x22, x22, 8         x22=0000019b x22:00000193
27315410ns          483204 1c009554 1f300793 addi             x15, x0, 499        x15=000001f3
27315430ns          483205 1c009558 e767dae3 bge              x15, x22, -396      x15:000001f3 x22:0000019b
27315529ns          483210 1c0093cc 010c9a0b p.lh             x20, 16(x25!)       x20=000000fe x25=1c0029ce x25:1c0029be  PA:1c0029be
27315827ns          483225 1c0093d0 0104198b p.lh             x19, 16(x8!)        x19=fffffff4  x8=1c002196  x8:1c002186  PA:1c002186
27316166ns          483242 1c0093d4 2cc10513 addi             x10, x2, 716        x10=10001fa4  x2:10001cd8
27316185ns          483243 1c0093d6 010a990b p.lh             x18, 16(x21!)       x18=000000f8 x21=1c0019c2 x21:1c0019b2  PA:1c0019b2
27316484ns          483258 1c0093da 010b948b p.lh             x9, 16(x23!)         x9=ffffffe5 x23=1c0011f2 x23:1c0011e2  PA:1c0011e2
27316782ns          483273 1c0093de 2d411623 sh               x20, 716(x2)        x20:000000fe  x2:10001cd8  PA:10001fa4
27316802ns          483274 1c0093e2 2d311723 sh               x19, 718(x2)        x19:fffffff4  x2:10001cd8  PA:10001fa6
27316822ns          483275 1c0093e6 c33ff0ef jal              x1, -974             x1=1c0093e8
27316862ns          483277 1c009018 00051803 lh               x16, 0(x10)         x16=000000fe x10:10001fa4  PA:10001fa4
27316881ns          483278 1c00901c 00251883 lh               x17, 2(x10)         x17=fffffff4 x10:10001fa4  PA:10001fa6
27316901ns          483279 1c009020 030806b3 mul              x13, x16, x16       x13=0000fc04 x16:000000fe x16:000000fe
27316921ns          483280 1c009024 03188633 mul              x12, x17, x17       x12=00000090 x17:fffffff4 x17:fffffff4
27316941ns          483281 1c009028 40a65613 srai             x12, x12, 0x40a     x12=00000000 x12:00000090
27316961ns          483282 1c00902a 40a6d693 srai             x13, x13, 0x40a     x13=0000003f x13:0000fc04
27316981ns          483283 1c00902c 00c686b3 add              x13, x13, x12       x13=0000003f x13:0000003f x12:00000000
27317001ns          483284 1c00902e 1006c633 p.exths          x12, x13, x0        x12=0000003f x13:0000003f
27317021ns          483285 1c009032 00855703 lhu              x14, 8(x10)         x14=0000ffd1 x10:10001fa4  PA:10001fac
27317080ns          483288 1c009036 00a55683 lhu              x13, 10(x10)        x13=0000ff6a x10:10001fa4  PA:10001fae
27317100ns          483289 1c00903a 02c60333 mul              x6, x12, x12         x6=00000f81 x12:0000003f x12:0000003f
27317120ns          483290 1c00903e 00c55783 lhu              x15, 12(x10)        x15=0000ffe5 x10:10001fa4  PA:10001fb0
27317140ns          483291 1c009042 00e55583 lhu              x11, 14(x10)        x11=00000060 x10:10001fa4  PA:10001fb2
27317160ns          483292 1c009046 dea30333 p.extract        x6, x6, 15, 10       x6=00000003  x6:00000f81
27317180ns          483293 1c00904a 80c7075b p.muls           x14, x14, x12       x14=fffff46f x14:0000ffd1 x12:0000003f
27317259ns          483297 1c00904e 80c686db p.muls           x13, x13, x12       x13=ffffdb16 x13:0000ff6a x12:0000003f
27317299ns          483299 1c009052 00455e83 lhu              x29, 4(x10)         x29=00000427 x10:10001fa4  PA:10001fa8
27317339ns          483301 1c009056 00655e03 lhu              x28, 6(x10)         x28=0000007f x10:10001fa4  PA:10001faa
27317359ns          483302 1c00905a 40a75713 srai             x14, x14, 0x40a     x14=fffffffd x14:fffff46f
27317379ns          483303 1c00905c 806787db p.muls           x15, x15, x6        x15=ffffffaf x15:0000ffe5  x6:00000003
27317399ns          483304 1c009060 40a6d693 srai             x13, x13, 0x40a     x13=fffffff6 x13:ffffdb16
27317418ns          483305 1c009062 8065865b p.muls           x12, x11, x6        x12=00000120 x11:00000060  x6:00000003
27317438ns          483306 1c009066 40a7d793 srai             x15, x15, 0x40a     x15=ffffffff x15:ffffffaf
27317458ns          483307 1c009068 40a65613 srai             x12, x12, 0x40a     x12=00000000 x12:00000120
27317478ns          483308 1c00906a 01d70733 add              x14, x14, x29       x14=00000424 x14:fffffffd x29:00000427
27317498ns          483309 1c00906c 01c686b3 add              x13, x13, x28       x13=00000075 x13:fffffff6 x28:0000007f
27317518ns          483310 1c00906e 00c686b3 add              x13, x13, x12       x13=00000075 x13:00000075 x12:00000000
27317538ns          483311 1c009070 00f70733 add              x14, x14, x15       x14=00000423 x14:00000424 x15:ffffffff
27317558ns          483312 1c009072 100747b3 p.exths          x15, x14, x0        x15=00000423 x14:00000423
27317578ns          483313 1c009076 1006c733 p.exths          x14, x13, x0        x14=00000075 x13:00000075
27317597ns          483314 1c00907a 03170633 mul              x12, x14, x17       x12=fffffa84 x14:00000075 x17:fffffff4
27317617ns          483315 1c00907e 030786b3 mul              x13, x15, x16       x13=00041aba x15:00000423 x16:000000fe
27317637ns          483316 1c009082 03070733 mul              x14, x14, x16       x14=00007416 x14:00000075 x16:000000fe
27317657ns          483317 1c009086 031787b3 mul              x15, x15, x17       x15=ffffce5c x15:00000423 x17:fffffff4
27317677ns          483318 1c00908a 40a6d693 srai             x13, x13, 0x40a     x13=00000106 x13:00041aba
27317697ns          483319 1c00908c 40a65613 srai             x12, x12, 0x40a     x12=fffffffe x12:fffffa84
27317717ns          483320 1c00908e 40a7d793 srai             x15, x15, 0x40a     x15=fffffff3 x15:ffffce5c
27317737ns          483321 1c009090 40a75713 srai             x14, x14, 0x40a     x14=0000001d x14:00007416
27317757ns          483322 1c009092 40c686b3 sub              x13, x13, x12       x13=00000108 x13:00000106 x12:fffffffe
27317776ns          483323 1c009094 00e787b3 add              x15, x15, x14       x15=00000010 x15:fffffff3 x14:0000001d
27317796ns          483324 1c009096 00d51823 sh               x13, 16(x10)        x13:00000108 x10:10001fa4  PA:10001fb4
27317816ns          483325 1c00909a 00f51923 sh               x15, 18(x10)        x15:00000010 x10:10001fa4  PA:10001fb6
27317836ns          483326 1c00909e 00008067 jalr             x0, x1, 0            x1:1c0093e8
27317916ns          483330 1c0093e8 2dc15583 lhu              x11, 732(x2)        x11=00000108  x2:10001cd8  PA:10001fb4
27317936ns          483331 1c0093ec 2de15783 lhu              x15, 734(x2)        x15=00000010  x2:10001cd8  PA:10001fb6
27317955ns          483332 1c0093f0 40b90933 sub              x18, x18, x11       x18=fffffff0 x18:000000f8 x11:00000108
27317975ns          483333 1c0093f4 40f484b3 sub              x9, x9, x15          x9=ffffffd5  x9:ffffffe5 x15:00000010
27317995ns          483334 1c0093f6 100945b3 p.exths          x11, x18, x0        x11=fffffff0 x18:fffffff0
27318015ns          483335 1c0093fa 1004c7b3 p.exths          x15, x9, x0         x15=ffffffd5  x9:ffffffd5
27318035ns          483336 1c0093fe 034586b3 mul              x13, x11, x20       x13=fffff020 x11:fffffff0 x20:000000fe
27318055ns          483337 1c009402 03378533 mul              x10, x15, x19       x10=00000204 x15:ffffffd5 x19:fffffff4
27318075ns          483338 1c009406 034a0633 mul              x12, x20, x20       x12=0000fc04 x20:000000fe x20:000000fe
27318095ns          483339 1c00940a 03398733 mul              x14, x19, x19       x14=00000090 x19:fffffff4 x19:fffffff4
27318115ns          483340 1c00940e 034787b3 mul              x15, x15, x20       x15=ffffd556 x15:ffffffd5 x20:000000fe
27318134ns          483341 1c009412 033585b3 mul              x11, x11, x19       x11=000000c0 x11:fffffff0 x19:fffffff4
27318154ns          483342 1c009416 40a75713 srai             x14, x14, 0x40a     x14=00000000 x14:00000090
27318174ns          483343 1c009418 40a5d593 srai             x11, x11, 0x40a     x11=00000000 x11:000000c0
27318194ns          483344 1c00941a 40a65613 srai             x12, x12, 0x40a     x12=0000003f x12:0000fc04
27318214ns          483345 1c00941c 40a7d793 srai             x15, x15, 0x40a     x15=fffffff5 x15:ffffd556
27318234ns          483346 1c00941e 1c0034b7 lui              x9, 0x1c003000       x9=1c003000
27318254ns          483347 1c009422 00e60633 add              x12, x12, x14       x12=0000003f x12:0000003f x14:00000000
27318274ns          483348 1c009424 40b787b3 sub              x15, x15, x11       x15=fffffff5 x15:fffffff5 x11:00000000
27318294ns          483349 1c009426 eb048493 addi             x9, x9, -336         x9=1c002eb0  x9:1c003000
27318313ns          483350 1c00942a 1c0032b7 lui              x5, 0x1c003000       x5=1c003000
27318333ns          483351 1c00942e 1c0035b7 lui              x11, 0x1c003000     x11=1c003000
27318353ns          483352 1c009432 018483b3 add              x7, x9, x24          x7=1c002eb6  x9:1c002eb0 x24:00000006
27318373ns          483353 1c009436 02812e83 lw               x29, 40(x2)         x29=1c002ec6  x2:10001cd8  PA:10001d00
27318393ns          483354 1c009438 10065633 p.exthz          x12, x12, x0        x12=0000003f x12:0000003f
27318413ns          483355 1c00943c e8028293 addi             x5, x5, -384         x5=1c002e80  x5:1c003000
27318433ns          483356 1c009440 ea058593 addi             x11, x11, -352      x11=1c002ea0 x11:1c003000
27318453ns          483357 1c009444 03812483 lw               x9, 56(x2)           x9=1c002ee6  x2:10001cd8  PA:10001d10
27318473ns          483358 1c009446 10064733 p.exths          x14, x12, x0        x14=0000003f x12:0000003f
27318492ns          483359 1c00944a 018280b3 add              x1, x5, x24          x1=1c002e86  x5:1c002e80 x24:00000006
27318512ns          483360 1c00944e 03012f03 lw               x30, 48(x2)         x30=1c002ed6  x2:10001cd8  PA:10001d08
27318532ns          483361 1c009450 018582b3 add              x5, x11, x24         x5=1c002ea6 x11:1c002ea0 x24:00000006
27318552ns          483362 1c009454 04012583 lw               x11, 64(x2)         x11=1c002ef6  x2:10001cd8  PA:10001d18
27318572ns          483363 1c009456 000edd83 lhu              x27, 0(x29)         x27=00001b2a x29:1c002ec6  PA:1c002ec6
27318910ns          483380 1c00945a 0004d483 lhu              x9, 0(x9)            x9=0000020e  x9:1c002ee6  PA:1c002ee6
27319308ns          483400 1c00945e 02e70333 mul              x6, x14, x14         x6=00000f81 x14:0000003f x14:0000003f
27319328ns          483401 1c009462 40a55513 srai             x10, x10, 0x40a     x10=00000000 x10:00000204
27319348ns          483402 1c009464 04812e83 lw               x29, 72(x2)         x29=1c002f06  x2:10001cd8  PA:10001d20
27319367ns          483403 1c009466 40a6d693 srai             x13, x13, 0x40a     x13=fffffffc x13:fffff020
27319387ns          483404 1c009468 000f5d03 lhu              x26, 0(x30)         x26=00000689 x30:1c002ed6  PA:1c002ed6
27319745ns          483422 1c00946c 0005d583 lhu              x11, 0(x11)         x11=000000bd x11:1c002ef6  PA:1c002ef6
27320044ns          483437 1c009470 40a35313 srai             x6, x6, 0x40a        x6=00000003  x6:00000f81
27320064ns          483438 1c009474 00a686b3 add              x13, x13, x10       x13=fffffffc x13:fffffffc x10:00000000
27320083ns          483439 1c009476 05012f03 lw               x30, 80(x2)         x30=1c002e76  x2:10001cd8  PA:10001d28
27320103ns          483440 1c009478 10034e33 p.exths          x28, x6, x0         x28=00000003  x6:00000003
27320123ns          483441 1c00947c 06911023 sh               x9, 96(x2)           x9:0000020e  x2:10001cd8  PA:10001d38
27320143ns          483442 1c009480 000ede83 lhu              x29, 0(x29)         x29=00000049 x29:1c002f06  PA:1c002f06
27320561ns          483463 1c009484 05812483 lw               x9, 88(x2)           x9=1c002e66  x2:10001cd8  PA:10001d30
27320581ns          483464 1c009486 1006d6b3 p.exthz          x13, x13, x0        x13=0000fffc x13:fffffffc
27320601ns          483465 1c00948a 02ee08b3 mul              x17, x28, x14       x17=000000bd x28:00000003 x14:0000003f
27320620ns          483466 1c00948e 1006c833 p.exths          x16, x13, x0        x16=fffffffc x13:0000fffc
27320640ns          483467 1c009492 06b11823 sh               x11, 112(x2)        x11:000000bd  x2:10001cd8  PA:10001d48
27320660ns          483468 1c009496 000f5f03 lhu              x30, 0(x30)         x30=0000febd x30:1c002e76  PA:1c002e76
27320959ns          483483 1c00949a 0a012583 lw               x11, 160(x2)        x11=1c002e96  x2:10001cd8  PA:10001d78
27320978ns          483484 1c00949c 1007d7b3 p.exthz          x15, x15, x0        x15=0000fff5 x15:fffffff5
27320998ns          483485 1c0094a0 0004da03 lhu              x20, 0(x9)          x20=0000f9b3  x9:1c002e66  PA:1c002e66
27321297ns          483500 1c0094a4 1007c533 p.exths          x10, x15, x0        x10=fffffff5 x15:0000fff5
27321317ns          483501 1c0094a8 09d11023 sh               x29, 128(x2)        x29:00000049  x2:10001cd8  PA:10001d58
27321336ns          483502 1c0094ac 0003d483 lhu              x9, 0(x7)            x9=0000ffc4  x7:1c002eb6  PA:1c002eb6
27321694ns          483520 1c0094b0 02e80eb3 mul              x29, x16, x14       x29=ffffff04 x16:fffffffc x14:0000003f
27321714ns          483521 1c0094b4 40a8d893 srai             x17, x17, 0x40a     x17=00000000 x17:000000bd
27321734ns          483522 1c0094b8 03c80833 mul              x16, x16, x28       x16=fffffff4 x16:fffffffc x28:00000003
27321754ns          483523 1c0094bc 09e11823 sh               x30, 144(x2)        x30:0000febd  x2:10001cd8  PA:10001d68
27321774ns          483524 1c0094c0 0005d983 lhu              x19, 0(x11)         x19=0000ff8b x11:1c002e96  PA:1c002e96
27322092ns          483540 1c0094c4 81c88f5b p.muls           x30, x17, x28       x30=00000000 x17:00000000 x28:00000003
27322112ns          483541 1c0094c8 0002d583 lhu              x11, 0(x5)          x11=0000ff57  x5:1c002ea6  PA:1c002ea6
27322410ns          483556 1c0094cc 03ce0fb3 mul              x31, x28, x28       x31=00000009 x28:00000003 x28:00000003
27322430ns          483557 1c0094d0 02e50733 mul              x14, x10, x14       x14=fffffd4b x10:fffffff5 x14:0000003f
27322450ns          483558 1c0094d4 40a85813 srai             x16, x16, 0x40a     x16=ffffffff x16:fffffff4
27322470ns          483559 1c0094d8 03c50533 mul              x10, x10, x28       x10=ffffffdf x10:fffffff5 x28:00000003
27322490ns          483560 1c0094dc 07015e03 lhu              x28, 112(x2)        x28=000000bd  x2:10001cd8  PA:10001d48
27322530ns          483562 1c0094e0 01b60633 add              x12, x12, x27       x12=00001b69 x12:0000003f x27:00001b2a
27322550ns          483563 1c0094e2 00980833 add              x16, x16, x9        x16=0000ffc3 x16:ffffffff  x9:0000ffc4
27322569ns          483564 1c0094e4 06015d83 lhu              x27, 96(x2)         x27=0000020e  x2:10001cd8  PA:10001d38
27322589ns          483565 1c0094e8 02812483 lw               x9, 40(x2)           x9=1c002ec6  x2:10001cd8  PA:10001d00
27322609ns          483566 1c0094ea 40afdf93 srai             x31, x31, 0x40a     x31=00000000 x31:00000009
27322629ns          483567 1c0094ee 40a55513 srai             x10, x10, 0x40a     x10=ffffffff x10:ffffffdf
27322649ns          483568 1c0094f0 01cf8fb3 add              x31, x31, x28       x31=000000bd x31:00000000 x28:000000bd
27322669ns          483569 1c0094f2 00b50533 add              x10, x10, x11       x10=0000ff56 x10:ffffffff x11:0000ff57
27322689ns          483570 1c0094f4 09015e03 lhu              x28, 144(x2)        x28=0000febd  x2:10001cd8  PA:10001d68
27322709ns          483571 1c0094f8 03012583 lw               x11, 48(x2)         x11=1c002ed6  x2:10001cd8  PA:10001d08
27322729ns          483572 1c0094fa 00c49023 sh               x12, 0(x9)          x12:00001b69  x9:1c002ec6  PA:1c002ec6
27323067ns          483589 1c0094fe 01b888b3 add              x17, x17, x27       x17=0000020e x17:00000000 x27:0000020e
27323087ns          483590 1c009500 01a30333 add              x6, x6, x26          x6=0000068c  x6:00000003 x26:00000689
27323106ns          483591 1c009502 08015d83 lhu              x27, 128(x2)        x27=00000049  x2:10001cd8  PA:10001d58
27323126ns          483592 1c009506 0000d903 lhu              x18, 0(x1)          x18=0000fe3b  x1:1c002e86  PA:1c002e86
27323425ns          483607 1c00950a 01c686b3 add              x13, x13, x28       x13=0001feb9 x13:0000fffc x28:0000febd
27323445ns          483608 1c00950c 00659023 sh               x6, 0(x11)           x6:0000068c x11:1c002ed6  PA:1c002ed6
27323763ns          483624 1c009510 40af5f13 srai             x30, x30, 0x40a     x30=00000000 x30:00000000
27323783ns          483625 1c009514 04812e03 lw               x28, 72(x2)         x28=1c002f06  x2:10001cd8  PA:10001d20
27323803ns          483626 1c009516 01bf0f33 add              x30, x30, x27       x30=00000049 x30:00000000 x27:00000049
27323822ns          483627 1c009518 40aede93 srai             x29, x29, 0x40a     x29=ffffffff x29:ffffff04
27323842ns          483628 1c00951c 40a75713 srai             x14, x14, 0x40a     x14=ffffffff x14:fffffd4b
27323862ns          483629 1c00951e 03812603 lw               x12, 56(x2)         x12=1c002ee6  x2:10001cd8  PA:10001d10
27323882ns          483630 1c009520 04012d83 lw               x27, 64(x2)         x27=1c002ef6  x2:10001cd8  PA:10001d18
27323902ns          483631 1c009522 01ee1023 sh               x30, 0(x28)         x30:00000049 x28:1c002f06  PA:1c002f06
27324240ns          483648 1c009526 05812483 lw               x9, 88(x2)           x9=1c002e66  x2:10001cd8  PA:10001d30
27324260ns          483649 1c009528 05012f03 lw               x30, 80(x2)         x30=1c002e76  x2:10001cd8  PA:10001d28
27324280ns          483650 1c00952a 0a012583 lw               x11, 160(x2)        x11=1c002e96  x2:10001cd8  PA:10001d78
27324300ns          483651 1c00952c 014787b3 add              x15, x15, x20       x15=0001f9a8 x15:0000fff5 x20:0000f9b3
27324320ns          483652 1c00952e 013e8eb3 add              x29, x29, x19       x29=0000ff8a x29:ffffffff x19:0000ff8b
27324339ns          483653 1c009530 01270733 add              x14, x14, x18       x14=0000fe3a x14:ffffffff x18:0000fe3b
27324359ns          483654 1c009532 00f49023 sh               x15, 0(x9)          x15:0001f9a8  x9:1c002e66  PA:1c002e66
27324678ns          483670 1c009536 01161023 sh               x17, 0(x12)         x17:0000020e x12:1c002ee6  PA:1c002ee6
27324996ns          483686 1c00953a 01fd9023 sh               x31, 0(x27)         x31:000000bd x27:1c002ef6  PA:1c002ef6
27325314ns          483702 1c00953e 00df1023 sh               x13, 0(x30)         x13:0001feb9 x30:1c002e76  PA:1c002e76
27325632ns          483718 1c009542 01d59023 sh               x29, 0(x11)         x29:0000ff8a x11:1c002e96  PA:1c002e96
27325950ns          483734 1c009546 00e09023 sh               x14, 0(x1)          x14:0000fe3a  x1:1c002e86  PA:1c002e86
27326289ns          483751 1c00954a 01039023 sh               x16, 0(x7)          x16:0000ffc3  x7:1c002eb6  PA:1c002eb6
27326607ns          483767 1c00954e 00a29023 sh               x10, 0(x5)          x10:0000ff56  x5:1c002ea6  PA:1c002ea6
27326945ns          483784 1c009552 008b0b13 addi             x22, x22, 8         x22=000001a3 x22:0000019b
27326965ns          483785 1c009554 1f300793 addi             x15, x0, 499        x15=000001f3
27326985ns          483786 1c009558 e767dae3 bge              x15, x22, -396      x15:000001f3 x22:000001a3
27327044ns          483789 1c0093cc 010c9a0b p.lh             x20, 16(x25!)       x20=ffffffb0 x25=1c0029de x25:1c0029ce  PA:1c0029ce
27327362ns          483805 1c0093d0 0104198b p.lh             x19, 16(x8!)        x19=ffffff96  x8=1c0021a6  x8:1c002196  PA:1c002196
27327661ns          483820 1c0093d4 2cc10513 addi             x10, x2, 716        x10=10001fa4  x2:10001cd8
27327681ns          483821 1c0093d6 010a990b p.lh             x18, 16(x21!)       x18=ffffffab x21=1c0019d2 x21:1c0019c2  PA:1c0019c2
27327979ns          483836 1c0093da 010b948b p.lh             x9, 16(x23!)         x9=ffffff88 x23=1c001202 x23:1c0011f2  PA:1c0011f2
27328297ns          483852 1c0093de 2d411623 sh               x20, 716(x2)        x20:ffffffb0  x2:10001cd8  PA:10001fa4
27328317ns          483853 1c0093e2 2d311723 sh               x19, 718(x2)        x19:ffffff96  x2:10001cd8  PA:10001fa6
27328337ns          483854 1c0093e6 c33ff0ef jal              x1, -974             x1=1c0093e8
27328377ns          483856 1c009018 00051803 lh               x16, 0(x10)         x16=ffffffb0 x10:10001fa4  PA:10001fa4
27328397ns          483857 1c00901c 00251883 lh               x17, 2(x10)         x17=ffffff96 x10:10001fa4  PA:10001fa6
27328456ns          483860 1c009020 030806b3 mul              x13, x16, x16       x13=00001900 x16:ffffffb0 x16:ffffffb0
27328496ns          483862 1c009024 03188633 mul              x12, x17, x17       x12=00002be4 x17:ffffff96 x17:ffffff96
27328516ns          483863 1c009028 40a65613 srai             x12, x12, 0x40a     x12=0000000a x12:00002be4
27328536ns          483864 1c00902a 40a6d693 srai             x13, x13, 0x40a     x13=00000006 x13:00001900
27328556ns          483865 1c00902c 00c686b3 add              x13, x13, x12       x13=00000010 x13:00000006 x12:0000000a
27328576ns          483866 1c00902e 1006c633 p.exths          x12, x13, x0        x12=00000010 x13:00000010
27328596ns          483867 1c009032 00855703 lhu              x14, 8(x10)         x14=0000ffd1 x10:10001fa4  PA:10001fac
27328615ns          483868 1c009036 00a55683 lhu              x13, 10(x10)        x13=0000ff6a x10:10001fa4  PA:10001fae
27328635ns          483869 1c00903a 02c60333 mul              x6, x12, x12         x6=00000100 x12:00000010 x12:00000010
27328675ns          483871 1c00903e 00c55783 lhu              x15, 12(x10)        x15=0000ffe5 x10:10001fa4  PA:10001fb0
27328715ns          483873 1c009042 00e55583 lhu              x11, 14(x10)        x11=00000060 x10:10001fa4  PA:10001fb2
27328735ns          483874 1c009046 dea30333 p.extract        x6, x6, 15, 10       x6=00000000  x6:00000100
27328755ns          483875 1c00904a 80c7075b p.muls           x14, x14, x12       x14=fffffd10 x14:0000ffd1 x12:00000010
27328814ns          483878 1c00904e 80c686db p.muls           x13, x13, x12       x13=fffff6a0 x13:0000ff6a x12:00000010
27328854ns          483880 1c009052 00455e83 lhu              x29, 4(x10)         x29=00000427 x10:10001fa4  PA:10001fa8
27328914ns          483883 1c009056 00655e03 lhu              x28, 6(x10)         x28=0000007f x10:10001fa4  PA:10001faa
27328934ns          483884 1c00905a 40a75713 srai             x14, x14, 0x40a     x14=ffffffff x14:fffffd10
27328954ns          483885 1c00905c 806787db p.muls           x15, x15, x6        x15=00000000 x15:0000ffe5  x6:00000000
27328973ns          483886 1c009060 40a6d693 srai             x13, x13, 0x40a     x13=fffffffd x13:fffff6a0
27328993ns          483887 1c009062 8065865b p.muls           x12, x11, x6        x12=00000000 x11:00000060  x6:00000000
27329013ns          483888 1c009066 40a7d793 srai             x15, x15, 0x40a     x15=00000000 x15:00000000
27329033ns          483889 1c009068 40a65613 srai             x12, x12, 0x40a     x12=00000000 x12:00000000
27329053ns          483890 1c00906a 01d70733 add              x14, x14, x29       x14=00000426 x14:ffffffff x29:00000427
27329073ns          483891 1c00906c 01c686b3 add              x13, x13, x28       x13=0000007c x13:fffffffd x28:0000007f
27329093ns          483892 1c00906e 00c686b3 add              x13, x13, x12       x13=0000007c x13:0000007c x12:00000000
27329113ns          483893 1c009070 00f70733 add              x14, x14, x15       x14=00000426 x14:00000426 x15:00000000
27329132ns          483894 1c009072 100747b3 p.exths          x15, x14, x0        x15=00000426 x14:00000426
27329152ns          483895 1c009076 1006c733 p.exths          x14, x13, x0        x14=0000007c x13:0000007c
27329172ns          483896 1c00907a 03170633 mul              x12, x14, x17       x12=ffffcca8 x14:0000007c x17:ffffff96
27329192ns          483897 1c00907e 030786b3 mul              x13, x15, x16       x13=fffeb420 x15:00000426 x16:ffffffb0
27329212ns          483898 1c009082 03070733 mul              x14, x14, x16       x14=ffffd940 x14:0000007c x16:ffffffb0
27329232ns          483899 1c009086 031787b3 mul              x15, x15, x17       x15=fffe4844 x15:00000426 x17:ffffff96
27329252ns          483900 1c00908a 40a6d693 srai             x13, x13, 0x40a     x13=ffffffad x13:fffeb420
27329272ns          483901 1c00908c 40a65613 srai             x12, x12, 0x40a     x12=fffffff3 x12:ffffcca8
27329292ns          483902 1c00908e 40a7d793 srai             x15, x15, 0x40a     x15=ffffff92 x15:fffe4844
27329311ns          483903 1c009090 40a75713 srai             x14, x14, 0x40a     x14=fffffff6 x14:ffffd940
27329331ns          483904 1c009092 40c686b3 sub              x13, x13, x12       x13=ffffffba x13:ffffffad x12:fffffff3
27329351ns          483905 1c009094 00e787b3 add              x15, x15, x14       x15=ffffff88 x15:ffffff92 x14:fffffff6
27329371ns          483906 1c009096 00d51823 sh               x13, 16(x10)        x13:ffffffba x10:10001fa4  PA:10001fb4
27329411ns          483908 1c00909a 00f51923 sh               x15, 18(x10)        x15:ffffff88 x10:10001fa4  PA:10001fb6
27329431ns          483909 1c00909e 00008067 jalr             x0, x1, 0            x1:1c0093e8
27329471ns          483911 1c0093e8 2dc15583 lhu              x11, 732(x2)        x11=0000ffba  x2:10001cd8  PA:10001fb4
27329490ns          483912 1c0093ec 2de15783 lhu              x15, 734(x2)        x15=0000ff88  x2:10001cd8  PA:10001fb6
27329510ns          483913 1c0093f0 40b90933 sub              x18, x18, x11       x18=fffefff1 x18:ffffffab x11:0000ffba
27329530ns          483914 1c0093f4 40f484b3 sub              x9, x9, x15          x9=ffff0000  x9:ffffff88 x15:0000ff88
27329550ns          483915 1c0093f6 100945b3 p.exths          x11, x18, x0        x11=fffffff1 x18:fffefff1
27329570ns          483916 1c0093fa 1004c7b3 p.exths          x15, x9, x0         x15=00000000  x9:ffff0000
27329590ns          483917 1c0093fe 034586b3 mul              x13, x11, x20       x13=000004b0 x11:fffffff1 x20:ffffffb0
27329610ns          483918 1c009402 03378533 mul              x10, x15, x19       x10=00000000 x15:00000000 x19:ffffff96
27329630ns          483919 1c009406 034a0633 mul              x12, x20, x20       x12=00001900 x20:ffffffb0 x20:ffffffb0
27329650ns          483920 1c00940a 03398733 mul              x14, x19, x19       x14=00002be4 x19:ffffff96 x19:ffffff96
27329669ns          483921 1c00940e 034787b3 mul              x15, x15, x20       x15=00000000 x15:00000000 x20:ffffffb0
27329689ns          483922 1c009412 033585b3 mul              x11, x11, x19       x11=00000636 x11:fffffff1 x19:ffffff96
27329709ns          483923 1c009416 40a75713 srai             x14, x14, 0x40a     x14=0000000a x14:00002be4
27329729ns          483924 1c009418 40a5d593 srai             x11, x11, 0x40a     x11=00000001 x11:00000636
27329749ns          483925 1c00941a 40a65613 srai             x12, x12, 0x40a     x12=00000006 x12:00001900
27329769ns          483926 1c00941c 40a7d793 srai             x15, x15, 0x40a     x15=00000000 x15:00000000
27329789ns          483927 1c00941e 1c0034b7 lui              x9, 0x1c003000       x9=1c003000
27329809ns          483928 1c009422 00e60633 add              x12, x12, x14       x12=00000010 x12:00000006 x14:0000000a
27329829ns          483929 1c009424 40b787b3 sub              x15, x15, x11       x15=ffffffff x15:00000000 x11:00000001
27329848ns          483930 1c009426 eb048493 addi             x9, x9, -336         x9=1c002eb0  x9:1c003000
27329868ns          483931 1c00942a 1c0032b7 lui              x5, 0x1c003000       x5=1c003000
27329888ns          483932 1c00942e 1c0035b7 lui              x11, 0x1c003000     x11=1c003000
27329908ns          483933 1c009432 018483b3 add              x7, x9, x24          x7=1c002eb6  x9:1c002eb0 x24:00000006
27329928ns          483934 1c009436 02812e83 lw               x29, 40(x2)         x29=1c002ec6  x2:10001cd8  PA:10001d00
27329948ns          483935 1c009438 10065633 p.exthz          x12, x12, x0        x12=00000010 x12:00000010
27329968ns          483936 1c00943c e8028293 addi             x5, x5, -384         x5=1c002e80  x5:1c003000
27329988ns          483937 1c009440 ea058593 addi             x11, x11, -352      x11=1c002ea0 x11:1c003000
27330008ns          483938 1c009444 03812483 lw               x9, 56(x2)           x9=1c002ee6  x2:10001cd8  PA:10001d10
27330027ns          483939 1c009446 10064733 p.exths          x14, x12, x0        x14=00000010 x12:00000010
27330047ns          483940 1c00944a 018280b3 add              x1, x5, x24          x1=1c002e86  x5:1c002e80 x24:00000006
27330067ns          483941 1c00944e 03012f03 lw               x30, 48(x2)         x30=1c002ed6  x2:10001cd8  PA:10001d08
27330087ns          483942 1c009450 018582b3 add              x5, x11, x24         x5=1c002ea6 x11:1c002ea0 x24:00000006
27330107ns          483943 1c009454 04012583 lw               x11, 64(x2)         x11=1c002ef6  x2:10001cd8  PA:10001d18
27330127ns          483944 1c009456 000edd83 lhu              x27, 0(x29)         x27=00001b69 x29:1c002ec6  PA:1c002ec6
27330485ns          483962 1c00945a 0004d483 lhu              x9, 0(x9)            x9=0000020e  x9:1c002ee6  PA:1c002ee6
27330803ns          483978 1c00945e 02e70333 mul              x6, x14, x14         x6=00000100 x14:00000010 x14:00000010
27330823ns          483979 1c009462 40a55513 srai             x10, x10, 0x40a     x10=00000000 x10:00000000
27330843ns          483980 1c009464 04812e83 lw               x29, 72(x2)         x29=1c002f06  x2:10001cd8  PA:10001d20
27330863ns          483981 1c009466 40a6d693 srai             x13, x13, 0x40a     x13=00000001 x13:000004b0
27330883ns          483982 1c009468 000f5d03 lhu              x26, 0(x30)         x26=0000068c x30:1c002ed6  PA:1c002ed6
27331181ns          483997 1c00946c 0005d583 lhu              x11, 0(x11)         x11=000000bd x11:1c002ef6  PA:1c002ef6
27331479ns          484012 1c009470 40a35313 srai             x6, x6, 0x40a        x6=00000000  x6:00000100
27331499ns          484013 1c009474 00a686b3 add              x13, x13, x10       x13=00000001 x13:00000001 x10:00000000
27331519ns          484014 1c009476 05012f03 lw               x30, 80(x2)         x30=1c002e76  x2:10001cd8  PA:10001d28
27331539ns          484015 1c009478 10034e33 p.exths          x28, x6, x0         x28=00000000  x6:00000000
27331559ns          484016 1c00947c 06911023 sh               x9, 96(x2)           x9:0000020e  x2:10001cd8  PA:10001d38
27331579ns          484017 1c009480 000ede83 lhu              x29, 0(x29)         x29=00000049 x29:1c002f06  PA:1c002f06
27331877ns          484032 1c009484 05812483 lw               x9, 88(x2)           x9=1c002e66  x2:10001cd8  PA:10001d30
27331897ns          484033 1c009486 1006d6b3 p.exthz          x13, x13, x0        x13=00000001 x13:00000001
27331917ns          484034 1c00948a 02ee08b3 mul              x17, x28, x14       x17=00000000 x28:00000000 x14:00000010
27331937ns          484035 1c00948e 1006c833 p.exths          x16, x13, x0        x16=00000001 x13:00000001
27331957ns          484036 1c009492 06b11823 sh               x11, 112(x2)        x11:000000bd  x2:10001cd8  PA:10001d48
27331976ns          484037 1c009496 000f5f03 lhu              x30, 0(x30)         x30=0000feb9 x30:1c002e76  PA:1c002e76
27332334ns          484055 1c00949a 0a012583 lw               x11, 160(x2)        x11=1c002e96  x2:10001cd8  PA:10001d78
27332354ns          484056 1c00949c 1007d7b3 p.exthz          x15, x15, x0        x15=0000ffff x15:ffffffff
27332374ns          484057 1c0094a0 0004da03 lhu              x20, 0(x9)          x20=0000f9a8  x9:1c002e66  PA:1c002e66
27332732ns          484075 1c0094a4 1007c533 p.exths          x10, x15, x0        x10=ffffffff x15:0000ffff
27332752ns          484076 1c0094a8 09d11023 sh               x29, 128(x2)        x29:00000049  x2:10001cd8  PA:10001d58
27332772ns          484077 1c0094ac 0003d483 lhu              x9, 0(x7)            x9=0000ffc3  x7:1c002eb6  PA:1c002eb6
27333249ns          484101 1c0094b0 02e80eb3 mul              x29, x16, x14       x29=00000010 x16:00000001 x14:00000010
27333269ns          484102 1c0094b4 40a8d893 srai             x17, x17, 0x40a     x17=00000000 x17:00000000
27333289ns          484103 1c0094b8 03c80833 mul              x16, x16, x28       x16=00000000 x16:00000001 x28:00000000
27333309ns          484104 1c0094bc 09e11823 sh               x30, 144(x2)        x30:0000feb9  x2:10001cd8  PA:10001d68
27333329ns          484105 1c0094c0 0005d983 lhu              x19, 0(x11)         x19=0000ff8a x11:1c002e96  PA:1c002e96
27333627ns          484120 1c0094c4 81c88f5b p.muls           x30, x17, x28       x30=00000000 x17:00000000 x28:00000000
27333647ns          484121 1c0094c8 0002d583 lhu              x11, 0(x5)          x11=0000ff56  x5:1c002ea6  PA:1c002ea6
27333965ns          484137 1c0094cc 03ce0fb3 mul              x31, x28, x28       x31=00000000 x28:00000000 x28:00000000
27333985ns          484138 1c0094d0 02e50733 mul              x14, x10, x14       x14=fffffff0 x10:ffffffff x14:00000010
27334005ns          484139 1c0094d4 40a85813 srai             x16, x16, 0x40a     x16=00000000 x16:00000000
27334025ns          484140 1c0094d8 03c50533 mul              x10, x10, x28       x10=00000000 x10:ffffffff x28:00000000
27334045ns          484141 1c0094dc 07015e03 lhu              x28, 112(x2)        x28=000000bd  x2:10001cd8  PA:10001d48
27334065ns          484142 1c0094e0 01b60633 add              x12, x12, x27       x12=00001b79 x12:00000010 x27:00001b69
27334085ns          484143 1c0094e2 00980833 add              x16, x16, x9        x16=0000ffc3 x16:00000000  x9:0000ffc3
27334104ns          484144 1c0094e4 06015d83 lhu              x27, 96(x2)         x27=0000020e  x2:10001cd8  PA:10001d38
27334124ns          484145 1c0094e8 02812483 lw               x9, 40(x2)           x9=1c002ec6  x2:10001cd8  PA:10001d00
27334144ns          484146 1c0094ea 40afdf93 srai             x31, x31, 0x40a     x31=00000000 x31:00000000
27334164ns          484147 1c0094ee 40a55513 srai             x10, x10, 0x40a     x10=00000000 x10:00000000
27334184ns          484148 1c0094f0 01cf8fb3 add              x31, x31, x28       x31=000000bd x31:00000000 x28:000000bd
27334204ns          484149 1c0094f2 00b50533 add              x10, x10, x11       x10=0000ff56 x10:00000000 x11:0000ff56
27334224ns          484150 1c0094f4 09015e03 lhu              x28, 144(x2)        x28=0000feb9  x2:10001cd8  PA:10001d68
27334244ns          484151 1c0094f8 03012583 lw               x11, 48(x2)         x11=1c002ed6  x2:10001cd8  PA:10001d08
27334264ns          484152 1c0094fa 00c49023 sh               x12, 0(x9)          x12:00001b79  x9:1c002ec6  PA:1c002ec6
27334602ns          484169 1c0094fe 01b888b3 add              x17, x17, x27       x17=0000020e x17:00000000 x27:0000020e
27334622ns          484170 1c009500 01a30333 add              x6, x6, x26          x6=0000068c  x6:00000000 x26:0000068c
27334641ns          484171 1c009502 08015d83 lhu              x27, 128(x2)        x27=00000049  x2:10001cd8  PA:10001d58
27334661ns          484172 1c009506 0000d903 lhu              x18, 0(x1)          x18=0000fe3a  x1:1c002e86  PA:1c002e86
27334960ns          484187 1c00950a 01c686b3 add              x13, x13, x28       x13=0000feba x13:00000001 x28:0000feb9
27334980ns          484188 1c00950c 00659023 sh               x6, 0(x11)           x6:0000068c x11:1c002ed6  PA:1c002ed6
27335298ns          484204 1c009510 40af5f13 srai             x30, x30, 0x40a     x30=00000000 x30:00000000
27335318ns          484205 1c009514 04812e03 lw               x28, 72(x2)         x28=1c002f06  x2:10001cd8  PA:10001d20
27335338ns          484206 1c009516 01bf0f33 add              x30, x30, x27       x30=00000049 x30:00000000 x27:00000049
27335357ns          484207 1c009518 40aede93 srai             x29, x29, 0x40a     x29=00000000 x29:00000010
27335377ns          484208 1c00951c 40a75713 srai             x14, x14, 0x40a     x14=ffffffff x14:fffffff0
27335397ns          484209 1c00951e 03812603 lw               x12, 56(x2)         x12=1c002ee6  x2:10001cd8  PA:10001d10
27335417ns          484210 1c009520 04012d83 lw               x27, 64(x2)         x27=1c002ef6  x2:10001cd8  PA:10001d18
27335437ns          484211 1c009522 01ee1023 sh               x30, 0(x28)         x30:00000049 x28:1c002f06  PA:1c002f06
27335755ns          484227 1c009526 05812483 lw               x9, 88(x2)           x9=1c002e66  x2:10001cd8  PA:10001d30
27335775ns          484228 1c009528 05012f03 lw               x30, 80(x2)         x30=1c002e76  x2:10001cd8  PA:10001d28
27335795ns          484229 1c00952a 0a012583 lw               x11, 160(x2)        x11=1c002e96  x2:10001cd8  PA:10001d78
27335815ns          484230 1c00952c 014787b3 add              x15, x15, x20       x15=0001f9a7 x15:0000ffff x20:0000f9a8
27335835ns          484231 1c00952e 013e8eb3 add              x29, x29, x19       x29=0000ff8a x29:00000000 x19:0000ff8a
27335855ns          484232 1c009530 01270733 add              x14, x14, x18       x14=0000fe39 x14:ffffffff x18:0000fe3a
27335875ns          484233 1c009532 00f49023 sh               x15, 0(x9)          x15:0001f9a7  x9:1c002e66  PA:1c002e66
27336193ns          484249 1c009536 01161023 sh               x17, 0(x12)         x17:0000020e x12:1c002ee6  PA:1c002ee6
27336511ns          484265 1c00953a 01fd9023 sh               x31, 0(x27)         x31:000000bd x27:1c002ef6  PA:1c002ef6
27336829ns          484281 1c00953e 00df1023 sh               x13, 0(x30)         x13:0000feba x30:1c002e76  PA:1c002e76
27337147ns          484297 1c009542 01d59023 sh               x29, 0(x11)         x29:0000ff8a x11:1c002e96  PA:1c002e96
27337485ns          484314 1c009546 00e09023 sh               x14, 0(x1)          x14:0000fe39  x1:1c002e86  PA:1c002e86
27337804ns          484330 1c00954a 01039023 sh               x16, 0(x7)          x16:0000ffc3  x7:1c002eb6  PA:1c002eb6
27338122ns          484346 1c00954e 00a29023 sh               x10, 0(x5)          x10:0000ff56  x5:1c002ea6  PA:1c002ea6
27338460ns          484363 1c009552 008b0b13 addi             x22, x22, 8         x22=000001ab x22:000001a3
27338480ns          484364 1c009554 1f300793 addi             x15, x0, 499        x15=000001f3
27338500ns          484365 1c009558 e767dae3 bge              x15, x22, -396      x15:000001f3 x22:000001ab
27338639ns          484372 1c0093cc 010c9a0b p.lh             x20, 16(x25!)       x20=000000f9 x25=1c0029ee x25:1c0029de  PA:1c0029de
27338957ns          484388 1c0093d0 0104198b p.lh             x19, 16(x8!)        x19=000000ca  x8=1c0021b6  x8:1c0021a6  PA:1c0021a6
27339255ns          484403 1c0093d4 2cc10513 addi             x10, x2, 716        x10=10001fa4  x2:10001cd8
27339275ns          484404 1c0093d6 010a990b p.lh             x18, 16(x21!)       x18=00000100 x21=1c0019e2 x21:1c0019d2  PA:1c0019d2
27339594ns          484420 1c0093da 010b948b p.lh             x9, 16(x23!)         x9=000000bc x23=1c001212 x23:1c001202  PA:1c001202
27339892ns          484435 1c0093de 2d411623 sh               x20, 716(x2)        x20:000000f9  x2:10001cd8  PA:10001fa4
27339912ns          484436 1c0093e2 2d311723 sh               x19, 718(x2)        x19:000000ca  x2:10001cd8  PA:10001fa6
27339932ns          484437 1c0093e6 c33ff0ef jal              x1, -974             x1=1c0093e8
27340011ns          484441 1c009018 00051803 lh               x16, 0(x10)         x16=000000f9 x10:10001fa4  PA:10001fa4
27340051ns          484443 1c00901c 00251883 lh               x17, 2(x10)         x17=000000ca x10:10001fa4  PA:10001fa6
27340071ns          484444 1c009020 030806b3 mul              x13, x16, x16       x13=0000f231 x16:000000f9 x16:000000f9
27340091ns          484445 1c009024 03188633 mul              x12, x17, x17       x12=00009f64 x17:000000ca x17:000000ca
27340111ns          484446 1c009028 40a65613 srai             x12, x12, 0x40a     x12=00000027 x12:00009f64
27340131ns          484447 1c00902a 40a6d693 srai             x13, x13, 0x40a     x13=0000003c x13:0000f231
27340150ns          484448 1c00902c 00c686b3 add              x13, x13, x12       x13=00000063 x13:0000003c x12:00000027
27340170ns          484449 1c00902e 1006c633 p.exths          x12, x13, x0        x12=00000063 x13:00000063
27340190ns          484450 1c009032 00855703 lhu              x14, 8(x10)         x14=0000ffd1 x10:10001fa4  PA:10001fac
27340210ns          484451 1c009036 00a55683 lhu              x13, 10(x10)        x13=0000ff6a x10:10001fa4  PA:10001fae
27340230ns          484452 1c00903a 02c60333 mul              x6, x12, x12         x6=00002649 x12:00000063 x12:00000063
27340250ns          484453 1c00903e 00c55783 lhu              x15, 12(x10)        x15=0000ffe5 x10:10001fa4  PA:10001fb0
27340270ns          484454 1c009042 00e55583 lhu              x11, 14(x10)        x11=00000060 x10:10001fa4  PA:10001fb2
27340290ns          484455 1c009046 dea30333 p.extract        x6, x6, 15, 10       x6=00000009  x6:00002649
27340310ns          484456 1c00904a 80c7075b p.muls           x14, x14, x12       x14=ffffedd3 x14:0000ffd1 x12:00000063
27340329ns          484457 1c00904e 80c686db p.muls           x13, x13, x12       x13=ffffc5fe x13:0000ff6a x12:00000063
27340349ns          484458 1c009052 00455e83 lhu              x29, 4(x10)         x29=00000427 x10:10001fa4  PA:10001fa8
27340369ns          484459 1c009056 00655e03 lhu              x28, 6(x10)         x28=0000007f x10:10001fa4  PA:10001faa
27340389ns          484460 1c00905a 40a75713 srai             x14, x14, 0x40a     x14=fffffffb x14:ffffedd3
27340409ns          484461 1c00905c 806787db p.muls           x15, x15, x6        x15=ffffff0d x15:0000ffe5  x6:00000009
27340429ns          484462 1c009060 40a6d693 srai             x13, x13, 0x40a     x13=fffffff1 x13:ffffc5fe
27340469ns          484464 1c009062 8065865b p.muls           x12, x11, x6        x12=00000360 x11:00000060  x6:00000009
27340489ns          484465 1c009066 40a7d793 srai             x15, x15, 0x40a     x15=ffffffff x15:ffffff0d
27340508ns          484466 1c009068 40a65613 srai             x12, x12, 0x40a     x12=00000000 x12:00000360
27340528ns          484467 1c00906a 01d70733 add              x14, x14, x29       x14=00000422 x14:fffffffb x29:00000427
27340548ns          484468 1c00906c 01c686b3 add              x13, x13, x28       x13=00000070 x13:fffffff1 x28:0000007f
27340568ns          484469 1c00906e 00c686b3 add              x13, x13, x12       x13=00000070 x13:00000070 x12:00000000
27340588ns          484470 1c009070 00f70733 add              x14, x14, x15       x14=00000421 x14:00000422 x15:ffffffff
27340608ns          484471 1c009072 100747b3 p.exths          x15, x14, x0        x15=00000421 x14:00000421
27340628ns          484472 1c009076 1006c733 p.exths          x14, x13, x0        x14=00000070 x13:00000070
27340648ns          484473 1c00907a 03170633 mul              x12, x14, x17       x12=00005860 x14:00000070 x17:000000ca
27340668ns          484474 1c00907e 030786b3 mul              x13, x15, x16       x13=00040419 x15:00000421 x16:000000f9
27340687ns          484475 1c009082 03070733 mul              x14, x14, x16       x14=00006cf0 x14:00000070 x16:000000f9
27340707ns          484476 1c009086 031787b3 mul              x15, x15, x17       x15=0003420a x15:00000421 x17:000000ca
27340727ns          484477 1c00908a 40a6d693 srai             x13, x13, 0x40a     x13=00000101 x13:00040419
27340747ns          484478 1c00908c 40a65613 srai             x12, x12, 0x40a     x12=00000016 x12:00005860
27340767ns          484479 1c00908e 40a7d793 srai             x15, x15, 0x40a     x15=000000d0 x15:0003420a
27340787ns          484480 1c009090 40a75713 srai             x14, x14, 0x40a     x14=0000001b x14:00006cf0
27340807ns          484481 1c009092 40c686b3 sub              x13, x13, x12       x13=000000eb x13:00000101 x12:00000016
27340827ns          484482 1c009094 00e787b3 add              x15, x15, x14       x15=000000eb x15:000000d0 x14:0000001b
27340847ns          484483 1c009096 00d51823 sh               x13, 16(x10)        x13:000000eb x10:10001fa4  PA:10001fb4
27340866ns          484484 1c00909a 00f51923 sh               x15, 18(x10)        x15:000000eb x10:10001fa4  PA:10001fb6
27340886ns          484485 1c00909e 00008067 jalr             x0, x1, 0            x1:1c0093e8
27341006ns          484491 1c0093e8 2dc15583 lhu              x11, 732(x2)        x11=000000eb  x2:10001cd8  PA:10001fb4
27341045ns          484493 1c0093ec 2de15783 lhu              x15, 734(x2)        x15=000000eb  x2:10001cd8  PA:10001fb6
27341065ns          484494 1c0093f0 40b90933 sub              x18, x18, x11       x18=00000015 x18:00000100 x11:000000eb
27341085ns          484495 1c0093f4 40f484b3 sub              x9, x9, x15          x9=ffffffd1  x9:000000bc x15:000000eb
27341105ns          484496 1c0093f6 100945b3 p.exths          x11, x18, x0        x11=00000015 x18:00000015
27341125ns          484497 1c0093fa 1004c7b3 p.exths          x15, x9, x0         x15=ffffffd1  x9:ffffffd1
27341145ns          484498 1c0093fe 034586b3 mul              x13, x11, x20       x13=0000146d x11:00000015 x20:000000f9
27341165ns          484499 1c009402 03378533 mul              x10, x15, x19       x10=ffffdaea x15:ffffffd1 x19:000000ca
27341185ns          484500 1c009406 034a0633 mul              x12, x20, x20       x12=0000f231 x20:000000f9 x20:000000f9
27341205ns          484501 1c00940a 03398733 mul              x14, x19, x19       x14=00009f64 x19:000000ca x19:000000ca
27341224ns          484502 1c00940e 034787b3 mul              x15, x15, x20       x15=ffffd249 x15:ffffffd1 x20:000000f9
27341244ns          484503 1c009412 033585b3 mul              x11, x11, x19       x11=00001092 x11:00000015 x19:000000ca
27341264ns          484504 1c009416 40a75713 srai             x14, x14, 0x40a     x14=00000027 x14:00009f64
27341284ns          484505 1c009418 40a5d593 srai             x11, x11, 0x40a     x11=00000004 x11:00001092
27341304ns          484506 1c00941a 40a65613 srai             x12, x12, 0x40a     x12=0000003c x12:0000f231
27341324ns          484507 1c00941c 40a7d793 srai             x15, x15, 0x40a     x15=fffffff4 x15:ffffd249
27341344ns          484508 1c00941e 1c0034b7 lui              x9, 0x1c003000       x9=1c003000
27341364ns          484509 1c009422 00e60633 add              x12, x12, x14       x12=00000063 x12:0000003c x14:00000027
27341384ns          484510 1c009424 40b787b3 sub              x15, x15, x11       x15=fffffff0 x15:fffffff4 x11:00000004
27341403ns          484511 1c009426 eb048493 addi             x9, x9, -336         x9=1c002eb0  x9:1c003000
27341423ns          484512 1c00942a 1c0032b7 lui              x5, 0x1c003000       x5=1c003000
27341443ns          484513 1c00942e 1c0035b7 lui              x11, 0x1c003000     x11=1c003000
27341463ns          484514 1c009432 018483b3 add              x7, x9, x24          x7=1c002eb6  x9:1c002eb0 x24:00000006
27341483ns          484515 1c009436 02812e83 lw               x29, 40(x2)         x29=1c002ec6  x2:10001cd8  PA:10001d00
27341503ns          484516 1c009438 10065633 p.exthz          x12, x12, x0        x12=00000063 x12:00000063
27341523ns          484517 1c00943c e8028293 addi             x5, x5, -384         x5=1c002e80  x5:1c003000
27341543ns          484518 1c009440 ea058593 addi             x11, x11, -352      x11=1c002ea0 x11:1c003000
27341582ns          484520 1c009444 03812483 lw               x9, 56(x2)           x9=1c002ee6  x2:10001cd8  PA:10001d10
27341602ns          484521 1c009446 10064733 p.exths          x14, x12, x0        x14=00000063 x12:00000063
27341622ns          484522 1c00944a 018280b3 add              x1, x5, x24          x1=1c002e86  x5:1c002e80 x24:00000006
27341642ns          484523 1c00944e 03012f03 lw               x30, 48(x2)         x30=1c002ed6  x2:10001cd8  PA:10001d08
27341682ns          484525 1c009450 018582b3 add              x5, x11, x24         x5=1c002ea6 x11:1c002ea0 x24:00000006
27341722ns          484527 1c009454 04012583 lw               x11, 64(x2)         x11=1c002ef6  x2:10001cd8  PA:10001d18
27341741ns          484528 1c009456 000edd83 lhu              x27, 0(x29)         x27=00001b79 x29:1c002ec6  PA:1c002ec6
27342040ns          484543 1c00945a 0004d483 lhu              x9, 0(x9)            x9=0000020e  x9:1c002ee6  PA:1c002ee6
27342338ns          484558 1c00945e 02e70333 mul              x6, x14, x14         x6=00002649 x14:00000063 x14:00000063
27342358ns          484559 1c009462 40a55513 srai             x10, x10, 0x40a     x10=fffffff6 x10:ffffdaea
27342378ns          484560 1c009464 04812e83 lw               x29, 72(x2)         x29=1c002f06  x2:10001cd8  PA:10001d20
27342398ns          484561 1c009466 40a6d693 srai             x13, x13, 0x40a     x13=00000005 x13:0000146d
27342418ns          484562 1c009468 000f5d03 lhu              x26, 0(x30)         x26=0000068c x30:1c002ed6  PA:1c002ed6
27342796ns          484581 1c00946c 0005d583 lhu              x11, 0(x11)         x11=000000bd x11:1c002ef6  PA:1c002ef6
27343114ns          484597 1c009470 40a35313 srai             x6, x6, 0x40a        x6=00000009  x6:00002649
27343134ns          484598 1c009474 00a686b3 add              x13, x13, x10       x13=fffffffb x13:00000005 x10:fffffff6
27343154ns          484599 1c009476 05012f03 lw               x30, 80(x2)         x30=1c002e76  x2:10001cd8  PA:10001d28
27343173ns          484600 1c009478 10034e33 p.exths          x28, x6, x0         x28=00000009  x6:00000009
27343193ns          484601 1c00947c 06911023 sh               x9, 96(x2)           x9:0000020e  x2:10001cd8  PA:10001d38
27343213ns          484602 1c009480 000ede83 lhu              x29, 0(x29)         x29=00000049 x29:1c002f06  PA:1c002f06
27343512ns          484617 1c009484 05812483 lw               x9, 88(x2)           x9=1c002e66  x2:10001cd8  PA:10001d30
27343531ns          484618 1c009486 1006d6b3 p.exthz          x13, x13, x0        x13=0000fffb x13:fffffffb
27343551ns          484619 1c00948a 02ee08b3 mul              x17, x28, x14       x17=0000037b x28:00000009 x14:00000063
27343571ns          484620 1c00948e 1006c833 p.exths          x16, x13, x0        x16=fffffffb x13:0000fffb
27343591ns          484621 1c009492 06b11823 sh               x11, 112(x2)        x11:000000bd  x2:10001cd8  PA:10001d48
27343611ns          484622 1c009496 000f5f03 lhu              x30, 0(x30)         x30=0000feba x30:1c002e76  PA:1c002e76
27343909ns          484637 1c00949a 0a012583 lw               x11, 160(x2)        x11=1c002e96  x2:10001cd8  PA:10001d78
27343929ns          484638 1c00949c 1007d7b3 p.exthz          x15, x15, x0        x15=0000fff0 x15:fffffff0
27343949ns          484639 1c0094a0 0004da03 lhu              x20, 0(x9)          x20=0000f9a7  x9:1c002e66  PA:1c002e66
27344287ns          484656 1c0094a4 1007c533 p.exths          x10, x15, x0        x10=fffffff0 x15:0000fff0
27344307ns          484657 1c0094a8 09d11023 sh               x29, 128(x2)        x29:00000049  x2:10001cd8  PA:10001d58
27344327ns          484658 1c0094ac 0003d483 lhu              x9, 0(x7)            x9=0000ffc3  x7:1c002eb6  PA:1c002eb6
27344764ns          484680 1c0094b0 02e80eb3 mul              x29, x16, x14       x29=fffffe11 x16:fffffffb x14:00000063
27344784ns          484681 1c0094b4 40a8d893 srai             x17, x17, 0x40a     x17=00000000 x17:0000037b
27344804ns          484682 1c0094b8 03c80833 mul              x16, x16, x28       x16=ffffffd3 x16:fffffffb x28:00000009
27344824ns          484683 1c0094bc 09e11823 sh               x30, 144(x2)        x30:0000feba  x2:10001cd8  PA:10001d68
27344844ns          484684 1c0094c0 0005d983 lhu              x19, 0(x11)         x19=0000ff8a x11:1c002e96  PA:1c002e96
27345142ns          484699 1c0094c4 81c88f5b p.muls           x30, x17, x28       x30=00000000 x17:00000000 x28:00000009
27345162ns          484700 1c0094c8 0002d583 lhu              x11, 0(x5)          x11=0000ff56  x5:1c002ea6  PA:1c002ea6
27345560ns          484720 1c0094cc 03ce0fb3 mul              x31, x28, x28       x31=00000051 x28:00000009 x28:00000009
27345580ns          484721 1c0094d0 02e50733 mul              x14, x10, x14       x14=fffff9d0 x10:fffffff0 x14:00000063
27345600ns          484722 1c0094d4 40a85813 srai             x16, x16, 0x40a     x16=ffffffff x16:ffffffd3
27345620ns          484723 1c0094d8 03c50533 mul              x10, x10, x28       x10=ffffff70 x10:fffffff0 x28:00000009
27345640ns          484724 1c0094dc 07015e03 lhu              x28, 112(x2)        x28=000000bd  x2:10001cd8  PA:10001d48
27345679ns          484726 1c0094e0 01b60633 add              x12, x12, x27       x12=00001bdc x12:00000063 x27:00001b79
27345699ns          484727 1c0094e2 00980833 add              x16, x16, x9        x16=0000ffc2 x16:ffffffff  x9:0000ffc3
27345719ns          484728 1c0094e4 06015d83 lhu              x27, 96(x2)         x27=0000020e  x2:10001cd8  PA:10001d38
27345739ns          484729 1c0094e8 02812483 lw               x9, 40(x2)           x9=1c002ec6  x2:10001cd8  PA:10001d00
27345759ns          484730 1c0094ea 40afdf93 srai             x31, x31, 0x40a     x31=00000000 x31:00000051
27345779ns          484731 1c0094ee 40a55513 srai             x10, x10, 0x40a     x10=ffffffff x10:ffffff70
27345799ns          484732 1c0094f0 01cf8fb3 add              x31, x31, x28       x31=000000bd x31:00000000 x28:000000bd
27345819ns          484733 1c0094f2 00b50533 add              x10, x10, x11       x10=0000ff55 x10:ffffffff x11:0000ff56
27345838ns          484734 1c0094f4 09015e03 lhu              x28, 144(x2)        x28=0000feba  x2:10001cd8  PA:10001d68
27345858ns          484735 1c0094f8 03012583 lw               x11, 48(x2)         x11=1c002ed6  x2:10001cd8  PA:10001d08
27345878ns          484736 1c0094fa 00c49023 sh               x12, 0(x9)          x12:00001bdc  x9:1c002ec6  PA:1c002ec6
27346236ns          484754 1c0094fe 01b888b3 add              x17, x17, x27       x17=0000020e x17:00000000 x27:0000020e
27346256ns          484755 1c009500 01a30333 add              x6, x6, x26          x6=00000695  x6:00000009 x26:0000068c
27346276ns          484756 1c009502 08015d83 lhu              x27, 128(x2)        x27=00000049  x2:10001cd8  PA:10001d58
27346296ns          484757 1c009506 0000d903 lhu              x18, 0(x1)          x18=0000fe39  x1:1c002e86  PA:1c002e86
27346634ns          484774 1c00950a 01c686b3 add              x13, x13, x28       x13=0001feb5 x13:0000fffb x28:0000feba
27346654ns          484775 1c00950c 00659023 sh               x6, 0(x11)           x6:00000695 x11:1c002ed6  PA:1c002ed6
27346972ns          484791 1c009510 40af5f13 srai             x30, x30, 0x40a     x30=00000000 x30:00000000
27346992ns          484792 1c009514 04812e03 lw               x28, 72(x2)         x28=1c002f06  x2:10001cd8  PA:10001d20
27347012ns          484793 1c009516 01bf0f33 add              x30, x30, x27       x30=00000049 x30:00000000 x27:00000049
27347032ns          484794 1c009518 40aede93 srai             x29, x29, 0x40a     x29=ffffffff x29:fffffe11
27347052ns          484795 1c00951c 40a75713 srai             x14, x14, 0x40a     x14=fffffffe x14:fffff9d0
27347071ns          484796 1c00951e 03812603 lw               x12, 56(x2)         x12=1c002ee6  x2:10001cd8  PA:10001d10
27347091ns          484797 1c009520 04012d83 lw               x27, 64(x2)         x27=1c002ef6  x2:10001cd8  PA:10001d18
27347111ns          484798 1c009522 01ee1023 sh               x30, 0(x28)         x30:00000049 x28:1c002f06  PA:1c002f06
27347429ns          484814 1c009526 05812483 lw               x9, 88(x2)           x9=1c002e66  x2:10001cd8  PA:10001d30
27347449ns          484815 1c009528 05012f03 lw               x30, 80(x2)         x30=1c002e76  x2:10001cd8  PA:10001d28
27347469ns          484816 1c00952a 0a012583 lw               x11, 160(x2)        x11=1c002e96  x2:10001cd8  PA:10001d78
27347489ns          484817 1c00952c 014787b3 add              x15, x15, x20       x15=0001f997 x15:0000fff0 x20:0000f9a7
27347509ns          484818 1c00952e 013e8eb3 add              x29, x29, x19       x29=0000ff89 x29:ffffffff x19:0000ff8a
27347529ns          484819 1c009530 01270733 add              x14, x14, x18       x14=0000fe37 x14:fffffffe x18:0000fe39
27347549ns          484820 1c009532 00f49023 sh               x15, 0(x9)          x15:0001f997  x9:1c002e66  PA:1c002e66
27347867ns          484836 1c009536 01161023 sh               x17, 0(x12)         x17:0000020e x12:1c002ee6  PA:1c002ee6
27348185ns          484852 1c00953a 01fd9023 sh               x31, 0(x27)         x31:000000bd x27:1c002ef6  PA:1c002ef6
27348503ns          484868 1c00953e 00df1023 sh               x13, 0(x30)         x13:0001feb5 x30:1c002e76  PA:1c002e76
27348822ns          484884 1c009542 01d59023 sh               x29, 0(x11)         x29:0000ff89 x11:1c002e96  PA:1c002e96
27349140ns          484900 1c009546 00e09023 sh               x14, 0(x1)          x14:0000fe37  x1:1c002e86  PA:1c002e86
27349518ns          484919 1c00954a 01039023 sh               x16, 0(x7)          x16:0000ffc2  x7:1c002eb6  PA:1c002eb6
27349836ns          484935 1c00954e 00a29023 sh               x10, 0(x5)          x10:0000ff55  x5:1c002ea6  PA:1c002ea6
27350154ns          484951 1c009552 008b0b13 addi             x22, x22, 8         x22=000001b3 x22:000001ab
27350174ns          484952 1c009554 1f300793 addi             x15, x0, 499        x15=000001f3
27350194ns          484953 1c009558 e767dae3 bge              x15, x22, -396      x15:000001f3 x22:000001b3
27350293ns          484958 1c0093cc 010c9a0b p.lh             x20, 16(x25!)       x20=0000002d x25=1c0029fe x25:1c0029ee  PA:1c0029ee
27350631ns          484975 1c0093d0 0104198b p.lh             x19, 16(x8!)        x19=00000087  x8=1c0021c6  x8:1c0021b6  PA:1c0021b6
27350930ns          484990 1c0093d4 2cc10513 addi             x10, x2, 716        x10=10001fa4  x2:10001cd8
27350950ns          484991 1c0093d6 010a990b p.lh             x18, 16(x21!)       x18=0000002d x21=1c0019f2 x21:1c0019e2  PA:1c0019e2
27351248ns          485006 1c0093da 010b948b p.lh             x9, 16(x23!)         x9=00000085 x23=1c001222 x23:1c001212  PA:1c001212
27351546ns          485021 1c0093de 2d411623 sh               x20, 716(x2)        x20:0000002d  x2:10001cd8  PA:10001fa4
27351566ns          485022 1c0093e2 2d311723 sh               x19, 718(x2)        x19:00000087  x2:10001cd8  PA:10001fa6
27351586ns          485023 1c0093e6 c33ff0ef jal              x1, -974             x1=1c0093e8
27351626ns          485025 1c009018 00051803 lh               x16, 0(x10)         x16=0000002d x10:10001fa4  PA:10001fa4
27351646ns          485026 1c00901c 00251883 lh               x17, 2(x10)         x17=00000087 x10:10001fa4  PA:10001fa6
27351705ns          485029 1c009020 030806b3 mul              x13, x16, x16       x13=000007e9 x16:0000002d x16:0000002d
27351745ns          485031 1c009024 03188633 mul              x12, x17, x17       x12=00004731 x17:00000087 x17:00000087
27351765ns          485032 1c009028 40a65613 srai             x12, x12, 0x40a     x12=00000011 x12:00004731
27351785ns          485033 1c00902a 40a6d693 srai             x13, x13, 0x40a     x13=00000001 x13:000007e9
27351805ns          485034 1c00902c 00c686b3 add              x13, x13, x12       x13=00000012 x13:00000001 x12:00000011
27351825ns          485035 1c00902e 1006c633 p.exths          x12, x13, x0        x12=00000012 x13:00000012
27351845ns          485036 1c009032 00855703 lhu              x14, 8(x10)         x14=0000ffd1 x10:10001fa4  PA:10001fac
27351864ns          485037 1c009036 00a55683 lhu              x13, 10(x10)        x13=0000ff6a x10:10001fa4  PA:10001fae
27351884ns          485038 1c00903a 02c60333 mul              x6, x12, x12         x6=00000144 x12:00000012 x12:00000012
27351924ns          485040 1c00903e 00c55783 lhu              x15, 12(x10)        x15=0000ffe5 x10:10001fa4  PA:10001fb0
27351964ns          485042 1c009042 00e55583 lhu              x11, 14(x10)        x11=00000060 x10:10001fa4  PA:10001fb2
27351984ns          485043 1c009046 dea30333 p.extract        x6, x6, 15, 10       x6=00000000  x6:00000144
27352004ns          485044 1c00904a 80c7075b p.muls           x14, x14, x12       x14=fffffcb2 x14:0000ffd1 x12:00000012
27352024ns          485045 1c00904e 80c686db p.muls           x13, x13, x12       x13=fffff574 x13:0000ff6a x12:00000012
27352043ns          485046 1c009052 00455e83 lhu              x29, 4(x10)         x29=00000427 x10:10001fa4  PA:10001fa8
27352063ns          485047 1c009056 00655e03 lhu              x28, 6(x10)         x28=0000007f x10:10001fa4  PA:10001faa
27352083ns          485048 1c00905a 40a75713 srai             x14, x14, 0x40a     x14=ffffffff x14:fffffcb2
27352103ns          485049 1c00905c 806787db p.muls           x15, x15, x6        x15=00000000 x15:0000ffe5  x6:00000000
27352123ns          485050 1c009060 40a6d693 srai             x13, x13, 0x40a     x13=fffffffd x13:fffff574
27352143ns          485051 1c009062 8065865b p.muls           x12, x11, x6        x12=00000000 x11:00000060  x6:00000000
27352163ns          485052 1c009066 40a7d793 srai             x15, x15, 0x40a     x15=00000000 x15:00000000
27352183ns          485053 1c009068 40a65613 srai             x12, x12, 0x40a     x12=00000000 x12:00000000
27352203ns          485054 1c00906a 01d70733 add              x14, x14, x29       x14=00000426 x14:ffffffff x29:00000427
27352222ns          485055 1c00906c 01c686b3 add              x13, x13, x28       x13=0000007c x13:fffffffd x28:0000007f
27352242ns          485056 1c00906e 00c686b3 add              x13, x13, x12       x13=0000007c x13:0000007c x12:00000000
27352262ns          485057 1c009070 00f70733 add              x14, x14, x15       x14=00000426 x14:00000426 x15:00000000
27352282ns          485058 1c009072 100747b3 p.exths          x15, x14, x0        x15=00000426 x14:00000426
27352302ns          485059 1c009076 1006c733 p.exths          x14, x13, x0        x14=0000007c x13:0000007c
27352322ns          485060 1c00907a 03170633 mul              x12, x14, x17       x12=00004164 x14:0000007c x17:00000087
27352342ns          485061 1c00907e 030786b3 mul              x13, x15, x16       x13=0000baae x15:00000426 x16:0000002d
27352362ns          485062 1c009082 03070733 mul              x14, x14, x16       x14=000015cc x14:0000007c x16:0000002d
27352382ns          485063 1c009086 031787b3 mul              x15, x15, x17       x15=0002300a x15:00000426 x17:00000087
27352401ns          485064 1c00908a 40a6d693 srai             x13, x13, 0x40a     x13=0000002e x13:0000baae
27352421ns          485065 1c00908c 40a65613 srai             x12, x12, 0x40a     x12=00000010 x12:00004164
27352441ns          485066 1c00908e 40a7d793 srai             x15, x15, 0x40a     x15=0000008c x15:0002300a
27352461ns          485067 1c009090 40a75713 srai             x14, x14, 0x40a     x14=00000005 x14:000015cc
27352481ns          485068 1c009092 40c686b3 sub              x13, x13, x12       x13=0000001e x13:0000002e x12:00000010
27352501ns          485069 1c009094 00e787b3 add              x15, x15, x14       x15=00000091 x15:0000008c x14:00000005
27352521ns          485070 1c009096 00d51823 sh               x13, 16(x10)        x13:0000001e x10:10001fa4  PA:10001fb4
27352561ns          485072 1c00909a 00f51923 sh               x15, 18(x10)        x15:00000091 x10:10001fa4  PA:10001fb6
27352580ns          485073 1c00909e 00008067 jalr             x0, x1, 0            x1:1c0093e8
27352620ns          485075 1c0093e8 2dc15583 lhu              x11, 732(x2)        x11=0000001e  x2:10001cd8  PA:10001fb4
27352640ns          485076 1c0093ec 2de15783 lhu              x15, 734(x2)        x15=00000091  x2:10001cd8  PA:10001fb6
27352660ns          485077 1c0093f0 40b90933 sub              x18, x18, x11       x18=0000000f x18:0000002d x11:0000001e
27352680ns          485078 1c0093f4 40f484b3 sub              x9, x9, x15          x9=fffffff4  x9:00000085 x15:00000091
27352700ns          485079 1c0093f6 100945b3 p.exths          x11, x18, x0        x11=0000000f x18:0000000f
27352720ns          485080 1c0093fa 1004c7b3 p.exths          x15, x9, x0         x15=fffffff4  x9:fffffff4
27352740ns          485081 1c0093fe 034586b3 mul              x13, x11, x20       x13=000002a3 x11:0000000f x20:0000002d
27352759ns          485082 1c009402 03378533 mul              x10, x15, x19       x10=fffff9ac x15:fffffff4 x19:00000087
27352779ns          485083 1c009406 034a0633 mul              x12, x20, x20       x12=000007e9 x20:0000002d x20:0000002d
27352799ns          485084 1c00940a 03398733 mul              x14, x19, x19       x14=00004731 x19:00000087 x19:00000087
27352859ns          485087 1c00940e 034787b3 mul              x15, x15, x20       x15=fffffde4 x15:fffffff4 x20:0000002d
27352899ns          485089 1c009412 033585b3 mul              x11, x11, x19       x11=000007e9 x11:0000000f x19:00000087
27352919ns          485090 1c009416 40a75713 srai             x14, x14, 0x40a     x14=00000011 x14:00004731
27352938ns          485091 1c009418 40a5d593 srai             x11, x11, 0x40a     x11=00000001 x11:000007e9
27352958ns          485092 1c00941a 40a65613 srai             x12, x12, 0x40a     x12=00000001 x12:000007e9
27352978ns          485093 1c00941c 40a7d793 srai             x15, x15, 0x40a     x15=ffffffff x15:fffffde4
27352998ns          485094 1c00941e 1c0034b7 lui              x9, 0x1c003000       x9=1c003000
27353018ns          485095 1c009422 00e60633 add              x12, x12, x14       x12=00000012 x12:00000001 x14:00000011
27353038ns          485096 1c009424 40b787b3 sub              x15, x15, x11       x15=fffffffe x15:ffffffff x11:00000001
27353058ns          485097 1c009426 eb048493 addi             x9, x9, -336         x9=1c002eb0  x9:1c003000
27353078ns          485098 1c00942a 1c0032b7 lui              x5, 0x1c003000       x5=1c003000
27353098ns          485099 1c00942e 1c0035b7 lui              x11, 0x1c003000     x11=1c003000
27353117ns          485100 1c009432 018483b3 add              x7, x9, x24          x7=1c002eb6  x9:1c002eb0 x24:00000006
27353137ns          485101 1c009436 02812e83 lw               x29, 40(x2)         x29=1c002ec6  x2:10001cd8  PA:10001d00
27353157ns          485102 1c009438 10065633 p.exthz          x12, x12, x0        x12=00000012 x12:00000012
27353177ns          485103 1c00943c e8028293 addi             x5, x5, -384         x5=1c002e80  x5:1c003000
27353197ns          485104 1c009440 ea058593 addi             x11, x11, -352      x11=1c002ea0 x11:1c003000
27353237ns          485106 1c009444 03812483 lw               x9, 56(x2)           x9=1c002ee6  x2:10001cd8  PA:10001d10
27353257ns          485107 1c009446 10064733 p.exths          x14, x12, x0        x14=00000012 x12:00000012
27353277ns          485108 1c00944a 018280b3 add              x1, x5, x24          x1=1c002e86  x5:1c002e80 x24:00000006
27353296ns          485109 1c00944e 03012f03 lw               x30, 48(x2)         x30=1c002ed6  x2:10001cd8  PA:10001d08
27353336ns          485111 1c009450 018582b3 add              x5, x11, x24         x5=1c002ea6 x11:1c002ea0 x24:00000006
27353376ns          485113 1c009454 04012583 lw               x11, 64(x2)         x11=1c002ef6  x2:10001cd8  PA:10001d18
27353396ns          485114 1c009456 000edd83 lhu              x27, 0(x29)         x27=00001bdc x29:1c002ec6  PA:1c002ec6
27353694ns          485129 1c00945a 0004d483 lhu              x9, 0(x9)            x9=0000020e  x9:1c002ee6  PA:1c002ee6
27353992ns          485144 1c00945e 02e70333 mul              x6, x14, x14         x6=00000144 x14:00000012 x14:00000012
27354012ns          485145 1c009462 40a55513 srai             x10, x10, 0x40a     x10=fffffffe x10:fffff9ac
27354032ns          485146 1c009464 04812e83 lw               x29, 72(x2)         x29=1c002f06  x2:10001cd8  PA:10001d20
27354052ns          485147 1c009466 40a6d693 srai             x13, x13, 0x40a     x13=00000000 x13:000002a3
27354072ns          485148 1c009468 000f5d03 lhu              x26, 0(x30)         x26=00000695 x30:1c002ed6  PA:1c002ed6
27354370ns          485163 1c00946c 0005d583 lhu              x11, 0(x11)         x11=000000bd x11:1c002ef6  PA:1c002ef6
27354689ns          485179 1c009470 40a35313 srai             x6, x6, 0x40a        x6=00000000  x6:00000144
27354708ns          485180 1c009474 00a686b3 add              x13, x13, x10       x13=fffffffe x13:00000000 x10:fffffffe
27354728ns          485181 1c009476 05012f03 lw               x30, 80(x2)         x30=1c002e76  x2:10001cd8  PA:10001d28
27354748ns          485182 1c009478 10034e33 p.exths          x28, x6, x0         x28=00000000  x6:00000000
27354768ns          485183 1c00947c 06911023 sh               x9, 96(x2)           x9:0000020e  x2:10001cd8  PA:10001d38
27354788ns          485184 1c009480 000ede83 lhu              x29, 0(x29)         x29=00000049 x29:1c002f06  PA:1c002f06
27355086ns          485199 1c009484 05812483 lw               x9, 88(x2)           x9=1c002e66  x2:10001cd8  PA:10001d30
27355106ns          485200 1c009486 1006d6b3 p.exthz          x13, x13, x0        x13=0000fffe x13:fffffffe
27355126ns          485201 1c00948a 02ee08b3 mul              x17, x28, x14       x17=00000000 x28:00000000 x14:00000012
27355146ns          485202 1c00948e 1006c833 p.exths          x16, x13, x0        x16=fffffffe x13:0000fffe
27355166ns          485203 1c009492 06b11823 sh               x11, 112(x2)        x11:000000bd  x2:10001cd8  PA:10001d48
27355186ns          485204 1c009496 000f5f03 lhu              x30, 0(x30)         x30=0000feb5 x30:1c002e76  PA:1c002e76
27355504ns          485220 1c00949a 0a012583 lw               x11, 160(x2)        x11=1c002e96  x2:10001cd8  PA:10001d78
27355524ns          485221 1c00949c 1007d7b3 p.exthz          x15, x15, x0        x15=0000fffe x15:fffffffe
27355544ns          485222 1c0094a0 0004da03 lhu              x20, 0(x9)          x20=0000f997  x9:1c002e66  PA:1c002e66
27355842ns          485237 1c0094a4 1007c533 p.exths          x10, x15, x0        x10=fffffffe x15:0000fffe
27355862ns          485238 1c0094a8 09d11023 sh               x29, 128(x2)        x29:00000049  x2:10001cd8  PA:10001d58
27355882ns          485239 1c0094ac 0003d483 lhu              x9, 0(x7)            x9=0000ffc2  x7:1c002eb6  PA:1c002eb6
27356200ns          485255 1c0094b0 02e80eb3 mul              x29, x16, x14       x29=ffffffdc x16:fffffffe x14:00000012
27356220ns          485256 1c0094b4 40a8d893 srai             x17, x17, 0x40a     x17=00000000 x17:00000000
27356240ns          485257 1c0094b8 03c80833 mul              x16, x16, x28       x16=00000000 x16:fffffffe x28:00000000
27356260ns          485258 1c0094bc 09e11823 sh               x30, 144(x2)        x30:0000feb5  x2:10001cd8  PA:10001d68
27356280ns          485259 1c0094c0 0005d983 lhu              x19, 0(x11)         x19=0000ff89 x11:1c002e96  PA:1c002e96
27356578ns          485274 1c0094c4 81c88f5b p.muls           x30, x17, x28       x30=00000000 x17:00000000 x28:00000000
27356598ns          485275 1c0094c8 0002d583 lhu              x11, 0(x5)          x11=0000ff55  x5:1c002ea6  PA:1c002ea6
27356896ns          485290 1c0094cc 03ce0fb3 mul              x31, x28, x28       x31=00000000 x28:00000000 x28:00000000
27356916ns          485291 1c0094d0 02e50733 mul              x14, x10, x14       x14=ffffffdc x10:fffffffe x14:00000012
27356936ns          485292 1c0094d4 40a85813 srai             x16, x16, 0x40a     x16=00000000 x16:00000000
27356956ns          485293 1c0094d8 03c50533 mul              x10, x10, x28       x10=00000000 x10:fffffffe x28:00000000
27356976ns          485294 1c0094dc 07015e03 lhu              x28, 112(x2)        x28=000000bd  x2:10001cd8  PA:10001d48
27356996ns          485295 1c0094e0 01b60633 add              x12, x12, x27       x12=00001bee x12:00000012 x27:00001bdc
27357015ns          485296 1c0094e2 00980833 add              x16, x16, x9        x16=0000ffc2 x16:00000000  x9:0000ffc2
27357035ns          485297 1c0094e4 06015d83 lhu              x27, 96(x2)         x27=0000020e  x2:10001cd8  PA:10001d38
27357055ns          485298 1c0094e8 02812483 lw               x9, 40(x2)           x9=1c002ec6  x2:10001cd8  PA:10001d00
27357075ns          485299 1c0094ea 40afdf93 srai             x31, x31, 0x40a     x31=00000000 x31:00000000
27357095ns          485300 1c0094ee 40a55513 srai             x10, x10, 0x40a     x10=00000000 x10:00000000
27357115ns          485301 1c0094f0 01cf8fb3 add              x31, x31, x28       x31=000000bd x31:00000000 x28:000000bd
27357135ns          485302 1c0094f2 00b50533 add              x10, x10, x11       x10=0000ff55 x10:00000000 x11:0000ff55
27357155ns          485303 1c0094f4 09015e03 lhu              x28, 144(x2)        x28=0000feb5  x2:10001cd8  PA:10001d68
27357175ns          485304 1c0094f8 03012583 lw               x11, 48(x2)         x11=1c002ed6  x2:10001cd8  PA:10001d08
27357194ns          485305 1c0094fa 00c49023 sh               x12, 0(x9)          x12:00001bee  x9:1c002ec6  PA:1c002ec6
27357592ns          485325 1c0094fe 01b888b3 add              x17, x17, x27       x17=0000020e x17:00000000 x27:0000020e
27357612ns          485326 1c009500 01a30333 add              x6, x6, x26          x6=00000695  x6:00000000 x26:00000695
27357632ns          485327 1c009502 08015d83 lhu              x27, 128(x2)        x27=00000049  x2:10001cd8  PA:10001d58
27357652ns          485328 1c009506 0000d903 lhu              x18, 0(x1)          x18=0000fe37  x1:1c002e86  PA:1c002e86
27357950ns          485343 1c00950a 01c686b3 add              x13, x13, x28       x13=0001feb3 x13:0000fffe x28:0000feb5
27357970ns          485344 1c00950c 00659023 sh               x6, 0(x11)           x6:00000695 x11:1c002ed6  PA:1c002ed6
27358288ns          485360 1c009510 40af5f13 srai             x30, x30, 0x40a     x30=00000000 x30:00000000
27358308ns          485361 1c009514 04812e03 lw               x28, 72(x2)         x28=1c002f06  x2:10001cd8  PA:10001d20
27358328ns          485362 1c009516 01bf0f33 add              x30, x30, x27       x30=00000049 x30:00000000 x27:00000049
27358348ns          485363 1c009518 40aede93 srai             x29, x29, 0x40a     x29=ffffffff x29:ffffffdc
27358368ns          485364 1c00951c 40a75713 srai             x14, x14, 0x40a     x14=ffffffff x14:ffffffdc
27358388ns          485365 1c00951e 03812603 lw               x12, 56(x2)         x12=1c002ee6  x2:10001cd8  PA:10001d10
27358408ns          485366 1c009520 04012d83 lw               x27, 64(x2)         x27=1c002ef6  x2:10001cd8  PA:10001d18
27358428ns          485367 1c009522 01ee1023 sh               x30, 0(x28)         x30:00000049 x28:1c002f06  PA:1c002f06
27358746ns          485383 1c009526 05812483 lw               x9, 88(x2)           x9=1c002e66  x2:10001cd8  PA:10001d30
27358766ns          485384 1c009528 05012f03 lw               x30, 80(x2)         x30=1c002e76  x2:10001cd8  PA:10001d28
27358786ns          485385 1c00952a 0a012583 lw               x11, 160(x2)        x11=1c002e96  x2:10001cd8  PA:10001d78
27358805ns          485386 1c00952c 014787b3 add              x15, x15, x20       x15=0001f995 x15:0000fffe x20:0000f997
27358825ns          485387 1c00952e 013e8eb3 add              x29, x29, x19       x29=0000ff88 x29:ffffffff x19:0000ff89
27358845ns          485388 1c009530 01270733 add              x14, x14, x18       x14=0000fe36 x14:ffffffff x18:0000fe37
27358865ns          485389 1c009532 00f49023 sh               x15, 0(x9)          x15:0001f995  x9:1c002e66  PA:1c002e66
27359183ns          485405 1c009536 01161023 sh               x17, 0(x12)         x17:0000020e x12:1c002ee6  PA:1c002ee6
27359501ns          485421 1c00953a 01fd9023 sh               x31, 0(x27)         x31:000000bd x27:1c002ef6  PA:1c002ef6
27359820ns          485437 1c00953e 00df1023 sh               x13, 0(x30)         x13:0001feb3 x30:1c002e76  PA:1c002e76
27360158ns          485454 1c009542 01d59023 sh               x29, 0(x11)         x29:0000ff88 x11:1c002e96  PA:1c002e96
27360476ns          485470 1c009546 00e09023 sh               x14, 0(x1)          x14:0000fe36  x1:1c002e86  PA:1c002e86
27360794ns          485486 1c00954a 01039023 sh               x16, 0(x7)          x16:0000ffc2  x7:1c002eb6  PA:1c002eb6
27361192ns          485506 1c00954e 00a29023 sh               x10, 0(x5)          x10:0000ff55  x5:1c002ea6  PA:1c002ea6
27361530ns          485523 1c009552 008b0b13 addi             x22, x22, 8         x22=000001bb x22:000001b3
27361550ns          485524 1c009554 1f300793 addi             x15, x0, 499        x15=000001f3
27361570ns          485525 1c009558 e767dae3 bge              x15, x22, -396      x15:000001f3 x22:000001bb
27361669ns          485530 1c0093cc 010c9a0b p.lh             x20, 16(x25!)       x20=00000040 x25=1c002a0e x25:1c0029fe  PA:1c0029fe
27361987ns          485546 1c0093d0 0104198b p.lh             x19, 16(x8!)        x19=ffffffea  x8=1c0021d6  x8:1c0021c6  PA:1c0021c6
27362286ns          485561 1c0093d4 2cc10513 addi             x10, x2, 716        x10=10001fa4  x2:10001cd8
27362306ns          485562 1c0093d6 010a990b p.lh             x18, 16(x21!)       x18=0000004a x21=1c001a02 x21:1c0019f2  PA:1c0019f2
27362604ns          485577 1c0093da 010b948b p.lh             x9, 16(x23!)         x9=fffffff1 x23=1c001232 x23:1c001222  PA:1c001222
27362902ns          485592 1c0093de 2d411623 sh               x20, 716(x2)        x20:00000040  x2:10001cd8  PA:10001fa4
27362942ns          485594 1c0093e2 2d311723 sh               x19, 718(x2)        x19:ffffffea  x2:10001cd8  PA:10001fa6
27362962ns          485595 1c0093e6 c33ff0ef jal              x1, -974             x1=1c0093e8
27363002ns          485597 1c009018 00051803 lh               x16, 0(x10)         x16=00000040 x10:10001fa4  PA:10001fa4
27363022ns          485598 1c00901c 00251883 lh               x17, 2(x10)         x17=ffffffea x10:10001fa4  PA:10001fa6
27363081ns          485601 1c009020 030806b3 mul              x13, x16, x16       x13=00001000 x16:00000040 x16:00000040
27363121ns          485603 1c009024 03188633 mul              x12, x17, x17       x12=000001e4 x17:ffffffea x17:ffffffea
27363141ns          485604 1c009028 40a65613 srai             x12, x12, 0x40a     x12=00000000 x12:000001e4
27363161ns          485605 1c00902a 40a6d693 srai             x13, x13, 0x40a     x13=00000004 x13:00001000
27363181ns          485606 1c00902c 00c686b3 add              x13, x13, x12       x13=00000004 x13:00000004 x12:00000000
27363201ns          485607 1c00902e 1006c633 p.exths          x12, x13, x0        x12=00000004 x13:00000004
27363221ns          485608 1c009032 00855703 lhu              x14, 8(x10)         x14=0000ffd1 x10:10001fa4  PA:10001fac
27363240ns          485609 1c009036 00a55683 lhu              x13, 10(x10)        x13=0000ff6a x10:10001fa4  PA:10001fae
27363260ns          485610 1c00903a 02c60333 mul              x6, x12, x12         x6=00000010 x12:00000004 x12:00000004
27363300ns          485612 1c00903e 00c55783 lhu              x15, 12(x10)        x15=0000ffe5 x10:10001fa4  PA:10001fb0
27363340ns          485614 1c009042 00e55583 lhu              x11, 14(x10)        x11=00000060 x10:10001fa4  PA:10001fb2
27363380ns          485616 1c009046 dea30333 p.extract        x6, x6, 15, 10       x6=00000000  x6:00000010
27363400ns          485617 1c00904a 80c7075b p.muls           x14, x14, x12       x14=ffffff44 x14:0000ffd1 x12:00000004
27363419ns          485618 1c00904e 80c686db p.muls           x13, x13, x12       x13=fffffda8 x13:0000ff6a x12:00000004
27363439ns          485619 1c009052 00455e83 lhu              x29, 4(x10)         x29=00000427 x10:10001fa4  PA:10001fa8
27363479ns          485621 1c009056 00655e03 lhu              x28, 6(x10)         x28=0000007f x10:10001fa4  PA:10001faa
27363499ns          485622 1c00905a 40a75713 srai             x14, x14, 0x40a     x14=ffffffff x14:ffffff44
27363519ns          485623 1c00905c 806787db p.muls           x15, x15, x6        x15=00000000 x15:0000ffe5  x6:00000000
27363539ns          485624 1c009060 40a6d693 srai             x13, x13, 0x40a     x13=ffffffff x13:fffffda8
27363559ns          485625 1c009062 8065865b p.muls           x12, x11, x6        x12=00000000 x11:00000060  x6:00000000
27363579ns          485626 1c009066 40a7d793 srai             x15, x15, 0x40a     x15=00000000 x15:00000000
27363598ns          485627 1c009068 40a65613 srai             x12, x12, 0x40a     x12=00000000 x12:00000000
27363618ns          485628 1c00906a 01d70733 add              x14, x14, x29       x14=00000426 x14:ffffffff x29:00000427
27363638ns          485629 1c00906c 01c686b3 add              x13, x13, x28       x13=0000007e x13:ffffffff x28:0000007f
27363658ns          485630 1c00906e 00c686b3 add              x13, x13, x12       x13=0000007e x13:0000007e x12:00000000
27363678ns          485631 1c009070 00f70733 add              x14, x14, x15       x14=00000426 x14:00000426 x15:00000000
27363698ns          485632 1c009072 100747b3 p.exths          x15, x14, x0        x15=00000426 x14:00000426
27363718ns          485633 1c009076 1006c733 p.exths          x14, x13, x0        x14=0000007e x13:0000007e
27363738ns          485634 1c00907a 03170633 mul              x12, x14, x17       x12=fffff52c x14:0000007e x17:ffffffea
27363758ns          485635 1c00907e 030786b3 mul              x13, x15, x16       x13=00010980 x15:00000426 x16:00000040
27363777ns          485636 1c009082 03070733 mul              x14, x14, x16       x14=00001f80 x14:0000007e x16:00000040
27363797ns          485637 1c009086 031787b3 mul              x15, x15, x17       x15=ffffa4bc x15:00000426 x17:ffffffea
27363817ns          485638 1c00908a 40a6d693 srai             x13, x13, 0x40a     x13=00000042 x13:00010980
27363837ns          485639 1c00908c 40a65613 srai             x12, x12, 0x40a     x12=fffffffd x12:fffff52c
27363857ns          485640 1c00908e 40a7d793 srai             x15, x15, 0x40a     x15=ffffffe9 x15:ffffa4bc
27363877ns          485641 1c009090 40a75713 srai             x14, x14, 0x40a     x14=00000007 x14:00001f80
27363897ns          485642 1c009092 40c686b3 sub              x13, x13, x12       x13=00000045 x13:00000042 x12:fffffffd
27363917ns          485643 1c009094 00e787b3 add              x15, x15, x14       x15=fffffff0 x15:ffffffe9 x14:00000007
27363936ns          485644 1c009096 00d51823 sh               x13, 16(x10)        x13:00000045 x10:10001fa4  PA:10001fb4
27363996ns          485647 1c00909a 00f51923 sh               x15, 18(x10)        x15:fffffff0 x10:10001fa4  PA:10001fb6
27364016ns          485648 1c00909e 00008067 jalr             x0, x1, 0            x1:1c0093e8
27364056ns          485650 1c0093e8 2dc15583 lhu              x11, 732(x2)        x11=00000045  x2:10001cd8  PA:10001fb4
27364076ns          485651 1c0093ec 2de15783 lhu              x15, 734(x2)        x15=0000fff0  x2:10001cd8  PA:10001fb6
27364115ns          485653 1c0093f0 40b90933 sub              x18, x18, x11       x18=00000005 x18:0000004a x11:00000045
27364135ns          485654 1c0093f4 40f484b3 sub              x9, x9, x15          x9=ffff0001  x9:fffffff1 x15:0000fff0
27364155ns          485655 1c0093f6 100945b3 p.exths          x11, x18, x0        x11=00000005 x18:00000005
27364175ns          485656 1c0093fa 1004c7b3 p.exths          x15, x9, x0         x15=00000001  x9:ffff0001
27364195ns          485657 1c0093fe 034586b3 mul              x13, x11, x20       x13=00000140 x11:00000005 x20:00000040
27364215ns          485658 1c009402 03378533 mul              x10, x15, x19       x10=ffffffea x15:00000001 x19:ffffffea
27364235ns          485659 1c009406 034a0633 mul              x12, x20, x20       x12=00001000 x20:00000040 x20:00000040
27364255ns          485660 1c00940a 03398733 mul              x14, x19, x19       x14=000001e4 x19:ffffffea x19:ffffffea
27364275ns          485661 1c00940e 034787b3 mul              x15, x15, x20       x15=00000040 x15:00000001 x20:00000040
27364294ns          485662 1c009412 033585b3 mul              x11, x11, x19       x11=ffffff92 x11:00000005 x19:ffffffea
27364314ns          485663 1c009416 40a75713 srai             x14, x14, 0x40a     x14=00000000 x14:000001e4
27364334ns          485664 1c009418 40a5d593 srai             x11, x11, 0x40a     x11=ffffffff x11:ffffff92
27364354ns          485665 1c00941a 40a65613 srai             x12, x12, 0x40a     x12=00000004 x12:00001000
27364374ns          485666 1c00941c 40a7d793 srai             x15, x15, 0x40a     x15=00000000 x15:00000040
27364394ns          485667 1c00941e 1c0034b7 lui              x9, 0x1c003000       x9=1c003000
27364414ns          485668 1c009422 00e60633 add              x12, x12, x14       x12=00000004 x12:00000004 x14:00000000
27364434ns          485669 1c009424 40b787b3 sub              x15, x15, x11       x15=00000001 x15:00000000 x11:ffffffff
27364454ns          485670 1c009426 eb048493 addi             x9, x9, -336         x9=1c002eb0  x9:1c003000
27364473ns          485671 1c00942a 1c0032b7 lui              x5, 0x1c003000       x5=1c003000
27364493ns          485672 1c00942e 1c0035b7 lui              x11, 0x1c003000     x11=1c003000
27364513ns          485673 1c009432 018483b3 add              x7, x9, x24          x7=1c002eb6  x9:1c002eb0 x24:00000006
27364533ns          485674 1c009436 02812e83 lw               x29, 40(x2)         x29=1c002ec6  x2:10001cd8  PA:10001d00
27364553ns          485675 1c009438 10065633 p.exthz          x12, x12, x0        x12=00000004 x12:00000004
27364573ns          485676 1c00943c e8028293 addi             x5, x5, -384         x5=1c002e80  x5:1c003000
27364593ns          485677 1c009440 ea058593 addi             x11, x11, -352      x11=1c002ea0 x11:1c003000
27364613ns          485678 1c009444 03812483 lw               x9, 56(x2)           x9=1c002ee6  x2:10001cd8  PA:10001d10
27364633ns          485679 1c009446 10064733 p.exths          x14, x12, x0        x14=00000004 x12:00000004
27364652ns          485680 1c00944a 018280b3 add              x1, x5, x24          x1=1c002e86  x5:1c002e80 x24:00000006
27364672ns          485681 1c00944e 03012f03 lw               x30, 48(x2)         x30=1c002ed6  x2:10001cd8  PA:10001d08
27364692ns          485682 1c009450 018582b3 add              x5, x11, x24         x5=1c002ea6 x11:1c002ea0 x24:00000006
27364712ns          485683 1c009454 04012583 lw               x11, 64(x2)         x11=1c002ef6  x2:10001cd8  PA:10001d18
27364732ns          485684 1c009456 000edd83 lhu              x27, 0(x29)         x27=00001bee x29:1c002ec6  PA:1c002ec6
27365030ns          485699 1c00945a 0004d483 lhu              x9, 0(x9)            x9=0000020e  x9:1c002ee6  PA:1c002ee6
27365349ns          485715 1c00945e 02e70333 mul              x6, x14, x14         x6=00000010 x14:00000004 x14:00000004
27365368ns          485716 1c009462 40a55513 srai             x10, x10, 0x40a     x10=ffffffff x10:ffffffea
27365388ns          485717 1c009464 04812e83 lw               x29, 72(x2)         x29=1c002f06  x2:10001cd8  PA:10001d20
27365408ns          485718 1c009466 40a6d693 srai             x13, x13, 0x40a     x13=00000000 x13:00000140
27365428ns          485719 1c009468 000f5d03 lhu              x26, 0(x30)         x26=00000695 x30:1c002ed6  PA:1c002ed6
27365726ns          485734 1c00946c 0005d583 lhu              x11, 0(x11)         x11=000000bd x11:1c002ef6  PA:1c002ef6
27366025ns          485749 1c009470 40a35313 srai             x6, x6, 0x40a        x6=00000000  x6:00000010
27366045ns          485750 1c009474 00a686b3 add              x13, x13, x10       x13=ffffffff x13:00000000 x10:ffffffff
27366065ns          485751 1c009476 05012f03 lw               x30, 80(x2)         x30=1c002e76  x2:10001cd8  PA:10001d28
27366084ns          485752 1c009478 10034e33 p.exths          x28, x6, x0         x28=00000000  x6:00000000
27366104ns          485753 1c00947c 06911023 sh               x9, 96(x2)           x9:0000020e  x2:10001cd8  PA:10001d38
27366124ns          485754 1c009480 000ede83 lhu              x29, 0(x29)         x29=00000049 x29:1c002f06  PA:1c002f06
27366422ns          485769 1c009484 05812483 lw               x9, 88(x2)           x9=1c002e66  x2:10001cd8  PA:10001d30
27366442ns          485770 1c009486 1006d6b3 p.exthz          x13, x13, x0        x13=0000ffff x13:ffffffff
27366462ns          485771 1c00948a 02ee08b3 mul              x17, x28, x14       x17=00000000 x28:00000000 x14:00000004
27366482ns          485772 1c00948e 1006c833 p.exths          x16, x13, x0        x16=ffffffff x13:0000ffff
27366502ns          485773 1c009492 06b11823 sh               x11, 112(x2)        x11:000000bd  x2:10001cd8  PA:10001d48
27366522ns          485774 1c009496 000f5f03 lhu              x30, 0(x30)         x30=0000feb3 x30:1c002e76  PA:1c002e76
27366840ns          485790 1c00949a 0a012583 lw               x11, 160(x2)        x11=1c002e96  x2:10001cd8  PA:10001d78
27366860ns          485791 1c00949c 1007d7b3 p.exthz          x15, x15, x0        x15=00000001 x15:00000001
27366880ns          485792 1c0094a0 0004da03 lhu              x20, 0(x9)          x20=0000f995  x9:1c002e66  PA:1c002e66
27367198ns          485808 1c0094a4 1007c533 p.exths          x10, x15, x0        x10=00000001 x15:00000001
27367218ns          485809 1c0094a8 09d11023 sh               x29, 128(x2)        x29:00000049  x2:10001cd8  PA:10001d58
27367258ns          485811 1c0094ac 0003d483 lhu              x9, 0(x7)            x9=0000ffc2  x7:1c002eb6  PA:1c002eb6
27367656ns          485831 1c0094b0 02e80eb3 mul              x29, x16, x14       x29=fffffffc x16:ffffffff x14:00000004
27367675ns          485832 1c0094b4 40a8d893 srai             x17, x17, 0x40a     x17=00000000 x17:00000000
27367695ns          485833 1c0094b8 03c80833 mul              x16, x16, x28       x16=00000000 x16:ffffffff x28:00000000
27367715ns          485834 1c0094bc 09e11823 sh               x30, 144(x2)        x30:0000feb3  x2:10001cd8  PA:10001d68
27367735ns          485835 1c0094c0 0005d983 lhu              x19, 0(x11)         x19=0000ff88 x11:1c002e96  PA:1c002e96
27368033ns          485850 1c0094c4 81c88f5b p.muls           x30, x17, x28       x30=00000000 x17:00000000 x28:00000000
27368053ns          485851 1c0094c8 0002d583 lhu              x11, 0(x5)          x11=0000ff55  x5:1c002ea6  PA:1c002ea6
27368352ns          485866 1c0094cc 03ce0fb3 mul              x31, x28, x28       x31=00000000 x28:00000000 x28:00000000
27368372ns          485867 1c0094d0 02e50733 mul              x14, x10, x14       x14=00000004 x10:00000001 x14:00000004
27368391ns          485868 1c0094d4 40a85813 srai             x16, x16, 0x40a     x16=00000000 x16:00000000
27368411ns          485869 1c0094d8 03c50533 mul              x10, x10, x28       x10=00000000 x10:00000001 x28:00000000
27368431ns          485870 1c0094dc 07015e03 lhu              x28, 112(x2)        x28=000000bd  x2:10001cd8  PA:10001d48
27368451ns          485871 1c0094e0 01b60633 add              x12, x12, x27       x12=00001bf2 x12:00000004 x27:00001bee
27368471ns          485872 1c0094e2 00980833 add              x16, x16, x9        x16=0000ffc2 x16:00000000  x9:0000ffc2
27368491ns          485873 1c0094e4 06015d83 lhu              x27, 96(x2)         x27=0000020e  x2:10001cd8  PA:10001d38
27368511ns          485874 1c0094e8 02812483 lw               x9, 40(x2)           x9=1c002ec6  x2:10001cd8  PA:10001d00
27368531ns          485875 1c0094ea 40afdf93 srai             x31, x31, 0x40a     x31=00000000 x31:00000000
27368551ns          485876 1c0094ee 40a55513 srai             x10, x10, 0x40a     x10=00000000 x10:00000000
27368570ns          485877 1c0094f0 01cf8fb3 add              x31, x31, x28       x31=000000bd x31:00000000 x28:000000bd
27368590ns          485878 1c0094f2 00b50533 add              x10, x10, x11       x10=0000ff55 x10:00000000 x11:0000ff55
27368610ns          485879 1c0094f4 09015e03 lhu              x28, 144(x2)        x28=0000feb3  x2:10001cd8  PA:10001d68
27368630ns          485880 1c0094f8 03012583 lw               x11, 48(x2)         x11=1c002ed6  x2:10001cd8  PA:10001d08
27368650ns          485881 1c0094fa 00c49023 sh               x12, 0(x9)          x12:00001bf2  x9:1c002ec6  PA:1c002ec6
27368968ns          485897 1c0094fe 01b888b3 add              x17, x17, x27       x17=0000020e x17:00000000 x27:0000020e
27368988ns          485898 1c009500 01a30333 add              x6, x6, x26          x6=00000695  x6:00000000 x26:00000695
27369008ns          485899 1c009502 08015d83 lhu              x27, 128(x2)        x27=00000049  x2:10001cd8  PA:10001d58
27369028ns          485900 1c009506 0000d903 lhu              x18, 0(x1)          x18=0000fe36  x1:1c002e86  PA:1c002e86
27369386ns          485918 1c00950a 01c686b3 add              x13, x13, x28       x13=0001feb2 x13:0000ffff x28:0000feb3
27369406ns          485919 1c00950c 00659023 sh               x6, 0(x11)           x6:00000695 x11:1c002ed6  PA:1c002ed6
27369724ns          485935 1c009510 40af5f13 srai             x30, x30, 0x40a     x30=00000000 x30:00000000
27369744ns          485936 1c009514 04812e03 lw               x28, 72(x2)         x28=1c002f06  x2:10001cd8  PA:10001d20
27369764ns          485937 1c009516 01bf0f33 add              x30, x30, x27       x30=00000049 x30:00000000 x27:00000049
27369784ns          485938 1c009518 40aede93 srai             x29, x29, 0x40a     x29=ffffffff x29:fffffffc
27369803ns          485939 1c00951c 40a75713 srai             x14, x14, 0x40a     x14=00000000 x14:00000004
27369823ns          485940 1c00951e 03812603 lw               x12, 56(x2)         x12=1c002ee6  x2:10001cd8  PA:10001d10
27369843ns          485941 1c009520 04012d83 lw               x27, 64(x2)         x27=1c002ef6  x2:10001cd8  PA:10001d18
27369863ns          485942 1c009522 01ee1023 sh               x30, 0(x28)         x30:00000049 x28:1c002f06  PA:1c002f06
27370181ns          485958 1c009526 05812483 lw               x9, 88(x2)           x9=1c002e66  x2:10001cd8  PA:10001d30
27370201ns          485959 1c009528 05012f03 lw               x30, 80(x2)         x30=1c002e76  x2:10001cd8  PA:10001d28
27370221ns          485960 1c00952a 0a012583 lw               x11, 160(x2)        x11=1c002e96  x2:10001cd8  PA:10001d78
27370241ns          485961 1c00952c 014787b3 add              x15, x15, x20       x15=0000f996 x15:00000001 x20:0000f995
27370261ns          485962 1c00952e 013e8eb3 add              x29, x29, x19       x29=0000ff87 x29:ffffffff x19:0000ff88
27370281ns          485963 1c009530 01270733 add              x14, x14, x18       x14=0000fe36 x14:00000000 x18:0000fe36
27370301ns          485964 1c009532 00f49023 sh               x15, 0(x9)          x15:0000f996  x9:1c002e66  PA:1c002e66
27370619ns          485980 1c009536 01161023 sh               x17, 0(x12)         x17:0000020e x12:1c002ee6  PA:1c002ee6
27370937ns          485996 1c00953a 01fd9023 sh               x31, 0(x27)         x31:000000bd x27:1c002ef6  PA:1c002ef6
27371255ns          486012 1c00953e 00df1023 sh               x13, 0(x30)         x13:0001feb2 x30:1c002e76  PA:1c002e76
27371573ns          486028 1c009542 01d59023 sh               x29, 0(x11)         x29:0000ff87 x11:1c002e96  PA:1c002e96
27371892ns          486044 1c009546 00e09023 sh               x14, 0(x1)          x14:0000fe36  x1:1c002e86  PA:1c002e86
27372210ns          486060 1c00954a 01039023 sh               x16, 0(x7)          x16:0000ffc2  x7:1c002eb6  PA:1c002eb6
27372528ns          486076 1c00954e 00a29023 sh               x10, 0(x5)          x10:0000ff55  x5:1c002ea6  PA:1c002ea6
27372846ns          486092 1c009552 008b0b13 addi             x22, x22, 8         x22=000001c3 x22:000001bb
27372866ns          486093 1c009554 1f300793 addi             x15, x0, 499        x15=000001f3
27372886ns          486094 1c009558 e767dae3 bge              x15, x22, -396      x15:000001f3 x22:000001c3
27372986ns          486099 1c0093cc 010c9a0b p.lh             x20, 16(x25!)       x20=fffffeaa x25=1c002a1e x25:1c002a0e  PA:1c002a0e
27373324ns          486116 1c0093d0 0104198b p.lh             x19, 16(x8!)        x19=fffffeef  x8=1c0021e6  x8:1c0021d6  PA:1c0021d6
27373622ns          486131 1c0093d4 2cc10513 addi             x10, x2, 716        x10=10001fa4  x2:10001cd8
27373642ns          486132 1c0093d6 010a990b p.lh             x18, 16(x21!)       x18=fffffe86 x21=1c001a12 x21:1c001a02  PA:1c001a02
27373940ns          486147 1c0093da 010b948b p.lh             x9, 16(x23!)         x9=ffffff24 x23=1c001242 x23:1c001232  PA:1c001232
27374278ns          486164 1c0093de 2d411623 sh               x20, 716(x2)        x20:fffffeaa  x2:10001cd8  PA:10001fa4
27374298ns          486165 1c0093e2 2d311723 sh               x19, 718(x2)        x19:fffffeef  x2:10001cd8  PA:10001fa6
27374318ns          486166 1c0093e6 c33ff0ef jal              x1, -974             x1=1c0093e8
27374398ns          486170 1c009018 00051803 lh               x16, 0(x10)         x16=fffffeaa x10:10001fa4  PA:10001fa4
27374457ns          486173 1c00901c 00251883 lh               x17, 2(x10)         x17=fffffeef x10:10001fa4  PA:10001fa6
27374477ns          486174 1c009020 030806b3 mul              x13, x16, x16       x13=0001c8e4 x16:fffffeaa x16:fffffeaa
27374497ns          486175 1c009024 03188633 mul              x12, x17, x17       x12=00012321 x17:fffffeef x17:fffffeef
27374517ns          486176 1c009028 40a65613 srai             x12, x12, 0x40a     x12=00000048 x12:00012321
27374537ns          486177 1c00902a 40a6d693 srai             x13, x13, 0x40a     x13=00000072 x13:0001c8e4
27374557ns          486178 1c00902c 00c686b3 add              x13, x13, x12       x13=000000ba x13:00000072 x12:00000048
27374577ns          486179 1c00902e 1006c633 p.exths          x12, x13, x0        x12=000000ba x13:000000ba
27374596ns          486180 1c009032 00855703 lhu              x14, 8(x10)         x14=0000ffd1 x10:10001fa4  PA:10001fac
27374616ns          486181 1c009036 00a55683 lhu              x13, 10(x10)        x13=0000ff6a x10:10001fa4  PA:10001fae
27374636ns          486182 1c00903a 02c60333 mul              x6, x12, x12         x6=00008724 x12:000000ba x12:000000ba
27374656ns          486183 1c00903e 00c55783 lhu              x15, 12(x10)        x15=0000ffe5 x10:10001fa4  PA:10001fb0
27374676ns          486184 1c009042 00e55583 lhu              x11, 14(x10)        x11=00000060 x10:10001fa4  PA:10001fb2
27374696ns          486185 1c009046 dea30333 p.extract        x6, x6, 15, 10       x6=00000021  x6:00008724
27374716ns          486186 1c00904a 80c7075b p.muls           x14, x14, x12       x14=ffffddda x14:0000ffd1 x12:000000ba
27374736ns          486187 1c00904e 80c686db p.muls           x13, x13, x12       x13=ffff9304 x13:0000ff6a x12:000000ba
27374756ns          486188 1c009052 00455e83 lhu              x29, 4(x10)         x29=00000427 x10:10001fa4  PA:10001fa8
27374775ns          486189 1c009056 00655e03 lhu              x28, 6(x10)         x28=0000007f x10:10001fa4  PA:10001faa
27374795ns          486190 1c00905a 40a75713 srai             x14, x14, 0x40a     x14=fffffff7 x14:ffffddda
27374815ns          486191 1c00905c 806787db p.muls           x15, x15, x6        x15=fffffc85 x15:0000ffe5  x6:00000021
27374855ns          486193 1c009060 40a6d693 srai             x13, x13, 0x40a     x13=ffffffe4 x13:ffff9304
27374895ns          486195 1c009062 8065865b p.muls           x12, x11, x6        x12=00000c60 x11:00000060  x6:00000021
27374915ns          486196 1c009066 40a7d793 srai             x15, x15, 0x40a     x15=ffffffff x15:fffffc85
27374935ns          486197 1c009068 40a65613 srai             x12, x12, 0x40a     x12=00000003 x12:00000c60
27374954ns          486198 1c00906a 01d70733 add              x14, x14, x29       x14=0000041e x14:fffffff7 x29:00000427
27374974ns          486199 1c00906c 01c686b3 add              x13, x13, x28       x13=00000063 x13:ffffffe4 x28:0000007f
27374994ns          486200 1c00906e 00c686b3 add              x13, x13, x12       x13=00000066 x13:00000063 x12:00000003
27375014ns          486201 1c009070 00f70733 add              x14, x14, x15       x14=0000041d x14:0000041e x15:ffffffff
27375034ns          486202 1c009072 100747b3 p.exths          x15, x14, x0        x15=0000041d x14:0000041d
27375054ns          486203 1c009076 1006c733 p.exths          x14, x13, x0        x14=00000066 x13:00000066
27375074ns          486204 1c00907a 03170633 mul              x12, x14, x17       x12=ffff933a x14:00000066 x17:fffffeef
27375094ns          486205 1c00907e 030786b3 mul              x13, x15, x16       x13=fffa8142 x15:0000041d x16:fffffeaa
27375114ns          486206 1c009082 03070733 mul              x14, x14, x16       x14=ffff77bc x14:00000066 x16:fffffeaa
27375133ns          486207 1c009086 031787b3 mul              x15, x15, x17       x15=fffb9d13 x15:0000041d x17:fffffeef
27375153ns          486208 1c00908a 40a6d693 srai             x13, x13, 0x40a     x13=fffffea0 x13:fffa8142
27375173ns          486209 1c00908c 40a65613 srai             x12, x12, 0x40a     x12=ffffffe4 x12:ffff933a
27375193ns          486210 1c00908e 40a7d793 srai             x15, x15, 0x40a     x15=fffffee7 x15:fffb9d13
27375213ns          486211 1c009090 40a75713 srai             x14, x14, 0x40a     x14=ffffffdd x14:ffff77bc
27375233ns          486212 1c009092 40c686b3 sub              x13, x13, x12       x13=fffffebc x13:fffffea0 x12:ffffffe4
27375253ns          486213 1c009094 00e787b3 add              x15, x15, x14       x15=fffffec4 x15:fffffee7 x14:ffffffdd
27375273ns          486214 1c009096 00d51823 sh               x13, 16(x10)        x13:fffffebc x10:10001fa4  PA:10001fb4
27375293ns          486215 1c00909a 00f51923 sh               x15, 18(x10)        x15:fffffec4 x10:10001fa4  PA:10001fb6
27375312ns          486216 1c00909e 00008067 jalr             x0, x1, 0            x1:1c0093e8
27375392ns          486220 1c0093e8 2dc15583 lhu              x11, 732(x2)        x11=0000febc  x2:10001cd8  PA:10001fb4
27375412ns          486221 1c0093ec 2de15783 lhu              x15, 734(x2)        x15=0000fec4  x2:10001cd8  PA:10001fb6
27375432ns          486222 1c0093f0 40b90933 sub              x18, x18, x11       x18=fffeffca x18:fffffe86 x11:0000febc
27375452ns          486223 1c0093f4 40f484b3 sub              x9, x9, x15          x9=ffff0060  x9:ffffff24 x15:0000fec4
27375472ns          486224 1c0093f6 100945b3 p.exths          x11, x18, x0        x11=ffffffca x18:fffeffca
27375491ns          486225 1c0093fa 1004c7b3 p.exths          x15, x9, x0         x15=00000060  x9:ffff0060
27375511ns          486226 1c0093fe 034586b3 mul              x13, x11, x20       x13=00004824 x11:ffffffca x20:fffffeaa
27375531ns          486227 1c009402 03378533 mul              x10, x15, x19       x10=ffff99a0 x15:00000060 x19:fffffeef
27375551ns          486228 1c009406 034a0633 mul              x12, x20, x20       x12=0001c8e4 x20:fffffeaa x20:fffffeaa
27375571ns          486229 1c00940a 03398733 mul              x14, x19, x19       x14=00012321 x19:fffffeef x19:fffffeef
27375591ns          486230 1c00940e 034787b3 mul              x15, x15, x20       x15=ffff7fc0 x15:00000060 x20:fffffeaa
27375611ns          486231 1c009412 033585b3 mul              x11, x11, x19       x11=00003996 x11:ffffffca x19:fffffeef
27375631ns          486232 1c009416 40a75713 srai             x14, x14, 0x40a     x14=00000048 x14:00012321
27375651ns          486233 1c009418 40a5d593 srai             x11, x11, 0x40a     x11=0000000e x11:00003996
27375670ns          486234 1c00941a 40a65613 srai             x12, x12, 0x40a     x12=00000072 x12:0001c8e4
27375690ns          486235 1c00941c 40a7d793 srai             x15, x15, 0x40a     x15=ffffffdf x15:ffff7fc0
27375710ns          486236 1c00941e 1c0034b7 lui              x9, 0x1c003000       x9=1c003000
27375730ns          486237 1c009422 00e60633 add              x12, x12, x14       x12=000000ba x12:00000072 x14:00000048
27375750ns          486238 1c009424 40b787b3 sub              x15, x15, x11       x15=ffffffd1 x15:ffffffdf x11:0000000e
27375770ns          486239 1c009426 eb048493 addi             x9, x9, -336         x9=1c002eb0  x9:1c003000
27375790ns          486240 1c00942a 1c0032b7 lui              x5, 0x1c003000       x5=1c003000
27375810ns          486241 1c00942e 1c0035b7 lui              x11, 0x1c003000     x11=1c003000
27375830ns          486242 1c009432 018483b3 add              x7, x9, x24          x7=1c002eb6  x9:1c002eb0 x24:00000006
27375849ns          486243 1c009436 02812e83 lw               x29, 40(x2)         x29=1c002ec6  x2:10001cd8  PA:10001d00
27375869ns          486244 1c009438 10065633 p.exthz          x12, x12, x0        x12=000000ba x12:000000ba
27375889ns          486245 1c00943c e8028293 addi             x5, x5, -384         x5=1c002e80  x5:1c003000
27375909ns          486246 1c009440 ea058593 addi             x11, x11, -352      x11=1c002ea0 x11:1c003000
27375929ns          486247 1c009444 03812483 lw               x9, 56(x2)           x9=1c002ee6  x2:10001cd8  PA:10001d10
27375949ns          486248 1c009446 10064733 p.exths          x14, x12, x0        x14=000000ba x12:000000ba
27375969ns          486249 1c00944a 018280b3 add              x1, x5, x24          x1=1c002e86  x5:1c002e80 x24:00000006
27375989ns          486250 1c00944e 03012f03 lw               x30, 48(x2)         x30=1c002ed6  x2:10001cd8  PA:10001d08
27376009ns          486251 1c009450 018582b3 add              x5, x11, x24         x5=1c002ea6 x11:1c002ea0 x24:00000006
27376028ns          486252 1c009454 04012583 lw               x11, 64(x2)         x11=1c002ef6  x2:10001cd8  PA:10001d18
27376048ns          486253 1c009456 000edd83 lhu              x27, 0(x29)         x27=00001bf2 x29:1c002ec6  PA:1c002ec6
27376366ns          486269 1c00945a 0004d483 lhu              x9, 0(x9)            x9=0000020e  x9:1c002ee6  PA:1c002ee6
27376665ns          486284 1c00945e 02e70333 mul              x6, x14, x14         x6=00008724 x14:000000ba x14:000000ba
27376685ns          486285 1c009462 40a55513 srai             x10, x10, 0x40a     x10=ffffffe6 x10:ffff99a0
27376705ns          486286 1c009464 04812e83 lw               x29, 72(x2)         x29=1c002f06  x2:10001cd8  PA:10001d20
27376724ns          486287 1c009466 40a6d693 srai             x13, x13, 0x40a     x13=00000012 x13:00004824
27376744ns          486288 1c009468 000f5d03 lhu              x26, 0(x30)         x26=00000695 x30:1c002ed6  PA:1c002ed6
27377082ns          486305 1c00946c 0005d583 lhu              x11, 0(x11)         x11=000000bd x11:1c002ef6  PA:1c002ef6
27377401ns          486321 1c009470 40a35313 srai             x6, x6, 0x40a        x6=00000021  x6:00008724
27377421ns          486322 1c009474 00a686b3 add              x13, x13, x10       x13=fffffff8 x13:00000012 x10:ffffffe6
27377440ns          486323 1c009476 05012f03 lw               x30, 80(x2)         x30=1c002e76  x2:10001cd8  PA:10001d28
27377460ns          486324 1c009478 10034e33 p.exths          x28, x6, x0         x28=00000021  x6:00000021
27377480ns          486325 1c00947c 06911023 sh               x9, 96(x2)           x9:0000020e  x2:10001cd8  PA:10001d38
27377500ns          486326 1c009480 000ede83 lhu              x29, 0(x29)         x29=00000049 x29:1c002f06  PA:1c002f06
27377798ns          486341 1c009484 05812483 lw               x9, 88(x2)           x9=1c002e66  x2:10001cd8  PA:10001d30
27377818ns          486342 1c009486 1006d6b3 p.exthz          x13, x13, x0        x13=0000fff8 x13:fffffff8
27377838ns          486343 1c00948a 02ee08b3 mul              x17, x28, x14       x17=000017fa x28:00000021 x14:000000ba
27377858ns          486344 1c00948e 1006c833 p.exths          x16, x13, x0        x16=fffffff8 x13:0000fff8
27377878ns          486345 1c009492 06b11823 sh               x11, 112(x2)        x11:000000bd  x2:10001cd8  PA:10001d48
27377898ns          486346 1c009496 000f5f03 lhu              x30, 0(x30)         x30=0000feb2 x30:1c002e76  PA:1c002e76
27378196ns          486361 1c00949a 0a012583 lw               x11, 160(x2)        x11=1c002e96  x2:10001cd8  PA:10001d78
27378216ns          486362 1c00949c 1007d7b3 p.exthz          x15, x15, x0        x15=0000ffd1 x15:ffffffd1
27378236ns          486363 1c0094a0 0004da03 lhu              x20, 0(x9)          x20=0000f996  x9:1c002e66  PA:1c002e66
27378534ns          486378 1c0094a4 1007c533 p.exths          x10, x15, x0        x10=ffffffd1 x15:0000ffd1
27378554ns          486379 1c0094a8 09d11023 sh               x29, 128(x2)        x29:00000049  x2:10001cd8  PA:10001d58
27378574ns          486380 1c0094ac 0003d483 lhu              x9, 0(x7)            x9=0000ffc2  x7:1c002eb6  PA:1c002eb6
27378932ns          486398 1c0094b0 02e80eb3 mul              x29, x16, x14       x29=fffffa30 x16:fffffff8 x14:000000ba
27378952ns          486399 1c0094b4 40a8d893 srai             x17, x17, 0x40a     x17=00000005 x17:000017fa
27378972ns          486400 1c0094b8 03c80833 mul              x16, x16, x28       x16=fffffef8 x16:fffffff8 x28:00000021
27378992ns          486401 1c0094bc 09e11823 sh               x30, 144(x2)        x30:0000feb2  x2:10001cd8  PA:10001d68
27379012ns          486402 1c0094c0 0005d983 lhu              x19, 0(x11)         x19=0000ff87 x11:1c002e96  PA:1c002e96
27379330ns          486418 1c0094c4 81c88f5b p.muls           x30, x17, x28       x30=000000a5 x17:00000005 x28:00000021
27379350ns          486419 1c0094c8 0002d583 lhu              x11, 0(x5)          x11=0000ff55  x5:1c002ea6  PA:1c002ea6
27379668ns          486435 1c0094cc 03ce0fb3 mul              x31, x28, x28       x31=00000441 x28:00000021 x28:00000021
27379688ns          486436 1c0094d0 02e50733 mul              x14, x10, x14       x14=ffffddda x10:ffffffd1 x14:000000ba
27379708ns          486437 1c0094d4 40a85813 srai             x16, x16, 0x40a     x16=ffffffff x16:fffffef8
27379728ns          486438 1c0094d8 03c50533 mul              x10, x10, x28       x10=fffff9f1 x10:ffffffd1 x28:00000021
27379747ns          486439 1c0094dc 07015e03 lhu              x28, 112(x2)        x28=000000bd  x2:10001cd8  PA:10001d48
27379767ns          486440 1c0094e0 01b60633 add              x12, x12, x27       x12=00001cac x12:000000ba x27:00001bf2
27379787ns          486441 1c0094e2 00980833 add              x16, x16, x9        x16=0000ffc1 x16:ffffffff  x9:0000ffc2
27379807ns          486442 1c0094e4 06015d83 lhu              x27, 96(x2)         x27=0000020e  x2:10001cd8  PA:10001d38
27379827ns          486443 1c0094e8 02812483 lw               x9, 40(x2)           x9=1c002ec6  x2:10001cd8  PA:10001d00
27379847ns          486444 1c0094ea 40afdf93 srai             x31, x31, 0x40a     x31=00000001 x31:00000441
27379867ns          486445 1c0094ee 40a55513 srai             x10, x10, 0x40a     x10=fffffffe x10:fffff9f1
27379887ns          486446 1c0094f0 01cf8fb3 add              x31, x31, x28       x31=000000be x31:00000001 x28:000000bd
27379907ns          486447 1c0094f2 00b50533 add              x10, x10, x11       x10=0000ff53 x10:fffffffe x11:0000ff55
27379926ns          486448 1c0094f4 09015e03 lhu              x28, 144(x2)        x28=0000feb2  x2:10001cd8  PA:10001d68
27379966ns          486450 1c0094f8 03012583 lw               x11, 48(x2)         x11=1c002ed6  x2:10001cd8  PA:10001d08
27379986ns          486451 1c0094fa 00c49023 sh               x12, 0(x9)          x12:00001cac  x9:1c002ec6  PA:1c002ec6
27380304ns          486467 1c0094fe 01b888b3 add              x17, x17, x27       x17=00000213 x17:00000005 x27:0000020e
27380324ns          486468 1c009500 01a30333 add              x6, x6, x26          x6=000006b6  x6:00000021 x26:00000695
27380344ns          486469 1c009502 08015d83 lhu              x27, 128(x2)        x27=00000049  x2:10001cd8  PA:10001d58
27380364ns          486470 1c009506 0000d903 lhu              x18, 0(x1)          x18=0000fe36  x1:1c002e86  PA:1c002e86
27380682ns          486486 1c00950a 01c686b3 add              x13, x13, x28       x13=0001feaa x13:0000fff8 x28:0000feb2
27380702ns          486487 1c00950c 00659023 sh               x6, 0(x11)           x6:000006b6 x11:1c002ed6  PA:1c002ed6
27381040ns          486504 1c009510 40af5f13 srai             x30, x30, 0x40a     x30=00000000 x30:000000a5
27381060ns          486505 1c009514 04812e03 lw               x28, 72(x2)         x28=1c002f06  x2:10001cd8  PA:10001d20
27381080ns          486506 1c009516 01bf0f33 add              x30, x30, x27       x30=00000049 x30:00000000 x27:00000049
27381100ns          486507 1c009518 40aede93 srai             x29, x29, 0x40a     x29=fffffffe x29:fffffa30
27381120ns          486508 1c00951c 40a75713 srai             x14, x14, 0x40a     x14=fffffff7 x14:ffffddda
27381140ns          486509 1c00951e 03812603 lw               x12, 56(x2)         x12=1c002ee6  x2:10001cd8  PA:10001d10
27381160ns          486510 1c009520 04012d83 lw               x27, 64(x2)         x27=1c002ef6  x2:10001cd8  PA:10001d18
27381179ns          486511 1c009522 01ee1023 sh               x30, 0(x28)         x30:00000049 x28:1c002f06  PA:1c002f06
27381498ns          486527 1c009526 05812483 lw               x9, 88(x2)           x9=1c002e66  x2:10001cd8  PA:10001d30
27381517ns          486528 1c009528 05012f03 lw               x30, 80(x2)         x30=1c002e76  x2:10001cd8  PA:10001d28
27381537ns          486529 1c00952a 0a012583 lw               x11, 160(x2)        x11=1c002e96  x2:10001cd8  PA:10001d78
27381557ns          486530 1c00952c 014787b3 add              x15, x15, x20       x15=0001f967 x15:0000ffd1 x20:0000f996
27381577ns          486531 1c00952e 013e8eb3 add              x29, x29, x19       x29=0000ff85 x29:fffffffe x19:0000ff87
27381597ns          486532 1c009530 01270733 add              x14, x14, x18       x14=0000fe2d x14:fffffff7 x18:0000fe36
27381617ns          486533 1c009532 00f49023 sh               x15, 0(x9)          x15:0001f967  x9:1c002e66  PA:1c002e66
27381935ns          486549 1c009536 01161023 sh               x17, 0(x12)         x17:00000213 x12:1c002ee6  PA:1c002ee6
27382253ns          486565 1c00953a 01fd9023 sh               x31, 0(x27)         x31:000000be x27:1c002ef6  PA:1c002ef6
27382572ns          486581 1c00953e 00df1023 sh               x13, 0(x30)         x13:0001feaa x30:1c002e76  PA:1c002e76
27382890ns          486597 1c009542 01d59023 sh               x29, 0(x11)         x29:0000ff85 x11:1c002e96  PA:1c002e96
27383208ns          486613 1c009546 00e09023 sh               x14, 0(x1)          x14:0000fe2d  x1:1c002e86  PA:1c002e86
27383546ns          486630 1c00954a 01039023 sh               x16, 0(x7)          x16:0000ffc1  x7:1c002eb6  PA:1c002eb6
27383864ns          486646 1c00954e 00a29023 sh               x10, 0(x5)          x10:0000ff53  x5:1c002ea6  PA:1c002ea6
27384202ns          486663 1c009552 008b0b13 addi             x22, x22, 8         x22=000001cb x22:000001c3
27384222ns          486664 1c009554 1f300793 addi             x15, x0, 499        x15=000001f3
27384242ns          486665 1c009558 e767dae3 bge              x15, x22, -396      x15:000001f3 x22:000001cb
27384342ns          486670 1c0093cc 010c9a0b p.lh             x20, 16(x25!)       x20=ffffffa8 x25=1c002a2e x25:1c002a1e  PA:1c002a1e
27384640ns          486685 1c0093d0 0104198b p.lh             x19, 16(x8!)        x19=ffffffec  x8=1c0021f6  x8:1c0021e6  PA:1c0021e6
27384958ns          486701 1c0093d4 2cc10513 addi             x10, x2, 716        x10=10001fa4  x2:10001cd8
27384978ns          486702 1c0093d6 010a990b p.lh             x18, 16(x21!)       x18=ffffffa6 x21=1c001a22 x21:1c001a12  PA:1c001a12
27385356ns          486721 1c0093da 010b948b p.lh             x9, 16(x23!)         x9=fffffffa x23=1c001252 x23:1c001242  PA:1c001242
27385654ns          486736 1c0093de 2d411623 sh               x20, 716(x2)        x20:ffffffa8  x2:10001cd8  PA:10001fa4
27385674ns          486737 1c0093e2 2d311723 sh               x19, 718(x2)        x19:ffffffec  x2:10001cd8  PA:10001fa6
27385694ns          486738 1c0093e6 c33ff0ef jal              x1, -974             x1=1c0093e8
27385774ns          486742 1c009018 00051803 lh               x16, 0(x10)         x16=ffffffa8 x10:10001fa4  PA:10001fa4
27385813ns          486744 1c00901c 00251883 lh               x17, 2(x10)         x17=ffffffec x10:10001fa4  PA:10001fa6
27385873ns          486747 1c009020 030806b3 mul              x13, x16, x16       x13=00001e40 x16:ffffffa8 x16:ffffffa8
27385913ns          486749 1c009024 03188633 mul              x12, x17, x17       x12=00000190 x17:ffffffec x17:ffffffec
27385933ns          486750 1c009028 40a65613 srai             x12, x12, 0x40a     x12=00000000 x12:00000190
27385953ns          486751 1c00902a 40a6d693 srai             x13, x13, 0x40a     x13=00000007 x13:00001e40
27385972ns          486752 1c00902c 00c686b3 add              x13, x13, x12       x13=00000007 x13:00000007 x12:00000000
27385992ns          486753 1c00902e 1006c633 p.exths          x12, x13, x0        x12=00000007 x13:00000007
27386012ns          486754 1c009032 00855703 lhu              x14, 8(x10)         x14=0000ffd1 x10:10001fa4  PA:10001fac
27386032ns          486755 1c009036 00a55683 lhu              x13, 10(x10)        x13=0000ff6a x10:10001fa4  PA:10001fae
27386052ns          486756 1c00903a 02c60333 mul              x6, x12, x12         x6=00000031 x12:00000007 x12:00000007
27386092ns          486758 1c00903e 00c55783 lhu              x15, 12(x10)        x15=0000ffe5 x10:10001fa4  PA:10001fb0
27386132ns          486760 1c009042 00e55583 lhu              x11, 14(x10)        x11=00000060 x10:10001fa4  PA:10001fb2
27386151ns          486761 1c009046 dea30333 p.extract        x6, x6, 15, 10       x6=00000000  x6:00000031
27386171ns          486762 1c00904a 80c7075b p.muls           x14, x14, x12       x14=fffffeb7 x14:0000ffd1 x12:00000007
27386191ns          486763 1c00904e 80c686db p.muls           x13, x13, x12       x13=fffffbe6 x13:0000ff6a x12:00000007
27386211ns          486764 1c009052 00455e83 lhu              x29, 4(x10)         x29=00000427 x10:10001fa4  PA:10001fa8
27386231ns          486765 1c009056 00655e03 lhu              x28, 6(x10)         x28=0000007f x10:10001fa4  PA:10001faa
27386251ns          486766 1c00905a 40a75713 srai             x14, x14, 0x40a     x14=ffffffff x14:fffffeb7
27386271ns          486767 1c00905c 806787db p.muls           x15, x15, x6        x15=00000000 x15:0000ffe5  x6:00000000
27386310ns          486769 1c009060 40a6d693 srai             x13, x13, 0x40a     x13=fffffffe x13:fffffbe6
27386350ns          486771 1c009062 8065865b p.muls           x12, x11, x6        x12=00000000 x11:00000060  x6:00000000
27386370ns          486772 1c009066 40a7d793 srai             x15, x15, 0x40a     x15=00000000 x15:00000000
27386390ns          486773 1c009068 40a65613 srai             x12, x12, 0x40a     x12=00000000 x12:00000000
27386410ns          486774 1c00906a 01d70733 add              x14, x14, x29       x14=00000426 x14:ffffffff x29:00000427
27386430ns          486775 1c00906c 01c686b3 add              x13, x13, x28       x13=0000007d x13:fffffffe x28:0000007f
27386450ns          486776 1c00906e 00c686b3 add              x13, x13, x12       x13=0000007d x13:0000007d x12:00000000
27386470ns          486777 1c009070 00f70733 add              x14, x14, x15       x14=00000426 x14:00000426 x15:00000000
27386489ns          486778 1c009072 100747b3 p.exths          x15, x14, x0        x15=00000426 x14:00000426
27386509ns          486779 1c009076 1006c733 p.exths          x14, x13, x0        x14=0000007d x13:0000007d
27386529ns          486780 1c00907a 03170633 mul              x12, x14, x17       x12=fffff63c x14:0000007d x17:ffffffec
27386549ns          486781 1c00907e 030786b3 mul              x13, x15, x16       x13=fffe92f0 x15:00000426 x16:ffffffa8
27386569ns          486782 1c009082 03070733 mul              x14, x14, x16       x14=ffffd508 x14:0000007d x16:ffffffa8
27386589ns          486783 1c009086 031787b3 mul              x15, x15, x17       x15=ffffad08 x15:00000426 x17:ffffffec
27386609ns          486784 1c00908a 40a6d693 srai             x13, x13, 0x40a     x13=ffffffa4 x13:fffe92f0
27386629ns          486785 1c00908c 40a65613 srai             x12, x12, 0x40a     x12=fffffffd x12:fffff63c
27386649ns          486786 1c00908e 40a7d793 srai             x15, x15, 0x40a     x15=ffffffeb x15:ffffad08
27386668ns          486787 1c009090 40a75713 srai             x14, x14, 0x40a     x14=fffffff5 x14:ffffd508
27386688ns          486788 1c009092 40c686b3 sub              x13, x13, x12       x13=ffffffa7 x13:ffffffa4 x12:fffffffd
27386708ns          486789 1c009094 00e787b3 add              x15, x15, x14       x15=ffffffe0 x15:ffffffeb x14:fffffff5
27386728ns          486790 1c009096 00d51823 sh               x13, 16(x10)        x13:ffffffa7 x10:10001fa4  PA:10001fb4
27386768ns          486792 1c00909a 00f51923 sh               x15, 18(x10)        x15:ffffffe0 x10:10001fa4  PA:10001fb6
27386788ns          486793 1c00909e 00008067 jalr             x0, x1, 0            x1:1c0093e8
27386828ns          486795 1c0093e8 2dc15583 lhu              x11, 732(x2)        x11=0000ffa7  x2:10001cd8  PA:10001fb4
27386847ns          486796 1c0093ec 2de15783 lhu              x15, 734(x2)        x15=0000ffe0  x2:10001cd8  PA:10001fb6
27386867ns          486797 1c0093f0 40b90933 sub              x18, x18, x11       x18=fffeffff x18:ffffffa6 x11:0000ffa7
27386887ns          486798 1c0093f4 40f484b3 sub              x9, x9, x15          x9=ffff001a  x9:fffffffa x15:0000ffe0
27386907ns          486799 1c0093f6 100945b3 p.exths          x11, x18, x0        x11=ffffffff x18:fffeffff
27386927ns          486800 1c0093fa 1004c7b3 p.exths          x15, x9, x0         x15=0000001a  x9:ffff001a
27386947ns          486801 1c0093fe 034586b3 mul              x13, x11, x20       x13=00000058 x11:ffffffff x20:ffffffa8
27386967ns          486802 1c009402 03378533 mul              x10, x15, x19       x10=fffffdf8 x15:0000001a x19:ffffffec
27386987ns          486803 1c009406 034a0633 mul              x12, x20, x20       x12=00001e40 x20:ffffffa8 x20:ffffffa8
27387007ns          486804 1c00940a 03398733 mul              x14, x19, x19       x14=00000190 x19:ffffffec x19:ffffffec
27387026ns          486805 1c00940e 034787b3 mul              x15, x15, x20       x15=fffff710 x15:0000001a x20:ffffffa8
27387046ns          486806 1c009412 033585b3 mul              x11, x11, x19       x11=00000014 x11:ffffffff x19:ffffffec
27387066ns          486807 1c009416 40a75713 srai             x14, x14, 0x40a     x14=00000000 x14:00000190
27387086ns          486808 1c009418 40a5d593 srai             x11, x11, 0x40a     x11=00000000 x11:00000014
27387106ns          486809 1c00941a 40a65613 srai             x12, x12, 0x40a     x12=00000007 x12:00001e40
27387126ns          486810 1c00941c 40a7d793 srai             x15, x15, 0x40a     x15=fffffffd x15:fffff710
27387146ns          486811 1c00941e 1c0034b7 lui              x9, 0x1c003000       x9=1c003000
27387166ns          486812 1c009422 00e60633 add              x12, x12, x14       x12=00000007 x12:00000007 x14:00000000
27387186ns          486813 1c009424 40b787b3 sub              x15, x15, x11       x15=fffffffd x15:fffffffd x11:00000000
27387205ns          486814 1c009426 eb048493 addi             x9, x9, -336         x9=1c002eb0  x9:1c003000
27387225ns          486815 1c00942a 1c0032b7 lui              x5, 0x1c003000       x5=1c003000
27387245ns          486816 1c00942e 1c0035b7 lui              x11, 0x1c003000     x11=1c003000
27387265ns          486817 1c009432 018483b3 add              x7, x9, x24          x7=1c002eb6  x9:1c002eb0 x24:00000006
27387285ns          486818 1c009436 02812e83 lw               x29, 40(x2)         x29=1c002ec6  x2:10001cd8  PA:10001d00
27387305ns          486819 1c009438 10065633 p.exthz          x12, x12, x0        x12=00000007 x12:00000007
27387325ns          486820 1c00943c e8028293 addi             x5, x5, -384         x5=1c002e80  x5:1c003000
27387365ns          486822 1c009440 ea058593 addi             x11, x11, -352      x11=1c002ea0 x11:1c003000
27387404ns          486824 1c009444 03812483 lw               x9, 56(x2)           x9=1c002ee6  x2:10001cd8  PA:10001d10
27387424ns          486825 1c009446 10064733 p.exths          x14, x12, x0        x14=00000007 x12:00000007
27387444ns          486826 1c00944a 018280b3 add              x1, x5, x24          x1=1c002e86  x5:1c002e80 x24:00000006
27387464ns          486827 1c00944e 03012f03 lw               x30, 48(x2)         x30=1c002ed6  x2:10001cd8  PA:10001d08
27387504ns          486829 1c009450 018582b3 add              x5, x11, x24         x5=1c002ea6 x11:1c002ea0 x24:00000006
27387544ns          486831 1c009454 04012583 lw               x11, 64(x2)         x11=1c002ef6  x2:10001cd8  PA:10001d18
27387563ns          486832 1c009456 000edd83 lhu              x27, 0(x29)         x27=00001cac x29:1c002ec6  PA:1c002ec6
27387882ns          486848 1c00945a 0004d483 lhu              x9, 0(x9)            x9=00000213  x9:1c002ee6  PA:1c002ee6
27388180ns          486863 1c00945e 02e70333 mul              x6, x14, x14         x6=00000031 x14:00000007 x14:00000007
27388200ns          486864 1c009462 40a55513 srai             x10, x10, 0x40a     x10=ffffffff x10:fffffdf8
27388220ns          486865 1c009464 04812e83 lw               x29, 72(x2)         x29=1c002f06  x2:10001cd8  PA:10001d20
27388240ns          486866 1c009466 40a6d693 srai             x13, x13, 0x40a     x13=00000000 x13:00000058
27388260ns          486867 1c009468 000f5d03 lhu              x26, 0(x30)         x26=000006b6 x30:1c002ed6  PA:1c002ed6
27388558ns          486882 1c00946c 0005d583 lhu              x11, 0(x11)         x11=000000be x11:1c002ef6  PA:1c002ef6
27388956ns          486902 1c009470 40a35313 srai             x6, x6, 0x40a        x6=00000000  x6:00000031
27388975ns          486903 1c009474 00a686b3 add              x13, x13, x10       x13=ffffffff x13:00000000 x10:ffffffff
27388995ns          486904 1c009476 05012f03 lw               x30, 80(x2)         x30=1c002e76  x2:10001cd8  PA:10001d28
27389015ns          486905 1c009478 10034e33 p.exths          x28, x6, x0         x28=00000000  x6:00000000
27389035ns          486906 1c00947c 06911023 sh               x9, 96(x2)           x9:00000213  x2:10001cd8  PA:10001d38
27389055ns          486907 1c009480 000ede83 lhu              x29, 0(x29)         x29=00000049 x29:1c002f06  PA:1c002f06
27389373ns          486923 1c009484 05812483 lw               x9, 88(x2)           x9=1c002e66  x2:10001cd8  PA:10001d30
27389393ns          486924 1c009486 1006d6b3 p.exthz          x13, x13, x0        x13=0000ffff x13:ffffffff
27389413ns          486925 1c00948a 02ee08b3 mul              x17, x28, x14       x17=00000000 x28:00000000 x14:00000007
27389433ns          486926 1c00948e 1006c833 p.exths          x16, x13, x0        x16=ffffffff x13:0000ffff
27389453ns          486927 1c009492 06b11823 sh               x11, 112(x2)        x11:000000be  x2:10001cd8  PA:10001d48
27389473ns          486928 1c009496 000f5f03 lhu              x30, 0(x30)         x30=0000feaa x30:1c002e76  PA:1c002e76
27389771ns          486943 1c00949a 0a012583 lw               x11, 160(x2)        x11=1c002e96  x2:10001cd8  PA:10001d78
27389791ns          486944 1c00949c 1007d7b3 p.exthz          x15, x15, x0        x15=0000fffd x15:fffffffd
27389811ns          486945 1c0094a0 0004da03 lhu              x20, 0(x9)          x20=0000f967  x9:1c002e66  PA:1c002e66
27390129ns          486961 1c0094a4 1007c533 p.exths          x10, x15, x0        x10=fffffffd x15:0000fffd
27390149ns          486962 1c0094a8 09d11023 sh               x29, 128(x2)        x29:00000049  x2:10001cd8  PA:10001d58
27390169ns          486963 1c0094ac 0003d483 lhu              x9, 0(x7)            x9=0000ffc1  x7:1c002eb6  PA:1c002eb6
27390527ns          486981 1c0094b0 02e80eb3 mul              x29, x16, x14       x29=fffffff9 x16:ffffffff x14:00000007
27390547ns          486982 1c0094b4 40a8d893 srai             x17, x17, 0x40a     x17=00000000 x17:00000000
27390567ns          486983 1c0094b8 03c80833 mul              x16, x16, x28       x16=00000000 x16:ffffffff x28:00000000
27390586ns          486984 1c0094bc 09e11823 sh               x30, 144(x2)        x30:0000feaa  x2:10001cd8  PA:10001d68
27390606ns          486985 1c0094c0 0005d983 lhu              x19, 0(x11)         x19=0000ff85 x11:1c002e96  PA:1c002e96
27390905ns          487000 1c0094c4 81c88f5b p.muls           x30, x17, x28       x30=00000000 x17:00000000 x28:00000000
27390925ns          487001 1c0094c8 0002d583 lhu              x11, 0(x5)          x11=0000ff53  x5:1c002ea6  PA:1c002ea6
27391223ns          487016 1c0094cc 03ce0fb3 mul              x31, x28, x28       x31=00000000 x28:00000000 x28:00000000
27391243ns          487017 1c0094d0 02e50733 mul              x14, x10, x14       x14=ffffffeb x10:fffffffd x14:00000007
27391263ns          487018 1c0094d4 40a85813 srai             x16, x16, 0x40a     x16=00000000 x16:00000000
27391282ns          487019 1c0094d8 03c50533 mul              x10, x10, x28       x10=00000000 x10:fffffffd x28:00000000
27391302ns          487020 1c0094dc 07015e03 lhu              x28, 112(x2)        x28=000000be  x2:10001cd8  PA:10001d48
27391322ns          487021 1c0094e0 01b60633 add              x12, x12, x27       x12=00001cb3 x12:00000007 x27:00001cac
27391342ns          487022 1c0094e2 00980833 add              x16, x16, x9        x16=0000ffc1 x16:00000000  x9:0000ffc1
27391362ns          487023 1c0094e4 06015d83 lhu              x27, 96(x2)         x27=00000213  x2:10001cd8  PA:10001d38
27391382ns          487024 1c0094e8 02812483 lw               x9, 40(x2)           x9=1c002ec6  x2:10001cd8  PA:10001d00
27391402ns          487025 1c0094ea 40afdf93 srai             x31, x31, 0x40a     x31=00000000 x31:00000000
27391422ns          487026 1c0094ee 40a55513 srai             x10, x10, 0x40a     x10=00000000 x10:00000000
27391442ns          487027 1c0094f0 01cf8fb3 add              x31, x31, x28       x31=000000be x31:00000000 x28:000000be
27391461ns          487028 1c0094f2 00b50533 add              x10, x10, x11       x10=0000ff53 x10:00000000 x11:0000ff53
27391481ns          487029 1c0094f4 09015e03 lhu              x28, 144(x2)        x28=0000feaa  x2:10001cd8  PA:10001d68
27391501ns          487030 1c0094f8 03012583 lw               x11, 48(x2)         x11=1c002ed6  x2:10001cd8  PA:10001d08
27391521ns          487031 1c0094fa 00c49023 sh               x12, 0(x9)          x12:00001cb3  x9:1c002ec6  PA:1c002ec6
27391839ns          487047 1c0094fe 01b888b3 add              x17, x17, x27       x17=00000213 x17:00000000 x27:00000213
27391859ns          487048 1c009500 01a30333 add              x6, x6, x26          x6=000006b6  x6:00000000 x26:000006b6
27391879ns          487049 1c009502 08015d83 lhu              x27, 128(x2)        x27=00000049  x2:10001cd8  PA:10001d58
27391899ns          487050 1c009506 0000d903 lhu              x18, 0(x1)          x18=0000fe2d  x1:1c002e86  PA:1c002e86
27392197ns          487065 1c00950a 01c686b3 add              x13, x13, x28       x13=0001fea9 x13:0000ffff x28:0000feaa
27392217ns          487066 1c00950c 00659023 sh               x6, 0(x11)           x6:000006b6 x11:1c002ed6  PA:1c002ed6
27392535ns          487082 1c009510 40af5f13 srai             x30, x30, 0x40a     x30=00000000 x30:00000000
27392555ns          487083 1c009514 04812e03 lw               x28, 72(x2)         x28=1c002f06  x2:10001cd8  PA:10001d20
27392575ns          487084 1c009516 01bf0f33 add              x30, x30, x27       x30=00000049 x30:00000000 x27:00000049
27392595ns          487085 1c009518 40aede93 srai             x29, x29, 0x40a     x29=ffffffff x29:fffffff9
27392615ns          487086 1c00951c 40a75713 srai             x14, x14, 0x40a     x14=ffffffff x14:ffffffeb
27392635ns          487087 1c00951e 03812603 lw               x12, 56(x2)         x12=1c002ee6  x2:10001cd8  PA:10001d10
27392655ns          487088 1c009520 04012d83 lw               x27, 64(x2)         x27=1c002ef6  x2:10001cd8  PA:10001d18
27392675ns          487089 1c009522 01ee1023 sh               x30, 0(x28)         x30:00000049 x28:1c002f06  PA:1c002f06
27392993ns          487105 1c009526 05812483 lw               x9, 88(x2)           x9=1c002e66  x2:10001cd8  PA:10001d30
27393013ns          487106 1c009528 05012f03 lw               x30, 80(x2)         x30=1c002e76  x2:10001cd8  PA:10001d28
27393033ns          487107 1c00952a 0a012583 lw               x11, 160(x2)        x11=1c002e96  x2:10001cd8  PA:10001d78
27393053ns          487108 1c00952c 014787b3 add              x15, x15, x20       x15=0001f964 x15:0000fffd x20:0000f967
27393072ns          487109 1c00952e 013e8eb3 add              x29, x29, x19       x29=0000ff84 x29:ffffffff x19:0000ff85
27393092ns          487110 1c009530 01270733 add              x14, x14, x18       x14=0000fe2c x14:ffffffff x18:0000fe2d
27393112ns          487111 1c009532 00f49023 sh               x15, 0(x9)          x15:0001f964  x9:1c002e66  PA:1c002e66
27393450ns          487128 1c009536 01161023 sh               x17, 0(x12)         x17:00000213 x12:1c002ee6  PA:1c002ee6
27393768ns          487144 1c00953a 01fd9023 sh               x31, 0(x27)         x31:000000be x27:1c002ef6  PA:1c002ef6
27394107ns          487161 1c00953e 00df1023 sh               x13, 0(x30)         x13:0001fea9 x30:1c002e76  PA:1c002e76
27394425ns          487177 1c009542 01d59023 sh               x29, 0(x11)         x29:0000ff84 x11:1c002e96  PA:1c002e96
27394803ns          487196 1c009546 00e09023 sh               x14, 0(x1)          x14:0000fe2c  x1:1c002e86  PA:1c002e86
27395121ns          487212 1c00954a 01039023 sh               x16, 0(x7)          x16:0000ffc1  x7:1c002eb6  PA:1c002eb6
27395439ns          487228 1c00954e 00a29023 sh               x10, 0(x5)          x10:0000ff53  x5:1c002ea6  PA:1c002ea6
27395757ns          487244 1c009552 008b0b13 addi             x22, x22, 8         x22=000001d3 x22:000001cb
27395777ns          487245 1c009554 1f300793 addi             x15, x0, 499        x15=000001f3
27395797ns          487246 1c009558 e767dae3 bge              x15, x22, -396      x15:000001f3 x22:000001d3
27395857ns          487249 1c0093cc 010c9a0b p.lh             x20, 16(x25!)       x20=00000177 x25=1c002a3e x25:1c002a2e  PA:1c002a2e
27396195ns          487266 1c0093d0 0104198b p.lh             x19, 16(x8!)        x19=00000124  x8=1c002206  x8:1c0021f6  PA:1c0021f6
27396493ns          487281 1c0093d4 2cc10513 addi             x10, x2, 716        x10=10001fa4  x2:10001cd8
27396513ns          487282 1c0093d6 010a990b p.lh             x18, 16(x21!)       x18=000001a0 x21=1c001a32 x21:1c001a22  PA:1c001a22
27396831ns          487298 1c0093da 010b948b p.lh             x9, 16(x23!)         x9=000000f9 x23=1c001262 x23:1c001252  PA:1c001252
27397130ns          487313 1c0093de 2d411623 sh               x20, 716(x2)        x20:00000177  x2:10001cd8  PA:10001fa4
27397169ns          487315 1c0093e2 2d311723 sh               x19, 718(x2)        x19:00000124  x2:10001cd8  PA:10001fa6
27397189ns          487316 1c0093e6 c33ff0ef jal              x1, -974             x1=1c0093e8
27397229ns          487318 1c009018 00051803 lh               x16, 0(x10)         x16=00000177 x10:10001fa4  PA:10001fa4
27397269ns          487320 1c00901c 00251883 lh               x17, 2(x10)         x17=00000124 x10:10001fa4  PA:10001fa6
27397309ns          487322 1c009020 030806b3 mul              x13, x16, x16       x13=00022551 x16:00000177 x16:00000177
27397328ns          487323 1c009024 03188633 mul              x12, x17, x17       x12=00014d10 x17:00000124 x17:00000124
27397348ns          487324 1c009028 40a65613 srai             x12, x12, 0x40a     x12=00000053 x12:00014d10
27397368ns          487325 1c00902a 40a6d693 srai             x13, x13, 0x40a     x13=00000089 x13:00022551
27397388ns          487326 1c00902c 00c686b3 add              x13, x13, x12       x13=000000dc x13:00000089 x12:00000053
27397408ns          487327 1c00902e 1006c633 p.exths          x12, x13, x0        x12=000000dc x13:000000dc
27397428ns          487328 1c009032 00855703 lhu              x14, 8(x10)         x14=0000ffd1 x10:10001fa4  PA:10001fac
27397448ns          487329 1c009036 00a55683 lhu              x13, 10(x10)        x13=0000ff6a x10:10001fa4  PA:10001fae
27397468ns          487330 1c00903a 02c60333 mul              x6, x12, x12         x6=0000bd10 x12:000000dc x12:000000dc
27397488ns          487331 1c00903e 00c55783 lhu              x15, 12(x10)        x15=0000ffe5 x10:10001fa4  PA:10001fb0
27397507ns          487332 1c009042 00e55583 lhu              x11, 14(x10)        x11=00000060 x10:10001fa4  PA:10001fb2
27397527ns          487333 1c009046 dea30333 p.extract        x6, x6, 15, 10       x6=0000002f  x6:0000bd10
27397547ns          487334 1c00904a 80c7075b p.muls           x14, x14, x12       x14=ffffd79c x14:0000ffd1 x12:000000dc
27397607ns          487337 1c00904e 80c686db p.muls           x13, x13, x12       x13=ffff7f18 x13:0000ff6a x12:000000dc
27397647ns          487339 1c009052 00455e83 lhu              x29, 4(x10)         x29=00000427 x10:10001fa4  PA:10001fa8
27397667ns          487340 1c009056 00655e03 lhu              x28, 6(x10)         x28=0000007f x10:10001fa4  PA:10001faa
27397686ns          487341 1c00905a 40a75713 srai             x14, x14, 0x40a     x14=fffffff5 x14:ffffd79c
27397706ns          487342 1c00905c 806787db p.muls           x15, x15, x6        x15=fffffb0b x15:0000ffe5  x6:0000002f
27397746ns          487344 1c009060 40a6d693 srai             x13, x13, 0x40a     x13=ffffffdf x13:ffff7f18
27397786ns          487346 1c009062 8065865b p.muls           x12, x11, x6        x12=000011a0 x11:00000060  x6:0000002f
27397806ns          487347 1c009066 40a7d793 srai             x15, x15, 0x40a     x15=fffffffe x15:fffffb0b
27397826ns          487348 1c009068 40a65613 srai             x12, x12, 0x40a     x12=00000004 x12:000011a0
27397846ns          487349 1c00906a 01d70733 add              x14, x14, x29       x14=0000041c x14:fffffff5 x29:00000427
27397865ns          487350 1c00906c 01c686b3 add              x13, x13, x28       x13=0000005e x13:ffffffdf x28:0000007f
27397885ns          487351 1c00906e 00c686b3 add              x13, x13, x12       x13=00000062 x13:0000005e x12:00000004
27397905ns          487352 1c009070 00f70733 add              x14, x14, x15       x14=0000041a x14:0000041c x15:fffffffe
27397925ns          487353 1c009072 100747b3 p.exths          x15, x14, x0        x15=0000041a x14:0000041a
27397945ns          487354 1c009076 1006c733 p.exths          x14, x13, x0        x14=00000062 x13:00000062
27397965ns          487355 1c00907a 03170633 mul              x12, x14, x17       x12=00006fc8 x14:00000062 x17:00000124
27397985ns          487356 1c00907e 030786b3 mul              x13, x15, x16       x13=00060216 x15:0000041a x16:00000177
27398005ns          487357 1c009082 03070733 mul              x14, x14, x16       x14=00008f8e x14:00000062 x16:00000177
27398025ns          487358 1c009086 031787b3 mul              x15, x15, x17       x15=0004ada8 x15:0000041a x17:00000124
27398044ns          487359 1c00908a 40a6d693 srai             x13, x13, 0x40a     x13=00000180 x13:00060216
27398064ns          487360 1c00908c 40a65613 srai             x12, x12, 0x40a     x12=0000001b x12:00006fc8
27398084ns          487361 1c00908e 40a7d793 srai             x15, x15, 0x40a     x15=0000012b x15:0004ada8
27398104ns          487362 1c009090 40a75713 srai             x14, x14, 0x40a     x14=00000023 x14:00008f8e
27398124ns          487363 1c009092 40c686b3 sub              x13, x13, x12       x13=00000165 x13:00000180 x12:0000001b
27398144ns          487364 1c009094 00e787b3 add              x15, x15, x14       x15=0000014e x15:0000012b x14:00000023
27398164ns          487365 1c009096 00d51823 sh               x13, 16(x10)        x13:00000165 x10:10001fa4  PA:10001fb4
27398184ns          487366 1c00909a 00f51923 sh               x15, 18(x10)        x15:0000014e x10:10001fa4  PA:10001fb6
27398204ns          487367 1c00909e 00008067 jalr             x0, x1, 0            x1:1c0093e8
27398243ns          487369 1c0093e8 2dc15583 lhu              x11, 732(x2)        x11=00000165  x2:10001cd8  PA:10001fb4
27398263ns          487370 1c0093ec 2de15783 lhu              x15, 734(x2)        x15=0000014e  x2:10001cd8  PA:10001fb6
27398283ns          487371 1c0093f0 40b90933 sub              x18, x18, x11       x18=0000003b x18:000001a0 x11:00000165
27398303ns          487372 1c0093f4 40f484b3 sub              x9, x9, x15          x9=ffffffab  x9:000000f9 x15:0000014e
27398323ns          487373 1c0093f6 100945b3 p.exths          x11, x18, x0        x11=0000003b x18:0000003b
27398343ns          487374 1c0093fa 1004c7b3 p.exths          x15, x9, x0         x15=ffffffab  x9:ffffffab
27398363ns          487375 1c0093fe 034586b3 mul              x13, x11, x20       x13=0000566d x11:0000003b x20:00000177
27398383ns          487376 1c009402 03378533 mul              x10, x15, x19       x10=ffff9f0c x15:ffffffab x19:00000124
27398402ns          487377 1c009406 034a0633 mul              x12, x20, x20       x12=00022551 x20:00000177 x20:00000177
27398422ns          487378 1c00940a 03398733 mul              x14, x19, x19       x14=00014d10 x19:00000124 x19:00000124
27398442ns          487379 1c00940e 034787b3 mul              x15, x15, x20       x15=ffff837d x15:ffffffab x20:00000177
27398462ns          487380 1c009412 033585b3 mul              x11, x11, x19       x11=0000434c x11:0000003b x19:00000124
27398482ns          487381 1c009416 40a75713 srai             x14, x14, 0x40a     x14=00000053 x14:00014d10
27398502ns          487382 1c009418 40a5d593 srai             x11, x11, 0x40a     x11=00000010 x11:0000434c
27398522ns          487383 1c00941a 40a65613 srai             x12, x12, 0x40a     x12=00000089 x12:00022551
27398542ns          487384 1c00941c 40a7d793 srai             x15, x15, 0x40a     x15=ffffffe0 x15:ffff837d
27398562ns          487385 1c00941e 1c0034b7 lui              x9, 0x1c003000       x9=1c003000
27398581ns          487386 1c009422 00e60633 add              x12, x12, x14       x12=000000dc x12:00000089 x14:00000053
27398601ns          487387 1c009424 40b787b3 sub              x15, x15, x11       x15=ffffffd0 x15:ffffffe0 x11:00000010
27398621ns          487388 1c009426 eb048493 addi             x9, x9, -336         x9=1c002eb0  x9:1c003000
27398641ns          487389 1c00942a 1c0032b7 lui              x5, 0x1c003000       x5=1c003000
27398661ns          487390 1c00942e 1c0035b7 lui              x11, 0x1c003000     x11=1c003000
27398681ns          487391 1c009432 018483b3 add              x7, x9, x24          x7=1c002eb6  x9:1c002eb0 x24:00000006
27398701ns          487392 1c009436 02812e83 lw               x29, 40(x2)         x29=1c002ec6  x2:10001cd8  PA:10001d00
27398721ns          487393 1c009438 10065633 p.exthz          x12, x12, x0        x12=000000dc x12:000000dc
27398740ns          487394 1c00943c e8028293 addi             x5, x5, -384         x5=1c002e80  x5:1c003000
27398760ns          487395 1c009440 ea058593 addi             x11, x11, -352      x11=1c002ea0 x11:1c003000
27398780ns          487396 1c009444 03812483 lw               x9, 56(x2)           x9=1c002ee6  x2:10001cd8  PA:10001d10
27398800ns          487397 1c009446 10064733 p.exths          x14, x12, x0        x14=000000dc x12:000000dc
27398820ns          487398 1c00944a 018280b3 add              x1, x5, x24          x1=1c002e86  x5:1c002e80 x24:00000006
27398840ns          487399 1c00944e 03012f03 lw               x30, 48(x2)         x30=1c002ed6  x2:10001cd8  PA:10001d08
27398860ns          487400 1c009450 018582b3 add              x5, x11, x24         x5=1c002ea6 x11:1c002ea0 x24:00000006
27398880ns          487401 1c009454 04012583 lw               x11, 64(x2)         x11=1c002ef6  x2:10001cd8  PA:10001d18
27398900ns          487402 1c009456 000edd83 lhu              x27, 0(x29)         x27=00001cb3 x29:1c002ec6  PA:1c002ec6
27399218ns          487418 1c00945a 0004d483 lhu              x9, 0(x9)            x9=00000213  x9:1c002ee6  PA:1c002ee6
27399536ns          487434 1c00945e 02e70333 mul              x6, x14, x14         x6=0000bd10 x14:000000dc x14:000000dc
27399556ns          487435 1c009462 40a55513 srai             x10, x10, 0x40a     x10=ffffffe7 x10:ffff9f0c
27399576ns          487436 1c009464 04812e83 lw               x29, 72(x2)         x29=1c002f06  x2:10001cd8  PA:10001d20
27399596ns          487437 1c009466 40a6d693 srai             x13, x13, 0x40a     x13=00000015 x13:0000566d
27399616ns          487438 1c009468 000f5d03 lhu              x26, 0(x30)         x26=000006b6 x30:1c002ed6  PA:1c002ed6
27399914ns          487453 1c00946c 0005d583 lhu              x11, 0(x11)         x11=000000be x11:1c002ef6  PA:1c002ef6
27400212ns          487468 1c009470 40a35313 srai             x6, x6, 0x40a        x6=0000002f  x6:0000bd10
27400232ns          487469 1c009474 00a686b3 add              x13, x13, x10       x13=fffffffc x13:00000015 x10:ffffffe7
27400252ns          487470 1c009476 05012f03 lw               x30, 80(x2)         x30=1c002e76  x2:10001cd8  PA:10001d28
27400272ns          487471 1c009478 10034e33 p.exths          x28, x6, x0         x28=0000002f  x6:0000002f
27400292ns          487472 1c00947c 06911023 sh               x9, 96(x2)           x9:00000213  x2:10001cd8  PA:10001d38
27400312ns          487473 1c009480 000ede83 lhu              x29, 0(x29)         x29=00000049 x29:1c002f06  PA:1c002f06
27400630ns          487489 1c009484 05812483 lw               x9, 88(x2)           x9=1c002e66  x2:10001cd8  PA:10001d30
27400650ns          487490 1c009486 1006d6b3 p.exthz          x13, x13, x0        x13=0000fffc x13:fffffffc
27400670ns          487491 1c00948a 02ee08b3 mul              x17, x28, x14       x17=00002864 x28:0000002f x14:000000dc
27400690ns          487492 1c00948e 1006c833 p.exths          x16, x13, x0        x16=fffffffc x13:0000fffc
27400709ns          487493 1c009492 06b11823 sh               x11, 112(x2)        x11:000000be  x2:10001cd8  PA:10001d48
27400729ns          487494 1c009496 000f5f03 lhu              x30, 0(x30)         x30=0000fea9 x30:1c002e76  PA:1c002e76
27401028ns          487509 1c00949a 0a012583 lw               x11, 160(x2)        x11=1c002e96  x2:10001cd8  PA:10001d78
27401048ns          487510 1c00949c 1007d7b3 p.exthz          x15, x15, x0        x15=0000ffd0 x15:ffffffd0
27401067ns          487511 1c0094a0 0004da03 lhu              x20, 0(x9)          x20=0000f964  x9:1c002e66  PA:1c002e66
27401485ns          487532 1c0094a4 1007c533 p.exths          x10, x15, x0        x10=ffffffd0 x15:0000ffd0
27401505ns          487533 1c0094a8 09d11023 sh               x29, 128(x2)        x29:00000049  x2:10001cd8  PA:10001d58
27401525ns          487534 1c0094ac 0003d483 lhu              x9, 0(x7)            x9=0000ffc1  x7:1c002eb6  PA:1c002eb6
27401823ns          487549 1c0094b0 02e80eb3 mul              x29, x16, x14       x29=fffffc90 x16:fffffffc x14:000000dc
27401843ns          487550 1c0094b4 40a8d893 srai             x17, x17, 0x40a     x17=0000000a x17:00002864
27401863ns          487551 1c0094b8 03c80833 mul              x16, x16, x28       x16=ffffff44 x16:fffffffc x28:0000002f
27401883ns          487552 1c0094bc 09e11823 sh               x30, 144(x2)        x30:0000fea9  x2:10001cd8  PA:10001d68
27401903ns          487553 1c0094c0 0005d983 lhu              x19, 0(x11)         x19=0000ff84 x11:1c002e96  PA:1c002e96
27402221ns          487569 1c0094c4 81c88f5b p.muls           x30, x17, x28       x30=000001d6 x17:0000000a x28:0000002f
27402241ns          487570 1c0094c8 0002d583 lhu              x11, 0(x5)          x11=0000ff53  x5:1c002ea6  PA:1c002ea6
27402579ns          487587 1c0094cc 03ce0fb3 mul              x31, x28, x28       x31=000008a1 x28:0000002f x28:0000002f
27402599ns          487588 1c0094d0 02e50733 mul              x14, x10, x14       x14=ffffd6c0 x10:ffffffd0 x14:000000dc
27402619ns          487589 1c0094d4 40a85813 srai             x16, x16, 0x40a     x16=ffffffff x16:ffffff44
27402639ns          487590 1c0094d8 03c50533 mul              x10, x10, x28       x10=fffff730 x10:ffffffd0 x28:0000002f
27402658ns          487591 1c0094dc 07015e03 lhu              x28, 112(x2)        x28=000000be  x2:10001cd8  PA:10001d48
27402678ns          487592 1c0094e0 01b60633 add              x12, x12, x27       x12=00001d8f x12:000000dc x27:00001cb3
27402698ns          487593 1c0094e2 00980833 add              x16, x16, x9        x16=0000ffc0 x16:ffffffff  x9:0000ffc1
27402718ns          487594 1c0094e4 06015d83 lhu              x27, 96(x2)         x27=00000213  x2:10001cd8  PA:10001d38
27402738ns          487595 1c0094e8 02812483 lw               x9, 40(x2)           x9=1c002ec6  x2:10001cd8  PA:10001d00
27402758ns          487596 1c0094ea 40afdf93 srai             x31, x31, 0x40a     x31=00000002 x31:000008a1
27402778ns          487597 1c0094ee 40a55513 srai             x10, x10, 0x40a     x10=fffffffd x10:fffff730
27402798ns          487598 1c0094f0 01cf8fb3 add              x31, x31, x28       x31=000000c0 x31:00000002 x28:000000be
27402818ns          487599 1c0094f2 00b50533 add              x10, x10, x11       x10=0000ff50 x10:fffffffd x11:0000ff53
27402837ns          487600 1c0094f4 09015e03 lhu              x28, 144(x2)        x28=0000fea9  x2:10001cd8  PA:10001d68
27402857ns          487601 1c0094f8 03012583 lw               x11, 48(x2)         x11=1c002ed6  x2:10001cd8  PA:10001d08
27402877ns          487602 1c0094fa 00c49023 sh               x12, 0(x9)          x12:00001d8f  x9:1c002ec6  PA:1c002ec6
27403195ns          487618 1c0094fe 01b888b3 add              x17, x17, x27       x17=0000021d x17:0000000a x27:00000213
27403215ns          487619 1c009500 01a30333 add              x6, x6, x26          x6=000006e5  x6:0000002f x26:000006b6
27403235ns          487620 1c009502 08015d83 lhu              x27, 128(x2)        x27=00000049  x2:10001cd8  PA:10001d58
27403255ns          487621 1c009506 0000d903 lhu              x18, 0(x1)          x18=0000fe2c  x1:1c002e86  PA:1c002e86
27403573ns          487637 1c00950a 01c686b3 add              x13, x13, x28       x13=0001fea5 x13:0000fffc x28:0000fea9
27403593ns          487638 1c00950c 00659023 sh               x6, 0(x11)           x6:000006e5 x11:1c002ed6  PA:1c002ed6
27403931ns          487655 1c009510 40af5f13 srai             x30, x30, 0x40a     x30=00000000 x30:000001d6
27403951ns          487656 1c009514 04812e03 lw               x28, 72(x2)         x28=1c002f06  x2:10001cd8  PA:10001d20
27403971ns          487657 1c009516 01bf0f33 add              x30, x30, x27       x30=00000049 x30:00000000 x27:00000049
27403991ns          487658 1c009518 40aede93 srai             x29, x29, 0x40a     x29=ffffffff x29:fffffc90
27404011ns          487659 1c00951c 40a75713 srai             x14, x14, 0x40a     x14=fffffff5 x14:ffffd6c0
27404031ns          487660 1c00951e 03812603 lw               x12, 56(x2)         x12=1c002ee6  x2:10001cd8  PA:10001d10
27404051ns          487661 1c009520 04012d83 lw               x27, 64(x2)         x27=1c002ef6  x2:10001cd8  PA:10001d18
27404070ns          487662 1c009522 01ee1023 sh               x30, 0(x28)         x30:00000049 x28:1c002f06  PA:1c002f06
27404389ns          487678 1c009526 05812483 lw               x9, 88(x2)           x9=1c002e66  x2:10001cd8  PA:10001d30
27404409ns          487679 1c009528 05012f03 lw               x30, 80(x2)         x30=1c002e76  x2:10001cd8  PA:10001d28
27404428ns          487680 1c00952a 0a012583 lw               x11, 160(x2)        x11=1c002e96  x2:10001cd8  PA:10001d78
27404448ns          487681 1c00952c 014787b3 add              x15, x15, x20       x15=0001f934 x15:0000ffd0 x20:0000f964
27404468ns          487682 1c00952e 013e8eb3 add              x29, x29, x19       x29=0000ff83 x29:ffffffff x19:0000ff84
27404488ns          487683 1c009530 01270733 add              x14, x14, x18       x14=0000fe21 x14:fffffff5 x18:0000fe2c
27404508ns          487684 1c009532 00f49023 sh               x15, 0(x9)          x15:0001f934  x9:1c002e66  PA:1c002e66
27404846ns          487701 1c009536 01161023 sh               x17, 0(x12)         x17:0000021d x12:1c002ee6  PA:1c002ee6
27405164ns          487717 1c00953a 01fd9023 sh               x31, 0(x27)         x31:000000c0 x27:1c002ef6  PA:1c002ef6
27405483ns          487733 1c00953e 00df1023 sh               x13, 0(x30)         x13:0001fea5 x30:1c002e76  PA:1c002e76
27405801ns          487749 1c009542 01d59023 sh               x29, 0(x11)         x29:0000ff83 x11:1c002e96  PA:1c002e96
27406139ns          487766 1c009546 00e09023 sh               x14, 0(x1)          x14:0000fe21  x1:1c002e86  PA:1c002e86
27406457ns          487782 1c00954a 01039023 sh               x16, 0(x7)          x16:0000ffc0  x7:1c002eb6  PA:1c002eb6
27406775ns          487798 1c00954e 00a29023 sh               x10, 0(x5)          x10:0000ff50  x5:1c002ea6  PA:1c002ea6
27407093ns          487814 1c009552 008b0b13 addi             x22, x22, 8         x22=000001db x22:000001d3
27407113ns          487815 1c009554 1f300793 addi             x15, x0, 499        x15=000001f3
27407133ns          487816 1c009558 e767dae3 bge              x15, x22, -396      x15:000001f3 x22:000001db
27407272ns          487823 1c0093cc 010c9a0b p.lh             x20, 16(x25!)       x20=000000cb x25=1c002a4e x25:1c002a3e  PA:1c002a3e
27407591ns          487839 1c0093d0 0104198b p.lh             x19, 16(x8!)        x19=ffffff82  x8=1c002216  x8:1c002206  PA:1c002206
27407889ns          487854 1c0093d4 2cc10513 addi             x10, x2, 716        x10=10001fa4  x2:10001cd8
27407909ns          487855 1c0093d6 010a990b p.lh             x18, 16(x21!)       x18=000000ca x21=1c001a42 x21:1c001a32  PA:1c001a32
27408227ns          487871 1c0093da 010b948b p.lh             x9, 16(x23!)         x9=ffffff74 x23=1c001272 x23:1c001262  PA:1c001262
27408525ns          487886 1c0093de 2d411623 sh               x20, 716(x2)        x20:000000cb  x2:10001cd8  PA:10001fa4
27408565ns          487888 1c0093e2 2d311723 sh               x19, 718(x2)        x19:ffffff82  x2:10001cd8  PA:10001fa6
27408585ns          487889 1c0093e6 c33ff0ef jal              x1, -974             x1=1c0093e8
27408625ns          487891 1c009018 00051803 lh               x16, 0(x10)         x16=000000cb x10:10001fa4  PA:10001fa4
27408645ns          487892 1c00901c 00251883 lh               x17, 2(x10)         x17=ffffff82 x10:10001fa4  PA:10001fa6
27408665ns          487893 1c009020 030806b3 mul              x13, x16, x16       x13=0000a0f9 x16:000000cb x16:000000cb
27408684ns          487894 1c009024 03188633 mul              x12, x17, x17       x12=00003e04 x17:ffffff82 x17:ffffff82
27408704ns          487895 1c009028 40a65613 srai             x12, x12, 0x40a     x12=0000000f x12:00003e04
27408724ns          487896 1c00902a 40a6d693 srai             x13, x13, 0x40a     x13=00000028 x13:0000a0f9
27408744ns          487897 1c00902c 00c686b3 add              x13, x13, x12       x13=00000037 x13:00000028 x12:0000000f
27408764ns          487898 1c00902e 1006c633 p.exths          x12, x13, x0        x12=00000037 x13:00000037
27408784ns          487899 1c009032 00855703 lhu              x14, 8(x10)         x14=0000ffd1 x10:10001fa4  PA:10001fac
27408804ns          487900 1c009036 00a55683 lhu              x13, 10(x10)        x13=0000ff6a x10:10001fa4  PA:10001fae
27408824ns          487901 1c00903a 02c60333 mul              x6, x12, x12         x6=00000bd1 x12:00000037 x12:00000037
27408844ns          487902 1c00903e 00c55783 lhu              x15, 12(x10)        x15=0000ffe5 x10:10001fa4  PA:10001fb0
27408863ns          487903 1c009042 00e55583 lhu              x11, 14(x10)        x11=00000060 x10:10001fa4  PA:10001fb2
27408883ns          487904 1c009046 dea30333 p.extract        x6, x6, 15, 10       x6=00000002  x6:00000bd1
27408903ns          487905 1c00904a 80c7075b p.muls           x14, x14, x12       x14=fffff5e7 x14:0000ffd1 x12:00000037
27408943ns          487907 1c00904e 80c686db p.muls           x13, x13, x12       x13=ffffdfc6 x13:0000ff6a x12:00000037
27408983ns          487909 1c009052 00455e83 lhu              x29, 4(x10)         x29=00000427 x10:10001fa4  PA:10001fa8
27409003ns          487910 1c009056 00655e03 lhu              x28, 6(x10)         x28=0000007f x10:10001fa4  PA:10001faa
27409023ns          487911 1c00905a 40a75713 srai             x14, x14, 0x40a     x14=fffffffd x14:fffff5e7
27409042ns          487912 1c00905c 806787db p.muls           x15, x15, x6        x15=ffffffca x15:0000ffe5  x6:00000002
27409082ns          487914 1c009060 40a6d693 srai             x13, x13, 0x40a     x13=fffffff7 x13:ffffdfc6
27409122ns          487916 1c009062 8065865b p.muls           x12, x11, x6        x12=000000c0 x11:00000060  x6:00000002
27409142ns          487917 1c009066 40a7d793 srai             x15, x15, 0x40a     x15=ffffffff x15:ffffffca
27409162ns          487918 1c009068 40a65613 srai             x12, x12, 0x40a     x12=00000000 x12:000000c0
27409182ns          487919 1c00906a 01d70733 add              x14, x14, x29       x14=00000424 x14:fffffffd x29:00000427
27409202ns          487920 1c00906c 01c686b3 add              x13, x13, x28       x13=00000076 x13:fffffff7 x28:0000007f
27409221ns          487921 1c00906e 00c686b3 add              x13, x13, x12       x13=00000076 x13:00000076 x12:00000000
27409241ns          487922 1c009070 00f70733 add              x14, x14, x15       x14=00000423 x14:00000424 x15:ffffffff
27409261ns          487923 1c009072 100747b3 p.exths          x15, x14, x0        x15=00000423 x14:00000423
27409281ns          487924 1c009076 1006c733 p.exths          x14, x13, x0        x14=00000076 x13:00000076
27409301ns          487925 1c00907a 03170633 mul              x12, x14, x17       x12=ffffc5ec x14:00000076 x17:ffffff82
27409321ns          487926 1c00907e 030786b3 mul              x13, x15, x16       x13=000347c1 x15:00000423 x16:000000cb
27409341ns          487927 1c009082 03070733 mul              x14, x14, x16       x14=00005d92 x14:00000076 x16:000000cb
27409361ns          487928 1c009086 031787b3 mul              x15, x15, x17       x15=fffdf6c6 x15:00000423 x17:ffffff82
27409381ns          487929 1c00908a 40a6d693 srai             x13, x13, 0x40a     x13=000000d1 x13:000347c1
27409400ns          487930 1c00908c 40a65613 srai             x12, x12, 0x40a     x12=fffffff1 x12:ffffc5ec
27409420ns          487931 1c00908e 40a7d793 srai             x15, x15, 0x40a     x15=ffffff7d x15:fffdf6c6
27409440ns          487932 1c009090 40a75713 srai             x14, x14, 0x40a     x14=00000017 x14:00005d92
27409460ns          487933 1c009092 40c686b3 sub              x13, x13, x12       x13=000000e0 x13:000000d1 x12:fffffff1
27409480ns          487934 1c009094 00e787b3 add              x15, x15, x14       x15=ffffff94 x15:ffffff7d x14:00000017
27409500ns          487935 1c009096 00d51823 sh               x13, 16(x10)        x13:000000e0 x10:10001fa4  PA:10001fb4
27409520ns          487936 1c00909a 00f51923 sh               x15, 18(x10)        x15:ffffff94 x10:10001fa4  PA:10001fb6
27409540ns          487937 1c00909e 00008067 jalr             x0, x1, 0            x1:1c0093e8
27409579ns          487939 1c0093e8 2dc15583 lhu              x11, 732(x2)        x11=000000e0  x2:10001cd8  PA:10001fb4
27409599ns          487940 1c0093ec 2de15783 lhu              x15, 734(x2)        x15=0000ff94  x2:10001cd8  PA:10001fb6
27409619ns          487941 1c0093f0 40b90933 sub              x18, x18, x11       x18=ffffffea x18:000000ca x11:000000e0
27409639ns          487942 1c0093f4 40f484b3 sub              x9, x9, x15          x9=fffeffe0  x9:ffffff74 x15:0000ff94
27409659ns          487943 1c0093f6 100945b3 p.exths          x11, x18, x0        x11=ffffffea x18:ffffffea
27409679ns          487944 1c0093fa 1004c7b3 p.exths          x15, x9, x0         x15=ffffffe0  x9:fffeffe0
27409699ns          487945 1c0093fe 034586b3 mul              x13, x11, x20       x13=ffffee8e x11:ffffffea x20:000000cb
27409719ns          487946 1c009402 03378533 mul              x10, x15, x19       x10=00000fc0 x15:ffffffe0 x19:ffffff82
27409739ns          487947 1c009406 034a0633 mul              x12, x20, x20       x12=0000a0f9 x20:000000cb x20:000000cb
27409758ns          487948 1c00940a 03398733 mul              x14, x19, x19       x14=00003e04 x19:ffffff82 x19:ffffff82
27409778ns          487949 1c00940e 034787b3 mul              x15, x15, x20       x15=ffffe6a0 x15:ffffffe0 x20:000000cb
27409798ns          487950 1c009412 033585b3 mul              x11, x11, x19       x11=00000ad4 x11:ffffffea x19:ffffff82
27409818ns          487951 1c009416 40a75713 srai             x14, x14, 0x40a     x14=0000000f x14:00003e04
27409838ns          487952 1c009418 40a5d593 srai             x11, x11, 0x40a     x11=00000002 x11:00000ad4
27409858ns          487953 1c00941a 40a65613 srai             x12, x12, 0x40a     x12=00000028 x12:0000a0f9
27409878ns          487954 1c00941c 40a7d793 srai             x15, x15, 0x40a     x15=fffffff9 x15:ffffe6a0
27409898ns          487955 1c00941e 1c0034b7 lui              x9, 0x1c003000       x9=1c003000
27409918ns          487956 1c009422 00e60633 add              x12, x12, x14       x12=00000037 x12:00000028 x14:0000000f
27409937ns          487957 1c009424 40b787b3 sub              x15, x15, x11       x15=fffffff7 x15:fffffff9 x11:00000002
27409957ns          487958 1c009426 eb048493 addi             x9, x9, -336         x9=1c002eb0  x9:1c003000
27409977ns          487959 1c00942a 1c0032b7 lui              x5, 0x1c003000       x5=1c003000
27409997ns          487960 1c00942e 1c0035b7 lui              x11, 0x1c003000     x11=1c003000
27410017ns          487961 1c009432 018483b3 add              x7, x9, x24          x7=1c002eb6  x9:1c002eb0 x24:00000006
27410037ns          487962 1c009436 02812e83 lw               x29, 40(x2)         x29=1c002ec6  x2:10001cd8  PA:10001d00
27410057ns          487963 1c009438 10065633 p.exthz          x12, x12, x0        x12=00000037 x12:00000037
27410077ns          487964 1c00943c e8028293 addi             x5, x5, -384         x5=1c002e80  x5:1c003000
27410097ns          487965 1c009440 ea058593 addi             x11, x11, -352      x11=1c002ea0 x11:1c003000
27410116ns          487966 1c009444 03812483 lw               x9, 56(x2)           x9=1c002ee6  x2:10001cd8  PA:10001d10
27410136ns          487967 1c009446 10064733 p.exths          x14, x12, x0        x14=00000037 x12:00000037
27410156ns          487968 1c00944a 018280b3 add              x1, x5, x24          x1=1c002e86  x5:1c002e80 x24:00000006
27410176ns          487969 1c00944e 03012f03 lw               x30, 48(x2)         x30=1c002ed6  x2:10001cd8  PA:10001d08
27410196ns          487970 1c009450 018582b3 add              x5, x11, x24         x5=1c002ea6 x11:1c002ea0 x24:00000006
27410216ns          487971 1c009454 04012583 lw               x11, 64(x2)         x11=1c002ef6  x2:10001cd8  PA:10001d18
27410236ns          487972 1c009456 000edd83 lhu              x27, 0(x29)         x27=00001d8f x29:1c002ec6  PA:1c002ec6
27410534ns          487987 1c00945a 0004d483 lhu              x9, 0(x9)            x9=0000021d  x9:1c002ee6  PA:1c002ee6
27410852ns          488003 1c00945e 02e70333 mul              x6, x14, x14         x6=00000bd1 x14:00000037 x14:00000037
27410872ns          488004 1c009462 40a55513 srai             x10, x10, 0x40a     x10=00000003 x10:00000fc0
27410892ns          488005 1c009464 04812e83 lw               x29, 72(x2)         x29=1c002f06  x2:10001cd8  PA:10001d20
27410912ns          488006 1c009466 40a6d693 srai             x13, x13, 0x40a     x13=fffffffb x13:ffffee8e
27410932ns          488007 1c009468 000f5d03 lhu              x26, 0(x30)         x26=000006e5 x30:1c002ed6  PA:1c002ed6
27411230ns          488022 1c00946c 0005d583 lhu              x11, 0(x11)         x11=000000c0 x11:1c002ef6  PA:1c002ef6
27411528ns          488037 1c009470 40a35313 srai             x6, x6, 0x40a        x6=00000002  x6:00000bd1
27411548ns          488038 1c009474 00a686b3 add              x13, x13, x10       x13=fffffffe x13:fffffffb x10:00000003
27411568ns          488039 1c009476 05012f03 lw               x30, 80(x2)         x30=1c002e76  x2:10001cd8  PA:10001d28
27411588ns          488040 1c009478 10034e33 p.exths          x28, x6, x0         x28=00000002  x6:00000002
27411608ns          488041 1c00947c 06911023 sh               x9, 96(x2)           x9:0000021d  x2:10001cd8  PA:10001d38
27411628ns          488042 1c009480 000ede83 lhu              x29, 0(x29)         x29=00000049 x29:1c002f06  PA:1c002f06
27411926ns          488057 1c009484 05812483 lw               x9, 88(x2)           x9=1c002e66  x2:10001cd8  PA:10001d30
27411946ns          488058 1c009486 1006d6b3 p.exthz          x13, x13, x0        x13=0000fffe x13:fffffffe
27411966ns          488059 1c00948a 02ee08b3 mul              x17, x28, x14       x17=0000006e x28:00000002 x14:00000037
27411986ns          488060 1c00948e 1006c833 p.exths          x16, x13, x0        x16=fffffffe x13:0000fffe
27412006ns          488061 1c009492 06b11823 sh               x11, 112(x2)        x11:000000c0  x2:10001cd8  PA:10001d48
27412026ns          488062 1c009496 000f5f03 lhu              x30, 0(x30)         x30=0000fea5 x30:1c002e76  PA:1c002e76
27412344ns          488078 1c00949a 0a012583 lw               x11, 160(x2)        x11=1c002e96  x2:10001cd8  PA:10001d78
27412364ns          488079 1c00949c 1007d7b3 p.exthz          x15, x15, x0        x15=0000fff7 x15:fffffff7
27412384ns          488080 1c0094a0 0004da03 lhu              x20, 0(x9)          x20=0000f934  x9:1c002e66  PA:1c002e66
27412762ns          488099 1c0094a4 1007c533 p.exths          x10, x15, x0        x10=fffffff7 x15:0000fff7
27412781ns          488100 1c0094a8 09d11023 sh               x29, 128(x2)        x29:00000049  x2:10001cd8  PA:10001d58
27412801ns          488101 1c0094ac 0003d483 lhu              x9, 0(x7)            x9=0000ffc0  x7:1c002eb6  PA:1c002eb6
27413120ns          488117 1c0094b0 02e80eb3 mul              x29, x16, x14       x29=ffffff92 x16:fffffffe x14:00000037
27413139ns          488118 1c0094b4 40a8d893 srai             x17, x17, 0x40a     x17=00000000 x17:0000006e
27413159ns          488119 1c0094b8 03c80833 mul              x16, x16, x28       x16=fffffffc x16:fffffffe x28:00000002
27413179ns          488120 1c0094bc 09e11823 sh               x30, 144(x2)        x30:0000fea5  x2:10001cd8  PA:10001d68
27413199ns          488121 1c0094c0 0005d983 lhu              x19, 0(x11)         x19=0000ff83 x11:1c002e96  PA:1c002e96
27413557ns          488139 1c0094c4 81c88f5b p.muls           x30, x17, x28       x30=00000000 x17:00000000 x28:00000002
27413577ns          488140 1c0094c8 0002d583 lhu              x11, 0(x5)          x11=0000ff50  x5:1c002ea6  PA:1c002ea6
27413915ns          488157 1c0094cc 03ce0fb3 mul              x31, x28, x28       x31=00000004 x28:00000002 x28:00000002
27413935ns          488158 1c0094d0 02e50733 mul              x14, x10, x14       x14=fffffe11 x10:fffffff7 x14:00000037
27413955ns          488159 1c0094d4 40a85813 srai             x16, x16, 0x40a     x16=ffffffff x16:fffffffc
27413975ns          488160 1c0094d8 03c50533 mul              x10, x10, x28       x10=ffffffee x10:fffffff7 x28:00000002
27413995ns          488161 1c0094dc 07015e03 lhu              x28, 112(x2)        x28=000000c0  x2:10001cd8  PA:10001d48
27414034ns          488163 1c0094e0 01b60633 add              x12, x12, x27       x12=00001dc6 x12:00000037 x27:00001d8f
27414054ns          488164 1c0094e2 00980833 add              x16, x16, x9        x16=0000ffbf x16:ffffffff  x9:0000ffc0
27414074ns          488165 1c0094e4 06015d83 lhu              x27, 96(x2)         x27=0000021d  x2:10001cd8  PA:10001d38
27414094ns          488166 1c0094e8 02812483 lw               x9, 40(x2)           x9=1c002ec6  x2:10001cd8  PA:10001d00
27414114ns          488167 1c0094ea 40afdf93 srai             x31, x31, 0x40a     x31=00000000 x31:00000004
27414134ns          488168 1c0094ee 40a55513 srai             x10, x10, 0x40a     x10=ffffffff x10:ffffffee
27414154ns          488169 1c0094f0 01cf8fb3 add              x31, x31, x28       x31=000000c0 x31:00000000 x28:000000c0
27414174ns          488170 1c0094f2 00b50533 add              x10, x10, x11       x10=0000ff4f x10:ffffffff x11:0000ff50
27414193ns          488171 1c0094f4 09015e03 lhu              x28, 144(x2)        x28=0000fea5  x2:10001cd8  PA:10001d68
27414233ns          488173 1c0094f8 03012583 lw               x11, 48(x2)         x11=1c002ed6  x2:10001cd8  PA:10001d08
27414253ns          488174 1c0094fa 00c49023 sh               x12, 0(x9)          x12:00001dc6  x9:1c002ec6  PA:1c002ec6
27414571ns          488190 1c0094fe 01b888b3 add              x17, x17, x27       x17=0000021d x17:00000000 x27:0000021d
27414591ns          488191 1c009500 01a30333 add              x6, x6, x26          x6=000006e7  x6:00000002 x26:000006e5
27414611ns          488192 1c009502 08015d83 lhu              x27, 128(x2)        x27=00000049  x2:10001cd8  PA:10001d58
27414631ns          488193 1c009506 0000d903 lhu              x18, 0(x1)          x18=0000fe21  x1:1c002e86  PA:1c002e86
27414949ns          488209 1c00950a 01c686b3 add              x13, x13, x28       x13=0001fea3 x13:0000fffe x28:0000fea5
27414969ns          488210 1c00950c 00659023 sh               x6, 0(x11)           x6:000006e7 x11:1c002ed6  PA:1c002ed6
27415327ns          488228 1c009510 40af5f13 srai             x30, x30, 0x40a     x30=00000000 x30:00000000
27415347ns          488229 1c009514 04812e03 lw               x28, 72(x2)         x28=1c002f06  x2:10001cd8  PA:10001d20
27415367ns          488230 1c009516 01bf0f33 add              x30, x30, x27       x30=00000049 x30:00000000 x27:00000049
27415387ns          488231 1c009518 40aede93 srai             x29, x29, 0x40a     x29=ffffffff x29:ffffff92
27415407ns          488232 1c00951c 40a75713 srai             x14, x14, 0x40a     x14=ffffffff x14:fffffe11
27415427ns          488233 1c00951e 03812603 lw               x12, 56(x2)         x12=1c002ee6  x2:10001cd8  PA:10001d10
27415446ns          488234 1c009520 04012d83 lw               x27, 64(x2)         x27=1c002ef6  x2:10001cd8  PA:10001d18
27415466ns          488235 1c009522 01ee1023 sh               x30, 0(x28)         x30:00000049 x28:1c002f06  PA:1c002f06
27415785ns          488251 1c009526 05812483 lw               x9, 88(x2)           x9=1c002e66  x2:10001cd8  PA:10001d30
27415804ns          488252 1c009528 05012f03 lw               x30, 80(x2)         x30=1c002e76  x2:10001cd8  PA:10001d28
27415824ns          488253 1c00952a 0a012583 lw               x11, 160(x2)        x11=1c002e96  x2:10001cd8  PA:10001d78
27415844ns          488254 1c00952c 014787b3 add              x15, x15, x20       x15=0001f92b x15:0000fff7 x20:0000f934
27415864ns          488255 1c00952e 013e8eb3 add              x29, x29, x19       x29=0000ff82 x29:ffffffff x19:0000ff83
27415884ns          488256 1c009530 01270733 add              x14, x14, x18       x14=0000fe20 x14:ffffffff x18:0000fe21
27415904ns          488257 1c009532 00f49023 sh               x15, 0(x9)          x15:0001f92b  x9:1c002e66  PA:1c002e66
27416222ns          488273 1c009536 01161023 sh               x17, 0(x12)         x17:0000021d x12:1c002ee6  PA:1c002ee6
27416540ns          488289 1c00953a 01fd9023 sh               x31, 0(x27)         x31:000000c0 x27:1c002ef6  PA:1c002ef6
27416858ns          488305 1c00953e 00df1023 sh               x13, 0(x30)         x13:0001fea3 x30:1c002e76  PA:1c002e76
27417177ns          488321 1c009542 01d59023 sh               x29, 0(x11)         x29:0000ff82 x11:1c002e96  PA:1c002e96
27417495ns          488337 1c009546 00e09023 sh               x14, 0(x1)          x14:0000fe20  x1:1c002e86  PA:1c002e86
27417813ns          488353 1c00954a 01039023 sh               x16, 0(x7)          x16:0000ffbf  x7:1c002eb6  PA:1c002eb6
27418191ns          488372 1c00954e 00a29023 sh               x10, 0(x5)          x10:0000ff4f  x5:1c002ea6  PA:1c002ea6
27418509ns          488388 1c009552 008b0b13 addi             x22, x22, 8         x22=000001e3 x22:000001db
27418529ns          488389 1c009554 1f300793 addi             x15, x0, 499        x15=000001f3
27418549ns          488390 1c009558 e767dae3 bge              x15, x22, -396      x15:000001f3 x22:000001e3
27418609ns          488393 1c0093cc 010c9a0b p.lh             x20, 16(x25!)       x20=00000038 x25=1c002a5e x25:1c002a4e  PA:1c002a4e
27418927ns          488409 1c0093d0 0104198b p.lh             x19, 16(x8!)        x19=0000010e  x8=1c002226  x8:1c002216  PA:1c002216
27419265ns          488426 1c0093d4 2cc10513 addi             x10, x2, 716        x10=10001fa4  x2:10001cd8
27419285ns          488427 1c0093d6 010a990b p.lh             x18, 16(x21!)       x18=00000048 x21=1c001a52 x21:1c001a42  PA:1c001a42
27419623ns          488444 1c0093da 010b948b p.lh             x9, 16(x23!)         x9=0000010f x23=1c001282 x23:1c001272  PA:1c001272
27419921ns          488459 1c0093de 2d411623 sh               x20, 716(x2)        x20:00000038  x2:10001cd8  PA:10001fa4
27419941ns          488460 1c0093e2 2d311723 sh               x19, 718(x2)        x19:0000010e  x2:10001cd8  PA:10001fa6
27419961ns          488461 1c0093e6 c33ff0ef jal              x1, -974             x1=1c0093e8
27420001ns          488463 1c009018 00051803 lh               x16, 0(x10)         x16=00000038 x10:10001fa4  PA:10001fa4
27420041ns          488465 1c00901c 00251883 lh               x17, 2(x10)         x17=0000010e x10:10001fa4  PA:10001fa6
27420060ns          488466 1c009020 030806b3 mul              x13, x16, x16       x13=00000c40 x16:00000038 x16:00000038
27420080ns          488467 1c009024 03188633 mul              x12, x17, x17       x12=00011cc4 x17:0000010e x17:0000010e
27420100ns          488468 1c009028 40a65613 srai             x12, x12, 0x40a     x12=00000047 x12:00011cc4
27420120ns          488469 1c00902a 40a6d693 srai             x13, x13, 0x40a     x13=00000003 x13:00000c40
27420140ns          488470 1c00902c 00c686b3 add              x13, x13, x12       x13=0000004a x13:00000003 x12:00000047
27420160ns          488471 1c00902e 1006c633 p.exths          x12, x13, x0        x12=0000004a x13:0000004a
27420180ns          488472 1c009032 00855703 lhu              x14, 8(x10)         x14=0000ffd1 x10:10001fa4  PA:10001fac
27420200ns          488473 1c009036 00a55683 lhu              x13, 10(x10)        x13=0000ff6a x10:10001fa4  PA:10001fae
27420220ns          488474 1c00903a 02c60333 mul              x6, x12, x12         x6=00001564 x12:0000004a x12:0000004a
27420279ns          488477 1c00903e 00c55783 lhu              x15, 12(x10)        x15=0000ffe5 x10:10001fa4  PA:10001fb0
27420319ns          488479 1c009042 00e55583 lhu              x11, 14(x10)        x11=00000060 x10:10001fa4  PA:10001fb2
27420339ns          488480 1c009046 dea30333 p.extract        x6, x6, 15, 10       x6=00000005  x6:00001564
27420359ns          488481 1c00904a 80c7075b p.muls           x14, x14, x12       x14=fffff26a x14:0000ffd1 x12:0000004a
27420379ns          488482 1c00904e 80c686db p.muls           x13, x13, x12       x13=ffffd4a4 x13:0000ff6a x12:0000004a
27420399ns          488483 1c009052 00455e83 lhu              x29, 4(x10)         x29=00000427 x10:10001fa4  PA:10001fa8
27420418ns          488484 1c009056 00655e03 lhu              x28, 6(x10)         x28=0000007f x10:10001fa4  PA:10001faa
27420438ns          488485 1c00905a 40a75713 srai             x14, x14, 0x40a     x14=fffffffc x14:fffff26a
27420458ns          488486 1c00905c 806787db p.muls           x15, x15, x6        x15=ffffff79 x15:0000ffe5  x6:00000005
27420478ns          488487 1c009060 40a6d693 srai             x13, x13, 0x40a     x13=fffffff5 x13:ffffd4a4
27420498ns          488488 1c009062 8065865b p.muls           x12, x11, x6        x12=000001e0 x11:00000060  x6:00000005
27420518ns          488489 1c009066 40a7d793 srai             x15, x15, 0x40a     x15=ffffffff x15:ffffff79
27420538ns          488490 1c009068 40a65613 srai             x12, x12, 0x40a     x12=00000000 x12:000001e0
27420558ns          488491 1c00906a 01d70733 add              x14, x14, x29       x14=00000423 x14:fffffffc x29:00000427
27420578ns          488492 1c00906c 01c686b3 add              x13, x13, x28       x13=00000074 x13:fffffff5 x28:0000007f
27420597ns          488493 1c00906e 00c686b3 add              x13, x13, x12       x13=00000074 x13:00000074 x12:00000000
27420617ns          488494 1c009070 00f70733 add              x14, x14, x15       x14=00000422 x14:00000423 x15:ffffffff
27420637ns          488495 1c009072 100747b3 p.exths          x15, x14, x0        x15=00000422 x14:00000422
27420657ns          488496 1c009076 1006c733 p.exths          x14, x13, x0        x14=00000074 x13:00000074
27420677ns          488497 1c00907a 03170633 mul              x12, x14, x17       x12=00007a58 x14:00000074 x17:0000010e
27420697ns          488498 1c00907e 030786b3 mul              x13, x15, x16       x13=0000e770 x15:00000422 x16:00000038
27420717ns          488499 1c009082 03070733 mul              x14, x14, x16       x14=00001960 x14:00000074 x16:00000038
27420737ns          488500 1c009086 031787b3 mul              x15, x15, x17       x15=00045bdc x15:00000422 x17:0000010e
27420757ns          488501 1c00908a 40a6d693 srai             x13, x13, 0x40a     x13=00000039 x13:0000e770
27420776ns          488502 1c00908c 40a65613 srai             x12, x12, 0x40a     x12=0000001e x12:00007a58
27420796ns          488503 1c00908e 40a7d793 srai             x15, x15, 0x40a     x15=00000116 x15:00045bdc
27420816ns          488504 1c009090 40a75713 srai             x14, x14, 0x40a     x14=00000006 x14:00001960
27420836ns          488505 1c009092 40c686b3 sub              x13, x13, x12       x13=0000001b x13:00000039 x12:0000001e
27420856ns          488506 1c009094 00e787b3 add              x15, x15, x14       x15=0000011c x15:00000116 x14:00000006
27420876ns          488507 1c009096 00d51823 sh               x13, 16(x10)        x13:0000001b x10:10001fa4  PA:10001fb4
27420896ns          488508 1c00909a 00f51923 sh               x15, 18(x10)        x15:0000011c x10:10001fa4  PA:10001fb6
27420916ns          488509 1c00909e 00008067 jalr             x0, x1, 0            x1:1c0093e8
27420955ns          488511 1c0093e8 2dc15583 lhu              x11, 732(x2)        x11=0000001b  x2:10001cd8  PA:10001fb4
27420975ns          488512 1c0093ec 2de15783 lhu              x15, 734(x2)        x15=0000011c  x2:10001cd8  PA:10001fb6
27420995ns          488513 1c0093f0 40b90933 sub              x18, x18, x11       x18=0000002d x18:00000048 x11:0000001b
27421015ns          488514 1c0093f4 40f484b3 sub              x9, x9, x15          x9=fffffff3  x9:0000010f x15:0000011c
27421035ns          488515 1c0093f6 100945b3 p.exths          x11, x18, x0        x11=0000002d x18:0000002d
27421055ns          488516 1c0093fa 1004c7b3 p.exths          x15, x9, x0         x15=fffffff3  x9:fffffff3
27421075ns          488517 1c0093fe 034586b3 mul              x13, x11, x20       x13=000009d8 x11:0000002d x20:00000038
27421095ns          488518 1c009402 03378533 mul              x10, x15, x19       x10=fffff24a x15:fffffff3 x19:0000010e
27421114ns          488519 1c009406 034a0633 mul              x12, x20, x20       x12=00000c40 x20:00000038 x20:00000038
27421134ns          488520 1c00940a 03398733 mul              x14, x19, x19       x14=00011cc4 x19:0000010e x19:0000010e
27421154ns          488521 1c00940e 034787b3 mul              x15, x15, x20       x15=fffffd28 x15:fffffff3 x20:00000038
27421174ns          488522 1c009412 033585b3 mul              x11, x11, x19       x11=00002f76 x11:0000002d x19:0000010e
27421194ns          488523 1c009416 40a75713 srai             x14, x14, 0x40a     x14=00000047 x14:00011cc4
27421214ns          488524 1c009418 40a5d593 srai             x11, x11, 0x40a     x11=0000000b x11:00002f76
27421234ns          488525 1c00941a 40a65613 srai             x12, x12, 0x40a     x12=00000003 x12:00000c40
27421254ns          488526 1c00941c 40a7d793 srai             x15, x15, 0x40a     x15=ffffffff x15:fffffd28
27421274ns          488527 1c00941e 1c0034b7 lui              x9, 0x1c003000       x9=1c003000
27421293ns          488528 1c009422 00e60633 add              x12, x12, x14       x12=0000004a x12:00000003 x14:00000047
27421313ns          488529 1c009424 40b787b3 sub              x15, x15, x11       x15=fffffff4 x15:ffffffff x11:0000000b
27421333ns          488530 1c009426 eb048493 addi             x9, x9, -336         x9=1c002eb0  x9:1c003000
27421353ns          488531 1c00942a 1c0032b7 lui              x5, 0x1c003000       x5=1c003000
27421373ns          488532 1c00942e 1c0035b7 lui              x11, 0x1c003000     x11=1c003000
27421393ns          488533 1c009432 018483b3 add              x7, x9, x24          x7=1c002eb6  x9:1c002eb0 x24:00000006
27421413ns          488534 1c009436 02812e83 lw               x29, 40(x2)         x29=1c002ec6  x2:10001cd8  PA:10001d00
27421433ns          488535 1c009438 10065633 p.exthz          x12, x12, x0        x12=0000004a x12:0000004a
27421453ns          488536 1c00943c e8028293 addi             x5, x5, -384         x5=1c002e80  x5:1c003000
27421492ns          488538 1c009440 ea058593 addi             x11, x11, -352      x11=1c002ea0 x11:1c003000
27421532ns          488540 1c009444 03812483 lw               x9, 56(x2)           x9=1c002ee6  x2:10001cd8  PA:10001d10
27421552ns          488541 1c009446 10064733 p.exths          x14, x12, x0        x14=0000004a x12:0000004a
27421572ns          488542 1c00944a 018280b3 add              x1, x5, x24          x1=1c002e86  x5:1c002e80 x24:00000006
27421592ns          488543 1c00944e 03012f03 lw               x30, 48(x2)         x30=1c002ed6  x2:10001cd8  PA:10001d08
27421612ns          488544 1c009450 018582b3 add              x5, x11, x24         x5=1c002ea6 x11:1c002ea0 x24:00000006
27421632ns          488545 1c009454 04012583 lw               x11, 64(x2)         x11=1c002ef6  x2:10001cd8  PA:10001d18
27421651ns          488546 1c009456 000edd83 lhu              x27, 0(x29)         x27=00001dc6 x29:1c002ec6  PA:1c002ec6
27421970ns          488562 1c00945a 0004d483 lhu              x9, 0(x9)            x9=0000021d  x9:1c002ee6  PA:1c002ee6
27422268ns          488577 1c00945e 02e70333 mul              x6, x14, x14         x6=00001564 x14:0000004a x14:0000004a
27422288ns          488578 1c009462 40a55513 srai             x10, x10, 0x40a     x10=fffffffc x10:fffff24a
27422308ns          488579 1c009464 04812e83 lw               x29, 72(x2)         x29=1c002f06  x2:10001cd8  PA:10001d20
27422328ns          488580 1c009466 40a6d693 srai             x13, x13, 0x40a     x13=00000002 x13:000009d8
27422348ns          488581 1c009468 000f5d03 lhu              x26, 0(x30)         x26=000006e7 x30:1c002ed6  PA:1c002ed6
27422666ns          488597 1c00946c 0005d583 lhu              x11, 0(x11)         x11=000000c0 x11:1c002ef6  PA:1c002ef6
27423004ns          488614 1c009470 40a35313 srai             x6, x6, 0x40a        x6=00000005  x6:00001564
27423024ns          488615 1c009474 00a686b3 add              x13, x13, x10       x13=fffffffe x13:00000002 x10:fffffffc
27423044ns          488616 1c009476 05012f03 lw               x30, 80(x2)         x30=1c002e76  x2:10001cd8  PA:10001d28
27423064ns          488617 1c009478 10034e33 p.exths          x28, x6, x0         x28=00000005  x6:00000005
27423083ns          488618 1c00947c 06911023 sh               x9, 96(x2)           x9:0000021d  x2:10001cd8  PA:10001d38
27423103ns          488619 1c009480 000ede83 lhu              x29, 0(x29)         x29=00000049 x29:1c002f06  PA:1c002f06
27423422ns          488635 1c009484 05812483 lw               x9, 88(x2)           x9=1c002e66  x2:10001cd8  PA:10001d30
27423441ns          488636 1c009486 1006d6b3 p.exthz          x13, x13, x0        x13=0000fffe x13:fffffffe
27423461ns          488637 1c00948a 02ee08b3 mul              x17, x28, x14       x17=00000172 x28:00000005 x14:0000004a
27423481ns          488638 1c00948e 1006c833 p.exths          x16, x13, x0        x16=fffffffe x13:0000fffe
27423501ns          488639 1c009492 06b11823 sh               x11, 112(x2)        x11:000000c0  x2:10001cd8  PA:10001d48
27423521ns          488640 1c009496 000f5f03 lhu              x30, 0(x30)         x30=0000fea3 x30:1c002e76  PA:1c002e76
27423879ns          488658 1c00949a 0a012583 lw               x11, 160(x2)        x11=1c002e96  x2:10001cd8  PA:10001d78
27423899ns          488659 1c00949c 1007d7b3 p.exthz          x15, x15, x0        x15=0000fff4 x15:fffffff4
27423919ns          488660 1c0094a0 0004da03 lhu              x20, 0(x9)          x20=0000f92b  x9:1c002e66  PA:1c002e66
27424217ns          488675 1c0094a4 1007c533 p.exths          x10, x15, x0        x10=fffffff4 x15:0000fff4
27424237ns          488676 1c0094a8 09d11023 sh               x29, 128(x2)        x29:00000049  x2:10001cd8  PA:10001d58
27424257ns          488677 1c0094ac 0003d483 lhu              x9, 0(x7)            x9=0000ffbf  x7:1c002eb6  PA:1c002eb6
27424595ns          488694 1c0094b0 02e80eb3 mul              x29, x16, x14       x29=ffffff6c x16:fffffffe x14:0000004a
27424615ns          488695 1c0094b4 40a8d893 srai             x17, x17, 0x40a     x17=00000000 x17:00000172
27424635ns          488696 1c0094b8 03c80833 mul              x16, x16, x28       x16=fffffff6 x16:fffffffe x28:00000005
27424655ns          488697 1c0094bc 09e11823 sh               x30, 144(x2)        x30:0000fea3  x2:10001cd8  PA:10001d68
27424674ns          488698 1c0094c0 0005d983 lhu              x19, 0(x11)         x19=0000ff82 x11:1c002e96  PA:1c002e96
27424993ns          488714 1c0094c4 81c88f5b p.muls           x30, x17, x28       x30=00000000 x17:00000000 x28:00000005
27425013ns          488715 1c0094c8 0002d583 lhu              x11, 0(x5)          x11=0000ff4f  x5:1c002ea6  PA:1c002ea6
27425331ns          488731 1c0094cc 03ce0fb3 mul              x31, x28, x28       x31=00000019 x28:00000005 x28:00000005
27425351ns          488732 1c0094d0 02e50733 mul              x14, x10, x14       x14=fffffc88 x10:fffffff4 x14:0000004a
27425371ns          488733 1c0094d4 40a85813 srai             x16, x16, 0x40a     x16=ffffffff x16:fffffff6
27425390ns          488734 1c0094d8 03c50533 mul              x10, x10, x28       x10=ffffffc4 x10:fffffff4 x28:00000005
27425410ns          488735 1c0094dc 07015e03 lhu              x28, 112(x2)        x28=000000c0  x2:10001cd8  PA:10001d48
27425430ns          488736 1c0094e0 01b60633 add              x12, x12, x27       x12=00001e10 x12:0000004a x27:00001dc6
27425450ns          488737 1c0094e2 00980833 add              x16, x16, x9        x16=0000ffbe x16:ffffffff  x9:0000ffbf
27425470ns          488738 1c0094e4 06015d83 lhu              x27, 96(x2)         x27=0000021d  x2:10001cd8  PA:10001d38
27425490ns          488739 1c0094e8 02812483 lw               x9, 40(x2)           x9=1c002ec6  x2:10001cd8  PA:10001d00
27425510ns          488740 1c0094ea 40afdf93 srai             x31, x31, 0x40a     x31=00000000 x31:00000019
27425530ns          488741 1c0094ee 40a55513 srai             x10, x10, 0x40a     x10=ffffffff x10:ffffffc4
27425550ns          488742 1c0094f0 01cf8fb3 add              x31, x31, x28       x31=000000c0 x31:00000000 x28:000000c0
27425569ns          488743 1c0094f2 00b50533 add              x10, x10, x11       x10=0000ff4e x10:ffffffff x11:0000ff4f
27425589ns          488744 1c0094f4 09015e03 lhu              x28, 144(x2)        x28=0000fea3  x2:10001cd8  PA:10001d68
27425609ns          488745 1c0094f8 03012583 lw               x11, 48(x2)         x11=1c002ed6  x2:10001cd8  PA:10001d08
27425629ns          488746 1c0094fa 00c49023 sh               x12, 0(x9)          x12:00001e10  x9:1c002ec6  PA:1c002ec6
27425967ns          488763 1c0094fe 01b888b3 add              x17, x17, x27       x17=0000021d x17:00000000 x27:0000021d
27425987ns          488764 1c009500 01a30333 add              x6, x6, x26          x6=000006ec  x6:00000005 x26:000006e7
27426007ns          488765 1c009502 08015d83 lhu              x27, 128(x2)        x27=00000049  x2:10001cd8  PA:10001d58
27426027ns          488766 1c009506 0000d903 lhu              x18, 0(x1)          x18=0000fe20  x1:1c002e86  PA:1c002e86
27426325ns          488781 1c00950a 01c686b3 add              x13, x13, x28       x13=0001fea1 x13:0000fffe x28:0000fea3
27426345ns          488782 1c00950c 00659023 sh               x6, 0(x11)           x6:000006ec x11:1c002ed6  PA:1c002ed6
27426663ns          488798 1c009510 40af5f13 srai             x30, x30, 0x40a     x30=00000000 x30:00000000
27426683ns          488799 1c009514 04812e03 lw               x28, 72(x2)         x28=1c002f06  x2:10001cd8  PA:10001d20
27426703ns          488800 1c009516 01bf0f33 add              x30, x30, x27       x30=00000049 x30:00000000 x27:00000049
27426723ns          488801 1c009518 40aede93 srai             x29, x29, 0x40a     x29=ffffffff x29:ffffff6c
27426743ns          488802 1c00951c 40a75713 srai             x14, x14, 0x40a     x14=ffffffff x14:fffffc88
27426763ns          488803 1c00951e 03812603 lw               x12, 56(x2)         x12=1c002ee6  x2:10001cd8  PA:10001d10
27426783ns          488804 1c009520 04012d83 lw               x27, 64(x2)         x27=1c002ef6  x2:10001cd8  PA:10001d18
27426802ns          488805 1c009522 01ee1023 sh               x30, 0(x28)         x30:00000049 x28:1c002f06  PA:1c002f06
27427121ns          488821 1c009526 05812483 lw               x9, 88(x2)           x9=1c002e66  x2:10001cd8  PA:10001d30
27427141ns          488822 1c009528 05012f03 lw               x30, 80(x2)         x30=1c002e76  x2:10001cd8  PA:10001d28
27427160ns          488823 1c00952a 0a012583 lw               x11, 160(x2)        x11=1c002e96  x2:10001cd8  PA:10001d78
27427180ns          488824 1c00952c 014787b3 add              x15, x15, x20       x15=0001f91f x15:0000fff4 x20:0000f92b
27427200ns          488825 1c00952e 013e8eb3 add              x29, x29, x19       x29=0000ff81 x29:ffffffff x19:0000ff82
27427220ns          488826 1c009530 01270733 add              x14, x14, x18       x14=0000fe1f x14:ffffffff x18:0000fe20
27427240ns          488827 1c009532 00f49023 sh               x15, 0(x9)          x15:0001f91f  x9:1c002e66  PA:1c002e66
27427558ns          488843 1c009536 01161023 sh               x17, 0(x12)         x17:0000021d x12:1c002ee6  PA:1c002ee6
27427876ns          488859 1c00953a 01fd9023 sh               x31, 0(x27)         x31:000000c0 x27:1c002ef6  PA:1c002ef6
27428195ns          488875 1c00953e 00df1023 sh               x13, 0(x30)         x13:0001fea1 x30:1c002e76  PA:1c002e76
27428533ns          488892 1c009542 01d59023 sh               x29, 0(x11)         x29:0000ff81 x11:1c002e96  PA:1c002e96
27428851ns          488908 1c009546 00e09023 sh               x14, 0(x1)          x14:0000fe1f  x1:1c002e86  PA:1c002e86
27429169ns          488924 1c00954a 01039023 sh               x16, 0(x7)          x16:0000ffbe  x7:1c002eb6  PA:1c002eb6
27429487ns          488940 1c00954e 00a29023 sh               x10, 0(x5)          x10:0000ff4e  x5:1c002ea6  PA:1c002ea6
27429806ns          488956 1c009552 008b0b13 addi             x22, x22, 8         x22=000001eb x22:000001e3
27429825ns          488957 1c009554 1f300793 addi             x15, x0, 499        x15=000001f3
27429845ns          488958 1c009558 e767dae3 bge              x15, x22, -396      x15:000001f3 x22:000001eb
27429945ns          488963 1c0093cc 010c9a0b p.lh             x20, 16(x25!)       x20=00000136 x25=1c002a6e x25:1c002a5e  PA:1c002a5e
27430263ns          488979 1c0093d0 0104198b p.lh             x19, 16(x8!)        x19=ffffffd6  x8=1c002236  x8:1c002226  PA:1c002226
27430561ns          488994 1c0093d4 2cc10513 addi             x10, x2, 716        x10=10001fa4  x2:10001cd8
27430581ns          488995 1c0093d6 010a990b p.lh             x18, 16(x21!)       x18=00000142 x21=1c001a62 x21:1c001a52  PA:1c001a52
27430880ns          489010 1c0093da 010b948b p.lh             x9, 16(x23!)         x9=ffffffb6 x23=1c001292 x23:1c001282  PA:1c001282
27431218ns          489027 1c0093de 2d411623 sh               x20, 716(x2)        x20:00000136  x2:10001cd8  PA:10001fa4
27431237ns          489028 1c0093e2 2d311723 sh               x19, 718(x2)        x19:ffffffd6  x2:10001cd8  PA:10001fa6
27431257ns          489029 1c0093e6 c33ff0ef jal              x1, -974             x1=1c0093e8
27431337ns          489033 1c009018 00051803 lh               x16, 0(x10)         x16=00000136 x10:10001fa4  PA:10001fa4
27431377ns          489035 1c00901c 00251883 lh               x17, 2(x10)         x17=ffffffd6 x10:10001fa4  PA:10001fa6
27431436ns          489038 1c009020 030806b3 mul              x13, x16, x16       x13=00017764 x16:00000136 x16:00000136
27431476ns          489040 1c009024 03188633 mul              x12, x17, x17       x12=000006e4 x17:ffffffd6 x17:ffffffd6
27431496ns          489041 1c009028 40a65613 srai             x12, x12, 0x40a     x12=00000001 x12:000006e4
27431516ns          489042 1c00902a 40a6d693 srai             x13, x13, 0x40a     x13=0000005d x13:00017764
27431536ns          489043 1c00902c 00c686b3 add              x13, x13, x12       x13=0000005e x13:0000005d x12:00000001
27431556ns          489044 1c00902e 1006c633 p.exths          x12, x13, x0        x12=0000005e x13:0000005e
27431576ns          489045 1c009032 00855703 lhu              x14, 8(x10)         x14=0000ffd1 x10:10001fa4  PA:10001fac
27431595ns          489046 1c009036 00a55683 lhu              x13, 10(x10)        x13=0000ff6a x10:10001fa4  PA:10001fae
27431615ns          489047 1c00903a 02c60333 mul              x6, x12, x12         x6=00002284 x12:0000005e x12:0000005e
27431635ns          489048 1c00903e 00c55783 lhu              x15, 12(x10)        x15=0000ffe5 x10:10001fa4  PA:10001fb0
27431655ns          489049 1c009042 00e55583 lhu              x11, 14(x10)        x11=00000060 x10:10001fa4  PA:10001fb2
27431675ns          489050 1c009046 dea30333 p.extract        x6, x6, 15, 10       x6=00000008  x6:00002284
27431695ns          489051 1c00904a 80c7075b p.muls           x14, x14, x12       x14=ffffeebe x14:0000ffd1 x12:0000005e
27431735ns          489053 1c00904e 80c686db p.muls           x13, x13, x12       x13=ffffc8ec x13:0000ff6a x12:0000005e
27431774ns          489055 1c009052 00455e83 lhu              x29, 4(x10)         x29=00000427 x10:10001fa4  PA:10001fa8
27431794ns          489056 1c009056 00655e03 lhu              x28, 6(x10)         x28=0000007f x10:10001fa4  PA:10001faa
27431814ns          489057 1c00905a 40a75713 srai             x14, x14, 0x40a     x14=fffffffb x14:ffffeebe
27431834ns          489058 1c00905c 806787db p.muls           x15, x15, x6        x15=ffffff28 x15:0000ffe5  x6:00000008
27431874ns          489060 1c009060 40a6d693 srai             x13, x13, 0x40a     x13=fffffff2 x13:ffffc8ec
27431914ns          489062 1c009062 8065865b p.muls           x12, x11, x6        x12=00000300 x11:00000060  x6:00000008
27431934ns          489063 1c009066 40a7d793 srai             x15, x15, 0x40a     x15=ffffffff x15:ffffff28
27431953ns          489064 1c009068 40a65613 srai             x12, x12, 0x40a     x12=00000000 x12:00000300
27431973ns          489065 1c00906a 01d70733 add              x14, x14, x29       x14=00000422 x14:fffffffb x29:00000427
27431993ns          489066 1c00906c 01c686b3 add              x13, x13, x28       x13=00000071 x13:fffffff2 x28:0000007f
27432013ns          489067 1c00906e 00c686b3 add              x13, x13, x12       x13=00000071 x13:00000071 x12:00000000
27432033ns          489068 1c009070 00f70733 add              x14, x14, x15       x14=00000421 x14:00000422 x15:ffffffff
27432053ns          489069 1c009072 100747b3 p.exths          x15, x14, x0        x15=00000421 x14:00000421
27432073ns          489070 1c009076 1006c733 p.exths          x14, x13, x0        x14=00000071 x13:00000071
27432093ns          489071 1c00907a 03170633 mul              x12, x14, x17       x12=ffffed76 x14:00000071 x17:ffffffd6
27432113ns          489072 1c00907e 030786b3 mul              x13, x15, x16       x13=0004fff6 x15:00000421 x16:00000136
27432132ns          489073 1c009082 03070733 mul              x14, x14, x16       x14=000088d6 x14:00000071 x16:00000136
27432152ns          489074 1c009086 031787b3 mul              x15, x15, x17       x15=ffff5296 x15:00000421 x17:ffffffd6
27432172ns          489075 1c00908a 40a6d693 srai             x13, x13, 0x40a     x13=0000013f x13:0004fff6
27432192ns          489076 1c00908c 40a65613 srai             x12, x12, 0x40a     x12=fffffffb x12:ffffed76
27432212ns          489077 1c00908e 40a7d793 srai             x15, x15, 0x40a     x15=ffffffd4 x15:ffff5296
27432232ns          489078 1c009090 40a75713 srai             x14, x14, 0x40a     x14=00000022 x14:000088d6
27432252ns          489079 1c009092 40c686b3 sub              x13, x13, x12       x13=00000144 x13:0000013f x12:fffffffb
27432272ns          489080 1c009094 00e787b3 add              x15, x15, x14       x15=fffffff6 x15:ffffffd4 x14:00000022
27432292ns          489081 1c009096 00d51823 sh               x13, 16(x10)        x13:00000144 x10:10001fa4  PA:10001fb4
27432311ns          489082 1c00909a 00f51923 sh               x15, 18(x10)        x15:fffffff6 x10:10001fa4  PA:10001fb6
27432331ns          489083 1c00909e 00008067 jalr             x0, x1, 0            x1:1c0093e8
27432411ns          489087 1c0093e8 2dc15583 lhu              x11, 732(x2)        x11=00000144  x2:10001cd8  PA:10001fb4
27432431ns          489088 1c0093ec 2de15783 lhu              x15, 734(x2)        x15=0000fff6  x2:10001cd8  PA:10001fb6
27432451ns          489089 1c0093f0 40b90933 sub              x18, x18, x11       x18=fffffffe x18:00000142 x11:00000144
27432471ns          489090 1c0093f4 40f484b3 sub              x9, x9, x15          x9=fffeffc0  x9:ffffffb6 x15:0000fff6
27432490ns          489091 1c0093f6 100945b3 p.exths          x11, x18, x0        x11=fffffffe x18:fffffffe
27432510ns          489092 1c0093fa 1004c7b3 p.exths          x15, x9, x0         x15=ffffffc0  x9:fffeffc0
27432530ns          489093 1c0093fe 034586b3 mul              x13, x11, x20       x13=fffffd94 x11:fffffffe x20:00000136
27432550ns          489094 1c009402 03378533 mul              x10, x15, x19       x10=00000a80 x15:ffffffc0 x19:ffffffd6
27432570ns          489095 1c009406 034a0633 mul              x12, x20, x20       x12=00017764 x20:00000136 x20:00000136
27432590ns          489096 1c00940a 03398733 mul              x14, x19, x19       x14=000006e4 x19:ffffffd6 x19:ffffffd6
27432610ns          489097 1c00940e 034787b3 mul              x15, x15, x20       x15=ffffb280 x15:ffffffc0 x20:00000136
27432630ns          489098 1c009412 033585b3 mul              x11, x11, x19       x11=00000054 x11:fffffffe x19:ffffffd6
27432650ns          489099 1c009416 40a75713 srai             x14, x14, 0x40a     x14=00000001 x14:000006e4
27432669ns          489100 1c009418 40a5d593 srai             x11, x11, 0x40a     x11=00000000 x11:00000054
27432689ns          489101 1c00941a 40a65613 srai             x12, x12, 0x40a     x12=0000005d x12:00017764
27432709ns          489102 1c00941c 40a7d793 srai             x15, x15, 0x40a     x15=ffffffec x15:ffffb280
27432729ns          489103 1c00941e 1c0034b7 lui              x9, 0x1c003000       x9=1c003000
27432749ns          489104 1c009422 00e60633 add              x12, x12, x14       x12=0000005e x12:0000005d x14:00000001
27432769ns          489105 1c009424 40b787b3 sub              x15, x15, x11       x15=ffffffec x15:ffffffec x11:00000000
27432789ns          489106 1c009426 eb048493 addi             x9, x9, -336         x9=1c002eb0  x9:1c003000
27432809ns          489107 1c00942a 1c0032b7 lui              x5, 0x1c003000       x5=1c003000
27432829ns          489108 1c00942e 1c0035b7 lui              x11, 0x1c003000     x11=1c003000
27432848ns          489109 1c009432 018483b3 add              x7, x9, x24          x7=1c002eb6  x9:1c002eb0 x24:00000006
27432868ns          489110 1c009436 02812e83 lw               x29, 40(x2)         x29=1c002ec6  x2:10001cd8  PA:10001d00
27432888ns          489111 1c009438 10065633 p.exthz          x12, x12, x0        x12=0000005e x12:0000005e
27432908ns          489112 1c00943c e8028293 addi             x5, x5, -384         x5=1c002e80  x5:1c003000
27432928ns          489113 1c009440 ea058593 addi             x11, x11, -352      x11=1c002ea0 x11:1c003000
27432968ns          489115 1c009444 03812483 lw               x9, 56(x2)           x9=1c002ee6  x2:10001cd8  PA:10001d10
27432988ns          489116 1c009446 10064733 p.exths          x14, x12, x0        x14=0000005e x12:0000005e
27433008ns          489117 1c00944a 018280b3 add              x1, x5, x24          x1=1c002e86  x5:1c002e80 x24:00000006
27433027ns          489118 1c00944e 03012f03 lw               x30, 48(x2)         x30=1c002ed6  x2:10001cd8  PA:10001d08
27433047ns          489119 1c009450 018582b3 add              x5, x11, x24         x5=1c002ea6 x11:1c002ea0 x24:00000006
27433067ns          489120 1c009454 04012583 lw               x11, 64(x2)         x11=1c002ef6  x2:10001cd8  PA:10001d18
27433087ns          489121 1c009456 000edd83 lhu              x27, 0(x29)         x27=00001e10 x29:1c002ec6  PA:1c002ec6
27433385ns          489136 1c00945a 0004d483 lhu              x9, 0(x9)            x9=0000021d  x9:1c002ee6  PA:1c002ee6
27433684ns          489151 1c00945e 02e70333 mul              x6, x14, x14         x6=00002284 x14:0000005e x14:0000005e
27433704ns          489152 1c009462 40a55513 srai             x10, x10, 0x40a     x10=00000002 x10:00000a80
27433723ns          489153 1c009464 04812e83 lw               x29, 72(x2)         x29=1c002f06  x2:10001cd8  PA:10001d20
27433743ns          489154 1c009466 40a6d693 srai             x13, x13, 0x40a     x13=ffffffff x13:fffffd94
27433763ns          489155 1c009468 000f5d03 lhu              x26, 0(x30)         x26=000006ec x30:1c002ed6  PA:1c002ed6
27434062ns          489170 1c00946c 0005d583 lhu              x11, 0(x11)         x11=000000c0 x11:1c002ef6  PA:1c002ef6
27434360ns          489185 1c009470 40a35313 srai             x6, x6, 0x40a        x6=00000008  x6:00002284
27434380ns          489186 1c009474 00a686b3 add              x13, x13, x10       x13=00000001 x13:ffffffff x10:00000002
27434400ns          489187 1c009476 05012f03 lw               x30, 80(x2)         x30=1c002e76  x2:10001cd8  PA:10001d28
27434420ns          489188 1c009478 10034e33 p.exths          x28, x6, x0         x28=00000008  x6:00000008
27434439ns          489189 1c00947c 06911023 sh               x9, 96(x2)           x9:0000021d  x2:10001cd8  PA:10001d38
27434459ns          489190 1c009480 000ede83 lhu              x29, 0(x29)         x29=00000049 x29:1c002f06  PA:1c002f06
27434837ns          489209 1c009484 05812483 lw               x9, 88(x2)           x9=1c002e66  x2:10001cd8  PA:10001d30
27434857ns          489210 1c009486 1006d6b3 p.exthz          x13, x13, x0        x13=00000001 x13:00000001
27434877ns          489211 1c00948a 02ee08b3 mul              x17, x28, x14       x17=000002f0 x28:00000008 x14:0000005e
27434897ns          489212 1c00948e 1006c833 p.exths          x16, x13, x0        x16=00000001 x13:00000001
27434917ns          489213 1c009492 06b11823 sh               x11, 112(x2)        x11:000000c0  x2:10001cd8  PA:10001d48
27434937ns          489214 1c009496 000f5f03 lhu              x30, 0(x30)         x30=0000fea1 x30:1c002e76  PA:1c002e76
27435295ns          489232 1c00949a 0a012583 lw               x11, 160(x2)        x11=1c002e96  x2:10001cd8  PA:10001d78
27435315ns          489233 1c00949c 1007d7b3 p.exthz          x15, x15, x0        x15=0000ffec x15:ffffffec
27435334ns          489234 1c0094a0 0004da03 lhu              x20, 0(x9)          x20=0000f91f  x9:1c002e66  PA:1c002e66
27435653ns          489250 1c0094a4 1007c533 p.exths          x10, x15, x0        x10=ffffffec x15:0000ffec
27435673ns          489251 1c0094a8 09d11023 sh               x29, 128(x2)        x29:00000049  x2:10001cd8  PA:10001d58
27435712ns          489253 1c0094ac 0003d483 lhu              x9, 0(x7)            x9=0000ffbe  x7:1c002eb6  PA:1c002eb6
27436011ns          489268 1c0094b0 02e80eb3 mul              x29, x16, x14       x29=0000005e x16:00000001 x14:0000005e
27436030ns          489269 1c0094b4 40a8d893 srai             x17, x17, 0x40a     x17=00000000 x17:000002f0
27436050ns          489270 1c0094b8 03c80833 mul              x16, x16, x28       x16=00000008 x16:00000001 x28:00000008
27436070ns          489271 1c0094bc 09e11823 sh               x30, 144(x2)        x30:0000fea1  x2:10001cd8  PA:10001d68
27436090ns          489272 1c0094c0 0005d983 lhu              x19, 0(x11)         x19=0000ff81 x11:1c002e96  PA:1c002e96
27436468ns          489291 1c0094c4 81c88f5b p.muls           x30, x17, x28       x30=00000000 x17:00000000 x28:00000008
27436488ns          489292 1c0094c8 0002d583 lhu              x11, 0(x5)          x11=0000ff4e  x5:1c002ea6  PA:1c002ea6
27436806ns          489308 1c0094cc 03ce0fb3 mul              x31, x28, x28       x31=00000040 x28:00000008 x28:00000008
27436826ns          489309 1c0094d0 02e50733 mul              x14, x10, x14       x14=fffff8a8 x10:ffffffec x14:0000005e
27436846ns          489310 1c0094d4 40a85813 srai             x16, x16, 0x40a     x16=00000000 x16:00000008
27436866ns          489311 1c0094d8 03c50533 mul              x10, x10, x28       x10=ffffff60 x10:ffffffec x28:00000008
27436886ns          489312 1c0094dc 07015e03 lhu              x28, 112(x2)        x28=000000c0  x2:10001cd8  PA:10001d48
27436906ns          489313 1c0094e0 01b60633 add              x12, x12, x27       x12=00001e6e x12:0000005e x27:00001e10
27436925ns          489314 1c0094e2 00980833 add              x16, x16, x9        x16=0000ffbe x16:00000000  x9:0000ffbe
27436945ns          489315 1c0094e4 06015d83 lhu              x27, 96(x2)         x27=0000021d  x2:10001cd8  PA:10001d38
27436965ns          489316 1c0094e8 02812483 lw               x9, 40(x2)           x9=1c002ec6  x2:10001cd8  PA:10001d00
27436985ns          489317 1c0094ea 40afdf93 srai             x31, x31, 0x40a     x31=00000000 x31:00000040
27437005ns          489318 1c0094ee 40a55513 srai             x10, x10, 0x40a     x10=ffffffff x10:ffffff60
27437025ns          489319 1c0094f0 01cf8fb3 add              x31, x31, x28       x31=000000c0 x31:00000000 x28:000000c0
27437045ns          489320 1c0094f2 00b50533 add              x10, x10, x11       x10=0000ff4d x10:ffffffff x11:0000ff4e
27437065ns          489321 1c0094f4 09015e03 lhu              x28, 144(x2)        x28=0000fea1  x2:10001cd8  PA:10001d68
27437085ns          489322 1c0094f8 03012583 lw               x11, 48(x2)         x11=1c002ed6  x2:10001cd8  PA:10001d08
27437104ns          489323 1c0094fa 00c49023 sh               x12, 0(x9)          x12:00001e6e  x9:1c002ec6  PA:1c002ec6
27437462ns          489341 1c0094fe 01b888b3 add              x17, x17, x27       x17=0000021d x17:00000000 x27:0000021d
27437482ns          489342 1c009500 01a30333 add              x6, x6, x26          x6=000006f4  x6:00000008 x26:000006ec
27437502ns          489343 1c009502 08015d83 lhu              x27, 128(x2)        x27=00000049  x2:10001cd8  PA:10001d58
27437522ns          489344 1c009506 0000d903 lhu              x18, 0(x1)          x18=0000fe1f  x1:1c002e86  PA:1c002e86
27437840ns          489360 1c00950a 01c686b3 add              x13, x13, x28       x13=0000fea2 x13:00000001 x28:0000fea1
27437860ns          489361 1c00950c 00659023 sh               x6, 0(x11)           x6:000006f4 x11:1c002ed6  PA:1c002ed6
27438178ns          489377 1c009510 40af5f13 srai             x30, x30, 0x40a     x30=00000000 x30:00000000
27438198ns          489378 1c009514 04812e03 lw               x28, 72(x2)         x28=1c002f06  x2:10001cd8  PA:10001d20
27438218ns          489379 1c009516 01bf0f33 add              x30, x30, x27       x30=00000049 x30:00000000 x27:00000049
27438238ns          489380 1c009518 40aede93 srai             x29, x29, 0x40a     x29=00000000 x29:0000005e
27438258ns          489381 1c00951c 40a75713 srai             x14, x14, 0x40a     x14=fffffffe x14:fffff8a8
27438278ns          489382 1c00951e 03812603 lw               x12, 56(x2)         x12=1c002ee6  x2:10001cd8  PA:10001d10
27438298ns          489383 1c009520 04012d83 lw               x27, 64(x2)         x27=1c002ef6  x2:10001cd8  PA:10001d18
27438318ns          489384 1c009522 01ee1023 sh               x30, 0(x28)         x30:00000049 x28:1c002f06  PA:1c002f06
27438636ns          489400 1c009526 05812483 lw               x9, 88(x2)           x9=1c002e66  x2:10001cd8  PA:10001d30
27438656ns          489401 1c009528 05012f03 lw               x30, 80(x2)         x30=1c002e76  x2:10001cd8  PA:10001d28
27438676ns          489402 1c00952a 0a012583 lw               x11, 160(x2)        x11=1c002e96  x2:10001cd8  PA:10001d78
27438695ns          489403 1c00952c 014787b3 add              x15, x15, x20       x15=0001f90b x15:0000ffec x20:0000f91f
27438715ns          489404 1c00952e 013e8eb3 add              x29, x29, x19       x29=0000ff81 x29:00000000 x19:0000ff81
27438735ns          489405 1c009530 01270733 add              x14, x14, x18       x14=0000fe1d x14:fffffffe x18:0000fe1f
27438755ns          489406 1c009532 00f49023 sh               x15, 0(x9)          x15:0001f90b  x9:1c002e66  PA:1c002e66
27439113ns          489424 1c009536 01161023 sh               x17, 0(x12)         x17:0000021d x12:1c002ee6  PA:1c002ee6
27439451ns          489441 1c00953a 01fd9023 sh               x31, 0(x27)         x31:000000c0 x27:1c002ef6  PA:1c002ef6
27439769ns          489457 1c00953e 00df1023 sh               x13, 0(x30)         x13:0000fea2 x30:1c002e76  PA:1c002e76
27440088ns          489473 1c009542 01d59023 sh               x29, 0(x11)         x29:0000ff81 x11:1c002e96  PA:1c002e96
27440426ns          489490 1c009546 00e09023 sh               x14, 0(x1)          x14:0000fe1d  x1:1c002e86  PA:1c002e86
27440744ns          489506 1c00954a 01039023 sh               x16, 0(x7)          x16:0000ffbe  x7:1c002eb6  PA:1c002eb6
27441062ns          489522 1c00954e 00a29023 sh               x10, 0(x5)          x10:0000ff4d  x5:1c002ea6  PA:1c002ea6
27441380ns          489538 1c009552 008b0b13 addi             x22, x22, 8         x22=000001f3 x22:000001eb
27441400ns          489539 1c009554 1f300793 addi             x15, x0, 499        x15=000001f3
27441420ns          489540 1c009558 e767dae3 bge              x15, x22, -396      x15:000001f3 x22:000001f3
27441520ns          489545 1c0093cc 010c9a0b p.lh             x20, 16(x25!)       x20=00000042 x25=1c002a7e x25:1c002a6e  PA:1c002a6e
27441858ns          489562 1c0093d0 0104198b p.lh             x19, 16(x8!)        x19=ffffffd5  x8=1c002246  x8:1c002236  PA:1c002236
27442196ns          489579 1c0093d4 2cc10513 addi             x10, x2, 716        x10=10001fa4  x2:10001cd8
27442216ns          489580 1c0093d6 010a990b p.lh             x18, 16(x21!)       x18=00000046 x21=1c001a72 x21:1c001a62  PA:1c001a62
27442514ns          489595 1c0093da 010b948b p.lh             x9, 16(x23!)         x9=ffffffe1 x23=1c0012a2 x23:1c001292  PA:1c001292
27442812ns          489610 1c0093de 2d411623 sh               x20, 716(x2)        x20:00000042  x2:10001cd8  PA:10001fa4
27442832ns          489611 1c0093e2 2d311723 sh               x19, 718(x2)        x19:ffffffd5  x2:10001cd8  PA:10001fa6
27442852ns          489612 1c0093e6 c33ff0ef jal              x1, -974             x1=1c0093e8
27442892ns          489614 1c009018 00051803 lh               x16, 0(x10)         x16=00000042 x10:10001fa4  PA:10001fa4
27442912ns          489615 1c00901c 00251883 lh               x17, 2(x10)         x17=ffffffd5 x10:10001fa4  PA:10001fa6
27442971ns          489618 1c009020 030806b3 mul              x13, x16, x16       x13=00001104 x16:00000042 x16:00000042
27443011ns          489620 1c009024 03188633 mul              x12, x17, x17       x12=00000739 x17:ffffffd5 x17:ffffffd5
27443031ns          489621 1c009028 40a65613 srai             x12, x12, 0x40a     x12=00000001 x12:00000739
27443051ns          489622 1c00902a 40a6d693 srai             x13, x13, 0x40a     x13=00000004 x13:00001104
27443071ns          489623 1c00902c 00c686b3 add              x13, x13, x12       x13=00000005 x13:00000004 x12:00000001
27443091ns          489624 1c00902e 1006c633 p.exths          x12, x13, x0        x12=00000005 x13:00000005
27443111ns          489625 1c009032 00855703 lhu              x14, 8(x10)         x14=0000ffd1 x10:10001fa4  PA:10001fac
27443131ns          489626 1c009036 00a55683 lhu              x13, 10(x10)        x13=0000ff6a x10:10001fa4  PA:10001fae
27443150ns          489627 1c00903a 02c60333 mul              x6, x12, x12         x6=00000019 x12:00000005 x12:00000005
27443190ns          489629 1c00903e 00c55783 lhu              x15, 12(x10)        x15=0000ffe5 x10:10001fa4  PA:10001fb0
27443230ns          489631 1c009042 00e55583 lhu              x11, 14(x10)        x11=00000060 x10:10001fa4  PA:10001fb2
27443250ns          489632 1c009046 dea30333 p.extract        x6, x6, 15, 10       x6=00000000  x6:00000019
27443270ns          489633 1c00904a 80c7075b p.muls           x14, x14, x12       x14=ffffff15 x14:0000ffd1 x12:00000005
27443290ns          489634 1c00904e 80c686db p.muls           x13, x13, x12       x13=fffffd12 x13:0000ff6a x12:00000005
27443310ns          489635 1c009052 00455e83 lhu              x29, 4(x10)         x29=00000427 x10:10001fa4  PA:10001fa8
27443329ns          489636 1c009056 00655e03 lhu              x28, 6(x10)         x28=0000007f x10:10001fa4  PA:10001faa
27443349ns          489637 1c00905a 40a75713 srai             x14, x14, 0x40a     x14=ffffffff x14:ffffff15
27443369ns          489638 1c00905c 806787db p.muls           x15, x15, x6        x15=00000000 x15:0000ffe5  x6:00000000
27443389ns          489639 1c009060 40a6d693 srai             x13, x13, 0x40a     x13=ffffffff x13:fffffd12
27443409ns          489640 1c009062 8065865b p.muls           x12, x11, x6        x12=00000000 x11:00000060  x6:00000000
27443429ns          489641 1c009066 40a7d793 srai             x15, x15, 0x40a     x15=00000000 x15:00000000
27443449ns          489642 1c009068 40a65613 srai             x12, x12, 0x40a     x12=00000000 x12:00000000
27443469ns          489643 1c00906a 01d70733 add              x14, x14, x29       x14=00000426 x14:ffffffff x29:00000427
27443488ns          489644 1c00906c 01c686b3 add              x13, x13, x28       x13=0000007e x13:ffffffff x28:0000007f
27443508ns          489645 1c00906e 00c686b3 add              x13, x13, x12       x13=0000007e x13:0000007e x12:00000000
27443528ns          489646 1c009070 00f70733 add              x14, x14, x15       x14=00000426 x14:00000426 x15:00000000
27443548ns          489647 1c009072 100747b3 p.exths          x15, x14, x0        x15=00000426 x14:00000426
27443568ns          489648 1c009076 1006c733 p.exths          x14, x13, x0        x14=0000007e x13:0000007e
27443588ns          489649 1c00907a 03170633 mul              x12, x14, x17       x12=ffffead6 x14:0000007e x17:ffffffd5
27443608ns          489650 1c00907e 030786b3 mul              x13, x15, x16       x13=000111cc x15:00000426 x16:00000042
27443628ns          489651 1c009082 03070733 mul              x14, x14, x16       x14=0000207c x14:0000007e x16:00000042
27443648ns          489652 1c009086 031787b3 mul              x15, x15, x17       x15=ffff4d9e x15:00000426 x17:ffffffd5
27443667ns          489653 1c00908a 40a6d693 srai             x13, x13, 0x40a     x13=00000044 x13:000111cc
27443687ns          489654 1c00908c 40a65613 srai             x12, x12, 0x40a     x12=fffffffa x12:ffffead6
27443707ns          489655 1c00908e 40a7d793 srai             x15, x15, 0x40a     x15=ffffffd3 x15:ffff4d9e
27443727ns          489656 1c009090 40a75713 srai             x14, x14, 0x40a     x14=00000008 x14:0000207c
27443747ns          489657 1c009092 40c686b3 sub              x13, x13, x12       x13=0000004a x13:00000044 x12:fffffffa
27443767ns          489658 1c009094 00e787b3 add              x15, x15, x14       x15=ffffffdb x15:ffffffd3 x14:00000008
27443787ns          489659 1c009096 00d51823 sh               x13, 16(x10)        x13:0000004a x10:10001fa4  PA:10001fb4
27443807ns          489660 1c00909a 00f51923 sh               x15, 18(x10)        x15:ffffffdb x10:10001fa4  PA:10001fb6
27443827ns          489661 1c00909e 00008067 jalr             x0, x1, 0            x1:1c0093e8
27443866ns          489663 1c0093e8 2dc15583 lhu              x11, 732(x2)        x11=0000004a  x2:10001cd8  PA:10001fb4
27443886ns          489664 1c0093ec 2de15783 lhu              x15, 734(x2)        x15=0000ffdb  x2:10001cd8  PA:10001fb6
27443906ns          489665 1c0093f0 40b90933 sub              x18, x18, x11       x18=fffffffc x18:00000046 x11:0000004a
27443926ns          489666 1c0093f4 40f484b3 sub              x9, x9, x15          x9=ffff0006  x9:ffffffe1 x15:0000ffdb
27443946ns          489667 1c0093f6 100945b3 p.exths          x11, x18, x0        x11=fffffffc x18:fffffffc
27443966ns          489668 1c0093fa 1004c7b3 p.exths          x15, x9, x0         x15=00000006  x9:ffff0006
27443986ns          489669 1c0093fe 034586b3 mul              x13, x11, x20       x13=fffffef8 x11:fffffffc x20:00000042
27444006ns          489670 1c009402 03378533 mul              x10, x15, x19       x10=fffffefe x15:00000006 x19:ffffffd5
27444025ns          489671 1c009406 034a0633 mul              x12, x20, x20       x12=00001104 x20:00000042 x20:00000042
27444045ns          489672 1c00940a 03398733 mul              x14, x19, x19       x14=00000739 x19:ffffffd5 x19:ffffffd5
27444065ns          489673 1c00940e 034787b3 mul              x15, x15, x20       x15=0000018c x15:00000006 x20:00000042
27444085ns          489674 1c009412 033585b3 mul              x11, x11, x19       x11=000000ac x11:fffffffc x19:ffffffd5
27444105ns          489675 1c009416 40a75713 srai             x14, x14, 0x40a     x14=00000001 x14:00000739
27444125ns          489676 1c009418 40a5d593 srai             x11, x11, 0x40a     x11=00000000 x11:000000ac
27444145ns          489677 1c00941a 40a65613 srai             x12, x12, 0x40a     x12=00000004 x12:00001104
27444165ns          489678 1c00941c 40a7d793 srai             x15, x15, 0x40a     x15=00000000 x15:0000018c
27444185ns          489679 1c00941e 1c0034b7 lui              x9, 0x1c003000       x9=1c003000
27444204ns          489680 1c009422 00e60633 add              x12, x12, x14       x12=00000005 x12:00000004 x14:00000001
27444224ns          489681 1c009424 40b787b3 sub              x15, x15, x11       x15=00000000 x15:00000000 x11:00000000
27444244ns          489682 1c009426 eb048493 addi             x9, x9, -336         x9=1c002eb0  x9:1c003000
27444264ns          489683 1c00942a 1c0032b7 lui              x5, 0x1c003000       x5=1c003000
27444284ns          489684 1c00942e 1c0035b7 lui              x11, 0x1c003000     x11=1c003000
27444304ns          489685 1c009432 018483b3 add              x7, x9, x24          x7=1c002eb6  x9:1c002eb0 x24:00000006
27444324ns          489686 1c009436 02812e83 lw               x29, 40(x2)         x29=1c002ec6  x2:10001cd8  PA:10001d00
27444344ns          489687 1c009438 10065633 p.exthz          x12, x12, x0        x12=00000005 x12:00000005
27444364ns          489688 1c00943c e8028293 addi             x5, x5, -384         x5=1c002e80  x5:1c003000
27444383ns          489689 1c009440 ea058593 addi             x11, x11, -352      x11=1c002ea0 x11:1c003000
27444403ns          489690 1c009444 03812483 lw               x9, 56(x2)           x9=1c002ee6  x2:10001cd8  PA:10001d10
27444423ns          489691 1c009446 10064733 p.exths          x14, x12, x0        x14=00000005 x12:00000005
27444443ns          489692 1c00944a 018280b3 add              x1, x5, x24          x1=1c002e86  x5:1c002e80 x24:00000006
27444463ns          489693 1c00944e 03012f03 lw               x30, 48(x2)         x30=1c002ed6  x2:10001cd8  PA:10001d08
27444483ns          489694 1c009450 018582b3 add              x5, x11, x24         x5=1c002ea6 x11:1c002ea0 x24:00000006
27444503ns          489695 1c009454 04012583 lw               x11, 64(x2)         x11=1c002ef6  x2:10001cd8  PA:10001d18
27444523ns          489696 1c009456 000edd83 lhu              x27, 0(x29)         x27=00001e6e x29:1c002ec6  PA:1c002ec6
27444821ns          489711 1c00945a 0004d483 lhu              x9, 0(x9)            x9=0000021d  x9:1c002ee6  PA:1c002ee6
27445119ns          489726 1c00945e 02e70333 mul              x6, x14, x14         x6=00000019 x14:00000005 x14:00000005
27445139ns          489727 1c009462 40a55513 srai             x10, x10, 0x40a     x10=ffffffff x10:fffffefe
27445159ns          489728 1c009464 04812e83 lw               x29, 72(x2)         x29=1c002f06  x2:10001cd8  PA:10001d20
27445179ns          489729 1c009466 40a6d693 srai             x13, x13, 0x40a     x13=ffffffff x13:fffffef8
27445199ns          489730 1c009468 000f5d03 lhu              x26, 0(x30)         x26=000006f4 x30:1c002ed6  PA:1c002ed6
27445517ns          489746 1c00946c 0005d583 lhu              x11, 0(x11)         x11=000000c0 x11:1c002ef6  PA:1c002ef6
27445835ns          489762 1c009470 40a35313 srai             x6, x6, 0x40a        x6=00000000  x6:00000019
27445855ns          489763 1c009474 00a686b3 add              x13, x13, x10       x13=fffffffe x13:ffffffff x10:ffffffff
27445875ns          489764 1c009476 05012f03 lw               x30, 80(x2)         x30=1c002e76  x2:10001cd8  PA:10001d28
27445895ns          489765 1c009478 10034e33 p.exths          x28, x6, x0         x28=00000000  x6:00000000
27445915ns          489766 1c00947c 06911023 sh               x9, 96(x2)           x9:0000021d  x2:10001cd8  PA:10001d38
27445935ns          489767 1c009480 000ede83 lhu              x29, 0(x29)         x29=00000049 x29:1c002f06  PA:1c002f06
27446253ns          489783 1c009484 05812483 lw               x9, 88(x2)           x9=1c002e66  x2:10001cd8  PA:10001d30
27446273ns          489784 1c009486 1006d6b3 p.exthz          x13, x13, x0        x13=0000fffe x13:fffffffe
27446293ns          489785 1c00948a 02ee08b3 mul              x17, x28, x14       x17=00000000 x28:00000000 x14:00000005
27446313ns          489786 1c00948e 1006c833 p.exths          x16, x13, x0        x16=fffffffe x13:0000fffe
27446332ns          489787 1c009492 06b11823 sh               x11, 112(x2)        x11:000000c0  x2:10001cd8  PA:10001d48
27446352ns          489788 1c009496 000f5f03 lhu              x30, 0(x30)         x30=0000fea2 x30:1c002e76  PA:1c002e76
27446651ns          489803 1c00949a 0a012583 lw               x11, 160(x2)        x11=1c002e96  x2:10001cd8  PA:10001d78
27446671ns          489804 1c00949c 1007d7b3 p.exthz          x15, x15, x0        x15=00000000 x15:00000000
27446690ns          489805 1c0094a0 0004da03 lhu              x20, 0(x9)          x20=0000f90b  x9:1c002e66  PA:1c002e66
27446989ns          489820 1c0094a4 1007c533 p.exths          x10, x15, x0        x10=00000000 x15:00000000
27447009ns          489821 1c0094a8 09d11023 sh               x29, 128(x2)        x29:00000049  x2:10001cd8  PA:10001d58
27447029ns          489822 1c0094ac 0003d483 lhu              x9, 0(x7)            x9=0000ffbe  x7:1c002eb6  PA:1c002eb6
27447327ns          489837 1c0094b0 02e80eb3 mul              x29, x16, x14       x29=fffffff6 x16:fffffffe x14:00000005
27447347ns          489838 1c0094b4 40a8d893 srai             x17, x17, 0x40a     x17=00000000 x17:00000000
27447367ns          489839 1c0094b8 03c80833 mul              x16, x16, x28       x16=00000000 x16:fffffffe x28:00000000
27447387ns          489840 1c0094bc 09e11823 sh               x30, 144(x2)        x30:0000fea2  x2:10001cd8  PA:10001d68
27447406ns          489841 1c0094c0 0005d983 lhu              x19, 0(x11)         x19=0000ff81 x11:1c002e96  PA:1c002e96
27447705ns          489856 1c0094c4 81c88f5b p.muls           x30, x17, x28       x30=00000000 x17:00000000 x28:00000000
27447725ns          489857 1c0094c8 0002d583 lhu              x11, 0(x5)          x11=0000ff4d  x5:1c002ea6  PA:1c002ea6
27448023ns          489872 1c0094cc 03ce0fb3 mul              x31, x28, x28       x31=00000000 x28:00000000 x28:00000000
27448043ns          489873 1c0094d0 02e50733 mul              x14, x10, x14       x14=00000000 x10:00000000 x14:00000005
27448063ns          489874 1c0094d4 40a85813 srai             x16, x16, 0x40a     x16=00000000 x16:00000000
27448083ns          489875 1c0094d8 03c50533 mul              x10, x10, x28       x10=00000000 x10:00000000 x28:00000000
27448103ns          489876 1c0094dc 07015e03 lhu              x28, 112(x2)        x28=000000c0  x2:10001cd8  PA:10001d48
27448122ns          489877 1c0094e0 01b60633 add              x12, x12, x27       x12=00001e73 x12:00000005 x27:00001e6e
27448142ns          489878 1c0094e2 00980833 add              x16, x16, x9        x16=0000ffbe x16:00000000  x9:0000ffbe
27448162ns          489879 1c0094e4 06015d83 lhu              x27, 96(x2)         x27=0000021d  x2:10001cd8  PA:10001d38
27448182ns          489880 1c0094e8 02812483 lw               x9, 40(x2)           x9=1c002ec6  x2:10001cd8  PA:10001d00
27448202ns          489881 1c0094ea 40afdf93 srai             x31, x31, 0x40a     x31=00000000 x31:00000000
27448222ns          489882 1c0094ee 40a55513 srai             x10, x10, 0x40a     x10=00000000 x10:00000000
27448242ns          489883 1c0094f0 01cf8fb3 add              x31, x31, x28       x31=000000c0 x31:00000000 x28:000000c0
27448262ns          489884 1c0094f2 00b50533 add              x10, x10, x11       x10=0000ff4d x10:00000000 x11:0000ff4d
27448282ns          489885 1c0094f4 09015e03 lhu              x28, 144(x2)        x28=0000fea2  x2:10001cd8  PA:10001d68
27448301ns          489886 1c0094f8 03012583 lw               x11, 48(x2)         x11=1c002ed6  x2:10001cd8  PA:10001d08
27448321ns          489887 1c0094fa 00c49023 sh               x12, 0(x9)          x12:00001e73  x9:1c002ec6  PA:1c002ec6
27448639ns          489903 1c0094fe 01b888b3 add              x17, x17, x27       x17=0000021d x17:00000000 x27:0000021d
27448659ns          489904 1c009500 01a30333 add              x6, x6, x26          x6=000006f4  x6:00000000 x26:000006f4
27448679ns          489905 1c009502 08015d83 lhu              x27, 128(x2)        x27=00000049  x2:10001cd8  PA:10001d58
27448699ns          489906 1c009506 0000d903 lhu              x18, 0(x1)          x18=0000fe1d  x1:1c002e86  PA:1c002e86
27448997ns          489921 1c00950a 01c686b3 add              x13, x13, x28       x13=0001fea0 x13:0000fffe x28:0000fea2
27449017ns          489922 1c00950c 00659023 sh               x6, 0(x11)           x6:000006f4 x11:1c002ed6  PA:1c002ed6
27449336ns          489938 1c009510 40af5f13 srai             x30, x30, 0x40a     x30=00000000 x30:00000000
27449355ns          489939 1c009514 04812e03 lw               x28, 72(x2)         x28=1c002f06  x2:10001cd8  PA:10001d20
27449375ns          489940 1c009516 01bf0f33 add              x30, x30, x27       x30=00000049 x30:00000000 x27:00000049
27449395ns          489941 1c009518 40aede93 srai             x29, x29, 0x40a     x29=ffffffff x29:fffffff6
27449415ns          489942 1c00951c 40a75713 srai             x14, x14, 0x40a     x14=00000000 x14:00000000
27449435ns          489943 1c00951e 03812603 lw               x12, 56(x2)         x12=1c002ee6  x2:10001cd8  PA:10001d10
27449455ns          489944 1c009520 04012d83 lw               x27, 64(x2)         x27=1c002ef6  x2:10001cd8  PA:10001d18
27449475ns          489945 1c009522 01ee1023 sh               x30, 0(x28)         x30:00000049 x28:1c002f06  PA:1c002f06
27449793ns          489961 1c009526 05812483 lw               x9, 88(x2)           x9=1c002e66  x2:10001cd8  PA:10001d30
27449813ns          489962 1c009528 05012f03 lw               x30, 80(x2)         x30=1c002e76  x2:10001cd8  PA:10001d28
27449833ns          489963 1c00952a 0a012583 lw               x11, 160(x2)        x11=1c002e96  x2:10001cd8  PA:10001d78
27449853ns          489964 1c00952c 014787b3 add              x15, x15, x20       x15=0000f90b x15:00000000 x20:0000f90b
27449873ns          489965 1c00952e 013e8eb3 add              x29, x29, x19       x29=0000ff80 x29:ffffffff x19:0000ff81
27449892ns          489966 1c009530 01270733 add              x14, x14, x18       x14=0000fe1d x14:00000000 x18:0000fe1d
27449912ns          489967 1c009532 00f49023 sh               x15, 0(x9)          x15:0000f90b  x9:1c002e66  PA:1c002e66
27450231ns          489983 1c009536 01161023 sh               x17, 0(x12)         x17:0000021d x12:1c002ee6  PA:1c002ee6
27450549ns          489999 1c00953a 01fd9023 sh               x31, 0(x27)         x31:000000c0 x27:1c002ef6  PA:1c002ef6
27450867ns          490015 1c00953e 00df1023 sh               x13, 0(x30)         x13:0001fea0 x30:1c002e76  PA:1c002e76
27451185ns          490031 1c009542 01d59023 sh               x29, 0(x11)         x29:0000ff80 x11:1c002e96  PA:1c002e96
27451503ns          490047 1c009546 00e09023 sh               x14, 0(x1)          x14:0000fe1d  x1:1c002e86  PA:1c002e86
27451822ns          490063 1c00954a 01039023 sh               x16, 0(x7)          x16:0000ffbe  x7:1c002eb6  PA:1c002eb6
27452140ns          490079 1c00954e 00a29023 sh               x10, 0(x5)          x10:0000ff4d  x5:1c002ea6  PA:1c002ea6
27452458ns          490095 1c009552 008b0b13 addi             x22, x22, 8         x22=000001fb x22:000001f3
27452478ns          490096 1c009554 1f300793 addi             x15, x0, 499        x15=000001f3
27452498ns          490097 1c009558 e767dae3 bge              x15, x22, -396      x15:000001f3 x22:000001fb
27452518ns          490098 1c00955c 790020ef jal              x1, 10128            x1=1c009560
27452637ns          490104 1c00bcec f14027f3 csrrs            x15, x0, 0xf14      x15=00000003
27452717ns          490108 1c00bcf0 01f00713 addi             x14, x0, 31         x14=0000001f
27452756ns          490110 1c00bcf2 ca5797b3 p.extractu       x15, x15, 5, 5      x15=00000000 x15:00000003
27452776ns          490111 1c00bcf6 00e78863 beq              x15, x14, 16        x15:00000000 x14:0000001f
27452796ns          490112 1c00bcfa 002047b7 lui              x15, 0x204000       x15=00204000
27452856ns          490115 1c00bcfe 20078793 addi             x15, x15, 512       x15=00204200 x15:00204000
27452896ns          490117 1c00bd02 01c7e703 p.elw            x14, 28(x15)        x14=00010000 x15:00204200  PA:0020421c
27453413ns          490143 1c00bd06 00008067 jalr             x0, x1, 0            x1:1c009560
27453452ns          490145 1c009560 0ac12683 lw               x13, 172(x2)        x13=00000003  x2:10001cd8  PA:10001d84
27453492ns          490147 1c009562 28069ce3 bne              x13, x0, 2712       x13:00000003
27454566ns          490201 1c009ffa 4f3010ef jal              x1, 7410             x1=1c009ffe
27455063ns          490226 1c00bcec f14027f3 csrrs            x15, x0, 0xf14      x15=00000003
27455123ns          490229 1c00bcf0 01f00713 addi             x14, x0, 31         x14=0000001f
27455163ns          490231 1c00bcf2 ca5797b3 p.extractu       x15, x15, 5, 5      x15=00000000 x15:00000003
27455183ns          490232 1c00bcf6 00e78863 beq              x15, x14, 16        x15:00000000 x14:0000001f
27455203ns          490233 1c00bcfa 002047b7 lui              x15, 0x204000       x15=00204000
27455222ns          490234 1c00bcfe 20078793 addi             x15, x15, 512       x15=00204200 x15:00204000
27455242ns          490235 1c00bd02 01c7e703 p.elw            x14, 28(x15)        x14=00010000 x15:00204200  PA:0020421c
31727660ns          703650 1c00bd06 00008067 jalr             x0, x1, 0            x1:1c009ffe
31727700ns          703652 1c009ffe 00000493 addi             x9, x0, 0            x9=00000000
31727720ns          703653 1c00a000 4ed010ef jal              x1, 7404             x1=1c00a004
31727760ns          703655 1c00bcec f14027f3 csrrs            x15, x0, 0xf14      x15=00000003
31727780ns          703656 1c00bcf0 01f00713 addi             x14, x0, 31         x14=0000001f
31727800ns          703657 1c00bcf2 ca5797b3 p.extractu       x15, x15, 5, 5      x15=00000000 x15:00000003
31727820ns          703658 1c00bcf6 00e78863 beq              x15, x14, 16        x15:00000000 x14:0000001f
31727840ns          703659 1c00bcfa 002047b7 lui              x15, 0x204000       x15=00204000
31727860ns          703660 1c00bcfe 20078793 addi             x15, x15, 512       x15=00204200 x15:00204000
31727880ns          703661 1c00bd02 01c7e703 p.elw            x14, 28(x15)        x14=00010000 x15:00204200  PA:0020421c
31728402ns          703687 1c00bd06 00008067 jalr             x0, x1, 0            x1:1c00a004
31728442ns          703689 1c00a004 a4aff06f jal              x0, -3510          
31729365ns          703735 1c00924e 31c12083 lw               x1, 796(x2)          x1=1c00bbd0  x2:10001cd8  PA:10001ff4
31729405ns          703737 1c009252 31812403 lw               x8, 792(x2)          x8=xxxxxxxx  x2:10001cd8  PA:10001ff0
31729425ns          703738 1c009256 00900533 add              x10, x0, x9         x10=00000000  x9:00000000
31729445ns          703739 1c009258 31012903 lw               x18, 784(x2)        x18=xxxxxxxx  x2:10001cd8  PA:10001fe8
31729465ns          703740 1c00925c 31412483 lw               x9, 788(x2)          x9=xxxxxxxx  x2:10001cd8  PA:10001fec
31729887ns          703761 1c009260 30c12983 lw               x19, 780(x2)        x19=xxxxxxxx  x2:10001cd8  PA:10001fe4
31729927ns          703763 1c009264 30812a03 lw               x20, 776(x2)        x20=xxxxxxxx  x2:10001cd8  PA:10001fe0
31729947ns          703764 1c009268 30412a83 lw               x21, 772(x2)        x21=xxxxxxxx  x2:10001cd8  PA:10001fdc
31729967ns          703765 1c00926c 30012b03 lw               x22, 768(x2)        x22=xxxxxxxx  x2:10001cd8  PA:10001fd8
31730408ns          703787 1c009270 2fc12b83 lw               x23, 764(x2)        x23=xxxxxxxx  x2:10001cd8  PA:10001fd4
31730449ns          703789 1c009274 2f812c03 lw               x24, 760(x2)        x24=xxxxxxxx  x2:10001cd8  PA:10001fd0
31730469ns          703790 1c009278 2f412c83 lw               x25, 756(x2)        x25=xxxxxxxx  x2:10001cd8  PA:10001fcc
31730489ns          703791 1c00927c 2f012d03 lw               x26, 752(x2)        x26=xxxxxxxx  x2:10001cd8  PA:10001fc8
31730930ns          703813 1c009280 2ec12d83 lw               x27, 748(x2)        x27=xxxxxxxx  x2:10001cd8  PA:10001fc4
31730970ns          703815 1c009284 32010113 addi             x2, x2, 800          x2=10001ff8  x2:10001cd8
31730990ns          703816 1c009288 00008067 jalr             x0, x1, 0            x1:1c00bbd0
31731452ns          703839 1c00bbd0 f14027f3 csrrs            x15, x0, 0xf14      x15=00000003
31731492ns          703841 1c00bbd4 f457b7b3 p.bclr           x15, x15, 26, 5     x15=00000003 x15:00000003
31731512ns          703842 1c00bbd8 00079963 bne              x15, x0, 18         x15:00000003
31732034ns          703868 1c00bbea 002047b7 lui              x15, 0x204000       x15=00204000
31732475ns          703890 1c00bbee 00478713 addi             x14, x15, 4         x14=00204004 x15:00204000
31732495ns          703891 1c00bbf2 fff00693 addi             x13, x0, -1         x13=ffffffff
31732515ns          703892 1c00bbf4 00d72023 sw               x13, 0(x14)         x13:ffffffff x14:00204004  PA:00204004
